<?xml version="1.0" encoding="UTF-8"?>
<testsuite xmlns:xsi="http://www.w3.org/2001/XMLSchema-instance" xsi:noNamespaceSchemaLocation="https://maven.apache.org/surefire/maven-surefire-plugin/xsd/surefire-test-report.xsd" name="org.apache.hadoop.ozone.freon.TestRandomKeyGenerator" time="120.595" tests="5" errors="1" skipped="0" failures="0">
  <properties>
    <property name="awt.toolkit" value="sun.awt.X11.XToolkit"/>
    <property name="file.encoding.pkg" value="sun.io"/>
    <property name="java.specification.version" value="1.8"/>
    <property name="sun.cpu.isalist" value=""/>
    <property name="sun.jnu.encoding" value="UTF-8"/>
    <property name="java.class.path" value="/tmp/workdir/hadoop-ozone/tools/target/test-classes:/tmp/workdir/hadoop-ozone/tools/target/classes:/tmp/workdir/hadoop-ozone/ozone-manager/target/classes:/tmp/workdir/hadoop-hdds/docs/target/classes:/home/user/.m2/repository/org/bouncycastle/bcprov-jdk15on/1.60/bcprov-jdk15on-1.60.jar:/tmp/workdir/hadoop-ozone/common/target/classes:/home/user/.m2/repository/org/apache/commons/commons-compress/1.4.1/commons-compress-1.4.1.jar:/home/user/.m2/repository/org/tukaani/xz/1.0/xz-1.0.jar:/home/user/.m2/repository/org/apache/hadoop/hadoop-hdfs-client/3.2.0/hadoop-hdfs-client-3.2.0.jar:/home/user/.m2/repository/com/fasterxml/jackson/core/jackson-annotations/2.9.5/jackson-annotations-2.9.5.jar:/tmp/workdir/hadoop-hdds/common/target/classes:/tmp/workdir/hadoop-hdds/config/target/classes:/home/user/.m2/repository/javax/annotation/javax.annotation-api/1.2/javax.annotation-api-1.2.jar:/home/user/.m2/repository/org/apache/ratis/ratis-server/0.4.0-2337318-SNAPSHOT/ratis-server-0.4.0-2337318-SNAPSHOT.jar:/home/user/.m2/repository/org/apache/ratis/ratis-thirdparty-misc/0.2.0/ratis-thirdparty-misc-0.2.0.jar:/home/user/.m2/repository/org/apache/ratis/ratis-proto/0.4.0-2337318-SNAPSHOT/ratis-proto-0.4.0-2337318-SNAPSHOT.jar:/home/user/.m2/repository/org/apache/ratis/ratis-common/0.4.0-2337318-SNAPSHOT/ratis-common-0.4.0-2337318-SNAPSHOT.jar:/home/user/.m2/repository/org/apache/ratis/ratis-client/0.4.0-2337318-SNAPSHOT/ratis-client-0.4.0-2337318-SNAPSHOT.jar:/home/user/.m2/repository/org/apache/ratis/ratis-metrics/0.4.0-2337318-SNAPSHOT/ratis-metrics-0.4.0-2337318-SNAPSHOT.jar:/home/user/.m2/repository/org/apache/ratis/ratis-netty/0.4.0-2337318-SNAPSHOT/ratis-netty-0.4.0-2337318-SNAPSHOT.jar:/home/user/.m2/repository/org/apache/ratis/ratis-grpc/0.4.0-2337318-SNAPSHOT/ratis-grpc-0.4.0-2337318-SNAPSHOT.jar:/home/user/.m2/repository/org/rocksdb/rocksdbjni/6.0.1/rocksdbjni-6.0.1.jar:/home/user/.m2/repository/org/apache/logging/log4j/log4j-api/2.11.0/log4j-api-2.11.0.jar:/home/user/.m2/repository/org/apache/logging/log4j/log4j-core/2.11.0/log4j-core-2.11.0.jar:/home/user/.m2/repository/com/lmax/disruptor/3.4.2/disruptor-3.4.2.jar:/home/user/.m2/repository/org/apache/commons/commons-pool2/2.6.0/commons-pool2-2.6.0.jar:/home/user/.m2/repository/org/bouncycastle/bcpkix-jdk15on/1.60/bcpkix-jdk15on-1.60.jar:/home/user/.m2/repository/commons-validator/commons-validator/1.6/commons-validator-1.6.jar:/home/user/.m2/repository/commons-digester/commons-digester/1.8.1/commons-digester-1.8.1.jar:/home/user/.m2/repository/io/jaegertracing/jaeger-client/0.33.1/jaeger-client-0.33.1.jar:/home/user/.m2/repository/io/jaegertracing/jaeger-thrift/0.33.1/jaeger-thrift-0.33.1.jar:/home/user/.m2/repository/org/apache/thrift/libthrift/0.11.0/libthrift-0.11.0.jar:/home/user/.m2/repository/com/squareup/okhttp3/okhttp/3.9.0/okhttp-3.9.0.jar:/home/user/.m2/repository/com/squareup/okio/okio/1.13.0/okio-1.13.0.jar:/home/user/.m2/repository/io/jaegertracing/jaeger-core/0.33.1/jaeger-core-0.33.1.jar:/home/user/.m2/repository/io/jaegertracing/jaeger-tracerresolver/0.33.1/jaeger-tracerresolver-0.33.1.jar:/home/user/.m2/repository/io/opentracing/contrib/opentracing-tracerresolver/0.1.5/opentracing-tracerresolver-0.1.5.jar:/home/user/.m2/repository/io/opentracing/opentracing-util/0.31.0/opentracing-util-0.31.0.jar:/home/user/.m2/repository/io/opentracing/opentracing-api/0.31.0/opentracing-api-0.31.0.jar:/home/user/.m2/repository/io/opentracing/opentracing-noop/0.31.0/opentracing-noop-0.31.0.jar:/home/user/.m2/repository/org/yaml/snakeyaml/1.16/snakeyaml-1.16.jar:/tmp/workdir/hadoop-hdds/container-service/target/classes:/tmp/workdir/hadoop-hdds/client/target/classes:/tmp/workdir/hadoop-hdds/tools/target/classes:/home/user/.m2/repository/org/xerial/sqlite-jdbc/3.25.2/sqlite-jdbc-3.25.2.jar:/tmp/workdir/hadoop-hdds/server-scm/target/classes:/home/user/.m2/repository/org/hamcrest/hamcrest-all/1.3/hamcrest-all-1.3.jar:/home/user/.m2/repository/info/picocli/picocli/3.9.6/picocli-3.9.6.jar:/home/user/.m2/repository/com/google/protobuf/protobuf-java/2.5.0/protobuf-java-2.5.0.jar:/home/user/.m2/repository/com/google/guava/guava/11.0.2/guava-11.0.2.jar:/tmp/workdir/hadoop-ozone/client/target/classes:/home/user/.m2/repository/org/apache/hadoop/hadoop-ozone-filesystem/0.5.0-SNAPSHOT/hadoop-ozone-filesystem-0.5.0-SNAPSHOT.jar:/tmp/workdir/hadoop-hdds/framework/target/classes:/home/user/.m2/repository/org/apache/hadoop/hadoop-common/3.2.0/hadoop-common-3.2.0.jar:/home/user/.m2/repository/org/apache/hadoop/hadoop-annotations/3.2.0/hadoop-annotations-3.2.0.jar:/usr/lib/jvm/java-1.8-openjdk/jre/../lib/tools.jar:/home/user/.m2/repository/commons-cli/commons-cli/1.2/commons-cli-1.2.jar:/home/user/.m2/repository/org/apache/commons/commons-math3/3.1.1/commons-math3-3.1.1.jar:/home/user/.m2/repository/org/apache/httpcomponents/httpclient/4.5.2/httpclient-4.5.2.jar:/home/user/.m2/repository/org/apache/httpcomponents/httpcore/4.4.4/httpcore-4.4.4.jar:/home/user/.m2/repository/commons-codec/commons-codec/1.11/commons-codec-1.11.jar:/home/user/.m2/repository/commons-io/commons-io/2.5/commons-io-2.5.jar:/home/user/.m2/repository/commons-net/commons-net/3.6/commons-net-3.6.jar:/home/user/.m2/repository/commons-collections/commons-collections/3.2.2/commons-collections-3.2.2.jar:/home/user/.m2/repository/javax/servlet/javax.servlet-api/3.1.0/javax.servlet-api-3.1.0.jar:/home/user/.m2/repository/org/eclipse/jetty/jetty-server/9.3.24.v20180605/jetty-server-9.3.24.v20180605.jar:/home/user/.m2/repository/org/eclipse/jetty/jetty-http/9.3.24.v20180605/jetty-http-9.3.24.v20180605.jar:/home/user/.m2/repository/org/eclipse/jetty/jetty-io/9.3.24.v20180605/jetty-io-9.3.24.v20180605.jar:/home/user/.m2/repository/org/eclipse/jetty/jetty-util/9.3.24.v20180605/jetty-util-9.3.24.v20180605.jar:/home/user/.m2/repository/org/eclipse/jetty/jetty-servlet/9.3.24.v20180605/jetty-servlet-9.3.24.v20180605.jar:/home/user/.m2/repository/org/eclipse/jetty/jetty-security/9.3.24.v20180605/jetty-security-9.3.24.v20180605.jar:/home/user/.m2/repository/org/eclipse/jetty/jetty-webapp/9.3.24.v20180605/jetty-webapp-9.3.24.v20180605.jar:/home/user/.m2/repository/org/eclipse/jetty/jetty-xml/9.3.24.v20180605/jetty-xml-9.3.24.v20180605.jar:/home/user/.m2/repository/javax/servlet/jsp/jsp-api/2.1/jsp-api-2.1.jar:/home/user/.m2/repository/com/sun/jersey/jersey-core/1.19/jersey-core-1.19.jar:/home/user/.m2/repository/javax/ws/rs/jsr311-api/1.1.1/jsr311-api-1.1.1.jar:/home/user/.m2/repository/com/sun/jersey/jersey-servlet/1.19/jersey-servlet-1.19.jar:/home/user/.m2/repository/com/sun/jersey/jersey-json/1.19/jersey-json-1.19.jar:/home/user/.m2/repository/org/codehaus/jettison/jettison/1.1/jettison-1.1.jar:/home/user/.m2/repository/com/sun/xml/bind/jaxb-impl/2.3.0.1/jaxb-impl-2.3.0.1.jar:/home/user/.m2/repository/org/codehaus/jackson/jackson-core-asl/1.9.13/jackson-core-asl-1.9.13.jar:/home/user/.m2/repository/org/codehaus/jackson/jackson-mapper-asl/1.9.13/jackson-mapper-asl-1.9.13.jar:/home/user/.m2/repository/org/codehaus/jackson/jackson-jaxrs/1.9.13/jackson-jaxrs-1.9.13.jar:/home/user/.m2/repository/org/codehaus/jackson/jackson-xc/1.9.13/jackson-xc-1.9.13.jar:/home/user/.m2/repository/com/sun/jersey/jersey-server/1.19/jersey-server-1.19.jar:/home/user/.m2/repository/commons-logging/commons-logging/1.1.3/commons-logging-1.1.3.jar:/home/user/.m2/repository/log4j/log4j/1.2.17/log4j-1.2.17.jar:/home/user/.m2/repository/commons-beanutils/commons-beanutils/1.9.3/commons-beanutils-1.9.3.jar:/home/user/.m2/repository/org/apache/commons/commons-configuration2/2.1.1/commons-configuration2-2.1.1.jar:/home/user/.m2/repository/org/apache/commons/commons-lang3/3.7/commons-lang3-3.7.jar:/home/user/.m2/repository/org/apache/commons/commons-text/1.4/commons-text-1.4.jar:/home/user/.m2/repository/org/slf4j/slf4j-api/1.7.25/slf4j-api-1.7.25.jar:/home/user/.m2/repository/org/slf4j/slf4j-log4j12/1.7.25/slf4j-log4j12-1.7.25.jar:/home/user/.m2/repository/org/apache/avro/avro/1.7.7/avro-1.7.7.jar:/home/user/.m2/repository/com/thoughtworks/paranamer/paranamer/2.3/paranamer-2.3.jar:/home/user/.m2/repository/org/xerial/snappy/snappy-java/1.0.5/snappy-java-1.0.5.jar:/home/user/.m2/repository/com/google/re2j/re2j/1.1/re2j-1.1.jar:/home/user/.m2/repository/com/google/code/gson/gson/2.2.4/gson-2.2.4.jar:/home/user/.m2/repository/org/apache/hadoop/hadoop-auth/3.2.0/hadoop-auth-3.2.0.jar:/home/user/.m2/repository/com/nimbusds/nimbus-jose-jwt/4.41.1/nimbus-jose-jwt-4.41.1.jar:/home/user/.m2/repository/com/github/stephenc/jcip/jcip-annotations/1.0-1/jcip-annotations-1.0-1.jar:/home/user/.m2/repository/net/minidev/json-smart/2.3/json-smart-2.3.jar:/home/user/.m2/repository/net/minidev/accessors-smart/1.2/accessors-smart-1.2.jar:/home/user/.m2/repository/org/apache/curator/curator-framework/2.12.0/curator-framework-2.12.0.jar:/home/user/.m2/repository/com/jcraft/jsch/0.1.54/jsch-0.1.54.jar:/home/user/.m2/repository/org/apache/curator/curator-client/2.12.0/curator-client-2.12.0.jar:/home/user/.m2/repository/org/apache/curator/curator-recipes/2.12.0/curator-recipes-2.12.0.jar:/home/user/.m2/repository/com/google/code/findbugs/jsr305/3.0.0/jsr305-3.0.0.jar:/home/user/.m2/repository/org/apache/htrace/htrace-core4/4.1.0-incubating/htrace-core4-4.1.0-incubating.jar:/home/user/.m2/repository/org/apache/zookeeper/zookeeper/3.4.13/zookeeper-3.4.13.jar:/home/user/.m2/repository/org/apache/yetus/audience-annotations/0.5.0/audience-annotations-0.5.0.jar:/home/user/.m2/repository/org/apache/kerby/kerb-simplekdc/1.0.1/kerb-simplekdc-1.0.1.jar:/home/user/.m2/repository/org/apache/kerby/kerb-client/1.0.1/kerb-client-1.0.1.jar:/home/user/.m2/repository/org/apache/kerby/kerby-config/1.0.1/kerby-config-1.0.1.jar:/home/user/.m2/repository/org/apache/kerby/kerb-core/1.0.1/kerb-core-1.0.1.jar:/home/user/.m2/repository/org/apache/kerby/kerby-pkix/1.0.1/kerby-pkix-1.0.1.jar:/home/user/.m2/repository/org/apache/kerby/kerby-asn1/1.0.1/kerby-asn1-1.0.1.jar:/home/user/.m2/repository/org/apache/kerby/kerby-util/1.0.1/kerby-util-1.0.1.jar:/home/user/.m2/repository/org/apache/kerby/kerb-common/1.0.1/kerb-common-1.0.1.jar:/home/user/.m2/repository/org/apache/kerby/kerb-crypto/1.0.1/kerb-crypto-1.0.1.jar:/home/user/.m2/repository/org/apache/kerby/kerb-util/1.0.1/kerb-util-1.0.1.jar:/home/user/.m2/repository/org/apache/kerby/token-provider/1.0.1/token-provider-1.0.1.jar:/home/user/.m2/repository/org/apache/kerby/kerb-admin/1.0.1/kerb-admin-1.0.1.jar:/home/user/.m2/repository/org/apache/kerby/kerb-server/1.0.1/kerb-server-1.0.1.jar:/home/user/.m2/repository/org/apache/kerby/kerb-identity/1.0.1/kerb-identity-1.0.1.jar:/home/user/.m2/repository/org/apache/kerby/kerby-xdr/1.0.1/kerby-xdr-1.0.1.jar:/home/user/.m2/repository/com/fasterxml/jackson/core/jackson-databind/2.9.5/jackson-databind-2.9.5.jar:/home/user/.m2/repository/com/fasterxml/jackson/core/jackson-core/2.9.5/jackson-core-2.9.5.jar:/home/user/.m2/repository/org/codehaus/woodstox/stax2-api/3.1.4/stax2-api-3.1.4.jar:/home/user/.m2/repository/com/fasterxml/woodstox/woodstox-core/5.0.3/woodstox-core-5.0.3.jar:/home/user/.m2/repository/dnsjava/dnsjava/2.1.7/dnsjava-2.1.7.jar:/home/user/.m2/repository/org/apache/hadoop/hadoop-hdfs/3.2.0/hadoop-hdfs-3.2.0.jar:/home/user/.m2/repository/org/eclipse/jetty/jetty-util-ajax/9.3.24.v20180605/jetty-util-ajax-9.3.24.v20180605.jar:/home/user/.m2/repository/commons-daemon/commons-daemon/1.0.13/commons-daemon-1.0.13.jar:/home/user/.m2/repository/io/netty/netty/3.10.5.Final/netty-3.10.5.Final.jar:/home/user/.m2/repository/io/netty/netty-all/4.0.52.Final/netty-all-4.0.52.Final.jar:/home/user/.m2/repository/org/fusesource/leveldbjni/leveldbjni-all/1.8/leveldbjni-all-1.8.jar:/home/user/.m2/repository/com/sun/xml/bind/jaxb-core/2.3.0.1/jaxb-core-2.3.0.1.jar:/home/user/.m2/repository/javax/xml/bind/jaxb-api/2.3.0/jaxb-api-2.3.0.jar:/home/user/.m2/repository/javax/activation/activation/1.1.1/activation-1.1.1.jar:/home/user/.m2/repository/io/dropwizard/metrics/metrics-core/3.2.4/metrics-core-3.2.4.jar:/home/user/.m2/repository/org/openjdk/jmh/jmh-core/1.19/jmh-core-1.19.jar:/home/user/.m2/repository/net/sf/jopt-simple/jopt-simple/4.6/jopt-simple-4.6.jar:/home/user/.m2/repository/org/openjdk/jmh/jmh-generator-annprocess/1.19/jmh-generator-annprocess-1.19.jar:/home/user/.m2/repository/com/google/code/findbugs/findbugs/3.0.1/findbugs-3.0.1.jar:/home/user/.m2/repository/net/jcip/jcip-annotations/1.0/jcip-annotations-1.0.jar:/home/user/.m2/repository/com/google/code/findbugs/bcel-findbugs/6.0/bcel-findbugs-6.0.jar:/home/user/.m2/repository/com/google/code/findbugs/jFormatString/2.0.1/jFormatString-2.0.1.jar:/home/user/.m2/repository/dom4j/dom4j/1.6.1/dom4j-1.6.1.jar:/home/user/.m2/repository/xml-apis/xml-apis/1.0.b2/xml-apis-1.0.b2.jar:/home/user/.m2/repository/org/ow2/asm/asm-debug-all/5.0.2/asm-debug-all-5.0.2.jar:/home/user/.m2/repository/org/ow2/asm/asm-commons/5.0.2/asm-commons-5.0.2.jar:/home/user/.m2/repository/org/ow2/asm/asm-tree/5.0.2/asm-tree-5.0.2.jar:/home/user/.m2/repository/org/ow2/asm/asm/5.0.4/asm-5.0.4.jar:/home/user/.m2/repository/commons-lang/commons-lang/2.6/commons-lang-2.6.jar:/home/user/.m2/repository/com/apple/AppleJavaExtensions/1.4/AppleJavaExtensions-1.4.jar:/home/user/.m2/repository/jaxen/jaxen/1.1.6/jaxen-1.1.6.jar:/home/user/.m2/repository/junit/junit/4.11/junit-4.11.jar:/home/user/.m2/repository/org/hamcrest/hamcrest-core/1.3/hamcrest-core-1.3.jar:/home/user/.m2/repository/org/apache/hadoop/hadoop-common/3.2.0/hadoop-common-3.2.0-tests.jar:/home/user/.m2/repository/org/apache/hadoop/hadoop-ozone-integration-test/0.5.0-SNAPSHOT/hadoop-ozone-integration-test-0.5.0-SNAPSHOT-tests.jar:/tmp/workdir/hadoop-ozone/objectstore-service/target/classes:/tmp/workdir/hadoop-ozone/s3gateway/target/classes:/home/user/.m2/repository/org/jboss/weld/servlet/weld-servlet/2.4.7.Final/weld-servlet-2.4.7.Final.jar:/home/user/.m2/repository/org/glassfish/jersey/containers/jersey-container-servlet-core/2.27/jersey-container-servlet-core-2.27.jar:/home/user/.m2/repository/org/glassfish/hk2/external/javax.inject/2.5.0-b42/javax.inject-2.5.0-b42.jar:/home/user/.m2/repository/org/glassfish/jersey/core/jersey-common/2.27/jersey-common-2.27.jar:/home/user/.m2/repository/org/glassfish/hk2/osgi-resource-locator/1.0.1/osgi-resource-locator-1.0.1.jar:/home/user/.m2/repository/javax/ws/rs/javax.ws.rs-api/2.1/javax.ws.rs-api-2.1.jar:/home/user/.m2/repository/org/glassfish/jersey/ext/cdi/jersey-cdi1x/2.27/jersey-cdi1x-2.27.jar:/home/user/.m2/repository/org/glassfish/jersey/inject/jersey-hk2/2.27/jersey-hk2-2.27.jar:/home/user/.m2/repository/org/glassfish/hk2/hk2-locator/2.5.0-b42/hk2-locator-2.5.0-b42.jar:/home/user/.m2/repository/org/javassist/javassist/3.22.0-CR2/javassist-3.22.0-CR2.jar:/home/user/.m2/repository/org/glassfish/hk2/hk2-api/2.5.0/hk2-api-2.5.0.jar:/home/user/.m2/repository/org/glassfish/hk2/external/jakarta.inject/2.5.0/jakarta.inject-2.5.0.jar:/home/user/.m2/repository/org/glassfish/hk2/hk2-utils/2.5.0/hk2-utils-2.5.0.jar:/home/user/.m2/repository/jakarta/annotation/jakarta.annotation-api/1.3.4/jakarta.annotation-api-1.3.4.jar:/home/user/.m2/repository/org/glassfish/hk2/external/aopalliance-repackaged/2.5.0/aopalliance-repackaged-2.5.0.jar:/home/user/.m2/repository/com/fasterxml/jackson/dataformat/jackson-dataformat-xml/2.9.0/jackson-dataformat-xml-2.9.0.jar:/home/user/.m2/repository/com/fasterxml/jackson/module/jackson-module-jaxb-annotations/2.9.5/jackson-module-jaxb-annotations-2.9.5.jar:/home/user/.m2/repository/javax/enterprise/cdi-api/1.2/cdi-api-1.2.jar:/home/user/.m2/repository/javax/el/javax.el-api/3.0.0/javax.el-api-3.0.0.jar:/home/user/.m2/repository/javax/interceptor/javax.interceptor-api/1.2/javax.interceptor-api-1.2.jar:/home/user/.m2/repository/javax/inject/javax.inject/1/javax.inject-1.jar:/tmp/workdir/hadoop-ozone/csi/target/classes:/home/user/.m2/repository/com/google/protobuf/protobuf-java-util/3.5.1/protobuf-java-util-3.5.1.jar:/home/user/.m2/repository/io/grpc/grpc-netty/1.17.1/grpc-netty-1.17.1.jar:/home/user/.m2/repository/io/grpc/grpc-core/1.17.1/grpc-core-1.17.1.jar:/home/user/.m2/repository/io/grpc/grpc-context/1.17.1/grpc-context-1.17.1.jar:/home/user/.m2/repository/com/google/errorprone/error_prone_annotations/2.2.0/error_prone_annotations-2.2.0.jar:/home/user/.m2/repository/org/codehaus/mojo/animal-sniffer-annotations/1.17/animal-sniffer-annotations-1.17.jar:/home/user/.m2/repository/io/opencensus/opencensus-api/0.17.0/opencensus-api-0.17.0.jar:/home/user/.m2/repository/io/opencensus/opencensus-contrib-grpc-metrics/0.17.0/opencensus-contrib-grpc-metrics-0.17.0.jar:/home/user/.m2/repository/io/netty/netty-codec-http2/4.1.30.Final/netty-codec-http2-4.1.30.Final.jar:/home/user/.m2/repository/io/netty/netty-codec-http/4.1.30.Final/netty-codec-http-4.1.30.Final.jar:/home/user/.m2/repository/io/netty/netty-codec/4.1.30.Final/netty-codec-4.1.30.Final.jar:/home/user/.m2/repository/io/netty/netty-handler/4.1.30.Final/netty-handler-4.1.30.Final.jar:/home/user/.m2/repository/io/netty/netty-handler-proxy/4.1.30.Final/netty-handler-proxy-4.1.30.Final.jar:/home/user/.m2/repository/io/netty/netty-codec-socks/4.1.30.Final/netty-codec-socks-4.1.30.Final.jar:/home/user/.m2/repository/io/netty/netty-transport-native-epoll/4.1.30.Final/netty-transport-native-epoll-4.1.30.Final.jar:/home/user/.m2/repository/io/netty/netty-common/4.1.30.Final/netty-common-4.1.30.Final.jar:/home/user/.m2/repository/io/netty/netty-buffer/4.1.30.Final/netty-buffer-4.1.30.Final.jar:/home/user/.m2/repository/io/netty/netty-transport/4.1.30.Final/netty-transport-4.1.30.Final.jar:/home/user/.m2/repository/io/netty/netty-resolver/4.1.30.Final/netty-resolver-4.1.30.Final.jar:/home/user/.m2/repository/io/netty/netty-transport-native-unix-common/4.1.30.Final/netty-transport-native-unix-common-4.1.30.Final.jar:/home/user/.m2/repository/io/grpc/grpc-protobuf/1.17.1/grpc-protobuf-1.17.1.jar:/home/user/.m2/repository/com/google/api/grpc/proto-google-common-protos/1.0.0/proto-google-common-protos-1.0.0.jar:/home/user/.m2/repository/io/grpc/grpc-protobuf-lite/1.17.1/grpc-protobuf-lite-1.17.1.jar:/home/user/.m2/repository/io/grpc/grpc-stub/1.17.1/grpc-stub-1.17.1.jar:/tmp/workdir/hadoop-ozone/ozone-recon/target/classes:/tmp/workdir/hadoop-ozone/ozone-recon-codegen/target/classes:/home/user/.m2/repository/com/google/inject/extensions/guice-multibindings/4.0/guice-multibindings-4.0.jar:/home/user/.m2/repository/com/google/inject/guice/4.0/guice-4.0.jar:/home/user/.m2/repository/aopalliance/aopalliance/1.0/aopalliance-1.0.jar:/home/user/.m2/repository/com/google/inject/extensions/guice-servlet/4.0/guice-servlet-4.0.jar:/home/user/.m2/repository/org/glassfish/jersey/containers/jersey-container-servlet/2.27/jersey-container-servlet-2.27.jar:/home/user/.m2/repository/org/glassfish/hk2/guice-bridge/2.5.0/guice-bridge-2.5.0.jar:/home/user/.m2/repository/org/glassfish/jersey/core/jersey-server/2.27/jersey-server-2.27.jar:/home/user/.m2/repository/org/glassfish/jersey/core/jersey-client/2.27/jersey-client-2.27.jar:/home/user/.m2/repository/org/glassfish/jersey/media/jersey-media-jaxb/2.27/jersey-media-jaxb-2.27.jar:/home/user/.m2/repository/javax/validation/validation-api/1.1.0.Final/validation-api-1.1.0.Final.jar:/home/user/.m2/repository/org/glassfish/jersey/media/jersey-media-json-jackson/2.27/jersey-media-json-jackson-2.27.jar:/home/user/.m2/repository/org/glassfish/jersey/ext/jersey-entity-filtering/2.27/jersey-entity-filtering-2.27.jar:/home/user/.m2/repository/com/google/inject/extensions/guice-assistedinject/4.0/guice-assistedinject-4.0.jar:/home/user/.m2/repository/org/jooq/jooq/3.11.10/jooq-3.11.10.jar:/home/user/.m2/repository/org/jooq/jooq-meta/3.11.10/jooq-meta-3.11.10.jar:/home/user/.m2/repository/org/jooq/jooq-codegen/3.11.10/jooq-codegen-3.11.10.jar:/home/user/.m2/repository/com/jolbox/bonecp/0.8.0.RELEASE/bonecp-0.8.0.RELEASE.jar:/home/user/.m2/repository/org/springframework/spring-jdbc/5.1.3.RELEASE/spring-jdbc-5.1.3.RELEASE.jar:/home/user/.m2/repository/org/springframework/spring-beans/5.1.3.RELEASE/spring-beans-5.1.3.RELEASE.jar:/home/user/.m2/repository/org/springframework/spring-core/5.1.3.RELEASE/spring-core-5.1.3.RELEASE.jar:/home/user/.m2/repository/org/springframework/spring-jcl/5.1.3.RELEASE/spring-jcl-5.1.3.RELEASE.jar:/home/user/.m2/repository/org/springframework/spring-tx/5.1.3.RELEASE/spring-tx-5.1.3.RELEASE.jar:/home/user/.m2/repository/org/mockito/mockito-core/2.15.0/mockito-core-2.15.0.jar:/home/user/.m2/repository/net/bytebuddy/byte-buddy/1.7.9/byte-buddy-1.7.9.jar:/home/user/.m2/repository/net/bytebuddy/byte-buddy-agent/1.7.9/byte-buddy-agent-1.7.9.jar:/home/user/.m2/repository/org/objenesis/objenesis/1.0/objenesis-1.0.jar:"/>
    <property name="java.vm.vendor" value="IcedTea"/>
    <property name="sun.arch.data.model" value="64"/>
    <property name="test.build.dir" value="/tmp/workdir/hadoop-ozone/tools/target/test-dir"/>
    <property name="test.cache.data" value=""/>
    <property name="java.vendor.url" value="https://icedtea.classpath.org"/>
    <property name="user.timezone" value=""/>
    <property name="java.vm.specification.version" value="1.8"/>
    <property name="os.name" value="Linux"/>
    <property name="test.build.data" value="/tmp/workdir/hadoop-ozone/tools/target/test-dir"/>
    <property name="user.country" value="US"/>
    <property name="sun.java.launcher" value="SUN_STANDARD"/>
    <property name="sun.boot.library.path" value="/usr/lib/jvm/java-1.8-openjdk/jre/lib/amd64"/>
    <property name="sun.java.command" value="/tmp/workdir/hadoop-ozone/tools/target/surefire/surefirebooter2864532630116052829.jar /tmp/workdir/hadoop-ozone/tools/target/surefire 2019-07-09T16-13-31_459-jvmRun1 surefire5371339292344352525tmp surefire_1076826366795632088919tmp"/>
    <property name="surefire.test.class.path" value="/tmp/workdir/hadoop-ozone/tools/target/test-classes:/tmp/workdir/hadoop-ozone/tools/target/classes:/tmp/workdir/hadoop-ozone/ozone-manager/target/classes:/tmp/workdir/hadoop-hdds/docs/target/classes:/home/user/.m2/repository/org/bouncycastle/bcprov-jdk15on/1.60/bcprov-jdk15on-1.60.jar:/tmp/workdir/hadoop-ozone/common/target/classes:/home/user/.m2/repository/org/apache/commons/commons-compress/1.4.1/commons-compress-1.4.1.jar:/home/user/.m2/repository/org/tukaani/xz/1.0/xz-1.0.jar:/home/user/.m2/repository/org/apache/hadoop/hadoop-hdfs-client/3.2.0/hadoop-hdfs-client-3.2.0.jar:/home/user/.m2/repository/com/fasterxml/jackson/core/jackson-annotations/2.9.5/jackson-annotations-2.9.5.jar:/tmp/workdir/hadoop-hdds/common/target/classes:/tmp/workdir/hadoop-hdds/config/target/classes:/home/user/.m2/repository/javax/annotation/javax.annotation-api/1.2/javax.annotation-api-1.2.jar:/home/user/.m2/repository/org/apache/ratis/ratis-server/0.4.0-2337318-SNAPSHOT/ratis-server-0.4.0-2337318-SNAPSHOT.jar:/home/user/.m2/repository/org/apache/ratis/ratis-thirdparty-misc/0.2.0/ratis-thirdparty-misc-0.2.0.jar:/home/user/.m2/repository/org/apache/ratis/ratis-proto/0.4.0-2337318-SNAPSHOT/ratis-proto-0.4.0-2337318-SNAPSHOT.jar:/home/user/.m2/repository/org/apache/ratis/ratis-common/0.4.0-2337318-SNAPSHOT/ratis-common-0.4.0-2337318-SNAPSHOT.jar:/home/user/.m2/repository/org/apache/ratis/ratis-client/0.4.0-2337318-SNAPSHOT/ratis-client-0.4.0-2337318-SNAPSHOT.jar:/home/user/.m2/repository/org/apache/ratis/ratis-metrics/0.4.0-2337318-SNAPSHOT/ratis-metrics-0.4.0-2337318-SNAPSHOT.jar:/home/user/.m2/repository/org/apache/ratis/ratis-netty/0.4.0-2337318-SNAPSHOT/ratis-netty-0.4.0-2337318-SNAPSHOT.jar:/home/user/.m2/repository/org/apache/ratis/ratis-grpc/0.4.0-2337318-SNAPSHOT/ratis-grpc-0.4.0-2337318-SNAPSHOT.jar:/home/user/.m2/repository/org/rocksdb/rocksdbjni/6.0.1/rocksdbjni-6.0.1.jar:/home/user/.m2/repository/org/apache/logging/log4j/log4j-api/2.11.0/log4j-api-2.11.0.jar:/home/user/.m2/repository/org/apache/logging/log4j/log4j-core/2.11.0/log4j-core-2.11.0.jar:/home/user/.m2/repository/com/lmax/disruptor/3.4.2/disruptor-3.4.2.jar:/home/user/.m2/repository/org/apache/commons/commons-pool2/2.6.0/commons-pool2-2.6.0.jar:/home/user/.m2/repository/org/bouncycastle/bcpkix-jdk15on/1.60/bcpkix-jdk15on-1.60.jar:/home/user/.m2/repository/commons-validator/commons-validator/1.6/commons-validator-1.6.jar:/home/user/.m2/repository/commons-digester/commons-digester/1.8.1/commons-digester-1.8.1.jar:/home/user/.m2/repository/io/jaegertracing/jaeger-client/0.33.1/jaeger-client-0.33.1.jar:/home/user/.m2/repository/io/jaegertracing/jaeger-thrift/0.33.1/jaeger-thrift-0.33.1.jar:/home/user/.m2/repository/org/apache/thrift/libthrift/0.11.0/libthrift-0.11.0.jar:/home/user/.m2/repository/com/squareup/okhttp3/okhttp/3.9.0/okhttp-3.9.0.jar:/home/user/.m2/repository/com/squareup/okio/okio/1.13.0/okio-1.13.0.jar:/home/user/.m2/repository/io/jaegertracing/jaeger-core/0.33.1/jaeger-core-0.33.1.jar:/home/user/.m2/repository/io/jaegertracing/jaeger-tracerresolver/0.33.1/jaeger-tracerresolver-0.33.1.jar:/home/user/.m2/repository/io/opentracing/contrib/opentracing-tracerresolver/0.1.5/opentracing-tracerresolver-0.1.5.jar:/home/user/.m2/repository/io/opentracing/opentracing-util/0.31.0/opentracing-util-0.31.0.jar:/home/user/.m2/repository/io/opentracing/opentracing-api/0.31.0/opentracing-api-0.31.0.jar:/home/user/.m2/repository/io/opentracing/opentracing-noop/0.31.0/opentracing-noop-0.31.0.jar:/home/user/.m2/repository/org/yaml/snakeyaml/1.16/snakeyaml-1.16.jar:/tmp/workdir/hadoop-hdds/container-service/target/classes:/tmp/workdir/hadoop-hdds/client/target/classes:/tmp/workdir/hadoop-hdds/tools/target/classes:/home/user/.m2/repository/org/xerial/sqlite-jdbc/3.25.2/sqlite-jdbc-3.25.2.jar:/tmp/workdir/hadoop-hdds/server-scm/target/classes:/home/user/.m2/repository/org/hamcrest/hamcrest-all/1.3/hamcrest-all-1.3.jar:/home/user/.m2/repository/info/picocli/picocli/3.9.6/picocli-3.9.6.jar:/home/user/.m2/repository/com/google/protobuf/protobuf-java/2.5.0/protobuf-java-2.5.0.jar:/home/user/.m2/repository/com/google/guava/guava/11.0.2/guava-11.0.2.jar:/tmp/workdir/hadoop-ozone/client/target/classes:/home/user/.m2/repository/org/apache/hadoop/hadoop-ozone-filesystem/0.5.0-SNAPSHOT/hadoop-ozone-filesystem-0.5.0-SNAPSHOT.jar:/tmp/workdir/hadoop-hdds/framework/target/classes:/home/user/.m2/repository/org/apache/hadoop/hadoop-common/3.2.0/hadoop-common-3.2.0.jar:/home/user/.m2/repository/org/apache/hadoop/hadoop-annotations/3.2.0/hadoop-annotations-3.2.0.jar:/usr/lib/jvm/java-1.8-openjdk/jre/../lib/tools.jar:/home/user/.m2/repository/commons-cli/commons-cli/1.2/commons-cli-1.2.jar:/home/user/.m2/repository/org/apache/commons/commons-math3/3.1.1/commons-math3-3.1.1.jar:/home/user/.m2/repository/org/apache/httpcomponents/httpclient/4.5.2/httpclient-4.5.2.jar:/home/user/.m2/repository/org/apache/httpcomponents/httpcore/4.4.4/httpcore-4.4.4.jar:/home/user/.m2/repository/commons-codec/commons-codec/1.11/commons-codec-1.11.jar:/home/user/.m2/repository/commons-io/commons-io/2.5/commons-io-2.5.jar:/home/user/.m2/repository/commons-net/commons-net/3.6/commons-net-3.6.jar:/home/user/.m2/repository/commons-collections/commons-collections/3.2.2/commons-collections-3.2.2.jar:/home/user/.m2/repository/javax/servlet/javax.servlet-api/3.1.0/javax.servlet-api-3.1.0.jar:/home/user/.m2/repository/org/eclipse/jetty/jetty-server/9.3.24.v20180605/jetty-server-9.3.24.v20180605.jar:/home/user/.m2/repository/org/eclipse/jetty/jetty-http/9.3.24.v20180605/jetty-http-9.3.24.v20180605.jar:/home/user/.m2/repository/org/eclipse/jetty/jetty-io/9.3.24.v20180605/jetty-io-9.3.24.v20180605.jar:/home/user/.m2/repository/org/eclipse/jetty/jetty-util/9.3.24.v20180605/jetty-util-9.3.24.v20180605.jar:/home/user/.m2/repository/org/eclipse/jetty/jetty-servlet/9.3.24.v20180605/jetty-servlet-9.3.24.v20180605.jar:/home/user/.m2/repository/org/eclipse/jetty/jetty-security/9.3.24.v20180605/jetty-security-9.3.24.v20180605.jar:/home/user/.m2/repository/org/eclipse/jetty/jetty-webapp/9.3.24.v20180605/jetty-webapp-9.3.24.v20180605.jar:/home/user/.m2/repository/org/eclipse/jetty/jetty-xml/9.3.24.v20180605/jetty-xml-9.3.24.v20180605.jar:/home/user/.m2/repository/javax/servlet/jsp/jsp-api/2.1/jsp-api-2.1.jar:/home/user/.m2/repository/com/sun/jersey/jersey-core/1.19/jersey-core-1.19.jar:/home/user/.m2/repository/javax/ws/rs/jsr311-api/1.1.1/jsr311-api-1.1.1.jar:/home/user/.m2/repository/com/sun/jersey/jersey-servlet/1.19/jersey-servlet-1.19.jar:/home/user/.m2/repository/com/sun/jersey/jersey-json/1.19/jersey-json-1.19.jar:/home/user/.m2/repository/org/codehaus/jettison/jettison/1.1/jettison-1.1.jar:/home/user/.m2/repository/com/sun/xml/bind/jaxb-impl/2.3.0.1/jaxb-impl-2.3.0.1.jar:/home/user/.m2/repository/org/codehaus/jackson/jackson-core-asl/1.9.13/jackson-core-asl-1.9.13.jar:/home/user/.m2/repository/org/codehaus/jackson/jackson-mapper-asl/1.9.13/jackson-mapper-asl-1.9.13.jar:/home/user/.m2/repository/org/codehaus/jackson/jackson-jaxrs/1.9.13/jackson-jaxrs-1.9.13.jar:/home/user/.m2/repository/org/codehaus/jackson/jackson-xc/1.9.13/jackson-xc-1.9.13.jar:/home/user/.m2/repository/com/sun/jersey/jersey-server/1.19/jersey-server-1.19.jar:/home/user/.m2/repository/commons-logging/commons-logging/1.1.3/commons-logging-1.1.3.jar:/home/user/.m2/repository/log4j/log4j/1.2.17/log4j-1.2.17.jar:/home/user/.m2/repository/commons-beanutils/commons-beanutils/1.9.3/commons-beanutils-1.9.3.jar:/home/user/.m2/repository/org/apache/commons/commons-configuration2/2.1.1/commons-configuration2-2.1.1.jar:/home/user/.m2/repository/org/apache/commons/commons-lang3/3.7/commons-lang3-3.7.jar:/home/user/.m2/repository/org/apache/commons/commons-text/1.4/commons-text-1.4.jar:/home/user/.m2/repository/org/slf4j/slf4j-api/1.7.25/slf4j-api-1.7.25.jar:/home/user/.m2/repository/org/slf4j/slf4j-log4j12/1.7.25/slf4j-log4j12-1.7.25.jar:/home/user/.m2/repository/org/apache/avro/avro/1.7.7/avro-1.7.7.jar:/home/user/.m2/repository/com/thoughtworks/paranamer/paranamer/2.3/paranamer-2.3.jar:/home/user/.m2/repository/org/xerial/snappy/snappy-java/1.0.5/snappy-java-1.0.5.jar:/home/user/.m2/repository/com/google/re2j/re2j/1.1/re2j-1.1.jar:/home/user/.m2/repository/com/google/code/gson/gson/2.2.4/gson-2.2.4.jar:/home/user/.m2/repository/org/apache/hadoop/hadoop-auth/3.2.0/hadoop-auth-3.2.0.jar:/home/user/.m2/repository/com/nimbusds/nimbus-jose-jwt/4.41.1/nimbus-jose-jwt-4.41.1.jar:/home/user/.m2/repository/com/github/stephenc/jcip/jcip-annotations/1.0-1/jcip-annotations-1.0-1.jar:/home/user/.m2/repository/net/minidev/json-smart/2.3/json-smart-2.3.jar:/home/user/.m2/repository/net/minidev/accessors-smart/1.2/accessors-smart-1.2.jar:/home/user/.m2/repository/org/apache/curator/curator-framework/2.12.0/curator-framework-2.12.0.jar:/home/user/.m2/repository/com/jcraft/jsch/0.1.54/jsch-0.1.54.jar:/home/user/.m2/repository/org/apache/curator/curator-client/2.12.0/curator-client-2.12.0.jar:/home/user/.m2/repository/org/apache/curator/curator-recipes/2.12.0/curator-recipes-2.12.0.jar:/home/user/.m2/repository/com/google/code/findbugs/jsr305/3.0.0/jsr305-3.0.0.jar:/home/user/.m2/repository/org/apache/htrace/htrace-core4/4.1.0-incubating/htrace-core4-4.1.0-incubating.jar:/home/user/.m2/repository/org/apache/zookeeper/zookeeper/3.4.13/zookeeper-3.4.13.jar:/home/user/.m2/repository/org/apache/yetus/audience-annotations/0.5.0/audience-annotations-0.5.0.jar:/home/user/.m2/repository/org/apache/kerby/kerb-simplekdc/1.0.1/kerb-simplekdc-1.0.1.jar:/home/user/.m2/repository/org/apache/kerby/kerb-client/1.0.1/kerb-client-1.0.1.jar:/home/user/.m2/repository/org/apache/kerby/kerby-config/1.0.1/kerby-config-1.0.1.jar:/home/user/.m2/repository/org/apache/kerby/kerb-core/1.0.1/kerb-core-1.0.1.jar:/home/user/.m2/repository/org/apache/kerby/kerby-pkix/1.0.1/kerby-pkix-1.0.1.jar:/home/user/.m2/repository/org/apache/kerby/kerby-asn1/1.0.1/kerby-asn1-1.0.1.jar:/home/user/.m2/repository/org/apache/kerby/kerby-util/1.0.1/kerby-util-1.0.1.jar:/home/user/.m2/repository/org/apache/kerby/kerb-common/1.0.1/kerb-common-1.0.1.jar:/home/user/.m2/repository/org/apache/kerby/kerb-crypto/1.0.1/kerb-crypto-1.0.1.jar:/home/user/.m2/repository/org/apache/kerby/kerb-util/1.0.1/kerb-util-1.0.1.jar:/home/user/.m2/repository/org/apache/kerby/token-provider/1.0.1/token-provider-1.0.1.jar:/home/user/.m2/repository/org/apache/kerby/kerb-admin/1.0.1/kerb-admin-1.0.1.jar:/home/user/.m2/repository/org/apache/kerby/kerb-server/1.0.1/kerb-server-1.0.1.jar:/home/user/.m2/repository/org/apache/kerby/kerb-identity/1.0.1/kerb-identity-1.0.1.jar:/home/user/.m2/repository/org/apache/kerby/kerby-xdr/1.0.1/kerby-xdr-1.0.1.jar:/home/user/.m2/repository/com/fasterxml/jackson/core/jackson-databind/2.9.5/jackson-databind-2.9.5.jar:/home/user/.m2/repository/com/fasterxml/jackson/core/jackson-core/2.9.5/jackson-core-2.9.5.jar:/home/user/.m2/repository/org/codehaus/woodstox/stax2-api/3.1.4/stax2-api-3.1.4.jar:/home/user/.m2/repository/com/fasterxml/woodstox/woodstox-core/5.0.3/woodstox-core-5.0.3.jar:/home/user/.m2/repository/dnsjava/dnsjava/2.1.7/dnsjava-2.1.7.jar:/home/user/.m2/repository/org/apache/hadoop/hadoop-hdfs/3.2.0/hadoop-hdfs-3.2.0.jar:/home/user/.m2/repository/org/eclipse/jetty/jetty-util-ajax/9.3.24.v20180605/jetty-util-ajax-9.3.24.v20180605.jar:/home/user/.m2/repository/commons-daemon/commons-daemon/1.0.13/commons-daemon-1.0.13.jar:/home/user/.m2/repository/io/netty/netty/3.10.5.Final/netty-3.10.5.Final.jar:/home/user/.m2/repository/io/netty/netty-all/4.0.52.Final/netty-all-4.0.52.Final.jar:/home/user/.m2/repository/org/fusesource/leveldbjni/leveldbjni-all/1.8/leveldbjni-all-1.8.jar:/home/user/.m2/repository/com/sun/xml/bind/jaxb-core/2.3.0.1/jaxb-core-2.3.0.1.jar:/home/user/.m2/repository/javax/xml/bind/jaxb-api/2.3.0/jaxb-api-2.3.0.jar:/home/user/.m2/repository/javax/activation/activation/1.1.1/activation-1.1.1.jar:/home/user/.m2/repository/io/dropwizard/metrics/metrics-core/3.2.4/metrics-core-3.2.4.jar:/home/user/.m2/repository/org/openjdk/jmh/jmh-core/1.19/jmh-core-1.19.jar:/home/user/.m2/repository/net/sf/jopt-simple/jopt-simple/4.6/jopt-simple-4.6.jar:/home/user/.m2/repository/org/openjdk/jmh/jmh-generator-annprocess/1.19/jmh-generator-annprocess-1.19.jar:/home/user/.m2/repository/com/google/code/findbugs/findbugs/3.0.1/findbugs-3.0.1.jar:/home/user/.m2/repository/net/jcip/jcip-annotations/1.0/jcip-annotations-1.0.jar:/home/user/.m2/repository/com/google/code/findbugs/bcel-findbugs/6.0/bcel-findbugs-6.0.jar:/home/user/.m2/repository/com/google/code/findbugs/jFormatString/2.0.1/jFormatString-2.0.1.jar:/home/user/.m2/repository/dom4j/dom4j/1.6.1/dom4j-1.6.1.jar:/home/user/.m2/repository/xml-apis/xml-apis/1.0.b2/xml-apis-1.0.b2.jar:/home/user/.m2/repository/org/ow2/asm/asm-debug-all/5.0.2/asm-debug-all-5.0.2.jar:/home/user/.m2/repository/org/ow2/asm/asm-commons/5.0.2/asm-commons-5.0.2.jar:/home/user/.m2/repository/org/ow2/asm/asm-tree/5.0.2/asm-tree-5.0.2.jar:/home/user/.m2/repository/org/ow2/asm/asm/5.0.4/asm-5.0.4.jar:/home/user/.m2/repository/commons-lang/commons-lang/2.6/commons-lang-2.6.jar:/home/user/.m2/repository/com/apple/AppleJavaExtensions/1.4/AppleJavaExtensions-1.4.jar:/home/user/.m2/repository/jaxen/jaxen/1.1.6/jaxen-1.1.6.jar:/home/user/.m2/repository/junit/junit/4.11/junit-4.11.jar:/home/user/.m2/repository/org/hamcrest/hamcrest-core/1.3/hamcrest-core-1.3.jar:/home/user/.m2/repository/org/apache/hadoop/hadoop-common/3.2.0/hadoop-common-3.2.0-tests.jar:/home/user/.m2/repository/org/apache/hadoop/hadoop-ozone-integration-test/0.5.0-SNAPSHOT/hadoop-ozone-integration-test-0.5.0-SNAPSHOT-tests.jar:/tmp/workdir/hadoop-ozone/objectstore-service/target/classes:/tmp/workdir/hadoop-ozone/s3gateway/target/classes:/home/user/.m2/repository/org/jboss/weld/servlet/weld-servlet/2.4.7.Final/weld-servlet-2.4.7.Final.jar:/home/user/.m2/repository/org/glassfish/jersey/containers/jersey-container-servlet-core/2.27/jersey-container-servlet-core-2.27.jar:/home/user/.m2/repository/org/glassfish/hk2/external/javax.inject/2.5.0-b42/javax.inject-2.5.0-b42.jar:/home/user/.m2/repository/org/glassfish/jersey/core/jersey-common/2.27/jersey-common-2.27.jar:/home/user/.m2/repository/org/glassfish/hk2/osgi-resource-locator/1.0.1/osgi-resource-locator-1.0.1.jar:/home/user/.m2/repository/javax/ws/rs/javax.ws.rs-api/2.1/javax.ws.rs-api-2.1.jar:/home/user/.m2/repository/org/glassfish/jersey/ext/cdi/jersey-cdi1x/2.27/jersey-cdi1x-2.27.jar:/home/user/.m2/repository/org/glassfish/jersey/inject/jersey-hk2/2.27/jersey-hk2-2.27.jar:/home/user/.m2/repository/org/glassfish/hk2/hk2-locator/2.5.0-b42/hk2-locator-2.5.0-b42.jar:/home/user/.m2/repository/org/javassist/javassist/3.22.0-CR2/javassist-3.22.0-CR2.jar:/home/user/.m2/repository/org/glassfish/hk2/hk2-api/2.5.0/hk2-api-2.5.0.jar:/home/user/.m2/repository/org/glassfish/hk2/external/jakarta.inject/2.5.0/jakarta.inject-2.5.0.jar:/home/user/.m2/repository/org/glassfish/hk2/hk2-utils/2.5.0/hk2-utils-2.5.0.jar:/home/user/.m2/repository/jakarta/annotation/jakarta.annotation-api/1.3.4/jakarta.annotation-api-1.3.4.jar:/home/user/.m2/repository/org/glassfish/hk2/external/aopalliance-repackaged/2.5.0/aopalliance-repackaged-2.5.0.jar:/home/user/.m2/repository/com/fasterxml/jackson/dataformat/jackson-dataformat-xml/2.9.0/jackson-dataformat-xml-2.9.0.jar:/home/user/.m2/repository/com/fasterxml/jackson/module/jackson-module-jaxb-annotations/2.9.5/jackson-module-jaxb-annotations-2.9.5.jar:/home/user/.m2/repository/javax/enterprise/cdi-api/1.2/cdi-api-1.2.jar:/home/user/.m2/repository/javax/el/javax.el-api/3.0.0/javax.el-api-3.0.0.jar:/home/user/.m2/repository/javax/interceptor/javax.interceptor-api/1.2/javax.interceptor-api-1.2.jar:/home/user/.m2/repository/javax/inject/javax.inject/1/javax.inject-1.jar:/tmp/workdir/hadoop-ozone/csi/target/classes:/home/user/.m2/repository/com/google/protobuf/protobuf-java-util/3.5.1/protobuf-java-util-3.5.1.jar:/home/user/.m2/repository/io/grpc/grpc-netty/1.17.1/grpc-netty-1.17.1.jar:/home/user/.m2/repository/io/grpc/grpc-core/1.17.1/grpc-core-1.17.1.jar:/home/user/.m2/repository/io/grpc/grpc-context/1.17.1/grpc-context-1.17.1.jar:/home/user/.m2/repository/com/google/errorprone/error_prone_annotations/2.2.0/error_prone_annotations-2.2.0.jar:/home/user/.m2/repository/org/codehaus/mojo/animal-sniffer-annotations/1.17/animal-sniffer-annotations-1.17.jar:/home/user/.m2/repository/io/opencensus/opencensus-api/0.17.0/opencensus-api-0.17.0.jar:/home/user/.m2/repository/io/opencensus/opencensus-contrib-grpc-metrics/0.17.0/opencensus-contrib-grpc-metrics-0.17.0.jar:/home/user/.m2/repository/io/netty/netty-codec-http2/4.1.30.Final/netty-codec-http2-4.1.30.Final.jar:/home/user/.m2/repository/io/netty/netty-codec-http/4.1.30.Final/netty-codec-http-4.1.30.Final.jar:/home/user/.m2/repository/io/netty/netty-codec/4.1.30.Final/netty-codec-4.1.30.Final.jar:/home/user/.m2/repository/io/netty/netty-handler/4.1.30.Final/netty-handler-4.1.30.Final.jar:/home/user/.m2/repository/io/netty/netty-handler-proxy/4.1.30.Final/netty-handler-proxy-4.1.30.Final.jar:/home/user/.m2/repository/io/netty/netty-codec-socks/4.1.30.Final/netty-codec-socks-4.1.30.Final.jar:/home/user/.m2/repository/io/netty/netty-transport-native-epoll/4.1.30.Final/netty-transport-native-epoll-4.1.30.Final.jar:/home/user/.m2/repository/io/netty/netty-common/4.1.30.Final/netty-common-4.1.30.Final.jar:/home/user/.m2/repository/io/netty/netty-buffer/4.1.30.Final/netty-buffer-4.1.30.Final.jar:/home/user/.m2/repository/io/netty/netty-transport/4.1.30.Final/netty-transport-4.1.30.Final.jar:/home/user/.m2/repository/io/netty/netty-resolver/4.1.30.Final/netty-resolver-4.1.30.Final.jar:/home/user/.m2/repository/io/netty/netty-transport-native-unix-common/4.1.30.Final/netty-transport-native-unix-common-4.1.30.Final.jar:/home/user/.m2/repository/io/grpc/grpc-protobuf/1.17.1/grpc-protobuf-1.17.1.jar:/home/user/.m2/repository/com/google/api/grpc/proto-google-common-protos/1.0.0/proto-google-common-protos-1.0.0.jar:/home/user/.m2/repository/io/grpc/grpc-protobuf-lite/1.17.1/grpc-protobuf-lite-1.17.1.jar:/home/user/.m2/repository/io/grpc/grpc-stub/1.17.1/grpc-stub-1.17.1.jar:/tmp/workdir/hadoop-ozone/ozone-recon/target/classes:/tmp/workdir/hadoop-ozone/ozone-recon-codegen/target/classes:/home/user/.m2/repository/com/google/inject/extensions/guice-multibindings/4.0/guice-multibindings-4.0.jar:/home/user/.m2/repository/com/google/inject/guice/4.0/guice-4.0.jar:/home/user/.m2/repository/aopalliance/aopalliance/1.0/aopalliance-1.0.jar:/home/user/.m2/repository/com/google/inject/extensions/guice-servlet/4.0/guice-servlet-4.0.jar:/home/user/.m2/repository/org/glassfish/jersey/containers/jersey-container-servlet/2.27/jersey-container-servlet-2.27.jar:/home/user/.m2/repository/org/glassfish/hk2/guice-bridge/2.5.0/guice-bridge-2.5.0.jar:/home/user/.m2/repository/org/glassfish/jersey/core/jersey-server/2.27/jersey-server-2.27.jar:/home/user/.m2/repository/org/glassfish/jersey/core/jersey-client/2.27/jersey-client-2.27.jar:/home/user/.m2/repository/org/glassfish/jersey/media/jersey-media-jaxb/2.27/jersey-media-jaxb-2.27.jar:/home/user/.m2/repository/javax/validation/validation-api/1.1.0.Final/validation-api-1.1.0.Final.jar:/home/user/.m2/repository/org/glassfish/jersey/media/jersey-media-json-jackson/2.27/jersey-media-json-jackson-2.27.jar:/home/user/.m2/repository/org/glassfish/jersey/ext/jersey-entity-filtering/2.27/jersey-entity-filtering-2.27.jar:/home/user/.m2/repository/com/google/inject/extensions/guice-assistedinject/4.0/guice-assistedinject-4.0.jar:/home/user/.m2/repository/org/jooq/jooq/3.11.10/jooq-3.11.10.jar:/home/user/.m2/repository/org/jooq/jooq-meta/3.11.10/jooq-meta-3.11.10.jar:/home/user/.m2/repository/org/jooq/jooq-codegen/3.11.10/jooq-codegen-3.11.10.jar:/home/user/.m2/repository/com/jolbox/bonecp/0.8.0.RELEASE/bonecp-0.8.0.RELEASE.jar:/home/user/.m2/repository/org/springframework/spring-jdbc/5.1.3.RELEASE/spring-jdbc-5.1.3.RELEASE.jar:/home/user/.m2/repository/org/springframework/spring-beans/5.1.3.RELEASE/spring-beans-5.1.3.RELEASE.jar:/home/user/.m2/repository/org/springframework/spring-core/5.1.3.RELEASE/spring-core-5.1.3.RELEASE.jar:/home/user/.m2/repository/org/springframework/spring-jcl/5.1.3.RELEASE/spring-jcl-5.1.3.RELEASE.jar:/home/user/.m2/repository/org/springframework/spring-tx/5.1.3.RELEASE/spring-tx-5.1.3.RELEASE.jar:/home/user/.m2/repository/org/mockito/mockito-core/2.15.0/mockito-core-2.15.0.jar:/home/user/.m2/repository/net/bytebuddy/byte-buddy/1.7.9/byte-buddy-1.7.9.jar:/home/user/.m2/repository/net/bytebuddy/byte-buddy-agent/1.7.9/byte-buddy-agent-1.7.9.jar:/home/user/.m2/repository/org/objenesis/objenesis/1.0/objenesis-1.0.jar:"/>
    <property name="sun.cpu.endian" value="little"/>
    <property name="user.home" value="/home/user"/>
    <property name="user.language" value="en"/>
    <property name="java.specification.vendor" value="Oracle Corporation"/>
    <property name="java.home" value="/usr/lib/jvm/java-1.8-openjdk/jre"/>
    <property name="java.security.krb5.conf" value="/tmp/workdir/hadoop-ozone/tools/target/test-classes/krb5.conf"/>
    <property name="basedir" value="/tmp/workdir/hadoop-ozone/tools"/>
    <property name="file.separator" value="/"/>
    <property name="line.separator" value="&#10;"/>
    <property name="java.vm.specification.vendor" value="Oracle Corporation"/>
    <property name="java.specification.name" value="Java Platform API Specification"/>
    <property name="java.awt.graphicsenv" value="sun.awt.X11GraphicsEnvironment"/>
    <property name="surefire.real.class.path" value="/tmp/workdir/hadoop-ozone/tools/target/surefire/surefirebooter2864532630116052829.jar"/>
    <property name="hadoop.log.dir" value="/tmp/workdir/hadoop-ozone/tools/target/log"/>
    <property name="sun.boot.class.path" value="/usr/lib/jvm/java-1.8-openjdk/jre/lib/resources.jar:/usr/lib/jvm/java-1.8-openjdk/jre/lib/rt.jar:/usr/lib/jvm/java-1.8-openjdk/jre/lib/sunrsasign.jar:/usr/lib/jvm/java-1.8-openjdk/jre/lib/jsse.jar:/usr/lib/jvm/java-1.8-openjdk/jre/lib/jce.jar:/usr/lib/jvm/java-1.8-openjdk/jre/lib/charsets.jar:/usr/lib/jvm/java-1.8-openjdk/jre/lib/jfr.jar:/usr/lib/jvm/java-1.8-openjdk/jre/classes"/>
    <property name="sun.management.compiler" value="HotSpot 64-Bit Tiered Compilers"/>
    <property name="java.runtime.version" value="1.8.0_212-b04"/>
    <property name="java.net.preferIPv4Stack" value="true"/>
    <property name="user.name" value="jenkins1000"/>
    <property name="path.separator" value=":"/>
    <property name="java.security.egd" value="file:///dev/urandom"/>
    <property name="os.version" value="3.10.0-957.12.2.el7.x86_64"/>
    <property name="java.endorsed.dirs" value="/usr/lib/jvm/java-1.8-openjdk/jre/lib/endorsed"/>
    <property name="java.runtime.name" value="OpenJDK Runtime Environment"/>
    <property name="file.encoding" value="UTF-8"/>
    <property name="java.vm.name" value="OpenJDK 64-Bit Server VM"/>
    <property name="test.build.webapps" value=""/>
    <property name="localRepository" value="/home/user/.m2/repository"/>
    <property name="java.vendor.url.bug" value="https://icedtea.classpath.org/bugzilla"/>
    <property name="java.io.tmpdir" value="/tmp"/>
    <property name="require.test.libhadoop" value=""/>
    <property name="java.version" value="1.8.0_212"/>
    <property name="user.dir" value="/tmp/workdir/hadoop-ozone/tools"/>
    <property name="os.arch" value="amd64"/>
    <property name="java.vm.specification.name" value="Java Virtual Machine Specification"/>
    <property name="test.build.classes" value="/tmp/workdir/hadoop-ozone/tools/target/test-classes"/>
    <property name="java.awt.printerjob" value="sun.print.PSPrinterJob"/>
    <property name="sun.os.patch.level" value="unknown"/>
    <property name="hadoop.tmp.dir" value="/tmp/workdir/hadoop-ozone/tools/target/tmp"/>
    <property name="java.library.path" value="/usr/lib/jvm/java-1.8-openjdk/jre/lib/amd64/server:/usr/lib/jvm/java-1.8-openjdk/jre/lib/amd64:/usr/lib/jvm/java-1.8-openjdk/jre/../lib/amd64:/tmp/workdir/hadoop-ozone/tools/target/native/target/usr/local/lib:/tmp/workdir/hadoop-ozone/tools/../../hadoop-common-project/hadoop-common/target/native/target/usr/local/lib:/usr/java/packages/lib/amd64:/usr/lib64:/lib64:/lib:/usr/lib"/>
    <property name="java.vm.info" value="mixed mode"/>
    <property name="java.vendor" value="IcedTea"/>
    <property name="java.vm.version" value="25.212-b04"/>
    <property name="java.ext.dirs" value="/usr/lib/jvm/java-1.8-openjdk/jre/lib/ext:/usr/java/packages/lib/ext"/>
    <property name="sun.io.unicode.encoding" value="UnicodeLittle"/>
    <property name="java.class.version" value="52.0"/>
  </properties>
  <testcase name="ratisTest3" classname="org.apache.hadoop.ozone.freon.TestRandomKeyGenerator" time="5.345"/>
  <testcase name="testThreadPoolSize" classname="org.apache.hadoop.ozone.freon.TestRandomKeyGenerator" time="5.034"/>
  <testcase name="defaultTest" classname="org.apache.hadoop.ozone.freon.TestRandomKeyGenerator" time="5.04"/>
  <testcase name="bigFileThan2GB" classname="org.apache.hadoop.ozone.freon.TestRandomKeyGenerator" time="86.577">
    <error message="Allocated 0 blocks. Requested 1 blocks" type="INTERNAL_ERROR org.apache.hadoop.ozone.om.exceptions.OMException">INTERNAL_ERROR org.apache.hadoop.ozone.om.exceptions.OMException: Allocated 0 blocks. Requested 1 blocks
	at org.apache.hadoop.ozone.om.protocolPB.OzoneManagerProtocolClientSideTranslatorPB.handleError(OzoneManagerProtocolClientSideTranslatorPB.java:720)
	at org.apache.hadoop.ozone.om.protocolPB.OzoneManagerProtocolClientSideTranslatorPB.allocateBlock(OzoneManagerProtocolClientSideTranslatorPB.java:752)
	at org.apache.hadoop.ozone.client.io.BlockOutputStreamEntryPool.allocateNewBlock(BlockOutputStreamEntryPool.java:248)
	at org.apache.hadoop.ozone.client.io.BlockOutputStreamEntryPool.allocateBlockIfNeeded(BlockOutputStreamEntryPool.java:296)
	at org.apache.hadoop.ozone.client.io.KeyOutputStream.handleWrite(KeyOutputStream.java:201)
	at org.apache.hadoop.ozone.client.io.KeyOutputStream.write(KeyOutputStream.java:193)
	at org.apache.hadoop.ozone.client.io.OzoneOutputStream.write(OzoneOutputStream.java:49)
	at org.apache.hadoop.ozone.freon.RandomKeyGenerator$KeyProcessor.run(RandomKeyGenerator.java:693)
	at java.util.concurrent.Executors$RunnableAdapter.call(Executors.java:511)
	at java.util.concurrent.FutureTask.run(FutureTask.java:266)
	at java.util.concurrent.ThreadPoolExecutor.runWorker(ThreadPoolExecutor.java:1149)
	at java.util.concurrent.ThreadPoolExecutor$Worker.run(ThreadPoolExecutor.java:624)
	at java.lang.Thread.run(Thread.java:748)
</error>
    <system-out><![CDATA[2019-07-09 16:25:48,493 INFO  freon.RandomKeyGenerator (RandomKeyGenerator.java:call(262)) - Number of Threads: 1
2019-07-09 16:25:48,493 INFO  freon.RandomKeyGenerator (RandomKeyGenerator.java:call(267)) - Number of Volumes: 1.
2019-07-09 16:25:48,493 INFO  freon.RandomKeyGenerator (RandomKeyGenerator.java:call(268)) - Number of Buckets per Volume: 1.
2019-07-09 16:25:48,493 INFO  freon.RandomKeyGenerator (RandomKeyGenerator.java:call(269)) - Number of Keys per Bucket: 1.
2019-07-09 16:25:48,493 INFO  freon.RandomKeyGenerator (RandomKeyGenerator.java:call(270)) - Key size: 2147483657 bytes
2019-07-09 16:25:48,493 INFO  freon.RandomKeyGenerator (RandomKeyGenerator.java:call(271)) - Buffer size: 4096 bytes
2019-07-09 16:25:48,495 INFO  rpc.RpcClient (RpcClient.java:createVolume(289)) - Creating Volume: vol-0-92322, with jenkins1000 as owner.
2019-07-09 16:25:48,495 INFO  freon.RandomKeyGenerator (RandomKeyGenerator.java:call(286)) - Data validation is enabled.
2019-07-09 16:25:48,495 INFO  freon.RandomKeyGenerator (RandomKeyGenerator.java:call(299)) - Starting progress bar Thread.

 0.00% |█                                                                                                    |  0/1 Time: 0:00:002019-07-09 16:25:48,503 INFO  rpc.RpcClient (RpcClient.java:createBucket(426)) - Creating Bucket: vol-0-92322/bucket-0-27267, with Versioning false and Storage Type set to DISK and Encryption set to false 
2019-07-09 16:25:48,585 INFO  client.GrpcClientProtocolClient (GrpcClientProtocolClient.java:onNext(255)) - client-0F1B900A64BD->0cc34542-3a00-466e-ae84-194b84d3af7b: receive RaftClientReply:client-0F1B900A64BD->0cc34542-3a00-466e-ae84-194b84d3af7b@group-432E83AF5B55, cid=599, FAILED org.apache.ratis.protocol.NotLeaderException: Server 0cc34542-3a00-466e-ae84-194b84d3af7b is not the leader (9bf35ae9-4da0-4371-87fa-54ea3ce1f280:192.168.157.254:45713). Request must be sent to leader., logIndex=0, commits[0cc34542-3a00-466e-ae84-194b84d3af7b:c705, d451d94d-57a0-4545-b387-d428f64e3f33:c705, 9bf35ae9-4da0-4371-87fa-54ea3ce1f280:c705]
2019-07-09 16:25:48,651 INFO  client.GrpcClientProtocolClient (GrpcClientProtocolClient.java:onNext(255)) - client-0F1B900A64BD->9bf35ae9-4da0-4371-87fa-54ea3ce1f280: receive RaftClientReply:client-0F1B900A64BD->9bf35ae9-4da0-4371-87fa-54ea3ce1f280@group-432E83AF5B55, cid=599, SUCCESS, logIndex=706, commits[9bf35ae9-4da0-4371-87fa-54ea3ce1f280:c706, 0cc34542-3a00-466e-ae84-194b84d3af7b:c705, d451d94d-57a0-4545-b387-d428f64e3f33:c705]
2019-07-09 16:25:48,675 INFO  client.GrpcClientProtocolClient (GrpcClientProtocolClient.java:onNext(255)) - client-0F1B900A64BD->9bf35ae9-4da0-4371-87fa-54ea3ce1f280: receive RaftClientReply:client-0F1B900A64BD->9bf35ae9-4da0-4371-87fa-54ea3ce1f280@group-432E83AF5B55, cid=600, SUCCESS, logIndex=708, commits[9bf35ae9-4da0-4371-87fa-54ea3ce1f280:c708, 0cc34542-3a00-466e-ae84-194b84d3af7b:c707, d451d94d-57a0-4545-b387-d428f64e3f33:c707]
2019-07-09 16:25:48,687 INFO  client.GrpcClientProtocolClient (GrpcClientProtocolClient.java:onNext(255)) - client-0F1B900A64BD->9bf35ae9-4da0-4371-87fa-54ea3ce1f280: receive RaftClientReply:client-0F1B900A64BD->9bf35ae9-4da0-4371-87fa-54ea3ce1f280@group-432E83AF5B55, cid=601, SUCCESS, logIndex=709, commits[9bf35ae9-4da0-4371-87fa-54ea3ce1f280:c711, 0cc34542-3a00-466e-ae84-194b84d3af7b:c707, d451d94d-57a0-4545-b387-d428f64e3f33:c708]
2019-07-09 16:25:48,689 INFO  client.GrpcClientProtocolClient (GrpcClientProtocolClient.java:onNext(255)) - client-0F1B900A64BD->9bf35ae9-4da0-4371-87fa-54ea3ce1f280: receive RaftClientReply:client-0F1B900A64BD->9bf35ae9-4da0-4371-87fa-54ea3ce1f280@group-432E83AF5B55, cid=602, SUCCESS, logIndex=710, commits[9bf35ae9-4da0-4371-87fa-54ea3ce1f280:c711, 0cc34542-3a00-466e-ae84-194b84d3af7b:c708, d451d94d-57a0-4545-b387-d428f64e3f33:c708]
2019-07-09 16:25:48,718 INFO  client.GrpcClientProtocolClient (GrpcClientProtocolClient.java:onNext(255)) - client-0F1B900A64BD->9bf35ae9-4da0-4371-87fa-54ea3ce1f280: receive RaftClientReply:client-0F1B900A64BD->9bf35ae9-4da0-4371-87fa-54ea3ce1f280@group-432E83AF5B55, cid=603, SUCCESS, logIndex=714, commits[9bf35ae9-4da0-4371-87fa-54ea3ce1f280:c715, 0cc34542-3a00-466e-ae84-194b84d3af7b:c713, d451d94d-57a0-4545-b387-d428f64e3f33:c713]
2019-07-09 16:25:48,719 INFO  client.GrpcClientProtocolClient (GrpcClientProtocolClient.java:onNext(255)) - client-0F1B900A64BD->9bf35ae9-4da0-4371-87fa-54ea3ce1f280: receive RaftClientReply:client-0F1B900A64BD->9bf35ae9-4da0-4371-87fa-54ea3ce1f280@group-432E83AF5B55, cid=604, SUCCESS, logIndex=715, commits[9bf35ae9-4da0-4371-87fa-54ea3ce1f280:c715, 0cc34542-3a00-466e-ae84-194b84d3af7b:c713, d451d94d-57a0-4545-b387-d428f64e3f33:c713]
2019-07-09 16:25:48,982 INFO  client.GrpcClientProtocolClient (GrpcClientProtocolClient.java:onNext(255)) - client-0F1B900A64BD->9bf35ae9-4da0-4371-87fa-54ea3ce1f280: receive RaftClientReply:client-0F1B900A64BD->9bf35ae9-4da0-4371-87fa-54ea3ce1f280@group-432E83AF5B55, cid=605, SUCCESS, logIndex=718, commits[9bf35ae9-4da0-4371-87fa-54ea3ce1f280:c719, 0cc34542-3a00-466e-ae84-194b84d3af7b:c715, d451d94d-57a0-4545-b387-d428f64e3f33:c715]
2019-07-09 16:25:48,983 INFO  client.GrpcClientProtocolClient (GrpcClientProtocolClient.java:onNext(255)) - client-0F1B900A64BD->9bf35ae9-4da0-4371-87fa-54ea3ce1f280: receive RaftClientReply:client-0F1B900A64BD->9bf35ae9-4da0-4371-87fa-54ea3ce1f280@group-432E83AF5B55, cid=606, SUCCESS, logIndex=719, commits[9bf35ae9-4da0-4371-87fa-54ea3ce1f280:c719, 0cc34542-3a00-466e-ae84-194b84d3af7b:c715, d451d94d-57a0-4545-b387-d428f64e3f33:c715]
2019-07-09 16:25:48,998 INFO  client.GrpcClientProtocolClient (GrpcClientProtocolClient.java:onNext(255)) - client-0F1B900A64BD->9bf35ae9-4da0-4371-87fa-54ea3ce1f280: receive RaftClientReply:client-0F1B900A64BD->9bf35ae9-4da0-4371-87fa-54ea3ce1f280@group-432E83AF5B55, cid=607, SUCCESS, logIndex=0, commits[9bf35ae9-4da0-4371-87fa-54ea3ce1f280:c721, 0cc34542-3a00-466e-ae84-194b84d3af7b:c719, d451d94d-57a0-4545-b387-d428f64e3f33:c719]
2019-07-09 16:25:49,026 INFO  client.GrpcClientProtocolClient (GrpcClientProtocolClient.java:onNext(255)) - client-0F1B900A64BD->9bf35ae9-4da0-4371-87fa-54ea3ce1f280: receive RaftClientReply:client-0F1B900A64BD->9bf35ae9-4da0-4371-87fa-54ea3ce1f280@group-432E83AF5B55, cid=608, SUCCESS, logIndex=722, commits[9bf35ae9-4da0-4371-87fa-54ea3ce1f280:c724, 0cc34542-3a00-466e-ae84-194b84d3af7b:c721, d451d94d-57a0-4545-b387-d428f64e3f33:c721]
2019-07-09 16:25:49,027 INFO  client.GrpcClientProtocolClient (GrpcClientProtocolClient.java:onNext(255)) - client-0F1B900A64BD->9bf35ae9-4da0-4371-87fa-54ea3ce1f280: receive RaftClientReply:client-0F1B900A64BD->9bf35ae9-4da0-4371-87fa-54ea3ce1f280@group-432E83AF5B55, cid=609, SUCCESS, logIndex=723, commits[9bf35ae9-4da0-4371-87fa-54ea3ce1f280:c725, 0cc34542-3a00-466e-ae84-194b84d3af7b:c721, d451d94d-57a0-4545-b387-d428f64e3f33:c721]
2019-07-09 16:25:49,027 INFO  client.GrpcClientProtocolClient (GrpcClientProtocolClient.java:onNext(255)) - client-0F1B900A64BD->9bf35ae9-4da0-4371-87fa-54ea3ce1f280: receive RaftClientReply:client-0F1B900A64BD->9bf35ae9-4da0-4371-87fa-54ea3ce1f280@group-432E83AF5B55, cid=610, SUCCESS, logIndex=724, commits[9bf35ae9-4da0-4371-87fa-54ea3ce1f280:c725, 0cc34542-3a00-466e-ae84-194b84d3af7b:c721, d451d94d-57a0-4545-b387-d428f64e3f33:c721]
2019-07-09 16:25:49,028 INFO  client.GrpcClientProtocolClient (GrpcClientProtocolClient.java:onNext(255)) - client-0F1B900A64BD->9bf35ae9-4da0-4371-87fa-54ea3ce1f280: receive RaftClientReply:client-0F1B900A64BD->9bf35ae9-4da0-4371-87fa-54ea3ce1f280@group-432E83AF5B55, cid=611, SUCCESS, logIndex=725, commits[9bf35ae9-4da0-4371-87fa-54ea3ce1f280:c725, 0cc34542-3a00-466e-ae84-194b84d3af7b:c721, d451d94d-57a0-4545-b387-d428f64e3f33:c721]
2019-07-09 16:25:49,041 INFO  client.GrpcClientProtocolClient (GrpcClientProtocolClient.java:onNext(255)) - client-0F1B900A64BD->9bf35ae9-4da0-4371-87fa-54ea3ce1f280: receive RaftClientReply:client-0F1B900A64BD->9bf35ae9-4da0-4371-87fa-54ea3ce1f280@group-432E83AF5B55, cid=612, SUCCESS, logIndex=0, commits[9bf35ae9-4da0-4371-87fa-54ea3ce1f280:c727, 0cc34542-3a00-466e-ae84-194b84d3af7b:c724, d451d94d-57a0-4545-b387-d428f64e3f33:c724]
2019-07-09 16:25:49,065 INFO  client.GrpcClientProtocolClient (GrpcClientProtocolClient.java:onNext(255)) - client-0F1B900A64BD->9bf35ae9-4da0-4371-87fa-54ea3ce1f280: receive RaftClientReply:client-0F1B900A64BD->9bf35ae9-4da0-4371-87fa-54ea3ce1f280@group-432E83AF5B55, cid=613, SUCCESS, logIndex=730, commits[9bf35ae9-4da0-4371-87fa-54ea3ce1f280:c731, 0cc34542-3a00-466e-ae84-194b84d3af7b:c729, d451d94d-57a0-4545-b387-d428f64e3f33:c729]
2019-07-09 16:25:49,066 INFO  client.GrpcClientProtocolClient (GrpcClientProtocolClient.java:onNext(255)) - client-0F1B900A64BD->9bf35ae9-4da0-4371-87fa-54ea3ce1f280: receive RaftClientReply:client-0F1B900A64BD->9bf35ae9-4da0-4371-87fa-54ea3ce1f280@group-432E83AF5B55, cid=614, SUCCESS, logIndex=731, commits[9bf35ae9-4da0-4371-87fa-54ea3ce1f280:c731, 0cc34542-3a00-466e-ae84-194b84d3af7b:c729, d451d94d-57a0-4545-b387-d428f64e3f33:c729]
2019-07-09 16:25:49,091 INFO  client.GrpcClientProtocolClient (GrpcClientProtocolClient.java:onNext(255)) - client-0F1B900A64BD->9bf35ae9-4da0-4371-87fa-54ea3ce1f280: receive RaftClientReply:client-0F1B900A64BD->9bf35ae9-4da0-4371-87fa-54ea3ce1f280@group-432E83AF5B55, cid=615, SUCCESS, logIndex=734, commits[9bf35ae9-4da0-4371-87fa-54ea3ce1f280:c735, 0cc34542-3a00-466e-ae84-194b84d3af7b:c731, d451d94d-57a0-4545-b387-d428f64e3f33:c731]
2019-07-09 16:25:49,092 INFO  client.GrpcClientProtocolClient (GrpcClientProtocolClient.java:onNext(255)) - client-0F1B900A64BD->9bf35ae9-4da0-4371-87fa-54ea3ce1f280: receive RaftClientReply:client-0F1B900A64BD->9bf35ae9-4da0-4371-87fa-54ea3ce1f280@group-432E83AF5B55, cid=616, SUCCESS, logIndex=735, commits[9bf35ae9-4da0-4371-87fa-54ea3ce1f280:c735, 0cc34542-3a00-466e-ae84-194b84d3af7b:c731, d451d94d-57a0-4545-b387-d428f64e3f33:c731]
2019-07-09 16:25:49,103 INFO  client.GrpcClientProtocolClient (GrpcClientProtocolClient.java:onNext(255)) - client-0F1B900A64BD->9bf35ae9-4da0-4371-87fa-54ea3ce1f280: receive RaftClientReply:client-0F1B900A64BD->9bf35ae9-4da0-4371-87fa-54ea3ce1f280@group-432E83AF5B55, cid=617, SUCCESS, logIndex=0, commits[9bf35ae9-4da0-4371-87fa-54ea3ce1f280:c735, 0cc34542-3a00-466e-ae84-194b84d3af7b:c735, d451d94d-57a0-4545-b387-d428f64e3f33:c735]
2019-07-09 16:25:49,128 INFO  client.GrpcClientProtocolClient (GrpcClientProtocolClient.java:onNext(255)) - client-0F1B900A64BD->9bf35ae9-4da0-4371-87fa-54ea3ce1f280: receive RaftClientReply:client-0F1B900A64BD->9bf35ae9-4da0-4371-87fa-54ea3ce1f280@group-432E83AF5B55, cid=618, SUCCESS, logIndex=738, commits[9bf35ae9-4da0-4371-87fa-54ea3ce1f280:c740, 0cc34542-3a00-466e-ae84-194b84d3af7b:c737, d451d94d-57a0-4545-b387-d428f64e3f33:c737]
2019-07-09 16:25:49,128 INFO  client.GrpcClientProtocolClient (GrpcClientProtocolClient.java:onNext(255)) - client-0F1B900A64BD->9bf35ae9-4da0-4371-87fa-54ea3ce1f280: receive RaftClientReply:client-0F1B900A64BD->9bf35ae9-4da0-4371-87fa-54ea3ce1f280@group-432E83AF5B55, cid=619, SUCCESS, logIndex=739, commits[9bf35ae9-4da0-4371-87fa-54ea3ce1f280:c741, 0cc34542-3a00-466e-ae84-194b84d3af7b:c737, d451d94d-57a0-4545-b387-d428f64e3f33:c737]
2019-07-09 16:25:49,129 INFO  client.GrpcClientProtocolClient (GrpcClientProtocolClient.java:onNext(255)) - client-0F1B900A64BD->9bf35ae9-4da0-4371-87fa-54ea3ce1f280: receive RaftClientReply:client-0F1B900A64BD->9bf35ae9-4da0-4371-87fa-54ea3ce1f280@group-432E83AF5B55, cid=620, SUCCESS, logIndex=740, commits[9bf35ae9-4da0-4371-87fa-54ea3ce1f280:c741, 0cc34542-3a00-466e-ae84-194b84d3af7b:c737, d451d94d-57a0-4545-b387-d428f64e3f33:c737]
2019-07-09 16:25:49,129 INFO  client.GrpcClientProtocolClient (GrpcClientProtocolClient.java:onNext(255)) - client-0F1B900A64BD->9bf35ae9-4da0-4371-87fa-54ea3ce1f280: receive RaftClientReply:client-0F1B900A64BD->9bf35ae9-4da0-4371-87fa-54ea3ce1f280@group-432E83AF5B55, cid=621, SUCCESS, logIndex=741, commits[9bf35ae9-4da0-4371-87fa-54ea3ce1f280:c741, 0cc34542-3a00-466e-ae84-194b84d3af7b:c737, d451d94d-57a0-4545-b387-d428f64e3f33:c737]
2019-07-09 16:25:49,139 INFO  client.GrpcClientProtocolClient (GrpcClientProtocolClient.java:onNext(255)) - client-0F1B900A64BD->9bf35ae9-4da0-4371-87fa-54ea3ce1f280: receive RaftClientReply:client-0F1B900A64BD->9bf35ae9-4da0-4371-87fa-54ea3ce1f280@group-432E83AF5B55, cid=622, SUCCESS, logIndex=0, commits[9bf35ae9-4da0-4371-87fa-54ea3ce1f280:c742, 0cc34542-3a00-466e-ae84-194b84d3af7b:c739, d451d94d-57a0-4545-b387-d428f64e3f33:c739]
2019-07-09 16:25:49,161 INFO  client.GrpcClientProtocolClient (GrpcClientProtocolClient.java:onNext(255)) - client-0F1B900A64BD->9bf35ae9-4da0-4371-87fa-54ea3ce1f280: receive RaftClientReply:client-0F1B900A64BD->9bf35ae9-4da0-4371-87fa-54ea3ce1f280@group-432E83AF5B55, cid=623, SUCCESS, logIndex=746, commits[9bf35ae9-4da0-4371-87fa-54ea3ce1f280:c747, 0cc34542-3a00-466e-ae84-194b84d3af7b:c745, d451d94d-57a0-4545-b387-d428f64e3f33:c745]
2019-07-09 16:25:49,161 INFO  client.GrpcClientProtocolClient (GrpcClientProtocolClient.java:onNext(255)) - client-0F1B900A64BD->9bf35ae9-4da0-4371-87fa-54ea3ce1f280: receive RaftClientReply:client-0F1B900A64BD->9bf35ae9-4da0-4371-87fa-54ea3ce1f280@group-432E83AF5B55, cid=624, SUCCESS, logIndex=747, commits[9bf35ae9-4da0-4371-87fa-54ea3ce1f280:c747, 0cc34542-3a00-466e-ae84-194b84d3af7b:c745, d451d94d-57a0-4545-b387-d428f64e3f33:c745]
2019-07-09 16:25:49,182 INFO  client.GrpcClientProtocolClient (GrpcClientProtocolClient.java:onNext(255)) - client-0F1B900A64BD->9bf35ae9-4da0-4371-87fa-54ea3ce1f280: receive RaftClientReply:client-0F1B900A64BD->9bf35ae9-4da0-4371-87fa-54ea3ce1f280@group-432E83AF5B55, cid=625, SUCCESS, logIndex=750, commits[9bf35ae9-4da0-4371-87fa-54ea3ce1f280:c751, 0cc34542-3a00-466e-ae84-194b84d3af7b:c749, d451d94d-57a0-4545-b387-d428f64e3f33:c749]
2019-07-09 16:25:49,182 INFO  client.GrpcClientProtocolClient (GrpcClientProtocolClient.java:onNext(255)) - client-0F1B900A64BD->9bf35ae9-4da0-4371-87fa-54ea3ce1f280: receive RaftClientReply:client-0F1B900A64BD->9bf35ae9-4da0-4371-87fa-54ea3ce1f280@group-432E83AF5B55, cid=626, SUCCESS, logIndex=751, commits[9bf35ae9-4da0-4371-87fa-54ea3ce1f280:c751, 0cc34542-3a00-466e-ae84-194b84d3af7b:c749, d451d94d-57a0-4545-b387-d428f64e3f33:c749]
2019-07-09 16:25:49,184 INFO  client.GrpcClientProtocolClient (GrpcClientProtocolClient.java:onNext(255)) - client-0F1B900A64BD->9bf35ae9-4da0-4371-87fa-54ea3ce1f280: receive RaftClientReply:client-0F1B900A64BD->9bf35ae9-4da0-4371-87fa-54ea3ce1f280@group-432E83AF5B55, cid=627, SUCCESS, logIndex=0, commits[9bf35ae9-4da0-4371-87fa-54ea3ce1f280:c752, 0cc34542-3a00-466e-ae84-194b84d3af7b:c751, d451d94d-57a0-4545-b387-d428f64e3f33:c751]
2019-07-09 16:25:49,200 INFO  client.GrpcClientProtocolClient (GrpcClientProtocolClient.java:onNext(255)) - client-0F1B900A64BD->9bf35ae9-4da0-4371-87fa-54ea3ce1f280: receive RaftClientReply:client-0F1B900A64BD->9bf35ae9-4da0-4371-87fa-54ea3ce1f280@group-432E83AF5B55, cid=628, SUCCESS, logIndex=754, commits[9bf35ae9-4da0-4371-87fa-54ea3ce1f280:c757, 0cc34542-3a00-466e-ae84-194b84d3af7b:c753, d451d94d-57a0-4545-b387-d428f64e3f33:c753]
2019-07-09 16:25:49,202 INFO  client.GrpcClientProtocolClient (GrpcClientProtocolClient.java:onNext(255)) - client-0F1B900A64BD->9bf35ae9-4da0-4371-87fa-54ea3ce1f280: receive RaftClientReply:client-0F1B900A64BD->9bf35ae9-4da0-4371-87fa-54ea3ce1f280@group-432E83AF5B55, cid=629, SUCCESS, logIndex=755, commits[9bf35ae9-4da0-4371-87fa-54ea3ce1f280:c757, 0cc34542-3a00-466e-ae84-194b84d3af7b:c753, d451d94d-57a0-4545-b387-d428f64e3f33:c753]
2019-07-09 16:25:49,202 INFO  client.GrpcClientProtocolClient (GrpcClientProtocolClient.java:onNext(255)) - client-0F1B900A64BD->9bf35ae9-4da0-4371-87fa-54ea3ce1f280: receive RaftClientReply:client-0F1B900A64BD->9bf35ae9-4da0-4371-87fa-54ea3ce1f280@group-432E83AF5B55, cid=630, SUCCESS, logIndex=756, commits[9bf35ae9-4da0-4371-87fa-54ea3ce1f280:c757, 0cc34542-3a00-466e-ae84-194b84d3af7b:c753, d451d94d-57a0-4545-b387-d428f64e3f33:c753]
2019-07-09 16:25:49,203 INFO  client.GrpcClientProtocolClient (GrpcClientProtocolClient.java:onNext(255)) - client-0F1B900A64BD->9bf35ae9-4da0-4371-87fa-54ea3ce1f280: receive RaftClientReply:client-0F1B900A64BD->9bf35ae9-4da0-4371-87fa-54ea3ce1f280@group-432E83AF5B55, cid=631, SUCCESS, logIndex=757, commits[9bf35ae9-4da0-4371-87fa-54ea3ce1f280:c758, 0cc34542-3a00-466e-ae84-194b84d3af7b:c754, d451d94d-57a0-4545-b387-d428f64e3f33:c755]
2019-07-09 16:25:49,205 INFO  client.GrpcClientProtocolClient (GrpcClientProtocolClient.java:onNext(255)) - client-0F1B900A64BD->9bf35ae9-4da0-4371-87fa-54ea3ce1f280: receive RaftClientReply:client-0F1B900A64BD->9bf35ae9-4da0-4371-87fa-54ea3ce1f280@group-432E83AF5B55, cid=632, SUCCESS, logIndex=0, commits[9bf35ae9-4da0-4371-87fa-54ea3ce1f280:c761, 0cc34542-3a00-466e-ae84-194b84d3af7b:c755, d451d94d-57a0-4545-b387-d428f64e3f33:c757]
2019-07-09 16:25:49,220 INFO  client.GrpcClientProtocolClient (GrpcClientProtocolClient.java:onNext(255)) - client-0F1B900A64BD->9bf35ae9-4da0-4371-87fa-54ea3ce1f280: receive RaftClientReply:client-0F1B900A64BD->9bf35ae9-4da0-4371-87fa-54ea3ce1f280@group-432E83AF5B55, cid=633, SUCCESS, logIndex=762, commits[9bf35ae9-4da0-4371-87fa-54ea3ce1f280:c763, 0cc34542-3a00-466e-ae84-194b84d3af7b:c761, d451d94d-57a0-4545-b387-d428f64e3f33:c761]
2019-07-09 16:25:49,221 INFO  client.GrpcClientProtocolClient (GrpcClientProtocolClient.java:onNext(255)) - client-0F1B900A64BD->9bf35ae9-4da0-4371-87fa-54ea3ce1f280: receive RaftClientReply:client-0F1B900A64BD->9bf35ae9-4da0-4371-87fa-54ea3ce1f280@group-432E83AF5B55, cid=634, SUCCESS, logIndex=763, commits[9bf35ae9-4da0-4371-87fa-54ea3ce1f280:c763, 0cc34542-3a00-466e-ae84-194b84d3af7b:c761, d451d94d-57a0-4545-b387-d428f64e3f33:c761]
2019-07-09 16:25:49,235 INFO  client.GrpcClientProtocolClient (GrpcClientProtocolClient.java:onNext(255)) - client-0F1B900A64BD->9bf35ae9-4da0-4371-87fa-54ea3ce1f280: receive RaftClientReply:client-0F1B900A64BD->9bf35ae9-4da0-4371-87fa-54ea3ce1f280@group-432E83AF5B55, cid=635, SUCCESS, logIndex=766, commits[9bf35ae9-4da0-4371-87fa-54ea3ce1f280:c767, 0cc34542-3a00-466e-ae84-194b84d3af7b:c765, d451d94d-57a0-4545-b387-d428f64e3f33:c763]
2019-07-09 16:25:49,235 INFO  client.GrpcClientProtocolClient (GrpcClientProtocolClient.java:onNext(255)) - client-0F1B900A64BD->9bf35ae9-4da0-4371-87fa-54ea3ce1f280: receive RaftClientReply:client-0F1B900A64BD->9bf35ae9-4da0-4371-87fa-54ea3ce1f280@group-432E83AF5B55, cid=636, SUCCESS, logIndex=767, commits[9bf35ae9-4da0-4371-87fa-54ea3ce1f280:c767, 0cc34542-3a00-466e-ae84-194b84d3af7b:c765, d451d94d-57a0-4545-b387-d428f64e3f33:c763]
2019-07-09 16:25:49,237 INFO  client.GrpcClientProtocolClient (GrpcClientProtocolClient.java:onNext(255)) - client-0F1B900A64BD->9bf35ae9-4da0-4371-87fa-54ea3ce1f280: receive RaftClientReply:client-0F1B900A64BD->9bf35ae9-4da0-4371-87fa-54ea3ce1f280@group-432E83AF5B55, cid=637, SUCCESS, logIndex=0, commits[9bf35ae9-4da0-4371-87fa-54ea3ce1f280:c769, 0cc34542-3a00-466e-ae84-194b84d3af7b:c767, d451d94d-57a0-4545-b387-d428f64e3f33:c767]
2019-07-09 16:25:49,270 INFO  client.GrpcClientProtocolClient (GrpcClientProtocolClient.java:onNext(255)) - client-0F1B900A64BD->9bf35ae9-4da0-4371-87fa-54ea3ce1f280: receive RaftClientReply:client-0F1B900A64BD->9bf35ae9-4da0-4371-87fa-54ea3ce1f280@group-432E83AF5B55, cid=638, SUCCESS, logIndex=770, commits[9bf35ae9-4da0-4371-87fa-54ea3ce1f280:c772, 0cc34542-3a00-466e-ae84-194b84d3af7b:c769, d451d94d-57a0-4545-b387-d428f64e3f33:c769]
2019-07-09 16:25:49,271 INFO  client.GrpcClientProtocolClient (GrpcClientProtocolClient.java:onNext(255)) - client-0F1B900A64BD->9bf35ae9-4da0-4371-87fa-54ea3ce1f280: receive RaftClientReply:client-0F1B900A64BD->9bf35ae9-4da0-4371-87fa-54ea3ce1f280@group-432E83AF5B55, cid=639, SUCCESS, logIndex=771, commits[9bf35ae9-4da0-4371-87fa-54ea3ce1f280:c773, 0cc34542-3a00-466e-ae84-194b84d3af7b:c769, d451d94d-57a0-4545-b387-d428f64e3f33:c769]
2019-07-09 16:25:49,272 INFO  client.GrpcClientProtocolClient (GrpcClientProtocolClient.java:onNext(255)) - client-0F1B900A64BD->9bf35ae9-4da0-4371-87fa-54ea3ce1f280: receive RaftClientReply:client-0F1B900A64BD->9bf35ae9-4da0-4371-87fa-54ea3ce1f280@group-432E83AF5B55, cid=640, SUCCESS, logIndex=772, commits[9bf35ae9-4da0-4371-87fa-54ea3ce1f280:c773, 0cc34542-3a00-466e-ae84-194b84d3af7b:c769, d451d94d-57a0-4545-b387-d428f64e3f33:c769]
2019-07-09 16:25:49,272 INFO  client.GrpcClientProtocolClient (GrpcClientProtocolClient.java:onNext(255)) - client-0F1B900A64BD->9bf35ae9-4da0-4371-87fa-54ea3ce1f280: receive RaftClientReply:client-0F1B900A64BD->9bf35ae9-4da0-4371-87fa-54ea3ce1f280@group-432E83AF5B55, cid=641, SUCCESS, logIndex=773, commits[9bf35ae9-4da0-4371-87fa-54ea3ce1f280:c773, 0cc34542-3a00-466e-ae84-194b84d3af7b:c769, d451d94d-57a0-4545-b387-d428f64e3f33:c769]
2019-07-09 16:25:49,281 INFO  client.GrpcClientProtocolClient (GrpcClientProtocolClient.java:onNext(255)) - client-0F1B900A64BD->9bf35ae9-4da0-4371-87fa-54ea3ce1f280: receive RaftClientReply:client-0F1B900A64BD->9bf35ae9-4da0-4371-87fa-54ea3ce1f280@group-432E83AF5B55, cid=642, SUCCESS, logIndex=0, commits[9bf35ae9-4da0-4371-87fa-54ea3ce1f280:c775, 0cc34542-3a00-466e-ae84-194b84d3af7b:c771, d451d94d-57a0-4545-b387-d428f64e3f33:c771]
2019-07-09 16:25:49,306 INFO  client.GrpcClientProtocolClient (GrpcClientProtocolClient.java:onNext(255)) - client-0F1B900A64BD->9bf35ae9-4da0-4371-87fa-54ea3ce1f280: receive RaftClientReply:client-0F1B900A64BD->9bf35ae9-4da0-4371-87fa-54ea3ce1f280@group-432E83AF5B55, cid=643, SUCCESS, logIndex=778, commits[9bf35ae9-4da0-4371-87fa-54ea3ce1f280:c779, 0cc34542-3a00-466e-ae84-194b84d3af7b:c777, d451d94d-57a0-4545-b387-d428f64e3f33:c777]
2019-07-09 16:25:49,306 INFO  client.GrpcClientProtocolClient (GrpcClientProtocolClient.java:onNext(255)) - client-0F1B900A64BD->9bf35ae9-4da0-4371-87fa-54ea3ce1f280: receive RaftClientReply:client-0F1B900A64BD->9bf35ae9-4da0-4371-87fa-54ea3ce1f280@group-432E83AF5B55, cid=644, SUCCESS, logIndex=779, commits[9bf35ae9-4da0-4371-87fa-54ea3ce1f280:c779, 0cc34542-3a00-466e-ae84-194b84d3af7b:c777, d451d94d-57a0-4545-b387-d428f64e3f33:c777]
2019-07-09 16:25:49,385 INFO  client.GrpcClientProtocolClient (GrpcClientProtocolClient.java:onNext(255)) - client-0F1B900A64BD->9bf35ae9-4da0-4371-87fa-54ea3ce1f280: receive RaftClientReply:client-0F1B900A64BD->9bf35ae9-4da0-4371-87fa-54ea3ce1f280@group-432E83AF5B55, cid=645, SUCCESS, logIndex=782, commits[9bf35ae9-4da0-4371-87fa-54ea3ce1f280:c783, 0cc34542-3a00-466e-ae84-194b84d3af7b:c779, d451d94d-57a0-4545-b387-d428f64e3f33:c779]
2019-07-09 16:25:49,386 INFO  client.GrpcClientProtocolClient (GrpcClientProtocolClient.java:onNext(255)) - client-0F1B900A64BD->9bf35ae9-4da0-4371-87fa-54ea3ce1f280: receive RaftClientReply:client-0F1B900A64BD->9bf35ae9-4da0-4371-87fa-54ea3ce1f280@group-432E83AF5B55, cid=646, SUCCESS, logIndex=783, commits[9bf35ae9-4da0-4371-87fa-54ea3ce1f280:c783, 0cc34542-3a00-466e-ae84-194b84d3af7b:c779, d451d94d-57a0-4545-b387-d428f64e3f33:c779]
2019-07-09 16:25:49,397 INFO  client.GrpcClientProtocolClient (GrpcClientProtocolClient.java:onNext(255)) - client-0F1B900A64BD->9bf35ae9-4da0-4371-87fa-54ea3ce1f280: receive RaftClientReply:client-0F1B900A64BD->9bf35ae9-4da0-4371-87fa-54ea3ce1f280@group-432E83AF5B55, cid=647, SUCCESS, logIndex=0, commits[9bf35ae9-4da0-4371-87fa-54ea3ce1f280:c784, 0cc34542-3a00-466e-ae84-194b84d3af7b:c783, d451d94d-57a0-4545-b387-d428f64e3f33:c783]
2019-07-09 16:25:49,422 INFO  client.GrpcClientProtocolClient (GrpcClientProtocolClient.java:onNext(255)) - client-0F1B900A64BD->9bf35ae9-4da0-4371-87fa-54ea3ce1f280: receive RaftClientReply:client-0F1B900A64BD->9bf35ae9-4da0-4371-87fa-54ea3ce1f280@group-432E83AF5B55, cid=648, SUCCESS, logIndex=786, commits[9bf35ae9-4da0-4371-87fa-54ea3ce1f280:c787, 0cc34542-3a00-466e-ae84-194b84d3af7b:c785, d451d94d-57a0-4545-b387-d428f64e3f33:c785]
2019-07-09 16:25:49,423 INFO  client.GrpcClientProtocolClient (GrpcClientProtocolClient.java:onNext(255)) - client-0F1B900A64BD->9bf35ae9-4da0-4371-87fa-54ea3ce1f280: receive RaftClientReply:client-0F1B900A64BD->9bf35ae9-4da0-4371-87fa-54ea3ce1f280@group-432E83AF5B55, cid=649, SUCCESS, logIndex=787, commits[9bf35ae9-4da0-4371-87fa-54ea3ce1f280:c788, 0cc34542-3a00-466e-ae84-194b84d3af7b:c785, d451d94d-57a0-4545-b387-d428f64e3f33:c785]
2019-07-09 16:25:49,423 INFO  client.GrpcClientProtocolClient (GrpcClientProtocolClient.java:onNext(255)) - client-0F1B900A64BD->9bf35ae9-4da0-4371-87fa-54ea3ce1f280: receive RaftClientReply:client-0F1B900A64BD->9bf35ae9-4da0-4371-87fa-54ea3ce1f280@group-432E83AF5B55, cid=650, SUCCESS, logIndex=788, commits[9bf35ae9-4da0-4371-87fa-54ea3ce1f280:c789, 0cc34542-3a00-466e-ae84-194b84d3af7b:c785, d451d94d-57a0-4545-b387-d428f64e3f33:c785]
2019-07-09 16:25:49,424 INFO  client.GrpcClientProtocolClient (GrpcClientProtocolClient.java:onNext(255)) - client-0F1B900A64BD->9bf35ae9-4da0-4371-87fa-54ea3ce1f280: receive RaftClientReply:client-0F1B900A64BD->9bf35ae9-4da0-4371-87fa-54ea3ce1f280@group-432E83AF5B55, cid=651, SUCCESS, logIndex=789, commits[9bf35ae9-4da0-4371-87fa-54ea3ce1f280:c789, 0cc34542-3a00-466e-ae84-194b84d3af7b:c785, d451d94d-57a0-4545-b387-d428f64e3f33:c785]
2019-07-09 16:25:49,426 INFO  client.GrpcClientProtocolClient (GrpcClientProtocolClient.java:onNext(255)) - client-0F1B900A64BD->9bf35ae9-4da0-4371-87fa-54ea3ce1f280: receive RaftClientReply:client-0F1B900A64BD->9bf35ae9-4da0-4371-87fa-54ea3ce1f280@group-432E83AF5B55, cid=652, SUCCESS, logIndex=0, commits[9bf35ae9-4da0-4371-87fa-54ea3ce1f280:c791, 0cc34542-3a00-466e-ae84-194b84d3af7b:c787, d451d94d-57a0-4545-b387-d428f64e3f33:c787]
2019-07-09 16:25:49,443 INFO  client.GrpcClientProtocolClient (GrpcClientProtocolClient.java:onNext(255)) - client-0F1B900A64BD->9bf35ae9-4da0-4371-87fa-54ea3ce1f280: receive RaftClientReply:client-0F1B900A64BD->9bf35ae9-4da0-4371-87fa-54ea3ce1f280@group-432E83AF5B55, cid=653, SUCCESS, logIndex=794, commits[9bf35ae9-4da0-4371-87fa-54ea3ce1f280:c795, 0cc34542-3a00-466e-ae84-194b84d3af7b:c793, d451d94d-57a0-4545-b387-d428f64e3f33:c789]
2019-07-09 16:25:49,443 INFO  client.GrpcClientProtocolClient (GrpcClientProtocolClient.java:onNext(255)) - client-0F1B900A64BD->9bf35ae9-4da0-4371-87fa-54ea3ce1f280: receive RaftClientReply:client-0F1B900A64BD->9bf35ae9-4da0-4371-87fa-54ea3ce1f280@group-432E83AF5B55, cid=654, SUCCESS, logIndex=795, commits[9bf35ae9-4da0-4371-87fa-54ea3ce1f280:c795, 0cc34542-3a00-466e-ae84-194b84d3af7b:c793, d451d94d-57a0-4545-b387-d428f64e3f33:c793]
2019-07-09 16:25:49,459 INFO  client.GrpcClientProtocolClient (GrpcClientProtocolClient.java:onNext(255)) - client-0F1B900A64BD->9bf35ae9-4da0-4371-87fa-54ea3ce1f280: receive RaftClientReply:client-0F1B900A64BD->9bf35ae9-4da0-4371-87fa-54ea3ce1f280@group-432E83AF5B55, cid=655, SUCCESS, logIndex=798, commits[9bf35ae9-4da0-4371-87fa-54ea3ce1f280:c799, 0cc34542-3a00-466e-ae84-194b84d3af7b:c797, d451d94d-57a0-4545-b387-d428f64e3f33:c797]
2019-07-09 16:25:49,460 INFO  client.GrpcClientProtocolClient (GrpcClientProtocolClient.java:onNext(255)) - client-0F1B900A64BD->9bf35ae9-4da0-4371-87fa-54ea3ce1f280: receive RaftClientReply:client-0F1B900A64BD->9bf35ae9-4da0-4371-87fa-54ea3ce1f280@group-432E83AF5B55, cid=656, SUCCESS, logIndex=799, commits[9bf35ae9-4da0-4371-87fa-54ea3ce1f280:c799, 0cc34542-3a00-466e-ae84-194b84d3af7b:c797, d451d94d-57a0-4545-b387-d428f64e3f33:c797]
2019-07-09 16:25:49,462 INFO  client.GrpcClientProtocolClient (GrpcClientProtocolClient.java:onNext(255)) - client-0F1B900A64BD->9bf35ae9-4da0-4371-87fa-54ea3ce1f280: receive RaftClientReply:client-0F1B900A64BD->9bf35ae9-4da0-4371-87fa-54ea3ce1f280@group-432E83AF5B55, cid=657, SUCCESS, logIndex=0, commits[9bf35ae9-4da0-4371-87fa-54ea3ce1f280:c800, 0cc34542-3a00-466e-ae84-194b84d3af7b:c799, d451d94d-57a0-4545-b387-d428f64e3f33:c799]
2019-07-09 16:25:49,478 INFO  client.GrpcClientProtocolClient (GrpcClientProtocolClient.java:onNext(255)) - client-0F1B900A64BD->9bf35ae9-4da0-4371-87fa-54ea3ce1f280: receive RaftClientReply:client-0F1B900A64BD->9bf35ae9-4da0-4371-87fa-54ea3ce1f280@group-432E83AF5B55, cid=658, SUCCESS, logIndex=802, commits[9bf35ae9-4da0-4371-87fa-54ea3ce1f280:c803, 0cc34542-3a00-466e-ae84-194b84d3af7b:c801, d451d94d-57a0-4545-b387-d428f64e3f33:c799]
2019-07-09 16:25:49,479 INFO  client.GrpcClientProtocolClient (GrpcClientProtocolClient.java:onNext(255)) - client-0F1B900A64BD->9bf35ae9-4da0-4371-87fa-54ea3ce1f280: receive RaftClientReply:client-0F1B900A64BD->9bf35ae9-4da0-4371-87fa-54ea3ce1f280@group-432E83AF5B55, cid=659, SUCCESS, logIndex=803, commits[9bf35ae9-4da0-4371-87fa-54ea3ce1f280:c803, 0cc34542-3a00-466e-ae84-194b84d3af7b:c801, d451d94d-57a0-4545-b387-d428f64e3f33:c801]
2019-07-09 16:25:49,480 INFO  client.GrpcClientProtocolClient (GrpcClientProtocolClient.java:onNext(255)) - client-0F1B900A64BD->9bf35ae9-4da0-4371-87fa-54ea3ce1f280: receive RaftClientReply:client-0F1B900A64BD->9bf35ae9-4da0-4371-87fa-54ea3ce1f280@group-432E83AF5B55, cid=660, SUCCESS, logIndex=804, commits[9bf35ae9-4da0-4371-87fa-54ea3ce1f280:c806, 0cc34542-3a00-466e-ae84-194b84d3af7b:c802, d451d94d-57a0-4545-b387-d428f64e3f33:c801]
2019-07-09 16:25:49,481 INFO  client.GrpcClientProtocolClient (GrpcClientProtocolClient.java:onNext(255)) - client-0F1B900A64BD->9bf35ae9-4da0-4371-87fa-54ea3ce1f280: receive RaftClientReply:client-0F1B900A64BD->9bf35ae9-4da0-4371-87fa-54ea3ce1f280@group-432E83AF5B55, cid=661, SUCCESS, logIndex=805, commits[9bf35ae9-4da0-4371-87fa-54ea3ce1f280:c807, 0cc34542-3a00-466e-ae84-194b84d3af7b:c803, d451d94d-57a0-4545-b387-d428f64e3f33:c801]
2019-07-09 16:25:49,484 INFO  client.GrpcClientProtocolClient (GrpcClientProtocolClient.java:onNext(255)) - client-0F1B900A64BD->9bf35ae9-4da0-4371-87fa-54ea3ce1f280: receive RaftClientReply:client-0F1B900A64BD->9bf35ae9-4da0-4371-87fa-54ea3ce1f280@group-432E83AF5B55, cid=662, SUCCESS, logIndex=0, commits[9bf35ae9-4da0-4371-87fa-54ea3ce1f280:c808, 0cc34542-3a00-466e-ae84-194b84d3af7b:c805, d451d94d-57a0-4545-b387-d428f64e3f33:c803]
 0.00% |█                                                                                                    |  0/1 Time: 0:00:012019-07-09 16:25:49,499 INFO  client.GrpcClientProtocolClient (GrpcClientProtocolClient.java:onNext(255)) - client-0F1B900A64BD->9bf35ae9-4da0-4371-87fa-54ea3ce1f280: receive RaftClientReply:client-0F1B900A64BD->9bf35ae9-4da0-4371-87fa-54ea3ce1f280@group-432E83AF5B55, cid=663, SUCCESS, logIndex=809, commits[9bf35ae9-4da0-4371-87fa-54ea3ce1f280:c810, 0cc34542-3a00-466e-ae84-194b84d3af7b:c808, d451d94d-57a0-4545-b387-d428f64e3f33:c805]
2019-07-09 16:25:49,507 INFO  client.GrpcClientProtocolClient (GrpcClientProtocolClient.java:onNext(255)) - client-0F1B900A64BD->9bf35ae9-4da0-4371-87fa-54ea3ce1f280: receive RaftClientReply:client-0F1B900A64BD->9bf35ae9-4da0-4371-87fa-54ea3ce1f280@group-432E83AF5B55, cid=664, SUCCESS, logIndex=810, commits[9bf35ae9-4da0-4371-87fa-54ea3ce1f280:c812, 0cc34542-3a00-466e-ae84-194b84d3af7b:c810, d451d94d-57a0-4545-b387-d428f64e3f33:c810]
2019-07-09 16:25:49,529 INFO  client.GrpcClientProtocolClient (GrpcClientProtocolClient.java:onNext(255)) - client-0F1B900A64BD->9bf35ae9-4da0-4371-87fa-54ea3ce1f280: receive RaftClientReply:client-0F1B900A64BD->9bf35ae9-4da0-4371-87fa-54ea3ce1f280@group-432E83AF5B55, cid=665, SUCCESS, logIndex=813, commits[9bf35ae9-4da0-4371-87fa-54ea3ce1f280:c814, 0cc34542-3a00-466e-ae84-194b84d3af7b:c812, d451d94d-57a0-4545-b387-d428f64e3f33:c812]
2019-07-09 16:25:49,530 INFO  client.GrpcClientProtocolClient (GrpcClientProtocolClient.java:onNext(255)) - client-0F1B900A64BD->9bf35ae9-4da0-4371-87fa-54ea3ce1f280: receive RaftClientReply:client-0F1B900A64BD->9bf35ae9-4da0-4371-87fa-54ea3ce1f280@group-432E83AF5B55, cid=666, SUCCESS, logIndex=814, commits[9bf35ae9-4da0-4371-87fa-54ea3ce1f280:c814, 0cc34542-3a00-466e-ae84-194b84d3af7b:c812, d451d94d-57a0-4545-b387-d428f64e3f33:c812]
2019-07-09 16:25:49,541 INFO  client.GrpcClientProtocolClient (GrpcClientProtocolClient.java:onNext(255)) - client-0F1B900A64BD->9bf35ae9-4da0-4371-87fa-54ea3ce1f280: receive RaftClientReply:client-0F1B900A64BD->9bf35ae9-4da0-4371-87fa-54ea3ce1f280@group-432E83AF5B55, cid=667, SUCCESS, logIndex=0, commits[9bf35ae9-4da0-4371-87fa-54ea3ce1f280:c815, 0cc34542-3a00-466e-ae84-194b84d3af7b:c814, d451d94d-57a0-4545-b387-d428f64e3f33:c814]
2019-07-09 16:25:49,567 INFO  client.GrpcClientProtocolClient (GrpcClientProtocolClient.java:onNext(255)) - client-0F1B900A64BD->9bf35ae9-4da0-4371-87fa-54ea3ce1f280: receive RaftClientReply:client-0F1B900A64BD->9bf35ae9-4da0-4371-87fa-54ea3ce1f280@group-432E83AF5B55, cid=668, SUCCESS, logIndex=817, commits[9bf35ae9-4da0-4371-87fa-54ea3ce1f280:c819, 0cc34542-3a00-466e-ae84-194b84d3af7b:c816, d451d94d-57a0-4545-b387-d428f64e3f33:c816]
2019-07-09 16:25:49,568 INFO  client.GrpcClientProtocolClient (GrpcClientProtocolClient.java:onNext(255)) - client-0F1B900A64BD->9bf35ae9-4da0-4371-87fa-54ea3ce1f280: receive RaftClientReply:client-0F1B900A64BD->9bf35ae9-4da0-4371-87fa-54ea3ce1f280@group-432E83AF5B55, cid=669, SUCCESS, logIndex=818, commits[9bf35ae9-4da0-4371-87fa-54ea3ce1f280:c820, 0cc34542-3a00-466e-ae84-194b84d3af7b:c816, d451d94d-57a0-4545-b387-d428f64e3f33:c816]
2019-07-09 16:25:49,569 INFO  client.GrpcClientProtocolClient (GrpcClientProtocolClient.java:onNext(255)) - client-0F1B900A64BD->9bf35ae9-4da0-4371-87fa-54ea3ce1f280: receive RaftClientReply:client-0F1B900A64BD->9bf35ae9-4da0-4371-87fa-54ea3ce1f280@group-432E83AF5B55, cid=670, SUCCESS, logIndex=819, commits[9bf35ae9-4da0-4371-87fa-54ea3ce1f280:c820, 0cc34542-3a00-466e-ae84-194b84d3af7b:c816, d451d94d-57a0-4545-b387-d428f64e3f33:c816]
2019-07-09 16:25:49,569 INFO  client.GrpcClientProtocolClient (GrpcClientProtocolClient.java:onNext(255)) - client-0F1B900A64BD->9bf35ae9-4da0-4371-87fa-54ea3ce1f280: receive RaftClientReply:client-0F1B900A64BD->9bf35ae9-4da0-4371-87fa-54ea3ce1f280@group-432E83AF5B55, cid=671, SUCCESS, logIndex=820, commits[9bf35ae9-4da0-4371-87fa-54ea3ce1f280:c820, 0cc34542-3a00-466e-ae84-194b84d3af7b:c816, d451d94d-57a0-4545-b387-d428f64e3f33:c816]
2019-07-09 16:25:49,581 INFO  client.GrpcClientProtocolClient (GrpcClientProtocolClient.java:onNext(255)) - client-0F1B900A64BD->9bf35ae9-4da0-4371-87fa-54ea3ce1f280: receive RaftClientReply:client-0F1B900A64BD->9bf35ae9-4da0-4371-87fa-54ea3ce1f280@group-432E83AF5B55, cid=672, SUCCESS, logIndex=0, commits[9bf35ae9-4da0-4371-87fa-54ea3ce1f280:c822, 0cc34542-3a00-466e-ae84-194b84d3af7b:c818, d451d94d-57a0-4545-b387-d428f64e3f33:c818]
2019-07-09 16:25:49,603 INFO  client.GrpcClientProtocolClient (GrpcClientProtocolClient.java:onNext(255)) - client-0F1B900A64BD->9bf35ae9-4da0-4371-87fa-54ea3ce1f280: receive RaftClientReply:client-0F1B900A64BD->9bf35ae9-4da0-4371-87fa-54ea3ce1f280@group-432E83AF5B55, cid=673, SUCCESS, logIndex=825, commits[9bf35ae9-4da0-4371-87fa-54ea3ce1f280:c826, 0cc34542-3a00-466e-ae84-194b84d3af7b:c824, d451d94d-57a0-4545-b387-d428f64e3f33:c824]
2019-07-09 16:25:49,603 INFO  client.GrpcClientProtocolClient (GrpcClientProtocolClient.java:onNext(255)) - client-0F1B900A64BD->9bf35ae9-4da0-4371-87fa-54ea3ce1f280: receive RaftClientReply:client-0F1B900A64BD->9bf35ae9-4da0-4371-87fa-54ea3ce1f280@group-432E83AF5B55, cid=674, SUCCESS, logIndex=826, commits[9bf35ae9-4da0-4371-87fa-54ea3ce1f280:c826, 0cc34542-3a00-466e-ae84-194b84d3af7b:c824, d451d94d-57a0-4545-b387-d428f64e3f33:c824]
2019-07-09 16:25:49,621 INFO  client.GrpcClientProtocolClient (GrpcClientProtocolClient.java:onNext(255)) - client-0F1B900A64BD->9bf35ae9-4da0-4371-87fa-54ea3ce1f280: receive RaftClientReply:client-0F1B900A64BD->9bf35ae9-4da0-4371-87fa-54ea3ce1f280@group-432E83AF5B55, cid=675, SUCCESS, logIndex=829, commits[9bf35ae9-4da0-4371-87fa-54ea3ce1f280:c830, 0cc34542-3a00-466e-ae84-194b84d3af7b:c826, d451d94d-57a0-4545-b387-d428f64e3f33:c826]
2019-07-09 16:25:49,621 INFO  client.GrpcClientProtocolClient (GrpcClientProtocolClient.java:onNext(255)) - client-0F1B900A64BD->9bf35ae9-4da0-4371-87fa-54ea3ce1f280: receive RaftClientReply:client-0F1B900A64BD->9bf35ae9-4da0-4371-87fa-54ea3ce1f280@group-432E83AF5B55, cid=676, SUCCESS, logIndex=830, commits[9bf35ae9-4da0-4371-87fa-54ea3ce1f280:c830, 0cc34542-3a00-466e-ae84-194b84d3af7b:c826, d451d94d-57a0-4545-b387-d428f64e3f33:c826]
2019-07-09 16:25:49,632 INFO  client.GrpcClientProtocolClient (GrpcClientProtocolClient.java:onNext(255)) - client-0F1B900A64BD->9bf35ae9-4da0-4371-87fa-54ea3ce1f280: receive RaftClientReply:client-0F1B900A64BD->9bf35ae9-4da0-4371-87fa-54ea3ce1f280@group-432E83AF5B55, cid=677, SUCCESS, logIndex=0, commits[9bf35ae9-4da0-4371-87fa-54ea3ce1f280:c831, 0cc34542-3a00-466e-ae84-194b84d3af7b:c830, d451d94d-57a0-4545-b387-d428f64e3f33:c830]
2019-07-09 16:25:49,654 INFO  client.GrpcClientProtocolClient (GrpcClientProtocolClient.java:onNext(255)) - client-0F1B900A64BD->9bf35ae9-4da0-4371-87fa-54ea3ce1f280: receive RaftClientReply:client-0F1B900A64BD->9bf35ae9-4da0-4371-87fa-54ea3ce1f280@group-432E83AF5B55, cid=678, SUCCESS, logIndex=833, commits[9bf35ae9-4da0-4371-87fa-54ea3ce1f280:c836, 0cc34542-3a00-466e-ae84-194b84d3af7b:c832, d451d94d-57a0-4545-b387-d428f64e3f33:c832]
2019-07-09 16:25:49,655 INFO  client.GrpcClientProtocolClient (GrpcClientProtocolClient.java:onNext(255)) - client-0F1B900A64BD->9bf35ae9-4da0-4371-87fa-54ea3ce1f280: receive RaftClientReply:client-0F1B900A64BD->9bf35ae9-4da0-4371-87fa-54ea3ce1f280@group-432E83AF5B55, cid=679, SUCCESS, logIndex=834, commits[9bf35ae9-4da0-4371-87fa-54ea3ce1f280:c836, 0cc34542-3a00-466e-ae84-194b84d3af7b:c832, d451d94d-57a0-4545-b387-d428f64e3f33:c832]
2019-07-09 16:25:49,655 INFO  client.GrpcClientProtocolClient (GrpcClientProtocolClient.java:onNext(255)) - client-0F1B900A64BD->9bf35ae9-4da0-4371-87fa-54ea3ce1f280: receive RaftClientReply:client-0F1B900A64BD->9bf35ae9-4da0-4371-87fa-54ea3ce1f280@group-432E83AF5B55, cid=680, SUCCESS, logIndex=835, commits[9bf35ae9-4da0-4371-87fa-54ea3ce1f280:c836, 0cc34542-3a00-466e-ae84-194b84d3af7b:c832, d451d94d-57a0-4545-b387-d428f64e3f33:c832]
2019-07-09 16:25:49,655 INFO  client.GrpcClientProtocolClient (GrpcClientProtocolClient.java:onNext(255)) - client-0F1B900A64BD->9bf35ae9-4da0-4371-87fa-54ea3ce1f280: receive RaftClientReply:client-0F1B900A64BD->9bf35ae9-4da0-4371-87fa-54ea3ce1f280@group-432E83AF5B55, cid=681, SUCCESS, logIndex=836, commits[9bf35ae9-4da0-4371-87fa-54ea3ce1f280:c837, 0cc34542-3a00-466e-ae84-194b84d3af7b:c833, d451d94d-57a0-4545-b387-d428f64e3f33:c832]
2019-07-09 16:25:49,657 INFO  client.GrpcClientProtocolClient (GrpcClientProtocolClient.java:onNext(255)) - client-0F1B900A64BD->9bf35ae9-4da0-4371-87fa-54ea3ce1f280: receive RaftClientReply:client-0F1B900A64BD->9bf35ae9-4da0-4371-87fa-54ea3ce1f280@group-432E83AF5B55, cid=682, SUCCESS, logIndex=0, commits[9bf35ae9-4da0-4371-87fa-54ea3ce1f280:c840, 0cc34542-3a00-466e-ae84-194b84d3af7b:c836, d451d94d-57a0-4545-b387-d428f64e3f33:c835]
2019-07-09 16:25:49,679 INFO  client.GrpcClientProtocolClient (GrpcClientProtocolClient.java:onNext(255)) - client-0F1B900A64BD->9bf35ae9-4da0-4371-87fa-54ea3ce1f280: receive RaftClientReply:client-0F1B900A64BD->9bf35ae9-4da0-4371-87fa-54ea3ce1f280@group-432E83AF5B55, cid=683, SUCCESS, logIndex=841, commits[9bf35ae9-4da0-4371-87fa-54ea3ce1f280:c842, 0cc34542-3a00-466e-ae84-194b84d3af7b:c840, d451d94d-57a0-4545-b387-d428f64e3f33:c840]
2019-07-09 16:25:49,679 INFO  client.GrpcClientProtocolClient (GrpcClientProtocolClient.java:onNext(255)) - client-0F1B900A64BD->9bf35ae9-4da0-4371-87fa-54ea3ce1f280: receive RaftClientReply:client-0F1B900A64BD->9bf35ae9-4da0-4371-87fa-54ea3ce1f280@group-432E83AF5B55, cid=684, SUCCESS, logIndex=842, commits[9bf35ae9-4da0-4371-87fa-54ea3ce1f280:c842, 0cc34542-3a00-466e-ae84-194b84d3af7b:c840, d451d94d-57a0-4545-b387-d428f64e3f33:c840]
2019-07-09 16:25:49,705 INFO  client.GrpcClientProtocolClient (GrpcClientProtocolClient.java:onNext(255)) - client-0F1B900A64BD->9bf35ae9-4da0-4371-87fa-54ea3ce1f280: receive RaftClientReply:client-0F1B900A64BD->9bf35ae9-4da0-4371-87fa-54ea3ce1f280@group-432E83AF5B55, cid=685, SUCCESS, logIndex=845, commits[9bf35ae9-4da0-4371-87fa-54ea3ce1f280:c846, 0cc34542-3a00-466e-ae84-194b84d3af7b:c841, d451d94d-57a0-4545-b387-d428f64e3f33:c842]
2019-07-09 16:25:49,705 INFO  client.GrpcClientProtocolClient (GrpcClientProtocolClient.java:onNext(255)) - client-0F1B900A64BD->9bf35ae9-4da0-4371-87fa-54ea3ce1f280: receive RaftClientReply:client-0F1B900A64BD->9bf35ae9-4da0-4371-87fa-54ea3ce1f280@group-432E83AF5B55, cid=686, SUCCESS, logIndex=846, commits[9bf35ae9-4da0-4371-87fa-54ea3ce1f280:c846, 0cc34542-3a00-466e-ae84-194b84d3af7b:c842, d451d94d-57a0-4545-b387-d428f64e3f33:c842]
2019-07-09 16:25:49,706 INFO  client.GrpcClientProtocolClient (GrpcClientProtocolClient.java:onNext(255)) - client-0F1B900A64BD->9bf35ae9-4da0-4371-87fa-54ea3ce1f280: receive RaftClientReply:client-0F1B900A64BD->9bf35ae9-4da0-4371-87fa-54ea3ce1f280@group-432E83AF5B55, cid=687, SUCCESS, logIndex=0, commits[9bf35ae9-4da0-4371-87fa-54ea3ce1f280:c847, 0cc34542-3a00-466e-ae84-194b84d3af7b:c846, d451d94d-57a0-4545-b387-d428f64e3f33:c846]
2019-07-09 16:25:49,800 INFO  client.GrpcClientProtocolClient (GrpcClientProtocolClient.java:onNext(255)) - client-0F1B900A64BD->9bf35ae9-4da0-4371-87fa-54ea3ce1f280: receive RaftClientReply:client-0F1B900A64BD->9bf35ae9-4da0-4371-87fa-54ea3ce1f280@group-432E83AF5B55, cid=688, SUCCESS, logIndex=849, commits[9bf35ae9-4da0-4371-87fa-54ea3ce1f280:c852, 0cc34542-3a00-466e-ae84-194b84d3af7b:c848, d451d94d-57a0-4545-b387-d428f64e3f33:c848]
2019-07-09 16:25:49,801 INFO  client.GrpcClientProtocolClient (GrpcClientProtocolClient.java:onNext(255)) - client-0F1B900A64BD->9bf35ae9-4da0-4371-87fa-54ea3ce1f280: receive RaftClientReply:client-0F1B900A64BD->9bf35ae9-4da0-4371-87fa-54ea3ce1f280@group-432E83AF5B55, cid=689, SUCCESS, logIndex=850, commits[9bf35ae9-4da0-4371-87fa-54ea3ce1f280:c852, 0cc34542-3a00-466e-ae84-194b84d3af7b:c848, d451d94d-57a0-4545-b387-d428f64e3f33:c848]
2019-07-09 16:25:49,802 INFO  client.GrpcClientProtocolClient (GrpcClientProtocolClient.java:onNext(255)) - client-0F1B900A64BD->9bf35ae9-4da0-4371-87fa-54ea3ce1f280: receive RaftClientReply:client-0F1B900A64BD->9bf35ae9-4da0-4371-87fa-54ea3ce1f280@group-432E83AF5B55, cid=690, SUCCESS, logIndex=851, commits[9bf35ae9-4da0-4371-87fa-54ea3ce1f280:c853, 0cc34542-3a00-466e-ae84-194b84d3af7b:c850, d451d94d-57a0-4545-b387-d428f64e3f33:c850]
2019-07-09 16:25:49,802 INFO  client.GrpcClientProtocolClient (GrpcClientProtocolClient.java:onNext(255)) - client-0F1B900A64BD->9bf35ae9-4da0-4371-87fa-54ea3ce1f280: receive RaftClientReply:client-0F1B900A64BD->9bf35ae9-4da0-4371-87fa-54ea3ce1f280@group-432E83AF5B55, cid=691, SUCCESS, logIndex=852, commits[9bf35ae9-4da0-4371-87fa-54ea3ce1f280:c854, 0cc34542-3a00-466e-ae84-194b84d3af7b:c851, d451d94d-57a0-4545-b387-d428f64e3f33:c850]
2019-07-09 16:25:49,825 INFO  client.GrpcClientProtocolClient (GrpcClientProtocolClient.java:onNext(255)) - client-0F1B900A64BD->9bf35ae9-4da0-4371-87fa-54ea3ce1f280: receive RaftClientReply:client-0F1B900A64BD->9bf35ae9-4da0-4371-87fa-54ea3ce1f280@group-432E83AF5B55, cid=692, SUCCESS, logIndex=857, commits[9bf35ae9-4da0-4371-87fa-54ea3ce1f280:c858, 0cc34542-3a00-466e-ae84-194b84d3af7b:c856, d451d94d-57a0-4545-b387-d428f64e3f33:c856]
2019-07-09 16:25:49,825 INFO  client.GrpcClientProtocolClient (GrpcClientProtocolClient.java:onNext(255)) - client-0F1B900A64BD->9bf35ae9-4da0-4371-87fa-54ea3ce1f280: receive RaftClientReply:client-0F1B900A64BD->9bf35ae9-4da0-4371-87fa-54ea3ce1f280@group-432E83AF5B55, cid=693, SUCCESS, logIndex=858, commits[9bf35ae9-4da0-4371-87fa-54ea3ce1f280:c858, 0cc34542-3a00-466e-ae84-194b84d3af7b:c856, d451d94d-57a0-4545-b387-d428f64e3f33:c856]
2019-07-09 16:25:49,851 INFO  client.GrpcClientProtocolClient (GrpcClientProtocolClient.java:onNext(255)) - client-0F1B900A64BD->9bf35ae9-4da0-4371-87fa-54ea3ce1f280: receive RaftClientReply:client-0F1B900A64BD->9bf35ae9-4da0-4371-87fa-54ea3ce1f280@group-432E83AF5B55, cid=694, SUCCESS, logIndex=861, commits[9bf35ae9-4da0-4371-87fa-54ea3ce1f280:c862, 0cc34542-3a00-466e-ae84-194b84d3af7b:c858, d451d94d-57a0-4545-b387-d428f64e3f33:c858]
2019-07-09 16:25:49,851 INFO  client.GrpcClientProtocolClient (GrpcClientProtocolClient.java:onNext(255)) - client-0F1B900A64BD->9bf35ae9-4da0-4371-87fa-54ea3ce1f280: receive RaftClientReply:client-0F1B900A64BD->9bf35ae9-4da0-4371-87fa-54ea3ce1f280@group-432E83AF5B55, cid=695, SUCCESS, logIndex=862, commits[9bf35ae9-4da0-4371-87fa-54ea3ce1f280:c862, 0cc34542-3a00-466e-ae84-194b84d3af7b:c858, d451d94d-57a0-4545-b387-d428f64e3f33:c858]
2019-07-09 16:25:49,854 INFO  client.GrpcClientProtocolClient (GrpcClientProtocolClient.java:onNext(255)) - client-0F1B900A64BD->9bf35ae9-4da0-4371-87fa-54ea3ce1f280: receive RaftClientReply:client-0F1B900A64BD->9bf35ae9-4da0-4371-87fa-54ea3ce1f280@group-432E83AF5B55, cid=696, SUCCESS, logIndex=0, commits[9bf35ae9-4da0-4371-87fa-54ea3ce1f280:c863, 0cc34542-3a00-466e-ae84-194b84d3af7b:c862, d451d94d-57a0-4545-b387-d428f64e3f33:c862]
2019-07-09 16:25:49,879 INFO  client.GrpcClientProtocolClient (GrpcClientProtocolClient.java:onNext(255)) - client-0F1B900A64BD->9bf35ae9-4da0-4371-87fa-54ea3ce1f280: receive RaftClientReply:client-0F1B900A64BD->9bf35ae9-4da0-4371-87fa-54ea3ce1f280@group-432E83AF5B55, cid=697, SUCCESS, logIndex=865, commits[9bf35ae9-4da0-4371-87fa-54ea3ce1f280:c866, 0cc34542-3a00-466e-ae84-194b84d3af7b:c863, d451d94d-57a0-4545-b387-d428f64e3f33:c863]
2019-07-09 16:25:49,880 INFO  client.GrpcClientProtocolClient (GrpcClientProtocolClient.java:onNext(255)) - client-0F1B900A64BD->9bf35ae9-4da0-4371-87fa-54ea3ce1f280: receive RaftClientReply:client-0F1B900A64BD->9bf35ae9-4da0-4371-87fa-54ea3ce1f280@group-432E83AF5B55, cid=698, SUCCESS, logIndex=866, commits[9bf35ae9-4da0-4371-87fa-54ea3ce1f280:c868, 0cc34542-3a00-466e-ae84-194b84d3af7b:c863, d451d94d-57a0-4545-b387-d428f64e3f33:c863]
2019-07-09 16:25:49,880 INFO  client.GrpcClientProtocolClient (GrpcClientProtocolClient.java:onNext(255)) - client-0F1B900A64BD->9bf35ae9-4da0-4371-87fa-54ea3ce1f280: receive RaftClientReply:client-0F1B900A64BD->9bf35ae9-4da0-4371-87fa-54ea3ce1f280@group-432E83AF5B55, cid=699, SUCCESS, logIndex=867, commits[9bf35ae9-4da0-4371-87fa-54ea3ce1f280:c868, 0cc34542-3a00-466e-ae84-194b84d3af7b:c863, d451d94d-57a0-4545-b387-d428f64e3f33:c863]
2019-07-09 16:25:49,881 INFO  client.GrpcClientProtocolClient (GrpcClientProtocolClient.java:onNext(255)) - client-0F1B900A64BD->9bf35ae9-4da0-4371-87fa-54ea3ce1f280: receive RaftClientReply:client-0F1B900A64BD->9bf35ae9-4da0-4371-87fa-54ea3ce1f280@group-432E83AF5B55, cid=700, SUCCESS, logIndex=868, commits[9bf35ae9-4da0-4371-87fa-54ea3ce1f280:c868, 0cc34542-3a00-466e-ae84-194b84d3af7b:c863, d451d94d-57a0-4545-b387-d428f64e3f33:c863]
2019-07-09 16:25:49,893 INFO  client.GrpcClientProtocolClient (GrpcClientProtocolClient.java:onNext(255)) - client-0F1B900A64BD->9bf35ae9-4da0-4371-87fa-54ea3ce1f280: receive RaftClientReply:client-0F1B900A64BD->9bf35ae9-4da0-4371-87fa-54ea3ce1f280@group-432E83AF5B55, cid=701, SUCCESS, logIndex=0, commits[9bf35ae9-4da0-4371-87fa-54ea3ce1f280:c871, 0cc34542-3a00-466e-ae84-194b84d3af7b:c868, d451d94d-57a0-4545-b387-d428f64e3f33:c866]
2019-07-09 16:25:49,914 INFO  client.GrpcClientProtocolClient (GrpcClientProtocolClient.java:onNext(255)) - client-0F1B900A64BD->9bf35ae9-4da0-4371-87fa-54ea3ce1f280: receive RaftClientReply:client-0F1B900A64BD->9bf35ae9-4da0-4371-87fa-54ea3ce1f280@group-432E83AF5B55, cid=702, SUCCESS, logIndex=873, commits[9bf35ae9-4da0-4371-87fa-54ea3ce1f280:c874, 0cc34542-3a00-466e-ae84-194b84d3af7b:c872, d451d94d-57a0-4545-b387-d428f64e3f33:c872]
2019-07-09 16:25:49,915 INFO  client.GrpcClientProtocolClient (GrpcClientProtocolClient.java:onNext(255)) - client-0F1B900A64BD->9bf35ae9-4da0-4371-87fa-54ea3ce1f280: receive RaftClientReply:client-0F1B900A64BD->9bf35ae9-4da0-4371-87fa-54ea3ce1f280@group-432E83AF5B55, cid=703, SUCCESS, logIndex=874, commits[9bf35ae9-4da0-4371-87fa-54ea3ce1f280:c874, 0cc34542-3a00-466e-ae84-194b84d3af7b:c872, d451d94d-57a0-4545-b387-d428f64e3f33:c872]
2019-07-09 16:25:49,927 INFO  client.GrpcClientProtocolClient (GrpcClientProtocolClient.java:onNext(255)) - client-0F1B900A64BD->9bf35ae9-4da0-4371-87fa-54ea3ce1f280: receive RaftClientReply:client-0F1B900A64BD->9bf35ae9-4da0-4371-87fa-54ea3ce1f280@group-432E83AF5B55, cid=704, SUCCESS, logIndex=877, commits[9bf35ae9-4da0-4371-87fa-54ea3ce1f280:c878, 0cc34542-3a00-466e-ae84-194b84d3af7b:c874, d451d94d-57a0-4545-b387-d428f64e3f33:c873]
2019-07-09 16:25:49,928 INFO  client.GrpcClientProtocolClient (GrpcClientProtocolClient.java:onNext(255)) - client-0F1B900A64BD->9bf35ae9-4da0-4371-87fa-54ea3ce1f280: receive RaftClientReply:client-0F1B900A64BD->9bf35ae9-4da0-4371-87fa-54ea3ce1f280@group-432E83AF5B55, cid=705, SUCCESS, logIndex=878, commits[9bf35ae9-4da0-4371-87fa-54ea3ce1f280:c878, 0cc34542-3a00-466e-ae84-194b84d3af7b:c874, d451d94d-57a0-4545-b387-d428f64e3f33:c874]
2019-07-09 16:25:49,932 INFO  client.GrpcClientProtocolClient (GrpcClientProtocolClient.java:onNext(255)) - client-0F1B900A64BD->9bf35ae9-4da0-4371-87fa-54ea3ce1f280: receive RaftClientReply:client-0F1B900A64BD->9bf35ae9-4da0-4371-87fa-54ea3ce1f280@group-432E83AF5B55, cid=706, SUCCESS, logIndex=0, commits[9bf35ae9-4da0-4371-87fa-54ea3ce1f280:c880, 0cc34542-3a00-466e-ae84-194b84d3af7b:c878, d451d94d-57a0-4545-b387-d428f64e3f33:c878]
2019-07-09 16:25:49,947 INFO  client.GrpcClientProtocolClient (GrpcClientProtocolClient.java:onNext(255)) - client-0F1B900A64BD->9bf35ae9-4da0-4371-87fa-54ea3ce1f280: receive RaftClientReply:client-0F1B900A64BD->9bf35ae9-4da0-4371-87fa-54ea3ce1f280@group-432E83AF5B55, cid=707, SUCCESS, logIndex=881, commits[9bf35ae9-4da0-4371-87fa-54ea3ce1f280:c884, 0cc34542-3a00-466e-ae84-194b84d3af7b:c880, d451d94d-57a0-4545-b387-d428f64e3f33:c880]
2019-07-09 16:25:49,947 INFO  client.GrpcClientProtocolClient (GrpcClientProtocolClient.java:onNext(255)) - client-0F1B900A64BD->9bf35ae9-4da0-4371-87fa-54ea3ce1f280: receive RaftClientReply:client-0F1B900A64BD->9bf35ae9-4da0-4371-87fa-54ea3ce1f280@group-432E83AF5B55, cid=708, SUCCESS, logIndex=882, commits[9bf35ae9-4da0-4371-87fa-54ea3ce1f280:c884, 0cc34542-3a00-466e-ae84-194b84d3af7b:c880, d451d94d-57a0-4545-b387-d428f64e3f33:c880]
2019-07-09 16:25:49,948 INFO  client.GrpcClientProtocolClient (GrpcClientProtocolClient.java:onNext(255)) - client-0F1B900A64BD->9bf35ae9-4da0-4371-87fa-54ea3ce1f280: receive RaftClientReply:client-0F1B900A64BD->9bf35ae9-4da0-4371-87fa-54ea3ce1f280@group-432E83AF5B55, cid=709, SUCCESS, logIndex=883, commits[9bf35ae9-4da0-4371-87fa-54ea3ce1f280:c884, 0cc34542-3a00-466e-ae84-194b84d3af7b:c880, d451d94d-57a0-4545-b387-d428f64e3f33:c880]
2019-07-09 16:25:49,948 INFO  client.GrpcClientProtocolClient (GrpcClientProtocolClient.java:onNext(255)) - client-0F1B900A64BD->9bf35ae9-4da0-4371-87fa-54ea3ce1f280: receive RaftClientReply:client-0F1B900A64BD->9bf35ae9-4da0-4371-87fa-54ea3ce1f280@group-432E83AF5B55, cid=710, SUCCESS, logIndex=884, commits[9bf35ae9-4da0-4371-87fa-54ea3ce1f280:c884, 0cc34542-3a00-466e-ae84-194b84d3af7b:c880, d451d94d-57a0-4545-b387-d428f64e3f33:c880]
2019-07-09 16:25:49,949 INFO  client.GrpcClientProtocolClient (GrpcClientProtocolClient.java:onNext(255)) - client-0F1B900A64BD->9bf35ae9-4da0-4371-87fa-54ea3ce1f280: receive RaftClientReply:client-0F1B900A64BD->9bf35ae9-4da0-4371-87fa-54ea3ce1f280@group-432E83AF5B55, cid=711, SUCCESS, logIndex=0, commits[9bf35ae9-4da0-4371-87fa-54ea3ce1f280:c887, 0cc34542-3a00-466e-ae84-194b84d3af7b:c884, d451d94d-57a0-4545-b387-d428f64e3f33:c884]
2019-07-09 16:25:49,962 INFO  client.GrpcClientProtocolClient (GrpcClientProtocolClient.java:onNext(255)) - client-0F1B900A64BD->9bf35ae9-4da0-4371-87fa-54ea3ce1f280: receive RaftClientReply:client-0F1B900A64BD->9bf35ae9-4da0-4371-87fa-54ea3ce1f280@group-432E83AF5B55, cid=712, SUCCESS, logIndex=888, commits[9bf35ae9-4da0-4371-87fa-54ea3ce1f280:c889, 0cc34542-3a00-466e-ae84-194b84d3af7b:c887, d451d94d-57a0-4545-b387-d428f64e3f33:c884]
2019-07-09 16:25:49,962 INFO  client.GrpcClientProtocolClient (GrpcClientProtocolClient.java:onNext(255)) - client-0F1B900A64BD->9bf35ae9-4da0-4371-87fa-54ea3ce1f280: receive RaftClientReply:client-0F1B900A64BD->9bf35ae9-4da0-4371-87fa-54ea3ce1f280@group-432E83AF5B55, cid=713, SUCCESS, logIndex=889, commits[9bf35ae9-4da0-4371-87fa-54ea3ce1f280:c889, 0cc34542-3a00-466e-ae84-194b84d3af7b:c887, d451d94d-57a0-4545-b387-d428f64e3f33:c887]
2019-07-09 16:25:49,975 INFO  client.GrpcClientProtocolClient (GrpcClientProtocolClient.java:onNext(255)) - client-0F1B900A64BD->9bf35ae9-4da0-4371-87fa-54ea3ce1f280: receive RaftClientReply:client-0F1B900A64BD->9bf35ae9-4da0-4371-87fa-54ea3ce1f280@group-432E83AF5B55, cid=714, SUCCESS, logIndex=892, commits[9bf35ae9-4da0-4371-87fa-54ea3ce1f280:c893, 0cc34542-3a00-466e-ae84-194b84d3af7b:c891, d451d94d-57a0-4545-b387-d428f64e3f33:c891]
2019-07-09 16:25:49,975 INFO  client.GrpcClientProtocolClient (GrpcClientProtocolClient.java:onNext(255)) - client-0F1B900A64BD->9bf35ae9-4da0-4371-87fa-54ea3ce1f280: receive RaftClientReply:client-0F1B900A64BD->9bf35ae9-4da0-4371-87fa-54ea3ce1f280@group-432E83AF5B55, cid=715, SUCCESS, logIndex=893, commits[9bf35ae9-4da0-4371-87fa-54ea3ce1f280:c893, 0cc34542-3a00-466e-ae84-194b84d3af7b:c891, d451d94d-57a0-4545-b387-d428f64e3f33:c891]
2019-07-09 16:25:49,978 INFO  client.GrpcClientProtocolClient (GrpcClientProtocolClient.java:onNext(255)) - client-0F1B900A64BD->9bf35ae9-4da0-4371-87fa-54ea3ce1f280: receive RaftClientReply:client-0F1B900A64BD->9bf35ae9-4da0-4371-87fa-54ea3ce1f280@group-432E83AF5B55, cid=716, SUCCESS, logIndex=0, commits[9bf35ae9-4da0-4371-87fa-54ea3ce1f280:c894, 0cc34542-3a00-466e-ae84-194b84d3af7b:c893, d451d94d-57a0-4545-b387-d428f64e3f33:c893]
2019-07-09 16:25:49,993 INFO  client.GrpcClientProtocolClient (GrpcClientProtocolClient.java:onNext(255)) - client-0F1B900A64BD->9bf35ae9-4da0-4371-87fa-54ea3ce1f280: receive RaftClientReply:client-0F1B900A64BD->9bf35ae9-4da0-4371-87fa-54ea3ce1f280@group-432E83AF5B55, cid=717, SUCCESS, logIndex=896, commits[9bf35ae9-4da0-4371-87fa-54ea3ce1f280:c899, 0cc34542-3a00-466e-ae84-194b84d3af7b:c895, d451d94d-57a0-4545-b387-d428f64e3f33:c895]
2019-07-09 16:25:49,994 INFO  client.GrpcClientProtocolClient (GrpcClientProtocolClient.java:onNext(255)) - client-0F1B900A64BD->9bf35ae9-4da0-4371-87fa-54ea3ce1f280: receive RaftClientReply:client-0F1B900A64BD->9bf35ae9-4da0-4371-87fa-54ea3ce1f280@group-432E83AF5B55, cid=718, SUCCESS, logIndex=897, commits[9bf35ae9-4da0-4371-87fa-54ea3ce1f280:c899, 0cc34542-3a00-466e-ae84-194b84d3af7b:c895, d451d94d-57a0-4545-b387-d428f64e3f33:c895]
2019-07-09 16:25:49,994 INFO  client.GrpcClientProtocolClient (GrpcClientProtocolClient.java:onNext(255)) - client-0F1B900A64BD->9bf35ae9-4da0-4371-87fa-54ea3ce1f280: receive RaftClientReply:client-0F1B900A64BD->9bf35ae9-4da0-4371-87fa-54ea3ce1f280@group-432E83AF5B55, cid=719, SUCCESS, logIndex=898, commits[9bf35ae9-4da0-4371-87fa-54ea3ce1f280:c899, 0cc34542-3a00-466e-ae84-194b84d3af7b:c895, d451d94d-57a0-4545-b387-d428f64e3f33:c895]
2019-07-09 16:25:49,994 INFO  client.GrpcClientProtocolClient (GrpcClientProtocolClient.java:onNext(255)) - client-0F1B900A64BD->9bf35ae9-4da0-4371-87fa-54ea3ce1f280: receive RaftClientReply:client-0F1B900A64BD->9bf35ae9-4da0-4371-87fa-54ea3ce1f280@group-432E83AF5B55, cid=720, SUCCESS, logIndex=899, commits[9bf35ae9-4da0-4371-87fa-54ea3ce1f280:c899, 0cc34542-3a00-466e-ae84-194b84d3af7b:c895, d451d94d-57a0-4545-b387-d428f64e3f33:c895]
2019-07-09 16:25:49,995 INFO  client.GrpcClientProtocolClient (GrpcClientProtocolClient.java:onNext(255)) - client-0F1B900A64BD->9bf35ae9-4da0-4371-87fa-54ea3ce1f280: receive RaftClientReply:client-0F1B900A64BD->9bf35ae9-4da0-4371-87fa-54ea3ce1f280@group-432E83AF5B55, cid=721, SUCCESS, logIndex=0, commits[9bf35ae9-4da0-4371-87fa-54ea3ce1f280:c900, 0cc34542-3a00-466e-ae84-194b84d3af7b:c899, d451d94d-57a0-4545-b387-d428f64e3f33:c899]
2019-07-09 16:25:50,008 INFO  client.GrpcClientProtocolClient (GrpcClientProtocolClient.java:onNext(255)) - client-0F1B900A64BD->9bf35ae9-4da0-4371-87fa-54ea3ce1f280: receive RaftClientReply:client-0F1B900A64BD->9bf35ae9-4da0-4371-87fa-54ea3ce1f280@group-432E83AF5B55, cid=722, SUCCESS, logIndex=902, commits[9bf35ae9-4da0-4371-87fa-54ea3ce1f280:c903, 0cc34542-3a00-466e-ae84-194b84d3af7b:c899, d451d94d-57a0-4545-b387-d428f64e3f33:c901]
2019-07-09 16:25:50,008 INFO  client.GrpcClientProtocolClient (GrpcClientProtocolClient.java:onNext(255)) - client-0F1B900A64BD->9bf35ae9-4da0-4371-87fa-54ea3ce1f280: receive RaftClientReply:client-0F1B900A64BD->9bf35ae9-4da0-4371-87fa-54ea3ce1f280@group-432E83AF5B55, cid=723, SUCCESS, logIndex=903, commits[9bf35ae9-4da0-4371-87fa-54ea3ce1f280:c903, 0cc34542-3a00-466e-ae84-194b84d3af7b:c901, d451d94d-57a0-4545-b387-d428f64e3f33:c901]
2019-07-09 16:25:50,033 INFO  client.GrpcClientProtocolClient (GrpcClientProtocolClient.java:onNext(255)) - client-0F1B900A64BD->9bf35ae9-4da0-4371-87fa-54ea3ce1f280: receive RaftClientReply:client-0F1B900A64BD->9bf35ae9-4da0-4371-87fa-54ea3ce1f280@group-432E83AF5B55, cid=724, SUCCESS, logIndex=906, commits[9bf35ae9-4da0-4371-87fa-54ea3ce1f280:c907, 0cc34542-3a00-466e-ae84-194b84d3af7b:c905, d451d94d-57a0-4545-b387-d428f64e3f33:c905]
2019-07-09 16:25:50,033 INFO  client.GrpcClientProtocolClient (GrpcClientProtocolClient.java:onNext(255)) - client-0F1B900A64BD->9bf35ae9-4da0-4371-87fa-54ea3ce1f280: receive RaftClientReply:client-0F1B900A64BD->9bf35ae9-4da0-4371-87fa-54ea3ce1f280@group-432E83AF5B55, cid=725, SUCCESS, logIndex=907, commits[9bf35ae9-4da0-4371-87fa-54ea3ce1f280:c907, 0cc34542-3a00-466e-ae84-194b84d3af7b:c905, d451d94d-57a0-4545-b387-d428f64e3f33:c905]
2019-07-09 16:25:50,048 INFO  client.GrpcClientProtocolClient (GrpcClientProtocolClient.java:onNext(255)) - client-0F1B900A64BD->9bf35ae9-4da0-4371-87fa-54ea3ce1f280: receive RaftClientReply:client-0F1B900A64BD->9bf35ae9-4da0-4371-87fa-54ea3ce1f280@group-432E83AF5B55, cid=726, SUCCESS, logIndex=0, commits[9bf35ae9-4da0-4371-87fa-54ea3ce1f280:c909, 0cc34542-3a00-466e-ae84-194b84d3af7b:c907, d451d94d-57a0-4545-b387-d428f64e3f33:c907]
2019-07-09 16:25:50,136 INFO  client.GrpcClientProtocolClient (GrpcClientProtocolClient.java:onNext(255)) - client-0F1B900A64BD->9bf35ae9-4da0-4371-87fa-54ea3ce1f280: receive RaftClientReply:client-0F1B900A64BD->9bf35ae9-4da0-4371-87fa-54ea3ce1f280@group-432E83AF5B55, cid=727, SUCCESS, logIndex=910, commits[9bf35ae9-4da0-4371-87fa-54ea3ce1f280:c912, 0cc34542-3a00-466e-ae84-194b84d3af7b:c909, d451d94d-57a0-4545-b387-d428f64e3f33:c909]
2019-07-09 16:25:50,137 INFO  client.GrpcClientProtocolClient (GrpcClientProtocolClient.java:onNext(255)) - client-0F1B900A64BD->9bf35ae9-4da0-4371-87fa-54ea3ce1f280: receive RaftClientReply:client-0F1B900A64BD->9bf35ae9-4da0-4371-87fa-54ea3ce1f280@group-432E83AF5B55, cid=728, SUCCESS, logIndex=911, commits[9bf35ae9-4da0-4371-87fa-54ea3ce1f280:c912, 0cc34542-3a00-466e-ae84-194b84d3af7b:c909, d451d94d-57a0-4545-b387-d428f64e3f33:c909]
2019-07-09 16:25:50,137 INFO  client.GrpcClientProtocolClient (GrpcClientProtocolClient.java:onNext(255)) - client-0F1B900A64BD->9bf35ae9-4da0-4371-87fa-54ea3ce1f280: receive RaftClientReply:client-0F1B900A64BD->9bf35ae9-4da0-4371-87fa-54ea3ce1f280@group-432E83AF5B55, cid=729, SUCCESS, logIndex=912, commits[9bf35ae9-4da0-4371-87fa-54ea3ce1f280:c913, 0cc34542-3a00-466e-ae84-194b84d3af7b:c909, d451d94d-57a0-4545-b387-d428f64e3f33:c909]
2019-07-09 16:25:50,138 INFO  client.GrpcClientProtocolClient (GrpcClientProtocolClient.java:onNext(255)) - client-0F1B900A64BD->9bf35ae9-4da0-4371-87fa-54ea3ce1f280: receive RaftClientReply:client-0F1B900A64BD->9bf35ae9-4da0-4371-87fa-54ea3ce1f280@group-432E83AF5B55, cid=730, SUCCESS, logIndex=913, commits[9bf35ae9-4da0-4371-87fa-54ea3ce1f280:c913, 0cc34542-3a00-466e-ae84-194b84d3af7b:c909, d451d94d-57a0-4545-b387-d428f64e3f33:c909]
2019-07-09 16:25:50,150 INFO  client.GrpcClientProtocolClient (GrpcClientProtocolClient.java:onNext(255)) - client-0F1B900A64BD->9bf35ae9-4da0-4371-87fa-54ea3ce1f280: receive RaftClientReply:client-0F1B900A64BD->9bf35ae9-4da0-4371-87fa-54ea3ce1f280@group-432E83AF5B55, cid=731, SUCCESS, logIndex=0, commits[9bf35ae9-4da0-4371-87fa-54ea3ce1f280:c915, 0cc34542-3a00-466e-ae84-194b84d3af7b:c911, d451d94d-57a0-4545-b387-d428f64e3f33:c911]
2019-07-09 16:25:50,172 INFO  client.GrpcClientProtocolClient (GrpcClientProtocolClient.java:onNext(255)) - client-0F1B900A64BD->9bf35ae9-4da0-4371-87fa-54ea3ce1f280: receive RaftClientReply:client-0F1B900A64BD->9bf35ae9-4da0-4371-87fa-54ea3ce1f280@group-432E83AF5B55, cid=732, SUCCESS, logIndex=918, commits[9bf35ae9-4da0-4371-87fa-54ea3ce1f280:c919, 0cc34542-3a00-466e-ae84-194b84d3af7b:c917, d451d94d-57a0-4545-b387-d428f64e3f33:c917]
2019-07-09 16:25:50,172 INFO  client.GrpcClientProtocolClient (GrpcClientProtocolClient.java:onNext(255)) - client-0F1B900A64BD->9bf35ae9-4da0-4371-87fa-54ea3ce1f280: receive RaftClientReply:client-0F1B900A64BD->9bf35ae9-4da0-4371-87fa-54ea3ce1f280@group-432E83AF5B55, cid=733, SUCCESS, logIndex=919, commits[9bf35ae9-4da0-4371-87fa-54ea3ce1f280:c919, 0cc34542-3a00-466e-ae84-194b84d3af7b:c917, d451d94d-57a0-4545-b387-d428f64e3f33:c917]
2019-07-09 16:25:50,198 INFO  client.GrpcClientProtocolClient (GrpcClientProtocolClient.java:onNext(255)) - client-0F1B900A64BD->9bf35ae9-4da0-4371-87fa-54ea3ce1f280: receive RaftClientReply:client-0F1B900A64BD->9bf35ae9-4da0-4371-87fa-54ea3ce1f280@group-432E83AF5B55, cid=734, SUCCESS, logIndex=922, commits[9bf35ae9-4da0-4371-87fa-54ea3ce1f280:c923, 0cc34542-3a00-466e-ae84-194b84d3af7b:c919, d451d94d-57a0-4545-b387-d428f64e3f33:c919]
2019-07-09 16:25:50,199 INFO  client.GrpcClientProtocolClient (GrpcClientProtocolClient.java:onNext(255)) - client-0F1B900A64BD->9bf35ae9-4da0-4371-87fa-54ea3ce1f280: receive RaftClientReply:client-0F1B900A64BD->9bf35ae9-4da0-4371-87fa-54ea3ce1f280@group-432E83AF5B55, cid=735, SUCCESS, logIndex=923, commits[9bf35ae9-4da0-4371-87fa-54ea3ce1f280:c923, 0cc34542-3a00-466e-ae84-194b84d3af7b:c919, d451d94d-57a0-4545-b387-d428f64e3f33:c919]
2019-07-09 16:25:50,200 INFO  client.GrpcClientProtocolClient (GrpcClientProtocolClient.java:onNext(255)) - client-0F1B900A64BD->9bf35ae9-4da0-4371-87fa-54ea3ce1f280: receive RaftClientReply:client-0F1B900A64BD->9bf35ae9-4da0-4371-87fa-54ea3ce1f280@group-432E83AF5B55, cid=736, SUCCESS, logIndex=0, commits[9bf35ae9-4da0-4371-87fa-54ea3ce1f280:c925, 0cc34542-3a00-466e-ae84-194b84d3af7b:c923, d451d94d-57a0-4545-b387-d428f64e3f33:c923]
2019-07-09 16:25:50,222 INFO  client.GrpcClientProtocolClient (GrpcClientProtocolClient.java:onNext(255)) - client-0F1B900A64BD->9bf35ae9-4da0-4371-87fa-54ea3ce1f280: receive RaftClientReply:client-0F1B900A64BD->9bf35ae9-4da0-4371-87fa-54ea3ce1f280@group-432E83AF5B55, cid=737, SUCCESS, logIndex=926, commits[9bf35ae9-4da0-4371-87fa-54ea3ce1f280:c928, 0cc34542-3a00-466e-ae84-194b84d3af7b:c925, d451d94d-57a0-4545-b387-d428f64e3f33:c925]
2019-07-09 16:25:50,223 INFO  client.GrpcClientProtocolClient (GrpcClientProtocolClient.java:onNext(255)) - client-0F1B900A64BD->9bf35ae9-4da0-4371-87fa-54ea3ce1f280: receive RaftClientReply:client-0F1B900A64BD->9bf35ae9-4da0-4371-87fa-54ea3ce1f280@group-432E83AF5B55, cid=738, SUCCESS, logIndex=927, commits[9bf35ae9-4da0-4371-87fa-54ea3ce1f280:c929, 0cc34542-3a00-466e-ae84-194b84d3af7b:c925, d451d94d-57a0-4545-b387-d428f64e3f33:c925]
2019-07-09 16:25:50,223 INFO  client.GrpcClientProtocolClient (GrpcClientProtocolClient.java:onNext(255)) - client-0F1B900A64BD->9bf35ae9-4da0-4371-87fa-54ea3ce1f280: receive RaftClientReply:client-0F1B900A64BD->9bf35ae9-4da0-4371-87fa-54ea3ce1f280@group-432E83AF5B55, cid=739, SUCCESS, logIndex=928, commits[9bf35ae9-4da0-4371-87fa-54ea3ce1f280:c929, 0cc34542-3a00-466e-ae84-194b84d3af7b:c925, d451d94d-57a0-4545-b387-d428f64e3f33:c925]
2019-07-09 16:25:50,224 INFO  client.GrpcClientProtocolClient (GrpcClientProtocolClient.java:onNext(255)) - client-0F1B900A64BD->9bf35ae9-4da0-4371-87fa-54ea3ce1f280: receive RaftClientReply:client-0F1B900A64BD->9bf35ae9-4da0-4371-87fa-54ea3ce1f280@group-432E83AF5B55, cid=740, SUCCESS, logIndex=929, commits[9bf35ae9-4da0-4371-87fa-54ea3ce1f280:c929, 0cc34542-3a00-466e-ae84-194b84d3af7b:c925, d451d94d-57a0-4545-b387-d428f64e3f33:c925]
2019-07-09 16:25:50,225 INFO  client.GrpcClientProtocolClient (GrpcClientProtocolClient.java:onNext(255)) - client-0F1B900A64BD->9bf35ae9-4da0-4371-87fa-54ea3ce1f280: receive RaftClientReply:client-0F1B900A64BD->9bf35ae9-4da0-4371-87fa-54ea3ce1f280@group-432E83AF5B55, cid=741, SUCCESS, logIndex=0, commits[9bf35ae9-4da0-4371-87fa-54ea3ce1f280:c930, 0cc34542-3a00-466e-ae84-194b84d3af7b:c927, d451d94d-57a0-4545-b387-d428f64e3f33:c927]
2019-07-09 16:25:50,240 INFO  client.GrpcClientProtocolClient (GrpcClientProtocolClient.java:onNext(255)) - client-0F1B900A64BD->9bf35ae9-4da0-4371-87fa-54ea3ce1f280: receive RaftClientReply:client-0F1B900A64BD->9bf35ae9-4da0-4371-87fa-54ea3ce1f280@group-432E83AF5B55, cid=742, SUCCESS, logIndex=934, commits[9bf35ae9-4da0-4371-87fa-54ea3ce1f280:c935, 0cc34542-3a00-466e-ae84-194b84d3af7b:c933, d451d94d-57a0-4545-b387-d428f64e3f33:c929]
2019-07-09 16:25:50,240 INFO  client.GrpcClientProtocolClient (GrpcClientProtocolClient.java:onNext(255)) - client-0F1B900A64BD->9bf35ae9-4da0-4371-87fa-54ea3ce1f280: receive RaftClientReply:client-0F1B900A64BD->9bf35ae9-4da0-4371-87fa-54ea3ce1f280@group-432E83AF5B55, cid=743, SUCCESS, logIndex=935, commits[9bf35ae9-4da0-4371-87fa-54ea3ce1f280:c935, 0cc34542-3a00-466e-ae84-194b84d3af7b:c933, d451d94d-57a0-4545-b387-d428f64e3f33:c933]
2019-07-09 16:25:50,255 INFO  client.GrpcClientProtocolClient (GrpcClientProtocolClient.java:onNext(255)) - client-0F1B900A64BD->9bf35ae9-4da0-4371-87fa-54ea3ce1f280: receive RaftClientReply:client-0F1B900A64BD->9bf35ae9-4da0-4371-87fa-54ea3ce1f280@group-432E83AF5B55, cid=744, SUCCESS, logIndex=938, commits[9bf35ae9-4da0-4371-87fa-54ea3ce1f280:c939, 0cc34542-3a00-466e-ae84-194b84d3af7b:c937, d451d94d-57a0-4545-b387-d428f64e3f33:c935]
2019-07-09 16:25:50,255 INFO  client.GrpcClientProtocolClient (GrpcClientProtocolClient.java:onNext(255)) - client-0F1B900A64BD->9bf35ae9-4da0-4371-87fa-54ea3ce1f280: receive RaftClientReply:client-0F1B900A64BD->9bf35ae9-4da0-4371-87fa-54ea3ce1f280@group-432E83AF5B55, cid=745, SUCCESS, logIndex=939, commits[9bf35ae9-4da0-4371-87fa-54ea3ce1f280:c939, 0cc34542-3a00-466e-ae84-194b84d3af7b:c937, d451d94d-57a0-4545-b387-d428f64e3f33:c937]
2019-07-09 16:25:50,257 INFO  client.GrpcClientProtocolClient (GrpcClientProtocolClient.java:onNext(255)) - client-0F1B900A64BD->9bf35ae9-4da0-4371-87fa-54ea3ce1f280: receive RaftClientReply:client-0F1B900A64BD->9bf35ae9-4da0-4371-87fa-54ea3ce1f280@group-432E83AF5B55, cid=746, SUCCESS, logIndex=0, commits[9bf35ae9-4da0-4371-87fa-54ea3ce1f280:c940, 0cc34542-3a00-466e-ae84-194b84d3af7b:c939, d451d94d-57a0-4545-b387-d428f64e3f33:c939]
2019-07-09 16:25:50,284 INFO  client.GrpcClientProtocolClient (GrpcClientProtocolClient.java:onNext(255)) - client-0F1B900A64BD->9bf35ae9-4da0-4371-87fa-54ea3ce1f280: receive RaftClientReply:client-0F1B900A64BD->9bf35ae9-4da0-4371-87fa-54ea3ce1f280@group-432E83AF5B55, cid=747, SUCCESS, logIndex=942, commits[9bf35ae9-4da0-4371-87fa-54ea3ce1f280:c945, 0cc34542-3a00-466e-ae84-194b84d3af7b:c941, d451d94d-57a0-4545-b387-d428f64e3f33:c941]
2019-07-09 16:25:50,285 INFO  client.GrpcClientProtocolClient (GrpcClientProtocolClient.java:onNext(255)) - client-0F1B900A64BD->9bf35ae9-4da0-4371-87fa-54ea3ce1f280: receive RaftClientReply:client-0F1B900A64BD->9bf35ae9-4da0-4371-87fa-54ea3ce1f280@group-432E83AF5B55, cid=748, SUCCESS, logIndex=943, commits[9bf35ae9-4da0-4371-87fa-54ea3ce1f280:c945, 0cc34542-3a00-466e-ae84-194b84d3af7b:c941, d451d94d-57a0-4545-b387-d428f64e3f33:c941]
2019-07-09 16:25:50,285 INFO  client.GrpcClientProtocolClient (GrpcClientProtocolClient.java:onNext(255)) - client-0F1B900A64BD->9bf35ae9-4da0-4371-87fa-54ea3ce1f280: receive RaftClientReply:client-0F1B900A64BD->9bf35ae9-4da0-4371-87fa-54ea3ce1f280@group-432E83AF5B55, cid=749, SUCCESS, logIndex=944, commits[9bf35ae9-4da0-4371-87fa-54ea3ce1f280:c946, 0cc34542-3a00-466e-ae84-194b84d3af7b:c943, d451d94d-57a0-4545-b387-d428f64e3f33:c943]
2019-07-09 16:25:50,286 INFO  client.GrpcClientProtocolClient (GrpcClientProtocolClient.java:onNext(255)) - client-0F1B900A64BD->9bf35ae9-4da0-4371-87fa-54ea3ce1f280: receive RaftClientReply:client-0F1B900A64BD->9bf35ae9-4da0-4371-87fa-54ea3ce1f280@group-432E83AF5B55, cid=750, SUCCESS, logIndex=945, commits[9bf35ae9-4da0-4371-87fa-54ea3ce1f280:c946, 0cc34542-3a00-466e-ae84-194b84d3af7b:c944, d451d94d-57a0-4545-b387-d428f64e3f33:c943]
2019-07-09 16:25:50,309 INFO  client.GrpcClientProtocolClient (GrpcClientProtocolClient.java:onNext(255)) - client-0F1B900A64BD->9bf35ae9-4da0-4371-87fa-54ea3ce1f280: receive RaftClientReply:client-0F1B900A64BD->9bf35ae9-4da0-4371-87fa-54ea3ce1f280@group-432E83AF5B55, cid=751, SUCCESS, logIndex=950, commits[9bf35ae9-4da0-4371-87fa-54ea3ce1f280:c951, 0cc34542-3a00-466e-ae84-194b84d3af7b:c949, d451d94d-57a0-4545-b387-d428f64e3f33:c949]
2019-07-09 16:25:50,310 INFO  client.GrpcClientProtocolClient (GrpcClientProtocolClient.java:onNext(255)) - client-0F1B900A64BD->9bf35ae9-4da0-4371-87fa-54ea3ce1f280: receive RaftClientReply:client-0F1B900A64BD->9bf35ae9-4da0-4371-87fa-54ea3ce1f280@group-432E83AF5B55, cid=752, SUCCESS, logIndex=951, commits[9bf35ae9-4da0-4371-87fa-54ea3ce1f280:c951, 0cc34542-3a00-466e-ae84-194b84d3af7b:c949, d451d94d-57a0-4545-b387-d428f64e3f33:c949]
2019-07-09 16:25:50,333 INFO  client.GrpcClientProtocolClient (GrpcClientProtocolClient.java:onNext(255)) - client-0F1B900A64BD->9bf35ae9-4da0-4371-87fa-54ea3ce1f280: receive RaftClientReply:client-0F1B900A64BD->9bf35ae9-4da0-4371-87fa-54ea3ce1f280@group-432E83AF5B55, cid=753, SUCCESS, logIndex=954, commits[9bf35ae9-4da0-4371-87fa-54ea3ce1f280:c955, 0cc34542-3a00-466e-ae84-194b84d3af7b:c951, d451d94d-57a0-4545-b387-d428f64e3f33:c951]
2019-07-09 16:25:50,334 INFO  client.GrpcClientProtocolClient (GrpcClientProtocolClient.java:onNext(255)) - client-0F1B900A64BD->9bf35ae9-4da0-4371-87fa-54ea3ce1f280: receive RaftClientReply:client-0F1B900A64BD->9bf35ae9-4da0-4371-87fa-54ea3ce1f280@group-432E83AF5B55, cid=754, SUCCESS, logIndex=955, commits[9bf35ae9-4da0-4371-87fa-54ea3ce1f280:c955, 0cc34542-3a00-466e-ae84-194b84d3af7b:c951, d451d94d-57a0-4545-b387-d428f64e3f33:c951]
2019-07-09 16:25:50,335 INFO  client.GrpcClientProtocolClient (GrpcClientProtocolClient.java:onNext(255)) - client-0F1B900A64BD->9bf35ae9-4da0-4371-87fa-54ea3ce1f280: receive RaftClientReply:client-0F1B900A64BD->9bf35ae9-4da0-4371-87fa-54ea3ce1f280@group-432E83AF5B55, cid=755, SUCCESS, logIndex=0, commits[9bf35ae9-4da0-4371-87fa-54ea3ce1f280:c957, 0cc34542-3a00-466e-ae84-194b84d3af7b:c955, d451d94d-57a0-4545-b387-d428f64e3f33:c955]
2019-07-09 16:25:50,355 INFO  client.GrpcClientProtocolClient (GrpcClientProtocolClient.java:onNext(255)) - client-0F1B900A64BD->9bf35ae9-4da0-4371-87fa-54ea3ce1f280: receive RaftClientReply:client-0F1B900A64BD->9bf35ae9-4da0-4371-87fa-54ea3ce1f280@group-432E83AF5B55, cid=756, SUCCESS, logIndex=958, commits[9bf35ae9-4da0-4371-87fa-54ea3ce1f280:c959, 0cc34542-3a00-466e-ae84-194b84d3af7b:c957, d451d94d-57a0-4545-b387-d428f64e3f33:c957]
2019-07-09 16:25:50,356 INFO  client.GrpcClientProtocolClient (GrpcClientProtocolClient.java:onNext(255)) - client-0F1B900A64BD->9bf35ae9-4da0-4371-87fa-54ea3ce1f280: receive RaftClientReply:client-0F1B900A64BD->9bf35ae9-4da0-4371-87fa-54ea3ce1f280@group-432E83AF5B55, cid=757, SUCCESS, logIndex=959, commits[9bf35ae9-4da0-4371-87fa-54ea3ce1f280:c959, 0cc34542-3a00-466e-ae84-194b84d3af7b:c957, d451d94d-57a0-4545-b387-d428f64e3f33:c957]
2019-07-09 16:25:50,356 INFO  client.GrpcClientProtocolClient (GrpcClientProtocolClient.java:onNext(255)) - client-0F1B900A64BD->9bf35ae9-4da0-4371-87fa-54ea3ce1f280: receive RaftClientReply:client-0F1B900A64BD->9bf35ae9-4da0-4371-87fa-54ea3ce1f280@group-432E83AF5B55, cid=758, SUCCESS, logIndex=960, commits[9bf35ae9-4da0-4371-87fa-54ea3ce1f280:c961, 0cc34542-3a00-466e-ae84-194b84d3af7b:c957, d451d94d-57a0-4545-b387-d428f64e3f33:c957]
2019-07-09 16:25:50,356 INFO  client.GrpcClientProtocolClient (GrpcClientProtocolClient.java:onNext(255)) - client-0F1B900A64BD->9bf35ae9-4da0-4371-87fa-54ea3ce1f280: receive RaftClientReply:client-0F1B900A64BD->9bf35ae9-4da0-4371-87fa-54ea3ce1f280@group-432E83AF5B55, cid=759, SUCCESS, logIndex=961, commits[9bf35ae9-4da0-4371-87fa-54ea3ce1f280:c961, 0cc34542-3a00-466e-ae84-194b84d3af7b:c957, d451d94d-57a0-4545-b387-d428f64e3f33:c957]
2019-07-09 16:25:50,368 INFO  client.GrpcClientProtocolClient (GrpcClientProtocolClient.java:onNext(255)) - client-0F1B900A64BD->9bf35ae9-4da0-4371-87fa-54ea3ce1f280: receive RaftClientReply:client-0F1B900A64BD->9bf35ae9-4da0-4371-87fa-54ea3ce1f280@group-432E83AF5B55, cid=760, SUCCESS, logIndex=0, commits[9bf35ae9-4da0-4371-87fa-54ea3ce1f280:c962, 0cc34542-3a00-466e-ae84-194b84d3af7b:c959, d451d94d-57a0-4545-b387-d428f64e3f33:c959]
2019-07-09 16:25:50,389 INFO  client.GrpcClientProtocolClient (GrpcClientProtocolClient.java:onNext(255)) - client-0F1B900A64BD->9bf35ae9-4da0-4371-87fa-54ea3ce1f280: receive RaftClientReply:client-0F1B900A64BD->9bf35ae9-4da0-4371-87fa-54ea3ce1f280@group-432E83AF5B55, cid=761, SUCCESS, logIndex=966, commits[9bf35ae9-4da0-4371-87fa-54ea3ce1f280:c967, 0cc34542-3a00-466e-ae84-194b84d3af7b:c965, d451d94d-57a0-4545-b387-d428f64e3f33:c965]
2019-07-09 16:25:50,389 INFO  client.GrpcClientProtocolClient (GrpcClientProtocolClient.java:onNext(255)) - client-0F1B900A64BD->9bf35ae9-4da0-4371-87fa-54ea3ce1f280: receive RaftClientReply:client-0F1B900A64BD->9bf35ae9-4da0-4371-87fa-54ea3ce1f280@group-432E83AF5B55, cid=762, SUCCESS, logIndex=967, commits[9bf35ae9-4da0-4371-87fa-54ea3ce1f280:c967, 0cc34542-3a00-466e-ae84-194b84d3af7b:c965, d451d94d-57a0-4545-b387-d428f64e3f33:c965]
2019-07-09 16:25:50,404 INFO  client.GrpcClientProtocolClient (GrpcClientProtocolClient.java:onNext(255)) - client-0F1B900A64BD->9bf35ae9-4da0-4371-87fa-54ea3ce1f280: receive RaftClientReply:client-0F1B900A64BD->9bf35ae9-4da0-4371-87fa-54ea3ce1f280@group-432E83AF5B55, cid=763, SUCCESS, logIndex=970, commits[9bf35ae9-4da0-4371-87fa-54ea3ce1f280:c971, 0cc34542-3a00-466e-ae84-194b84d3af7b:c967, d451d94d-57a0-4545-b387-d428f64e3f33:c967]
2019-07-09 16:25:50,404 INFO  client.GrpcClientProtocolClient (GrpcClientProtocolClient.java:onNext(255)) - client-0F1B900A64BD->9bf35ae9-4da0-4371-87fa-54ea3ce1f280: receive RaftClientReply:client-0F1B900A64BD->9bf35ae9-4da0-4371-87fa-54ea3ce1f280@group-432E83AF5B55, cid=764, SUCCESS, logIndex=971, commits[9bf35ae9-4da0-4371-87fa-54ea3ce1f280:c971, 0cc34542-3a00-466e-ae84-194b84d3af7b:c967, d451d94d-57a0-4545-b387-d428f64e3f33:c967]
2019-07-09 16:25:50,418 INFO  client.GrpcClientProtocolClient (GrpcClientProtocolClient.java:onNext(255)) - client-0F1B900A64BD->9bf35ae9-4da0-4371-87fa-54ea3ce1f280: receive RaftClientReply:client-0F1B900A64BD->9bf35ae9-4da0-4371-87fa-54ea3ce1f280@group-432E83AF5B55, cid=765, SUCCESS, logIndex=0, commits[9bf35ae9-4da0-4371-87fa-54ea3ce1f280:c973, 0cc34542-3a00-466e-ae84-194b84d3af7b:c971, d451d94d-57a0-4545-b387-d428f64e3f33:c971]
 0.00% |█                                                                                                    |  0/1 Time: 0:00:022019-07-09 16:25:50,553 INFO  client.GrpcClientProtocolClient (GrpcClientProtocolClient.java:onNext(255)) - client-0F1B900A64BD->9bf35ae9-4da0-4371-87fa-54ea3ce1f280: receive RaftClientReply:client-0F1B900A64BD->9bf35ae9-4da0-4371-87fa-54ea3ce1f280@group-432E83AF5B55, cid=766, SUCCESS, logIndex=974, commits[9bf35ae9-4da0-4371-87fa-54ea3ce1f280:c974, 0cc34542-3a00-466e-ae84-194b84d3af7b:c973, d451d94d-57a0-4545-b387-d428f64e3f33:c973]
2019-07-09 16:25:50,554 INFO  client.GrpcClientProtocolClient (GrpcClientProtocolClient.java:onNext(255)) - client-0F1B900A64BD->9bf35ae9-4da0-4371-87fa-54ea3ce1f280: receive RaftClientReply:client-0F1B900A64BD->9bf35ae9-4da0-4371-87fa-54ea3ce1f280@group-432E83AF5B55, cid=767, SUCCESS, logIndex=975, commits[9bf35ae9-4da0-4371-87fa-54ea3ce1f280:c977, 0cc34542-3a00-466e-ae84-194b84d3af7b:c973, d451d94d-57a0-4545-b387-d428f64e3f33:c973]
2019-07-09 16:25:50,554 INFO  client.GrpcClientProtocolClient (GrpcClientProtocolClient.java:onNext(255)) - client-0F1B900A64BD->9bf35ae9-4da0-4371-87fa-54ea3ce1f280: receive RaftClientReply:client-0F1B900A64BD->9bf35ae9-4da0-4371-87fa-54ea3ce1f280@group-432E83AF5B55, cid=768, SUCCESS, logIndex=976, commits[9bf35ae9-4da0-4371-87fa-54ea3ce1f280:c977, 0cc34542-3a00-466e-ae84-194b84d3af7b:c973, d451d94d-57a0-4545-b387-d428f64e3f33:c973]
2019-07-09 16:25:50,555 INFO  client.GrpcClientProtocolClient (GrpcClientProtocolClient.java:onNext(255)) - client-0F1B900A64BD->9bf35ae9-4da0-4371-87fa-54ea3ce1f280: receive RaftClientReply:client-0F1B900A64BD->9bf35ae9-4da0-4371-87fa-54ea3ce1f280@group-432E83AF5B55, cid=769, SUCCESS, logIndex=977, commits[9bf35ae9-4da0-4371-87fa-54ea3ce1f280:c977, 0cc34542-3a00-466e-ae84-194b84d3af7b:c973, d451d94d-57a0-4545-b387-d428f64e3f33:c973]
2019-07-09 16:25:50,574 INFO  client.GrpcClientProtocolClient (GrpcClientProtocolClient.java:onNext(255)) - client-0F1B900A64BD->9bf35ae9-4da0-4371-87fa-54ea3ce1f280: receive RaftClientReply:client-0F1B900A64BD->9bf35ae9-4da0-4371-87fa-54ea3ce1f280@group-432E83AF5B55, cid=770, SUCCESS, logIndex=0, commits[9bf35ae9-4da0-4371-87fa-54ea3ce1f280:c979, 0cc34542-3a00-466e-ae84-194b84d3af7b:c977, d451d94d-57a0-4545-b387-d428f64e3f33:c977]
2019-07-09 16:25:50,598 INFO  client.GrpcClientProtocolClient (GrpcClientProtocolClient.java:onNext(255)) - client-0F1B900A64BD->9bf35ae9-4da0-4371-87fa-54ea3ce1f280: receive RaftClientReply:client-0F1B900A64BD->9bf35ae9-4da0-4371-87fa-54ea3ce1f280@group-432E83AF5B55, cid=771, SUCCESS, logIndex=980, commits[9bf35ae9-4da0-4371-87fa-54ea3ce1f280:c981, 0cc34542-3a00-466e-ae84-194b84d3af7b:c979, d451d94d-57a0-4545-b387-d428f64e3f33:c979]
2019-07-09 16:25:50,598 INFO  client.GrpcClientProtocolClient (GrpcClientProtocolClient.java:onNext(255)) - client-0F1B900A64BD->9bf35ae9-4da0-4371-87fa-54ea3ce1f280: receive RaftClientReply:client-0F1B900A64BD->9bf35ae9-4da0-4371-87fa-54ea3ce1f280@group-432E83AF5B55, cid=772, SUCCESS, logIndex=981, commits[9bf35ae9-4da0-4371-87fa-54ea3ce1f280:c981, 0cc34542-3a00-466e-ae84-194b84d3af7b:c979, d451d94d-57a0-4545-b387-d428f64e3f33:c979]
2019-07-09 16:25:50,624 INFO  client.GrpcClientProtocolClient (GrpcClientProtocolClient.java:onNext(255)) - client-0F1B900A64BD->9bf35ae9-4da0-4371-87fa-54ea3ce1f280: receive RaftClientReply:client-0F1B900A64BD->9bf35ae9-4da0-4371-87fa-54ea3ce1f280@group-432E83AF5B55, cid=773, SUCCESS, logIndex=984, commits[9bf35ae9-4da0-4371-87fa-54ea3ce1f280:c985, 0cc34542-3a00-466e-ae84-194b84d3af7b:c981, d451d94d-57a0-4545-b387-d428f64e3f33:c981]
2019-07-09 16:25:50,625 INFO  client.GrpcClientProtocolClient (GrpcClientProtocolClient.java:onNext(255)) - client-0F1B900A64BD->9bf35ae9-4da0-4371-87fa-54ea3ce1f280: receive RaftClientReply:client-0F1B900A64BD->9bf35ae9-4da0-4371-87fa-54ea3ce1f280@group-432E83AF5B55, cid=774, SUCCESS, logIndex=985, commits[9bf35ae9-4da0-4371-87fa-54ea3ce1f280:c985, 0cc34542-3a00-466e-ae84-194b84d3af7b:c981, d451d94d-57a0-4545-b387-d428f64e3f33:c981]
2019-07-09 16:25:50,639 INFO  client.GrpcClientProtocolClient (GrpcClientProtocolClient.java:onNext(255)) - client-0F1B900A64BD->9bf35ae9-4da0-4371-87fa-54ea3ce1f280: receive RaftClientReply:client-0F1B900A64BD->9bf35ae9-4da0-4371-87fa-54ea3ce1f280@group-432E83AF5B55, cid=775, SUCCESS, logIndex=0, commits[9bf35ae9-4da0-4371-87fa-54ea3ce1f280:c986, 0cc34542-3a00-466e-ae84-194b84d3af7b:c985, d451d94d-57a0-4545-b387-d428f64e3f33:c985]
2019-07-09 16:25:50,666 INFO  client.GrpcClientProtocolClient (GrpcClientProtocolClient.java:onNext(255)) - client-0F1B900A64BD->9bf35ae9-4da0-4371-87fa-54ea3ce1f280: receive RaftClientReply:client-0F1B900A64BD->9bf35ae9-4da0-4371-87fa-54ea3ce1f280@group-432E83AF5B55, cid=776, SUCCESS, logIndex=988, commits[9bf35ae9-4da0-4371-87fa-54ea3ce1f280:c989, 0cc34542-3a00-466e-ae84-194b84d3af7b:c987, d451d94d-57a0-4545-b387-d428f64e3f33:c987]
2019-07-09 16:25:50,667 INFO  client.GrpcClientProtocolClient (GrpcClientProtocolClient.java:onNext(255)) - client-0F1B900A64BD->9bf35ae9-4da0-4371-87fa-54ea3ce1f280: receive RaftClientReply:client-0F1B900A64BD->9bf35ae9-4da0-4371-87fa-54ea3ce1f280@group-432E83AF5B55, cid=777, SUCCESS, logIndex=989, commits[9bf35ae9-4da0-4371-87fa-54ea3ce1f280:c989, 0cc34542-3a00-466e-ae84-194b84d3af7b:c987, d451d94d-57a0-4545-b387-d428f64e3f33:c987]
2019-07-09 16:25:50,680 INFO  client.GrpcClientProtocolClient (GrpcClientProtocolClient.java:onNext(255)) - client-0F1B900A64BD->9bf35ae9-4da0-4371-87fa-54ea3ce1f280: receive RaftClientReply:client-0F1B900A64BD->9bf35ae9-4da0-4371-87fa-54ea3ce1f280@group-432E83AF5B55, cid=778, SUCCESS, logIndex=990, commits[9bf35ae9-4da0-4371-87fa-54ea3ce1f280:c991, 0cc34542-3a00-466e-ae84-194b84d3af7b:c987, d451d94d-57a0-4545-b387-d428f64e3f33:c987]
2019-07-09 16:25:50,681 INFO  client.GrpcClientProtocolClient (GrpcClientProtocolClient.java:onNext(255)) - client-0F1B900A64BD->9bf35ae9-4da0-4371-87fa-54ea3ce1f280: receive RaftClientReply:client-0F1B900A64BD->9bf35ae9-4da0-4371-87fa-54ea3ce1f280@group-432E83AF5B55, cid=779, SUCCESS, logIndex=991, commits[9bf35ae9-4da0-4371-87fa-54ea3ce1f280:c993, 0cc34542-3a00-466e-ae84-194b84d3af7b:c987, d451d94d-57a0-4545-b387-d428f64e3f33:c987]
2019-07-09 16:25:50,692 INFO  client.GrpcClientProtocolClient (GrpcClientProtocolClient.java:onNext(255)) - client-0F1B900A64BD->9bf35ae9-4da0-4371-87fa-54ea3ce1f280: receive RaftClientReply:client-0F1B900A64BD->9bf35ae9-4da0-4371-87fa-54ea3ce1f280@group-432E83AF5B55, cid=780, SUCCESS, logIndex=0, commits[9bf35ae9-4da0-4371-87fa-54ea3ce1f280:c994, 0cc34542-3a00-466e-ae84-194b84d3af7b:c990, d451d94d-57a0-4545-b387-d428f64e3f33:c990]
2019-07-09 16:25:50,714 INFO  client.GrpcClientProtocolClient (GrpcClientProtocolClient.java:onNext(255)) - client-0F1B900A64BD->9bf35ae9-4da0-4371-87fa-54ea3ce1f280: receive RaftClientReply:client-0F1B900A64BD->9bf35ae9-4da0-4371-87fa-54ea3ce1f280@group-432E83AF5B55, cid=781, SUCCESS, logIndex=996, commits[9bf35ae9-4da0-4371-87fa-54ea3ce1f280:c997, 0cc34542-3a00-466e-ae84-194b84d3af7b:c995, d451d94d-57a0-4545-b387-d428f64e3f33:c995]
2019-07-09 16:25:50,714 INFO  client.GrpcClientProtocolClient (GrpcClientProtocolClient.java:onNext(255)) - client-0F1B900A64BD->9bf35ae9-4da0-4371-87fa-54ea3ce1f280: receive RaftClientReply:client-0F1B900A64BD->9bf35ae9-4da0-4371-87fa-54ea3ce1f280@group-432E83AF5B55, cid=782, SUCCESS, logIndex=997, commits[9bf35ae9-4da0-4371-87fa-54ea3ce1f280:c997, 0cc34542-3a00-466e-ae84-194b84d3af7b:c995, d451d94d-57a0-4545-b387-d428f64e3f33:c995]
2019-07-09 16:25:50,727 INFO  client.GrpcClientProtocolClient (GrpcClientProtocolClient.java:onNext(255)) - client-0F1B900A64BD->9bf35ae9-4da0-4371-87fa-54ea3ce1f280: receive RaftClientReply:client-0F1B900A64BD->9bf35ae9-4da0-4371-87fa-54ea3ce1f280@group-432E83AF5B55, cid=783, SUCCESS, logIndex=1000, commits[9bf35ae9-4da0-4371-87fa-54ea3ce1f280:c1001, 0cc34542-3a00-466e-ae84-194b84d3af7b:c997, d451d94d-57a0-4545-b387-d428f64e3f33:c997]
2019-07-09 16:25:50,727 INFO  client.GrpcClientProtocolClient (GrpcClientProtocolClient.java:onNext(255)) - client-0F1B900A64BD->9bf35ae9-4da0-4371-87fa-54ea3ce1f280: receive RaftClientReply:client-0F1B900A64BD->9bf35ae9-4da0-4371-87fa-54ea3ce1f280@group-432E83AF5B55, cid=784, SUCCESS, logIndex=1001, commits[9bf35ae9-4da0-4371-87fa-54ea3ce1f280:c1001, 0cc34542-3a00-466e-ae84-194b84d3af7b:c997, d451d94d-57a0-4545-b387-d428f64e3f33:c997]
2019-07-09 16:25:50,741 INFO  client.GrpcClientProtocolClient (GrpcClientProtocolClient.java:onNext(255)) - client-0F1B900A64BD->9bf35ae9-4da0-4371-87fa-54ea3ce1f280: receive RaftClientReply:client-0F1B900A64BD->9bf35ae9-4da0-4371-87fa-54ea3ce1f280@group-432E83AF5B55, cid=785, SUCCESS, logIndex=0, commits[9bf35ae9-4da0-4371-87fa-54ea3ce1f280:c1003, 0cc34542-3a00-466e-ae84-194b84d3af7b:c1001, d451d94d-57a0-4545-b387-d428f64e3f33:c1001]
2019-07-09 16:25:50,759 INFO  client.GrpcClientProtocolClient (GrpcClientProtocolClient.java:onNext(255)) - client-0F1B900A64BD->9bf35ae9-4da0-4371-87fa-54ea3ce1f280: receive RaftClientReply:client-0F1B900A64BD->9bf35ae9-4da0-4371-87fa-54ea3ce1f280@group-432E83AF5B55, cid=786, SUCCESS, logIndex=1004, commits[9bf35ae9-4da0-4371-87fa-54ea3ce1f280:c1007, 0cc34542-3a00-466e-ae84-194b84d3af7b:c1003, d451d94d-57a0-4545-b387-d428f64e3f33:c1001]
2019-07-09 16:25:50,759 INFO  client.GrpcClientProtocolClient (GrpcClientProtocolClient.java:onNext(255)) - client-0F1B900A64BD->9bf35ae9-4da0-4371-87fa-54ea3ce1f280: receive RaftClientReply:client-0F1B900A64BD->9bf35ae9-4da0-4371-87fa-54ea3ce1f280@group-432E83AF5B55, cid=787, SUCCESS, logIndex=1005, commits[9bf35ae9-4da0-4371-87fa-54ea3ce1f280:c1007, 0cc34542-3a00-466e-ae84-194b84d3af7b:c1003, d451d94d-57a0-4545-b387-d428f64e3f33:c1003]
2019-07-09 16:25:50,759 INFO  client.GrpcClientProtocolClient (GrpcClientProtocolClient.java:onNext(255)) - client-0F1B900A64BD->9bf35ae9-4da0-4371-87fa-54ea3ce1f280: receive RaftClientReply:client-0F1B900A64BD->9bf35ae9-4da0-4371-87fa-54ea3ce1f280@group-432E83AF5B55, cid=788, SUCCESS, logIndex=1006, commits[9bf35ae9-4da0-4371-87fa-54ea3ce1f280:c1008, 0cc34542-3a00-466e-ae84-194b84d3af7b:c1003, d451d94d-57a0-4545-b387-d428f64e3f33:c1004]
2019-07-09 16:25:50,760 INFO  client.GrpcClientProtocolClient (GrpcClientProtocolClient.java:onNext(255)) - client-0F1B900A64BD->9bf35ae9-4da0-4371-87fa-54ea3ce1f280: receive RaftClientReply:client-0F1B900A64BD->9bf35ae9-4da0-4371-87fa-54ea3ce1f280@group-432E83AF5B55, cid=789, SUCCESS, logIndex=1007, commits[9bf35ae9-4da0-4371-87fa-54ea3ce1f280:c1008, 0cc34542-3a00-466e-ae84-194b84d3af7b:c1004, d451d94d-57a0-4545-b387-d428f64e3f33:c1004]
2019-07-09 16:25:50,761 INFO  client.GrpcClientProtocolClient (GrpcClientProtocolClient.java:onNext(255)) - client-0F1B900A64BD->9bf35ae9-4da0-4371-87fa-54ea3ce1f280: receive RaftClientReply:client-0F1B900A64BD->9bf35ae9-4da0-4371-87fa-54ea3ce1f280@group-432E83AF5B55, cid=790, SUCCESS, logIndex=0, commits[9bf35ae9-4da0-4371-87fa-54ea3ce1f280:c1009, 0cc34542-3a00-466e-ae84-194b84d3af7b:c1005, d451d94d-57a0-4545-b387-d428f64e3f33:c1005]
2019-07-09 16:25:50,774 INFO  client.GrpcClientProtocolClient (GrpcClientProtocolClient.java:onNext(255)) - client-0F1B900A64BD->9bf35ae9-4da0-4371-87fa-54ea3ce1f280: receive RaftClientReply:client-0F1B900A64BD->9bf35ae9-4da0-4371-87fa-54ea3ce1f280@group-432E83AF5B55, cid=791, SUCCESS, logIndex=1012, commits[9bf35ae9-4da0-4371-87fa-54ea3ce1f280:c1013, 0cc34542-3a00-466e-ae84-194b84d3af7b:c1011, d451d94d-57a0-4545-b387-d428f64e3f33:c1007]
2019-07-09 16:25:50,774 INFO  client.GrpcClientProtocolClient (GrpcClientProtocolClient.java:onNext(255)) - client-0F1B900A64BD->9bf35ae9-4da0-4371-87fa-54ea3ce1f280: receive RaftClientReply:client-0F1B900A64BD->9bf35ae9-4da0-4371-87fa-54ea3ce1f280@group-432E83AF5B55, cid=792, SUCCESS, logIndex=1013, commits[9bf35ae9-4da0-4371-87fa-54ea3ce1f280:c1013, 0cc34542-3a00-466e-ae84-194b84d3af7b:c1011, d451d94d-57a0-4545-b387-d428f64e3f33:c1011]
2019-07-09 16:25:50,787 INFO  client.GrpcClientProtocolClient (GrpcClientProtocolClient.java:onNext(255)) - client-0F1B900A64BD->9bf35ae9-4da0-4371-87fa-54ea3ce1f280: receive RaftClientReply:client-0F1B900A64BD->9bf35ae9-4da0-4371-87fa-54ea3ce1f280@group-432E83AF5B55, cid=793, SUCCESS, logIndex=1016, commits[9bf35ae9-4da0-4371-87fa-54ea3ce1f280:c1017, 0cc34542-3a00-466e-ae84-194b84d3af7b:c1015, d451d94d-57a0-4545-b387-d428f64e3f33:c1015]
2019-07-09 16:25:50,787 INFO  client.GrpcClientProtocolClient (GrpcClientProtocolClient.java:onNext(255)) - client-0F1B900A64BD->9bf35ae9-4da0-4371-87fa-54ea3ce1f280: receive RaftClientReply:client-0F1B900A64BD->9bf35ae9-4da0-4371-87fa-54ea3ce1f280@group-432E83AF5B55, cid=794, SUCCESS, logIndex=1017, commits[9bf35ae9-4da0-4371-87fa-54ea3ce1f280:c1017, 0cc34542-3a00-466e-ae84-194b84d3af7b:c1015, d451d94d-57a0-4545-b387-d428f64e3f33:c1015]
2019-07-09 16:25:50,790 INFO  client.GrpcClientProtocolClient (GrpcClientProtocolClient.java:onNext(255)) - client-0F1B900A64BD->9bf35ae9-4da0-4371-87fa-54ea3ce1f280: receive RaftClientReply:client-0F1B900A64BD->9bf35ae9-4da0-4371-87fa-54ea3ce1f280@group-432E83AF5B55, cid=795, SUCCESS, logIndex=0, commits[9bf35ae9-4da0-4371-87fa-54ea3ce1f280:c1018, 0cc34542-3a00-466e-ae84-194b84d3af7b:c1017, d451d94d-57a0-4545-b387-d428f64e3f33:c1017]
2019-07-09 16:25:50,819 INFO  client.GrpcClientProtocolClient (GrpcClientProtocolClient.java:onNext(255)) - client-0F1B900A64BD->9bf35ae9-4da0-4371-87fa-54ea3ce1f280: receive RaftClientReply:client-0F1B900A64BD->9bf35ae9-4da0-4371-87fa-54ea3ce1f280@group-432E83AF5B55, cid=796, SUCCESS, logIndex=1020, commits[9bf35ae9-4da0-4371-87fa-54ea3ce1f280:c1021, 0cc34542-3a00-466e-ae84-194b84d3af7b:c1019, d451d94d-57a0-4545-b387-d428f64e3f33:c1019]
2019-07-09 16:25:50,819 INFO  client.GrpcClientProtocolClient (GrpcClientProtocolClient.java:onNext(255)) - client-0F1B900A64BD->9bf35ae9-4da0-4371-87fa-54ea3ce1f280: receive RaftClientReply:client-0F1B900A64BD->9bf35ae9-4da0-4371-87fa-54ea3ce1f280@group-432E83AF5B55, cid=797, SUCCESS, logIndex=1021, commits[9bf35ae9-4da0-4371-87fa-54ea3ce1f280:c1023, 0cc34542-3a00-466e-ae84-194b84d3af7b:c1019, d451d94d-57a0-4545-b387-d428f64e3f33:c1019]
2019-07-09 16:25:50,820 INFO  client.GrpcClientProtocolClient (GrpcClientProtocolClient.java:onNext(255)) - client-0F1B900A64BD->9bf35ae9-4da0-4371-87fa-54ea3ce1f280: receive RaftClientReply:client-0F1B900A64BD->9bf35ae9-4da0-4371-87fa-54ea3ce1f280@group-432E83AF5B55, cid=798, SUCCESS, logIndex=1022, commits[9bf35ae9-4da0-4371-87fa-54ea3ce1f280:c1023, 0cc34542-3a00-466e-ae84-194b84d3af7b:c1019, d451d94d-57a0-4545-b387-d428f64e3f33:c1019]
2019-07-09 16:25:50,820 INFO  client.GrpcClientProtocolClient (GrpcClientProtocolClient.java:onNext(255)) - client-0F1B900A64BD->9bf35ae9-4da0-4371-87fa-54ea3ce1f280: receive RaftClientReply:client-0F1B900A64BD->9bf35ae9-4da0-4371-87fa-54ea3ce1f280@group-432E83AF5B55, cid=799, SUCCESS, logIndex=1023, commits[9bf35ae9-4da0-4371-87fa-54ea3ce1f280:c1023, 0cc34542-3a00-466e-ae84-194b84d3af7b:c1019, d451d94d-57a0-4545-b387-d428f64e3f33:c1019]
2019-07-09 16:25:50,833 INFO  client.GrpcClientProtocolClient (GrpcClientProtocolClient.java:onNext(255)) - client-0F1B900A64BD->9bf35ae9-4da0-4371-87fa-54ea3ce1f280: receive RaftClientReply:client-0F1B900A64BD->9bf35ae9-4da0-4371-87fa-54ea3ce1f280@group-432E83AF5B55, cid=800, SUCCESS, logIndex=0, commits[9bf35ae9-4da0-4371-87fa-54ea3ce1f280:c1025, 0cc34542-3a00-466e-ae84-194b84d3af7b:c1021, d451d94d-57a0-4545-b387-d428f64e3f33:c1021]
2019-07-09 16:25:50,855 INFO  client.GrpcClientProtocolClient (GrpcClientProtocolClient.java:onNext(255)) - client-0F1B900A64BD->9bf35ae9-4da0-4371-87fa-54ea3ce1f280: receive RaftClientReply:client-0F1B900A64BD->9bf35ae9-4da0-4371-87fa-54ea3ce1f280@group-432E83AF5B55, cid=801, SUCCESS, logIndex=1028, commits[9bf35ae9-4da0-4371-87fa-54ea3ce1f280:c1029, 0cc34542-3a00-466e-ae84-194b84d3af7b:c1027, d451d94d-57a0-4545-b387-d428f64e3f33:c1027]
2019-07-09 16:25:50,855 INFO  client.GrpcClientProtocolClient (GrpcClientProtocolClient.java:onNext(255)) - client-0F1B900A64BD->9bf35ae9-4da0-4371-87fa-54ea3ce1f280: receive RaftClientReply:client-0F1B900A64BD->9bf35ae9-4da0-4371-87fa-54ea3ce1f280@group-432E83AF5B55, cid=802, SUCCESS, logIndex=1029, commits[9bf35ae9-4da0-4371-87fa-54ea3ce1f280:c1029, 0cc34542-3a00-466e-ae84-194b84d3af7b:c1027, d451d94d-57a0-4545-b387-d428f64e3f33:c1027]
2019-07-09 16:25:50,869 INFO  client.GrpcClientProtocolClient (GrpcClientProtocolClient.java:onNext(255)) - client-0F1B900A64BD->9bf35ae9-4da0-4371-87fa-54ea3ce1f280: receive RaftClientReply:client-0F1B900A64BD->9bf35ae9-4da0-4371-87fa-54ea3ce1f280@group-432E83AF5B55, cid=803, SUCCESS, logIndex=1032, commits[9bf35ae9-4da0-4371-87fa-54ea3ce1f280:c1033, 0cc34542-3a00-466e-ae84-194b84d3af7b:c1029, d451d94d-57a0-4545-b387-d428f64e3f33:c1029]
2019-07-09 16:25:50,870 INFO  client.GrpcClientProtocolClient (GrpcClientProtocolClient.java:onNext(255)) - client-0F1B900A64BD->9bf35ae9-4da0-4371-87fa-54ea3ce1f280: receive RaftClientReply:client-0F1B900A64BD->9bf35ae9-4da0-4371-87fa-54ea3ce1f280@group-432E83AF5B55, cid=804, SUCCESS, logIndex=1033, commits[9bf35ae9-4da0-4371-87fa-54ea3ce1f280:c1033, 0cc34542-3a00-466e-ae84-194b84d3af7b:c1029, d451d94d-57a0-4545-b387-d428f64e3f33:c1029]
2019-07-09 16:25:50,881 INFO  client.GrpcClientProtocolClient (GrpcClientProtocolClient.java:onNext(255)) - client-0F1B900A64BD->9bf35ae9-4da0-4371-87fa-54ea3ce1f280: receive RaftClientReply:client-0F1B900A64BD->9bf35ae9-4da0-4371-87fa-54ea3ce1f280@group-432E83AF5B55, cid=805, SUCCESS, logIndex=0, commits[9bf35ae9-4da0-4371-87fa-54ea3ce1f280:c1034, 0cc34542-3a00-466e-ae84-194b84d3af7b:c1033, d451d94d-57a0-4545-b387-d428f64e3f33:c1033]
2019-07-09 16:25:50,901 INFO  client.GrpcClientProtocolClient (GrpcClientProtocolClient.java:onNext(255)) - client-0F1B900A64BD->9bf35ae9-4da0-4371-87fa-54ea3ce1f280: receive RaftClientReply:client-0F1B900A64BD->9bf35ae9-4da0-4371-87fa-54ea3ce1f280@group-432E83AF5B55, cid=806, SUCCESS, logIndex=1036, commits[9bf35ae9-4da0-4371-87fa-54ea3ce1f280:c1037, 0cc34542-3a00-466e-ae84-194b84d3af7b:c1035, d451d94d-57a0-4545-b387-d428f64e3f33:c1035]
2019-07-09 16:25:50,902 INFO  client.GrpcClientProtocolClient (GrpcClientProtocolClient.java:onNext(255)) - client-0F1B900A64BD->9bf35ae9-4da0-4371-87fa-54ea3ce1f280: receive RaftClientReply:client-0F1B900A64BD->9bf35ae9-4da0-4371-87fa-54ea3ce1f280@group-432E83AF5B55, cid=807, SUCCESS, logIndex=1037, commits[9bf35ae9-4da0-4371-87fa-54ea3ce1f280:c1037, 0cc34542-3a00-466e-ae84-194b84d3af7b:c1035, d451d94d-57a0-4545-b387-d428f64e3f33:c1035]
2019-07-09 16:25:50,902 INFO  client.GrpcClientProtocolClient (GrpcClientProtocolClient.java:onNext(255)) - client-0F1B900A64BD->9bf35ae9-4da0-4371-87fa-54ea3ce1f280: receive RaftClientReply:client-0F1B900A64BD->9bf35ae9-4da0-4371-87fa-54ea3ce1f280@group-432E83AF5B55, cid=808, SUCCESS, logIndex=1038, commits[9bf35ae9-4da0-4371-87fa-54ea3ce1f280:c1039, 0cc34542-3a00-466e-ae84-194b84d3af7b:c1035, d451d94d-57a0-4545-b387-d428f64e3f33:c1035]
2019-07-09 16:25:50,903 INFO  client.GrpcClientProtocolClient (GrpcClientProtocolClient.java:onNext(255)) - client-0F1B900A64BD->9bf35ae9-4da0-4371-87fa-54ea3ce1f280: receive RaftClientReply:client-0F1B900A64BD->9bf35ae9-4da0-4371-87fa-54ea3ce1f280@group-432E83AF5B55, cid=809, SUCCESS, logIndex=1039, commits[9bf35ae9-4da0-4371-87fa-54ea3ce1f280:c1039, 0cc34542-3a00-466e-ae84-194b84d3af7b:c1035, d451d94d-57a0-4545-b387-d428f64e3f33:c1035]
2019-07-09 16:25:50,915 INFO  client.GrpcClientProtocolClient (GrpcClientProtocolClient.java:onNext(255)) - client-0F1B900A64BD->9bf35ae9-4da0-4371-87fa-54ea3ce1f280: receive RaftClientReply:client-0F1B900A64BD->9bf35ae9-4da0-4371-87fa-54ea3ce1f280@group-432E83AF5B55, cid=810, SUCCESS, logIndex=0, commits[9bf35ae9-4da0-4371-87fa-54ea3ce1f280:c1041, 0cc34542-3a00-466e-ae84-194b84d3af7b:c1037, d451d94d-57a0-4545-b387-d428f64e3f33:c1037]
2019-07-09 16:25:50,938 INFO  client.GrpcClientProtocolClient (GrpcClientProtocolClient.java:onNext(255)) - client-0F1B900A64BD->9bf35ae9-4da0-4371-87fa-54ea3ce1f280: receive RaftClientReply:client-0F1B900A64BD->9bf35ae9-4da0-4371-87fa-54ea3ce1f280@group-432E83AF5B55, cid=811, SUCCESS, logIndex=1044, commits[9bf35ae9-4da0-4371-87fa-54ea3ce1f280:c1045, 0cc34542-3a00-466e-ae84-194b84d3af7b:c1043, d451d94d-57a0-4545-b387-d428f64e3f33:c1043]
2019-07-09 16:25:50,939 INFO  client.GrpcClientProtocolClient (GrpcClientProtocolClient.java:onNext(255)) - client-0F1B900A64BD->9bf35ae9-4da0-4371-87fa-54ea3ce1f280: receive RaftClientReply:client-0F1B900A64BD->9bf35ae9-4da0-4371-87fa-54ea3ce1f280@group-432E83AF5B55, cid=812, SUCCESS, logIndex=1045, commits[9bf35ae9-4da0-4371-87fa-54ea3ce1f280:c1045, 0cc34542-3a00-466e-ae84-194b84d3af7b:c1043, d451d94d-57a0-4545-b387-d428f64e3f33:c1043]
2019-07-09 16:25:50,951 INFO  client.GrpcClientProtocolClient (GrpcClientProtocolClient.java:onNext(255)) - client-0F1B900A64BD->9bf35ae9-4da0-4371-87fa-54ea3ce1f280: receive RaftClientReply:client-0F1B900A64BD->9bf35ae9-4da0-4371-87fa-54ea3ce1f280@group-432E83AF5B55, cid=813, SUCCESS, logIndex=1048, commits[9bf35ae9-4da0-4371-87fa-54ea3ce1f280:c1049, 0cc34542-3a00-466e-ae84-194b84d3af7b:c1045, d451d94d-57a0-4545-b387-d428f64e3f33:c1044]
2019-07-09 16:25:50,952 INFO  client.GrpcClientProtocolClient (GrpcClientProtocolClient.java:onNext(255)) - client-0F1B900A64BD->9bf35ae9-4da0-4371-87fa-54ea3ce1f280: receive RaftClientReply:client-0F1B900A64BD->9bf35ae9-4da0-4371-87fa-54ea3ce1f280@group-432E83AF5B55, cid=814, SUCCESS, logIndex=1049, commits[9bf35ae9-4da0-4371-87fa-54ea3ce1f280:c1049, 0cc34542-3a00-466e-ae84-194b84d3af7b:c1045, d451d94d-57a0-4545-b387-d428f64e3f33:c1044]
2019-07-09 16:25:50,963 INFO  client.GrpcClientProtocolClient (GrpcClientProtocolClient.java:onNext(255)) - client-0F1B900A64BD->9bf35ae9-4da0-4371-87fa-54ea3ce1f280: receive RaftClientReply:client-0F1B900A64BD->9bf35ae9-4da0-4371-87fa-54ea3ce1f280@group-432E83AF5B55, cid=815, SUCCESS, logIndex=0, commits[9bf35ae9-4da0-4371-87fa-54ea3ce1f280:c1049, 0cc34542-3a00-466e-ae84-194b84d3af7b:c1045, d451d94d-57a0-4545-b387-d428f64e3f33:c1045]
2019-07-09 16:25:50,975 INFO  client.GrpcClientProtocolClient (GrpcClientProtocolClient.java:onNext(255)) - client-0F1B900A64BD->9bf35ae9-4da0-4371-87fa-54ea3ce1f280: receive RaftClientReply:client-0F1B900A64BD->9bf35ae9-4da0-4371-87fa-54ea3ce1f280@group-432E83AF5B55, cid=816, SUCCESS, logIndex=0, commits[9bf35ae9-4da0-4371-87fa-54ea3ce1f280:c1051, 0cc34542-3a00-466e-ae84-194b84d3af7b:c1049, d451d94d-57a0-4545-b387-d428f64e3f33:c1049]
2019-07-09 16:25:50,998 INFO  client.GrpcClientProtocolClient (GrpcClientProtocolClient.java:onNext(255)) - client-0F1B900A64BD->9bf35ae9-4da0-4371-87fa-54ea3ce1f280: receive RaftClientReply:client-0F1B900A64BD->9bf35ae9-4da0-4371-87fa-54ea3ce1f280@group-432E83AF5B55, cid=817, SUCCESS, logIndex=1052, commits[9bf35ae9-4da0-4371-87fa-54ea3ce1f280:c1053, 0cc34542-3a00-466e-ae84-194b84d3af7b:c1051, d451d94d-57a0-4545-b387-d428f64e3f33:c1051]
2019-07-09 16:25:50,999 INFO  client.GrpcClientProtocolClient (GrpcClientProtocolClient.java:onNext(255)) - client-0F1B900A64BD->9bf35ae9-4da0-4371-87fa-54ea3ce1f280: receive RaftClientReply:client-0F1B900A64BD->9bf35ae9-4da0-4371-87fa-54ea3ce1f280@group-432E83AF5B55, cid=818, SUCCESS, logIndex=1053, commits[9bf35ae9-4da0-4371-87fa-54ea3ce1f280:c1054, 0cc34542-3a00-466e-ae84-194b84d3af7b:c1051, d451d94d-57a0-4545-b387-d428f64e3f33:c1051]
2019-07-09 16:25:50,999 INFO  client.GrpcClientProtocolClient (GrpcClientProtocolClient.java:onNext(255)) - client-0F1B900A64BD->9bf35ae9-4da0-4371-87fa-54ea3ce1f280: receive RaftClientReply:client-0F1B900A64BD->9bf35ae9-4da0-4371-87fa-54ea3ce1f280@group-432E83AF5B55, cid=819, SUCCESS, logIndex=1054, commits[9bf35ae9-4da0-4371-87fa-54ea3ce1f280:c1055, 0cc34542-3a00-466e-ae84-194b84d3af7b:c1051, d451d94d-57a0-4545-b387-d428f64e3f33:c1051]
2019-07-09 16:25:50,999 INFO  client.GrpcClientProtocolClient (GrpcClientProtocolClient.java:onNext(255)) - client-0F1B900A64BD->9bf35ae9-4da0-4371-87fa-54ea3ce1f280: receive RaftClientReply:client-0F1B900A64BD->9bf35ae9-4da0-4371-87fa-54ea3ce1f280@group-432E83AF5B55, cid=820, SUCCESS, logIndex=1055, commits[9bf35ae9-4da0-4371-87fa-54ea3ce1f280:c1055, 0cc34542-3a00-466e-ae84-194b84d3af7b:c1051, d451d94d-57a0-4545-b387-d428f64e3f33:c1051]
2019-07-09 16:25:51,001 INFO  client.GrpcClientProtocolClient (GrpcClientProtocolClient.java:onNext(255)) - client-0F1B900A64BD->9bf35ae9-4da0-4371-87fa-54ea3ce1f280: receive RaftClientReply:client-0F1B900A64BD->9bf35ae9-4da0-4371-87fa-54ea3ce1f280@group-432E83AF5B55, cid=821, SUCCESS, logIndex=0, commits[9bf35ae9-4da0-4371-87fa-54ea3ce1f280:c1057, 0cc34542-3a00-466e-ae84-194b84d3af7b:c1053, d451d94d-57a0-4545-b387-d428f64e3f33:c1053]
2019-07-09 16:25:51,015 INFO  client.GrpcClientProtocolClient (GrpcClientProtocolClient.java:onNext(255)) - client-0F1B900A64BD->9bf35ae9-4da0-4371-87fa-54ea3ce1f280: receive RaftClientReply:client-0F1B900A64BD->9bf35ae9-4da0-4371-87fa-54ea3ce1f280@group-432E83AF5B55, cid=822, SUCCESS, logIndex=1060, commits[9bf35ae9-4da0-4371-87fa-54ea3ce1f280:c1061, 0cc34542-3a00-466e-ae84-194b84d3af7b:c1059, d451d94d-57a0-4545-b387-d428f64e3f33:c1055]
2019-07-09 16:25:51,016 INFO  client.GrpcClientProtocolClient (GrpcClientProtocolClient.java:onNext(255)) - client-0F1B900A64BD->9bf35ae9-4da0-4371-87fa-54ea3ce1f280: receive RaftClientReply:client-0F1B900A64BD->9bf35ae9-4da0-4371-87fa-54ea3ce1f280@group-432E83AF5B55, cid=823, SUCCESS, logIndex=1061, commits[9bf35ae9-4da0-4371-87fa-54ea3ce1f280:c1061, 0cc34542-3a00-466e-ae84-194b84d3af7b:c1059, d451d94d-57a0-4545-b387-d428f64e3f33:c1059]
2019-07-09 16:25:51,029 INFO  client.GrpcClientProtocolClient (GrpcClientProtocolClient.java:onNext(255)) - client-0F1B900A64BD->9bf35ae9-4da0-4371-87fa-54ea3ce1f280: receive RaftClientReply:client-0F1B900A64BD->9bf35ae9-4da0-4371-87fa-54ea3ce1f280@group-432E83AF5B55, cid=824, SUCCESS, logIndex=1064, commits[9bf35ae9-4da0-4371-87fa-54ea3ce1f280:c1065, 0cc34542-3a00-466e-ae84-194b84d3af7b:c1063, d451d94d-57a0-4545-b387-d428f64e3f33:c1061]
2019-07-09 16:25:51,029 INFO  client.GrpcClientProtocolClient (GrpcClientProtocolClient.java:onNext(255)) - client-0F1B900A64BD->9bf35ae9-4da0-4371-87fa-54ea3ce1f280: receive RaftClientReply:client-0F1B900A64BD->9bf35ae9-4da0-4371-87fa-54ea3ce1f280@group-432E83AF5B55, cid=825, SUCCESS, logIndex=1065, commits[9bf35ae9-4da0-4371-87fa-54ea3ce1f280:c1065, 0cc34542-3a00-466e-ae84-194b84d3af7b:c1063, d451d94d-57a0-4545-b387-d428f64e3f33:c1063]
2019-07-09 16:25:51,032 INFO  client.GrpcClientProtocolClient (GrpcClientProtocolClient.java:onNext(255)) - client-0F1B900A64BD->9bf35ae9-4da0-4371-87fa-54ea3ce1f280: receive RaftClientReply:client-0F1B900A64BD->9bf35ae9-4da0-4371-87fa-54ea3ce1f280@group-432E83AF5B55, cid=826, SUCCESS, logIndex=0, commits[9bf35ae9-4da0-4371-87fa-54ea3ce1f280:c1066, 0cc34542-3a00-466e-ae84-194b84d3af7b:c1065, d451d94d-57a0-4545-b387-d428f64e3f33:c1065]
2019-07-09 16:25:51,062 INFO  client.GrpcClientProtocolClient (GrpcClientProtocolClient.java:onNext(255)) - client-0F1B900A64BD->9bf35ae9-4da0-4371-87fa-54ea3ce1f280: receive RaftClientReply:client-0F1B900A64BD->9bf35ae9-4da0-4371-87fa-54ea3ce1f280@group-432E83AF5B55, cid=827, SUCCESS, logIndex=1068, commits[9bf35ae9-4da0-4371-87fa-54ea3ce1f280:c1069, 0cc34542-3a00-466e-ae84-194b84d3af7b:c1067, d451d94d-57a0-4545-b387-d428f64e3f33:c1067]
2019-07-09 16:25:51,063 INFO  client.GrpcClientProtocolClient (GrpcClientProtocolClient.java:onNext(255)) - client-0F1B900A64BD->9bf35ae9-4da0-4371-87fa-54ea3ce1f280: receive RaftClientReply:client-0F1B900A64BD->9bf35ae9-4da0-4371-87fa-54ea3ce1f280@group-432E83AF5B55, cid=828, SUCCESS, logIndex=1069, commits[9bf35ae9-4da0-4371-87fa-54ea3ce1f280:c1071, 0cc34542-3a00-466e-ae84-194b84d3af7b:c1067, d451d94d-57a0-4545-b387-d428f64e3f33:c1067]
2019-07-09 16:25:51,063 INFO  client.GrpcClientProtocolClient (GrpcClientProtocolClient.java:onNext(255)) - client-0F1B900A64BD->9bf35ae9-4da0-4371-87fa-54ea3ce1f280: receive RaftClientReply:client-0F1B900A64BD->9bf35ae9-4da0-4371-87fa-54ea3ce1f280@group-432E83AF5B55, cid=829, SUCCESS, logIndex=1070, commits[9bf35ae9-4da0-4371-87fa-54ea3ce1f280:c1071, 0cc34542-3a00-466e-ae84-194b84d3af7b:c1067, d451d94d-57a0-4545-b387-d428f64e3f33:c1067]
2019-07-09 16:25:51,063 INFO  client.GrpcClientProtocolClient (GrpcClientProtocolClient.java:onNext(255)) - client-0F1B900A64BD->9bf35ae9-4da0-4371-87fa-54ea3ce1f280: receive RaftClientReply:client-0F1B900A64BD->9bf35ae9-4da0-4371-87fa-54ea3ce1f280@group-432E83AF5B55, cid=830, SUCCESS, logIndex=1071, commits[9bf35ae9-4da0-4371-87fa-54ea3ce1f280:c1071, 0cc34542-3a00-466e-ae84-194b84d3af7b:c1067, d451d94d-57a0-4545-b387-d428f64e3f33:c1067]
2019-07-09 16:25:51,065 INFO  client.GrpcClientProtocolClient (GrpcClientProtocolClient.java:onNext(255)) - client-0F1B900A64BD->9bf35ae9-4da0-4371-87fa-54ea3ce1f280: receive RaftClientReply:client-0F1B900A64BD->9bf35ae9-4da0-4371-87fa-54ea3ce1f280@group-432E83AF5B55, cid=831, SUCCESS, logIndex=0, commits[9bf35ae9-4da0-4371-87fa-54ea3ce1f280:c1075, 0cc34542-3a00-466e-ae84-194b84d3af7b:c1071, d451d94d-57a0-4545-b387-d428f64e3f33:c1070]
2019-07-09 16:25:51,090 INFO  client.GrpcClientProtocolClient (GrpcClientProtocolClient.java:onNext(255)) - client-0F1B900A64BD->9bf35ae9-4da0-4371-87fa-54ea3ce1f280: receive RaftClientReply:client-0F1B900A64BD->9bf35ae9-4da0-4371-87fa-54ea3ce1f280@group-432E83AF5B55, cid=832, SUCCESS, logIndex=1076, commits[9bf35ae9-4da0-4371-87fa-54ea3ce1f280:c1077, 0cc34542-3a00-466e-ae84-194b84d3af7b:c1075, d451d94d-57a0-4545-b387-d428f64e3f33:c1075]
2019-07-09 16:25:51,090 INFO  client.GrpcClientProtocolClient (GrpcClientProtocolClient.java:onNext(255)) - client-0F1B900A64BD->9bf35ae9-4da0-4371-87fa-54ea3ce1f280: receive RaftClientReply:client-0F1B900A64BD->9bf35ae9-4da0-4371-87fa-54ea3ce1f280@group-432E83AF5B55, cid=833, SUCCESS, logIndex=1077, commits[9bf35ae9-4da0-4371-87fa-54ea3ce1f280:c1077, 0cc34542-3a00-466e-ae84-194b84d3af7b:c1075, d451d94d-57a0-4545-b387-d428f64e3f33:c1075]
2019-07-09 16:25:51,105 INFO  client.GrpcClientProtocolClient (GrpcClientProtocolClient.java:onNext(255)) - client-0F1B900A64BD->9bf35ae9-4da0-4371-87fa-54ea3ce1f280: receive RaftClientReply:client-0F1B900A64BD->9bf35ae9-4da0-4371-87fa-54ea3ce1f280@group-432E83AF5B55, cid=834, SUCCESS, logIndex=1080, commits[9bf35ae9-4da0-4371-87fa-54ea3ce1f280:c1081, 0cc34542-3a00-466e-ae84-194b84d3af7b:c1077, d451d94d-57a0-4545-b387-d428f64e3f33:c1077]
2019-07-09 16:25:51,105 INFO  client.GrpcClientProtocolClient (GrpcClientProtocolClient.java:onNext(255)) - client-0F1B900A64BD->9bf35ae9-4da0-4371-87fa-54ea3ce1f280: receive RaftClientReply:client-0F1B900A64BD->9bf35ae9-4da0-4371-87fa-54ea3ce1f280@group-432E83AF5B55, cid=835, SUCCESS, logIndex=1081, commits[9bf35ae9-4da0-4371-87fa-54ea3ce1f280:c1081, 0cc34542-3a00-466e-ae84-194b84d3af7b:c1077, d451d94d-57a0-4545-b387-d428f64e3f33:c1077]
2019-07-09 16:25:51,119 INFO  client.GrpcClientProtocolClient (GrpcClientProtocolClient.java:onNext(255)) - client-0F1B900A64BD->9bf35ae9-4da0-4371-87fa-54ea3ce1f280: receive RaftClientReply:client-0F1B900A64BD->9bf35ae9-4da0-4371-87fa-54ea3ce1f280@group-432E83AF5B55, cid=836, SUCCESS, logIndex=0, commits[9bf35ae9-4da0-4371-87fa-54ea3ce1f280:c1083, 0cc34542-3a00-466e-ae84-194b84d3af7b:c1081, d451d94d-57a0-4545-b387-d428f64e3f33:c1081]
2019-07-09 16:25:51,140 INFO  client.GrpcClientProtocolClient (GrpcClientProtocolClient.java:onNext(255)) - client-0F1B900A64BD->9bf35ae9-4da0-4371-87fa-54ea3ce1f280: receive RaftClientReply:client-0F1B900A64BD->9bf35ae9-4da0-4371-87fa-54ea3ce1f280@group-432E83AF5B55, cid=837, SUCCESS, logIndex=1084, commits[9bf35ae9-4da0-4371-87fa-54ea3ce1f280:c1085, 0cc34542-3a00-466e-ae84-194b84d3af7b:c1083, d451d94d-57a0-4545-b387-d428f64e3f33:c1083]
2019-07-09 16:25:51,141 INFO  client.GrpcClientProtocolClient (GrpcClientProtocolClient.java:onNext(255)) - client-0F1B900A64BD->9bf35ae9-4da0-4371-87fa-54ea3ce1f280: receive RaftClientReply:client-0F1B900A64BD->9bf35ae9-4da0-4371-87fa-54ea3ce1f280@group-432E83AF5B55, cid=838, SUCCESS, logIndex=1085, commits[9bf35ae9-4da0-4371-87fa-54ea3ce1f280:c1085, 0cc34542-3a00-466e-ae84-194b84d3af7b:c1083, d451d94d-57a0-4545-b387-d428f64e3f33:c1083]
2019-07-09 16:25:51,141 INFO  client.GrpcClientProtocolClient (GrpcClientProtocolClient.java:onNext(255)) - client-0F1B900A64BD->9bf35ae9-4da0-4371-87fa-54ea3ce1f280: receive RaftClientReply:client-0F1B900A64BD->9bf35ae9-4da0-4371-87fa-54ea3ce1f280@group-432E83AF5B55, cid=839, SUCCESS, logIndex=1086, commits[9bf35ae9-4da0-4371-87fa-54ea3ce1f280:c1087, 0cc34542-3a00-466e-ae84-194b84d3af7b:c1083, d451d94d-57a0-4545-b387-d428f64e3f33:c1083]
2019-07-09 16:25:51,142 INFO  client.GrpcClientProtocolClient (GrpcClientProtocolClient.java:onNext(255)) - client-0F1B900A64BD->9bf35ae9-4da0-4371-87fa-54ea3ce1f280: receive RaftClientReply:client-0F1B900A64BD->9bf35ae9-4da0-4371-87fa-54ea3ce1f280@group-432E83AF5B55, cid=840, SUCCESS, logIndex=1087, commits[9bf35ae9-4da0-4371-87fa-54ea3ce1f280:c1087, 0cc34542-3a00-466e-ae84-194b84d3af7b:c1083, d451d94d-57a0-4545-b387-d428f64e3f33:c1083]
2019-07-09 16:25:51,271 INFO  client.GrpcClientProtocolClient (GrpcClientProtocolClient.java:onNext(255)) - client-0F1B900A64BD->9bf35ae9-4da0-4371-87fa-54ea3ce1f280: receive RaftClientReply:client-0F1B900A64BD->9bf35ae9-4da0-4371-87fa-54ea3ce1f280@group-432E83AF5B55, cid=841, SUCCESS, logIndex=0, commits[9bf35ae9-4da0-4371-87fa-54ea3ce1f280:c1091, 0cc34542-3a00-466e-ae84-194b84d3af7b:c1087, d451d94d-57a0-4545-b387-d428f64e3f33:c1085]
2019-07-09 16:25:51,297 INFO  client.GrpcClientProtocolClient (GrpcClientProtocolClient.java:onNext(255)) - client-0F1B900A64BD->9bf35ae9-4da0-4371-87fa-54ea3ce1f280: receive RaftClientReply:client-0F1B900A64BD->9bf35ae9-4da0-4371-87fa-54ea3ce1f280@group-432E83AF5B55, cid=842, SUCCESS, logIndex=1092, commits[9bf35ae9-4da0-4371-87fa-54ea3ce1f280:c1093, 0cc34542-3a00-466e-ae84-194b84d3af7b:c1091, d451d94d-57a0-4545-b387-d428f64e3f33:c1091]
2019-07-09 16:25:51,297 INFO  client.GrpcClientProtocolClient (GrpcClientProtocolClient.java:onNext(255)) - client-0F1B900A64BD->9bf35ae9-4da0-4371-87fa-54ea3ce1f280: receive RaftClientReply:client-0F1B900A64BD->9bf35ae9-4da0-4371-87fa-54ea3ce1f280@group-432E83AF5B55, cid=843, SUCCESS, logIndex=1093, commits[9bf35ae9-4da0-4371-87fa-54ea3ce1f280:c1093, 0cc34542-3a00-466e-ae84-194b84d3af7b:c1091, d451d94d-57a0-4545-b387-d428f64e3f33:c1091]
2019-07-09 16:25:51,323 INFO  client.GrpcClientProtocolClient (GrpcClientProtocolClient.java:onNext(255)) - client-0F1B900A64BD->9bf35ae9-4da0-4371-87fa-54ea3ce1f280: receive RaftClientReply:client-0F1B900A64BD->9bf35ae9-4da0-4371-87fa-54ea3ce1f280@group-432E83AF5B55, cid=844, SUCCESS, logIndex=1096, commits[9bf35ae9-4da0-4371-87fa-54ea3ce1f280:c1097, 0cc34542-3a00-466e-ae84-194b84d3af7b:c1093, d451d94d-57a0-4545-b387-d428f64e3f33:c1093]
2019-07-09 16:25:51,323 INFO  client.GrpcClientProtocolClient (GrpcClientProtocolClient.java:onNext(255)) - client-0F1B900A64BD->9bf35ae9-4da0-4371-87fa-54ea3ce1f280: receive RaftClientReply:client-0F1B900A64BD->9bf35ae9-4da0-4371-87fa-54ea3ce1f280@group-432E83AF5B55, cid=845, SUCCESS, logIndex=1097, commits[9bf35ae9-4da0-4371-87fa-54ea3ce1f280:c1097, 0cc34542-3a00-466e-ae84-194b84d3af7b:c1093, d451d94d-57a0-4545-b387-d428f64e3f33:c1093]
2019-07-09 16:25:51,331 INFO  client.GrpcClientProtocolClient (GrpcClientProtocolClient.java:onNext(255)) - client-0F1B900A64BD->9bf35ae9-4da0-4371-87fa-54ea3ce1f280: receive RaftClientReply:client-0F1B900A64BD->9bf35ae9-4da0-4371-87fa-54ea3ce1f280@group-432E83AF5B55, cid=846, SUCCESS, logIndex=0, commits[9bf35ae9-4da0-4371-87fa-54ea3ce1f280:c1099, 0cc34542-3a00-466e-ae84-194b84d3af7b:c1097, d451d94d-57a0-4545-b387-d428f64e3f33:c1097]
2019-07-09 16:25:51,355 INFO  client.GrpcClientProtocolClient (GrpcClientProtocolClient.java:onNext(255)) - client-0F1B900A64BD->9bf35ae9-4da0-4371-87fa-54ea3ce1f280: receive RaftClientReply:client-0F1B900A64BD->9bf35ae9-4da0-4371-87fa-54ea3ce1f280@group-432E83AF5B55, cid=847, SUCCESS, logIndex=1100, commits[9bf35ae9-4da0-4371-87fa-54ea3ce1f280:c1101, 0cc34542-3a00-466e-ae84-194b84d3af7b:c1099, d451d94d-57a0-4545-b387-d428f64e3f33:c1099]
2019-07-09 16:25:51,356 INFO  client.GrpcClientProtocolClient (GrpcClientProtocolClient.java:onNext(255)) - client-0F1B900A64BD->9bf35ae9-4da0-4371-87fa-54ea3ce1f280: receive RaftClientReply:client-0F1B900A64BD->9bf35ae9-4da0-4371-87fa-54ea3ce1f280@group-432E83AF5B55, cid=848, SUCCESS, logIndex=1101, commits[9bf35ae9-4da0-4371-87fa-54ea3ce1f280:c1101, 0cc34542-3a00-466e-ae84-194b84d3af7b:c1099, d451d94d-57a0-4545-b387-d428f64e3f33:c1099]
2019-07-09 16:25:51,357 INFO  client.GrpcClientProtocolClient (GrpcClientProtocolClient.java:onNext(255)) - client-0F1B900A64BD->9bf35ae9-4da0-4371-87fa-54ea3ce1f280: receive RaftClientReply:client-0F1B900A64BD->9bf35ae9-4da0-4371-87fa-54ea3ce1f280@group-432E83AF5B55, cid=849, SUCCESS, logIndex=1102, commits[9bf35ae9-4da0-4371-87fa-54ea3ce1f280:c1103, 0cc34542-3a00-466e-ae84-194b84d3af7b:c1099, d451d94d-57a0-4545-b387-d428f64e3f33:c1099]
2019-07-09 16:25:51,357 INFO  client.GrpcClientProtocolClient (GrpcClientProtocolClient.java:onNext(255)) - client-0F1B900A64BD->9bf35ae9-4da0-4371-87fa-54ea3ce1f280: receive RaftClientReply:client-0F1B900A64BD->9bf35ae9-4da0-4371-87fa-54ea3ce1f280@group-432E83AF5B55, cid=850, SUCCESS, logIndex=1103, commits[9bf35ae9-4da0-4371-87fa-54ea3ce1f280:c1103, 0cc34542-3a00-466e-ae84-194b84d3af7b:c1099, d451d94d-57a0-4545-b387-d428f64e3f33:c1099]
2019-07-09 16:25:51,370 INFO  client.GrpcClientProtocolClient (GrpcClientProtocolClient.java:onNext(255)) - client-0F1B900A64BD->9bf35ae9-4da0-4371-87fa-54ea3ce1f280: receive RaftClientReply:client-0F1B900A64BD->9bf35ae9-4da0-4371-87fa-54ea3ce1f280@group-432E83AF5B55, cid=851, SUCCESS, logIndex=0, commits[9bf35ae9-4da0-4371-87fa-54ea3ce1f280:c1105, 0cc34542-3a00-466e-ae84-194b84d3af7b:c1101, d451d94d-57a0-4545-b387-d428f64e3f33:c1101]
2019-07-09 16:25:51,391 INFO  client.GrpcClientProtocolClient (GrpcClientProtocolClient.java:onNext(255)) - client-0F1B900A64BD->9bf35ae9-4da0-4371-87fa-54ea3ce1f280: receive RaftClientReply:client-0F1B900A64BD->9bf35ae9-4da0-4371-87fa-54ea3ce1f280@group-432E83AF5B55, cid=852, SUCCESS, logIndex=1108, commits[9bf35ae9-4da0-4371-87fa-54ea3ce1f280:c1109, 0cc34542-3a00-466e-ae84-194b84d3af7b:c1107, d451d94d-57a0-4545-b387-d428f64e3f33:c1107]
2019-07-09 16:25:51,392 INFO  client.GrpcClientProtocolClient (GrpcClientProtocolClient.java:onNext(255)) - client-0F1B900A64BD->9bf35ae9-4da0-4371-87fa-54ea3ce1f280: receive RaftClientReply:client-0F1B900A64BD->9bf35ae9-4da0-4371-87fa-54ea3ce1f280@group-432E83AF5B55, cid=853, SUCCESS, logIndex=1109, commits[9bf35ae9-4da0-4371-87fa-54ea3ce1f280:c1109, 0cc34542-3a00-466e-ae84-194b84d3af7b:c1107, d451d94d-57a0-4545-b387-d428f64e3f33:c1107]
2019-07-09 16:25:51,405 INFO  client.GrpcClientProtocolClient (GrpcClientProtocolClient.java:onNext(255)) - client-0F1B900A64BD->9bf35ae9-4da0-4371-87fa-54ea3ce1f280: receive RaftClientReply:client-0F1B900A64BD->9bf35ae9-4da0-4371-87fa-54ea3ce1f280@group-432E83AF5B55, cid=854, SUCCESS, logIndex=1112, commits[9bf35ae9-4da0-4371-87fa-54ea3ce1f280:c1113, 0cc34542-3a00-466e-ae84-194b84d3af7b:c1109, d451d94d-57a0-4545-b387-d428f64e3f33:c1109]
2019-07-09 16:25:51,405 INFO  client.GrpcClientProtocolClient (GrpcClientProtocolClient.java:onNext(255)) - client-0F1B900A64BD->9bf35ae9-4da0-4371-87fa-54ea3ce1f280: receive RaftClientReply:client-0F1B900A64BD->9bf35ae9-4da0-4371-87fa-54ea3ce1f280@group-432E83AF5B55, cid=855, SUCCESS, logIndex=1113, commits[9bf35ae9-4da0-4371-87fa-54ea3ce1f280:c1113, 0cc34542-3a00-466e-ae84-194b84d3af7b:c1109, d451d94d-57a0-4545-b387-d428f64e3f33:c1109]
2019-07-09 16:25:51,407 INFO  client.GrpcClientProtocolClient (GrpcClientProtocolClient.java:onNext(255)) - client-0F1B900A64BD->9bf35ae9-4da0-4371-87fa-54ea3ce1f280: receive RaftClientReply:client-0F1B900A64BD->9bf35ae9-4da0-4371-87fa-54ea3ce1f280@group-432E83AF5B55, cid=856, SUCCESS, logIndex=0, commits[9bf35ae9-4da0-4371-87fa-54ea3ce1f280:c1114, 0cc34542-3a00-466e-ae84-194b84d3af7b:c1113, d451d94d-57a0-4545-b387-d428f64e3f33:c1113]
2019-07-09 16:25:51,429 INFO  client.GrpcClientProtocolClient (GrpcClientProtocolClient.java:onNext(255)) - client-0F1B900A64BD->9bf35ae9-4da0-4371-87fa-54ea3ce1f280: receive RaftClientReply:client-0F1B900A64BD->9bf35ae9-4da0-4371-87fa-54ea3ce1f280@group-432E83AF5B55, cid=857, SUCCESS, logIndex=1116, commits[9bf35ae9-4da0-4371-87fa-54ea3ce1f280:c1118, 0cc34542-3a00-466e-ae84-194b84d3af7b:c1115, d451d94d-57a0-4545-b387-d428f64e3f33:c1115]
2019-07-09 16:25:51,429 INFO  client.GrpcClientProtocolClient (GrpcClientProtocolClient.java:onNext(255)) - client-0F1B900A64BD->9bf35ae9-4da0-4371-87fa-54ea3ce1f280: receive RaftClientReply:client-0F1B900A64BD->9bf35ae9-4da0-4371-87fa-54ea3ce1f280@group-432E83AF5B55, cid=858, SUCCESS, logIndex=1117, commits[9bf35ae9-4da0-4371-87fa-54ea3ce1f280:c1119, 0cc34542-3a00-466e-ae84-194b84d3af7b:c1115, d451d94d-57a0-4545-b387-d428f64e3f33:c1115]
2019-07-09 16:25:51,430 INFO  client.GrpcClientProtocolClient (GrpcClientProtocolClient.java:onNext(255)) - client-0F1B900A64BD->9bf35ae9-4da0-4371-87fa-54ea3ce1f280: receive RaftClientReply:client-0F1B900A64BD->9bf35ae9-4da0-4371-87fa-54ea3ce1f280@group-432E83AF5B55, cid=859, SUCCESS, logIndex=1118, commits[9bf35ae9-4da0-4371-87fa-54ea3ce1f280:c1119, 0cc34542-3a00-466e-ae84-194b84d3af7b:c1115, d451d94d-57a0-4545-b387-d428f64e3f33:c1115]
2019-07-09 16:25:51,430 INFO  client.GrpcClientProtocolClient (GrpcClientProtocolClient.java:onNext(255)) - client-0F1B900A64BD->9bf35ae9-4da0-4371-87fa-54ea3ce1f280: receive RaftClientReply:client-0F1B900A64BD->9bf35ae9-4da0-4371-87fa-54ea3ce1f280@group-432E83AF5B55, cid=860, SUCCESS, logIndex=1119, commits[9bf35ae9-4da0-4371-87fa-54ea3ce1f280:c1120, 0cc34542-3a00-466e-ae84-194b84d3af7b:c1116, d451d94d-57a0-4545-b387-d428f64e3f33:c1115]
2019-07-09 16:25:51,432 INFO  client.GrpcClientProtocolClient (GrpcClientProtocolClient.java:onNext(255)) - client-0F1B900A64BD->9bf35ae9-4da0-4371-87fa-54ea3ce1f280: receive RaftClientReply:client-0F1B900A64BD->9bf35ae9-4da0-4371-87fa-54ea3ce1f280@group-432E83AF5B55, cid=861, SUCCESS, logIndex=0, commits[9bf35ae9-4da0-4371-87fa-54ea3ce1f280:c1123, 0cc34542-3a00-466e-ae84-194b84d3af7b:c1119, d451d94d-57a0-4545-b387-d428f64e3f33:c1119]
2019-07-09 16:25:51,453 INFO  client.GrpcClientProtocolClient (GrpcClientProtocolClient.java:onNext(255)) - client-0F1B900A64BD->9bf35ae9-4da0-4371-87fa-54ea3ce1f280: receive RaftClientReply:client-0F1B900A64BD->9bf35ae9-4da0-4371-87fa-54ea3ce1f280@group-432E83AF5B55, cid=862, SUCCESS, logIndex=1124, commits[9bf35ae9-4da0-4371-87fa-54ea3ce1f280:c1125, 0cc34542-3a00-466e-ae84-194b84d3af7b:c1123, d451d94d-57a0-4545-b387-d428f64e3f33:c1123]
2019-07-09 16:25:51,453 INFO  client.GrpcClientProtocolClient (GrpcClientProtocolClient.java:onNext(255)) - client-0F1B900A64BD->9bf35ae9-4da0-4371-87fa-54ea3ce1f280: receive RaftClientReply:client-0F1B900A64BD->9bf35ae9-4da0-4371-87fa-54ea3ce1f280@group-432E83AF5B55, cid=863, SUCCESS, logIndex=1125, commits[9bf35ae9-4da0-4371-87fa-54ea3ce1f280:c1125, 0cc34542-3a00-466e-ae84-194b84d3af7b:c1123, d451d94d-57a0-4545-b387-d428f64e3f33:c1123]
2019-07-09 16:25:51,465 INFO  client.GrpcClientProtocolClient (GrpcClientProtocolClient.java:onNext(255)) - client-0F1B900A64BD->9bf35ae9-4da0-4371-87fa-54ea3ce1f280: receive RaftClientReply:client-0F1B900A64BD->9bf35ae9-4da0-4371-87fa-54ea3ce1f280@group-432E83AF5B55, cid=864, SUCCESS, logIndex=1128, commits[9bf35ae9-4da0-4371-87fa-54ea3ce1f280:c1129, 0cc34542-3a00-466e-ae84-194b84d3af7b:c1125, d451d94d-57a0-4545-b387-d428f64e3f33:c1125]
2019-07-09 16:25:51,466 INFO  client.GrpcClientProtocolClient (GrpcClientProtocolClient.java:onNext(255)) - client-0F1B900A64BD->9bf35ae9-4da0-4371-87fa-54ea3ce1f280: receive RaftClientReply:client-0F1B900A64BD->9bf35ae9-4da0-4371-87fa-54ea3ce1f280@group-432E83AF5B55, cid=865, SUCCESS, logIndex=1129, commits[9bf35ae9-4da0-4371-87fa-54ea3ce1f280:c1129, 0cc34542-3a00-466e-ae84-194b84d3af7b:c1125, d451d94d-57a0-4545-b387-d428f64e3f33:c1125]
2019-07-09 16:25:51,467 INFO  client.GrpcClientProtocolClient (GrpcClientProtocolClient.java:onNext(255)) - client-0F1B900A64BD->9bf35ae9-4da0-4371-87fa-54ea3ce1f280: receive RaftClientReply:client-0F1B900A64BD->9bf35ae9-4da0-4371-87fa-54ea3ce1f280@group-432E83AF5B55, cid=866, SUCCESS, logIndex=0, commits[9bf35ae9-4da0-4371-87fa-54ea3ce1f280:c1130, 0cc34542-3a00-466e-ae84-194b84d3af7b:c1129, d451d94d-57a0-4545-b387-d428f64e3f33:c1129]
2019-07-09 16:25:51,496 INFO  client.GrpcClientProtocolClient (GrpcClientProtocolClient.java:onNext(255)) - client-0F1B900A64BD->9bf35ae9-4da0-4371-87fa-54ea3ce1f280: receive RaftClientReply:client-0F1B900A64BD->9bf35ae9-4da0-4371-87fa-54ea3ce1f280@group-432E83AF5B55, cid=867, SUCCESS, logIndex=1132, commits[9bf35ae9-4da0-4371-87fa-54ea3ce1f280:c1133, 0cc34542-3a00-466e-ae84-194b84d3af7b:c1131, d451d94d-57a0-4545-b387-d428f64e3f33:c1131]
2019-07-09 16:25:51,497 INFO  client.GrpcClientProtocolClient (GrpcClientProtocolClient.java:onNext(255)) - client-0F1B900A64BD->9bf35ae9-4da0-4371-87fa-54ea3ce1f280: receive RaftClientReply:client-0F1B900A64BD->9bf35ae9-4da0-4371-87fa-54ea3ce1f280@group-432E83AF5B55, cid=868, SUCCESS, logIndex=1133, commits[9bf35ae9-4da0-4371-87fa-54ea3ce1f280:c1135, 0cc34542-3a00-466e-ae84-194b84d3af7b:c1131, d451d94d-57a0-4545-b387-d428f64e3f33:c1131]
2019-07-09 16:25:51,497 INFO  client.GrpcClientProtocolClient (GrpcClientProtocolClient.java:onNext(255)) - client-0F1B900A64BD->9bf35ae9-4da0-4371-87fa-54ea3ce1f280: receive RaftClientReply:client-0F1B900A64BD->9bf35ae9-4da0-4371-87fa-54ea3ce1f280@group-432E83AF5B55, cid=869, SUCCESS, logIndex=1134, commits[9bf35ae9-4da0-4371-87fa-54ea3ce1f280:c1135, 0cc34542-3a00-466e-ae84-194b84d3af7b:c1131, d451d94d-57a0-4545-b387-d428f64e3f33:c1131]
2019-07-09 16:25:51,498 INFO  client.GrpcClientProtocolClient (GrpcClientProtocolClient.java:onNext(255)) - client-0F1B900A64BD->9bf35ae9-4da0-4371-87fa-54ea3ce1f280: receive RaftClientReply:client-0F1B900A64BD->9bf35ae9-4da0-4371-87fa-54ea3ce1f280@group-432E83AF5B55, cid=870, SUCCESS, logIndex=1135, commits[9bf35ae9-4da0-4371-87fa-54ea3ce1f280:c1135, 0cc34542-3a00-466e-ae84-194b84d3af7b:c1131, d451d94d-57a0-4545-b387-d428f64e3f33:c1131]
2019-07-09 16:25:51,499 INFO  client.GrpcClientProtocolClient (GrpcClientProtocolClient.java:onNext(255)) - client-0F1B900A64BD->9bf35ae9-4da0-4371-87fa-54ea3ce1f280: receive RaftClientReply:client-0F1B900A64BD->9bf35ae9-4da0-4371-87fa-54ea3ce1f280@group-432E83AF5B55, cid=871, SUCCESS, logIndex=0, commits[9bf35ae9-4da0-4371-87fa-54ea3ce1f280:c1139, 0cc34542-3a00-466e-ae84-194b84d3af7b:c1135, d451d94d-57a0-4545-b387-d428f64e3f33:c1135]
2019-07-09 16:25:51,520 INFO  client.GrpcClientProtocolClient (GrpcClientProtocolClient.java:onNext(255)) - client-0F1B900A64BD->9bf35ae9-4da0-4371-87fa-54ea3ce1f280: receive RaftClientReply:client-0F1B900A64BD->9bf35ae9-4da0-4371-87fa-54ea3ce1f280@group-432E83AF5B55, cid=872, SUCCESS, logIndex=1140, commits[9bf35ae9-4da0-4371-87fa-54ea3ce1f280:c1141, 0cc34542-3a00-466e-ae84-194b84d3af7b:c1139, d451d94d-57a0-4545-b387-d428f64e3f33:c1139]
2019-07-09 16:25:51,521 INFO  client.GrpcClientProtocolClient (GrpcClientProtocolClient.java:onNext(255)) - client-0F1B900A64BD->9bf35ae9-4da0-4371-87fa-54ea3ce1f280: receive RaftClientReply:client-0F1B900A64BD->9bf35ae9-4da0-4371-87fa-54ea3ce1f280@group-432E83AF5B55, cid=873, SUCCESS, logIndex=1141, commits[9bf35ae9-4da0-4371-87fa-54ea3ce1f280:c1141, 0cc34542-3a00-466e-ae84-194b84d3af7b:c1139, d451d94d-57a0-4545-b387-d428f64e3f33:c1139]
2019-07-09 16:25:51,533 INFO  client.GrpcClientProtocolClient (GrpcClientProtocolClient.java:onNext(255)) - client-0F1B900A64BD->9bf35ae9-4da0-4371-87fa-54ea3ce1f280: receive RaftClientReply:client-0F1B900A64BD->9bf35ae9-4da0-4371-87fa-54ea3ce1f280@group-432E83AF5B55, cid=874, SUCCESS, logIndex=1144, commits[9bf35ae9-4da0-4371-87fa-54ea3ce1f280:c1145, 0cc34542-3a00-466e-ae84-194b84d3af7b:c1141, d451d94d-57a0-4545-b387-d428f64e3f33:c1141]
2019-07-09 16:25:51,534 INFO  client.GrpcClientProtocolClient (GrpcClientProtocolClient.java:onNext(255)) - client-0F1B900A64BD->9bf35ae9-4da0-4371-87fa-54ea3ce1f280: receive RaftClientReply:client-0F1B900A64BD->9bf35ae9-4da0-4371-87fa-54ea3ce1f280@group-432E83AF5B55, cid=875, SUCCESS, logIndex=1145, commits[9bf35ae9-4da0-4371-87fa-54ea3ce1f280:c1145, 0cc34542-3a00-466e-ae84-194b84d3af7b:c1141, d451d94d-57a0-4545-b387-d428f64e3f33:c1141]
2019-07-09 16:25:51,536 INFO  client.GrpcClientProtocolClient (GrpcClientProtocolClient.java:onNext(255)) - client-0F1B900A64BD->9bf35ae9-4da0-4371-87fa-54ea3ce1f280: receive RaftClientReply:client-0F1B900A64BD->9bf35ae9-4da0-4371-87fa-54ea3ce1f280@group-432E83AF5B55, cid=876, SUCCESS, logIndex=0, commits[9bf35ae9-4da0-4371-87fa-54ea3ce1f280:c1147, 0cc34542-3a00-466e-ae84-194b84d3af7b:c1145, d451d94d-57a0-4545-b387-d428f64e3f33:c1145]
 0.00% |█                                                                                                    |  0/1 Time: 0:00:032019-07-09 16:25:51,574 INFO  client.GrpcClientProtocolClient (GrpcClientProtocolClient.java:onNext(255)) - client-0F1B900A64BD->9bf35ae9-4da0-4371-87fa-54ea3ce1f280: receive RaftClientReply:client-0F1B900A64BD->9bf35ae9-4da0-4371-87fa-54ea3ce1f280@group-432E83AF5B55, cid=877, SUCCESS, logIndex=1148, commits[9bf35ae9-4da0-4371-87fa-54ea3ce1f280:c1150, 0cc34542-3a00-466e-ae84-194b84d3af7b:c1147, d451d94d-57a0-4545-b387-d428f64e3f33:c1147]
2019-07-09 16:25:51,574 INFO  client.GrpcClientProtocolClient (GrpcClientProtocolClient.java:onNext(255)) - client-0F1B900A64BD->9bf35ae9-4da0-4371-87fa-54ea3ce1f280: receive RaftClientReply:client-0F1B900A64BD->9bf35ae9-4da0-4371-87fa-54ea3ce1f280@group-432E83AF5B55, cid=878, SUCCESS, logIndex=1149, commits[9bf35ae9-4da0-4371-87fa-54ea3ce1f280:c1151, 0cc34542-3a00-466e-ae84-194b84d3af7b:c1147, d451d94d-57a0-4545-b387-d428f64e3f33:c1147]
2019-07-09 16:25:51,575 INFO  client.GrpcClientProtocolClient (GrpcClientProtocolClient.java:onNext(255)) - client-0F1B900A64BD->9bf35ae9-4da0-4371-87fa-54ea3ce1f280: receive RaftClientReply:client-0F1B900A64BD->9bf35ae9-4da0-4371-87fa-54ea3ce1f280@group-432E83AF5B55, cid=879, SUCCESS, logIndex=1150, commits[9bf35ae9-4da0-4371-87fa-54ea3ce1f280:c1151, 0cc34542-3a00-466e-ae84-194b84d3af7b:c1147, d451d94d-57a0-4545-b387-d428f64e3f33:c1147]
2019-07-09 16:25:51,575 INFO  client.GrpcClientProtocolClient (GrpcClientProtocolClient.java:onNext(255)) - client-0F1B900A64BD->9bf35ae9-4da0-4371-87fa-54ea3ce1f280: receive RaftClientReply:client-0F1B900A64BD->9bf35ae9-4da0-4371-87fa-54ea3ce1f280@group-432E83AF5B55, cid=880, SUCCESS, logIndex=1151, commits[9bf35ae9-4da0-4371-87fa-54ea3ce1f280:c1151, 0cc34542-3a00-466e-ae84-194b84d3af7b:c1147, d451d94d-57a0-4545-b387-d428f64e3f33:c1147]
2019-07-09 16:25:51,589 INFO  client.GrpcClientProtocolClient (GrpcClientProtocolClient.java:onNext(255)) - client-0F1B900A64BD->9bf35ae9-4da0-4371-87fa-54ea3ce1f280: receive RaftClientReply:client-0F1B900A64BD->9bf35ae9-4da0-4371-87fa-54ea3ce1f280@group-432E83AF5B55, cid=881, SUCCESS, logIndex=0, commits[9bf35ae9-4da0-4371-87fa-54ea3ce1f280:c1153, 0cc34542-3a00-466e-ae84-194b84d3af7b:c1149, d451d94d-57a0-4545-b387-d428f64e3f33:c1149]
2019-07-09 16:25:51,611 INFO  client.GrpcClientProtocolClient (GrpcClientProtocolClient.java:onNext(255)) - client-0F1B900A64BD->9bf35ae9-4da0-4371-87fa-54ea3ce1f280: receive RaftClientReply:client-0F1B900A64BD->9bf35ae9-4da0-4371-87fa-54ea3ce1f280@group-432E83AF5B55, cid=882, SUCCESS, logIndex=1156, commits[9bf35ae9-4da0-4371-87fa-54ea3ce1f280:c1157, 0cc34542-3a00-466e-ae84-194b84d3af7b:c1155, d451d94d-57a0-4545-b387-d428f64e3f33:c1155]
2019-07-09 16:25:51,612 INFO  client.GrpcClientProtocolClient (GrpcClientProtocolClient.java:onNext(255)) - client-0F1B900A64BD->9bf35ae9-4da0-4371-87fa-54ea3ce1f280: receive RaftClientReply:client-0F1B900A64BD->9bf35ae9-4da0-4371-87fa-54ea3ce1f280@group-432E83AF5B55, cid=883, SUCCESS, logIndex=1157, commits[9bf35ae9-4da0-4371-87fa-54ea3ce1f280:c1157, 0cc34542-3a00-466e-ae84-194b84d3af7b:c1155, d451d94d-57a0-4545-b387-d428f64e3f33:c1155]
2019-07-09 16:25:51,640 INFO  client.GrpcClientProtocolClient (GrpcClientProtocolClient.java:onNext(255)) - client-0F1B900A64BD->9bf35ae9-4da0-4371-87fa-54ea3ce1f280: receive RaftClientReply:client-0F1B900A64BD->9bf35ae9-4da0-4371-87fa-54ea3ce1f280@group-432E83AF5B55, cid=884, SUCCESS, logIndex=1160, commits[9bf35ae9-4da0-4371-87fa-54ea3ce1f280:c1161, 0cc34542-3a00-466e-ae84-194b84d3af7b:c1157, d451d94d-57a0-4545-b387-d428f64e3f33:c1157]
2019-07-09 16:25:51,640 INFO  client.GrpcClientProtocolClient (GrpcClientProtocolClient.java:onNext(255)) - client-0F1B900A64BD->9bf35ae9-4da0-4371-87fa-54ea3ce1f280: receive RaftClientReply:client-0F1B900A64BD->9bf35ae9-4da0-4371-87fa-54ea3ce1f280@group-432E83AF5B55, cid=885, SUCCESS, logIndex=1161, commits[9bf35ae9-4da0-4371-87fa-54ea3ce1f280:c1161, 0cc34542-3a00-466e-ae84-194b84d3af7b:c1157, d451d94d-57a0-4545-b387-d428f64e3f33:c1157]
2019-07-09 16:25:51,654 INFO  client.GrpcClientProtocolClient (GrpcClientProtocolClient.java:onNext(255)) - client-0F1B900A64BD->9bf35ae9-4da0-4371-87fa-54ea3ce1f280: receive RaftClientReply:client-0F1B900A64BD->9bf35ae9-4da0-4371-87fa-54ea3ce1f280@group-432E83AF5B55, cid=886, SUCCESS, logIndex=0, commits[9bf35ae9-4da0-4371-87fa-54ea3ce1f280:c1163, 0cc34542-3a00-466e-ae84-194b84d3af7b:c1161, d451d94d-57a0-4545-b387-d428f64e3f33:c1161]
2019-07-09 16:25:51,678 INFO  client.GrpcClientProtocolClient (GrpcClientProtocolClient.java:onNext(255)) - client-0F1B900A64BD->9bf35ae9-4da0-4371-87fa-54ea3ce1f280: receive RaftClientReply:client-0F1B900A64BD->9bf35ae9-4da0-4371-87fa-54ea3ce1f280@group-432E83AF5B55, cid=887, SUCCESS, logIndex=1164, commits[9bf35ae9-4da0-4371-87fa-54ea3ce1f280:c1165, 0cc34542-3a00-466e-ae84-194b84d3af7b:c1163, d451d94d-57a0-4545-b387-d428f64e3f33:c1163]
2019-07-09 16:25:51,679 INFO  client.GrpcClientProtocolClient (GrpcClientProtocolClient.java:onNext(255)) - client-0F1B900A64BD->9bf35ae9-4da0-4371-87fa-54ea3ce1f280: receive RaftClientReply:client-0F1B900A64BD->9bf35ae9-4da0-4371-87fa-54ea3ce1f280@group-432E83AF5B55, cid=888, SUCCESS, logIndex=1165, commits[9bf35ae9-4da0-4371-87fa-54ea3ce1f280:c1167, 0cc34542-3a00-466e-ae84-194b84d3af7b:c1163, d451d94d-57a0-4545-b387-d428f64e3f33:c1163]
2019-07-09 16:25:51,679 INFO  client.GrpcClientProtocolClient (GrpcClientProtocolClient.java:onNext(255)) - client-0F1B900A64BD->9bf35ae9-4da0-4371-87fa-54ea3ce1f280: receive RaftClientReply:client-0F1B900A64BD->9bf35ae9-4da0-4371-87fa-54ea3ce1f280@group-432E83AF5B55, cid=889, SUCCESS, logIndex=1166, commits[9bf35ae9-4da0-4371-87fa-54ea3ce1f280:c1167, 0cc34542-3a00-466e-ae84-194b84d3af7b:c1163, d451d94d-57a0-4545-b387-d428f64e3f33:c1163]
2019-07-09 16:25:51,679 INFO  client.GrpcClientProtocolClient (GrpcClientProtocolClient.java:onNext(255)) - client-0F1B900A64BD->9bf35ae9-4da0-4371-87fa-54ea3ce1f280: receive RaftClientReply:client-0F1B900A64BD->9bf35ae9-4da0-4371-87fa-54ea3ce1f280@group-432E83AF5B55, cid=890, SUCCESS, logIndex=1167, commits[9bf35ae9-4da0-4371-87fa-54ea3ce1f280:c1167, 0cc34542-3a00-466e-ae84-194b84d3af7b:c1163, d451d94d-57a0-4545-b387-d428f64e3f33:c1163]
2019-07-09 16:25:51,690 INFO  client.GrpcClientProtocolClient (GrpcClientProtocolClient.java:onNext(255)) - client-0F1B900A64BD->9bf35ae9-4da0-4371-87fa-54ea3ce1f280: receive RaftClientReply:client-0F1B900A64BD->9bf35ae9-4da0-4371-87fa-54ea3ce1f280@group-432E83AF5B55, cid=891, SUCCESS, logIndex=0, commits[9bf35ae9-4da0-4371-87fa-54ea3ce1f280:c1169, 0cc34542-3a00-466e-ae84-194b84d3af7b:c1165, d451d94d-57a0-4545-b387-d428f64e3f33:c1165]
2019-07-09 16:25:51,711 INFO  client.GrpcClientProtocolClient (GrpcClientProtocolClient.java:onNext(255)) - client-0F1B900A64BD->9bf35ae9-4da0-4371-87fa-54ea3ce1f280: receive RaftClientReply:client-0F1B900A64BD->9bf35ae9-4da0-4371-87fa-54ea3ce1f280@group-432E83AF5B55, cid=892, SUCCESS, logIndex=1172, commits[9bf35ae9-4da0-4371-87fa-54ea3ce1f280:c1173, 0cc34542-3a00-466e-ae84-194b84d3af7b:c1171, d451d94d-57a0-4545-b387-d428f64e3f33:c1171]
2019-07-09 16:25:51,711 INFO  client.GrpcClientProtocolClient (GrpcClientProtocolClient.java:onNext(255)) - client-0F1B900A64BD->9bf35ae9-4da0-4371-87fa-54ea3ce1f280: receive RaftClientReply:client-0F1B900A64BD->9bf35ae9-4da0-4371-87fa-54ea3ce1f280@group-432E83AF5B55, cid=893, SUCCESS, logIndex=1173, commits[9bf35ae9-4da0-4371-87fa-54ea3ce1f280:c1173, 0cc34542-3a00-466e-ae84-194b84d3af7b:c1171, d451d94d-57a0-4545-b387-d428f64e3f33:c1171]
2019-07-09 16:25:51,724 INFO  client.GrpcClientProtocolClient (GrpcClientProtocolClient.java:onNext(255)) - client-0F1B900A64BD->9bf35ae9-4da0-4371-87fa-54ea3ce1f280: receive RaftClientReply:client-0F1B900A64BD->9bf35ae9-4da0-4371-87fa-54ea3ce1f280@group-432E83AF5B55, cid=894, SUCCESS, logIndex=1176, commits[9bf35ae9-4da0-4371-87fa-54ea3ce1f280:c1177, 0cc34542-3a00-466e-ae84-194b84d3af7b:c1173, d451d94d-57a0-4545-b387-d428f64e3f33:c1172]
2019-07-09 16:25:51,724 INFO  client.GrpcClientProtocolClient (GrpcClientProtocolClient.java:onNext(255)) - client-0F1B900A64BD->9bf35ae9-4da0-4371-87fa-54ea3ce1f280: receive RaftClientReply:client-0F1B900A64BD->9bf35ae9-4da0-4371-87fa-54ea3ce1f280@group-432E83AF5B55, cid=895, SUCCESS, logIndex=1177, commits[9bf35ae9-4da0-4371-87fa-54ea3ce1f280:c1177, 0cc34542-3a00-466e-ae84-194b84d3af7b:c1173, d451d94d-57a0-4545-b387-d428f64e3f33:c1173]
2019-07-09 16:25:51,738 INFO  client.GrpcClientProtocolClient (GrpcClientProtocolClient.java:onNext(255)) - client-0F1B900A64BD->9bf35ae9-4da0-4371-87fa-54ea3ce1f280: receive RaftClientReply:client-0F1B900A64BD->9bf35ae9-4da0-4371-87fa-54ea3ce1f280@group-432E83AF5B55, cid=896, SUCCESS, logIndex=0, commits[9bf35ae9-4da0-4371-87fa-54ea3ce1f280:c1179, 0cc34542-3a00-466e-ae84-194b84d3af7b:c1177, d451d94d-57a0-4545-b387-d428f64e3f33:c1177]
2019-07-09 16:25:51,755 INFO  client.GrpcClientProtocolClient (GrpcClientProtocolClient.java:onNext(255)) - client-0F1B900A64BD->9bf35ae9-4da0-4371-87fa-54ea3ce1f280: receive RaftClientReply:client-0F1B900A64BD->9bf35ae9-4da0-4371-87fa-54ea3ce1f280@group-432E83AF5B55, cid=897, SUCCESS, logIndex=1180, commits[9bf35ae9-4da0-4371-87fa-54ea3ce1f280:c1181, 0cc34542-3a00-466e-ae84-194b84d3af7b:c1179, d451d94d-57a0-4545-b387-d428f64e3f33:c1179]
2019-07-09 16:25:51,755 INFO  client.GrpcClientProtocolClient (GrpcClientProtocolClient.java:onNext(255)) - client-0F1B900A64BD->9bf35ae9-4da0-4371-87fa-54ea3ce1f280: receive RaftClientReply:client-0F1B900A64BD->9bf35ae9-4da0-4371-87fa-54ea3ce1f280@group-432E83AF5B55, cid=898, SUCCESS, logIndex=1181, commits[9bf35ae9-4da0-4371-87fa-54ea3ce1f280:c1181, 0cc34542-3a00-466e-ae84-194b84d3af7b:c1179, d451d94d-57a0-4545-b387-d428f64e3f33:c1179]
2019-07-09 16:25:51,756 INFO  client.GrpcClientProtocolClient (GrpcClientProtocolClient.java:onNext(255)) - client-0F1B900A64BD->9bf35ae9-4da0-4371-87fa-54ea3ce1f280: receive RaftClientReply:client-0F1B900A64BD->9bf35ae9-4da0-4371-87fa-54ea3ce1f280@group-432E83AF5B55, cid=899, SUCCESS, logIndex=1182, commits[9bf35ae9-4da0-4371-87fa-54ea3ce1f280:c1183, 0cc34542-3a00-466e-ae84-194b84d3af7b:c1179, d451d94d-57a0-4545-b387-d428f64e3f33:c1179]
2019-07-09 16:25:51,757 INFO  client.GrpcClientProtocolClient (GrpcClientProtocolClient.java:onNext(255)) - client-0F1B900A64BD->9bf35ae9-4da0-4371-87fa-54ea3ce1f280: receive RaftClientReply:client-0F1B900A64BD->9bf35ae9-4da0-4371-87fa-54ea3ce1f280@group-432E83AF5B55, cid=900, SUCCESS, logIndex=1183, commits[9bf35ae9-4da0-4371-87fa-54ea3ce1f280:c1184, 0cc34542-3a00-466e-ae84-194b84d3af7b:c1179, d451d94d-57a0-4545-b387-d428f64e3f33:c1180]
2019-07-09 16:25:51,759 INFO  client.GrpcClientProtocolClient (GrpcClientProtocolClient.java:onNext(255)) - client-0F1B900A64BD->9bf35ae9-4da0-4371-87fa-54ea3ce1f280: receive RaftClientReply:client-0F1B900A64BD->9bf35ae9-4da0-4371-87fa-54ea3ce1f280@group-432E83AF5B55, cid=901, SUCCESS, logIndex=0, commits[9bf35ae9-4da0-4371-87fa-54ea3ce1f280:c1185, 0cc34542-3a00-466e-ae84-194b84d3af7b:c1181, d451d94d-57a0-4545-b387-d428f64e3f33:c1181]
2019-07-09 16:25:51,773 INFO  client.GrpcClientProtocolClient (GrpcClientProtocolClient.java:onNext(255)) - client-0F1B900A64BD->9bf35ae9-4da0-4371-87fa-54ea3ce1f280: receive RaftClientReply:client-0F1B900A64BD->9bf35ae9-4da0-4371-87fa-54ea3ce1f280@group-432E83AF5B55, cid=902, SUCCESS, logIndex=1188, commits[9bf35ae9-4da0-4371-87fa-54ea3ce1f280:c1189, 0cc34542-3a00-466e-ae84-194b84d3af7b:c1187, d451d94d-57a0-4545-b387-d428f64e3f33:c1183]
2019-07-09 16:25:51,773 INFO  client.GrpcClientProtocolClient (GrpcClientProtocolClient.java:onNext(255)) - client-0F1B900A64BD->9bf35ae9-4da0-4371-87fa-54ea3ce1f280: receive RaftClientReply:client-0F1B900A64BD->9bf35ae9-4da0-4371-87fa-54ea3ce1f280@group-432E83AF5B55, cid=903, SUCCESS, logIndex=1189, commits[9bf35ae9-4da0-4371-87fa-54ea3ce1f280:c1189, 0cc34542-3a00-466e-ae84-194b84d3af7b:c1187, d451d94d-57a0-4545-b387-d428f64e3f33:c1187]
2019-07-09 16:25:51,786 INFO  client.GrpcClientProtocolClient (GrpcClientProtocolClient.java:onNext(255)) - client-0F1B900A64BD->9bf35ae9-4da0-4371-87fa-54ea3ce1f280: receive RaftClientReply:client-0F1B900A64BD->9bf35ae9-4da0-4371-87fa-54ea3ce1f280@group-432E83AF5B55, cid=904, SUCCESS, logIndex=1192, commits[9bf35ae9-4da0-4371-87fa-54ea3ce1f280:c1193, 0cc34542-3a00-466e-ae84-194b84d3af7b:c1191, d451d94d-57a0-4545-b387-d428f64e3f33:c1191]
2019-07-09 16:25:51,787 INFO  client.GrpcClientProtocolClient (GrpcClientProtocolClient.java:onNext(255)) - client-0F1B900A64BD->9bf35ae9-4da0-4371-87fa-54ea3ce1f280: receive RaftClientReply:client-0F1B900A64BD->9bf35ae9-4da0-4371-87fa-54ea3ce1f280@group-432E83AF5B55, cid=905, SUCCESS, logIndex=1193, commits[9bf35ae9-4da0-4371-87fa-54ea3ce1f280:c1193, 0cc34542-3a00-466e-ae84-194b84d3af7b:c1191, d451d94d-57a0-4545-b387-d428f64e3f33:c1191]
2019-07-09 16:25:51,789 INFO  client.GrpcClientProtocolClient (GrpcClientProtocolClient.java:onNext(255)) - client-0F1B900A64BD->9bf35ae9-4da0-4371-87fa-54ea3ce1f280: receive RaftClientReply:client-0F1B900A64BD->9bf35ae9-4da0-4371-87fa-54ea3ce1f280@group-432E83AF5B55, cid=906, SUCCESS, logIndex=0, commits[9bf35ae9-4da0-4371-87fa-54ea3ce1f280:c1194, 0cc34542-3a00-466e-ae84-194b84d3af7b:c1193, d451d94d-57a0-4545-b387-d428f64e3f33:c1193]
2019-07-09 16:25:51,820 INFO  client.GrpcClientProtocolClient (GrpcClientProtocolClient.java:onNext(255)) - client-0F1B900A64BD->9bf35ae9-4da0-4371-87fa-54ea3ce1f280: receive RaftClientReply:client-0F1B900A64BD->9bf35ae9-4da0-4371-87fa-54ea3ce1f280@group-432E83AF5B55, cid=907, SUCCESS, logIndex=1196, commits[9bf35ae9-4da0-4371-87fa-54ea3ce1f280:c1197, 0cc34542-3a00-466e-ae84-194b84d3af7b:c1195, d451d94d-57a0-4545-b387-d428f64e3f33:c1195]
2019-07-09 16:25:51,821 INFO  client.GrpcClientProtocolClient (GrpcClientProtocolClient.java:onNext(255)) - client-0F1B900A64BD->9bf35ae9-4da0-4371-87fa-54ea3ce1f280: receive RaftClientReply:client-0F1B900A64BD->9bf35ae9-4da0-4371-87fa-54ea3ce1f280@group-432E83AF5B55, cid=908, SUCCESS, logIndex=1197, commits[9bf35ae9-4da0-4371-87fa-54ea3ce1f280:c1199, 0cc34542-3a00-466e-ae84-194b84d3af7b:c1195, d451d94d-57a0-4545-b387-d428f64e3f33:c1195]
2019-07-09 16:25:51,821 INFO  client.GrpcClientProtocolClient (GrpcClientProtocolClient.java:onNext(255)) - client-0F1B900A64BD->9bf35ae9-4da0-4371-87fa-54ea3ce1f280: receive RaftClientReply:client-0F1B900A64BD->9bf35ae9-4da0-4371-87fa-54ea3ce1f280@group-432E83AF5B55, cid=909, SUCCESS, logIndex=1198, commits[9bf35ae9-4da0-4371-87fa-54ea3ce1f280:c1199, 0cc34542-3a00-466e-ae84-194b84d3af7b:c1195, d451d94d-57a0-4545-b387-d428f64e3f33:c1195]
2019-07-09 16:25:51,821 INFO  client.GrpcClientProtocolClient (GrpcClientProtocolClient.java:onNext(255)) - client-0F1B900A64BD->9bf35ae9-4da0-4371-87fa-54ea3ce1f280: receive RaftClientReply:client-0F1B900A64BD->9bf35ae9-4da0-4371-87fa-54ea3ce1f280@group-432E83AF5B55, cid=910, SUCCESS, logIndex=1199, commits[9bf35ae9-4da0-4371-87fa-54ea3ce1f280:c1199, 0cc34542-3a00-466e-ae84-194b84d3af7b:c1195, d451d94d-57a0-4545-b387-d428f64e3f33:c1195]
2019-07-09 16:25:51,822 INFO  client.GrpcClientProtocolClient (GrpcClientProtocolClient.java:onNext(255)) - client-0F1B900A64BD->9bf35ae9-4da0-4371-87fa-54ea3ce1f280: receive RaftClientReply:client-0F1B900A64BD->9bf35ae9-4da0-4371-87fa-54ea3ce1f280@group-432E83AF5B55, cid=911, SUCCESS, logIndex=0, commits[9bf35ae9-4da0-4371-87fa-54ea3ce1f280:c1201, 0cc34542-3a00-466e-ae84-194b84d3af7b:c1197, d451d94d-57a0-4545-b387-d428f64e3f33:c1197]
2019-07-09 16:25:51,977 INFO  client.GrpcClientProtocolClient (GrpcClientProtocolClient.java:onNext(255)) - client-0F1B900A64BD->9bf35ae9-4da0-4371-87fa-54ea3ce1f280: receive RaftClientReply:client-0F1B900A64BD->9bf35ae9-4da0-4371-87fa-54ea3ce1f280@group-432E83AF5B55, cid=912, SUCCESS, logIndex=1204, commits[9bf35ae9-4da0-4371-87fa-54ea3ce1f280:c1205, 0cc34542-3a00-466e-ae84-194b84d3af7b:c1203, d451d94d-57a0-4545-b387-d428f64e3f33:c1203]
2019-07-09 16:25:51,978 INFO  client.GrpcClientProtocolClient (GrpcClientProtocolClient.java:onNext(255)) - client-0F1B900A64BD->9bf35ae9-4da0-4371-87fa-54ea3ce1f280: receive RaftClientReply:client-0F1B900A64BD->9bf35ae9-4da0-4371-87fa-54ea3ce1f280@group-432E83AF5B55, cid=913, SUCCESS, logIndex=1205, commits[9bf35ae9-4da0-4371-87fa-54ea3ce1f280:c1205, 0cc34542-3a00-466e-ae84-194b84d3af7b:c1203, d451d94d-57a0-4545-b387-d428f64e3f33:c1203]
2019-07-09 16:25:52,003 INFO  client.GrpcClientProtocolClient (GrpcClientProtocolClient.java:onNext(255)) - client-0F1B900A64BD->9bf35ae9-4da0-4371-87fa-54ea3ce1f280: receive RaftClientReply:client-0F1B900A64BD->9bf35ae9-4da0-4371-87fa-54ea3ce1f280@group-432E83AF5B55, cid=914, SUCCESS, logIndex=1208, commits[9bf35ae9-4da0-4371-87fa-54ea3ce1f280:c1209, 0cc34542-3a00-466e-ae84-194b84d3af7b:c1205, d451d94d-57a0-4545-b387-d428f64e3f33:c1205]
2019-07-09 16:25:52,004 INFO  client.GrpcClientProtocolClient (GrpcClientProtocolClient.java:onNext(255)) - client-0F1B900A64BD->9bf35ae9-4da0-4371-87fa-54ea3ce1f280: receive RaftClientReply:client-0F1B900A64BD->9bf35ae9-4da0-4371-87fa-54ea3ce1f280@group-432E83AF5B55, cid=915, SUCCESS, logIndex=1209, commits[9bf35ae9-4da0-4371-87fa-54ea3ce1f280:c1209, 0cc34542-3a00-466e-ae84-194b84d3af7b:c1205, d451d94d-57a0-4545-b387-d428f64e3f33:c1205]
2019-07-09 16:25:52,018 INFO  client.GrpcClientProtocolClient (GrpcClientProtocolClient.java:onNext(255)) - client-0F1B900A64BD->9bf35ae9-4da0-4371-87fa-54ea3ce1f280: receive RaftClientReply:client-0F1B900A64BD->9bf35ae9-4da0-4371-87fa-54ea3ce1f280@group-432E83AF5B55, cid=916, SUCCESS, logIndex=0, commits[9bf35ae9-4da0-4371-87fa-54ea3ce1f280:c1210, 0cc34542-3a00-466e-ae84-194b84d3af7b:c1209, d451d94d-57a0-4545-b387-d428f64e3f33:c1209]
2019-07-09 16:25:52,041 INFO  client.GrpcClientProtocolClient (GrpcClientProtocolClient.java:onNext(255)) - client-0F1B900A64BD->9bf35ae9-4da0-4371-87fa-54ea3ce1f280: receive RaftClientReply:client-0F1B900A64BD->9bf35ae9-4da0-4371-87fa-54ea3ce1f280@group-432E83AF5B55, cid=917, SUCCESS, logIndex=1212, commits[9bf35ae9-4da0-4371-87fa-54ea3ce1f280:c1213, 0cc34542-3a00-466e-ae84-194b84d3af7b:c1211, d451d94d-57a0-4545-b387-d428f64e3f33:c1211]
2019-07-09 16:25:52,042 INFO  client.GrpcClientProtocolClient (GrpcClientProtocolClient.java:onNext(255)) - client-0F1B900A64BD->9bf35ae9-4da0-4371-87fa-54ea3ce1f280: receive RaftClientReply:client-0F1B900A64BD->9bf35ae9-4da0-4371-87fa-54ea3ce1f280@group-432E83AF5B55, cid=918, SUCCESS, logIndex=1213, commits[9bf35ae9-4da0-4371-87fa-54ea3ce1f280:c1215, 0cc34542-3a00-466e-ae84-194b84d3af7b:c1211, d451d94d-57a0-4545-b387-d428f64e3f33:c1211]
2019-07-09 16:25:52,042 INFO  client.GrpcClientProtocolClient (GrpcClientProtocolClient.java:onNext(255)) - client-0F1B900A64BD->9bf35ae9-4da0-4371-87fa-54ea3ce1f280: receive RaftClientReply:client-0F1B900A64BD->9bf35ae9-4da0-4371-87fa-54ea3ce1f280@group-432E83AF5B55, cid=919, SUCCESS, logIndex=1214, commits[9bf35ae9-4da0-4371-87fa-54ea3ce1f280:c1215, 0cc34542-3a00-466e-ae84-194b84d3af7b:c1211, d451d94d-57a0-4545-b387-d428f64e3f33:c1211]
2019-07-09 16:25:52,042 INFO  client.GrpcClientProtocolClient (GrpcClientProtocolClient.java:onNext(255)) - client-0F1B900A64BD->9bf35ae9-4da0-4371-87fa-54ea3ce1f280: receive RaftClientReply:client-0F1B900A64BD->9bf35ae9-4da0-4371-87fa-54ea3ce1f280@group-432E83AF5B55, cid=920, SUCCESS, logIndex=1215, commits[9bf35ae9-4da0-4371-87fa-54ea3ce1f280:c1215, 0cc34542-3a00-466e-ae84-194b84d3af7b:c1211, d451d94d-57a0-4545-b387-d428f64e3f33:c1211]
2019-07-09 16:25:52,056 INFO  client.GrpcClientProtocolClient (GrpcClientProtocolClient.java:onNext(255)) - client-0F1B900A64BD->9bf35ae9-4da0-4371-87fa-54ea3ce1f280: receive RaftClientReply:client-0F1B900A64BD->9bf35ae9-4da0-4371-87fa-54ea3ce1f280@group-432E83AF5B55, cid=921, SUCCESS, logIndex=0, commits[9bf35ae9-4da0-4371-87fa-54ea3ce1f280:c1217, 0cc34542-3a00-466e-ae84-194b84d3af7b:c1213, d451d94d-57a0-4545-b387-d428f64e3f33:c1213]
2019-07-09 16:25:52,089 INFO  client.GrpcClientProtocolClient (GrpcClientProtocolClient.java:onNext(255)) - client-0F1B900A64BD->9bf35ae9-4da0-4371-87fa-54ea3ce1f280: receive RaftClientReply:client-0F1B900A64BD->9bf35ae9-4da0-4371-87fa-54ea3ce1f280@group-432E83AF5B55, cid=922, SUCCESS, logIndex=1219, commits[9bf35ae9-4da0-4371-87fa-54ea3ce1f280:c1220, 0cc34542-3a00-466e-ae84-194b84d3af7b:c1218, d451d94d-57a0-4545-b387-d428f64e3f33:c1218]
2019-07-09 16:25:52,090 INFO  client.GrpcClientProtocolClient (GrpcClientProtocolClient.java:onNext(255)) - client-0F1B900A64BD->9bf35ae9-4da0-4371-87fa-54ea3ce1f280: receive RaftClientReply:client-0F1B900A64BD->9bf35ae9-4da0-4371-87fa-54ea3ce1f280@group-432E83AF5B55, cid=923, SUCCESS, logIndex=1220, commits[9bf35ae9-4da0-4371-87fa-54ea3ce1f280:c1220, 0cc34542-3a00-466e-ae84-194b84d3af7b:c1218, d451d94d-57a0-4545-b387-d428f64e3f33:c1218]
2019-07-09 16:25:52,107 INFO  client.GrpcClientProtocolClient (GrpcClientProtocolClient.java:onNext(255)) - client-0F1B900A64BD->9bf35ae9-4da0-4371-87fa-54ea3ce1f280: receive RaftClientReply:client-0F1B900A64BD->9bf35ae9-4da0-4371-87fa-54ea3ce1f280@group-432E83AF5B55, cid=924, SUCCESS, logIndex=1223, commits[9bf35ae9-4da0-4371-87fa-54ea3ce1f280:c1224, 0cc34542-3a00-466e-ae84-194b84d3af7b:c1220, d451d94d-57a0-4545-b387-d428f64e3f33:c1219]
2019-07-09 16:25:52,108 INFO  client.GrpcClientProtocolClient (GrpcClientProtocolClient.java:onNext(255)) - client-0F1B900A64BD->9bf35ae9-4da0-4371-87fa-54ea3ce1f280: receive RaftClientReply:client-0F1B900A64BD->9bf35ae9-4da0-4371-87fa-54ea3ce1f280@group-432E83AF5B55, cid=925, SUCCESS, logIndex=1224, commits[9bf35ae9-4da0-4371-87fa-54ea3ce1f280:c1224, 0cc34542-3a00-466e-ae84-194b84d3af7b:c1220, d451d94d-57a0-4545-b387-d428f64e3f33:c1220]
2019-07-09 16:25:52,119 INFO  client.GrpcClientProtocolClient (GrpcClientProtocolClient.java:onNext(255)) - client-0F1B900A64BD->9bf35ae9-4da0-4371-87fa-54ea3ce1f280: receive RaftClientReply:client-0F1B900A64BD->9bf35ae9-4da0-4371-87fa-54ea3ce1f280@group-432E83AF5B55, cid=926, SUCCESS, logIndex=0, commits[9bf35ae9-4da0-4371-87fa-54ea3ce1f280:c1224, 0cc34542-3a00-466e-ae84-194b84d3af7b:c1224, d451d94d-57a0-4545-b387-d428f64e3f33:c1224]
2019-07-09 16:25:52,141 INFO  client.GrpcClientProtocolClient (GrpcClientProtocolClient.java:onNext(255)) - client-0F1B900A64BD->9bf35ae9-4da0-4371-87fa-54ea3ce1f280: receive RaftClientReply:client-0F1B900A64BD->9bf35ae9-4da0-4371-87fa-54ea3ce1f280@group-432E83AF5B55, cid=927, SUCCESS, logIndex=1226, commits[9bf35ae9-4da0-4371-87fa-54ea3ce1f280:c1227, 0cc34542-3a00-466e-ae84-194b84d3af7b:c1225, d451d94d-57a0-4545-b387-d428f64e3f33:c1225]
2019-07-09 16:25:52,142 INFO  client.GrpcClientProtocolClient (GrpcClientProtocolClient.java:onNext(255)) - client-0F1B900A64BD->9bf35ae9-4da0-4371-87fa-54ea3ce1f280: receive RaftClientReply:client-0F1B900A64BD->9bf35ae9-4da0-4371-87fa-54ea3ce1f280@group-432E83AF5B55, cid=928, SUCCESS, logIndex=1227, commits[9bf35ae9-4da0-4371-87fa-54ea3ce1f280:c1228, 0cc34542-3a00-466e-ae84-194b84d3af7b:c1225, d451d94d-57a0-4545-b387-d428f64e3f33:c1225]
2019-07-09 16:25:52,142 INFO  client.GrpcClientProtocolClient (GrpcClientProtocolClient.java:onNext(255)) - client-0F1B900A64BD->9bf35ae9-4da0-4371-87fa-54ea3ce1f280: receive RaftClientReply:client-0F1B900A64BD->9bf35ae9-4da0-4371-87fa-54ea3ce1f280@group-432E83AF5B55, cid=929, SUCCESS, logIndex=1228, commits[9bf35ae9-4da0-4371-87fa-54ea3ce1f280:c1229, 0cc34542-3a00-466e-ae84-194b84d3af7b:c1225, d451d94d-57a0-4545-b387-d428f64e3f33:c1225]
2019-07-09 16:25:52,143 INFO  client.GrpcClientProtocolClient (GrpcClientProtocolClient.java:onNext(255)) - client-0F1B900A64BD->9bf35ae9-4da0-4371-87fa-54ea3ce1f280: receive RaftClientReply:client-0F1B900A64BD->9bf35ae9-4da0-4371-87fa-54ea3ce1f280@group-432E83AF5B55, cid=930, SUCCESS, logIndex=1229, commits[9bf35ae9-4da0-4371-87fa-54ea3ce1f280:c1229, 0cc34542-3a00-466e-ae84-194b84d3af7b:c1225, d451d94d-57a0-4545-b387-d428f64e3f33:c1225]
2019-07-09 16:25:52,155 INFO  client.GrpcClientProtocolClient (GrpcClientProtocolClient.java:onNext(255)) - client-0F1B900A64BD->9bf35ae9-4da0-4371-87fa-54ea3ce1f280: receive RaftClientReply:client-0F1B900A64BD->9bf35ae9-4da0-4371-87fa-54ea3ce1f280@group-432E83AF5B55, cid=931, SUCCESS, logIndex=0, commits[9bf35ae9-4da0-4371-87fa-54ea3ce1f280:c1231, 0cc34542-3a00-466e-ae84-194b84d3af7b:c1227, d451d94d-57a0-4545-b387-d428f64e3f33:c1227]
2019-07-09 16:25:52,176 INFO  client.GrpcClientProtocolClient (GrpcClientProtocolClient.java:onNext(255)) - client-0F1B900A64BD->9bf35ae9-4da0-4371-87fa-54ea3ce1f280: receive RaftClientReply:client-0F1B900A64BD->9bf35ae9-4da0-4371-87fa-54ea3ce1f280@group-432E83AF5B55, cid=932, SUCCESS, logIndex=1234, commits[9bf35ae9-4da0-4371-87fa-54ea3ce1f280:c1235, 0cc34542-3a00-466e-ae84-194b84d3af7b:c1233, d451d94d-57a0-4545-b387-d428f64e3f33:c1233]
2019-07-09 16:25:52,177 INFO  client.GrpcClientProtocolClient (GrpcClientProtocolClient.java:onNext(255)) - client-0F1B900A64BD->9bf35ae9-4da0-4371-87fa-54ea3ce1f280: receive RaftClientReply:client-0F1B900A64BD->9bf35ae9-4da0-4371-87fa-54ea3ce1f280@group-432E83AF5B55, cid=933, SUCCESS, logIndex=1235, commits[9bf35ae9-4da0-4371-87fa-54ea3ce1f280:c1235, 0cc34542-3a00-466e-ae84-194b84d3af7b:c1233, d451d94d-57a0-4545-b387-d428f64e3f33:c1233]
2019-07-09 16:25:52,204 INFO  client.GrpcClientProtocolClient (GrpcClientProtocolClient.java:onNext(255)) - client-0F1B900A64BD->9bf35ae9-4da0-4371-87fa-54ea3ce1f280: receive RaftClientReply:client-0F1B900A64BD->9bf35ae9-4da0-4371-87fa-54ea3ce1f280@group-432E83AF5B55, cid=934, SUCCESS, logIndex=1238, commits[9bf35ae9-4da0-4371-87fa-54ea3ce1f280:c1239, 0cc34542-3a00-466e-ae84-194b84d3af7b:c1235, d451d94d-57a0-4545-b387-d428f64e3f33:c1235]
2019-07-09 16:25:52,205 INFO  client.GrpcClientProtocolClient (GrpcClientProtocolClient.java:onNext(255)) - client-0F1B900A64BD->9bf35ae9-4da0-4371-87fa-54ea3ce1f280: receive RaftClientReply:client-0F1B900A64BD->9bf35ae9-4da0-4371-87fa-54ea3ce1f280@group-432E83AF5B55, cid=935, SUCCESS, logIndex=1239, commits[9bf35ae9-4da0-4371-87fa-54ea3ce1f280:c1239, 0cc34542-3a00-466e-ae84-194b84d3af7b:c1235, d451d94d-57a0-4545-b387-d428f64e3f33:c1235]
2019-07-09 16:25:52,219 INFO  client.GrpcClientProtocolClient (GrpcClientProtocolClient.java:onNext(255)) - client-0F1B900A64BD->9bf35ae9-4da0-4371-87fa-54ea3ce1f280: receive RaftClientReply:client-0F1B900A64BD->9bf35ae9-4da0-4371-87fa-54ea3ce1f280@group-432E83AF5B55, cid=936, SUCCESS, logIndex=0, commits[9bf35ae9-4da0-4371-87fa-54ea3ce1f280:c1241, 0cc34542-3a00-466e-ae84-194b84d3af7b:c1239, d451d94d-57a0-4545-b387-d428f64e3f33:c1239]
2019-07-09 16:25:52,240 INFO  client.GrpcClientProtocolClient (GrpcClientProtocolClient.java:onNext(255)) - client-0F1B900A64BD->9bf35ae9-4da0-4371-87fa-54ea3ce1f280: receive RaftClientReply:client-0F1B900A64BD->9bf35ae9-4da0-4371-87fa-54ea3ce1f280@group-432E83AF5B55, cid=937, SUCCESS, logIndex=1242, commits[9bf35ae9-4da0-4371-87fa-54ea3ce1f280:c1243, 0cc34542-3a00-466e-ae84-194b84d3af7b:c1241, d451d94d-57a0-4545-b387-d428f64e3f33:c1241]
2019-07-09 16:25:52,241 INFO  client.GrpcClientProtocolClient (GrpcClientProtocolClient.java:onNext(255)) - client-0F1B900A64BD->9bf35ae9-4da0-4371-87fa-54ea3ce1f280: receive RaftClientReply:client-0F1B900A64BD->9bf35ae9-4da0-4371-87fa-54ea3ce1f280@group-432E83AF5B55, cid=938, SUCCESS, logIndex=1243, commits[9bf35ae9-4da0-4371-87fa-54ea3ce1f280:c1244, 0cc34542-3a00-466e-ae84-194b84d3af7b:c1241, d451d94d-57a0-4545-b387-d428f64e3f33:c1241]
2019-07-09 16:25:52,241 INFO  client.GrpcClientProtocolClient (GrpcClientProtocolClient.java:onNext(255)) - client-0F1B900A64BD->9bf35ae9-4da0-4371-87fa-54ea3ce1f280: receive RaftClientReply:client-0F1B900A64BD->9bf35ae9-4da0-4371-87fa-54ea3ce1f280@group-432E83AF5B55, cid=939, SUCCESS, logIndex=1244, commits[9bf35ae9-4da0-4371-87fa-54ea3ce1f280:c1245, 0cc34542-3a00-466e-ae84-194b84d3af7b:c1241, d451d94d-57a0-4545-b387-d428f64e3f33:c1241]
2019-07-09 16:25:52,241 INFO  client.GrpcClientProtocolClient (GrpcClientProtocolClient.java:onNext(255)) - client-0F1B900A64BD->9bf35ae9-4da0-4371-87fa-54ea3ce1f280: receive RaftClientReply:client-0F1B900A64BD->9bf35ae9-4da0-4371-87fa-54ea3ce1f280@group-432E83AF5B55, cid=940, SUCCESS, logIndex=1245, commits[9bf35ae9-4da0-4371-87fa-54ea3ce1f280:c1245, 0cc34542-3a00-466e-ae84-194b84d3af7b:c1241, d451d94d-57a0-4545-b387-d428f64e3f33:c1241]
2019-07-09 16:25:52,255 INFO  client.GrpcClientProtocolClient (GrpcClientProtocolClient.java:onNext(255)) - client-0F1B900A64BD->9bf35ae9-4da0-4371-87fa-54ea3ce1f280: receive RaftClientReply:client-0F1B900A64BD->9bf35ae9-4da0-4371-87fa-54ea3ce1f280@group-432E83AF5B55, cid=941, SUCCESS, logIndex=0, commits[9bf35ae9-4da0-4371-87fa-54ea3ce1f280:c1247, 0cc34542-3a00-466e-ae84-194b84d3af7b:c1243, d451d94d-57a0-4545-b387-d428f64e3f33:c1243]
2019-07-09 16:25:52,277 INFO  client.GrpcClientProtocolClient (GrpcClientProtocolClient.java:onNext(255)) - client-0F1B900A64BD->9bf35ae9-4da0-4371-87fa-54ea3ce1f280: receive RaftClientReply:client-0F1B900A64BD->9bf35ae9-4da0-4371-87fa-54ea3ce1f280@group-432E83AF5B55, cid=942, SUCCESS, logIndex=1250, commits[9bf35ae9-4da0-4371-87fa-54ea3ce1f280:c1251, 0cc34542-3a00-466e-ae84-194b84d3af7b:c1249, d451d94d-57a0-4545-b387-d428f64e3f33:c1249]
2019-07-09 16:25:52,277 INFO  client.GrpcClientProtocolClient (GrpcClientProtocolClient.java:onNext(255)) - client-0F1B900A64BD->9bf35ae9-4da0-4371-87fa-54ea3ce1f280: receive RaftClientReply:client-0F1B900A64BD->9bf35ae9-4da0-4371-87fa-54ea3ce1f280@group-432E83AF5B55, cid=943, SUCCESS, logIndex=1251, commits[9bf35ae9-4da0-4371-87fa-54ea3ce1f280:c1251, 0cc34542-3a00-466e-ae84-194b84d3af7b:c1249, d451d94d-57a0-4545-b387-d428f64e3f33:c1249]
2019-07-09 16:25:52,304 INFO  client.GrpcClientProtocolClient (GrpcClientProtocolClient.java:onNext(255)) - client-0F1B900A64BD->9bf35ae9-4da0-4371-87fa-54ea3ce1f280: receive RaftClientReply:client-0F1B900A64BD->9bf35ae9-4da0-4371-87fa-54ea3ce1f280@group-432E83AF5B55, cid=944, SUCCESS, logIndex=1254, commits[9bf35ae9-4da0-4371-87fa-54ea3ce1f280:c1255, 0cc34542-3a00-466e-ae84-194b84d3af7b:c1253, d451d94d-57a0-4545-b387-d428f64e3f33:c1251]
2019-07-09 16:25:52,305 INFO  client.GrpcClientProtocolClient (GrpcClientProtocolClient.java:onNext(255)) - client-0F1B900A64BD->9bf35ae9-4da0-4371-87fa-54ea3ce1f280: receive RaftClientReply:client-0F1B900A64BD->9bf35ae9-4da0-4371-87fa-54ea3ce1f280@group-432E83AF5B55, cid=945, SUCCESS, logIndex=1255, commits[9bf35ae9-4da0-4371-87fa-54ea3ce1f280:c1255, 0cc34542-3a00-466e-ae84-194b84d3af7b:c1253, d451d94d-57a0-4545-b387-d428f64e3f33:c1253]
2019-07-09 16:25:52,307 INFO  client.GrpcClientProtocolClient (GrpcClientProtocolClient.java:onNext(255)) - client-0F1B900A64BD->9bf35ae9-4da0-4371-87fa-54ea3ce1f280: receive RaftClientReply:client-0F1B900A64BD->9bf35ae9-4da0-4371-87fa-54ea3ce1f280@group-432E83AF5B55, cid=946, SUCCESS, logIndex=0, commits[9bf35ae9-4da0-4371-87fa-54ea3ce1f280:c1256, 0cc34542-3a00-466e-ae84-194b84d3af7b:c1255, d451d94d-57a0-4545-b387-d428f64e3f33:c1255]
2019-07-09 16:25:52,323 INFO  client.GrpcClientProtocolClient (GrpcClientProtocolClient.java:onNext(255)) - client-0F1B900A64BD->9bf35ae9-4da0-4371-87fa-54ea3ce1f280: receive RaftClientReply:client-0F1B900A64BD->9bf35ae9-4da0-4371-87fa-54ea3ce1f280@group-432E83AF5B55, cid=947, SUCCESS, logIndex=1258, commits[9bf35ae9-4da0-4371-87fa-54ea3ce1f280:c1259, 0cc34542-3a00-466e-ae84-194b84d3af7b:c1257, d451d94d-57a0-4545-b387-d428f64e3f33:c1257]
2019-07-09 16:25:52,323 INFO  client.GrpcClientProtocolClient (GrpcClientProtocolClient.java:onNext(255)) - client-0F1B900A64BD->9bf35ae9-4da0-4371-87fa-54ea3ce1f280: receive RaftClientReply:client-0F1B900A64BD->9bf35ae9-4da0-4371-87fa-54ea3ce1f280@group-432E83AF5B55, cid=948, SUCCESS, logIndex=1259, commits[9bf35ae9-4da0-4371-87fa-54ea3ce1f280:c1259, 0cc34542-3a00-466e-ae84-194b84d3af7b:c1257, d451d94d-57a0-4545-b387-d428f64e3f33:c1257]
2019-07-09 16:25:52,325 INFO  client.GrpcClientProtocolClient (GrpcClientProtocolClient.java:onNext(255)) - client-0F1B900A64BD->9bf35ae9-4da0-4371-87fa-54ea3ce1f280: receive RaftClientReply:client-0F1B900A64BD->9bf35ae9-4da0-4371-87fa-54ea3ce1f280@group-432E83AF5B55, cid=949, SUCCESS, logIndex=1260, commits[9bf35ae9-4da0-4371-87fa-54ea3ce1f280:c1263, 0cc34542-3a00-466e-ae84-194b84d3af7b:c1259, d451d94d-57a0-4545-b387-d428f64e3f33:c1257]
2019-07-09 16:25:52,325 INFO  client.GrpcClientProtocolClient (GrpcClientProtocolClient.java:onNext(255)) - client-0F1B900A64BD->9bf35ae9-4da0-4371-87fa-54ea3ce1f280: receive RaftClientReply:client-0F1B900A64BD->9bf35ae9-4da0-4371-87fa-54ea3ce1f280@group-432E83AF5B55, cid=950, SUCCESS, logIndex=1261, commits[9bf35ae9-4da0-4371-87fa-54ea3ce1f280:c1263, 0cc34542-3a00-466e-ae84-194b84d3af7b:c1259, d451d94d-57a0-4545-b387-d428f64e3f33:c1257]
2019-07-09 16:25:52,326 INFO  client.GrpcClientProtocolClient (GrpcClientProtocolClient.java:onNext(255)) - client-0F1B900A64BD->9bf35ae9-4da0-4371-87fa-54ea3ce1f280: receive RaftClientReply:client-0F1B900A64BD->9bf35ae9-4da0-4371-87fa-54ea3ce1f280@group-432E83AF5B55, cid=951, SUCCESS, logIndex=0, commits[9bf35ae9-4da0-4371-87fa-54ea3ce1f280:c1263, 0cc34542-3a00-466e-ae84-194b84d3af7b:c1259, d451d94d-57a0-4545-b387-d428f64e3f33:c1259]
2019-07-09 16:25:52,340 INFO  client.GrpcClientProtocolClient (GrpcClientProtocolClient.java:onNext(255)) - client-0F1B900A64BD->9bf35ae9-4da0-4371-87fa-54ea3ce1f280: receive RaftClientReply:client-0F1B900A64BD->9bf35ae9-4da0-4371-87fa-54ea3ce1f280@group-432E83AF5B55, cid=952, SUCCESS, logIndex=1266, commits[9bf35ae9-4da0-4371-87fa-54ea3ce1f280:c1267, 0cc34542-3a00-466e-ae84-194b84d3af7b:c1265, d451d94d-57a0-4545-b387-d428f64e3f33:c1265]
2019-07-09 16:25:52,340 INFO  client.GrpcClientProtocolClient (GrpcClientProtocolClient.java:onNext(255)) - client-0F1B900A64BD->9bf35ae9-4da0-4371-87fa-54ea3ce1f280: receive RaftClientReply:client-0F1B900A64BD->9bf35ae9-4da0-4371-87fa-54ea3ce1f280@group-432E83AF5B55, cid=953, SUCCESS, logIndex=1267, commits[9bf35ae9-4da0-4371-87fa-54ea3ce1f280:c1267, 0cc34542-3a00-466e-ae84-194b84d3af7b:c1265, d451d94d-57a0-4545-b387-d428f64e3f33:c1265]
2019-07-09 16:25:52,368 INFO  client.GrpcClientProtocolClient (GrpcClientProtocolClient.java:onNext(255)) - client-0F1B900A64BD->9bf35ae9-4da0-4371-87fa-54ea3ce1f280: receive RaftClientReply:client-0F1B900A64BD->9bf35ae9-4da0-4371-87fa-54ea3ce1f280@group-432E83AF5B55, cid=954, SUCCESS, logIndex=1270, commits[9bf35ae9-4da0-4371-87fa-54ea3ce1f280:c1271, 0cc34542-3a00-466e-ae84-194b84d3af7b:c1269, d451d94d-57a0-4545-b387-d428f64e3f33:c1269]
2019-07-09 16:25:52,368 INFO  client.GrpcClientProtocolClient (GrpcClientProtocolClient.java:onNext(255)) - client-0F1B900A64BD->9bf35ae9-4da0-4371-87fa-54ea3ce1f280: receive RaftClientReply:client-0F1B900A64BD->9bf35ae9-4da0-4371-87fa-54ea3ce1f280@group-432E83AF5B55, cid=955, SUCCESS, logIndex=1271, commits[9bf35ae9-4da0-4371-87fa-54ea3ce1f280:c1271, 0cc34542-3a00-466e-ae84-194b84d3af7b:c1269, d451d94d-57a0-4545-b387-d428f64e3f33:c1269]
2019-07-09 16:25:52,379 INFO  client.GrpcClientProtocolClient (GrpcClientProtocolClient.java:onNext(255)) - client-0F1B900A64BD->9bf35ae9-4da0-4371-87fa-54ea3ce1f280: receive RaftClientReply:client-0F1B900A64BD->9bf35ae9-4da0-4371-87fa-54ea3ce1f280@group-432E83AF5B55, cid=956, SUCCESS, logIndex=0, commits[9bf35ae9-4da0-4371-87fa-54ea3ce1f280:c1272, 0cc34542-3a00-466e-ae84-194b84d3af7b:c1271, d451d94d-57a0-4545-b387-d428f64e3f33:c1271]
2019-07-09 16:25:52,406 INFO  client.GrpcClientProtocolClient (GrpcClientProtocolClient.java:onNext(255)) - client-0F1B900A64BD->9bf35ae9-4da0-4371-87fa-54ea3ce1f280: receive RaftClientReply:client-0F1B900A64BD->9bf35ae9-4da0-4371-87fa-54ea3ce1f280@group-432E83AF5B55, cid=957, SUCCESS, logIndex=1273, commits[9bf35ae9-4da0-4371-87fa-54ea3ce1f280:c1274, 0cc34542-3a00-466e-ae84-194b84d3af7b:c1272, d451d94d-57a0-4545-b387-d428f64e3f33:c1272]
2019-07-09 16:25:52,407 INFO  client.GrpcClientProtocolClient (GrpcClientProtocolClient.java:onNext(255)) - client-0F1B900A64BD->9bf35ae9-4da0-4371-87fa-54ea3ce1f280: receive RaftClientReply:client-0F1B900A64BD->9bf35ae9-4da0-4371-87fa-54ea3ce1f280@group-432E83AF5B55, cid=958, SUCCESS, logIndex=1274, commits[9bf35ae9-4da0-4371-87fa-54ea3ce1f280:c1274, 0cc34542-3a00-466e-ae84-194b84d3af7b:c1272, d451d94d-57a0-4545-b387-d428f64e3f33:c1272]
2019-07-09 16:25:52,407 INFO  client.GrpcClientProtocolClient (GrpcClientProtocolClient.java:onNext(255)) - client-0F1B900A64BD->9bf35ae9-4da0-4371-87fa-54ea3ce1f280: receive RaftClientReply:client-0F1B900A64BD->9bf35ae9-4da0-4371-87fa-54ea3ce1f280@group-432E83AF5B55, cid=959, SUCCESS, logIndex=1275, commits[9bf35ae9-4da0-4371-87fa-54ea3ce1f280:c1276, 0cc34542-3a00-466e-ae84-194b84d3af7b:c1272, d451d94d-57a0-4545-b387-d428f64e3f33:c1272]
2019-07-09 16:25:52,408 INFO  client.GrpcClientProtocolClient (GrpcClientProtocolClient.java:onNext(255)) - client-0F1B900A64BD->9bf35ae9-4da0-4371-87fa-54ea3ce1f280: receive RaftClientReply:client-0F1B900A64BD->9bf35ae9-4da0-4371-87fa-54ea3ce1f280@group-432E83AF5B55, cid=960, SUCCESS, logIndex=1276, commits[9bf35ae9-4da0-4371-87fa-54ea3ce1f280:c1276, 0cc34542-3a00-466e-ae84-194b84d3af7b:c1272, d451d94d-57a0-4545-b387-d428f64e3f33:c1272]
2019-07-09 16:25:52,409 INFO  client.GrpcClientProtocolClient (GrpcClientProtocolClient.java:onNext(255)) - client-0F1B900A64BD->9bf35ae9-4da0-4371-87fa-54ea3ce1f280: receive RaftClientReply:client-0F1B900A64BD->9bf35ae9-4da0-4371-87fa-54ea3ce1f280@group-432E83AF5B55, cid=961, SUCCESS, logIndex=0, commits[9bf35ae9-4da0-4371-87fa-54ea3ce1f280:c1279, 0cc34542-3a00-466e-ae84-194b84d3af7b:c1276, d451d94d-57a0-4545-b387-d428f64e3f33:c1274]
2019-07-09 16:25:52,431 INFO  client.GrpcClientProtocolClient (GrpcClientProtocolClient.java:onNext(255)) - client-0F1B900A64BD->9bf35ae9-4da0-4371-87fa-54ea3ce1f280: receive RaftClientReply:client-0F1B900A64BD->9bf35ae9-4da0-4371-87fa-54ea3ce1f280@group-432E83AF5B55, cid=962, SUCCESS, logIndex=1281, commits[9bf35ae9-4da0-4371-87fa-54ea3ce1f280:c1282, 0cc34542-3a00-466e-ae84-194b84d3af7b:c1280, d451d94d-57a0-4545-b387-d428f64e3f33:c1280]
2019-07-09 16:25:52,431 INFO  client.GrpcClientProtocolClient (GrpcClientProtocolClient.java:onNext(255)) - client-0F1B900A64BD->9bf35ae9-4da0-4371-87fa-54ea3ce1f280: receive RaftClientReply:client-0F1B900A64BD->9bf35ae9-4da0-4371-87fa-54ea3ce1f280@group-432E83AF5B55, cid=963, SUCCESS, logIndex=1282, commits[9bf35ae9-4da0-4371-87fa-54ea3ce1f280:c1282, 0cc34542-3a00-466e-ae84-194b84d3af7b:c1280, d451d94d-57a0-4545-b387-d428f64e3f33:c1280]
2019-07-09 16:25:52,444 INFO  client.GrpcClientProtocolClient (GrpcClientProtocolClient.java:onNext(255)) - client-0F1B900A64BD->9bf35ae9-4da0-4371-87fa-54ea3ce1f280: receive RaftClientReply:client-0F1B900A64BD->9bf35ae9-4da0-4371-87fa-54ea3ce1f280@group-432E83AF5B55, cid=964, SUCCESS, logIndex=1285, commits[9bf35ae9-4da0-4371-87fa-54ea3ce1f280:c1286, 0cc34542-3a00-466e-ae84-194b84d3af7b:c1282, d451d94d-57a0-4545-b387-d428f64e3f33:c1281]
2019-07-09 16:25:52,444 INFO  client.GrpcClientProtocolClient (GrpcClientProtocolClient.java:onNext(255)) - client-0F1B900A64BD->9bf35ae9-4da0-4371-87fa-54ea3ce1f280: receive RaftClientReply:client-0F1B900A64BD->9bf35ae9-4da0-4371-87fa-54ea3ce1f280@group-432E83AF5B55, cid=965, SUCCESS, logIndex=1286, commits[9bf35ae9-4da0-4371-87fa-54ea3ce1f280:c1286, 0cc34542-3a00-466e-ae84-194b84d3af7b:c1282, d451d94d-57a0-4545-b387-d428f64e3f33:c1282]
2019-07-09 16:25:52,447 INFO  client.GrpcClientProtocolClient (GrpcClientProtocolClient.java:onNext(255)) - client-0F1B900A64BD->9bf35ae9-4da0-4371-87fa-54ea3ce1f280: receive RaftClientReply:client-0F1B900A64BD->9bf35ae9-4da0-4371-87fa-54ea3ce1f280@group-432E83AF5B55, cid=966, SUCCESS, logIndex=0, commits[9bf35ae9-4da0-4371-87fa-54ea3ce1f280:c1288, 0cc34542-3a00-466e-ae84-194b84d3af7b:c1286, d451d94d-57a0-4545-b387-d428f64e3f33:c1286]
2019-07-09 16:25:52,468 INFO  client.GrpcClientProtocolClient (GrpcClientProtocolClient.java:onNext(255)) - client-0F1B900A64BD->9bf35ae9-4da0-4371-87fa-54ea3ce1f280: receive RaftClientReply:client-0F1B900A64BD->9bf35ae9-4da0-4371-87fa-54ea3ce1f280@group-432E83AF5B55, cid=967, SUCCESS, logIndex=1289, commits[9bf35ae9-4da0-4371-87fa-54ea3ce1f280:c1290, 0cc34542-3a00-466e-ae84-194b84d3af7b:c1288, d451d94d-57a0-4545-b387-d428f64e3f33:c1288]
2019-07-09 16:25:52,469 INFO  client.GrpcClientProtocolClient (GrpcClientProtocolClient.java:onNext(255)) - client-0F1B900A64BD->9bf35ae9-4da0-4371-87fa-54ea3ce1f280: receive RaftClientReply:client-0F1B900A64BD->9bf35ae9-4da0-4371-87fa-54ea3ce1f280@group-432E83AF5B55, cid=968, SUCCESS, logIndex=1290, commits[9bf35ae9-4da0-4371-87fa-54ea3ce1f280:c1292, 0cc34542-3a00-466e-ae84-194b84d3af7b:c1288, d451d94d-57a0-4545-b387-d428f64e3f33:c1288]
2019-07-09 16:25:52,469 INFO  client.GrpcClientProtocolClient (GrpcClientProtocolClient.java:onNext(255)) - client-0F1B900A64BD->9bf35ae9-4da0-4371-87fa-54ea3ce1f280: receive RaftClientReply:client-0F1B900A64BD->9bf35ae9-4da0-4371-87fa-54ea3ce1f280@group-432E83AF5B55, cid=969, SUCCESS, logIndex=1291, commits[9bf35ae9-4da0-4371-87fa-54ea3ce1f280:c1292, 0cc34542-3a00-466e-ae84-194b84d3af7b:c1288, d451d94d-57a0-4545-b387-d428f64e3f33:c1288]
2019-07-09 16:25:52,469 INFO  client.GrpcClientProtocolClient (GrpcClientProtocolClient.java:onNext(255)) - client-0F1B900A64BD->9bf35ae9-4da0-4371-87fa-54ea3ce1f280: receive RaftClientReply:client-0F1B900A64BD->9bf35ae9-4da0-4371-87fa-54ea3ce1f280@group-432E83AF5B55, cid=970, SUCCESS, logIndex=1292, commits[9bf35ae9-4da0-4371-87fa-54ea3ce1f280:c1292, 0cc34542-3a00-466e-ae84-194b84d3af7b:c1288, d451d94d-57a0-4545-b387-d428f64e3f33:c1288]
2019-07-09 16:25:52,482 INFO  client.GrpcClientProtocolClient (GrpcClientProtocolClient.java:onNext(255)) - client-0F1B900A64BD->9bf35ae9-4da0-4371-87fa-54ea3ce1f280: receive RaftClientReply:client-0F1B900A64BD->9bf35ae9-4da0-4371-87fa-54ea3ce1f280@group-432E83AF5B55, cid=971, SUCCESS, logIndex=0, commits[9bf35ae9-4da0-4371-87fa-54ea3ce1f280:c1296, 0cc34542-3a00-466e-ae84-194b84d3af7b:c1290, d451d94d-57a0-4545-b387-d428f64e3f33:c1292]
2019-07-09 16:25:52,502 INFO  client.GrpcClientProtocolClient (GrpcClientProtocolClient.java:onNext(255)) - client-0F1B900A64BD->9bf35ae9-4da0-4371-87fa-54ea3ce1f280: receive RaftClientReply:client-0F1B900A64BD->9bf35ae9-4da0-4371-87fa-54ea3ce1f280@group-432E83AF5B55, cid=972, SUCCESS, logIndex=1297, commits[9bf35ae9-4da0-4371-87fa-54ea3ce1f280:c1298, 0cc34542-3a00-466e-ae84-194b84d3af7b:c1296, d451d94d-57a0-4545-b387-d428f64e3f33:c1296]
2019-07-09 16:25:52,502 INFO  client.GrpcClientProtocolClient (GrpcClientProtocolClient.java:onNext(255)) - client-0F1B900A64BD->9bf35ae9-4da0-4371-87fa-54ea3ce1f280: receive RaftClientReply:client-0F1B900A64BD->9bf35ae9-4da0-4371-87fa-54ea3ce1f280@group-432E83AF5B55, cid=973, SUCCESS, logIndex=1298, commits[9bf35ae9-4da0-4371-87fa-54ea3ce1f280:c1298, 0cc34542-3a00-466e-ae84-194b84d3af7b:c1296, d451d94d-57a0-4545-b387-d428f64e3f33:c1296]
2019-07-09 16:25:52,515 INFO  client.GrpcClientProtocolClient (GrpcClientProtocolClient.java:onNext(255)) - client-0F1B900A64BD->9bf35ae9-4da0-4371-87fa-54ea3ce1f280: receive RaftClientReply:client-0F1B900A64BD->9bf35ae9-4da0-4371-87fa-54ea3ce1f280@group-432E83AF5B55, cid=974, SUCCESS, logIndex=1301, commits[9bf35ae9-4da0-4371-87fa-54ea3ce1f280:c1302, 0cc34542-3a00-466e-ae84-194b84d3af7b:c1298, d451d94d-57a0-4545-b387-d428f64e3f33:c1298]
2019-07-09 16:25:52,515 INFO  client.GrpcClientProtocolClient (GrpcClientProtocolClient.java:onNext(255)) - client-0F1B900A64BD->9bf35ae9-4da0-4371-87fa-54ea3ce1f280: receive RaftClientReply:client-0F1B900A64BD->9bf35ae9-4da0-4371-87fa-54ea3ce1f280@group-432E83AF5B55, cid=975, SUCCESS, logIndex=1302, commits[9bf35ae9-4da0-4371-87fa-54ea3ce1f280:c1302, 0cc34542-3a00-466e-ae84-194b84d3af7b:c1298, d451d94d-57a0-4545-b387-d428f64e3f33:c1298]
2019-07-09 16:25:52,518 INFO  client.GrpcClientProtocolClient (GrpcClientProtocolClient.java:onNext(255)) - client-0F1B900A64BD->9bf35ae9-4da0-4371-87fa-54ea3ce1f280: receive RaftClientReply:client-0F1B900A64BD->9bf35ae9-4da0-4371-87fa-54ea3ce1f280@group-432E83AF5B55, cid=976, SUCCESS, logIndex=0, commits[9bf35ae9-4da0-4371-87fa-54ea3ce1f280:c1303, 0cc34542-3a00-466e-ae84-194b84d3af7b:c1302, d451d94d-57a0-4545-b387-d428f64e3f33:c1302]
2019-07-09 16:25:52,530 INFO  client.GrpcClientProtocolClient (GrpcClientProtocolClient.java:onNext(255)) - client-0F1B900A64BD->9bf35ae9-4da0-4371-87fa-54ea3ce1f280: receive RaftClientReply:client-0F1B900A64BD->9bf35ae9-4da0-4371-87fa-54ea3ce1f280@group-432E83AF5B55, cid=977, SUCCESS, logIndex=1305, commits[9bf35ae9-4da0-4371-87fa-54ea3ce1f280:c1306, 0cc34542-3a00-466e-ae84-194b84d3af7b:c1303, d451d94d-57a0-4545-b387-d428f64e3f33:c1302]
2019-07-09 16:25:52,531 INFO  client.GrpcClientProtocolClient (GrpcClientProtocolClient.java:onNext(255)) - client-0F1B900A64BD->9bf35ae9-4da0-4371-87fa-54ea3ce1f280: receive RaftClientReply:client-0F1B900A64BD->9bf35ae9-4da0-4371-87fa-54ea3ce1f280@group-432E83AF5B55, cid=978, SUCCESS, logIndex=1306, commits[9bf35ae9-4da0-4371-87fa-54ea3ce1f280:c1306, 0cc34542-3a00-466e-ae84-194b84d3af7b:c1303, d451d94d-57a0-4545-b387-d428f64e3f33:c1302]
 0.00% |█                                                                                                    |  0/1 Time: 0:00:042019-07-09 16:25:52,543 INFO  client.GrpcClientProtocolClient (GrpcClientProtocolClient.java:onNext(255)) - client-0F1B900A64BD->9bf35ae9-4da0-4371-87fa-54ea3ce1f280: receive RaftClientReply:client-0F1B900A64BD->9bf35ae9-4da0-4371-87fa-54ea3ce1f280@group-432E83AF5B55, cid=979, SUCCESS, logIndex=1307, commits[9bf35ae9-4da0-4371-87fa-54ea3ce1f280:c1310, 0cc34542-3a00-466e-ae84-194b84d3af7b:c1306, d451d94d-57a0-4545-b387-d428f64e3f33:c1303]
2019-07-09 16:25:52,543 INFO  client.GrpcClientProtocolClient (GrpcClientProtocolClient.java:onNext(255)) - client-0F1B900A64BD->9bf35ae9-4da0-4371-87fa-54ea3ce1f280: receive RaftClientReply:client-0F1B900A64BD->9bf35ae9-4da0-4371-87fa-54ea3ce1f280@group-432E83AF5B55, cid=980, SUCCESS, logIndex=1308, commits[9bf35ae9-4da0-4371-87fa-54ea3ce1f280:c1310, 0cc34542-3a00-466e-ae84-194b84d3af7b:c1306, d451d94d-57a0-4545-b387-d428f64e3f33:c1303]
2019-07-09 16:25:52,668 INFO  client.GrpcClientProtocolClient (GrpcClientProtocolClient.java:onNext(255)) - client-0F1B900A64BD->9bf35ae9-4da0-4371-87fa-54ea3ce1f280: receive RaftClientReply:client-0F1B900A64BD->9bf35ae9-4da0-4371-87fa-54ea3ce1f280@group-432E83AF5B55, cid=981, SUCCESS, logIndex=0, commits[9bf35ae9-4da0-4371-87fa-54ea3ce1f280:c1311, 0cc34542-3a00-466e-ae84-194b84d3af7b:c1308, d451d94d-57a0-4545-b387-d428f64e3f33:c1306]
2019-07-09 16:25:52,693 INFO  client.GrpcClientProtocolClient (GrpcClientProtocolClient.java:onNext(255)) - client-0F1B900A64BD->9bf35ae9-4da0-4371-87fa-54ea3ce1f280: receive RaftClientReply:client-0F1B900A64BD->9bf35ae9-4da0-4371-87fa-54ea3ce1f280@group-432E83AF5B55, cid=982, SUCCESS, logIndex=1313, commits[9bf35ae9-4da0-4371-87fa-54ea3ce1f280:c1314, 0cc34542-3a00-466e-ae84-194b84d3af7b:c1312, d451d94d-57a0-4545-b387-d428f64e3f33:c1312]
2019-07-09 16:25:52,693 INFO  client.GrpcClientProtocolClient (GrpcClientProtocolClient.java:onNext(255)) - client-0F1B900A64BD->9bf35ae9-4da0-4371-87fa-54ea3ce1f280: receive RaftClientReply:client-0F1B900A64BD->9bf35ae9-4da0-4371-87fa-54ea3ce1f280@group-432E83AF5B55, cid=983, SUCCESS, logIndex=1314, commits[9bf35ae9-4da0-4371-87fa-54ea3ce1f280:c1314, 0cc34542-3a00-466e-ae84-194b84d3af7b:c1312, d451d94d-57a0-4545-b387-d428f64e3f33:c1312]
2019-07-09 16:25:52,719 INFO  client.GrpcClientProtocolClient (GrpcClientProtocolClient.java:onNext(255)) - client-0F1B900A64BD->9bf35ae9-4da0-4371-87fa-54ea3ce1f280: receive RaftClientReply:client-0F1B900A64BD->9bf35ae9-4da0-4371-87fa-54ea3ce1f280@group-432E83AF5B55, cid=984, SUCCESS, logIndex=1317, commits[9bf35ae9-4da0-4371-87fa-54ea3ce1f280:c1318, 0cc34542-3a00-466e-ae84-194b84d3af7b:c1314, d451d94d-57a0-4545-b387-d428f64e3f33:c1314]
2019-07-09 16:25:52,720 INFO  client.GrpcClientProtocolClient (GrpcClientProtocolClient.java:onNext(255)) - client-0F1B900A64BD->9bf35ae9-4da0-4371-87fa-54ea3ce1f280: receive RaftClientReply:client-0F1B900A64BD->9bf35ae9-4da0-4371-87fa-54ea3ce1f280@group-432E83AF5B55, cid=985, SUCCESS, logIndex=1318, commits[9bf35ae9-4da0-4371-87fa-54ea3ce1f280:c1318, 0cc34542-3a00-466e-ae84-194b84d3af7b:c1314, d451d94d-57a0-4545-b387-d428f64e3f33:c1314]
2019-07-09 16:25:52,731 INFO  client.GrpcClientProtocolClient (GrpcClientProtocolClient.java:onNext(255)) - client-0F1B900A64BD->9bf35ae9-4da0-4371-87fa-54ea3ce1f280: receive RaftClientReply:client-0F1B900A64BD->9bf35ae9-4da0-4371-87fa-54ea3ce1f280@group-432E83AF5B55, cid=986, SUCCESS, logIndex=0, commits[9bf35ae9-4da0-4371-87fa-54ea3ce1f280:c1319, 0cc34542-3a00-466e-ae84-194b84d3af7b:c1318, d451d94d-57a0-4545-b387-d428f64e3f33:c1318]
2019-07-09 16:25:52,757 INFO  client.GrpcClientProtocolClient (GrpcClientProtocolClient.java:onNext(255)) - client-0F1B900A64BD->9bf35ae9-4da0-4371-87fa-54ea3ce1f280: receive RaftClientReply:client-0F1B900A64BD->9bf35ae9-4da0-4371-87fa-54ea3ce1f280@group-432E83AF5B55, cid=987, SUCCESS, logIndex=1321, commits[9bf35ae9-4da0-4371-87fa-54ea3ce1f280:c1322, 0cc34542-3a00-466e-ae84-194b84d3af7b:c1320, d451d94d-57a0-4545-b387-d428f64e3f33:c1320]
2019-07-09 16:25:52,757 INFO  client.GrpcClientProtocolClient (GrpcClientProtocolClient.java:onNext(255)) - client-0F1B900A64BD->9bf35ae9-4da0-4371-87fa-54ea3ce1f280: receive RaftClientReply:client-0F1B900A64BD->9bf35ae9-4da0-4371-87fa-54ea3ce1f280@group-432E83AF5B55, cid=988, SUCCESS, logIndex=1322, commits[9bf35ae9-4da0-4371-87fa-54ea3ce1f280:c1324, 0cc34542-3a00-466e-ae84-194b84d3af7b:c1320, d451d94d-57a0-4545-b387-d428f64e3f33:c1320]
2019-07-09 16:25:52,758 INFO  client.GrpcClientProtocolClient (GrpcClientProtocolClient.java:onNext(255)) - client-0F1B900A64BD->9bf35ae9-4da0-4371-87fa-54ea3ce1f280: receive RaftClientReply:client-0F1B900A64BD->9bf35ae9-4da0-4371-87fa-54ea3ce1f280@group-432E83AF5B55, cid=989, SUCCESS, logIndex=1323, commits[9bf35ae9-4da0-4371-87fa-54ea3ce1f280:c1324, 0cc34542-3a00-466e-ae84-194b84d3af7b:c1320, d451d94d-57a0-4545-b387-d428f64e3f33:c1320]
2019-07-09 16:25:52,758 INFO  client.GrpcClientProtocolClient (GrpcClientProtocolClient.java:onNext(255)) - client-0F1B900A64BD->9bf35ae9-4da0-4371-87fa-54ea3ce1f280: receive RaftClientReply:client-0F1B900A64BD->9bf35ae9-4da0-4371-87fa-54ea3ce1f280@group-432E83AF5B55, cid=990, SUCCESS, logIndex=1324, commits[9bf35ae9-4da0-4371-87fa-54ea3ce1f280:c1324, 0cc34542-3a00-466e-ae84-194b84d3af7b:c1320, d451d94d-57a0-4545-b387-d428f64e3f33:c1320]
2019-07-09 16:25:52,760 INFO  client.GrpcClientProtocolClient (GrpcClientProtocolClient.java:onNext(255)) - client-0F1B900A64BD->9bf35ae9-4da0-4371-87fa-54ea3ce1f280: receive RaftClientReply:client-0F1B900A64BD->9bf35ae9-4da0-4371-87fa-54ea3ce1f280@group-432E83AF5B55, cid=991, SUCCESS, logIndex=0, commits[9bf35ae9-4da0-4371-87fa-54ea3ce1f280:c1325, 0cc34542-3a00-466e-ae84-194b84d3af7b:c1322, d451d94d-57a0-4545-b387-d428f64e3f33:c1322]
2019-07-09 16:25:52,783 INFO  client.GrpcClientProtocolClient (GrpcClientProtocolClient.java:onNext(255)) - client-0F1B900A64BD->9bf35ae9-4da0-4371-87fa-54ea3ce1f280: receive RaftClientReply:client-0F1B900A64BD->9bf35ae9-4da0-4371-87fa-54ea3ce1f280@group-432E83AF5B55, cid=992, SUCCESS, logIndex=1328, commits[9bf35ae9-4da0-4371-87fa-54ea3ce1f280:c1329, 0cc34542-3a00-466e-ae84-194b84d3af7b:c1325, d451d94d-57a0-4545-b387-d428f64e3f33:c1324]
2019-07-09 16:25:52,783 INFO  client.GrpcClientProtocolClient (GrpcClientProtocolClient.java:onNext(255)) - client-0F1B900A64BD->9bf35ae9-4da0-4371-87fa-54ea3ce1f280: receive RaftClientReply:client-0F1B900A64BD->9bf35ae9-4da0-4371-87fa-54ea3ce1f280@group-432E83AF5B55, cid=993, SUCCESS, logIndex=1329, commits[9bf35ae9-4da0-4371-87fa-54ea3ce1f280:c1329, 0cc34542-3a00-466e-ae84-194b84d3af7b:c1325, d451d94d-57a0-4545-b387-d428f64e3f33:c1325]
2019-07-09 16:25:52,805 INFO  client.GrpcClientProtocolClient (GrpcClientProtocolClient.java:onNext(255)) - client-0F1B900A64BD->9bf35ae9-4da0-4371-87fa-54ea3ce1f280: receive RaftClientReply:client-0F1B900A64BD->9bf35ae9-4da0-4371-87fa-54ea3ce1f280@group-432E83AF5B55, cid=994, SUCCESS, logIndex=1332, commits[9bf35ae9-4da0-4371-87fa-54ea3ce1f280:c1333, 0cc34542-3a00-466e-ae84-194b84d3af7b:c1331, d451d94d-57a0-4545-b387-d428f64e3f33:c1331]
2019-07-09 16:25:52,805 INFO  client.GrpcClientProtocolClient (GrpcClientProtocolClient.java:onNext(255)) - client-0F1B900A64BD->9bf35ae9-4da0-4371-87fa-54ea3ce1f280: receive RaftClientReply:client-0F1B900A64BD->9bf35ae9-4da0-4371-87fa-54ea3ce1f280@group-432E83AF5B55, cid=995, SUCCESS, logIndex=1333, commits[9bf35ae9-4da0-4371-87fa-54ea3ce1f280:c1333, 0cc34542-3a00-466e-ae84-194b84d3af7b:c1331, d451d94d-57a0-4545-b387-d428f64e3f33:c1331]
2019-07-09 16:25:52,819 INFO  client.GrpcClientProtocolClient (GrpcClientProtocolClient.java:onNext(255)) - client-0F1B900A64BD->9bf35ae9-4da0-4371-87fa-54ea3ce1f280: receive RaftClientReply:client-0F1B900A64BD->9bf35ae9-4da0-4371-87fa-54ea3ce1f280@group-432E83AF5B55, cid=996, SUCCESS, logIndex=0, commits[9bf35ae9-4da0-4371-87fa-54ea3ce1f280:c1335, 0cc34542-3a00-466e-ae84-194b84d3af7b:c1333, d451d94d-57a0-4545-b387-d428f64e3f33:c1333]
2019-07-09 16:25:52,840 INFO  client.GrpcClientProtocolClient (GrpcClientProtocolClient.java:onNext(255)) - client-0F1B900A64BD->9bf35ae9-4da0-4371-87fa-54ea3ce1f280: receive RaftClientReply:client-0F1B900A64BD->9bf35ae9-4da0-4371-87fa-54ea3ce1f280@group-432E83AF5B55, cid=997, SUCCESS, logIndex=1336, commits[9bf35ae9-4da0-4371-87fa-54ea3ce1f280:c1337, 0cc34542-3a00-466e-ae84-194b84d3af7b:c1335, d451d94d-57a0-4545-b387-d428f64e3f33:c1335]
2019-07-09 16:25:52,841 INFO  client.GrpcClientProtocolClient (GrpcClientProtocolClient.java:onNext(255)) - client-0F1B900A64BD->9bf35ae9-4da0-4371-87fa-54ea3ce1f280: receive RaftClientReply:client-0F1B900A64BD->9bf35ae9-4da0-4371-87fa-54ea3ce1f280@group-432E83AF5B55, cid=998, SUCCESS, logIndex=1337, commits[9bf35ae9-4da0-4371-87fa-54ea3ce1f280:c1339, 0cc34542-3a00-466e-ae84-194b84d3af7b:c1335, d451d94d-57a0-4545-b387-d428f64e3f33:c1335]
2019-07-09 16:25:52,841 INFO  client.GrpcClientProtocolClient (GrpcClientProtocolClient.java:onNext(255)) - client-0F1B900A64BD->9bf35ae9-4da0-4371-87fa-54ea3ce1f280: receive RaftClientReply:client-0F1B900A64BD->9bf35ae9-4da0-4371-87fa-54ea3ce1f280@group-432E83AF5B55, cid=999, SUCCESS, logIndex=1338, commits[9bf35ae9-4da0-4371-87fa-54ea3ce1f280:c1339, 0cc34542-3a00-466e-ae84-194b84d3af7b:c1335, d451d94d-57a0-4545-b387-d428f64e3f33:c1335]
2019-07-09 16:25:52,842 INFO  client.GrpcClientProtocolClient (GrpcClientProtocolClient.java:onNext(255)) - client-0F1B900A64BD->9bf35ae9-4da0-4371-87fa-54ea3ce1f280: receive RaftClientReply:client-0F1B900A64BD->9bf35ae9-4da0-4371-87fa-54ea3ce1f280@group-432E83AF5B55, cid=1000, SUCCESS, logIndex=1339, commits[9bf35ae9-4da0-4371-87fa-54ea3ce1f280:c1339, 0cc34542-3a00-466e-ae84-194b84d3af7b:c1335, d451d94d-57a0-4545-b387-d428f64e3f33:c1335]
2019-07-09 16:25:52,845 INFO  client.GrpcClientProtocolClient (GrpcClientProtocolClient.java:onNext(255)) - client-0F1B900A64BD->9bf35ae9-4da0-4371-87fa-54ea3ce1f280: receive RaftClientReply:client-0F1B900A64BD->9bf35ae9-4da0-4371-87fa-54ea3ce1f280@group-432E83AF5B55, cid=1001, SUCCESS, logIndex=0, commits[9bf35ae9-4da0-4371-87fa-54ea3ce1f280:c1340, 0cc34542-3a00-466e-ae84-194b84d3af7b:c1337, d451d94d-57a0-4545-b387-d428f64e3f33:c1337]
2019-07-09 16:25:52,858 INFO  client.GrpcClientProtocolClient (GrpcClientProtocolClient.java:onNext(255)) - client-0F1B900A64BD->9bf35ae9-4da0-4371-87fa-54ea3ce1f280: receive RaftClientReply:client-0F1B900A64BD->9bf35ae9-4da0-4371-87fa-54ea3ce1f280@group-432E83AF5B55, cid=1002, SUCCESS, logIndex=1344, commits[9bf35ae9-4da0-4371-87fa-54ea3ce1f280:c1345, 0cc34542-3a00-466e-ae84-194b84d3af7b:c1339, d451d94d-57a0-4545-b387-d428f64e3f33:c1343]
2019-07-09 16:25:52,859 INFO  client.GrpcClientProtocolClient (GrpcClientProtocolClient.java:onNext(255)) - client-0F1B900A64BD->9bf35ae9-4da0-4371-87fa-54ea3ce1f280: receive RaftClientReply:client-0F1B900A64BD->9bf35ae9-4da0-4371-87fa-54ea3ce1f280@group-432E83AF5B55, cid=1003, SUCCESS, logIndex=1345, commits[9bf35ae9-4da0-4371-87fa-54ea3ce1f280:c1345, 0cc34542-3a00-466e-ae84-194b84d3af7b:c1343, d451d94d-57a0-4545-b387-d428f64e3f33:c1343]
2019-07-09 16:25:52,871 INFO  client.GrpcClientProtocolClient (GrpcClientProtocolClient.java:onNext(255)) - client-0F1B900A64BD->9bf35ae9-4da0-4371-87fa-54ea3ce1f280: receive RaftClientReply:client-0F1B900A64BD->9bf35ae9-4da0-4371-87fa-54ea3ce1f280@group-432E83AF5B55, cid=1004, SUCCESS, logIndex=1348, commits[9bf35ae9-4da0-4371-87fa-54ea3ce1f280:c1349, 0cc34542-3a00-466e-ae84-194b84d3af7b:c1347, d451d94d-57a0-4545-b387-d428f64e3f33:c1345]
2019-07-09 16:25:52,871 INFO  client.GrpcClientProtocolClient (GrpcClientProtocolClient.java:onNext(255)) - client-0F1B900A64BD->9bf35ae9-4da0-4371-87fa-54ea3ce1f280: receive RaftClientReply:client-0F1B900A64BD->9bf35ae9-4da0-4371-87fa-54ea3ce1f280@group-432E83AF5B55, cid=1005, SUCCESS, logIndex=1349, commits[9bf35ae9-4da0-4371-87fa-54ea3ce1f280:c1349, 0cc34542-3a00-466e-ae84-194b84d3af7b:c1347, d451d94d-57a0-4545-b387-d428f64e3f33:c1347]
2019-07-09 16:25:52,874 INFO  client.GrpcClientProtocolClient (GrpcClientProtocolClient.java:onNext(255)) - client-0F1B900A64BD->9bf35ae9-4da0-4371-87fa-54ea3ce1f280: receive RaftClientReply:client-0F1B900A64BD->9bf35ae9-4da0-4371-87fa-54ea3ce1f280@group-432E83AF5B55, cid=1006, SUCCESS, logIndex=0, commits[9bf35ae9-4da0-4371-87fa-54ea3ce1f280:c1350, 0cc34542-3a00-466e-ae84-194b84d3af7b:c1349, d451d94d-57a0-4545-b387-d428f64e3f33:c1349]
2019-07-09 16:25:52,888 INFO  client.GrpcClientProtocolClient (GrpcClientProtocolClient.java:onNext(255)) - client-0F1B900A64BD->9bf35ae9-4da0-4371-87fa-54ea3ce1f280: receive RaftClientReply:client-0F1B900A64BD->9bf35ae9-4da0-4371-87fa-54ea3ce1f280@group-432E83AF5B55, cid=1007, SUCCESS, logIndex=1352, commits[9bf35ae9-4da0-4371-87fa-54ea3ce1f280:c1353, 0cc34542-3a00-466e-ae84-194b84d3af7b:c1351, d451d94d-57a0-4545-b387-d428f64e3f33:c1351]
2019-07-09 16:25:52,889 INFO  client.GrpcClientProtocolClient (GrpcClientProtocolClient.java:onNext(255)) - client-0F1B900A64BD->9bf35ae9-4da0-4371-87fa-54ea3ce1f280: receive RaftClientReply:client-0F1B900A64BD->9bf35ae9-4da0-4371-87fa-54ea3ce1f280@group-432E83AF5B55, cid=1008, SUCCESS, logIndex=1353, commits[9bf35ae9-4da0-4371-87fa-54ea3ce1f280:c1355, 0cc34542-3a00-466e-ae84-194b84d3af7b:c1351, d451d94d-57a0-4545-b387-d428f64e3f33:c1351]
2019-07-09 16:25:52,889 INFO  client.GrpcClientProtocolClient (GrpcClientProtocolClient.java:onNext(255)) - client-0F1B900A64BD->9bf35ae9-4da0-4371-87fa-54ea3ce1f280: receive RaftClientReply:client-0F1B900A64BD->9bf35ae9-4da0-4371-87fa-54ea3ce1f280@group-432E83AF5B55, cid=1009, SUCCESS, logIndex=1354, commits[9bf35ae9-4da0-4371-87fa-54ea3ce1f280:c1355, 0cc34542-3a00-466e-ae84-194b84d3af7b:c1351, d451d94d-57a0-4545-b387-d428f64e3f33:c1351]
2019-07-09 16:25:52,889 INFO  client.GrpcClientProtocolClient (GrpcClientProtocolClient.java:onNext(255)) - client-0F1B900A64BD->9bf35ae9-4da0-4371-87fa-54ea3ce1f280: receive RaftClientReply:client-0F1B900A64BD->9bf35ae9-4da0-4371-87fa-54ea3ce1f280@group-432E83AF5B55, cid=1010, SUCCESS, logIndex=1355, commits[9bf35ae9-4da0-4371-87fa-54ea3ce1f280:c1355, 0cc34542-3a00-466e-ae84-194b84d3af7b:c1351, d451d94d-57a0-4545-b387-d428f64e3f33:c1351]
2019-07-09 16:25:52,892 INFO  client.GrpcClientProtocolClient (GrpcClientProtocolClient.java:onNext(255)) - client-0F1B900A64BD->9bf35ae9-4da0-4371-87fa-54ea3ce1f280: receive RaftClientReply:client-0F1B900A64BD->9bf35ae9-4da0-4371-87fa-54ea3ce1f280@group-432E83AF5B55, cid=1011, SUCCESS, logIndex=0, commits[9bf35ae9-4da0-4371-87fa-54ea3ce1f280:c1356, 0cc34542-3a00-466e-ae84-194b84d3af7b:c1353, d451d94d-57a0-4545-b387-d428f64e3f33:c1353]
2019-07-09 16:25:52,903 INFO  client.GrpcClientProtocolClient (GrpcClientProtocolClient.java:onNext(255)) - client-0F1B900A64BD->9bf35ae9-4da0-4371-87fa-54ea3ce1f280: receive RaftClientReply:client-0F1B900A64BD->9bf35ae9-4da0-4371-87fa-54ea3ce1f280@group-432E83AF5B55, cid=1012, SUCCESS, logIndex=1359, commits[9bf35ae9-4da0-4371-87fa-54ea3ce1f280:c1360, 0cc34542-3a00-466e-ae84-194b84d3af7b:c1358, d451d94d-57a0-4545-b387-d428f64e3f33:c1358]
2019-07-09 16:25:52,904 INFO  client.GrpcClientProtocolClient (GrpcClientProtocolClient.java:onNext(255)) - client-0F1B900A64BD->9bf35ae9-4da0-4371-87fa-54ea3ce1f280: receive RaftClientReply:client-0F1B900A64BD->9bf35ae9-4da0-4371-87fa-54ea3ce1f280@group-432E83AF5B55, cid=1013, SUCCESS, logIndex=1360, commits[9bf35ae9-4da0-4371-87fa-54ea3ce1f280:c1360, 0cc34542-3a00-466e-ae84-194b84d3af7b:c1358, d451d94d-57a0-4545-b387-d428f64e3f33:c1358]
2019-07-09 16:25:52,915 INFO  client.GrpcClientProtocolClient (GrpcClientProtocolClient.java:onNext(255)) - client-0F1B900A64BD->9bf35ae9-4da0-4371-87fa-54ea3ce1f280: receive RaftClientReply:client-0F1B900A64BD->9bf35ae9-4da0-4371-87fa-54ea3ce1f280@group-432E83AF5B55, cid=1014, SUCCESS, logIndex=1363, commits[9bf35ae9-4da0-4371-87fa-54ea3ce1f280:c1364, 0cc34542-3a00-466e-ae84-194b84d3af7b:c1362, d451d94d-57a0-4545-b387-d428f64e3f33:c1362]
2019-07-09 16:25:52,916 INFO  client.GrpcClientProtocolClient (GrpcClientProtocolClient.java:onNext(255)) - client-0F1B900A64BD->9bf35ae9-4da0-4371-87fa-54ea3ce1f280: receive RaftClientReply:client-0F1B900A64BD->9bf35ae9-4da0-4371-87fa-54ea3ce1f280@group-432E83AF5B55, cid=1015, SUCCESS, logIndex=1364, commits[9bf35ae9-4da0-4371-87fa-54ea3ce1f280:c1364, 0cc34542-3a00-466e-ae84-194b84d3af7b:c1362, d451d94d-57a0-4545-b387-d428f64e3f33:c1362]
2019-07-09 16:25:52,917 INFO  client.GrpcClientProtocolClient (GrpcClientProtocolClient.java:onNext(255)) - client-0F1B900A64BD->9bf35ae9-4da0-4371-87fa-54ea3ce1f280: receive RaftClientReply:client-0F1B900A64BD->9bf35ae9-4da0-4371-87fa-54ea3ce1f280@group-432E83AF5B55, cid=1016, SUCCESS, logIndex=0, commits[9bf35ae9-4da0-4371-87fa-54ea3ce1f280:c1365, 0cc34542-3a00-466e-ae84-194b84d3af7b:c1364, d451d94d-57a0-4545-b387-d428f64e3f33:c1364]
2019-07-09 16:25:52,930 INFO  client.GrpcClientProtocolClient (GrpcClientProtocolClient.java:onNext(255)) - client-0F1B900A64BD->9bf35ae9-4da0-4371-87fa-54ea3ce1f280: receive RaftClientReply:client-0F1B900A64BD->9bf35ae9-4da0-4371-87fa-54ea3ce1f280@group-432E83AF5B55, cid=1017, SUCCESS, logIndex=1367, commits[9bf35ae9-4da0-4371-87fa-54ea3ce1f280:c1370, 0cc34542-3a00-466e-ae84-194b84d3af7b:c1366, d451d94d-57a0-4545-b387-d428f64e3f33:c1364]
2019-07-09 16:25:52,931 INFO  client.GrpcClientProtocolClient (GrpcClientProtocolClient.java:onNext(255)) - client-0F1B900A64BD->9bf35ae9-4da0-4371-87fa-54ea3ce1f280: receive RaftClientReply:client-0F1B900A64BD->9bf35ae9-4da0-4371-87fa-54ea3ce1f280@group-432E83AF5B55, cid=1018, SUCCESS, logIndex=1368, commits[9bf35ae9-4da0-4371-87fa-54ea3ce1f280:c1370, 0cc34542-3a00-466e-ae84-194b84d3af7b:c1366, d451d94d-57a0-4545-b387-d428f64e3f33:c1366]
2019-07-09 16:25:52,931 INFO  client.GrpcClientProtocolClient (GrpcClientProtocolClient.java:onNext(255)) - client-0F1B900A64BD->9bf35ae9-4da0-4371-87fa-54ea3ce1f280: receive RaftClientReply:client-0F1B900A64BD->9bf35ae9-4da0-4371-87fa-54ea3ce1f280@group-432E83AF5B55, cid=1019, SUCCESS, logIndex=1369, commits[9bf35ae9-4da0-4371-87fa-54ea3ce1f280:c1370, 0cc34542-3a00-466e-ae84-194b84d3af7b:c1366, d451d94d-57a0-4545-b387-d428f64e3f33:c1366]
2019-07-09 16:25:52,931 INFO  client.GrpcClientProtocolClient (GrpcClientProtocolClient.java:onNext(255)) - client-0F1B900A64BD->9bf35ae9-4da0-4371-87fa-54ea3ce1f280: receive RaftClientReply:client-0F1B900A64BD->9bf35ae9-4da0-4371-87fa-54ea3ce1f280@group-432E83AF5B55, cid=1020, SUCCESS, logIndex=1370, commits[9bf35ae9-4da0-4371-87fa-54ea3ce1f280:c1371, 0cc34542-3a00-466e-ae84-194b84d3af7b:c1368, d451d94d-57a0-4545-b387-d428f64e3f33:c1368]
2019-07-09 16:25:52,942 INFO  client.GrpcClientProtocolClient (GrpcClientProtocolClient.java:onNext(255)) - client-0F1B900A64BD->9bf35ae9-4da0-4371-87fa-54ea3ce1f280: receive RaftClientReply:client-0F1B900A64BD->9bf35ae9-4da0-4371-87fa-54ea3ce1f280@group-432E83AF5B55, cid=1021, SUCCESS, logIndex=1375, commits[9bf35ae9-4da0-4371-87fa-54ea3ce1f280:c1376, 0cc34542-3a00-466e-ae84-194b84d3af7b:c1374, d451d94d-57a0-4545-b387-d428f64e3f33:c1370]
2019-07-09 16:25:52,942 INFO  client.GrpcClientProtocolClient (GrpcClientProtocolClient.java:onNext(255)) - client-0F1B900A64BD->9bf35ae9-4da0-4371-87fa-54ea3ce1f280: receive RaftClientReply:client-0F1B900A64BD->9bf35ae9-4da0-4371-87fa-54ea3ce1f280@group-432E83AF5B55, cid=1022, SUCCESS, logIndex=1376, commits[9bf35ae9-4da0-4371-87fa-54ea3ce1f280:c1376, 0cc34542-3a00-466e-ae84-194b84d3af7b:c1374, d451d94d-57a0-4545-b387-d428f64e3f33:c1370]
2019-07-09 16:25:52,970 INFO  client.GrpcClientProtocolClient (GrpcClientProtocolClient.java:onNext(255)) - client-0F1B900A64BD->9bf35ae9-4da0-4371-87fa-54ea3ce1f280: receive RaftClientReply:client-0F1B900A64BD->9bf35ae9-4da0-4371-87fa-54ea3ce1f280@group-432E83AF5B55, cid=1023, SUCCESS, logIndex=1379, commits[9bf35ae9-4da0-4371-87fa-54ea3ce1f280:c1380, 0cc34542-3a00-466e-ae84-194b84d3af7b:c1378, d451d94d-57a0-4545-b387-d428f64e3f33:c1378]
2019-07-09 16:25:52,970 INFO  client.GrpcClientProtocolClient (GrpcClientProtocolClient.java:onNext(255)) - client-0F1B900A64BD->9bf35ae9-4da0-4371-87fa-54ea3ce1f280: receive RaftClientReply:client-0F1B900A64BD->9bf35ae9-4da0-4371-87fa-54ea3ce1f280@group-432E83AF5B55, cid=1024, SUCCESS, logIndex=1380, commits[9bf35ae9-4da0-4371-87fa-54ea3ce1f280:c1380, 0cc34542-3a00-466e-ae84-194b84d3af7b:c1378, d451d94d-57a0-4545-b387-d428f64e3f33:c1378]
2019-07-09 16:25:52,984 INFO  client.GrpcClientProtocolClient (GrpcClientProtocolClient.java:onNext(255)) - client-0F1B900A64BD->9bf35ae9-4da0-4371-87fa-54ea3ce1f280: receive RaftClientReply:client-0F1B900A64BD->9bf35ae9-4da0-4371-87fa-54ea3ce1f280@group-432E83AF5B55, cid=1025, SUCCESS, logIndex=0, commits[9bf35ae9-4da0-4371-87fa-54ea3ce1f280:c1382, 0cc34542-3a00-466e-ae84-194b84d3af7b:c1380, d451d94d-57a0-4545-b387-d428f64e3f33:c1380]
2019-07-09 16:25:53,015 INFO  client.GrpcClientProtocolClient (GrpcClientProtocolClient.java:onNext(255)) - client-0F1B900A64BD->9bf35ae9-4da0-4371-87fa-54ea3ce1f280: receive RaftClientReply:client-0F1B900A64BD->9bf35ae9-4da0-4371-87fa-54ea3ce1f280@group-432E83AF5B55, cid=1026, SUCCESS, logIndex=1383, commits[9bf35ae9-4da0-4371-87fa-54ea3ce1f280:c1385, 0cc34542-3a00-466e-ae84-194b84d3af7b:c1382, d451d94d-57a0-4545-b387-d428f64e3f33:c1382]
2019-07-09 16:25:53,015 INFO  client.GrpcClientProtocolClient (GrpcClientProtocolClient.java:onNext(255)) - client-0F1B900A64BD->9bf35ae9-4da0-4371-87fa-54ea3ce1f280: receive RaftClientReply:client-0F1B900A64BD->9bf35ae9-4da0-4371-87fa-54ea3ce1f280@group-432E83AF5B55, cid=1027, SUCCESS, logIndex=1384, commits[9bf35ae9-4da0-4371-87fa-54ea3ce1f280:c1386, 0cc34542-3a00-466e-ae84-194b84d3af7b:c1382, d451d94d-57a0-4545-b387-d428f64e3f33:c1382]
2019-07-09 16:25:53,016 INFO  client.GrpcClientProtocolClient (GrpcClientProtocolClient.java:onNext(255)) - client-0F1B900A64BD->9bf35ae9-4da0-4371-87fa-54ea3ce1f280: receive RaftClientReply:client-0F1B900A64BD->9bf35ae9-4da0-4371-87fa-54ea3ce1f280@group-432E83AF5B55, cid=1028, SUCCESS, logIndex=1385, commits[9bf35ae9-4da0-4371-87fa-54ea3ce1f280:c1386, 0cc34542-3a00-466e-ae84-194b84d3af7b:c1382, d451d94d-57a0-4545-b387-d428f64e3f33:c1382]
2019-07-09 16:25:53,016 INFO  client.GrpcClientProtocolClient (GrpcClientProtocolClient.java:onNext(255)) - client-0F1B900A64BD->9bf35ae9-4da0-4371-87fa-54ea3ce1f280: receive RaftClientReply:client-0F1B900A64BD->9bf35ae9-4da0-4371-87fa-54ea3ce1f280@group-432E83AF5B55, cid=1029, SUCCESS, logIndex=1386, commits[9bf35ae9-4da0-4371-87fa-54ea3ce1f280:c1386, 0cc34542-3a00-466e-ae84-194b84d3af7b:c1382, d451d94d-57a0-4545-b387-d428f64e3f33:c1382]
2019-07-09 16:25:53,017 INFO  client.GrpcClientProtocolClient (GrpcClientProtocolClient.java:onNext(255)) - client-0F1B900A64BD->9bf35ae9-4da0-4371-87fa-54ea3ce1f280: receive RaftClientReply:client-0F1B900A64BD->9bf35ae9-4da0-4371-87fa-54ea3ce1f280@group-432E83AF5B55, cid=1030, SUCCESS, logIndex=0, commits[9bf35ae9-4da0-4371-87fa-54ea3ce1f280:c1388, 0cc34542-3a00-466e-ae84-194b84d3af7b:c1384, d451d94d-57a0-4545-b387-d428f64e3f33:c1386]
2019-07-09 16:25:53,037 INFO  client.GrpcClientProtocolClient (GrpcClientProtocolClient.java:onNext(255)) - client-0F1B900A64BD->9bf35ae9-4da0-4371-87fa-54ea3ce1f280: receive RaftClientReply:client-0F1B900A64BD->9bf35ae9-4da0-4371-87fa-54ea3ce1f280@group-432E83AF5B55, cid=1031, SUCCESS, logIndex=1391, commits[9bf35ae9-4da0-4371-87fa-54ea3ce1f280:c1392, 0cc34542-3a00-466e-ae84-194b84d3af7b:c1390, d451d94d-57a0-4545-b387-d428f64e3f33:c1390]
2019-07-09 16:25:53,037 INFO  client.GrpcClientProtocolClient (GrpcClientProtocolClient.java:onNext(255)) - client-0F1B900A64BD->9bf35ae9-4da0-4371-87fa-54ea3ce1f280: receive RaftClientReply:client-0F1B900A64BD->9bf35ae9-4da0-4371-87fa-54ea3ce1f280@group-432E83AF5B55, cid=1032, SUCCESS, logIndex=1392, commits[9bf35ae9-4da0-4371-87fa-54ea3ce1f280:c1392, 0cc34542-3a00-466e-ae84-194b84d3af7b:c1390, d451d94d-57a0-4545-b387-d428f64e3f33:c1390]
2019-07-09 16:25:53,052 INFO  client.GrpcClientProtocolClient (GrpcClientProtocolClient.java:onNext(255)) - client-0F1B900A64BD->9bf35ae9-4da0-4371-87fa-54ea3ce1f280: receive RaftClientReply:client-0F1B900A64BD->9bf35ae9-4da0-4371-87fa-54ea3ce1f280@group-432E83AF5B55, cid=1033, SUCCESS, logIndex=1395, commits[9bf35ae9-4da0-4371-87fa-54ea3ce1f280:c1396, 0cc34542-3a00-466e-ae84-194b84d3af7b:c1392, d451d94d-57a0-4545-b387-d428f64e3f33:c1392]
2019-07-09 16:25:53,052 INFO  client.GrpcClientProtocolClient (GrpcClientProtocolClient.java:onNext(255)) - client-0F1B900A64BD->9bf35ae9-4da0-4371-87fa-54ea3ce1f280: receive RaftClientReply:client-0F1B900A64BD->9bf35ae9-4da0-4371-87fa-54ea3ce1f280@group-432E83AF5B55, cid=1034, SUCCESS, logIndex=1396, commits[9bf35ae9-4da0-4371-87fa-54ea3ce1f280:c1396, 0cc34542-3a00-466e-ae84-194b84d3af7b:c1392, d451d94d-57a0-4545-b387-d428f64e3f33:c1392]
2019-07-09 16:25:53,064 INFO  client.GrpcClientProtocolClient (GrpcClientProtocolClient.java:onNext(255)) - client-0F1B900A64BD->9bf35ae9-4da0-4371-87fa-54ea3ce1f280: receive RaftClientReply:client-0F1B900A64BD->9bf35ae9-4da0-4371-87fa-54ea3ce1f280@group-432E83AF5B55, cid=1035, SUCCESS, logIndex=0, commits[9bf35ae9-4da0-4371-87fa-54ea3ce1f280:c1397, 0cc34542-3a00-466e-ae84-194b84d3af7b:c1396, d451d94d-57a0-4545-b387-d428f64e3f33:c1396]
2019-07-09 16:25:53,086 INFO  client.GrpcClientProtocolClient (GrpcClientProtocolClient.java:onNext(255)) - client-0F1B900A64BD->9bf35ae9-4da0-4371-87fa-54ea3ce1f280: receive RaftClientReply:client-0F1B900A64BD->9bf35ae9-4da0-4371-87fa-54ea3ce1f280@group-432E83AF5B55, cid=1036, SUCCESS, logIndex=1399, commits[9bf35ae9-4da0-4371-87fa-54ea3ce1f280:c1400, 0cc34542-3a00-466e-ae84-194b84d3af7b:c1398, d451d94d-57a0-4545-b387-d428f64e3f33:c1398]
2019-07-09 16:25:53,086 INFO  client.GrpcClientProtocolClient (GrpcClientProtocolClient.java:onNext(255)) - client-0F1B900A64BD->9bf35ae9-4da0-4371-87fa-54ea3ce1f280: receive RaftClientReply:client-0F1B900A64BD->9bf35ae9-4da0-4371-87fa-54ea3ce1f280@group-432E83AF5B55, cid=1037, SUCCESS, logIndex=1400, commits[9bf35ae9-4da0-4371-87fa-54ea3ce1f280:c1400, 0cc34542-3a00-466e-ae84-194b84d3af7b:c1398, d451d94d-57a0-4545-b387-d428f64e3f33:c1398]
2019-07-09 16:25:53,087 INFO  client.GrpcClientProtocolClient (GrpcClientProtocolClient.java:onNext(255)) - client-0F1B900A64BD->9bf35ae9-4da0-4371-87fa-54ea3ce1f280: receive RaftClientReply:client-0F1B900A64BD->9bf35ae9-4da0-4371-87fa-54ea3ce1f280@group-432E83AF5B55, cid=1038, SUCCESS, logIndex=1401, commits[9bf35ae9-4da0-4371-87fa-54ea3ce1f280:c1402, 0cc34542-3a00-466e-ae84-194b84d3af7b:c1398, d451d94d-57a0-4545-b387-d428f64e3f33:c1398]
2019-07-09 16:25:53,087 INFO  client.GrpcClientProtocolClient (GrpcClientProtocolClient.java:onNext(255)) - client-0F1B900A64BD->9bf35ae9-4da0-4371-87fa-54ea3ce1f280: receive RaftClientReply:client-0F1B900A64BD->9bf35ae9-4da0-4371-87fa-54ea3ce1f280@group-432E83AF5B55, cid=1039, SUCCESS, logIndex=1402, commits[9bf35ae9-4da0-4371-87fa-54ea3ce1f280:c1402, 0cc34542-3a00-466e-ae84-194b84d3af7b:c1398, d451d94d-57a0-4545-b387-d428f64e3f33:c1398]
2019-07-09 16:25:53,089 INFO  client.GrpcClientProtocolClient (GrpcClientProtocolClient.java:onNext(255)) - client-0F1B900A64BD->9bf35ae9-4da0-4371-87fa-54ea3ce1f280: receive RaftClientReply:client-0F1B900A64BD->9bf35ae9-4da0-4371-87fa-54ea3ce1f280@group-432E83AF5B55, cid=1040, SUCCESS, logIndex=0, commits[9bf35ae9-4da0-4371-87fa-54ea3ce1f280:c1404, 0cc34542-3a00-466e-ae84-194b84d3af7b:c1400, d451d94d-57a0-4545-b387-d428f64e3f33:c1400]
2019-07-09 16:25:53,103 INFO  client.GrpcClientProtocolClient (GrpcClientProtocolClient.java:onNext(255)) - client-0F1B900A64BD->9bf35ae9-4da0-4371-87fa-54ea3ce1f280: receive RaftClientReply:client-0F1B900A64BD->9bf35ae9-4da0-4371-87fa-54ea3ce1f280@group-432E83AF5B55, cid=1041, SUCCESS, logIndex=1407, commits[9bf35ae9-4da0-4371-87fa-54ea3ce1f280:c1408, 0cc34542-3a00-466e-ae84-194b84d3af7b:c1402, d451d94d-57a0-4545-b387-d428f64e3f33:c1404]
2019-07-09 16:25:53,103 INFO  client.GrpcClientProtocolClient (GrpcClientProtocolClient.java:onNext(255)) - client-0F1B900A64BD->9bf35ae9-4da0-4371-87fa-54ea3ce1f280: receive RaftClientReply:client-0F1B900A64BD->9bf35ae9-4da0-4371-87fa-54ea3ce1f280@group-432E83AF5B55, cid=1042, SUCCESS, logIndex=1408, commits[9bf35ae9-4da0-4371-87fa-54ea3ce1f280:c1408, 0cc34542-3a00-466e-ae84-194b84d3af7b:c1404, d451d94d-57a0-4545-b387-d428f64e3f33:c1404]
2019-07-09 16:25:53,117 INFO  client.GrpcClientProtocolClient (GrpcClientProtocolClient.java:onNext(255)) - client-0F1B900A64BD->9bf35ae9-4da0-4371-87fa-54ea3ce1f280: receive RaftClientReply:client-0F1B900A64BD->9bf35ae9-4da0-4371-87fa-54ea3ce1f280@group-432E83AF5B55, cid=1043, SUCCESS, logIndex=1410, commits[9bf35ae9-4da0-4371-87fa-54ea3ce1f280:c1410, 0cc34542-3a00-466e-ae84-194b84d3af7b:c1408, d451d94d-57a0-4545-b387-d428f64e3f33:c1408]
2019-07-09 16:25:53,117 INFO  client.GrpcClientProtocolClient (GrpcClientProtocolClient.java:onNext(255)) - client-0F1B900A64BD->9bf35ae9-4da0-4371-87fa-54ea3ce1f280: receive RaftClientReply:client-0F1B900A64BD->9bf35ae9-4da0-4371-87fa-54ea3ce1f280@group-432E83AF5B55, cid=1044, SUCCESS, logIndex=1411, commits[9bf35ae9-4da0-4371-87fa-54ea3ce1f280:c1411, 0cc34542-3a00-466e-ae84-194b84d3af7b:c1408, d451d94d-57a0-4545-b387-d428f64e3f33:c1408]
2019-07-09 16:25:53,131 INFO  client.GrpcClientProtocolClient (GrpcClientProtocolClient.java:onNext(255)) - client-0F1B900A64BD->9bf35ae9-4da0-4371-87fa-54ea3ce1f280: receive RaftClientReply:client-0F1B900A64BD->9bf35ae9-4da0-4371-87fa-54ea3ce1f280@group-432E83AF5B55, cid=1045, SUCCESS, logIndex=0, commits[9bf35ae9-4da0-4371-87fa-54ea3ce1f280:c1413, 0cc34542-3a00-466e-ae84-194b84d3af7b:c1411, d451d94d-57a0-4545-b387-d428f64e3f33:c1411]
2019-07-09 16:25:53,151 INFO  client.GrpcClientProtocolClient (GrpcClientProtocolClient.java:onNext(255)) - client-0F1B900A64BD->9bf35ae9-4da0-4371-87fa-54ea3ce1f280: receive RaftClientReply:client-0F1B900A64BD->9bf35ae9-4da0-4371-87fa-54ea3ce1f280@group-432E83AF5B55, cid=1046, SUCCESS, logIndex=1414, commits[9bf35ae9-4da0-4371-87fa-54ea3ce1f280:c1415, 0cc34542-3a00-466e-ae84-194b84d3af7b:c1413, d451d94d-57a0-4545-b387-d428f64e3f33:c1413]
2019-07-09 16:25:53,151 INFO  client.GrpcClientProtocolClient (GrpcClientProtocolClient.java:onNext(255)) - client-0F1B900A64BD->9bf35ae9-4da0-4371-87fa-54ea3ce1f280: receive RaftClientReply:client-0F1B900A64BD->9bf35ae9-4da0-4371-87fa-54ea3ce1f280@group-432E83AF5B55, cid=1047, SUCCESS, logIndex=1415, commits[9bf35ae9-4da0-4371-87fa-54ea3ce1f280:c1417, 0cc34542-3a00-466e-ae84-194b84d3af7b:c1413, d451d94d-57a0-4545-b387-d428f64e3f33:c1413]
2019-07-09 16:25:53,152 INFO  client.GrpcClientProtocolClient (GrpcClientProtocolClient.java:onNext(255)) - client-0F1B900A64BD->9bf35ae9-4da0-4371-87fa-54ea3ce1f280: receive RaftClientReply:client-0F1B900A64BD->9bf35ae9-4da0-4371-87fa-54ea3ce1f280@group-432E83AF5B55, cid=1048, SUCCESS, logIndex=1416, commits[9bf35ae9-4da0-4371-87fa-54ea3ce1f280:c1417, 0cc34542-3a00-466e-ae84-194b84d3af7b:c1413, d451d94d-57a0-4545-b387-d428f64e3f33:c1413]
2019-07-09 16:25:53,152 INFO  client.GrpcClientProtocolClient (GrpcClientProtocolClient.java:onNext(255)) - client-0F1B900A64BD->9bf35ae9-4da0-4371-87fa-54ea3ce1f280: receive RaftClientReply:client-0F1B900A64BD->9bf35ae9-4da0-4371-87fa-54ea3ce1f280@group-432E83AF5B55, cid=1049, SUCCESS, logIndex=1417, commits[9bf35ae9-4da0-4371-87fa-54ea3ce1f280:c1417, 0cc34542-3a00-466e-ae84-194b84d3af7b:c1413, d451d94d-57a0-4545-b387-d428f64e3f33:c1413]
2019-07-09 16:25:53,166 INFO  client.GrpcClientProtocolClient (GrpcClientProtocolClient.java:onNext(255)) - client-0F1B900A64BD->9bf35ae9-4da0-4371-87fa-54ea3ce1f280: receive RaftClientReply:client-0F1B900A64BD->9bf35ae9-4da0-4371-87fa-54ea3ce1f280@group-432E83AF5B55, cid=1050, SUCCESS, logIndex=0, commits[9bf35ae9-4da0-4371-87fa-54ea3ce1f280:c1419, 0cc34542-3a00-466e-ae84-194b84d3af7b:c1416, d451d94d-57a0-4545-b387-d428f64e3f33:c1415]
2019-07-09 16:25:53,178 INFO  client.GrpcClientProtocolClient (GrpcClientProtocolClient.java:onNext(255)) - client-0F1B900A64BD->9bf35ae9-4da0-4371-87fa-54ea3ce1f280: receive RaftClientReply:client-0F1B900A64BD->9bf35ae9-4da0-4371-87fa-54ea3ce1f280@group-432E83AF5B55, cid=1051, SUCCESS, logIndex=1422, commits[9bf35ae9-4da0-4371-87fa-54ea3ce1f280:c1423, 0cc34542-3a00-466e-ae84-194b84d3af7b:c1421, d451d94d-57a0-4545-b387-d428f64e3f33:c1421]
2019-07-09 16:25:53,303 INFO  client.GrpcClientProtocolClient (GrpcClientProtocolClient.java:onNext(255)) - client-0F1B900A64BD->9bf35ae9-4da0-4371-87fa-54ea3ce1f280: receive RaftClientReply:client-0F1B900A64BD->9bf35ae9-4da0-4371-87fa-54ea3ce1f280@group-432E83AF5B55, cid=1052, SUCCESS, logIndex=1423, commits[9bf35ae9-4da0-4371-87fa-54ea3ce1f280:c1423, 0cc34542-3a00-466e-ae84-194b84d3af7b:c1421, d451d94d-57a0-4545-b387-d428f64e3f33:c1421]
2019-07-09 16:25:53,330 INFO  client.GrpcClientProtocolClient (GrpcClientProtocolClient.java:onNext(255)) - client-0F1B900A64BD->9bf35ae9-4da0-4371-87fa-54ea3ce1f280: receive RaftClientReply:client-0F1B900A64BD->9bf35ae9-4da0-4371-87fa-54ea3ce1f280@group-432E83AF5B55, cid=1053, SUCCESS, logIndex=1426, commits[9bf35ae9-4da0-4371-87fa-54ea3ce1f280:c1427, 0cc34542-3a00-466e-ae84-194b84d3af7b:c1425, d451d94d-57a0-4545-b387-d428f64e3f33:c1425]
2019-07-09 16:25:53,331 INFO  client.GrpcClientProtocolClient (GrpcClientProtocolClient.java:onNext(255)) - client-0F1B900A64BD->9bf35ae9-4da0-4371-87fa-54ea3ce1f280: receive RaftClientReply:client-0F1B900A64BD->9bf35ae9-4da0-4371-87fa-54ea3ce1f280@group-432E83AF5B55, cid=1054, SUCCESS, logIndex=1427, commits[9bf35ae9-4da0-4371-87fa-54ea3ce1f280:c1427, 0cc34542-3a00-466e-ae84-194b84d3af7b:c1425, d451d94d-57a0-4545-b387-d428f64e3f33:c1425]
2019-07-09 16:25:53,341 INFO  client.GrpcClientProtocolClient (GrpcClientProtocolClient.java:onNext(255)) - client-0F1B900A64BD->9bf35ae9-4da0-4371-87fa-54ea3ce1f280: receive RaftClientReply:client-0F1B900A64BD->9bf35ae9-4da0-4371-87fa-54ea3ce1f280@group-432E83AF5B55, cid=1055, SUCCESS, logIndex=0, commits[9bf35ae9-4da0-4371-87fa-54ea3ce1f280:c1428, 0cc34542-3a00-466e-ae84-194b84d3af7b:c1427, d451d94d-57a0-4545-b387-d428f64e3f33:c1427]
2019-07-09 16:25:53,365 INFO  client.GrpcClientProtocolClient (GrpcClientProtocolClient.java:onNext(255)) - client-0F1B900A64BD->9bf35ae9-4da0-4371-87fa-54ea3ce1f280: receive RaftClientReply:client-0F1B900A64BD->9bf35ae9-4da0-4371-87fa-54ea3ce1f280@group-432E83AF5B55, cid=1056, SUCCESS, logIndex=1430, commits[9bf35ae9-4da0-4371-87fa-54ea3ce1f280:c1431, 0cc34542-3a00-466e-ae84-194b84d3af7b:c1429, d451d94d-57a0-4545-b387-d428f64e3f33:c1429]
2019-07-09 16:25:53,366 INFO  client.GrpcClientProtocolClient (GrpcClientProtocolClient.java:onNext(255)) - client-0F1B900A64BD->9bf35ae9-4da0-4371-87fa-54ea3ce1f280: receive RaftClientReply:client-0F1B900A64BD->9bf35ae9-4da0-4371-87fa-54ea3ce1f280@group-432E83AF5B55, cid=1057, SUCCESS, logIndex=1431, commits[9bf35ae9-4da0-4371-87fa-54ea3ce1f280:c1433, 0cc34542-3a00-466e-ae84-194b84d3af7b:c1429, d451d94d-57a0-4545-b387-d428f64e3f33:c1429]
2019-07-09 16:25:53,367 INFO  client.GrpcClientProtocolClient (GrpcClientProtocolClient.java:onNext(255)) - client-0F1B900A64BD->9bf35ae9-4da0-4371-87fa-54ea3ce1f280: receive RaftClientReply:client-0F1B900A64BD->9bf35ae9-4da0-4371-87fa-54ea3ce1f280@group-432E83AF5B55, cid=1058, SUCCESS, logIndex=1432, commits[9bf35ae9-4da0-4371-87fa-54ea3ce1f280:c1433, 0cc34542-3a00-466e-ae84-194b84d3af7b:c1429, d451d94d-57a0-4545-b387-d428f64e3f33:c1429]
2019-07-09 16:25:53,367 INFO  client.GrpcClientProtocolClient (GrpcClientProtocolClient.java:onNext(255)) - client-0F1B900A64BD->9bf35ae9-4da0-4371-87fa-54ea3ce1f280: receive RaftClientReply:client-0F1B900A64BD->9bf35ae9-4da0-4371-87fa-54ea3ce1f280@group-432E83AF5B55, cid=1059, SUCCESS, logIndex=1433, commits[9bf35ae9-4da0-4371-87fa-54ea3ce1f280:c1433, 0cc34542-3a00-466e-ae84-194b84d3af7b:c1429, d451d94d-57a0-4545-b387-d428f64e3f33:c1429]
2019-07-09 16:25:53,380 INFO  client.GrpcClientProtocolClient (GrpcClientProtocolClient.java:onNext(255)) - client-0F1B900A64BD->9bf35ae9-4da0-4371-87fa-54ea3ce1f280: receive RaftClientReply:client-0F1B900A64BD->9bf35ae9-4da0-4371-87fa-54ea3ce1f280@group-432E83AF5B55, cid=1060, SUCCESS, logIndex=0, commits[9bf35ae9-4da0-4371-87fa-54ea3ce1f280:c1434, 0cc34542-3a00-466e-ae84-194b84d3af7b:c1431, d451d94d-57a0-4545-b387-d428f64e3f33:c1431]
2019-07-09 16:25:53,395 INFO  client.GrpcClientProtocolClient (GrpcClientProtocolClient.java:onNext(255)) - client-0F1B900A64BD->9bf35ae9-4da0-4371-87fa-54ea3ce1f280: receive RaftClientReply:client-0F1B900A64BD->9bf35ae9-4da0-4371-87fa-54ea3ce1f280@group-432E83AF5B55, cid=1061, SUCCESS, logIndex=1438, commits[9bf35ae9-4da0-4371-87fa-54ea3ce1f280:c1439, 0cc34542-3a00-466e-ae84-194b84d3af7b:c1437, d451d94d-57a0-4545-b387-d428f64e3f33:c1437]
2019-07-09 16:25:53,395 INFO  client.GrpcClientProtocolClient (GrpcClientProtocolClient.java:onNext(255)) - client-0F1B900A64BD->9bf35ae9-4da0-4371-87fa-54ea3ce1f280: receive RaftClientReply:client-0F1B900A64BD->9bf35ae9-4da0-4371-87fa-54ea3ce1f280@group-432E83AF5B55, cid=1062, SUCCESS, logIndex=1439, commits[9bf35ae9-4da0-4371-87fa-54ea3ce1f280:c1439, 0cc34542-3a00-466e-ae84-194b84d3af7b:c1437, d451d94d-57a0-4545-b387-d428f64e3f33:c1437]
2019-07-09 16:25:53,410 INFO  client.GrpcClientProtocolClient (GrpcClientProtocolClient.java:onNext(255)) - client-0F1B900A64BD->9bf35ae9-4da0-4371-87fa-54ea3ce1f280: receive RaftClientReply:client-0F1B900A64BD->9bf35ae9-4da0-4371-87fa-54ea3ce1f280@group-432E83AF5B55, cid=1063, SUCCESS, logIndex=1442, commits[9bf35ae9-4da0-4371-87fa-54ea3ce1f280:c1443, 0cc34542-3a00-466e-ae84-194b84d3af7b:c1441, d451d94d-57a0-4545-b387-d428f64e3f33:c1439]
2019-07-09 16:25:53,410 INFO  client.GrpcClientProtocolClient (GrpcClientProtocolClient.java:onNext(255)) - client-0F1B900A64BD->9bf35ae9-4da0-4371-87fa-54ea3ce1f280: receive RaftClientReply:client-0F1B900A64BD->9bf35ae9-4da0-4371-87fa-54ea3ce1f280@group-432E83AF5B55, cid=1064, SUCCESS, logIndex=1443, commits[9bf35ae9-4da0-4371-87fa-54ea3ce1f280:c1443, 0cc34542-3a00-466e-ae84-194b84d3af7b:c1441, d451d94d-57a0-4545-b387-d428f64e3f33:c1441]
2019-07-09 16:25:53,414 INFO  client.GrpcClientProtocolClient (GrpcClientProtocolClient.java:onNext(255)) - client-0F1B900A64BD->9bf35ae9-4da0-4371-87fa-54ea3ce1f280: receive RaftClientReply:client-0F1B900A64BD->9bf35ae9-4da0-4371-87fa-54ea3ce1f280@group-432E83AF5B55, cid=1065, SUCCESS, logIndex=0, commits[9bf35ae9-4da0-4371-87fa-54ea3ce1f280:c1445, 0cc34542-3a00-466e-ae84-194b84d3af7b:c1443, d451d94d-57a0-4545-b387-d428f64e3f33:c1443]
2019-07-09 16:25:53,430 INFO  client.GrpcClientProtocolClient (GrpcClientProtocolClient.java:onNext(255)) - client-0F1B900A64BD->9bf35ae9-4da0-4371-87fa-54ea3ce1f280: receive RaftClientReply:client-0F1B900A64BD->9bf35ae9-4da0-4371-87fa-54ea3ce1f280@group-432E83AF5B55, cid=1066, SUCCESS, logIndex=1446, commits[9bf35ae9-4da0-4371-87fa-54ea3ce1f280:c1447, 0cc34542-3a00-466e-ae84-194b84d3af7b:c1445, d451d94d-57a0-4545-b387-d428f64e3f33:c1445]
2019-07-09 16:25:53,431 INFO  client.GrpcClientProtocolClient (GrpcClientProtocolClient.java:onNext(255)) - client-0F1B900A64BD->9bf35ae9-4da0-4371-87fa-54ea3ce1f280: receive RaftClientReply:client-0F1B900A64BD->9bf35ae9-4da0-4371-87fa-54ea3ce1f280@group-432E83AF5B55, cid=1067, SUCCESS, logIndex=1447, commits[9bf35ae9-4da0-4371-87fa-54ea3ce1f280:c1447, 0cc34542-3a00-466e-ae84-194b84d3af7b:c1445, d451d94d-57a0-4545-b387-d428f64e3f33:c1445]
2019-07-09 16:25:53,433 INFO  client.GrpcClientProtocolClient (GrpcClientProtocolClient.java:onNext(255)) - client-0F1B900A64BD->9bf35ae9-4da0-4371-87fa-54ea3ce1f280: receive RaftClientReply:client-0F1B900A64BD->9bf35ae9-4da0-4371-87fa-54ea3ce1f280@group-432E83AF5B55, cid=1068, SUCCESS, logIndex=1448, commits[9bf35ae9-4da0-4371-87fa-54ea3ce1f280:c1451, 0cc34542-3a00-466e-ae84-194b84d3af7b:c1447, d451d94d-57a0-4545-b387-d428f64e3f33:c1445]
2019-07-09 16:25:53,433 INFO  client.GrpcClientProtocolClient (GrpcClientProtocolClient.java:onNext(255)) - client-0F1B900A64BD->9bf35ae9-4da0-4371-87fa-54ea3ce1f280: receive RaftClientReply:client-0F1B900A64BD->9bf35ae9-4da0-4371-87fa-54ea3ce1f280@group-432E83AF5B55, cid=1069, SUCCESS, logIndex=1449, commits[9bf35ae9-4da0-4371-87fa-54ea3ce1f280:c1451, 0cc34542-3a00-466e-ae84-194b84d3af7b:c1447, d451d94d-57a0-4545-b387-d428f64e3f33:c1447]
2019-07-09 16:25:53,448 INFO  client.GrpcClientProtocolClient (GrpcClientProtocolClient.java:onNext(255)) - client-0F1B900A64BD->9bf35ae9-4da0-4371-87fa-54ea3ce1f280: receive RaftClientReply:client-0F1B900A64BD->9bf35ae9-4da0-4371-87fa-54ea3ce1f280@group-432E83AF5B55, cid=1070, SUCCESS, logIndex=1454, commits[9bf35ae9-4da0-4371-87fa-54ea3ce1f280:c1455, 0cc34542-3a00-466e-ae84-194b84d3af7b:c1451, d451d94d-57a0-4545-b387-d428f64e3f33:c1453]
2019-07-09 16:25:53,448 INFO  client.GrpcClientProtocolClient (GrpcClientProtocolClient.java:onNext(255)) - client-0F1B900A64BD->9bf35ae9-4da0-4371-87fa-54ea3ce1f280: receive RaftClientReply:client-0F1B900A64BD->9bf35ae9-4da0-4371-87fa-54ea3ce1f280@group-432E83AF5B55, cid=1071, SUCCESS, logIndex=1455, commits[9bf35ae9-4da0-4371-87fa-54ea3ce1f280:c1455, 0cc34542-3a00-466e-ae84-194b84d3af7b:c1453, d451d94d-57a0-4545-b387-d428f64e3f33:c1453]
2019-07-09 16:25:53,478 INFO  client.GrpcClientProtocolClient (GrpcClientProtocolClient.java:onNext(255)) - client-0F1B900A64BD->9bf35ae9-4da0-4371-87fa-54ea3ce1f280: receive RaftClientReply:client-0F1B900A64BD->9bf35ae9-4da0-4371-87fa-54ea3ce1f280@group-432E83AF5B55, cid=1072, SUCCESS, logIndex=1458, commits[9bf35ae9-4da0-4371-87fa-54ea3ce1f280:c1459, 0cc34542-3a00-466e-ae84-194b84d3af7b:c1457, d451d94d-57a0-4545-b387-d428f64e3f33:c1457]
2019-07-09 16:25:53,479 INFO  client.GrpcClientProtocolClient (GrpcClientProtocolClient.java:onNext(255)) - client-0F1B900A64BD->9bf35ae9-4da0-4371-87fa-54ea3ce1f280: receive RaftClientReply:client-0F1B900A64BD->9bf35ae9-4da0-4371-87fa-54ea3ce1f280@group-432E83AF5B55, cid=1073, SUCCESS, logIndex=1459, commits[9bf35ae9-4da0-4371-87fa-54ea3ce1f280:c1459, 0cc34542-3a00-466e-ae84-194b84d3af7b:c1457, d451d94d-57a0-4545-b387-d428f64e3f33:c1457]
2019-07-09 16:25:53,491 INFO  client.GrpcClientProtocolClient (GrpcClientProtocolClient.java:onNext(255)) - client-0F1B900A64BD->9bf35ae9-4da0-4371-87fa-54ea3ce1f280: receive RaftClientReply:client-0F1B900A64BD->9bf35ae9-4da0-4371-87fa-54ea3ce1f280@group-432E83AF5B55, cid=1074, SUCCESS, logIndex=0, commits[9bf35ae9-4da0-4371-87fa-54ea3ce1f280:c1460, 0cc34542-3a00-466e-ae84-194b84d3af7b:c1459, d451d94d-57a0-4545-b387-d428f64e3f33:c1459]
2019-07-09 16:25:53,510 INFO  client.GrpcClientProtocolClient (GrpcClientProtocolClient.java:onNext(255)) - client-0F1B900A64BD->9bf35ae9-4da0-4371-87fa-54ea3ce1f280: receive RaftClientReply:client-0F1B900A64BD->9bf35ae9-4da0-4371-87fa-54ea3ce1f280@group-432E83AF5B55, cid=1075, SUCCESS, logIndex=1462, commits[9bf35ae9-4da0-4371-87fa-54ea3ce1f280:c1463, 0cc34542-3a00-466e-ae84-194b84d3af7b:c1461, d451d94d-57a0-4545-b387-d428f64e3f33:c1461]
2019-07-09 16:25:53,510 INFO  client.GrpcClientProtocolClient (GrpcClientProtocolClient.java:onNext(255)) - client-0F1B900A64BD->9bf35ae9-4da0-4371-87fa-54ea3ce1f280: receive RaftClientReply:client-0F1B900A64BD->9bf35ae9-4da0-4371-87fa-54ea3ce1f280@group-432E83AF5B55, cid=1076, SUCCESS, logIndex=1463, commits[9bf35ae9-4da0-4371-87fa-54ea3ce1f280:c1463, 0cc34542-3a00-466e-ae84-194b84d3af7b:c1461, d451d94d-57a0-4545-b387-d428f64e3f33:c1461]
2019-07-09 16:25:53,511 INFO  client.GrpcClientProtocolClient (GrpcClientProtocolClient.java:onNext(255)) - client-0F1B900A64BD->9bf35ae9-4da0-4371-87fa-54ea3ce1f280: receive RaftClientReply:client-0F1B900A64BD->9bf35ae9-4da0-4371-87fa-54ea3ce1f280@group-432E83AF5B55, cid=1077, SUCCESS, logIndex=1464, commits[9bf35ae9-4da0-4371-87fa-54ea3ce1f280:c1465, 0cc34542-3a00-466e-ae84-194b84d3af7b:c1461, d451d94d-57a0-4545-b387-d428f64e3f33:c1461]
2019-07-09 16:25:53,512 INFO  client.GrpcClientProtocolClient (GrpcClientProtocolClient.java:onNext(255)) - client-0F1B900A64BD->9bf35ae9-4da0-4371-87fa-54ea3ce1f280: receive RaftClientReply:client-0F1B900A64BD->9bf35ae9-4da0-4371-87fa-54ea3ce1f280@group-432E83AF5B55, cid=1078, SUCCESS, logIndex=1465, commits[9bf35ae9-4da0-4371-87fa-54ea3ce1f280:c1465, 0cc34542-3a00-466e-ae84-194b84d3af7b:c1461, d451d94d-57a0-4545-b387-d428f64e3f33:c1461]
2019-07-09 16:25:53,514 INFO  client.GrpcClientProtocolClient (GrpcClientProtocolClient.java:onNext(255)) - client-0F1B900A64BD->9bf35ae9-4da0-4371-87fa-54ea3ce1f280: receive RaftClientReply:client-0F1B900A64BD->9bf35ae9-4da0-4371-87fa-54ea3ce1f280@group-432E83AF5B55, cid=1079, SUCCESS, logIndex=0, commits[9bf35ae9-4da0-4371-87fa-54ea3ce1f280:c1469, 0cc34542-3a00-466e-ae84-194b84d3af7b:c1465, d451d94d-57a0-4545-b387-d428f64e3f33:c1463]
2019-07-09 16:25:53,535 INFO  client.GrpcClientProtocolClient (GrpcClientProtocolClient.java:onNext(255)) - client-0F1B900A64BD->9bf35ae9-4da0-4371-87fa-54ea3ce1f280: receive RaftClientReply:client-0F1B900A64BD->9bf35ae9-4da0-4371-87fa-54ea3ce1f280@group-432E83AF5B55, cid=1080, SUCCESS, logIndex=1470, commits[9bf35ae9-4da0-4371-87fa-54ea3ce1f280:c1471, 0cc34542-3a00-466e-ae84-194b84d3af7b:c1469, d451d94d-57a0-4545-b387-d428f64e3f33:c1469]
2019-07-09 16:25:53,535 INFO  client.GrpcClientProtocolClient (GrpcClientProtocolClient.java:onNext(255)) - client-0F1B900A64BD->9bf35ae9-4da0-4371-87fa-54ea3ce1f280: receive RaftClientReply:client-0F1B900A64BD->9bf35ae9-4da0-4371-87fa-54ea3ce1f280@group-432E83AF5B55, cid=1081, SUCCESS, logIndex=1471, commits[9bf35ae9-4da0-4371-87fa-54ea3ce1f280:c1471, 0cc34542-3a00-466e-ae84-194b84d3af7b:c1469, d451d94d-57a0-4545-b387-d428f64e3f33:c1469]
 0.00% |█                                                                                                    |  0/1 Time: 0:00:052019-07-09 16:25:53,548 INFO  client.GrpcClientProtocolClient (GrpcClientProtocolClient.java:onNext(255)) - client-0F1B900A64BD->9bf35ae9-4da0-4371-87fa-54ea3ce1f280: receive RaftClientReply:client-0F1B900A64BD->9bf35ae9-4da0-4371-87fa-54ea3ce1f280@group-432E83AF5B55, cid=1082, SUCCESS, logIndex=1474, commits[9bf35ae9-4da0-4371-87fa-54ea3ce1f280:c1475, 0cc34542-3a00-466e-ae84-194b84d3af7b:c1470, d451d94d-57a0-4545-b387-d428f64e3f33:c1471]
2019-07-09 16:25:53,549 INFO  client.GrpcClientProtocolClient (GrpcClientProtocolClient.java:onNext(255)) - client-0F1B900A64BD->9bf35ae9-4da0-4371-87fa-54ea3ce1f280: receive RaftClientReply:client-0F1B900A64BD->9bf35ae9-4da0-4371-87fa-54ea3ce1f280@group-432E83AF5B55, cid=1083, SUCCESS, logIndex=1475, commits[9bf35ae9-4da0-4371-87fa-54ea3ce1f280:c1475, 0cc34542-3a00-466e-ae84-194b84d3af7b:c1470, d451d94d-57a0-4545-b387-d428f64e3f33:c1471]
2019-07-09 16:25:53,559 INFO  client.GrpcClientProtocolClient (GrpcClientProtocolClient.java:onNext(255)) - client-0F1B900A64BD->9bf35ae9-4da0-4371-87fa-54ea3ce1f280: receive RaftClientReply:client-0F1B900A64BD->9bf35ae9-4da0-4371-87fa-54ea3ce1f280@group-432E83AF5B55, cid=1084, SUCCESS, logIndex=0, commits[9bf35ae9-4da0-4371-87fa-54ea3ce1f280:c1475, 0cc34542-3a00-466e-ae84-194b84d3af7b:c1471, d451d94d-57a0-4545-b387-d428f64e3f33:c1471]
2019-07-09 16:25:53,561 INFO  client.GrpcClientProtocolClient (GrpcClientProtocolClient.java:onNext(255)) - client-0F1B900A64BD->9bf35ae9-4da0-4371-87fa-54ea3ce1f280: receive RaftClientReply:client-0F1B900A64BD->9bf35ae9-4da0-4371-87fa-54ea3ce1f280@group-432E83AF5B55, cid=1085, SUCCESS, logIndex=0, commits[9bf35ae9-4da0-4371-87fa-54ea3ce1f280:c1477, 0cc34542-3a00-466e-ae84-194b84d3af7b:c1475, d451d94d-57a0-4545-b387-d428f64e3f33:c1475]
2019-07-09 16:25:53,583 INFO  client.GrpcClientProtocolClient (GrpcClientProtocolClient.java:onNext(255)) - client-0F1B900A64BD->9bf35ae9-4da0-4371-87fa-54ea3ce1f280: receive RaftClientReply:client-0F1B900A64BD->9bf35ae9-4da0-4371-87fa-54ea3ce1f280@group-432E83AF5B55, cid=1086, SUCCESS, logIndex=1478, commits[9bf35ae9-4da0-4371-87fa-54ea3ce1f280:c1481, 0cc34542-3a00-466e-ae84-194b84d3af7b:c1477, d451d94d-57a0-4545-b387-d428f64e3f33:c1477]
2019-07-09 16:25:53,584 INFO  client.GrpcClientProtocolClient (GrpcClientProtocolClient.java:onNext(255)) - client-0F1B900A64BD->9bf35ae9-4da0-4371-87fa-54ea3ce1f280: receive RaftClientReply:client-0F1B900A64BD->9bf35ae9-4da0-4371-87fa-54ea3ce1f280@group-432E83AF5B55, cid=1087, SUCCESS, logIndex=1479, commits[9bf35ae9-4da0-4371-87fa-54ea3ce1f280:c1481, 0cc34542-3a00-466e-ae84-194b84d3af7b:c1477, d451d94d-57a0-4545-b387-d428f64e3f33:c1477]
2019-07-09 16:25:53,584 INFO  client.GrpcClientProtocolClient (GrpcClientProtocolClient.java:onNext(255)) - client-0F1B900A64BD->9bf35ae9-4da0-4371-87fa-54ea3ce1f280: receive RaftClientReply:client-0F1B900A64BD->9bf35ae9-4da0-4371-87fa-54ea3ce1f280@group-432E83AF5B55, cid=1088, SUCCESS, logIndex=1480, commits[9bf35ae9-4da0-4371-87fa-54ea3ce1f280:c1481, 0cc34542-3a00-466e-ae84-194b84d3af7b:c1477, d451d94d-57a0-4545-b387-d428f64e3f33:c1477]
2019-07-09 16:25:53,585 INFO  client.GrpcClientProtocolClient (GrpcClientProtocolClient.java:onNext(255)) - client-0F1B900A64BD->9bf35ae9-4da0-4371-87fa-54ea3ce1f280: receive RaftClientReply:client-0F1B900A64BD->9bf35ae9-4da0-4371-87fa-54ea3ce1f280@group-432E83AF5B55, cid=1089, SUCCESS, logIndex=1481, commits[9bf35ae9-4da0-4371-87fa-54ea3ce1f280:c1481, 0cc34542-3a00-466e-ae84-194b84d3af7b:c1477, d451d94d-57a0-4545-b387-d428f64e3f33:c1477]
2019-07-09 16:25:53,595 INFO  client.GrpcClientProtocolClient (GrpcClientProtocolClient.java:onNext(255)) - client-0F1B900A64BD->9bf35ae9-4da0-4371-87fa-54ea3ce1f280: receive RaftClientReply:client-0F1B900A64BD->9bf35ae9-4da0-4371-87fa-54ea3ce1f280@group-432E83AF5B55, cid=1090, SUCCESS, logIndex=0, commits[9bf35ae9-4da0-4371-87fa-54ea3ce1f280:c1482, 0cc34542-3a00-466e-ae84-194b84d3af7b:c1479, d451d94d-57a0-4545-b387-d428f64e3f33:c1479]
2019-07-09 16:25:53,629 INFO  client.GrpcClientProtocolClient (GrpcClientProtocolClient.java:onNext(255)) - client-0F1B900A64BD->9bf35ae9-4da0-4371-87fa-54ea3ce1f280: receive RaftClientReply:client-0F1B900A64BD->9bf35ae9-4da0-4371-87fa-54ea3ce1f280@group-432E83AF5B55, cid=1091, SUCCESS, logIndex=1486, commits[9bf35ae9-4da0-4371-87fa-54ea3ce1f280:c1487, 0cc34542-3a00-466e-ae84-194b84d3af7b:c1485, d451d94d-57a0-4545-b387-d428f64e3f33:c1485]
2019-07-09 16:25:53,630 INFO  client.GrpcClientProtocolClient (GrpcClientProtocolClient.java:onNext(255)) - client-0F1B900A64BD->9bf35ae9-4da0-4371-87fa-54ea3ce1f280: receive RaftClientReply:client-0F1B900A64BD->9bf35ae9-4da0-4371-87fa-54ea3ce1f280@group-432E83AF5B55, cid=1092, SUCCESS, logIndex=1487, commits[9bf35ae9-4da0-4371-87fa-54ea3ce1f280:c1487, 0cc34542-3a00-466e-ae84-194b84d3af7b:c1485, d451d94d-57a0-4545-b387-d428f64e3f33:c1485]
2019-07-09 16:25:53,642 INFO  client.GrpcClientProtocolClient (GrpcClientProtocolClient.java:onNext(255)) - client-0F1B900A64BD->9bf35ae9-4da0-4371-87fa-54ea3ce1f280: receive RaftClientReply:client-0F1B900A64BD->9bf35ae9-4da0-4371-87fa-54ea3ce1f280@group-432E83AF5B55, cid=1093, SUCCESS, logIndex=1490, commits[9bf35ae9-4da0-4371-87fa-54ea3ce1f280:c1491, 0cc34542-3a00-466e-ae84-194b84d3af7b:c1487, d451d94d-57a0-4545-b387-d428f64e3f33:c1487]
2019-07-09 16:25:53,643 INFO  client.GrpcClientProtocolClient (GrpcClientProtocolClient.java:onNext(255)) - client-0F1B900A64BD->9bf35ae9-4da0-4371-87fa-54ea3ce1f280: receive RaftClientReply:client-0F1B900A64BD->9bf35ae9-4da0-4371-87fa-54ea3ce1f280@group-432E83AF5B55, cid=1094, SUCCESS, logIndex=1491, commits[9bf35ae9-4da0-4371-87fa-54ea3ce1f280:c1491, 0cc34542-3a00-466e-ae84-194b84d3af7b:c1487, d451d94d-57a0-4545-b387-d428f64e3f33:c1487]
2019-07-09 16:25:53,654 INFO  client.GrpcClientProtocolClient (GrpcClientProtocolClient.java:onNext(255)) - client-0F1B900A64BD->9bf35ae9-4da0-4371-87fa-54ea3ce1f280: receive RaftClientReply:client-0F1B900A64BD->9bf35ae9-4da0-4371-87fa-54ea3ce1f280@group-432E83AF5B55, cid=1095, SUCCESS, logIndex=0, commits[9bf35ae9-4da0-4371-87fa-54ea3ce1f280:c1492, 0cc34542-3a00-466e-ae84-194b84d3af7b:c1491, d451d94d-57a0-4545-b387-d428f64e3f33:c1491]
2019-07-09 16:25:53,676 INFO  client.GrpcClientProtocolClient (GrpcClientProtocolClient.java:onNext(255)) - client-0F1B900A64BD->9bf35ae9-4da0-4371-87fa-54ea3ce1f280: receive RaftClientReply:client-0F1B900A64BD->9bf35ae9-4da0-4371-87fa-54ea3ce1f280@group-432E83AF5B55, cid=1096, SUCCESS, logIndex=1494, commits[9bf35ae9-4da0-4371-87fa-54ea3ce1f280:c1497, 0cc34542-3a00-466e-ae84-194b84d3af7b:c1493, d451d94d-57a0-4545-b387-d428f64e3f33:c1493]
2019-07-09 16:25:53,676 INFO  client.GrpcClientProtocolClient (GrpcClientProtocolClient.java:onNext(255)) - client-0F1B900A64BD->9bf35ae9-4da0-4371-87fa-54ea3ce1f280: receive RaftClientReply:client-0F1B900A64BD->9bf35ae9-4da0-4371-87fa-54ea3ce1f280@group-432E83AF5B55, cid=1097, SUCCESS, logIndex=1495, commits[9bf35ae9-4da0-4371-87fa-54ea3ce1f280:c1497, 0cc34542-3a00-466e-ae84-194b84d3af7b:c1493, d451d94d-57a0-4545-b387-d428f64e3f33:c1493]
2019-07-09 16:25:53,677 INFO  client.GrpcClientProtocolClient (GrpcClientProtocolClient.java:onNext(255)) - client-0F1B900A64BD->9bf35ae9-4da0-4371-87fa-54ea3ce1f280: receive RaftClientReply:client-0F1B900A64BD->9bf35ae9-4da0-4371-87fa-54ea3ce1f280@group-432E83AF5B55, cid=1098, SUCCESS, logIndex=1496, commits[9bf35ae9-4da0-4371-87fa-54ea3ce1f280:c1497, 0cc34542-3a00-466e-ae84-194b84d3af7b:c1493, d451d94d-57a0-4545-b387-d428f64e3f33:c1493]
2019-07-09 16:25:53,677 INFO  client.GrpcClientProtocolClient (GrpcClientProtocolClient.java:onNext(255)) - client-0F1B900A64BD->9bf35ae9-4da0-4371-87fa-54ea3ce1f280: receive RaftClientReply:client-0F1B900A64BD->9bf35ae9-4da0-4371-87fa-54ea3ce1f280@group-432E83AF5B55, cid=1099, SUCCESS, logIndex=1497, commits[9bf35ae9-4da0-4371-87fa-54ea3ce1f280:c1497, 0cc34542-3a00-466e-ae84-194b84d3af7b:c1493, d451d94d-57a0-4545-b387-d428f64e3f33:c1493]
2019-07-09 16:25:53,678 INFO  client.GrpcClientProtocolClient (GrpcClientProtocolClient.java:onNext(255)) - client-0F1B900A64BD->9bf35ae9-4da0-4371-87fa-54ea3ce1f280: receive RaftClientReply:client-0F1B900A64BD->9bf35ae9-4da0-4371-87fa-54ea3ce1f280@group-432E83AF5B55, cid=1100, SUCCESS, logIndex=0, commits[9bf35ae9-4da0-4371-87fa-54ea3ce1f280:c1498, 0cc34542-3a00-466e-ae84-194b84d3af7b:c1496, d451d94d-57a0-4545-b387-d428f64e3f33:c1497]
2019-07-09 16:25:53,691 INFO  client.GrpcClientProtocolClient (GrpcClientProtocolClient.java:onNext(255)) - client-0F1B900A64BD->9bf35ae9-4da0-4371-87fa-54ea3ce1f280: receive RaftClientReply:client-0F1B900A64BD->9bf35ae9-4da0-4371-87fa-54ea3ce1f280@group-432E83AF5B55, cid=1101, SUCCESS, logIndex=1501, commits[9bf35ae9-4da0-4371-87fa-54ea3ce1f280:c1502, 0cc34542-3a00-466e-ae84-194b84d3af7b:c1500, d451d94d-57a0-4545-b387-d428f64e3f33:c1497]
2019-07-09 16:25:53,692 INFO  client.GrpcClientProtocolClient (GrpcClientProtocolClient.java:onNext(255)) - client-0F1B900A64BD->9bf35ae9-4da0-4371-87fa-54ea3ce1f280: receive RaftClientReply:client-0F1B900A64BD->9bf35ae9-4da0-4371-87fa-54ea3ce1f280@group-432E83AF5B55, cid=1102, SUCCESS, logIndex=1502, commits[9bf35ae9-4da0-4371-87fa-54ea3ce1f280:c1502, 0cc34542-3a00-466e-ae84-194b84d3af7b:c1500, d451d94d-57a0-4545-b387-d428f64e3f33:c1500]
2019-07-09 16:25:53,705 INFO  client.GrpcClientProtocolClient (GrpcClientProtocolClient.java:onNext(255)) - client-0F1B900A64BD->9bf35ae9-4da0-4371-87fa-54ea3ce1f280: receive RaftClientReply:client-0F1B900A64BD->9bf35ae9-4da0-4371-87fa-54ea3ce1f280@group-432E83AF5B55, cid=1103, SUCCESS, logIndex=1505, commits[9bf35ae9-4da0-4371-87fa-54ea3ce1f280:c1506, 0cc34542-3a00-466e-ae84-194b84d3af7b:c1502, d451d94d-57a0-4545-b387-d428f64e3f33:c1504]
2019-07-09 16:25:53,705 INFO  client.GrpcClientProtocolClient (GrpcClientProtocolClient.java:onNext(255)) - client-0F1B900A64BD->9bf35ae9-4da0-4371-87fa-54ea3ce1f280: receive RaftClientReply:client-0F1B900A64BD->9bf35ae9-4da0-4371-87fa-54ea3ce1f280@group-432E83AF5B55, cid=1104, SUCCESS, logIndex=1506, commits[9bf35ae9-4da0-4371-87fa-54ea3ce1f280:c1506, 0cc34542-3a00-466e-ae84-194b84d3af7b:c1504, d451d94d-57a0-4545-b387-d428f64e3f33:c1504]
2019-07-09 16:25:53,706 INFO  client.GrpcClientProtocolClient (GrpcClientProtocolClient.java:onNext(255)) - client-0F1B900A64BD->9bf35ae9-4da0-4371-87fa-54ea3ce1f280: receive RaftClientReply:client-0F1B900A64BD->9bf35ae9-4da0-4371-87fa-54ea3ce1f280@group-432E83AF5B55, cid=1105, SUCCESS, logIndex=0, commits[9bf35ae9-4da0-4371-87fa-54ea3ce1f280:c1508, 0cc34542-3a00-466e-ae84-194b84d3af7b:c1506, d451d94d-57a0-4545-b387-d428f64e3f33:c1506]
2019-07-09 16:25:53,740 INFO  client.GrpcClientProtocolClient (GrpcClientProtocolClient.java:onNext(255)) - client-0F1B900A64BD->9bf35ae9-4da0-4371-87fa-54ea3ce1f280: receive RaftClientReply:client-0F1B900A64BD->9bf35ae9-4da0-4371-87fa-54ea3ce1f280@group-432E83AF5B55, cid=1106, SUCCESS, logIndex=1509, commits[9bf35ae9-4da0-4371-87fa-54ea3ce1f280:c1510, 0cc34542-3a00-466e-ae84-194b84d3af7b:c1508, d451d94d-57a0-4545-b387-d428f64e3f33:c1508]
2019-07-09 16:25:53,741 INFO  client.GrpcClientProtocolClient (GrpcClientProtocolClient.java:onNext(255)) - client-0F1B900A64BD->9bf35ae9-4da0-4371-87fa-54ea3ce1f280: receive RaftClientReply:client-0F1B900A64BD->9bf35ae9-4da0-4371-87fa-54ea3ce1f280@group-432E83AF5B55, cid=1107, SUCCESS, logIndex=1510, commits[9bf35ae9-4da0-4371-87fa-54ea3ce1f280:c1512, 0cc34542-3a00-466e-ae84-194b84d3af7b:c1508, d451d94d-57a0-4545-b387-d428f64e3f33:c1508]
2019-07-09 16:25:53,741 INFO  client.GrpcClientProtocolClient (GrpcClientProtocolClient.java:onNext(255)) - client-0F1B900A64BD->9bf35ae9-4da0-4371-87fa-54ea3ce1f280: receive RaftClientReply:client-0F1B900A64BD->9bf35ae9-4da0-4371-87fa-54ea3ce1f280@group-432E83AF5B55, cid=1108, SUCCESS, logIndex=1511, commits[9bf35ae9-4da0-4371-87fa-54ea3ce1f280:c1512, 0cc34542-3a00-466e-ae84-194b84d3af7b:c1508, d451d94d-57a0-4545-b387-d428f64e3f33:c1508]
2019-07-09 16:25:53,741 INFO  client.GrpcClientProtocolClient (GrpcClientProtocolClient.java:onNext(255)) - client-0F1B900A64BD->9bf35ae9-4da0-4371-87fa-54ea3ce1f280: receive RaftClientReply:client-0F1B900A64BD->9bf35ae9-4da0-4371-87fa-54ea3ce1f280@group-432E83AF5B55, cid=1109, SUCCESS, logIndex=1512, commits[9bf35ae9-4da0-4371-87fa-54ea3ce1f280:c1512, 0cc34542-3a00-466e-ae84-194b84d3af7b:c1508, d451d94d-57a0-4545-b387-d428f64e3f33:c1508]
2019-07-09 16:25:53,743 INFO  client.GrpcClientProtocolClient (GrpcClientProtocolClient.java:onNext(255)) - client-0F1B900A64BD->9bf35ae9-4da0-4371-87fa-54ea3ce1f280: receive RaftClientReply:client-0F1B900A64BD->9bf35ae9-4da0-4371-87fa-54ea3ce1f280@group-432E83AF5B55, cid=1110, SUCCESS, logIndex=0, commits[9bf35ae9-4da0-4371-87fa-54ea3ce1f280:c1513, 0cc34542-3a00-466e-ae84-194b84d3af7b:c1510, d451d94d-57a0-4545-b387-d428f64e3f33:c1510]
2019-07-09 16:25:53,758 INFO  client.GrpcClientProtocolClient (GrpcClientProtocolClient.java:onNext(255)) - client-0F1B900A64BD->9bf35ae9-4da0-4371-87fa-54ea3ce1f280: receive RaftClientReply:client-0F1B900A64BD->9bf35ae9-4da0-4371-87fa-54ea3ce1f280@group-432E83AF5B55, cid=1111, SUCCESS, logIndex=1516, commits[9bf35ae9-4da0-4371-87fa-54ea3ce1f280:c1517, 0cc34542-3a00-466e-ae84-194b84d3af7b:c1513, d451d94d-57a0-4545-b387-d428f64e3f33:c1512]
2019-07-09 16:25:53,758 INFO  client.GrpcClientProtocolClient (GrpcClientProtocolClient.java:onNext(255)) - client-0F1B900A64BD->9bf35ae9-4da0-4371-87fa-54ea3ce1f280: receive RaftClientReply:client-0F1B900A64BD->9bf35ae9-4da0-4371-87fa-54ea3ce1f280@group-432E83AF5B55, cid=1112, SUCCESS, logIndex=1517, commits[9bf35ae9-4da0-4371-87fa-54ea3ce1f280:c1517, 0cc34542-3a00-466e-ae84-194b84d3af7b:c1513, d451d94d-57a0-4545-b387-d428f64e3f33:c1513]
2019-07-09 16:25:53,776 INFO  client.GrpcClientProtocolClient (GrpcClientProtocolClient.java:onNext(255)) - client-0F1B900A64BD->9bf35ae9-4da0-4371-87fa-54ea3ce1f280: receive RaftClientReply:client-0F1B900A64BD->9bf35ae9-4da0-4371-87fa-54ea3ce1f280@group-432E83AF5B55, cid=1113, SUCCESS, logIndex=1520, commits[9bf35ae9-4da0-4371-87fa-54ea3ce1f280:c1521, 0cc34542-3a00-466e-ae84-194b84d3af7b:c1519, d451d94d-57a0-4545-b387-d428f64e3f33:c1519]
2019-07-09 16:25:53,777 INFO  client.GrpcClientProtocolClient (GrpcClientProtocolClient.java:onNext(255)) - client-0F1B900A64BD->9bf35ae9-4da0-4371-87fa-54ea3ce1f280: receive RaftClientReply:client-0F1B900A64BD->9bf35ae9-4da0-4371-87fa-54ea3ce1f280@group-432E83AF5B55, cid=1114, SUCCESS, logIndex=1521, commits[9bf35ae9-4da0-4371-87fa-54ea3ce1f280:c1521, 0cc34542-3a00-466e-ae84-194b84d3af7b:c1519, d451d94d-57a0-4545-b387-d428f64e3f33:c1519]
2019-07-09 16:25:53,791 INFO  client.GrpcClientProtocolClient (GrpcClientProtocolClient.java:onNext(255)) - client-0F1B900A64BD->9bf35ae9-4da0-4371-87fa-54ea3ce1f280: receive RaftClientReply:client-0F1B900A64BD->9bf35ae9-4da0-4371-87fa-54ea3ce1f280@group-432E83AF5B55, cid=1115, SUCCESS, logIndex=0, commits[9bf35ae9-4da0-4371-87fa-54ea3ce1f280:c1522, 0cc34542-3a00-466e-ae84-194b84d3af7b:c1521, d451d94d-57a0-4545-b387-d428f64e3f33:c1521]
2019-07-09 16:25:53,813 INFO  client.GrpcClientProtocolClient (GrpcClientProtocolClient.java:onNext(255)) - client-0F1B900A64BD->9bf35ae9-4da0-4371-87fa-54ea3ce1f280: receive RaftClientReply:client-0F1B900A64BD->9bf35ae9-4da0-4371-87fa-54ea3ce1f280@group-432E83AF5B55, cid=1116, SUCCESS, logIndex=1524, commits[9bf35ae9-4da0-4371-87fa-54ea3ce1f280:c1525, 0cc34542-3a00-466e-ae84-194b84d3af7b:c1523, d451d94d-57a0-4545-b387-d428f64e3f33:c1523]
2019-07-09 16:25:53,814 INFO  client.GrpcClientProtocolClient (GrpcClientProtocolClient.java:onNext(255)) - client-0F1B900A64BD->9bf35ae9-4da0-4371-87fa-54ea3ce1f280: receive RaftClientReply:client-0F1B900A64BD->9bf35ae9-4da0-4371-87fa-54ea3ce1f280@group-432E83AF5B55, cid=1117, SUCCESS, logIndex=1525, commits[9bf35ae9-4da0-4371-87fa-54ea3ce1f280:c1525, 0cc34542-3a00-466e-ae84-194b84d3af7b:c1523, d451d94d-57a0-4545-b387-d428f64e3f33:c1523]
2019-07-09 16:25:53,825 INFO  client.GrpcClientProtocolClient (GrpcClientProtocolClient.java:onNext(255)) - client-0F1B900A64BD->9bf35ae9-4da0-4371-87fa-54ea3ce1f280: receive RaftClientReply:client-0F1B900A64BD->9bf35ae9-4da0-4371-87fa-54ea3ce1f280@group-432E83AF5B55, cid=1118, SUCCESS, logIndex=1526, commits[9bf35ae9-4da0-4371-87fa-54ea3ce1f280:c1527, 0cc34542-3a00-466e-ae84-194b84d3af7b:c1523, d451d94d-57a0-4545-b387-d428f64e3f33:c1523]
2019-07-09 16:25:53,825 INFO  client.GrpcClientProtocolClient (GrpcClientProtocolClient.java:onNext(255)) - client-0F1B900A64BD->9bf35ae9-4da0-4371-87fa-54ea3ce1f280: receive RaftClientReply:client-0F1B900A64BD->9bf35ae9-4da0-4371-87fa-54ea3ce1f280@group-432E83AF5B55, cid=1119, SUCCESS, logIndex=1527, commits[9bf35ae9-4da0-4371-87fa-54ea3ce1f280:c1527, 0cc34542-3a00-466e-ae84-194b84d3af7b:c1523, d451d94d-57a0-4545-b387-d428f64e3f33:c1523]
2019-07-09 16:25:53,827 INFO  client.GrpcClientProtocolClient (GrpcClientProtocolClient.java:onNext(255)) - client-0F1B900A64BD->9bf35ae9-4da0-4371-87fa-54ea3ce1f280: receive RaftClientReply:client-0F1B900A64BD->9bf35ae9-4da0-4371-87fa-54ea3ce1f280@group-432E83AF5B55, cid=1120, SUCCESS, logIndex=0, commits[9bf35ae9-4da0-4371-87fa-54ea3ce1f280:c1529, 0cc34542-3a00-466e-ae84-194b84d3af7b:c1526, d451d94d-57a0-4545-b387-d428f64e3f33:c1525]
2019-07-09 16:25:53,847 INFO  client.GrpcClientProtocolClient (GrpcClientProtocolClient.java:onNext(255)) - client-0F1B900A64BD->9bf35ae9-4da0-4371-87fa-54ea3ce1f280: receive RaftClientReply:client-0F1B900A64BD->9bf35ae9-4da0-4371-87fa-54ea3ce1f280@group-432E83AF5B55, cid=1121, SUCCESS, logIndex=1532, commits[9bf35ae9-4da0-4371-87fa-54ea3ce1f280:c1533, 0cc34542-3a00-466e-ae84-194b84d3af7b:c1531, d451d94d-57a0-4545-b387-d428f64e3f33:c1531]
2019-07-09 16:25:53,848 INFO  client.GrpcClientProtocolClient (GrpcClientProtocolClient.java:onNext(255)) - client-0F1B900A64BD->9bf35ae9-4da0-4371-87fa-54ea3ce1f280: receive RaftClientReply:client-0F1B900A64BD->9bf35ae9-4da0-4371-87fa-54ea3ce1f280@group-432E83AF5B55, cid=1122, SUCCESS, logIndex=1533, commits[9bf35ae9-4da0-4371-87fa-54ea3ce1f280:c1533, 0cc34542-3a00-466e-ae84-194b84d3af7b:c1531, d451d94d-57a0-4545-b387-d428f64e3f33:c1531]
2019-07-09 16:25:53,984 INFO  client.GrpcClientProtocolClient (GrpcClientProtocolClient.java:onNext(255)) - client-0F1B900A64BD->9bf35ae9-4da0-4371-87fa-54ea3ce1f280: receive RaftClientReply:client-0F1B900A64BD->9bf35ae9-4da0-4371-87fa-54ea3ce1f280@group-432E83AF5B55, cid=1123, SUCCESS, logIndex=1536, commits[9bf35ae9-4da0-4371-87fa-54ea3ce1f280:c1537, 0cc34542-3a00-466e-ae84-194b84d3af7b:c1533, d451d94d-57a0-4545-b387-d428f64e3f33:c1533]
2019-07-09 16:25:53,984 INFO  client.GrpcClientProtocolClient (GrpcClientProtocolClient.java:onNext(255)) - client-0F1B900A64BD->9bf35ae9-4da0-4371-87fa-54ea3ce1f280: receive RaftClientReply:client-0F1B900A64BD->9bf35ae9-4da0-4371-87fa-54ea3ce1f280@group-432E83AF5B55, cid=1124, SUCCESS, logIndex=1537, commits[9bf35ae9-4da0-4371-87fa-54ea3ce1f280:c1537, 0cc34542-3a00-466e-ae84-194b84d3af7b:c1533, d451d94d-57a0-4545-b387-d428f64e3f33:c1533]
2019-07-09 16:25:54,004 INFO  client.GrpcClientProtocolClient (GrpcClientProtocolClient.java:onNext(255)) - client-0F1B900A64BD->9bf35ae9-4da0-4371-87fa-54ea3ce1f280: receive RaftClientReply:client-0F1B900A64BD->9bf35ae9-4da0-4371-87fa-54ea3ce1f280@group-432E83AF5B55, cid=1125, SUCCESS, logIndex=0, commits[9bf35ae9-4da0-4371-87fa-54ea3ce1f280:c1539, 0cc34542-3a00-466e-ae84-194b84d3af7b:c1537, d451d94d-57a0-4545-b387-d428f64e3f33:c1537]
2019-07-09 16:25:54,030 INFO  client.GrpcClientProtocolClient (GrpcClientProtocolClient.java:onNext(255)) - client-0F1B900A64BD->9bf35ae9-4da0-4371-87fa-54ea3ce1f280: receive RaftClientReply:client-0F1B900A64BD->9bf35ae9-4da0-4371-87fa-54ea3ce1f280@group-432E83AF5B55, cid=1126, SUCCESS, logIndex=1540, commits[9bf35ae9-4da0-4371-87fa-54ea3ce1f280:c1542, 0cc34542-3a00-466e-ae84-194b84d3af7b:c1539, d451d94d-57a0-4545-b387-d428f64e3f33:c1539]
2019-07-09 16:25:54,031 INFO  client.GrpcClientProtocolClient (GrpcClientProtocolClient.java:onNext(255)) - client-0F1B900A64BD->9bf35ae9-4da0-4371-87fa-54ea3ce1f280: receive RaftClientReply:client-0F1B900A64BD->9bf35ae9-4da0-4371-87fa-54ea3ce1f280@group-432E83AF5B55, cid=1127, SUCCESS, logIndex=1541, commits[9bf35ae9-4da0-4371-87fa-54ea3ce1f280:c1543, 0cc34542-3a00-466e-ae84-194b84d3af7b:c1539, d451d94d-57a0-4545-b387-d428f64e3f33:c1539]
2019-07-09 16:25:54,031 INFO  client.GrpcClientProtocolClient (GrpcClientProtocolClient.java:onNext(255)) - client-0F1B900A64BD->9bf35ae9-4da0-4371-87fa-54ea3ce1f280: receive RaftClientReply:client-0F1B900A64BD->9bf35ae9-4da0-4371-87fa-54ea3ce1f280@group-432E83AF5B55, cid=1128, SUCCESS, logIndex=1542, commits[9bf35ae9-4da0-4371-87fa-54ea3ce1f280:c1543, 0cc34542-3a00-466e-ae84-194b84d3af7b:c1539, d451d94d-57a0-4545-b387-d428f64e3f33:c1539]
2019-07-09 16:25:54,031 INFO  client.GrpcClientProtocolClient (GrpcClientProtocolClient.java:onNext(255)) - client-0F1B900A64BD->9bf35ae9-4da0-4371-87fa-54ea3ce1f280: receive RaftClientReply:client-0F1B900A64BD->9bf35ae9-4da0-4371-87fa-54ea3ce1f280@group-432E83AF5B55, cid=1129, SUCCESS, logIndex=1543, commits[9bf35ae9-4da0-4371-87fa-54ea3ce1f280:c1543, 0cc34542-3a00-466e-ae84-194b84d3af7b:c1539, d451d94d-57a0-4545-b387-d428f64e3f33:c1539]
2019-07-09 16:25:54,041 INFO  client.GrpcClientProtocolClient (GrpcClientProtocolClient.java:onNext(255)) - client-0F1B900A64BD->9bf35ae9-4da0-4371-87fa-54ea3ce1f280: receive RaftClientReply:client-0F1B900A64BD->9bf35ae9-4da0-4371-87fa-54ea3ce1f280@group-432E83AF5B55, cid=1130, SUCCESS, logIndex=0, commits[9bf35ae9-4da0-4371-87fa-54ea3ce1f280:c1544, 0cc34542-3a00-466e-ae84-194b84d3af7b:c1541, d451d94d-57a0-4545-b387-d428f64e3f33:c1541]
2019-07-09 16:25:54,062 INFO  client.GrpcClientProtocolClient (GrpcClientProtocolClient.java:onNext(255)) - client-0F1B900A64BD->9bf35ae9-4da0-4371-87fa-54ea3ce1f280: receive RaftClientReply:client-0F1B900A64BD->9bf35ae9-4da0-4371-87fa-54ea3ce1f280@group-432E83AF5B55, cid=1131, SUCCESS, logIndex=1548, commits[9bf35ae9-4da0-4371-87fa-54ea3ce1f280:c1548, 0cc34542-3a00-466e-ae84-194b84d3af7b:c1547, d451d94d-57a0-4545-b387-d428f64e3f33:c1547]
2019-07-09 16:25:54,062 INFO  client.GrpcClientProtocolClient (GrpcClientProtocolClient.java:onNext(255)) - client-0F1B900A64BD->9bf35ae9-4da0-4371-87fa-54ea3ce1f280: receive RaftClientReply:client-0F1B900A64BD->9bf35ae9-4da0-4371-87fa-54ea3ce1f280@group-432E83AF5B55, cid=1132, SUCCESS, logIndex=1549, commits[9bf35ae9-4da0-4371-87fa-54ea3ce1f280:c1549, 0cc34542-3a00-466e-ae84-194b84d3af7b:c1547, d451d94d-57a0-4545-b387-d428f64e3f33:c1547]
2019-07-09 16:25:54,132 INFO  client.GrpcClientProtocolClient (GrpcClientProtocolClient.java:onNext(255)) - client-0F1B900A64BD->9bf35ae9-4da0-4371-87fa-54ea3ce1f280: receive RaftClientReply:client-0F1B900A64BD->9bf35ae9-4da0-4371-87fa-54ea3ce1f280@group-432E83AF5B55, cid=1133, SUCCESS, logIndex=1552, commits[9bf35ae9-4da0-4371-87fa-54ea3ce1f280:c1553, 0cc34542-3a00-466e-ae84-194b84d3af7b:c1549, d451d94d-57a0-4545-b387-d428f64e3f33:c1549]
2019-07-09 16:25:54,133 INFO  client.GrpcClientProtocolClient (GrpcClientProtocolClient.java:onNext(255)) - client-0F1B900A64BD->9bf35ae9-4da0-4371-87fa-54ea3ce1f280: receive RaftClientReply:client-0F1B900A64BD->9bf35ae9-4da0-4371-87fa-54ea3ce1f280@group-432E83AF5B55, cid=1134, SUCCESS, logIndex=1553, commits[9bf35ae9-4da0-4371-87fa-54ea3ce1f280:c1553, 0cc34542-3a00-466e-ae84-194b84d3af7b:c1549, d451d94d-57a0-4545-b387-d428f64e3f33:c1549]
2019-07-09 16:25:54,146 INFO  client.GrpcClientProtocolClient (GrpcClientProtocolClient.java:onNext(255)) - client-0F1B900A64BD->9bf35ae9-4da0-4371-87fa-54ea3ce1f280: receive RaftClientReply:client-0F1B900A64BD->9bf35ae9-4da0-4371-87fa-54ea3ce1f280@group-432E83AF5B55, cid=1135, SUCCESS, logIndex=0, commits[9bf35ae9-4da0-4371-87fa-54ea3ce1f280:c1555, 0cc34542-3a00-466e-ae84-194b84d3af7b:c1553, d451d94d-57a0-4545-b387-d428f64e3f33:c1553]
2019-07-09 16:25:54,170 INFO  client.GrpcClientProtocolClient (GrpcClientProtocolClient.java:onNext(255)) - client-0F1B900A64BD->9bf35ae9-4da0-4371-87fa-54ea3ce1f280: receive RaftClientReply:client-0F1B900A64BD->9bf35ae9-4da0-4371-87fa-54ea3ce1f280@group-432E83AF5B55, cid=1136, SUCCESS, logIndex=1556, commits[9bf35ae9-4da0-4371-87fa-54ea3ce1f280:c1557, 0cc34542-3a00-466e-ae84-194b84d3af7b:c1555, d451d94d-57a0-4545-b387-d428f64e3f33:c1555]
2019-07-09 16:25:54,171 INFO  client.GrpcClientProtocolClient (GrpcClientProtocolClient.java:onNext(255)) - client-0F1B900A64BD->9bf35ae9-4da0-4371-87fa-54ea3ce1f280: receive RaftClientReply:client-0F1B900A64BD->9bf35ae9-4da0-4371-87fa-54ea3ce1f280@group-432E83AF5B55, cid=1137, SUCCESS, logIndex=1557, commits[9bf35ae9-4da0-4371-87fa-54ea3ce1f280:c1558, 0cc34542-3a00-466e-ae84-194b84d3af7b:c1555, d451d94d-57a0-4545-b387-d428f64e3f33:c1555]
2019-07-09 16:25:54,172 INFO  client.GrpcClientProtocolClient (GrpcClientProtocolClient.java:onNext(255)) - client-0F1B900A64BD->9bf35ae9-4da0-4371-87fa-54ea3ce1f280: receive RaftClientReply:client-0F1B900A64BD->9bf35ae9-4da0-4371-87fa-54ea3ce1f280@group-432E83AF5B55, cid=1138, SUCCESS, logIndex=1558, commits[9bf35ae9-4da0-4371-87fa-54ea3ce1f280:c1559, 0cc34542-3a00-466e-ae84-194b84d3af7b:c1555, d451d94d-57a0-4545-b387-d428f64e3f33:c1555]
2019-07-09 16:25:54,172 INFO  client.GrpcClientProtocolClient (GrpcClientProtocolClient.java:onNext(255)) - client-0F1B900A64BD->9bf35ae9-4da0-4371-87fa-54ea3ce1f280: receive RaftClientReply:client-0F1B900A64BD->9bf35ae9-4da0-4371-87fa-54ea3ce1f280@group-432E83AF5B55, cid=1139, SUCCESS, logIndex=1559, commits[9bf35ae9-4da0-4371-87fa-54ea3ce1f280:c1559, 0cc34542-3a00-466e-ae84-194b84d3af7b:c1555, d451d94d-57a0-4545-b387-d428f64e3f33:c1555]
2019-07-09 16:25:54,174 INFO  client.GrpcClientProtocolClient (GrpcClientProtocolClient.java:onNext(255)) - client-0F1B900A64BD->9bf35ae9-4da0-4371-87fa-54ea3ce1f280: receive RaftClientReply:client-0F1B900A64BD->9bf35ae9-4da0-4371-87fa-54ea3ce1f280@group-432E83AF5B55, cid=1140, SUCCESS, logIndex=0, commits[9bf35ae9-4da0-4371-87fa-54ea3ce1f280:c1561, 0cc34542-3a00-466e-ae84-194b84d3af7b:c1557, d451d94d-57a0-4545-b387-d428f64e3f33:c1557]
2019-07-09 16:25:54,198 INFO  client.GrpcClientProtocolClient (GrpcClientProtocolClient.java:onNext(255)) - client-0F1B900A64BD->9bf35ae9-4da0-4371-87fa-54ea3ce1f280: receive RaftClientReply:client-0F1B900A64BD->9bf35ae9-4da0-4371-87fa-54ea3ce1f280@group-432E83AF5B55, cid=1141, SUCCESS, logIndex=1564, commits[9bf35ae9-4da0-4371-87fa-54ea3ce1f280:c1565, 0cc34542-3a00-466e-ae84-194b84d3af7b:c1561, d451d94d-57a0-4545-b387-d428f64e3f33:c1561]
2019-07-09 16:25:54,199 INFO  client.GrpcClientProtocolClient (GrpcClientProtocolClient.java:onNext(255)) - client-0F1B900A64BD->9bf35ae9-4da0-4371-87fa-54ea3ce1f280: receive RaftClientReply:client-0F1B900A64BD->9bf35ae9-4da0-4371-87fa-54ea3ce1f280@group-432E83AF5B55, cid=1142, SUCCESS, logIndex=1565, commits[9bf35ae9-4da0-4371-87fa-54ea3ce1f280:c1565, 0cc34542-3a00-466e-ae84-194b84d3af7b:c1561, d451d94d-57a0-4545-b387-d428f64e3f33:c1561]
2019-07-09 16:25:54,224 INFO  client.GrpcClientProtocolClient (GrpcClientProtocolClient.java:onNext(255)) - client-0F1B900A64BD->9bf35ae9-4da0-4371-87fa-54ea3ce1f280: receive RaftClientReply:client-0F1B900A64BD->9bf35ae9-4da0-4371-87fa-54ea3ce1f280@group-432E83AF5B55, cid=1143, SUCCESS, logIndex=1567, commits[9bf35ae9-4da0-4371-87fa-54ea3ce1f280:c1568, 0cc34542-3a00-466e-ae84-194b84d3af7b:c1566, d451d94d-57a0-4545-b387-d428f64e3f33:c1566]
2019-07-09 16:25:54,225 INFO  client.GrpcClientProtocolClient (GrpcClientProtocolClient.java:onNext(255)) - client-0F1B900A64BD->9bf35ae9-4da0-4371-87fa-54ea3ce1f280: receive RaftClientReply:client-0F1B900A64BD->9bf35ae9-4da0-4371-87fa-54ea3ce1f280@group-432E83AF5B55, cid=1144, SUCCESS, logIndex=1568, commits[9bf35ae9-4da0-4371-87fa-54ea3ce1f280:c1568, 0cc34542-3a00-466e-ae84-194b84d3af7b:c1566, d451d94d-57a0-4545-b387-d428f64e3f33:c1566]
2019-07-09 16:25:54,243 INFO  client.GrpcClientProtocolClient (GrpcClientProtocolClient.java:onNext(255)) - client-0F1B900A64BD->9bf35ae9-4da0-4371-87fa-54ea3ce1f280: receive RaftClientReply:client-0F1B900A64BD->9bf35ae9-4da0-4371-87fa-54ea3ce1f280@group-432E83AF5B55, cid=1145, SUCCESS, logIndex=0, commits[9bf35ae9-4da0-4371-87fa-54ea3ce1f280:c1569, 0cc34542-3a00-466e-ae84-194b84d3af7b:c1568, d451d94d-57a0-4545-b387-d428f64e3f33:c1568]
2019-07-09 16:25:54,264 INFO  client.GrpcClientProtocolClient (GrpcClientProtocolClient.java:onNext(255)) - client-0F1B900A64BD->9bf35ae9-4da0-4371-87fa-54ea3ce1f280: receive RaftClientReply:client-0F1B900A64BD->9bf35ae9-4da0-4371-87fa-54ea3ce1f280@group-432E83AF5B55, cid=1146, SUCCESS, logIndex=1571, commits[9bf35ae9-4da0-4371-87fa-54ea3ce1f280:c1572, 0cc34542-3a00-466e-ae84-194b84d3af7b:c1570, d451d94d-57a0-4545-b387-d428f64e3f33:c1570]
2019-07-09 16:25:54,265 INFO  client.GrpcClientProtocolClient (GrpcClientProtocolClient.java:onNext(255)) - client-0F1B900A64BD->9bf35ae9-4da0-4371-87fa-54ea3ce1f280: receive RaftClientReply:client-0F1B900A64BD->9bf35ae9-4da0-4371-87fa-54ea3ce1f280@group-432E83AF5B55, cid=1147, SUCCESS, logIndex=1572, commits[9bf35ae9-4da0-4371-87fa-54ea3ce1f280:c1574, 0cc34542-3a00-466e-ae84-194b84d3af7b:c1570, d451d94d-57a0-4545-b387-d428f64e3f33:c1570]
2019-07-09 16:25:54,265 INFO  client.GrpcClientProtocolClient (GrpcClientProtocolClient.java:onNext(255)) - client-0F1B900A64BD->9bf35ae9-4da0-4371-87fa-54ea3ce1f280: receive RaftClientReply:client-0F1B900A64BD->9bf35ae9-4da0-4371-87fa-54ea3ce1f280@group-432E83AF5B55, cid=1148, SUCCESS, logIndex=1573, commits[9bf35ae9-4da0-4371-87fa-54ea3ce1f280:c1574, 0cc34542-3a00-466e-ae84-194b84d3af7b:c1570, d451d94d-57a0-4545-b387-d428f64e3f33:c1570]
2019-07-09 16:25:54,265 INFO  client.GrpcClientProtocolClient (GrpcClientProtocolClient.java:onNext(255)) - client-0F1B900A64BD->9bf35ae9-4da0-4371-87fa-54ea3ce1f280: receive RaftClientReply:client-0F1B900A64BD->9bf35ae9-4da0-4371-87fa-54ea3ce1f280@group-432E83AF5B55, cid=1149, SUCCESS, logIndex=1574, commits[9bf35ae9-4da0-4371-87fa-54ea3ce1f280:c1574, 0cc34542-3a00-466e-ae84-194b84d3af7b:c1570, d451d94d-57a0-4545-b387-d428f64e3f33:c1570]
2019-07-09 16:25:54,266 INFO  client.GrpcClientProtocolClient (GrpcClientProtocolClient.java:onNext(255)) - client-0F1B900A64BD->9bf35ae9-4da0-4371-87fa-54ea3ce1f280: receive RaftClientReply:client-0F1B900A64BD->9bf35ae9-4da0-4371-87fa-54ea3ce1f280@group-432E83AF5B55, cid=1150, SUCCESS, logIndex=0, commits[9bf35ae9-4da0-4371-87fa-54ea3ce1f280:c1576, 0cc34542-3a00-466e-ae84-194b84d3af7b:c1572, d451d94d-57a0-4545-b387-d428f64e3f33:c1572]
2019-07-09 16:25:54,292 INFO  client.GrpcClientProtocolClient (GrpcClientProtocolClient.java:onNext(255)) - client-0F1B900A64BD->9bf35ae9-4da0-4371-87fa-54ea3ce1f280: receive RaftClientReply:client-0F1B900A64BD->9bf35ae9-4da0-4371-87fa-54ea3ce1f280@group-432E83AF5B55, cid=1151, SUCCESS, logIndex=1578, commits[9bf35ae9-4da0-4371-87fa-54ea3ce1f280:c1579, 0cc34542-3a00-466e-ae84-194b84d3af7b:c1577, d451d94d-57a0-4545-b387-d428f64e3f33:c1577]
2019-07-09 16:25:54,293 INFO  client.GrpcClientProtocolClient (GrpcClientProtocolClient.java:onNext(255)) - client-0F1B900A64BD->9bf35ae9-4da0-4371-87fa-54ea3ce1f280: receive RaftClientReply:client-0F1B900A64BD->9bf35ae9-4da0-4371-87fa-54ea3ce1f280@group-432E83AF5B55, cid=1152, SUCCESS, logIndex=1579, commits[9bf35ae9-4da0-4371-87fa-54ea3ce1f280:c1579, 0cc34542-3a00-466e-ae84-194b84d3af7b:c1577, d451d94d-57a0-4545-b387-d428f64e3f33:c1577]
2019-07-09 16:25:54,308 INFO  client.GrpcClientProtocolClient (GrpcClientProtocolClient.java:onNext(255)) - client-0F1B900A64BD->9bf35ae9-4da0-4371-87fa-54ea3ce1f280: receive RaftClientReply:client-0F1B900A64BD->9bf35ae9-4da0-4371-87fa-54ea3ce1f280@group-432E83AF5B55, cid=1153, SUCCESS, logIndex=1582, commits[9bf35ae9-4da0-4371-87fa-54ea3ce1f280:c1583, 0cc34542-3a00-466e-ae84-194b84d3af7b:c1579, d451d94d-57a0-4545-b387-d428f64e3f33:c1579]
2019-07-09 16:25:54,308 INFO  client.GrpcClientProtocolClient (GrpcClientProtocolClient.java:onNext(255)) - client-0F1B900A64BD->9bf35ae9-4da0-4371-87fa-54ea3ce1f280: receive RaftClientReply:client-0F1B900A64BD->9bf35ae9-4da0-4371-87fa-54ea3ce1f280@group-432E83AF5B55, cid=1154, SUCCESS, logIndex=1583, commits[9bf35ae9-4da0-4371-87fa-54ea3ce1f280:c1583, 0cc34542-3a00-466e-ae84-194b84d3af7b:c1579, d451d94d-57a0-4545-b387-d428f64e3f33:c1579]
2019-07-09 16:25:54,323 INFO  client.GrpcClientProtocolClient (GrpcClientProtocolClient.java:onNext(255)) - client-0F1B900A64BD->9bf35ae9-4da0-4371-87fa-54ea3ce1f280: receive RaftClientReply:client-0F1B900A64BD->9bf35ae9-4da0-4371-87fa-54ea3ce1f280@group-432E83AF5B55, cid=1155, SUCCESS, logIndex=0, commits[9bf35ae9-4da0-4371-87fa-54ea3ce1f280:c1585, 0cc34542-3a00-466e-ae84-194b84d3af7b:c1583, d451d94d-57a0-4545-b387-d428f64e3f33:c1583]
2019-07-09 16:25:54,344 INFO  client.GrpcClientProtocolClient (GrpcClientProtocolClient.java:onNext(255)) - client-0F1B900A64BD->9bf35ae9-4da0-4371-87fa-54ea3ce1f280: receive RaftClientReply:client-0F1B900A64BD->9bf35ae9-4da0-4371-87fa-54ea3ce1f280@group-432E83AF5B55, cid=1156, SUCCESS, logIndex=1586, commits[9bf35ae9-4da0-4371-87fa-54ea3ce1f280:c1588, 0cc34542-3a00-466e-ae84-194b84d3af7b:c1585, d451d94d-57a0-4545-b387-d428f64e3f33:c1585]
2019-07-09 16:25:54,344 INFO  client.GrpcClientProtocolClient (GrpcClientProtocolClient.java:onNext(255)) - client-0F1B900A64BD->9bf35ae9-4da0-4371-87fa-54ea3ce1f280: receive RaftClientReply:client-0F1B900A64BD->9bf35ae9-4da0-4371-87fa-54ea3ce1f280@group-432E83AF5B55, cid=1157, SUCCESS, logIndex=1587, commits[9bf35ae9-4da0-4371-87fa-54ea3ce1f280:c1589, 0cc34542-3a00-466e-ae84-194b84d3af7b:c1585, d451d94d-57a0-4545-b387-d428f64e3f33:c1585]
2019-07-09 16:25:54,345 INFO  client.GrpcClientProtocolClient (GrpcClientProtocolClient.java:onNext(255)) - client-0F1B900A64BD->9bf35ae9-4da0-4371-87fa-54ea3ce1f280: receive RaftClientReply:client-0F1B900A64BD->9bf35ae9-4da0-4371-87fa-54ea3ce1f280@group-432E83AF5B55, cid=1158, SUCCESS, logIndex=1588, commits[9bf35ae9-4da0-4371-87fa-54ea3ce1f280:c1589, 0cc34542-3a00-466e-ae84-194b84d3af7b:c1585, d451d94d-57a0-4545-b387-d428f64e3f33:c1585]
2019-07-09 16:25:54,345 INFO  client.GrpcClientProtocolClient (GrpcClientProtocolClient.java:onNext(255)) - client-0F1B900A64BD->9bf35ae9-4da0-4371-87fa-54ea3ce1f280: receive RaftClientReply:client-0F1B900A64BD->9bf35ae9-4da0-4371-87fa-54ea3ce1f280@group-432E83AF5B55, cid=1159, SUCCESS, logIndex=1589, commits[9bf35ae9-4da0-4371-87fa-54ea3ce1f280:c1590, 0cc34542-3a00-466e-ae84-194b84d3af7b:c1586, d451d94d-57a0-4545-b387-d428f64e3f33:c1585]
2019-07-09 16:25:54,347 INFO  client.GrpcClientProtocolClient (GrpcClientProtocolClient.java:onNext(255)) - client-0F1B900A64BD->9bf35ae9-4da0-4371-87fa-54ea3ce1f280: receive RaftClientReply:client-0F1B900A64BD->9bf35ae9-4da0-4371-87fa-54ea3ce1f280@group-432E83AF5B55, cid=1160, SUCCESS, logIndex=0, commits[9bf35ae9-4da0-4371-87fa-54ea3ce1f280:c1593, 0cc34542-3a00-466e-ae84-194b84d3af7b:c1589, d451d94d-57a0-4545-b387-d428f64e3f33:c1587]
2019-07-09 16:25:54,367 INFO  client.GrpcClientProtocolClient (GrpcClientProtocolClient.java:onNext(255)) - client-0F1B900A64BD->9bf35ae9-4da0-4371-87fa-54ea3ce1f280: receive RaftClientReply:client-0F1B900A64BD->9bf35ae9-4da0-4371-87fa-54ea3ce1f280@group-432E83AF5B55, cid=1161, SUCCESS, logIndex=1594, commits[9bf35ae9-4da0-4371-87fa-54ea3ce1f280:c1595, 0cc34542-3a00-466e-ae84-194b84d3af7b:c1593, d451d94d-57a0-4545-b387-d428f64e3f33:c1593]
2019-07-09 16:25:54,368 INFO  client.GrpcClientProtocolClient (GrpcClientProtocolClient.java:onNext(255)) - client-0F1B900A64BD->9bf35ae9-4da0-4371-87fa-54ea3ce1f280: receive RaftClientReply:client-0F1B900A64BD->9bf35ae9-4da0-4371-87fa-54ea3ce1f280@group-432E83AF5B55, cid=1162, SUCCESS, logIndex=1595, commits[9bf35ae9-4da0-4371-87fa-54ea3ce1f280:c1595, 0cc34542-3a00-466e-ae84-194b84d3af7b:c1593, d451d94d-57a0-4545-b387-d428f64e3f33:c1593]
2019-07-09 16:25:54,382 INFO  client.GrpcClientProtocolClient (GrpcClientProtocolClient.java:onNext(255)) - client-0F1B900A64BD->9bf35ae9-4da0-4371-87fa-54ea3ce1f280: receive RaftClientReply:client-0F1B900A64BD->9bf35ae9-4da0-4371-87fa-54ea3ce1f280@group-432E83AF5B55, cid=1163, SUCCESS, logIndex=1598, commits[9bf35ae9-4da0-4371-87fa-54ea3ce1f280:c1599, 0cc34542-3a00-466e-ae84-194b84d3af7b:c1595, d451d94d-57a0-4545-b387-d428f64e3f33:c1595]
2019-07-09 16:25:54,382 INFO  client.GrpcClientProtocolClient (GrpcClientProtocolClient.java:onNext(255)) - client-0F1B900A64BD->9bf35ae9-4da0-4371-87fa-54ea3ce1f280: receive RaftClientReply:client-0F1B900A64BD->9bf35ae9-4da0-4371-87fa-54ea3ce1f280@group-432E83AF5B55, cid=1164, SUCCESS, logIndex=1599, commits[9bf35ae9-4da0-4371-87fa-54ea3ce1f280:c1599, 0cc34542-3a00-466e-ae84-194b84d3af7b:c1595, d451d94d-57a0-4545-b387-d428f64e3f33:c1595]
2019-07-09 16:25:54,396 INFO  client.GrpcClientProtocolClient (GrpcClientProtocolClient.java:onNext(255)) - client-0F1B900A64BD->9bf35ae9-4da0-4371-87fa-54ea3ce1f280: receive RaftClientReply:client-0F1B900A64BD->9bf35ae9-4da0-4371-87fa-54ea3ce1f280@group-432E83AF5B55, cid=1165, SUCCESS, logIndex=0, commits[9bf35ae9-4da0-4371-87fa-54ea3ce1f280:c1601, 0cc34542-3a00-466e-ae84-194b84d3af7b:c1599, d451d94d-57a0-4545-b387-d428f64e3f33:c1599]
2019-07-09 16:25:54,424 INFO  client.GrpcClientProtocolClient (GrpcClientProtocolClient.java:onNext(255)) - client-0F1B900A64BD->9bf35ae9-4da0-4371-87fa-54ea3ce1f280: receive RaftClientReply:client-0F1B900A64BD->9bf35ae9-4da0-4371-87fa-54ea3ce1f280@group-432E83AF5B55, cid=1166, SUCCESS, logIndex=1602, commits[9bf35ae9-4da0-4371-87fa-54ea3ce1f280:c1604, 0cc34542-3a00-466e-ae84-194b84d3af7b:c1601, d451d94d-57a0-4545-b387-d428f64e3f33:c1601]
2019-07-09 16:25:54,424 INFO  client.GrpcClientProtocolClient (GrpcClientProtocolClient.java:onNext(255)) - client-0F1B900A64BD->9bf35ae9-4da0-4371-87fa-54ea3ce1f280: receive RaftClientReply:client-0F1B900A64BD->9bf35ae9-4da0-4371-87fa-54ea3ce1f280@group-432E83AF5B55, cid=1167, SUCCESS, logIndex=1603, commits[9bf35ae9-4da0-4371-87fa-54ea3ce1f280:c1605, 0cc34542-3a00-466e-ae84-194b84d3af7b:c1601, d451d94d-57a0-4545-b387-d428f64e3f33:c1601]
2019-07-09 16:25:54,425 INFO  client.GrpcClientProtocolClient (GrpcClientProtocolClient.java:onNext(255)) - client-0F1B900A64BD->9bf35ae9-4da0-4371-87fa-54ea3ce1f280: receive RaftClientReply:client-0F1B900A64BD->9bf35ae9-4da0-4371-87fa-54ea3ce1f280@group-432E83AF5B55, cid=1168, SUCCESS, logIndex=1604, commits[9bf35ae9-4da0-4371-87fa-54ea3ce1f280:c1605, 0cc34542-3a00-466e-ae84-194b84d3af7b:c1601, d451d94d-57a0-4545-b387-d428f64e3f33:c1601]
2019-07-09 16:25:54,425 INFO  client.GrpcClientProtocolClient (GrpcClientProtocolClient.java:onNext(255)) - client-0F1B900A64BD->9bf35ae9-4da0-4371-87fa-54ea3ce1f280: receive RaftClientReply:client-0F1B900A64BD->9bf35ae9-4da0-4371-87fa-54ea3ce1f280@group-432E83AF5B55, cid=1169, SUCCESS, logIndex=1605, commits[9bf35ae9-4da0-4371-87fa-54ea3ce1f280:c1605, 0cc34542-3a00-466e-ae84-194b84d3af7b:c1601, d451d94d-57a0-4545-b387-d428f64e3f33:c1601]
2019-07-09 16:25:54,436 INFO  client.GrpcClientProtocolClient (GrpcClientProtocolClient.java:onNext(255)) - client-0F1B900A64BD->9bf35ae9-4da0-4371-87fa-54ea3ce1f280: receive RaftClientReply:client-0F1B900A64BD->9bf35ae9-4da0-4371-87fa-54ea3ce1f280@group-432E83AF5B55, cid=1170, SUCCESS, logIndex=0, commits[9bf35ae9-4da0-4371-87fa-54ea3ce1f280:c1607, 0cc34542-3a00-466e-ae84-194b84d3af7b:c1603, d451d94d-57a0-4545-b387-d428f64e3f33:c1603]
2019-07-09 16:25:54,449 INFO  client.GrpcClientProtocolClient (GrpcClientProtocolClient.java:onNext(255)) - client-0F1B900A64BD->9bf35ae9-4da0-4371-87fa-54ea3ce1f280: receive RaftClientReply:client-0F1B900A64BD->9bf35ae9-4da0-4371-87fa-54ea3ce1f280@group-432E83AF5B55, cid=1171, SUCCESS, logIndex=1610, commits[9bf35ae9-4da0-4371-87fa-54ea3ce1f280:c1611, 0cc34542-3a00-466e-ae84-194b84d3af7b:c1605, d451d94d-57a0-4545-b387-d428f64e3f33:c1609]
2019-07-09 16:25:54,449 INFO  client.GrpcClientProtocolClient (GrpcClientProtocolClient.java:onNext(255)) - client-0F1B900A64BD->9bf35ae9-4da0-4371-87fa-54ea3ce1f280: receive RaftClientReply:client-0F1B900A64BD->9bf35ae9-4da0-4371-87fa-54ea3ce1f280@group-432E83AF5B55, cid=1172, SUCCESS, logIndex=1611, commits[9bf35ae9-4da0-4371-87fa-54ea3ce1f280:c1611, 0cc34542-3a00-466e-ae84-194b84d3af7b:c1609, d451d94d-57a0-4545-b387-d428f64e3f33:c1609]
2019-07-09 16:25:54,461 INFO  client.GrpcClientProtocolClient (GrpcClientProtocolClient.java:onNext(255)) - client-0F1B900A64BD->9bf35ae9-4da0-4371-87fa-54ea3ce1f280: receive RaftClientReply:client-0F1B900A64BD->9bf35ae9-4da0-4371-87fa-54ea3ce1f280@group-432E83AF5B55, cid=1173, SUCCESS, logIndex=1614, commits[9bf35ae9-4da0-4371-87fa-54ea3ce1f280:c1615, 0cc34542-3a00-466e-ae84-194b84d3af7b:c1613, d451d94d-57a0-4545-b387-d428f64e3f33:c1613]
2019-07-09 16:25:54,461 INFO  client.GrpcClientProtocolClient (GrpcClientProtocolClient.java:onNext(255)) - client-0F1B900A64BD->9bf35ae9-4da0-4371-87fa-54ea3ce1f280: receive RaftClientReply:client-0F1B900A64BD->9bf35ae9-4da0-4371-87fa-54ea3ce1f280@group-432E83AF5B55, cid=1174, SUCCESS, logIndex=1615, commits[9bf35ae9-4da0-4371-87fa-54ea3ce1f280:c1615, 0cc34542-3a00-466e-ae84-194b84d3af7b:c1613, d451d94d-57a0-4545-b387-d428f64e3f33:c1613]
2019-07-09 16:25:54,462 INFO  client.GrpcClientProtocolClient (GrpcClientProtocolClient.java:onNext(255)) - client-0F1B900A64BD->9bf35ae9-4da0-4371-87fa-54ea3ce1f280: receive RaftClientReply:client-0F1B900A64BD->9bf35ae9-4da0-4371-87fa-54ea3ce1f280@group-432E83AF5B55, cid=1175, SUCCESS, logIndex=0, commits[9bf35ae9-4da0-4371-87fa-54ea3ce1f280:c1617, 0cc34542-3a00-466e-ae84-194b84d3af7b:c1615, d451d94d-57a0-4545-b387-d428f64e3f33:c1615]
2019-07-09 16:25:54,476 INFO  client.GrpcClientProtocolClient (GrpcClientProtocolClient.java:onNext(255)) - client-0F1B900A64BD->9bf35ae9-4da0-4371-87fa-54ea3ce1f280: receive RaftClientReply:client-0F1B900A64BD->9bf35ae9-4da0-4371-87fa-54ea3ce1f280@group-432E83AF5B55, cid=1176, SUCCESS, logIndex=1618, commits[9bf35ae9-4da0-4371-87fa-54ea3ce1f280:c1620, 0cc34542-3a00-466e-ae84-194b84d3af7b:c1617, d451d94d-57a0-4545-b387-d428f64e3f33:c1617]
2019-07-09 16:25:54,476 INFO  client.GrpcClientProtocolClient (GrpcClientProtocolClient.java:onNext(255)) - client-0F1B900A64BD->9bf35ae9-4da0-4371-87fa-54ea3ce1f280: receive RaftClientReply:client-0F1B900A64BD->9bf35ae9-4da0-4371-87fa-54ea3ce1f280@group-432E83AF5B55, cid=1177, SUCCESS, logIndex=1619, commits[9bf35ae9-4da0-4371-87fa-54ea3ce1f280:c1621, 0cc34542-3a00-466e-ae84-194b84d3af7b:c1617, d451d94d-57a0-4545-b387-d428f64e3f33:c1617]
2019-07-09 16:25:54,477 INFO  client.GrpcClientProtocolClient (GrpcClientProtocolClient.java:onNext(255)) - client-0F1B900A64BD->9bf35ae9-4da0-4371-87fa-54ea3ce1f280: receive RaftClientReply:client-0F1B900A64BD->9bf35ae9-4da0-4371-87fa-54ea3ce1f280@group-432E83AF5B55, cid=1178, SUCCESS, logIndex=1620, commits[9bf35ae9-4da0-4371-87fa-54ea3ce1f280:c1621, 0cc34542-3a00-466e-ae84-194b84d3af7b:c1617, d451d94d-57a0-4545-b387-d428f64e3f33:c1617]
2019-07-09 16:25:54,477 INFO  client.GrpcClientProtocolClient (GrpcClientProtocolClient.java:onNext(255)) - client-0F1B900A64BD->9bf35ae9-4da0-4371-87fa-54ea3ce1f280: receive RaftClientReply:client-0F1B900A64BD->9bf35ae9-4da0-4371-87fa-54ea3ce1f280@group-432E83AF5B55, cid=1179, SUCCESS, logIndex=1621, commits[9bf35ae9-4da0-4371-87fa-54ea3ce1f280:c1622, 0cc34542-3a00-466e-ae84-194b84d3af7b:c1617, d451d94d-57a0-4545-b387-d428f64e3f33:c1620]
2019-07-09 16:25:54,479 INFO  client.GrpcClientProtocolClient (GrpcClientProtocolClient.java:onNext(255)) - client-0F1B900A64BD->9bf35ae9-4da0-4371-87fa-54ea3ce1f280: receive RaftClientReply:client-0F1B900A64BD->9bf35ae9-4da0-4371-87fa-54ea3ce1f280@group-432E83AF5B55, cid=1180, SUCCESS, logIndex=0, commits[9bf35ae9-4da0-4371-87fa-54ea3ce1f280:c1622, 0cc34542-3a00-466e-ae84-194b84d3af7b:c1620, d451d94d-57a0-4545-b387-d428f64e3f33:c1620]
2019-07-09 16:25:54,502 INFO  client.GrpcClientProtocolClient (GrpcClientProtocolClient.java:onNext(255)) - client-0F1B900A64BD->9bf35ae9-4da0-4371-87fa-54ea3ce1f280: receive RaftClientReply:client-0F1B900A64BD->9bf35ae9-4da0-4371-87fa-54ea3ce1f280@group-432E83AF5B55, cid=1181, SUCCESS, logIndex=1625, commits[9bf35ae9-4da0-4371-87fa-54ea3ce1f280:c1626, 0cc34542-3a00-466e-ae84-194b84d3af7b:c1624, d451d94d-57a0-4545-b387-d428f64e3f33:c1624]
2019-07-09 16:25:54,502 INFO  client.GrpcClientProtocolClient (GrpcClientProtocolClient.java:onNext(255)) - client-0F1B900A64BD->9bf35ae9-4da0-4371-87fa-54ea3ce1f280: receive RaftClientReply:client-0F1B900A64BD->9bf35ae9-4da0-4371-87fa-54ea3ce1f280@group-432E83AF5B55, cid=1182, SUCCESS, logIndex=1626, commits[9bf35ae9-4da0-4371-87fa-54ea3ce1f280:c1626, 0cc34542-3a00-466e-ae84-194b84d3af7b:c1624, d451d94d-57a0-4545-b387-d428f64e3f33:c1624]
2019-07-09 16:25:54,516 INFO  client.GrpcClientProtocolClient (GrpcClientProtocolClient.java:onNext(255)) - client-0F1B900A64BD->9bf35ae9-4da0-4371-87fa-54ea3ce1f280: receive RaftClientReply:client-0F1B900A64BD->9bf35ae9-4da0-4371-87fa-54ea3ce1f280@group-432E83AF5B55, cid=1183, SUCCESS, logIndex=1629, commits[9bf35ae9-4da0-4371-87fa-54ea3ce1f280:c1630, 0cc34542-3a00-466e-ae84-194b84d3af7b:c1626, d451d94d-57a0-4545-b387-d428f64e3f33:c1626]
2019-07-09 16:25:54,516 INFO  client.GrpcClientProtocolClient (GrpcClientProtocolClient.java:onNext(255)) - client-0F1B900A64BD->9bf35ae9-4da0-4371-87fa-54ea3ce1f280: receive RaftClientReply:client-0F1B900A64BD->9bf35ae9-4da0-4371-87fa-54ea3ce1f280@group-432E83AF5B55, cid=1184, SUCCESS, logIndex=1630, commits[9bf35ae9-4da0-4371-87fa-54ea3ce1f280:c1630, 0cc34542-3a00-466e-ae84-194b84d3af7b:c1626, d451d94d-57a0-4545-b387-d428f64e3f33:c1626]
2019-07-09 16:25:54,534 INFO  client.GrpcClientProtocolClient (GrpcClientProtocolClient.java:onNext(255)) - client-0F1B900A64BD->9bf35ae9-4da0-4371-87fa-54ea3ce1f280: receive RaftClientReply:client-0F1B900A64BD->9bf35ae9-4da0-4371-87fa-54ea3ce1f280@group-432E83AF5B55, cid=1185, SUCCESS, logIndex=0, commits[9bf35ae9-4da0-4371-87fa-54ea3ce1f280:c1631, 0cc34542-3a00-466e-ae84-194b84d3af7b:c1630, d451d94d-57a0-4545-b387-d428f64e3f33:c1630]
 0.00% |█                                                                                                    |  0/1 Time: 0:00:062019-07-09 16:25:54,559 INFO  client.GrpcClientProtocolClient (GrpcClientProtocolClient.java:onNext(255)) - client-0F1B900A64BD->9bf35ae9-4da0-4371-87fa-54ea3ce1f280: receive RaftClientReply:client-0F1B900A64BD->9bf35ae9-4da0-4371-87fa-54ea3ce1f280@group-432E83AF5B55, cid=1186, SUCCESS, logIndex=1633, commits[9bf35ae9-4da0-4371-87fa-54ea3ce1f280:c1636, 0cc34542-3a00-466e-ae84-194b84d3af7b:c1631, d451d94d-57a0-4545-b387-d428f64e3f33:c1631]
2019-07-09 16:25:54,560 INFO  client.GrpcClientProtocolClient (GrpcClientProtocolClient.java:onNext(255)) - client-0F1B900A64BD->9bf35ae9-4da0-4371-87fa-54ea3ce1f280: receive RaftClientReply:client-0F1B900A64BD->9bf35ae9-4da0-4371-87fa-54ea3ce1f280@group-432E83AF5B55, cid=1187, SUCCESS, logIndex=1634, commits[9bf35ae9-4da0-4371-87fa-54ea3ce1f280:c1636, 0cc34542-3a00-466e-ae84-194b84d3af7b:c1631, d451d94d-57a0-4545-b387-d428f64e3f33:c1631]
2019-07-09 16:25:54,560 INFO  client.GrpcClientProtocolClient (GrpcClientProtocolClient.java:onNext(255)) - client-0F1B900A64BD->9bf35ae9-4da0-4371-87fa-54ea3ce1f280: receive RaftClientReply:client-0F1B900A64BD->9bf35ae9-4da0-4371-87fa-54ea3ce1f280@group-432E83AF5B55, cid=1188, SUCCESS, logIndex=1635, commits[9bf35ae9-4da0-4371-87fa-54ea3ce1f280:c1636, 0cc34542-3a00-466e-ae84-194b84d3af7b:c1631, d451d94d-57a0-4545-b387-d428f64e3f33:c1631]
2019-07-09 16:25:54,560 INFO  client.GrpcClientProtocolClient (GrpcClientProtocolClient.java:onNext(255)) - client-0F1B900A64BD->9bf35ae9-4da0-4371-87fa-54ea3ce1f280: receive RaftClientReply:client-0F1B900A64BD->9bf35ae9-4da0-4371-87fa-54ea3ce1f280@group-432E83AF5B55, cid=1189, SUCCESS, logIndex=1636, commits[9bf35ae9-4da0-4371-87fa-54ea3ce1f280:c1636, 0cc34542-3a00-466e-ae84-194b84d3af7b:c1631, d451d94d-57a0-4545-b387-d428f64e3f33:c1631]
2019-07-09 16:25:54,571 INFO  client.GrpcClientProtocolClient (GrpcClientProtocolClient.java:onNext(255)) - client-0F1B900A64BD->9bf35ae9-4da0-4371-87fa-54ea3ce1f280: receive RaftClientReply:client-0F1B900A64BD->9bf35ae9-4da0-4371-87fa-54ea3ce1f280@group-432E83AF5B55, cid=1190, SUCCESS, logIndex=0, commits[9bf35ae9-4da0-4371-87fa-54ea3ce1f280:c1636, 0cc34542-3a00-466e-ae84-194b84d3af7b:c1634, d451d94d-57a0-4545-b387-d428f64e3f33:c1634]
2019-07-09 16:25:54,591 INFO  client.GrpcClientProtocolClient (GrpcClientProtocolClient.java:onNext(255)) - client-0F1B900A64BD->9bf35ae9-4da0-4371-87fa-54ea3ce1f280: receive RaftClientReply:client-0F1B900A64BD->9bf35ae9-4da0-4371-87fa-54ea3ce1f280@group-432E83AF5B55, cid=1191, SUCCESS, logIndex=1641, commits[9bf35ae9-4da0-4371-87fa-54ea3ce1f280:c1642, 0cc34542-3a00-466e-ae84-194b84d3af7b:c1640, d451d94d-57a0-4545-b387-d428f64e3f33:c1640]
2019-07-09 16:25:54,591 INFO  client.GrpcClientProtocolClient (GrpcClientProtocolClient.java:onNext(255)) - client-0F1B900A64BD->9bf35ae9-4da0-4371-87fa-54ea3ce1f280: receive RaftClientReply:client-0F1B900A64BD->9bf35ae9-4da0-4371-87fa-54ea3ce1f280@group-432E83AF5B55, cid=1192, SUCCESS, logIndex=1642, commits[9bf35ae9-4da0-4371-87fa-54ea3ce1f280:c1642, 0cc34542-3a00-466e-ae84-194b84d3af7b:c1640, d451d94d-57a0-4545-b387-d428f64e3f33:c1640]
2019-07-09 16:25:54,608 INFO  client.GrpcClientProtocolClient (GrpcClientProtocolClient.java:onNext(255)) - client-0F1B900A64BD->9bf35ae9-4da0-4371-87fa-54ea3ce1f280: receive RaftClientReply:client-0F1B900A64BD->9bf35ae9-4da0-4371-87fa-54ea3ce1f280@group-432E83AF5B55, cid=1193, SUCCESS, logIndex=1645, commits[9bf35ae9-4da0-4371-87fa-54ea3ce1f280:c1645, 0cc34542-3a00-466e-ae84-194b84d3af7b:c1642, d451d94d-57a0-4545-b387-d428f64e3f33:c1642]
2019-07-09 16:25:54,609 INFO  client.GrpcClientProtocolClient (GrpcClientProtocolClient.java:onNext(255)) - client-0F1B900A64BD->9bf35ae9-4da0-4371-87fa-54ea3ce1f280: receive RaftClientReply:client-0F1B900A64BD->9bf35ae9-4da0-4371-87fa-54ea3ce1f280@group-432E83AF5B55, cid=1194, SUCCESS, logIndex=1646, commits[9bf35ae9-4da0-4371-87fa-54ea3ce1f280:c1646, 0cc34542-3a00-466e-ae84-194b84d3af7b:c1642, d451d94d-57a0-4545-b387-d428f64e3f33:c1642]
2019-07-09 16:25:54,623 INFO  client.GrpcClientProtocolClient (GrpcClientProtocolClient.java:onNext(255)) - client-0F1B900A64BD->9bf35ae9-4da0-4371-87fa-54ea3ce1f280: receive RaftClientReply:client-0F1B900A64BD->9bf35ae9-4da0-4371-87fa-54ea3ce1f280@group-432E83AF5B55, cid=1195, SUCCESS, logIndex=0, commits[9bf35ae9-4da0-4371-87fa-54ea3ce1f280:c1648, 0cc34542-3a00-466e-ae84-194b84d3af7b:c1646, d451d94d-57a0-4545-b387-d428f64e3f33:c1646]
2019-07-09 16:25:54,736 INFO  client.GrpcClientProtocolClient (GrpcClientProtocolClient.java:onNext(255)) - client-0F1B900A64BD->9bf35ae9-4da0-4371-87fa-54ea3ce1f280: receive RaftClientReply:client-0F1B900A64BD->9bf35ae9-4da0-4371-87fa-54ea3ce1f280@group-432E83AF5B55, cid=1196, SUCCESS, logIndex=1649, commits[9bf35ae9-4da0-4371-87fa-54ea3ce1f280:c1650, 0cc34542-3a00-466e-ae84-194b84d3af7b:c1648, d451d94d-57a0-4545-b387-d428f64e3f33:c1648]
2019-07-09 16:25:54,737 INFO  client.GrpcClientProtocolClient (GrpcClientProtocolClient.java:onNext(255)) - client-0F1B900A64BD->9bf35ae9-4da0-4371-87fa-54ea3ce1f280: receive RaftClientReply:client-0F1B900A64BD->9bf35ae9-4da0-4371-87fa-54ea3ce1f280@group-432E83AF5B55, cid=1197, SUCCESS, logIndex=1650, commits[9bf35ae9-4da0-4371-87fa-54ea3ce1f280:c1652, 0cc34542-3a00-466e-ae84-194b84d3af7b:c1648, d451d94d-57a0-4545-b387-d428f64e3f33:c1648]
2019-07-09 16:25:54,737 INFO  client.GrpcClientProtocolClient (GrpcClientProtocolClient.java:onNext(255)) - client-0F1B900A64BD->9bf35ae9-4da0-4371-87fa-54ea3ce1f280: receive RaftClientReply:client-0F1B900A64BD->9bf35ae9-4da0-4371-87fa-54ea3ce1f280@group-432E83AF5B55, cid=1198, SUCCESS, logIndex=1651, commits[9bf35ae9-4da0-4371-87fa-54ea3ce1f280:c1652, 0cc34542-3a00-466e-ae84-194b84d3af7b:c1648, d451d94d-57a0-4545-b387-d428f64e3f33:c1648]
2019-07-09 16:25:54,738 INFO  client.GrpcClientProtocolClient (GrpcClientProtocolClient.java:onNext(255)) - client-0F1B900A64BD->9bf35ae9-4da0-4371-87fa-54ea3ce1f280: receive RaftClientReply:client-0F1B900A64BD->9bf35ae9-4da0-4371-87fa-54ea3ce1f280@group-432E83AF5B55, cid=1199, SUCCESS, logIndex=1652, commits[9bf35ae9-4da0-4371-87fa-54ea3ce1f280:c1652, 0cc34542-3a00-466e-ae84-194b84d3af7b:c1648, d451d94d-57a0-4545-b387-d428f64e3f33:c1648]
2019-07-09 16:25:54,741 INFO  client.GrpcClientProtocolClient (GrpcClientProtocolClient.java:onNext(255)) - client-0F1B900A64BD->9bf35ae9-4da0-4371-87fa-54ea3ce1f280: receive RaftClientReply:client-0F1B900A64BD->9bf35ae9-4da0-4371-87fa-54ea3ce1f280@group-432E83AF5B55, cid=1200, SUCCESS, logIndex=0, commits[9bf35ae9-4da0-4371-87fa-54ea3ce1f280:c1656, 0cc34542-3a00-466e-ae84-194b84d3af7b:c1652, d451d94d-57a0-4545-b387-d428f64e3f33:c1650]
2019-07-09 16:25:54,761 INFO  client.GrpcClientProtocolClient (GrpcClientProtocolClient.java:onNext(255)) - client-0F1B900A64BD->9bf35ae9-4da0-4371-87fa-54ea3ce1f280: receive RaftClientReply:client-0F1B900A64BD->9bf35ae9-4da0-4371-87fa-54ea3ce1f280@group-432E83AF5B55, cid=1201, SUCCESS, logIndex=1657, commits[9bf35ae9-4da0-4371-87fa-54ea3ce1f280:c1658, 0cc34542-3a00-466e-ae84-194b84d3af7b:c1656, d451d94d-57a0-4545-b387-d428f64e3f33:c1656]
2019-07-09 16:25:54,761 INFO  client.GrpcClientProtocolClient (GrpcClientProtocolClient.java:onNext(255)) - client-0F1B900A64BD->9bf35ae9-4da0-4371-87fa-54ea3ce1f280: receive RaftClientReply:client-0F1B900A64BD->9bf35ae9-4da0-4371-87fa-54ea3ce1f280@group-432E83AF5B55, cid=1202, SUCCESS, logIndex=1658, commits[9bf35ae9-4da0-4371-87fa-54ea3ce1f280:c1658, 0cc34542-3a00-466e-ae84-194b84d3af7b:c1656, d451d94d-57a0-4545-b387-d428f64e3f33:c1656]
2019-07-09 16:25:54,775 INFO  client.GrpcClientProtocolClient (GrpcClientProtocolClient.java:onNext(255)) - client-0F1B900A64BD->9bf35ae9-4da0-4371-87fa-54ea3ce1f280: receive RaftClientReply:client-0F1B900A64BD->9bf35ae9-4da0-4371-87fa-54ea3ce1f280@group-432E83AF5B55, cid=1203, SUCCESS, logIndex=1661, commits[9bf35ae9-4da0-4371-87fa-54ea3ce1f280:c1662, 0cc34542-3a00-466e-ae84-194b84d3af7b:c1658, d451d94d-57a0-4545-b387-d428f64e3f33:c1658]
2019-07-09 16:25:54,775 INFO  client.GrpcClientProtocolClient (GrpcClientProtocolClient.java:onNext(255)) - client-0F1B900A64BD->9bf35ae9-4da0-4371-87fa-54ea3ce1f280: receive RaftClientReply:client-0F1B900A64BD->9bf35ae9-4da0-4371-87fa-54ea3ce1f280@group-432E83AF5B55, cid=1204, SUCCESS, logIndex=1662, commits[9bf35ae9-4da0-4371-87fa-54ea3ce1f280:c1662, 0cc34542-3a00-466e-ae84-194b84d3af7b:c1658, d451d94d-57a0-4545-b387-d428f64e3f33:c1658]
2019-07-09 16:25:54,798 INFO  client.GrpcClientProtocolClient (GrpcClientProtocolClient.java:onNext(255)) - client-0F1B900A64BD->9bf35ae9-4da0-4371-87fa-54ea3ce1f280: receive RaftClientReply:client-0F1B900A64BD->9bf35ae9-4da0-4371-87fa-54ea3ce1f280@group-432E83AF5B55, cid=1205, SUCCESS, logIndex=0, commits[9bf35ae9-4da0-4371-87fa-54ea3ce1f280:c1663, 0cc34542-3a00-466e-ae84-194b84d3af7b:c1662, d451d94d-57a0-4545-b387-d428f64e3f33:c1662]
2019-07-09 16:25:54,882 INFO  client.GrpcClientProtocolClient (GrpcClientProtocolClient.java:onNext(255)) - client-0F1B900A64BD->9bf35ae9-4da0-4371-87fa-54ea3ce1f280: receive RaftClientReply:client-0F1B900A64BD->9bf35ae9-4da0-4371-87fa-54ea3ce1f280@group-432E83AF5B55, cid=1206, SUCCESS, logIndex=1665, commits[9bf35ae9-4da0-4371-87fa-54ea3ce1f280:c1668, 0cc34542-3a00-466e-ae84-194b84d3af7b:c1664, d451d94d-57a0-4545-b387-d428f64e3f33:c1662]
2019-07-09 16:25:54,883 INFO  client.GrpcClientProtocolClient (GrpcClientProtocolClient.java:onNext(255)) - client-0F1B900A64BD->9bf35ae9-4da0-4371-87fa-54ea3ce1f280: receive RaftClientReply:client-0F1B900A64BD->9bf35ae9-4da0-4371-87fa-54ea3ce1f280@group-432E83AF5B55, cid=1207, SUCCESS, logIndex=1666, commits[9bf35ae9-4da0-4371-87fa-54ea3ce1f280:c1668, 0cc34542-3a00-466e-ae84-194b84d3af7b:c1664, d451d94d-57a0-4545-b387-d428f64e3f33:c1664]
2019-07-09 16:25:54,883 INFO  client.GrpcClientProtocolClient (GrpcClientProtocolClient.java:onNext(255)) - client-0F1B900A64BD->9bf35ae9-4da0-4371-87fa-54ea3ce1f280: receive RaftClientReply:client-0F1B900A64BD->9bf35ae9-4da0-4371-87fa-54ea3ce1f280@group-432E83AF5B55, cid=1208, SUCCESS, logIndex=1667, commits[9bf35ae9-4da0-4371-87fa-54ea3ce1f280:c1668, 0cc34542-3a00-466e-ae84-194b84d3af7b:c1664, d451d94d-57a0-4545-b387-d428f64e3f33:c1664]
2019-07-09 16:25:54,884 INFO  client.GrpcClientProtocolClient (GrpcClientProtocolClient.java:onNext(255)) - client-0F1B900A64BD->9bf35ae9-4da0-4371-87fa-54ea3ce1f280: receive RaftClientReply:client-0F1B900A64BD->9bf35ae9-4da0-4371-87fa-54ea3ce1f280@group-432E83AF5B55, cid=1209, SUCCESS, logIndex=1668, commits[9bf35ae9-4da0-4371-87fa-54ea3ce1f280:c1669, 0cc34542-3a00-466e-ae84-194b84d3af7b:c1665, d451d94d-57a0-4545-b387-d428f64e3f33:c1664]
2019-07-09 16:25:54,885 INFO  client.GrpcClientProtocolClient (GrpcClientProtocolClient.java:onNext(255)) - client-0F1B900A64BD->9bf35ae9-4da0-4371-87fa-54ea3ce1f280: receive RaftClientReply:client-0F1B900A64BD->9bf35ae9-4da0-4371-87fa-54ea3ce1f280@group-432E83AF5B55, cid=1210, SUCCESS, logIndex=0, commits[9bf35ae9-4da0-4371-87fa-54ea3ce1f280:c1672, 0cc34542-3a00-466e-ae84-194b84d3af7b:c1668, d451d94d-57a0-4545-b387-d428f64e3f33:c1668]
2019-07-09 16:25:54,909 INFO  client.GrpcClientProtocolClient (GrpcClientProtocolClient.java:onNext(255)) - client-0F1B900A64BD->9bf35ae9-4da0-4371-87fa-54ea3ce1f280: receive RaftClientReply:client-0F1B900A64BD->9bf35ae9-4da0-4371-87fa-54ea3ce1f280@group-432E83AF5B55, cid=1211, SUCCESS, logIndex=1673, commits[9bf35ae9-4da0-4371-87fa-54ea3ce1f280:c1674, 0cc34542-3a00-466e-ae84-194b84d3af7b:c1672, d451d94d-57a0-4545-b387-d428f64e3f33:c1672]
2019-07-09 16:25:54,909 INFO  client.GrpcClientProtocolClient (GrpcClientProtocolClient.java:onNext(255)) - client-0F1B900A64BD->9bf35ae9-4da0-4371-87fa-54ea3ce1f280: receive RaftClientReply:client-0F1B900A64BD->9bf35ae9-4da0-4371-87fa-54ea3ce1f280@group-432E83AF5B55, cid=1212, SUCCESS, logIndex=1674, commits[9bf35ae9-4da0-4371-87fa-54ea3ce1f280:c1674, 0cc34542-3a00-466e-ae84-194b84d3af7b:c1672, d451d94d-57a0-4545-b387-d428f64e3f33:c1672]
2019-07-09 16:25:54,937 INFO  client.GrpcClientProtocolClient (GrpcClientProtocolClient.java:onNext(255)) - client-0F1B900A64BD->9bf35ae9-4da0-4371-87fa-54ea3ce1f280: receive RaftClientReply:client-0F1B900A64BD->9bf35ae9-4da0-4371-87fa-54ea3ce1f280@group-432E83AF5B55, cid=1213, SUCCESS, logIndex=1677, commits[9bf35ae9-4da0-4371-87fa-54ea3ce1f280:c1678, 0cc34542-3a00-466e-ae84-194b84d3af7b:c1674, d451d94d-57a0-4545-b387-d428f64e3f33:c1674]
2019-07-09 16:25:54,938 INFO  client.GrpcClientProtocolClient (GrpcClientProtocolClient.java:onNext(255)) - client-0F1B900A64BD->9bf35ae9-4da0-4371-87fa-54ea3ce1f280: receive RaftClientReply:client-0F1B900A64BD->9bf35ae9-4da0-4371-87fa-54ea3ce1f280@group-432E83AF5B55, cid=1214, SUCCESS, logIndex=1678, commits[9bf35ae9-4da0-4371-87fa-54ea3ce1f280:c1678, 0cc34542-3a00-466e-ae84-194b84d3af7b:c1674, d451d94d-57a0-4545-b387-d428f64e3f33:c1674]
2019-07-09 16:25:54,940 INFO  client.GrpcClientProtocolClient (GrpcClientProtocolClient.java:onNext(255)) - client-0F1B900A64BD->9bf35ae9-4da0-4371-87fa-54ea3ce1f280: receive RaftClientReply:client-0F1B900A64BD->9bf35ae9-4da0-4371-87fa-54ea3ce1f280@group-432E83AF5B55, cid=1215, SUCCESS, logIndex=0, commits[9bf35ae9-4da0-4371-87fa-54ea3ce1f280:c1680, 0cc34542-3a00-466e-ae84-194b84d3af7b:c1678, d451d94d-57a0-4545-b387-d428f64e3f33:c1678]
2019-07-09 16:25:54,963 INFO  client.GrpcClientProtocolClient (GrpcClientProtocolClient.java:onNext(255)) - client-0F1B900A64BD->9bf35ae9-4da0-4371-87fa-54ea3ce1f280: receive RaftClientReply:client-0F1B900A64BD->9bf35ae9-4da0-4371-87fa-54ea3ce1f280@group-432E83AF5B55, cid=1216, SUCCESS, logIndex=1681, commits[9bf35ae9-4da0-4371-87fa-54ea3ce1f280:c1682, 0cc34542-3a00-466e-ae84-194b84d3af7b:c1680, d451d94d-57a0-4545-b387-d428f64e3f33:c1680]
2019-07-09 16:25:54,964 INFO  client.GrpcClientProtocolClient (GrpcClientProtocolClient.java:onNext(255)) - client-0F1B900A64BD->9bf35ae9-4da0-4371-87fa-54ea3ce1f280: receive RaftClientReply:client-0F1B900A64BD->9bf35ae9-4da0-4371-87fa-54ea3ce1f280@group-432E83AF5B55, cid=1217, SUCCESS, logIndex=1682, commits[9bf35ae9-4da0-4371-87fa-54ea3ce1f280:c1682, 0cc34542-3a00-466e-ae84-194b84d3af7b:c1680, d451d94d-57a0-4545-b387-d428f64e3f33:c1680]
2019-07-09 16:25:54,964 INFO  client.GrpcClientProtocolClient (GrpcClientProtocolClient.java:onNext(255)) - client-0F1B900A64BD->9bf35ae9-4da0-4371-87fa-54ea3ce1f280: receive RaftClientReply:client-0F1B900A64BD->9bf35ae9-4da0-4371-87fa-54ea3ce1f280@group-432E83AF5B55, cid=1218, SUCCESS, logIndex=1683, commits[9bf35ae9-4da0-4371-87fa-54ea3ce1f280:c1684, 0cc34542-3a00-466e-ae84-194b84d3af7b:c1680, d451d94d-57a0-4545-b387-d428f64e3f33:c1680]
2019-07-09 16:25:54,965 INFO  client.GrpcClientProtocolClient (GrpcClientProtocolClient.java:onNext(255)) - client-0F1B900A64BD->9bf35ae9-4da0-4371-87fa-54ea3ce1f280: receive RaftClientReply:client-0F1B900A64BD->9bf35ae9-4da0-4371-87fa-54ea3ce1f280@group-432E83AF5B55, cid=1219, SUCCESS, logIndex=1684, commits[9bf35ae9-4da0-4371-87fa-54ea3ce1f280:c1684, 0cc34542-3a00-466e-ae84-194b84d3af7b:c1680, d451d94d-57a0-4545-b387-d428f64e3f33:c1680]
2019-07-09 16:25:54,966 INFO  client.GrpcClientProtocolClient (GrpcClientProtocolClient.java:onNext(255)) - client-0F1B900A64BD->9bf35ae9-4da0-4371-87fa-54ea3ce1f280: receive RaftClientReply:client-0F1B900A64BD->9bf35ae9-4da0-4371-87fa-54ea3ce1f280@group-432E83AF5B55, cid=1220, SUCCESS, logIndex=0, commits[9bf35ae9-4da0-4371-87fa-54ea3ce1f280:c1686, 0cc34542-3a00-466e-ae84-194b84d3af7b:c1682, d451d94d-57a0-4545-b387-d428f64e3f33:c1682]
2019-07-09 16:25:54,988 INFO  client.GrpcClientProtocolClient (GrpcClientProtocolClient.java:onNext(255)) - client-0F1B900A64BD->9bf35ae9-4da0-4371-87fa-54ea3ce1f280: receive RaftClientReply:client-0F1B900A64BD->9bf35ae9-4da0-4371-87fa-54ea3ce1f280@group-432E83AF5B55, cid=1221, SUCCESS, logIndex=1689, commits[9bf35ae9-4da0-4371-87fa-54ea3ce1f280:c1690, 0cc34542-3a00-466e-ae84-194b84d3af7b:c1688, d451d94d-57a0-4545-b387-d428f64e3f33:c1688]
2019-07-09 16:25:54,988 INFO  client.GrpcClientProtocolClient (GrpcClientProtocolClient.java:onNext(255)) - client-0F1B900A64BD->9bf35ae9-4da0-4371-87fa-54ea3ce1f280: receive RaftClientReply:client-0F1B900A64BD->9bf35ae9-4da0-4371-87fa-54ea3ce1f280@group-432E83AF5B55, cid=1222, SUCCESS, logIndex=1690, commits[9bf35ae9-4da0-4371-87fa-54ea3ce1f280:c1690, 0cc34542-3a00-466e-ae84-194b84d3af7b:c1688, d451d94d-57a0-4545-b387-d428f64e3f33:c1688]
2019-07-09 16:25:55,005 INFO  client.GrpcClientProtocolClient (GrpcClientProtocolClient.java:onNext(255)) - client-0F1B900A64BD->9bf35ae9-4da0-4371-87fa-54ea3ce1f280: receive RaftClientReply:client-0F1B900A64BD->9bf35ae9-4da0-4371-87fa-54ea3ce1f280@group-432E83AF5B55, cid=1223, SUCCESS, logIndex=1693, commits[9bf35ae9-4da0-4371-87fa-54ea3ce1f280:c1694, 0cc34542-3a00-466e-ae84-194b84d3af7b:c1690, d451d94d-57a0-4545-b387-d428f64e3f33:c1690]
2019-07-09 16:25:55,006 INFO  client.GrpcClientProtocolClient (GrpcClientProtocolClient.java:onNext(255)) - client-0F1B900A64BD->9bf35ae9-4da0-4371-87fa-54ea3ce1f280: receive RaftClientReply:client-0F1B900A64BD->9bf35ae9-4da0-4371-87fa-54ea3ce1f280@group-432E83AF5B55, cid=1224, SUCCESS, logIndex=1694, commits[9bf35ae9-4da0-4371-87fa-54ea3ce1f280:c1694, 0cc34542-3a00-466e-ae84-194b84d3af7b:c1690, d451d94d-57a0-4545-b387-d428f64e3f33:c1690]
2019-07-09 16:25:55,008 INFO  client.GrpcClientProtocolClient (GrpcClientProtocolClient.java:onNext(255)) - client-0F1B900A64BD->9bf35ae9-4da0-4371-87fa-54ea3ce1f280: receive RaftClientReply:client-0F1B900A64BD->9bf35ae9-4da0-4371-87fa-54ea3ce1f280@group-432E83AF5B55, cid=1225, SUCCESS, logIndex=0, commits[9bf35ae9-4da0-4371-87fa-54ea3ce1f280:c1695, 0cc34542-3a00-466e-ae84-194b84d3af7b:c1694, d451d94d-57a0-4545-b387-d428f64e3f33:c1694]
2019-07-09 16:25:55,028 INFO  client.GrpcClientProtocolClient (GrpcClientProtocolClient.java:onNext(255)) - client-0F1B900A64BD->9bf35ae9-4da0-4371-87fa-54ea3ce1f280: receive RaftClientReply:client-0F1B900A64BD->9bf35ae9-4da0-4371-87fa-54ea3ce1f280@group-432E83AF5B55, cid=1226, SUCCESS, logIndex=1697, commits[9bf35ae9-4da0-4371-87fa-54ea3ce1f280:c1699, 0cc34542-3a00-466e-ae84-194b84d3af7b:c1696, d451d94d-57a0-4545-b387-d428f64e3f33:c1696]
2019-07-09 16:25:55,029 INFO  client.GrpcClientProtocolClient (GrpcClientProtocolClient.java:onNext(255)) - client-0F1B900A64BD->9bf35ae9-4da0-4371-87fa-54ea3ce1f280: receive RaftClientReply:client-0F1B900A64BD->9bf35ae9-4da0-4371-87fa-54ea3ce1f280@group-432E83AF5B55, cid=1227, SUCCESS, logIndex=1698, commits[9bf35ae9-4da0-4371-87fa-54ea3ce1f280:c1700, 0cc34542-3a00-466e-ae84-194b84d3af7b:c1696, d451d94d-57a0-4545-b387-d428f64e3f33:c1696]
2019-07-09 16:25:55,029 INFO  client.GrpcClientProtocolClient (GrpcClientProtocolClient.java:onNext(255)) - client-0F1B900A64BD->9bf35ae9-4da0-4371-87fa-54ea3ce1f280: receive RaftClientReply:client-0F1B900A64BD->9bf35ae9-4da0-4371-87fa-54ea3ce1f280@group-432E83AF5B55, cid=1228, SUCCESS, logIndex=1699, commits[9bf35ae9-4da0-4371-87fa-54ea3ce1f280:c1700, 0cc34542-3a00-466e-ae84-194b84d3af7b:c1696, d451d94d-57a0-4545-b387-d428f64e3f33:c1696]
2019-07-09 16:25:55,030 INFO  client.GrpcClientProtocolClient (GrpcClientProtocolClient.java:onNext(255)) - client-0F1B900A64BD->9bf35ae9-4da0-4371-87fa-54ea3ce1f280: receive RaftClientReply:client-0F1B900A64BD->9bf35ae9-4da0-4371-87fa-54ea3ce1f280@group-432E83AF5B55, cid=1229, SUCCESS, logIndex=1700, commits[9bf35ae9-4da0-4371-87fa-54ea3ce1f280:c1701, 0cc34542-3a00-466e-ae84-194b84d3af7b:c1697, d451d94d-57a0-4545-b387-d428f64e3f33:c1696]
2019-07-09 16:25:55,032 INFO  client.GrpcClientProtocolClient (GrpcClientProtocolClient.java:onNext(255)) - client-0F1B900A64BD->9bf35ae9-4da0-4371-87fa-54ea3ce1f280: receive RaftClientReply:client-0F1B900A64BD->9bf35ae9-4da0-4371-87fa-54ea3ce1f280@group-432E83AF5B55, cid=1230, SUCCESS, logIndex=0, commits[9bf35ae9-4da0-4371-87fa-54ea3ce1f280:c1701, 0cc34542-3a00-466e-ae84-194b84d3af7b:c1698, d451d94d-57a0-4545-b387-d428f64e3f33:c1698]
2019-07-09 16:25:55,045 INFO  client.GrpcClientProtocolClient (GrpcClientProtocolClient.java:onNext(255)) - client-0F1B900A64BD->9bf35ae9-4da0-4371-87fa-54ea3ce1f280: receive RaftClientReply:client-0F1B900A64BD->9bf35ae9-4da0-4371-87fa-54ea3ce1f280@group-432E83AF5B55, cid=1231, SUCCESS, logIndex=1705, commits[9bf35ae9-4da0-4371-87fa-54ea3ce1f280:c1706, 0cc34542-3a00-466e-ae84-194b84d3af7b:c1704, d451d94d-57a0-4545-b387-d428f64e3f33:c1704]
2019-07-09 16:25:55,045 INFO  client.GrpcClientProtocolClient (GrpcClientProtocolClient.java:onNext(255)) - client-0F1B900A64BD->9bf35ae9-4da0-4371-87fa-54ea3ce1f280: receive RaftClientReply:client-0F1B900A64BD->9bf35ae9-4da0-4371-87fa-54ea3ce1f280@group-432E83AF5B55, cid=1232, SUCCESS, logIndex=1706, commits[9bf35ae9-4da0-4371-87fa-54ea3ce1f280:c1706, 0cc34542-3a00-466e-ae84-194b84d3af7b:c1704, d451d94d-57a0-4545-b387-d428f64e3f33:c1704]
2019-07-09 16:25:55,061 INFO  client.GrpcClientProtocolClient (GrpcClientProtocolClient.java:onNext(255)) - client-0F1B900A64BD->9bf35ae9-4da0-4371-87fa-54ea3ce1f280: receive RaftClientReply:client-0F1B900A64BD->9bf35ae9-4da0-4371-87fa-54ea3ce1f280@group-432E83AF5B55, cid=1233, SUCCESS, logIndex=1709, commits[9bf35ae9-4da0-4371-87fa-54ea3ce1f280:c1710, 0cc34542-3a00-466e-ae84-194b84d3af7b:c1707, d451d94d-57a0-4545-b387-d428f64e3f33:c1707]
2019-07-09 16:25:55,061 INFO  client.GrpcClientProtocolClient (GrpcClientProtocolClient.java:onNext(255)) - client-0F1B900A64BD->9bf35ae9-4da0-4371-87fa-54ea3ce1f280: receive RaftClientReply:client-0F1B900A64BD->9bf35ae9-4da0-4371-87fa-54ea3ce1f280@group-432E83AF5B55, cid=1234, SUCCESS, logIndex=1710, commits[9bf35ae9-4da0-4371-87fa-54ea3ce1f280:c1710, 0cc34542-3a00-466e-ae84-194b84d3af7b:c1707, d451d94d-57a0-4545-b387-d428f64e3f33:c1707]
2019-07-09 16:25:55,074 INFO  client.GrpcClientProtocolClient (GrpcClientProtocolClient.java:onNext(255)) - client-0F1B900A64BD->9bf35ae9-4da0-4371-87fa-54ea3ce1f280: receive RaftClientReply:client-0F1B900A64BD->9bf35ae9-4da0-4371-87fa-54ea3ce1f280@group-432E83AF5B55, cid=1235, SUCCESS, logIndex=0, commits[9bf35ae9-4da0-4371-87fa-54ea3ce1f280:c1711, 0cc34542-3a00-466e-ae84-194b84d3af7b:c1710, d451d94d-57a0-4545-b387-d428f64e3f33:c1710]
2019-07-09 16:25:55,115 INFO  client.GrpcClientProtocolClient (GrpcClientProtocolClient.java:onNext(255)) - client-0F1B900A64BD->9bf35ae9-4da0-4371-87fa-54ea3ce1f280: receive RaftClientReply:client-0F1B900A64BD->9bf35ae9-4da0-4371-87fa-54ea3ce1f280@group-432E83AF5B55, cid=1236, SUCCESS, logIndex=1713, commits[9bf35ae9-4da0-4371-87fa-54ea3ce1f280:c1716, 0cc34542-3a00-466e-ae84-194b84d3af7b:c1712, d451d94d-57a0-4545-b387-d428f64e3f33:c1712]
2019-07-09 16:25:55,117 INFO  client.GrpcClientProtocolClient (GrpcClientProtocolClient.java:onNext(255)) - client-0F1B900A64BD->9bf35ae9-4da0-4371-87fa-54ea3ce1f280: receive RaftClientReply:client-0F1B900A64BD->9bf35ae9-4da0-4371-87fa-54ea3ce1f280@group-432E83AF5B55, cid=1237, SUCCESS, logIndex=1714, commits[9bf35ae9-4da0-4371-87fa-54ea3ce1f280:c1716, 0cc34542-3a00-466e-ae84-194b84d3af7b:c1712, d451d94d-57a0-4545-b387-d428f64e3f33:c1712]
2019-07-09 16:25:55,117 INFO  client.GrpcClientProtocolClient (GrpcClientProtocolClient.java:onNext(255)) - client-0F1B900A64BD->9bf35ae9-4da0-4371-87fa-54ea3ce1f280: receive RaftClientReply:client-0F1B900A64BD->9bf35ae9-4da0-4371-87fa-54ea3ce1f280@group-432E83AF5B55, cid=1238, SUCCESS, logIndex=1715, commits[9bf35ae9-4da0-4371-87fa-54ea3ce1f280:c1716, 0cc34542-3a00-466e-ae84-194b84d3af7b:c1712, d451d94d-57a0-4545-b387-d428f64e3f33:c1712]
2019-07-09 16:25:55,117 INFO  client.GrpcClientProtocolClient (GrpcClientProtocolClient.java:onNext(255)) - client-0F1B900A64BD->9bf35ae9-4da0-4371-87fa-54ea3ce1f280: receive RaftClientReply:client-0F1B900A64BD->9bf35ae9-4da0-4371-87fa-54ea3ce1f280@group-432E83AF5B55, cid=1239, SUCCESS, logIndex=1716, commits[9bf35ae9-4da0-4371-87fa-54ea3ce1f280:c1716, 0cc34542-3a00-466e-ae84-194b84d3af7b:c1712, d451d94d-57a0-4545-b387-d428f64e3f33:c1712]
2019-07-09 16:25:55,118 INFO  client.GrpcClientProtocolClient (GrpcClientProtocolClient.java:onNext(255)) - client-0F1B900A64BD->9bf35ae9-4da0-4371-87fa-54ea3ce1f280: receive RaftClientReply:client-0F1B900A64BD->9bf35ae9-4da0-4371-87fa-54ea3ce1f280@group-432E83AF5B55, cid=1240, SUCCESS, logIndex=0, commits[9bf35ae9-4da0-4371-87fa-54ea3ce1f280:c1717, 0cc34542-3a00-466e-ae84-194b84d3af7b:c1716, d451d94d-57a0-4545-b387-d428f64e3f33:c1716]
2019-07-09 16:25:55,130 INFO  client.GrpcClientProtocolClient (GrpcClientProtocolClient.java:onNext(255)) - client-0F1B900A64BD->9bf35ae9-4da0-4371-87fa-54ea3ce1f280: receive RaftClientReply:client-0F1B900A64BD->9bf35ae9-4da0-4371-87fa-54ea3ce1f280@group-432E83AF5B55, cid=1241, SUCCESS, logIndex=1719, commits[9bf35ae9-4da0-4371-87fa-54ea3ce1f280:c1720, 0cc34542-3a00-466e-ae84-194b84d3af7b:c1716, d451d94d-57a0-4545-b387-d428f64e3f33:c1717]
2019-07-09 16:25:55,130 INFO  client.GrpcClientProtocolClient (GrpcClientProtocolClient.java:onNext(255)) - client-0F1B900A64BD->9bf35ae9-4da0-4371-87fa-54ea3ce1f280: receive RaftClientReply:client-0F1B900A64BD->9bf35ae9-4da0-4371-87fa-54ea3ce1f280@group-432E83AF5B55, cid=1242, SUCCESS, logIndex=1720, commits[9bf35ae9-4da0-4371-87fa-54ea3ce1f280:c1720, 0cc34542-3a00-466e-ae84-194b84d3af7b:c1716, d451d94d-57a0-4545-b387-d428f64e3f33:c1717]
2019-07-09 16:25:55,144 INFO  client.GrpcClientProtocolClient (GrpcClientProtocolClient.java:onNext(255)) - client-0F1B900A64BD->9bf35ae9-4da0-4371-87fa-54ea3ce1f280: receive RaftClientReply:client-0F1B900A64BD->9bf35ae9-4da0-4371-87fa-54ea3ce1f280@group-432E83AF5B55, cid=1243, SUCCESS, logIndex=1723, commits[9bf35ae9-4da0-4371-87fa-54ea3ce1f280:c1724, 0cc34542-3a00-466e-ae84-194b84d3af7b:c1721, d451d94d-57a0-4545-b387-d428f64e3f33:c1720]
2019-07-09 16:25:55,144 INFO  client.GrpcClientProtocolClient (GrpcClientProtocolClient.java:onNext(255)) - client-0F1B900A64BD->9bf35ae9-4da0-4371-87fa-54ea3ce1f280: receive RaftClientReply:client-0F1B900A64BD->9bf35ae9-4da0-4371-87fa-54ea3ce1f280@group-432E83AF5B55, cid=1244, SUCCESS, logIndex=1724, commits[9bf35ae9-4da0-4371-87fa-54ea3ce1f280:c1724, 0cc34542-3a00-466e-ae84-194b84d3af7b:c1721, d451d94d-57a0-4545-b387-d428f64e3f33:c1720]
2019-07-09 16:25:55,158 INFO  client.GrpcClientProtocolClient (GrpcClientProtocolClient.java:onNext(255)) - client-0F1B900A64BD->9bf35ae9-4da0-4371-87fa-54ea3ce1f280: receive RaftClientReply:client-0F1B900A64BD->9bf35ae9-4da0-4371-87fa-54ea3ce1f280@group-432E83AF5B55, cid=1245, SUCCESS, logIndex=0, commits[9bf35ae9-4da0-4371-87fa-54ea3ce1f280:c1726, 0cc34542-3a00-466e-ae84-194b84d3af7b:c1724, d451d94d-57a0-4545-b387-d428f64e3f33:c1724]
2019-07-09 16:25:55,193 INFO  client.GrpcClientProtocolClient (GrpcClientProtocolClient.java:onNext(255)) - client-0F1B900A64BD->9bf35ae9-4da0-4371-87fa-54ea3ce1f280: receive RaftClientReply:client-0F1B900A64BD->9bf35ae9-4da0-4371-87fa-54ea3ce1f280@group-432E83AF5B55, cid=1246, SUCCESS, logIndex=1727, commits[9bf35ae9-4da0-4371-87fa-54ea3ce1f280:c1728, 0cc34542-3a00-466e-ae84-194b84d3af7b:c1726, d451d94d-57a0-4545-b387-d428f64e3f33:c1726]
2019-07-09 16:25:55,194 INFO  client.GrpcClientProtocolClient (GrpcClientProtocolClient.java:onNext(255)) - client-0F1B900A64BD->9bf35ae9-4da0-4371-87fa-54ea3ce1f280: receive RaftClientReply:client-0F1B900A64BD->9bf35ae9-4da0-4371-87fa-54ea3ce1f280@group-432E83AF5B55, cid=1247, SUCCESS, logIndex=1728, commits[9bf35ae9-4da0-4371-87fa-54ea3ce1f280:c1728, 0cc34542-3a00-466e-ae84-194b84d3af7b:c1726, d451d94d-57a0-4545-b387-d428f64e3f33:c1726]
2019-07-09 16:25:55,194 INFO  client.GrpcClientProtocolClient (GrpcClientProtocolClient.java:onNext(255)) - client-0F1B900A64BD->9bf35ae9-4da0-4371-87fa-54ea3ce1f280: receive RaftClientReply:client-0F1B900A64BD->9bf35ae9-4da0-4371-87fa-54ea3ce1f280@group-432E83AF5B55, cid=1248, SUCCESS, logIndex=1729, commits[9bf35ae9-4da0-4371-87fa-54ea3ce1f280:c1730, 0cc34542-3a00-466e-ae84-194b84d3af7b:c1726, d451d94d-57a0-4545-b387-d428f64e3f33:c1726]
2019-07-09 16:25:55,195 INFO  client.GrpcClientProtocolClient (GrpcClientProtocolClient.java:onNext(255)) - client-0F1B900A64BD->9bf35ae9-4da0-4371-87fa-54ea3ce1f280: receive RaftClientReply:client-0F1B900A64BD->9bf35ae9-4da0-4371-87fa-54ea3ce1f280@group-432E83AF5B55, cid=1249, SUCCESS, logIndex=1730, commits[9bf35ae9-4da0-4371-87fa-54ea3ce1f280:c1730, 0cc34542-3a00-466e-ae84-194b84d3af7b:c1726, d451d94d-57a0-4545-b387-d428f64e3f33:c1726]
2019-07-09 16:25:55,207 INFO  client.GrpcClientProtocolClient (GrpcClientProtocolClient.java:onNext(255)) - client-0F1B900A64BD->9bf35ae9-4da0-4371-87fa-54ea3ce1f280: receive RaftClientReply:client-0F1B900A64BD->9bf35ae9-4da0-4371-87fa-54ea3ce1f280@group-432E83AF5B55, cid=1250, SUCCESS, logIndex=0, commits[9bf35ae9-4da0-4371-87fa-54ea3ce1f280:c1732, 0cc34542-3a00-466e-ae84-194b84d3af7b:c1728, d451d94d-57a0-4545-b387-d428f64e3f33:c1728]
2019-07-09 16:25:55,219 INFO  client.GrpcClientProtocolClient (GrpcClientProtocolClient.java:onNext(255)) - client-0F1B900A64BD->9bf35ae9-4da0-4371-87fa-54ea3ce1f280: receive RaftClientReply:client-0F1B900A64BD->9bf35ae9-4da0-4371-87fa-54ea3ce1f280@group-432E83AF5B55, cid=1251, SUCCESS, logIndex=1735, commits[9bf35ae9-4da0-4371-87fa-54ea3ce1f280:c1736, 0cc34542-3a00-466e-ae84-194b84d3af7b:c1734, d451d94d-57a0-4545-b387-d428f64e3f33:c1734]
2019-07-09 16:25:55,219 INFO  client.GrpcClientProtocolClient (GrpcClientProtocolClient.java:onNext(255)) - client-0F1B900A64BD->9bf35ae9-4da0-4371-87fa-54ea3ce1f280: receive RaftClientReply:client-0F1B900A64BD->9bf35ae9-4da0-4371-87fa-54ea3ce1f280@group-432E83AF5B55, cid=1252, SUCCESS, logIndex=1736, commits[9bf35ae9-4da0-4371-87fa-54ea3ce1f280:c1736, 0cc34542-3a00-466e-ae84-194b84d3af7b:c1734, d451d94d-57a0-4545-b387-d428f64e3f33:c1734]
2019-07-09 16:25:55,230 INFO  client.GrpcClientProtocolClient (GrpcClientProtocolClient.java:onNext(255)) - client-0F1B900A64BD->9bf35ae9-4da0-4371-87fa-54ea3ce1f280: receive RaftClientReply:client-0F1B900A64BD->9bf35ae9-4da0-4371-87fa-54ea3ce1f280@group-432E83AF5B55, cid=1253, SUCCESS, logIndex=1739, commits[9bf35ae9-4da0-4371-87fa-54ea3ce1f280:c1740, 0cc34542-3a00-466e-ae84-194b84d3af7b:c1738, d451d94d-57a0-4545-b387-d428f64e3f33:c1736]
2019-07-09 16:25:55,231 INFO  client.GrpcClientProtocolClient (GrpcClientProtocolClient.java:onNext(255)) - client-0F1B900A64BD->9bf35ae9-4da0-4371-87fa-54ea3ce1f280: receive RaftClientReply:client-0F1B900A64BD->9bf35ae9-4da0-4371-87fa-54ea3ce1f280@group-432E83AF5B55, cid=1254, SUCCESS, logIndex=1740, commits[9bf35ae9-4da0-4371-87fa-54ea3ce1f280:c1740, 0cc34542-3a00-466e-ae84-194b84d3af7b:c1738, d451d94d-57a0-4545-b387-d428f64e3f33:c1738]
2019-07-09 16:25:55,234 INFO  client.GrpcClientProtocolClient (GrpcClientProtocolClient.java:onNext(255)) - client-0F1B900A64BD->9bf35ae9-4da0-4371-87fa-54ea3ce1f280: receive RaftClientReply:client-0F1B900A64BD->9bf35ae9-4da0-4371-87fa-54ea3ce1f280@group-432E83AF5B55, cid=1255, SUCCESS, logIndex=0, commits[9bf35ae9-4da0-4371-87fa-54ea3ce1f280:c1741, 0cc34542-3a00-466e-ae84-194b84d3af7b:c1740, d451d94d-57a0-4545-b387-d428f64e3f33:c1740]
2019-07-09 16:25:55,260 INFO  client.GrpcClientProtocolClient (GrpcClientProtocolClient.java:onNext(255)) - client-0F1B900A64BD->9bf35ae9-4da0-4371-87fa-54ea3ce1f280: receive RaftClientReply:client-0F1B900A64BD->9bf35ae9-4da0-4371-87fa-54ea3ce1f280@group-432E83AF5B55, cid=1256, SUCCESS, logIndex=1743, commits[9bf35ae9-4da0-4371-87fa-54ea3ce1f280:c1744, 0cc34542-3a00-466e-ae84-194b84d3af7b:c1742, d451d94d-57a0-4545-b387-d428f64e3f33:c1742]
2019-07-09 16:25:55,260 INFO  client.GrpcClientProtocolClient (GrpcClientProtocolClient.java:onNext(255)) - client-0F1B900A64BD->9bf35ae9-4da0-4371-87fa-54ea3ce1f280: receive RaftClientReply:client-0F1B900A64BD->9bf35ae9-4da0-4371-87fa-54ea3ce1f280@group-432E83AF5B55, cid=1257, SUCCESS, logIndex=1744, commits[9bf35ae9-4da0-4371-87fa-54ea3ce1f280:c1746, 0cc34542-3a00-466e-ae84-194b84d3af7b:c1742, d451d94d-57a0-4545-b387-d428f64e3f33:c1742]
2019-07-09 16:25:55,261 INFO  client.GrpcClientProtocolClient (GrpcClientProtocolClient.java:onNext(255)) - client-0F1B900A64BD->9bf35ae9-4da0-4371-87fa-54ea3ce1f280: receive RaftClientReply:client-0F1B900A64BD->9bf35ae9-4da0-4371-87fa-54ea3ce1f280@group-432E83AF5B55, cid=1258, SUCCESS, logIndex=1745, commits[9bf35ae9-4da0-4371-87fa-54ea3ce1f280:c1746, 0cc34542-3a00-466e-ae84-194b84d3af7b:c1742, d451d94d-57a0-4545-b387-d428f64e3f33:c1742]
2019-07-09 16:25:55,261 INFO  client.GrpcClientProtocolClient (GrpcClientProtocolClient.java:onNext(255)) - client-0F1B900A64BD->9bf35ae9-4da0-4371-87fa-54ea3ce1f280: receive RaftClientReply:client-0F1B900A64BD->9bf35ae9-4da0-4371-87fa-54ea3ce1f280@group-432E83AF5B55, cid=1259, SUCCESS, logIndex=1746, commits[9bf35ae9-4da0-4371-87fa-54ea3ce1f280:c1746, 0cc34542-3a00-466e-ae84-194b84d3af7b:c1742, d451d94d-57a0-4545-b387-d428f64e3f33:c1742]
2019-07-09 16:25:55,262 INFO  client.GrpcClientProtocolClient (GrpcClientProtocolClient.java:onNext(255)) - client-0F1B900A64BD->9bf35ae9-4da0-4371-87fa-54ea3ce1f280: receive RaftClientReply:client-0F1B900A64BD->9bf35ae9-4da0-4371-87fa-54ea3ce1f280@group-432E83AF5B55, cid=1260, SUCCESS, logIndex=0, commits[9bf35ae9-4da0-4371-87fa-54ea3ce1f280:c1749, 0cc34542-3a00-466e-ae84-194b84d3af7b:c1745, d451d94d-57a0-4545-b387-d428f64e3f33:c1744]
2019-07-09 16:25:55,281 INFO  client.GrpcClientProtocolClient (GrpcClientProtocolClient.java:onNext(255)) - client-0F1B900A64BD->9bf35ae9-4da0-4371-87fa-54ea3ce1f280: receive RaftClientReply:client-0F1B900A64BD->9bf35ae9-4da0-4371-87fa-54ea3ce1f280@group-432E83AF5B55, cid=1261, SUCCESS, logIndex=1751, commits[9bf35ae9-4da0-4371-87fa-54ea3ce1f280:c1752, 0cc34542-3a00-466e-ae84-194b84d3af7b:c1750, d451d94d-57a0-4545-b387-d428f64e3f33:c1750]
2019-07-09 16:25:55,281 INFO  client.GrpcClientProtocolClient (GrpcClientProtocolClient.java:onNext(255)) - client-0F1B900A64BD->9bf35ae9-4da0-4371-87fa-54ea3ce1f280: receive RaftClientReply:client-0F1B900A64BD->9bf35ae9-4da0-4371-87fa-54ea3ce1f280@group-432E83AF5B55, cid=1262, SUCCESS, logIndex=1752, commits[9bf35ae9-4da0-4371-87fa-54ea3ce1f280:c1752, 0cc34542-3a00-466e-ae84-194b84d3af7b:c1750, d451d94d-57a0-4545-b387-d428f64e3f33:c1750]
2019-07-09 16:25:55,294 INFO  client.GrpcClientProtocolClient (GrpcClientProtocolClient.java:onNext(255)) - client-0F1B900A64BD->9bf35ae9-4da0-4371-87fa-54ea3ce1f280: receive RaftClientReply:client-0F1B900A64BD->9bf35ae9-4da0-4371-87fa-54ea3ce1f280@group-432E83AF5B55, cid=1263, SUCCESS, logIndex=1755, commits[9bf35ae9-4da0-4371-87fa-54ea3ce1f280:c1756, 0cc34542-3a00-466e-ae84-194b84d3af7b:c1752, d451d94d-57a0-4545-b387-d428f64e3f33:c1752]
2019-07-09 16:25:55,295 INFO  client.GrpcClientProtocolClient (GrpcClientProtocolClient.java:onNext(255)) - client-0F1B900A64BD->9bf35ae9-4da0-4371-87fa-54ea3ce1f280: receive RaftClientReply:client-0F1B900A64BD->9bf35ae9-4da0-4371-87fa-54ea3ce1f280@group-432E83AF5B55, cid=1264, SUCCESS, logIndex=1756, commits[9bf35ae9-4da0-4371-87fa-54ea3ce1f280:c1756, 0cc34542-3a00-466e-ae84-194b84d3af7b:c1752, d451d94d-57a0-4545-b387-d428f64e3f33:c1752]
2019-07-09 16:25:55,309 INFO  client.GrpcClientProtocolClient (GrpcClientProtocolClient.java:onNext(255)) - client-0F1B900A64BD->9bf35ae9-4da0-4371-87fa-54ea3ce1f280: receive RaftClientReply:client-0F1B900A64BD->9bf35ae9-4da0-4371-87fa-54ea3ce1f280@group-432E83AF5B55, cid=1265, SUCCESS, logIndex=0, commits[9bf35ae9-4da0-4371-87fa-54ea3ce1f280:c1758, 0cc34542-3a00-466e-ae84-194b84d3af7b:c1756, d451d94d-57a0-4545-b387-d428f64e3f33:c1756]
2019-07-09 16:25:55,445 INFO  client.GrpcClientProtocolClient (GrpcClientProtocolClient.java:onNext(255)) - client-0F1B900A64BD->9bf35ae9-4da0-4371-87fa-54ea3ce1f280: receive RaftClientReply:client-0F1B900A64BD->9bf35ae9-4da0-4371-87fa-54ea3ce1f280@group-432E83AF5B55, cid=1266, SUCCESS, logIndex=1759, commits[9bf35ae9-4da0-4371-87fa-54ea3ce1f280:c1760, 0cc34542-3a00-466e-ae84-194b84d3af7b:c1758, d451d94d-57a0-4545-b387-d428f64e3f33:c1758]
2019-07-09 16:25:55,446 INFO  client.GrpcClientProtocolClient (GrpcClientProtocolClient.java:onNext(255)) - client-0F1B900A64BD->9bf35ae9-4da0-4371-87fa-54ea3ce1f280: receive RaftClientReply:client-0F1B900A64BD->9bf35ae9-4da0-4371-87fa-54ea3ce1f280@group-432E83AF5B55, cid=1267, SUCCESS, logIndex=1760, commits[9bf35ae9-4da0-4371-87fa-54ea3ce1f280:c1761, 0cc34542-3a00-466e-ae84-194b84d3af7b:c1758, d451d94d-57a0-4545-b387-d428f64e3f33:c1758]
2019-07-09 16:25:55,446 INFO  client.GrpcClientProtocolClient (GrpcClientProtocolClient.java:onNext(255)) - client-0F1B900A64BD->9bf35ae9-4da0-4371-87fa-54ea3ce1f280: receive RaftClientReply:client-0F1B900A64BD->9bf35ae9-4da0-4371-87fa-54ea3ce1f280@group-432E83AF5B55, cid=1268, SUCCESS, logIndex=1761, commits[9bf35ae9-4da0-4371-87fa-54ea3ce1f280:c1762, 0cc34542-3a00-466e-ae84-194b84d3af7b:c1758, d451d94d-57a0-4545-b387-d428f64e3f33:c1758]
2019-07-09 16:25:55,446 INFO  client.GrpcClientProtocolClient (GrpcClientProtocolClient.java:onNext(255)) - client-0F1B900A64BD->9bf35ae9-4da0-4371-87fa-54ea3ce1f280: receive RaftClientReply:client-0F1B900A64BD->9bf35ae9-4da0-4371-87fa-54ea3ce1f280@group-432E83AF5B55, cid=1269, SUCCESS, logIndex=1762, commits[9bf35ae9-4da0-4371-87fa-54ea3ce1f280:c1762, 0cc34542-3a00-466e-ae84-194b84d3af7b:c1758, d451d94d-57a0-4545-b387-d428f64e3f33:c1758]
2019-07-09 16:25:55,459 INFO  client.GrpcClientProtocolClient (GrpcClientProtocolClient.java:onNext(255)) - client-0F1B900A64BD->9bf35ae9-4da0-4371-87fa-54ea3ce1f280: receive RaftClientReply:client-0F1B900A64BD->9bf35ae9-4da0-4371-87fa-54ea3ce1f280@group-432E83AF5B55, cid=1270, SUCCESS, logIndex=0, commits[9bf35ae9-4da0-4371-87fa-54ea3ce1f280:c1766, 0cc34542-3a00-466e-ae84-194b84d3af7b:c1760, d451d94d-57a0-4545-b387-d428f64e3f33:c1762]
2019-07-09 16:25:55,480 INFO  client.GrpcClientProtocolClient (GrpcClientProtocolClient.java:onNext(255)) - client-0F1B900A64BD->9bf35ae9-4da0-4371-87fa-54ea3ce1f280: receive RaftClientReply:client-0F1B900A64BD->9bf35ae9-4da0-4371-87fa-54ea3ce1f280@group-432E83AF5B55, cid=1271, SUCCESS, logIndex=1767, commits[9bf35ae9-4da0-4371-87fa-54ea3ce1f280:c1768, 0cc34542-3a00-466e-ae84-194b84d3af7b:c1766, d451d94d-57a0-4545-b387-d428f64e3f33:c1766]
2019-07-09 16:25:55,481 INFO  client.GrpcClientProtocolClient (GrpcClientProtocolClient.java:onNext(255)) - client-0F1B900A64BD->9bf35ae9-4da0-4371-87fa-54ea3ce1f280: receive RaftClientReply:client-0F1B900A64BD->9bf35ae9-4da0-4371-87fa-54ea3ce1f280@group-432E83AF5B55, cid=1272, SUCCESS, logIndex=1768, commits[9bf35ae9-4da0-4371-87fa-54ea3ce1f280:c1768, 0cc34542-3a00-466e-ae84-194b84d3af7b:c1766, d451d94d-57a0-4545-b387-d428f64e3f33:c1766]
2019-07-09 16:25:55,503 INFO  client.GrpcClientProtocolClient (GrpcClientProtocolClient.java:onNext(255)) - client-0F1B900A64BD->9bf35ae9-4da0-4371-87fa-54ea3ce1f280: receive RaftClientReply:client-0F1B900A64BD->9bf35ae9-4da0-4371-87fa-54ea3ce1f280@group-432E83AF5B55, cid=1273, SUCCESS, logIndex=1771, commits[9bf35ae9-4da0-4371-87fa-54ea3ce1f280:c1772, 0cc34542-3a00-466e-ae84-194b84d3af7b:c1768, d451d94d-57a0-4545-b387-d428f64e3f33:c1768]
2019-07-09 16:25:55,503 INFO  client.GrpcClientProtocolClient (GrpcClientProtocolClient.java:onNext(255)) - client-0F1B900A64BD->9bf35ae9-4da0-4371-87fa-54ea3ce1f280: receive RaftClientReply:client-0F1B900A64BD->9bf35ae9-4da0-4371-87fa-54ea3ce1f280@group-432E83AF5B55, cid=1274, SUCCESS, logIndex=1772, commits[9bf35ae9-4da0-4371-87fa-54ea3ce1f280:c1772, 0cc34542-3a00-466e-ae84-194b84d3af7b:c1768, d451d94d-57a0-4545-b387-d428f64e3f33:c1768]
2019-07-09 16:25:55,518 INFO  client.GrpcClientProtocolClient (GrpcClientProtocolClient.java:onNext(255)) - client-0F1B900A64BD->9bf35ae9-4da0-4371-87fa-54ea3ce1f280: receive RaftClientReply:client-0F1B900A64BD->9bf35ae9-4da0-4371-87fa-54ea3ce1f280@group-432E83AF5B55, cid=1275, SUCCESS, logIndex=0, commits[9bf35ae9-4da0-4371-87fa-54ea3ce1f280:c1774, 0cc34542-3a00-466e-ae84-194b84d3af7b:c1772, d451d94d-57a0-4545-b387-d428f64e3f33:c1772]
 0.00% |█                                                                                                    |  0/1 Time: 0:00:072019-07-09 16:25:55,550 INFO  client.GrpcClientProtocolClient (GrpcClientProtocolClient.java:onNext(255)) - client-0F1B900A64BD->9bf35ae9-4da0-4371-87fa-54ea3ce1f280: receive RaftClientReply:client-0F1B900A64BD->9bf35ae9-4da0-4371-87fa-54ea3ce1f280@group-432E83AF5B55, cid=1276, SUCCESS, logIndex=1775, commits[9bf35ae9-4da0-4371-87fa-54ea3ce1f280:c1776, 0cc34542-3a00-466e-ae84-194b84d3af7b:c1774, d451d94d-57a0-4545-b387-d428f64e3f33:c1774]
2019-07-09 16:25:55,551 INFO  client.GrpcClientProtocolClient (GrpcClientProtocolClient.java:onNext(255)) - client-0F1B900A64BD->9bf35ae9-4da0-4371-87fa-54ea3ce1f280: receive RaftClientReply:client-0F1B900A64BD->9bf35ae9-4da0-4371-87fa-54ea3ce1f280@group-432E83AF5B55, cid=1277, SUCCESS, logIndex=1776, commits[9bf35ae9-4da0-4371-87fa-54ea3ce1f280:c1778, 0cc34542-3a00-466e-ae84-194b84d3af7b:c1774, d451d94d-57a0-4545-b387-d428f64e3f33:c1774]
2019-07-09 16:25:55,551 INFO  client.GrpcClientProtocolClient (GrpcClientProtocolClient.java:onNext(255)) - client-0F1B900A64BD->9bf35ae9-4da0-4371-87fa-54ea3ce1f280: receive RaftClientReply:client-0F1B900A64BD->9bf35ae9-4da0-4371-87fa-54ea3ce1f280@group-432E83AF5B55, cid=1278, SUCCESS, logIndex=1777, commits[9bf35ae9-4da0-4371-87fa-54ea3ce1f280:c1778, 0cc34542-3a00-466e-ae84-194b84d3af7b:c1774, d451d94d-57a0-4545-b387-d428f64e3f33:c1774]
2019-07-09 16:25:55,551 INFO  client.GrpcClientProtocolClient (GrpcClientProtocolClient.java:onNext(255)) - client-0F1B900A64BD->9bf35ae9-4da0-4371-87fa-54ea3ce1f280: receive RaftClientReply:client-0F1B900A64BD->9bf35ae9-4da0-4371-87fa-54ea3ce1f280@group-432E83AF5B55, cid=1279, SUCCESS, logIndex=1778, commits[9bf35ae9-4da0-4371-87fa-54ea3ce1f280:c1778, 0cc34542-3a00-466e-ae84-194b84d3af7b:c1774, d451d94d-57a0-4545-b387-d428f64e3f33:c1774]
2019-07-09 16:25:55,563 INFO  client.GrpcClientProtocolClient (GrpcClientProtocolClient.java:onNext(255)) - client-0F1B900A64BD->9bf35ae9-4da0-4371-87fa-54ea3ce1f280: receive RaftClientReply:client-0F1B900A64BD->9bf35ae9-4da0-4371-87fa-54ea3ce1f280@group-432E83AF5B55, cid=1280, SUCCESS, logIndex=0, commits[9bf35ae9-4da0-4371-87fa-54ea3ce1f280:c1780, 0cc34542-3a00-466e-ae84-194b84d3af7b:c1776, d451d94d-57a0-4545-b387-d428f64e3f33:c1776]
2019-07-09 16:25:55,584 INFO  client.GrpcClientProtocolClient (GrpcClientProtocolClient.java:onNext(255)) - client-0F1B900A64BD->9bf35ae9-4da0-4371-87fa-54ea3ce1f280: receive RaftClientReply:client-0F1B900A64BD->9bf35ae9-4da0-4371-87fa-54ea3ce1f280@group-432E83AF5B55, cid=1281, SUCCESS, logIndex=1783, commits[9bf35ae9-4da0-4371-87fa-54ea3ce1f280:c1784, 0cc34542-3a00-466e-ae84-194b84d3af7b:c1782, d451d94d-57a0-4545-b387-d428f64e3f33:c1778]
2019-07-09 16:25:55,585 INFO  client.GrpcClientProtocolClient (GrpcClientProtocolClient.java:onNext(255)) - client-0F1B900A64BD->9bf35ae9-4da0-4371-87fa-54ea3ce1f280: receive RaftClientReply:client-0F1B900A64BD->9bf35ae9-4da0-4371-87fa-54ea3ce1f280@group-432E83AF5B55, cid=1282, SUCCESS, logIndex=1784, commits[9bf35ae9-4da0-4371-87fa-54ea3ce1f280:c1784, 0cc34542-3a00-466e-ae84-194b84d3af7b:c1782, d451d94d-57a0-4545-b387-d428f64e3f33:c1778]
2019-07-09 16:25:55,607 INFO  client.GrpcClientProtocolClient (GrpcClientProtocolClient.java:onNext(255)) - client-0F1B900A64BD->9bf35ae9-4da0-4371-87fa-54ea3ce1f280: receive RaftClientReply:client-0F1B900A64BD->9bf35ae9-4da0-4371-87fa-54ea3ce1f280@group-432E83AF5B55, cid=1283, SUCCESS, logIndex=1787, commits[9bf35ae9-4da0-4371-87fa-54ea3ce1f280:c1788, 0cc34542-3a00-466e-ae84-194b84d3af7b:c1783, d451d94d-57a0-4545-b387-d428f64e3f33:c1784]
2019-07-09 16:25:55,607 INFO  client.GrpcClientProtocolClient (GrpcClientProtocolClient.java:onNext(255)) - client-0F1B900A64BD->9bf35ae9-4da0-4371-87fa-54ea3ce1f280: receive RaftClientReply:client-0F1B900A64BD->9bf35ae9-4da0-4371-87fa-54ea3ce1f280@group-432E83AF5B55, cid=1284, SUCCESS, logIndex=1788, commits[9bf35ae9-4da0-4371-87fa-54ea3ce1f280:c1788, 0cc34542-3a00-466e-ae84-194b84d3af7b:c1784, d451d94d-57a0-4545-b387-d428f64e3f33:c1784]
2019-07-09 16:25:55,609 INFO  client.GrpcClientProtocolClient (GrpcClientProtocolClient.java:onNext(255)) - client-0F1B900A64BD->9bf35ae9-4da0-4371-87fa-54ea3ce1f280: receive RaftClientReply:client-0F1B900A64BD->9bf35ae9-4da0-4371-87fa-54ea3ce1f280@group-432E83AF5B55, cid=1285, SUCCESS, logIndex=0, commits[9bf35ae9-4da0-4371-87fa-54ea3ce1f280:c1790, 0cc34542-3a00-466e-ae84-194b84d3af7b:c1788, d451d94d-57a0-4545-b387-d428f64e3f33:c1788]
2019-07-09 16:25:55,637 INFO  client.GrpcClientProtocolClient (GrpcClientProtocolClient.java:onNext(255)) - client-0F1B900A64BD->9bf35ae9-4da0-4371-87fa-54ea3ce1f280: receive RaftClientReply:client-0F1B900A64BD->9bf35ae9-4da0-4371-87fa-54ea3ce1f280@group-432E83AF5B55, cid=1286, SUCCESS, logIndex=1791, commits[9bf35ae9-4da0-4371-87fa-54ea3ce1f280:c1792, 0cc34542-3a00-466e-ae84-194b84d3af7b:c1790, d451d94d-57a0-4545-b387-d428f64e3f33:c1790]
2019-07-09 16:25:55,637 INFO  client.GrpcClientProtocolClient (GrpcClientProtocolClient.java:onNext(255)) - client-0F1B900A64BD->9bf35ae9-4da0-4371-87fa-54ea3ce1f280: receive RaftClientReply:client-0F1B900A64BD->9bf35ae9-4da0-4371-87fa-54ea3ce1f280@group-432E83AF5B55, cid=1287, SUCCESS, logIndex=1792, commits[9bf35ae9-4da0-4371-87fa-54ea3ce1f280:c1792, 0cc34542-3a00-466e-ae84-194b84d3af7b:c1790, d451d94d-57a0-4545-b387-d428f64e3f33:c1790]
2019-07-09 16:25:55,638 INFO  client.GrpcClientProtocolClient (GrpcClientProtocolClient.java:onNext(255)) - client-0F1B900A64BD->9bf35ae9-4da0-4371-87fa-54ea3ce1f280: receive RaftClientReply:client-0F1B900A64BD->9bf35ae9-4da0-4371-87fa-54ea3ce1f280@group-432E83AF5B55, cid=1288, SUCCESS, logIndex=1793, commits[9bf35ae9-4da0-4371-87fa-54ea3ce1f280:c1794, 0cc34542-3a00-466e-ae84-194b84d3af7b:c1790, d451d94d-57a0-4545-b387-d428f64e3f33:c1790]
2019-07-09 16:25:55,639 INFO  client.GrpcClientProtocolClient (GrpcClientProtocolClient.java:onNext(255)) - client-0F1B900A64BD->9bf35ae9-4da0-4371-87fa-54ea3ce1f280: receive RaftClientReply:client-0F1B900A64BD->9bf35ae9-4da0-4371-87fa-54ea3ce1f280@group-432E83AF5B55, cid=1289, SUCCESS, logIndex=1794, commits[9bf35ae9-4da0-4371-87fa-54ea3ce1f280:c1794, 0cc34542-3a00-466e-ae84-194b84d3af7b:c1790, d451d94d-57a0-4545-b387-d428f64e3f33:c1790]
2019-07-09 16:25:55,640 INFO  client.GrpcClientProtocolClient (GrpcClientProtocolClient.java:onNext(255)) - client-0F1B900A64BD->9bf35ae9-4da0-4371-87fa-54ea3ce1f280: receive RaftClientReply:client-0F1B900A64BD->9bf35ae9-4da0-4371-87fa-54ea3ce1f280@group-432E83AF5B55, cid=1290, SUCCESS, logIndex=0, commits[9bf35ae9-4da0-4371-87fa-54ea3ce1f280:c1796, 0cc34542-3a00-466e-ae84-194b84d3af7b:c1792, d451d94d-57a0-4545-b387-d428f64e3f33:c1792]
2019-07-09 16:25:55,653 INFO  client.GrpcClientProtocolClient (GrpcClientProtocolClient.java:onNext(255)) - client-0F1B900A64BD->9bf35ae9-4da0-4371-87fa-54ea3ce1f280: receive RaftClientReply:client-0F1B900A64BD->9bf35ae9-4da0-4371-87fa-54ea3ce1f280@group-432E83AF5B55, cid=1291, SUCCESS, logIndex=1799, commits[9bf35ae9-4da0-4371-87fa-54ea3ce1f280:c1800, 0cc34542-3a00-466e-ae84-194b84d3af7b:c1796, d451d94d-57a0-4545-b387-d428f64e3f33:c1794]
2019-07-09 16:25:55,657 INFO  client.GrpcClientProtocolClient (GrpcClientProtocolClient.java:onNext(255)) - client-0F1B900A64BD->9bf35ae9-4da0-4371-87fa-54ea3ce1f280: receive RaftClientReply:client-0F1B900A64BD->9bf35ae9-4da0-4371-87fa-54ea3ce1f280@group-432E83AF5B55, cid=1292, SUCCESS, logIndex=1800, commits[9bf35ae9-4da0-4371-87fa-54ea3ce1f280:c1800, 0cc34542-3a00-466e-ae84-194b84d3af7b:c1796, d451d94d-57a0-4545-b387-d428f64e3f33:c1796]
2019-07-09 16:25:55,676 INFO  client.GrpcClientProtocolClient (GrpcClientProtocolClient.java:onNext(255)) - client-0F1B900A64BD->9bf35ae9-4da0-4371-87fa-54ea3ce1f280: receive RaftClientReply:client-0F1B900A64BD->9bf35ae9-4da0-4371-87fa-54ea3ce1f280@group-432E83AF5B55, cid=1293, SUCCESS, logIndex=1803, commits[9bf35ae9-4da0-4371-87fa-54ea3ce1f280:c1804, 0cc34542-3a00-466e-ae84-194b84d3af7b:c1802, d451d94d-57a0-4545-b387-d428f64e3f33:c1802]
2019-07-09 16:25:55,676 INFO  client.GrpcClientProtocolClient (GrpcClientProtocolClient.java:onNext(255)) - client-0F1B900A64BD->9bf35ae9-4da0-4371-87fa-54ea3ce1f280: receive RaftClientReply:client-0F1B900A64BD->9bf35ae9-4da0-4371-87fa-54ea3ce1f280@group-432E83AF5B55, cid=1294, SUCCESS, logIndex=1804, commits[9bf35ae9-4da0-4371-87fa-54ea3ce1f280:c1804, 0cc34542-3a00-466e-ae84-194b84d3af7b:c1802, d451d94d-57a0-4545-b387-d428f64e3f33:c1802]
2019-07-09 16:25:55,690 INFO  client.GrpcClientProtocolClient (GrpcClientProtocolClient.java:onNext(255)) - client-0F1B900A64BD->9bf35ae9-4da0-4371-87fa-54ea3ce1f280: receive RaftClientReply:client-0F1B900A64BD->9bf35ae9-4da0-4371-87fa-54ea3ce1f280@group-432E83AF5B55, cid=1295, SUCCESS, logIndex=0, commits[9bf35ae9-4da0-4371-87fa-54ea3ce1f280:c1806, 0cc34542-3a00-466e-ae84-194b84d3af7b:c1804, d451d94d-57a0-4545-b387-d428f64e3f33:c1804]
2019-07-09 16:25:55,717 INFO  client.GrpcClientProtocolClient (GrpcClientProtocolClient.java:onNext(255)) - client-0F1B900A64BD->9bf35ae9-4da0-4371-87fa-54ea3ce1f280: receive RaftClientReply:client-0F1B900A64BD->9bf35ae9-4da0-4371-87fa-54ea3ce1f280@group-432E83AF5B55, cid=1296, SUCCESS, logIndex=1807, commits[9bf35ae9-4da0-4371-87fa-54ea3ce1f280:c1808, 0cc34542-3a00-466e-ae84-194b84d3af7b:c1804, d451d94d-57a0-4545-b387-d428f64e3f33:c1806]
2019-07-09 16:25:55,718 INFO  client.GrpcClientProtocolClient (GrpcClientProtocolClient.java:onNext(255)) - client-0F1B900A64BD->9bf35ae9-4da0-4371-87fa-54ea3ce1f280: receive RaftClientReply:client-0F1B900A64BD->9bf35ae9-4da0-4371-87fa-54ea3ce1f280@group-432E83AF5B55, cid=1297, SUCCESS, logIndex=1808, commits[9bf35ae9-4da0-4371-87fa-54ea3ce1f280:c1808, 0cc34542-3a00-466e-ae84-194b84d3af7b:c1804, d451d94d-57a0-4545-b387-d428f64e3f33:c1806]
2019-07-09 16:25:55,720 INFO  client.GrpcClientProtocolClient (GrpcClientProtocolClient.java:onNext(255)) - client-0F1B900A64BD->9bf35ae9-4da0-4371-87fa-54ea3ce1f280: receive RaftClientReply:client-0F1B900A64BD->9bf35ae9-4da0-4371-87fa-54ea3ce1f280@group-432E83AF5B55, cid=1298, SUCCESS, logIndex=1809, commits[9bf35ae9-4da0-4371-87fa-54ea3ce1f280:c1810, 0cc34542-3a00-466e-ae84-194b84d3af7b:c1806, d451d94d-57a0-4545-b387-d428f64e3f33:c1806]
2019-07-09 16:25:55,721 INFO  client.GrpcClientProtocolClient (GrpcClientProtocolClient.java:onNext(255)) - client-0F1B900A64BD->9bf35ae9-4da0-4371-87fa-54ea3ce1f280: receive RaftClientReply:client-0F1B900A64BD->9bf35ae9-4da0-4371-87fa-54ea3ce1f280@group-432E83AF5B55, cid=1299, SUCCESS, logIndex=1810, commits[9bf35ae9-4da0-4371-87fa-54ea3ce1f280:c1810, 0cc34542-3a00-466e-ae84-194b84d3af7b:c1806, d451d94d-57a0-4545-b387-d428f64e3f33:c1806]
2019-07-09 16:25:55,722 INFO  client.GrpcClientProtocolClient (GrpcClientProtocolClient.java:onNext(255)) - client-0F1B900A64BD->9bf35ae9-4da0-4371-87fa-54ea3ce1f280: receive RaftClientReply:client-0F1B900A64BD->9bf35ae9-4da0-4371-87fa-54ea3ce1f280@group-432E83AF5B55, cid=1300, SUCCESS, logIndex=0, commits[9bf35ae9-4da0-4371-87fa-54ea3ce1f280:c1812, 0cc34542-3a00-466e-ae84-194b84d3af7b:c1808, d451d94d-57a0-4545-b387-d428f64e3f33:c1808]
2019-07-09 16:25:55,732 INFO  client.GrpcClientProtocolClient (GrpcClientProtocolClient.java:onNext(255)) - client-0F1B900A64BD->9bf35ae9-4da0-4371-87fa-54ea3ce1f280: receive RaftClientReply:client-0F1B900A64BD->9bf35ae9-4da0-4371-87fa-54ea3ce1f280@group-432E83AF5B55, cid=1301, SUCCESS, logIndex=1815, commits[9bf35ae9-4da0-4371-87fa-54ea3ce1f280:c1816, 0cc34542-3a00-466e-ae84-194b84d3af7b:c1810, d451d94d-57a0-4545-b387-d428f64e3f33:c1814]
2019-07-09 16:25:55,733 INFO  client.GrpcClientProtocolClient (GrpcClientProtocolClient.java:onNext(255)) - client-0F1B900A64BD->9bf35ae9-4da0-4371-87fa-54ea3ce1f280: receive RaftClientReply:client-0F1B900A64BD->9bf35ae9-4da0-4371-87fa-54ea3ce1f280@group-432E83AF5B55, cid=1302, SUCCESS, logIndex=1816, commits[9bf35ae9-4da0-4371-87fa-54ea3ce1f280:c1816, 0cc34542-3a00-466e-ae84-194b84d3af7b:c1810, d451d94d-57a0-4545-b387-d428f64e3f33:c1814]
2019-07-09 16:25:55,758 INFO  client.GrpcClientProtocolClient (GrpcClientProtocolClient.java:onNext(255)) - client-0F1B900A64BD->9bf35ae9-4da0-4371-87fa-54ea3ce1f280: receive RaftClientReply:client-0F1B900A64BD->9bf35ae9-4da0-4371-87fa-54ea3ce1f280@group-432E83AF5B55, cid=1303, SUCCESS, logIndex=1818, commits[9bf35ae9-4da0-4371-87fa-54ea3ce1f280:c1819, 0cc34542-3a00-466e-ae84-194b84d3af7b:c1817, d451d94d-57a0-4545-b387-d428f64e3f33:c1817]
2019-07-09 16:25:55,759 INFO  client.GrpcClientProtocolClient (GrpcClientProtocolClient.java:onNext(255)) - client-0F1B900A64BD->9bf35ae9-4da0-4371-87fa-54ea3ce1f280: receive RaftClientReply:client-0F1B900A64BD->9bf35ae9-4da0-4371-87fa-54ea3ce1f280@group-432E83AF5B55, cid=1304, SUCCESS, logIndex=1819, commits[9bf35ae9-4da0-4371-87fa-54ea3ce1f280:c1819, 0cc34542-3a00-466e-ae84-194b84d3af7b:c1817, d451d94d-57a0-4545-b387-d428f64e3f33:c1817]
2019-07-09 16:25:55,773 INFO  client.GrpcClientProtocolClient (GrpcClientProtocolClient.java:onNext(255)) - client-0F1B900A64BD->9bf35ae9-4da0-4371-87fa-54ea3ce1f280: receive RaftClientReply:client-0F1B900A64BD->9bf35ae9-4da0-4371-87fa-54ea3ce1f280@group-432E83AF5B55, cid=1305, SUCCESS, logIndex=0, commits[9bf35ae9-4da0-4371-87fa-54ea3ce1f280:c1821, 0cc34542-3a00-466e-ae84-194b84d3af7b:c1819, d451d94d-57a0-4545-b387-d428f64e3f33:c1819]
2019-07-09 16:25:55,802 INFO  client.GrpcClientProtocolClient (GrpcClientProtocolClient.java:onNext(255)) - client-0F1B900A64BD->9bf35ae9-4da0-4371-87fa-54ea3ce1f280: receive RaftClientReply:client-0F1B900A64BD->9bf35ae9-4da0-4371-87fa-54ea3ce1f280@group-432E83AF5B55, cid=1306, SUCCESS, logIndex=1822, commits[9bf35ae9-4da0-4371-87fa-54ea3ce1f280:c1824, 0cc34542-3a00-466e-ae84-194b84d3af7b:c1821, d451d94d-57a0-4545-b387-d428f64e3f33:c1821]
2019-07-09 16:25:55,803 INFO  client.GrpcClientProtocolClient (GrpcClientProtocolClient.java:onNext(255)) - client-0F1B900A64BD->9bf35ae9-4da0-4371-87fa-54ea3ce1f280: receive RaftClientReply:client-0F1B900A64BD->9bf35ae9-4da0-4371-87fa-54ea3ce1f280@group-432E83AF5B55, cid=1307, SUCCESS, logIndex=1823, commits[9bf35ae9-4da0-4371-87fa-54ea3ce1f280:c1825, 0cc34542-3a00-466e-ae84-194b84d3af7b:c1821, d451d94d-57a0-4545-b387-d428f64e3f33:c1821]
2019-07-09 16:25:55,804 INFO  client.GrpcClientProtocolClient (GrpcClientProtocolClient.java:onNext(255)) - client-0F1B900A64BD->9bf35ae9-4da0-4371-87fa-54ea3ce1f280: receive RaftClientReply:client-0F1B900A64BD->9bf35ae9-4da0-4371-87fa-54ea3ce1f280@group-432E83AF5B55, cid=1308, SUCCESS, logIndex=1824, commits[9bf35ae9-4da0-4371-87fa-54ea3ce1f280:c1825, 0cc34542-3a00-466e-ae84-194b84d3af7b:c1821, d451d94d-57a0-4545-b387-d428f64e3f33:c1821]
2019-07-09 16:25:55,804 INFO  client.GrpcClientProtocolClient (GrpcClientProtocolClient.java:onNext(255)) - client-0F1B900A64BD->9bf35ae9-4da0-4371-87fa-54ea3ce1f280: receive RaftClientReply:client-0F1B900A64BD->9bf35ae9-4da0-4371-87fa-54ea3ce1f280@group-432E83AF5B55, cid=1309, SUCCESS, logIndex=1825, commits[9bf35ae9-4da0-4371-87fa-54ea3ce1f280:c1825, 0cc34542-3a00-466e-ae84-194b84d3af7b:c1821, d451d94d-57a0-4545-b387-d428f64e3f33:c1821]
2019-07-09 16:25:55,814 INFO  client.GrpcClientProtocolClient (GrpcClientProtocolClient.java:onNext(255)) - client-0F1B900A64BD->9bf35ae9-4da0-4371-87fa-54ea3ce1f280: receive RaftClientReply:client-0F1B900A64BD->9bf35ae9-4da0-4371-87fa-54ea3ce1f280@group-432E83AF5B55, cid=1310, SUCCESS, logIndex=0, commits[9bf35ae9-4da0-4371-87fa-54ea3ce1f280:c1825, 0cc34542-3a00-466e-ae84-194b84d3af7b:c1823, d451d94d-57a0-4545-b387-d428f64e3f33:c1823]
2019-07-09 16:25:55,834 INFO  client.GrpcClientProtocolClient (GrpcClientProtocolClient.java:onNext(255)) - client-0F1B900A64BD->9bf35ae9-4da0-4371-87fa-54ea3ce1f280: receive RaftClientReply:client-0F1B900A64BD->9bf35ae9-4da0-4371-87fa-54ea3ce1f280@group-432E83AF5B55, cid=1311, SUCCESS, logIndex=1830, commits[9bf35ae9-4da0-4371-87fa-54ea3ce1f280:c1831, 0cc34542-3a00-466e-ae84-194b84d3af7b:c1829, d451d94d-57a0-4545-b387-d428f64e3f33:c1829]
2019-07-09 16:25:55,835 INFO  client.GrpcClientProtocolClient (GrpcClientProtocolClient.java:onNext(255)) - client-0F1B900A64BD->9bf35ae9-4da0-4371-87fa-54ea3ce1f280: receive RaftClientReply:client-0F1B900A64BD->9bf35ae9-4da0-4371-87fa-54ea3ce1f280@group-432E83AF5B55, cid=1312, SUCCESS, logIndex=1831, commits[9bf35ae9-4da0-4371-87fa-54ea3ce1f280:c1831, 0cc34542-3a00-466e-ae84-194b84d3af7b:c1829, d451d94d-57a0-4545-b387-d428f64e3f33:c1829]
2019-07-09 16:25:55,849 INFO  client.GrpcClientProtocolClient (GrpcClientProtocolClient.java:onNext(255)) - client-0F1B900A64BD->9bf35ae9-4da0-4371-87fa-54ea3ce1f280: receive RaftClientReply:client-0F1B900A64BD->9bf35ae9-4da0-4371-87fa-54ea3ce1f280@group-432E83AF5B55, cid=1313, SUCCESS, logIndex=1834, commits[9bf35ae9-4da0-4371-87fa-54ea3ce1f280:c1834, 0cc34542-3a00-466e-ae84-194b84d3af7b:c1831, d451d94d-57a0-4545-b387-d428f64e3f33:c1831]
2019-07-09 16:25:55,849 INFO  client.GrpcClientProtocolClient (GrpcClientProtocolClient.java:onNext(255)) - client-0F1B900A64BD->9bf35ae9-4da0-4371-87fa-54ea3ce1f280: receive RaftClientReply:client-0F1B900A64BD->9bf35ae9-4da0-4371-87fa-54ea3ce1f280@group-432E83AF5B55, cid=1314, SUCCESS, logIndex=1835, commits[9bf35ae9-4da0-4371-87fa-54ea3ce1f280:c1835, 0cc34542-3a00-466e-ae84-194b84d3af7b:c1831, d451d94d-57a0-4545-b387-d428f64e3f33:c1831]
2019-07-09 16:25:55,863 INFO  client.GrpcClientProtocolClient (GrpcClientProtocolClient.java:onNext(255)) - client-0F1B900A64BD->9bf35ae9-4da0-4371-87fa-54ea3ce1f280: receive RaftClientReply:client-0F1B900A64BD->9bf35ae9-4da0-4371-87fa-54ea3ce1f280@group-432E83AF5B55, cid=1315, SUCCESS, logIndex=0, commits[9bf35ae9-4da0-4371-87fa-54ea3ce1f280:c1837, 0cc34542-3a00-466e-ae84-194b84d3af7b:c1835, d451d94d-57a0-4545-b387-d428f64e3f33:c1835]
2019-07-09 16:25:55,891 INFO  client.GrpcClientProtocolClient (GrpcClientProtocolClient.java:onNext(255)) - client-0F1B900A64BD->9bf35ae9-4da0-4371-87fa-54ea3ce1f280: receive RaftClientReply:client-0F1B900A64BD->9bf35ae9-4da0-4371-87fa-54ea3ce1f280@group-432E83AF5B55, cid=1316, SUCCESS, logIndex=1838, commits[9bf35ae9-4da0-4371-87fa-54ea3ce1f280:c1839, 0cc34542-3a00-466e-ae84-194b84d3af7b:c1837, d451d94d-57a0-4545-b387-d428f64e3f33:c1837]
2019-07-09 16:25:55,892 INFO  client.GrpcClientProtocolClient (GrpcClientProtocolClient.java:onNext(255)) - client-0F1B900A64BD->9bf35ae9-4da0-4371-87fa-54ea3ce1f280: receive RaftClientReply:client-0F1B900A64BD->9bf35ae9-4da0-4371-87fa-54ea3ce1f280@group-432E83AF5B55, cid=1317, SUCCESS, logIndex=1839, commits[9bf35ae9-4da0-4371-87fa-54ea3ce1f280:c1841, 0cc34542-3a00-466e-ae84-194b84d3af7b:c1837, d451d94d-57a0-4545-b387-d428f64e3f33:c1837]
2019-07-09 16:25:55,892 INFO  client.GrpcClientProtocolClient (GrpcClientProtocolClient.java:onNext(255)) - client-0F1B900A64BD->9bf35ae9-4da0-4371-87fa-54ea3ce1f280: receive RaftClientReply:client-0F1B900A64BD->9bf35ae9-4da0-4371-87fa-54ea3ce1f280@group-432E83AF5B55, cid=1318, SUCCESS, logIndex=1840, commits[9bf35ae9-4da0-4371-87fa-54ea3ce1f280:c1841, 0cc34542-3a00-466e-ae84-194b84d3af7b:c1837, d451d94d-57a0-4545-b387-d428f64e3f33:c1837]
2019-07-09 16:25:55,892 INFO  client.GrpcClientProtocolClient (GrpcClientProtocolClient.java:onNext(255)) - client-0F1B900A64BD->9bf35ae9-4da0-4371-87fa-54ea3ce1f280: receive RaftClientReply:client-0F1B900A64BD->9bf35ae9-4da0-4371-87fa-54ea3ce1f280@group-432E83AF5B55, cid=1319, SUCCESS, logIndex=1841, commits[9bf35ae9-4da0-4371-87fa-54ea3ce1f280:c1841, 0cc34542-3a00-466e-ae84-194b84d3af7b:c1837, d451d94d-57a0-4545-b387-d428f64e3f33:c1837]
2019-07-09 16:25:55,905 INFO  client.GrpcClientProtocolClient (GrpcClientProtocolClient.java:onNext(255)) - client-0F1B900A64BD->9bf35ae9-4da0-4371-87fa-54ea3ce1f280: receive RaftClientReply:client-0F1B900A64BD->9bf35ae9-4da0-4371-87fa-54ea3ce1f280@group-432E83AF5B55, cid=1320, SUCCESS, logIndex=0, commits[9bf35ae9-4da0-4371-87fa-54ea3ce1f280:c1842, 0cc34542-3a00-466e-ae84-194b84d3af7b:c1839, d451d94d-57a0-4545-b387-d428f64e3f33:c1839]
2019-07-09 16:25:55,925 INFO  client.GrpcClientProtocolClient (GrpcClientProtocolClient.java:onNext(255)) - client-0F1B900A64BD->9bf35ae9-4da0-4371-87fa-54ea3ce1f280: receive RaftClientReply:client-0F1B900A64BD->9bf35ae9-4da0-4371-87fa-54ea3ce1f280@group-432E83AF5B55, cid=1321, SUCCESS, logIndex=1846, commits[9bf35ae9-4da0-4371-87fa-54ea3ce1f280:c1847, 0cc34542-3a00-466e-ae84-194b84d3af7b:c1845, d451d94d-57a0-4545-b387-d428f64e3f33:c1845]
2019-07-09 16:25:55,926 INFO  client.GrpcClientProtocolClient (GrpcClientProtocolClient.java:onNext(255)) - client-0F1B900A64BD->9bf35ae9-4da0-4371-87fa-54ea3ce1f280: receive RaftClientReply:client-0F1B900A64BD->9bf35ae9-4da0-4371-87fa-54ea3ce1f280@group-432E83AF5B55, cid=1322, SUCCESS, logIndex=1847, commits[9bf35ae9-4da0-4371-87fa-54ea3ce1f280:c1847, 0cc34542-3a00-466e-ae84-194b84d3af7b:c1845, d451d94d-57a0-4545-b387-d428f64e3f33:c1845]
2019-07-09 16:25:55,938 INFO  client.GrpcClientProtocolClient (GrpcClientProtocolClient.java:onNext(255)) - client-0F1B900A64BD->9bf35ae9-4da0-4371-87fa-54ea3ce1f280: receive RaftClientReply:client-0F1B900A64BD->9bf35ae9-4da0-4371-87fa-54ea3ce1f280@group-432E83AF5B55, cid=1323, SUCCESS, logIndex=1850, commits[9bf35ae9-4da0-4371-87fa-54ea3ce1f280:c1851, 0cc34542-3a00-466e-ae84-194b84d3af7b:c1847, d451d94d-57a0-4545-b387-d428f64e3f33:c1847]
2019-07-09 16:25:55,939 INFO  client.GrpcClientProtocolClient (GrpcClientProtocolClient.java:onNext(255)) - client-0F1B900A64BD->9bf35ae9-4da0-4371-87fa-54ea3ce1f280: receive RaftClientReply:client-0F1B900A64BD->9bf35ae9-4da0-4371-87fa-54ea3ce1f280@group-432E83AF5B55, cid=1324, SUCCESS, logIndex=1851, commits[9bf35ae9-4da0-4371-87fa-54ea3ce1f280:c1851, 0cc34542-3a00-466e-ae84-194b84d3af7b:c1847, d451d94d-57a0-4545-b387-d428f64e3f33:c1847]
2019-07-09 16:25:55,953 INFO  client.GrpcClientProtocolClient (GrpcClientProtocolClient.java:onNext(255)) - client-0F1B900A64BD->9bf35ae9-4da0-4371-87fa-54ea3ce1f280: receive RaftClientReply:client-0F1B900A64BD->9bf35ae9-4da0-4371-87fa-54ea3ce1f280@group-432E83AF5B55, cid=1325, SUCCESS, logIndex=0, commits[9bf35ae9-4da0-4371-87fa-54ea3ce1f280:c1853, 0cc34542-3a00-466e-ae84-194b84d3af7b:c1851, d451d94d-57a0-4545-b387-d428f64e3f33:c1851]
2019-07-09 16:25:55,973 INFO  client.GrpcClientProtocolClient (GrpcClientProtocolClient.java:onNext(255)) - client-0F1B900A64BD->9bf35ae9-4da0-4371-87fa-54ea3ce1f280: receive RaftClientReply:client-0F1B900A64BD->9bf35ae9-4da0-4371-87fa-54ea3ce1f280@group-432E83AF5B55, cid=1326, SUCCESS, logIndex=1854, commits[9bf35ae9-4da0-4371-87fa-54ea3ce1f280:c1857, 0cc34542-3a00-466e-ae84-194b84d3af7b:c1851, d451d94d-57a0-4545-b387-d428f64e3f33:c1853]
2019-07-09 16:25:55,974 INFO  client.GrpcClientProtocolClient (GrpcClientProtocolClient.java:onNext(255)) - client-0F1B900A64BD->9bf35ae9-4da0-4371-87fa-54ea3ce1f280: receive RaftClientReply:client-0F1B900A64BD->9bf35ae9-4da0-4371-87fa-54ea3ce1f280@group-432E83AF5B55, cid=1327, SUCCESS, logIndex=1855, commits[9bf35ae9-4da0-4371-87fa-54ea3ce1f280:c1857, 0cc34542-3a00-466e-ae84-194b84d3af7b:c1853, d451d94d-57a0-4545-b387-d428f64e3f33:c1853]
2019-07-09 16:25:55,974 INFO  client.GrpcClientProtocolClient (GrpcClientProtocolClient.java:onNext(255)) - client-0F1B900A64BD->9bf35ae9-4da0-4371-87fa-54ea3ce1f280: receive RaftClientReply:client-0F1B900A64BD->9bf35ae9-4da0-4371-87fa-54ea3ce1f280@group-432E83AF5B55, cid=1328, SUCCESS, logIndex=1856, commits[9bf35ae9-4da0-4371-87fa-54ea3ce1f280:c1857, 0cc34542-3a00-466e-ae84-194b84d3af7b:c1853, d451d94d-57a0-4545-b387-d428f64e3f33:c1853]
2019-07-09 16:25:55,975 INFO  client.GrpcClientProtocolClient (GrpcClientProtocolClient.java:onNext(255)) - client-0F1B900A64BD->9bf35ae9-4da0-4371-87fa-54ea3ce1f280: receive RaftClientReply:client-0F1B900A64BD->9bf35ae9-4da0-4371-87fa-54ea3ce1f280@group-432E83AF5B55, cid=1329, SUCCESS, logIndex=1857, commits[9bf35ae9-4da0-4371-87fa-54ea3ce1f280:c1857, 0cc34542-3a00-466e-ae84-194b84d3af7b:c1853, d451d94d-57a0-4545-b387-d428f64e3f33:c1853]
2019-07-09 16:25:55,976 INFO  client.GrpcClientProtocolClient (GrpcClientProtocolClient.java:onNext(255)) - client-0F1B900A64BD->9bf35ae9-4da0-4371-87fa-54ea3ce1f280: receive RaftClientReply:client-0F1B900A64BD->9bf35ae9-4da0-4371-87fa-54ea3ce1f280@group-432E83AF5B55, cid=1330, SUCCESS, logIndex=0, commits[9bf35ae9-4da0-4371-87fa-54ea3ce1f280:c1861, 0cc34542-3a00-466e-ae84-194b84d3af7b:c1857, d451d94d-57a0-4545-b387-d428f64e3f33:c1857]
2019-07-09 16:25:56,010 INFO  client.GrpcClientProtocolClient (GrpcClientProtocolClient.java:onNext(255)) - client-0F1B900A64BD->9bf35ae9-4da0-4371-87fa-54ea3ce1f280: receive RaftClientReply:client-0F1B900A64BD->9bf35ae9-4da0-4371-87fa-54ea3ce1f280@group-432E83AF5B55, cid=1331, SUCCESS, logIndex=1862, commits[9bf35ae9-4da0-4371-87fa-54ea3ce1f280:c1863, 0cc34542-3a00-466e-ae84-194b84d3af7b:c1861, d451d94d-57a0-4545-b387-d428f64e3f33:c1861]
2019-07-09 16:25:56,010 INFO  client.GrpcClientProtocolClient (GrpcClientProtocolClient.java:onNext(255)) - client-0F1B900A64BD->9bf35ae9-4da0-4371-87fa-54ea3ce1f280: receive RaftClientReply:client-0F1B900A64BD->9bf35ae9-4da0-4371-87fa-54ea3ce1f280@group-432E83AF5B55, cid=1332, SUCCESS, logIndex=1863, commits[9bf35ae9-4da0-4371-87fa-54ea3ce1f280:c1863, 0cc34542-3a00-466e-ae84-194b84d3af7b:c1861, d451d94d-57a0-4545-b387-d428f64e3f33:c1861]
2019-07-09 16:25:56,133 INFO  client.GrpcClientProtocolClient (GrpcClientProtocolClient.java:onNext(255)) - client-0F1B900A64BD->9bf35ae9-4da0-4371-87fa-54ea3ce1f280: receive RaftClientReply:client-0F1B900A64BD->9bf35ae9-4da0-4371-87fa-54ea3ce1f280@group-432E83AF5B55, cid=1333, SUCCESS, logIndex=1866, commits[9bf35ae9-4da0-4371-87fa-54ea3ce1f280:c1867, 0cc34542-3a00-466e-ae84-194b84d3af7b:c1865, d451d94d-57a0-4545-b387-d428f64e3f33:c1865]
2019-07-09 16:25:56,134 INFO  client.GrpcClientProtocolClient (GrpcClientProtocolClient.java:onNext(255)) - client-0F1B900A64BD->9bf35ae9-4da0-4371-87fa-54ea3ce1f280: receive RaftClientReply:client-0F1B900A64BD->9bf35ae9-4da0-4371-87fa-54ea3ce1f280@group-432E83AF5B55, cid=1334, SUCCESS, logIndex=1867, commits[9bf35ae9-4da0-4371-87fa-54ea3ce1f280:c1867, 0cc34542-3a00-466e-ae84-194b84d3af7b:c1865, d451d94d-57a0-4545-b387-d428f64e3f33:c1865]
2019-07-09 16:25:56,147 INFO  client.GrpcClientProtocolClient (GrpcClientProtocolClient.java:onNext(255)) - client-0F1B900A64BD->9bf35ae9-4da0-4371-87fa-54ea3ce1f280: receive RaftClientReply:client-0F1B900A64BD->9bf35ae9-4da0-4371-87fa-54ea3ce1f280@group-432E83AF5B55, cid=1335, SUCCESS, logIndex=0, commits[9bf35ae9-4da0-4371-87fa-54ea3ce1f280:c1869, 0cc34542-3a00-466e-ae84-194b84d3af7b:c1867, d451d94d-57a0-4545-b387-d428f64e3f33:c1867]
2019-07-09 16:25:56,178 INFO  client.GrpcClientProtocolClient (GrpcClientProtocolClient.java:onNext(255)) - client-0F1B900A64BD->9bf35ae9-4da0-4371-87fa-54ea3ce1f280: receive RaftClientReply:client-0F1B900A64BD->9bf35ae9-4da0-4371-87fa-54ea3ce1f280@group-432E83AF5B55, cid=1336, SUCCESS, logIndex=1870, commits[9bf35ae9-4da0-4371-87fa-54ea3ce1f280:c1872, 0cc34542-3a00-466e-ae84-194b84d3af7b:c1869, d451d94d-57a0-4545-b387-d428f64e3f33:c1869]
2019-07-09 16:25:56,178 INFO  client.GrpcClientProtocolClient (GrpcClientProtocolClient.java:onNext(255)) - client-0F1B900A64BD->9bf35ae9-4da0-4371-87fa-54ea3ce1f280: receive RaftClientReply:client-0F1B900A64BD->9bf35ae9-4da0-4371-87fa-54ea3ce1f280@group-432E83AF5B55, cid=1337, SUCCESS, logIndex=1871, commits[9bf35ae9-4da0-4371-87fa-54ea3ce1f280:c1873, 0cc34542-3a00-466e-ae84-194b84d3af7b:c1869, d451d94d-57a0-4545-b387-d428f64e3f33:c1869]
2019-07-09 16:25:56,179 INFO  client.GrpcClientProtocolClient (GrpcClientProtocolClient.java:onNext(255)) - client-0F1B900A64BD->9bf35ae9-4da0-4371-87fa-54ea3ce1f280: receive RaftClientReply:client-0F1B900A64BD->9bf35ae9-4da0-4371-87fa-54ea3ce1f280@group-432E83AF5B55, cid=1338, SUCCESS, logIndex=1872, commits[9bf35ae9-4da0-4371-87fa-54ea3ce1f280:c1873, 0cc34542-3a00-466e-ae84-194b84d3af7b:c1869, d451d94d-57a0-4545-b387-d428f64e3f33:c1869]
2019-07-09 16:25:56,179 INFO  client.GrpcClientProtocolClient (GrpcClientProtocolClient.java:onNext(255)) - client-0F1B900A64BD->9bf35ae9-4da0-4371-87fa-54ea3ce1f280: receive RaftClientReply:client-0F1B900A64BD->9bf35ae9-4da0-4371-87fa-54ea3ce1f280@group-432E83AF5B55, cid=1339, SUCCESS, logIndex=1873, commits[9bf35ae9-4da0-4371-87fa-54ea3ce1f280:c1874, 0cc34542-3a00-466e-ae84-194b84d3af7b:c1871, d451d94d-57a0-4545-b387-d428f64e3f33:c1869]
2019-07-09 16:25:56,192 INFO  client.GrpcClientProtocolClient (GrpcClientProtocolClient.java:onNext(255)) - client-0F1B900A64BD->9bf35ae9-4da0-4371-87fa-54ea3ce1f280: receive RaftClientReply:client-0F1B900A64BD->9bf35ae9-4da0-4371-87fa-54ea3ce1f280@group-432E83AF5B55, cid=1340, SUCCESS, logIndex=0, commits[9bf35ae9-4da0-4371-87fa-54ea3ce1f280:c1877, 0cc34542-3a00-466e-ae84-194b84d3af7b:c1873, d451d94d-57a0-4545-b387-d428f64e3f33:c1871]
2019-07-09 16:25:56,213 INFO  client.GrpcClientProtocolClient (GrpcClientProtocolClient.java:onNext(255)) - client-0F1B900A64BD->9bf35ae9-4da0-4371-87fa-54ea3ce1f280: receive RaftClientReply:client-0F1B900A64BD->9bf35ae9-4da0-4371-87fa-54ea3ce1f280@group-432E83AF5B55, cid=1341, SUCCESS, logIndex=1878, commits[9bf35ae9-4da0-4371-87fa-54ea3ce1f280:c1879, 0cc34542-3a00-466e-ae84-194b84d3af7b:c1877, d451d94d-57a0-4545-b387-d428f64e3f33:c1877]
2019-07-09 16:25:56,214 INFO  client.GrpcClientProtocolClient (GrpcClientProtocolClient.java:onNext(255)) - client-0F1B900A64BD->9bf35ae9-4da0-4371-87fa-54ea3ce1f280: receive RaftClientReply:client-0F1B900A64BD->9bf35ae9-4da0-4371-87fa-54ea3ce1f280@group-432E83AF5B55, cid=1342, SUCCESS, logIndex=1879, commits[9bf35ae9-4da0-4371-87fa-54ea3ce1f280:c1879, 0cc34542-3a00-466e-ae84-194b84d3af7b:c1877, d451d94d-57a0-4545-b387-d428f64e3f33:c1877]
2019-07-09 16:25:56,229 INFO  client.GrpcClientProtocolClient (GrpcClientProtocolClient.java:onNext(255)) - client-0F1B900A64BD->9bf35ae9-4da0-4371-87fa-54ea3ce1f280: receive RaftClientReply:client-0F1B900A64BD->9bf35ae9-4da0-4371-87fa-54ea3ce1f280@group-432E83AF5B55, cid=1343, SUCCESS, logIndex=1882, commits[9bf35ae9-4da0-4371-87fa-54ea3ce1f280:c1883, 0cc34542-3a00-466e-ae84-194b84d3af7b:c1878, d451d94d-57a0-4545-b387-d428f64e3f33:c1879]
2019-07-09 16:25:56,230 INFO  client.GrpcClientProtocolClient (GrpcClientProtocolClient.java:onNext(255)) - client-0F1B900A64BD->9bf35ae9-4da0-4371-87fa-54ea3ce1f280: receive RaftClientReply:client-0F1B900A64BD->9bf35ae9-4da0-4371-87fa-54ea3ce1f280@group-432E83AF5B55, cid=1344, SUCCESS, logIndex=1883, commits[9bf35ae9-4da0-4371-87fa-54ea3ce1f280:c1883, 0cc34542-3a00-466e-ae84-194b84d3af7b:c1879, d451d94d-57a0-4545-b387-d428f64e3f33:c1879]
2019-07-09 16:25:56,240 INFO  client.GrpcClientProtocolClient (GrpcClientProtocolClient.java:onNext(255)) - client-0F1B900A64BD->9bf35ae9-4da0-4371-87fa-54ea3ce1f280: receive RaftClientReply:client-0F1B900A64BD->9bf35ae9-4da0-4371-87fa-54ea3ce1f280@group-432E83AF5B55, cid=1345, SUCCESS, logIndex=0, commits[9bf35ae9-4da0-4371-87fa-54ea3ce1f280:c1885, 0cc34542-3a00-466e-ae84-194b84d3af7b:c1883, d451d94d-57a0-4545-b387-d428f64e3f33:c1883]
2019-07-09 16:25:56,263 INFO  client.GrpcClientProtocolClient (GrpcClientProtocolClient.java:onNext(255)) - client-0F1B900A64BD->9bf35ae9-4da0-4371-87fa-54ea3ce1f280: receive RaftClientReply:client-0F1B900A64BD->9bf35ae9-4da0-4371-87fa-54ea3ce1f280@group-432E83AF5B55, cid=1346, SUCCESS, logIndex=1886, commits[9bf35ae9-4da0-4371-87fa-54ea3ce1f280:c1887, 0cc34542-3a00-466e-ae84-194b84d3af7b:c1883, d451d94d-57a0-4545-b387-d428f64e3f33:c1885]
2019-07-09 16:25:56,264 INFO  client.GrpcClientProtocolClient (GrpcClientProtocolClient.java:onNext(255)) - client-0F1B900A64BD->9bf35ae9-4da0-4371-87fa-54ea3ce1f280: receive RaftClientReply:client-0F1B900A64BD->9bf35ae9-4da0-4371-87fa-54ea3ce1f280@group-432E83AF5B55, cid=1347, SUCCESS, logIndex=1887, commits[9bf35ae9-4da0-4371-87fa-54ea3ce1f280:c1887, 0cc34542-3a00-466e-ae84-194b84d3af7b:c1883, d451d94d-57a0-4545-b387-d428f64e3f33:c1885]
2019-07-09 16:25:56,264 INFO  client.GrpcClientProtocolClient (GrpcClientProtocolClient.java:onNext(255)) - client-0F1B900A64BD->9bf35ae9-4da0-4371-87fa-54ea3ce1f280: receive RaftClientReply:client-0F1B900A64BD->9bf35ae9-4da0-4371-87fa-54ea3ce1f280@group-432E83AF5B55, cid=1348, SUCCESS, logIndex=1888, commits[9bf35ae9-4da0-4371-87fa-54ea3ce1f280:c1889, 0cc34542-3a00-466e-ae84-194b84d3af7b:c1885, d451d94d-57a0-4545-b387-d428f64e3f33:c1885]
2019-07-09 16:25:56,265 INFO  client.GrpcClientProtocolClient (GrpcClientProtocolClient.java:onNext(255)) - client-0F1B900A64BD->9bf35ae9-4da0-4371-87fa-54ea3ce1f280: receive RaftClientReply:client-0F1B900A64BD->9bf35ae9-4da0-4371-87fa-54ea3ce1f280@group-432E83AF5B55, cid=1349, SUCCESS, logIndex=1889, commits[9bf35ae9-4da0-4371-87fa-54ea3ce1f280:c1889, 0cc34542-3a00-466e-ae84-194b84d3af7b:c1885, d451d94d-57a0-4545-b387-d428f64e3f33:c1885]
2019-07-09 16:25:56,276 INFO  client.GrpcClientProtocolClient (GrpcClientProtocolClient.java:onNext(255)) - client-0F1B900A64BD->9bf35ae9-4da0-4371-87fa-54ea3ce1f280: receive RaftClientReply:client-0F1B900A64BD->9bf35ae9-4da0-4371-87fa-54ea3ce1f280@group-432E83AF5B55, cid=1350, SUCCESS, logIndex=0, commits[9bf35ae9-4da0-4371-87fa-54ea3ce1f280:c1891, 0cc34542-3a00-466e-ae84-194b84d3af7b:c1887, d451d94d-57a0-4545-b387-d428f64e3f33:c1887]
2019-07-09 16:25:56,316 INFO  client.GrpcClientProtocolClient (GrpcClientProtocolClient.java:onNext(255)) - client-0F1B900A64BD->9bf35ae9-4da0-4371-87fa-54ea3ce1f280: receive RaftClientReply:client-0F1B900A64BD->9bf35ae9-4da0-4371-87fa-54ea3ce1f280@group-432E83AF5B55, cid=1351, SUCCESS, logIndex=1894, commits[9bf35ae9-4da0-4371-87fa-54ea3ce1f280:c1895, 0cc34542-3a00-466e-ae84-194b84d3af7b:c1893, d451d94d-57a0-4545-b387-d428f64e3f33:c1893]
2019-07-09 16:25:56,316 INFO  client.GrpcClientProtocolClient (GrpcClientProtocolClient.java:onNext(255)) - client-0F1B900A64BD->9bf35ae9-4da0-4371-87fa-54ea3ce1f280: receive RaftClientReply:client-0F1B900A64BD->9bf35ae9-4da0-4371-87fa-54ea3ce1f280@group-432E83AF5B55, cid=1352, SUCCESS, logIndex=1895, commits[9bf35ae9-4da0-4371-87fa-54ea3ce1f280:c1895, 0cc34542-3a00-466e-ae84-194b84d3af7b:c1893, d451d94d-57a0-4545-b387-d428f64e3f33:c1893]
2019-07-09 16:25:56,329 INFO  client.GrpcClientProtocolClient (GrpcClientProtocolClient.java:onNext(255)) - client-0F1B900A64BD->9bf35ae9-4da0-4371-87fa-54ea3ce1f280: receive RaftClientReply:client-0F1B900A64BD->9bf35ae9-4da0-4371-87fa-54ea3ce1f280@group-432E83AF5B55, cid=1353, SUCCESS, logIndex=1898, commits[9bf35ae9-4da0-4371-87fa-54ea3ce1f280:c1899, 0cc34542-3a00-466e-ae84-194b84d3af7b:c1895, d451d94d-57a0-4545-b387-d428f64e3f33:c1895]
2019-07-09 16:25:56,330 INFO  client.GrpcClientProtocolClient (GrpcClientProtocolClient.java:onNext(255)) - client-0F1B900A64BD->9bf35ae9-4da0-4371-87fa-54ea3ce1f280: receive RaftClientReply:client-0F1B900A64BD->9bf35ae9-4da0-4371-87fa-54ea3ce1f280@group-432E83AF5B55, cid=1354, SUCCESS, logIndex=1899, commits[9bf35ae9-4da0-4371-87fa-54ea3ce1f280:c1899, 0cc34542-3a00-466e-ae84-194b84d3af7b:c1895, d451d94d-57a0-4545-b387-d428f64e3f33:c1895]
2019-07-09 16:25:56,343 INFO  client.GrpcClientProtocolClient (GrpcClientProtocolClient.java:onNext(255)) - client-0F1B900A64BD->9bf35ae9-4da0-4371-87fa-54ea3ce1f280: receive RaftClientReply:client-0F1B900A64BD->9bf35ae9-4da0-4371-87fa-54ea3ce1f280@group-432E83AF5B55, cid=1355, SUCCESS, logIndex=0, commits[9bf35ae9-4da0-4371-87fa-54ea3ce1f280:c1901, 0cc34542-3a00-466e-ae84-194b84d3af7b:c1899, d451d94d-57a0-4545-b387-d428f64e3f33:c1899]
2019-07-09 16:25:56,372 INFO  client.GrpcClientProtocolClient (GrpcClientProtocolClient.java:onNext(255)) - client-0F1B900A64BD->9bf35ae9-4da0-4371-87fa-54ea3ce1f280: receive RaftClientReply:client-0F1B900A64BD->9bf35ae9-4da0-4371-87fa-54ea3ce1f280@group-432E83AF5B55, cid=1356, SUCCESS, logIndex=1902, commits[9bf35ae9-4da0-4371-87fa-54ea3ce1f280:c1903, 0cc34542-3a00-466e-ae84-194b84d3af7b:c1901, d451d94d-57a0-4545-b387-d428f64e3f33:c1901]
2019-07-09 16:25:56,373 INFO  client.GrpcClientProtocolClient (GrpcClientProtocolClient.java:onNext(255)) - client-0F1B900A64BD->9bf35ae9-4da0-4371-87fa-54ea3ce1f280: receive RaftClientReply:client-0F1B900A64BD->9bf35ae9-4da0-4371-87fa-54ea3ce1f280@group-432E83AF5B55, cid=1357, SUCCESS, logIndex=1903, commits[9bf35ae9-4da0-4371-87fa-54ea3ce1f280:c1905, 0cc34542-3a00-466e-ae84-194b84d3af7b:c1901, d451d94d-57a0-4545-b387-d428f64e3f33:c1901]
2019-07-09 16:25:56,373 INFO  client.GrpcClientProtocolClient (GrpcClientProtocolClient.java:onNext(255)) - client-0F1B900A64BD->9bf35ae9-4da0-4371-87fa-54ea3ce1f280: receive RaftClientReply:client-0F1B900A64BD->9bf35ae9-4da0-4371-87fa-54ea3ce1f280@group-432E83AF5B55, cid=1358, SUCCESS, logIndex=1904, commits[9bf35ae9-4da0-4371-87fa-54ea3ce1f280:c1905, 0cc34542-3a00-466e-ae84-194b84d3af7b:c1901, d451d94d-57a0-4545-b387-d428f64e3f33:c1901]
2019-07-09 16:25:56,373 INFO  client.GrpcClientProtocolClient (GrpcClientProtocolClient.java:onNext(255)) - client-0F1B900A64BD->9bf35ae9-4da0-4371-87fa-54ea3ce1f280: receive RaftClientReply:client-0F1B900A64BD->9bf35ae9-4da0-4371-87fa-54ea3ce1f280@group-432E83AF5B55, cid=1359, SUCCESS, logIndex=1905, commits[9bf35ae9-4da0-4371-87fa-54ea3ce1f280:c1905, 0cc34542-3a00-466e-ae84-194b84d3af7b:c1901, d451d94d-57a0-4545-b387-d428f64e3f33:c1901]
2019-07-09 16:25:56,386 INFO  client.GrpcClientProtocolClient (GrpcClientProtocolClient.java:onNext(255)) - client-0F1B900A64BD->9bf35ae9-4da0-4371-87fa-54ea3ce1f280: receive RaftClientReply:client-0F1B900A64BD->9bf35ae9-4da0-4371-87fa-54ea3ce1f280@group-432E83AF5B55, cid=1360, SUCCESS, logIndex=0, commits[9bf35ae9-4da0-4371-87fa-54ea3ce1f280:c1907, 0cc34542-3a00-466e-ae84-194b84d3af7b:c1903, d451d94d-57a0-4545-b387-d428f64e3f33:c1903]
2019-07-09 16:25:56,405 INFO  client.GrpcClientProtocolClient (GrpcClientProtocolClient.java:onNext(255)) - client-0F1B900A64BD->9bf35ae9-4da0-4371-87fa-54ea3ce1f280: receive RaftClientReply:client-0F1B900A64BD->9bf35ae9-4da0-4371-87fa-54ea3ce1f280@group-432E83AF5B55, cid=1361, SUCCESS, logIndex=1910, commits[9bf35ae9-4da0-4371-87fa-54ea3ce1f280:c1911, 0cc34542-3a00-466e-ae84-194b84d3af7b:c1909, d451d94d-57a0-4545-b387-d428f64e3f33:c1909]
2019-07-09 16:25:56,406 INFO  client.GrpcClientProtocolClient (GrpcClientProtocolClient.java:onNext(255)) - client-0F1B900A64BD->9bf35ae9-4da0-4371-87fa-54ea3ce1f280: receive RaftClientReply:client-0F1B900A64BD->9bf35ae9-4da0-4371-87fa-54ea3ce1f280@group-432E83AF5B55, cid=1362, SUCCESS, logIndex=1911, commits[9bf35ae9-4da0-4371-87fa-54ea3ce1f280:c1911, 0cc34542-3a00-466e-ae84-194b84d3af7b:c1909, d451d94d-57a0-4545-b387-d428f64e3f33:c1909]
2019-07-09 16:25:56,418 INFO  client.GrpcClientProtocolClient (GrpcClientProtocolClient.java:onNext(255)) - client-0F1B900A64BD->9bf35ae9-4da0-4371-87fa-54ea3ce1f280: receive RaftClientReply:client-0F1B900A64BD->9bf35ae9-4da0-4371-87fa-54ea3ce1f280@group-432E83AF5B55, cid=1363, SUCCESS, logIndex=1914, commits[9bf35ae9-4da0-4371-87fa-54ea3ce1f280:c1915, 0cc34542-3a00-466e-ae84-194b84d3af7b:c1911, d451d94d-57a0-4545-b387-d428f64e3f33:c1911]
2019-07-09 16:25:56,419 INFO  client.GrpcClientProtocolClient (GrpcClientProtocolClient.java:onNext(255)) - client-0F1B900A64BD->9bf35ae9-4da0-4371-87fa-54ea3ce1f280: receive RaftClientReply:client-0F1B900A64BD->9bf35ae9-4da0-4371-87fa-54ea3ce1f280@group-432E83AF5B55, cid=1364, SUCCESS, logIndex=1915, commits[9bf35ae9-4da0-4371-87fa-54ea3ce1f280:c1915, 0cc34542-3a00-466e-ae84-194b84d3af7b:c1911, d451d94d-57a0-4545-b387-d428f64e3f33:c1911]
2019-07-09 16:25:56,430 INFO  client.GrpcClientProtocolClient (GrpcClientProtocolClient.java:onNext(255)) - client-0F1B900A64BD->9bf35ae9-4da0-4371-87fa-54ea3ce1f280: receive RaftClientReply:client-0F1B900A64BD->9bf35ae9-4da0-4371-87fa-54ea3ce1f280@group-432E83AF5B55, cid=1365, SUCCESS, logIndex=0, commits[9bf35ae9-4da0-4371-87fa-54ea3ce1f280:c1916, 0cc34542-3a00-466e-ae84-194b84d3af7b:c1915, d451d94d-57a0-4545-b387-d428f64e3f33:c1915]
2019-07-09 16:25:56,453 INFO  client.GrpcClientProtocolClient (GrpcClientProtocolClient.java:onNext(255)) - client-0F1B900A64BD->9bf35ae9-4da0-4371-87fa-54ea3ce1f280: receive RaftClientReply:client-0F1B900A64BD->9bf35ae9-4da0-4371-87fa-54ea3ce1f280@group-432E83AF5B55, cid=1366, SUCCESS, logIndex=1918, commits[9bf35ae9-4da0-4371-87fa-54ea3ce1f280:c1919, 0cc34542-3a00-466e-ae84-194b84d3af7b:c1915, d451d94d-57a0-4545-b387-d428f64e3f33:c1917]
2019-07-09 16:25:56,453 INFO  client.GrpcClientProtocolClient (GrpcClientProtocolClient.java:onNext(255)) - client-0F1B900A64BD->9bf35ae9-4da0-4371-87fa-54ea3ce1f280: receive RaftClientReply:client-0F1B900A64BD->9bf35ae9-4da0-4371-87fa-54ea3ce1f280@group-432E83AF5B55, cid=1367, SUCCESS, logIndex=1919, commits[9bf35ae9-4da0-4371-87fa-54ea3ce1f280:c1919, 0cc34542-3a00-466e-ae84-194b84d3af7b:c1915, d451d94d-57a0-4545-b387-d428f64e3f33:c1917]
2019-07-09 16:25:56,454 INFO  client.GrpcClientProtocolClient (GrpcClientProtocolClient.java:onNext(255)) - client-0F1B900A64BD->9bf35ae9-4da0-4371-87fa-54ea3ce1f280: receive RaftClientReply:client-0F1B900A64BD->9bf35ae9-4da0-4371-87fa-54ea3ce1f280@group-432E83AF5B55, cid=1368, SUCCESS, logIndex=1920, commits[9bf35ae9-4da0-4371-87fa-54ea3ce1f280:c1921, 0cc34542-3a00-466e-ae84-194b84d3af7b:c1917, d451d94d-57a0-4545-b387-d428f64e3f33:c1917]
2019-07-09 16:25:56,455 INFO  client.GrpcClientProtocolClient (GrpcClientProtocolClient.java:onNext(255)) - client-0F1B900A64BD->9bf35ae9-4da0-4371-87fa-54ea3ce1f280: receive RaftClientReply:client-0F1B900A64BD->9bf35ae9-4da0-4371-87fa-54ea3ce1f280@group-432E83AF5B55, cid=1369, SUCCESS, logIndex=1921, commits[9bf35ae9-4da0-4371-87fa-54ea3ce1f280:c1921, 0cc34542-3a00-466e-ae84-194b84d3af7b:c1917, d451d94d-57a0-4545-b387-d428f64e3f33:c1917]
2019-07-09 16:25:56,457 INFO  client.GrpcClientProtocolClient (GrpcClientProtocolClient.java:onNext(255)) - client-0F1B900A64BD->9bf35ae9-4da0-4371-87fa-54ea3ce1f280: receive RaftClientReply:client-0F1B900A64BD->9bf35ae9-4da0-4371-87fa-54ea3ce1f280@group-432E83AF5B55, cid=1370, SUCCESS, logIndex=0, commits[9bf35ae9-4da0-4371-87fa-54ea3ce1f280:c1923, 0cc34542-3a00-466e-ae84-194b84d3af7b:c1919, d451d94d-57a0-4545-b387-d428f64e3f33:c1919]
2019-07-09 16:25:56,468 INFO  client.GrpcClientProtocolClient (GrpcClientProtocolClient.java:onNext(255)) - client-0F1B900A64BD->9bf35ae9-4da0-4371-87fa-54ea3ce1f280: receive RaftClientReply:client-0F1B900A64BD->9bf35ae9-4da0-4371-87fa-54ea3ce1f280@group-432E83AF5B55, cid=1371, SUCCESS, logIndex=1926, commits[9bf35ae9-4da0-4371-87fa-54ea3ce1f280:c1927, 0cc34542-3a00-466e-ae84-194b84d3af7b:c1925, d451d94d-57a0-4545-b387-d428f64e3f33:c1921]
2019-07-09 16:25:56,468 INFO  client.GrpcClientProtocolClient (GrpcClientProtocolClient.java:onNext(255)) - client-0F1B900A64BD->9bf35ae9-4da0-4371-87fa-54ea3ce1f280: receive RaftClientReply:client-0F1B900A64BD->9bf35ae9-4da0-4371-87fa-54ea3ce1f280@group-432E83AF5B55, cid=1372, SUCCESS, logIndex=1927, commits[9bf35ae9-4da0-4371-87fa-54ea3ce1f280:c1927, 0cc34542-3a00-466e-ae84-194b84d3af7b:c1925, d451d94d-57a0-4545-b387-d428f64e3f33:c1925]
2019-07-09 16:25:56,480 INFO  client.GrpcClientProtocolClient (GrpcClientProtocolClient.java:onNext(255)) - client-0F1B900A64BD->9bf35ae9-4da0-4371-87fa-54ea3ce1f280: receive RaftClientReply:client-0F1B900A64BD->9bf35ae9-4da0-4371-87fa-54ea3ce1f280@group-432E83AF5B55, cid=1373, SUCCESS, logIndex=1930, commits[9bf35ae9-4da0-4371-87fa-54ea3ce1f280:c1931, 0cc34542-3a00-466e-ae84-194b84d3af7b:c1929, d451d94d-57a0-4545-b387-d428f64e3f33:c1927]
2019-07-09 16:25:56,480 INFO  client.GrpcClientProtocolClient (GrpcClientProtocolClient.java:onNext(255)) - client-0F1B900A64BD->9bf35ae9-4da0-4371-87fa-54ea3ce1f280: receive RaftClientReply:client-0F1B900A64BD->9bf35ae9-4da0-4371-87fa-54ea3ce1f280@group-432E83AF5B55, cid=1374, SUCCESS, logIndex=1931, commits[9bf35ae9-4da0-4371-87fa-54ea3ce1f280:c1931, 0cc34542-3a00-466e-ae84-194b84d3af7b:c1929, d451d94d-57a0-4545-b387-d428f64e3f33:c1929]
2019-07-09 16:25:56,484 INFO  client.GrpcClientProtocolClient (GrpcClientProtocolClient.java:onNext(255)) - client-0F1B900A64BD->9bf35ae9-4da0-4371-87fa-54ea3ce1f280: receive RaftClientReply:client-0F1B900A64BD->9bf35ae9-4da0-4371-87fa-54ea3ce1f280@group-432E83AF5B55, cid=1375, SUCCESS, logIndex=0, commits[9bf35ae9-4da0-4371-87fa-54ea3ce1f280:c1932, 0cc34542-3a00-466e-ae84-194b84d3af7b:c1931, d451d94d-57a0-4545-b387-d428f64e3f33:c1931]
2019-07-09 16:25:56,531 INFO  client.GrpcClientProtocolClient (GrpcClientProtocolClient.java:onNext(255)) - client-0F1B900A64BD->9bf35ae9-4da0-4371-87fa-54ea3ce1f280: receive RaftClientReply:client-0F1B900A64BD->9bf35ae9-4da0-4371-87fa-54ea3ce1f280@group-432E83AF5B55, cid=1376, SUCCESS, logIndex=1934, commits[9bf35ae9-4da0-4371-87fa-54ea3ce1f280:c1936, 0cc34542-3a00-466e-ae84-194b84d3af7b:c1933, d451d94d-57a0-4545-b387-d428f64e3f33:c1933]
2019-07-09 16:25:56,532 INFO  client.GrpcClientProtocolClient (GrpcClientProtocolClient.java:onNext(255)) - client-0F1B900A64BD->9bf35ae9-4da0-4371-87fa-54ea3ce1f280: receive RaftClientReply:client-0F1B900A64BD->9bf35ae9-4da0-4371-87fa-54ea3ce1f280@group-432E83AF5B55, cid=1377, SUCCESS, logIndex=1935, commits[9bf35ae9-4da0-4371-87fa-54ea3ce1f280:c1937, 0cc34542-3a00-466e-ae84-194b84d3af7b:c1933, d451d94d-57a0-4545-b387-d428f64e3f33:c1933]
2019-07-09 16:25:56,532 INFO  client.GrpcClientProtocolClient (GrpcClientProtocolClient.java:onNext(255)) - client-0F1B900A64BD->9bf35ae9-4da0-4371-87fa-54ea3ce1f280: receive RaftClientReply:client-0F1B900A64BD->9bf35ae9-4da0-4371-87fa-54ea3ce1f280@group-432E83AF5B55, cid=1378, SUCCESS, logIndex=1936, commits[9bf35ae9-4da0-4371-87fa-54ea3ce1f280:c1937, 0cc34542-3a00-466e-ae84-194b84d3af7b:c1933, d451d94d-57a0-4545-b387-d428f64e3f33:c1933]
2019-07-09 16:25:56,533 INFO  client.GrpcClientProtocolClient (GrpcClientProtocolClient.java:onNext(255)) - client-0F1B900A64BD->9bf35ae9-4da0-4371-87fa-54ea3ce1f280: receive RaftClientReply:client-0F1B900A64BD->9bf35ae9-4da0-4371-87fa-54ea3ce1f280@group-432E83AF5B55, cid=1379, SUCCESS, logIndex=1937, commits[9bf35ae9-4da0-4371-87fa-54ea3ce1f280:c1937, 0cc34542-3a00-466e-ae84-194b84d3af7b:c1933, d451d94d-57a0-4545-b387-d428f64e3f33:c1933]
 0.00% |█                                                                                                    |  0/1 Time: 0:00:082019-07-09 16:25:56,546 INFO  client.GrpcClientProtocolClient (GrpcClientProtocolClient.java:onNext(255)) - client-0F1B900A64BD->9bf35ae9-4da0-4371-87fa-54ea3ce1f280: receive RaftClientReply:client-0F1B900A64BD->9bf35ae9-4da0-4371-87fa-54ea3ce1f280@group-432E83AF5B55, cid=1380, SUCCESS, logIndex=0, commits[9bf35ae9-4da0-4371-87fa-54ea3ce1f280:c1939, 0cc34542-3a00-466e-ae84-194b84d3af7b:c1936, d451d94d-57a0-4545-b387-d428f64e3f33:c1936]
2019-07-09 16:25:56,563 INFO  client.GrpcClientProtocolClient (GrpcClientProtocolClient.java:onNext(255)) - client-0F1B900A64BD->9bf35ae9-4da0-4371-87fa-54ea3ce1f280: receive RaftClientReply:client-0F1B900A64BD->9bf35ae9-4da0-4371-87fa-54ea3ce1f280@group-432E83AF5B55, cid=1381, SUCCESS, logIndex=1942, commits[9bf35ae9-4da0-4371-87fa-54ea3ce1f280:c1943, 0cc34542-3a00-466e-ae84-194b84d3af7b:c1941, d451d94d-57a0-4545-b387-d428f64e3f33:c1941]
2019-07-09 16:25:56,564 INFO  client.GrpcClientProtocolClient (GrpcClientProtocolClient.java:onNext(255)) - client-0F1B900A64BD->9bf35ae9-4da0-4371-87fa-54ea3ce1f280: receive RaftClientReply:client-0F1B900A64BD->9bf35ae9-4da0-4371-87fa-54ea3ce1f280@group-432E83AF5B55, cid=1382, SUCCESS, logIndex=1943, commits[9bf35ae9-4da0-4371-87fa-54ea3ce1f280:c1943, 0cc34542-3a00-466e-ae84-194b84d3af7b:c1941, d451d94d-57a0-4545-b387-d428f64e3f33:c1941]
2019-07-09 16:25:56,586 INFO  client.GrpcClientProtocolClient (GrpcClientProtocolClient.java:onNext(255)) - client-0F1B900A64BD->9bf35ae9-4da0-4371-87fa-54ea3ce1f280: receive RaftClientReply:client-0F1B900A64BD->9bf35ae9-4da0-4371-87fa-54ea3ce1f280@group-432E83AF5B55, cid=1383, SUCCESS, logIndex=1946, commits[9bf35ae9-4da0-4371-87fa-54ea3ce1f280:c1947, 0cc34542-3a00-466e-ae84-194b84d3af7b:c1943, d451d94d-57a0-4545-b387-d428f64e3f33:c1943]
2019-07-09 16:25:56,587 INFO  client.GrpcClientProtocolClient (GrpcClientProtocolClient.java:onNext(255)) - client-0F1B900A64BD->9bf35ae9-4da0-4371-87fa-54ea3ce1f280: receive RaftClientReply:client-0F1B900A64BD->9bf35ae9-4da0-4371-87fa-54ea3ce1f280@group-432E83AF5B55, cid=1384, SUCCESS, logIndex=1947, commits[9bf35ae9-4da0-4371-87fa-54ea3ce1f280:c1947, 0cc34542-3a00-466e-ae84-194b84d3af7b:c1943, d451d94d-57a0-4545-b387-d428f64e3f33:c1943]
2019-07-09 16:25:56,601 INFO  client.GrpcClientProtocolClient (GrpcClientProtocolClient.java:onNext(255)) - client-0F1B900A64BD->9bf35ae9-4da0-4371-87fa-54ea3ce1f280: receive RaftClientReply:client-0F1B900A64BD->9bf35ae9-4da0-4371-87fa-54ea3ce1f280@group-432E83AF5B55, cid=1385, SUCCESS, logIndex=0, commits[9bf35ae9-4da0-4371-87fa-54ea3ce1f280:c1949, 0cc34542-3a00-466e-ae84-194b84d3af7b:c1947, d451d94d-57a0-4545-b387-d428f64e3f33:c1947]
2019-07-09 16:25:56,629 INFO  client.GrpcClientProtocolClient (GrpcClientProtocolClient.java:onNext(255)) - client-0F1B900A64BD->9bf35ae9-4da0-4371-87fa-54ea3ce1f280: receive RaftClientReply:client-0F1B900A64BD->9bf35ae9-4da0-4371-87fa-54ea3ce1f280@group-432E83AF5B55, cid=1386, SUCCESS, logIndex=1950, commits[9bf35ae9-4da0-4371-87fa-54ea3ce1f280:c1953, 0cc34542-3a00-466e-ae84-194b84d3af7b:c1949, d451d94d-57a0-4545-b387-d428f64e3f33:c1949]
2019-07-09 16:25:56,630 INFO  client.GrpcClientProtocolClient (GrpcClientProtocolClient.java:onNext(255)) - client-0F1B900A64BD->9bf35ae9-4da0-4371-87fa-54ea3ce1f280: receive RaftClientReply:client-0F1B900A64BD->9bf35ae9-4da0-4371-87fa-54ea3ce1f280@group-432E83AF5B55, cid=1387, SUCCESS, logIndex=1951, commits[9bf35ae9-4da0-4371-87fa-54ea3ce1f280:c1953, 0cc34542-3a00-466e-ae84-194b84d3af7b:c1949, d451d94d-57a0-4545-b387-d428f64e3f33:c1949]
2019-07-09 16:25:56,631 INFO  client.GrpcClientProtocolClient (GrpcClientProtocolClient.java:onNext(255)) - client-0F1B900A64BD->9bf35ae9-4da0-4371-87fa-54ea3ce1f280: receive RaftClientReply:client-0F1B900A64BD->9bf35ae9-4da0-4371-87fa-54ea3ce1f280@group-432E83AF5B55, cid=1388, SUCCESS, logIndex=1952, commits[9bf35ae9-4da0-4371-87fa-54ea3ce1f280:c1953, 0cc34542-3a00-466e-ae84-194b84d3af7b:c1949, d451d94d-57a0-4545-b387-d428f64e3f33:c1949]
2019-07-09 16:25:56,631 INFO  client.GrpcClientProtocolClient (GrpcClientProtocolClient.java:onNext(255)) - client-0F1B900A64BD->9bf35ae9-4da0-4371-87fa-54ea3ce1f280: receive RaftClientReply:client-0F1B900A64BD->9bf35ae9-4da0-4371-87fa-54ea3ce1f280@group-432E83AF5B55, cid=1389, SUCCESS, logIndex=1953, commits[9bf35ae9-4da0-4371-87fa-54ea3ce1f280:c1953, 0cc34542-3a00-466e-ae84-194b84d3af7b:c1949, d451d94d-57a0-4545-b387-d428f64e3f33:c1949]
2019-07-09 16:25:56,644 INFO  client.GrpcClientProtocolClient (GrpcClientProtocolClient.java:onNext(255)) - client-0F1B900A64BD->9bf35ae9-4da0-4371-87fa-54ea3ce1f280: receive RaftClientReply:client-0F1B900A64BD->9bf35ae9-4da0-4371-87fa-54ea3ce1f280@group-432E83AF5B55, cid=1390, SUCCESS, logIndex=0, commits[9bf35ae9-4da0-4371-87fa-54ea3ce1f280:c1957, 0cc34542-3a00-466e-ae84-194b84d3af7b:c1953, d451d94d-57a0-4545-b387-d428f64e3f33:c1952]
2019-07-09 16:25:56,665 INFO  client.GrpcClientProtocolClient (GrpcClientProtocolClient.java:onNext(255)) - client-0F1B900A64BD->9bf35ae9-4da0-4371-87fa-54ea3ce1f280: receive RaftClientReply:client-0F1B900A64BD->9bf35ae9-4da0-4371-87fa-54ea3ce1f280@group-432E83AF5B55, cid=1391, SUCCESS, logIndex=1958, commits[9bf35ae9-4da0-4371-87fa-54ea3ce1f280:c1959, 0cc34542-3a00-466e-ae84-194b84d3af7b:c1957, d451d94d-57a0-4545-b387-d428f64e3f33:c1957]
2019-07-09 16:25:56,665 INFO  client.GrpcClientProtocolClient (GrpcClientProtocolClient.java:onNext(255)) - client-0F1B900A64BD->9bf35ae9-4da0-4371-87fa-54ea3ce1f280: receive RaftClientReply:client-0F1B900A64BD->9bf35ae9-4da0-4371-87fa-54ea3ce1f280@group-432E83AF5B55, cid=1392, SUCCESS, logIndex=1959, commits[9bf35ae9-4da0-4371-87fa-54ea3ce1f280:c1959, 0cc34542-3a00-466e-ae84-194b84d3af7b:c1957, d451d94d-57a0-4545-b387-d428f64e3f33:c1957]
2019-07-09 16:25:56,682 INFO  client.GrpcClientProtocolClient (GrpcClientProtocolClient.java:onNext(255)) - client-0F1B900A64BD->9bf35ae9-4da0-4371-87fa-54ea3ce1f280: receive RaftClientReply:client-0F1B900A64BD->9bf35ae9-4da0-4371-87fa-54ea3ce1f280@group-432E83AF5B55, cid=1393, SUCCESS, logIndex=1962, commits[9bf35ae9-4da0-4371-87fa-54ea3ce1f280:c1963, 0cc34542-3a00-466e-ae84-194b84d3af7b:c1959, d451d94d-57a0-4545-b387-d428f64e3f33:c1959]
2019-07-09 16:25:56,683 INFO  client.GrpcClientProtocolClient (GrpcClientProtocolClient.java:onNext(255)) - client-0F1B900A64BD->9bf35ae9-4da0-4371-87fa-54ea3ce1f280: receive RaftClientReply:client-0F1B900A64BD->9bf35ae9-4da0-4371-87fa-54ea3ce1f280@group-432E83AF5B55, cid=1394, SUCCESS, logIndex=1963, commits[9bf35ae9-4da0-4371-87fa-54ea3ce1f280:c1963, 0cc34542-3a00-466e-ae84-194b84d3af7b:c1959, d451d94d-57a0-4545-b387-d428f64e3f33:c1959]
2019-07-09 16:25:56,696 INFO  client.GrpcClientProtocolClient (GrpcClientProtocolClient.java:onNext(255)) - client-0F1B900A64BD->9bf35ae9-4da0-4371-87fa-54ea3ce1f280: receive RaftClientReply:client-0F1B900A64BD->9bf35ae9-4da0-4371-87fa-54ea3ce1f280@group-432E83AF5B55, cid=1395, SUCCESS, logIndex=0, commits[9bf35ae9-4da0-4371-87fa-54ea3ce1f280:c1965, 0cc34542-3a00-466e-ae84-194b84d3af7b:c1963, d451d94d-57a0-4545-b387-d428f64e3f33:c1963]
2019-07-09 16:25:56,723 INFO  client.GrpcClientProtocolClient (GrpcClientProtocolClient.java:onNext(255)) - client-0F1B900A64BD->9bf35ae9-4da0-4371-87fa-54ea3ce1f280: receive RaftClientReply:client-0F1B900A64BD->9bf35ae9-4da0-4371-87fa-54ea3ce1f280@group-432E83AF5B55, cid=1396, SUCCESS, logIndex=1966, commits[9bf35ae9-4da0-4371-87fa-54ea3ce1f280:c1967, 0cc34542-3a00-466e-ae84-194b84d3af7b:c1965, d451d94d-57a0-4545-b387-d428f64e3f33:c1965]
2019-07-09 16:25:56,724 INFO  client.GrpcClientProtocolClient (GrpcClientProtocolClient.java:onNext(255)) - client-0F1B900A64BD->9bf35ae9-4da0-4371-87fa-54ea3ce1f280: receive RaftClientReply:client-0F1B900A64BD->9bf35ae9-4da0-4371-87fa-54ea3ce1f280@group-432E83AF5B55, cid=1397, SUCCESS, logIndex=1967, commits[9bf35ae9-4da0-4371-87fa-54ea3ce1f280:c1969, 0cc34542-3a00-466e-ae84-194b84d3af7b:c1965, d451d94d-57a0-4545-b387-d428f64e3f33:c1965]
2019-07-09 16:25:56,724 INFO  client.GrpcClientProtocolClient (GrpcClientProtocolClient.java:onNext(255)) - client-0F1B900A64BD->9bf35ae9-4da0-4371-87fa-54ea3ce1f280: receive RaftClientReply:client-0F1B900A64BD->9bf35ae9-4da0-4371-87fa-54ea3ce1f280@group-432E83AF5B55, cid=1398, SUCCESS, logIndex=1968, commits[9bf35ae9-4da0-4371-87fa-54ea3ce1f280:c1969, 0cc34542-3a00-466e-ae84-194b84d3af7b:c1965, d451d94d-57a0-4545-b387-d428f64e3f33:c1965]
2019-07-09 16:25:56,725 INFO  client.GrpcClientProtocolClient (GrpcClientProtocolClient.java:onNext(255)) - client-0F1B900A64BD->9bf35ae9-4da0-4371-87fa-54ea3ce1f280: receive RaftClientReply:client-0F1B900A64BD->9bf35ae9-4da0-4371-87fa-54ea3ce1f280@group-432E83AF5B55, cid=1399, SUCCESS, logIndex=1969, commits[9bf35ae9-4da0-4371-87fa-54ea3ce1f280:c1969, 0cc34542-3a00-466e-ae84-194b84d3af7b:c1965, d451d94d-57a0-4545-b387-d428f64e3f33:c1965]
2019-07-09 16:25:56,728 INFO  client.GrpcClientProtocolClient (GrpcClientProtocolClient.java:onNext(255)) - client-0F1B900A64BD->9bf35ae9-4da0-4371-87fa-54ea3ce1f280: receive RaftClientReply:client-0F1B900A64BD->9bf35ae9-4da0-4371-87fa-54ea3ce1f280@group-432E83AF5B55, cid=1400, SUCCESS, logIndex=0, commits[9bf35ae9-4da0-4371-87fa-54ea3ce1f280:c1972, 0cc34542-3a00-466e-ae84-194b84d3af7b:c1969, d451d94d-57a0-4545-b387-d428f64e3f33:c1967]
2019-07-09 16:25:56,849 INFO  client.GrpcClientProtocolClient (GrpcClientProtocolClient.java:onNext(255)) - client-0F1B900A64BD->9bf35ae9-4da0-4371-87fa-54ea3ce1f280: receive RaftClientReply:client-0F1B900A64BD->9bf35ae9-4da0-4371-87fa-54ea3ce1f280@group-432E83AF5B55, cid=1401, SUCCESS, logIndex=1974, commits[9bf35ae9-4da0-4371-87fa-54ea3ce1f280:c1975, 0cc34542-3a00-466e-ae84-194b84d3af7b:c1973, d451d94d-57a0-4545-b387-d428f64e3f33:c1973]
2019-07-09 16:25:56,850 INFO  client.GrpcClientProtocolClient (GrpcClientProtocolClient.java:onNext(255)) - client-0F1B900A64BD->9bf35ae9-4da0-4371-87fa-54ea3ce1f280: receive RaftClientReply:client-0F1B900A64BD->9bf35ae9-4da0-4371-87fa-54ea3ce1f280@group-432E83AF5B55, cid=1402, SUCCESS, logIndex=1975, commits[9bf35ae9-4da0-4371-87fa-54ea3ce1f280:c1975, 0cc34542-3a00-466e-ae84-194b84d3af7b:c1973, d451d94d-57a0-4545-b387-d428f64e3f33:c1973]
2019-07-09 16:25:56,873 INFO  client.GrpcClientProtocolClient (GrpcClientProtocolClient.java:onNext(255)) - client-0F1B900A64BD->9bf35ae9-4da0-4371-87fa-54ea3ce1f280: receive RaftClientReply:client-0F1B900A64BD->9bf35ae9-4da0-4371-87fa-54ea3ce1f280@group-432E83AF5B55, cid=1403, SUCCESS, logIndex=1978, commits[9bf35ae9-4da0-4371-87fa-54ea3ce1f280:c1979, 0cc34542-3a00-466e-ae84-194b84d3af7b:c1975, d451d94d-57a0-4545-b387-d428f64e3f33:c1975]
2019-07-09 16:25:56,874 INFO  client.GrpcClientProtocolClient (GrpcClientProtocolClient.java:onNext(255)) - client-0F1B900A64BD->9bf35ae9-4da0-4371-87fa-54ea3ce1f280: receive RaftClientReply:client-0F1B900A64BD->9bf35ae9-4da0-4371-87fa-54ea3ce1f280@group-432E83AF5B55, cid=1404, SUCCESS, logIndex=1979, commits[9bf35ae9-4da0-4371-87fa-54ea3ce1f280:c1979, 0cc34542-3a00-466e-ae84-194b84d3af7b:c1975, d451d94d-57a0-4545-b387-d428f64e3f33:c1975]
2019-07-09 16:25:56,875 INFO  client.GrpcClientProtocolClient (GrpcClientProtocolClient.java:onNext(255)) - client-0F1B900A64BD->9bf35ae9-4da0-4371-87fa-54ea3ce1f280: receive RaftClientReply:client-0F1B900A64BD->9bf35ae9-4da0-4371-87fa-54ea3ce1f280@group-432E83AF5B55, cid=1405, SUCCESS, logIndex=0, commits[9bf35ae9-4da0-4371-87fa-54ea3ce1f280:c1980, 0cc34542-3a00-466e-ae84-194b84d3af7b:c1979, d451d94d-57a0-4545-b387-d428f64e3f33:c1979]
2019-07-09 16:25:56,905 INFO  client.GrpcClientProtocolClient (GrpcClientProtocolClient.java:onNext(255)) - client-0F1B900A64BD->9bf35ae9-4da0-4371-87fa-54ea3ce1f280: receive RaftClientReply:client-0F1B900A64BD->9bf35ae9-4da0-4371-87fa-54ea3ce1f280@group-432E83AF5B55, cid=1406, SUCCESS, logIndex=1982, commits[9bf35ae9-4da0-4371-87fa-54ea3ce1f280:c1984, 0cc34542-3a00-466e-ae84-194b84d3af7b:c1981, d451d94d-57a0-4545-b387-d428f64e3f33:c1981]
2019-07-09 16:25:56,906 INFO  client.GrpcClientProtocolClient (GrpcClientProtocolClient.java:onNext(255)) - client-0F1B900A64BD->9bf35ae9-4da0-4371-87fa-54ea3ce1f280: receive RaftClientReply:client-0F1B900A64BD->9bf35ae9-4da0-4371-87fa-54ea3ce1f280@group-432E83AF5B55, cid=1407, SUCCESS, logIndex=1983, commits[9bf35ae9-4da0-4371-87fa-54ea3ce1f280:c1985, 0cc34542-3a00-466e-ae84-194b84d3af7b:c1981, d451d94d-57a0-4545-b387-d428f64e3f33:c1981]
2019-07-09 16:25:56,907 INFO  client.GrpcClientProtocolClient (GrpcClientProtocolClient.java:onNext(255)) - client-0F1B900A64BD->9bf35ae9-4da0-4371-87fa-54ea3ce1f280: receive RaftClientReply:client-0F1B900A64BD->9bf35ae9-4da0-4371-87fa-54ea3ce1f280@group-432E83AF5B55, cid=1408, SUCCESS, logIndex=1984, commits[9bf35ae9-4da0-4371-87fa-54ea3ce1f280:c1985, 0cc34542-3a00-466e-ae84-194b84d3af7b:c1981, d451d94d-57a0-4545-b387-d428f64e3f33:c1981]
2019-07-09 16:25:56,907 INFO  client.GrpcClientProtocolClient (GrpcClientProtocolClient.java:onNext(255)) - client-0F1B900A64BD->9bf35ae9-4da0-4371-87fa-54ea3ce1f280: receive RaftClientReply:client-0F1B900A64BD->9bf35ae9-4da0-4371-87fa-54ea3ce1f280@group-432E83AF5B55, cid=1409, SUCCESS, logIndex=1985, commits[9bf35ae9-4da0-4371-87fa-54ea3ce1f280:c1985, 0cc34542-3a00-466e-ae84-194b84d3af7b:c1981, d451d94d-57a0-4545-b387-d428f64e3f33:c1981]
2019-07-09 16:25:56,908 INFO  client.GrpcClientProtocolClient (GrpcClientProtocolClient.java:onNext(255)) - client-0F1B900A64BD->9bf35ae9-4da0-4371-87fa-54ea3ce1f280: receive RaftClientReply:client-0F1B900A64BD->9bf35ae9-4da0-4371-87fa-54ea3ce1f280@group-432E83AF5B55, cid=1410, SUCCESS, logIndex=0, commits[9bf35ae9-4da0-4371-87fa-54ea3ce1f280:c1987, 0cc34542-3a00-466e-ae84-194b84d3af7b:c1983, d451d94d-57a0-4545-b387-d428f64e3f33:c1983]
2019-07-09 16:25:56,929 INFO  client.GrpcClientProtocolClient (GrpcClientProtocolClient.java:onNext(255)) - client-0F1B900A64BD->9bf35ae9-4da0-4371-87fa-54ea3ce1f280: receive RaftClientReply:client-0F1B900A64BD->9bf35ae9-4da0-4371-87fa-54ea3ce1f280@group-432E83AF5B55, cid=1411, SUCCESS, logIndex=1990, commits[9bf35ae9-4da0-4371-87fa-54ea3ce1f280:c1991, 0cc34542-3a00-466e-ae84-194b84d3af7b:c1989, d451d94d-57a0-4545-b387-d428f64e3f33:c1989]
2019-07-09 16:25:56,929 INFO  client.GrpcClientProtocolClient (GrpcClientProtocolClient.java:onNext(255)) - client-0F1B900A64BD->9bf35ae9-4da0-4371-87fa-54ea3ce1f280: receive RaftClientReply:client-0F1B900A64BD->9bf35ae9-4da0-4371-87fa-54ea3ce1f280@group-432E83AF5B55, cid=1412, SUCCESS, logIndex=1991, commits[9bf35ae9-4da0-4371-87fa-54ea3ce1f280:c1991, 0cc34542-3a00-466e-ae84-194b84d3af7b:c1989, d451d94d-57a0-4545-b387-d428f64e3f33:c1989]
2019-07-09 16:25:56,942 INFO  client.GrpcClientProtocolClient (GrpcClientProtocolClient.java:onNext(255)) - client-0F1B900A64BD->9bf35ae9-4da0-4371-87fa-54ea3ce1f280: receive RaftClientReply:client-0F1B900A64BD->9bf35ae9-4da0-4371-87fa-54ea3ce1f280@group-432E83AF5B55, cid=1413, SUCCESS, logIndex=1994, commits[9bf35ae9-4da0-4371-87fa-54ea3ce1f280:c1994, 0cc34542-3a00-466e-ae84-194b84d3af7b:c1991, d451d94d-57a0-4545-b387-d428f64e3f33:c1991]
2019-07-09 16:25:56,943 INFO  client.GrpcClientProtocolClient (GrpcClientProtocolClient.java:onNext(255)) - client-0F1B900A64BD->9bf35ae9-4da0-4371-87fa-54ea3ce1f280: receive RaftClientReply:client-0F1B900A64BD->9bf35ae9-4da0-4371-87fa-54ea3ce1f280@group-432E83AF5B55, cid=1414, SUCCESS, logIndex=1995, commits[9bf35ae9-4da0-4371-87fa-54ea3ce1f280:c1995, 0cc34542-3a00-466e-ae84-194b84d3af7b:c1991, d451d94d-57a0-4545-b387-d428f64e3f33:c1991]
2019-07-09 16:25:56,957 INFO  client.GrpcClientProtocolClient (GrpcClientProtocolClient.java:onNext(255)) - client-0F1B900A64BD->9bf35ae9-4da0-4371-87fa-54ea3ce1f280: receive RaftClientReply:client-0F1B900A64BD->9bf35ae9-4da0-4371-87fa-54ea3ce1f280@group-432E83AF5B55, cid=1415, SUCCESS, logIndex=0, commits[9bf35ae9-4da0-4371-87fa-54ea3ce1f280:c1997, 0cc34542-3a00-466e-ae84-194b84d3af7b:c1995, d451d94d-57a0-4545-b387-d428f64e3f33:c1995]
2019-07-09 16:25:56,989 INFO  client.GrpcClientProtocolClient (GrpcClientProtocolClient.java:onNext(255)) - client-0F1B900A64BD->9bf35ae9-4da0-4371-87fa-54ea3ce1f280: receive RaftClientReply:client-0F1B900A64BD->9bf35ae9-4da0-4371-87fa-54ea3ce1f280@group-432E83AF5B55, cid=1416, SUCCESS, logIndex=1998, commits[9bf35ae9-4da0-4371-87fa-54ea3ce1f280:c2000, 0cc34542-3a00-466e-ae84-194b84d3af7b:c1997, d451d94d-57a0-4545-b387-d428f64e3f33:c1997]
2019-07-09 16:25:56,989 INFO  client.GrpcClientProtocolClient (GrpcClientProtocolClient.java:onNext(255)) - client-0F1B900A64BD->9bf35ae9-4da0-4371-87fa-54ea3ce1f280: receive RaftClientReply:client-0F1B900A64BD->9bf35ae9-4da0-4371-87fa-54ea3ce1f280@group-432E83AF5B55, cid=1417, SUCCESS, logIndex=1999, commits[9bf35ae9-4da0-4371-87fa-54ea3ce1f280:c2001, 0cc34542-3a00-466e-ae84-194b84d3af7b:c1997, d451d94d-57a0-4545-b387-d428f64e3f33:c1997]
2019-07-09 16:25:56,990 INFO  client.GrpcClientProtocolClient (GrpcClientProtocolClient.java:onNext(255)) - client-0F1B900A64BD->9bf35ae9-4da0-4371-87fa-54ea3ce1f280: receive RaftClientReply:client-0F1B900A64BD->9bf35ae9-4da0-4371-87fa-54ea3ce1f280@group-432E83AF5B55, cid=1418, SUCCESS, logIndex=2000, commits[9bf35ae9-4da0-4371-87fa-54ea3ce1f280:c2001, 0cc34542-3a00-466e-ae84-194b84d3af7b:c1997, d451d94d-57a0-4545-b387-d428f64e3f33:c1997]
2019-07-09 16:25:56,990 INFO  client.GrpcClientProtocolClient (GrpcClientProtocolClient.java:onNext(255)) - client-0F1B900A64BD->9bf35ae9-4da0-4371-87fa-54ea3ce1f280: receive RaftClientReply:client-0F1B900A64BD->9bf35ae9-4da0-4371-87fa-54ea3ce1f280@group-432E83AF5B55, cid=1419, SUCCESS, logIndex=2001, commits[9bf35ae9-4da0-4371-87fa-54ea3ce1f280:c2001, 0cc34542-3a00-466e-ae84-194b84d3af7b:c1997, d451d94d-57a0-4545-b387-d428f64e3f33:c1997]
2019-07-09 16:25:57,003 INFO  client.GrpcClientProtocolClient (GrpcClientProtocolClient.java:onNext(255)) - client-0F1B900A64BD->9bf35ae9-4da0-4371-87fa-54ea3ce1f280: receive RaftClientReply:client-0F1B900A64BD->9bf35ae9-4da0-4371-87fa-54ea3ce1f280@group-432E83AF5B55, cid=1420, SUCCESS, logIndex=0, commits[9bf35ae9-4da0-4371-87fa-54ea3ce1f280:c2005, 0cc34542-3a00-466e-ae84-194b84d3af7b:c1999, d451d94d-57a0-4545-b387-d428f64e3f33:c2001]
2019-07-09 16:25:57,048 INFO  client.GrpcClientProtocolClient (GrpcClientProtocolClient.java:onNext(255)) - client-0F1B900A64BD->9bf35ae9-4da0-4371-87fa-54ea3ce1f280: receive RaftClientReply:client-0F1B900A64BD->9bf35ae9-4da0-4371-87fa-54ea3ce1f280@group-432E83AF5B55, cid=1421, SUCCESS, logIndex=2006, commits[9bf35ae9-4da0-4371-87fa-54ea3ce1f280:c2007, 0cc34542-3a00-466e-ae84-194b84d3af7b:c2005, d451d94d-57a0-4545-b387-d428f64e3f33:c2005]
2019-07-09 16:25:57,048 INFO  client.GrpcClientProtocolClient (GrpcClientProtocolClient.java:onNext(255)) - client-0F1B900A64BD->9bf35ae9-4da0-4371-87fa-54ea3ce1f280: receive RaftClientReply:client-0F1B900A64BD->9bf35ae9-4da0-4371-87fa-54ea3ce1f280@group-432E83AF5B55, cid=1422, SUCCESS, logIndex=2007, commits[9bf35ae9-4da0-4371-87fa-54ea3ce1f280:c2007, 0cc34542-3a00-466e-ae84-194b84d3af7b:c2005, d451d94d-57a0-4545-b387-d428f64e3f33:c2005]
2019-07-09 16:25:57,073 INFO  client.GrpcClientProtocolClient (GrpcClientProtocolClient.java:onNext(255)) - client-0F1B900A64BD->9bf35ae9-4da0-4371-87fa-54ea3ce1f280: receive RaftClientReply:client-0F1B900A64BD->9bf35ae9-4da0-4371-87fa-54ea3ce1f280@group-432E83AF5B55, cid=1423, SUCCESS, logIndex=2010, commits[9bf35ae9-4da0-4371-87fa-54ea3ce1f280:c2011, 0cc34542-3a00-466e-ae84-194b84d3af7b:c2007, d451d94d-57a0-4545-b387-d428f64e3f33:c2007]
2019-07-09 16:25:57,073 INFO  client.GrpcClientProtocolClient (GrpcClientProtocolClient.java:onNext(255)) - client-0F1B900A64BD->9bf35ae9-4da0-4371-87fa-54ea3ce1f280: receive RaftClientReply:client-0F1B900A64BD->9bf35ae9-4da0-4371-87fa-54ea3ce1f280@group-432E83AF5B55, cid=1424, SUCCESS, logIndex=2011, commits[9bf35ae9-4da0-4371-87fa-54ea3ce1f280:c2011, 0cc34542-3a00-466e-ae84-194b84d3af7b:c2007, d451d94d-57a0-4545-b387-d428f64e3f33:c2007]
2019-07-09 16:25:57,085 INFO  client.GrpcClientProtocolClient (GrpcClientProtocolClient.java:onNext(255)) - client-0F1B900A64BD->9bf35ae9-4da0-4371-87fa-54ea3ce1f280: receive RaftClientReply:client-0F1B900A64BD->9bf35ae9-4da0-4371-87fa-54ea3ce1f280@group-432E83AF5B55, cid=1425, SUCCESS, logIndex=0, commits[9bf35ae9-4da0-4371-87fa-54ea3ce1f280:c2012, 0cc34542-3a00-466e-ae84-194b84d3af7b:c2011, d451d94d-57a0-4545-b387-d428f64e3f33:c2011]
2019-07-09 16:25:57,114 INFO  client.GrpcClientProtocolClient (GrpcClientProtocolClient.java:onNext(255)) - client-0F1B900A64BD->9bf35ae9-4da0-4371-87fa-54ea3ce1f280: receive RaftClientReply:client-0F1B900A64BD->9bf35ae9-4da0-4371-87fa-54ea3ce1f280@group-432E83AF5B55, cid=1426, SUCCESS, logIndex=2014, commits[9bf35ae9-4da0-4371-87fa-54ea3ce1f280:c2015, 0cc34542-3a00-466e-ae84-194b84d3af7b:c2013, d451d94d-57a0-4545-b387-d428f64e3f33:c2013]
2019-07-09 16:25:57,115 INFO  client.GrpcClientProtocolClient (GrpcClientProtocolClient.java:onNext(255)) - client-0F1B900A64BD->9bf35ae9-4da0-4371-87fa-54ea3ce1f280: receive RaftClientReply:client-0F1B900A64BD->9bf35ae9-4da0-4371-87fa-54ea3ce1f280@group-432E83AF5B55, cid=1427, SUCCESS, logIndex=2015, commits[9bf35ae9-4da0-4371-87fa-54ea3ce1f280:c2015, 0cc34542-3a00-466e-ae84-194b84d3af7b:c2013, d451d94d-57a0-4545-b387-d428f64e3f33:c2013]
2019-07-09 16:25:57,116 INFO  client.GrpcClientProtocolClient (GrpcClientProtocolClient.java:onNext(255)) - client-0F1B900A64BD->9bf35ae9-4da0-4371-87fa-54ea3ce1f280: receive RaftClientReply:client-0F1B900A64BD->9bf35ae9-4da0-4371-87fa-54ea3ce1f280@group-432E83AF5B55, cid=1428, SUCCESS, logIndex=2016, commits[9bf35ae9-4da0-4371-87fa-54ea3ce1f280:c2017, 0cc34542-3a00-466e-ae84-194b84d3af7b:c2013, d451d94d-57a0-4545-b387-d428f64e3f33:c2013]
2019-07-09 16:25:57,116 INFO  client.GrpcClientProtocolClient (GrpcClientProtocolClient.java:onNext(255)) - client-0F1B900A64BD->9bf35ae9-4da0-4371-87fa-54ea3ce1f280: receive RaftClientReply:client-0F1B900A64BD->9bf35ae9-4da0-4371-87fa-54ea3ce1f280@group-432E83AF5B55, cid=1429, SUCCESS, logIndex=2017, commits[9bf35ae9-4da0-4371-87fa-54ea3ce1f280:c2018, 0cc34542-3a00-466e-ae84-194b84d3af7b:c2015, d451d94d-57a0-4545-b387-d428f64e3f33:c2013]
2019-07-09 16:25:57,118 INFO  client.GrpcClientProtocolClient (GrpcClientProtocolClient.java:onNext(255)) - client-0F1B900A64BD->9bf35ae9-4da0-4371-87fa-54ea3ce1f280: receive RaftClientReply:client-0F1B900A64BD->9bf35ae9-4da0-4371-87fa-54ea3ce1f280@group-432E83AF5B55, cid=1430, SUCCESS, logIndex=0, commits[9bf35ae9-4da0-4371-87fa-54ea3ce1f280:c2019, 0cc34542-3a00-466e-ae84-194b84d3af7b:c2015, d451d94d-57a0-4545-b387-d428f64e3f33:c2015]
2019-07-09 16:25:57,131 INFO  client.GrpcClientProtocolClient (GrpcClientProtocolClient.java:onNext(255)) - client-0F1B900A64BD->9bf35ae9-4da0-4371-87fa-54ea3ce1f280: receive RaftClientReply:client-0F1B900A64BD->9bf35ae9-4da0-4371-87fa-54ea3ce1f280@group-432E83AF5B55, cid=1431, SUCCESS, logIndex=2021, commits[9bf35ae9-4da0-4371-87fa-54ea3ce1f280:c2022, 0cc34542-3a00-466e-ae84-194b84d3af7b:c2019, d451d94d-57a0-4545-b387-d428f64e3f33:c2017]
2019-07-09 16:25:57,131 INFO  client.GrpcClientProtocolClient (GrpcClientProtocolClient.java:onNext(255)) - client-0F1B900A64BD->9bf35ae9-4da0-4371-87fa-54ea3ce1f280: receive RaftClientReply:client-0F1B900A64BD->9bf35ae9-4da0-4371-87fa-54ea3ce1f280@group-432E83AF5B55, cid=1432, SUCCESS, logIndex=2022, commits[9bf35ae9-4da0-4371-87fa-54ea3ce1f280:c2022, 0cc34542-3a00-466e-ae84-194b84d3af7b:c2019, d451d94d-57a0-4545-b387-d428f64e3f33:c2019]
2019-07-09 16:25:57,147 INFO  client.GrpcClientProtocolClient (GrpcClientProtocolClient.java:onNext(255)) - client-0F1B900A64BD->9bf35ae9-4da0-4371-87fa-54ea3ce1f280: receive RaftClientReply:client-0F1B900A64BD->9bf35ae9-4da0-4371-87fa-54ea3ce1f280@group-432E83AF5B55, cid=1433, SUCCESS, logIndex=2025, commits[9bf35ae9-4da0-4371-87fa-54ea3ce1f280:c2026, 0cc34542-3a00-466e-ae84-194b84d3af7b:c2023, d451d94d-57a0-4545-b387-d428f64e3f33:c2022]
2019-07-09 16:25:57,148 INFO  client.GrpcClientProtocolClient (GrpcClientProtocolClient.java:onNext(255)) - client-0F1B900A64BD->9bf35ae9-4da0-4371-87fa-54ea3ce1f280: receive RaftClientReply:client-0F1B900A64BD->9bf35ae9-4da0-4371-87fa-54ea3ce1f280@group-432E83AF5B55, cid=1434, SUCCESS, logIndex=2026, commits[9bf35ae9-4da0-4371-87fa-54ea3ce1f280:c2026, 0cc34542-3a00-466e-ae84-194b84d3af7b:c2023, d451d94d-57a0-4545-b387-d428f64e3f33:c2023]
2019-07-09 16:25:57,150 INFO  client.GrpcClientProtocolClient (GrpcClientProtocolClient.java:onNext(255)) - client-0F1B900A64BD->9bf35ae9-4da0-4371-87fa-54ea3ce1f280: receive RaftClientReply:client-0F1B900A64BD->9bf35ae9-4da0-4371-87fa-54ea3ce1f280@group-432E83AF5B55, cid=1435, SUCCESS, logIndex=0, commits[9bf35ae9-4da0-4371-87fa-54ea3ce1f280:c2028, 0cc34542-3a00-466e-ae84-194b84d3af7b:c2026, d451d94d-57a0-4545-b387-d428f64e3f33:c2026]
2019-07-09 16:25:57,181 INFO  client.GrpcClientProtocolClient (GrpcClientProtocolClient.java:onNext(255)) - client-0F1B900A64BD->9bf35ae9-4da0-4371-87fa-54ea3ce1f280: receive RaftClientReply:client-0F1B900A64BD->9bf35ae9-4da0-4371-87fa-54ea3ce1f280@group-432E83AF5B55, cid=1436, SUCCESS, logIndex=2029, commits[9bf35ae9-4da0-4371-87fa-54ea3ce1f280:c2030, 0cc34542-3a00-466e-ae84-194b84d3af7b:c2028, d451d94d-57a0-4545-b387-d428f64e3f33:c2028]
2019-07-09 16:25:57,182 INFO  client.GrpcClientProtocolClient (GrpcClientProtocolClient.java:onNext(255)) - client-0F1B900A64BD->9bf35ae9-4da0-4371-87fa-54ea3ce1f280: receive RaftClientReply:client-0F1B900A64BD->9bf35ae9-4da0-4371-87fa-54ea3ce1f280@group-432E83AF5B55, cid=1437, SUCCESS, logIndex=2030, commits[9bf35ae9-4da0-4371-87fa-54ea3ce1f280:c2032, 0cc34542-3a00-466e-ae84-194b84d3af7b:c2028, d451d94d-57a0-4545-b387-d428f64e3f33:c2028]
2019-07-09 16:25:57,183 INFO  client.GrpcClientProtocolClient (GrpcClientProtocolClient.java:onNext(255)) - client-0F1B900A64BD->9bf35ae9-4da0-4371-87fa-54ea3ce1f280: receive RaftClientReply:client-0F1B900A64BD->9bf35ae9-4da0-4371-87fa-54ea3ce1f280@group-432E83AF5B55, cid=1438, SUCCESS, logIndex=2031, commits[9bf35ae9-4da0-4371-87fa-54ea3ce1f280:c2032, 0cc34542-3a00-466e-ae84-194b84d3af7b:c2028, d451d94d-57a0-4545-b387-d428f64e3f33:c2028]
2019-07-09 16:25:57,184 INFO  client.GrpcClientProtocolClient (GrpcClientProtocolClient.java:onNext(255)) - client-0F1B900A64BD->9bf35ae9-4da0-4371-87fa-54ea3ce1f280: receive RaftClientReply:client-0F1B900A64BD->9bf35ae9-4da0-4371-87fa-54ea3ce1f280@group-432E83AF5B55, cid=1439, SUCCESS, logIndex=2032, commits[9bf35ae9-4da0-4371-87fa-54ea3ce1f280:c2032, 0cc34542-3a00-466e-ae84-194b84d3af7b:c2028, d451d94d-57a0-4545-b387-d428f64e3f33:c2028]
2019-07-09 16:25:57,193 INFO  client.GrpcClientProtocolClient (GrpcClientProtocolClient.java:onNext(255)) - client-0F1B900A64BD->9bf35ae9-4da0-4371-87fa-54ea3ce1f280: receive RaftClientReply:client-0F1B900A64BD->9bf35ae9-4da0-4371-87fa-54ea3ce1f280@group-432E83AF5B55, cid=1440, SUCCESS, logIndex=0, commits[9bf35ae9-4da0-4371-87fa-54ea3ce1f280:c2034, 0cc34542-3a00-466e-ae84-194b84d3af7b:c2030, d451d94d-57a0-4545-b387-d428f64e3f33:c2030]
2019-07-09 16:25:57,213 INFO  client.GrpcClientProtocolClient (GrpcClientProtocolClient.java:onNext(255)) - client-0F1B900A64BD->9bf35ae9-4da0-4371-87fa-54ea3ce1f280: receive RaftClientReply:client-0F1B900A64BD->9bf35ae9-4da0-4371-87fa-54ea3ce1f280@group-432E83AF5B55, cid=1441, SUCCESS, logIndex=2037, commits[9bf35ae9-4da0-4371-87fa-54ea3ce1f280:c2038, 0cc34542-3a00-466e-ae84-194b84d3af7b:c2036, d451d94d-57a0-4545-b387-d428f64e3f33:c2036]
2019-07-09 16:25:57,213 INFO  client.GrpcClientProtocolClient (GrpcClientProtocolClient.java:onNext(255)) - client-0F1B900A64BD->9bf35ae9-4da0-4371-87fa-54ea3ce1f280: receive RaftClientReply:client-0F1B900A64BD->9bf35ae9-4da0-4371-87fa-54ea3ce1f280@group-432E83AF5B55, cid=1442, SUCCESS, logIndex=2038, commits[9bf35ae9-4da0-4371-87fa-54ea3ce1f280:c2038, 0cc34542-3a00-466e-ae84-194b84d3af7b:c2036, d451d94d-57a0-4545-b387-d428f64e3f33:c2036]
2019-07-09 16:25:57,226 INFO  client.GrpcClientProtocolClient (GrpcClientProtocolClient.java:onNext(255)) - client-0F1B900A64BD->9bf35ae9-4da0-4371-87fa-54ea3ce1f280: receive RaftClientReply:client-0F1B900A64BD->9bf35ae9-4da0-4371-87fa-54ea3ce1f280@group-432E83AF5B55, cid=1443, SUCCESS, logIndex=2041, commits[9bf35ae9-4da0-4371-87fa-54ea3ce1f280:c2042, 0cc34542-3a00-466e-ae84-194b84d3af7b:c2040, d451d94d-57a0-4545-b387-d428f64e3f33:c2038]
2019-07-09 16:25:57,226 INFO  client.GrpcClientProtocolClient (GrpcClientProtocolClient.java:onNext(255)) - client-0F1B900A64BD->9bf35ae9-4da0-4371-87fa-54ea3ce1f280: receive RaftClientReply:client-0F1B900A64BD->9bf35ae9-4da0-4371-87fa-54ea3ce1f280@group-432E83AF5B55, cid=1444, SUCCESS, logIndex=2042, commits[9bf35ae9-4da0-4371-87fa-54ea3ce1f280:c2042, 0cc34542-3a00-466e-ae84-194b84d3af7b:c2040, d451d94d-57a0-4545-b387-d428f64e3f33:c2040]
2019-07-09 16:25:57,228 INFO  client.GrpcClientProtocolClient (GrpcClientProtocolClient.java:onNext(255)) - client-0F1B900A64BD->9bf35ae9-4da0-4371-87fa-54ea3ce1f280: receive RaftClientReply:client-0F1B900A64BD->9bf35ae9-4da0-4371-87fa-54ea3ce1f280@group-432E83AF5B55, cid=1445, SUCCESS, logIndex=0, commits[9bf35ae9-4da0-4371-87fa-54ea3ce1f280:c2043, 0cc34542-3a00-466e-ae84-194b84d3af7b:c2042, d451d94d-57a0-4545-b387-d428f64e3f33:c2042]
2019-07-09 16:25:57,246 INFO  client.GrpcClientProtocolClient (GrpcClientProtocolClient.java:onNext(255)) - client-0F1B900A64BD->9bf35ae9-4da0-4371-87fa-54ea3ce1f280: receive RaftClientReply:client-0F1B900A64BD->9bf35ae9-4da0-4371-87fa-54ea3ce1f280@group-432E83AF5B55, cid=1446, SUCCESS, logIndex=2045, commits[9bf35ae9-4da0-4371-87fa-54ea3ce1f280:c2046, 0cc34542-3a00-466e-ae84-194b84d3af7b:c2044, d451d94d-57a0-4545-b387-d428f64e3f33:c2042]
2019-07-09 16:25:57,248 INFO  client.GrpcClientProtocolClient (GrpcClientProtocolClient.java:onNext(255)) - client-0F1B900A64BD->9bf35ae9-4da0-4371-87fa-54ea3ce1f280: receive RaftClientReply:client-0F1B900A64BD->9bf35ae9-4da0-4371-87fa-54ea3ce1f280@group-432E83AF5B55, cid=1447, SUCCESS, logIndex=2046, commits[9bf35ae9-4da0-4371-87fa-54ea3ce1f280:c2046, 0cc34542-3a00-466e-ae84-194b84d3af7b:c2044, d451d94d-57a0-4545-b387-d428f64e3f33:c2044]
2019-07-09 16:25:57,248 INFO  client.GrpcClientProtocolClient (GrpcClientProtocolClient.java:onNext(255)) - client-0F1B900A64BD->9bf35ae9-4da0-4371-87fa-54ea3ce1f280: receive RaftClientReply:client-0F1B900A64BD->9bf35ae9-4da0-4371-87fa-54ea3ce1f280@group-432E83AF5B55, cid=1448, SUCCESS, logIndex=2047, commits[9bf35ae9-4da0-4371-87fa-54ea3ce1f280:c2048, 0cc34542-3a00-466e-ae84-194b84d3af7b:c2044, d451d94d-57a0-4545-b387-d428f64e3f33:c2044]
2019-07-09 16:25:57,248 INFO  client.GrpcClientProtocolClient (GrpcClientProtocolClient.java:onNext(255)) - client-0F1B900A64BD->9bf35ae9-4da0-4371-87fa-54ea3ce1f280: receive RaftClientReply:client-0F1B900A64BD->9bf35ae9-4da0-4371-87fa-54ea3ce1f280@group-432E83AF5B55, cid=1449, SUCCESS, logIndex=2048, commits[9bf35ae9-4da0-4371-87fa-54ea3ce1f280:c2048, 0cc34542-3a00-466e-ae84-194b84d3af7b:c2044, d451d94d-57a0-4545-b387-d428f64e3f33:c2044]
2019-07-09 16:25:57,250 INFO  client.GrpcClientProtocolClient (GrpcClientProtocolClient.java:onNext(255)) - client-0F1B900A64BD->9bf35ae9-4da0-4371-87fa-54ea3ce1f280: receive RaftClientReply:client-0F1B900A64BD->9bf35ae9-4da0-4371-87fa-54ea3ce1f280@group-432E83AF5B55, cid=1450, SUCCESS, logIndex=0, commits[9bf35ae9-4da0-4371-87fa-54ea3ce1f280:c2050, 0cc34542-3a00-466e-ae84-194b84d3af7b:c2046, d451d94d-57a0-4545-b387-d428f64e3f33:c2046]
2019-07-09 16:25:57,262 INFO  client.GrpcClientProtocolClient (GrpcClientProtocolClient.java:onNext(255)) - client-0F1B900A64BD->9bf35ae9-4da0-4371-87fa-54ea3ce1f280: receive RaftClientReply:client-0F1B900A64BD->9bf35ae9-4da0-4371-87fa-54ea3ce1f280@group-432E83AF5B55, cid=1451, SUCCESS, logIndex=2052, commits[9bf35ae9-4da0-4371-87fa-54ea3ce1f280:c2053, 0cc34542-3a00-466e-ae84-194b84d3af7b:c2051, d451d94d-57a0-4545-b387-d428f64e3f33:c2048]
2019-07-09 16:25:57,262 INFO  client.GrpcClientProtocolClient (GrpcClientProtocolClient.java:onNext(255)) - client-0F1B900A64BD->9bf35ae9-4da0-4371-87fa-54ea3ce1f280: receive RaftClientReply:client-0F1B900A64BD->9bf35ae9-4da0-4371-87fa-54ea3ce1f280@group-432E83AF5B55, cid=1452, SUCCESS, logIndex=2053, commits[9bf35ae9-4da0-4371-87fa-54ea3ce1f280:c2053, 0cc34542-3a00-466e-ae84-194b84d3af7b:c2051, d451d94d-57a0-4545-b387-d428f64e3f33:c2051]
2019-07-09 16:25:57,304 INFO  client.GrpcClientProtocolClient (GrpcClientProtocolClient.java:onNext(255)) - client-0F1B900A64BD->9bf35ae9-4da0-4371-87fa-54ea3ce1f280: receive RaftClientReply:client-0F1B900A64BD->9bf35ae9-4da0-4371-87fa-54ea3ce1f280@group-432E83AF5B55, cid=1453, SUCCESS, logIndex=2056, commits[9bf35ae9-4da0-4371-87fa-54ea3ce1f280:c2057, 0cc34542-3a00-466e-ae84-194b84d3af7b:c2055, d451d94d-57a0-4545-b387-d428f64e3f33:c2055]
2019-07-09 16:25:57,304 INFO  client.GrpcClientProtocolClient (GrpcClientProtocolClient.java:onNext(255)) - client-0F1B900A64BD->9bf35ae9-4da0-4371-87fa-54ea3ce1f280: receive RaftClientReply:client-0F1B900A64BD->9bf35ae9-4da0-4371-87fa-54ea3ce1f280@group-432E83AF5B55, cid=1454, SUCCESS, logIndex=2057, commits[9bf35ae9-4da0-4371-87fa-54ea3ce1f280:c2057, 0cc34542-3a00-466e-ae84-194b84d3af7b:c2055, d451d94d-57a0-4545-b387-d428f64e3f33:c2055]
2019-07-09 16:25:57,329 INFO  client.GrpcClientProtocolClient (GrpcClientProtocolClient.java:onNext(255)) - client-0F1B900A64BD->9bf35ae9-4da0-4371-87fa-54ea3ce1f280: receive RaftClientReply:client-0F1B900A64BD->9bf35ae9-4da0-4371-87fa-54ea3ce1f280@group-432E83AF5B55, cid=1455, SUCCESS, logIndex=0, commits[9bf35ae9-4da0-4371-87fa-54ea3ce1f280:c2059, 0cc34542-3a00-466e-ae84-194b84d3af7b:c2057, d451d94d-57a0-4545-b387-d428f64e3f33:c2057]
2019-07-09 16:25:57,359 INFO  client.GrpcClientProtocolClient (GrpcClientProtocolClient.java:onNext(255)) - client-0F1B900A64BD->9bf35ae9-4da0-4371-87fa-54ea3ce1f280: receive RaftClientReply:client-0F1B900A64BD->9bf35ae9-4da0-4371-87fa-54ea3ce1f280@group-432E83AF5B55, cid=1456, SUCCESS, logIndex=2060, commits[9bf35ae9-4da0-4371-87fa-54ea3ce1f280:c2061, 0cc34542-3a00-466e-ae84-194b84d3af7b:c2059, d451d94d-57a0-4545-b387-d428f64e3f33:c2059]
2019-07-09 16:25:57,360 INFO  client.GrpcClientProtocolClient (GrpcClientProtocolClient.java:onNext(255)) - client-0F1B900A64BD->9bf35ae9-4da0-4371-87fa-54ea3ce1f280: receive RaftClientReply:client-0F1B900A64BD->9bf35ae9-4da0-4371-87fa-54ea3ce1f280@group-432E83AF5B55, cid=1457, SUCCESS, logIndex=2061, commits[9bf35ae9-4da0-4371-87fa-54ea3ce1f280:c2063, 0cc34542-3a00-466e-ae84-194b84d3af7b:c2059, d451d94d-57a0-4545-b387-d428f64e3f33:c2059]
2019-07-09 16:25:57,361 INFO  client.GrpcClientProtocolClient (GrpcClientProtocolClient.java:onNext(255)) - client-0F1B900A64BD->9bf35ae9-4da0-4371-87fa-54ea3ce1f280: receive RaftClientReply:client-0F1B900A64BD->9bf35ae9-4da0-4371-87fa-54ea3ce1f280@group-432E83AF5B55, cid=1458, SUCCESS, logIndex=2062, commits[9bf35ae9-4da0-4371-87fa-54ea3ce1f280:c2063, 0cc34542-3a00-466e-ae84-194b84d3af7b:c2059, d451d94d-57a0-4545-b387-d428f64e3f33:c2059]
2019-07-09 16:25:57,361 INFO  client.GrpcClientProtocolClient (GrpcClientProtocolClient.java:onNext(255)) - client-0F1B900A64BD->9bf35ae9-4da0-4371-87fa-54ea3ce1f280: receive RaftClientReply:client-0F1B900A64BD->9bf35ae9-4da0-4371-87fa-54ea3ce1f280@group-432E83AF5B55, cid=1459, SUCCESS, logIndex=2063, commits[9bf35ae9-4da0-4371-87fa-54ea3ce1f280:c2063, 0cc34542-3a00-466e-ae84-194b84d3af7b:c2059, d451d94d-57a0-4545-b387-d428f64e3f33:c2059]
2019-07-09 16:25:57,365 INFO  client.GrpcClientProtocolClient (GrpcClientProtocolClient.java:onNext(255)) - client-0F1B900A64BD->9bf35ae9-4da0-4371-87fa-54ea3ce1f280: receive RaftClientReply:client-0F1B900A64BD->9bf35ae9-4da0-4371-87fa-54ea3ce1f280@group-432E83AF5B55, cid=1460, SUCCESS, logIndex=0, commits[9bf35ae9-4da0-4371-87fa-54ea3ce1f280:c2065, 0cc34542-3a00-466e-ae84-194b84d3af7b:c2061, d451d94d-57a0-4545-b387-d428f64e3f33:c2061]
2019-07-09 16:25:57,387 INFO  client.GrpcClientProtocolClient (GrpcClientProtocolClient.java:onNext(255)) - client-0F1B900A64BD->9bf35ae9-4da0-4371-87fa-54ea3ce1f280: receive RaftClientReply:client-0F1B900A64BD->9bf35ae9-4da0-4371-87fa-54ea3ce1f280@group-432E83AF5B55, cid=1461, SUCCESS, logIndex=2068, commits[9bf35ae9-4da0-4371-87fa-54ea3ce1f280:c2069, 0cc34542-3a00-466e-ae84-194b84d3af7b:c2067, d451d94d-57a0-4545-b387-d428f64e3f33:c2067]
2019-07-09 16:25:57,387 INFO  client.GrpcClientProtocolClient (GrpcClientProtocolClient.java:onNext(255)) - client-0F1B900A64BD->9bf35ae9-4da0-4371-87fa-54ea3ce1f280: receive RaftClientReply:client-0F1B900A64BD->9bf35ae9-4da0-4371-87fa-54ea3ce1f280@group-432E83AF5B55, cid=1462, SUCCESS, logIndex=2069, commits[9bf35ae9-4da0-4371-87fa-54ea3ce1f280:c2069, 0cc34542-3a00-466e-ae84-194b84d3af7b:c2067, d451d94d-57a0-4545-b387-d428f64e3f33:c2067]
2019-07-09 16:25:57,402 INFO  client.GrpcClientProtocolClient (GrpcClientProtocolClient.java:onNext(255)) - client-0F1B900A64BD->9bf35ae9-4da0-4371-87fa-54ea3ce1f280: receive RaftClientReply:client-0F1B900A64BD->9bf35ae9-4da0-4371-87fa-54ea3ce1f280@group-432E83AF5B55, cid=1463, SUCCESS, logIndex=2072, commits[9bf35ae9-4da0-4371-87fa-54ea3ce1f280:c2072, 0cc34542-3a00-466e-ae84-194b84d3af7b:c2069, d451d94d-57a0-4545-b387-d428f64e3f33:c2069]
2019-07-09 16:25:57,402 INFO  client.GrpcClientProtocolClient (GrpcClientProtocolClient.java:onNext(255)) - client-0F1B900A64BD->9bf35ae9-4da0-4371-87fa-54ea3ce1f280: receive RaftClientReply:client-0F1B900A64BD->9bf35ae9-4da0-4371-87fa-54ea3ce1f280@group-432E83AF5B55, cid=1464, SUCCESS, logIndex=2073, commits[9bf35ae9-4da0-4371-87fa-54ea3ce1f280:c2073, 0cc34542-3a00-466e-ae84-194b84d3af7b:c2069, d451d94d-57a0-4545-b387-d428f64e3f33:c2069]
2019-07-09 16:25:57,416 INFO  client.GrpcClientProtocolClient (GrpcClientProtocolClient.java:onNext(255)) - client-0F1B900A64BD->9bf35ae9-4da0-4371-87fa-54ea3ce1f280: receive RaftClientReply:client-0F1B900A64BD->9bf35ae9-4da0-4371-87fa-54ea3ce1f280@group-432E83AF5B55, cid=1465, SUCCESS, logIndex=0, commits[9bf35ae9-4da0-4371-87fa-54ea3ce1f280:c2075, 0cc34542-3a00-466e-ae84-194b84d3af7b:c2073, d451d94d-57a0-4545-b387-d428f64e3f33:c2073]
 0.00% |█                                                                                                    |  0/1 Time: 0:00:092019-07-09 16:25:57,542 INFO  client.GrpcClientProtocolClient (GrpcClientProtocolClient.java:onNext(255)) - client-0F1B900A64BD->9bf35ae9-4da0-4371-87fa-54ea3ce1f280: receive RaftClientReply:client-0F1B900A64BD->9bf35ae9-4da0-4371-87fa-54ea3ce1f280@group-432E83AF5B55, cid=1466, SUCCESS, logIndex=2076, commits[9bf35ae9-4da0-4371-87fa-54ea3ce1f280:c2077, 0cc34542-3a00-466e-ae84-194b84d3af7b:c2075, d451d94d-57a0-4545-b387-d428f64e3f33:c2075]
2019-07-09 16:25:57,542 INFO  client.GrpcClientProtocolClient (GrpcClientProtocolClient.java:onNext(255)) - client-0F1B900A64BD->9bf35ae9-4da0-4371-87fa-54ea3ce1f280: receive RaftClientReply:client-0F1B900A64BD->9bf35ae9-4da0-4371-87fa-54ea3ce1f280@group-432E83AF5B55, cid=1467, SUCCESS, logIndex=2077, commits[9bf35ae9-4da0-4371-87fa-54ea3ce1f280:c2077, 0cc34542-3a00-466e-ae84-194b84d3af7b:c2075, d451d94d-57a0-4545-b387-d428f64e3f33:c2075]
2019-07-09 16:25:57,543 INFO  client.GrpcClientProtocolClient (GrpcClientProtocolClient.java:onNext(255)) - client-0F1B900A64BD->9bf35ae9-4da0-4371-87fa-54ea3ce1f280: receive RaftClientReply:client-0F1B900A64BD->9bf35ae9-4da0-4371-87fa-54ea3ce1f280@group-432E83AF5B55, cid=1468, SUCCESS, logIndex=2078, commits[9bf35ae9-4da0-4371-87fa-54ea3ce1f280:c2079, 0cc34542-3a00-466e-ae84-194b84d3af7b:c2075, d451d94d-57a0-4545-b387-d428f64e3f33:c2075]
2019-07-09 16:25:57,543 INFO  client.GrpcClientProtocolClient (GrpcClientProtocolClient.java:onNext(255)) - client-0F1B900A64BD->9bf35ae9-4da0-4371-87fa-54ea3ce1f280: receive RaftClientReply:client-0F1B900A64BD->9bf35ae9-4da0-4371-87fa-54ea3ce1f280@group-432E83AF5B55, cid=1469, SUCCESS, logIndex=2079, commits[9bf35ae9-4da0-4371-87fa-54ea3ce1f280:c2079, 0cc34542-3a00-466e-ae84-194b84d3af7b:c2075, d451d94d-57a0-4545-b387-d428f64e3f33:c2075]
2019-07-09 16:25:57,554 INFO  client.GrpcClientProtocolClient (GrpcClientProtocolClient.java:onNext(255)) - client-0F1B900A64BD->9bf35ae9-4da0-4371-87fa-54ea3ce1f280: receive RaftClientReply:client-0F1B900A64BD->9bf35ae9-4da0-4371-87fa-54ea3ce1f280@group-432E83AF5B55, cid=1470, SUCCESS, logIndex=0, commits[9bf35ae9-4da0-4371-87fa-54ea3ce1f280:c2080, 0cc34542-3a00-466e-ae84-194b84d3af7b:c2077, d451d94d-57a0-4545-b387-d428f64e3f33:c2077]
2019-07-09 16:25:57,577 INFO  client.GrpcClientProtocolClient (GrpcClientProtocolClient.java:onNext(255)) - client-0F1B900A64BD->9bf35ae9-4da0-4371-87fa-54ea3ce1f280: receive RaftClientReply:client-0F1B900A64BD->9bf35ae9-4da0-4371-87fa-54ea3ce1f280@group-432E83AF5B55, cid=1471, SUCCESS, logIndex=2084, commits[9bf35ae9-4da0-4371-87fa-54ea3ce1f280:c2085, 0cc34542-3a00-466e-ae84-194b84d3af7b:c2083, d451d94d-57a0-4545-b387-d428f64e3f33:c2083]
2019-07-09 16:25:57,578 INFO  client.GrpcClientProtocolClient (GrpcClientProtocolClient.java:onNext(255)) - client-0F1B900A64BD->9bf35ae9-4da0-4371-87fa-54ea3ce1f280: receive RaftClientReply:client-0F1B900A64BD->9bf35ae9-4da0-4371-87fa-54ea3ce1f280@group-432E83AF5B55, cid=1472, SUCCESS, logIndex=2085, commits[9bf35ae9-4da0-4371-87fa-54ea3ce1f280:c2085, 0cc34542-3a00-466e-ae84-194b84d3af7b:c2083, d451d94d-57a0-4545-b387-d428f64e3f33:c2083]
2019-07-09 16:25:57,596 INFO  client.GrpcClientProtocolClient (GrpcClientProtocolClient.java:onNext(255)) - client-0F1B900A64BD->9bf35ae9-4da0-4371-87fa-54ea3ce1f280: receive RaftClientReply:client-0F1B900A64BD->9bf35ae9-4da0-4371-87fa-54ea3ce1f280@group-432E83AF5B55, cid=1473, SUCCESS, logIndex=2088, commits[9bf35ae9-4da0-4371-87fa-54ea3ce1f280:c2089, 0cc34542-3a00-466e-ae84-194b84d3af7b:c2085, d451d94d-57a0-4545-b387-d428f64e3f33:c2085]
2019-07-09 16:25:57,596 INFO  client.GrpcClientProtocolClient (GrpcClientProtocolClient.java:onNext(255)) - client-0F1B900A64BD->9bf35ae9-4da0-4371-87fa-54ea3ce1f280: receive RaftClientReply:client-0F1B900A64BD->9bf35ae9-4da0-4371-87fa-54ea3ce1f280@group-432E83AF5B55, cid=1474, SUCCESS, logIndex=2089, commits[9bf35ae9-4da0-4371-87fa-54ea3ce1f280:c2089, 0cc34542-3a00-466e-ae84-194b84d3af7b:c2085, d451d94d-57a0-4545-b387-d428f64e3f33:c2085]
2019-07-09 16:25:57,610 INFO  client.GrpcClientProtocolClient (GrpcClientProtocolClient.java:onNext(255)) - client-0F1B900A64BD->9bf35ae9-4da0-4371-87fa-54ea3ce1f280: receive RaftClientReply:client-0F1B900A64BD->9bf35ae9-4da0-4371-87fa-54ea3ce1f280@group-432E83AF5B55, cid=1475, SUCCESS, logIndex=0, commits[9bf35ae9-4da0-4371-87fa-54ea3ce1f280:c2091, 0cc34542-3a00-466e-ae84-194b84d3af7b:c2089, d451d94d-57a0-4545-b387-d428f64e3f33:c2089]
2019-07-09 16:25:57,664 INFO  client.GrpcClientProtocolClient (GrpcClientProtocolClient.java:onNext(255)) - client-0F1B900A64BD->9bf35ae9-4da0-4371-87fa-54ea3ce1f280: receive RaftClientReply:client-0F1B900A64BD->9bf35ae9-4da0-4371-87fa-54ea3ce1f280@group-432E83AF5B55, cid=1476, SUCCESS, logIndex=2092, commits[9bf35ae9-4da0-4371-87fa-54ea3ce1f280:c2094, 0cc34542-3a00-466e-ae84-194b84d3af7b:c2091, d451d94d-57a0-4545-b387-d428f64e3f33:c2091]
2019-07-09 16:25:57,664 INFO  client.GrpcClientProtocolClient (GrpcClientProtocolClient.java:onNext(255)) - client-0F1B900A64BD->9bf35ae9-4da0-4371-87fa-54ea3ce1f280: receive RaftClientReply:client-0F1B900A64BD->9bf35ae9-4da0-4371-87fa-54ea3ce1f280@group-432E83AF5B55, cid=1477, SUCCESS, logIndex=2093, commits[9bf35ae9-4da0-4371-87fa-54ea3ce1f280:c2095, 0cc34542-3a00-466e-ae84-194b84d3af7b:c2091, d451d94d-57a0-4545-b387-d428f64e3f33:c2091]
2019-07-09 16:25:57,665 INFO  client.GrpcClientProtocolClient (GrpcClientProtocolClient.java:onNext(255)) - client-0F1B900A64BD->9bf35ae9-4da0-4371-87fa-54ea3ce1f280: receive RaftClientReply:client-0F1B900A64BD->9bf35ae9-4da0-4371-87fa-54ea3ce1f280@group-432E83AF5B55, cid=1478, SUCCESS, logIndex=2094, commits[9bf35ae9-4da0-4371-87fa-54ea3ce1f280:c2095, 0cc34542-3a00-466e-ae84-194b84d3af7b:c2091, d451d94d-57a0-4545-b387-d428f64e3f33:c2091]
2019-07-09 16:25:57,665 INFO  client.GrpcClientProtocolClient (GrpcClientProtocolClient.java:onNext(255)) - client-0F1B900A64BD->9bf35ae9-4da0-4371-87fa-54ea3ce1f280: receive RaftClientReply:client-0F1B900A64BD->9bf35ae9-4da0-4371-87fa-54ea3ce1f280@group-432E83AF5B55, cid=1479, SUCCESS, logIndex=2095, commits[9bf35ae9-4da0-4371-87fa-54ea3ce1f280:c2095, 0cc34542-3a00-466e-ae84-194b84d3af7b:c2091, d451d94d-57a0-4545-b387-d428f64e3f33:c2091]
2019-07-09 16:25:57,669 INFO  client.GrpcClientProtocolClient (GrpcClientProtocolClient.java:onNext(255)) - client-0F1B900A64BD->9bf35ae9-4da0-4371-87fa-54ea3ce1f280: receive RaftClientReply:client-0F1B900A64BD->9bf35ae9-4da0-4371-87fa-54ea3ce1f280@group-432E83AF5B55, cid=1480, SUCCESS, logIndex=0, commits[9bf35ae9-4da0-4371-87fa-54ea3ce1f280:c2098, 0cc34542-3a00-466e-ae84-194b84d3af7b:c2094, d451d94d-57a0-4545-b387-d428f64e3f33:c2094]
2019-07-09 16:25:57,683 INFO  client.GrpcClientProtocolClient (GrpcClientProtocolClient.java:onNext(255)) - client-0F1B900A64BD->9bf35ae9-4da0-4371-87fa-54ea3ce1f280: receive RaftClientReply:client-0F1B900A64BD->9bf35ae9-4da0-4371-87fa-54ea3ce1f280@group-432E83AF5B55, cid=1481, SUCCESS, logIndex=2100, commits[9bf35ae9-4da0-4371-87fa-54ea3ce1f280:c2101, 0cc34542-3a00-466e-ae84-194b84d3af7b:c2099, d451d94d-57a0-4545-b387-d428f64e3f33:c2095]
2019-07-09 16:25:57,683 INFO  client.GrpcClientProtocolClient (GrpcClientProtocolClient.java:onNext(255)) - client-0F1B900A64BD->9bf35ae9-4da0-4371-87fa-54ea3ce1f280: receive RaftClientReply:client-0F1B900A64BD->9bf35ae9-4da0-4371-87fa-54ea3ce1f280@group-432E83AF5B55, cid=1482, SUCCESS, logIndex=2101, commits[9bf35ae9-4da0-4371-87fa-54ea3ce1f280:c2101, 0cc34542-3a00-466e-ae84-194b84d3af7b:c2099, d451d94d-57a0-4545-b387-d428f64e3f33:c2099]
2019-07-09 16:25:57,696 INFO  client.GrpcClientProtocolClient (GrpcClientProtocolClient.java:onNext(255)) - client-0F1B900A64BD->9bf35ae9-4da0-4371-87fa-54ea3ce1f280: receive RaftClientReply:client-0F1B900A64BD->9bf35ae9-4da0-4371-87fa-54ea3ce1f280@group-432E83AF5B55, cid=1483, SUCCESS, logIndex=2103, commits[9bf35ae9-4da0-4371-87fa-54ea3ce1f280:c2104, 0cc34542-3a00-466e-ae84-194b84d3af7b:c2102, d451d94d-57a0-4545-b387-d428f64e3f33:c2101]
2019-07-09 16:25:57,697 INFO  client.GrpcClientProtocolClient (GrpcClientProtocolClient.java:onNext(255)) - client-0F1B900A64BD->9bf35ae9-4da0-4371-87fa-54ea3ce1f280: receive RaftClientReply:client-0F1B900A64BD->9bf35ae9-4da0-4371-87fa-54ea3ce1f280@group-432E83AF5B55, cid=1484, SUCCESS, logIndex=2104, commits[9bf35ae9-4da0-4371-87fa-54ea3ce1f280:c2104, 0cc34542-3a00-466e-ae84-194b84d3af7b:c2102, d451d94d-57a0-4545-b387-d428f64e3f33:c2102]
2019-07-09 16:25:57,698 INFO  client.GrpcClientProtocolClient (GrpcClientProtocolClient.java:onNext(255)) - client-0F1B900A64BD->9bf35ae9-4da0-4371-87fa-54ea3ce1f280: receive RaftClientReply:client-0F1B900A64BD->9bf35ae9-4da0-4371-87fa-54ea3ce1f280@group-432E83AF5B55, cid=1485, SUCCESS, logIndex=0, commits[9bf35ae9-4da0-4371-87fa-54ea3ce1f280:c2105, 0cc34542-3a00-466e-ae84-194b84d3af7b:c2104, d451d94d-57a0-4545-b387-d428f64e3f33:c2104]
2019-07-09 16:25:57,722 INFO  client.GrpcClientProtocolClient (GrpcClientProtocolClient.java:onNext(255)) - client-0F1B900A64BD->9bf35ae9-4da0-4371-87fa-54ea3ce1f280: receive RaftClientReply:client-0F1B900A64BD->9bf35ae9-4da0-4371-87fa-54ea3ce1f280@group-432E83AF5B55, cid=1486, SUCCESS, logIndex=2107, commits[9bf35ae9-4da0-4371-87fa-54ea3ce1f280:c2110, 0cc34542-3a00-466e-ae84-194b84d3af7b:c2106, d451d94d-57a0-4545-b387-d428f64e3f33:c2106]
2019-07-09 16:25:57,723 INFO  client.GrpcClientProtocolClient (GrpcClientProtocolClient.java:onNext(255)) - client-0F1B900A64BD->9bf35ae9-4da0-4371-87fa-54ea3ce1f280: receive RaftClientReply:client-0F1B900A64BD->9bf35ae9-4da0-4371-87fa-54ea3ce1f280@group-432E83AF5B55, cid=1487, SUCCESS, logIndex=2108, commits[9bf35ae9-4da0-4371-87fa-54ea3ce1f280:c2110, 0cc34542-3a00-466e-ae84-194b84d3af7b:c2106, d451d94d-57a0-4545-b387-d428f64e3f33:c2106]
2019-07-09 16:25:57,723 INFO  client.GrpcClientProtocolClient (GrpcClientProtocolClient.java:onNext(255)) - client-0F1B900A64BD->9bf35ae9-4da0-4371-87fa-54ea3ce1f280: receive RaftClientReply:client-0F1B900A64BD->9bf35ae9-4da0-4371-87fa-54ea3ce1f280@group-432E83AF5B55, cid=1488, SUCCESS, logIndex=2109, commits[9bf35ae9-4da0-4371-87fa-54ea3ce1f280:c2110, 0cc34542-3a00-466e-ae84-194b84d3af7b:c2106, d451d94d-57a0-4545-b387-d428f64e3f33:c2106]
2019-07-09 16:25:57,723 INFO  client.GrpcClientProtocolClient (GrpcClientProtocolClient.java:onNext(255)) - client-0F1B900A64BD->9bf35ae9-4da0-4371-87fa-54ea3ce1f280: receive RaftClientReply:client-0F1B900A64BD->9bf35ae9-4da0-4371-87fa-54ea3ce1f280@group-432E83AF5B55, cid=1489, SUCCESS, logIndex=2110, commits[9bf35ae9-4da0-4371-87fa-54ea3ce1f280:c2110, 0cc34542-3a00-466e-ae84-194b84d3af7b:c2106, d451d94d-57a0-4545-b387-d428f64e3f33:c2106]
2019-07-09 16:25:57,725 INFO  client.GrpcClientProtocolClient (GrpcClientProtocolClient.java:onNext(255)) - client-0F1B900A64BD->9bf35ae9-4da0-4371-87fa-54ea3ce1f280: receive RaftClientReply:client-0F1B900A64BD->9bf35ae9-4da0-4371-87fa-54ea3ce1f280@group-432E83AF5B55, cid=1490, SUCCESS, logIndex=0, commits[9bf35ae9-4da0-4371-87fa-54ea3ce1f280:c2111, 0cc34542-3a00-466e-ae84-194b84d3af7b:c2108, d451d94d-57a0-4545-b387-d428f64e3f33:c2108]
2019-07-09 16:25:57,737 INFO  client.GrpcClientProtocolClient (GrpcClientProtocolClient.java:onNext(255)) - client-0F1B900A64BD->9bf35ae9-4da0-4371-87fa-54ea3ce1f280: receive RaftClientReply:client-0F1B900A64BD->9bf35ae9-4da0-4371-87fa-54ea3ce1f280@group-432E83AF5B55, cid=1491, SUCCESS, logIndex=2115, commits[9bf35ae9-4da0-4371-87fa-54ea3ce1f280:c2116, 0cc34542-3a00-466e-ae84-194b84d3af7b:c2114, d451d94d-57a0-4545-b387-d428f64e3f33:c2110]
2019-07-09 16:25:57,737 INFO  client.GrpcClientProtocolClient (GrpcClientProtocolClient.java:onNext(255)) - client-0F1B900A64BD->9bf35ae9-4da0-4371-87fa-54ea3ce1f280: receive RaftClientReply:client-0F1B900A64BD->9bf35ae9-4da0-4371-87fa-54ea3ce1f280@group-432E83AF5B55, cid=1492, SUCCESS, logIndex=2116, commits[9bf35ae9-4da0-4371-87fa-54ea3ce1f280:c2116, 0cc34542-3a00-466e-ae84-194b84d3af7b:c2114, d451d94d-57a0-4545-b387-d428f64e3f33:c2110]
2019-07-09 16:25:57,749 INFO  client.GrpcClientProtocolClient (GrpcClientProtocolClient.java:onNext(255)) - client-0F1B900A64BD->9bf35ae9-4da0-4371-87fa-54ea3ce1f280: receive RaftClientReply:client-0F1B900A64BD->9bf35ae9-4da0-4371-87fa-54ea3ce1f280@group-432E83AF5B55, cid=1493, SUCCESS, logIndex=2119, commits[9bf35ae9-4da0-4371-87fa-54ea3ce1f280:c2120, 0cc34542-3a00-466e-ae84-194b84d3af7b:c2118, d451d94d-57a0-4545-b387-d428f64e3f33:c2116]
2019-07-09 16:25:57,749 INFO  client.GrpcClientProtocolClient (GrpcClientProtocolClient.java:onNext(255)) - client-0F1B900A64BD->9bf35ae9-4da0-4371-87fa-54ea3ce1f280: receive RaftClientReply:client-0F1B900A64BD->9bf35ae9-4da0-4371-87fa-54ea3ce1f280@group-432E83AF5B55, cid=1494, SUCCESS, logIndex=2120, commits[9bf35ae9-4da0-4371-87fa-54ea3ce1f280:c2120, 0cc34542-3a00-466e-ae84-194b84d3af7b:c2118, d451d94d-57a0-4545-b387-d428f64e3f33:c2118]
2019-07-09 16:25:57,754 INFO  client.GrpcClientProtocolClient (GrpcClientProtocolClient.java:onNext(255)) - client-0F1B900A64BD->9bf35ae9-4da0-4371-87fa-54ea3ce1f280: receive RaftClientReply:client-0F1B900A64BD->9bf35ae9-4da0-4371-87fa-54ea3ce1f280@group-432E83AF5B55, cid=1495, SUCCESS, logIndex=0, commits[9bf35ae9-4da0-4371-87fa-54ea3ce1f280:c2122, 0cc34542-3a00-466e-ae84-194b84d3af7b:c2120, d451d94d-57a0-4545-b387-d428f64e3f33:c2120]
2019-07-09 16:25:57,775 INFO  client.GrpcClientProtocolClient (GrpcClientProtocolClient.java:onNext(255)) - client-0F1B900A64BD->9bf35ae9-4da0-4371-87fa-54ea3ce1f280: receive RaftClientReply:client-0F1B900A64BD->9bf35ae9-4da0-4371-87fa-54ea3ce1f280@group-432E83AF5B55, cid=1496, SUCCESS, logIndex=2123, commits[9bf35ae9-4da0-4371-87fa-54ea3ce1f280:c2125, 0cc34542-3a00-466e-ae84-194b84d3af7b:c2120, d451d94d-57a0-4545-b387-d428f64e3f33:c2122]
2019-07-09 16:25:57,776 INFO  client.GrpcClientProtocolClient (GrpcClientProtocolClient.java:onNext(255)) - client-0F1B900A64BD->9bf35ae9-4da0-4371-87fa-54ea3ce1f280: receive RaftClientReply:client-0F1B900A64BD->9bf35ae9-4da0-4371-87fa-54ea3ce1f280@group-432E83AF5B55, cid=1497, SUCCESS, logIndex=2124, commits[9bf35ae9-4da0-4371-87fa-54ea3ce1f280:c2126, 0cc34542-3a00-466e-ae84-194b84d3af7b:c2122, d451d94d-57a0-4545-b387-d428f64e3f33:c2122]
2019-07-09 16:25:57,776 INFO  client.GrpcClientProtocolClient (GrpcClientProtocolClient.java:onNext(255)) - client-0F1B900A64BD->9bf35ae9-4da0-4371-87fa-54ea3ce1f280: receive RaftClientReply:client-0F1B900A64BD->9bf35ae9-4da0-4371-87fa-54ea3ce1f280@group-432E83AF5B55, cid=1498, SUCCESS, logIndex=2125, commits[9bf35ae9-4da0-4371-87fa-54ea3ce1f280:c2126, 0cc34542-3a00-466e-ae84-194b84d3af7b:c2122, d451d94d-57a0-4545-b387-d428f64e3f33:c2122]
2019-07-09 16:25:57,777 INFO  client.GrpcClientProtocolClient (GrpcClientProtocolClient.java:onNext(255)) - client-0F1B900A64BD->9bf35ae9-4da0-4371-87fa-54ea3ce1f280: receive RaftClientReply:client-0F1B900A64BD->9bf35ae9-4da0-4371-87fa-54ea3ce1f280@group-432E83AF5B55, cid=1499, SUCCESS, logIndex=2126, commits[9bf35ae9-4da0-4371-87fa-54ea3ce1f280:c2126, 0cc34542-3a00-466e-ae84-194b84d3af7b:c2122, d451d94d-57a0-4545-b387-d428f64e3f33:c2122]
2019-07-09 16:25:57,779 INFO  client.GrpcClientProtocolClient (GrpcClientProtocolClient.java:onNext(255)) - client-0F1B900A64BD->9bf35ae9-4da0-4371-87fa-54ea3ce1f280: receive RaftClientReply:client-0F1B900A64BD->9bf35ae9-4da0-4371-87fa-54ea3ce1f280@group-432E83AF5B55, cid=1500, SUCCESS, logIndex=0, commits[9bf35ae9-4da0-4371-87fa-54ea3ce1f280:c2127, 0cc34542-3a00-466e-ae84-194b84d3af7b:c2124, d451d94d-57a0-4545-b387-d428f64e3f33:c2124]
2019-07-09 16:25:57,791 INFO  client.GrpcClientProtocolClient (GrpcClientProtocolClient.java:onNext(255)) - client-0F1B900A64BD->9bf35ae9-4da0-4371-87fa-54ea3ce1f280: receive RaftClientReply:client-0F1B900A64BD->9bf35ae9-4da0-4371-87fa-54ea3ce1f280@group-432E83AF5B55, cid=1501, SUCCESS, logIndex=2131, commits[9bf35ae9-4da0-4371-87fa-54ea3ce1f280:c2132, 0cc34542-3a00-466e-ae84-194b84d3af7b:c2130, d451d94d-57a0-4545-b387-d428f64e3f33:c2126]
2019-07-09 16:25:57,791 INFO  client.GrpcClientProtocolClient (GrpcClientProtocolClient.java:onNext(255)) - client-0F1B900A64BD->9bf35ae9-4da0-4371-87fa-54ea3ce1f280: receive RaftClientReply:client-0F1B900A64BD->9bf35ae9-4da0-4371-87fa-54ea3ce1f280@group-432E83AF5B55, cid=1502, SUCCESS, logIndex=2132, commits[9bf35ae9-4da0-4371-87fa-54ea3ce1f280:c2132, 0cc34542-3a00-466e-ae84-194b84d3af7b:c2130, d451d94d-57a0-4545-b387-d428f64e3f33:c2130]
2019-07-09 16:25:57,819 INFO  client.GrpcClientProtocolClient (GrpcClientProtocolClient.java:onNext(255)) - client-0F1B900A64BD->9bf35ae9-4da0-4371-87fa-54ea3ce1f280: receive RaftClientReply:client-0F1B900A64BD->9bf35ae9-4da0-4371-87fa-54ea3ce1f280@group-432E83AF5B55, cid=1503, SUCCESS, logIndex=2135, commits[9bf35ae9-4da0-4371-87fa-54ea3ce1f280:c2136, 0cc34542-3a00-466e-ae84-194b84d3af7b:c2134, d451d94d-57a0-4545-b387-d428f64e3f33:c2134]
2019-07-09 16:25:57,819 INFO  client.GrpcClientProtocolClient (GrpcClientProtocolClient.java:onNext(255)) - client-0F1B900A64BD->9bf35ae9-4da0-4371-87fa-54ea3ce1f280: receive RaftClientReply:client-0F1B900A64BD->9bf35ae9-4da0-4371-87fa-54ea3ce1f280@group-432E83AF5B55, cid=1504, SUCCESS, logIndex=2136, commits[9bf35ae9-4da0-4371-87fa-54ea3ce1f280:c2136, 0cc34542-3a00-466e-ae84-194b84d3af7b:c2134, d451d94d-57a0-4545-b387-d428f64e3f33:c2134]
2019-07-09 16:25:57,834 INFO  client.GrpcClientProtocolClient (GrpcClientProtocolClient.java:onNext(255)) - client-0F1B900A64BD->9bf35ae9-4da0-4371-87fa-54ea3ce1f280: receive RaftClientReply:client-0F1B900A64BD->9bf35ae9-4da0-4371-87fa-54ea3ce1f280@group-432E83AF5B55, cid=1505, SUCCESS, logIndex=0, commits[9bf35ae9-4da0-4371-87fa-54ea3ce1f280:c2138, 0cc34542-3a00-466e-ae84-194b84d3af7b:c2136, d451d94d-57a0-4545-b387-d428f64e3f33:c2136]
2019-07-09 16:25:57,868 INFO  client.GrpcClientProtocolClient (GrpcClientProtocolClient.java:onNext(255)) - client-0F1B900A64BD->9bf35ae9-4da0-4371-87fa-54ea3ce1f280: receive RaftClientReply:client-0F1B900A64BD->9bf35ae9-4da0-4371-87fa-54ea3ce1f280@group-432E83AF5B55, cid=1506, SUCCESS, logIndex=2139, commits[9bf35ae9-4da0-4371-87fa-54ea3ce1f280:c2141, 0cc34542-3a00-466e-ae84-194b84d3af7b:c2138, d451d94d-57a0-4545-b387-d428f64e3f33:c2138]
2019-07-09 16:25:57,869 INFO  client.GrpcClientProtocolClient (GrpcClientProtocolClient.java:onNext(255)) - client-0F1B900A64BD->9bf35ae9-4da0-4371-87fa-54ea3ce1f280: receive RaftClientReply:client-0F1B900A64BD->9bf35ae9-4da0-4371-87fa-54ea3ce1f280@group-432E83AF5B55, cid=1507, SUCCESS, logIndex=2140, commits[9bf35ae9-4da0-4371-87fa-54ea3ce1f280:c2142, 0cc34542-3a00-466e-ae84-194b84d3af7b:c2138, d451d94d-57a0-4545-b387-d428f64e3f33:c2138]
2019-07-09 16:25:57,869 INFO  client.GrpcClientProtocolClient (GrpcClientProtocolClient.java:onNext(255)) - client-0F1B900A64BD->9bf35ae9-4da0-4371-87fa-54ea3ce1f280: receive RaftClientReply:client-0F1B900A64BD->9bf35ae9-4da0-4371-87fa-54ea3ce1f280@group-432E83AF5B55, cid=1508, SUCCESS, logIndex=2141, commits[9bf35ae9-4da0-4371-87fa-54ea3ce1f280:c2142, 0cc34542-3a00-466e-ae84-194b84d3af7b:c2138, d451d94d-57a0-4545-b387-d428f64e3f33:c2138]
2019-07-09 16:25:57,869 INFO  client.GrpcClientProtocolClient (GrpcClientProtocolClient.java:onNext(255)) - client-0F1B900A64BD->9bf35ae9-4da0-4371-87fa-54ea3ce1f280: receive RaftClientReply:client-0F1B900A64BD->9bf35ae9-4da0-4371-87fa-54ea3ce1f280@group-432E83AF5B55, cid=1509, SUCCESS, logIndex=2142, commits[9bf35ae9-4da0-4371-87fa-54ea3ce1f280:c2142, 0cc34542-3a00-466e-ae84-194b84d3af7b:c2138, d451d94d-57a0-4545-b387-d428f64e3f33:c2138]
2019-07-09 16:25:57,882 INFO  client.GrpcClientProtocolClient (GrpcClientProtocolClient.java:onNext(255)) - client-0F1B900A64BD->9bf35ae9-4da0-4371-87fa-54ea3ce1f280: receive RaftClientReply:client-0F1B900A64BD->9bf35ae9-4da0-4371-87fa-54ea3ce1f280@group-432E83AF5B55, cid=1510, SUCCESS, logIndex=0, commits[9bf35ae9-4da0-4371-87fa-54ea3ce1f280:c2144, 0cc34542-3a00-466e-ae84-194b84d3af7b:c2140, d451d94d-57a0-4545-b387-d428f64e3f33:c2140]
2019-07-09 16:25:57,901 INFO  client.GrpcClientProtocolClient (GrpcClientProtocolClient.java:onNext(255)) - client-0F1B900A64BD->9bf35ae9-4da0-4371-87fa-54ea3ce1f280: receive RaftClientReply:client-0F1B900A64BD->9bf35ae9-4da0-4371-87fa-54ea3ce1f280@group-432E83AF5B55, cid=1511, SUCCESS, logIndex=2147, commits[9bf35ae9-4da0-4371-87fa-54ea3ce1f280:c2148, 0cc34542-3a00-466e-ae84-194b84d3af7b:c2146, d451d94d-57a0-4545-b387-d428f64e3f33:c2146]
2019-07-09 16:25:57,902 INFO  client.GrpcClientProtocolClient (GrpcClientProtocolClient.java:onNext(255)) - client-0F1B900A64BD->9bf35ae9-4da0-4371-87fa-54ea3ce1f280: receive RaftClientReply:client-0F1B900A64BD->9bf35ae9-4da0-4371-87fa-54ea3ce1f280@group-432E83AF5B55, cid=1512, SUCCESS, logIndex=2148, commits[9bf35ae9-4da0-4371-87fa-54ea3ce1f280:c2148, 0cc34542-3a00-466e-ae84-194b84d3af7b:c2146, d451d94d-57a0-4545-b387-d428f64e3f33:c2146]
2019-07-09 16:25:57,916 INFO  client.GrpcClientProtocolClient (GrpcClientProtocolClient.java:onNext(255)) - client-0F1B900A64BD->9bf35ae9-4da0-4371-87fa-54ea3ce1f280: receive RaftClientReply:client-0F1B900A64BD->9bf35ae9-4da0-4371-87fa-54ea3ce1f280@group-432E83AF5B55, cid=1513, SUCCESS, logIndex=2151, commits[9bf35ae9-4da0-4371-87fa-54ea3ce1f280:c2151, 0cc34542-3a00-466e-ae84-194b84d3af7b:c2148, d451d94d-57a0-4545-b387-d428f64e3f33:c2148]
2019-07-09 16:25:57,917 INFO  client.GrpcClientProtocolClient (GrpcClientProtocolClient.java:onNext(255)) - client-0F1B900A64BD->9bf35ae9-4da0-4371-87fa-54ea3ce1f280: receive RaftClientReply:client-0F1B900A64BD->9bf35ae9-4da0-4371-87fa-54ea3ce1f280@group-432E83AF5B55, cid=1514, SUCCESS, logIndex=2152, commits[9bf35ae9-4da0-4371-87fa-54ea3ce1f280:c2152, 0cc34542-3a00-466e-ae84-194b84d3af7b:c2148, d451d94d-57a0-4545-b387-d428f64e3f33:c2148]
2019-07-09 16:25:57,931 INFO  client.GrpcClientProtocolClient (GrpcClientProtocolClient.java:onNext(255)) - client-0F1B900A64BD->9bf35ae9-4da0-4371-87fa-54ea3ce1f280: receive RaftClientReply:client-0F1B900A64BD->9bf35ae9-4da0-4371-87fa-54ea3ce1f280@group-432E83AF5B55, cid=1515, SUCCESS, logIndex=0, commits[9bf35ae9-4da0-4371-87fa-54ea3ce1f280:c2153, 0cc34542-3a00-466e-ae84-194b84d3af7b:c2152, d451d94d-57a0-4545-b387-d428f64e3f33:c2152]
2019-07-09 16:25:57,957 INFO  client.GrpcClientProtocolClient (GrpcClientProtocolClient.java:onNext(255)) - client-0F1B900A64BD->9bf35ae9-4da0-4371-87fa-54ea3ce1f280: receive RaftClientReply:client-0F1B900A64BD->9bf35ae9-4da0-4371-87fa-54ea3ce1f280@group-432E83AF5B55, cid=1516, SUCCESS, logIndex=2155, commits[9bf35ae9-4da0-4371-87fa-54ea3ce1f280:c2156, 0cc34542-3a00-466e-ae84-194b84d3af7b:c2154, d451d94d-57a0-4545-b387-d428f64e3f33:c2154]
2019-07-09 16:25:57,960 INFO  client.GrpcClientProtocolClient (GrpcClientProtocolClient.java:onNext(255)) - client-0F1B900A64BD->9bf35ae9-4da0-4371-87fa-54ea3ce1f280: receive RaftClientReply:client-0F1B900A64BD->9bf35ae9-4da0-4371-87fa-54ea3ce1f280@group-432E83AF5B55, cid=1517, SUCCESS, logIndex=2156, commits[9bf35ae9-4da0-4371-87fa-54ea3ce1f280:c2158, 0cc34542-3a00-466e-ae84-194b84d3af7b:c2154, d451d94d-57a0-4545-b387-d428f64e3f33:c2154]
2019-07-09 16:25:57,960 INFO  client.GrpcClientProtocolClient (GrpcClientProtocolClient.java:onNext(255)) - client-0F1B900A64BD->9bf35ae9-4da0-4371-87fa-54ea3ce1f280: receive RaftClientReply:client-0F1B900A64BD->9bf35ae9-4da0-4371-87fa-54ea3ce1f280@group-432E83AF5B55, cid=1518, SUCCESS, logIndex=2157, commits[9bf35ae9-4da0-4371-87fa-54ea3ce1f280:c2158, 0cc34542-3a00-466e-ae84-194b84d3af7b:c2154, d451d94d-57a0-4545-b387-d428f64e3f33:c2154]
2019-07-09 16:25:57,961 INFO  client.GrpcClientProtocolClient (GrpcClientProtocolClient.java:onNext(255)) - client-0F1B900A64BD->9bf35ae9-4da0-4371-87fa-54ea3ce1f280: receive RaftClientReply:client-0F1B900A64BD->9bf35ae9-4da0-4371-87fa-54ea3ce1f280@group-432E83AF5B55, cid=1519, SUCCESS, logIndex=2158, commits[9bf35ae9-4da0-4371-87fa-54ea3ce1f280:c2158, 0cc34542-3a00-466e-ae84-194b84d3af7b:c2154, d451d94d-57a0-4545-b387-d428f64e3f33:c2154]
2019-07-09 16:25:57,969 INFO  client.GrpcClientProtocolClient (GrpcClientProtocolClient.java:onNext(255)) - client-0F1B900A64BD->9bf35ae9-4da0-4371-87fa-54ea3ce1f280: receive RaftClientReply:client-0F1B900A64BD->9bf35ae9-4da0-4371-87fa-54ea3ce1f280@group-432E83AF5B55, cid=1520, SUCCESS, logIndex=0, commits[9bf35ae9-4da0-4371-87fa-54ea3ce1f280:c2160, 0cc34542-3a00-466e-ae84-194b84d3af7b:c2156, d451d94d-57a0-4545-b387-d428f64e3f33:c2156]
2019-07-09 16:25:57,988 INFO  client.GrpcClientProtocolClient (GrpcClientProtocolClient.java:onNext(255)) - client-0F1B900A64BD->9bf35ae9-4da0-4371-87fa-54ea3ce1f280: receive RaftClientReply:client-0F1B900A64BD->9bf35ae9-4da0-4371-87fa-54ea3ce1f280@group-432E83AF5B55, cid=1521, SUCCESS, logIndex=2163, commits[9bf35ae9-4da0-4371-87fa-54ea3ce1f280:c2164, 0cc34542-3a00-466e-ae84-194b84d3af7b:c2162, d451d94d-57a0-4545-b387-d428f64e3f33:c2162]
2019-07-09 16:25:57,989 INFO  client.GrpcClientProtocolClient (GrpcClientProtocolClient.java:onNext(255)) - client-0F1B900A64BD->9bf35ae9-4da0-4371-87fa-54ea3ce1f280: receive RaftClientReply:client-0F1B900A64BD->9bf35ae9-4da0-4371-87fa-54ea3ce1f280@group-432E83AF5B55, cid=1522, SUCCESS, logIndex=2164, commits[9bf35ae9-4da0-4371-87fa-54ea3ce1f280:c2164, 0cc34542-3a00-466e-ae84-194b84d3af7b:c2162, d451d94d-57a0-4545-b387-d428f64e3f33:c2162]
2019-07-09 16:25:58,003 INFO  client.GrpcClientProtocolClient (GrpcClientProtocolClient.java:onNext(255)) - client-0F1B900A64BD->9bf35ae9-4da0-4371-87fa-54ea3ce1f280: receive RaftClientReply:client-0F1B900A64BD->9bf35ae9-4da0-4371-87fa-54ea3ce1f280@group-432E83AF5B55, cid=1523, SUCCESS, logIndex=2167, commits[9bf35ae9-4da0-4371-87fa-54ea3ce1f280:c2168, 0cc34542-3a00-466e-ae84-194b84d3af7b:c2164, d451d94d-57a0-4545-b387-d428f64e3f33:c2164]
2019-07-09 16:25:58,003 INFO  client.GrpcClientProtocolClient (GrpcClientProtocolClient.java:onNext(255)) - client-0F1B900A64BD->9bf35ae9-4da0-4371-87fa-54ea3ce1f280: receive RaftClientReply:client-0F1B900A64BD->9bf35ae9-4da0-4371-87fa-54ea3ce1f280@group-432E83AF5B55, cid=1524, SUCCESS, logIndex=2168, commits[9bf35ae9-4da0-4371-87fa-54ea3ce1f280:c2168, 0cc34542-3a00-466e-ae84-194b84d3af7b:c2164, d451d94d-57a0-4545-b387-d428f64e3f33:c2164]
2019-07-09 16:25:58,015 INFO  client.GrpcClientProtocolClient (GrpcClientProtocolClient.java:onNext(255)) - client-0F1B900A64BD->9bf35ae9-4da0-4371-87fa-54ea3ce1f280: receive RaftClientReply:client-0F1B900A64BD->9bf35ae9-4da0-4371-87fa-54ea3ce1f280@group-432E83AF5B55, cid=1525, SUCCESS, logIndex=0, commits[9bf35ae9-4da0-4371-87fa-54ea3ce1f280:c2168, 0cc34542-3a00-466e-ae84-194b84d3af7b:c2168, d451d94d-57a0-4545-b387-d428f64e3f33:c2168]
2019-07-09 16:25:58,038 INFO  client.GrpcClientProtocolClient (GrpcClientProtocolClient.java:onNext(255)) - client-0F1B900A64BD->9bf35ae9-4da0-4371-87fa-54ea3ce1f280: receive RaftClientReply:client-0F1B900A64BD->9bf35ae9-4da0-4371-87fa-54ea3ce1f280@group-432E83AF5B55, cid=1526, SUCCESS, logIndex=2171, commits[9bf35ae9-4da0-4371-87fa-54ea3ce1f280:c2172, 0cc34542-3a00-466e-ae84-194b84d3af7b:c2170, d451d94d-57a0-4545-b387-d428f64e3f33:c2170]
2019-07-09 16:25:58,039 INFO  client.GrpcClientProtocolClient (GrpcClientProtocolClient.java:onNext(255)) - client-0F1B900A64BD->9bf35ae9-4da0-4371-87fa-54ea3ce1f280: receive RaftClientReply:client-0F1B900A64BD->9bf35ae9-4da0-4371-87fa-54ea3ce1f280@group-432E83AF5B55, cid=1527, SUCCESS, logIndex=2172, commits[9bf35ae9-4da0-4371-87fa-54ea3ce1f280:c2174, 0cc34542-3a00-466e-ae84-194b84d3af7b:c2170, d451d94d-57a0-4545-b387-d428f64e3f33:c2170]
2019-07-09 16:25:58,039 INFO  client.GrpcClientProtocolClient (GrpcClientProtocolClient.java:onNext(255)) - client-0F1B900A64BD->9bf35ae9-4da0-4371-87fa-54ea3ce1f280: receive RaftClientReply:client-0F1B900A64BD->9bf35ae9-4da0-4371-87fa-54ea3ce1f280@group-432E83AF5B55, cid=1528, SUCCESS, logIndex=2173, commits[9bf35ae9-4da0-4371-87fa-54ea3ce1f280:c2174, 0cc34542-3a00-466e-ae84-194b84d3af7b:c2170, d451d94d-57a0-4545-b387-d428f64e3f33:c2170]
2019-07-09 16:25:58,039 INFO  client.GrpcClientProtocolClient (GrpcClientProtocolClient.java:onNext(255)) - client-0F1B900A64BD->9bf35ae9-4da0-4371-87fa-54ea3ce1f280: receive RaftClientReply:client-0F1B900A64BD->9bf35ae9-4da0-4371-87fa-54ea3ce1f280@group-432E83AF5B55, cid=1529, SUCCESS, logIndex=2174, commits[9bf35ae9-4da0-4371-87fa-54ea3ce1f280:c2174, 0cc34542-3a00-466e-ae84-194b84d3af7b:c2170, d451d94d-57a0-4545-b387-d428f64e3f33:c2170]
2019-07-09 16:25:58,044 INFO  client.GrpcClientProtocolClient (GrpcClientProtocolClient.java:onNext(255)) - client-0F1B900A64BD->9bf35ae9-4da0-4371-87fa-54ea3ce1f280: receive RaftClientReply:client-0F1B900A64BD->9bf35ae9-4da0-4371-87fa-54ea3ce1f280@group-432E83AF5B55, cid=1530, SUCCESS, logIndex=0, commits[9bf35ae9-4da0-4371-87fa-54ea3ce1f280:c2177, 0cc34542-3a00-466e-ae84-194b84d3af7b:c2174, d451d94d-57a0-4545-b387-d428f64e3f33:c2172]
2019-07-09 16:25:58,061 INFO  client.GrpcClientProtocolClient (GrpcClientProtocolClient.java:onNext(255)) - client-0F1B900A64BD->9bf35ae9-4da0-4371-87fa-54ea3ce1f280: receive RaftClientReply:client-0F1B900A64BD->9bf35ae9-4da0-4371-87fa-54ea3ce1f280@group-432E83AF5B55, cid=1531, SUCCESS, logIndex=2178, commits[9bf35ae9-4da0-4371-87fa-54ea3ce1f280:c2178, 0cc34542-3a00-466e-ae84-194b84d3af7b:c2177, d451d94d-57a0-4545-b387-d428f64e3f33:c2177]
2019-07-09 16:25:58,062 INFO  client.GrpcClientProtocolClient (GrpcClientProtocolClient.java:onNext(255)) - client-0F1B900A64BD->9bf35ae9-4da0-4371-87fa-54ea3ce1f280: receive RaftClientReply:client-0F1B900A64BD->9bf35ae9-4da0-4371-87fa-54ea3ce1f280@group-432E83AF5B55, cid=1532, SUCCESS, logIndex=2179, commits[9bf35ae9-4da0-4371-87fa-54ea3ce1f280:c2179, 0cc34542-3a00-466e-ae84-194b84d3af7b:c2177, d451d94d-57a0-4545-b387-d428f64e3f33:c2177]
2019-07-09 16:25:58,086 INFO  client.GrpcClientProtocolClient (GrpcClientProtocolClient.java:onNext(255)) - client-0F1B900A64BD->9bf35ae9-4da0-4371-87fa-54ea3ce1f280: receive RaftClientReply:client-0F1B900A64BD->9bf35ae9-4da0-4371-87fa-54ea3ce1f280@group-432E83AF5B55, cid=1533, SUCCESS, logIndex=2182, commits[9bf35ae9-4da0-4371-87fa-54ea3ce1f280:c2183, 0cc34542-3a00-466e-ae84-194b84d3af7b:c2181, d451d94d-57a0-4545-b387-d428f64e3f33:c2181]
2019-07-09 16:25:58,086 INFO  client.GrpcClientProtocolClient (GrpcClientProtocolClient.java:onNext(255)) - client-0F1B900A64BD->9bf35ae9-4da0-4371-87fa-54ea3ce1f280: receive RaftClientReply:client-0F1B900A64BD->9bf35ae9-4da0-4371-87fa-54ea3ce1f280@group-432E83AF5B55, cid=1534, SUCCESS, logIndex=2183, commits[9bf35ae9-4da0-4371-87fa-54ea3ce1f280:c2183, 0cc34542-3a00-466e-ae84-194b84d3af7b:c2181, d451d94d-57a0-4545-b387-d428f64e3f33:c2181]
2019-07-09 16:25:58,098 INFO  client.GrpcClientProtocolClient (GrpcClientProtocolClient.java:onNext(255)) - client-0F1B900A64BD->9bf35ae9-4da0-4371-87fa-54ea3ce1f280: receive RaftClientReply:client-0F1B900A64BD->9bf35ae9-4da0-4371-87fa-54ea3ce1f280@group-432E83AF5B55, cid=1535, SUCCESS, logIndex=0, commits[9bf35ae9-4da0-4371-87fa-54ea3ce1f280:c2184, 0cc34542-3a00-466e-ae84-194b84d3af7b:c2183, d451d94d-57a0-4545-b387-d428f64e3f33:c2183]
2019-07-09 16:25:58,233 INFO  client.GrpcClientProtocolClient (GrpcClientProtocolClient.java:onNext(255)) - client-0F1B900A64BD->9bf35ae9-4da0-4371-87fa-54ea3ce1f280: receive RaftClientReply:client-0F1B900A64BD->9bf35ae9-4da0-4371-87fa-54ea3ce1f280@group-432E83AF5B55, cid=1536, SUCCESS, logIndex=2186, commits[9bf35ae9-4da0-4371-87fa-54ea3ce1f280:c2188, 0cc34542-3a00-466e-ae84-194b84d3af7b:c2185, d451d94d-57a0-4545-b387-d428f64e3f33:c2185]
2019-07-09 16:25:58,234 INFO  client.GrpcClientProtocolClient (GrpcClientProtocolClient.java:onNext(255)) - client-0F1B900A64BD->9bf35ae9-4da0-4371-87fa-54ea3ce1f280: receive RaftClientReply:client-0F1B900A64BD->9bf35ae9-4da0-4371-87fa-54ea3ce1f280@group-432E83AF5B55, cid=1537, SUCCESS, logIndex=2187, commits[9bf35ae9-4da0-4371-87fa-54ea3ce1f280:c2189, 0cc34542-3a00-466e-ae84-194b84d3af7b:c2185, d451d94d-57a0-4545-b387-d428f64e3f33:c2185]
2019-07-09 16:25:58,235 INFO  client.GrpcClientProtocolClient (GrpcClientProtocolClient.java:onNext(255)) - client-0F1B900A64BD->9bf35ae9-4da0-4371-87fa-54ea3ce1f280: receive RaftClientReply:client-0F1B900A64BD->9bf35ae9-4da0-4371-87fa-54ea3ce1f280@group-432E83AF5B55, cid=1538, SUCCESS, logIndex=2188, commits[9bf35ae9-4da0-4371-87fa-54ea3ce1f280:c2189, 0cc34542-3a00-466e-ae84-194b84d3af7b:c2185, d451d94d-57a0-4545-b387-d428f64e3f33:c2185]
2019-07-09 16:25:58,235 INFO  client.GrpcClientProtocolClient (GrpcClientProtocolClient.java:onNext(255)) - client-0F1B900A64BD->9bf35ae9-4da0-4371-87fa-54ea3ce1f280: receive RaftClientReply:client-0F1B900A64BD->9bf35ae9-4da0-4371-87fa-54ea3ce1f280@group-432E83AF5B55, cid=1539, SUCCESS, logIndex=2189, commits[9bf35ae9-4da0-4371-87fa-54ea3ce1f280:c2189, 0cc34542-3a00-466e-ae84-194b84d3af7b:c2185, d451d94d-57a0-4545-b387-d428f64e3f33:c2185]
2019-07-09 16:25:58,248 INFO  client.GrpcClientProtocolClient (GrpcClientProtocolClient.java:onNext(255)) - client-0F1B900A64BD->9bf35ae9-4da0-4371-87fa-54ea3ce1f280: receive RaftClientReply:client-0F1B900A64BD->9bf35ae9-4da0-4371-87fa-54ea3ce1f280@group-432E83AF5B55, cid=1540, SUCCESS, logIndex=0, commits[9bf35ae9-4da0-4371-87fa-54ea3ce1f280:c2193, 0cc34542-3a00-466e-ae84-194b84d3af7b:c2189, d451d94d-57a0-4545-b387-d428f64e3f33:c2188]
2019-07-09 16:25:58,269 INFO  client.GrpcClientProtocolClient (GrpcClientProtocolClient.java:onNext(255)) - client-0F1B900A64BD->9bf35ae9-4da0-4371-87fa-54ea3ce1f280: receive RaftClientReply:client-0F1B900A64BD->9bf35ae9-4da0-4371-87fa-54ea3ce1f280@group-432E83AF5B55, cid=1541, SUCCESS, logIndex=2194, commits[9bf35ae9-4da0-4371-87fa-54ea3ce1f280:c2195, 0cc34542-3a00-466e-ae84-194b84d3af7b:c2193, d451d94d-57a0-4545-b387-d428f64e3f33:c2193]
2019-07-09 16:25:58,269 INFO  client.GrpcClientProtocolClient (GrpcClientProtocolClient.java:onNext(255)) - client-0F1B900A64BD->9bf35ae9-4da0-4371-87fa-54ea3ce1f280: receive RaftClientReply:client-0F1B900A64BD->9bf35ae9-4da0-4371-87fa-54ea3ce1f280@group-432E83AF5B55, cid=1542, SUCCESS, logIndex=2195, commits[9bf35ae9-4da0-4371-87fa-54ea3ce1f280:c2195, 0cc34542-3a00-466e-ae84-194b84d3af7b:c2193, d451d94d-57a0-4545-b387-d428f64e3f33:c2193]
2019-07-09 16:25:58,283 INFO  client.GrpcClientProtocolClient (GrpcClientProtocolClient.java:onNext(255)) - client-0F1B900A64BD->9bf35ae9-4da0-4371-87fa-54ea3ce1f280: receive RaftClientReply:client-0F1B900A64BD->9bf35ae9-4da0-4371-87fa-54ea3ce1f280@group-432E83AF5B55, cid=1543, SUCCESS, logIndex=2198, commits[9bf35ae9-4da0-4371-87fa-54ea3ce1f280:c2199, 0cc34542-3a00-466e-ae84-194b84d3af7b:c2194, d451d94d-57a0-4545-b387-d428f64e3f33:c2195]
2019-07-09 16:25:58,283 INFO  client.GrpcClientProtocolClient (GrpcClientProtocolClient.java:onNext(255)) - client-0F1B900A64BD->9bf35ae9-4da0-4371-87fa-54ea3ce1f280: receive RaftClientReply:client-0F1B900A64BD->9bf35ae9-4da0-4371-87fa-54ea3ce1f280@group-432E83AF5B55, cid=1544, SUCCESS, logIndex=2199, commits[9bf35ae9-4da0-4371-87fa-54ea3ce1f280:c2199, 0cc34542-3a00-466e-ae84-194b84d3af7b:c2195, d451d94d-57a0-4545-b387-d428f64e3f33:c2195]
2019-07-09 16:25:58,285 INFO  client.GrpcClientProtocolClient (GrpcClientProtocolClient.java:onNext(255)) - client-0F1B900A64BD->9bf35ae9-4da0-4371-87fa-54ea3ce1f280: receive RaftClientReply:client-0F1B900A64BD->9bf35ae9-4da0-4371-87fa-54ea3ce1f280@group-432E83AF5B55, cid=1545, SUCCESS, logIndex=0, commits[9bf35ae9-4da0-4371-87fa-54ea3ce1f280:c2201, 0cc34542-3a00-466e-ae84-194b84d3af7b:c2199, d451d94d-57a0-4545-b387-d428f64e3f33:c2199]
2019-07-09 16:25:58,312 INFO  client.GrpcClientProtocolClient (GrpcClientProtocolClient.java:onNext(255)) - client-0F1B900A64BD->9bf35ae9-4da0-4371-87fa-54ea3ce1f280: receive RaftClientReply:client-0F1B900A64BD->9bf35ae9-4da0-4371-87fa-54ea3ce1f280@group-432E83AF5B55, cid=1546, SUCCESS, logIndex=2202, commits[9bf35ae9-4da0-4371-87fa-54ea3ce1f280:c2204, 0cc34542-3a00-466e-ae84-194b84d3af7b:c2201, d451d94d-57a0-4545-b387-d428f64e3f33:c2201]
2019-07-09 16:25:58,312 INFO  client.GrpcClientProtocolClient (GrpcClientProtocolClient.java:onNext(255)) - client-0F1B900A64BD->9bf35ae9-4da0-4371-87fa-54ea3ce1f280: receive RaftClientReply:client-0F1B900A64BD->9bf35ae9-4da0-4371-87fa-54ea3ce1f280@group-432E83AF5B55, cid=1547, SUCCESS, logIndex=2203, commits[9bf35ae9-4da0-4371-87fa-54ea3ce1f280:c2205, 0cc34542-3a00-466e-ae84-194b84d3af7b:c2201, d451d94d-57a0-4545-b387-d428f64e3f33:c2201]
2019-07-09 16:25:58,313 INFO  client.GrpcClientProtocolClient (GrpcClientProtocolClient.java:onNext(255)) - client-0F1B900A64BD->9bf35ae9-4da0-4371-87fa-54ea3ce1f280: receive RaftClientReply:client-0F1B900A64BD->9bf35ae9-4da0-4371-87fa-54ea3ce1f280@group-432E83AF5B55, cid=1548, SUCCESS, logIndex=2204, commits[9bf35ae9-4da0-4371-87fa-54ea3ce1f280:c2205, 0cc34542-3a00-466e-ae84-194b84d3af7b:c2201, d451d94d-57a0-4545-b387-d428f64e3f33:c2201]
2019-07-09 16:25:58,313 INFO  client.GrpcClientProtocolClient (GrpcClientProtocolClient.java:onNext(255)) - client-0F1B900A64BD->9bf35ae9-4da0-4371-87fa-54ea3ce1f280: receive RaftClientReply:client-0F1B900A64BD->9bf35ae9-4da0-4371-87fa-54ea3ce1f280@group-432E83AF5B55, cid=1549, SUCCESS, logIndex=2205, commits[9bf35ae9-4da0-4371-87fa-54ea3ce1f280:c2205, 0cc34542-3a00-466e-ae84-194b84d3af7b:c2201, d451d94d-57a0-4545-b387-d428f64e3f33:c2201]
2019-07-09 16:25:58,327 INFO  client.GrpcClientProtocolClient (GrpcClientProtocolClient.java:onNext(255)) - client-0F1B900A64BD->9bf35ae9-4da0-4371-87fa-54ea3ce1f280: receive RaftClientReply:client-0F1B900A64BD->9bf35ae9-4da0-4371-87fa-54ea3ce1f280@group-432E83AF5B55, cid=1550, SUCCESS, logIndex=0, commits[9bf35ae9-4da0-4371-87fa-54ea3ce1f280:c2208, 0cc34542-3a00-466e-ae84-194b84d3af7b:c2204, d451d94d-57a0-4545-b387-d428f64e3f33:c2205]
2019-07-09 16:25:58,347 INFO  client.GrpcClientProtocolClient (GrpcClientProtocolClient.java:onNext(255)) - client-0F1B900A64BD->9bf35ae9-4da0-4371-87fa-54ea3ce1f280: receive RaftClientReply:client-0F1B900A64BD->9bf35ae9-4da0-4371-87fa-54ea3ce1f280@group-432E83AF5B55, cid=1551, SUCCESS, logIndex=2210, commits[9bf35ae9-4da0-4371-87fa-54ea3ce1f280:c2211, 0cc34542-3a00-466e-ae84-194b84d3af7b:c2209, d451d94d-57a0-4545-b387-d428f64e3f33:c2209]
2019-07-09 16:25:58,348 INFO  client.GrpcClientProtocolClient (GrpcClientProtocolClient.java:onNext(255)) - client-0F1B900A64BD->9bf35ae9-4da0-4371-87fa-54ea3ce1f280: receive RaftClientReply:client-0F1B900A64BD->9bf35ae9-4da0-4371-87fa-54ea3ce1f280@group-432E83AF5B55, cid=1552, SUCCESS, logIndex=2211, commits[9bf35ae9-4da0-4371-87fa-54ea3ce1f280:c2211, 0cc34542-3a00-466e-ae84-194b84d3af7b:c2209, d451d94d-57a0-4545-b387-d428f64e3f33:c2209]
2019-07-09 16:25:58,367 INFO  client.GrpcClientProtocolClient (GrpcClientProtocolClient.java:onNext(255)) - client-0F1B900A64BD->9bf35ae9-4da0-4371-87fa-54ea3ce1f280: receive RaftClientReply:client-0F1B900A64BD->9bf35ae9-4da0-4371-87fa-54ea3ce1f280@group-432E83AF5B55, cid=1553, SUCCESS, logIndex=2214, commits[9bf35ae9-4da0-4371-87fa-54ea3ce1f280:c2215, 0cc34542-3a00-466e-ae84-194b84d3af7b:c2212, d451d94d-57a0-4545-b387-d428f64e3f33:c2212]
2019-07-09 16:25:58,368 INFO  client.GrpcClientProtocolClient (GrpcClientProtocolClient.java:onNext(255)) - client-0F1B900A64BD->9bf35ae9-4da0-4371-87fa-54ea3ce1f280: receive RaftClientReply:client-0F1B900A64BD->9bf35ae9-4da0-4371-87fa-54ea3ce1f280@group-432E83AF5B55, cid=1554, SUCCESS, logIndex=2215, commits[9bf35ae9-4da0-4371-87fa-54ea3ce1f280:c2215, 0cc34542-3a00-466e-ae84-194b84d3af7b:c2212, d451d94d-57a0-4545-b387-d428f64e3f33:c2212]
2019-07-09 16:25:58,382 INFO  client.GrpcClientProtocolClient (GrpcClientProtocolClient.java:onNext(255)) - client-0F1B900A64BD->9bf35ae9-4da0-4371-87fa-54ea3ce1f280: receive RaftClientReply:client-0F1B900A64BD->9bf35ae9-4da0-4371-87fa-54ea3ce1f280@group-432E83AF5B55, cid=1555, SUCCESS, logIndex=0, commits[9bf35ae9-4da0-4371-87fa-54ea3ce1f280:c2217, 0cc34542-3a00-466e-ae84-194b84d3af7b:c2215, d451d94d-57a0-4545-b387-d428f64e3f33:c2215]
2019-07-09 16:25:58,415 INFO  client.GrpcClientProtocolClient (GrpcClientProtocolClient.java:onNext(255)) - client-0F1B900A64BD->9bf35ae9-4da0-4371-87fa-54ea3ce1f280: receive RaftClientReply:client-0F1B900A64BD->9bf35ae9-4da0-4371-87fa-54ea3ce1f280@group-432E83AF5B55, cid=1556, SUCCESS, logIndex=2218, commits[9bf35ae9-4da0-4371-87fa-54ea3ce1f280:c2219, 0cc34542-3a00-466e-ae84-194b84d3af7b:c2217, d451d94d-57a0-4545-b387-d428f64e3f33:c2215]
2019-07-09 16:25:58,416 INFO  client.GrpcClientProtocolClient (GrpcClientProtocolClient.java:onNext(255)) - client-0F1B900A64BD->9bf35ae9-4da0-4371-87fa-54ea3ce1f280: receive RaftClientReply:client-0F1B900A64BD->9bf35ae9-4da0-4371-87fa-54ea3ce1f280@group-432E83AF5B55, cid=1557, SUCCESS, logIndex=2219, commits[9bf35ae9-4da0-4371-87fa-54ea3ce1f280:c2219, 0cc34542-3a00-466e-ae84-194b84d3af7b:c2217, d451d94d-57a0-4545-b387-d428f64e3f33:c2215]
2019-07-09 16:25:58,424 INFO  client.GrpcClientProtocolClient (GrpcClientProtocolClient.java:onNext(255)) - client-0F1B900A64BD->9bf35ae9-4da0-4371-87fa-54ea3ce1f280: receive RaftClientReply:client-0F1B900A64BD->9bf35ae9-4da0-4371-87fa-54ea3ce1f280@group-432E83AF5B55, cid=1558, SUCCESS, logIndex=2220, commits[9bf35ae9-4da0-4371-87fa-54ea3ce1f280:c2221, 0cc34542-3a00-466e-ae84-194b84d3af7b:c2217, d451d94d-57a0-4545-b387-d428f64e3f33:c2217]
2019-07-09 16:25:58,425 INFO  client.GrpcClientProtocolClient (GrpcClientProtocolClient.java:onNext(255)) - client-0F1B900A64BD->9bf35ae9-4da0-4371-87fa-54ea3ce1f280: receive RaftClientReply:client-0F1B900A64BD->9bf35ae9-4da0-4371-87fa-54ea3ce1f280@group-432E83AF5B55, cid=1559, SUCCESS, logIndex=2221, commits[9bf35ae9-4da0-4371-87fa-54ea3ce1f280:c2221, 0cc34542-3a00-466e-ae84-194b84d3af7b:c2217, d451d94d-57a0-4545-b387-d428f64e3f33:c2217]
2019-07-09 16:25:58,427 INFO  client.GrpcClientProtocolClient (GrpcClientProtocolClient.java:onNext(255)) - client-0F1B900A64BD->9bf35ae9-4da0-4371-87fa-54ea3ce1f280: receive RaftClientReply:client-0F1B900A64BD->9bf35ae9-4da0-4371-87fa-54ea3ce1f280@group-432E83AF5B55, cid=1560, SUCCESS, logIndex=0, commits[9bf35ae9-4da0-4371-87fa-54ea3ce1f280:c2223, 0cc34542-3a00-466e-ae84-194b84d3af7b:c2219, d451d94d-57a0-4545-b387-d428f64e3f33:c2219]
2019-07-09 16:25:58,440 INFO  client.GrpcClientProtocolClient (GrpcClientProtocolClient.java:onNext(255)) - client-0F1B900A64BD->9bf35ae9-4da0-4371-87fa-54ea3ce1f280: receive RaftClientReply:client-0F1B900A64BD->9bf35ae9-4da0-4371-87fa-54ea3ce1f280@group-432E83AF5B55, cid=1561, SUCCESS, logIndex=2226, commits[9bf35ae9-4da0-4371-87fa-54ea3ce1f280:c2227, 0cc34542-3a00-466e-ae84-194b84d3af7b:c2221, d451d94d-57a0-4545-b387-d428f64e3f33:c2223]
2019-07-09 16:25:58,441 INFO  client.GrpcClientProtocolClient (GrpcClientProtocolClient.java:onNext(255)) - client-0F1B900A64BD->9bf35ae9-4da0-4371-87fa-54ea3ce1f280: receive RaftClientReply:client-0F1B900A64BD->9bf35ae9-4da0-4371-87fa-54ea3ce1f280@group-432E83AF5B55, cid=1562, SUCCESS, logIndex=2227, commits[9bf35ae9-4da0-4371-87fa-54ea3ce1f280:c2227, 0cc34542-3a00-466e-ae84-194b84d3af7b:c2223, d451d94d-57a0-4545-b387-d428f64e3f33:c2223]
2019-07-09 16:25:58,460 INFO  client.GrpcClientProtocolClient (GrpcClientProtocolClient.java:onNext(255)) - client-0F1B900A64BD->9bf35ae9-4da0-4371-87fa-54ea3ce1f280: receive RaftClientReply:client-0F1B900A64BD->9bf35ae9-4da0-4371-87fa-54ea3ce1f280@group-432E83AF5B55, cid=1563, SUCCESS, logIndex=2230, commits[9bf35ae9-4da0-4371-87fa-54ea3ce1f280:c2231, 0cc34542-3a00-466e-ae84-194b84d3af7b:c2229, d451d94d-57a0-4545-b387-d428f64e3f33:c2229]
2019-07-09 16:25:58,460 INFO  client.GrpcClientProtocolClient (GrpcClientProtocolClient.java:onNext(255)) - client-0F1B900A64BD->9bf35ae9-4da0-4371-87fa-54ea3ce1f280: receive RaftClientReply:client-0F1B900A64BD->9bf35ae9-4da0-4371-87fa-54ea3ce1f280@group-432E83AF5B55, cid=1564, SUCCESS, logIndex=2231, commits[9bf35ae9-4da0-4371-87fa-54ea3ce1f280:c2231, 0cc34542-3a00-466e-ae84-194b84d3af7b:c2229, d451d94d-57a0-4545-b387-d428f64e3f33:c2229]
2019-07-09 16:25:58,473 INFO  client.GrpcClientProtocolClient (GrpcClientProtocolClient.java:onNext(255)) - client-0F1B900A64BD->9bf35ae9-4da0-4371-87fa-54ea3ce1f280: receive RaftClientReply:client-0F1B900A64BD->9bf35ae9-4da0-4371-87fa-54ea3ce1f280@group-432E83AF5B55, cid=1565, SUCCESS, logIndex=0, commits[9bf35ae9-4da0-4371-87fa-54ea3ce1f280:c2233, 0cc34542-3a00-466e-ae84-194b84d3af7b:c2231, d451d94d-57a0-4545-b387-d428f64e3f33:c2231]
2019-07-09 16:25:58,499 INFO  client.GrpcClientProtocolClient (GrpcClientProtocolClient.java:onNext(255)) - client-0F1B900A64BD->9bf35ae9-4da0-4371-87fa-54ea3ce1f280: receive RaftClientReply:client-0F1B900A64BD->9bf35ae9-4da0-4371-87fa-54ea3ce1f280@group-432E83AF5B55, cid=1566, SUCCESS, logIndex=2234, commits[9bf35ae9-4da0-4371-87fa-54ea3ce1f280:c2236, 0cc34542-3a00-466e-ae84-194b84d3af7b:c2233, d451d94d-57a0-4545-b387-d428f64e3f33:c2233]
2019-07-09 16:25:58,500 INFO  client.GrpcClientProtocolClient (GrpcClientProtocolClient.java:onNext(255)) - client-0F1B900A64BD->9bf35ae9-4da0-4371-87fa-54ea3ce1f280: receive RaftClientReply:client-0F1B900A64BD->9bf35ae9-4da0-4371-87fa-54ea3ce1f280@group-432E83AF5B55, cid=1567, SUCCESS, logIndex=2235, commits[9bf35ae9-4da0-4371-87fa-54ea3ce1f280:c2237, 0cc34542-3a00-466e-ae84-194b84d3af7b:c2233, d451d94d-57a0-4545-b387-d428f64e3f33:c2233]
2019-07-09 16:25:58,500 INFO  client.GrpcClientProtocolClient (GrpcClientProtocolClient.java:onNext(255)) - client-0F1B900A64BD->9bf35ae9-4da0-4371-87fa-54ea3ce1f280: receive RaftClientReply:client-0F1B900A64BD->9bf35ae9-4da0-4371-87fa-54ea3ce1f280@group-432E83AF5B55, cid=1568, SUCCESS, logIndex=2236, commits[9bf35ae9-4da0-4371-87fa-54ea3ce1f280:c2237, 0cc34542-3a00-466e-ae84-194b84d3af7b:c2233, d451d94d-57a0-4545-b387-d428f64e3f33:c2233]
2019-07-09 16:25:58,501 INFO  client.GrpcClientProtocolClient (GrpcClientProtocolClient.java:onNext(255)) - client-0F1B900A64BD->9bf35ae9-4da0-4371-87fa-54ea3ce1f280: receive RaftClientReply:client-0F1B900A64BD->9bf35ae9-4da0-4371-87fa-54ea3ce1f280@group-432E83AF5B55, cid=1569, SUCCESS, logIndex=2237, commits[9bf35ae9-4da0-4371-87fa-54ea3ce1f280:c2239, 0cc34542-3a00-466e-ae84-194b84d3af7b:c2233, d451d94d-57a0-4545-b387-d428f64e3f33:c2235]
2019-07-09 16:25:58,502 INFO  client.GrpcClientProtocolClient (GrpcClientProtocolClient.java:onNext(255)) - client-0F1B900A64BD->9bf35ae9-4da0-4371-87fa-54ea3ce1f280: receive RaftClientReply:client-0F1B900A64BD->9bf35ae9-4da0-4371-87fa-54ea3ce1f280@group-432E83AF5B55, cid=1570, SUCCESS, logIndex=0, commits[9bf35ae9-4da0-4371-87fa-54ea3ce1f280:c2240, 0cc34542-3a00-466e-ae84-194b84d3af7b:c2235, d451d94d-57a0-4545-b387-d428f64e3f33:c2236]
2019-07-09 16:25:58,523 INFO  client.GrpcClientProtocolClient (GrpcClientProtocolClient.java:onNext(255)) - client-0F1B900A64BD->9bf35ae9-4da0-4371-87fa-54ea3ce1f280: receive RaftClientReply:client-0F1B900A64BD->9bf35ae9-4da0-4371-87fa-54ea3ce1f280@group-432E83AF5B55, cid=1571, SUCCESS, logIndex=2242, commits[9bf35ae9-4da0-4371-87fa-54ea3ce1f280:c2243, 0cc34542-3a00-466e-ae84-194b84d3af7b:c2241, d451d94d-57a0-4545-b387-d428f64e3f33:c2241]
2019-07-09 16:25:58,523 INFO  client.GrpcClientProtocolClient (GrpcClientProtocolClient.java:onNext(255)) - client-0F1B900A64BD->9bf35ae9-4da0-4371-87fa-54ea3ce1f280: receive RaftClientReply:client-0F1B900A64BD->9bf35ae9-4da0-4371-87fa-54ea3ce1f280@group-432E83AF5B55, cid=1572, SUCCESS, logIndex=2243, commits[9bf35ae9-4da0-4371-87fa-54ea3ce1f280:c2243, 0cc34542-3a00-466e-ae84-194b84d3af7b:c2241, d451d94d-57a0-4545-b387-d428f64e3f33:c2241]
 0.00% |█                                                                                                    |  0/1 Time: 0:00:102019-07-09 16:25:58,549 INFO  client.GrpcClientProtocolClient (GrpcClientProtocolClient.java:onNext(255)) - client-0F1B900A64BD->9bf35ae9-4da0-4371-87fa-54ea3ce1f280: receive RaftClientReply:client-0F1B900A64BD->9bf35ae9-4da0-4371-87fa-54ea3ce1f280@group-432E83AF5B55, cid=1573, SUCCESS, logIndex=2246, commits[9bf35ae9-4da0-4371-87fa-54ea3ce1f280:c2247, 0cc34542-3a00-466e-ae84-194b84d3af7b:c2243, d451d94d-57a0-4545-b387-d428f64e3f33:c2243]
2019-07-09 16:25:58,550 INFO  client.GrpcClientProtocolClient (GrpcClientProtocolClient.java:onNext(255)) - client-0F1B900A64BD->9bf35ae9-4da0-4371-87fa-54ea3ce1f280: receive RaftClientReply:client-0F1B900A64BD->9bf35ae9-4da0-4371-87fa-54ea3ce1f280@group-432E83AF5B55, cid=1574, SUCCESS, logIndex=2247, commits[9bf35ae9-4da0-4371-87fa-54ea3ce1f280:c2247, 0cc34542-3a00-466e-ae84-194b84d3af7b:c2243, d451d94d-57a0-4545-b387-d428f64e3f33:c2243]
2019-07-09 16:25:58,552 INFO  client.GrpcClientProtocolClient (GrpcClientProtocolClient.java:onNext(255)) - client-0F1B900A64BD->9bf35ae9-4da0-4371-87fa-54ea3ce1f280: receive RaftClientReply:client-0F1B900A64BD->9bf35ae9-4da0-4371-87fa-54ea3ce1f280@group-432E83AF5B55, cid=1575, SUCCESS, logIndex=0, commits[9bf35ae9-4da0-4371-87fa-54ea3ce1f280:c2249, 0cc34542-3a00-466e-ae84-194b84d3af7b:c2247, d451d94d-57a0-4545-b387-d428f64e3f33:c2247]
2019-07-09 16:25:58,594 INFO  client.GrpcClientProtocolClient (GrpcClientProtocolClient.java:onNext(255)) - client-0F1B900A64BD->9bf35ae9-4da0-4371-87fa-54ea3ce1f280: receive RaftClientReply:client-0F1B900A64BD->9bf35ae9-4da0-4371-87fa-54ea3ce1f280@group-432E83AF5B55, cid=1576, SUCCESS, logIndex=2250, commits[9bf35ae9-4da0-4371-87fa-54ea3ce1f280:c2252, 0cc34542-3a00-466e-ae84-194b84d3af7b:c2247, d451d94d-57a0-4545-b387-d428f64e3f33:c2249]
2019-07-09 16:25:58,595 INFO  client.GrpcClientProtocolClient (GrpcClientProtocolClient.java:onNext(255)) - client-0F1B900A64BD->9bf35ae9-4da0-4371-87fa-54ea3ce1f280: receive RaftClientReply:client-0F1B900A64BD->9bf35ae9-4da0-4371-87fa-54ea3ce1f280@group-432E83AF5B55, cid=1577, SUCCESS, logIndex=2251, commits[9bf35ae9-4da0-4371-87fa-54ea3ce1f280:c2253, 0cc34542-3a00-466e-ae84-194b84d3af7b:c2249, d451d94d-57a0-4545-b387-d428f64e3f33:c2249]
2019-07-09 16:25:58,595 INFO  client.GrpcClientProtocolClient (GrpcClientProtocolClient.java:onNext(255)) - client-0F1B900A64BD->9bf35ae9-4da0-4371-87fa-54ea3ce1f280: receive RaftClientReply:client-0F1B900A64BD->9bf35ae9-4da0-4371-87fa-54ea3ce1f280@group-432E83AF5B55, cid=1578, SUCCESS, logIndex=2252, commits[9bf35ae9-4da0-4371-87fa-54ea3ce1f280:c2253, 0cc34542-3a00-466e-ae84-194b84d3af7b:c2249, d451d94d-57a0-4545-b387-d428f64e3f33:c2249]
2019-07-09 16:25:58,595 INFO  client.GrpcClientProtocolClient (GrpcClientProtocolClient.java:onNext(255)) - client-0F1B900A64BD->9bf35ae9-4da0-4371-87fa-54ea3ce1f280: receive RaftClientReply:client-0F1B900A64BD->9bf35ae9-4da0-4371-87fa-54ea3ce1f280@group-432E83AF5B55, cid=1579, SUCCESS, logIndex=2253, commits[9bf35ae9-4da0-4371-87fa-54ea3ce1f280:c2253, 0cc34542-3a00-466e-ae84-194b84d3af7b:c2249, d451d94d-57a0-4545-b387-d428f64e3f33:c2251]
2019-07-09 16:25:58,597 INFO  client.GrpcClientProtocolClient (GrpcClientProtocolClient.java:onNext(255)) - client-0F1B900A64BD->9bf35ae9-4da0-4371-87fa-54ea3ce1f280: receive RaftClientReply:client-0F1B900A64BD->9bf35ae9-4da0-4371-87fa-54ea3ce1f280@group-432E83AF5B55, cid=1580, SUCCESS, logIndex=0, commits[9bf35ae9-4da0-4371-87fa-54ea3ce1f280:c2256, 0cc34542-3a00-466e-ae84-194b84d3af7b:c2252, d451d94d-57a0-4545-b387-d428f64e3f33:c2252]
2019-07-09 16:25:58,618 INFO  client.GrpcClientProtocolClient (GrpcClientProtocolClient.java:onNext(255)) - client-0F1B900A64BD->9bf35ae9-4da0-4371-87fa-54ea3ce1f280: receive RaftClientReply:client-0F1B900A64BD->9bf35ae9-4da0-4371-87fa-54ea3ce1f280@group-432E83AF5B55, cid=1581, SUCCESS, logIndex=2258, commits[9bf35ae9-4da0-4371-87fa-54ea3ce1f280:c2259, 0cc34542-3a00-466e-ae84-194b84d3af7b:c2257, d451d94d-57a0-4545-b387-d428f64e3f33:c2257]
2019-07-09 16:25:58,619 INFO  client.GrpcClientProtocolClient (GrpcClientProtocolClient.java:onNext(255)) - client-0F1B900A64BD->9bf35ae9-4da0-4371-87fa-54ea3ce1f280: receive RaftClientReply:client-0F1B900A64BD->9bf35ae9-4da0-4371-87fa-54ea3ce1f280@group-432E83AF5B55, cid=1582, SUCCESS, logIndex=2259, commits[9bf35ae9-4da0-4371-87fa-54ea3ce1f280:c2259, 0cc34542-3a00-466e-ae84-194b84d3af7b:c2257, d451d94d-57a0-4545-b387-d428f64e3f33:c2257]
2019-07-09 16:25:58,631 INFO  client.GrpcClientProtocolClient (GrpcClientProtocolClient.java:onNext(255)) - client-0F1B900A64BD->9bf35ae9-4da0-4371-87fa-54ea3ce1f280: receive RaftClientReply:client-0F1B900A64BD->9bf35ae9-4da0-4371-87fa-54ea3ce1f280@group-432E83AF5B55, cid=1583, SUCCESS, logIndex=2262, commits[9bf35ae9-4da0-4371-87fa-54ea3ce1f280:c2263, 0cc34542-3a00-466e-ae84-194b84d3af7b:c2259, d451d94d-57a0-4545-b387-d428f64e3f33:c2259]
2019-07-09 16:25:58,632 INFO  client.GrpcClientProtocolClient (GrpcClientProtocolClient.java:onNext(255)) - client-0F1B900A64BD->9bf35ae9-4da0-4371-87fa-54ea3ce1f280: receive RaftClientReply:client-0F1B900A64BD->9bf35ae9-4da0-4371-87fa-54ea3ce1f280@group-432E83AF5B55, cid=1584, SUCCESS, logIndex=2263, commits[9bf35ae9-4da0-4371-87fa-54ea3ce1f280:c2263, 0cc34542-3a00-466e-ae84-194b84d3af7b:c2259, d451d94d-57a0-4545-b387-d428f64e3f33:c2259]
2019-07-09 16:25:58,633 INFO  client.GrpcClientProtocolClient (GrpcClientProtocolClient.java:onNext(255)) - client-0F1B900A64BD->9bf35ae9-4da0-4371-87fa-54ea3ce1f280: receive RaftClientReply:client-0F1B900A64BD->9bf35ae9-4da0-4371-87fa-54ea3ce1f280@group-432E83AF5B55, cid=1585, SUCCESS, logIndex=0, commits[9bf35ae9-4da0-4371-87fa-54ea3ce1f280:c2264, 0cc34542-3a00-466e-ae84-194b84d3af7b:c2263, d451d94d-57a0-4545-b387-d428f64e3f33:c2263]
2019-07-09 16:25:58,664 INFO  client.GrpcClientProtocolClient (GrpcClientProtocolClient.java:onNext(255)) - client-0F1B900A64BD->9bf35ae9-4da0-4371-87fa-54ea3ce1f280: receive RaftClientReply:client-0F1B900A64BD->9bf35ae9-4da0-4371-87fa-54ea3ce1f280@group-432E83AF5B55, cid=1586, SUCCESS, logIndex=2266, commits[9bf35ae9-4da0-4371-87fa-54ea3ce1f280:c2269, 0cc34542-3a00-466e-ae84-194b84d3af7b:c2265, d451d94d-57a0-4545-b387-d428f64e3f33:c2265]
2019-07-09 16:25:58,665 INFO  client.GrpcClientProtocolClient (GrpcClientProtocolClient.java:onNext(255)) - client-0F1B900A64BD->9bf35ae9-4da0-4371-87fa-54ea3ce1f280: receive RaftClientReply:client-0F1B900A64BD->9bf35ae9-4da0-4371-87fa-54ea3ce1f280@group-432E83AF5B55, cid=1587, SUCCESS, logIndex=2267, commits[9bf35ae9-4da0-4371-87fa-54ea3ce1f280:c2269, 0cc34542-3a00-466e-ae84-194b84d3af7b:c2265, d451d94d-57a0-4545-b387-d428f64e3f33:c2265]
2019-07-09 16:25:58,666 INFO  client.GrpcClientProtocolClient (GrpcClientProtocolClient.java:onNext(255)) - client-0F1B900A64BD->9bf35ae9-4da0-4371-87fa-54ea3ce1f280: receive RaftClientReply:client-0F1B900A64BD->9bf35ae9-4da0-4371-87fa-54ea3ce1f280@group-432E83AF5B55, cid=1588, SUCCESS, logIndex=2268, commits[9bf35ae9-4da0-4371-87fa-54ea3ce1f280:c2269, 0cc34542-3a00-466e-ae84-194b84d3af7b:c2265, d451d94d-57a0-4545-b387-d428f64e3f33:c2265]
2019-07-09 16:25:58,666 INFO  client.GrpcClientProtocolClient (GrpcClientProtocolClient.java:onNext(255)) - client-0F1B900A64BD->9bf35ae9-4da0-4371-87fa-54ea3ce1f280: receive RaftClientReply:client-0F1B900A64BD->9bf35ae9-4da0-4371-87fa-54ea3ce1f280@group-432E83AF5B55, cid=1589, SUCCESS, logIndex=2269, commits[9bf35ae9-4da0-4371-87fa-54ea3ce1f280:c2269, 0cc34542-3a00-466e-ae84-194b84d3af7b:c2265, d451d94d-57a0-4545-b387-d428f64e3f33:c2265]
2019-07-09 16:25:58,675 INFO  client.GrpcClientProtocolClient (GrpcClientProtocolClient.java:onNext(255)) - client-0F1B900A64BD->9bf35ae9-4da0-4371-87fa-54ea3ce1f280: receive RaftClientReply:client-0F1B900A64BD->9bf35ae9-4da0-4371-87fa-54ea3ce1f280@group-432E83AF5B55, cid=1590, SUCCESS, logIndex=0, commits[9bf35ae9-4da0-4371-87fa-54ea3ce1f280:c2270, 0cc34542-3a00-466e-ae84-194b84d3af7b:c2269, d451d94d-57a0-4545-b387-d428f64e3f33:c2269]
2019-07-09 16:25:58,696 INFO  client.GrpcClientProtocolClient (GrpcClientProtocolClient.java:onNext(255)) - client-0F1B900A64BD->9bf35ae9-4da0-4371-87fa-54ea3ce1f280: receive RaftClientReply:client-0F1B900A64BD->9bf35ae9-4da0-4371-87fa-54ea3ce1f280@group-432E83AF5B55, cid=1591, SUCCESS, logIndex=2274, commits[9bf35ae9-4da0-4371-87fa-54ea3ce1f280:c2275, 0cc34542-3a00-466e-ae84-194b84d3af7b:c2273, d451d94d-57a0-4545-b387-d428f64e3f33:c2273]
2019-07-09 16:25:58,697 INFO  client.GrpcClientProtocolClient (GrpcClientProtocolClient.java:onNext(255)) - client-0F1B900A64BD->9bf35ae9-4da0-4371-87fa-54ea3ce1f280: receive RaftClientReply:client-0F1B900A64BD->9bf35ae9-4da0-4371-87fa-54ea3ce1f280@group-432E83AF5B55, cid=1592, SUCCESS, logIndex=2275, commits[9bf35ae9-4da0-4371-87fa-54ea3ce1f280:c2275, 0cc34542-3a00-466e-ae84-194b84d3af7b:c2273, d451d94d-57a0-4545-b387-d428f64e3f33:c2273]
2019-07-09 16:25:58,720 INFO  client.GrpcClientProtocolClient (GrpcClientProtocolClient.java:onNext(255)) - client-0F1B900A64BD->9bf35ae9-4da0-4371-87fa-54ea3ce1f280: receive RaftClientReply:client-0F1B900A64BD->9bf35ae9-4da0-4371-87fa-54ea3ce1f280@group-432E83AF5B55, cid=1593, SUCCESS, logIndex=2278, commits[9bf35ae9-4da0-4371-87fa-54ea3ce1f280:c2279, 0cc34542-3a00-466e-ae84-194b84d3af7b:c2275, d451d94d-57a0-4545-b387-d428f64e3f33:c2275]
2019-07-09 16:25:58,720 INFO  client.GrpcClientProtocolClient (GrpcClientProtocolClient.java:onNext(255)) - client-0F1B900A64BD->9bf35ae9-4da0-4371-87fa-54ea3ce1f280: receive RaftClientReply:client-0F1B900A64BD->9bf35ae9-4da0-4371-87fa-54ea3ce1f280@group-432E83AF5B55, cid=1594, SUCCESS, logIndex=2279, commits[9bf35ae9-4da0-4371-87fa-54ea3ce1f280:c2279, 0cc34542-3a00-466e-ae84-194b84d3af7b:c2275, d451d94d-57a0-4545-b387-d428f64e3f33:c2275]
2019-07-09 16:25:58,735 INFO  client.GrpcClientProtocolClient (GrpcClientProtocolClient.java:onNext(255)) - client-0F1B900A64BD->9bf35ae9-4da0-4371-87fa-54ea3ce1f280: receive RaftClientReply:client-0F1B900A64BD->9bf35ae9-4da0-4371-87fa-54ea3ce1f280@group-432E83AF5B55, cid=1595, SUCCESS, logIndex=0, commits[9bf35ae9-4da0-4371-87fa-54ea3ce1f280:c2280, 0cc34542-3a00-466e-ae84-194b84d3af7b:c2279, d451d94d-57a0-4545-b387-d428f64e3f33:c2279]
2019-07-09 16:25:58,764 INFO  client.GrpcClientProtocolClient (GrpcClientProtocolClient.java:onNext(255)) - client-0F1B900A64BD->9bf35ae9-4da0-4371-87fa-54ea3ce1f280: receive RaftClientReply:client-0F1B900A64BD->9bf35ae9-4da0-4371-87fa-54ea3ce1f280@group-432E83AF5B55, cid=1596, SUCCESS, logIndex=2282, commits[9bf35ae9-4da0-4371-87fa-54ea3ce1f280:c2283, 0cc34542-3a00-466e-ae84-194b84d3af7b:c2281, d451d94d-57a0-4545-b387-d428f64e3f33:c2281]
2019-07-09 16:25:58,765 INFO  client.GrpcClientProtocolClient (GrpcClientProtocolClient.java:onNext(255)) - client-0F1B900A64BD->9bf35ae9-4da0-4371-87fa-54ea3ce1f280: receive RaftClientReply:client-0F1B900A64BD->9bf35ae9-4da0-4371-87fa-54ea3ce1f280@group-432E83AF5B55, cid=1597, SUCCESS, logIndex=2283, commits[9bf35ae9-4da0-4371-87fa-54ea3ce1f280:c2285, 0cc34542-3a00-466e-ae84-194b84d3af7b:c2281, d451d94d-57a0-4545-b387-d428f64e3f33:c2281]
2019-07-09 16:25:58,765 INFO  client.GrpcClientProtocolClient (GrpcClientProtocolClient.java:onNext(255)) - client-0F1B900A64BD->9bf35ae9-4da0-4371-87fa-54ea3ce1f280: receive RaftClientReply:client-0F1B900A64BD->9bf35ae9-4da0-4371-87fa-54ea3ce1f280@group-432E83AF5B55, cid=1598, SUCCESS, logIndex=2284, commits[9bf35ae9-4da0-4371-87fa-54ea3ce1f280:c2285, 0cc34542-3a00-466e-ae84-194b84d3af7b:c2281, d451d94d-57a0-4545-b387-d428f64e3f33:c2281]
2019-07-09 16:25:58,766 INFO  client.GrpcClientProtocolClient (GrpcClientProtocolClient.java:onNext(255)) - client-0F1B900A64BD->9bf35ae9-4da0-4371-87fa-54ea3ce1f280: receive RaftClientReply:client-0F1B900A64BD->9bf35ae9-4da0-4371-87fa-54ea3ce1f280@group-432E83AF5B55, cid=1599, SUCCESS, logIndex=2285, commits[9bf35ae9-4da0-4371-87fa-54ea3ce1f280:c2285, 0cc34542-3a00-466e-ae84-194b84d3af7b:c2281, d451d94d-57a0-4545-b387-d428f64e3f33:c2281]
2019-07-09 16:25:58,767 INFO  client.GrpcClientProtocolClient (GrpcClientProtocolClient.java:onNext(255)) - client-0F1B900A64BD->9bf35ae9-4da0-4371-87fa-54ea3ce1f280: receive RaftClientReply:client-0F1B900A64BD->9bf35ae9-4da0-4371-87fa-54ea3ce1f280@group-432E83AF5B55, cid=1600, SUCCESS, logIndex=0, commits[9bf35ae9-4da0-4371-87fa-54ea3ce1f280:c2287, 0cc34542-3a00-466e-ae84-194b84d3af7b:c2283, d451d94d-57a0-4545-b387-d428f64e3f33:c2283]
2019-07-09 16:25:58,778 INFO  client.GrpcClientProtocolClient (GrpcClientProtocolClient.java:onNext(255)) - client-0F1B900A64BD->9bf35ae9-4da0-4371-87fa-54ea3ce1f280: receive RaftClientReply:client-0F1B900A64BD->9bf35ae9-4da0-4371-87fa-54ea3ce1f280@group-432E83AF5B55, cid=1601, SUCCESS, logIndex=2289, commits[9bf35ae9-4da0-4371-87fa-54ea3ce1f280:c2290, 0cc34542-3a00-466e-ae84-194b84d3af7b:c2288, d451d94d-57a0-4545-b387-d428f64e3f33:c2288]
2019-07-09 16:25:58,779 INFO  client.GrpcClientProtocolClient (GrpcClientProtocolClient.java:onNext(255)) - client-0F1B900A64BD->9bf35ae9-4da0-4371-87fa-54ea3ce1f280: receive RaftClientReply:client-0F1B900A64BD->9bf35ae9-4da0-4371-87fa-54ea3ce1f280@group-432E83AF5B55, cid=1602, SUCCESS, logIndex=2290, commits[9bf35ae9-4da0-4371-87fa-54ea3ce1f280:c2290, 0cc34542-3a00-466e-ae84-194b84d3af7b:c2288, d451d94d-57a0-4545-b387-d428f64e3f33:c2288]
2019-07-09 16:25:58,898 INFO  client.GrpcClientProtocolClient (GrpcClientProtocolClient.java:onNext(255)) - client-0F1B900A64BD->9bf35ae9-4da0-4371-87fa-54ea3ce1f280: receive RaftClientReply:client-0F1B900A64BD->9bf35ae9-4da0-4371-87fa-54ea3ce1f280@group-432E83AF5B55, cid=1603, SUCCESS, logIndex=2293, commits[9bf35ae9-4da0-4371-87fa-54ea3ce1f280:c2294, 0cc34542-3a00-466e-ae84-194b84d3af7b:c2292, d451d94d-57a0-4545-b387-d428f64e3f33:c2290]
2019-07-09 16:25:58,899 INFO  client.GrpcClientProtocolClient (GrpcClientProtocolClient.java:onNext(255)) - client-0F1B900A64BD->9bf35ae9-4da0-4371-87fa-54ea3ce1f280: receive RaftClientReply:client-0F1B900A64BD->9bf35ae9-4da0-4371-87fa-54ea3ce1f280@group-432E83AF5B55, cid=1604, SUCCESS, logIndex=2294, commits[9bf35ae9-4da0-4371-87fa-54ea3ce1f280:c2294, 0cc34542-3a00-466e-ae84-194b84d3af7b:c2292, d451d94d-57a0-4545-b387-d428f64e3f33:c2292]
2019-07-09 16:25:58,910 INFO  client.GrpcClientProtocolClient (GrpcClientProtocolClient.java:onNext(255)) - client-0F1B900A64BD->9bf35ae9-4da0-4371-87fa-54ea3ce1f280: receive RaftClientReply:client-0F1B900A64BD->9bf35ae9-4da0-4371-87fa-54ea3ce1f280@group-432E83AF5B55, cid=1605, SUCCESS, logIndex=0, commits[9bf35ae9-4da0-4371-87fa-54ea3ce1f280:c2295, 0cc34542-3a00-466e-ae84-194b84d3af7b:c2294, d451d94d-57a0-4545-b387-d428f64e3f33:c2294]
2019-07-09 16:25:58,942 INFO  client.GrpcClientProtocolClient (GrpcClientProtocolClient.java:onNext(255)) - client-0F1B900A64BD->9bf35ae9-4da0-4371-87fa-54ea3ce1f280: receive RaftClientReply:client-0F1B900A64BD->9bf35ae9-4da0-4371-87fa-54ea3ce1f280@group-432E83AF5B55, cid=1606, SUCCESS, logIndex=2297, commits[9bf35ae9-4da0-4371-87fa-54ea3ce1f280:c2300, 0cc34542-3a00-466e-ae84-194b84d3af7b:c2296, d451d94d-57a0-4545-b387-d428f64e3f33:c2296]
2019-07-09 16:25:58,942 INFO  client.GrpcClientProtocolClient (GrpcClientProtocolClient.java:onNext(255)) - client-0F1B900A64BD->9bf35ae9-4da0-4371-87fa-54ea3ce1f280: receive RaftClientReply:client-0F1B900A64BD->9bf35ae9-4da0-4371-87fa-54ea3ce1f280@group-432E83AF5B55, cid=1607, SUCCESS, logIndex=2298, commits[9bf35ae9-4da0-4371-87fa-54ea3ce1f280:c2300, 0cc34542-3a00-466e-ae84-194b84d3af7b:c2296, d451d94d-57a0-4545-b387-d428f64e3f33:c2296]
2019-07-09 16:25:58,943 INFO  client.GrpcClientProtocolClient (GrpcClientProtocolClient.java:onNext(255)) - client-0F1B900A64BD->9bf35ae9-4da0-4371-87fa-54ea3ce1f280: receive RaftClientReply:client-0F1B900A64BD->9bf35ae9-4da0-4371-87fa-54ea3ce1f280@group-432E83AF5B55, cid=1608, SUCCESS, logIndex=2299, commits[9bf35ae9-4da0-4371-87fa-54ea3ce1f280:c2300, 0cc34542-3a00-466e-ae84-194b84d3af7b:c2296, d451d94d-57a0-4545-b387-d428f64e3f33:c2296]
2019-07-09 16:25:58,943 INFO  client.GrpcClientProtocolClient (GrpcClientProtocolClient.java:onNext(255)) - client-0F1B900A64BD->9bf35ae9-4da0-4371-87fa-54ea3ce1f280: receive RaftClientReply:client-0F1B900A64BD->9bf35ae9-4da0-4371-87fa-54ea3ce1f280@group-432E83AF5B55, cid=1609, SUCCESS, logIndex=2300, commits[9bf35ae9-4da0-4371-87fa-54ea3ce1f280:c2300, 0cc34542-3a00-466e-ae84-194b84d3af7b:c2296, d451d94d-57a0-4545-b387-d428f64e3f33:c2296]
2019-07-09 16:25:58,956 INFO  client.GrpcClientProtocolClient (GrpcClientProtocolClient.java:onNext(255)) - client-0F1B900A64BD->9bf35ae9-4da0-4371-87fa-54ea3ce1f280: receive RaftClientReply:client-0F1B900A64BD->9bf35ae9-4da0-4371-87fa-54ea3ce1f280@group-432E83AF5B55, cid=1610, SUCCESS, logIndex=0, commits[9bf35ae9-4da0-4371-87fa-54ea3ce1f280:c2301, 0cc34542-3a00-466e-ae84-194b84d3af7b:c2298, d451d94d-57a0-4545-b387-d428f64e3f33:c2300]
2019-07-09 16:25:58,981 INFO  client.GrpcClientProtocolClient (GrpcClientProtocolClient.java:onNext(255)) - client-0F1B900A64BD->9bf35ae9-4da0-4371-87fa-54ea3ce1f280: receive RaftClientReply:client-0F1B900A64BD->9bf35ae9-4da0-4371-87fa-54ea3ce1f280@group-432E83AF5B55, cid=1611, SUCCESS, logIndex=2304, commits[9bf35ae9-4da0-4371-87fa-54ea3ce1f280:c2305, 0cc34542-3a00-466e-ae84-194b84d3af7b:c2303, d451d94d-57a0-4545-b387-d428f64e3f33:c2303]
2019-07-09 16:25:58,981 INFO  client.GrpcClientProtocolClient (GrpcClientProtocolClient.java:onNext(255)) - client-0F1B900A64BD->9bf35ae9-4da0-4371-87fa-54ea3ce1f280: receive RaftClientReply:client-0F1B900A64BD->9bf35ae9-4da0-4371-87fa-54ea3ce1f280@group-432E83AF5B55, cid=1612, SUCCESS, logIndex=2305, commits[9bf35ae9-4da0-4371-87fa-54ea3ce1f280:c2305, 0cc34542-3a00-466e-ae84-194b84d3af7b:c2303, d451d94d-57a0-4545-b387-d428f64e3f33:c2303]
2019-07-09 16:25:59,006 INFO  client.GrpcClientProtocolClient (GrpcClientProtocolClient.java:onNext(255)) - client-0F1B900A64BD->9bf35ae9-4da0-4371-87fa-54ea3ce1f280: receive RaftClientReply:client-0F1B900A64BD->9bf35ae9-4da0-4371-87fa-54ea3ce1f280@group-432E83AF5B55, cid=1613, SUCCESS, logIndex=2308, commits[9bf35ae9-4da0-4371-87fa-54ea3ce1f280:c2309, 0cc34542-3a00-466e-ae84-194b84d3af7b:c2305, d451d94d-57a0-4545-b387-d428f64e3f33:c2305]
2019-07-09 16:25:59,006 INFO  client.GrpcClientProtocolClient (GrpcClientProtocolClient.java:onNext(255)) - client-0F1B900A64BD->9bf35ae9-4da0-4371-87fa-54ea3ce1f280: receive RaftClientReply:client-0F1B900A64BD->9bf35ae9-4da0-4371-87fa-54ea3ce1f280@group-432E83AF5B55, cid=1614, SUCCESS, logIndex=2309, commits[9bf35ae9-4da0-4371-87fa-54ea3ce1f280:c2309, 0cc34542-3a00-466e-ae84-194b84d3af7b:c2305, d451d94d-57a0-4545-b387-d428f64e3f33:c2305]
2019-07-09 16:25:59,007 INFO  client.GrpcClientProtocolClient (GrpcClientProtocolClient.java:onNext(255)) - client-0F1B900A64BD->9bf35ae9-4da0-4371-87fa-54ea3ce1f280: receive RaftClientReply:client-0F1B900A64BD->9bf35ae9-4da0-4371-87fa-54ea3ce1f280@group-432E83AF5B55, cid=1615, SUCCESS, logIndex=0, commits[9bf35ae9-4da0-4371-87fa-54ea3ce1f280:c2311, 0cc34542-3a00-466e-ae84-194b84d3af7b:c2309, d451d94d-57a0-4545-b387-d428f64e3f33:c2309]
2019-07-09 16:25:59,035 INFO  client.GrpcClientProtocolClient (GrpcClientProtocolClient.java:onNext(255)) - client-0F1B900A64BD->9bf35ae9-4da0-4371-87fa-54ea3ce1f280: receive RaftClientReply:client-0F1B900A64BD->9bf35ae9-4da0-4371-87fa-54ea3ce1f280@group-432E83AF5B55, cid=1616, SUCCESS, logIndex=2312, commits[9bf35ae9-4da0-4371-87fa-54ea3ce1f280:c2314, 0cc34542-3a00-466e-ae84-194b84d3af7b:c2311, d451d94d-57a0-4545-b387-d428f64e3f33:c2311]
2019-07-09 16:25:59,036 INFO  client.GrpcClientProtocolClient (GrpcClientProtocolClient.java:onNext(255)) - client-0F1B900A64BD->9bf35ae9-4da0-4371-87fa-54ea3ce1f280: receive RaftClientReply:client-0F1B900A64BD->9bf35ae9-4da0-4371-87fa-54ea3ce1f280@group-432E83AF5B55, cid=1617, SUCCESS, logIndex=2313, commits[9bf35ae9-4da0-4371-87fa-54ea3ce1f280:c2315, 0cc34542-3a00-466e-ae84-194b84d3af7b:c2311, d451d94d-57a0-4545-b387-d428f64e3f33:c2311]
2019-07-09 16:25:59,036 INFO  client.GrpcClientProtocolClient (GrpcClientProtocolClient.java:onNext(255)) - client-0F1B900A64BD->9bf35ae9-4da0-4371-87fa-54ea3ce1f280: receive RaftClientReply:client-0F1B900A64BD->9bf35ae9-4da0-4371-87fa-54ea3ce1f280@group-432E83AF5B55, cid=1618, SUCCESS, logIndex=2314, commits[9bf35ae9-4da0-4371-87fa-54ea3ce1f280:c2315, 0cc34542-3a00-466e-ae84-194b84d3af7b:c2311, d451d94d-57a0-4545-b387-d428f64e3f33:c2311]
2019-07-09 16:25:59,037 INFO  client.GrpcClientProtocolClient (GrpcClientProtocolClient.java:onNext(255)) - client-0F1B900A64BD->9bf35ae9-4da0-4371-87fa-54ea3ce1f280: receive RaftClientReply:client-0F1B900A64BD->9bf35ae9-4da0-4371-87fa-54ea3ce1f280@group-432E83AF5B55, cid=1619, SUCCESS, logIndex=2315, commits[9bf35ae9-4da0-4371-87fa-54ea3ce1f280:c2316, 0cc34542-3a00-466e-ae84-194b84d3af7b:c2313, d451d94d-57a0-4545-b387-d428f64e3f33:c2311]
2019-07-09 16:25:59,039 INFO  client.GrpcClientProtocolClient (GrpcClientProtocolClient.java:onNext(255)) - client-0F1B900A64BD->9bf35ae9-4da0-4371-87fa-54ea3ce1f280: receive RaftClientReply:client-0F1B900A64BD->9bf35ae9-4da0-4371-87fa-54ea3ce1f280@group-432E83AF5B55, cid=1620, SUCCESS, logIndex=0, commits[9bf35ae9-4da0-4371-87fa-54ea3ce1f280:c2316, 0cc34542-3a00-466e-ae84-194b84d3af7b:c2313, d451d94d-57a0-4545-b387-d428f64e3f33:c2313]
2019-07-09 16:25:59,052 INFO  client.GrpcClientProtocolClient (GrpcClientProtocolClient.java:onNext(255)) - client-0F1B900A64BD->9bf35ae9-4da0-4371-87fa-54ea3ce1f280: receive RaftClientReply:client-0F1B900A64BD->9bf35ae9-4da0-4371-87fa-54ea3ce1f280@group-432E83AF5B55, cid=1621, SUCCESS, logIndex=2320, commits[9bf35ae9-4da0-4371-87fa-54ea3ce1f280:c2321, 0cc34542-3a00-466e-ae84-194b84d3af7b:c2315, d451d94d-57a0-4545-b387-d428f64e3f33:c2318]
2019-07-09 16:25:59,052 INFO  client.GrpcClientProtocolClient (GrpcClientProtocolClient.java:onNext(255)) - client-0F1B900A64BD->9bf35ae9-4da0-4371-87fa-54ea3ce1f280: receive RaftClientReply:client-0F1B900A64BD->9bf35ae9-4da0-4371-87fa-54ea3ce1f280@group-432E83AF5B55, cid=1622, SUCCESS, logIndex=2321, commits[9bf35ae9-4da0-4371-87fa-54ea3ce1f280:c2321, 0cc34542-3a00-466e-ae84-194b84d3af7b:c2318, d451d94d-57a0-4545-b387-d428f64e3f33:c2318]
2019-07-09 16:25:59,070 INFO  client.GrpcClientProtocolClient (GrpcClientProtocolClient.java:onNext(255)) - client-0F1B900A64BD->9bf35ae9-4da0-4371-87fa-54ea3ce1f280: receive RaftClientReply:client-0F1B900A64BD->9bf35ae9-4da0-4371-87fa-54ea3ce1f280@group-432E83AF5B55, cid=1623, SUCCESS, logIndex=2324, commits[9bf35ae9-4da0-4371-87fa-54ea3ce1f280:c2325, 0cc34542-3a00-466e-ae84-194b84d3af7b:c2322, d451d94d-57a0-4545-b387-d428f64e3f33:c2322]
2019-07-09 16:25:59,071 INFO  client.GrpcClientProtocolClient (GrpcClientProtocolClient.java:onNext(255)) - client-0F1B900A64BD->9bf35ae9-4da0-4371-87fa-54ea3ce1f280: receive RaftClientReply:client-0F1B900A64BD->9bf35ae9-4da0-4371-87fa-54ea3ce1f280@group-432E83AF5B55, cid=1624, SUCCESS, logIndex=2325, commits[9bf35ae9-4da0-4371-87fa-54ea3ce1f280:c2325, 0cc34542-3a00-466e-ae84-194b84d3af7b:c2322, d451d94d-57a0-4545-b387-d428f64e3f33:c2322]
2019-07-09 16:25:59,073 INFO  client.GrpcClientProtocolClient (GrpcClientProtocolClient.java:onNext(255)) - client-0F1B900A64BD->9bf35ae9-4da0-4371-87fa-54ea3ce1f280: receive RaftClientReply:client-0F1B900A64BD->9bf35ae9-4da0-4371-87fa-54ea3ce1f280@group-432E83AF5B55, cid=1625, SUCCESS, logIndex=0, commits[9bf35ae9-4da0-4371-87fa-54ea3ce1f280:c2326, 0cc34542-3a00-466e-ae84-194b84d3af7b:c2325, d451d94d-57a0-4545-b387-d428f64e3f33:c2325]
2019-07-09 16:25:59,093 INFO  client.GrpcClientProtocolClient (GrpcClientProtocolClient.java:onNext(255)) - client-0F1B900A64BD->9bf35ae9-4da0-4371-87fa-54ea3ce1f280: receive RaftClientReply:client-0F1B900A64BD->9bf35ae9-4da0-4371-87fa-54ea3ce1f280@group-432E83AF5B55, cid=1626, SUCCESS, logIndex=2328, commits[9bf35ae9-4da0-4371-87fa-54ea3ce1f280:c2329, 0cc34542-3a00-466e-ae84-194b84d3af7b:c2327, d451d94d-57a0-4545-b387-d428f64e3f33:c2327]
2019-07-09 16:25:59,094 INFO  client.GrpcClientProtocolClient (GrpcClientProtocolClient.java:onNext(255)) - client-0F1B900A64BD->9bf35ae9-4da0-4371-87fa-54ea3ce1f280: receive RaftClientReply:client-0F1B900A64BD->9bf35ae9-4da0-4371-87fa-54ea3ce1f280@group-432E83AF5B55, cid=1627, SUCCESS, logIndex=2329, commits[9bf35ae9-4da0-4371-87fa-54ea3ce1f280:c2331, 0cc34542-3a00-466e-ae84-194b84d3af7b:c2327, d451d94d-57a0-4545-b387-d428f64e3f33:c2327]
2019-07-09 16:25:59,094 INFO  client.GrpcClientProtocolClient (GrpcClientProtocolClient.java:onNext(255)) - client-0F1B900A64BD->9bf35ae9-4da0-4371-87fa-54ea3ce1f280: receive RaftClientReply:client-0F1B900A64BD->9bf35ae9-4da0-4371-87fa-54ea3ce1f280@group-432E83AF5B55, cid=1628, SUCCESS, logIndex=2330, commits[9bf35ae9-4da0-4371-87fa-54ea3ce1f280:c2331, 0cc34542-3a00-466e-ae84-194b84d3af7b:c2327, d451d94d-57a0-4545-b387-d428f64e3f33:c2327]
2019-07-09 16:25:59,095 INFO  client.GrpcClientProtocolClient (GrpcClientProtocolClient.java:onNext(255)) - client-0F1B900A64BD->9bf35ae9-4da0-4371-87fa-54ea3ce1f280: receive RaftClientReply:client-0F1B900A64BD->9bf35ae9-4da0-4371-87fa-54ea3ce1f280@group-432E83AF5B55, cid=1629, SUCCESS, logIndex=2331, commits[9bf35ae9-4da0-4371-87fa-54ea3ce1f280:c2331, 0cc34542-3a00-466e-ae84-194b84d3af7b:c2327, d451d94d-57a0-4545-b387-d428f64e3f33:c2327]
2019-07-09 16:25:59,101 INFO  client.GrpcClientProtocolClient (GrpcClientProtocolClient.java:onNext(255)) - client-0F1B900A64BD->9bf35ae9-4da0-4371-87fa-54ea3ce1f280: receive RaftClientReply:client-0F1B900A64BD->9bf35ae9-4da0-4371-87fa-54ea3ce1f280@group-432E83AF5B55, cid=1630, SUCCESS, logIndex=0, commits[9bf35ae9-4da0-4371-87fa-54ea3ce1f280:c2335, 0cc34542-3a00-466e-ae84-194b84d3af7b:c2331, d451d94d-57a0-4545-b387-d428f64e3f33:c2329]
2019-07-09 16:25:59,135 INFO  client.GrpcClientProtocolClient (GrpcClientProtocolClient.java:onNext(255)) - client-0F1B900A64BD->9bf35ae9-4da0-4371-87fa-54ea3ce1f280: receive RaftClientReply:client-0F1B900A64BD->9bf35ae9-4da0-4371-87fa-54ea3ce1f280@group-432E83AF5B55, cid=1631, SUCCESS, logIndex=2336, commits[9bf35ae9-4da0-4371-87fa-54ea3ce1f280:c2337, 0cc34542-3a00-466e-ae84-194b84d3af7b:c2335, d451d94d-57a0-4545-b387-d428f64e3f33:c2335]
2019-07-09 16:25:59,135 INFO  client.GrpcClientProtocolClient (GrpcClientProtocolClient.java:onNext(255)) - client-0F1B900A64BD->9bf35ae9-4da0-4371-87fa-54ea3ce1f280: receive RaftClientReply:client-0F1B900A64BD->9bf35ae9-4da0-4371-87fa-54ea3ce1f280@group-432E83AF5B55, cid=1632, SUCCESS, logIndex=2337, commits[9bf35ae9-4da0-4371-87fa-54ea3ce1f280:c2337, 0cc34542-3a00-466e-ae84-194b84d3af7b:c2335, d451d94d-57a0-4545-b387-d428f64e3f33:c2335]
2019-07-09 16:25:59,149 INFO  client.GrpcClientProtocolClient (GrpcClientProtocolClient.java:onNext(255)) - client-0F1B900A64BD->9bf35ae9-4da0-4371-87fa-54ea3ce1f280: receive RaftClientReply:client-0F1B900A64BD->9bf35ae9-4da0-4371-87fa-54ea3ce1f280@group-432E83AF5B55, cid=1633, SUCCESS, logIndex=2340, commits[9bf35ae9-4da0-4371-87fa-54ea3ce1f280:c2341, 0cc34542-3a00-466e-ae84-194b84d3af7b:c2337, d451d94d-57a0-4545-b387-d428f64e3f33:c2337]
2019-07-09 16:25:59,150 INFO  client.GrpcClientProtocolClient (GrpcClientProtocolClient.java:onNext(255)) - client-0F1B900A64BD->9bf35ae9-4da0-4371-87fa-54ea3ce1f280: receive RaftClientReply:client-0F1B900A64BD->9bf35ae9-4da0-4371-87fa-54ea3ce1f280@group-432E83AF5B55, cid=1634, SUCCESS, logIndex=2341, commits[9bf35ae9-4da0-4371-87fa-54ea3ce1f280:c2341, 0cc34542-3a00-466e-ae84-194b84d3af7b:c2337, d451d94d-57a0-4545-b387-d428f64e3f33:c2337]
2019-07-09 16:25:59,162 INFO  client.GrpcClientProtocolClient (GrpcClientProtocolClient.java:onNext(255)) - client-0F1B900A64BD->9bf35ae9-4da0-4371-87fa-54ea3ce1f280: receive RaftClientReply:client-0F1B900A64BD->9bf35ae9-4da0-4371-87fa-54ea3ce1f280@group-432E83AF5B55, cid=1635, SUCCESS, logIndex=0, commits[9bf35ae9-4da0-4371-87fa-54ea3ce1f280:c2343, 0cc34542-3a00-466e-ae84-194b84d3af7b:c2341, d451d94d-57a0-4545-b387-d428f64e3f33:c2341]
2019-07-09 16:25:59,188 INFO  client.GrpcClientProtocolClient (GrpcClientProtocolClient.java:onNext(255)) - client-0F1B900A64BD->9bf35ae9-4da0-4371-87fa-54ea3ce1f280: receive RaftClientReply:client-0F1B900A64BD->9bf35ae9-4da0-4371-87fa-54ea3ce1f280@group-432E83AF5B55, cid=1636, SUCCESS, logIndex=2344, commits[9bf35ae9-4da0-4371-87fa-54ea3ce1f280:c2346, 0cc34542-3a00-466e-ae84-194b84d3af7b:c2343, d451d94d-57a0-4545-b387-d428f64e3f33:c2343]
2019-07-09 16:25:59,189 INFO  client.GrpcClientProtocolClient (GrpcClientProtocolClient.java:onNext(255)) - client-0F1B900A64BD->9bf35ae9-4da0-4371-87fa-54ea3ce1f280: receive RaftClientReply:client-0F1B900A64BD->9bf35ae9-4da0-4371-87fa-54ea3ce1f280@group-432E83AF5B55, cid=1637, SUCCESS, logIndex=2345, commits[9bf35ae9-4da0-4371-87fa-54ea3ce1f280:c2347, 0cc34542-3a00-466e-ae84-194b84d3af7b:c2343, d451d94d-57a0-4545-b387-d428f64e3f33:c2343]
2019-07-09 16:25:59,189 INFO  client.GrpcClientProtocolClient (GrpcClientProtocolClient.java:onNext(255)) - client-0F1B900A64BD->9bf35ae9-4da0-4371-87fa-54ea3ce1f280: receive RaftClientReply:client-0F1B900A64BD->9bf35ae9-4da0-4371-87fa-54ea3ce1f280@group-432E83AF5B55, cid=1638, SUCCESS, logIndex=2346, commits[9bf35ae9-4da0-4371-87fa-54ea3ce1f280:c2347, 0cc34542-3a00-466e-ae84-194b84d3af7b:c2343, d451d94d-57a0-4545-b387-d428f64e3f33:c2343]
2019-07-09 16:25:59,190 INFO  client.GrpcClientProtocolClient (GrpcClientProtocolClient.java:onNext(255)) - client-0F1B900A64BD->9bf35ae9-4da0-4371-87fa-54ea3ce1f280: receive RaftClientReply:client-0F1B900A64BD->9bf35ae9-4da0-4371-87fa-54ea3ce1f280@group-432E83AF5B55, cid=1639, SUCCESS, logIndex=2347, commits[9bf35ae9-4da0-4371-87fa-54ea3ce1f280:c2348, 0cc34542-3a00-466e-ae84-194b84d3af7b:c2344, d451d94d-57a0-4545-b387-d428f64e3f33:c2343]
2019-07-09 16:25:59,192 INFO  client.GrpcClientProtocolClient (GrpcClientProtocolClient.java:onNext(255)) - client-0F1B900A64BD->9bf35ae9-4da0-4371-87fa-54ea3ce1f280: receive RaftClientReply:client-0F1B900A64BD->9bf35ae9-4da0-4371-87fa-54ea3ce1f280@group-432E83AF5B55, cid=1640, SUCCESS, logIndex=0, commits[9bf35ae9-4da0-4371-87fa-54ea3ce1f280:c2350, 0cc34542-3a00-466e-ae84-194b84d3af7b:c2346, d451d94d-57a0-4545-b387-d428f64e3f33:c2345]
2019-07-09 16:25:59,205 INFO  client.GrpcClientProtocolClient (GrpcClientProtocolClient.java:onNext(255)) - client-0F1B900A64BD->9bf35ae9-4da0-4371-87fa-54ea3ce1f280: receive RaftClientReply:client-0F1B900A64BD->9bf35ae9-4da0-4371-87fa-54ea3ce1f280@group-432E83AF5B55, cid=1641, SUCCESS, logIndex=2352, commits[9bf35ae9-4da0-4371-87fa-54ea3ce1f280:c2353, 0cc34542-3a00-466e-ae84-194b84d3af7b:c2350, d451d94d-57a0-4545-b387-d428f64e3f33:c2347]
2019-07-09 16:25:59,206 INFO  client.GrpcClientProtocolClient (GrpcClientProtocolClient.java:onNext(255)) - client-0F1B900A64BD->9bf35ae9-4da0-4371-87fa-54ea3ce1f280: receive RaftClientReply:client-0F1B900A64BD->9bf35ae9-4da0-4371-87fa-54ea3ce1f280@group-432E83AF5B55, cid=1642, SUCCESS, logIndex=2353, commits[9bf35ae9-4da0-4371-87fa-54ea3ce1f280:c2353, 0cc34542-3a00-466e-ae84-194b84d3af7b:c2350, d451d94d-57a0-4545-b387-d428f64e3f33:c2350]
2019-07-09 16:25:59,221 INFO  client.GrpcClientProtocolClient (GrpcClientProtocolClient.java:onNext(255)) - client-0F1B900A64BD->9bf35ae9-4da0-4371-87fa-54ea3ce1f280: receive RaftClientReply:client-0F1B900A64BD->9bf35ae9-4da0-4371-87fa-54ea3ce1f280@group-432E83AF5B55, cid=1643, SUCCESS, logIndex=2356, commits[9bf35ae9-4da0-4371-87fa-54ea3ce1f280:c2357, 0cc34542-3a00-466e-ae84-194b84d3af7b:c2354, d451d94d-57a0-4545-b387-d428f64e3f33:c2353]
2019-07-09 16:25:59,222 INFO  client.GrpcClientProtocolClient (GrpcClientProtocolClient.java:onNext(255)) - client-0F1B900A64BD->9bf35ae9-4da0-4371-87fa-54ea3ce1f280: receive RaftClientReply:client-0F1B900A64BD->9bf35ae9-4da0-4371-87fa-54ea3ce1f280@group-432E83AF5B55, cid=1644, SUCCESS, logIndex=2357, commits[9bf35ae9-4da0-4371-87fa-54ea3ce1f280:c2357, 0cc34542-3a00-466e-ae84-194b84d3af7b:c2354, d451d94d-57a0-4545-b387-d428f64e3f33:c2353]
2019-07-09 16:25:59,235 INFO  client.GrpcClientProtocolClient (GrpcClientProtocolClient.java:onNext(255)) - client-0F1B900A64BD->9bf35ae9-4da0-4371-87fa-54ea3ce1f280: receive RaftClientReply:client-0F1B900A64BD->9bf35ae9-4da0-4371-87fa-54ea3ce1f280@group-432E83AF5B55, cid=1645, SUCCESS, logIndex=0, commits[9bf35ae9-4da0-4371-87fa-54ea3ce1f280:c2359, 0cc34542-3a00-466e-ae84-194b84d3af7b:c2357, d451d94d-57a0-4545-b387-d428f64e3f33:c2357]
2019-07-09 16:25:59,267 INFO  client.GrpcClientProtocolClient (GrpcClientProtocolClient.java:onNext(255)) - client-0F1B900A64BD->9bf35ae9-4da0-4371-87fa-54ea3ce1f280: receive RaftClientReply:client-0F1B900A64BD->9bf35ae9-4da0-4371-87fa-54ea3ce1f280@group-432E83AF5B55, cid=1646, SUCCESS, logIndex=2360, commits[9bf35ae9-4da0-4371-87fa-54ea3ce1f280:c2361, 0cc34542-3a00-466e-ae84-194b84d3af7b:c2359, d451d94d-57a0-4545-b387-d428f64e3f33:c2359]
2019-07-09 16:25:59,267 INFO  client.GrpcClientProtocolClient (GrpcClientProtocolClient.java:onNext(255)) - client-0F1B900A64BD->9bf35ae9-4da0-4371-87fa-54ea3ce1f280: receive RaftClientReply:client-0F1B900A64BD->9bf35ae9-4da0-4371-87fa-54ea3ce1f280@group-432E83AF5B55, cid=1647, SUCCESS, logIndex=2361, commits[9bf35ae9-4da0-4371-87fa-54ea3ce1f280:c2363, 0cc34542-3a00-466e-ae84-194b84d3af7b:c2359, d451d94d-57a0-4545-b387-d428f64e3f33:c2359]
2019-07-09 16:25:59,267 INFO  client.GrpcClientProtocolClient (GrpcClientProtocolClient.java:onNext(255)) - client-0F1B900A64BD->9bf35ae9-4da0-4371-87fa-54ea3ce1f280: receive RaftClientReply:client-0F1B900A64BD->9bf35ae9-4da0-4371-87fa-54ea3ce1f280@group-432E83AF5B55, cid=1648, SUCCESS, logIndex=2362, commits[9bf35ae9-4da0-4371-87fa-54ea3ce1f280:c2363, 0cc34542-3a00-466e-ae84-194b84d3af7b:c2359, d451d94d-57a0-4545-b387-d428f64e3f33:c2359]
2019-07-09 16:25:59,268 INFO  client.GrpcClientProtocolClient (GrpcClientProtocolClient.java:onNext(255)) - client-0F1B900A64BD->9bf35ae9-4da0-4371-87fa-54ea3ce1f280: receive RaftClientReply:client-0F1B900A64BD->9bf35ae9-4da0-4371-87fa-54ea3ce1f280@group-432E83AF5B55, cid=1649, SUCCESS, logIndex=2363, commits[9bf35ae9-4da0-4371-87fa-54ea3ce1f280:c2363, 0cc34542-3a00-466e-ae84-194b84d3af7b:c2359, d451d94d-57a0-4545-b387-d428f64e3f33:c2359]
2019-07-09 16:25:59,291 INFO  client.GrpcClientProtocolClient (GrpcClientProtocolClient.java:onNext(255)) - client-0F1B900A64BD->9bf35ae9-4da0-4371-87fa-54ea3ce1f280: receive RaftClientReply:client-0F1B900A64BD->9bf35ae9-4da0-4371-87fa-54ea3ce1f280@group-432E83AF5B55, cid=1650, SUCCESS, logIndex=0, commits[9bf35ae9-4da0-4371-87fa-54ea3ce1f280:c2365, 0cc34542-3a00-466e-ae84-194b84d3af7b:c2361, d451d94d-57a0-4545-b387-d428f64e3f33:c2361]
2019-07-09 16:25:59,311 INFO  client.GrpcClientProtocolClient (GrpcClientProtocolClient.java:onNext(255)) - client-0F1B900A64BD->9bf35ae9-4da0-4371-87fa-54ea3ce1f280: receive RaftClientReply:client-0F1B900A64BD->9bf35ae9-4da0-4371-87fa-54ea3ce1f280@group-432E83AF5B55, cid=1651, SUCCESS, logIndex=2367, commits[9bf35ae9-4da0-4371-87fa-54ea3ce1f280:c2368, 0cc34542-3a00-466e-ae84-194b84d3af7b:c2366, d451d94d-57a0-4545-b387-d428f64e3f33:c2366]
2019-07-09 16:25:59,312 INFO  client.GrpcClientProtocolClient (GrpcClientProtocolClient.java:onNext(255)) - client-0F1B900A64BD->9bf35ae9-4da0-4371-87fa-54ea3ce1f280: receive RaftClientReply:client-0F1B900A64BD->9bf35ae9-4da0-4371-87fa-54ea3ce1f280@group-432E83AF5B55, cid=1652, SUCCESS, logIndex=2368, commits[9bf35ae9-4da0-4371-87fa-54ea3ce1f280:c2368, 0cc34542-3a00-466e-ae84-194b84d3af7b:c2366, d451d94d-57a0-4545-b387-d428f64e3f33:c2366]
2019-07-09 16:25:59,326 INFO  client.GrpcClientProtocolClient (GrpcClientProtocolClient.java:onNext(255)) - client-0F1B900A64BD->9bf35ae9-4da0-4371-87fa-54ea3ce1f280: receive RaftClientReply:client-0F1B900A64BD->9bf35ae9-4da0-4371-87fa-54ea3ce1f280@group-432E83AF5B55, cid=1653, SUCCESS, logIndex=2371, commits[9bf35ae9-4da0-4371-87fa-54ea3ce1f280:c2372, 0cc34542-3a00-466e-ae84-194b84d3af7b:c2368, d451d94d-57a0-4545-b387-d428f64e3f33:c2368]
2019-07-09 16:25:59,327 INFO  client.GrpcClientProtocolClient (GrpcClientProtocolClient.java:onNext(255)) - client-0F1B900A64BD->9bf35ae9-4da0-4371-87fa-54ea3ce1f280: receive RaftClientReply:client-0F1B900A64BD->9bf35ae9-4da0-4371-87fa-54ea3ce1f280@group-432E83AF5B55, cid=1654, SUCCESS, logIndex=2372, commits[9bf35ae9-4da0-4371-87fa-54ea3ce1f280:c2372, 0cc34542-3a00-466e-ae84-194b84d3af7b:c2368, d451d94d-57a0-4545-b387-d428f64e3f33:c2368]
2019-07-09 16:25:59,341 INFO  client.GrpcClientProtocolClient (GrpcClientProtocolClient.java:onNext(255)) - client-0F1B900A64BD->9bf35ae9-4da0-4371-87fa-54ea3ce1f280: receive RaftClientReply:client-0F1B900A64BD->9bf35ae9-4da0-4371-87fa-54ea3ce1f280@group-432E83AF5B55, cid=1655, SUCCESS, logIndex=0, commits[9bf35ae9-4da0-4371-87fa-54ea3ce1f280:c2374, 0cc34542-3a00-466e-ae84-194b84d3af7b:c2372, d451d94d-57a0-4545-b387-d428f64e3f33:c2372]
2019-07-09 16:25:59,389 INFO  client.GrpcClientProtocolClient (GrpcClientProtocolClient.java:onNext(255)) - client-0F1B900A64BD->9bf35ae9-4da0-4371-87fa-54ea3ce1f280: receive RaftClientReply:client-0F1B900A64BD->9bf35ae9-4da0-4371-87fa-54ea3ce1f280@group-432E83AF5B55, cid=1656, SUCCESS, logIndex=2375, commits[9bf35ae9-4da0-4371-87fa-54ea3ce1f280:c2378, 0cc34542-3a00-466e-ae84-194b84d3af7b:c2374, d451d94d-57a0-4545-b387-d428f64e3f33:c2372]
2019-07-09 16:25:59,389 INFO  client.GrpcClientProtocolClient (GrpcClientProtocolClient.java:onNext(255)) - client-0F1B900A64BD->9bf35ae9-4da0-4371-87fa-54ea3ce1f280: receive RaftClientReply:client-0F1B900A64BD->9bf35ae9-4da0-4371-87fa-54ea3ce1f280@group-432E83AF5B55, cid=1657, SUCCESS, logIndex=2376, commits[9bf35ae9-4da0-4371-87fa-54ea3ce1f280:c2378, 0cc34542-3a00-466e-ae84-194b84d3af7b:c2374, d451d94d-57a0-4545-b387-d428f64e3f33:c2374]
2019-07-09 16:25:59,390 INFO  client.GrpcClientProtocolClient (GrpcClientProtocolClient.java:onNext(255)) - client-0F1B900A64BD->9bf35ae9-4da0-4371-87fa-54ea3ce1f280: receive RaftClientReply:client-0F1B900A64BD->9bf35ae9-4da0-4371-87fa-54ea3ce1f280@group-432E83AF5B55, cid=1658, SUCCESS, logIndex=2377, commits[9bf35ae9-4da0-4371-87fa-54ea3ce1f280:c2378, 0cc34542-3a00-466e-ae84-194b84d3af7b:c2374, d451d94d-57a0-4545-b387-d428f64e3f33:c2374]
2019-07-09 16:25:59,390 INFO  client.GrpcClientProtocolClient (GrpcClientProtocolClient.java:onNext(255)) - client-0F1B900A64BD->9bf35ae9-4da0-4371-87fa-54ea3ce1f280: receive RaftClientReply:client-0F1B900A64BD->9bf35ae9-4da0-4371-87fa-54ea3ce1f280@group-432E83AF5B55, cid=1659, SUCCESS, logIndex=2378, commits[9bf35ae9-4da0-4371-87fa-54ea3ce1f280:c2378, 0cc34542-3a00-466e-ae84-194b84d3af7b:c2374, d451d94d-57a0-4545-b387-d428f64e3f33:c2374]
2019-07-09 16:25:59,391 INFO  client.GrpcClientProtocolClient (GrpcClientProtocolClient.java:onNext(255)) - client-0F1B900A64BD->9bf35ae9-4da0-4371-87fa-54ea3ce1f280: receive RaftClientReply:client-0F1B900A64BD->9bf35ae9-4da0-4371-87fa-54ea3ce1f280@group-432E83AF5B55, cid=1660, SUCCESS, logIndex=0, commits[9bf35ae9-4da0-4371-87fa-54ea3ce1f280:c2379, 0cc34542-3a00-466e-ae84-194b84d3af7b:c2376, d451d94d-57a0-4545-b387-d428f64e3f33:c2376]
2019-07-09 16:25:59,422 INFO  client.GrpcClientProtocolClient (GrpcClientProtocolClient.java:onNext(255)) - client-0F1B900A64BD->9bf35ae9-4da0-4371-87fa-54ea3ce1f280: receive RaftClientReply:client-0F1B900A64BD->9bf35ae9-4da0-4371-87fa-54ea3ce1f280@group-432E83AF5B55, cid=1661, SUCCESS, logIndex=2383, commits[9bf35ae9-4da0-4371-87fa-54ea3ce1f280:c2384, 0cc34542-3a00-466e-ae84-194b84d3af7b:c2379, d451d94d-57a0-4545-b387-d428f64e3f33:c2379]
2019-07-09 16:25:59,422 INFO  client.GrpcClientProtocolClient (GrpcClientProtocolClient.java:onNext(255)) - client-0F1B900A64BD->9bf35ae9-4da0-4371-87fa-54ea3ce1f280: receive RaftClientReply:client-0F1B900A64BD->9bf35ae9-4da0-4371-87fa-54ea3ce1f280@group-432E83AF5B55, cid=1662, SUCCESS, logIndex=2384, commits[9bf35ae9-4da0-4371-87fa-54ea3ce1f280:c2384, 0cc34542-3a00-466e-ae84-194b84d3af7b:c2379, d451d94d-57a0-4545-b387-d428f64e3f33:c2379]
2019-07-09 16:25:59,435 INFO  client.GrpcClientProtocolClient (GrpcClientProtocolClient.java:onNext(255)) - client-0F1B900A64BD->9bf35ae9-4da0-4371-87fa-54ea3ce1f280: receive RaftClientReply:client-0F1B900A64BD->9bf35ae9-4da0-4371-87fa-54ea3ce1f280@group-432E83AF5B55, cid=1663, SUCCESS, logIndex=2387, commits[9bf35ae9-4da0-4371-87fa-54ea3ce1f280:c2388, 0cc34542-3a00-466e-ae84-194b84d3af7b:c2384, d451d94d-57a0-4545-b387-d428f64e3f33:c2384]
2019-07-09 16:25:59,436 INFO  client.GrpcClientProtocolClient (GrpcClientProtocolClient.java:onNext(255)) - client-0F1B900A64BD->9bf35ae9-4da0-4371-87fa-54ea3ce1f280: receive RaftClientReply:client-0F1B900A64BD->9bf35ae9-4da0-4371-87fa-54ea3ce1f280@group-432E83AF5B55, cid=1664, SUCCESS, logIndex=2388, commits[9bf35ae9-4da0-4371-87fa-54ea3ce1f280:c2388, 0cc34542-3a00-466e-ae84-194b84d3af7b:c2384, d451d94d-57a0-4545-b387-d428f64e3f33:c2384]
2019-07-09 16:25:59,437 INFO  client.GrpcClientProtocolClient (GrpcClientProtocolClient.java:onNext(255)) - client-0F1B900A64BD->9bf35ae9-4da0-4371-87fa-54ea3ce1f280: receive RaftClientReply:client-0F1B900A64BD->9bf35ae9-4da0-4371-87fa-54ea3ce1f280@group-432E83AF5B55, cid=1665, SUCCESS, logIndex=0, commits[9bf35ae9-4da0-4371-87fa-54ea3ce1f280:c2389, 0cc34542-3a00-466e-ae84-194b84d3af7b:c2388, d451d94d-57a0-4545-b387-d428f64e3f33:c2388]
2019-07-09 16:25:59,466 INFO  client.GrpcClientProtocolClient (GrpcClientProtocolClient.java:onNext(255)) - client-0F1B900A64BD->9bf35ae9-4da0-4371-87fa-54ea3ce1f280: receive RaftClientReply:client-0F1B900A64BD->9bf35ae9-4da0-4371-87fa-54ea3ce1f280@group-432E83AF5B55, cid=1666, SUCCESS, logIndex=2391, commits[9bf35ae9-4da0-4371-87fa-54ea3ce1f280:c2393, 0cc34542-3a00-466e-ae84-194b84d3af7b:c2390, d451d94d-57a0-4545-b387-d428f64e3f33:c2390]
2019-07-09 16:25:59,467 INFO  client.GrpcClientProtocolClient (GrpcClientProtocolClient.java:onNext(255)) - client-0F1B900A64BD->9bf35ae9-4da0-4371-87fa-54ea3ce1f280: receive RaftClientReply:client-0F1B900A64BD->9bf35ae9-4da0-4371-87fa-54ea3ce1f280@group-432E83AF5B55, cid=1667, SUCCESS, logIndex=2392, commits[9bf35ae9-4da0-4371-87fa-54ea3ce1f280:c2394, 0cc34542-3a00-466e-ae84-194b84d3af7b:c2390, d451d94d-57a0-4545-b387-d428f64e3f33:c2390]
2019-07-09 16:25:59,467 INFO  client.GrpcClientProtocolClient (GrpcClientProtocolClient.java:onNext(255)) - client-0F1B900A64BD->9bf35ae9-4da0-4371-87fa-54ea3ce1f280: receive RaftClientReply:client-0F1B900A64BD->9bf35ae9-4da0-4371-87fa-54ea3ce1f280@group-432E83AF5B55, cid=1668, SUCCESS, logIndex=2393, commits[9bf35ae9-4da0-4371-87fa-54ea3ce1f280:c2394, 0cc34542-3a00-466e-ae84-194b84d3af7b:c2390, d451d94d-57a0-4545-b387-d428f64e3f33:c2390]
2019-07-09 16:25:59,469 INFO  client.GrpcClientProtocolClient (GrpcClientProtocolClient.java:onNext(255)) - client-0F1B900A64BD->9bf35ae9-4da0-4371-87fa-54ea3ce1f280: receive RaftClientReply:client-0F1B900A64BD->9bf35ae9-4da0-4371-87fa-54ea3ce1f280@group-432E83AF5B55, cid=1669, SUCCESS, logIndex=2394, commits[9bf35ae9-4da0-4371-87fa-54ea3ce1f280:c2394, 0cc34542-3a00-466e-ae84-194b84d3af7b:c2390, d451d94d-57a0-4545-b387-d428f64e3f33:c2390]
2019-07-09 16:25:59,478 INFO  client.GrpcClientProtocolClient (GrpcClientProtocolClient.java:onNext(255)) - client-0F1B900A64BD->9bf35ae9-4da0-4371-87fa-54ea3ce1f280: receive RaftClientReply:client-0F1B900A64BD->9bf35ae9-4da0-4371-87fa-54ea3ce1f280@group-432E83AF5B55, cid=1670, SUCCESS, logIndex=0, commits[9bf35ae9-4da0-4371-87fa-54ea3ce1f280:c2394, 0cc34542-3a00-466e-ae84-194b84d3af7b:c2392, d451d94d-57a0-4545-b387-d428f64e3f33:c2392]
 0.00% |█                                                                                                    |  0/1 Time: 0:00:112019-07-09 16:25:59,583 INFO  client.GrpcClientProtocolClient (GrpcClientProtocolClient.java:onNext(255)) - client-0F1B900A64BD->9bf35ae9-4da0-4371-87fa-54ea3ce1f280: receive RaftClientReply:client-0F1B900A64BD->9bf35ae9-4da0-4371-87fa-54ea3ce1f280@group-432E83AF5B55, cid=1671, SUCCESS, logIndex=2399, commits[9bf35ae9-4da0-4371-87fa-54ea3ce1f280:c2400, 0cc34542-3a00-466e-ae84-194b84d3af7b:c2398, d451d94d-57a0-4545-b387-d428f64e3f33:c2398]
2019-07-09 16:25:59,584 INFO  client.GrpcClientProtocolClient (GrpcClientProtocolClient.java:onNext(255)) - client-0F1B900A64BD->9bf35ae9-4da0-4371-87fa-54ea3ce1f280: receive RaftClientReply:client-0F1B900A64BD->9bf35ae9-4da0-4371-87fa-54ea3ce1f280@group-432E83AF5B55, cid=1672, SUCCESS, logIndex=2400, commits[9bf35ae9-4da0-4371-87fa-54ea3ce1f280:c2400, 0cc34542-3a00-466e-ae84-194b84d3af7b:c2398, d451d94d-57a0-4545-b387-d428f64e3f33:c2398]
2019-07-09 16:25:59,609 INFO  client.GrpcClientProtocolClient (GrpcClientProtocolClient.java:onNext(255)) - client-0F1B900A64BD->9bf35ae9-4da0-4371-87fa-54ea3ce1f280: receive RaftClientReply:client-0F1B900A64BD->9bf35ae9-4da0-4371-87fa-54ea3ce1f280@group-432E83AF5B55, cid=1673, SUCCESS, logIndex=2403, commits[9bf35ae9-4da0-4371-87fa-54ea3ce1f280:c2403, 0cc34542-3a00-466e-ae84-194b84d3af7b:c2400, d451d94d-57a0-4545-b387-d428f64e3f33:c2400]
2019-07-09 16:25:59,609 INFO  client.GrpcClientProtocolClient (GrpcClientProtocolClient.java:onNext(255)) - client-0F1B900A64BD->9bf35ae9-4da0-4371-87fa-54ea3ce1f280: receive RaftClientReply:client-0F1B900A64BD->9bf35ae9-4da0-4371-87fa-54ea3ce1f280@group-432E83AF5B55, cid=1674, SUCCESS, logIndex=2404, commits[9bf35ae9-4da0-4371-87fa-54ea3ce1f280:c2404, 0cc34542-3a00-466e-ae84-194b84d3af7b:c2400, d451d94d-57a0-4545-b387-d428f64e3f33:c2400]
2019-07-09 16:25:59,623 INFO  client.GrpcClientProtocolClient (GrpcClientProtocolClient.java:onNext(255)) - client-0F1B900A64BD->9bf35ae9-4da0-4371-87fa-54ea3ce1f280: receive RaftClientReply:client-0F1B900A64BD->9bf35ae9-4da0-4371-87fa-54ea3ce1f280@group-432E83AF5B55, cid=1675, SUCCESS, logIndex=0, commits[9bf35ae9-4da0-4371-87fa-54ea3ce1f280:c2406, 0cc34542-3a00-466e-ae84-194b84d3af7b:c2404, d451d94d-57a0-4545-b387-d428f64e3f33:c2404]
2019-07-09 16:25:59,648 INFO  client.GrpcClientProtocolClient (GrpcClientProtocolClient.java:onNext(255)) - client-0F1B900A64BD->9bf35ae9-4da0-4371-87fa-54ea3ce1f280: receive RaftClientReply:client-0F1B900A64BD->9bf35ae9-4da0-4371-87fa-54ea3ce1f280@group-432E83AF5B55, cid=1676, SUCCESS, logIndex=2407, commits[9bf35ae9-4da0-4371-87fa-54ea3ce1f280:c2408, 0cc34542-3a00-466e-ae84-194b84d3af7b:c2406, d451d94d-57a0-4545-b387-d428f64e3f33:c2406]
2019-07-09 16:25:59,648 INFO  client.GrpcClientProtocolClient (GrpcClientProtocolClient.java:onNext(255)) - client-0F1B900A64BD->9bf35ae9-4da0-4371-87fa-54ea3ce1f280: receive RaftClientReply:client-0F1B900A64BD->9bf35ae9-4da0-4371-87fa-54ea3ce1f280@group-432E83AF5B55, cid=1677, SUCCESS, logIndex=2408, commits[9bf35ae9-4da0-4371-87fa-54ea3ce1f280:c2408, 0cc34542-3a00-466e-ae84-194b84d3af7b:c2406, d451d94d-57a0-4545-b387-d428f64e3f33:c2406]
2019-07-09 16:25:59,649 INFO  client.GrpcClientProtocolClient (GrpcClientProtocolClient.java:onNext(255)) - client-0F1B900A64BD->9bf35ae9-4da0-4371-87fa-54ea3ce1f280: receive RaftClientReply:client-0F1B900A64BD->9bf35ae9-4da0-4371-87fa-54ea3ce1f280@group-432E83AF5B55, cid=1678, SUCCESS, logIndex=2409, commits[9bf35ae9-4da0-4371-87fa-54ea3ce1f280:c2410, 0cc34542-3a00-466e-ae84-194b84d3af7b:c2406, d451d94d-57a0-4545-b387-d428f64e3f33:c2406]
2019-07-09 16:25:59,649 INFO  client.GrpcClientProtocolClient (GrpcClientProtocolClient.java:onNext(255)) - client-0F1B900A64BD->9bf35ae9-4da0-4371-87fa-54ea3ce1f280: receive RaftClientReply:client-0F1B900A64BD->9bf35ae9-4da0-4371-87fa-54ea3ce1f280@group-432E83AF5B55, cid=1679, SUCCESS, logIndex=2410, commits[9bf35ae9-4da0-4371-87fa-54ea3ce1f280:c2410, 0cc34542-3a00-466e-ae84-194b84d3af7b:c2406, d451d94d-57a0-4545-b387-d428f64e3f33:c2406]
2019-07-09 16:25:59,651 INFO  client.GrpcClientProtocolClient (GrpcClientProtocolClient.java:onNext(255)) - client-0F1B900A64BD->9bf35ae9-4da0-4371-87fa-54ea3ce1f280: receive RaftClientReply:client-0F1B900A64BD->9bf35ae9-4da0-4371-87fa-54ea3ce1f280@group-432E83AF5B55, cid=1680, SUCCESS, logIndex=0, commits[9bf35ae9-4da0-4371-87fa-54ea3ce1f280:c2412, 0cc34542-3a00-466e-ae84-194b84d3af7b:c2408, d451d94d-57a0-4545-b387-d428f64e3f33:c2408]
2019-07-09 16:25:59,670 INFO  client.GrpcClientProtocolClient (GrpcClientProtocolClient.java:onNext(255)) - client-0F1B900A64BD->9bf35ae9-4da0-4371-87fa-54ea3ce1f280: receive RaftClientReply:client-0F1B900A64BD->9bf35ae9-4da0-4371-87fa-54ea3ce1f280@group-432E83AF5B55, cid=1681, SUCCESS, logIndex=2415, commits[9bf35ae9-4da0-4371-87fa-54ea3ce1f280:c2416, 0cc34542-3a00-466e-ae84-194b84d3af7b:c2414, d451d94d-57a0-4545-b387-d428f64e3f33:c2414]
2019-07-09 16:25:59,671 INFO  client.GrpcClientProtocolClient (GrpcClientProtocolClient.java:onNext(255)) - client-0F1B900A64BD->9bf35ae9-4da0-4371-87fa-54ea3ce1f280: receive RaftClientReply:client-0F1B900A64BD->9bf35ae9-4da0-4371-87fa-54ea3ce1f280@group-432E83AF5B55, cid=1682, SUCCESS, logIndex=2416, commits[9bf35ae9-4da0-4371-87fa-54ea3ce1f280:c2416, 0cc34542-3a00-466e-ae84-194b84d3af7b:c2414, d451d94d-57a0-4545-b387-d428f64e3f33:c2414]
2019-07-09 16:25:59,685 INFO  client.GrpcClientProtocolClient (GrpcClientProtocolClient.java:onNext(255)) - client-0F1B900A64BD->9bf35ae9-4da0-4371-87fa-54ea3ce1f280: receive RaftClientReply:client-0F1B900A64BD->9bf35ae9-4da0-4371-87fa-54ea3ce1f280@group-432E83AF5B55, cid=1683, SUCCESS, logIndex=2419, commits[9bf35ae9-4da0-4371-87fa-54ea3ce1f280:c2420, 0cc34542-3a00-466e-ae84-194b84d3af7b:c2416, d451d94d-57a0-4545-b387-d428f64e3f33:c2416]
2019-07-09 16:25:59,686 INFO  client.GrpcClientProtocolClient (GrpcClientProtocolClient.java:onNext(255)) - client-0F1B900A64BD->9bf35ae9-4da0-4371-87fa-54ea3ce1f280: receive RaftClientReply:client-0F1B900A64BD->9bf35ae9-4da0-4371-87fa-54ea3ce1f280@group-432E83AF5B55, cid=1684, SUCCESS, logIndex=2420, commits[9bf35ae9-4da0-4371-87fa-54ea3ce1f280:c2420, 0cc34542-3a00-466e-ae84-194b84d3af7b:c2416, d451d94d-57a0-4545-b387-d428f64e3f33:c2416]
2019-07-09 16:25:59,697 INFO  client.GrpcClientProtocolClient (GrpcClientProtocolClient.java:onNext(255)) - client-0F1B900A64BD->9bf35ae9-4da0-4371-87fa-54ea3ce1f280: receive RaftClientReply:client-0F1B900A64BD->9bf35ae9-4da0-4371-87fa-54ea3ce1f280@group-432E83AF5B55, cid=1685, SUCCESS, logIndex=0, commits[9bf35ae9-4da0-4371-87fa-54ea3ce1f280:c2421, 0cc34542-3a00-466e-ae84-194b84d3af7b:c2420, d451d94d-57a0-4545-b387-d428f64e3f33:c2420]
2019-07-09 16:25:59,725 INFO  client.GrpcClientProtocolClient (GrpcClientProtocolClient.java:onNext(255)) - client-0F1B900A64BD->9bf35ae9-4da0-4371-87fa-54ea3ce1f280: receive RaftClientReply:client-0F1B900A64BD->9bf35ae9-4da0-4371-87fa-54ea3ce1f280@group-432E83AF5B55, cid=1686, SUCCESS, logIndex=2423, commits[9bf35ae9-4da0-4371-87fa-54ea3ce1f280:c2424, 0cc34542-3a00-466e-ae84-194b84d3af7b:c2422, d451d94d-57a0-4545-b387-d428f64e3f33:c2422]
2019-07-09 16:25:59,725 INFO  client.GrpcClientProtocolClient (GrpcClientProtocolClient.java:onNext(255)) - client-0F1B900A64BD->9bf35ae9-4da0-4371-87fa-54ea3ce1f280: receive RaftClientReply:client-0F1B900A64BD->9bf35ae9-4da0-4371-87fa-54ea3ce1f280@group-432E83AF5B55, cid=1687, SUCCESS, logIndex=2424, commits[9bf35ae9-4da0-4371-87fa-54ea3ce1f280:c2426, 0cc34542-3a00-466e-ae84-194b84d3af7b:c2422, d451d94d-57a0-4545-b387-d428f64e3f33:c2422]
2019-07-09 16:25:59,726 INFO  client.GrpcClientProtocolClient (GrpcClientProtocolClient.java:onNext(255)) - client-0F1B900A64BD->9bf35ae9-4da0-4371-87fa-54ea3ce1f280: receive RaftClientReply:client-0F1B900A64BD->9bf35ae9-4da0-4371-87fa-54ea3ce1f280@group-432E83AF5B55, cid=1688, SUCCESS, logIndex=2425, commits[9bf35ae9-4da0-4371-87fa-54ea3ce1f280:c2426, 0cc34542-3a00-466e-ae84-194b84d3af7b:c2422, d451d94d-57a0-4545-b387-d428f64e3f33:c2423]
2019-07-09 16:25:59,726 INFO  client.GrpcClientProtocolClient (GrpcClientProtocolClient.java:onNext(255)) - client-0F1B900A64BD->9bf35ae9-4da0-4371-87fa-54ea3ce1f280: receive RaftClientReply:client-0F1B900A64BD->9bf35ae9-4da0-4371-87fa-54ea3ce1f280@group-432E83AF5B55, cid=1689, SUCCESS, logIndex=2426, commits[9bf35ae9-4da0-4371-87fa-54ea3ce1f280:c2427, 0cc34542-3a00-466e-ae84-194b84d3af7b:c2422, d451d94d-57a0-4545-b387-d428f64e3f33:c2423]
2019-07-09 16:25:59,729 INFO  client.GrpcClientProtocolClient (GrpcClientProtocolClient.java:onNext(255)) - client-0F1B900A64BD->9bf35ae9-4da0-4371-87fa-54ea3ce1f280: receive RaftClientReply:client-0F1B900A64BD->9bf35ae9-4da0-4371-87fa-54ea3ce1f280@group-432E83AF5B55, cid=1690, SUCCESS, logIndex=0, commits[9bf35ae9-4da0-4371-87fa-54ea3ce1f280:c2427, 0cc34542-3a00-466e-ae84-194b84d3af7b:c2424, d451d94d-57a0-4545-b387-d428f64e3f33:c2424]
2019-07-09 16:25:59,740 INFO  client.GrpcClientProtocolClient (GrpcClientProtocolClient.java:onNext(255)) - client-0F1B900A64BD->9bf35ae9-4da0-4371-87fa-54ea3ce1f280: receive RaftClientReply:client-0F1B900A64BD->9bf35ae9-4da0-4371-87fa-54ea3ce1f280@group-432E83AF5B55, cid=1691, SUCCESS, logIndex=2430, commits[9bf35ae9-4da0-4371-87fa-54ea3ce1f280:c2431, 0cc34542-3a00-466e-ae84-194b84d3af7b:c2426, d451d94d-57a0-4545-b387-d428f64e3f33:c2429]
2019-07-09 16:25:59,740 INFO  client.GrpcClientProtocolClient (GrpcClientProtocolClient.java:onNext(255)) - client-0F1B900A64BD->9bf35ae9-4da0-4371-87fa-54ea3ce1f280: receive RaftClientReply:client-0F1B900A64BD->9bf35ae9-4da0-4371-87fa-54ea3ce1f280@group-432E83AF5B55, cid=1692, SUCCESS, logIndex=2431, commits[9bf35ae9-4da0-4371-87fa-54ea3ce1f280:c2431, 0cc34542-3a00-466e-ae84-194b84d3af7b:c2429, d451d94d-57a0-4545-b387-d428f64e3f33:c2429]
2019-07-09 16:25:59,757 INFO  client.GrpcClientProtocolClient (GrpcClientProtocolClient.java:onNext(255)) - client-0F1B900A64BD->9bf35ae9-4da0-4371-87fa-54ea3ce1f280: receive RaftClientReply:client-0F1B900A64BD->9bf35ae9-4da0-4371-87fa-54ea3ce1f280@group-432E83AF5B55, cid=1693, SUCCESS, logIndex=2434, commits[9bf35ae9-4da0-4371-87fa-54ea3ce1f280:c2435, 0cc34542-3a00-466e-ae84-194b84d3af7b:c2432, d451d94d-57a0-4545-b387-d428f64e3f33:c2432]
2019-07-09 16:25:59,758 INFO  client.GrpcClientProtocolClient (GrpcClientProtocolClient.java:onNext(255)) - client-0F1B900A64BD->9bf35ae9-4da0-4371-87fa-54ea3ce1f280: receive RaftClientReply:client-0F1B900A64BD->9bf35ae9-4da0-4371-87fa-54ea3ce1f280@group-432E83AF5B55, cid=1694, SUCCESS, logIndex=2435, commits[9bf35ae9-4da0-4371-87fa-54ea3ce1f280:c2435, 0cc34542-3a00-466e-ae84-194b84d3af7b:c2432, d451d94d-57a0-4545-b387-d428f64e3f33:c2432]
2019-07-09 16:25:59,772 INFO  client.GrpcClientProtocolClient (GrpcClientProtocolClient.java:onNext(255)) - client-0F1B900A64BD->9bf35ae9-4da0-4371-87fa-54ea3ce1f280: receive RaftClientReply:client-0F1B900A64BD->9bf35ae9-4da0-4371-87fa-54ea3ce1f280@group-432E83AF5B55, cid=1695, SUCCESS, logIndex=0, commits[9bf35ae9-4da0-4371-87fa-54ea3ce1f280:c2437, 0cc34542-3a00-466e-ae84-194b84d3af7b:c2435, d451d94d-57a0-4545-b387-d428f64e3f33:c2435]
2019-07-09 16:25:59,796 INFO  client.GrpcClientProtocolClient (GrpcClientProtocolClient.java:onNext(255)) - client-0F1B900A64BD->9bf35ae9-4da0-4371-87fa-54ea3ce1f280: receive RaftClientReply:client-0F1B900A64BD->9bf35ae9-4da0-4371-87fa-54ea3ce1f280@group-432E83AF5B55, cid=1696, SUCCESS, logIndex=2438, commits[9bf35ae9-4da0-4371-87fa-54ea3ce1f280:c2440, 0cc34542-3a00-466e-ae84-194b84d3af7b:c2437, d451d94d-57a0-4545-b387-d428f64e3f33:c2437]
2019-07-09 16:25:59,797 INFO  client.GrpcClientProtocolClient (GrpcClientProtocolClient.java:onNext(255)) - client-0F1B900A64BD->9bf35ae9-4da0-4371-87fa-54ea3ce1f280: receive RaftClientReply:client-0F1B900A64BD->9bf35ae9-4da0-4371-87fa-54ea3ce1f280@group-432E83AF5B55, cid=1697, SUCCESS, logIndex=2439, commits[9bf35ae9-4da0-4371-87fa-54ea3ce1f280:c2441, 0cc34542-3a00-466e-ae84-194b84d3af7b:c2437, d451d94d-57a0-4545-b387-d428f64e3f33:c2437]
2019-07-09 16:25:59,797 INFO  client.GrpcClientProtocolClient (GrpcClientProtocolClient.java:onNext(255)) - client-0F1B900A64BD->9bf35ae9-4da0-4371-87fa-54ea3ce1f280: receive RaftClientReply:client-0F1B900A64BD->9bf35ae9-4da0-4371-87fa-54ea3ce1f280@group-432E83AF5B55, cid=1698, SUCCESS, logIndex=2440, commits[9bf35ae9-4da0-4371-87fa-54ea3ce1f280:c2441, 0cc34542-3a00-466e-ae84-194b84d3af7b:c2437, d451d94d-57a0-4545-b387-d428f64e3f33:c2437]
2019-07-09 16:25:59,797 INFO  client.GrpcClientProtocolClient (GrpcClientProtocolClient.java:onNext(255)) - client-0F1B900A64BD->9bf35ae9-4da0-4371-87fa-54ea3ce1f280: receive RaftClientReply:client-0F1B900A64BD->9bf35ae9-4da0-4371-87fa-54ea3ce1f280@group-432E83AF5B55, cid=1699, SUCCESS, logIndex=2441, commits[9bf35ae9-4da0-4371-87fa-54ea3ce1f280:c2441, 0cc34542-3a00-466e-ae84-194b84d3af7b:c2437, d451d94d-57a0-4545-b387-d428f64e3f33:c2437]
2019-07-09 16:25:59,799 INFO  client.GrpcClientProtocolClient (GrpcClientProtocolClient.java:onNext(255)) - client-0F1B900A64BD->9bf35ae9-4da0-4371-87fa-54ea3ce1f280: receive RaftClientReply:client-0F1B900A64BD->9bf35ae9-4da0-4371-87fa-54ea3ce1f280@group-432E83AF5B55, cid=1700, SUCCESS, logIndex=0, commits[9bf35ae9-4da0-4371-87fa-54ea3ce1f280:c2442, 0cc34542-3a00-466e-ae84-194b84d3af7b:c2439, d451d94d-57a0-4545-b387-d428f64e3f33:c2439]
2019-07-09 16:25:59,812 INFO  client.GrpcClientProtocolClient (GrpcClientProtocolClient.java:onNext(255)) - client-0F1B900A64BD->9bf35ae9-4da0-4371-87fa-54ea3ce1f280: receive RaftClientReply:client-0F1B900A64BD->9bf35ae9-4da0-4371-87fa-54ea3ce1f280@group-432E83AF5B55, cid=1701, SUCCESS, logIndex=2446, commits[9bf35ae9-4da0-4371-87fa-54ea3ce1f280:c2447, 0cc34542-3a00-466e-ae84-194b84d3af7b:c2442, d451d94d-57a0-4545-b387-d428f64e3f33:c2441]
2019-07-09 16:25:59,812 INFO  client.GrpcClientProtocolClient (GrpcClientProtocolClient.java:onNext(255)) - client-0F1B900A64BD->9bf35ae9-4da0-4371-87fa-54ea3ce1f280: receive RaftClientReply:client-0F1B900A64BD->9bf35ae9-4da0-4371-87fa-54ea3ce1f280@group-432E83AF5B55, cid=1702, SUCCESS, logIndex=2447, commits[9bf35ae9-4da0-4371-87fa-54ea3ce1f280:c2447, 0cc34542-3a00-466e-ae84-194b84d3af7b:c2442, d451d94d-57a0-4545-b387-d428f64e3f33:c2442]
2019-07-09 16:25:59,821 INFO  client.GrpcClientProtocolClient (GrpcClientProtocolClient.java:onNext(255)) - client-0F1B900A64BD->9bf35ae9-4da0-4371-87fa-54ea3ce1f280: receive RaftClientReply:client-0F1B900A64BD->9bf35ae9-4da0-4371-87fa-54ea3ce1f280@group-432E83AF5B55, cid=1703, SUCCESS, logIndex=2450, commits[9bf35ae9-4da0-4371-87fa-54ea3ce1f280:c2451, 0cc34542-3a00-466e-ae84-194b84d3af7b:c2448, d451d94d-57a0-4545-b387-d428f64e3f33:c2447]
2019-07-09 16:25:59,821 INFO  client.GrpcClientProtocolClient (GrpcClientProtocolClient.java:onNext(255)) - client-0F1B900A64BD->9bf35ae9-4da0-4371-87fa-54ea3ce1f280: receive RaftClientReply:client-0F1B900A64BD->9bf35ae9-4da0-4371-87fa-54ea3ce1f280@group-432E83AF5B55, cid=1704, SUCCESS, logIndex=2451, commits[9bf35ae9-4da0-4371-87fa-54ea3ce1f280:c2451, 0cc34542-3a00-466e-ae84-194b84d3af7b:c2448, d451d94d-57a0-4545-b387-d428f64e3f33:c2447]
2019-07-09 16:25:59,825 INFO  client.GrpcClientProtocolClient (GrpcClientProtocolClient.java:onNext(255)) - client-0F1B900A64BD->9bf35ae9-4da0-4371-87fa-54ea3ce1f280: receive RaftClientReply:client-0F1B900A64BD->9bf35ae9-4da0-4371-87fa-54ea3ce1f280@group-432E83AF5B55, cid=1705, SUCCESS, logIndex=0, commits[9bf35ae9-4da0-4371-87fa-54ea3ce1f280:c2452, 0cc34542-3a00-466e-ae84-194b84d3af7b:c2451, d451d94d-57a0-4545-b387-d428f64e3f33:c2451]
2019-07-09 16:25:59,843 INFO  client.GrpcClientProtocolClient (GrpcClientProtocolClient.java:onNext(255)) - client-0F1B900A64BD->9bf35ae9-4da0-4371-87fa-54ea3ce1f280: receive RaftClientReply:client-0F1B900A64BD->9bf35ae9-4da0-4371-87fa-54ea3ce1f280@group-432E83AF5B55, cid=1706, SUCCESS, logIndex=2454, commits[9bf35ae9-4da0-4371-87fa-54ea3ce1f280:c2457, 0cc34542-3a00-466e-ae84-194b84d3af7b:c2451, d451d94d-57a0-4545-b387-d428f64e3f33:c2453]
2019-07-09 16:25:59,843 INFO  client.GrpcClientProtocolClient (GrpcClientProtocolClient.java:onNext(255)) - client-0F1B900A64BD->9bf35ae9-4da0-4371-87fa-54ea3ce1f280: receive RaftClientReply:client-0F1B900A64BD->9bf35ae9-4da0-4371-87fa-54ea3ce1f280@group-432E83AF5B55, cid=1707, SUCCESS, logIndex=2455, commits[9bf35ae9-4da0-4371-87fa-54ea3ce1f280:c2457, 0cc34542-3a00-466e-ae84-194b84d3af7b:c2453, d451d94d-57a0-4545-b387-d428f64e3f33:c2453]
2019-07-09 16:25:59,843 INFO  client.GrpcClientProtocolClient (GrpcClientProtocolClient.java:onNext(255)) - client-0F1B900A64BD->9bf35ae9-4da0-4371-87fa-54ea3ce1f280: receive RaftClientReply:client-0F1B900A64BD->9bf35ae9-4da0-4371-87fa-54ea3ce1f280@group-432E83AF5B55, cid=1708, SUCCESS, logIndex=2456, commits[9bf35ae9-4da0-4371-87fa-54ea3ce1f280:c2457, 0cc34542-3a00-466e-ae84-194b84d3af7b:c2453, d451d94d-57a0-4545-b387-d428f64e3f33:c2453]
2019-07-09 16:25:59,843 INFO  client.GrpcClientProtocolClient (GrpcClientProtocolClient.java:onNext(255)) - client-0F1B900A64BD->9bf35ae9-4da0-4371-87fa-54ea3ce1f280: receive RaftClientReply:client-0F1B900A64BD->9bf35ae9-4da0-4371-87fa-54ea3ce1f280@group-432E83AF5B55, cid=1709, SUCCESS, logIndex=2457, commits[9bf35ae9-4da0-4371-87fa-54ea3ce1f280:c2457, 0cc34542-3a00-466e-ae84-194b84d3af7b:c2453, d451d94d-57a0-4545-b387-d428f64e3f33:c2453]
2019-07-09 16:25:59,846 INFO  client.GrpcClientProtocolClient (GrpcClientProtocolClient.java:onNext(255)) - client-0F1B900A64BD->9bf35ae9-4da0-4371-87fa-54ea3ce1f280: receive RaftClientReply:client-0F1B900A64BD->9bf35ae9-4da0-4371-87fa-54ea3ce1f280@group-432E83AF5B55, cid=1710, SUCCESS, logIndex=0, commits[9bf35ae9-4da0-4371-87fa-54ea3ce1f280:c2458, 0cc34542-3a00-466e-ae84-194b84d3af7b:c2455, d451d94d-57a0-4545-b387-d428f64e3f33:c2455]
2019-07-09 16:25:59,855 INFO  client.GrpcClientProtocolClient (GrpcClientProtocolClient.java:onNext(255)) - client-0F1B900A64BD->9bf35ae9-4da0-4371-87fa-54ea3ce1f280: receive RaftClientReply:client-0F1B900A64BD->9bf35ae9-4da0-4371-87fa-54ea3ce1f280@group-432E83AF5B55, cid=1711, SUCCESS, logIndex=2461, commits[9bf35ae9-4da0-4371-87fa-54ea3ce1f280:c2462, 0cc34542-3a00-466e-ae84-194b84d3af7b:c2460, d451d94d-57a0-4545-b387-d428f64e3f33:c2457]
2019-07-09 16:25:59,856 INFO  client.GrpcClientProtocolClient (GrpcClientProtocolClient.java:onNext(255)) - client-0F1B900A64BD->9bf35ae9-4da0-4371-87fa-54ea3ce1f280: receive RaftClientReply:client-0F1B900A64BD->9bf35ae9-4da0-4371-87fa-54ea3ce1f280@group-432E83AF5B55, cid=1712, SUCCESS, logIndex=2462, commits[9bf35ae9-4da0-4371-87fa-54ea3ce1f280:c2462, 0cc34542-3a00-466e-ae84-194b84d3af7b:c2460, d451d94d-57a0-4545-b387-d428f64e3f33:c2457]
2019-07-09 16:25:59,871 INFO  client.GrpcClientProtocolClient (GrpcClientProtocolClient.java:onNext(255)) - client-0F1B900A64BD->9bf35ae9-4da0-4371-87fa-54ea3ce1f280: receive RaftClientReply:client-0F1B900A64BD->9bf35ae9-4da0-4371-87fa-54ea3ce1f280@group-432E83AF5B55, cid=1713, SUCCESS, logIndex=2465, commits[9bf35ae9-4da0-4371-87fa-54ea3ce1f280:c2466, 0cc34542-3a00-466e-ae84-194b84d3af7b:c2464, d451d94d-57a0-4545-b387-d428f64e3f33:c2462]
2019-07-09 16:25:59,871 INFO  client.GrpcClientProtocolClient (GrpcClientProtocolClient.java:onNext(255)) - client-0F1B900A64BD->9bf35ae9-4da0-4371-87fa-54ea3ce1f280: receive RaftClientReply:client-0F1B900A64BD->9bf35ae9-4da0-4371-87fa-54ea3ce1f280@group-432E83AF5B55, cid=1714, SUCCESS, logIndex=2466, commits[9bf35ae9-4da0-4371-87fa-54ea3ce1f280:c2466, 0cc34542-3a00-466e-ae84-194b84d3af7b:c2464, d451d94d-57a0-4545-b387-d428f64e3f33:c2462]
2019-07-09 16:25:59,875 INFO  client.GrpcClientProtocolClient (GrpcClientProtocolClient.java:onNext(255)) - client-0F1B900A64BD->9bf35ae9-4da0-4371-87fa-54ea3ce1f280: receive RaftClientReply:client-0F1B900A64BD->9bf35ae9-4da0-4371-87fa-54ea3ce1f280@group-432E83AF5B55, cid=1715, SUCCESS, logIndex=0, commits[9bf35ae9-4da0-4371-87fa-54ea3ce1f280:c2468, 0cc34542-3a00-466e-ae84-194b84d3af7b:c2466, d451d94d-57a0-4545-b387-d428f64e3f33:c2466]
2019-07-09 16:25:59,902 INFO  client.GrpcClientProtocolClient (GrpcClientProtocolClient.java:onNext(255)) - client-0F1B900A64BD->9bf35ae9-4da0-4371-87fa-54ea3ce1f280: receive RaftClientReply:client-0F1B900A64BD->9bf35ae9-4da0-4371-87fa-54ea3ce1f280@group-432E83AF5B55, cid=1716, SUCCESS, logIndex=2469, commits[9bf35ae9-4da0-4371-87fa-54ea3ce1f280:c2470, 0cc34542-3a00-466e-ae84-194b84d3af7b:c2468, d451d94d-57a0-4545-b387-d428f64e3f33:c2468]
2019-07-09 16:25:59,903 INFO  client.GrpcClientProtocolClient (GrpcClientProtocolClient.java:onNext(255)) - client-0F1B900A64BD->9bf35ae9-4da0-4371-87fa-54ea3ce1f280: receive RaftClientReply:client-0F1B900A64BD->9bf35ae9-4da0-4371-87fa-54ea3ce1f280@group-432E83AF5B55, cid=1717, SUCCESS, logIndex=2470, commits[9bf35ae9-4da0-4371-87fa-54ea3ce1f280:c2472, 0cc34542-3a00-466e-ae84-194b84d3af7b:c2468, d451d94d-57a0-4545-b387-d428f64e3f33:c2468]
2019-07-09 16:25:59,903 INFO  client.GrpcClientProtocolClient (GrpcClientProtocolClient.java:onNext(255)) - client-0F1B900A64BD->9bf35ae9-4da0-4371-87fa-54ea3ce1f280: receive RaftClientReply:client-0F1B900A64BD->9bf35ae9-4da0-4371-87fa-54ea3ce1f280@group-432E83AF5B55, cid=1718, SUCCESS, logIndex=2471, commits[9bf35ae9-4da0-4371-87fa-54ea3ce1f280:c2472, 0cc34542-3a00-466e-ae84-194b84d3af7b:c2468, d451d94d-57a0-4545-b387-d428f64e3f33:c2468]
2019-07-09 16:25:59,903 INFO  client.GrpcClientProtocolClient (GrpcClientProtocolClient.java:onNext(255)) - client-0F1B900A64BD->9bf35ae9-4da0-4371-87fa-54ea3ce1f280: receive RaftClientReply:client-0F1B900A64BD->9bf35ae9-4da0-4371-87fa-54ea3ce1f280@group-432E83AF5B55, cid=1719, SUCCESS, logIndex=2472, commits[9bf35ae9-4da0-4371-87fa-54ea3ce1f280:c2472, 0cc34542-3a00-466e-ae84-194b84d3af7b:c2468, d451d94d-57a0-4545-b387-d428f64e3f33:c2470]
2019-07-09 16:25:59,905 INFO  client.GrpcClientProtocolClient (GrpcClientProtocolClient.java:onNext(255)) - client-0F1B900A64BD->9bf35ae9-4da0-4371-87fa-54ea3ce1f280: receive RaftClientReply:client-0F1B900A64BD->9bf35ae9-4da0-4371-87fa-54ea3ce1f280@group-432E83AF5B55, cid=1720, SUCCESS, logIndex=0, commits[9bf35ae9-4da0-4371-87fa-54ea3ce1f280:c2473, 0cc34542-3a00-466e-ae84-194b84d3af7b:c2470, d451d94d-57a0-4545-b387-d428f64e3f33:c2470]
2019-07-09 16:25:59,919 INFO  client.GrpcClientProtocolClient (GrpcClientProtocolClient.java:onNext(255)) - client-0F1B900A64BD->9bf35ae9-4da0-4371-87fa-54ea3ce1f280: receive RaftClientReply:client-0F1B900A64BD->9bf35ae9-4da0-4371-87fa-54ea3ce1f280@group-432E83AF5B55, cid=1721, SUCCESS, logIndex=2476, commits[9bf35ae9-4da0-4371-87fa-54ea3ce1f280:c2477, 0cc34542-3a00-466e-ae84-194b84d3af7b:c2474, d451d94d-57a0-4545-b387-d428f64e3f33:c2474]
2019-07-09 16:25:59,920 INFO  client.GrpcClientProtocolClient (GrpcClientProtocolClient.java:onNext(255)) - client-0F1B900A64BD->9bf35ae9-4da0-4371-87fa-54ea3ce1f280: receive RaftClientReply:client-0F1B900A64BD->9bf35ae9-4da0-4371-87fa-54ea3ce1f280@group-432E83AF5B55, cid=1722, SUCCESS, logIndex=2477, commits[9bf35ae9-4da0-4371-87fa-54ea3ce1f280:c2477, 0cc34542-3a00-466e-ae84-194b84d3af7b:c2474, d451d94d-57a0-4545-b387-d428f64e3f33:c2474]
2019-07-09 16:25:59,934 INFO  client.GrpcClientProtocolClient (GrpcClientProtocolClient.java:onNext(255)) - client-0F1B900A64BD->9bf35ae9-4da0-4371-87fa-54ea3ce1f280: receive RaftClientReply:client-0F1B900A64BD->9bf35ae9-4da0-4371-87fa-54ea3ce1f280@group-432E83AF5B55, cid=1723, SUCCESS, logIndex=2479, commits[9bf35ae9-4da0-4371-87fa-54ea3ce1f280:c2480, 0cc34542-3a00-466e-ae84-194b84d3af7b:c2477, d451d94d-57a0-4545-b387-d428f64e3f33:c2477]
2019-07-09 16:25:59,935 INFO  client.GrpcClientProtocolClient (GrpcClientProtocolClient.java:onNext(255)) - client-0F1B900A64BD->9bf35ae9-4da0-4371-87fa-54ea3ce1f280: receive RaftClientReply:client-0F1B900A64BD->9bf35ae9-4da0-4371-87fa-54ea3ce1f280@group-432E83AF5B55, cid=1724, SUCCESS, logIndex=2480, commits[9bf35ae9-4da0-4371-87fa-54ea3ce1f280:c2480, 0cc34542-3a00-466e-ae84-194b84d3af7b:c2477, d451d94d-57a0-4545-b387-d428f64e3f33:c2477]
2019-07-09 16:25:59,952 INFO  client.GrpcClientProtocolClient (GrpcClientProtocolClient.java:onNext(255)) - client-0F1B900A64BD->9bf35ae9-4da0-4371-87fa-54ea3ce1f280: receive RaftClientReply:client-0F1B900A64BD->9bf35ae9-4da0-4371-87fa-54ea3ce1f280@group-432E83AF5B55, cid=1725, SUCCESS, logIndex=0, commits[9bf35ae9-4da0-4371-87fa-54ea3ce1f280:c2481, 0cc34542-3a00-466e-ae84-194b84d3af7b:c2480, d451d94d-57a0-4545-b387-d428f64e3f33:c2480]
2019-07-09 16:25:59,977 INFO  client.GrpcClientProtocolClient (GrpcClientProtocolClient.java:onNext(255)) - client-0F1B900A64BD->9bf35ae9-4da0-4371-87fa-54ea3ce1f280: receive RaftClientReply:client-0F1B900A64BD->9bf35ae9-4da0-4371-87fa-54ea3ce1f280@group-432E83AF5B55, cid=1726, SUCCESS, logIndex=2483, commits[9bf35ae9-4da0-4371-87fa-54ea3ce1f280:c2486, 0cc34542-3a00-466e-ae84-194b84d3af7b:c2482, d451d94d-57a0-4545-b387-d428f64e3f33:c2482]
2019-07-09 16:25:59,977 INFO  client.GrpcClientProtocolClient (GrpcClientProtocolClient.java:onNext(255)) - client-0F1B900A64BD->9bf35ae9-4da0-4371-87fa-54ea3ce1f280: receive RaftClientReply:client-0F1B900A64BD->9bf35ae9-4da0-4371-87fa-54ea3ce1f280@group-432E83AF5B55, cid=1727, SUCCESS, logIndex=2484, commits[9bf35ae9-4da0-4371-87fa-54ea3ce1f280:c2486, 0cc34542-3a00-466e-ae84-194b84d3af7b:c2482, d451d94d-57a0-4545-b387-d428f64e3f33:c2482]
2019-07-09 16:25:59,978 INFO  client.GrpcClientProtocolClient (GrpcClientProtocolClient.java:onNext(255)) - client-0F1B900A64BD->9bf35ae9-4da0-4371-87fa-54ea3ce1f280: receive RaftClientReply:client-0F1B900A64BD->9bf35ae9-4da0-4371-87fa-54ea3ce1f280@group-432E83AF5B55, cid=1728, SUCCESS, logIndex=2485, commits[9bf35ae9-4da0-4371-87fa-54ea3ce1f280:c2486, 0cc34542-3a00-466e-ae84-194b84d3af7b:c2482, d451d94d-57a0-4545-b387-d428f64e3f33:c2482]
2019-07-09 16:25:59,978 INFO  client.GrpcClientProtocolClient (GrpcClientProtocolClient.java:onNext(255)) - client-0F1B900A64BD->9bf35ae9-4da0-4371-87fa-54ea3ce1f280: receive RaftClientReply:client-0F1B900A64BD->9bf35ae9-4da0-4371-87fa-54ea3ce1f280@group-432E83AF5B55, cid=1729, SUCCESS, logIndex=2486, commits[9bf35ae9-4da0-4371-87fa-54ea3ce1f280:c2486, 0cc34542-3a00-466e-ae84-194b84d3af7b:c2482, d451d94d-57a0-4545-b387-d428f64e3f33:c2482]
2019-07-09 16:25:59,980 INFO  client.GrpcClientProtocolClient (GrpcClientProtocolClient.java:onNext(255)) - client-0F1B900A64BD->9bf35ae9-4da0-4371-87fa-54ea3ce1f280: receive RaftClientReply:client-0F1B900A64BD->9bf35ae9-4da0-4371-87fa-54ea3ce1f280@group-432E83AF5B55, cid=1730, SUCCESS, logIndex=0, commits[9bf35ae9-4da0-4371-87fa-54ea3ce1f280:c2487, 0cc34542-3a00-466e-ae84-194b84d3af7b:c2485, d451d94d-57a0-4545-b387-d428f64e3f33:c2484]
2019-07-09 16:25:59,999 INFO  client.GrpcClientProtocolClient (GrpcClientProtocolClient.java:onNext(255)) - client-0F1B900A64BD->9bf35ae9-4da0-4371-87fa-54ea3ce1f280: receive RaftClientReply:client-0F1B900A64BD->9bf35ae9-4da0-4371-87fa-54ea3ce1f280@group-432E83AF5B55, cid=1731, SUCCESS, logIndex=2491, commits[9bf35ae9-4da0-4371-87fa-54ea3ce1f280:c2492, 0cc34542-3a00-466e-ae84-194b84d3af7b:c2490, d451d94d-57a0-4545-b387-d428f64e3f33:c2490]
2019-07-09 16:25:59,999 INFO  client.GrpcClientProtocolClient (GrpcClientProtocolClient.java:onNext(255)) - client-0F1B900A64BD->9bf35ae9-4da0-4371-87fa-54ea3ce1f280: receive RaftClientReply:client-0F1B900A64BD->9bf35ae9-4da0-4371-87fa-54ea3ce1f280@group-432E83AF5B55, cid=1732, SUCCESS, logIndex=2492, commits[9bf35ae9-4da0-4371-87fa-54ea3ce1f280:c2492, 0cc34542-3a00-466e-ae84-194b84d3af7b:c2490, d451d94d-57a0-4545-b387-d428f64e3f33:c2490]
2019-07-09 16:26:00,012 INFO  client.GrpcClientProtocolClient (GrpcClientProtocolClient.java:onNext(255)) - client-0F1B900A64BD->9bf35ae9-4da0-4371-87fa-54ea3ce1f280: receive RaftClientReply:client-0F1B900A64BD->9bf35ae9-4da0-4371-87fa-54ea3ce1f280@group-432E83AF5B55, cid=1733, SUCCESS, logIndex=2495, commits[9bf35ae9-4da0-4371-87fa-54ea3ce1f280:c2496, 0cc34542-3a00-466e-ae84-194b84d3af7b:c2492, d451d94d-57a0-4545-b387-d428f64e3f33:c2492]
2019-07-09 16:26:00,012 INFO  client.GrpcClientProtocolClient (GrpcClientProtocolClient.java:onNext(255)) - client-0F1B900A64BD->9bf35ae9-4da0-4371-87fa-54ea3ce1f280: receive RaftClientReply:client-0F1B900A64BD->9bf35ae9-4da0-4371-87fa-54ea3ce1f280@group-432E83AF5B55, cid=1734, SUCCESS, logIndex=2496, commits[9bf35ae9-4da0-4371-87fa-54ea3ce1f280:c2496, 0cc34542-3a00-466e-ae84-194b84d3af7b:c2492, d451d94d-57a0-4545-b387-d428f64e3f33:c2492]
2019-07-09 16:26:00,024 INFO  client.GrpcClientProtocolClient (GrpcClientProtocolClient.java:onNext(255)) - client-0F1B900A64BD->9bf35ae9-4da0-4371-87fa-54ea3ce1f280: receive RaftClientReply:client-0F1B900A64BD->9bf35ae9-4da0-4371-87fa-54ea3ce1f280@group-432E83AF5B55, cid=1735, SUCCESS, logIndex=0, commits[9bf35ae9-4da0-4371-87fa-54ea3ce1f280:c2496, 0cc34542-3a00-466e-ae84-194b84d3af7b:c2496, d451d94d-57a0-4545-b387-d428f64e3f33:c2496]
2019-07-09 16:26:00,048 INFO  client.GrpcClientProtocolClient (GrpcClientProtocolClient.java:onNext(255)) - client-0F1B900A64BD->9bf35ae9-4da0-4371-87fa-54ea3ce1f280: receive RaftClientReply:client-0F1B900A64BD->9bf35ae9-4da0-4371-87fa-54ea3ce1f280@group-432E83AF5B55, cid=1736, SUCCESS, logIndex=2499, commits[9bf35ae9-4da0-4371-87fa-54ea3ce1f280:c2500, 0cc34542-3a00-466e-ae84-194b84d3af7b:c2498, d451d94d-57a0-4545-b387-d428f64e3f33:c2496]
2019-07-09 16:26:00,049 INFO  client.GrpcClientProtocolClient (GrpcClientProtocolClient.java:onNext(255)) - client-0F1B900A64BD->9bf35ae9-4da0-4371-87fa-54ea3ce1f280: receive RaftClientReply:client-0F1B900A64BD->9bf35ae9-4da0-4371-87fa-54ea3ce1f280@group-432E83AF5B55, cid=1737, SUCCESS, logIndex=2500, commits[9bf35ae9-4da0-4371-87fa-54ea3ce1f280:c2500, 0cc34542-3a00-466e-ae84-194b84d3af7b:c2498, d451d94d-57a0-4545-b387-d428f64e3f33:c2496]
2019-07-09 16:26:00,049 INFO  client.GrpcClientProtocolClient (GrpcClientProtocolClient.java:onNext(255)) - client-0F1B900A64BD->9bf35ae9-4da0-4371-87fa-54ea3ce1f280: receive RaftClientReply:client-0F1B900A64BD->9bf35ae9-4da0-4371-87fa-54ea3ce1f280@group-432E83AF5B55, cid=1738, SUCCESS, logIndex=2501, commits[9bf35ae9-4da0-4371-87fa-54ea3ce1f280:c2502, 0cc34542-3a00-466e-ae84-194b84d3af7b:c2498, d451d94d-57a0-4545-b387-d428f64e3f33:c2498]
2019-07-09 16:26:00,150 INFO  client.GrpcClientProtocolClient (GrpcClientProtocolClient.java:onNext(255)) - client-0F1B900A64BD->9bf35ae9-4da0-4371-87fa-54ea3ce1f280: receive RaftClientReply:client-0F1B900A64BD->9bf35ae9-4da0-4371-87fa-54ea3ce1f280@group-432E83AF5B55, cid=1739, SUCCESS, logIndex=2502, commits[9bf35ae9-4da0-4371-87fa-54ea3ce1f280:c2502, 0cc34542-3a00-466e-ae84-194b84d3af7b:c2498, d451d94d-57a0-4545-b387-d428f64e3f33:c2498]
2019-07-09 16:26:00,162 INFO  client.GrpcClientProtocolClient (GrpcClientProtocolClient.java:onNext(255)) - client-0F1B900A64BD->9bf35ae9-4da0-4371-87fa-54ea3ce1f280: receive RaftClientReply:client-0F1B900A64BD->9bf35ae9-4da0-4371-87fa-54ea3ce1f280@group-432E83AF5B55, cid=1740, SUCCESS, logIndex=0, commits[9bf35ae9-4da0-4371-87fa-54ea3ce1f280:c2506, 0cc34542-3a00-466e-ae84-194b84d3af7b:c2502, d451d94d-57a0-4545-b387-d428f64e3f33:c2500]
2019-07-09 16:26:00,185 INFO  client.GrpcClientProtocolClient (GrpcClientProtocolClient.java:onNext(255)) - client-0F1B900A64BD->9bf35ae9-4da0-4371-87fa-54ea3ce1f280: receive RaftClientReply:client-0F1B900A64BD->9bf35ae9-4da0-4371-87fa-54ea3ce1f280@group-432E83AF5B55, cid=1741, SUCCESS, logIndex=2507, commits[9bf35ae9-4da0-4371-87fa-54ea3ce1f280:c2508, 0cc34542-3a00-466e-ae84-194b84d3af7b:c2506, d451d94d-57a0-4545-b387-d428f64e3f33:c2506]
2019-07-09 16:26:00,185 INFO  client.GrpcClientProtocolClient (GrpcClientProtocolClient.java:onNext(255)) - client-0F1B900A64BD->9bf35ae9-4da0-4371-87fa-54ea3ce1f280: receive RaftClientReply:client-0F1B900A64BD->9bf35ae9-4da0-4371-87fa-54ea3ce1f280@group-432E83AF5B55, cid=1742, SUCCESS, logIndex=2508, commits[9bf35ae9-4da0-4371-87fa-54ea3ce1f280:c2508, 0cc34542-3a00-466e-ae84-194b84d3af7b:c2506, d451d94d-57a0-4545-b387-d428f64e3f33:c2506]
2019-07-09 16:26:00,211 INFO  client.GrpcClientProtocolClient (GrpcClientProtocolClient.java:onNext(255)) - client-0F1B900A64BD->9bf35ae9-4da0-4371-87fa-54ea3ce1f280: receive RaftClientReply:client-0F1B900A64BD->9bf35ae9-4da0-4371-87fa-54ea3ce1f280@group-432E83AF5B55, cid=1743, SUCCESS, logIndex=2511, commits[9bf35ae9-4da0-4371-87fa-54ea3ce1f280:c2511, 0cc34542-3a00-466e-ae84-194b84d3af7b:c2508, d451d94d-57a0-4545-b387-d428f64e3f33:c2507]
2019-07-09 16:26:00,212 INFO  client.GrpcClientProtocolClient (GrpcClientProtocolClient.java:onNext(255)) - client-0F1B900A64BD->9bf35ae9-4da0-4371-87fa-54ea3ce1f280: receive RaftClientReply:client-0F1B900A64BD->9bf35ae9-4da0-4371-87fa-54ea3ce1f280@group-432E83AF5B55, cid=1744, SUCCESS, logIndex=2512, commits[9bf35ae9-4da0-4371-87fa-54ea3ce1f280:c2512, 0cc34542-3a00-466e-ae84-194b84d3af7b:c2508, d451d94d-57a0-4545-b387-d428f64e3f33:c2508]
2019-07-09 16:26:00,226 INFO  client.GrpcClientProtocolClient (GrpcClientProtocolClient.java:onNext(255)) - client-0F1B900A64BD->9bf35ae9-4da0-4371-87fa-54ea3ce1f280: receive RaftClientReply:client-0F1B900A64BD->9bf35ae9-4da0-4371-87fa-54ea3ce1f280@group-432E83AF5B55, cid=1745, SUCCESS, logIndex=0, commits[9bf35ae9-4da0-4371-87fa-54ea3ce1f280:c2514, 0cc34542-3a00-466e-ae84-194b84d3af7b:c2512, d451d94d-57a0-4545-b387-d428f64e3f33:c2512]
2019-07-09 16:26:00,260 INFO  client.GrpcClientProtocolClient (GrpcClientProtocolClient.java:onNext(255)) - client-0F1B900A64BD->9bf35ae9-4da0-4371-87fa-54ea3ce1f280: receive RaftClientReply:client-0F1B900A64BD->9bf35ae9-4da0-4371-87fa-54ea3ce1f280@group-432E83AF5B55, cid=1746, SUCCESS, logIndex=2515, commits[9bf35ae9-4da0-4371-87fa-54ea3ce1f280:c2516, 0cc34542-3a00-466e-ae84-194b84d3af7b:c2514, d451d94d-57a0-4545-b387-d428f64e3f33:c2514]
2019-07-09 16:26:00,261 INFO  client.GrpcClientProtocolClient (GrpcClientProtocolClient.java:onNext(255)) - client-0F1B900A64BD->9bf35ae9-4da0-4371-87fa-54ea3ce1f280: receive RaftClientReply:client-0F1B900A64BD->9bf35ae9-4da0-4371-87fa-54ea3ce1f280@group-432E83AF5B55, cid=1747, SUCCESS, logIndex=2516, commits[9bf35ae9-4da0-4371-87fa-54ea3ce1f280:c2518, 0cc34542-3a00-466e-ae84-194b84d3af7b:c2514, d451d94d-57a0-4545-b387-d428f64e3f33:c2514]
2019-07-09 16:26:00,261 INFO  client.GrpcClientProtocolClient (GrpcClientProtocolClient.java:onNext(255)) - client-0F1B900A64BD->9bf35ae9-4da0-4371-87fa-54ea3ce1f280: receive RaftClientReply:client-0F1B900A64BD->9bf35ae9-4da0-4371-87fa-54ea3ce1f280@group-432E83AF5B55, cid=1748, SUCCESS, logIndex=2517, commits[9bf35ae9-4da0-4371-87fa-54ea3ce1f280:c2518, 0cc34542-3a00-466e-ae84-194b84d3af7b:c2514, d451d94d-57a0-4545-b387-d428f64e3f33:c2514]
2019-07-09 16:26:00,261 INFO  client.GrpcClientProtocolClient (GrpcClientProtocolClient.java:onNext(255)) - client-0F1B900A64BD->9bf35ae9-4da0-4371-87fa-54ea3ce1f280: receive RaftClientReply:client-0F1B900A64BD->9bf35ae9-4da0-4371-87fa-54ea3ce1f280@group-432E83AF5B55, cid=1749, SUCCESS, logIndex=2518, commits[9bf35ae9-4da0-4371-87fa-54ea3ce1f280:c2518, 0cc34542-3a00-466e-ae84-194b84d3af7b:c2514, d451d94d-57a0-4545-b387-d428f64e3f33:c2514]
2019-07-09 16:26:00,274 INFO  client.GrpcClientProtocolClient (GrpcClientProtocolClient.java:onNext(255)) - client-0F1B900A64BD->9bf35ae9-4da0-4371-87fa-54ea3ce1f280: receive RaftClientReply:client-0F1B900A64BD->9bf35ae9-4da0-4371-87fa-54ea3ce1f280@group-432E83AF5B55, cid=1750, SUCCESS, logIndex=0, commits[9bf35ae9-4da0-4371-87fa-54ea3ce1f280:c2520, 0cc34542-3a00-466e-ae84-194b84d3af7b:c2516, d451d94d-57a0-4545-b387-d428f64e3f33:c2516]
2019-07-09 16:26:00,296 INFO  client.GrpcClientProtocolClient (GrpcClientProtocolClient.java:onNext(255)) - client-0F1B900A64BD->9bf35ae9-4da0-4371-87fa-54ea3ce1f280: receive RaftClientReply:client-0F1B900A64BD->9bf35ae9-4da0-4371-87fa-54ea3ce1f280@group-432E83AF5B55, cid=1751, SUCCESS, logIndex=2523, commits[9bf35ae9-4da0-4371-87fa-54ea3ce1f280:c2524, 0cc34542-3a00-466e-ae84-194b84d3af7b:c2522, d451d94d-57a0-4545-b387-d428f64e3f33:c2522]
2019-07-09 16:26:00,296 INFO  client.GrpcClientProtocolClient (GrpcClientProtocolClient.java:onNext(255)) - client-0F1B900A64BD->9bf35ae9-4da0-4371-87fa-54ea3ce1f280: receive RaftClientReply:client-0F1B900A64BD->9bf35ae9-4da0-4371-87fa-54ea3ce1f280@group-432E83AF5B55, cid=1752, SUCCESS, logIndex=2524, commits[9bf35ae9-4da0-4371-87fa-54ea3ce1f280:c2524, 0cc34542-3a00-466e-ae84-194b84d3af7b:c2522, d451d94d-57a0-4545-b387-d428f64e3f33:c2522]
2019-07-09 16:26:00,309 INFO  client.GrpcClientProtocolClient (GrpcClientProtocolClient.java:onNext(255)) - client-0F1B900A64BD->9bf35ae9-4da0-4371-87fa-54ea3ce1f280: receive RaftClientReply:client-0F1B900A64BD->9bf35ae9-4da0-4371-87fa-54ea3ce1f280@group-432E83AF5B55, cid=1753, SUCCESS, logIndex=2527, commits[9bf35ae9-4da0-4371-87fa-54ea3ce1f280:c2528, 0cc34542-3a00-466e-ae84-194b84d3af7b:c2524, d451d94d-57a0-4545-b387-d428f64e3f33:c2524]
2019-07-09 16:26:00,309 INFO  client.GrpcClientProtocolClient (GrpcClientProtocolClient.java:onNext(255)) - client-0F1B900A64BD->9bf35ae9-4da0-4371-87fa-54ea3ce1f280: receive RaftClientReply:client-0F1B900A64BD->9bf35ae9-4da0-4371-87fa-54ea3ce1f280@group-432E83AF5B55, cid=1754, SUCCESS, logIndex=2528, commits[9bf35ae9-4da0-4371-87fa-54ea3ce1f280:c2528, 0cc34542-3a00-466e-ae84-194b84d3af7b:c2524, d451d94d-57a0-4545-b387-d428f64e3f33:c2524]
2019-07-09 16:26:00,323 INFO  client.GrpcClientProtocolClient (GrpcClientProtocolClient.java:onNext(255)) - client-0F1B900A64BD->9bf35ae9-4da0-4371-87fa-54ea3ce1f280: receive RaftClientReply:client-0F1B900A64BD->9bf35ae9-4da0-4371-87fa-54ea3ce1f280@group-432E83AF5B55, cid=1755, SUCCESS, logIndex=0, commits[9bf35ae9-4da0-4371-87fa-54ea3ce1f280:c2530, 0cc34542-3a00-466e-ae84-194b84d3af7b:c2528, d451d94d-57a0-4545-b387-d428f64e3f33:c2528]
2019-07-09 16:26:00,352 INFO  client.GrpcClientProtocolClient (GrpcClientProtocolClient.java:onNext(255)) - client-0F1B900A64BD->9bf35ae9-4da0-4371-87fa-54ea3ce1f280: receive RaftClientReply:client-0F1B900A64BD->9bf35ae9-4da0-4371-87fa-54ea3ce1f280@group-432E83AF5B55, cid=1756, SUCCESS, logIndex=2531, commits[9bf35ae9-4da0-4371-87fa-54ea3ce1f280:c2532, 0cc34542-3a00-466e-ae84-194b84d3af7b:c2530, d451d94d-57a0-4545-b387-d428f64e3f33:c2530]
2019-07-09 16:26:00,353 INFO  client.GrpcClientProtocolClient (GrpcClientProtocolClient.java:onNext(255)) - client-0F1B900A64BD->9bf35ae9-4da0-4371-87fa-54ea3ce1f280: receive RaftClientReply:client-0F1B900A64BD->9bf35ae9-4da0-4371-87fa-54ea3ce1f280@group-432E83AF5B55, cid=1757, SUCCESS, logIndex=2532, commits[9bf35ae9-4da0-4371-87fa-54ea3ce1f280:c2532, 0cc34542-3a00-466e-ae84-194b84d3af7b:c2530, d451d94d-57a0-4545-b387-d428f64e3f33:c2530]
2019-07-09 16:26:00,353 INFO  client.GrpcClientProtocolClient (GrpcClientProtocolClient.java:onNext(255)) - client-0F1B900A64BD->9bf35ae9-4da0-4371-87fa-54ea3ce1f280: receive RaftClientReply:client-0F1B900A64BD->9bf35ae9-4da0-4371-87fa-54ea3ce1f280@group-432E83AF5B55, cid=1758, SUCCESS, logIndex=2533, commits[9bf35ae9-4da0-4371-87fa-54ea3ce1f280:c2534, 0cc34542-3a00-466e-ae84-194b84d3af7b:c2530, d451d94d-57a0-4545-b387-d428f64e3f33:c2530]
2019-07-09 16:26:00,353 INFO  client.GrpcClientProtocolClient (GrpcClientProtocolClient.java:onNext(255)) - client-0F1B900A64BD->9bf35ae9-4da0-4371-87fa-54ea3ce1f280: receive RaftClientReply:client-0F1B900A64BD->9bf35ae9-4da0-4371-87fa-54ea3ce1f280@group-432E83AF5B55, cid=1759, SUCCESS, logIndex=2534, commits[9bf35ae9-4da0-4371-87fa-54ea3ce1f280:c2534, 0cc34542-3a00-466e-ae84-194b84d3af7b:c2530, d451d94d-57a0-4545-b387-d428f64e3f33:c2530]
2019-07-09 16:26:00,367 INFO  client.GrpcClientProtocolClient (GrpcClientProtocolClient.java:onNext(255)) - client-0F1B900A64BD->9bf35ae9-4da0-4371-87fa-54ea3ce1f280: receive RaftClientReply:client-0F1B900A64BD->9bf35ae9-4da0-4371-87fa-54ea3ce1f280@group-432E83AF5B55, cid=1760, SUCCESS, logIndex=0, commits[9bf35ae9-4da0-4371-87fa-54ea3ce1f280:c2536, 0cc34542-3a00-466e-ae84-194b84d3af7b:c2532, d451d94d-57a0-4545-b387-d428f64e3f33:c2532]
2019-07-09 16:26:00,386 INFO  client.GrpcClientProtocolClient (GrpcClientProtocolClient.java:onNext(255)) - client-0F1B900A64BD->9bf35ae9-4da0-4371-87fa-54ea3ce1f280: receive RaftClientReply:client-0F1B900A64BD->9bf35ae9-4da0-4371-87fa-54ea3ce1f280@group-432E83AF5B55, cid=1761, SUCCESS, logIndex=2539, commits[9bf35ae9-4da0-4371-87fa-54ea3ce1f280:c2540, 0cc34542-3a00-466e-ae84-194b84d3af7b:c2538, d451d94d-57a0-4545-b387-d428f64e3f33:c2538]
2019-07-09 16:26:00,387 INFO  client.GrpcClientProtocolClient (GrpcClientProtocolClient.java:onNext(255)) - client-0F1B900A64BD->9bf35ae9-4da0-4371-87fa-54ea3ce1f280: receive RaftClientReply:client-0F1B900A64BD->9bf35ae9-4da0-4371-87fa-54ea3ce1f280@group-432E83AF5B55, cid=1762, SUCCESS, logIndex=2540, commits[9bf35ae9-4da0-4371-87fa-54ea3ce1f280:c2540, 0cc34542-3a00-466e-ae84-194b84d3af7b:c2538, d451d94d-57a0-4545-b387-d428f64e3f33:c2538]
2019-07-09 16:26:00,402 INFO  client.GrpcClientProtocolClient (GrpcClientProtocolClient.java:onNext(255)) - client-0F1B900A64BD->9bf35ae9-4da0-4371-87fa-54ea3ce1f280: receive RaftClientReply:client-0F1B900A64BD->9bf35ae9-4da0-4371-87fa-54ea3ce1f280@group-432E83AF5B55, cid=1763, SUCCESS, logIndex=2543, commits[9bf35ae9-4da0-4371-87fa-54ea3ce1f280:c2544, 0cc34542-3a00-466e-ae84-194b84d3af7b:c2540, d451d94d-57a0-4545-b387-d428f64e3f33:c2540]
2019-07-09 16:26:00,402 INFO  client.GrpcClientProtocolClient (GrpcClientProtocolClient.java:onNext(255)) - client-0F1B900A64BD->9bf35ae9-4da0-4371-87fa-54ea3ce1f280: receive RaftClientReply:client-0F1B900A64BD->9bf35ae9-4da0-4371-87fa-54ea3ce1f280@group-432E83AF5B55, cid=1764, SUCCESS, logIndex=2544, commits[9bf35ae9-4da0-4371-87fa-54ea3ce1f280:c2544, 0cc34542-3a00-466e-ae84-194b84d3af7b:c2540, d451d94d-57a0-4545-b387-d428f64e3f33:c2540]
2019-07-09 16:26:00,429 INFO  client.GrpcClientProtocolClient (GrpcClientProtocolClient.java:onNext(255)) - client-0F1B900A64BD->9bf35ae9-4da0-4371-87fa-54ea3ce1f280: receive RaftClientReply:client-0F1B900A64BD->9bf35ae9-4da0-4371-87fa-54ea3ce1f280@group-432E83AF5B55, cid=1765, SUCCESS, logIndex=0, commits[9bf35ae9-4da0-4371-87fa-54ea3ce1f280:c2546, 0cc34542-3a00-466e-ae84-194b84d3af7b:c2544, d451d94d-57a0-4545-b387-d428f64e3f33:c2544]
2019-07-09 16:26:00,469 INFO  client.GrpcClientProtocolClient (GrpcClientProtocolClient.java:onNext(255)) - client-0F1B900A64BD->9bf35ae9-4da0-4371-87fa-54ea3ce1f280: receive RaftClientReply:client-0F1B900A64BD->9bf35ae9-4da0-4371-87fa-54ea3ce1f280@group-432E83AF5B55, cid=1766, SUCCESS, logIndex=2547, commits[9bf35ae9-4da0-4371-87fa-54ea3ce1f280:c2549, 0cc34542-3a00-466e-ae84-194b84d3af7b:c2546, d451d94d-57a0-4545-b387-d428f64e3f33:c2546]
2019-07-09 16:26:00,470 INFO  client.GrpcClientProtocolClient (GrpcClientProtocolClient.java:onNext(255)) - client-0F1B900A64BD->9bf35ae9-4da0-4371-87fa-54ea3ce1f280: receive RaftClientReply:client-0F1B900A64BD->9bf35ae9-4da0-4371-87fa-54ea3ce1f280@group-432E83AF5B55, cid=1767, SUCCESS, logIndex=2548, commits[9bf35ae9-4da0-4371-87fa-54ea3ce1f280:c2550, 0cc34542-3a00-466e-ae84-194b84d3af7b:c2546, d451d94d-57a0-4545-b387-d428f64e3f33:c2546]
2019-07-09 16:26:00,471 INFO  client.GrpcClientProtocolClient (GrpcClientProtocolClient.java:onNext(255)) - client-0F1B900A64BD->9bf35ae9-4da0-4371-87fa-54ea3ce1f280: receive RaftClientReply:client-0F1B900A64BD->9bf35ae9-4da0-4371-87fa-54ea3ce1f280@group-432E83AF5B55, cid=1768, SUCCESS, logIndex=2549, commits[9bf35ae9-4da0-4371-87fa-54ea3ce1f280:c2550, 0cc34542-3a00-466e-ae84-194b84d3af7b:c2546, d451d94d-57a0-4545-b387-d428f64e3f33:c2546]
2019-07-09 16:26:00,471 INFO  client.GrpcClientProtocolClient (GrpcClientProtocolClient.java:onNext(255)) - client-0F1B900A64BD->9bf35ae9-4da0-4371-87fa-54ea3ce1f280: receive RaftClientReply:client-0F1B900A64BD->9bf35ae9-4da0-4371-87fa-54ea3ce1f280@group-432E83AF5B55, cid=1769, SUCCESS, logIndex=2550, commits[9bf35ae9-4da0-4371-87fa-54ea3ce1f280:c2550, 0cc34542-3a00-466e-ae84-194b84d3af7b:c2546, d451d94d-57a0-4545-b387-d428f64e3f33:c2546]
2019-07-09 16:26:00,474 INFO  client.GrpcClientProtocolClient (GrpcClientProtocolClient.java:onNext(255)) - client-0F1B900A64BD->9bf35ae9-4da0-4371-87fa-54ea3ce1f280: receive RaftClientReply:client-0F1B900A64BD->9bf35ae9-4da0-4371-87fa-54ea3ce1f280@group-432E83AF5B55, cid=1770, SUCCESS, logIndex=0, commits[9bf35ae9-4da0-4371-87fa-54ea3ce1f280:c2553, 0cc34542-3a00-466e-ae84-194b84d3af7b:c2549, d451d94d-57a0-4545-b387-d428f64e3f33:c2549]
2019-07-09 16:26:00,495 INFO  client.GrpcClientProtocolClient (GrpcClientProtocolClient.java:onNext(255)) - client-0F1B900A64BD->9bf35ae9-4da0-4371-87fa-54ea3ce1f280: receive RaftClientReply:client-0F1B900A64BD->9bf35ae9-4da0-4371-87fa-54ea3ce1f280@group-432E83AF5B55, cid=1771, SUCCESS, logIndex=2555, commits[9bf35ae9-4da0-4371-87fa-54ea3ce1f280:c2556, 0cc34542-3a00-466e-ae84-194b84d3af7b:c2554, d451d94d-57a0-4545-b387-d428f64e3f33:c2554]
2019-07-09 16:26:00,495 INFO  client.GrpcClientProtocolClient (GrpcClientProtocolClient.java:onNext(255)) - client-0F1B900A64BD->9bf35ae9-4da0-4371-87fa-54ea3ce1f280: receive RaftClientReply:client-0F1B900A64BD->9bf35ae9-4da0-4371-87fa-54ea3ce1f280@group-432E83AF5B55, cid=1772, SUCCESS, logIndex=2556, commits[9bf35ae9-4da0-4371-87fa-54ea3ce1f280:c2556, 0cc34542-3a00-466e-ae84-194b84d3af7b:c2554, d451d94d-57a0-4545-b387-d428f64e3f33:c2554]
2019-07-09 16:26:00,508 INFO  client.GrpcClientProtocolClient (GrpcClientProtocolClient.java:onNext(255)) - client-0F1B900A64BD->9bf35ae9-4da0-4371-87fa-54ea3ce1f280: receive RaftClientReply:client-0F1B900A64BD->9bf35ae9-4da0-4371-87fa-54ea3ce1f280@group-432E83AF5B55, cid=1773, SUCCESS, logIndex=2559, commits[9bf35ae9-4da0-4371-87fa-54ea3ce1f280:c2560, 0cc34542-3a00-466e-ae84-194b84d3af7b:c2556, d451d94d-57a0-4545-b387-d428f64e3f33:c2556]
2019-07-09 16:26:00,508 INFO  client.GrpcClientProtocolClient (GrpcClientProtocolClient.java:onNext(255)) - client-0F1B900A64BD->9bf35ae9-4da0-4371-87fa-54ea3ce1f280: receive RaftClientReply:client-0F1B900A64BD->9bf35ae9-4da0-4371-87fa-54ea3ce1f280@group-432E83AF5B55, cid=1774, SUCCESS, logIndex=2560, commits[9bf35ae9-4da0-4371-87fa-54ea3ce1f280:c2560, 0cc34542-3a00-466e-ae84-194b84d3af7b:c2556, d451d94d-57a0-4545-b387-d428f64e3f33:c2556]
2019-07-09 16:26:00,521 INFO  client.GrpcClientProtocolClient (GrpcClientProtocolClient.java:onNext(255)) - client-0F1B900A64BD->9bf35ae9-4da0-4371-87fa-54ea3ce1f280: receive RaftClientReply:client-0F1B900A64BD->9bf35ae9-4da0-4371-87fa-54ea3ce1f280@group-432E83AF5B55, cid=1775, SUCCESS, logIndex=0, commits[9bf35ae9-4da0-4371-87fa-54ea3ce1f280:c2562, 0cc34542-3a00-466e-ae84-194b84d3af7b:c2560, d451d94d-57a0-4545-b387-d428f64e3f33:c2560]
2019-07-09 16:26:00,546 INFO  client.GrpcClientProtocolClient (GrpcClientProtocolClient.java:onNext(255)) - client-0F1B900A64BD->9bf35ae9-4da0-4371-87fa-54ea3ce1f280: receive RaftClientReply:client-0F1B900A64BD->9bf35ae9-4da0-4371-87fa-54ea3ce1f280@group-432E83AF5B55, cid=1776, SUCCESS, logIndex=2563, commits[9bf35ae9-4da0-4371-87fa-54ea3ce1f280:c2563, 0cc34542-3a00-466e-ae84-194b84d3af7b:c2562, d451d94d-57a0-4545-b387-d428f64e3f33:c2562]
2019-07-09 16:26:00,547 INFO  client.GrpcClientProtocolClient (GrpcClientProtocolClient.java:onNext(255)) - client-0F1B900A64BD->9bf35ae9-4da0-4371-87fa-54ea3ce1f280: receive RaftClientReply:client-0F1B900A64BD->9bf35ae9-4da0-4371-87fa-54ea3ce1f280@group-432E83AF5B55, cid=1777, SUCCESS, logIndex=2564, commits[9bf35ae9-4da0-4371-87fa-54ea3ce1f280:c2565, 0cc34542-3a00-466e-ae84-194b84d3af7b:c2562, d451d94d-57a0-4545-b387-d428f64e3f33:c2562]
2019-07-09 16:26:00,547 INFO  client.GrpcClientProtocolClient (GrpcClientProtocolClient.java:onNext(255)) - client-0F1B900A64BD->9bf35ae9-4da0-4371-87fa-54ea3ce1f280: receive RaftClientReply:client-0F1B900A64BD->9bf35ae9-4da0-4371-87fa-54ea3ce1f280@group-432E83AF5B55, cid=1778, SUCCESS, logIndex=2565, commits[9bf35ae9-4da0-4371-87fa-54ea3ce1f280:c2566, 0cc34542-3a00-466e-ae84-194b84d3af7b:c2562, d451d94d-57a0-4545-b387-d428f64e3f33:c2562]
2019-07-09 16:26:00,548 INFO  client.GrpcClientProtocolClient (GrpcClientProtocolClient.java:onNext(255)) - client-0F1B900A64BD->9bf35ae9-4da0-4371-87fa-54ea3ce1f280: receive RaftClientReply:client-0F1B900A64BD->9bf35ae9-4da0-4371-87fa-54ea3ce1f280@group-432E83AF5B55, cid=1779, SUCCESS, logIndex=2566, commits[9bf35ae9-4da0-4371-87fa-54ea3ce1f280:c2566, 0cc34542-3a00-466e-ae84-194b84d3af7b:c2562, d451d94d-57a0-4545-b387-d428f64e3f33:c2562]
2019-07-09 16:26:00,550 INFO  client.GrpcClientProtocolClient (GrpcClientProtocolClient.java:onNext(255)) - client-0F1B900A64BD->9bf35ae9-4da0-4371-87fa-54ea3ce1f280: receive RaftClientReply:client-0F1B900A64BD->9bf35ae9-4da0-4371-87fa-54ea3ce1f280@group-432E83AF5B55, cid=1780, SUCCESS, logIndex=0, commits[9bf35ae9-4da0-4371-87fa-54ea3ce1f280:c2568, 0cc34542-3a00-466e-ae84-194b84d3af7b:c2565, d451d94d-57a0-4545-b387-d428f64e3f33:c2565]
 0.00% |█                                                                                                    |  0/1 Time: 0:00:122019-07-09 16:26:00,570 INFO  client.GrpcClientProtocolClient (GrpcClientProtocolClient.java:onNext(255)) - client-0F1B900A64BD->9bf35ae9-4da0-4371-87fa-54ea3ce1f280: receive RaftClientReply:client-0F1B900A64BD->9bf35ae9-4da0-4371-87fa-54ea3ce1f280@group-432E83AF5B55, cid=1781, SUCCESS, logIndex=2570, commits[9bf35ae9-4da0-4371-87fa-54ea3ce1f280:c2571, 0cc34542-3a00-466e-ae84-194b84d3af7b:c2569, d451d94d-57a0-4545-b387-d428f64e3f33:c2569]
2019-07-09 16:26:00,571 INFO  client.GrpcClientProtocolClient (GrpcClientProtocolClient.java:onNext(255)) - client-0F1B900A64BD->9bf35ae9-4da0-4371-87fa-54ea3ce1f280: receive RaftClientReply:client-0F1B900A64BD->9bf35ae9-4da0-4371-87fa-54ea3ce1f280@group-432E83AF5B55, cid=1782, SUCCESS, logIndex=2571, commits[9bf35ae9-4da0-4371-87fa-54ea3ce1f280:c2571, 0cc34542-3a00-466e-ae84-194b84d3af7b:c2569, d451d94d-57a0-4545-b387-d428f64e3f33:c2569]
2019-07-09 16:26:00,585 INFO  client.GrpcClientProtocolClient (GrpcClientProtocolClient.java:onNext(255)) - client-0F1B900A64BD->9bf35ae9-4da0-4371-87fa-54ea3ce1f280: receive RaftClientReply:client-0F1B900A64BD->9bf35ae9-4da0-4371-87fa-54ea3ce1f280@group-432E83AF5B55, cid=1783, SUCCESS, logIndex=2574, commits[9bf35ae9-4da0-4371-87fa-54ea3ce1f280:c2575, 0cc34542-3a00-466e-ae84-194b84d3af7b:c2571, d451d94d-57a0-4545-b387-d428f64e3f33:c2571]
2019-07-09 16:26:00,586 INFO  client.GrpcClientProtocolClient (GrpcClientProtocolClient.java:onNext(255)) - client-0F1B900A64BD->9bf35ae9-4da0-4371-87fa-54ea3ce1f280: receive RaftClientReply:client-0F1B900A64BD->9bf35ae9-4da0-4371-87fa-54ea3ce1f280@group-432E83AF5B55, cid=1784, SUCCESS, logIndex=2575, commits[9bf35ae9-4da0-4371-87fa-54ea3ce1f280:c2575, 0cc34542-3a00-466e-ae84-194b84d3af7b:c2571, d451d94d-57a0-4545-b387-d428f64e3f33:c2571]
2019-07-09 16:26:00,597 INFO  client.GrpcClientProtocolClient (GrpcClientProtocolClient.java:onNext(255)) - client-0F1B900A64BD->9bf35ae9-4da0-4371-87fa-54ea3ce1f280: receive RaftClientReply:client-0F1B900A64BD->9bf35ae9-4da0-4371-87fa-54ea3ce1f280@group-432E83AF5B55, cid=1785, SUCCESS, logIndex=0, commits[9bf35ae9-4da0-4371-87fa-54ea3ce1f280:c2576, 0cc34542-3a00-466e-ae84-194b84d3af7b:c2575, d451d94d-57a0-4545-b387-d428f64e3f33:c2575]
2019-07-09 16:26:00,625 INFO  client.GrpcClientProtocolClient (GrpcClientProtocolClient.java:onNext(255)) - client-0F1B900A64BD->9bf35ae9-4da0-4371-87fa-54ea3ce1f280: receive RaftClientReply:client-0F1B900A64BD->9bf35ae9-4da0-4371-87fa-54ea3ce1f280@group-432E83AF5B55, cid=1786, SUCCESS, logIndex=2578, commits[9bf35ae9-4da0-4371-87fa-54ea3ce1f280:c2579, 0cc34542-3a00-466e-ae84-194b84d3af7b:c2577, d451d94d-57a0-4545-b387-d428f64e3f33:c2577]
2019-07-09 16:26:00,625 INFO  client.GrpcClientProtocolClient (GrpcClientProtocolClient.java:onNext(255)) - client-0F1B900A64BD->9bf35ae9-4da0-4371-87fa-54ea3ce1f280: receive RaftClientReply:client-0F1B900A64BD->9bf35ae9-4da0-4371-87fa-54ea3ce1f280@group-432E83AF5B55, cid=1787, SUCCESS, logIndex=2579, commits[9bf35ae9-4da0-4371-87fa-54ea3ce1f280:c2579, 0cc34542-3a00-466e-ae84-194b84d3af7b:c2577, d451d94d-57a0-4545-b387-d428f64e3f33:c2577]
2019-07-09 16:26:00,626 INFO  client.GrpcClientProtocolClient (GrpcClientProtocolClient.java:onNext(255)) - client-0F1B900A64BD->9bf35ae9-4da0-4371-87fa-54ea3ce1f280: receive RaftClientReply:client-0F1B900A64BD->9bf35ae9-4da0-4371-87fa-54ea3ce1f280@group-432E83AF5B55, cid=1788, SUCCESS, logIndex=2580, commits[9bf35ae9-4da0-4371-87fa-54ea3ce1f280:c2581, 0cc34542-3a00-466e-ae84-194b84d3af7b:c2577, d451d94d-57a0-4545-b387-d428f64e3f33:c2577]
2019-07-09 16:26:00,626 INFO  client.GrpcClientProtocolClient (GrpcClientProtocolClient.java:onNext(255)) - client-0F1B900A64BD->9bf35ae9-4da0-4371-87fa-54ea3ce1f280: receive RaftClientReply:client-0F1B900A64BD->9bf35ae9-4da0-4371-87fa-54ea3ce1f280@group-432E83AF5B55, cid=1789, SUCCESS, logIndex=2581, commits[9bf35ae9-4da0-4371-87fa-54ea3ce1f280:c2581, 0cc34542-3a00-466e-ae84-194b84d3af7b:c2577, d451d94d-57a0-4545-b387-d428f64e3f33:c2577]
2019-07-09 16:26:00,627 INFO  client.GrpcClientProtocolClient (GrpcClientProtocolClient.java:onNext(255)) - client-0F1B900A64BD->9bf35ae9-4da0-4371-87fa-54ea3ce1f280: receive RaftClientReply:client-0F1B900A64BD->9bf35ae9-4da0-4371-87fa-54ea3ce1f280@group-432E83AF5B55, cid=1790, SUCCESS, logIndex=0, commits[9bf35ae9-4da0-4371-87fa-54ea3ce1f280:c2583, 0cc34542-3a00-466e-ae84-194b84d3af7b:c2579, d451d94d-57a0-4545-b387-d428f64e3f33:c2579]
2019-07-09 16:26:00,648 INFO  client.GrpcClientProtocolClient (GrpcClientProtocolClient.java:onNext(255)) - client-0F1B900A64BD->9bf35ae9-4da0-4371-87fa-54ea3ce1f280: receive RaftClientReply:client-0F1B900A64BD->9bf35ae9-4da0-4371-87fa-54ea3ce1f280@group-432E83AF5B55, cid=1791, SUCCESS, logIndex=2586, commits[9bf35ae9-4da0-4371-87fa-54ea3ce1f280:c2587, 0cc34542-3a00-466e-ae84-194b84d3af7b:c2585, d451d94d-57a0-4545-b387-d428f64e3f33:c2585]
2019-07-09 16:26:00,648 INFO  client.GrpcClientProtocolClient (GrpcClientProtocolClient.java:onNext(255)) - client-0F1B900A64BD->9bf35ae9-4da0-4371-87fa-54ea3ce1f280: receive RaftClientReply:client-0F1B900A64BD->9bf35ae9-4da0-4371-87fa-54ea3ce1f280@group-432E83AF5B55, cid=1792, SUCCESS, logIndex=2587, commits[9bf35ae9-4da0-4371-87fa-54ea3ce1f280:c2587, 0cc34542-3a00-466e-ae84-194b84d3af7b:c2585, d451d94d-57a0-4545-b387-d428f64e3f33:c2585]
2019-07-09 16:26:00,680 INFO  client.GrpcClientProtocolClient (GrpcClientProtocolClient.java:onNext(255)) - client-0F1B900A64BD->9bf35ae9-4da0-4371-87fa-54ea3ce1f280: receive RaftClientReply:client-0F1B900A64BD->9bf35ae9-4da0-4371-87fa-54ea3ce1f280@group-432E83AF5B55, cid=1793, SUCCESS, logIndex=2590, commits[9bf35ae9-4da0-4371-87fa-54ea3ce1f280:c2591, 0cc34542-3a00-466e-ae84-194b84d3af7b:c2589, d451d94d-57a0-4545-b387-d428f64e3f33:c2589]
2019-07-09 16:26:00,680 INFO  client.GrpcClientProtocolClient (GrpcClientProtocolClient.java:onNext(255)) - client-0F1B900A64BD->9bf35ae9-4da0-4371-87fa-54ea3ce1f280: receive RaftClientReply:client-0F1B900A64BD->9bf35ae9-4da0-4371-87fa-54ea3ce1f280@group-432E83AF5B55, cid=1794, SUCCESS, logIndex=2591, commits[9bf35ae9-4da0-4371-87fa-54ea3ce1f280:c2591, 0cc34542-3a00-466e-ae84-194b84d3af7b:c2589, d451d94d-57a0-4545-b387-d428f64e3f33:c2589]
2019-07-09 16:26:00,686 INFO  client.GrpcClientProtocolClient (GrpcClientProtocolClient.java:onNext(255)) - client-0F1B900A64BD->9bf35ae9-4da0-4371-87fa-54ea3ce1f280: receive RaftClientReply:client-0F1B900A64BD->9bf35ae9-4da0-4371-87fa-54ea3ce1f280@group-432E83AF5B55, cid=1795, SUCCESS, logIndex=0, commits[9bf35ae9-4da0-4371-87fa-54ea3ce1f280:c2592, 0cc34542-3a00-466e-ae84-194b84d3af7b:c2591, d451d94d-57a0-4545-b387-d428f64e3f33:c2591]
2019-07-09 16:26:00,715 INFO  client.GrpcClientProtocolClient (GrpcClientProtocolClient.java:onNext(255)) - client-0F1B900A64BD->9bf35ae9-4da0-4371-87fa-54ea3ce1f280: receive RaftClientReply:client-0F1B900A64BD->9bf35ae9-4da0-4371-87fa-54ea3ce1f280@group-432E83AF5B55, cid=1796, SUCCESS, logIndex=2594, commits[9bf35ae9-4da0-4371-87fa-54ea3ce1f280:c2597, 0cc34542-3a00-466e-ae84-194b84d3af7b:c2593, d451d94d-57a0-4545-b387-d428f64e3f33:c2593]
2019-07-09 16:26:00,716 INFO  client.GrpcClientProtocolClient (GrpcClientProtocolClient.java:onNext(255)) - client-0F1B900A64BD->9bf35ae9-4da0-4371-87fa-54ea3ce1f280: receive RaftClientReply:client-0F1B900A64BD->9bf35ae9-4da0-4371-87fa-54ea3ce1f280@group-432E83AF5B55, cid=1797, SUCCESS, logIndex=2595, commits[9bf35ae9-4da0-4371-87fa-54ea3ce1f280:c2597, 0cc34542-3a00-466e-ae84-194b84d3af7b:c2593, d451d94d-57a0-4545-b387-d428f64e3f33:c2593]
2019-07-09 16:26:00,716 INFO  client.GrpcClientProtocolClient (GrpcClientProtocolClient.java:onNext(255)) - client-0F1B900A64BD->9bf35ae9-4da0-4371-87fa-54ea3ce1f280: receive RaftClientReply:client-0F1B900A64BD->9bf35ae9-4da0-4371-87fa-54ea3ce1f280@group-432E83AF5B55, cid=1798, SUCCESS, logIndex=2596, commits[9bf35ae9-4da0-4371-87fa-54ea3ce1f280:c2597, 0cc34542-3a00-466e-ae84-194b84d3af7b:c2593, d451d94d-57a0-4545-b387-d428f64e3f33:c2593]
2019-07-09 16:26:00,716 INFO  client.GrpcClientProtocolClient (GrpcClientProtocolClient.java:onNext(255)) - client-0F1B900A64BD->9bf35ae9-4da0-4371-87fa-54ea3ce1f280: receive RaftClientReply:client-0F1B900A64BD->9bf35ae9-4da0-4371-87fa-54ea3ce1f280@group-432E83AF5B55, cid=1799, SUCCESS, logIndex=2597, commits[9bf35ae9-4da0-4371-87fa-54ea3ce1f280:c2597, 0cc34542-3a00-466e-ae84-194b84d3af7b:c2594, d451d94d-57a0-4545-b387-d428f64e3f33:c2593]
2019-07-09 16:26:00,718 INFO  client.GrpcClientProtocolClient (GrpcClientProtocolClient.java:onNext(255)) - client-0F1B900A64BD->9bf35ae9-4da0-4371-87fa-54ea3ce1f280: receive RaftClientReply:client-0F1B900A64BD->9bf35ae9-4da0-4371-87fa-54ea3ce1f280@group-432E83AF5B55, cid=1800, SUCCESS, logIndex=0, commits[9bf35ae9-4da0-4371-87fa-54ea3ce1f280:c2601, 0cc34542-3a00-466e-ae84-194b84d3af7b:c2597, d451d94d-57a0-4545-b387-d428f64e3f33:c2595]
2019-07-09 16:26:00,737 INFO  client.GrpcClientProtocolClient (GrpcClientProtocolClient.java:onNext(255)) - client-0F1B900A64BD->9bf35ae9-4da0-4371-87fa-54ea3ce1f280: receive RaftClientReply:client-0F1B900A64BD->9bf35ae9-4da0-4371-87fa-54ea3ce1f280@group-432E83AF5B55, cid=1801, SUCCESS, logIndex=2602, commits[9bf35ae9-4da0-4371-87fa-54ea3ce1f280:c2603, 0cc34542-3a00-466e-ae84-194b84d3af7b:c2601, d451d94d-57a0-4545-b387-d428f64e3f33:c2601]
2019-07-09 16:26:00,738 INFO  client.GrpcClientProtocolClient (GrpcClientProtocolClient.java:onNext(255)) - client-0F1B900A64BD->9bf35ae9-4da0-4371-87fa-54ea3ce1f280: receive RaftClientReply:client-0F1B900A64BD->9bf35ae9-4da0-4371-87fa-54ea3ce1f280@group-432E83AF5B55, cid=1802, SUCCESS, logIndex=2603, commits[9bf35ae9-4da0-4371-87fa-54ea3ce1f280:c2603, 0cc34542-3a00-466e-ae84-194b84d3af7b:c2601, d451d94d-57a0-4545-b387-d428f64e3f33:c2601]
2019-07-09 16:26:00,751 INFO  client.GrpcClientProtocolClient (GrpcClientProtocolClient.java:onNext(255)) - client-0F1B900A64BD->9bf35ae9-4da0-4371-87fa-54ea3ce1f280: receive RaftClientReply:client-0F1B900A64BD->9bf35ae9-4da0-4371-87fa-54ea3ce1f280@group-432E83AF5B55, cid=1803, SUCCESS, logIndex=2606, commits[9bf35ae9-4da0-4371-87fa-54ea3ce1f280:c2607, 0cc34542-3a00-466e-ae84-194b84d3af7b:c2603, d451d94d-57a0-4545-b387-d428f64e3f33:c2603]
2019-07-09 16:26:00,751 INFO  client.GrpcClientProtocolClient (GrpcClientProtocolClient.java:onNext(255)) - client-0F1B900A64BD->9bf35ae9-4da0-4371-87fa-54ea3ce1f280: receive RaftClientReply:client-0F1B900A64BD->9bf35ae9-4da0-4371-87fa-54ea3ce1f280@group-432E83AF5B55, cid=1804, SUCCESS, logIndex=2607, commits[9bf35ae9-4da0-4371-87fa-54ea3ce1f280:c2607, 0cc34542-3a00-466e-ae84-194b84d3af7b:c2603, d451d94d-57a0-4545-b387-d428f64e3f33:c2603]
2019-07-09 16:26:00,764 INFO  client.GrpcClientProtocolClient (GrpcClientProtocolClient.java:onNext(255)) - client-0F1B900A64BD->9bf35ae9-4da0-4371-87fa-54ea3ce1f280: receive RaftClientReply:client-0F1B900A64BD->9bf35ae9-4da0-4371-87fa-54ea3ce1f280@group-432E83AF5B55, cid=1805, SUCCESS, logIndex=0, commits[9bf35ae9-4da0-4371-87fa-54ea3ce1f280:c2608, 0cc34542-3a00-466e-ae84-194b84d3af7b:c2607, d451d94d-57a0-4545-b387-d428f64e3f33:c2607]
2019-07-09 16:26:00,890 INFO  client.GrpcClientProtocolClient (GrpcClientProtocolClient.java:onNext(255)) - client-0F1B900A64BD->9bf35ae9-4da0-4371-87fa-54ea3ce1f280: receive RaftClientReply:client-0F1B900A64BD->9bf35ae9-4da0-4371-87fa-54ea3ce1f280@group-432E83AF5B55, cid=1806, SUCCESS, logIndex=2610, commits[9bf35ae9-4da0-4371-87fa-54ea3ce1f280:c2611, 0cc34542-3a00-466e-ae84-194b84d3af7b:c2609, d451d94d-57a0-4545-b387-d428f64e3f33:c2609]
2019-07-09 16:26:00,891 INFO  client.GrpcClientProtocolClient (GrpcClientProtocolClient.java:onNext(255)) - client-0F1B900A64BD->9bf35ae9-4da0-4371-87fa-54ea3ce1f280: receive RaftClientReply:client-0F1B900A64BD->9bf35ae9-4da0-4371-87fa-54ea3ce1f280@group-432E83AF5B55, cid=1807, SUCCESS, logIndex=2611, commits[9bf35ae9-4da0-4371-87fa-54ea3ce1f280:c2613, 0cc34542-3a00-466e-ae84-194b84d3af7b:c2609, d451d94d-57a0-4545-b387-d428f64e3f33:c2609]
2019-07-09 16:26:00,891 INFO  client.GrpcClientProtocolClient (GrpcClientProtocolClient.java:onNext(255)) - client-0F1B900A64BD->9bf35ae9-4da0-4371-87fa-54ea3ce1f280: receive RaftClientReply:client-0F1B900A64BD->9bf35ae9-4da0-4371-87fa-54ea3ce1f280@group-432E83AF5B55, cid=1808, SUCCESS, logIndex=2612, commits[9bf35ae9-4da0-4371-87fa-54ea3ce1f280:c2613, 0cc34542-3a00-466e-ae84-194b84d3af7b:c2609, d451d94d-57a0-4545-b387-d428f64e3f33:c2609]
2019-07-09 16:26:00,892 INFO  client.GrpcClientProtocolClient (GrpcClientProtocolClient.java:onNext(255)) - client-0F1B900A64BD->9bf35ae9-4da0-4371-87fa-54ea3ce1f280: receive RaftClientReply:client-0F1B900A64BD->9bf35ae9-4da0-4371-87fa-54ea3ce1f280@group-432E83AF5B55, cid=1809, SUCCESS, logIndex=2613, commits[9bf35ae9-4da0-4371-87fa-54ea3ce1f280:c2614, 0cc34542-3a00-466e-ae84-194b84d3af7b:c2610, d451d94d-57a0-4545-b387-d428f64e3f33:c2609]
2019-07-09 16:26:00,905 INFO  client.GrpcClientProtocolClient (GrpcClientProtocolClient.java:onNext(255)) - client-0F1B900A64BD->9bf35ae9-4da0-4371-87fa-54ea3ce1f280: receive RaftClientReply:client-0F1B900A64BD->9bf35ae9-4da0-4371-87fa-54ea3ce1f280@group-432E83AF5B55, cid=1810, SUCCESS, logIndex=0, commits[9bf35ae9-4da0-4371-87fa-54ea3ce1f280:c2615, 0cc34542-3a00-466e-ae84-194b84d3af7b:c2611, d451d94d-57a0-4545-b387-d428f64e3f33:c2611]
2019-07-09 16:26:00,928 INFO  client.GrpcClientProtocolClient (GrpcClientProtocolClient.java:onNext(255)) - client-0F1B900A64BD->9bf35ae9-4da0-4371-87fa-54ea3ce1f280: receive RaftClientReply:client-0F1B900A64BD->9bf35ae9-4da0-4371-87fa-54ea3ce1f280@group-432E83AF5B55, cid=1811, SUCCESS, logIndex=2618, commits[9bf35ae9-4da0-4371-87fa-54ea3ce1f280:c2619, 0cc34542-3a00-466e-ae84-194b84d3af7b:c2617, d451d94d-57a0-4545-b387-d428f64e3f33:c2617]
2019-07-09 16:26:00,929 INFO  client.GrpcClientProtocolClient (GrpcClientProtocolClient.java:onNext(255)) - client-0F1B900A64BD->9bf35ae9-4da0-4371-87fa-54ea3ce1f280: receive RaftClientReply:client-0F1B900A64BD->9bf35ae9-4da0-4371-87fa-54ea3ce1f280@group-432E83AF5B55, cid=1812, SUCCESS, logIndex=2619, commits[9bf35ae9-4da0-4371-87fa-54ea3ce1f280:c2619, 0cc34542-3a00-466e-ae84-194b84d3af7b:c2617, d451d94d-57a0-4545-b387-d428f64e3f33:c2617]
2019-07-09 16:26:00,941 INFO  client.GrpcClientProtocolClient (GrpcClientProtocolClient.java:onNext(255)) - client-0F1B900A64BD->9bf35ae9-4da0-4371-87fa-54ea3ce1f280: receive RaftClientReply:client-0F1B900A64BD->9bf35ae9-4da0-4371-87fa-54ea3ce1f280@group-432E83AF5B55, cid=1813, SUCCESS, logIndex=2622, commits[9bf35ae9-4da0-4371-87fa-54ea3ce1f280:c2623, 0cc34542-3a00-466e-ae84-194b84d3af7b:c2619, d451d94d-57a0-4545-b387-d428f64e3f33:c2619]
2019-07-09 16:26:00,941 INFO  client.GrpcClientProtocolClient (GrpcClientProtocolClient.java:onNext(255)) - client-0F1B900A64BD->9bf35ae9-4da0-4371-87fa-54ea3ce1f280: receive RaftClientReply:client-0F1B900A64BD->9bf35ae9-4da0-4371-87fa-54ea3ce1f280@group-432E83AF5B55, cid=1814, SUCCESS, logIndex=2623, commits[9bf35ae9-4da0-4371-87fa-54ea3ce1f280:c2623, 0cc34542-3a00-466e-ae84-194b84d3af7b:c2619, d451d94d-57a0-4545-b387-d428f64e3f33:c2619]
2019-07-09 16:26:00,943 INFO  client.GrpcClientProtocolClient (GrpcClientProtocolClient.java:onNext(255)) - client-0F1B900A64BD->9bf35ae9-4da0-4371-87fa-54ea3ce1f280: receive RaftClientReply:client-0F1B900A64BD->9bf35ae9-4da0-4371-87fa-54ea3ce1f280@group-432E83AF5B55, cid=1815, SUCCESS, logIndex=0, commits[9bf35ae9-4da0-4371-87fa-54ea3ce1f280:c2625, 0cc34542-3a00-466e-ae84-194b84d3af7b:c2623, d451d94d-57a0-4545-b387-d428f64e3f33:c2623]
2019-07-09 16:26:00,989 INFO  client.GrpcClientProtocolClient (GrpcClientProtocolClient.java:onNext(255)) - client-0F1B900A64BD->9bf35ae9-4da0-4371-87fa-54ea3ce1f280: receive RaftClientReply:client-0F1B900A64BD->9bf35ae9-4da0-4371-87fa-54ea3ce1f280@group-432E83AF5B55, cid=1816, SUCCESS, logIndex=2626, commits[9bf35ae9-4da0-4371-87fa-54ea3ce1f280:c2627, 0cc34542-3a00-466e-ae84-194b84d3af7b:c2625, d451d94d-57a0-4545-b387-d428f64e3f33:c2625]
2019-07-09 16:26:00,989 INFO  client.GrpcClientProtocolClient (GrpcClientProtocolClient.java:onNext(255)) - client-0F1B900A64BD->9bf35ae9-4da0-4371-87fa-54ea3ce1f280: receive RaftClientReply:client-0F1B900A64BD->9bf35ae9-4da0-4371-87fa-54ea3ce1f280@group-432E83AF5B55, cid=1817, SUCCESS, logIndex=2627, commits[9bf35ae9-4da0-4371-87fa-54ea3ce1f280:c2629, 0cc34542-3a00-466e-ae84-194b84d3af7b:c2625, d451d94d-57a0-4545-b387-d428f64e3f33:c2625]
2019-07-09 16:26:00,989 INFO  client.GrpcClientProtocolClient (GrpcClientProtocolClient.java:onNext(255)) - client-0F1B900A64BD->9bf35ae9-4da0-4371-87fa-54ea3ce1f280: receive RaftClientReply:client-0F1B900A64BD->9bf35ae9-4da0-4371-87fa-54ea3ce1f280@group-432E83AF5B55, cid=1818, SUCCESS, logIndex=2628, commits[9bf35ae9-4da0-4371-87fa-54ea3ce1f280:c2629, 0cc34542-3a00-466e-ae84-194b84d3af7b:c2625, d451d94d-57a0-4545-b387-d428f64e3f33:c2625]
2019-07-09 16:26:00,990 INFO  client.GrpcClientProtocolClient (GrpcClientProtocolClient.java:onNext(255)) - client-0F1B900A64BD->9bf35ae9-4da0-4371-87fa-54ea3ce1f280: receive RaftClientReply:client-0F1B900A64BD->9bf35ae9-4da0-4371-87fa-54ea3ce1f280@group-432E83AF5B55, cid=1819, SUCCESS, logIndex=2629, commits[9bf35ae9-4da0-4371-87fa-54ea3ce1f280:c2629, 0cc34542-3a00-466e-ae84-194b84d3af7b:c2625, d451d94d-57a0-4545-b387-d428f64e3f33:c2625]
2019-07-09 16:26:01,000 INFO  client.GrpcClientProtocolClient (GrpcClientProtocolClient.java:onNext(255)) - client-0F1B900A64BD->9bf35ae9-4da0-4371-87fa-54ea3ce1f280: receive RaftClientReply:client-0F1B900A64BD->9bf35ae9-4da0-4371-87fa-54ea3ce1f280@group-432E83AF5B55, cid=1820, SUCCESS, logIndex=0, commits[9bf35ae9-4da0-4371-87fa-54ea3ce1f280:c2629, 0cc34542-3a00-466e-ae84-194b84d3af7b:c2627, d451d94d-57a0-4545-b387-d428f64e3f33:c2627]
2019-07-09 16:26:01,021 INFO  client.GrpcClientProtocolClient (GrpcClientProtocolClient.java:onNext(255)) - client-0F1B900A64BD->9bf35ae9-4da0-4371-87fa-54ea3ce1f280: receive RaftClientReply:client-0F1B900A64BD->9bf35ae9-4da0-4371-87fa-54ea3ce1f280@group-432E83AF5B55, cid=1821, SUCCESS, logIndex=2633, commits[9bf35ae9-4da0-4371-87fa-54ea3ce1f280:c2634, 0cc34542-3a00-466e-ae84-194b84d3af7b:c2632, d451d94d-57a0-4545-b387-d428f64e3f33:c2632]
2019-07-09 16:26:01,021 INFO  client.GrpcClientProtocolClient (GrpcClientProtocolClient.java:onNext(255)) - client-0F1B900A64BD->9bf35ae9-4da0-4371-87fa-54ea3ce1f280: receive RaftClientReply:client-0F1B900A64BD->9bf35ae9-4da0-4371-87fa-54ea3ce1f280@group-432E83AF5B55, cid=1822, SUCCESS, logIndex=2634, commits[9bf35ae9-4da0-4371-87fa-54ea3ce1f280:c2634, 0cc34542-3a00-466e-ae84-194b84d3af7b:c2632, d451d94d-57a0-4545-b387-d428f64e3f33:c2632]
2019-07-09 16:26:01,034 INFO  client.GrpcClientProtocolClient (GrpcClientProtocolClient.java:onNext(255)) - client-0F1B900A64BD->9bf35ae9-4da0-4371-87fa-54ea3ce1f280: receive RaftClientReply:client-0F1B900A64BD->9bf35ae9-4da0-4371-87fa-54ea3ce1f280@group-432E83AF5B55, cid=1823, SUCCESS, logIndex=2637, commits[9bf35ae9-4da0-4371-87fa-54ea3ce1f280:c2638, 0cc34542-3a00-466e-ae84-194b84d3af7b:c2634, d451d94d-57a0-4545-b387-d428f64e3f33:c2633]
2019-07-09 16:26:01,035 INFO  client.GrpcClientProtocolClient (GrpcClientProtocolClient.java:onNext(255)) - client-0F1B900A64BD->9bf35ae9-4da0-4371-87fa-54ea3ce1f280: receive RaftClientReply:client-0F1B900A64BD->9bf35ae9-4da0-4371-87fa-54ea3ce1f280@group-432E83AF5B55, cid=1824, SUCCESS, logIndex=2638, commits[9bf35ae9-4da0-4371-87fa-54ea3ce1f280:c2638, 0cc34542-3a00-466e-ae84-194b84d3af7b:c2634, d451d94d-57a0-4545-b387-d428f64e3f33:c2634]
2019-07-09 16:26:01,048 INFO  client.GrpcClientProtocolClient (GrpcClientProtocolClient.java:onNext(255)) - client-0F1B900A64BD->9bf35ae9-4da0-4371-87fa-54ea3ce1f280: receive RaftClientReply:client-0F1B900A64BD->9bf35ae9-4da0-4371-87fa-54ea3ce1f280@group-432E83AF5B55, cid=1825, SUCCESS, logIndex=0, commits[9bf35ae9-4da0-4371-87fa-54ea3ce1f280:c2639, 0cc34542-3a00-466e-ae84-194b84d3af7b:c2638, d451d94d-57a0-4545-b387-d428f64e3f33:c2638]
2019-07-09 16:26:01,078 INFO  client.GrpcClientProtocolClient (GrpcClientProtocolClient.java:onNext(255)) - client-0F1B900A64BD->9bf35ae9-4da0-4371-87fa-54ea3ce1f280: receive RaftClientReply:client-0F1B900A64BD->9bf35ae9-4da0-4371-87fa-54ea3ce1f280@group-432E83AF5B55, cid=1826, SUCCESS, logIndex=2641, commits[9bf35ae9-4da0-4371-87fa-54ea3ce1f280:c2642, 0cc34542-3a00-466e-ae84-194b84d3af7b:c2640, d451d94d-57a0-4545-b387-d428f64e3f33:c2640]
2019-07-09 16:26:01,078 INFO  client.GrpcClientProtocolClient (GrpcClientProtocolClient.java:onNext(255)) - client-0F1B900A64BD->9bf35ae9-4da0-4371-87fa-54ea3ce1f280: receive RaftClientReply:client-0F1B900A64BD->9bf35ae9-4da0-4371-87fa-54ea3ce1f280@group-432E83AF5B55, cid=1827, SUCCESS, logIndex=2642, commits[9bf35ae9-4da0-4371-87fa-54ea3ce1f280:c2644, 0cc34542-3a00-466e-ae84-194b84d3af7b:c2640, d451d94d-57a0-4545-b387-d428f64e3f33:c2640]
2019-07-09 16:26:01,078 INFO  client.GrpcClientProtocolClient (GrpcClientProtocolClient.java:onNext(255)) - client-0F1B900A64BD->9bf35ae9-4da0-4371-87fa-54ea3ce1f280: receive RaftClientReply:client-0F1B900A64BD->9bf35ae9-4da0-4371-87fa-54ea3ce1f280@group-432E83AF5B55, cid=1828, SUCCESS, logIndex=2643, commits[9bf35ae9-4da0-4371-87fa-54ea3ce1f280:c2644, 0cc34542-3a00-466e-ae84-194b84d3af7b:c2640, d451d94d-57a0-4545-b387-d428f64e3f33:c2640]
2019-07-09 16:26:01,079 INFO  client.GrpcClientProtocolClient (GrpcClientProtocolClient.java:onNext(255)) - client-0F1B900A64BD->9bf35ae9-4da0-4371-87fa-54ea3ce1f280: receive RaftClientReply:client-0F1B900A64BD->9bf35ae9-4da0-4371-87fa-54ea3ce1f280@group-432E83AF5B55, cid=1829, SUCCESS, logIndex=2644, commits[9bf35ae9-4da0-4371-87fa-54ea3ce1f280:c2644, 0cc34542-3a00-466e-ae84-194b84d3af7b:c2640, d451d94d-57a0-4545-b387-d428f64e3f33:c2640]
2019-07-09 16:26:01,089 INFO  client.GrpcClientProtocolClient (GrpcClientProtocolClient.java:onNext(255)) - client-0F1B900A64BD->9bf35ae9-4da0-4371-87fa-54ea3ce1f280: receive RaftClientReply:client-0F1B900A64BD->9bf35ae9-4da0-4371-87fa-54ea3ce1f280@group-432E83AF5B55, cid=1830, SUCCESS, logIndex=0, commits[9bf35ae9-4da0-4371-87fa-54ea3ce1f280:c2645, 0cc34542-3a00-466e-ae84-194b84d3af7b:c2642, d451d94d-57a0-4545-b387-d428f64e3f33:c2642]
2019-07-09 16:26:01,109 INFO  client.GrpcClientProtocolClient (GrpcClientProtocolClient.java:onNext(255)) - client-0F1B900A64BD->9bf35ae9-4da0-4371-87fa-54ea3ce1f280: receive RaftClientReply:client-0F1B900A64BD->9bf35ae9-4da0-4371-87fa-54ea3ce1f280@group-432E83AF5B55, cid=1831, SUCCESS, logIndex=2648, commits[9bf35ae9-4da0-4371-87fa-54ea3ce1f280:c2649, 0cc34542-3a00-466e-ae84-194b84d3af7b:c2647, d451d94d-57a0-4545-b387-d428f64e3f33:c2647]
2019-07-09 16:26:01,109 INFO  client.GrpcClientProtocolClient (GrpcClientProtocolClient.java:onNext(255)) - client-0F1B900A64BD->9bf35ae9-4da0-4371-87fa-54ea3ce1f280: receive RaftClientReply:client-0F1B900A64BD->9bf35ae9-4da0-4371-87fa-54ea3ce1f280@group-432E83AF5B55, cid=1832, SUCCESS, logIndex=2649, commits[9bf35ae9-4da0-4371-87fa-54ea3ce1f280:c2649, 0cc34542-3a00-466e-ae84-194b84d3af7b:c2647, d451d94d-57a0-4545-b387-d428f64e3f33:c2647]
2019-07-09 16:26:01,123 INFO  client.GrpcClientProtocolClient (GrpcClientProtocolClient.java:onNext(255)) - client-0F1B900A64BD->9bf35ae9-4da0-4371-87fa-54ea3ce1f280: receive RaftClientReply:client-0F1B900A64BD->9bf35ae9-4da0-4371-87fa-54ea3ce1f280@group-432E83AF5B55, cid=1833, SUCCESS, logIndex=2652, commits[9bf35ae9-4da0-4371-87fa-54ea3ce1f280:c2653, 0cc34542-3a00-466e-ae84-194b84d3af7b:c2649, d451d94d-57a0-4545-b387-d428f64e3f33:c2649]
2019-07-09 16:26:01,123 INFO  client.GrpcClientProtocolClient (GrpcClientProtocolClient.java:onNext(255)) - client-0F1B900A64BD->9bf35ae9-4da0-4371-87fa-54ea3ce1f280: receive RaftClientReply:client-0F1B900A64BD->9bf35ae9-4da0-4371-87fa-54ea3ce1f280@group-432E83AF5B55, cid=1834, SUCCESS, logIndex=2653, commits[9bf35ae9-4da0-4371-87fa-54ea3ce1f280:c2653, 0cc34542-3a00-466e-ae84-194b84d3af7b:c2649, d451d94d-57a0-4545-b387-d428f64e3f33:c2649]
2019-07-09 16:26:01,127 INFO  client.GrpcClientProtocolClient (GrpcClientProtocolClient.java:onNext(255)) - client-0F1B900A64BD->9bf35ae9-4da0-4371-87fa-54ea3ce1f280: receive RaftClientReply:client-0F1B900A64BD->9bf35ae9-4da0-4371-87fa-54ea3ce1f280@group-432E83AF5B55, cid=1835, SUCCESS, logIndex=0, commits[9bf35ae9-4da0-4371-87fa-54ea3ce1f280:c2655, 0cc34542-3a00-466e-ae84-194b84d3af7b:c2653, d451d94d-57a0-4545-b387-d428f64e3f33:c2653]
2019-07-09 16:26:01,146 INFO  client.GrpcClientProtocolClient (GrpcClientProtocolClient.java:onNext(255)) - client-0F1B900A64BD->9bf35ae9-4da0-4371-87fa-54ea3ce1f280: receive RaftClientReply:client-0F1B900A64BD->9bf35ae9-4da0-4371-87fa-54ea3ce1f280@group-432E83AF5B55, cid=1836, SUCCESS, logIndex=2656, commits[9bf35ae9-4da0-4371-87fa-54ea3ce1f280:c2659, 0cc34542-3a00-466e-ae84-194b84d3af7b:c2655, d451d94d-57a0-4545-b387-d428f64e3f33:c2655]
2019-07-09 16:26:01,146 INFO  client.GrpcClientProtocolClient (GrpcClientProtocolClient.java:onNext(255)) - client-0F1B900A64BD->9bf35ae9-4da0-4371-87fa-54ea3ce1f280: receive RaftClientReply:client-0F1B900A64BD->9bf35ae9-4da0-4371-87fa-54ea3ce1f280@group-432E83AF5B55, cid=1837, SUCCESS, logIndex=2657, commits[9bf35ae9-4da0-4371-87fa-54ea3ce1f280:c2659, 0cc34542-3a00-466e-ae84-194b84d3af7b:c2655, d451d94d-57a0-4545-b387-d428f64e3f33:c2655]
2019-07-09 16:26:01,147 INFO  client.GrpcClientProtocolClient (GrpcClientProtocolClient.java:onNext(255)) - client-0F1B900A64BD->9bf35ae9-4da0-4371-87fa-54ea3ce1f280: receive RaftClientReply:client-0F1B900A64BD->9bf35ae9-4da0-4371-87fa-54ea3ce1f280@group-432E83AF5B55, cid=1838, SUCCESS, logIndex=2658, commits[9bf35ae9-4da0-4371-87fa-54ea3ce1f280:c2659, 0cc34542-3a00-466e-ae84-194b84d3af7b:c2655, d451d94d-57a0-4545-b387-d428f64e3f33:c2655]
2019-07-09 16:26:01,147 INFO  client.GrpcClientProtocolClient (GrpcClientProtocolClient.java:onNext(255)) - client-0F1B900A64BD->9bf35ae9-4da0-4371-87fa-54ea3ce1f280: receive RaftClientReply:client-0F1B900A64BD->9bf35ae9-4da0-4371-87fa-54ea3ce1f280@group-432E83AF5B55, cid=1839, SUCCESS, logIndex=2659, commits[9bf35ae9-4da0-4371-87fa-54ea3ce1f280:c2659, 0cc34542-3a00-466e-ae84-194b84d3af7b:c2655, d451d94d-57a0-4545-b387-d428f64e3f33:c2655]
2019-07-09 16:26:01,148 INFO  client.GrpcClientProtocolClient (GrpcClientProtocolClient.java:onNext(255)) - client-0F1B900A64BD->9bf35ae9-4da0-4371-87fa-54ea3ce1f280: receive RaftClientReply:client-0F1B900A64BD->9bf35ae9-4da0-4371-87fa-54ea3ce1f280@group-432E83AF5B55, cid=1840, SUCCESS, logIndex=0, commits[9bf35ae9-4da0-4371-87fa-54ea3ce1f280:c2660, 0cc34542-3a00-466e-ae84-194b84d3af7b:c2658, d451d94d-57a0-4545-b387-d428f64e3f33:c2658]
2019-07-09 16:26:01,183 INFO  client.GrpcClientProtocolClient (GrpcClientProtocolClient.java:onNext(255)) - client-0F1B900A64BD->9bf35ae9-4da0-4371-87fa-54ea3ce1f280: receive RaftClientReply:client-0F1B900A64BD->9bf35ae9-4da0-4371-87fa-54ea3ce1f280@group-432E83AF5B55, cid=1841, SUCCESS, logIndex=2663, commits[9bf35ae9-4da0-4371-87fa-54ea3ce1f280:c2664, 0cc34542-3a00-466e-ae84-194b84d3af7b:c2662, d451d94d-57a0-4545-b387-d428f64e3f33:c2662]
2019-07-09 16:26:01,183 INFO  client.GrpcClientProtocolClient (GrpcClientProtocolClient.java:onNext(255)) - client-0F1B900A64BD->9bf35ae9-4da0-4371-87fa-54ea3ce1f280: receive RaftClientReply:client-0F1B900A64BD->9bf35ae9-4da0-4371-87fa-54ea3ce1f280@group-432E83AF5B55, cid=1842, SUCCESS, logIndex=2664, commits[9bf35ae9-4da0-4371-87fa-54ea3ce1f280:c2664, 0cc34542-3a00-466e-ae84-194b84d3af7b:c2662, d451d94d-57a0-4545-b387-d428f64e3f33:c2662]
2019-07-09 16:26:01,207 INFO  client.GrpcClientProtocolClient (GrpcClientProtocolClient.java:onNext(255)) - client-0F1B900A64BD->9bf35ae9-4da0-4371-87fa-54ea3ce1f280: receive RaftClientReply:client-0F1B900A64BD->9bf35ae9-4da0-4371-87fa-54ea3ce1f280@group-432E83AF5B55, cid=1843, SUCCESS, logIndex=2667, commits[9bf35ae9-4da0-4371-87fa-54ea3ce1f280:c2668, 0cc34542-3a00-466e-ae84-194b84d3af7b:c2664, d451d94d-57a0-4545-b387-d428f64e3f33:c2664]
2019-07-09 16:26:01,207 INFO  client.GrpcClientProtocolClient (GrpcClientProtocolClient.java:onNext(255)) - client-0F1B900A64BD->9bf35ae9-4da0-4371-87fa-54ea3ce1f280: receive RaftClientReply:client-0F1B900A64BD->9bf35ae9-4da0-4371-87fa-54ea3ce1f280@group-432E83AF5B55, cid=1844, SUCCESS, logIndex=2668, commits[9bf35ae9-4da0-4371-87fa-54ea3ce1f280:c2668, 0cc34542-3a00-466e-ae84-194b84d3af7b:c2664, d451d94d-57a0-4545-b387-d428f64e3f33:c2664]
2019-07-09 16:26:01,208 INFO  client.GrpcClientProtocolClient (GrpcClientProtocolClient.java:onNext(255)) - client-0F1B900A64BD->9bf35ae9-4da0-4371-87fa-54ea3ce1f280: receive RaftClientReply:client-0F1B900A64BD->9bf35ae9-4da0-4371-87fa-54ea3ce1f280@group-432E83AF5B55, cid=1845, SUCCESS, logIndex=0, commits[9bf35ae9-4da0-4371-87fa-54ea3ce1f280:c2669, 0cc34542-3a00-466e-ae84-194b84d3af7b:c2668, d451d94d-57a0-4545-b387-d428f64e3f33:c2668]
2019-07-09 16:26:01,237 INFO  client.GrpcClientProtocolClient (GrpcClientProtocolClient.java:onNext(255)) - client-0F1B900A64BD->9bf35ae9-4da0-4371-87fa-54ea3ce1f280: receive RaftClientReply:client-0F1B900A64BD->9bf35ae9-4da0-4371-87fa-54ea3ce1f280@group-432E83AF5B55, cid=1846, SUCCESS, logIndex=2671, commits[9bf35ae9-4da0-4371-87fa-54ea3ce1f280:c2673, 0cc34542-3a00-466e-ae84-194b84d3af7b:c2670, d451d94d-57a0-4545-b387-d428f64e3f33:c2670]
2019-07-09 16:26:01,237 INFO  client.GrpcClientProtocolClient (GrpcClientProtocolClient.java:onNext(255)) - client-0F1B900A64BD->9bf35ae9-4da0-4371-87fa-54ea3ce1f280: receive RaftClientReply:client-0F1B900A64BD->9bf35ae9-4da0-4371-87fa-54ea3ce1f280@group-432E83AF5B55, cid=1847, SUCCESS, logIndex=2672, commits[9bf35ae9-4da0-4371-87fa-54ea3ce1f280:c2674, 0cc34542-3a00-466e-ae84-194b84d3af7b:c2670, d451d94d-57a0-4545-b387-d428f64e3f33:c2670]
2019-07-09 16:26:01,237 INFO  client.GrpcClientProtocolClient (GrpcClientProtocolClient.java:onNext(255)) - client-0F1B900A64BD->9bf35ae9-4da0-4371-87fa-54ea3ce1f280: receive RaftClientReply:client-0F1B900A64BD->9bf35ae9-4da0-4371-87fa-54ea3ce1f280@group-432E83AF5B55, cid=1848, SUCCESS, logIndex=2673, commits[9bf35ae9-4da0-4371-87fa-54ea3ce1f280:c2674, 0cc34542-3a00-466e-ae84-194b84d3af7b:c2670, d451d94d-57a0-4545-b387-d428f64e3f33:c2670]
2019-07-09 16:26:01,238 INFO  client.GrpcClientProtocolClient (GrpcClientProtocolClient.java:onNext(255)) - client-0F1B900A64BD->9bf35ae9-4da0-4371-87fa-54ea3ce1f280: receive RaftClientReply:client-0F1B900A64BD->9bf35ae9-4da0-4371-87fa-54ea3ce1f280@group-432E83AF5B55, cid=1849, SUCCESS, logIndex=2674, commits[9bf35ae9-4da0-4371-87fa-54ea3ce1f280:c2674, 0cc34542-3a00-466e-ae84-194b84d3af7b:c2671, d451d94d-57a0-4545-b387-d428f64e3f33:c2671]
2019-07-09 16:26:01,239 INFO  client.GrpcClientProtocolClient (GrpcClientProtocolClient.java:onNext(255)) - client-0F1B900A64BD->9bf35ae9-4da0-4371-87fa-54ea3ce1f280: receive RaftClientReply:client-0F1B900A64BD->9bf35ae9-4da0-4371-87fa-54ea3ce1f280@group-432E83AF5B55, cid=1850, SUCCESS, logIndex=0, commits[9bf35ae9-4da0-4371-87fa-54ea3ce1f280:c2678, 0cc34542-3a00-466e-ae84-194b84d3af7b:c2674, d451d94d-57a0-4545-b387-d428f64e3f33:c2674]
2019-07-09 16:26:01,259 INFO  client.GrpcClientProtocolClient (GrpcClientProtocolClient.java:onNext(255)) - client-0F1B900A64BD->9bf35ae9-4da0-4371-87fa-54ea3ce1f280: receive RaftClientReply:client-0F1B900A64BD->9bf35ae9-4da0-4371-87fa-54ea3ce1f280@group-432E83AF5B55, cid=1851, SUCCESS, logIndex=2679, commits[9bf35ae9-4da0-4371-87fa-54ea3ce1f280:c2680, 0cc34542-3a00-466e-ae84-194b84d3af7b:c2678, d451d94d-57a0-4545-b387-d428f64e3f33:c2678]
2019-07-09 16:26:01,260 INFO  client.GrpcClientProtocolClient (GrpcClientProtocolClient.java:onNext(255)) - client-0F1B900A64BD->9bf35ae9-4da0-4371-87fa-54ea3ce1f280: receive RaftClientReply:client-0F1B900A64BD->9bf35ae9-4da0-4371-87fa-54ea3ce1f280@group-432E83AF5B55, cid=1852, SUCCESS, logIndex=2680, commits[9bf35ae9-4da0-4371-87fa-54ea3ce1f280:c2680, 0cc34542-3a00-466e-ae84-194b84d3af7b:c2678, d451d94d-57a0-4545-b387-d428f64e3f33:c2678]
2019-07-09 16:26:01,274 INFO  client.GrpcClientProtocolClient (GrpcClientProtocolClient.java:onNext(255)) - client-0F1B900A64BD->9bf35ae9-4da0-4371-87fa-54ea3ce1f280: receive RaftClientReply:client-0F1B900A64BD->9bf35ae9-4da0-4371-87fa-54ea3ce1f280@group-432E83AF5B55, cid=1853, SUCCESS, logIndex=2683, commits[9bf35ae9-4da0-4371-87fa-54ea3ce1f280:c2683, 0cc34542-3a00-466e-ae84-194b84d3af7b:c2680, d451d94d-57a0-4545-b387-d428f64e3f33:c2680]
2019-07-09 16:26:01,274 INFO  client.GrpcClientProtocolClient (GrpcClientProtocolClient.java:onNext(255)) - client-0F1B900A64BD->9bf35ae9-4da0-4371-87fa-54ea3ce1f280: receive RaftClientReply:client-0F1B900A64BD->9bf35ae9-4da0-4371-87fa-54ea3ce1f280@group-432E83AF5B55, cid=1854, SUCCESS, logIndex=2684, commits[9bf35ae9-4da0-4371-87fa-54ea3ce1f280:c2684, 0cc34542-3a00-466e-ae84-194b84d3af7b:c2680, d451d94d-57a0-4545-b387-d428f64e3f33:c2680]
2019-07-09 16:26:01,287 INFO  client.GrpcClientProtocolClient (GrpcClientProtocolClient.java:onNext(255)) - client-0F1B900A64BD->9bf35ae9-4da0-4371-87fa-54ea3ce1f280: receive RaftClientReply:client-0F1B900A64BD->9bf35ae9-4da0-4371-87fa-54ea3ce1f280@group-432E83AF5B55, cid=1855, SUCCESS, logIndex=0, commits[9bf35ae9-4da0-4371-87fa-54ea3ce1f280:c2686, 0cc34542-3a00-466e-ae84-194b84d3af7b:c2684, d451d94d-57a0-4545-b387-d428f64e3f33:c2684]
2019-07-09 16:26:01,316 INFO  client.GrpcClientProtocolClient (GrpcClientProtocolClient.java:onNext(255)) - client-0F1B900A64BD->9bf35ae9-4da0-4371-87fa-54ea3ce1f280: receive RaftClientReply:client-0F1B900A64BD->9bf35ae9-4da0-4371-87fa-54ea3ce1f280@group-432E83AF5B55, cid=1856, SUCCESS, logIndex=2687, commits[9bf35ae9-4da0-4371-87fa-54ea3ce1f280:c2688, 0cc34542-3a00-466e-ae84-194b84d3af7b:c2686, d451d94d-57a0-4545-b387-d428f64e3f33:c2686]
2019-07-09 16:26:01,317 INFO  client.GrpcClientProtocolClient (GrpcClientProtocolClient.java:onNext(255)) - client-0F1B900A64BD->9bf35ae9-4da0-4371-87fa-54ea3ce1f280: receive RaftClientReply:client-0F1B900A64BD->9bf35ae9-4da0-4371-87fa-54ea3ce1f280@group-432E83AF5B55, cid=1857, SUCCESS, logIndex=2688, commits[9bf35ae9-4da0-4371-87fa-54ea3ce1f280:c2688, 0cc34542-3a00-466e-ae84-194b84d3af7b:c2686, d451d94d-57a0-4545-b387-d428f64e3f33:c2686]
2019-07-09 16:26:01,317 INFO  client.GrpcClientProtocolClient (GrpcClientProtocolClient.java:onNext(255)) - client-0F1B900A64BD->9bf35ae9-4da0-4371-87fa-54ea3ce1f280: receive RaftClientReply:client-0F1B900A64BD->9bf35ae9-4da0-4371-87fa-54ea3ce1f280@group-432E83AF5B55, cid=1858, SUCCESS, logIndex=2689, commits[9bf35ae9-4da0-4371-87fa-54ea3ce1f280:c2690, 0cc34542-3a00-466e-ae84-194b84d3af7b:c2686, d451d94d-57a0-4545-b387-d428f64e3f33:c2686]
2019-07-09 16:26:01,318 INFO  client.GrpcClientProtocolClient (GrpcClientProtocolClient.java:onNext(255)) - client-0F1B900A64BD->9bf35ae9-4da0-4371-87fa-54ea3ce1f280: receive RaftClientReply:client-0F1B900A64BD->9bf35ae9-4da0-4371-87fa-54ea3ce1f280@group-432E83AF5B55, cid=1859, SUCCESS, logIndex=2690, commits[9bf35ae9-4da0-4371-87fa-54ea3ce1f280:c2690, 0cc34542-3a00-466e-ae84-194b84d3af7b:c2686, d451d94d-57a0-4545-b387-d428f64e3f33:c2686]
2019-07-09 16:26:01,319 INFO  client.GrpcClientProtocolClient (GrpcClientProtocolClient.java:onNext(255)) - client-0F1B900A64BD->9bf35ae9-4da0-4371-87fa-54ea3ce1f280: receive RaftClientReply:client-0F1B900A64BD->9bf35ae9-4da0-4371-87fa-54ea3ce1f280@group-432E83AF5B55, cid=1860, SUCCESS, logIndex=0, commits[9bf35ae9-4da0-4371-87fa-54ea3ce1f280:c2692, 0cc34542-3a00-466e-ae84-194b84d3af7b:c2688, d451d94d-57a0-4545-b387-d428f64e3f33:c2688]
2019-07-09 16:26:01,339 INFO  client.GrpcClientProtocolClient (GrpcClientProtocolClient.java:onNext(255)) - client-0F1B900A64BD->9bf35ae9-4da0-4371-87fa-54ea3ce1f280: receive RaftClientReply:client-0F1B900A64BD->9bf35ae9-4da0-4371-87fa-54ea3ce1f280@group-432E83AF5B55, cid=1861, SUCCESS, logIndex=2695, commits[9bf35ae9-4da0-4371-87fa-54ea3ce1f280:c2696, 0cc34542-3a00-466e-ae84-194b84d3af7b:c2694, d451d94d-57a0-4545-b387-d428f64e3f33:c2694]
2019-07-09 16:26:01,339 INFO  client.GrpcClientProtocolClient (GrpcClientProtocolClient.java:onNext(255)) - client-0F1B900A64BD->9bf35ae9-4da0-4371-87fa-54ea3ce1f280: receive RaftClientReply:client-0F1B900A64BD->9bf35ae9-4da0-4371-87fa-54ea3ce1f280@group-432E83AF5B55, cid=1862, SUCCESS, logIndex=2696, commits[9bf35ae9-4da0-4371-87fa-54ea3ce1f280:c2696, 0cc34542-3a00-466e-ae84-194b84d3af7b:c2694, d451d94d-57a0-4545-b387-d428f64e3f33:c2694]
2019-07-09 16:26:01,354 INFO  client.GrpcClientProtocolClient (GrpcClientProtocolClient.java:onNext(255)) - client-0F1B900A64BD->9bf35ae9-4da0-4371-87fa-54ea3ce1f280: receive RaftClientReply:client-0F1B900A64BD->9bf35ae9-4da0-4371-87fa-54ea3ce1f280@group-432E83AF5B55, cid=1863, SUCCESS, logIndex=2699, commits[9bf35ae9-4da0-4371-87fa-54ea3ce1f280:c2700, 0cc34542-3a00-466e-ae84-194b84d3af7b:c2696, d451d94d-57a0-4545-b387-d428f64e3f33:c2696]
2019-07-09 16:26:01,354 INFO  client.GrpcClientProtocolClient (GrpcClientProtocolClient.java:onNext(255)) - client-0F1B900A64BD->9bf35ae9-4da0-4371-87fa-54ea3ce1f280: receive RaftClientReply:client-0F1B900A64BD->9bf35ae9-4da0-4371-87fa-54ea3ce1f280@group-432E83AF5B55, cid=1864, SUCCESS, logIndex=2700, commits[9bf35ae9-4da0-4371-87fa-54ea3ce1f280:c2700, 0cc34542-3a00-466e-ae84-194b84d3af7b:c2696, d451d94d-57a0-4545-b387-d428f64e3f33:c2696]
2019-07-09 16:26:01,365 INFO  client.GrpcClientProtocolClient (GrpcClientProtocolClient.java:onNext(255)) - client-0F1B900A64BD->9bf35ae9-4da0-4371-87fa-54ea3ce1f280: receive RaftClientReply:client-0F1B900A64BD->9bf35ae9-4da0-4371-87fa-54ea3ce1f280@group-432E83AF5B55, cid=1865, SUCCESS, logIndex=0, commits[9bf35ae9-4da0-4371-87fa-54ea3ce1f280:c2700, 0cc34542-3a00-466e-ae84-194b84d3af7b:c2700, d451d94d-57a0-4545-b387-d428f64e3f33:c2700]
2019-07-09 16:26:01,394 INFO  client.GrpcClientProtocolClient (GrpcClientProtocolClient.java:onNext(255)) - client-0F1B900A64BD->9bf35ae9-4da0-4371-87fa-54ea3ce1f280: receive RaftClientReply:client-0F1B900A64BD->9bf35ae9-4da0-4371-87fa-54ea3ce1f280@group-432E83AF5B55, cid=1866, SUCCESS, logIndex=2703, commits[9bf35ae9-4da0-4371-87fa-54ea3ce1f280:c2704, 0cc34542-3a00-466e-ae84-194b84d3af7b:c2702, d451d94d-57a0-4545-b387-d428f64e3f33:c2702]
2019-07-09 16:26:01,395 INFO  client.GrpcClientProtocolClient (GrpcClientProtocolClient.java:onNext(255)) - client-0F1B900A64BD->9bf35ae9-4da0-4371-87fa-54ea3ce1f280: receive RaftClientReply:client-0F1B900A64BD->9bf35ae9-4da0-4371-87fa-54ea3ce1f280@group-432E83AF5B55, cid=1867, SUCCESS, logIndex=2704, commits[9bf35ae9-4da0-4371-87fa-54ea3ce1f280:c2706, 0cc34542-3a00-466e-ae84-194b84d3af7b:c2702, d451d94d-57a0-4545-b387-d428f64e3f33:c2702]
2019-07-09 16:26:01,395 INFO  client.GrpcClientProtocolClient (GrpcClientProtocolClient.java:onNext(255)) - client-0F1B900A64BD->9bf35ae9-4da0-4371-87fa-54ea3ce1f280: receive RaftClientReply:client-0F1B900A64BD->9bf35ae9-4da0-4371-87fa-54ea3ce1f280@group-432E83AF5B55, cid=1868, SUCCESS, logIndex=2705, commits[9bf35ae9-4da0-4371-87fa-54ea3ce1f280:c2706, 0cc34542-3a00-466e-ae84-194b84d3af7b:c2702, d451d94d-57a0-4545-b387-d428f64e3f33:c2702]
2019-07-09 16:26:01,395 INFO  client.GrpcClientProtocolClient (GrpcClientProtocolClient.java:onNext(255)) - client-0F1B900A64BD->9bf35ae9-4da0-4371-87fa-54ea3ce1f280: receive RaftClientReply:client-0F1B900A64BD->9bf35ae9-4da0-4371-87fa-54ea3ce1f280@group-432E83AF5B55, cid=1869, SUCCESS, logIndex=2706, commits[9bf35ae9-4da0-4371-87fa-54ea3ce1f280:c2706, 0cc34542-3a00-466e-ae84-194b84d3af7b:c2702, d451d94d-57a0-4545-b387-d428f64e3f33:c2702]
2019-07-09 16:26:01,397 INFO  client.GrpcClientProtocolClient (GrpcClientProtocolClient.java:onNext(255)) - client-0F1B900A64BD->9bf35ae9-4da0-4371-87fa-54ea3ce1f280: receive RaftClientReply:client-0F1B900A64BD->9bf35ae9-4da0-4371-87fa-54ea3ce1f280@group-432E83AF5B55, cid=1870, SUCCESS, logIndex=0, commits[9bf35ae9-4da0-4371-87fa-54ea3ce1f280:c2708, 0cc34542-3a00-466e-ae84-194b84d3af7b:c2704, d451d94d-57a0-4545-b387-d428f64e3f33:c2704]
2019-07-09 16:26:01,413 INFO  client.GrpcClientProtocolClient (GrpcClientProtocolClient.java:onNext(255)) - client-0F1B900A64BD->9bf35ae9-4da0-4371-87fa-54ea3ce1f280: receive RaftClientReply:client-0F1B900A64BD->9bf35ae9-4da0-4371-87fa-54ea3ce1f280@group-432E83AF5B55, cid=1871, SUCCESS, logIndex=2711, commits[9bf35ae9-4da0-4371-87fa-54ea3ce1f280:c2712, 0cc34542-3a00-466e-ae84-194b84d3af7b:c2710, d451d94d-57a0-4545-b387-d428f64e3f33:c2710]
2019-07-09 16:26:01,413 INFO  client.GrpcClientProtocolClient (GrpcClientProtocolClient.java:onNext(255)) - client-0F1B900A64BD->9bf35ae9-4da0-4371-87fa-54ea3ce1f280: receive RaftClientReply:client-0F1B900A64BD->9bf35ae9-4da0-4371-87fa-54ea3ce1f280@group-432E83AF5B55, cid=1872, SUCCESS, logIndex=2712, commits[9bf35ae9-4da0-4371-87fa-54ea3ce1f280:c2712, 0cc34542-3a00-466e-ae84-194b84d3af7b:c2710, d451d94d-57a0-4545-b387-d428f64e3f33:c2710]
 0.00% |█                                                                                                    |  0/1 Time: 0:00:132019-07-09 16:26:01,894 INFO  client.GrpcClientProtocolClient (GrpcClientProtocolClient.java:onNext(255)) - client-0F1B900A64BD->9bf35ae9-4da0-4371-87fa-54ea3ce1f280: receive RaftClientReply:client-0F1B900A64BD->9bf35ae9-4da0-4371-87fa-54ea3ce1f280@group-432E83AF5B55, cid=1873, SUCCESS, logIndex=2715, commits[9bf35ae9-4da0-4371-87fa-54ea3ce1f280:c2716, 0cc34542-3a00-466e-ae84-194b84d3af7b:c2712, d451d94d-57a0-4545-b387-d428f64e3f33:c2712]
2019-07-09 16:26:01,894 INFO  client.GrpcClientProtocolClient (GrpcClientProtocolClient.java:onNext(255)) - client-0F1B900A64BD->9bf35ae9-4da0-4371-87fa-54ea3ce1f280: receive RaftClientReply:client-0F1B900A64BD->9bf35ae9-4da0-4371-87fa-54ea3ce1f280@group-432E83AF5B55, cid=1874, SUCCESS, logIndex=2716, commits[9bf35ae9-4da0-4371-87fa-54ea3ce1f280:c2716, 0cc34542-3a00-466e-ae84-194b84d3af7b:c2712, d451d94d-57a0-4545-b387-d428f64e3f33:c2712]
2019-07-09 16:26:01,905 INFO  client.GrpcClientProtocolClient (GrpcClientProtocolClient.java:onNext(255)) - client-0F1B900A64BD->9bf35ae9-4da0-4371-87fa-54ea3ce1f280: receive RaftClientReply:client-0F1B900A64BD->9bf35ae9-4da0-4371-87fa-54ea3ce1f280@group-432E83AF5B55, cid=1875, SUCCESS, logIndex=0, commits[9bf35ae9-4da0-4371-87fa-54ea3ce1f280:c2717, 0cc34542-3a00-466e-ae84-194b84d3af7b:c2716, d451d94d-57a0-4545-b387-d428f64e3f33:c2716]
2019-07-09 16:26:01,937 INFO  client.GrpcClientProtocolClient (GrpcClientProtocolClient.java:onNext(255)) - client-0F1B900A64BD->9bf35ae9-4da0-4371-87fa-54ea3ce1f280: receive RaftClientReply:client-0F1B900A64BD->9bf35ae9-4da0-4371-87fa-54ea3ce1f280@group-432E83AF5B55, cid=1876, SUCCESS, logIndex=2719, commits[9bf35ae9-4da0-4371-87fa-54ea3ce1f280:c2720, 0cc34542-3a00-466e-ae84-194b84d3af7b:c2718, d451d94d-57a0-4545-b387-d428f64e3f33:c2718]
2019-07-09 16:26:01,938 INFO  client.GrpcClientProtocolClient (GrpcClientProtocolClient.java:onNext(255)) - client-0F1B900A64BD->9bf35ae9-4da0-4371-87fa-54ea3ce1f280: receive RaftClientReply:client-0F1B900A64BD->9bf35ae9-4da0-4371-87fa-54ea3ce1f280@group-432E83AF5B55, cid=1877, SUCCESS, logIndex=2720, commits[9bf35ae9-4da0-4371-87fa-54ea3ce1f280:c2722, 0cc34542-3a00-466e-ae84-194b84d3af7b:c2718, d451d94d-57a0-4545-b387-d428f64e3f33:c2718]
2019-07-09 16:26:01,938 INFO  client.GrpcClientProtocolClient (GrpcClientProtocolClient.java:onNext(255)) - client-0F1B900A64BD->9bf35ae9-4da0-4371-87fa-54ea3ce1f280: receive RaftClientReply:client-0F1B900A64BD->9bf35ae9-4da0-4371-87fa-54ea3ce1f280@group-432E83AF5B55, cid=1878, SUCCESS, logIndex=2721, commits[9bf35ae9-4da0-4371-87fa-54ea3ce1f280:c2722, 0cc34542-3a00-466e-ae84-194b84d3af7b:c2718, d451d94d-57a0-4545-b387-d428f64e3f33:c2718]
2019-07-09 16:26:01,939 INFO  client.GrpcClientProtocolClient (GrpcClientProtocolClient.java:onNext(255)) - client-0F1B900A64BD->9bf35ae9-4da0-4371-87fa-54ea3ce1f280: receive RaftClientReply:client-0F1B900A64BD->9bf35ae9-4da0-4371-87fa-54ea3ce1f280@group-432E83AF5B55, cid=1879, SUCCESS, logIndex=2722, commits[9bf35ae9-4da0-4371-87fa-54ea3ce1f280:c2722, 0cc34542-3a00-466e-ae84-194b84d3af7b:c2718, d451d94d-57a0-4545-b387-d428f64e3f33:c2718]
2019-07-09 16:26:01,952 INFO  client.GrpcClientProtocolClient (GrpcClientProtocolClient.java:onNext(255)) - client-0F1B900A64BD->9bf35ae9-4da0-4371-87fa-54ea3ce1f280: receive RaftClientReply:client-0F1B900A64BD->9bf35ae9-4da0-4371-87fa-54ea3ce1f280@group-432E83AF5B55, cid=1880, SUCCESS, logIndex=0, commits[9bf35ae9-4da0-4371-87fa-54ea3ce1f280:c2724, 0cc34542-3a00-466e-ae84-194b84d3af7b:c2720, d451d94d-57a0-4545-b387-d428f64e3f33:c2720]
2019-07-09 16:26:01,972 INFO  client.GrpcClientProtocolClient (GrpcClientProtocolClient.java:onNext(255)) - client-0F1B900A64BD->9bf35ae9-4da0-4371-87fa-54ea3ce1f280: receive RaftClientReply:client-0F1B900A64BD->9bf35ae9-4da0-4371-87fa-54ea3ce1f280@group-432E83AF5B55, cid=1881, SUCCESS, logIndex=2727, commits[9bf35ae9-4da0-4371-87fa-54ea3ce1f280:c2728, 0cc34542-3a00-466e-ae84-194b84d3af7b:c2726, d451d94d-57a0-4545-b387-d428f64e3f33:c2726]
2019-07-09 16:26:01,973 INFO  client.GrpcClientProtocolClient (GrpcClientProtocolClient.java:onNext(255)) - client-0F1B900A64BD->9bf35ae9-4da0-4371-87fa-54ea3ce1f280: receive RaftClientReply:client-0F1B900A64BD->9bf35ae9-4da0-4371-87fa-54ea3ce1f280@group-432E83AF5B55, cid=1882, SUCCESS, logIndex=2728, commits[9bf35ae9-4da0-4371-87fa-54ea3ce1f280:c2728, 0cc34542-3a00-466e-ae84-194b84d3af7b:c2726, d451d94d-57a0-4545-b387-d428f64e3f33:c2726]
2019-07-09 16:26:01,986 INFO  client.GrpcClientProtocolClient (GrpcClientProtocolClient.java:onNext(255)) - client-0F1B900A64BD->9bf35ae9-4da0-4371-87fa-54ea3ce1f280: receive RaftClientReply:client-0F1B900A64BD->9bf35ae9-4da0-4371-87fa-54ea3ce1f280@group-432E83AF5B55, cid=1883, SUCCESS, logIndex=2731, commits[9bf35ae9-4da0-4371-87fa-54ea3ce1f280:c2732, 0cc34542-3a00-466e-ae84-194b84d3af7b:c2728, d451d94d-57a0-4545-b387-d428f64e3f33:c2728]
2019-07-09 16:26:01,986 INFO  client.GrpcClientProtocolClient (GrpcClientProtocolClient.java:onNext(255)) - client-0F1B900A64BD->9bf35ae9-4da0-4371-87fa-54ea3ce1f280: receive RaftClientReply:client-0F1B900A64BD->9bf35ae9-4da0-4371-87fa-54ea3ce1f280@group-432E83AF5B55, cid=1884, SUCCESS, logIndex=2732, commits[9bf35ae9-4da0-4371-87fa-54ea3ce1f280:c2732, 0cc34542-3a00-466e-ae84-194b84d3af7b:c2728, d451d94d-57a0-4545-b387-d428f64e3f33:c2728]
2019-07-09 16:26:02,001 INFO  client.GrpcClientProtocolClient (GrpcClientProtocolClient.java:onNext(255)) - client-0F1B900A64BD->9bf35ae9-4da0-4371-87fa-54ea3ce1f280: receive RaftClientReply:client-0F1B900A64BD->9bf35ae9-4da0-4371-87fa-54ea3ce1f280@group-432E83AF5B55, cid=1885, SUCCESS, logIndex=0, commits[9bf35ae9-4da0-4371-87fa-54ea3ce1f280:c2734, 0cc34542-3a00-466e-ae84-194b84d3af7b:c2732, d451d94d-57a0-4545-b387-d428f64e3f33:c2732]
2019-07-09 16:26:02,023 INFO  client.GrpcClientProtocolClient (GrpcClientProtocolClient.java:onNext(255)) - client-0F1B900A64BD->9bf35ae9-4da0-4371-87fa-54ea3ce1f280: receive RaftClientReply:client-0F1B900A64BD->9bf35ae9-4da0-4371-87fa-54ea3ce1f280@group-432E83AF5B55, cid=1886, SUCCESS, logIndex=2735, commits[9bf35ae9-4da0-4371-87fa-54ea3ce1f280:c2737, 0cc34542-3a00-466e-ae84-194b84d3af7b:c2734, d451d94d-57a0-4545-b387-d428f64e3f33:c2734]
2019-07-09 16:26:02,023 INFO  client.GrpcClientProtocolClient (GrpcClientProtocolClient.java:onNext(255)) - client-0F1B900A64BD->9bf35ae9-4da0-4371-87fa-54ea3ce1f280: receive RaftClientReply:client-0F1B900A64BD->9bf35ae9-4da0-4371-87fa-54ea3ce1f280@group-432E83AF5B55, cid=1887, SUCCESS, logIndex=2736, commits[9bf35ae9-4da0-4371-87fa-54ea3ce1f280:c2738, 0cc34542-3a00-466e-ae84-194b84d3af7b:c2734, d451d94d-57a0-4545-b387-d428f64e3f33:c2734]
2019-07-09 16:26:02,024 INFO  client.GrpcClientProtocolClient (GrpcClientProtocolClient.java:onNext(255)) - client-0F1B900A64BD->9bf35ae9-4da0-4371-87fa-54ea3ce1f280: receive RaftClientReply:client-0F1B900A64BD->9bf35ae9-4da0-4371-87fa-54ea3ce1f280@group-432E83AF5B55, cid=1888, SUCCESS, logIndex=2737, commits[9bf35ae9-4da0-4371-87fa-54ea3ce1f280:c2738, 0cc34542-3a00-466e-ae84-194b84d3af7b:c2734, d451d94d-57a0-4545-b387-d428f64e3f33:c2734]
2019-07-09 16:26:02,024 INFO  client.GrpcClientProtocolClient (GrpcClientProtocolClient.java:onNext(255)) - client-0F1B900A64BD->9bf35ae9-4da0-4371-87fa-54ea3ce1f280: receive RaftClientReply:client-0F1B900A64BD->9bf35ae9-4da0-4371-87fa-54ea3ce1f280@group-432E83AF5B55, cid=1889, SUCCESS, logIndex=2738, commits[9bf35ae9-4da0-4371-87fa-54ea3ce1f280:c2738, 0cc34542-3a00-466e-ae84-194b84d3af7b:c2734, d451d94d-57a0-4545-b387-d428f64e3f33:c2734]
2019-07-09 16:26:02,025 INFO  client.GrpcClientProtocolClient (GrpcClientProtocolClient.java:onNext(255)) - client-0F1B900A64BD->9bf35ae9-4da0-4371-87fa-54ea3ce1f280: receive RaftClientReply:client-0F1B900A64BD->9bf35ae9-4da0-4371-87fa-54ea3ce1f280@group-432E83AF5B55, cid=1890, SUCCESS, logIndex=0, commits[9bf35ae9-4da0-4371-87fa-54ea3ce1f280:c2741, 0cc34542-3a00-466e-ae84-194b84d3af7b:c2737, d451d94d-57a0-4545-b387-d428f64e3f33:c2736]
2019-07-09 16:26:02,045 INFO  client.GrpcClientProtocolClient (GrpcClientProtocolClient.java:onNext(255)) - client-0F1B900A64BD->9bf35ae9-4da0-4371-87fa-54ea3ce1f280: receive RaftClientReply:client-0F1B900A64BD->9bf35ae9-4da0-4371-87fa-54ea3ce1f280@group-432E83AF5B55, cid=1891, SUCCESS, logIndex=2743, commits[9bf35ae9-4da0-4371-87fa-54ea3ce1f280:c2744, 0cc34542-3a00-466e-ae84-194b84d3af7b:c2742, d451d94d-57a0-4545-b387-d428f64e3f33:c2742]
2019-07-09 16:26:02,045 INFO  client.GrpcClientProtocolClient (GrpcClientProtocolClient.java:onNext(255)) - client-0F1B900A64BD->9bf35ae9-4da0-4371-87fa-54ea3ce1f280: receive RaftClientReply:client-0F1B900A64BD->9bf35ae9-4da0-4371-87fa-54ea3ce1f280@group-432E83AF5B55, cid=1892, SUCCESS, logIndex=2744, commits[9bf35ae9-4da0-4371-87fa-54ea3ce1f280:c2744, 0cc34542-3a00-466e-ae84-194b84d3af7b:c2742, d451d94d-57a0-4545-b387-d428f64e3f33:c2742]
2019-07-09 16:26:02,058 INFO  client.GrpcClientProtocolClient (GrpcClientProtocolClient.java:onNext(255)) - client-0F1B900A64BD->9bf35ae9-4da0-4371-87fa-54ea3ce1f280: receive RaftClientReply:client-0F1B900A64BD->9bf35ae9-4da0-4371-87fa-54ea3ce1f280@group-432E83AF5B55, cid=1893, SUCCESS, logIndex=2747, commits[9bf35ae9-4da0-4371-87fa-54ea3ce1f280:c2748, 0cc34542-3a00-466e-ae84-194b84d3af7b:c2744, d451d94d-57a0-4545-b387-d428f64e3f33:c2744]
2019-07-09 16:26:02,059 INFO  client.GrpcClientProtocolClient (GrpcClientProtocolClient.java:onNext(255)) - client-0F1B900A64BD->9bf35ae9-4da0-4371-87fa-54ea3ce1f280: receive RaftClientReply:client-0F1B900A64BD->9bf35ae9-4da0-4371-87fa-54ea3ce1f280@group-432E83AF5B55, cid=1894, SUCCESS, logIndex=2748, commits[9bf35ae9-4da0-4371-87fa-54ea3ce1f280:c2748, 0cc34542-3a00-466e-ae84-194b84d3af7b:c2744, d451d94d-57a0-4545-b387-d428f64e3f33:c2744]
2019-07-09 16:26:02,072 INFO  client.GrpcClientProtocolClient (GrpcClientProtocolClient.java:onNext(255)) - client-0F1B900A64BD->9bf35ae9-4da0-4371-87fa-54ea3ce1f280: receive RaftClientReply:client-0F1B900A64BD->9bf35ae9-4da0-4371-87fa-54ea3ce1f280@group-432E83AF5B55, cid=1895, SUCCESS, logIndex=0, commits[9bf35ae9-4da0-4371-87fa-54ea3ce1f280:c2749, 0cc34542-3a00-466e-ae84-194b84d3af7b:c2748, d451d94d-57a0-4545-b387-d428f64e3f33:c2748]
2019-07-09 16:26:02,097 INFO  client.GrpcClientProtocolClient (GrpcClientProtocolClient.java:onNext(255)) - client-0F1B900A64BD->9bf35ae9-4da0-4371-87fa-54ea3ce1f280: receive RaftClientReply:client-0F1B900A64BD->9bf35ae9-4da0-4371-87fa-54ea3ce1f280@group-432E83AF5B55, cid=1896, SUCCESS, logIndex=2751, commits[9bf35ae9-4da0-4371-87fa-54ea3ce1f280:c2751, 0cc34542-3a00-466e-ae84-194b84d3af7b:c2750, d451d94d-57a0-4545-b387-d428f64e3f33:c2750]
2019-07-09 16:26:02,098 INFO  client.GrpcClientProtocolClient (GrpcClientProtocolClient.java:onNext(255)) - client-0F1B900A64BD->9bf35ae9-4da0-4371-87fa-54ea3ce1f280: receive RaftClientReply:client-0F1B900A64BD->9bf35ae9-4da0-4371-87fa-54ea3ce1f280@group-432E83AF5B55, cid=1897, SUCCESS, logIndex=2752, commits[9bf35ae9-4da0-4371-87fa-54ea3ce1f280:c2754, 0cc34542-3a00-466e-ae84-194b84d3af7b:c2750, d451d94d-57a0-4545-b387-d428f64e3f33:c2750]
2019-07-09 16:26:02,098 INFO  client.GrpcClientProtocolClient (GrpcClientProtocolClient.java:onNext(255)) - client-0F1B900A64BD->9bf35ae9-4da0-4371-87fa-54ea3ce1f280: receive RaftClientReply:client-0F1B900A64BD->9bf35ae9-4da0-4371-87fa-54ea3ce1f280@group-432E83AF5B55, cid=1898, SUCCESS, logIndex=2753, commits[9bf35ae9-4da0-4371-87fa-54ea3ce1f280:c2754, 0cc34542-3a00-466e-ae84-194b84d3af7b:c2750, d451d94d-57a0-4545-b387-d428f64e3f33:c2750]
2019-07-09 16:26:02,098 INFO  client.GrpcClientProtocolClient (GrpcClientProtocolClient.java:onNext(255)) - client-0F1B900A64BD->9bf35ae9-4da0-4371-87fa-54ea3ce1f280: receive RaftClientReply:client-0F1B900A64BD->9bf35ae9-4da0-4371-87fa-54ea3ce1f280@group-432E83AF5B55, cid=1899, SUCCESS, logIndex=2754, commits[9bf35ae9-4da0-4371-87fa-54ea3ce1f280:c2754, 0cc34542-3a00-466e-ae84-194b84d3af7b:c2750, d451d94d-57a0-4545-b387-d428f64e3f33:c2750]
2019-07-09 16:26:02,100 INFO  client.GrpcClientProtocolClient (GrpcClientProtocolClient.java:onNext(255)) - client-0F1B900A64BD->9bf35ae9-4da0-4371-87fa-54ea3ce1f280: receive RaftClientReply:client-0F1B900A64BD->9bf35ae9-4da0-4371-87fa-54ea3ce1f280@group-432E83AF5B55, cid=1900, SUCCESS, logIndex=0, commits[9bf35ae9-4da0-4371-87fa-54ea3ce1f280:c2756, 0cc34542-3a00-466e-ae84-194b84d3af7b:c2753, d451d94d-57a0-4545-b387-d428f64e3f33:c2753]
2019-07-09 16:26:02,120 INFO  client.GrpcClientProtocolClient (GrpcClientProtocolClient.java:onNext(255)) - client-0F1B900A64BD->9bf35ae9-4da0-4371-87fa-54ea3ce1f280: receive RaftClientReply:client-0F1B900A64BD->9bf35ae9-4da0-4371-87fa-54ea3ce1f280@group-432E83AF5B55, cid=1901, SUCCESS, logIndex=2758, commits[9bf35ae9-4da0-4371-87fa-54ea3ce1f280:c2759, 0cc34542-3a00-466e-ae84-194b84d3af7b:c2757, d451d94d-57a0-4545-b387-d428f64e3f33:c2757]
2019-07-09 16:26:02,120 INFO  client.GrpcClientProtocolClient (GrpcClientProtocolClient.java:onNext(255)) - client-0F1B900A64BD->9bf35ae9-4da0-4371-87fa-54ea3ce1f280: receive RaftClientReply:client-0F1B900A64BD->9bf35ae9-4da0-4371-87fa-54ea3ce1f280@group-432E83AF5B55, cid=1902, SUCCESS, logIndex=2759, commits[9bf35ae9-4da0-4371-87fa-54ea3ce1f280:c2759, 0cc34542-3a00-466e-ae84-194b84d3af7b:c2757, d451d94d-57a0-4545-b387-d428f64e3f33:c2757]
2019-07-09 16:26:02,135 INFO  client.GrpcClientProtocolClient (GrpcClientProtocolClient.java:onNext(255)) - client-0F1B900A64BD->9bf35ae9-4da0-4371-87fa-54ea3ce1f280: receive RaftClientReply:client-0F1B900A64BD->9bf35ae9-4da0-4371-87fa-54ea3ce1f280@group-432E83AF5B55, cid=1903, SUCCESS, logIndex=2762, commits[9bf35ae9-4da0-4371-87fa-54ea3ce1f280:c2763, 0cc34542-3a00-466e-ae84-194b84d3af7b:c2759, d451d94d-57a0-4545-b387-d428f64e3f33:c2759]
2019-07-09 16:26:02,135 INFO  client.GrpcClientProtocolClient (GrpcClientProtocolClient.java:onNext(255)) - client-0F1B900A64BD->9bf35ae9-4da0-4371-87fa-54ea3ce1f280: receive RaftClientReply:client-0F1B900A64BD->9bf35ae9-4da0-4371-87fa-54ea3ce1f280@group-432E83AF5B55, cid=1904, SUCCESS, logIndex=2763, commits[9bf35ae9-4da0-4371-87fa-54ea3ce1f280:c2763, 0cc34542-3a00-466e-ae84-194b84d3af7b:c2759, d451d94d-57a0-4545-b387-d428f64e3f33:c2759]
2019-07-09 16:26:02,147 INFO  client.GrpcClientProtocolClient (GrpcClientProtocolClient.java:onNext(255)) - client-0F1B900A64BD->9bf35ae9-4da0-4371-87fa-54ea3ce1f280: receive RaftClientReply:client-0F1B900A64BD->9bf35ae9-4da0-4371-87fa-54ea3ce1f280@group-432E83AF5B55, cid=1905, SUCCESS, logIndex=0, commits[9bf35ae9-4da0-4371-87fa-54ea3ce1f280:c2763, 0cc34542-3a00-466e-ae84-194b84d3af7b:c2763, d451d94d-57a0-4545-b387-d428f64e3f33:c2763]
2019-07-09 16:26:02,175 INFO  client.GrpcClientProtocolClient (GrpcClientProtocolClient.java:onNext(255)) - client-0F1B900A64BD->9bf35ae9-4da0-4371-87fa-54ea3ce1f280: receive RaftClientReply:client-0F1B900A64BD->9bf35ae9-4da0-4371-87fa-54ea3ce1f280@group-432E83AF5B55, cid=1906, SUCCESS, logIndex=2766, commits[9bf35ae9-4da0-4371-87fa-54ea3ce1f280:c2767, 0cc34542-3a00-466e-ae84-194b84d3af7b:c2765, d451d94d-57a0-4545-b387-d428f64e3f33:c2765]
2019-07-09 16:26:02,176 INFO  client.GrpcClientProtocolClient (GrpcClientProtocolClient.java:onNext(255)) - client-0F1B900A64BD->9bf35ae9-4da0-4371-87fa-54ea3ce1f280: receive RaftClientReply:client-0F1B900A64BD->9bf35ae9-4da0-4371-87fa-54ea3ce1f280@group-432E83AF5B55, cid=1907, SUCCESS, logIndex=2767, commits[9bf35ae9-4da0-4371-87fa-54ea3ce1f280:c2767, 0cc34542-3a00-466e-ae84-194b84d3af7b:c2765, d451d94d-57a0-4545-b387-d428f64e3f33:c2765]
2019-07-09 16:26:02,176 INFO  client.GrpcClientProtocolClient (GrpcClientProtocolClient.java:onNext(255)) - client-0F1B900A64BD->9bf35ae9-4da0-4371-87fa-54ea3ce1f280: receive RaftClientReply:client-0F1B900A64BD->9bf35ae9-4da0-4371-87fa-54ea3ce1f280@group-432E83AF5B55, cid=1908, SUCCESS, logIndex=2768, commits[9bf35ae9-4da0-4371-87fa-54ea3ce1f280:c2769, 0cc34542-3a00-466e-ae84-194b84d3af7b:c2765, d451d94d-57a0-4545-b387-d428f64e3f33:c2765]
2019-07-09 16:26:02,177 INFO  client.GrpcClientProtocolClient (GrpcClientProtocolClient.java:onNext(255)) - client-0F1B900A64BD->9bf35ae9-4da0-4371-87fa-54ea3ce1f280: receive RaftClientReply:client-0F1B900A64BD->9bf35ae9-4da0-4371-87fa-54ea3ce1f280@group-432E83AF5B55, cid=1909, SUCCESS, logIndex=2769, commits[9bf35ae9-4da0-4371-87fa-54ea3ce1f280:c2769, 0cc34542-3a00-466e-ae84-194b84d3af7b:c2765, d451d94d-57a0-4545-b387-d428f64e3f33:c2765]
2019-07-09 16:26:02,178 INFO  client.GrpcClientProtocolClient (GrpcClientProtocolClient.java:onNext(255)) - client-0F1B900A64BD->9bf35ae9-4da0-4371-87fa-54ea3ce1f280: receive RaftClientReply:client-0F1B900A64BD->9bf35ae9-4da0-4371-87fa-54ea3ce1f280@group-432E83AF5B55, cid=1910, SUCCESS, logIndex=0, commits[9bf35ae9-4da0-4371-87fa-54ea3ce1f280:c2771, 0cc34542-3a00-466e-ae84-194b84d3af7b:c2767, d451d94d-57a0-4545-b387-d428f64e3f33:c2767]
2019-07-09 16:26:02,197 INFO  client.GrpcClientProtocolClient (GrpcClientProtocolClient.java:onNext(255)) - client-0F1B900A64BD->9bf35ae9-4da0-4371-87fa-54ea3ce1f280: receive RaftClientReply:client-0F1B900A64BD->9bf35ae9-4da0-4371-87fa-54ea3ce1f280@group-432E83AF5B55, cid=1911, SUCCESS, logIndex=2774, commits[9bf35ae9-4da0-4371-87fa-54ea3ce1f280:c2775, 0cc34542-3a00-466e-ae84-194b84d3af7b:c2773, d451d94d-57a0-4545-b387-d428f64e3f33:c2773]
2019-07-09 16:26:02,197 INFO  client.GrpcClientProtocolClient (GrpcClientProtocolClient.java:onNext(255)) - client-0F1B900A64BD->9bf35ae9-4da0-4371-87fa-54ea3ce1f280: receive RaftClientReply:client-0F1B900A64BD->9bf35ae9-4da0-4371-87fa-54ea3ce1f280@group-432E83AF5B55, cid=1912, SUCCESS, logIndex=2775, commits[9bf35ae9-4da0-4371-87fa-54ea3ce1f280:c2775, 0cc34542-3a00-466e-ae84-194b84d3af7b:c2773, d451d94d-57a0-4545-b387-d428f64e3f33:c2773]
2019-07-09 16:26:02,211 INFO  client.GrpcClientProtocolClient (GrpcClientProtocolClient.java:onNext(255)) - client-0F1B900A64BD->9bf35ae9-4da0-4371-87fa-54ea3ce1f280: receive RaftClientReply:client-0F1B900A64BD->9bf35ae9-4da0-4371-87fa-54ea3ce1f280@group-432E83AF5B55, cid=1913, SUCCESS, logIndex=2778, commits[9bf35ae9-4da0-4371-87fa-54ea3ce1f280:c2779, 0cc34542-3a00-466e-ae84-194b84d3af7b:c2775, d451d94d-57a0-4545-b387-d428f64e3f33:c2775]
2019-07-09 16:26:02,211 INFO  client.GrpcClientProtocolClient (GrpcClientProtocolClient.java:onNext(255)) - client-0F1B900A64BD->9bf35ae9-4da0-4371-87fa-54ea3ce1f280: receive RaftClientReply:client-0F1B900A64BD->9bf35ae9-4da0-4371-87fa-54ea3ce1f280@group-432E83AF5B55, cid=1914, SUCCESS, logIndex=2779, commits[9bf35ae9-4da0-4371-87fa-54ea3ce1f280:c2779, 0cc34542-3a00-466e-ae84-194b84d3af7b:c2775, d451d94d-57a0-4545-b387-d428f64e3f33:c2775]
2019-07-09 16:26:02,215 INFO  client.GrpcClientProtocolClient (GrpcClientProtocolClient.java:onNext(255)) - client-0F1B900A64BD->9bf35ae9-4da0-4371-87fa-54ea3ce1f280: receive RaftClientReply:client-0F1B900A64BD->9bf35ae9-4da0-4371-87fa-54ea3ce1f280@group-432E83AF5B55, cid=1915, SUCCESS, logIndex=0, commits[9bf35ae9-4da0-4371-87fa-54ea3ce1f280:c2780, 0cc34542-3a00-466e-ae84-194b84d3af7b:c2779, d451d94d-57a0-4545-b387-d428f64e3f33:c2779]
2019-07-09 16:26:02,240 INFO  client.GrpcClientProtocolClient (GrpcClientProtocolClient.java:onNext(255)) - client-0F1B900A64BD->9bf35ae9-4da0-4371-87fa-54ea3ce1f280: receive RaftClientReply:client-0F1B900A64BD->9bf35ae9-4da0-4371-87fa-54ea3ce1f280@group-432E83AF5B55, cid=1916, SUCCESS, logIndex=2782, commits[9bf35ae9-4da0-4371-87fa-54ea3ce1f280:c2784, 0cc34542-3a00-466e-ae84-194b84d3af7b:c2781, d451d94d-57a0-4545-b387-d428f64e3f33:c2781]
2019-07-09 16:26:02,240 INFO  client.GrpcClientProtocolClient (GrpcClientProtocolClient.java:onNext(255)) - client-0F1B900A64BD->9bf35ae9-4da0-4371-87fa-54ea3ce1f280: receive RaftClientReply:client-0F1B900A64BD->9bf35ae9-4da0-4371-87fa-54ea3ce1f280@group-432E83AF5B55, cid=1917, SUCCESS, logIndex=2783, commits[9bf35ae9-4da0-4371-87fa-54ea3ce1f280:c2785, 0cc34542-3a00-466e-ae84-194b84d3af7b:c2781, d451d94d-57a0-4545-b387-d428f64e3f33:c2781]
2019-07-09 16:26:02,241 INFO  client.GrpcClientProtocolClient (GrpcClientProtocolClient.java:onNext(255)) - client-0F1B900A64BD->9bf35ae9-4da0-4371-87fa-54ea3ce1f280: receive RaftClientReply:client-0F1B900A64BD->9bf35ae9-4da0-4371-87fa-54ea3ce1f280@group-432E83AF5B55, cid=1918, SUCCESS, logIndex=2784, commits[9bf35ae9-4da0-4371-87fa-54ea3ce1f280:c2785, 0cc34542-3a00-466e-ae84-194b84d3af7b:c2781, d451d94d-57a0-4545-b387-d428f64e3f33:c2781]
2019-07-09 16:26:02,241 INFO  client.GrpcClientProtocolClient (GrpcClientProtocolClient.java:onNext(255)) - client-0F1B900A64BD->9bf35ae9-4da0-4371-87fa-54ea3ce1f280: receive RaftClientReply:client-0F1B900A64BD->9bf35ae9-4da0-4371-87fa-54ea3ce1f280@group-432E83AF5B55, cid=1919, SUCCESS, logIndex=2785, commits[9bf35ae9-4da0-4371-87fa-54ea3ce1f280:c2785, 0cc34542-3a00-466e-ae84-194b84d3af7b:c2781, d451d94d-57a0-4545-b387-d428f64e3f33:c2781]
2019-07-09 16:26:02,242 INFO  client.GrpcClientProtocolClient (GrpcClientProtocolClient.java:onNext(255)) - client-0F1B900A64BD->9bf35ae9-4da0-4371-87fa-54ea3ce1f280: receive RaftClientReply:client-0F1B900A64BD->9bf35ae9-4da0-4371-87fa-54ea3ce1f280@group-432E83AF5B55, cid=1920, SUCCESS, logIndex=0, commits[9bf35ae9-4da0-4371-87fa-54ea3ce1f280:c2787, 0cc34542-3a00-466e-ae84-194b84d3af7b:c2784, d451d94d-57a0-4545-b387-d428f64e3f33:c2784]
2019-07-09 16:26:02,278 INFO  client.GrpcClientProtocolClient (GrpcClientProtocolClient.java:onNext(255)) - client-0F1B900A64BD->9bf35ae9-4da0-4371-87fa-54ea3ce1f280: receive RaftClientReply:client-0F1B900A64BD->9bf35ae9-4da0-4371-87fa-54ea3ce1f280@group-432E83AF5B55, cid=1921, SUCCESS, logIndex=2790, commits[9bf35ae9-4da0-4371-87fa-54ea3ce1f280:c2791, 0cc34542-3a00-466e-ae84-194b84d3af7b:c2789, d451d94d-57a0-4545-b387-d428f64e3f33:c2789]
2019-07-09 16:26:02,279 INFO  client.GrpcClientProtocolClient (GrpcClientProtocolClient.java:onNext(255)) - client-0F1B900A64BD->9bf35ae9-4da0-4371-87fa-54ea3ce1f280: receive RaftClientReply:client-0F1B900A64BD->9bf35ae9-4da0-4371-87fa-54ea3ce1f280@group-432E83AF5B55, cid=1922, SUCCESS, logIndex=2791, commits[9bf35ae9-4da0-4371-87fa-54ea3ce1f280:c2791, 0cc34542-3a00-466e-ae84-194b84d3af7b:c2789, d451d94d-57a0-4545-b387-d428f64e3f33:c2789]
2019-07-09 16:26:02,292 INFO  client.GrpcClientProtocolClient (GrpcClientProtocolClient.java:onNext(255)) - client-0F1B900A64BD->9bf35ae9-4da0-4371-87fa-54ea3ce1f280: receive RaftClientReply:client-0F1B900A64BD->9bf35ae9-4da0-4371-87fa-54ea3ce1f280@group-432E83AF5B55, cid=1923, SUCCESS, logIndex=2794, commits[9bf35ae9-4da0-4371-87fa-54ea3ce1f280:c2795, 0cc34542-3a00-466e-ae84-194b84d3af7b:c2789, d451d94d-57a0-4545-b387-d428f64e3f33:c2791]
2019-07-09 16:26:02,293 INFO  client.GrpcClientProtocolClient (GrpcClientProtocolClient.java:onNext(255)) - client-0F1B900A64BD->9bf35ae9-4da0-4371-87fa-54ea3ce1f280: receive RaftClientReply:client-0F1B900A64BD->9bf35ae9-4da0-4371-87fa-54ea3ce1f280@group-432E83AF5B55, cid=1924, SUCCESS, logIndex=2795, commits[9bf35ae9-4da0-4371-87fa-54ea3ce1f280:c2795, 0cc34542-3a00-466e-ae84-194b84d3af7b:c2791, d451d94d-57a0-4545-b387-d428f64e3f33:c2791]
2019-07-09 16:26:02,304 INFO  client.GrpcClientProtocolClient (GrpcClientProtocolClient.java:onNext(255)) - client-0F1B900A64BD->9bf35ae9-4da0-4371-87fa-54ea3ce1f280: receive RaftClientReply:client-0F1B900A64BD->9bf35ae9-4da0-4371-87fa-54ea3ce1f280@group-432E83AF5B55, cid=1925, SUCCESS, logIndex=0, commits[9bf35ae9-4da0-4371-87fa-54ea3ce1f280:c2795, 0cc34542-3a00-466e-ae84-194b84d3af7b:c2795, d451d94d-57a0-4545-b387-d428f64e3f33:c2795]
2019-07-09 16:26:02,328 INFO  client.GrpcClientProtocolClient (GrpcClientProtocolClient.java:onNext(255)) - client-0F1B900A64BD->9bf35ae9-4da0-4371-87fa-54ea3ce1f280: receive RaftClientReply:client-0F1B900A64BD->9bf35ae9-4da0-4371-87fa-54ea3ce1f280@group-432E83AF5B55, cid=1926, SUCCESS, logIndex=2798, commits[9bf35ae9-4da0-4371-87fa-54ea3ce1f280:c2800, 0cc34542-3a00-466e-ae84-194b84d3af7b:c2797, d451d94d-57a0-4545-b387-d428f64e3f33:c2797]
2019-07-09 16:26:02,329 INFO  client.GrpcClientProtocolClient (GrpcClientProtocolClient.java:onNext(255)) - client-0F1B900A64BD->9bf35ae9-4da0-4371-87fa-54ea3ce1f280: receive RaftClientReply:client-0F1B900A64BD->9bf35ae9-4da0-4371-87fa-54ea3ce1f280@group-432E83AF5B55, cid=1927, SUCCESS, logIndex=2799, commits[9bf35ae9-4da0-4371-87fa-54ea3ce1f280:c2801, 0cc34542-3a00-466e-ae84-194b84d3af7b:c2797, d451d94d-57a0-4545-b387-d428f64e3f33:c2797]
2019-07-09 16:26:02,329 INFO  client.GrpcClientProtocolClient (GrpcClientProtocolClient.java:onNext(255)) - client-0F1B900A64BD->9bf35ae9-4da0-4371-87fa-54ea3ce1f280: receive RaftClientReply:client-0F1B900A64BD->9bf35ae9-4da0-4371-87fa-54ea3ce1f280@group-432E83AF5B55, cid=1928, SUCCESS, logIndex=2800, commits[9bf35ae9-4da0-4371-87fa-54ea3ce1f280:c2801, 0cc34542-3a00-466e-ae84-194b84d3af7b:c2797, d451d94d-57a0-4545-b387-d428f64e3f33:c2797]
2019-07-09 16:26:02,329 INFO  client.GrpcClientProtocolClient (GrpcClientProtocolClient.java:onNext(255)) - client-0F1B900A64BD->9bf35ae9-4da0-4371-87fa-54ea3ce1f280: receive RaftClientReply:client-0F1B900A64BD->9bf35ae9-4da0-4371-87fa-54ea3ce1f280@group-432E83AF5B55, cid=1929, SUCCESS, logIndex=2801, commits[9bf35ae9-4da0-4371-87fa-54ea3ce1f280:c2801, 0cc34542-3a00-466e-ae84-194b84d3af7b:c2797, d451d94d-57a0-4545-b387-d428f64e3f33:c2797]
2019-07-09 16:26:02,331 INFO  client.GrpcClientProtocolClient (GrpcClientProtocolClient.java:onNext(255)) - client-0F1B900A64BD->9bf35ae9-4da0-4371-87fa-54ea3ce1f280: receive RaftClientReply:client-0F1B900A64BD->9bf35ae9-4da0-4371-87fa-54ea3ce1f280@group-432E83AF5B55, cid=1930, SUCCESS, logIndex=0, commits[9bf35ae9-4da0-4371-87fa-54ea3ce1f280:c2804, 0cc34542-3a00-466e-ae84-194b84d3af7b:c2800, d451d94d-57a0-4545-b387-d428f64e3f33:c2799]
2019-07-09 16:26:02,350 INFO  client.GrpcClientProtocolClient (GrpcClientProtocolClient.java:onNext(255)) - client-0F1B900A64BD->9bf35ae9-4da0-4371-87fa-54ea3ce1f280: receive RaftClientReply:client-0F1B900A64BD->9bf35ae9-4da0-4371-87fa-54ea3ce1f280@group-432E83AF5B55, cid=1931, SUCCESS, logIndex=2806, commits[9bf35ae9-4da0-4371-87fa-54ea3ce1f280:c2807, 0cc34542-3a00-466e-ae84-194b84d3af7b:c2805, d451d94d-57a0-4545-b387-d428f64e3f33:c2805]
2019-07-09 16:26:02,350 INFO  client.GrpcClientProtocolClient (GrpcClientProtocolClient.java:onNext(255)) - client-0F1B900A64BD->9bf35ae9-4da0-4371-87fa-54ea3ce1f280: receive RaftClientReply:client-0F1B900A64BD->9bf35ae9-4da0-4371-87fa-54ea3ce1f280@group-432E83AF5B55, cid=1932, SUCCESS, logIndex=2807, commits[9bf35ae9-4da0-4371-87fa-54ea3ce1f280:c2807, 0cc34542-3a00-466e-ae84-194b84d3af7b:c2805, d451d94d-57a0-4545-b387-d428f64e3f33:c2805]
2019-07-09 16:26:02,364 INFO  client.GrpcClientProtocolClient (GrpcClientProtocolClient.java:onNext(255)) - client-0F1B900A64BD->9bf35ae9-4da0-4371-87fa-54ea3ce1f280: receive RaftClientReply:client-0F1B900A64BD->9bf35ae9-4da0-4371-87fa-54ea3ce1f280@group-432E83AF5B55, cid=1933, SUCCESS, logIndex=2810, commits[9bf35ae9-4da0-4371-87fa-54ea3ce1f280:c2811, 0cc34542-3a00-466e-ae84-194b84d3af7b:c2807, d451d94d-57a0-4545-b387-d428f64e3f33:c2807]
2019-07-09 16:26:02,364 INFO  client.GrpcClientProtocolClient (GrpcClientProtocolClient.java:onNext(255)) - client-0F1B900A64BD->9bf35ae9-4da0-4371-87fa-54ea3ce1f280: receive RaftClientReply:client-0F1B900A64BD->9bf35ae9-4da0-4371-87fa-54ea3ce1f280@group-432E83AF5B55, cid=1934, SUCCESS, logIndex=2811, commits[9bf35ae9-4da0-4371-87fa-54ea3ce1f280:c2811, 0cc34542-3a00-466e-ae84-194b84d3af7b:c2807, d451d94d-57a0-4545-b387-d428f64e3f33:c2807]
2019-07-09 16:26:02,376 INFO  client.GrpcClientProtocolClient (GrpcClientProtocolClient.java:onNext(255)) - client-0F1B900A64BD->9bf35ae9-4da0-4371-87fa-54ea3ce1f280: receive RaftClientReply:client-0F1B900A64BD->9bf35ae9-4da0-4371-87fa-54ea3ce1f280@group-432E83AF5B55, cid=1935, SUCCESS, logIndex=0, commits[9bf35ae9-4da0-4371-87fa-54ea3ce1f280:c2812, 0cc34542-3a00-466e-ae84-194b84d3af7b:c2811, d451d94d-57a0-4545-b387-d428f64e3f33:c2811]
2019-07-09 16:26:02,465 INFO  client.GrpcClientProtocolClient (GrpcClientProtocolClient.java:onNext(255)) - client-0F1B900A64BD->9bf35ae9-4da0-4371-87fa-54ea3ce1f280: receive RaftClientReply:client-0F1B900A64BD->9bf35ae9-4da0-4371-87fa-54ea3ce1f280@group-432E83AF5B55, cid=1936, SUCCESS, logIndex=2814, commits[9bf35ae9-4da0-4371-87fa-54ea3ce1f280:c2817, 0cc34542-3a00-466e-ae84-194b84d3af7b:c2813, d451d94d-57a0-4545-b387-d428f64e3f33:c2813]
2019-07-09 16:26:02,465 INFO  client.GrpcClientProtocolClient (GrpcClientProtocolClient.java:onNext(255)) - client-0F1B900A64BD->9bf35ae9-4da0-4371-87fa-54ea3ce1f280: receive RaftClientReply:client-0F1B900A64BD->9bf35ae9-4da0-4371-87fa-54ea3ce1f280@group-432E83AF5B55, cid=1937, SUCCESS, logIndex=2815, commits[9bf35ae9-4da0-4371-87fa-54ea3ce1f280:c2817, 0cc34542-3a00-466e-ae84-194b84d3af7b:c2813, d451d94d-57a0-4545-b387-d428f64e3f33:c2813]
2019-07-09 16:26:02,465 INFO  client.GrpcClientProtocolClient (GrpcClientProtocolClient.java:onNext(255)) - client-0F1B900A64BD->9bf35ae9-4da0-4371-87fa-54ea3ce1f280: receive RaftClientReply:client-0F1B900A64BD->9bf35ae9-4da0-4371-87fa-54ea3ce1f280@group-432E83AF5B55, cid=1938, SUCCESS, logIndex=2816, commits[9bf35ae9-4da0-4371-87fa-54ea3ce1f280:c2817, 0cc34542-3a00-466e-ae84-194b84d3af7b:c2813, d451d94d-57a0-4545-b387-d428f64e3f33:c2813]
2019-07-09 16:26:02,466 INFO  client.GrpcClientProtocolClient (GrpcClientProtocolClient.java:onNext(255)) - client-0F1B900A64BD->9bf35ae9-4da0-4371-87fa-54ea3ce1f280: receive RaftClientReply:client-0F1B900A64BD->9bf35ae9-4da0-4371-87fa-54ea3ce1f280@group-432E83AF5B55, cid=1939, SUCCESS, logIndex=2817, commits[9bf35ae9-4da0-4371-87fa-54ea3ce1f280:c2817, 0cc34542-3a00-466e-ae84-194b84d3af7b:c2813, d451d94d-57a0-4545-b387-d428f64e3f33:c2813]
2019-07-09 16:26:02,489 INFO  client.GrpcClientProtocolClient (GrpcClientProtocolClient.java:onNext(255)) - client-0F1B900A64BD->9bf35ae9-4da0-4371-87fa-54ea3ce1f280: receive RaftClientReply:client-0F1B900A64BD->9bf35ae9-4da0-4371-87fa-54ea3ce1f280@group-432E83AF5B55, cid=1940, SUCCESS, logIndex=0, commits[9bf35ae9-4da0-4371-87fa-54ea3ce1f280:c2817, 0cc34542-3a00-466e-ae84-194b84d3af7b:c2815, d451d94d-57a0-4545-b387-d428f64e3f33:c2815]
2019-07-09 16:26:02,509 INFO  client.GrpcClientProtocolClient (GrpcClientProtocolClient.java:onNext(255)) - client-0F1B900A64BD->9bf35ae9-4da0-4371-87fa-54ea3ce1f280: receive RaftClientReply:client-0F1B900A64BD->9bf35ae9-4da0-4371-87fa-54ea3ce1f280@group-432E83AF5B55, cid=1941, SUCCESS, logIndex=2821, commits[9bf35ae9-4da0-4371-87fa-54ea3ce1f280:c2822, 0cc34542-3a00-466e-ae84-194b84d3af7b:c2820, d451d94d-57a0-4545-b387-d428f64e3f33:c2820]
2019-07-09 16:26:02,509 INFO  client.GrpcClientProtocolClient (GrpcClientProtocolClient.java:onNext(255)) - client-0F1B900A64BD->9bf35ae9-4da0-4371-87fa-54ea3ce1f280: receive RaftClientReply:client-0F1B900A64BD->9bf35ae9-4da0-4371-87fa-54ea3ce1f280@group-432E83AF5B55, cid=1942, SUCCESS, logIndex=2822, commits[9bf35ae9-4da0-4371-87fa-54ea3ce1f280:c2822, 0cc34542-3a00-466e-ae84-194b84d3af7b:c2820, d451d94d-57a0-4545-b387-d428f64e3f33:c2820]
2019-07-09 16:26:02,522 INFO  client.GrpcClientProtocolClient (GrpcClientProtocolClient.java:onNext(255)) - client-0F1B900A64BD->9bf35ae9-4da0-4371-87fa-54ea3ce1f280: receive RaftClientReply:client-0F1B900A64BD->9bf35ae9-4da0-4371-87fa-54ea3ce1f280@group-432E83AF5B55, cid=1943, SUCCESS, logIndex=2825, commits[9bf35ae9-4da0-4371-87fa-54ea3ce1f280:c2826, 0cc34542-3a00-466e-ae84-194b84d3af7b:c2822, d451d94d-57a0-4545-b387-d428f64e3f33:c2822]
2019-07-09 16:26:02,523 INFO  client.GrpcClientProtocolClient (GrpcClientProtocolClient.java:onNext(255)) - client-0F1B900A64BD->9bf35ae9-4da0-4371-87fa-54ea3ce1f280: receive RaftClientReply:client-0F1B900A64BD->9bf35ae9-4da0-4371-87fa-54ea3ce1f280@group-432E83AF5B55, cid=1944, SUCCESS, logIndex=2826, commits[9bf35ae9-4da0-4371-87fa-54ea3ce1f280:c2826, 0cc34542-3a00-466e-ae84-194b84d3af7b:c2822, d451d94d-57a0-4545-b387-d428f64e3f33:c2822]
2019-07-09 16:26:02,535 INFO  client.GrpcClientProtocolClient (GrpcClientProtocolClient.java:onNext(255)) - client-0F1B900A64BD->9bf35ae9-4da0-4371-87fa-54ea3ce1f280: receive RaftClientReply:client-0F1B900A64BD->9bf35ae9-4da0-4371-87fa-54ea3ce1f280@group-432E83AF5B55, cid=1945, SUCCESS, logIndex=0, commits[9bf35ae9-4da0-4371-87fa-54ea3ce1f280:c2828, 0cc34542-3a00-466e-ae84-194b84d3af7b:c2826, d451d94d-57a0-4545-b387-d428f64e3f33:c2826]
2019-07-09 16:26:02,565 INFO  client.GrpcClientProtocolClient (GrpcClientProtocolClient.java:onNext(255)) - client-0F1B900A64BD->9bf35ae9-4da0-4371-87fa-54ea3ce1f280: receive RaftClientReply:client-0F1B900A64BD->9bf35ae9-4da0-4371-87fa-54ea3ce1f280@group-432E83AF5B55, cid=1946, SUCCESS, logIndex=2829, commits[9bf35ae9-4da0-4371-87fa-54ea3ce1f280:c2831, 0cc34542-3a00-466e-ae84-194b84d3af7b:c2828, d451d94d-57a0-4545-b387-d428f64e3f33:c2828]
2019-07-09 16:26:02,566 INFO  client.GrpcClientProtocolClient (GrpcClientProtocolClient.java:onNext(255)) - client-0F1B900A64BD->9bf35ae9-4da0-4371-87fa-54ea3ce1f280: receive RaftClientReply:client-0F1B900A64BD->9bf35ae9-4da0-4371-87fa-54ea3ce1f280@group-432E83AF5B55, cid=1947, SUCCESS, logIndex=2830, commits[9bf35ae9-4da0-4371-87fa-54ea3ce1f280:c2832, 0cc34542-3a00-466e-ae84-194b84d3af7b:c2828, d451d94d-57a0-4545-b387-d428f64e3f33:c2828]
2019-07-09 16:26:02,566 INFO  client.GrpcClientProtocolClient (GrpcClientProtocolClient.java:onNext(255)) - client-0F1B900A64BD->9bf35ae9-4da0-4371-87fa-54ea3ce1f280: receive RaftClientReply:client-0F1B900A64BD->9bf35ae9-4da0-4371-87fa-54ea3ce1f280@group-432E83AF5B55, cid=1948, SUCCESS, logIndex=2831, commits[9bf35ae9-4da0-4371-87fa-54ea3ce1f280:c2832, 0cc34542-3a00-466e-ae84-194b84d3af7b:c2828, d451d94d-57a0-4545-b387-d428f64e3f33:c2828]
2019-07-09 16:26:02,566 INFO  client.GrpcClientProtocolClient (GrpcClientProtocolClient.java:onNext(255)) - client-0F1B900A64BD->9bf35ae9-4da0-4371-87fa-54ea3ce1f280: receive RaftClientReply:client-0F1B900A64BD->9bf35ae9-4da0-4371-87fa-54ea3ce1f280@group-432E83AF5B55, cid=1949, SUCCESS, logIndex=2832, commits[9bf35ae9-4da0-4371-87fa-54ea3ce1f280:c2832, 0cc34542-3a00-466e-ae84-194b84d3af7b:c2828, d451d94d-57a0-4545-b387-d428f64e3f33:c2828]
2019-07-09 16:26:02,567 INFO  client.GrpcClientProtocolClient (GrpcClientProtocolClient.java:onNext(255)) - client-0F1B900A64BD->9bf35ae9-4da0-4371-87fa-54ea3ce1f280: receive RaftClientReply:client-0F1B900A64BD->9bf35ae9-4da0-4371-87fa-54ea3ce1f280@group-432E83AF5B55, cid=1950, SUCCESS, logIndex=0, commits[9bf35ae9-4da0-4371-87fa-54ea3ce1f280:c2833, 0cc34542-3a00-466e-ae84-194b84d3af7b:c2830, d451d94d-57a0-4545-b387-d428f64e3f33:c2830]
2019-07-09 16:26:02,587 INFO  client.GrpcClientProtocolClient (GrpcClientProtocolClient.java:onNext(255)) - client-0F1B900A64BD->9bf35ae9-4da0-4371-87fa-54ea3ce1f280: receive RaftClientReply:client-0F1B900A64BD->9bf35ae9-4da0-4371-87fa-54ea3ce1f280@group-432E83AF5B55, cid=1951, SUCCESS, logIndex=2837, commits[9bf35ae9-4da0-4371-87fa-54ea3ce1f280:c2838, 0cc34542-3a00-466e-ae84-194b84d3af7b:c2836, d451d94d-57a0-4545-b387-d428f64e3f33:c2836]
2019-07-09 16:26:02,587 INFO  client.GrpcClientProtocolClient (GrpcClientProtocolClient.java:onNext(255)) - client-0F1B900A64BD->9bf35ae9-4da0-4371-87fa-54ea3ce1f280: receive RaftClientReply:client-0F1B900A64BD->9bf35ae9-4da0-4371-87fa-54ea3ce1f280@group-432E83AF5B55, cid=1952, SUCCESS, logIndex=2838, commits[9bf35ae9-4da0-4371-87fa-54ea3ce1f280:c2838, 0cc34542-3a00-466e-ae84-194b84d3af7b:c2836, d451d94d-57a0-4545-b387-d428f64e3f33:c2836]
2019-07-09 16:26:02,600 INFO  client.GrpcClientProtocolClient (GrpcClientProtocolClient.java:onNext(255)) - client-0F1B900A64BD->9bf35ae9-4da0-4371-87fa-54ea3ce1f280: receive RaftClientReply:client-0F1B900A64BD->9bf35ae9-4da0-4371-87fa-54ea3ce1f280@group-432E83AF5B55, cid=1953, SUCCESS, logIndex=2841, commits[9bf35ae9-4da0-4371-87fa-54ea3ce1f280:c2842, 0cc34542-3a00-466e-ae84-194b84d3af7b:c2838, d451d94d-57a0-4545-b387-d428f64e3f33:c2838]
2019-07-09 16:26:02,600 INFO  client.GrpcClientProtocolClient (GrpcClientProtocolClient.java:onNext(255)) - client-0F1B900A64BD->9bf35ae9-4da0-4371-87fa-54ea3ce1f280: receive RaftClientReply:client-0F1B900A64BD->9bf35ae9-4da0-4371-87fa-54ea3ce1f280@group-432E83AF5B55, cid=1954, SUCCESS, logIndex=2842, commits[9bf35ae9-4da0-4371-87fa-54ea3ce1f280:c2842, 0cc34542-3a00-466e-ae84-194b84d3af7b:c2838, d451d94d-57a0-4545-b387-d428f64e3f33:c2838]
2019-07-09 16:26:02,612 INFO  client.GrpcClientProtocolClient (GrpcClientProtocolClient.java:onNext(255)) - client-0F1B900A64BD->9bf35ae9-4da0-4371-87fa-54ea3ce1f280: receive RaftClientReply:client-0F1B900A64BD->9bf35ae9-4da0-4371-87fa-54ea3ce1f280@group-432E83AF5B55, cid=1955, SUCCESS, logIndex=0, commits[9bf35ae9-4da0-4371-87fa-54ea3ce1f280:c2843, 0cc34542-3a00-466e-ae84-194b84d3af7b:c2842, d451d94d-57a0-4545-b387-d428f64e3f33:c2842]
2019-07-09 16:26:02,642 INFO  client.GrpcClientProtocolClient (GrpcClientProtocolClient.java:onNext(255)) - client-0F1B900A64BD->9bf35ae9-4da0-4371-87fa-54ea3ce1f280: receive RaftClientReply:client-0F1B900A64BD->9bf35ae9-4da0-4371-87fa-54ea3ce1f280@group-432E83AF5B55, cid=1956, SUCCESS, logIndex=2845, commits[9bf35ae9-4da0-4371-87fa-54ea3ce1f280:c2846, 0cc34542-3a00-466e-ae84-194b84d3af7b:c2844, d451d94d-57a0-4545-b387-d428f64e3f33:c2844]
2019-07-09 16:26:02,642 INFO  client.GrpcClientProtocolClient (GrpcClientProtocolClient.java:onNext(255)) - client-0F1B900A64BD->9bf35ae9-4da0-4371-87fa-54ea3ce1f280: receive RaftClientReply:client-0F1B900A64BD->9bf35ae9-4da0-4371-87fa-54ea3ce1f280@group-432E83AF5B55, cid=1957, SUCCESS, logIndex=2846, commits[9bf35ae9-4da0-4371-87fa-54ea3ce1f280:c2846, 0cc34542-3a00-466e-ae84-194b84d3af7b:c2844, d451d94d-57a0-4545-b387-d428f64e3f33:c2844]
2019-07-09 16:26:02,642 INFO  client.GrpcClientProtocolClient (GrpcClientProtocolClient.java:onNext(255)) - client-0F1B900A64BD->9bf35ae9-4da0-4371-87fa-54ea3ce1f280: receive RaftClientReply:client-0F1B900A64BD->9bf35ae9-4da0-4371-87fa-54ea3ce1f280@group-432E83AF5B55, cid=1958, SUCCESS, logIndex=2847, commits[9bf35ae9-4da0-4371-87fa-54ea3ce1f280:c2848, 0cc34542-3a00-466e-ae84-194b84d3af7b:c2844, d451d94d-57a0-4545-b387-d428f64e3f33:c2844]
2019-07-09 16:26:02,642 INFO  client.GrpcClientProtocolClient (GrpcClientProtocolClient.java:onNext(255)) - client-0F1B900A64BD->9bf35ae9-4da0-4371-87fa-54ea3ce1f280: receive RaftClientReply:client-0F1B900A64BD->9bf35ae9-4da0-4371-87fa-54ea3ce1f280@group-432E83AF5B55, cid=1959, SUCCESS, logIndex=2848, commits[9bf35ae9-4da0-4371-87fa-54ea3ce1f280:c2848, 0cc34542-3a00-466e-ae84-194b84d3af7b:c2844, d451d94d-57a0-4545-b387-d428f64e3f33:c2844]
2019-07-09 16:26:02,644 INFO  client.GrpcClientProtocolClient (GrpcClientProtocolClient.java:onNext(255)) - client-0F1B900A64BD->9bf35ae9-4da0-4371-87fa-54ea3ce1f280: receive RaftClientReply:client-0F1B900A64BD->9bf35ae9-4da0-4371-87fa-54ea3ce1f280@group-432E83AF5B55, cid=1960, SUCCESS, logIndex=0, commits[9bf35ae9-4da0-4371-87fa-54ea3ce1f280:c2850, 0cc34542-3a00-466e-ae84-194b84d3af7b:c2846, d451d94d-57a0-4545-b387-d428f64e3f33:c2846]
2019-07-09 16:26:02,663 INFO  client.GrpcClientProtocolClient (GrpcClientProtocolClient.java:onNext(255)) - client-0F1B900A64BD->9bf35ae9-4da0-4371-87fa-54ea3ce1f280: receive RaftClientReply:client-0F1B900A64BD->9bf35ae9-4da0-4371-87fa-54ea3ce1f280@group-432E83AF5B55, cid=1961, SUCCESS, logIndex=2853, commits[9bf35ae9-4da0-4371-87fa-54ea3ce1f280:c2853, 0cc34542-3a00-466e-ae84-194b84d3af7b:c2846, d451d94d-57a0-4545-b387-d428f64e3f33:c2852]
2019-07-09 16:26:02,664 INFO  client.GrpcClientProtocolClient (GrpcClientProtocolClient.java:onNext(255)) - client-0F1B900A64BD->9bf35ae9-4da0-4371-87fa-54ea3ce1f280: receive RaftClientReply:client-0F1B900A64BD->9bf35ae9-4da0-4371-87fa-54ea3ce1f280@group-432E83AF5B55, cid=1962, SUCCESS, logIndex=2854, commits[9bf35ae9-4da0-4371-87fa-54ea3ce1f280:c2854, 0cc34542-3a00-466e-ae84-194b84d3af7b:c2852, d451d94d-57a0-4545-b387-d428f64e3f33:c2852]
2019-07-09 16:26:02,676 INFO  client.GrpcClientProtocolClient (GrpcClientProtocolClient.java:onNext(255)) - client-0F1B900A64BD->9bf35ae9-4da0-4371-87fa-54ea3ce1f280: receive RaftClientReply:client-0F1B900A64BD->9bf35ae9-4da0-4371-87fa-54ea3ce1f280@group-432E83AF5B55, cid=1963, SUCCESS, logIndex=2857, commits[9bf35ae9-4da0-4371-87fa-54ea3ce1f280:c2858, 0cc34542-3a00-466e-ae84-194b84d3af7b:c2854, d451d94d-57a0-4545-b387-d428f64e3f33:c2854]
2019-07-09 16:26:02,677 INFO  client.GrpcClientProtocolClient (GrpcClientProtocolClient.java:onNext(255)) - client-0F1B900A64BD->9bf35ae9-4da0-4371-87fa-54ea3ce1f280: receive RaftClientReply:client-0F1B900A64BD->9bf35ae9-4da0-4371-87fa-54ea3ce1f280@group-432E83AF5B55, cid=1964, SUCCESS, logIndex=2858, commits[9bf35ae9-4da0-4371-87fa-54ea3ce1f280:c2858, 0cc34542-3a00-466e-ae84-194b84d3af7b:c2854, d451d94d-57a0-4545-b387-d428f64e3f33:c2854]
2019-07-09 16:26:02,679 INFO  client.GrpcClientProtocolClient (GrpcClientProtocolClient.java:onNext(255)) - client-0F1B900A64BD->9bf35ae9-4da0-4371-87fa-54ea3ce1f280: receive RaftClientReply:client-0F1B900A64BD->9bf35ae9-4da0-4371-87fa-54ea3ce1f280@group-432E83AF5B55, cid=1965, SUCCESS, logIndex=0, commits[9bf35ae9-4da0-4371-87fa-54ea3ce1f280:c2859, 0cc34542-3a00-466e-ae84-194b84d3af7b:c2858, d451d94d-57a0-4545-b387-d428f64e3f33:c2858]
2019-07-09 16:26:02,699 INFO  client.GrpcClientProtocolClient (GrpcClientProtocolClient.java:onNext(255)) - client-0F1B900A64BD->9bf35ae9-4da0-4371-87fa-54ea3ce1f280: receive RaftClientReply:client-0F1B900A64BD->9bf35ae9-4da0-4371-87fa-54ea3ce1f280@group-432E83AF5B55, cid=1966, SUCCESS, logIndex=2861, commits[9bf35ae9-4da0-4371-87fa-54ea3ce1f280:c2863, 0cc34542-3a00-466e-ae84-194b84d3af7b:c2858, d451d94d-57a0-4545-b387-d428f64e3f33:c2860]
2019-07-09 16:26:02,700 INFO  client.GrpcClientProtocolClient (GrpcClientProtocolClient.java:onNext(255)) - client-0F1B900A64BD->9bf35ae9-4da0-4371-87fa-54ea3ce1f280: receive RaftClientReply:client-0F1B900A64BD->9bf35ae9-4da0-4371-87fa-54ea3ce1f280@group-432E83AF5B55, cid=1967, SUCCESS, logIndex=2862, commits[9bf35ae9-4da0-4371-87fa-54ea3ce1f280:c2864, 0cc34542-3a00-466e-ae84-194b84d3af7b:c2860, d451d94d-57a0-4545-b387-d428f64e3f33:c2860]
2019-07-09 16:26:02,700 INFO  client.GrpcClientProtocolClient (GrpcClientProtocolClient.java:onNext(255)) - client-0F1B900A64BD->9bf35ae9-4da0-4371-87fa-54ea3ce1f280: receive RaftClientReply:client-0F1B900A64BD->9bf35ae9-4da0-4371-87fa-54ea3ce1f280@group-432E83AF5B55, cid=1968, SUCCESS, logIndex=2863, commits[9bf35ae9-4da0-4371-87fa-54ea3ce1f280:c2864, 0cc34542-3a00-466e-ae84-194b84d3af7b:c2860, d451d94d-57a0-4545-b387-d428f64e3f33:c2860]
2019-07-09 16:26:02,700 INFO  client.GrpcClientProtocolClient (GrpcClientProtocolClient.java:onNext(255)) - client-0F1B900A64BD->9bf35ae9-4da0-4371-87fa-54ea3ce1f280: receive RaftClientReply:client-0F1B900A64BD->9bf35ae9-4da0-4371-87fa-54ea3ce1f280@group-432E83AF5B55, cid=1969, SUCCESS, logIndex=2864, commits[9bf35ae9-4da0-4371-87fa-54ea3ce1f280:c2864, 0cc34542-3a00-466e-ae84-194b84d3af7b:c2860, d451d94d-57a0-4545-b387-d428f64e3f33:c2860]
2019-07-09 16:26:02,701 INFO  client.GrpcClientProtocolClient (GrpcClientProtocolClient.java:onNext(255)) - client-0F1B900A64BD->9bf35ae9-4da0-4371-87fa-54ea3ce1f280: receive RaftClientReply:client-0F1B900A64BD->9bf35ae9-4da0-4371-87fa-54ea3ce1f280@group-432E83AF5B55, cid=1970, SUCCESS, logIndex=0, commits[9bf35ae9-4da0-4371-87fa-54ea3ce1f280:c2865, 0cc34542-3a00-466e-ae84-194b84d3af7b:c2862, d451d94d-57a0-4545-b387-d428f64e3f33:c2862]
2019-07-09 16:26:02,712 INFO  client.GrpcClientProtocolClient (GrpcClientProtocolClient.java:onNext(255)) - client-0F1B900A64BD->9bf35ae9-4da0-4371-87fa-54ea3ce1f280: receive RaftClientReply:client-0F1B900A64BD->9bf35ae9-4da0-4371-87fa-54ea3ce1f280@group-432E83AF5B55, cid=1971, SUCCESS, logIndex=2869, commits[9bf35ae9-4da0-4371-87fa-54ea3ce1f280:c2870, 0cc34542-3a00-466e-ae84-194b84d3af7b:c2864, d451d94d-57a0-4545-b387-d428f64e3f33:c2868]
2019-07-09 16:26:02,712 INFO  client.GrpcClientProtocolClient (GrpcClientProtocolClient.java:onNext(255)) - client-0F1B900A64BD->9bf35ae9-4da0-4371-87fa-54ea3ce1f280: receive RaftClientReply:client-0F1B900A64BD->9bf35ae9-4da0-4371-87fa-54ea3ce1f280@group-432E83AF5B55, cid=1972, SUCCESS, logIndex=2870, commits[9bf35ae9-4da0-4371-87fa-54ea3ce1f280:c2870, 0cc34542-3a00-466e-ae84-194b84d3af7b:c2864, d451d94d-57a0-4545-b387-d428f64e3f33:c2868]
2019-07-09 16:26:02,759 INFO  client.GrpcClientProtocolClient (GrpcClientProtocolClient.java:onNext(255)) - client-0F1B900A64BD->9bf35ae9-4da0-4371-87fa-54ea3ce1f280: receive RaftClientReply:client-0F1B900A64BD->9bf35ae9-4da0-4371-87fa-54ea3ce1f280@group-432E83AF5B55, cid=1973, SUCCESS, logIndex=2873, commits[9bf35ae9-4da0-4371-87fa-54ea3ce1f280:c2873, 0cc34542-3a00-466e-ae84-194b84d3af7b:c2872, d451d94d-57a0-4545-b387-d428f64e3f33:c2872]
2019-07-09 16:26:02,759 INFO  client.GrpcClientProtocolClient (GrpcClientProtocolClient.java:onNext(255)) - client-0F1B900A64BD->9bf35ae9-4da0-4371-87fa-54ea3ce1f280: receive RaftClientReply:client-0F1B900A64BD->9bf35ae9-4da0-4371-87fa-54ea3ce1f280@group-432E83AF5B55, cid=1974, SUCCESS, logIndex=2874, commits[9bf35ae9-4da0-4371-87fa-54ea3ce1f280:c2874, 0cc34542-3a00-466e-ae84-194b84d3af7b:c2872, d451d94d-57a0-4545-b387-d428f64e3f33:c2872]
2019-07-09 16:26:02,774 INFO  client.GrpcClientProtocolClient (GrpcClientProtocolClient.java:onNext(255)) - client-0F1B900A64BD->9bf35ae9-4da0-4371-87fa-54ea3ce1f280: receive RaftClientReply:client-0F1B900A64BD->9bf35ae9-4da0-4371-87fa-54ea3ce1f280@group-432E83AF5B55, cid=1975, SUCCESS, logIndex=0, commits[9bf35ae9-4da0-4371-87fa-54ea3ce1f280:c2876, 0cc34542-3a00-466e-ae84-194b84d3af7b:c2874, d451d94d-57a0-4545-b387-d428f64e3f33:c2874]
2019-07-09 16:26:02,805 INFO  client.GrpcClientProtocolClient (GrpcClientProtocolClient.java:onNext(255)) - client-0F1B900A64BD->9bf35ae9-4da0-4371-87fa-54ea3ce1f280: receive RaftClientReply:client-0F1B900A64BD->9bf35ae9-4da0-4371-87fa-54ea3ce1f280@group-432E83AF5B55, cid=1976, SUCCESS, logIndex=2877, commits[9bf35ae9-4da0-4371-87fa-54ea3ce1f280:c2878, 0cc34542-3a00-466e-ae84-194b84d3af7b:c2876, d451d94d-57a0-4545-b387-d428f64e3f33:c2876]
2019-07-09 16:26:02,806 INFO  client.GrpcClientProtocolClient (GrpcClientProtocolClient.java:onNext(255)) - client-0F1B900A64BD->9bf35ae9-4da0-4371-87fa-54ea3ce1f280: receive RaftClientReply:client-0F1B900A64BD->9bf35ae9-4da0-4371-87fa-54ea3ce1f280@group-432E83AF5B55, cid=1977, SUCCESS, logIndex=2878, commits[9bf35ae9-4da0-4371-87fa-54ea3ce1f280:c2879, 0cc34542-3a00-466e-ae84-194b84d3af7b:c2876, d451d94d-57a0-4545-b387-d428f64e3f33:c2876]
2019-07-09 16:26:02,806 INFO  client.GrpcClientProtocolClient (GrpcClientProtocolClient.java:onNext(255)) - client-0F1B900A64BD->9bf35ae9-4da0-4371-87fa-54ea3ce1f280: receive RaftClientReply:client-0F1B900A64BD->9bf35ae9-4da0-4371-87fa-54ea3ce1f280@group-432E83AF5B55, cid=1978, SUCCESS, logIndex=2879, commits[9bf35ae9-4da0-4371-87fa-54ea3ce1f280:c2880, 0cc34542-3a00-466e-ae84-194b84d3af7b:c2876, d451d94d-57a0-4545-b387-d428f64e3f33:c2876]
2019-07-09 16:26:02,806 INFO  client.GrpcClientProtocolClient (GrpcClientProtocolClient.java:onNext(255)) - client-0F1B900A64BD->9bf35ae9-4da0-4371-87fa-54ea3ce1f280: receive RaftClientReply:client-0F1B900A64BD->9bf35ae9-4da0-4371-87fa-54ea3ce1f280@group-432E83AF5B55, cid=1979, SUCCESS, logIndex=2880, commits[9bf35ae9-4da0-4371-87fa-54ea3ce1f280:c2880, 0cc34542-3a00-466e-ae84-194b84d3af7b:c2876, d451d94d-57a0-4545-b387-d428f64e3f33:c2876]
2019-07-09 16:26:02,820 INFO  client.GrpcClientProtocolClient (GrpcClientProtocolClient.java:onNext(255)) - client-0F1B900A64BD->9bf35ae9-4da0-4371-87fa-54ea3ce1f280: receive RaftClientReply:client-0F1B900A64BD->9bf35ae9-4da0-4371-87fa-54ea3ce1f280@group-432E83AF5B55, cid=1980, SUCCESS, logIndex=0, commits[9bf35ae9-4da0-4371-87fa-54ea3ce1f280:c2882, 0cc34542-3a00-466e-ae84-194b84d3af7b:c2878, d451d94d-57a0-4545-b387-d428f64e3f33:c2878]
2019-07-09 16:26:02,840 INFO  client.GrpcClientProtocolClient (GrpcClientProtocolClient.java:onNext(255)) - client-0F1B900A64BD->9bf35ae9-4da0-4371-87fa-54ea3ce1f280: receive RaftClientReply:client-0F1B900A64BD->9bf35ae9-4da0-4371-87fa-54ea3ce1f280@group-432E83AF5B55, cid=1981, SUCCESS, logIndex=2885, commits[9bf35ae9-4da0-4371-87fa-54ea3ce1f280:c2886, 0cc34542-3a00-466e-ae84-194b84d3af7b:c2884, d451d94d-57a0-4545-b387-d428f64e3f33:c2884]
2019-07-09 16:26:02,840 INFO  client.GrpcClientProtocolClient (GrpcClientProtocolClient.java:onNext(255)) - client-0F1B900A64BD->9bf35ae9-4da0-4371-87fa-54ea3ce1f280: receive RaftClientReply:client-0F1B900A64BD->9bf35ae9-4da0-4371-87fa-54ea3ce1f280@group-432E83AF5B55, cid=1982, SUCCESS, logIndex=2886, commits[9bf35ae9-4da0-4371-87fa-54ea3ce1f280:c2886, 0cc34542-3a00-466e-ae84-194b84d3af7b:c2884, d451d94d-57a0-4545-b387-d428f64e3f33:c2884]
2019-07-09 16:26:02,855 INFO  client.GrpcClientProtocolClient (GrpcClientProtocolClient.java:onNext(255)) - client-0F1B900A64BD->9bf35ae9-4da0-4371-87fa-54ea3ce1f280: receive RaftClientReply:client-0F1B900A64BD->9bf35ae9-4da0-4371-87fa-54ea3ce1f280@group-432E83AF5B55, cid=1983, SUCCESS, logIndex=2889, commits[9bf35ae9-4da0-4371-87fa-54ea3ce1f280:c2889, 0cc34542-3a00-466e-ae84-194b84d3af7b:c2886, d451d94d-57a0-4545-b387-d428f64e3f33:c2886]
2019-07-09 16:26:02,855 INFO  client.GrpcClientProtocolClient (GrpcClientProtocolClient.java:onNext(255)) - client-0F1B900A64BD->9bf35ae9-4da0-4371-87fa-54ea3ce1f280: receive RaftClientReply:client-0F1B900A64BD->9bf35ae9-4da0-4371-87fa-54ea3ce1f280@group-432E83AF5B55, cid=1984, SUCCESS, logIndex=2890, commits[9bf35ae9-4da0-4371-87fa-54ea3ce1f280:c2890, 0cc34542-3a00-466e-ae84-194b84d3af7b:c2886, d451d94d-57a0-4545-b387-d428f64e3f33:c2886]
2019-07-09 16:26:02,868 INFO  client.GrpcClientProtocolClient (GrpcClientProtocolClient.java:onNext(255)) - client-0F1B900A64BD->9bf35ae9-4da0-4371-87fa-54ea3ce1f280: receive RaftClientReply:client-0F1B900A64BD->9bf35ae9-4da0-4371-87fa-54ea3ce1f280@group-432E83AF5B55, cid=1985, SUCCESS, logIndex=0, commits[9bf35ae9-4da0-4371-87fa-54ea3ce1f280:c2891, 0cc34542-3a00-466e-ae84-194b84d3af7b:c2890, d451d94d-57a0-4545-b387-d428f64e3f33:c2890]
 0.00% |█                                                                                                    |  0/1 Time: 0:00:142019-07-09 16:26:02,895 INFO  client.GrpcClientProtocolClient (GrpcClientProtocolClient.java:onNext(255)) - client-0F1B900A64BD->9bf35ae9-4da0-4371-87fa-54ea3ce1f280: receive RaftClientReply:client-0F1B900A64BD->9bf35ae9-4da0-4371-87fa-54ea3ce1f280@group-432E83AF5B55, cid=1986, SUCCESS, logIndex=2893, commits[9bf35ae9-4da0-4371-87fa-54ea3ce1f280:c2895, 0cc34542-3a00-466e-ae84-194b84d3af7b:c2892, d451d94d-57a0-4545-b387-d428f64e3f33:c2892]
2019-07-09 16:26:02,896 INFO  client.GrpcClientProtocolClient (GrpcClientProtocolClient.java:onNext(255)) - client-0F1B900A64BD->9bf35ae9-4da0-4371-87fa-54ea3ce1f280: receive RaftClientReply:client-0F1B900A64BD->9bf35ae9-4da0-4371-87fa-54ea3ce1f280@group-432E83AF5B55, cid=1987, SUCCESS, logIndex=2894, commits[9bf35ae9-4da0-4371-87fa-54ea3ce1f280:c2896, 0cc34542-3a00-466e-ae84-194b84d3af7b:c2892, d451d94d-57a0-4545-b387-d428f64e3f33:c2892]
2019-07-09 16:26:02,896 INFO  client.GrpcClientProtocolClient (GrpcClientProtocolClient.java:onNext(255)) - client-0F1B900A64BD->9bf35ae9-4da0-4371-87fa-54ea3ce1f280: receive RaftClientReply:client-0F1B900A64BD->9bf35ae9-4da0-4371-87fa-54ea3ce1f280@group-432E83AF5B55, cid=1988, SUCCESS, logIndex=2895, commits[9bf35ae9-4da0-4371-87fa-54ea3ce1f280:c2896, 0cc34542-3a00-466e-ae84-194b84d3af7b:c2892, d451d94d-57a0-4545-b387-d428f64e3f33:c2892]
2019-07-09 16:26:02,897 INFO  client.GrpcClientProtocolClient (GrpcClientProtocolClient.java:onNext(255)) - client-0F1B900A64BD->9bf35ae9-4da0-4371-87fa-54ea3ce1f280: receive RaftClientReply:client-0F1B900A64BD->9bf35ae9-4da0-4371-87fa-54ea3ce1f280@group-432E83AF5B55, cid=1989, SUCCESS, logIndex=2896, commits[9bf35ae9-4da0-4371-87fa-54ea3ce1f280:c2898, 0cc34542-3a00-466e-ae84-194b84d3af7b:c2894, d451d94d-57a0-4545-b387-d428f64e3f33:c2892]
2019-07-09 16:26:02,898 INFO  client.GrpcClientProtocolClient (GrpcClientProtocolClient.java:onNext(255)) - client-0F1B900A64BD->9bf35ae9-4da0-4371-87fa-54ea3ce1f280: receive RaftClientReply:client-0F1B900A64BD->9bf35ae9-4da0-4371-87fa-54ea3ce1f280@group-432E83AF5B55, cid=1990, SUCCESS, logIndex=0, commits[9bf35ae9-4da0-4371-87fa-54ea3ce1f280:c2898, 0cc34542-3a00-466e-ae84-194b84d3af7b:c2894, d451d94d-57a0-4545-b387-d428f64e3f33:c2894]
2019-07-09 16:26:02,917 INFO  client.GrpcClientProtocolClient (GrpcClientProtocolClient.java:onNext(255)) - client-0F1B900A64BD->9bf35ae9-4da0-4371-87fa-54ea3ce1f280: receive RaftClientReply:client-0F1B900A64BD->9bf35ae9-4da0-4371-87fa-54ea3ce1f280@group-432E83AF5B55, cid=1991, SUCCESS, logIndex=2901, commits[9bf35ae9-4da0-4371-87fa-54ea3ce1f280:c2902, 0cc34542-3a00-466e-ae84-194b84d3af7b:c2900, d451d94d-57a0-4545-b387-d428f64e3f33:c2900]
2019-07-09 16:26:02,917 INFO  client.GrpcClientProtocolClient (GrpcClientProtocolClient.java:onNext(255)) - client-0F1B900A64BD->9bf35ae9-4da0-4371-87fa-54ea3ce1f280: receive RaftClientReply:client-0F1B900A64BD->9bf35ae9-4da0-4371-87fa-54ea3ce1f280@group-432E83AF5B55, cid=1992, SUCCESS, logIndex=2902, commits[9bf35ae9-4da0-4371-87fa-54ea3ce1f280:c2902, 0cc34542-3a00-466e-ae84-194b84d3af7b:c2900, d451d94d-57a0-4545-b387-d428f64e3f33:c2900]
2019-07-09 16:26:02,931 INFO  client.GrpcClientProtocolClient (GrpcClientProtocolClient.java:onNext(255)) - client-0F1B900A64BD->9bf35ae9-4da0-4371-87fa-54ea3ce1f280: receive RaftClientReply:client-0F1B900A64BD->9bf35ae9-4da0-4371-87fa-54ea3ce1f280@group-432E83AF5B55, cid=1993, SUCCESS, logIndex=2905, commits[9bf35ae9-4da0-4371-87fa-54ea3ce1f280:c2905, 0cc34542-3a00-466e-ae84-194b84d3af7b:c2902, d451d94d-57a0-4545-b387-d428f64e3f33:c2902]
2019-07-09 16:26:02,932 INFO  client.GrpcClientProtocolClient (GrpcClientProtocolClient.java:onNext(255)) - client-0F1B900A64BD->9bf35ae9-4da0-4371-87fa-54ea3ce1f280: receive RaftClientReply:client-0F1B900A64BD->9bf35ae9-4da0-4371-87fa-54ea3ce1f280@group-432E83AF5B55, cid=1994, SUCCESS, logIndex=2906, commits[9bf35ae9-4da0-4371-87fa-54ea3ce1f280:c2906, 0cc34542-3a00-466e-ae84-194b84d3af7b:c2902, d451d94d-57a0-4545-b387-d428f64e3f33:c2902]
2019-07-09 16:26:02,946 INFO  client.GrpcClientProtocolClient (GrpcClientProtocolClient.java:onNext(255)) - client-0F1B900A64BD->9bf35ae9-4da0-4371-87fa-54ea3ce1f280: receive RaftClientReply:client-0F1B900A64BD->9bf35ae9-4da0-4371-87fa-54ea3ce1f280@group-432E83AF5B55, cid=1995, SUCCESS, logIndex=0, commits[9bf35ae9-4da0-4371-87fa-54ea3ce1f280:c2908, 0cc34542-3a00-466e-ae84-194b84d3af7b:c2906, d451d94d-57a0-4545-b387-d428f64e3f33:c2906]
2019-07-09 16:26:02,974 INFO  client.GrpcClientProtocolClient (GrpcClientProtocolClient.java:onNext(255)) - client-0F1B900A64BD->9bf35ae9-4da0-4371-87fa-54ea3ce1f280: receive RaftClientReply:client-0F1B900A64BD->9bf35ae9-4da0-4371-87fa-54ea3ce1f280@group-432E83AF5B55, cid=1996, SUCCESS, logIndex=2909, commits[9bf35ae9-4da0-4371-87fa-54ea3ce1f280:c2910, 0cc34542-3a00-466e-ae84-194b84d3af7b:c2908, d451d94d-57a0-4545-b387-d428f64e3f33:c2908]
2019-07-09 16:26:02,974 INFO  client.GrpcClientProtocolClient (GrpcClientProtocolClient.java:onNext(255)) - client-0F1B900A64BD->9bf35ae9-4da0-4371-87fa-54ea3ce1f280: receive RaftClientReply:client-0F1B900A64BD->9bf35ae9-4da0-4371-87fa-54ea3ce1f280@group-432E83AF5B55, cid=1997, SUCCESS, logIndex=2910, commits[9bf35ae9-4da0-4371-87fa-54ea3ce1f280:c2912, 0cc34542-3a00-466e-ae84-194b84d3af7b:c2908, d451d94d-57a0-4545-b387-d428f64e3f33:c2908]
2019-07-09 16:26:02,974 INFO  client.GrpcClientProtocolClient (GrpcClientProtocolClient.java:onNext(255)) - client-0F1B900A64BD->9bf35ae9-4da0-4371-87fa-54ea3ce1f280: receive RaftClientReply:client-0F1B900A64BD->9bf35ae9-4da0-4371-87fa-54ea3ce1f280@group-432E83AF5B55, cid=1998, SUCCESS, logIndex=2911, commits[9bf35ae9-4da0-4371-87fa-54ea3ce1f280:c2912, 0cc34542-3a00-466e-ae84-194b84d3af7b:c2908, d451d94d-57a0-4545-b387-d428f64e3f33:c2908]
2019-07-09 16:26:02,975 INFO  client.GrpcClientProtocolClient (GrpcClientProtocolClient.java:onNext(255)) - client-0F1B900A64BD->9bf35ae9-4da0-4371-87fa-54ea3ce1f280: receive RaftClientReply:client-0F1B900A64BD->9bf35ae9-4da0-4371-87fa-54ea3ce1f280@group-432E83AF5B55, cid=1999, SUCCESS, logIndex=2912, commits[9bf35ae9-4da0-4371-87fa-54ea3ce1f280:c2912, 0cc34542-3a00-466e-ae84-194b84d3af7b:c2908, d451d94d-57a0-4545-b387-d428f64e3f33:c2908]
2019-07-09 16:26:03,005 INFO  client.GrpcClientProtocolClient (GrpcClientProtocolClient.java:onNext(255)) - client-0F1B900A64BD->9bf35ae9-4da0-4371-87fa-54ea3ce1f280: receive RaftClientReply:client-0F1B900A64BD->9bf35ae9-4da0-4371-87fa-54ea3ce1f280@group-432E83AF5B55, cid=2000, SUCCESS, logIndex=0, commits[9bf35ae9-4da0-4371-87fa-54ea3ce1f280:c2914, 0cc34542-3a00-466e-ae84-194b84d3af7b:c2910, d451d94d-57a0-4545-b387-d428f64e3f33:c2910]
2019-07-09 16:26:03,017 INFO  client.GrpcClientProtocolClient (GrpcClientProtocolClient.java:onNext(255)) - client-0F1B900A64BD->9bf35ae9-4da0-4371-87fa-54ea3ce1f280: receive RaftClientReply:client-0F1B900A64BD->9bf35ae9-4da0-4371-87fa-54ea3ce1f280@group-432E83AF5B55, cid=2001, SUCCESS, logIndex=2917, commits[9bf35ae9-4da0-4371-87fa-54ea3ce1f280:c2918, 0cc34542-3a00-466e-ae84-194b84d3af7b:c2916, d451d94d-57a0-4545-b387-d428f64e3f33:c2916]
2019-07-09 16:26:03,017 INFO  client.GrpcClientProtocolClient (GrpcClientProtocolClient.java:onNext(255)) - client-0F1B900A64BD->9bf35ae9-4da0-4371-87fa-54ea3ce1f280: receive RaftClientReply:client-0F1B900A64BD->9bf35ae9-4da0-4371-87fa-54ea3ce1f280@group-432E83AF5B55, cid=2002, SUCCESS, logIndex=2918, commits[9bf35ae9-4da0-4371-87fa-54ea3ce1f280:c2918, 0cc34542-3a00-466e-ae84-194b84d3af7b:c2916, d451d94d-57a0-4545-b387-d428f64e3f33:c2916]
2019-07-09 16:26:03,115 INFO  client.GrpcClientProtocolClient (GrpcClientProtocolClient.java:onNext(255)) - client-0F1B900A64BD->9bf35ae9-4da0-4371-87fa-54ea3ce1f280: receive RaftClientReply:client-0F1B900A64BD->9bf35ae9-4da0-4371-87fa-54ea3ce1f280@group-432E83AF5B55, cid=2003, SUCCESS, logIndex=2921, commits[9bf35ae9-4da0-4371-87fa-54ea3ce1f280:c2922, 0cc34542-3a00-466e-ae84-194b84d3af7b:c2920, d451d94d-57a0-4545-b387-d428f64e3f33:c2920]
2019-07-09 16:26:03,115 INFO  client.GrpcClientProtocolClient (GrpcClientProtocolClient.java:onNext(255)) - client-0F1B900A64BD->9bf35ae9-4da0-4371-87fa-54ea3ce1f280: receive RaftClientReply:client-0F1B900A64BD->9bf35ae9-4da0-4371-87fa-54ea3ce1f280@group-432E83AF5B55, cid=2004, SUCCESS, logIndex=2922, commits[9bf35ae9-4da0-4371-87fa-54ea3ce1f280:c2922, 0cc34542-3a00-466e-ae84-194b84d3af7b:c2920, d451d94d-57a0-4545-b387-d428f64e3f33:c2920]
2019-07-09 16:26:03,127 INFO  client.GrpcClientProtocolClient (GrpcClientProtocolClient.java:onNext(255)) - client-0F1B900A64BD->9bf35ae9-4da0-4371-87fa-54ea3ce1f280: receive RaftClientReply:client-0F1B900A64BD->9bf35ae9-4da0-4371-87fa-54ea3ce1f280@group-432E83AF5B55, cid=2005, SUCCESS, logIndex=0, commits[9bf35ae9-4da0-4371-87fa-54ea3ce1f280:c2923, 0cc34542-3a00-466e-ae84-194b84d3af7b:c2922, d451d94d-57a0-4545-b387-d428f64e3f33:c2922]
2019-07-09 16:26:03,156 INFO  client.GrpcClientProtocolClient (GrpcClientProtocolClient.java:onNext(255)) - client-0F1B900A64BD->9bf35ae9-4da0-4371-87fa-54ea3ce1f280: receive RaftClientReply:client-0F1B900A64BD->9bf35ae9-4da0-4371-87fa-54ea3ce1f280@group-432E83AF5B55, cid=2006, SUCCESS, logIndex=2925, commits[9bf35ae9-4da0-4371-87fa-54ea3ce1f280:c2926, 0cc34542-3a00-466e-ae84-194b84d3af7b:c2924, d451d94d-57a0-4545-b387-d428f64e3f33:c2924]
2019-07-09 16:26:03,156 INFO  client.GrpcClientProtocolClient (GrpcClientProtocolClient.java:onNext(255)) - client-0F1B900A64BD->9bf35ae9-4da0-4371-87fa-54ea3ce1f280: receive RaftClientReply:client-0F1B900A64BD->9bf35ae9-4da0-4371-87fa-54ea3ce1f280@group-432E83AF5B55, cid=2007, SUCCESS, logIndex=2926, commits[9bf35ae9-4da0-4371-87fa-54ea3ce1f280:c2928, 0cc34542-3a00-466e-ae84-194b84d3af7b:c2924, d451d94d-57a0-4545-b387-d428f64e3f33:c2924]
2019-07-09 16:26:03,157 INFO  client.GrpcClientProtocolClient (GrpcClientProtocolClient.java:onNext(255)) - client-0F1B900A64BD->9bf35ae9-4da0-4371-87fa-54ea3ce1f280: receive RaftClientReply:client-0F1B900A64BD->9bf35ae9-4da0-4371-87fa-54ea3ce1f280@group-432E83AF5B55, cid=2008, SUCCESS, logIndex=2927, commits[9bf35ae9-4da0-4371-87fa-54ea3ce1f280:c2928, 0cc34542-3a00-466e-ae84-194b84d3af7b:c2924, d451d94d-57a0-4545-b387-d428f64e3f33:c2924]
2019-07-09 16:26:03,157 INFO  client.GrpcClientProtocolClient (GrpcClientProtocolClient.java:onNext(255)) - client-0F1B900A64BD->9bf35ae9-4da0-4371-87fa-54ea3ce1f280: receive RaftClientReply:client-0F1B900A64BD->9bf35ae9-4da0-4371-87fa-54ea3ce1f280@group-432E83AF5B55, cid=2009, SUCCESS, logIndex=2928, commits[9bf35ae9-4da0-4371-87fa-54ea3ce1f280:c2928, 0cc34542-3a00-466e-ae84-194b84d3af7b:c2924, d451d94d-57a0-4545-b387-d428f64e3f33:c2924]
2019-07-09 16:26:03,159 INFO  client.GrpcClientProtocolClient (GrpcClientProtocolClient.java:onNext(255)) - client-0F1B900A64BD->9bf35ae9-4da0-4371-87fa-54ea3ce1f280: receive RaftClientReply:client-0F1B900A64BD->9bf35ae9-4da0-4371-87fa-54ea3ce1f280@group-432E83AF5B55, cid=2010, SUCCESS, logIndex=0, commits[9bf35ae9-4da0-4371-87fa-54ea3ce1f280:c2930, 0cc34542-3a00-466e-ae84-194b84d3af7b:c2926, d451d94d-57a0-4545-b387-d428f64e3f33:c2926]
2019-07-09 16:26:03,171 INFO  client.GrpcClientProtocolClient (GrpcClientProtocolClient.java:onNext(255)) - client-0F1B900A64BD->9bf35ae9-4da0-4371-87fa-54ea3ce1f280: receive RaftClientReply:client-0F1B900A64BD->9bf35ae9-4da0-4371-87fa-54ea3ce1f280@group-432E83AF5B55, cid=2011, SUCCESS, logIndex=2933, commits[9bf35ae9-4da0-4371-87fa-54ea3ce1f280:c2934, 0cc34542-3a00-466e-ae84-194b84d3af7b:c2932, d451d94d-57a0-4545-b387-d428f64e3f33:c2928]
2019-07-09 16:26:03,172 INFO  client.GrpcClientProtocolClient (GrpcClientProtocolClient.java:onNext(255)) - client-0F1B900A64BD->9bf35ae9-4da0-4371-87fa-54ea3ce1f280: receive RaftClientReply:client-0F1B900A64BD->9bf35ae9-4da0-4371-87fa-54ea3ce1f280@group-432E83AF5B55, cid=2012, SUCCESS, logIndex=2934, commits[9bf35ae9-4da0-4371-87fa-54ea3ce1f280:c2934, 0cc34542-3a00-466e-ae84-194b84d3af7b:c2932, d451d94d-57a0-4545-b387-d428f64e3f33:c2932]
2019-07-09 16:26:03,192 INFO  client.GrpcClientProtocolClient (GrpcClientProtocolClient.java:onNext(255)) - client-0F1B900A64BD->9bf35ae9-4da0-4371-87fa-54ea3ce1f280: receive RaftClientReply:client-0F1B900A64BD->9bf35ae9-4da0-4371-87fa-54ea3ce1f280@group-432E83AF5B55, cid=2013, SUCCESS, logIndex=2937, commits[9bf35ae9-4da0-4371-87fa-54ea3ce1f280:c2938, 0cc34542-3a00-466e-ae84-194b84d3af7b:c2936, d451d94d-57a0-4545-b387-d428f64e3f33:c2936]
2019-07-09 16:26:03,192 INFO  client.GrpcClientProtocolClient (GrpcClientProtocolClient.java:onNext(255)) - client-0F1B900A64BD->9bf35ae9-4da0-4371-87fa-54ea3ce1f280: receive RaftClientReply:client-0F1B900A64BD->9bf35ae9-4da0-4371-87fa-54ea3ce1f280@group-432E83AF5B55, cid=2014, SUCCESS, logIndex=2938, commits[9bf35ae9-4da0-4371-87fa-54ea3ce1f280:c2938, 0cc34542-3a00-466e-ae84-194b84d3af7b:c2936, d451d94d-57a0-4545-b387-d428f64e3f33:c2936]
2019-07-09 16:26:03,203 INFO  client.GrpcClientProtocolClient (GrpcClientProtocolClient.java:onNext(255)) - client-0F1B900A64BD->9bf35ae9-4da0-4371-87fa-54ea3ce1f280: receive RaftClientReply:client-0F1B900A64BD->9bf35ae9-4da0-4371-87fa-54ea3ce1f280@group-432E83AF5B55, cid=2015, SUCCESS, logIndex=0, commits[9bf35ae9-4da0-4371-87fa-54ea3ce1f280:c2939, 0cc34542-3a00-466e-ae84-194b84d3af7b:c2938, d451d94d-57a0-4545-b387-d428f64e3f33:c2938]
2019-07-09 16:26:03,231 INFO  client.GrpcClientProtocolClient (GrpcClientProtocolClient.java:onNext(255)) - client-0F1B900A64BD->9bf35ae9-4da0-4371-87fa-54ea3ce1f280: receive RaftClientReply:client-0F1B900A64BD->9bf35ae9-4da0-4371-87fa-54ea3ce1f280@group-432E83AF5B55, cid=2016, SUCCESS, logIndex=2941, commits[9bf35ae9-4da0-4371-87fa-54ea3ce1f280:c2942, 0cc34542-3a00-466e-ae84-194b84d3af7b:c2940, d451d94d-57a0-4545-b387-d428f64e3f33:c2940]
2019-07-09 16:26:03,232 INFO  client.GrpcClientProtocolClient (GrpcClientProtocolClient.java:onNext(255)) - client-0F1B900A64BD->9bf35ae9-4da0-4371-87fa-54ea3ce1f280: receive RaftClientReply:client-0F1B900A64BD->9bf35ae9-4da0-4371-87fa-54ea3ce1f280@group-432E83AF5B55, cid=2017, SUCCESS, logIndex=2942, commits[9bf35ae9-4da0-4371-87fa-54ea3ce1f280:c2944, 0cc34542-3a00-466e-ae84-194b84d3af7b:c2940, d451d94d-57a0-4545-b387-d428f64e3f33:c2940]
2019-07-09 16:26:03,232 INFO  client.GrpcClientProtocolClient (GrpcClientProtocolClient.java:onNext(255)) - client-0F1B900A64BD->9bf35ae9-4da0-4371-87fa-54ea3ce1f280: receive RaftClientReply:client-0F1B900A64BD->9bf35ae9-4da0-4371-87fa-54ea3ce1f280@group-432E83AF5B55, cid=2018, SUCCESS, logIndex=2943, commits[9bf35ae9-4da0-4371-87fa-54ea3ce1f280:c2944, 0cc34542-3a00-466e-ae84-194b84d3af7b:c2940, d451d94d-57a0-4545-b387-d428f64e3f33:c2940]
2019-07-09 16:26:03,233 INFO  client.GrpcClientProtocolClient (GrpcClientProtocolClient.java:onNext(255)) - client-0F1B900A64BD->9bf35ae9-4da0-4371-87fa-54ea3ce1f280: receive RaftClientReply:client-0F1B900A64BD->9bf35ae9-4da0-4371-87fa-54ea3ce1f280@group-432E83AF5B55, cid=2019, SUCCESS, logIndex=2944, commits[9bf35ae9-4da0-4371-87fa-54ea3ce1f280:c2944, 0cc34542-3a00-466e-ae84-194b84d3af7b:c2940, d451d94d-57a0-4545-b387-d428f64e3f33:c2940]
2019-07-09 16:26:03,247 INFO  client.GrpcClientProtocolClient (GrpcClientProtocolClient.java:onNext(255)) - client-0F1B900A64BD->9bf35ae9-4da0-4371-87fa-54ea3ce1f280: receive RaftClientReply:client-0F1B900A64BD->9bf35ae9-4da0-4371-87fa-54ea3ce1f280@group-432E83AF5B55, cid=2020, SUCCESS, logIndex=0, commits[9bf35ae9-4da0-4371-87fa-54ea3ce1f280:c2947, 0cc34542-3a00-466e-ae84-194b84d3af7b:c2944, d451d94d-57a0-4545-b387-d428f64e3f33:c2942]
2019-07-09 16:26:03,265 INFO  client.GrpcClientProtocolClient (GrpcClientProtocolClient.java:onNext(255)) - client-0F1B900A64BD->9bf35ae9-4da0-4371-87fa-54ea3ce1f280: receive RaftClientReply:client-0F1B900A64BD->9bf35ae9-4da0-4371-87fa-54ea3ce1f280@group-432E83AF5B55, cid=2021, SUCCESS, logIndex=2948, commits[9bf35ae9-4da0-4371-87fa-54ea3ce1f280:c2949, 0cc34542-3a00-466e-ae84-194b84d3af7b:c2947, d451d94d-57a0-4545-b387-d428f64e3f33:c2947]
2019-07-09 16:26:03,266 INFO  client.GrpcClientProtocolClient (GrpcClientProtocolClient.java:onNext(255)) - client-0F1B900A64BD->9bf35ae9-4da0-4371-87fa-54ea3ce1f280: receive RaftClientReply:client-0F1B900A64BD->9bf35ae9-4da0-4371-87fa-54ea3ce1f280@group-432E83AF5B55, cid=2022, SUCCESS, logIndex=2949, commits[9bf35ae9-4da0-4371-87fa-54ea3ce1f280:c2949, 0cc34542-3a00-466e-ae84-194b84d3af7b:c2947, d451d94d-57a0-4545-b387-d428f64e3f33:c2947]
2019-07-09 16:26:03,287 INFO  client.GrpcClientProtocolClient (GrpcClientProtocolClient.java:onNext(255)) - client-0F1B900A64BD->9bf35ae9-4da0-4371-87fa-54ea3ce1f280: receive RaftClientReply:client-0F1B900A64BD->9bf35ae9-4da0-4371-87fa-54ea3ce1f280@group-432E83AF5B55, cid=2023, SUCCESS, logIndex=2952, commits[9bf35ae9-4da0-4371-87fa-54ea3ce1f280:c2953, 0cc34542-3a00-466e-ae84-194b84d3af7b:c2949, d451d94d-57a0-4545-b387-d428f64e3f33:c2949]
2019-07-09 16:26:03,288 INFO  client.GrpcClientProtocolClient (GrpcClientProtocolClient.java:onNext(255)) - client-0F1B900A64BD->9bf35ae9-4da0-4371-87fa-54ea3ce1f280: receive RaftClientReply:client-0F1B900A64BD->9bf35ae9-4da0-4371-87fa-54ea3ce1f280@group-432E83AF5B55, cid=2024, SUCCESS, logIndex=2953, commits[9bf35ae9-4da0-4371-87fa-54ea3ce1f280:c2953, 0cc34542-3a00-466e-ae84-194b84d3af7b:c2949, d451d94d-57a0-4545-b387-d428f64e3f33:c2949]
2019-07-09 16:26:03,291 INFO  client.GrpcClientProtocolClient (GrpcClientProtocolClient.java:onNext(255)) - client-0F1B900A64BD->9bf35ae9-4da0-4371-87fa-54ea3ce1f280: receive RaftClientReply:client-0F1B900A64BD->9bf35ae9-4da0-4371-87fa-54ea3ce1f280@group-432E83AF5B55, cid=2025, SUCCESS, logIndex=0, commits[9bf35ae9-4da0-4371-87fa-54ea3ce1f280:c2954, 0cc34542-3a00-466e-ae84-194b84d3af7b:c2953, d451d94d-57a0-4545-b387-d428f64e3f33:c2953]
2019-07-09 16:26:03,325 INFO  client.GrpcClientProtocolClient (GrpcClientProtocolClient.java:onNext(255)) - client-0F1B900A64BD->9bf35ae9-4da0-4371-87fa-54ea3ce1f280: receive RaftClientReply:client-0F1B900A64BD->9bf35ae9-4da0-4371-87fa-54ea3ce1f280@group-432E83AF5B55, cid=2026, SUCCESS, logIndex=2956, commits[9bf35ae9-4da0-4371-87fa-54ea3ce1f280:c2957, 0cc34542-3a00-466e-ae84-194b84d3af7b:c2955, d451d94d-57a0-4545-b387-d428f64e3f33:c2955]
2019-07-09 16:26:03,326 INFO  client.GrpcClientProtocolClient (GrpcClientProtocolClient.java:onNext(255)) - client-0F1B900A64BD->9bf35ae9-4da0-4371-87fa-54ea3ce1f280: receive RaftClientReply:client-0F1B900A64BD->9bf35ae9-4da0-4371-87fa-54ea3ce1f280@group-432E83AF5B55, cid=2027, SUCCESS, logIndex=2957, commits[9bf35ae9-4da0-4371-87fa-54ea3ce1f280:c2959, 0cc34542-3a00-466e-ae84-194b84d3af7b:c2955, d451d94d-57a0-4545-b387-d428f64e3f33:c2955]
2019-07-09 16:26:03,326 INFO  client.GrpcClientProtocolClient (GrpcClientProtocolClient.java:onNext(255)) - client-0F1B900A64BD->9bf35ae9-4da0-4371-87fa-54ea3ce1f280: receive RaftClientReply:client-0F1B900A64BD->9bf35ae9-4da0-4371-87fa-54ea3ce1f280@group-432E83AF5B55, cid=2028, SUCCESS, logIndex=2958, commits[9bf35ae9-4da0-4371-87fa-54ea3ce1f280:c2959, 0cc34542-3a00-466e-ae84-194b84d3af7b:c2955, d451d94d-57a0-4545-b387-d428f64e3f33:c2955]
2019-07-09 16:26:03,326 INFO  client.GrpcClientProtocolClient (GrpcClientProtocolClient.java:onNext(255)) - client-0F1B900A64BD->9bf35ae9-4da0-4371-87fa-54ea3ce1f280: receive RaftClientReply:client-0F1B900A64BD->9bf35ae9-4da0-4371-87fa-54ea3ce1f280@group-432E83AF5B55, cid=2029, SUCCESS, logIndex=2959, commits[9bf35ae9-4da0-4371-87fa-54ea3ce1f280:c2959, 0cc34542-3a00-466e-ae84-194b84d3af7b:c2955, d451d94d-57a0-4545-b387-d428f64e3f33:c2955]
2019-07-09 16:26:03,327 INFO  client.GrpcClientProtocolClient (GrpcClientProtocolClient.java:onNext(255)) - client-0F1B900A64BD->9bf35ae9-4da0-4371-87fa-54ea3ce1f280: receive RaftClientReply:client-0F1B900A64BD->9bf35ae9-4da0-4371-87fa-54ea3ce1f280@group-432E83AF5B55, cid=2030, SUCCESS, logIndex=0, commits[9bf35ae9-4da0-4371-87fa-54ea3ce1f280:c2961, 0cc34542-3a00-466e-ae84-194b84d3af7b:c2957, d451d94d-57a0-4545-b387-d428f64e3f33:c2957]
2019-07-09 16:26:03,348 INFO  client.GrpcClientProtocolClient (GrpcClientProtocolClient.java:onNext(255)) - client-0F1B900A64BD->9bf35ae9-4da0-4371-87fa-54ea3ce1f280: receive RaftClientReply:client-0F1B900A64BD->9bf35ae9-4da0-4371-87fa-54ea3ce1f280@group-432E83AF5B55, cid=2031, SUCCESS, logIndex=2964, commits[9bf35ae9-4da0-4371-87fa-54ea3ce1f280:c2965, 0cc34542-3a00-466e-ae84-194b84d3af7b:c2963, d451d94d-57a0-4545-b387-d428f64e3f33:c2963]
2019-07-09 16:26:03,348 INFO  client.GrpcClientProtocolClient (GrpcClientProtocolClient.java:onNext(255)) - client-0F1B900A64BD->9bf35ae9-4da0-4371-87fa-54ea3ce1f280: receive RaftClientReply:client-0F1B900A64BD->9bf35ae9-4da0-4371-87fa-54ea3ce1f280@group-432E83AF5B55, cid=2032, SUCCESS, logIndex=2965, commits[9bf35ae9-4da0-4371-87fa-54ea3ce1f280:c2965, 0cc34542-3a00-466e-ae84-194b84d3af7b:c2963, d451d94d-57a0-4545-b387-d428f64e3f33:c2963]
2019-07-09 16:26:03,362 INFO  client.GrpcClientProtocolClient (GrpcClientProtocolClient.java:onNext(255)) - client-0F1B900A64BD->9bf35ae9-4da0-4371-87fa-54ea3ce1f280: receive RaftClientReply:client-0F1B900A64BD->9bf35ae9-4da0-4371-87fa-54ea3ce1f280@group-432E83AF5B55, cid=2033, SUCCESS, logIndex=2968, commits[9bf35ae9-4da0-4371-87fa-54ea3ce1f280:c2969, 0cc34542-3a00-466e-ae84-194b84d3af7b:c2965, d451d94d-57a0-4545-b387-d428f64e3f33:c2965]
2019-07-09 16:26:03,363 INFO  client.GrpcClientProtocolClient (GrpcClientProtocolClient.java:onNext(255)) - client-0F1B900A64BD->9bf35ae9-4da0-4371-87fa-54ea3ce1f280: receive RaftClientReply:client-0F1B900A64BD->9bf35ae9-4da0-4371-87fa-54ea3ce1f280@group-432E83AF5B55, cid=2034, SUCCESS, logIndex=2969, commits[9bf35ae9-4da0-4371-87fa-54ea3ce1f280:c2969, 0cc34542-3a00-466e-ae84-194b84d3af7b:c2965, d451d94d-57a0-4545-b387-d428f64e3f33:c2965]
2019-07-09 16:26:03,376 INFO  client.GrpcClientProtocolClient (GrpcClientProtocolClient.java:onNext(255)) - client-0F1B900A64BD->9bf35ae9-4da0-4371-87fa-54ea3ce1f280: receive RaftClientReply:client-0F1B900A64BD->9bf35ae9-4da0-4371-87fa-54ea3ce1f280@group-432E83AF5B55, cid=2035, SUCCESS, logIndex=0, commits[9bf35ae9-4da0-4371-87fa-54ea3ce1f280:c2970, 0cc34542-3a00-466e-ae84-194b84d3af7b:c2969, d451d94d-57a0-4545-b387-d428f64e3f33:c2969]
2019-07-09 16:26:03,407 INFO  client.GrpcClientProtocolClient (GrpcClientProtocolClient.java:onNext(255)) - client-0F1B900A64BD->9bf35ae9-4da0-4371-87fa-54ea3ce1f280: receive RaftClientReply:client-0F1B900A64BD->9bf35ae9-4da0-4371-87fa-54ea3ce1f280@group-432E83AF5B55, cid=2036, SUCCESS, logIndex=2972, commits[9bf35ae9-4da0-4371-87fa-54ea3ce1f280:c2973, 0cc34542-3a00-466e-ae84-194b84d3af7b:c2971, d451d94d-57a0-4545-b387-d428f64e3f33:c2971]
2019-07-09 16:26:03,408 INFO  client.GrpcClientProtocolClient (GrpcClientProtocolClient.java:onNext(255)) - client-0F1B900A64BD->9bf35ae9-4da0-4371-87fa-54ea3ce1f280: receive RaftClientReply:client-0F1B900A64BD->9bf35ae9-4da0-4371-87fa-54ea3ce1f280@group-432E83AF5B55, cid=2037, SUCCESS, logIndex=2973, commits[9bf35ae9-4da0-4371-87fa-54ea3ce1f280:c2974, 0cc34542-3a00-466e-ae84-194b84d3af7b:c2971, d451d94d-57a0-4545-b387-d428f64e3f33:c2971]
2019-07-09 16:26:03,408 INFO  client.GrpcClientProtocolClient (GrpcClientProtocolClient.java:onNext(255)) - client-0F1B900A64BD->9bf35ae9-4da0-4371-87fa-54ea3ce1f280: receive RaftClientReply:client-0F1B900A64BD->9bf35ae9-4da0-4371-87fa-54ea3ce1f280@group-432E83AF5B55, cid=2038, SUCCESS, logIndex=2974, commits[9bf35ae9-4da0-4371-87fa-54ea3ce1f280:c2974, 0cc34542-3a00-466e-ae84-194b84d3af7b:c2971, d451d94d-57a0-4545-b387-d428f64e3f33:c2971]
2019-07-09 16:26:03,408 INFO  client.GrpcClientProtocolClient (GrpcClientProtocolClient.java:onNext(255)) - client-0F1B900A64BD->9bf35ae9-4da0-4371-87fa-54ea3ce1f280: receive RaftClientReply:client-0F1B900A64BD->9bf35ae9-4da0-4371-87fa-54ea3ce1f280@group-432E83AF5B55, cid=2039, SUCCESS, logIndex=2975, commits[9bf35ae9-4da0-4371-87fa-54ea3ce1f280:c2975, 0cc34542-3a00-466e-ae84-194b84d3af7b:c2971, d451d94d-57a0-4545-b387-d428f64e3f33:c2971]
2019-07-09 16:26:03,419 INFO  client.GrpcClientProtocolClient (GrpcClientProtocolClient.java:onNext(255)) - client-0F1B900A64BD->9bf35ae9-4da0-4371-87fa-54ea3ce1f280: receive RaftClientReply:client-0F1B900A64BD->9bf35ae9-4da0-4371-87fa-54ea3ce1f280@group-432E83AF5B55, cid=2040, SUCCESS, logIndex=0, commits[9bf35ae9-4da0-4371-87fa-54ea3ce1f280:c2977, 0cc34542-3a00-466e-ae84-194b84d3af7b:c2973, d451d94d-57a0-4545-b387-d428f64e3f33:c2973]
2019-07-09 16:26:03,439 INFO  client.GrpcClientProtocolClient (GrpcClientProtocolClient.java:onNext(255)) - client-0F1B900A64BD->9bf35ae9-4da0-4371-87fa-54ea3ce1f280: receive RaftClientReply:client-0F1B900A64BD->9bf35ae9-4da0-4371-87fa-54ea3ce1f280@group-432E83AF5B55, cid=2041, SUCCESS, logIndex=2980, commits[9bf35ae9-4da0-4371-87fa-54ea3ce1f280:c2981, 0cc34542-3a00-466e-ae84-194b84d3af7b:c2979, d451d94d-57a0-4545-b387-d428f64e3f33:c2979]
2019-07-09 16:26:03,440 INFO  client.GrpcClientProtocolClient (GrpcClientProtocolClient.java:onNext(255)) - client-0F1B900A64BD->9bf35ae9-4da0-4371-87fa-54ea3ce1f280: receive RaftClientReply:client-0F1B900A64BD->9bf35ae9-4da0-4371-87fa-54ea3ce1f280@group-432E83AF5B55, cid=2042, SUCCESS, logIndex=2981, commits[9bf35ae9-4da0-4371-87fa-54ea3ce1f280:c2981, 0cc34542-3a00-466e-ae84-194b84d3af7b:c2979, d451d94d-57a0-4545-b387-d428f64e3f33:c2979]
2019-07-09 16:26:03,453 INFO  client.GrpcClientProtocolClient (GrpcClientProtocolClient.java:onNext(255)) - client-0F1B900A64BD->9bf35ae9-4da0-4371-87fa-54ea3ce1f280: receive RaftClientReply:client-0F1B900A64BD->9bf35ae9-4da0-4371-87fa-54ea3ce1f280@group-432E83AF5B55, cid=2043, SUCCESS, logIndex=2984, commits[9bf35ae9-4da0-4371-87fa-54ea3ce1f280:c2984, 0cc34542-3a00-466e-ae84-194b84d3af7b:c2981, d451d94d-57a0-4545-b387-d428f64e3f33:c2981]
2019-07-09 16:26:03,453 INFO  client.GrpcClientProtocolClient (GrpcClientProtocolClient.java:onNext(255)) - client-0F1B900A64BD->9bf35ae9-4da0-4371-87fa-54ea3ce1f280: receive RaftClientReply:client-0F1B900A64BD->9bf35ae9-4da0-4371-87fa-54ea3ce1f280@group-432E83AF5B55, cid=2044, SUCCESS, logIndex=2985, commits[9bf35ae9-4da0-4371-87fa-54ea3ce1f280:c2985, 0cc34542-3a00-466e-ae84-194b84d3af7b:c2981, d451d94d-57a0-4545-b387-d428f64e3f33:c2981]
2019-07-09 16:26:03,459 INFO  client.GrpcClientProtocolClient (GrpcClientProtocolClient.java:onNext(255)) - client-0F1B900A64BD->9bf35ae9-4da0-4371-87fa-54ea3ce1f280: receive RaftClientReply:client-0F1B900A64BD->9bf35ae9-4da0-4371-87fa-54ea3ce1f280@group-432E83AF5B55, cid=2045, SUCCESS, logIndex=0, commits[9bf35ae9-4da0-4371-87fa-54ea3ce1f280:c2986, 0cc34542-3a00-466e-ae84-194b84d3af7b:c2985, d451d94d-57a0-4545-b387-d428f64e3f33:c2985]
2019-07-09 16:26:03,481 INFO  client.GrpcClientProtocolClient (GrpcClientProtocolClient.java:onNext(255)) - client-0F1B900A64BD->9bf35ae9-4da0-4371-87fa-54ea3ce1f280: receive RaftClientReply:client-0F1B900A64BD->9bf35ae9-4da0-4371-87fa-54ea3ce1f280@group-432E83AF5B55, cid=2046, SUCCESS, logIndex=2988, commits[9bf35ae9-4da0-4371-87fa-54ea3ce1f280:c2991, 0cc34542-3a00-466e-ae84-194b84d3af7b:c2985, d451d94d-57a0-4545-b387-d428f64e3f33:c2987]
2019-07-09 16:26:03,482 INFO  client.GrpcClientProtocolClient (GrpcClientProtocolClient.java:onNext(255)) - client-0F1B900A64BD->9bf35ae9-4da0-4371-87fa-54ea3ce1f280: receive RaftClientReply:client-0F1B900A64BD->9bf35ae9-4da0-4371-87fa-54ea3ce1f280@group-432E83AF5B55, cid=2047, SUCCESS, logIndex=2989, commits[9bf35ae9-4da0-4371-87fa-54ea3ce1f280:c2991, 0cc34542-3a00-466e-ae84-194b84d3af7b:c2987, d451d94d-57a0-4545-b387-d428f64e3f33:c2987]
2019-07-09 16:26:03,482 INFO  client.GrpcClientProtocolClient (GrpcClientProtocolClient.java:onNext(255)) - client-0F1B900A64BD->9bf35ae9-4da0-4371-87fa-54ea3ce1f280: receive RaftClientReply:client-0F1B900A64BD->9bf35ae9-4da0-4371-87fa-54ea3ce1f280@group-432E83AF5B55, cid=2048, SUCCESS, logIndex=2990, commits[9bf35ae9-4da0-4371-87fa-54ea3ce1f280:c2991, 0cc34542-3a00-466e-ae84-194b84d3af7b:c2987, d451d94d-57a0-4545-b387-d428f64e3f33:c2987]
2019-07-09 16:26:03,482 INFO  client.GrpcClientProtocolClient (GrpcClientProtocolClient.java:onNext(255)) - client-0F1B900A64BD->9bf35ae9-4da0-4371-87fa-54ea3ce1f280: receive RaftClientReply:client-0F1B900A64BD->9bf35ae9-4da0-4371-87fa-54ea3ce1f280@group-432E83AF5B55, cid=2049, SUCCESS, logIndex=2991, commits[9bf35ae9-4da0-4371-87fa-54ea3ce1f280:c2991, 0cc34542-3a00-466e-ae84-194b84d3af7b:c2987, d451d94d-57a0-4545-b387-d428f64e3f33:c2987]
2019-07-09 16:26:03,486 INFO  client.GrpcClientProtocolClient (GrpcClientProtocolClient.java:onNext(255)) - client-0F1B900A64BD->9bf35ae9-4da0-4371-87fa-54ea3ce1f280: receive RaftClientReply:client-0F1B900A64BD->9bf35ae9-4da0-4371-87fa-54ea3ce1f280@group-432E83AF5B55, cid=2050, SUCCESS, logIndex=0, commits[9bf35ae9-4da0-4371-87fa-54ea3ce1f280:c2995, 0cc34542-3a00-466e-ae84-194b84d3af7b:c2991, d451d94d-57a0-4545-b387-d428f64e3f33:c2990]
2019-07-09 16:26:03,508 INFO  client.GrpcClientProtocolClient (GrpcClientProtocolClient.java:onNext(255)) - client-0F1B900A64BD->9bf35ae9-4da0-4371-87fa-54ea3ce1f280: receive RaftClientReply:client-0F1B900A64BD->9bf35ae9-4da0-4371-87fa-54ea3ce1f280@group-432E83AF5B55, cid=2051, SUCCESS, logIndex=2996, commits[9bf35ae9-4da0-4371-87fa-54ea3ce1f280:c2997, 0cc34542-3a00-466e-ae84-194b84d3af7b:c2995, d451d94d-57a0-4545-b387-d428f64e3f33:c2995]
2019-07-09 16:26:03,509 INFO  client.GrpcClientProtocolClient (GrpcClientProtocolClient.java:onNext(255)) - client-0F1B900A64BD->9bf35ae9-4da0-4371-87fa-54ea3ce1f280: receive RaftClientReply:client-0F1B900A64BD->9bf35ae9-4da0-4371-87fa-54ea3ce1f280@group-432E83AF5B55, cid=2052, SUCCESS, logIndex=2997, commits[9bf35ae9-4da0-4371-87fa-54ea3ce1f280:c2997, 0cc34542-3a00-466e-ae84-194b84d3af7b:c2995, d451d94d-57a0-4545-b387-d428f64e3f33:c2995]
2019-07-09 16:26:03,523 INFO  client.GrpcClientProtocolClient (GrpcClientProtocolClient.java:onNext(255)) - client-0F1B900A64BD->9bf35ae9-4da0-4371-87fa-54ea3ce1f280: receive RaftClientReply:client-0F1B900A64BD->9bf35ae9-4da0-4371-87fa-54ea3ce1f280@group-432E83AF5B55, cid=2053, SUCCESS, logIndex=3000, commits[9bf35ae9-4da0-4371-87fa-54ea3ce1f280:c3000, 0cc34542-3a00-466e-ae84-194b84d3af7b:c2997, d451d94d-57a0-4545-b387-d428f64e3f33:c2996]
2019-07-09 16:26:03,523 INFO  client.GrpcClientProtocolClient (GrpcClientProtocolClient.java:onNext(255)) - client-0F1B900A64BD->9bf35ae9-4da0-4371-87fa-54ea3ce1f280: receive RaftClientReply:client-0F1B900A64BD->9bf35ae9-4da0-4371-87fa-54ea3ce1f280@group-432E83AF5B55, cid=2054, SUCCESS, logIndex=3001, commits[9bf35ae9-4da0-4371-87fa-54ea3ce1f280:c3001, 0cc34542-3a00-466e-ae84-194b84d3af7b:c2997, d451d94d-57a0-4545-b387-d428f64e3f33:c2997]
2019-07-09 16:26:03,537 INFO  client.GrpcClientProtocolClient (GrpcClientProtocolClient.java:onNext(255)) - client-0F1B900A64BD->9bf35ae9-4da0-4371-87fa-54ea3ce1f280: receive RaftClientReply:client-0F1B900A64BD->9bf35ae9-4da0-4371-87fa-54ea3ce1f280@group-432E83AF5B55, cid=2055, SUCCESS, logIndex=0, commits[9bf35ae9-4da0-4371-87fa-54ea3ce1f280:c3003, 0cc34542-3a00-466e-ae84-194b84d3af7b:c3001, d451d94d-57a0-4545-b387-d428f64e3f33:c3001]
2019-07-09 16:26:03,569 INFO  client.GrpcClientProtocolClient (GrpcClientProtocolClient.java:onNext(255)) - client-0F1B900A64BD->9bf35ae9-4da0-4371-87fa-54ea3ce1f280: receive RaftClientReply:client-0F1B900A64BD->9bf35ae9-4da0-4371-87fa-54ea3ce1f280@group-432E83AF5B55, cid=2056, SUCCESS, logIndex=3004, commits[9bf35ae9-4da0-4371-87fa-54ea3ce1f280:c3007, 0cc34542-3a00-466e-ae84-194b84d3af7b:c3003, d451d94d-57a0-4545-b387-d428f64e3f33:c3003]
2019-07-09 16:26:03,570 INFO  client.GrpcClientProtocolClient (GrpcClientProtocolClient.java:onNext(255)) - client-0F1B900A64BD->9bf35ae9-4da0-4371-87fa-54ea3ce1f280: receive RaftClientReply:client-0F1B900A64BD->9bf35ae9-4da0-4371-87fa-54ea3ce1f280@group-432E83AF5B55, cid=2057, SUCCESS, logIndex=3005, commits[9bf35ae9-4da0-4371-87fa-54ea3ce1f280:c3007, 0cc34542-3a00-466e-ae84-194b84d3af7b:c3003, d451d94d-57a0-4545-b387-d428f64e3f33:c3003]
2019-07-09 16:26:03,570 INFO  client.GrpcClientProtocolClient (GrpcClientProtocolClient.java:onNext(255)) - client-0F1B900A64BD->9bf35ae9-4da0-4371-87fa-54ea3ce1f280: receive RaftClientReply:client-0F1B900A64BD->9bf35ae9-4da0-4371-87fa-54ea3ce1f280@group-432E83AF5B55, cid=2058, SUCCESS, logIndex=3006, commits[9bf35ae9-4da0-4371-87fa-54ea3ce1f280:c3007, 0cc34542-3a00-466e-ae84-194b84d3af7b:c3003, d451d94d-57a0-4545-b387-d428f64e3f33:c3003]
2019-07-09 16:26:03,570 INFO  client.GrpcClientProtocolClient (GrpcClientProtocolClient.java:onNext(255)) - client-0F1B900A64BD->9bf35ae9-4da0-4371-87fa-54ea3ce1f280: receive RaftClientReply:client-0F1B900A64BD->9bf35ae9-4da0-4371-87fa-54ea3ce1f280@group-432E83AF5B55, cid=2059, SUCCESS, logIndex=3007, commits[9bf35ae9-4da0-4371-87fa-54ea3ce1f280:c3007, 0cc34542-3a00-466e-ae84-194b84d3af7b:c3003, d451d94d-57a0-4545-b387-d428f64e3f33:c3003]
2019-07-09 16:26:03,630 INFO  client.GrpcClientProtocolClient (GrpcClientProtocolClient.java:onNext(255)) - client-0F1B900A64BD->9bf35ae9-4da0-4371-87fa-54ea3ce1f280: receive RaftClientReply:client-0F1B900A64BD->9bf35ae9-4da0-4371-87fa-54ea3ce1f280@group-432E83AF5B55, cid=2060, SUCCESS, logIndex=0, commits[9bf35ae9-4da0-4371-87fa-54ea3ce1f280:c3008, 0cc34542-3a00-466e-ae84-194b84d3af7b:c3006, d451d94d-57a0-4545-b387-d428f64e3f33:c3006]
2019-07-09 16:26:03,646 INFO  client.GrpcClientProtocolClient (GrpcClientProtocolClient.java:onNext(255)) - client-0F1B900A64BD->9bf35ae9-4da0-4371-87fa-54ea3ce1f280: receive RaftClientReply:client-0F1B900A64BD->9bf35ae9-4da0-4371-87fa-54ea3ce1f280@group-432E83AF5B55, cid=2061, SUCCESS, logIndex=3011, commits[9bf35ae9-4da0-4371-87fa-54ea3ce1f280:c3012, 0cc34542-3a00-466e-ae84-194b84d3af7b:c3010, d451d94d-57a0-4545-b387-d428f64e3f33:c3010]
2019-07-09 16:26:03,646 INFO  client.GrpcClientProtocolClient (GrpcClientProtocolClient.java:onNext(255)) - client-0F1B900A64BD->9bf35ae9-4da0-4371-87fa-54ea3ce1f280: receive RaftClientReply:client-0F1B900A64BD->9bf35ae9-4da0-4371-87fa-54ea3ce1f280@group-432E83AF5B55, cid=2062, SUCCESS, logIndex=3012, commits[9bf35ae9-4da0-4371-87fa-54ea3ce1f280:c3012, 0cc34542-3a00-466e-ae84-194b84d3af7b:c3010, d451d94d-57a0-4545-b387-d428f64e3f33:c3010]
2019-07-09 16:26:03,660 INFO  client.GrpcClientProtocolClient (GrpcClientProtocolClient.java:onNext(255)) - client-0F1B900A64BD->9bf35ae9-4da0-4371-87fa-54ea3ce1f280: receive RaftClientReply:client-0F1B900A64BD->9bf35ae9-4da0-4371-87fa-54ea3ce1f280@group-432E83AF5B55, cid=2063, SUCCESS, logIndex=3015, commits[9bf35ae9-4da0-4371-87fa-54ea3ce1f280:c3016, 0cc34542-3a00-466e-ae84-194b84d3af7b:c3014, d451d94d-57a0-4545-b387-d428f64e3f33:c3012]
2019-07-09 16:26:03,660 INFO  client.GrpcClientProtocolClient (GrpcClientProtocolClient.java:onNext(255)) - client-0F1B900A64BD->9bf35ae9-4da0-4371-87fa-54ea3ce1f280: receive RaftClientReply:client-0F1B900A64BD->9bf35ae9-4da0-4371-87fa-54ea3ce1f280@group-432E83AF5B55, cid=2064, SUCCESS, logIndex=3016, commits[9bf35ae9-4da0-4371-87fa-54ea3ce1f280:c3016, 0cc34542-3a00-466e-ae84-194b84d3af7b:c3014, d451d94d-57a0-4545-b387-d428f64e3f33:c3014]
2019-07-09 16:26:03,662 INFO  client.GrpcClientProtocolClient (GrpcClientProtocolClient.java:onNext(255)) - client-0F1B900A64BD->9bf35ae9-4da0-4371-87fa-54ea3ce1f280: receive RaftClientReply:client-0F1B900A64BD->9bf35ae9-4da0-4371-87fa-54ea3ce1f280@group-432E83AF5B55, cid=2065, SUCCESS, logIndex=0, commits[9bf35ae9-4da0-4371-87fa-54ea3ce1f280:c3017, 0cc34542-3a00-466e-ae84-194b84d3af7b:c3016, d451d94d-57a0-4545-b387-d428f64e3f33:c3016]
2019-07-09 16:26:03,690 INFO  client.GrpcClientProtocolClient (GrpcClientProtocolClient.java:onNext(255)) - client-0F1B900A64BD->9bf35ae9-4da0-4371-87fa-54ea3ce1f280: receive RaftClientReply:client-0F1B900A64BD->9bf35ae9-4da0-4371-87fa-54ea3ce1f280@group-432E83AF5B55, cid=2066, SUCCESS, logIndex=3019, commits[9bf35ae9-4da0-4371-87fa-54ea3ce1f280:c3022, 0cc34542-3a00-466e-ae84-194b84d3af7b:c3018, d451d94d-57a0-4545-b387-d428f64e3f33:c3016]
2019-07-09 16:26:03,691 INFO  client.GrpcClientProtocolClient (GrpcClientProtocolClient.java:onNext(255)) - client-0F1B900A64BD->9bf35ae9-4da0-4371-87fa-54ea3ce1f280: receive RaftClientReply:client-0F1B900A64BD->9bf35ae9-4da0-4371-87fa-54ea3ce1f280@group-432E83AF5B55, cid=2067, SUCCESS, logIndex=3020, commits[9bf35ae9-4da0-4371-87fa-54ea3ce1f280:c3022, 0cc34542-3a00-466e-ae84-194b84d3af7b:c3018, d451d94d-57a0-4545-b387-d428f64e3f33:c3018]
2019-07-09 16:26:03,691 INFO  client.GrpcClientProtocolClient (GrpcClientProtocolClient.java:onNext(255)) - client-0F1B900A64BD->9bf35ae9-4da0-4371-87fa-54ea3ce1f280: receive RaftClientReply:client-0F1B900A64BD->9bf35ae9-4da0-4371-87fa-54ea3ce1f280@group-432E83AF5B55, cid=2068, SUCCESS, logIndex=3021, commits[9bf35ae9-4da0-4371-87fa-54ea3ce1f280:c3022, 0cc34542-3a00-466e-ae84-194b84d3af7b:c3018, d451d94d-57a0-4545-b387-d428f64e3f33:c3018]
2019-07-09 16:26:03,691 INFO  client.GrpcClientProtocolClient (GrpcClientProtocolClient.java:onNext(255)) - client-0F1B900A64BD->9bf35ae9-4da0-4371-87fa-54ea3ce1f280: receive RaftClientReply:client-0F1B900A64BD->9bf35ae9-4da0-4371-87fa-54ea3ce1f280@group-432E83AF5B55, cid=2069, SUCCESS, logIndex=3022, commits[9bf35ae9-4da0-4371-87fa-54ea3ce1f280:c3022, 0cc34542-3a00-466e-ae84-194b84d3af7b:c3018, d451d94d-57a0-4545-b387-d428f64e3f33:c3018]
2019-07-09 16:26:03,694 INFO  client.GrpcClientProtocolClient (GrpcClientProtocolClient.java:onNext(255)) - client-0F1B900A64BD->9bf35ae9-4da0-4371-87fa-54ea3ce1f280: receive RaftClientReply:client-0F1B900A64BD->9bf35ae9-4da0-4371-87fa-54ea3ce1f280@group-432E83AF5B55, cid=2070, SUCCESS, logIndex=0, commits[9bf35ae9-4da0-4371-87fa-54ea3ce1f280:c3023, 0cc34542-3a00-466e-ae84-194b84d3af7b:c3020, d451d94d-57a0-4545-b387-d428f64e3f33:c3020]
2019-07-09 16:26:03,708 INFO  client.GrpcClientProtocolClient (GrpcClientProtocolClient.java:onNext(255)) - client-0F1B900A64BD->9bf35ae9-4da0-4371-87fa-54ea3ce1f280: receive RaftClientReply:client-0F1B900A64BD->9bf35ae9-4da0-4371-87fa-54ea3ce1f280@group-432E83AF5B55, cid=2071, SUCCESS, logIndex=3026, commits[9bf35ae9-4da0-4371-87fa-54ea3ce1f280:c3027, 0cc34542-3a00-466e-ae84-194b84d3af7b:c3025, d451d94d-57a0-4545-b387-d428f64e3f33:c3025]
2019-07-09 16:26:03,709 INFO  client.GrpcClientProtocolClient (GrpcClientProtocolClient.java:onNext(255)) - client-0F1B900A64BD->9bf35ae9-4da0-4371-87fa-54ea3ce1f280: receive RaftClientReply:client-0F1B900A64BD->9bf35ae9-4da0-4371-87fa-54ea3ce1f280@group-432E83AF5B55, cid=2072, SUCCESS, logIndex=3027, commits[9bf35ae9-4da0-4371-87fa-54ea3ce1f280:c3027, 0cc34542-3a00-466e-ae84-194b84d3af7b:c3025, d451d94d-57a0-4545-b387-d428f64e3f33:c3025]
2019-07-09 16:26:03,723 INFO  client.GrpcClientProtocolClient (GrpcClientProtocolClient.java:onNext(255)) - client-0F1B900A64BD->9bf35ae9-4da0-4371-87fa-54ea3ce1f280: receive RaftClientReply:client-0F1B900A64BD->9bf35ae9-4da0-4371-87fa-54ea3ce1f280@group-432E83AF5B55, cid=2073, SUCCESS, logIndex=3030, commits[9bf35ae9-4da0-4371-87fa-54ea3ce1f280:c3031, 0cc34542-3a00-466e-ae84-194b84d3af7b:c3029, d451d94d-57a0-4545-b387-d428f64e3f33:c3029]
2019-07-09 16:26:03,723 INFO  client.GrpcClientProtocolClient (GrpcClientProtocolClient.java:onNext(255)) - client-0F1B900A64BD->9bf35ae9-4da0-4371-87fa-54ea3ce1f280: receive RaftClientReply:client-0F1B900A64BD->9bf35ae9-4da0-4371-87fa-54ea3ce1f280@group-432E83AF5B55, cid=2074, SUCCESS, logIndex=3031, commits[9bf35ae9-4da0-4371-87fa-54ea3ce1f280:c3031, 0cc34542-3a00-466e-ae84-194b84d3af7b:c3029, d451d94d-57a0-4545-b387-d428f64e3f33:c3029]
2019-07-09 16:26:03,726 INFO  client.GrpcClientProtocolClient (GrpcClientProtocolClient.java:onNext(255)) - client-0F1B900A64BD->9bf35ae9-4da0-4371-87fa-54ea3ce1f280: receive RaftClientReply:client-0F1B900A64BD->9bf35ae9-4da0-4371-87fa-54ea3ce1f280@group-432E83AF5B55, cid=2075, SUCCESS, logIndex=0, commits[9bf35ae9-4da0-4371-87fa-54ea3ce1f280:c3032, 0cc34542-3a00-466e-ae84-194b84d3af7b:c3031, d451d94d-57a0-4545-b387-d428f64e3f33:c3031]
2019-07-09 16:26:03,868 INFO  client.GrpcClientProtocolClient (GrpcClientProtocolClient.java:onNext(255)) - client-0F1B900A64BD->9bf35ae9-4da0-4371-87fa-54ea3ce1f280: receive RaftClientReply:client-0F1B900A64BD->9bf35ae9-4da0-4371-87fa-54ea3ce1f280@group-432E83AF5B55, cid=2076, SUCCESS, logIndex=3034, commits[9bf35ae9-4da0-4371-87fa-54ea3ce1f280:c3035, 0cc34542-3a00-466e-ae84-194b84d3af7b:c3031, d451d94d-57a0-4545-b387-d428f64e3f33:c3033]
2019-07-09 16:26:03,869 INFO  client.GrpcClientProtocolClient (GrpcClientProtocolClient.java:onNext(255)) - client-0F1B900A64BD->9bf35ae9-4da0-4371-87fa-54ea3ce1f280: receive RaftClientReply:client-0F1B900A64BD->9bf35ae9-4da0-4371-87fa-54ea3ce1f280@group-432E83AF5B55, cid=2077, SUCCESS, logIndex=3035, commits[9bf35ae9-4da0-4371-87fa-54ea3ce1f280:c3035, 0cc34542-3a00-466e-ae84-194b84d3af7b:c3031, d451d94d-57a0-4545-b387-d428f64e3f33:c3033]
2019-07-09 16:26:03,873 INFO  client.GrpcClientProtocolClient (GrpcClientProtocolClient.java:onNext(255)) - client-0F1B900A64BD->9bf35ae9-4da0-4371-87fa-54ea3ce1f280: receive RaftClientReply:client-0F1B900A64BD->9bf35ae9-4da0-4371-87fa-54ea3ce1f280@group-432E83AF5B55, cid=2078, SUCCESS, logIndex=3036, commits[9bf35ae9-4da0-4371-87fa-54ea3ce1f280:c3037, 0cc34542-3a00-466e-ae84-194b84d3af7b:c3033, d451d94d-57a0-4545-b387-d428f64e3f33:c3033]
2019-07-09 16:26:03,873 INFO  client.GrpcClientProtocolClient (GrpcClientProtocolClient.java:onNext(255)) - client-0F1B900A64BD->9bf35ae9-4da0-4371-87fa-54ea3ce1f280: receive RaftClientReply:client-0F1B900A64BD->9bf35ae9-4da0-4371-87fa-54ea3ce1f280@group-432E83AF5B55, cid=2079, SUCCESS, logIndex=3037, commits[9bf35ae9-4da0-4371-87fa-54ea3ce1f280:c3037, 0cc34542-3a00-466e-ae84-194b84d3af7b:c3033, d451d94d-57a0-4545-b387-d428f64e3f33:c3033]
2019-07-09 16:26:03,887 INFO  client.GrpcClientProtocolClient (GrpcClientProtocolClient.java:onNext(255)) - client-0F1B900A64BD->9bf35ae9-4da0-4371-87fa-54ea3ce1f280: receive RaftClientReply:client-0F1B900A64BD->9bf35ae9-4da0-4371-87fa-54ea3ce1f280@group-432E83AF5B55, cid=2080, SUCCESS, logIndex=0, commits[9bf35ae9-4da0-4371-87fa-54ea3ce1f280:c3039, 0cc34542-3a00-466e-ae84-194b84d3af7b:c3035, d451d94d-57a0-4545-b387-d428f64e3f33:c3035]
 0.00% |█                                                                                                    |  0/1 Time: 0:00:152019-07-09 16:26:03,911 INFO  client.GrpcClientProtocolClient (GrpcClientProtocolClient.java:onNext(255)) - client-0F1B900A64BD->9bf35ae9-4da0-4371-87fa-54ea3ce1f280: receive RaftClientReply:client-0F1B900A64BD->9bf35ae9-4da0-4371-87fa-54ea3ce1f280@group-432E83AF5B55, cid=2081, SUCCESS, logIndex=3042, commits[9bf35ae9-4da0-4371-87fa-54ea3ce1f280:c3043, 0cc34542-3a00-466e-ae84-194b84d3af7b:c3039, d451d94d-57a0-4545-b387-d428f64e3f33:c3039]
2019-07-09 16:26:03,912 INFO  client.GrpcClientProtocolClient (GrpcClientProtocolClient.java:onNext(255)) - client-0F1B900A64BD->9bf35ae9-4da0-4371-87fa-54ea3ce1f280: receive RaftClientReply:client-0F1B900A64BD->9bf35ae9-4da0-4371-87fa-54ea3ce1f280@group-432E83AF5B55, cid=2082, SUCCESS, logIndex=3043, commits[9bf35ae9-4da0-4371-87fa-54ea3ce1f280:c3043, 0cc34542-3a00-466e-ae84-194b84d3af7b:c3039, d451d94d-57a0-4545-b387-d428f64e3f33:c3039]
2019-07-09 16:26:03,933 INFO  client.GrpcClientProtocolClient (GrpcClientProtocolClient.java:onNext(255)) - client-0F1B900A64BD->9bf35ae9-4da0-4371-87fa-54ea3ce1f280: receive RaftClientReply:client-0F1B900A64BD->9bf35ae9-4da0-4371-87fa-54ea3ce1f280@group-432E83AF5B55, cid=2083, SUCCESS, logIndex=3046, commits[9bf35ae9-4da0-4371-87fa-54ea3ce1f280:c3047, 0cc34542-3a00-466e-ae84-194b84d3af7b:c3045, d451d94d-57a0-4545-b387-d428f64e3f33:c3045]
2019-07-09 16:26:03,934 INFO  client.GrpcClientProtocolClient (GrpcClientProtocolClient.java:onNext(255)) - client-0F1B900A64BD->9bf35ae9-4da0-4371-87fa-54ea3ce1f280: receive RaftClientReply:client-0F1B900A64BD->9bf35ae9-4da0-4371-87fa-54ea3ce1f280@group-432E83AF5B55, cid=2084, SUCCESS, logIndex=3047, commits[9bf35ae9-4da0-4371-87fa-54ea3ce1f280:c3047, 0cc34542-3a00-466e-ae84-194b84d3af7b:c3045, d451d94d-57a0-4545-b387-d428f64e3f33:c3045]
2019-07-09 16:26:03,947 INFO  client.GrpcClientProtocolClient (GrpcClientProtocolClient.java:onNext(255)) - client-0F1B900A64BD->9bf35ae9-4da0-4371-87fa-54ea3ce1f280: receive RaftClientReply:client-0F1B900A64BD->9bf35ae9-4da0-4371-87fa-54ea3ce1f280@group-432E83AF5B55, cid=2085, SUCCESS, logIndex=0, commits[9bf35ae9-4da0-4371-87fa-54ea3ce1f280:c3048, 0cc34542-3a00-466e-ae84-194b84d3af7b:c3047, d451d94d-57a0-4545-b387-d428f64e3f33:c3047]
2019-07-09 16:26:03,977 INFO  client.GrpcClientProtocolClient (GrpcClientProtocolClient.java:onNext(255)) - client-0F1B900A64BD->9bf35ae9-4da0-4371-87fa-54ea3ce1f280: receive RaftClientReply:client-0F1B900A64BD->9bf35ae9-4da0-4371-87fa-54ea3ce1f280@group-432E83AF5B55, cid=2086, SUCCESS, logIndex=3050, commits[9bf35ae9-4da0-4371-87fa-54ea3ce1f280:c3053, 0cc34542-3a00-466e-ae84-194b84d3af7b:c3049, d451d94d-57a0-4545-b387-d428f64e3f33:c3049]
2019-07-09 16:26:03,978 INFO  client.GrpcClientProtocolClient (GrpcClientProtocolClient.java:onNext(255)) - client-0F1B900A64BD->9bf35ae9-4da0-4371-87fa-54ea3ce1f280: receive RaftClientReply:client-0F1B900A64BD->9bf35ae9-4da0-4371-87fa-54ea3ce1f280@group-432E83AF5B55, cid=2087, SUCCESS, logIndex=3051, commits[9bf35ae9-4da0-4371-87fa-54ea3ce1f280:c3053, 0cc34542-3a00-466e-ae84-194b84d3af7b:c3049, d451d94d-57a0-4545-b387-d428f64e3f33:c3049]
2019-07-09 16:26:03,978 INFO  client.GrpcClientProtocolClient (GrpcClientProtocolClient.java:onNext(255)) - client-0F1B900A64BD->9bf35ae9-4da0-4371-87fa-54ea3ce1f280: receive RaftClientReply:client-0F1B900A64BD->9bf35ae9-4da0-4371-87fa-54ea3ce1f280@group-432E83AF5B55, cid=2088, SUCCESS, logIndex=3052, commits[9bf35ae9-4da0-4371-87fa-54ea3ce1f280:c3053, 0cc34542-3a00-466e-ae84-194b84d3af7b:c3049, d451d94d-57a0-4545-b387-d428f64e3f33:c3049]
2019-07-09 16:26:03,979 INFO  client.GrpcClientProtocolClient (GrpcClientProtocolClient.java:onNext(255)) - client-0F1B900A64BD->9bf35ae9-4da0-4371-87fa-54ea3ce1f280: receive RaftClientReply:client-0F1B900A64BD->9bf35ae9-4da0-4371-87fa-54ea3ce1f280@group-432E83AF5B55, cid=2089, SUCCESS, logIndex=3053, commits[9bf35ae9-4da0-4371-87fa-54ea3ce1f280:c3053, 0cc34542-3a00-466e-ae84-194b84d3af7b:c3049, d451d94d-57a0-4545-b387-d428f64e3f33:c3049]
2019-07-09 16:26:03,991 INFO  client.GrpcClientProtocolClient (GrpcClientProtocolClient.java:onNext(255)) - client-0F1B900A64BD->9bf35ae9-4da0-4371-87fa-54ea3ce1f280: receive RaftClientReply:client-0F1B900A64BD->9bf35ae9-4da0-4371-87fa-54ea3ce1f280@group-432E83AF5B55, cid=2090, SUCCESS, logIndex=0, commits[9bf35ae9-4da0-4371-87fa-54ea3ce1f280:c3055, 0cc34542-3a00-466e-ae84-194b84d3af7b:c3051, d451d94d-57a0-4545-b387-d428f64e3f33:c3051]
2019-07-09 16:26:04,012 INFO  client.GrpcClientProtocolClient (GrpcClientProtocolClient.java:onNext(255)) - client-0F1B900A64BD->9bf35ae9-4da0-4371-87fa-54ea3ce1f280: receive RaftClientReply:client-0F1B900A64BD->9bf35ae9-4da0-4371-87fa-54ea3ce1f280@group-432E83AF5B55, cid=2091, SUCCESS, logIndex=3058, commits[9bf35ae9-4da0-4371-87fa-54ea3ce1f280:c3059, 0cc34542-3a00-466e-ae84-194b84d3af7b:c3057, d451d94d-57a0-4545-b387-d428f64e3f33:c3057]
2019-07-09 16:26:04,013 INFO  client.GrpcClientProtocolClient (GrpcClientProtocolClient.java:onNext(255)) - client-0F1B900A64BD->9bf35ae9-4da0-4371-87fa-54ea3ce1f280: receive RaftClientReply:client-0F1B900A64BD->9bf35ae9-4da0-4371-87fa-54ea3ce1f280@group-432E83AF5B55, cid=2092, SUCCESS, logIndex=3059, commits[9bf35ae9-4da0-4371-87fa-54ea3ce1f280:c3059, 0cc34542-3a00-466e-ae84-194b84d3af7b:c3057, d451d94d-57a0-4545-b387-d428f64e3f33:c3057]
2019-07-09 16:26:04,042 INFO  client.GrpcClientProtocolClient (GrpcClientProtocolClient.java:onNext(255)) - client-0F1B900A64BD->9bf35ae9-4da0-4371-87fa-54ea3ce1f280: receive RaftClientReply:client-0F1B900A64BD->9bf35ae9-4da0-4371-87fa-54ea3ce1f280@group-432E83AF5B55, cid=2093, SUCCESS, logIndex=3062, commits[9bf35ae9-4da0-4371-87fa-54ea3ce1f280:c3063, 0cc34542-3a00-466e-ae84-194b84d3af7b:c3059, d451d94d-57a0-4545-b387-d428f64e3f33:c3059]
2019-07-09 16:26:04,042 INFO  client.GrpcClientProtocolClient (GrpcClientProtocolClient.java:onNext(255)) - client-0F1B900A64BD->9bf35ae9-4da0-4371-87fa-54ea3ce1f280: receive RaftClientReply:client-0F1B900A64BD->9bf35ae9-4da0-4371-87fa-54ea3ce1f280@group-432E83AF5B55, cid=2094, SUCCESS, logIndex=3063, commits[9bf35ae9-4da0-4371-87fa-54ea3ce1f280:c3063, 0cc34542-3a00-466e-ae84-194b84d3af7b:c3059, d451d94d-57a0-4545-b387-d428f64e3f33:c3059]
2019-07-09 16:26:04,052 INFO  client.GrpcClientProtocolClient (GrpcClientProtocolClient.java:onNext(255)) - client-0F1B900A64BD->9bf35ae9-4da0-4371-87fa-54ea3ce1f280: receive RaftClientReply:client-0F1B900A64BD->9bf35ae9-4da0-4371-87fa-54ea3ce1f280@group-432E83AF5B55, cid=2095, SUCCESS, logIndex=0, commits[9bf35ae9-4da0-4371-87fa-54ea3ce1f280:c3065, 0cc34542-3a00-466e-ae84-194b84d3af7b:c3063, d451d94d-57a0-4545-b387-d428f64e3f33:c3063]
2019-07-09 16:26:04,083 INFO  client.GrpcClientProtocolClient (GrpcClientProtocolClient.java:onNext(255)) - client-0F1B900A64BD->9bf35ae9-4da0-4371-87fa-54ea3ce1f280: receive RaftClientReply:client-0F1B900A64BD->9bf35ae9-4da0-4371-87fa-54ea3ce1f280@group-432E83AF5B55, cid=2096, SUCCESS, logIndex=3066, commits[9bf35ae9-4da0-4371-87fa-54ea3ce1f280:c3067, 0cc34542-3a00-466e-ae84-194b84d3af7b:c3065, d451d94d-57a0-4545-b387-d428f64e3f33:c3065]
2019-07-09 16:26:04,083 INFO  client.GrpcClientProtocolClient (GrpcClientProtocolClient.java:onNext(255)) - client-0F1B900A64BD->9bf35ae9-4da0-4371-87fa-54ea3ce1f280: receive RaftClientReply:client-0F1B900A64BD->9bf35ae9-4da0-4371-87fa-54ea3ce1f280@group-432E83AF5B55, cid=2097, SUCCESS, logIndex=3067, commits[9bf35ae9-4da0-4371-87fa-54ea3ce1f280:c3069, 0cc34542-3a00-466e-ae84-194b84d3af7b:c3065, d451d94d-57a0-4545-b387-d428f64e3f33:c3065]
2019-07-09 16:26:04,083 INFO  client.GrpcClientProtocolClient (GrpcClientProtocolClient.java:onNext(255)) - client-0F1B900A64BD->9bf35ae9-4da0-4371-87fa-54ea3ce1f280: receive RaftClientReply:client-0F1B900A64BD->9bf35ae9-4da0-4371-87fa-54ea3ce1f280@group-432E83AF5B55, cid=2098, SUCCESS, logIndex=3068, commits[9bf35ae9-4da0-4371-87fa-54ea3ce1f280:c3069, 0cc34542-3a00-466e-ae84-194b84d3af7b:c3065, d451d94d-57a0-4545-b387-d428f64e3f33:c3065]
2019-07-09 16:26:04,083 INFO  client.GrpcClientProtocolClient (GrpcClientProtocolClient.java:onNext(255)) - client-0F1B900A64BD->9bf35ae9-4da0-4371-87fa-54ea3ce1f280: receive RaftClientReply:client-0F1B900A64BD->9bf35ae9-4da0-4371-87fa-54ea3ce1f280@group-432E83AF5B55, cid=2099, SUCCESS, logIndex=3069, commits[9bf35ae9-4da0-4371-87fa-54ea3ce1f280:c3069, 0cc34542-3a00-466e-ae84-194b84d3af7b:c3065, d451d94d-57a0-4545-b387-d428f64e3f33:c3065]
2019-07-09 16:26:04,095 INFO  client.GrpcClientProtocolClient (GrpcClientProtocolClient.java:onNext(255)) - client-0F1B900A64BD->9bf35ae9-4da0-4371-87fa-54ea3ce1f280: receive RaftClientReply:client-0F1B900A64BD->9bf35ae9-4da0-4371-87fa-54ea3ce1f280@group-432E83AF5B55, cid=2100, SUCCESS, logIndex=0, commits[9bf35ae9-4da0-4371-87fa-54ea3ce1f280:c3070, 0cc34542-3a00-466e-ae84-194b84d3af7b:c3067, d451d94d-57a0-4545-b387-d428f64e3f33:c3067]
2019-07-09 16:26:04,115 INFO  client.GrpcClientProtocolClient (GrpcClientProtocolClient.java:onNext(255)) - client-0F1B900A64BD->9bf35ae9-4da0-4371-87fa-54ea3ce1f280: receive RaftClientReply:client-0F1B900A64BD->9bf35ae9-4da0-4371-87fa-54ea3ce1f280@group-432E83AF5B55, cid=2101, SUCCESS, logIndex=3073, commits[9bf35ae9-4da0-4371-87fa-54ea3ce1f280:c3073, 0cc34542-3a00-466e-ae84-194b84d3af7b:c3072, d451d94d-57a0-4545-b387-d428f64e3f33:c3072]
2019-07-09 16:26:04,116 INFO  client.GrpcClientProtocolClient (GrpcClientProtocolClient.java:onNext(255)) - client-0F1B900A64BD->9bf35ae9-4da0-4371-87fa-54ea3ce1f280: receive RaftClientReply:client-0F1B900A64BD->9bf35ae9-4da0-4371-87fa-54ea3ce1f280@group-432E83AF5B55, cid=2102, SUCCESS, logIndex=3074, commits[9bf35ae9-4da0-4371-87fa-54ea3ce1f280:c3074, 0cc34542-3a00-466e-ae84-194b84d3af7b:c3072, d451d94d-57a0-4545-b387-d428f64e3f33:c3072]
2019-07-09 16:26:04,141 INFO  client.GrpcClientProtocolClient (GrpcClientProtocolClient.java:onNext(255)) - client-0F1B900A64BD->9bf35ae9-4da0-4371-87fa-54ea3ce1f280: receive RaftClientReply:client-0F1B900A64BD->9bf35ae9-4da0-4371-87fa-54ea3ce1f280@group-432E83AF5B55, cid=2103, SUCCESS, logIndex=3077, commits[9bf35ae9-4da0-4371-87fa-54ea3ce1f280:c3078, 0cc34542-3a00-466e-ae84-194b84d3af7b:c3074, d451d94d-57a0-4545-b387-d428f64e3f33:c3074]
2019-07-09 16:26:04,142 INFO  client.GrpcClientProtocolClient (GrpcClientProtocolClient.java:onNext(255)) - client-0F1B900A64BD->9bf35ae9-4da0-4371-87fa-54ea3ce1f280: receive RaftClientReply:client-0F1B900A64BD->9bf35ae9-4da0-4371-87fa-54ea3ce1f280@group-432E83AF5B55, cid=2104, SUCCESS, logIndex=3078, commits[9bf35ae9-4da0-4371-87fa-54ea3ce1f280:c3078, 0cc34542-3a00-466e-ae84-194b84d3af7b:c3074, d451d94d-57a0-4545-b387-d428f64e3f33:c3074]
2019-07-09 16:26:04,144 INFO  client.GrpcClientProtocolClient (GrpcClientProtocolClient.java:onNext(255)) - client-0F1B900A64BD->9bf35ae9-4da0-4371-87fa-54ea3ce1f280: receive RaftClientReply:client-0F1B900A64BD->9bf35ae9-4da0-4371-87fa-54ea3ce1f280@group-432E83AF5B55, cid=2105, SUCCESS, logIndex=0, commits[9bf35ae9-4da0-4371-87fa-54ea3ce1f280:c3080, 0cc34542-3a00-466e-ae84-194b84d3af7b:c3078, d451d94d-57a0-4545-b387-d428f64e3f33:c3078]
2019-07-09 16:26:04,176 INFO  client.GrpcClientProtocolClient (GrpcClientProtocolClient.java:onNext(255)) - client-0F1B900A64BD->9bf35ae9-4da0-4371-87fa-54ea3ce1f280: receive RaftClientReply:client-0F1B900A64BD->9bf35ae9-4da0-4371-87fa-54ea3ce1f280@group-432E83AF5B55, cid=2106, SUCCESS, logIndex=3081, commits[9bf35ae9-4da0-4371-87fa-54ea3ce1f280:c3082, 0cc34542-3a00-466e-ae84-194b84d3af7b:c3080, d451d94d-57a0-4545-b387-d428f64e3f33:c3080]
2019-07-09 16:26:04,176 INFO  client.GrpcClientProtocolClient (GrpcClientProtocolClient.java:onNext(255)) - client-0F1B900A64BD->9bf35ae9-4da0-4371-87fa-54ea3ce1f280: receive RaftClientReply:client-0F1B900A64BD->9bf35ae9-4da0-4371-87fa-54ea3ce1f280@group-432E83AF5B55, cid=2107, SUCCESS, logIndex=3082, commits[9bf35ae9-4da0-4371-87fa-54ea3ce1f280:c3084, 0cc34542-3a00-466e-ae84-194b84d3af7b:c3080, d451d94d-57a0-4545-b387-d428f64e3f33:c3080]
2019-07-09 16:26:04,176 INFO  client.GrpcClientProtocolClient (GrpcClientProtocolClient.java:onNext(255)) - client-0F1B900A64BD->9bf35ae9-4da0-4371-87fa-54ea3ce1f280: receive RaftClientReply:client-0F1B900A64BD->9bf35ae9-4da0-4371-87fa-54ea3ce1f280@group-432E83AF5B55, cid=2108, SUCCESS, logIndex=3083, commits[9bf35ae9-4da0-4371-87fa-54ea3ce1f280:c3084, 0cc34542-3a00-466e-ae84-194b84d3af7b:c3080, d451d94d-57a0-4545-b387-d428f64e3f33:c3080]
2019-07-09 16:26:04,176 INFO  client.GrpcClientProtocolClient (GrpcClientProtocolClient.java:onNext(255)) - client-0F1B900A64BD->9bf35ae9-4da0-4371-87fa-54ea3ce1f280: receive RaftClientReply:client-0F1B900A64BD->9bf35ae9-4da0-4371-87fa-54ea3ce1f280@group-432E83AF5B55, cid=2109, SUCCESS, logIndex=3084, commits[9bf35ae9-4da0-4371-87fa-54ea3ce1f280:c3084, 0cc34542-3a00-466e-ae84-194b84d3af7b:c3080, d451d94d-57a0-4545-b387-d428f64e3f33:c3080]
2019-07-09 16:26:04,189 INFO  client.GrpcClientProtocolClient (GrpcClientProtocolClient.java:onNext(255)) - client-0F1B900A64BD->9bf35ae9-4da0-4371-87fa-54ea3ce1f280: receive RaftClientReply:client-0F1B900A64BD->9bf35ae9-4da0-4371-87fa-54ea3ce1f280@group-432E83AF5B55, cid=2110, SUCCESS, logIndex=0, commits[9bf35ae9-4da0-4371-87fa-54ea3ce1f280:c3087, 0cc34542-3a00-466e-ae84-194b84d3af7b:c3083, d451d94d-57a0-4545-b387-d428f64e3f33:c3082]
2019-07-09 16:26:04,208 INFO  client.GrpcClientProtocolClient (GrpcClientProtocolClient.java:onNext(255)) - client-0F1B900A64BD->9bf35ae9-4da0-4371-87fa-54ea3ce1f280: receive RaftClientReply:client-0F1B900A64BD->9bf35ae9-4da0-4371-87fa-54ea3ce1f280@group-432E83AF5B55, cid=2111, SUCCESS, logIndex=3089, commits[9bf35ae9-4da0-4371-87fa-54ea3ce1f280:c3090, 0cc34542-3a00-466e-ae84-194b84d3af7b:c3088, d451d94d-57a0-4545-b387-d428f64e3f33:c3088]
2019-07-09 16:26:04,209 INFO  client.GrpcClientProtocolClient (GrpcClientProtocolClient.java:onNext(255)) - client-0F1B900A64BD->9bf35ae9-4da0-4371-87fa-54ea3ce1f280: receive RaftClientReply:client-0F1B900A64BD->9bf35ae9-4da0-4371-87fa-54ea3ce1f280@group-432E83AF5B55, cid=2112, SUCCESS, logIndex=3090, commits[9bf35ae9-4da0-4371-87fa-54ea3ce1f280:c3090, 0cc34542-3a00-466e-ae84-194b84d3af7b:c3088, d451d94d-57a0-4545-b387-d428f64e3f33:c3088]
2019-07-09 16:26:04,223 INFO  client.GrpcClientProtocolClient (GrpcClientProtocolClient.java:onNext(255)) - client-0F1B900A64BD->9bf35ae9-4da0-4371-87fa-54ea3ce1f280: receive RaftClientReply:client-0F1B900A64BD->9bf35ae9-4da0-4371-87fa-54ea3ce1f280@group-432E83AF5B55, cid=2113, SUCCESS, logIndex=3093, commits[9bf35ae9-4da0-4371-87fa-54ea3ce1f280:c3094, 0cc34542-3a00-466e-ae84-194b84d3af7b:c3090, d451d94d-57a0-4545-b387-d428f64e3f33:c3090]
2019-07-09 16:26:04,224 INFO  client.GrpcClientProtocolClient (GrpcClientProtocolClient.java:onNext(255)) - client-0F1B900A64BD->9bf35ae9-4da0-4371-87fa-54ea3ce1f280: receive RaftClientReply:client-0F1B900A64BD->9bf35ae9-4da0-4371-87fa-54ea3ce1f280@group-432E83AF5B55, cid=2114, SUCCESS, logIndex=3094, commits[9bf35ae9-4da0-4371-87fa-54ea3ce1f280:c3094, 0cc34542-3a00-466e-ae84-194b84d3af7b:c3090, d451d94d-57a0-4545-b387-d428f64e3f33:c3090]
2019-07-09 16:26:04,235 INFO  client.GrpcClientProtocolClient (GrpcClientProtocolClient.java:onNext(255)) - client-0F1B900A64BD->9bf35ae9-4da0-4371-87fa-54ea3ce1f280: receive RaftClientReply:client-0F1B900A64BD->9bf35ae9-4da0-4371-87fa-54ea3ce1f280@group-432E83AF5B55, cid=2115, SUCCESS, logIndex=0, commits[9bf35ae9-4da0-4371-87fa-54ea3ce1f280:c3095, 0cc34542-3a00-466e-ae84-194b84d3af7b:c3094, d451d94d-57a0-4545-b387-d428f64e3f33:c3094]
2019-07-09 16:26:04,256 INFO  client.GrpcClientProtocolClient (GrpcClientProtocolClient.java:onNext(255)) - client-0F1B900A64BD->9bf35ae9-4da0-4371-87fa-54ea3ce1f280: receive RaftClientReply:client-0F1B900A64BD->9bf35ae9-4da0-4371-87fa-54ea3ce1f280@group-432E83AF5B55, cid=2116, SUCCESS, logIndex=3097, commits[9bf35ae9-4da0-4371-87fa-54ea3ce1f280:c3098, 0cc34542-3a00-466e-ae84-194b84d3af7b:c3094, d451d94d-57a0-4545-b387-d428f64e3f33:c3096]
2019-07-09 16:26:04,257 INFO  client.GrpcClientProtocolClient (GrpcClientProtocolClient.java:onNext(255)) - client-0F1B900A64BD->9bf35ae9-4da0-4371-87fa-54ea3ce1f280: receive RaftClientReply:client-0F1B900A64BD->9bf35ae9-4da0-4371-87fa-54ea3ce1f280@group-432E83AF5B55, cid=2117, SUCCESS, logIndex=3098, commits[9bf35ae9-4da0-4371-87fa-54ea3ce1f280:c3098, 0cc34542-3a00-466e-ae84-194b84d3af7b:c3094, d451d94d-57a0-4545-b387-d428f64e3f33:c3096]
2019-07-09 16:26:04,260 INFO  client.GrpcClientProtocolClient (GrpcClientProtocolClient.java:onNext(255)) - client-0F1B900A64BD->9bf35ae9-4da0-4371-87fa-54ea3ce1f280: receive RaftClientReply:client-0F1B900A64BD->9bf35ae9-4da0-4371-87fa-54ea3ce1f280@group-432E83AF5B55, cid=2118, SUCCESS, logIndex=3099, commits[9bf35ae9-4da0-4371-87fa-54ea3ce1f280:c3099, 0cc34542-3a00-466e-ae84-194b84d3af7b:c3096, d451d94d-57a0-4545-b387-d428f64e3f33:c3096]
2019-07-09 16:26:04,261 INFO  client.GrpcClientProtocolClient (GrpcClientProtocolClient.java:onNext(255)) - client-0F1B900A64BD->9bf35ae9-4da0-4371-87fa-54ea3ce1f280: receive RaftClientReply:client-0F1B900A64BD->9bf35ae9-4da0-4371-87fa-54ea3ce1f280@group-432E83AF5B55, cid=2119, SUCCESS, logIndex=3100, commits[9bf35ae9-4da0-4371-87fa-54ea3ce1f280:c3100, 0cc34542-3a00-466e-ae84-194b84d3af7b:c3096, d451d94d-57a0-4545-b387-d428f64e3f33:c3096]
2019-07-09 16:26:04,262 INFO  client.GrpcClientProtocolClient (GrpcClientProtocolClient.java:onNext(255)) - client-0F1B900A64BD->9bf35ae9-4da0-4371-87fa-54ea3ce1f280: receive RaftClientReply:client-0F1B900A64BD->9bf35ae9-4da0-4371-87fa-54ea3ce1f280@group-432E83AF5B55, cid=2120, SUCCESS, logIndex=0, commits[9bf35ae9-4da0-4371-87fa-54ea3ce1f280:c3102, 0cc34542-3a00-466e-ae84-194b84d3af7b:c3098, d451d94d-57a0-4545-b387-d428f64e3f33:c3099]
2019-07-09 16:26:04,284 INFO  client.GrpcClientProtocolClient (GrpcClientProtocolClient.java:onNext(255)) - client-0F1B900A64BD->9bf35ae9-4da0-4371-87fa-54ea3ce1f280: receive RaftClientReply:client-0F1B900A64BD->9bf35ae9-4da0-4371-87fa-54ea3ce1f280@group-432E83AF5B55, cid=2121, SUCCESS, logIndex=3105, commits[9bf35ae9-4da0-4371-87fa-54ea3ce1f280:c3106, 0cc34542-3a00-466e-ae84-194b84d3af7b:c3104, d451d94d-57a0-4545-b387-d428f64e3f33:c3104]
2019-07-09 16:26:04,284 INFO  client.GrpcClientProtocolClient (GrpcClientProtocolClient.java:onNext(255)) - client-0F1B900A64BD->9bf35ae9-4da0-4371-87fa-54ea3ce1f280: receive RaftClientReply:client-0F1B900A64BD->9bf35ae9-4da0-4371-87fa-54ea3ce1f280@group-432E83AF5B55, cid=2122, SUCCESS, logIndex=3106, commits[9bf35ae9-4da0-4371-87fa-54ea3ce1f280:c3106, 0cc34542-3a00-466e-ae84-194b84d3af7b:c3104, d451d94d-57a0-4545-b387-d428f64e3f33:c3104]
2019-07-09 16:26:04,299 INFO  client.GrpcClientProtocolClient (GrpcClientProtocolClient.java:onNext(255)) - client-0F1B900A64BD->9bf35ae9-4da0-4371-87fa-54ea3ce1f280: receive RaftClientReply:client-0F1B900A64BD->9bf35ae9-4da0-4371-87fa-54ea3ce1f280@group-432E83AF5B55, cid=2123, SUCCESS, logIndex=3109, commits[9bf35ae9-4da0-4371-87fa-54ea3ce1f280:c3110, 0cc34542-3a00-466e-ae84-194b84d3af7b:c3106, d451d94d-57a0-4545-b387-d428f64e3f33:c3106]
2019-07-09 16:26:04,299 INFO  client.GrpcClientProtocolClient (GrpcClientProtocolClient.java:onNext(255)) - client-0F1B900A64BD->9bf35ae9-4da0-4371-87fa-54ea3ce1f280: receive RaftClientReply:client-0F1B900A64BD->9bf35ae9-4da0-4371-87fa-54ea3ce1f280@group-432E83AF5B55, cid=2124, SUCCESS, logIndex=3110, commits[9bf35ae9-4da0-4371-87fa-54ea3ce1f280:c3110, 0cc34542-3a00-466e-ae84-194b84d3af7b:c3106, d451d94d-57a0-4545-b387-d428f64e3f33:c3106]
2019-07-09 16:26:04,314 INFO  client.GrpcClientProtocolClient (GrpcClientProtocolClient.java:onNext(255)) - client-0F1B900A64BD->9bf35ae9-4da0-4371-87fa-54ea3ce1f280: receive RaftClientReply:client-0F1B900A64BD->9bf35ae9-4da0-4371-87fa-54ea3ce1f280@group-432E83AF5B55, cid=2125, SUCCESS, logIndex=0, commits[9bf35ae9-4da0-4371-87fa-54ea3ce1f280:c3110, 0cc34542-3a00-466e-ae84-194b84d3af7b:c3110, d451d94d-57a0-4545-b387-d428f64e3f33:c3110]
2019-07-09 16:26:04,402 INFO  client.GrpcClientProtocolClient (GrpcClientProtocolClient.java:onNext(255)) - client-0F1B900A64BD->9bf35ae9-4da0-4371-87fa-54ea3ce1f280: receive RaftClientReply:client-0F1B900A64BD->9bf35ae9-4da0-4371-87fa-54ea3ce1f280@group-432E83AF5B55, cid=2126, SUCCESS, logIndex=3113, commits[9bf35ae9-4da0-4371-87fa-54ea3ce1f280:c3116, 0cc34542-3a00-466e-ae84-194b84d3af7b:c3112, d451d94d-57a0-4545-b387-d428f64e3f33:c3112]
2019-07-09 16:26:04,403 INFO  client.GrpcClientProtocolClient (GrpcClientProtocolClient.java:onNext(255)) - client-0F1B900A64BD->9bf35ae9-4da0-4371-87fa-54ea3ce1f280: receive RaftClientReply:client-0F1B900A64BD->9bf35ae9-4da0-4371-87fa-54ea3ce1f280@group-432E83AF5B55, cid=2127, SUCCESS, logIndex=3114, commits[9bf35ae9-4da0-4371-87fa-54ea3ce1f280:c3116, 0cc34542-3a00-466e-ae84-194b84d3af7b:c3112, d451d94d-57a0-4545-b387-d428f64e3f33:c3112]
2019-07-09 16:26:04,403 INFO  client.GrpcClientProtocolClient (GrpcClientProtocolClient.java:onNext(255)) - client-0F1B900A64BD->9bf35ae9-4da0-4371-87fa-54ea3ce1f280: receive RaftClientReply:client-0F1B900A64BD->9bf35ae9-4da0-4371-87fa-54ea3ce1f280@group-432E83AF5B55, cid=2128, SUCCESS, logIndex=3115, commits[9bf35ae9-4da0-4371-87fa-54ea3ce1f280:c3116, 0cc34542-3a00-466e-ae84-194b84d3af7b:c3112, d451d94d-57a0-4545-b387-d428f64e3f33:c3112]
2019-07-09 16:26:04,403 INFO  client.GrpcClientProtocolClient (GrpcClientProtocolClient.java:onNext(255)) - client-0F1B900A64BD->9bf35ae9-4da0-4371-87fa-54ea3ce1f280: receive RaftClientReply:client-0F1B900A64BD->9bf35ae9-4da0-4371-87fa-54ea3ce1f280@group-432E83AF5B55, cid=2129, SUCCESS, logIndex=3116, commits[9bf35ae9-4da0-4371-87fa-54ea3ce1f280:c3116, 0cc34542-3a00-466e-ae84-194b84d3af7b:c3112, d451d94d-57a0-4545-b387-d428f64e3f33:c3112]
2019-07-09 16:26:04,411 INFO  client.GrpcClientProtocolClient (GrpcClientProtocolClient.java:onNext(255)) - client-0F1B900A64BD->9bf35ae9-4da0-4371-87fa-54ea3ce1f280: receive RaftClientReply:client-0F1B900A64BD->9bf35ae9-4da0-4371-87fa-54ea3ce1f280@group-432E83AF5B55, cid=2130, SUCCESS, logIndex=0, commits[9bf35ae9-4da0-4371-87fa-54ea3ce1f280:c3117, 0cc34542-3a00-466e-ae84-194b84d3af7b:c3116, d451d94d-57a0-4545-b387-d428f64e3f33:c3116]
2019-07-09 16:26:04,436 INFO  client.GrpcClientProtocolClient (GrpcClientProtocolClient.java:onNext(255)) - client-0F1B900A64BD->9bf35ae9-4da0-4371-87fa-54ea3ce1f280: receive RaftClientReply:client-0F1B900A64BD->9bf35ae9-4da0-4371-87fa-54ea3ce1f280@group-432E83AF5B55, cid=2131, SUCCESS, logIndex=3119, commits[9bf35ae9-4da0-4371-87fa-54ea3ce1f280:c3120, 0cc34542-3a00-466e-ae84-194b84d3af7b:c3118, d451d94d-57a0-4545-b387-d428f64e3f33:c3118]
2019-07-09 16:26:04,437 INFO  client.GrpcClientProtocolClient (GrpcClientProtocolClient.java:onNext(255)) - client-0F1B900A64BD->9bf35ae9-4da0-4371-87fa-54ea3ce1f280: receive RaftClientReply:client-0F1B900A64BD->9bf35ae9-4da0-4371-87fa-54ea3ce1f280@group-432E83AF5B55, cid=2132, SUCCESS, logIndex=3120, commits[9bf35ae9-4da0-4371-87fa-54ea3ce1f280:c3120, 0cc34542-3a00-466e-ae84-194b84d3af7b:c3118, d451d94d-57a0-4545-b387-d428f64e3f33:c3118]
2019-07-09 16:26:04,452 INFO  client.GrpcClientProtocolClient (GrpcClientProtocolClient.java:onNext(255)) - client-0F1B900A64BD->9bf35ae9-4da0-4371-87fa-54ea3ce1f280: receive RaftClientReply:client-0F1B900A64BD->9bf35ae9-4da0-4371-87fa-54ea3ce1f280@group-432E83AF5B55, cid=2133, SUCCESS, logIndex=3123, commits[9bf35ae9-4da0-4371-87fa-54ea3ce1f280:c3123, 0cc34542-3a00-466e-ae84-194b84d3af7b:c3120, d451d94d-57a0-4545-b387-d428f64e3f33:c3120]
2019-07-09 16:26:04,452 INFO  client.GrpcClientProtocolClient (GrpcClientProtocolClient.java:onNext(255)) - client-0F1B900A64BD->9bf35ae9-4da0-4371-87fa-54ea3ce1f280: receive RaftClientReply:client-0F1B900A64BD->9bf35ae9-4da0-4371-87fa-54ea3ce1f280@group-432E83AF5B55, cid=2134, SUCCESS, logIndex=3124, commits[9bf35ae9-4da0-4371-87fa-54ea3ce1f280:c3124, 0cc34542-3a00-466e-ae84-194b84d3af7b:c3120, d451d94d-57a0-4545-b387-d428f64e3f33:c3120]
2019-07-09 16:26:04,521 INFO  client.GrpcClientProtocolClient (GrpcClientProtocolClient.java:onNext(255)) - client-0F1B900A64BD->9bf35ae9-4da0-4371-87fa-54ea3ce1f280: receive RaftClientReply:client-0F1B900A64BD->9bf35ae9-4da0-4371-87fa-54ea3ce1f280@group-432E83AF5B55, cid=2135, SUCCESS, logIndex=0, commits[9bf35ae9-4da0-4371-87fa-54ea3ce1f280:c3125, 0cc34542-3a00-466e-ae84-194b84d3af7b:c3124, d451d94d-57a0-4545-b387-d428f64e3f33:c3124]
2019-07-09 16:26:04,551 INFO  client.GrpcClientProtocolClient (GrpcClientProtocolClient.java:onNext(255)) - client-0F1B900A64BD->9bf35ae9-4da0-4371-87fa-54ea3ce1f280: receive RaftClientReply:client-0F1B900A64BD->9bf35ae9-4da0-4371-87fa-54ea3ce1f280@group-432E83AF5B55, cid=2136, SUCCESS, logIndex=3127, commits[9bf35ae9-4da0-4371-87fa-54ea3ce1f280:c3129, 0cc34542-3a00-466e-ae84-194b84d3af7b:c3126, d451d94d-57a0-4545-b387-d428f64e3f33:c3124]
2019-07-09 16:26:04,551 INFO  client.GrpcClientProtocolClient (GrpcClientProtocolClient.java:onNext(255)) - client-0F1B900A64BD->9bf35ae9-4da0-4371-87fa-54ea3ce1f280: receive RaftClientReply:client-0F1B900A64BD->9bf35ae9-4da0-4371-87fa-54ea3ce1f280@group-432E83AF5B55, cid=2137, SUCCESS, logIndex=3128, commits[9bf35ae9-4da0-4371-87fa-54ea3ce1f280:c3130, 0cc34542-3a00-466e-ae84-194b84d3af7b:c3126, d451d94d-57a0-4545-b387-d428f64e3f33:c3126]
2019-07-09 16:26:04,552 INFO  client.GrpcClientProtocolClient (GrpcClientProtocolClient.java:onNext(255)) - client-0F1B900A64BD->9bf35ae9-4da0-4371-87fa-54ea3ce1f280: receive RaftClientReply:client-0F1B900A64BD->9bf35ae9-4da0-4371-87fa-54ea3ce1f280@group-432E83AF5B55, cid=2138, SUCCESS, logIndex=3129, commits[9bf35ae9-4da0-4371-87fa-54ea3ce1f280:c3130, 0cc34542-3a00-466e-ae84-194b84d3af7b:c3128, d451d94d-57a0-4545-b387-d428f64e3f33:c3126]
2019-07-09 16:26:04,552 INFO  client.GrpcClientProtocolClient (GrpcClientProtocolClient.java:onNext(255)) - client-0F1B900A64BD->9bf35ae9-4da0-4371-87fa-54ea3ce1f280: receive RaftClientReply:client-0F1B900A64BD->9bf35ae9-4da0-4371-87fa-54ea3ce1f280@group-432E83AF5B55, cid=2139, SUCCESS, logIndex=3130, commits[9bf35ae9-4da0-4371-87fa-54ea3ce1f280:c3131, 0cc34542-3a00-466e-ae84-194b84d3af7b:c3128, d451d94d-57a0-4545-b387-d428f64e3f33:c3126]
2019-07-09 16:26:04,554 INFO  client.GrpcClientProtocolClient (GrpcClientProtocolClient.java:onNext(255)) - client-0F1B900A64BD->9bf35ae9-4da0-4371-87fa-54ea3ce1f280: receive RaftClientReply:client-0F1B900A64BD->9bf35ae9-4da0-4371-87fa-54ea3ce1f280@group-432E83AF5B55, cid=2140, SUCCESS, logIndex=0, commits[9bf35ae9-4da0-4371-87fa-54ea3ce1f280:c3131, 0cc34542-3a00-466e-ae84-194b84d3af7b:c3128, d451d94d-57a0-4545-b387-d428f64e3f33:c3128]
2019-07-09 16:26:04,568 INFO  client.GrpcClientProtocolClient (GrpcClientProtocolClient.java:onNext(255)) - client-0F1B900A64BD->9bf35ae9-4da0-4371-87fa-54ea3ce1f280: receive RaftClientReply:client-0F1B900A64BD->9bf35ae9-4da0-4371-87fa-54ea3ce1f280@group-432E83AF5B55, cid=2141, SUCCESS, logIndex=3135, commits[9bf35ae9-4da0-4371-87fa-54ea3ce1f280:c3136, 0cc34542-3a00-466e-ae84-194b84d3af7b:c3131, d451d94d-57a0-4545-b387-d428f64e3f33:c3130]
2019-07-09 16:26:04,568 INFO  client.GrpcClientProtocolClient (GrpcClientProtocolClient.java:onNext(255)) - client-0F1B900A64BD->9bf35ae9-4da0-4371-87fa-54ea3ce1f280: receive RaftClientReply:client-0F1B900A64BD->9bf35ae9-4da0-4371-87fa-54ea3ce1f280@group-432E83AF5B55, cid=2142, SUCCESS, logIndex=3136, commits[9bf35ae9-4da0-4371-87fa-54ea3ce1f280:c3136, 0cc34542-3a00-466e-ae84-194b84d3af7b:c3131, d451d94d-57a0-4545-b387-d428f64e3f33:c3130]
2019-07-09 16:26:04,582 INFO  client.GrpcClientProtocolClient (GrpcClientProtocolClient.java:onNext(255)) - client-0F1B900A64BD->9bf35ae9-4da0-4371-87fa-54ea3ce1f280: receive RaftClientReply:client-0F1B900A64BD->9bf35ae9-4da0-4371-87fa-54ea3ce1f280@group-432E83AF5B55, cid=2143, SUCCESS, logIndex=3139, commits[9bf35ae9-4da0-4371-87fa-54ea3ce1f280:c3140, 0cc34542-3a00-466e-ae84-194b84d3af7b:c3136, d451d94d-57a0-4545-b387-d428f64e3f33:c3131]
2019-07-09 16:26:04,582 INFO  client.GrpcClientProtocolClient (GrpcClientProtocolClient.java:onNext(255)) - client-0F1B900A64BD->9bf35ae9-4da0-4371-87fa-54ea3ce1f280: receive RaftClientReply:client-0F1B900A64BD->9bf35ae9-4da0-4371-87fa-54ea3ce1f280@group-432E83AF5B55, cid=2144, SUCCESS, logIndex=3140, commits[9bf35ae9-4da0-4371-87fa-54ea3ce1f280:c3140, 0cc34542-3a00-466e-ae84-194b84d3af7b:c3136, d451d94d-57a0-4545-b387-d428f64e3f33:c3136]
2019-07-09 16:26:04,597 INFO  client.GrpcClientProtocolClient (GrpcClientProtocolClient.java:onNext(255)) - client-0F1B900A64BD->9bf35ae9-4da0-4371-87fa-54ea3ce1f280: receive RaftClientReply:client-0F1B900A64BD->9bf35ae9-4da0-4371-87fa-54ea3ce1f280@group-432E83AF5B55, cid=2145, SUCCESS, logIndex=0, commits[9bf35ae9-4da0-4371-87fa-54ea3ce1f280:c3142, 0cc34542-3a00-466e-ae84-194b84d3af7b:c3140, d451d94d-57a0-4545-b387-d428f64e3f33:c3140]
2019-07-09 16:26:04,629 INFO  client.GrpcClientProtocolClient (GrpcClientProtocolClient.java:onNext(255)) - client-0F1B900A64BD->9bf35ae9-4da0-4371-87fa-54ea3ce1f280: receive RaftClientReply:client-0F1B900A64BD->9bf35ae9-4da0-4371-87fa-54ea3ce1f280@group-432E83AF5B55, cid=2146, SUCCESS, logIndex=3143, commits[9bf35ae9-4da0-4371-87fa-54ea3ce1f280:c3144, 0cc34542-3a00-466e-ae84-194b84d3af7b:c3142, d451d94d-57a0-4545-b387-d428f64e3f33:c3142]
2019-07-09 16:26:04,630 INFO  client.GrpcClientProtocolClient (GrpcClientProtocolClient.java:onNext(255)) - client-0F1B900A64BD->9bf35ae9-4da0-4371-87fa-54ea3ce1f280: receive RaftClientReply:client-0F1B900A64BD->9bf35ae9-4da0-4371-87fa-54ea3ce1f280@group-432E83AF5B55, cid=2147, SUCCESS, logIndex=3144, commits[9bf35ae9-4da0-4371-87fa-54ea3ce1f280:c3146, 0cc34542-3a00-466e-ae84-194b84d3af7b:c3142, d451d94d-57a0-4545-b387-d428f64e3f33:c3142]
2019-07-09 16:26:04,630 INFO  client.GrpcClientProtocolClient (GrpcClientProtocolClient.java:onNext(255)) - client-0F1B900A64BD->9bf35ae9-4da0-4371-87fa-54ea3ce1f280: receive RaftClientReply:client-0F1B900A64BD->9bf35ae9-4da0-4371-87fa-54ea3ce1f280@group-432E83AF5B55, cid=2148, SUCCESS, logIndex=3145, commits[9bf35ae9-4da0-4371-87fa-54ea3ce1f280:c3146, 0cc34542-3a00-466e-ae84-194b84d3af7b:c3142, d451d94d-57a0-4545-b387-d428f64e3f33:c3142]
2019-07-09 16:26:04,630 INFO  client.GrpcClientProtocolClient (GrpcClientProtocolClient.java:onNext(255)) - client-0F1B900A64BD->9bf35ae9-4da0-4371-87fa-54ea3ce1f280: receive RaftClientReply:client-0F1B900A64BD->9bf35ae9-4da0-4371-87fa-54ea3ce1f280@group-432E83AF5B55, cid=2149, SUCCESS, logIndex=3146, commits[9bf35ae9-4da0-4371-87fa-54ea3ce1f280:c3146, 0cc34542-3a00-466e-ae84-194b84d3af7b:c3142, d451d94d-57a0-4545-b387-d428f64e3f33:c3142]
2019-07-09 16:26:04,643 INFO  client.GrpcClientProtocolClient (GrpcClientProtocolClient.java:onNext(255)) - client-0F1B900A64BD->9bf35ae9-4da0-4371-87fa-54ea3ce1f280: receive RaftClientReply:client-0F1B900A64BD->9bf35ae9-4da0-4371-87fa-54ea3ce1f280@group-432E83AF5B55, cid=2150, SUCCESS, logIndex=0, commits[9bf35ae9-4da0-4371-87fa-54ea3ce1f280:c3148, 0cc34542-3a00-466e-ae84-194b84d3af7b:c3144, d451d94d-57a0-4545-b387-d428f64e3f33:c3144]
2019-07-09 16:26:04,774 INFO  client.GrpcClientProtocolClient (GrpcClientProtocolClient.java:onNext(255)) - client-0F1B900A64BD->9bf35ae9-4da0-4371-87fa-54ea3ce1f280: receive RaftClientReply:client-0F1B900A64BD->9bf35ae9-4da0-4371-87fa-54ea3ce1f280@group-432E83AF5B55, cid=2151, SUCCESS, logIndex=3151, commits[9bf35ae9-4da0-4371-87fa-54ea3ce1f280:c3152, 0cc34542-3a00-466e-ae84-194b84d3af7b:c3150, d451d94d-57a0-4545-b387-d428f64e3f33:c3150]
2019-07-09 16:26:04,774 INFO  client.GrpcClientProtocolClient (GrpcClientProtocolClient.java:onNext(255)) - client-0F1B900A64BD->9bf35ae9-4da0-4371-87fa-54ea3ce1f280: receive RaftClientReply:client-0F1B900A64BD->9bf35ae9-4da0-4371-87fa-54ea3ce1f280@group-432E83AF5B55, cid=2152, SUCCESS, logIndex=3152, commits[9bf35ae9-4da0-4371-87fa-54ea3ce1f280:c3152, 0cc34542-3a00-466e-ae84-194b84d3af7b:c3150, d451d94d-57a0-4545-b387-d428f64e3f33:c3150]
2019-07-09 16:26:04,793 INFO  client.GrpcClientProtocolClient (GrpcClientProtocolClient.java:onNext(255)) - client-0F1B900A64BD->9bf35ae9-4da0-4371-87fa-54ea3ce1f280: receive RaftClientReply:client-0F1B900A64BD->9bf35ae9-4da0-4371-87fa-54ea3ce1f280@group-432E83AF5B55, cid=2153, SUCCESS, logIndex=3155, commits[9bf35ae9-4da0-4371-87fa-54ea3ce1f280:c3156, 0cc34542-3a00-466e-ae84-194b84d3af7b:c3152, d451d94d-57a0-4545-b387-d428f64e3f33:c3152]
2019-07-09 16:26:04,794 INFO  client.GrpcClientProtocolClient (GrpcClientProtocolClient.java:onNext(255)) - client-0F1B900A64BD->9bf35ae9-4da0-4371-87fa-54ea3ce1f280: receive RaftClientReply:client-0F1B900A64BD->9bf35ae9-4da0-4371-87fa-54ea3ce1f280@group-432E83AF5B55, cid=2154, SUCCESS, logIndex=3156, commits[9bf35ae9-4da0-4371-87fa-54ea3ce1f280:c3156, 0cc34542-3a00-466e-ae84-194b84d3af7b:c3152, d451d94d-57a0-4545-b387-d428f64e3f33:c3152]
2019-07-09 16:26:04,810 INFO  client.GrpcClientProtocolClient (GrpcClientProtocolClient.java:onNext(255)) - client-0F1B900A64BD->9bf35ae9-4da0-4371-87fa-54ea3ce1f280: receive RaftClientReply:client-0F1B900A64BD->9bf35ae9-4da0-4371-87fa-54ea3ce1f280@group-432E83AF5B55, cid=2155, SUCCESS, logIndex=0, commits[9bf35ae9-4da0-4371-87fa-54ea3ce1f280:c3158, 0cc34542-3a00-466e-ae84-194b84d3af7b:c3156, d451d94d-57a0-4545-b387-d428f64e3f33:c3156]
2019-07-09 16:26:04,843 INFO  client.GrpcClientProtocolClient (GrpcClientProtocolClient.java:onNext(255)) - client-0F1B900A64BD->9bf35ae9-4da0-4371-87fa-54ea3ce1f280: receive RaftClientReply:client-0F1B900A64BD->9bf35ae9-4da0-4371-87fa-54ea3ce1f280@group-432E83AF5B55, cid=2156, SUCCESS, logIndex=3159, commits[9bf35ae9-4da0-4371-87fa-54ea3ce1f280:c3161, 0cc34542-3a00-466e-ae84-194b84d3af7b:c3158, d451d94d-57a0-4545-b387-d428f64e3f33:c3158]
2019-07-09 16:26:04,844 INFO  client.GrpcClientProtocolClient (GrpcClientProtocolClient.java:onNext(255)) - client-0F1B900A64BD->9bf35ae9-4da0-4371-87fa-54ea3ce1f280: receive RaftClientReply:client-0F1B900A64BD->9bf35ae9-4da0-4371-87fa-54ea3ce1f280@group-432E83AF5B55, cid=2157, SUCCESS, logIndex=3160, commits[9bf35ae9-4da0-4371-87fa-54ea3ce1f280:c3162, 0cc34542-3a00-466e-ae84-194b84d3af7b:c3158, d451d94d-57a0-4545-b387-d428f64e3f33:c3158]
2019-07-09 16:26:04,844 INFO  client.GrpcClientProtocolClient (GrpcClientProtocolClient.java:onNext(255)) - client-0F1B900A64BD->9bf35ae9-4da0-4371-87fa-54ea3ce1f280: receive RaftClientReply:client-0F1B900A64BD->9bf35ae9-4da0-4371-87fa-54ea3ce1f280@group-432E83AF5B55, cid=2158, SUCCESS, logIndex=3161, commits[9bf35ae9-4da0-4371-87fa-54ea3ce1f280:c3162, 0cc34542-3a00-466e-ae84-194b84d3af7b:c3158, d451d94d-57a0-4545-b387-d428f64e3f33:c3158]
2019-07-09 16:26:04,845 INFO  client.GrpcClientProtocolClient (GrpcClientProtocolClient.java:onNext(255)) - client-0F1B900A64BD->9bf35ae9-4da0-4371-87fa-54ea3ce1f280: receive RaftClientReply:client-0F1B900A64BD->9bf35ae9-4da0-4371-87fa-54ea3ce1f280@group-432E83AF5B55, cid=2159, SUCCESS, logIndex=3162, commits[9bf35ae9-4da0-4371-87fa-54ea3ce1f280:c3162, 0cc34542-3a00-466e-ae84-194b84d3af7b:c3158, d451d94d-57a0-4545-b387-d428f64e3f33:c3158]
2019-07-09 16:26:04,858 INFO  client.GrpcClientProtocolClient (GrpcClientProtocolClient.java:onNext(255)) - client-0F1B900A64BD->9bf35ae9-4da0-4371-87fa-54ea3ce1f280: receive RaftClientReply:client-0F1B900A64BD->9bf35ae9-4da0-4371-87fa-54ea3ce1f280@group-432E83AF5B55, cid=2160, SUCCESS, logIndex=0, commits[9bf35ae9-4da0-4371-87fa-54ea3ce1f280:c3165, 0cc34542-3a00-466e-ae84-194b84d3af7b:c3161, d451d94d-57a0-4545-b387-d428f64e3f33:c3160]
2019-07-09 16:26:04,880 INFO  client.GrpcClientProtocolClient (GrpcClientProtocolClient.java:onNext(255)) - client-0F1B900A64BD->9bf35ae9-4da0-4371-87fa-54ea3ce1f280: receive RaftClientReply:client-0F1B900A64BD->9bf35ae9-4da0-4371-87fa-54ea3ce1f280@group-432E83AF5B55, cid=2161, SUCCESS, logIndex=3167, commits[9bf35ae9-4da0-4371-87fa-54ea3ce1f280:c3168, 0cc34542-3a00-466e-ae84-194b84d3af7b:c3166, d451d94d-57a0-4545-b387-d428f64e3f33:c3166]
2019-07-09 16:26:04,880 INFO  client.GrpcClientProtocolClient (GrpcClientProtocolClient.java:onNext(255)) - client-0F1B900A64BD->9bf35ae9-4da0-4371-87fa-54ea3ce1f280: receive RaftClientReply:client-0F1B900A64BD->9bf35ae9-4da0-4371-87fa-54ea3ce1f280@group-432E83AF5B55, cid=2162, SUCCESS, logIndex=3168, commits[9bf35ae9-4da0-4371-87fa-54ea3ce1f280:c3168, 0cc34542-3a00-466e-ae84-194b84d3af7b:c3166, d451d94d-57a0-4545-b387-d428f64e3f33:c3166]
 0.00% |█                                                                                                    |  0/1 Time: 0:00:162019-07-09 16:26:04,904 INFO  client.GrpcClientProtocolClient (GrpcClientProtocolClient.java:onNext(255)) - client-0F1B900A64BD->9bf35ae9-4da0-4371-87fa-54ea3ce1f280: receive RaftClientReply:client-0F1B900A64BD->9bf35ae9-4da0-4371-87fa-54ea3ce1f280@group-432E83AF5B55, cid=2163, SUCCESS, logIndex=3171, commits[9bf35ae9-4da0-4371-87fa-54ea3ce1f280:c3172, 0cc34542-3a00-466e-ae84-194b84d3af7b:c3168, d451d94d-57a0-4545-b387-d428f64e3f33:c3168]
2019-07-09 16:26:04,905 INFO  client.GrpcClientProtocolClient (GrpcClientProtocolClient.java:onNext(255)) - client-0F1B900A64BD->9bf35ae9-4da0-4371-87fa-54ea3ce1f280: receive RaftClientReply:client-0F1B900A64BD->9bf35ae9-4da0-4371-87fa-54ea3ce1f280@group-432E83AF5B55, cid=2164, SUCCESS, logIndex=3172, commits[9bf35ae9-4da0-4371-87fa-54ea3ce1f280:c3172, 0cc34542-3a00-466e-ae84-194b84d3af7b:c3168, d451d94d-57a0-4545-b387-d428f64e3f33:c3168]
2019-07-09 16:26:04,918 INFO  client.GrpcClientProtocolClient (GrpcClientProtocolClient.java:onNext(255)) - client-0F1B900A64BD->9bf35ae9-4da0-4371-87fa-54ea3ce1f280: receive RaftClientReply:client-0F1B900A64BD->9bf35ae9-4da0-4371-87fa-54ea3ce1f280@group-432E83AF5B55, cid=2165, SUCCESS, logIndex=0, commits[9bf35ae9-4da0-4371-87fa-54ea3ce1f280:c3174, 0cc34542-3a00-466e-ae84-194b84d3af7b:c3172, d451d94d-57a0-4545-b387-d428f64e3f33:c3172]
2019-07-09 16:26:04,950 INFO  client.GrpcClientProtocolClient (GrpcClientProtocolClient.java:onNext(255)) - client-0F1B900A64BD->9bf35ae9-4da0-4371-87fa-54ea3ce1f280: receive RaftClientReply:client-0F1B900A64BD->9bf35ae9-4da0-4371-87fa-54ea3ce1f280@group-432E83AF5B55, cid=2166, SUCCESS, logIndex=3175, commits[9bf35ae9-4da0-4371-87fa-54ea3ce1f280:c3177, 0cc34542-3a00-466e-ae84-194b84d3af7b:c3174, d451d94d-57a0-4545-b387-d428f64e3f33:c3174]
2019-07-09 16:26:04,950 INFO  client.GrpcClientProtocolClient (GrpcClientProtocolClient.java:onNext(255)) - client-0F1B900A64BD->9bf35ae9-4da0-4371-87fa-54ea3ce1f280: receive RaftClientReply:client-0F1B900A64BD->9bf35ae9-4da0-4371-87fa-54ea3ce1f280@group-432E83AF5B55, cid=2167, SUCCESS, logIndex=3176, commits[9bf35ae9-4da0-4371-87fa-54ea3ce1f280:c3178, 0cc34542-3a00-466e-ae84-194b84d3af7b:c3174, d451d94d-57a0-4545-b387-d428f64e3f33:c3174]
2019-07-09 16:26:04,951 INFO  client.GrpcClientProtocolClient (GrpcClientProtocolClient.java:onNext(255)) - client-0F1B900A64BD->9bf35ae9-4da0-4371-87fa-54ea3ce1f280: receive RaftClientReply:client-0F1B900A64BD->9bf35ae9-4da0-4371-87fa-54ea3ce1f280@group-432E83AF5B55, cid=2168, SUCCESS, logIndex=3177, commits[9bf35ae9-4da0-4371-87fa-54ea3ce1f280:c3178, 0cc34542-3a00-466e-ae84-194b84d3af7b:c3174, d451d94d-57a0-4545-b387-d428f64e3f33:c3174]
2019-07-09 16:26:04,951 INFO  client.GrpcClientProtocolClient (GrpcClientProtocolClient.java:onNext(255)) - client-0F1B900A64BD->9bf35ae9-4da0-4371-87fa-54ea3ce1f280: receive RaftClientReply:client-0F1B900A64BD->9bf35ae9-4da0-4371-87fa-54ea3ce1f280@group-432E83AF5B55, cid=2169, SUCCESS, logIndex=3178, commits[9bf35ae9-4da0-4371-87fa-54ea3ce1f280:c3178, 0cc34542-3a00-466e-ae84-194b84d3af7b:c3174, d451d94d-57a0-4545-b387-d428f64e3f33:c3174]
2019-07-09 16:26:04,962 INFO  client.GrpcClientProtocolClient (GrpcClientProtocolClient.java:onNext(255)) - client-0F1B900A64BD->9bf35ae9-4da0-4371-87fa-54ea3ce1f280: receive RaftClientReply:client-0F1B900A64BD->9bf35ae9-4da0-4371-87fa-54ea3ce1f280@group-432E83AF5B55, cid=2170, SUCCESS, logIndex=0, commits[9bf35ae9-4da0-4371-87fa-54ea3ce1f280:c3181, 0cc34542-3a00-466e-ae84-194b84d3af7b:c3176, d451d94d-57a0-4545-b387-d428f64e3f33:c3177]
2019-07-09 16:26:04,983 INFO  client.GrpcClientProtocolClient (GrpcClientProtocolClient.java:onNext(255)) - client-0F1B900A64BD->9bf35ae9-4da0-4371-87fa-54ea3ce1f280: receive RaftClientReply:client-0F1B900A64BD->9bf35ae9-4da0-4371-87fa-54ea3ce1f280@group-432E83AF5B55, cid=2171, SUCCESS, logIndex=3183, commits[9bf35ae9-4da0-4371-87fa-54ea3ce1f280:c3184, 0cc34542-3a00-466e-ae84-194b84d3af7b:c3182, d451d94d-57a0-4545-b387-d428f64e3f33:c3182]
2019-07-09 16:26:04,983 INFO  client.GrpcClientProtocolClient (GrpcClientProtocolClient.java:onNext(255)) - client-0F1B900A64BD->9bf35ae9-4da0-4371-87fa-54ea3ce1f280: receive RaftClientReply:client-0F1B900A64BD->9bf35ae9-4da0-4371-87fa-54ea3ce1f280@group-432E83AF5B55, cid=2172, SUCCESS, logIndex=3184, commits[9bf35ae9-4da0-4371-87fa-54ea3ce1f280:c3184, 0cc34542-3a00-466e-ae84-194b84d3af7b:c3182, d451d94d-57a0-4545-b387-d428f64e3f33:c3182]
2019-07-09 16:26:04,996 INFO  client.GrpcClientProtocolClient (GrpcClientProtocolClient.java:onNext(255)) - client-0F1B900A64BD->9bf35ae9-4da0-4371-87fa-54ea3ce1f280: receive RaftClientReply:client-0F1B900A64BD->9bf35ae9-4da0-4371-87fa-54ea3ce1f280@group-432E83AF5B55, cid=2173, SUCCESS, logIndex=3187, commits[9bf35ae9-4da0-4371-87fa-54ea3ce1f280:c3188, 0cc34542-3a00-466e-ae84-194b84d3af7b:c3184, d451d94d-57a0-4545-b387-d428f64e3f33:c3183]
2019-07-09 16:26:04,997 INFO  client.GrpcClientProtocolClient (GrpcClientProtocolClient.java:onNext(255)) - client-0F1B900A64BD->9bf35ae9-4da0-4371-87fa-54ea3ce1f280: receive RaftClientReply:client-0F1B900A64BD->9bf35ae9-4da0-4371-87fa-54ea3ce1f280@group-432E83AF5B55, cid=2174, SUCCESS, logIndex=3188, commits[9bf35ae9-4da0-4371-87fa-54ea3ce1f280:c3188, 0cc34542-3a00-466e-ae84-194b84d3af7b:c3184, d451d94d-57a0-4545-b387-d428f64e3f33:c3184]
2019-07-09 16:26:05,001 INFO  client.GrpcClientProtocolClient (GrpcClientProtocolClient.java:onNext(255)) - client-0F1B900A64BD->9bf35ae9-4da0-4371-87fa-54ea3ce1f280: receive RaftClientReply:client-0F1B900A64BD->9bf35ae9-4da0-4371-87fa-54ea3ce1f280@group-432E83AF5B55, cid=2175, SUCCESS, logIndex=0, commits[9bf35ae9-4da0-4371-87fa-54ea3ce1f280:c3190, 0cc34542-3a00-466e-ae84-194b84d3af7b:c3188, d451d94d-57a0-4545-b387-d428f64e3f33:c3188]
2019-07-09 16:26:05,026 INFO  client.GrpcClientProtocolClient (GrpcClientProtocolClient.java:onNext(255)) - client-0F1B900A64BD->9bf35ae9-4da0-4371-87fa-54ea3ce1f280: receive RaftClientReply:client-0F1B900A64BD->9bf35ae9-4da0-4371-87fa-54ea3ce1f280@group-432E83AF5B55, cid=2176, SUCCESS, logIndex=3191, commits[9bf35ae9-4da0-4371-87fa-54ea3ce1f280:c3193, 0cc34542-3a00-466e-ae84-194b84d3af7b:c3190, d451d94d-57a0-4545-b387-d428f64e3f33:c3188]
2019-07-09 16:26:05,027 INFO  client.GrpcClientProtocolClient (GrpcClientProtocolClient.java:onNext(255)) - client-0F1B900A64BD->9bf35ae9-4da0-4371-87fa-54ea3ce1f280: receive RaftClientReply:client-0F1B900A64BD->9bf35ae9-4da0-4371-87fa-54ea3ce1f280@group-432E83AF5B55, cid=2177, SUCCESS, logIndex=3192, commits[9bf35ae9-4da0-4371-87fa-54ea3ce1f280:c3194, 0cc34542-3a00-466e-ae84-194b84d3af7b:c3190, d451d94d-57a0-4545-b387-d428f64e3f33:c3190]
2019-07-09 16:26:05,027 INFO  client.GrpcClientProtocolClient (GrpcClientProtocolClient.java:onNext(255)) - client-0F1B900A64BD->9bf35ae9-4da0-4371-87fa-54ea3ce1f280: receive RaftClientReply:client-0F1B900A64BD->9bf35ae9-4da0-4371-87fa-54ea3ce1f280@group-432E83AF5B55, cid=2178, SUCCESS, logIndex=3193, commits[9bf35ae9-4da0-4371-87fa-54ea3ce1f280:c3194, 0cc34542-3a00-466e-ae84-194b84d3af7b:c3190, d451d94d-57a0-4545-b387-d428f64e3f33:c3190]
2019-07-09 16:26:05,027 INFO  client.GrpcClientProtocolClient (GrpcClientProtocolClient.java:onNext(255)) - client-0F1B900A64BD->9bf35ae9-4da0-4371-87fa-54ea3ce1f280: receive RaftClientReply:client-0F1B900A64BD->9bf35ae9-4da0-4371-87fa-54ea3ce1f280@group-432E83AF5B55, cid=2179, SUCCESS, logIndex=3194, commits[9bf35ae9-4da0-4371-87fa-54ea3ce1f280:c3194, 0cc34542-3a00-466e-ae84-194b84d3af7b:c3190, d451d94d-57a0-4545-b387-d428f64e3f33:c3190]
2019-07-09 16:26:05,029 INFO  client.GrpcClientProtocolClient (GrpcClientProtocolClient.java:onNext(255)) - client-0F1B900A64BD->9bf35ae9-4da0-4371-87fa-54ea3ce1f280: receive RaftClientReply:client-0F1B900A64BD->9bf35ae9-4da0-4371-87fa-54ea3ce1f280@group-432E83AF5B55, cid=2180, SUCCESS, logIndex=0, commits[9bf35ae9-4da0-4371-87fa-54ea3ce1f280:c3195, 0cc34542-3a00-466e-ae84-194b84d3af7b:c3192, d451d94d-57a0-4545-b387-d428f64e3f33:c3192]
2019-07-09 16:26:05,068 INFO  client.GrpcClientProtocolClient (GrpcClientProtocolClient.java:onNext(255)) - client-0F1B900A64BD->9bf35ae9-4da0-4371-87fa-54ea3ce1f280: receive RaftClientReply:client-0F1B900A64BD->9bf35ae9-4da0-4371-87fa-54ea3ce1f280@group-432E83AF5B55, cid=2181, SUCCESS, logIndex=3199, commits[9bf35ae9-4da0-4371-87fa-54ea3ce1f280:c3200, 0cc34542-3a00-466e-ae84-194b84d3af7b:c3198, d451d94d-57a0-4545-b387-d428f64e3f33:c3198]
2019-07-09 16:26:05,069 INFO  client.GrpcClientProtocolClient (GrpcClientProtocolClient.java:onNext(255)) - client-0F1B900A64BD->9bf35ae9-4da0-4371-87fa-54ea3ce1f280: receive RaftClientReply:client-0F1B900A64BD->9bf35ae9-4da0-4371-87fa-54ea3ce1f280@group-432E83AF5B55, cid=2182, SUCCESS, logIndex=3200, commits[9bf35ae9-4da0-4371-87fa-54ea3ce1f280:c3200, 0cc34542-3a00-466e-ae84-194b84d3af7b:c3198, d451d94d-57a0-4545-b387-d428f64e3f33:c3198]
2019-07-09 16:26:05,086 INFO  client.GrpcClientProtocolClient (GrpcClientProtocolClient.java:onNext(255)) - client-0F1B900A64BD->9bf35ae9-4da0-4371-87fa-54ea3ce1f280: receive RaftClientReply:client-0F1B900A64BD->9bf35ae9-4da0-4371-87fa-54ea3ce1f280@group-432E83AF5B55, cid=2183, SUCCESS, logIndex=3203, commits[9bf35ae9-4da0-4371-87fa-54ea3ce1f280:c3204, 0cc34542-3a00-466e-ae84-194b84d3af7b:c3200, d451d94d-57a0-4545-b387-d428f64e3f33:c3200]
2019-07-09 16:26:05,087 INFO  client.GrpcClientProtocolClient (GrpcClientProtocolClient.java:onNext(255)) - client-0F1B900A64BD->9bf35ae9-4da0-4371-87fa-54ea3ce1f280: receive RaftClientReply:client-0F1B900A64BD->9bf35ae9-4da0-4371-87fa-54ea3ce1f280@group-432E83AF5B55, cid=2184, SUCCESS, logIndex=3204, commits[9bf35ae9-4da0-4371-87fa-54ea3ce1f280:c3204, 0cc34542-3a00-466e-ae84-194b84d3af7b:c3200, d451d94d-57a0-4545-b387-d428f64e3f33:c3200]
2019-07-09 16:26:05,101 INFO  client.GrpcClientProtocolClient (GrpcClientProtocolClient.java:onNext(255)) - client-0F1B900A64BD->9bf35ae9-4da0-4371-87fa-54ea3ce1f280: receive RaftClientReply:client-0F1B900A64BD->9bf35ae9-4da0-4371-87fa-54ea3ce1f280@group-432E83AF5B55, cid=2185, SUCCESS, logIndex=0, commits[9bf35ae9-4da0-4371-87fa-54ea3ce1f280:c3206, 0cc34542-3a00-466e-ae84-194b84d3af7b:c3204, d451d94d-57a0-4545-b387-d428f64e3f33:c3204]
2019-07-09 16:26:05,132 INFO  client.GrpcClientProtocolClient (GrpcClientProtocolClient.java:onNext(255)) - client-0F1B900A64BD->9bf35ae9-4da0-4371-87fa-54ea3ce1f280: receive RaftClientReply:client-0F1B900A64BD->9bf35ae9-4da0-4371-87fa-54ea3ce1f280@group-432E83AF5B55, cid=2186, SUCCESS, logIndex=3207, commits[9bf35ae9-4da0-4371-87fa-54ea3ce1f280:c3208, 0cc34542-3a00-466e-ae84-194b84d3af7b:c3206, d451d94d-57a0-4545-b387-d428f64e3f33:c3206]
2019-07-09 16:26:05,133 INFO  client.GrpcClientProtocolClient (GrpcClientProtocolClient.java:onNext(255)) - client-0F1B900A64BD->9bf35ae9-4da0-4371-87fa-54ea3ce1f280: receive RaftClientReply:client-0F1B900A64BD->9bf35ae9-4da0-4371-87fa-54ea3ce1f280@group-432E83AF5B55, cid=2187, SUCCESS, logIndex=3208, commits[9bf35ae9-4da0-4371-87fa-54ea3ce1f280:c3208, 0cc34542-3a00-466e-ae84-194b84d3af7b:c3206, d451d94d-57a0-4545-b387-d428f64e3f33:c3206]
2019-07-09 16:26:05,133 INFO  client.GrpcClientProtocolClient (GrpcClientProtocolClient.java:onNext(255)) - client-0F1B900A64BD->9bf35ae9-4da0-4371-87fa-54ea3ce1f280: receive RaftClientReply:client-0F1B900A64BD->9bf35ae9-4da0-4371-87fa-54ea3ce1f280@group-432E83AF5B55, cid=2188, SUCCESS, logIndex=3209, commits[9bf35ae9-4da0-4371-87fa-54ea3ce1f280:c3210, 0cc34542-3a00-466e-ae84-194b84d3af7b:c3206, d451d94d-57a0-4545-b387-d428f64e3f33:c3206]
2019-07-09 16:26:05,134 INFO  client.GrpcClientProtocolClient (GrpcClientProtocolClient.java:onNext(255)) - client-0F1B900A64BD->9bf35ae9-4da0-4371-87fa-54ea3ce1f280: receive RaftClientReply:client-0F1B900A64BD->9bf35ae9-4da0-4371-87fa-54ea3ce1f280@group-432E83AF5B55, cid=2189, SUCCESS, logIndex=3210, commits[9bf35ae9-4da0-4371-87fa-54ea3ce1f280:c3210, 0cc34542-3a00-466e-ae84-194b84d3af7b:c3206, d451d94d-57a0-4545-b387-d428f64e3f33:c3206]
2019-07-09 16:26:05,147 INFO  client.GrpcClientProtocolClient (GrpcClientProtocolClient.java:onNext(255)) - client-0F1B900A64BD->9bf35ae9-4da0-4371-87fa-54ea3ce1f280: receive RaftClientReply:client-0F1B900A64BD->9bf35ae9-4da0-4371-87fa-54ea3ce1f280@group-432E83AF5B55, cid=2190, SUCCESS, logIndex=0, commits[9bf35ae9-4da0-4371-87fa-54ea3ce1f280:c3212, 0cc34542-3a00-466e-ae84-194b84d3af7b:c3208, d451d94d-57a0-4545-b387-d428f64e3f33:c3208]
2019-07-09 16:26:05,167 INFO  client.GrpcClientProtocolClient (GrpcClientProtocolClient.java:onNext(255)) - client-0F1B900A64BD->9bf35ae9-4da0-4371-87fa-54ea3ce1f280: receive RaftClientReply:client-0F1B900A64BD->9bf35ae9-4da0-4371-87fa-54ea3ce1f280@group-432E83AF5B55, cid=2191, SUCCESS, logIndex=3215, commits[9bf35ae9-4da0-4371-87fa-54ea3ce1f280:c3216, 0cc34542-3a00-466e-ae84-194b84d3af7b:c3214, d451d94d-57a0-4545-b387-d428f64e3f33:c3214]
2019-07-09 16:26:05,168 INFO  client.GrpcClientProtocolClient (GrpcClientProtocolClient.java:onNext(255)) - client-0F1B900A64BD->9bf35ae9-4da0-4371-87fa-54ea3ce1f280: receive RaftClientReply:client-0F1B900A64BD->9bf35ae9-4da0-4371-87fa-54ea3ce1f280@group-432E83AF5B55, cid=2192, SUCCESS, logIndex=3216, commits[9bf35ae9-4da0-4371-87fa-54ea3ce1f280:c3216, 0cc34542-3a00-466e-ae84-194b84d3af7b:c3214, d451d94d-57a0-4545-b387-d428f64e3f33:c3214]
2019-07-09 16:26:05,182 INFO  client.GrpcClientProtocolClient (GrpcClientProtocolClient.java:onNext(255)) - client-0F1B900A64BD->9bf35ae9-4da0-4371-87fa-54ea3ce1f280: receive RaftClientReply:client-0F1B900A64BD->9bf35ae9-4da0-4371-87fa-54ea3ce1f280@group-432E83AF5B55, cid=2193, SUCCESS, logIndex=3219, commits[9bf35ae9-4da0-4371-87fa-54ea3ce1f280:c3219, 0cc34542-3a00-466e-ae84-194b84d3af7b:c3216, d451d94d-57a0-4545-b387-d428f64e3f33:c3216]
2019-07-09 16:26:05,183 INFO  client.GrpcClientProtocolClient (GrpcClientProtocolClient.java:onNext(255)) - client-0F1B900A64BD->9bf35ae9-4da0-4371-87fa-54ea3ce1f280: receive RaftClientReply:client-0F1B900A64BD->9bf35ae9-4da0-4371-87fa-54ea3ce1f280@group-432E83AF5B55, cid=2194, SUCCESS, logIndex=3220, commits[9bf35ae9-4da0-4371-87fa-54ea3ce1f280:c3220, 0cc34542-3a00-466e-ae84-194b84d3af7b:c3216, d451d94d-57a0-4545-b387-d428f64e3f33:c3216]
2019-07-09 16:26:05,196 INFO  client.GrpcClientProtocolClient (GrpcClientProtocolClient.java:onNext(255)) - client-0F1B900A64BD->9bf35ae9-4da0-4371-87fa-54ea3ce1f280: receive RaftClientReply:client-0F1B900A64BD->9bf35ae9-4da0-4371-87fa-54ea3ce1f280@group-432E83AF5B55, cid=2195, SUCCESS, logIndex=0, commits[9bf35ae9-4da0-4371-87fa-54ea3ce1f280:c3222, 0cc34542-3a00-466e-ae84-194b84d3af7b:c3220, d451d94d-57a0-4545-b387-d428f64e3f33:c3220]
2019-07-09 16:26:05,227 INFO  client.GrpcClientProtocolClient (GrpcClientProtocolClient.java:onNext(255)) - client-0F1B900A64BD->9bf35ae9-4da0-4371-87fa-54ea3ce1f280: receive RaftClientReply:client-0F1B900A64BD->9bf35ae9-4da0-4371-87fa-54ea3ce1f280@group-432E83AF5B55, cid=2196, SUCCESS, logIndex=3223, commits[9bf35ae9-4da0-4371-87fa-54ea3ce1f280:c3224, 0cc34542-3a00-466e-ae84-194b84d3af7b:c3222, d451d94d-57a0-4545-b387-d428f64e3f33:c3222]
2019-07-09 16:26:05,228 INFO  client.GrpcClientProtocolClient (GrpcClientProtocolClient.java:onNext(255)) - client-0F1B900A64BD->9bf35ae9-4da0-4371-87fa-54ea3ce1f280: receive RaftClientReply:client-0F1B900A64BD->9bf35ae9-4da0-4371-87fa-54ea3ce1f280@group-432E83AF5B55, cid=2197, SUCCESS, logIndex=3224, commits[9bf35ae9-4da0-4371-87fa-54ea3ce1f280:c3226, 0cc34542-3a00-466e-ae84-194b84d3af7b:c3222, d451d94d-57a0-4545-b387-d428f64e3f33:c3222]
2019-07-09 16:26:05,228 INFO  client.GrpcClientProtocolClient (GrpcClientProtocolClient.java:onNext(255)) - client-0F1B900A64BD->9bf35ae9-4da0-4371-87fa-54ea3ce1f280: receive RaftClientReply:client-0F1B900A64BD->9bf35ae9-4da0-4371-87fa-54ea3ce1f280@group-432E83AF5B55, cid=2198, SUCCESS, logIndex=3225, commits[9bf35ae9-4da0-4371-87fa-54ea3ce1f280:c3226, 0cc34542-3a00-466e-ae84-194b84d3af7b:c3222, d451d94d-57a0-4545-b387-d428f64e3f33:c3222]
2019-07-09 16:26:05,228 INFO  client.GrpcClientProtocolClient (GrpcClientProtocolClient.java:onNext(255)) - client-0F1B900A64BD->9bf35ae9-4da0-4371-87fa-54ea3ce1f280: receive RaftClientReply:client-0F1B900A64BD->9bf35ae9-4da0-4371-87fa-54ea3ce1f280@group-432E83AF5B55, cid=2199, SUCCESS, logIndex=3226, commits[9bf35ae9-4da0-4371-87fa-54ea3ce1f280:c3226, 0cc34542-3a00-466e-ae84-194b84d3af7b:c3222, d451d94d-57a0-4545-b387-d428f64e3f33:c3222]
2019-07-09 16:26:05,239 INFO  client.GrpcClientProtocolClient (GrpcClientProtocolClient.java:onNext(255)) - client-0F1B900A64BD->9bf35ae9-4da0-4371-87fa-54ea3ce1f280: receive RaftClientReply:client-0F1B900A64BD->9bf35ae9-4da0-4371-87fa-54ea3ce1f280@group-432E83AF5B55, cid=2200, SUCCESS, logIndex=0, commits[9bf35ae9-4da0-4371-87fa-54ea3ce1f280:c3227, 0cc34542-3a00-466e-ae84-194b84d3af7b:c3224, d451d94d-57a0-4545-b387-d428f64e3f33:c3224]
2019-07-09 16:26:05,261 INFO  client.GrpcClientProtocolClient (GrpcClientProtocolClient.java:onNext(255)) - client-0F1B900A64BD->9bf35ae9-4da0-4371-87fa-54ea3ce1f280: receive RaftClientReply:client-0F1B900A64BD->9bf35ae9-4da0-4371-87fa-54ea3ce1f280@group-432E83AF5B55, cid=2201, SUCCESS, logIndex=3230, commits[9bf35ae9-4da0-4371-87fa-54ea3ce1f280:c3231, 0cc34542-3a00-466e-ae84-194b84d3af7b:c3229, d451d94d-57a0-4545-b387-d428f64e3f33:c3229]
2019-07-09 16:26:05,261 INFO  client.GrpcClientProtocolClient (GrpcClientProtocolClient.java:onNext(255)) - client-0F1B900A64BD->9bf35ae9-4da0-4371-87fa-54ea3ce1f280: receive RaftClientReply:client-0F1B900A64BD->9bf35ae9-4da0-4371-87fa-54ea3ce1f280@group-432E83AF5B55, cid=2202, SUCCESS, logIndex=3231, commits[9bf35ae9-4da0-4371-87fa-54ea3ce1f280:c3231, 0cc34542-3a00-466e-ae84-194b84d3af7b:c3229, d451d94d-57a0-4545-b387-d428f64e3f33:c3229]
2019-07-09 16:26:05,278 INFO  client.GrpcClientProtocolClient (GrpcClientProtocolClient.java:onNext(255)) - client-0F1B900A64BD->9bf35ae9-4da0-4371-87fa-54ea3ce1f280: receive RaftClientReply:client-0F1B900A64BD->9bf35ae9-4da0-4371-87fa-54ea3ce1f280@group-432E83AF5B55, cid=2203, SUCCESS, logIndex=3234, commits[9bf35ae9-4da0-4371-87fa-54ea3ce1f280:c3235, 0cc34542-3a00-466e-ae84-194b84d3af7b:c3231, d451d94d-57a0-4545-b387-d428f64e3f33:c3231]
2019-07-09 16:26:05,279 INFO  client.GrpcClientProtocolClient (GrpcClientProtocolClient.java:onNext(255)) - client-0F1B900A64BD->9bf35ae9-4da0-4371-87fa-54ea3ce1f280: receive RaftClientReply:client-0F1B900A64BD->9bf35ae9-4da0-4371-87fa-54ea3ce1f280@group-432E83AF5B55, cid=2204, SUCCESS, logIndex=3235, commits[9bf35ae9-4da0-4371-87fa-54ea3ce1f280:c3235, 0cc34542-3a00-466e-ae84-194b84d3af7b:c3231, d451d94d-57a0-4545-b387-d428f64e3f33:c3231]
2019-07-09 16:26:05,305 INFO  client.GrpcClientProtocolClient (GrpcClientProtocolClient.java:onNext(255)) - client-0F1B900A64BD->9bf35ae9-4da0-4371-87fa-54ea3ce1f280: receive RaftClientReply:client-0F1B900A64BD->9bf35ae9-4da0-4371-87fa-54ea3ce1f280@group-432E83AF5B55, cid=2205, SUCCESS, logIndex=0, commits[9bf35ae9-4da0-4371-87fa-54ea3ce1f280:c3236, 0cc34542-3a00-466e-ae84-194b84d3af7b:c3235, d451d94d-57a0-4545-b387-d428f64e3f33:c3235]
2019-07-09 16:26:05,333 INFO  client.GrpcClientProtocolClient (GrpcClientProtocolClient.java:onNext(255)) - client-0F1B900A64BD->9bf35ae9-4da0-4371-87fa-54ea3ce1f280: receive RaftClientReply:client-0F1B900A64BD->9bf35ae9-4da0-4371-87fa-54ea3ce1f280@group-432E83AF5B55, cid=2206, SUCCESS, logIndex=3238, commits[9bf35ae9-4da0-4371-87fa-54ea3ce1f280:c3239, 0cc34542-3a00-466e-ae84-194b84d3af7b:c3237, d451d94d-57a0-4545-b387-d428f64e3f33:c3237]
2019-07-09 16:26:05,335 INFO  client.GrpcClientProtocolClient (GrpcClientProtocolClient.java:onNext(255)) - client-0F1B900A64BD->9bf35ae9-4da0-4371-87fa-54ea3ce1f280: receive RaftClientReply:client-0F1B900A64BD->9bf35ae9-4da0-4371-87fa-54ea3ce1f280@group-432E83AF5B55, cid=2207, SUCCESS, logIndex=3239, commits[9bf35ae9-4da0-4371-87fa-54ea3ce1f280:c3239, 0cc34542-3a00-466e-ae84-194b84d3af7b:c3237, d451d94d-57a0-4545-b387-d428f64e3f33:c3237]
2019-07-09 16:26:05,337 INFO  client.GrpcClientProtocolClient (GrpcClientProtocolClient.java:onNext(255)) - client-0F1B900A64BD->9bf35ae9-4da0-4371-87fa-54ea3ce1f280: receive RaftClientReply:client-0F1B900A64BD->9bf35ae9-4da0-4371-87fa-54ea3ce1f280@group-432E83AF5B55, cid=2208, SUCCESS, logIndex=3240, commits[9bf35ae9-4da0-4371-87fa-54ea3ce1f280:c3241, 0cc34542-3a00-466e-ae84-194b84d3af7b:c3237, d451d94d-57a0-4545-b387-d428f64e3f33:c3237]
2019-07-09 16:26:05,337 INFO  client.GrpcClientProtocolClient (GrpcClientProtocolClient.java:onNext(255)) - client-0F1B900A64BD->9bf35ae9-4da0-4371-87fa-54ea3ce1f280: receive RaftClientReply:client-0F1B900A64BD->9bf35ae9-4da0-4371-87fa-54ea3ce1f280@group-432E83AF5B55, cid=2209, SUCCESS, logIndex=3241, commits[9bf35ae9-4da0-4371-87fa-54ea3ce1f280:c3241, 0cc34542-3a00-466e-ae84-194b84d3af7b:c3237, d451d94d-57a0-4545-b387-d428f64e3f33:c3238]
2019-07-09 16:26:05,338 INFO  client.GrpcClientProtocolClient (GrpcClientProtocolClient.java:onNext(255)) - client-0F1B900A64BD->9bf35ae9-4da0-4371-87fa-54ea3ce1f280: receive RaftClientReply:client-0F1B900A64BD->9bf35ae9-4da0-4371-87fa-54ea3ce1f280@group-432E83AF5B55, cid=2210, SUCCESS, logIndex=0, commits[9bf35ae9-4da0-4371-87fa-54ea3ce1f280:c3243, 0cc34542-3a00-466e-ae84-194b84d3af7b:c3239, d451d94d-57a0-4545-b387-d428f64e3f33:c3239]
2019-07-09 16:26:05,351 INFO  client.GrpcClientProtocolClient (GrpcClientProtocolClient.java:onNext(255)) - client-0F1B900A64BD->9bf35ae9-4da0-4371-87fa-54ea3ce1f280: receive RaftClientReply:client-0F1B900A64BD->9bf35ae9-4da0-4371-87fa-54ea3ce1f280@group-432E83AF5B55, cid=2211, SUCCESS, logIndex=3246, commits[9bf35ae9-4da0-4371-87fa-54ea3ce1f280:c3247, 0cc34542-3a00-466e-ae84-194b84d3af7b:c3243, d451d94d-57a0-4545-b387-d428f64e3f33:c3243]
2019-07-09 16:26:05,351 INFO  client.GrpcClientProtocolClient (GrpcClientProtocolClient.java:onNext(255)) - client-0F1B900A64BD->9bf35ae9-4da0-4371-87fa-54ea3ce1f280: receive RaftClientReply:client-0F1B900A64BD->9bf35ae9-4da0-4371-87fa-54ea3ce1f280@group-432E83AF5B55, cid=2212, SUCCESS, logIndex=3247, commits[9bf35ae9-4da0-4371-87fa-54ea3ce1f280:c3247, 0cc34542-3a00-466e-ae84-194b84d3af7b:c3243, d451d94d-57a0-4545-b387-d428f64e3f33:c3243]
2019-07-09 16:26:05,425 INFO  client.GrpcClientProtocolClient (GrpcClientProtocolClient.java:onNext(255)) - client-0F1B900A64BD->9bf35ae9-4da0-4371-87fa-54ea3ce1f280: receive RaftClientReply:client-0F1B900A64BD->9bf35ae9-4da0-4371-87fa-54ea3ce1f280@group-432E83AF5B55, cid=2213, SUCCESS, logIndex=3249, commits[9bf35ae9-4da0-4371-87fa-54ea3ce1f280:c3250, 0cc34542-3a00-466e-ae84-194b84d3af7b:c3248, d451d94d-57a0-4545-b387-d428f64e3f33:c3248]
2019-07-09 16:26:05,426 INFO  client.GrpcClientProtocolClient (GrpcClientProtocolClient.java:onNext(255)) - client-0F1B900A64BD->9bf35ae9-4da0-4371-87fa-54ea3ce1f280: receive RaftClientReply:client-0F1B900A64BD->9bf35ae9-4da0-4371-87fa-54ea3ce1f280@group-432E83AF5B55, cid=2214, SUCCESS, logIndex=3250, commits[9bf35ae9-4da0-4371-87fa-54ea3ce1f280:c3250, 0cc34542-3a00-466e-ae84-194b84d3af7b:c3248, d451d94d-57a0-4545-b387-d428f64e3f33:c3248]
2019-07-09 16:26:05,449 INFO  client.GrpcClientProtocolClient (GrpcClientProtocolClient.java:onNext(255)) - client-0F1B900A64BD->9bf35ae9-4da0-4371-87fa-54ea3ce1f280: receive RaftClientReply:client-0F1B900A64BD->9bf35ae9-4da0-4371-87fa-54ea3ce1f280@group-432E83AF5B55, cid=2215, SUCCESS, logIndex=0, commits[9bf35ae9-4da0-4371-87fa-54ea3ce1f280:c3251, 0cc34542-3a00-466e-ae84-194b84d3af7b:c3250, d451d94d-57a0-4545-b387-d428f64e3f33:c3250]
2019-07-09 16:26:05,483 INFO  client.GrpcClientProtocolClient (GrpcClientProtocolClient.java:onNext(255)) - client-0F1B900A64BD->9bf35ae9-4da0-4371-87fa-54ea3ce1f280: receive RaftClientReply:client-0F1B900A64BD->9bf35ae9-4da0-4371-87fa-54ea3ce1f280@group-432E83AF5B55, cid=2216, SUCCESS, logIndex=3253, commits[9bf35ae9-4da0-4371-87fa-54ea3ce1f280:c3253, 0cc34542-3a00-466e-ae84-194b84d3af7b:c3252, d451d94d-57a0-4545-b387-d428f64e3f33:c3252]
2019-07-09 16:26:05,484 INFO  client.GrpcClientProtocolClient (GrpcClientProtocolClient.java:onNext(255)) - client-0F1B900A64BD->9bf35ae9-4da0-4371-87fa-54ea3ce1f280: receive RaftClientReply:client-0F1B900A64BD->9bf35ae9-4da0-4371-87fa-54ea3ce1f280@group-432E83AF5B55, cid=2217, SUCCESS, logIndex=3254, commits[9bf35ae9-4da0-4371-87fa-54ea3ce1f280:c3254, 0cc34542-3a00-466e-ae84-194b84d3af7b:c3252, d451d94d-57a0-4545-b387-d428f64e3f33:c3252]
2019-07-09 16:26:05,484 INFO  client.GrpcClientProtocolClient (GrpcClientProtocolClient.java:onNext(255)) - client-0F1B900A64BD->9bf35ae9-4da0-4371-87fa-54ea3ce1f280: receive RaftClientReply:client-0F1B900A64BD->9bf35ae9-4da0-4371-87fa-54ea3ce1f280@group-432E83AF5B55, cid=2218, SUCCESS, logIndex=3255, commits[9bf35ae9-4da0-4371-87fa-54ea3ce1f280:c3256, 0cc34542-3a00-466e-ae84-194b84d3af7b:c3252, d451d94d-57a0-4545-b387-d428f64e3f33:c3252]
2019-07-09 16:26:05,485 INFO  client.GrpcClientProtocolClient (GrpcClientProtocolClient.java:onNext(255)) - client-0F1B900A64BD->9bf35ae9-4da0-4371-87fa-54ea3ce1f280: receive RaftClientReply:client-0F1B900A64BD->9bf35ae9-4da0-4371-87fa-54ea3ce1f280@group-432E83AF5B55, cid=2219, SUCCESS, logIndex=3256, commits[9bf35ae9-4da0-4371-87fa-54ea3ce1f280:c3256, 0cc34542-3a00-466e-ae84-194b84d3af7b:c3252, d451d94d-57a0-4545-b387-d428f64e3f33:c3252]
2019-07-09 16:26:05,488 INFO  client.GrpcClientProtocolClient (GrpcClientProtocolClient.java:onNext(255)) - client-0F1B900A64BD->9bf35ae9-4da0-4371-87fa-54ea3ce1f280: receive RaftClientReply:client-0F1B900A64BD->9bf35ae9-4da0-4371-87fa-54ea3ce1f280@group-432E83AF5B55, cid=2220, SUCCESS, logIndex=0, commits[9bf35ae9-4da0-4371-87fa-54ea3ce1f280:c3259, 0cc34542-3a00-466e-ae84-194b84d3af7b:c3256, d451d94d-57a0-4545-b387-d428f64e3f33:c3256]
2019-07-09 16:26:05,508 INFO  client.GrpcClientProtocolClient (GrpcClientProtocolClient.java:onNext(255)) - client-0F1B900A64BD->9bf35ae9-4da0-4371-87fa-54ea3ce1f280: receive RaftClientReply:client-0F1B900A64BD->9bf35ae9-4da0-4371-87fa-54ea3ce1f280@group-432E83AF5B55, cid=2221, SUCCESS, logIndex=3260, commits[9bf35ae9-4da0-4371-87fa-54ea3ce1f280:c3261, 0cc34542-3a00-466e-ae84-194b84d3af7b:c3259, d451d94d-57a0-4545-b387-d428f64e3f33:c3259]
2019-07-09 16:26:05,509 INFO  client.GrpcClientProtocolClient (GrpcClientProtocolClient.java:onNext(255)) - client-0F1B900A64BD->9bf35ae9-4da0-4371-87fa-54ea3ce1f280: receive RaftClientReply:client-0F1B900A64BD->9bf35ae9-4da0-4371-87fa-54ea3ce1f280@group-432E83AF5B55, cid=2222, SUCCESS, logIndex=3261, commits[9bf35ae9-4da0-4371-87fa-54ea3ce1f280:c3261, 0cc34542-3a00-466e-ae84-194b84d3af7b:c3259, d451d94d-57a0-4545-b387-d428f64e3f33:c3259]
2019-07-09 16:26:05,522 INFO  client.GrpcClientProtocolClient (GrpcClientProtocolClient.java:onNext(255)) - client-0F1B900A64BD->9bf35ae9-4da0-4371-87fa-54ea3ce1f280: receive RaftClientReply:client-0F1B900A64BD->9bf35ae9-4da0-4371-87fa-54ea3ce1f280@group-432E83AF5B55, cid=2223, SUCCESS, logIndex=3264, commits[9bf35ae9-4da0-4371-87fa-54ea3ce1f280:c3265, 0cc34542-3a00-466e-ae84-194b84d3af7b:c3262, d451d94d-57a0-4545-b387-d428f64e3f33:c3261]
2019-07-09 16:26:05,522 INFO  client.GrpcClientProtocolClient (GrpcClientProtocolClient.java:onNext(255)) - client-0F1B900A64BD->9bf35ae9-4da0-4371-87fa-54ea3ce1f280: receive RaftClientReply:client-0F1B900A64BD->9bf35ae9-4da0-4371-87fa-54ea3ce1f280@group-432E83AF5B55, cid=2224, SUCCESS, logIndex=3265, commits[9bf35ae9-4da0-4371-87fa-54ea3ce1f280:c3265, 0cc34542-3a00-466e-ae84-194b84d3af7b:c3262, d451d94d-57a0-4545-b387-d428f64e3f33:c3262]
2019-07-09 16:26:05,525 INFO  client.GrpcClientProtocolClient (GrpcClientProtocolClient.java:onNext(255)) - client-0F1B900A64BD->9bf35ae9-4da0-4371-87fa-54ea3ce1f280: receive RaftClientReply:client-0F1B900A64BD->9bf35ae9-4da0-4371-87fa-54ea3ce1f280@group-432E83AF5B55, cid=2225, SUCCESS, logIndex=0, commits[9bf35ae9-4da0-4371-87fa-54ea3ce1f280:c3266, 0cc34542-3a00-466e-ae84-194b84d3af7b:c3265, d451d94d-57a0-4545-b387-d428f64e3f33:c3265]
2019-07-09 16:26:05,568 INFO  client.GrpcClientProtocolClient (GrpcClientProtocolClient.java:onNext(255)) - client-0F1B900A64BD->9bf35ae9-4da0-4371-87fa-54ea3ce1f280: receive RaftClientReply:client-0F1B900A64BD->9bf35ae9-4da0-4371-87fa-54ea3ce1f280@group-432E83AF5B55, cid=2226, SUCCESS, logIndex=3268, commits[9bf35ae9-4da0-4371-87fa-54ea3ce1f280:c3271, 0cc34542-3a00-466e-ae84-194b84d3af7b:c3267, d451d94d-57a0-4545-b387-d428f64e3f33:c3267]
2019-07-09 16:26:05,569 INFO  client.GrpcClientProtocolClient (GrpcClientProtocolClient.java:onNext(255)) - client-0F1B900A64BD->9bf35ae9-4da0-4371-87fa-54ea3ce1f280: receive RaftClientReply:client-0F1B900A64BD->9bf35ae9-4da0-4371-87fa-54ea3ce1f280@group-432E83AF5B55, cid=2227, SUCCESS, logIndex=3269, commits[9bf35ae9-4da0-4371-87fa-54ea3ce1f280:c3271, 0cc34542-3a00-466e-ae84-194b84d3af7b:c3267, d451d94d-57a0-4545-b387-d428f64e3f33:c3267]
2019-07-09 16:26:05,569 INFO  client.GrpcClientProtocolClient (GrpcClientProtocolClient.java:onNext(255)) - client-0F1B900A64BD->9bf35ae9-4da0-4371-87fa-54ea3ce1f280: receive RaftClientReply:client-0F1B900A64BD->9bf35ae9-4da0-4371-87fa-54ea3ce1f280@group-432E83AF5B55, cid=2228, SUCCESS, logIndex=3270, commits[9bf35ae9-4da0-4371-87fa-54ea3ce1f280:c3271, 0cc34542-3a00-466e-ae84-194b84d3af7b:c3267, d451d94d-57a0-4545-b387-d428f64e3f33:c3267]
2019-07-09 16:26:05,570 INFO  client.GrpcClientProtocolClient (GrpcClientProtocolClient.java:onNext(255)) - client-0F1B900A64BD->9bf35ae9-4da0-4371-87fa-54ea3ce1f280: receive RaftClientReply:client-0F1B900A64BD->9bf35ae9-4da0-4371-87fa-54ea3ce1f280@group-432E83AF5B55, cid=2229, SUCCESS, logIndex=3271, commits[9bf35ae9-4da0-4371-87fa-54ea3ce1f280:c3271, 0cc34542-3a00-466e-ae84-194b84d3af7b:c3267, d451d94d-57a0-4545-b387-d428f64e3f33:c3267]
2019-07-09 16:26:05,578 INFO  client.GrpcClientProtocolClient (GrpcClientProtocolClient.java:onNext(255)) - client-0F1B900A64BD->9bf35ae9-4da0-4371-87fa-54ea3ce1f280: receive RaftClientReply:client-0F1B900A64BD->9bf35ae9-4da0-4371-87fa-54ea3ce1f280@group-432E83AF5B55, cid=2230, SUCCESS, logIndex=0, commits[9bf35ae9-4da0-4371-87fa-54ea3ce1f280:c3272, 0cc34542-3a00-466e-ae84-194b84d3af7b:c3269, d451d94d-57a0-4545-b387-d428f64e3f33:c3270]
2019-07-09 16:26:05,717 INFO  client.GrpcClientProtocolClient (GrpcClientProtocolClient.java:onNext(255)) - client-0F1B900A64BD->9bf35ae9-4da0-4371-87fa-54ea3ce1f280: receive RaftClientReply:client-0F1B900A64BD->9bf35ae9-4da0-4371-87fa-54ea3ce1f280@group-432E83AF5B55, cid=2231, SUCCESS, logIndex=3275, commits[9bf35ae9-4da0-4371-87fa-54ea3ce1f280:c3276, 0cc34542-3a00-466e-ae84-194b84d3af7b:c3274, d451d94d-57a0-4545-b387-d428f64e3f33:c3274]
2019-07-09 16:26:05,718 INFO  client.GrpcClientProtocolClient (GrpcClientProtocolClient.java:onNext(255)) - client-0F1B900A64BD->9bf35ae9-4da0-4371-87fa-54ea3ce1f280: receive RaftClientReply:client-0F1B900A64BD->9bf35ae9-4da0-4371-87fa-54ea3ce1f280@group-432E83AF5B55, cid=2232, SUCCESS, logIndex=3276, commits[9bf35ae9-4da0-4371-87fa-54ea3ce1f280:c3276, 0cc34542-3a00-466e-ae84-194b84d3af7b:c3274, d451d94d-57a0-4545-b387-d428f64e3f33:c3274]
2019-07-09 16:26:05,760 INFO  client.GrpcClientProtocolClient (GrpcClientProtocolClient.java:onNext(255)) - client-0F1B900A64BD->9bf35ae9-4da0-4371-87fa-54ea3ce1f280: receive RaftClientReply:client-0F1B900A64BD->9bf35ae9-4da0-4371-87fa-54ea3ce1f280@group-432E83AF5B55, cid=2233, SUCCESS, logIndex=3279, commits[9bf35ae9-4da0-4371-87fa-54ea3ce1f280:c3280, 0cc34542-3a00-466e-ae84-194b84d3af7b:c3276, d451d94d-57a0-4545-b387-d428f64e3f33:c3276]
2019-07-09 16:26:05,760 INFO  client.GrpcClientProtocolClient (GrpcClientProtocolClient.java:onNext(255)) - client-0F1B900A64BD->9bf35ae9-4da0-4371-87fa-54ea3ce1f280: receive RaftClientReply:client-0F1B900A64BD->9bf35ae9-4da0-4371-87fa-54ea3ce1f280@group-432E83AF5B55, cid=2234, SUCCESS, logIndex=3280, commits[9bf35ae9-4da0-4371-87fa-54ea3ce1f280:c3280, 0cc34542-3a00-466e-ae84-194b84d3af7b:c3276, d451d94d-57a0-4545-b387-d428f64e3f33:c3276]
2019-07-09 16:26:05,774 INFO  client.GrpcClientProtocolClient (GrpcClientProtocolClient.java:onNext(255)) - client-0F1B900A64BD->9bf35ae9-4da0-4371-87fa-54ea3ce1f280: receive RaftClientReply:client-0F1B900A64BD->9bf35ae9-4da0-4371-87fa-54ea3ce1f280@group-432E83AF5B55, cid=2235, SUCCESS, logIndex=0, commits[9bf35ae9-4da0-4371-87fa-54ea3ce1f280:c3282, 0cc34542-3a00-466e-ae84-194b84d3af7b:c3280, d451d94d-57a0-4545-b387-d428f64e3f33:c3280]
2019-07-09 16:26:05,807 INFO  client.GrpcClientProtocolClient (GrpcClientProtocolClient.java:onNext(255)) - client-0F1B900A64BD->9bf35ae9-4da0-4371-87fa-54ea3ce1f280: receive RaftClientReply:client-0F1B900A64BD->9bf35ae9-4da0-4371-87fa-54ea3ce1f280@group-432E83AF5B55, cid=2236, SUCCESS, logIndex=3283, commits[9bf35ae9-4da0-4371-87fa-54ea3ce1f280:c3284, 0cc34542-3a00-466e-ae84-194b84d3af7b:c3282, d451d94d-57a0-4545-b387-d428f64e3f33:c3282]
2019-07-09 16:26:05,808 INFO  client.GrpcClientProtocolClient (GrpcClientProtocolClient.java:onNext(255)) - client-0F1B900A64BD->9bf35ae9-4da0-4371-87fa-54ea3ce1f280: receive RaftClientReply:client-0F1B900A64BD->9bf35ae9-4da0-4371-87fa-54ea3ce1f280@group-432E83AF5B55, cid=2237, SUCCESS, logIndex=3284, commits[9bf35ae9-4da0-4371-87fa-54ea3ce1f280:c3286, 0cc34542-3a00-466e-ae84-194b84d3af7b:c3282, d451d94d-57a0-4545-b387-d428f64e3f33:c3282]
2019-07-09 16:26:05,808 INFO  client.GrpcClientProtocolClient (GrpcClientProtocolClient.java:onNext(255)) - client-0F1B900A64BD->9bf35ae9-4da0-4371-87fa-54ea3ce1f280: receive RaftClientReply:client-0F1B900A64BD->9bf35ae9-4da0-4371-87fa-54ea3ce1f280@group-432E83AF5B55, cid=2238, SUCCESS, logIndex=3285, commits[9bf35ae9-4da0-4371-87fa-54ea3ce1f280:c3286, 0cc34542-3a00-466e-ae84-194b84d3af7b:c3282, d451d94d-57a0-4545-b387-d428f64e3f33:c3282]
2019-07-09 16:26:05,809 INFO  client.GrpcClientProtocolClient (GrpcClientProtocolClient.java:onNext(255)) - client-0F1B900A64BD->9bf35ae9-4da0-4371-87fa-54ea3ce1f280: receive RaftClientReply:client-0F1B900A64BD->9bf35ae9-4da0-4371-87fa-54ea3ce1f280@group-432E83AF5B55, cid=2239, SUCCESS, logIndex=3286, commits[9bf35ae9-4da0-4371-87fa-54ea3ce1f280:c3287, 0cc34542-3a00-466e-ae84-194b84d3af7b:c3284, d451d94d-57a0-4545-b387-d428f64e3f33:c3282]
2019-07-09 16:26:05,810 INFO  client.GrpcClientProtocolClient (GrpcClientProtocolClient.java:onNext(255)) - client-0F1B900A64BD->9bf35ae9-4da0-4371-87fa-54ea3ce1f280: receive RaftClientReply:client-0F1B900A64BD->9bf35ae9-4da0-4371-87fa-54ea3ce1f280@group-432E83AF5B55, cid=2240, SUCCESS, logIndex=0, commits[9bf35ae9-4da0-4371-87fa-54ea3ce1f280:c3288, 0cc34542-3a00-466e-ae84-194b84d3af7b:c3284, d451d94d-57a0-4545-b387-d428f64e3f33:c3284]
2019-07-09 16:26:05,842 INFO  client.GrpcClientProtocolClient (GrpcClientProtocolClient.java:onNext(255)) - client-0F1B900A64BD->9bf35ae9-4da0-4371-87fa-54ea3ce1f280: receive RaftClientReply:client-0F1B900A64BD->9bf35ae9-4da0-4371-87fa-54ea3ce1f280@group-432E83AF5B55, cid=2241, SUCCESS, logIndex=3290, commits[9bf35ae9-4da0-4371-87fa-54ea3ce1f280:c3291, 0cc34542-3a00-466e-ae84-194b84d3af7b:c3289, d451d94d-57a0-4545-b387-d428f64e3f33:c3289]
2019-07-09 16:26:05,842 INFO  client.GrpcClientProtocolClient (GrpcClientProtocolClient.java:onNext(255)) - client-0F1B900A64BD->9bf35ae9-4da0-4371-87fa-54ea3ce1f280: receive RaftClientReply:client-0F1B900A64BD->9bf35ae9-4da0-4371-87fa-54ea3ce1f280@group-432E83AF5B55, cid=2242, SUCCESS, logIndex=3291, commits[9bf35ae9-4da0-4371-87fa-54ea3ce1f280:c3291, 0cc34542-3a00-466e-ae84-194b84d3af7b:c3289, d451d94d-57a0-4545-b387-d428f64e3f33:c3289]
2019-07-09 16:26:05,876 INFO  client.GrpcClientProtocolClient (GrpcClientProtocolClient.java:onNext(255)) - client-0F1B900A64BD->9bf35ae9-4da0-4371-87fa-54ea3ce1f280: receive RaftClientReply:client-0F1B900A64BD->9bf35ae9-4da0-4371-87fa-54ea3ce1f280@group-432E83AF5B55, cid=2243, SUCCESS, logIndex=3294, commits[9bf35ae9-4da0-4371-87fa-54ea3ce1f280:c3295, 0cc34542-3a00-466e-ae84-194b84d3af7b:c3291, d451d94d-57a0-4545-b387-d428f64e3f33:c3291]
2019-07-09 16:26:05,877 INFO  client.GrpcClientProtocolClient (GrpcClientProtocolClient.java:onNext(255)) - client-0F1B900A64BD->9bf35ae9-4da0-4371-87fa-54ea3ce1f280: receive RaftClientReply:client-0F1B900A64BD->9bf35ae9-4da0-4371-87fa-54ea3ce1f280@group-432E83AF5B55, cid=2244, SUCCESS, logIndex=3295, commits[9bf35ae9-4da0-4371-87fa-54ea3ce1f280:c3295, 0cc34542-3a00-466e-ae84-194b84d3af7b:c3291, d451d94d-57a0-4545-b387-d428f64e3f33:c3291]
 0.00% |█                                                                                                    |  0/1 Time: 0:00:172019-07-09 16:26:05,900 INFO  client.GrpcClientProtocolClient (GrpcClientProtocolClient.java:onNext(255)) - client-0F1B900A64BD->9bf35ae9-4da0-4371-87fa-54ea3ce1f280: receive RaftClientReply:client-0F1B900A64BD->9bf35ae9-4da0-4371-87fa-54ea3ce1f280@group-432E83AF5B55, cid=2245, SUCCESS, logIndex=0, commits[9bf35ae9-4da0-4371-87fa-54ea3ce1f280:c3296, 0cc34542-3a00-466e-ae84-194b84d3af7b:c3295, d451d94d-57a0-4545-b387-d428f64e3f33:c3295]
2019-07-09 16:26:05,938 INFO  client.GrpcClientProtocolClient (GrpcClientProtocolClient.java:onNext(255)) - client-0F1B900A64BD->9bf35ae9-4da0-4371-87fa-54ea3ce1f280: receive RaftClientReply:client-0F1B900A64BD->9bf35ae9-4da0-4371-87fa-54ea3ce1f280@group-432E83AF5B55, cid=2246, SUCCESS, logIndex=3298, commits[9bf35ae9-4da0-4371-87fa-54ea3ce1f280:c3300, 0cc34542-3a00-466e-ae84-194b84d3af7b:c3297, d451d94d-57a0-4545-b387-d428f64e3f33:c3297]
2019-07-09 16:26:05,940 INFO  client.GrpcClientProtocolClient (GrpcClientProtocolClient.java:onNext(255)) - client-0F1B900A64BD->9bf35ae9-4da0-4371-87fa-54ea3ce1f280: receive RaftClientReply:client-0F1B900A64BD->9bf35ae9-4da0-4371-87fa-54ea3ce1f280@group-432E83AF5B55, cid=2247, SUCCESS, logIndex=3299, commits[9bf35ae9-4da0-4371-87fa-54ea3ce1f280:c3301, 0cc34542-3a00-466e-ae84-194b84d3af7b:c3297, d451d94d-57a0-4545-b387-d428f64e3f33:c3297]
2019-07-09 16:26:05,940 INFO  client.GrpcClientProtocolClient (GrpcClientProtocolClient.java:onNext(255)) - client-0F1B900A64BD->9bf35ae9-4da0-4371-87fa-54ea3ce1f280: receive RaftClientReply:client-0F1B900A64BD->9bf35ae9-4da0-4371-87fa-54ea3ce1f280@group-432E83AF5B55, cid=2248, SUCCESS, logIndex=3300, commits[9bf35ae9-4da0-4371-87fa-54ea3ce1f280:c3301, 0cc34542-3a00-466e-ae84-194b84d3af7b:c3297, d451d94d-57a0-4545-b387-d428f64e3f33:c3297]
2019-07-09 16:26:05,940 INFO  client.GrpcClientProtocolClient (GrpcClientProtocolClient.java:onNext(255)) - client-0F1B900A64BD->9bf35ae9-4da0-4371-87fa-54ea3ce1f280: receive RaftClientReply:client-0F1B900A64BD->9bf35ae9-4da0-4371-87fa-54ea3ce1f280@group-432E83AF5B55, cid=2249, SUCCESS, logIndex=3301, commits[9bf35ae9-4da0-4371-87fa-54ea3ce1f280:c3301, 0cc34542-3a00-466e-ae84-194b84d3af7b:c3297, d451d94d-57a0-4545-b387-d428f64e3f33:c3297]
2019-07-09 16:26:05,950 INFO  client.GrpcClientProtocolClient (GrpcClientProtocolClient.java:onNext(255)) - client-0F1B900A64BD->9bf35ae9-4da0-4371-87fa-54ea3ce1f280: receive RaftClientReply:client-0F1B900A64BD->9bf35ae9-4da0-4371-87fa-54ea3ce1f280@group-432E83AF5B55, cid=2250, SUCCESS, logIndex=0, commits[9bf35ae9-4da0-4371-87fa-54ea3ce1f280:c3304, 0cc34542-3a00-466e-ae84-194b84d3af7b:c3299, d451d94d-57a0-4545-b387-d428f64e3f33:c3300]
2019-07-09 16:26:05,972 INFO  client.GrpcClientProtocolClient (GrpcClientProtocolClient.java:onNext(255)) - client-0F1B900A64BD->9bf35ae9-4da0-4371-87fa-54ea3ce1f280: receive RaftClientReply:client-0F1B900A64BD->9bf35ae9-4da0-4371-87fa-54ea3ce1f280@group-432E83AF5B55, cid=2251, SUCCESS, logIndex=3306, commits[9bf35ae9-4da0-4371-87fa-54ea3ce1f280:c3307, 0cc34542-3a00-466e-ae84-194b84d3af7b:c3305, d451d94d-57a0-4545-b387-d428f64e3f33:c3305]
2019-07-09 16:26:05,972 INFO  client.GrpcClientProtocolClient (GrpcClientProtocolClient.java:onNext(255)) - client-0F1B900A64BD->9bf35ae9-4da0-4371-87fa-54ea3ce1f280: receive RaftClientReply:client-0F1B900A64BD->9bf35ae9-4da0-4371-87fa-54ea3ce1f280@group-432E83AF5B55, cid=2252, SUCCESS, logIndex=3307, commits[9bf35ae9-4da0-4371-87fa-54ea3ce1f280:c3307, 0cc34542-3a00-466e-ae84-194b84d3af7b:c3305, d451d94d-57a0-4545-b387-d428f64e3f33:c3305]
2019-07-09 16:26:05,987 INFO  client.GrpcClientProtocolClient (GrpcClientProtocolClient.java:onNext(255)) - client-0F1B900A64BD->9bf35ae9-4da0-4371-87fa-54ea3ce1f280: receive RaftClientReply:client-0F1B900A64BD->9bf35ae9-4da0-4371-87fa-54ea3ce1f280@group-432E83AF5B55, cid=2253, SUCCESS, logIndex=3310, commits[9bf35ae9-4da0-4371-87fa-54ea3ce1f280:c3310, 0cc34542-3a00-466e-ae84-194b84d3af7b:c3307, d451d94d-57a0-4545-b387-d428f64e3f33:c3307]
2019-07-09 16:26:05,988 INFO  client.GrpcClientProtocolClient (GrpcClientProtocolClient.java:onNext(255)) - client-0F1B900A64BD->9bf35ae9-4da0-4371-87fa-54ea3ce1f280: receive RaftClientReply:client-0F1B900A64BD->9bf35ae9-4da0-4371-87fa-54ea3ce1f280@group-432E83AF5B55, cid=2254, SUCCESS, logIndex=3311, commits[9bf35ae9-4da0-4371-87fa-54ea3ce1f280:c3311, 0cc34542-3a00-466e-ae84-194b84d3af7b:c3307, d451d94d-57a0-4545-b387-d428f64e3f33:c3307]
2019-07-09 16:26:06,014 INFO  client.GrpcClientProtocolClient (GrpcClientProtocolClient.java:onNext(255)) - client-0F1B900A64BD->9bf35ae9-4da0-4371-87fa-54ea3ce1f280: receive RaftClientReply:client-0F1B900A64BD->9bf35ae9-4da0-4371-87fa-54ea3ce1f280@group-432E83AF5B55, cid=2255, SUCCESS, logIndex=0, commits[9bf35ae9-4da0-4371-87fa-54ea3ce1f280:c3312, 0cc34542-3a00-466e-ae84-194b84d3af7b:c3311, d451d94d-57a0-4545-b387-d428f64e3f33:c3311]
2019-07-09 16:26:06,049 INFO  client.GrpcClientProtocolClient (GrpcClientProtocolClient.java:onNext(255)) - client-0F1B900A64BD->9bf35ae9-4da0-4371-87fa-54ea3ce1f280: receive RaftClientReply:client-0F1B900A64BD->9bf35ae9-4da0-4371-87fa-54ea3ce1f280@group-432E83AF5B55, cid=2256, SUCCESS, logIndex=3314, commits[9bf35ae9-4da0-4371-87fa-54ea3ce1f280:c3317, 0cc34542-3a00-466e-ae84-194b84d3af7b:c3313, d451d94d-57a0-4545-b387-d428f64e3f33:c3313]
2019-07-09 16:26:06,050 INFO  client.GrpcClientProtocolClient (GrpcClientProtocolClient.java:onNext(255)) - client-0F1B900A64BD->9bf35ae9-4da0-4371-87fa-54ea3ce1f280: receive RaftClientReply:client-0F1B900A64BD->9bf35ae9-4da0-4371-87fa-54ea3ce1f280@group-432E83AF5B55, cid=2257, SUCCESS, logIndex=3315, commits[9bf35ae9-4da0-4371-87fa-54ea3ce1f280:c3317, 0cc34542-3a00-466e-ae84-194b84d3af7b:c3313, d451d94d-57a0-4545-b387-d428f64e3f33:c3313]
2019-07-09 16:26:06,050 INFO  client.GrpcClientProtocolClient (GrpcClientProtocolClient.java:onNext(255)) - client-0F1B900A64BD->9bf35ae9-4da0-4371-87fa-54ea3ce1f280: receive RaftClientReply:client-0F1B900A64BD->9bf35ae9-4da0-4371-87fa-54ea3ce1f280@group-432E83AF5B55, cid=2258, SUCCESS, logIndex=3316, commits[9bf35ae9-4da0-4371-87fa-54ea3ce1f280:c3317, 0cc34542-3a00-466e-ae84-194b84d3af7b:c3313, d451d94d-57a0-4545-b387-d428f64e3f33:c3313]
2019-07-09 16:26:06,051 INFO  client.GrpcClientProtocolClient (GrpcClientProtocolClient.java:onNext(255)) - client-0F1B900A64BD->9bf35ae9-4da0-4371-87fa-54ea3ce1f280: receive RaftClientReply:client-0F1B900A64BD->9bf35ae9-4da0-4371-87fa-54ea3ce1f280@group-432E83AF5B55, cid=2259, SUCCESS, logIndex=3317, commits[9bf35ae9-4da0-4371-87fa-54ea3ce1f280:c3317, 0cc34542-3a00-466e-ae84-194b84d3af7b:c3313, d451d94d-57a0-4545-b387-d428f64e3f33:c3313]
2019-07-09 16:26:06,077 INFO  client.GrpcClientProtocolClient (GrpcClientProtocolClient.java:onNext(255)) - client-0F1B900A64BD->9bf35ae9-4da0-4371-87fa-54ea3ce1f280: receive RaftClientReply:client-0F1B900A64BD->9bf35ae9-4da0-4371-87fa-54ea3ce1f280@group-432E83AF5B55, cid=2260, SUCCESS, logIndex=0, commits[9bf35ae9-4da0-4371-87fa-54ea3ce1f280:c3319, 0cc34542-3a00-466e-ae84-194b84d3af7b:c3316, d451d94d-57a0-4545-b387-d428f64e3f33:c3316]
2019-07-09 16:26:06,100 INFO  client.GrpcClientProtocolClient (GrpcClientProtocolClient.java:onNext(255)) - client-0F1B900A64BD->9bf35ae9-4da0-4371-87fa-54ea3ce1f280: receive RaftClientReply:client-0F1B900A64BD->9bf35ae9-4da0-4371-87fa-54ea3ce1f280@group-432E83AF5B55, cid=2261, SUCCESS, logIndex=3322, commits[9bf35ae9-4da0-4371-87fa-54ea3ce1f280:c3323, 0cc34542-3a00-466e-ae84-194b84d3af7b:c3321, d451d94d-57a0-4545-b387-d428f64e3f33:c3321]
2019-07-09 16:26:06,100 INFO  client.GrpcClientProtocolClient (GrpcClientProtocolClient.java:onNext(255)) - client-0F1B900A64BD->9bf35ae9-4da0-4371-87fa-54ea3ce1f280: receive RaftClientReply:client-0F1B900A64BD->9bf35ae9-4da0-4371-87fa-54ea3ce1f280@group-432E83AF5B55, cid=2262, SUCCESS, logIndex=3323, commits[9bf35ae9-4da0-4371-87fa-54ea3ce1f280:c3323, 0cc34542-3a00-466e-ae84-194b84d3af7b:c3321, d451d94d-57a0-4545-b387-d428f64e3f33:c3321]
2019-07-09 16:26:06,113 INFO  client.GrpcClientProtocolClient (GrpcClientProtocolClient.java:onNext(255)) - client-0F1B900A64BD->9bf35ae9-4da0-4371-87fa-54ea3ce1f280: receive RaftClientReply:client-0F1B900A64BD->9bf35ae9-4da0-4371-87fa-54ea3ce1f280@group-432E83AF5B55, cid=2263, SUCCESS, logIndex=3326, commits[9bf35ae9-4da0-4371-87fa-54ea3ce1f280:c3327, 0cc34542-3a00-466e-ae84-194b84d3af7b:c3322, d451d94d-57a0-4545-b387-d428f64e3f33:c3323]
2019-07-09 16:26:06,113 INFO  client.GrpcClientProtocolClient (GrpcClientProtocolClient.java:onNext(255)) - client-0F1B900A64BD->9bf35ae9-4da0-4371-87fa-54ea3ce1f280: receive RaftClientReply:client-0F1B900A64BD->9bf35ae9-4da0-4371-87fa-54ea3ce1f280@group-432E83AF5B55, cid=2264, SUCCESS, logIndex=3327, commits[9bf35ae9-4da0-4371-87fa-54ea3ce1f280:c3327, 0cc34542-3a00-466e-ae84-194b84d3af7b:c3323, d451d94d-57a0-4545-b387-d428f64e3f33:c3323]
2019-07-09 16:26:06,127 INFO  client.GrpcClientProtocolClient (GrpcClientProtocolClient.java:onNext(255)) - client-0F1B900A64BD->9bf35ae9-4da0-4371-87fa-54ea3ce1f280: receive RaftClientReply:client-0F1B900A64BD->9bf35ae9-4da0-4371-87fa-54ea3ce1f280@group-432E83AF5B55, cid=2265, SUCCESS, logIndex=0, commits[9bf35ae9-4da0-4371-87fa-54ea3ce1f280:c3329, 0cc34542-3a00-466e-ae84-194b84d3af7b:c3327, d451d94d-57a0-4545-b387-d428f64e3f33:c3327]
2019-07-09 16:26:06,159 INFO  client.GrpcClientProtocolClient (GrpcClientProtocolClient.java:onNext(255)) - client-0F1B900A64BD->9bf35ae9-4da0-4371-87fa-54ea3ce1f280: receive RaftClientReply:client-0F1B900A64BD->9bf35ae9-4da0-4371-87fa-54ea3ce1f280@group-432E83AF5B55, cid=2266, SUCCESS, logIndex=3330, commits[9bf35ae9-4da0-4371-87fa-54ea3ce1f280:c3331, 0cc34542-3a00-466e-ae84-194b84d3af7b:c3329, d451d94d-57a0-4545-b387-d428f64e3f33:c3329]
2019-07-09 16:26:06,159 INFO  client.GrpcClientProtocolClient (GrpcClientProtocolClient.java:onNext(255)) - client-0F1B900A64BD->9bf35ae9-4da0-4371-87fa-54ea3ce1f280: receive RaftClientReply:client-0F1B900A64BD->9bf35ae9-4da0-4371-87fa-54ea3ce1f280@group-432E83AF5B55, cid=2267, SUCCESS, logIndex=3331, commits[9bf35ae9-4da0-4371-87fa-54ea3ce1f280:c3333, 0cc34542-3a00-466e-ae84-194b84d3af7b:c3329, d451d94d-57a0-4545-b387-d428f64e3f33:c3329]
2019-07-09 16:26:06,160 INFO  client.GrpcClientProtocolClient (GrpcClientProtocolClient.java:onNext(255)) - client-0F1B900A64BD->9bf35ae9-4da0-4371-87fa-54ea3ce1f280: receive RaftClientReply:client-0F1B900A64BD->9bf35ae9-4da0-4371-87fa-54ea3ce1f280@group-432E83AF5B55, cid=2268, SUCCESS, logIndex=3332, commits[9bf35ae9-4da0-4371-87fa-54ea3ce1f280:c3333, 0cc34542-3a00-466e-ae84-194b84d3af7b:c3329, d451d94d-57a0-4545-b387-d428f64e3f33:c3329]
2019-07-09 16:26:06,160 INFO  client.GrpcClientProtocolClient (GrpcClientProtocolClient.java:onNext(255)) - client-0F1B900A64BD->9bf35ae9-4da0-4371-87fa-54ea3ce1f280: receive RaftClientReply:client-0F1B900A64BD->9bf35ae9-4da0-4371-87fa-54ea3ce1f280@group-432E83AF5B55, cid=2269, SUCCESS, logIndex=3333, commits[9bf35ae9-4da0-4371-87fa-54ea3ce1f280:c3333, 0cc34542-3a00-466e-ae84-194b84d3af7b:c3329, d451d94d-57a0-4545-b387-d428f64e3f33:c3329]
2019-07-09 16:26:06,172 INFO  client.GrpcClientProtocolClient (GrpcClientProtocolClient.java:onNext(255)) - client-0F1B900A64BD->9bf35ae9-4da0-4371-87fa-54ea3ce1f280: receive RaftClientReply:client-0F1B900A64BD->9bf35ae9-4da0-4371-87fa-54ea3ce1f280@group-432E83AF5B55, cid=2270, SUCCESS, logIndex=0, commits[9bf35ae9-4da0-4371-87fa-54ea3ce1f280:c3335, 0cc34542-3a00-466e-ae84-194b84d3af7b:c3331, d451d94d-57a0-4545-b387-d428f64e3f33:c3331]
2019-07-09 16:26:06,192 INFO  client.GrpcClientProtocolClient (GrpcClientProtocolClient.java:onNext(255)) - client-0F1B900A64BD->9bf35ae9-4da0-4371-87fa-54ea3ce1f280: receive RaftClientReply:client-0F1B900A64BD->9bf35ae9-4da0-4371-87fa-54ea3ce1f280@group-432E83AF5B55, cid=2271, SUCCESS, logIndex=3337, commits[9bf35ae9-4da0-4371-87fa-54ea3ce1f280:c3338, 0cc34542-3a00-466e-ae84-194b84d3af7b:c3336, d451d94d-57a0-4545-b387-d428f64e3f33:c3336]
2019-07-09 16:26:06,192 INFO  client.GrpcClientProtocolClient (GrpcClientProtocolClient.java:onNext(255)) - client-0F1B900A64BD->9bf35ae9-4da0-4371-87fa-54ea3ce1f280: receive RaftClientReply:client-0F1B900A64BD->9bf35ae9-4da0-4371-87fa-54ea3ce1f280@group-432E83AF5B55, cid=2272, SUCCESS, logIndex=3338, commits[9bf35ae9-4da0-4371-87fa-54ea3ce1f280:c3338, 0cc34542-3a00-466e-ae84-194b84d3af7b:c3336, d451d94d-57a0-4545-b387-d428f64e3f33:c3336]
2019-07-09 16:26:06,206 INFO  client.GrpcClientProtocolClient (GrpcClientProtocolClient.java:onNext(255)) - client-0F1B900A64BD->9bf35ae9-4da0-4371-87fa-54ea3ce1f280: receive RaftClientReply:client-0F1B900A64BD->9bf35ae9-4da0-4371-87fa-54ea3ce1f280@group-432E83AF5B55, cid=2273, SUCCESS, logIndex=3341, commits[9bf35ae9-4da0-4371-87fa-54ea3ce1f280:c3342, 0cc34542-3a00-466e-ae84-194b84d3af7b:c3338, d451d94d-57a0-4545-b387-d428f64e3f33:c3338]
2019-07-09 16:26:06,207 INFO  client.GrpcClientProtocolClient (GrpcClientProtocolClient.java:onNext(255)) - client-0F1B900A64BD->9bf35ae9-4da0-4371-87fa-54ea3ce1f280: receive RaftClientReply:client-0F1B900A64BD->9bf35ae9-4da0-4371-87fa-54ea3ce1f280@group-432E83AF5B55, cid=2274, SUCCESS, logIndex=3342, commits[9bf35ae9-4da0-4371-87fa-54ea3ce1f280:c3342, 0cc34542-3a00-466e-ae84-194b84d3af7b:c3338, d451d94d-57a0-4545-b387-d428f64e3f33:c3338]
2019-07-09 16:26:06,220 INFO  client.GrpcClientProtocolClient (GrpcClientProtocolClient.java:onNext(255)) - client-0F1B900A64BD->9bf35ae9-4da0-4371-87fa-54ea3ce1f280: receive RaftClientReply:client-0F1B900A64BD->9bf35ae9-4da0-4371-87fa-54ea3ce1f280@group-432E83AF5B55, cid=2275, SUCCESS, logIndex=0, commits[9bf35ae9-4da0-4371-87fa-54ea3ce1f280:c3343, 0cc34542-3a00-466e-ae84-194b84d3af7b:c3342, d451d94d-57a0-4545-b387-d428f64e3f33:c3342]
2019-07-09 16:26:06,248 INFO  client.GrpcClientProtocolClient (GrpcClientProtocolClient.java:onNext(255)) - client-0F1B900A64BD->9bf35ae9-4da0-4371-87fa-54ea3ce1f280: receive RaftClientReply:client-0F1B900A64BD->9bf35ae9-4da0-4371-87fa-54ea3ce1f280@group-432E83AF5B55, cid=2276, SUCCESS, logIndex=3345, commits[9bf35ae9-4da0-4371-87fa-54ea3ce1f280:c3347, 0cc34542-3a00-466e-ae84-194b84d3af7b:c3344, d451d94d-57a0-4545-b387-d428f64e3f33:c3344]
2019-07-09 16:26:06,249 INFO  client.GrpcClientProtocolClient (GrpcClientProtocolClient.java:onNext(255)) - client-0F1B900A64BD->9bf35ae9-4da0-4371-87fa-54ea3ce1f280: receive RaftClientReply:client-0F1B900A64BD->9bf35ae9-4da0-4371-87fa-54ea3ce1f280@group-432E83AF5B55, cid=2277, SUCCESS, logIndex=3346, commits[9bf35ae9-4da0-4371-87fa-54ea3ce1f280:c3348, 0cc34542-3a00-466e-ae84-194b84d3af7b:c3344, d451d94d-57a0-4545-b387-d428f64e3f33:c3344]
2019-07-09 16:26:06,249 INFO  client.GrpcClientProtocolClient (GrpcClientProtocolClient.java:onNext(255)) - client-0F1B900A64BD->9bf35ae9-4da0-4371-87fa-54ea3ce1f280: receive RaftClientReply:client-0F1B900A64BD->9bf35ae9-4da0-4371-87fa-54ea3ce1f280@group-432E83AF5B55, cid=2278, SUCCESS, logIndex=3347, commits[9bf35ae9-4da0-4371-87fa-54ea3ce1f280:c3348, 0cc34542-3a00-466e-ae84-194b84d3af7b:c3344, d451d94d-57a0-4545-b387-d428f64e3f33:c3344]
2019-07-09 16:26:06,250 INFO  client.GrpcClientProtocolClient (GrpcClientProtocolClient.java:onNext(255)) - client-0F1B900A64BD->9bf35ae9-4da0-4371-87fa-54ea3ce1f280: receive RaftClientReply:client-0F1B900A64BD->9bf35ae9-4da0-4371-87fa-54ea3ce1f280@group-432E83AF5B55, cid=2279, SUCCESS, logIndex=3348, commits[9bf35ae9-4da0-4371-87fa-54ea3ce1f280:c3348, 0cc34542-3a00-466e-ae84-194b84d3af7b:c3344, d451d94d-57a0-4545-b387-d428f64e3f33:c3344]
2019-07-09 16:26:06,251 INFO  client.GrpcClientProtocolClient (GrpcClientProtocolClient.java:onNext(255)) - client-0F1B900A64BD->9bf35ae9-4da0-4371-87fa-54ea3ce1f280: receive RaftClientReply:client-0F1B900A64BD->9bf35ae9-4da0-4371-87fa-54ea3ce1f280@group-432E83AF5B55, cid=2280, SUCCESS, logIndex=0, commits[9bf35ae9-4da0-4371-87fa-54ea3ce1f280:c3352, 0cc34542-3a00-466e-ae84-194b84d3af7b:c3346, d451d94d-57a0-4545-b387-d428f64e3f33:c3348]
2019-07-09 16:26:06,273 INFO  client.GrpcClientProtocolClient (GrpcClientProtocolClient.java:onNext(255)) - client-0F1B900A64BD->9bf35ae9-4da0-4371-87fa-54ea3ce1f280: receive RaftClientReply:client-0F1B900A64BD->9bf35ae9-4da0-4371-87fa-54ea3ce1f280@group-432E83AF5B55, cid=2281, SUCCESS, logIndex=3353, commits[9bf35ae9-4da0-4371-87fa-54ea3ce1f280:c3354, 0cc34542-3a00-466e-ae84-194b84d3af7b:c3352, d451d94d-57a0-4545-b387-d428f64e3f33:c3352]
2019-07-09 16:26:06,273 INFO  client.GrpcClientProtocolClient (GrpcClientProtocolClient.java:onNext(255)) - client-0F1B900A64BD->9bf35ae9-4da0-4371-87fa-54ea3ce1f280: receive RaftClientReply:client-0F1B900A64BD->9bf35ae9-4da0-4371-87fa-54ea3ce1f280@group-432E83AF5B55, cid=2282, SUCCESS, logIndex=3354, commits[9bf35ae9-4da0-4371-87fa-54ea3ce1f280:c3354, 0cc34542-3a00-466e-ae84-194b84d3af7b:c3352, d451d94d-57a0-4545-b387-d428f64e3f33:c3352]
2019-07-09 16:26:06,286 INFO  client.GrpcClientProtocolClient (GrpcClientProtocolClient.java:onNext(255)) - client-0F1B900A64BD->9bf35ae9-4da0-4371-87fa-54ea3ce1f280: receive RaftClientReply:client-0F1B900A64BD->9bf35ae9-4da0-4371-87fa-54ea3ce1f280@group-432E83AF5B55, cid=2283, SUCCESS, logIndex=3357, commits[9bf35ae9-4da0-4371-87fa-54ea3ce1f280:c3358, 0cc34542-3a00-466e-ae84-194b84d3af7b:c3356, d451d94d-57a0-4545-b387-d428f64e3f33:c3354]
2019-07-09 16:26:06,286 INFO  client.GrpcClientProtocolClient (GrpcClientProtocolClient.java:onNext(255)) - client-0F1B900A64BD->9bf35ae9-4da0-4371-87fa-54ea3ce1f280: receive RaftClientReply:client-0F1B900A64BD->9bf35ae9-4da0-4371-87fa-54ea3ce1f280@group-432E83AF5B55, cid=2284, SUCCESS, logIndex=3358, commits[9bf35ae9-4da0-4371-87fa-54ea3ce1f280:c3358, 0cc34542-3a00-466e-ae84-194b84d3af7b:c3356, d451d94d-57a0-4545-b387-d428f64e3f33:c3356]
2019-07-09 16:26:06,296 INFO  client.GrpcClientProtocolClient (GrpcClientProtocolClient.java:onNext(255)) - client-0F1B900A64BD->9bf35ae9-4da0-4371-87fa-54ea3ce1f280: receive RaftClientReply:client-0F1B900A64BD->9bf35ae9-4da0-4371-87fa-54ea3ce1f280@group-432E83AF5B55, cid=2285, SUCCESS, logIndex=0, commits[9bf35ae9-4da0-4371-87fa-54ea3ce1f280:c3359, 0cc34542-3a00-466e-ae84-194b84d3af7b:c3358, d451d94d-57a0-4545-b387-d428f64e3f33:c3358]
2019-07-09 16:26:06,359 INFO  client.GrpcClientProtocolClient (GrpcClientProtocolClient.java:onNext(255)) - client-0F1B900A64BD->9bf35ae9-4da0-4371-87fa-54ea3ce1f280: receive RaftClientReply:client-0F1B900A64BD->9bf35ae9-4da0-4371-87fa-54ea3ce1f280@group-432E83AF5B55, cid=2286, SUCCESS, logIndex=3361, commits[9bf35ae9-4da0-4371-87fa-54ea3ce1f280:c3363, 0cc34542-3a00-466e-ae84-194b84d3af7b:c3360, d451d94d-57a0-4545-b387-d428f64e3f33:c3360]
2019-07-09 16:26:06,360 INFO  client.GrpcClientProtocolClient (GrpcClientProtocolClient.java:onNext(255)) - client-0F1B900A64BD->9bf35ae9-4da0-4371-87fa-54ea3ce1f280: receive RaftClientReply:client-0F1B900A64BD->9bf35ae9-4da0-4371-87fa-54ea3ce1f280@group-432E83AF5B55, cid=2287, SUCCESS, logIndex=3362, commits[9bf35ae9-4da0-4371-87fa-54ea3ce1f280:c3364, 0cc34542-3a00-466e-ae84-194b84d3af7b:c3360, d451d94d-57a0-4545-b387-d428f64e3f33:c3360]
2019-07-09 16:26:06,360 INFO  client.GrpcClientProtocolClient (GrpcClientProtocolClient.java:onNext(255)) - client-0F1B900A64BD->9bf35ae9-4da0-4371-87fa-54ea3ce1f280: receive RaftClientReply:client-0F1B900A64BD->9bf35ae9-4da0-4371-87fa-54ea3ce1f280@group-432E83AF5B55, cid=2288, SUCCESS, logIndex=3363, commits[9bf35ae9-4da0-4371-87fa-54ea3ce1f280:c3364, 0cc34542-3a00-466e-ae84-194b84d3af7b:c3360, d451d94d-57a0-4545-b387-d428f64e3f33:c3360]
2019-07-09 16:26:06,360 INFO  client.GrpcClientProtocolClient (GrpcClientProtocolClient.java:onNext(255)) - client-0F1B900A64BD->9bf35ae9-4da0-4371-87fa-54ea3ce1f280: receive RaftClientReply:client-0F1B900A64BD->9bf35ae9-4da0-4371-87fa-54ea3ce1f280@group-432E83AF5B55, cid=2289, SUCCESS, logIndex=3364, commits[9bf35ae9-4da0-4371-87fa-54ea3ce1f280:c3364, 0cc34542-3a00-466e-ae84-194b84d3af7b:c3360, d451d94d-57a0-4545-b387-d428f64e3f33:c3360]
2019-07-09 16:26:06,432 INFO  client.GrpcClientProtocolClient (GrpcClientProtocolClient.java:onNext(255)) - client-0F1B900A64BD->9bf35ae9-4da0-4371-87fa-54ea3ce1f280: receive RaftClientReply:client-0F1B900A64BD->9bf35ae9-4da0-4371-87fa-54ea3ce1f280@group-432E83AF5B55, cid=2290, SUCCESS, logIndex=0, commits[9bf35ae9-4da0-4371-87fa-54ea3ce1f280:c3367, 0cc34542-3a00-466e-ae84-194b84d3af7b:c3363, d451d94d-57a0-4545-b387-d428f64e3f33:c3362]
2019-07-09 16:26:06,450 INFO  client.GrpcClientProtocolClient (GrpcClientProtocolClient.java:onNext(255)) - client-0F1B900A64BD->9bf35ae9-4da0-4371-87fa-54ea3ce1f280: receive RaftClientReply:client-0F1B900A64BD->9bf35ae9-4da0-4371-87fa-54ea3ce1f280@group-432E83AF5B55, cid=2291, SUCCESS, logIndex=3369, commits[9bf35ae9-4da0-4371-87fa-54ea3ce1f280:c3370, 0cc34542-3a00-466e-ae84-194b84d3af7b:c3368, d451d94d-57a0-4545-b387-d428f64e3f33:c3368]
2019-07-09 16:26:06,451 INFO  client.GrpcClientProtocolClient (GrpcClientProtocolClient.java:onNext(255)) - client-0F1B900A64BD->9bf35ae9-4da0-4371-87fa-54ea3ce1f280: receive RaftClientReply:client-0F1B900A64BD->9bf35ae9-4da0-4371-87fa-54ea3ce1f280@group-432E83AF5B55, cid=2292, SUCCESS, logIndex=3370, commits[9bf35ae9-4da0-4371-87fa-54ea3ce1f280:c3370, 0cc34542-3a00-466e-ae84-194b84d3af7b:c3368, d451d94d-57a0-4545-b387-d428f64e3f33:c3368]
2019-07-09 16:26:06,475 INFO  client.GrpcClientProtocolClient (GrpcClientProtocolClient.java:onNext(255)) - client-0F1B900A64BD->9bf35ae9-4da0-4371-87fa-54ea3ce1f280: receive RaftClientReply:client-0F1B900A64BD->9bf35ae9-4da0-4371-87fa-54ea3ce1f280@group-432E83AF5B55, cid=2293, SUCCESS, logIndex=3373, commits[9bf35ae9-4da0-4371-87fa-54ea3ce1f280:c3374, 0cc34542-3a00-466e-ae84-194b84d3af7b:c3369, d451d94d-57a0-4545-b387-d428f64e3f33:c3370]
2019-07-09 16:26:06,475 INFO  client.GrpcClientProtocolClient (GrpcClientProtocolClient.java:onNext(255)) - client-0F1B900A64BD->9bf35ae9-4da0-4371-87fa-54ea3ce1f280: receive RaftClientReply:client-0F1B900A64BD->9bf35ae9-4da0-4371-87fa-54ea3ce1f280@group-432E83AF5B55, cid=2294, SUCCESS, logIndex=3374, commits[9bf35ae9-4da0-4371-87fa-54ea3ce1f280:c3374, 0cc34542-3a00-466e-ae84-194b84d3af7b:c3370, d451d94d-57a0-4545-b387-d428f64e3f33:c3370]
2019-07-09 16:26:06,477 INFO  client.GrpcClientProtocolClient (GrpcClientProtocolClient.java:onNext(255)) - client-0F1B900A64BD->9bf35ae9-4da0-4371-87fa-54ea3ce1f280: receive RaftClientReply:client-0F1B900A64BD->9bf35ae9-4da0-4371-87fa-54ea3ce1f280@group-432E83AF5B55, cid=2295, SUCCESS, logIndex=0, commits[9bf35ae9-4da0-4371-87fa-54ea3ce1f280:c3375, 0cc34542-3a00-466e-ae84-194b84d3af7b:c3374, d451d94d-57a0-4545-b387-d428f64e3f33:c3374]
2019-07-09 16:26:06,513 INFO  client.GrpcClientProtocolClient (GrpcClientProtocolClient.java:onNext(255)) - client-0F1B900A64BD->9bf35ae9-4da0-4371-87fa-54ea3ce1f280: receive RaftClientReply:client-0F1B900A64BD->9bf35ae9-4da0-4371-87fa-54ea3ce1f280@group-432E83AF5B55, cid=2296, SUCCESS, logIndex=3377, commits[9bf35ae9-4da0-4371-87fa-54ea3ce1f280:c3380, 0cc34542-3a00-466e-ae84-194b84d3af7b:c3376, d451d94d-57a0-4545-b387-d428f64e3f33:c3376]
2019-07-09 16:26:06,514 INFO  client.GrpcClientProtocolClient (GrpcClientProtocolClient.java:onNext(255)) - client-0F1B900A64BD->9bf35ae9-4da0-4371-87fa-54ea3ce1f280: receive RaftClientReply:client-0F1B900A64BD->9bf35ae9-4da0-4371-87fa-54ea3ce1f280@group-432E83AF5B55, cid=2297, SUCCESS, logIndex=3378, commits[9bf35ae9-4da0-4371-87fa-54ea3ce1f280:c3380, 0cc34542-3a00-466e-ae84-194b84d3af7b:c3376, d451d94d-57a0-4545-b387-d428f64e3f33:c3376]
2019-07-09 16:26:06,514 INFO  client.GrpcClientProtocolClient (GrpcClientProtocolClient.java:onNext(255)) - client-0F1B900A64BD->9bf35ae9-4da0-4371-87fa-54ea3ce1f280: receive RaftClientReply:client-0F1B900A64BD->9bf35ae9-4da0-4371-87fa-54ea3ce1f280@group-432E83AF5B55, cid=2298, SUCCESS, logIndex=3379, commits[9bf35ae9-4da0-4371-87fa-54ea3ce1f280:c3380, 0cc34542-3a00-466e-ae84-194b84d3af7b:c3376, d451d94d-57a0-4545-b387-d428f64e3f33:c3376]
2019-07-09 16:26:06,514 INFO  client.GrpcClientProtocolClient (GrpcClientProtocolClient.java:onNext(255)) - client-0F1B900A64BD->9bf35ae9-4da0-4371-87fa-54ea3ce1f280: receive RaftClientReply:client-0F1B900A64BD->9bf35ae9-4da0-4371-87fa-54ea3ce1f280@group-432E83AF5B55, cid=2299, SUCCESS, logIndex=3380, commits[9bf35ae9-4da0-4371-87fa-54ea3ce1f280:c3380, 0cc34542-3a00-466e-ae84-194b84d3af7b:c3376, d451d94d-57a0-4545-b387-d428f64e3f33:c3376]
2019-07-09 16:26:06,582 INFO  client.GrpcClientProtocolClient (GrpcClientProtocolClient.java:onNext(255)) - client-0F1B900A64BD->9bf35ae9-4da0-4371-87fa-54ea3ce1f280: receive RaftClientReply:client-0F1B900A64BD->9bf35ae9-4da0-4371-87fa-54ea3ce1f280@group-432E83AF5B55, cid=2300, SUCCESS, logIndex=0, commits[9bf35ae9-4da0-4371-87fa-54ea3ce1f280:c3381, 0cc34542-3a00-466e-ae84-194b84d3af7b:c3378, d451d94d-57a0-4545-b387-d428f64e3f33:c3378]
2019-07-09 16:26:06,601 INFO  client.GrpcClientProtocolClient (GrpcClientProtocolClient.java:onNext(255)) - client-0F1B900A64BD->9bf35ae9-4da0-4371-87fa-54ea3ce1f280: receive RaftClientReply:client-0F1B900A64BD->9bf35ae9-4da0-4371-87fa-54ea3ce1f280@group-432E83AF5B55, cid=2301, SUCCESS, logIndex=3385, commits[9bf35ae9-4da0-4371-87fa-54ea3ce1f280:c3386, 0cc34542-3a00-466e-ae84-194b84d3af7b:c3384, d451d94d-57a0-4545-b387-d428f64e3f33:c3384]
2019-07-09 16:26:06,601 INFO  client.GrpcClientProtocolClient (GrpcClientProtocolClient.java:onNext(255)) - client-0F1B900A64BD->9bf35ae9-4da0-4371-87fa-54ea3ce1f280: receive RaftClientReply:client-0F1B900A64BD->9bf35ae9-4da0-4371-87fa-54ea3ce1f280@group-432E83AF5B55, cid=2302, SUCCESS, logIndex=3386, commits[9bf35ae9-4da0-4371-87fa-54ea3ce1f280:c3386, 0cc34542-3a00-466e-ae84-194b84d3af7b:c3384, d451d94d-57a0-4545-b387-d428f64e3f33:c3384]
2019-07-09 16:26:06,616 INFO  client.GrpcClientProtocolClient (GrpcClientProtocolClient.java:onNext(255)) - client-0F1B900A64BD->9bf35ae9-4da0-4371-87fa-54ea3ce1f280: receive RaftClientReply:client-0F1B900A64BD->9bf35ae9-4da0-4371-87fa-54ea3ce1f280@group-432E83AF5B55, cid=2303, SUCCESS, logIndex=3389, commits[9bf35ae9-4da0-4371-87fa-54ea3ce1f280:c3389, 0cc34542-3a00-466e-ae84-194b84d3af7b:c3386, d451d94d-57a0-4545-b387-d428f64e3f33:c3386]
2019-07-09 16:26:06,616 INFO  client.GrpcClientProtocolClient (GrpcClientProtocolClient.java:onNext(255)) - client-0F1B900A64BD->9bf35ae9-4da0-4371-87fa-54ea3ce1f280: receive RaftClientReply:client-0F1B900A64BD->9bf35ae9-4da0-4371-87fa-54ea3ce1f280@group-432E83AF5B55, cid=2304, SUCCESS, logIndex=3390, commits[9bf35ae9-4da0-4371-87fa-54ea3ce1f280:c3390, 0cc34542-3a00-466e-ae84-194b84d3af7b:c3386, d451d94d-57a0-4545-b387-d428f64e3f33:c3386]
2019-07-09 16:26:06,640 INFO  client.GrpcClientProtocolClient (GrpcClientProtocolClient.java:onNext(255)) - client-0F1B900A64BD->9bf35ae9-4da0-4371-87fa-54ea3ce1f280: receive RaftClientReply:client-0F1B900A64BD->9bf35ae9-4da0-4371-87fa-54ea3ce1f280@group-432E83AF5B55, cid=2305, SUCCESS, logIndex=0, commits[9bf35ae9-4da0-4371-87fa-54ea3ce1f280:c3392, 0cc34542-3a00-466e-ae84-194b84d3af7b:c3390, d451d94d-57a0-4545-b387-d428f64e3f33:c3390]
2019-07-09 16:26:06,675 INFO  client.GrpcClientProtocolClient (GrpcClientProtocolClient.java:onNext(255)) - client-0F1B900A64BD->9bf35ae9-4da0-4371-87fa-54ea3ce1f280: receive RaftClientReply:client-0F1B900A64BD->9bf35ae9-4da0-4371-87fa-54ea3ce1f280@group-432E83AF5B55, cid=2306, SUCCESS, logIndex=3393, commits[9bf35ae9-4da0-4371-87fa-54ea3ce1f280:c3396, 0cc34542-3a00-466e-ae84-194b84d3af7b:c3392, d451d94d-57a0-4545-b387-d428f64e3f33:c3392]
2019-07-09 16:26:06,676 INFO  client.GrpcClientProtocolClient (GrpcClientProtocolClient.java:onNext(255)) - client-0F1B900A64BD->9bf35ae9-4da0-4371-87fa-54ea3ce1f280: receive RaftClientReply:client-0F1B900A64BD->9bf35ae9-4da0-4371-87fa-54ea3ce1f280@group-432E83AF5B55, cid=2307, SUCCESS, logIndex=3394, commits[9bf35ae9-4da0-4371-87fa-54ea3ce1f280:c3396, 0cc34542-3a00-466e-ae84-194b84d3af7b:c3392, d451d94d-57a0-4545-b387-d428f64e3f33:c3392]
2019-07-09 16:26:06,676 INFO  client.GrpcClientProtocolClient (GrpcClientProtocolClient.java:onNext(255)) - client-0F1B900A64BD->9bf35ae9-4da0-4371-87fa-54ea3ce1f280: receive RaftClientReply:client-0F1B900A64BD->9bf35ae9-4da0-4371-87fa-54ea3ce1f280@group-432E83AF5B55, cid=2308, SUCCESS, logIndex=3395, commits[9bf35ae9-4da0-4371-87fa-54ea3ce1f280:c3396, 0cc34542-3a00-466e-ae84-194b84d3af7b:c3392, d451d94d-57a0-4545-b387-d428f64e3f33:c3392]
2019-07-09 16:26:06,677 INFO  client.GrpcClientProtocolClient (GrpcClientProtocolClient.java:onNext(255)) - client-0F1B900A64BD->9bf35ae9-4da0-4371-87fa-54ea3ce1f280: receive RaftClientReply:client-0F1B900A64BD->9bf35ae9-4da0-4371-87fa-54ea3ce1f280@group-432E83AF5B55, cid=2309, SUCCESS, logIndex=3396, commits[9bf35ae9-4da0-4371-87fa-54ea3ce1f280:c3396, 0cc34542-3a00-466e-ae84-194b84d3af7b:c3392, d451d94d-57a0-4545-b387-d428f64e3f33:c3392]
2019-07-09 16:26:06,688 INFO  client.GrpcClientProtocolClient (GrpcClientProtocolClient.java:onNext(255)) - client-0F1B900A64BD->9bf35ae9-4da0-4371-87fa-54ea3ce1f280: receive RaftClientReply:client-0F1B900A64BD->9bf35ae9-4da0-4371-87fa-54ea3ce1f280@group-432E83AF5B55, cid=2310, SUCCESS, logIndex=0, commits[9bf35ae9-4da0-4371-87fa-54ea3ce1f280:c3399, 0cc34542-3a00-466e-ae84-194b84d3af7b:c3395, d451d94d-57a0-4545-b387-d428f64e3f33:c3394]
2019-07-09 16:26:06,708 INFO  client.GrpcClientProtocolClient (GrpcClientProtocolClient.java:onNext(255)) - client-0F1B900A64BD->9bf35ae9-4da0-4371-87fa-54ea3ce1f280: receive RaftClientReply:client-0F1B900A64BD->9bf35ae9-4da0-4371-87fa-54ea3ce1f280@group-432E83AF5B55, cid=2311, SUCCESS, logIndex=3401, commits[9bf35ae9-4da0-4371-87fa-54ea3ce1f280:c3402, 0cc34542-3a00-466e-ae84-194b84d3af7b:c3400, d451d94d-57a0-4545-b387-d428f64e3f33:c3400]
2019-07-09 16:26:06,708 INFO  client.GrpcClientProtocolClient (GrpcClientProtocolClient.java:onNext(255)) - client-0F1B900A64BD->9bf35ae9-4da0-4371-87fa-54ea3ce1f280: receive RaftClientReply:client-0F1B900A64BD->9bf35ae9-4da0-4371-87fa-54ea3ce1f280@group-432E83AF5B55, cid=2312, SUCCESS, logIndex=3402, commits[9bf35ae9-4da0-4371-87fa-54ea3ce1f280:c3402, 0cc34542-3a00-466e-ae84-194b84d3af7b:c3400, d451d94d-57a0-4545-b387-d428f64e3f33:c3400]
2019-07-09 16:26:06,874 INFO  client.GrpcClientProtocolClient (GrpcClientProtocolClient.java:onNext(255)) - client-0F1B900A64BD->9bf35ae9-4da0-4371-87fa-54ea3ce1f280: receive RaftClientReply:client-0F1B900A64BD->9bf35ae9-4da0-4371-87fa-54ea3ce1f280@group-432E83AF5B55, cid=2313, SUCCESS, logIndex=3405, commits[9bf35ae9-4da0-4371-87fa-54ea3ce1f280:c3406, 0cc34542-3a00-466e-ae84-194b84d3af7b:c3403, d451d94d-57a0-4545-b387-d428f64e3f33:c3403]
2019-07-09 16:26:06,876 INFO  client.GrpcClientProtocolClient (GrpcClientProtocolClient.java:onNext(255)) - client-0F1B900A64BD->9bf35ae9-4da0-4371-87fa-54ea3ce1f280: receive RaftClientReply:client-0F1B900A64BD->9bf35ae9-4da0-4371-87fa-54ea3ce1f280@group-432E83AF5B55, cid=2314, SUCCESS, logIndex=3406, commits[9bf35ae9-4da0-4371-87fa-54ea3ce1f280:c3406, 0cc34542-3a00-466e-ae84-194b84d3af7b:c3403, d451d94d-57a0-4545-b387-d428f64e3f33:c3403]
2019-07-09 16:26:06,892 INFO  client.GrpcClientProtocolClient (GrpcClientProtocolClient.java:onNext(255)) - client-0F1B900A64BD->9bf35ae9-4da0-4371-87fa-54ea3ce1f280: receive RaftClientReply:client-0F1B900A64BD->9bf35ae9-4da0-4371-87fa-54ea3ce1f280@group-432E83AF5B55, cid=2315, SUCCESS, logIndex=0, commits[9bf35ae9-4da0-4371-87fa-54ea3ce1f280:c3407, 0cc34542-3a00-466e-ae84-194b84d3af7b:c3406, d451d94d-57a0-4545-b387-d428f64e3f33:c3406]
 0.00% |█                                                                                                    |  0/1 Time: 0:00:182019-07-09 16:26:06,935 INFO  client.GrpcClientProtocolClient (GrpcClientProtocolClient.java:onNext(255)) - client-0F1B900A64BD->9bf35ae9-4da0-4371-87fa-54ea3ce1f280: receive RaftClientReply:client-0F1B900A64BD->9bf35ae9-4da0-4371-87fa-54ea3ce1f280@group-432E83AF5B55, cid=2316, SUCCESS, logIndex=3409, commits[9bf35ae9-4da0-4371-87fa-54ea3ce1f280:c3411, 0cc34542-3a00-466e-ae84-194b84d3af7b:c3408, d451d94d-57a0-4545-b387-d428f64e3f33:c3408]
2019-07-09 16:26:06,936 INFO  client.GrpcClientProtocolClient (GrpcClientProtocolClient.java:onNext(255)) - client-0F1B900A64BD->9bf35ae9-4da0-4371-87fa-54ea3ce1f280: receive RaftClientReply:client-0F1B900A64BD->9bf35ae9-4da0-4371-87fa-54ea3ce1f280@group-432E83AF5B55, cid=2317, SUCCESS, logIndex=3410, commits[9bf35ae9-4da0-4371-87fa-54ea3ce1f280:c3412, 0cc34542-3a00-466e-ae84-194b84d3af7b:c3408, d451d94d-57a0-4545-b387-d428f64e3f33:c3408]
2019-07-09 16:26:06,936 INFO  client.GrpcClientProtocolClient (GrpcClientProtocolClient.java:onNext(255)) - client-0F1B900A64BD->9bf35ae9-4da0-4371-87fa-54ea3ce1f280: receive RaftClientReply:client-0F1B900A64BD->9bf35ae9-4da0-4371-87fa-54ea3ce1f280@group-432E83AF5B55, cid=2318, SUCCESS, logIndex=3411, commits[9bf35ae9-4da0-4371-87fa-54ea3ce1f280:c3412, 0cc34542-3a00-466e-ae84-194b84d3af7b:c3408, d451d94d-57a0-4545-b387-d428f64e3f33:c3408]
2019-07-09 16:26:06,936 INFO  client.GrpcClientProtocolClient (GrpcClientProtocolClient.java:onNext(255)) - client-0F1B900A64BD->9bf35ae9-4da0-4371-87fa-54ea3ce1f280: receive RaftClientReply:client-0F1B900A64BD->9bf35ae9-4da0-4371-87fa-54ea3ce1f280@group-432E83AF5B55, cid=2319, SUCCESS, logIndex=3412, commits[9bf35ae9-4da0-4371-87fa-54ea3ce1f280:c3412, 0cc34542-3a00-466e-ae84-194b84d3af7b:c3408, d451d94d-57a0-4545-b387-d428f64e3f33:c3408]
2019-07-09 16:26:06,947 INFO  client.GrpcClientProtocolClient (GrpcClientProtocolClient.java:onNext(255)) - client-0F1B900A64BD->9bf35ae9-4da0-4371-87fa-54ea3ce1f280: receive RaftClientReply:client-0F1B900A64BD->9bf35ae9-4da0-4371-87fa-54ea3ce1f280@group-432E83AF5B55, cid=2320, SUCCESS, logIndex=0, commits[9bf35ae9-4da0-4371-87fa-54ea3ce1f280:c3413, 0cc34542-3a00-466e-ae84-194b84d3af7b:c3410, d451d94d-57a0-4545-b387-d428f64e3f33:c3410]
2019-07-09 16:26:06,967 INFO  client.GrpcClientProtocolClient (GrpcClientProtocolClient.java:onNext(255)) - client-0F1B900A64BD->9bf35ae9-4da0-4371-87fa-54ea3ce1f280: receive RaftClientReply:client-0F1B900A64BD->9bf35ae9-4da0-4371-87fa-54ea3ce1f280@group-432E83AF5B55, cid=2321, SUCCESS, logIndex=3417, commits[9bf35ae9-4da0-4371-87fa-54ea3ce1f280:c3418, 0cc34542-3a00-466e-ae84-194b84d3af7b:c3416, d451d94d-57a0-4545-b387-d428f64e3f33:c3416]
2019-07-09 16:26:06,968 INFO  client.GrpcClientProtocolClient (GrpcClientProtocolClient.java:onNext(255)) - client-0F1B900A64BD->9bf35ae9-4da0-4371-87fa-54ea3ce1f280: receive RaftClientReply:client-0F1B900A64BD->9bf35ae9-4da0-4371-87fa-54ea3ce1f280@group-432E83AF5B55, cid=2322, SUCCESS, logIndex=3418, commits[9bf35ae9-4da0-4371-87fa-54ea3ce1f280:c3418, 0cc34542-3a00-466e-ae84-194b84d3af7b:c3416, d451d94d-57a0-4545-b387-d428f64e3f33:c3416]
2019-07-09 16:26:06,982 INFO  client.GrpcClientProtocolClient (GrpcClientProtocolClient.java:onNext(255)) - client-0F1B900A64BD->9bf35ae9-4da0-4371-87fa-54ea3ce1f280: receive RaftClientReply:client-0F1B900A64BD->9bf35ae9-4da0-4371-87fa-54ea3ce1f280@group-432E83AF5B55, cid=2323, SUCCESS, logIndex=3421, commits[9bf35ae9-4da0-4371-87fa-54ea3ce1f280:c3422, 0cc34542-3a00-466e-ae84-194b84d3af7b:c3418, d451d94d-57a0-4545-b387-d428f64e3f33:c3418]
2019-07-09 16:26:06,983 INFO  client.GrpcClientProtocolClient (GrpcClientProtocolClient.java:onNext(255)) - client-0F1B900A64BD->9bf35ae9-4da0-4371-87fa-54ea3ce1f280: receive RaftClientReply:client-0F1B900A64BD->9bf35ae9-4da0-4371-87fa-54ea3ce1f280@group-432E83AF5B55, cid=2324, SUCCESS, logIndex=3422, commits[9bf35ae9-4da0-4371-87fa-54ea3ce1f280:c3422, 0cc34542-3a00-466e-ae84-194b84d3af7b:c3418, d451d94d-57a0-4545-b387-d428f64e3f33:c3418]
2019-07-09 16:26:06,994 INFO  client.GrpcClientProtocolClient (GrpcClientProtocolClient.java:onNext(255)) - client-0F1B900A64BD->9bf35ae9-4da0-4371-87fa-54ea3ce1f280: receive RaftClientReply:client-0F1B900A64BD->9bf35ae9-4da0-4371-87fa-54ea3ce1f280@group-432E83AF5B55, cid=2325, SUCCESS, logIndex=0, commits[9bf35ae9-4da0-4371-87fa-54ea3ce1f280:c3423, 0cc34542-3a00-466e-ae84-194b84d3af7b:c3422, d451d94d-57a0-4545-b387-d428f64e3f33:c3422]
2019-07-09 16:26:07,026 INFO  client.GrpcClientProtocolClient (GrpcClientProtocolClient.java:onNext(255)) - client-0F1B900A64BD->9bf35ae9-4da0-4371-87fa-54ea3ce1f280: receive RaftClientReply:client-0F1B900A64BD->9bf35ae9-4da0-4371-87fa-54ea3ce1f280@group-432E83AF5B55, cid=2326, SUCCESS, logIndex=3425, commits[9bf35ae9-4da0-4371-87fa-54ea3ce1f280:c3427, 0cc34542-3a00-466e-ae84-194b84d3af7b:c3424, d451d94d-57a0-4545-b387-d428f64e3f33:c3424]
2019-07-09 16:26:07,028 INFO  client.GrpcClientProtocolClient (GrpcClientProtocolClient.java:onNext(255)) - client-0F1B900A64BD->9bf35ae9-4da0-4371-87fa-54ea3ce1f280: receive RaftClientReply:client-0F1B900A64BD->9bf35ae9-4da0-4371-87fa-54ea3ce1f280@group-432E83AF5B55, cid=2327, SUCCESS, logIndex=3426, commits[9bf35ae9-4da0-4371-87fa-54ea3ce1f280:c3428, 0cc34542-3a00-466e-ae84-194b84d3af7b:c3424, d451d94d-57a0-4545-b387-d428f64e3f33:c3424]
2019-07-09 16:26:07,028 INFO  client.GrpcClientProtocolClient (GrpcClientProtocolClient.java:onNext(255)) - client-0F1B900A64BD->9bf35ae9-4da0-4371-87fa-54ea3ce1f280: receive RaftClientReply:client-0F1B900A64BD->9bf35ae9-4da0-4371-87fa-54ea3ce1f280@group-432E83AF5B55, cid=2328, SUCCESS, logIndex=3427, commits[9bf35ae9-4da0-4371-87fa-54ea3ce1f280:c3428, 0cc34542-3a00-466e-ae84-194b84d3af7b:c3424, d451d94d-57a0-4545-b387-d428f64e3f33:c3424]
2019-07-09 16:26:07,028 INFO  client.GrpcClientProtocolClient (GrpcClientProtocolClient.java:onNext(255)) - client-0F1B900A64BD->9bf35ae9-4da0-4371-87fa-54ea3ce1f280: receive RaftClientReply:client-0F1B900A64BD->9bf35ae9-4da0-4371-87fa-54ea3ce1f280@group-432E83AF5B55, cid=2329, SUCCESS, logIndex=3428, commits[9bf35ae9-4da0-4371-87fa-54ea3ce1f280:c3428, 0cc34542-3a00-466e-ae84-194b84d3af7b:c3424, d451d94d-57a0-4545-b387-d428f64e3f33:c3424]
2019-07-09 16:26:07,040 INFO  client.GrpcClientProtocolClient (GrpcClientProtocolClient.java:onNext(255)) - client-0F1B900A64BD->9bf35ae9-4da0-4371-87fa-54ea3ce1f280: receive RaftClientReply:client-0F1B900A64BD->9bf35ae9-4da0-4371-87fa-54ea3ce1f280@group-432E83AF5B55, cid=2330, SUCCESS, logIndex=0, commits[9bf35ae9-4da0-4371-87fa-54ea3ce1f280:c3430, 0cc34542-3a00-466e-ae84-194b84d3af7b:c3426, d451d94d-57a0-4545-b387-d428f64e3f33:c3426]
2019-07-09 16:26:07,060 INFO  client.GrpcClientProtocolClient (GrpcClientProtocolClient.java:onNext(255)) - client-0F1B900A64BD->9bf35ae9-4da0-4371-87fa-54ea3ce1f280: receive RaftClientReply:client-0F1B900A64BD->9bf35ae9-4da0-4371-87fa-54ea3ce1f280@group-432E83AF5B55, cid=2331, SUCCESS, logIndex=3433, commits[9bf35ae9-4da0-4371-87fa-54ea3ce1f280:c3434, 0cc34542-3a00-466e-ae84-194b84d3af7b:c3432, d451d94d-57a0-4545-b387-d428f64e3f33:c3432]
2019-07-09 16:26:07,061 INFO  client.GrpcClientProtocolClient (GrpcClientProtocolClient.java:onNext(255)) - client-0F1B900A64BD->9bf35ae9-4da0-4371-87fa-54ea3ce1f280: receive RaftClientReply:client-0F1B900A64BD->9bf35ae9-4da0-4371-87fa-54ea3ce1f280@group-432E83AF5B55, cid=2332, SUCCESS, logIndex=3434, commits[9bf35ae9-4da0-4371-87fa-54ea3ce1f280:c3434, 0cc34542-3a00-466e-ae84-194b84d3af7b:c3432, d451d94d-57a0-4545-b387-d428f64e3f33:c3432]
2019-07-09 16:26:07,076 INFO  client.GrpcClientProtocolClient (GrpcClientProtocolClient.java:onNext(255)) - client-0F1B900A64BD->9bf35ae9-4da0-4371-87fa-54ea3ce1f280: receive RaftClientReply:client-0F1B900A64BD->9bf35ae9-4da0-4371-87fa-54ea3ce1f280@group-432E83AF5B55, cid=2333, SUCCESS, logIndex=3437, commits[9bf35ae9-4da0-4371-87fa-54ea3ce1f280:c3438, 0cc34542-3a00-466e-ae84-194b84d3af7b:c3434, d451d94d-57a0-4545-b387-d428f64e3f33:c3434]
2019-07-09 16:26:07,076 INFO  client.GrpcClientProtocolClient (GrpcClientProtocolClient.java:onNext(255)) - client-0F1B900A64BD->9bf35ae9-4da0-4371-87fa-54ea3ce1f280: receive RaftClientReply:client-0F1B900A64BD->9bf35ae9-4da0-4371-87fa-54ea3ce1f280@group-432E83AF5B55, cid=2334, SUCCESS, logIndex=3438, commits[9bf35ae9-4da0-4371-87fa-54ea3ce1f280:c3438, 0cc34542-3a00-466e-ae84-194b84d3af7b:c3434, d451d94d-57a0-4545-b387-d428f64e3f33:c3434]
2019-07-09 16:26:07,091 INFO  client.GrpcClientProtocolClient (GrpcClientProtocolClient.java:onNext(255)) - client-0F1B900A64BD->9bf35ae9-4da0-4371-87fa-54ea3ce1f280: receive RaftClientReply:client-0F1B900A64BD->9bf35ae9-4da0-4371-87fa-54ea3ce1f280@group-432E83AF5B55, cid=2335, SUCCESS, logIndex=0, commits[9bf35ae9-4da0-4371-87fa-54ea3ce1f280:c3440, 0cc34542-3a00-466e-ae84-194b84d3af7b:c3438, d451d94d-57a0-4545-b387-d428f64e3f33:c3438]
2019-07-09 16:26:07,139 INFO  client.GrpcClientProtocolClient (GrpcClientProtocolClient.java:onNext(255)) - client-0F1B900A64BD->9bf35ae9-4da0-4371-87fa-54ea3ce1f280: receive RaftClientReply:client-0F1B900A64BD->9bf35ae9-4da0-4371-87fa-54ea3ce1f280@group-432E83AF5B55, cid=2336, SUCCESS, logIndex=3441, commits[9bf35ae9-4da0-4371-87fa-54ea3ce1f280:c3442, 0cc34542-3a00-466e-ae84-194b84d3af7b:c3440, d451d94d-57a0-4545-b387-d428f64e3f33:c3440]
2019-07-09 16:26:07,140 INFO  client.GrpcClientProtocolClient (GrpcClientProtocolClient.java:onNext(255)) - client-0F1B900A64BD->9bf35ae9-4da0-4371-87fa-54ea3ce1f280: receive RaftClientReply:client-0F1B900A64BD->9bf35ae9-4da0-4371-87fa-54ea3ce1f280@group-432E83AF5B55, cid=2337, SUCCESS, logIndex=3442, commits[9bf35ae9-4da0-4371-87fa-54ea3ce1f280:c3444, 0cc34542-3a00-466e-ae84-194b84d3af7b:c3440, d451d94d-57a0-4545-b387-d428f64e3f33:c3440]
2019-07-09 16:26:07,140 INFO  client.GrpcClientProtocolClient (GrpcClientProtocolClient.java:onNext(255)) - client-0F1B900A64BD->9bf35ae9-4da0-4371-87fa-54ea3ce1f280: receive RaftClientReply:client-0F1B900A64BD->9bf35ae9-4da0-4371-87fa-54ea3ce1f280@group-432E83AF5B55, cid=2338, SUCCESS, logIndex=3443, commits[9bf35ae9-4da0-4371-87fa-54ea3ce1f280:c3444, 0cc34542-3a00-466e-ae84-194b84d3af7b:c3440, d451d94d-57a0-4545-b387-d428f64e3f33:c3440]
2019-07-09 16:26:07,141 INFO  client.GrpcClientProtocolClient (GrpcClientProtocolClient.java:onNext(255)) - client-0F1B900A64BD->9bf35ae9-4da0-4371-87fa-54ea3ce1f280: receive RaftClientReply:client-0F1B900A64BD->9bf35ae9-4da0-4371-87fa-54ea3ce1f280@group-432E83AF5B55, cid=2339, SUCCESS, logIndex=3444, commits[9bf35ae9-4da0-4371-87fa-54ea3ce1f280:c3444, 0cc34542-3a00-466e-ae84-194b84d3af7b:c3440, d451d94d-57a0-4545-b387-d428f64e3f33:c3440]
2019-07-09 16:26:07,154 INFO  client.GrpcClientProtocolClient (GrpcClientProtocolClient.java:onNext(255)) - client-0F1B900A64BD->9bf35ae9-4da0-4371-87fa-54ea3ce1f280: receive RaftClientReply:client-0F1B900A64BD->9bf35ae9-4da0-4371-87fa-54ea3ce1f280@group-432E83AF5B55, cid=2340, SUCCESS, logIndex=0, commits[9bf35ae9-4da0-4371-87fa-54ea3ce1f280:c3447, 0cc34542-3a00-466e-ae84-194b84d3af7b:c3443, d451d94d-57a0-4545-b387-d428f64e3f33:c3442]
2019-07-09 16:26:07,175 INFO  client.GrpcClientProtocolClient (GrpcClientProtocolClient.java:onNext(255)) - client-0F1B900A64BD->9bf35ae9-4da0-4371-87fa-54ea3ce1f280: receive RaftClientReply:client-0F1B900A64BD->9bf35ae9-4da0-4371-87fa-54ea3ce1f280@group-432E83AF5B55, cid=2341, SUCCESS, logIndex=3449, commits[9bf35ae9-4da0-4371-87fa-54ea3ce1f280:c3450, 0cc34542-3a00-466e-ae84-194b84d3af7b:c3448, d451d94d-57a0-4545-b387-d428f64e3f33:c3448]
2019-07-09 16:26:07,176 INFO  client.GrpcClientProtocolClient (GrpcClientProtocolClient.java:onNext(255)) - client-0F1B900A64BD->9bf35ae9-4da0-4371-87fa-54ea3ce1f280: receive RaftClientReply:client-0F1B900A64BD->9bf35ae9-4da0-4371-87fa-54ea3ce1f280@group-432E83AF5B55, cid=2342, SUCCESS, logIndex=3450, commits[9bf35ae9-4da0-4371-87fa-54ea3ce1f280:c3450, 0cc34542-3a00-466e-ae84-194b84d3af7b:c3448, d451d94d-57a0-4545-b387-d428f64e3f33:c3448]
2019-07-09 16:26:07,192 INFO  client.GrpcClientProtocolClient (GrpcClientProtocolClient.java:onNext(255)) - client-0F1B900A64BD->9bf35ae9-4da0-4371-87fa-54ea3ce1f280: receive RaftClientReply:client-0F1B900A64BD->9bf35ae9-4da0-4371-87fa-54ea3ce1f280@group-432E83AF5B55, cid=2343, SUCCESS, logIndex=3453, commits[9bf35ae9-4da0-4371-87fa-54ea3ce1f280:c3454, 0cc34542-3a00-466e-ae84-194b84d3af7b:c3450, d451d94d-57a0-4545-b387-d428f64e3f33:c3450]
2019-07-09 16:26:07,192 INFO  client.GrpcClientProtocolClient (GrpcClientProtocolClient.java:onNext(255)) - client-0F1B900A64BD->9bf35ae9-4da0-4371-87fa-54ea3ce1f280: receive RaftClientReply:client-0F1B900A64BD->9bf35ae9-4da0-4371-87fa-54ea3ce1f280@group-432E83AF5B55, cid=2344, SUCCESS, logIndex=3454, commits[9bf35ae9-4da0-4371-87fa-54ea3ce1f280:c3454, 0cc34542-3a00-466e-ae84-194b84d3af7b:c3450, d451d94d-57a0-4545-b387-d428f64e3f33:c3450]
2019-07-09 16:26:07,204 INFO  client.GrpcClientProtocolClient (GrpcClientProtocolClient.java:onNext(255)) - client-0F1B900A64BD->9bf35ae9-4da0-4371-87fa-54ea3ce1f280: receive RaftClientReply:client-0F1B900A64BD->9bf35ae9-4da0-4371-87fa-54ea3ce1f280@group-432E83AF5B55, cid=2345, SUCCESS, logIndex=0, commits[9bf35ae9-4da0-4371-87fa-54ea3ce1f280:c3455, 0cc34542-3a00-466e-ae84-194b84d3af7b:c3454, d451d94d-57a0-4545-b387-d428f64e3f33:c3454]
2019-07-09 16:26:07,230 INFO  client.GrpcClientProtocolClient (GrpcClientProtocolClient.java:onNext(255)) - client-0F1B900A64BD->9bf35ae9-4da0-4371-87fa-54ea3ce1f280: receive RaftClientReply:client-0F1B900A64BD->9bf35ae9-4da0-4371-87fa-54ea3ce1f280@group-432E83AF5B55, cid=2346, SUCCESS, logIndex=3457, commits[9bf35ae9-4da0-4371-87fa-54ea3ce1f280:c3458, 0cc34542-3a00-466e-ae84-194b84d3af7b:c3456, d451d94d-57a0-4545-b387-d428f64e3f33:c3454]
2019-07-09 16:26:07,231 INFO  client.GrpcClientProtocolClient (GrpcClientProtocolClient.java:onNext(255)) - client-0F1B900A64BD->9bf35ae9-4da0-4371-87fa-54ea3ce1f280: receive RaftClientReply:client-0F1B900A64BD->9bf35ae9-4da0-4371-87fa-54ea3ce1f280@group-432E83AF5B55, cid=2347, SUCCESS, logIndex=3458, commits[9bf35ae9-4da0-4371-87fa-54ea3ce1f280:c3458, 0cc34542-3a00-466e-ae84-194b84d3af7b:c3456, d451d94d-57a0-4545-b387-d428f64e3f33:c3456]
2019-07-09 16:26:07,242 INFO  client.GrpcClientProtocolClient (GrpcClientProtocolClient.java:onNext(255)) - client-0F1B900A64BD->9bf35ae9-4da0-4371-87fa-54ea3ce1f280: receive RaftClientReply:client-0F1B900A64BD->9bf35ae9-4da0-4371-87fa-54ea3ce1f280@group-432E83AF5B55, cid=2348, SUCCESS, logIndex=3459, commits[9bf35ae9-4da0-4371-87fa-54ea3ce1f280:c3460, 0cc34542-3a00-466e-ae84-194b84d3af7b:c3456, d451d94d-57a0-4545-b387-d428f64e3f33:c3456]
2019-07-09 16:26:07,242 INFO  client.GrpcClientProtocolClient (GrpcClientProtocolClient.java:onNext(255)) - client-0F1B900A64BD->9bf35ae9-4da0-4371-87fa-54ea3ce1f280: receive RaftClientReply:client-0F1B900A64BD->9bf35ae9-4da0-4371-87fa-54ea3ce1f280@group-432E83AF5B55, cid=2349, SUCCESS, logIndex=3460, commits[9bf35ae9-4da0-4371-87fa-54ea3ce1f280:c3460, 0cc34542-3a00-466e-ae84-194b84d3af7b:c3456, d451d94d-57a0-4545-b387-d428f64e3f33:c3456]
2019-07-09 16:26:07,245 INFO  client.GrpcClientProtocolClient (GrpcClientProtocolClient.java:onNext(255)) - client-0F1B900A64BD->9bf35ae9-4da0-4371-87fa-54ea3ce1f280: receive RaftClientReply:client-0F1B900A64BD->9bf35ae9-4da0-4371-87fa-54ea3ce1f280@group-432E83AF5B55, cid=2350, SUCCESS, logIndex=0, commits[9bf35ae9-4da0-4371-87fa-54ea3ce1f280:c3462, 0cc34542-3a00-466e-ae84-194b84d3af7b:c3458, d451d94d-57a0-4545-b387-d428f64e3f33:c3458]
2019-07-09 16:26:07,258 INFO  client.GrpcClientProtocolClient (GrpcClientProtocolClient.java:onNext(255)) - client-0F1B900A64BD->9bf35ae9-4da0-4371-87fa-54ea3ce1f280: receive RaftClientReply:client-0F1B900A64BD->9bf35ae9-4da0-4371-87fa-54ea3ce1f280@group-432E83AF5B55, cid=2351, SUCCESS, logIndex=3465, commits[9bf35ae9-4da0-4371-87fa-54ea3ce1f280:c3466, 0cc34542-3a00-466e-ae84-194b84d3af7b:c3462, d451d94d-57a0-4545-b387-d428f64e3f33:c3460]
2019-07-09 16:26:07,258 INFO  client.GrpcClientProtocolClient (GrpcClientProtocolClient.java:onNext(255)) - client-0F1B900A64BD->9bf35ae9-4da0-4371-87fa-54ea3ce1f280: receive RaftClientReply:client-0F1B900A64BD->9bf35ae9-4da0-4371-87fa-54ea3ce1f280@group-432E83AF5B55, cid=2352, SUCCESS, logIndex=3466, commits[9bf35ae9-4da0-4371-87fa-54ea3ce1f280:c3466, 0cc34542-3a00-466e-ae84-194b84d3af7b:c3462, d451d94d-57a0-4545-b387-d428f64e3f33:c3462]
2019-07-09 16:26:07,285 INFO  client.GrpcClientProtocolClient (GrpcClientProtocolClient.java:onNext(255)) - client-0F1B900A64BD->9bf35ae9-4da0-4371-87fa-54ea3ce1f280: receive RaftClientReply:client-0F1B900A64BD->9bf35ae9-4da0-4371-87fa-54ea3ce1f280@group-432E83AF5B55, cid=2353, SUCCESS, logIndex=3469, commits[9bf35ae9-4da0-4371-87fa-54ea3ce1f280:c3470, 0cc34542-3a00-466e-ae84-194b84d3af7b:c3467, d451d94d-57a0-4545-b387-d428f64e3f33:c3467]
2019-07-09 16:26:07,285 INFO  client.GrpcClientProtocolClient (GrpcClientProtocolClient.java:onNext(255)) - client-0F1B900A64BD->9bf35ae9-4da0-4371-87fa-54ea3ce1f280: receive RaftClientReply:client-0F1B900A64BD->9bf35ae9-4da0-4371-87fa-54ea3ce1f280@group-432E83AF5B55, cid=2354, SUCCESS, logIndex=3470, commits[9bf35ae9-4da0-4371-87fa-54ea3ce1f280:c3470, 0cc34542-3a00-466e-ae84-194b84d3af7b:c3467, d451d94d-57a0-4545-b387-d428f64e3f33:c3467]
2019-07-09 16:26:07,301 INFO  client.GrpcClientProtocolClient (GrpcClientProtocolClient.java:onNext(255)) - client-0F1B900A64BD->9bf35ae9-4da0-4371-87fa-54ea3ce1f280: receive RaftClientReply:client-0F1B900A64BD->9bf35ae9-4da0-4371-87fa-54ea3ce1f280@group-432E83AF5B55, cid=2355, SUCCESS, logIndex=0, commits[9bf35ae9-4da0-4371-87fa-54ea3ce1f280:c3472, 0cc34542-3a00-466e-ae84-194b84d3af7b:c3470, d451d94d-57a0-4545-b387-d428f64e3f33:c3470]
2019-07-09 16:26:07,324 INFO  client.GrpcClientProtocolClient (GrpcClientProtocolClient.java:onNext(255)) - client-0F1B900A64BD->9bf35ae9-4da0-4371-87fa-54ea3ce1f280: receive RaftClientReply:client-0F1B900A64BD->9bf35ae9-4da0-4371-87fa-54ea3ce1f280@group-432E83AF5B55, cid=2356, SUCCESS, logIndex=3473, commits[9bf35ae9-4da0-4371-87fa-54ea3ce1f280:c3474, 0cc34542-3a00-466e-ae84-194b84d3af7b:c3470, d451d94d-57a0-4545-b387-d428f64e3f33:c3472]
2019-07-09 16:26:07,324 INFO  client.GrpcClientProtocolClient (GrpcClientProtocolClient.java:onNext(255)) - client-0F1B900A64BD->9bf35ae9-4da0-4371-87fa-54ea3ce1f280: receive RaftClientReply:client-0F1B900A64BD->9bf35ae9-4da0-4371-87fa-54ea3ce1f280@group-432E83AF5B55, cid=2357, SUCCESS, logIndex=3474, commits[9bf35ae9-4da0-4371-87fa-54ea3ce1f280:c3474, 0cc34542-3a00-466e-ae84-194b84d3af7b:c3470, d451d94d-57a0-4545-b387-d428f64e3f33:c3472]
2019-07-09 16:26:07,328 INFO  client.GrpcClientProtocolClient (GrpcClientProtocolClient.java:onNext(255)) - client-0F1B900A64BD->9bf35ae9-4da0-4371-87fa-54ea3ce1f280: receive RaftClientReply:client-0F1B900A64BD->9bf35ae9-4da0-4371-87fa-54ea3ce1f280@group-432E83AF5B55, cid=2358, SUCCESS, logIndex=3475, commits[9bf35ae9-4da0-4371-87fa-54ea3ce1f280:c3475, 0cc34542-3a00-466e-ae84-194b84d3af7b:c3472, d451d94d-57a0-4545-b387-d428f64e3f33:c3472]
2019-07-09 16:26:07,329 INFO  client.GrpcClientProtocolClient (GrpcClientProtocolClient.java:onNext(255)) - client-0F1B900A64BD->9bf35ae9-4da0-4371-87fa-54ea3ce1f280: receive RaftClientReply:client-0F1B900A64BD->9bf35ae9-4da0-4371-87fa-54ea3ce1f280@group-432E83AF5B55, cid=2359, SUCCESS, logIndex=3476, commits[9bf35ae9-4da0-4371-87fa-54ea3ce1f280:c3478, 0cc34542-3a00-466e-ae84-194b84d3af7b:c3474, d451d94d-57a0-4545-b387-d428f64e3f33:c3473]
2019-07-09 16:26:07,330 INFO  client.GrpcClientProtocolClient (GrpcClientProtocolClient.java:onNext(255)) - client-0F1B900A64BD->9bf35ae9-4da0-4371-87fa-54ea3ce1f280: receive RaftClientReply:client-0F1B900A64BD->9bf35ae9-4da0-4371-87fa-54ea3ce1f280@group-432E83AF5B55, cid=2360, SUCCESS, logIndex=0, commits[9bf35ae9-4da0-4371-87fa-54ea3ce1f280:c3478, 0cc34542-3a00-466e-ae84-194b84d3af7b:c3474, d451d94d-57a0-4545-b387-d428f64e3f33:c3474]
2019-07-09 16:26:07,342 INFO  client.GrpcClientProtocolClient (GrpcClientProtocolClient.java:onNext(255)) - client-0F1B900A64BD->9bf35ae9-4da0-4371-87fa-54ea3ce1f280: receive RaftClientReply:client-0F1B900A64BD->9bf35ae9-4da0-4371-87fa-54ea3ce1f280@group-432E83AF5B55, cid=2361, SUCCESS, logIndex=3481, commits[9bf35ae9-4da0-4371-87fa-54ea3ce1f280:c3482, 0cc34542-3a00-466e-ae84-194b84d3af7b:c3480, d451d94d-57a0-4545-b387-d428f64e3f33:c3476]
2019-07-09 16:26:07,342 INFO  client.GrpcClientProtocolClient (GrpcClientProtocolClient.java:onNext(255)) - client-0F1B900A64BD->9bf35ae9-4da0-4371-87fa-54ea3ce1f280: receive RaftClientReply:client-0F1B900A64BD->9bf35ae9-4da0-4371-87fa-54ea3ce1f280@group-432E83AF5B55, cid=2362, SUCCESS, logIndex=3482, commits[9bf35ae9-4da0-4371-87fa-54ea3ce1f280:c3482, 0cc34542-3a00-466e-ae84-194b84d3af7b:c3480, d451d94d-57a0-4545-b387-d428f64e3f33:c3480]
2019-07-09 16:26:07,353 INFO  client.GrpcClientProtocolClient (GrpcClientProtocolClient.java:onNext(255)) - client-0F1B900A64BD->9bf35ae9-4da0-4371-87fa-54ea3ce1f280: receive RaftClientReply:client-0F1B900A64BD->9bf35ae9-4da0-4371-87fa-54ea3ce1f280@group-432E83AF5B55, cid=2363, SUCCESS, logIndex=3485, commits[9bf35ae9-4da0-4371-87fa-54ea3ce1f280:c3486, 0cc34542-3a00-466e-ae84-194b84d3af7b:c3484, d451d94d-57a0-4545-b387-d428f64e3f33:c3484]
2019-07-09 16:26:07,354 INFO  client.GrpcClientProtocolClient (GrpcClientProtocolClient.java:onNext(255)) - client-0F1B900A64BD->9bf35ae9-4da0-4371-87fa-54ea3ce1f280: receive RaftClientReply:client-0F1B900A64BD->9bf35ae9-4da0-4371-87fa-54ea3ce1f280@group-432E83AF5B55, cid=2364, SUCCESS, logIndex=3486, commits[9bf35ae9-4da0-4371-87fa-54ea3ce1f280:c3486, 0cc34542-3a00-466e-ae84-194b84d3af7b:c3484, d451d94d-57a0-4545-b387-d428f64e3f33:c3484]
2019-07-09 16:26:07,357 INFO  client.GrpcClientProtocolClient (GrpcClientProtocolClient.java:onNext(255)) - client-0F1B900A64BD->9bf35ae9-4da0-4371-87fa-54ea3ce1f280: receive RaftClientReply:client-0F1B900A64BD->9bf35ae9-4da0-4371-87fa-54ea3ce1f280@group-432E83AF5B55, cid=2365, SUCCESS, logIndex=0, commits[9bf35ae9-4da0-4371-87fa-54ea3ce1f280:c3487, 0cc34542-3a00-466e-ae84-194b84d3af7b:c3486, d451d94d-57a0-4545-b387-d428f64e3f33:c3486]
2019-07-09 16:26:07,382 INFO  client.GrpcClientProtocolClient (GrpcClientProtocolClient.java:onNext(255)) - client-0F1B900A64BD->9bf35ae9-4da0-4371-87fa-54ea3ce1f280: receive RaftClientReply:client-0F1B900A64BD->9bf35ae9-4da0-4371-87fa-54ea3ce1f280@group-432E83AF5B55, cid=2366, SUCCESS, logIndex=3489, commits[9bf35ae9-4da0-4371-87fa-54ea3ce1f280:c3491, 0cc34542-3a00-466e-ae84-194b84d3af7b:c3488, d451d94d-57a0-4545-b387-d428f64e3f33:c3488]
2019-07-09 16:26:07,383 INFO  client.GrpcClientProtocolClient (GrpcClientProtocolClient.java:onNext(255)) - client-0F1B900A64BD->9bf35ae9-4da0-4371-87fa-54ea3ce1f280: receive RaftClientReply:client-0F1B900A64BD->9bf35ae9-4da0-4371-87fa-54ea3ce1f280@group-432E83AF5B55, cid=2367, SUCCESS, logIndex=3490, commits[9bf35ae9-4da0-4371-87fa-54ea3ce1f280:c3492, 0cc34542-3a00-466e-ae84-194b84d3af7b:c3488, d451d94d-57a0-4545-b387-d428f64e3f33:c3488]
2019-07-09 16:26:07,383 INFO  client.GrpcClientProtocolClient (GrpcClientProtocolClient.java:onNext(255)) - client-0F1B900A64BD->9bf35ae9-4da0-4371-87fa-54ea3ce1f280: receive RaftClientReply:client-0F1B900A64BD->9bf35ae9-4da0-4371-87fa-54ea3ce1f280@group-432E83AF5B55, cid=2368, SUCCESS, logIndex=3491, commits[9bf35ae9-4da0-4371-87fa-54ea3ce1f280:c3492, 0cc34542-3a00-466e-ae84-194b84d3af7b:c3488, d451d94d-57a0-4545-b387-d428f64e3f33:c3488]
2019-07-09 16:26:07,383 INFO  client.GrpcClientProtocolClient (GrpcClientProtocolClient.java:onNext(255)) - client-0F1B900A64BD->9bf35ae9-4da0-4371-87fa-54ea3ce1f280: receive RaftClientReply:client-0F1B900A64BD->9bf35ae9-4da0-4371-87fa-54ea3ce1f280@group-432E83AF5B55, cid=2369, SUCCESS, logIndex=3492, commits[9bf35ae9-4da0-4371-87fa-54ea3ce1f280:c3492, 0cc34542-3a00-466e-ae84-194b84d3af7b:c3488, d451d94d-57a0-4545-b387-d428f64e3f33:c3488]
2019-07-09 16:26:07,397 INFO  client.GrpcClientProtocolClient (GrpcClientProtocolClient.java:onNext(255)) - client-0F1B900A64BD->9bf35ae9-4da0-4371-87fa-54ea3ce1f280: receive RaftClientReply:client-0F1B900A64BD->9bf35ae9-4da0-4371-87fa-54ea3ce1f280@group-432E83AF5B55, cid=2370, SUCCESS, logIndex=0, commits[9bf35ae9-4da0-4371-87fa-54ea3ce1f280:c3496, 0cc34542-3a00-466e-ae84-194b84d3af7b:c3492, d451d94d-57a0-4545-b387-d428f64e3f33:c3491]
2019-07-09 16:26:07,418 INFO  client.GrpcClientProtocolClient (GrpcClientProtocolClient.java:onNext(255)) - client-0F1B900A64BD->9bf35ae9-4da0-4371-87fa-54ea3ce1f280: receive RaftClientReply:client-0F1B900A64BD->9bf35ae9-4da0-4371-87fa-54ea3ce1f280@group-432E83AF5B55, cid=2371, SUCCESS, logIndex=3497, commits[9bf35ae9-4da0-4371-87fa-54ea3ce1f280:c3498, 0cc34542-3a00-466e-ae84-194b84d3af7b:c3496, d451d94d-57a0-4545-b387-d428f64e3f33:c3496]
2019-07-09 16:26:07,419 INFO  client.GrpcClientProtocolClient (GrpcClientProtocolClient.java:onNext(255)) - client-0F1B900A64BD->9bf35ae9-4da0-4371-87fa-54ea3ce1f280: receive RaftClientReply:client-0F1B900A64BD->9bf35ae9-4da0-4371-87fa-54ea3ce1f280@group-432E83AF5B55, cid=2372, SUCCESS, logIndex=3498, commits[9bf35ae9-4da0-4371-87fa-54ea3ce1f280:c3498, 0cc34542-3a00-466e-ae84-194b84d3af7b:c3496, d451d94d-57a0-4545-b387-d428f64e3f33:c3496]
2019-07-09 16:26:07,496 INFO  client.GrpcClientProtocolClient (GrpcClientProtocolClient.java:onNext(255)) - client-0F1B900A64BD->9bf35ae9-4da0-4371-87fa-54ea3ce1f280: receive RaftClientReply:client-0F1B900A64BD->9bf35ae9-4da0-4371-87fa-54ea3ce1f280@group-432E83AF5B55, cid=2373, SUCCESS, logIndex=3501, commits[9bf35ae9-4da0-4371-87fa-54ea3ce1f280:c3501, 0cc34542-3a00-466e-ae84-194b84d3af7b:c3498, d451d94d-57a0-4545-b387-d428f64e3f33:c3498]
2019-07-09 16:26:07,497 INFO  client.GrpcClientProtocolClient (GrpcClientProtocolClient.java:onNext(255)) - client-0F1B900A64BD->9bf35ae9-4da0-4371-87fa-54ea3ce1f280: receive RaftClientReply:client-0F1B900A64BD->9bf35ae9-4da0-4371-87fa-54ea3ce1f280@group-432E83AF5B55, cid=2374, SUCCESS, logIndex=3502, commits[9bf35ae9-4da0-4371-87fa-54ea3ce1f280:c3502, 0cc34542-3a00-466e-ae84-194b84d3af7b:c3498, d451d94d-57a0-4545-b387-d428f64e3f33:c3498]
2019-07-09 16:26:07,511 INFO  client.GrpcClientProtocolClient (GrpcClientProtocolClient.java:onNext(255)) - client-0F1B900A64BD->9bf35ae9-4da0-4371-87fa-54ea3ce1f280: receive RaftClientReply:client-0F1B900A64BD->9bf35ae9-4da0-4371-87fa-54ea3ce1f280@group-432E83AF5B55, cid=2375, SUCCESS, logIndex=0, commits[9bf35ae9-4da0-4371-87fa-54ea3ce1f280:c3504, 0cc34542-3a00-466e-ae84-194b84d3af7b:c3502, d451d94d-57a0-4545-b387-d428f64e3f33:c3502]
2019-07-09 16:26:07,544 INFO  client.GrpcClientProtocolClient (GrpcClientProtocolClient.java:onNext(255)) - client-0F1B900A64BD->9bf35ae9-4da0-4371-87fa-54ea3ce1f280: receive RaftClientReply:client-0F1B900A64BD->9bf35ae9-4da0-4371-87fa-54ea3ce1f280@group-432E83AF5B55, cid=2376, SUCCESS, logIndex=3505, commits[9bf35ae9-4da0-4371-87fa-54ea3ce1f280:c3507, 0cc34542-3a00-466e-ae84-194b84d3af7b:c3504, d451d94d-57a0-4545-b387-d428f64e3f33:c3504]
2019-07-09 16:26:07,544 INFO  client.GrpcClientProtocolClient (GrpcClientProtocolClient.java:onNext(255)) - client-0F1B900A64BD->9bf35ae9-4da0-4371-87fa-54ea3ce1f280: receive RaftClientReply:client-0F1B900A64BD->9bf35ae9-4da0-4371-87fa-54ea3ce1f280@group-432E83AF5B55, cid=2377, SUCCESS, logIndex=3506, commits[9bf35ae9-4da0-4371-87fa-54ea3ce1f280:c3508, 0cc34542-3a00-466e-ae84-194b84d3af7b:c3504, d451d94d-57a0-4545-b387-d428f64e3f33:c3504]
2019-07-09 16:26:07,545 INFO  client.GrpcClientProtocolClient (GrpcClientProtocolClient.java:onNext(255)) - client-0F1B900A64BD->9bf35ae9-4da0-4371-87fa-54ea3ce1f280: receive RaftClientReply:client-0F1B900A64BD->9bf35ae9-4da0-4371-87fa-54ea3ce1f280@group-432E83AF5B55, cid=2378, SUCCESS, logIndex=3507, commits[9bf35ae9-4da0-4371-87fa-54ea3ce1f280:c3508, 0cc34542-3a00-466e-ae84-194b84d3af7b:c3504, d451d94d-57a0-4545-b387-d428f64e3f33:c3504]
2019-07-09 16:26:07,545 INFO  client.GrpcClientProtocolClient (GrpcClientProtocolClient.java:onNext(255)) - client-0F1B900A64BD->9bf35ae9-4da0-4371-87fa-54ea3ce1f280: receive RaftClientReply:client-0F1B900A64BD->9bf35ae9-4da0-4371-87fa-54ea3ce1f280@group-432E83AF5B55, cid=2379, SUCCESS, logIndex=3508, commits[9bf35ae9-4da0-4371-87fa-54ea3ce1f280:c3508, 0cc34542-3a00-466e-ae84-194b84d3af7b:c3504, d451d94d-57a0-4545-b387-d428f64e3f33:c3504]
2019-07-09 16:26:07,558 INFO  client.GrpcClientProtocolClient (GrpcClientProtocolClient.java:onNext(255)) - client-0F1B900A64BD->9bf35ae9-4da0-4371-87fa-54ea3ce1f280: receive RaftClientReply:client-0F1B900A64BD->9bf35ae9-4da0-4371-87fa-54ea3ce1f280@group-432E83AF5B55, cid=2380, SUCCESS, logIndex=0, commits[9bf35ae9-4da0-4371-87fa-54ea3ce1f280:c3510, 0cc34542-3a00-466e-ae84-194b84d3af7b:c3507, d451d94d-57a0-4545-b387-d428f64e3f33:c3507]
2019-07-09 16:26:07,579 INFO  client.GrpcClientProtocolClient (GrpcClientProtocolClient.java:onNext(255)) - client-0F1B900A64BD->9bf35ae9-4da0-4371-87fa-54ea3ce1f280: receive RaftClientReply:client-0F1B900A64BD->9bf35ae9-4da0-4371-87fa-54ea3ce1f280@group-432E83AF5B55, cid=2381, SUCCESS, logIndex=3513, commits[9bf35ae9-4da0-4371-87fa-54ea3ce1f280:c3514, 0cc34542-3a00-466e-ae84-194b84d3af7b:c3512, d451d94d-57a0-4545-b387-d428f64e3f33:c3512]
2019-07-09 16:26:07,579 INFO  client.GrpcClientProtocolClient (GrpcClientProtocolClient.java:onNext(255)) - client-0F1B900A64BD->9bf35ae9-4da0-4371-87fa-54ea3ce1f280: receive RaftClientReply:client-0F1B900A64BD->9bf35ae9-4da0-4371-87fa-54ea3ce1f280@group-432E83AF5B55, cid=2382, SUCCESS, logIndex=3514, commits[9bf35ae9-4da0-4371-87fa-54ea3ce1f280:c3514, 0cc34542-3a00-466e-ae84-194b84d3af7b:c3512, d451d94d-57a0-4545-b387-d428f64e3f33:c3512]
2019-07-09 16:26:07,602 INFO  client.GrpcClientProtocolClient (GrpcClientProtocolClient.java:onNext(255)) - client-0F1B900A64BD->9bf35ae9-4da0-4371-87fa-54ea3ce1f280: receive RaftClientReply:client-0F1B900A64BD->9bf35ae9-4da0-4371-87fa-54ea3ce1f280@group-432E83AF5B55, cid=2383, SUCCESS, logIndex=3517, commits[9bf35ae9-4da0-4371-87fa-54ea3ce1f280:c3518, 0cc34542-3a00-466e-ae84-194b84d3af7b:c3514, d451d94d-57a0-4545-b387-d428f64e3f33:c3513]
2019-07-09 16:26:07,603 INFO  client.GrpcClientProtocolClient (GrpcClientProtocolClient.java:onNext(255)) - client-0F1B900A64BD->9bf35ae9-4da0-4371-87fa-54ea3ce1f280: receive RaftClientReply:client-0F1B900A64BD->9bf35ae9-4da0-4371-87fa-54ea3ce1f280@group-432E83AF5B55, cid=2384, SUCCESS, logIndex=3518, commits[9bf35ae9-4da0-4371-87fa-54ea3ce1f280:c3518, 0cc34542-3a00-466e-ae84-194b84d3af7b:c3514, d451d94d-57a0-4545-b387-d428f64e3f33:c3514]
2019-07-09 16:26:07,605 INFO  client.GrpcClientProtocolClient (GrpcClientProtocolClient.java:onNext(255)) - client-0F1B900A64BD->9bf35ae9-4da0-4371-87fa-54ea3ce1f280: receive RaftClientReply:client-0F1B900A64BD->9bf35ae9-4da0-4371-87fa-54ea3ce1f280@group-432E83AF5B55, cid=2385, SUCCESS, logIndex=0, commits[9bf35ae9-4da0-4371-87fa-54ea3ce1f280:c3519, 0cc34542-3a00-466e-ae84-194b84d3af7b:c3518, d451d94d-57a0-4545-b387-d428f64e3f33:c3518]
2019-07-09 16:26:07,649 INFO  client.GrpcClientProtocolClient (GrpcClientProtocolClient.java:onNext(255)) - client-0F1B900A64BD->9bf35ae9-4da0-4371-87fa-54ea3ce1f280: receive RaftClientReply:client-0F1B900A64BD->9bf35ae9-4da0-4371-87fa-54ea3ce1f280@group-432E83AF5B55, cid=2386, SUCCESS, logIndex=3521, commits[9bf35ae9-4da0-4371-87fa-54ea3ce1f280:c3523, 0cc34542-3a00-466e-ae84-194b84d3af7b:c3520, d451d94d-57a0-4545-b387-d428f64e3f33:c3520]
2019-07-09 16:26:07,650 INFO  client.GrpcClientProtocolClient (GrpcClientProtocolClient.java:onNext(255)) - client-0F1B900A64BD->9bf35ae9-4da0-4371-87fa-54ea3ce1f280: receive RaftClientReply:client-0F1B900A64BD->9bf35ae9-4da0-4371-87fa-54ea3ce1f280@group-432E83AF5B55, cid=2387, SUCCESS, logIndex=3522, commits[9bf35ae9-4da0-4371-87fa-54ea3ce1f280:c3524, 0cc34542-3a00-466e-ae84-194b84d3af7b:c3520, d451d94d-57a0-4545-b387-d428f64e3f33:c3520]
2019-07-09 16:26:07,650 INFO  client.GrpcClientProtocolClient (GrpcClientProtocolClient.java:onNext(255)) - client-0F1B900A64BD->9bf35ae9-4da0-4371-87fa-54ea3ce1f280: receive RaftClientReply:client-0F1B900A64BD->9bf35ae9-4da0-4371-87fa-54ea3ce1f280@group-432E83AF5B55, cid=2388, SUCCESS, logIndex=3523, commits[9bf35ae9-4da0-4371-87fa-54ea3ce1f280:c3524, 0cc34542-3a00-466e-ae84-194b84d3af7b:c3520, d451d94d-57a0-4545-b387-d428f64e3f33:c3520]
2019-07-09 16:26:07,651 INFO  client.GrpcClientProtocolClient (GrpcClientProtocolClient.java:onNext(255)) - client-0F1B900A64BD->9bf35ae9-4da0-4371-87fa-54ea3ce1f280: receive RaftClientReply:client-0F1B900A64BD->9bf35ae9-4da0-4371-87fa-54ea3ce1f280@group-432E83AF5B55, cid=2389, SUCCESS, logIndex=3524, commits[9bf35ae9-4da0-4371-87fa-54ea3ce1f280:c3524, 0cc34542-3a00-466e-ae84-194b84d3af7b:c3520, d451d94d-57a0-4545-b387-d428f64e3f33:c3520]
2019-07-09 16:26:07,662 INFO  client.GrpcClientProtocolClient (GrpcClientProtocolClient.java:onNext(255)) - client-0F1B900A64BD->9bf35ae9-4da0-4371-87fa-54ea3ce1f280: receive RaftClientReply:client-0F1B900A64BD->9bf35ae9-4da0-4371-87fa-54ea3ce1f280@group-432E83AF5B55, cid=2390, SUCCESS, logIndex=0, commits[9bf35ae9-4da0-4371-87fa-54ea3ce1f280:c3526, 0cc34542-3a00-466e-ae84-194b84d3af7b:c3523, d451d94d-57a0-4545-b387-d428f64e3f33:c3523]
2019-07-09 16:26:07,682 INFO  client.GrpcClientProtocolClient (GrpcClientProtocolClient.java:onNext(255)) - client-0F1B900A64BD->9bf35ae9-4da0-4371-87fa-54ea3ce1f280: receive RaftClientReply:client-0F1B900A64BD->9bf35ae9-4da0-4371-87fa-54ea3ce1f280@group-432E83AF5B55, cid=2391, SUCCESS, logIndex=3529, commits[9bf35ae9-4da0-4371-87fa-54ea3ce1f280:c3530, 0cc34542-3a00-466e-ae84-194b84d3af7b:c3528, d451d94d-57a0-4545-b387-d428f64e3f33:c3528]
2019-07-09 16:26:07,683 INFO  client.GrpcClientProtocolClient (GrpcClientProtocolClient.java:onNext(255)) - client-0F1B900A64BD->9bf35ae9-4da0-4371-87fa-54ea3ce1f280: receive RaftClientReply:client-0F1B900A64BD->9bf35ae9-4da0-4371-87fa-54ea3ce1f280@group-432E83AF5B55, cid=2392, SUCCESS, logIndex=3530, commits[9bf35ae9-4da0-4371-87fa-54ea3ce1f280:c3530, 0cc34542-3a00-466e-ae84-194b84d3af7b:c3528, d451d94d-57a0-4545-b387-d428f64e3f33:c3528]
2019-07-09 16:26:07,698 INFO  client.GrpcClientProtocolClient (GrpcClientProtocolClient.java:onNext(255)) - client-0F1B900A64BD->9bf35ae9-4da0-4371-87fa-54ea3ce1f280: receive RaftClientReply:client-0F1B900A64BD->9bf35ae9-4da0-4371-87fa-54ea3ce1f280@group-432E83AF5B55, cid=2393, SUCCESS, logIndex=3533, commits[9bf35ae9-4da0-4371-87fa-54ea3ce1f280:c3534, 0cc34542-3a00-466e-ae84-194b84d3af7b:c3530, d451d94d-57a0-4545-b387-d428f64e3f33:c3530]
2019-07-09 16:26:07,698 INFO  client.GrpcClientProtocolClient (GrpcClientProtocolClient.java:onNext(255)) - client-0F1B900A64BD->9bf35ae9-4da0-4371-87fa-54ea3ce1f280: receive RaftClientReply:client-0F1B900A64BD->9bf35ae9-4da0-4371-87fa-54ea3ce1f280@group-432E83AF5B55, cid=2394, SUCCESS, logIndex=3534, commits[9bf35ae9-4da0-4371-87fa-54ea3ce1f280:c3534, 0cc34542-3a00-466e-ae84-194b84d3af7b:c3530, d451d94d-57a0-4545-b387-d428f64e3f33:c3530]
2019-07-09 16:26:07,710 INFO  client.GrpcClientProtocolClient (GrpcClientProtocolClient.java:onNext(255)) - client-0F1B900A64BD->9bf35ae9-4da0-4371-87fa-54ea3ce1f280: receive RaftClientReply:client-0F1B900A64BD->9bf35ae9-4da0-4371-87fa-54ea3ce1f280@group-432E83AF5B55, cid=2395, SUCCESS, logIndex=0, commits[9bf35ae9-4da0-4371-87fa-54ea3ce1f280:c3535, 0cc34542-3a00-466e-ae84-194b84d3af7b:c3534, d451d94d-57a0-4545-b387-d428f64e3f33:c3534]
2019-07-09 16:26:07,739 INFO  client.GrpcClientProtocolClient (GrpcClientProtocolClient.java:onNext(255)) - client-0F1B900A64BD->9bf35ae9-4da0-4371-87fa-54ea3ce1f280: receive RaftClientReply:client-0F1B900A64BD->9bf35ae9-4da0-4371-87fa-54ea3ce1f280@group-432E83AF5B55, cid=2396, SUCCESS, logIndex=3537, commits[9bf35ae9-4da0-4371-87fa-54ea3ce1f280:c3538, 0cc34542-3a00-466e-ae84-194b84d3af7b:c3536, d451d94d-57a0-4545-b387-d428f64e3f33:c3536]
2019-07-09 16:26:07,740 INFO  client.GrpcClientProtocolClient (GrpcClientProtocolClient.java:onNext(255)) - client-0F1B900A64BD->9bf35ae9-4da0-4371-87fa-54ea3ce1f280: receive RaftClientReply:client-0F1B900A64BD->9bf35ae9-4da0-4371-87fa-54ea3ce1f280@group-432E83AF5B55, cid=2397, SUCCESS, logIndex=3538, commits[9bf35ae9-4da0-4371-87fa-54ea3ce1f280:c3540, 0cc34542-3a00-466e-ae84-194b84d3af7b:c3536, d451d94d-57a0-4545-b387-d428f64e3f33:c3536]
2019-07-09 16:26:07,740 INFO  client.GrpcClientProtocolClient (GrpcClientProtocolClient.java:onNext(255)) - client-0F1B900A64BD->9bf35ae9-4da0-4371-87fa-54ea3ce1f280: receive RaftClientReply:client-0F1B900A64BD->9bf35ae9-4da0-4371-87fa-54ea3ce1f280@group-432E83AF5B55, cid=2398, SUCCESS, logIndex=3539, commits[9bf35ae9-4da0-4371-87fa-54ea3ce1f280:c3540, 0cc34542-3a00-466e-ae84-194b84d3af7b:c3536, d451d94d-57a0-4545-b387-d428f64e3f33:c3536]
2019-07-09 16:26:07,740 INFO  client.GrpcClientProtocolClient (GrpcClientProtocolClient.java:onNext(255)) - client-0F1B900A64BD->9bf35ae9-4da0-4371-87fa-54ea3ce1f280: receive RaftClientReply:client-0F1B900A64BD->9bf35ae9-4da0-4371-87fa-54ea3ce1f280@group-432E83AF5B55, cid=2399, SUCCESS, logIndex=3540, commits[9bf35ae9-4da0-4371-87fa-54ea3ce1f280:c3540, 0cc34542-3a00-466e-ae84-194b84d3af7b:c3536, d451d94d-57a0-4545-b387-d428f64e3f33:c3536]
2019-07-09 16:26:07,743 INFO  client.GrpcClientProtocolClient (GrpcClientProtocolClient.java:onNext(255)) - client-0F1B900A64BD->9bf35ae9-4da0-4371-87fa-54ea3ce1f280: receive RaftClientReply:client-0F1B900A64BD->9bf35ae9-4da0-4371-87fa-54ea3ce1f280@group-432E83AF5B55, cid=2400, SUCCESS, logIndex=0, commits[9bf35ae9-4da0-4371-87fa-54ea3ce1f280:c3542, 0cc34542-3a00-466e-ae84-194b84d3af7b:c3538, d451d94d-57a0-4545-b387-d428f64e3f33:c3538]
2019-07-09 16:26:07,893 INFO  client.GrpcClientProtocolClient (GrpcClientProtocolClient.java:onNext(255)) - client-0F1B900A64BD->9bf35ae9-4da0-4371-87fa-54ea3ce1f280: receive RaftClientReply:client-0F1B900A64BD->9bf35ae9-4da0-4371-87fa-54ea3ce1f280@group-432E83AF5B55, cid=2401, SUCCESS, logIndex=3545, commits[9bf35ae9-4da0-4371-87fa-54ea3ce1f280:c3546, 0cc34542-3a00-466e-ae84-194b84d3af7b:c3542, d451d94d-57a0-4545-b387-d428f64e3f33:c3540]
2019-07-09 16:26:07,893 INFO  client.GrpcClientProtocolClient (GrpcClientProtocolClient.java:onNext(255)) - client-0F1B900A64BD->9bf35ae9-4da0-4371-87fa-54ea3ce1f280: receive RaftClientReply:client-0F1B900A64BD->9bf35ae9-4da0-4371-87fa-54ea3ce1f280@group-432E83AF5B55, cid=2402, SUCCESS, logIndex=3546, commits[9bf35ae9-4da0-4371-87fa-54ea3ce1f280:c3546, 0cc34542-3a00-466e-ae84-194b84d3af7b:c3542, d451d94d-57a0-4545-b387-d428f64e3f33:c3540]
 0.00% |█                                                                                                    |  0/1 Time: 0:00:192019-07-09 16:26:07,928 INFO  client.GrpcClientProtocolClient (GrpcClientProtocolClient.java:onNext(255)) - client-0F1B900A64BD->9bf35ae9-4da0-4371-87fa-54ea3ce1f280: receive RaftClientReply:client-0F1B900A64BD->9bf35ae9-4da0-4371-87fa-54ea3ce1f280@group-432E83AF5B55, cid=2403, SUCCESS, logIndex=3549, commits[9bf35ae9-4da0-4371-87fa-54ea3ce1f280:c3550, 0cc34542-3a00-466e-ae84-194b84d3af7b:c3546, d451d94d-57a0-4545-b387-d428f64e3f33:c3546]
2019-07-09 16:26:07,928 INFO  client.GrpcClientProtocolClient (GrpcClientProtocolClient.java:onNext(255)) - client-0F1B900A64BD->9bf35ae9-4da0-4371-87fa-54ea3ce1f280: receive RaftClientReply:client-0F1B900A64BD->9bf35ae9-4da0-4371-87fa-54ea3ce1f280@group-432E83AF5B55, cid=2404, SUCCESS, logIndex=3550, commits[9bf35ae9-4da0-4371-87fa-54ea3ce1f280:c3550, 0cc34542-3a00-466e-ae84-194b84d3af7b:c3546, d451d94d-57a0-4545-b387-d428f64e3f33:c3546]
2019-07-09 16:26:07,940 INFO  client.GrpcClientProtocolClient (GrpcClientProtocolClient.java:onNext(255)) - client-0F1B900A64BD->9bf35ae9-4da0-4371-87fa-54ea3ce1f280: receive RaftClientReply:client-0F1B900A64BD->9bf35ae9-4da0-4371-87fa-54ea3ce1f280@group-432E83AF5B55, cid=2405, SUCCESS, logIndex=0, commits[9bf35ae9-4da0-4371-87fa-54ea3ce1f280:c3551, 0cc34542-3a00-466e-ae84-194b84d3af7b:c3550, d451d94d-57a0-4545-b387-d428f64e3f33:c3550]
2019-07-09 16:26:07,971 INFO  client.GrpcClientProtocolClient (GrpcClientProtocolClient.java:onNext(255)) - client-0F1B900A64BD->9bf35ae9-4da0-4371-87fa-54ea3ce1f280: receive RaftClientReply:client-0F1B900A64BD->9bf35ae9-4da0-4371-87fa-54ea3ce1f280@group-432E83AF5B55, cid=2406, SUCCESS, logIndex=3552, commits[9bf35ae9-4da0-4371-87fa-54ea3ce1f280:c3553, 0cc34542-3a00-466e-ae84-194b84d3af7b:c3551, d451d94d-57a0-4545-b387-d428f64e3f33:c3551]
2019-07-09 16:26:07,971 INFO  client.GrpcClientProtocolClient (GrpcClientProtocolClient.java:onNext(255)) - client-0F1B900A64BD->9bf35ae9-4da0-4371-87fa-54ea3ce1f280: receive RaftClientReply:client-0F1B900A64BD->9bf35ae9-4da0-4371-87fa-54ea3ce1f280@group-432E83AF5B55, cid=2407, SUCCESS, logIndex=3553, commits[9bf35ae9-4da0-4371-87fa-54ea3ce1f280:c3555, 0cc34542-3a00-466e-ae84-194b84d3af7b:c3551, d451d94d-57a0-4545-b387-d428f64e3f33:c3551]
2019-07-09 16:26:07,972 INFO  client.GrpcClientProtocolClient (GrpcClientProtocolClient.java:onNext(255)) - client-0F1B900A64BD->9bf35ae9-4da0-4371-87fa-54ea3ce1f280: receive RaftClientReply:client-0F1B900A64BD->9bf35ae9-4da0-4371-87fa-54ea3ce1f280@group-432E83AF5B55, cid=2408, SUCCESS, logIndex=3554, commits[9bf35ae9-4da0-4371-87fa-54ea3ce1f280:c3555, 0cc34542-3a00-466e-ae84-194b84d3af7b:c3551, d451d94d-57a0-4545-b387-d428f64e3f33:c3551]
2019-07-09 16:26:07,972 INFO  client.GrpcClientProtocolClient (GrpcClientProtocolClient.java:onNext(255)) - client-0F1B900A64BD->9bf35ae9-4da0-4371-87fa-54ea3ce1f280: receive RaftClientReply:client-0F1B900A64BD->9bf35ae9-4da0-4371-87fa-54ea3ce1f280@group-432E83AF5B55, cid=2409, SUCCESS, logIndex=3555, commits[9bf35ae9-4da0-4371-87fa-54ea3ce1f280:c3556, 0cc34542-3a00-466e-ae84-194b84d3af7b:c3551, d451d94d-57a0-4545-b387-d428f64e3f33:c3552]
2019-07-09 16:26:07,985 INFO  client.GrpcClientProtocolClient (GrpcClientProtocolClient.java:onNext(255)) - client-0F1B900A64BD->9bf35ae9-4da0-4371-87fa-54ea3ce1f280: receive RaftClientReply:client-0F1B900A64BD->9bf35ae9-4da0-4371-87fa-54ea3ce1f280@group-432E83AF5B55, cid=2410, SUCCESS, logIndex=0, commits[9bf35ae9-4da0-4371-87fa-54ea3ce1f280:c3557, 0cc34542-3a00-466e-ae84-194b84d3af7b:c3553, d451d94d-57a0-4545-b387-d428f64e3f33:c3553]
2019-07-09 16:26:08,006 INFO  client.GrpcClientProtocolClient (GrpcClientProtocolClient.java:onNext(255)) - client-0F1B900A64BD->9bf35ae9-4da0-4371-87fa-54ea3ce1f280: receive RaftClientReply:client-0F1B900A64BD->9bf35ae9-4da0-4371-87fa-54ea3ce1f280@group-432E83AF5B55, cid=2411, SUCCESS, logIndex=3559, commits[9bf35ae9-4da0-4371-87fa-54ea3ce1f280:c3560, 0cc34542-3a00-466e-ae84-194b84d3af7b:c3558, d451d94d-57a0-4545-b387-d428f64e3f33:c3558]
2019-07-09 16:26:08,006 INFO  client.GrpcClientProtocolClient (GrpcClientProtocolClient.java:onNext(255)) - client-0F1B900A64BD->9bf35ae9-4da0-4371-87fa-54ea3ce1f280: receive RaftClientReply:client-0F1B900A64BD->9bf35ae9-4da0-4371-87fa-54ea3ce1f280@group-432E83AF5B55, cid=2412, SUCCESS, logIndex=3560, commits[9bf35ae9-4da0-4371-87fa-54ea3ce1f280:c3560, 0cc34542-3a00-466e-ae84-194b84d3af7b:c3558, d451d94d-57a0-4545-b387-d428f64e3f33:c3558]
2019-07-09 16:26:08,029 INFO  client.GrpcClientProtocolClient (GrpcClientProtocolClient.java:onNext(255)) - client-0F1B900A64BD->9bf35ae9-4da0-4371-87fa-54ea3ce1f280: receive RaftClientReply:client-0F1B900A64BD->9bf35ae9-4da0-4371-87fa-54ea3ce1f280@group-432E83AF5B55, cid=2413, SUCCESS, logIndex=3563, commits[9bf35ae9-4da0-4371-87fa-54ea3ce1f280:c3564, 0cc34542-3a00-466e-ae84-194b84d3af7b:c3560, d451d94d-57a0-4545-b387-d428f64e3f33:c3559]
2019-07-09 16:26:08,030 INFO  client.GrpcClientProtocolClient (GrpcClientProtocolClient.java:onNext(255)) - client-0F1B900A64BD->9bf35ae9-4da0-4371-87fa-54ea3ce1f280: receive RaftClientReply:client-0F1B900A64BD->9bf35ae9-4da0-4371-87fa-54ea3ce1f280@group-432E83AF5B55, cid=2414, SUCCESS, logIndex=3564, commits[9bf35ae9-4da0-4371-87fa-54ea3ce1f280:c3564, 0cc34542-3a00-466e-ae84-194b84d3af7b:c3560, d451d94d-57a0-4545-b387-d428f64e3f33:c3560]
2019-07-09 16:26:08,044 INFO  client.GrpcClientProtocolClient (GrpcClientProtocolClient.java:onNext(255)) - client-0F1B900A64BD->9bf35ae9-4da0-4371-87fa-54ea3ce1f280: receive RaftClientReply:client-0F1B900A64BD->9bf35ae9-4da0-4371-87fa-54ea3ce1f280@group-432E83AF5B55, cid=2415, SUCCESS, logIndex=0, commits[9bf35ae9-4da0-4371-87fa-54ea3ce1f280:c3566, 0cc34542-3a00-466e-ae84-194b84d3af7b:c3564, d451d94d-57a0-4545-b387-d428f64e3f33:c3564]
2019-07-09 16:26:08,075 INFO  client.GrpcClientProtocolClient (GrpcClientProtocolClient.java:onNext(255)) - client-0F1B900A64BD->9bf35ae9-4da0-4371-87fa-54ea3ce1f280: receive RaftClientReply:client-0F1B900A64BD->9bf35ae9-4da0-4371-87fa-54ea3ce1f280@group-432E83AF5B55, cid=2416, SUCCESS, logIndex=3567, commits[9bf35ae9-4da0-4371-87fa-54ea3ce1f280:c3568, 0cc34542-3a00-466e-ae84-194b84d3af7b:c3566, d451d94d-57a0-4545-b387-d428f64e3f33:c3566]
2019-07-09 16:26:08,075 INFO  client.GrpcClientProtocolClient (GrpcClientProtocolClient.java:onNext(255)) - client-0F1B900A64BD->9bf35ae9-4da0-4371-87fa-54ea3ce1f280: receive RaftClientReply:client-0F1B900A64BD->9bf35ae9-4da0-4371-87fa-54ea3ce1f280@group-432E83AF5B55, cid=2417, SUCCESS, logIndex=3568, commits[9bf35ae9-4da0-4371-87fa-54ea3ce1f280:c3570, 0cc34542-3a00-466e-ae84-194b84d3af7b:c3566, d451d94d-57a0-4545-b387-d428f64e3f33:c3566]
2019-07-09 16:26:08,076 INFO  client.GrpcClientProtocolClient (GrpcClientProtocolClient.java:onNext(255)) - client-0F1B900A64BD->9bf35ae9-4da0-4371-87fa-54ea3ce1f280: receive RaftClientReply:client-0F1B900A64BD->9bf35ae9-4da0-4371-87fa-54ea3ce1f280@group-432E83AF5B55, cid=2418, SUCCESS, logIndex=3569, commits[9bf35ae9-4da0-4371-87fa-54ea3ce1f280:c3570, 0cc34542-3a00-466e-ae84-194b84d3af7b:c3566, d451d94d-57a0-4545-b387-d428f64e3f33:c3566]
2019-07-09 16:26:08,076 INFO  client.GrpcClientProtocolClient (GrpcClientProtocolClient.java:onNext(255)) - client-0F1B900A64BD->9bf35ae9-4da0-4371-87fa-54ea3ce1f280: receive RaftClientReply:client-0F1B900A64BD->9bf35ae9-4da0-4371-87fa-54ea3ce1f280@group-432E83AF5B55, cid=2419, SUCCESS, logIndex=3570, commits[9bf35ae9-4da0-4371-87fa-54ea3ce1f280:c3570, 0cc34542-3a00-466e-ae84-194b84d3af7b:c3566, d451d94d-57a0-4545-b387-d428f64e3f33:c3566]
2019-07-09 16:26:08,087 INFO  client.GrpcClientProtocolClient (GrpcClientProtocolClient.java:onNext(255)) - client-0F1B900A64BD->9bf35ae9-4da0-4371-87fa-54ea3ce1f280: receive RaftClientReply:client-0F1B900A64BD->9bf35ae9-4da0-4371-87fa-54ea3ce1f280@group-432E83AF5B55, cid=2420, SUCCESS, logIndex=0, commits[9bf35ae9-4da0-4371-87fa-54ea3ce1f280:c3572, 0cc34542-3a00-466e-ae84-194b84d3af7b:c3568, d451d94d-57a0-4545-b387-d428f64e3f33:c3568]
2019-07-09 16:26:08,109 INFO  client.GrpcClientProtocolClient (GrpcClientProtocolClient.java:onNext(255)) - client-0F1B900A64BD->9bf35ae9-4da0-4371-87fa-54ea3ce1f280: receive RaftClientReply:client-0F1B900A64BD->9bf35ae9-4da0-4371-87fa-54ea3ce1f280@group-432E83AF5B55, cid=2421, SUCCESS, logIndex=3574, commits[9bf35ae9-4da0-4371-87fa-54ea3ce1f280:c3575, 0cc34542-3a00-466e-ae84-194b84d3af7b:c3573, d451d94d-57a0-4545-b387-d428f64e3f33:c3573]
2019-07-09 16:26:08,109 INFO  client.GrpcClientProtocolClient (GrpcClientProtocolClient.java:onNext(255)) - client-0F1B900A64BD->9bf35ae9-4da0-4371-87fa-54ea3ce1f280: receive RaftClientReply:client-0F1B900A64BD->9bf35ae9-4da0-4371-87fa-54ea3ce1f280@group-432E83AF5B55, cid=2422, SUCCESS, logIndex=3575, commits[9bf35ae9-4da0-4371-87fa-54ea3ce1f280:c3575, 0cc34542-3a00-466e-ae84-194b84d3af7b:c3573, d451d94d-57a0-4545-b387-d428f64e3f33:c3573]
2019-07-09 16:26:08,126 INFO  client.GrpcClientProtocolClient (GrpcClientProtocolClient.java:onNext(255)) - client-0F1B900A64BD->9bf35ae9-4da0-4371-87fa-54ea3ce1f280: receive RaftClientReply:client-0F1B900A64BD->9bf35ae9-4da0-4371-87fa-54ea3ce1f280@group-432E83AF5B55, cid=2423, SUCCESS, logIndex=3578, commits[9bf35ae9-4da0-4371-87fa-54ea3ce1f280:c3579, 0cc34542-3a00-466e-ae84-194b84d3af7b:c3575, d451d94d-57a0-4545-b387-d428f64e3f33:c3575]
2019-07-09 16:26:08,127 INFO  client.GrpcClientProtocolClient (GrpcClientProtocolClient.java:onNext(255)) - client-0F1B900A64BD->9bf35ae9-4da0-4371-87fa-54ea3ce1f280: receive RaftClientReply:client-0F1B900A64BD->9bf35ae9-4da0-4371-87fa-54ea3ce1f280@group-432E83AF5B55, cid=2424, SUCCESS, logIndex=3579, commits[9bf35ae9-4da0-4371-87fa-54ea3ce1f280:c3579, 0cc34542-3a00-466e-ae84-194b84d3af7b:c3575, d451d94d-57a0-4545-b387-d428f64e3f33:c3575]
2019-07-09 16:26:08,132 INFO  client.GrpcClientProtocolClient (GrpcClientProtocolClient.java:onNext(255)) - client-0F1B900A64BD->9bf35ae9-4da0-4371-87fa-54ea3ce1f280: receive RaftClientReply:client-0F1B900A64BD->9bf35ae9-4da0-4371-87fa-54ea3ce1f280@group-432E83AF5B55, cid=2425, SUCCESS, logIndex=0, commits[9bf35ae9-4da0-4371-87fa-54ea3ce1f280:c3581, 0cc34542-3a00-466e-ae84-194b84d3af7b:c3579, d451d94d-57a0-4545-b387-d428f64e3f33:c3579]
2019-07-09 16:26:08,164 INFO  client.GrpcClientProtocolClient (GrpcClientProtocolClient.java:onNext(255)) - client-0F1B900A64BD->9bf35ae9-4da0-4371-87fa-54ea3ce1f280: receive RaftClientReply:client-0F1B900A64BD->9bf35ae9-4da0-4371-87fa-54ea3ce1f280@group-432E83AF5B55, cid=2426, SUCCESS, logIndex=3582, commits[9bf35ae9-4da0-4371-87fa-54ea3ce1f280:c3585, 0cc34542-3a00-466e-ae84-194b84d3af7b:c3581, d451d94d-57a0-4545-b387-d428f64e3f33:c3581]
2019-07-09 16:26:08,165 INFO  client.GrpcClientProtocolClient (GrpcClientProtocolClient.java:onNext(255)) - client-0F1B900A64BD->9bf35ae9-4da0-4371-87fa-54ea3ce1f280: receive RaftClientReply:client-0F1B900A64BD->9bf35ae9-4da0-4371-87fa-54ea3ce1f280@group-432E83AF5B55, cid=2427, SUCCESS, logIndex=3583, commits[9bf35ae9-4da0-4371-87fa-54ea3ce1f280:c3585, 0cc34542-3a00-466e-ae84-194b84d3af7b:c3581, d451d94d-57a0-4545-b387-d428f64e3f33:c3581]
2019-07-09 16:26:08,165 INFO  client.GrpcClientProtocolClient (GrpcClientProtocolClient.java:onNext(255)) - client-0F1B900A64BD->9bf35ae9-4da0-4371-87fa-54ea3ce1f280: receive RaftClientReply:client-0F1B900A64BD->9bf35ae9-4da0-4371-87fa-54ea3ce1f280@group-432E83AF5B55, cid=2428, SUCCESS, logIndex=3584, commits[9bf35ae9-4da0-4371-87fa-54ea3ce1f280:c3585, 0cc34542-3a00-466e-ae84-194b84d3af7b:c3581, d451d94d-57a0-4545-b387-d428f64e3f33:c3581]
2019-07-09 16:26:08,165 INFO  client.GrpcClientProtocolClient (GrpcClientProtocolClient.java:onNext(255)) - client-0F1B900A64BD->9bf35ae9-4da0-4371-87fa-54ea3ce1f280: receive RaftClientReply:client-0F1B900A64BD->9bf35ae9-4da0-4371-87fa-54ea3ce1f280@group-432E83AF5B55, cid=2429, SUCCESS, logIndex=3585, commits[9bf35ae9-4da0-4371-87fa-54ea3ce1f280:c3586, 0cc34542-3a00-466e-ae84-194b84d3af7b:c3581, d451d94d-57a0-4545-b387-d428f64e3f33:c3583]
2019-07-09 16:26:08,167 INFO  client.GrpcClientProtocolClient (GrpcClientProtocolClient.java:onNext(255)) - client-0F1B900A64BD->9bf35ae9-4da0-4371-87fa-54ea3ce1f280: receive RaftClientReply:client-0F1B900A64BD->9bf35ae9-4da0-4371-87fa-54ea3ce1f280@group-432E83AF5B55, cid=2430, SUCCESS, logIndex=0, commits[9bf35ae9-4da0-4371-87fa-54ea3ce1f280:c3588, 0cc34542-3a00-466e-ae84-194b84d3af7b:c3583, d451d94d-57a0-4545-b387-d428f64e3f33:c3584]
2019-07-09 16:26:08,190 INFO  client.GrpcClientProtocolClient (GrpcClientProtocolClient.java:onNext(255)) - client-0F1B900A64BD->9bf35ae9-4da0-4371-87fa-54ea3ce1f280: receive RaftClientReply:client-0F1B900A64BD->9bf35ae9-4da0-4371-87fa-54ea3ce1f280@group-432E83AF5B55, cid=2431, SUCCESS, logIndex=3590, commits[9bf35ae9-4da0-4371-87fa-54ea3ce1f280:c3591, 0cc34542-3a00-466e-ae84-194b84d3af7b:c3589, d451d94d-57a0-4545-b387-d428f64e3f33:c3589]
2019-07-09 16:26:08,191 INFO  client.GrpcClientProtocolClient (GrpcClientProtocolClient.java:onNext(255)) - client-0F1B900A64BD->9bf35ae9-4da0-4371-87fa-54ea3ce1f280: receive RaftClientReply:client-0F1B900A64BD->9bf35ae9-4da0-4371-87fa-54ea3ce1f280@group-432E83AF5B55, cid=2432, SUCCESS, logIndex=3591, commits[9bf35ae9-4da0-4371-87fa-54ea3ce1f280:c3591, 0cc34542-3a00-466e-ae84-194b84d3af7b:c3589, d451d94d-57a0-4545-b387-d428f64e3f33:c3589]
2019-07-09 16:26:08,206 INFO  client.GrpcClientProtocolClient (GrpcClientProtocolClient.java:onNext(255)) - client-0F1B900A64BD->9bf35ae9-4da0-4371-87fa-54ea3ce1f280: receive RaftClientReply:client-0F1B900A64BD->9bf35ae9-4da0-4371-87fa-54ea3ce1f280@group-432E83AF5B55, cid=2433, SUCCESS, logIndex=3594, commits[9bf35ae9-4da0-4371-87fa-54ea3ce1f280:c3595, 0cc34542-3a00-466e-ae84-194b84d3af7b:c3591, d451d94d-57a0-4545-b387-d428f64e3f33:c3591]
2019-07-09 16:26:08,206 INFO  client.GrpcClientProtocolClient (GrpcClientProtocolClient.java:onNext(255)) - client-0F1B900A64BD->9bf35ae9-4da0-4371-87fa-54ea3ce1f280: receive RaftClientReply:client-0F1B900A64BD->9bf35ae9-4da0-4371-87fa-54ea3ce1f280@group-432E83AF5B55, cid=2434, SUCCESS, logIndex=3595, commits[9bf35ae9-4da0-4371-87fa-54ea3ce1f280:c3595, 0cc34542-3a00-466e-ae84-194b84d3af7b:c3591, d451d94d-57a0-4545-b387-d428f64e3f33:c3591]
2019-07-09 16:26:08,243 INFO  client.GrpcClientProtocolClient (GrpcClientProtocolClient.java:onNext(255)) - client-0F1B900A64BD->9bf35ae9-4da0-4371-87fa-54ea3ce1f280: receive RaftClientReply:client-0F1B900A64BD->9bf35ae9-4da0-4371-87fa-54ea3ce1f280@group-432E83AF5B55, cid=2435, SUCCESS, logIndex=0, commits[9bf35ae9-4da0-4371-87fa-54ea3ce1f280:c3597, 0cc34542-3a00-466e-ae84-194b84d3af7b:c3595, d451d94d-57a0-4545-b387-d428f64e3f33:c3595]
2019-07-09 16:26:08,274 INFO  client.GrpcClientProtocolClient (GrpcClientProtocolClient.java:onNext(255)) - client-0F1B900A64BD->9bf35ae9-4da0-4371-87fa-54ea3ce1f280: receive RaftClientReply:client-0F1B900A64BD->9bf35ae9-4da0-4371-87fa-54ea3ce1f280@group-432E83AF5B55, cid=2436, SUCCESS, logIndex=3598, commits[9bf35ae9-4da0-4371-87fa-54ea3ce1f280:c3600, 0cc34542-3a00-466e-ae84-194b84d3af7b:c3597, d451d94d-57a0-4545-b387-d428f64e3f33:c3597]
2019-07-09 16:26:08,275 INFO  client.GrpcClientProtocolClient (GrpcClientProtocolClient.java:onNext(255)) - client-0F1B900A64BD->9bf35ae9-4da0-4371-87fa-54ea3ce1f280: receive RaftClientReply:client-0F1B900A64BD->9bf35ae9-4da0-4371-87fa-54ea3ce1f280@group-432E83AF5B55, cid=2437, SUCCESS, logIndex=3599, commits[9bf35ae9-4da0-4371-87fa-54ea3ce1f280:c3601, 0cc34542-3a00-466e-ae84-194b84d3af7b:c3597, d451d94d-57a0-4545-b387-d428f64e3f33:c3597]
2019-07-09 16:26:08,275 INFO  client.GrpcClientProtocolClient (GrpcClientProtocolClient.java:onNext(255)) - client-0F1B900A64BD->9bf35ae9-4da0-4371-87fa-54ea3ce1f280: receive RaftClientReply:client-0F1B900A64BD->9bf35ae9-4da0-4371-87fa-54ea3ce1f280@group-432E83AF5B55, cid=2438, SUCCESS, logIndex=3600, commits[9bf35ae9-4da0-4371-87fa-54ea3ce1f280:c3601, 0cc34542-3a00-466e-ae84-194b84d3af7b:c3597, d451d94d-57a0-4545-b387-d428f64e3f33:c3597]
2019-07-09 16:26:08,276 INFO  client.GrpcClientProtocolClient (GrpcClientProtocolClient.java:onNext(255)) - client-0F1B900A64BD->9bf35ae9-4da0-4371-87fa-54ea3ce1f280: receive RaftClientReply:client-0F1B900A64BD->9bf35ae9-4da0-4371-87fa-54ea3ce1f280@group-432E83AF5B55, cid=2439, SUCCESS, logIndex=3601, commits[9bf35ae9-4da0-4371-87fa-54ea3ce1f280:c3601, 0cc34542-3a00-466e-ae84-194b84d3af7b:c3597, d451d94d-57a0-4545-b387-d428f64e3f33:c3597]
2019-07-09 16:26:08,289 INFO  client.GrpcClientProtocolClient (GrpcClientProtocolClient.java:onNext(255)) - client-0F1B900A64BD->9bf35ae9-4da0-4371-87fa-54ea3ce1f280: receive RaftClientReply:client-0F1B900A64BD->9bf35ae9-4da0-4371-87fa-54ea3ce1f280@group-432E83AF5B55, cid=2440, SUCCESS, logIndex=0, commits[9bf35ae9-4da0-4371-87fa-54ea3ce1f280:c3604, 0cc34542-3a00-466e-ae84-194b84d3af7b:c3600, d451d94d-57a0-4545-b387-d428f64e3f33:c3599]
2019-07-09 16:26:08,317 INFO  client.GrpcClientProtocolClient (GrpcClientProtocolClient.java:onNext(255)) - client-0F1B900A64BD->9bf35ae9-4da0-4371-87fa-54ea3ce1f280: receive RaftClientReply:client-0F1B900A64BD->9bf35ae9-4da0-4371-87fa-54ea3ce1f280@group-432E83AF5B55, cid=2441, SUCCESS, logIndex=3606, commits[9bf35ae9-4da0-4371-87fa-54ea3ce1f280:c3607, 0cc34542-3a00-466e-ae84-194b84d3af7b:c3605, d451d94d-57a0-4545-b387-d428f64e3f33:c3605]
2019-07-09 16:26:08,318 INFO  client.GrpcClientProtocolClient (GrpcClientProtocolClient.java:onNext(255)) - client-0F1B900A64BD->9bf35ae9-4da0-4371-87fa-54ea3ce1f280: receive RaftClientReply:client-0F1B900A64BD->9bf35ae9-4da0-4371-87fa-54ea3ce1f280@group-432E83AF5B55, cid=2442, SUCCESS, logIndex=3607, commits[9bf35ae9-4da0-4371-87fa-54ea3ce1f280:c3607, 0cc34542-3a00-466e-ae84-194b84d3af7b:c3605, d451d94d-57a0-4545-b387-d428f64e3f33:c3605]
2019-07-09 16:26:08,344 INFO  client.GrpcClientProtocolClient (GrpcClientProtocolClient.java:onNext(255)) - client-0F1B900A64BD->9bf35ae9-4da0-4371-87fa-54ea3ce1f280: receive RaftClientReply:client-0F1B900A64BD->9bf35ae9-4da0-4371-87fa-54ea3ce1f280@group-432E83AF5B55, cid=2443, SUCCESS, logIndex=3610, commits[9bf35ae9-4da0-4371-87fa-54ea3ce1f280:c3611, 0cc34542-3a00-466e-ae84-194b84d3af7b:c3607, d451d94d-57a0-4545-b387-d428f64e3f33:c3607]
2019-07-09 16:26:08,345 INFO  client.GrpcClientProtocolClient (GrpcClientProtocolClient.java:onNext(255)) - client-0F1B900A64BD->9bf35ae9-4da0-4371-87fa-54ea3ce1f280: receive RaftClientReply:client-0F1B900A64BD->9bf35ae9-4da0-4371-87fa-54ea3ce1f280@group-432E83AF5B55, cid=2444, SUCCESS, logIndex=3611, commits[9bf35ae9-4da0-4371-87fa-54ea3ce1f280:c3611, 0cc34542-3a00-466e-ae84-194b84d3af7b:c3607, d451d94d-57a0-4545-b387-d428f64e3f33:c3607]
2019-07-09 16:26:08,348 INFO  client.GrpcClientProtocolClient (GrpcClientProtocolClient.java:onNext(255)) - client-0F1B900A64BD->9bf35ae9-4da0-4371-87fa-54ea3ce1f280: receive RaftClientReply:client-0F1B900A64BD->9bf35ae9-4da0-4371-87fa-54ea3ce1f280@group-432E83AF5B55, cid=2445, SUCCESS, logIndex=0, commits[9bf35ae9-4da0-4371-87fa-54ea3ce1f280:c3612, 0cc34542-3a00-466e-ae84-194b84d3af7b:c3611, d451d94d-57a0-4545-b387-d428f64e3f33:c3611]
2019-07-09 16:26:08,384 INFO  client.GrpcClientProtocolClient (GrpcClientProtocolClient.java:onNext(255)) - client-0F1B900A64BD->9bf35ae9-4da0-4371-87fa-54ea3ce1f280: receive RaftClientReply:client-0F1B900A64BD->9bf35ae9-4da0-4371-87fa-54ea3ce1f280@group-432E83AF5B55, cid=2446, SUCCESS, logIndex=3614, commits[9bf35ae9-4da0-4371-87fa-54ea3ce1f280:c3617, 0cc34542-3a00-466e-ae84-194b84d3af7b:c3613, d451d94d-57a0-4545-b387-d428f64e3f33:c3613]
2019-07-09 16:26:08,384 INFO  client.GrpcClientProtocolClient (GrpcClientProtocolClient.java:onNext(255)) - client-0F1B900A64BD->9bf35ae9-4da0-4371-87fa-54ea3ce1f280: receive RaftClientReply:client-0F1B900A64BD->9bf35ae9-4da0-4371-87fa-54ea3ce1f280@group-432E83AF5B55, cid=2447, SUCCESS, logIndex=3615, commits[9bf35ae9-4da0-4371-87fa-54ea3ce1f280:c3617, 0cc34542-3a00-466e-ae84-194b84d3af7b:c3613, d451d94d-57a0-4545-b387-d428f64e3f33:c3613]
2019-07-09 16:26:08,384 INFO  client.GrpcClientProtocolClient (GrpcClientProtocolClient.java:onNext(255)) - client-0F1B900A64BD->9bf35ae9-4da0-4371-87fa-54ea3ce1f280: receive RaftClientReply:client-0F1B900A64BD->9bf35ae9-4da0-4371-87fa-54ea3ce1f280@group-432E83AF5B55, cid=2448, SUCCESS, logIndex=3616, commits[9bf35ae9-4da0-4371-87fa-54ea3ce1f280:c3617, 0cc34542-3a00-466e-ae84-194b84d3af7b:c3613, d451d94d-57a0-4545-b387-d428f64e3f33:c3613]
2019-07-09 16:26:08,385 INFO  client.GrpcClientProtocolClient (GrpcClientProtocolClient.java:onNext(255)) - client-0F1B900A64BD->9bf35ae9-4da0-4371-87fa-54ea3ce1f280: receive RaftClientReply:client-0F1B900A64BD->9bf35ae9-4da0-4371-87fa-54ea3ce1f280@group-432E83AF5B55, cid=2449, SUCCESS, logIndex=3617, commits[9bf35ae9-4da0-4371-87fa-54ea3ce1f280:c3617, 0cc34542-3a00-466e-ae84-194b84d3af7b:c3613, d451d94d-57a0-4545-b387-d428f64e3f33:c3613]
2019-07-09 16:26:08,408 INFO  client.GrpcClientProtocolClient (GrpcClientProtocolClient.java:onNext(255)) - client-0F1B900A64BD->9bf35ae9-4da0-4371-87fa-54ea3ce1f280: receive RaftClientReply:client-0F1B900A64BD->9bf35ae9-4da0-4371-87fa-54ea3ce1f280@group-432E83AF5B55, cid=2450, SUCCESS, logIndex=0, commits[9bf35ae9-4da0-4371-87fa-54ea3ce1f280:c3621, 0cc34542-3a00-466e-ae84-194b84d3af7b:c3615, d451d94d-57a0-4545-b387-d428f64e3f33:c3617]
2019-07-09 16:26:08,431 INFO  client.GrpcClientProtocolClient (GrpcClientProtocolClient.java:onNext(255)) - client-0F1B900A64BD->9bf35ae9-4da0-4371-87fa-54ea3ce1f280: receive RaftClientReply:client-0F1B900A64BD->9bf35ae9-4da0-4371-87fa-54ea3ce1f280@group-432E83AF5B55, cid=2451, SUCCESS, logIndex=3622, commits[9bf35ae9-4da0-4371-87fa-54ea3ce1f280:c3623, 0cc34542-3a00-466e-ae84-194b84d3af7b:c3621, d451d94d-57a0-4545-b387-d428f64e3f33:c3621]
2019-07-09 16:26:08,431 INFO  client.GrpcClientProtocolClient (GrpcClientProtocolClient.java:onNext(255)) - client-0F1B900A64BD->9bf35ae9-4da0-4371-87fa-54ea3ce1f280: receive RaftClientReply:client-0F1B900A64BD->9bf35ae9-4da0-4371-87fa-54ea3ce1f280@group-432E83AF5B55, cid=2452, SUCCESS, logIndex=3623, commits[9bf35ae9-4da0-4371-87fa-54ea3ce1f280:c3623, 0cc34542-3a00-466e-ae84-194b84d3af7b:c3621, d451d94d-57a0-4545-b387-d428f64e3f33:c3621]
2019-07-09 16:26:08,444 INFO  client.GrpcClientProtocolClient (GrpcClientProtocolClient.java:onNext(255)) - client-0F1B900A64BD->9bf35ae9-4da0-4371-87fa-54ea3ce1f280: receive RaftClientReply:client-0F1B900A64BD->9bf35ae9-4da0-4371-87fa-54ea3ce1f280@group-432E83AF5B55, cid=2453, SUCCESS, logIndex=3626, commits[9bf35ae9-4da0-4371-87fa-54ea3ce1f280:c3626, 0cc34542-3a00-466e-ae84-194b84d3af7b:c3623, d451d94d-57a0-4545-b387-d428f64e3f33:c3623]
2019-07-09 16:26:08,444 INFO  client.GrpcClientProtocolClient (GrpcClientProtocolClient.java:onNext(255)) - client-0F1B900A64BD->9bf35ae9-4da0-4371-87fa-54ea3ce1f280: receive RaftClientReply:client-0F1B900A64BD->9bf35ae9-4da0-4371-87fa-54ea3ce1f280@group-432E83AF5B55, cid=2454, SUCCESS, logIndex=3627, commits[9bf35ae9-4da0-4371-87fa-54ea3ce1f280:c3627, 0cc34542-3a00-466e-ae84-194b84d3af7b:c3623, d451d94d-57a0-4545-b387-d428f64e3f33:c3623]
2019-07-09 16:26:08,458 INFO  client.GrpcClientProtocolClient (GrpcClientProtocolClient.java:onNext(255)) - client-0F1B900A64BD->9bf35ae9-4da0-4371-87fa-54ea3ce1f280: receive RaftClientReply:client-0F1B900A64BD->9bf35ae9-4da0-4371-87fa-54ea3ce1f280@group-432E83AF5B55, cid=2455, SUCCESS, logIndex=0, commits[9bf35ae9-4da0-4371-87fa-54ea3ce1f280:c3629, 0cc34542-3a00-466e-ae84-194b84d3af7b:c3627, d451d94d-57a0-4545-b387-d428f64e3f33:c3627]
2019-07-09 16:26:08,490 INFO  client.GrpcClientProtocolClient (GrpcClientProtocolClient.java:onNext(255)) - client-0F1B900A64BD->9bf35ae9-4da0-4371-87fa-54ea3ce1f280: receive RaftClientReply:client-0F1B900A64BD->9bf35ae9-4da0-4371-87fa-54ea3ce1f280@group-432E83AF5B55, cid=2456, SUCCESS, logIndex=3630, commits[9bf35ae9-4da0-4371-87fa-54ea3ce1f280:c3632, 0cc34542-3a00-466e-ae84-194b84d3af7b:c3629, d451d94d-57a0-4545-b387-d428f64e3f33:c3629]
2019-07-09 16:26:08,491 INFO  client.GrpcClientProtocolClient (GrpcClientProtocolClient.java:onNext(255)) - client-0F1B900A64BD->9bf35ae9-4da0-4371-87fa-54ea3ce1f280: receive RaftClientReply:client-0F1B900A64BD->9bf35ae9-4da0-4371-87fa-54ea3ce1f280@group-432E83AF5B55, cid=2457, SUCCESS, logIndex=3631, commits[9bf35ae9-4da0-4371-87fa-54ea3ce1f280:c3633, 0cc34542-3a00-466e-ae84-194b84d3af7b:c3629, d451d94d-57a0-4545-b387-d428f64e3f33:c3629]
2019-07-09 16:26:08,491 INFO  client.GrpcClientProtocolClient (GrpcClientProtocolClient.java:onNext(255)) - client-0F1B900A64BD->9bf35ae9-4da0-4371-87fa-54ea3ce1f280: receive RaftClientReply:client-0F1B900A64BD->9bf35ae9-4da0-4371-87fa-54ea3ce1f280@group-432E83AF5B55, cid=2458, SUCCESS, logIndex=3632, commits[9bf35ae9-4da0-4371-87fa-54ea3ce1f280:c3633, 0cc34542-3a00-466e-ae84-194b84d3af7b:c3629, d451d94d-57a0-4545-b387-d428f64e3f33:c3629]
2019-07-09 16:26:08,491 INFO  client.GrpcClientProtocolClient (GrpcClientProtocolClient.java:onNext(255)) - client-0F1B900A64BD->9bf35ae9-4da0-4371-87fa-54ea3ce1f280: receive RaftClientReply:client-0F1B900A64BD->9bf35ae9-4da0-4371-87fa-54ea3ce1f280@group-432E83AF5B55, cid=2459, SUCCESS, logIndex=3633, commits[9bf35ae9-4da0-4371-87fa-54ea3ce1f280:c3633, 0cc34542-3a00-466e-ae84-194b84d3af7b:c3629, d451d94d-57a0-4545-b387-d428f64e3f33:c3629]
2019-07-09 16:26:08,505 INFO  client.GrpcClientProtocolClient (GrpcClientProtocolClient.java:onNext(255)) - client-0F1B900A64BD->9bf35ae9-4da0-4371-87fa-54ea3ce1f280: receive RaftClientReply:client-0F1B900A64BD->9bf35ae9-4da0-4371-87fa-54ea3ce1f280@group-432E83AF5B55, cid=2460, SUCCESS, logIndex=0, commits[9bf35ae9-4da0-4371-87fa-54ea3ce1f280:c3635, 0cc34542-3a00-466e-ae84-194b84d3af7b:c3631, d451d94d-57a0-4545-b387-d428f64e3f33:c3631]
2019-07-09 16:26:08,526 INFO  client.GrpcClientProtocolClient (GrpcClientProtocolClient.java:onNext(255)) - client-0F1B900A64BD->9bf35ae9-4da0-4371-87fa-54ea3ce1f280: receive RaftClientReply:client-0F1B900A64BD->9bf35ae9-4da0-4371-87fa-54ea3ce1f280@group-432E83AF5B55, cid=2461, SUCCESS, logIndex=3638, commits[9bf35ae9-4da0-4371-87fa-54ea3ce1f280:c3639, 0cc34542-3a00-466e-ae84-194b84d3af7b:c3637, d451d94d-57a0-4545-b387-d428f64e3f33:c3637]
2019-07-09 16:26:08,526 INFO  client.GrpcClientProtocolClient (GrpcClientProtocolClient.java:onNext(255)) - client-0F1B900A64BD->9bf35ae9-4da0-4371-87fa-54ea3ce1f280: receive RaftClientReply:client-0F1B900A64BD->9bf35ae9-4da0-4371-87fa-54ea3ce1f280@group-432E83AF5B55, cid=2462, SUCCESS, logIndex=3639, commits[9bf35ae9-4da0-4371-87fa-54ea3ce1f280:c3639, 0cc34542-3a00-466e-ae84-194b84d3af7b:c3637, d451d94d-57a0-4545-b387-d428f64e3f33:c3637]
2019-07-09 16:26:08,540 INFO  client.GrpcClientProtocolClient (GrpcClientProtocolClient.java:onNext(255)) - client-0F1B900A64BD->9bf35ae9-4da0-4371-87fa-54ea3ce1f280: receive RaftClientReply:client-0F1B900A64BD->9bf35ae9-4da0-4371-87fa-54ea3ce1f280@group-432E83AF5B55, cid=2463, SUCCESS, logIndex=3642, commits[9bf35ae9-4da0-4371-87fa-54ea3ce1f280:c3643, 0cc34542-3a00-466e-ae84-194b84d3af7b:c3639, d451d94d-57a0-4545-b387-d428f64e3f33:c3639]
2019-07-09 16:26:08,540 INFO  client.GrpcClientProtocolClient (GrpcClientProtocolClient.java:onNext(255)) - client-0F1B900A64BD->9bf35ae9-4da0-4371-87fa-54ea3ce1f280: receive RaftClientReply:client-0F1B900A64BD->9bf35ae9-4da0-4371-87fa-54ea3ce1f280@group-432E83AF5B55, cid=2464, SUCCESS, logIndex=3643, commits[9bf35ae9-4da0-4371-87fa-54ea3ce1f280:c3643, 0cc34542-3a00-466e-ae84-194b84d3af7b:c3639, d451d94d-57a0-4545-b387-d428f64e3f33:c3639]
2019-07-09 16:26:08,553 INFO  client.GrpcClientProtocolClient (GrpcClientProtocolClient.java:onNext(255)) - client-0F1B900A64BD->9bf35ae9-4da0-4371-87fa-54ea3ce1f280: receive RaftClientReply:client-0F1B900A64BD->9bf35ae9-4da0-4371-87fa-54ea3ce1f280@group-432E83AF5B55, cid=2465, SUCCESS, logIndex=0, commits[9bf35ae9-4da0-4371-87fa-54ea3ce1f280:c3645, 0cc34542-3a00-466e-ae84-194b84d3af7b:c3643, d451d94d-57a0-4545-b387-d428f64e3f33:c3643]
2019-07-09 16:26:08,582 INFO  client.GrpcClientProtocolClient (GrpcClientProtocolClient.java:onNext(255)) - client-0F1B900A64BD->9bf35ae9-4da0-4371-87fa-54ea3ce1f280: receive RaftClientReply:client-0F1B900A64BD->9bf35ae9-4da0-4371-87fa-54ea3ce1f280@group-432E83AF5B55, cid=2466, SUCCESS, logIndex=3646, commits[9bf35ae9-4da0-4371-87fa-54ea3ce1f280:c3648, 0cc34542-3a00-466e-ae84-194b84d3af7b:c3645, d451d94d-57a0-4545-b387-d428f64e3f33:c3645]
2019-07-09 16:26:08,582 INFO  client.GrpcClientProtocolClient (GrpcClientProtocolClient.java:onNext(255)) - client-0F1B900A64BD->9bf35ae9-4da0-4371-87fa-54ea3ce1f280: receive RaftClientReply:client-0F1B900A64BD->9bf35ae9-4da0-4371-87fa-54ea3ce1f280@group-432E83AF5B55, cid=2467, SUCCESS, logIndex=3647, commits[9bf35ae9-4da0-4371-87fa-54ea3ce1f280:c3649, 0cc34542-3a00-466e-ae84-194b84d3af7b:c3645, d451d94d-57a0-4545-b387-d428f64e3f33:c3645]
2019-07-09 16:26:08,583 INFO  client.GrpcClientProtocolClient (GrpcClientProtocolClient.java:onNext(255)) - client-0F1B900A64BD->9bf35ae9-4da0-4371-87fa-54ea3ce1f280: receive RaftClientReply:client-0F1B900A64BD->9bf35ae9-4da0-4371-87fa-54ea3ce1f280@group-432E83AF5B55, cid=2468, SUCCESS, logIndex=3648, commits[9bf35ae9-4da0-4371-87fa-54ea3ce1f280:c3649, 0cc34542-3a00-466e-ae84-194b84d3af7b:c3645, d451d94d-57a0-4545-b387-d428f64e3f33:c3645]
2019-07-09 16:26:08,583 INFO  client.GrpcClientProtocolClient (GrpcClientProtocolClient.java:onNext(255)) - client-0F1B900A64BD->9bf35ae9-4da0-4371-87fa-54ea3ce1f280: receive RaftClientReply:client-0F1B900A64BD->9bf35ae9-4da0-4371-87fa-54ea3ce1f280@group-432E83AF5B55, cid=2469, SUCCESS, logIndex=3649, commits[9bf35ae9-4da0-4371-87fa-54ea3ce1f280:c3649, 0cc34542-3a00-466e-ae84-194b84d3af7b:c3645, d451d94d-57a0-4545-b387-d428f64e3f33:c3645]
2019-07-09 16:26:08,584 INFO  client.GrpcClientProtocolClient (GrpcClientProtocolClient.java:onNext(255)) - client-0F1B900A64BD->9bf35ae9-4da0-4371-87fa-54ea3ce1f280: receive RaftClientReply:client-0F1B900A64BD->9bf35ae9-4da0-4371-87fa-54ea3ce1f280@group-432E83AF5B55, cid=2470, SUCCESS, logIndex=0, commits[9bf35ae9-4da0-4371-87fa-54ea3ce1f280:c3650, 0cc34542-3a00-466e-ae84-194b84d3af7b:c3647, d451d94d-57a0-4545-b387-d428f64e3f33:c3647]
2019-07-09 16:26:08,597 INFO  client.GrpcClientProtocolClient (GrpcClientProtocolClient.java:onNext(255)) - client-0F1B900A64BD->9bf35ae9-4da0-4371-87fa-54ea3ce1f280: receive RaftClientReply:client-0F1B900A64BD->9bf35ae9-4da0-4371-87fa-54ea3ce1f280@group-432E83AF5B55, cid=2471, SUCCESS, logIndex=3654, commits[9bf35ae9-4da0-4371-87fa-54ea3ce1f280:c3655, 0cc34542-3a00-466e-ae84-194b84d3af7b:c3649, d451d94d-57a0-4545-b387-d428f64e3f33:c3650]
2019-07-09 16:26:08,597 INFO  client.GrpcClientProtocolClient (GrpcClientProtocolClient.java:onNext(255)) - client-0F1B900A64BD->9bf35ae9-4da0-4371-87fa-54ea3ce1f280: receive RaftClientReply:client-0F1B900A64BD->9bf35ae9-4da0-4371-87fa-54ea3ce1f280@group-432E83AF5B55, cid=2472, SUCCESS, logIndex=3655, commits[9bf35ae9-4da0-4371-87fa-54ea3ce1f280:c3655, 0cc34542-3a00-466e-ae84-194b84d3af7b:c3650, d451d94d-57a0-4545-b387-d428f64e3f33:c3650]
2019-07-09 16:26:08,614 INFO  client.GrpcClientProtocolClient (GrpcClientProtocolClient.java:onNext(255)) - client-0F1B900A64BD->9bf35ae9-4da0-4371-87fa-54ea3ce1f280: receive RaftClientReply:client-0F1B900A64BD->9bf35ae9-4da0-4371-87fa-54ea3ce1f280@group-432E83AF5B55, cid=2473, SUCCESS, logIndex=3658, commits[9bf35ae9-4da0-4371-87fa-54ea3ce1f280:c3659, 0cc34542-3a00-466e-ae84-194b84d3af7b:c3656, d451d94d-57a0-4545-b387-d428f64e3f33:c3656]
2019-07-09 16:26:08,615 INFO  client.GrpcClientProtocolClient (GrpcClientProtocolClient.java:onNext(255)) - client-0F1B900A64BD->9bf35ae9-4da0-4371-87fa-54ea3ce1f280: receive RaftClientReply:client-0F1B900A64BD->9bf35ae9-4da0-4371-87fa-54ea3ce1f280@group-432E83AF5B55, cid=2474, SUCCESS, logIndex=3659, commits[9bf35ae9-4da0-4371-87fa-54ea3ce1f280:c3659, 0cc34542-3a00-466e-ae84-194b84d3af7b:c3656, d451d94d-57a0-4545-b387-d428f64e3f33:c3656]
2019-07-09 16:26:08,627 INFO  client.GrpcClientProtocolClient (GrpcClientProtocolClient.java:onNext(255)) - client-0F1B900A64BD->9bf35ae9-4da0-4371-87fa-54ea3ce1f280: receive RaftClientReply:client-0F1B900A64BD->9bf35ae9-4da0-4371-87fa-54ea3ce1f280@group-432E83AF5B55, cid=2475, SUCCESS, logIndex=0, commits[9bf35ae9-4da0-4371-87fa-54ea3ce1f280:c3660, 0cc34542-3a00-466e-ae84-194b84d3af7b:c3659, d451d94d-57a0-4545-b387-d428f64e3f33:c3659]
2019-07-09 16:26:08,658 INFO  client.GrpcClientProtocolClient (GrpcClientProtocolClient.java:onNext(255)) - client-0F1B900A64BD->9bf35ae9-4da0-4371-87fa-54ea3ce1f280: receive RaftClientReply:client-0F1B900A64BD->9bf35ae9-4da0-4371-87fa-54ea3ce1f280@group-432E83AF5B55, cid=2476, SUCCESS, logIndex=3662, commits[9bf35ae9-4da0-4371-87fa-54ea3ce1f280:c3663, 0cc34542-3a00-466e-ae84-194b84d3af7b:c3661, d451d94d-57a0-4545-b387-d428f64e3f33:c3661]
2019-07-09 16:26:08,658 INFO  client.GrpcClientProtocolClient (GrpcClientProtocolClient.java:onNext(255)) - client-0F1B900A64BD->9bf35ae9-4da0-4371-87fa-54ea3ce1f280: receive RaftClientReply:client-0F1B900A64BD->9bf35ae9-4da0-4371-87fa-54ea3ce1f280@group-432E83AF5B55, cid=2477, SUCCESS, logIndex=3663, commits[9bf35ae9-4da0-4371-87fa-54ea3ce1f280:c3665, 0cc34542-3a00-466e-ae84-194b84d3af7b:c3661, d451d94d-57a0-4545-b387-d428f64e3f33:c3661]
2019-07-09 16:26:08,659 INFO  client.GrpcClientProtocolClient (GrpcClientProtocolClient.java:onNext(255)) - client-0F1B900A64BD->9bf35ae9-4da0-4371-87fa-54ea3ce1f280: receive RaftClientReply:client-0F1B900A64BD->9bf35ae9-4da0-4371-87fa-54ea3ce1f280@group-432E83AF5B55, cid=2478, SUCCESS, logIndex=3664, commits[9bf35ae9-4da0-4371-87fa-54ea3ce1f280:c3665, 0cc34542-3a00-466e-ae84-194b84d3af7b:c3661, d451d94d-57a0-4545-b387-d428f64e3f33:c3661]
2019-07-09 16:26:08,659 INFO  client.GrpcClientProtocolClient (GrpcClientProtocolClient.java:onNext(255)) - client-0F1B900A64BD->9bf35ae9-4da0-4371-87fa-54ea3ce1f280: receive RaftClientReply:client-0F1B900A64BD->9bf35ae9-4da0-4371-87fa-54ea3ce1f280@group-432E83AF5B55, cid=2479, SUCCESS, logIndex=3665, commits[9bf35ae9-4da0-4371-87fa-54ea3ce1f280:c3665, 0cc34542-3a00-466e-ae84-194b84d3af7b:c3661, d451d94d-57a0-4545-b387-d428f64e3f33:c3661]
2019-07-09 16:26:08,663 INFO  client.GrpcClientProtocolClient (GrpcClientProtocolClient.java:onNext(255)) - client-0F1B900A64BD->9bf35ae9-4da0-4371-87fa-54ea3ce1f280: receive RaftClientReply:client-0F1B900A64BD->9bf35ae9-4da0-4371-87fa-54ea3ce1f280@group-432E83AF5B55, cid=2480, SUCCESS, logIndex=0, commits[9bf35ae9-4da0-4371-87fa-54ea3ce1f280:c3666, 0cc34542-3a00-466e-ae84-194b84d3af7b:c3663, d451d94d-57a0-4545-b387-d428f64e3f33:c3663]
2019-07-09 16:26:08,684 INFO  client.GrpcClientProtocolClient (GrpcClientProtocolClient.java:onNext(255)) - client-0F1B900A64BD->9bf35ae9-4da0-4371-87fa-54ea3ce1f280: receive RaftClientReply:client-0F1B900A64BD->9bf35ae9-4da0-4371-87fa-54ea3ce1f280@group-432E83AF5B55, cid=2481, SUCCESS, logIndex=3670, commits[9bf35ae9-4da0-4371-87fa-54ea3ce1f280:c3671, 0cc34542-3a00-466e-ae84-194b84d3af7b:c3669, d451d94d-57a0-4545-b387-d428f64e3f33:c3669]
2019-07-09 16:26:08,684 INFO  client.GrpcClientProtocolClient (GrpcClientProtocolClient.java:onNext(255)) - client-0F1B900A64BD->9bf35ae9-4da0-4371-87fa-54ea3ce1f280: receive RaftClientReply:client-0F1B900A64BD->9bf35ae9-4da0-4371-87fa-54ea3ce1f280@group-432E83AF5B55, cid=2482, SUCCESS, logIndex=3671, commits[9bf35ae9-4da0-4371-87fa-54ea3ce1f280:c3671, 0cc34542-3a00-466e-ae84-194b84d3af7b:c3669, d451d94d-57a0-4545-b387-d428f64e3f33:c3669]
2019-07-09 16:26:08,708 INFO  client.GrpcClientProtocolClient (GrpcClientProtocolClient.java:onNext(255)) - client-0F1B900A64BD->9bf35ae9-4da0-4371-87fa-54ea3ce1f280: receive RaftClientReply:client-0F1B900A64BD->9bf35ae9-4da0-4371-87fa-54ea3ce1f280@group-432E83AF5B55, cid=2483, SUCCESS, logIndex=3674, commits[9bf35ae9-4da0-4371-87fa-54ea3ce1f280:c3675, 0cc34542-3a00-466e-ae84-194b84d3af7b:c3672, d451d94d-57a0-4545-b387-d428f64e3f33:c3672]
2019-07-09 16:26:08,708 INFO  client.GrpcClientProtocolClient (GrpcClientProtocolClient.java:onNext(255)) - client-0F1B900A64BD->9bf35ae9-4da0-4371-87fa-54ea3ce1f280: receive RaftClientReply:client-0F1B900A64BD->9bf35ae9-4da0-4371-87fa-54ea3ce1f280@group-432E83AF5B55, cid=2484, SUCCESS, logIndex=3675, commits[9bf35ae9-4da0-4371-87fa-54ea3ce1f280:c3675, 0cc34542-3a00-466e-ae84-194b84d3af7b:c3672, d451d94d-57a0-4545-b387-d428f64e3f33:c3672]
2019-07-09 16:26:08,722 INFO  client.GrpcClientProtocolClient (GrpcClientProtocolClient.java:onNext(255)) - client-0F1B900A64BD->9bf35ae9-4da0-4371-87fa-54ea3ce1f280: receive RaftClientReply:client-0F1B900A64BD->9bf35ae9-4da0-4371-87fa-54ea3ce1f280@group-432E83AF5B55, cid=2485, SUCCESS, logIndex=0, commits[9bf35ae9-4da0-4371-87fa-54ea3ce1f280:c3677, 0cc34542-3a00-466e-ae84-194b84d3af7b:c3675, d451d94d-57a0-4545-b387-d428f64e3f33:c3675]
2019-07-09 16:26:08,882 INFO  client.GrpcClientProtocolClient (GrpcClientProtocolClient.java:onNext(255)) - client-0F1B900A64BD->9bf35ae9-4da0-4371-87fa-54ea3ce1f280: receive RaftClientReply:client-0F1B900A64BD->9bf35ae9-4da0-4371-87fa-54ea3ce1f280@group-432E83AF5B55, cid=2486, SUCCESS, logIndex=3678, commits[9bf35ae9-4da0-4371-87fa-54ea3ce1f280:c3680, 0cc34542-3a00-466e-ae84-194b84d3af7b:c3677, d451d94d-57a0-4545-b387-d428f64e3f33:c3677]
2019-07-09 16:26:08,883 INFO  client.GrpcClientProtocolClient (GrpcClientProtocolClient.java:onNext(255)) - client-0F1B900A64BD->9bf35ae9-4da0-4371-87fa-54ea3ce1f280: receive RaftClientReply:client-0F1B900A64BD->9bf35ae9-4da0-4371-87fa-54ea3ce1f280@group-432E83AF5B55, cid=2487, SUCCESS, logIndex=3679, commits[9bf35ae9-4da0-4371-87fa-54ea3ce1f280:c3681, 0cc34542-3a00-466e-ae84-194b84d3af7b:c3677, d451d94d-57a0-4545-b387-d428f64e3f33:c3677]
2019-07-09 16:26:08,883 INFO  client.GrpcClientProtocolClient (GrpcClientProtocolClient.java:onNext(255)) - client-0F1B900A64BD->9bf35ae9-4da0-4371-87fa-54ea3ce1f280: receive RaftClientReply:client-0F1B900A64BD->9bf35ae9-4da0-4371-87fa-54ea3ce1f280@group-432E83AF5B55, cid=2488, SUCCESS, logIndex=3680, commits[9bf35ae9-4da0-4371-87fa-54ea3ce1f280:c3681, 0cc34542-3a00-466e-ae84-194b84d3af7b:c3677, d451d94d-57a0-4545-b387-d428f64e3f33:c3677]
2019-07-09 16:26:08,883 INFO  client.GrpcClientProtocolClient (GrpcClientProtocolClient.java:onNext(255)) - client-0F1B900A64BD->9bf35ae9-4da0-4371-87fa-54ea3ce1f280: receive RaftClientReply:client-0F1B900A64BD->9bf35ae9-4da0-4371-87fa-54ea3ce1f280@group-432E83AF5B55, cid=2489, SUCCESS, logIndex=3681, commits[9bf35ae9-4da0-4371-87fa-54ea3ce1f280:c3681, 0cc34542-3a00-466e-ae84-194b84d3af7b:c3677, d451d94d-57a0-4545-b387-d428f64e3f33:c3677]
2019-07-09 16:26:08,895 INFO  client.GrpcClientProtocolClient (GrpcClientProtocolClient.java:onNext(255)) - client-0F1B900A64BD->9bf35ae9-4da0-4371-87fa-54ea3ce1f280: receive RaftClientReply:client-0F1B900A64BD->9bf35ae9-4da0-4371-87fa-54ea3ce1f280@group-432E83AF5B55, cid=2490, SUCCESS, logIndex=0, commits[9bf35ae9-4da0-4371-87fa-54ea3ce1f280:c3683, 0cc34542-3a00-466e-ae84-194b84d3af7b:c3679, d451d94d-57a0-4545-b387-d428f64e3f33:c3679]
 0.00% |█                                                                                                    |  0/1 Time: 0:00:202019-07-09 16:26:08,917 INFO  client.GrpcClientProtocolClient (GrpcClientProtocolClient.java:onNext(255)) - client-0F1B900A64BD->9bf35ae9-4da0-4371-87fa-54ea3ce1f280: receive RaftClientReply:client-0F1B900A64BD->9bf35ae9-4da0-4371-87fa-54ea3ce1f280@group-432E83AF5B55, cid=2491, SUCCESS, logIndex=3686, commits[9bf35ae9-4da0-4371-87fa-54ea3ce1f280:c3687, 0cc34542-3a00-466e-ae84-194b84d3af7b:c3685, d451d94d-57a0-4545-b387-d428f64e3f33:c3685]
2019-07-09 16:26:08,918 INFO  client.GrpcClientProtocolClient (GrpcClientProtocolClient.java:onNext(255)) - client-0F1B900A64BD->9bf35ae9-4da0-4371-87fa-54ea3ce1f280: receive RaftClientReply:client-0F1B900A64BD->9bf35ae9-4da0-4371-87fa-54ea3ce1f280@group-432E83AF5B55, cid=2492, SUCCESS, logIndex=3687, commits[9bf35ae9-4da0-4371-87fa-54ea3ce1f280:c3687, 0cc34542-3a00-466e-ae84-194b84d3af7b:c3685, d451d94d-57a0-4545-b387-d428f64e3f33:c3685]
2019-07-09 16:26:08,941 INFO  client.GrpcClientProtocolClient (GrpcClientProtocolClient.java:onNext(255)) - client-0F1B900A64BD->9bf35ae9-4da0-4371-87fa-54ea3ce1f280: receive RaftClientReply:client-0F1B900A64BD->9bf35ae9-4da0-4371-87fa-54ea3ce1f280@group-432E83AF5B55, cid=2493, SUCCESS, logIndex=3690, commits[9bf35ae9-4da0-4371-87fa-54ea3ce1f280:c3691, 0cc34542-3a00-466e-ae84-194b84d3af7b:c3686, d451d94d-57a0-4545-b387-d428f64e3f33:c3687]
2019-07-09 16:26:08,942 INFO  client.GrpcClientProtocolClient (GrpcClientProtocolClient.java:onNext(255)) - client-0F1B900A64BD->9bf35ae9-4da0-4371-87fa-54ea3ce1f280: receive RaftClientReply:client-0F1B900A64BD->9bf35ae9-4da0-4371-87fa-54ea3ce1f280@group-432E83AF5B55, cid=2494, SUCCESS, logIndex=3691, commits[9bf35ae9-4da0-4371-87fa-54ea3ce1f280:c3691, 0cc34542-3a00-466e-ae84-194b84d3af7b:c3686, d451d94d-57a0-4545-b387-d428f64e3f33:c3687]
2019-07-09 16:26:08,954 INFO  client.GrpcClientProtocolClient (GrpcClientProtocolClient.java:onNext(255)) - client-0F1B900A64BD->9bf35ae9-4da0-4371-87fa-54ea3ce1f280: receive RaftClientReply:client-0F1B900A64BD->9bf35ae9-4da0-4371-87fa-54ea3ce1f280@group-432E83AF5B55, cid=2495, SUCCESS, logIndex=0, commits[9bf35ae9-4da0-4371-87fa-54ea3ce1f280:c3692, 0cc34542-3a00-466e-ae84-194b84d3af7b:c3687, d451d94d-57a0-4545-b387-d428f64e3f33:c3690]
2019-07-09 16:26:08,956 INFO  client.GrpcClientProtocolClient (GrpcClientProtocolClient.java:onNext(255)) - client-0F1B900A64BD->9bf35ae9-4da0-4371-87fa-54ea3ce1f280: receive RaftClientReply:client-0F1B900A64BD->9bf35ae9-4da0-4371-87fa-54ea3ce1f280@group-432E83AF5B55, cid=2496, SUCCESS, logIndex=0, commits[9bf35ae9-4da0-4371-87fa-54ea3ce1f280:c3693, 0cc34542-3a00-466e-ae84-194b84d3af7b:c3691, d451d94d-57a0-4545-b387-d428f64e3f33:c3691]
2019-07-09 16:26:08,988 INFO  client.GrpcClientProtocolClient (GrpcClientProtocolClient.java:onNext(255)) - client-0F1B900A64BD->9bf35ae9-4da0-4371-87fa-54ea3ce1f280: receive RaftClientReply:client-0F1B900A64BD->9bf35ae9-4da0-4371-87fa-54ea3ce1f280@group-432E83AF5B55, cid=2497, SUCCESS, logIndex=3694, commits[9bf35ae9-4da0-4371-87fa-54ea3ce1f280:c3695, 0cc34542-3a00-466e-ae84-194b84d3af7b:c3693, d451d94d-57a0-4545-b387-d428f64e3f33:c3693]
2019-07-09 16:26:08,988 INFO  client.GrpcClientProtocolClient (GrpcClientProtocolClient.java:onNext(255)) - client-0F1B900A64BD->9bf35ae9-4da0-4371-87fa-54ea3ce1f280: receive RaftClientReply:client-0F1B900A64BD->9bf35ae9-4da0-4371-87fa-54ea3ce1f280@group-432E83AF5B55, cid=2498, SUCCESS, logIndex=3695, commits[9bf35ae9-4da0-4371-87fa-54ea3ce1f280:c3697, 0cc34542-3a00-466e-ae84-194b84d3af7b:c3693, d451d94d-57a0-4545-b387-d428f64e3f33:c3693]
2019-07-09 16:26:08,989 INFO  client.GrpcClientProtocolClient (GrpcClientProtocolClient.java:onNext(255)) - client-0F1B900A64BD->9bf35ae9-4da0-4371-87fa-54ea3ce1f280: receive RaftClientReply:client-0F1B900A64BD->9bf35ae9-4da0-4371-87fa-54ea3ce1f280@group-432E83AF5B55, cid=2499, SUCCESS, logIndex=3696, commits[9bf35ae9-4da0-4371-87fa-54ea3ce1f280:c3697, 0cc34542-3a00-466e-ae84-194b84d3af7b:c3693, d451d94d-57a0-4545-b387-d428f64e3f33:c3693]
2019-07-09 16:26:08,989 INFO  client.GrpcClientProtocolClient (GrpcClientProtocolClient.java:onNext(255)) - client-0F1B900A64BD->9bf35ae9-4da0-4371-87fa-54ea3ce1f280: receive RaftClientReply:client-0F1B900A64BD->9bf35ae9-4da0-4371-87fa-54ea3ce1f280@group-432E83AF5B55, cid=2500, SUCCESS, logIndex=3697, commits[9bf35ae9-4da0-4371-87fa-54ea3ce1f280:c3697, 0cc34542-3a00-466e-ae84-194b84d3af7b:c3693, d451d94d-57a0-4545-b387-d428f64e3f33:c3693]
2019-07-09 16:26:09,002 INFO  client.GrpcClientProtocolClient (GrpcClientProtocolClient.java:onNext(255)) - client-0F1B900A64BD->9bf35ae9-4da0-4371-87fa-54ea3ce1f280: receive RaftClientReply:client-0F1B900A64BD->9bf35ae9-4da0-4371-87fa-54ea3ce1f280@group-432E83AF5B55, cid=2501, SUCCESS, logIndex=0, commits[9bf35ae9-4da0-4371-87fa-54ea3ce1f280:c3699, 0cc34542-3a00-466e-ae84-194b84d3af7b:c3695, d451d94d-57a0-4545-b387-d428f64e3f33:c3695]
2019-07-09 16:26:09,027 INFO  client.GrpcClientProtocolClient (GrpcClientProtocolClient.java:onNext(255)) - client-0F1B900A64BD->9bf35ae9-4da0-4371-87fa-54ea3ce1f280: receive RaftClientReply:client-0F1B900A64BD->9bf35ae9-4da0-4371-87fa-54ea3ce1f280@group-432E83AF5B55, cid=2502, SUCCESS, logIndex=3701, commits[9bf35ae9-4da0-4371-87fa-54ea3ce1f280:c3702, 0cc34542-3a00-466e-ae84-194b84d3af7b:c3700, d451d94d-57a0-4545-b387-d428f64e3f33:c3700]
2019-07-09 16:26:09,027 INFO  client.GrpcClientProtocolClient (GrpcClientProtocolClient.java:onNext(255)) - client-0F1B900A64BD->9bf35ae9-4da0-4371-87fa-54ea3ce1f280: receive RaftClientReply:client-0F1B900A64BD->9bf35ae9-4da0-4371-87fa-54ea3ce1f280@group-432E83AF5B55, cid=2503, SUCCESS, logIndex=3702, commits[9bf35ae9-4da0-4371-87fa-54ea3ce1f280:c3702, 0cc34542-3a00-466e-ae84-194b84d3af7b:c3700, d451d94d-57a0-4545-b387-d428f64e3f33:c3700]
2019-07-09 16:26:09,051 INFO  client.GrpcClientProtocolClient (GrpcClientProtocolClient.java:onNext(255)) - client-0F1B900A64BD->9bf35ae9-4da0-4371-87fa-54ea3ce1f280: receive RaftClientReply:client-0F1B900A64BD->9bf35ae9-4da0-4371-87fa-54ea3ce1f280@group-432E83AF5B55, cid=2504, SUCCESS, logIndex=3705, commits[9bf35ae9-4da0-4371-87fa-54ea3ce1f280:c3706, 0cc34542-3a00-466e-ae84-194b84d3af7b:c3702, d451d94d-57a0-4545-b387-d428f64e3f33:c3702]
2019-07-09 16:26:09,052 INFO  client.GrpcClientProtocolClient (GrpcClientProtocolClient.java:onNext(255)) - client-0F1B900A64BD->9bf35ae9-4da0-4371-87fa-54ea3ce1f280: receive RaftClientReply:client-0F1B900A64BD->9bf35ae9-4da0-4371-87fa-54ea3ce1f280@group-432E83AF5B55, cid=2505, SUCCESS, logIndex=3706, commits[9bf35ae9-4da0-4371-87fa-54ea3ce1f280:c3706, 0cc34542-3a00-466e-ae84-194b84d3af7b:c3702, d451d94d-57a0-4545-b387-d428f64e3f33:c3702]
2019-07-09 16:26:09,053 INFO  client.GrpcClientProtocolClient (GrpcClientProtocolClient.java:onNext(255)) - client-0F1B900A64BD->9bf35ae9-4da0-4371-87fa-54ea3ce1f280: receive RaftClientReply:client-0F1B900A64BD->9bf35ae9-4da0-4371-87fa-54ea3ce1f280@group-432E83AF5B55, cid=2506, SUCCESS, logIndex=0, commits[9bf35ae9-4da0-4371-87fa-54ea3ce1f280:c3707, 0cc34542-3a00-466e-ae84-194b84d3af7b:c3706, d451d94d-57a0-4545-b387-d428f64e3f33:c3706]
2019-07-09 16:26:09,086 INFO  client.GrpcClientProtocolClient (GrpcClientProtocolClient.java:onNext(255)) - client-0F1B900A64BD->9bf35ae9-4da0-4371-87fa-54ea3ce1f280: receive RaftClientReply:client-0F1B900A64BD->9bf35ae9-4da0-4371-87fa-54ea3ce1f280@group-432E83AF5B55, cid=2507, SUCCESS, logIndex=3709, commits[9bf35ae9-4da0-4371-87fa-54ea3ce1f280:c3710, 0cc34542-3a00-466e-ae84-194b84d3af7b:c3708, d451d94d-57a0-4545-b387-d428f64e3f33:c3708]
2019-07-09 16:26:09,086 INFO  client.GrpcClientProtocolClient (GrpcClientProtocolClient.java:onNext(255)) - client-0F1B900A64BD->9bf35ae9-4da0-4371-87fa-54ea3ce1f280: receive RaftClientReply:client-0F1B900A64BD->9bf35ae9-4da0-4371-87fa-54ea3ce1f280@group-432E83AF5B55, cid=2508, SUCCESS, logIndex=3710, commits[9bf35ae9-4da0-4371-87fa-54ea3ce1f280:c3710, 0cc34542-3a00-466e-ae84-194b84d3af7b:c3708, d451d94d-57a0-4545-b387-d428f64e3f33:c3708]
2019-07-09 16:26:09,087 INFO  client.GrpcClientProtocolClient (GrpcClientProtocolClient.java:onNext(255)) - client-0F1B900A64BD->9bf35ae9-4da0-4371-87fa-54ea3ce1f280: receive RaftClientReply:client-0F1B900A64BD->9bf35ae9-4da0-4371-87fa-54ea3ce1f280@group-432E83AF5B55, cid=2509, SUCCESS, logIndex=3711, commits[9bf35ae9-4da0-4371-87fa-54ea3ce1f280:c3712, 0cc34542-3a00-466e-ae84-194b84d3af7b:c3708, d451d94d-57a0-4545-b387-d428f64e3f33:c3708]
2019-07-09 16:26:09,087 INFO  client.GrpcClientProtocolClient (GrpcClientProtocolClient.java:onNext(255)) - client-0F1B900A64BD->9bf35ae9-4da0-4371-87fa-54ea3ce1f280: receive RaftClientReply:client-0F1B900A64BD->9bf35ae9-4da0-4371-87fa-54ea3ce1f280@group-432E83AF5B55, cid=2510, SUCCESS, logIndex=3712, commits[9bf35ae9-4da0-4371-87fa-54ea3ce1f280:c3712, 0cc34542-3a00-466e-ae84-194b84d3af7b:c3708, d451d94d-57a0-4545-b387-d428f64e3f33:c3708]
2019-07-09 16:26:09,100 INFO  client.GrpcClientProtocolClient (GrpcClientProtocolClient.java:onNext(255)) - client-0F1B900A64BD->9bf35ae9-4da0-4371-87fa-54ea3ce1f280: receive RaftClientReply:client-0F1B900A64BD->9bf35ae9-4da0-4371-87fa-54ea3ce1f280@group-432E83AF5B55, cid=2511, SUCCESS, logIndex=0, commits[9bf35ae9-4da0-4371-87fa-54ea3ce1f280:c3714, 0cc34542-3a00-466e-ae84-194b84d3af7b:c3710, d451d94d-57a0-4545-b387-d428f64e3f33:c3710]
2019-07-09 16:26:09,120 INFO  client.GrpcClientProtocolClient (GrpcClientProtocolClient.java:onNext(255)) - client-0F1B900A64BD->9bf35ae9-4da0-4371-87fa-54ea3ce1f280: receive RaftClientReply:client-0F1B900A64BD->9bf35ae9-4da0-4371-87fa-54ea3ce1f280@group-432E83AF5B55, cid=2512, SUCCESS, logIndex=3717, commits[9bf35ae9-4da0-4371-87fa-54ea3ce1f280:c3718, 0cc34542-3a00-466e-ae84-194b84d3af7b:c3716, d451d94d-57a0-4545-b387-d428f64e3f33:c3716]
2019-07-09 16:26:09,120 INFO  client.GrpcClientProtocolClient (GrpcClientProtocolClient.java:onNext(255)) - client-0F1B900A64BD->9bf35ae9-4da0-4371-87fa-54ea3ce1f280: receive RaftClientReply:client-0F1B900A64BD->9bf35ae9-4da0-4371-87fa-54ea3ce1f280@group-432E83AF5B55, cid=2513, SUCCESS, logIndex=3718, commits[9bf35ae9-4da0-4371-87fa-54ea3ce1f280:c3718, 0cc34542-3a00-466e-ae84-194b84d3af7b:c3716, d451d94d-57a0-4545-b387-d428f64e3f33:c3716]
2019-07-09 16:26:09,134 INFO  client.GrpcClientProtocolClient (GrpcClientProtocolClient.java:onNext(255)) - client-0F1B900A64BD->9bf35ae9-4da0-4371-87fa-54ea3ce1f280: receive RaftClientReply:client-0F1B900A64BD->9bf35ae9-4da0-4371-87fa-54ea3ce1f280@group-432E83AF5B55, cid=2514, SUCCESS, logIndex=3721, commits[9bf35ae9-4da0-4371-87fa-54ea3ce1f280:c3722, 0cc34542-3a00-466e-ae84-194b84d3af7b:c3718, d451d94d-57a0-4545-b387-d428f64e3f33:c3718]
2019-07-09 16:26:09,135 INFO  client.GrpcClientProtocolClient (GrpcClientProtocolClient.java:onNext(255)) - client-0F1B900A64BD->9bf35ae9-4da0-4371-87fa-54ea3ce1f280: receive RaftClientReply:client-0F1B900A64BD->9bf35ae9-4da0-4371-87fa-54ea3ce1f280@group-432E83AF5B55, cid=2515, SUCCESS, logIndex=3722, commits[9bf35ae9-4da0-4371-87fa-54ea3ce1f280:c3722, 0cc34542-3a00-466e-ae84-194b84d3af7b:c3718, d451d94d-57a0-4545-b387-d428f64e3f33:c3718]
2019-07-09 16:26:09,149 INFO  client.GrpcClientProtocolClient (GrpcClientProtocolClient.java:onNext(255)) - client-0F1B900A64BD->9bf35ae9-4da0-4371-87fa-54ea3ce1f280: receive RaftClientReply:client-0F1B900A64BD->9bf35ae9-4da0-4371-87fa-54ea3ce1f280@group-432E83AF5B55, cid=2516, SUCCESS, logIndex=0, commits[9bf35ae9-4da0-4371-87fa-54ea3ce1f280:c3724, 0cc34542-3a00-466e-ae84-194b84d3af7b:c3722, d451d94d-57a0-4545-b387-d428f64e3f33:c3722]
2019-07-09 16:26:09,194 INFO  client.GrpcClientProtocolClient (GrpcClientProtocolClient.java:onNext(255)) - client-0F1B900A64BD->9bf35ae9-4da0-4371-87fa-54ea3ce1f280: receive RaftClientReply:client-0F1B900A64BD->9bf35ae9-4da0-4371-87fa-54ea3ce1f280@group-432E83AF5B55, cid=2517, SUCCESS, logIndex=3725, commits[9bf35ae9-4da0-4371-87fa-54ea3ce1f280:c3727, 0cc34542-3a00-466e-ae84-194b84d3af7b:c3724, d451d94d-57a0-4545-b387-d428f64e3f33:c3724]
2019-07-09 16:26:09,195 INFO  client.GrpcClientProtocolClient (GrpcClientProtocolClient.java:onNext(255)) - client-0F1B900A64BD->9bf35ae9-4da0-4371-87fa-54ea3ce1f280: receive RaftClientReply:client-0F1B900A64BD->9bf35ae9-4da0-4371-87fa-54ea3ce1f280@group-432E83AF5B55, cid=2518, SUCCESS, logIndex=3726, commits[9bf35ae9-4da0-4371-87fa-54ea3ce1f280:c3728, 0cc34542-3a00-466e-ae84-194b84d3af7b:c3724, d451d94d-57a0-4545-b387-d428f64e3f33:c3724]
2019-07-09 16:26:09,195 INFO  client.GrpcClientProtocolClient (GrpcClientProtocolClient.java:onNext(255)) - client-0F1B900A64BD->9bf35ae9-4da0-4371-87fa-54ea3ce1f280: receive RaftClientReply:client-0F1B900A64BD->9bf35ae9-4da0-4371-87fa-54ea3ce1f280@group-432E83AF5B55, cid=2519, SUCCESS, logIndex=3727, commits[9bf35ae9-4da0-4371-87fa-54ea3ce1f280:c3728, 0cc34542-3a00-466e-ae84-194b84d3af7b:c3724, d451d94d-57a0-4545-b387-d428f64e3f33:c3724]
2019-07-09 16:26:09,195 INFO  client.GrpcClientProtocolClient (GrpcClientProtocolClient.java:onNext(255)) - client-0F1B900A64BD->9bf35ae9-4da0-4371-87fa-54ea3ce1f280: receive RaftClientReply:client-0F1B900A64BD->9bf35ae9-4da0-4371-87fa-54ea3ce1f280@group-432E83AF5B55, cid=2520, SUCCESS, logIndex=3728, commits[9bf35ae9-4da0-4371-87fa-54ea3ce1f280:c3728, 0cc34542-3a00-466e-ae84-194b84d3af7b:c3724, d451d94d-57a0-4545-b387-d428f64e3f33:c3724]
2019-07-09 16:26:09,200 INFO  client.GrpcClientProtocolClient (GrpcClientProtocolClient.java:onNext(255)) - client-0F1B900A64BD->9bf35ae9-4da0-4371-87fa-54ea3ce1f280: receive RaftClientReply:client-0F1B900A64BD->9bf35ae9-4da0-4371-87fa-54ea3ce1f280@group-432E83AF5B55, cid=2521, SUCCESS, logIndex=0, commits[9bf35ae9-4da0-4371-87fa-54ea3ce1f280:c3729, 0cc34542-3a00-466e-ae84-194b84d3af7b:c3726, d451d94d-57a0-4545-b387-d428f64e3f33:c3726]
2019-07-09 16:26:09,230 INFO  client.GrpcClientProtocolClient (GrpcClientProtocolClient.java:onNext(255)) - client-0F1B900A64BD->9bf35ae9-4da0-4371-87fa-54ea3ce1f280: receive RaftClientReply:client-0F1B900A64BD->9bf35ae9-4da0-4371-87fa-54ea3ce1f280@group-432E83AF5B55, cid=2522, SUCCESS, logIndex=3733, commits[9bf35ae9-4da0-4371-87fa-54ea3ce1f280:c3734, 0cc34542-3a00-466e-ae84-194b84d3af7b:c3732, d451d94d-57a0-4545-b387-d428f64e3f33:c3732]
2019-07-09 16:26:09,230 INFO  client.GrpcClientProtocolClient (GrpcClientProtocolClient.java:onNext(255)) - client-0F1B900A64BD->9bf35ae9-4da0-4371-87fa-54ea3ce1f280: receive RaftClientReply:client-0F1B900A64BD->9bf35ae9-4da0-4371-87fa-54ea3ce1f280@group-432E83AF5B55, cid=2523, SUCCESS, logIndex=3734, commits[9bf35ae9-4da0-4371-87fa-54ea3ce1f280:c3734, 0cc34542-3a00-466e-ae84-194b84d3af7b:c3732, d451d94d-57a0-4545-b387-d428f64e3f33:c3732]
2019-07-09 16:26:09,255 INFO  client.GrpcClientProtocolClient (GrpcClientProtocolClient.java:onNext(255)) - client-0F1B900A64BD->9bf35ae9-4da0-4371-87fa-54ea3ce1f280: receive RaftClientReply:client-0F1B900A64BD->9bf35ae9-4da0-4371-87fa-54ea3ce1f280@group-432E83AF5B55, cid=2524, SUCCESS, logIndex=3737, commits[9bf35ae9-4da0-4371-87fa-54ea3ce1f280:c3738, 0cc34542-3a00-466e-ae84-194b84d3af7b:c3734, d451d94d-57a0-4545-b387-d428f64e3f33:c3734]
2019-07-09 16:26:09,256 INFO  client.GrpcClientProtocolClient (GrpcClientProtocolClient.java:onNext(255)) - client-0F1B900A64BD->9bf35ae9-4da0-4371-87fa-54ea3ce1f280: receive RaftClientReply:client-0F1B900A64BD->9bf35ae9-4da0-4371-87fa-54ea3ce1f280@group-432E83AF5B55, cid=2525, SUCCESS, logIndex=3738, commits[9bf35ae9-4da0-4371-87fa-54ea3ce1f280:c3738, 0cc34542-3a00-466e-ae84-194b84d3af7b:c3734, d451d94d-57a0-4545-b387-d428f64e3f33:c3734]
2019-07-09 16:26:09,268 INFO  client.GrpcClientProtocolClient (GrpcClientProtocolClient.java:onNext(255)) - client-0F1B900A64BD->9bf35ae9-4da0-4371-87fa-54ea3ce1f280: receive RaftClientReply:client-0F1B900A64BD->9bf35ae9-4da0-4371-87fa-54ea3ce1f280@group-432E83AF5B55, cid=2526, SUCCESS, logIndex=0, commits[9bf35ae9-4da0-4371-87fa-54ea3ce1f280:c3739, 0cc34542-3a00-466e-ae84-194b84d3af7b:c3738, d451d94d-57a0-4545-b387-d428f64e3f33:c3738]
2019-07-09 16:26:09,304 INFO  client.GrpcClientProtocolClient (GrpcClientProtocolClient.java:onNext(255)) - client-0F1B900A64BD->9bf35ae9-4da0-4371-87fa-54ea3ce1f280: receive RaftClientReply:client-0F1B900A64BD->9bf35ae9-4da0-4371-87fa-54ea3ce1f280@group-432E83AF5B55, cid=2527, SUCCESS, logIndex=3741, commits[9bf35ae9-4da0-4371-87fa-54ea3ce1f280:c3743, 0cc34542-3a00-466e-ae84-194b84d3af7b:c3740, d451d94d-57a0-4545-b387-d428f64e3f33:c3738]
2019-07-09 16:26:09,305 INFO  client.GrpcClientProtocolClient (GrpcClientProtocolClient.java:onNext(255)) - client-0F1B900A64BD->9bf35ae9-4da0-4371-87fa-54ea3ce1f280: receive RaftClientReply:client-0F1B900A64BD->9bf35ae9-4da0-4371-87fa-54ea3ce1f280@group-432E83AF5B55, cid=2528, SUCCESS, logIndex=3742, commits[9bf35ae9-4da0-4371-87fa-54ea3ce1f280:c3744, 0cc34542-3a00-466e-ae84-194b84d3af7b:c3740, d451d94d-57a0-4545-b387-d428f64e3f33:c3740]
2019-07-09 16:26:09,306 INFO  client.GrpcClientProtocolClient (GrpcClientProtocolClient.java:onNext(255)) - client-0F1B900A64BD->9bf35ae9-4da0-4371-87fa-54ea3ce1f280: receive RaftClientReply:client-0F1B900A64BD->9bf35ae9-4da0-4371-87fa-54ea3ce1f280@group-432E83AF5B55, cid=2529, SUCCESS, logIndex=3743, commits[9bf35ae9-4da0-4371-87fa-54ea3ce1f280:c3744, 0cc34542-3a00-466e-ae84-194b84d3af7b:c3740, d451d94d-57a0-4545-b387-d428f64e3f33:c3740]
2019-07-09 16:26:09,306 INFO  client.GrpcClientProtocolClient (GrpcClientProtocolClient.java:onNext(255)) - client-0F1B900A64BD->9bf35ae9-4da0-4371-87fa-54ea3ce1f280: receive RaftClientReply:client-0F1B900A64BD->9bf35ae9-4da0-4371-87fa-54ea3ce1f280@group-432E83AF5B55, cid=2530, SUCCESS, logIndex=3744, commits[9bf35ae9-4da0-4371-87fa-54ea3ce1f280:c3744, 0cc34542-3a00-466e-ae84-194b84d3af7b:c3741, d451d94d-57a0-4545-b387-d428f64e3f33:c3740]
2019-07-09 16:26:09,319 INFO  client.GrpcClientProtocolClient (GrpcClientProtocolClient.java:onNext(255)) - client-0F1B900A64BD->9bf35ae9-4da0-4371-87fa-54ea3ce1f280: receive RaftClientReply:client-0F1B900A64BD->9bf35ae9-4da0-4371-87fa-54ea3ce1f280@group-432E83AF5B55, cid=2531, SUCCESS, logIndex=0, commits[9bf35ae9-4da0-4371-87fa-54ea3ce1f280:c3746, 0cc34542-3a00-466e-ae84-194b84d3af7b:c3742, d451d94d-57a0-4545-b387-d428f64e3f33:c3742]
2019-07-09 16:26:09,340 INFO  client.GrpcClientProtocolClient (GrpcClientProtocolClient.java:onNext(255)) - client-0F1B900A64BD->9bf35ae9-4da0-4371-87fa-54ea3ce1f280: receive RaftClientReply:client-0F1B900A64BD->9bf35ae9-4da0-4371-87fa-54ea3ce1f280@group-432E83AF5B55, cid=2532, SUCCESS, logIndex=3749, commits[9bf35ae9-4da0-4371-87fa-54ea3ce1f280:c3750, 0cc34542-3a00-466e-ae84-194b84d3af7b:c3748, d451d94d-57a0-4545-b387-d428f64e3f33:c3748]
2019-07-09 16:26:09,340 INFO  client.GrpcClientProtocolClient (GrpcClientProtocolClient.java:onNext(255)) - client-0F1B900A64BD->9bf35ae9-4da0-4371-87fa-54ea3ce1f280: receive RaftClientReply:client-0F1B900A64BD->9bf35ae9-4da0-4371-87fa-54ea3ce1f280@group-432E83AF5B55, cid=2533, SUCCESS, logIndex=3750, commits[9bf35ae9-4da0-4371-87fa-54ea3ce1f280:c3750, 0cc34542-3a00-466e-ae84-194b84d3af7b:c3748, d451d94d-57a0-4545-b387-d428f64e3f33:c3748]
2019-07-09 16:26:09,366 INFO  client.GrpcClientProtocolClient (GrpcClientProtocolClient.java:onNext(255)) - client-0F1B900A64BD->9bf35ae9-4da0-4371-87fa-54ea3ce1f280: receive RaftClientReply:client-0F1B900A64BD->9bf35ae9-4da0-4371-87fa-54ea3ce1f280@group-432E83AF5B55, cid=2534, SUCCESS, logIndex=3753, commits[9bf35ae9-4da0-4371-87fa-54ea3ce1f280:c3754, 0cc34542-3a00-466e-ae84-194b84d3af7b:c3750, d451d94d-57a0-4545-b387-d428f64e3f33:c3750]
2019-07-09 16:26:09,367 INFO  client.GrpcClientProtocolClient (GrpcClientProtocolClient.java:onNext(255)) - client-0F1B900A64BD->9bf35ae9-4da0-4371-87fa-54ea3ce1f280: receive RaftClientReply:client-0F1B900A64BD->9bf35ae9-4da0-4371-87fa-54ea3ce1f280@group-432E83AF5B55, cid=2535, SUCCESS, logIndex=3754, commits[9bf35ae9-4da0-4371-87fa-54ea3ce1f280:c3754, 0cc34542-3a00-466e-ae84-194b84d3af7b:c3750, d451d94d-57a0-4545-b387-d428f64e3f33:c3750]
2019-07-09 16:26:09,381 INFO  client.GrpcClientProtocolClient (GrpcClientProtocolClient.java:onNext(255)) - client-0F1B900A64BD->9bf35ae9-4da0-4371-87fa-54ea3ce1f280: receive RaftClientReply:client-0F1B900A64BD->9bf35ae9-4da0-4371-87fa-54ea3ce1f280@group-432E83AF5B55, cid=2536, SUCCESS, logIndex=0, commits[9bf35ae9-4da0-4371-87fa-54ea3ce1f280:c3755, 0cc34542-3a00-466e-ae84-194b84d3af7b:c3754, d451d94d-57a0-4545-b387-d428f64e3f33:c3754]
2019-07-09 16:26:09,409 INFO  client.GrpcClientProtocolClient (GrpcClientProtocolClient.java:onNext(255)) - client-0F1B900A64BD->9bf35ae9-4da0-4371-87fa-54ea3ce1f280: receive RaftClientReply:client-0F1B900A64BD->9bf35ae9-4da0-4371-87fa-54ea3ce1f280@group-432E83AF5B55, cid=2537, SUCCESS, logIndex=3757, commits[9bf35ae9-4da0-4371-87fa-54ea3ce1f280:c3760, 0cc34542-3a00-466e-ae84-194b84d3af7b:c3754, d451d94d-57a0-4545-b387-d428f64e3f33:c3756]
2019-07-09 16:26:09,410 INFO  client.GrpcClientProtocolClient (GrpcClientProtocolClient.java:onNext(255)) - client-0F1B900A64BD->9bf35ae9-4da0-4371-87fa-54ea3ce1f280: receive RaftClientReply:client-0F1B900A64BD->9bf35ae9-4da0-4371-87fa-54ea3ce1f280@group-432E83AF5B55, cid=2538, SUCCESS, logIndex=3758, commits[9bf35ae9-4da0-4371-87fa-54ea3ce1f280:c3760, 0cc34542-3a00-466e-ae84-194b84d3af7b:c3756, d451d94d-57a0-4545-b387-d428f64e3f33:c3756]
2019-07-09 16:26:09,410 INFO  client.GrpcClientProtocolClient (GrpcClientProtocolClient.java:onNext(255)) - client-0F1B900A64BD->9bf35ae9-4da0-4371-87fa-54ea3ce1f280: receive RaftClientReply:client-0F1B900A64BD->9bf35ae9-4da0-4371-87fa-54ea3ce1f280@group-432E83AF5B55, cid=2539, SUCCESS, logIndex=3759, commits[9bf35ae9-4da0-4371-87fa-54ea3ce1f280:c3760, 0cc34542-3a00-466e-ae84-194b84d3af7b:c3756, d451d94d-57a0-4545-b387-d428f64e3f33:c3756]
2019-07-09 16:26:09,411 INFO  client.GrpcClientProtocolClient (GrpcClientProtocolClient.java:onNext(255)) - client-0F1B900A64BD->9bf35ae9-4da0-4371-87fa-54ea3ce1f280: receive RaftClientReply:client-0F1B900A64BD->9bf35ae9-4da0-4371-87fa-54ea3ce1f280@group-432E83AF5B55, cid=2540, SUCCESS, logIndex=3760, commits[9bf35ae9-4da0-4371-87fa-54ea3ce1f280:c3760, 0cc34542-3a00-466e-ae84-194b84d3af7b:c3756, d451d94d-57a0-4545-b387-d428f64e3f33:c3756]
2019-07-09 16:26:09,412 INFO  client.GrpcClientProtocolClient (GrpcClientProtocolClient.java:onNext(255)) - client-0F1B900A64BD->9bf35ae9-4da0-4371-87fa-54ea3ce1f280: receive RaftClientReply:client-0F1B900A64BD->9bf35ae9-4da0-4371-87fa-54ea3ce1f280@group-432E83AF5B55, cid=2541, SUCCESS, logIndex=0, commits[9bf35ae9-4da0-4371-87fa-54ea3ce1f280:c3762, 0cc34542-3a00-466e-ae84-194b84d3af7b:c3758, d451d94d-57a0-4545-b387-d428f64e3f33:c3758]
2019-07-09 16:26:09,442 INFO  client.GrpcClientProtocolClient (GrpcClientProtocolClient.java:onNext(255)) - client-0F1B900A64BD->9bf35ae9-4da0-4371-87fa-54ea3ce1f280: receive RaftClientReply:client-0F1B900A64BD->9bf35ae9-4da0-4371-87fa-54ea3ce1f280@group-432E83AF5B55, cid=2542, SUCCESS, logIndex=3765, commits[9bf35ae9-4da0-4371-87fa-54ea3ce1f280:c3766, 0cc34542-3a00-466e-ae84-194b84d3af7b:c3764, d451d94d-57a0-4545-b387-d428f64e3f33:c3764]
2019-07-09 16:26:09,442 INFO  client.GrpcClientProtocolClient (GrpcClientProtocolClient.java:onNext(255)) - client-0F1B900A64BD->9bf35ae9-4da0-4371-87fa-54ea3ce1f280: receive RaftClientReply:client-0F1B900A64BD->9bf35ae9-4da0-4371-87fa-54ea3ce1f280@group-432E83AF5B55, cid=2543, SUCCESS, logIndex=3766, commits[9bf35ae9-4da0-4371-87fa-54ea3ce1f280:c3766, 0cc34542-3a00-466e-ae84-194b84d3af7b:c3764, d451d94d-57a0-4545-b387-d428f64e3f33:c3764]
2019-07-09 16:26:09,457 INFO  client.GrpcClientProtocolClient (GrpcClientProtocolClient.java:onNext(255)) - client-0F1B900A64BD->9bf35ae9-4da0-4371-87fa-54ea3ce1f280: receive RaftClientReply:client-0F1B900A64BD->9bf35ae9-4da0-4371-87fa-54ea3ce1f280@group-432E83AF5B55, cid=2544, SUCCESS, logIndex=3768, commits[9bf35ae9-4da0-4371-87fa-54ea3ce1f280:c3769, 0cc34542-3a00-466e-ae84-194b84d3af7b:c3767, d451d94d-57a0-4545-b387-d428f64e3f33:c3767]
2019-07-09 16:26:09,458 INFO  client.GrpcClientProtocolClient (GrpcClientProtocolClient.java:onNext(255)) - client-0F1B900A64BD->9bf35ae9-4da0-4371-87fa-54ea3ce1f280: receive RaftClientReply:client-0F1B900A64BD->9bf35ae9-4da0-4371-87fa-54ea3ce1f280@group-432E83AF5B55, cid=2545, SUCCESS, logIndex=3769, commits[9bf35ae9-4da0-4371-87fa-54ea3ce1f280:c3769, 0cc34542-3a00-466e-ae84-194b84d3af7b:c3767, d451d94d-57a0-4545-b387-d428f64e3f33:c3767]
2019-07-09 16:26:09,472 INFO  client.GrpcClientProtocolClient (GrpcClientProtocolClient.java:onNext(255)) - client-0F1B900A64BD->9bf35ae9-4da0-4371-87fa-54ea3ce1f280: receive RaftClientReply:client-0F1B900A64BD->9bf35ae9-4da0-4371-87fa-54ea3ce1f280@group-432E83AF5B55, cid=2546, SUCCESS, logIndex=0, commits[9bf35ae9-4da0-4371-87fa-54ea3ce1f280:c3771, 0cc34542-3a00-466e-ae84-194b84d3af7b:c3769, d451d94d-57a0-4545-b387-d428f64e3f33:c3769]
2019-07-09 16:26:09,508 INFO  client.GrpcClientProtocolClient (GrpcClientProtocolClient.java:onNext(255)) - client-0F1B900A64BD->9bf35ae9-4da0-4371-87fa-54ea3ce1f280: receive RaftClientReply:client-0F1B900A64BD->9bf35ae9-4da0-4371-87fa-54ea3ce1f280@group-432E83AF5B55, cid=2547, SUCCESS, logIndex=3772, commits[9bf35ae9-4da0-4371-87fa-54ea3ce1f280:c3774, 0cc34542-3a00-466e-ae84-194b84d3af7b:c3771, d451d94d-57a0-4545-b387-d428f64e3f33:c3771]
2019-07-09 16:26:09,509 INFO  client.GrpcClientProtocolClient (GrpcClientProtocolClient.java:onNext(255)) - client-0F1B900A64BD->9bf35ae9-4da0-4371-87fa-54ea3ce1f280: receive RaftClientReply:client-0F1B900A64BD->9bf35ae9-4da0-4371-87fa-54ea3ce1f280@group-432E83AF5B55, cid=2548, SUCCESS, logIndex=3773, commits[9bf35ae9-4da0-4371-87fa-54ea3ce1f280:c3775, 0cc34542-3a00-466e-ae84-194b84d3af7b:c3771, d451d94d-57a0-4545-b387-d428f64e3f33:c3771]
2019-07-09 16:26:09,509 INFO  client.GrpcClientProtocolClient (GrpcClientProtocolClient.java:onNext(255)) - client-0F1B900A64BD->9bf35ae9-4da0-4371-87fa-54ea3ce1f280: receive RaftClientReply:client-0F1B900A64BD->9bf35ae9-4da0-4371-87fa-54ea3ce1f280@group-432E83AF5B55, cid=2549, SUCCESS, logIndex=3774, commits[9bf35ae9-4da0-4371-87fa-54ea3ce1f280:c3775, 0cc34542-3a00-466e-ae84-194b84d3af7b:c3771, d451d94d-57a0-4545-b387-d428f64e3f33:c3771]
2019-07-09 16:26:09,509 INFO  client.GrpcClientProtocolClient (GrpcClientProtocolClient.java:onNext(255)) - client-0F1B900A64BD->9bf35ae9-4da0-4371-87fa-54ea3ce1f280: receive RaftClientReply:client-0F1B900A64BD->9bf35ae9-4da0-4371-87fa-54ea3ce1f280@group-432E83AF5B55, cid=2550, SUCCESS, logIndex=3775, commits[9bf35ae9-4da0-4371-87fa-54ea3ce1f280:c3775, 0cc34542-3a00-466e-ae84-194b84d3af7b:c3771, d451d94d-57a0-4545-b387-d428f64e3f33:c3771]
2019-07-09 16:26:09,522 INFO  client.GrpcClientProtocolClient (GrpcClientProtocolClient.java:onNext(255)) - client-0F1B900A64BD->9bf35ae9-4da0-4371-87fa-54ea3ce1f280: receive RaftClientReply:client-0F1B900A64BD->9bf35ae9-4da0-4371-87fa-54ea3ce1f280@group-432E83AF5B55, cid=2551, SUCCESS, logIndex=0, commits[9bf35ae9-4da0-4371-87fa-54ea3ce1f280:c3777, 0cc34542-3a00-466e-ae84-194b84d3af7b:c3773, d451d94d-57a0-4545-b387-d428f64e3f33:c3773]
2019-07-09 16:26:09,543 INFO  client.GrpcClientProtocolClient (GrpcClientProtocolClient.java:onNext(255)) - client-0F1B900A64BD->9bf35ae9-4da0-4371-87fa-54ea3ce1f280: receive RaftClientReply:client-0F1B900A64BD->9bf35ae9-4da0-4371-87fa-54ea3ce1f280@group-432E83AF5B55, cid=2552, SUCCESS, logIndex=3780, commits[9bf35ae9-4da0-4371-87fa-54ea3ce1f280:c3781, 0cc34542-3a00-466e-ae84-194b84d3af7b:c3779, d451d94d-57a0-4545-b387-d428f64e3f33:c3779]
2019-07-09 16:26:09,543 INFO  client.GrpcClientProtocolClient (GrpcClientProtocolClient.java:onNext(255)) - client-0F1B900A64BD->9bf35ae9-4da0-4371-87fa-54ea3ce1f280: receive RaftClientReply:client-0F1B900A64BD->9bf35ae9-4da0-4371-87fa-54ea3ce1f280@group-432E83AF5B55, cid=2553, SUCCESS, logIndex=3781, commits[9bf35ae9-4da0-4371-87fa-54ea3ce1f280:c3781, 0cc34542-3a00-466e-ae84-194b84d3af7b:c3779, d451d94d-57a0-4545-b387-d428f64e3f33:c3779]
2019-07-09 16:26:09,556 INFO  client.GrpcClientProtocolClient (GrpcClientProtocolClient.java:onNext(255)) - client-0F1B900A64BD->9bf35ae9-4da0-4371-87fa-54ea3ce1f280: receive RaftClientReply:client-0F1B900A64BD->9bf35ae9-4da0-4371-87fa-54ea3ce1f280@group-432E83AF5B55, cid=2554, SUCCESS, logIndex=3784, commits[9bf35ae9-4da0-4371-87fa-54ea3ce1f280:c3785, 0cc34542-3a00-466e-ae84-194b84d3af7b:c3781, d451d94d-57a0-4545-b387-d428f64e3f33:c3780]
2019-07-09 16:26:09,556 INFO  client.GrpcClientProtocolClient (GrpcClientProtocolClient.java:onNext(255)) - client-0F1B900A64BD->9bf35ae9-4da0-4371-87fa-54ea3ce1f280: receive RaftClientReply:client-0F1B900A64BD->9bf35ae9-4da0-4371-87fa-54ea3ce1f280@group-432E83AF5B55, cid=2555, SUCCESS, logIndex=3785, commits[9bf35ae9-4da0-4371-87fa-54ea3ce1f280:c3785, 0cc34542-3a00-466e-ae84-194b84d3af7b:c3781, d451d94d-57a0-4545-b387-d428f64e3f33:c3781]
2019-07-09 16:26:09,570 INFO  client.GrpcClientProtocolClient (GrpcClientProtocolClient.java:onNext(255)) - client-0F1B900A64BD->9bf35ae9-4da0-4371-87fa-54ea3ce1f280: receive RaftClientReply:client-0F1B900A64BD->9bf35ae9-4da0-4371-87fa-54ea3ce1f280@group-432E83AF5B55, cid=2556, SUCCESS, logIndex=0, commits[9bf35ae9-4da0-4371-87fa-54ea3ce1f280:c3787, 0cc34542-3a00-466e-ae84-194b84d3af7b:c3785, d451d94d-57a0-4545-b387-d428f64e3f33:c3785]
2019-07-09 16:26:09,600 INFO  client.GrpcClientProtocolClient (GrpcClientProtocolClient.java:onNext(255)) - client-0F1B900A64BD->9bf35ae9-4da0-4371-87fa-54ea3ce1f280: receive RaftClientReply:client-0F1B900A64BD->9bf35ae9-4da0-4371-87fa-54ea3ce1f280@group-432E83AF5B55, cid=2557, SUCCESS, logIndex=3788, commits[9bf35ae9-4da0-4371-87fa-54ea3ce1f280:c3789, 0cc34542-3a00-466e-ae84-194b84d3af7b:c3787, d451d94d-57a0-4545-b387-d428f64e3f33:c3787]
2019-07-09 16:26:09,600 INFO  client.GrpcClientProtocolClient (GrpcClientProtocolClient.java:onNext(255)) - client-0F1B900A64BD->9bf35ae9-4da0-4371-87fa-54ea3ce1f280: receive RaftClientReply:client-0F1B900A64BD->9bf35ae9-4da0-4371-87fa-54ea3ce1f280@group-432E83AF5B55, cid=2558, SUCCESS, logIndex=3789, commits[9bf35ae9-4da0-4371-87fa-54ea3ce1f280:c3791, 0cc34542-3a00-466e-ae84-194b84d3af7b:c3787, d451d94d-57a0-4545-b387-d428f64e3f33:c3787]
2019-07-09 16:26:09,601 INFO  client.GrpcClientProtocolClient (GrpcClientProtocolClient.java:onNext(255)) - client-0F1B900A64BD->9bf35ae9-4da0-4371-87fa-54ea3ce1f280: receive RaftClientReply:client-0F1B900A64BD->9bf35ae9-4da0-4371-87fa-54ea3ce1f280@group-432E83AF5B55, cid=2559, SUCCESS, logIndex=3790, commits[9bf35ae9-4da0-4371-87fa-54ea3ce1f280:c3791, 0cc34542-3a00-466e-ae84-194b84d3af7b:c3787, d451d94d-57a0-4545-b387-d428f64e3f33:c3787]
2019-07-09 16:26:09,601 INFO  client.GrpcClientProtocolClient (GrpcClientProtocolClient.java:onNext(255)) - client-0F1B900A64BD->9bf35ae9-4da0-4371-87fa-54ea3ce1f280: receive RaftClientReply:client-0F1B900A64BD->9bf35ae9-4da0-4371-87fa-54ea3ce1f280@group-432E83AF5B55, cid=2560, SUCCESS, logIndex=3791, commits[9bf35ae9-4da0-4371-87fa-54ea3ce1f280:c3791, 0cc34542-3a00-466e-ae84-194b84d3af7b:c3787, d451d94d-57a0-4545-b387-d428f64e3f33:c3787]
2019-07-09 16:26:09,625 INFO  client.GrpcClientProtocolClient (GrpcClientProtocolClient.java:onNext(255)) - client-0F1B900A64BD->9bf35ae9-4da0-4371-87fa-54ea3ce1f280: receive RaftClientReply:client-0F1B900A64BD->9bf35ae9-4da0-4371-87fa-54ea3ce1f280@group-432E83AF5B55, cid=2561, SUCCESS, logIndex=0, commits[9bf35ae9-4da0-4371-87fa-54ea3ce1f280:c3794, 0cc34542-3a00-466e-ae84-194b84d3af7b:c3790, d451d94d-57a0-4545-b387-d428f64e3f33:c3789]
2019-07-09 16:26:09,647 INFO  client.GrpcClientProtocolClient (GrpcClientProtocolClient.java:onNext(255)) - client-0F1B900A64BD->9bf35ae9-4da0-4371-87fa-54ea3ce1f280: receive RaftClientReply:client-0F1B900A64BD->9bf35ae9-4da0-4371-87fa-54ea3ce1f280@group-432E83AF5B55, cid=2562, SUCCESS, logIndex=3796, commits[9bf35ae9-4da0-4371-87fa-54ea3ce1f280:c3797, 0cc34542-3a00-466e-ae84-194b84d3af7b:c3795, d451d94d-57a0-4545-b387-d428f64e3f33:c3795]
2019-07-09 16:26:09,647 INFO  client.GrpcClientProtocolClient (GrpcClientProtocolClient.java:onNext(255)) - client-0F1B900A64BD->9bf35ae9-4da0-4371-87fa-54ea3ce1f280: receive RaftClientReply:client-0F1B900A64BD->9bf35ae9-4da0-4371-87fa-54ea3ce1f280@group-432E83AF5B55, cid=2563, SUCCESS, logIndex=3797, commits[9bf35ae9-4da0-4371-87fa-54ea3ce1f280:c3797, 0cc34542-3a00-466e-ae84-194b84d3af7b:c3795, d451d94d-57a0-4545-b387-d428f64e3f33:c3795]
2019-07-09 16:26:09,670 INFO  client.GrpcClientProtocolClient (GrpcClientProtocolClient.java:onNext(255)) - client-0F1B900A64BD->9bf35ae9-4da0-4371-87fa-54ea3ce1f280: receive RaftClientReply:client-0F1B900A64BD->9bf35ae9-4da0-4371-87fa-54ea3ce1f280@group-432E83AF5B55, cid=2564, SUCCESS, logIndex=3800, commits[9bf35ae9-4da0-4371-87fa-54ea3ce1f280:c3801, 0cc34542-3a00-466e-ae84-194b84d3af7b:c3799, d451d94d-57a0-4545-b387-d428f64e3f33:c3797]
2019-07-09 16:26:09,671 INFO  client.GrpcClientProtocolClient (GrpcClientProtocolClient.java:onNext(255)) - client-0F1B900A64BD->9bf35ae9-4da0-4371-87fa-54ea3ce1f280: receive RaftClientReply:client-0F1B900A64BD->9bf35ae9-4da0-4371-87fa-54ea3ce1f280@group-432E83AF5B55, cid=2565, SUCCESS, logIndex=3801, commits[9bf35ae9-4da0-4371-87fa-54ea3ce1f280:c3801, 0cc34542-3a00-466e-ae84-194b84d3af7b:c3799, d451d94d-57a0-4545-b387-d428f64e3f33:c3799]
2019-07-09 16:26:09,674 INFO  client.GrpcClientProtocolClient (GrpcClientProtocolClient.java:onNext(255)) - client-0F1B900A64BD->9bf35ae9-4da0-4371-87fa-54ea3ce1f280: receive RaftClientReply:client-0F1B900A64BD->9bf35ae9-4da0-4371-87fa-54ea3ce1f280@group-432E83AF5B55, cid=2566, SUCCESS, logIndex=0, commits[9bf35ae9-4da0-4371-87fa-54ea3ce1f280:c3802, 0cc34542-3a00-466e-ae84-194b84d3af7b:c3801, d451d94d-57a0-4545-b387-d428f64e3f33:c3801]
2019-07-09 16:26:09,705 INFO  client.GrpcClientProtocolClient (GrpcClientProtocolClient.java:onNext(255)) - client-0F1B900A64BD->9bf35ae9-4da0-4371-87fa-54ea3ce1f280: receive RaftClientReply:client-0F1B900A64BD->9bf35ae9-4da0-4371-87fa-54ea3ce1f280@group-432E83AF5B55, cid=2567, SUCCESS, logIndex=3804, commits[9bf35ae9-4da0-4371-87fa-54ea3ce1f280:c3805, 0cc34542-3a00-466e-ae84-194b84d3af7b:c3803, d451d94d-57a0-4545-b387-d428f64e3f33:c3803]
2019-07-09 16:26:09,705 INFO  client.GrpcClientProtocolClient (GrpcClientProtocolClient.java:onNext(255)) - client-0F1B900A64BD->9bf35ae9-4da0-4371-87fa-54ea3ce1f280: receive RaftClientReply:client-0F1B900A64BD->9bf35ae9-4da0-4371-87fa-54ea3ce1f280@group-432E83AF5B55, cid=2568, SUCCESS, logIndex=3805, commits[9bf35ae9-4da0-4371-87fa-54ea3ce1f280:c3805, 0cc34542-3a00-466e-ae84-194b84d3af7b:c3803, d451d94d-57a0-4545-b387-d428f64e3f33:c3803]
2019-07-09 16:26:09,706 INFO  client.GrpcClientProtocolClient (GrpcClientProtocolClient.java:onNext(255)) - client-0F1B900A64BD->9bf35ae9-4da0-4371-87fa-54ea3ce1f280: receive RaftClientReply:client-0F1B900A64BD->9bf35ae9-4da0-4371-87fa-54ea3ce1f280@group-432E83AF5B55, cid=2569, SUCCESS, logIndex=3806, commits[9bf35ae9-4da0-4371-87fa-54ea3ce1f280:c3807, 0cc34542-3a00-466e-ae84-194b84d3af7b:c3803, d451d94d-57a0-4545-b387-d428f64e3f33:c3803]
2019-07-09 16:26:09,706 INFO  client.GrpcClientProtocolClient (GrpcClientProtocolClient.java:onNext(255)) - client-0F1B900A64BD->9bf35ae9-4da0-4371-87fa-54ea3ce1f280: receive RaftClientReply:client-0F1B900A64BD->9bf35ae9-4da0-4371-87fa-54ea3ce1f280@group-432E83AF5B55, cid=2570, SUCCESS, logIndex=3807, commits[9bf35ae9-4da0-4371-87fa-54ea3ce1f280:c3807, 0cc34542-3a00-466e-ae84-194b84d3af7b:c3803, d451d94d-57a0-4545-b387-d428f64e3f33:c3803]
2019-07-09 16:26:09,722 INFO  client.GrpcClientProtocolClient (GrpcClientProtocolClient.java:onNext(255)) - client-0F1B900A64BD->9bf35ae9-4da0-4371-87fa-54ea3ce1f280: receive RaftClientReply:client-0F1B900A64BD->9bf35ae9-4da0-4371-87fa-54ea3ce1f280@group-432E83AF5B55, cid=2571, SUCCESS, logIndex=0, commits[9bf35ae9-4da0-4371-87fa-54ea3ce1f280:c3809, 0cc34542-3a00-466e-ae84-194b84d3af7b:c3805, d451d94d-57a0-4545-b387-d428f64e3f33:c3805]
2019-07-09 16:26:09,742 INFO  client.GrpcClientProtocolClient (GrpcClientProtocolClient.java:onNext(255)) - client-0F1B900A64BD->9bf35ae9-4da0-4371-87fa-54ea3ce1f280: receive RaftClientReply:client-0F1B900A64BD->9bf35ae9-4da0-4371-87fa-54ea3ce1f280@group-432E83AF5B55, cid=2572, SUCCESS, logIndex=3812, commits[9bf35ae9-4da0-4371-87fa-54ea3ce1f280:c3813, 0cc34542-3a00-466e-ae84-194b84d3af7b:c3811, d451d94d-57a0-4545-b387-d428f64e3f33:c3811]
2019-07-09 16:26:09,743 INFO  client.GrpcClientProtocolClient (GrpcClientProtocolClient.java:onNext(255)) - client-0F1B900A64BD->9bf35ae9-4da0-4371-87fa-54ea3ce1f280: receive RaftClientReply:client-0F1B900A64BD->9bf35ae9-4da0-4371-87fa-54ea3ce1f280@group-432E83AF5B55, cid=2573, SUCCESS, logIndex=3813, commits[9bf35ae9-4da0-4371-87fa-54ea3ce1f280:c3813, 0cc34542-3a00-466e-ae84-194b84d3af7b:c3811, d451d94d-57a0-4545-b387-d428f64e3f33:c3811]
2019-07-09 16:26:09,757 INFO  client.GrpcClientProtocolClient (GrpcClientProtocolClient.java:onNext(255)) - client-0F1B900A64BD->9bf35ae9-4da0-4371-87fa-54ea3ce1f280: receive RaftClientReply:client-0F1B900A64BD->9bf35ae9-4da0-4371-87fa-54ea3ce1f280@group-432E83AF5B55, cid=2574, SUCCESS, logIndex=3816, commits[9bf35ae9-4da0-4371-87fa-54ea3ce1f280:c3817, 0cc34542-3a00-466e-ae84-194b84d3af7b:c3813, d451d94d-57a0-4545-b387-d428f64e3f33:c3813]
2019-07-09 16:26:09,757 INFO  client.GrpcClientProtocolClient (GrpcClientProtocolClient.java:onNext(255)) - client-0F1B900A64BD->9bf35ae9-4da0-4371-87fa-54ea3ce1f280: receive RaftClientReply:client-0F1B900A64BD->9bf35ae9-4da0-4371-87fa-54ea3ce1f280@group-432E83AF5B55, cid=2575, SUCCESS, logIndex=3817, commits[9bf35ae9-4da0-4371-87fa-54ea3ce1f280:c3817, 0cc34542-3a00-466e-ae84-194b84d3af7b:c3813, d451d94d-57a0-4545-b387-d428f64e3f33:c3813]
2019-07-09 16:26:09,771 INFO  client.GrpcClientProtocolClient (GrpcClientProtocolClient.java:onNext(255)) - client-0F1B900A64BD->9bf35ae9-4da0-4371-87fa-54ea3ce1f280: receive RaftClientReply:client-0F1B900A64BD->9bf35ae9-4da0-4371-87fa-54ea3ce1f280@group-432E83AF5B55, cid=2576, SUCCESS, logIndex=0, commits[9bf35ae9-4da0-4371-87fa-54ea3ce1f280:c3818, 0cc34542-3a00-466e-ae84-194b84d3af7b:c3817, d451d94d-57a0-4545-b387-d428f64e3f33:c3817]
2019-07-09 16:26:09,889 INFO  client.GrpcClientProtocolClient (GrpcClientProtocolClient.java:onNext(255)) - client-0F1B900A64BD->9bf35ae9-4da0-4371-87fa-54ea3ce1f280: receive RaftClientReply:client-0F1B900A64BD->9bf35ae9-4da0-4371-87fa-54ea3ce1f280@group-432E83AF5B55, cid=2577, SUCCESS, logIndex=3820, commits[9bf35ae9-4da0-4371-87fa-54ea3ce1f280:c3821, 0cc34542-3a00-466e-ae84-194b84d3af7b:c3819, d451d94d-57a0-4545-b387-d428f64e3f33:c3819]
2019-07-09 16:26:09,889 INFO  client.GrpcClientProtocolClient (GrpcClientProtocolClient.java:onNext(255)) - client-0F1B900A64BD->9bf35ae9-4da0-4371-87fa-54ea3ce1f280: receive RaftClientReply:client-0F1B900A64BD->9bf35ae9-4da0-4371-87fa-54ea3ce1f280@group-432E83AF5B55, cid=2578, SUCCESS, logIndex=3821, commits[9bf35ae9-4da0-4371-87fa-54ea3ce1f280:c3822, 0cc34542-3a00-466e-ae84-194b84d3af7b:c3819, d451d94d-57a0-4545-b387-d428f64e3f33:c3819]
2019-07-09 16:26:09,890 INFO  client.GrpcClientProtocolClient (GrpcClientProtocolClient.java:onNext(255)) - client-0F1B900A64BD->9bf35ae9-4da0-4371-87fa-54ea3ce1f280: receive RaftClientReply:client-0F1B900A64BD->9bf35ae9-4da0-4371-87fa-54ea3ce1f280@group-432E83AF5B55, cid=2579, SUCCESS, logIndex=3822, commits[9bf35ae9-4da0-4371-87fa-54ea3ce1f280:c3823, 0cc34542-3a00-466e-ae84-194b84d3af7b:c3819, d451d94d-57a0-4545-b387-d428f64e3f33:c3819]
2019-07-09 16:26:09,890 INFO  client.GrpcClientProtocolClient (GrpcClientProtocolClient.java:onNext(255)) - client-0F1B900A64BD->9bf35ae9-4da0-4371-87fa-54ea3ce1f280: receive RaftClientReply:client-0F1B900A64BD->9bf35ae9-4da0-4371-87fa-54ea3ce1f280@group-432E83AF5B55, cid=2580, SUCCESS, logIndex=3823, commits[9bf35ae9-4da0-4371-87fa-54ea3ce1f280:c3823, 0cc34542-3a00-466e-ae84-194b84d3af7b:c3819, d451d94d-57a0-4545-b387-d428f64e3f33:c3819]
 0.00% |█                                                                                                    |  0/1 Time: 0:00:212019-07-09 16:26:09,903 INFO  client.GrpcClientProtocolClient (GrpcClientProtocolClient.java:onNext(255)) - client-0F1B900A64BD->9bf35ae9-4da0-4371-87fa-54ea3ce1f280: receive RaftClientReply:client-0F1B900A64BD->9bf35ae9-4da0-4371-87fa-54ea3ce1f280@group-432E83AF5B55, cid=2581, SUCCESS, logIndex=0, commits[9bf35ae9-4da0-4371-87fa-54ea3ce1f280:c3824, 0cc34542-3a00-466e-ae84-194b84d3af7b:c3821, d451d94d-57a0-4545-b387-d428f64e3f33:c3821]
2019-07-09 16:26:09,924 INFO  client.GrpcClientProtocolClient (GrpcClientProtocolClient.java:onNext(255)) - client-0F1B900A64BD->9bf35ae9-4da0-4371-87fa-54ea3ce1f280: receive RaftClientReply:client-0F1B900A64BD->9bf35ae9-4da0-4371-87fa-54ea3ce1f280@group-432E83AF5B55, cid=2582, SUCCESS, logIndex=3828, commits[9bf35ae9-4da0-4371-87fa-54ea3ce1f280:c3829, 0cc34542-3a00-466e-ae84-194b84d3af7b:c3827, d451d94d-57a0-4545-b387-d428f64e3f33:c3827]
2019-07-09 16:26:09,925 INFO  client.GrpcClientProtocolClient (GrpcClientProtocolClient.java:onNext(255)) - client-0F1B900A64BD->9bf35ae9-4da0-4371-87fa-54ea3ce1f280: receive RaftClientReply:client-0F1B900A64BD->9bf35ae9-4da0-4371-87fa-54ea3ce1f280@group-432E83AF5B55, cid=2583, SUCCESS, logIndex=3829, commits[9bf35ae9-4da0-4371-87fa-54ea3ce1f280:c3829, 0cc34542-3a00-466e-ae84-194b84d3af7b:c3827, d451d94d-57a0-4545-b387-d428f64e3f33:c3827]
2019-07-09 16:26:09,945 INFO  client.GrpcClientProtocolClient (GrpcClientProtocolClient.java:onNext(255)) - client-0F1B900A64BD->9bf35ae9-4da0-4371-87fa-54ea3ce1f280: receive RaftClientReply:client-0F1B900A64BD->9bf35ae9-4da0-4371-87fa-54ea3ce1f280@group-432E83AF5B55, cid=2584, SUCCESS, logIndex=3832, commits[9bf35ae9-4da0-4371-87fa-54ea3ce1f280:c3833, 0cc34542-3a00-466e-ae84-194b84d3af7b:c3829, d451d94d-57a0-4545-b387-d428f64e3f33:c3829]
2019-07-09 16:26:09,945 INFO  client.GrpcClientProtocolClient (GrpcClientProtocolClient.java:onNext(255)) - client-0F1B900A64BD->9bf35ae9-4da0-4371-87fa-54ea3ce1f280: receive RaftClientReply:client-0F1B900A64BD->9bf35ae9-4da0-4371-87fa-54ea3ce1f280@group-432E83AF5B55, cid=2585, SUCCESS, logIndex=3833, commits[9bf35ae9-4da0-4371-87fa-54ea3ce1f280:c3833, 0cc34542-3a00-466e-ae84-194b84d3af7b:c3829, d451d94d-57a0-4545-b387-d428f64e3f33:c3829]
2019-07-09 16:26:09,959 INFO  client.GrpcClientProtocolClient (GrpcClientProtocolClient.java:onNext(255)) - client-0F1B900A64BD->9bf35ae9-4da0-4371-87fa-54ea3ce1f280: receive RaftClientReply:client-0F1B900A64BD->9bf35ae9-4da0-4371-87fa-54ea3ce1f280@group-432E83AF5B55, cid=2586, SUCCESS, logIndex=0, commits[9bf35ae9-4da0-4371-87fa-54ea3ce1f280:c3834, 0cc34542-3a00-466e-ae84-194b84d3af7b:c3833, d451d94d-57a0-4545-b387-d428f64e3f33:c3833]
2019-07-09 16:26:09,985 INFO  client.GrpcClientProtocolClient (GrpcClientProtocolClient.java:onNext(255)) - client-0F1B900A64BD->9bf35ae9-4da0-4371-87fa-54ea3ce1f280: receive RaftClientReply:client-0F1B900A64BD->9bf35ae9-4da0-4371-87fa-54ea3ce1f280@group-432E83AF5B55, cid=2587, SUCCESS, logIndex=3836, commits[9bf35ae9-4da0-4371-87fa-54ea3ce1f280:c3837, 0cc34542-3a00-466e-ae84-194b84d3af7b:c3835, d451d94d-57a0-4545-b387-d428f64e3f33:c3835]
2019-07-09 16:26:09,986 INFO  client.GrpcClientProtocolClient (GrpcClientProtocolClient.java:onNext(255)) - client-0F1B900A64BD->9bf35ae9-4da0-4371-87fa-54ea3ce1f280: receive RaftClientReply:client-0F1B900A64BD->9bf35ae9-4da0-4371-87fa-54ea3ce1f280@group-432E83AF5B55, cid=2588, SUCCESS, logIndex=3837, commits[9bf35ae9-4da0-4371-87fa-54ea3ce1f280:c3837, 0cc34542-3a00-466e-ae84-194b84d3af7b:c3835, d451d94d-57a0-4545-b387-d428f64e3f33:c3835]
2019-07-09 16:26:09,986 INFO  client.GrpcClientProtocolClient (GrpcClientProtocolClient.java:onNext(255)) - client-0F1B900A64BD->9bf35ae9-4da0-4371-87fa-54ea3ce1f280: receive RaftClientReply:client-0F1B900A64BD->9bf35ae9-4da0-4371-87fa-54ea3ce1f280@group-432E83AF5B55, cid=2589, SUCCESS, logIndex=3838, commits[9bf35ae9-4da0-4371-87fa-54ea3ce1f280:c3838, 0cc34542-3a00-466e-ae84-194b84d3af7b:c3835, d451d94d-57a0-4545-b387-d428f64e3f33:c3835]
2019-07-09 16:26:09,986 INFO  client.GrpcClientProtocolClient (GrpcClientProtocolClient.java:onNext(255)) - client-0F1B900A64BD->9bf35ae9-4da0-4371-87fa-54ea3ce1f280: receive RaftClientReply:client-0F1B900A64BD->9bf35ae9-4da0-4371-87fa-54ea3ce1f280@group-432E83AF5B55, cid=2590, SUCCESS, logIndex=3839, commits[9bf35ae9-4da0-4371-87fa-54ea3ce1f280:c3839, 0cc34542-3a00-466e-ae84-194b84d3af7b:c3835, d451d94d-57a0-4545-b387-d428f64e3f33:c3835]
2019-07-09 16:26:09,987 INFO  client.GrpcClientProtocolClient (GrpcClientProtocolClient.java:onNext(255)) - client-0F1B900A64BD->9bf35ae9-4da0-4371-87fa-54ea3ce1f280: receive RaftClientReply:client-0F1B900A64BD->9bf35ae9-4da0-4371-87fa-54ea3ce1f280@group-432E83AF5B55, cid=2591, SUCCESS, logIndex=0, commits[9bf35ae9-4da0-4371-87fa-54ea3ce1f280:c3842, 0cc34542-3a00-466e-ae84-194b84d3af7b:c3837, d451d94d-57a0-4545-b387-d428f64e3f33:c3838]
2019-07-09 16:26:10,006 INFO  client.GrpcClientProtocolClient (GrpcClientProtocolClient.java:onNext(255)) - client-0F1B900A64BD->9bf35ae9-4da0-4371-87fa-54ea3ce1f280: receive RaftClientReply:client-0F1B900A64BD->9bf35ae9-4da0-4371-87fa-54ea3ce1f280@group-432E83AF5B55, cid=2592, SUCCESS, logIndex=3844, commits[9bf35ae9-4da0-4371-87fa-54ea3ce1f280:c3845, 0cc34542-3a00-466e-ae84-194b84d3af7b:c3843, d451d94d-57a0-4545-b387-d428f64e3f33:c3843]
2019-07-09 16:26:10,007 INFO  client.GrpcClientProtocolClient (GrpcClientProtocolClient.java:onNext(255)) - client-0F1B900A64BD->9bf35ae9-4da0-4371-87fa-54ea3ce1f280: receive RaftClientReply:client-0F1B900A64BD->9bf35ae9-4da0-4371-87fa-54ea3ce1f280@group-432E83AF5B55, cid=2593, SUCCESS, logIndex=3845, commits[9bf35ae9-4da0-4371-87fa-54ea3ce1f280:c3845, 0cc34542-3a00-466e-ae84-194b84d3af7b:c3843, d451d94d-57a0-4545-b387-d428f64e3f33:c3843]
2019-07-09 16:26:10,019 INFO  client.GrpcClientProtocolClient (GrpcClientProtocolClient.java:onNext(255)) - client-0F1B900A64BD->9bf35ae9-4da0-4371-87fa-54ea3ce1f280: receive RaftClientReply:client-0F1B900A64BD->9bf35ae9-4da0-4371-87fa-54ea3ce1f280@group-432E83AF5B55, cid=2594, SUCCESS, logIndex=3848, commits[9bf35ae9-4da0-4371-87fa-54ea3ce1f280:c3849, 0cc34542-3a00-466e-ae84-194b84d3af7b:c3845, d451d94d-57a0-4545-b387-d428f64e3f33:c3845]
2019-07-09 16:26:10,020 INFO  client.GrpcClientProtocolClient (GrpcClientProtocolClient.java:onNext(255)) - client-0F1B900A64BD->9bf35ae9-4da0-4371-87fa-54ea3ce1f280: receive RaftClientReply:client-0F1B900A64BD->9bf35ae9-4da0-4371-87fa-54ea3ce1f280@group-432E83AF5B55, cid=2595, SUCCESS, logIndex=3849, commits[9bf35ae9-4da0-4371-87fa-54ea3ce1f280:c3849, 0cc34542-3a00-466e-ae84-194b84d3af7b:c3845, d451d94d-57a0-4545-b387-d428f64e3f33:c3845]
2019-07-09 16:26:10,033 INFO  client.GrpcClientProtocolClient (GrpcClientProtocolClient.java:onNext(255)) - client-0F1B900A64BD->9bf35ae9-4da0-4371-87fa-54ea3ce1f280: receive RaftClientReply:client-0F1B900A64BD->9bf35ae9-4da0-4371-87fa-54ea3ce1f280@group-432E83AF5B55, cid=2596, SUCCESS, logIndex=0, commits[9bf35ae9-4da0-4371-87fa-54ea3ce1f280:c3851, 0cc34542-3a00-466e-ae84-194b84d3af7b:c3849, d451d94d-57a0-4545-b387-d428f64e3f33:c3849]
2019-07-09 16:26:10,072 INFO  client.GrpcClientProtocolClient (GrpcClientProtocolClient.java:onNext(255)) - client-0F1B900A64BD->9bf35ae9-4da0-4371-87fa-54ea3ce1f280: receive RaftClientReply:client-0F1B900A64BD->9bf35ae9-4da0-4371-87fa-54ea3ce1f280@group-432E83AF5B55, cid=2597, SUCCESS, logIndex=3852, commits[9bf35ae9-4da0-4371-87fa-54ea3ce1f280:c3854, 0cc34542-3a00-466e-ae84-194b84d3af7b:c3851, d451d94d-57a0-4545-b387-d428f64e3f33:c3851]
2019-07-09 16:26:10,073 INFO  client.GrpcClientProtocolClient (GrpcClientProtocolClient.java:onNext(255)) - client-0F1B900A64BD->9bf35ae9-4da0-4371-87fa-54ea3ce1f280: receive RaftClientReply:client-0F1B900A64BD->9bf35ae9-4da0-4371-87fa-54ea3ce1f280@group-432E83AF5B55, cid=2598, SUCCESS, logIndex=3853, commits[9bf35ae9-4da0-4371-87fa-54ea3ce1f280:c3854, 0cc34542-3a00-466e-ae84-194b84d3af7b:c3851, d451d94d-57a0-4545-b387-d428f64e3f33:c3851]
2019-07-09 16:26:10,073 INFO  client.GrpcClientProtocolClient (GrpcClientProtocolClient.java:onNext(255)) - client-0F1B900A64BD->9bf35ae9-4da0-4371-87fa-54ea3ce1f280: receive RaftClientReply:client-0F1B900A64BD->9bf35ae9-4da0-4371-87fa-54ea3ce1f280@group-432E83AF5B55, cid=2599, SUCCESS, logIndex=3854, commits[9bf35ae9-4da0-4371-87fa-54ea3ce1f280:c3855, 0cc34542-3a00-466e-ae84-194b84d3af7b:c3851, d451d94d-57a0-4545-b387-d428f64e3f33:c3851]
2019-07-09 16:26:10,074 INFO  client.GrpcClientProtocolClient (GrpcClientProtocolClient.java:onNext(255)) - client-0F1B900A64BD->9bf35ae9-4da0-4371-87fa-54ea3ce1f280: receive RaftClientReply:client-0F1B900A64BD->9bf35ae9-4da0-4371-87fa-54ea3ce1f280@group-432E83AF5B55, cid=2600, SUCCESS, logIndex=3855, commits[9bf35ae9-4da0-4371-87fa-54ea3ce1f280:c3855, 0cc34542-3a00-466e-ae84-194b84d3af7b:c3851, d451d94d-57a0-4545-b387-d428f64e3f33:c3851]
2019-07-09 16:26:10,085 INFO  client.GrpcClientProtocolClient (GrpcClientProtocolClient.java:onNext(255)) - client-0F1B900A64BD->9bf35ae9-4da0-4371-87fa-54ea3ce1f280: receive RaftClientReply:client-0F1B900A64BD->9bf35ae9-4da0-4371-87fa-54ea3ce1f280@group-432E83AF5B55, cid=2601, SUCCESS, logIndex=0, commits[9bf35ae9-4da0-4371-87fa-54ea3ce1f280:c3858, 0cc34542-3a00-466e-ae84-194b84d3af7b:c3853, d451d94d-57a0-4545-b387-d428f64e3f33:c3854]
2019-07-09 16:26:10,104 INFO  client.GrpcClientProtocolClient (GrpcClientProtocolClient.java:onNext(255)) - client-0F1B900A64BD->9bf35ae9-4da0-4371-87fa-54ea3ce1f280: receive RaftClientReply:client-0F1B900A64BD->9bf35ae9-4da0-4371-87fa-54ea3ce1f280@group-432E83AF5B55, cid=2602, SUCCESS, logIndex=3860, commits[9bf35ae9-4da0-4371-87fa-54ea3ce1f280:c3860, 0cc34542-3a00-466e-ae84-194b84d3af7b:c3859, d451d94d-57a0-4545-b387-d428f64e3f33:c3859]
2019-07-09 16:26:10,104 INFO  client.GrpcClientProtocolClient (GrpcClientProtocolClient.java:onNext(255)) - client-0F1B900A64BD->9bf35ae9-4da0-4371-87fa-54ea3ce1f280: receive RaftClientReply:client-0F1B900A64BD->9bf35ae9-4da0-4371-87fa-54ea3ce1f280@group-432E83AF5B55, cid=2603, SUCCESS, logIndex=3861, commits[9bf35ae9-4da0-4371-87fa-54ea3ce1f280:c3861, 0cc34542-3a00-466e-ae84-194b84d3af7b:c3859, d451d94d-57a0-4545-b387-d428f64e3f33:c3859]
2019-07-09 16:26:10,118 INFO  client.GrpcClientProtocolClient (GrpcClientProtocolClient.java:onNext(255)) - client-0F1B900A64BD->9bf35ae9-4da0-4371-87fa-54ea3ce1f280: receive RaftClientReply:client-0F1B900A64BD->9bf35ae9-4da0-4371-87fa-54ea3ce1f280@group-432E83AF5B55, cid=2604, SUCCESS, logIndex=3864, commits[9bf35ae9-4da0-4371-87fa-54ea3ce1f280:c3865, 0cc34542-3a00-466e-ae84-194b84d3af7b:c3861, d451d94d-57a0-4545-b387-d428f64e3f33:c3861]
2019-07-09 16:26:10,119 INFO  client.GrpcClientProtocolClient (GrpcClientProtocolClient.java:onNext(255)) - client-0F1B900A64BD->9bf35ae9-4da0-4371-87fa-54ea3ce1f280: receive RaftClientReply:client-0F1B900A64BD->9bf35ae9-4da0-4371-87fa-54ea3ce1f280@group-432E83AF5B55, cid=2605, SUCCESS, logIndex=3865, commits[9bf35ae9-4da0-4371-87fa-54ea3ce1f280:c3865, 0cc34542-3a00-466e-ae84-194b84d3af7b:c3861, d451d94d-57a0-4545-b387-d428f64e3f33:c3861]
2019-07-09 16:26:10,133 INFO  client.GrpcClientProtocolClient (GrpcClientProtocolClient.java:onNext(255)) - client-0F1B900A64BD->9bf35ae9-4da0-4371-87fa-54ea3ce1f280: receive RaftClientReply:client-0F1B900A64BD->9bf35ae9-4da0-4371-87fa-54ea3ce1f280@group-432E83AF5B55, cid=2606, SUCCESS, logIndex=0, commits[9bf35ae9-4da0-4371-87fa-54ea3ce1f280:c3867, 0cc34542-3a00-466e-ae84-194b84d3af7b:c3865, d451d94d-57a0-4545-b387-d428f64e3f33:c3865]
2019-07-09 16:26:10,156 INFO  client.GrpcClientProtocolClient (GrpcClientProtocolClient.java:onNext(255)) - client-0F1B900A64BD->9bf35ae9-4da0-4371-87fa-54ea3ce1f280: receive RaftClientReply:client-0F1B900A64BD->9bf35ae9-4da0-4371-87fa-54ea3ce1f280@group-432E83AF5B55, cid=2607, SUCCESS, logIndex=3868, commits[9bf35ae9-4da0-4371-87fa-54ea3ce1f280:c3871, 0cc34542-3a00-466e-ae84-194b84d3af7b:c3865, d451d94d-57a0-4545-b387-d428f64e3f33:c3867]
2019-07-09 16:26:10,157 INFO  client.GrpcClientProtocolClient (GrpcClientProtocolClient.java:onNext(255)) - client-0F1B900A64BD->9bf35ae9-4da0-4371-87fa-54ea3ce1f280: receive RaftClientReply:client-0F1B900A64BD->9bf35ae9-4da0-4371-87fa-54ea3ce1f280@group-432E83AF5B55, cid=2608, SUCCESS, logIndex=3869, commits[9bf35ae9-4da0-4371-87fa-54ea3ce1f280:c3871, 0cc34542-3a00-466e-ae84-194b84d3af7b:c3867, d451d94d-57a0-4545-b387-d428f64e3f33:c3867]
2019-07-09 16:26:10,157 INFO  client.GrpcClientProtocolClient (GrpcClientProtocolClient.java:onNext(255)) - client-0F1B900A64BD->9bf35ae9-4da0-4371-87fa-54ea3ce1f280: receive RaftClientReply:client-0F1B900A64BD->9bf35ae9-4da0-4371-87fa-54ea3ce1f280@group-432E83AF5B55, cid=2609, SUCCESS, logIndex=3870, commits[9bf35ae9-4da0-4371-87fa-54ea3ce1f280:c3871, 0cc34542-3a00-466e-ae84-194b84d3af7b:c3867, d451d94d-57a0-4545-b387-d428f64e3f33:c3867]
2019-07-09 16:26:10,157 INFO  client.GrpcClientProtocolClient (GrpcClientProtocolClient.java:onNext(255)) - client-0F1B900A64BD->9bf35ae9-4da0-4371-87fa-54ea3ce1f280: receive RaftClientReply:client-0F1B900A64BD->9bf35ae9-4da0-4371-87fa-54ea3ce1f280@group-432E83AF5B55, cid=2610, SUCCESS, logIndex=3871, commits[9bf35ae9-4da0-4371-87fa-54ea3ce1f280:c3871, 0cc34542-3a00-466e-ae84-194b84d3af7b:c3867, d451d94d-57a0-4545-b387-d428f64e3f33:c3867]
2019-07-09 16:26:10,161 INFO  client.GrpcClientProtocolClient (GrpcClientProtocolClient.java:onNext(255)) - client-0F1B900A64BD->9bf35ae9-4da0-4371-87fa-54ea3ce1f280: receive RaftClientReply:client-0F1B900A64BD->9bf35ae9-4da0-4371-87fa-54ea3ce1f280@group-432E83AF5B55, cid=2611, SUCCESS, logIndex=0, commits[9bf35ae9-4da0-4371-87fa-54ea3ce1f280:c3875, 0cc34542-3a00-466e-ae84-194b84d3af7b:c3871, d451d94d-57a0-4545-b387-d428f64e3f33:c3869]
2019-07-09 16:26:10,173 INFO  client.GrpcClientProtocolClient (GrpcClientProtocolClient.java:onNext(255)) - client-0F1B900A64BD->9bf35ae9-4da0-4371-87fa-54ea3ce1f280: receive RaftClientReply:client-0F1B900A64BD->9bf35ae9-4da0-4371-87fa-54ea3ce1f280@group-432E83AF5B55, cid=2612, SUCCESS, logIndex=3876, commits[9bf35ae9-4da0-4371-87fa-54ea3ce1f280:c3877, 0cc34542-3a00-466e-ae84-194b84d3af7b:c3875, d451d94d-57a0-4545-b387-d428f64e3f33:c3875]
2019-07-09 16:26:10,174 INFO  client.GrpcClientProtocolClient (GrpcClientProtocolClient.java:onNext(255)) - client-0F1B900A64BD->9bf35ae9-4da0-4371-87fa-54ea3ce1f280: receive RaftClientReply:client-0F1B900A64BD->9bf35ae9-4da0-4371-87fa-54ea3ce1f280@group-432E83AF5B55, cid=2613, SUCCESS, logIndex=3877, commits[9bf35ae9-4da0-4371-87fa-54ea3ce1f280:c3877, 0cc34542-3a00-466e-ae84-194b84d3af7b:c3875, d451d94d-57a0-4545-b387-d428f64e3f33:c3875]
2019-07-09 16:26:10,200 INFO  client.GrpcClientProtocolClient (GrpcClientProtocolClient.java:onNext(255)) - client-0F1B900A64BD->9bf35ae9-4da0-4371-87fa-54ea3ce1f280: receive RaftClientReply:client-0F1B900A64BD->9bf35ae9-4da0-4371-87fa-54ea3ce1f280@group-432E83AF5B55, cid=2614, SUCCESS, logIndex=3880, commits[9bf35ae9-4da0-4371-87fa-54ea3ce1f280:c3881, 0cc34542-3a00-466e-ae84-194b84d3af7b:c3879, d451d94d-57a0-4545-b387-d428f64e3f33:c3879]
2019-07-09 16:26:10,200 INFO  client.GrpcClientProtocolClient (GrpcClientProtocolClient.java:onNext(255)) - client-0F1B900A64BD->9bf35ae9-4da0-4371-87fa-54ea3ce1f280: receive RaftClientReply:client-0F1B900A64BD->9bf35ae9-4da0-4371-87fa-54ea3ce1f280@group-432E83AF5B55, cid=2615, SUCCESS, logIndex=3881, commits[9bf35ae9-4da0-4371-87fa-54ea3ce1f280:c3881, 0cc34542-3a00-466e-ae84-194b84d3af7b:c3879, d451d94d-57a0-4545-b387-d428f64e3f33:c3879]
2019-07-09 16:26:10,211 INFO  client.GrpcClientProtocolClient (GrpcClientProtocolClient.java:onNext(255)) - client-0F1B900A64BD->9bf35ae9-4da0-4371-87fa-54ea3ce1f280: receive RaftClientReply:client-0F1B900A64BD->9bf35ae9-4da0-4371-87fa-54ea3ce1f280@group-432E83AF5B55, cid=2616, SUCCESS, logIndex=0, commits[9bf35ae9-4da0-4371-87fa-54ea3ce1f280:c3881, 0cc34542-3a00-466e-ae84-194b84d3af7b:c3881, d451d94d-57a0-4545-b387-d428f64e3f33:c3881]
2019-07-09 16:26:10,242 INFO  client.GrpcClientProtocolClient (GrpcClientProtocolClient.java:onNext(255)) - client-0F1B900A64BD->9bf35ae9-4da0-4371-87fa-54ea3ce1f280: receive RaftClientReply:client-0F1B900A64BD->9bf35ae9-4da0-4371-87fa-54ea3ce1f280@group-432E83AF5B55, cid=2617, SUCCESS, logIndex=3884, commits[9bf35ae9-4da0-4371-87fa-54ea3ce1f280:c3885, 0cc34542-3a00-466e-ae84-194b84d3af7b:c3883, d451d94d-57a0-4545-b387-d428f64e3f33:c3883]
2019-07-09 16:26:10,242 INFO  client.GrpcClientProtocolClient (GrpcClientProtocolClient.java:onNext(255)) - client-0F1B900A64BD->9bf35ae9-4da0-4371-87fa-54ea3ce1f280: receive RaftClientReply:client-0F1B900A64BD->9bf35ae9-4da0-4371-87fa-54ea3ce1f280@group-432E83AF5B55, cid=2618, SUCCESS, logIndex=3885, commits[9bf35ae9-4da0-4371-87fa-54ea3ce1f280:c3885, 0cc34542-3a00-466e-ae84-194b84d3af7b:c3883, d451d94d-57a0-4545-b387-d428f64e3f33:c3883]
2019-07-09 16:26:10,243 INFO  client.GrpcClientProtocolClient (GrpcClientProtocolClient.java:onNext(255)) - client-0F1B900A64BD->9bf35ae9-4da0-4371-87fa-54ea3ce1f280: receive RaftClientReply:client-0F1B900A64BD->9bf35ae9-4da0-4371-87fa-54ea3ce1f280@group-432E83AF5B55, cid=2619, SUCCESS, logIndex=3886, commits[9bf35ae9-4da0-4371-87fa-54ea3ce1f280:c3887, 0cc34542-3a00-466e-ae84-194b84d3af7b:c3883, d451d94d-57a0-4545-b387-d428f64e3f33:c3883]
2019-07-09 16:26:10,243 INFO  client.GrpcClientProtocolClient (GrpcClientProtocolClient.java:onNext(255)) - client-0F1B900A64BD->9bf35ae9-4da0-4371-87fa-54ea3ce1f280: receive RaftClientReply:client-0F1B900A64BD->9bf35ae9-4da0-4371-87fa-54ea3ce1f280@group-432E83AF5B55, cid=2620, SUCCESS, logIndex=3887, commits[9bf35ae9-4da0-4371-87fa-54ea3ce1f280:c3887, 0cc34542-3a00-466e-ae84-194b84d3af7b:c3883, d451d94d-57a0-4545-b387-d428f64e3f33:c3883]
2019-07-09 16:26:10,255 INFO  client.GrpcClientProtocolClient (GrpcClientProtocolClient.java:onNext(255)) - client-0F1B900A64BD->9bf35ae9-4da0-4371-87fa-54ea3ce1f280: receive RaftClientReply:client-0F1B900A64BD->9bf35ae9-4da0-4371-87fa-54ea3ce1f280@group-432E83AF5B55, cid=2621, SUCCESS, logIndex=0, commits[9bf35ae9-4da0-4371-87fa-54ea3ce1f280:c3889, 0cc34542-3a00-466e-ae84-194b84d3af7b:c3885, d451d94d-57a0-4545-b387-d428f64e3f33:c3885]
2019-07-09 16:26:10,274 INFO  client.GrpcClientProtocolClient (GrpcClientProtocolClient.java:onNext(255)) - client-0F1B900A64BD->9bf35ae9-4da0-4371-87fa-54ea3ce1f280: receive RaftClientReply:client-0F1B900A64BD->9bf35ae9-4da0-4371-87fa-54ea3ce1f280@group-432E83AF5B55, cid=2622, SUCCESS, logIndex=3892, commits[9bf35ae9-4da0-4371-87fa-54ea3ce1f280:c3893, 0cc34542-3a00-466e-ae84-194b84d3af7b:c3891, d451d94d-57a0-4545-b387-d428f64e3f33:c3891]
2019-07-09 16:26:10,275 INFO  client.GrpcClientProtocolClient (GrpcClientProtocolClient.java:onNext(255)) - client-0F1B900A64BD->9bf35ae9-4da0-4371-87fa-54ea3ce1f280: receive RaftClientReply:client-0F1B900A64BD->9bf35ae9-4da0-4371-87fa-54ea3ce1f280@group-432E83AF5B55, cid=2623, SUCCESS, logIndex=3893, commits[9bf35ae9-4da0-4371-87fa-54ea3ce1f280:c3893, 0cc34542-3a00-466e-ae84-194b84d3af7b:c3891, d451d94d-57a0-4545-b387-d428f64e3f33:c3891]
2019-07-09 16:26:10,288 INFO  client.GrpcClientProtocolClient (GrpcClientProtocolClient.java:onNext(255)) - client-0F1B900A64BD->9bf35ae9-4da0-4371-87fa-54ea3ce1f280: receive RaftClientReply:client-0F1B900A64BD->9bf35ae9-4da0-4371-87fa-54ea3ce1f280@group-432E83AF5B55, cid=2624, SUCCESS, logIndex=3895, commits[9bf35ae9-4da0-4371-87fa-54ea3ce1f280:c3896, 0cc34542-3a00-466e-ae84-194b84d3af7b:c3893, d451d94d-57a0-4545-b387-d428f64e3f33:c3893]
2019-07-09 16:26:10,289 INFO  client.GrpcClientProtocolClient (GrpcClientProtocolClient.java:onNext(255)) - client-0F1B900A64BD->9bf35ae9-4da0-4371-87fa-54ea3ce1f280: receive RaftClientReply:client-0F1B900A64BD->9bf35ae9-4da0-4371-87fa-54ea3ce1f280@group-432E83AF5B55, cid=2625, SUCCESS, logIndex=3896, commits[9bf35ae9-4da0-4371-87fa-54ea3ce1f280:c3896, 0cc34542-3a00-466e-ae84-194b84d3af7b:c3893, d451d94d-57a0-4545-b387-d428f64e3f33:c3893]
2019-07-09 16:26:10,304 INFO  client.GrpcClientProtocolClient (GrpcClientProtocolClient.java:onNext(255)) - client-0F1B900A64BD->9bf35ae9-4da0-4371-87fa-54ea3ce1f280: receive RaftClientReply:client-0F1B900A64BD->9bf35ae9-4da0-4371-87fa-54ea3ce1f280@group-432E83AF5B55, cid=2626, SUCCESS, logIndex=0, commits[9bf35ae9-4da0-4371-87fa-54ea3ce1f280:c3898, 0cc34542-3a00-466e-ae84-194b84d3af7b:c3896, d451d94d-57a0-4545-b387-d428f64e3f33:c3896]
2019-07-09 16:26:10,330 INFO  client.GrpcClientProtocolClient (GrpcClientProtocolClient.java:onNext(255)) - client-0F1B900A64BD->9bf35ae9-4da0-4371-87fa-54ea3ce1f280: receive RaftClientReply:client-0F1B900A64BD->9bf35ae9-4da0-4371-87fa-54ea3ce1f280@group-432E83AF5B55, cid=2627, SUCCESS, logIndex=3899, commits[9bf35ae9-4da0-4371-87fa-54ea3ce1f280:c3900, 0cc34542-3a00-466e-ae84-194b84d3af7b:c3898, d451d94d-57a0-4545-b387-d428f64e3f33:c3898]
2019-07-09 16:26:10,331 INFO  client.GrpcClientProtocolClient (GrpcClientProtocolClient.java:onNext(255)) - client-0F1B900A64BD->9bf35ae9-4da0-4371-87fa-54ea3ce1f280: receive RaftClientReply:client-0F1B900A64BD->9bf35ae9-4da0-4371-87fa-54ea3ce1f280@group-432E83AF5B55, cid=2628, SUCCESS, logIndex=3900, commits[9bf35ae9-4da0-4371-87fa-54ea3ce1f280:c3900, 0cc34542-3a00-466e-ae84-194b84d3af7b:c3898, d451d94d-57a0-4545-b387-d428f64e3f33:c3898]
2019-07-09 16:26:10,331 INFO  client.GrpcClientProtocolClient (GrpcClientProtocolClient.java:onNext(255)) - client-0F1B900A64BD->9bf35ae9-4da0-4371-87fa-54ea3ce1f280: receive RaftClientReply:client-0F1B900A64BD->9bf35ae9-4da0-4371-87fa-54ea3ce1f280@group-432E83AF5B55, cid=2629, SUCCESS, logIndex=3901, commits[9bf35ae9-4da0-4371-87fa-54ea3ce1f280:c3902, 0cc34542-3a00-466e-ae84-194b84d3af7b:c3898, d451d94d-57a0-4545-b387-d428f64e3f33:c3898]
2019-07-09 16:26:10,332 INFO  client.GrpcClientProtocolClient (GrpcClientProtocolClient.java:onNext(255)) - client-0F1B900A64BD->9bf35ae9-4da0-4371-87fa-54ea3ce1f280: receive RaftClientReply:client-0F1B900A64BD->9bf35ae9-4da0-4371-87fa-54ea3ce1f280@group-432E83AF5B55, cid=2630, SUCCESS, logIndex=3902, commits[9bf35ae9-4da0-4371-87fa-54ea3ce1f280:c3902, 0cc34542-3a00-466e-ae84-194b84d3af7b:c3898, d451d94d-57a0-4545-b387-d428f64e3f33:c3898]
2019-07-09 16:26:10,344 INFO  client.GrpcClientProtocolClient (GrpcClientProtocolClient.java:onNext(255)) - client-0F1B900A64BD->9bf35ae9-4da0-4371-87fa-54ea3ce1f280: receive RaftClientReply:client-0F1B900A64BD->9bf35ae9-4da0-4371-87fa-54ea3ce1f280@group-432E83AF5B55, cid=2631, SUCCESS, logIndex=0, commits[9bf35ae9-4da0-4371-87fa-54ea3ce1f280:c3904, 0cc34542-3a00-466e-ae84-194b84d3af7b:c3900, d451d94d-57a0-4545-b387-d428f64e3f33:c3900]
2019-07-09 16:26:10,364 INFO  client.GrpcClientProtocolClient (GrpcClientProtocolClient.java:onNext(255)) - client-0F1B900A64BD->9bf35ae9-4da0-4371-87fa-54ea3ce1f280: receive RaftClientReply:client-0F1B900A64BD->9bf35ae9-4da0-4371-87fa-54ea3ce1f280@group-432E83AF5B55, cid=2632, SUCCESS, logIndex=3907, commits[9bf35ae9-4da0-4371-87fa-54ea3ce1f280:c3908, 0cc34542-3a00-466e-ae84-194b84d3af7b:c3906, d451d94d-57a0-4545-b387-d428f64e3f33:c3906]
2019-07-09 16:26:10,364 INFO  client.GrpcClientProtocolClient (GrpcClientProtocolClient.java:onNext(255)) - client-0F1B900A64BD->9bf35ae9-4da0-4371-87fa-54ea3ce1f280: receive RaftClientReply:client-0F1B900A64BD->9bf35ae9-4da0-4371-87fa-54ea3ce1f280@group-432E83AF5B55, cid=2633, SUCCESS, logIndex=3908, commits[9bf35ae9-4da0-4371-87fa-54ea3ce1f280:c3908, 0cc34542-3a00-466e-ae84-194b84d3af7b:c3906, d451d94d-57a0-4545-b387-d428f64e3f33:c3906]
2019-07-09 16:26:10,378 INFO  client.GrpcClientProtocolClient (GrpcClientProtocolClient.java:onNext(255)) - client-0F1B900A64BD->9bf35ae9-4da0-4371-87fa-54ea3ce1f280: receive RaftClientReply:client-0F1B900A64BD->9bf35ae9-4da0-4371-87fa-54ea3ce1f280@group-432E83AF5B55, cid=2634, SUCCESS, logIndex=3911, commits[9bf35ae9-4da0-4371-87fa-54ea3ce1f280:c3912, 0cc34542-3a00-466e-ae84-194b84d3af7b:c3908, d451d94d-57a0-4545-b387-d428f64e3f33:c3908]
2019-07-09 16:26:10,379 INFO  client.GrpcClientProtocolClient (GrpcClientProtocolClient.java:onNext(255)) - client-0F1B900A64BD->9bf35ae9-4da0-4371-87fa-54ea3ce1f280: receive RaftClientReply:client-0F1B900A64BD->9bf35ae9-4da0-4371-87fa-54ea3ce1f280@group-432E83AF5B55, cid=2635, SUCCESS, logIndex=3912, commits[9bf35ae9-4da0-4371-87fa-54ea3ce1f280:c3912, 0cc34542-3a00-466e-ae84-194b84d3af7b:c3908, d451d94d-57a0-4545-b387-d428f64e3f33:c3908]
2019-07-09 16:26:10,394 INFO  client.GrpcClientProtocolClient (GrpcClientProtocolClient.java:onNext(255)) - client-0F1B900A64BD->9bf35ae9-4da0-4371-87fa-54ea3ce1f280: receive RaftClientReply:client-0F1B900A64BD->9bf35ae9-4da0-4371-87fa-54ea3ce1f280@group-432E83AF5B55, cid=2636, SUCCESS, logIndex=0, commits[9bf35ae9-4da0-4371-87fa-54ea3ce1f280:c3914, 0cc34542-3a00-466e-ae84-194b84d3af7b:c3912, d451d94d-57a0-4545-b387-d428f64e3f33:c3912]
2019-07-09 16:26:10,414 INFO  client.GrpcClientProtocolClient (GrpcClientProtocolClient.java:onNext(255)) - client-0F1B900A64BD->9bf35ae9-4da0-4371-87fa-54ea3ce1f280: receive RaftClientReply:client-0F1B900A64BD->9bf35ae9-4da0-4371-87fa-54ea3ce1f280@group-432E83AF5B55, cid=2637, SUCCESS, logIndex=3915, commits[9bf35ae9-4da0-4371-87fa-54ea3ce1f280:c3918, 0cc34542-3a00-466e-ae84-194b84d3af7b:c3914, d451d94d-57a0-4545-b387-d428f64e3f33:c3912]
2019-07-09 16:26:10,415 INFO  client.GrpcClientProtocolClient (GrpcClientProtocolClient.java:onNext(255)) - client-0F1B900A64BD->9bf35ae9-4da0-4371-87fa-54ea3ce1f280: receive RaftClientReply:client-0F1B900A64BD->9bf35ae9-4da0-4371-87fa-54ea3ce1f280@group-432E83AF5B55, cid=2638, SUCCESS, logIndex=3916, commits[9bf35ae9-4da0-4371-87fa-54ea3ce1f280:c3918, 0cc34542-3a00-466e-ae84-194b84d3af7b:c3914, d451d94d-57a0-4545-b387-d428f64e3f33:c3914]
2019-07-09 16:26:10,415 INFO  client.GrpcClientProtocolClient (GrpcClientProtocolClient.java:onNext(255)) - client-0F1B900A64BD->9bf35ae9-4da0-4371-87fa-54ea3ce1f280: receive RaftClientReply:client-0F1B900A64BD->9bf35ae9-4da0-4371-87fa-54ea3ce1f280@group-432E83AF5B55, cid=2639, SUCCESS, logIndex=3917, commits[9bf35ae9-4da0-4371-87fa-54ea3ce1f280:c3918, 0cc34542-3a00-466e-ae84-194b84d3af7b:c3914, d451d94d-57a0-4545-b387-d428f64e3f33:c3914]
2019-07-09 16:26:10,415 INFO  client.GrpcClientProtocolClient (GrpcClientProtocolClient.java:onNext(255)) - client-0F1B900A64BD->9bf35ae9-4da0-4371-87fa-54ea3ce1f280: receive RaftClientReply:client-0F1B900A64BD->9bf35ae9-4da0-4371-87fa-54ea3ce1f280@group-432E83AF5B55, cid=2640, SUCCESS, logIndex=3918, commits[9bf35ae9-4da0-4371-87fa-54ea3ce1f280:c3918, 0cc34542-3a00-466e-ae84-194b84d3af7b:c3914, d451d94d-57a0-4545-b387-d428f64e3f33:c3914]
2019-07-09 16:26:10,419 INFO  client.GrpcClientProtocolClient (GrpcClientProtocolClient.java:onNext(255)) - client-0F1B900A64BD->9bf35ae9-4da0-4371-87fa-54ea3ce1f280: receive RaftClientReply:client-0F1B900A64BD->9bf35ae9-4da0-4371-87fa-54ea3ce1f280@group-432E83AF5B55, cid=2641, SUCCESS, logIndex=0, commits[9bf35ae9-4da0-4371-87fa-54ea3ce1f280:c3921, 0cc34542-3a00-466e-ae84-194b84d3af7b:c3917, d451d94d-57a0-4545-b387-d428f64e3f33:c3918]
2019-07-09 16:26:10,430 INFO  client.GrpcClientProtocolClient (GrpcClientProtocolClient.java:onNext(255)) - client-0F1B900A64BD->9bf35ae9-4da0-4371-87fa-54ea3ce1f280: receive RaftClientReply:client-0F1B900A64BD->9bf35ae9-4da0-4371-87fa-54ea3ce1f280@group-432E83AF5B55, cid=2642, SUCCESS, logIndex=3922, commits[9bf35ae9-4da0-4371-87fa-54ea3ce1f280:c3923, 0cc34542-3a00-466e-ae84-194b84d3af7b:c3921, d451d94d-57a0-4545-b387-d428f64e3f33:c3918]
2019-07-09 16:26:10,431 INFO  client.GrpcClientProtocolClient (GrpcClientProtocolClient.java:onNext(255)) - client-0F1B900A64BD->9bf35ae9-4da0-4371-87fa-54ea3ce1f280: receive RaftClientReply:client-0F1B900A64BD->9bf35ae9-4da0-4371-87fa-54ea3ce1f280@group-432E83AF5B55, cid=2643, SUCCESS, logIndex=3923, commits[9bf35ae9-4da0-4371-87fa-54ea3ce1f280:c3923, 0cc34542-3a00-466e-ae84-194b84d3af7b:c3921, d451d94d-57a0-4545-b387-d428f64e3f33:c3921]
2019-07-09 16:26:10,458 INFO  client.GrpcClientProtocolClient (GrpcClientProtocolClient.java:onNext(255)) - client-0F1B900A64BD->9bf35ae9-4da0-4371-87fa-54ea3ce1f280: receive RaftClientReply:client-0F1B900A64BD->9bf35ae9-4da0-4371-87fa-54ea3ce1f280@group-432E83AF5B55, cid=2644, SUCCESS, logIndex=3926, commits[9bf35ae9-4da0-4371-87fa-54ea3ce1f280:c3927, 0cc34542-3a00-466e-ae84-194b84d3af7b:c3925, d451d94d-57a0-4545-b387-d428f64e3f33:c3925]
2019-07-09 16:26:10,458 INFO  client.GrpcClientProtocolClient (GrpcClientProtocolClient.java:onNext(255)) - client-0F1B900A64BD->9bf35ae9-4da0-4371-87fa-54ea3ce1f280: receive RaftClientReply:client-0F1B900A64BD->9bf35ae9-4da0-4371-87fa-54ea3ce1f280@group-432E83AF5B55, cid=2645, SUCCESS, logIndex=3927, commits[9bf35ae9-4da0-4371-87fa-54ea3ce1f280:c3927, 0cc34542-3a00-466e-ae84-194b84d3af7b:c3925, d451d94d-57a0-4545-b387-d428f64e3f33:c3925]
2019-07-09 16:26:10,472 INFO  client.GrpcClientProtocolClient (GrpcClientProtocolClient.java:onNext(255)) - client-0F1B900A64BD->9bf35ae9-4da0-4371-87fa-54ea3ce1f280: receive RaftClientReply:client-0F1B900A64BD->9bf35ae9-4da0-4371-87fa-54ea3ce1f280@group-432E83AF5B55, cid=2646, SUCCESS, logIndex=0, commits[9bf35ae9-4da0-4371-87fa-54ea3ce1f280:c3929, 0cc34542-3a00-466e-ae84-194b84d3af7b:c3927, d451d94d-57a0-4545-b387-d428f64e3f33:c3927]
2019-07-09 16:26:10,508 INFO  client.GrpcClientProtocolClient (GrpcClientProtocolClient.java:onNext(255)) - client-0F1B900A64BD->9bf35ae9-4da0-4371-87fa-54ea3ce1f280: receive RaftClientReply:client-0F1B900A64BD->9bf35ae9-4da0-4371-87fa-54ea3ce1f280@group-432E83AF5B55, cid=2647, SUCCESS, logIndex=3930, commits[9bf35ae9-4da0-4371-87fa-54ea3ce1f280:c3931, 0cc34542-3a00-466e-ae84-194b84d3af7b:c3929, d451d94d-57a0-4545-b387-d428f64e3f33:c3929]
2019-07-09 16:26:10,509 INFO  client.GrpcClientProtocolClient (GrpcClientProtocolClient.java:onNext(255)) - client-0F1B900A64BD->9bf35ae9-4da0-4371-87fa-54ea3ce1f280: receive RaftClientReply:client-0F1B900A64BD->9bf35ae9-4da0-4371-87fa-54ea3ce1f280@group-432E83AF5B55, cid=2648, SUCCESS, logIndex=3931, commits[9bf35ae9-4da0-4371-87fa-54ea3ce1f280:c3933, 0cc34542-3a00-466e-ae84-194b84d3af7b:c3929, d451d94d-57a0-4545-b387-d428f64e3f33:c3929]
2019-07-09 16:26:10,509 INFO  client.GrpcClientProtocolClient (GrpcClientProtocolClient.java:onNext(255)) - client-0F1B900A64BD->9bf35ae9-4da0-4371-87fa-54ea3ce1f280: receive RaftClientReply:client-0F1B900A64BD->9bf35ae9-4da0-4371-87fa-54ea3ce1f280@group-432E83AF5B55, cid=2649, SUCCESS, logIndex=3932, commits[9bf35ae9-4da0-4371-87fa-54ea3ce1f280:c3933, 0cc34542-3a00-466e-ae84-194b84d3af7b:c3929, d451d94d-57a0-4545-b387-d428f64e3f33:c3929]
2019-07-09 16:26:10,510 INFO  client.GrpcClientProtocolClient (GrpcClientProtocolClient.java:onNext(255)) - client-0F1B900A64BD->9bf35ae9-4da0-4371-87fa-54ea3ce1f280: receive RaftClientReply:client-0F1B900A64BD->9bf35ae9-4da0-4371-87fa-54ea3ce1f280@group-432E83AF5B55, cid=2650, SUCCESS, logIndex=3933, commits[9bf35ae9-4da0-4371-87fa-54ea3ce1f280:c3933, 0cc34542-3a00-466e-ae84-194b84d3af7b:c3929, d451d94d-57a0-4545-b387-d428f64e3f33:c3929]
2019-07-09 16:26:10,524 INFO  client.GrpcClientProtocolClient (GrpcClientProtocolClient.java:onNext(255)) - client-0F1B900A64BD->9bf35ae9-4da0-4371-87fa-54ea3ce1f280: receive RaftClientReply:client-0F1B900A64BD->9bf35ae9-4da0-4371-87fa-54ea3ce1f280@group-432E83AF5B55, cid=2651, SUCCESS, logIndex=0, commits[9bf35ae9-4da0-4371-87fa-54ea3ce1f280:c3937, 0cc34542-3a00-466e-ae84-194b84d3af7b:c3931, d451d94d-57a0-4545-b387-d428f64e3f33:c3933]
2019-07-09 16:26:10,544 INFO  client.GrpcClientProtocolClient (GrpcClientProtocolClient.java:onNext(255)) - client-0F1B900A64BD->9bf35ae9-4da0-4371-87fa-54ea3ce1f280: receive RaftClientReply:client-0F1B900A64BD->9bf35ae9-4da0-4371-87fa-54ea3ce1f280@group-432E83AF5B55, cid=2652, SUCCESS, logIndex=3938, commits[9bf35ae9-4da0-4371-87fa-54ea3ce1f280:c3939, 0cc34542-3a00-466e-ae84-194b84d3af7b:c3937, d451d94d-57a0-4545-b387-d428f64e3f33:c3937]
2019-07-09 16:26:10,545 INFO  client.GrpcClientProtocolClient (GrpcClientProtocolClient.java:onNext(255)) - client-0F1B900A64BD->9bf35ae9-4da0-4371-87fa-54ea3ce1f280: receive RaftClientReply:client-0F1B900A64BD->9bf35ae9-4da0-4371-87fa-54ea3ce1f280@group-432E83AF5B55, cid=2653, SUCCESS, logIndex=3939, commits[9bf35ae9-4da0-4371-87fa-54ea3ce1f280:c3939, 0cc34542-3a00-466e-ae84-194b84d3af7b:c3937, d451d94d-57a0-4545-b387-d428f64e3f33:c3937]
2019-07-09 16:26:10,559 INFO  client.GrpcClientProtocolClient (GrpcClientProtocolClient.java:onNext(255)) - client-0F1B900A64BD->9bf35ae9-4da0-4371-87fa-54ea3ce1f280: receive RaftClientReply:client-0F1B900A64BD->9bf35ae9-4da0-4371-87fa-54ea3ce1f280@group-432E83AF5B55, cid=2654, SUCCESS, logIndex=3942, commits[9bf35ae9-4da0-4371-87fa-54ea3ce1f280:c3943, 0cc34542-3a00-466e-ae84-194b84d3af7b:c3939, d451d94d-57a0-4545-b387-d428f64e3f33:c3939]
2019-07-09 16:26:10,559 INFO  client.GrpcClientProtocolClient (GrpcClientProtocolClient.java:onNext(255)) - client-0F1B900A64BD->9bf35ae9-4da0-4371-87fa-54ea3ce1f280: receive RaftClientReply:client-0F1B900A64BD->9bf35ae9-4da0-4371-87fa-54ea3ce1f280@group-432E83AF5B55, cid=2655, SUCCESS, logIndex=3943, commits[9bf35ae9-4da0-4371-87fa-54ea3ce1f280:c3943, 0cc34542-3a00-466e-ae84-194b84d3af7b:c3939, d451d94d-57a0-4545-b387-d428f64e3f33:c3939]
2019-07-09 16:26:10,572 INFO  client.GrpcClientProtocolClient (GrpcClientProtocolClient.java:onNext(255)) - client-0F1B900A64BD->9bf35ae9-4da0-4371-87fa-54ea3ce1f280: receive RaftClientReply:client-0F1B900A64BD->9bf35ae9-4da0-4371-87fa-54ea3ce1f280@group-432E83AF5B55, cid=2656, SUCCESS, logIndex=0, commits[9bf35ae9-4da0-4371-87fa-54ea3ce1f280:c3945, 0cc34542-3a00-466e-ae84-194b84d3af7b:c3943, d451d94d-57a0-4545-b387-d428f64e3f33:c3943]
2019-07-09 16:26:10,603 INFO  client.GrpcClientProtocolClient (GrpcClientProtocolClient.java:onNext(255)) - client-0F1B900A64BD->9bf35ae9-4da0-4371-87fa-54ea3ce1f280: receive RaftClientReply:client-0F1B900A64BD->9bf35ae9-4da0-4371-87fa-54ea3ce1f280@group-432E83AF5B55, cid=2657, SUCCESS, logIndex=3946, commits[9bf35ae9-4da0-4371-87fa-54ea3ce1f280:c3948, 0cc34542-3a00-466e-ae84-194b84d3af7b:c3945, d451d94d-57a0-4545-b387-d428f64e3f33:c3945]
2019-07-09 16:26:10,604 INFO  client.GrpcClientProtocolClient (GrpcClientProtocolClient.java:onNext(255)) - client-0F1B900A64BD->9bf35ae9-4da0-4371-87fa-54ea3ce1f280: receive RaftClientReply:client-0F1B900A64BD->9bf35ae9-4da0-4371-87fa-54ea3ce1f280@group-432E83AF5B55, cid=2658, SUCCESS, logIndex=3947, commits[9bf35ae9-4da0-4371-87fa-54ea3ce1f280:c3949, 0cc34542-3a00-466e-ae84-194b84d3af7b:c3945, d451d94d-57a0-4545-b387-d428f64e3f33:c3945]
2019-07-09 16:26:10,604 INFO  client.GrpcClientProtocolClient (GrpcClientProtocolClient.java:onNext(255)) - client-0F1B900A64BD->9bf35ae9-4da0-4371-87fa-54ea3ce1f280: receive RaftClientReply:client-0F1B900A64BD->9bf35ae9-4da0-4371-87fa-54ea3ce1f280@group-432E83AF5B55, cid=2659, SUCCESS, logIndex=3948, commits[9bf35ae9-4da0-4371-87fa-54ea3ce1f280:c3949, 0cc34542-3a00-466e-ae84-194b84d3af7b:c3945, d451d94d-57a0-4545-b387-d428f64e3f33:c3945]
2019-07-09 16:26:10,604 INFO  client.GrpcClientProtocolClient (GrpcClientProtocolClient.java:onNext(255)) - client-0F1B900A64BD->9bf35ae9-4da0-4371-87fa-54ea3ce1f280: receive RaftClientReply:client-0F1B900A64BD->9bf35ae9-4da0-4371-87fa-54ea3ce1f280@group-432E83AF5B55, cid=2660, SUCCESS, logIndex=3949, commits[9bf35ae9-4da0-4371-87fa-54ea3ce1f280:c3949, 0cc34542-3a00-466e-ae84-194b84d3af7b:c3945, d451d94d-57a0-4545-b387-d428f64e3f33:c3945]
2019-07-09 16:26:10,617 INFO  client.GrpcClientProtocolClient (GrpcClientProtocolClient.java:onNext(255)) - client-0F1B900A64BD->9bf35ae9-4da0-4371-87fa-54ea3ce1f280: receive RaftClientReply:client-0F1B900A64BD->9bf35ae9-4da0-4371-87fa-54ea3ce1f280@group-432E83AF5B55, cid=2661, SUCCESS, logIndex=0, commits[9bf35ae9-4da0-4371-87fa-54ea3ce1f280:c3951, 0cc34542-3a00-466e-ae84-194b84d3af7b:c3947, d451d94d-57a0-4545-b387-d428f64e3f33:c3948]
2019-07-09 16:26:10,636 INFO  client.GrpcClientProtocolClient (GrpcClientProtocolClient.java:onNext(255)) - client-0F1B900A64BD->9bf35ae9-4da0-4371-87fa-54ea3ce1f280: receive RaftClientReply:client-0F1B900A64BD->9bf35ae9-4da0-4371-87fa-54ea3ce1f280@group-432E83AF5B55, cid=2662, SUCCESS, logIndex=3954, commits[9bf35ae9-4da0-4371-87fa-54ea3ce1f280:c3955, 0cc34542-3a00-466e-ae84-194b84d3af7b:c3953, d451d94d-57a0-4545-b387-d428f64e3f33:c3953]
2019-07-09 16:26:10,636 INFO  client.GrpcClientProtocolClient (GrpcClientProtocolClient.java:onNext(255)) - client-0F1B900A64BD->9bf35ae9-4da0-4371-87fa-54ea3ce1f280: receive RaftClientReply:client-0F1B900A64BD->9bf35ae9-4da0-4371-87fa-54ea3ce1f280@group-432E83AF5B55, cid=2663, SUCCESS, logIndex=3955, commits[9bf35ae9-4da0-4371-87fa-54ea3ce1f280:c3955, 0cc34542-3a00-466e-ae84-194b84d3af7b:c3953, d451d94d-57a0-4545-b387-d428f64e3f33:c3953]
2019-07-09 16:26:10,650 INFO  client.GrpcClientProtocolClient (GrpcClientProtocolClient.java:onNext(255)) - client-0F1B900A64BD->9bf35ae9-4da0-4371-87fa-54ea3ce1f280: receive RaftClientReply:client-0F1B900A64BD->9bf35ae9-4da0-4371-87fa-54ea3ce1f280@group-432E83AF5B55, cid=2664, SUCCESS, logIndex=3958, commits[9bf35ae9-4da0-4371-87fa-54ea3ce1f280:c3959, 0cc34542-3a00-466e-ae84-194b84d3af7b:c3955, d451d94d-57a0-4545-b387-d428f64e3f33:c3955]
2019-07-09 16:26:10,650 INFO  client.GrpcClientProtocolClient (GrpcClientProtocolClient.java:onNext(255)) - client-0F1B900A64BD->9bf35ae9-4da0-4371-87fa-54ea3ce1f280: receive RaftClientReply:client-0F1B900A64BD->9bf35ae9-4da0-4371-87fa-54ea3ce1f280@group-432E83AF5B55, cid=2665, SUCCESS, logIndex=3959, commits[9bf35ae9-4da0-4371-87fa-54ea3ce1f280:c3959, 0cc34542-3a00-466e-ae84-194b84d3af7b:c3955, d451d94d-57a0-4545-b387-d428f64e3f33:c3955]
2019-07-09 16:26:10,664 INFO  client.GrpcClientProtocolClient (GrpcClientProtocolClient.java:onNext(255)) - client-0F1B900A64BD->9bf35ae9-4da0-4371-87fa-54ea3ce1f280: receive RaftClientReply:client-0F1B900A64BD->9bf35ae9-4da0-4371-87fa-54ea3ce1f280@group-432E83AF5B55, cid=2666, SUCCESS, logIndex=0, commits[9bf35ae9-4da0-4371-87fa-54ea3ce1f280:c3960, 0cc34542-3a00-466e-ae84-194b84d3af7b:c3959, d451d94d-57a0-4545-b387-d428f64e3f33:c3959]
2019-07-09 16:26:10,815 INFO  client.GrpcClientProtocolClient (GrpcClientProtocolClient.java:onNext(255)) - client-0F1B900A64BD->9bf35ae9-4da0-4371-87fa-54ea3ce1f280: receive RaftClientReply:client-0F1B900A64BD->9bf35ae9-4da0-4371-87fa-54ea3ce1f280@group-432E83AF5B55, cid=2667, SUCCESS, logIndex=3962, commits[9bf35ae9-4da0-4371-87fa-54ea3ce1f280:c3964, 0cc34542-3a00-466e-ae84-194b84d3af7b:c3961, d451d94d-57a0-4545-b387-d428f64e3f33:c3961]
2019-07-09 16:26:10,815 INFO  client.GrpcClientProtocolClient (GrpcClientProtocolClient.java:onNext(255)) - client-0F1B900A64BD->9bf35ae9-4da0-4371-87fa-54ea3ce1f280: receive RaftClientReply:client-0F1B900A64BD->9bf35ae9-4da0-4371-87fa-54ea3ce1f280@group-432E83AF5B55, cid=2668, SUCCESS, logIndex=3963, commits[9bf35ae9-4da0-4371-87fa-54ea3ce1f280:c3965, 0cc34542-3a00-466e-ae84-194b84d3af7b:c3961, d451d94d-57a0-4545-b387-d428f64e3f33:c3961]
2019-07-09 16:26:10,816 INFO  client.GrpcClientProtocolClient (GrpcClientProtocolClient.java:onNext(255)) - client-0F1B900A64BD->9bf35ae9-4da0-4371-87fa-54ea3ce1f280: receive RaftClientReply:client-0F1B900A64BD->9bf35ae9-4da0-4371-87fa-54ea3ce1f280@group-432E83AF5B55, cid=2669, SUCCESS, logIndex=3964, commits[9bf35ae9-4da0-4371-87fa-54ea3ce1f280:c3965, 0cc34542-3a00-466e-ae84-194b84d3af7b:c3961, d451d94d-57a0-4545-b387-d428f64e3f33:c3961]
2019-07-09 16:26:10,816 INFO  client.GrpcClientProtocolClient (GrpcClientProtocolClient.java:onNext(255)) - client-0F1B900A64BD->9bf35ae9-4da0-4371-87fa-54ea3ce1f280: receive RaftClientReply:client-0F1B900A64BD->9bf35ae9-4da0-4371-87fa-54ea3ce1f280@group-432E83AF5B55, cid=2670, SUCCESS, logIndex=3965, commits[9bf35ae9-4da0-4371-87fa-54ea3ce1f280:c3965, 0cc34542-3a00-466e-ae84-194b84d3af7b:c3961, d451d94d-57a0-4545-b387-d428f64e3f33:c3961]
2019-07-09 16:26:10,829 INFO  client.GrpcClientProtocolClient (GrpcClientProtocolClient.java:onNext(255)) - client-0F1B900A64BD->9bf35ae9-4da0-4371-87fa-54ea3ce1f280: receive RaftClientReply:client-0F1B900A64BD->9bf35ae9-4da0-4371-87fa-54ea3ce1f280@group-432E83AF5B55, cid=2671, SUCCESS, logIndex=0, commits[9bf35ae9-4da0-4371-87fa-54ea3ce1f280:c3967, 0cc34542-3a00-466e-ae84-194b84d3af7b:c3963, d451d94d-57a0-4545-b387-d428f64e3f33:c3963]
2019-07-09 16:26:10,852 INFO  client.GrpcClientProtocolClient (GrpcClientProtocolClient.java:onNext(255)) - client-0F1B900A64BD->9bf35ae9-4da0-4371-87fa-54ea3ce1f280: receive RaftClientReply:client-0F1B900A64BD->9bf35ae9-4da0-4371-87fa-54ea3ce1f280@group-432E83AF5B55, cid=2672, SUCCESS, logIndex=3970, commits[9bf35ae9-4da0-4371-87fa-54ea3ce1f280:c3971, 0cc34542-3a00-466e-ae84-194b84d3af7b:c3969, d451d94d-57a0-4545-b387-d428f64e3f33:c3969]
2019-07-09 16:26:10,853 INFO  client.GrpcClientProtocolClient (GrpcClientProtocolClient.java:onNext(255)) - client-0F1B900A64BD->9bf35ae9-4da0-4371-87fa-54ea3ce1f280: receive RaftClientReply:client-0F1B900A64BD->9bf35ae9-4da0-4371-87fa-54ea3ce1f280@group-432E83AF5B55, cid=2673, SUCCESS, logIndex=3971, commits[9bf35ae9-4da0-4371-87fa-54ea3ce1f280:c3971, 0cc34542-3a00-466e-ae84-194b84d3af7b:c3969, d451d94d-57a0-4545-b387-d428f64e3f33:c3969]
2019-07-09 16:26:10,876 INFO  client.GrpcClientProtocolClient (GrpcClientProtocolClient.java:onNext(255)) - client-0F1B900A64BD->9bf35ae9-4da0-4371-87fa-54ea3ce1f280: receive RaftClientReply:client-0F1B900A64BD->9bf35ae9-4da0-4371-87fa-54ea3ce1f280@group-432E83AF5B55, cid=2674, SUCCESS, logIndex=3974, commits[9bf35ae9-4da0-4371-87fa-54ea3ce1f280:c3975, 0cc34542-3a00-466e-ae84-194b84d3af7b:c3971, d451d94d-57a0-4545-b387-d428f64e3f33:c3971]
2019-07-09 16:26:10,876 INFO  client.GrpcClientProtocolClient (GrpcClientProtocolClient.java:onNext(255)) - client-0F1B900A64BD->9bf35ae9-4da0-4371-87fa-54ea3ce1f280: receive RaftClientReply:client-0F1B900A64BD->9bf35ae9-4da0-4371-87fa-54ea3ce1f280@group-432E83AF5B55, cid=2675, SUCCESS, logIndex=3975, commits[9bf35ae9-4da0-4371-87fa-54ea3ce1f280:c3975, 0cc34542-3a00-466e-ae84-194b84d3af7b:c3971, d451d94d-57a0-4545-b387-d428f64e3f33:c3971]
2019-07-09 16:26:10,887 INFO  client.GrpcClientProtocolClient (GrpcClientProtocolClient.java:onNext(255)) - client-0F1B900A64BD->9bf35ae9-4da0-4371-87fa-54ea3ce1f280: receive RaftClientReply:client-0F1B900A64BD->9bf35ae9-4da0-4371-87fa-54ea3ce1f280@group-432E83AF5B55, cid=2676, SUCCESS, logIndex=0, commits[9bf35ae9-4da0-4371-87fa-54ea3ce1f280:c3976, 0cc34542-3a00-466e-ae84-194b84d3af7b:c3975, d451d94d-57a0-4545-b387-d428f64e3f33:c3975]
 0.00% |█                                                                                                    |  0/1 Time: 0:00:222019-07-09 16:26:10,970 INFO  client.GrpcClientProtocolClient (GrpcClientProtocolClient.java:onNext(255)) - client-0F1B900A64BD->9bf35ae9-4da0-4371-87fa-54ea3ce1f280: receive RaftClientReply:client-0F1B900A64BD->9bf35ae9-4da0-4371-87fa-54ea3ce1f280@group-432E83AF5B55, cid=2677, SUCCESS, logIndex=3978, commits[9bf35ae9-4da0-4371-87fa-54ea3ce1f280:c3979, 0cc34542-3a00-466e-ae84-194b84d3af7b:c3977, d451d94d-57a0-4545-b387-d428f64e3f33:c3977]
2019-07-09 16:26:10,971 INFO  client.GrpcClientProtocolClient (GrpcClientProtocolClient.java:onNext(255)) - client-0F1B900A64BD->9bf35ae9-4da0-4371-87fa-54ea3ce1f280: receive RaftClientReply:client-0F1B900A64BD->9bf35ae9-4da0-4371-87fa-54ea3ce1f280@group-432E83AF5B55, cid=2678, SUCCESS, logIndex=3979, commits[9bf35ae9-4da0-4371-87fa-54ea3ce1f280:c3981, 0cc34542-3a00-466e-ae84-194b84d3af7b:c3977, d451d94d-57a0-4545-b387-d428f64e3f33:c3977]
2019-07-09 16:26:10,971 INFO  client.GrpcClientProtocolClient (GrpcClientProtocolClient.java:onNext(255)) - client-0F1B900A64BD->9bf35ae9-4da0-4371-87fa-54ea3ce1f280: receive RaftClientReply:client-0F1B900A64BD->9bf35ae9-4da0-4371-87fa-54ea3ce1f280@group-432E83AF5B55, cid=2679, SUCCESS, logIndex=3980, commits[9bf35ae9-4da0-4371-87fa-54ea3ce1f280:c3981, 0cc34542-3a00-466e-ae84-194b84d3af7b:c3977, d451d94d-57a0-4545-b387-d428f64e3f33:c3977]
2019-07-09 16:26:10,972 INFO  client.GrpcClientProtocolClient (GrpcClientProtocolClient.java:onNext(255)) - client-0F1B900A64BD->9bf35ae9-4da0-4371-87fa-54ea3ce1f280: receive RaftClientReply:client-0F1B900A64BD->9bf35ae9-4da0-4371-87fa-54ea3ce1f280@group-432E83AF5B55, cid=2680, SUCCESS, logIndex=3981, commits[9bf35ae9-4da0-4371-87fa-54ea3ce1f280:c3981, 0cc34542-3a00-466e-ae84-194b84d3af7b:c3977, d451d94d-57a0-4545-b387-d428f64e3f33:c3977]
2019-07-09 16:26:10,973 INFO  client.GrpcClientProtocolClient (GrpcClientProtocolClient.java:onNext(255)) - client-0F1B900A64BD->9bf35ae9-4da0-4371-87fa-54ea3ce1f280: receive RaftClientReply:client-0F1B900A64BD->9bf35ae9-4da0-4371-87fa-54ea3ce1f280@group-432E83AF5B55, cid=2681, SUCCESS, logIndex=0, commits[9bf35ae9-4da0-4371-87fa-54ea3ce1f280:c3984, 0cc34542-3a00-466e-ae84-194b84d3af7b:c3981, d451d94d-57a0-4545-b387-d428f64e3f33:c3981]
2019-07-09 16:26:10,991 INFO  client.GrpcClientProtocolClient (GrpcClientProtocolClient.java:onNext(255)) - client-0F1B900A64BD->9bf35ae9-4da0-4371-87fa-54ea3ce1f280: receive RaftClientReply:client-0F1B900A64BD->9bf35ae9-4da0-4371-87fa-54ea3ce1f280@group-432E83AF5B55, cid=2682, SUCCESS, logIndex=3985, commits[9bf35ae9-4da0-4371-87fa-54ea3ce1f280:c3985, 0cc34542-3a00-466e-ae84-194b84d3af7b:c3984, d451d94d-57a0-4545-b387-d428f64e3f33:c3984]
2019-07-09 16:26:10,991 INFO  client.GrpcClientProtocolClient (GrpcClientProtocolClient.java:onNext(255)) - client-0F1B900A64BD->9bf35ae9-4da0-4371-87fa-54ea3ce1f280: receive RaftClientReply:client-0F1B900A64BD->9bf35ae9-4da0-4371-87fa-54ea3ce1f280@group-432E83AF5B55, cid=2683, SUCCESS, logIndex=3986, commits[9bf35ae9-4da0-4371-87fa-54ea3ce1f280:c3986, 0cc34542-3a00-466e-ae84-194b84d3af7b:c3984, d451d94d-57a0-4545-b387-d428f64e3f33:c3984]
2019-07-09 16:26:11,016 INFO  client.GrpcClientProtocolClient (GrpcClientProtocolClient.java:onNext(255)) - client-0F1B900A64BD->9bf35ae9-4da0-4371-87fa-54ea3ce1f280: receive RaftClientReply:client-0F1B900A64BD->9bf35ae9-4da0-4371-87fa-54ea3ce1f280@group-432E83AF5B55, cid=2684, SUCCESS, logIndex=3989, commits[9bf35ae9-4da0-4371-87fa-54ea3ce1f280:c3990, 0cc34542-3a00-466e-ae84-194b84d3af7b:c3986, d451d94d-57a0-4545-b387-d428f64e3f33:c3986]
2019-07-09 16:26:11,017 INFO  client.GrpcClientProtocolClient (GrpcClientProtocolClient.java:onNext(255)) - client-0F1B900A64BD->9bf35ae9-4da0-4371-87fa-54ea3ce1f280: receive RaftClientReply:client-0F1B900A64BD->9bf35ae9-4da0-4371-87fa-54ea3ce1f280@group-432E83AF5B55, cid=2685, SUCCESS, logIndex=3990, commits[9bf35ae9-4da0-4371-87fa-54ea3ce1f280:c3990, 0cc34542-3a00-466e-ae84-194b84d3af7b:c3986, d451d94d-57a0-4545-b387-d428f64e3f33:c3986]
2019-07-09 16:26:11,031 INFO  client.GrpcClientProtocolClient (GrpcClientProtocolClient.java:onNext(255)) - client-0F1B900A64BD->9bf35ae9-4da0-4371-87fa-54ea3ce1f280: receive RaftClientReply:client-0F1B900A64BD->9bf35ae9-4da0-4371-87fa-54ea3ce1f280@group-432E83AF5B55, cid=2686, SUCCESS, logIndex=0, commits[9bf35ae9-4da0-4371-87fa-54ea3ce1f280:c3991, 0cc34542-3a00-466e-ae84-194b84d3af7b:c3990, d451d94d-57a0-4545-b387-d428f64e3f33:c3990]
2019-07-09 16:26:11,065 INFO  client.GrpcClientProtocolClient (GrpcClientProtocolClient.java:onNext(255)) - client-0F1B900A64BD->9bf35ae9-4da0-4371-87fa-54ea3ce1f280: receive RaftClientReply:client-0F1B900A64BD->9bf35ae9-4da0-4371-87fa-54ea3ce1f280@group-432E83AF5B55, cid=2687, SUCCESS, logIndex=3993, commits[9bf35ae9-4da0-4371-87fa-54ea3ce1f280:c3994, 0cc34542-3a00-466e-ae84-194b84d3af7b:c3992, d451d94d-57a0-4545-b387-d428f64e3f33:c3992]
2019-07-09 16:26:11,065 INFO  client.GrpcClientProtocolClient (GrpcClientProtocolClient.java:onNext(255)) - client-0F1B900A64BD->9bf35ae9-4da0-4371-87fa-54ea3ce1f280: receive RaftClientReply:client-0F1B900A64BD->9bf35ae9-4da0-4371-87fa-54ea3ce1f280@group-432E83AF5B55, cid=2688, SUCCESS, logIndex=3994, commits[9bf35ae9-4da0-4371-87fa-54ea3ce1f280:c3994, 0cc34542-3a00-466e-ae84-194b84d3af7b:c3992, d451d94d-57a0-4545-b387-d428f64e3f33:c3992]
2019-07-09 16:26:11,066 INFO  client.GrpcClientProtocolClient (GrpcClientProtocolClient.java:onNext(255)) - client-0F1B900A64BD->9bf35ae9-4da0-4371-87fa-54ea3ce1f280: receive RaftClientReply:client-0F1B900A64BD->9bf35ae9-4da0-4371-87fa-54ea3ce1f280@group-432E83AF5B55, cid=2689, SUCCESS, logIndex=3995, commits[9bf35ae9-4da0-4371-87fa-54ea3ce1f280:c3996, 0cc34542-3a00-466e-ae84-194b84d3af7b:c3992, d451d94d-57a0-4545-b387-d428f64e3f33:c3992]
2019-07-09 16:26:11,066 INFO  client.GrpcClientProtocolClient (GrpcClientProtocolClient.java:onNext(255)) - client-0F1B900A64BD->9bf35ae9-4da0-4371-87fa-54ea3ce1f280: receive RaftClientReply:client-0F1B900A64BD->9bf35ae9-4da0-4371-87fa-54ea3ce1f280@group-432E83AF5B55, cid=2690, SUCCESS, logIndex=3996, commits[9bf35ae9-4da0-4371-87fa-54ea3ce1f280:c3996, 0cc34542-3a00-466e-ae84-194b84d3af7b:c3992, d451d94d-57a0-4545-b387-d428f64e3f33:c3992]
2019-07-09 16:26:11,079 INFO  client.GrpcClientProtocolClient (GrpcClientProtocolClient.java:onNext(255)) - client-0F1B900A64BD->9bf35ae9-4da0-4371-87fa-54ea3ce1f280: receive RaftClientReply:client-0F1B900A64BD->9bf35ae9-4da0-4371-87fa-54ea3ce1f280@group-432E83AF5B55, cid=2691, SUCCESS, logIndex=0, commits[9bf35ae9-4da0-4371-87fa-54ea3ce1f280:c3998, 0cc34542-3a00-466e-ae84-194b84d3af7b:c3994, d451d94d-57a0-4545-b387-d428f64e3f33:c3994]
2019-07-09 16:26:11,101 INFO  client.GrpcClientProtocolClient (GrpcClientProtocolClient.java:onNext(255)) - client-0F1B900A64BD->9bf35ae9-4da0-4371-87fa-54ea3ce1f280: receive RaftClientReply:client-0F1B900A64BD->9bf35ae9-4da0-4371-87fa-54ea3ce1f280@group-432E83AF5B55, cid=2692, SUCCESS, logIndex=4000, commits[9bf35ae9-4da0-4371-87fa-54ea3ce1f280:c4001, 0cc34542-3a00-466e-ae84-194b84d3af7b:c3999, d451d94d-57a0-4545-b387-d428f64e3f33:c3999]
2019-07-09 16:26:11,101 INFO  client.GrpcClientProtocolClient (GrpcClientProtocolClient.java:onNext(255)) - client-0F1B900A64BD->9bf35ae9-4da0-4371-87fa-54ea3ce1f280: receive RaftClientReply:client-0F1B900A64BD->9bf35ae9-4da0-4371-87fa-54ea3ce1f280@group-432E83AF5B55, cid=2693, SUCCESS, logIndex=4001, commits[9bf35ae9-4da0-4371-87fa-54ea3ce1f280:c4001, 0cc34542-3a00-466e-ae84-194b84d3af7b:c3999, d451d94d-57a0-4545-b387-d428f64e3f33:c3999]
2019-07-09 16:26:11,126 INFO  client.GrpcClientProtocolClient (GrpcClientProtocolClient.java:onNext(255)) - client-0F1B900A64BD->9bf35ae9-4da0-4371-87fa-54ea3ce1f280: receive RaftClientReply:client-0F1B900A64BD->9bf35ae9-4da0-4371-87fa-54ea3ce1f280@group-432E83AF5B55, cid=2694, SUCCESS, logIndex=4004, commits[9bf35ae9-4da0-4371-87fa-54ea3ce1f280:c4005, 0cc34542-3a00-466e-ae84-194b84d3af7b:c4001, d451d94d-57a0-4545-b387-d428f64e3f33:c4001]
2019-07-09 16:26:11,126 INFO  client.GrpcClientProtocolClient (GrpcClientProtocolClient.java:onNext(255)) - client-0F1B900A64BD->9bf35ae9-4da0-4371-87fa-54ea3ce1f280: receive RaftClientReply:client-0F1B900A64BD->9bf35ae9-4da0-4371-87fa-54ea3ce1f280@group-432E83AF5B55, cid=2695, SUCCESS, logIndex=4005, commits[9bf35ae9-4da0-4371-87fa-54ea3ce1f280:c4005, 0cc34542-3a00-466e-ae84-194b84d3af7b:c4001, d451d94d-57a0-4545-b387-d428f64e3f33:c4001]
2019-07-09 16:26:11,139 INFO  client.GrpcClientProtocolClient (GrpcClientProtocolClient.java:onNext(255)) - client-0F1B900A64BD->9bf35ae9-4da0-4371-87fa-54ea3ce1f280: receive RaftClientReply:client-0F1B900A64BD->9bf35ae9-4da0-4371-87fa-54ea3ce1f280@group-432E83AF5B55, cid=2696, SUCCESS, logIndex=0, commits[9bf35ae9-4da0-4371-87fa-54ea3ce1f280:c4007, 0cc34542-3a00-466e-ae84-194b84d3af7b:c4005, d451d94d-57a0-4545-b387-d428f64e3f33:c4005]
2019-07-09 16:26:11,171 INFO  client.GrpcClientProtocolClient (GrpcClientProtocolClient.java:onNext(255)) - client-0F1B900A64BD->9bf35ae9-4da0-4371-87fa-54ea3ce1f280: receive RaftClientReply:client-0F1B900A64BD->9bf35ae9-4da0-4371-87fa-54ea3ce1f280@group-432E83AF5B55, cid=2697, SUCCESS, logIndex=4008, commits[9bf35ae9-4da0-4371-87fa-54ea3ce1f280:c4010, 0cc34542-3a00-466e-ae84-194b84d3af7b:c4007, d451d94d-57a0-4545-b387-d428f64e3f33:c4007]
2019-07-09 16:26:11,172 INFO  client.GrpcClientProtocolClient (GrpcClientProtocolClient.java:onNext(255)) - client-0F1B900A64BD->9bf35ae9-4da0-4371-87fa-54ea3ce1f280: receive RaftClientReply:client-0F1B900A64BD->9bf35ae9-4da0-4371-87fa-54ea3ce1f280@group-432E83AF5B55, cid=2698, SUCCESS, logIndex=4009, commits[9bf35ae9-4da0-4371-87fa-54ea3ce1f280:c4011, 0cc34542-3a00-466e-ae84-194b84d3af7b:c4007, d451d94d-57a0-4545-b387-d428f64e3f33:c4007]
2019-07-09 16:26:11,172 INFO  client.GrpcClientProtocolClient (GrpcClientProtocolClient.java:onNext(255)) - client-0F1B900A64BD->9bf35ae9-4da0-4371-87fa-54ea3ce1f280: receive RaftClientReply:client-0F1B900A64BD->9bf35ae9-4da0-4371-87fa-54ea3ce1f280@group-432E83AF5B55, cid=2699, SUCCESS, logIndex=4010, commits[9bf35ae9-4da0-4371-87fa-54ea3ce1f280:c4011, 0cc34542-3a00-466e-ae84-194b84d3af7b:c4007, d451d94d-57a0-4545-b387-d428f64e3f33:c4007]
2019-07-09 16:26:11,173 INFO  client.GrpcClientProtocolClient (GrpcClientProtocolClient.java:onNext(255)) - client-0F1B900A64BD->9bf35ae9-4da0-4371-87fa-54ea3ce1f280: receive RaftClientReply:client-0F1B900A64BD->9bf35ae9-4da0-4371-87fa-54ea3ce1f280@group-432E83AF5B55, cid=2700, SUCCESS, logIndex=4011, commits[9bf35ae9-4da0-4371-87fa-54ea3ce1f280:c4011, 0cc34542-3a00-466e-ae84-194b84d3af7b:c4007, d451d94d-57a0-4545-b387-d428f64e3f33:c4007]
2019-07-09 16:26:11,188 INFO  client.GrpcClientProtocolClient (GrpcClientProtocolClient.java:onNext(255)) - client-0F1B900A64BD->9bf35ae9-4da0-4371-87fa-54ea3ce1f280: receive RaftClientReply:client-0F1B900A64BD->9bf35ae9-4da0-4371-87fa-54ea3ce1f280@group-432E83AF5B55, cid=2701, SUCCESS, logIndex=0, commits[9bf35ae9-4da0-4371-87fa-54ea3ce1f280:c4014, 0cc34542-3a00-466e-ae84-194b84d3af7b:c4010, d451d94d-57a0-4545-b387-d428f64e3f33:c4009]
2019-07-09 16:26:11,210 INFO  client.GrpcClientProtocolClient (GrpcClientProtocolClient.java:onNext(255)) - client-0F1B900A64BD->9bf35ae9-4da0-4371-87fa-54ea3ce1f280: receive RaftClientReply:client-0F1B900A64BD->9bf35ae9-4da0-4371-87fa-54ea3ce1f280@group-432E83AF5B55, cid=2702, SUCCESS, logIndex=4016, commits[9bf35ae9-4da0-4371-87fa-54ea3ce1f280:c4017, 0cc34542-3a00-466e-ae84-194b84d3af7b:c4015, d451d94d-57a0-4545-b387-d428f64e3f33:c4015]
2019-07-09 16:26:11,211 INFO  client.GrpcClientProtocolClient (GrpcClientProtocolClient.java:onNext(255)) - client-0F1B900A64BD->9bf35ae9-4da0-4371-87fa-54ea3ce1f280: receive RaftClientReply:client-0F1B900A64BD->9bf35ae9-4da0-4371-87fa-54ea3ce1f280@group-432E83AF5B55, cid=2703, SUCCESS, logIndex=4017, commits[9bf35ae9-4da0-4371-87fa-54ea3ce1f280:c4017, 0cc34542-3a00-466e-ae84-194b84d3af7b:c4015, d451d94d-57a0-4545-b387-d428f64e3f33:c4015]
2019-07-09 16:26:11,232 INFO  client.GrpcClientProtocolClient (GrpcClientProtocolClient.java:onNext(255)) - client-0F1B900A64BD->9bf35ae9-4da0-4371-87fa-54ea3ce1f280: receive RaftClientReply:client-0F1B900A64BD->9bf35ae9-4da0-4371-87fa-54ea3ce1f280@group-432E83AF5B55, cid=2704, SUCCESS, logIndex=4020, commits[9bf35ae9-4da0-4371-87fa-54ea3ce1f280:c4021, 0cc34542-3a00-466e-ae84-194b84d3af7b:c4017, d451d94d-57a0-4545-b387-d428f64e3f33:c4017]
2019-07-09 16:26:11,232 INFO  client.GrpcClientProtocolClient (GrpcClientProtocolClient.java:onNext(255)) - client-0F1B900A64BD->9bf35ae9-4da0-4371-87fa-54ea3ce1f280: receive RaftClientReply:client-0F1B900A64BD->9bf35ae9-4da0-4371-87fa-54ea3ce1f280@group-432E83AF5B55, cid=2705, SUCCESS, logIndex=4021, commits[9bf35ae9-4da0-4371-87fa-54ea3ce1f280:c4021, 0cc34542-3a00-466e-ae84-194b84d3af7b:c4017, d451d94d-57a0-4545-b387-d428f64e3f33:c4017]
2019-07-09 16:26:11,243 INFO  client.GrpcClientProtocolClient (GrpcClientProtocolClient.java:onNext(255)) - client-0F1B900A64BD->9bf35ae9-4da0-4371-87fa-54ea3ce1f280: receive RaftClientReply:client-0F1B900A64BD->9bf35ae9-4da0-4371-87fa-54ea3ce1f280@group-432E83AF5B55, cid=2706, SUCCESS, logIndex=0, commits[9bf35ae9-4da0-4371-87fa-54ea3ce1f280:c4022, 0cc34542-3a00-466e-ae84-194b84d3af7b:c4021, d451d94d-57a0-4545-b387-d428f64e3f33:c4021]
2019-07-09 16:26:11,279 INFO  client.GrpcClientProtocolClient (GrpcClientProtocolClient.java:onNext(255)) - client-0F1B900A64BD->9bf35ae9-4da0-4371-87fa-54ea3ce1f280: receive RaftClientReply:client-0F1B900A64BD->9bf35ae9-4da0-4371-87fa-54ea3ce1f280@group-432E83AF5B55, cid=2707, SUCCESS, logIndex=4024, commits[9bf35ae9-4da0-4371-87fa-54ea3ce1f280:c4026, 0cc34542-3a00-466e-ae84-194b84d3af7b:c4023, d451d94d-57a0-4545-b387-d428f64e3f33:c4023]
2019-07-09 16:26:11,280 INFO  client.GrpcClientProtocolClient (GrpcClientProtocolClient.java:onNext(255)) - client-0F1B900A64BD->9bf35ae9-4da0-4371-87fa-54ea3ce1f280: receive RaftClientReply:client-0F1B900A64BD->9bf35ae9-4da0-4371-87fa-54ea3ce1f280@group-432E83AF5B55, cid=2708, SUCCESS, logIndex=4025, commits[9bf35ae9-4da0-4371-87fa-54ea3ce1f280:c4027, 0cc34542-3a00-466e-ae84-194b84d3af7b:c4023, d451d94d-57a0-4545-b387-d428f64e3f33:c4023]
2019-07-09 16:26:11,280 INFO  client.GrpcClientProtocolClient (GrpcClientProtocolClient.java:onNext(255)) - client-0F1B900A64BD->9bf35ae9-4da0-4371-87fa-54ea3ce1f280: receive RaftClientReply:client-0F1B900A64BD->9bf35ae9-4da0-4371-87fa-54ea3ce1f280@group-432E83AF5B55, cid=2709, SUCCESS, logIndex=4026, commits[9bf35ae9-4da0-4371-87fa-54ea3ce1f280:c4027, 0cc34542-3a00-466e-ae84-194b84d3af7b:c4023, d451d94d-57a0-4545-b387-d428f64e3f33:c4023]
2019-07-09 16:26:11,280 INFO  client.GrpcClientProtocolClient (GrpcClientProtocolClient.java:onNext(255)) - client-0F1B900A64BD->9bf35ae9-4da0-4371-87fa-54ea3ce1f280: receive RaftClientReply:client-0F1B900A64BD->9bf35ae9-4da0-4371-87fa-54ea3ce1f280@group-432E83AF5B55, cid=2710, SUCCESS, logIndex=4027, commits[9bf35ae9-4da0-4371-87fa-54ea3ce1f280:c4027, 0cc34542-3a00-466e-ae84-194b84d3af7b:c4023, d451d94d-57a0-4545-b387-d428f64e3f33:c4023]
2019-07-09 16:26:11,292 INFO  client.GrpcClientProtocolClient (GrpcClientProtocolClient.java:onNext(255)) - client-0F1B900A64BD->9bf35ae9-4da0-4371-87fa-54ea3ce1f280: receive RaftClientReply:client-0F1B900A64BD->9bf35ae9-4da0-4371-87fa-54ea3ce1f280@group-432E83AF5B55, cid=2711, SUCCESS, logIndex=0, commits[9bf35ae9-4da0-4371-87fa-54ea3ce1f280:c4029, 0cc34542-3a00-466e-ae84-194b84d3af7b:c4025, d451d94d-57a0-4545-b387-d428f64e3f33:c4025]
2019-07-09 16:26:11,316 INFO  client.GrpcClientProtocolClient (GrpcClientProtocolClient.java:onNext(255)) - client-0F1B900A64BD->9bf35ae9-4da0-4371-87fa-54ea3ce1f280: receive RaftClientReply:client-0F1B900A64BD->9bf35ae9-4da0-4371-87fa-54ea3ce1f280@group-432E83AF5B55, cid=2712, SUCCESS, logIndex=4032, commits[9bf35ae9-4da0-4371-87fa-54ea3ce1f280:c4033, 0cc34542-3a00-466e-ae84-194b84d3af7b:c4031, d451d94d-57a0-4545-b387-d428f64e3f33:c4027]
2019-07-09 16:26:11,317 INFO  client.GrpcClientProtocolClient (GrpcClientProtocolClient.java:onNext(255)) - client-0F1B900A64BD->9bf35ae9-4da0-4371-87fa-54ea3ce1f280: receive RaftClientReply:client-0F1B900A64BD->9bf35ae9-4da0-4371-87fa-54ea3ce1f280@group-432E83AF5B55, cid=2713, SUCCESS, logIndex=4033, commits[9bf35ae9-4da0-4371-87fa-54ea3ce1f280:c4033, 0cc34542-3a00-466e-ae84-194b84d3af7b:c4031, d451d94d-57a0-4545-b387-d428f64e3f33:c4027]
2019-07-09 16:26:11,340 INFO  client.GrpcClientProtocolClient (GrpcClientProtocolClient.java:onNext(255)) - client-0F1B900A64BD->9bf35ae9-4da0-4371-87fa-54ea3ce1f280: receive RaftClientReply:client-0F1B900A64BD->9bf35ae9-4da0-4371-87fa-54ea3ce1f280@group-432E83AF5B55, cid=2714, SUCCESS, logIndex=4036, commits[9bf35ae9-4da0-4371-87fa-54ea3ce1f280:c4037, 0cc34542-3a00-466e-ae84-194b84d3af7b:c4034, d451d94d-57a0-4545-b387-d428f64e3f33:c4033]
2019-07-09 16:26:11,340 INFO  client.GrpcClientProtocolClient (GrpcClientProtocolClient.java:onNext(255)) - client-0F1B900A64BD->9bf35ae9-4da0-4371-87fa-54ea3ce1f280: receive RaftClientReply:client-0F1B900A64BD->9bf35ae9-4da0-4371-87fa-54ea3ce1f280@group-432E83AF5B55, cid=2715, SUCCESS, logIndex=4037, commits[9bf35ae9-4da0-4371-87fa-54ea3ce1f280:c4037, 0cc34542-3a00-466e-ae84-194b84d3af7b:c4034, d451d94d-57a0-4545-b387-d428f64e3f33:c4034]
2019-07-09 16:26:11,354 INFO  client.GrpcClientProtocolClient (GrpcClientProtocolClient.java:onNext(255)) - client-0F1B900A64BD->9bf35ae9-4da0-4371-87fa-54ea3ce1f280: receive RaftClientReply:client-0F1B900A64BD->9bf35ae9-4da0-4371-87fa-54ea3ce1f280@group-432E83AF5B55, cid=2716, SUCCESS, logIndex=0, commits[9bf35ae9-4da0-4371-87fa-54ea3ce1f280:c4038, 0cc34542-3a00-466e-ae84-194b84d3af7b:c4037, d451d94d-57a0-4545-b387-d428f64e3f33:c4037]
2019-07-09 16:26:11,387 INFO  client.GrpcClientProtocolClient (GrpcClientProtocolClient.java:onNext(255)) - client-0F1B900A64BD->9bf35ae9-4da0-4371-87fa-54ea3ce1f280: receive RaftClientReply:client-0F1B900A64BD->9bf35ae9-4da0-4371-87fa-54ea3ce1f280@group-432E83AF5B55, cid=2717, SUCCESS, logIndex=4040, commits[9bf35ae9-4da0-4371-87fa-54ea3ce1f280:c4041, 0cc34542-3a00-466e-ae84-194b84d3af7b:c4039, d451d94d-57a0-4545-b387-d428f64e3f33:c4039]
2019-07-09 16:26:11,387 INFO  client.GrpcClientProtocolClient (GrpcClientProtocolClient.java:onNext(255)) - client-0F1B900A64BD->9bf35ae9-4da0-4371-87fa-54ea3ce1f280: receive RaftClientReply:client-0F1B900A64BD->9bf35ae9-4da0-4371-87fa-54ea3ce1f280@group-432E83AF5B55, cid=2718, SUCCESS, logIndex=4041, commits[9bf35ae9-4da0-4371-87fa-54ea3ce1f280:c4043, 0cc34542-3a00-466e-ae84-194b84d3af7b:c4039, d451d94d-57a0-4545-b387-d428f64e3f33:c4039]
2019-07-09 16:26:11,387 INFO  client.GrpcClientProtocolClient (GrpcClientProtocolClient.java:onNext(255)) - client-0F1B900A64BD->9bf35ae9-4da0-4371-87fa-54ea3ce1f280: receive RaftClientReply:client-0F1B900A64BD->9bf35ae9-4da0-4371-87fa-54ea3ce1f280@group-432E83AF5B55, cid=2719, SUCCESS, logIndex=4042, commits[9bf35ae9-4da0-4371-87fa-54ea3ce1f280:c4043, 0cc34542-3a00-466e-ae84-194b84d3af7b:c4039, d451d94d-57a0-4545-b387-d428f64e3f33:c4039]
2019-07-09 16:26:11,388 INFO  client.GrpcClientProtocolClient (GrpcClientProtocolClient.java:onNext(255)) - client-0F1B900A64BD->9bf35ae9-4da0-4371-87fa-54ea3ce1f280: receive RaftClientReply:client-0F1B900A64BD->9bf35ae9-4da0-4371-87fa-54ea3ce1f280@group-432E83AF5B55, cid=2720, SUCCESS, logIndex=4043, commits[9bf35ae9-4da0-4371-87fa-54ea3ce1f280:c4043, 0cc34542-3a00-466e-ae84-194b84d3af7b:c4039, d451d94d-57a0-4545-b387-d428f64e3f33:c4039]
2019-07-09 16:26:11,390 INFO  client.GrpcClientProtocolClient (GrpcClientProtocolClient.java:onNext(255)) - client-0F1B900A64BD->9bf35ae9-4da0-4371-87fa-54ea3ce1f280: receive RaftClientReply:client-0F1B900A64BD->9bf35ae9-4da0-4371-87fa-54ea3ce1f280@group-432E83AF5B55, cid=2721, SUCCESS, logIndex=0, commits[9bf35ae9-4da0-4371-87fa-54ea3ce1f280:c4044, 0cc34542-3a00-466e-ae84-194b84d3af7b:c4041, d451d94d-57a0-4545-b387-d428f64e3f33:c4041]
2019-07-09 16:26:11,413 INFO  client.GrpcClientProtocolClient (GrpcClientProtocolClient.java:onNext(255)) - client-0F1B900A64BD->9bf35ae9-4da0-4371-87fa-54ea3ce1f280: receive RaftClientReply:client-0F1B900A64BD->9bf35ae9-4da0-4371-87fa-54ea3ce1f280@group-432E83AF5B55, cid=2722, SUCCESS, logIndex=4047, commits[9bf35ae9-4da0-4371-87fa-54ea3ce1f280:c4048, 0cc34542-3a00-466e-ae84-194b84d3af7b:c4043, d451d94d-57a0-4545-b387-d428f64e3f33:c4044]
2019-07-09 16:26:11,414 INFO  client.GrpcClientProtocolClient (GrpcClientProtocolClient.java:onNext(255)) - client-0F1B900A64BD->9bf35ae9-4da0-4371-87fa-54ea3ce1f280: receive RaftClientReply:client-0F1B900A64BD->9bf35ae9-4da0-4371-87fa-54ea3ce1f280@group-432E83AF5B55, cid=2723, SUCCESS, logIndex=4048, commits[9bf35ae9-4da0-4371-87fa-54ea3ce1f280:c4048, 0cc34542-3a00-466e-ae84-194b84d3af7b:c4044, d451d94d-57a0-4545-b387-d428f64e3f33:c4044]
2019-07-09 16:26:11,430 INFO  client.GrpcClientProtocolClient (GrpcClientProtocolClient.java:onNext(255)) - client-0F1B900A64BD->9bf35ae9-4da0-4371-87fa-54ea3ce1f280: receive RaftClientReply:client-0F1B900A64BD->9bf35ae9-4da0-4371-87fa-54ea3ce1f280@group-432E83AF5B55, cid=2724, SUCCESS, logIndex=4051, commits[9bf35ae9-4da0-4371-87fa-54ea3ce1f280:c4052, 0cc34542-3a00-466e-ae84-194b84d3af7b:c4048, d451d94d-57a0-4545-b387-d428f64e3f33:c4048]
2019-07-09 16:26:11,430 INFO  client.GrpcClientProtocolClient (GrpcClientProtocolClient.java:onNext(255)) - client-0F1B900A64BD->9bf35ae9-4da0-4371-87fa-54ea3ce1f280: receive RaftClientReply:client-0F1B900A64BD->9bf35ae9-4da0-4371-87fa-54ea3ce1f280@group-432E83AF5B55, cid=2725, SUCCESS, logIndex=4052, commits[9bf35ae9-4da0-4371-87fa-54ea3ce1f280:c4052, 0cc34542-3a00-466e-ae84-194b84d3af7b:c4048, d451d94d-57a0-4545-b387-d428f64e3f33:c4048]
2019-07-09 16:26:11,434 INFO  client.GrpcClientProtocolClient (GrpcClientProtocolClient.java:onNext(255)) - client-0F1B900A64BD->9bf35ae9-4da0-4371-87fa-54ea3ce1f280: receive RaftClientReply:client-0F1B900A64BD->9bf35ae9-4da0-4371-87fa-54ea3ce1f280@group-432E83AF5B55, cid=2726, SUCCESS, logIndex=0, commits[9bf35ae9-4da0-4371-87fa-54ea3ce1f280:c4053, 0cc34542-3a00-466e-ae84-194b84d3af7b:c4052, d451d94d-57a0-4545-b387-d428f64e3f33:c4052]
2019-07-09 16:26:11,457 INFO  client.GrpcClientProtocolClient (GrpcClientProtocolClient.java:onNext(255)) - client-0F1B900A64BD->9bf35ae9-4da0-4371-87fa-54ea3ce1f280: receive RaftClientReply:client-0F1B900A64BD->9bf35ae9-4da0-4371-87fa-54ea3ce1f280@group-432E83AF5B55, cid=2727, SUCCESS, logIndex=4054, commits[9bf35ae9-4da0-4371-87fa-54ea3ce1f280:c4055, 0cc34542-3a00-466e-ae84-194b84d3af7b:c4053, d451d94d-57a0-4545-b387-d428f64e3f33:c4053]
2019-07-09 16:26:11,457 INFO  client.GrpcClientProtocolClient (GrpcClientProtocolClient.java:onNext(255)) - client-0F1B900A64BD->9bf35ae9-4da0-4371-87fa-54ea3ce1f280: receive RaftClientReply:client-0F1B900A64BD->9bf35ae9-4da0-4371-87fa-54ea3ce1f280@group-432E83AF5B55, cid=2728, SUCCESS, logIndex=4055, commits[9bf35ae9-4da0-4371-87fa-54ea3ce1f280:c4055, 0cc34542-3a00-466e-ae84-194b84d3af7b:c4053, d451d94d-57a0-4545-b387-d428f64e3f33:c4053]
2019-07-09 16:26:11,459 INFO  client.GrpcClientProtocolClient (GrpcClientProtocolClient.java:onNext(255)) - client-0F1B900A64BD->9bf35ae9-4da0-4371-87fa-54ea3ce1f280: receive RaftClientReply:client-0F1B900A64BD->9bf35ae9-4da0-4371-87fa-54ea3ce1f280@group-432E83AF5B55, cid=2729, SUCCESS, logIndex=4056, commits[9bf35ae9-4da0-4371-87fa-54ea3ce1f280:c4057, 0cc34542-3a00-466e-ae84-194b84d3af7b:c4054, d451d94d-57a0-4545-b387-d428f64e3f33:c4053]
2019-07-09 16:26:11,459 INFO  client.GrpcClientProtocolClient (GrpcClientProtocolClient.java:onNext(255)) - client-0F1B900A64BD->9bf35ae9-4da0-4371-87fa-54ea3ce1f280: receive RaftClientReply:client-0F1B900A64BD->9bf35ae9-4da0-4371-87fa-54ea3ce1f280@group-432E83AF5B55, cid=2730, SUCCESS, logIndex=4057, commits[9bf35ae9-4da0-4371-87fa-54ea3ce1f280:c4058, 0cc34542-3a00-466e-ae84-194b84d3af7b:c4055, d451d94d-57a0-4545-b387-d428f64e3f33:c4053]
2019-07-09 16:26:11,461 INFO  client.GrpcClientProtocolClient (GrpcClientProtocolClient.java:onNext(255)) - client-0F1B900A64BD->9bf35ae9-4da0-4371-87fa-54ea3ce1f280: receive RaftClientReply:client-0F1B900A64BD->9bf35ae9-4da0-4371-87fa-54ea3ce1f280@group-432E83AF5B55, cid=2731, SUCCESS, logIndex=0, commits[9bf35ae9-4da0-4371-87fa-54ea3ce1f280:c4059, 0cc34542-3a00-466e-ae84-194b84d3af7b:c4055, d451d94d-57a0-4545-b387-d428f64e3f33:c4055]
2019-07-09 16:26:11,485 INFO  client.GrpcClientProtocolClient (GrpcClientProtocolClient.java:onNext(255)) - client-0F1B900A64BD->9bf35ae9-4da0-4371-87fa-54ea3ce1f280: receive RaftClientReply:client-0F1B900A64BD->9bf35ae9-4da0-4371-87fa-54ea3ce1f280@group-432E83AF5B55, cid=2732, SUCCESS, logIndex=4062, commits[9bf35ae9-4da0-4371-87fa-54ea3ce1f280:c4063, 0cc34542-3a00-466e-ae84-194b84d3af7b:c4061, d451d94d-57a0-4545-b387-d428f64e3f33:c4061]
2019-07-09 16:26:11,486 INFO  client.GrpcClientProtocolClient (GrpcClientProtocolClient.java:onNext(255)) - client-0F1B900A64BD->9bf35ae9-4da0-4371-87fa-54ea3ce1f280: receive RaftClientReply:client-0F1B900A64BD->9bf35ae9-4da0-4371-87fa-54ea3ce1f280@group-432E83AF5B55, cid=2733, SUCCESS, logIndex=4063, commits[9bf35ae9-4da0-4371-87fa-54ea3ce1f280:c4063, 0cc34542-3a00-466e-ae84-194b84d3af7b:c4061, d451d94d-57a0-4545-b387-d428f64e3f33:c4061]
2019-07-09 16:26:11,499 INFO  client.GrpcClientProtocolClient (GrpcClientProtocolClient.java:onNext(255)) - client-0F1B900A64BD->9bf35ae9-4da0-4371-87fa-54ea3ce1f280: receive RaftClientReply:client-0F1B900A64BD->9bf35ae9-4da0-4371-87fa-54ea3ce1f280@group-432E83AF5B55, cid=2734, SUCCESS, logIndex=4066, commits[9bf35ae9-4da0-4371-87fa-54ea3ce1f280:c4067, 0cc34542-3a00-466e-ae84-194b84d3af7b:c4063, d451d94d-57a0-4545-b387-d428f64e3f33:c4063]
2019-07-09 16:26:11,500 INFO  client.GrpcClientProtocolClient (GrpcClientProtocolClient.java:onNext(255)) - client-0F1B900A64BD->9bf35ae9-4da0-4371-87fa-54ea3ce1f280: receive RaftClientReply:client-0F1B900A64BD->9bf35ae9-4da0-4371-87fa-54ea3ce1f280@group-432E83AF5B55, cid=2735, SUCCESS, logIndex=4067, commits[9bf35ae9-4da0-4371-87fa-54ea3ce1f280:c4067, 0cc34542-3a00-466e-ae84-194b84d3af7b:c4063, d451d94d-57a0-4545-b387-d428f64e3f33:c4063]
2019-07-09 16:26:11,518 INFO  client.GrpcClientProtocolClient (GrpcClientProtocolClient.java:onNext(255)) - client-0F1B900A64BD->9bf35ae9-4da0-4371-87fa-54ea3ce1f280: receive RaftClientReply:client-0F1B900A64BD->9bf35ae9-4da0-4371-87fa-54ea3ce1f280@group-432E83AF5B55, cid=2736, SUCCESS, logIndex=0, commits[9bf35ae9-4da0-4371-87fa-54ea3ce1f280:c4069, 0cc34542-3a00-466e-ae84-194b84d3af7b:c4067, d451d94d-57a0-4545-b387-d428f64e3f33:c4067]
2019-07-09 16:26:11,553 INFO  client.GrpcClientProtocolClient (GrpcClientProtocolClient.java:onNext(255)) - client-0F1B900A64BD->9bf35ae9-4da0-4371-87fa-54ea3ce1f280: receive RaftClientReply:client-0F1B900A64BD->9bf35ae9-4da0-4371-87fa-54ea3ce1f280@group-432E83AF5B55, cid=2737, SUCCESS, logIndex=4070, commits[9bf35ae9-4da0-4371-87fa-54ea3ce1f280:c4072, 0cc34542-3a00-466e-ae84-194b84d3af7b:c4069, d451d94d-57a0-4545-b387-d428f64e3f33:c4069]
2019-07-09 16:26:11,553 INFO  client.GrpcClientProtocolClient (GrpcClientProtocolClient.java:onNext(255)) - client-0F1B900A64BD->9bf35ae9-4da0-4371-87fa-54ea3ce1f280: receive RaftClientReply:client-0F1B900A64BD->9bf35ae9-4da0-4371-87fa-54ea3ce1f280@group-432E83AF5B55, cid=2738, SUCCESS, logIndex=4071, commits[9bf35ae9-4da0-4371-87fa-54ea3ce1f280:c4073, 0cc34542-3a00-466e-ae84-194b84d3af7b:c4069, d451d94d-57a0-4545-b387-d428f64e3f33:c4069]
2019-07-09 16:26:11,554 INFO  client.GrpcClientProtocolClient (GrpcClientProtocolClient.java:onNext(255)) - client-0F1B900A64BD->9bf35ae9-4da0-4371-87fa-54ea3ce1f280: receive RaftClientReply:client-0F1B900A64BD->9bf35ae9-4da0-4371-87fa-54ea3ce1f280@group-432E83AF5B55, cid=2739, SUCCESS, logIndex=4072, commits[9bf35ae9-4da0-4371-87fa-54ea3ce1f280:c4073, 0cc34542-3a00-466e-ae84-194b84d3af7b:c4069, d451d94d-57a0-4545-b387-d428f64e3f33:c4069]
2019-07-09 16:26:11,554 INFO  client.GrpcClientProtocolClient (GrpcClientProtocolClient.java:onNext(255)) - client-0F1B900A64BD->9bf35ae9-4da0-4371-87fa-54ea3ce1f280: receive RaftClientReply:client-0F1B900A64BD->9bf35ae9-4da0-4371-87fa-54ea3ce1f280@group-432E83AF5B55, cid=2740, SUCCESS, logIndex=4073, commits[9bf35ae9-4da0-4371-87fa-54ea3ce1f280:c4073, 0cc34542-3a00-466e-ae84-194b84d3af7b:c4069, d451d94d-57a0-4545-b387-d428f64e3f33:c4069]
2019-07-09 16:26:11,565 INFO  client.GrpcClientProtocolClient (GrpcClientProtocolClient.java:onNext(255)) - client-0F1B900A64BD->9bf35ae9-4da0-4371-87fa-54ea3ce1f280: receive RaftClientReply:client-0F1B900A64BD->9bf35ae9-4da0-4371-87fa-54ea3ce1f280@group-432E83AF5B55, cid=2741, SUCCESS, logIndex=0, commits[9bf35ae9-4da0-4371-87fa-54ea3ce1f280:c4076, 0cc34542-3a00-466e-ae84-194b84d3af7b:c4071, d451d94d-57a0-4545-b387-d428f64e3f33:c4072]
2019-07-09 16:26:11,585 INFO  client.GrpcClientProtocolClient (GrpcClientProtocolClient.java:onNext(255)) - client-0F1B900A64BD->9bf35ae9-4da0-4371-87fa-54ea3ce1f280: receive RaftClientReply:client-0F1B900A64BD->9bf35ae9-4da0-4371-87fa-54ea3ce1f280@group-432E83AF5B55, cid=2742, SUCCESS, logIndex=4078, commits[9bf35ae9-4da0-4371-87fa-54ea3ce1f280:c4079, 0cc34542-3a00-466e-ae84-194b84d3af7b:c4077, d451d94d-57a0-4545-b387-d428f64e3f33:c4077]
2019-07-09 16:26:11,586 INFO  client.GrpcClientProtocolClient (GrpcClientProtocolClient.java:onNext(255)) - client-0F1B900A64BD->9bf35ae9-4da0-4371-87fa-54ea3ce1f280: receive RaftClientReply:client-0F1B900A64BD->9bf35ae9-4da0-4371-87fa-54ea3ce1f280@group-432E83AF5B55, cid=2743, SUCCESS, logIndex=4079, commits[9bf35ae9-4da0-4371-87fa-54ea3ce1f280:c4079, 0cc34542-3a00-466e-ae84-194b84d3af7b:c4077, d451d94d-57a0-4545-b387-d428f64e3f33:c4077]
2019-07-09 16:26:11,598 INFO  client.GrpcClientProtocolClient (GrpcClientProtocolClient.java:onNext(255)) - client-0F1B900A64BD->9bf35ae9-4da0-4371-87fa-54ea3ce1f280: receive RaftClientReply:client-0F1B900A64BD->9bf35ae9-4da0-4371-87fa-54ea3ce1f280@group-432E83AF5B55, cid=2744, SUCCESS, logIndex=4082, commits[9bf35ae9-4da0-4371-87fa-54ea3ce1f280:c4083, 0cc34542-3a00-466e-ae84-194b84d3af7b:c4079, d451d94d-57a0-4545-b387-d428f64e3f33:c4078]
2019-07-09 16:26:11,599 INFO  client.GrpcClientProtocolClient (GrpcClientProtocolClient.java:onNext(255)) - client-0F1B900A64BD->9bf35ae9-4da0-4371-87fa-54ea3ce1f280: receive RaftClientReply:client-0F1B900A64BD->9bf35ae9-4da0-4371-87fa-54ea3ce1f280@group-432E83AF5B55, cid=2745, SUCCESS, logIndex=4083, commits[9bf35ae9-4da0-4371-87fa-54ea3ce1f280:c4083, 0cc34542-3a00-466e-ae84-194b84d3af7b:c4079, d451d94d-57a0-4545-b387-d428f64e3f33:c4079]
2019-07-09 16:26:11,611 INFO  client.GrpcClientProtocolClient (GrpcClientProtocolClient.java:onNext(255)) - client-0F1B900A64BD->9bf35ae9-4da0-4371-87fa-54ea3ce1f280: receive RaftClientReply:client-0F1B900A64BD->9bf35ae9-4da0-4371-87fa-54ea3ce1f280@group-432E83AF5B55, cid=2746, SUCCESS, logIndex=0, commits[9bf35ae9-4da0-4371-87fa-54ea3ce1f280:c4085, 0cc34542-3a00-466e-ae84-194b84d3af7b:c4083, d451d94d-57a0-4545-b387-d428f64e3f33:c4083]
2019-07-09 16:26:11,645 INFO  client.GrpcClientProtocolClient (GrpcClientProtocolClient.java:onNext(255)) - client-0F1B900A64BD->9bf35ae9-4da0-4371-87fa-54ea3ce1f280: receive RaftClientReply:client-0F1B900A64BD->9bf35ae9-4da0-4371-87fa-54ea3ce1f280@group-432E83AF5B55, cid=2747, SUCCESS, logIndex=4086, commits[9bf35ae9-4da0-4371-87fa-54ea3ce1f280:c4087, 0cc34542-3a00-466e-ae84-194b84d3af7b:c4085, d451d94d-57a0-4545-b387-d428f64e3f33:c4085]
2019-07-09 16:26:11,645 INFO  client.GrpcClientProtocolClient (GrpcClientProtocolClient.java:onNext(255)) - client-0F1B900A64BD->9bf35ae9-4da0-4371-87fa-54ea3ce1f280: receive RaftClientReply:client-0F1B900A64BD->9bf35ae9-4da0-4371-87fa-54ea3ce1f280@group-432E83AF5B55, cid=2748, SUCCESS, logIndex=4087, commits[9bf35ae9-4da0-4371-87fa-54ea3ce1f280:c4089, 0cc34542-3a00-466e-ae84-194b84d3af7b:c4085, d451d94d-57a0-4545-b387-d428f64e3f33:c4085]
2019-07-09 16:26:11,645 INFO  client.GrpcClientProtocolClient (GrpcClientProtocolClient.java:onNext(255)) - client-0F1B900A64BD->9bf35ae9-4da0-4371-87fa-54ea3ce1f280: receive RaftClientReply:client-0F1B900A64BD->9bf35ae9-4da0-4371-87fa-54ea3ce1f280@group-432E83AF5B55, cid=2749, SUCCESS, logIndex=4088, commits[9bf35ae9-4da0-4371-87fa-54ea3ce1f280:c4089, 0cc34542-3a00-466e-ae84-194b84d3af7b:c4085, d451d94d-57a0-4545-b387-d428f64e3f33:c4085]
2019-07-09 16:26:11,646 INFO  client.GrpcClientProtocolClient (GrpcClientProtocolClient.java:onNext(255)) - client-0F1B900A64BD->9bf35ae9-4da0-4371-87fa-54ea3ce1f280: receive RaftClientReply:client-0F1B900A64BD->9bf35ae9-4da0-4371-87fa-54ea3ce1f280@group-432E83AF5B55, cid=2750, SUCCESS, logIndex=4089, commits[9bf35ae9-4da0-4371-87fa-54ea3ce1f280:c4089, 0cc34542-3a00-466e-ae84-194b84d3af7b:c4085, d451d94d-57a0-4545-b387-d428f64e3f33:c4085]
2019-07-09 16:26:11,661 INFO  client.GrpcClientProtocolClient (GrpcClientProtocolClient.java:onNext(255)) - client-0F1B900A64BD->9bf35ae9-4da0-4371-87fa-54ea3ce1f280: receive RaftClientReply:client-0F1B900A64BD->9bf35ae9-4da0-4371-87fa-54ea3ce1f280@group-432E83AF5B55, cid=2751, SUCCESS, logIndex=0, commits[9bf35ae9-4da0-4371-87fa-54ea3ce1f280:c4091, 0cc34542-3a00-466e-ae84-194b84d3af7b:c4087, d451d94d-57a0-4545-b387-d428f64e3f33:c4087]
2019-07-09 16:26:11,685 INFO  client.GrpcClientProtocolClient (GrpcClientProtocolClient.java:onNext(255)) - client-0F1B900A64BD->9bf35ae9-4da0-4371-87fa-54ea3ce1f280: receive RaftClientReply:client-0F1B900A64BD->9bf35ae9-4da0-4371-87fa-54ea3ce1f280@group-432E83AF5B55, cid=2752, SUCCESS, logIndex=4094, commits[9bf35ae9-4da0-4371-87fa-54ea3ce1f280:c4095, 0cc34542-3a00-466e-ae84-194b84d3af7b:c4093, d451d94d-57a0-4545-b387-d428f64e3f33:c4089]
2019-07-09 16:26:11,686 INFO  client.GrpcClientProtocolClient (GrpcClientProtocolClient.java:onNext(255)) - client-0F1B900A64BD->9bf35ae9-4da0-4371-87fa-54ea3ce1f280: receive RaftClientReply:client-0F1B900A64BD->9bf35ae9-4da0-4371-87fa-54ea3ce1f280@group-432E83AF5B55, cid=2753, SUCCESS, logIndex=4095, commits[9bf35ae9-4da0-4371-87fa-54ea3ce1f280:c4095, 0cc34542-3a00-466e-ae84-194b84d3af7b:c4093, d451d94d-57a0-4545-b387-d428f64e3f33:c4093]
2019-07-09 16:26:11,827 INFO  client.GrpcClientProtocolClient (GrpcClientProtocolClient.java:onNext(255)) - client-0F1B900A64BD->9bf35ae9-4da0-4371-87fa-54ea3ce1f280: receive RaftClientReply:client-0F1B900A64BD->9bf35ae9-4da0-4371-87fa-54ea3ce1f280@group-432E83AF5B55, cid=2754, SUCCESS, logIndex=4098, commits[9bf35ae9-4da0-4371-87fa-54ea3ce1f280:c4099, 0cc34542-3a00-466e-ae84-194b84d3af7b:c4097, d451d94d-57a0-4545-b387-d428f64e3f33:c4097]
2019-07-09 16:26:11,828 INFO  client.GrpcClientProtocolClient (GrpcClientProtocolClient.java:onNext(255)) - client-0F1B900A64BD->9bf35ae9-4da0-4371-87fa-54ea3ce1f280: receive RaftClientReply:client-0F1B900A64BD->9bf35ae9-4da0-4371-87fa-54ea3ce1f280@group-432E83AF5B55, cid=2755, SUCCESS, logIndex=4099, commits[9bf35ae9-4da0-4371-87fa-54ea3ce1f280:c4099, 0cc34542-3a00-466e-ae84-194b84d3af7b:c4097, d451d94d-57a0-4545-b387-d428f64e3f33:c4097]
2019-07-09 16:26:11,841 INFO  client.GrpcClientProtocolClient (GrpcClientProtocolClient.java:onNext(255)) - client-0F1B900A64BD->9bf35ae9-4da0-4371-87fa-54ea3ce1f280: receive RaftClientReply:client-0F1B900A64BD->9bf35ae9-4da0-4371-87fa-54ea3ce1f280@group-432E83AF5B55, cid=2756, SUCCESS, logIndex=0, commits[9bf35ae9-4da0-4371-87fa-54ea3ce1f280:c4101, 0cc34542-3a00-466e-ae84-194b84d3af7b:c4099, d451d94d-57a0-4545-b387-d428f64e3f33:c4099]
2019-07-09 16:26:11,877 INFO  client.GrpcClientProtocolClient (GrpcClientProtocolClient.java:onNext(255)) - client-0F1B900A64BD->9bf35ae9-4da0-4371-87fa-54ea3ce1f280: receive RaftClientReply:client-0F1B900A64BD->9bf35ae9-4da0-4371-87fa-54ea3ce1f280@group-432E83AF5B55, cid=2757, SUCCESS, logIndex=4102, commits[9bf35ae9-4da0-4371-87fa-54ea3ce1f280:c4104, 0cc34542-3a00-466e-ae84-194b84d3af7b:c4101, d451d94d-57a0-4545-b387-d428f64e3f33:c4101]
2019-07-09 16:26:11,877 INFO  client.GrpcClientProtocolClient (GrpcClientProtocolClient.java:onNext(255)) - client-0F1B900A64BD->9bf35ae9-4da0-4371-87fa-54ea3ce1f280: receive RaftClientReply:client-0F1B900A64BD->9bf35ae9-4da0-4371-87fa-54ea3ce1f280@group-432E83AF5B55, cid=2758, SUCCESS, logIndex=4103, commits[9bf35ae9-4da0-4371-87fa-54ea3ce1f280:c4105, 0cc34542-3a00-466e-ae84-194b84d3af7b:c4101, d451d94d-57a0-4545-b387-d428f64e3f33:c4101]
2019-07-09 16:26:11,878 INFO  client.GrpcClientProtocolClient (GrpcClientProtocolClient.java:onNext(255)) - client-0F1B900A64BD->9bf35ae9-4da0-4371-87fa-54ea3ce1f280: receive RaftClientReply:client-0F1B900A64BD->9bf35ae9-4da0-4371-87fa-54ea3ce1f280@group-432E83AF5B55, cid=2759, SUCCESS, logIndex=4104, commits[9bf35ae9-4da0-4371-87fa-54ea3ce1f280:c4105, 0cc34542-3a00-466e-ae84-194b84d3af7b:c4101, d451d94d-57a0-4545-b387-d428f64e3f33:c4101]
2019-07-09 16:26:11,878 INFO  client.GrpcClientProtocolClient (GrpcClientProtocolClient.java:onNext(255)) - client-0F1B900A64BD->9bf35ae9-4da0-4371-87fa-54ea3ce1f280: receive RaftClientReply:client-0F1B900A64BD->9bf35ae9-4da0-4371-87fa-54ea3ce1f280@group-432E83AF5B55, cid=2760, SUCCESS, logIndex=4105, commits[9bf35ae9-4da0-4371-87fa-54ea3ce1f280:c4105, 0cc34542-3a00-466e-ae84-194b84d3af7b:c4101, d451d94d-57a0-4545-b387-d428f64e3f33:c4101]
2019-07-09 16:26:11,891 INFO  client.GrpcClientProtocolClient (GrpcClientProtocolClient.java:onNext(255)) - client-0F1B900A64BD->9bf35ae9-4da0-4371-87fa-54ea3ce1f280: receive RaftClientReply:client-0F1B900A64BD->9bf35ae9-4da0-4371-87fa-54ea3ce1f280@group-432E83AF5B55, cid=2761, SUCCESS, logIndex=0, commits[9bf35ae9-4da0-4371-87fa-54ea3ce1f280:c4108, 0cc34542-3a00-466e-ae84-194b84d3af7b:c4104, d451d94d-57a0-4545-b387-d428f64e3f33:c4103]
 0.00% |█                                                                                                    |  0/1 Time: 0:00:232019-07-09 16:26:11,913 INFO  client.GrpcClientProtocolClient (GrpcClientProtocolClient.java:onNext(255)) - client-0F1B900A64BD->9bf35ae9-4da0-4371-87fa-54ea3ce1f280: receive RaftClientReply:client-0F1B900A64BD->9bf35ae9-4da0-4371-87fa-54ea3ce1f280@group-432E83AF5B55, cid=2762, SUCCESS, logIndex=4110, commits[9bf35ae9-4da0-4371-87fa-54ea3ce1f280:c4111, 0cc34542-3a00-466e-ae84-194b84d3af7b:c4109, d451d94d-57a0-4545-b387-d428f64e3f33:c4109]
2019-07-09 16:26:11,914 INFO  client.GrpcClientProtocolClient (GrpcClientProtocolClient.java:onNext(255)) - client-0F1B900A64BD->9bf35ae9-4da0-4371-87fa-54ea3ce1f280: receive RaftClientReply:client-0F1B900A64BD->9bf35ae9-4da0-4371-87fa-54ea3ce1f280@group-432E83AF5B55, cid=2763, SUCCESS, logIndex=4111, commits[9bf35ae9-4da0-4371-87fa-54ea3ce1f280:c4111, 0cc34542-3a00-466e-ae84-194b84d3af7b:c4109, d451d94d-57a0-4545-b387-d428f64e3f33:c4109]
2019-07-09 16:26:11,938 INFO  client.GrpcClientProtocolClient (GrpcClientProtocolClient.java:onNext(255)) - client-0F1B900A64BD->9bf35ae9-4da0-4371-87fa-54ea3ce1f280: receive RaftClientReply:client-0F1B900A64BD->9bf35ae9-4da0-4371-87fa-54ea3ce1f280@group-432E83AF5B55, cid=2764, SUCCESS, logIndex=4114, commits[9bf35ae9-4da0-4371-87fa-54ea3ce1f280:c4115, 0cc34542-3a00-466e-ae84-194b84d3af7b:c4111, d451d94d-57a0-4545-b387-d428f64e3f33:c4111]
2019-07-09 16:26:11,938 INFO  client.GrpcClientProtocolClient (GrpcClientProtocolClient.java:onNext(255)) - client-0F1B900A64BD->9bf35ae9-4da0-4371-87fa-54ea3ce1f280: receive RaftClientReply:client-0F1B900A64BD->9bf35ae9-4da0-4371-87fa-54ea3ce1f280@group-432E83AF5B55, cid=2765, SUCCESS, logIndex=4115, commits[9bf35ae9-4da0-4371-87fa-54ea3ce1f280:c4115, 0cc34542-3a00-466e-ae84-194b84d3af7b:c4111, d451d94d-57a0-4545-b387-d428f64e3f33:c4111]
2019-07-09 16:26:11,949 INFO  client.GrpcClientProtocolClient (GrpcClientProtocolClient.java:onNext(255)) - client-0F1B900A64BD->9bf35ae9-4da0-4371-87fa-54ea3ce1f280: receive RaftClientReply:client-0F1B900A64BD->9bf35ae9-4da0-4371-87fa-54ea3ce1f280@group-432E83AF5B55, cid=2766, SUCCESS, logIndex=0, commits[9bf35ae9-4da0-4371-87fa-54ea3ce1f280:c4116, 0cc34542-3a00-466e-ae84-194b84d3af7b:c4115, d451d94d-57a0-4545-b387-d428f64e3f33:c4115]
2019-07-09 16:26:11,986 INFO  client.GrpcClientProtocolClient (GrpcClientProtocolClient.java:onNext(255)) - client-0F1B900A64BD->9bf35ae9-4da0-4371-87fa-54ea3ce1f280: receive RaftClientReply:client-0F1B900A64BD->9bf35ae9-4da0-4371-87fa-54ea3ce1f280@group-432E83AF5B55, cid=2767, SUCCESS, logIndex=4118, commits[9bf35ae9-4da0-4371-87fa-54ea3ce1f280:c4121, 0cc34542-3a00-466e-ae84-194b84d3af7b:c4117, d451d94d-57a0-4545-b387-d428f64e3f33:c4117]
2019-07-09 16:26:11,987 INFO  client.GrpcClientProtocolClient (GrpcClientProtocolClient.java:onNext(255)) - client-0F1B900A64BD->9bf35ae9-4da0-4371-87fa-54ea3ce1f280: receive RaftClientReply:client-0F1B900A64BD->9bf35ae9-4da0-4371-87fa-54ea3ce1f280@group-432E83AF5B55, cid=2768, SUCCESS, logIndex=4119, commits[9bf35ae9-4da0-4371-87fa-54ea3ce1f280:c4121, 0cc34542-3a00-466e-ae84-194b84d3af7b:c4117, d451d94d-57a0-4545-b387-d428f64e3f33:c4117]
2019-07-09 16:26:11,987 INFO  client.GrpcClientProtocolClient (GrpcClientProtocolClient.java:onNext(255)) - client-0F1B900A64BD->9bf35ae9-4da0-4371-87fa-54ea3ce1f280: receive RaftClientReply:client-0F1B900A64BD->9bf35ae9-4da0-4371-87fa-54ea3ce1f280@group-432E83AF5B55, cid=2769, SUCCESS, logIndex=4120, commits[9bf35ae9-4da0-4371-87fa-54ea3ce1f280:c4121, 0cc34542-3a00-466e-ae84-194b84d3af7b:c4117, d451d94d-57a0-4545-b387-d428f64e3f33:c4117]
2019-07-09 16:26:11,988 INFO  client.GrpcClientProtocolClient (GrpcClientProtocolClient.java:onNext(255)) - client-0F1B900A64BD->9bf35ae9-4da0-4371-87fa-54ea3ce1f280: receive RaftClientReply:client-0F1B900A64BD->9bf35ae9-4da0-4371-87fa-54ea3ce1f280@group-432E83AF5B55, cid=2770, SUCCESS, logIndex=4121, commits[9bf35ae9-4da0-4371-87fa-54ea3ce1f280:c4121, 0cc34542-3a00-466e-ae84-194b84d3af7b:c4117, d451d94d-57a0-4545-b387-d428f64e3f33:c4117]
2019-07-09 16:26:12,000 INFO  client.GrpcClientProtocolClient (GrpcClientProtocolClient.java:onNext(255)) - client-0F1B900A64BD->9bf35ae9-4da0-4371-87fa-54ea3ce1f280: receive RaftClientReply:client-0F1B900A64BD->9bf35ae9-4da0-4371-87fa-54ea3ce1f280@group-432E83AF5B55, cid=2771, SUCCESS, logIndex=0, commits[9bf35ae9-4da0-4371-87fa-54ea3ce1f280:c4123, 0cc34542-3a00-466e-ae84-194b84d3af7b:c4120, d451d94d-57a0-4545-b387-d428f64e3f33:c4120]
2019-07-09 16:26:12,025 INFO  client.GrpcClientProtocolClient (GrpcClientProtocolClient.java:onNext(255)) - client-0F1B900A64BD->9bf35ae9-4da0-4371-87fa-54ea3ce1f280: receive RaftClientReply:client-0F1B900A64BD->9bf35ae9-4da0-4371-87fa-54ea3ce1f280@group-432E83AF5B55, cid=2772, SUCCESS, logIndex=4125, commits[9bf35ae9-4da0-4371-87fa-54ea3ce1f280:c4126, 0cc34542-3a00-466e-ae84-194b84d3af7b:c4124, d451d94d-57a0-4545-b387-d428f64e3f33:c4124]
2019-07-09 16:26:12,025 INFO  client.GrpcClientProtocolClient (GrpcClientProtocolClient.java:onNext(255)) - client-0F1B900A64BD->9bf35ae9-4da0-4371-87fa-54ea3ce1f280: receive RaftClientReply:client-0F1B900A64BD->9bf35ae9-4da0-4371-87fa-54ea3ce1f280@group-432E83AF5B55, cid=2773, SUCCESS, logIndex=4126, commits[9bf35ae9-4da0-4371-87fa-54ea3ce1f280:c4126, 0cc34542-3a00-466e-ae84-194b84d3af7b:c4124, d451d94d-57a0-4545-b387-d428f64e3f33:c4124]
2019-07-09 16:26:12,046 INFO  client.GrpcClientProtocolClient (GrpcClientProtocolClient.java:onNext(255)) - client-0F1B900A64BD->9bf35ae9-4da0-4371-87fa-54ea3ce1f280: receive RaftClientReply:client-0F1B900A64BD->9bf35ae9-4da0-4371-87fa-54ea3ce1f280@group-432E83AF5B55, cid=2774, SUCCESS, logIndex=4129, commits[9bf35ae9-4da0-4371-87fa-54ea3ce1f280:c4130, 0cc34542-3a00-466e-ae84-194b84d3af7b:c4126, d451d94d-57a0-4545-b387-d428f64e3f33:c4126]
2019-07-09 16:26:12,047 INFO  client.GrpcClientProtocolClient (GrpcClientProtocolClient.java:onNext(255)) - client-0F1B900A64BD->9bf35ae9-4da0-4371-87fa-54ea3ce1f280: receive RaftClientReply:client-0F1B900A64BD->9bf35ae9-4da0-4371-87fa-54ea3ce1f280@group-432E83AF5B55, cid=2775, SUCCESS, logIndex=4130, commits[9bf35ae9-4da0-4371-87fa-54ea3ce1f280:c4130, 0cc34542-3a00-466e-ae84-194b84d3af7b:c4126, d451d94d-57a0-4545-b387-d428f64e3f33:c4126]
2019-07-09 16:26:12,066 INFO  client.GrpcClientProtocolClient (GrpcClientProtocolClient.java:onNext(255)) - client-0F1B900A64BD->9bf35ae9-4da0-4371-87fa-54ea3ce1f280: receive RaftClientReply:client-0F1B900A64BD->9bf35ae9-4da0-4371-87fa-54ea3ce1f280@group-432E83AF5B55, cid=2776, SUCCESS, logIndex=0, commits[9bf35ae9-4da0-4371-87fa-54ea3ce1f280:c4132, 0cc34542-3a00-466e-ae84-194b84d3af7b:c4130, d451d94d-57a0-4545-b387-d428f64e3f33:c4130]
2019-07-09 16:26:12,101 INFO  client.GrpcClientProtocolClient (GrpcClientProtocolClient.java:onNext(255)) - client-0F1B900A64BD->9bf35ae9-4da0-4371-87fa-54ea3ce1f280: receive RaftClientReply:client-0F1B900A64BD->9bf35ae9-4da0-4371-87fa-54ea3ce1f280@group-432E83AF5B55, cid=2777, SUCCESS, logIndex=4133, commits[9bf35ae9-4da0-4371-87fa-54ea3ce1f280:c4136, 0cc34542-3a00-466e-ae84-194b84d3af7b:c4132, d451d94d-57a0-4545-b387-d428f64e3f33:c4132]
2019-07-09 16:26:12,102 INFO  client.GrpcClientProtocolClient (GrpcClientProtocolClient.java:onNext(255)) - client-0F1B900A64BD->9bf35ae9-4da0-4371-87fa-54ea3ce1f280: receive RaftClientReply:client-0F1B900A64BD->9bf35ae9-4da0-4371-87fa-54ea3ce1f280@group-432E83AF5B55, cid=2778, SUCCESS, logIndex=4134, commits[9bf35ae9-4da0-4371-87fa-54ea3ce1f280:c4136, 0cc34542-3a00-466e-ae84-194b84d3af7b:c4132, d451d94d-57a0-4545-b387-d428f64e3f33:c4132]
2019-07-09 16:26:12,102 INFO  client.GrpcClientProtocolClient (GrpcClientProtocolClient.java:onNext(255)) - client-0F1B900A64BD->9bf35ae9-4da0-4371-87fa-54ea3ce1f280: receive RaftClientReply:client-0F1B900A64BD->9bf35ae9-4da0-4371-87fa-54ea3ce1f280@group-432E83AF5B55, cid=2779, SUCCESS, logIndex=4135, commits[9bf35ae9-4da0-4371-87fa-54ea3ce1f280:c4136, 0cc34542-3a00-466e-ae84-194b84d3af7b:c4132, d451d94d-57a0-4545-b387-d428f64e3f33:c4132]
2019-07-09 16:26:12,102 INFO  client.GrpcClientProtocolClient (GrpcClientProtocolClient.java:onNext(255)) - client-0F1B900A64BD->9bf35ae9-4da0-4371-87fa-54ea3ce1f280: receive RaftClientReply:client-0F1B900A64BD->9bf35ae9-4da0-4371-87fa-54ea3ce1f280@group-432E83AF5B55, cid=2780, SUCCESS, logIndex=4136, commits[9bf35ae9-4da0-4371-87fa-54ea3ce1f280:c4136, 0cc34542-3a00-466e-ae84-194b84d3af7b:c4132, d451d94d-57a0-4545-b387-d428f64e3f33:c4132]
2019-07-09 16:26:12,115 INFO  client.GrpcClientProtocolClient (GrpcClientProtocolClient.java:onNext(255)) - client-0F1B900A64BD->9bf35ae9-4da0-4371-87fa-54ea3ce1f280: receive RaftClientReply:client-0F1B900A64BD->9bf35ae9-4da0-4371-87fa-54ea3ce1f280@group-432E83AF5B55, cid=2781, SUCCESS, logIndex=0, commits[9bf35ae9-4da0-4371-87fa-54ea3ce1f280:c4137, 0cc34542-3a00-466e-ae84-194b84d3af7b:c4136, d451d94d-57a0-4545-b387-d428f64e3f33:c4136]
2019-07-09 16:26:12,138 INFO  client.GrpcClientProtocolClient (GrpcClientProtocolClient.java:onNext(255)) - client-0F1B900A64BD->9bf35ae9-4da0-4371-87fa-54ea3ce1f280: receive RaftClientReply:client-0F1B900A64BD->9bf35ae9-4da0-4371-87fa-54ea3ce1f280@group-432E83AF5B55, cid=2782, SUCCESS, logIndex=4139, commits[9bf35ae9-4da0-4371-87fa-54ea3ce1f280:c4140, 0cc34542-3a00-466e-ae84-194b84d3af7b:c4138, d451d94d-57a0-4545-b387-d428f64e3f33:c4138]
2019-07-09 16:26:12,138 INFO  client.GrpcClientProtocolClient (GrpcClientProtocolClient.java:onNext(255)) - client-0F1B900A64BD->9bf35ae9-4da0-4371-87fa-54ea3ce1f280: receive RaftClientReply:client-0F1B900A64BD->9bf35ae9-4da0-4371-87fa-54ea3ce1f280@group-432E83AF5B55, cid=2783, SUCCESS, logIndex=4140, commits[9bf35ae9-4da0-4371-87fa-54ea3ce1f280:c4140, 0cc34542-3a00-466e-ae84-194b84d3af7b:c4138, d451d94d-57a0-4545-b387-d428f64e3f33:c4138]
2019-07-09 16:26:12,151 INFO  client.GrpcClientProtocolClient (GrpcClientProtocolClient.java:onNext(255)) - client-0F1B900A64BD->9bf35ae9-4da0-4371-87fa-54ea3ce1f280: receive RaftClientReply:client-0F1B900A64BD->9bf35ae9-4da0-4371-87fa-54ea3ce1f280@group-432E83AF5B55, cid=2784, SUCCESS, logIndex=4143, commits[9bf35ae9-4da0-4371-87fa-54ea3ce1f280:c4144, 0cc34542-3a00-466e-ae84-194b84d3af7b:c4140, d451d94d-57a0-4545-b387-d428f64e3f33:c4140]
2019-07-09 16:26:12,151 INFO  client.GrpcClientProtocolClient (GrpcClientProtocolClient.java:onNext(255)) - client-0F1B900A64BD->9bf35ae9-4da0-4371-87fa-54ea3ce1f280: receive RaftClientReply:client-0F1B900A64BD->9bf35ae9-4da0-4371-87fa-54ea3ce1f280@group-432E83AF5B55, cid=2785, SUCCESS, logIndex=4144, commits[9bf35ae9-4da0-4371-87fa-54ea3ce1f280:c4144, 0cc34542-3a00-466e-ae84-194b84d3af7b:c4140, d451d94d-57a0-4545-b387-d428f64e3f33:c4140]
2019-07-09 16:26:12,178 INFO  client.GrpcClientProtocolClient (GrpcClientProtocolClient.java:onNext(255)) - client-0F1B900A64BD->9bf35ae9-4da0-4371-87fa-54ea3ce1f280: receive RaftClientReply:client-0F1B900A64BD->9bf35ae9-4da0-4371-87fa-54ea3ce1f280@group-432E83AF5B55, cid=2786, SUCCESS, logIndex=0, commits[9bf35ae9-4da0-4371-87fa-54ea3ce1f280:c4146, 0cc34542-3a00-466e-ae84-194b84d3af7b:c4144, d451d94d-57a0-4545-b387-d428f64e3f33:c4144]
2019-07-09 16:26:12,213 INFO  client.GrpcClientProtocolClient (GrpcClientProtocolClient.java:onNext(255)) - client-0F1B900A64BD->9bf35ae9-4da0-4371-87fa-54ea3ce1f280: receive RaftClientReply:client-0F1B900A64BD->9bf35ae9-4da0-4371-87fa-54ea3ce1f280@group-432E83AF5B55, cid=2787, SUCCESS, logIndex=4147, commits[9bf35ae9-4da0-4371-87fa-54ea3ce1f280:c4150, 0cc34542-3a00-466e-ae84-194b84d3af7b:c4146, d451d94d-57a0-4545-b387-d428f64e3f33:c4146]
2019-07-09 16:26:12,214 INFO  client.GrpcClientProtocolClient (GrpcClientProtocolClient.java:onNext(255)) - client-0F1B900A64BD->9bf35ae9-4da0-4371-87fa-54ea3ce1f280: receive RaftClientReply:client-0F1B900A64BD->9bf35ae9-4da0-4371-87fa-54ea3ce1f280@group-432E83AF5B55, cid=2788, SUCCESS, logIndex=4148, commits[9bf35ae9-4da0-4371-87fa-54ea3ce1f280:c4150, 0cc34542-3a00-466e-ae84-194b84d3af7b:c4146, d451d94d-57a0-4545-b387-d428f64e3f33:c4146]
2019-07-09 16:26:12,214 INFO  client.GrpcClientProtocolClient (GrpcClientProtocolClient.java:onNext(255)) - client-0F1B900A64BD->9bf35ae9-4da0-4371-87fa-54ea3ce1f280: receive RaftClientReply:client-0F1B900A64BD->9bf35ae9-4da0-4371-87fa-54ea3ce1f280@group-432E83AF5B55, cid=2789, SUCCESS, logIndex=4149, commits[9bf35ae9-4da0-4371-87fa-54ea3ce1f280:c4150, 0cc34542-3a00-466e-ae84-194b84d3af7b:c4146, d451d94d-57a0-4545-b387-d428f64e3f33:c4146]
2019-07-09 16:26:12,215 INFO  client.GrpcClientProtocolClient (GrpcClientProtocolClient.java:onNext(255)) - client-0F1B900A64BD->9bf35ae9-4da0-4371-87fa-54ea3ce1f280: receive RaftClientReply:client-0F1B900A64BD->9bf35ae9-4da0-4371-87fa-54ea3ce1f280@group-432E83AF5B55, cid=2790, SUCCESS, logIndex=4150, commits[9bf35ae9-4da0-4371-87fa-54ea3ce1f280:c4150, 0cc34542-3a00-466e-ae84-194b84d3af7b:c4146, d451d94d-57a0-4545-b387-d428f64e3f33:c4146]
2019-07-09 16:26:12,224 INFO  client.GrpcClientProtocolClient (GrpcClientProtocolClient.java:onNext(255)) - client-0F1B900A64BD->9bf35ae9-4da0-4371-87fa-54ea3ce1f280: receive RaftClientReply:client-0F1B900A64BD->9bf35ae9-4da0-4371-87fa-54ea3ce1f280@group-432E83AF5B55, cid=2791, SUCCESS, logIndex=0, commits[9bf35ae9-4da0-4371-87fa-54ea3ce1f280:c4151, 0cc34542-3a00-466e-ae84-194b84d3af7b:c4148, d451d94d-57a0-4545-b387-d428f64e3f33:c4148]
2019-07-09 16:26:12,246 INFO  client.GrpcClientProtocolClient (GrpcClientProtocolClient.java:onNext(255)) - client-0F1B900A64BD->9bf35ae9-4da0-4371-87fa-54ea3ce1f280: receive RaftClientReply:client-0F1B900A64BD->9bf35ae9-4da0-4371-87fa-54ea3ce1f280@group-432E83AF5B55, cid=2792, SUCCESS, logIndex=4155, commits[9bf35ae9-4da0-4371-87fa-54ea3ce1f280:c4156, 0cc34542-3a00-466e-ae84-194b84d3af7b:c4154, d451d94d-57a0-4545-b387-d428f64e3f33:c4154]
2019-07-09 16:26:12,246 INFO  client.GrpcClientProtocolClient (GrpcClientProtocolClient.java:onNext(255)) - client-0F1B900A64BD->9bf35ae9-4da0-4371-87fa-54ea3ce1f280: receive RaftClientReply:client-0F1B900A64BD->9bf35ae9-4da0-4371-87fa-54ea3ce1f280@group-432E83AF5B55, cid=2793, SUCCESS, logIndex=4156, commits[9bf35ae9-4da0-4371-87fa-54ea3ce1f280:c4156, 0cc34542-3a00-466e-ae84-194b84d3af7b:c4154, d451d94d-57a0-4545-b387-d428f64e3f33:c4154]
2019-07-09 16:26:12,258 INFO  client.GrpcClientProtocolClient (GrpcClientProtocolClient.java:onNext(255)) - client-0F1B900A64BD->9bf35ae9-4da0-4371-87fa-54ea3ce1f280: receive RaftClientReply:client-0F1B900A64BD->9bf35ae9-4da0-4371-87fa-54ea3ce1f280@group-432E83AF5B55, cid=2794, SUCCESS, logIndex=4159, commits[9bf35ae9-4da0-4371-87fa-54ea3ce1f280:c4160, 0cc34542-3a00-466e-ae84-194b84d3af7b:c4158, d451d94d-57a0-4545-b387-d428f64e3f33:c4156]
2019-07-09 16:26:12,259 INFO  client.GrpcClientProtocolClient (GrpcClientProtocolClient.java:onNext(255)) - client-0F1B900A64BD->9bf35ae9-4da0-4371-87fa-54ea3ce1f280: receive RaftClientReply:client-0F1B900A64BD->9bf35ae9-4da0-4371-87fa-54ea3ce1f280@group-432E83AF5B55, cid=2795, SUCCESS, logIndex=4160, commits[9bf35ae9-4da0-4371-87fa-54ea3ce1f280:c4160, 0cc34542-3a00-466e-ae84-194b84d3af7b:c4158, d451d94d-57a0-4545-b387-d428f64e3f33:c4158]
2019-07-09 16:26:12,262 INFO  client.GrpcClientProtocolClient (GrpcClientProtocolClient.java:onNext(255)) - client-0F1B900A64BD->9bf35ae9-4da0-4371-87fa-54ea3ce1f280: receive RaftClientReply:client-0F1B900A64BD->9bf35ae9-4da0-4371-87fa-54ea3ce1f280@group-432E83AF5B55, cid=2796, SUCCESS, logIndex=0, commits[9bf35ae9-4da0-4371-87fa-54ea3ce1f280:c4161, 0cc34542-3a00-466e-ae84-194b84d3af7b:c4160, d451d94d-57a0-4545-b387-d428f64e3f33:c4160]
2019-07-09 16:26:12,295 INFO  client.GrpcClientProtocolClient (GrpcClientProtocolClient.java:onNext(255)) - client-0F1B900A64BD->9bf35ae9-4da0-4371-87fa-54ea3ce1f280: receive RaftClientReply:client-0F1B900A64BD->9bf35ae9-4da0-4371-87fa-54ea3ce1f280@group-432E83AF5B55, cid=2797, SUCCESS, logIndex=4162, commits[9bf35ae9-4da0-4371-87fa-54ea3ce1f280:c4163, 0cc34542-3a00-466e-ae84-194b84d3af7b:c4161, d451d94d-57a0-4545-b387-d428f64e3f33:c4160]
2019-07-09 16:26:12,295 INFO  client.GrpcClientProtocolClient (GrpcClientProtocolClient.java:onNext(255)) - client-0F1B900A64BD->9bf35ae9-4da0-4371-87fa-54ea3ce1f280: receive RaftClientReply:client-0F1B900A64BD->9bf35ae9-4da0-4371-87fa-54ea3ce1f280@group-432E83AF5B55, cid=2798, SUCCESS, logIndex=4163, commits[9bf35ae9-4da0-4371-87fa-54ea3ce1f280:c4165, 0cc34542-3a00-466e-ae84-194b84d3af7b:c4161, d451d94d-57a0-4545-b387-d428f64e3f33:c4161]
2019-07-09 16:26:12,296 INFO  client.GrpcClientProtocolClient (GrpcClientProtocolClient.java:onNext(255)) - client-0F1B900A64BD->9bf35ae9-4da0-4371-87fa-54ea3ce1f280: receive RaftClientReply:client-0F1B900A64BD->9bf35ae9-4da0-4371-87fa-54ea3ce1f280@group-432E83AF5B55, cid=2799, SUCCESS, logIndex=4164, commits[9bf35ae9-4da0-4371-87fa-54ea3ce1f280:c4165, 0cc34542-3a00-466e-ae84-194b84d3af7b:c4161, d451d94d-57a0-4545-b387-d428f64e3f33:c4161]
2019-07-09 16:26:12,296 INFO  client.GrpcClientProtocolClient (GrpcClientProtocolClient.java:onNext(255)) - client-0F1B900A64BD->9bf35ae9-4da0-4371-87fa-54ea3ce1f280: receive RaftClientReply:client-0F1B900A64BD->9bf35ae9-4da0-4371-87fa-54ea3ce1f280@group-432E83AF5B55, cid=2800, SUCCESS, logIndex=4165, commits[9bf35ae9-4da0-4371-87fa-54ea3ce1f280:c4165, 0cc34542-3a00-466e-ae84-194b84d3af7b:c4161, d451d94d-57a0-4545-b387-d428f64e3f33:c4161]
2019-07-09 16:26:12,307 INFO  client.GrpcClientProtocolClient (GrpcClientProtocolClient.java:onNext(255)) - client-0F1B900A64BD->9bf35ae9-4da0-4371-87fa-54ea3ce1f280: receive RaftClientReply:client-0F1B900A64BD->9bf35ae9-4da0-4371-87fa-54ea3ce1f280@group-432E83AF5B55, cid=2801, SUCCESS, logIndex=0, commits[9bf35ae9-4da0-4371-87fa-54ea3ce1f280:c4166, 0cc34542-3a00-466e-ae84-194b84d3af7b:c4163, d451d94d-57a0-4545-b387-d428f64e3f33:c4163]
2019-07-09 16:26:12,326 INFO  client.GrpcClientProtocolClient (GrpcClientProtocolClient.java:onNext(255)) - client-0F1B900A64BD->9bf35ae9-4da0-4371-87fa-54ea3ce1f280: receive RaftClientReply:client-0F1B900A64BD->9bf35ae9-4da0-4371-87fa-54ea3ce1f280@group-432E83AF5B55, cid=2802, SUCCESS, logIndex=4169, commits[9bf35ae9-4da0-4371-87fa-54ea3ce1f280:c4170, 0cc34542-3a00-466e-ae84-194b84d3af7b:c4168, d451d94d-57a0-4545-b387-d428f64e3f33:c4168]
2019-07-09 16:26:12,327 INFO  client.GrpcClientProtocolClient (GrpcClientProtocolClient.java:onNext(255)) - client-0F1B900A64BD->9bf35ae9-4da0-4371-87fa-54ea3ce1f280: receive RaftClientReply:client-0F1B900A64BD->9bf35ae9-4da0-4371-87fa-54ea3ce1f280@group-432E83AF5B55, cid=2803, SUCCESS, logIndex=4170, commits[9bf35ae9-4da0-4371-87fa-54ea3ce1f280:c4170, 0cc34542-3a00-466e-ae84-194b84d3af7b:c4168, d451d94d-57a0-4545-b387-d428f64e3f33:c4168]
2019-07-09 16:26:12,341 INFO  client.GrpcClientProtocolClient (GrpcClientProtocolClient.java:onNext(255)) - client-0F1B900A64BD->9bf35ae9-4da0-4371-87fa-54ea3ce1f280: receive RaftClientReply:client-0F1B900A64BD->9bf35ae9-4da0-4371-87fa-54ea3ce1f280@group-432E83AF5B55, cid=2804, SUCCESS, logIndex=4173, commits[9bf35ae9-4da0-4371-87fa-54ea3ce1f280:c4173, 0cc34542-3a00-466e-ae84-194b84d3af7b:c4170, d451d94d-57a0-4545-b387-d428f64e3f33:c4170]
2019-07-09 16:26:12,342 INFO  client.GrpcClientProtocolClient (GrpcClientProtocolClient.java:onNext(255)) - client-0F1B900A64BD->9bf35ae9-4da0-4371-87fa-54ea3ce1f280: receive RaftClientReply:client-0F1B900A64BD->9bf35ae9-4da0-4371-87fa-54ea3ce1f280@group-432E83AF5B55, cid=2805, SUCCESS, logIndex=4174, commits[9bf35ae9-4da0-4371-87fa-54ea3ce1f280:c4174, 0cc34542-3a00-466e-ae84-194b84d3af7b:c4170, d451d94d-57a0-4545-b387-d428f64e3f33:c4170]
2019-07-09 16:26:12,357 INFO  client.GrpcClientProtocolClient (GrpcClientProtocolClient.java:onNext(255)) - client-0F1B900A64BD->9bf35ae9-4da0-4371-87fa-54ea3ce1f280: receive RaftClientReply:client-0F1B900A64BD->9bf35ae9-4da0-4371-87fa-54ea3ce1f280@group-432E83AF5B55, cid=2806, SUCCESS, logIndex=0, commits[9bf35ae9-4da0-4371-87fa-54ea3ce1f280:c4176, 0cc34542-3a00-466e-ae84-194b84d3af7b:c4174, d451d94d-57a0-4545-b387-d428f64e3f33:c4174]
2019-07-09 16:26:12,391 INFO  client.GrpcClientProtocolClient (GrpcClientProtocolClient.java:onNext(255)) - client-0F1B900A64BD->9bf35ae9-4da0-4371-87fa-54ea3ce1f280: receive RaftClientReply:client-0F1B900A64BD->9bf35ae9-4da0-4371-87fa-54ea3ce1f280@group-432E83AF5B55, cid=2807, SUCCESS, logIndex=4177, commits[9bf35ae9-4da0-4371-87fa-54ea3ce1f280:c4178, 0cc34542-3a00-466e-ae84-194b84d3af7b:c4176, d451d94d-57a0-4545-b387-d428f64e3f33:c4176]
2019-07-09 16:26:12,392 INFO  client.GrpcClientProtocolClient (GrpcClientProtocolClient.java:onNext(255)) - client-0F1B900A64BD->9bf35ae9-4da0-4371-87fa-54ea3ce1f280: receive RaftClientReply:client-0F1B900A64BD->9bf35ae9-4da0-4371-87fa-54ea3ce1f280@group-432E83AF5B55, cid=2808, SUCCESS, logIndex=4178, commits[9bf35ae9-4da0-4371-87fa-54ea3ce1f280:c4180, 0cc34542-3a00-466e-ae84-194b84d3af7b:c4176, d451d94d-57a0-4545-b387-d428f64e3f33:c4176]
2019-07-09 16:26:12,392 INFO  client.GrpcClientProtocolClient (GrpcClientProtocolClient.java:onNext(255)) - client-0F1B900A64BD->9bf35ae9-4da0-4371-87fa-54ea3ce1f280: receive RaftClientReply:client-0F1B900A64BD->9bf35ae9-4da0-4371-87fa-54ea3ce1f280@group-432E83AF5B55, cid=2809, SUCCESS, logIndex=4179, commits[9bf35ae9-4da0-4371-87fa-54ea3ce1f280:c4180, 0cc34542-3a00-466e-ae84-194b84d3af7b:c4176, d451d94d-57a0-4545-b387-d428f64e3f33:c4176]
2019-07-09 16:26:12,392 INFO  client.GrpcClientProtocolClient (GrpcClientProtocolClient.java:onNext(255)) - client-0F1B900A64BD->9bf35ae9-4da0-4371-87fa-54ea3ce1f280: receive RaftClientReply:client-0F1B900A64BD->9bf35ae9-4da0-4371-87fa-54ea3ce1f280@group-432E83AF5B55, cid=2810, SUCCESS, logIndex=4180, commits[9bf35ae9-4da0-4371-87fa-54ea3ce1f280:c4180, 0cc34542-3a00-466e-ae84-194b84d3af7b:c4176, d451d94d-57a0-4545-b387-d428f64e3f33:c4176]
2019-07-09 16:26:12,402 INFO  client.GrpcClientProtocolClient (GrpcClientProtocolClient.java:onNext(255)) - client-0F1B900A64BD->9bf35ae9-4da0-4371-87fa-54ea3ce1f280: receive RaftClientReply:client-0F1B900A64BD->9bf35ae9-4da0-4371-87fa-54ea3ce1f280@group-432E83AF5B55, cid=2811, SUCCESS, logIndex=0, commits[9bf35ae9-4da0-4371-87fa-54ea3ce1f280:c4182, 0cc34542-3a00-466e-ae84-194b84d3af7b:c4178, d451d94d-57a0-4545-b387-d428f64e3f33:c4178]
2019-07-09 16:26:12,423 INFO  client.GrpcClientProtocolClient (GrpcClientProtocolClient.java:onNext(255)) - client-0F1B900A64BD->9bf35ae9-4da0-4371-87fa-54ea3ce1f280: receive RaftClientReply:client-0F1B900A64BD->9bf35ae9-4da0-4371-87fa-54ea3ce1f280@group-432E83AF5B55, cid=2812, SUCCESS, logIndex=4184, commits[9bf35ae9-4da0-4371-87fa-54ea3ce1f280:c4185, 0cc34542-3a00-466e-ae84-194b84d3af7b:c4183, d451d94d-57a0-4545-b387-d428f64e3f33:c4183]
2019-07-09 16:26:12,423 INFO  client.GrpcClientProtocolClient (GrpcClientProtocolClient.java:onNext(255)) - client-0F1B900A64BD->9bf35ae9-4da0-4371-87fa-54ea3ce1f280: receive RaftClientReply:client-0F1B900A64BD->9bf35ae9-4da0-4371-87fa-54ea3ce1f280@group-432E83AF5B55, cid=2813, SUCCESS, logIndex=4185, commits[9bf35ae9-4da0-4371-87fa-54ea3ce1f280:c4185, 0cc34542-3a00-466e-ae84-194b84d3af7b:c4183, d451d94d-57a0-4545-b387-d428f64e3f33:c4183]
2019-07-09 16:26:12,438 INFO  client.GrpcClientProtocolClient (GrpcClientProtocolClient.java:onNext(255)) - client-0F1B900A64BD->9bf35ae9-4da0-4371-87fa-54ea3ce1f280: receive RaftClientReply:client-0F1B900A64BD->9bf35ae9-4da0-4371-87fa-54ea3ce1f280@group-432E83AF5B55, cid=2814, SUCCESS, logIndex=4188, commits[9bf35ae9-4da0-4371-87fa-54ea3ce1f280:c4189, 0cc34542-3a00-466e-ae84-194b84d3af7b:c4185, d451d94d-57a0-4545-b387-d428f64e3f33:c4185]
2019-07-09 16:26:12,438 INFO  client.GrpcClientProtocolClient (GrpcClientProtocolClient.java:onNext(255)) - client-0F1B900A64BD->9bf35ae9-4da0-4371-87fa-54ea3ce1f280: receive RaftClientReply:client-0F1B900A64BD->9bf35ae9-4da0-4371-87fa-54ea3ce1f280@group-432E83AF5B55, cid=2815, SUCCESS, logIndex=4189, commits[9bf35ae9-4da0-4371-87fa-54ea3ce1f280:c4189, 0cc34542-3a00-466e-ae84-194b84d3af7b:c4185, d451d94d-57a0-4545-b387-d428f64e3f33:c4185]
2019-07-09 16:26:12,452 INFO  client.GrpcClientProtocolClient (GrpcClientProtocolClient.java:onNext(255)) - client-0F1B900A64BD->9bf35ae9-4da0-4371-87fa-54ea3ce1f280: receive RaftClientReply:client-0F1B900A64BD->9bf35ae9-4da0-4371-87fa-54ea3ce1f280@group-432E83AF5B55, cid=2816, SUCCESS, logIndex=0, commits[9bf35ae9-4da0-4371-87fa-54ea3ce1f280:c4190, 0cc34542-3a00-466e-ae84-194b84d3af7b:c4189, d451d94d-57a0-4545-b387-d428f64e3f33:c4189]
2019-07-09 16:26:12,485 INFO  client.GrpcClientProtocolClient (GrpcClientProtocolClient.java:onNext(255)) - client-0F1B900A64BD->9bf35ae9-4da0-4371-87fa-54ea3ce1f280: receive RaftClientReply:client-0F1B900A64BD->9bf35ae9-4da0-4371-87fa-54ea3ce1f280@group-432E83AF5B55, cid=2817, SUCCESS, logIndex=4192, commits[9bf35ae9-4da0-4371-87fa-54ea3ce1f280:c4193, 0cc34542-3a00-466e-ae84-194b84d3af7b:c4191, d451d94d-57a0-4545-b387-d428f64e3f33:c4191]
2019-07-09 16:26:12,486 INFO  client.GrpcClientProtocolClient (GrpcClientProtocolClient.java:onNext(255)) - client-0F1B900A64BD->9bf35ae9-4da0-4371-87fa-54ea3ce1f280: receive RaftClientReply:client-0F1B900A64BD->9bf35ae9-4da0-4371-87fa-54ea3ce1f280@group-432E83AF5B55, cid=2818, SUCCESS, logIndex=4193, commits[9bf35ae9-4da0-4371-87fa-54ea3ce1f280:c4194, 0cc34542-3a00-466e-ae84-194b84d3af7b:c4191, d451d94d-57a0-4545-b387-d428f64e3f33:c4191]
2019-07-09 16:26:12,486 INFO  client.GrpcClientProtocolClient (GrpcClientProtocolClient.java:onNext(255)) - client-0F1B900A64BD->9bf35ae9-4da0-4371-87fa-54ea3ce1f280: receive RaftClientReply:client-0F1B900A64BD->9bf35ae9-4da0-4371-87fa-54ea3ce1f280@group-432E83AF5B55, cid=2819, SUCCESS, logIndex=4194, commits[9bf35ae9-4da0-4371-87fa-54ea3ce1f280:c4195, 0cc34542-3a00-466e-ae84-194b84d3af7b:c4191, d451d94d-57a0-4545-b387-d428f64e3f33:c4191]
2019-07-09 16:26:12,486 INFO  client.GrpcClientProtocolClient (GrpcClientProtocolClient.java:onNext(255)) - client-0F1B900A64BD->9bf35ae9-4da0-4371-87fa-54ea3ce1f280: receive RaftClientReply:client-0F1B900A64BD->9bf35ae9-4da0-4371-87fa-54ea3ce1f280@group-432E83AF5B55, cid=2820, SUCCESS, logIndex=4195, commits[9bf35ae9-4da0-4371-87fa-54ea3ce1f280:c4195, 0cc34542-3a00-466e-ae84-194b84d3af7b:c4191, d451d94d-57a0-4545-b387-d428f64e3f33:c4191]
2019-07-09 16:26:12,489 INFO  client.GrpcClientProtocolClient (GrpcClientProtocolClient.java:onNext(255)) - client-0F1B900A64BD->9bf35ae9-4da0-4371-87fa-54ea3ce1f280: receive RaftClientReply:client-0F1B900A64BD->9bf35ae9-4da0-4371-87fa-54ea3ce1f280@group-432E83AF5B55, cid=2821, SUCCESS, logIndex=0, commits[9bf35ae9-4da0-4371-87fa-54ea3ce1f280:c4196, 0cc34542-3a00-466e-ae84-194b84d3af7b:c4193, d451d94d-57a0-4545-b387-d428f64e3f33:c4193]
2019-07-09 16:26:12,502 INFO  client.GrpcClientProtocolClient (GrpcClientProtocolClient.java:onNext(255)) - client-0F1B900A64BD->9bf35ae9-4da0-4371-87fa-54ea3ce1f280: receive RaftClientReply:client-0F1B900A64BD->9bf35ae9-4da0-4371-87fa-54ea3ce1f280@group-432E83AF5B55, cid=2822, SUCCESS, logIndex=4200, commits[9bf35ae9-4da0-4371-87fa-54ea3ce1f280:c4201, 0cc34542-3a00-466e-ae84-194b84d3af7b:c4195, d451d94d-57a0-4545-b387-d428f64e3f33:c4199]
2019-07-09 16:26:12,502 INFO  client.GrpcClientProtocolClient (GrpcClientProtocolClient.java:onNext(255)) - client-0F1B900A64BD->9bf35ae9-4da0-4371-87fa-54ea3ce1f280: receive RaftClientReply:client-0F1B900A64BD->9bf35ae9-4da0-4371-87fa-54ea3ce1f280@group-432E83AF5B55, cid=2823, SUCCESS, logIndex=4201, commits[9bf35ae9-4da0-4371-87fa-54ea3ce1f280:c4201, 0cc34542-3a00-466e-ae84-194b84d3af7b:c4199, d451d94d-57a0-4545-b387-d428f64e3f33:c4199]
2019-07-09 16:26:12,513 INFO  client.GrpcClientProtocolClient (GrpcClientProtocolClient.java:onNext(255)) - client-0F1B900A64BD->9bf35ae9-4da0-4371-87fa-54ea3ce1f280: receive RaftClientReply:client-0F1B900A64BD->9bf35ae9-4da0-4371-87fa-54ea3ce1f280@group-432E83AF5B55, cid=2824, SUCCESS, logIndex=4204, commits[9bf35ae9-4da0-4371-87fa-54ea3ce1f280:c4205, 0cc34542-3a00-466e-ae84-194b84d3af7b:c4201, d451d94d-57a0-4545-b387-d428f64e3f33:c4203]
2019-07-09 16:26:12,513 INFO  client.GrpcClientProtocolClient (GrpcClientProtocolClient.java:onNext(255)) - client-0F1B900A64BD->9bf35ae9-4da0-4371-87fa-54ea3ce1f280: receive RaftClientReply:client-0F1B900A64BD->9bf35ae9-4da0-4371-87fa-54ea3ce1f280@group-432E83AF5B55, cid=2825, SUCCESS, logIndex=4205, commits[9bf35ae9-4da0-4371-87fa-54ea3ce1f280:c4205, 0cc34542-3a00-466e-ae84-194b84d3af7b:c4203, d451d94d-57a0-4545-b387-d428f64e3f33:c4203]
2019-07-09 16:26:12,515 INFO  client.GrpcClientProtocolClient (GrpcClientProtocolClient.java:onNext(255)) - client-0F1B900A64BD->9bf35ae9-4da0-4371-87fa-54ea3ce1f280: receive RaftClientReply:client-0F1B900A64BD->9bf35ae9-4da0-4371-87fa-54ea3ce1f280@group-432E83AF5B55, cid=2826, SUCCESS, logIndex=0, commits[9bf35ae9-4da0-4371-87fa-54ea3ce1f280:c4206, 0cc34542-3a00-466e-ae84-194b84d3af7b:c4205, d451d94d-57a0-4545-b387-d428f64e3f33:c4205]
2019-07-09 16:26:12,543 INFO  client.GrpcClientProtocolClient (GrpcClientProtocolClient.java:onNext(255)) - client-0F1B900A64BD->9bf35ae9-4da0-4371-87fa-54ea3ce1f280: receive RaftClientReply:client-0F1B900A64BD->9bf35ae9-4da0-4371-87fa-54ea3ce1f280@group-432E83AF5B55, cid=2827, SUCCESS, logIndex=4208, commits[9bf35ae9-4da0-4371-87fa-54ea3ce1f280:c4211, 0cc34542-3a00-466e-ae84-194b84d3af7b:c4207, d451d94d-57a0-4545-b387-d428f64e3f33:c4207]
2019-07-09 16:26:12,543 INFO  client.GrpcClientProtocolClient (GrpcClientProtocolClient.java:onNext(255)) - client-0F1B900A64BD->9bf35ae9-4da0-4371-87fa-54ea3ce1f280: receive RaftClientReply:client-0F1B900A64BD->9bf35ae9-4da0-4371-87fa-54ea3ce1f280@group-432E83AF5B55, cid=2828, SUCCESS, logIndex=4209, commits[9bf35ae9-4da0-4371-87fa-54ea3ce1f280:c4211, 0cc34542-3a00-466e-ae84-194b84d3af7b:c4207, d451d94d-57a0-4545-b387-d428f64e3f33:c4207]
2019-07-09 16:26:12,544 INFO  client.GrpcClientProtocolClient (GrpcClientProtocolClient.java:onNext(255)) - client-0F1B900A64BD->9bf35ae9-4da0-4371-87fa-54ea3ce1f280: receive RaftClientReply:client-0F1B900A64BD->9bf35ae9-4da0-4371-87fa-54ea3ce1f280@group-432E83AF5B55, cid=2829, SUCCESS, logIndex=4210, commits[9bf35ae9-4da0-4371-87fa-54ea3ce1f280:c4211, 0cc34542-3a00-466e-ae84-194b84d3af7b:c4207, d451d94d-57a0-4545-b387-d428f64e3f33:c4207]
2019-07-09 16:26:12,544 INFO  client.GrpcClientProtocolClient (GrpcClientProtocolClient.java:onNext(255)) - client-0F1B900A64BD->9bf35ae9-4da0-4371-87fa-54ea3ce1f280: receive RaftClientReply:client-0F1B900A64BD->9bf35ae9-4da0-4371-87fa-54ea3ce1f280@group-432E83AF5B55, cid=2830, SUCCESS, logIndex=4211, commits[9bf35ae9-4da0-4371-87fa-54ea3ce1f280:c4211, 0cc34542-3a00-466e-ae84-194b84d3af7b:c4207, d451d94d-57a0-4545-b387-d428f64e3f33:c4207]
2019-07-09 16:26:12,548 INFO  client.GrpcClientProtocolClient (GrpcClientProtocolClient.java:onNext(255)) - client-0F1B900A64BD->9bf35ae9-4da0-4371-87fa-54ea3ce1f280: receive RaftClientReply:client-0F1B900A64BD->9bf35ae9-4da0-4371-87fa-54ea3ce1f280@group-432E83AF5B55, cid=2831, SUCCESS, logIndex=0, commits[9bf35ae9-4da0-4371-87fa-54ea3ce1f280:c4211, 0cc34542-3a00-466e-ae84-194b84d3af7b:c4210, d451d94d-57a0-4545-b387-d428f64e3f33:c4210]
2019-07-09 16:26:12,568 INFO  client.GrpcClientProtocolClient (GrpcClientProtocolClient.java:onNext(255)) - client-0F1B900A64BD->9bf35ae9-4da0-4371-87fa-54ea3ce1f280: receive RaftClientReply:client-0F1B900A64BD->9bf35ae9-4da0-4371-87fa-54ea3ce1f280@group-432E83AF5B55, cid=2832, SUCCESS, logIndex=4215, commits[9bf35ae9-4da0-4371-87fa-54ea3ce1f280:c4216, 0cc34542-3a00-466e-ae84-194b84d3af7b:c4212, d451d94d-57a0-4545-b387-d428f64e3f33:c4212]
2019-07-09 16:26:12,568 INFO  client.GrpcClientProtocolClient (GrpcClientProtocolClient.java:onNext(255)) - client-0F1B900A64BD->9bf35ae9-4da0-4371-87fa-54ea3ce1f280: receive RaftClientReply:client-0F1B900A64BD->9bf35ae9-4da0-4371-87fa-54ea3ce1f280@group-432E83AF5B55, cid=2833, SUCCESS, logIndex=4216, commits[9bf35ae9-4da0-4371-87fa-54ea3ce1f280:c4216, 0cc34542-3a00-466e-ae84-194b84d3af7b:c4212, d451d94d-57a0-4545-b387-d428f64e3f33:c4212]
2019-07-09 16:26:12,583 INFO  client.GrpcClientProtocolClient (GrpcClientProtocolClient.java:onNext(255)) - client-0F1B900A64BD->9bf35ae9-4da0-4371-87fa-54ea3ce1f280: receive RaftClientReply:client-0F1B900A64BD->9bf35ae9-4da0-4371-87fa-54ea3ce1f280@group-432E83AF5B55, cid=2834, SUCCESS, logIndex=4219, commits[9bf35ae9-4da0-4371-87fa-54ea3ce1f280:c4220, 0cc34542-3a00-466e-ae84-194b84d3af7b:c4216, d451d94d-57a0-4545-b387-d428f64e3f33:c4216]
2019-07-09 16:26:12,584 INFO  client.GrpcClientProtocolClient (GrpcClientProtocolClient.java:onNext(255)) - client-0F1B900A64BD->9bf35ae9-4da0-4371-87fa-54ea3ce1f280: receive RaftClientReply:client-0F1B900A64BD->9bf35ae9-4da0-4371-87fa-54ea3ce1f280@group-432E83AF5B55, cid=2835, SUCCESS, logIndex=4220, commits[9bf35ae9-4da0-4371-87fa-54ea3ce1f280:c4220, 0cc34542-3a00-466e-ae84-194b84d3af7b:c4216, d451d94d-57a0-4545-b387-d428f64e3f33:c4216]
2019-07-09 16:26:12,595 INFO  client.GrpcClientProtocolClient (GrpcClientProtocolClient.java:onNext(255)) - client-0F1B900A64BD->9bf35ae9-4da0-4371-87fa-54ea3ce1f280: receive RaftClientReply:client-0F1B900A64BD->9bf35ae9-4da0-4371-87fa-54ea3ce1f280@group-432E83AF5B55, cid=2836, SUCCESS, logIndex=0, commits[9bf35ae9-4da0-4371-87fa-54ea3ce1f280:c4221, 0cc34542-3a00-466e-ae84-194b84d3af7b:c4220, d451d94d-57a0-4545-b387-d428f64e3f33:c4220]
2019-07-09 16:26:12,629 INFO  client.GrpcClientProtocolClient (GrpcClientProtocolClient.java:onNext(255)) - client-0F1B900A64BD->9bf35ae9-4da0-4371-87fa-54ea3ce1f280: receive RaftClientReply:client-0F1B900A64BD->9bf35ae9-4da0-4371-87fa-54ea3ce1f280@group-432E83AF5B55, cid=2837, SUCCESS, logIndex=4223, commits[9bf35ae9-4da0-4371-87fa-54ea3ce1f280:c4224, 0cc34542-3a00-466e-ae84-194b84d3af7b:c4222, d451d94d-57a0-4545-b387-d428f64e3f33:c4222]
2019-07-09 16:26:12,630 INFO  client.GrpcClientProtocolClient (GrpcClientProtocolClient.java:onNext(255)) - client-0F1B900A64BD->9bf35ae9-4da0-4371-87fa-54ea3ce1f280: receive RaftClientReply:client-0F1B900A64BD->9bf35ae9-4da0-4371-87fa-54ea3ce1f280@group-432E83AF5B55, cid=2838, SUCCESS, logIndex=4224, commits[9bf35ae9-4da0-4371-87fa-54ea3ce1f280:c4226, 0cc34542-3a00-466e-ae84-194b84d3af7b:c4222, d451d94d-57a0-4545-b387-d428f64e3f33:c4222]
2019-07-09 16:26:12,630 INFO  client.GrpcClientProtocolClient (GrpcClientProtocolClient.java:onNext(255)) - client-0F1B900A64BD->9bf35ae9-4da0-4371-87fa-54ea3ce1f280: receive RaftClientReply:client-0F1B900A64BD->9bf35ae9-4da0-4371-87fa-54ea3ce1f280@group-432E83AF5B55, cid=2839, SUCCESS, logIndex=4225, commits[9bf35ae9-4da0-4371-87fa-54ea3ce1f280:c4226, 0cc34542-3a00-466e-ae84-194b84d3af7b:c4222, d451d94d-57a0-4545-b387-d428f64e3f33:c4222]
2019-07-09 16:26:12,630 INFO  client.GrpcClientProtocolClient (GrpcClientProtocolClient.java:onNext(255)) - client-0F1B900A64BD->9bf35ae9-4da0-4371-87fa-54ea3ce1f280: receive RaftClientReply:client-0F1B900A64BD->9bf35ae9-4da0-4371-87fa-54ea3ce1f280@group-432E83AF5B55, cid=2840, SUCCESS, logIndex=4226, commits[9bf35ae9-4da0-4371-87fa-54ea3ce1f280:c4226, 0cc34542-3a00-466e-ae84-194b84d3af7b:c4222, d451d94d-57a0-4545-b387-d428f64e3f33:c4222]
2019-07-09 16:26:12,641 INFO  client.GrpcClientProtocolClient (GrpcClientProtocolClient.java:onNext(255)) - client-0F1B900A64BD->9bf35ae9-4da0-4371-87fa-54ea3ce1f280: receive RaftClientReply:client-0F1B900A64BD->9bf35ae9-4da0-4371-87fa-54ea3ce1f280@group-432E83AF5B55, cid=2841, SUCCESS, logIndex=0, commits[9bf35ae9-4da0-4371-87fa-54ea3ce1f280:c4226, 0cc34542-3a00-466e-ae84-194b84d3af7b:c4224, d451d94d-57a0-4545-b387-d428f64e3f33:c4224]
2019-07-09 16:26:12,660 INFO  client.GrpcClientProtocolClient (GrpcClientProtocolClient.java:onNext(255)) - client-0F1B900A64BD->9bf35ae9-4da0-4371-87fa-54ea3ce1f280: receive RaftClientReply:client-0F1B900A64BD->9bf35ae9-4da0-4371-87fa-54ea3ce1f280@group-432E83AF5B55, cid=2842, SUCCESS, logIndex=4231, commits[9bf35ae9-4da0-4371-87fa-54ea3ce1f280:c4232, 0cc34542-3a00-466e-ae84-194b84d3af7b:c4230, d451d94d-57a0-4545-b387-d428f64e3f33:c4230]
2019-07-09 16:26:12,661 INFO  client.GrpcClientProtocolClient (GrpcClientProtocolClient.java:onNext(255)) - client-0F1B900A64BD->9bf35ae9-4da0-4371-87fa-54ea3ce1f280: receive RaftClientReply:client-0F1B900A64BD->9bf35ae9-4da0-4371-87fa-54ea3ce1f280@group-432E83AF5B55, cid=2843, SUCCESS, logIndex=4232, commits[9bf35ae9-4da0-4371-87fa-54ea3ce1f280:c4232, 0cc34542-3a00-466e-ae84-194b84d3af7b:c4230, d451d94d-57a0-4545-b387-d428f64e3f33:c4230]
2019-07-09 16:26:12,790 INFO  client.GrpcClientProtocolClient (GrpcClientProtocolClient.java:onNext(255)) - client-0F1B900A64BD->9bf35ae9-4da0-4371-87fa-54ea3ce1f280: receive RaftClientReply:client-0F1B900A64BD->9bf35ae9-4da0-4371-87fa-54ea3ce1f280@group-432E83AF5B55, cid=2844, SUCCESS, logIndex=4235, commits[9bf35ae9-4da0-4371-87fa-54ea3ce1f280:c4236, 0cc34542-3a00-466e-ae84-194b84d3af7b:c4233, d451d94d-57a0-4545-b387-d428f64e3f33:c4233]
2019-07-09 16:26:12,791 INFO  client.GrpcClientProtocolClient (GrpcClientProtocolClient.java:onNext(255)) - client-0F1B900A64BD->9bf35ae9-4da0-4371-87fa-54ea3ce1f280: receive RaftClientReply:client-0F1B900A64BD->9bf35ae9-4da0-4371-87fa-54ea3ce1f280@group-432E83AF5B55, cid=2845, SUCCESS, logIndex=4236, commits[9bf35ae9-4da0-4371-87fa-54ea3ce1f280:c4236, 0cc34542-3a00-466e-ae84-194b84d3af7b:c4233, d451d94d-57a0-4545-b387-d428f64e3f33:c4233]
2019-07-09 16:26:12,805 INFO  client.GrpcClientProtocolClient (GrpcClientProtocolClient.java:onNext(255)) - client-0F1B900A64BD->9bf35ae9-4da0-4371-87fa-54ea3ce1f280: receive RaftClientReply:client-0F1B900A64BD->9bf35ae9-4da0-4371-87fa-54ea3ce1f280@group-432E83AF5B55, cid=2846, SUCCESS, logIndex=0, commits[9bf35ae9-4da0-4371-87fa-54ea3ce1f280:c4238, 0cc34542-3a00-466e-ae84-194b84d3af7b:c4236, d451d94d-57a0-4545-b387-d428f64e3f33:c4236]
2019-07-09 16:26:12,837 INFO  client.GrpcClientProtocolClient (GrpcClientProtocolClient.java:onNext(255)) - client-0F1B900A64BD->9bf35ae9-4da0-4371-87fa-54ea3ce1f280: receive RaftClientReply:client-0F1B900A64BD->9bf35ae9-4da0-4371-87fa-54ea3ce1f280@group-432E83AF5B55, cid=2847, SUCCESS, logIndex=4239, commits[9bf35ae9-4da0-4371-87fa-54ea3ce1f280:c4241, 0cc34542-3a00-466e-ae84-194b84d3af7b:c4238, d451d94d-57a0-4545-b387-d428f64e3f33:c4238]
2019-07-09 16:26:12,837 INFO  client.GrpcClientProtocolClient (GrpcClientProtocolClient.java:onNext(255)) - client-0F1B900A64BD->9bf35ae9-4da0-4371-87fa-54ea3ce1f280: receive RaftClientReply:client-0F1B900A64BD->9bf35ae9-4da0-4371-87fa-54ea3ce1f280@group-432E83AF5B55, cid=2848, SUCCESS, logIndex=4240, commits[9bf35ae9-4da0-4371-87fa-54ea3ce1f280:c4242, 0cc34542-3a00-466e-ae84-194b84d3af7b:c4238, d451d94d-57a0-4545-b387-d428f64e3f33:c4238]
2019-07-09 16:26:12,838 INFO  client.GrpcClientProtocolClient (GrpcClientProtocolClient.java:onNext(255)) - client-0F1B900A64BD->9bf35ae9-4da0-4371-87fa-54ea3ce1f280: receive RaftClientReply:client-0F1B900A64BD->9bf35ae9-4da0-4371-87fa-54ea3ce1f280@group-432E83AF5B55, cid=2849, SUCCESS, logIndex=4241, commits[9bf35ae9-4da0-4371-87fa-54ea3ce1f280:c4242, 0cc34542-3a00-466e-ae84-194b84d3af7b:c4238, d451d94d-57a0-4545-b387-d428f64e3f33:c4238]
2019-07-09 16:26:12,838 INFO  client.GrpcClientProtocolClient (GrpcClientProtocolClient.java:onNext(255)) - client-0F1B900A64BD->9bf35ae9-4da0-4371-87fa-54ea3ce1f280: receive RaftClientReply:client-0F1B900A64BD->9bf35ae9-4da0-4371-87fa-54ea3ce1f280@group-432E83AF5B55, cid=2850, SUCCESS, logIndex=4242, commits[9bf35ae9-4da0-4371-87fa-54ea3ce1f280:c4242, 0cc34542-3a00-466e-ae84-194b84d3af7b:c4238, d451d94d-57a0-4545-b387-d428f64e3f33:c4238]
2019-07-09 16:26:12,853 INFO  client.GrpcClientProtocolClient (GrpcClientProtocolClient.java:onNext(255)) - client-0F1B900A64BD->9bf35ae9-4da0-4371-87fa-54ea3ce1f280: receive RaftClientReply:client-0F1B900A64BD->9bf35ae9-4da0-4371-87fa-54ea3ce1f280@group-432E83AF5B55, cid=2851, SUCCESS, logIndex=0, commits[9bf35ae9-4da0-4371-87fa-54ea3ce1f280:c4243, 0cc34542-3a00-466e-ae84-194b84d3af7b:c4240, d451d94d-57a0-4545-b387-d428f64e3f33:c4240]
2019-07-09 16:26:12,879 INFO  client.GrpcClientProtocolClient (GrpcClientProtocolClient.java:onNext(255)) - client-0F1B900A64BD->9bf35ae9-4da0-4371-87fa-54ea3ce1f280: receive RaftClientReply:client-0F1B900A64BD->9bf35ae9-4da0-4371-87fa-54ea3ce1f280@group-432E83AF5B55, cid=2852, SUCCESS, logIndex=4247, commits[9bf35ae9-4da0-4371-87fa-54ea3ce1f280:c4248, 0cc34542-3a00-466e-ae84-194b84d3af7b:c4246, d451d94d-57a0-4545-b387-d428f64e3f33:c4246]
2019-07-09 16:26:12,879 INFO  client.GrpcClientProtocolClient (GrpcClientProtocolClient.java:onNext(255)) - client-0F1B900A64BD->9bf35ae9-4da0-4371-87fa-54ea3ce1f280: receive RaftClientReply:client-0F1B900A64BD->9bf35ae9-4da0-4371-87fa-54ea3ce1f280@group-432E83AF5B55, cid=2853, SUCCESS, logIndex=4248, commits[9bf35ae9-4da0-4371-87fa-54ea3ce1f280:c4248, 0cc34542-3a00-466e-ae84-194b84d3af7b:c4246, d451d94d-57a0-4545-b387-d428f64e3f33:c4246]
2019-07-09 16:26:12,893 INFO  client.GrpcClientProtocolClient (GrpcClientProtocolClient.java:onNext(255)) - client-0F1B900A64BD->9bf35ae9-4da0-4371-87fa-54ea3ce1f280: receive RaftClientReply:client-0F1B900A64BD->9bf35ae9-4da0-4371-87fa-54ea3ce1f280@group-432E83AF5B55, cid=2854, SUCCESS, logIndex=4251, commits[9bf35ae9-4da0-4371-87fa-54ea3ce1f280:c4251, 0cc34542-3a00-466e-ae84-194b84d3af7b:c4248, d451d94d-57a0-4545-b387-d428f64e3f33:c4248]
2019-07-09 16:26:12,894 INFO  client.GrpcClientProtocolClient (GrpcClientProtocolClient.java:onNext(255)) - client-0F1B900A64BD->9bf35ae9-4da0-4371-87fa-54ea3ce1f280: receive RaftClientReply:client-0F1B900A64BD->9bf35ae9-4da0-4371-87fa-54ea3ce1f280@group-432E83AF5B55, cid=2855, SUCCESS, logIndex=4252, commits[9bf35ae9-4da0-4371-87fa-54ea3ce1f280:c4252, 0cc34542-3a00-466e-ae84-194b84d3af7b:c4248, d451d94d-57a0-4545-b387-d428f64e3f33:c4248]
 0.00% |█                                                                                                    |  0/1 Time: 0:00:242019-07-09 16:26:12,908 INFO  client.GrpcClientProtocolClient (GrpcClientProtocolClient.java:onNext(255)) - client-0F1B900A64BD->9bf35ae9-4da0-4371-87fa-54ea3ce1f280: receive RaftClientReply:client-0F1B900A64BD->9bf35ae9-4da0-4371-87fa-54ea3ce1f280@group-432E83AF5B55, cid=2856, SUCCESS, logIndex=0, commits[9bf35ae9-4da0-4371-87fa-54ea3ce1f280:c4254, 0cc34542-3a00-466e-ae84-194b84d3af7b:c4252, d451d94d-57a0-4545-b387-d428f64e3f33:c4252]
2019-07-09 16:26:12,951 INFO  client.GrpcClientProtocolClient (GrpcClientProtocolClient.java:onNext(255)) - client-0F1B900A64BD->9bf35ae9-4da0-4371-87fa-54ea3ce1f280: receive RaftClientReply:client-0F1B900A64BD->9bf35ae9-4da0-4371-87fa-54ea3ce1f280@group-432E83AF5B55, cid=2857, SUCCESS, logIndex=4255, commits[9bf35ae9-4da0-4371-87fa-54ea3ce1f280:c4256, 0cc34542-3a00-466e-ae84-194b84d3af7b:c4254, d451d94d-57a0-4545-b387-d428f64e3f33:c4252]
2019-07-09 16:26:12,952 INFO  client.GrpcClientProtocolClient (GrpcClientProtocolClient.java:onNext(255)) - client-0F1B900A64BD->9bf35ae9-4da0-4371-87fa-54ea3ce1f280: receive RaftClientReply:client-0F1B900A64BD->9bf35ae9-4da0-4371-87fa-54ea3ce1f280@group-432E83AF5B55, cid=2858, SUCCESS, logIndex=4256, commits[9bf35ae9-4da0-4371-87fa-54ea3ce1f280:c4256, 0cc34542-3a00-466e-ae84-194b84d3af7b:c4254, d451d94d-57a0-4545-b387-d428f64e3f33:c4252]
2019-07-09 16:26:12,953 INFO  client.GrpcClientProtocolClient (GrpcClientProtocolClient.java:onNext(255)) - client-0F1B900A64BD->9bf35ae9-4da0-4371-87fa-54ea3ce1f280: receive RaftClientReply:client-0F1B900A64BD->9bf35ae9-4da0-4371-87fa-54ea3ce1f280@group-432E83AF5B55, cid=2859, SUCCESS, logIndex=4257, commits[9bf35ae9-4da0-4371-87fa-54ea3ce1f280:c4258, 0cc34542-3a00-466e-ae84-194b84d3af7b:c4254, d451d94d-57a0-4545-b387-d428f64e3f33:c4254]
2019-07-09 16:26:12,954 INFO  client.GrpcClientProtocolClient (GrpcClientProtocolClient.java:onNext(255)) - client-0F1B900A64BD->9bf35ae9-4da0-4371-87fa-54ea3ce1f280: receive RaftClientReply:client-0F1B900A64BD->9bf35ae9-4da0-4371-87fa-54ea3ce1f280@group-432E83AF5B55, cid=2860, SUCCESS, logIndex=4258, commits[9bf35ae9-4da0-4371-87fa-54ea3ce1f280:c4258, 0cc34542-3a00-466e-ae84-194b84d3af7b:c4254, d451d94d-57a0-4545-b387-d428f64e3f33:c4254]
2019-07-09 16:26:12,956 INFO  client.GrpcClientProtocolClient (GrpcClientProtocolClient.java:onNext(255)) - client-0F1B900A64BD->9bf35ae9-4da0-4371-87fa-54ea3ce1f280: receive RaftClientReply:client-0F1B900A64BD->9bf35ae9-4da0-4371-87fa-54ea3ce1f280@group-432E83AF5B55, cid=2861, SUCCESS, logIndex=0, commits[9bf35ae9-4da0-4371-87fa-54ea3ce1f280:c4260, 0cc34542-3a00-466e-ae84-194b84d3af7b:c4256, d451d94d-57a0-4545-b387-d428f64e3f33:c4256]
2019-07-09 16:26:12,980 INFO  client.GrpcClientProtocolClient (GrpcClientProtocolClient.java:onNext(255)) - client-0F1B900A64BD->9bf35ae9-4da0-4371-87fa-54ea3ce1f280: receive RaftClientReply:client-0F1B900A64BD->9bf35ae9-4da0-4371-87fa-54ea3ce1f280@group-432E83AF5B55, cid=2862, SUCCESS, logIndex=4263, commits[9bf35ae9-4da0-4371-87fa-54ea3ce1f280:c4264, 0cc34542-3a00-466e-ae84-194b84d3af7b:c4260, d451d94d-57a0-4545-b387-d428f64e3f33:c4258]
2019-07-09 16:26:12,981 INFO  client.GrpcClientProtocolClient (GrpcClientProtocolClient.java:onNext(255)) - client-0F1B900A64BD->9bf35ae9-4da0-4371-87fa-54ea3ce1f280: receive RaftClientReply:client-0F1B900A64BD->9bf35ae9-4da0-4371-87fa-54ea3ce1f280@group-432E83AF5B55, cid=2863, SUCCESS, logIndex=4264, commits[9bf35ae9-4da0-4371-87fa-54ea3ce1f280:c4264, 0cc34542-3a00-466e-ae84-194b84d3af7b:c4260, d451d94d-57a0-4545-b387-d428f64e3f33:c4260]
2019-07-09 16:26:13,008 INFO  client.GrpcClientProtocolClient (GrpcClientProtocolClient.java:onNext(255)) - client-0F1B900A64BD->9bf35ae9-4da0-4371-87fa-54ea3ce1f280: receive RaftClientReply:client-0F1B900A64BD->9bf35ae9-4da0-4371-87fa-54ea3ce1f280@group-432E83AF5B55, cid=2864, SUCCESS, logIndex=4267, commits[9bf35ae9-4da0-4371-87fa-54ea3ce1f280:c4268, 0cc34542-3a00-466e-ae84-194b84d3af7b:c4264, d451d94d-57a0-4545-b387-d428f64e3f33:c4265]
2019-07-09 16:26:13,009 INFO  client.GrpcClientProtocolClient (GrpcClientProtocolClient.java:onNext(255)) - client-0F1B900A64BD->9bf35ae9-4da0-4371-87fa-54ea3ce1f280: receive RaftClientReply:client-0F1B900A64BD->9bf35ae9-4da0-4371-87fa-54ea3ce1f280@group-432E83AF5B55, cid=2865, SUCCESS, logIndex=4268, commits[9bf35ae9-4da0-4371-87fa-54ea3ce1f280:c4268, 0cc34542-3a00-466e-ae84-194b84d3af7b:c4265, d451d94d-57a0-4545-b387-d428f64e3f33:c4265]
2019-07-09 16:26:13,011 INFO  client.GrpcClientProtocolClient (GrpcClientProtocolClient.java:onNext(255)) - client-0F1B900A64BD->9bf35ae9-4da0-4371-87fa-54ea3ce1f280: receive RaftClientReply:client-0F1B900A64BD->9bf35ae9-4da0-4371-87fa-54ea3ce1f280@group-432E83AF5B55, cid=2866, SUCCESS, logIndex=0, commits[9bf35ae9-4da0-4371-87fa-54ea3ce1f280:c4269, 0cc34542-3a00-466e-ae84-194b84d3af7b:c4268, d451d94d-57a0-4545-b387-d428f64e3f33:c4268]
2019-07-09 16:26:13,043 INFO  client.GrpcClientProtocolClient (GrpcClientProtocolClient.java:onNext(255)) - client-0F1B900A64BD->9bf35ae9-4da0-4371-87fa-54ea3ce1f280: receive RaftClientReply:client-0F1B900A64BD->9bf35ae9-4da0-4371-87fa-54ea3ce1f280@group-432E83AF5B55, cid=2867, SUCCESS, logIndex=4271, commits[9bf35ae9-4da0-4371-87fa-54ea3ce1f280:c4273, 0cc34542-3a00-466e-ae84-194b84d3af7b:c4270, d451d94d-57a0-4545-b387-d428f64e3f33:c4270]
2019-07-09 16:26:13,043 INFO  client.GrpcClientProtocolClient (GrpcClientProtocolClient.java:onNext(255)) - client-0F1B900A64BD->9bf35ae9-4da0-4371-87fa-54ea3ce1f280: receive RaftClientReply:client-0F1B900A64BD->9bf35ae9-4da0-4371-87fa-54ea3ce1f280@group-432E83AF5B55, cid=2868, SUCCESS, logIndex=4272, commits[9bf35ae9-4da0-4371-87fa-54ea3ce1f280:c4274, 0cc34542-3a00-466e-ae84-194b84d3af7b:c4270, d451d94d-57a0-4545-b387-d428f64e3f33:c4270]
2019-07-09 16:26:13,044 INFO  client.GrpcClientProtocolClient (GrpcClientProtocolClient.java:onNext(255)) - client-0F1B900A64BD->9bf35ae9-4da0-4371-87fa-54ea3ce1f280: receive RaftClientReply:client-0F1B900A64BD->9bf35ae9-4da0-4371-87fa-54ea3ce1f280@group-432E83AF5B55, cid=2869, SUCCESS, logIndex=4273, commits[9bf35ae9-4da0-4371-87fa-54ea3ce1f280:c4274, 0cc34542-3a00-466e-ae84-194b84d3af7b:c4270, d451d94d-57a0-4545-b387-d428f64e3f33:c4270]
2019-07-09 16:26:13,044 INFO  client.GrpcClientProtocolClient (GrpcClientProtocolClient.java:onNext(255)) - client-0F1B900A64BD->9bf35ae9-4da0-4371-87fa-54ea3ce1f280: receive RaftClientReply:client-0F1B900A64BD->9bf35ae9-4da0-4371-87fa-54ea3ce1f280@group-432E83AF5B55, cid=2870, SUCCESS, logIndex=4274, commits[9bf35ae9-4da0-4371-87fa-54ea3ce1f280:c4274, 0cc34542-3a00-466e-ae84-194b84d3af7b:c4270, d451d94d-57a0-4545-b387-d428f64e3f33:c4270]
2019-07-09 16:26:13,045 INFO  client.GrpcClientProtocolClient (GrpcClientProtocolClient.java:onNext(255)) - client-0F1B900A64BD->9bf35ae9-4da0-4371-87fa-54ea3ce1f280: receive RaftClientReply:client-0F1B900A64BD->9bf35ae9-4da0-4371-87fa-54ea3ce1f280@group-432E83AF5B55, cid=2871, SUCCESS, logIndex=0, commits[9bf35ae9-4da0-4371-87fa-54ea3ce1f280:c4275, 0cc34542-3a00-466e-ae84-194b84d3af7b:c4272, d451d94d-57a0-4545-b387-d428f64e3f33:c4272]
2019-07-09 16:26:13,068 INFO  client.GrpcClientProtocolClient (GrpcClientProtocolClient.java:onNext(255)) - client-0F1B900A64BD->9bf35ae9-4da0-4371-87fa-54ea3ce1f280: receive RaftClientReply:client-0F1B900A64BD->9bf35ae9-4da0-4371-87fa-54ea3ce1f280@group-432E83AF5B55, cid=2872, SUCCESS, logIndex=4279, commits[9bf35ae9-4da0-4371-87fa-54ea3ce1f280:c4279, 0cc34542-3a00-466e-ae84-194b84d3af7b:c4278, d451d94d-57a0-4545-b387-d428f64e3f33:c4278]
2019-07-09 16:26:13,068 INFO  client.GrpcClientProtocolClient (GrpcClientProtocolClient.java:onNext(255)) - client-0F1B900A64BD->9bf35ae9-4da0-4371-87fa-54ea3ce1f280: receive RaftClientReply:client-0F1B900A64BD->9bf35ae9-4da0-4371-87fa-54ea3ce1f280@group-432E83AF5B55, cid=2873, SUCCESS, logIndex=4280, commits[9bf35ae9-4da0-4371-87fa-54ea3ce1f280:c4280, 0cc34542-3a00-466e-ae84-194b84d3af7b:c4278, d451d94d-57a0-4545-b387-d428f64e3f33:c4278]
2019-07-09 16:26:13,083 INFO  client.GrpcClientProtocolClient (GrpcClientProtocolClient.java:onNext(255)) - client-0F1B900A64BD->9bf35ae9-4da0-4371-87fa-54ea3ce1f280: receive RaftClientReply:client-0F1B900A64BD->9bf35ae9-4da0-4371-87fa-54ea3ce1f280@group-432E83AF5B55, cid=2874, SUCCESS, logIndex=4283, commits[9bf35ae9-4da0-4371-87fa-54ea3ce1f280:c4284, 0cc34542-3a00-466e-ae84-194b84d3af7b:c4280, d451d94d-57a0-4545-b387-d428f64e3f33:c4280]
2019-07-09 16:26:13,083 INFO  client.GrpcClientProtocolClient (GrpcClientProtocolClient.java:onNext(255)) - client-0F1B900A64BD->9bf35ae9-4da0-4371-87fa-54ea3ce1f280: receive RaftClientReply:client-0F1B900A64BD->9bf35ae9-4da0-4371-87fa-54ea3ce1f280@group-432E83AF5B55, cid=2875, SUCCESS, logIndex=4284, commits[9bf35ae9-4da0-4371-87fa-54ea3ce1f280:c4284, 0cc34542-3a00-466e-ae84-194b84d3af7b:c4280, d451d94d-57a0-4545-b387-d428f64e3f33:c4280]
2019-07-09 16:26:13,093 INFO  client.GrpcClientProtocolClient (GrpcClientProtocolClient.java:onNext(255)) - client-0F1B900A64BD->9bf35ae9-4da0-4371-87fa-54ea3ce1f280: receive RaftClientReply:client-0F1B900A64BD->9bf35ae9-4da0-4371-87fa-54ea3ce1f280@group-432E83AF5B55, cid=2876, SUCCESS, logIndex=0, commits[9bf35ae9-4da0-4371-87fa-54ea3ce1f280:c4284, 0cc34542-3a00-466e-ae84-194b84d3af7b:c4284, d451d94d-57a0-4545-b387-d428f64e3f33:c4284]
2019-07-09 16:26:13,124 INFO  client.GrpcClientProtocolClient (GrpcClientProtocolClient.java:onNext(255)) - client-0F1B900A64BD->9bf35ae9-4da0-4371-87fa-54ea3ce1f280: receive RaftClientReply:client-0F1B900A64BD->9bf35ae9-4da0-4371-87fa-54ea3ce1f280@group-432E83AF5B55, cid=2877, SUCCESS, logIndex=4287, commits[9bf35ae9-4da0-4371-87fa-54ea3ce1f280:c4288, 0cc34542-3a00-466e-ae84-194b84d3af7b:c4286, d451d94d-57a0-4545-b387-d428f64e3f33:c4286]
2019-07-09 16:26:13,124 INFO  client.GrpcClientProtocolClient (GrpcClientProtocolClient.java:onNext(255)) - client-0F1B900A64BD->9bf35ae9-4da0-4371-87fa-54ea3ce1f280: receive RaftClientReply:client-0F1B900A64BD->9bf35ae9-4da0-4371-87fa-54ea3ce1f280@group-432E83AF5B55, cid=2878, SUCCESS, logIndex=4288, commits[9bf35ae9-4da0-4371-87fa-54ea3ce1f280:c4290, 0cc34542-3a00-466e-ae84-194b84d3af7b:c4286, d451d94d-57a0-4545-b387-d428f64e3f33:c4286]
2019-07-09 16:26:13,124 INFO  client.GrpcClientProtocolClient (GrpcClientProtocolClient.java:onNext(255)) - client-0F1B900A64BD->9bf35ae9-4da0-4371-87fa-54ea3ce1f280: receive RaftClientReply:client-0F1B900A64BD->9bf35ae9-4da0-4371-87fa-54ea3ce1f280@group-432E83AF5B55, cid=2879, SUCCESS, logIndex=4289, commits[9bf35ae9-4da0-4371-87fa-54ea3ce1f280:c4290, 0cc34542-3a00-466e-ae84-194b84d3af7b:c4286, d451d94d-57a0-4545-b387-d428f64e3f33:c4286]
2019-07-09 16:26:13,125 INFO  client.GrpcClientProtocolClient (GrpcClientProtocolClient.java:onNext(255)) - client-0F1B900A64BD->9bf35ae9-4da0-4371-87fa-54ea3ce1f280: receive RaftClientReply:client-0F1B900A64BD->9bf35ae9-4da0-4371-87fa-54ea3ce1f280@group-432E83AF5B55, cid=2880, SUCCESS, logIndex=4290, commits[9bf35ae9-4da0-4371-87fa-54ea3ce1f280:c4290, 0cc34542-3a00-466e-ae84-194b84d3af7b:c4286, d451d94d-57a0-4545-b387-d428f64e3f33:c4287]
2019-07-09 16:26:13,138 INFO  client.GrpcClientProtocolClient (GrpcClientProtocolClient.java:onNext(255)) - client-0F1B900A64BD->9bf35ae9-4da0-4371-87fa-54ea3ce1f280: receive RaftClientReply:client-0F1B900A64BD->9bf35ae9-4da0-4371-87fa-54ea3ce1f280@group-432E83AF5B55, cid=2881, SUCCESS, logIndex=0, commits[9bf35ae9-4da0-4371-87fa-54ea3ce1f280:c4292, 0cc34542-3a00-466e-ae84-194b84d3af7b:c4288, d451d94d-57a0-4545-b387-d428f64e3f33:c4288]
2019-07-09 16:26:13,159 INFO  client.GrpcClientProtocolClient (GrpcClientProtocolClient.java:onNext(255)) - client-0F1B900A64BD->9bf35ae9-4da0-4371-87fa-54ea3ce1f280: receive RaftClientReply:client-0F1B900A64BD->9bf35ae9-4da0-4371-87fa-54ea3ce1f280@group-432E83AF5B55, cid=2882, SUCCESS, logIndex=4294, commits[9bf35ae9-4da0-4371-87fa-54ea3ce1f280:c4295, 0cc34542-3a00-466e-ae84-194b84d3af7b:c4293, d451d94d-57a0-4545-b387-d428f64e3f33:c4293]
2019-07-09 16:26:13,160 INFO  client.GrpcClientProtocolClient (GrpcClientProtocolClient.java:onNext(255)) - client-0F1B900A64BD->9bf35ae9-4da0-4371-87fa-54ea3ce1f280: receive RaftClientReply:client-0F1B900A64BD->9bf35ae9-4da0-4371-87fa-54ea3ce1f280@group-432E83AF5B55, cid=2883, SUCCESS, logIndex=4295, commits[9bf35ae9-4da0-4371-87fa-54ea3ce1f280:c4295, 0cc34542-3a00-466e-ae84-194b84d3af7b:c4293, d451d94d-57a0-4545-b387-d428f64e3f33:c4293]
2019-07-09 16:26:13,173 INFO  client.GrpcClientProtocolClient (GrpcClientProtocolClient.java:onNext(255)) - client-0F1B900A64BD->9bf35ae9-4da0-4371-87fa-54ea3ce1f280: receive RaftClientReply:client-0F1B900A64BD->9bf35ae9-4da0-4371-87fa-54ea3ce1f280@group-432E83AF5B55, cid=2884, SUCCESS, logIndex=4298, commits[9bf35ae9-4da0-4371-87fa-54ea3ce1f280:c4299, 0cc34542-3a00-466e-ae84-194b84d3af7b:c4295, d451d94d-57a0-4545-b387-d428f64e3f33:c4295]
2019-07-09 16:26:13,173 INFO  client.GrpcClientProtocolClient (GrpcClientProtocolClient.java:onNext(255)) - client-0F1B900A64BD->9bf35ae9-4da0-4371-87fa-54ea3ce1f280: receive RaftClientReply:client-0F1B900A64BD->9bf35ae9-4da0-4371-87fa-54ea3ce1f280@group-432E83AF5B55, cid=2885, SUCCESS, logIndex=4299, commits[9bf35ae9-4da0-4371-87fa-54ea3ce1f280:c4299, 0cc34542-3a00-466e-ae84-194b84d3af7b:c4295, d451d94d-57a0-4545-b387-d428f64e3f33:c4295]
2019-07-09 16:26:13,187 INFO  client.GrpcClientProtocolClient (GrpcClientProtocolClient.java:onNext(255)) - client-0F1B900A64BD->9bf35ae9-4da0-4371-87fa-54ea3ce1f280: receive RaftClientReply:client-0F1B900A64BD->9bf35ae9-4da0-4371-87fa-54ea3ce1f280@group-432E83AF5B55, cid=2886, SUCCESS, logIndex=0, commits[9bf35ae9-4da0-4371-87fa-54ea3ce1f280:c4300, 0cc34542-3a00-466e-ae84-194b84d3af7b:c4299, d451d94d-57a0-4545-b387-d428f64e3f33:c4299]
2019-07-09 16:26:13,229 INFO  client.GrpcClientProtocolClient (GrpcClientProtocolClient.java:onNext(255)) - client-0F1B900A64BD->9bf35ae9-4da0-4371-87fa-54ea3ce1f280: receive RaftClientReply:client-0F1B900A64BD->9bf35ae9-4da0-4371-87fa-54ea3ce1f280@group-432E83AF5B55, cid=2887, SUCCESS, logIndex=4302, commits[9bf35ae9-4da0-4371-87fa-54ea3ce1f280:c4303, 0cc34542-3a00-466e-ae84-194b84d3af7b:c4301, d451d94d-57a0-4545-b387-d428f64e3f33:c4301]
2019-07-09 16:26:13,229 INFO  client.GrpcClientProtocolClient (GrpcClientProtocolClient.java:onNext(255)) - client-0F1B900A64BD->9bf35ae9-4da0-4371-87fa-54ea3ce1f280: receive RaftClientReply:client-0F1B900A64BD->9bf35ae9-4da0-4371-87fa-54ea3ce1f280@group-432E83AF5B55, cid=2888, SUCCESS, logIndex=4303, commits[9bf35ae9-4da0-4371-87fa-54ea3ce1f280:c4305, 0cc34542-3a00-466e-ae84-194b84d3af7b:c4301, d451d94d-57a0-4545-b387-d428f64e3f33:c4301]
2019-07-09 16:26:13,230 INFO  client.GrpcClientProtocolClient (GrpcClientProtocolClient.java:onNext(255)) - client-0F1B900A64BD->9bf35ae9-4da0-4371-87fa-54ea3ce1f280: receive RaftClientReply:client-0F1B900A64BD->9bf35ae9-4da0-4371-87fa-54ea3ce1f280@group-432E83AF5B55, cid=2889, SUCCESS, logIndex=4304, commits[9bf35ae9-4da0-4371-87fa-54ea3ce1f280:c4305, 0cc34542-3a00-466e-ae84-194b84d3af7b:c4301, d451d94d-57a0-4545-b387-d428f64e3f33:c4301]
2019-07-09 16:26:13,230 INFO  client.GrpcClientProtocolClient (GrpcClientProtocolClient.java:onNext(255)) - client-0F1B900A64BD->9bf35ae9-4da0-4371-87fa-54ea3ce1f280: receive RaftClientReply:client-0F1B900A64BD->9bf35ae9-4da0-4371-87fa-54ea3ce1f280@group-432E83AF5B55, cid=2890, SUCCESS, logIndex=4305, commits[9bf35ae9-4da0-4371-87fa-54ea3ce1f280:c4305, 0cc34542-3a00-466e-ae84-194b84d3af7b:c4301, d451d94d-57a0-4545-b387-d428f64e3f33:c4301]
2019-07-09 16:26:13,243 INFO  client.GrpcClientProtocolClient (GrpcClientProtocolClient.java:onNext(255)) - client-0F1B900A64BD->9bf35ae9-4da0-4371-87fa-54ea3ce1f280: receive RaftClientReply:client-0F1B900A64BD->9bf35ae9-4da0-4371-87fa-54ea3ce1f280@group-432E83AF5B55, cid=2891, SUCCESS, logIndex=0, commits[9bf35ae9-4da0-4371-87fa-54ea3ce1f280:c4307, 0cc34542-3a00-466e-ae84-194b84d3af7b:c4303, d451d94d-57a0-4545-b387-d428f64e3f33:c4303]
2019-07-09 16:26:13,263 INFO  client.GrpcClientProtocolClient (GrpcClientProtocolClient.java:onNext(255)) - client-0F1B900A64BD->9bf35ae9-4da0-4371-87fa-54ea3ce1f280: receive RaftClientReply:client-0F1B900A64BD->9bf35ae9-4da0-4371-87fa-54ea3ce1f280@group-432E83AF5B55, cid=2892, SUCCESS, logIndex=4310, commits[9bf35ae9-4da0-4371-87fa-54ea3ce1f280:c4310, 0cc34542-3a00-466e-ae84-194b84d3af7b:c4309, d451d94d-57a0-4545-b387-d428f64e3f33:c4309]
2019-07-09 16:26:13,263 INFO  client.GrpcClientProtocolClient (GrpcClientProtocolClient.java:onNext(255)) - client-0F1B900A64BD->9bf35ae9-4da0-4371-87fa-54ea3ce1f280: receive RaftClientReply:client-0F1B900A64BD->9bf35ae9-4da0-4371-87fa-54ea3ce1f280@group-432E83AF5B55, cid=2893, SUCCESS, logIndex=4311, commits[9bf35ae9-4da0-4371-87fa-54ea3ce1f280:c4311, 0cc34542-3a00-466e-ae84-194b84d3af7b:c4309, d451d94d-57a0-4545-b387-d428f64e3f33:c4309]
2019-07-09 16:26:13,277 INFO  client.GrpcClientProtocolClient (GrpcClientProtocolClient.java:onNext(255)) - client-0F1B900A64BD->9bf35ae9-4da0-4371-87fa-54ea3ce1f280: receive RaftClientReply:client-0F1B900A64BD->9bf35ae9-4da0-4371-87fa-54ea3ce1f280@group-432E83AF5B55, cid=2894, SUCCESS, logIndex=4314, commits[9bf35ae9-4da0-4371-87fa-54ea3ce1f280:c4314, 0cc34542-3a00-466e-ae84-194b84d3af7b:c4311, d451d94d-57a0-4545-b387-d428f64e3f33:c4311]
2019-07-09 16:26:13,278 INFO  client.GrpcClientProtocolClient (GrpcClientProtocolClient.java:onNext(255)) - client-0F1B900A64BD->9bf35ae9-4da0-4371-87fa-54ea3ce1f280: receive RaftClientReply:client-0F1B900A64BD->9bf35ae9-4da0-4371-87fa-54ea3ce1f280@group-432E83AF5B55, cid=2895, SUCCESS, logIndex=4315, commits[9bf35ae9-4da0-4371-87fa-54ea3ce1f280:c4315, 0cc34542-3a00-466e-ae84-194b84d3af7b:c4311, d451d94d-57a0-4545-b387-d428f64e3f33:c4311]
2019-07-09 16:26:13,292 INFO  client.GrpcClientProtocolClient (GrpcClientProtocolClient.java:onNext(255)) - client-0F1B900A64BD->9bf35ae9-4da0-4371-87fa-54ea3ce1f280: receive RaftClientReply:client-0F1B900A64BD->9bf35ae9-4da0-4371-87fa-54ea3ce1f280@group-432E83AF5B55, cid=2896, SUCCESS, logIndex=0, commits[9bf35ae9-4da0-4371-87fa-54ea3ce1f280:c4316, 0cc34542-3a00-466e-ae84-194b84d3af7b:c4315, d451d94d-57a0-4545-b387-d428f64e3f33:c4315]
2019-07-09 16:26:13,348 INFO  client.GrpcClientProtocolClient (GrpcClientProtocolClient.java:onNext(255)) - client-0F1B900A64BD->9bf35ae9-4da0-4371-87fa-54ea3ce1f280: receive RaftClientReply:client-0F1B900A64BD->9bf35ae9-4da0-4371-87fa-54ea3ce1f280@group-432E83AF5B55, cid=2897, SUCCESS, logIndex=4318, commits[9bf35ae9-4da0-4371-87fa-54ea3ce1f280:c4319, 0cc34542-3a00-466e-ae84-194b84d3af7b:c4317, d451d94d-57a0-4545-b387-d428f64e3f33:c4317]
2019-07-09 16:26:13,349 INFO  client.GrpcClientProtocolClient (GrpcClientProtocolClient.java:onNext(255)) - client-0F1B900A64BD->9bf35ae9-4da0-4371-87fa-54ea3ce1f280: receive RaftClientReply:client-0F1B900A64BD->9bf35ae9-4da0-4371-87fa-54ea3ce1f280@group-432E83AF5B55, cid=2898, SUCCESS, logIndex=4319, commits[9bf35ae9-4da0-4371-87fa-54ea3ce1f280:c4319, 0cc34542-3a00-466e-ae84-194b84d3af7b:c4317, d451d94d-57a0-4545-b387-d428f64e3f33:c4317]
2019-07-09 16:26:13,349 INFO  client.GrpcClientProtocolClient (GrpcClientProtocolClient.java:onNext(255)) - client-0F1B900A64BD->9bf35ae9-4da0-4371-87fa-54ea3ce1f280: receive RaftClientReply:client-0F1B900A64BD->9bf35ae9-4da0-4371-87fa-54ea3ce1f280@group-432E83AF5B55, cid=2899, SUCCESS, logIndex=4320, commits[9bf35ae9-4da0-4371-87fa-54ea3ce1f280:c4321, 0cc34542-3a00-466e-ae84-194b84d3af7b:c4317, d451d94d-57a0-4545-b387-d428f64e3f33:c4317]
2019-07-09 16:26:13,350 INFO  client.GrpcClientProtocolClient (GrpcClientProtocolClient.java:onNext(255)) - client-0F1B900A64BD->9bf35ae9-4da0-4371-87fa-54ea3ce1f280: receive RaftClientReply:client-0F1B900A64BD->9bf35ae9-4da0-4371-87fa-54ea3ce1f280@group-432E83AF5B55, cid=2900, SUCCESS, logIndex=4321, commits[9bf35ae9-4da0-4371-87fa-54ea3ce1f280:c4321, 0cc34542-3a00-466e-ae84-194b84d3af7b:c4317, d451d94d-57a0-4545-b387-d428f64e3f33:c4317]
2019-07-09 16:26:13,362 INFO  client.GrpcClientProtocolClient (GrpcClientProtocolClient.java:onNext(255)) - client-0F1B900A64BD->9bf35ae9-4da0-4371-87fa-54ea3ce1f280: receive RaftClientReply:client-0F1B900A64BD->9bf35ae9-4da0-4371-87fa-54ea3ce1f280@group-432E83AF5B55, cid=2901, SUCCESS, logIndex=0, commits[9bf35ae9-4da0-4371-87fa-54ea3ce1f280:c4323, 0cc34542-3a00-466e-ae84-194b84d3af7b:c4319, d451d94d-57a0-4545-b387-d428f64e3f33:c4319]
2019-07-09 16:26:13,383 INFO  client.GrpcClientProtocolClient (GrpcClientProtocolClient.java:onNext(255)) - client-0F1B900A64BD->9bf35ae9-4da0-4371-87fa-54ea3ce1f280: receive RaftClientReply:client-0F1B900A64BD->9bf35ae9-4da0-4371-87fa-54ea3ce1f280@group-432E83AF5B55, cid=2902, SUCCESS, logIndex=4326, commits[9bf35ae9-4da0-4371-87fa-54ea3ce1f280:c4327, 0cc34542-3a00-466e-ae84-194b84d3af7b:c4325, d451d94d-57a0-4545-b387-d428f64e3f33:c4321]
2019-07-09 16:26:13,383 INFO  client.GrpcClientProtocolClient (GrpcClientProtocolClient.java:onNext(255)) - client-0F1B900A64BD->9bf35ae9-4da0-4371-87fa-54ea3ce1f280: receive RaftClientReply:client-0F1B900A64BD->9bf35ae9-4da0-4371-87fa-54ea3ce1f280@group-432E83AF5B55, cid=2903, SUCCESS, logIndex=4327, commits[9bf35ae9-4da0-4371-87fa-54ea3ce1f280:c4327, 0cc34542-3a00-466e-ae84-194b84d3af7b:c4325, d451d94d-57a0-4545-b387-d428f64e3f33:c4325]
2019-07-09 16:26:13,396 INFO  client.GrpcClientProtocolClient (GrpcClientProtocolClient.java:onNext(255)) - client-0F1B900A64BD->9bf35ae9-4da0-4371-87fa-54ea3ce1f280: receive RaftClientReply:client-0F1B900A64BD->9bf35ae9-4da0-4371-87fa-54ea3ce1f280@group-432E83AF5B55, cid=2904, SUCCESS, logIndex=4330, commits[9bf35ae9-4da0-4371-87fa-54ea3ce1f280:c4331, 0cc34542-3a00-466e-ae84-194b84d3af7b:c4327, d451d94d-57a0-4545-b387-d428f64e3f33:c4326]
2019-07-09 16:26:13,397 INFO  client.GrpcClientProtocolClient (GrpcClientProtocolClient.java:onNext(255)) - client-0F1B900A64BD->9bf35ae9-4da0-4371-87fa-54ea3ce1f280: receive RaftClientReply:client-0F1B900A64BD->9bf35ae9-4da0-4371-87fa-54ea3ce1f280@group-432E83AF5B55, cid=2905, SUCCESS, logIndex=4331, commits[9bf35ae9-4da0-4371-87fa-54ea3ce1f280:c4331, 0cc34542-3a00-466e-ae84-194b84d3af7b:c4327, d451d94d-57a0-4545-b387-d428f64e3f33:c4326]
2019-07-09 16:26:13,407 INFO  client.GrpcClientProtocolClient (GrpcClientProtocolClient.java:onNext(255)) - client-0F1B900A64BD->9bf35ae9-4da0-4371-87fa-54ea3ce1f280: receive RaftClientReply:client-0F1B900A64BD->9bf35ae9-4da0-4371-87fa-54ea3ce1f280@group-432E83AF5B55, cid=2906, SUCCESS, logIndex=0, commits[9bf35ae9-4da0-4371-87fa-54ea3ce1f280:c4331, 0cc34542-3a00-466e-ae84-194b84d3af7b:c4327, d451d94d-57a0-4545-b387-d428f64e3f33:c4327]
2019-07-09 16:26:13,410 INFO  client.GrpcClientProtocolClient (GrpcClientProtocolClient.java:onNext(255)) - client-0F1B900A64BD->9bf35ae9-4da0-4371-87fa-54ea3ce1f280: receive RaftClientReply:client-0F1B900A64BD->9bf35ae9-4da0-4371-87fa-54ea3ce1f280@group-432E83AF5B55, cid=2907, SUCCESS, logIndex=0, commits[9bf35ae9-4da0-4371-87fa-54ea3ce1f280:c4333, 0cc34542-3a00-466e-ae84-194b84d3af7b:c4331, d451d94d-57a0-4545-b387-d428f64e3f33:c4331]
2019-07-09 16:26:13,445 INFO  client.GrpcClientProtocolClient (GrpcClientProtocolClient.java:onNext(255)) - client-0F1B900A64BD->9bf35ae9-4da0-4371-87fa-54ea3ce1f280: receive RaftClientReply:client-0F1B900A64BD->9bf35ae9-4da0-4371-87fa-54ea3ce1f280@group-432E83AF5B55, cid=2908, SUCCESS, logIndex=4334, commits[9bf35ae9-4da0-4371-87fa-54ea3ce1f280:c4335, 0cc34542-3a00-466e-ae84-194b84d3af7b:c4333, d451d94d-57a0-4545-b387-d428f64e3f33:c4331]
2019-07-09 16:26:13,445 INFO  client.GrpcClientProtocolClient (GrpcClientProtocolClient.java:onNext(255)) - client-0F1B900A64BD->9bf35ae9-4da0-4371-87fa-54ea3ce1f280: receive RaftClientReply:client-0F1B900A64BD->9bf35ae9-4da0-4371-87fa-54ea3ce1f280@group-432E83AF5B55, cid=2909, SUCCESS, logIndex=4335, commits[9bf35ae9-4da0-4371-87fa-54ea3ce1f280:c4335, 0cc34542-3a00-466e-ae84-194b84d3af7b:c4333, d451d94d-57a0-4545-b387-d428f64e3f33:c4331]
2019-07-09 16:26:13,457 INFO  client.GrpcClientProtocolClient (GrpcClientProtocolClient.java:onNext(255)) - client-0F1B900A64BD->9bf35ae9-4da0-4371-87fa-54ea3ce1f280: receive RaftClientReply:client-0F1B900A64BD->9bf35ae9-4da0-4371-87fa-54ea3ce1f280@group-432E83AF5B55, cid=2910, SUCCESS, logIndex=4336, commits[9bf35ae9-4da0-4371-87fa-54ea3ce1f280:c4337, 0cc34542-3a00-466e-ae84-194b84d3af7b:c4333, d451d94d-57a0-4545-b387-d428f64e3f33:c4333]
2019-07-09 16:26:13,458 INFO  client.GrpcClientProtocolClient (GrpcClientProtocolClient.java:onNext(255)) - client-0F1B900A64BD->9bf35ae9-4da0-4371-87fa-54ea3ce1f280: receive RaftClientReply:client-0F1B900A64BD->9bf35ae9-4da0-4371-87fa-54ea3ce1f280@group-432E83AF5B55, cid=2911, SUCCESS, logIndex=4337, commits[9bf35ae9-4da0-4371-87fa-54ea3ce1f280:c4337, 0cc34542-3a00-466e-ae84-194b84d3af7b:c4333, d451d94d-57a0-4545-b387-d428f64e3f33:c4333]
2019-07-09 16:26:13,460 INFO  client.GrpcClientProtocolClient (GrpcClientProtocolClient.java:onNext(255)) - client-0F1B900A64BD->9bf35ae9-4da0-4371-87fa-54ea3ce1f280: receive RaftClientReply:client-0F1B900A64BD->9bf35ae9-4da0-4371-87fa-54ea3ce1f280@group-432E83AF5B55, cid=2912, SUCCESS, logIndex=0, commits[9bf35ae9-4da0-4371-87fa-54ea3ce1f280:c4338, 0cc34542-3a00-466e-ae84-194b84d3af7b:c4335, d451d94d-57a0-4545-b387-d428f64e3f33:c4335]
2019-07-09 16:26:13,482 INFO  client.GrpcClientProtocolClient (GrpcClientProtocolClient.java:onNext(255)) - client-0F1B900A64BD->9bf35ae9-4da0-4371-87fa-54ea3ce1f280: receive RaftClientReply:client-0F1B900A64BD->9bf35ae9-4da0-4371-87fa-54ea3ce1f280@group-432E83AF5B55, cid=2913, SUCCESS, logIndex=4341, commits[9bf35ae9-4da0-4371-87fa-54ea3ce1f280:c4342, 0cc34542-3a00-466e-ae84-194b84d3af7b:c4340, d451d94d-57a0-4545-b387-d428f64e3f33:c4340]
2019-07-09 16:26:13,482 INFO  client.GrpcClientProtocolClient (GrpcClientProtocolClient.java:onNext(255)) - client-0F1B900A64BD->9bf35ae9-4da0-4371-87fa-54ea3ce1f280: receive RaftClientReply:client-0F1B900A64BD->9bf35ae9-4da0-4371-87fa-54ea3ce1f280@group-432E83AF5B55, cid=2914, SUCCESS, logIndex=4342, commits[9bf35ae9-4da0-4371-87fa-54ea3ce1f280:c4342, 0cc34542-3a00-466e-ae84-194b84d3af7b:c4340, d451d94d-57a0-4545-b387-d428f64e3f33:c4340]
2019-07-09 16:26:13,509 INFO  client.GrpcClientProtocolClient (GrpcClientProtocolClient.java:onNext(255)) - client-0F1B900A64BD->9bf35ae9-4da0-4371-87fa-54ea3ce1f280: receive RaftClientReply:client-0F1B900A64BD->9bf35ae9-4da0-4371-87fa-54ea3ce1f280@group-432E83AF5B55, cid=2915, SUCCESS, logIndex=4345, commits[9bf35ae9-4da0-4371-87fa-54ea3ce1f280:c4346, 0cc34542-3a00-466e-ae84-194b84d3af7b:c4342, d451d94d-57a0-4545-b387-d428f64e3f33:c4342]
2019-07-09 16:26:13,509 INFO  client.GrpcClientProtocolClient (GrpcClientProtocolClient.java:onNext(255)) - client-0F1B900A64BD->9bf35ae9-4da0-4371-87fa-54ea3ce1f280: receive RaftClientReply:client-0F1B900A64BD->9bf35ae9-4da0-4371-87fa-54ea3ce1f280@group-432E83AF5B55, cid=2916, SUCCESS, logIndex=4346, commits[9bf35ae9-4da0-4371-87fa-54ea3ce1f280:c4346, 0cc34542-3a00-466e-ae84-194b84d3af7b:c4342, d451d94d-57a0-4545-b387-d428f64e3f33:c4342]
2019-07-09 16:26:13,513 INFO  client.GrpcClientProtocolClient (GrpcClientProtocolClient.java:onNext(255)) - client-0F1B900A64BD->9bf35ae9-4da0-4371-87fa-54ea3ce1f280: receive RaftClientReply:client-0F1B900A64BD->9bf35ae9-4da0-4371-87fa-54ea3ce1f280@group-432E83AF5B55, cid=2917, SUCCESS, logIndex=0, commits[9bf35ae9-4da0-4371-87fa-54ea3ce1f280:c4348, 0cc34542-3a00-466e-ae84-194b84d3af7b:c4346, d451d94d-57a0-4545-b387-d428f64e3f33:c4346]
2019-07-09 16:26:13,534 INFO  client.GrpcClientProtocolClient (GrpcClientProtocolClient.java:onNext(255)) - client-0F1B900A64BD->9bf35ae9-4da0-4371-87fa-54ea3ce1f280: receive RaftClientReply:client-0F1B900A64BD->9bf35ae9-4da0-4371-87fa-54ea3ce1f280@group-432E83AF5B55, cid=2918, SUCCESS, logIndex=4349, commits[9bf35ae9-4da0-4371-87fa-54ea3ce1f280:c4350, 0cc34542-3a00-466e-ae84-194b84d3af7b:c4348, d451d94d-57a0-4545-b387-d428f64e3f33:c4346]
2019-07-09 16:26:13,535 INFO  client.GrpcClientProtocolClient (GrpcClientProtocolClient.java:onNext(255)) - client-0F1B900A64BD->9bf35ae9-4da0-4371-87fa-54ea3ce1f280: receive RaftClientReply:client-0F1B900A64BD->9bf35ae9-4da0-4371-87fa-54ea3ce1f280@group-432E83AF5B55, cid=2919, SUCCESS, logIndex=4350, commits[9bf35ae9-4da0-4371-87fa-54ea3ce1f280:c4350, 0cc34542-3a00-466e-ae84-194b84d3af7b:c4348, d451d94d-57a0-4545-b387-d428f64e3f33:c4346]
2019-07-09 16:26:13,538 INFO  client.GrpcClientProtocolClient (GrpcClientProtocolClient.java:onNext(255)) - client-0F1B900A64BD->9bf35ae9-4da0-4371-87fa-54ea3ce1f280: receive RaftClientReply:client-0F1B900A64BD->9bf35ae9-4da0-4371-87fa-54ea3ce1f280@group-432E83AF5B55, cid=2920, SUCCESS, logIndex=4351, commits[9bf35ae9-4da0-4371-87fa-54ea3ce1f280:c4352, 0cc34542-3a00-466e-ae84-194b84d3af7b:c4348, d451d94d-57a0-4545-b387-d428f64e3f33:c4348]
2019-07-09 16:26:13,538 INFO  client.GrpcClientProtocolClient (GrpcClientProtocolClient.java:onNext(255)) - client-0F1B900A64BD->9bf35ae9-4da0-4371-87fa-54ea3ce1f280: receive RaftClientReply:client-0F1B900A64BD->9bf35ae9-4da0-4371-87fa-54ea3ce1f280@group-432E83AF5B55, cid=2921, SUCCESS, logIndex=4352, commits[9bf35ae9-4da0-4371-87fa-54ea3ce1f280:c4352, 0cc34542-3a00-466e-ae84-194b84d3af7b:c4348, d451d94d-57a0-4545-b387-d428f64e3f33:c4348]
2019-07-09 16:26:13,539 INFO  client.GrpcClientProtocolClient (GrpcClientProtocolClient.java:onNext(255)) - client-0F1B900A64BD->9bf35ae9-4da0-4371-87fa-54ea3ce1f280: receive RaftClientReply:client-0F1B900A64BD->9bf35ae9-4da0-4371-87fa-54ea3ce1f280@group-432E83AF5B55, cid=2922, SUCCESS, logIndex=0, commits[9bf35ae9-4da0-4371-87fa-54ea3ce1f280:c4354, 0cc34542-3a00-466e-ae84-194b84d3af7b:c4350, d451d94d-57a0-4545-b387-d428f64e3f33:c4350]
2019-07-09 16:26:13,552 INFO  client.GrpcClientProtocolClient (GrpcClientProtocolClient.java:onNext(255)) - client-0F1B900A64BD->9bf35ae9-4da0-4371-87fa-54ea3ce1f280: receive RaftClientReply:client-0F1B900A64BD->9bf35ae9-4da0-4371-87fa-54ea3ce1f280@group-432E83AF5B55, cid=2923, SUCCESS, logIndex=4357, commits[9bf35ae9-4da0-4371-87fa-54ea3ce1f280:c4358, 0cc34542-3a00-466e-ae84-194b84d3af7b:c4356, d451d94d-57a0-4545-b387-d428f64e3f33:c4352]
2019-07-09 16:26:13,552 INFO  client.GrpcClientProtocolClient (GrpcClientProtocolClient.java:onNext(255)) - client-0F1B900A64BD->9bf35ae9-4da0-4371-87fa-54ea3ce1f280: receive RaftClientReply:client-0F1B900A64BD->9bf35ae9-4da0-4371-87fa-54ea3ce1f280@group-432E83AF5B55, cid=2924, SUCCESS, logIndex=4358, commits[9bf35ae9-4da0-4371-87fa-54ea3ce1f280:c4358, 0cc34542-3a00-466e-ae84-194b84d3af7b:c4356, d451d94d-57a0-4545-b387-d428f64e3f33:c4356]
2019-07-09 16:26:13,564 INFO  client.GrpcClientProtocolClient (GrpcClientProtocolClient.java:onNext(255)) - client-0F1B900A64BD->9bf35ae9-4da0-4371-87fa-54ea3ce1f280: receive RaftClientReply:client-0F1B900A64BD->9bf35ae9-4da0-4371-87fa-54ea3ce1f280@group-432E83AF5B55, cid=2925, SUCCESS, logIndex=4361, commits[9bf35ae9-4da0-4371-87fa-54ea3ce1f280:c4362, 0cc34542-3a00-466e-ae84-194b84d3af7b:c4360, d451d94d-57a0-4545-b387-d428f64e3f33:c4358]
2019-07-09 16:26:13,564 INFO  client.GrpcClientProtocolClient (GrpcClientProtocolClient.java:onNext(255)) - client-0F1B900A64BD->9bf35ae9-4da0-4371-87fa-54ea3ce1f280: receive RaftClientReply:client-0F1B900A64BD->9bf35ae9-4da0-4371-87fa-54ea3ce1f280@group-432E83AF5B55, cid=2926, SUCCESS, logIndex=4362, commits[9bf35ae9-4da0-4371-87fa-54ea3ce1f280:c4362, 0cc34542-3a00-466e-ae84-194b84d3af7b:c4360, d451d94d-57a0-4545-b387-d428f64e3f33:c4360]
2019-07-09 16:26:13,566 INFO  client.GrpcClientProtocolClient (GrpcClientProtocolClient.java:onNext(255)) - client-0F1B900A64BD->9bf35ae9-4da0-4371-87fa-54ea3ce1f280: receive RaftClientReply:client-0F1B900A64BD->9bf35ae9-4da0-4371-87fa-54ea3ce1f280@group-432E83AF5B55, cid=2927, SUCCESS, logIndex=0, commits[9bf35ae9-4da0-4371-87fa-54ea3ce1f280:c4363, 0cc34542-3a00-466e-ae84-194b84d3af7b:c4362, d451d94d-57a0-4545-b387-d428f64e3f33:c4362]
2019-07-09 16:26:13,590 INFO  client.GrpcClientProtocolClient (GrpcClientProtocolClient.java:onNext(255)) - client-0F1B900A64BD->9bf35ae9-4da0-4371-87fa-54ea3ce1f280: receive RaftClientReply:client-0F1B900A64BD->9bf35ae9-4da0-4371-87fa-54ea3ce1f280@group-432E83AF5B55, cid=2928, SUCCESS, logIndex=4365, commits[9bf35ae9-4da0-4371-87fa-54ea3ce1f280:c4366, 0cc34542-3a00-466e-ae84-194b84d3af7b:c4364, d451d94d-57a0-4545-b387-d428f64e3f33:c4364]
2019-07-09 16:26:13,590 INFO  client.GrpcClientProtocolClient (GrpcClientProtocolClient.java:onNext(255)) - client-0F1B900A64BD->9bf35ae9-4da0-4371-87fa-54ea3ce1f280: receive RaftClientReply:client-0F1B900A64BD->9bf35ae9-4da0-4371-87fa-54ea3ce1f280@group-432E83AF5B55, cid=2929, SUCCESS, logIndex=4366, commits[9bf35ae9-4da0-4371-87fa-54ea3ce1f280:c4368, 0cc34542-3a00-466e-ae84-194b84d3af7b:c4364, d451d94d-57a0-4545-b387-d428f64e3f33:c4364]
2019-07-09 16:26:13,590 INFO  client.GrpcClientProtocolClient (GrpcClientProtocolClient.java:onNext(255)) - client-0F1B900A64BD->9bf35ae9-4da0-4371-87fa-54ea3ce1f280: receive RaftClientReply:client-0F1B900A64BD->9bf35ae9-4da0-4371-87fa-54ea3ce1f280@group-432E83AF5B55, cid=2930, SUCCESS, logIndex=4367, commits[9bf35ae9-4da0-4371-87fa-54ea3ce1f280:c4368, 0cc34542-3a00-466e-ae84-194b84d3af7b:c4364, d451d94d-57a0-4545-b387-d428f64e3f33:c4364]
2019-07-09 16:26:13,591 INFO  client.GrpcClientProtocolClient (GrpcClientProtocolClient.java:onNext(255)) - client-0F1B900A64BD->9bf35ae9-4da0-4371-87fa-54ea3ce1f280: receive RaftClientReply:client-0F1B900A64BD->9bf35ae9-4da0-4371-87fa-54ea3ce1f280@group-432E83AF5B55, cid=2931, SUCCESS, logIndex=4368, commits[9bf35ae9-4da0-4371-87fa-54ea3ce1f280:c4368, 0cc34542-3a00-466e-ae84-194b84d3af7b:c4364, d451d94d-57a0-4545-b387-d428f64e3f33:c4364]
2019-07-09 16:26:13,694 INFO  client.GrpcClientProtocolClient (GrpcClientProtocolClient.java:onNext(255)) - client-0F1B900A64BD->9bf35ae9-4da0-4371-87fa-54ea3ce1f280: receive RaftClientReply:client-0F1B900A64BD->9bf35ae9-4da0-4371-87fa-54ea3ce1f280@group-432E83AF5B55, cid=2932, SUCCESS, logIndex=0, commits[9bf35ae9-4da0-4371-87fa-54ea3ce1f280:c4369, 0cc34542-3a00-466e-ae84-194b84d3af7b:c4366, d451d94d-57a0-4545-b387-d428f64e3f33:c4366]
2019-07-09 16:26:13,716 INFO  client.GrpcClientProtocolClient (GrpcClientProtocolClient.java:onNext(255)) - client-0F1B900A64BD->9bf35ae9-4da0-4371-87fa-54ea3ce1f280: receive RaftClientReply:client-0F1B900A64BD->9bf35ae9-4da0-4371-87fa-54ea3ce1f280@group-432E83AF5B55, cid=2933, SUCCESS, logIndex=4372, commits[9bf35ae9-4da0-4371-87fa-54ea3ce1f280:c4372, 0cc34542-3a00-466e-ae84-194b84d3af7b:c4371, d451d94d-57a0-4545-b387-d428f64e3f33:c4371]
2019-07-09 16:26:13,717 INFO  client.GrpcClientProtocolClient (GrpcClientProtocolClient.java:onNext(255)) - client-0F1B900A64BD->9bf35ae9-4da0-4371-87fa-54ea3ce1f280: receive RaftClientReply:client-0F1B900A64BD->9bf35ae9-4da0-4371-87fa-54ea3ce1f280@group-432E83AF5B55, cid=2934, SUCCESS, logIndex=4373, commits[9bf35ae9-4da0-4371-87fa-54ea3ce1f280:c4373, 0cc34542-3a00-466e-ae84-194b84d3af7b:c4371, d451d94d-57a0-4545-b387-d428f64e3f33:c4371]
2019-07-09 16:26:13,732 INFO  client.GrpcClientProtocolClient (GrpcClientProtocolClient.java:onNext(255)) - client-0F1B900A64BD->9bf35ae9-4da0-4371-87fa-54ea3ce1f280: receive RaftClientReply:client-0F1B900A64BD->9bf35ae9-4da0-4371-87fa-54ea3ce1f280@group-432E83AF5B55, cid=2935, SUCCESS, logIndex=4376, commits[9bf35ae9-4da0-4371-87fa-54ea3ce1f280:c4377, 0cc34542-3a00-466e-ae84-194b84d3af7b:c4373, d451d94d-57a0-4545-b387-d428f64e3f33:c4373]
2019-07-09 16:26:13,732 INFO  client.GrpcClientProtocolClient (GrpcClientProtocolClient.java:onNext(255)) - client-0F1B900A64BD->9bf35ae9-4da0-4371-87fa-54ea3ce1f280: receive RaftClientReply:client-0F1B900A64BD->9bf35ae9-4da0-4371-87fa-54ea3ce1f280@group-432E83AF5B55, cid=2936, SUCCESS, logIndex=4377, commits[9bf35ae9-4da0-4371-87fa-54ea3ce1f280:c4377, 0cc34542-3a00-466e-ae84-194b84d3af7b:c4373, d451d94d-57a0-4545-b387-d428f64e3f33:c4373]
2019-07-09 16:26:13,746 INFO  client.GrpcClientProtocolClient (GrpcClientProtocolClient.java:onNext(255)) - client-0F1B900A64BD->9bf35ae9-4da0-4371-87fa-54ea3ce1f280: receive RaftClientReply:client-0F1B900A64BD->9bf35ae9-4da0-4371-87fa-54ea3ce1f280@group-432E83AF5B55, cid=2937, SUCCESS, logIndex=0, commits[9bf35ae9-4da0-4371-87fa-54ea3ce1f280:c4379, 0cc34542-3a00-466e-ae84-194b84d3af7b:c4377, d451d94d-57a0-4545-b387-d428f64e3f33:c4377]
2019-07-09 16:26:13,778 INFO  client.GrpcClientProtocolClient (GrpcClientProtocolClient.java:onNext(255)) - client-0F1B900A64BD->9bf35ae9-4da0-4371-87fa-54ea3ce1f280: receive RaftClientReply:client-0F1B900A64BD->9bf35ae9-4da0-4371-87fa-54ea3ce1f280@group-432E83AF5B55, cid=2938, SUCCESS, logIndex=4380, commits[9bf35ae9-4da0-4371-87fa-54ea3ce1f280:c4381, 0cc34542-3a00-466e-ae84-194b84d3af7b:c4379, d451d94d-57a0-4545-b387-d428f64e3f33:c4379]
2019-07-09 16:26:13,779 INFO  client.GrpcClientProtocolClient (GrpcClientProtocolClient.java:onNext(255)) - client-0F1B900A64BD->9bf35ae9-4da0-4371-87fa-54ea3ce1f280: receive RaftClientReply:client-0F1B900A64BD->9bf35ae9-4da0-4371-87fa-54ea3ce1f280@group-432E83AF5B55, cid=2939, SUCCESS, logIndex=4381, commits[9bf35ae9-4da0-4371-87fa-54ea3ce1f280:c4381, 0cc34542-3a00-466e-ae84-194b84d3af7b:c4379, d451d94d-57a0-4545-b387-d428f64e3f33:c4379]
2019-07-09 16:26:13,779 INFO  client.GrpcClientProtocolClient (GrpcClientProtocolClient.java:onNext(255)) - client-0F1B900A64BD->9bf35ae9-4da0-4371-87fa-54ea3ce1f280: receive RaftClientReply:client-0F1B900A64BD->9bf35ae9-4da0-4371-87fa-54ea3ce1f280@group-432E83AF5B55, cid=2940, SUCCESS, logIndex=4382, commits[9bf35ae9-4da0-4371-87fa-54ea3ce1f280:c4383, 0cc34542-3a00-466e-ae84-194b84d3af7b:c4379, d451d94d-57a0-4545-b387-d428f64e3f33:c4379]
2019-07-09 16:26:13,780 INFO  client.GrpcClientProtocolClient (GrpcClientProtocolClient.java:onNext(255)) - client-0F1B900A64BD->9bf35ae9-4da0-4371-87fa-54ea3ce1f280: receive RaftClientReply:client-0F1B900A64BD->9bf35ae9-4da0-4371-87fa-54ea3ce1f280@group-432E83AF5B55, cid=2941, SUCCESS, logIndex=4383, commits[9bf35ae9-4da0-4371-87fa-54ea3ce1f280:c4383, 0cc34542-3a00-466e-ae84-194b84d3af7b:c4379, d451d94d-57a0-4545-b387-d428f64e3f33:c4379]
2019-07-09 16:26:13,792 INFO  client.GrpcClientProtocolClient (GrpcClientProtocolClient.java:onNext(255)) - client-0F1B900A64BD->9bf35ae9-4da0-4371-87fa-54ea3ce1f280: receive RaftClientReply:client-0F1B900A64BD->9bf35ae9-4da0-4371-87fa-54ea3ce1f280@group-432E83AF5B55, cid=2942, SUCCESS, logIndex=0, commits[9bf35ae9-4da0-4371-87fa-54ea3ce1f280:c4385, 0cc34542-3a00-466e-ae84-194b84d3af7b:c4381, d451d94d-57a0-4545-b387-d428f64e3f33:c4381]
2019-07-09 16:26:13,813 INFO  client.GrpcClientProtocolClient (GrpcClientProtocolClient.java:onNext(255)) - client-0F1B900A64BD->9bf35ae9-4da0-4371-87fa-54ea3ce1f280: receive RaftClientReply:client-0F1B900A64BD->9bf35ae9-4da0-4371-87fa-54ea3ce1f280@group-432E83AF5B55, cid=2943, SUCCESS, logIndex=4388, commits[9bf35ae9-4da0-4371-87fa-54ea3ce1f280:c4389, 0cc34542-3a00-466e-ae84-194b84d3af7b:c4387, d451d94d-57a0-4545-b387-d428f64e3f33:c4387]
2019-07-09 16:26:13,813 INFO  client.GrpcClientProtocolClient (GrpcClientProtocolClient.java:onNext(255)) - client-0F1B900A64BD->9bf35ae9-4da0-4371-87fa-54ea3ce1f280: receive RaftClientReply:client-0F1B900A64BD->9bf35ae9-4da0-4371-87fa-54ea3ce1f280@group-432E83AF5B55, cid=2944, SUCCESS, logIndex=4389, commits[9bf35ae9-4da0-4371-87fa-54ea3ce1f280:c4389, 0cc34542-3a00-466e-ae84-194b84d3af7b:c4387, d451d94d-57a0-4545-b387-d428f64e3f33:c4387]
2019-07-09 16:26:13,833 INFO  client.GrpcClientProtocolClient (GrpcClientProtocolClient.java:onNext(255)) - client-0F1B900A64BD->9bf35ae9-4da0-4371-87fa-54ea3ce1f280: receive RaftClientReply:client-0F1B900A64BD->9bf35ae9-4da0-4371-87fa-54ea3ce1f280@group-432E83AF5B55, cid=2945, SUCCESS, logIndex=4392, commits[9bf35ae9-4da0-4371-87fa-54ea3ce1f280:c4393, 0cc34542-3a00-466e-ae84-194b84d3af7b:c4389, d451d94d-57a0-4545-b387-d428f64e3f33:c4389]
2019-07-09 16:26:13,833 INFO  client.GrpcClientProtocolClient (GrpcClientProtocolClient.java:onNext(255)) - client-0F1B900A64BD->9bf35ae9-4da0-4371-87fa-54ea3ce1f280: receive RaftClientReply:client-0F1B900A64BD->9bf35ae9-4da0-4371-87fa-54ea3ce1f280@group-432E83AF5B55, cid=2946, SUCCESS, logIndex=4393, commits[9bf35ae9-4da0-4371-87fa-54ea3ce1f280:c4393, 0cc34542-3a00-466e-ae84-194b84d3af7b:c4389, d451d94d-57a0-4545-b387-d428f64e3f33:c4389]
2019-07-09 16:26:13,840 INFO  client.GrpcClientProtocolClient (GrpcClientProtocolClient.java:onNext(255)) - client-0F1B900A64BD->9bf35ae9-4da0-4371-87fa-54ea3ce1f280: receive RaftClientReply:client-0F1B900A64BD->9bf35ae9-4da0-4371-87fa-54ea3ce1f280@group-432E83AF5B55, cid=2947, SUCCESS, logIndex=0, commits[9bf35ae9-4da0-4371-87fa-54ea3ce1f280:c4394, 0cc34542-3a00-466e-ae84-194b84d3af7b:c4393, d451d94d-57a0-4545-b387-d428f64e3f33:c4393]
2019-07-09 16:26:13,872 INFO  client.GrpcClientProtocolClient (GrpcClientProtocolClient.java:onNext(255)) - client-0F1B900A64BD->9bf35ae9-4da0-4371-87fa-54ea3ce1f280: receive RaftClientReply:client-0F1B900A64BD->9bf35ae9-4da0-4371-87fa-54ea3ce1f280@group-432E83AF5B55, cid=2948, SUCCESS, logIndex=4396, commits[9bf35ae9-4da0-4371-87fa-54ea3ce1f280:c4397, 0cc34542-3a00-466e-ae84-194b84d3af7b:c4395, d451d94d-57a0-4545-b387-d428f64e3f33:c4395]
2019-07-09 16:26:13,872 INFO  client.GrpcClientProtocolClient (GrpcClientProtocolClient.java:onNext(255)) - client-0F1B900A64BD->9bf35ae9-4da0-4371-87fa-54ea3ce1f280: receive RaftClientReply:client-0F1B900A64BD->9bf35ae9-4da0-4371-87fa-54ea3ce1f280@group-432E83AF5B55, cid=2949, SUCCESS, logIndex=4397, commits[9bf35ae9-4da0-4371-87fa-54ea3ce1f280:c4399, 0cc34542-3a00-466e-ae84-194b84d3af7b:c4395, d451d94d-57a0-4545-b387-d428f64e3f33:c4395]
2019-07-09 16:26:13,873 INFO  client.GrpcClientProtocolClient (GrpcClientProtocolClient.java:onNext(255)) - client-0F1B900A64BD->9bf35ae9-4da0-4371-87fa-54ea3ce1f280: receive RaftClientReply:client-0F1B900A64BD->9bf35ae9-4da0-4371-87fa-54ea3ce1f280@group-432E83AF5B55, cid=2950, SUCCESS, logIndex=4398, commits[9bf35ae9-4da0-4371-87fa-54ea3ce1f280:c4399, 0cc34542-3a00-466e-ae84-194b84d3af7b:c4395, d451d94d-57a0-4545-b387-d428f64e3f33:c4395]
2019-07-09 16:26:13,873 INFO  client.GrpcClientProtocolClient (GrpcClientProtocolClient.java:onNext(255)) - client-0F1B900A64BD->9bf35ae9-4da0-4371-87fa-54ea3ce1f280: receive RaftClientReply:client-0F1B900A64BD->9bf35ae9-4da0-4371-87fa-54ea3ce1f280@group-432E83AF5B55, cid=2951, SUCCESS, logIndex=4399, commits[9bf35ae9-4da0-4371-87fa-54ea3ce1f280:c4399, 0cc34542-3a00-466e-ae84-194b84d3af7b:c4395, d451d94d-57a0-4545-b387-d428f64e3f33:c4395]
2019-07-09 16:26:13,886 INFO  client.GrpcClientProtocolClient (GrpcClientProtocolClient.java:onNext(255)) - client-0F1B900A64BD->9bf35ae9-4da0-4371-87fa-54ea3ce1f280: receive RaftClientReply:client-0F1B900A64BD->9bf35ae9-4da0-4371-87fa-54ea3ce1f280@group-432E83AF5B55, cid=2952, SUCCESS, logIndex=0, commits[9bf35ae9-4da0-4371-87fa-54ea3ce1f280:c4401, 0cc34542-3a00-466e-ae84-194b84d3af7b:c4397, d451d94d-57a0-4545-b387-d428f64e3f33:c4397]
 0.00% |█                                                                                                    |  0/1 Time: 0:00:252019-07-09 16:26:13,904 INFO  client.GrpcClientProtocolClient (GrpcClientProtocolClient.java:onNext(255)) - client-0F1B900A64BD->9bf35ae9-4da0-4371-87fa-54ea3ce1f280: receive RaftClientReply:client-0F1B900A64BD->9bf35ae9-4da0-4371-87fa-54ea3ce1f280@group-432E83AF5B55, cid=2953, SUCCESS, logIndex=4404, commits[9bf35ae9-4da0-4371-87fa-54ea3ce1f280:c4405, 0cc34542-3a00-466e-ae84-194b84d3af7b:c4403, d451d94d-57a0-4545-b387-d428f64e3f33:c4403]
2019-07-09 16:26:13,905 INFO  client.GrpcClientProtocolClient (GrpcClientProtocolClient.java:onNext(255)) - client-0F1B900A64BD->9bf35ae9-4da0-4371-87fa-54ea3ce1f280: receive RaftClientReply:client-0F1B900A64BD->9bf35ae9-4da0-4371-87fa-54ea3ce1f280@group-432E83AF5B55, cid=2954, SUCCESS, logIndex=4405, commits[9bf35ae9-4da0-4371-87fa-54ea3ce1f280:c4405, 0cc34542-3a00-466e-ae84-194b84d3af7b:c4403, d451d94d-57a0-4545-b387-d428f64e3f33:c4403]
2019-07-09 16:26:13,919 INFO  client.GrpcClientProtocolClient (GrpcClientProtocolClient.java:onNext(255)) - client-0F1B900A64BD->9bf35ae9-4da0-4371-87fa-54ea3ce1f280: receive RaftClientReply:client-0F1B900A64BD->9bf35ae9-4da0-4371-87fa-54ea3ce1f280@group-432E83AF5B55, cid=2955, SUCCESS, logIndex=4408, commits[9bf35ae9-4da0-4371-87fa-54ea3ce1f280:c4408, 0cc34542-3a00-466e-ae84-194b84d3af7b:c4405, d451d94d-57a0-4545-b387-d428f64e3f33:c4405]
2019-07-09 16:26:13,919 INFO  client.GrpcClientProtocolClient (GrpcClientProtocolClient.java:onNext(255)) - client-0F1B900A64BD->9bf35ae9-4da0-4371-87fa-54ea3ce1f280: receive RaftClientReply:client-0F1B900A64BD->9bf35ae9-4da0-4371-87fa-54ea3ce1f280@group-432E83AF5B55, cid=2956, SUCCESS, logIndex=4409, commits[9bf35ae9-4da0-4371-87fa-54ea3ce1f280:c4409, 0cc34542-3a00-466e-ae84-194b84d3af7b:c4405, d451d94d-57a0-4545-b387-d428f64e3f33:c4405]
2019-07-09 16:26:13,934 INFO  client.GrpcClientProtocolClient (GrpcClientProtocolClient.java:onNext(255)) - client-0F1B900A64BD->9bf35ae9-4da0-4371-87fa-54ea3ce1f280: receive RaftClientReply:client-0F1B900A64BD->9bf35ae9-4da0-4371-87fa-54ea3ce1f280@group-432E83AF5B55, cid=2957, SUCCESS, logIndex=0, commits[9bf35ae9-4da0-4371-87fa-54ea3ce1f280:c4411, 0cc34542-3a00-466e-ae84-194b84d3af7b:c4409, d451d94d-57a0-4545-b387-d428f64e3f33:c4409]
2019-07-09 16:26:13,964 INFO  client.GrpcClientProtocolClient (GrpcClientProtocolClient.java:onNext(255)) - client-0F1B900A64BD->9bf35ae9-4da0-4371-87fa-54ea3ce1f280: receive RaftClientReply:client-0F1B900A64BD->9bf35ae9-4da0-4371-87fa-54ea3ce1f280@group-432E83AF5B55, cid=2958, SUCCESS, logIndex=4412, commits[9bf35ae9-4da0-4371-87fa-54ea3ce1f280:c4413, 0cc34542-3a00-466e-ae84-194b84d3af7b:c4411, d451d94d-57a0-4545-b387-d428f64e3f33:c4411]
2019-07-09 16:26:13,964 INFO  client.GrpcClientProtocolClient (GrpcClientProtocolClient.java:onNext(255)) - client-0F1B900A64BD->9bf35ae9-4da0-4371-87fa-54ea3ce1f280: receive RaftClientReply:client-0F1B900A64BD->9bf35ae9-4da0-4371-87fa-54ea3ce1f280@group-432E83AF5B55, cid=2959, SUCCESS, logIndex=4413, commits[9bf35ae9-4da0-4371-87fa-54ea3ce1f280:c4413, 0cc34542-3a00-466e-ae84-194b84d3af7b:c4411, d451d94d-57a0-4545-b387-d428f64e3f33:c4411]
2019-07-09 16:26:13,965 INFO  client.GrpcClientProtocolClient (GrpcClientProtocolClient.java:onNext(255)) - client-0F1B900A64BD->9bf35ae9-4da0-4371-87fa-54ea3ce1f280: receive RaftClientReply:client-0F1B900A64BD->9bf35ae9-4da0-4371-87fa-54ea3ce1f280@group-432E83AF5B55, cid=2960, SUCCESS, logIndex=4414, commits[9bf35ae9-4da0-4371-87fa-54ea3ce1f280:c4415, 0cc34542-3a00-466e-ae84-194b84d3af7b:c4411, d451d94d-57a0-4545-b387-d428f64e3f33:c4411]
2019-07-09 16:26:13,965 INFO  client.GrpcClientProtocolClient (GrpcClientProtocolClient.java:onNext(255)) - client-0F1B900A64BD->9bf35ae9-4da0-4371-87fa-54ea3ce1f280: receive RaftClientReply:client-0F1B900A64BD->9bf35ae9-4da0-4371-87fa-54ea3ce1f280@group-432E83AF5B55, cid=2961, SUCCESS, logIndex=4415, commits[9bf35ae9-4da0-4371-87fa-54ea3ce1f280:c4415, 0cc34542-3a00-466e-ae84-194b84d3af7b:c4411, d451d94d-57a0-4545-b387-d428f64e3f33:c4411]
2019-07-09 16:26:13,979 INFO  client.GrpcClientProtocolClient (GrpcClientProtocolClient.java:onNext(255)) - client-0F1B900A64BD->9bf35ae9-4da0-4371-87fa-54ea3ce1f280: receive RaftClientReply:client-0F1B900A64BD->9bf35ae9-4da0-4371-87fa-54ea3ce1f280@group-432E83AF5B55, cid=2962, SUCCESS, logIndex=0, commits[9bf35ae9-4da0-4371-87fa-54ea3ce1f280:c4418, 0cc34542-3a00-466e-ae84-194b84d3af7b:c4415, d451d94d-57a0-4545-b387-d428f64e3f33:c4413]
2019-07-09 16:26:14,001 INFO  client.GrpcClientProtocolClient (GrpcClientProtocolClient.java:onNext(255)) - client-0F1B900A64BD->9bf35ae9-4da0-4371-87fa-54ea3ce1f280: receive RaftClientReply:client-0F1B900A64BD->9bf35ae9-4da0-4371-87fa-54ea3ce1f280@group-432E83AF5B55, cid=2963, SUCCESS, logIndex=4419, commits[9bf35ae9-4da0-4371-87fa-54ea3ce1f280:c4420, 0cc34542-3a00-466e-ae84-194b84d3af7b:c4418, d451d94d-57a0-4545-b387-d428f64e3f33:c4418]
2019-07-09 16:26:14,002 INFO  client.GrpcClientProtocolClient (GrpcClientProtocolClient.java:onNext(255)) - client-0F1B900A64BD->9bf35ae9-4da0-4371-87fa-54ea3ce1f280: receive RaftClientReply:client-0F1B900A64BD->9bf35ae9-4da0-4371-87fa-54ea3ce1f280@group-432E83AF5B55, cid=2964, SUCCESS, logIndex=4420, commits[9bf35ae9-4da0-4371-87fa-54ea3ce1f280:c4420, 0cc34542-3a00-466e-ae84-194b84d3af7b:c4418, d451d94d-57a0-4545-b387-d428f64e3f33:c4418]
2019-07-09 16:26:14,057 INFO  client.GrpcClientProtocolClient (GrpcClientProtocolClient.java:onNext(255)) - client-0F1B900A64BD->9bf35ae9-4da0-4371-87fa-54ea3ce1f280: receive RaftClientReply:client-0F1B900A64BD->9bf35ae9-4da0-4371-87fa-54ea3ce1f280@group-432E83AF5B55, cid=2965, SUCCESS, logIndex=4423, commits[9bf35ae9-4da0-4371-87fa-54ea3ce1f280:c4423, 0cc34542-3a00-466e-ae84-194b84d3af7b:c4420, d451d94d-57a0-4545-b387-d428f64e3f33:c4420]
2019-07-09 16:26:14,058 INFO  client.GrpcClientProtocolClient (GrpcClientProtocolClient.java:onNext(255)) - client-0F1B900A64BD->9bf35ae9-4da0-4371-87fa-54ea3ce1f280: receive RaftClientReply:client-0F1B900A64BD->9bf35ae9-4da0-4371-87fa-54ea3ce1f280@group-432E83AF5B55, cid=2966, SUCCESS, logIndex=4424, commits[9bf35ae9-4da0-4371-87fa-54ea3ce1f280:c4424, 0cc34542-3a00-466e-ae84-194b84d3af7b:c4420, d451d94d-57a0-4545-b387-d428f64e3f33:c4420]
2019-07-09 16:26:14,072 INFO  client.GrpcClientProtocolClient (GrpcClientProtocolClient.java:onNext(255)) - client-0F1B900A64BD->9bf35ae9-4da0-4371-87fa-54ea3ce1f280: receive RaftClientReply:client-0F1B900A64BD->9bf35ae9-4da0-4371-87fa-54ea3ce1f280@group-432E83AF5B55, cid=2967, SUCCESS, logIndex=0, commits[9bf35ae9-4da0-4371-87fa-54ea3ce1f280:c4426, 0cc34542-3a00-466e-ae84-194b84d3af7b:c4424, d451d94d-57a0-4545-b387-d428f64e3f33:c4424]
2019-07-09 16:26:14,106 INFO  client.GrpcClientProtocolClient (GrpcClientProtocolClient.java:onNext(255)) - client-0F1B900A64BD->9bf35ae9-4da0-4371-87fa-54ea3ce1f280: receive RaftClientReply:client-0F1B900A64BD->9bf35ae9-4da0-4371-87fa-54ea3ce1f280@group-432E83AF5B55, cid=2968, SUCCESS, logIndex=4427, commits[9bf35ae9-4da0-4371-87fa-54ea3ce1f280:c4428, 0cc34542-3a00-466e-ae84-194b84d3af7b:c4426, d451d94d-57a0-4545-b387-d428f64e3f33:c4426]
2019-07-09 16:26:14,107 INFO  client.GrpcClientProtocolClient (GrpcClientProtocolClient.java:onNext(255)) - client-0F1B900A64BD->9bf35ae9-4da0-4371-87fa-54ea3ce1f280: receive RaftClientReply:client-0F1B900A64BD->9bf35ae9-4da0-4371-87fa-54ea3ce1f280@group-432E83AF5B55, cid=2969, SUCCESS, logIndex=4428, commits[9bf35ae9-4da0-4371-87fa-54ea3ce1f280:c4430, 0cc34542-3a00-466e-ae84-194b84d3af7b:c4426, d451d94d-57a0-4545-b387-d428f64e3f33:c4426]
2019-07-09 16:26:14,107 INFO  client.GrpcClientProtocolClient (GrpcClientProtocolClient.java:onNext(255)) - client-0F1B900A64BD->9bf35ae9-4da0-4371-87fa-54ea3ce1f280: receive RaftClientReply:client-0F1B900A64BD->9bf35ae9-4da0-4371-87fa-54ea3ce1f280@group-432E83AF5B55, cid=2970, SUCCESS, logIndex=4429, commits[9bf35ae9-4da0-4371-87fa-54ea3ce1f280:c4430, 0cc34542-3a00-466e-ae84-194b84d3af7b:c4426, d451d94d-57a0-4545-b387-d428f64e3f33:c4426]
2019-07-09 16:26:14,108 INFO  client.GrpcClientProtocolClient (GrpcClientProtocolClient.java:onNext(255)) - client-0F1B900A64BD->9bf35ae9-4da0-4371-87fa-54ea3ce1f280: receive RaftClientReply:client-0F1B900A64BD->9bf35ae9-4da0-4371-87fa-54ea3ce1f280@group-432E83AF5B55, cid=2971, SUCCESS, logIndex=4430, commits[9bf35ae9-4da0-4371-87fa-54ea3ce1f280:c4430, 0cc34542-3a00-466e-ae84-194b84d3af7b:c4426, d451d94d-57a0-4545-b387-d428f64e3f33:c4426]
2019-07-09 16:26:14,120 INFO  client.GrpcClientProtocolClient (GrpcClientProtocolClient.java:onNext(255)) - client-0F1B900A64BD->9bf35ae9-4da0-4371-87fa-54ea3ce1f280: receive RaftClientReply:client-0F1B900A64BD->9bf35ae9-4da0-4371-87fa-54ea3ce1f280@group-432E83AF5B55, cid=2972, SUCCESS, logIndex=0, commits[9bf35ae9-4da0-4371-87fa-54ea3ce1f280:c4432, 0cc34542-3a00-466e-ae84-194b84d3af7b:c4428, d451d94d-57a0-4545-b387-d428f64e3f33:c4428]
2019-07-09 16:26:14,142 INFO  client.GrpcClientProtocolClient (GrpcClientProtocolClient.java:onNext(255)) - client-0F1B900A64BD->9bf35ae9-4da0-4371-87fa-54ea3ce1f280: receive RaftClientReply:client-0F1B900A64BD->9bf35ae9-4da0-4371-87fa-54ea3ce1f280@group-432E83AF5B55, cid=2973, SUCCESS, logIndex=4435, commits[9bf35ae9-4da0-4371-87fa-54ea3ce1f280:c4436, 0cc34542-3a00-466e-ae84-194b84d3af7b:c4434, d451d94d-57a0-4545-b387-d428f64e3f33:c4434]
2019-07-09 16:26:14,142 INFO  client.GrpcClientProtocolClient (GrpcClientProtocolClient.java:onNext(255)) - client-0F1B900A64BD->9bf35ae9-4da0-4371-87fa-54ea3ce1f280: receive RaftClientReply:client-0F1B900A64BD->9bf35ae9-4da0-4371-87fa-54ea3ce1f280@group-432E83AF5B55, cid=2974, SUCCESS, logIndex=4436, commits[9bf35ae9-4da0-4371-87fa-54ea3ce1f280:c4436, 0cc34542-3a00-466e-ae84-194b84d3af7b:c4434, d451d94d-57a0-4545-b387-d428f64e3f33:c4434]
2019-07-09 16:26:14,166 INFO  client.GrpcClientProtocolClient (GrpcClientProtocolClient.java:onNext(255)) - client-0F1B900A64BD->9bf35ae9-4da0-4371-87fa-54ea3ce1f280: receive RaftClientReply:client-0F1B900A64BD->9bf35ae9-4da0-4371-87fa-54ea3ce1f280@group-432E83AF5B55, cid=2975, SUCCESS, logIndex=4439, commits[9bf35ae9-4da0-4371-87fa-54ea3ce1f280:c4440, 0cc34542-3a00-466e-ae84-194b84d3af7b:c4436, d451d94d-57a0-4545-b387-d428f64e3f33:c4436]
2019-07-09 16:26:14,167 INFO  client.GrpcClientProtocolClient (GrpcClientProtocolClient.java:onNext(255)) - client-0F1B900A64BD->9bf35ae9-4da0-4371-87fa-54ea3ce1f280: receive RaftClientReply:client-0F1B900A64BD->9bf35ae9-4da0-4371-87fa-54ea3ce1f280@group-432E83AF5B55, cid=2976, SUCCESS, logIndex=4440, commits[9bf35ae9-4da0-4371-87fa-54ea3ce1f280:c4440, 0cc34542-3a00-466e-ae84-194b84d3af7b:c4436, d451d94d-57a0-4545-b387-d428f64e3f33:c4436]
2019-07-09 16:26:14,170 INFO  client.GrpcClientProtocolClient (GrpcClientProtocolClient.java:onNext(255)) - client-0F1B900A64BD->9bf35ae9-4da0-4371-87fa-54ea3ce1f280: receive RaftClientReply:client-0F1B900A64BD->9bf35ae9-4da0-4371-87fa-54ea3ce1f280@group-432E83AF5B55, cid=2977, SUCCESS, logIndex=0, commits[9bf35ae9-4da0-4371-87fa-54ea3ce1f280:c4442, 0cc34542-3a00-466e-ae84-194b84d3af7b:c4440, d451d94d-57a0-4545-b387-d428f64e3f33:c4440]
2019-07-09 16:26:14,202 INFO  client.GrpcClientProtocolClient (GrpcClientProtocolClient.java:onNext(255)) - client-0F1B900A64BD->9bf35ae9-4da0-4371-87fa-54ea3ce1f280: receive RaftClientReply:client-0F1B900A64BD->9bf35ae9-4da0-4371-87fa-54ea3ce1f280@group-432E83AF5B55, cid=2978, SUCCESS, logIndex=4443, commits[9bf35ae9-4da0-4371-87fa-54ea3ce1f280:c4444, 0cc34542-3a00-466e-ae84-194b84d3af7b:c4442, d451d94d-57a0-4545-b387-d428f64e3f33:c4442]
2019-07-09 16:26:14,203 INFO  client.GrpcClientProtocolClient (GrpcClientProtocolClient.java:onNext(255)) - client-0F1B900A64BD->9bf35ae9-4da0-4371-87fa-54ea3ce1f280: receive RaftClientReply:client-0F1B900A64BD->9bf35ae9-4da0-4371-87fa-54ea3ce1f280@group-432E83AF5B55, cid=2979, SUCCESS, logIndex=4444, commits[9bf35ae9-4da0-4371-87fa-54ea3ce1f280:c4444, 0cc34542-3a00-466e-ae84-194b84d3af7b:c4442, d451d94d-57a0-4545-b387-d428f64e3f33:c4442]
2019-07-09 16:26:14,203 INFO  client.GrpcClientProtocolClient (GrpcClientProtocolClient.java:onNext(255)) - client-0F1B900A64BD->9bf35ae9-4da0-4371-87fa-54ea3ce1f280: receive RaftClientReply:client-0F1B900A64BD->9bf35ae9-4da0-4371-87fa-54ea3ce1f280@group-432E83AF5B55, cid=2980, SUCCESS, logIndex=4445, commits[9bf35ae9-4da0-4371-87fa-54ea3ce1f280:c4446, 0cc34542-3a00-466e-ae84-194b84d3af7b:c4442, d451d94d-57a0-4545-b387-d428f64e3f33:c4442]
2019-07-09 16:26:14,203 INFO  client.GrpcClientProtocolClient (GrpcClientProtocolClient.java:onNext(255)) - client-0F1B900A64BD->9bf35ae9-4da0-4371-87fa-54ea3ce1f280: receive RaftClientReply:client-0F1B900A64BD->9bf35ae9-4da0-4371-87fa-54ea3ce1f280@group-432E83AF5B55, cid=2981, SUCCESS, logIndex=4446, commits[9bf35ae9-4da0-4371-87fa-54ea3ce1f280:c4446, 0cc34542-3a00-466e-ae84-194b84d3af7b:c4442, d451d94d-57a0-4545-b387-d428f64e3f33:c4442]
2019-07-09 16:26:14,218 INFO  client.GrpcClientProtocolClient (GrpcClientProtocolClient.java:onNext(255)) - client-0F1B900A64BD->9bf35ae9-4da0-4371-87fa-54ea3ce1f280: receive RaftClientReply:client-0F1B900A64BD->9bf35ae9-4da0-4371-87fa-54ea3ce1f280@group-432E83AF5B55, cid=2982, SUCCESS, logIndex=0, commits[9bf35ae9-4da0-4371-87fa-54ea3ce1f280:c4448, 0cc34542-3a00-466e-ae84-194b84d3af7b:c4444, d451d94d-57a0-4545-b387-d428f64e3f33:c4444]
2019-07-09 16:26:14,232 INFO  client.GrpcClientProtocolClient (GrpcClientProtocolClient.java:onNext(255)) - client-0F1B900A64BD->9bf35ae9-4da0-4371-87fa-54ea3ce1f280: receive RaftClientReply:client-0F1B900A64BD->9bf35ae9-4da0-4371-87fa-54ea3ce1f280@group-432E83AF5B55, cid=2983, SUCCESS, logIndex=4451, commits[9bf35ae9-4da0-4371-87fa-54ea3ce1f280:c4452, 0cc34542-3a00-466e-ae84-194b84d3af7b:c4450, d451d94d-57a0-4545-b387-d428f64e3f33:c4450]
2019-07-09 16:26:14,232 INFO  client.GrpcClientProtocolClient (GrpcClientProtocolClient.java:onNext(255)) - client-0F1B900A64BD->9bf35ae9-4da0-4371-87fa-54ea3ce1f280: receive RaftClientReply:client-0F1B900A64BD->9bf35ae9-4da0-4371-87fa-54ea3ce1f280@group-432E83AF5B55, cid=2984, SUCCESS, logIndex=4452, commits[9bf35ae9-4da0-4371-87fa-54ea3ce1f280:c4452, 0cc34542-3a00-466e-ae84-194b84d3af7b:c4450, d451d94d-57a0-4545-b387-d428f64e3f33:c4450]
2019-07-09 16:26:14,246 INFO  client.GrpcClientProtocolClient (GrpcClientProtocolClient.java:onNext(255)) - client-0F1B900A64BD->9bf35ae9-4da0-4371-87fa-54ea3ce1f280: receive RaftClientReply:client-0F1B900A64BD->9bf35ae9-4da0-4371-87fa-54ea3ce1f280@group-432E83AF5B55, cid=2985, SUCCESS, logIndex=4455, commits[9bf35ae9-4da0-4371-87fa-54ea3ce1f280:c4455, 0cc34542-3a00-466e-ae84-194b84d3af7b:c4452, d451d94d-57a0-4545-b387-d428f64e3f33:c4452]
2019-07-09 16:26:14,247 INFO  client.GrpcClientProtocolClient (GrpcClientProtocolClient.java:onNext(255)) - client-0F1B900A64BD->9bf35ae9-4da0-4371-87fa-54ea3ce1f280: receive RaftClientReply:client-0F1B900A64BD->9bf35ae9-4da0-4371-87fa-54ea3ce1f280@group-432E83AF5B55, cid=2986, SUCCESS, logIndex=4456, commits[9bf35ae9-4da0-4371-87fa-54ea3ce1f280:c4456, 0cc34542-3a00-466e-ae84-194b84d3af7b:c4452, d451d94d-57a0-4545-b387-d428f64e3f33:c4452]
2019-07-09 16:26:14,261 INFO  client.GrpcClientProtocolClient (GrpcClientProtocolClient.java:onNext(255)) - client-0F1B900A64BD->9bf35ae9-4da0-4371-87fa-54ea3ce1f280: receive RaftClientReply:client-0F1B900A64BD->9bf35ae9-4da0-4371-87fa-54ea3ce1f280@group-432E83AF5B55, cid=2987, SUCCESS, logIndex=0, commits[9bf35ae9-4da0-4371-87fa-54ea3ce1f280:c4458, 0cc34542-3a00-466e-ae84-194b84d3af7b:c4456, d451d94d-57a0-4545-b387-d428f64e3f33:c4456]
2019-07-09 16:26:14,282 INFO  client.GrpcClientProtocolClient (GrpcClientProtocolClient.java:onNext(255)) - client-0F1B900A64BD->9bf35ae9-4da0-4371-87fa-54ea3ce1f280: receive RaftClientReply:client-0F1B900A64BD->9bf35ae9-4da0-4371-87fa-54ea3ce1f280@group-432E83AF5B55, cid=2988, SUCCESS, logIndex=4459, commits[9bf35ae9-4da0-4371-87fa-54ea3ce1f280:c4460, 0cc34542-3a00-466e-ae84-194b84d3af7b:c4456, d451d94d-57a0-4545-b387-d428f64e3f33:c4458]
2019-07-09 16:26:14,283 INFO  client.GrpcClientProtocolClient (GrpcClientProtocolClient.java:onNext(255)) - client-0F1B900A64BD->9bf35ae9-4da0-4371-87fa-54ea3ce1f280: receive RaftClientReply:client-0F1B900A64BD->9bf35ae9-4da0-4371-87fa-54ea3ce1f280@group-432E83AF5B55, cid=2989, SUCCESS, logIndex=4460, commits[9bf35ae9-4da0-4371-87fa-54ea3ce1f280:c4460, 0cc34542-3a00-466e-ae84-194b84d3af7b:c4456, d451d94d-57a0-4545-b387-d428f64e3f33:c4458]
2019-07-09 16:26:14,285 INFO  client.GrpcClientProtocolClient (GrpcClientProtocolClient.java:onNext(255)) - client-0F1B900A64BD->9bf35ae9-4da0-4371-87fa-54ea3ce1f280: receive RaftClientReply:client-0F1B900A64BD->9bf35ae9-4da0-4371-87fa-54ea3ce1f280@group-432E83AF5B55, cid=2990, SUCCESS, logIndex=4461, commits[9bf35ae9-4da0-4371-87fa-54ea3ce1f280:c4461, 0cc34542-3a00-466e-ae84-194b84d3af7b:c4458, d451d94d-57a0-4545-b387-d428f64e3f33:c4458]
2019-07-09 16:26:14,285 INFO  client.GrpcClientProtocolClient (GrpcClientProtocolClient.java:onNext(255)) - client-0F1B900A64BD->9bf35ae9-4da0-4371-87fa-54ea3ce1f280: receive RaftClientReply:client-0F1B900A64BD->9bf35ae9-4da0-4371-87fa-54ea3ce1f280@group-432E83AF5B55, cid=2991, SUCCESS, logIndex=4462, commits[9bf35ae9-4da0-4371-87fa-54ea3ce1f280:c4462, 0cc34542-3a00-466e-ae84-194b84d3af7b:c4458, d451d94d-57a0-4545-b387-d428f64e3f33:c4458]
2019-07-09 16:26:14,286 INFO  client.GrpcClientProtocolClient (GrpcClientProtocolClient.java:onNext(255)) - client-0F1B900A64BD->9bf35ae9-4da0-4371-87fa-54ea3ce1f280: receive RaftClientReply:client-0F1B900A64BD->9bf35ae9-4da0-4371-87fa-54ea3ce1f280@group-432E83AF5B55, cid=2992, SUCCESS, logIndex=0, commits[9bf35ae9-4da0-4371-87fa-54ea3ce1f280:c4463, 0cc34542-3a00-466e-ae84-194b84d3af7b:c4460, d451d94d-57a0-4545-b387-d428f64e3f33:c4460]
2019-07-09 16:26:14,298 INFO  client.GrpcClientProtocolClient (GrpcClientProtocolClient.java:onNext(255)) - client-0F1B900A64BD->9bf35ae9-4da0-4371-87fa-54ea3ce1f280: receive RaftClientReply:client-0F1B900A64BD->9bf35ae9-4da0-4371-87fa-54ea3ce1f280@group-432E83AF5B55, cid=2993, SUCCESS, logIndex=4467, commits[9bf35ae9-4da0-4371-87fa-54ea3ce1f280:c4468, 0cc34542-3a00-466e-ae84-194b84d3af7b:c4462, d451d94d-57a0-4545-b387-d428f64e3f33:c4466]
2019-07-09 16:26:14,299 INFO  client.GrpcClientProtocolClient (GrpcClientProtocolClient.java:onNext(255)) - client-0F1B900A64BD->9bf35ae9-4da0-4371-87fa-54ea3ce1f280: receive RaftClientReply:client-0F1B900A64BD->9bf35ae9-4da0-4371-87fa-54ea3ce1f280@group-432E83AF5B55, cid=2994, SUCCESS, logIndex=4468, commits[9bf35ae9-4da0-4371-87fa-54ea3ce1f280:c4468, 0cc34542-3a00-466e-ae84-194b84d3af7b:c4466, d451d94d-57a0-4545-b387-d428f64e3f33:c4466]
2019-07-09 16:26:14,310 INFO  client.GrpcClientProtocolClient (GrpcClientProtocolClient.java:onNext(255)) - client-0F1B900A64BD->9bf35ae9-4da0-4371-87fa-54ea3ce1f280: receive RaftClientReply:client-0F1B900A64BD->9bf35ae9-4da0-4371-87fa-54ea3ce1f280@group-432E83AF5B55, cid=2995, SUCCESS, logIndex=4471, commits[9bf35ae9-4da0-4371-87fa-54ea3ce1f280:c4472, 0cc34542-3a00-466e-ae84-194b84d3af7b:c4470, d451d94d-57a0-4545-b387-d428f64e3f33:c4468]
2019-07-09 16:26:14,310 INFO  client.GrpcClientProtocolClient (GrpcClientProtocolClient.java:onNext(255)) - client-0F1B900A64BD->9bf35ae9-4da0-4371-87fa-54ea3ce1f280: receive RaftClientReply:client-0F1B900A64BD->9bf35ae9-4da0-4371-87fa-54ea3ce1f280@group-432E83AF5B55, cid=2996, SUCCESS, logIndex=4472, commits[9bf35ae9-4da0-4371-87fa-54ea3ce1f280:c4472, 0cc34542-3a00-466e-ae84-194b84d3af7b:c4470, d451d94d-57a0-4545-b387-d428f64e3f33:c4470]
2019-07-09 16:26:14,313 INFO  client.GrpcClientProtocolClient (GrpcClientProtocolClient.java:onNext(255)) - client-0F1B900A64BD->9bf35ae9-4da0-4371-87fa-54ea3ce1f280: receive RaftClientReply:client-0F1B900A64BD->9bf35ae9-4da0-4371-87fa-54ea3ce1f280@group-432E83AF5B55, cid=2997, SUCCESS, logIndex=0, commits[9bf35ae9-4da0-4371-87fa-54ea3ce1f280:c4473, 0cc34542-3a00-466e-ae84-194b84d3af7b:c4472, d451d94d-57a0-4545-b387-d428f64e3f33:c4472]
2019-07-09 16:26:14,332 INFO  client.GrpcClientProtocolClient (GrpcClientProtocolClient.java:onNext(255)) - client-0F1B900A64BD->9bf35ae9-4da0-4371-87fa-54ea3ce1f280: receive RaftClientReply:client-0F1B900A64BD->9bf35ae9-4da0-4371-87fa-54ea3ce1f280@group-432E83AF5B55, cid=2998, SUCCESS, logIndex=4475, commits[9bf35ae9-4da0-4371-87fa-54ea3ce1f280:c4476, 0cc34542-3a00-466e-ae84-194b84d3af7b:c4474, d451d94d-57a0-4545-b387-d428f64e3f33:c4472]
2019-07-09 16:26:14,332 INFO  client.GrpcClientProtocolClient (GrpcClientProtocolClient.java:onNext(255)) - client-0F1B900A64BD->9bf35ae9-4da0-4371-87fa-54ea3ce1f280: receive RaftClientReply:client-0F1B900A64BD->9bf35ae9-4da0-4371-87fa-54ea3ce1f280@group-432E83AF5B55, cid=2999, SUCCESS, logIndex=4476, commits[9bf35ae9-4da0-4371-87fa-54ea3ce1f280:c4476, 0cc34542-3a00-466e-ae84-194b84d3af7b:c4474, d451d94d-57a0-4545-b387-d428f64e3f33:c4472]
2019-07-09 16:26:14,333 INFO  client.GrpcClientProtocolClient (GrpcClientProtocolClient.java:onNext(255)) - client-0F1B900A64BD->9bf35ae9-4da0-4371-87fa-54ea3ce1f280: receive RaftClientReply:client-0F1B900A64BD->9bf35ae9-4da0-4371-87fa-54ea3ce1f280@group-432E83AF5B55, cid=3000, SUCCESS, logIndex=4477, commits[9bf35ae9-4da0-4371-87fa-54ea3ce1f280:c4477, 0cc34542-3a00-466e-ae84-194b84d3af7b:c4474, d451d94d-57a0-4545-b387-d428f64e3f33:c4474]
2019-07-09 16:26:14,334 INFO  client.GrpcClientProtocolClient (GrpcClientProtocolClient.java:onNext(255)) - client-0F1B900A64BD->9bf35ae9-4da0-4371-87fa-54ea3ce1f280: receive RaftClientReply:client-0F1B900A64BD->9bf35ae9-4da0-4371-87fa-54ea3ce1f280@group-432E83AF5B55, cid=3001, SUCCESS, logIndex=4478, commits[9bf35ae9-4da0-4371-87fa-54ea3ce1f280:c4478, 0cc34542-3a00-466e-ae84-194b84d3af7b:c4474, d451d94d-57a0-4545-b387-d428f64e3f33:c4474]
2019-07-09 16:26:14,335 INFO  client.GrpcClientProtocolClient (GrpcClientProtocolClient.java:onNext(255)) - client-0F1B900A64BD->9bf35ae9-4da0-4371-87fa-54ea3ce1f280: receive RaftClientReply:client-0F1B900A64BD->9bf35ae9-4da0-4371-87fa-54ea3ce1f280@group-432E83AF5B55, cid=3002, SUCCESS, logIndex=0, commits[9bf35ae9-4da0-4371-87fa-54ea3ce1f280:c4481, 0cc34542-3a00-466e-ae84-194b84d3af7b:c4477, d451d94d-57a0-4545-b387-d428f64e3f33:c4476]
2019-07-09 16:26:14,358 INFO  client.GrpcClientProtocolClient (GrpcClientProtocolClient.java:onNext(255)) - client-0F1B900A64BD->9bf35ae9-4da0-4371-87fa-54ea3ce1f280: receive RaftClientReply:client-0F1B900A64BD->9bf35ae9-4da0-4371-87fa-54ea3ce1f280@group-432E83AF5B55, cid=3003, SUCCESS, logIndex=4483, commits[9bf35ae9-4da0-4371-87fa-54ea3ce1f280:c4484, 0cc34542-3a00-466e-ae84-194b84d3af7b:c4482, d451d94d-57a0-4545-b387-d428f64e3f33:c4482]
2019-07-09 16:26:14,358 INFO  client.GrpcClientProtocolClient (GrpcClientProtocolClient.java:onNext(255)) - client-0F1B900A64BD->9bf35ae9-4da0-4371-87fa-54ea3ce1f280: receive RaftClientReply:client-0F1B900A64BD->9bf35ae9-4da0-4371-87fa-54ea3ce1f280@group-432E83AF5B55, cid=3004, SUCCESS, logIndex=4484, commits[9bf35ae9-4da0-4371-87fa-54ea3ce1f280:c4484, 0cc34542-3a00-466e-ae84-194b84d3af7b:c4482, d451d94d-57a0-4545-b387-d428f64e3f33:c4482]
2019-07-09 16:26:14,372 INFO  client.GrpcClientProtocolClient (GrpcClientProtocolClient.java:onNext(255)) - client-0F1B900A64BD->9bf35ae9-4da0-4371-87fa-54ea3ce1f280: receive RaftClientReply:client-0F1B900A64BD->9bf35ae9-4da0-4371-87fa-54ea3ce1f280@group-432E83AF5B55, cid=3005, SUCCESS, logIndex=4487, commits[9bf35ae9-4da0-4371-87fa-54ea3ce1f280:c4488, 0cc34542-3a00-466e-ae84-194b84d3af7b:c4486, d451d94d-57a0-4545-b387-d428f64e3f33:c4486]
2019-07-09 16:26:14,372 INFO  client.GrpcClientProtocolClient (GrpcClientProtocolClient.java:onNext(255)) - client-0F1B900A64BD->9bf35ae9-4da0-4371-87fa-54ea3ce1f280: receive RaftClientReply:client-0F1B900A64BD->9bf35ae9-4da0-4371-87fa-54ea3ce1f280@group-432E83AF5B55, cid=3006, SUCCESS, logIndex=4488, commits[9bf35ae9-4da0-4371-87fa-54ea3ce1f280:c4488, 0cc34542-3a00-466e-ae84-194b84d3af7b:c4486, d451d94d-57a0-4545-b387-d428f64e3f33:c4486]
2019-07-09 16:26:14,384 INFO  client.GrpcClientProtocolClient (GrpcClientProtocolClient.java:onNext(255)) - client-0F1B900A64BD->9bf35ae9-4da0-4371-87fa-54ea3ce1f280: receive RaftClientReply:client-0F1B900A64BD->9bf35ae9-4da0-4371-87fa-54ea3ce1f280@group-432E83AF5B55, cid=3007, SUCCESS, logIndex=0, commits[9bf35ae9-4da0-4371-87fa-54ea3ce1f280:c4489, 0cc34542-3a00-466e-ae84-194b84d3af7b:c4488, d451d94d-57a0-4545-b387-d428f64e3f33:c4488]
2019-07-09 16:26:14,415 INFO  client.GrpcClientProtocolClient (GrpcClientProtocolClient.java:onNext(255)) - client-0F1B900A64BD->9bf35ae9-4da0-4371-87fa-54ea3ce1f280: receive RaftClientReply:client-0F1B900A64BD->9bf35ae9-4da0-4371-87fa-54ea3ce1f280@group-432E83AF5B55, cid=3008, SUCCESS, logIndex=4491, commits[9bf35ae9-4da0-4371-87fa-54ea3ce1f280:c4492, 0cc34542-3a00-466e-ae84-194b84d3af7b:c4490, d451d94d-57a0-4545-b387-d428f64e3f33:c4490]
2019-07-09 16:26:14,415 INFO  client.GrpcClientProtocolClient (GrpcClientProtocolClient.java:onNext(255)) - client-0F1B900A64BD->9bf35ae9-4da0-4371-87fa-54ea3ce1f280: receive RaftClientReply:client-0F1B900A64BD->9bf35ae9-4da0-4371-87fa-54ea3ce1f280@group-432E83AF5B55, cid=3009, SUCCESS, logIndex=4492, commits[9bf35ae9-4da0-4371-87fa-54ea3ce1f280:c4492, 0cc34542-3a00-466e-ae84-194b84d3af7b:c4490, d451d94d-57a0-4545-b387-d428f64e3f33:c4490]
2019-07-09 16:26:14,415 INFO  client.GrpcClientProtocolClient (GrpcClientProtocolClient.java:onNext(255)) - client-0F1B900A64BD->9bf35ae9-4da0-4371-87fa-54ea3ce1f280: receive RaftClientReply:client-0F1B900A64BD->9bf35ae9-4da0-4371-87fa-54ea3ce1f280@group-432E83AF5B55, cid=3010, SUCCESS, logIndex=4493, commits[9bf35ae9-4da0-4371-87fa-54ea3ce1f280:c4494, 0cc34542-3a00-466e-ae84-194b84d3af7b:c4490, d451d94d-57a0-4545-b387-d428f64e3f33:c4490]
2019-07-09 16:26:14,416 INFO  client.GrpcClientProtocolClient (GrpcClientProtocolClient.java:onNext(255)) - client-0F1B900A64BD->9bf35ae9-4da0-4371-87fa-54ea3ce1f280: receive RaftClientReply:client-0F1B900A64BD->9bf35ae9-4da0-4371-87fa-54ea3ce1f280@group-432E83AF5B55, cid=3011, SUCCESS, logIndex=4494, commits[9bf35ae9-4da0-4371-87fa-54ea3ce1f280:c4494, 0cc34542-3a00-466e-ae84-194b84d3af7b:c4490, d451d94d-57a0-4545-b387-d428f64e3f33:c4490]
2019-07-09 16:26:14,428 INFO  client.GrpcClientProtocolClient (GrpcClientProtocolClient.java:onNext(255)) - client-0F1B900A64BD->9bf35ae9-4da0-4371-87fa-54ea3ce1f280: receive RaftClientReply:client-0F1B900A64BD->9bf35ae9-4da0-4371-87fa-54ea3ce1f280@group-432E83AF5B55, cid=3012, SUCCESS, logIndex=0, commits[9bf35ae9-4da0-4371-87fa-54ea3ce1f280:c4496, 0cc34542-3a00-466e-ae84-194b84d3af7b:c4492, d451d94d-57a0-4545-b387-d428f64e3f33:c4492]
2019-07-09 16:26:14,447 INFO  client.GrpcClientProtocolClient (GrpcClientProtocolClient.java:onNext(255)) - client-0F1B900A64BD->9bf35ae9-4da0-4371-87fa-54ea3ce1f280: receive RaftClientReply:client-0F1B900A64BD->9bf35ae9-4da0-4371-87fa-54ea3ce1f280@group-432E83AF5B55, cid=3013, SUCCESS, logIndex=4499, commits[9bf35ae9-4da0-4371-87fa-54ea3ce1f280:c4500, 0cc34542-3a00-466e-ae84-194b84d3af7b:c4498, d451d94d-57a0-4545-b387-d428f64e3f33:c4498]
2019-07-09 16:26:14,447 INFO  client.GrpcClientProtocolClient (GrpcClientProtocolClient.java:onNext(255)) - client-0F1B900A64BD->9bf35ae9-4da0-4371-87fa-54ea3ce1f280: receive RaftClientReply:client-0F1B900A64BD->9bf35ae9-4da0-4371-87fa-54ea3ce1f280@group-432E83AF5B55, cid=3014, SUCCESS, logIndex=4500, commits[9bf35ae9-4da0-4371-87fa-54ea3ce1f280:c4500, 0cc34542-3a00-466e-ae84-194b84d3af7b:c4498, d451d94d-57a0-4545-b387-d428f64e3f33:c4498]
2019-07-09 16:26:14,477 INFO  client.GrpcClientProtocolClient (GrpcClientProtocolClient.java:onNext(255)) - client-0F1B900A64BD->9bf35ae9-4da0-4371-87fa-54ea3ce1f280: receive RaftClientReply:client-0F1B900A64BD->9bf35ae9-4da0-4371-87fa-54ea3ce1f280@group-432E83AF5B55, cid=3015, SUCCESS, logIndex=4503, commits[9bf35ae9-4da0-4371-87fa-54ea3ce1f280:c4504, 0cc34542-3a00-466e-ae84-194b84d3af7b:c4500, d451d94d-57a0-4545-b387-d428f64e3f33:c4500]
2019-07-09 16:26:14,477 INFO  client.GrpcClientProtocolClient (GrpcClientProtocolClient.java:onNext(255)) - client-0F1B900A64BD->9bf35ae9-4da0-4371-87fa-54ea3ce1f280: receive RaftClientReply:client-0F1B900A64BD->9bf35ae9-4da0-4371-87fa-54ea3ce1f280@group-432E83AF5B55, cid=3016, SUCCESS, logIndex=4504, commits[9bf35ae9-4da0-4371-87fa-54ea3ce1f280:c4504, 0cc34542-3a00-466e-ae84-194b84d3af7b:c4500, d451d94d-57a0-4545-b387-d428f64e3f33:c4500]
2019-07-09 16:26:14,503 INFO  client.GrpcClientProtocolClient (GrpcClientProtocolClient.java:onNext(255)) - client-0F1B900A64BD->9bf35ae9-4da0-4371-87fa-54ea3ce1f280: receive RaftClientReply:client-0F1B900A64BD->9bf35ae9-4da0-4371-87fa-54ea3ce1f280@group-432E83AF5B55, cid=3017, SUCCESS, logIndex=0, commits[9bf35ae9-4da0-4371-87fa-54ea3ce1f280:c4506, 0cc34542-3a00-466e-ae84-194b84d3af7b:c4504, d451d94d-57a0-4545-b387-d428f64e3f33:c4504]
2019-07-09 16:26:14,645 INFO  client.GrpcClientProtocolClient (GrpcClientProtocolClient.java:onNext(255)) - client-0F1B900A64BD->9bf35ae9-4da0-4371-87fa-54ea3ce1f280: receive RaftClientReply:client-0F1B900A64BD->9bf35ae9-4da0-4371-87fa-54ea3ce1f280@group-432E83AF5B55, cid=3018, SUCCESS, logIndex=4507, commits[9bf35ae9-4da0-4371-87fa-54ea3ce1f280:c4508, 0cc34542-3a00-466e-ae84-194b84d3af7b:c4506, d451d94d-57a0-4545-b387-d428f64e3f33:c4506]
2019-07-09 16:26:14,646 INFO  client.GrpcClientProtocolClient (GrpcClientProtocolClient.java:onNext(255)) - client-0F1B900A64BD->9bf35ae9-4da0-4371-87fa-54ea3ce1f280: receive RaftClientReply:client-0F1B900A64BD->9bf35ae9-4da0-4371-87fa-54ea3ce1f280@group-432E83AF5B55, cid=3019, SUCCESS, logIndex=4508, commits[9bf35ae9-4da0-4371-87fa-54ea3ce1f280:c4509, 0cc34542-3a00-466e-ae84-194b84d3af7b:c4506, d451d94d-57a0-4545-b387-d428f64e3f33:c4506]
2019-07-09 16:26:14,646 INFO  client.GrpcClientProtocolClient (GrpcClientProtocolClient.java:onNext(255)) - client-0F1B900A64BD->9bf35ae9-4da0-4371-87fa-54ea3ce1f280: receive RaftClientReply:client-0F1B900A64BD->9bf35ae9-4da0-4371-87fa-54ea3ce1f280@group-432E83AF5B55, cid=3020, SUCCESS, logIndex=4509, commits[9bf35ae9-4da0-4371-87fa-54ea3ce1f280:c4510, 0cc34542-3a00-466e-ae84-194b84d3af7b:c4506, d451d94d-57a0-4545-b387-d428f64e3f33:c4506]
2019-07-09 16:26:14,647 INFO  client.GrpcClientProtocolClient (GrpcClientProtocolClient.java:onNext(255)) - client-0F1B900A64BD->9bf35ae9-4da0-4371-87fa-54ea3ce1f280: receive RaftClientReply:client-0F1B900A64BD->9bf35ae9-4da0-4371-87fa-54ea3ce1f280@group-432E83AF5B55, cid=3021, SUCCESS, logIndex=4510, commits[9bf35ae9-4da0-4371-87fa-54ea3ce1f280:c4510, 0cc34542-3a00-466e-ae84-194b84d3af7b:c4506, d451d94d-57a0-4545-b387-d428f64e3f33:c4506]
2019-07-09 16:26:14,660 INFO  client.GrpcClientProtocolClient (GrpcClientProtocolClient.java:onNext(255)) - client-0F1B900A64BD->9bf35ae9-4da0-4371-87fa-54ea3ce1f280: receive RaftClientReply:client-0F1B900A64BD->9bf35ae9-4da0-4371-87fa-54ea3ce1f280@group-432E83AF5B55, cid=3022, SUCCESS, logIndex=0, commits[9bf35ae9-4da0-4371-87fa-54ea3ce1f280:c4512, 0cc34542-3a00-466e-ae84-194b84d3af7b:c4508, d451d94d-57a0-4545-b387-d428f64e3f33:c4508]
2019-07-09 16:26:14,738 INFO  client.GrpcClientProtocolClient (GrpcClientProtocolClient.java:onNext(255)) - client-0F1B900A64BD->9bf35ae9-4da0-4371-87fa-54ea3ce1f280: receive RaftClientReply:client-0F1B900A64BD->9bf35ae9-4da0-4371-87fa-54ea3ce1f280@group-432E83AF5B55, cid=3023, SUCCESS, logIndex=4515, commits[9bf35ae9-4da0-4371-87fa-54ea3ce1f280:c4516, 0cc34542-3a00-466e-ae84-194b84d3af7b:c4514, d451d94d-57a0-4545-b387-d428f64e3f33:c4514]
2019-07-09 16:26:14,739 INFO  client.GrpcClientProtocolClient (GrpcClientProtocolClient.java:onNext(255)) - client-0F1B900A64BD->9bf35ae9-4da0-4371-87fa-54ea3ce1f280: receive RaftClientReply:client-0F1B900A64BD->9bf35ae9-4da0-4371-87fa-54ea3ce1f280@group-432E83AF5B55, cid=3024, SUCCESS, logIndex=4516, commits[9bf35ae9-4da0-4371-87fa-54ea3ce1f280:c4516, 0cc34542-3a00-466e-ae84-194b84d3af7b:c4514, d451d94d-57a0-4545-b387-d428f64e3f33:c4514]
2019-07-09 16:26:14,752 INFO  client.GrpcClientProtocolClient (GrpcClientProtocolClient.java:onNext(255)) - client-0F1B900A64BD->9bf35ae9-4da0-4371-87fa-54ea3ce1f280: receive RaftClientReply:client-0F1B900A64BD->9bf35ae9-4da0-4371-87fa-54ea3ce1f280@group-432E83AF5B55, cid=3025, SUCCESS, logIndex=4519, commits[9bf35ae9-4da0-4371-87fa-54ea3ce1f280:c4520, 0cc34542-3a00-466e-ae84-194b84d3af7b:c4516, d451d94d-57a0-4545-b387-d428f64e3f33:c4516]
2019-07-09 16:26:14,752 INFO  client.GrpcClientProtocolClient (GrpcClientProtocolClient.java:onNext(255)) - client-0F1B900A64BD->9bf35ae9-4da0-4371-87fa-54ea3ce1f280: receive RaftClientReply:client-0F1B900A64BD->9bf35ae9-4da0-4371-87fa-54ea3ce1f280@group-432E83AF5B55, cid=3026, SUCCESS, logIndex=4520, commits[9bf35ae9-4da0-4371-87fa-54ea3ce1f280:c4520, 0cc34542-3a00-466e-ae84-194b84d3af7b:c4516, d451d94d-57a0-4545-b387-d428f64e3f33:c4516]
2019-07-09 16:26:14,765 INFO  client.GrpcClientProtocolClient (GrpcClientProtocolClient.java:onNext(255)) - client-0F1B900A64BD->9bf35ae9-4da0-4371-87fa-54ea3ce1f280: receive RaftClientReply:client-0F1B900A64BD->9bf35ae9-4da0-4371-87fa-54ea3ce1f280@group-432E83AF5B55, cid=3027, SUCCESS, logIndex=0, commits[9bf35ae9-4da0-4371-87fa-54ea3ce1f280:c4521, 0cc34542-3a00-466e-ae84-194b84d3af7b:c4520, d451d94d-57a0-4545-b387-d428f64e3f33:c4520]
2019-07-09 16:26:14,796 INFO  client.GrpcClientProtocolClient (GrpcClientProtocolClient.java:onNext(255)) - client-0F1B900A64BD->9bf35ae9-4da0-4371-87fa-54ea3ce1f280: receive RaftClientReply:client-0F1B900A64BD->9bf35ae9-4da0-4371-87fa-54ea3ce1f280@group-432E83AF5B55, cid=3028, SUCCESS, logIndex=4523, commits[9bf35ae9-4da0-4371-87fa-54ea3ce1f280:c4524, 0cc34542-3a00-466e-ae84-194b84d3af7b:c4522, d451d94d-57a0-4545-b387-d428f64e3f33:c4522]
2019-07-09 16:26:14,797 INFO  client.GrpcClientProtocolClient (GrpcClientProtocolClient.java:onNext(255)) - client-0F1B900A64BD->9bf35ae9-4da0-4371-87fa-54ea3ce1f280: receive RaftClientReply:client-0F1B900A64BD->9bf35ae9-4da0-4371-87fa-54ea3ce1f280@group-432E83AF5B55, cid=3029, SUCCESS, logIndex=4524, commits[9bf35ae9-4da0-4371-87fa-54ea3ce1f280:c4524, 0cc34542-3a00-466e-ae84-194b84d3af7b:c4522, d451d94d-57a0-4545-b387-d428f64e3f33:c4522]
2019-07-09 16:26:14,797 INFO  client.GrpcClientProtocolClient (GrpcClientProtocolClient.java:onNext(255)) - client-0F1B900A64BD->9bf35ae9-4da0-4371-87fa-54ea3ce1f280: receive RaftClientReply:client-0F1B900A64BD->9bf35ae9-4da0-4371-87fa-54ea3ce1f280@group-432E83AF5B55, cid=3030, SUCCESS, logIndex=4525, commits[9bf35ae9-4da0-4371-87fa-54ea3ce1f280:c4526, 0cc34542-3a00-466e-ae84-194b84d3af7b:c4522, d451d94d-57a0-4545-b387-d428f64e3f33:c4522]
2019-07-09 16:26:14,798 INFO  client.GrpcClientProtocolClient (GrpcClientProtocolClient.java:onNext(255)) - client-0F1B900A64BD->9bf35ae9-4da0-4371-87fa-54ea3ce1f280: receive RaftClientReply:client-0F1B900A64BD->9bf35ae9-4da0-4371-87fa-54ea3ce1f280@group-432E83AF5B55, cid=3031, SUCCESS, logIndex=4526, commits[9bf35ae9-4da0-4371-87fa-54ea3ce1f280:c4526, 0cc34542-3a00-466e-ae84-194b84d3af7b:c4522, d451d94d-57a0-4545-b387-d428f64e3f33:c4522]
2019-07-09 16:26:14,810 INFO  client.GrpcClientProtocolClient (GrpcClientProtocolClient.java:onNext(255)) - client-0F1B900A64BD->9bf35ae9-4da0-4371-87fa-54ea3ce1f280: receive RaftClientReply:client-0F1B900A64BD->9bf35ae9-4da0-4371-87fa-54ea3ce1f280@group-432E83AF5B55, cid=3032, SUCCESS, logIndex=0, commits[9bf35ae9-4da0-4371-87fa-54ea3ce1f280:c4528, 0cc34542-3a00-466e-ae84-194b84d3af7b:c4524, d451d94d-57a0-4545-b387-d428f64e3f33:c4524]
2019-07-09 16:26:14,831 INFO  client.GrpcClientProtocolClient (GrpcClientProtocolClient.java:onNext(255)) - client-0F1B900A64BD->9bf35ae9-4da0-4371-87fa-54ea3ce1f280: receive RaftClientReply:client-0F1B900A64BD->9bf35ae9-4da0-4371-87fa-54ea3ce1f280@group-432E83AF5B55, cid=3033, SUCCESS, logIndex=4531, commits[9bf35ae9-4da0-4371-87fa-54ea3ce1f280:c4532, 0cc34542-3a00-466e-ae84-194b84d3af7b:c4530, d451d94d-57a0-4545-b387-d428f64e3f33:c4530]
2019-07-09 16:26:14,831 INFO  client.GrpcClientProtocolClient (GrpcClientProtocolClient.java:onNext(255)) - client-0F1B900A64BD->9bf35ae9-4da0-4371-87fa-54ea3ce1f280: receive RaftClientReply:client-0F1B900A64BD->9bf35ae9-4da0-4371-87fa-54ea3ce1f280@group-432E83AF5B55, cid=3034, SUCCESS, logIndex=4532, commits[9bf35ae9-4da0-4371-87fa-54ea3ce1f280:c4532, 0cc34542-3a00-466e-ae84-194b84d3af7b:c4530, d451d94d-57a0-4545-b387-d428f64e3f33:c4530]
2019-07-09 16:26:14,846 INFO  client.GrpcClientProtocolClient (GrpcClientProtocolClient.java:onNext(255)) - client-0F1B900A64BD->9bf35ae9-4da0-4371-87fa-54ea3ce1f280: receive RaftClientReply:client-0F1B900A64BD->9bf35ae9-4da0-4371-87fa-54ea3ce1f280@group-432E83AF5B55, cid=3035, SUCCESS, logIndex=4535, commits[9bf35ae9-4da0-4371-87fa-54ea3ce1f280:c4536, 0cc34542-3a00-466e-ae84-194b84d3af7b:c4532, d451d94d-57a0-4545-b387-d428f64e3f33:c4532]
2019-07-09 16:26:14,846 INFO  client.GrpcClientProtocolClient (GrpcClientProtocolClient.java:onNext(255)) - client-0F1B900A64BD->9bf35ae9-4da0-4371-87fa-54ea3ce1f280: receive RaftClientReply:client-0F1B900A64BD->9bf35ae9-4da0-4371-87fa-54ea3ce1f280@group-432E83AF5B55, cid=3036, SUCCESS, logIndex=4536, commits[9bf35ae9-4da0-4371-87fa-54ea3ce1f280:c4536, 0cc34542-3a00-466e-ae84-194b84d3af7b:c4532, d451d94d-57a0-4545-b387-d428f64e3f33:c4532]
2019-07-09 16:26:14,859 INFO  client.GrpcClientProtocolClient (GrpcClientProtocolClient.java:onNext(255)) - client-0F1B900A64BD->9bf35ae9-4da0-4371-87fa-54ea3ce1f280: receive RaftClientReply:client-0F1B900A64BD->9bf35ae9-4da0-4371-87fa-54ea3ce1f280@group-432E83AF5B55, cid=3037, SUCCESS, logIndex=0, commits[9bf35ae9-4da0-4371-87fa-54ea3ce1f280:c4537, 0cc34542-3a00-466e-ae84-194b84d3af7b:c4536, d451d94d-57a0-4545-b387-d428f64e3f33:c4536]
2019-07-09 16:26:14,895 INFO  client.GrpcClientProtocolClient (GrpcClientProtocolClient.java:onNext(255)) - client-0F1B900A64BD->9bf35ae9-4da0-4371-87fa-54ea3ce1f280: receive RaftClientReply:client-0F1B900A64BD->9bf35ae9-4da0-4371-87fa-54ea3ce1f280@group-432E83AF5B55, cid=3038, SUCCESS, logIndex=4539, commits[9bf35ae9-4da0-4371-87fa-54ea3ce1f280:c4540, 0cc34542-3a00-466e-ae84-194b84d3af7b:c4538, d451d94d-57a0-4545-b387-d428f64e3f33:c4538]
2019-07-09 16:26:14,895 INFO  client.GrpcClientProtocolClient (GrpcClientProtocolClient.java:onNext(255)) - client-0F1B900A64BD->9bf35ae9-4da0-4371-87fa-54ea3ce1f280: receive RaftClientReply:client-0F1B900A64BD->9bf35ae9-4da0-4371-87fa-54ea3ce1f280@group-432E83AF5B55, cid=3039, SUCCESS, logIndex=4540, commits[9bf35ae9-4da0-4371-87fa-54ea3ce1f280:c4542, 0cc34542-3a00-466e-ae84-194b84d3af7b:c4538, d451d94d-57a0-4545-b387-d428f64e3f33:c4538]
2019-07-09 16:26:14,895 INFO  client.GrpcClientProtocolClient (GrpcClientProtocolClient.java:onNext(255)) - client-0F1B900A64BD->9bf35ae9-4da0-4371-87fa-54ea3ce1f280: receive RaftClientReply:client-0F1B900A64BD->9bf35ae9-4da0-4371-87fa-54ea3ce1f280@group-432E83AF5B55, cid=3040, SUCCESS, logIndex=4541, commits[9bf35ae9-4da0-4371-87fa-54ea3ce1f280:c4542, 0cc34542-3a00-466e-ae84-194b84d3af7b:c4538, d451d94d-57a0-4545-b387-d428f64e3f33:c4538]
2019-07-09 16:26:14,896 INFO  client.GrpcClientProtocolClient (GrpcClientProtocolClient.java:onNext(255)) - client-0F1B900A64BD->9bf35ae9-4da0-4371-87fa-54ea3ce1f280: receive RaftClientReply:client-0F1B900A64BD->9bf35ae9-4da0-4371-87fa-54ea3ce1f280@group-432E83AF5B55, cid=3041, SUCCESS, logIndex=4542, commits[9bf35ae9-4da0-4371-87fa-54ea3ce1f280:c4542, 0cc34542-3a00-466e-ae84-194b84d3af7b:c4538, d451d94d-57a0-4545-b387-d428f64e3f33:c4538]
2019-07-09 16:26:14,896 INFO  client.GrpcClientProtocolClient (GrpcClientProtocolClient.java:onNext(255)) - client-0F1B900A64BD->9bf35ae9-4da0-4371-87fa-54ea3ce1f280: receive RaftClientReply:client-0F1B900A64BD->9bf35ae9-4da0-4371-87fa-54ea3ce1f280@group-432E83AF5B55, cid=3042, SUCCESS, logIndex=0, commits[9bf35ae9-4da0-4371-87fa-54ea3ce1f280:c4544, 0cc34542-3a00-466e-ae84-194b84d3af7b:c4540, d451d94d-57a0-4545-b387-d428f64e3f33:c4540]
 0.00% |█                                                                                                    |  0/1 Time: 0:00:262019-07-09 16:26:14,910 INFO  client.GrpcClientProtocolClient (GrpcClientProtocolClient.java:onNext(255)) - client-0F1B900A64BD->9bf35ae9-4da0-4371-87fa-54ea3ce1f280: receive RaftClientReply:client-0F1B900A64BD->9bf35ae9-4da0-4371-87fa-54ea3ce1f280@group-432E83AF5B55, cid=3043, SUCCESS, logIndex=4547, commits[9bf35ae9-4da0-4371-87fa-54ea3ce1f280:c4548, 0cc34542-3a00-466e-ae84-194b84d3af7b:c4546, d451d94d-57a0-4545-b387-d428f64e3f33:c4542]
2019-07-09 16:26:14,910 INFO  client.GrpcClientProtocolClient (GrpcClientProtocolClient.java:onNext(255)) - client-0F1B900A64BD->9bf35ae9-4da0-4371-87fa-54ea3ce1f280: receive RaftClientReply:client-0F1B900A64BD->9bf35ae9-4da0-4371-87fa-54ea3ce1f280@group-432E83AF5B55, cid=3044, SUCCESS, logIndex=4548, commits[9bf35ae9-4da0-4371-87fa-54ea3ce1f280:c4548, 0cc34542-3a00-466e-ae84-194b84d3af7b:c4546, d451d94d-57a0-4545-b387-d428f64e3f33:c4542]
2019-07-09 16:26:14,932 INFO  client.GrpcClientProtocolClient (GrpcClientProtocolClient.java:onNext(255)) - client-0F1B900A64BD->9bf35ae9-4da0-4371-87fa-54ea3ce1f280: receive RaftClientReply:client-0F1B900A64BD->9bf35ae9-4da0-4371-87fa-54ea3ce1f280@group-432E83AF5B55, cid=3045, SUCCESS, logIndex=4550, commits[9bf35ae9-4da0-4371-87fa-54ea3ce1f280:c4551, 0cc34542-3a00-466e-ae84-194b84d3af7b:c4549, d451d94d-57a0-4545-b387-d428f64e3f33:c4549]
2019-07-09 16:26:14,933 INFO  client.GrpcClientProtocolClient (GrpcClientProtocolClient.java:onNext(255)) - client-0F1B900A64BD->9bf35ae9-4da0-4371-87fa-54ea3ce1f280: receive RaftClientReply:client-0F1B900A64BD->9bf35ae9-4da0-4371-87fa-54ea3ce1f280@group-432E83AF5B55, cid=3046, SUCCESS, logIndex=4551, commits[9bf35ae9-4da0-4371-87fa-54ea3ce1f280:c4551, 0cc34542-3a00-466e-ae84-194b84d3af7b:c4549, d451d94d-57a0-4545-b387-d428f64e3f33:c4549]
2019-07-09 16:26:14,946 INFO  client.GrpcClientProtocolClient (GrpcClientProtocolClient.java:onNext(255)) - client-0F1B900A64BD->9bf35ae9-4da0-4371-87fa-54ea3ce1f280: receive RaftClientReply:client-0F1B900A64BD->9bf35ae9-4da0-4371-87fa-54ea3ce1f280@group-432E83AF5B55, cid=3047, SUCCESS, logIndex=0, commits[9bf35ae9-4da0-4371-87fa-54ea3ce1f280:c4553, 0cc34542-3a00-466e-ae84-194b84d3af7b:c4551, d451d94d-57a0-4545-b387-d428f64e3f33:c4551]
2019-07-09 16:26:14,977 INFO  client.GrpcClientProtocolClient (GrpcClientProtocolClient.java:onNext(255)) - client-0F1B900A64BD->9bf35ae9-4da0-4371-87fa-54ea3ce1f280: receive RaftClientReply:client-0F1B900A64BD->9bf35ae9-4da0-4371-87fa-54ea3ce1f280@group-432E83AF5B55, cid=3048, SUCCESS, logIndex=4554, commits[9bf35ae9-4da0-4371-87fa-54ea3ce1f280:c4555, 0cc34542-3a00-466e-ae84-194b84d3af7b:c4553, d451d94d-57a0-4545-b387-d428f64e3f33:c4553]
2019-07-09 16:26:14,978 INFO  client.GrpcClientProtocolClient (GrpcClientProtocolClient.java:onNext(255)) - client-0F1B900A64BD->9bf35ae9-4da0-4371-87fa-54ea3ce1f280: receive RaftClientReply:client-0F1B900A64BD->9bf35ae9-4da0-4371-87fa-54ea3ce1f280@group-432E83AF5B55, cid=3049, SUCCESS, logIndex=4555, commits[9bf35ae9-4da0-4371-87fa-54ea3ce1f280:c4557, 0cc34542-3a00-466e-ae84-194b84d3af7b:c4553, d451d94d-57a0-4545-b387-d428f64e3f33:c4553]
2019-07-09 16:26:14,978 INFO  client.GrpcClientProtocolClient (GrpcClientProtocolClient.java:onNext(255)) - client-0F1B900A64BD->9bf35ae9-4da0-4371-87fa-54ea3ce1f280: receive RaftClientReply:client-0F1B900A64BD->9bf35ae9-4da0-4371-87fa-54ea3ce1f280@group-432E83AF5B55, cid=3050, SUCCESS, logIndex=4556, commits[9bf35ae9-4da0-4371-87fa-54ea3ce1f280:c4557, 0cc34542-3a00-466e-ae84-194b84d3af7b:c4553, d451d94d-57a0-4545-b387-d428f64e3f33:c4553]
2019-07-09 16:26:14,979 INFO  client.GrpcClientProtocolClient (GrpcClientProtocolClient.java:onNext(255)) - client-0F1B900A64BD->9bf35ae9-4da0-4371-87fa-54ea3ce1f280: receive RaftClientReply:client-0F1B900A64BD->9bf35ae9-4da0-4371-87fa-54ea3ce1f280@group-432E83AF5B55, cid=3051, SUCCESS, logIndex=4557, commits[9bf35ae9-4da0-4371-87fa-54ea3ce1f280:c4557, 0cc34542-3a00-466e-ae84-194b84d3af7b:c4554, d451d94d-57a0-4545-b387-d428f64e3f33:c4553]
2019-07-09 16:26:14,980 INFO  client.GrpcClientProtocolClient (GrpcClientProtocolClient.java:onNext(255)) - client-0F1B900A64BD->9bf35ae9-4da0-4371-87fa-54ea3ce1f280: receive RaftClientReply:client-0F1B900A64BD->9bf35ae9-4da0-4371-87fa-54ea3ce1f280@group-432E83AF5B55, cid=3052, SUCCESS, logIndex=0, commits[9bf35ae9-4da0-4371-87fa-54ea3ce1f280:c4559, 0cc34542-3a00-466e-ae84-194b84d3af7b:c4555, d451d94d-57a0-4545-b387-d428f64e3f33:c4555]
2019-07-09 16:26:14,999 INFO  client.GrpcClientProtocolClient (GrpcClientProtocolClient.java:onNext(255)) - client-0F1B900A64BD->9bf35ae9-4da0-4371-87fa-54ea3ce1f280: receive RaftClientReply:client-0F1B900A64BD->9bf35ae9-4da0-4371-87fa-54ea3ce1f280@group-432E83AF5B55, cid=3053, SUCCESS, logIndex=4562, commits[9bf35ae9-4da0-4371-87fa-54ea3ce1f280:c4563, 0cc34542-3a00-466e-ae84-194b84d3af7b:c4561, d451d94d-57a0-4545-b387-d428f64e3f33:c4561]
2019-07-09 16:26:14,999 INFO  client.GrpcClientProtocolClient (GrpcClientProtocolClient.java:onNext(255)) - client-0F1B900A64BD->9bf35ae9-4da0-4371-87fa-54ea3ce1f280: receive RaftClientReply:client-0F1B900A64BD->9bf35ae9-4da0-4371-87fa-54ea3ce1f280@group-432E83AF5B55, cid=3054, SUCCESS, logIndex=4563, commits[9bf35ae9-4da0-4371-87fa-54ea3ce1f280:c4563, 0cc34542-3a00-466e-ae84-194b84d3af7b:c4561, d451d94d-57a0-4545-b387-d428f64e3f33:c4561]
2019-07-09 16:26:15,023 INFO  client.GrpcClientProtocolClient (GrpcClientProtocolClient.java:onNext(255)) - client-0F1B900A64BD->9bf35ae9-4da0-4371-87fa-54ea3ce1f280: receive RaftClientReply:client-0F1B900A64BD->9bf35ae9-4da0-4371-87fa-54ea3ce1f280@group-432E83AF5B55, cid=3055, SUCCESS, logIndex=4566, commits[9bf35ae9-4da0-4371-87fa-54ea3ce1f280:c4567, 0cc34542-3a00-466e-ae84-194b84d3af7b:c4563, d451d94d-57a0-4545-b387-d428f64e3f33:c4563]
2019-07-09 16:26:15,023 INFO  client.GrpcClientProtocolClient (GrpcClientProtocolClient.java:onNext(255)) - client-0F1B900A64BD->9bf35ae9-4da0-4371-87fa-54ea3ce1f280: receive RaftClientReply:client-0F1B900A64BD->9bf35ae9-4da0-4371-87fa-54ea3ce1f280@group-432E83AF5B55, cid=3056, SUCCESS, logIndex=4567, commits[9bf35ae9-4da0-4371-87fa-54ea3ce1f280:c4567, 0cc34542-3a00-466e-ae84-194b84d3af7b:c4563, d451d94d-57a0-4545-b387-d428f64e3f33:c4563]
2019-07-09 16:26:15,038 INFO  client.GrpcClientProtocolClient (GrpcClientProtocolClient.java:onNext(255)) - client-0F1B900A64BD->9bf35ae9-4da0-4371-87fa-54ea3ce1f280: receive RaftClientReply:client-0F1B900A64BD->9bf35ae9-4da0-4371-87fa-54ea3ce1f280@group-432E83AF5B55, cid=3057, SUCCESS, logIndex=0, commits[9bf35ae9-4da0-4371-87fa-54ea3ce1f280:c4569, 0cc34542-3a00-466e-ae84-194b84d3af7b:c4567, d451d94d-57a0-4545-b387-d428f64e3f33:c4567]
2019-07-09 16:26:15,070 INFO  client.GrpcClientProtocolClient (GrpcClientProtocolClient.java:onNext(255)) - client-0F1B900A64BD->9bf35ae9-4da0-4371-87fa-54ea3ce1f280: receive RaftClientReply:client-0F1B900A64BD->9bf35ae9-4da0-4371-87fa-54ea3ce1f280@group-432E83AF5B55, cid=3058, SUCCESS, logIndex=4570, commits[9bf35ae9-4da0-4371-87fa-54ea3ce1f280:c4571, 0cc34542-3a00-466e-ae84-194b84d3af7b:c4569, d451d94d-57a0-4545-b387-d428f64e3f33:c4569]
2019-07-09 16:26:15,071 INFO  client.GrpcClientProtocolClient (GrpcClientProtocolClient.java:onNext(255)) - client-0F1B900A64BD->9bf35ae9-4da0-4371-87fa-54ea3ce1f280: receive RaftClientReply:client-0F1B900A64BD->9bf35ae9-4da0-4371-87fa-54ea3ce1f280@group-432E83AF5B55, cid=3059, SUCCESS, logIndex=4571, commits[9bf35ae9-4da0-4371-87fa-54ea3ce1f280:c4571, 0cc34542-3a00-466e-ae84-194b84d3af7b:c4569, d451d94d-57a0-4545-b387-d428f64e3f33:c4569]
2019-07-09 16:26:15,080 INFO  client.GrpcClientProtocolClient (GrpcClientProtocolClient.java:onNext(255)) - client-0F1B900A64BD->9bf35ae9-4da0-4371-87fa-54ea3ce1f280: receive RaftClientReply:client-0F1B900A64BD->9bf35ae9-4da0-4371-87fa-54ea3ce1f280@group-432E83AF5B55, cid=3060, SUCCESS, logIndex=4572, commits[9bf35ae9-4da0-4371-87fa-54ea3ce1f280:c4573, 0cc34542-3a00-466e-ae84-194b84d3af7b:c4569, d451d94d-57a0-4545-b387-d428f64e3f33:c4569]
2019-07-09 16:26:15,081 INFO  client.GrpcClientProtocolClient (GrpcClientProtocolClient.java:onNext(255)) - client-0F1B900A64BD->9bf35ae9-4da0-4371-87fa-54ea3ce1f280: receive RaftClientReply:client-0F1B900A64BD->9bf35ae9-4da0-4371-87fa-54ea3ce1f280@group-432E83AF5B55, cid=3061, SUCCESS, logIndex=4573, commits[9bf35ae9-4da0-4371-87fa-54ea3ce1f280:c4573, 0cc34542-3a00-466e-ae84-194b84d3af7b:c4569, d451d94d-57a0-4545-b387-d428f64e3f33:c4569]
2019-07-09 16:26:15,084 INFO  client.GrpcClientProtocolClient (GrpcClientProtocolClient.java:onNext(255)) - client-0F1B900A64BD->9bf35ae9-4da0-4371-87fa-54ea3ce1f280: receive RaftClientReply:client-0F1B900A64BD->9bf35ae9-4da0-4371-87fa-54ea3ce1f280@group-432E83AF5B55, cid=3062, SUCCESS, logIndex=0, commits[9bf35ae9-4da0-4371-87fa-54ea3ce1f280:c4575, 0cc34542-3a00-466e-ae84-194b84d3af7b:c4571, d451d94d-57a0-4545-b387-d428f64e3f33:c4571]
2019-07-09 16:26:15,104 INFO  client.GrpcClientProtocolClient (GrpcClientProtocolClient.java:onNext(255)) - client-0F1B900A64BD->9bf35ae9-4da0-4371-87fa-54ea3ce1f280: receive RaftClientReply:client-0F1B900A64BD->9bf35ae9-4da0-4371-87fa-54ea3ce1f280@group-432E83AF5B55, cid=3063, SUCCESS, logIndex=4578, commits[9bf35ae9-4da0-4371-87fa-54ea3ce1f280:c4578, 0cc34542-3a00-466e-ae84-194b84d3af7b:c4577, d451d94d-57a0-4545-b387-d428f64e3f33:c4577]
2019-07-09 16:26:15,104 INFO  client.GrpcClientProtocolClient (GrpcClientProtocolClient.java:onNext(255)) - client-0F1B900A64BD->9bf35ae9-4da0-4371-87fa-54ea3ce1f280: receive RaftClientReply:client-0F1B900A64BD->9bf35ae9-4da0-4371-87fa-54ea3ce1f280@group-432E83AF5B55, cid=3064, SUCCESS, logIndex=4579, commits[9bf35ae9-4da0-4371-87fa-54ea3ce1f280:c4579, 0cc34542-3a00-466e-ae84-194b84d3af7b:c4577, d451d94d-57a0-4545-b387-d428f64e3f33:c4577]
2019-07-09 16:26:15,124 INFO  client.GrpcClientProtocolClient (GrpcClientProtocolClient.java:onNext(255)) - client-0F1B900A64BD->9bf35ae9-4da0-4371-87fa-54ea3ce1f280: receive RaftClientReply:client-0F1B900A64BD->9bf35ae9-4da0-4371-87fa-54ea3ce1f280@group-432E83AF5B55, cid=3065, SUCCESS, logIndex=4582, commits[9bf35ae9-4da0-4371-87fa-54ea3ce1f280:c4583, 0cc34542-3a00-466e-ae84-194b84d3af7b:c4581, d451d94d-57a0-4545-b387-d428f64e3f33:c4580]
2019-07-09 16:26:15,124 INFO  client.GrpcClientProtocolClient (GrpcClientProtocolClient.java:onNext(255)) - client-0F1B900A64BD->9bf35ae9-4da0-4371-87fa-54ea3ce1f280: receive RaftClientReply:client-0F1B900A64BD->9bf35ae9-4da0-4371-87fa-54ea3ce1f280@group-432E83AF5B55, cid=3066, SUCCESS, logIndex=4583, commits[9bf35ae9-4da0-4371-87fa-54ea3ce1f280:c4583, 0cc34542-3a00-466e-ae84-194b84d3af7b:c4581, d451d94d-57a0-4545-b387-d428f64e3f33:c4580]
2019-07-09 16:26:15,143 INFO  client.GrpcClientProtocolClient (GrpcClientProtocolClient.java:onNext(255)) - client-0F1B900A64BD->9bf35ae9-4da0-4371-87fa-54ea3ce1f280: receive RaftClientReply:client-0F1B900A64BD->9bf35ae9-4da0-4371-87fa-54ea3ce1f280@group-432E83AF5B55, cid=3067, SUCCESS, logIndex=0, commits[9bf35ae9-4da0-4371-87fa-54ea3ce1f280:c4584, 0cc34542-3a00-466e-ae84-194b84d3af7b:c4583, d451d94d-57a0-4545-b387-d428f64e3f33:c4583]
2019-07-09 16:26:15,173 INFO  client.GrpcClientProtocolClient (GrpcClientProtocolClient.java:onNext(255)) - client-0F1B900A64BD->9bf35ae9-4da0-4371-87fa-54ea3ce1f280: receive RaftClientReply:client-0F1B900A64BD->9bf35ae9-4da0-4371-87fa-54ea3ce1f280@group-432E83AF5B55, cid=3068, SUCCESS, logIndex=4586, commits[9bf35ae9-4da0-4371-87fa-54ea3ce1f280:c4587, 0cc34542-3a00-466e-ae84-194b84d3af7b:c4585, d451d94d-57a0-4545-b387-d428f64e3f33:c4585]
2019-07-09 16:26:15,173 INFO  client.GrpcClientProtocolClient (GrpcClientProtocolClient.java:onNext(255)) - client-0F1B900A64BD->9bf35ae9-4da0-4371-87fa-54ea3ce1f280: receive RaftClientReply:client-0F1B900A64BD->9bf35ae9-4da0-4371-87fa-54ea3ce1f280@group-432E83AF5B55, cid=3069, SUCCESS, logIndex=4587, commits[9bf35ae9-4da0-4371-87fa-54ea3ce1f280:c4589, 0cc34542-3a00-466e-ae84-194b84d3af7b:c4585, d451d94d-57a0-4545-b387-d428f64e3f33:c4585]
2019-07-09 16:26:15,174 INFO  client.GrpcClientProtocolClient (GrpcClientProtocolClient.java:onNext(255)) - client-0F1B900A64BD->9bf35ae9-4da0-4371-87fa-54ea3ce1f280: receive RaftClientReply:client-0F1B900A64BD->9bf35ae9-4da0-4371-87fa-54ea3ce1f280@group-432E83AF5B55, cid=3070, SUCCESS, logIndex=4588, commits[9bf35ae9-4da0-4371-87fa-54ea3ce1f280:c4589, 0cc34542-3a00-466e-ae84-194b84d3af7b:c4585, d451d94d-57a0-4545-b387-d428f64e3f33:c4585]
2019-07-09 16:26:15,174 INFO  client.GrpcClientProtocolClient (GrpcClientProtocolClient.java:onNext(255)) - client-0F1B900A64BD->9bf35ae9-4da0-4371-87fa-54ea3ce1f280: receive RaftClientReply:client-0F1B900A64BD->9bf35ae9-4da0-4371-87fa-54ea3ce1f280@group-432E83AF5B55, cid=3071, SUCCESS, logIndex=4589, commits[9bf35ae9-4da0-4371-87fa-54ea3ce1f280:c4589, 0cc34542-3a00-466e-ae84-194b84d3af7b:c4585, d451d94d-57a0-4545-b387-d428f64e3f33:c4585]
2019-07-09 16:26:15,186 INFO  client.GrpcClientProtocolClient (GrpcClientProtocolClient.java:onNext(255)) - client-0F1B900A64BD->9bf35ae9-4da0-4371-87fa-54ea3ce1f280: receive RaftClientReply:client-0F1B900A64BD->9bf35ae9-4da0-4371-87fa-54ea3ce1f280@group-432E83AF5B55, cid=3072, SUCCESS, logIndex=0, commits[9bf35ae9-4da0-4371-87fa-54ea3ce1f280:c4591, 0cc34542-3a00-466e-ae84-194b84d3af7b:c4587, d451d94d-57a0-4545-b387-d428f64e3f33:c4587]
2019-07-09 16:26:15,205 INFO  client.GrpcClientProtocolClient (GrpcClientProtocolClient.java:onNext(255)) - client-0F1B900A64BD->9bf35ae9-4da0-4371-87fa-54ea3ce1f280: receive RaftClientReply:client-0F1B900A64BD->9bf35ae9-4da0-4371-87fa-54ea3ce1f280@group-432E83AF5B55, cid=3073, SUCCESS, logIndex=4593, commits[9bf35ae9-4da0-4371-87fa-54ea3ce1f280:c4594, 0cc34542-3a00-466e-ae84-194b84d3af7b:c4592, d451d94d-57a0-4545-b387-d428f64e3f33:c4592]
2019-07-09 16:26:15,205 INFO  client.GrpcClientProtocolClient (GrpcClientProtocolClient.java:onNext(255)) - client-0F1B900A64BD->9bf35ae9-4da0-4371-87fa-54ea3ce1f280: receive RaftClientReply:client-0F1B900A64BD->9bf35ae9-4da0-4371-87fa-54ea3ce1f280@group-432E83AF5B55, cid=3074, SUCCESS, logIndex=4594, commits[9bf35ae9-4da0-4371-87fa-54ea3ce1f280:c4594, 0cc34542-3a00-466e-ae84-194b84d3af7b:c4592, d451d94d-57a0-4545-b387-d428f64e3f33:c4592]
2019-07-09 16:26:15,219 INFO  client.GrpcClientProtocolClient (GrpcClientProtocolClient.java:onNext(255)) - client-0F1B900A64BD->9bf35ae9-4da0-4371-87fa-54ea3ce1f280: receive RaftClientReply:client-0F1B900A64BD->9bf35ae9-4da0-4371-87fa-54ea3ce1f280@group-432E83AF5B55, cid=3075, SUCCESS, logIndex=4597, commits[9bf35ae9-4da0-4371-87fa-54ea3ce1f280:c4598, 0cc34542-3a00-466e-ae84-194b84d3af7b:c4594, d451d94d-57a0-4545-b387-d428f64e3f33:c4594]
2019-07-09 16:26:15,219 INFO  client.GrpcClientProtocolClient (GrpcClientProtocolClient.java:onNext(255)) - client-0F1B900A64BD->9bf35ae9-4da0-4371-87fa-54ea3ce1f280: receive RaftClientReply:client-0F1B900A64BD->9bf35ae9-4da0-4371-87fa-54ea3ce1f280@group-432E83AF5B55, cid=3076, SUCCESS, logIndex=4598, commits[9bf35ae9-4da0-4371-87fa-54ea3ce1f280:c4598, 0cc34542-3a00-466e-ae84-194b84d3af7b:c4594, d451d94d-57a0-4545-b387-d428f64e3f33:c4594]
2019-07-09 16:26:15,233 INFO  client.GrpcClientProtocolClient (GrpcClientProtocolClient.java:onNext(255)) - client-0F1B900A64BD->9bf35ae9-4da0-4371-87fa-54ea3ce1f280: receive RaftClientReply:client-0F1B900A64BD->9bf35ae9-4da0-4371-87fa-54ea3ce1f280@group-432E83AF5B55, cid=3077, SUCCESS, logIndex=0, commits[9bf35ae9-4da0-4371-87fa-54ea3ce1f280:c4600, 0cc34542-3a00-466e-ae84-194b84d3af7b:c4598, d451d94d-57a0-4545-b387-d428f64e3f33:c4598]
2019-07-09 16:26:15,264 INFO  client.GrpcClientProtocolClient (GrpcClientProtocolClient.java:onNext(255)) - client-0F1B900A64BD->9bf35ae9-4da0-4371-87fa-54ea3ce1f280: receive RaftClientReply:client-0F1B900A64BD->9bf35ae9-4da0-4371-87fa-54ea3ce1f280@group-432E83AF5B55, cid=3078, SUCCESS, logIndex=4601, commits[9bf35ae9-4da0-4371-87fa-54ea3ce1f280:c4602, 0cc34542-3a00-466e-ae84-194b84d3af7b:c4600, d451d94d-57a0-4545-b387-d428f64e3f33:c4600]
2019-07-09 16:26:15,265 INFO  client.GrpcClientProtocolClient (GrpcClientProtocolClient.java:onNext(255)) - client-0F1B900A64BD->9bf35ae9-4da0-4371-87fa-54ea3ce1f280: receive RaftClientReply:client-0F1B900A64BD->9bf35ae9-4da0-4371-87fa-54ea3ce1f280@group-432E83AF5B55, cid=3079, SUCCESS, logIndex=4602, commits[9bf35ae9-4da0-4371-87fa-54ea3ce1f280:c4602, 0cc34542-3a00-466e-ae84-194b84d3af7b:c4600, d451d94d-57a0-4545-b387-d428f64e3f33:c4600]
2019-07-09 16:26:15,265 INFO  client.GrpcClientProtocolClient (GrpcClientProtocolClient.java:onNext(255)) - client-0F1B900A64BD->9bf35ae9-4da0-4371-87fa-54ea3ce1f280: receive RaftClientReply:client-0F1B900A64BD->9bf35ae9-4da0-4371-87fa-54ea3ce1f280@group-432E83AF5B55, cid=3080, SUCCESS, logIndex=4603, commits[9bf35ae9-4da0-4371-87fa-54ea3ce1f280:c4604, 0cc34542-3a00-466e-ae84-194b84d3af7b:c4600, d451d94d-57a0-4545-b387-d428f64e3f33:c4600]
2019-07-09 16:26:15,265 INFO  client.GrpcClientProtocolClient (GrpcClientProtocolClient.java:onNext(255)) - client-0F1B900A64BD->9bf35ae9-4da0-4371-87fa-54ea3ce1f280: receive RaftClientReply:client-0F1B900A64BD->9bf35ae9-4da0-4371-87fa-54ea3ce1f280@group-432E83AF5B55, cid=3081, SUCCESS, logIndex=4604, commits[9bf35ae9-4da0-4371-87fa-54ea3ce1f280:c4604, 0cc34542-3a00-466e-ae84-194b84d3af7b:c4600, d451d94d-57a0-4545-b387-d428f64e3f33:c4600]
2019-07-09 16:26:15,278 INFO  client.GrpcClientProtocolClient (GrpcClientProtocolClient.java:onNext(255)) - client-0F1B900A64BD->9bf35ae9-4da0-4371-87fa-54ea3ce1f280: receive RaftClientReply:client-0F1B900A64BD->9bf35ae9-4da0-4371-87fa-54ea3ce1f280@group-432E83AF5B55, cid=3082, SUCCESS, logIndex=0, commits[9bf35ae9-4da0-4371-87fa-54ea3ce1f280:c4606, 0cc34542-3a00-466e-ae84-194b84d3af7b:c4602, d451d94d-57a0-4545-b387-d428f64e3f33:c4602]
2019-07-09 16:26:15,296 INFO  client.GrpcClientProtocolClient (GrpcClientProtocolClient.java:onNext(255)) - client-0F1B900A64BD->9bf35ae9-4da0-4371-87fa-54ea3ce1f280: receive RaftClientReply:client-0F1B900A64BD->9bf35ae9-4da0-4371-87fa-54ea3ce1f280@group-432E83AF5B55, cid=3083, SUCCESS, logIndex=4609, commits[9bf35ae9-4da0-4371-87fa-54ea3ce1f280:c4610, 0cc34542-3a00-466e-ae84-194b84d3af7b:c4608, d451d94d-57a0-4545-b387-d428f64e3f33:c4608]
2019-07-09 16:26:15,297 INFO  client.GrpcClientProtocolClient (GrpcClientProtocolClient.java:onNext(255)) - client-0F1B900A64BD->9bf35ae9-4da0-4371-87fa-54ea3ce1f280: receive RaftClientReply:client-0F1B900A64BD->9bf35ae9-4da0-4371-87fa-54ea3ce1f280@group-432E83AF5B55, cid=3084, SUCCESS, logIndex=4610, commits[9bf35ae9-4da0-4371-87fa-54ea3ce1f280:c4610, 0cc34542-3a00-466e-ae84-194b84d3af7b:c4608, d451d94d-57a0-4545-b387-d428f64e3f33:c4608]
2019-07-09 16:26:15,311 INFO  client.GrpcClientProtocolClient (GrpcClientProtocolClient.java:onNext(255)) - client-0F1B900A64BD->9bf35ae9-4da0-4371-87fa-54ea3ce1f280: receive RaftClientReply:client-0F1B900A64BD->9bf35ae9-4da0-4371-87fa-54ea3ce1f280@group-432E83AF5B55, cid=3085, SUCCESS, logIndex=4613, commits[9bf35ae9-4da0-4371-87fa-54ea3ce1f280:c4614, 0cc34542-3a00-466e-ae84-194b84d3af7b:c4610, d451d94d-57a0-4545-b387-d428f64e3f33:c4610]
2019-07-09 16:26:15,311 INFO  client.GrpcClientProtocolClient (GrpcClientProtocolClient.java:onNext(255)) - client-0F1B900A64BD->9bf35ae9-4da0-4371-87fa-54ea3ce1f280: receive RaftClientReply:client-0F1B900A64BD->9bf35ae9-4da0-4371-87fa-54ea3ce1f280@group-432E83AF5B55, cid=3086, SUCCESS, logIndex=4614, commits[9bf35ae9-4da0-4371-87fa-54ea3ce1f280:c4614, 0cc34542-3a00-466e-ae84-194b84d3af7b:c4610, d451d94d-57a0-4545-b387-d428f64e3f33:c4610]
2019-07-09 16:26:15,325 INFO  client.GrpcClientProtocolClient (GrpcClientProtocolClient.java:onNext(255)) - client-0F1B900A64BD->9bf35ae9-4da0-4371-87fa-54ea3ce1f280: receive RaftClientReply:client-0F1B900A64BD->9bf35ae9-4da0-4371-87fa-54ea3ce1f280@group-432E83AF5B55, cid=3087, SUCCESS, logIndex=0, commits[9bf35ae9-4da0-4371-87fa-54ea3ce1f280:c4616, 0cc34542-3a00-466e-ae84-194b84d3af7b:c4614, d451d94d-57a0-4545-b387-d428f64e3f33:c4614]
2019-07-09 16:26:15,351 INFO  client.GrpcClientProtocolClient (GrpcClientProtocolClient.java:onNext(255)) - client-0F1B900A64BD->9bf35ae9-4da0-4371-87fa-54ea3ce1f280: receive RaftClientReply:client-0F1B900A64BD->9bf35ae9-4da0-4371-87fa-54ea3ce1f280@group-432E83AF5B55, cid=3088, SUCCESS, logIndex=4617, commits[9bf35ae9-4da0-4371-87fa-54ea3ce1f280:c4618, 0cc34542-3a00-466e-ae84-194b84d3af7b:c4616, d451d94d-57a0-4545-b387-d428f64e3f33:c4616]
2019-07-09 16:26:15,352 INFO  client.GrpcClientProtocolClient (GrpcClientProtocolClient.java:onNext(255)) - client-0F1B900A64BD->9bf35ae9-4da0-4371-87fa-54ea3ce1f280: receive RaftClientReply:client-0F1B900A64BD->9bf35ae9-4da0-4371-87fa-54ea3ce1f280@group-432E83AF5B55, cid=3089, SUCCESS, logIndex=4618, commits[9bf35ae9-4da0-4371-87fa-54ea3ce1f280:c4620, 0cc34542-3a00-466e-ae84-194b84d3af7b:c4616, d451d94d-57a0-4545-b387-d428f64e3f33:c4616]
2019-07-09 16:26:15,352 INFO  client.GrpcClientProtocolClient (GrpcClientProtocolClient.java:onNext(255)) - client-0F1B900A64BD->9bf35ae9-4da0-4371-87fa-54ea3ce1f280: receive RaftClientReply:client-0F1B900A64BD->9bf35ae9-4da0-4371-87fa-54ea3ce1f280@group-432E83AF5B55, cid=3090, SUCCESS, logIndex=4619, commits[9bf35ae9-4da0-4371-87fa-54ea3ce1f280:c4620, 0cc34542-3a00-466e-ae84-194b84d3af7b:c4616, d451d94d-57a0-4545-b387-d428f64e3f33:c4616]
2019-07-09 16:26:15,352 INFO  client.GrpcClientProtocolClient (GrpcClientProtocolClient.java:onNext(255)) - client-0F1B900A64BD->9bf35ae9-4da0-4371-87fa-54ea3ce1f280: receive RaftClientReply:client-0F1B900A64BD->9bf35ae9-4da0-4371-87fa-54ea3ce1f280@group-432E83AF5B55, cid=3091, SUCCESS, logIndex=4620, commits[9bf35ae9-4da0-4371-87fa-54ea3ce1f280:c4620, 0cc34542-3a00-466e-ae84-194b84d3af7b:c4616, d451d94d-57a0-4545-b387-d428f64e3f33:c4616]
2019-07-09 16:26:15,356 INFO  client.GrpcClientProtocolClient (GrpcClientProtocolClient.java:onNext(255)) - client-0F1B900A64BD->9bf35ae9-4da0-4371-87fa-54ea3ce1f280: receive RaftClientReply:client-0F1B900A64BD->9bf35ae9-4da0-4371-87fa-54ea3ce1f280@group-432E83AF5B55, cid=3092, SUCCESS, logIndex=0, commits[9bf35ae9-4da0-4371-87fa-54ea3ce1f280:c4624, 0cc34542-3a00-466e-ae84-194b84d3af7b:c4618, d451d94d-57a0-4545-b387-d428f64e3f33:c4620]
2019-07-09 16:26:15,386 INFO  client.GrpcClientProtocolClient (GrpcClientProtocolClient.java:onNext(255)) - client-0F1B900A64BD->9bf35ae9-4da0-4371-87fa-54ea3ce1f280: receive RaftClientReply:client-0F1B900A64BD->9bf35ae9-4da0-4371-87fa-54ea3ce1f280@group-432E83AF5B55, cid=3093, SUCCESS, logIndex=4625, commits[9bf35ae9-4da0-4371-87fa-54ea3ce1f280:c4626, 0cc34542-3a00-466e-ae84-194b84d3af7b:c4624, d451d94d-57a0-4545-b387-d428f64e3f33:c4624]
2019-07-09 16:26:15,386 INFO  client.GrpcClientProtocolClient (GrpcClientProtocolClient.java:onNext(255)) - client-0F1B900A64BD->9bf35ae9-4da0-4371-87fa-54ea3ce1f280: receive RaftClientReply:client-0F1B900A64BD->9bf35ae9-4da0-4371-87fa-54ea3ce1f280@group-432E83AF5B55, cid=3094, SUCCESS, logIndex=4626, commits[9bf35ae9-4da0-4371-87fa-54ea3ce1f280:c4626, 0cc34542-3a00-466e-ae84-194b84d3af7b:c4624, d451d94d-57a0-4545-b387-d428f64e3f33:c4624]
2019-07-09 16:26:15,402 INFO  client.GrpcClientProtocolClient (GrpcClientProtocolClient.java:onNext(255)) - client-0F1B900A64BD->9bf35ae9-4da0-4371-87fa-54ea3ce1f280: receive RaftClientReply:client-0F1B900A64BD->9bf35ae9-4da0-4371-87fa-54ea3ce1f280@group-432E83AF5B55, cid=3095, SUCCESS, logIndex=4629, commits[9bf35ae9-4da0-4371-87fa-54ea3ce1f280:c4630, 0cc34542-3a00-466e-ae84-194b84d3af7b:c4627, d451d94d-57a0-4545-b387-d428f64e3f33:c4627]
2019-07-09 16:26:15,403 INFO  client.GrpcClientProtocolClient (GrpcClientProtocolClient.java:onNext(255)) - client-0F1B900A64BD->9bf35ae9-4da0-4371-87fa-54ea3ce1f280: receive RaftClientReply:client-0F1B900A64BD->9bf35ae9-4da0-4371-87fa-54ea3ce1f280@group-432E83AF5B55, cid=3096, SUCCESS, logIndex=4630, commits[9bf35ae9-4da0-4371-87fa-54ea3ce1f280:c4630, 0cc34542-3a00-466e-ae84-194b84d3af7b:c4627, d451d94d-57a0-4545-b387-d428f64e3f33:c4627]
2019-07-09 16:26:15,417 INFO  client.GrpcClientProtocolClient (GrpcClientProtocolClient.java:onNext(255)) - client-0F1B900A64BD->9bf35ae9-4da0-4371-87fa-54ea3ce1f280: receive RaftClientReply:client-0F1B900A64BD->9bf35ae9-4da0-4371-87fa-54ea3ce1f280@group-432E83AF5B55, cid=3097, SUCCESS, logIndex=0, commits[9bf35ae9-4da0-4371-87fa-54ea3ce1f280:c4632, 0cc34542-3a00-466e-ae84-194b84d3af7b:c4630, d451d94d-57a0-4545-b387-d428f64e3f33:c4630]
2019-07-09 16:26:15,454 INFO  client.GrpcClientProtocolClient (GrpcClientProtocolClient.java:onNext(255)) - client-0F1B900A64BD->9bf35ae9-4da0-4371-87fa-54ea3ce1f280: receive RaftClientReply:client-0F1B900A64BD->9bf35ae9-4da0-4371-87fa-54ea3ce1f280@group-432E83AF5B55, cid=3098, SUCCESS, logIndex=4633, commits[9bf35ae9-4da0-4371-87fa-54ea3ce1f280:c4634, 0cc34542-3a00-466e-ae84-194b84d3af7b:c4632, d451d94d-57a0-4545-b387-d428f64e3f33:c4632]
2019-07-09 16:26:15,455 INFO  client.GrpcClientProtocolClient (GrpcClientProtocolClient.java:onNext(255)) - client-0F1B900A64BD->9bf35ae9-4da0-4371-87fa-54ea3ce1f280: receive RaftClientReply:client-0F1B900A64BD->9bf35ae9-4da0-4371-87fa-54ea3ce1f280@group-432E83AF5B55, cid=3099, SUCCESS, logIndex=4634, commits[9bf35ae9-4da0-4371-87fa-54ea3ce1f280:c4634, 0cc34542-3a00-466e-ae84-194b84d3af7b:c4632, d451d94d-57a0-4545-b387-d428f64e3f33:c4632]
2019-07-09 16:26:15,465 INFO  client.GrpcClientProtocolClient (GrpcClientProtocolClient.java:onNext(255)) - client-0F1B900A64BD->9bf35ae9-4da0-4371-87fa-54ea3ce1f280: receive RaftClientReply:client-0F1B900A64BD->9bf35ae9-4da0-4371-87fa-54ea3ce1f280@group-432E83AF5B55, cid=3100, SUCCESS, logIndex=4635, commits[9bf35ae9-4da0-4371-87fa-54ea3ce1f280:c4636, 0cc34542-3a00-466e-ae84-194b84d3af7b:c4632, d451d94d-57a0-4545-b387-d428f64e3f33:c4632]
2019-07-09 16:26:15,465 INFO  client.GrpcClientProtocolClient (GrpcClientProtocolClient.java:onNext(255)) - client-0F1B900A64BD->9bf35ae9-4da0-4371-87fa-54ea3ce1f280: receive RaftClientReply:client-0F1B900A64BD->9bf35ae9-4da0-4371-87fa-54ea3ce1f280@group-432E83AF5B55, cid=3101, SUCCESS, logIndex=4636, commits[9bf35ae9-4da0-4371-87fa-54ea3ce1f280:c4636, 0cc34542-3a00-466e-ae84-194b84d3af7b:c4632, d451d94d-57a0-4545-b387-d428f64e3f33:c4632]
2019-07-09 16:26:15,466 INFO  client.GrpcClientProtocolClient (GrpcClientProtocolClient.java:onNext(255)) - client-0F1B900A64BD->9bf35ae9-4da0-4371-87fa-54ea3ce1f280: receive RaftClientReply:client-0F1B900A64BD->9bf35ae9-4da0-4371-87fa-54ea3ce1f280@group-432E83AF5B55, cid=3102, SUCCESS, logIndex=0, commits[9bf35ae9-4da0-4371-87fa-54ea3ce1f280:c4638, 0cc34542-3a00-466e-ae84-194b84d3af7b:c4634, d451d94d-57a0-4545-b387-d428f64e3f33:c4634]
2019-07-09 16:26:15,486 INFO  client.GrpcClientProtocolClient (GrpcClientProtocolClient.java:onNext(255)) - client-0F1B900A64BD->9bf35ae9-4da0-4371-87fa-54ea3ce1f280: receive RaftClientReply:client-0F1B900A64BD->9bf35ae9-4da0-4371-87fa-54ea3ce1f280@group-432E83AF5B55, cid=3103, SUCCESS, logIndex=4641, commits[9bf35ae9-4da0-4371-87fa-54ea3ce1f280:c4642, 0cc34542-3a00-466e-ae84-194b84d3af7b:c4640, d451d94d-57a0-4545-b387-d428f64e3f33:c4640]
2019-07-09 16:26:15,487 INFO  client.GrpcClientProtocolClient (GrpcClientProtocolClient.java:onNext(255)) - client-0F1B900A64BD->9bf35ae9-4da0-4371-87fa-54ea3ce1f280: receive RaftClientReply:client-0F1B900A64BD->9bf35ae9-4da0-4371-87fa-54ea3ce1f280@group-432E83AF5B55, cid=3104, SUCCESS, logIndex=4642, commits[9bf35ae9-4da0-4371-87fa-54ea3ce1f280:c4642, 0cc34542-3a00-466e-ae84-194b84d3af7b:c4640, d451d94d-57a0-4545-b387-d428f64e3f33:c4640]
2019-07-09 16:26:15,500 INFO  client.GrpcClientProtocolClient (GrpcClientProtocolClient.java:onNext(255)) - client-0F1B900A64BD->9bf35ae9-4da0-4371-87fa-54ea3ce1f280: receive RaftClientReply:client-0F1B900A64BD->9bf35ae9-4da0-4371-87fa-54ea3ce1f280@group-432E83AF5B55, cid=3105, SUCCESS, logIndex=4645, commits[9bf35ae9-4da0-4371-87fa-54ea3ce1f280:c4646, 0cc34542-3a00-466e-ae84-194b84d3af7b:c4642, d451d94d-57a0-4545-b387-d428f64e3f33:c4642]
2019-07-09 16:26:15,500 INFO  client.GrpcClientProtocolClient (GrpcClientProtocolClient.java:onNext(255)) - client-0F1B900A64BD->9bf35ae9-4da0-4371-87fa-54ea3ce1f280: receive RaftClientReply:client-0F1B900A64BD->9bf35ae9-4da0-4371-87fa-54ea3ce1f280@group-432E83AF5B55, cid=3106, SUCCESS, logIndex=4646, commits[9bf35ae9-4da0-4371-87fa-54ea3ce1f280:c4646, 0cc34542-3a00-466e-ae84-194b84d3af7b:c4642, d451d94d-57a0-4545-b387-d428f64e3f33:c4642]
2019-07-09 16:26:15,514 INFO  client.GrpcClientProtocolClient (GrpcClientProtocolClient.java:onNext(255)) - client-0F1B900A64BD->9bf35ae9-4da0-4371-87fa-54ea3ce1f280: receive RaftClientReply:client-0F1B900A64BD->9bf35ae9-4da0-4371-87fa-54ea3ce1f280@group-432E83AF5B55, cid=3107, SUCCESS, logIndex=0, commits[9bf35ae9-4da0-4371-87fa-54ea3ce1f280:c4648, 0cc34542-3a00-466e-ae84-194b84d3af7b:c4646, d451d94d-57a0-4545-b387-d428f64e3f33:c4646]
 0.00% |█                                                                                                    |  0/1 Time: 0:00:272019-07-09 16:26:16,042 WARN  util.JavaUtils (JavaUtils.java:sleep(250)) - Unexpected long sleep: sleep(1033ms) actually took 1412ms which is over the threshold 300ms
2019-07-09 16:26:16,070 INFO  client.GrpcClientProtocolClient (GrpcClientProtocolClient.java:onNext(255)) - client-0F1B900A64BD->9bf35ae9-4da0-4371-87fa-54ea3ce1f280: receive RaftClientReply:client-0F1B900A64BD->9bf35ae9-4da0-4371-87fa-54ea3ce1f280@group-432E83AF5B55, cid=3108, SUCCESS, logIndex=4649, commits[9bf35ae9-4da0-4371-87fa-54ea3ce1f280:c4650, 0cc34542-3a00-466e-ae84-194b84d3af7b:c4648, d451d94d-57a0-4545-b387-d428f64e3f33:c4648]
2019-07-09 16:26:16,071 INFO  client.GrpcClientProtocolClient (GrpcClientProtocolClient.java:onNext(255)) - client-0F1B900A64BD->9bf35ae9-4da0-4371-87fa-54ea3ce1f280: receive RaftClientReply:client-0F1B900A64BD->9bf35ae9-4da0-4371-87fa-54ea3ce1f280@group-432E83AF5B55, cid=3109, SUCCESS, logIndex=4650, commits[9bf35ae9-4da0-4371-87fa-54ea3ce1f280:c4652, 0cc34542-3a00-466e-ae84-194b84d3af7b:c4648, d451d94d-57a0-4545-b387-d428f64e3f33:c4648]
2019-07-09 16:26:16,072 INFO  client.GrpcClientProtocolClient (GrpcClientProtocolClient.java:onNext(255)) - client-0F1B900A64BD->9bf35ae9-4da0-4371-87fa-54ea3ce1f280: receive RaftClientReply:client-0F1B900A64BD->9bf35ae9-4da0-4371-87fa-54ea3ce1f280@group-432E83AF5B55, cid=3110, SUCCESS, logIndex=4651, commits[9bf35ae9-4da0-4371-87fa-54ea3ce1f280:c4652, 0cc34542-3a00-466e-ae84-194b84d3af7b:c4648, d451d94d-57a0-4545-b387-d428f64e3f33:c4648]
2019-07-09 16:26:16,072 INFO  client.GrpcClientProtocolClient (GrpcClientProtocolClient.java:onNext(255)) - client-0F1B900A64BD->9bf35ae9-4da0-4371-87fa-54ea3ce1f280: receive RaftClientReply:client-0F1B900A64BD->9bf35ae9-4da0-4371-87fa-54ea3ce1f280@group-432E83AF5B55, cid=3111, SUCCESS, logIndex=4652, commits[9bf35ae9-4da0-4371-87fa-54ea3ce1f280:c4652, 0cc34542-3a00-466e-ae84-194b84d3af7b:c4648, d451d94d-57a0-4545-b387-d428f64e3f33:c4648]
2019-07-09 16:26:16,074 INFO  client.GrpcClientProtocolClient (GrpcClientProtocolClient.java:onNext(255)) - client-0F1B900A64BD->9bf35ae9-4da0-4371-87fa-54ea3ce1f280: receive RaftClientReply:client-0F1B900A64BD->9bf35ae9-4da0-4371-87fa-54ea3ce1f280@group-432E83AF5B55, cid=3112, SUCCESS, logIndex=0, commits[9bf35ae9-4da0-4371-87fa-54ea3ce1f280:c4656, 0cc34542-3a00-466e-ae84-194b84d3af7b:c4652, d451d94d-57a0-4545-b387-d428f64e3f33:c4650]
2019-07-09 16:26:16,095 INFO  client.GrpcClientProtocolClient (GrpcClientProtocolClient.java:onNext(255)) - client-0F1B900A64BD->9bf35ae9-4da0-4371-87fa-54ea3ce1f280: receive RaftClientReply:client-0F1B900A64BD->9bf35ae9-4da0-4371-87fa-54ea3ce1f280@group-432E83AF5B55, cid=3113, SUCCESS, logIndex=4657, commits[9bf35ae9-4da0-4371-87fa-54ea3ce1f280:c4658, 0cc34542-3a00-466e-ae84-194b84d3af7b:c4656, d451d94d-57a0-4545-b387-d428f64e3f33:c4656]
2019-07-09 16:26:16,096 INFO  client.GrpcClientProtocolClient (GrpcClientProtocolClient.java:onNext(255)) - client-0F1B900A64BD->9bf35ae9-4da0-4371-87fa-54ea3ce1f280: receive RaftClientReply:client-0F1B900A64BD->9bf35ae9-4da0-4371-87fa-54ea3ce1f280@group-432E83AF5B55, cid=3114, SUCCESS, logIndex=4658, commits[9bf35ae9-4da0-4371-87fa-54ea3ce1f280:c4658, 0cc34542-3a00-466e-ae84-194b84d3af7b:c4656, d451d94d-57a0-4545-b387-d428f64e3f33:c4656]
2019-07-09 16:26:16,119 INFO  client.GrpcClientProtocolClient (GrpcClientProtocolClient.java:onNext(255)) - client-0F1B900A64BD->9bf35ae9-4da0-4371-87fa-54ea3ce1f280: receive RaftClientReply:client-0F1B900A64BD->9bf35ae9-4da0-4371-87fa-54ea3ce1f280@group-432E83AF5B55, cid=3115, SUCCESS, logIndex=4661, commits[9bf35ae9-4da0-4371-87fa-54ea3ce1f280:c4662, 0cc34542-3a00-466e-ae84-194b84d3af7b:c4658, d451d94d-57a0-4545-b387-d428f64e3f33:c4657]
2019-07-09 16:26:16,120 INFO  client.GrpcClientProtocolClient (GrpcClientProtocolClient.java:onNext(255)) - client-0F1B900A64BD->9bf35ae9-4da0-4371-87fa-54ea3ce1f280: receive RaftClientReply:client-0F1B900A64BD->9bf35ae9-4da0-4371-87fa-54ea3ce1f280@group-432E83AF5B55, cid=3116, SUCCESS, logIndex=4662, commits[9bf35ae9-4da0-4371-87fa-54ea3ce1f280:c4662, 0cc34542-3a00-466e-ae84-194b84d3af7b:c4658, d451d94d-57a0-4545-b387-d428f64e3f33:c4658]
2019-07-09 16:26:16,133 INFO  client.GrpcClientProtocolClient (GrpcClientProtocolClient.java:onNext(255)) - client-0F1B900A64BD->9bf35ae9-4da0-4371-87fa-54ea3ce1f280: receive RaftClientReply:client-0F1B900A64BD->9bf35ae9-4da0-4371-87fa-54ea3ce1f280@group-432E83AF5B55, cid=3117, SUCCESS, logIndex=0, commits[9bf35ae9-4da0-4371-87fa-54ea3ce1f280:c4664, 0cc34542-3a00-466e-ae84-194b84d3af7b:c4662, d451d94d-57a0-4545-b387-d428f64e3f33:c4662]
2019-07-09 16:26:16,171 INFO  client.GrpcClientProtocolClient (GrpcClientProtocolClient.java:onNext(255)) - client-0F1B900A64BD->9bf35ae9-4da0-4371-87fa-54ea3ce1f280: receive RaftClientReply:client-0F1B900A64BD->9bf35ae9-4da0-4371-87fa-54ea3ce1f280@group-432E83AF5B55, cid=3118, SUCCESS, logIndex=4665, commits[9bf35ae9-4da0-4371-87fa-54ea3ce1f280:c4666, 0cc34542-3a00-466e-ae84-194b84d3af7b:c4664, d451d94d-57a0-4545-b387-d428f64e3f33:c4664]
2019-07-09 16:26:16,171 INFO  client.GrpcClientProtocolClient (GrpcClientProtocolClient.java:onNext(255)) - client-0F1B900A64BD->9bf35ae9-4da0-4371-87fa-54ea3ce1f280: receive RaftClientReply:client-0F1B900A64BD->9bf35ae9-4da0-4371-87fa-54ea3ce1f280@group-432E83AF5B55, cid=3119, SUCCESS, logIndex=4666, commits[9bf35ae9-4da0-4371-87fa-54ea3ce1f280:c4667, 0cc34542-3a00-466e-ae84-194b84d3af7b:c4664, d451d94d-57a0-4545-b387-d428f64e3f33:c4664]
2019-07-09 16:26:16,172 INFO  client.GrpcClientProtocolClient (GrpcClientProtocolClient.java:onNext(255)) - client-0F1B900A64BD->9bf35ae9-4da0-4371-87fa-54ea3ce1f280: receive RaftClientReply:client-0F1B900A64BD->9bf35ae9-4da0-4371-87fa-54ea3ce1f280@group-432E83AF5B55, cid=3120, SUCCESS, logIndex=4667, commits[9bf35ae9-4da0-4371-87fa-54ea3ce1f280:c4668, 0cc34542-3a00-466e-ae84-194b84d3af7b:c4664, d451d94d-57a0-4545-b387-d428f64e3f33:c4664]
2019-07-09 16:26:16,172 INFO  client.GrpcClientProtocolClient (GrpcClientProtocolClient.java:onNext(255)) - client-0F1B900A64BD->9bf35ae9-4da0-4371-87fa-54ea3ce1f280: receive RaftClientReply:client-0F1B900A64BD->9bf35ae9-4da0-4371-87fa-54ea3ce1f280@group-432E83AF5B55, cid=3121, SUCCESS, logIndex=4668, commits[9bf35ae9-4da0-4371-87fa-54ea3ce1f280:c4668, 0cc34542-3a00-466e-ae84-194b84d3af7b:c4664, d451d94d-57a0-4545-b387-d428f64e3f33:c4664]
2019-07-09 16:26:16,184 INFO  client.GrpcClientProtocolClient (GrpcClientProtocolClient.java:onNext(255)) - client-0F1B900A64BD->9bf35ae9-4da0-4371-87fa-54ea3ce1f280: receive RaftClientReply:client-0F1B900A64BD->9bf35ae9-4da0-4371-87fa-54ea3ce1f280@group-432E83AF5B55, cid=3122, SUCCESS, logIndex=0, commits[9bf35ae9-4da0-4371-87fa-54ea3ce1f280:c4670, 0cc34542-3a00-466e-ae84-194b84d3af7b:c4666, d451d94d-57a0-4545-b387-d428f64e3f33:c4666]
2019-07-09 16:26:16,196 INFO  client.GrpcClientProtocolClient (GrpcClientProtocolClient.java:onNext(255)) - client-0F1B900A64BD->9bf35ae9-4da0-4371-87fa-54ea3ce1f280: receive RaftClientReply:client-0F1B900A64BD->9bf35ae9-4da0-4371-87fa-54ea3ce1f280@group-432E83AF5B55, cid=3123, SUCCESS, logIndex=4673, commits[9bf35ae9-4da0-4371-87fa-54ea3ce1f280:c4674, 0cc34542-3a00-466e-ae84-194b84d3af7b:c4668, d451d94d-57a0-4545-b387-d428f64e3f33:c4672]
2019-07-09 16:26:16,197 INFO  client.GrpcClientProtocolClient (GrpcClientProtocolClient.java:onNext(255)) - client-0F1B900A64BD->9bf35ae9-4da0-4371-87fa-54ea3ce1f280: receive RaftClientReply:client-0F1B900A64BD->9bf35ae9-4da0-4371-87fa-54ea3ce1f280@group-432E83AF5B55, cid=3124, SUCCESS, logIndex=4674, commits[9bf35ae9-4da0-4371-87fa-54ea3ce1f280:c4674, 0cc34542-3a00-466e-ae84-194b84d3af7b:c4672, d451d94d-57a0-4545-b387-d428f64e3f33:c4672]
2019-07-09 16:26:16,217 INFO  client.GrpcClientProtocolClient (GrpcClientProtocolClient.java:onNext(255)) - client-0F1B900A64BD->9bf35ae9-4da0-4371-87fa-54ea3ce1f280: receive RaftClientReply:client-0F1B900A64BD->9bf35ae9-4da0-4371-87fa-54ea3ce1f280@group-432E83AF5B55, cid=3125, SUCCESS, logIndex=4677, commits[9bf35ae9-4da0-4371-87fa-54ea3ce1f280:c4678, 0cc34542-3a00-466e-ae84-194b84d3af7b:c4676, d451d94d-57a0-4545-b387-d428f64e3f33:c4674]
2019-07-09 16:26:16,218 INFO  client.GrpcClientProtocolClient (GrpcClientProtocolClient.java:onNext(255)) - client-0F1B900A64BD->9bf35ae9-4da0-4371-87fa-54ea3ce1f280: receive RaftClientReply:client-0F1B900A64BD->9bf35ae9-4da0-4371-87fa-54ea3ce1f280@group-432E83AF5B55, cid=3126, SUCCESS, logIndex=4678, commits[9bf35ae9-4da0-4371-87fa-54ea3ce1f280:c4678, 0cc34542-3a00-466e-ae84-194b84d3af7b:c4676, d451d94d-57a0-4545-b387-d428f64e3f33:c4676]
2019-07-09 16:26:16,232 INFO  client.GrpcClientProtocolClient (GrpcClientProtocolClient.java:onNext(255)) - client-0F1B900A64BD->9bf35ae9-4da0-4371-87fa-54ea3ce1f280: receive RaftClientReply:client-0F1B900A64BD->9bf35ae9-4da0-4371-87fa-54ea3ce1f280@group-432E83AF5B55, cid=3127, SUCCESS, logIndex=0, commits[9bf35ae9-4da0-4371-87fa-54ea3ce1f280:c4680, 0cc34542-3a00-466e-ae84-194b84d3af7b:c4678, d451d94d-57a0-4545-b387-d428f64e3f33:c4678]
2019-07-09 16:26:16,258 INFO  client.GrpcClientProtocolClient (GrpcClientProtocolClient.java:onNext(255)) - client-0F1B900A64BD->9bf35ae9-4da0-4371-87fa-54ea3ce1f280: receive RaftClientReply:client-0F1B900A64BD->9bf35ae9-4da0-4371-87fa-54ea3ce1f280@group-432E83AF5B55, cid=3128, SUCCESS, logIndex=4681, commits[9bf35ae9-4da0-4371-87fa-54ea3ce1f280:c4684, 0cc34542-3a00-466e-ae84-194b84d3af7b:c4680, d451d94d-57a0-4545-b387-d428f64e3f33:c4680]
2019-07-09 16:26:16,258 INFO  client.GrpcClientProtocolClient (GrpcClientProtocolClient.java:onNext(255)) - client-0F1B900A64BD->9bf35ae9-4da0-4371-87fa-54ea3ce1f280: receive RaftClientReply:client-0F1B900A64BD->9bf35ae9-4da0-4371-87fa-54ea3ce1f280@group-432E83AF5B55, cid=3129, SUCCESS, logIndex=4682, commits[9bf35ae9-4da0-4371-87fa-54ea3ce1f280:c4684, 0cc34542-3a00-466e-ae84-194b84d3af7b:c4680, d451d94d-57a0-4545-b387-d428f64e3f33:c4680]
2019-07-09 16:26:16,259 INFO  client.GrpcClientProtocolClient (GrpcClientProtocolClient.java:onNext(255)) - client-0F1B900A64BD->9bf35ae9-4da0-4371-87fa-54ea3ce1f280: receive RaftClientReply:client-0F1B900A64BD->9bf35ae9-4da0-4371-87fa-54ea3ce1f280@group-432E83AF5B55, cid=3130, SUCCESS, logIndex=4683, commits[9bf35ae9-4da0-4371-87fa-54ea3ce1f280:c4684, 0cc34542-3a00-466e-ae84-194b84d3af7b:c4680, d451d94d-57a0-4545-b387-d428f64e3f33:c4680]
2019-07-09 16:26:16,259 INFO  client.GrpcClientProtocolClient (GrpcClientProtocolClient.java:onNext(255)) - client-0F1B900A64BD->9bf35ae9-4da0-4371-87fa-54ea3ce1f280: receive RaftClientReply:client-0F1B900A64BD->9bf35ae9-4da0-4371-87fa-54ea3ce1f280@group-432E83AF5B55, cid=3131, SUCCESS, logIndex=4684, commits[9bf35ae9-4da0-4371-87fa-54ea3ce1f280:c4685, 0cc34542-3a00-466e-ae84-194b84d3af7b:c4681, d451d94d-57a0-4545-b387-d428f64e3f33:c4680]
2019-07-09 16:26:16,262 INFO  client.GrpcClientProtocolClient (GrpcClientProtocolClient.java:onNext(255)) - client-0F1B900A64BD->9bf35ae9-4da0-4371-87fa-54ea3ce1f280: receive RaftClientReply:client-0F1B900A64BD->9bf35ae9-4da0-4371-87fa-54ea3ce1f280@group-432E83AF5B55, cid=3132, SUCCESS, logIndex=0, commits[9bf35ae9-4da0-4371-87fa-54ea3ce1f280:c4686, 0cc34542-3a00-466e-ae84-194b84d3af7b:c4682, d451d94d-57a0-4545-b387-d428f64e3f33:c4682]
2019-07-09 16:26:16,276 INFO  client.GrpcClientProtocolClient (GrpcClientProtocolClient.java:onNext(255)) - client-0F1B900A64BD->9bf35ae9-4da0-4371-87fa-54ea3ce1f280: receive RaftClientReply:client-0F1B900A64BD->9bf35ae9-4da0-4371-87fa-54ea3ce1f280@group-432E83AF5B55, cid=3133, SUCCESS, logIndex=4689, commits[9bf35ae9-4da0-4371-87fa-54ea3ce1f280:c4690, 0cc34542-3a00-466e-ae84-194b84d3af7b:c4688, d451d94d-57a0-4545-b387-d428f64e3f33:c4688]
2019-07-09 16:26:16,276 INFO  client.GrpcClientProtocolClient (GrpcClientProtocolClient.java:onNext(255)) - client-0F1B900A64BD->9bf35ae9-4da0-4371-87fa-54ea3ce1f280: receive RaftClientReply:client-0F1B900A64BD->9bf35ae9-4da0-4371-87fa-54ea3ce1f280@group-432E83AF5B55, cid=3134, SUCCESS, logIndex=4690, commits[9bf35ae9-4da0-4371-87fa-54ea3ce1f280:c4690, 0cc34542-3a00-466e-ae84-194b84d3af7b:c4688, d451d94d-57a0-4545-b387-d428f64e3f33:c4688]
2019-07-09 16:26:16,290 INFO  client.GrpcClientProtocolClient (GrpcClientProtocolClient.java:onNext(255)) - client-0F1B900A64BD->9bf35ae9-4da0-4371-87fa-54ea3ce1f280: receive RaftClientReply:client-0F1B900A64BD->9bf35ae9-4da0-4371-87fa-54ea3ce1f280@group-432E83AF5B55, cid=3135, SUCCESS, logIndex=4692, commits[9bf35ae9-4da0-4371-87fa-54ea3ce1f280:c4693, 0cc34542-3a00-466e-ae84-194b84d3af7b:c4691, d451d94d-57a0-4545-b387-d428f64e3f33:c4691]
2019-07-09 16:26:16,291 INFO  client.GrpcClientProtocolClient (GrpcClientProtocolClient.java:onNext(255)) - client-0F1B900A64BD->9bf35ae9-4da0-4371-87fa-54ea3ce1f280: receive RaftClientReply:client-0F1B900A64BD->9bf35ae9-4da0-4371-87fa-54ea3ce1f280@group-432E83AF5B55, cid=3136, SUCCESS, logIndex=4693, commits[9bf35ae9-4da0-4371-87fa-54ea3ce1f280:c4693, 0cc34542-3a00-466e-ae84-194b84d3af7b:c4691, d451d94d-57a0-4545-b387-d428f64e3f33:c4691]
2019-07-09 16:26:16,295 INFO  client.GrpcClientProtocolClient (GrpcClientProtocolClient.java:onNext(255)) - client-0F1B900A64BD->9bf35ae9-4da0-4371-87fa-54ea3ce1f280: receive RaftClientReply:client-0F1B900A64BD->9bf35ae9-4da0-4371-87fa-54ea3ce1f280@group-432E83AF5B55, cid=3137, SUCCESS, logIndex=0, commits[9bf35ae9-4da0-4371-87fa-54ea3ce1f280:c4694, 0cc34542-3a00-466e-ae84-194b84d3af7b:c4693, d451d94d-57a0-4545-b387-d428f64e3f33:c4693]
2019-07-09 16:26:16,318 INFO  client.GrpcClientProtocolClient (GrpcClientProtocolClient.java:onNext(255)) - client-0F1B900A64BD->9bf35ae9-4da0-4371-87fa-54ea3ce1f280: receive RaftClientReply:client-0F1B900A64BD->9bf35ae9-4da0-4371-87fa-54ea3ce1f280@group-432E83AF5B55, cid=3138, SUCCESS, logIndex=4696, commits[9bf35ae9-4da0-4371-87fa-54ea3ce1f280:c4697, 0cc34542-3a00-466e-ae84-194b84d3af7b:c4695, d451d94d-57a0-4545-b387-d428f64e3f33:c4695]
2019-07-09 16:26:16,319 INFO  client.GrpcClientProtocolClient (GrpcClientProtocolClient.java:onNext(255)) - client-0F1B900A64BD->9bf35ae9-4da0-4371-87fa-54ea3ce1f280: receive RaftClientReply:client-0F1B900A64BD->9bf35ae9-4da0-4371-87fa-54ea3ce1f280@group-432E83AF5B55, cid=3139, SUCCESS, logIndex=4697, commits[9bf35ae9-4da0-4371-87fa-54ea3ce1f280:c4697, 0cc34542-3a00-466e-ae84-194b84d3af7b:c4695, d451d94d-57a0-4545-b387-d428f64e3f33:c4695]
2019-07-09 16:26:16,320 INFO  client.GrpcClientProtocolClient (GrpcClientProtocolClient.java:onNext(255)) - client-0F1B900A64BD->9bf35ae9-4da0-4371-87fa-54ea3ce1f280: receive RaftClientReply:client-0F1B900A64BD->9bf35ae9-4da0-4371-87fa-54ea3ce1f280@group-432E83AF5B55, cid=3140, SUCCESS, logIndex=4698, commits[9bf35ae9-4da0-4371-87fa-54ea3ce1f280:c4698, 0cc34542-3a00-466e-ae84-194b84d3af7b:c4695, d451d94d-57a0-4545-b387-d428f64e3f33:c4695]
2019-07-09 16:26:16,320 INFO  client.GrpcClientProtocolClient (GrpcClientProtocolClient.java:onNext(255)) - client-0F1B900A64BD->9bf35ae9-4da0-4371-87fa-54ea3ce1f280: receive RaftClientReply:client-0F1B900A64BD->9bf35ae9-4da0-4371-87fa-54ea3ce1f280@group-432E83AF5B55, cid=3141, SUCCESS, logIndex=4699, commits[9bf35ae9-4da0-4371-87fa-54ea3ce1f280:c4701, 0cc34542-3a00-466e-ae84-194b84d3af7b:c4695, d451d94d-57a0-4545-b387-d428f64e3f33:c4697]
2019-07-09 16:26:16,321 INFO  client.GrpcClientProtocolClient (GrpcClientProtocolClient.java:onNext(255)) - client-0F1B900A64BD->9bf35ae9-4da0-4371-87fa-54ea3ce1f280: receive RaftClientReply:client-0F1B900A64BD->9bf35ae9-4da0-4371-87fa-54ea3ce1f280@group-432E83AF5B55, cid=3142, SUCCESS, logIndex=0, commits[9bf35ae9-4da0-4371-87fa-54ea3ce1f280:c4701, 0cc34542-3a00-466e-ae84-194b84d3af7b:c4697, d451d94d-57a0-4545-b387-d428f64e3f33:c4697]
2019-07-09 16:26:16,352 INFO  client.GrpcClientProtocolClient (GrpcClientProtocolClient.java:onNext(255)) - client-0F1B900A64BD->9bf35ae9-4da0-4371-87fa-54ea3ce1f280: receive RaftClientReply:client-0F1B900A64BD->9bf35ae9-4da0-4371-87fa-54ea3ce1f280@group-432E83AF5B55, cid=3143, SUCCESS, logIndex=4703, commits[9bf35ae9-4da0-4371-87fa-54ea3ce1f280:c4704, 0cc34542-3a00-466e-ae84-194b84d3af7b:c4702, d451d94d-57a0-4545-b387-d428f64e3f33:c4702]
2019-07-09 16:26:16,352 INFO  client.GrpcClientProtocolClient (GrpcClientProtocolClient.java:onNext(255)) - client-0F1B900A64BD->9bf35ae9-4da0-4371-87fa-54ea3ce1f280: receive RaftClientReply:client-0F1B900A64BD->9bf35ae9-4da0-4371-87fa-54ea3ce1f280@group-432E83AF5B55, cid=3144, SUCCESS, logIndex=4704, commits[9bf35ae9-4da0-4371-87fa-54ea3ce1f280:c4704, 0cc34542-3a00-466e-ae84-194b84d3af7b:c4702, d451d94d-57a0-4545-b387-d428f64e3f33:c4702]
2019-07-09 16:26:16,365 INFO  client.GrpcClientProtocolClient (GrpcClientProtocolClient.java:onNext(255)) - client-0F1B900A64BD->9bf35ae9-4da0-4371-87fa-54ea3ce1f280: receive RaftClientReply:client-0F1B900A64BD->9bf35ae9-4da0-4371-87fa-54ea3ce1f280@group-432E83AF5B55, cid=3145, SUCCESS, logIndex=4706, commits[9bf35ae9-4da0-4371-87fa-54ea3ce1f280:c4707, 0cc34542-3a00-466e-ae84-194b84d3af7b:c4704, d451d94d-57a0-4545-b387-d428f64e3f33:c4704]
2019-07-09 16:26:16,366 INFO  client.GrpcClientProtocolClient (GrpcClientProtocolClient.java:onNext(255)) - client-0F1B900A64BD->9bf35ae9-4da0-4371-87fa-54ea3ce1f280: receive RaftClientReply:client-0F1B900A64BD->9bf35ae9-4da0-4371-87fa-54ea3ce1f280@group-432E83AF5B55, cid=3146, SUCCESS, logIndex=4707, commits[9bf35ae9-4da0-4371-87fa-54ea3ce1f280:c4707, 0cc34542-3a00-466e-ae84-194b84d3af7b:c4704, d451d94d-57a0-4545-b387-d428f64e3f33:c4704]
2019-07-09 16:26:16,369 INFO  client.GrpcClientProtocolClient (GrpcClientProtocolClient.java:onNext(255)) - client-0F1B900A64BD->9bf35ae9-4da0-4371-87fa-54ea3ce1f280: receive RaftClientReply:client-0F1B900A64BD->9bf35ae9-4da0-4371-87fa-54ea3ce1f280@group-432E83AF5B55, cid=3147, SUCCESS, logIndex=0, commits[9bf35ae9-4da0-4371-87fa-54ea3ce1f280:c4708, 0cc34542-3a00-466e-ae84-194b84d3af7b:c4707, d451d94d-57a0-4545-b387-d428f64e3f33:c4707]
2019-07-09 16:26:16,390 INFO  client.GrpcClientProtocolClient (GrpcClientProtocolClient.java:onNext(255)) - client-0F1B900A64BD->9bf35ae9-4da0-4371-87fa-54ea3ce1f280: receive RaftClientReply:client-0F1B900A64BD->9bf35ae9-4da0-4371-87fa-54ea3ce1f280@group-432E83AF5B55, cid=3148, SUCCESS, logIndex=4710, commits[9bf35ae9-4da0-4371-87fa-54ea3ce1f280:c4712, 0cc34542-3a00-466e-ae84-194b84d3af7b:c4709, d451d94d-57a0-4545-b387-d428f64e3f33:c4709]
2019-07-09 16:26:16,391 INFO  client.GrpcClientProtocolClient (GrpcClientProtocolClient.java:onNext(255)) - client-0F1B900A64BD->9bf35ae9-4da0-4371-87fa-54ea3ce1f280: receive RaftClientReply:client-0F1B900A64BD->9bf35ae9-4da0-4371-87fa-54ea3ce1f280@group-432E83AF5B55, cid=3149, SUCCESS, logIndex=4711, commits[9bf35ae9-4da0-4371-87fa-54ea3ce1f280:c4713, 0cc34542-3a00-466e-ae84-194b84d3af7b:c4709, d451d94d-57a0-4545-b387-d428f64e3f33:c4709]
2019-07-09 16:26:16,392 INFO  client.GrpcClientProtocolClient (GrpcClientProtocolClient.java:onNext(255)) - client-0F1B900A64BD->9bf35ae9-4da0-4371-87fa-54ea3ce1f280: receive RaftClientReply:client-0F1B900A64BD->9bf35ae9-4da0-4371-87fa-54ea3ce1f280@group-432E83AF5B55, cid=3150, SUCCESS, logIndex=4712, commits[9bf35ae9-4da0-4371-87fa-54ea3ce1f280:c4713, 0cc34542-3a00-466e-ae84-194b84d3af7b:c4709, d451d94d-57a0-4545-b387-d428f64e3f33:c4709]
2019-07-09 16:26:16,392 INFO  client.GrpcClientProtocolClient (GrpcClientProtocolClient.java:onNext(255)) - client-0F1B900A64BD->9bf35ae9-4da0-4371-87fa-54ea3ce1f280: receive RaftClientReply:client-0F1B900A64BD->9bf35ae9-4da0-4371-87fa-54ea3ce1f280@group-432E83AF5B55, cid=3151, SUCCESS, logIndex=4713, commits[9bf35ae9-4da0-4371-87fa-54ea3ce1f280:c4713, 0cc34542-3a00-466e-ae84-194b84d3af7b:c4709, d451d94d-57a0-4545-b387-d428f64e3f33:c4709]
2019-07-09 16:26:16,393 INFO  client.GrpcClientProtocolClient (GrpcClientProtocolClient.java:onNext(255)) - client-0F1B900A64BD->9bf35ae9-4da0-4371-87fa-54ea3ce1f280: receive RaftClientReply:client-0F1B900A64BD->9bf35ae9-4da0-4371-87fa-54ea3ce1f280@group-432E83AF5B55, cid=3152, SUCCESS, logIndex=0, commits[9bf35ae9-4da0-4371-87fa-54ea3ce1f280:c4716, 0cc34542-3a00-466e-ae84-194b84d3af7b:c4712, d451d94d-57a0-4545-b387-d428f64e3f33:c4712]
2019-07-09 16:26:16,411 INFO  client.GrpcClientProtocolClient (GrpcClientProtocolClient.java:onNext(255)) - client-0F1B900A64BD->9bf35ae9-4da0-4371-87fa-54ea3ce1f280: receive RaftClientReply:client-0F1B900A64BD->9bf35ae9-4da0-4371-87fa-54ea3ce1f280@group-432E83AF5B55, cid=3153, SUCCESS, logIndex=4718, commits[9bf35ae9-4da0-4371-87fa-54ea3ce1f280:c4719, 0cc34542-3a00-466e-ae84-194b84d3af7b:c4717, d451d94d-57a0-4545-b387-d428f64e3f33:c4717]
2019-07-09 16:26:16,412 INFO  client.GrpcClientProtocolClient (GrpcClientProtocolClient.java:onNext(255)) - client-0F1B900A64BD->9bf35ae9-4da0-4371-87fa-54ea3ce1f280: receive RaftClientReply:client-0F1B900A64BD->9bf35ae9-4da0-4371-87fa-54ea3ce1f280@group-432E83AF5B55, cid=3154, SUCCESS, logIndex=4719, commits[9bf35ae9-4da0-4371-87fa-54ea3ce1f280:c4719, 0cc34542-3a00-466e-ae84-194b84d3af7b:c4717, d451d94d-57a0-4545-b387-d428f64e3f33:c4717]
2019-07-09 16:26:16,426 INFO  client.GrpcClientProtocolClient (GrpcClientProtocolClient.java:onNext(255)) - client-0F1B900A64BD->9bf35ae9-4da0-4371-87fa-54ea3ce1f280: receive RaftClientReply:client-0F1B900A64BD->9bf35ae9-4da0-4371-87fa-54ea3ce1f280@group-432E83AF5B55, cid=3155, SUCCESS, logIndex=4722, commits[9bf35ae9-4da0-4371-87fa-54ea3ce1f280:c4722, 0cc34542-3a00-466e-ae84-194b84d3af7b:c4719, d451d94d-57a0-4545-b387-d428f64e3f33:c4719]
2019-07-09 16:26:16,426 INFO  client.GrpcClientProtocolClient (GrpcClientProtocolClient.java:onNext(255)) - client-0F1B900A64BD->9bf35ae9-4da0-4371-87fa-54ea3ce1f280: receive RaftClientReply:client-0F1B900A64BD->9bf35ae9-4da0-4371-87fa-54ea3ce1f280@group-432E83AF5B55, cid=3156, SUCCESS, logIndex=4723, commits[9bf35ae9-4da0-4371-87fa-54ea3ce1f280:c4723, 0cc34542-3a00-466e-ae84-194b84d3af7b:c4719, d451d94d-57a0-4545-b387-d428f64e3f33:c4719]
2019-07-09 16:26:16,441 INFO  client.GrpcClientProtocolClient (GrpcClientProtocolClient.java:onNext(255)) - client-0F1B900A64BD->9bf35ae9-4da0-4371-87fa-54ea3ce1f280: receive RaftClientReply:client-0F1B900A64BD->9bf35ae9-4da0-4371-87fa-54ea3ce1f280@group-432E83AF5B55, cid=3157, SUCCESS, logIndex=0, commits[9bf35ae9-4da0-4371-87fa-54ea3ce1f280:c4725, 0cc34542-3a00-466e-ae84-194b84d3af7b:c4723, d451d94d-57a0-4545-b387-d428f64e3f33:c4723]
2019-07-09 16:26:16,468 INFO  client.GrpcClientProtocolClient (GrpcClientProtocolClient.java:onNext(255)) - client-0F1B900A64BD->9bf35ae9-4da0-4371-87fa-54ea3ce1f280: receive RaftClientReply:client-0F1B900A64BD->9bf35ae9-4da0-4371-87fa-54ea3ce1f280@group-432E83AF5B55, cid=3158, SUCCESS, logIndex=4726, commits[9bf35ae9-4da0-4371-87fa-54ea3ce1f280:c4728, 0cc34542-3a00-466e-ae84-194b84d3af7b:c4725, d451d94d-57a0-4545-b387-d428f64e3f33:c4725]
2019-07-09 16:26:16,469 INFO  client.GrpcClientProtocolClient (GrpcClientProtocolClient.java:onNext(255)) - client-0F1B900A64BD->9bf35ae9-4da0-4371-87fa-54ea3ce1f280: receive RaftClientReply:client-0F1B900A64BD->9bf35ae9-4da0-4371-87fa-54ea3ce1f280@group-432E83AF5B55, cid=3159, SUCCESS, logIndex=4727, commits[9bf35ae9-4da0-4371-87fa-54ea3ce1f280:c4729, 0cc34542-3a00-466e-ae84-194b84d3af7b:c4725, d451d94d-57a0-4545-b387-d428f64e3f33:c4725]
2019-07-09 16:26:16,469 INFO  client.GrpcClientProtocolClient (GrpcClientProtocolClient.java:onNext(255)) - client-0F1B900A64BD->9bf35ae9-4da0-4371-87fa-54ea3ce1f280: receive RaftClientReply:client-0F1B900A64BD->9bf35ae9-4da0-4371-87fa-54ea3ce1f280@group-432E83AF5B55, cid=3160, SUCCESS, logIndex=4728, commits[9bf35ae9-4da0-4371-87fa-54ea3ce1f280:c4729, 0cc34542-3a00-466e-ae84-194b84d3af7b:c4725, d451d94d-57a0-4545-b387-d428f64e3f33:c4725]
2019-07-09 16:26:16,469 INFO  client.GrpcClientProtocolClient (GrpcClientProtocolClient.java:onNext(255)) - client-0F1B900A64BD->9bf35ae9-4da0-4371-87fa-54ea3ce1f280: receive RaftClientReply:client-0F1B900A64BD->9bf35ae9-4da0-4371-87fa-54ea3ce1f280@group-432E83AF5B55, cid=3161, SUCCESS, logIndex=4729, commits[9bf35ae9-4da0-4371-87fa-54ea3ce1f280:c4729, 0cc34542-3a00-466e-ae84-194b84d3af7b:c4725, d451d94d-57a0-4545-b387-d428f64e3f33:c4725]
2019-07-09 16:26:16,480 INFO  client.GrpcClientProtocolClient (GrpcClientProtocolClient.java:onNext(255)) - client-0F1B900A64BD->9bf35ae9-4da0-4371-87fa-54ea3ce1f280: receive RaftClientReply:client-0F1B900A64BD->9bf35ae9-4da0-4371-87fa-54ea3ce1f280@group-432E83AF5B55, cid=3162, SUCCESS, logIndex=0, commits[9bf35ae9-4da0-4371-87fa-54ea3ce1f280:c4732, 0cc34542-3a00-466e-ae84-194b84d3af7b:c4727, d451d94d-57a0-4545-b387-d428f64e3f33:c4728]
2019-07-09 16:26:16,499 INFO  client.GrpcClientProtocolClient (GrpcClientProtocolClient.java:onNext(255)) - client-0F1B900A64BD->9bf35ae9-4da0-4371-87fa-54ea3ce1f280: receive RaftClientReply:client-0F1B900A64BD->9bf35ae9-4da0-4371-87fa-54ea3ce1f280@group-432E83AF5B55, cid=3163, SUCCESS, logIndex=4734, commits[9bf35ae9-4da0-4371-87fa-54ea3ce1f280:c4735, 0cc34542-3a00-466e-ae84-194b84d3af7b:c4733, d451d94d-57a0-4545-b387-d428f64e3f33:c4733]
2019-07-09 16:26:16,499 INFO  client.GrpcClientProtocolClient (GrpcClientProtocolClient.java:onNext(255)) - client-0F1B900A64BD->9bf35ae9-4da0-4371-87fa-54ea3ce1f280: receive RaftClientReply:client-0F1B900A64BD->9bf35ae9-4da0-4371-87fa-54ea3ce1f280@group-432E83AF5B55, cid=3164, SUCCESS, logIndex=4735, commits[9bf35ae9-4da0-4371-87fa-54ea3ce1f280:c4735, 0cc34542-3a00-466e-ae84-194b84d3af7b:c4733, d451d94d-57a0-4545-b387-d428f64e3f33:c4733]
2019-07-09 16:26:16,524 INFO  client.GrpcClientProtocolClient (GrpcClientProtocolClient.java:onNext(255)) - client-0F1B900A64BD->9bf35ae9-4da0-4371-87fa-54ea3ce1f280: receive RaftClientReply:client-0F1B900A64BD->9bf35ae9-4da0-4371-87fa-54ea3ce1f280@group-432E83AF5B55, cid=3165, SUCCESS, logIndex=4738, commits[9bf35ae9-4da0-4371-87fa-54ea3ce1f280:c4738, 0cc34542-3a00-466e-ae84-194b84d3af7b:c4735, d451d94d-57a0-4545-b387-d428f64e3f33:c4735]
2019-07-09 16:26:16,524 INFO  client.GrpcClientProtocolClient (GrpcClientProtocolClient.java:onNext(255)) - client-0F1B900A64BD->9bf35ae9-4da0-4371-87fa-54ea3ce1f280: receive RaftClientReply:client-0F1B900A64BD->9bf35ae9-4da0-4371-87fa-54ea3ce1f280@group-432E83AF5B55, cid=3166, SUCCESS, logIndex=4739, commits[9bf35ae9-4da0-4371-87fa-54ea3ce1f280:c4739, 0cc34542-3a00-466e-ae84-194b84d3af7b:c4735, d451d94d-57a0-4545-b387-d428f64e3f33:c4735]
2019-07-09 16:26:16,539 INFO  client.GrpcClientProtocolClient (GrpcClientProtocolClient.java:onNext(255)) - client-0F1B900A64BD->9bf35ae9-4da0-4371-87fa-54ea3ce1f280: receive RaftClientReply:client-0F1B900A64BD->9bf35ae9-4da0-4371-87fa-54ea3ce1f280@group-432E83AF5B55, cid=3167, SUCCESS, logIndex=0, commits[9bf35ae9-4da0-4371-87fa-54ea3ce1f280:c4740, 0cc34542-3a00-466e-ae84-194b84d3af7b:c4739, d451d94d-57a0-4545-b387-d428f64e3f33:c4739]
2019-07-09 16:26:16,566 INFO  client.GrpcClientProtocolClient (GrpcClientProtocolClient.java:onNext(255)) - client-0F1B900A64BD->9bf35ae9-4da0-4371-87fa-54ea3ce1f280: receive RaftClientReply:client-0F1B900A64BD->9bf35ae9-4da0-4371-87fa-54ea3ce1f280@group-432E83AF5B55, cid=3168, SUCCESS, logIndex=4742, commits[9bf35ae9-4da0-4371-87fa-54ea3ce1f280:c4745, 0cc34542-3a00-466e-ae84-194b84d3af7b:c4739, d451d94d-57a0-4545-b387-d428f64e3f33:c4741]
2019-07-09 16:26:16,566 INFO  client.GrpcClientProtocolClient (GrpcClientProtocolClient.java:onNext(255)) - client-0F1B900A64BD->9bf35ae9-4da0-4371-87fa-54ea3ce1f280: receive RaftClientReply:client-0F1B900A64BD->9bf35ae9-4da0-4371-87fa-54ea3ce1f280@group-432E83AF5B55, cid=3169, SUCCESS, logIndex=4743, commits[9bf35ae9-4da0-4371-87fa-54ea3ce1f280:c4745, 0cc34542-3a00-466e-ae84-194b84d3af7b:c4741, d451d94d-57a0-4545-b387-d428f64e3f33:c4741]
2019-07-09 16:26:16,567 INFO  client.GrpcClientProtocolClient (GrpcClientProtocolClient.java:onNext(255)) - client-0F1B900A64BD->9bf35ae9-4da0-4371-87fa-54ea3ce1f280: receive RaftClientReply:client-0F1B900A64BD->9bf35ae9-4da0-4371-87fa-54ea3ce1f280@group-432E83AF5B55, cid=3170, SUCCESS, logIndex=4744, commits[9bf35ae9-4da0-4371-87fa-54ea3ce1f280:c4745, 0cc34542-3a00-466e-ae84-194b84d3af7b:c4741, d451d94d-57a0-4545-b387-d428f64e3f33:c4741]
2019-07-09 16:26:16,567 INFO  client.GrpcClientProtocolClient (GrpcClientProtocolClient.java:onNext(255)) - client-0F1B900A64BD->9bf35ae9-4da0-4371-87fa-54ea3ce1f280: receive RaftClientReply:client-0F1B900A64BD->9bf35ae9-4da0-4371-87fa-54ea3ce1f280@group-432E83AF5B55, cid=3171, SUCCESS, logIndex=4745, commits[9bf35ae9-4da0-4371-87fa-54ea3ce1f280:c4745, 0cc34542-3a00-466e-ae84-194b84d3af7b:c4741, d451d94d-57a0-4545-b387-d428f64e3f33:c4741]
2019-07-09 16:26:16,569 INFO  client.GrpcClientProtocolClient (GrpcClientProtocolClient.java:onNext(255)) - client-0F1B900A64BD->9bf35ae9-4da0-4371-87fa-54ea3ce1f280: receive RaftClientReply:client-0F1B900A64BD->9bf35ae9-4da0-4371-87fa-54ea3ce1f280@group-432E83AF5B55, cid=3172, SUCCESS, logIndex=0, commits[9bf35ae9-4da0-4371-87fa-54ea3ce1f280:c4747, 0cc34542-3a00-466e-ae84-194b84d3af7b:c4743, d451d94d-57a0-4545-b387-d428f64e3f33:c4743]
2019-07-09 16:26:16,580 INFO  client.GrpcClientProtocolClient (GrpcClientProtocolClient.java:onNext(255)) - client-0F1B900A64BD->9bf35ae9-4da0-4371-87fa-54ea3ce1f280: receive RaftClientReply:client-0F1B900A64BD->9bf35ae9-4da0-4371-87fa-54ea3ce1f280@group-432E83AF5B55, cid=3173, SUCCESS, logIndex=4750, commits[9bf35ae9-4da0-4371-87fa-54ea3ce1f280:c4751, 0cc34542-3a00-466e-ae84-194b84d3af7b:c4749, d451d94d-57a0-4545-b387-d428f64e3f33:c4745]
2019-07-09 16:26:16,580 INFO  client.GrpcClientProtocolClient (GrpcClientProtocolClient.java:onNext(255)) - client-0F1B900A64BD->9bf35ae9-4da0-4371-87fa-54ea3ce1f280: receive RaftClientReply:client-0F1B900A64BD->9bf35ae9-4da0-4371-87fa-54ea3ce1f280@group-432E83AF5B55, cid=3174, SUCCESS, logIndex=4751, commits[9bf35ae9-4da0-4371-87fa-54ea3ce1f280:c4751, 0cc34542-3a00-466e-ae84-194b84d3af7b:c4749, d451d94d-57a0-4545-b387-d428f64e3f33:c4749]
2019-07-09 16:26:16,611 INFO  client.GrpcClientProtocolClient (GrpcClientProtocolClient.java:onNext(255)) - client-0F1B900A64BD->9bf35ae9-4da0-4371-87fa-54ea3ce1f280: receive RaftClientReply:client-0F1B900A64BD->9bf35ae9-4da0-4371-87fa-54ea3ce1f280@group-432E83AF5B55, cid=3175, SUCCESS, logIndex=4753, commits[9bf35ae9-4da0-4371-87fa-54ea3ce1f280:c4754, 0cc34542-3a00-466e-ae84-194b84d3af7b:c4752, d451d94d-57a0-4545-b387-d428f64e3f33:c4752]
2019-07-09 16:26:16,611 INFO  client.GrpcClientProtocolClient (GrpcClientProtocolClient.java:onNext(255)) - client-0F1B900A64BD->9bf35ae9-4da0-4371-87fa-54ea3ce1f280: receive RaftClientReply:client-0F1B900A64BD->9bf35ae9-4da0-4371-87fa-54ea3ce1f280@group-432E83AF5B55, cid=3176, SUCCESS, logIndex=4754, commits[9bf35ae9-4da0-4371-87fa-54ea3ce1f280:c4754, 0cc34542-3a00-466e-ae84-194b84d3af7b:c4752, d451d94d-57a0-4545-b387-d428f64e3f33:c4752]
2019-07-09 16:26:16,625 INFO  client.GrpcClientProtocolClient (GrpcClientProtocolClient.java:onNext(255)) - client-0F1B900A64BD->9bf35ae9-4da0-4371-87fa-54ea3ce1f280: receive RaftClientReply:client-0F1B900A64BD->9bf35ae9-4da0-4371-87fa-54ea3ce1f280@group-432E83AF5B55, cid=3177, SUCCESS, logIndex=0, commits[9bf35ae9-4da0-4371-87fa-54ea3ce1f280:c4756, 0cc34542-3a00-466e-ae84-194b84d3af7b:c4754, d451d94d-57a0-4545-b387-d428f64e3f33:c4754]
2019-07-09 16:26:16,659 INFO  client.GrpcClientProtocolClient (GrpcClientProtocolClient.java:onNext(255)) - client-0F1B900A64BD->9bf35ae9-4da0-4371-87fa-54ea3ce1f280: receive RaftClientReply:client-0F1B900A64BD->9bf35ae9-4da0-4371-87fa-54ea3ce1f280@group-432E83AF5B55, cid=3178, SUCCESS, logIndex=4757, commits[9bf35ae9-4da0-4371-87fa-54ea3ce1f280:c4758, 0cc34542-3a00-466e-ae84-194b84d3af7b:c4756, d451d94d-57a0-4545-b387-d428f64e3f33:c4756]
2019-07-09 16:26:16,659 INFO  client.GrpcClientProtocolClient (GrpcClientProtocolClient.java:onNext(255)) - client-0F1B900A64BD->9bf35ae9-4da0-4371-87fa-54ea3ce1f280: receive RaftClientReply:client-0F1B900A64BD->9bf35ae9-4da0-4371-87fa-54ea3ce1f280@group-432E83AF5B55, cid=3179, SUCCESS, logIndex=4758, commits[9bf35ae9-4da0-4371-87fa-54ea3ce1f280:c4758, 0cc34542-3a00-466e-ae84-194b84d3af7b:c4756, d451d94d-57a0-4545-b387-d428f64e3f33:c4756]
2019-07-09 16:26:16,660 INFO  client.GrpcClientProtocolClient (GrpcClientProtocolClient.java:onNext(255)) - client-0F1B900A64BD->9bf35ae9-4da0-4371-87fa-54ea3ce1f280: receive RaftClientReply:client-0F1B900A64BD->9bf35ae9-4da0-4371-87fa-54ea3ce1f280@group-432E83AF5B55, cid=3180, SUCCESS, logIndex=4759, commits[9bf35ae9-4da0-4371-87fa-54ea3ce1f280:c4760, 0cc34542-3a00-466e-ae84-194b84d3af7b:c4756, d451d94d-57a0-4545-b387-d428f64e3f33:c4756]
2019-07-09 16:26:16,660 INFO  client.GrpcClientProtocolClient (GrpcClientProtocolClient.java:onNext(255)) - client-0F1B900A64BD->9bf35ae9-4da0-4371-87fa-54ea3ce1f280: receive RaftClientReply:client-0F1B900A64BD->9bf35ae9-4da0-4371-87fa-54ea3ce1f280@group-432E83AF5B55, cid=3181, SUCCESS, logIndex=4760, commits[9bf35ae9-4da0-4371-87fa-54ea3ce1f280:c4760, 0cc34542-3a00-466e-ae84-194b84d3af7b:c4756, d451d94d-57a0-4545-b387-d428f64e3f33:c4756]
2019-07-09 16:26:16,672 INFO  client.GrpcClientProtocolClient (GrpcClientProtocolClient.java:onNext(255)) - client-0F1B900A64BD->9bf35ae9-4da0-4371-87fa-54ea3ce1f280: receive RaftClientReply:client-0F1B900A64BD->9bf35ae9-4da0-4371-87fa-54ea3ce1f280@group-432E83AF5B55, cid=3182, SUCCESS, logIndex=0, commits[9bf35ae9-4da0-4371-87fa-54ea3ce1f280:c4762, 0cc34542-3a00-466e-ae84-194b84d3af7b:c4758, d451d94d-57a0-4545-b387-d428f64e3f33:c4758]
2019-07-09 16:26:16,692 INFO  client.GrpcClientProtocolClient (GrpcClientProtocolClient.java:onNext(255)) - client-0F1B900A64BD->9bf35ae9-4da0-4371-87fa-54ea3ce1f280: receive RaftClientReply:client-0F1B900A64BD->9bf35ae9-4da0-4371-87fa-54ea3ce1f280@group-432E83AF5B55, cid=3183, SUCCESS, logIndex=4765, commits[9bf35ae9-4da0-4371-87fa-54ea3ce1f280:c4766, 0cc34542-3a00-466e-ae84-194b84d3af7b:c4764, d451d94d-57a0-4545-b387-d428f64e3f33:c4764]
2019-07-09 16:26:16,692 INFO  client.GrpcClientProtocolClient (GrpcClientProtocolClient.java:onNext(255)) - client-0F1B900A64BD->9bf35ae9-4da0-4371-87fa-54ea3ce1f280: receive RaftClientReply:client-0F1B900A64BD->9bf35ae9-4da0-4371-87fa-54ea3ce1f280@group-432E83AF5B55, cid=3184, SUCCESS, logIndex=4766, commits[9bf35ae9-4da0-4371-87fa-54ea3ce1f280:c4766, 0cc34542-3a00-466e-ae84-194b84d3af7b:c4764, d451d94d-57a0-4545-b387-d428f64e3f33:c4764]
2019-07-09 16:26:16,706 INFO  client.GrpcClientProtocolClient (GrpcClientProtocolClient.java:onNext(255)) - client-0F1B900A64BD->9bf35ae9-4da0-4371-87fa-54ea3ce1f280: receive RaftClientReply:client-0F1B900A64BD->9bf35ae9-4da0-4371-87fa-54ea3ce1f280@group-432E83AF5B55, cid=3185, SUCCESS, logIndex=4769, commits[9bf35ae9-4da0-4371-87fa-54ea3ce1f280:c4770, 0cc34542-3a00-466e-ae84-194b84d3af7b:c4766, d451d94d-57a0-4545-b387-d428f64e3f33:c4766]
2019-07-09 16:26:16,707 INFO  client.GrpcClientProtocolClient (GrpcClientProtocolClient.java:onNext(255)) - client-0F1B900A64BD->9bf35ae9-4da0-4371-87fa-54ea3ce1f280: receive RaftClientReply:client-0F1B900A64BD->9bf35ae9-4da0-4371-87fa-54ea3ce1f280@group-432E83AF5B55, cid=3186, SUCCESS, logIndex=4770, commits[9bf35ae9-4da0-4371-87fa-54ea3ce1f280:c4770, 0cc34542-3a00-466e-ae84-194b84d3af7b:c4766, d451d94d-57a0-4545-b387-d428f64e3f33:c4766]
2019-07-09 16:26:16,718 INFO  client.GrpcClientProtocolClient (GrpcClientProtocolClient.java:onNext(255)) - client-0F1B900A64BD->9bf35ae9-4da0-4371-87fa-54ea3ce1f280: receive RaftClientReply:client-0F1B900A64BD->9bf35ae9-4da0-4371-87fa-54ea3ce1f280@group-432E83AF5B55, cid=3187, SUCCESS, logIndex=0, commits[9bf35ae9-4da0-4371-87fa-54ea3ce1f280:c4771, 0cc34542-3a00-466e-ae84-194b84d3af7b:c4770, d451d94d-57a0-4545-b387-d428f64e3f33:c4770]
2019-07-09 16:26:16,746 INFO  client.GrpcClientProtocolClient (GrpcClientProtocolClient.java:onNext(255)) - client-0F1B900A64BD->9bf35ae9-4da0-4371-87fa-54ea3ce1f280: receive RaftClientReply:client-0F1B900A64BD->9bf35ae9-4da0-4371-87fa-54ea3ce1f280@group-432E83AF5B55, cid=3188, SUCCESS, logIndex=4773, commits[9bf35ae9-4da0-4371-87fa-54ea3ce1f280:c4774, 0cc34542-3a00-466e-ae84-194b84d3af7b:c4772, d451d94d-57a0-4545-b387-d428f64e3f33:c4772]
2019-07-09 16:26:16,747 INFO  client.GrpcClientProtocolClient (GrpcClientProtocolClient.java:onNext(255)) - client-0F1B900A64BD->9bf35ae9-4da0-4371-87fa-54ea3ce1f280: receive RaftClientReply:client-0F1B900A64BD->9bf35ae9-4da0-4371-87fa-54ea3ce1f280@group-432E83AF5B55, cid=3189, SUCCESS, logIndex=4774, commits[9bf35ae9-4da0-4371-87fa-54ea3ce1f280:c4774, 0cc34542-3a00-466e-ae84-194b84d3af7b:c4772, d451d94d-57a0-4545-b387-d428f64e3f33:c4772]
2019-07-09 16:26:16,747 INFO  client.GrpcClientProtocolClient (GrpcClientProtocolClient.java:onNext(255)) - client-0F1B900A64BD->9bf35ae9-4da0-4371-87fa-54ea3ce1f280: receive RaftClientReply:client-0F1B900A64BD->9bf35ae9-4da0-4371-87fa-54ea3ce1f280@group-432E83AF5B55, cid=3190, SUCCESS, logIndex=4775, commits[9bf35ae9-4da0-4371-87fa-54ea3ce1f280:c4776, 0cc34542-3a00-466e-ae84-194b84d3af7b:c4772, d451d94d-57a0-4545-b387-d428f64e3f33:c4772]
2019-07-09 16:26:16,748 INFO  client.GrpcClientProtocolClient (GrpcClientProtocolClient.java:onNext(255)) - client-0F1B900A64BD->9bf35ae9-4da0-4371-87fa-54ea3ce1f280: receive RaftClientReply:client-0F1B900A64BD->9bf35ae9-4da0-4371-87fa-54ea3ce1f280@group-432E83AF5B55, cid=3191, SUCCESS, logIndex=4776, commits[9bf35ae9-4da0-4371-87fa-54ea3ce1f280:c4776, 0cc34542-3a00-466e-ae84-194b84d3af7b:c4772, d451d94d-57a0-4545-b387-d428f64e3f33:c4772]
2019-07-09 16:26:16,834 INFO  client.GrpcClientProtocolClient (GrpcClientProtocolClient.java:onNext(255)) - client-0F1B900A64BD->9bf35ae9-4da0-4371-87fa-54ea3ce1f280: receive RaftClientReply:client-0F1B900A64BD->9bf35ae9-4da0-4371-87fa-54ea3ce1f280@group-432E83AF5B55, cid=3192, SUCCESS, logIndex=0, commits[9bf35ae9-4da0-4371-87fa-54ea3ce1f280:c4778, 0cc34542-3a00-466e-ae84-194b84d3af7b:c4774, d451d94d-57a0-4545-b387-d428f64e3f33:c4774]
2019-07-09 16:26:16,856 INFO  client.GrpcClientProtocolClient (GrpcClientProtocolClient.java:onNext(255)) - client-0F1B900A64BD->9bf35ae9-4da0-4371-87fa-54ea3ce1f280: receive RaftClientReply:client-0F1B900A64BD->9bf35ae9-4da0-4371-87fa-54ea3ce1f280@group-432E83AF5B55, cid=3193, SUCCESS, logIndex=4781, commits[9bf35ae9-4da0-4371-87fa-54ea3ce1f280:c4782, 0cc34542-3a00-466e-ae84-194b84d3af7b:c4780, d451d94d-57a0-4545-b387-d428f64e3f33:c4780]
2019-07-09 16:26:16,856 INFO  client.GrpcClientProtocolClient (GrpcClientProtocolClient.java:onNext(255)) - client-0F1B900A64BD->9bf35ae9-4da0-4371-87fa-54ea3ce1f280: receive RaftClientReply:client-0F1B900A64BD->9bf35ae9-4da0-4371-87fa-54ea3ce1f280@group-432E83AF5B55, cid=3194, SUCCESS, logIndex=4782, commits[9bf35ae9-4da0-4371-87fa-54ea3ce1f280:c4782, 0cc34542-3a00-466e-ae84-194b84d3af7b:c4780, d451d94d-57a0-4545-b387-d428f64e3f33:c4780]
2019-07-09 16:26:16,869 INFO  client.GrpcClientProtocolClient (GrpcClientProtocolClient.java:onNext(255)) - client-0F1B900A64BD->9bf35ae9-4da0-4371-87fa-54ea3ce1f280: receive RaftClientReply:client-0F1B900A64BD->9bf35ae9-4da0-4371-87fa-54ea3ce1f280@group-432E83AF5B55, cid=3195, SUCCESS, logIndex=4785, commits[9bf35ae9-4da0-4371-87fa-54ea3ce1f280:c4786, 0cc34542-3a00-466e-ae84-194b84d3af7b:c4782, d451d94d-57a0-4545-b387-d428f64e3f33:c4782]
2019-07-09 16:26:16,870 INFO  client.GrpcClientProtocolClient (GrpcClientProtocolClient.java:onNext(255)) - client-0F1B900A64BD->9bf35ae9-4da0-4371-87fa-54ea3ce1f280: receive RaftClientReply:client-0F1B900A64BD->9bf35ae9-4da0-4371-87fa-54ea3ce1f280@group-432E83AF5B55, cid=3196, SUCCESS, logIndex=4786, commits[9bf35ae9-4da0-4371-87fa-54ea3ce1f280:c4786, 0cc34542-3a00-466e-ae84-194b84d3af7b:c4782, d451d94d-57a0-4545-b387-d428f64e3f33:c4782]
2019-07-09 16:26:16,892 INFO  client.GrpcClientProtocolClient (GrpcClientProtocolClient.java:onNext(255)) - client-0F1B900A64BD->9bf35ae9-4da0-4371-87fa-54ea3ce1f280: receive RaftClientReply:client-0F1B900A64BD->9bf35ae9-4da0-4371-87fa-54ea3ce1f280@group-432E83AF5B55, cid=3197, SUCCESS, logIndex=0, commits[9bf35ae9-4da0-4371-87fa-54ea3ce1f280:c4787, 0cc34542-3a00-466e-ae84-194b84d3af7b:c4786, d451d94d-57a0-4545-b387-d428f64e3f33:c4786]
2019-07-09 16:26:16,925 INFO  client.GrpcClientProtocolClient (GrpcClientProtocolClient.java:onNext(255)) - client-0F1B900A64BD->9bf35ae9-4da0-4371-87fa-54ea3ce1f280: receive RaftClientReply:client-0F1B900A64BD->9bf35ae9-4da0-4371-87fa-54ea3ce1f280@group-432E83AF5B55, cid=3198, SUCCESS, logIndex=4789, commits[9bf35ae9-4da0-4371-87fa-54ea3ce1f280:c4790, 0cc34542-3a00-466e-ae84-194b84d3af7b:c4788, d451d94d-57a0-4545-b387-d428f64e3f33:c4788]
2019-07-09 16:26:16,925 INFO  client.GrpcClientProtocolClient (GrpcClientProtocolClient.java:onNext(255)) - client-0F1B900A64BD->9bf35ae9-4da0-4371-87fa-54ea3ce1f280: receive RaftClientReply:client-0F1B900A64BD->9bf35ae9-4da0-4371-87fa-54ea3ce1f280@group-432E83AF5B55, cid=3199, SUCCESS, logIndex=4790, commits[9bf35ae9-4da0-4371-87fa-54ea3ce1f280:c4791, 0cc34542-3a00-466e-ae84-194b84d3af7b:c4788, d451d94d-57a0-4545-b387-d428f64e3f33:c4788]
2019-07-09 16:26:16,926 INFO  client.GrpcClientProtocolClient (GrpcClientProtocolClient.java:onNext(255)) - client-0F1B900A64BD->9bf35ae9-4da0-4371-87fa-54ea3ce1f280: receive RaftClientReply:client-0F1B900A64BD->9bf35ae9-4da0-4371-87fa-54ea3ce1f280@group-432E83AF5B55, cid=3200, SUCCESS, logIndex=4791, commits[9bf35ae9-4da0-4371-87fa-54ea3ce1f280:c4792, 0cc34542-3a00-466e-ae84-194b84d3af7b:c4788, d451d94d-57a0-4545-b387-d428f64e3f33:c4788]
2019-07-09 16:26:16,926 INFO  client.GrpcClientProtocolClient (GrpcClientProtocolClient.java:onNext(255)) - client-0F1B900A64BD->9bf35ae9-4da0-4371-87fa-54ea3ce1f280: receive RaftClientReply:client-0F1B900A64BD->9bf35ae9-4da0-4371-87fa-54ea3ce1f280@group-432E83AF5B55, cid=3201, SUCCESS, logIndex=4792, commits[9bf35ae9-4da0-4371-87fa-54ea3ce1f280:c4792, 0cc34542-3a00-466e-ae84-194b84d3af7b:c4788, d451d94d-57a0-4545-b387-d428f64e3f33:c4788]
2019-07-09 16:26:16,938 INFO  client.GrpcClientProtocolClient (GrpcClientProtocolClient.java:onNext(255)) - client-0F1B900A64BD->9bf35ae9-4da0-4371-87fa-54ea3ce1f280: receive RaftClientReply:client-0F1B900A64BD->9bf35ae9-4da0-4371-87fa-54ea3ce1f280@group-432E83AF5B55, cid=3202, SUCCESS, logIndex=0, commits[9bf35ae9-4da0-4371-87fa-54ea3ce1f280:c4794, 0cc34542-3a00-466e-ae84-194b84d3af7b:c4790, d451d94d-57a0-4545-b387-d428f64e3f33:c4790]
2019-07-09 16:26:16,958 INFO  client.GrpcClientProtocolClient (GrpcClientProtocolClient.java:onNext(255)) - client-0F1B900A64BD->9bf35ae9-4da0-4371-87fa-54ea3ce1f280: receive RaftClientReply:client-0F1B900A64BD->9bf35ae9-4da0-4371-87fa-54ea3ce1f280@group-432E83AF5B55, cid=3203, SUCCESS, logIndex=4797, commits[9bf35ae9-4da0-4371-87fa-54ea3ce1f280:c4798, 0cc34542-3a00-466e-ae84-194b84d3af7b:c4796, d451d94d-57a0-4545-b387-d428f64e3f33:c4796]
2019-07-09 16:26:16,958 INFO  client.GrpcClientProtocolClient (GrpcClientProtocolClient.java:onNext(255)) - client-0F1B900A64BD->9bf35ae9-4da0-4371-87fa-54ea3ce1f280: receive RaftClientReply:client-0F1B900A64BD->9bf35ae9-4da0-4371-87fa-54ea3ce1f280@group-432E83AF5B55, cid=3204, SUCCESS, logIndex=4798, commits[9bf35ae9-4da0-4371-87fa-54ea3ce1f280:c4798, 0cc34542-3a00-466e-ae84-194b84d3af7b:c4796, d451d94d-57a0-4545-b387-d428f64e3f33:c4796]
2019-07-09 16:26:16,973 INFO  client.GrpcClientProtocolClient (GrpcClientProtocolClient.java:onNext(255)) - client-0F1B900A64BD->9bf35ae9-4da0-4371-87fa-54ea3ce1f280: receive RaftClientReply:client-0F1B900A64BD->9bf35ae9-4da0-4371-87fa-54ea3ce1f280@group-432E83AF5B55, cid=3205, SUCCESS, logIndex=4801, commits[9bf35ae9-4da0-4371-87fa-54ea3ce1f280:c4802, 0cc34542-3a00-466e-ae84-194b84d3af7b:c4798, d451d94d-57a0-4545-b387-d428f64e3f33:c4798]
2019-07-09 16:26:16,973 INFO  client.GrpcClientProtocolClient (GrpcClientProtocolClient.java:onNext(255)) - client-0F1B900A64BD->9bf35ae9-4da0-4371-87fa-54ea3ce1f280: receive RaftClientReply:client-0F1B900A64BD->9bf35ae9-4da0-4371-87fa-54ea3ce1f280@group-432E83AF5B55, cid=3206, SUCCESS, logIndex=4802, commits[9bf35ae9-4da0-4371-87fa-54ea3ce1f280:c4802, 0cc34542-3a00-466e-ae84-194b84d3af7b:c4798, d451d94d-57a0-4545-b387-d428f64e3f33:c4798]
2019-07-09 16:26:16,988 INFO  client.GrpcClientProtocolClient (GrpcClientProtocolClient.java:onNext(255)) - client-0F1B900A64BD->9bf35ae9-4da0-4371-87fa-54ea3ce1f280: receive RaftClientReply:client-0F1B900A64BD->9bf35ae9-4da0-4371-87fa-54ea3ce1f280@group-432E83AF5B55, cid=3207, SUCCESS, logIndex=0, commits[9bf35ae9-4da0-4371-87fa-54ea3ce1f280:c4804, 0cc34542-3a00-466e-ae84-194b84d3af7b:c4802, d451d94d-57a0-4545-b387-d428f64e3f33:c4802]
2019-07-09 16:26:17,015 INFO  client.GrpcClientProtocolClient (GrpcClientProtocolClient.java:onNext(255)) - client-0F1B900A64BD->9bf35ae9-4da0-4371-87fa-54ea3ce1f280: receive RaftClientReply:client-0F1B900A64BD->9bf35ae9-4da0-4371-87fa-54ea3ce1f280@group-432E83AF5B55, cid=3208, SUCCESS, logIndex=4805, commits[9bf35ae9-4da0-4371-87fa-54ea3ce1f280:c4806, 0cc34542-3a00-466e-ae84-194b84d3af7b:c4804, d451d94d-57a0-4545-b387-d428f64e3f33:c4804]
2019-07-09 16:26:17,016 INFO  client.GrpcClientProtocolClient (GrpcClientProtocolClient.java:onNext(255)) - client-0F1B900A64BD->9bf35ae9-4da0-4371-87fa-54ea3ce1f280: receive RaftClientReply:client-0F1B900A64BD->9bf35ae9-4da0-4371-87fa-54ea3ce1f280@group-432E83AF5B55, cid=3209, SUCCESS, logIndex=4806, commits[9bf35ae9-4da0-4371-87fa-54ea3ce1f280:c4808, 0cc34542-3a00-466e-ae84-194b84d3af7b:c4804, d451d94d-57a0-4545-b387-d428f64e3f33:c4804]
2019-07-09 16:26:17,016 INFO  client.GrpcClientProtocolClient (GrpcClientProtocolClient.java:onNext(255)) - client-0F1B900A64BD->9bf35ae9-4da0-4371-87fa-54ea3ce1f280: receive RaftClientReply:client-0F1B900A64BD->9bf35ae9-4da0-4371-87fa-54ea3ce1f280@group-432E83AF5B55, cid=3210, SUCCESS, logIndex=4807, commits[9bf35ae9-4da0-4371-87fa-54ea3ce1f280:c4808, 0cc34542-3a00-466e-ae84-194b84d3af7b:c4804, d451d94d-57a0-4545-b387-d428f64e3f33:c4804]
2019-07-09 16:26:17,016 INFO  client.GrpcClientProtocolClient (GrpcClientProtocolClient.java:onNext(255)) - client-0F1B900A64BD->9bf35ae9-4da0-4371-87fa-54ea3ce1f280: receive RaftClientReply:client-0F1B900A64BD->9bf35ae9-4da0-4371-87fa-54ea3ce1f280@group-432E83AF5B55, cid=3211, SUCCESS, logIndex=4808, commits[9bf35ae9-4da0-4371-87fa-54ea3ce1f280:c4808, 0cc34542-3a00-466e-ae84-194b84d3af7b:c4804, d451d94d-57a0-4545-b387-d428f64e3f33:c4804]
2019-07-09 16:26:17,030 INFO  client.GrpcClientProtocolClient (GrpcClientProtocolClient.java:onNext(255)) - client-0F1B900A64BD->9bf35ae9-4da0-4371-87fa-54ea3ce1f280: receive RaftClientReply:client-0F1B900A64BD->9bf35ae9-4da0-4371-87fa-54ea3ce1f280@group-432E83AF5B55, cid=3212, SUCCESS, logIndex=0, commits[9bf35ae9-4da0-4371-87fa-54ea3ce1f280:c4810, 0cc34542-3a00-466e-ae84-194b84d3af7b:c4806, d451d94d-57a0-4545-b387-d428f64e3f33:c4806]
 0.00% |█                                                                                                    |  0/1 Time: 0:00:282019-07-09 16:26:17,049 INFO  client.GrpcClientProtocolClient (GrpcClientProtocolClient.java:onNext(255)) - client-0F1B900A64BD->9bf35ae9-4da0-4371-87fa-54ea3ce1f280: receive RaftClientReply:client-0F1B900A64BD->9bf35ae9-4da0-4371-87fa-54ea3ce1f280@group-432E83AF5B55, cid=3213, SUCCESS, logIndex=4813, commits[9bf35ae9-4da0-4371-87fa-54ea3ce1f280:c4813, 0cc34542-3a00-466e-ae84-194b84d3af7b:c4812, d451d94d-57a0-4545-b387-d428f64e3f33:c4812]
2019-07-09 16:26:17,049 INFO  client.GrpcClientProtocolClient (GrpcClientProtocolClient.java:onNext(255)) - client-0F1B900A64BD->9bf35ae9-4da0-4371-87fa-54ea3ce1f280: receive RaftClientReply:client-0F1B900A64BD->9bf35ae9-4da0-4371-87fa-54ea3ce1f280@group-432E83AF5B55, cid=3214, SUCCESS, logIndex=4814, commits[9bf35ae9-4da0-4371-87fa-54ea3ce1f280:c4814, 0cc34542-3a00-466e-ae84-194b84d3af7b:c4812, d451d94d-57a0-4545-b387-d428f64e3f33:c4812]
2019-07-09 16:26:17,063 INFO  client.GrpcClientProtocolClient (GrpcClientProtocolClient.java:onNext(255)) - client-0F1B900A64BD->9bf35ae9-4da0-4371-87fa-54ea3ce1f280: receive RaftClientReply:client-0F1B900A64BD->9bf35ae9-4da0-4371-87fa-54ea3ce1f280@group-432E83AF5B55, cid=3215, SUCCESS, logIndex=4817, commits[9bf35ae9-4da0-4371-87fa-54ea3ce1f280:c4818, 0cc34542-3a00-466e-ae84-194b84d3af7b:c4814, d451d94d-57a0-4545-b387-d428f64e3f33:c4814]
2019-07-09 16:26:17,064 INFO  client.GrpcClientProtocolClient (GrpcClientProtocolClient.java:onNext(255)) - client-0F1B900A64BD->9bf35ae9-4da0-4371-87fa-54ea3ce1f280: receive RaftClientReply:client-0F1B900A64BD->9bf35ae9-4da0-4371-87fa-54ea3ce1f280@group-432E83AF5B55, cid=3216, SUCCESS, logIndex=4818, commits[9bf35ae9-4da0-4371-87fa-54ea3ce1f280:c4818, 0cc34542-3a00-466e-ae84-194b84d3af7b:c4814, d451d94d-57a0-4545-b387-d428f64e3f33:c4814]
2019-07-09 16:26:17,078 INFO  client.GrpcClientProtocolClient (GrpcClientProtocolClient.java:onNext(255)) - client-0F1B900A64BD->9bf35ae9-4da0-4371-87fa-54ea3ce1f280: receive RaftClientReply:client-0F1B900A64BD->9bf35ae9-4da0-4371-87fa-54ea3ce1f280@group-432E83AF5B55, cid=3217, SUCCESS, logIndex=0, commits[9bf35ae9-4da0-4371-87fa-54ea3ce1f280:c4820, 0cc34542-3a00-466e-ae84-194b84d3af7b:c4818, d451d94d-57a0-4545-b387-d428f64e3f33:c4818]
2019-07-09 16:26:17,119 INFO  client.GrpcClientProtocolClient (GrpcClientProtocolClient.java:onNext(255)) - client-0F1B900A64BD->9bf35ae9-4da0-4371-87fa-54ea3ce1f280: receive RaftClientReply:client-0F1B900A64BD->9bf35ae9-4da0-4371-87fa-54ea3ce1f280@group-432E83AF5B55, cid=3218, SUCCESS, logIndex=4821, commits[9bf35ae9-4da0-4371-87fa-54ea3ce1f280:c4822, 0cc34542-3a00-466e-ae84-194b84d3af7b:c4820, d451d94d-57a0-4545-b387-d428f64e3f33:c4820]
2019-07-09 16:26:17,120 INFO  client.GrpcClientProtocolClient (GrpcClientProtocolClient.java:onNext(255)) - client-0F1B900A64BD->9bf35ae9-4da0-4371-87fa-54ea3ce1f280: receive RaftClientReply:client-0F1B900A64BD->9bf35ae9-4da0-4371-87fa-54ea3ce1f280@group-432E83AF5B55, cid=3219, SUCCESS, logIndex=4822, commits[9bf35ae9-4da0-4371-87fa-54ea3ce1f280:c4822, 0cc34542-3a00-466e-ae84-194b84d3af7b:c4820, d451d94d-57a0-4545-b387-d428f64e3f33:c4820]
2019-07-09 16:26:17,128 INFO  client.GrpcClientProtocolClient (GrpcClientProtocolClient.java:onNext(255)) - client-0F1B900A64BD->9bf35ae9-4da0-4371-87fa-54ea3ce1f280: receive RaftClientReply:client-0F1B900A64BD->9bf35ae9-4da0-4371-87fa-54ea3ce1f280@group-432E83AF5B55, cid=3220, SUCCESS, logIndex=4823, commits[9bf35ae9-4da0-4371-87fa-54ea3ce1f280:c4824, 0cc34542-3a00-466e-ae84-194b84d3af7b:c4820, d451d94d-57a0-4545-b387-d428f64e3f33:c4820]
2019-07-09 16:26:17,129 INFO  client.GrpcClientProtocolClient (GrpcClientProtocolClient.java:onNext(255)) - client-0F1B900A64BD->9bf35ae9-4da0-4371-87fa-54ea3ce1f280: receive RaftClientReply:client-0F1B900A64BD->9bf35ae9-4da0-4371-87fa-54ea3ce1f280@group-432E83AF5B55, cid=3221, SUCCESS, logIndex=4824, commits[9bf35ae9-4da0-4371-87fa-54ea3ce1f280:c4824, 0cc34542-3a00-466e-ae84-194b84d3af7b:c4820, d451d94d-57a0-4545-b387-d428f64e3f33:c4820]
2019-07-09 16:26:17,131 INFO  client.GrpcClientProtocolClient (GrpcClientProtocolClient.java:onNext(255)) - client-0F1B900A64BD->9bf35ae9-4da0-4371-87fa-54ea3ce1f280: receive RaftClientReply:client-0F1B900A64BD->9bf35ae9-4da0-4371-87fa-54ea3ce1f280@group-432E83AF5B55, cid=3222, SUCCESS, logIndex=0, commits[9bf35ae9-4da0-4371-87fa-54ea3ce1f280:c4826, 0cc34542-3a00-466e-ae84-194b84d3af7b:c4822, d451d94d-57a0-4545-b387-d428f64e3f33:c4822]
2019-07-09 16:26:17,167 INFO  client.GrpcClientProtocolClient (GrpcClientProtocolClient.java:onNext(255)) - client-0F1B900A64BD->9bf35ae9-4da0-4371-87fa-54ea3ce1f280: receive RaftClientReply:client-0F1B900A64BD->9bf35ae9-4da0-4371-87fa-54ea3ce1f280@group-432E83AF5B55, cid=3223, SUCCESS, logIndex=4829, commits[9bf35ae9-4da0-4371-87fa-54ea3ce1f280:c4830, 0cc34542-3a00-466e-ae84-194b84d3af7b:c4828, d451d94d-57a0-4545-b387-d428f64e3f33:c4828]
2019-07-09 16:26:17,168 INFO  client.GrpcClientProtocolClient (GrpcClientProtocolClient.java:onNext(255)) - client-0F1B900A64BD->9bf35ae9-4da0-4371-87fa-54ea3ce1f280: receive RaftClientReply:client-0F1B900A64BD->9bf35ae9-4da0-4371-87fa-54ea3ce1f280@group-432E83AF5B55, cid=3224, SUCCESS, logIndex=4830, commits[9bf35ae9-4da0-4371-87fa-54ea3ce1f280:c4830, 0cc34542-3a00-466e-ae84-194b84d3af7b:c4828, d451d94d-57a0-4545-b387-d428f64e3f33:c4828]
2019-07-09 16:26:17,181 INFO  client.GrpcClientProtocolClient (GrpcClientProtocolClient.java:onNext(255)) - client-0F1B900A64BD->9bf35ae9-4da0-4371-87fa-54ea3ce1f280: receive RaftClientReply:client-0F1B900A64BD->9bf35ae9-4da0-4371-87fa-54ea3ce1f280@group-432E83AF5B55, cid=3225, SUCCESS, logIndex=4833, commits[9bf35ae9-4da0-4371-87fa-54ea3ce1f280:c4833, 0cc34542-3a00-466e-ae84-194b84d3af7b:c4830, d451d94d-57a0-4545-b387-d428f64e3f33:c4830]
2019-07-09 16:26:17,182 INFO  client.GrpcClientProtocolClient (GrpcClientProtocolClient.java:onNext(255)) - client-0F1B900A64BD->9bf35ae9-4da0-4371-87fa-54ea3ce1f280: receive RaftClientReply:client-0F1B900A64BD->9bf35ae9-4da0-4371-87fa-54ea3ce1f280@group-432E83AF5B55, cid=3226, SUCCESS, logIndex=4834, commits[9bf35ae9-4da0-4371-87fa-54ea3ce1f280:c4834, 0cc34542-3a00-466e-ae84-194b84d3af7b:c4830, d451d94d-57a0-4545-b387-d428f64e3f33:c4830]
2019-07-09 16:26:17,196 INFO  client.GrpcClientProtocolClient (GrpcClientProtocolClient.java:onNext(255)) - client-0F1B900A64BD->9bf35ae9-4da0-4371-87fa-54ea3ce1f280: receive RaftClientReply:client-0F1B900A64BD->9bf35ae9-4da0-4371-87fa-54ea3ce1f280@group-432E83AF5B55, cid=3227, SUCCESS, logIndex=0, commits[9bf35ae9-4da0-4371-87fa-54ea3ce1f280:c4836, 0cc34542-3a00-466e-ae84-194b84d3af7b:c4834, d451d94d-57a0-4545-b387-d428f64e3f33:c4834]
2019-07-09 16:26:17,229 INFO  client.GrpcClientProtocolClient (GrpcClientProtocolClient.java:onNext(255)) - client-0F1B900A64BD->9bf35ae9-4da0-4371-87fa-54ea3ce1f280: receive RaftClientReply:client-0F1B900A64BD->9bf35ae9-4da0-4371-87fa-54ea3ce1f280@group-432E83AF5B55, cid=3228, SUCCESS, logIndex=4837, commits[9bf35ae9-4da0-4371-87fa-54ea3ce1f280:c4838, 0cc34542-3a00-466e-ae84-194b84d3af7b:c4836, d451d94d-57a0-4545-b387-d428f64e3f33:c4836]
2019-07-09 16:26:17,230 INFO  client.GrpcClientProtocolClient (GrpcClientProtocolClient.java:onNext(255)) - client-0F1B900A64BD->9bf35ae9-4da0-4371-87fa-54ea3ce1f280: receive RaftClientReply:client-0F1B900A64BD->9bf35ae9-4da0-4371-87fa-54ea3ce1f280@group-432E83AF5B55, cid=3229, SUCCESS, logIndex=4838, commits[9bf35ae9-4da0-4371-87fa-54ea3ce1f280:c4839, 0cc34542-3a00-466e-ae84-194b84d3af7b:c4836, d451d94d-57a0-4545-b387-d428f64e3f33:c4836]
2019-07-09 16:26:17,230 INFO  client.GrpcClientProtocolClient (GrpcClientProtocolClient.java:onNext(255)) - client-0F1B900A64BD->9bf35ae9-4da0-4371-87fa-54ea3ce1f280: receive RaftClientReply:client-0F1B900A64BD->9bf35ae9-4da0-4371-87fa-54ea3ce1f280@group-432E83AF5B55, cid=3230, SUCCESS, logIndex=4839, commits[9bf35ae9-4da0-4371-87fa-54ea3ce1f280:c4840, 0cc34542-3a00-466e-ae84-194b84d3af7b:c4836, d451d94d-57a0-4545-b387-d428f64e3f33:c4836]
2019-07-09 16:26:17,230 INFO  client.GrpcClientProtocolClient (GrpcClientProtocolClient.java:onNext(255)) - client-0F1B900A64BD->9bf35ae9-4da0-4371-87fa-54ea3ce1f280: receive RaftClientReply:client-0F1B900A64BD->9bf35ae9-4da0-4371-87fa-54ea3ce1f280@group-432E83AF5B55, cid=3231, SUCCESS, logIndex=4840, commits[9bf35ae9-4da0-4371-87fa-54ea3ce1f280:c4840, 0cc34542-3a00-466e-ae84-194b84d3af7b:c4836, d451d94d-57a0-4545-b387-d428f64e3f33:c4836]
2019-07-09 16:26:17,242 INFO  client.GrpcClientProtocolClient (GrpcClientProtocolClient.java:onNext(255)) - client-0F1B900A64BD->9bf35ae9-4da0-4371-87fa-54ea3ce1f280: receive RaftClientReply:client-0F1B900A64BD->9bf35ae9-4da0-4371-87fa-54ea3ce1f280@group-432E83AF5B55, cid=3232, SUCCESS, logIndex=0, commits[9bf35ae9-4da0-4371-87fa-54ea3ce1f280:c4842, 0cc34542-3a00-466e-ae84-194b84d3af7b:c4838, d451d94d-57a0-4545-b387-d428f64e3f33:c4838]
2019-07-09 16:26:17,261 INFO  client.GrpcClientProtocolClient (GrpcClientProtocolClient.java:onNext(255)) - client-0F1B900A64BD->9bf35ae9-4da0-4371-87fa-54ea3ce1f280: receive RaftClientReply:client-0F1B900A64BD->9bf35ae9-4da0-4371-87fa-54ea3ce1f280@group-432E83AF5B55, cid=3233, SUCCESS, logIndex=4845, commits[9bf35ae9-4da0-4371-87fa-54ea3ce1f280:c4845, 0cc34542-3a00-466e-ae84-194b84d3af7b:c4844, d451d94d-57a0-4545-b387-d428f64e3f33:c4844]
2019-07-09 16:26:17,261 INFO  client.GrpcClientProtocolClient (GrpcClientProtocolClient.java:onNext(255)) - client-0F1B900A64BD->9bf35ae9-4da0-4371-87fa-54ea3ce1f280: receive RaftClientReply:client-0F1B900A64BD->9bf35ae9-4da0-4371-87fa-54ea3ce1f280@group-432E83AF5B55, cid=3234, SUCCESS, logIndex=4846, commits[9bf35ae9-4da0-4371-87fa-54ea3ce1f280:c4846, 0cc34542-3a00-466e-ae84-194b84d3af7b:c4844, d451d94d-57a0-4545-b387-d428f64e3f33:c4844]
2019-07-09 16:26:17,274 INFO  client.GrpcClientProtocolClient (GrpcClientProtocolClient.java:onNext(255)) - client-0F1B900A64BD->9bf35ae9-4da0-4371-87fa-54ea3ce1f280: receive RaftClientReply:client-0F1B900A64BD->9bf35ae9-4da0-4371-87fa-54ea3ce1f280@group-432E83AF5B55, cid=3235, SUCCESS, logIndex=4849, commits[9bf35ae9-4da0-4371-87fa-54ea3ce1f280:c4849, 0cc34542-3a00-466e-ae84-194b84d3af7b:c4846, d451d94d-57a0-4545-b387-d428f64e3f33:c4846]
2019-07-09 16:26:17,274 INFO  client.GrpcClientProtocolClient (GrpcClientProtocolClient.java:onNext(255)) - client-0F1B900A64BD->9bf35ae9-4da0-4371-87fa-54ea3ce1f280: receive RaftClientReply:client-0F1B900A64BD->9bf35ae9-4da0-4371-87fa-54ea3ce1f280@group-432E83AF5B55, cid=3236, SUCCESS, logIndex=4850, commits[9bf35ae9-4da0-4371-87fa-54ea3ce1f280:c4850, 0cc34542-3a00-466e-ae84-194b84d3af7b:c4846, d451d94d-57a0-4545-b387-d428f64e3f33:c4846]
2019-07-09 16:26:17,288 INFO  client.GrpcClientProtocolClient (GrpcClientProtocolClient.java:onNext(255)) - client-0F1B900A64BD->9bf35ae9-4da0-4371-87fa-54ea3ce1f280: receive RaftClientReply:client-0F1B900A64BD->9bf35ae9-4da0-4371-87fa-54ea3ce1f280@group-432E83AF5B55, cid=3237, SUCCESS, logIndex=0, commits[9bf35ae9-4da0-4371-87fa-54ea3ce1f280:c4852, 0cc34542-3a00-466e-ae84-194b84d3af7b:c4850, d451d94d-57a0-4545-b387-d428f64e3f33:c4850]
2019-07-09 16:26:17,319 INFO  client.GrpcClientProtocolClient (GrpcClientProtocolClient.java:onNext(255)) - client-0F1B900A64BD->9bf35ae9-4da0-4371-87fa-54ea3ce1f280: receive RaftClientReply:client-0F1B900A64BD->9bf35ae9-4da0-4371-87fa-54ea3ce1f280@group-432E83AF5B55, cid=3238, SUCCESS, logIndex=4853, commits[9bf35ae9-4da0-4371-87fa-54ea3ce1f280:c4854, 0cc34542-3a00-466e-ae84-194b84d3af7b:c4852, d451d94d-57a0-4545-b387-d428f64e3f33:c4852]
2019-07-09 16:26:17,320 INFO  client.GrpcClientProtocolClient (GrpcClientProtocolClient.java:onNext(255)) - client-0F1B900A64BD->9bf35ae9-4da0-4371-87fa-54ea3ce1f280: receive RaftClientReply:client-0F1B900A64BD->9bf35ae9-4da0-4371-87fa-54ea3ce1f280@group-432E83AF5B55, cid=3239, SUCCESS, logIndex=4854, commits[9bf35ae9-4da0-4371-87fa-54ea3ce1f280:c4855, 0cc34542-3a00-466e-ae84-194b84d3af7b:c4852, d451d94d-57a0-4545-b387-d428f64e3f33:c4852]
2019-07-09 16:26:17,320 INFO  client.GrpcClientProtocolClient (GrpcClientProtocolClient.java:onNext(255)) - client-0F1B900A64BD->9bf35ae9-4da0-4371-87fa-54ea3ce1f280: receive RaftClientReply:client-0F1B900A64BD->9bf35ae9-4da0-4371-87fa-54ea3ce1f280@group-432E83AF5B55, cid=3240, SUCCESS, logIndex=4855, commits[9bf35ae9-4da0-4371-87fa-54ea3ce1f280:c4856, 0cc34542-3a00-466e-ae84-194b84d3af7b:c4852, d451d94d-57a0-4545-b387-d428f64e3f33:c4852]
2019-07-09 16:26:17,320 INFO  client.GrpcClientProtocolClient (GrpcClientProtocolClient.java:onNext(255)) - client-0F1B900A64BD->9bf35ae9-4da0-4371-87fa-54ea3ce1f280: receive RaftClientReply:client-0F1B900A64BD->9bf35ae9-4da0-4371-87fa-54ea3ce1f280@group-432E83AF5B55, cid=3241, SUCCESS, logIndex=4856, commits[9bf35ae9-4da0-4371-87fa-54ea3ce1f280:c4856, 0cc34542-3a00-466e-ae84-194b84d3af7b:c4852, d451d94d-57a0-4545-b387-d428f64e3f33:c4852]
2019-07-09 16:26:17,322 INFO  client.GrpcClientProtocolClient (GrpcClientProtocolClient.java:onNext(255)) - client-0F1B900A64BD->9bf35ae9-4da0-4371-87fa-54ea3ce1f280: receive RaftClientReply:client-0F1B900A64BD->9bf35ae9-4da0-4371-87fa-54ea3ce1f280@group-432E83AF5B55, cid=3242, SUCCESS, logIndex=0, commits[9bf35ae9-4da0-4371-87fa-54ea3ce1f280:c4858, 0cc34542-3a00-466e-ae84-194b84d3af7b:c4854, d451d94d-57a0-4545-b387-d428f64e3f33:c4854]
2019-07-09 16:26:17,333 INFO  client.GrpcClientProtocolClient (GrpcClientProtocolClient.java:onNext(255)) - client-0F1B900A64BD->9bf35ae9-4da0-4371-87fa-54ea3ce1f280: receive RaftClientReply:client-0F1B900A64BD->9bf35ae9-4da0-4371-87fa-54ea3ce1f280@group-432E83AF5B55, cid=3243, SUCCESS, logIndex=4861, commits[9bf35ae9-4da0-4371-87fa-54ea3ce1f280:c4862, 0cc34542-3a00-466e-ae84-194b84d3af7b:c4860, d451d94d-57a0-4545-b387-d428f64e3f33:c4856]
2019-07-09 16:26:17,334 INFO  client.GrpcClientProtocolClient (GrpcClientProtocolClient.java:onNext(255)) - client-0F1B900A64BD->9bf35ae9-4da0-4371-87fa-54ea3ce1f280: receive RaftClientReply:client-0F1B900A64BD->9bf35ae9-4da0-4371-87fa-54ea3ce1f280@group-432E83AF5B55, cid=3244, SUCCESS, logIndex=4862, commits[9bf35ae9-4da0-4371-87fa-54ea3ce1f280:c4862, 0cc34542-3a00-466e-ae84-194b84d3af7b:c4860, d451d94d-57a0-4545-b387-d428f64e3f33:c4860]
2019-07-09 16:26:17,343 INFO  client.GrpcClientProtocolClient (GrpcClientProtocolClient.java:onNext(255)) - client-0F1B900A64BD->9bf35ae9-4da0-4371-87fa-54ea3ce1f280: receive RaftClientReply:client-0F1B900A64BD->9bf35ae9-4da0-4371-87fa-54ea3ce1f280@group-432E83AF5B55, cid=3245, SUCCESS, logIndex=4865, commits[9bf35ae9-4da0-4371-87fa-54ea3ce1f280:c4866, 0cc34542-3a00-466e-ae84-194b84d3af7b:c4864, d451d94d-57a0-4545-b387-d428f64e3f33:c4862]
2019-07-09 16:26:17,344 INFO  client.GrpcClientProtocolClient (GrpcClientProtocolClient.java:onNext(255)) - client-0F1B900A64BD->9bf35ae9-4da0-4371-87fa-54ea3ce1f280: receive RaftClientReply:client-0F1B900A64BD->9bf35ae9-4da0-4371-87fa-54ea3ce1f280@group-432E83AF5B55, cid=3246, SUCCESS, logIndex=4866, commits[9bf35ae9-4da0-4371-87fa-54ea3ce1f280:c4866, 0cc34542-3a00-466e-ae84-194b84d3af7b:c4864, d451d94d-57a0-4545-b387-d428f64e3f33:c4864]
2019-07-09 16:26:17,350 INFO  client.GrpcClientProtocolClient (GrpcClientProtocolClient.java:onNext(255)) - client-0F1B900A64BD->9bf35ae9-4da0-4371-87fa-54ea3ce1f280: receive RaftClientReply:client-0F1B900A64BD->9bf35ae9-4da0-4371-87fa-54ea3ce1f280@group-432E83AF5B55, cid=3247, SUCCESS, logIndex=0, commits[9bf35ae9-4da0-4371-87fa-54ea3ce1f280:c4868, 0cc34542-3a00-466e-ae84-194b84d3af7b:c4866, d451d94d-57a0-4545-b387-d428f64e3f33:c4866]
2019-07-09 16:26:17,370 INFO  client.GrpcClientProtocolClient (GrpcClientProtocolClient.java:onNext(255)) - client-0F1B900A64BD->9bf35ae9-4da0-4371-87fa-54ea3ce1f280: receive RaftClientReply:client-0F1B900A64BD->9bf35ae9-4da0-4371-87fa-54ea3ce1f280@group-432E83AF5B55, cid=3248, SUCCESS, logIndex=4869, commits[9bf35ae9-4da0-4371-87fa-54ea3ce1f280:c4872, 0cc34542-3a00-466e-ae84-194b84d3af7b:c4868, d451d94d-57a0-4545-b387-d428f64e3f33:c4866]
2019-07-09 16:26:17,371 INFO  client.GrpcClientProtocolClient (GrpcClientProtocolClient.java:onNext(255)) - client-0F1B900A64BD->9bf35ae9-4da0-4371-87fa-54ea3ce1f280: receive RaftClientReply:client-0F1B900A64BD->9bf35ae9-4da0-4371-87fa-54ea3ce1f280@group-432E83AF5B55, cid=3249, SUCCESS, logIndex=4870, commits[9bf35ae9-4da0-4371-87fa-54ea3ce1f280:c4872, 0cc34542-3a00-466e-ae84-194b84d3af7b:c4868, d451d94d-57a0-4545-b387-d428f64e3f33:c4868]
2019-07-09 16:26:17,371 INFO  client.GrpcClientProtocolClient (GrpcClientProtocolClient.java:onNext(255)) - client-0F1B900A64BD->9bf35ae9-4da0-4371-87fa-54ea3ce1f280: receive RaftClientReply:client-0F1B900A64BD->9bf35ae9-4da0-4371-87fa-54ea3ce1f280@group-432E83AF5B55, cid=3250, SUCCESS, logIndex=4871, commits[9bf35ae9-4da0-4371-87fa-54ea3ce1f280:c4872, 0cc34542-3a00-466e-ae84-194b84d3af7b:c4868, d451d94d-57a0-4545-b387-d428f64e3f33:c4868]
2019-07-09 16:26:17,372 INFO  client.GrpcClientProtocolClient (GrpcClientProtocolClient.java:onNext(255)) - client-0F1B900A64BD->9bf35ae9-4da0-4371-87fa-54ea3ce1f280: receive RaftClientReply:client-0F1B900A64BD->9bf35ae9-4da0-4371-87fa-54ea3ce1f280@group-432E83AF5B55, cid=3251, SUCCESS, logIndex=4872, commits[9bf35ae9-4da0-4371-87fa-54ea3ce1f280:c4872, 0cc34542-3a00-466e-ae84-194b84d3af7b:c4868, d451d94d-57a0-4545-b387-d428f64e3f33:c4868]
2019-07-09 16:26:17,372 INFO  client.GrpcClientProtocolClient (GrpcClientProtocolClient.java:onNext(255)) - client-0F1B900A64BD->9bf35ae9-4da0-4371-87fa-54ea3ce1f280: receive RaftClientReply:client-0F1B900A64BD->9bf35ae9-4da0-4371-87fa-54ea3ce1f280@group-432E83AF5B55, cid=3252, SUCCESS, logIndex=0, commits[9bf35ae9-4da0-4371-87fa-54ea3ce1f280:c4875, 0cc34542-3a00-466e-ae84-194b84d3af7b:c4870, d451d94d-57a0-4545-b387-d428f64e3f33:c4871]
2019-07-09 16:26:17,390 INFO  client.GrpcClientProtocolClient (GrpcClientProtocolClient.java:onNext(255)) - client-0F1B900A64BD->9bf35ae9-4da0-4371-87fa-54ea3ce1f280: receive RaftClientReply:client-0F1B900A64BD->9bf35ae9-4da0-4371-87fa-54ea3ce1f280@group-432E83AF5B55, cid=3253, SUCCESS, logIndex=4877, commits[9bf35ae9-4da0-4371-87fa-54ea3ce1f280:c4878, 0cc34542-3a00-466e-ae84-194b84d3af7b:c4876, d451d94d-57a0-4545-b387-d428f64e3f33:c4876]
2019-07-09 16:26:17,390 INFO  client.GrpcClientProtocolClient (GrpcClientProtocolClient.java:onNext(255)) - client-0F1B900A64BD->9bf35ae9-4da0-4371-87fa-54ea3ce1f280: receive RaftClientReply:client-0F1B900A64BD->9bf35ae9-4da0-4371-87fa-54ea3ce1f280@group-432E83AF5B55, cid=3254, SUCCESS, logIndex=4878, commits[9bf35ae9-4da0-4371-87fa-54ea3ce1f280:c4878, 0cc34542-3a00-466e-ae84-194b84d3af7b:c4876, d451d94d-57a0-4545-b387-d428f64e3f33:c4876]
2019-07-09 16:26:17,405 INFO  client.GrpcClientProtocolClient (GrpcClientProtocolClient.java:onNext(255)) - client-0F1B900A64BD->9bf35ae9-4da0-4371-87fa-54ea3ce1f280: receive RaftClientReply:client-0F1B900A64BD->9bf35ae9-4da0-4371-87fa-54ea3ce1f280@group-432E83AF5B55, cid=3255, SUCCESS, logIndex=4881, commits[9bf35ae9-4da0-4371-87fa-54ea3ce1f280:c4882, 0cc34542-3a00-466e-ae84-194b84d3af7b:c4878, d451d94d-57a0-4545-b387-d428f64e3f33:c4878]
2019-07-09 16:26:17,405 INFO  client.GrpcClientProtocolClient (GrpcClientProtocolClient.java:onNext(255)) - client-0F1B900A64BD->9bf35ae9-4da0-4371-87fa-54ea3ce1f280: receive RaftClientReply:client-0F1B900A64BD->9bf35ae9-4da0-4371-87fa-54ea3ce1f280@group-432E83AF5B55, cid=3256, SUCCESS, logIndex=4882, commits[9bf35ae9-4da0-4371-87fa-54ea3ce1f280:c4882, 0cc34542-3a00-466e-ae84-194b84d3af7b:c4878, d451d94d-57a0-4545-b387-d428f64e3f33:c4878]
2019-07-09 16:26:17,418 INFO  client.GrpcClientProtocolClient (GrpcClientProtocolClient.java:onNext(255)) - client-0F1B900A64BD->9bf35ae9-4da0-4371-87fa-54ea3ce1f280: receive RaftClientReply:client-0F1B900A64BD->9bf35ae9-4da0-4371-87fa-54ea3ce1f280@group-432E83AF5B55, cid=3257, SUCCESS, logIndex=0, commits[9bf35ae9-4da0-4371-87fa-54ea3ce1f280:c4884, 0cc34542-3a00-466e-ae84-194b84d3af7b:c4882, d451d94d-57a0-4545-b387-d428f64e3f33:c4882]
2019-07-09 16:26:17,447 INFO  client.GrpcClientProtocolClient (GrpcClientProtocolClient.java:onNext(255)) - client-0F1B900A64BD->9bf35ae9-4da0-4371-87fa-54ea3ce1f280: receive RaftClientReply:client-0F1B900A64BD->9bf35ae9-4da0-4371-87fa-54ea3ce1f280@group-432E83AF5B55, cid=3258, SUCCESS, logIndex=4885, commits[9bf35ae9-4da0-4371-87fa-54ea3ce1f280:c4886, 0cc34542-3a00-466e-ae84-194b84d3af7b:c4884, d451d94d-57a0-4545-b387-d428f64e3f33:c4884]
2019-07-09 16:26:17,447 INFO  client.GrpcClientProtocolClient (GrpcClientProtocolClient.java:onNext(255)) - client-0F1B900A64BD->9bf35ae9-4da0-4371-87fa-54ea3ce1f280: receive RaftClientReply:client-0F1B900A64BD->9bf35ae9-4da0-4371-87fa-54ea3ce1f280@group-432E83AF5B55, cid=3259, SUCCESS, logIndex=4886, commits[9bf35ae9-4da0-4371-87fa-54ea3ce1f280:c4888, 0cc34542-3a00-466e-ae84-194b84d3af7b:c4884, d451d94d-57a0-4545-b387-d428f64e3f33:c4884]
2019-07-09 16:26:17,448 INFO  client.GrpcClientProtocolClient (GrpcClientProtocolClient.java:onNext(255)) - client-0F1B900A64BD->9bf35ae9-4da0-4371-87fa-54ea3ce1f280: receive RaftClientReply:client-0F1B900A64BD->9bf35ae9-4da0-4371-87fa-54ea3ce1f280@group-432E83AF5B55, cid=3260, SUCCESS, logIndex=4887, commits[9bf35ae9-4da0-4371-87fa-54ea3ce1f280:c4888, 0cc34542-3a00-466e-ae84-194b84d3af7b:c4884, d451d94d-57a0-4545-b387-d428f64e3f33:c4884]
2019-07-09 16:26:17,448 INFO  client.GrpcClientProtocolClient (GrpcClientProtocolClient.java:onNext(255)) - client-0F1B900A64BD->9bf35ae9-4da0-4371-87fa-54ea3ce1f280: receive RaftClientReply:client-0F1B900A64BD->9bf35ae9-4da0-4371-87fa-54ea3ce1f280@group-432E83AF5B55, cid=3261, SUCCESS, logIndex=4888, commits[9bf35ae9-4da0-4371-87fa-54ea3ce1f280:c4888, 0cc34542-3a00-466e-ae84-194b84d3af7b:c4884, d451d94d-57a0-4545-b387-d428f64e3f33:c4884]
2019-07-09 16:26:17,461 INFO  client.GrpcClientProtocolClient (GrpcClientProtocolClient.java:onNext(255)) - client-0F1B900A64BD->9bf35ae9-4da0-4371-87fa-54ea3ce1f280: receive RaftClientReply:client-0F1B900A64BD->9bf35ae9-4da0-4371-87fa-54ea3ce1f280@group-432E83AF5B55, cid=3262, SUCCESS, logIndex=0, commits[9bf35ae9-4da0-4371-87fa-54ea3ce1f280:c4890, 0cc34542-3a00-466e-ae84-194b84d3af7b:c4886, d451d94d-57a0-4545-b387-d428f64e3f33:c4886]
2019-07-09 16:26:17,479 INFO  client.GrpcClientProtocolClient (GrpcClientProtocolClient.java:onNext(255)) - client-0F1B900A64BD->9bf35ae9-4da0-4371-87fa-54ea3ce1f280: receive RaftClientReply:client-0F1B900A64BD->9bf35ae9-4da0-4371-87fa-54ea3ce1f280@group-432E83AF5B55, cid=3263, SUCCESS, logIndex=4892, commits[9bf35ae9-4da0-4371-87fa-54ea3ce1f280:c4893, 0cc34542-3a00-466e-ae84-194b84d3af7b:c4891, d451d94d-57a0-4545-b387-d428f64e3f33:c4891]
2019-07-09 16:26:17,479 INFO  client.GrpcClientProtocolClient (GrpcClientProtocolClient.java:onNext(255)) - client-0F1B900A64BD->9bf35ae9-4da0-4371-87fa-54ea3ce1f280: receive RaftClientReply:client-0F1B900A64BD->9bf35ae9-4da0-4371-87fa-54ea3ce1f280@group-432E83AF5B55, cid=3264, SUCCESS, logIndex=4893, commits[9bf35ae9-4da0-4371-87fa-54ea3ce1f280:c4893, 0cc34542-3a00-466e-ae84-194b84d3af7b:c4891, d451d94d-57a0-4545-b387-d428f64e3f33:c4891]
2019-07-09 16:26:17,493 INFO  client.GrpcClientProtocolClient (GrpcClientProtocolClient.java:onNext(255)) - client-0F1B900A64BD->9bf35ae9-4da0-4371-87fa-54ea3ce1f280: receive RaftClientReply:client-0F1B900A64BD->9bf35ae9-4da0-4371-87fa-54ea3ce1f280@group-432E83AF5B55, cid=3265, SUCCESS, logIndex=4896, commits[9bf35ae9-4da0-4371-87fa-54ea3ce1f280:c4896, 0cc34542-3a00-466e-ae84-194b84d3af7b:c4893, d451d94d-57a0-4545-b387-d428f64e3f33:c4893]
2019-07-09 16:26:17,494 INFO  client.GrpcClientProtocolClient (GrpcClientProtocolClient.java:onNext(255)) - client-0F1B900A64BD->9bf35ae9-4da0-4371-87fa-54ea3ce1f280: receive RaftClientReply:client-0F1B900A64BD->9bf35ae9-4da0-4371-87fa-54ea3ce1f280@group-432E83AF5B55, cid=3266, SUCCESS, logIndex=4897, commits[9bf35ae9-4da0-4371-87fa-54ea3ce1f280:c4897, 0cc34542-3a00-466e-ae84-194b84d3af7b:c4893, d451d94d-57a0-4545-b387-d428f64e3f33:c4893]
2019-07-09 16:26:17,508 INFO  client.GrpcClientProtocolClient (GrpcClientProtocolClient.java:onNext(255)) - client-0F1B900A64BD->9bf35ae9-4da0-4371-87fa-54ea3ce1f280: receive RaftClientReply:client-0F1B900A64BD->9bf35ae9-4da0-4371-87fa-54ea3ce1f280@group-432E83AF5B55, cid=3267, SUCCESS, logIndex=0, commits[9bf35ae9-4da0-4371-87fa-54ea3ce1f280:c4899, 0cc34542-3a00-466e-ae84-194b84d3af7b:c4897, d451d94d-57a0-4545-b387-d428f64e3f33:c4897]
2019-07-09 16:26:17,536 INFO  client.GrpcClientProtocolClient (GrpcClientProtocolClient.java:onNext(255)) - client-0F1B900A64BD->9bf35ae9-4da0-4371-87fa-54ea3ce1f280: receive RaftClientReply:client-0F1B900A64BD->9bf35ae9-4da0-4371-87fa-54ea3ce1f280@group-432E83AF5B55, cid=3268, SUCCESS, logIndex=4900, commits[9bf35ae9-4da0-4371-87fa-54ea3ce1f280:c4901, 0cc34542-3a00-466e-ae84-194b84d3af7b:c4899, d451d94d-57a0-4545-b387-d428f64e3f33:c4899]
2019-07-09 16:26:17,536 INFO  client.GrpcClientProtocolClient (GrpcClientProtocolClient.java:onNext(255)) - client-0F1B900A64BD->9bf35ae9-4da0-4371-87fa-54ea3ce1f280: receive RaftClientReply:client-0F1B900A64BD->9bf35ae9-4da0-4371-87fa-54ea3ce1f280@group-432E83AF5B55, cid=3269, SUCCESS, logIndex=4901, commits[9bf35ae9-4da0-4371-87fa-54ea3ce1f280:c4901, 0cc34542-3a00-466e-ae84-194b84d3af7b:c4899, d451d94d-57a0-4545-b387-d428f64e3f33:c4899]
2019-07-09 16:26:17,546 INFO  client.GrpcClientProtocolClient (GrpcClientProtocolClient.java:onNext(255)) - client-0F1B900A64BD->9bf35ae9-4da0-4371-87fa-54ea3ce1f280: receive RaftClientReply:client-0F1B900A64BD->9bf35ae9-4da0-4371-87fa-54ea3ce1f280@group-432E83AF5B55, cid=3270, SUCCESS, logIndex=4902, commits[9bf35ae9-4da0-4371-87fa-54ea3ce1f280:c4903, 0cc34542-3a00-466e-ae84-194b84d3af7b:c4899, d451d94d-57a0-4545-b387-d428f64e3f33:c4899]
2019-07-09 16:26:17,546 INFO  client.GrpcClientProtocolClient (GrpcClientProtocolClient.java:onNext(255)) - client-0F1B900A64BD->9bf35ae9-4da0-4371-87fa-54ea3ce1f280: receive RaftClientReply:client-0F1B900A64BD->9bf35ae9-4da0-4371-87fa-54ea3ce1f280@group-432E83AF5B55, cid=3271, SUCCESS, logIndex=4903, commits[9bf35ae9-4da0-4371-87fa-54ea3ce1f280:c4903, 0cc34542-3a00-466e-ae84-194b84d3af7b:c4899, d451d94d-57a0-4545-b387-d428f64e3f33:c4899]
2019-07-09 16:26:17,548 INFO  client.GrpcClientProtocolClient (GrpcClientProtocolClient.java:onNext(255)) - client-0F1B900A64BD->9bf35ae9-4da0-4371-87fa-54ea3ce1f280: receive RaftClientReply:client-0F1B900A64BD->9bf35ae9-4da0-4371-87fa-54ea3ce1f280@group-432E83AF5B55, cid=3272, SUCCESS, logIndex=0, commits[9bf35ae9-4da0-4371-87fa-54ea3ce1f280:c4904, 0cc34542-3a00-466e-ae84-194b84d3af7b:c4901, d451d94d-57a0-4545-b387-d428f64e3f33:c4901]
2019-07-09 16:26:17,559 INFO  client.GrpcClientProtocolClient (GrpcClientProtocolClient.java:onNext(255)) - client-0F1B900A64BD->9bf35ae9-4da0-4371-87fa-54ea3ce1f280: receive RaftClientReply:client-0F1B900A64BD->9bf35ae9-4da0-4371-87fa-54ea3ce1f280@group-432E83AF5B55, cid=3273, SUCCESS, logIndex=4907, commits[9bf35ae9-4da0-4371-87fa-54ea3ce1f280:c4908, 0cc34542-3a00-466e-ae84-194b84d3af7b:c4903, d451d94d-57a0-4545-b387-d428f64e3f33:c4906]
2019-07-09 16:26:17,559 INFO  client.GrpcClientProtocolClient (GrpcClientProtocolClient.java:onNext(255)) - client-0F1B900A64BD->9bf35ae9-4da0-4371-87fa-54ea3ce1f280: receive RaftClientReply:client-0F1B900A64BD->9bf35ae9-4da0-4371-87fa-54ea3ce1f280@group-432E83AF5B55, cid=3274, SUCCESS, logIndex=4908, commits[9bf35ae9-4da0-4371-87fa-54ea3ce1f280:c4908, 0cc34542-3a00-466e-ae84-194b84d3af7b:c4906, d451d94d-57a0-4545-b387-d428f64e3f33:c4906]
2019-07-09 16:26:17,575 INFO  client.GrpcClientProtocolClient (GrpcClientProtocolClient.java:onNext(255)) - client-0F1B900A64BD->9bf35ae9-4da0-4371-87fa-54ea3ce1f280: receive RaftClientReply:client-0F1B900A64BD->9bf35ae9-4da0-4371-87fa-54ea3ce1f280@group-432E83AF5B55, cid=3275, SUCCESS, logIndex=4911, commits[9bf35ae9-4da0-4371-87fa-54ea3ce1f280:c4911, 0cc34542-3a00-466e-ae84-194b84d3af7b:c4910, d451d94d-57a0-4545-b387-d428f64e3f33:c4910]
2019-07-09 16:26:17,575 INFO  client.GrpcClientProtocolClient (GrpcClientProtocolClient.java:onNext(255)) - client-0F1B900A64BD->9bf35ae9-4da0-4371-87fa-54ea3ce1f280: receive RaftClientReply:client-0F1B900A64BD->9bf35ae9-4da0-4371-87fa-54ea3ce1f280@group-432E83AF5B55, cid=3276, SUCCESS, logIndex=4912, commits[9bf35ae9-4da0-4371-87fa-54ea3ce1f280:c4912, 0cc34542-3a00-466e-ae84-194b84d3af7b:c4910, d451d94d-57a0-4545-b387-d428f64e3f33:c4910]
2019-07-09 16:26:17,580 INFO  client.GrpcClientProtocolClient (GrpcClientProtocolClient.java:onNext(255)) - client-0F1B900A64BD->9bf35ae9-4da0-4371-87fa-54ea3ce1f280: receive RaftClientReply:client-0F1B900A64BD->9bf35ae9-4da0-4371-87fa-54ea3ce1f280@group-432E83AF5B55, cid=3277, SUCCESS, logIndex=0, commits[9bf35ae9-4da0-4371-87fa-54ea3ce1f280:c4914, 0cc34542-3a00-466e-ae84-194b84d3af7b:c4912, d451d94d-57a0-4545-b387-d428f64e3f33:c4912]
2019-07-09 16:26:17,699 INFO  client.GrpcClientProtocolClient (GrpcClientProtocolClient.java:onNext(255)) - client-0F1B900A64BD->9bf35ae9-4da0-4371-87fa-54ea3ce1f280: receive RaftClientReply:client-0F1B900A64BD->9bf35ae9-4da0-4371-87fa-54ea3ce1f280@group-432E83AF5B55, cid=3278, SUCCESS, logIndex=4915, commits[9bf35ae9-4da0-4371-87fa-54ea3ce1f280:c4916, 0cc34542-3a00-466e-ae84-194b84d3af7b:c4914, d451d94d-57a0-4545-b387-d428f64e3f33:c4914]
2019-07-09 16:26:17,699 INFO  client.GrpcClientProtocolClient (GrpcClientProtocolClient.java:onNext(255)) - client-0F1B900A64BD->9bf35ae9-4da0-4371-87fa-54ea3ce1f280: receive RaftClientReply:client-0F1B900A64BD->9bf35ae9-4da0-4371-87fa-54ea3ce1f280@group-432E83AF5B55, cid=3279, SUCCESS, logIndex=4916, commits[9bf35ae9-4da0-4371-87fa-54ea3ce1f280:c4918, 0cc34542-3a00-466e-ae84-194b84d3af7b:c4914, d451d94d-57a0-4545-b387-d428f64e3f33:c4914]
2019-07-09 16:26:17,700 INFO  client.GrpcClientProtocolClient (GrpcClientProtocolClient.java:onNext(255)) - client-0F1B900A64BD->9bf35ae9-4da0-4371-87fa-54ea3ce1f280: receive RaftClientReply:client-0F1B900A64BD->9bf35ae9-4da0-4371-87fa-54ea3ce1f280@group-432E83AF5B55, cid=3280, SUCCESS, logIndex=4917, commits[9bf35ae9-4da0-4371-87fa-54ea3ce1f280:c4918, 0cc34542-3a00-466e-ae84-194b84d3af7b:c4914, d451d94d-57a0-4545-b387-d428f64e3f33:c4914]
2019-07-09 16:26:17,700 INFO  client.GrpcClientProtocolClient (GrpcClientProtocolClient.java:onNext(255)) - client-0F1B900A64BD->9bf35ae9-4da0-4371-87fa-54ea3ce1f280: receive RaftClientReply:client-0F1B900A64BD->9bf35ae9-4da0-4371-87fa-54ea3ce1f280@group-432E83AF5B55, cid=3281, SUCCESS, logIndex=4918, commits[9bf35ae9-4da0-4371-87fa-54ea3ce1f280:c4918, 0cc34542-3a00-466e-ae84-194b84d3af7b:c4914, d451d94d-57a0-4545-b387-d428f64e3f33:c4914]
2019-07-09 16:26:17,714 INFO  client.GrpcClientProtocolClient (GrpcClientProtocolClient.java:onNext(255)) - client-0F1B900A64BD->9bf35ae9-4da0-4371-87fa-54ea3ce1f280: receive RaftClientReply:client-0F1B900A64BD->9bf35ae9-4da0-4371-87fa-54ea3ce1f280@group-432E83AF5B55, cid=3282, SUCCESS, logIndex=0, commits[9bf35ae9-4da0-4371-87fa-54ea3ce1f280:c4922, 0cc34542-3a00-466e-ae84-194b84d3af7b:c4916, d451d94d-57a0-4545-b387-d428f64e3f33:c4918]
2019-07-09 16:26:17,735 INFO  client.GrpcClientProtocolClient (GrpcClientProtocolClient.java:onNext(255)) - client-0F1B900A64BD->9bf35ae9-4da0-4371-87fa-54ea3ce1f280: receive RaftClientReply:client-0F1B900A64BD->9bf35ae9-4da0-4371-87fa-54ea3ce1f280@group-432E83AF5B55, cid=3283, SUCCESS, logIndex=4923, commits[9bf35ae9-4da0-4371-87fa-54ea3ce1f280:c4924, 0cc34542-3a00-466e-ae84-194b84d3af7b:c4922, d451d94d-57a0-4545-b387-d428f64e3f33:c4922]
2019-07-09 16:26:17,735 INFO  client.GrpcClientProtocolClient (GrpcClientProtocolClient.java:onNext(255)) - client-0F1B900A64BD->9bf35ae9-4da0-4371-87fa-54ea3ce1f280: receive RaftClientReply:client-0F1B900A64BD->9bf35ae9-4da0-4371-87fa-54ea3ce1f280@group-432E83AF5B55, cid=3284, SUCCESS, logIndex=4924, commits[9bf35ae9-4da0-4371-87fa-54ea3ce1f280:c4924, 0cc34542-3a00-466e-ae84-194b84d3af7b:c4922, d451d94d-57a0-4545-b387-d428f64e3f33:c4922]
2019-07-09 16:26:17,748 INFO  client.GrpcClientProtocolClient (GrpcClientProtocolClient.java:onNext(255)) - client-0F1B900A64BD->9bf35ae9-4da0-4371-87fa-54ea3ce1f280: receive RaftClientReply:client-0F1B900A64BD->9bf35ae9-4da0-4371-87fa-54ea3ce1f280@group-432E83AF5B55, cid=3285, SUCCESS, logIndex=4927, commits[9bf35ae9-4da0-4371-87fa-54ea3ce1f280:c4927, 0cc34542-3a00-466e-ae84-194b84d3af7b:c4924, d451d94d-57a0-4545-b387-d428f64e3f33:c4924]
2019-07-09 16:26:17,748 INFO  client.GrpcClientProtocolClient (GrpcClientProtocolClient.java:onNext(255)) - client-0F1B900A64BD->9bf35ae9-4da0-4371-87fa-54ea3ce1f280: receive RaftClientReply:client-0F1B900A64BD->9bf35ae9-4da0-4371-87fa-54ea3ce1f280@group-432E83AF5B55, cid=3286, SUCCESS, logIndex=4928, commits[9bf35ae9-4da0-4371-87fa-54ea3ce1f280:c4928, 0cc34542-3a00-466e-ae84-194b84d3af7b:c4924, d451d94d-57a0-4545-b387-d428f64e3f33:c4924]
2019-07-09 16:26:17,772 INFO  client.GrpcClientProtocolClient (GrpcClientProtocolClient.java:onNext(255)) - client-0F1B900A64BD->9bf35ae9-4da0-4371-87fa-54ea3ce1f280: receive RaftClientReply:client-0F1B900A64BD->9bf35ae9-4da0-4371-87fa-54ea3ce1f280@group-432E83AF5B55, cid=3287, SUCCESS, logIndex=0, commits[9bf35ae9-4da0-4371-87fa-54ea3ce1f280:c4930, 0cc34542-3a00-466e-ae84-194b84d3af7b:c4928, d451d94d-57a0-4545-b387-d428f64e3f33:c4928]
2019-07-09 16:26:17,807 INFO  client.GrpcClientProtocolClient (GrpcClientProtocolClient.java:onNext(255)) - client-0F1B900A64BD->9bf35ae9-4da0-4371-87fa-54ea3ce1f280: receive RaftClientReply:client-0F1B900A64BD->9bf35ae9-4da0-4371-87fa-54ea3ce1f280@group-432E83AF5B55, cid=3288, SUCCESS, logIndex=4931, commits[9bf35ae9-4da0-4371-87fa-54ea3ce1f280:c4931, 0cc34542-3a00-466e-ae84-194b84d3af7b:c4930, d451d94d-57a0-4545-b387-d428f64e3f33:c4930]
2019-07-09 16:26:17,808 INFO  client.GrpcClientProtocolClient (GrpcClientProtocolClient.java:onNext(255)) - client-0F1B900A64BD->9bf35ae9-4da0-4371-87fa-54ea3ce1f280: receive RaftClientReply:client-0F1B900A64BD->9bf35ae9-4da0-4371-87fa-54ea3ce1f280@group-432E83AF5B55, cid=3289, SUCCESS, logIndex=4932, commits[9bf35ae9-4da0-4371-87fa-54ea3ce1f280:c4934, 0cc34542-3a00-466e-ae84-194b84d3af7b:c4930, d451d94d-57a0-4545-b387-d428f64e3f33:c4930]
2019-07-09 16:26:17,808 INFO  client.GrpcClientProtocolClient (GrpcClientProtocolClient.java:onNext(255)) - client-0F1B900A64BD->9bf35ae9-4da0-4371-87fa-54ea3ce1f280: receive RaftClientReply:client-0F1B900A64BD->9bf35ae9-4da0-4371-87fa-54ea3ce1f280@group-432E83AF5B55, cid=3290, SUCCESS, logIndex=4933, commits[9bf35ae9-4da0-4371-87fa-54ea3ce1f280:c4934, 0cc34542-3a00-466e-ae84-194b84d3af7b:c4930, d451d94d-57a0-4545-b387-d428f64e3f33:c4930]
2019-07-09 16:26:17,809 INFO  client.GrpcClientProtocolClient (GrpcClientProtocolClient.java:onNext(255)) - client-0F1B900A64BD->9bf35ae9-4da0-4371-87fa-54ea3ce1f280: receive RaftClientReply:client-0F1B900A64BD->9bf35ae9-4da0-4371-87fa-54ea3ce1f280@group-432E83AF5B55, cid=3291, SUCCESS, logIndex=4934, commits[9bf35ae9-4da0-4371-87fa-54ea3ce1f280:c4934, 0cc34542-3a00-466e-ae84-194b84d3af7b:c4930, d451d94d-57a0-4545-b387-d428f64e3f33:c4930]
2019-07-09 16:26:17,822 INFO  client.GrpcClientProtocolClient (GrpcClientProtocolClient.java:onNext(255)) - client-0F1B900A64BD->9bf35ae9-4da0-4371-87fa-54ea3ce1f280: receive RaftClientReply:client-0F1B900A64BD->9bf35ae9-4da0-4371-87fa-54ea3ce1f280@group-432E83AF5B55, cid=3292, SUCCESS, logIndex=0, commits[9bf35ae9-4da0-4371-87fa-54ea3ce1f280:c4938, 0cc34542-3a00-466e-ae84-194b84d3af7b:c4932, d451d94d-57a0-4545-b387-d428f64e3f33:c4934]
2019-07-09 16:26:17,843 INFO  client.GrpcClientProtocolClient (GrpcClientProtocolClient.java:onNext(255)) - client-0F1B900A64BD->9bf35ae9-4da0-4371-87fa-54ea3ce1f280: receive RaftClientReply:client-0F1B900A64BD->9bf35ae9-4da0-4371-87fa-54ea3ce1f280@group-432E83AF5B55, cid=3293, SUCCESS, logIndex=4939, commits[9bf35ae9-4da0-4371-87fa-54ea3ce1f280:c4940, 0cc34542-3a00-466e-ae84-194b84d3af7b:c4938, d451d94d-57a0-4545-b387-d428f64e3f33:c4938]
2019-07-09 16:26:17,843 INFO  client.GrpcClientProtocolClient (GrpcClientProtocolClient.java:onNext(255)) - client-0F1B900A64BD->9bf35ae9-4da0-4371-87fa-54ea3ce1f280: receive RaftClientReply:client-0F1B900A64BD->9bf35ae9-4da0-4371-87fa-54ea3ce1f280@group-432E83AF5B55, cid=3294, SUCCESS, logIndex=4940, commits[9bf35ae9-4da0-4371-87fa-54ea3ce1f280:c4940, 0cc34542-3a00-466e-ae84-194b84d3af7b:c4938, d451d94d-57a0-4545-b387-d428f64e3f33:c4938]
2019-07-09 16:26:17,857 INFO  client.GrpcClientProtocolClient (GrpcClientProtocolClient.java:onNext(255)) - client-0F1B900A64BD->9bf35ae9-4da0-4371-87fa-54ea3ce1f280: receive RaftClientReply:client-0F1B900A64BD->9bf35ae9-4da0-4371-87fa-54ea3ce1f280@group-432E83AF5B55, cid=3295, SUCCESS, logIndex=4943, commits[9bf35ae9-4da0-4371-87fa-54ea3ce1f280:c4944, 0cc34542-3a00-466e-ae84-194b84d3af7b:c4941, d451d94d-57a0-4545-b387-d428f64e3f33:c4942]
2019-07-09 16:26:17,857 INFO  client.GrpcClientProtocolClient (GrpcClientProtocolClient.java:onNext(255)) - client-0F1B900A64BD->9bf35ae9-4da0-4371-87fa-54ea3ce1f280: receive RaftClientReply:client-0F1B900A64BD->9bf35ae9-4da0-4371-87fa-54ea3ce1f280@group-432E83AF5B55, cid=3296, SUCCESS, logIndex=4944, commits[9bf35ae9-4da0-4371-87fa-54ea3ce1f280:c4944, 0cc34542-3a00-466e-ae84-194b84d3af7b:c4942, d451d94d-57a0-4545-b387-d428f64e3f33:c4942]
2019-07-09 16:26:17,859 INFO  client.GrpcClientProtocolClient (GrpcClientProtocolClient.java:onNext(255)) - client-0F1B900A64BD->9bf35ae9-4da0-4371-87fa-54ea3ce1f280: receive RaftClientReply:client-0F1B900A64BD->9bf35ae9-4da0-4371-87fa-54ea3ce1f280@group-432E83AF5B55, cid=3297, SUCCESS, logIndex=0, commits[9bf35ae9-4da0-4371-87fa-54ea3ce1f280:c4945, 0cc34542-3a00-466e-ae84-194b84d3af7b:c4944, d451d94d-57a0-4545-b387-d428f64e3f33:c4944]
2019-07-09 16:26:17,887 INFO  client.GrpcClientProtocolClient (GrpcClientProtocolClient.java:onNext(255)) - client-0F1B900A64BD->9bf35ae9-4da0-4371-87fa-54ea3ce1f280: receive RaftClientReply:client-0F1B900A64BD->9bf35ae9-4da0-4371-87fa-54ea3ce1f280@group-432E83AF5B55, cid=3298, SUCCESS, logIndex=4947, commits[9bf35ae9-4da0-4371-87fa-54ea3ce1f280:c4948, 0cc34542-3a00-466e-ae84-194b84d3af7b:c4946, d451d94d-57a0-4545-b387-d428f64e3f33:c4946]
2019-07-09 16:26:17,888 INFO  client.GrpcClientProtocolClient (GrpcClientProtocolClient.java:onNext(255)) - client-0F1B900A64BD->9bf35ae9-4da0-4371-87fa-54ea3ce1f280: receive RaftClientReply:client-0F1B900A64BD->9bf35ae9-4da0-4371-87fa-54ea3ce1f280@group-432E83AF5B55, cid=3299, SUCCESS, logIndex=4948, commits[9bf35ae9-4da0-4371-87fa-54ea3ce1f280:c4950, 0cc34542-3a00-466e-ae84-194b84d3af7b:c4946, d451d94d-57a0-4545-b387-d428f64e3f33:c4946]
2019-07-09 16:26:17,888 INFO  client.GrpcClientProtocolClient (GrpcClientProtocolClient.java:onNext(255)) - client-0F1B900A64BD->9bf35ae9-4da0-4371-87fa-54ea3ce1f280: receive RaftClientReply:client-0F1B900A64BD->9bf35ae9-4da0-4371-87fa-54ea3ce1f280@group-432E83AF5B55, cid=3300, SUCCESS, logIndex=4949, commits[9bf35ae9-4da0-4371-87fa-54ea3ce1f280:c4950, 0cc34542-3a00-466e-ae84-194b84d3af7b:c4946, d451d94d-57a0-4545-b387-d428f64e3f33:c4946]
2019-07-09 16:26:17,888 INFO  client.GrpcClientProtocolClient (GrpcClientProtocolClient.java:onNext(255)) - client-0F1B900A64BD->9bf35ae9-4da0-4371-87fa-54ea3ce1f280: receive RaftClientReply:client-0F1B900A64BD->9bf35ae9-4da0-4371-87fa-54ea3ce1f280@group-432E83AF5B55, cid=3301, SUCCESS, logIndex=4950, commits[9bf35ae9-4da0-4371-87fa-54ea3ce1f280:c4950, 0cc34542-3a00-466e-ae84-194b84d3af7b:c4946, d451d94d-57a0-4545-b387-d428f64e3f33:c4946]
2019-07-09 16:26:17,901 INFO  client.GrpcClientProtocolClient (GrpcClientProtocolClient.java:onNext(255)) - client-0F1B900A64BD->9bf35ae9-4da0-4371-87fa-54ea3ce1f280: receive RaftClientReply:client-0F1B900A64BD->9bf35ae9-4da0-4371-87fa-54ea3ce1f280@group-432E83AF5B55, cid=3302, SUCCESS, logIndex=0, commits[9bf35ae9-4da0-4371-87fa-54ea3ce1f280:c4952, 0cc34542-3a00-466e-ae84-194b84d3af7b:c4948, d451d94d-57a0-4545-b387-d428f64e3f33:c4948]
2019-07-09 16:26:17,919 INFO  client.GrpcClientProtocolClient (GrpcClientProtocolClient.java:onNext(255)) - client-0F1B900A64BD->9bf35ae9-4da0-4371-87fa-54ea3ce1f280: receive RaftClientReply:client-0F1B900A64BD->9bf35ae9-4da0-4371-87fa-54ea3ce1f280@group-432E83AF5B55, cid=3303, SUCCESS, logIndex=4954, commits[9bf35ae9-4da0-4371-87fa-54ea3ce1f280:c4955, 0cc34542-3a00-466e-ae84-194b84d3af7b:c4953, d451d94d-57a0-4545-b387-d428f64e3f33:c4953]
2019-07-09 16:26:17,920 INFO  client.GrpcClientProtocolClient (GrpcClientProtocolClient.java:onNext(255)) - client-0F1B900A64BD->9bf35ae9-4da0-4371-87fa-54ea3ce1f280: receive RaftClientReply:client-0F1B900A64BD->9bf35ae9-4da0-4371-87fa-54ea3ce1f280@group-432E83AF5B55, cid=3304, SUCCESS, logIndex=4955, commits[9bf35ae9-4da0-4371-87fa-54ea3ce1f280:c4955, 0cc34542-3a00-466e-ae84-194b84d3af7b:c4953, d451d94d-57a0-4545-b387-d428f64e3f33:c4953]
2019-07-09 16:26:17,934 INFO  client.GrpcClientProtocolClient (GrpcClientProtocolClient.java:onNext(255)) - client-0F1B900A64BD->9bf35ae9-4da0-4371-87fa-54ea3ce1f280: receive RaftClientReply:client-0F1B900A64BD->9bf35ae9-4da0-4371-87fa-54ea3ce1f280@group-432E83AF5B55, cid=3305, SUCCESS, logIndex=4958, commits[9bf35ae9-4da0-4371-87fa-54ea3ce1f280:c4959, 0cc34542-3a00-466e-ae84-194b84d3af7b:c4955, d451d94d-57a0-4545-b387-d428f64e3f33:c4955]
2019-07-09 16:26:17,934 INFO  client.GrpcClientProtocolClient (GrpcClientProtocolClient.java:onNext(255)) - client-0F1B900A64BD->9bf35ae9-4da0-4371-87fa-54ea3ce1f280: receive RaftClientReply:client-0F1B900A64BD->9bf35ae9-4da0-4371-87fa-54ea3ce1f280@group-432E83AF5B55, cid=3306, SUCCESS, logIndex=4959, commits[9bf35ae9-4da0-4371-87fa-54ea3ce1f280:c4959, 0cc34542-3a00-466e-ae84-194b84d3af7b:c4955, d451d94d-57a0-4545-b387-d428f64e3f33:c4955]
2019-07-09 16:26:17,946 INFO  client.GrpcClientProtocolClient (GrpcClientProtocolClient.java:onNext(255)) - client-0F1B900A64BD->9bf35ae9-4da0-4371-87fa-54ea3ce1f280: receive RaftClientReply:client-0F1B900A64BD->9bf35ae9-4da0-4371-87fa-54ea3ce1f280@group-432E83AF5B55, cid=3307, SUCCESS, logIndex=0, commits[9bf35ae9-4da0-4371-87fa-54ea3ce1f280:c4960, 0cc34542-3a00-466e-ae84-194b84d3af7b:c4959, d451d94d-57a0-4545-b387-d428f64e3f33:c4959]
2019-07-09 16:26:17,977 INFO  client.GrpcClientProtocolClient (GrpcClientProtocolClient.java:onNext(255)) - client-0F1B900A64BD->9bf35ae9-4da0-4371-87fa-54ea3ce1f280: receive RaftClientReply:client-0F1B900A64BD->9bf35ae9-4da0-4371-87fa-54ea3ce1f280@group-432E83AF5B55, cid=3308, SUCCESS, logIndex=4962, commits[9bf35ae9-4da0-4371-87fa-54ea3ce1f280:c4963, 0cc34542-3a00-466e-ae84-194b84d3af7b:c4961, d451d94d-57a0-4545-b387-d428f64e3f33:c4961]
2019-07-09 16:26:17,978 INFO  client.GrpcClientProtocolClient (GrpcClientProtocolClient.java:onNext(255)) - client-0F1B900A64BD->9bf35ae9-4da0-4371-87fa-54ea3ce1f280: receive RaftClientReply:client-0F1B900A64BD->9bf35ae9-4da0-4371-87fa-54ea3ce1f280@group-432E83AF5B55, cid=3309, SUCCESS, logIndex=4963, commits[9bf35ae9-4da0-4371-87fa-54ea3ce1f280:c4963, 0cc34542-3a00-466e-ae84-194b84d3af7b:c4961, d451d94d-57a0-4545-b387-d428f64e3f33:c4961]
2019-07-09 16:26:17,979 INFO  client.GrpcClientProtocolClient (GrpcClientProtocolClient.java:onNext(255)) - client-0F1B900A64BD->9bf35ae9-4da0-4371-87fa-54ea3ce1f280: receive RaftClientReply:client-0F1B900A64BD->9bf35ae9-4da0-4371-87fa-54ea3ce1f280@group-432E83AF5B55, cid=3310, SUCCESS, logIndex=4964, commits[9bf35ae9-4da0-4371-87fa-54ea3ce1f280:c4965, 0cc34542-3a00-466e-ae84-194b84d3af7b:c4961, d451d94d-57a0-4545-b387-d428f64e3f33:c4961]
2019-07-09 16:26:17,979 INFO  client.GrpcClientProtocolClient (GrpcClientProtocolClient.java:onNext(255)) - client-0F1B900A64BD->9bf35ae9-4da0-4371-87fa-54ea3ce1f280: receive RaftClientReply:client-0F1B900A64BD->9bf35ae9-4da0-4371-87fa-54ea3ce1f280@group-432E83AF5B55, cid=3311, SUCCESS, logIndex=4965, commits[9bf35ae9-4da0-4371-87fa-54ea3ce1f280:c4965, 0cc34542-3a00-466e-ae84-194b84d3af7b:c4961, d451d94d-57a0-4545-b387-d428f64e3f33:c4961]
2019-07-09 16:26:17,981 INFO  client.GrpcClientProtocolClient (GrpcClientProtocolClient.java:onNext(255)) - client-0F1B900A64BD->9bf35ae9-4da0-4371-87fa-54ea3ce1f280: receive RaftClientReply:client-0F1B900A64BD->9bf35ae9-4da0-4371-87fa-54ea3ce1f280@group-432E83AF5B55, cid=3312, SUCCESS, logIndex=0, commits[9bf35ae9-4da0-4371-87fa-54ea3ce1f280:c4967, 0cc34542-3a00-466e-ae84-194b84d3af7b:c4963, d451d94d-57a0-4545-b387-d428f64e3f33:c4963]
2019-07-09 16:26:17,994 INFO  client.GrpcClientProtocolClient (GrpcClientProtocolClient.java:onNext(255)) - client-0F1B900A64BD->9bf35ae9-4da0-4371-87fa-54ea3ce1f280: receive RaftClientReply:client-0F1B900A64BD->9bf35ae9-4da0-4371-87fa-54ea3ce1f280@group-432E83AF5B55, cid=3313, SUCCESS, logIndex=4969, commits[9bf35ae9-4da0-4371-87fa-54ea3ce1f280:c4970, 0cc34542-3a00-466e-ae84-194b84d3af7b:c4967, d451d94d-57a0-4545-b387-d428f64e3f33:c4967]
2019-07-09 16:26:17,995 INFO  client.GrpcClientProtocolClient (GrpcClientProtocolClient.java:onNext(255)) - client-0F1B900A64BD->9bf35ae9-4da0-4371-87fa-54ea3ce1f280: receive RaftClientReply:client-0F1B900A64BD->9bf35ae9-4da0-4371-87fa-54ea3ce1f280@group-432E83AF5B55, cid=3314, SUCCESS, logIndex=4970, commits[9bf35ae9-4da0-4371-87fa-54ea3ce1f280:c4970, 0cc34542-3a00-466e-ae84-194b84d3af7b:c4967, d451d94d-57a0-4545-b387-d428f64e3f33:c4967]
2019-07-09 16:26:18,014 INFO  client.GrpcClientProtocolClient (GrpcClientProtocolClient.java:onNext(255)) - client-0F1B900A64BD->9bf35ae9-4da0-4371-87fa-54ea3ce1f280: receive RaftClientReply:client-0F1B900A64BD->9bf35ae9-4da0-4371-87fa-54ea3ce1f280@group-432E83AF5B55, cid=3315, SUCCESS, logIndex=4972, commits[9bf35ae9-4da0-4371-87fa-54ea3ce1f280:c4972, 0cc34542-3a00-466e-ae84-194b84d3af7b:c4971, d451d94d-57a0-4545-b387-d428f64e3f33:c4971]
2019-07-09 16:26:18,014 INFO  client.GrpcClientProtocolClient (GrpcClientProtocolClient.java:onNext(255)) - client-0F1B900A64BD->9bf35ae9-4da0-4371-87fa-54ea3ce1f280: receive RaftClientReply:client-0F1B900A64BD->9bf35ae9-4da0-4371-87fa-54ea3ce1f280@group-432E83AF5B55, cid=3316, SUCCESS, logIndex=4973, commits[9bf35ae9-4da0-4371-87fa-54ea3ce1f280:c4973, 0cc34542-3a00-466e-ae84-194b84d3af7b:c4971, d451d94d-57a0-4545-b387-d428f64e3f33:c4971]
2019-07-09 16:26:18,029 INFO  client.GrpcClientProtocolClient (GrpcClientProtocolClient.java:onNext(255)) - client-0F1B900A64BD->9bf35ae9-4da0-4371-87fa-54ea3ce1f280: receive RaftClientReply:client-0F1B900A64BD->9bf35ae9-4da0-4371-87fa-54ea3ce1f280@group-432E83AF5B55, cid=3317, SUCCESS, logIndex=0, commits[9bf35ae9-4da0-4371-87fa-54ea3ce1f280:c4975, 0cc34542-3a00-466e-ae84-194b84d3af7b:c4973, d451d94d-57a0-4545-b387-d428f64e3f33:c4973]
 0.00% |█                                                                                                    |  0/1 Time: 0:00:292019-07-09 16:26:18,061 INFO  client.GrpcClientProtocolClient (GrpcClientProtocolClient.java:onNext(255)) - client-0F1B900A64BD->9bf35ae9-4da0-4371-87fa-54ea3ce1f280: receive RaftClientReply:client-0F1B900A64BD->9bf35ae9-4da0-4371-87fa-54ea3ce1f280@group-432E83AF5B55, cid=3318, SUCCESS, logIndex=4976, commits[9bf35ae9-4da0-4371-87fa-54ea3ce1f280:c4978, 0cc34542-3a00-466e-ae84-194b84d3af7b:c4975, d451d94d-57a0-4545-b387-d428f64e3f33:c4973]
2019-07-09 16:26:18,062 INFO  client.GrpcClientProtocolClient (GrpcClientProtocolClient.java:onNext(255)) - client-0F1B900A64BD->9bf35ae9-4da0-4371-87fa-54ea3ce1f280: receive RaftClientReply:client-0F1B900A64BD->9bf35ae9-4da0-4371-87fa-54ea3ce1f280@group-432E83AF5B55, cid=3319, SUCCESS, logIndex=4977, commits[9bf35ae9-4da0-4371-87fa-54ea3ce1f280:c4979, 0cc34542-3a00-466e-ae84-194b84d3af7b:c4975, d451d94d-57a0-4545-b387-d428f64e3f33:c4975]
2019-07-09 16:26:18,062 INFO  client.GrpcClientProtocolClient (GrpcClientProtocolClient.java:onNext(255)) - client-0F1B900A64BD->9bf35ae9-4da0-4371-87fa-54ea3ce1f280: receive RaftClientReply:client-0F1B900A64BD->9bf35ae9-4da0-4371-87fa-54ea3ce1f280@group-432E83AF5B55, cid=3320, SUCCESS, logIndex=4978, commits[9bf35ae9-4da0-4371-87fa-54ea3ce1f280:c4979, 0cc34542-3a00-466e-ae84-194b84d3af7b:c4975, d451d94d-57a0-4545-b387-d428f64e3f33:c4975]
2019-07-09 16:26:18,062 INFO  client.GrpcClientProtocolClient (GrpcClientProtocolClient.java:onNext(255)) - client-0F1B900A64BD->9bf35ae9-4da0-4371-87fa-54ea3ce1f280: receive RaftClientReply:client-0F1B900A64BD->9bf35ae9-4da0-4371-87fa-54ea3ce1f280@group-432E83AF5B55, cid=3321, SUCCESS, logIndex=4979, commits[9bf35ae9-4da0-4371-87fa-54ea3ce1f280:c4979, 0cc34542-3a00-466e-ae84-194b84d3af7b:c4977, d451d94d-57a0-4545-b387-d428f64e3f33:c4975]
2019-07-09 16:26:18,063 INFO  client.GrpcClientProtocolClient (GrpcClientProtocolClient.java:onNext(255)) - client-0F1B900A64BD->9bf35ae9-4da0-4371-87fa-54ea3ce1f280: receive RaftClientReply:client-0F1B900A64BD->9bf35ae9-4da0-4371-87fa-54ea3ce1f280@group-432E83AF5B55, cid=3322, SUCCESS, logIndex=0, commits[9bf35ae9-4da0-4371-87fa-54ea3ce1f280:c4980, 0cc34542-3a00-466e-ae84-194b84d3af7b:c4977, d451d94d-57a0-4545-b387-d428f64e3f33:c4977]
2019-07-09 16:26:18,077 INFO  client.GrpcClientProtocolClient (GrpcClientProtocolClient.java:onNext(255)) - client-0F1B900A64BD->9bf35ae9-4da0-4371-87fa-54ea3ce1f280: receive RaftClientReply:client-0F1B900A64BD->9bf35ae9-4da0-4371-87fa-54ea3ce1f280@group-432E83AF5B55, cid=3323, SUCCESS, logIndex=4984, commits[9bf35ae9-4da0-4371-87fa-54ea3ce1f280:c4985, 0cc34542-3a00-466e-ae84-194b84d3af7b:c4983, d451d94d-57a0-4545-b387-d428f64e3f33:c4979]
2019-07-09 16:26:18,077 INFO  client.GrpcClientProtocolClient (GrpcClientProtocolClient.java:onNext(255)) - client-0F1B900A64BD->9bf35ae9-4da0-4371-87fa-54ea3ce1f280: receive RaftClientReply:client-0F1B900A64BD->9bf35ae9-4da0-4371-87fa-54ea3ce1f280@group-432E83AF5B55, cid=3324, SUCCESS, logIndex=4985, commits[9bf35ae9-4da0-4371-87fa-54ea3ce1f280:c4985, 0cc34542-3a00-466e-ae84-194b84d3af7b:c4983, d451d94d-57a0-4545-b387-d428f64e3f33:c4983]
2019-07-09 16:26:18,108 INFO  client.GrpcClientProtocolClient (GrpcClientProtocolClient.java:onNext(255)) - client-0F1B900A64BD->9bf35ae9-4da0-4371-87fa-54ea3ce1f280: receive RaftClientReply:client-0F1B900A64BD->9bf35ae9-4da0-4371-87fa-54ea3ce1f280@group-432E83AF5B55, cid=3325, SUCCESS, logIndex=4988, commits[9bf35ae9-4da0-4371-87fa-54ea3ce1f280:c4989, 0cc34542-3a00-466e-ae84-194b84d3af7b:c4986, d451d94d-57a0-4545-b387-d428f64e3f33:c4986]
2019-07-09 16:26:18,108 INFO  client.GrpcClientProtocolClient (GrpcClientProtocolClient.java:onNext(255)) - client-0F1B900A64BD->9bf35ae9-4da0-4371-87fa-54ea3ce1f280: receive RaftClientReply:client-0F1B900A64BD->9bf35ae9-4da0-4371-87fa-54ea3ce1f280@group-432E83AF5B55, cid=3326, SUCCESS, logIndex=4989, commits[9bf35ae9-4da0-4371-87fa-54ea3ce1f280:c4989, 0cc34542-3a00-466e-ae84-194b84d3af7b:c4986, d451d94d-57a0-4545-b387-d428f64e3f33:c4986]
2019-07-09 16:26:18,113 INFO  client.GrpcClientProtocolClient (GrpcClientProtocolClient.java:onNext(255)) - client-0F1B900A64BD->9bf35ae9-4da0-4371-87fa-54ea3ce1f280: receive RaftClientReply:client-0F1B900A64BD->9bf35ae9-4da0-4371-87fa-54ea3ce1f280@group-432E83AF5B55, cid=3327, SUCCESS, logIndex=0, commits[9bf35ae9-4da0-4371-87fa-54ea3ce1f280:c4991, 0cc34542-3a00-466e-ae84-194b84d3af7b:c4989, d451d94d-57a0-4545-b387-d428f64e3f33:c4989]
2019-07-09 16:26:18,150 INFO  client.GrpcClientProtocolClient (GrpcClientProtocolClient.java:onNext(255)) - client-0F1B900A64BD->9bf35ae9-4da0-4371-87fa-54ea3ce1f280: receive RaftClientReply:client-0F1B900A64BD->9bf35ae9-4da0-4371-87fa-54ea3ce1f280@group-432E83AF5B55, cid=3328, SUCCESS, logIndex=4992, commits[9bf35ae9-4da0-4371-87fa-54ea3ce1f280:c4994, 0cc34542-3a00-466e-ae84-194b84d3af7b:c4991, d451d94d-57a0-4545-b387-d428f64e3f33:c4989]
2019-07-09 16:26:18,151 INFO  client.GrpcClientProtocolClient (GrpcClientProtocolClient.java:onNext(255)) - client-0F1B900A64BD->9bf35ae9-4da0-4371-87fa-54ea3ce1f280: receive RaftClientReply:client-0F1B900A64BD->9bf35ae9-4da0-4371-87fa-54ea3ce1f280@group-432E83AF5B55, cid=3329, SUCCESS, logIndex=4993, commits[9bf35ae9-4da0-4371-87fa-54ea3ce1f280:c4995, 0cc34542-3a00-466e-ae84-194b84d3af7b:c4991, d451d94d-57a0-4545-b387-d428f64e3f33:c4991]
2019-07-09 16:26:18,151 INFO  client.GrpcClientProtocolClient (GrpcClientProtocolClient.java:onNext(255)) - client-0F1B900A64BD->9bf35ae9-4da0-4371-87fa-54ea3ce1f280: receive RaftClientReply:client-0F1B900A64BD->9bf35ae9-4da0-4371-87fa-54ea3ce1f280@group-432E83AF5B55, cid=3330, SUCCESS, logIndex=4994, commits[9bf35ae9-4da0-4371-87fa-54ea3ce1f280:c4995, 0cc34542-3a00-466e-ae84-194b84d3af7b:c4991, d451d94d-57a0-4545-b387-d428f64e3f33:c4991]
2019-07-09 16:26:18,151 INFO  client.GrpcClientProtocolClient (GrpcClientProtocolClient.java:onNext(255)) - client-0F1B900A64BD->9bf35ae9-4da0-4371-87fa-54ea3ce1f280: receive RaftClientReply:client-0F1B900A64BD->9bf35ae9-4da0-4371-87fa-54ea3ce1f280@group-432E83AF5B55, cid=3331, SUCCESS, logIndex=4995, commits[9bf35ae9-4da0-4371-87fa-54ea3ce1f280:c4995, 0cc34542-3a00-466e-ae84-194b84d3af7b:c4991, d451d94d-57a0-4545-b387-d428f64e3f33:c4991]
2019-07-09 16:26:18,165 INFO  client.GrpcClientProtocolClient (GrpcClientProtocolClient.java:onNext(255)) - client-0F1B900A64BD->9bf35ae9-4da0-4371-87fa-54ea3ce1f280: receive RaftClientReply:client-0F1B900A64BD->9bf35ae9-4da0-4371-87fa-54ea3ce1f280@group-432E83AF5B55, cid=3332, SUCCESS, logIndex=0, commits[9bf35ae9-4da0-4371-87fa-54ea3ce1f280:c4998, 0cc34542-3a00-466e-ae84-194b84d3af7b:c4993, d451d94d-57a0-4545-b387-d428f64e3f33:c4994]
2019-07-09 16:26:18,195 INFO  client.GrpcClientProtocolClient (GrpcClientProtocolClient.java:onNext(255)) - client-0F1B900A64BD->9bf35ae9-4da0-4371-87fa-54ea3ce1f280: receive RaftClientReply:client-0F1B900A64BD->9bf35ae9-4da0-4371-87fa-54ea3ce1f280@group-432E83AF5B55, cid=3333, SUCCESS, logIndex=5000, commits[9bf35ae9-4da0-4371-87fa-54ea3ce1f280:c5001, 0cc34542-3a00-466e-ae84-194b84d3af7b:c4999, d451d94d-57a0-4545-b387-d428f64e3f33:c4995]
2019-07-09 16:26:18,195 INFO  client.GrpcClientProtocolClient (GrpcClientProtocolClient.java:onNext(255)) - client-0F1B900A64BD->9bf35ae9-4da0-4371-87fa-54ea3ce1f280: receive RaftClientReply:client-0F1B900A64BD->9bf35ae9-4da0-4371-87fa-54ea3ce1f280@group-432E83AF5B55, cid=3334, SUCCESS, logIndex=5001, commits[9bf35ae9-4da0-4371-87fa-54ea3ce1f280:c5001, 0cc34542-3a00-466e-ae84-194b84d3af7b:c4999, d451d94d-57a0-4545-b387-d428f64e3f33:c4999]
2019-07-09 16:26:18,236 INFO  client.GrpcClientProtocolClient (GrpcClientProtocolClient.java:onNext(255)) - client-0F1B900A64BD->9bf35ae9-4da0-4371-87fa-54ea3ce1f280: receive RaftClientReply:client-0F1B900A64BD->9bf35ae9-4da0-4371-87fa-54ea3ce1f280@group-432E83AF5B55, cid=3335, SUCCESS, logIndex=5004, commits[9bf35ae9-4da0-4371-87fa-54ea3ce1f280:c5004, 0cc34542-3a00-466e-ae84-194b84d3af7b:c5001, d451d94d-57a0-4545-b387-d428f64e3f33:c5001]
2019-07-09 16:26:18,236 INFO  client.GrpcClientProtocolClient (GrpcClientProtocolClient.java:onNext(255)) - client-0F1B900A64BD->9bf35ae9-4da0-4371-87fa-54ea3ce1f280: receive RaftClientReply:client-0F1B900A64BD->9bf35ae9-4da0-4371-87fa-54ea3ce1f280@group-432E83AF5B55, cid=3336, SUCCESS, logIndex=5005, commits[9bf35ae9-4da0-4371-87fa-54ea3ce1f280:c5005, 0cc34542-3a00-466e-ae84-194b84d3af7b:c5001, d451d94d-57a0-4545-b387-d428f64e3f33:c5001]
2019-07-09 16:26:18,241 INFO  client.GrpcClientProtocolClient (GrpcClientProtocolClient.java:onNext(255)) - client-0F1B900A64BD->9bf35ae9-4da0-4371-87fa-54ea3ce1f280: receive RaftClientReply:client-0F1B900A64BD->9bf35ae9-4da0-4371-87fa-54ea3ce1f280@group-432E83AF5B55, cid=3337, SUCCESS, logIndex=0, commits[9bf35ae9-4da0-4371-87fa-54ea3ce1f280:c5007, 0cc34542-3a00-466e-ae84-194b84d3af7b:c5005, d451d94d-57a0-4545-b387-d428f64e3f33:c5005]
2019-07-09 16:26:18,275 INFO  client.GrpcClientProtocolClient (GrpcClientProtocolClient.java:onNext(255)) - client-0F1B900A64BD->9bf35ae9-4da0-4371-87fa-54ea3ce1f280: receive RaftClientReply:client-0F1B900A64BD->9bf35ae9-4da0-4371-87fa-54ea3ce1f280@group-432E83AF5B55, cid=3338, SUCCESS, logIndex=5008, commits[9bf35ae9-4da0-4371-87fa-54ea3ce1f280:c5009, 0cc34542-3a00-466e-ae84-194b84d3af7b:c5007, d451d94d-57a0-4545-b387-d428f64e3f33:c5007]
2019-07-09 16:26:18,276 INFO  client.GrpcClientProtocolClient (GrpcClientProtocolClient.java:onNext(255)) - client-0F1B900A64BD->9bf35ae9-4da0-4371-87fa-54ea3ce1f280: receive RaftClientReply:client-0F1B900A64BD->9bf35ae9-4da0-4371-87fa-54ea3ce1f280@group-432E83AF5B55, cid=3339, SUCCESS, logIndex=5009, commits[9bf35ae9-4da0-4371-87fa-54ea3ce1f280:c5011, 0cc34542-3a00-466e-ae84-194b84d3af7b:c5007, d451d94d-57a0-4545-b387-d428f64e3f33:c5007]
2019-07-09 16:26:18,276 INFO  client.GrpcClientProtocolClient (GrpcClientProtocolClient.java:onNext(255)) - client-0F1B900A64BD->9bf35ae9-4da0-4371-87fa-54ea3ce1f280: receive RaftClientReply:client-0F1B900A64BD->9bf35ae9-4da0-4371-87fa-54ea3ce1f280@group-432E83AF5B55, cid=3340, SUCCESS, logIndex=5010, commits[9bf35ae9-4da0-4371-87fa-54ea3ce1f280:c5011, 0cc34542-3a00-466e-ae84-194b84d3af7b:c5008, d451d94d-57a0-4545-b387-d428f64e3f33:c5007]
2019-07-09 16:26:18,277 INFO  client.GrpcClientProtocolClient (GrpcClientProtocolClient.java:onNext(255)) - client-0F1B900A64BD->9bf35ae9-4da0-4371-87fa-54ea3ce1f280: receive RaftClientReply:client-0F1B900A64BD->9bf35ae9-4da0-4371-87fa-54ea3ce1f280@group-432E83AF5B55, cid=3341, SUCCESS, logIndex=5011, commits[9bf35ae9-4da0-4371-87fa-54ea3ce1f280:c5012, 0cc34542-3a00-466e-ae84-194b84d3af7b:c5009, d451d94d-57a0-4545-b387-d428f64e3f33:c5007]
2019-07-09 16:26:18,278 INFO  client.GrpcClientProtocolClient (GrpcClientProtocolClient.java:onNext(255)) - client-0F1B900A64BD->9bf35ae9-4da0-4371-87fa-54ea3ce1f280: receive RaftClientReply:client-0F1B900A64BD->9bf35ae9-4da0-4371-87fa-54ea3ce1f280@group-432E83AF5B55, cid=3342, SUCCESS, logIndex=0, commits[9bf35ae9-4da0-4371-87fa-54ea3ce1f280:c5014, 0cc34542-3a00-466e-ae84-194b84d3af7b:c5011, d451d94d-57a0-4545-b387-d428f64e3f33:c5009]
2019-07-09 16:26:18,293 INFO  client.GrpcClientProtocolClient (GrpcClientProtocolClient.java:onNext(255)) - client-0F1B900A64BD->9bf35ae9-4da0-4371-87fa-54ea3ce1f280: receive RaftClientReply:client-0F1B900A64BD->9bf35ae9-4da0-4371-87fa-54ea3ce1f280@group-432E83AF5B55, cid=3343, SUCCESS, logIndex=5015, commits[9bf35ae9-4da0-4371-87fa-54ea3ce1f280:c5016, 0cc34542-3a00-466e-ae84-194b84d3af7b:c5014, d451d94d-57a0-4545-b387-d428f64e3f33:c5014]
2019-07-09 16:26:18,293 INFO  client.GrpcClientProtocolClient (GrpcClientProtocolClient.java:onNext(255)) - client-0F1B900A64BD->9bf35ae9-4da0-4371-87fa-54ea3ce1f280: receive RaftClientReply:client-0F1B900A64BD->9bf35ae9-4da0-4371-87fa-54ea3ce1f280@group-432E83AF5B55, cid=3344, SUCCESS, logIndex=5016, commits[9bf35ae9-4da0-4371-87fa-54ea3ce1f280:c5016, 0cc34542-3a00-466e-ae84-194b84d3af7b:c5014, d451d94d-57a0-4545-b387-d428f64e3f33:c5014]
2019-07-09 16:26:18,307 INFO  client.GrpcClientProtocolClient (GrpcClientProtocolClient.java:onNext(255)) - client-0F1B900A64BD->9bf35ae9-4da0-4371-87fa-54ea3ce1f280: receive RaftClientReply:client-0F1B900A64BD->9bf35ae9-4da0-4371-87fa-54ea3ce1f280@group-432E83AF5B55, cid=3345, SUCCESS, logIndex=5019, commits[9bf35ae9-4da0-4371-87fa-54ea3ce1f280:c5020, 0cc34542-3a00-466e-ae84-194b84d3af7b:c5018, d451d94d-57a0-4545-b387-d428f64e3f33:c5018]
2019-07-09 16:26:18,307 INFO  client.GrpcClientProtocolClient (GrpcClientProtocolClient.java:onNext(255)) - client-0F1B900A64BD->9bf35ae9-4da0-4371-87fa-54ea3ce1f280: receive RaftClientReply:client-0F1B900A64BD->9bf35ae9-4da0-4371-87fa-54ea3ce1f280@group-432E83AF5B55, cid=3346, SUCCESS, logIndex=5020, commits[9bf35ae9-4da0-4371-87fa-54ea3ce1f280:c5020, 0cc34542-3a00-466e-ae84-194b84d3af7b:c5018, d451d94d-57a0-4545-b387-d428f64e3f33:c5018]
2019-07-09 16:26:18,313 INFO  client.GrpcClientProtocolClient (GrpcClientProtocolClient.java:onNext(255)) - client-0F1B900A64BD->9bf35ae9-4da0-4371-87fa-54ea3ce1f280: receive RaftClientReply:client-0F1B900A64BD->9bf35ae9-4da0-4371-87fa-54ea3ce1f280@group-432E83AF5B55, cid=3347, SUCCESS, logIndex=0, commits[9bf35ae9-4da0-4371-87fa-54ea3ce1f280:c5021, 0cc34542-3a00-466e-ae84-194b84d3af7b:c5020, d451d94d-57a0-4545-b387-d428f64e3f33:c5020]
2019-07-09 16:26:18,344 INFO  client.GrpcClientProtocolClient (GrpcClientProtocolClient.java:onNext(255)) - client-0F1B900A64BD->9bf35ae9-4da0-4371-87fa-54ea3ce1f280: receive RaftClientReply:client-0F1B900A64BD->9bf35ae9-4da0-4371-87fa-54ea3ce1f280@group-432E83AF5B55, cid=3348, SUCCESS, logIndex=5023, commits[9bf35ae9-4da0-4371-87fa-54ea3ce1f280:c5026, 0cc34542-3a00-466e-ae84-194b84d3af7b:c5022, d451d94d-57a0-4545-b387-d428f64e3f33:c5020]
2019-07-09 16:26:18,344 INFO  client.GrpcClientProtocolClient (GrpcClientProtocolClient.java:onNext(255)) - client-0F1B900A64BD->9bf35ae9-4da0-4371-87fa-54ea3ce1f280: receive RaftClientReply:client-0F1B900A64BD->9bf35ae9-4da0-4371-87fa-54ea3ce1f280@group-432E83AF5B55, cid=3349, SUCCESS, logIndex=5024, commits[9bf35ae9-4da0-4371-87fa-54ea3ce1f280:c5026, 0cc34542-3a00-466e-ae84-194b84d3af7b:c5022, d451d94d-57a0-4545-b387-d428f64e3f33:c5022]
2019-07-09 16:26:18,345 INFO  client.GrpcClientProtocolClient (GrpcClientProtocolClient.java:onNext(255)) - client-0F1B900A64BD->9bf35ae9-4da0-4371-87fa-54ea3ce1f280: receive RaftClientReply:client-0F1B900A64BD->9bf35ae9-4da0-4371-87fa-54ea3ce1f280@group-432E83AF5B55, cid=3350, SUCCESS, logIndex=5025, commits[9bf35ae9-4da0-4371-87fa-54ea3ce1f280:c5026, 0cc34542-3a00-466e-ae84-194b84d3af7b:c5022, d451d94d-57a0-4545-b387-d428f64e3f33:c5022]
2019-07-09 16:26:18,345 INFO  client.GrpcClientProtocolClient (GrpcClientProtocolClient.java:onNext(255)) - client-0F1B900A64BD->9bf35ae9-4da0-4371-87fa-54ea3ce1f280: receive RaftClientReply:client-0F1B900A64BD->9bf35ae9-4da0-4371-87fa-54ea3ce1f280@group-432E83AF5B55, cid=3351, SUCCESS, logIndex=5026, commits[9bf35ae9-4da0-4371-87fa-54ea3ce1f280:c5026, 0cc34542-3a00-466e-ae84-194b84d3af7b:c5022, d451d94d-57a0-4545-b387-d428f64e3f33:c5022]
2019-07-09 16:26:18,348 INFO  client.GrpcClientProtocolClient (GrpcClientProtocolClient.java:onNext(255)) - client-0F1B900A64BD->9bf35ae9-4da0-4371-87fa-54ea3ce1f280: receive RaftClientReply:client-0F1B900A64BD->9bf35ae9-4da0-4371-87fa-54ea3ce1f280@group-432E83AF5B55, cid=3352, SUCCESS, logIndex=0, commits[9bf35ae9-4da0-4371-87fa-54ea3ce1f280:c5029, 0cc34542-3a00-466e-ae84-194b84d3af7b:c5024, d451d94d-57a0-4545-b387-d428f64e3f33:c5025]
2019-07-09 16:26:18,360 INFO  client.GrpcClientProtocolClient (GrpcClientProtocolClient.java:onNext(255)) - client-0F1B900A64BD->9bf35ae9-4da0-4371-87fa-54ea3ce1f280: receive RaftClientReply:client-0F1B900A64BD->9bf35ae9-4da0-4371-87fa-54ea3ce1f280@group-432E83AF5B55, cid=3353, SUCCESS, logIndex=5031, commits[9bf35ae9-4da0-4371-87fa-54ea3ce1f280:c5032, 0cc34542-3a00-466e-ae84-194b84d3af7b:c5030, d451d94d-57a0-4545-b387-d428f64e3f33:c5026]
2019-07-09 16:26:18,361 INFO  client.GrpcClientProtocolClient (GrpcClientProtocolClient.java:onNext(255)) - client-0F1B900A64BD->9bf35ae9-4da0-4371-87fa-54ea3ce1f280: receive RaftClientReply:client-0F1B900A64BD->9bf35ae9-4da0-4371-87fa-54ea3ce1f280@group-432E83AF5B55, cid=3354, SUCCESS, logIndex=5032, commits[9bf35ae9-4da0-4371-87fa-54ea3ce1f280:c5032, 0cc34542-3a00-466e-ae84-194b84d3af7b:c5030, d451d94d-57a0-4545-b387-d428f64e3f33:c5030]
2019-07-09 16:26:18,386 INFO  client.GrpcClientProtocolClient (GrpcClientProtocolClient.java:onNext(255)) - client-0F1B900A64BD->9bf35ae9-4da0-4371-87fa-54ea3ce1f280: receive RaftClientReply:client-0F1B900A64BD->9bf35ae9-4da0-4371-87fa-54ea3ce1f280@group-432E83AF5B55, cid=3355, SUCCESS, logIndex=5035, commits[9bf35ae9-4da0-4371-87fa-54ea3ce1f280:c5036, 0cc34542-3a00-466e-ae84-194b84d3af7b:c5034, d451d94d-57a0-4545-b387-d428f64e3f33:c5034]
2019-07-09 16:26:18,387 INFO  client.GrpcClientProtocolClient (GrpcClientProtocolClient.java:onNext(255)) - client-0F1B900A64BD->9bf35ae9-4da0-4371-87fa-54ea3ce1f280: receive RaftClientReply:client-0F1B900A64BD->9bf35ae9-4da0-4371-87fa-54ea3ce1f280@group-432E83AF5B55, cid=3356, SUCCESS, logIndex=5036, commits[9bf35ae9-4da0-4371-87fa-54ea3ce1f280:c5036, 0cc34542-3a00-466e-ae84-194b84d3af7b:c5034, d451d94d-57a0-4545-b387-d428f64e3f33:c5034]
2019-07-09 16:26:18,401 INFO  client.GrpcClientProtocolClient (GrpcClientProtocolClient.java:onNext(255)) - client-0F1B900A64BD->9bf35ae9-4da0-4371-87fa-54ea3ce1f280: receive RaftClientReply:client-0F1B900A64BD->9bf35ae9-4da0-4371-87fa-54ea3ce1f280@group-432E83AF5B55, cid=3357, SUCCESS, logIndex=0, commits[9bf35ae9-4da0-4371-87fa-54ea3ce1f280:c5037, 0cc34542-3a00-466e-ae84-194b84d3af7b:c5036, d451d94d-57a0-4545-b387-d428f64e3f33:c5036]
2019-07-09 16:26:18,433 INFO  client.GrpcClientProtocolClient (GrpcClientProtocolClient.java:onNext(255)) - client-0F1B900A64BD->9bf35ae9-4da0-4371-87fa-54ea3ce1f280: receive RaftClientReply:client-0F1B900A64BD->9bf35ae9-4da0-4371-87fa-54ea3ce1f280@group-432E83AF5B55, cid=3358, SUCCESS, logIndex=5039, commits[9bf35ae9-4da0-4371-87fa-54ea3ce1f280:c5040, 0cc34542-3a00-466e-ae84-194b84d3af7b:c5038, d451d94d-57a0-4545-b387-d428f64e3f33:c5038]
2019-07-09 16:26:18,433 INFO  client.GrpcClientProtocolClient (GrpcClientProtocolClient.java:onNext(255)) - client-0F1B900A64BD->9bf35ae9-4da0-4371-87fa-54ea3ce1f280: receive RaftClientReply:client-0F1B900A64BD->9bf35ae9-4da0-4371-87fa-54ea3ce1f280@group-432E83AF5B55, cid=3359, SUCCESS, logIndex=5040, commits[9bf35ae9-4da0-4371-87fa-54ea3ce1f280:c5040, 0cc34542-3a00-466e-ae84-194b84d3af7b:c5038, d451d94d-57a0-4545-b387-d428f64e3f33:c5038]
2019-07-09 16:26:18,433 INFO  client.GrpcClientProtocolClient (GrpcClientProtocolClient.java:onNext(255)) - client-0F1B900A64BD->9bf35ae9-4da0-4371-87fa-54ea3ce1f280: receive RaftClientReply:client-0F1B900A64BD->9bf35ae9-4da0-4371-87fa-54ea3ce1f280@group-432E83AF5B55, cid=3360, SUCCESS, logIndex=5041, commits[9bf35ae9-4da0-4371-87fa-54ea3ce1f280:c5042, 0cc34542-3a00-466e-ae84-194b84d3af7b:c5038, d451d94d-57a0-4545-b387-d428f64e3f33:c5038]
2019-07-09 16:26:18,434 INFO  client.GrpcClientProtocolClient (GrpcClientProtocolClient.java:onNext(255)) - client-0F1B900A64BD->9bf35ae9-4da0-4371-87fa-54ea3ce1f280: receive RaftClientReply:client-0F1B900A64BD->9bf35ae9-4da0-4371-87fa-54ea3ce1f280@group-432E83AF5B55, cid=3361, SUCCESS, logIndex=5042, commits[9bf35ae9-4da0-4371-87fa-54ea3ce1f280:c5042, 0cc34542-3a00-466e-ae84-194b84d3af7b:c5038, d451d94d-57a0-4545-b387-d428f64e3f33:c5038]
2019-07-09 16:26:18,447 INFO  client.GrpcClientProtocolClient (GrpcClientProtocolClient.java:onNext(255)) - client-0F1B900A64BD->9bf35ae9-4da0-4371-87fa-54ea3ce1f280: receive RaftClientReply:client-0F1B900A64BD->9bf35ae9-4da0-4371-87fa-54ea3ce1f280@group-432E83AF5B55, cid=3362, SUCCESS, logIndex=0, commits[9bf35ae9-4da0-4371-87fa-54ea3ce1f280:c5044, 0cc34542-3a00-466e-ae84-194b84d3af7b:c5040, d451d94d-57a0-4545-b387-d428f64e3f33:c5040]
2019-07-09 16:26:18,467 INFO  client.GrpcClientProtocolClient (GrpcClientProtocolClient.java:onNext(255)) - client-0F1B900A64BD->9bf35ae9-4da0-4371-87fa-54ea3ce1f280: receive RaftClientReply:client-0F1B900A64BD->9bf35ae9-4da0-4371-87fa-54ea3ce1f280@group-432E83AF5B55, cid=3363, SUCCESS, logIndex=5047, commits[9bf35ae9-4da0-4371-87fa-54ea3ce1f280:c5048, 0cc34542-3a00-466e-ae84-194b84d3af7b:c5046, d451d94d-57a0-4545-b387-d428f64e3f33:c5046]
2019-07-09 16:26:18,467 INFO  client.GrpcClientProtocolClient (GrpcClientProtocolClient.java:onNext(255)) - client-0F1B900A64BD->9bf35ae9-4da0-4371-87fa-54ea3ce1f280: receive RaftClientReply:client-0F1B900A64BD->9bf35ae9-4da0-4371-87fa-54ea3ce1f280@group-432E83AF5B55, cid=3364, SUCCESS, logIndex=5048, commits[9bf35ae9-4da0-4371-87fa-54ea3ce1f280:c5048, 0cc34542-3a00-466e-ae84-194b84d3af7b:c5046, d451d94d-57a0-4545-b387-d428f64e3f33:c5046]
2019-07-09 16:26:18,582 INFO  client.GrpcClientProtocolClient (GrpcClientProtocolClient.java:onNext(255)) - client-0F1B900A64BD->9bf35ae9-4da0-4371-87fa-54ea3ce1f280: receive RaftClientReply:client-0F1B900A64BD->9bf35ae9-4da0-4371-87fa-54ea3ce1f280@group-432E83AF5B55, cid=3365, SUCCESS, logIndex=5051, commits[9bf35ae9-4da0-4371-87fa-54ea3ce1f280:c5052, 0cc34542-3a00-466e-ae84-194b84d3af7b:c5049, d451d94d-57a0-4545-b387-d428f64e3f33:c5049]
2019-07-09 16:26:18,583 INFO  client.GrpcClientProtocolClient (GrpcClientProtocolClient.java:onNext(255)) - client-0F1B900A64BD->9bf35ae9-4da0-4371-87fa-54ea3ce1f280: receive RaftClientReply:client-0F1B900A64BD->9bf35ae9-4da0-4371-87fa-54ea3ce1f280@group-432E83AF5B55, cid=3366, SUCCESS, logIndex=5052, commits[9bf35ae9-4da0-4371-87fa-54ea3ce1f280:c5052, 0cc34542-3a00-466e-ae84-194b84d3af7b:c5049, d451d94d-57a0-4545-b387-d428f64e3f33:c5049]
2019-07-09 16:26:18,584 INFO  client.GrpcClientProtocolClient (GrpcClientProtocolClient.java:onNext(255)) - client-0F1B900A64BD->9bf35ae9-4da0-4371-87fa-54ea3ce1f280: receive RaftClientReply:client-0F1B900A64BD->9bf35ae9-4da0-4371-87fa-54ea3ce1f280@group-432E83AF5B55, cid=3367, SUCCESS, logIndex=0, commits[9bf35ae9-4da0-4371-87fa-54ea3ce1f280:c5053, 0cc34542-3a00-466e-ae84-194b84d3af7b:c5052, d451d94d-57a0-4545-b387-d428f64e3f33:c5052]
2019-07-09 16:26:18,616 INFO  client.GrpcClientProtocolClient (GrpcClientProtocolClient.java:onNext(255)) - client-0F1B900A64BD->9bf35ae9-4da0-4371-87fa-54ea3ce1f280: receive RaftClientReply:client-0F1B900A64BD->9bf35ae9-4da0-4371-87fa-54ea3ce1f280@group-432E83AF5B55, cid=3368, SUCCESS, logIndex=5054, commits[9bf35ae9-4da0-4371-87fa-54ea3ce1f280:c5055, 0cc34542-3a00-466e-ae84-194b84d3af7b:c5053, d451d94d-57a0-4545-b387-d428f64e3f33:c5053]
2019-07-09 16:26:18,617 INFO  client.GrpcClientProtocolClient (GrpcClientProtocolClient.java:onNext(255)) - client-0F1B900A64BD->9bf35ae9-4da0-4371-87fa-54ea3ce1f280: receive RaftClientReply:client-0F1B900A64BD->9bf35ae9-4da0-4371-87fa-54ea3ce1f280@group-432E83AF5B55, cid=3369, SUCCESS, logIndex=5055, commits[9bf35ae9-4da0-4371-87fa-54ea3ce1f280:c5057, 0cc34542-3a00-466e-ae84-194b84d3af7b:c5053, d451d94d-57a0-4545-b387-d428f64e3f33:c5053]
2019-07-09 16:26:18,617 INFO  client.GrpcClientProtocolClient (GrpcClientProtocolClient.java:onNext(255)) - client-0F1B900A64BD->9bf35ae9-4da0-4371-87fa-54ea3ce1f280: receive RaftClientReply:client-0F1B900A64BD->9bf35ae9-4da0-4371-87fa-54ea3ce1f280@group-432E83AF5B55, cid=3370, SUCCESS, logIndex=5056, commits[9bf35ae9-4da0-4371-87fa-54ea3ce1f280:c5057, 0cc34542-3a00-466e-ae84-194b84d3af7b:c5053, d451d94d-57a0-4545-b387-d428f64e3f33:c5053]
2019-07-09 16:26:18,618 INFO  client.GrpcClientProtocolClient (GrpcClientProtocolClient.java:onNext(255)) - client-0F1B900A64BD->9bf35ae9-4da0-4371-87fa-54ea3ce1f280: receive RaftClientReply:client-0F1B900A64BD->9bf35ae9-4da0-4371-87fa-54ea3ce1f280@group-432E83AF5B55, cid=3371, SUCCESS, logIndex=5057, commits[9bf35ae9-4da0-4371-87fa-54ea3ce1f280:c5057, 0cc34542-3a00-466e-ae84-194b84d3af7b:c5053, d451d94d-57a0-4545-b387-d428f64e3f33:c5053]
2019-07-09 16:26:18,619 INFO  client.GrpcClientProtocolClient (GrpcClientProtocolClient.java:onNext(255)) - client-0F1B900A64BD->9bf35ae9-4da0-4371-87fa-54ea3ce1f280: receive RaftClientReply:client-0F1B900A64BD->9bf35ae9-4da0-4371-87fa-54ea3ce1f280@group-432E83AF5B55, cid=3372, SUCCESS, logIndex=0, commits[9bf35ae9-4da0-4371-87fa-54ea3ce1f280:c5058, 0cc34542-3a00-466e-ae84-194b84d3af7b:c5055, d451d94d-57a0-4545-b387-d428f64e3f33:c5055]
2019-07-09 16:26:18,634 INFO  client.GrpcClientProtocolClient (GrpcClientProtocolClient.java:onNext(255)) - client-0F1B900A64BD->9bf35ae9-4da0-4371-87fa-54ea3ce1f280: receive RaftClientReply:client-0F1B900A64BD->9bf35ae9-4da0-4371-87fa-54ea3ce1f280@group-432E83AF5B55, cid=3373, SUCCESS, logIndex=5062, commits[9bf35ae9-4da0-4371-87fa-54ea3ce1f280:c5063, 0cc34542-3a00-466e-ae84-194b84d3af7b:c5058, d451d94d-57a0-4545-b387-d428f64e3f33:c5058]
2019-07-09 16:26:18,634 INFO  client.GrpcClientProtocolClient (GrpcClientProtocolClient.java:onNext(255)) - client-0F1B900A64BD->9bf35ae9-4da0-4371-87fa-54ea3ce1f280: receive RaftClientReply:client-0F1B900A64BD->9bf35ae9-4da0-4371-87fa-54ea3ce1f280@group-432E83AF5B55, cid=3374, SUCCESS, logIndex=5063, commits[9bf35ae9-4da0-4371-87fa-54ea3ce1f280:c5063, 0cc34542-3a00-466e-ae84-194b84d3af7b:c5058, d451d94d-57a0-4545-b387-d428f64e3f33:c5058]
2019-07-09 16:26:18,653 INFO  client.GrpcClientProtocolClient (GrpcClientProtocolClient.java:onNext(255)) - client-0F1B900A64BD->9bf35ae9-4da0-4371-87fa-54ea3ce1f280: receive RaftClientReply:client-0F1B900A64BD->9bf35ae9-4da0-4371-87fa-54ea3ce1f280@group-432E83AF5B55, cid=3375, SUCCESS, logIndex=5066, commits[9bf35ae9-4da0-4371-87fa-54ea3ce1f280:c5067, 0cc34542-3a00-466e-ae84-194b84d3af7b:c5063, d451d94d-57a0-4545-b387-d428f64e3f33:c5063]
2019-07-09 16:26:18,654 INFO  client.GrpcClientProtocolClient (GrpcClientProtocolClient.java:onNext(255)) - client-0F1B900A64BD->9bf35ae9-4da0-4371-87fa-54ea3ce1f280: receive RaftClientReply:client-0F1B900A64BD->9bf35ae9-4da0-4371-87fa-54ea3ce1f280@group-432E83AF5B55, cid=3376, SUCCESS, logIndex=5067, commits[9bf35ae9-4da0-4371-87fa-54ea3ce1f280:c5067, 0cc34542-3a00-466e-ae84-194b84d3af7b:c5063, d451d94d-57a0-4545-b387-d428f64e3f33:c5063]
2019-07-09 16:26:18,670 INFO  client.GrpcClientProtocolClient (GrpcClientProtocolClient.java:onNext(255)) - client-0F1B900A64BD->9bf35ae9-4da0-4371-87fa-54ea3ce1f280: receive RaftClientReply:client-0F1B900A64BD->9bf35ae9-4da0-4371-87fa-54ea3ce1f280@group-432E83AF5B55, cid=3377, SUCCESS, logIndex=0, commits[9bf35ae9-4da0-4371-87fa-54ea3ce1f280:c5069, 0cc34542-3a00-466e-ae84-194b84d3af7b:c5067, d451d94d-57a0-4545-b387-d428f64e3f33:c5067]
2019-07-09 16:26:18,722 INFO  client.GrpcClientProtocolClient (GrpcClientProtocolClient.java:onNext(255)) - client-0F1B900A64BD->9bf35ae9-4da0-4371-87fa-54ea3ce1f280: receive RaftClientReply:client-0F1B900A64BD->9bf35ae9-4da0-4371-87fa-54ea3ce1f280@group-432E83AF5B55, cid=3378, SUCCESS, logIndex=5070, commits[9bf35ae9-4da0-4371-87fa-54ea3ce1f280:c5071, 0cc34542-3a00-466e-ae84-194b84d3af7b:c5069, d451d94d-57a0-4545-b387-d428f64e3f33:c5069]
2019-07-09 16:26:18,723 INFO  client.GrpcClientProtocolClient (GrpcClientProtocolClient.java:onNext(255)) - client-0F1B900A64BD->9bf35ae9-4da0-4371-87fa-54ea3ce1f280: receive RaftClientReply:client-0F1B900A64BD->9bf35ae9-4da0-4371-87fa-54ea3ce1f280@group-432E83AF5B55, cid=3379, SUCCESS, logIndex=5071, commits[9bf35ae9-4da0-4371-87fa-54ea3ce1f280:c5072, 0cc34542-3a00-466e-ae84-194b84d3af7b:c5069, d451d94d-57a0-4545-b387-d428f64e3f33:c5069]
2019-07-09 16:26:18,723 INFO  client.GrpcClientProtocolClient (GrpcClientProtocolClient.java:onNext(255)) - client-0F1B900A64BD->9bf35ae9-4da0-4371-87fa-54ea3ce1f280: receive RaftClientReply:client-0F1B900A64BD->9bf35ae9-4da0-4371-87fa-54ea3ce1f280@group-432E83AF5B55, cid=3380, SUCCESS, logIndex=5072, commits[9bf35ae9-4da0-4371-87fa-54ea3ce1f280:c5073, 0cc34542-3a00-466e-ae84-194b84d3af7b:c5069, d451d94d-57a0-4545-b387-d428f64e3f33:c5069]
2019-07-09 16:26:18,723 INFO  client.GrpcClientProtocolClient (GrpcClientProtocolClient.java:onNext(255)) - client-0F1B900A64BD->9bf35ae9-4da0-4371-87fa-54ea3ce1f280: receive RaftClientReply:client-0F1B900A64BD->9bf35ae9-4da0-4371-87fa-54ea3ce1f280@group-432E83AF5B55, cid=3381, SUCCESS, logIndex=5073, commits[9bf35ae9-4da0-4371-87fa-54ea3ce1f280:c5073, 0cc34542-3a00-466e-ae84-194b84d3af7b:c5069, d451d94d-57a0-4545-b387-d428f64e3f33:c5069]
2019-07-09 16:26:18,735 INFO  client.GrpcClientProtocolClient (GrpcClientProtocolClient.java:onNext(255)) - client-0F1B900A64BD->9bf35ae9-4da0-4371-87fa-54ea3ce1f280: receive RaftClientReply:client-0F1B900A64BD->9bf35ae9-4da0-4371-87fa-54ea3ce1f280@group-432E83AF5B55, cid=3382, SUCCESS, logIndex=0, commits[9bf35ae9-4da0-4371-87fa-54ea3ce1f280:c5074, 0cc34542-3a00-466e-ae84-194b84d3af7b:c5071, d451d94d-57a0-4545-b387-d428f64e3f33:c5071]
2019-07-09 16:26:18,757 INFO  client.GrpcClientProtocolClient (GrpcClientProtocolClient.java:onNext(255)) - client-0F1B900A64BD->9bf35ae9-4da0-4371-87fa-54ea3ce1f280: receive RaftClientReply:client-0F1B900A64BD->9bf35ae9-4da0-4371-87fa-54ea3ce1f280@group-432E83AF5B55, cid=3383, SUCCESS, logIndex=5078, commits[9bf35ae9-4da0-4371-87fa-54ea3ce1f280:c5079, 0cc34542-3a00-466e-ae84-194b84d3af7b:c5077, d451d94d-57a0-4545-b387-d428f64e3f33:c5077]
2019-07-09 16:26:18,757 INFO  client.GrpcClientProtocolClient (GrpcClientProtocolClient.java:onNext(255)) - client-0F1B900A64BD->9bf35ae9-4da0-4371-87fa-54ea3ce1f280: receive RaftClientReply:client-0F1B900A64BD->9bf35ae9-4da0-4371-87fa-54ea3ce1f280@group-432E83AF5B55, cid=3384, SUCCESS, logIndex=5079, commits[9bf35ae9-4da0-4371-87fa-54ea3ce1f280:c5079, 0cc34542-3a00-466e-ae84-194b84d3af7b:c5077, d451d94d-57a0-4545-b387-d428f64e3f33:c5077]
2019-07-09 16:26:18,770 INFO  client.GrpcClientProtocolClient (GrpcClientProtocolClient.java:onNext(255)) - client-0F1B900A64BD->9bf35ae9-4da0-4371-87fa-54ea3ce1f280: receive RaftClientReply:client-0F1B900A64BD->9bf35ae9-4da0-4371-87fa-54ea3ce1f280@group-432E83AF5B55, cid=3385, SUCCESS, logIndex=5082, commits[9bf35ae9-4da0-4371-87fa-54ea3ce1f280:c5083, 0cc34542-3a00-466e-ae84-194b84d3af7b:c5079, d451d94d-57a0-4545-b387-d428f64e3f33:c5078]
2019-07-09 16:26:18,770 INFO  client.GrpcClientProtocolClient (GrpcClientProtocolClient.java:onNext(255)) - client-0F1B900A64BD->9bf35ae9-4da0-4371-87fa-54ea3ce1f280: receive RaftClientReply:client-0F1B900A64BD->9bf35ae9-4da0-4371-87fa-54ea3ce1f280@group-432E83AF5B55, cid=3386, SUCCESS, logIndex=5083, commits[9bf35ae9-4da0-4371-87fa-54ea3ce1f280:c5083, 0cc34542-3a00-466e-ae84-194b84d3af7b:c5079, d451d94d-57a0-4545-b387-d428f64e3f33:c5079]
2019-07-09 16:26:18,785 INFO  client.GrpcClientProtocolClient (GrpcClientProtocolClient.java:onNext(255)) - client-0F1B900A64BD->9bf35ae9-4da0-4371-87fa-54ea3ce1f280: receive RaftClientReply:client-0F1B900A64BD->9bf35ae9-4da0-4371-87fa-54ea3ce1f280@group-432E83AF5B55, cid=3387, SUCCESS, logIndex=0, commits[9bf35ae9-4da0-4371-87fa-54ea3ce1f280:c5085, 0cc34542-3a00-466e-ae84-194b84d3af7b:c5083, d451d94d-57a0-4545-b387-d428f64e3f33:c5083]
2019-07-09 16:26:18,814 INFO  client.GrpcClientProtocolClient (GrpcClientProtocolClient.java:onNext(255)) - client-0F1B900A64BD->9bf35ae9-4da0-4371-87fa-54ea3ce1f280: receive RaftClientReply:client-0F1B900A64BD->9bf35ae9-4da0-4371-87fa-54ea3ce1f280@group-432E83AF5B55, cid=3388, SUCCESS, logIndex=5086, commits[9bf35ae9-4da0-4371-87fa-54ea3ce1f280:c5087, 0cc34542-3a00-466e-ae84-194b84d3af7b:c5085, d451d94d-57a0-4545-b387-d428f64e3f33:c5085]
2019-07-09 16:26:18,815 INFO  client.GrpcClientProtocolClient (GrpcClientProtocolClient.java:onNext(255)) - client-0F1B900A64BD->9bf35ae9-4da0-4371-87fa-54ea3ce1f280: receive RaftClientReply:client-0F1B900A64BD->9bf35ae9-4da0-4371-87fa-54ea3ce1f280@group-432E83AF5B55, cid=3389, SUCCESS, logIndex=5087, commits[9bf35ae9-4da0-4371-87fa-54ea3ce1f280:c5089, 0cc34542-3a00-466e-ae84-194b84d3af7b:c5085, d451d94d-57a0-4545-b387-d428f64e3f33:c5085]
2019-07-09 16:26:18,815 INFO  client.GrpcClientProtocolClient (GrpcClientProtocolClient.java:onNext(255)) - client-0F1B900A64BD->9bf35ae9-4da0-4371-87fa-54ea3ce1f280: receive RaftClientReply:client-0F1B900A64BD->9bf35ae9-4da0-4371-87fa-54ea3ce1f280@group-432E83AF5B55, cid=3390, SUCCESS, logIndex=5088, commits[9bf35ae9-4da0-4371-87fa-54ea3ce1f280:c5089, 0cc34542-3a00-466e-ae84-194b84d3af7b:c5085, d451d94d-57a0-4545-b387-d428f64e3f33:c5085]
2019-07-09 16:26:18,816 INFO  client.GrpcClientProtocolClient (GrpcClientProtocolClient.java:onNext(255)) - client-0F1B900A64BD->9bf35ae9-4da0-4371-87fa-54ea3ce1f280: receive RaftClientReply:client-0F1B900A64BD->9bf35ae9-4da0-4371-87fa-54ea3ce1f280@group-432E83AF5B55, cid=3391, SUCCESS, logIndex=5089, commits[9bf35ae9-4da0-4371-87fa-54ea3ce1f280:c5089, 0cc34542-3a00-466e-ae84-194b84d3af7b:c5085, d451d94d-57a0-4545-b387-d428f64e3f33:c5085]
2019-07-09 16:26:18,818 INFO  client.GrpcClientProtocolClient (GrpcClientProtocolClient.java:onNext(255)) - client-0F1B900A64BD->9bf35ae9-4da0-4371-87fa-54ea3ce1f280: receive RaftClientReply:client-0F1B900A64BD->9bf35ae9-4da0-4371-87fa-54ea3ce1f280@group-432E83AF5B55, cid=3392, SUCCESS, logIndex=0, commits[9bf35ae9-4da0-4371-87fa-54ea3ce1f280:c5091, 0cc34542-3a00-466e-ae84-194b84d3af7b:c5087, d451d94d-57a0-4545-b387-d428f64e3f33:c5087]
2019-07-09 16:26:18,830 INFO  client.GrpcClientProtocolClient (GrpcClientProtocolClient.java:onNext(255)) - client-0F1B900A64BD->9bf35ae9-4da0-4371-87fa-54ea3ce1f280: receive RaftClientReply:client-0F1B900A64BD->9bf35ae9-4da0-4371-87fa-54ea3ce1f280@group-432E83AF5B55, cid=3393, SUCCESS, logIndex=5093, commits[9bf35ae9-4da0-4371-87fa-54ea3ce1f280:c5094, 0cc34542-3a00-466e-ae84-194b84d3af7b:c5091, d451d94d-57a0-4545-b387-d428f64e3f33:c5089]
2019-07-09 16:26:18,831 INFO  client.GrpcClientProtocolClient (GrpcClientProtocolClient.java:onNext(255)) - client-0F1B900A64BD->9bf35ae9-4da0-4371-87fa-54ea3ce1f280: receive RaftClientReply:client-0F1B900A64BD->9bf35ae9-4da0-4371-87fa-54ea3ce1f280@group-432E83AF5B55, cid=3394, SUCCESS, logIndex=5094, commits[9bf35ae9-4da0-4371-87fa-54ea3ce1f280:c5094, 0cc34542-3a00-466e-ae84-194b84d3af7b:c5091, d451d94d-57a0-4545-b387-d428f64e3f33:c5089]
2019-07-09 16:26:18,845 INFO  client.GrpcClientProtocolClient (GrpcClientProtocolClient.java:onNext(255)) - client-0F1B900A64BD->9bf35ae9-4da0-4371-87fa-54ea3ce1f280: receive RaftClientReply:client-0F1B900A64BD->9bf35ae9-4da0-4371-87fa-54ea3ce1f280@group-432E83AF5B55, cid=3395, SUCCESS, logIndex=5097, commits[9bf35ae9-4da0-4371-87fa-54ea3ce1f280:c5098, 0cc34542-3a00-466e-ae84-194b84d3af7b:c5094, d451d94d-57a0-4545-b387-d428f64e3f33:c5096]
2019-07-09 16:26:18,845 INFO  client.GrpcClientProtocolClient (GrpcClientProtocolClient.java:onNext(255)) - client-0F1B900A64BD->9bf35ae9-4da0-4371-87fa-54ea3ce1f280: receive RaftClientReply:client-0F1B900A64BD->9bf35ae9-4da0-4371-87fa-54ea3ce1f280@group-432E83AF5B55, cid=3396, SUCCESS, logIndex=5098, commits[9bf35ae9-4da0-4371-87fa-54ea3ce1f280:c5098, 0cc34542-3a00-466e-ae84-194b84d3af7b:c5096, d451d94d-57a0-4545-b387-d428f64e3f33:c5096]
2019-07-09 16:26:18,860 INFO  client.GrpcClientProtocolClient (GrpcClientProtocolClient.java:onNext(255)) - client-0F1B900A64BD->9bf35ae9-4da0-4371-87fa-54ea3ce1f280: receive RaftClientReply:client-0F1B900A64BD->9bf35ae9-4da0-4371-87fa-54ea3ce1f280@group-432E83AF5B55, cid=3397, SUCCESS, logIndex=0, commits[9bf35ae9-4da0-4371-87fa-54ea3ce1f280:c5100, 0cc34542-3a00-466e-ae84-194b84d3af7b:c5098, d451d94d-57a0-4545-b387-d428f64e3f33:c5098]
2019-07-09 16:26:18,903 INFO  client.GrpcClientProtocolClient (GrpcClientProtocolClient.java:onNext(255)) - client-0F1B900A64BD->9bf35ae9-4da0-4371-87fa-54ea3ce1f280: receive RaftClientReply:client-0F1B900A64BD->9bf35ae9-4da0-4371-87fa-54ea3ce1f280@group-432E83AF5B55, cid=3398, SUCCESS, logIndex=5101, commits[9bf35ae9-4da0-4371-87fa-54ea3ce1f280:c5102, 0cc34542-3a00-466e-ae84-194b84d3af7b:c5100, d451d94d-57a0-4545-b387-d428f64e3f33:c5100]
2019-07-09 16:26:18,904 INFO  client.GrpcClientProtocolClient (GrpcClientProtocolClient.java:onNext(255)) - client-0F1B900A64BD->9bf35ae9-4da0-4371-87fa-54ea3ce1f280: receive RaftClientReply:client-0F1B900A64BD->9bf35ae9-4da0-4371-87fa-54ea3ce1f280@group-432E83AF5B55, cid=3399, SUCCESS, logIndex=5102, commits[9bf35ae9-4da0-4371-87fa-54ea3ce1f280:c5104, 0cc34542-3a00-466e-ae84-194b84d3af7b:c5100, d451d94d-57a0-4545-b387-d428f64e3f33:c5100]
2019-07-09 16:26:18,904 INFO  client.GrpcClientProtocolClient (GrpcClientProtocolClient.java:onNext(255)) - client-0F1B900A64BD->9bf35ae9-4da0-4371-87fa-54ea3ce1f280: receive RaftClientReply:client-0F1B900A64BD->9bf35ae9-4da0-4371-87fa-54ea3ce1f280@group-432E83AF5B55, cid=3400, SUCCESS, logIndex=5103, commits[9bf35ae9-4da0-4371-87fa-54ea3ce1f280:c5104, 0cc34542-3a00-466e-ae84-194b84d3af7b:c5100, d451d94d-57a0-4545-b387-d428f64e3f33:c5100]
2019-07-09 16:26:18,904 INFO  client.GrpcClientProtocolClient (GrpcClientProtocolClient.java:onNext(255)) - client-0F1B900A64BD->9bf35ae9-4da0-4371-87fa-54ea3ce1f280: receive RaftClientReply:client-0F1B900A64BD->9bf35ae9-4da0-4371-87fa-54ea3ce1f280@group-432E83AF5B55, cid=3401, SUCCESS, logIndex=5104, commits[9bf35ae9-4da0-4371-87fa-54ea3ce1f280:c5104, 0cc34542-3a00-466e-ae84-194b84d3af7b:c5100, d451d94d-57a0-4545-b387-d428f64e3f33:c5100]
2019-07-09 16:26:18,915 INFO  client.GrpcClientProtocolClient (GrpcClientProtocolClient.java:onNext(255)) - client-0F1B900A64BD->9bf35ae9-4da0-4371-87fa-54ea3ce1f280: receive RaftClientReply:client-0F1B900A64BD->9bf35ae9-4da0-4371-87fa-54ea3ce1f280@group-432E83AF5B55, cid=3402, SUCCESS, logIndex=0, commits[9bf35ae9-4da0-4371-87fa-54ea3ce1f280:c5105, 0cc34542-3a00-466e-ae84-194b84d3af7b:c5102, d451d94d-57a0-4545-b387-d428f64e3f33:c5102]
2019-07-09 16:26:18,931 INFO  client.GrpcClientProtocolClient (GrpcClientProtocolClient.java:onNext(255)) - client-0F1B900A64BD->9bf35ae9-4da0-4371-87fa-54ea3ce1f280: receive RaftClientReply:client-0F1B900A64BD->9bf35ae9-4da0-4371-87fa-54ea3ce1f280@group-432E83AF5B55, cid=3403, SUCCESS, logIndex=5109, commits[9bf35ae9-4da0-4371-87fa-54ea3ce1f280:c5110, 0cc34542-3a00-466e-ae84-194b84d3af7b:c5108, d451d94d-57a0-4545-b387-d428f64e3f33:c5108]
2019-07-09 16:26:18,931 INFO  client.GrpcClientProtocolClient (GrpcClientProtocolClient.java:onNext(255)) - client-0F1B900A64BD->9bf35ae9-4da0-4371-87fa-54ea3ce1f280: receive RaftClientReply:client-0F1B900A64BD->9bf35ae9-4da0-4371-87fa-54ea3ce1f280@group-432E83AF5B55, cid=3404, SUCCESS, logIndex=5110, commits[9bf35ae9-4da0-4371-87fa-54ea3ce1f280:c5110, 0cc34542-3a00-466e-ae84-194b84d3af7b:c5108, d451d94d-57a0-4545-b387-d428f64e3f33:c5108]
2019-07-09 16:26:18,945 INFO  client.GrpcClientProtocolClient (GrpcClientProtocolClient.java:onNext(255)) - client-0F1B900A64BD->9bf35ae9-4da0-4371-87fa-54ea3ce1f280: receive RaftClientReply:client-0F1B900A64BD->9bf35ae9-4da0-4371-87fa-54ea3ce1f280@group-432E83AF5B55, cid=3405, SUCCESS, logIndex=5113, commits[9bf35ae9-4da0-4371-87fa-54ea3ce1f280:c5114, 0cc34542-3a00-466e-ae84-194b84d3af7b:c5110, d451d94d-57a0-4545-b387-d428f64e3f33:c5110]
2019-07-09 16:26:18,945 INFO  client.GrpcClientProtocolClient (GrpcClientProtocolClient.java:onNext(255)) - client-0F1B900A64BD->9bf35ae9-4da0-4371-87fa-54ea3ce1f280: receive RaftClientReply:client-0F1B900A64BD->9bf35ae9-4da0-4371-87fa-54ea3ce1f280@group-432E83AF5B55, cid=3406, SUCCESS, logIndex=5114, commits[9bf35ae9-4da0-4371-87fa-54ea3ce1f280:c5114, 0cc34542-3a00-466e-ae84-194b84d3af7b:c5110, d451d94d-57a0-4545-b387-d428f64e3f33:c5110]
2019-07-09 16:26:18,956 INFO  client.GrpcClientProtocolClient (GrpcClientProtocolClient.java:onNext(255)) - client-0F1B900A64BD->9bf35ae9-4da0-4371-87fa-54ea3ce1f280: receive RaftClientReply:client-0F1B900A64BD->9bf35ae9-4da0-4371-87fa-54ea3ce1f280@group-432E83AF5B55, cid=3407, SUCCESS, logIndex=0, commits[9bf35ae9-4da0-4371-87fa-54ea3ce1f280:c5115, 0cc34542-3a00-466e-ae84-194b84d3af7b:c5114, d451d94d-57a0-4545-b387-d428f64e3f33:c5114]
2019-07-09 16:26:18,986 INFO  client.GrpcClientProtocolClient (GrpcClientProtocolClient.java:onNext(255)) - client-0F1B900A64BD->9bf35ae9-4da0-4371-87fa-54ea3ce1f280: receive RaftClientReply:client-0F1B900A64BD->9bf35ae9-4da0-4371-87fa-54ea3ce1f280@group-432E83AF5B55, cid=3408, SUCCESS, logIndex=5117, commits[9bf35ae9-4da0-4371-87fa-54ea3ce1f280:c5118, 0cc34542-3a00-466e-ae84-194b84d3af7b:c5116, d451d94d-57a0-4545-b387-d428f64e3f33:c5116]
2019-07-09 16:26:18,986 INFO  client.GrpcClientProtocolClient (GrpcClientProtocolClient.java:onNext(255)) - client-0F1B900A64BD->9bf35ae9-4da0-4371-87fa-54ea3ce1f280: receive RaftClientReply:client-0F1B900A64BD->9bf35ae9-4da0-4371-87fa-54ea3ce1f280@group-432E83AF5B55, cid=3409, SUCCESS, logIndex=5118, commits[9bf35ae9-4da0-4371-87fa-54ea3ce1f280:c5120, 0cc34542-3a00-466e-ae84-194b84d3af7b:c5116, d451d94d-57a0-4545-b387-d428f64e3f33:c5116]
2019-07-09 16:26:18,987 INFO  client.GrpcClientProtocolClient (GrpcClientProtocolClient.java:onNext(255)) - client-0F1B900A64BD->9bf35ae9-4da0-4371-87fa-54ea3ce1f280: receive RaftClientReply:client-0F1B900A64BD->9bf35ae9-4da0-4371-87fa-54ea3ce1f280@group-432E83AF5B55, cid=3410, SUCCESS, logIndex=5119, commits[9bf35ae9-4da0-4371-87fa-54ea3ce1f280:c5120, 0cc34542-3a00-466e-ae84-194b84d3af7b:c5116, d451d94d-57a0-4545-b387-d428f64e3f33:c5116]
2019-07-09 16:26:18,987 INFO  client.GrpcClientProtocolClient (GrpcClientProtocolClient.java:onNext(255)) - client-0F1B900A64BD->9bf35ae9-4da0-4371-87fa-54ea3ce1f280: receive RaftClientReply:client-0F1B900A64BD->9bf35ae9-4da0-4371-87fa-54ea3ce1f280@group-432E83AF5B55, cid=3411, SUCCESS, logIndex=5120, commits[9bf35ae9-4da0-4371-87fa-54ea3ce1f280:c5120, 0cc34542-3a00-466e-ae84-194b84d3af7b:c5116, d451d94d-57a0-4545-b387-d428f64e3f33:c5116]
2019-07-09 16:26:19,000 INFO  client.GrpcClientProtocolClient (GrpcClientProtocolClient.java:onNext(255)) - client-0F1B900A64BD->9bf35ae9-4da0-4371-87fa-54ea3ce1f280: receive RaftClientReply:client-0F1B900A64BD->9bf35ae9-4da0-4371-87fa-54ea3ce1f280@group-432E83AF5B55, cid=3412, SUCCESS, logIndex=0, commits[9bf35ae9-4da0-4371-87fa-54ea3ce1f280:c5122, 0cc34542-3a00-466e-ae84-194b84d3af7b:c5118, d451d94d-57a0-4545-b387-d428f64e3f33:c5118]
2019-07-09 16:26:19,019 INFO  client.GrpcClientProtocolClient (GrpcClientProtocolClient.java:onNext(255)) - client-0F1B900A64BD->9bf35ae9-4da0-4371-87fa-54ea3ce1f280: receive RaftClientReply:client-0F1B900A64BD->9bf35ae9-4da0-4371-87fa-54ea3ce1f280@group-432E83AF5B55, cid=3413, SUCCESS, logIndex=5124, commits[9bf35ae9-4da0-4371-87fa-54ea3ce1f280:c5124, 0cc34542-3a00-466e-ae84-194b84d3af7b:c5123, d451d94d-57a0-4545-b387-d428f64e3f33:c5123]
2019-07-09 16:26:19,019 INFO  client.GrpcClientProtocolClient (GrpcClientProtocolClient.java:onNext(255)) - client-0F1B900A64BD->9bf35ae9-4da0-4371-87fa-54ea3ce1f280: receive RaftClientReply:client-0F1B900A64BD->9bf35ae9-4da0-4371-87fa-54ea3ce1f280@group-432E83AF5B55, cid=3414, SUCCESS, logIndex=5125, commits[9bf35ae9-4da0-4371-87fa-54ea3ce1f280:c5125, 0cc34542-3a00-466e-ae84-194b84d3af7b:c5123, d451d94d-57a0-4545-b387-d428f64e3f33:c5123]
 0.00% |█                                                                                                    |  0/1 Time: 0:00:302019-07-09 16:26:19,046 INFO  client.GrpcClientProtocolClient (GrpcClientProtocolClient.java:onNext(255)) - client-0F1B900A64BD->9bf35ae9-4da0-4371-87fa-54ea3ce1f280: receive RaftClientReply:client-0F1B900A64BD->9bf35ae9-4da0-4371-87fa-54ea3ce1f280@group-432E83AF5B55, cid=3415, SUCCESS, logIndex=5128, commits[9bf35ae9-4da0-4371-87fa-54ea3ce1f280:c5128, 0cc34542-3a00-466e-ae84-194b84d3af7b:c5125, d451d94d-57a0-4545-b387-d428f64e3f33:c5125]
2019-07-09 16:26:19,046 INFO  client.GrpcClientProtocolClient (GrpcClientProtocolClient.java:onNext(255)) - client-0F1B900A64BD->9bf35ae9-4da0-4371-87fa-54ea3ce1f280: receive RaftClientReply:client-0F1B900A64BD->9bf35ae9-4da0-4371-87fa-54ea3ce1f280@group-432E83AF5B55, cid=3416, SUCCESS, logIndex=5129, commits[9bf35ae9-4da0-4371-87fa-54ea3ce1f280:c5129, 0cc34542-3a00-466e-ae84-194b84d3af7b:c5125, d451d94d-57a0-4545-b387-d428f64e3f33:c5125]
2019-07-09 16:26:19,071 INFO  client.GrpcClientProtocolClient (GrpcClientProtocolClient.java:onNext(255)) - client-0F1B900A64BD->9bf35ae9-4da0-4371-87fa-54ea3ce1f280: receive RaftClientReply:client-0F1B900A64BD->9bf35ae9-4da0-4371-87fa-54ea3ce1f280@group-432E83AF5B55, cid=3417, SUCCESS, logIndex=0, commits[9bf35ae9-4da0-4371-87fa-54ea3ce1f280:c5131, 0cc34542-3a00-466e-ae84-194b84d3af7b:c5129, d451d94d-57a0-4545-b387-d428f64e3f33:c5129]
2019-07-09 16:26:19,093 INFO  client.GrpcClientProtocolClient (GrpcClientProtocolClient.java:onNext(255)) - client-0F1B900A64BD->9bf35ae9-4da0-4371-87fa-54ea3ce1f280: receive RaftClientReply:client-0F1B900A64BD->9bf35ae9-4da0-4371-87fa-54ea3ce1f280@group-432E83AF5B55, cid=3418, SUCCESS, logIndex=5132, commits[9bf35ae9-4da0-4371-87fa-54ea3ce1f280:c5133, 0cc34542-3a00-466e-ae84-194b84d3af7b:c5131, d451d94d-57a0-4545-b387-d428f64e3f33:c5129]
2019-07-09 16:26:19,094 INFO  client.GrpcClientProtocolClient (GrpcClientProtocolClient.java:onNext(255)) - client-0F1B900A64BD->9bf35ae9-4da0-4371-87fa-54ea3ce1f280: receive RaftClientReply:client-0F1B900A64BD->9bf35ae9-4da0-4371-87fa-54ea3ce1f280@group-432E83AF5B55, cid=3419, SUCCESS, logIndex=5133, commits[9bf35ae9-4da0-4371-87fa-54ea3ce1f280:c5135, 0cc34542-3a00-466e-ae84-194b84d3af7b:c5131, d451d94d-57a0-4545-b387-d428f64e3f33:c5131]
2019-07-09 16:26:19,094 INFO  client.GrpcClientProtocolClient (GrpcClientProtocolClient.java:onNext(255)) - client-0F1B900A64BD->9bf35ae9-4da0-4371-87fa-54ea3ce1f280: receive RaftClientReply:client-0F1B900A64BD->9bf35ae9-4da0-4371-87fa-54ea3ce1f280@group-432E83AF5B55, cid=3420, SUCCESS, logIndex=5134, commits[9bf35ae9-4da0-4371-87fa-54ea3ce1f280:c5135, 0cc34542-3a00-466e-ae84-194b84d3af7b:c5131, d451d94d-57a0-4545-b387-d428f64e3f33:c5131]
2019-07-09 16:26:19,094 INFO  client.GrpcClientProtocolClient (GrpcClientProtocolClient.java:onNext(255)) - client-0F1B900A64BD->9bf35ae9-4da0-4371-87fa-54ea3ce1f280: receive RaftClientReply:client-0F1B900A64BD->9bf35ae9-4da0-4371-87fa-54ea3ce1f280@group-432E83AF5B55, cid=3421, SUCCESS, logIndex=5135, commits[9bf35ae9-4da0-4371-87fa-54ea3ce1f280:c5135, 0cc34542-3a00-466e-ae84-194b84d3af7b:c5131, d451d94d-57a0-4545-b387-d428f64e3f33:c5131]
2019-07-09 16:26:19,097 INFO  client.GrpcClientProtocolClient (GrpcClientProtocolClient.java:onNext(255)) - client-0F1B900A64BD->9bf35ae9-4da0-4371-87fa-54ea3ce1f280: receive RaftClientReply:client-0F1B900A64BD->9bf35ae9-4da0-4371-87fa-54ea3ce1f280@group-432E83AF5B55, cid=3422, SUCCESS, logIndex=0, commits[9bf35ae9-4da0-4371-87fa-54ea3ce1f280:c5137, 0cc34542-3a00-466e-ae84-194b84d3af7b:c5133, d451d94d-57a0-4545-b387-d428f64e3f33:c5133]
2019-07-09 16:26:19,108 INFO  client.GrpcClientProtocolClient (GrpcClientProtocolClient.java:onNext(255)) - client-0F1B900A64BD->9bf35ae9-4da0-4371-87fa-54ea3ce1f280: receive RaftClientReply:client-0F1B900A64BD->9bf35ae9-4da0-4371-87fa-54ea3ce1f280@group-432E83AF5B55, cid=3423, SUCCESS, logIndex=5139, commits[9bf35ae9-4da0-4371-87fa-54ea3ce1f280:c5140, 0cc34542-3a00-466e-ae84-194b84d3af7b:c5135, d451d94d-57a0-4545-b387-d428f64e3f33:c5138]
2019-07-09 16:26:19,108 INFO  client.GrpcClientProtocolClient (GrpcClientProtocolClient.java:onNext(255)) - client-0F1B900A64BD->9bf35ae9-4da0-4371-87fa-54ea3ce1f280: receive RaftClientReply:client-0F1B900A64BD->9bf35ae9-4da0-4371-87fa-54ea3ce1f280@group-432E83AF5B55, cid=3424, SUCCESS, logIndex=5140, commits[9bf35ae9-4da0-4371-87fa-54ea3ce1f280:c5140, 0cc34542-3a00-466e-ae84-194b84d3af7b:c5138, d451d94d-57a0-4545-b387-d428f64e3f33:c5138]
2019-07-09 16:26:19,119 INFO  client.GrpcClientProtocolClient (GrpcClientProtocolClient.java:onNext(255)) - client-0F1B900A64BD->9bf35ae9-4da0-4371-87fa-54ea3ce1f280: receive RaftClientReply:client-0F1B900A64BD->9bf35ae9-4da0-4371-87fa-54ea3ce1f280@group-432E83AF5B55, cid=3425, SUCCESS, logIndex=5143, commits[9bf35ae9-4da0-4371-87fa-54ea3ce1f280:c5144, 0cc34542-3a00-466e-ae84-194b84d3af7b:c5142, d451d94d-57a0-4545-b387-d428f64e3f33:c5140]
2019-07-09 16:26:19,119 INFO  client.GrpcClientProtocolClient (GrpcClientProtocolClient.java:onNext(255)) - client-0F1B900A64BD->9bf35ae9-4da0-4371-87fa-54ea3ce1f280: receive RaftClientReply:client-0F1B900A64BD->9bf35ae9-4da0-4371-87fa-54ea3ce1f280@group-432E83AF5B55, cid=3426, SUCCESS, logIndex=5144, commits[9bf35ae9-4da0-4371-87fa-54ea3ce1f280:c5144, 0cc34542-3a00-466e-ae84-194b84d3af7b:c5142, d451d94d-57a0-4545-b387-d428f64e3f33:c5142]
2019-07-09 16:26:19,124 INFO  client.GrpcClientProtocolClient (GrpcClientProtocolClient.java:onNext(255)) - client-0F1B900A64BD->9bf35ae9-4da0-4371-87fa-54ea3ce1f280: receive RaftClientReply:client-0F1B900A64BD->9bf35ae9-4da0-4371-87fa-54ea3ce1f280@group-432E83AF5B55, cid=3427, SUCCESS, logIndex=0, commits[9bf35ae9-4da0-4371-87fa-54ea3ce1f280:c5146, 0cc34542-3a00-466e-ae84-194b84d3af7b:c5144, d451d94d-57a0-4545-b387-d428f64e3f33:c5144]
2019-07-09 16:26:19,186 INFO  client.GrpcClientProtocolClient (GrpcClientProtocolClient.java:onNext(255)) - client-0F1B900A64BD->9bf35ae9-4da0-4371-87fa-54ea3ce1f280: receive RaftClientReply:client-0F1B900A64BD->9bf35ae9-4da0-4371-87fa-54ea3ce1f280@group-432E83AF5B55, cid=3428, SUCCESS, logIndex=5147, commits[9bf35ae9-4da0-4371-87fa-54ea3ce1f280:c5148, 0cc34542-3a00-466e-ae84-194b84d3af7b:c5146, d451d94d-57a0-4545-b387-d428f64e3f33:c5146]
2019-07-09 16:26:19,187 INFO  client.GrpcClientProtocolClient (GrpcClientProtocolClient.java:onNext(255)) - client-0F1B900A64BD->9bf35ae9-4da0-4371-87fa-54ea3ce1f280: receive RaftClientReply:client-0F1B900A64BD->9bf35ae9-4da0-4371-87fa-54ea3ce1f280@group-432E83AF5B55, cid=3429, SUCCESS, logIndex=5148, commits[9bf35ae9-4da0-4371-87fa-54ea3ce1f280:c5150, 0cc34542-3a00-466e-ae84-194b84d3af7b:c5146, d451d94d-57a0-4545-b387-d428f64e3f33:c5146]
2019-07-09 16:26:19,187 INFO  client.GrpcClientProtocolClient (GrpcClientProtocolClient.java:onNext(255)) - client-0F1B900A64BD->9bf35ae9-4da0-4371-87fa-54ea3ce1f280: receive RaftClientReply:client-0F1B900A64BD->9bf35ae9-4da0-4371-87fa-54ea3ce1f280@group-432E83AF5B55, cid=3430, SUCCESS, logIndex=5149, commits[9bf35ae9-4da0-4371-87fa-54ea3ce1f280:c5150, 0cc34542-3a00-466e-ae84-194b84d3af7b:c5146, d451d94d-57a0-4545-b387-d428f64e3f33:c5146]
2019-07-09 16:26:19,188 INFO  client.GrpcClientProtocolClient (GrpcClientProtocolClient.java:onNext(255)) - client-0F1B900A64BD->9bf35ae9-4da0-4371-87fa-54ea3ce1f280: receive RaftClientReply:client-0F1B900A64BD->9bf35ae9-4da0-4371-87fa-54ea3ce1f280@group-432E83AF5B55, cid=3431, SUCCESS, logIndex=5150, commits[9bf35ae9-4da0-4371-87fa-54ea3ce1f280:c5150, 0cc34542-3a00-466e-ae84-194b84d3af7b:c5146, d451d94d-57a0-4545-b387-d428f64e3f33:c5146]
2019-07-09 16:26:19,206 INFO  client.GrpcClientProtocolClient (GrpcClientProtocolClient.java:onNext(255)) - client-0F1B900A64BD->9bf35ae9-4da0-4371-87fa-54ea3ce1f280: receive RaftClientReply:client-0F1B900A64BD->9bf35ae9-4da0-4371-87fa-54ea3ce1f280@group-432E83AF5B55, cid=3432, SUCCESS, logIndex=0, commits[9bf35ae9-4da0-4371-87fa-54ea3ce1f280:c5151, 0cc34542-3a00-466e-ae84-194b84d3af7b:c5148, d451d94d-57a0-4545-b387-d428f64e3f33:c5148]
2019-07-09 16:26:19,228 INFO  client.GrpcClientProtocolClient (GrpcClientProtocolClient.java:onNext(255)) - client-0F1B900A64BD->9bf35ae9-4da0-4371-87fa-54ea3ce1f280: receive RaftClientReply:client-0F1B900A64BD->9bf35ae9-4da0-4371-87fa-54ea3ce1f280@group-432E83AF5B55, cid=3433, SUCCESS, logIndex=5155, commits[9bf35ae9-4da0-4371-87fa-54ea3ce1f280:c5156, 0cc34542-3a00-466e-ae84-194b84d3af7b:c5154, d451d94d-57a0-4545-b387-d428f64e3f33:c5154]
2019-07-09 16:26:19,228 INFO  client.GrpcClientProtocolClient (GrpcClientProtocolClient.java:onNext(255)) - client-0F1B900A64BD->9bf35ae9-4da0-4371-87fa-54ea3ce1f280: receive RaftClientReply:client-0F1B900A64BD->9bf35ae9-4da0-4371-87fa-54ea3ce1f280@group-432E83AF5B55, cid=3434, SUCCESS, logIndex=5156, commits[9bf35ae9-4da0-4371-87fa-54ea3ce1f280:c5156, 0cc34542-3a00-466e-ae84-194b84d3af7b:c5154, d451d94d-57a0-4545-b387-d428f64e3f33:c5154]
2019-07-09 16:26:19,243 INFO  client.GrpcClientProtocolClient (GrpcClientProtocolClient.java:onNext(255)) - client-0F1B900A64BD->9bf35ae9-4da0-4371-87fa-54ea3ce1f280: receive RaftClientReply:client-0F1B900A64BD->9bf35ae9-4da0-4371-87fa-54ea3ce1f280@group-432E83AF5B55, cid=3435, SUCCESS, logIndex=5159, commits[9bf35ae9-4da0-4371-87fa-54ea3ce1f280:c5160, 0cc34542-3a00-466e-ae84-194b84d3af7b:c5156, d451d94d-57a0-4545-b387-d428f64e3f33:c5156]
2019-07-09 16:26:19,244 INFO  client.GrpcClientProtocolClient (GrpcClientProtocolClient.java:onNext(255)) - client-0F1B900A64BD->9bf35ae9-4da0-4371-87fa-54ea3ce1f280: receive RaftClientReply:client-0F1B900A64BD->9bf35ae9-4da0-4371-87fa-54ea3ce1f280@group-432E83AF5B55, cid=3436, SUCCESS, logIndex=5160, commits[9bf35ae9-4da0-4371-87fa-54ea3ce1f280:c5160, 0cc34542-3a00-466e-ae84-194b84d3af7b:c5156, d451d94d-57a0-4545-b387-d428f64e3f33:c5156]
2019-07-09 16:26:19,258 INFO  client.GrpcClientProtocolClient (GrpcClientProtocolClient.java:onNext(255)) - client-0F1B900A64BD->9bf35ae9-4da0-4371-87fa-54ea3ce1f280: receive RaftClientReply:client-0F1B900A64BD->9bf35ae9-4da0-4371-87fa-54ea3ce1f280@group-432E83AF5B55, cid=3437, SUCCESS, logIndex=0, commits[9bf35ae9-4da0-4371-87fa-54ea3ce1f280:c5162, 0cc34542-3a00-466e-ae84-194b84d3af7b:c5160, d451d94d-57a0-4545-b387-d428f64e3f33:c5160]
2019-07-09 16:26:19,294 INFO  client.GrpcClientProtocolClient (GrpcClientProtocolClient.java:onNext(255)) - client-0F1B900A64BD->9bf35ae9-4da0-4371-87fa-54ea3ce1f280: receive RaftClientReply:client-0F1B900A64BD->9bf35ae9-4da0-4371-87fa-54ea3ce1f280@group-432E83AF5B55, cid=3438, SUCCESS, logIndex=5163, commits[9bf35ae9-4da0-4371-87fa-54ea3ce1f280:c5164, 0cc34542-3a00-466e-ae84-194b84d3af7b:c5162, d451d94d-57a0-4545-b387-d428f64e3f33:c5162]
2019-07-09 16:26:19,295 INFO  client.GrpcClientProtocolClient (GrpcClientProtocolClient.java:onNext(255)) - client-0F1B900A64BD->9bf35ae9-4da0-4371-87fa-54ea3ce1f280: receive RaftClientReply:client-0F1B900A64BD->9bf35ae9-4da0-4371-87fa-54ea3ce1f280@group-432E83AF5B55, cid=3439, SUCCESS, logIndex=5164, commits[9bf35ae9-4da0-4371-87fa-54ea3ce1f280:c5164, 0cc34542-3a00-466e-ae84-194b84d3af7b:c5162, d451d94d-57a0-4545-b387-d428f64e3f33:c5162]
2019-07-09 16:26:19,295 INFO  client.GrpcClientProtocolClient (GrpcClientProtocolClient.java:onNext(255)) - client-0F1B900A64BD->9bf35ae9-4da0-4371-87fa-54ea3ce1f280: receive RaftClientReply:client-0F1B900A64BD->9bf35ae9-4da0-4371-87fa-54ea3ce1f280@group-432E83AF5B55, cid=3440, SUCCESS, logIndex=5165, commits[9bf35ae9-4da0-4371-87fa-54ea3ce1f280:c5166, 0cc34542-3a00-466e-ae84-194b84d3af7b:c5162, d451d94d-57a0-4545-b387-d428f64e3f33:c5162]
2019-07-09 16:26:19,295 INFO  client.GrpcClientProtocolClient (GrpcClientProtocolClient.java:onNext(255)) - client-0F1B900A64BD->9bf35ae9-4da0-4371-87fa-54ea3ce1f280: receive RaftClientReply:client-0F1B900A64BD->9bf35ae9-4da0-4371-87fa-54ea3ce1f280@group-432E83AF5B55, cid=3441, SUCCESS, logIndex=5166, commits[9bf35ae9-4da0-4371-87fa-54ea3ce1f280:c5166, 0cc34542-3a00-466e-ae84-194b84d3af7b:c5162, d451d94d-57a0-4545-b387-d428f64e3f33:c5162]
2019-07-09 16:26:19,308 INFO  client.GrpcClientProtocolClient (GrpcClientProtocolClient.java:onNext(255)) - client-0F1B900A64BD->9bf35ae9-4da0-4371-87fa-54ea3ce1f280: receive RaftClientReply:client-0F1B900A64BD->9bf35ae9-4da0-4371-87fa-54ea3ce1f280@group-432E83AF5B55, cid=3442, SUCCESS, logIndex=0, commits[9bf35ae9-4da0-4371-87fa-54ea3ce1f280:c5168, 0cc34542-3a00-466e-ae84-194b84d3af7b:c5164, d451d94d-57a0-4545-b387-d428f64e3f33:c5164]
2019-07-09 16:26:19,329 INFO  client.GrpcClientProtocolClient (GrpcClientProtocolClient.java:onNext(255)) - client-0F1B900A64BD->9bf35ae9-4da0-4371-87fa-54ea3ce1f280: receive RaftClientReply:client-0F1B900A64BD->9bf35ae9-4da0-4371-87fa-54ea3ce1f280@group-432E83AF5B55, cid=3443, SUCCESS, logIndex=5171, commits[9bf35ae9-4da0-4371-87fa-54ea3ce1f280:c5172, 0cc34542-3a00-466e-ae84-194b84d3af7b:c5170, d451d94d-57a0-4545-b387-d428f64e3f33:c5170]
2019-07-09 16:26:19,330 INFO  client.GrpcClientProtocolClient (GrpcClientProtocolClient.java:onNext(255)) - client-0F1B900A64BD->9bf35ae9-4da0-4371-87fa-54ea3ce1f280: receive RaftClientReply:client-0F1B900A64BD->9bf35ae9-4da0-4371-87fa-54ea3ce1f280@group-432E83AF5B55, cid=3444, SUCCESS, logIndex=5172, commits[9bf35ae9-4da0-4371-87fa-54ea3ce1f280:c5172, 0cc34542-3a00-466e-ae84-194b84d3af7b:c5170, d451d94d-57a0-4545-b387-d428f64e3f33:c5170]
2019-07-09 16:26:19,353 INFO  client.GrpcClientProtocolClient (GrpcClientProtocolClient.java:onNext(255)) - client-0F1B900A64BD->9bf35ae9-4da0-4371-87fa-54ea3ce1f280: receive RaftClientReply:client-0F1B900A64BD->9bf35ae9-4da0-4371-87fa-54ea3ce1f280@group-432E83AF5B55, cid=3445, SUCCESS, logIndex=5175, commits[9bf35ae9-4da0-4371-87fa-54ea3ce1f280:c5176, 0cc34542-3a00-466e-ae84-194b84d3af7b:c5172, d451d94d-57a0-4545-b387-d428f64e3f33:c5171]
2019-07-09 16:26:19,354 INFO  client.GrpcClientProtocolClient (GrpcClientProtocolClient.java:onNext(255)) - client-0F1B900A64BD->9bf35ae9-4da0-4371-87fa-54ea3ce1f280: receive RaftClientReply:client-0F1B900A64BD->9bf35ae9-4da0-4371-87fa-54ea3ce1f280@group-432E83AF5B55, cid=3446, SUCCESS, logIndex=5176, commits[9bf35ae9-4da0-4371-87fa-54ea3ce1f280:c5176, 0cc34542-3a00-466e-ae84-194b84d3af7b:c5172, d451d94d-57a0-4545-b387-d428f64e3f33:c5172]
2019-07-09 16:26:19,356 INFO  client.GrpcClientProtocolClient (GrpcClientProtocolClient.java:onNext(255)) - client-0F1B900A64BD->9bf35ae9-4da0-4371-87fa-54ea3ce1f280: receive RaftClientReply:client-0F1B900A64BD->9bf35ae9-4da0-4371-87fa-54ea3ce1f280@group-432E83AF5B55, cid=3447, SUCCESS, logIndex=0, commits[9bf35ae9-4da0-4371-87fa-54ea3ce1f280:c5178, 0cc34542-3a00-466e-ae84-194b84d3af7b:c5176, d451d94d-57a0-4545-b387-d428f64e3f33:c5176]
2019-07-09 16:26:19,389 INFO  client.GrpcClientProtocolClient (GrpcClientProtocolClient.java:onNext(255)) - client-0F1B900A64BD->9bf35ae9-4da0-4371-87fa-54ea3ce1f280: receive RaftClientReply:client-0F1B900A64BD->9bf35ae9-4da0-4371-87fa-54ea3ce1f280@group-432E83AF5B55, cid=3448, SUCCESS, logIndex=5179, commits[9bf35ae9-4da0-4371-87fa-54ea3ce1f280:c5180, 0cc34542-3a00-466e-ae84-194b84d3af7b:c5178, d451d94d-57a0-4545-b387-d428f64e3f33:c5178]
2019-07-09 16:26:19,389 INFO  client.GrpcClientProtocolClient (GrpcClientProtocolClient.java:onNext(255)) - client-0F1B900A64BD->9bf35ae9-4da0-4371-87fa-54ea3ce1f280: receive RaftClientReply:client-0F1B900A64BD->9bf35ae9-4da0-4371-87fa-54ea3ce1f280@group-432E83AF5B55, cid=3449, SUCCESS, logIndex=5180, commits[9bf35ae9-4da0-4371-87fa-54ea3ce1f280:c5182, 0cc34542-3a00-466e-ae84-194b84d3af7b:c5178, d451d94d-57a0-4545-b387-d428f64e3f33:c5178]
2019-07-09 16:26:19,390 INFO  client.GrpcClientProtocolClient (GrpcClientProtocolClient.java:onNext(255)) - client-0F1B900A64BD->9bf35ae9-4da0-4371-87fa-54ea3ce1f280: receive RaftClientReply:client-0F1B900A64BD->9bf35ae9-4da0-4371-87fa-54ea3ce1f280@group-432E83AF5B55, cid=3450, SUCCESS, logIndex=5181, commits[9bf35ae9-4da0-4371-87fa-54ea3ce1f280:c5182, 0cc34542-3a00-466e-ae84-194b84d3af7b:c5178, d451d94d-57a0-4545-b387-d428f64e3f33:c5178]
2019-07-09 16:26:19,390 INFO  client.GrpcClientProtocolClient (GrpcClientProtocolClient.java:onNext(255)) - client-0F1B900A64BD->9bf35ae9-4da0-4371-87fa-54ea3ce1f280: receive RaftClientReply:client-0F1B900A64BD->9bf35ae9-4da0-4371-87fa-54ea3ce1f280@group-432E83AF5B55, cid=3451, SUCCESS, logIndex=5182, commits[9bf35ae9-4da0-4371-87fa-54ea3ce1f280:c5183, 0cc34542-3a00-466e-ae84-194b84d3af7b:c5178, d451d94d-57a0-4545-b387-d428f64e3f33:c5180]
2019-07-09 16:26:19,392 INFO  client.GrpcClientProtocolClient (GrpcClientProtocolClient.java:onNext(255)) - client-0F1B900A64BD->9bf35ae9-4da0-4371-87fa-54ea3ce1f280: receive RaftClientReply:client-0F1B900A64BD->9bf35ae9-4da0-4371-87fa-54ea3ce1f280@group-432E83AF5B55, cid=3452, SUCCESS, logIndex=0, commits[9bf35ae9-4da0-4371-87fa-54ea3ce1f280:c5184, 0cc34542-3a00-466e-ae84-194b84d3af7b:c5180, d451d94d-57a0-4545-b387-d428f64e3f33:c5180]
2019-07-09 16:26:19,406 INFO  client.GrpcClientProtocolClient (GrpcClientProtocolClient.java:onNext(255)) - client-0F1B900A64BD->9bf35ae9-4da0-4371-87fa-54ea3ce1f280: receive RaftClientReply:client-0F1B900A64BD->9bf35ae9-4da0-4371-87fa-54ea3ce1f280@group-432E83AF5B55, cid=3453, SUCCESS, logIndex=5186, commits[9bf35ae9-4da0-4371-87fa-54ea3ce1f280:c5187, 0cc34542-3a00-466e-ae84-194b84d3af7b:c5184, d451d94d-57a0-4545-b387-d428f64e3f33:c5184]
2019-07-09 16:26:19,407 INFO  client.GrpcClientProtocolClient (GrpcClientProtocolClient.java:onNext(255)) - client-0F1B900A64BD->9bf35ae9-4da0-4371-87fa-54ea3ce1f280: receive RaftClientReply:client-0F1B900A64BD->9bf35ae9-4da0-4371-87fa-54ea3ce1f280@group-432E83AF5B55, cid=3454, SUCCESS, logIndex=5187, commits[9bf35ae9-4da0-4371-87fa-54ea3ce1f280:c5187, 0cc34542-3a00-466e-ae84-194b84d3af7b:c5184, d451d94d-57a0-4545-b387-d428f64e3f33:c5184]
2019-07-09 16:26:19,519 INFO  client.GrpcClientProtocolClient (GrpcClientProtocolClient.java:onNext(255)) - client-0F1B900A64BD->9bf35ae9-4da0-4371-87fa-54ea3ce1f280: receive RaftClientReply:client-0F1B900A64BD->9bf35ae9-4da0-4371-87fa-54ea3ce1f280@group-432E83AF5B55, cid=3455, SUCCESS, logIndex=5190, commits[9bf35ae9-4da0-4371-87fa-54ea3ce1f280:c5191, 0cc34542-3a00-466e-ae84-194b84d3af7b:c5188, d451d94d-57a0-4545-b387-d428f64e3f33:c5188]
2019-07-09 16:26:19,520 INFO  client.GrpcClientProtocolClient (GrpcClientProtocolClient.java:onNext(255)) - client-0F1B900A64BD->9bf35ae9-4da0-4371-87fa-54ea3ce1f280: receive RaftClientReply:client-0F1B900A64BD->9bf35ae9-4da0-4371-87fa-54ea3ce1f280@group-432E83AF5B55, cid=3456, SUCCESS, logIndex=5191, commits[9bf35ae9-4da0-4371-87fa-54ea3ce1f280:c5191, 0cc34542-3a00-466e-ae84-194b84d3af7b:c5188, d451d94d-57a0-4545-b387-d428f64e3f33:c5188]
2019-07-09 16:26:19,534 INFO  client.GrpcClientProtocolClient (GrpcClientProtocolClient.java:onNext(255)) - client-0F1B900A64BD->9bf35ae9-4da0-4371-87fa-54ea3ce1f280: receive RaftClientReply:client-0F1B900A64BD->9bf35ae9-4da0-4371-87fa-54ea3ce1f280@group-432E83AF5B55, cid=3457, SUCCESS, logIndex=0, commits[9bf35ae9-4da0-4371-87fa-54ea3ce1f280:c5193, 0cc34542-3a00-466e-ae84-194b84d3af7b:c5191, d451d94d-57a0-4545-b387-d428f64e3f33:c5191]
2019-07-09 16:26:19,566 INFO  client.GrpcClientProtocolClient (GrpcClientProtocolClient.java:onNext(255)) - client-0F1B900A64BD->9bf35ae9-4da0-4371-87fa-54ea3ce1f280: receive RaftClientReply:client-0F1B900A64BD->9bf35ae9-4da0-4371-87fa-54ea3ce1f280@group-432E83AF5B55, cid=3458, SUCCESS, logIndex=5194, commits[9bf35ae9-4da0-4371-87fa-54ea3ce1f280:c5195, 0cc34542-3a00-466e-ae84-194b84d3af7b:c5193, d451d94d-57a0-4545-b387-d428f64e3f33:c5193]
2019-07-09 16:26:19,567 INFO  client.GrpcClientProtocolClient (GrpcClientProtocolClient.java:onNext(255)) - client-0F1B900A64BD->9bf35ae9-4da0-4371-87fa-54ea3ce1f280: receive RaftClientReply:client-0F1B900A64BD->9bf35ae9-4da0-4371-87fa-54ea3ce1f280@group-432E83AF5B55, cid=3459, SUCCESS, logIndex=5195, commits[9bf35ae9-4da0-4371-87fa-54ea3ce1f280:c5196, 0cc34542-3a00-466e-ae84-194b84d3af7b:c5193, d451d94d-57a0-4545-b387-d428f64e3f33:c5193]
2019-07-09 16:26:19,567 INFO  client.GrpcClientProtocolClient (GrpcClientProtocolClient.java:onNext(255)) - client-0F1B900A64BD->9bf35ae9-4da0-4371-87fa-54ea3ce1f280: receive RaftClientReply:client-0F1B900A64BD->9bf35ae9-4da0-4371-87fa-54ea3ce1f280@group-432E83AF5B55, cid=3460, SUCCESS, logIndex=5196, commits[9bf35ae9-4da0-4371-87fa-54ea3ce1f280:c5197, 0cc34542-3a00-466e-ae84-194b84d3af7b:c5193, d451d94d-57a0-4545-b387-d428f64e3f33:c5193]
2019-07-09 16:26:19,567 INFO  client.GrpcClientProtocolClient (GrpcClientProtocolClient.java:onNext(255)) - client-0F1B900A64BD->9bf35ae9-4da0-4371-87fa-54ea3ce1f280: receive RaftClientReply:client-0F1B900A64BD->9bf35ae9-4da0-4371-87fa-54ea3ce1f280@group-432E83AF5B55, cid=3461, SUCCESS, logIndex=5197, commits[9bf35ae9-4da0-4371-87fa-54ea3ce1f280:c5197, 0cc34542-3a00-466e-ae84-194b84d3af7b:c5193, d451d94d-57a0-4545-b387-d428f64e3f33:c5193]
2019-07-09 16:26:19,580 INFO  client.GrpcClientProtocolClient (GrpcClientProtocolClient.java:onNext(255)) - client-0F1B900A64BD->9bf35ae9-4da0-4371-87fa-54ea3ce1f280: receive RaftClientReply:client-0F1B900A64BD->9bf35ae9-4da0-4371-87fa-54ea3ce1f280@group-432E83AF5B55, cid=3462, SUCCESS, logIndex=0, commits[9bf35ae9-4da0-4371-87fa-54ea3ce1f280:c5199, 0cc34542-3a00-466e-ae84-194b84d3af7b:c5195, d451d94d-57a0-4545-b387-d428f64e3f33:c5195]
2019-07-09 16:26:19,600 INFO  client.GrpcClientProtocolClient (GrpcClientProtocolClient.java:onNext(255)) - client-0F1B900A64BD->9bf35ae9-4da0-4371-87fa-54ea3ce1f280: receive RaftClientReply:client-0F1B900A64BD->9bf35ae9-4da0-4371-87fa-54ea3ce1f280@group-432E83AF5B55, cid=3463, SUCCESS, logIndex=5202, commits[9bf35ae9-4da0-4371-87fa-54ea3ce1f280:c5203, 0cc34542-3a00-466e-ae84-194b84d3af7b:c5201, d451d94d-57a0-4545-b387-d428f64e3f33:c5201]
2019-07-09 16:26:19,601 INFO  client.GrpcClientProtocolClient (GrpcClientProtocolClient.java:onNext(255)) - client-0F1B900A64BD->9bf35ae9-4da0-4371-87fa-54ea3ce1f280: receive RaftClientReply:client-0F1B900A64BD->9bf35ae9-4da0-4371-87fa-54ea3ce1f280@group-432E83AF5B55, cid=3464, SUCCESS, logIndex=5203, commits[9bf35ae9-4da0-4371-87fa-54ea3ce1f280:c5203, 0cc34542-3a00-466e-ae84-194b84d3af7b:c5201, d451d94d-57a0-4545-b387-d428f64e3f33:c5201]
2019-07-09 16:26:19,614 INFO  client.GrpcClientProtocolClient (GrpcClientProtocolClient.java:onNext(255)) - client-0F1B900A64BD->9bf35ae9-4da0-4371-87fa-54ea3ce1f280: receive RaftClientReply:client-0F1B900A64BD->9bf35ae9-4da0-4371-87fa-54ea3ce1f280@group-432E83AF5B55, cid=3465, SUCCESS, logIndex=5206, commits[9bf35ae9-4da0-4371-87fa-54ea3ce1f280:c5207, 0cc34542-3a00-466e-ae84-194b84d3af7b:c5203, d451d94d-57a0-4545-b387-d428f64e3f33:c5202]
2019-07-09 16:26:19,614 INFO  client.GrpcClientProtocolClient (GrpcClientProtocolClient.java:onNext(255)) - client-0F1B900A64BD->9bf35ae9-4da0-4371-87fa-54ea3ce1f280: receive RaftClientReply:client-0F1B900A64BD->9bf35ae9-4da0-4371-87fa-54ea3ce1f280@group-432E83AF5B55, cid=3466, SUCCESS, logIndex=5207, commits[9bf35ae9-4da0-4371-87fa-54ea3ce1f280:c5207, 0cc34542-3a00-466e-ae84-194b84d3af7b:c5203, d451d94d-57a0-4545-b387-d428f64e3f33:c5203]
2019-07-09 16:26:19,616 INFO  client.GrpcClientProtocolClient (GrpcClientProtocolClient.java:onNext(255)) - client-0F1B900A64BD->9bf35ae9-4da0-4371-87fa-54ea3ce1f280: receive RaftClientReply:client-0F1B900A64BD->9bf35ae9-4da0-4371-87fa-54ea3ce1f280@group-432E83AF5B55, cid=3467, SUCCESS, logIndex=0, commits[9bf35ae9-4da0-4371-87fa-54ea3ce1f280:c5209, 0cc34542-3a00-466e-ae84-194b84d3af7b:c5207, d451d94d-57a0-4545-b387-d428f64e3f33:c5207]
2019-07-09 16:26:19,653 INFO  client.GrpcClientProtocolClient (GrpcClientProtocolClient.java:onNext(255)) - client-0F1B900A64BD->9bf35ae9-4da0-4371-87fa-54ea3ce1f280: receive RaftClientReply:client-0F1B900A64BD->9bf35ae9-4da0-4371-87fa-54ea3ce1f280@group-432E83AF5B55, cid=3468, SUCCESS, logIndex=5210, commits[9bf35ae9-4da0-4371-87fa-54ea3ce1f280:c5211, 0cc34542-3a00-466e-ae84-194b84d3af7b:c5209, d451d94d-57a0-4545-b387-d428f64e3f33:c5209]
2019-07-09 16:26:19,654 INFO  client.GrpcClientProtocolClient (GrpcClientProtocolClient.java:onNext(255)) - client-0F1B900A64BD->9bf35ae9-4da0-4371-87fa-54ea3ce1f280: receive RaftClientReply:client-0F1B900A64BD->9bf35ae9-4da0-4371-87fa-54ea3ce1f280@group-432E83AF5B55, cid=3469, SUCCESS, logIndex=5211, commits[9bf35ae9-4da0-4371-87fa-54ea3ce1f280:c5213, 0cc34542-3a00-466e-ae84-194b84d3af7b:c5209, d451d94d-57a0-4545-b387-d428f64e3f33:c5209]
2019-07-09 16:26:19,654 INFO  client.GrpcClientProtocolClient (GrpcClientProtocolClient.java:onNext(255)) - client-0F1B900A64BD->9bf35ae9-4da0-4371-87fa-54ea3ce1f280: receive RaftClientReply:client-0F1B900A64BD->9bf35ae9-4da0-4371-87fa-54ea3ce1f280@group-432E83AF5B55, cid=3470, SUCCESS, logIndex=5212, commits[9bf35ae9-4da0-4371-87fa-54ea3ce1f280:c5213, 0cc34542-3a00-466e-ae84-194b84d3af7b:c5209, d451d94d-57a0-4545-b387-d428f64e3f33:c5209]
2019-07-09 16:26:19,655 INFO  client.GrpcClientProtocolClient (GrpcClientProtocolClient.java:onNext(255)) - client-0F1B900A64BD->9bf35ae9-4da0-4371-87fa-54ea3ce1f280: receive RaftClientReply:client-0F1B900A64BD->9bf35ae9-4da0-4371-87fa-54ea3ce1f280@group-432E83AF5B55, cid=3471, SUCCESS, logIndex=5213, commits[9bf35ae9-4da0-4371-87fa-54ea3ce1f280:c5213, 0cc34542-3a00-466e-ae84-194b84d3af7b:c5209, d451d94d-57a0-4545-b387-d428f64e3f33:c5209]
2019-07-09 16:26:19,667 INFO  client.GrpcClientProtocolClient (GrpcClientProtocolClient.java:onNext(255)) - client-0F1B900A64BD->9bf35ae9-4da0-4371-87fa-54ea3ce1f280: receive RaftClientReply:client-0F1B900A64BD->9bf35ae9-4da0-4371-87fa-54ea3ce1f280@group-432E83AF5B55, cid=3472, SUCCESS, logIndex=0, commits[9bf35ae9-4da0-4371-87fa-54ea3ce1f280:c5215, 0cc34542-3a00-466e-ae84-194b84d3af7b:c5211, d451d94d-57a0-4545-b387-d428f64e3f33:c5212]
2019-07-09 16:26:19,692 INFO  client.GrpcClientProtocolClient (GrpcClientProtocolClient.java:onNext(255)) - client-0F1B900A64BD->9bf35ae9-4da0-4371-87fa-54ea3ce1f280: receive RaftClientReply:client-0F1B900A64BD->9bf35ae9-4da0-4371-87fa-54ea3ce1f280@group-432E83AF5B55, cid=3473, SUCCESS, logIndex=5218, commits[9bf35ae9-4da0-4371-87fa-54ea3ce1f280:c5219, 0cc34542-3a00-466e-ae84-194b84d3af7b:c5217, d451d94d-57a0-4545-b387-d428f64e3f33:c5217]
2019-07-09 16:26:19,692 INFO  client.GrpcClientProtocolClient (GrpcClientProtocolClient.java:onNext(255)) - client-0F1B900A64BD->9bf35ae9-4da0-4371-87fa-54ea3ce1f280: receive RaftClientReply:client-0F1B900A64BD->9bf35ae9-4da0-4371-87fa-54ea3ce1f280@group-432E83AF5B55, cid=3474, SUCCESS, logIndex=5219, commits[9bf35ae9-4da0-4371-87fa-54ea3ce1f280:c5219, 0cc34542-3a00-466e-ae84-194b84d3af7b:c5217, d451d94d-57a0-4545-b387-d428f64e3f33:c5217]
2019-07-09 16:26:19,716 INFO  client.GrpcClientProtocolClient (GrpcClientProtocolClient.java:onNext(255)) - client-0F1B900A64BD->9bf35ae9-4da0-4371-87fa-54ea3ce1f280: receive RaftClientReply:client-0F1B900A64BD->9bf35ae9-4da0-4371-87fa-54ea3ce1f280@group-432E83AF5B55, cid=3475, SUCCESS, logIndex=5222, commits[9bf35ae9-4da0-4371-87fa-54ea3ce1f280:c5223, 0cc34542-3a00-466e-ae84-194b84d3af7b:c5219, d451d94d-57a0-4545-b387-d428f64e3f33:c5219]
2019-07-09 16:26:19,716 INFO  client.GrpcClientProtocolClient (GrpcClientProtocolClient.java:onNext(255)) - client-0F1B900A64BD->9bf35ae9-4da0-4371-87fa-54ea3ce1f280: receive RaftClientReply:client-0F1B900A64BD->9bf35ae9-4da0-4371-87fa-54ea3ce1f280@group-432E83AF5B55, cid=3476, SUCCESS, logIndex=5223, commits[9bf35ae9-4da0-4371-87fa-54ea3ce1f280:c5223, 0cc34542-3a00-466e-ae84-194b84d3af7b:c5219, d451d94d-57a0-4545-b387-d428f64e3f33:c5219]
2019-07-09 16:26:19,717 INFO  client.GrpcClientProtocolClient (GrpcClientProtocolClient.java:onNext(255)) - client-0F1B900A64BD->9bf35ae9-4da0-4371-87fa-54ea3ce1f280: receive RaftClientReply:client-0F1B900A64BD->9bf35ae9-4da0-4371-87fa-54ea3ce1f280@group-432E83AF5B55, cid=3477, SUCCESS, logIndex=0, commits[9bf35ae9-4da0-4371-87fa-54ea3ce1f280:c5224, 0cc34542-3a00-466e-ae84-194b84d3af7b:c5223, d451d94d-57a0-4545-b387-d428f64e3f33:c5223]
2019-07-09 16:26:19,753 INFO  client.GrpcClientProtocolClient (GrpcClientProtocolClient.java:onNext(255)) - client-0F1B900A64BD->9bf35ae9-4da0-4371-87fa-54ea3ce1f280: receive RaftClientReply:client-0F1B900A64BD->9bf35ae9-4da0-4371-87fa-54ea3ce1f280@group-432E83AF5B55, cid=3478, SUCCESS, logIndex=5226, commits[9bf35ae9-4da0-4371-87fa-54ea3ce1f280:c5228, 0cc34542-3a00-466e-ae84-194b84d3af7b:c5225, d451d94d-57a0-4545-b387-d428f64e3f33:c5225]
2019-07-09 16:26:19,754 INFO  client.GrpcClientProtocolClient (GrpcClientProtocolClient.java:onNext(255)) - client-0F1B900A64BD->9bf35ae9-4da0-4371-87fa-54ea3ce1f280: receive RaftClientReply:client-0F1B900A64BD->9bf35ae9-4da0-4371-87fa-54ea3ce1f280@group-432E83AF5B55, cid=3479, SUCCESS, logIndex=5227, commits[9bf35ae9-4da0-4371-87fa-54ea3ce1f280:c5229, 0cc34542-3a00-466e-ae84-194b84d3af7b:c5225, d451d94d-57a0-4545-b387-d428f64e3f33:c5225]
2019-07-09 16:26:19,754 INFO  client.GrpcClientProtocolClient (GrpcClientProtocolClient.java:onNext(255)) - client-0F1B900A64BD->9bf35ae9-4da0-4371-87fa-54ea3ce1f280: receive RaftClientReply:client-0F1B900A64BD->9bf35ae9-4da0-4371-87fa-54ea3ce1f280@group-432E83AF5B55, cid=3480, SUCCESS, logIndex=5228, commits[9bf35ae9-4da0-4371-87fa-54ea3ce1f280:c5229, 0cc34542-3a00-466e-ae84-194b84d3af7b:c5225, d451d94d-57a0-4545-b387-d428f64e3f33:c5225]
2019-07-09 16:26:19,755 INFO  client.GrpcClientProtocolClient (GrpcClientProtocolClient.java:onNext(255)) - client-0F1B900A64BD->9bf35ae9-4da0-4371-87fa-54ea3ce1f280: receive RaftClientReply:client-0F1B900A64BD->9bf35ae9-4da0-4371-87fa-54ea3ce1f280@group-432E83AF5B55, cid=3481, SUCCESS, logIndex=5229, commits[9bf35ae9-4da0-4371-87fa-54ea3ce1f280:c5229, 0cc34542-3a00-466e-ae84-194b84d3af7b:c5225, d451d94d-57a0-4545-b387-d428f64e3f33:c5225]
2019-07-09 16:26:19,765 INFO  client.GrpcClientProtocolClient (GrpcClientProtocolClient.java:onNext(255)) - client-0F1B900A64BD->9bf35ae9-4da0-4371-87fa-54ea3ce1f280: receive RaftClientReply:client-0F1B900A64BD->9bf35ae9-4da0-4371-87fa-54ea3ce1f280@group-432E83AF5B55, cid=3482, SUCCESS, logIndex=0, commits[9bf35ae9-4da0-4371-87fa-54ea3ce1f280:c5230, 0cc34542-3a00-466e-ae84-194b84d3af7b:c5227, d451d94d-57a0-4545-b387-d428f64e3f33:c5227]
2019-07-09 16:26:19,800 INFO  client.GrpcClientProtocolClient (GrpcClientProtocolClient.java:onNext(255)) - client-0F1B900A64BD->9bf35ae9-4da0-4371-87fa-54ea3ce1f280: receive RaftClientReply:client-0F1B900A64BD->9bf35ae9-4da0-4371-87fa-54ea3ce1f280@group-432E83AF5B55, cid=3483, SUCCESS, logIndex=5234, commits[9bf35ae9-4da0-4371-87fa-54ea3ce1f280:c5235, 0cc34542-3a00-466e-ae84-194b84d3af7b:c5233, d451d94d-57a0-4545-b387-d428f64e3f33:c5233]
2019-07-09 16:26:19,800 INFO  client.GrpcClientProtocolClient (GrpcClientProtocolClient.java:onNext(255)) - client-0F1B900A64BD->9bf35ae9-4da0-4371-87fa-54ea3ce1f280: receive RaftClientReply:client-0F1B900A64BD->9bf35ae9-4da0-4371-87fa-54ea3ce1f280@group-432E83AF5B55, cid=3484, SUCCESS, logIndex=5235, commits[9bf35ae9-4da0-4371-87fa-54ea3ce1f280:c5235, 0cc34542-3a00-466e-ae84-194b84d3af7b:c5233, d451d94d-57a0-4545-b387-d428f64e3f33:c5233]
2019-07-09 16:26:19,814 INFO  client.GrpcClientProtocolClient (GrpcClientProtocolClient.java:onNext(255)) - client-0F1B900A64BD->9bf35ae9-4da0-4371-87fa-54ea3ce1f280: receive RaftClientReply:client-0F1B900A64BD->9bf35ae9-4da0-4371-87fa-54ea3ce1f280@group-432E83AF5B55, cid=3485, SUCCESS, logIndex=5238, commits[9bf35ae9-4da0-4371-87fa-54ea3ce1f280:c5239, 0cc34542-3a00-466e-ae84-194b84d3af7b:c5235, d451d94d-57a0-4545-b387-d428f64e3f33:c5235]
2019-07-09 16:26:19,814 INFO  client.GrpcClientProtocolClient (GrpcClientProtocolClient.java:onNext(255)) - client-0F1B900A64BD->9bf35ae9-4da0-4371-87fa-54ea3ce1f280: receive RaftClientReply:client-0F1B900A64BD->9bf35ae9-4da0-4371-87fa-54ea3ce1f280@group-432E83AF5B55, cid=3486, SUCCESS, logIndex=5239, commits[9bf35ae9-4da0-4371-87fa-54ea3ce1f280:c5239, 0cc34542-3a00-466e-ae84-194b84d3af7b:c5235, d451d94d-57a0-4545-b387-d428f64e3f33:c5235]
2019-07-09 16:26:19,827 INFO  client.GrpcClientProtocolClient (GrpcClientProtocolClient.java:onNext(255)) - client-0F1B900A64BD->9bf35ae9-4da0-4371-87fa-54ea3ce1f280: receive RaftClientReply:client-0F1B900A64BD->9bf35ae9-4da0-4371-87fa-54ea3ce1f280@group-432E83AF5B55, cid=3487, SUCCESS, logIndex=0, commits[9bf35ae9-4da0-4371-87fa-54ea3ce1f280:c5240, 0cc34542-3a00-466e-ae84-194b84d3af7b:c5239, d451d94d-57a0-4545-b387-d428f64e3f33:c5239]
2019-07-09 16:26:19,857 INFO  client.GrpcClientProtocolClient (GrpcClientProtocolClient.java:onNext(255)) - client-0F1B900A64BD->9bf35ae9-4da0-4371-87fa-54ea3ce1f280: receive RaftClientReply:client-0F1B900A64BD->9bf35ae9-4da0-4371-87fa-54ea3ce1f280@group-432E83AF5B55, cid=3488, SUCCESS, logIndex=5242, commits[9bf35ae9-4da0-4371-87fa-54ea3ce1f280:c5243, 0cc34542-3a00-466e-ae84-194b84d3af7b:c5241, d451d94d-57a0-4545-b387-d428f64e3f33:c5241]
2019-07-09 16:26:19,858 INFO  client.GrpcClientProtocolClient (GrpcClientProtocolClient.java:onNext(255)) - client-0F1B900A64BD->9bf35ae9-4da0-4371-87fa-54ea3ce1f280: receive RaftClientReply:client-0F1B900A64BD->9bf35ae9-4da0-4371-87fa-54ea3ce1f280@group-432E83AF5B55, cid=3489, SUCCESS, logIndex=5243, commits[9bf35ae9-4da0-4371-87fa-54ea3ce1f280:c5244, 0cc34542-3a00-466e-ae84-194b84d3af7b:c5241, d451d94d-57a0-4545-b387-d428f64e3f33:c5241]
2019-07-09 16:26:19,858 INFO  client.GrpcClientProtocolClient (GrpcClientProtocolClient.java:onNext(255)) - client-0F1B900A64BD->9bf35ae9-4da0-4371-87fa-54ea3ce1f280: receive RaftClientReply:client-0F1B900A64BD->9bf35ae9-4da0-4371-87fa-54ea3ce1f280@group-432E83AF5B55, cid=3490, SUCCESS, logIndex=5244, commits[9bf35ae9-4da0-4371-87fa-54ea3ce1f280:c5245, 0cc34542-3a00-466e-ae84-194b84d3af7b:c5241, d451d94d-57a0-4545-b387-d428f64e3f33:c5241]
2019-07-09 16:26:19,858 INFO  client.GrpcClientProtocolClient (GrpcClientProtocolClient.java:onNext(255)) - client-0F1B900A64BD->9bf35ae9-4da0-4371-87fa-54ea3ce1f280: receive RaftClientReply:client-0F1B900A64BD->9bf35ae9-4da0-4371-87fa-54ea3ce1f280@group-432E83AF5B55, cid=3491, SUCCESS, logIndex=5245, commits[9bf35ae9-4da0-4371-87fa-54ea3ce1f280:c5245, 0cc34542-3a00-466e-ae84-194b84d3af7b:c5241, d451d94d-57a0-4545-b387-d428f64e3f33:c5241]
2019-07-09 16:26:19,871 INFO  client.GrpcClientProtocolClient (GrpcClientProtocolClient.java:onNext(255)) - client-0F1B900A64BD->9bf35ae9-4da0-4371-87fa-54ea3ce1f280: receive RaftClientReply:client-0F1B900A64BD->9bf35ae9-4da0-4371-87fa-54ea3ce1f280@group-432E83AF5B55, cid=3492, SUCCESS, logIndex=0, commits[9bf35ae9-4da0-4371-87fa-54ea3ce1f280:c5247, 0cc34542-3a00-466e-ae84-194b84d3af7b:c5243, d451d94d-57a0-4545-b387-d428f64e3f33:c5243]
2019-07-09 16:26:19,891 INFO  client.GrpcClientProtocolClient (GrpcClientProtocolClient.java:onNext(255)) - client-0F1B900A64BD->9bf35ae9-4da0-4371-87fa-54ea3ce1f280: receive RaftClientReply:client-0F1B900A64BD->9bf35ae9-4da0-4371-87fa-54ea3ce1f280@group-432E83AF5B55, cid=3493, SUCCESS, logIndex=5250, commits[9bf35ae9-4da0-4371-87fa-54ea3ce1f280:c5251, 0cc34542-3a00-466e-ae84-194b84d3af7b:c5249, d451d94d-57a0-4545-b387-d428f64e3f33:c5249]
2019-07-09 16:26:19,892 INFO  client.GrpcClientProtocolClient (GrpcClientProtocolClient.java:onNext(255)) - client-0F1B900A64BD->9bf35ae9-4da0-4371-87fa-54ea3ce1f280: receive RaftClientReply:client-0F1B900A64BD->9bf35ae9-4da0-4371-87fa-54ea3ce1f280@group-432E83AF5B55, cid=3494, SUCCESS, logIndex=5251, commits[9bf35ae9-4da0-4371-87fa-54ea3ce1f280:c5251, 0cc34542-3a00-466e-ae84-194b84d3af7b:c5249, d451d94d-57a0-4545-b387-d428f64e3f33:c5249]
2019-07-09 16:26:19,905 INFO  client.GrpcClientProtocolClient (GrpcClientProtocolClient.java:onNext(255)) - client-0F1B900A64BD->9bf35ae9-4da0-4371-87fa-54ea3ce1f280: receive RaftClientReply:client-0F1B900A64BD->9bf35ae9-4da0-4371-87fa-54ea3ce1f280@group-432E83AF5B55, cid=3495, SUCCESS, logIndex=5254, commits[9bf35ae9-4da0-4371-87fa-54ea3ce1f280:c5255, 0cc34542-3a00-466e-ae84-194b84d3af7b:c5251, d451d94d-57a0-4545-b387-d428f64e3f33:c5250]
2019-07-09 16:26:19,905 INFO  client.GrpcClientProtocolClient (GrpcClientProtocolClient.java:onNext(255)) - client-0F1B900A64BD->9bf35ae9-4da0-4371-87fa-54ea3ce1f280: receive RaftClientReply:client-0F1B900A64BD->9bf35ae9-4da0-4371-87fa-54ea3ce1f280@group-432E83AF5B55, cid=3496, SUCCESS, logIndex=5255, commits[9bf35ae9-4da0-4371-87fa-54ea3ce1f280:c5255, 0cc34542-3a00-466e-ae84-194b84d3af7b:c5251, d451d94d-57a0-4545-b387-d428f64e3f33:c5251]
2019-07-09 16:26:19,970 INFO  client.GrpcClientProtocolClient (GrpcClientProtocolClient.java:onNext(255)) - client-0F1B900A64BD->9bf35ae9-4da0-4371-87fa-54ea3ce1f280: receive RaftClientReply:client-0F1B900A64BD->9bf35ae9-4da0-4371-87fa-54ea3ce1f280@group-432E83AF5B55, cid=3497, SUCCESS, logIndex=0, commits[9bf35ae9-4da0-4371-87fa-54ea3ce1f280:c5257, 0cc34542-3a00-466e-ae84-194b84d3af7b:c5255, d451d94d-57a0-4545-b387-d428f64e3f33:c5255]
2019-07-09 16:26:20,007 INFO  client.GrpcClientProtocolClient (GrpcClientProtocolClient.java:onNext(255)) - client-0F1B900A64BD->9bf35ae9-4da0-4371-87fa-54ea3ce1f280: receive RaftClientReply:client-0F1B900A64BD->9bf35ae9-4da0-4371-87fa-54ea3ce1f280@group-432E83AF5B55, cid=3498, SUCCESS, logIndex=5258, commits[9bf35ae9-4da0-4371-87fa-54ea3ce1f280:c5259, 0cc34542-3a00-466e-ae84-194b84d3af7b:c5257, d451d94d-57a0-4545-b387-d428f64e3f33:c5257]
2019-07-09 16:26:20,007 INFO  client.GrpcClientProtocolClient (GrpcClientProtocolClient.java:onNext(255)) - client-0F1B900A64BD->9bf35ae9-4da0-4371-87fa-54ea3ce1f280: receive RaftClientReply:client-0F1B900A64BD->9bf35ae9-4da0-4371-87fa-54ea3ce1f280@group-432E83AF5B55, cid=3499, SUCCESS, logIndex=5259, commits[9bf35ae9-4da0-4371-87fa-54ea3ce1f280:c5259, 0cc34542-3a00-466e-ae84-194b84d3af7b:c5257, d451d94d-57a0-4545-b387-d428f64e3f33:c5257]
2019-07-09 16:26:20,008 INFO  client.GrpcClientProtocolClient (GrpcClientProtocolClient.java:onNext(255)) - client-0F1B900A64BD->9bf35ae9-4da0-4371-87fa-54ea3ce1f280: receive RaftClientReply:client-0F1B900A64BD->9bf35ae9-4da0-4371-87fa-54ea3ce1f280@group-432E83AF5B55, cid=3500, SUCCESS, logIndex=5260, commits[9bf35ae9-4da0-4371-87fa-54ea3ce1f280:c5261, 0cc34542-3a00-466e-ae84-194b84d3af7b:c5257, d451d94d-57a0-4545-b387-d428f64e3f33:c5257]
2019-07-09 16:26:20,008 INFO  client.GrpcClientProtocolClient (GrpcClientProtocolClient.java:onNext(255)) - client-0F1B900A64BD->9bf35ae9-4da0-4371-87fa-54ea3ce1f280: receive RaftClientReply:client-0F1B900A64BD->9bf35ae9-4da0-4371-87fa-54ea3ce1f280@group-432E83AF5B55, cid=3501, SUCCESS, logIndex=5261, commits[9bf35ae9-4da0-4371-87fa-54ea3ce1f280:c5261, 0cc34542-3a00-466e-ae84-194b84d3af7b:c5257, d451d94d-57a0-4545-b387-d428f64e3f33:c5257]
2019-07-09 16:26:20,021 INFO  client.GrpcClientProtocolClient (GrpcClientProtocolClient.java:onNext(255)) - client-0F1B900A64BD->9bf35ae9-4da0-4371-87fa-54ea3ce1f280: receive RaftClientReply:client-0F1B900A64BD->9bf35ae9-4da0-4371-87fa-54ea3ce1f280@group-432E83AF5B55, cid=3502, SUCCESS, logIndex=0, commits[9bf35ae9-4da0-4371-87fa-54ea3ce1f280:c5263, 0cc34542-3a00-466e-ae84-194b84d3af7b:c5259, d451d94d-57a0-4545-b387-d428f64e3f33:c5259]
2019-07-09 16:26:20,040 INFO  client.GrpcClientProtocolClient (GrpcClientProtocolClient.java:onNext(255)) - client-0F1B900A64BD->9bf35ae9-4da0-4371-87fa-54ea3ce1f280: receive RaftClientReply:client-0F1B900A64BD->9bf35ae9-4da0-4371-87fa-54ea3ce1f280@group-432E83AF5B55, cid=3503, SUCCESS, logIndex=5266, commits[9bf35ae9-4da0-4371-87fa-54ea3ce1f280:c5266, 0cc34542-3a00-466e-ae84-194b84d3af7b:c5265, d451d94d-57a0-4545-b387-d428f64e3f33:c5265]
2019-07-09 16:26:20,040 INFO  client.GrpcClientProtocolClient (GrpcClientProtocolClient.java:onNext(255)) - client-0F1B900A64BD->9bf35ae9-4da0-4371-87fa-54ea3ce1f280: receive RaftClientReply:client-0F1B900A64BD->9bf35ae9-4da0-4371-87fa-54ea3ce1f280@group-432E83AF5B55, cid=3504, SUCCESS, logIndex=5267, commits[9bf35ae9-4da0-4371-87fa-54ea3ce1f280:c5267, 0cc34542-3a00-466e-ae84-194b84d3af7b:c5265, d451d94d-57a0-4545-b387-d428f64e3f33:c5265]
 0.00% |█                                                                                                    |  0/1 Time: 0:00:312019-07-09 16:26:20,055 INFO  client.GrpcClientProtocolClient (GrpcClientProtocolClient.java:onNext(255)) - client-0F1B900A64BD->9bf35ae9-4da0-4371-87fa-54ea3ce1f280: receive RaftClientReply:client-0F1B900A64BD->9bf35ae9-4da0-4371-87fa-54ea3ce1f280@group-432E83AF5B55, cid=3505, SUCCESS, logIndex=5270, commits[9bf35ae9-4da0-4371-87fa-54ea3ce1f280:c5270, 0cc34542-3a00-466e-ae84-194b84d3af7b:c5267, d451d94d-57a0-4545-b387-d428f64e3f33:c5267]
2019-07-09 16:26:20,055 INFO  client.GrpcClientProtocolClient (GrpcClientProtocolClient.java:onNext(255)) - client-0F1B900A64BD->9bf35ae9-4da0-4371-87fa-54ea3ce1f280: receive RaftClientReply:client-0F1B900A64BD->9bf35ae9-4da0-4371-87fa-54ea3ce1f280@group-432E83AF5B55, cid=3506, SUCCESS, logIndex=5271, commits[9bf35ae9-4da0-4371-87fa-54ea3ce1f280:c5271, 0cc34542-3a00-466e-ae84-194b84d3af7b:c5267, d451d94d-57a0-4545-b387-d428f64e3f33:c5267]
2019-07-09 16:26:20,135 INFO  client.GrpcClientProtocolClient (GrpcClientProtocolClient.java:onNext(255)) - client-0F1B900A64BD->9bf35ae9-4da0-4371-87fa-54ea3ce1f280: receive RaftClientReply:client-0F1B900A64BD->9bf35ae9-4da0-4371-87fa-54ea3ce1f280@group-432E83AF5B55, cid=3507, SUCCESS, logIndex=0, commits[9bf35ae9-4da0-4371-87fa-54ea3ce1f280:c5273, 0cc34542-3a00-466e-ae84-194b84d3af7b:c5271, d451d94d-57a0-4545-b387-d428f64e3f33:c5271]
2019-07-09 16:26:20,166 INFO  client.GrpcClientProtocolClient (GrpcClientProtocolClient.java:onNext(255)) - client-0F1B900A64BD->9bf35ae9-4da0-4371-87fa-54ea3ce1f280: receive RaftClientReply:client-0F1B900A64BD->9bf35ae9-4da0-4371-87fa-54ea3ce1f280@group-432E83AF5B55, cid=3508, SUCCESS, logIndex=5274, commits[9bf35ae9-4da0-4371-87fa-54ea3ce1f280:c5275, 0cc34542-3a00-466e-ae84-194b84d3af7b:c5271, d451d94d-57a0-4545-b387-d428f64e3f33:c5273]
2019-07-09 16:26:20,167 INFO  client.GrpcClientProtocolClient (GrpcClientProtocolClient.java:onNext(255)) - client-0F1B900A64BD->9bf35ae9-4da0-4371-87fa-54ea3ce1f280: receive RaftClientReply:client-0F1B900A64BD->9bf35ae9-4da0-4371-87fa-54ea3ce1f280@group-432E83AF5B55, cid=3509, SUCCESS, logIndex=5275, commits[9bf35ae9-4da0-4371-87fa-54ea3ce1f280:c5275, 0cc34542-3a00-466e-ae84-194b84d3af7b:c5271, d451d94d-57a0-4545-b387-d428f64e3f33:c5273]
2019-07-09 16:26:20,170 INFO  client.GrpcClientProtocolClient (GrpcClientProtocolClient.java:onNext(255)) - client-0F1B900A64BD->9bf35ae9-4da0-4371-87fa-54ea3ce1f280: receive RaftClientReply:client-0F1B900A64BD->9bf35ae9-4da0-4371-87fa-54ea3ce1f280@group-432E83AF5B55, cid=3510, SUCCESS, logIndex=5276, commits[9bf35ae9-4da0-4371-87fa-54ea3ce1f280:c5277, 0cc34542-3a00-466e-ae84-194b84d3af7b:c5274, d451d94d-57a0-4545-b387-d428f64e3f33:c5273]
2019-07-09 16:26:20,171 INFO  client.GrpcClientProtocolClient (GrpcClientProtocolClient.java:onNext(255)) - client-0F1B900A64BD->9bf35ae9-4da0-4371-87fa-54ea3ce1f280: receive RaftClientReply:client-0F1B900A64BD->9bf35ae9-4da0-4371-87fa-54ea3ce1f280@group-432E83AF5B55, cid=3511, SUCCESS, logIndex=5277, commits[9bf35ae9-4da0-4371-87fa-54ea3ce1f280:c5279, 0cc34542-3a00-466e-ae84-194b84d3af7b:c5275, d451d94d-57a0-4545-b387-d428f64e3f33:c5274]
2019-07-09 16:26:20,172 INFO  client.GrpcClientProtocolClient (GrpcClientProtocolClient.java:onNext(255)) - client-0F1B900A64BD->9bf35ae9-4da0-4371-87fa-54ea3ce1f280: receive RaftClientReply:client-0F1B900A64BD->9bf35ae9-4da0-4371-87fa-54ea3ce1f280@group-432E83AF5B55, cid=3512, SUCCESS, logIndex=0, commits[9bf35ae9-4da0-4371-87fa-54ea3ce1f280:c5279, 0cc34542-3a00-466e-ae84-194b84d3af7b:c5275, d451d94d-57a0-4545-b387-d428f64e3f33:c5277]
2019-07-09 16:26:20,211 INFO  client.GrpcClientProtocolClient (GrpcClientProtocolClient.java:onNext(255)) - client-0F1B900A64BD->9bf35ae9-4da0-4371-87fa-54ea3ce1f280: receive RaftClientReply:client-0F1B900A64BD->9bf35ae9-4da0-4371-87fa-54ea3ce1f280@group-432E83AF5B55, cid=3513, SUCCESS, logIndex=5282, commits[9bf35ae9-4da0-4371-87fa-54ea3ce1f280:c5283, 0cc34542-3a00-466e-ae84-194b84d3af7b:c5277, d451d94d-57a0-4545-b387-d428f64e3f33:c5281]
2019-07-09 16:26:20,212 INFO  client.GrpcClientProtocolClient (GrpcClientProtocolClient.java:onNext(255)) - client-0F1B900A64BD->9bf35ae9-4da0-4371-87fa-54ea3ce1f280: receive RaftClientReply:client-0F1B900A64BD->9bf35ae9-4da0-4371-87fa-54ea3ce1f280@group-432E83AF5B55, cid=3514, SUCCESS, logIndex=5283, commits[9bf35ae9-4da0-4371-87fa-54ea3ce1f280:c5283, 0cc34542-3a00-466e-ae84-194b84d3af7b:c5281, d451d94d-57a0-4545-b387-d428f64e3f33:c5281]
2019-07-09 16:26:20,229 INFO  client.GrpcClientProtocolClient (GrpcClientProtocolClient.java:onNext(255)) - client-0F1B900A64BD->9bf35ae9-4da0-4371-87fa-54ea3ce1f280: receive RaftClientReply:client-0F1B900A64BD->9bf35ae9-4da0-4371-87fa-54ea3ce1f280@group-432E83AF5B55, cid=3515, SUCCESS, logIndex=5286, commits[9bf35ae9-4da0-4371-87fa-54ea3ce1f280:c5287, 0cc34542-3a00-466e-ae84-194b84d3af7b:c5284, d451d94d-57a0-4545-b387-d428f64e3f33:c5284]
2019-07-09 16:26:20,230 INFO  client.GrpcClientProtocolClient (GrpcClientProtocolClient.java:onNext(255)) - client-0F1B900A64BD->9bf35ae9-4da0-4371-87fa-54ea3ce1f280: receive RaftClientReply:client-0F1B900A64BD->9bf35ae9-4da0-4371-87fa-54ea3ce1f280@group-432E83AF5B55, cid=3516, SUCCESS, logIndex=5287, commits[9bf35ae9-4da0-4371-87fa-54ea3ce1f280:c5287, 0cc34542-3a00-466e-ae84-194b84d3af7b:c5284, d451d94d-57a0-4545-b387-d428f64e3f33:c5284]
2019-07-09 16:26:20,244 INFO  client.GrpcClientProtocolClient (GrpcClientProtocolClient.java:onNext(255)) - client-0F1B900A64BD->9bf35ae9-4da0-4371-87fa-54ea3ce1f280: receive RaftClientReply:client-0F1B900A64BD->9bf35ae9-4da0-4371-87fa-54ea3ce1f280@group-432E83AF5B55, cid=3517, SUCCESS, logIndex=0, commits[9bf35ae9-4da0-4371-87fa-54ea3ce1f280:c5289, 0cc34542-3a00-466e-ae84-194b84d3af7b:c5287, d451d94d-57a0-4545-b387-d428f64e3f33:c5287]
2019-07-09 16:26:20,277 INFO  client.GrpcClientProtocolClient (GrpcClientProtocolClient.java:onNext(255)) - client-0F1B900A64BD->9bf35ae9-4da0-4371-87fa-54ea3ce1f280: receive RaftClientReply:client-0F1B900A64BD->9bf35ae9-4da0-4371-87fa-54ea3ce1f280@group-432E83AF5B55, cid=3518, SUCCESS, logIndex=5290, commits[9bf35ae9-4da0-4371-87fa-54ea3ce1f280:c5290, 0cc34542-3a00-466e-ae84-194b84d3af7b:c5289, d451d94d-57a0-4545-b387-d428f64e3f33:c5289]
2019-07-09 16:26:20,278 INFO  client.GrpcClientProtocolClient (GrpcClientProtocolClient.java:onNext(255)) - client-0F1B900A64BD->9bf35ae9-4da0-4371-87fa-54ea3ce1f280: receive RaftClientReply:client-0F1B900A64BD->9bf35ae9-4da0-4371-87fa-54ea3ce1f280@group-432E83AF5B55, cid=3519, SUCCESS, logIndex=5291, commits[9bf35ae9-4da0-4371-87fa-54ea3ce1f280:c5291, 0cc34542-3a00-466e-ae84-194b84d3af7b:c5289, d451d94d-57a0-4545-b387-d428f64e3f33:c5289]
2019-07-09 16:26:20,278 INFO  client.GrpcClientProtocolClient (GrpcClientProtocolClient.java:onNext(255)) - client-0F1B900A64BD->9bf35ae9-4da0-4371-87fa-54ea3ce1f280: receive RaftClientReply:client-0F1B900A64BD->9bf35ae9-4da0-4371-87fa-54ea3ce1f280@group-432E83AF5B55, cid=3520, SUCCESS, logIndex=5292, commits[9bf35ae9-4da0-4371-87fa-54ea3ce1f280:c5293, 0cc34542-3a00-466e-ae84-194b84d3af7b:c5289, d451d94d-57a0-4545-b387-d428f64e3f33:c5289]
2019-07-09 16:26:20,278 INFO  client.GrpcClientProtocolClient (GrpcClientProtocolClient.java:onNext(255)) - client-0F1B900A64BD->9bf35ae9-4da0-4371-87fa-54ea3ce1f280: receive RaftClientReply:client-0F1B900A64BD->9bf35ae9-4da0-4371-87fa-54ea3ce1f280@group-432E83AF5B55, cid=3521, SUCCESS, logIndex=5293, commits[9bf35ae9-4da0-4371-87fa-54ea3ce1f280:c5293, 0cc34542-3a00-466e-ae84-194b84d3af7b:c5289, d451d94d-57a0-4545-b387-d428f64e3f33:c5289]
2019-07-09 16:26:20,293 INFO  client.GrpcClientProtocolClient (GrpcClientProtocolClient.java:onNext(255)) - client-0F1B900A64BD->9bf35ae9-4da0-4371-87fa-54ea3ce1f280: receive RaftClientReply:client-0F1B900A64BD->9bf35ae9-4da0-4371-87fa-54ea3ce1f280@group-432E83AF5B55, cid=3522, SUCCESS, logIndex=0, commits[9bf35ae9-4da0-4371-87fa-54ea3ce1f280:c5296, 0cc34542-3a00-466e-ae84-194b84d3af7b:c5292, d451d94d-57a0-4545-b387-d428f64e3f33:c5293]
2019-07-09 16:26:20,314 INFO  client.GrpcClientProtocolClient (GrpcClientProtocolClient.java:onNext(255)) - client-0F1B900A64BD->9bf35ae9-4da0-4371-87fa-54ea3ce1f280: receive RaftClientReply:client-0F1B900A64BD->9bf35ae9-4da0-4371-87fa-54ea3ce1f280@group-432E83AF5B55, cid=3523, SUCCESS, logIndex=5298, commits[9bf35ae9-4da0-4371-87fa-54ea3ce1f280:c5299, 0cc34542-3a00-466e-ae84-194b84d3af7b:c5297, d451d94d-57a0-4545-b387-d428f64e3f33:c5297]
2019-07-09 16:26:20,314 INFO  client.GrpcClientProtocolClient (GrpcClientProtocolClient.java:onNext(255)) - client-0F1B900A64BD->9bf35ae9-4da0-4371-87fa-54ea3ce1f280: receive RaftClientReply:client-0F1B900A64BD->9bf35ae9-4da0-4371-87fa-54ea3ce1f280@group-432E83AF5B55, cid=3524, SUCCESS, logIndex=5299, commits[9bf35ae9-4da0-4371-87fa-54ea3ce1f280:c5299, 0cc34542-3a00-466e-ae84-194b84d3af7b:c5297, d451d94d-57a0-4545-b387-d428f64e3f33:c5297]
2019-07-09 16:26:20,328 INFO  client.GrpcClientProtocolClient (GrpcClientProtocolClient.java:onNext(255)) - client-0F1B900A64BD->9bf35ae9-4da0-4371-87fa-54ea3ce1f280: receive RaftClientReply:client-0F1B900A64BD->9bf35ae9-4da0-4371-87fa-54ea3ce1f280@group-432E83AF5B55, cid=3525, SUCCESS, logIndex=5302, commits[9bf35ae9-4da0-4371-87fa-54ea3ce1f280:c5303, 0cc34542-3a00-466e-ae84-194b84d3af7b:c5299, d451d94d-57a0-4545-b387-d428f64e3f33:c5299]
2019-07-09 16:26:20,328 INFO  client.GrpcClientProtocolClient (GrpcClientProtocolClient.java:onNext(255)) - client-0F1B900A64BD->9bf35ae9-4da0-4371-87fa-54ea3ce1f280: receive RaftClientReply:client-0F1B900A64BD->9bf35ae9-4da0-4371-87fa-54ea3ce1f280@group-432E83AF5B55, cid=3526, SUCCESS, logIndex=5303, commits[9bf35ae9-4da0-4371-87fa-54ea3ce1f280:c5303, 0cc34542-3a00-466e-ae84-194b84d3af7b:c5299, d451d94d-57a0-4545-b387-d428f64e3f33:c5299]
2019-07-09 16:26:20,343 INFO  client.GrpcClientProtocolClient (GrpcClientProtocolClient.java:onNext(255)) - client-0F1B900A64BD->9bf35ae9-4da0-4371-87fa-54ea3ce1f280: receive RaftClientReply:client-0F1B900A64BD->9bf35ae9-4da0-4371-87fa-54ea3ce1f280@group-432E83AF5B55, cid=3527, SUCCESS, logIndex=0, commits[9bf35ae9-4da0-4371-87fa-54ea3ce1f280:c5305, 0cc34542-3a00-466e-ae84-194b84d3af7b:c5303, d451d94d-57a0-4545-b387-d428f64e3f33:c5303]
2019-07-09 16:26:20,374 INFO  client.GrpcClientProtocolClient (GrpcClientProtocolClient.java:onNext(255)) - client-0F1B900A64BD->9bf35ae9-4da0-4371-87fa-54ea3ce1f280: receive RaftClientReply:client-0F1B900A64BD->9bf35ae9-4da0-4371-87fa-54ea3ce1f280@group-432E83AF5B55, cid=3528, SUCCESS, logIndex=5306, commits[9bf35ae9-4da0-4371-87fa-54ea3ce1f280:c5307, 0cc34542-3a00-466e-ae84-194b84d3af7b:c5305, d451d94d-57a0-4545-b387-d428f64e3f33:c5305]
2019-07-09 16:26:20,375 INFO  client.GrpcClientProtocolClient (GrpcClientProtocolClient.java:onNext(255)) - client-0F1B900A64BD->9bf35ae9-4da0-4371-87fa-54ea3ce1f280: receive RaftClientReply:client-0F1B900A64BD->9bf35ae9-4da0-4371-87fa-54ea3ce1f280@group-432E83AF5B55, cid=3529, SUCCESS, logIndex=5307, commits[9bf35ae9-4da0-4371-87fa-54ea3ce1f280:c5307, 0cc34542-3a00-466e-ae84-194b84d3af7b:c5305, d451d94d-57a0-4545-b387-d428f64e3f33:c5305]
2019-07-09 16:26:20,375 INFO  client.GrpcClientProtocolClient (GrpcClientProtocolClient.java:onNext(255)) - client-0F1B900A64BD->9bf35ae9-4da0-4371-87fa-54ea3ce1f280: receive RaftClientReply:client-0F1B900A64BD->9bf35ae9-4da0-4371-87fa-54ea3ce1f280@group-432E83AF5B55, cid=3530, SUCCESS, logIndex=5308, commits[9bf35ae9-4da0-4371-87fa-54ea3ce1f280:c5309, 0cc34542-3a00-466e-ae84-194b84d3af7b:c5305, d451d94d-57a0-4545-b387-d428f64e3f33:c5305]
2019-07-09 16:26:20,375 INFO  client.GrpcClientProtocolClient (GrpcClientProtocolClient.java:onNext(255)) - client-0F1B900A64BD->9bf35ae9-4da0-4371-87fa-54ea3ce1f280: receive RaftClientReply:client-0F1B900A64BD->9bf35ae9-4da0-4371-87fa-54ea3ce1f280@group-432E83AF5B55, cid=3531, SUCCESS, logIndex=5309, commits[9bf35ae9-4da0-4371-87fa-54ea3ce1f280:c5309, 0cc34542-3a00-466e-ae84-194b84d3af7b:c5305, d451d94d-57a0-4545-b387-d428f64e3f33:c5305]
2019-07-09 16:26:20,389 INFO  client.GrpcClientProtocolClient (GrpcClientProtocolClient.java:onNext(255)) - client-0F1B900A64BD->9bf35ae9-4da0-4371-87fa-54ea3ce1f280: receive RaftClientReply:client-0F1B900A64BD->9bf35ae9-4da0-4371-87fa-54ea3ce1f280@group-432E83AF5B55, cid=3532, SUCCESS, logIndex=0, commits[9bf35ae9-4da0-4371-87fa-54ea3ce1f280:c5311, 0cc34542-3a00-466e-ae84-194b84d3af7b:c5307, d451d94d-57a0-4545-b387-d428f64e3f33:c5307]
2019-07-09 16:26:20,408 INFO  client.GrpcClientProtocolClient (GrpcClientProtocolClient.java:onNext(255)) - client-0F1B900A64BD->9bf35ae9-4da0-4371-87fa-54ea3ce1f280: receive RaftClientReply:client-0F1B900A64BD->9bf35ae9-4da0-4371-87fa-54ea3ce1f280@group-432E83AF5B55, cid=3533, SUCCESS, logIndex=5314, commits[9bf35ae9-4da0-4371-87fa-54ea3ce1f280:c5314, 0cc34542-3a00-466e-ae84-194b84d3af7b:c5313, d451d94d-57a0-4545-b387-d428f64e3f33:c5313]
2019-07-09 16:26:20,409 INFO  client.GrpcClientProtocolClient (GrpcClientProtocolClient.java:onNext(255)) - client-0F1B900A64BD->9bf35ae9-4da0-4371-87fa-54ea3ce1f280: receive RaftClientReply:client-0F1B900A64BD->9bf35ae9-4da0-4371-87fa-54ea3ce1f280@group-432E83AF5B55, cid=3534, SUCCESS, logIndex=5315, commits[9bf35ae9-4da0-4371-87fa-54ea3ce1f280:c5315, 0cc34542-3a00-466e-ae84-194b84d3af7b:c5313, d451d94d-57a0-4545-b387-d428f64e3f33:c5313]
2019-07-09 16:26:20,415 INFO  segmented.SegmentedRaftLogWorker (SegmentedRaftLogWorker.java:rollLogSegment(385)) - 9bf35ae9-4da0-4371-87fa-54ea3ce1f280-SegmentedRaftLogWorker:Storage Directory /tmp/workdir/hadoop-ozone/tools/target/test-dir/MiniOzoneClusterImpl-8644f559-1ec4-4218-8001-69413af90811/datanode-2/data/ratis/392e3a52-11c4-4011-92eb-432e83af5b55: Rolling segment log-0_5317 to index:5317
2019-07-09 16:26:20,418 INFO  segmented.SegmentedRaftLogWorker (SegmentedRaftLogWorker.java:execute(526)) - 9bf35ae9-4da0-4371-87fa-54ea3ce1f280-SegmentedRaftLogWorker:Storage Directory /tmp/workdir/hadoop-ozone/tools/target/test-dir/MiniOzoneClusterImpl-8644f559-1ec4-4218-8001-69413af90811/datanode-2/data/ratis/392e3a52-11c4-4011-92eb-432e83af5b55: Rolled log segment from /tmp/workdir/hadoop-ozone/tools/target/test-dir/MiniOzoneClusterImpl-8644f559-1ec4-4218-8001-69413af90811/datanode-2/data/ratis/392e3a52-11c4-4011-92eb-432e83af5b55/current/log_inprogress_0 to /tmp/workdir/hadoop-ozone/tools/target/test-dir/MiniOzoneClusterImpl-8644f559-1ec4-4218-8001-69413af90811/datanode-2/data/ratis/392e3a52-11c4-4011-92eb-432e83af5b55/current/log_0-5317
2019-07-09 16:26:20,419 INFO  segmented.SegmentedRaftLogWorker (SegmentedRaftLogWorker.java:rollLogSegment(385)) - 0cc34542-3a00-466e-ae84-194b84d3af7b-SegmentedRaftLogWorker:Storage Directory /tmp/workdir/hadoop-ozone/tools/target/test-dir/MiniOzoneClusterImpl-8644f559-1ec4-4218-8001-69413af90811/datanode-1/data/ratis/392e3a52-11c4-4011-92eb-432e83af5b55: Rolling segment log-0_5317 to index:5317
2019-07-09 16:26:20,420 INFO  segmented.SegmentedRaftLogWorker (SegmentedRaftLogWorker.java:execute(526)) - 0cc34542-3a00-466e-ae84-194b84d3af7b-SegmentedRaftLogWorker:Storage Directory /tmp/workdir/hadoop-ozone/tools/target/test-dir/MiniOzoneClusterImpl-8644f559-1ec4-4218-8001-69413af90811/datanode-1/data/ratis/392e3a52-11c4-4011-92eb-432e83af5b55: Rolled log segment from /tmp/workdir/hadoop-ozone/tools/target/test-dir/MiniOzoneClusterImpl-8644f559-1ec4-4218-8001-69413af90811/datanode-1/data/ratis/392e3a52-11c4-4011-92eb-432e83af5b55/current/log_inprogress_0 to /tmp/workdir/hadoop-ozone/tools/target/test-dir/MiniOzoneClusterImpl-8644f559-1ec4-4218-8001-69413af90811/datanode-1/data/ratis/392e3a52-11c4-4011-92eb-432e83af5b55/current/log_0-5317
2019-07-09 16:26:20,420 INFO  segmented.SegmentedRaftLogWorker (SegmentedRaftLogWorker.java:rollLogSegment(385)) - d451d94d-57a0-4545-b387-d428f64e3f33-SegmentedRaftLogWorker:Storage Directory /tmp/workdir/hadoop-ozone/tools/target/test-dir/MiniOzoneClusterImpl-8644f559-1ec4-4218-8001-69413af90811/datanode-3/data/ratis/392e3a52-11c4-4011-92eb-432e83af5b55: Rolling segment log-0_5317 to index:5317
2019-07-09 16:26:20,453 INFO  segmented.SegmentedRaftLogWorker (SegmentedRaftLogWorker.java:execute(569)) - 9bf35ae9-4da0-4371-87fa-54ea3ce1f280-SegmentedRaftLogWorker:Storage Directory /tmp/workdir/hadoop-ozone/tools/target/test-dir/MiniOzoneClusterImpl-8644f559-1ec4-4218-8001-69413af90811/datanode-2/data/ratis/392e3a52-11c4-4011-92eb-432e83af5b55: created new log segment /tmp/workdir/hadoop-ozone/tools/target/test-dir/MiniOzoneClusterImpl-8644f559-1ec4-4218-8001-69413af90811/datanode-2/data/ratis/392e3a52-11c4-4011-92eb-432e83af5b55/current/log_inprogress_5318
2019-07-09 16:26:20,455 INFO  segmented.SegmentedRaftLogWorker (SegmentedRaftLogWorker.java:execute(526)) - d451d94d-57a0-4545-b387-d428f64e3f33-SegmentedRaftLogWorker:Storage Directory /tmp/workdir/hadoop-ozone/tools/target/test-dir/MiniOzoneClusterImpl-8644f559-1ec4-4218-8001-69413af90811/datanode-3/data/ratis/392e3a52-11c4-4011-92eb-432e83af5b55: Rolled log segment from /tmp/workdir/hadoop-ozone/tools/target/test-dir/MiniOzoneClusterImpl-8644f559-1ec4-4218-8001-69413af90811/datanode-3/data/ratis/392e3a52-11c4-4011-92eb-432e83af5b55/current/log_inprogress_0 to /tmp/workdir/hadoop-ozone/tools/target/test-dir/MiniOzoneClusterImpl-8644f559-1ec4-4218-8001-69413af90811/datanode-3/data/ratis/392e3a52-11c4-4011-92eb-432e83af5b55/current/log_0-5317
2019-07-09 16:26:20,463 INFO  segmented.SegmentedRaftLogWorker (SegmentedRaftLogWorker.java:execute(569)) - 0cc34542-3a00-466e-ae84-194b84d3af7b-SegmentedRaftLogWorker:Storage Directory /tmp/workdir/hadoop-ozone/tools/target/test-dir/MiniOzoneClusterImpl-8644f559-1ec4-4218-8001-69413af90811/datanode-1/data/ratis/392e3a52-11c4-4011-92eb-432e83af5b55: created new log segment /tmp/workdir/hadoop-ozone/tools/target/test-dir/MiniOzoneClusterImpl-8644f559-1ec4-4218-8001-69413af90811/datanode-1/data/ratis/392e3a52-11c4-4011-92eb-432e83af5b55/current/log_inprogress_5318
2019-07-09 16:26:20,485 INFO  segmented.SegmentedRaftLogWorker (SegmentedRaftLogWorker.java:execute(569)) - d451d94d-57a0-4545-b387-d428f64e3f33-SegmentedRaftLogWorker:Storage Directory /tmp/workdir/hadoop-ozone/tools/target/test-dir/MiniOzoneClusterImpl-8644f559-1ec4-4218-8001-69413af90811/datanode-3/data/ratis/392e3a52-11c4-4011-92eb-432e83af5b55: created new log segment /tmp/workdir/hadoop-ozone/tools/target/test-dir/MiniOzoneClusterImpl-8644f559-1ec4-4218-8001-69413af90811/datanode-3/data/ratis/392e3a52-11c4-4011-92eb-432e83af5b55/current/log_inprogress_5318
2019-07-09 16:26:20,487 INFO  client.GrpcClientProtocolClient (GrpcClientProtocolClient.java:onNext(255)) - client-0F1B900A64BD->9bf35ae9-4da0-4371-87fa-54ea3ce1f280: receive RaftClientReply:client-0F1B900A64BD->9bf35ae9-4da0-4371-87fa-54ea3ce1f280@group-432E83AF5B55, cid=3535, SUCCESS, logIndex=5318, commits[9bf35ae9-4da0-4371-87fa-54ea3ce1f280:c5319, 0cc34542-3a00-466e-ae84-194b84d3af7b:c5317, d451d94d-57a0-4545-b387-d428f64e3f33:c5315]
2019-07-09 16:26:20,489 INFO  client.GrpcClientProtocolClient (GrpcClientProtocolClient.java:onNext(255)) - client-0F1B900A64BD->9bf35ae9-4da0-4371-87fa-54ea3ce1f280: receive RaftClientReply:client-0F1B900A64BD->9bf35ae9-4da0-4371-87fa-54ea3ce1f280@group-432E83AF5B55, cid=3536, SUCCESS, logIndex=5319, commits[9bf35ae9-4da0-4371-87fa-54ea3ce1f280:c5319, 0cc34542-3a00-466e-ae84-194b84d3af7b:c5317, d451d94d-57a0-4545-b387-d428f64e3f33:c5315]
2019-07-09 16:26:20,499 INFO  client.GrpcClientProtocolClient (GrpcClientProtocolClient.java:onNext(255)) - client-0F1B900A64BD->9bf35ae9-4da0-4371-87fa-54ea3ce1f280: receive RaftClientReply:client-0F1B900A64BD->9bf35ae9-4da0-4371-87fa-54ea3ce1f280@group-432E83AF5B55, cid=3537, SUCCESS, logIndex=0, commits[9bf35ae9-4da0-4371-87fa-54ea3ce1f280:c5320, 0cc34542-3a00-466e-ae84-194b84d3af7b:c5319, d451d94d-57a0-4545-b387-d428f64e3f33:c5319]
2019-07-09 16:26:20,531 INFO  client.GrpcClientProtocolClient (GrpcClientProtocolClient.java:onNext(255)) - client-0F1B900A64BD->9bf35ae9-4da0-4371-87fa-54ea3ce1f280: receive RaftClientReply:client-0F1B900A64BD->9bf35ae9-4da0-4371-87fa-54ea3ce1f280@group-432E83AF5B55, cid=3538, SUCCESS, logIndex=5322, commits[9bf35ae9-4da0-4371-87fa-54ea3ce1f280:c5323, 0cc34542-3a00-466e-ae84-194b84d3af7b:c5321, d451d94d-57a0-4545-b387-d428f64e3f33:c5321]
2019-07-09 16:26:20,535 INFO  client.GrpcClientProtocolClient (GrpcClientProtocolClient.java:onNext(255)) - client-0F1B900A64BD->9bf35ae9-4da0-4371-87fa-54ea3ce1f280: receive RaftClientReply:client-0F1B900A64BD->9bf35ae9-4da0-4371-87fa-54ea3ce1f280@group-432E83AF5B55, cid=3539, SUCCESS, logIndex=5323, commits[9bf35ae9-4da0-4371-87fa-54ea3ce1f280:c5324, 0cc34542-3a00-466e-ae84-194b84d3af7b:c5321, d451d94d-57a0-4545-b387-d428f64e3f33:c5321]
2019-07-09 16:26:20,535 INFO  client.GrpcClientProtocolClient (GrpcClientProtocolClient.java:onNext(255)) - client-0F1B900A64BD->9bf35ae9-4da0-4371-87fa-54ea3ce1f280: receive RaftClientReply:client-0F1B900A64BD->9bf35ae9-4da0-4371-87fa-54ea3ce1f280@group-432E83AF5B55, cid=3540, SUCCESS, logIndex=5324, commits[9bf35ae9-4da0-4371-87fa-54ea3ce1f280:c5325, 0cc34542-3a00-466e-ae84-194b84d3af7b:c5321, d451d94d-57a0-4545-b387-d428f64e3f33:c5321]
2019-07-09 16:26:20,535 INFO  client.GrpcClientProtocolClient (GrpcClientProtocolClient.java:onNext(255)) - client-0F1B900A64BD->9bf35ae9-4da0-4371-87fa-54ea3ce1f280: receive RaftClientReply:client-0F1B900A64BD->9bf35ae9-4da0-4371-87fa-54ea3ce1f280@group-432E83AF5B55, cid=3541, SUCCESS, logIndex=5325, commits[9bf35ae9-4da0-4371-87fa-54ea3ce1f280:c5325, 0cc34542-3a00-466e-ae84-194b84d3af7b:c5321, d451d94d-57a0-4545-b387-d428f64e3f33:c5321]
2019-07-09 16:26:20,545 INFO  client.GrpcClientProtocolClient (GrpcClientProtocolClient.java:onNext(255)) - client-0F1B900A64BD->9bf35ae9-4da0-4371-87fa-54ea3ce1f280: receive RaftClientReply:client-0F1B900A64BD->9bf35ae9-4da0-4371-87fa-54ea3ce1f280@group-432E83AF5B55, cid=3542, SUCCESS, logIndex=0, commits[9bf35ae9-4da0-4371-87fa-54ea3ce1f280:c5327, 0cc34542-3a00-466e-ae84-194b84d3af7b:c5323, d451d94d-57a0-4545-b387-d428f64e3f33:c5323]
2019-07-09 16:26:20,661 INFO  client.GrpcClientProtocolClient (GrpcClientProtocolClient.java:onNext(255)) - client-0F1B900A64BD->9bf35ae9-4da0-4371-87fa-54ea3ce1f280: receive RaftClientReply:client-0F1B900A64BD->9bf35ae9-4da0-4371-87fa-54ea3ce1f280@group-432E83AF5B55, cid=3543, SUCCESS, logIndex=5330, commits[9bf35ae9-4da0-4371-87fa-54ea3ce1f280:c5331, 0cc34542-3a00-466e-ae84-194b84d3af7b:c5329, d451d94d-57a0-4545-b387-d428f64e3f33:c5329]
2019-07-09 16:26:20,661 INFO  client.GrpcClientProtocolClient (GrpcClientProtocolClient.java:onNext(255)) - client-0F1B900A64BD->9bf35ae9-4da0-4371-87fa-54ea3ce1f280: receive RaftClientReply:client-0F1B900A64BD->9bf35ae9-4da0-4371-87fa-54ea3ce1f280@group-432E83AF5B55, cid=3544, SUCCESS, logIndex=5331, commits[9bf35ae9-4da0-4371-87fa-54ea3ce1f280:c5331, 0cc34542-3a00-466e-ae84-194b84d3af7b:c5329, d451d94d-57a0-4545-b387-d428f64e3f33:c5329]
2019-07-09 16:26:20,675 INFO  client.GrpcClientProtocolClient (GrpcClientProtocolClient.java:onNext(255)) - client-0F1B900A64BD->9bf35ae9-4da0-4371-87fa-54ea3ce1f280: receive RaftClientReply:client-0F1B900A64BD->9bf35ae9-4da0-4371-87fa-54ea3ce1f280@group-432E83AF5B55, cid=3545, SUCCESS, logIndex=5334, commits[9bf35ae9-4da0-4371-87fa-54ea3ce1f280:c5335, 0cc34542-3a00-466e-ae84-194b84d3af7b:c5332, d451d94d-57a0-4545-b387-d428f64e3f33:c5331]
2019-07-09 16:26:20,675 INFO  client.GrpcClientProtocolClient (GrpcClientProtocolClient.java:onNext(255)) - client-0F1B900A64BD->9bf35ae9-4da0-4371-87fa-54ea3ce1f280: receive RaftClientReply:client-0F1B900A64BD->9bf35ae9-4da0-4371-87fa-54ea3ce1f280@group-432E83AF5B55, cid=3546, SUCCESS, logIndex=5335, commits[9bf35ae9-4da0-4371-87fa-54ea3ce1f280:c5335, 0cc34542-3a00-466e-ae84-194b84d3af7b:c5332, d451d94d-57a0-4545-b387-d428f64e3f33:c5332]
2019-07-09 16:26:20,680 INFO  client.GrpcClientProtocolClient (GrpcClientProtocolClient.java:onNext(255)) - client-0F1B900A64BD->9bf35ae9-4da0-4371-87fa-54ea3ce1f280: receive RaftClientReply:client-0F1B900A64BD->9bf35ae9-4da0-4371-87fa-54ea3ce1f280@group-432E83AF5B55, cid=3547, SUCCESS, logIndex=0, commits[9bf35ae9-4da0-4371-87fa-54ea3ce1f280:c5337, 0cc34542-3a00-466e-ae84-194b84d3af7b:c5335, d451d94d-57a0-4545-b387-d428f64e3f33:c5335]
2019-07-09 16:26:20,715 INFO  client.GrpcClientProtocolClient (GrpcClientProtocolClient.java:onNext(255)) - client-0F1B900A64BD->9bf35ae9-4da0-4371-87fa-54ea3ce1f280: receive RaftClientReply:client-0F1B900A64BD->9bf35ae9-4da0-4371-87fa-54ea3ce1f280@group-432E83AF5B55, cid=3548, SUCCESS, logIndex=5338, commits[9bf35ae9-4da0-4371-87fa-54ea3ce1f280:c5339, 0cc34542-3a00-466e-ae84-194b84d3af7b:c5337, d451d94d-57a0-4545-b387-d428f64e3f33:c5337]
2019-07-09 16:26:20,715 INFO  client.GrpcClientProtocolClient (GrpcClientProtocolClient.java:onNext(255)) - client-0F1B900A64BD->9bf35ae9-4da0-4371-87fa-54ea3ce1f280: receive RaftClientReply:client-0F1B900A64BD->9bf35ae9-4da0-4371-87fa-54ea3ce1f280@group-432E83AF5B55, cid=3549, SUCCESS, logIndex=5339, commits[9bf35ae9-4da0-4371-87fa-54ea3ce1f280:c5339, 0cc34542-3a00-466e-ae84-194b84d3af7b:c5337, d451d94d-57a0-4545-b387-d428f64e3f33:c5337]
2019-07-09 16:26:20,718 INFO  client.GrpcClientProtocolClient (GrpcClientProtocolClient.java:onNext(255)) - client-0F1B900A64BD->9bf35ae9-4da0-4371-87fa-54ea3ce1f280: receive RaftClientReply:client-0F1B900A64BD->9bf35ae9-4da0-4371-87fa-54ea3ce1f280@group-432E83AF5B55, cid=3550, SUCCESS, logIndex=5340, commits[9bf35ae9-4da0-4371-87fa-54ea3ce1f280:c5340, 0cc34542-3a00-466e-ae84-194b84d3af7b:c5337, d451d94d-57a0-4545-b387-d428f64e3f33:c5337]
2019-07-09 16:26:20,718 INFO  client.GrpcClientProtocolClient (GrpcClientProtocolClient.java:onNext(255)) - client-0F1B900A64BD->9bf35ae9-4da0-4371-87fa-54ea3ce1f280: receive RaftClientReply:client-0F1B900A64BD->9bf35ae9-4da0-4371-87fa-54ea3ce1f280@group-432E83AF5B55, cid=3551, SUCCESS, logIndex=5341, commits[9bf35ae9-4da0-4371-87fa-54ea3ce1f280:c5341, 0cc34542-3a00-466e-ae84-194b84d3af7b:c5337, d451d94d-57a0-4545-b387-d428f64e3f33:c5337]
2019-07-09 16:26:20,729 INFO  client.GrpcClientProtocolClient (GrpcClientProtocolClient.java:onNext(255)) - client-0F1B900A64BD->9bf35ae9-4da0-4371-87fa-54ea3ce1f280: receive RaftClientReply:client-0F1B900A64BD->9bf35ae9-4da0-4371-87fa-54ea3ce1f280@group-432E83AF5B55, cid=3552, SUCCESS, logIndex=0, commits[9bf35ae9-4da0-4371-87fa-54ea3ce1f280:c5343, 0cc34542-3a00-466e-ae84-194b84d3af7b:c5339, d451d94d-57a0-4545-b387-d428f64e3f33:c5339]
2019-07-09 16:26:20,763 INFO  client.GrpcClientProtocolClient (GrpcClientProtocolClient.java:onNext(255)) - client-0F1B900A64BD->9bf35ae9-4da0-4371-87fa-54ea3ce1f280: receive RaftClientReply:client-0F1B900A64BD->9bf35ae9-4da0-4371-87fa-54ea3ce1f280@group-432E83AF5B55, cid=3553, SUCCESS, logIndex=5346, commits[9bf35ae9-4da0-4371-87fa-54ea3ce1f280:c5347, 0cc34542-3a00-466e-ae84-194b84d3af7b:c5345, d451d94d-57a0-4545-b387-d428f64e3f33:c5345]
2019-07-09 16:26:20,763 INFO  client.GrpcClientProtocolClient (GrpcClientProtocolClient.java:onNext(255)) - client-0F1B900A64BD->9bf35ae9-4da0-4371-87fa-54ea3ce1f280: receive RaftClientReply:client-0F1B900A64BD->9bf35ae9-4da0-4371-87fa-54ea3ce1f280@group-432E83AF5B55, cid=3554, SUCCESS, logIndex=5347, commits[9bf35ae9-4da0-4371-87fa-54ea3ce1f280:c5347, 0cc34542-3a00-466e-ae84-194b84d3af7b:c5345, d451d94d-57a0-4545-b387-d428f64e3f33:c5345]
2019-07-09 16:26:20,791 INFO  client.GrpcClientProtocolClient (GrpcClientProtocolClient.java:onNext(255)) - client-0F1B900A64BD->9bf35ae9-4da0-4371-87fa-54ea3ce1f280: receive RaftClientReply:client-0F1B900A64BD->9bf35ae9-4da0-4371-87fa-54ea3ce1f280@group-432E83AF5B55, cid=3555, SUCCESS, logIndex=5350, commits[9bf35ae9-4da0-4371-87fa-54ea3ce1f280:c5350, 0cc34542-3a00-466e-ae84-194b84d3af7b:c5347, d451d94d-57a0-4545-b387-d428f64e3f33:c5347]
2019-07-09 16:26:20,791 INFO  client.GrpcClientProtocolClient (GrpcClientProtocolClient.java:onNext(255)) - client-0F1B900A64BD->9bf35ae9-4da0-4371-87fa-54ea3ce1f280: receive RaftClientReply:client-0F1B900A64BD->9bf35ae9-4da0-4371-87fa-54ea3ce1f280@group-432E83AF5B55, cid=3556, SUCCESS, logIndex=5351, commits[9bf35ae9-4da0-4371-87fa-54ea3ce1f280:c5351, 0cc34542-3a00-466e-ae84-194b84d3af7b:c5347, d451d94d-57a0-4545-b387-d428f64e3f33:c5347]
2019-07-09 16:26:20,805 INFO  client.GrpcClientProtocolClient (GrpcClientProtocolClient.java:onNext(255)) - client-0F1B900A64BD->9bf35ae9-4da0-4371-87fa-54ea3ce1f280: receive RaftClientReply:client-0F1B900A64BD->9bf35ae9-4da0-4371-87fa-54ea3ce1f280@group-432E83AF5B55, cid=3557, SUCCESS, logIndex=0, commits[9bf35ae9-4da0-4371-87fa-54ea3ce1f280:c5353, 0cc34542-3a00-466e-ae84-194b84d3af7b:c5351, d451d94d-57a0-4545-b387-d428f64e3f33:c5351]
2019-07-09 16:26:20,838 INFO  client.GrpcClientProtocolClient (GrpcClientProtocolClient.java:onNext(255)) - client-0F1B900A64BD->9bf35ae9-4da0-4371-87fa-54ea3ce1f280: receive RaftClientReply:client-0F1B900A64BD->9bf35ae9-4da0-4371-87fa-54ea3ce1f280@group-432E83AF5B55, cid=3558, SUCCESS, logIndex=5354, commits[9bf35ae9-4da0-4371-87fa-54ea3ce1f280:c5355, 0cc34542-3a00-466e-ae84-194b84d3af7b:c5353, d451d94d-57a0-4545-b387-d428f64e3f33:c5353]
2019-07-09 16:26:20,839 INFO  client.GrpcClientProtocolClient (GrpcClientProtocolClient.java:onNext(255)) - client-0F1B900A64BD->9bf35ae9-4da0-4371-87fa-54ea3ce1f280: receive RaftClientReply:client-0F1B900A64BD->9bf35ae9-4da0-4371-87fa-54ea3ce1f280@group-432E83AF5B55, cid=3559, SUCCESS, logIndex=5355, commits[9bf35ae9-4da0-4371-87fa-54ea3ce1f280:c5357, 0cc34542-3a00-466e-ae84-194b84d3af7b:c5353, d451d94d-57a0-4545-b387-d428f64e3f33:c5353]
2019-07-09 16:26:20,839 INFO  client.GrpcClientProtocolClient (GrpcClientProtocolClient.java:onNext(255)) - client-0F1B900A64BD->9bf35ae9-4da0-4371-87fa-54ea3ce1f280: receive RaftClientReply:client-0F1B900A64BD->9bf35ae9-4da0-4371-87fa-54ea3ce1f280@group-432E83AF5B55, cid=3560, SUCCESS, logIndex=5356, commits[9bf35ae9-4da0-4371-87fa-54ea3ce1f280:c5357, 0cc34542-3a00-466e-ae84-194b84d3af7b:c5353, d451d94d-57a0-4545-b387-d428f64e3f33:c5353]
2019-07-09 16:26:20,839 INFO  client.GrpcClientProtocolClient (GrpcClientProtocolClient.java:onNext(255)) - client-0F1B900A64BD->9bf35ae9-4da0-4371-87fa-54ea3ce1f280: receive RaftClientReply:client-0F1B900A64BD->9bf35ae9-4da0-4371-87fa-54ea3ce1f280@group-432E83AF5B55, cid=3561, SUCCESS, logIndex=5357, commits[9bf35ae9-4da0-4371-87fa-54ea3ce1f280:c5357, 0cc34542-3a00-466e-ae84-194b84d3af7b:c5353, d451d94d-57a0-4545-b387-d428f64e3f33:c5353]
2019-07-09 16:26:20,852 INFO  client.GrpcClientProtocolClient (GrpcClientProtocolClient.java:onNext(255)) - client-0F1B900A64BD->9bf35ae9-4da0-4371-87fa-54ea3ce1f280: receive RaftClientReply:client-0F1B900A64BD->9bf35ae9-4da0-4371-87fa-54ea3ce1f280@group-432E83AF5B55, cid=3562, SUCCESS, logIndex=0, commits[9bf35ae9-4da0-4371-87fa-54ea3ce1f280:c5361, 0cc34542-3a00-466e-ae84-194b84d3af7b:c5355, d451d94d-57a0-4545-b387-d428f64e3f33:c5357]
2019-07-09 16:26:20,871 INFO  client.GrpcClientProtocolClient (GrpcClientProtocolClient.java:onNext(255)) - client-0F1B900A64BD->9bf35ae9-4da0-4371-87fa-54ea3ce1f280: receive RaftClientReply:client-0F1B900A64BD->9bf35ae9-4da0-4371-87fa-54ea3ce1f280@group-432E83AF5B55, cid=3563, SUCCESS, logIndex=5362, commits[9bf35ae9-4da0-4371-87fa-54ea3ce1f280:c5363, 0cc34542-3a00-466e-ae84-194b84d3af7b:c5361, d451d94d-57a0-4545-b387-d428f64e3f33:c5361]
2019-07-09 16:26:20,872 INFO  client.GrpcClientProtocolClient (GrpcClientProtocolClient.java:onNext(255)) - client-0F1B900A64BD->9bf35ae9-4da0-4371-87fa-54ea3ce1f280: receive RaftClientReply:client-0F1B900A64BD->9bf35ae9-4da0-4371-87fa-54ea3ce1f280@group-432E83AF5B55, cid=3564, SUCCESS, logIndex=5363, commits[9bf35ae9-4da0-4371-87fa-54ea3ce1f280:c5363, 0cc34542-3a00-466e-ae84-194b84d3af7b:c5361, d451d94d-57a0-4545-b387-d428f64e3f33:c5361]
2019-07-09 16:26:20,886 INFO  client.GrpcClientProtocolClient (GrpcClientProtocolClient.java:onNext(255)) - client-0F1B900A64BD->9bf35ae9-4da0-4371-87fa-54ea3ce1f280: receive RaftClientReply:client-0F1B900A64BD->9bf35ae9-4da0-4371-87fa-54ea3ce1f280@group-432E83AF5B55, cid=3565, SUCCESS, logIndex=5366, commits[9bf35ae9-4da0-4371-87fa-54ea3ce1f280:c5367, 0cc34542-3a00-466e-ae84-194b84d3af7b:c5363, d451d94d-57a0-4545-b387-d428f64e3f33:c5363]
2019-07-09 16:26:20,886 INFO  client.GrpcClientProtocolClient (GrpcClientProtocolClient.java:onNext(255)) - client-0F1B900A64BD->9bf35ae9-4da0-4371-87fa-54ea3ce1f280: receive RaftClientReply:client-0F1B900A64BD->9bf35ae9-4da0-4371-87fa-54ea3ce1f280@group-432E83AF5B55, cid=3566, SUCCESS, logIndex=5367, commits[9bf35ae9-4da0-4371-87fa-54ea3ce1f280:c5367, 0cc34542-3a00-466e-ae84-194b84d3af7b:c5363, d451d94d-57a0-4545-b387-d428f64e3f33:c5363]
2019-07-09 16:26:20,898 INFO  client.GrpcClientProtocolClient (GrpcClientProtocolClient.java:onNext(255)) - client-0F1B900A64BD->9bf35ae9-4da0-4371-87fa-54ea3ce1f280: receive RaftClientReply:client-0F1B900A64BD->9bf35ae9-4da0-4371-87fa-54ea3ce1f280@group-432E83AF5B55, cid=3567, SUCCESS, logIndex=0, commits[9bf35ae9-4da0-4371-87fa-54ea3ce1f280:c5368, 0cc34542-3a00-466e-ae84-194b84d3af7b:c5367, d451d94d-57a0-4545-b387-d428f64e3f33:c5367]
2019-07-09 16:26:20,929 INFO  client.GrpcClientProtocolClient (GrpcClientProtocolClient.java:onNext(255)) - client-0F1B900A64BD->9bf35ae9-4da0-4371-87fa-54ea3ce1f280: receive RaftClientReply:client-0F1B900A64BD->9bf35ae9-4da0-4371-87fa-54ea3ce1f280@group-432E83AF5B55, cid=3568, SUCCESS, logIndex=5370, commits[9bf35ae9-4da0-4371-87fa-54ea3ce1f280:c5370, 0cc34542-3a00-466e-ae84-194b84d3af7b:c5369, d451d94d-57a0-4545-b387-d428f64e3f33:c5369]
2019-07-09 16:26:20,929 INFO  client.GrpcClientProtocolClient (GrpcClientProtocolClient.java:onNext(255)) - client-0F1B900A64BD->9bf35ae9-4da0-4371-87fa-54ea3ce1f280: receive RaftClientReply:client-0F1B900A64BD->9bf35ae9-4da0-4371-87fa-54ea3ce1f280@group-432E83AF5B55, cid=3569, SUCCESS, logIndex=5371, commits[9bf35ae9-4da0-4371-87fa-54ea3ce1f280:c5373, 0cc34542-3a00-466e-ae84-194b84d3af7b:c5369, d451d94d-57a0-4545-b387-d428f64e3f33:c5369]
2019-07-09 16:26:20,930 INFO  client.GrpcClientProtocolClient (GrpcClientProtocolClient.java:onNext(255)) - client-0F1B900A64BD->9bf35ae9-4da0-4371-87fa-54ea3ce1f280: receive RaftClientReply:client-0F1B900A64BD->9bf35ae9-4da0-4371-87fa-54ea3ce1f280@group-432E83AF5B55, cid=3570, SUCCESS, logIndex=5372, commits[9bf35ae9-4da0-4371-87fa-54ea3ce1f280:c5373, 0cc34542-3a00-466e-ae84-194b84d3af7b:c5369, d451d94d-57a0-4545-b387-d428f64e3f33:c5369]
2019-07-09 16:26:20,930 INFO  client.GrpcClientProtocolClient (GrpcClientProtocolClient.java:onNext(255)) - client-0F1B900A64BD->9bf35ae9-4da0-4371-87fa-54ea3ce1f280: receive RaftClientReply:client-0F1B900A64BD->9bf35ae9-4da0-4371-87fa-54ea3ce1f280@group-432E83AF5B55, cid=3571, SUCCESS, logIndex=5373, commits[9bf35ae9-4da0-4371-87fa-54ea3ce1f280:c5373, 0cc34542-3a00-466e-ae84-194b84d3af7b:c5369, d451d94d-57a0-4545-b387-d428f64e3f33:c5369]
2019-07-09 16:26:20,943 INFO  client.GrpcClientProtocolClient (GrpcClientProtocolClient.java:onNext(255)) - client-0F1B900A64BD->9bf35ae9-4da0-4371-87fa-54ea3ce1f280: receive RaftClientReply:client-0F1B900A64BD->9bf35ae9-4da0-4371-87fa-54ea3ce1f280@group-432E83AF5B55, cid=3572, SUCCESS, logIndex=0, commits[9bf35ae9-4da0-4371-87fa-54ea3ce1f280:c5375, 0cc34542-3a00-466e-ae84-194b84d3af7b:c5371, d451d94d-57a0-4545-b387-d428f64e3f33:c5371]
2019-07-09 16:26:20,961 INFO  client.GrpcClientProtocolClient (GrpcClientProtocolClient.java:onNext(255)) - client-0F1B900A64BD->9bf35ae9-4da0-4371-87fa-54ea3ce1f280: receive RaftClientReply:client-0F1B900A64BD->9bf35ae9-4da0-4371-87fa-54ea3ce1f280@group-432E83AF5B55, cid=3573, SUCCESS, logIndex=5378, commits[9bf35ae9-4da0-4371-87fa-54ea3ce1f280:c5379, 0cc34542-3a00-466e-ae84-194b84d3af7b:c5377, d451d94d-57a0-4545-b387-d428f64e3f33:c5377]
2019-07-09 16:26:20,962 INFO  client.GrpcClientProtocolClient (GrpcClientProtocolClient.java:onNext(255)) - client-0F1B900A64BD->9bf35ae9-4da0-4371-87fa-54ea3ce1f280: receive RaftClientReply:client-0F1B900A64BD->9bf35ae9-4da0-4371-87fa-54ea3ce1f280@group-432E83AF5B55, cid=3574, SUCCESS, logIndex=5379, commits[9bf35ae9-4da0-4371-87fa-54ea3ce1f280:c5379, 0cc34542-3a00-466e-ae84-194b84d3af7b:c5377, d451d94d-57a0-4545-b387-d428f64e3f33:c5377]
2019-07-09 16:26:20,986 INFO  client.GrpcClientProtocolClient (GrpcClientProtocolClient.java:onNext(255)) - client-0F1B900A64BD->9bf35ae9-4da0-4371-87fa-54ea3ce1f280: receive RaftClientReply:client-0F1B900A64BD->9bf35ae9-4da0-4371-87fa-54ea3ce1f280@group-432E83AF5B55, cid=3575, SUCCESS, logIndex=5382, commits[9bf35ae9-4da0-4371-87fa-54ea3ce1f280:c5383, 0cc34542-3a00-466e-ae84-194b84d3af7b:c5380, d451d94d-57a0-4545-b387-d428f64e3f33:c5381]
2019-07-09 16:26:20,987 INFO  client.GrpcClientProtocolClient (GrpcClientProtocolClient.java:onNext(255)) - client-0F1B900A64BD->9bf35ae9-4da0-4371-87fa-54ea3ce1f280: receive RaftClientReply:client-0F1B900A64BD->9bf35ae9-4da0-4371-87fa-54ea3ce1f280@group-432E83AF5B55, cid=3576, SUCCESS, logIndex=5383, commits[9bf35ae9-4da0-4371-87fa-54ea3ce1f280:c5383, 0cc34542-3a00-466e-ae84-194b84d3af7b:c5381, d451d94d-57a0-4545-b387-d428f64e3f33:c5381]
2019-07-09 16:26:20,998 INFO  client.GrpcClientProtocolClient (GrpcClientProtocolClient.java:onNext(255)) - client-0F1B900A64BD->9bf35ae9-4da0-4371-87fa-54ea3ce1f280: receive RaftClientReply:client-0F1B900A64BD->9bf35ae9-4da0-4371-87fa-54ea3ce1f280@group-432E83AF5B55, cid=3577, SUCCESS, logIndex=0, commits[9bf35ae9-4da0-4371-87fa-54ea3ce1f280:c5384, 0cc34542-3a00-466e-ae84-194b84d3af7b:c5383, d451d94d-57a0-4545-b387-d428f64e3f33:c5383]
2019-07-09 16:26:21,032 INFO  client.GrpcClientProtocolClient (GrpcClientProtocolClient.java:onNext(255)) - client-0F1B900A64BD->9bf35ae9-4da0-4371-87fa-54ea3ce1f280: receive RaftClientReply:client-0F1B900A64BD->9bf35ae9-4da0-4371-87fa-54ea3ce1f280@group-432E83AF5B55, cid=3578, SUCCESS, logIndex=5385, commits[9bf35ae9-4da0-4371-87fa-54ea3ce1f280:c5386, 0cc34542-3a00-466e-ae84-194b84d3af7b:c5384, d451d94d-57a0-4545-b387-d428f64e3f33:c5384]
2019-07-09 16:26:21,033 INFO  client.GrpcClientProtocolClient (GrpcClientProtocolClient.java:onNext(255)) - client-0F1B900A64BD->9bf35ae9-4da0-4371-87fa-54ea3ce1f280: receive RaftClientReply:client-0F1B900A64BD->9bf35ae9-4da0-4371-87fa-54ea3ce1f280@group-432E83AF5B55, cid=3579, SUCCESS, logIndex=5386, commits[9bf35ae9-4da0-4371-87fa-54ea3ce1f280:c5387, 0cc34542-3a00-466e-ae84-194b84d3af7b:c5384, d451d94d-57a0-4545-b387-d428f64e3f33:c5384]
2019-07-09 16:26:21,033 INFO  client.GrpcClientProtocolClient (GrpcClientProtocolClient.java:onNext(255)) - client-0F1B900A64BD->9bf35ae9-4da0-4371-87fa-54ea3ce1f280: receive RaftClientReply:client-0F1B900A64BD->9bf35ae9-4da0-4371-87fa-54ea3ce1f280@group-432E83AF5B55, cid=3580, SUCCESS, logIndex=5387, commits[9bf35ae9-4da0-4371-87fa-54ea3ce1f280:c5388, 0cc34542-3a00-466e-ae84-194b84d3af7b:c5384, d451d94d-57a0-4545-b387-d428f64e3f33:c5384]
2019-07-09 16:26:21,033 INFO  client.GrpcClientProtocolClient (GrpcClientProtocolClient.java:onNext(255)) - client-0F1B900A64BD->9bf35ae9-4da0-4371-87fa-54ea3ce1f280: receive RaftClientReply:client-0F1B900A64BD->9bf35ae9-4da0-4371-87fa-54ea3ce1f280@group-432E83AF5B55, cid=3581, SUCCESS, logIndex=5388, commits[9bf35ae9-4da0-4371-87fa-54ea3ce1f280:c5388, 0cc34542-3a00-466e-ae84-194b84d3af7b:c5384, d451d94d-57a0-4545-b387-d428f64e3f33:c5384]
 0.00% |█                                                                                                    |  0/1 Time: 0:00:322019-07-09 16:26:21,046 INFO  client.GrpcClientProtocolClient (GrpcClientProtocolClient.java:onNext(255)) - client-0F1B900A64BD->9bf35ae9-4da0-4371-87fa-54ea3ce1f280: receive RaftClientReply:client-0F1B900A64BD->9bf35ae9-4da0-4371-87fa-54ea3ce1f280@group-432E83AF5B55, cid=3582, SUCCESS, logIndex=0, commits[9bf35ae9-4da0-4371-87fa-54ea3ce1f280:c5390, 0cc34542-3a00-466e-ae84-194b84d3af7b:c5386, d451d94d-57a0-4545-b387-d428f64e3f33:c5386]
2019-07-09 16:26:21,068 INFO  client.GrpcClientProtocolClient (GrpcClientProtocolClient.java:onNext(255)) - client-0F1B900A64BD->9bf35ae9-4da0-4371-87fa-54ea3ce1f280: receive RaftClientReply:client-0F1B900A64BD->9bf35ae9-4da0-4371-87fa-54ea3ce1f280@group-432E83AF5B55, cid=3583, SUCCESS, logIndex=5393, commits[9bf35ae9-4da0-4371-87fa-54ea3ce1f280:c5394, 0cc34542-3a00-466e-ae84-194b84d3af7b:c5392, d451d94d-57a0-4545-b387-d428f64e3f33:c5392]
2019-07-09 16:26:21,069 INFO  client.GrpcClientProtocolClient (GrpcClientProtocolClient.java:onNext(255)) - client-0F1B900A64BD->9bf35ae9-4da0-4371-87fa-54ea3ce1f280: receive RaftClientReply:client-0F1B900A64BD->9bf35ae9-4da0-4371-87fa-54ea3ce1f280@group-432E83AF5B55, cid=3584, SUCCESS, logIndex=5394, commits[9bf35ae9-4da0-4371-87fa-54ea3ce1f280:c5394, 0cc34542-3a00-466e-ae84-194b84d3af7b:c5392, d451d94d-57a0-4545-b387-d428f64e3f33:c5392]
2019-07-09 16:26:21,098 INFO  client.GrpcClientProtocolClient (GrpcClientProtocolClient.java:onNext(255)) - client-0F1B900A64BD->9bf35ae9-4da0-4371-87fa-54ea3ce1f280: receive RaftClientReply:client-0F1B900A64BD->9bf35ae9-4da0-4371-87fa-54ea3ce1f280@group-432E83AF5B55, cid=3585, SUCCESS, logIndex=5397, commits[9bf35ae9-4da0-4371-87fa-54ea3ce1f280:c5398, 0cc34542-3a00-466e-ae84-194b84d3af7b:c5394, d451d94d-57a0-4545-b387-d428f64e3f33:c5394]
2019-07-09 16:26:21,098 INFO  client.GrpcClientProtocolClient (GrpcClientProtocolClient.java:onNext(255)) - client-0F1B900A64BD->9bf35ae9-4da0-4371-87fa-54ea3ce1f280: receive RaftClientReply:client-0F1B900A64BD->9bf35ae9-4da0-4371-87fa-54ea3ce1f280@group-432E83AF5B55, cid=3586, SUCCESS, logIndex=5398, commits[9bf35ae9-4da0-4371-87fa-54ea3ce1f280:c5398, 0cc34542-3a00-466e-ae84-194b84d3af7b:c5394, d451d94d-57a0-4545-b387-d428f64e3f33:c5394]
2019-07-09 16:26:21,112 INFO  client.GrpcClientProtocolClient (GrpcClientProtocolClient.java:onNext(255)) - client-0F1B900A64BD->9bf35ae9-4da0-4371-87fa-54ea3ce1f280: receive RaftClientReply:client-0F1B900A64BD->9bf35ae9-4da0-4371-87fa-54ea3ce1f280@group-432E83AF5B55, cid=3587, SUCCESS, logIndex=0, commits[9bf35ae9-4da0-4371-87fa-54ea3ce1f280:c5400, 0cc34542-3a00-466e-ae84-194b84d3af7b:c5398, d451d94d-57a0-4545-b387-d428f64e3f33:c5398]
2019-07-09 16:26:21,148 INFO  client.GrpcClientProtocolClient (GrpcClientProtocolClient.java:onNext(255)) - client-0F1B900A64BD->9bf35ae9-4da0-4371-87fa-54ea3ce1f280: receive RaftClientReply:client-0F1B900A64BD->9bf35ae9-4da0-4371-87fa-54ea3ce1f280@group-432E83AF5B55, cid=3588, SUCCESS, logIndex=5401, commits[9bf35ae9-4da0-4371-87fa-54ea3ce1f280:c5402, 0cc34542-3a00-466e-ae84-194b84d3af7b:c5400, d451d94d-57a0-4545-b387-d428f64e3f33:c5400]
2019-07-09 16:26:21,149 INFO  client.GrpcClientProtocolClient (GrpcClientProtocolClient.java:onNext(255)) - client-0F1B900A64BD->9bf35ae9-4da0-4371-87fa-54ea3ce1f280: receive RaftClientReply:client-0F1B900A64BD->9bf35ae9-4da0-4371-87fa-54ea3ce1f280@group-432E83AF5B55, cid=3589, SUCCESS, logIndex=5402, commits[9bf35ae9-4da0-4371-87fa-54ea3ce1f280:c5404, 0cc34542-3a00-466e-ae84-194b84d3af7b:c5400, d451d94d-57a0-4545-b387-d428f64e3f33:c5400]
2019-07-09 16:26:21,150 INFO  client.GrpcClientProtocolClient (GrpcClientProtocolClient.java:onNext(255)) - client-0F1B900A64BD->9bf35ae9-4da0-4371-87fa-54ea3ce1f280: receive RaftClientReply:client-0F1B900A64BD->9bf35ae9-4da0-4371-87fa-54ea3ce1f280@group-432E83AF5B55, cid=3590, SUCCESS, logIndex=5403, commits[9bf35ae9-4da0-4371-87fa-54ea3ce1f280:c5404, 0cc34542-3a00-466e-ae84-194b84d3af7b:c5400, d451d94d-57a0-4545-b387-d428f64e3f33:c5400]
2019-07-09 16:26:21,150 INFO  client.GrpcClientProtocolClient (GrpcClientProtocolClient.java:onNext(255)) - client-0F1B900A64BD->9bf35ae9-4da0-4371-87fa-54ea3ce1f280: receive RaftClientReply:client-0F1B900A64BD->9bf35ae9-4da0-4371-87fa-54ea3ce1f280@group-432E83AF5B55, cid=3591, SUCCESS, logIndex=5404, commits[9bf35ae9-4da0-4371-87fa-54ea3ce1f280:c5405, 0cc34542-3a00-466e-ae84-194b84d3af7b:c5400, d451d94d-57a0-4545-b387-d428f64e3f33:c5401]
2019-07-09 16:26:21,151 INFO  client.GrpcClientProtocolClient (GrpcClientProtocolClient.java:onNext(255)) - client-0F1B900A64BD->9bf35ae9-4da0-4371-87fa-54ea3ce1f280: receive RaftClientReply:client-0F1B900A64BD->9bf35ae9-4da0-4371-87fa-54ea3ce1f280@group-432E83AF5B55, cid=3592, SUCCESS, logIndex=0, commits[9bf35ae9-4da0-4371-87fa-54ea3ce1f280:c5407, 0cc34542-3a00-466e-ae84-194b84d3af7b:c5404, d451d94d-57a0-4545-b387-d428f64e3f33:c5404]
2019-07-09 16:26:21,171 INFO  client.GrpcClientProtocolClient (GrpcClientProtocolClient.java:onNext(255)) - client-0F1B900A64BD->9bf35ae9-4da0-4371-87fa-54ea3ce1f280: receive RaftClientReply:client-0F1B900A64BD->9bf35ae9-4da0-4371-87fa-54ea3ce1f280@group-432E83AF5B55, cid=3593, SUCCESS, logIndex=5408, commits[9bf35ae9-4da0-4371-87fa-54ea3ce1f280:c5408, 0cc34542-3a00-466e-ae84-194b84d3af7b:c5407, d451d94d-57a0-4545-b387-d428f64e3f33:c5407]
2019-07-09 16:26:21,172 INFO  client.GrpcClientProtocolClient (GrpcClientProtocolClient.java:onNext(255)) - client-0F1B900A64BD->9bf35ae9-4da0-4371-87fa-54ea3ce1f280: receive RaftClientReply:client-0F1B900A64BD->9bf35ae9-4da0-4371-87fa-54ea3ce1f280@group-432E83AF5B55, cid=3594, SUCCESS, logIndex=5409, commits[9bf35ae9-4da0-4371-87fa-54ea3ce1f280:c5409, 0cc34542-3a00-466e-ae84-194b84d3af7b:c5407, d451d94d-57a0-4545-b387-d428f64e3f33:c5407]
2019-07-09 16:26:21,185 INFO  client.GrpcClientProtocolClient (GrpcClientProtocolClient.java:onNext(255)) - client-0F1B900A64BD->9bf35ae9-4da0-4371-87fa-54ea3ce1f280: receive RaftClientReply:client-0F1B900A64BD->9bf35ae9-4da0-4371-87fa-54ea3ce1f280@group-432E83AF5B55, cid=3595, SUCCESS, logIndex=5412, commits[9bf35ae9-4da0-4371-87fa-54ea3ce1f280:c5413, 0cc34542-3a00-466e-ae84-194b84d3af7b:c5409, d451d94d-57a0-4545-b387-d428f64e3f33:c5409]
2019-07-09 16:26:21,185 INFO  client.GrpcClientProtocolClient (GrpcClientProtocolClient.java:onNext(255)) - client-0F1B900A64BD->9bf35ae9-4da0-4371-87fa-54ea3ce1f280: receive RaftClientReply:client-0F1B900A64BD->9bf35ae9-4da0-4371-87fa-54ea3ce1f280@group-432E83AF5B55, cid=3596, SUCCESS, logIndex=5413, commits[9bf35ae9-4da0-4371-87fa-54ea3ce1f280:c5413, 0cc34542-3a00-466e-ae84-194b84d3af7b:c5409, d451d94d-57a0-4545-b387-d428f64e3f33:c5409]
2019-07-09 16:26:21,197 INFO  client.GrpcClientProtocolClient (GrpcClientProtocolClient.java:onNext(255)) - client-0F1B900A64BD->9bf35ae9-4da0-4371-87fa-54ea3ce1f280: receive RaftClientReply:client-0F1B900A64BD->9bf35ae9-4da0-4371-87fa-54ea3ce1f280@group-432E83AF5B55, cid=3597, SUCCESS, logIndex=0, commits[9bf35ae9-4da0-4371-87fa-54ea3ce1f280:c5414, 0cc34542-3a00-466e-ae84-194b84d3af7b:c5413, d451d94d-57a0-4545-b387-d428f64e3f33:c5413]
2019-07-09 16:26:21,221 INFO  client.GrpcClientProtocolClient (GrpcClientProtocolClient.java:onNext(255)) - client-0F1B900A64BD->9bf35ae9-4da0-4371-87fa-54ea3ce1f280: receive RaftClientReply:client-0F1B900A64BD->9bf35ae9-4da0-4371-87fa-54ea3ce1f280@group-432E83AF5B55, cid=3598, SUCCESS, logIndex=5416, commits[9bf35ae9-4da0-4371-87fa-54ea3ce1f280:c5417, 0cc34542-3a00-466e-ae84-194b84d3af7b:c5413, d451d94d-57a0-4545-b387-d428f64e3f33:c5415]
2019-07-09 16:26:21,222 INFO  client.GrpcClientProtocolClient (GrpcClientProtocolClient.java:onNext(255)) - client-0F1B900A64BD->9bf35ae9-4da0-4371-87fa-54ea3ce1f280: receive RaftClientReply:client-0F1B900A64BD->9bf35ae9-4da0-4371-87fa-54ea3ce1f280@group-432E83AF5B55, cid=3599, SUCCESS, logIndex=5417, commits[9bf35ae9-4da0-4371-87fa-54ea3ce1f280:c5417, 0cc34542-3a00-466e-ae84-194b84d3af7b:c5413, d451d94d-57a0-4545-b387-d428f64e3f33:c5415]
2019-07-09 16:26:21,223 INFO  client.GrpcClientProtocolClient (GrpcClientProtocolClient.java:onNext(255)) - client-0F1B900A64BD->9bf35ae9-4da0-4371-87fa-54ea3ce1f280: receive RaftClientReply:client-0F1B900A64BD->9bf35ae9-4da0-4371-87fa-54ea3ce1f280@group-432E83AF5B55, cid=3600, SUCCESS, logIndex=5418, commits[9bf35ae9-4da0-4371-87fa-54ea3ce1f280:c5418, 0cc34542-3a00-466e-ae84-194b84d3af7b:c5413, d451d94d-57a0-4545-b387-d428f64e3f33:c5415]
2019-07-09 16:26:21,224 INFO  client.GrpcClientProtocolClient (GrpcClientProtocolClient.java:onNext(255)) - client-0F1B900A64BD->9bf35ae9-4da0-4371-87fa-54ea3ce1f280: receive RaftClientReply:client-0F1B900A64BD->9bf35ae9-4da0-4371-87fa-54ea3ce1f280@group-432E83AF5B55, cid=3601, SUCCESS, logIndex=5419, commits[9bf35ae9-4da0-4371-87fa-54ea3ce1f280:c5421, 0cc34542-3a00-466e-ae84-194b84d3af7b:c5415, d451d94d-57a0-4545-b387-d428f64e3f33:c5417]
2019-07-09 16:26:21,226 INFO  client.GrpcClientProtocolClient (GrpcClientProtocolClient.java:onNext(255)) - client-0F1B900A64BD->9bf35ae9-4da0-4371-87fa-54ea3ce1f280: receive RaftClientReply:client-0F1B900A64BD->9bf35ae9-4da0-4371-87fa-54ea3ce1f280@group-432E83AF5B55, cid=3602, SUCCESS, logIndex=0, commits[9bf35ae9-4da0-4371-87fa-54ea3ce1f280:c5421, 0cc34542-3a00-466e-ae84-194b84d3af7b:c5417, d451d94d-57a0-4545-b387-d428f64e3f33:c5417]
2019-07-09 16:26:21,239 INFO  client.GrpcClientProtocolClient (GrpcClientProtocolClient.java:onNext(255)) - client-0F1B900A64BD->9bf35ae9-4da0-4371-87fa-54ea3ce1f280: receive RaftClientReply:client-0F1B900A64BD->9bf35ae9-4da0-4371-87fa-54ea3ce1f280@group-432E83AF5B55, cid=3603, SUCCESS, logIndex=5424, commits[9bf35ae9-4da0-4371-87fa-54ea3ce1f280:c5425, 0cc34542-3a00-466e-ae84-194b84d3af7b:c5423, d451d94d-57a0-4545-b387-d428f64e3f33:c5423]
2019-07-09 16:26:21,240 INFO  client.GrpcClientProtocolClient (GrpcClientProtocolClient.java:onNext(255)) - client-0F1B900A64BD->9bf35ae9-4da0-4371-87fa-54ea3ce1f280: receive RaftClientReply:client-0F1B900A64BD->9bf35ae9-4da0-4371-87fa-54ea3ce1f280@group-432E83AF5B55, cid=3604, SUCCESS, logIndex=5425, commits[9bf35ae9-4da0-4371-87fa-54ea3ce1f280:c5425, 0cc34542-3a00-466e-ae84-194b84d3af7b:c5423, d451d94d-57a0-4545-b387-d428f64e3f33:c5423]
2019-07-09 16:26:21,262 INFO  client.GrpcClientProtocolClient (GrpcClientProtocolClient.java:onNext(255)) - client-0F1B900A64BD->9bf35ae9-4da0-4371-87fa-54ea3ce1f280: receive RaftClientReply:client-0F1B900A64BD->9bf35ae9-4da0-4371-87fa-54ea3ce1f280@group-432E83AF5B55, cid=3605, SUCCESS, logIndex=5428, commits[9bf35ae9-4da0-4371-87fa-54ea3ce1f280:c5429, 0cc34542-3a00-466e-ae84-194b84d3af7b:c5427, d451d94d-57a0-4545-b387-d428f64e3f33:c5427]
2019-07-09 16:26:21,262 INFO  client.GrpcClientProtocolClient (GrpcClientProtocolClient.java:onNext(255)) - client-0F1B900A64BD->9bf35ae9-4da0-4371-87fa-54ea3ce1f280: receive RaftClientReply:client-0F1B900A64BD->9bf35ae9-4da0-4371-87fa-54ea3ce1f280@group-432E83AF5B55, cid=3606, SUCCESS, logIndex=5429, commits[9bf35ae9-4da0-4371-87fa-54ea3ce1f280:c5429, 0cc34542-3a00-466e-ae84-194b84d3af7b:c5427, d451d94d-57a0-4545-b387-d428f64e3f33:c5427]
2019-07-09 16:26:21,274 INFO  client.GrpcClientProtocolClient (GrpcClientProtocolClient.java:onNext(255)) - client-0F1B900A64BD->9bf35ae9-4da0-4371-87fa-54ea3ce1f280: receive RaftClientReply:client-0F1B900A64BD->9bf35ae9-4da0-4371-87fa-54ea3ce1f280@group-432E83AF5B55, cid=3607, SUCCESS, logIndex=0, commits[9bf35ae9-4da0-4371-87fa-54ea3ce1f280:c5430, 0cc34542-3a00-466e-ae84-194b84d3af7b:c5429, d451d94d-57a0-4545-b387-d428f64e3f33:c5429]
2019-07-09 16:26:21,314 INFO  client.GrpcClientProtocolClient (GrpcClientProtocolClient.java:onNext(255)) - client-0F1B900A64BD->9bf35ae9-4da0-4371-87fa-54ea3ce1f280: receive RaftClientReply:client-0F1B900A64BD->9bf35ae9-4da0-4371-87fa-54ea3ce1f280@group-432E83AF5B55, cid=3608, SUCCESS, logIndex=5432, commits[9bf35ae9-4da0-4371-87fa-54ea3ce1f280:c5433, 0cc34542-3a00-466e-ae84-194b84d3af7b:c5431, d451d94d-57a0-4545-b387-d428f64e3f33:c5431]
2019-07-09 16:26:21,314 INFO  client.GrpcClientProtocolClient (GrpcClientProtocolClient.java:onNext(255)) - client-0F1B900A64BD->9bf35ae9-4da0-4371-87fa-54ea3ce1f280: receive RaftClientReply:client-0F1B900A64BD->9bf35ae9-4da0-4371-87fa-54ea3ce1f280@group-432E83AF5B55, cid=3609, SUCCESS, logIndex=5433, commits[9bf35ae9-4da0-4371-87fa-54ea3ce1f280:c5433, 0cc34542-3a00-466e-ae84-194b84d3af7b:c5431, d451d94d-57a0-4545-b387-d428f64e3f33:c5431]
2019-07-09 16:26:21,315 INFO  client.GrpcClientProtocolClient (GrpcClientProtocolClient.java:onNext(255)) - client-0F1B900A64BD->9bf35ae9-4da0-4371-87fa-54ea3ce1f280: receive RaftClientReply:client-0F1B900A64BD->9bf35ae9-4da0-4371-87fa-54ea3ce1f280@group-432E83AF5B55, cid=3610, SUCCESS, logIndex=5434, commits[9bf35ae9-4da0-4371-87fa-54ea3ce1f280:c5434, 0cc34542-3a00-466e-ae84-194b84d3af7b:c5431, d451d94d-57a0-4545-b387-d428f64e3f33:c5431]
2019-07-09 16:26:21,315 INFO  client.GrpcClientProtocolClient (GrpcClientProtocolClient.java:onNext(255)) - client-0F1B900A64BD->9bf35ae9-4da0-4371-87fa-54ea3ce1f280: receive RaftClientReply:client-0F1B900A64BD->9bf35ae9-4da0-4371-87fa-54ea3ce1f280@group-432E83AF5B55, cid=3611, SUCCESS, logIndex=5435, commits[9bf35ae9-4da0-4371-87fa-54ea3ce1f280:c5435, 0cc34542-3a00-466e-ae84-194b84d3af7b:c5431, d451d94d-57a0-4545-b387-d428f64e3f33:c5431]
2019-07-09 16:26:21,316 INFO  client.GrpcClientProtocolClient (GrpcClientProtocolClient.java:onNext(255)) - client-0F1B900A64BD->9bf35ae9-4da0-4371-87fa-54ea3ce1f280: receive RaftClientReply:client-0F1B900A64BD->9bf35ae9-4da0-4371-87fa-54ea3ce1f280@group-432E83AF5B55, cid=3612, SUCCESS, logIndex=0, commits[9bf35ae9-4da0-4371-87fa-54ea3ce1f280:c5437, 0cc34542-3a00-466e-ae84-194b84d3af7b:c5433, d451d94d-57a0-4545-b387-d428f64e3f33:c5433]
2019-07-09 16:26:21,337 INFO  client.GrpcClientProtocolClient (GrpcClientProtocolClient.java:onNext(255)) - client-0F1B900A64BD->9bf35ae9-4da0-4371-87fa-54ea3ce1f280: receive RaftClientReply:client-0F1B900A64BD->9bf35ae9-4da0-4371-87fa-54ea3ce1f280@group-432E83AF5B55, cid=3613, SUCCESS, logIndex=5440, commits[9bf35ae9-4da0-4371-87fa-54ea3ce1f280:c5441, 0cc34542-3a00-466e-ae84-194b84d3af7b:c5439, d451d94d-57a0-4545-b387-d428f64e3f33:c5439]
2019-07-09 16:26:21,337 INFO  client.GrpcClientProtocolClient (GrpcClientProtocolClient.java:onNext(255)) - client-0F1B900A64BD->9bf35ae9-4da0-4371-87fa-54ea3ce1f280: receive RaftClientReply:client-0F1B900A64BD->9bf35ae9-4da0-4371-87fa-54ea3ce1f280@group-432E83AF5B55, cid=3614, SUCCESS, logIndex=5441, commits[9bf35ae9-4da0-4371-87fa-54ea3ce1f280:c5441, 0cc34542-3a00-466e-ae84-194b84d3af7b:c5439, d451d94d-57a0-4545-b387-d428f64e3f33:c5439]
2019-07-09 16:26:21,350 INFO  client.GrpcClientProtocolClient (GrpcClientProtocolClient.java:onNext(255)) - client-0F1B900A64BD->9bf35ae9-4da0-4371-87fa-54ea3ce1f280: receive RaftClientReply:client-0F1B900A64BD->9bf35ae9-4da0-4371-87fa-54ea3ce1f280@group-432E83AF5B55, cid=3615, SUCCESS, logIndex=5444, commits[9bf35ae9-4da0-4371-87fa-54ea3ce1f280:c5445, 0cc34542-3a00-466e-ae84-194b84d3af7b:c5441, d451d94d-57a0-4545-b387-d428f64e3f33:c5441]
2019-07-09 16:26:21,351 INFO  client.GrpcClientProtocolClient (GrpcClientProtocolClient.java:onNext(255)) - client-0F1B900A64BD->9bf35ae9-4da0-4371-87fa-54ea3ce1f280: receive RaftClientReply:client-0F1B900A64BD->9bf35ae9-4da0-4371-87fa-54ea3ce1f280@group-432E83AF5B55, cid=3616, SUCCESS, logIndex=5445, commits[9bf35ae9-4da0-4371-87fa-54ea3ce1f280:c5445, 0cc34542-3a00-466e-ae84-194b84d3af7b:c5441, d451d94d-57a0-4545-b387-d428f64e3f33:c5441]
2019-07-09 16:26:21,362 INFO  client.GrpcClientProtocolClient (GrpcClientProtocolClient.java:onNext(255)) - client-0F1B900A64BD->9bf35ae9-4da0-4371-87fa-54ea3ce1f280: receive RaftClientReply:client-0F1B900A64BD->9bf35ae9-4da0-4371-87fa-54ea3ce1f280@group-432E83AF5B55, cid=3617, SUCCESS, logIndex=0, commits[9bf35ae9-4da0-4371-87fa-54ea3ce1f280:c5446, 0cc34542-3a00-466e-ae84-194b84d3af7b:c5445, d451d94d-57a0-4545-b387-d428f64e3f33:c5445]
2019-07-09 16:26:21,391 INFO  client.GrpcClientProtocolClient (GrpcClientProtocolClient.java:onNext(255)) - client-0F1B900A64BD->9bf35ae9-4da0-4371-87fa-54ea3ce1f280: receive RaftClientReply:client-0F1B900A64BD->9bf35ae9-4da0-4371-87fa-54ea3ce1f280@group-432E83AF5B55, cid=3618, SUCCESS, logIndex=5448, commits[9bf35ae9-4da0-4371-87fa-54ea3ce1f280:c5449, 0cc34542-3a00-466e-ae84-194b84d3af7b:c5447, d451d94d-57a0-4545-b387-d428f64e3f33:c5447]
2019-07-09 16:26:21,392 INFO  client.GrpcClientProtocolClient (GrpcClientProtocolClient.java:onNext(255)) - client-0F1B900A64BD->9bf35ae9-4da0-4371-87fa-54ea3ce1f280: receive RaftClientReply:client-0F1B900A64BD->9bf35ae9-4da0-4371-87fa-54ea3ce1f280@group-432E83AF5B55, cid=3619, SUCCESS, logIndex=5449, commits[9bf35ae9-4da0-4371-87fa-54ea3ce1f280:c5451, 0cc34542-3a00-466e-ae84-194b84d3af7b:c5447, d451d94d-57a0-4545-b387-d428f64e3f33:c5447]
2019-07-09 16:26:21,392 INFO  client.GrpcClientProtocolClient (GrpcClientProtocolClient.java:onNext(255)) - client-0F1B900A64BD->9bf35ae9-4da0-4371-87fa-54ea3ce1f280: receive RaftClientReply:client-0F1B900A64BD->9bf35ae9-4da0-4371-87fa-54ea3ce1f280@group-432E83AF5B55, cid=3620, SUCCESS, logIndex=5450, commits[9bf35ae9-4da0-4371-87fa-54ea3ce1f280:c5451, 0cc34542-3a00-466e-ae84-194b84d3af7b:c5447, d451d94d-57a0-4545-b387-d428f64e3f33:c5447]
2019-07-09 16:26:21,392 INFO  client.GrpcClientProtocolClient (GrpcClientProtocolClient.java:onNext(255)) - client-0F1B900A64BD->9bf35ae9-4da0-4371-87fa-54ea3ce1f280: receive RaftClientReply:client-0F1B900A64BD->9bf35ae9-4da0-4371-87fa-54ea3ce1f280@group-432E83AF5B55, cid=3621, SUCCESS, logIndex=5451, commits[9bf35ae9-4da0-4371-87fa-54ea3ce1f280:c5451, 0cc34542-3a00-466e-ae84-194b84d3af7b:c5447, d451d94d-57a0-4545-b387-d428f64e3f33:c5447]
2019-07-09 16:26:21,394 INFO  client.GrpcClientProtocolClient (GrpcClientProtocolClient.java:onNext(255)) - client-0F1B900A64BD->9bf35ae9-4da0-4371-87fa-54ea3ce1f280: receive RaftClientReply:client-0F1B900A64BD->9bf35ae9-4da0-4371-87fa-54ea3ce1f280@group-432E83AF5B55, cid=3622, SUCCESS, logIndex=0, commits[9bf35ae9-4da0-4371-87fa-54ea3ce1f280:c5454, 0cc34542-3a00-466e-ae84-194b84d3af7b:c5451, d451d94d-57a0-4545-b387-d428f64e3f33:c5449]
2019-07-09 16:26:21,412 INFO  client.GrpcClientProtocolClient (GrpcClientProtocolClient.java:onNext(255)) - client-0F1B900A64BD->9bf35ae9-4da0-4371-87fa-54ea3ce1f280: receive RaftClientReply:client-0F1B900A64BD->9bf35ae9-4da0-4371-87fa-54ea3ce1f280@group-432E83AF5B55, cid=3623, SUCCESS, logIndex=5455, commits[9bf35ae9-4da0-4371-87fa-54ea3ce1f280:c5456, 0cc34542-3a00-466e-ae84-194b84d3af7b:c5454, d451d94d-57a0-4545-b387-d428f64e3f33:c5454]
2019-07-09 16:26:21,413 INFO  client.GrpcClientProtocolClient (GrpcClientProtocolClient.java:onNext(255)) - client-0F1B900A64BD->9bf35ae9-4da0-4371-87fa-54ea3ce1f280: receive RaftClientReply:client-0F1B900A64BD->9bf35ae9-4da0-4371-87fa-54ea3ce1f280@group-432E83AF5B55, cid=3624, SUCCESS, logIndex=5456, commits[9bf35ae9-4da0-4371-87fa-54ea3ce1f280:c5456, 0cc34542-3a00-466e-ae84-194b84d3af7b:c5454, d451d94d-57a0-4545-b387-d428f64e3f33:c5454]
2019-07-09 16:26:21,425 INFO  client.GrpcClientProtocolClient (GrpcClientProtocolClient.java:onNext(255)) - client-0F1B900A64BD->9bf35ae9-4da0-4371-87fa-54ea3ce1f280: receive RaftClientReply:client-0F1B900A64BD->9bf35ae9-4da0-4371-87fa-54ea3ce1f280@group-432E83AF5B55, cid=3625, SUCCESS, logIndex=5459, commits[9bf35ae9-4da0-4371-87fa-54ea3ce1f280:c5460, 0cc34542-3a00-466e-ae84-194b84d3af7b:c5456, d451d94d-57a0-4545-b387-d428f64e3f33:c5456]
2019-07-09 16:26:21,426 INFO  client.GrpcClientProtocolClient (GrpcClientProtocolClient.java:onNext(255)) - client-0F1B900A64BD->9bf35ae9-4da0-4371-87fa-54ea3ce1f280: receive RaftClientReply:client-0F1B900A64BD->9bf35ae9-4da0-4371-87fa-54ea3ce1f280@group-432E83AF5B55, cid=3626, SUCCESS, logIndex=5460, commits[9bf35ae9-4da0-4371-87fa-54ea3ce1f280:c5460, 0cc34542-3a00-466e-ae84-194b84d3af7b:c5456, d451d94d-57a0-4545-b387-d428f64e3f33:c5456]
2019-07-09 16:26:21,438 INFO  client.GrpcClientProtocolClient (GrpcClientProtocolClient.java:onNext(255)) - client-0F1B900A64BD->9bf35ae9-4da0-4371-87fa-54ea3ce1f280: receive RaftClientReply:client-0F1B900A64BD->9bf35ae9-4da0-4371-87fa-54ea3ce1f280@group-432E83AF5B55, cid=3627, SUCCESS, logIndex=0, commits[9bf35ae9-4da0-4371-87fa-54ea3ce1f280:c5461, 0cc34542-3a00-466e-ae84-194b84d3af7b:c5460, d451d94d-57a0-4545-b387-d428f64e3f33:c5460]
2019-07-09 16:26:21,474 INFO  client.GrpcClientProtocolClient (GrpcClientProtocolClient.java:onNext(255)) - client-0F1B900A64BD->9bf35ae9-4da0-4371-87fa-54ea3ce1f280: receive RaftClientReply:client-0F1B900A64BD->9bf35ae9-4da0-4371-87fa-54ea3ce1f280@group-432E83AF5B55, cid=3628, SUCCESS, logIndex=5463, commits[9bf35ae9-4da0-4371-87fa-54ea3ce1f280:c5464, 0cc34542-3a00-466e-ae84-194b84d3af7b:c5462, d451d94d-57a0-4545-b387-d428f64e3f33:c5462]
2019-07-09 16:26:21,474 INFO  client.GrpcClientProtocolClient (GrpcClientProtocolClient.java:onNext(255)) - client-0F1B900A64BD->9bf35ae9-4da0-4371-87fa-54ea3ce1f280: receive RaftClientReply:client-0F1B900A64BD->9bf35ae9-4da0-4371-87fa-54ea3ce1f280@group-432E83AF5B55, cid=3629, SUCCESS, logIndex=5464, commits[9bf35ae9-4da0-4371-87fa-54ea3ce1f280:c5466, 0cc34542-3a00-466e-ae84-194b84d3af7b:c5462, d451d94d-57a0-4545-b387-d428f64e3f33:c5462]
2019-07-09 16:26:21,475 INFO  client.GrpcClientProtocolClient (GrpcClientProtocolClient.java:onNext(255)) - client-0F1B900A64BD->9bf35ae9-4da0-4371-87fa-54ea3ce1f280: receive RaftClientReply:client-0F1B900A64BD->9bf35ae9-4da0-4371-87fa-54ea3ce1f280@group-432E83AF5B55, cid=3630, SUCCESS, logIndex=5465, commits[9bf35ae9-4da0-4371-87fa-54ea3ce1f280:c5466, 0cc34542-3a00-466e-ae84-194b84d3af7b:c5462, d451d94d-57a0-4545-b387-d428f64e3f33:c5462]
2019-07-09 16:26:21,475 INFO  client.GrpcClientProtocolClient (GrpcClientProtocolClient.java:onNext(255)) - client-0F1B900A64BD->9bf35ae9-4da0-4371-87fa-54ea3ce1f280: receive RaftClientReply:client-0F1B900A64BD->9bf35ae9-4da0-4371-87fa-54ea3ce1f280@group-432E83AF5B55, cid=3631, SUCCESS, logIndex=5466, commits[9bf35ae9-4da0-4371-87fa-54ea3ce1f280:c5466, 0cc34542-3a00-466e-ae84-194b84d3af7b:c5462, d451d94d-57a0-4545-b387-d428f64e3f33:c5462]
2019-07-09 16:26:21,476 INFO  client.GrpcClientProtocolClient (GrpcClientProtocolClient.java:onNext(255)) - client-0F1B900A64BD->9bf35ae9-4da0-4371-87fa-54ea3ce1f280: receive RaftClientReply:client-0F1B900A64BD->9bf35ae9-4da0-4371-87fa-54ea3ce1f280@group-432E83AF5B55, cid=3632, SUCCESS, logIndex=0, commits[9bf35ae9-4da0-4371-87fa-54ea3ce1f280:c5469, 0cc34542-3a00-466e-ae84-194b84d3af7b:c5464, d451d94d-57a0-4545-b387-d428f64e3f33:c5466]
2019-07-09 16:26:21,496 INFO  client.GrpcClientProtocolClient (GrpcClientProtocolClient.java:onNext(255)) - client-0F1B900A64BD->9bf35ae9-4da0-4371-87fa-54ea3ce1f280: receive RaftClientReply:client-0F1B900A64BD->9bf35ae9-4da0-4371-87fa-54ea3ce1f280@group-432E83AF5B55, cid=3633, SUCCESS, logIndex=5470, commits[9bf35ae9-4da0-4371-87fa-54ea3ce1f280:c5471, 0cc34542-3a00-466e-ae84-194b84d3af7b:c5469, d451d94d-57a0-4545-b387-d428f64e3f33:c5469]
2019-07-09 16:26:21,497 INFO  client.GrpcClientProtocolClient (GrpcClientProtocolClient.java:onNext(255)) - client-0F1B900A64BD->9bf35ae9-4da0-4371-87fa-54ea3ce1f280: receive RaftClientReply:client-0F1B900A64BD->9bf35ae9-4da0-4371-87fa-54ea3ce1f280@group-432E83AF5B55, cid=3634, SUCCESS, logIndex=5471, commits[9bf35ae9-4da0-4371-87fa-54ea3ce1f280:c5471, 0cc34542-3a00-466e-ae84-194b84d3af7b:c5469, d451d94d-57a0-4545-b387-d428f64e3f33:c5469]
2019-07-09 16:26:21,635 INFO  client.GrpcClientProtocolClient (GrpcClientProtocolClient.java:onNext(255)) - client-0F1B900A64BD->9bf35ae9-4da0-4371-87fa-54ea3ce1f280: receive RaftClientReply:client-0F1B900A64BD->9bf35ae9-4da0-4371-87fa-54ea3ce1f280@group-432E83AF5B55, cid=3635, SUCCESS, logIndex=5474, commits[9bf35ae9-4da0-4371-87fa-54ea3ce1f280:c5475, 0cc34542-3a00-466e-ae84-194b84d3af7b:c5471, d451d94d-57a0-4545-b387-d428f64e3f33:c5471]
2019-07-09 16:26:21,635 INFO  client.GrpcClientProtocolClient (GrpcClientProtocolClient.java:onNext(255)) - client-0F1B900A64BD->9bf35ae9-4da0-4371-87fa-54ea3ce1f280: receive RaftClientReply:client-0F1B900A64BD->9bf35ae9-4da0-4371-87fa-54ea3ce1f280@group-432E83AF5B55, cid=3636, SUCCESS, logIndex=5475, commits[9bf35ae9-4da0-4371-87fa-54ea3ce1f280:c5475, 0cc34542-3a00-466e-ae84-194b84d3af7b:c5471, d451d94d-57a0-4545-b387-d428f64e3f33:c5471]
2019-07-09 16:26:21,638 INFO  client.GrpcClientProtocolClient (GrpcClientProtocolClient.java:onNext(255)) - client-0F1B900A64BD->9bf35ae9-4da0-4371-87fa-54ea3ce1f280: receive RaftClientReply:client-0F1B900A64BD->9bf35ae9-4da0-4371-87fa-54ea3ce1f280@group-432E83AF5B55, cid=3637, SUCCESS, logIndex=0, commits[9bf35ae9-4da0-4371-87fa-54ea3ce1f280:c5477, 0cc34542-3a00-466e-ae84-194b84d3af7b:c5475, d451d94d-57a0-4545-b387-d428f64e3f33:c5475]
2019-07-09 16:26:21,678 INFO  client.GrpcClientProtocolClient (GrpcClientProtocolClient.java:onNext(255)) - client-0F1B900A64BD->9bf35ae9-4da0-4371-87fa-54ea3ce1f280: receive RaftClientReply:client-0F1B900A64BD->9bf35ae9-4da0-4371-87fa-54ea3ce1f280@group-432E83AF5B55, cid=3638, SUCCESS, logIndex=5478, commits[9bf35ae9-4da0-4371-87fa-54ea3ce1f280:c5479, 0cc34542-3a00-466e-ae84-194b84d3af7b:c5477, d451d94d-57a0-4545-b387-d428f64e3f33:c5477]
2019-07-09 16:26:21,678 INFO  client.GrpcClientProtocolClient (GrpcClientProtocolClient.java:onNext(255)) - client-0F1B900A64BD->9bf35ae9-4da0-4371-87fa-54ea3ce1f280: receive RaftClientReply:client-0F1B900A64BD->9bf35ae9-4da0-4371-87fa-54ea3ce1f280@group-432E83AF5B55, cid=3639, SUCCESS, logIndex=5479, commits[9bf35ae9-4da0-4371-87fa-54ea3ce1f280:c5479, 0cc34542-3a00-466e-ae84-194b84d3af7b:c5477, d451d94d-57a0-4545-b387-d428f64e3f33:c5477]
2019-07-09 16:26:21,679 INFO  client.GrpcClientProtocolClient (GrpcClientProtocolClient.java:onNext(255)) - client-0F1B900A64BD->9bf35ae9-4da0-4371-87fa-54ea3ce1f280: receive RaftClientReply:client-0F1B900A64BD->9bf35ae9-4da0-4371-87fa-54ea3ce1f280@group-432E83AF5B55, cid=3640, SUCCESS, logIndex=5480, commits[9bf35ae9-4da0-4371-87fa-54ea3ce1f280:c5480, 0cc34542-3a00-466e-ae84-194b84d3af7b:c5477, d451d94d-57a0-4545-b387-d428f64e3f33:c5477]
2019-07-09 16:26:21,679 INFO  client.GrpcClientProtocolClient (GrpcClientProtocolClient.java:onNext(255)) - client-0F1B900A64BD->9bf35ae9-4da0-4371-87fa-54ea3ce1f280: receive RaftClientReply:client-0F1B900A64BD->9bf35ae9-4da0-4371-87fa-54ea3ce1f280@group-432E83AF5B55, cid=3641, SUCCESS, logIndex=5481, commits[9bf35ae9-4da0-4371-87fa-54ea3ce1f280:c5481, 0cc34542-3a00-466e-ae84-194b84d3af7b:c5477, d451d94d-57a0-4545-b387-d428f64e3f33:c5477]
2019-07-09 16:26:21,680 INFO  client.GrpcClientProtocolClient (GrpcClientProtocolClient.java:onNext(255)) - client-0F1B900A64BD->9bf35ae9-4da0-4371-87fa-54ea3ce1f280: receive RaftClientReply:client-0F1B900A64BD->9bf35ae9-4da0-4371-87fa-54ea3ce1f280@group-432E83AF5B55, cid=3642, SUCCESS, logIndex=0, commits[9bf35ae9-4da0-4371-87fa-54ea3ce1f280:c5483, 0cc34542-3a00-466e-ae84-194b84d3af7b:c5479, d451d94d-57a0-4545-b387-d428f64e3f33:c5479]
2019-07-09 16:26:21,695 INFO  client.GrpcClientProtocolClient (GrpcClientProtocolClient.java:onNext(255)) - client-0F1B900A64BD->9bf35ae9-4da0-4371-87fa-54ea3ce1f280: receive RaftClientReply:client-0F1B900A64BD->9bf35ae9-4da0-4371-87fa-54ea3ce1f280@group-432E83AF5B55, cid=3643, SUCCESS, logIndex=5486, commits[9bf35ae9-4da0-4371-87fa-54ea3ce1f280:c5487, 0cc34542-3a00-466e-ae84-194b84d3af7b:c5481, d451d94d-57a0-4545-b387-d428f64e3f33:c5484]
2019-07-09 16:26:21,695 INFO  client.GrpcClientProtocolClient (GrpcClientProtocolClient.java:onNext(255)) - client-0F1B900A64BD->9bf35ae9-4da0-4371-87fa-54ea3ce1f280: receive RaftClientReply:client-0F1B900A64BD->9bf35ae9-4da0-4371-87fa-54ea3ce1f280@group-432E83AF5B55, cid=3644, SUCCESS, logIndex=5487, commits[9bf35ae9-4da0-4371-87fa-54ea3ce1f280:c5487, 0cc34542-3a00-466e-ae84-194b84d3af7b:c5484, d451d94d-57a0-4545-b387-d428f64e3f33:c5484]
2019-07-09 16:26:21,717 INFO  client.GrpcClientProtocolClient (GrpcClientProtocolClient.java:onNext(255)) - client-0F1B900A64BD->9bf35ae9-4da0-4371-87fa-54ea3ce1f280: receive RaftClientReply:client-0F1B900A64BD->9bf35ae9-4da0-4371-87fa-54ea3ce1f280@group-432E83AF5B55, cid=3645, SUCCESS, logIndex=5490, commits[9bf35ae9-4da0-4371-87fa-54ea3ce1f280:c5491, 0cc34542-3a00-466e-ae84-194b84d3af7b:c5489, d451d94d-57a0-4545-b387-d428f64e3f33:c5489]
2019-07-09 16:26:21,717 INFO  client.GrpcClientProtocolClient (GrpcClientProtocolClient.java:onNext(255)) - client-0F1B900A64BD->9bf35ae9-4da0-4371-87fa-54ea3ce1f280: receive RaftClientReply:client-0F1B900A64BD->9bf35ae9-4da0-4371-87fa-54ea3ce1f280@group-432E83AF5B55, cid=3646, SUCCESS, logIndex=5491, commits[9bf35ae9-4da0-4371-87fa-54ea3ce1f280:c5491, 0cc34542-3a00-466e-ae84-194b84d3af7b:c5489, d451d94d-57a0-4545-b387-d428f64e3f33:c5489]
2019-07-09 16:26:21,729 INFO  client.GrpcClientProtocolClient (GrpcClientProtocolClient.java:onNext(255)) - client-0F1B900A64BD->9bf35ae9-4da0-4371-87fa-54ea3ce1f280: receive RaftClientReply:client-0F1B900A64BD->9bf35ae9-4da0-4371-87fa-54ea3ce1f280@group-432E83AF5B55, cid=3647, SUCCESS, logIndex=0, commits[9bf35ae9-4da0-4371-87fa-54ea3ce1f280:c5493, 0cc34542-3a00-466e-ae84-194b84d3af7b:c5491, d451d94d-57a0-4545-b387-d428f64e3f33:c5491]
2019-07-09 16:26:21,767 INFO  client.GrpcClientProtocolClient (GrpcClientProtocolClient.java:onNext(255)) - client-0F1B900A64BD->9bf35ae9-4da0-4371-87fa-54ea3ce1f280: receive RaftClientReply:client-0F1B900A64BD->9bf35ae9-4da0-4371-87fa-54ea3ce1f280@group-432E83AF5B55, cid=3648, SUCCESS, logIndex=5494, commits[9bf35ae9-4da0-4371-87fa-54ea3ce1f280:c5496, 0cc34542-3a00-466e-ae84-194b84d3af7b:c5493, d451d94d-57a0-4545-b387-d428f64e3f33:c5493]
2019-07-09 16:26:21,768 INFO  client.GrpcClientProtocolClient (GrpcClientProtocolClient.java:onNext(255)) - client-0F1B900A64BD->9bf35ae9-4da0-4371-87fa-54ea3ce1f280: receive RaftClientReply:client-0F1B900A64BD->9bf35ae9-4da0-4371-87fa-54ea3ce1f280@group-432E83AF5B55, cid=3649, SUCCESS, logIndex=5495, commits[9bf35ae9-4da0-4371-87fa-54ea3ce1f280:c5497, 0cc34542-3a00-466e-ae84-194b84d3af7b:c5493, d451d94d-57a0-4545-b387-d428f64e3f33:c5493]
2019-07-09 16:26:21,768 INFO  client.GrpcClientProtocolClient (GrpcClientProtocolClient.java:onNext(255)) - client-0F1B900A64BD->9bf35ae9-4da0-4371-87fa-54ea3ce1f280: receive RaftClientReply:client-0F1B900A64BD->9bf35ae9-4da0-4371-87fa-54ea3ce1f280@group-432E83AF5B55, cid=3650, SUCCESS, logIndex=5496, commits[9bf35ae9-4da0-4371-87fa-54ea3ce1f280:c5497, 0cc34542-3a00-466e-ae84-194b84d3af7b:c5493, d451d94d-57a0-4545-b387-d428f64e3f33:c5493]
2019-07-09 16:26:21,768 INFO  client.GrpcClientProtocolClient (GrpcClientProtocolClient.java:onNext(255)) - client-0F1B900A64BD->9bf35ae9-4da0-4371-87fa-54ea3ce1f280: receive RaftClientReply:client-0F1B900A64BD->9bf35ae9-4da0-4371-87fa-54ea3ce1f280@group-432E83AF5B55, cid=3651, SUCCESS, logIndex=5497, commits[9bf35ae9-4da0-4371-87fa-54ea3ce1f280:c5497, 0cc34542-3a00-466e-ae84-194b84d3af7b:c5493, d451d94d-57a0-4545-b387-d428f64e3f33:c5493]
2019-07-09 16:26:21,779 INFO  client.GrpcClientProtocolClient (GrpcClientProtocolClient.java:onNext(255)) - client-0F1B900A64BD->9bf35ae9-4da0-4371-87fa-54ea3ce1f280: receive RaftClientReply:client-0F1B900A64BD->9bf35ae9-4da0-4371-87fa-54ea3ce1f280@group-432E83AF5B55, cid=3652, SUCCESS, logIndex=0, commits[9bf35ae9-4da0-4371-87fa-54ea3ce1f280:c5499, 0cc34542-3a00-466e-ae84-194b84d3af7b:c5496, d451d94d-57a0-4545-b387-d428f64e3f33:c5496]
2019-07-09 16:26:21,800 INFO  client.GrpcClientProtocolClient (GrpcClientProtocolClient.java:onNext(255)) - client-0F1B900A64BD->9bf35ae9-4da0-4371-87fa-54ea3ce1f280: receive RaftClientReply:client-0F1B900A64BD->9bf35ae9-4da0-4371-87fa-54ea3ce1f280@group-432E83AF5B55, cid=3653, SUCCESS, logIndex=5502, commits[9bf35ae9-4da0-4371-87fa-54ea3ce1f280:c5503, 0cc34542-3a00-466e-ae84-194b84d3af7b:c5501, d451d94d-57a0-4545-b387-d428f64e3f33:c5501]
2019-07-09 16:26:21,800 INFO  client.GrpcClientProtocolClient (GrpcClientProtocolClient.java:onNext(255)) - client-0F1B900A64BD->9bf35ae9-4da0-4371-87fa-54ea3ce1f280: receive RaftClientReply:client-0F1B900A64BD->9bf35ae9-4da0-4371-87fa-54ea3ce1f280@group-432E83AF5B55, cid=3654, SUCCESS, logIndex=5503, commits[9bf35ae9-4da0-4371-87fa-54ea3ce1f280:c5503, 0cc34542-3a00-466e-ae84-194b84d3af7b:c5501, d451d94d-57a0-4545-b387-d428f64e3f33:c5501]
2019-07-09 16:26:21,813 INFO  client.GrpcClientProtocolClient (GrpcClientProtocolClient.java:onNext(255)) - client-0F1B900A64BD->9bf35ae9-4da0-4371-87fa-54ea3ce1f280: receive RaftClientReply:client-0F1B900A64BD->9bf35ae9-4da0-4371-87fa-54ea3ce1f280@group-432E83AF5B55, cid=3655, SUCCESS, logIndex=5506, commits[9bf35ae9-4da0-4371-87fa-54ea3ce1f280:c5506, 0cc34542-3a00-466e-ae84-194b84d3af7b:c5503, d451d94d-57a0-4545-b387-d428f64e3f33:c5503]
2019-07-09 16:26:21,814 INFO  client.GrpcClientProtocolClient (GrpcClientProtocolClient.java:onNext(255)) - client-0F1B900A64BD->9bf35ae9-4da0-4371-87fa-54ea3ce1f280: receive RaftClientReply:client-0F1B900A64BD->9bf35ae9-4da0-4371-87fa-54ea3ce1f280@group-432E83AF5B55, cid=3656, SUCCESS, logIndex=5507, commits[9bf35ae9-4da0-4371-87fa-54ea3ce1f280:c5507, 0cc34542-3a00-466e-ae84-194b84d3af7b:c5503, d451d94d-57a0-4545-b387-d428f64e3f33:c5503]
2019-07-09 16:26:21,827 INFO  client.GrpcClientProtocolClient (GrpcClientProtocolClient.java:onNext(255)) - client-0F1B900A64BD->9bf35ae9-4da0-4371-87fa-54ea3ce1f280: receive RaftClientReply:client-0F1B900A64BD->9bf35ae9-4da0-4371-87fa-54ea3ce1f280@group-432E83AF5B55, cid=3657, SUCCESS, logIndex=0, commits[9bf35ae9-4da0-4371-87fa-54ea3ce1f280:c5509, 0cc34542-3a00-466e-ae84-194b84d3af7b:c5507, d451d94d-57a0-4545-b387-d428f64e3f33:c5507]
2019-07-09 16:26:21,861 INFO  client.GrpcClientProtocolClient (GrpcClientProtocolClient.java:onNext(255)) - client-0F1B900A64BD->9bf35ae9-4da0-4371-87fa-54ea3ce1f280: receive RaftClientReply:client-0F1B900A64BD->9bf35ae9-4da0-4371-87fa-54ea3ce1f280@group-432E83AF5B55, cid=3658, SUCCESS, logIndex=5510, commits[9bf35ae9-4da0-4371-87fa-54ea3ce1f280:c5512, 0cc34542-3a00-466e-ae84-194b84d3af7b:c5509, d451d94d-57a0-4545-b387-d428f64e3f33:c5509]
2019-07-09 16:26:21,862 INFO  client.GrpcClientProtocolClient (GrpcClientProtocolClient.java:onNext(255)) - client-0F1B900A64BD->9bf35ae9-4da0-4371-87fa-54ea3ce1f280: receive RaftClientReply:client-0F1B900A64BD->9bf35ae9-4da0-4371-87fa-54ea3ce1f280@group-432E83AF5B55, cid=3659, SUCCESS, logIndex=5511, commits[9bf35ae9-4da0-4371-87fa-54ea3ce1f280:c5513, 0cc34542-3a00-466e-ae84-194b84d3af7b:c5509, d451d94d-57a0-4545-b387-d428f64e3f33:c5509]
2019-07-09 16:26:21,863 INFO  client.GrpcClientProtocolClient (GrpcClientProtocolClient.java:onNext(255)) - client-0F1B900A64BD->9bf35ae9-4da0-4371-87fa-54ea3ce1f280: receive RaftClientReply:client-0F1B900A64BD->9bf35ae9-4da0-4371-87fa-54ea3ce1f280@group-432E83AF5B55, cid=3660, SUCCESS, logIndex=5512, commits[9bf35ae9-4da0-4371-87fa-54ea3ce1f280:c5513, 0cc34542-3a00-466e-ae84-194b84d3af7b:c5509, d451d94d-57a0-4545-b387-d428f64e3f33:c5509]
2019-07-09 16:26:21,863 INFO  client.GrpcClientProtocolClient (GrpcClientProtocolClient.java:onNext(255)) - client-0F1B900A64BD->9bf35ae9-4da0-4371-87fa-54ea3ce1f280: receive RaftClientReply:client-0F1B900A64BD->9bf35ae9-4da0-4371-87fa-54ea3ce1f280@group-432E83AF5B55, cid=3661, SUCCESS, logIndex=5513, commits[9bf35ae9-4da0-4371-87fa-54ea3ce1f280:c5513, 0cc34542-3a00-466e-ae84-194b84d3af7b:c5509, d451d94d-57a0-4545-b387-d428f64e3f33:c5509]
2019-07-09 16:26:21,865 INFO  client.GrpcClientProtocolClient (GrpcClientProtocolClient.java:onNext(255)) - client-0F1B900A64BD->9bf35ae9-4da0-4371-87fa-54ea3ce1f280: receive RaftClientReply:client-0F1B900A64BD->9bf35ae9-4da0-4371-87fa-54ea3ce1f280@group-432E83AF5B55, cid=3662, SUCCESS, logIndex=0, commits[9bf35ae9-4da0-4371-87fa-54ea3ce1f280:c5517, 0cc34542-3a00-466e-ae84-194b84d3af7b:c5513, d451d94d-57a0-4545-b387-d428f64e3f33:c5512]
2019-07-09 16:26:21,885 INFO  client.GrpcClientProtocolClient (GrpcClientProtocolClient.java:onNext(255)) - client-0F1B900A64BD->9bf35ae9-4da0-4371-87fa-54ea3ce1f280: receive RaftClientReply:client-0F1B900A64BD->9bf35ae9-4da0-4371-87fa-54ea3ce1f280@group-432E83AF5B55, cid=3663, SUCCESS, logIndex=5518, commits[9bf35ae9-4da0-4371-87fa-54ea3ce1f280:c5519, 0cc34542-3a00-466e-ae84-194b84d3af7b:c5517, d451d94d-57a0-4545-b387-d428f64e3f33:c5517]
2019-07-09 16:26:21,885 INFO  client.GrpcClientProtocolClient (GrpcClientProtocolClient.java:onNext(255)) - client-0F1B900A64BD->9bf35ae9-4da0-4371-87fa-54ea3ce1f280: receive RaftClientReply:client-0F1B900A64BD->9bf35ae9-4da0-4371-87fa-54ea3ce1f280@group-432E83AF5B55, cid=3664, SUCCESS, logIndex=5519, commits[9bf35ae9-4da0-4371-87fa-54ea3ce1f280:c5519, 0cc34542-3a00-466e-ae84-194b84d3af7b:c5517, d451d94d-57a0-4545-b387-d428f64e3f33:c5517]
2019-07-09 16:26:21,898 INFO  client.GrpcClientProtocolClient (GrpcClientProtocolClient.java:onNext(255)) - client-0F1B900A64BD->9bf35ae9-4da0-4371-87fa-54ea3ce1f280: receive RaftClientReply:client-0F1B900A64BD->9bf35ae9-4da0-4371-87fa-54ea3ce1f280@group-432E83AF5B55, cid=3665, SUCCESS, logIndex=5522, commits[9bf35ae9-4da0-4371-87fa-54ea3ce1f280:c5523, 0cc34542-3a00-466e-ae84-194b84d3af7b:c5519, d451d94d-57a0-4545-b387-d428f64e3f33:c5519]
2019-07-09 16:26:21,899 INFO  client.GrpcClientProtocolClient (GrpcClientProtocolClient.java:onNext(255)) - client-0F1B900A64BD->9bf35ae9-4da0-4371-87fa-54ea3ce1f280: receive RaftClientReply:client-0F1B900A64BD->9bf35ae9-4da0-4371-87fa-54ea3ce1f280@group-432E83AF5B55, cid=3666, SUCCESS, logIndex=5523, commits[9bf35ae9-4da0-4371-87fa-54ea3ce1f280:c5523, 0cc34542-3a00-466e-ae84-194b84d3af7b:c5519, d451d94d-57a0-4545-b387-d428f64e3f33:c5519]
2019-07-09 16:26:21,911 INFO  client.GrpcClientProtocolClient (GrpcClientProtocolClient.java:onNext(255)) - client-0F1B900A64BD->9bf35ae9-4da0-4371-87fa-54ea3ce1f280: receive RaftClientReply:client-0F1B900A64BD->9bf35ae9-4da0-4371-87fa-54ea3ce1f280@group-432E83AF5B55, cid=3667, SUCCESS, logIndex=0, commits[9bf35ae9-4da0-4371-87fa-54ea3ce1f280:c5524, 0cc34542-3a00-466e-ae84-194b84d3af7b:c5523, d451d94d-57a0-4545-b387-d428f64e3f33:c5523]
2019-07-09 16:26:21,945 INFO  client.GrpcClientProtocolClient (GrpcClientProtocolClient.java:onNext(255)) - client-0F1B900A64BD->9bf35ae9-4da0-4371-87fa-54ea3ce1f280: receive RaftClientReply:client-0F1B900A64BD->9bf35ae9-4da0-4371-87fa-54ea3ce1f280@group-432E83AF5B55, cid=3668, SUCCESS, logIndex=5526, commits[9bf35ae9-4da0-4371-87fa-54ea3ce1f280:c5527, 0cc34542-3a00-466e-ae84-194b84d3af7b:c5525, d451d94d-57a0-4545-b387-d428f64e3f33:c5525]
2019-07-09 16:26:21,945 INFO  client.GrpcClientProtocolClient (GrpcClientProtocolClient.java:onNext(255)) - client-0F1B900A64BD->9bf35ae9-4da0-4371-87fa-54ea3ce1f280: receive RaftClientReply:client-0F1B900A64BD->9bf35ae9-4da0-4371-87fa-54ea3ce1f280@group-432E83AF5B55, cid=3669, SUCCESS, logIndex=5527, commits[9bf35ae9-4da0-4371-87fa-54ea3ce1f280:c5527, 0cc34542-3a00-466e-ae84-194b84d3af7b:c5525, d451d94d-57a0-4545-b387-d428f64e3f33:c5525]
2019-07-09 16:26:21,946 INFO  client.GrpcClientProtocolClient (GrpcClientProtocolClient.java:onNext(255)) - client-0F1B900A64BD->9bf35ae9-4da0-4371-87fa-54ea3ce1f280: receive RaftClientReply:client-0F1B900A64BD->9bf35ae9-4da0-4371-87fa-54ea3ce1f280@group-432E83AF5B55, cid=3670, SUCCESS, logIndex=5528, commits[9bf35ae9-4da0-4371-87fa-54ea3ce1f280:c5529, 0cc34542-3a00-466e-ae84-194b84d3af7b:c5525, d451d94d-57a0-4545-b387-d428f64e3f33:c5525]
2019-07-09 16:26:21,946 INFO  client.GrpcClientProtocolClient (GrpcClientProtocolClient.java:onNext(255)) - client-0F1B900A64BD->9bf35ae9-4da0-4371-87fa-54ea3ce1f280: receive RaftClientReply:client-0F1B900A64BD->9bf35ae9-4da0-4371-87fa-54ea3ce1f280@group-432E83AF5B55, cid=3671, SUCCESS, logIndex=5529, commits[9bf35ae9-4da0-4371-87fa-54ea3ce1f280:c5529, 0cc34542-3a00-466e-ae84-194b84d3af7b:c5525, d451d94d-57a0-4545-b387-d428f64e3f33:c5525]
2019-07-09 16:26:21,947 INFO  client.GrpcClientProtocolClient (GrpcClientProtocolClient.java:onNext(255)) - client-0F1B900A64BD->9bf35ae9-4da0-4371-87fa-54ea3ce1f280: receive RaftClientReply:client-0F1B900A64BD->9bf35ae9-4da0-4371-87fa-54ea3ce1f280@group-432E83AF5B55, cid=3672, SUCCESS, logIndex=0, commits[9bf35ae9-4da0-4371-87fa-54ea3ce1f280:c5531, 0cc34542-3a00-466e-ae84-194b84d3af7b:c5527, d451d94d-57a0-4545-b387-d428f64e3f33:c5527]
2019-07-09 16:26:21,969 INFO  client.GrpcClientProtocolClient (GrpcClientProtocolClient.java:onNext(255)) - client-0F1B900A64BD->9bf35ae9-4da0-4371-87fa-54ea3ce1f280: receive RaftClientReply:client-0F1B900A64BD->9bf35ae9-4da0-4371-87fa-54ea3ce1f280@group-432E83AF5B55, cid=3673, SUCCESS, logIndex=5534, commits[9bf35ae9-4da0-4371-87fa-54ea3ce1f280:c5535, 0cc34542-3a00-466e-ae84-194b84d3af7b:c5533, d451d94d-57a0-4545-b387-d428f64e3f33:c5533]
2019-07-09 16:26:21,969 INFO  client.GrpcClientProtocolClient (GrpcClientProtocolClient.java:onNext(255)) - client-0F1B900A64BD->9bf35ae9-4da0-4371-87fa-54ea3ce1f280: receive RaftClientReply:client-0F1B900A64BD->9bf35ae9-4da0-4371-87fa-54ea3ce1f280@group-432E83AF5B55, cid=3674, SUCCESS, logIndex=5535, commits[9bf35ae9-4da0-4371-87fa-54ea3ce1f280:c5535, 0cc34542-3a00-466e-ae84-194b84d3af7b:c5533, d451d94d-57a0-4545-b387-d428f64e3f33:c5533]
2019-07-09 16:26:21,982 INFO  client.GrpcClientProtocolClient (GrpcClientProtocolClient.java:onNext(255)) - client-0F1B900A64BD->9bf35ae9-4da0-4371-87fa-54ea3ce1f280: receive RaftClientReply:client-0F1B900A64BD->9bf35ae9-4da0-4371-87fa-54ea3ce1f280@group-432E83AF5B55, cid=3675, SUCCESS, logIndex=5538, commits[9bf35ae9-4da0-4371-87fa-54ea3ce1f280:c5539, 0cc34542-3a00-466e-ae84-194b84d3af7b:c5535, d451d94d-57a0-4545-b387-d428f64e3f33:c5535]
2019-07-09 16:26:21,983 INFO  client.GrpcClientProtocolClient (GrpcClientProtocolClient.java:onNext(255)) - client-0F1B900A64BD->9bf35ae9-4da0-4371-87fa-54ea3ce1f280: receive RaftClientReply:client-0F1B900A64BD->9bf35ae9-4da0-4371-87fa-54ea3ce1f280@group-432E83AF5B55, cid=3676, SUCCESS, logIndex=5539, commits[9bf35ae9-4da0-4371-87fa-54ea3ce1f280:c5539, 0cc34542-3a00-466e-ae84-194b84d3af7b:c5535, d451d94d-57a0-4545-b387-d428f64e3f33:c5535]
2019-07-09 16:26:21,985 INFO  client.GrpcClientProtocolClient (GrpcClientProtocolClient.java:onNext(255)) - client-0F1B900A64BD->9bf35ae9-4da0-4371-87fa-54ea3ce1f280: receive RaftClientReply:client-0F1B900A64BD->9bf35ae9-4da0-4371-87fa-54ea3ce1f280@group-432E83AF5B55, cid=3677, SUCCESS, logIndex=0, commits[9bf35ae9-4da0-4371-87fa-54ea3ce1f280:c5541, 0cc34542-3a00-466e-ae84-194b84d3af7b:c5539, d451d94d-57a0-4545-b387-d428f64e3f33:c5539]
2019-07-09 16:26:22,030 INFO  client.GrpcClientProtocolClient (GrpcClientProtocolClient.java:onNext(255)) - client-0F1B900A64BD->9bf35ae9-4da0-4371-87fa-54ea3ce1f280: receive RaftClientReply:client-0F1B900A64BD->9bf35ae9-4da0-4371-87fa-54ea3ce1f280@group-432E83AF5B55, cid=3678, SUCCESS, logIndex=5542, commits[9bf35ae9-4da0-4371-87fa-54ea3ce1f280:c5543, 0cc34542-3a00-466e-ae84-194b84d3af7b:c5541, d451d94d-57a0-4545-b387-d428f64e3f33:c5541]
2019-07-09 16:26:22,031 INFO  client.GrpcClientProtocolClient (GrpcClientProtocolClient.java:onNext(255)) - client-0F1B900A64BD->9bf35ae9-4da0-4371-87fa-54ea3ce1f280: receive RaftClientReply:client-0F1B900A64BD->9bf35ae9-4da0-4371-87fa-54ea3ce1f280@group-432E83AF5B55, cid=3679, SUCCESS, logIndex=5543, commits[9bf35ae9-4da0-4371-87fa-54ea3ce1f280:c5544, 0cc34542-3a00-466e-ae84-194b84d3af7b:c5541, d451d94d-57a0-4545-b387-d428f64e3f33:c5541]
2019-07-09 16:26:22,032 INFO  client.GrpcClientProtocolClient (GrpcClientProtocolClient.java:onNext(255)) - client-0F1B900A64BD->9bf35ae9-4da0-4371-87fa-54ea3ce1f280: receive RaftClientReply:client-0F1B900A64BD->9bf35ae9-4da0-4371-87fa-54ea3ce1f280@group-432E83AF5B55, cid=3680, SUCCESS, logIndex=5544, commits[9bf35ae9-4da0-4371-87fa-54ea3ce1f280:c5545, 0cc34542-3a00-466e-ae84-194b84d3af7b:c5541, d451d94d-57a0-4545-b387-d428f64e3f33:c5541]
2019-07-09 16:26:22,032 INFO  client.GrpcClientProtocolClient (GrpcClientProtocolClient.java:onNext(255)) - client-0F1B900A64BD->9bf35ae9-4da0-4371-87fa-54ea3ce1f280: receive RaftClientReply:client-0F1B900A64BD->9bf35ae9-4da0-4371-87fa-54ea3ce1f280@group-432E83AF5B55, cid=3681, SUCCESS, logIndex=5545, commits[9bf35ae9-4da0-4371-87fa-54ea3ce1f280:c5546, 0cc34542-3a00-466e-ae84-194b84d3af7b:c5541, d451d94d-57a0-4545-b387-d428f64e3f33:c5543]
2019-07-09 16:26:22,033 INFO  client.GrpcClientProtocolClient (GrpcClientProtocolClient.java:onNext(255)) - client-0F1B900A64BD->9bf35ae9-4da0-4371-87fa-54ea3ce1f280: receive RaftClientReply:client-0F1B900A64BD->9bf35ae9-4da0-4371-87fa-54ea3ce1f280@group-432E83AF5B55, cid=3682, SUCCESS, logIndex=0, commits[9bf35ae9-4da0-4371-87fa-54ea3ce1f280:c5549, 0cc34542-3a00-466e-ae84-194b84d3af7b:c5543, d451d94d-57a0-4545-b387-d428f64e3f33:c5545]
 0.00% |█                                                                                                    |  0/1 Time: 0:00:332019-07-09 16:26:22,057 INFO  client.GrpcClientProtocolClient (GrpcClientProtocolClient.java:onNext(255)) - client-0F1B900A64BD->9bf35ae9-4da0-4371-87fa-54ea3ce1f280: receive RaftClientReply:client-0F1B900A64BD->9bf35ae9-4da0-4371-87fa-54ea3ce1f280@group-432E83AF5B55, cid=3683, SUCCESS, logIndex=5550, commits[9bf35ae9-4da0-4371-87fa-54ea3ce1f280:c5551, 0cc34542-3a00-466e-ae84-194b84d3af7b:c5549, d451d94d-57a0-4545-b387-d428f64e3f33:c5549]
2019-07-09 16:26:22,058 INFO  client.GrpcClientProtocolClient (GrpcClientProtocolClient.java:onNext(255)) - client-0F1B900A64BD->9bf35ae9-4da0-4371-87fa-54ea3ce1f280: receive RaftClientReply:client-0F1B900A64BD->9bf35ae9-4da0-4371-87fa-54ea3ce1f280@group-432E83AF5B55, cid=3684, SUCCESS, logIndex=5551, commits[9bf35ae9-4da0-4371-87fa-54ea3ce1f280:c5551, 0cc34542-3a00-466e-ae84-194b84d3af7b:c5549, d451d94d-57a0-4545-b387-d428f64e3f33:c5549]
2019-07-09 16:26:22,070 INFO  client.GrpcClientProtocolClient (GrpcClientProtocolClient.java:onNext(255)) - client-0F1B900A64BD->9bf35ae9-4da0-4371-87fa-54ea3ce1f280: receive RaftClientReply:client-0F1B900A64BD->9bf35ae9-4da0-4371-87fa-54ea3ce1f280@group-432E83AF5B55, cid=3685, SUCCESS, logIndex=5554, commits[9bf35ae9-4da0-4371-87fa-54ea3ce1f280:c5555, 0cc34542-3a00-466e-ae84-194b84d3af7b:c5551, d451d94d-57a0-4545-b387-d428f64e3f33:c5551]
2019-07-09 16:26:22,071 INFO  client.GrpcClientProtocolClient (GrpcClientProtocolClient.java:onNext(255)) - client-0F1B900A64BD->9bf35ae9-4da0-4371-87fa-54ea3ce1f280: receive RaftClientReply:client-0F1B900A64BD->9bf35ae9-4da0-4371-87fa-54ea3ce1f280@group-432E83AF5B55, cid=3686, SUCCESS, logIndex=5555, commits[9bf35ae9-4da0-4371-87fa-54ea3ce1f280:c5555, 0cc34542-3a00-466e-ae84-194b84d3af7b:c5551, d451d94d-57a0-4545-b387-d428f64e3f33:c5551]
2019-07-09 16:26:22,082 INFO  client.GrpcClientProtocolClient (GrpcClientProtocolClient.java:onNext(255)) - client-0F1B900A64BD->9bf35ae9-4da0-4371-87fa-54ea3ce1f280: receive RaftClientReply:client-0F1B900A64BD->9bf35ae9-4da0-4371-87fa-54ea3ce1f280@group-432E83AF5B55, cid=3687, SUCCESS, logIndex=0, commits[9bf35ae9-4da0-4371-87fa-54ea3ce1f280:c5556, 0cc34542-3a00-466e-ae84-194b84d3af7b:c5555, d451d94d-57a0-4545-b387-d428f64e3f33:c5555]
2019-07-09 16:26:22,121 INFO  client.GrpcClientProtocolClient (GrpcClientProtocolClient.java:onNext(255)) - client-0F1B900A64BD->9bf35ae9-4da0-4371-87fa-54ea3ce1f280: receive RaftClientReply:client-0F1B900A64BD->9bf35ae9-4da0-4371-87fa-54ea3ce1f280@group-432E83AF5B55, cid=3688, SUCCESS, logIndex=5558, commits[9bf35ae9-4da0-4371-87fa-54ea3ce1f280:c5559, 0cc34542-3a00-466e-ae84-194b84d3af7b:c5555, d451d94d-57a0-4545-b387-d428f64e3f33:c5557]
2019-07-09 16:26:22,121 INFO  client.GrpcClientProtocolClient (GrpcClientProtocolClient.java:onNext(255)) - client-0F1B900A64BD->9bf35ae9-4da0-4371-87fa-54ea3ce1f280: receive RaftClientReply:client-0F1B900A64BD->9bf35ae9-4da0-4371-87fa-54ea3ce1f280@group-432E83AF5B55, cid=3689, SUCCESS, logIndex=5559, commits[9bf35ae9-4da0-4371-87fa-54ea3ce1f280:c5559, 0cc34542-3a00-466e-ae84-194b84d3af7b:c5555, d451d94d-57a0-4545-b387-d428f64e3f33:c5557]
2019-07-09 16:26:22,123 INFO  client.GrpcClientProtocolClient (GrpcClientProtocolClient.java:onNext(255)) - client-0F1B900A64BD->9bf35ae9-4da0-4371-87fa-54ea3ce1f280: receive RaftClientReply:client-0F1B900A64BD->9bf35ae9-4da0-4371-87fa-54ea3ce1f280@group-432E83AF5B55, cid=3690, SUCCESS, logIndex=5560, commits[9bf35ae9-4da0-4371-87fa-54ea3ce1f280:c5561, 0cc34542-3a00-466e-ae84-194b84d3af7b:c5557, d451d94d-57a0-4545-b387-d428f64e3f33:c5557]
2019-07-09 16:26:22,124 INFO  client.GrpcClientProtocolClient (GrpcClientProtocolClient.java:onNext(255)) - client-0F1B900A64BD->9bf35ae9-4da0-4371-87fa-54ea3ce1f280: receive RaftClientReply:client-0F1B900A64BD->9bf35ae9-4da0-4371-87fa-54ea3ce1f280@group-432E83AF5B55, cid=3691, SUCCESS, logIndex=5561, commits[9bf35ae9-4da0-4371-87fa-54ea3ce1f280:c5561, 0cc34542-3a00-466e-ae84-194b84d3af7b:c5557, d451d94d-57a0-4545-b387-d428f64e3f33:c5557]
2019-07-09 16:26:22,135 INFO  client.GrpcClientProtocolClient (GrpcClientProtocolClient.java:onNext(255)) - client-0F1B900A64BD->9bf35ae9-4da0-4371-87fa-54ea3ce1f280: receive RaftClientReply:client-0F1B900A64BD->9bf35ae9-4da0-4371-87fa-54ea3ce1f280@group-432E83AF5B55, cid=3692, SUCCESS, logIndex=0, commits[9bf35ae9-4da0-4371-87fa-54ea3ce1f280:c5563, 0cc34542-3a00-466e-ae84-194b84d3af7b:c5559, d451d94d-57a0-4545-b387-d428f64e3f33:c5559]
2019-07-09 16:26:22,154 INFO  client.GrpcClientProtocolClient (GrpcClientProtocolClient.java:onNext(255)) - client-0F1B900A64BD->9bf35ae9-4da0-4371-87fa-54ea3ce1f280: receive RaftClientReply:client-0F1B900A64BD->9bf35ae9-4da0-4371-87fa-54ea3ce1f280@group-432E83AF5B55, cid=3693, SUCCESS, logIndex=5566, commits[9bf35ae9-4da0-4371-87fa-54ea3ce1f280:c5567, 0cc34542-3a00-466e-ae84-194b84d3af7b:c5565, d451d94d-57a0-4545-b387-d428f64e3f33:c5565]
2019-07-09 16:26:22,155 INFO  client.GrpcClientProtocolClient (GrpcClientProtocolClient.java:onNext(255)) - client-0F1B900A64BD->9bf35ae9-4da0-4371-87fa-54ea3ce1f280: receive RaftClientReply:client-0F1B900A64BD->9bf35ae9-4da0-4371-87fa-54ea3ce1f280@group-432E83AF5B55, cid=3694, SUCCESS, logIndex=5567, commits[9bf35ae9-4da0-4371-87fa-54ea3ce1f280:c5567, 0cc34542-3a00-466e-ae84-194b84d3af7b:c5565, d451d94d-57a0-4545-b387-d428f64e3f33:c5565]
2019-07-09 16:26:22,168 INFO  client.GrpcClientProtocolClient (GrpcClientProtocolClient.java:onNext(255)) - client-0F1B900A64BD->9bf35ae9-4da0-4371-87fa-54ea3ce1f280: receive RaftClientReply:client-0F1B900A64BD->9bf35ae9-4da0-4371-87fa-54ea3ce1f280@group-432E83AF5B55, cid=3695, SUCCESS, logIndex=5570, commits[9bf35ae9-4da0-4371-87fa-54ea3ce1f280:c5570, 0cc34542-3a00-466e-ae84-194b84d3af7b:c5567, d451d94d-57a0-4545-b387-d428f64e3f33:c5567]
2019-07-09 16:26:22,168 INFO  client.GrpcClientProtocolClient (GrpcClientProtocolClient.java:onNext(255)) - client-0F1B900A64BD->9bf35ae9-4da0-4371-87fa-54ea3ce1f280: receive RaftClientReply:client-0F1B900A64BD->9bf35ae9-4da0-4371-87fa-54ea3ce1f280@group-432E83AF5B55, cid=3696, SUCCESS, logIndex=5571, commits[9bf35ae9-4da0-4371-87fa-54ea3ce1f280:c5571, 0cc34542-3a00-466e-ae84-194b84d3af7b:c5567, d451d94d-57a0-4545-b387-d428f64e3f33:c5567]
2019-07-09 16:26:22,181 INFO  client.GrpcClientProtocolClient (GrpcClientProtocolClient.java:onNext(255)) - client-0F1B900A64BD->9bf35ae9-4da0-4371-87fa-54ea3ce1f280: receive RaftClientReply:client-0F1B900A64BD->9bf35ae9-4da0-4371-87fa-54ea3ce1f280@group-432E83AF5B55, cid=3697, SUCCESS, logIndex=0, commits[9bf35ae9-4da0-4371-87fa-54ea3ce1f280:c5573, 0cc34542-3a00-466e-ae84-194b84d3af7b:c5571, d451d94d-57a0-4545-b387-d428f64e3f33:c5571]
2019-07-09 16:26:22,213 INFO  client.GrpcClientProtocolClient (GrpcClientProtocolClient.java:onNext(255)) - client-0F1B900A64BD->9bf35ae9-4da0-4371-87fa-54ea3ce1f280: receive RaftClientReply:client-0F1B900A64BD->9bf35ae9-4da0-4371-87fa-54ea3ce1f280@group-432E83AF5B55, cid=3698, SUCCESS, logIndex=5574, commits[9bf35ae9-4da0-4371-87fa-54ea3ce1f280:c5575, 0cc34542-3a00-466e-ae84-194b84d3af7b:c5573, d451d94d-57a0-4545-b387-d428f64e3f33:c5573]
2019-07-09 16:26:22,214 INFO  client.GrpcClientProtocolClient (GrpcClientProtocolClient.java:onNext(255)) - client-0F1B900A64BD->9bf35ae9-4da0-4371-87fa-54ea3ce1f280: receive RaftClientReply:client-0F1B900A64BD->9bf35ae9-4da0-4371-87fa-54ea3ce1f280@group-432E83AF5B55, cid=3699, SUCCESS, logIndex=5575, commits[9bf35ae9-4da0-4371-87fa-54ea3ce1f280:c5577, 0cc34542-3a00-466e-ae84-194b84d3af7b:c5573, d451d94d-57a0-4545-b387-d428f64e3f33:c5573]
2019-07-09 16:26:22,214 INFO  client.GrpcClientProtocolClient (GrpcClientProtocolClient.java:onNext(255)) - client-0F1B900A64BD->9bf35ae9-4da0-4371-87fa-54ea3ce1f280: receive RaftClientReply:client-0F1B900A64BD->9bf35ae9-4da0-4371-87fa-54ea3ce1f280@group-432E83AF5B55, cid=3700, SUCCESS, logIndex=5576, commits[9bf35ae9-4da0-4371-87fa-54ea3ce1f280:c5577, 0cc34542-3a00-466e-ae84-194b84d3af7b:c5573, d451d94d-57a0-4545-b387-d428f64e3f33:c5573]
2019-07-09 16:26:22,214 INFO  client.GrpcClientProtocolClient (GrpcClientProtocolClient.java:onNext(255)) - client-0F1B900A64BD->9bf35ae9-4da0-4371-87fa-54ea3ce1f280: receive RaftClientReply:client-0F1B900A64BD->9bf35ae9-4da0-4371-87fa-54ea3ce1f280@group-432E83AF5B55, cid=3701, SUCCESS, logIndex=5577, commits[9bf35ae9-4da0-4371-87fa-54ea3ce1f280:c5577, 0cc34542-3a00-466e-ae84-194b84d3af7b:c5573, d451d94d-57a0-4545-b387-d428f64e3f33:c5573]
2019-07-09 16:26:22,216 INFO  client.GrpcClientProtocolClient (GrpcClientProtocolClient.java:onNext(255)) - client-0F1B900A64BD->9bf35ae9-4da0-4371-87fa-54ea3ce1f280: receive RaftClientReply:client-0F1B900A64BD->9bf35ae9-4da0-4371-87fa-54ea3ce1f280@group-432E83AF5B55, cid=3702, SUCCESS, logIndex=0, commits[9bf35ae9-4da0-4371-87fa-54ea3ce1f280:c5580, 0cc34542-3a00-466e-ae84-194b84d3af7b:c5575, d451d94d-57a0-4545-b387-d428f64e3f33:c5577]
2019-07-09 16:26:22,227 INFO  client.GrpcClientProtocolClient (GrpcClientProtocolClient.java:onNext(255)) - client-0F1B900A64BD->9bf35ae9-4da0-4371-87fa-54ea3ce1f280: receive RaftClientReply:client-0F1B900A64BD->9bf35ae9-4da0-4371-87fa-54ea3ce1f280@group-432E83AF5B55, cid=3703, SUCCESS, logIndex=5581, commits[9bf35ae9-4da0-4371-87fa-54ea3ce1f280:c5582, 0cc34542-3a00-466e-ae84-194b84d3af7b:c5580, d451d94d-57a0-4545-b387-d428f64e3f33:c5580]
2019-07-09 16:26:22,227 INFO  client.GrpcClientProtocolClient (GrpcClientProtocolClient.java:onNext(255)) - client-0F1B900A64BD->9bf35ae9-4da0-4371-87fa-54ea3ce1f280: receive RaftClientReply:client-0F1B900A64BD->9bf35ae9-4da0-4371-87fa-54ea3ce1f280@group-432E83AF5B55, cid=3704, SUCCESS, logIndex=5582, commits[9bf35ae9-4da0-4371-87fa-54ea3ce1f280:c5582, 0cc34542-3a00-466e-ae84-194b84d3af7b:c5580, d451d94d-57a0-4545-b387-d428f64e3f33:c5580]
2019-07-09 16:26:22,244 INFO  client.GrpcClientProtocolClient (GrpcClientProtocolClient.java:onNext(255)) - client-0F1B900A64BD->9bf35ae9-4da0-4371-87fa-54ea3ce1f280: receive RaftClientReply:client-0F1B900A64BD->9bf35ae9-4da0-4371-87fa-54ea3ce1f280@group-432E83AF5B55, cid=3705, SUCCESS, logIndex=5584, commits[9bf35ae9-4da0-4371-87fa-54ea3ce1f280:c5585, 0cc34542-3a00-466e-ae84-194b84d3af7b:c5583, d451d94d-57a0-4545-b387-d428f64e3f33:c5583]
2019-07-09 16:26:22,244 INFO  client.GrpcClientProtocolClient (GrpcClientProtocolClient.java:onNext(255)) - client-0F1B900A64BD->9bf35ae9-4da0-4371-87fa-54ea3ce1f280: receive RaftClientReply:client-0F1B900A64BD->9bf35ae9-4da0-4371-87fa-54ea3ce1f280@group-432E83AF5B55, cid=3706, SUCCESS, logIndex=5585, commits[9bf35ae9-4da0-4371-87fa-54ea3ce1f280:c5585, 0cc34542-3a00-466e-ae84-194b84d3af7b:c5583, d451d94d-57a0-4545-b387-d428f64e3f33:c5583]
2019-07-09 16:26:22,247 INFO  client.GrpcClientProtocolClient (GrpcClientProtocolClient.java:onNext(255)) - client-0F1B900A64BD->9bf35ae9-4da0-4371-87fa-54ea3ce1f280: receive RaftClientReply:client-0F1B900A64BD->9bf35ae9-4da0-4371-87fa-54ea3ce1f280@group-432E83AF5B55, cid=3707, SUCCESS, logIndex=0, commits[9bf35ae9-4da0-4371-87fa-54ea3ce1f280:c5587, 0cc34542-3a00-466e-ae84-194b84d3af7b:c5585, d451d94d-57a0-4545-b387-d428f64e3f33:c5585]
2019-07-09 16:26:22,290 INFO  client.GrpcClientProtocolClient (GrpcClientProtocolClient.java:onNext(255)) - client-0F1B900A64BD->9bf35ae9-4da0-4371-87fa-54ea3ce1f280: receive RaftClientReply:client-0F1B900A64BD->9bf35ae9-4da0-4371-87fa-54ea3ce1f280@group-432E83AF5B55, cid=3708, SUCCESS, logIndex=5588, commits[9bf35ae9-4da0-4371-87fa-54ea3ce1f280:c5589, 0cc34542-3a00-466e-ae84-194b84d3af7b:c5587, d451d94d-57a0-4545-b387-d428f64e3f33:c5585]
2019-07-09 16:26:22,291 INFO  client.GrpcClientProtocolClient (GrpcClientProtocolClient.java:onNext(255)) - client-0F1B900A64BD->9bf35ae9-4da0-4371-87fa-54ea3ce1f280: receive RaftClientReply:client-0F1B900A64BD->9bf35ae9-4da0-4371-87fa-54ea3ce1f280@group-432E83AF5B55, cid=3709, SUCCESS, logIndex=5589, commits[9bf35ae9-4da0-4371-87fa-54ea3ce1f280:c5591, 0cc34542-3a00-466e-ae84-194b84d3af7b:c5587, d451d94d-57a0-4545-b387-d428f64e3f33:c5585]
2019-07-09 16:26:22,292 INFO  client.GrpcClientProtocolClient (GrpcClientProtocolClient.java:onNext(255)) - client-0F1B900A64BD->9bf35ae9-4da0-4371-87fa-54ea3ce1f280: receive RaftClientReply:client-0F1B900A64BD->9bf35ae9-4da0-4371-87fa-54ea3ce1f280@group-432E83AF5B55, cid=3710, SUCCESS, logIndex=5590, commits[9bf35ae9-4da0-4371-87fa-54ea3ce1f280:c5591, 0cc34542-3a00-466e-ae84-194b84d3af7b:c5587, d451d94d-57a0-4545-b387-d428f64e3f33:c5585]
2019-07-09 16:26:22,292 INFO  client.GrpcClientProtocolClient (GrpcClientProtocolClient.java:onNext(255)) - client-0F1B900A64BD->9bf35ae9-4da0-4371-87fa-54ea3ce1f280: receive RaftClientReply:client-0F1B900A64BD->9bf35ae9-4da0-4371-87fa-54ea3ce1f280@group-432E83AF5B55, cid=3711, SUCCESS, logIndex=5591, commits[9bf35ae9-4da0-4371-87fa-54ea3ce1f280:c5591, 0cc34542-3a00-466e-ae84-194b84d3af7b:c5587, d451d94d-57a0-4545-b387-d428f64e3f33:c5585]
2019-07-09 16:26:22,298 INFO  client.GrpcClientProtocolClient (GrpcClientProtocolClient.java:onNext(255)) - client-0F1B900A64BD->9bf35ae9-4da0-4371-87fa-54ea3ce1f280: receive RaftClientReply:client-0F1B900A64BD->9bf35ae9-4da0-4371-87fa-54ea3ce1f280@group-432E83AF5B55, cid=3712, SUCCESS, logIndex=0, commits[9bf35ae9-4da0-4371-87fa-54ea3ce1f280:c5592, 0cc34542-3a00-466e-ae84-194b84d3af7b:c5589, d451d94d-57a0-4545-b387-d428f64e3f33:c5589]
2019-07-09 16:26:22,318 INFO  client.GrpcClientProtocolClient (GrpcClientProtocolClient.java:onNext(255)) - client-0F1B900A64BD->9bf35ae9-4da0-4371-87fa-54ea3ce1f280: receive RaftClientReply:client-0F1B900A64BD->9bf35ae9-4da0-4371-87fa-54ea3ce1f280@group-432E83AF5B55, cid=3713, SUCCESS, logIndex=5595, commits[9bf35ae9-4da0-4371-87fa-54ea3ce1f280:c5596, 0cc34542-3a00-466e-ae84-194b84d3af7b:c5594, d451d94d-57a0-4545-b387-d428f64e3f33:c5594]
2019-07-09 16:26:22,318 INFO  client.GrpcClientProtocolClient (GrpcClientProtocolClient.java:onNext(255)) - client-0F1B900A64BD->9bf35ae9-4da0-4371-87fa-54ea3ce1f280: receive RaftClientReply:client-0F1B900A64BD->9bf35ae9-4da0-4371-87fa-54ea3ce1f280@group-432E83AF5B55, cid=3714, SUCCESS, logIndex=5596, commits[9bf35ae9-4da0-4371-87fa-54ea3ce1f280:c5596, 0cc34542-3a00-466e-ae84-194b84d3af7b:c5594, d451d94d-57a0-4545-b387-d428f64e3f33:c5594]
2019-07-09 16:26:22,330 INFO  client.GrpcClientProtocolClient (GrpcClientProtocolClient.java:onNext(255)) - client-0F1B900A64BD->9bf35ae9-4da0-4371-87fa-54ea3ce1f280: receive RaftClientReply:client-0F1B900A64BD->9bf35ae9-4da0-4371-87fa-54ea3ce1f280@group-432E83AF5B55, cid=3715, SUCCESS, logIndex=5599, commits[9bf35ae9-4da0-4371-87fa-54ea3ce1f280:c5600, 0cc34542-3a00-466e-ae84-194b84d3af7b:c5596, d451d94d-57a0-4545-b387-d428f64e3f33:c5596]
2019-07-09 16:26:22,331 INFO  client.GrpcClientProtocolClient (GrpcClientProtocolClient.java:onNext(255)) - client-0F1B900A64BD->9bf35ae9-4da0-4371-87fa-54ea3ce1f280: receive RaftClientReply:client-0F1B900A64BD->9bf35ae9-4da0-4371-87fa-54ea3ce1f280@group-432E83AF5B55, cid=3716, SUCCESS, logIndex=5600, commits[9bf35ae9-4da0-4371-87fa-54ea3ce1f280:c5600, 0cc34542-3a00-466e-ae84-194b84d3af7b:c5596, d451d94d-57a0-4545-b387-d428f64e3f33:c5596]
2019-07-09 16:26:22,343 INFO  client.GrpcClientProtocolClient (GrpcClientProtocolClient.java:onNext(255)) - client-0F1B900A64BD->9bf35ae9-4da0-4371-87fa-54ea3ce1f280: receive RaftClientReply:client-0F1B900A64BD->9bf35ae9-4da0-4371-87fa-54ea3ce1f280@group-432E83AF5B55, cid=3717, SUCCESS, logIndex=0, commits[9bf35ae9-4da0-4371-87fa-54ea3ce1f280:c5602, 0cc34542-3a00-466e-ae84-194b84d3af7b:c5600, d451d94d-57a0-4545-b387-d428f64e3f33:c5600]
2019-07-09 16:26:22,373 INFO  client.GrpcClientProtocolClient (GrpcClientProtocolClient.java:onNext(255)) - client-0F1B900A64BD->9bf35ae9-4da0-4371-87fa-54ea3ce1f280: receive RaftClientReply:client-0F1B900A64BD->9bf35ae9-4da0-4371-87fa-54ea3ce1f280@group-432E83AF5B55, cid=3718, SUCCESS, logIndex=5603, commits[9bf35ae9-4da0-4371-87fa-54ea3ce1f280:c5604, 0cc34542-3a00-466e-ae84-194b84d3af7b:c5602, d451d94d-57a0-4545-b387-d428f64e3f33:c5602]
2019-07-09 16:26:22,373 INFO  client.GrpcClientProtocolClient (GrpcClientProtocolClient.java:onNext(255)) - client-0F1B900A64BD->9bf35ae9-4da0-4371-87fa-54ea3ce1f280: receive RaftClientReply:client-0F1B900A64BD->9bf35ae9-4da0-4371-87fa-54ea3ce1f280@group-432E83AF5B55, cid=3719, SUCCESS, logIndex=5604, commits[9bf35ae9-4da0-4371-87fa-54ea3ce1f280:c5604, 0cc34542-3a00-466e-ae84-194b84d3af7b:c5602, d451d94d-57a0-4545-b387-d428f64e3f33:c5602]
2019-07-09 16:26:22,374 INFO  client.GrpcClientProtocolClient (GrpcClientProtocolClient.java:onNext(255)) - client-0F1B900A64BD->9bf35ae9-4da0-4371-87fa-54ea3ce1f280: receive RaftClientReply:client-0F1B900A64BD->9bf35ae9-4da0-4371-87fa-54ea3ce1f280@group-432E83AF5B55, cid=3720, SUCCESS, logIndex=5605, commits[9bf35ae9-4da0-4371-87fa-54ea3ce1f280:c5605, 0cc34542-3a00-466e-ae84-194b84d3af7b:c5602, d451d94d-57a0-4545-b387-d428f64e3f33:c5602]
2019-07-09 16:26:22,374 INFO  client.GrpcClientProtocolClient (GrpcClientProtocolClient.java:onNext(255)) - client-0F1B900A64BD->9bf35ae9-4da0-4371-87fa-54ea3ce1f280: receive RaftClientReply:client-0F1B900A64BD->9bf35ae9-4da0-4371-87fa-54ea3ce1f280@group-432E83AF5B55, cid=3721, SUCCESS, logIndex=5606, commits[9bf35ae9-4da0-4371-87fa-54ea3ce1f280:c5606, 0cc34542-3a00-466e-ae84-194b84d3af7b:c5602, d451d94d-57a0-4545-b387-d428f64e3f33:c5602]
2019-07-09 16:26:22,376 INFO  client.GrpcClientProtocolClient (GrpcClientProtocolClient.java:onNext(255)) - client-0F1B900A64BD->9bf35ae9-4da0-4371-87fa-54ea3ce1f280: receive RaftClientReply:client-0F1B900A64BD->9bf35ae9-4da0-4371-87fa-54ea3ce1f280@group-432E83AF5B55, cid=3722, SUCCESS, logIndex=0, commits[9bf35ae9-4da0-4371-87fa-54ea3ce1f280:c5608, 0cc34542-3a00-466e-ae84-194b84d3af7b:c5604, d451d94d-57a0-4545-b387-d428f64e3f33:c5604]
2019-07-09 16:26:22,396 INFO  client.GrpcClientProtocolClient (GrpcClientProtocolClient.java:onNext(255)) - client-0F1B900A64BD->9bf35ae9-4da0-4371-87fa-54ea3ce1f280: receive RaftClientReply:client-0F1B900A64BD->9bf35ae9-4da0-4371-87fa-54ea3ce1f280@group-432E83AF5B55, cid=3723, SUCCESS, logIndex=5611, commits[9bf35ae9-4da0-4371-87fa-54ea3ce1f280:c5612, 0cc34542-3a00-466e-ae84-194b84d3af7b:c5610, d451d94d-57a0-4545-b387-d428f64e3f33:c5610]
2019-07-09 16:26:22,396 INFO  client.GrpcClientProtocolClient (GrpcClientProtocolClient.java:onNext(255)) - client-0F1B900A64BD->9bf35ae9-4da0-4371-87fa-54ea3ce1f280: receive RaftClientReply:client-0F1B900A64BD->9bf35ae9-4da0-4371-87fa-54ea3ce1f280@group-432E83AF5B55, cid=3724, SUCCESS, logIndex=5612, commits[9bf35ae9-4da0-4371-87fa-54ea3ce1f280:c5612, 0cc34542-3a00-466e-ae84-194b84d3af7b:c5610, d451d94d-57a0-4545-b387-d428f64e3f33:c5610]
2019-07-09 16:26:22,410 INFO  client.GrpcClientProtocolClient (GrpcClientProtocolClient.java:onNext(255)) - client-0F1B900A64BD->9bf35ae9-4da0-4371-87fa-54ea3ce1f280: receive RaftClientReply:client-0F1B900A64BD->9bf35ae9-4da0-4371-87fa-54ea3ce1f280@group-432E83AF5B55, cid=3725, SUCCESS, logIndex=5615, commits[9bf35ae9-4da0-4371-87fa-54ea3ce1f280:c5615, 0cc34542-3a00-466e-ae84-194b84d3af7b:c5612, d451d94d-57a0-4545-b387-d428f64e3f33:c5612]
2019-07-09 16:26:22,410 INFO  client.GrpcClientProtocolClient (GrpcClientProtocolClient.java:onNext(255)) - client-0F1B900A64BD->9bf35ae9-4da0-4371-87fa-54ea3ce1f280: receive RaftClientReply:client-0F1B900A64BD->9bf35ae9-4da0-4371-87fa-54ea3ce1f280@group-432E83AF5B55, cid=3726, SUCCESS, logIndex=5616, commits[9bf35ae9-4da0-4371-87fa-54ea3ce1f280:c5616, 0cc34542-3a00-466e-ae84-194b84d3af7b:c5612, d451d94d-57a0-4545-b387-d428f64e3f33:c5612]
2019-07-09 16:26:22,422 INFO  client.GrpcClientProtocolClient (GrpcClientProtocolClient.java:onNext(255)) - client-0F1B900A64BD->9bf35ae9-4da0-4371-87fa-54ea3ce1f280: receive RaftClientReply:client-0F1B900A64BD->9bf35ae9-4da0-4371-87fa-54ea3ce1f280@group-432E83AF5B55, cid=3727, SUCCESS, logIndex=0, commits[9bf35ae9-4da0-4371-87fa-54ea3ce1f280:c5617, 0cc34542-3a00-466e-ae84-194b84d3af7b:c5616, d451d94d-57a0-4545-b387-d428f64e3f33:c5616]
2019-07-09 16:26:22,589 INFO  client.GrpcClientProtocolClient (GrpcClientProtocolClient.java:onNext(255)) - client-0F1B900A64BD->9bf35ae9-4da0-4371-87fa-54ea3ce1f280: receive RaftClientReply:client-0F1B900A64BD->9bf35ae9-4da0-4371-87fa-54ea3ce1f280@group-432E83AF5B55, cid=3728, SUCCESS, logIndex=5619, commits[9bf35ae9-4da0-4371-87fa-54ea3ce1f280:c5620, 0cc34542-3a00-466e-ae84-194b84d3af7b:c5618, d451d94d-57a0-4545-b387-d428f64e3f33:c5618]
2019-07-09 16:26:22,590 INFO  client.GrpcClientProtocolClient (GrpcClientProtocolClient.java:onNext(255)) - client-0F1B900A64BD->9bf35ae9-4da0-4371-87fa-54ea3ce1f280: receive RaftClientReply:client-0F1B900A64BD->9bf35ae9-4da0-4371-87fa-54ea3ce1f280@group-432E83AF5B55, cid=3729, SUCCESS, logIndex=5620, commits[9bf35ae9-4da0-4371-87fa-54ea3ce1f280:c5620, 0cc34542-3a00-466e-ae84-194b84d3af7b:c5618, d451d94d-57a0-4545-b387-d428f64e3f33:c5618]
2019-07-09 16:26:22,591 INFO  client.GrpcClientProtocolClient (GrpcClientProtocolClient.java:onNext(255)) - client-0F1B900A64BD->9bf35ae9-4da0-4371-87fa-54ea3ce1f280: receive RaftClientReply:client-0F1B900A64BD->9bf35ae9-4da0-4371-87fa-54ea3ce1f280@group-432E83AF5B55, cid=3730, SUCCESS, logIndex=5621, commits[9bf35ae9-4da0-4371-87fa-54ea3ce1f280:c5622, 0cc34542-3a00-466e-ae84-194b84d3af7b:c5618, d451d94d-57a0-4545-b387-d428f64e3f33:c5618]
2019-07-09 16:26:22,591 INFO  client.GrpcClientProtocolClient (GrpcClientProtocolClient.java:onNext(255)) - client-0F1B900A64BD->9bf35ae9-4da0-4371-87fa-54ea3ce1f280: receive RaftClientReply:client-0F1B900A64BD->9bf35ae9-4da0-4371-87fa-54ea3ce1f280@group-432E83AF5B55, cid=3731, SUCCESS, logIndex=5622, commits[9bf35ae9-4da0-4371-87fa-54ea3ce1f280:c5622, 0cc34542-3a00-466e-ae84-194b84d3af7b:c5618, d451d94d-57a0-4545-b387-d428f64e3f33:c5618]
2019-07-09 16:26:22,592 INFO  client.GrpcClientProtocolClient (GrpcClientProtocolClient.java:onNext(255)) - client-0F1B900A64BD->9bf35ae9-4da0-4371-87fa-54ea3ce1f280: receive RaftClientReply:client-0F1B900A64BD->9bf35ae9-4da0-4371-87fa-54ea3ce1f280@group-432E83AF5B55, cid=3732, SUCCESS, logIndex=0, commits[9bf35ae9-4da0-4371-87fa-54ea3ce1f280:c5624, 0cc34542-3a00-466e-ae84-194b84d3af7b:c5620, d451d94d-57a0-4545-b387-d428f64e3f33:c5620]
2019-07-09 16:26:22,614 INFO  client.GrpcClientProtocolClient (GrpcClientProtocolClient.java:onNext(255)) - client-0F1B900A64BD->9bf35ae9-4da0-4371-87fa-54ea3ce1f280: receive RaftClientReply:client-0F1B900A64BD->9bf35ae9-4da0-4371-87fa-54ea3ce1f280@group-432E83AF5B55, cid=3733, SUCCESS, logIndex=5627, commits[9bf35ae9-4da0-4371-87fa-54ea3ce1f280:c5628, 0cc34542-3a00-466e-ae84-194b84d3af7b:c5626, d451d94d-57a0-4545-b387-d428f64e3f33:c5626]
2019-07-09 16:26:22,614 INFO  client.GrpcClientProtocolClient (GrpcClientProtocolClient.java:onNext(255)) - client-0F1B900A64BD->9bf35ae9-4da0-4371-87fa-54ea3ce1f280: receive RaftClientReply:client-0F1B900A64BD->9bf35ae9-4da0-4371-87fa-54ea3ce1f280@group-432E83AF5B55, cid=3734, SUCCESS, logIndex=5628, commits[9bf35ae9-4da0-4371-87fa-54ea3ce1f280:c5628, 0cc34542-3a00-466e-ae84-194b84d3af7b:c5626, d451d94d-57a0-4545-b387-d428f64e3f33:c5626]
2019-07-09 16:26:22,628 INFO  client.GrpcClientProtocolClient (GrpcClientProtocolClient.java:onNext(255)) - client-0F1B900A64BD->9bf35ae9-4da0-4371-87fa-54ea3ce1f280: receive RaftClientReply:client-0F1B900A64BD->9bf35ae9-4da0-4371-87fa-54ea3ce1f280@group-432E83AF5B55, cid=3735, SUCCESS, logIndex=5631, commits[9bf35ae9-4da0-4371-87fa-54ea3ce1f280:c5631, 0cc34542-3a00-466e-ae84-194b84d3af7b:c5627, d451d94d-57a0-4545-b387-d428f64e3f33:c5628]
2019-07-09 16:26:22,628 INFO  client.GrpcClientProtocolClient (GrpcClientProtocolClient.java:onNext(255)) - client-0F1B900A64BD->9bf35ae9-4da0-4371-87fa-54ea3ce1f280: receive RaftClientReply:client-0F1B900A64BD->9bf35ae9-4da0-4371-87fa-54ea3ce1f280@group-432E83AF5B55, cid=3736, SUCCESS, logIndex=5632, commits[9bf35ae9-4da0-4371-87fa-54ea3ce1f280:c5632, 0cc34542-3a00-466e-ae84-194b84d3af7b:c5628, d451d94d-57a0-4545-b387-d428f64e3f33:c5628]
2019-07-09 16:26:22,630 INFO  client.GrpcClientProtocolClient (GrpcClientProtocolClient.java:onNext(255)) - client-0F1B900A64BD->9bf35ae9-4da0-4371-87fa-54ea3ce1f280: receive RaftClientReply:client-0F1B900A64BD->9bf35ae9-4da0-4371-87fa-54ea3ce1f280@group-432E83AF5B55, cid=3737, SUCCESS, logIndex=0, commits[9bf35ae9-4da0-4371-87fa-54ea3ce1f280:c5633, 0cc34542-3a00-466e-ae84-194b84d3af7b:c5632, d451d94d-57a0-4545-b387-d428f64e3f33:c5632]
2019-07-09 16:26:22,664 INFO  client.GrpcClientProtocolClient (GrpcClientProtocolClient.java:onNext(255)) - client-0F1B900A64BD->9bf35ae9-4da0-4371-87fa-54ea3ce1f280: receive RaftClientReply:client-0F1B900A64BD->9bf35ae9-4da0-4371-87fa-54ea3ce1f280@group-432E83AF5B55, cid=3738, SUCCESS, logIndex=5635, commits[9bf35ae9-4da0-4371-87fa-54ea3ce1f280:c5636, 0cc34542-3a00-466e-ae84-194b84d3af7b:c5634, d451d94d-57a0-4545-b387-d428f64e3f33:c5634]
2019-07-09 16:26:22,665 INFO  client.GrpcClientProtocolClient (GrpcClientProtocolClient.java:onNext(255)) - client-0F1B900A64BD->9bf35ae9-4da0-4371-87fa-54ea3ce1f280: receive RaftClientReply:client-0F1B900A64BD->9bf35ae9-4da0-4371-87fa-54ea3ce1f280@group-432E83AF5B55, cid=3739, SUCCESS, logIndex=5636, commits[9bf35ae9-4da0-4371-87fa-54ea3ce1f280:c5637, 0cc34542-3a00-466e-ae84-194b84d3af7b:c5634, d451d94d-57a0-4545-b387-d428f64e3f33:c5634]
2019-07-09 16:26:22,666 INFO  client.GrpcClientProtocolClient (GrpcClientProtocolClient.java:onNext(255)) - client-0F1B900A64BD->9bf35ae9-4da0-4371-87fa-54ea3ce1f280: receive RaftClientReply:client-0F1B900A64BD->9bf35ae9-4da0-4371-87fa-54ea3ce1f280@group-432E83AF5B55, cid=3740, SUCCESS, logIndex=5637, commits[9bf35ae9-4da0-4371-87fa-54ea3ce1f280:c5638, 0cc34542-3a00-466e-ae84-194b84d3af7b:c5634, d451d94d-57a0-4545-b387-d428f64e3f33:c5634]
2019-07-09 16:26:22,666 INFO  client.GrpcClientProtocolClient (GrpcClientProtocolClient.java:onNext(255)) - client-0F1B900A64BD->9bf35ae9-4da0-4371-87fa-54ea3ce1f280: receive RaftClientReply:client-0F1B900A64BD->9bf35ae9-4da0-4371-87fa-54ea3ce1f280@group-432E83AF5B55, cid=3741, SUCCESS, logIndex=5638, commits[9bf35ae9-4da0-4371-87fa-54ea3ce1f280:c5638, 0cc34542-3a00-466e-ae84-194b84d3af7b:c5634, d451d94d-57a0-4545-b387-d428f64e3f33:c5634]
2019-07-09 16:26:22,667 INFO  client.GrpcClientProtocolClient (GrpcClientProtocolClient.java:onNext(255)) - client-0F1B900A64BD->9bf35ae9-4da0-4371-87fa-54ea3ce1f280: receive RaftClientReply:client-0F1B900A64BD->9bf35ae9-4da0-4371-87fa-54ea3ce1f280@group-432E83AF5B55, cid=3742, SUCCESS, logIndex=0, commits[9bf35ae9-4da0-4371-87fa-54ea3ce1f280:c5641, 0cc34542-3a00-466e-ae84-194b84d3af7b:c5638, d451d94d-57a0-4545-b387-d428f64e3f33:c5636]
 0.00% |█                                                                                                    |  0/1 Time: 0:00:34 0.00% |█                                                                                                    |  0/1 Time: 0:00:35 0.00% |█                                                                                                    |  0/1 Time: 0:00:362019-07-09 16:26:25,675 WARN  server.GrpcLogAppender (GrpcLogAppender.java:timeoutAppendRequest(200)) - GrpcLogAppender(9bf35ae9-4da0-4371-87fa-54ea3ce1f280->d451d94d-57a0-4545-b387-d428f64e3f33): appendEntries Timeout, request=9bf35ae9-4da0-4371-87fa-54ea3ce1f280->d451d94d-57a0-4545-b387-d428f64e3f33#5681-t1, previous=(t:1, i:5642), leaderCommit=5642, initializing? false, entries: size=1, first=(t:1, i:5643), STATEMACHINELOGENTRY, client-0F1B900A64BD, cid=3743
2019-07-09 16:26:25,675 WARN  server.GrpcLogAppender (GrpcLogAppender.java:timeoutAppendRequest(200)) - GrpcLogAppender(9bf35ae9-4da0-4371-87fa-54ea3ce1f280->0cc34542-3a00-466e-ae84-194b84d3af7b): appendEntries Timeout, request=9bf35ae9-4da0-4371-87fa-54ea3ce1f280->0cc34542-3a00-466e-ae84-194b84d3af7b#5681-t1, previous=(t:1, i:5642), leaderCommit=5642, initializing? false, entries: size=1, first=(t:1, i:5643), STATEMACHINELOGENTRY, client-0F1B900A64BD, cid=3743
2019-07-09 16:26:25,677 WARN  server.GrpcLogAppender (GrpcLogAppender.java:timeoutAppendRequest(200)) - GrpcLogAppender(9bf35ae9-4da0-4371-87fa-54ea3ce1f280->d451d94d-57a0-4545-b387-d428f64e3f33): appendEntries Timeout, request=9bf35ae9-4da0-4371-87fa-54ea3ce1f280->d451d94d-57a0-4545-b387-d428f64e3f33#5682-t1, previous=(t:1, i:5643), leaderCommit=5642, initializing? false, entries: size=1, first=(t:1, i:5644), STATEMACHINELOGENTRY, client-0F1B900A64BD, cid=3744
2019-07-09 16:26:25,678 WARN  server.GrpcLogAppender (GrpcLogAppender.java:timeoutAppendRequest(200)) - GrpcLogAppender(9bf35ae9-4da0-4371-87fa-54ea3ce1f280->0cc34542-3a00-466e-ae84-194b84d3af7b): appendEntries Timeout, request=9bf35ae9-4da0-4371-87fa-54ea3ce1f280->0cc34542-3a00-466e-ae84-194b84d3af7b#5682-t1, previous=(t:1, i:5643), leaderCommit=5642, initializing? false, entries: size=1, first=(t:1, i:5644), STATEMACHINELOGENTRY, client-0F1B900A64BD, cid=3744
2019-07-09 16:26:25,949 WARN  server.GrpcLogAppender (GrpcLogAppender.java:onNextImpl(250)) - org.apache.ratis.grpc.server.GrpcLogAppender$AppendLogResponseHandler@34b44e78: Request not found, ignoring reply: 9bf35ae9-4da0-4371-87fa-54ea3ce1f280<-d451d94d-57a0-4545-b387-d428f64e3f33#5681:OK,SUCCESS,nextIndex:5644,term:1,followerCommit:5642
2019-07-09 16:26:25,949 WARN  server.GrpcLogAppender (GrpcLogAppender.java:onNextImpl(250)) - org.apache.ratis.grpc.server.GrpcLogAppender$AppendLogResponseHandler@6af20cec: Request not found, ignoring reply: 9bf35ae9-4da0-4371-87fa-54ea3ce1f280<-0cc34542-3a00-466e-ae84-194b84d3af7b#5681:OK,SUCCESS,nextIndex:5644,term:1,followerCommit:5642
2019-07-09 16:26:25,949 WARN  server.GrpcLogAppender (GrpcLogAppender.java:onNextImpl(250)) - org.apache.ratis.grpc.server.GrpcLogAppender$AppendLogResponseHandler@34b44e78: Request not found, ignoring reply: 9bf35ae9-4da0-4371-87fa-54ea3ce1f280<-d451d94d-57a0-4545-b387-d428f64e3f33#5682:OK,SUCCESS,nextIndex:5645,term:1,followerCommit:5642
2019-07-09 16:26:25,950 WARN  server.GrpcLogAppender (GrpcLogAppender.java:onNextImpl(250)) - org.apache.ratis.grpc.server.GrpcLogAppender$AppendLogResponseHandler@6af20cec: Request not found, ignoring reply: 9bf35ae9-4da0-4371-87fa-54ea3ce1f280<-0cc34542-3a00-466e-ae84-194b84d3af7b#5682:OK,SUCCESS,nextIndex:5645,term:1,followerCommit:5642
2019-07-09 16:26:25,951 INFO  client.GrpcClientProtocolClient (GrpcClientProtocolClient.java:onNext(255)) - client-0F1B900A64BD->9bf35ae9-4da0-4371-87fa-54ea3ce1f280: receive RaftClientReply:client-0F1B900A64BD->9bf35ae9-4da0-4371-87fa-54ea3ce1f280@group-432E83AF5B55, cid=3743, SUCCESS, logIndex=5643, commits[9bf35ae9-4da0-4371-87fa-54ea3ce1f280:c5644, 0cc34542-3a00-466e-ae84-194b84d3af7b:c5642, d451d94d-57a0-4545-b387-d428f64e3f33:c5642]
2019-07-09 16:26:25,952 INFO  client.GrpcClientProtocolClient (GrpcClientProtocolClient.java:onNext(255)) - client-0F1B900A64BD->9bf35ae9-4da0-4371-87fa-54ea3ce1f280: receive RaftClientReply:client-0F1B900A64BD->9bf35ae9-4da0-4371-87fa-54ea3ce1f280@group-432E83AF5B55, cid=3744, SUCCESS, logIndex=5644, commits[9bf35ae9-4da0-4371-87fa-54ea3ce1f280:c5644, 0cc34542-3a00-466e-ae84-194b84d3af7b:c5642, d451d94d-57a0-4545-b387-d428f64e3f33:c5642]
 0.00% |█                                                                                                    |  0/1 Time: 0:00:37 0.00% |█                                                                                                    |  0/1 Time: 0:00:38 0.00% |█                                                                                                    |  0/1 Time: 0:00:39 0.00% |█                                                                                                    |  0/1 Time: 0:00:40 0.00% |█                                                                                                    |  0/1 Time: 0:00:41 0.00% |█                                                                                                    |  0/1 Time: 0:00:422019-07-09 16:26:31,768 INFO  client.GrpcClientProtocolClient (GrpcClientProtocolClient.java:onNext(255)) - client-0F1B900A64BD->d451d94d-57a0-4545-b387-d428f64e3f33: receive RaftClientReply:client-0F1B900A64BD->d451d94d-57a0-4545-b387-d428f64e3f33@group-432E83AF5B55, cid=3743, FAILED org.apache.ratis.protocol.NotLeaderException: Server d451d94d-57a0-4545-b387-d428f64e3f33 is not the leader (9bf35ae9-4da0-4371-87fa-54ea3ce1f280:192.168.157.254:45713). Request must be sent to leader., logIndex=0, commits[d451d94d-57a0-4545-b387-d428f64e3f33:c5645, 0cc34542-3a00-466e-ae84-194b84d3af7b:c5645, 9bf35ae9-4da0-4371-87fa-54ea3ce1f280:c5645]
2019-07-09 16:26:31,793 INFO  client.GrpcClientProtocolClient (GrpcClientProtocolClient.java:onNext(255)) - client-0F1B900A64BD->9bf35ae9-4da0-4371-87fa-54ea3ce1f280: receive RaftClientReply:client-0F1B900A64BD->9bf35ae9-4da0-4371-87fa-54ea3ce1f280@group-432E83AF5B55, cid=3743, SUCCESS, logIndex=5643, commits[9bf35ae9-4da0-4371-87fa-54ea3ce1f280:c5644, 0cc34542-3a00-466e-ae84-194b84d3af7b:c5642, d451d94d-57a0-4545-b387-d428f64e3f33:c5642]
2019-07-09 16:26:31,801 INFO  client.GrpcClientProtocolClient (GrpcClientProtocolClient.java:onNext(255)) - client-0F1B900A64BD->9bf35ae9-4da0-4371-87fa-54ea3ce1f280: receive RaftClientReply:client-0F1B900A64BD->9bf35ae9-4da0-4371-87fa-54ea3ce1f280@group-432E83AF5B55, cid=3744, SUCCESS, logIndex=5644, commits[9bf35ae9-4da0-4371-87fa-54ea3ce1f280:c5644, 0cc34542-3a00-466e-ae84-194b84d3af7b:c5642, d451d94d-57a0-4545-b387-d428f64e3f33:c5642]
 0.00% |█                                                                                                    |  0/1 Time: 0:00:432019-07-09 16:26:33,039 INFO  client.GrpcClientProtocolClient (GrpcClientProtocolClient.java:onNext(255)) - client-0F1B900A64BD->9bf35ae9-4da0-4371-87fa-54ea3ce1f280: receive RaftClientReply:client-0F1B900A64BD->9bf35ae9-4da0-4371-87fa-54ea3ce1f280@group-432E83AF5B55, cid=3745, SUCCESS, logIndex=5646, commits[9bf35ae9-4da0-4371-87fa-54ea3ce1f280:c5647, 0cc34542-3a00-466e-ae84-194b84d3af7b:c5645, d451d94d-57a0-4545-b387-d428f64e3f33:c5645]
2019-07-09 16:26:33,040 INFO  client.GrpcClientProtocolClient (GrpcClientProtocolClient.java:onNext(255)) - client-0F1B900A64BD->9bf35ae9-4da0-4371-87fa-54ea3ce1f280: receive RaftClientReply:client-0F1B900A64BD->9bf35ae9-4da0-4371-87fa-54ea3ce1f280@group-432E83AF5B55, cid=3746, SUCCESS, logIndex=5647, commits[9bf35ae9-4da0-4371-87fa-54ea3ce1f280:c5647, 0cc34542-3a00-466e-ae84-194b84d3af7b:c5645, d451d94d-57a0-4545-b387-d428f64e3f33:c5645]
 0.00% |█                                                                                                    |  0/1 Time: 0:00:44 0.00% |█                                                                                                    |  0/1 Time: 0:00:45 0.00% |█                                                                                                    |  0/1 Time: 0:00:462019-07-09 16:26:35,998 WARN  server.GrpcLogAppender (GrpcLogAppender.java:timeoutAppendRequest(200)) - GrpcLogAppender(9bf35ae9-4da0-4371-87fa-54ea3ce1f280->d451d94d-57a0-4545-b387-d428f64e3f33): appendEntries Timeout, request=9bf35ae9-4da0-4371-87fa-54ea3ce1f280->d451d94d-57a0-4545-b387-d428f64e3f33#5705-t1, previous=(t:1, i:5647), leaderCommit=5646, initializing? false, entries: size=1, first=(t:1, i:5648), METADATAENTRY(c5646)
2019-07-09 16:26:35,998 WARN  server.GrpcLogAppender (GrpcLogAppender.java:timeoutAppendRequest(200)) - GrpcLogAppender(9bf35ae9-4da0-4371-87fa-54ea3ce1f280->0cc34542-3a00-466e-ae84-194b84d3af7b): appendEntries Timeout, request=9bf35ae9-4da0-4371-87fa-54ea3ce1f280->0cc34542-3a00-466e-ae84-194b84d3af7b#5705-t1, previous=(t:1, i:5647), leaderCommit=5646, initializing? false, entries: size=1, first=(t:1, i:5648), METADATAENTRY(c5646)
2019-07-09 16:26:35,998 WARN  server.GrpcLogAppender (GrpcLogAppender.java:timeoutAppendRequest(200)) - GrpcLogAppender(9bf35ae9-4da0-4371-87fa-54ea3ce1f280->d451d94d-57a0-4545-b387-d428f64e3f33): appendEntries Timeout, request=9bf35ae9-4da0-4371-87fa-54ea3ce1f280->d451d94d-57a0-4545-b387-d428f64e3f33#5706-t1, previous=(t:1, i:5648), leaderCommit=5647, initializing? false, entries: size=1, first=(t:1, i:5649), METADATAENTRY(c5647)
2019-07-09 16:26:35,999 WARN  server.GrpcLogAppender (GrpcLogAppender.java:timeoutAppendRequest(200)) - GrpcLogAppender(9bf35ae9-4da0-4371-87fa-54ea3ce1f280->0cc34542-3a00-466e-ae84-194b84d3af7b): appendEntries Timeout, request=9bf35ae9-4da0-4371-87fa-54ea3ce1f280->0cc34542-3a00-466e-ae84-194b84d3af7b#5706-t1, previous=(t:1, i:5648), leaderCommit=5647, initializing? false, entries: size=1, first=(t:1, i:5649), METADATAENTRY(c5647)
 0.00% |█                                                                                                    |  0/1 Time: 0:00:472019-07-09 16:26:36,499 WARN  server.GrpcLogAppender (GrpcLogAppender.java:timeoutAppendRequest(200)) - GrpcLogAppender(9bf35ae9-4da0-4371-87fa-54ea3ce1f280->0cc34542-3a00-466e-ae84-194b84d3af7b): appendEntries Timeout, request=9bf35ae9-4da0-4371-87fa-54ea3ce1f280->0cc34542-3a00-466e-ae84-194b84d3af7b#5707-t1, previous=(t:1, i:5649), leaderCommit=5647, initializing? false, entries: <empty>
2019-07-09 16:26:36,499 WARN  server.GrpcLogAppender (GrpcLogAppender.java:timeoutAppendRequest(200)) - GrpcLogAppender(9bf35ae9-4da0-4371-87fa-54ea3ce1f280->d451d94d-57a0-4545-b387-d428f64e3f33): appendEntries Timeout, request=9bf35ae9-4da0-4371-87fa-54ea3ce1f280->d451d94d-57a0-4545-b387-d428f64e3f33#5707-t1, previous=(t:1, i:5649), leaderCommit=5647, initializing? false, entries: <empty>
2019-07-09 16:26:36,999 WARN  server.GrpcLogAppender (GrpcLogAppender.java:timeoutAppendRequest(200)) - GrpcLogAppender(9bf35ae9-4da0-4371-87fa-54ea3ce1f280->d451d94d-57a0-4545-b387-d428f64e3f33): appendEntries Timeout, request=9bf35ae9-4da0-4371-87fa-54ea3ce1f280->d451d94d-57a0-4545-b387-d428f64e3f33#5708-t1, previous=(t:1, i:5649), leaderCommit=5647, initializing? false, entries: <empty>
2019-07-09 16:26:36,999 WARN  server.GrpcLogAppender (GrpcLogAppender.java:timeoutAppendRequest(200)) - GrpcLogAppender(9bf35ae9-4da0-4371-87fa-54ea3ce1f280->0cc34542-3a00-466e-ae84-194b84d3af7b): appendEntries Timeout, request=9bf35ae9-4da0-4371-87fa-54ea3ce1f280->0cc34542-3a00-466e-ae84-194b84d3af7b#5708-t1, previous=(t:1, i:5649), leaderCommit=5647, initializing? false, entries: <empty>
 0.00% |█                                                                                                    |  0/1 Time: 0:00:482019-07-09 16:26:37,499 WARN  server.GrpcLogAppender (GrpcLogAppender.java:timeoutAppendRequest(200)) - GrpcLogAppender(9bf35ae9-4da0-4371-87fa-54ea3ce1f280->d451d94d-57a0-4545-b387-d428f64e3f33): appendEntries Timeout, request=9bf35ae9-4da0-4371-87fa-54ea3ce1f280->d451d94d-57a0-4545-b387-d428f64e3f33#5709-t1, previous=(t:1, i:5649), leaderCommit=5647, initializing? false, entries: <empty>
2019-07-09 16:26:37,499 WARN  server.GrpcLogAppender (GrpcLogAppender.java:timeoutAppendRequest(200)) - GrpcLogAppender(9bf35ae9-4da0-4371-87fa-54ea3ce1f280->0cc34542-3a00-466e-ae84-194b84d3af7b): appendEntries Timeout, request=9bf35ae9-4da0-4371-87fa-54ea3ce1f280->0cc34542-3a00-466e-ae84-194b84d3af7b#5709-t1, previous=(t:1, i:5649), leaderCommit=5647, initializing? false, entries: <empty>
2019-07-09 16:26:37,897 WARN  server.GrpcLogAppender (GrpcLogAppender.java:onNextImpl(250)) - org.apache.ratis.grpc.server.GrpcLogAppender$AppendLogResponseHandler@34b44e78: Request not found, ignoring reply: 9bf35ae9-4da0-4371-87fa-54ea3ce1f280<-d451d94d-57a0-4545-b387-d428f64e3f33#5705:OK,SUCCESS,nextIndex:5649,term:1,followerCommit:5647
2019-07-09 16:26:37,897 WARN  server.GrpcLogAppender (GrpcLogAppender.java:onNextImpl(250)) - org.apache.ratis.grpc.server.GrpcLogAppender$AppendLogResponseHandler@6af20cec: Request not found, ignoring reply: 9bf35ae9-4da0-4371-87fa-54ea3ce1f280<-0cc34542-3a00-466e-ae84-194b84d3af7b#5705:OK,SUCCESS,nextIndex:5649,term:1,followerCommit:5647
2019-07-09 16:26:37,999 WARN  server.GrpcLogAppender (GrpcLogAppender.java:timeoutAppendRequest(200)) - GrpcLogAppender(9bf35ae9-4da0-4371-87fa-54ea3ce1f280->0cc34542-3a00-466e-ae84-194b84d3af7b): appendEntries Timeout, request=9bf35ae9-4da0-4371-87fa-54ea3ce1f280->0cc34542-3a00-466e-ae84-194b84d3af7b#5710-t1, previous=(t:1, i:5649), leaderCommit=5647, initializing? false, entries: <empty>
2019-07-09 16:26:37,999 WARN  server.GrpcLogAppender (GrpcLogAppender.java:timeoutAppendRequest(200)) - GrpcLogAppender(9bf35ae9-4da0-4371-87fa-54ea3ce1f280->d451d94d-57a0-4545-b387-d428f64e3f33): appendEntries Timeout, request=9bf35ae9-4da0-4371-87fa-54ea3ce1f280->d451d94d-57a0-4545-b387-d428f64e3f33#5710-t1, previous=(t:1, i:5649), leaderCommit=5647, initializing? false, entries: <empty>
2019-07-09 16:26:38,043 WARN  scm.XceiverClientRatis (XceiverClientRatis.java:watchForCommit(262)) - 3 way commit failed 
java.util.concurrent.TimeoutException
	at java.util.concurrent.CompletableFuture.timedGet(CompletableFuture.java:1771)
	at java.util.concurrent.CompletableFuture.get(CompletableFuture.java:1915)
	at org.apache.hadoop.hdds.scm.XceiverClientRatis.watchForCommit(XceiverClientRatis.java:259)
	at org.apache.hadoop.hdds.scm.storage.CommitWatcher.watchForCommit(CommitWatcher.java:194)
	at org.apache.hadoop.hdds.scm.storage.CommitWatcher.watchOnLastIndex(CommitWatcher.java:157)
	at org.apache.hadoop.hdds.scm.storage.BlockOutputStream.watchForCommit(BlockOutputStream.java:355)
	at org.apache.hadoop.hdds.scm.storage.BlockOutputStream.handleFlush(BlockOutputStream.java:486)
	at org.apache.hadoop.hdds.scm.storage.BlockOutputStream.close(BlockOutputStream.java:500)
	at org.apache.hadoop.ozone.client.io.BlockOutputStreamEntry.close(BlockOutputStreamEntry.java:143)
	at org.apache.hadoop.ozone.client.io.KeyOutputStream.handleFlushOrClose(KeyOutputStream.java:438)
	at org.apache.hadoop.ozone.client.io.KeyOutputStream.handleWrite(KeyOutputStream.java:235)
	at org.apache.hadoop.ozone.client.io.KeyOutputStream.write(KeyOutputStream.java:193)
	at org.apache.hadoop.ozone.client.io.OzoneOutputStream.write(OzoneOutputStream.java:49)
	at org.apache.hadoop.ozone.freon.RandomKeyGenerator$KeyProcessor.run(RandomKeyGenerator.java:693)
	at java.util.concurrent.Executors$RunnableAdapter.call(Executors.java:511)
	at java.util.concurrent.FutureTask.run(FutureTask.java:266)
	at java.util.concurrent.ThreadPoolExecutor.runWorker(ThreadPoolExecutor.java:1149)
	at java.util.concurrent.ThreadPoolExecutor$Worker.run(ThreadPoolExecutor.java:624)
	at java.lang.Thread.run(Thread.java:748)
 0.00% |█                                                                                                    |  0/1 Time: 0:00:492019-07-09 16:26:38,500 WARN  server.GrpcLogAppender (GrpcLogAppender.java:timeoutAppendRequest(200)) - GrpcLogAppender(9bf35ae9-4da0-4371-87fa-54ea3ce1f280->d451d94d-57a0-4545-b387-d428f64e3f33): appendEntries Timeout, request=9bf35ae9-4da0-4371-87fa-54ea3ce1f280->d451d94d-57a0-4545-b387-d428f64e3f33#5711-t1, previous=(t:1, i:5649), leaderCommit=5647, initializing? false, entries: <empty>
2019-07-09 16:26:38,500 WARN  server.GrpcLogAppender (GrpcLogAppender.java:timeoutAppendRequest(200)) - GrpcLogAppender(9bf35ae9-4da0-4371-87fa-54ea3ce1f280->0cc34542-3a00-466e-ae84-194b84d3af7b): appendEntries Timeout, request=9bf35ae9-4da0-4371-87fa-54ea3ce1f280->0cc34542-3a00-466e-ae84-194b84d3af7b#5711-t1, previous=(t:1, i:5649), leaderCommit=5647, initializing? false, entries: <empty>
2019-07-09 16:26:39,000 WARN  server.GrpcLogAppender (GrpcLogAppender.java:timeoutAppendRequest(200)) - GrpcLogAppender(9bf35ae9-4da0-4371-87fa-54ea3ce1f280->0cc34542-3a00-466e-ae84-194b84d3af7b): appendEntries Timeout, request=9bf35ae9-4da0-4371-87fa-54ea3ce1f280->0cc34542-3a00-466e-ae84-194b84d3af7b#5712-t1, previous=(t:1, i:5649), leaderCommit=5647, initializing? false, entries: <empty>
2019-07-09 16:26:39,000 WARN  server.GrpcLogAppender (GrpcLogAppender.java:timeoutAppendRequest(200)) - GrpcLogAppender(9bf35ae9-4da0-4371-87fa-54ea3ce1f280->d451d94d-57a0-4545-b387-d428f64e3f33): appendEntries Timeout, request=9bf35ae9-4da0-4371-87fa-54ea3ce1f280->d451d94d-57a0-4545-b387-d428f64e3f33#5712-t1, previous=(t:1, i:5649), leaderCommit=5647, initializing? false, entries: <empty>
 0.00% |█                                                                                                    |  0/1 Time: 0:00:502019-07-09 16:26:39,219 WARN  server.GrpcLogAppender (GrpcLogAppender.java:onNextImpl(250)) - org.apache.ratis.grpc.server.GrpcLogAppender$AppendLogResponseHandler@6af20cec: Request not found, ignoring reply: 9bf35ae9-4da0-4371-87fa-54ea3ce1f280<-0cc34542-3a00-466e-ae84-194b84d3af7b#5706:OK,SUCCESS,nextIndex:5650,term:1,followerCommit:5647
2019-07-09 16:26:39,219 WARN  server.GrpcLogAppender (GrpcLogAppender.java:onNextImpl(250)) - org.apache.ratis.grpc.server.GrpcLogAppender$AppendLogResponseHandler@6af20cec: Request not found, ignoring reply: 9bf35ae9-4da0-4371-87fa-54ea3ce1f280<-0cc34542-3a00-466e-ae84-194b84d3af7b#5707:OK,SUCCESS,nextIndex:5650,term:1,followerCommit:5647
2019-07-09 16:26:39,219 WARN  server.GrpcLogAppender (GrpcLogAppender.java:onNextImpl(250)) - org.apache.ratis.grpc.server.GrpcLogAppender$AppendLogResponseHandler@6af20cec: Request not found, ignoring reply: 9bf35ae9-4da0-4371-87fa-54ea3ce1f280<-0cc34542-3a00-466e-ae84-194b84d3af7b#5708:OK,SUCCESS,nextIndex:5650,term:1,followerCommit:5647
2019-07-09 16:26:39,220 WARN  server.GrpcLogAppender (GrpcLogAppender.java:onNextImpl(250)) - org.apache.ratis.grpc.server.GrpcLogAppender$AppendLogResponseHandler@34b44e78: Request not found, ignoring reply: 9bf35ae9-4da0-4371-87fa-54ea3ce1f280<-d451d94d-57a0-4545-b387-d428f64e3f33#5706:OK,SUCCESS,nextIndex:5650,term:1,followerCommit:5647
2019-07-09 16:26:39,220 WARN  server.GrpcLogAppender (GrpcLogAppender.java:onNextImpl(250)) - org.apache.ratis.grpc.server.GrpcLogAppender$AppendLogResponseHandler@6af20cec: Request not found, ignoring reply: 9bf35ae9-4da0-4371-87fa-54ea3ce1f280<-0cc34542-3a00-466e-ae84-194b84d3af7b#5709:OK,SUCCESS,nextIndex:5650,term:1,followerCommit:5647
2019-07-09 16:26:39,220 WARN  server.GrpcLogAppender (GrpcLogAppender.java:onNextImpl(250)) - org.apache.ratis.grpc.server.GrpcLogAppender$AppendLogResponseHandler@34b44e78: Request not found, ignoring reply: 9bf35ae9-4da0-4371-87fa-54ea3ce1f280<-d451d94d-57a0-4545-b387-d428f64e3f33#5707:OK,SUCCESS,nextIndex:5650,term:1,followerCommit:5647
2019-07-09 16:26:39,220 WARN  server.GrpcLogAppender (GrpcLogAppender.java:onNextImpl(250)) - org.apache.ratis.grpc.server.GrpcLogAppender$AppendLogResponseHandler@6af20cec: Request not found, ignoring reply: 9bf35ae9-4da0-4371-87fa-54ea3ce1f280<-0cc34542-3a00-466e-ae84-194b84d3af7b#5710:OK,SUCCESS,nextIndex:5650,term:1,followerCommit:5647
2019-07-09 16:26:39,220 WARN  server.GrpcLogAppender (GrpcLogAppender.java:onNextImpl(250)) - org.apache.ratis.grpc.server.GrpcLogAppender$AppendLogResponseHandler@34b44e78: Request not found, ignoring reply: 9bf35ae9-4da0-4371-87fa-54ea3ce1f280<-d451d94d-57a0-4545-b387-d428f64e3f33#5708:OK,SUCCESS,nextIndex:5650,term:1,followerCommit:5647
2019-07-09 16:26:39,220 WARN  server.GrpcLogAppender (GrpcLogAppender.java:onNextImpl(250)) - org.apache.ratis.grpc.server.GrpcLogAppender$AppendLogResponseHandler@6af20cec: Request not found, ignoring reply: 9bf35ae9-4da0-4371-87fa-54ea3ce1f280<-0cc34542-3a00-466e-ae84-194b84d3af7b#5711:OK,SUCCESS,nextIndex:5650,term:1,followerCommit:5647
2019-07-09 16:26:39,221 WARN  server.GrpcLogAppender (GrpcLogAppender.java:onNextImpl(250)) - org.apache.ratis.grpc.server.GrpcLogAppender$AppendLogResponseHandler@34b44e78: Request not found, ignoring reply: 9bf35ae9-4da0-4371-87fa-54ea3ce1f280<-d451d94d-57a0-4545-b387-d428f64e3f33#5709:OK,SUCCESS,nextIndex:5650,term:1,followerCommit:5647
2019-07-09 16:26:39,221 WARN  server.GrpcLogAppender (GrpcLogAppender.java:onNextImpl(250)) - org.apache.ratis.grpc.server.GrpcLogAppender$AppendLogResponseHandler@6af20cec: Request not found, ignoring reply: 9bf35ae9-4da0-4371-87fa-54ea3ce1f280<-0cc34542-3a00-466e-ae84-194b84d3af7b#5712:OK,SUCCESS,nextIndex:5650,term:1,followerCommit:5647
2019-07-09 16:26:39,221 WARN  server.GrpcLogAppender (GrpcLogAppender.java:onNextImpl(250)) - org.apache.ratis.grpc.server.GrpcLogAppender$AppendLogResponseHandler@34b44e78: Request not found, ignoring reply: 9bf35ae9-4da0-4371-87fa-54ea3ce1f280<-d451d94d-57a0-4545-b387-d428f64e3f33#5710:OK,SUCCESS,nextIndex:5650,term:1,followerCommit:5647
2019-07-09 16:26:39,221 WARN  server.GrpcLogAppender (GrpcLogAppender.java:onNextImpl(250)) - org.apache.ratis.grpc.server.GrpcLogAppender$AppendLogResponseHandler@34b44e78: Request not found, ignoring reply: 9bf35ae9-4da0-4371-87fa-54ea3ce1f280<-d451d94d-57a0-4545-b387-d428f64e3f33#5711:OK,SUCCESS,nextIndex:5650,term:1,followerCommit:5647
2019-07-09 16:26:39,221 WARN  server.GrpcLogAppender (GrpcLogAppender.java:onNextImpl(250)) - org.apache.ratis.grpc.server.GrpcLogAppender$AppendLogResponseHandler@34b44e78: Request not found, ignoring reply: 9bf35ae9-4da0-4371-87fa-54ea3ce1f280<-d451d94d-57a0-4545-b387-d428f64e3f33#5712:OK,SUCCESS,nextIndex:5650,term:1,followerCommit:5647
2019-07-09 16:26:39,222 INFO  client.GrpcClientProtocolClient (GrpcClientProtocolClient.java:onNext(255)) - client-0F1B900A64BD->9bf35ae9-4da0-4371-87fa-54ea3ce1f280: receive RaftClientReply:client-0F1B900A64BD->9bf35ae9-4da0-4371-87fa-54ea3ce1f280@group-432E83AF5B55, cid=3748, SUCCESS, logIndex=0, commits[9bf35ae9-4da0-4371-87fa-54ea3ce1f280:c5647, 0cc34542-3a00-466e-ae84-194b84d3af7b:c5647, d451d94d-57a0-4545-b387-d428f64e3f33:c5645]
2019-07-09 16:26:39,223 INFO  client.GrpcClientProtocolClient (GrpcClientProtocolClient.java:onNext(255)) - client-0F1B900A64BD->9bf35ae9-4da0-4371-87fa-54ea3ce1f280: receive RaftClientReply:client-0F1B900A64BD->9bf35ae9-4da0-4371-87fa-54ea3ce1f280@group-432E83AF5B55, cid=3747, SUCCESS, logIndex=0, commits[9bf35ae9-4da0-4371-87fa-54ea3ce1f280:c5649, 0cc34542-3a00-466e-ae84-194b84d3af7b:c5647, d451d94d-57a0-4545-b387-d428f64e3f33:c5647]
2019-07-09 16:26:39,223 INFO  client.GrpcClientProtocolClient (GrpcClientProtocolClient.java:onNext(255)) - client-0F1B900A64BD->9bf35ae9-4da0-4371-87fa-54ea3ce1f280: receive RaftClientReply:client-0F1B900A64BD->9bf35ae9-4da0-4371-87fa-54ea3ce1f280@group-432E83AF5B55, cid=3747, SUCCESS, logIndex=0, commits[9bf35ae9-4da0-4371-87fa-54ea3ce1f280:c5649, 0cc34542-3a00-466e-ae84-194b84d3af7b:c5647, d451d94d-57a0-4545-b387-d428f64e3f33:c5647]
2019-07-09 16:26:39,226 INFO  scm.XceiverClientRatis (XceiverClientRatis.java:lambda$watchForCommit$7(280)) - Could not commit 5647 to all the nodes. Server d451d94d-57a0-4545-b387-d428f64e3f33 has failed. Committed by majority.
2019-07-09 16:26:39,293 INFO  client.GrpcClientProtocolClient (GrpcClientProtocolClient.java:onNext(255)) - client-1AA11D0602B0->0cc34542-3a00-466e-ae84-194b84d3af7b: receive RaftClientReply:client-1AA11D0602B0->0cc34542-3a00-466e-ae84-194b84d3af7b@group-432E83AF5B55, cid=3749, FAILED org.apache.ratis.protocol.NotLeaderException: Server 0cc34542-3a00-466e-ae84-194b84d3af7b is not the leader (9bf35ae9-4da0-4371-87fa-54ea3ce1f280:192.168.157.254:45713). Request must be sent to leader., logIndex=0, commits[0cc34542-3a00-466e-ae84-194b84d3af7b:c5647, d451d94d-57a0-4545-b387-d428f64e3f33:c5645, 9bf35ae9-4da0-4371-87fa-54ea3ce1f280:c5647]
 0.00% |█                                                                                                    |  0/1 Time: 0:00:51 0.00% |█                                                                                                    |  0/1 Time: 0:00:52 0.00% |█                                                                                                    |  0/1 Time: 0:00:532019-07-09 16:26:42,322 WARN  server.GrpcLogAppender (GrpcLogAppender.java:timeoutAppendRequest(200)) - GrpcLogAppender(9bf35ae9-4da0-4371-87fa-54ea3ce1f280->d451d94d-57a0-4545-b387-d428f64e3f33): appendEntries Timeout, request=9bf35ae9-4da0-4371-87fa-54ea3ce1f280->d451d94d-57a0-4545-b387-d428f64e3f33#5718-t1, previous=(t:1, i:5649), leaderCommit=5649, initializing? false, entries: size=1, first=(t:1, i:5650), STATEMACHINELOGENTRY, client-1AA11D0602B0, cid=3749
2019-07-09 16:26:42,322 WARN  server.GrpcLogAppender (GrpcLogAppender.java:timeoutAppendRequest(200)) - GrpcLogAppender(9bf35ae9-4da0-4371-87fa-54ea3ce1f280->0cc34542-3a00-466e-ae84-194b84d3af7b): appendEntries Timeout, request=9bf35ae9-4da0-4371-87fa-54ea3ce1f280->0cc34542-3a00-466e-ae84-194b84d3af7b#5718-t1, previous=(t:1, i:5649), leaderCommit=5649, initializing? false, entries: size=1, first=(t:1, i:5650), STATEMACHINELOGENTRY, client-1AA11D0602B0, cid=3749
2019-07-09 16:26:42,815 WARN  server.GrpcLogAppender (GrpcLogAppender.java:timeoutAppendRequest(200)) - GrpcLogAppender(9bf35ae9-4da0-4371-87fa-54ea3ce1f280->0cc34542-3a00-466e-ae84-194b84d3af7b): appendEntries Timeout, request=9bf35ae9-4da0-4371-87fa-54ea3ce1f280->0cc34542-3a00-466e-ae84-194b84d3af7b#5719-t1, previous=(t:1, i:5650), leaderCommit=5649, initializing? false, entries: <empty>
2019-07-09 16:26:42,815 WARN  server.GrpcLogAppender (GrpcLogAppender.java:timeoutAppendRequest(200)) - GrpcLogAppender(9bf35ae9-4da0-4371-87fa-54ea3ce1f280->d451d94d-57a0-4545-b387-d428f64e3f33): appendEntries Timeout, request=9bf35ae9-4da0-4371-87fa-54ea3ce1f280->d451d94d-57a0-4545-b387-d428f64e3f33#5719-t1, previous=(t:1, i:5650), leaderCommit=5649, initializing? false, entries: <empty>
2019-07-09 16:26:42,886 WARN  server.GrpcLogAppender (GrpcLogAppender.java:onNextImpl(250)) - org.apache.ratis.grpc.server.GrpcLogAppender$AppendLogResponseHandler@34b44e78: Request not found, ignoring reply: 9bf35ae9-4da0-4371-87fa-54ea3ce1f280<-d451d94d-57a0-4545-b387-d428f64e3f33#5718:OK,SUCCESS,nextIndex:5651,term:1,followerCommit:5649
2019-07-09 16:26:42,886 WARN  server.GrpcLogAppender (GrpcLogAppender.java:onNextImpl(250)) - org.apache.ratis.grpc.server.GrpcLogAppender$AppendLogResponseHandler@6af20cec: Request not found, ignoring reply: 9bf35ae9-4da0-4371-87fa-54ea3ce1f280<-0cc34542-3a00-466e-ae84-194b84d3af7b#5718:OK,SUCCESS,nextIndex:5651,term:1,followerCommit:5649
2019-07-09 16:26:42,886 WARN  server.GrpcLogAppender (GrpcLogAppender.java:onNextImpl(250)) - org.apache.ratis.grpc.server.GrpcLogAppender$AppendLogResponseHandler@34b44e78: Request not found, ignoring reply: 9bf35ae9-4da0-4371-87fa-54ea3ce1f280<-d451d94d-57a0-4545-b387-d428f64e3f33#5719:OK,SUCCESS,nextIndex:5651,term:1,followerCommit:5649
2019-07-09 16:26:42,886 WARN  server.GrpcLogAppender (GrpcLogAppender.java:onNextImpl(250)) - org.apache.ratis.grpc.server.GrpcLogAppender$AppendLogResponseHandler@6af20cec: Request not found, ignoring reply: 9bf35ae9-4da0-4371-87fa-54ea3ce1f280<-0cc34542-3a00-466e-ae84-194b84d3af7b#5719:OK,SUCCESS,nextIndex:5651,term:1,followerCommit:5649
2019-07-09 16:26:42,914 INFO  client.GrpcClientProtocolClient (GrpcClientProtocolClient.java:onNext(255)) - client-1AA11D0602B0->9bf35ae9-4da0-4371-87fa-54ea3ce1f280: receive RaftClientReply:client-1AA11D0602B0->9bf35ae9-4da0-4371-87fa-54ea3ce1f280@group-432E83AF5B55, cid=3749, SUCCESS, logIndex=5650, commits[9bf35ae9-4da0-4371-87fa-54ea3ce1f280:c5650, 0cc34542-3a00-466e-ae84-194b84d3af7b:c5649, d451d94d-57a0-4545-b387-d428f64e3f33:c5649]
 0.00% |█                                                                                                    |  0/1 Time: 0:00:54 0.00% |█                                                                                                    |  0/1 Time: 0:00:55 0.00% |█                                                                                                    |  0/1 Time: 0:00:562019-07-09 16:26:45,887 WARN  server.GrpcLogAppender (GrpcLogAppender.java:timeoutAppendRequest(200)) - GrpcLogAppender(9bf35ae9-4da0-4371-87fa-54ea3ce1f280->d451d94d-57a0-4545-b387-d428f64e3f33): appendEntries Timeout, request=9bf35ae9-4da0-4371-87fa-54ea3ce1f280->d451d94d-57a0-4545-b387-d428f64e3f33#5726-t1, previous=(t:1, i:5650), leaderCommit=5650, initializing? false, entries: size=1, first=(t:1, i:5651), METADATAENTRY(c5650)
2019-07-09 16:26:45,887 WARN  server.GrpcLogAppender (GrpcLogAppender.java:timeoutAppendRequest(200)) - GrpcLogAppender(9bf35ae9-4da0-4371-87fa-54ea3ce1f280->0cc34542-3a00-466e-ae84-194b84d3af7b): appendEntries Timeout, request=9bf35ae9-4da0-4371-87fa-54ea3ce1f280->0cc34542-3a00-466e-ae84-194b84d3af7b#5726-t1, previous=(t:1, i:5650), leaderCommit=5650, initializing? false, entries: size=1, first=(t:1, i:5651), METADATAENTRY(c5650)
 0.00% |█                                                                                                    |  0/1 Time: 0:00:572019-07-09 16:26:46,387 WARN  server.GrpcLogAppender (GrpcLogAppender.java:timeoutAppendRequest(200)) - GrpcLogAppender(9bf35ae9-4da0-4371-87fa-54ea3ce1f280->d451d94d-57a0-4545-b387-d428f64e3f33): appendEntries Timeout, request=9bf35ae9-4da0-4371-87fa-54ea3ce1f280->d451d94d-57a0-4545-b387-d428f64e3f33#5727-t1, previous=(t:1, i:5651), leaderCommit=5650, initializing? false, entries: <empty>
2019-07-09 16:26:46,388 WARN  server.GrpcLogAppender (GrpcLogAppender.java:timeoutAppendRequest(200)) - GrpcLogAppender(9bf35ae9-4da0-4371-87fa-54ea3ce1f280->0cc34542-3a00-466e-ae84-194b84d3af7b): appendEntries Timeout, request=9bf35ae9-4da0-4371-87fa-54ea3ce1f280->0cc34542-3a00-466e-ae84-194b84d3af7b#5727-t1, previous=(t:1, i:5651), leaderCommit=5650, initializing? false, entries: <empty>
2019-07-09 16:26:46,464 WARN  server.GrpcLogAppender (GrpcLogAppender.java:onNextImpl(250)) - org.apache.ratis.grpc.server.GrpcLogAppender$AppendLogResponseHandler@34b44e78: Request not found, ignoring reply: 9bf35ae9-4da0-4371-87fa-54ea3ce1f280<-d451d94d-57a0-4545-b387-d428f64e3f33#5726:OK,SUCCESS,nextIndex:5652,term:1,followerCommit:5650
2019-07-09 16:26:46,464 WARN  server.GrpcLogAppender (GrpcLogAppender.java:onNextImpl(250)) - org.apache.ratis.grpc.server.GrpcLogAppender$AppendLogResponseHandler@6af20cec: Request not found, ignoring reply: 9bf35ae9-4da0-4371-87fa-54ea3ce1f280<-0cc34542-3a00-466e-ae84-194b84d3af7b#5726:OK,SUCCESS,nextIndex:5652,term:1,followerCommit:5650
2019-07-09 16:26:46,465 WARN  server.GrpcLogAppender (GrpcLogAppender.java:onNextImpl(250)) - org.apache.ratis.grpc.server.GrpcLogAppender$AppendLogResponseHandler@34b44e78: Request not found, ignoring reply: 9bf35ae9-4da0-4371-87fa-54ea3ce1f280<-d451d94d-57a0-4545-b387-d428f64e3f33#5727:OK,SUCCESS,nextIndex:5652,term:1,followerCommit:5650
2019-07-09 16:26:46,465 WARN  server.GrpcLogAppender (GrpcLogAppender.java:onNextImpl(250)) - org.apache.ratis.grpc.server.GrpcLogAppender$AppendLogResponseHandler@6af20cec: Request not found, ignoring reply: 9bf35ae9-4da0-4371-87fa-54ea3ce1f280<-0cc34542-3a00-466e-ae84-194b84d3af7b#5727:OK,SUCCESS,nextIndex:5652,term:1,followerCommit:5650
 0.00% |█                                                                                                    |  0/1 Time: 0:00:58 0.00% |█                                                                                                    |  0/1 Time: 0:00:592019-07-09 16:26:48,352 INFO  client.GrpcClientProtocolClient (GrpcClientProtocolClient.java:onNext(255)) - client-1AA11D0602B0->0cc34542-3a00-466e-ae84-194b84d3af7b: receive RaftClientReply:client-1AA11D0602B0->0cc34542-3a00-466e-ae84-194b84d3af7b@group-432E83AF5B55, cid=3749, FAILED org.apache.ratis.protocol.NotLeaderException: Server 0cc34542-3a00-466e-ae84-194b84d3af7b is not the leader (9bf35ae9-4da0-4371-87fa-54ea3ce1f280:192.168.157.254:45713). Request must be sent to leader., logIndex=0, commits[0cc34542-3a00-466e-ae84-194b84d3af7b:c5651, d451d94d-57a0-4545-b387-d428f64e3f33:c5651, 9bf35ae9-4da0-4371-87fa-54ea3ce1f280:c5651]
2019-07-09 16:26:48,378 INFO  client.GrpcClientProtocolClient (GrpcClientProtocolClient.java:onNext(255)) - client-1AA11D0602B0->9bf35ae9-4da0-4371-87fa-54ea3ce1f280: receive RaftClientReply:client-1AA11D0602B0->9bf35ae9-4da0-4371-87fa-54ea3ce1f280@group-432E83AF5B55, cid=3749, SUCCESS, logIndex=5650, commits[9bf35ae9-4da0-4371-87fa-54ea3ce1f280:c5650, 0cc34542-3a00-466e-ae84-194b84d3af7b:c5649, d451d94d-57a0-4545-b387-d428f64e3f33:c5649]
 0.00% |█                                                                                                    |  0/1 Time: 0:01:00 0.00% |█                                                                                                    |  0/1 Time: 0:01:012019-07-09 16:26:50,524 INFO  client.GrpcClientProtocolClient (GrpcClientProtocolClient.java:onNext(255)) - client-1AA11D0602B0->9bf35ae9-4da0-4371-87fa-54ea3ce1f280: receive RaftClientReply:client-1AA11D0602B0->9bf35ae9-4da0-4371-87fa-54ea3ce1f280@group-432E83AF5B55, cid=3750, SUCCESS, logIndex=5652, commits[9bf35ae9-4da0-4371-87fa-54ea3ce1f280:c5652, 0cc34542-3a00-466e-ae84-194b84d3af7b:c5651, d451d94d-57a0-4545-b387-d428f64e3f33:c5651]
2019-07-09 16:26:50,581 INFO  client.GrpcClientProtocolClient (GrpcClientProtocolClient.java:onNext(255)) - client-1AA11D0602B0->9bf35ae9-4da0-4371-87fa-54ea3ce1f280: receive RaftClientReply:client-1AA11D0602B0->9bf35ae9-4da0-4371-87fa-54ea3ce1f280@group-432E83AF5B55, cid=3751, SUCCESS, logIndex=5653, commits[9bf35ae9-4da0-4371-87fa-54ea3ce1f280:c5654, 0cc34542-3a00-466e-ae84-194b84d3af7b:c5651, d451d94d-57a0-4545-b387-d428f64e3f33:c5651]
2019-07-09 16:26:50,583 INFO  client.GrpcClientProtocolClient (GrpcClientProtocolClient.java:onNext(255)) - client-1AA11D0602B0->9bf35ae9-4da0-4371-87fa-54ea3ce1f280: receive RaftClientReply:client-1AA11D0602B0->9bf35ae9-4da0-4371-87fa-54ea3ce1f280@group-432E83AF5B55, cid=3752, SUCCESS, logIndex=5654, commits[9bf35ae9-4da0-4371-87fa-54ea3ce1f280:c5654, 0cc34542-3a00-466e-ae84-194b84d3af7b:c5651, d451d94d-57a0-4545-b387-d428f64e3f33:c5651]
 0.00% |█                                                                                                    |  0/1 Time: 0:01:02 0.00% |█                                                                                                    |  0/1 Time: 0:01:03 0.00% |█                                                                                                    |  0/1 Time: 0:01:042019-07-09 16:26:53,519 WARN  server.GrpcLogAppender (GrpcLogAppender.java:timeoutAppendRequest(200)) - GrpcLogAppender(9bf35ae9-4da0-4371-87fa-54ea3ce1f280->d451d94d-57a0-4545-b387-d428f64e3f33): appendEntries Timeout, request=9bf35ae9-4da0-4371-87fa-54ea3ce1f280->d451d94d-57a0-4545-b387-d428f64e3f33#5744-t1, previous=(t:1, i:5654), leaderCommit=5652, initializing? false, entries: size=1, first=(t:1, i:5655), METADATAENTRY(c5652)
2019-07-09 16:26:53,519 WARN  server.GrpcLogAppender (GrpcLogAppender.java:timeoutAppendRequest(200)) - GrpcLogAppender(9bf35ae9-4da0-4371-87fa-54ea3ce1f280->0cc34542-3a00-466e-ae84-194b84d3af7b): appendEntries Timeout, request=9bf35ae9-4da0-4371-87fa-54ea3ce1f280->0cc34542-3a00-466e-ae84-194b84d3af7b#5744-t1, previous=(t:1, i:5654), leaderCommit=5652, initializing? false, entries: size=1, first=(t:1, i:5655), METADATAENTRY(c5652)
2019-07-09 16:26:53,580 WARN  server.GrpcLogAppender (GrpcLogAppender.java:timeoutAppendRequest(200)) - GrpcLogAppender(9bf35ae9-4da0-4371-87fa-54ea3ce1f280->0cc34542-3a00-466e-ae84-194b84d3af7b): appendEntries Timeout, request=9bf35ae9-4da0-4371-87fa-54ea3ce1f280->0cc34542-3a00-466e-ae84-194b84d3af7b#5745-t1, previous=(t:1, i:5655), leaderCommit=5653, initializing? false, entries: size=1, first=(t:1, i:5656), METADATAENTRY(c5653)
2019-07-09 16:26:53,580 WARN  server.GrpcLogAppender (GrpcLogAppender.java:timeoutAppendRequest(200)) - GrpcLogAppender(9bf35ae9-4da0-4371-87fa-54ea3ce1f280->d451d94d-57a0-4545-b387-d428f64e3f33): appendEntries Timeout, request=9bf35ae9-4da0-4371-87fa-54ea3ce1f280->d451d94d-57a0-4545-b387-d428f64e3f33#5745-t1, previous=(t:1, i:5655), leaderCommit=5653, initializing? false, entries: size=1, first=(t:1, i:5656), METADATAENTRY(c5653)
2019-07-09 16:26:53,580 WARN  server.GrpcLogAppender (GrpcLogAppender.java:timeoutAppendRequest(200)) - GrpcLogAppender(9bf35ae9-4da0-4371-87fa-54ea3ce1f280->0cc34542-3a00-466e-ae84-194b84d3af7b): appendEntries Timeout, request=9bf35ae9-4da0-4371-87fa-54ea3ce1f280->0cc34542-3a00-466e-ae84-194b84d3af7b#5746-t1, previous=(t:1, i:5656), leaderCommit=5654, initializing? false, entries: size=1, first=(t:1, i:5657), METADATAENTRY(c5654)
2019-07-09 16:26:53,580 WARN  server.GrpcLogAppender (GrpcLogAppender.java:timeoutAppendRequest(200)) - GrpcLogAppender(9bf35ae9-4da0-4371-87fa-54ea3ce1f280->d451d94d-57a0-4545-b387-d428f64e3f33): appendEntries Timeout, request=9bf35ae9-4da0-4371-87fa-54ea3ce1f280->d451d94d-57a0-4545-b387-d428f64e3f33#5746-t1, previous=(t:1, i:5656), leaderCommit=5654, initializing? false, entries: size=1, first=(t:1, i:5657), METADATAENTRY(c5654)
 0.00% |█                                                                                                    |  0/1 Time: 0:01:052019-07-09 16:26:54,080 WARN  server.GrpcLogAppender (GrpcLogAppender.java:timeoutAppendRequest(200)) - GrpcLogAppender(9bf35ae9-4da0-4371-87fa-54ea3ce1f280->d451d94d-57a0-4545-b387-d428f64e3f33): appendEntries Timeout, request=9bf35ae9-4da0-4371-87fa-54ea3ce1f280->d451d94d-57a0-4545-b387-d428f64e3f33#5747-t1, previous=(t:1, i:5657), leaderCommit=5654, initializing? false, entries: <empty>
2019-07-09 16:26:54,081 WARN  server.GrpcLogAppender (GrpcLogAppender.java:timeoutAppendRequest(200)) - GrpcLogAppender(9bf35ae9-4da0-4371-87fa-54ea3ce1f280->0cc34542-3a00-466e-ae84-194b84d3af7b): appendEntries Timeout, request=9bf35ae9-4da0-4371-87fa-54ea3ce1f280->0cc34542-3a00-466e-ae84-194b84d3af7b#5747-t1, previous=(t:1, i:5657), leaderCommit=5654, initializing? false, entries: <empty>
2019-07-09 16:26:54,581 WARN  server.GrpcLogAppender (GrpcLogAppender.java:timeoutAppendRequest(200)) - GrpcLogAppender(9bf35ae9-4da0-4371-87fa-54ea3ce1f280->d451d94d-57a0-4545-b387-d428f64e3f33): appendEntries Timeout, request=9bf35ae9-4da0-4371-87fa-54ea3ce1f280->d451d94d-57a0-4545-b387-d428f64e3f33#5748-t1, previous=(t:1, i:5657), leaderCommit=5654, initializing? false, entries: <empty>
2019-07-09 16:26:54,581 WARN  server.GrpcLogAppender (GrpcLogAppender.java:timeoutAppendRequest(200)) - GrpcLogAppender(9bf35ae9-4da0-4371-87fa-54ea3ce1f280->0cc34542-3a00-466e-ae84-194b84d3af7b): appendEntries Timeout, request=9bf35ae9-4da0-4371-87fa-54ea3ce1f280->0cc34542-3a00-466e-ae84-194b84d3af7b#5748-t1, previous=(t:1, i:5657), leaderCommit=5654, initializing? false, entries: <empty>
 0.00% |█                                                                                                    |  0/1 Time: 0:01:062019-07-09 16:26:55,081 WARN  server.GrpcLogAppender (GrpcLogAppender.java:timeoutAppendRequest(200)) - GrpcLogAppender(9bf35ae9-4da0-4371-87fa-54ea3ce1f280->d451d94d-57a0-4545-b387-d428f64e3f33): appendEntries Timeout, request=9bf35ae9-4da0-4371-87fa-54ea3ce1f280->d451d94d-57a0-4545-b387-d428f64e3f33#5749-t1, previous=(t:1, i:5657), leaderCommit=5654, initializing? false, entries: <empty>
2019-07-09 16:26:55,081 WARN  server.GrpcLogAppender (GrpcLogAppender.java:timeoutAppendRequest(200)) - GrpcLogAppender(9bf35ae9-4da0-4371-87fa-54ea3ce1f280->0cc34542-3a00-466e-ae84-194b84d3af7b): appendEntries Timeout, request=9bf35ae9-4da0-4371-87fa-54ea3ce1f280->0cc34542-3a00-466e-ae84-194b84d3af7b#5749-t1, previous=(t:1, i:5657), leaderCommit=5654, initializing? false, entries: <empty>
2019-07-09 16:26:55,581 WARN  server.GrpcLogAppender (GrpcLogAppender.java:timeoutAppendRequest(200)) - GrpcLogAppender(9bf35ae9-4da0-4371-87fa-54ea3ce1f280->d451d94d-57a0-4545-b387-d428f64e3f33): appendEntries Timeout, request=9bf35ae9-4da0-4371-87fa-54ea3ce1f280->d451d94d-57a0-4545-b387-d428f64e3f33#5750-t1, previous=(t:1, i:5657), leaderCommit=5654, initializing? false, entries: <empty>
2019-07-09 16:26:55,581 WARN  server.GrpcLogAppender (GrpcLogAppender.java:timeoutAppendRequest(200)) - GrpcLogAppender(9bf35ae9-4da0-4371-87fa-54ea3ce1f280->0cc34542-3a00-466e-ae84-194b84d3af7b): appendEntries Timeout, request=9bf35ae9-4da0-4371-87fa-54ea3ce1f280->0cc34542-3a00-466e-ae84-194b84d3af7b#5750-t1, previous=(t:1, i:5657), leaderCommit=5654, initializing? false, entries: <empty>
2019-07-09 16:26:55,586 WARN  scm.XceiverClientRatis (XceiverClientRatis.java:watchForCommit(262)) - 3 way commit failed 
java.util.concurrent.TimeoutException
	at java.util.concurrent.CompletableFuture.timedGet(CompletableFuture.java:1771)
	at java.util.concurrent.CompletableFuture.get(CompletableFuture.java:1915)
	at org.apache.hadoop.hdds.scm.XceiverClientRatis.watchForCommit(XceiverClientRatis.java:259)
	at org.apache.hadoop.hdds.scm.storage.CommitWatcher.watchForCommit(CommitWatcher.java:194)
	at org.apache.hadoop.hdds.scm.storage.CommitWatcher.watchOnFirstIndex(CommitWatcher.java:135)
	at org.apache.hadoop.hdds.scm.storage.BlockOutputStream.watchForCommit(BlockOutputStream.java:355)
	at org.apache.hadoop.hdds.scm.storage.BlockOutputStream.handleFullBuffer(BlockOutputStream.java:332)
	at org.apache.hadoop.hdds.scm.storage.BlockOutputStream.write(BlockOutputStream.java:259)
	at org.apache.hadoop.ozone.client.io.BlockOutputStreamEntry.write(BlockOutputStreamEntry.java:129)
	at org.apache.hadoop.ozone.client.io.KeyOutputStream.handleWrite(KeyOutputStream.java:211)
	at org.apache.hadoop.ozone.client.io.KeyOutputStream.write(KeyOutputStream.java:193)
	at org.apache.hadoop.ozone.client.io.OzoneOutputStream.write(OzoneOutputStream.java:49)
	at org.apache.hadoop.ozone.freon.RandomKeyGenerator$KeyProcessor.run(RandomKeyGenerator.java:693)
	at java.util.concurrent.Executors$RunnableAdapter.call(Executors.java:511)
	at java.util.concurrent.FutureTask.run(FutureTask.java:266)
	at java.util.concurrent.ThreadPoolExecutor.runWorker(ThreadPoolExecutor.java:1149)
	at java.util.concurrent.ThreadPoolExecutor$Worker.run(ThreadPoolExecutor.java:624)
	at java.lang.Thread.run(Thread.java:748)
2019-07-09 16:26:55,735 WARN  server.GrpcLogAppender (GrpcLogAppender.java:onNextImpl(250)) - org.apache.ratis.grpc.server.GrpcLogAppender$AppendLogResponseHandler@6af20cec: Request not found, ignoring reply: 9bf35ae9-4da0-4371-87fa-54ea3ce1f280<-0cc34542-3a00-466e-ae84-194b84d3af7b#5744:OK,SUCCESS,nextIndex:5656,term:1,followerCommit:5654
2019-07-09 16:26:55,735 WARN  server.GrpcLogAppender (GrpcLogAppender.java:onNextImpl(250)) - org.apache.ratis.grpc.server.GrpcLogAppender$AppendLogResponseHandler@34b44e78: Request not found, ignoring reply: 9bf35ae9-4da0-4371-87fa-54ea3ce1f280<-d451d94d-57a0-4545-b387-d428f64e3f33#5744:OK,SUCCESS,nextIndex:5656,term:1,followerCommit:5654
 0.00% |█                                                                                                    |  0/1 Time: 0:01:072019-07-09 16:26:56,081 WARN  server.GrpcLogAppender (GrpcLogAppender.java:timeoutAppendRequest(200)) - GrpcLogAppender(9bf35ae9-4da0-4371-87fa-54ea3ce1f280->d451d94d-57a0-4545-b387-d428f64e3f33): appendEntries Timeout, request=9bf35ae9-4da0-4371-87fa-54ea3ce1f280->d451d94d-57a0-4545-b387-d428f64e3f33#5751-t1, previous=(t:1, i:5657), leaderCommit=5654, initializing? false, entries: <empty>
2019-07-09 16:26:56,081 WARN  server.GrpcLogAppender (GrpcLogAppender.java:timeoutAppendRequest(200)) - GrpcLogAppender(9bf35ae9-4da0-4371-87fa-54ea3ce1f280->0cc34542-3a00-466e-ae84-194b84d3af7b): appendEntries Timeout, request=9bf35ae9-4da0-4371-87fa-54ea3ce1f280->0cc34542-3a00-466e-ae84-194b84d3af7b#5751-t1, previous=(t:1, i:5657), leaderCommit=5654, initializing? false, entries: <empty>
2019-07-09 16:26:56,582 WARN  server.GrpcLogAppender (GrpcLogAppender.java:timeoutAppendRequest(200)) - GrpcLogAppender(9bf35ae9-4da0-4371-87fa-54ea3ce1f280->d451d94d-57a0-4545-b387-d428f64e3f33): appendEntries Timeout, request=9bf35ae9-4da0-4371-87fa-54ea3ce1f280->d451d94d-57a0-4545-b387-d428f64e3f33#5752-t1, previous=(t:1, i:5657), leaderCommit=5654, initializing? false, entries: <empty>
2019-07-09 16:26:56,582 WARN  server.GrpcLogAppender (GrpcLogAppender.java:timeoutAppendRequest(200)) - GrpcLogAppender(9bf35ae9-4da0-4371-87fa-54ea3ce1f280->0cc34542-3a00-466e-ae84-194b84d3af7b): appendEntries Timeout, request=9bf35ae9-4da0-4371-87fa-54ea3ce1f280->0cc34542-3a00-466e-ae84-194b84d3af7b#5752-t1, previous=(t:1, i:5657), leaderCommit=5654, initializing? false, entries: <empty>
 0.00% |█                                                                                                    |  0/1 Time: 0:01:082019-07-09 16:26:57,082 WARN  server.GrpcLogAppender (GrpcLogAppender.java:timeoutAppendRequest(200)) - GrpcLogAppender(9bf35ae9-4da0-4371-87fa-54ea3ce1f280->d451d94d-57a0-4545-b387-d428f64e3f33): appendEntries Timeout, request=9bf35ae9-4da0-4371-87fa-54ea3ce1f280->d451d94d-57a0-4545-b387-d428f64e3f33#5753-t1, previous=(t:1, i:5657), leaderCommit=5654, initializing? false, entries: <empty>
2019-07-09 16:26:57,082 WARN  server.GrpcLogAppender (GrpcLogAppender.java:timeoutAppendRequest(200)) - GrpcLogAppender(9bf35ae9-4da0-4371-87fa-54ea3ce1f280->0cc34542-3a00-466e-ae84-194b84d3af7b): appendEntries Timeout, request=9bf35ae9-4da0-4371-87fa-54ea3ce1f280->0cc34542-3a00-466e-ae84-194b84d3af7b#5753-t1, previous=(t:1, i:5657), leaderCommit=5654, initializing? false, entries: <empty>
2019-07-09 16:26:57,582 WARN  server.GrpcLogAppender (GrpcLogAppender.java:timeoutAppendRequest(200)) - GrpcLogAppender(9bf35ae9-4da0-4371-87fa-54ea3ce1f280->d451d94d-57a0-4545-b387-d428f64e3f33): appendEntries Timeout, request=9bf35ae9-4da0-4371-87fa-54ea3ce1f280->d451d94d-57a0-4545-b387-d428f64e3f33#5754-t1, previous=(t:1, i:5657), leaderCommit=5654, initializing? false, entries: <empty>
2019-07-09 16:26:57,582 WARN  server.GrpcLogAppender (GrpcLogAppender.java:timeoutAppendRequest(200)) - GrpcLogAppender(9bf35ae9-4da0-4371-87fa-54ea3ce1f280->0cc34542-3a00-466e-ae84-194b84d3af7b): appendEntries Timeout, request=9bf35ae9-4da0-4371-87fa-54ea3ce1f280->0cc34542-3a00-466e-ae84-194b84d3af7b#5754-t1, previous=(t:1, i:5657), leaderCommit=5654, initializing? false, entries: <empty>
2019-07-09 16:26:57,999 WARN  server.GrpcLogAppender (GrpcLogAppender.java:onNextImpl(250)) - org.apache.ratis.grpc.server.GrpcLogAppender$AppendLogResponseHandler@34b44e78: Request not found, ignoring reply: 9bf35ae9-4da0-4371-87fa-54ea3ce1f280<-d451d94d-57a0-4545-b387-d428f64e3f33#5745:OK,SUCCESS,nextIndex:5657,term:1,followerCommit:5654
2019-07-09 16:26:57,999 WARN  server.GrpcLogAppender (GrpcLogAppender.java:onNextImpl(250)) - org.apache.ratis.grpc.server.GrpcLogAppender$AppendLogResponseHandler@6af20cec: Request not found, ignoring reply: 9bf35ae9-4da0-4371-87fa-54ea3ce1f280<-0cc34542-3a00-466e-ae84-194b84d3af7b#5745:OK,SUCCESS,nextIndex:5657,term:1,followerCommit:5654
2019-07-09 16:26:57,999 WARN  server.GrpcLogAppender (GrpcLogAppender.java:onNextImpl(250)) - org.apache.ratis.grpc.server.GrpcLogAppender$AppendLogResponseHandler@34b44e78: Request not found, ignoring reply: 9bf35ae9-4da0-4371-87fa-54ea3ce1f280<-d451d94d-57a0-4545-b387-d428f64e3f33#5746:OK,SUCCESS,nextIndex:5658,term:1,followerCommit:5654
2019-07-09 16:26:58,000 WARN  server.GrpcLogAppender (GrpcLogAppender.java:onNextImpl(250)) - org.apache.ratis.grpc.server.GrpcLogAppender$AppendLogResponseHandler@6af20cec: Request not found, ignoring reply: 9bf35ae9-4da0-4371-87fa-54ea3ce1f280<-0cc34542-3a00-466e-ae84-194b84d3af7b#5746:OK,SUCCESS,nextIndex:5658,term:1,followerCommit:5654
2019-07-09 16:26:58,000 WARN  server.GrpcLogAppender (GrpcLogAppender.java:onNextImpl(250)) - org.apache.ratis.grpc.server.GrpcLogAppender$AppendLogResponseHandler@34b44e78: Request not found, ignoring reply: 9bf35ae9-4da0-4371-87fa-54ea3ce1f280<-d451d94d-57a0-4545-b387-d428f64e3f33#5747:OK,SUCCESS,nextIndex:5658,term:1,followerCommit:5654
2019-07-09 16:26:58,000 WARN  server.GrpcLogAppender (GrpcLogAppender.java:onNextImpl(250)) - org.apache.ratis.grpc.server.GrpcLogAppender$AppendLogResponseHandler@6af20cec: Request not found, ignoring reply: 9bf35ae9-4da0-4371-87fa-54ea3ce1f280<-0cc34542-3a00-466e-ae84-194b84d3af7b#5747:OK,SUCCESS,nextIndex:5658,term:1,followerCommit:5654
2019-07-09 16:26:58,000 WARN  server.GrpcLogAppender (GrpcLogAppender.java:onNextImpl(250)) - org.apache.ratis.grpc.server.GrpcLogAppender$AppendLogResponseHandler@34b44e78: Request not found, ignoring reply: 9bf35ae9-4da0-4371-87fa-54ea3ce1f280<-d451d94d-57a0-4545-b387-d428f64e3f33#5748:OK,SUCCESS,nextIndex:5658,term:1,followerCommit:5654
2019-07-09 16:26:58,000 WARN  server.GrpcLogAppender (GrpcLogAppender.java:onNextImpl(250)) - org.apache.ratis.grpc.server.GrpcLogAppender$AppendLogResponseHandler@6af20cec: Request not found, ignoring reply: 9bf35ae9-4da0-4371-87fa-54ea3ce1f280<-0cc34542-3a00-466e-ae84-194b84d3af7b#5748:OK,SUCCESS,nextIndex:5658,term:1,followerCommit:5654
2019-07-09 16:26:58,000 WARN  server.GrpcLogAppender (GrpcLogAppender.java:onNextImpl(250)) - org.apache.ratis.grpc.server.GrpcLogAppender$AppendLogResponseHandler@34b44e78: Request not found, ignoring reply: 9bf35ae9-4da0-4371-87fa-54ea3ce1f280<-d451d94d-57a0-4545-b387-d428f64e3f33#5749:OK,SUCCESS,nextIndex:5658,term:1,followerCommit:5654
2019-07-09 16:26:58,001 WARN  server.GrpcLogAppender (GrpcLogAppender.java:onNextImpl(250)) - org.apache.ratis.grpc.server.GrpcLogAppender$AppendLogResponseHandler@6af20cec: Request not found, ignoring reply: 9bf35ae9-4da0-4371-87fa-54ea3ce1f280<-0cc34542-3a00-466e-ae84-194b84d3af7b#5749:OK,SUCCESS,nextIndex:5658,term:1,followerCommit:5654
2019-07-09 16:26:58,001 WARN  server.GrpcLogAppender (GrpcLogAppender.java:onNextImpl(250)) - org.apache.ratis.grpc.server.GrpcLogAppender$AppendLogResponseHandler@34b44e78: Request not found, ignoring reply: 9bf35ae9-4da0-4371-87fa-54ea3ce1f280<-d451d94d-57a0-4545-b387-d428f64e3f33#5750:OK,SUCCESS,nextIndex:5658,term:1,followerCommit:5654
2019-07-09 16:26:58,001 WARN  server.GrpcLogAppender (GrpcLogAppender.java:onNextImpl(250)) - org.apache.ratis.grpc.server.GrpcLogAppender$AppendLogResponseHandler@6af20cec: Request not found, ignoring reply: 9bf35ae9-4da0-4371-87fa-54ea3ce1f280<-0cc34542-3a00-466e-ae84-194b84d3af7b#5750:OK,SUCCESS,nextIndex:5658,term:1,followerCommit:5654
2019-07-09 16:26:58,001 WARN  server.GrpcLogAppender (GrpcLogAppender.java:onNextImpl(250)) - org.apache.ratis.grpc.server.GrpcLogAppender$AppendLogResponseHandler@34b44e78: Request not found, ignoring reply: 9bf35ae9-4da0-4371-87fa-54ea3ce1f280<-d451d94d-57a0-4545-b387-d428f64e3f33#5751:OK,SUCCESS,nextIndex:5658,term:1,followerCommit:5654
2019-07-09 16:26:58,001 WARN  server.GrpcLogAppender (GrpcLogAppender.java:onNextImpl(250)) - org.apache.ratis.grpc.server.GrpcLogAppender$AppendLogResponseHandler@6af20cec: Request not found, ignoring reply: 9bf35ae9-4da0-4371-87fa-54ea3ce1f280<-0cc34542-3a00-466e-ae84-194b84d3af7b#5751:OK,SUCCESS,nextIndex:5658,term:1,followerCommit:5654
2019-07-09 16:26:58,001 WARN  server.GrpcLogAppender (GrpcLogAppender.java:onNextImpl(250)) - org.apache.ratis.grpc.server.GrpcLogAppender$AppendLogResponseHandler@34b44e78: Request not found, ignoring reply: 9bf35ae9-4da0-4371-87fa-54ea3ce1f280<-d451d94d-57a0-4545-b387-d428f64e3f33#5752:OK,SUCCESS,nextIndex:5658,term:1,followerCommit:5654
2019-07-09 16:26:58,002 WARN  server.GrpcLogAppender (GrpcLogAppender.java:onNextImpl(250)) - org.apache.ratis.grpc.server.GrpcLogAppender$AppendLogResponseHandler@6af20cec: Request not found, ignoring reply: 9bf35ae9-4da0-4371-87fa-54ea3ce1f280<-0cc34542-3a00-466e-ae84-194b84d3af7b#5752:OK,SUCCESS,nextIndex:5658,term:1,followerCommit:5654
2019-07-09 16:26:58,002 WARN  server.GrpcLogAppender (GrpcLogAppender.java:onNextImpl(250)) - org.apache.ratis.grpc.server.GrpcLogAppender$AppendLogResponseHandler@34b44e78: Request not found, ignoring reply: 9bf35ae9-4da0-4371-87fa-54ea3ce1f280<-d451d94d-57a0-4545-b387-d428f64e3f33#5753:OK,SUCCESS,nextIndex:5658,term:1,followerCommit:5654
2019-07-09 16:26:58,002 WARN  server.GrpcLogAppender (GrpcLogAppender.java:onNextImpl(250)) - org.apache.ratis.grpc.server.GrpcLogAppender$AppendLogResponseHandler@6af20cec: Request not found, ignoring reply: 9bf35ae9-4da0-4371-87fa-54ea3ce1f280<-0cc34542-3a00-466e-ae84-194b84d3af7b#5753:OK,SUCCESS,nextIndex:5658,term:1,followerCommit:5654
2019-07-09 16:26:58,002 WARN  server.GrpcLogAppender (GrpcLogAppender.java:onNextImpl(250)) - org.apache.ratis.grpc.server.GrpcLogAppender$AppendLogResponseHandler@34b44e78: Request not found, ignoring reply: 9bf35ae9-4da0-4371-87fa-54ea3ce1f280<-d451d94d-57a0-4545-b387-d428f64e3f33#5754:OK,SUCCESS,nextIndex:5658,term:1,followerCommit:5654
2019-07-09 16:26:58,002 WARN  server.GrpcLogAppender (GrpcLogAppender.java:onNextImpl(250)) - org.apache.ratis.grpc.server.GrpcLogAppender$AppendLogResponseHandler@6af20cec: Request not found, ignoring reply: 9bf35ae9-4da0-4371-87fa-54ea3ce1f280<-0cc34542-3a00-466e-ae84-194b84d3af7b#5754:OK,SUCCESS,nextIndex:5658,term:1,followerCommit:5654
2019-07-09 16:26:58,004 INFO  client.GrpcClientProtocolClient (GrpcClientProtocolClient.java:onNext(255)) - client-1AA11D0602B0->9bf35ae9-4da0-4371-87fa-54ea3ce1f280: receive RaftClientReply:client-1AA11D0602B0->9bf35ae9-4da0-4371-87fa-54ea3ce1f280@group-432E83AF5B55, cid=3754, SUCCESS, logIndex=0, commits[9bf35ae9-4da0-4371-87fa-54ea3ce1f280:c5654, 0cc34542-3a00-466e-ae84-194b84d3af7b:c5651, d451d94d-57a0-4545-b387-d428f64e3f33:c5654]
2019-07-09 16:26:58,005 INFO  client.GrpcClientProtocolClient (GrpcClientProtocolClient.java:onNext(255)) - client-1AA11D0602B0->9bf35ae9-4da0-4371-87fa-54ea3ce1f280: receive RaftClientReply:client-1AA11D0602B0->9bf35ae9-4da0-4371-87fa-54ea3ce1f280@group-432E83AF5B55, cid=3753, SUCCESS, logIndex=0, commits[9bf35ae9-4da0-4371-87fa-54ea3ce1f280:c5656, 0cc34542-3a00-466e-ae84-194b84d3af7b:c5654, d451d94d-57a0-4545-b387-d428f64e3f33:c5654]
2019-07-09 16:26:58,006 INFO  client.GrpcClientProtocolClient (GrpcClientProtocolClient.java:onNext(255)) - client-1AA11D0602B0->9bf35ae9-4da0-4371-87fa-54ea3ce1f280: receive RaftClientReply:client-1AA11D0602B0->9bf35ae9-4da0-4371-87fa-54ea3ce1f280@group-432E83AF5B55, cid=3753, SUCCESS, logIndex=0, commits[9bf35ae9-4da0-4371-87fa-54ea3ce1f280:c5654, 0cc34542-3a00-466e-ae84-194b84d3af7b:c5654, d451d94d-57a0-4545-b387-d428f64e3f33:c5654]
2019-07-09 16:26:58,006 INFO  scm.XceiverClientRatis (XceiverClientRatis.java:lambda$watchForCommit$7(280)) - Could not commit 5652 to all the nodes. Server 0cc34542-3a00-466e-ae84-194b84d3af7b has failed. Committed by majority.
 0.00% |█                                                                                                    |  0/1 Time: 0:01:092019-07-09 16:26:58,607 INFO  client.GrpcClientProtocolClient (GrpcClientProtocolClient.java:onNext(255)) - client-1AA11D0602B0->9bf35ae9-4da0-4371-87fa-54ea3ce1f280: receive RaftClientReply:client-1AA11D0602B0->9bf35ae9-4da0-4371-87fa-54ea3ce1f280@group-432E83AF5B55, cid=3753, SUCCESS, logIndex=0, commits[9bf35ae9-4da0-4371-87fa-54ea3ce1f280:c5656, 0cc34542-3a00-466e-ae84-194b84d3af7b:c5654, d451d94d-57a0-4545-b387-d428f64e3f33:c5654]
 0.00% |█                                                                                                    |  0/1 Time: 0:01:10 0.00% |█                                                                                                    |  0/1 Time: 0:01:112019-07-09 16:27:00,336 INFO  client.GrpcClientProtocolClient (GrpcClientProtocolClient.java:onNext(255)) - client-1AA11D0602B0->9bf35ae9-4da0-4371-87fa-54ea3ce1f280: receive RaftClientReply:client-1AA11D0602B0->9bf35ae9-4da0-4371-87fa-54ea3ce1f280@group-432E83AF5B55, cid=3755, SUCCESS, logIndex=5658, commits[9bf35ae9-4da0-4371-87fa-54ea3ce1f280:c5661, 0cc34542-3a00-466e-ae84-194b84d3af7b:c5657, d451d94d-57a0-4545-b387-d428f64e3f33:c5657]
2019-07-09 16:27:00,338 INFO  client.GrpcClientProtocolClient (GrpcClientProtocolClient.java:onNext(255)) - client-1AA11D0602B0->9bf35ae9-4da0-4371-87fa-54ea3ce1f280: receive RaftClientReply:client-1AA11D0602B0->9bf35ae9-4da0-4371-87fa-54ea3ce1f280@group-432E83AF5B55, cid=3756, SUCCESS, logIndex=5659, commits[9bf35ae9-4da0-4371-87fa-54ea3ce1f280:c5661, 0cc34542-3a00-466e-ae84-194b84d3af7b:c5657, d451d94d-57a0-4545-b387-d428f64e3f33:c5657]
2019-07-09 16:27:00,361 INFO  client.GrpcClientProtocolClient (GrpcClientProtocolClient.java:onNext(255)) - client-1AA11D0602B0->9bf35ae9-4da0-4371-87fa-54ea3ce1f280: receive RaftClientReply:client-1AA11D0602B0->9bf35ae9-4da0-4371-87fa-54ea3ce1f280@group-432E83AF5B55, cid=3757, SUCCESS, logIndex=5662, commits[9bf35ae9-4da0-4371-87fa-54ea3ce1f280:c5663, 0cc34542-3a00-466e-ae84-194b84d3af7b:c5661, d451d94d-57a0-4545-b387-d428f64e3f33:c5661]
2019-07-09 16:27:00,362 INFO  client.GrpcClientProtocolClient (GrpcClientProtocolClient.java:onNext(255)) - client-1AA11D0602B0->9bf35ae9-4da0-4371-87fa-54ea3ce1f280: receive RaftClientReply:client-1AA11D0602B0->9bf35ae9-4da0-4371-87fa-54ea3ce1f280@group-432E83AF5B55, cid=3758, SUCCESS, logIndex=5663, commits[9bf35ae9-4da0-4371-87fa-54ea3ce1f280:c5663, 0cc34542-3a00-466e-ae84-194b84d3af7b:c5661, d451d94d-57a0-4545-b387-d428f64e3f33:c5661]
2019-07-09 16:27:00,390 INFO  client.GrpcClientProtocolClient (GrpcClientProtocolClient.java:onNext(255)) - client-1AA11D0602B0->9bf35ae9-4da0-4371-87fa-54ea3ce1f280: receive RaftClientReply:client-1AA11D0602B0->9bf35ae9-4da0-4371-87fa-54ea3ce1f280@group-432E83AF5B55, cid=3759, SUCCESS, logIndex=0, commits[9bf35ae9-4da0-4371-87fa-54ea3ce1f280:c5665, 0cc34542-3a00-466e-ae84-194b84d3af7b:c5663, d451d94d-57a0-4545-b387-d428f64e3f33:c5663]
2019-07-09 16:27:00,426 WARN  block.BlockManagerImpl (BlockManagerImpl.java:allocateBlock(192)) - Pipeline creation failed for type:RATIS factor:THREE. Retrying get pipelines call once.
org.apache.hadoop.hdds.scm.pipeline.InsufficientDatanodesException: Cannot create pipeline of factor 3 using 2 nodes.
	at org.apache.hadoop.hdds.scm.pipeline.RatisPipelineProvider.create(RatisPipelineProvider.java:151)
	at org.apache.hadoop.hdds.scm.pipeline.PipelineFactory.create(PipelineFactory.java:57)
	at org.apache.hadoop.hdds.scm.pipeline.SCMPipelineManager.createPipeline(SCMPipelineManager.java:149)
	at org.apache.hadoop.hdds.scm.block.BlockManagerImpl.allocateBlock(BlockManagerImpl.java:190)
	at org.apache.hadoop.hdds.scm.server.SCMBlockProtocolServer.allocateBlock(SCMBlockProtocolServer.java:172)
	at org.apache.hadoop.ozone.protocolPB.ScmBlockLocationProtocolServerSideTranslatorPB.allocateScmBlock(ScmBlockLocationProtocolServerSideTranslatorPB.java:144)
	at org.apache.hadoop.ozone.protocolPB.ScmBlockLocationProtocolServerSideTranslatorPB.send(ScmBlockLocationProtocolServerSideTranslatorPB.java:107)
	at org.apache.hadoop.hdds.protocol.proto.ScmBlockLocationProtocolProtos$ScmBlockLocationProtocolService$2.callBlockingMethod(ScmBlockLocationProtocolProtos.java:11281)
	at org.apache.hadoop.ipc.ProtobufRpcEngine$Server$ProtoBufRpcInvoker.call(ProtobufRpcEngine.java:524)
	at org.apache.hadoop.ipc.RPC$Server.call(RPC.java:1025)
	at org.apache.hadoop.ipc.Server$RpcCall.run(Server.java:876)
	at org.apache.hadoop.ipc.Server$RpcCall.run(Server.java:822)
	at java.security.AccessController.doPrivileged(Native Method)
	at javax.security.auth.Subject.doAs(Subject.java:422)
	at org.apache.hadoop.security.UserGroupInformation.doAs(UserGroupInformation.java:1730)
	at org.apache.hadoop.ipc.Server$Handler.run(Server.java:2682)
2019-07-09 16:27:00,426 INFO  block.BlockManagerImpl (BlockManagerImpl.java:allocateBlock(198)) - Could not find available pipeline of type:RATIS and factor:THREE even after retrying
2019-07-09 16:27:00,427 ERROR block.BlockManagerImpl (BlockManagerImpl.java:allocateBlock(222)) - Unable to allocate a block for the size: 4194304, type: RATIS, factor: THREE
16:27:00.434 [IPC Server handler 0 on 35255] ERROR OMAudit - user=jenkins1000 | ip=127.0.0.1 | op=ALLOCATE_BLOCK {volume=vol-0-92322, bucket=bucket-0-27267, key=key-0-75309, dataSize=0, replicationType=null, replicationFactor=null, keyLocationInfo=null, clientID=102412422251020690} | ret=FAILURE
org.apache.hadoop.hdds.scm.exceptions.SCMException: Allocated 0 blocks. Requested 1 blocks
	at org.apache.hadoop.hdds.scm.protocolPB.ScmBlockLocationProtocolClientSideTranslatorPB.handleError(ScmBlockLocationProtocolClientSideTranslatorPB.java:113) ~[classes/:?]
	at org.apache.hadoop.hdds.scm.protocolPB.ScmBlockLocationProtocolClientSideTranslatorPB.allocateBlock(ScmBlockLocationProtocolClientSideTranslatorPB.java:151) ~[classes/:?]
	at sun.reflect.GeneratedMethodAccessor47.invoke(Unknown Source) ~[?:?]
	at sun.reflect.DelegatingMethodAccessorImpl.invoke(DelegatingMethodAccessorImpl.java:43) ~[?:1.8.0_212]
	at java.lang.reflect.Method.invoke(Method.java:498) ~[?:1.8.0_212]
	at org.apache.hadoop.hdds.tracing.TraceAllMethod.invoke(TraceAllMethod.java:66) ~[classes/:?]
	at com.sun.proxy.$Proxy27.allocateBlock(Unknown Source) ~[?:?]
	at org.apache.hadoop.ozone.om.KeyManagerImpl.allocateBlock(KeyManagerImpl.java:348) ~[classes/:?]
	at org.apache.hadoop.ozone.om.KeyManagerImpl.allocateBlock(KeyManagerImpl.java:316) ~[classes/:?]
	at org.apache.hadoop.ozone.om.OzoneManager.allocateBlock(OzoneManager.java:2291) [classes/:?]
	at org.apache.hadoop.ozone.protocolPB.OzoneManagerRequestHandler.allocateBlock(OzoneManagerRequestHandler.java:756) [classes/:?]
	at org.apache.hadoop.ozone.protocolPB.OzoneManagerRequestHandler.handle(OzoneManagerRequestHandler.java:249) [classes/:?]
	at org.apache.hadoop.ozone.protocolPB.OzoneManagerProtocolServerSideTranslatorPB.submitRequestDirectlyToOM(OzoneManagerProtocolServerSideTranslatorPB.java:192) [classes/:?]
	at org.apache.hadoop.ozone.protocolPB.OzoneManagerProtocolServerSideTranslatorPB.submitRequest(OzoneManagerProtocolServerSideTranslatorPB.java:110) [classes/:?]
	at org.apache.hadoop.ozone.protocol.proto.OzoneManagerProtocolProtos$OzoneManagerService$2.callBlockingMethod(OzoneManagerProtocolProtos.java) [classes/:?]
	at org.apache.hadoop.ipc.ProtobufRpcEngine$Server$ProtoBufRpcInvoker.call(ProtobufRpcEngine.java:524) [hadoop-common-3.2.0.jar:?]
	at org.apache.hadoop.ipc.RPC$Server.call(RPC.java:1025) [hadoop-common-3.2.0.jar:?]
	at org.apache.hadoop.ipc.Server$RpcCall.run(Server.java:876) [hadoop-common-3.2.0.jar:?]
	at org.apache.hadoop.ipc.Server$RpcCall.run(Server.java:822) [hadoop-common-3.2.0.jar:?]
	at java.security.AccessController.doPrivileged(Native Method) [?:1.8.0_212]
	at javax.security.auth.Subject.doAs(Subject.java:422) [?:1.8.0_212]
	at org.apache.hadoop.security.UserGroupInformation.doAs(UserGroupInformation.java:1730) [hadoop-common-3.2.0.jar:?]
	at org.apache.hadoop.ipc.Server$Handler.run(Server.java:2682) [hadoop-common-3.2.0.jar:?]
2019-07-09 16:27:00,461 ERROR io.BlockOutputStreamEntryPool (BlockOutputStreamEntryPool.java:allocateBlockIfNeeded(299)) - Try to allocate more blocks for write failed, already allocated 0 blocks for this write.
INTERNAL_ERROR org.apache.hadoop.ozone.om.exceptions.OMException: Allocated 0 blocks. Requested 1 blocks
	at org.apache.hadoop.ozone.om.protocolPB.OzoneManagerProtocolClientSideTranslatorPB.handleError(OzoneManagerProtocolClientSideTranslatorPB.java:720)
	at org.apache.hadoop.ozone.om.protocolPB.OzoneManagerProtocolClientSideTranslatorPB.allocateBlock(OzoneManagerProtocolClientSideTranslatorPB.java:752)
	at org.apache.hadoop.ozone.client.io.BlockOutputStreamEntryPool.allocateNewBlock(BlockOutputStreamEntryPool.java:248)
	at org.apache.hadoop.ozone.client.io.BlockOutputStreamEntryPool.allocateBlockIfNeeded(BlockOutputStreamEntryPool.java:296)
	at org.apache.hadoop.ozone.client.io.KeyOutputStream.handleWrite(KeyOutputStream.java:201)
	at org.apache.hadoop.ozone.client.io.KeyOutputStream.write(KeyOutputStream.java:193)
	at org.apache.hadoop.ozone.client.io.OzoneOutputStream.write(OzoneOutputStream.java:49)
	at org.apache.hadoop.ozone.freon.RandomKeyGenerator$KeyProcessor.run(RandomKeyGenerator.java:693)
	at java.util.concurrent.Executors$RunnableAdapter.call(Executors.java:511)
	at java.util.concurrent.FutureTask.run(FutureTask.java:266)
	at java.util.concurrent.ThreadPoolExecutor.runWorker(ThreadPoolExecutor.java:1149)
	at java.util.concurrent.ThreadPoolExecutor$Worker.run(ThreadPoolExecutor.java:624)
	at java.lang.Thread.run(Thread.java:748)
2019-07-09 16:27:00,462 ERROR freon.RandomKeyGenerator (RandomKeyGenerator.java:run(718)) - Exception while adding key: key-0-75309 in bucket: bucket-0-27267 of volume: vol-0-92322.
INTERNAL_ERROR org.apache.hadoop.ozone.om.exceptions.OMException: Allocated 0 blocks. Requested 1 blocks
	at org.apache.hadoop.ozone.om.protocolPB.OzoneManagerProtocolClientSideTranslatorPB.handleError(OzoneManagerProtocolClientSideTranslatorPB.java:720)
	at org.apache.hadoop.ozone.om.protocolPB.OzoneManagerProtocolClientSideTranslatorPB.allocateBlock(OzoneManagerProtocolClientSideTranslatorPB.java:752)
	at org.apache.hadoop.ozone.client.io.BlockOutputStreamEntryPool.allocateNewBlock(BlockOutputStreamEntryPool.java:248)
	at org.apache.hadoop.ozone.client.io.BlockOutputStreamEntryPool.allocateBlockIfNeeded(BlockOutputStreamEntryPool.java:296)
	at org.apache.hadoop.ozone.client.io.KeyOutputStream.handleWrite(KeyOutputStream.java:201)
	at org.apache.hadoop.ozone.client.io.KeyOutputStream.write(KeyOutputStream.java:193)
	at org.apache.hadoop.ozone.client.io.OzoneOutputStream.write(OzoneOutputStream.java:49)
	at org.apache.hadoop.ozone.freon.RandomKeyGenerator$KeyProcessor.run(RandomKeyGenerator.java:693)
	at java.util.concurrent.Executors$RunnableAdapter.call(Executors.java:511)
	at java.util.concurrent.FutureTask.run(FutureTask.java:266)
	at java.util.concurrent.ThreadPoolExecutor.runWorker(ThreadPoolExecutor.java:1149)
	at java.util.concurrent.ThreadPoolExecutor$Worker.run(ThreadPoolExecutor.java:624)
	at java.lang.Thread.run(Thread.java:748)
 0.00% |█                                                                                                    |  0/1 Time: 0:01:12 0.00% |█                                                                                                    |  0/1 Time: 0:01:13 0.00% |█                                                                                                    |  0/1 Time: 0:01:14 100.00% |█████████████████████████████████████████████████████████████████████████████████████████████████████|  1/1 Time: 0:01:15
]]></system-out>
  </testcase>
  <testcase name="multiThread" classname="org.apache.hadoop.ozone.freon.TestRandomKeyGenerator" time="5.035"/>
</testsuite>