<?xml version="1.0" encoding="UTF-8"?>
<testsuite xmlns:xsi="http://www.w3.org/2001/XMLSchema-instance" xsi:noNamespaceSchemaLocation="https://maven.apache.org/surefire/maven-surefire-plugin/xsd/surefire-test-report.xsd" name="org.apache.hadoop.ozone.client.rpc.TestWatchForCommit" time="331.723" tests="5" errors="2" skipped="0" failures="0">
  <properties>
    <property name="awt.toolkit" value="sun.awt.X11.XToolkit"/>
    <property name="file.encoding.pkg" value="sun.io"/>
    <property name="java.specification.version" value="1.8"/>
    <property name="sun.cpu.isalist" value=""/>
    <property name="sun.jnu.encoding" value="UTF-8"/>
    <property name="java.class.path" value="/workdir/hadoop-ozone/integration-test/target/test-classes:/workdir/hadoop-ozone/integration-test/target/classes:/home/user/.m2/repository/org/apache/hadoop/hadoop-ozone-common/0.5.0-SNAPSHOT/hadoop-ozone-common-0.5.0-SNAPSHOT.jar:/home/user/.m2/repository/org/apache/commons/commons-compress/1.4.1/commons-compress-1.4.1.jar:/home/user/.m2/repository/org/tukaani/xz/1.0/xz-1.0.jar:/home/user/.m2/repository/org/apache/hadoop/hadoop-common/3.2.0/hadoop-common-3.2.0.jar:/home/user/.m2/repository/org/apache/hadoop/hadoop-hdfs/3.2.0/hadoop-hdfs-3.2.0.jar:/home/user/.m2/repository/org/apache/hadoop/hadoop-hdfs-client/3.2.0/hadoop-hdfs-client-3.2.0.jar:/home/user/.m2/repository/com/fasterxml/jackson/core/jackson-annotations/2.9.9/jackson-annotations-2.9.9.jar:/home/user/.m2/repository/org/apache/hadoop/hadoop-hdds-common/0.5.0-SNAPSHOT/hadoop-hdds-common-0.5.0-SNAPSHOT.jar:/home/user/.m2/repository/javax/annotation/javax.annotation-api/1.2/javax.annotation-api-1.2.jar:/home/user/.m2/repository/org/apache/ratis/ratis-server/0.4.0/ratis-server-0.4.0.jar:/home/user/.m2/repository/org/apache/ratis/ratis-thirdparty-misc/0.2.0/ratis-thirdparty-misc-0.2.0.jar:/home/user/.m2/repository/org/apache/ratis/ratis-proto/0.4.0/ratis-proto-0.4.0.jar:/home/user/.m2/repository/org/apache/ratis/ratis-common/0.4.0/ratis-common-0.4.0.jar:/home/user/.m2/repository/org/apache/ratis/ratis-client/0.4.0/ratis-client-0.4.0.jar:/home/user/.m2/repository/org/apache/ratis/ratis-metrics/0.4.0/ratis-metrics-0.4.0.jar:/home/user/.m2/repository/com/github/joshelser/dropwizard-metrics-hadoop-metrics2-reporter/0.1.2/dropwizard-metrics-hadoop-metrics2-reporter-0.1.2.jar:/home/user/.m2/repository/io/dropwizard/metrics/metrics-jvm/3.2.5/metrics-jvm-3.2.5.jar:/home/user/.m2/repository/io/dropwizard/metrics/metrics-ganglia/3.2.5/metrics-ganglia-3.2.5.jar:/home/user/.m2/repository/info/ganglia/gmetric4j/gmetric4j/1.0.7/gmetric4j-1.0.7.jar:/home/user/.m2/repository/org/apache/ratis/ratis-netty/0.4.0/ratis-netty-0.4.0.jar:/home/user/.m2/repository/org/apache/ratis/ratis-grpc/0.4.0/ratis-grpc-0.4.0.jar:/home/user/.m2/repository/org/rocksdb/rocksdbjni/6.0.1/rocksdbjni-6.0.1.jar:/home/user/.m2/repository/org/apache/logging/log4j/log4j-api/2.11.0/log4j-api-2.11.0.jar:/home/user/.m2/repository/org/apache/logging/log4j/log4j-core/2.11.0/log4j-core-2.11.0.jar:/home/user/.m2/repository/com/lmax/disruptor/3.4.2/disruptor-3.4.2.jar:/home/user/.m2/repository/org/apache/commons/commons-pool2/2.6.0/commons-pool2-2.6.0.jar:/home/user/.m2/repository/org/bouncycastle/bcpkix-jdk15on/1.60/bcpkix-jdk15on-1.60.jar:/home/user/.m2/repository/commons-validator/commons-validator/1.6/commons-validator-1.6.jar:/home/user/.m2/repository/commons-digester/commons-digester/1.8.1/commons-digester-1.8.1.jar:/home/user/.m2/repository/io/jaegertracing/jaeger-client/0.34.0/jaeger-client-0.34.0.jar:/home/user/.m2/repository/io/jaegertracing/jaeger-thrift/0.34.0/jaeger-thrift-0.34.0.jar:/home/user/.m2/repository/org/apache/thrift/libthrift/0.12.0/libthrift-0.12.0.jar:/home/user/.m2/repository/com/squareup/okhttp3/okhttp/3.9.0/okhttp-3.9.0.jar:/home/user/.m2/repository/com/squareup/okio/okio/1.13.0/okio-1.13.0.jar:/home/user/.m2/repository/io/jaegertracing/jaeger-core/0.34.0/jaeger-core-0.34.0.jar:/home/user/.m2/repository/io/jaegertracing/jaeger-tracerresolver/0.34.0/jaeger-tracerresolver-0.34.0.jar:/home/user/.m2/repository/io/opentracing/contrib/opentracing-tracerresolver/0.1.5/opentracing-tracerresolver-0.1.5.jar:/home/user/.m2/repository/io/opentracing/opentracing-util/0.31.0/opentracing-util-0.31.0.jar:/home/user/.m2/repository/io/opentracing/opentracing-api/0.31.0/opentracing-api-0.31.0.jar:/home/user/.m2/repository/io/opentracing/opentracing-noop/0.31.0/opentracing-noop-0.31.0.jar:/home/user/.m2/repository/org/apache/hadoop/hadoop-hdds-server-framework/0.5.0-SNAPSHOT/hadoop-hdds-server-framework-0.5.0-SNAPSHOT.jar:/home/user/.m2/repository/org/apache/hadoop/hadoop-hdds-container-service/0.5.0-SNAPSHOT/hadoop-hdds-container-service-0.5.0-SNAPSHOT.jar:/home/user/.m2/repository/org/apache/hadoop/hadoop-hdds-client/0.5.0-SNAPSHOT/hadoop-hdds-client-0.5.0-SNAPSHOT.jar:/home/user/.m2/repository/org/apache/hadoop/hadoop-hdds-tools/0.5.0-SNAPSHOT/hadoop-hdds-tools-0.5.0-SNAPSHOT.jar:/home/user/.m2/repository/org/apache/hadoop/hadoop-hdds-server-scm/0.5.0-SNAPSHOT/hadoop-hdds-server-scm-0.5.0-SNAPSHOT.jar:/home/user/.m2/repository/org/apache/hadoop/hadoop-hdds-docs/0.5.0-SNAPSHOT/hadoop-hdds-docs-0.5.0-SNAPSHOT.jar:/home/user/.m2/repository/io/dropwizard/metrics/metrics-core/3.2.4/metrics-core-3.2.4.jar:/home/user/.m2/repository/org/hamcrest/hamcrest-all/1.3/hamcrest-all-1.3.jar:/home/user/.m2/repository/org/bouncycastle/bcprov-jdk15on/1.60/bcprov-jdk15on-1.60.jar:/home/user/.m2/repository/info/picocli/picocli/3.9.6/picocli-3.9.6.jar:/home/user/.m2/repository/com/google/protobuf/protobuf-java/2.5.0/protobuf-java-2.5.0.jar:/home/user/.m2/repository/com/google/guava/guava/11.0.2/guava-11.0.2.jar:/home/user/.m2/repository/org/apache/hadoop/hadoop-ozone-ozone-manager/0.5.0-SNAPSHOT/hadoop-ozone-ozone-manager-0.5.0-SNAPSHOT.jar:/home/user/.m2/repository/org/apache/hadoop/hadoop-minikdc/3.2.0/hadoop-minikdc-3.2.0.jar:/home/user/.m2/repository/commons-io/commons-io/2.5/commons-io-2.5.jar:/home/user/.m2/repository/org/apache/kerby/kerb-simplekdc/1.0.1/kerb-simplekdc-1.0.1.jar:/home/user/.m2/repository/org/apache/kerby/kerb-client/1.0.1/kerb-client-1.0.1.jar:/home/user/.m2/repository/org/apache/kerby/kerby-config/1.0.1/kerby-config-1.0.1.jar:/home/user/.m2/repository/org/apache/kerby/kerb-core/1.0.1/kerb-core-1.0.1.jar:/home/user/.m2/repository/org/apache/kerby/kerby-pkix/1.0.1/kerby-pkix-1.0.1.jar:/home/user/.m2/repository/org/apache/kerby/kerby-asn1/1.0.1/kerby-asn1-1.0.1.jar:/home/user/.m2/repository/org/apache/kerby/kerby-util/1.0.1/kerby-util-1.0.1.jar:/home/user/.m2/repository/org/apache/kerby/kerb-common/1.0.1/kerb-common-1.0.1.jar:/home/user/.m2/repository/org/apache/kerby/kerb-crypto/1.0.1/kerb-crypto-1.0.1.jar:/home/user/.m2/repository/org/apache/kerby/kerb-util/1.0.1/kerb-util-1.0.1.jar:/home/user/.m2/repository/org/apache/kerby/token-provider/1.0.1/token-provider-1.0.1.jar:/home/user/.m2/repository/org/apache/kerby/kerb-admin/1.0.1/kerb-admin-1.0.1.jar:/home/user/.m2/repository/org/apache/kerby/kerb-server/1.0.1/kerb-server-1.0.1.jar:/home/user/.m2/repository/org/apache/kerby/kerb-identity/1.0.1/kerb-identity-1.0.1.jar:/home/user/.m2/repository/org/apache/kerby/kerby-xdr/1.0.1/kerby-xdr-1.0.1.jar:/home/user/.m2/repository/org/slf4j/slf4j-log4j12/1.7.25/slf4j-log4j12-1.7.25.jar:/home/user/.m2/repository/org/apache/hadoop/hadoop-ozone-s3gateway/0.5.0-SNAPSHOT/hadoop-ozone-s3gateway-0.5.0-SNAPSHOT.jar:/home/user/.m2/repository/org/jboss/weld/servlet/weld-servlet/2.4.7.Final/weld-servlet-2.4.7.Final.jar:/home/user/.m2/repository/org/glassfish/jersey/containers/jersey-container-servlet-core/2.27/jersey-container-servlet-core-2.27.jar:/home/user/.m2/repository/org/glassfish/hk2/external/javax.inject/2.5.0-b42/javax.inject-2.5.0-b42.jar:/home/user/.m2/repository/org/glassfish/jersey/core/jersey-common/2.27/jersey-common-2.27.jar:/home/user/.m2/repository/org/glassfish/hk2/osgi-resource-locator/1.0.1/osgi-resource-locator-1.0.1.jar:/home/user/.m2/repository/javax/ws/rs/javax.ws.rs-api/2.1/javax.ws.rs-api-2.1.jar:/home/user/.m2/repository/org/glassfish/jersey/ext/cdi/jersey-cdi1x/2.27/jersey-cdi1x-2.27.jar:/home/user/.m2/repository/org/glassfish/jersey/inject/jersey-hk2/2.27/jersey-hk2-2.27.jar:/home/user/.m2/repository/org/glassfish/hk2/hk2-locator/2.5.0-b42/hk2-locator-2.5.0-b42.jar:/home/user/.m2/repository/org/javassist/javassist/3.22.0-CR2/javassist-3.22.0-CR2.jar:/home/user/.m2/repository/org/glassfish/hk2/hk2-api/2.5.0/hk2-api-2.5.0.jar:/home/user/.m2/repository/org/glassfish/hk2/external/jakarta.inject/2.5.0/jakarta.inject-2.5.0.jar:/home/user/.m2/repository/org/glassfish/hk2/hk2-utils/2.5.0/hk2-utils-2.5.0.jar:/home/user/.m2/repository/jakarta/annotation/jakarta.annotation-api/1.3.4/jakarta.annotation-api-1.3.4.jar:/home/user/.m2/repository/org/glassfish/hk2/external/aopalliance-repackaged/2.5.0/aopalliance-repackaged-2.5.0.jar:/home/user/.m2/repository/com/fasterxml/jackson/dataformat/jackson-dataformat-xml/2.9.0/jackson-dataformat-xml-2.9.0.jar:/home/user/.m2/repository/com/fasterxml/jackson/core/jackson-core/2.9.9/jackson-core-2.9.9.jar:/home/user/.m2/repository/com/fasterxml/jackson/module/jackson-module-jaxb-annotations/2.9.9/jackson-module-jaxb-annotations-2.9.9.jar:/home/user/.m2/repository/javax/enterprise/cdi-api/1.2/cdi-api-1.2.jar:/home/user/.m2/repository/javax/el/javax.el-api/3.0.0/javax.el-api-3.0.0.jar:/home/user/.m2/repository/javax/interceptor/javax.interceptor-api/1.2/javax.interceptor-api-1.2.jar:/home/user/.m2/repository/javax/inject/javax.inject/1/javax.inject-1.jar:/home/user/.m2/repository/com/sun/xml/bind/jaxb-impl/2.3.0.1/jaxb-impl-2.3.0.1.jar:/home/user/.m2/repository/com/sun/xml/bind/jaxb-core/2.3.0.1/jaxb-core-2.3.0.1.jar:/home/user/.m2/repository/javax/xml/bind/jaxb-api/2.3.0/jaxb-api-2.3.0.jar:/home/user/.m2/repository/javax/activation/activation/1.1.1/activation-1.1.1.jar:/home/user/.m2/repository/org/apache/hadoop/hadoop-ozone-csi/0.5.0-SNAPSHOT/hadoop-ozone-csi-0.5.0-SNAPSHOT.jar:/home/user/.m2/repository/com/google/protobuf/protobuf-java-util/3.5.1/protobuf-java-util-3.5.1.jar:/home/user/.m2/repository/org/apache/hadoop/hadoop-hdds-config/0.5.0-SNAPSHOT/hadoop-hdds-config-0.5.0-SNAPSHOT.jar:/home/user/.m2/repository/io/grpc/grpc-netty/1.17.1/grpc-netty-1.17.1.jar:/home/user/.m2/repository/io/grpc/grpc-core/1.17.1/grpc-core-1.17.1.jar:/home/user/.m2/repository/io/grpc/grpc-context/1.17.1/grpc-context-1.17.1.jar:/home/user/.m2/repository/com/google/errorprone/error_prone_annotations/2.2.0/error_prone_annotations-2.2.0.jar:/home/user/.m2/repository/org/codehaus/mojo/animal-sniffer-annotations/1.17/animal-sniffer-annotations-1.17.jar:/home/user/.m2/repository/io/opencensus/opencensus-api/0.17.0/opencensus-api-0.17.0.jar:/home/user/.m2/repository/io/opencensus/opencensus-contrib-grpc-metrics/0.17.0/opencensus-contrib-grpc-metrics-0.17.0.jar:/home/user/.m2/repository/io/netty/netty-codec-http2/4.1.30.Final/netty-codec-http2-4.1.30.Final.jar:/home/user/.m2/repository/io/netty/netty-codec-http/4.1.30.Final/netty-codec-http-4.1.30.Final.jar:/home/user/.m2/repository/io/netty/netty-codec/4.1.30.Final/netty-codec-4.1.30.Final.jar:/home/user/.m2/repository/io/netty/netty-handler/4.1.30.Final/netty-handler-4.1.30.Final.jar:/home/user/.m2/repository/io/netty/netty-handler-proxy/4.1.30.Final/netty-handler-proxy-4.1.30.Final.jar:/home/user/.m2/repository/io/netty/netty-codec-socks/4.1.30.Final/netty-codec-socks-4.1.30.Final.jar:/home/user/.m2/repository/io/netty/netty-transport-native-epoll/4.1.30.Final/netty-transport-native-epoll-4.1.30.Final.jar:/home/user/.m2/repository/io/netty/netty-common/4.1.30.Final/netty-common-4.1.30.Final.jar:/home/user/.m2/repository/io/netty/netty-buffer/4.1.30.Final/netty-buffer-4.1.30.Final.jar:/home/user/.m2/repository/io/netty/netty-transport/4.1.30.Final/netty-transport-4.1.30.Final.jar:/home/user/.m2/repository/io/netty/netty-resolver/4.1.30.Final/netty-resolver-4.1.30.Final.jar:/home/user/.m2/repository/io/netty/netty-transport-native-unix-common/4.1.30.Final/netty-transport-native-unix-common-4.1.30.Final.jar:/home/user/.m2/repository/io/grpc/grpc-protobuf/1.17.1/grpc-protobuf-1.17.1.jar:/home/user/.m2/repository/com/google/api/grpc/proto-google-common-protos/1.0.0/proto-google-common-protos-1.0.0.jar:/home/user/.m2/repository/io/grpc/grpc-protobuf-lite/1.17.1/grpc-protobuf-lite-1.17.1.jar:/home/user/.m2/repository/io/grpc/grpc-stub/1.17.1/grpc-stub-1.17.1.jar:/home/user/.m2/repository/org/apache/hadoop/hadoop-ozone-recon/0.5.0-SNAPSHOT/hadoop-ozone-recon-0.5.0-SNAPSHOT.jar:/home/user/.m2/repository/org/apache/hadoop/hadoop-ozone-reconcodegen/0.5.0-SNAPSHOT/hadoop-ozone-reconcodegen-0.5.0-SNAPSHOT.jar:/home/user/.m2/repository/com/google/inject/extensions/guice-multibindings/4.0/guice-multibindings-4.0.jar:/home/user/.m2/repository/com/google/inject/guice/4.0/guice-4.0.jar:/home/user/.m2/repository/aopalliance/aopalliance/1.0/aopalliance-1.0.jar:/home/user/.m2/repository/com/google/inject/extensions/guice-servlet/4.0/guice-servlet-4.0.jar:/home/user/.m2/repository/org/glassfish/jersey/containers/jersey-container-servlet/2.27/jersey-container-servlet-2.27.jar:/home/user/.m2/repository/org/glassfish/hk2/guice-bridge/2.5.0/guice-bridge-2.5.0.jar:/home/user/.m2/repository/org/glassfish/jersey/core/jersey-server/2.27/jersey-server-2.27.jar:/home/user/.m2/repository/org/glassfish/jersey/core/jersey-client/2.27/jersey-client-2.27.jar:/home/user/.m2/repository/org/glassfish/jersey/media/jersey-media-jaxb/2.27/jersey-media-jaxb-2.27.jar:/home/user/.m2/repository/javax/validation/validation-api/1.1.0.Final/validation-api-1.1.0.Final.jar:/home/user/.m2/repository/org/glassfish/jersey/media/jersey-media-json-jackson/2.27/jersey-media-json-jackson-2.27.jar:/home/user/.m2/repository/org/glassfish/jersey/ext/jersey-entity-filtering/2.27/jersey-entity-filtering-2.27.jar:/home/user/.m2/repository/com/google/inject/extensions/guice-assistedinject/4.0/guice-assistedinject-4.0.jar:/home/user/.m2/repository/org/jooq/jooq/3.11.10/jooq-3.11.10.jar:/home/user/.m2/repository/org/jooq/jooq-meta/3.11.10/jooq-meta-3.11.10.jar:/home/user/.m2/repository/org/jooq/jooq-codegen/3.11.10/jooq-codegen-3.11.10.jar:/home/user/.m2/repository/com/jolbox/bonecp/0.8.0.RELEASE/bonecp-0.8.0.RELEASE.jar:/home/user/.m2/repository/org/xerial/sqlite-jdbc/3.25.2/sqlite-jdbc-3.25.2.jar:/home/user/.m2/repository/org/springframework/spring-jdbc/5.1.3.RELEASE/spring-jdbc-5.1.3.RELEASE.jar:/home/user/.m2/repository/org/springframework/spring-beans/5.1.3.RELEASE/spring-beans-5.1.3.RELEASE.jar:/home/user/.m2/repository/org/springframework/spring-core/5.1.3.RELEASE/spring-core-5.1.3.RELEASE.jar:/home/user/.m2/repository/org/springframework/spring-jcl/5.1.3.RELEASE/spring-jcl-5.1.3.RELEASE.jar:/home/user/.m2/repository/org/springframework/spring-tx/5.1.3.RELEASE/spring-tx-5.1.3.RELEASE.jar:/home/user/.m2/repository/org/apache/hadoop/hadoop-ozone-client/0.5.0-SNAPSHOT/hadoop-ozone-client-0.5.0-SNAPSHOT.jar:/home/user/.m2/repository/commons-lang/commons-lang/2.6/commons-lang-2.6.jar:/home/user/.m2/repository/org/apache/hadoop/hadoop-ozone-ozone-manager/0.5.0-SNAPSHOT/hadoop-ozone-ozone-manager-0.5.0-SNAPSHOT-tests.jar:/home/user/.m2/repository/junit/junit/4.11/junit-4.11.jar:/home/user/.m2/repository/org/hamcrest/hamcrest-core/1.3/hamcrest-core-1.3.jar:/home/user/.m2/repository/org/openjdk/jmh/jmh-core/1.19/jmh-core-1.19.jar:/home/user/.m2/repository/net/sf/jopt-simple/jopt-simple/4.6/jopt-simple-4.6.jar:/home/user/.m2/repository/org/apache/commons/commons-math3/3.1.1/commons-math3-3.1.1.jar:/home/user/.m2/repository/org/openjdk/jmh/jmh-generator-annprocess/1.19/jmh-generator-annprocess-1.19.jar:/home/user/.m2/repository/org/mockito/mockito-all/1.8.5/mockito-all-1.8.5.jar:/home/user/.m2/repository/org/apache/hadoop/hadoop-kms/3.2.0/hadoop-kms-3.2.0.jar:/home/user/.m2/repository/org/apache/hadoop/hadoop-auth/3.2.0/hadoop-auth-3.2.0.jar:/home/user/.m2/repository/com/nimbusds/nimbus-jose-jwt/4.41.1/nimbus-jose-jwt-4.41.1.jar:/home/user/.m2/repository/com/github/stephenc/jcip/jcip-annotations/1.0-1/jcip-annotations-1.0-1.jar:/home/user/.m2/repository/net/minidev/json-smart/2.3/json-smart-2.3.jar:/home/user/.m2/repository/net/minidev/accessors-smart/1.2/accessors-smart-1.2.jar:/home/user/.m2/repository/org/ow2/asm/asm/5.0.4/asm-5.0.4.jar:/home/user/.m2/repository/org/apache/curator/curator-framework/2.12.0/curator-framework-2.12.0.jar:/home/user/.m2/repository/com/sun/jersey/jersey-core/1.19/jersey-core-1.19.jar:/home/user/.m2/repository/javax/ws/rs/jsr311-api/1.1.1/jsr311-api-1.1.1.jar:/home/user/.m2/repository/com/sun/jersey/jersey-server/1.19/jersey-server-1.19.jar:/home/user/.m2/repository/javax/servlet/javax.servlet-api/3.1.0/javax.servlet-api-3.1.0.jar:/home/user/.m2/repository/org/eclipse/jetty/jetty-server/9.3.25.v20180904/jetty-server-9.3.25.v20180904.jar:/home/user/.m2/repository/org/eclipse/jetty/jetty-http/9.3.25.v20180904/jetty-http-9.3.25.v20180904.jar:/home/user/.m2/repository/org/eclipse/jetty/jetty-io/9.3.25.v20180904/jetty-io-9.3.25.v20180904.jar:/home/user/.m2/repository/org/eclipse/jetty/jetty-webapp/9.3.25.v20180904/jetty-webapp-9.3.25.v20180904.jar:/home/user/.m2/repository/org/eclipse/jetty/jetty-xml/9.3.25.v20180904/jetty-xml-9.3.25.v20180904.jar:/home/user/.m2/repository/log4j/log4j/1.2.17/log4j-1.2.17.jar:/home/user/.m2/repository/org/slf4j/slf4j-api/1.7.25/slf4j-api-1.7.25.jar:/home/user/.m2/repository/org/slf4j/jul-to-slf4j/1.7.25/jul-to-slf4j-1.7.25.jar:/home/user/.m2/repository/org/eclipse/jetty/jetty-util/9.3.25.v20180904/jetty-util-9.3.25.v20180904.jar:/home/user/.m2/repository/com/fasterxml/jackson/core/jackson-databind/2.9.9/jackson-databind-2.9.9.jar:/home/user/.m2/repository/org/apache/hadoop/hadoop-kms/3.2.0/hadoop-kms-3.2.0-tests.jar:/home/user/.m2/repository/org/apache/hadoop/hadoop-hdds-server-scm/0.5.0-SNAPSHOT/hadoop-hdds-server-scm-0.5.0-SNAPSHOT-tests.jar:/home/user/.m2/repository/org/apache/hadoop/hadoop-hdds-container-service/0.5.0-SNAPSHOT/hadoop-hdds-container-service-0.5.0-SNAPSHOT-tests.jar:/home/user/.m2/repository/org/yaml/snakeyaml/1.16/snakeyaml-1.16.jar:/home/user/.m2/repository/org/apache/hadoop/hadoop-common/3.2.0/hadoop-common-3.2.0-tests.jar:/home/user/.m2/repository/org/apache/hadoop/hadoop-annotations/3.2.0/hadoop-annotations-3.2.0.jar:/usr/lib/jvm/java-1.8-openjdk/jre/../lib/tools.jar:/home/user/.m2/repository/commons-cli/commons-cli/1.2/commons-cli-1.2.jar:/home/user/.m2/repository/org/apache/httpcomponents/httpclient/4.5.2/httpclient-4.5.2.jar:/home/user/.m2/repository/org/apache/httpcomponents/httpcore/4.4.4/httpcore-4.4.4.jar:/home/user/.m2/repository/commons-codec/commons-codec/1.11/commons-codec-1.11.jar:/home/user/.m2/repository/commons-net/commons-net/3.6/commons-net-3.6.jar:/home/user/.m2/repository/commons-collections/commons-collections/3.2.2/commons-collections-3.2.2.jar:/home/user/.m2/repository/org/eclipse/jetty/jetty-servlet/9.3.25.v20180904/jetty-servlet-9.3.25.v20180904.jar:/home/user/.m2/repository/org/eclipse/jetty/jetty-security/9.3.25.v20180904/jetty-security-9.3.25.v20180904.jar:/home/user/.m2/repository/javax/servlet/jsp/jsp-api/2.1/jsp-api-2.1.jar:/home/user/.m2/repository/com/sun/jersey/jersey-servlet/1.19/jersey-servlet-1.19.jar:/home/user/.m2/repository/com/sun/jersey/jersey-json/1.19/jersey-json-1.19.jar:/home/user/.m2/repository/org/codehaus/jettison/jettison/1.1/jettison-1.1.jar:/home/user/.m2/repository/org/codehaus/jackson/jackson-core-asl/1.9.13/jackson-core-asl-1.9.13.jar:/home/user/.m2/repository/org/codehaus/jackson/jackson-mapper-asl/1.9.13/jackson-mapper-asl-1.9.13.jar:/home/user/.m2/repository/org/codehaus/jackson/jackson-jaxrs/1.9.13/jackson-jaxrs-1.9.13.jar:/home/user/.m2/repository/org/codehaus/jackson/jackson-xc/1.9.13/jackson-xc-1.9.13.jar:/home/user/.m2/repository/commons-logging/commons-logging/1.1.3/commons-logging-1.1.3.jar:/home/user/.m2/repository/commons-beanutils/commons-beanutils/1.9.4/commons-beanutils-1.9.4.jar:/home/user/.m2/repository/org/apache/commons/commons-configuration2/2.1.1/commons-configuration2-2.1.1.jar:/home/user/.m2/repository/org/apache/commons/commons-lang3/3.7/commons-lang3-3.7.jar:/home/user/.m2/repository/org/apache/commons/commons-text/1.4/commons-text-1.4.jar:/home/user/.m2/repository/org/apache/avro/avro/1.7.7/avro-1.7.7.jar:/home/user/.m2/repository/com/thoughtworks/paranamer/paranamer/2.3/paranamer-2.3.jar:/home/user/.m2/repository/org/xerial/snappy/snappy-java/1.0.5/snappy-java-1.0.5.jar:/home/user/.m2/repository/com/google/re2j/re2j/1.1/re2j-1.1.jar:/home/user/.m2/repository/com/google/code/gson/gson/2.2.4/gson-2.2.4.jar:/home/user/.m2/repository/com/jcraft/jsch/0.1.54/jsch-0.1.54.jar:/home/user/.m2/repository/org/apache/curator/curator-client/2.12.0/curator-client-2.12.0.jar:/home/user/.m2/repository/org/apache/curator/curator-recipes/2.12.0/curator-recipes-2.12.0.jar:/home/user/.m2/repository/com/google/code/findbugs/jsr305/3.0.0/jsr305-3.0.0.jar:/home/user/.m2/repository/org/apache/htrace/htrace-core4/4.1.0-incubating/htrace-core4-4.1.0-incubating.jar:/home/user/.m2/repository/org/apache/zookeeper/zookeeper/3.4.13/zookeeper-3.4.13.jar:/home/user/.m2/repository/jline/jline/0.9.94/jline-0.9.94.jar:/home/user/.m2/repository/org/apache/yetus/audience-annotations/0.5.0/audience-annotations-0.5.0.jar:/home/user/.m2/repository/org/codehaus/woodstox/stax2-api/3.1.4/stax2-api-3.1.4.jar:/home/user/.m2/repository/com/fasterxml/woodstox/woodstox-core/5.0.3/woodstox-core-5.0.3.jar:/home/user/.m2/repository/dnsjava/dnsjava/2.1.7/dnsjava-2.1.7.jar:/home/user/.m2/repository/org/apache/hadoop/hadoop-hdfs/3.2.0/hadoop-hdfs-3.2.0-tests.jar:/home/user/.m2/repository/org/eclipse/jetty/jetty-util-ajax/9.3.25.v20180904/jetty-util-ajax-9.3.25.v20180904.jar:/home/user/.m2/repository/commons-daemon/commons-daemon/1.0.13/commons-daemon-1.0.13.jar:/home/user/.m2/repository/io/netty/netty/3.10.5.Final/netty-3.10.5.Final.jar:/home/user/.m2/repository/io/netty/netty-all/4.0.52.Final/netty-all-4.0.52.Final.jar:/home/user/.m2/repository/org/fusesource/leveldbjni/leveldbjni-all/1.8/leveldbjni-all-1.8.jar:"/>
    <property name="java.vm.vendor" value="IcedTea"/>
    <property name="sun.arch.data.model" value="64"/>
    <property name="test.build.dir" value="/workdir/hadoop-ozone/integration-test/target/test-dir"/>
    <property name="test.cache.data" value=""/>
    <property name="java.vendor.url" value="https://icedtea.classpath.org"/>
    <property name="user.timezone" value=""/>
    <property name="java.vm.specification.version" value="1.8"/>
    <property name="os.name" value="Linux"/>
    <property name="test.build.data" value="/workdir/hadoop-ozone/integration-test/target/test-dir"/>
    <property name="user.country" value="US"/>
    <property name="sun.java.launcher" value="SUN_STANDARD"/>
    <property name="sun.boot.library.path" value="/usr/lib/jvm/java-1.8-openjdk/jre/lib/amd64"/>
    <property name="sun.java.command" value="/workdir/hadoop-ozone/integration-test/target/surefire/surefirebooter7539222537034859738.jar /workdir/hadoop-ozone/integration-test/target/surefire 2019-09-24T18-01-07_747-jvmRun1 surefire6568457062541409315tmp surefire_188380872033909138051tmp"/>
    <property name="test" value="!TestMiniChaosOzoneCluster"/>
    <property name="surefire.test.class.path" value="/workdir/hadoop-ozone/integration-test/target/test-classes:/workdir/hadoop-ozone/integration-test/target/classes:/home/user/.m2/repository/org/apache/hadoop/hadoop-ozone-common/0.5.0-SNAPSHOT/hadoop-ozone-common-0.5.0-SNAPSHOT.jar:/home/user/.m2/repository/org/apache/commons/commons-compress/1.4.1/commons-compress-1.4.1.jar:/home/user/.m2/repository/org/tukaani/xz/1.0/xz-1.0.jar:/home/user/.m2/repository/org/apache/hadoop/hadoop-common/3.2.0/hadoop-common-3.2.0.jar:/home/user/.m2/repository/org/apache/hadoop/hadoop-hdfs/3.2.0/hadoop-hdfs-3.2.0.jar:/home/user/.m2/repository/org/apache/hadoop/hadoop-hdfs-client/3.2.0/hadoop-hdfs-client-3.2.0.jar:/home/user/.m2/repository/com/fasterxml/jackson/core/jackson-annotations/2.9.9/jackson-annotations-2.9.9.jar:/home/user/.m2/repository/org/apache/hadoop/hadoop-hdds-common/0.5.0-SNAPSHOT/hadoop-hdds-common-0.5.0-SNAPSHOT.jar:/home/user/.m2/repository/javax/annotation/javax.annotation-api/1.2/javax.annotation-api-1.2.jar:/home/user/.m2/repository/org/apache/ratis/ratis-server/0.4.0/ratis-server-0.4.0.jar:/home/user/.m2/repository/org/apache/ratis/ratis-thirdparty-misc/0.2.0/ratis-thirdparty-misc-0.2.0.jar:/home/user/.m2/repository/org/apache/ratis/ratis-proto/0.4.0/ratis-proto-0.4.0.jar:/home/user/.m2/repository/org/apache/ratis/ratis-common/0.4.0/ratis-common-0.4.0.jar:/home/user/.m2/repository/org/apache/ratis/ratis-client/0.4.0/ratis-client-0.4.0.jar:/home/user/.m2/repository/org/apache/ratis/ratis-metrics/0.4.0/ratis-metrics-0.4.0.jar:/home/user/.m2/repository/com/github/joshelser/dropwizard-metrics-hadoop-metrics2-reporter/0.1.2/dropwizard-metrics-hadoop-metrics2-reporter-0.1.2.jar:/home/user/.m2/repository/io/dropwizard/metrics/metrics-jvm/3.2.5/metrics-jvm-3.2.5.jar:/home/user/.m2/repository/io/dropwizard/metrics/metrics-ganglia/3.2.5/metrics-ganglia-3.2.5.jar:/home/user/.m2/repository/info/ganglia/gmetric4j/gmetric4j/1.0.7/gmetric4j-1.0.7.jar:/home/user/.m2/repository/org/apache/ratis/ratis-netty/0.4.0/ratis-netty-0.4.0.jar:/home/user/.m2/repository/org/apache/ratis/ratis-grpc/0.4.0/ratis-grpc-0.4.0.jar:/home/user/.m2/repository/org/rocksdb/rocksdbjni/6.0.1/rocksdbjni-6.0.1.jar:/home/user/.m2/repository/org/apache/logging/log4j/log4j-api/2.11.0/log4j-api-2.11.0.jar:/home/user/.m2/repository/org/apache/logging/log4j/log4j-core/2.11.0/log4j-core-2.11.0.jar:/home/user/.m2/repository/com/lmax/disruptor/3.4.2/disruptor-3.4.2.jar:/home/user/.m2/repository/org/apache/commons/commons-pool2/2.6.0/commons-pool2-2.6.0.jar:/home/user/.m2/repository/org/bouncycastle/bcpkix-jdk15on/1.60/bcpkix-jdk15on-1.60.jar:/home/user/.m2/repository/commons-validator/commons-validator/1.6/commons-validator-1.6.jar:/home/user/.m2/repository/commons-digester/commons-digester/1.8.1/commons-digester-1.8.1.jar:/home/user/.m2/repository/io/jaegertracing/jaeger-client/0.34.0/jaeger-client-0.34.0.jar:/home/user/.m2/repository/io/jaegertracing/jaeger-thrift/0.34.0/jaeger-thrift-0.34.0.jar:/home/user/.m2/repository/org/apache/thrift/libthrift/0.12.0/libthrift-0.12.0.jar:/home/user/.m2/repository/com/squareup/okhttp3/okhttp/3.9.0/okhttp-3.9.0.jar:/home/user/.m2/repository/com/squareup/okio/okio/1.13.0/okio-1.13.0.jar:/home/user/.m2/repository/io/jaegertracing/jaeger-core/0.34.0/jaeger-core-0.34.0.jar:/home/user/.m2/repository/io/jaegertracing/jaeger-tracerresolver/0.34.0/jaeger-tracerresolver-0.34.0.jar:/home/user/.m2/repository/io/opentracing/contrib/opentracing-tracerresolver/0.1.5/opentracing-tracerresolver-0.1.5.jar:/home/user/.m2/repository/io/opentracing/opentracing-util/0.31.0/opentracing-util-0.31.0.jar:/home/user/.m2/repository/io/opentracing/opentracing-api/0.31.0/opentracing-api-0.31.0.jar:/home/user/.m2/repository/io/opentracing/opentracing-noop/0.31.0/opentracing-noop-0.31.0.jar:/home/user/.m2/repository/org/apache/hadoop/hadoop-hdds-server-framework/0.5.0-SNAPSHOT/hadoop-hdds-server-framework-0.5.0-SNAPSHOT.jar:/home/user/.m2/repository/org/apache/hadoop/hadoop-hdds-container-service/0.5.0-SNAPSHOT/hadoop-hdds-container-service-0.5.0-SNAPSHOT.jar:/home/user/.m2/repository/org/apache/hadoop/hadoop-hdds-client/0.5.0-SNAPSHOT/hadoop-hdds-client-0.5.0-SNAPSHOT.jar:/home/user/.m2/repository/org/apache/hadoop/hadoop-hdds-tools/0.5.0-SNAPSHOT/hadoop-hdds-tools-0.5.0-SNAPSHOT.jar:/home/user/.m2/repository/org/apache/hadoop/hadoop-hdds-server-scm/0.5.0-SNAPSHOT/hadoop-hdds-server-scm-0.5.0-SNAPSHOT.jar:/home/user/.m2/repository/org/apache/hadoop/hadoop-hdds-docs/0.5.0-SNAPSHOT/hadoop-hdds-docs-0.5.0-SNAPSHOT.jar:/home/user/.m2/repository/io/dropwizard/metrics/metrics-core/3.2.4/metrics-core-3.2.4.jar:/home/user/.m2/repository/org/hamcrest/hamcrest-all/1.3/hamcrest-all-1.3.jar:/home/user/.m2/repository/org/bouncycastle/bcprov-jdk15on/1.60/bcprov-jdk15on-1.60.jar:/home/user/.m2/repository/info/picocli/picocli/3.9.6/picocli-3.9.6.jar:/home/user/.m2/repository/com/google/protobuf/protobuf-java/2.5.0/protobuf-java-2.5.0.jar:/home/user/.m2/repository/com/google/guava/guava/11.0.2/guava-11.0.2.jar:/home/user/.m2/repository/org/apache/hadoop/hadoop-ozone-ozone-manager/0.5.0-SNAPSHOT/hadoop-ozone-ozone-manager-0.5.0-SNAPSHOT.jar:/home/user/.m2/repository/org/apache/hadoop/hadoop-minikdc/3.2.0/hadoop-minikdc-3.2.0.jar:/home/user/.m2/repository/commons-io/commons-io/2.5/commons-io-2.5.jar:/home/user/.m2/repository/org/apache/kerby/kerb-simplekdc/1.0.1/kerb-simplekdc-1.0.1.jar:/home/user/.m2/repository/org/apache/kerby/kerb-client/1.0.1/kerb-client-1.0.1.jar:/home/user/.m2/repository/org/apache/kerby/kerby-config/1.0.1/kerby-config-1.0.1.jar:/home/user/.m2/repository/org/apache/kerby/kerb-core/1.0.1/kerb-core-1.0.1.jar:/home/user/.m2/repository/org/apache/kerby/kerby-pkix/1.0.1/kerby-pkix-1.0.1.jar:/home/user/.m2/repository/org/apache/kerby/kerby-asn1/1.0.1/kerby-asn1-1.0.1.jar:/home/user/.m2/repository/org/apache/kerby/kerby-util/1.0.1/kerby-util-1.0.1.jar:/home/user/.m2/repository/org/apache/kerby/kerb-common/1.0.1/kerb-common-1.0.1.jar:/home/user/.m2/repository/org/apache/kerby/kerb-crypto/1.0.1/kerb-crypto-1.0.1.jar:/home/user/.m2/repository/org/apache/kerby/kerb-util/1.0.1/kerb-util-1.0.1.jar:/home/user/.m2/repository/org/apache/kerby/token-provider/1.0.1/token-provider-1.0.1.jar:/home/user/.m2/repository/org/apache/kerby/kerb-admin/1.0.1/kerb-admin-1.0.1.jar:/home/user/.m2/repository/org/apache/kerby/kerb-server/1.0.1/kerb-server-1.0.1.jar:/home/user/.m2/repository/org/apache/kerby/kerb-identity/1.0.1/kerb-identity-1.0.1.jar:/home/user/.m2/repository/org/apache/kerby/kerby-xdr/1.0.1/kerby-xdr-1.0.1.jar:/home/user/.m2/repository/org/slf4j/slf4j-log4j12/1.7.25/slf4j-log4j12-1.7.25.jar:/home/user/.m2/repository/org/apache/hadoop/hadoop-ozone-s3gateway/0.5.0-SNAPSHOT/hadoop-ozone-s3gateway-0.5.0-SNAPSHOT.jar:/home/user/.m2/repository/org/jboss/weld/servlet/weld-servlet/2.4.7.Final/weld-servlet-2.4.7.Final.jar:/home/user/.m2/repository/org/glassfish/jersey/containers/jersey-container-servlet-core/2.27/jersey-container-servlet-core-2.27.jar:/home/user/.m2/repository/org/glassfish/hk2/external/javax.inject/2.5.0-b42/javax.inject-2.5.0-b42.jar:/home/user/.m2/repository/org/glassfish/jersey/core/jersey-common/2.27/jersey-common-2.27.jar:/home/user/.m2/repository/org/glassfish/hk2/osgi-resource-locator/1.0.1/osgi-resource-locator-1.0.1.jar:/home/user/.m2/repository/javax/ws/rs/javax.ws.rs-api/2.1/javax.ws.rs-api-2.1.jar:/home/user/.m2/repository/org/glassfish/jersey/ext/cdi/jersey-cdi1x/2.27/jersey-cdi1x-2.27.jar:/home/user/.m2/repository/org/glassfish/jersey/inject/jersey-hk2/2.27/jersey-hk2-2.27.jar:/home/user/.m2/repository/org/glassfish/hk2/hk2-locator/2.5.0-b42/hk2-locator-2.5.0-b42.jar:/home/user/.m2/repository/org/javassist/javassist/3.22.0-CR2/javassist-3.22.0-CR2.jar:/home/user/.m2/repository/org/glassfish/hk2/hk2-api/2.5.0/hk2-api-2.5.0.jar:/home/user/.m2/repository/org/glassfish/hk2/external/jakarta.inject/2.5.0/jakarta.inject-2.5.0.jar:/home/user/.m2/repository/org/glassfish/hk2/hk2-utils/2.5.0/hk2-utils-2.5.0.jar:/home/user/.m2/repository/jakarta/annotation/jakarta.annotation-api/1.3.4/jakarta.annotation-api-1.3.4.jar:/home/user/.m2/repository/org/glassfish/hk2/external/aopalliance-repackaged/2.5.0/aopalliance-repackaged-2.5.0.jar:/home/user/.m2/repository/com/fasterxml/jackson/dataformat/jackson-dataformat-xml/2.9.0/jackson-dataformat-xml-2.9.0.jar:/home/user/.m2/repository/com/fasterxml/jackson/core/jackson-core/2.9.9/jackson-core-2.9.9.jar:/home/user/.m2/repository/com/fasterxml/jackson/module/jackson-module-jaxb-annotations/2.9.9/jackson-module-jaxb-annotations-2.9.9.jar:/home/user/.m2/repository/javax/enterprise/cdi-api/1.2/cdi-api-1.2.jar:/home/user/.m2/repository/javax/el/javax.el-api/3.0.0/javax.el-api-3.0.0.jar:/home/user/.m2/repository/javax/interceptor/javax.interceptor-api/1.2/javax.interceptor-api-1.2.jar:/home/user/.m2/repository/javax/inject/javax.inject/1/javax.inject-1.jar:/home/user/.m2/repository/com/sun/xml/bind/jaxb-impl/2.3.0.1/jaxb-impl-2.3.0.1.jar:/home/user/.m2/repository/com/sun/xml/bind/jaxb-core/2.3.0.1/jaxb-core-2.3.0.1.jar:/home/user/.m2/repository/javax/xml/bind/jaxb-api/2.3.0/jaxb-api-2.3.0.jar:/home/user/.m2/repository/javax/activation/activation/1.1.1/activation-1.1.1.jar:/home/user/.m2/repository/org/apache/hadoop/hadoop-ozone-csi/0.5.0-SNAPSHOT/hadoop-ozone-csi-0.5.0-SNAPSHOT.jar:/home/user/.m2/repository/com/google/protobuf/protobuf-java-util/3.5.1/protobuf-java-util-3.5.1.jar:/home/user/.m2/repository/org/apache/hadoop/hadoop-hdds-config/0.5.0-SNAPSHOT/hadoop-hdds-config-0.5.0-SNAPSHOT.jar:/home/user/.m2/repository/io/grpc/grpc-netty/1.17.1/grpc-netty-1.17.1.jar:/home/user/.m2/repository/io/grpc/grpc-core/1.17.1/grpc-core-1.17.1.jar:/home/user/.m2/repository/io/grpc/grpc-context/1.17.1/grpc-context-1.17.1.jar:/home/user/.m2/repository/com/google/errorprone/error_prone_annotations/2.2.0/error_prone_annotations-2.2.0.jar:/home/user/.m2/repository/org/codehaus/mojo/animal-sniffer-annotations/1.17/animal-sniffer-annotations-1.17.jar:/home/user/.m2/repository/io/opencensus/opencensus-api/0.17.0/opencensus-api-0.17.0.jar:/home/user/.m2/repository/io/opencensus/opencensus-contrib-grpc-metrics/0.17.0/opencensus-contrib-grpc-metrics-0.17.0.jar:/home/user/.m2/repository/io/netty/netty-codec-http2/4.1.30.Final/netty-codec-http2-4.1.30.Final.jar:/home/user/.m2/repository/io/netty/netty-codec-http/4.1.30.Final/netty-codec-http-4.1.30.Final.jar:/home/user/.m2/repository/io/netty/netty-codec/4.1.30.Final/netty-codec-4.1.30.Final.jar:/home/user/.m2/repository/io/netty/netty-handler/4.1.30.Final/netty-handler-4.1.30.Final.jar:/home/user/.m2/repository/io/netty/netty-handler-proxy/4.1.30.Final/netty-handler-proxy-4.1.30.Final.jar:/home/user/.m2/repository/io/netty/netty-codec-socks/4.1.30.Final/netty-codec-socks-4.1.30.Final.jar:/home/user/.m2/repository/io/netty/netty-transport-native-epoll/4.1.30.Final/netty-transport-native-epoll-4.1.30.Final.jar:/home/user/.m2/repository/io/netty/netty-common/4.1.30.Final/netty-common-4.1.30.Final.jar:/home/user/.m2/repository/io/netty/netty-buffer/4.1.30.Final/netty-buffer-4.1.30.Final.jar:/home/user/.m2/repository/io/netty/netty-transport/4.1.30.Final/netty-transport-4.1.30.Final.jar:/home/user/.m2/repository/io/netty/netty-resolver/4.1.30.Final/netty-resolver-4.1.30.Final.jar:/home/user/.m2/repository/io/netty/netty-transport-native-unix-common/4.1.30.Final/netty-transport-native-unix-common-4.1.30.Final.jar:/home/user/.m2/repository/io/grpc/grpc-protobuf/1.17.1/grpc-protobuf-1.17.1.jar:/home/user/.m2/repository/com/google/api/grpc/proto-google-common-protos/1.0.0/proto-google-common-protos-1.0.0.jar:/home/user/.m2/repository/io/grpc/grpc-protobuf-lite/1.17.1/grpc-protobuf-lite-1.17.1.jar:/home/user/.m2/repository/io/grpc/grpc-stub/1.17.1/grpc-stub-1.17.1.jar:/home/user/.m2/repository/org/apache/hadoop/hadoop-ozone-recon/0.5.0-SNAPSHOT/hadoop-ozone-recon-0.5.0-SNAPSHOT.jar:/home/user/.m2/repository/org/apache/hadoop/hadoop-ozone-reconcodegen/0.5.0-SNAPSHOT/hadoop-ozone-reconcodegen-0.5.0-SNAPSHOT.jar:/home/user/.m2/repository/com/google/inject/extensions/guice-multibindings/4.0/guice-multibindings-4.0.jar:/home/user/.m2/repository/com/google/inject/guice/4.0/guice-4.0.jar:/home/user/.m2/repository/aopalliance/aopalliance/1.0/aopalliance-1.0.jar:/home/user/.m2/repository/com/google/inject/extensions/guice-servlet/4.0/guice-servlet-4.0.jar:/home/user/.m2/repository/org/glassfish/jersey/containers/jersey-container-servlet/2.27/jersey-container-servlet-2.27.jar:/home/user/.m2/repository/org/glassfish/hk2/guice-bridge/2.5.0/guice-bridge-2.5.0.jar:/home/user/.m2/repository/org/glassfish/jersey/core/jersey-server/2.27/jersey-server-2.27.jar:/home/user/.m2/repository/org/glassfish/jersey/core/jersey-client/2.27/jersey-client-2.27.jar:/home/user/.m2/repository/org/glassfish/jersey/media/jersey-media-jaxb/2.27/jersey-media-jaxb-2.27.jar:/home/user/.m2/repository/javax/validation/validation-api/1.1.0.Final/validation-api-1.1.0.Final.jar:/home/user/.m2/repository/org/glassfish/jersey/media/jersey-media-json-jackson/2.27/jersey-media-json-jackson-2.27.jar:/home/user/.m2/repository/org/glassfish/jersey/ext/jersey-entity-filtering/2.27/jersey-entity-filtering-2.27.jar:/home/user/.m2/repository/com/google/inject/extensions/guice-assistedinject/4.0/guice-assistedinject-4.0.jar:/home/user/.m2/repository/org/jooq/jooq/3.11.10/jooq-3.11.10.jar:/home/user/.m2/repository/org/jooq/jooq-meta/3.11.10/jooq-meta-3.11.10.jar:/home/user/.m2/repository/org/jooq/jooq-codegen/3.11.10/jooq-codegen-3.11.10.jar:/home/user/.m2/repository/com/jolbox/bonecp/0.8.0.RELEASE/bonecp-0.8.0.RELEASE.jar:/home/user/.m2/repository/org/xerial/sqlite-jdbc/3.25.2/sqlite-jdbc-3.25.2.jar:/home/user/.m2/repository/org/springframework/spring-jdbc/5.1.3.RELEASE/spring-jdbc-5.1.3.RELEASE.jar:/home/user/.m2/repository/org/springframework/spring-beans/5.1.3.RELEASE/spring-beans-5.1.3.RELEASE.jar:/home/user/.m2/repository/org/springframework/spring-core/5.1.3.RELEASE/spring-core-5.1.3.RELEASE.jar:/home/user/.m2/repository/org/springframework/spring-jcl/5.1.3.RELEASE/spring-jcl-5.1.3.RELEASE.jar:/home/user/.m2/repository/org/springframework/spring-tx/5.1.3.RELEASE/spring-tx-5.1.3.RELEASE.jar:/home/user/.m2/repository/org/apache/hadoop/hadoop-ozone-client/0.5.0-SNAPSHOT/hadoop-ozone-client-0.5.0-SNAPSHOT.jar:/home/user/.m2/repository/commons-lang/commons-lang/2.6/commons-lang-2.6.jar:/home/user/.m2/repository/org/apache/hadoop/hadoop-ozone-ozone-manager/0.5.0-SNAPSHOT/hadoop-ozone-ozone-manager-0.5.0-SNAPSHOT-tests.jar:/home/user/.m2/repository/junit/junit/4.11/junit-4.11.jar:/home/user/.m2/repository/org/hamcrest/hamcrest-core/1.3/hamcrest-core-1.3.jar:/home/user/.m2/repository/org/openjdk/jmh/jmh-core/1.19/jmh-core-1.19.jar:/home/user/.m2/repository/net/sf/jopt-simple/jopt-simple/4.6/jopt-simple-4.6.jar:/home/user/.m2/repository/org/apache/commons/commons-math3/3.1.1/commons-math3-3.1.1.jar:/home/user/.m2/repository/org/openjdk/jmh/jmh-generator-annprocess/1.19/jmh-generator-annprocess-1.19.jar:/home/user/.m2/repository/org/mockito/mockito-all/1.8.5/mockito-all-1.8.5.jar:/home/user/.m2/repository/org/apache/hadoop/hadoop-kms/3.2.0/hadoop-kms-3.2.0.jar:/home/user/.m2/repository/org/apache/hadoop/hadoop-auth/3.2.0/hadoop-auth-3.2.0.jar:/home/user/.m2/repository/com/nimbusds/nimbus-jose-jwt/4.41.1/nimbus-jose-jwt-4.41.1.jar:/home/user/.m2/repository/com/github/stephenc/jcip/jcip-annotations/1.0-1/jcip-annotations-1.0-1.jar:/home/user/.m2/repository/net/minidev/json-smart/2.3/json-smart-2.3.jar:/home/user/.m2/repository/net/minidev/accessors-smart/1.2/accessors-smart-1.2.jar:/home/user/.m2/repository/org/ow2/asm/asm/5.0.4/asm-5.0.4.jar:/home/user/.m2/repository/org/apache/curator/curator-framework/2.12.0/curator-framework-2.12.0.jar:/home/user/.m2/repository/com/sun/jersey/jersey-core/1.19/jersey-core-1.19.jar:/home/user/.m2/repository/javax/ws/rs/jsr311-api/1.1.1/jsr311-api-1.1.1.jar:/home/user/.m2/repository/com/sun/jersey/jersey-server/1.19/jersey-server-1.19.jar:/home/user/.m2/repository/javax/servlet/javax.servlet-api/3.1.0/javax.servlet-api-3.1.0.jar:/home/user/.m2/repository/org/eclipse/jetty/jetty-server/9.3.25.v20180904/jetty-server-9.3.25.v20180904.jar:/home/user/.m2/repository/org/eclipse/jetty/jetty-http/9.3.25.v20180904/jetty-http-9.3.25.v20180904.jar:/home/user/.m2/repository/org/eclipse/jetty/jetty-io/9.3.25.v20180904/jetty-io-9.3.25.v20180904.jar:/home/user/.m2/repository/org/eclipse/jetty/jetty-webapp/9.3.25.v20180904/jetty-webapp-9.3.25.v20180904.jar:/home/user/.m2/repository/org/eclipse/jetty/jetty-xml/9.3.25.v20180904/jetty-xml-9.3.25.v20180904.jar:/home/user/.m2/repository/log4j/log4j/1.2.17/log4j-1.2.17.jar:/home/user/.m2/repository/org/slf4j/slf4j-api/1.7.25/slf4j-api-1.7.25.jar:/home/user/.m2/repository/org/slf4j/jul-to-slf4j/1.7.25/jul-to-slf4j-1.7.25.jar:/home/user/.m2/repository/org/eclipse/jetty/jetty-util/9.3.25.v20180904/jetty-util-9.3.25.v20180904.jar:/home/user/.m2/repository/com/fasterxml/jackson/core/jackson-databind/2.9.9/jackson-databind-2.9.9.jar:/home/user/.m2/repository/org/apache/hadoop/hadoop-kms/3.2.0/hadoop-kms-3.2.0-tests.jar:/home/user/.m2/repository/org/apache/hadoop/hadoop-hdds-server-scm/0.5.0-SNAPSHOT/hadoop-hdds-server-scm-0.5.0-SNAPSHOT-tests.jar:/home/user/.m2/repository/org/apache/hadoop/hadoop-hdds-container-service/0.5.0-SNAPSHOT/hadoop-hdds-container-service-0.5.0-SNAPSHOT-tests.jar:/home/user/.m2/repository/org/yaml/snakeyaml/1.16/snakeyaml-1.16.jar:/home/user/.m2/repository/org/apache/hadoop/hadoop-common/3.2.0/hadoop-common-3.2.0-tests.jar:/home/user/.m2/repository/org/apache/hadoop/hadoop-annotations/3.2.0/hadoop-annotations-3.2.0.jar:/usr/lib/jvm/java-1.8-openjdk/jre/../lib/tools.jar:/home/user/.m2/repository/commons-cli/commons-cli/1.2/commons-cli-1.2.jar:/home/user/.m2/repository/org/apache/httpcomponents/httpclient/4.5.2/httpclient-4.5.2.jar:/home/user/.m2/repository/org/apache/httpcomponents/httpcore/4.4.4/httpcore-4.4.4.jar:/home/user/.m2/repository/commons-codec/commons-codec/1.11/commons-codec-1.11.jar:/home/user/.m2/repository/commons-net/commons-net/3.6/commons-net-3.6.jar:/home/user/.m2/repository/commons-collections/commons-collections/3.2.2/commons-collections-3.2.2.jar:/home/user/.m2/repository/org/eclipse/jetty/jetty-servlet/9.3.25.v20180904/jetty-servlet-9.3.25.v20180904.jar:/home/user/.m2/repository/org/eclipse/jetty/jetty-security/9.3.25.v20180904/jetty-security-9.3.25.v20180904.jar:/home/user/.m2/repository/javax/servlet/jsp/jsp-api/2.1/jsp-api-2.1.jar:/home/user/.m2/repository/com/sun/jersey/jersey-servlet/1.19/jersey-servlet-1.19.jar:/home/user/.m2/repository/com/sun/jersey/jersey-json/1.19/jersey-json-1.19.jar:/home/user/.m2/repository/org/codehaus/jettison/jettison/1.1/jettison-1.1.jar:/home/user/.m2/repository/org/codehaus/jackson/jackson-core-asl/1.9.13/jackson-core-asl-1.9.13.jar:/home/user/.m2/repository/org/codehaus/jackson/jackson-mapper-asl/1.9.13/jackson-mapper-asl-1.9.13.jar:/home/user/.m2/repository/org/codehaus/jackson/jackson-jaxrs/1.9.13/jackson-jaxrs-1.9.13.jar:/home/user/.m2/repository/org/codehaus/jackson/jackson-xc/1.9.13/jackson-xc-1.9.13.jar:/home/user/.m2/repository/commons-logging/commons-logging/1.1.3/commons-logging-1.1.3.jar:/home/user/.m2/repository/commons-beanutils/commons-beanutils/1.9.4/commons-beanutils-1.9.4.jar:/home/user/.m2/repository/org/apache/commons/commons-configuration2/2.1.1/commons-configuration2-2.1.1.jar:/home/user/.m2/repository/org/apache/commons/commons-lang3/3.7/commons-lang3-3.7.jar:/home/user/.m2/repository/org/apache/commons/commons-text/1.4/commons-text-1.4.jar:/home/user/.m2/repository/org/apache/avro/avro/1.7.7/avro-1.7.7.jar:/home/user/.m2/repository/com/thoughtworks/paranamer/paranamer/2.3/paranamer-2.3.jar:/home/user/.m2/repository/org/xerial/snappy/snappy-java/1.0.5/snappy-java-1.0.5.jar:/home/user/.m2/repository/com/google/re2j/re2j/1.1/re2j-1.1.jar:/home/user/.m2/repository/com/google/code/gson/gson/2.2.4/gson-2.2.4.jar:/home/user/.m2/repository/com/jcraft/jsch/0.1.54/jsch-0.1.54.jar:/home/user/.m2/repository/org/apache/curator/curator-client/2.12.0/curator-client-2.12.0.jar:/home/user/.m2/repository/org/apache/curator/curator-recipes/2.12.0/curator-recipes-2.12.0.jar:/home/user/.m2/repository/com/google/code/findbugs/jsr305/3.0.0/jsr305-3.0.0.jar:/home/user/.m2/repository/org/apache/htrace/htrace-core4/4.1.0-incubating/htrace-core4-4.1.0-incubating.jar:/home/user/.m2/repository/org/apache/zookeeper/zookeeper/3.4.13/zookeeper-3.4.13.jar:/home/user/.m2/repository/jline/jline/0.9.94/jline-0.9.94.jar:/home/user/.m2/repository/org/apache/yetus/audience-annotations/0.5.0/audience-annotations-0.5.0.jar:/home/user/.m2/repository/org/codehaus/woodstox/stax2-api/3.1.4/stax2-api-3.1.4.jar:/home/user/.m2/repository/com/fasterxml/woodstox/woodstox-core/5.0.3/woodstox-core-5.0.3.jar:/home/user/.m2/repository/dnsjava/dnsjava/2.1.7/dnsjava-2.1.7.jar:/home/user/.m2/repository/org/apache/hadoop/hadoop-hdfs/3.2.0/hadoop-hdfs-3.2.0-tests.jar:/home/user/.m2/repository/org/eclipse/jetty/jetty-util-ajax/9.3.25.v20180904/jetty-util-ajax-9.3.25.v20180904.jar:/home/user/.m2/repository/commons-daemon/commons-daemon/1.0.13/commons-daemon-1.0.13.jar:/home/user/.m2/repository/io/netty/netty/3.10.5.Final/netty-3.10.5.Final.jar:/home/user/.m2/repository/io/netty/netty-all/4.0.52.Final/netty-all-4.0.52.Final.jar:/home/user/.m2/repository/org/fusesource/leveldbjni/leveldbjni-all/1.8/leveldbjni-all-1.8.jar:"/>
    <property name="sun.cpu.endian" value="little"/>
    <property name="user.home" value="/home/user"/>
    <property name="user.language" value="en"/>
    <property name="java.specification.vendor" value="Oracle Corporation"/>
    <property name="java.home" value="/usr/lib/jvm/java-1.8-openjdk/jre"/>
    <property name="java.security.krb5.conf" value="/workdir/hadoop-ozone/integration-test/target/test-classes/krb5.conf"/>
    <property name="basedir" value="/workdir/hadoop-ozone/integration-test"/>
    <property name="file.separator" value="/"/>
    <property name="line.separator" value="&#10;"/>
    <property name="java.vm.specification.vendor" value="Oracle Corporation"/>
    <property name="java.specification.name" value="Java Platform API Specification"/>
    <property name="java.awt.graphicsenv" value="sun.awt.X11GraphicsEnvironment"/>
    <property name="surefire.real.class.path" value="/workdir/hadoop-ozone/integration-test/target/surefire/surefirebooter7539222537034859738.jar"/>
    <property name="hadoop.log.dir" value="/workdir/hadoop-ozone/integration-test/target/log"/>
    <property name="sun.boot.class.path" value="/usr/lib/jvm/java-1.8-openjdk/jre/lib/resources.jar:/usr/lib/jvm/java-1.8-openjdk/jre/lib/rt.jar:/usr/lib/jvm/java-1.8-openjdk/jre/lib/sunrsasign.jar:/usr/lib/jvm/java-1.8-openjdk/jre/lib/jsse.jar:/usr/lib/jvm/java-1.8-openjdk/jre/lib/jce.jar:/usr/lib/jvm/java-1.8-openjdk/jre/lib/charsets.jar:/usr/lib/jvm/java-1.8-openjdk/jre/lib/jfr.jar:/usr/lib/jvm/java-1.8-openjdk/jre/classes"/>
    <property name="sun.management.compiler" value="HotSpot 64-Bit Tiered Compilers"/>
    <property name="java.runtime.version" value="1.8.0_212-b04"/>
    <property name="java.net.preferIPv4Stack" value="true"/>
    <property name="user.name" value="jenkins1000"/>
    <property name="path.separator" value=":"/>
    <property name="java.security.egd" value="file:///dev/urandom"/>
    <property name="os.version" value="3.10.0-957.12.2.el7.x86_64"/>
    <property name="java.endorsed.dirs" value="/usr/lib/jvm/java-1.8-openjdk/jre/lib/endorsed"/>
    <property name="java.runtime.name" value="OpenJDK Runtime Environment"/>
    <property name="file.encoding" value="UTF-8"/>
    <property name="java.vm.name" value="OpenJDK 64-Bit Server VM"/>
    <property name="test.build.webapps" value=""/>
    <property name="localRepository" value="/home/user/.m2/repository"/>
    <property name="java.vendor.url.bug" value="https://icedtea.classpath.org/bugzilla"/>
    <property name="java.io.tmpdir" value="/tmp"/>
    <property name="require.test.libhadoop" value=""/>
    <property name="java.version" value="1.8.0_212"/>
    <property name="user.dir" value="/workdir/hadoop-ozone/integration-test"/>
    <property name="os.arch" value="amd64"/>
    <property name="java.vm.specification.name" value="Java Virtual Machine Specification"/>
    <property name="test.build.classes" value="/workdir/hadoop-ozone/integration-test/target/test-classes"/>
    <property name="java.awt.printerjob" value="sun.print.PSPrinterJob"/>
    <property name="sun.os.patch.level" value="unknown"/>
    <property name="hadoop.tmp.dir" value="/workdir/hadoop-ozone/integration-test/target/tmp"/>
    <property name="java.library.path" value="/usr/lib/jvm/java-1.8-openjdk/jre/lib/amd64/server:/usr/lib/jvm/java-1.8-openjdk/jre/lib/amd64:/usr/lib/jvm/java-1.8-openjdk/jre/../lib/amd64:/workdir/hadoop-ozone/integration-test/target/native/target/usr/local/lib:/workdir/hadoop-ozone/integration-test/../../hadoop-common-project/hadoop-common/target/native/target/usr/local/lib:/usr/java/packages/lib/amd64:/usr/lib64:/lib64:/lib:/usr/lib"/>
    <property name="java.vm.info" value="mixed mode"/>
    <property name="java.vendor" value="IcedTea"/>
    <property name="java.vm.version" value="25.212-b04"/>
    <property name="java.ext.dirs" value="/usr/lib/jvm/java-1.8-openjdk/jre/lib/ext:/usr/java/packages/lib/ext"/>
    <property name="sun.io.unicode.encoding" value="UnicodeLittle"/>
    <property name="java.class.version" value="52.0"/>
  </properties>
  <testcase name="testWatchForCommitWithKeyWrite" classname="org.apache.hadoop.ozone.client.rpc.TestWatchForCommit" time="102.806"/>
  <testcase name="testWatchForCommitWithSmallerTimeoutValue" classname="org.apache.hadoop.ozone.client.rpc.TestWatchForCommit" time="70.299"/>
  <testcase name="testWatchForCommitForRetryfailure" classname="org.apache.hadoop.ozone.client.rpc.TestWatchForCommit" time="94.382"/>
  <testcase name="testWatchForCommitForGroupMismatchException" classname="org.apache.hadoop.ozone.client.rpc.TestWatchForCommit" time="16.349">
    <error message="Could not allocate container. Cannot get any matching pipeline for Type:RATIS, Factor:THREE, State:PipelineState.OPEN&#10;	at org.apache.hadoop.hdds.scm.container.ContainerStateManager.allocateContainer(ContainerStateManager.java:260)&#10;	at org.apache.hadoop.hdds.scm.container.SCMContainerManager.allocateContainer(SCMContainerManager.java:247)&#10;	at org.apache.hadoop.hdds.scm.server.SCMClientProtocolServer.allocateContainer(SCMClientProtocolServer.java:186)&#10;	at org.apache.hadoop.ozone.protocolPB.StorageContainerLocationProtocolServerSideTranslatorPB.allocateContainer(StorageContainerLocationProtocolServerSideTranslatorPB.java:123)&#10;	at org.apache.hadoop.hdds.protocol.proto.StorageContainerLocationProtocolProtos$StorageContainerLocationProtocolService$2.callBlockingMethod(StorageContainerLocationProtocolProtos.java:21239)&#10;	at org.apache.hadoop.ipc.ProtobufRpcEngine$Server$ProtoBufRpcInvoker.call(ProtobufRpcEngine.java:524)&#10;	at org.apache.hadoop.ipc.RPC$Server.call(RPC.java:1025)&#10;	at org.apache.hadoop.ipc.Server$RpcCall.run(Server.java:876)&#10;	at org.apache.hadoop.ipc.Server$RpcCall.run(Server.java:822)&#10;	at java.security.AccessController.doPrivileged(Native Method)&#10;	at javax.security.auth.Subject.doAs(Subject.java:422)&#10;	at org.apache.hadoop.security.UserGroupInformation.doAs(UserGroupInformation.java:1730)&#10;	at org.apache.hadoop.ipc.Server$Handler.run(Server.java:2682)&#10;" type="org.apache.hadoop.ipc.RemoteException(java.io.IOException)">org.apache.hadoop.ipc.RemoteException(java.io.IOException): Could not allocate container. Cannot get any matching pipeline for Type:RATIS, Factor:THREE, State:PipelineState.OPEN
	at org.apache.hadoop.hdds.scm.container.ContainerStateManager.allocateContainer(ContainerStateManager.java:260)
	at org.apache.hadoop.hdds.scm.container.SCMContainerManager.allocateContainer(SCMContainerManager.java:247)
	at org.apache.hadoop.hdds.scm.server.SCMClientProtocolServer.allocateContainer(SCMClientProtocolServer.java:186)
	at org.apache.hadoop.ozone.protocolPB.StorageContainerLocationProtocolServerSideTranslatorPB.allocateContainer(StorageContainerLocationProtocolServerSideTranslatorPB.java:123)
	at org.apache.hadoop.hdds.protocol.proto.StorageContainerLocationProtocolProtos$StorageContainerLocationProtocolService$2.callBlockingMethod(StorageContainerLocationProtocolProtos.java:21239)
	at org.apache.hadoop.ipc.ProtobufRpcEngine$Server$ProtoBufRpcInvoker.call(ProtobufRpcEngine.java:524)
	at org.apache.hadoop.ipc.RPC$Server.call(RPC.java:1025)
	at org.apache.hadoop.ipc.Server$RpcCall.run(Server.java:876)
	at org.apache.hadoop.ipc.Server$RpcCall.run(Server.java:822)
	at java.security.AccessController.doPrivileged(Native Method)
	at javax.security.auth.Subject.doAs(Subject.java:422)
	at org.apache.hadoop.security.UserGroupInformation.doAs(UserGroupInformation.java:1730)
	at org.apache.hadoop.ipc.Server$Handler.run(Server.java:2682)

	at org.apache.hadoop.ipc.Client.getRpcResponse(Client.java:1511)
	at org.apache.hadoop.ipc.Client.call(Client.java:1457)
	at org.apache.hadoop.ipc.Client.call(Client.java:1367)
	at org.apache.hadoop.ipc.ProtobufRpcEngine$Invoker.invoke(ProtobufRpcEngine.java:228)
	at org.apache.hadoop.ipc.ProtobufRpcEngine$Invoker.invoke(ProtobufRpcEngine.java:116)
	at com.sun.proxy.$Proxy22.allocateContainer(Unknown Source)
	at org.apache.hadoop.hdds.scm.protocolPB.StorageContainerLocationProtocolClientSideTranslatorPB.allocateContainer(StorageContainerLocationProtocolClientSideTranslatorPB.java:127)
	at org.apache.hadoop.ozone.client.rpc.TestWatchForCommit.testWatchForCommitForGroupMismatchException(TestWatchForCommit.java:419)
	at sun.reflect.NativeMethodAccessorImpl.invoke0(Native Method)
	at sun.reflect.NativeMethodAccessorImpl.invoke(NativeMethodAccessorImpl.java:62)
	at sun.reflect.DelegatingMethodAccessorImpl.invoke(DelegatingMethodAccessorImpl.java:43)
	at java.lang.reflect.Method.invoke(Method.java:498)
	at org.junit.runners.model.FrameworkMethod$1.runReflectiveCall(FrameworkMethod.java:47)
	at org.junit.internal.runners.model.ReflectiveCallable.run(ReflectiveCallable.java:12)
	at org.junit.runners.model.FrameworkMethod.invokeExplosively(FrameworkMethod.java:44)
	at org.junit.internal.runners.statements.InvokeMethod.evaluate(InvokeMethod.java:17)
	at org.junit.runners.ParentRunner.runLeaf(ParentRunner.java:271)
	at org.junit.runners.BlockJUnit4ClassRunner.runChild(BlockJUnit4ClassRunner.java:70)
	at org.junit.runners.BlockJUnit4ClassRunner.runChild(BlockJUnit4ClassRunner.java:50)
	at org.junit.runners.ParentRunner$3.run(ParentRunner.java:238)
	at org.junit.runners.ParentRunner$1.schedule(ParentRunner.java:63)
	at org.junit.runners.ParentRunner.runChildren(ParentRunner.java:236)
	at org.junit.runners.ParentRunner.access$000(ParentRunner.java:53)
	at org.junit.runners.ParentRunner$2.evaluate(ParentRunner.java:229)
	at org.junit.runners.ParentRunner.run(ParentRunner.java:309)
	at org.apache.maven.surefire.junit4.JUnit4Provider.execute(JUnit4Provider.java:365)
	at org.apache.maven.surefire.junit4.JUnit4Provider.executeWithRerun(JUnit4Provider.java:273)
	at org.apache.maven.surefire.junit4.JUnit4Provider.executeTestSet(JUnit4Provider.java:238)
	at org.apache.maven.surefire.junit4.JUnit4Provider.invoke(JUnit4Provider.java:159)
	at org.apache.maven.surefire.booter.ForkedBooter.invokeProviderInSameClassLoader(ForkedBooter.java:384)
	at org.apache.maven.surefire.booter.ForkedBooter.runSuitesInProcess(ForkedBooter.java:345)
	at org.apache.maven.surefire.booter.ForkedBooter.execute(ForkedBooter.java:126)
	at org.apache.maven.surefire.booter.ForkedBooter.main(ForkedBooter.java:418)
</error>
    <system-out><![CDATA[2019-09-24 18:42:21,103 [main] WARN  server.ServerUtils (ServerUtils.java:getScmDbDir(145)) - ozone.scm.db.dirs is not configured. We recommend adding this setting. Falling back to ozone.metadata.dirs instead.
2019-09-24 18:42:21,125 [main] WARN  server.ServerUtils (ServerUtils.java:getScmDbDir(145)) - ozone.scm.db.dirs is not configured. We recommend adding this setting. Falling back to ozone.metadata.dirs instead.
2019-09-24 18:42:21,126 [main] WARN  server.ServerUtils (ServerUtils.java:getScmDbDir(145)) - ozone.scm.db.dirs is not configured. We recommend adding this setting. Falling back to ozone.metadata.dirs instead.
2019-09-24 18:42:21,126 [main] INFO  db.DBStoreBuilder (DBStoreBuilder.java:addTable(110)) - using custom profile for table: deletedBlocks
2019-09-24 18:42:21,126 [main] INFO  db.DBStoreBuilder (DBStoreBuilder.java:processTables(161)) - Using default column profile:DBProfile.DISK for Table:deletedBlocks
2019-09-24 18:42:21,127 [main] INFO  db.DBStoreBuilder (DBStoreBuilder.java:addTable(110)) - using custom profile for table: validCerts
2019-09-24 18:42:21,127 [main] INFO  db.DBStoreBuilder (DBStoreBuilder.java:processTables(161)) - Using default column profile:DBProfile.DISK for Table:validCerts
2019-09-24 18:42:21,127 [main] INFO  db.DBStoreBuilder (DBStoreBuilder.java:addTable(110)) - using custom profile for table: revokedCerts
2019-09-24 18:42:21,127 [main] INFO  db.DBStoreBuilder (DBStoreBuilder.java:processTables(161)) - Using default column profile:DBProfile.DISK for Table:revokedCerts
2019-09-24 18:42:21,127 [main] INFO  db.DBStoreBuilder (DBStoreBuilder.java:addTable(110)) - using custom profile for table: default
2019-09-24 18:42:21,128 [main] INFO  db.DBStoreBuilder (DBStoreBuilder.java:processTables(167)) - Using default column profile:DBProfile.DISK for Table:default
2019-09-24 18:42:21,128 [main] INFO  db.DBStoreBuilder (DBStoreBuilder.java:getDbProfile(198)) - Using default options. DBProfile.DISK
2019-09-24 18:42:21,512 [main] INFO  net.NodeSchemaLoader (NodeSchemaLoader.java:loadSchemaFromFile(125)) - Loading file from sun.misc.CompoundEnumeration@24c685e7
2019-09-24 18:42:21,513 [main] INFO  net.NodeSchemaLoader (NodeSchemaLoader.java:loadSchema(171)) - Loading network topology layer schema file
2019-09-24 18:42:21,518 [main] INFO  node.SCMNodeManager (SCMNodeManager.java:<init>(114)) - Entering startup safe mode.
2019-09-24 18:42:21,519 [main] INFO  algorithms.ContainerPlacementPolicyFactory (ContainerPlacementPolicyFactory.java:getPolicy(57)) - Create container placement policy of type org.apache.hadoop.hdds.scm.container.placement.algorithms.SCMContainerPlacementRandom
2019-09-24 18:42:21,519 [main] WARN  server.ServerUtils (ServerUtils.java:getScmDbDir(145)) - ozone.scm.db.dirs is not configured. We recommend adding this setting. Falling back to ozone.metadata.dirs instead.
2019-09-24 18:42:21,646 [main] INFO  pipeline.SCMPipelineManager (SCMPipelineManager.java:initializePipelineState(132)) - No pipeline exists in current db
2019-09-24 18:42:21,646 [main] WARN  server.ServerUtils (ServerUtils.java:getScmDbDir(145)) - ozone.scm.db.dirs is not configured. We recommend adding this setting. Falling back to ozone.metadata.dirs instead.
2019-09-24 18:42:21,793 [main] WARN  events.EventQueue (EventQueue.java:fireEvent(183)) - No event handler registered for event TypedEvent{payloadType=SafeModeStatus, name='SafeModeStatus'}
2019-09-24 18:42:21,794 [main] INFO  ipc.CallQueueManager (CallQueueManager.java:<init>(84)) - Using callQueue: class java.util.concurrent.LinkedBlockingQueue, queueCapacity: 2000, scheduler: class org.apache.hadoop.ipc.DefaultRpcScheduler, ipcBackoff: false.
2019-09-24 18:42:21,795 [Socket Reader #1 for port 37864] INFO  ipc.Server (Server.java:run(1074)) - Starting Socket Reader #1 for port 37864
2019-09-24 18:42:21,797 [main] INFO  ipc.CallQueueManager (CallQueueManager.java:<init>(84)) - Using callQueue: class java.util.concurrent.LinkedBlockingQueue, queueCapacity: 2000, scheduler: class org.apache.hadoop.ipc.DefaultRpcScheduler, ipcBackoff: false.
2019-09-24 18:42:21,798 [Socket Reader #1 for port 46658] INFO  ipc.Server (Server.java:run(1074)) - Starting Socket Reader #1 for port 46658
2019-09-24 18:42:21,799 [main] INFO  ipc.CallQueueManager (CallQueueManager.java:<init>(84)) - Using callQueue: class java.util.concurrent.LinkedBlockingQueue, queueCapacity: 2000, scheduler: class org.apache.hadoop.ipc.DefaultRpcScheduler, ipcBackoff: false.
2019-09-24 18:42:21,800 [Socket Reader #1 for port 37438] INFO  ipc.Server (Server.java:run(1074)) - Starting Socket Reader #1 for port 37438
2019-09-24 18:42:21,804 [main] INFO  hdfs.DFSUtil (DFSUtil.java:httpServerTemplateForNNAndJN(1641)) - Starting Web-server for scm at: http://0.0.0.0:0
2019-09-24 18:42:21,806 [main] INFO  server.AuthenticationFilter (AuthenticationFilter.java:constructSecretProvider(240)) - Unable to initialize FileSignerSecretProvider, falling back to use random secrets.
2019-09-24 18:42:21,807 [main] WARN  http.HttpRequestLog (HttpRequestLog.java:getRequestLog(97)) - Jetty request log can only be enabled using Log4j
2019-09-24 18:42:21,809 [main] INFO  http.HttpServer2 (HttpServer2.java:addGlobalFilter(975)) - Added global filter 'safety' (class=org.apache.hadoop.http.HttpServer2$QuotingInputFilter)
2019-09-24 18:42:21,810 [main] INFO  http.HttpServer2 (HttpServer2.java:addFilter(948)) - Added filter static_user_filter (class=org.apache.hadoop.http.lib.StaticUserWebFilter$StaticUserFilter) to context scm
2019-09-24 18:42:21,810 [main] INFO  http.HttpServer2 (HttpServer2.java:addFilter(958)) - Added filter static_user_filter (class=org.apache.hadoop.http.lib.StaticUserWebFilter$StaticUserFilter) to context static
2019-09-24 18:42:21,811 [main] INFO  http.HttpServer2 (HttpServer2.java:addFilter(958)) - Added filter static_user_filter (class=org.apache.hadoop.http.lib.StaticUserWebFilter$StaticUserFilter) to context logs
2019-09-24 18:42:21,813 [main] INFO  server.StorageContainerManager (StorageContainerManager.java:start(770)) - StorageContainerLocationProtocol RPC server is listening at /0.0.0.0:37438
2019-09-24 18:42:21,816 [main] WARN  impl.MetricsConfig (MetricsConfig.java:loadFirst(134)) - Cannot locate configuration: tried hadoop-metrics2-storagecontainermanager.properties,hadoop-metrics2.properties
2019-09-24 18:42:21,818 [main] INFO  impl.MetricsSystemImpl (MetricsSystemImpl.java:startTimer(374)) - Scheduled Metric snapshot period at 10 second(s).
2019-09-24 18:42:21,818 [main] INFO  impl.MetricsSystemImpl (MetricsSystemImpl.java:start(191)) - StorageContainerManager metrics system started
2019-09-24 18:42:21,885 [main] WARN  impl.MetricsSystemImpl (MetricsSystemImpl.java:register(276)) - Sink prometheus already exists!
2019-09-24 18:42:21,932 [main] INFO  server.SCMClientProtocolServer (SCMClientProtocolServer.java:start(151)) - RPC server for Client  is listening at /0.0.0.0:37438
2019-09-24 18:42:21,933 [IPC Server Responder] INFO  ipc.Server (Server.java:run(1314)) - IPC Server Responder: starting
2019-09-24 18:42:21,933 [IPC Server listener on 37438] INFO  ipc.Server (Server.java:run(1153)) - IPC Server listener on 37438: starting
2019-09-24 18:42:21,937 [main] INFO  server.StorageContainerManager (StorageContainerManager.java:start(780)) - ScmBlockLocationProtocol RPC server is listening at /0.0.0.0:46658
2019-09-24 18:42:21,937 [main] INFO  server.SCMBlockProtocolServer (SCMBlockProtocolServer.java:start(146)) - RPC server for Block Protocol is listening at /0.0.0.0:46658
2019-09-24 18:42:21,938 [IPC Server Responder] INFO  ipc.Server (Server.java:run(1314)) - IPC Server Responder: starting
2019-09-24 18:42:21,938 [IPC Server listener on 46658] INFO  ipc.Server (Server.java:run(1153)) - IPC Server listener on 46658: starting
2019-09-24 18:42:21,942 [main] INFO  server.StorageContainerManager (StorageContainerManager.java:start(784)) - ScmDatanodeProtocl RPC server is listening at /0.0.0.0:37864
2019-09-24 18:42:21,942 [main] INFO  server.SCMDatanodeProtocolServer (SCMDatanodeProtocolServer.java:start(191)) - RPC server for DataNodes is listening at /0.0.0.0:37864
2019-09-24 18:42:21,942 [IPC Server Responder] INFO  ipc.Server (Server.java:run(1314)) - IPC Server Responder: starting
2019-09-24 18:42:21,942 [IPC Server listener on 37864] INFO  ipc.Server (Server.java:run(1153)) - IPC Server listener on 37864: starting
2019-09-24 18:42:21,947 [main] INFO  http.HttpServer2 (HttpServer2.java:bindListener(1191)) - Jetty bound to port 33942
2019-09-24 18:42:21,948 [main] INFO  server.Server (Server.java:doStart(351)) - jetty-9.3.25.v20180904, build timestamp: 2018-09-04T21:11:46Z, git hash: 3ce520221d0240229c862b122d2b06c12a625732
2019-09-24 18:42:21,949 [main] INFO  handler.ContextHandler (ContextHandler.java:doStart(781)) - Started o.e.j.s.ServletContextHandler@1ad9b8d3{/logs,file:///workdir/hadoop-ozone/integration-test/target/log,AVAILABLE}
2019-09-24 18:42:21,950 [main] INFO  handler.ContextHandler (ContextHandler.java:doStart(781)) - Started o.e.j.s.ServletContextHandler@4f93bf0a{/static,file:///workdir/hadoop-ozone/integration-test/target/test-classes/webapps/static,AVAILABLE}
2019-09-24 18:42:21,954 [main] INFO  handler.ContextHandler (ContextHandler.java:doStart(781)) - Started o.e.j.w.WebAppContext@747835f5{/,file:///workdir/hadoop-ozone/integration-test/target/test-classes/webapps/scm/,AVAILABLE}{/scm}
2019-09-24 18:42:21,954 [main] INFO  server.AbstractConnector (AbstractConnector.java:doStart(278)) - Started ServerConnector@594131f2{HTTP/1.1,[http/1.1]}{0.0.0.0:33942}
2019-09-24 18:42:21,955 [main] INFO  server.Server (Server.java:doStart(419)) - Started @268773ms
2019-09-24 18:42:21,956 [main] WARN  impl.MetricsSystemImpl (MetricsSystemImpl.java:register(276)) - Sink prometheus already exists!
2019-09-24 18:42:21,957 [main] INFO  server.BaseHttpServer (BaseHttpServer.java:updateConnectorAddress(215)) - HTTP server of SCM is listening at http://0.0.0.0:33942
2019-09-24 18:42:21,958 [main] WARN  server.ServerUtils (ServerUtils.java:getDBPath(222)) - ozone.om.db.dirs is not configured. We recommend adding this setting. Falling back to ozone.metadata.dirs instead.
2019-09-24 18:42:21,959 [org.apache.hadoop.util.JvmPauseMonitor$Monitor@7bee8621] INFO  util.JvmPauseMonitor (JvmPauseMonitor.java:run(188)) - Starting JVM pause monitor
2019-09-24 18:42:21,983 [main] WARN  server.ServerUtils (ServerUtils.java:getDBPath(222)) - ozone.om.db.dirs is not configured. We recommend adding this setting. Falling back to ozone.metadata.dirs instead.
2019-09-24 18:42:21,984 [main] WARN  server.ServerUtils (ServerUtils.java:getDBPath(222)) - ozone.om.db.dirs is not configured. We recommend adding this setting. Falling back to ozone.metadata.dirs instead.
2019-09-24 18:42:21,984 [main] INFO  om.OzoneManager (OzoneManager.java:setOMNodeDetails(652)) - OM Service ID is not set. Setting it to the default ID: omServiceIdDefault
2019-09-24 18:42:21,984 [main] INFO  om.OzoneManager (OzoneManager.java:setOMNodeDetails(658)) - OM Node ID is not set. Setting it to the OmStorage's OmID: 7560ac55-cfe7-4603-8491-b1702506e787
2019-09-24 18:42:21,984 [main] INFO  om.OzoneManager (OzoneManager.java:loadOMHAConfigs(609)) - Found matching OM address with OMServiceId: null, OMNodeId: null, RPC Address: localhost:0 and Ratis port: 9872
2019-09-24 18:42:21,992 [main] WARN  server.ServerUtils (ServerUtils.java:getDBPath(222)) - ozone.om.db.dirs is not configured. We recommend adding this setting. Falling back to ozone.metadata.dirs instead.
2019-09-24 18:42:21,992 [main] INFO  db.DBStoreBuilder (DBStoreBuilder.java:addTable(110)) - using custom profile for table: userTable
2019-09-24 18:42:21,992 [main] INFO  db.DBStoreBuilder (DBStoreBuilder.java:processTables(161)) - Using default column profile:DBProfile.DISK for Table:userTable
2019-09-24 18:42:21,992 [main] INFO  db.DBStoreBuilder (DBStoreBuilder.java:addTable(110)) - using custom profile for table: volumeTable
2019-09-24 18:42:21,993 [main] INFO  db.DBStoreBuilder (DBStoreBuilder.java:processTables(161)) - Using default column profile:DBProfile.DISK for Table:volumeTable
2019-09-24 18:42:21,993 [main] INFO  db.DBStoreBuilder (DBStoreBuilder.java:addTable(110)) - using custom profile for table: bucketTable
2019-09-24 18:42:21,993 [main] INFO  db.DBStoreBuilder (DBStoreBuilder.java:processTables(161)) - Using default column profile:DBProfile.DISK for Table:bucketTable
2019-09-24 18:42:21,994 [main] INFO  db.DBStoreBuilder (DBStoreBuilder.java:addTable(110)) - using custom profile for table: keyTable
2019-09-24 18:42:21,994 [main] INFO  db.DBStoreBuilder (DBStoreBuilder.java:processTables(161)) - Using default column profile:DBProfile.DISK for Table:keyTable
2019-09-24 18:42:21,994 [main] INFO  db.DBStoreBuilder (DBStoreBuilder.java:addTable(110)) - using custom profile for table: deletedTable
2019-09-24 18:42:21,994 [main] INFO  db.DBStoreBuilder (DBStoreBuilder.java:processTables(161)) - Using default column profile:DBProfile.DISK for Table:deletedTable
2019-09-24 18:42:21,995 [main] INFO  db.DBStoreBuilder (DBStoreBuilder.java:addTable(110)) - using custom profile for table: openKeyTable
2019-09-24 18:42:21,995 [main] INFO  db.DBStoreBuilder (DBStoreBuilder.java:processTables(161)) - Using default column profile:DBProfile.DISK for Table:openKeyTable
2019-09-24 18:42:21,995 [main] INFO  db.DBStoreBuilder (DBStoreBuilder.java:addTable(110)) - using custom profile for table: s3Table
2019-09-24 18:42:21,995 [main] INFO  db.DBStoreBuilder (DBStoreBuilder.java:processTables(161)) - Using default column profile:DBProfile.DISK for Table:s3Table
2019-09-24 18:42:21,996 [main] INFO  db.DBStoreBuilder (DBStoreBuilder.java:addTable(110)) - using custom profile for table: multipartInfoTable
2019-09-24 18:42:21,996 [main] INFO  db.DBStoreBuilder (DBStoreBuilder.java:processTables(161)) - Using default column profile:DBProfile.DISK for Table:multipartInfoTable
2019-09-24 18:42:21,996 [main] INFO  db.DBStoreBuilder (DBStoreBuilder.java:addTable(110)) - using custom profile for table: dTokenTable
2019-09-24 18:42:21,996 [main] INFO  db.DBStoreBuilder (DBStoreBuilder.java:processTables(161)) - Using default column profile:DBProfile.DISK for Table:dTokenTable
2019-09-24 18:42:21,997 [main] INFO  db.DBStoreBuilder (DBStoreBuilder.java:addTable(110)) - using custom profile for table: s3SecretTable
2019-09-24 18:42:21,997 [main] INFO  db.DBStoreBuilder (DBStoreBuilder.java:processTables(161)) - Using default column profile:DBProfile.DISK for Table:s3SecretTable
2019-09-24 18:42:21,997 [main] INFO  db.DBStoreBuilder (DBStoreBuilder.java:addTable(110)) - using custom profile for table: prefixTable
2019-09-24 18:42:21,997 [main] INFO  db.DBStoreBuilder (DBStoreBuilder.java:processTables(161)) - Using default column profile:DBProfile.DISK for Table:prefixTable
2019-09-24 18:42:21,998 [main] INFO  db.DBStoreBuilder (DBStoreBuilder.java:addTable(110)) - using custom profile for table: default
2019-09-24 18:42:21,998 [main] INFO  db.DBStoreBuilder (DBStoreBuilder.java:processTables(167)) - Using default column profile:DBProfile.DISK for Table:default
2019-09-24 18:42:21,998 [main] INFO  db.DBStoreBuilder (DBStoreBuilder.java:getDbProfile(198)) - Using default options. DBProfile.DISK
2019-09-24 18:42:23,055 [main] INFO  ipc.CallQueueManager (CallQueueManager.java:<init>(84)) - Using callQueue: class java.util.concurrent.LinkedBlockingQueue, queueCapacity: 2000, scheduler: class org.apache.hadoop.ipc.DefaultRpcScheduler, ipcBackoff: false.
2019-09-24 18:42:23,057 [Socket Reader #1 for port 43318] INFO  ipc.Server (Server.java:run(1074)) - Starting Socket Reader #1 for port 43318
2019-09-24 18:42:23,076 [main] INFO  om.OzoneManager (OzoneManager.java:start(1243)) - OzoneManager RPC server is listening at localhost/127.0.0.1:43318
2019-09-24 18:42:23,076 [main] INFO  impl.MetricsSystemImpl (MetricsSystemImpl.java:init(158)) - OzoneManager metrics system started (again)
2019-09-24 18:42:23,077 [IPC Server Responder] INFO  ipc.Server (Server.java:run(1314)) - IPC Server Responder: starting
2019-09-24 18:42:23,078 [IPC Server listener on 43318] INFO  ipc.Server (Server.java:run(1153)) - IPC Server listener on 43318: starting
2019-09-24 18:42:23,082 [main] INFO  hdfs.DFSUtil (DFSUtil.java:httpServerTemplateForNNAndJN(1641)) - Starting Web-server for ozoneManager at: http://0.0.0.0:0
2019-09-24 18:42:23,084 [main] INFO  server.AuthenticationFilter (AuthenticationFilter.java:constructSecretProvider(240)) - Unable to initialize FileSignerSecretProvider, falling back to use random secrets.
2019-09-24 18:42:23,085 [main] WARN  http.HttpRequestLog (HttpRequestLog.java:getRequestLog(97)) - Jetty request log can only be enabled using Log4j
2019-09-24 18:42:23,087 [main] INFO  http.HttpServer2 (HttpServer2.java:addGlobalFilter(975)) - Added global filter 'safety' (class=org.apache.hadoop.http.HttpServer2$QuotingInputFilter)
2019-09-24 18:42:23,088 [main] INFO  http.HttpServer2 (HttpServer2.java:addFilter(948)) - Added filter static_user_filter (class=org.apache.hadoop.http.lib.StaticUserWebFilter$StaticUserFilter) to context ozoneManager
2019-09-24 18:42:23,088 [main] INFO  http.HttpServer2 (HttpServer2.java:addFilter(958)) - Added filter static_user_filter (class=org.apache.hadoop.http.lib.StaticUserWebFilter$StaticUserFilter) to context logs
2019-09-24 18:42:23,088 [main] INFO  http.HttpServer2 (HttpServer2.java:addFilter(958)) - Added filter static_user_filter (class=org.apache.hadoop.http.lib.StaticUserWebFilter$StaticUserFilter) to context static
2019-09-24 18:42:23,089 [main] INFO  http.HttpServer2 (HttpServer2.java:bindListener(1191)) - Jetty bound to port 39081
2019-09-24 18:42:23,090 [main] INFO  server.Server (Server.java:doStart(351)) - jetty-9.3.25.v20180904, build timestamp: 2018-09-04T21:11:46Z, git hash: 3ce520221d0240229c862b122d2b06c12a625732
2019-09-24 18:42:23,092 [main] INFO  handler.ContextHandler (ContextHandler.java:doStart(781)) - Started o.e.j.s.ServletContextHandler@6010d0d1{/logs,file:///workdir/hadoop-ozone/integration-test/target/log,AVAILABLE}
2019-09-24 18:42:23,092 [main] INFO  handler.ContextHandler (ContextHandler.java:doStart(781)) - Started o.e.j.s.ServletContextHandler@5348d83c{/static,file:///workdir/hadoop-ozone/integration-test/target/test-classes/webapps/static,AVAILABLE}
2019-09-24 18:42:23,097 [main] INFO  handler.ContextHandler (ContextHandler.java:doStart(781)) - Started o.e.j.w.WebAppContext@1d15c0a1{/,file:///workdir/hadoop-ozone/integration-test/target/test-classes/webapps/ozoneManager/,AVAILABLE}{/ozoneManager}
2019-09-24 18:42:23,098 [main] INFO  server.AbstractConnector (AbstractConnector.java:doStart(278)) - Started ServerConnector@15639d09{HTTP/1.1,[http/1.1]}{0.0.0.0:39081}
2019-09-24 18:42:23,099 [main] INFO  server.Server (Server.java:doStart(419)) - Started @269916ms
2019-09-24 18:42:23,099 [main] WARN  impl.MetricsSystemImpl (MetricsSystemImpl.java:register(276)) - Sink prometheus already exists!
2019-09-24 18:42:23,100 [main] INFO  server.BaseHttpServer (BaseHttpServer.java:updateConnectorAddress(215)) - HTTP server of OZONEMANAGER is listening at http://0.0.0.0:39081
2019-09-24 18:42:23,119 [main] INFO  impl.MetricsSystemImpl (MetricsSystemImpl.java:init(158)) - HddsDatanode metrics system started (again)
2019-09-24 18:42:23,122 [main] INFO  ozone.HddsDatanodeService (HddsDatanodeService.java:start(184)) - HddsDatanodeService host:pr-hdds-2171-6l6hb-1841322612 ip:192.168.36.84
2019-09-24 18:42:23,127 [main] INFO  volume.HddsVolume (HddsVolume.java:<init>(176)) - Creating Volume: /workdir/hadoop-ozone/integration-test/target/test-dir/MiniOzoneClusterImpl-22a6b2d7-7806-44d1-803e-00ff882747f6/datanode-0/data/containers/hdds of  storage type : DISK and capacity : 1482555576320
2019-09-24 18:42:23,127 [main] INFO  volume.VolumeSet (VolumeSet.java:initializeVolumeSet(170)) - Added Volume : /workdir/hadoop-ozone/integration-test/target/test-dir/MiniOzoneClusterImpl-22a6b2d7-7806-44d1-803e-00ff882747f6/datanode-0/data/containers/hdds to VolumeSet
2019-09-24 18:42:23,128 [main] INFO  volume.ThrottledAsyncChecker (ThrottledAsyncChecker.java:schedule(139)) - Scheduling a check for org.apache.hadoop.ozone.container.common.volume.HddsVolume@5a622fe8
2019-09-24 18:42:23,128 [main] INFO  volume.HddsVolumeChecker (HddsVolumeChecker.java:checkAllVolumes(202)) - Scheduled health check for volume org.apache.hadoop.ozone.container.common.volume.HddsVolume@5a622fe8
2019-09-24 18:42:23,145 [main] INFO  impl.RaftServerProxy (ConfUtils.java:logGet(43)) - raft.rpc.type = GRPC (default)
2019-09-24 18:42:23,145 [main] INFO  grpc.GrpcFactory (GrpcFactory.java:checkPooledByteBufAllocatorUseCacheForAllThreads(45)) - PERFORMANCE WARNING: useCacheForAllThreads is true that may cause Netty to create a lot garbage objects and, as a result, trigger GC.
	It is recommended to disable useCacheForAllThreads by setting -Dorg.apache.ratis.thirdparty.io.netty.allocator.useCacheForAllThreads=false in command line.
2019-09-24 18:42:23,146 [main] INFO  grpc.GrpcConfigKeys$Server (ConfUtils.java:logGet(43)) - raft.grpc.server.port = 0 (default)
2019-09-24 18:42:23,146 [main] INFO  server.GrpcService (ConfUtils.java:logGet(43)) - raft.grpc.message.size.max = 33570816 (custom)
2019-09-24 18:42:23,146 [main] INFO  server.RaftServerConfigKeys (ConfUtils.java:logGet(43)) - raft.server.log.appender.buffer.byte-limit = 33554432 (custom)
2019-09-24 18:42:23,147 [main] INFO  server.GrpcService (ConfUtils.java:logGet(43)) - raft.grpc.flow.control.window = 1MB (=1048576) (default)
2019-09-24 18:42:23,147 [main] INFO  server.RaftServerConfigKeys (ConfUtils.java:logGet(43)) - raft.server.rpc.request.timeout = 3000ms (default)
2019-09-24 18:42:23,148 [main] INFO  server.RaftServerConfigKeys (ConfUtils.java:logGet(43)) - raft.server.storage.dir = [/workdir/hadoop-ozone/integration-test/target/test-dir/MiniOzoneClusterImpl-22a6b2d7-7806-44d1-803e-00ff882747f6/datanode-0/data/ratis] (custom)
2019-09-24 18:42:23,150 [main] INFO  hdfs.DFSUtil (DFSUtil.java:httpServerTemplateForNNAndJN(1641)) - Starting Web-server for hddsDatanode at: http://0.0.0.0:0
2019-09-24 18:42:23,151 [main] INFO  server.AuthenticationFilter (AuthenticationFilter.java:constructSecretProvider(240)) - Unable to initialize FileSignerSecretProvider, falling back to use random secrets.
2019-09-24 18:42:23,151 [main] WARN  http.HttpRequestLog (HttpRequestLog.java:getRequestLog(97)) - Jetty request log can only be enabled using Log4j
2019-09-24 18:42:23,153 [main] INFO  http.HttpServer2 (HttpServer2.java:addGlobalFilter(975)) - Added global filter 'safety' (class=org.apache.hadoop.http.HttpServer2$QuotingInputFilter)
2019-09-24 18:42:23,153 [main] INFO  http.HttpServer2 (HttpServer2.java:addFilter(948)) - Added filter static_user_filter (class=org.apache.hadoop.http.lib.StaticUserWebFilter$StaticUserFilter) to context hddsDatanode
2019-09-24 18:42:23,153 [main] INFO  http.HttpServer2 (HttpServer2.java:addFilter(958)) - Added filter static_user_filter (class=org.apache.hadoop.http.lib.StaticUserWebFilter$StaticUserFilter) to context logs
2019-09-24 18:42:23,153 [main] INFO  http.HttpServer2 (HttpServer2.java:addFilter(958)) - Added filter static_user_filter (class=org.apache.hadoop.http.lib.StaticUserWebFilter$StaticUserFilter) to context static
2019-09-24 18:42:23,154 [main] INFO  http.HttpServer2 (HttpServer2.java:bindListener(1191)) - Jetty bound to port 43506
2019-09-24 18:42:23,154 [main] INFO  server.Server (Server.java:doStart(351)) - jetty-9.3.25.v20180904, build timestamp: 2018-09-04T21:11:46Z, git hash: 3ce520221d0240229c862b122d2b06c12a625732
2019-09-24 18:42:23,156 [main] INFO  handler.ContextHandler (ContextHandler.java:doStart(781)) - Started o.e.j.s.ServletContextHandler@236fdf{/logs,file:///workdir/hadoop-ozone/integration-test/target/log,AVAILABLE}
2019-09-24 18:42:23,156 [main] INFO  handler.ContextHandler (ContextHandler.java:doStart(781)) - Started o.e.j.s.ServletContextHandler@653fb8d1{/static,jar:file:/home/user/.m2/repository/org/apache/hadoop/hadoop-hdds-container-service/0.5.0-SNAPSHOT/hadoop-hdds-container-service-0.5.0-SNAPSHOT.jar!/webapps/static,AVAILABLE}
2019-09-24 18:42:23,183 [main] INFO  handler.ContextHandler (ContextHandler.java:doStart(781)) - Started o.e.j.w.WebAppContext@364b1061{/,file:///tmp/jetty-0.0.0.0-43506-hddsDatanode-_-any-6801553079714797913.dir/webapp/,AVAILABLE}{/hddsDatanode}
2019-09-24 18:42:23,184 [main] INFO  server.AbstractConnector (AbstractConnector.java:doStart(278)) - Started ServerConnector@50fdf44f{HTTP/1.1,[http/1.1]}{0.0.0.0:43506}
2019-09-24 18:42:23,185 [main] INFO  server.Server (Server.java:doStart(419)) - Started @270002ms
2019-09-24 18:42:23,185 [main] WARN  impl.MetricsSystemImpl (MetricsSystemImpl.java:register(276)) - Sink prometheus already exists!
2019-09-24 18:42:23,185 [main] INFO  server.BaseHttpServer (BaseHttpServer.java:updateConnectorAddress(215)) - HTTP server of HDDSDATANODE is listening at http://0.0.0.0:43506
2019-09-24 18:42:23,186 [main] INFO  impl.MetricsSystemImpl (MetricsSystemImpl.java:init(158)) - HddsDatanode metrics system started (again)
2019-09-24 18:42:23,188 [org.apache.hadoop.util.JvmPauseMonitor$Monitor@7f9224c] INFO  util.JvmPauseMonitor (JvmPauseMonitor.java:run(188)) - Starting JVM pause monitor
2019-09-24 18:42:23,188 [main] INFO  ozone.HddsDatanodeService (HddsDatanodeService.java:start(184)) - HddsDatanodeService host:pr-hdds-2171-6l6hb-1841322612 ip:192.168.36.84
2019-09-24 18:42:23,190 [Datanode State Machine Thread - 0] INFO  datanode.InitDatanodeState (InitDatanodeState.java:persistContainerDatanodeDetails(140)) - DatanodeDetails is persisted to /workdir/hadoop-ozone/integration-test/target/test-dir/MiniOzoneClusterImpl-22a6b2d7-7806-44d1-803e-00ff882747f6/datanode-0/meta/datanode.id
2019-09-24 18:42:23,193 [main] INFO  volume.HddsVolume (HddsVolume.java:<init>(176)) - Creating Volume: /workdir/hadoop-ozone/integration-test/target/test-dir/MiniOzoneClusterImpl-22a6b2d7-7806-44d1-803e-00ff882747f6/datanode-1/data/containers/hdds of  storage type : DISK and capacity : 1482555576320
2019-09-24 18:42:23,193 [main] INFO  volume.VolumeSet (VolumeSet.java:initializeVolumeSet(170)) - Added Volume : /workdir/hadoop-ozone/integration-test/target/test-dir/MiniOzoneClusterImpl-22a6b2d7-7806-44d1-803e-00ff882747f6/datanode-1/data/containers/hdds to VolumeSet
2019-09-24 18:42:23,193 [main] INFO  volume.ThrottledAsyncChecker (ThrottledAsyncChecker.java:schedule(139)) - Scheduling a check for org.apache.hadoop.ozone.container.common.volume.HddsVolume@60e1d87c
2019-09-24 18:42:23,194 [main] INFO  volume.HddsVolumeChecker (HddsVolumeChecker.java:checkAllVolumes(202)) - Scheduled health check for volume org.apache.hadoop.ozone.container.common.volume.HddsVolume@60e1d87c
2019-09-24 18:42:23,522 [main] INFO  impl.RaftServerProxy (ConfUtils.java:logGet(43)) - raft.rpc.type = GRPC (default)
2019-09-24 18:42:23,522 [main] INFO  grpc.GrpcFactory (GrpcFactory.java:checkPooledByteBufAllocatorUseCacheForAllThreads(45)) - PERFORMANCE WARNING: useCacheForAllThreads is true that may cause Netty to create a lot garbage objects and, as a result, trigger GC.
	It is recommended to disable useCacheForAllThreads by setting -Dorg.apache.ratis.thirdparty.io.netty.allocator.useCacheForAllThreads=false in command line.
2019-09-24 18:42:23,522 [main] INFO  grpc.GrpcConfigKeys$Server (ConfUtils.java:logGet(43)) - raft.grpc.server.port = 0 (default)
2019-09-24 18:42:23,522 [main] INFO  server.GrpcService (ConfUtils.java:logGet(43)) - raft.grpc.message.size.max = 33570816 (custom)
2019-09-24 18:42:23,522 [main] INFO  server.RaftServerConfigKeys (ConfUtils.java:logGet(43)) - raft.server.log.appender.buffer.byte-limit = 33554432 (custom)
2019-09-24 18:42:23,523 [main] INFO  server.GrpcService (ConfUtils.java:logGet(43)) - raft.grpc.flow.control.window = 1MB (=1048576) (default)
2019-09-24 18:42:23,523 [main] INFO  server.RaftServerConfigKeys (ConfUtils.java:logGet(43)) - raft.server.rpc.request.timeout = 3000ms (default)
2019-09-24 18:42:23,523 [main] INFO  server.RaftServerConfigKeys (ConfUtils.java:logGet(43)) - raft.server.storage.dir = [/workdir/hadoop-ozone/integration-test/target/test-dir/MiniOzoneClusterImpl-22a6b2d7-7806-44d1-803e-00ff882747f6/datanode-1/data/ratis] (custom)
2019-09-24 18:42:23,525 [main] INFO  hdfs.DFSUtil (DFSUtil.java:httpServerTemplateForNNAndJN(1641)) - Starting Web-server for hddsDatanode at: http://0.0.0.0:0
2019-09-24 18:42:23,527 [main] INFO  server.AuthenticationFilter (AuthenticationFilter.java:constructSecretProvider(240)) - Unable to initialize FileSignerSecretProvider, falling back to use random secrets.
2019-09-24 18:42:23,528 [main] WARN  http.HttpRequestLog (HttpRequestLog.java:getRequestLog(97)) - Jetty request log can only be enabled using Log4j
2019-09-24 18:42:23,530 [main] INFO  http.HttpServer2 (HttpServer2.java:addGlobalFilter(975)) - Added global filter 'safety' (class=org.apache.hadoop.http.HttpServer2$QuotingInputFilter)
2019-09-24 18:42:23,530 [main] INFO  http.HttpServer2 (HttpServer2.java:addFilter(948)) - Added filter static_user_filter (class=org.apache.hadoop.http.lib.StaticUserWebFilter$StaticUserFilter) to context hddsDatanode
2019-09-24 18:42:23,531 [main] INFO  http.HttpServer2 (HttpServer2.java:addFilter(958)) - Added filter static_user_filter (class=org.apache.hadoop.http.lib.StaticUserWebFilter$StaticUserFilter) to context static
2019-09-24 18:42:23,531 [main] INFO  http.HttpServer2 (HttpServer2.java:addFilter(958)) - Added filter static_user_filter (class=org.apache.hadoop.http.lib.StaticUserWebFilter$StaticUserFilter) to context logs
2019-09-24 18:42:23,532 [main] INFO  http.HttpServer2 (HttpServer2.java:bindListener(1191)) - Jetty bound to port 35782
2019-09-24 18:42:23,532 [main] INFO  server.Server (Server.java:doStart(351)) - jetty-9.3.25.v20180904, build timestamp: 2018-09-04T21:11:46Z, git hash: 3ce520221d0240229c862b122d2b06c12a625732
2019-09-24 18:42:23,534 [main] INFO  handler.ContextHandler (ContextHandler.java:doStart(781)) - Started o.e.j.s.ServletContextHandler@4315c28c{/logs,file:///workdir/hadoop-ozone/integration-test/target/log,AVAILABLE}
2019-09-24 18:42:23,535 [main] INFO  handler.ContextHandler (ContextHandler.java:doStart(781)) - Started o.e.j.s.ServletContextHandler@52d0f583{/static,jar:file:/home/user/.m2/repository/org/apache/hadoop/hadoop-hdds-container-service/0.5.0-SNAPSHOT/hadoop-hdds-container-service-0.5.0-SNAPSHOT.jar!/webapps/static,AVAILABLE}
2019-09-24 18:42:23,569 [main] INFO  handler.ContextHandler (ContextHandler.java:doStart(781)) - Started o.e.j.w.WebAppContext@5e002356{/,file:///tmp/jetty-0.0.0.0-35782-hddsDatanode-_-any-5822804280040640461.dir/webapp/,AVAILABLE}{/hddsDatanode}
2019-09-24 18:42:23,569 [main] INFO  server.AbstractConnector (AbstractConnector.java:doStart(278)) - Started ServerConnector@4f820f42{HTTP/1.1,[http/1.1]}{0.0.0.0:35782}
2019-09-24 18:42:23,570 [main] INFO  server.Server (Server.java:doStart(419)) - Started @270388ms
2019-09-24 18:42:23,571 [main] WARN  impl.MetricsSystemImpl (MetricsSystemImpl.java:register(276)) - Sink prometheus already exists!
2019-09-24 18:42:23,572 [main] INFO  server.BaseHttpServer (BaseHttpServer.java:updateConnectorAddress(215)) - HTTP server of HDDSDATANODE is listening at http://0.0.0.0:35782
2019-09-24 18:42:23,572 [main] INFO  impl.MetricsSystemImpl (MetricsSystemImpl.java:init(158)) - HddsDatanode metrics system started (again)
2019-09-24 18:42:23,575 [org.apache.hadoop.util.JvmPauseMonitor$Monitor@67e93b28] INFO  util.JvmPauseMonitor (JvmPauseMonitor.java:run(188)) - Starting JVM pause monitor
2019-09-24 18:42:23,576 [main] INFO  ozone.HddsDatanodeService (HddsDatanodeService.java:start(184)) - HddsDatanodeService host:pr-hdds-2171-6l6hb-1841322612 ip:192.168.36.84
2019-09-24 18:42:23,577 [Datanode State Machine Thread - 0] INFO  datanode.InitDatanodeState (InitDatanodeState.java:persistContainerDatanodeDetails(140)) - DatanodeDetails is persisted to /workdir/hadoop-ozone/integration-test/target/test-dir/MiniOzoneClusterImpl-22a6b2d7-7806-44d1-803e-00ff882747f6/datanode-1/meta/datanode.id
2019-09-24 18:42:23,581 [main] INFO  volume.HddsVolume (HddsVolume.java:<init>(176)) - Creating Volume: /workdir/hadoop-ozone/integration-test/target/test-dir/MiniOzoneClusterImpl-22a6b2d7-7806-44d1-803e-00ff882747f6/datanode-2/data/containers/hdds of  storage type : DISK and capacity : 1482555576320
2019-09-24 18:42:23,582 [main] INFO  volume.VolumeSet (VolumeSet.java:initializeVolumeSet(170)) - Added Volume : /workdir/hadoop-ozone/integration-test/target/test-dir/MiniOzoneClusterImpl-22a6b2d7-7806-44d1-803e-00ff882747f6/datanode-2/data/containers/hdds to VolumeSet
2019-09-24 18:42:23,582 [main] INFO  volume.ThrottledAsyncChecker (ThrottledAsyncChecker.java:schedule(139)) - Scheduling a check for org.apache.hadoop.ozone.container.common.volume.HddsVolume@b950f82
2019-09-24 18:42:23,583 [main] INFO  volume.HddsVolumeChecker (HddsVolumeChecker.java:checkAllVolumes(202)) - Scheduled health check for volume org.apache.hadoop.ozone.container.common.volume.HddsVolume@b950f82
2019-09-24 18:42:23,596 [main] INFO  impl.RaftServerProxy (ConfUtils.java:logGet(43)) - raft.rpc.type = GRPC (default)
2019-09-24 18:42:23,596 [main] INFO  grpc.GrpcFactory (GrpcFactory.java:checkPooledByteBufAllocatorUseCacheForAllThreads(45)) - PERFORMANCE WARNING: useCacheForAllThreads is true that may cause Netty to create a lot garbage objects and, as a result, trigger GC.
	It is recommended to disable useCacheForAllThreads by setting -Dorg.apache.ratis.thirdparty.io.netty.allocator.useCacheForAllThreads=false in command line.
2019-09-24 18:42:23,596 [main] INFO  grpc.GrpcConfigKeys$Server (ConfUtils.java:logGet(43)) - raft.grpc.server.port = 0 (default)
2019-09-24 18:42:23,596 [main] INFO  server.GrpcService (ConfUtils.java:logGet(43)) - raft.grpc.message.size.max = 33570816 (custom)
2019-09-24 18:42:23,596 [main] INFO  server.RaftServerConfigKeys (ConfUtils.java:logGet(43)) - raft.server.log.appender.buffer.byte-limit = 33554432 (custom)
2019-09-24 18:42:23,597 [main] INFO  server.GrpcService (ConfUtils.java:logGet(43)) - raft.grpc.flow.control.window = 1MB (=1048576) (default)
2019-09-24 18:42:23,597 [main] INFO  server.RaftServerConfigKeys (ConfUtils.java:logGet(43)) - raft.server.rpc.request.timeout = 3000ms (default)
2019-09-24 18:42:23,597 [main] INFO  server.RaftServerConfigKeys (ConfUtils.java:logGet(43)) - raft.server.storage.dir = [/workdir/hadoop-ozone/integration-test/target/test-dir/MiniOzoneClusterImpl-22a6b2d7-7806-44d1-803e-00ff882747f6/datanode-2/data/ratis] (custom)
2019-09-24 18:42:23,599 [main] INFO  hdfs.DFSUtil (DFSUtil.java:httpServerTemplateForNNAndJN(1641)) - Starting Web-server for hddsDatanode at: http://0.0.0.0:0
2019-09-24 18:42:23,600 [main] INFO  server.AuthenticationFilter (AuthenticationFilter.java:constructSecretProvider(240)) - Unable to initialize FileSignerSecretProvider, falling back to use random secrets.
2019-09-24 18:42:23,601 [main] WARN  http.HttpRequestLog (HttpRequestLog.java:getRequestLog(97)) - Jetty request log can only be enabled using Log4j
2019-09-24 18:42:23,603 [main] INFO  http.HttpServer2 (HttpServer2.java:addGlobalFilter(975)) - Added global filter 'safety' (class=org.apache.hadoop.http.HttpServer2$QuotingInputFilter)
2019-09-24 18:42:23,603 [main] INFO  http.HttpServer2 (HttpServer2.java:addFilter(948)) - Added filter static_user_filter (class=org.apache.hadoop.http.lib.StaticUserWebFilter$StaticUserFilter) to context hddsDatanode
2019-09-24 18:42:23,603 [main] INFO  http.HttpServer2 (HttpServer2.java:addFilter(958)) - Added filter static_user_filter (class=org.apache.hadoop.http.lib.StaticUserWebFilter$StaticUserFilter) to context logs
2019-09-24 18:42:23,604 [main] INFO  http.HttpServer2 (HttpServer2.java:addFilter(958)) - Added filter static_user_filter (class=org.apache.hadoop.http.lib.StaticUserWebFilter$StaticUserFilter) to context static
2019-09-24 18:42:23,604 [main] INFO  http.HttpServer2 (HttpServer2.java:bindListener(1191)) - Jetty bound to port 35946
2019-09-24 18:42:23,605 [main] INFO  server.Server (Server.java:doStart(351)) - jetty-9.3.25.v20180904, build timestamp: 2018-09-04T21:11:46Z, git hash: 3ce520221d0240229c862b122d2b06c12a625732
2019-09-24 18:42:23,607 [main] INFO  handler.ContextHandler (ContextHandler.java:doStart(781)) - Started o.e.j.s.ServletContextHandler@6f7a2a5{/logs,file:///workdir/hadoop-ozone/integration-test/target/log,AVAILABLE}
2019-09-24 18:42:23,607 [main] INFO  handler.ContextHandler (ContextHandler.java:doStart(781)) - Started o.e.j.s.ServletContextHandler@c3719e5{/static,jar:file:/home/user/.m2/repository/org/apache/hadoop/hadoop-hdds-container-service/0.5.0-SNAPSHOT/hadoop-hdds-container-service-0.5.0-SNAPSHOT.jar!/webapps/static,AVAILABLE}
2019-09-24 18:42:23,643 [main] INFO  handler.ContextHandler (ContextHandler.java:doStart(781)) - Started o.e.j.w.WebAppContext@30bbcf91{/,file:///tmp/jetty-0.0.0.0-35946-hddsDatanode-_-any-1858470193958485985.dir/webapp/,AVAILABLE}{/hddsDatanode}
2019-09-24 18:42:23,643 [main] INFO  server.AbstractConnector (AbstractConnector.java:doStart(278)) - Started ServerConnector@3ca14cf4{HTTP/1.1,[http/1.1]}{0.0.0.0:35946}
2019-09-24 18:42:23,645 [main] INFO  server.Server (Server.java:doStart(419)) - Started @270462ms
2019-09-24 18:42:23,645 [main] WARN  impl.MetricsSystemImpl (MetricsSystemImpl.java:register(276)) - Sink prometheus already exists!
2019-09-24 18:42:23,645 [main] INFO  server.BaseHttpServer (BaseHttpServer.java:updateConnectorAddress(215)) - HTTP server of HDDSDATANODE is listening at http://0.0.0.0:35946
2019-09-24 18:42:23,646 [main] INFO  impl.MetricsSystemImpl (MetricsSystemImpl.java:init(158)) - HddsDatanode metrics system started (again)
2019-09-24 18:42:23,649 [org.apache.hadoop.util.JvmPauseMonitor$Monitor@3435e805] INFO  util.JvmPauseMonitor (JvmPauseMonitor.java:run(188)) - Starting JVM pause monitor
2019-09-24 18:42:23,649 [main] INFO  ozone.HddsDatanodeService (HddsDatanodeService.java:start(184)) - HddsDatanodeService host:pr-hdds-2171-6l6hb-1841322612 ip:192.168.36.84
2019-09-24 18:42:23,651 [Datanode State Machine Thread - 0] INFO  datanode.InitDatanodeState (InitDatanodeState.java:persistContainerDatanodeDetails(140)) - DatanodeDetails is persisted to /workdir/hadoop-ozone/integration-test/target/test-dir/MiniOzoneClusterImpl-22a6b2d7-7806-44d1-803e-00ff882747f6/datanode-2/meta/datanode.id
2019-09-24 18:42:23,654 [main] INFO  volume.HddsVolume (HddsVolume.java:<init>(176)) - Creating Volume: /workdir/hadoop-ozone/integration-test/target/test-dir/MiniOzoneClusterImpl-22a6b2d7-7806-44d1-803e-00ff882747f6/datanode-3/data/containers/hdds of  storage type : DISK and capacity : 1482555576320
2019-09-24 18:42:23,655 [main] INFO  volume.VolumeSet (VolumeSet.java:initializeVolumeSet(170)) - Added Volume : /workdir/hadoop-ozone/integration-test/target/test-dir/MiniOzoneClusterImpl-22a6b2d7-7806-44d1-803e-00ff882747f6/datanode-3/data/containers/hdds to VolumeSet
2019-09-24 18:42:23,655 [main] INFO  volume.ThrottledAsyncChecker (ThrottledAsyncChecker.java:schedule(139)) - Scheduling a check for org.apache.hadoop.ozone.container.common.volume.HddsVolume@79627d27
2019-09-24 18:42:23,655 [main] INFO  volume.HddsVolumeChecker (HddsVolumeChecker.java:checkAllVolumes(202)) - Scheduled health check for volume org.apache.hadoop.ozone.container.common.volume.HddsVolume@79627d27
2019-09-24 18:42:23,668 [main] INFO  impl.RaftServerProxy (ConfUtils.java:logGet(43)) - raft.rpc.type = GRPC (default)
2019-09-24 18:42:23,669 [main] INFO  grpc.GrpcFactory (GrpcFactory.java:checkPooledByteBufAllocatorUseCacheForAllThreads(45)) - PERFORMANCE WARNING: useCacheForAllThreads is true that may cause Netty to create a lot garbage objects and, as a result, trigger GC.
	It is recommended to disable useCacheForAllThreads by setting -Dorg.apache.ratis.thirdparty.io.netty.allocator.useCacheForAllThreads=false in command line.
2019-09-24 18:42:23,669 [main] INFO  grpc.GrpcConfigKeys$Server (ConfUtils.java:logGet(43)) - raft.grpc.server.port = 0 (default)
2019-09-24 18:42:23,669 [main] INFO  server.GrpcService (ConfUtils.java:logGet(43)) - raft.grpc.message.size.max = 33570816 (custom)
2019-09-24 18:42:23,669 [main] INFO  server.RaftServerConfigKeys (ConfUtils.java:logGet(43)) - raft.server.log.appender.buffer.byte-limit = 33554432 (custom)
2019-09-24 18:42:23,669 [main] INFO  server.GrpcService (ConfUtils.java:logGet(43)) - raft.grpc.flow.control.window = 1MB (=1048576) (default)
2019-09-24 18:42:23,670 [main] INFO  server.RaftServerConfigKeys (ConfUtils.java:logGet(43)) - raft.server.rpc.request.timeout = 3000ms (default)
2019-09-24 18:42:23,670 [main] INFO  server.RaftServerConfigKeys (ConfUtils.java:logGet(43)) - raft.server.storage.dir = [/workdir/hadoop-ozone/integration-test/target/test-dir/MiniOzoneClusterImpl-22a6b2d7-7806-44d1-803e-00ff882747f6/datanode-3/data/ratis] (custom)
2019-09-24 18:42:23,671 [main] INFO  hdfs.DFSUtil (DFSUtil.java:httpServerTemplateForNNAndJN(1641)) - Starting Web-server for hddsDatanode at: http://0.0.0.0:0
2019-09-24 18:42:23,672 [main] INFO  server.AuthenticationFilter (AuthenticationFilter.java:constructSecretProvider(240)) - Unable to initialize FileSignerSecretProvider, falling back to use random secrets.
2019-09-24 18:42:23,673 [main] WARN  http.HttpRequestLog (HttpRequestLog.java:getRequestLog(97)) - Jetty request log can only be enabled using Log4j
2019-09-24 18:42:23,674 [main] INFO  http.HttpServer2 (HttpServer2.java:addGlobalFilter(975)) - Added global filter 'safety' (class=org.apache.hadoop.http.HttpServer2$QuotingInputFilter)
2019-09-24 18:42:23,674 [main] INFO  http.HttpServer2 (HttpServer2.java:addFilter(948)) - Added filter static_user_filter (class=org.apache.hadoop.http.lib.StaticUserWebFilter$StaticUserFilter) to context hddsDatanode
2019-09-24 18:42:23,675 [main] INFO  http.HttpServer2 (HttpServer2.java:addFilter(958)) - Added filter static_user_filter (class=org.apache.hadoop.http.lib.StaticUserWebFilter$StaticUserFilter) to context logs
2019-09-24 18:42:23,675 [main] INFO  http.HttpServer2 (HttpServer2.java:addFilter(958)) - Added filter static_user_filter (class=org.apache.hadoop.http.lib.StaticUserWebFilter$StaticUserFilter) to context static
2019-09-24 18:42:23,675 [main] INFO  http.HttpServer2 (HttpServer2.java:bindListener(1191)) - Jetty bound to port 42106
2019-09-24 18:42:23,676 [main] INFO  server.Server (Server.java:doStart(351)) - jetty-9.3.25.v20180904, build timestamp: 2018-09-04T21:11:46Z, git hash: 3ce520221d0240229c862b122d2b06c12a625732
2019-09-24 18:42:23,677 [main] INFO  handler.ContextHandler (ContextHandler.java:doStart(781)) - Started o.e.j.s.ServletContextHandler@38fb50f8{/logs,file:///workdir/hadoop-ozone/integration-test/target/log,AVAILABLE}
2019-09-24 18:42:23,678 [main] INFO  handler.ContextHandler (ContextHandler.java:doStart(781)) - Started o.e.j.s.ServletContextHandler@608cd501{/static,jar:file:/home/user/.m2/repository/org/apache/hadoop/hadoop-hdds-container-service/0.5.0-SNAPSHOT/hadoop-hdds-container-service-0.5.0-SNAPSHOT.jar!/webapps/static,AVAILABLE}
2019-09-24 18:42:23,711 [main] INFO  handler.ContextHandler (ContextHandler.java:doStart(781)) - Started o.e.j.w.WebAppContext@6fa02932{/,file:///tmp/jetty-0.0.0.0-42106-hddsDatanode-_-any-9138007256681292756.dir/webapp/,AVAILABLE}{/hddsDatanode}
2019-09-24 18:42:23,711 [main] INFO  server.AbstractConnector (AbstractConnector.java:doStart(278)) - Started ServerConnector@61608e1a{HTTP/1.1,[http/1.1]}{0.0.0.0:42106}
2019-09-24 18:42:23,713 [main] INFO  server.Server (Server.java:doStart(419)) - Started @270530ms
2019-09-24 18:42:23,713 [main] WARN  impl.MetricsSystemImpl (MetricsSystemImpl.java:register(276)) - Sink prometheus already exists!
2019-09-24 18:42:23,714 [main] INFO  server.BaseHttpServer (BaseHttpServer.java:updateConnectorAddress(215)) - HTTP server of HDDSDATANODE is listening at http://0.0.0.0:42106
2019-09-24 18:42:23,714 [main] INFO  impl.MetricsSystemImpl (MetricsSystemImpl.java:init(158)) - HddsDatanode metrics system started (again)
2019-09-24 18:42:23,717 [org.apache.hadoop.util.JvmPauseMonitor$Monitor@2611659a] INFO  util.JvmPauseMonitor (JvmPauseMonitor.java:run(188)) - Starting JVM pause monitor
2019-09-24 18:42:23,717 [main] INFO  ozone.HddsDatanodeService (HddsDatanodeService.java:start(184)) - HddsDatanodeService host:pr-hdds-2171-6l6hb-1841322612 ip:192.168.36.84
2019-09-24 18:42:23,718 [Datanode State Machine Thread - 0] INFO  datanode.InitDatanodeState (InitDatanodeState.java:persistContainerDatanodeDetails(140)) - DatanodeDetails is persisted to /workdir/hadoop-ozone/integration-test/target/test-dir/MiniOzoneClusterImpl-22a6b2d7-7806-44d1-803e-00ff882747f6/datanode-3/meta/datanode.id
2019-09-24 18:42:23,723 [main] INFO  volume.HddsVolume (HddsVolume.java:<init>(176)) - Creating Volume: /workdir/hadoop-ozone/integration-test/target/test-dir/MiniOzoneClusterImpl-22a6b2d7-7806-44d1-803e-00ff882747f6/datanode-4/data/containers/hdds of  storage type : DISK and capacity : 1482555576320
2019-09-24 18:42:23,723 [main] INFO  volume.VolumeSet (VolumeSet.java:initializeVolumeSet(170)) - Added Volume : /workdir/hadoop-ozone/integration-test/target/test-dir/MiniOzoneClusterImpl-22a6b2d7-7806-44d1-803e-00ff882747f6/datanode-4/data/containers/hdds to VolumeSet
2019-09-24 18:42:23,723 [main] INFO  volume.ThrottledAsyncChecker (ThrottledAsyncChecker.java:schedule(139)) - Scheduling a check for org.apache.hadoop.ozone.container.common.volume.HddsVolume@592ca48c
2019-09-24 18:42:23,724 [main] INFO  volume.HddsVolumeChecker (HddsVolumeChecker.java:checkAllVolumes(202)) - Scheduled health check for volume org.apache.hadoop.ozone.container.common.volume.HddsVolume@592ca48c
2019-09-24 18:42:23,735 [main] INFO  impl.RaftServerProxy (ConfUtils.java:logGet(43)) - raft.rpc.type = GRPC (default)
2019-09-24 18:42:23,735 [main] INFO  grpc.GrpcFactory (GrpcFactory.java:checkPooledByteBufAllocatorUseCacheForAllThreads(45)) - PERFORMANCE WARNING: useCacheForAllThreads is true that may cause Netty to create a lot garbage objects and, as a result, trigger GC.
	It is recommended to disable useCacheForAllThreads by setting -Dorg.apache.ratis.thirdparty.io.netty.allocator.useCacheForAllThreads=false in command line.
2019-09-24 18:42:23,735 [main] INFO  grpc.GrpcConfigKeys$Server (ConfUtils.java:logGet(43)) - raft.grpc.server.port = 0 (default)
2019-09-24 18:42:23,736 [main] INFO  server.GrpcService (ConfUtils.java:logGet(43)) - raft.grpc.message.size.max = 33570816 (custom)
2019-09-24 18:42:23,736 [main] INFO  server.RaftServerConfigKeys (ConfUtils.java:logGet(43)) - raft.server.log.appender.buffer.byte-limit = 33554432 (custom)
2019-09-24 18:42:23,736 [main] INFO  server.GrpcService (ConfUtils.java:logGet(43)) - raft.grpc.flow.control.window = 1MB (=1048576) (default)
2019-09-24 18:42:23,736 [main] INFO  server.RaftServerConfigKeys (ConfUtils.java:logGet(43)) - raft.server.rpc.request.timeout = 3000ms (default)
2019-09-24 18:42:23,736 [main] INFO  server.RaftServerConfigKeys (ConfUtils.java:logGet(43)) - raft.server.storage.dir = [/workdir/hadoop-ozone/integration-test/target/test-dir/MiniOzoneClusterImpl-22a6b2d7-7806-44d1-803e-00ff882747f6/datanode-4/data/ratis] (custom)
2019-09-24 18:42:23,737 [main] INFO  hdfs.DFSUtil (DFSUtil.java:httpServerTemplateForNNAndJN(1641)) - Starting Web-server for hddsDatanode at: http://0.0.0.0:0
2019-09-24 18:42:23,738 [main] INFO  server.AuthenticationFilter (AuthenticationFilter.java:constructSecretProvider(240)) - Unable to initialize FileSignerSecretProvider, falling back to use random secrets.
2019-09-24 18:42:23,739 [main] WARN  http.HttpRequestLog (HttpRequestLog.java:getRequestLog(97)) - Jetty request log can only be enabled using Log4j
2019-09-24 18:42:23,740 [main] INFO  http.HttpServer2 (HttpServer2.java:addGlobalFilter(975)) - Added global filter 'safety' (class=org.apache.hadoop.http.HttpServer2$QuotingInputFilter)
2019-09-24 18:42:23,740 [main] INFO  http.HttpServer2 (HttpServer2.java:addFilter(948)) - Added filter static_user_filter (class=org.apache.hadoop.http.lib.StaticUserWebFilter$StaticUserFilter) to context hddsDatanode
2019-09-24 18:42:23,740 [main] INFO  http.HttpServer2 (HttpServer2.java:addFilter(958)) - Added filter static_user_filter (class=org.apache.hadoop.http.lib.StaticUserWebFilter$StaticUserFilter) to context logs
2019-09-24 18:42:23,740 [main] INFO  http.HttpServer2 (HttpServer2.java:addFilter(958)) - Added filter static_user_filter (class=org.apache.hadoop.http.lib.StaticUserWebFilter$StaticUserFilter) to context static
2019-09-24 18:42:23,741 [main] INFO  http.HttpServer2 (HttpServer2.java:bindListener(1191)) - Jetty bound to port 35485
2019-09-24 18:42:23,741 [main] INFO  server.Server (Server.java:doStart(351)) - jetty-9.3.25.v20180904, build timestamp: 2018-09-04T21:11:46Z, git hash: 3ce520221d0240229c862b122d2b06c12a625732
2019-09-24 18:42:23,743 [main] INFO  handler.ContextHandler (ContextHandler.java:doStart(781)) - Started o.e.j.s.ServletContextHandler@7f0a133d{/logs,file:///workdir/hadoop-ozone/integration-test/target/log,AVAILABLE}
2019-09-24 18:42:23,743 [main] INFO  handler.ContextHandler (ContextHandler.java:doStart(781)) - Started o.e.j.s.ServletContextHandler@715fa8c5{/static,jar:file:/home/user/.m2/repository/org/apache/hadoop/hadoop-hdds-container-service/0.5.0-SNAPSHOT/hadoop-hdds-container-service-0.5.0-SNAPSHOT.jar!/webapps/static,AVAILABLE}
2019-09-24 18:42:23,770 [main] INFO  handler.ContextHandler (ContextHandler.java:doStart(781)) - Started o.e.j.w.WebAppContext@724bf25f{/,file:///tmp/jetty-0.0.0.0-35485-hddsDatanode-_-any-1916682227347031857.dir/webapp/,AVAILABLE}{/hddsDatanode}
2019-09-24 18:42:23,770 [main] INFO  server.AbstractConnector (AbstractConnector.java:doStart(278)) - Started ServerConnector@2abafa97{HTTP/1.1,[http/1.1]}{0.0.0.0:35485}
2019-09-24 18:42:23,771 [main] INFO  server.Server (Server.java:doStart(419)) - Started @270589ms
2019-09-24 18:42:23,771 [main] WARN  impl.MetricsSystemImpl (MetricsSystemImpl.java:register(276)) - Sink prometheus already exists!
2019-09-24 18:42:23,772 [main] INFO  server.BaseHttpServer (BaseHttpServer.java:updateConnectorAddress(215)) - HTTP server of HDDSDATANODE is listening at http://0.0.0.0:35485
2019-09-24 18:42:23,772 [main] INFO  impl.MetricsSystemImpl (MetricsSystemImpl.java:init(158)) - HddsDatanode metrics system started (again)
2019-09-24 18:42:23,776 [main] INFO  ozone.HddsDatanodeService (HddsDatanodeService.java:start(184)) - HddsDatanodeService host:pr-hdds-2171-6l6hb-1841322612 ip:192.168.36.84
2019-09-24 18:42:23,776 [org.apache.hadoop.util.JvmPauseMonitor$Monitor@cbfcaa9] INFO  util.JvmPauseMonitor (JvmPauseMonitor.java:run(188)) - Starting JVM pause monitor
2019-09-24 18:42:23,777 [Datanode State Machine Thread - 0] INFO  datanode.InitDatanodeState (InitDatanodeState.java:persistContainerDatanodeDetails(140)) - DatanodeDetails is persisted to /workdir/hadoop-ozone/integration-test/target/test-dir/MiniOzoneClusterImpl-22a6b2d7-7806-44d1-803e-00ff882747f6/datanode-4/meta/datanode.id
2019-09-24 18:42:23,781 [main] INFO  volume.HddsVolume (HddsVolume.java:<init>(176)) - Creating Volume: /workdir/hadoop-ozone/integration-test/target/test-dir/MiniOzoneClusterImpl-22a6b2d7-7806-44d1-803e-00ff882747f6/datanode-5/data/containers/hdds of  storage type : DISK and capacity : 1482555576320
2019-09-24 18:42:23,782 [main] INFO  volume.VolumeSet (VolumeSet.java:initializeVolumeSet(170)) - Added Volume : /workdir/hadoop-ozone/integration-test/target/test-dir/MiniOzoneClusterImpl-22a6b2d7-7806-44d1-803e-00ff882747f6/datanode-5/data/containers/hdds to VolumeSet
2019-09-24 18:42:23,782 [main] INFO  volume.ThrottledAsyncChecker (ThrottledAsyncChecker.java:schedule(139)) - Scheduling a check for org.apache.hadoop.ozone.container.common.volume.HddsVolume@26582ca
2019-09-24 18:42:23,783 [main] INFO  volume.HddsVolumeChecker (HddsVolumeChecker.java:checkAllVolumes(202)) - Scheduled health check for volume org.apache.hadoop.ozone.container.common.volume.HddsVolume@26582ca
2019-09-24 18:42:23,801 [main] INFO  impl.RaftServerProxy (ConfUtils.java:logGet(43)) - raft.rpc.type = GRPC (default)
2019-09-24 18:42:23,801 [main] INFO  grpc.GrpcFactory (GrpcFactory.java:checkPooledByteBufAllocatorUseCacheForAllThreads(45)) - PERFORMANCE WARNING: useCacheForAllThreads is true that may cause Netty to create a lot garbage objects and, as a result, trigger GC.
	It is recommended to disable useCacheForAllThreads by setting -Dorg.apache.ratis.thirdparty.io.netty.allocator.useCacheForAllThreads=false in command line.
2019-09-24 18:42:23,801 [main] INFO  grpc.GrpcConfigKeys$Server (ConfUtils.java:logGet(43)) - raft.grpc.server.port = 0 (default)
2019-09-24 18:42:23,802 [main] INFO  server.GrpcService (ConfUtils.java:logGet(43)) - raft.grpc.message.size.max = 33570816 (custom)
2019-09-24 18:42:23,802 [main] INFO  server.RaftServerConfigKeys (ConfUtils.java:logGet(43)) - raft.server.log.appender.buffer.byte-limit = 33554432 (custom)
2019-09-24 18:42:23,802 [main] INFO  server.GrpcService (ConfUtils.java:logGet(43)) - raft.grpc.flow.control.window = 1MB (=1048576) (default)
2019-09-24 18:42:23,802 [main] INFO  server.RaftServerConfigKeys (ConfUtils.java:logGet(43)) - raft.server.rpc.request.timeout = 3000ms (default)
2019-09-24 18:42:23,803 [main] INFO  server.RaftServerConfigKeys (ConfUtils.java:logGet(43)) - raft.server.storage.dir = [/workdir/hadoop-ozone/integration-test/target/test-dir/MiniOzoneClusterImpl-22a6b2d7-7806-44d1-803e-00ff882747f6/datanode-5/data/ratis] (custom)
2019-09-24 18:42:23,804 [main] INFO  hdfs.DFSUtil (DFSUtil.java:httpServerTemplateForNNAndJN(1641)) - Starting Web-server for hddsDatanode at: http://0.0.0.0:0
2019-09-24 18:42:23,806 [main] INFO  server.AuthenticationFilter (AuthenticationFilter.java:constructSecretProvider(240)) - Unable to initialize FileSignerSecretProvider, falling back to use random secrets.
2019-09-24 18:42:23,807 [main] WARN  http.HttpRequestLog (HttpRequestLog.java:getRequestLog(97)) - Jetty request log can only be enabled using Log4j
2019-09-24 18:42:23,809 [main] INFO  http.HttpServer2 (HttpServer2.java:addGlobalFilter(975)) - Added global filter 'safety' (class=org.apache.hadoop.http.HttpServer2$QuotingInputFilter)
2019-09-24 18:42:23,810 [main] INFO  http.HttpServer2 (HttpServer2.java:addFilter(948)) - Added filter static_user_filter (class=org.apache.hadoop.http.lib.StaticUserWebFilter$StaticUserFilter) to context hddsDatanode
2019-09-24 18:42:23,810 [main] INFO  http.HttpServer2 (HttpServer2.java:addFilter(958)) - Added filter static_user_filter (class=org.apache.hadoop.http.lib.StaticUserWebFilter$StaticUserFilter) to context static
2019-09-24 18:42:23,810 [main] INFO  http.HttpServer2 (HttpServer2.java:addFilter(958)) - Added filter static_user_filter (class=org.apache.hadoop.http.lib.StaticUserWebFilter$StaticUserFilter) to context logs
2019-09-24 18:42:23,811 [main] INFO  http.HttpServer2 (HttpServer2.java:bindListener(1191)) - Jetty bound to port 45842
2019-09-24 18:42:23,811 [main] INFO  server.Server (Server.java:doStart(351)) - jetty-9.3.25.v20180904, build timestamp: 2018-09-04T21:11:46Z, git hash: 3ce520221d0240229c862b122d2b06c12a625732
2019-09-24 18:42:23,814 [main] INFO  handler.ContextHandler (ContextHandler.java:doStart(781)) - Started o.e.j.s.ServletContextHandler@22ead351{/logs,file:///workdir/hadoop-ozone/integration-test/target/log,AVAILABLE}
2019-09-24 18:42:23,815 [main] INFO  handler.ContextHandler (ContextHandler.java:doStart(781)) - Started o.e.j.s.ServletContextHandler@43d65a81{/static,jar:file:/home/user/.m2/repository/org/apache/hadoop/hadoop-hdds-container-service/0.5.0-SNAPSHOT/hadoop-hdds-container-service-0.5.0-SNAPSHOT.jar!/webapps/static,AVAILABLE}
2019-09-24 18:42:23,858 [main] INFO  handler.ContextHandler (ContextHandler.java:doStart(781)) - Started o.e.j.w.WebAppContext@22a260ff{/,file:///tmp/jetty-0.0.0.0-45842-hddsDatanode-_-any-6045664583955890988.dir/webapp/,AVAILABLE}{/hddsDatanode}
2019-09-24 18:42:23,858 [main] INFO  server.AbstractConnector (AbstractConnector.java:doStart(278)) - Started ServerConnector@54c425b1{HTTP/1.1,[http/1.1]}{0.0.0.0:45842}
2019-09-24 18:42:23,860 [main] INFO  server.Server (Server.java:doStart(419)) - Started @270678ms
2019-09-24 18:42:23,860 [main] WARN  impl.MetricsSystemImpl (MetricsSystemImpl.java:register(276)) - Sink prometheus already exists!
2019-09-24 18:42:23,861 [main] INFO  server.BaseHttpServer (BaseHttpServer.java:updateConnectorAddress(215)) - HTTP server of HDDSDATANODE is listening at http://0.0.0.0:45842
2019-09-24 18:42:23,862 [main] INFO  impl.MetricsSystemImpl (MetricsSystemImpl.java:init(158)) - HddsDatanode metrics system started (again)
2019-09-24 18:42:23,866 [org.apache.hadoop.util.JvmPauseMonitor$Monitor@1b9c76c8] INFO  util.JvmPauseMonitor (JvmPauseMonitor.java:run(188)) - Starting JVM pause monitor
2019-09-24 18:42:23,867 [main] INFO  ozone.HddsDatanodeService (HddsDatanodeService.java:start(184)) - HddsDatanodeService host:pr-hdds-2171-6l6hb-1841322612 ip:192.168.36.84
2019-09-24 18:42:23,868 [Datanode State Machine Thread - 0] INFO  datanode.InitDatanodeState (InitDatanodeState.java:persistContainerDatanodeDetails(140)) - DatanodeDetails is persisted to /workdir/hadoop-ozone/integration-test/target/test-dir/MiniOzoneClusterImpl-22a6b2d7-7806-44d1-803e-00ff882747f6/datanode-5/meta/datanode.id
2019-09-24 18:42:23,873 [main] INFO  volume.HddsVolume (HddsVolume.java:<init>(176)) - Creating Volume: /workdir/hadoop-ozone/integration-test/target/test-dir/MiniOzoneClusterImpl-22a6b2d7-7806-44d1-803e-00ff882747f6/datanode-6/data/containers/hdds of  storage type : DISK and capacity : 1482555576320
2019-09-24 18:42:23,874 [main] INFO  volume.VolumeSet (VolumeSet.java:initializeVolumeSet(170)) - Added Volume : /workdir/hadoop-ozone/integration-test/target/test-dir/MiniOzoneClusterImpl-22a6b2d7-7806-44d1-803e-00ff882747f6/datanode-6/data/containers/hdds to VolumeSet
2019-09-24 18:42:23,874 [main] INFO  volume.ThrottledAsyncChecker (ThrottledAsyncChecker.java:schedule(139)) - Scheduling a check for org.apache.hadoop.ozone.container.common.volume.HddsVolume@54c60202
2019-09-24 18:42:23,874 [main] INFO  volume.HddsVolumeChecker (HddsVolumeChecker.java:checkAllVolumes(202)) - Scheduled health check for volume org.apache.hadoop.ozone.container.common.volume.HddsVolume@54c60202
2019-09-24 18:42:23,889 [main] INFO  impl.RaftServerProxy (ConfUtils.java:logGet(43)) - raft.rpc.type = GRPC (default)
2019-09-24 18:42:23,890 [main] INFO  grpc.GrpcFactory (GrpcFactory.java:checkPooledByteBufAllocatorUseCacheForAllThreads(45)) - PERFORMANCE WARNING: useCacheForAllThreads is true that may cause Netty to create a lot garbage objects and, as a result, trigger GC.
	It is recommended to disable useCacheForAllThreads by setting -Dorg.apache.ratis.thirdparty.io.netty.allocator.useCacheForAllThreads=false in command line.
2019-09-24 18:42:23,890 [main] INFO  grpc.GrpcConfigKeys$Server (ConfUtils.java:logGet(43)) - raft.grpc.server.port = 0 (default)
2019-09-24 18:42:23,890 [main] INFO  server.GrpcService (ConfUtils.java:logGet(43)) - raft.grpc.message.size.max = 33570816 (custom)
2019-09-24 18:42:23,890 [main] INFO  server.RaftServerConfigKeys (ConfUtils.java:logGet(43)) - raft.server.log.appender.buffer.byte-limit = 33554432 (custom)
2019-09-24 18:42:23,890 [main] INFO  server.GrpcService (ConfUtils.java:logGet(43)) - raft.grpc.flow.control.window = 1MB (=1048576) (default)
2019-09-24 18:42:23,891 [main] INFO  server.RaftServerConfigKeys (ConfUtils.java:logGet(43)) - raft.server.rpc.request.timeout = 3000ms (default)
2019-09-24 18:42:23,891 [main] INFO  server.RaftServerConfigKeys (ConfUtils.java:logGet(43)) - raft.server.storage.dir = [/workdir/hadoop-ozone/integration-test/target/test-dir/MiniOzoneClusterImpl-22a6b2d7-7806-44d1-803e-00ff882747f6/datanode-6/data/ratis] (custom)
2019-09-24 18:42:23,892 [main] INFO  hdfs.DFSUtil (DFSUtil.java:httpServerTemplateForNNAndJN(1641)) - Starting Web-server for hddsDatanode at: http://0.0.0.0:0
2019-09-24 18:42:23,893 [main] INFO  server.AuthenticationFilter (AuthenticationFilter.java:constructSecretProvider(240)) - Unable to initialize FileSignerSecretProvider, falling back to use random secrets.
2019-09-24 18:42:23,894 [main] WARN  http.HttpRequestLog (HttpRequestLog.java:getRequestLog(97)) - Jetty request log can only be enabled using Log4j
2019-09-24 18:42:23,895 [main] INFO  http.HttpServer2 (HttpServer2.java:addGlobalFilter(975)) - Added global filter 'safety' (class=org.apache.hadoop.http.HttpServer2$QuotingInputFilter)
2019-09-24 18:42:23,896 [main] INFO  http.HttpServer2 (HttpServer2.java:addFilter(948)) - Added filter static_user_filter (class=org.apache.hadoop.http.lib.StaticUserWebFilter$StaticUserFilter) to context hddsDatanode
2019-09-24 18:42:23,896 [main] INFO  http.HttpServer2 (HttpServer2.java:addFilter(958)) - Added filter static_user_filter (class=org.apache.hadoop.http.lib.StaticUserWebFilter$StaticUserFilter) to context static
2019-09-24 18:42:23,896 [main] INFO  http.HttpServer2 (HttpServer2.java:addFilter(958)) - Added filter static_user_filter (class=org.apache.hadoop.http.lib.StaticUserWebFilter$StaticUserFilter) to context logs
2019-09-24 18:42:23,897 [main] INFO  http.HttpServer2 (HttpServer2.java:bindListener(1191)) - Jetty bound to port 46319
2019-09-24 18:42:23,897 [main] INFO  server.Server (Server.java:doStart(351)) - jetty-9.3.25.v20180904, build timestamp: 2018-09-04T21:11:46Z, git hash: 3ce520221d0240229c862b122d2b06c12a625732
2019-09-24 18:42:23,899 [main] INFO  handler.ContextHandler (ContextHandler.java:doStart(781)) - Started o.e.j.s.ServletContextHandler@76973a6{/logs,file:///workdir/hadoop-ozone/integration-test/target/log,AVAILABLE}
2019-09-24 18:42:23,899 [main] INFO  handler.ContextHandler (ContextHandler.java:doStart(781)) - Started o.e.j.s.ServletContextHandler@24876a7e{/static,jar:file:/home/user/.m2/repository/org/apache/hadoop/hadoop-hdds-container-service/0.5.0-SNAPSHOT/hadoop-hdds-container-service-0.5.0-SNAPSHOT.jar!/webapps/static,AVAILABLE}
2019-09-24 18:42:23,927 [main] INFO  handler.ContextHandler (ContextHandler.java:doStart(781)) - Started o.e.j.w.WebAppContext@662be9f7{/,file:///tmp/jetty-0.0.0.0-46319-hddsDatanode-_-any-8976958412391804842.dir/webapp/,AVAILABLE}{/hddsDatanode}
2019-09-24 18:42:23,928 [main] INFO  server.AbstractConnector (AbstractConnector.java:doStart(278)) - Started ServerConnector@4962b41e{HTTP/1.1,[http/1.1]}{0.0.0.0:46319}
2019-09-24 18:42:23,929 [main] INFO  server.Server (Server.java:doStart(419)) - Started @270747ms
2019-09-24 18:42:23,929 [main] WARN  impl.MetricsSystemImpl (MetricsSystemImpl.java:register(276)) - Sink prometheus already exists!
2019-09-24 18:42:23,930 [main] INFO  server.BaseHttpServer (BaseHttpServer.java:updateConnectorAddress(215)) - HTTP server of HDDSDATANODE is listening at http://0.0.0.0:46319
2019-09-24 18:42:23,930 [main] INFO  ozone.MiniOzoneClusterImpl (MiniOzoneClusterImpl.java:lambda$waitForClusterToBeReady$0(147)) - Waiting for cluster to be ready. Got 0 of 7 DN Heartbeats.
2019-09-24 18:42:23,932 [org.apache.hadoop.util.JvmPauseMonitor$Monitor@78e20be] INFO  util.JvmPauseMonitor (JvmPauseMonitor.java:run(188)) - Starting JVM pause monitor
2019-09-24 18:42:23,933 [Datanode State Machine Thread - 0] INFO  datanode.InitDatanodeState (InitDatanodeState.java:persistContainerDatanodeDetails(140)) - DatanodeDetails is persisted to /workdir/hadoop-ozone/integration-test/target/test-dir/MiniOzoneClusterImpl-22a6b2d7-7806-44d1-803e-00ff882747f6/datanode-6/meta/datanode.id
2019-09-24 18:42:24,930 [main] INFO  ozone.MiniOzoneClusterImpl (MiniOzoneClusterImpl.java:lambda$waitForClusterToBeReady$0(147)) - Waiting for cluster to be ready. Got 0 of 7 DN Heartbeats.
2019-09-24 18:42:25,212 [Datanode State Machine Thread - 0] INFO  ozoneimpl.OzoneContainer (OzoneContainer.java:start(217)) - Attempting to start container services.
2019-09-24 18:42:25,212 [Datanode State Machine Thread - 0] INFO  ozoneimpl.OzoneContainer (OzoneContainer.java:startContainerScrub(179)) - Background container scanner has been disabled.
2019-09-24 18:42:25,212 [Datanode State Machine Thread - 0] INFO  ratis.XceiverServerRatis (XceiverServerRatis.java:start(411)) - Starting XceiverServerRatis 7b72c5b6-58c5-41fb-b862-72fab3aeee95 at port 0
2019-09-24 18:42:25,218 [Datanode State Machine Thread - 0] INFO  impl.RaftServerProxy (RaftServerProxy.java:lambda$start$3(299)) - 7b72c5b6-58c5-41fb-b862-72fab3aeee95: start RPC server
2019-09-24 18:42:25,220 [Datanode State Machine Thread - 0] INFO  server.GrpcService (GrpcService.java:startImpl(158)) - 7b72c5b6-58c5-41fb-b862-72fab3aeee95: GrpcService started, listening on 0.0.0.0/0.0.0.0:38222
2019-09-24 18:42:25,220 [Datanode State Machine Thread - 0] INFO  ratis.XceiverServerRatis (XceiverServerRatis.java:start(421)) - XceiverServerRatis 7b72c5b6-58c5-41fb-b862-72fab3aeee95 is started using port 38222
2019-09-24 18:42:25,220 [Datanode State Machine Thread - 0] INFO  server.XceiverServerGrpc (XceiverServerGrpc.java:start(149)) - XceiverServerGrpc 7b72c5b6-58c5-41fb-b862-72fab3aeee95 is started using port 46735
2019-09-24 18:42:25,591 [Datanode State Machine Thread - 0] INFO  ozoneimpl.OzoneContainer (OzoneContainer.java:start(217)) - Attempting to start container services.
2019-09-24 18:42:25,591 [Datanode State Machine Thread - 0] INFO  ozoneimpl.OzoneContainer (OzoneContainer.java:startContainerScrub(179)) - Background container scanner has been disabled.
2019-09-24 18:42:25,591 [Datanode State Machine Thread - 0] INFO  ratis.XceiverServerRatis (XceiverServerRatis.java:start(411)) - Starting XceiverServerRatis ff3e2dbf-fbd7-44c8-b920-6245688f6c83 at port 0
2019-09-24 18:42:25,598 [Datanode State Machine Thread - 0] INFO  impl.RaftServerProxy (RaftServerProxy.java:lambda$start$3(299)) - ff3e2dbf-fbd7-44c8-b920-6245688f6c83: start RPC server
2019-09-24 18:42:25,607 [Datanode State Machine Thread - 0] INFO  server.GrpcService (GrpcService.java:startImpl(158)) - ff3e2dbf-fbd7-44c8-b920-6245688f6c83: GrpcService started, listening on 0.0.0.0/0.0.0.0:44531
2019-09-24 18:42:25,607 [Datanode State Machine Thread - 0] INFO  ratis.XceiverServerRatis (XceiverServerRatis.java:start(421)) - XceiverServerRatis ff3e2dbf-fbd7-44c8-b920-6245688f6c83 is started using port 44531
2019-09-24 18:42:25,609 [Datanode State Machine Thread - 0] INFO  server.XceiverServerGrpc (XceiverServerGrpc.java:start(149)) - XceiverServerGrpc ff3e2dbf-fbd7-44c8-b920-6245688f6c83 is started using port 40320
2019-09-24 18:42:25,931 [main] INFO  ozone.MiniOzoneClusterImpl (MiniOzoneClusterImpl.java:lambda$waitForClusterToBeReady$0(147)) - Waiting for cluster to be ready. Got 0 of 7 DN Heartbeats.
2019-09-24 18:42:26,932 [main] INFO  ozone.MiniOzoneClusterImpl (MiniOzoneClusterImpl.java:lambda$waitForClusterToBeReady$0(147)) - Waiting for cluster to be ready. Got 0 of 7 DN Heartbeats.
2019-09-24 18:42:27,197 [IPC Server handler 0 on 37864] INFO  net.NetworkTopology (NetworkTopologyImpl.java:add(111)) - Added a new node: /default-rack/7b72c5b6-58c5-41fb-b862-72fab3aeee95
2019-09-24 18:42:27,199 [IPC Server handler 0 on 37864] INFO  node.SCMNodeManager (SCMNodeManager.java:register(266)) - Registered Data node : 7b72c5b6-58c5-41fb-b862-72fab3aeee95{ip: 192.168.36.84, host: pr-hdds-2171-6l6hb-1841322612, networkLocation: /default-rack, certSerialId: null}
2019-09-24 18:42:27,200 [EventQueue-NodeRegistrationContainerReportForDataNodeSafeModeRule] INFO  safemode.SCMSafeModeManager (DataNodeSafeModeRule.java:process(71)) - SCM in safe mode. 1 DataNodes registered, 1 required.
2019-09-24 18:42:27,202 [EventQueue-NodeRegistrationContainerReportForDataNodeSafeModeRule] INFO  safemode.SCMSafeModeManager (SCMSafeModeManager.java:validateSafeModeExitRules(177)) - ScmSafeModeManager, all rules are successfully validated
2019-09-24 18:42:27,202 [EventQueue-NodeRegistrationContainerReportForDataNodeSafeModeRule] INFO  safemode.SCMSafeModeManager (SCMSafeModeManager.java:exitSafeMode(193)) - SCM exiting safe mode.
2019-09-24 18:42:27,233 [grpc-default-executor-6] INFO  impl.RaftServerProxy (RaftServerProxy.java:addNew(89)) - 7b72c5b6-58c5-41fb-b862-72fab3aeee95: addNew group-FAA2CF419C5C:[7b72c5b6-58c5-41fb-b862-72fab3aeee95:192.168.36.84:38222] returns group-FAA2CF419C5C:java.util.concurrent.CompletableFuture@1497ece5[Not completed]
2019-09-24 18:42:27,238 [pool-295-thread-1] INFO  impl.RaftServerImpl (RaftServerImpl.java:<init>(95)) - 7b72c5b6-58c5-41fb-b862-72fab3aeee95: new RaftServerImpl for group-FAA2CF419C5C:[7b72c5b6-58c5-41fb-b862-72fab3aeee95:192.168.36.84:38222] with ContainerStateMachine:uninitialized
2019-09-24 18:42:27,238 [pool-295-thread-1] INFO  server.RaftServerConfigKeys (ConfUtils.java:logGet(43)) - raft.server.rpc.timeout.min = 5s (custom)
2019-09-24 18:42:27,238 [pool-295-thread-1] INFO  server.RaftServerConfigKeys (ConfUtils.java:logGet(43)) - raft.server.rpc.timeout.max = 5200ms (custom)
2019-09-24 18:42:27,238 [pool-295-thread-1] INFO  server.RaftServerConfigKeys (ConfUtils.java:logGet(43)) - raft.server.rpcslowness.timeout = 120s (custom)
2019-09-24 18:42:27,238 [pool-295-thread-1] INFO  server.RaftServerConfigKeys (ConfUtils.java:logGet(43)) - raft.server.sleep.deviation.threshold = 300 (default)
2019-09-24 18:42:27,239 [pool-295-thread-1] INFO  server.RaftServerConfigKeys (ConfUtils.java:logGet(43)) - raft.server.log.appender.install.snapshot.enabled = false (custom)
2019-09-24 18:42:27,239 [pool-295-thread-1] INFO  impl.RaftServerImpl (ServerState.java:<init>(103)) - 7b72c5b6-58c5-41fb-b862-72fab3aeee95@group-FAA2CF419C5C: ConfigurationManager, init=-1: [7b72c5b6-58c5-41fb-b862-72fab3aeee95:192.168.36.84:38222], old=null, confs=<EMPTY_MAP>
2019-09-24 18:42:27,239 [pool-295-thread-1] INFO  server.RaftServerConfigKeys (ConfUtils.java:logGet(43)) - raft.server.storage.dir = [/workdir/hadoop-ozone/integration-test/target/test-dir/MiniOzoneClusterImpl-22a6b2d7-7806-44d1-803e-00ff882747f6/datanode-0/data/ratis] (custom)
2019-09-24 18:42:27,240 [pool-295-thread-1] INFO  storage.RaftStorageDirectory (RaftStorageDirectory.java:analyzeStorage(246)) - The storage directory /workdir/hadoop-ozone/integration-test/target/test-dir/MiniOzoneClusterImpl-22a6b2d7-7806-44d1-803e-00ff882747f6/datanode-0/data/ratis/cf000390-93a8-46d2-a245-faa2cf419c5c does not exist. Creating ...
2019-09-24 18:42:27,576 [IPC Server handler 1 on 37864] INFO  net.NetworkTopology (NetworkTopologyImpl.java:add(111)) - Added a new node: /default-rack/ff3e2dbf-fbd7-44c8-b920-6245688f6c83
2019-09-24 18:42:27,576 [IPC Server handler 1 on 37864] INFO  node.SCMNodeManager (SCMNodeManager.java:register(266)) - Registered Data node : ff3e2dbf-fbd7-44c8-b920-6245688f6c83{ip: 192.168.36.84, host: pr-hdds-2171-6l6hb-1841322612, networkLocation: /default-rack, certSerialId: null}
2019-09-24 18:42:27,933 [main] INFO  ozone.MiniOzoneClusterImpl (MiniOzoneClusterImpl.java:lambda$waitForClusterToBeReady$0(147)) - Waiting for cluster to be ready. Got 2 of 7 DN Heartbeats.
2019-09-24 18:42:28,322 [Datanode State Machine Thread - 0] INFO  ozoneimpl.OzoneContainer (OzoneContainer.java:start(217)) - Attempting to start container services.
2019-09-24 18:42:28,322 [Datanode State Machine Thread - 0] INFO  ozoneimpl.OzoneContainer (OzoneContainer.java:start(217)) - Attempting to start container services.
2019-09-24 18:42:28,322 [Datanode State Machine Thread - 0] INFO  ozoneimpl.OzoneContainer (OzoneContainer.java:startContainerScrub(179)) - Background container scanner has been disabled.
2019-09-24 18:42:28,323 [pool-295-thread-1] INFO  storage.RaftStorageDirectory (RaftStorageDirectory.java:tryLock(328)) - Lock on /workdir/hadoop-ozone/integration-test/target/test-dir/MiniOzoneClusterImpl-22a6b2d7-7806-44d1-803e-00ff882747f6/datanode-0/data/ratis/cf000390-93a8-46d2-a245-faa2cf419c5c/in_use.lock acquired by nodename 32065@pr-hdds-2171-6l6hb-1841322612
2019-09-24 18:42:28,323 [Datanode State Machine Thread - 0] INFO  ozoneimpl.OzoneContainer (OzoneContainer.java:start(217)) - Attempting to start container services.
2019-09-24 18:42:28,323 [Datanode State Machine Thread - 0] INFO  ozoneimpl.OzoneContainer (OzoneContainer.java:start(217)) - Attempting to start container services.
2019-09-24 18:42:28,323 [Datanode State Machine Thread - 0] INFO  ozoneimpl.OzoneContainer (OzoneContainer.java:start(217)) - Attempting to start container services.
2019-09-24 18:42:28,323 [Datanode State Machine Thread - 0] INFO  ozoneimpl.OzoneContainer (OzoneContainer.java:startContainerScrub(179)) - Background container scanner has been disabled.
2019-09-24 18:42:28,324 [Datanode State Machine Thread - 0] INFO  ratis.XceiverServerRatis (XceiverServerRatis.java:start(411)) - Starting XceiverServerRatis 7503f796-9011-4ec4-9f55-51b0a89b0e66 at port 0
2019-09-24 18:42:28,323 [Datanode State Machine Thread - 0] INFO  ratis.XceiverServerRatis (XceiverServerRatis.java:start(411)) - Starting XceiverServerRatis 38cf64fb-7489-4110-a682-ffe13eeb8522 at port 0
2019-09-24 18:42:28,324 [Datanode State Machine Thread - 0] INFO  ozoneimpl.OzoneContainer (OzoneContainer.java:startContainerScrub(179)) - Background container scanner has been disabled.
2019-09-24 18:42:28,323 [Datanode State Machine Thread - 0] INFO  ozoneimpl.OzoneContainer (OzoneContainer.java:startContainerScrub(179)) - Background container scanner has been disabled.
2019-09-24 18:42:28,323 [Datanode State Machine Thread - 0] INFO  ozoneimpl.OzoneContainer (OzoneContainer.java:startContainerScrub(179)) - Background container scanner has been disabled.
2019-09-24 18:42:28,324 [Datanode State Machine Thread - 0] INFO  ratis.XceiverServerRatis (XceiverServerRatis.java:start(411)) - Starting XceiverServerRatis bfedd7ac-20a7-41ea-98ab-a94e8334a7fe at port 0
2019-09-24 18:42:28,324 [Datanode State Machine Thread - 0] INFO  ratis.XceiverServerRatis (XceiverServerRatis.java:start(411)) - Starting XceiverServerRatis b910a142-608c-4a00-ae67-911269d8d284 at port 0
2019-09-24 18:42:28,324 [Datanode State Machine Thread - 0] INFO  ratis.XceiverServerRatis (XceiverServerRatis.java:start(411)) - Starting XceiverServerRatis 8e1599e9-105d-4dd4-a052-d21668a40b75 at port 0
2019-09-24 18:42:28,336 [pool-295-thread-1] INFO  storage.RaftStorage (RaftStorage.java:format(72)) - Storage directory /workdir/hadoop-ozone/integration-test/target/test-dir/MiniOzoneClusterImpl-22a6b2d7-7806-44d1-803e-00ff882747f6/datanode-0/data/ratis/cf000390-93a8-46d2-a245-faa2cf419c5c has been successfully formatted.
2019-09-24 18:42:28,337 [pool-295-thread-1] INFO  ratis.ContainerStateMachine (ContainerStateMachine.java:loadSnapshot(230)) - group-FAA2CF419C5C: The snapshot info is null. Setting the last applied indexto:(t:0, i:~)
2019-09-24 18:42:28,337 [pool-295-thread-1] INFO  server.RaftServerConfigKeys (ConfUtils.java:logGet(43)) - raft.server.notification.no-leader.timeout = 120s (custom)
2019-09-24 18:42:28,337 [pool-295-thread-1] INFO  server.RaftServerConfigKeys (ConfUtils.java:logGet(43)) - raft.server.log.use.memory = false (default)
2019-09-24 18:42:28,337 [pool-295-thread-1] INFO  server.RaftServerConfigKeys (ConfUtils.java:logGet(43)) - raft.server.log.purge.gap = 1000000 (custom)
2019-09-24 18:42:28,338 [pool-295-thread-1] INFO  server.RaftServerConfigKeys (ConfUtils.java:logGet(43)) - raft.server.log.appender.buffer.byte-limit = 33554432 (custom)
2019-09-24 18:42:28,338 [pool-295-thread-1] INFO  server.RaftServerConfigKeys (ConfUtils.java:logGet(43)) - raft.server.log.segment.size.max = 1048576 (custom)
2019-09-24 18:42:28,338 [pool-295-thread-1] INFO  server.RaftServerConfigKeys (ConfUtils.java:logGet(43)) - raft.server.log.segment.cache.num.max = 2 (custom)
2019-09-24 18:42:28,339 [pool-295-thread-1] INFO  segmented.SegmentedRaftLogWorker (SegmentedRaftLogWorker.java:<init>(172)) - new 7b72c5b6-58c5-41fb-b862-72fab3aeee95@group-FAA2CF419C5C-SegmentedRaftLogWorker for RaftStorage:Storage Directory /workdir/hadoop-ozone/integration-test/target/test-dir/MiniOzoneClusterImpl-22a6b2d7-7806-44d1-803e-00ff882747f6/datanode-0/data/ratis/cf000390-93a8-46d2-a245-faa2cf419c5c
2019-09-24 18:42:28,343 [pool-295-thread-1] INFO  server.RaftServerConfigKeys (ConfUtils.java:logGet(43)) - raft.server.log.queue.byte-limit = 2147483647 (custom)
2019-09-24 18:42:28,343 [pool-295-thread-1] INFO  server.RaftServerConfigKeys (ConfUtils.java:logGet(43)) - raft.server.log.queue.element-limit = 1024 (custom)
2019-09-24 18:42:28,343 [pool-295-thread-1] INFO  server.RaftServerConfigKeys (ConfUtils.java:logGet(43)) - raft.server.log.segment.size.max = 1048576 (custom)
2019-09-24 18:42:28,344 [pool-295-thread-1] INFO  server.RaftServerConfigKeys (ConfUtils.java:logGet(43)) - raft.server.log.preallocated.size = 16384 (custom)
2019-09-24 18:42:28,344 [pool-295-thread-1] INFO  server.RaftServerConfigKeys (ConfUtils.java:logGet(43)) - raft.server.log.write.buffer.size = 33554432 (custom)
2019-09-24 18:42:28,344 [pool-295-thread-1] INFO  server.RaftServerConfigKeys (ConfUtils.java:logGet(43)) - raft.server.log.force.sync.num = 128 (default)
2019-09-24 18:42:28,344 [pool-295-thread-1] INFO  server.RaftServerConfigKeys (ConfUtils.java:logGet(43)) - raft.server.log.statemachine.data.sync = true (default)
2019-09-24 18:42:28,344 [pool-295-thread-1] INFO  server.RaftServerConfigKeys (ConfUtils.java:logGet(43)) - raft.server.log.statemachine.data.sync.timeout = 10s (default)
2019-09-24 18:42:28,344 [pool-295-thread-1] INFO  server.RaftServerConfigKeys (ConfUtils.java:logGet(43)) - raft.server.log.statemachine.data.sync.timeout.retry = -1 (default)
2019-09-24 18:42:28,345 [pool-295-thread-1] INFO  server.RaftServerConfigKeys (ConfUtils.java:logGet(43)) - raft.server.log.statemachine.data.caching.enabled = true (custom)
2019-09-24 18:42:28,346 [pool-295-thread-1] INFO  segmented.SegmentedRaftLogWorker (SegmentedRaftLogWorker.java:lambda$new$0(132)) - 7b72c5b6-58c5-41fb-b862-72fab3aeee95@group-FAA2CF419C5C-SegmentedRaftLogWorker: flushIndex: setUnconditionally 0 -> -1
2019-09-24 18:42:28,347 [pool-295-thread-1] INFO  server.RaftServerConfigKeys (ConfUtils.java:logGet(43)) - raft.server.snapshot.auto.trigger.enabled = true (custom)
2019-09-24 18:42:28,347 [pool-295-thread-1] INFO  server.RaftServerConfigKeys (ConfUtils.java:logGet(43)) - raft.server.snapshot.auto.trigger.threshold = 10000 (custom)
2019-09-24 18:42:28,347 [pool-295-thread-1] INFO  server.RaftServerConfigKeys (ConfUtils.java:logGet(43)) - raft.server.snapshot.retention.num.files = 5 (custom)
2019-09-24 18:42:28,348 [pool-295-thread-1] INFO  server.RaftServerConfigKeys (ConfUtils.java:logGet(43)) - raft.server.retrycache.expirytime = 600000ms (custom)
2019-09-24 18:42:28,351 [pool-295-thread-1] INFO  impl.RaftServerImpl (RaftServerImpl.java:start(185)) - 7b72c5b6-58c5-41fb-b862-72fab3aeee95@group-FAA2CF419C5C: start as a follower, conf=-1: [7b72c5b6-58c5-41fb-b862-72fab3aeee95:192.168.36.84:38222], old=null
2019-09-24 18:42:28,351 [pool-295-thread-1] INFO  impl.RaftServerImpl (RaftServerImpl.java:setRole(174)) - 7b72c5b6-58c5-41fb-b862-72fab3aeee95@group-FAA2CF419C5C: changes role from      null to FOLLOWER at term 0 for startAsFollower
2019-09-24 18:42:28,351 [pool-295-thread-1] INFO  impl.RoleInfo (RoleInfo.java:updateAndGet(143)) - 7b72c5b6-58c5-41fb-b862-72fab3aeee95: start FollowerState
2019-09-24 18:42:28,352 [pool-295-thread-1] INFO  util.JmxRegister (JmxRegister.java:tryRegister(44)) - Successfully registered JMX Bean with object name Ratis:service=RaftServer,group=group-FAA2CF419C5C,id=7b72c5b6-58c5-41fb-b862-72fab3aeee95
2019-09-24 18:42:28,357 [RatisPipelineUtilsThread] INFO  pipeline.PipelineStateManager (PipelineStateManager.java:addPipeline(56)) - Created pipeline Pipeline[ Id: cf000390-93a8-46d2-a245-faa2cf419c5c, Nodes: 7b72c5b6-58c5-41fb-b862-72fab3aeee95{ip: 192.168.36.84, host: pr-hdds-2171-6l6hb-1841322612, networkLocation: /default-rack, certSerialId: null}, Type:RATIS, Factor:ONE, State:OPEN]
2019-09-24 18:42:28,358 [Datanode State Machine Thread - 0] INFO  impl.RaftServerProxy (RaftServerProxy.java:lambda$start$3(299)) - 38cf64fb-7489-4110-a682-ffe13eeb8522: start RPC server
2019-09-24 18:42:28,360 [Datanode State Machine Thread - 0] INFO  server.GrpcService (GrpcService.java:startImpl(158)) - 38cf64fb-7489-4110-a682-ffe13eeb8522: GrpcService started, listening on 0.0.0.0/0.0.0.0:40297
2019-09-24 18:42:28,360 [Datanode State Machine Thread - 0] INFO  ratis.XceiverServerRatis (XceiverServerRatis.java:start(421)) - XceiverServerRatis 38cf64fb-7489-4110-a682-ffe13eeb8522 is started using port 40297
2019-09-24 18:42:28,360 [Datanode State Machine Thread - 0] INFO  impl.RaftServerProxy (RaftServerProxy.java:lambda$start$3(299)) - 7503f796-9011-4ec4-9f55-51b0a89b0e66: start RPC server
2019-09-24 18:42:28,374 [Datanode State Machine Thread - 0] INFO  server.XceiverServerGrpc (XceiverServerGrpc.java:start(149)) - XceiverServerGrpc 38cf64fb-7489-4110-a682-ffe13eeb8522 is started using port 35756
2019-09-24 18:42:28,374 [Datanode State Machine Thread - 0] INFO  impl.RaftServerProxy (RaftServerProxy.java:lambda$start$3(299)) - bfedd7ac-20a7-41ea-98ab-a94e8334a7fe: start RPC server
2019-09-24 18:42:28,374 [Datanode State Machine Thread - 0] INFO  impl.RaftServerProxy (RaftServerProxy.java:lambda$start$3(299)) - b910a142-608c-4a00-ae67-911269d8d284: start RPC server
2019-09-24 18:42:28,376 [Datanode State Machine Thread - 0] INFO  server.GrpcService (GrpcService.java:startImpl(158)) - 7503f796-9011-4ec4-9f55-51b0a89b0e66: GrpcService started, listening on 0.0.0.0/0.0.0.0:35486
2019-09-24 18:42:28,377 [Datanode State Machine Thread - 0] INFO  server.GrpcService (GrpcService.java:startImpl(158)) - bfedd7ac-20a7-41ea-98ab-a94e8334a7fe: GrpcService started, listening on 0.0.0.0/0.0.0.0:46718
2019-09-24 18:42:28,378 [Datanode State Machine Thread - 0] INFO  server.GrpcService (GrpcService.java:startImpl(158)) - b910a142-608c-4a00-ae67-911269d8d284: GrpcService started, listening on 0.0.0.0/0.0.0.0:37778
2019-09-24 18:42:28,377 [Datanode State Machine Thread - 0] INFO  ratis.XceiverServerRatis (XceiverServerRatis.java:start(421)) - XceiverServerRatis 7503f796-9011-4ec4-9f55-51b0a89b0e66 is started using port 35486
2019-09-24 18:42:28,379 [Datanode State Machine Thread - 0] INFO  ratis.XceiverServerRatis (XceiverServerRatis.java:start(421)) - XceiverServerRatis b910a142-608c-4a00-ae67-911269d8d284 is started using port 37778
2019-09-24 18:42:28,378 [Datanode State Machine Thread - 0] INFO  ratis.XceiverServerRatis (XceiverServerRatis.java:start(421)) - XceiverServerRatis bfedd7ac-20a7-41ea-98ab-a94e8334a7fe is started using port 46718
2019-09-24 18:42:28,381 [Datanode State Machine Thread - 0] INFO  impl.RaftServerProxy (RaftServerProxy.java:lambda$start$3(299)) - 8e1599e9-105d-4dd4-a052-d21668a40b75: start RPC server
2019-09-24 18:42:28,381 [Datanode State Machine Thread - 0] INFO  server.XceiverServerGrpc (XceiverServerGrpc.java:start(149)) - XceiverServerGrpc b910a142-608c-4a00-ae67-911269d8d284 is started using port 37315
2019-09-24 18:42:28,381 [Datanode State Machine Thread - 0] INFO  server.XceiverServerGrpc (XceiverServerGrpc.java:start(149)) - XceiverServerGrpc 7503f796-9011-4ec4-9f55-51b0a89b0e66 is started using port 45651
2019-09-24 18:42:28,381 [Datanode State Machine Thread - 0] INFO  server.XceiverServerGrpc (XceiverServerGrpc.java:start(149)) - XceiverServerGrpc bfedd7ac-20a7-41ea-98ab-a94e8334a7fe is started using port 34018
2019-09-24 18:42:28,383 [Datanode State Machine Thread - 0] INFO  server.GrpcService (GrpcService.java:startImpl(158)) - 8e1599e9-105d-4dd4-a052-d21668a40b75: GrpcService started, listening on 0.0.0.0/0.0.0.0:44254
2019-09-24 18:42:28,385 [Datanode State Machine Thread - 0] INFO  ratis.XceiverServerRatis (XceiverServerRatis.java:start(421)) - XceiverServerRatis 8e1599e9-105d-4dd4-a052-d21668a40b75 is started using port 44254
2019-09-24 18:42:28,388 [grpc-default-executor-6] INFO  impl.RaftServerProxy (RaftServerProxy.java:addNew(89)) - ff3e2dbf-fbd7-44c8-b920-6245688f6c83: addNew group-2CF3C92598C3:[ff3e2dbf-fbd7-44c8-b920-6245688f6c83:192.168.36.84:44531] returns group-2CF3C92598C3:java.util.concurrent.CompletableFuture@127936f7[Not completed]
2019-09-24 18:42:28,388 [Datanode State Machine Thread - 0] INFO  server.XceiverServerGrpc (XceiverServerGrpc.java:start(149)) - XceiverServerGrpc 8e1599e9-105d-4dd4-a052-d21668a40b75 is started using port 41621
2019-09-24 18:42:28,391 [pool-305-thread-1] INFO  impl.RaftServerImpl (RaftServerImpl.java:<init>(95)) - ff3e2dbf-fbd7-44c8-b920-6245688f6c83: new RaftServerImpl for group-2CF3C92598C3:[ff3e2dbf-fbd7-44c8-b920-6245688f6c83:192.168.36.84:44531] with ContainerStateMachine:uninitialized
2019-09-24 18:42:28,391 [pool-305-thread-1] INFO  server.RaftServerConfigKeys (ConfUtils.java:logGet(43)) - raft.server.rpc.timeout.min = 5s (custom)
2019-09-24 18:42:28,391 [pool-305-thread-1] INFO  server.RaftServerConfigKeys (ConfUtils.java:logGet(43)) - raft.server.rpc.timeout.max = 5200ms (custom)
2019-09-24 18:42:28,391 [pool-305-thread-1] INFO  server.RaftServerConfigKeys (ConfUtils.java:logGet(43)) - raft.server.rpcslowness.timeout = 120s (custom)
2019-09-24 18:42:28,391 [pool-305-thread-1] INFO  server.RaftServerConfigKeys (ConfUtils.java:logGet(43)) - raft.server.sleep.deviation.threshold = 300 (default)
2019-09-24 18:42:28,391 [pool-305-thread-1] INFO  server.RaftServerConfigKeys (ConfUtils.java:logGet(43)) - raft.server.log.appender.install.snapshot.enabled = false (custom)
2019-09-24 18:42:28,391 [pool-305-thread-1] INFO  impl.RaftServerImpl (ServerState.java:<init>(103)) - ff3e2dbf-fbd7-44c8-b920-6245688f6c83@group-2CF3C92598C3: ConfigurationManager, init=-1: [ff3e2dbf-fbd7-44c8-b920-6245688f6c83:192.168.36.84:44531], old=null, confs=<EMPTY_MAP>
2019-09-24 18:42:28,391 [pool-305-thread-1] INFO  server.RaftServerConfigKeys (ConfUtils.java:logGet(43)) - raft.server.storage.dir = [/workdir/hadoop-ozone/integration-test/target/test-dir/MiniOzoneClusterImpl-22a6b2d7-7806-44d1-803e-00ff882747f6/datanode-1/data/ratis] (custom)
2019-09-24 18:42:28,392 [pool-305-thread-1] INFO  storage.RaftStorageDirectory (RaftStorageDirectory.java:analyzeStorage(246)) - The storage directory /workdir/hadoop-ozone/integration-test/target/test-dir/MiniOzoneClusterImpl-22a6b2d7-7806-44d1-803e-00ff882747f6/datanode-1/data/ratis/898f9f76-f999-4043-8021-2cf3c92598c3 does not exist. Creating ...
2019-09-24 18:42:28,933 [main] INFO  ozone.MiniOzoneClusterImpl (MiniOzoneClusterImpl.java:lambda$waitForClusterToBeReady$0(147)) - Waiting for cluster to be ready. Got 2 of 7 DN Heartbeats.
2019-09-24 18:42:29,653 [IPC Server handler 3 on 37864] INFO  net.NetworkTopology (NetworkTopologyImpl.java:add(111)) - Added a new node: /default-rack/7503f796-9011-4ec4-9f55-51b0a89b0e66
2019-09-24 18:42:29,654 [IPC Server handler 3 on 37864] INFO  node.SCMNodeManager (SCMNodeManager.java:register(266)) - Registered Data node : 7503f796-9011-4ec4-9f55-51b0a89b0e66{ip: 192.168.36.84, host: pr-hdds-2171-6l6hb-1841322612, networkLocation: /default-rack, certSerialId: null}
2019-09-24 18:42:29,720 [IPC Server handler 4 on 37864] INFO  net.NetworkTopology (NetworkTopologyImpl.java:add(111)) - Added a new node: /default-rack/38cf64fb-7489-4110-a682-ffe13eeb8522
2019-09-24 18:42:29,720 [IPC Server handler 4 on 37864] INFO  node.SCMNodeManager (SCMNodeManager.java:register(266)) - Registered Data node : 38cf64fb-7489-4110-a682-ffe13eeb8522{ip: 192.168.36.84, host: pr-hdds-2171-6l6hb-1841322612, networkLocation: /default-rack, certSerialId: null}
2019-09-24 18:42:29,779 [IPC Server handler 5 on 37864] INFO  net.NetworkTopology (NetworkTopologyImpl.java:add(111)) - Added a new node: /default-rack/8e1599e9-105d-4dd4-a052-d21668a40b75
2019-09-24 18:42:29,780 [IPC Server handler 5 on 37864] INFO  node.SCMNodeManager (SCMNodeManager.java:register(266)) - Registered Data node : 8e1599e9-105d-4dd4-a052-d21668a40b75{ip: 192.168.36.84, host: pr-hdds-2171-6l6hb-1841322612, networkLocation: /default-rack, certSerialId: null}
2019-09-24 18:42:29,869 [IPC Server handler 6 on 37864] INFO  net.NetworkTopology (NetworkTopologyImpl.java:add(111)) - Added a new node: /default-rack/b910a142-608c-4a00-ae67-911269d8d284
2019-09-24 18:42:29,869 [IPC Server handler 6 on 37864] INFO  node.SCMNodeManager (SCMNodeManager.java:register(266)) - Registered Data node : b910a142-608c-4a00-ae67-911269d8d284{ip: 192.168.36.84, host: pr-hdds-2171-6l6hb-1841322612, networkLocation: /default-rack, certSerialId: null}
2019-09-24 18:42:29,934 [main] INFO  ozone.MiniOzoneClusterImpl (MiniOzoneClusterImpl.java:lambda$waitForClusterToBeReady$0(147)) - Waiting for cluster to be ready. Got 6 of 7 DN Heartbeats.
2019-09-24 18:42:29,939 [IPC Server handler 7 on 37864] INFO  net.NetworkTopology (NetworkTopologyImpl.java:add(111)) - Added a new node: /default-rack/bfedd7ac-20a7-41ea-98ab-a94e8334a7fe
2019-09-24 18:42:29,940 [IPC Server handler 7 on 37864] INFO  node.SCMNodeManager (SCMNodeManager.java:register(266)) - Registered Data node : bfedd7ac-20a7-41ea-98ab-a94e8334a7fe{ip: 192.168.36.84, host: pr-hdds-2171-6l6hb-1841322612, networkLocation: /default-rack, certSerialId: null}
2019-09-24 18:42:30,204 [Thread-2089] INFO  container.ReplicationManager (ReplicationManager.java:start(162)) - Starting Replication Monitor Thread.
2019-09-24 18:42:30,208 [ReplicationMonitor] INFO  container.ReplicationManager (ReplicationManager.java:run(225)) - Replication Monitor Thread took 0 milliseconds for processing 0 containers.
2019-09-24 18:42:30,934 [main] INFO  ozone.MiniOzoneClusterImpl (MiniOzoneClusterImpl.java:lambda$waitForClusterToBeReady$0(147)) - Cluster is ready. Got 7 of 7 DN Heartbeats.
2019-09-24 18:42:31,004 [main] INFO  rpc.RpcClient (RpcClient.java:createVolume(276)) - Creating Volume: watchforcommithandlingtest, with jenkins1000 as owner.
2019-09-24 18:42:31,011 [IPC Server handler 2 on 43318] INFO  volume.OMVolumeCreateRequest (OMVolumeCreateRequest.java:validateAndUpdateCache(189)) - created volume:watchforcommithandlingtest for user:jenkins1000
2019-09-24 18:42:31,036 [main] INFO  rpc.RpcClient (RpcClient.java:createBucket(415)) - Creating Bucket: watchforcommithandlingtest/watchforcommithandlingtest, with Versioning false and Storage Type set to DISK and Encryption set to false 
2019-09-24 18:42:31,041 [main] INFO  ozone.MiniOzoneClusterImpl (MiniOzoneClusterImpl.java:getStorageContainerLocationClient(234)) - Creating StorageContainerLocationProtocol RPC client with address /0.0.0.0:37438
2019-09-24 18:42:31,364 [RATISCREATEPIPELINE1] ERROR pipeline.RatisPipelineProvider (RatisPipelineProvider.java:lambda$null$5(235)) - Failed invoke Ratis rpc org.apache.hadoop.hdds.scm.pipeline.RatisPipelineProvider$$Lambda$187/923374524@3c14c9d for ff3e2dbf-fbd7-44c8-b920-6245688f6c83
org.apache.ratis.protocol.TimeoutIOException: deadline exceeded after 2999871518ns
	at org.apache.ratis.grpc.GrpcUtil.tryUnwrapException(GrpcUtil.java:82)
	at org.apache.ratis.grpc.GrpcUtil.unwrapException(GrpcUtil.java:75)
	at org.apache.ratis.grpc.client.GrpcClientProtocolClient.blockingCall(GrpcClientProtocolClient.java:178)
	at org.apache.ratis.grpc.client.GrpcClientProtocolClient.groupAdd(GrpcClientProtocolClient.java:147)
	at org.apache.ratis.grpc.client.GrpcClientRpc.sendRequest(GrpcClientRpc.java:94)
	at org.apache.ratis.client.impl.RaftClientImpl.sendRequest(RaftClientImpl.java:278)
	at org.apache.ratis.client.impl.RaftClientImpl.groupAdd(RaftClientImpl.java:205)
	at org.apache.hadoop.hdds.scm.pipeline.RatisPipelineProvider.lambda$initializePipeline$4(RatisPipelineProvider.java:196)
	at org.apache.hadoop.hdds.scm.pipeline.RatisPipelineProvider.lambda$null$5(RatisPipelineProvider.java:231)
	at java.util.stream.ForEachOps$ForEachOp$OfRef.accept(ForEachOps.java:184)
	at java.util.ArrayList$ArrayListSpliterator.forEachRemaining(ArrayList.java:1382)
	at java.util.stream.AbstractPipeline.copyInto(AbstractPipeline.java:482)
	at java.util.stream.ForEachOps$ForEachTask.compute(ForEachOps.java:291)
	at java.util.concurrent.CountedCompleter.exec(CountedCompleter.java:731)
	at java.util.concurrent.ForkJoinTask.doExec(ForkJoinTask.java:289)
	at java.util.concurrent.ForkJoinTask.doInvoke(ForkJoinTask.java:401)
	at java.util.concurrent.ForkJoinTask.invoke(ForkJoinTask.java:734)
	at java.util.stream.ForEachOps$ForEachOp.evaluateParallel(ForEachOps.java:160)
	at java.util.stream.ForEachOps$ForEachOp$OfRef.evaluateParallel(ForEachOps.java:174)
	at java.util.stream.AbstractPipeline.evaluate(AbstractPipeline.java:233)
	at java.util.stream.ReferencePipeline.forEach(ReferencePipeline.java:418)
	at java.util.stream.ReferencePipeline$Head.forEach(ReferencePipeline.java:583)
	at org.apache.hadoop.hdds.scm.pipeline.RatisPipelineProvider.lambda$callRatisRpc$6(RatisPipelineProvider.java:225)
	at java.util.concurrent.ForkJoinTask$AdaptedRunnableAction.exec(ForkJoinTask.java:1386)
	at java.util.concurrent.ForkJoinTask.doExec(ForkJoinTask.java:289)
	at java.util.concurrent.ForkJoinPool$WorkQueue.runTask(ForkJoinPool.java:1056)
	at java.util.concurrent.ForkJoinPool.runWorker(ForkJoinPool.java:1692)
	at java.util.concurrent.ForkJoinWorkerThread.run(ForkJoinWorkerThread.java:157)
Caused by: org.apache.ratis.thirdparty.io.grpc.StatusRuntimeException: DEADLINE_EXCEEDED: deadline exceeded after 2999871518ns
	at org.apache.ratis.thirdparty.io.grpc.stub.ClientCalls.toStatusRuntimeException(ClientCalls.java:233)
	at org.apache.ratis.thirdparty.io.grpc.stub.ClientCalls.getUnchecked(ClientCalls.java:214)
	at org.apache.ratis.thirdparty.io.grpc.stub.ClientCalls.blockingUnaryCall(ClientCalls.java:139)
	at org.apache.ratis.proto.grpc.AdminProtocolServiceGrpc$AdminProtocolServiceBlockingStub.groupManagement(AdminProtocolServiceGrpc.java:274)
	at org.apache.ratis.grpc.client.GrpcClientProtocolClient.lambda$groupAdd$3(GrpcClientProtocolClient.java:149)
	at org.apache.ratis.grpc.client.GrpcClientProtocolClient.blockingCall(GrpcClientProtocolClient.java:176)
	... 25 more
2019-09-24 18:42:31,379 [grpc-default-executor-4] INFO  impl.RaftServerProxy (RaftServerProxy.java:addNew(89)) - bfedd7ac-20a7-41ea-98ab-a94e8334a7fe: addNew group-F2343F61EB5A:[bfedd7ac-20a7-41ea-98ab-a94e8334a7fe:192.168.36.84:46718, ff3e2dbf-fbd7-44c8-b920-6245688f6c83:192.168.36.84:44531, 8e1599e9-105d-4dd4-a052-d21668a40b75:192.168.36.84:44254] returns group-F2343F61EB5A:java.util.concurrent.CompletableFuture@5be7395f[Not completed]
2019-09-24 18:42:31,380 [grpc-default-executor-6] INFO  impl.RaftServerProxy (RaftServerProxy.java:addNew(89)) - 8e1599e9-105d-4dd4-a052-d21668a40b75: addNew group-F2343F61EB5A:[bfedd7ac-20a7-41ea-98ab-a94e8334a7fe:192.168.36.84:46718, ff3e2dbf-fbd7-44c8-b920-6245688f6c83:192.168.36.84:44531, 8e1599e9-105d-4dd4-a052-d21668a40b75:192.168.36.84:44254] returns group-F2343F61EB5A:java.util.concurrent.CompletableFuture@2e0fc6c0[Not completed]
2019-09-24 18:42:31,380 [grpc-default-executor-12] INFO  impl.RaftServerProxy (RaftServerProxy.java:addNew(89)) - ff3e2dbf-fbd7-44c8-b920-6245688f6c83: addNew group-F2343F61EB5A:[bfedd7ac-20a7-41ea-98ab-a94e8334a7fe:192.168.36.84:46718, ff3e2dbf-fbd7-44c8-b920-6245688f6c83:192.168.36.84:44531, 8e1599e9-105d-4dd4-a052-d21668a40b75:192.168.36.84:44254] returns group-F2343F61EB5A:java.util.concurrent.CompletableFuture@79bfd63d[Not completed]
2019-09-24 18:42:31,382 [pool-335-thread-1] INFO  impl.RaftServerImpl (RaftServerImpl.java:<init>(95)) - 8e1599e9-105d-4dd4-a052-d21668a40b75: new RaftServerImpl for group-F2343F61EB5A:[bfedd7ac-20a7-41ea-98ab-a94e8334a7fe:192.168.36.84:46718, ff3e2dbf-fbd7-44c8-b920-6245688f6c83:192.168.36.84:44531, 8e1599e9-105d-4dd4-a052-d21668a40b75:192.168.36.84:44254] with ContainerStateMachine:uninitialized
2019-09-24 18:42:31,382 [pool-335-thread-1] INFO  server.RaftServerConfigKeys (ConfUtils.java:logGet(43)) - raft.server.rpc.timeout.min = 5s (custom)
2019-09-24 18:42:31,382 [pool-335-thread-1] INFO  server.RaftServerConfigKeys (ConfUtils.java:logGet(43)) - raft.server.rpc.timeout.max = 5200ms (custom)
2019-09-24 18:42:31,383 [pool-335-thread-1] INFO  server.RaftServerConfigKeys (ConfUtils.java:logGet(43)) - raft.server.rpcslowness.timeout = 120s (custom)
2019-09-24 18:42:31,383 [pool-335-thread-1] INFO  server.RaftServerConfigKeys (ConfUtils.java:logGet(43)) - raft.server.sleep.deviation.threshold = 300 (default)
2019-09-24 18:42:31,383 [pool-355-thread-1] INFO  impl.RaftServerImpl (RaftServerImpl.java:<init>(95)) - bfedd7ac-20a7-41ea-98ab-a94e8334a7fe: new RaftServerImpl for group-F2343F61EB5A:[bfedd7ac-20a7-41ea-98ab-a94e8334a7fe:192.168.36.84:46718, ff3e2dbf-fbd7-44c8-b920-6245688f6c83:192.168.36.84:44531, 8e1599e9-105d-4dd4-a052-d21668a40b75:192.168.36.84:44254] with ContainerStateMachine:uninitialized
2019-09-24 18:42:31,383 [pool-335-thread-1] INFO  server.RaftServerConfigKeys (ConfUtils.java:logGet(43)) - raft.server.log.appender.install.snapshot.enabled = false (custom)
2019-09-24 18:42:31,383 [pool-355-thread-1] INFO  server.RaftServerConfigKeys (ConfUtils.java:logGet(43)) - raft.server.rpc.timeout.min = 5s (custom)
2019-09-24 18:42:31,383 [pool-335-thread-1] INFO  impl.RaftServerImpl (ServerState.java:<init>(103)) - 8e1599e9-105d-4dd4-a052-d21668a40b75@group-F2343F61EB5A: ConfigurationManager, init=-1: [bfedd7ac-20a7-41ea-98ab-a94e8334a7fe:192.168.36.84:46718, ff3e2dbf-fbd7-44c8-b920-6245688f6c83:192.168.36.84:44531, 8e1599e9-105d-4dd4-a052-d21668a40b75:192.168.36.84:44254], old=null, confs=<EMPTY_MAP>
2019-09-24 18:42:31,383 [pool-355-thread-1] INFO  server.RaftServerConfigKeys (ConfUtils.java:logGet(43)) - raft.server.rpc.timeout.max = 5200ms (custom)
2019-09-24 18:42:31,384 [pool-335-thread-1] INFO  server.RaftServerConfigKeys (ConfUtils.java:logGet(43)) - raft.server.storage.dir = [/workdir/hadoop-ozone/integration-test/target/test-dir/MiniOzoneClusterImpl-22a6b2d7-7806-44d1-803e-00ff882747f6/datanode-4/data/ratis] (custom)
2019-09-24 18:42:31,384 [pool-355-thread-1] INFO  server.RaftServerConfigKeys (ConfUtils.java:logGet(43)) - raft.server.rpcslowness.timeout = 120s (custom)
2019-09-24 18:42:31,384 [pool-355-thread-1] INFO  server.RaftServerConfigKeys (ConfUtils.java:logGet(43)) - raft.server.sleep.deviation.threshold = 300 (default)
2019-09-24 18:42:31,384 [pool-355-thread-1] INFO  server.RaftServerConfigKeys (ConfUtils.java:logGet(43)) - raft.server.log.appender.install.snapshot.enabled = false (custom)
2019-09-24 18:42:31,384 [pool-335-thread-1] INFO  storage.RaftStorageDirectory (RaftStorageDirectory.java:analyzeStorage(246)) - The storage directory /workdir/hadoop-ozone/integration-test/target/test-dir/MiniOzoneClusterImpl-22a6b2d7-7806-44d1-803e-00ff882747f6/datanode-4/data/ratis/992e64d1-bbf8-431c-aa8c-f2343f61eb5a does not exist. Creating ...
2019-09-24 18:42:31,384 [pool-355-thread-1] INFO  impl.RaftServerImpl (ServerState.java:<init>(103)) - bfedd7ac-20a7-41ea-98ab-a94e8334a7fe@group-F2343F61EB5A: ConfigurationManager, init=-1: [bfedd7ac-20a7-41ea-98ab-a94e8334a7fe:192.168.36.84:46718, ff3e2dbf-fbd7-44c8-b920-6245688f6c83:192.168.36.84:44531, 8e1599e9-105d-4dd4-a052-d21668a40b75:192.168.36.84:44254], old=null, confs=<EMPTY_MAP>
2019-09-24 18:42:31,384 [pool-355-thread-1] INFO  server.RaftServerConfigKeys (ConfUtils.java:logGet(43)) - raft.server.storage.dir = [/workdir/hadoop-ozone/integration-test/target/test-dir/MiniOzoneClusterImpl-22a6b2d7-7806-44d1-803e-00ff882747f6/datanode-6/data/ratis] (custom)
2019-09-24 18:42:31,385 [pool-355-thread-1] INFO  storage.RaftStorageDirectory (RaftStorageDirectory.java:analyzeStorage(246)) - The storage directory /workdir/hadoop-ozone/integration-test/target/test-dir/MiniOzoneClusterImpl-22a6b2d7-7806-44d1-803e-00ff882747f6/datanode-6/data/ratis/992e64d1-bbf8-431c-aa8c-f2343f61eb5a does not exist. Creating ...
2019-09-24 18:42:33,502 [Thread-2091] INFO  impl.FollowerState (FollowerState.java:run(106)) - 7b72c5b6-58c5-41fb-b862-72fab3aeee95:group-FAA2CF419C5C changes to CANDIDATE, lastRpcTime:5150, electionTimeout:5150ms
2019-09-24 18:42:33,503 [Thread-2091] INFO  impl.RoleInfo (RoleInfo.java:shutdownFollowerState(121)) - 7b72c5b6-58c5-41fb-b862-72fab3aeee95: shutdown FollowerState
2019-09-24 18:42:33,503 [Thread-2091] INFO  impl.RaftServerImpl (RaftServerImpl.java:setRole(174)) - 7b72c5b6-58c5-41fb-b862-72fab3aeee95@group-FAA2CF419C5C: changes role from  FOLLOWER to CANDIDATE at term 0 for changeToCandidate
2019-09-24 18:42:33,503 [Thread-2091] INFO  impl.RoleInfo (RoleInfo.java:updateAndGet(143)) - 7b72c5b6-58c5-41fb-b862-72fab3aeee95: start LeaderElection
2019-09-24 18:42:33,567 [pool-355-thread-1] INFO  storage.RaftStorageDirectory (RaftStorageDirectory.java:tryLock(328)) - Lock on /workdir/hadoop-ozone/integration-test/target/test-dir/MiniOzoneClusterImpl-22a6b2d7-7806-44d1-803e-00ff882747f6/datanode-6/data/ratis/992e64d1-bbf8-431c-aa8c-f2343f61eb5a/in_use.lock acquired by nodename 32065@pr-hdds-2171-6l6hb-1841322612
2019-09-24 18:42:33,567 [pool-305-thread-1] INFO  storage.RaftStorageDirectory (RaftStorageDirectory.java:tryLock(328)) - Lock on /workdir/hadoop-ozone/integration-test/target/test-dir/MiniOzoneClusterImpl-22a6b2d7-7806-44d1-803e-00ff882747f6/datanode-1/data/ratis/898f9f76-f999-4043-8021-2cf3c92598c3/in_use.lock acquired by nodename 32065@pr-hdds-2171-6l6hb-1841322612
2019-09-24 18:42:33,567 [pool-335-thread-1] INFO  storage.RaftStorageDirectory (RaftStorageDirectory.java:tryLock(328)) - Lock on /workdir/hadoop-ozone/integration-test/target/test-dir/MiniOzoneClusterImpl-22a6b2d7-7806-44d1-803e-00ff882747f6/datanode-4/data/ratis/992e64d1-bbf8-431c-aa8c-f2343f61eb5a/in_use.lock acquired by nodename 32065@pr-hdds-2171-6l6hb-1841322612
2019-09-24 18:42:33,569 [7b72c5b6-58c5-41fb-b862-72fab3aeee95@group-FAA2CF419C5C:LeaderElection59] INFO  impl.LeaderElection (LeaderElection.java:askForVotes(182)) - 7b72c5b6-58c5-41fb-b862-72fab3aeee95@group-FAA2CF419C5C:LeaderElection59: begin an election at term 1 for -1: [7b72c5b6-58c5-41fb-b862-72fab3aeee95:192.168.36.84:38222], old=null
2019-09-24 18:42:33,569 [7b72c5b6-58c5-41fb-b862-72fab3aeee95@group-FAA2CF419C5C:LeaderElection59] INFO  impl.RoleInfo (RoleInfo.java:shutdownLeaderElection(134)) - 7b72c5b6-58c5-41fb-b862-72fab3aeee95: shutdown LeaderElection
2019-09-24 18:42:33,570 [7b72c5b6-58c5-41fb-b862-72fab3aeee95@group-FAA2CF419C5C:LeaderElection59] INFO  impl.RaftServerImpl (RaftServerImpl.java:setRole(174)) - 7b72c5b6-58c5-41fb-b862-72fab3aeee95@group-FAA2CF419C5C: changes role from CANDIDATE to LEADER at term 1 for changeToLeader
2019-09-24 18:42:33,570 [7b72c5b6-58c5-41fb-b862-72fab3aeee95@group-FAA2CF419C5C:LeaderElection59] INFO  impl.RaftServerImpl (ServerState.java:setLeader(253)) - 7b72c5b6-58c5-41fb-b862-72fab3aeee95@group-FAA2CF419C5C: change Leader from null to 7b72c5b6-58c5-41fb-b862-72fab3aeee95 at term 1 for becomeLeader, leader elected after 5232ms
2019-09-24 18:42:33,570 [7b72c5b6-58c5-41fb-b862-72fab3aeee95@group-FAA2CF419C5C:LeaderElection59] INFO  server.RaftServerConfigKeys (ConfUtils.java:logGet(43)) - raft.server.staging.catchup.gap = 1000 (default)
2019-09-24 18:42:33,570 [7b72c5b6-58c5-41fb-b862-72fab3aeee95@group-FAA2CF419C5C:LeaderElection59] INFO  server.RaftServerConfigKeys (ConfUtils.java:logGet(43)) - raft.server.rpc.sleep.time = 25ms (default)
2019-09-24 18:42:33,570 [7b72c5b6-58c5-41fb-b862-72fab3aeee95@group-FAA2CF419C5C:LeaderElection59] INFO  server.RaftServerConfigKeys (ConfUtils.java:logGet(43)) - raft.server.write.element-limit = 4096 (default)
2019-09-24 18:42:33,571 [7b72c5b6-58c5-41fb-b862-72fab3aeee95@group-FAA2CF419C5C:LeaderElection59] INFO  server.RaftServerConfigKeys (ConfUtils.java:logGet(43)) - raft.server.watch.timeout = 10s (default)
2019-09-24 18:42:33,571 [7b72c5b6-58c5-41fb-b862-72fab3aeee95@group-FAA2CF419C5C:LeaderElection59] INFO  server.RaftServerConfigKeys (ConfUtils.java:logGet(43)) - raft.server.watch.timeout.denomination = 1s (default)
2019-09-24 18:42:33,571 [7b72c5b6-58c5-41fb-b862-72fab3aeee95@group-FAA2CF419C5C:LeaderElection59] INFO  server.RaftServerConfigKeys (ConfUtils.java:logGet(43)) - raft.server.watch.element-limit = 65536 (default)
2019-09-24 18:42:33,574 [7b72c5b6-58c5-41fb-b862-72fab3aeee95@group-FAA2CF419C5C:LeaderElection59] INFO  impl.RoleInfo (RoleInfo.java:updateAndGet(143)) - 7b72c5b6-58c5-41fb-b862-72fab3aeee95: start LeaderState
2019-09-24 18:42:33,574 [7b72c5b6-58c5-41fb-b862-72fab3aeee95@group-FAA2CF419C5C:LeaderElection59] INFO  segmented.SegmentedRaftLogWorker (SegmentedRaftLogWorker.java:startLogSegment(380)) - 7b72c5b6-58c5-41fb-b862-72fab3aeee95@group-FAA2CF419C5C-SegmentedRaftLogWorker: Starting segment from index:0
2019-09-24 18:42:33,575 [7b72c5b6-58c5-41fb-b862-72fab3aeee95@group-FAA2CF419C5C:LeaderElection59] INFO  impl.RaftServerImpl (ServerState.java:setRaftConf(354)) - 7b72c5b6-58c5-41fb-b862-72fab3aeee95@group-FAA2CF419C5C: set configuration 0: [7b72c5b6-58c5-41fb-b862-72fab3aeee95:192.168.36.84:38222], old=null at 0
2019-09-24 18:42:34,376 [RATISCREATEPIPELINE3] ERROR pipeline.RatisPipelineProvider (RatisPipelineProvider.java:lambda$null$5(235)) - Failed invoke Ratis rpc org.apache.hadoop.hdds.scm.pipeline.RatisPipelineProvider$$Lambda$187/923374524@593817dc for ff3e2dbf-fbd7-44c8-b920-6245688f6c83
org.apache.ratis.protocol.TimeoutIOException: deadline exceeded after 2999834035ns
	at org.apache.ratis.grpc.GrpcUtil.tryUnwrapException(GrpcUtil.java:82)
	at org.apache.ratis.grpc.GrpcUtil.unwrapException(GrpcUtil.java:75)
	at org.apache.ratis.grpc.client.GrpcClientProtocolClient.blockingCall(GrpcClientProtocolClient.java:178)
	at org.apache.ratis.grpc.client.GrpcClientProtocolClient.groupAdd(GrpcClientProtocolClient.java:147)
	at org.apache.ratis.grpc.client.GrpcClientRpc.sendRequest(GrpcClientRpc.java:94)
	at org.apache.ratis.client.impl.RaftClientImpl.sendRequest(RaftClientImpl.java:278)
	at org.apache.ratis.client.impl.RaftClientImpl.groupAdd(RaftClientImpl.java:205)
	at org.apache.hadoop.hdds.scm.pipeline.RatisPipelineProvider.lambda$initializePipeline$4(RatisPipelineProvider.java:196)
	at org.apache.hadoop.hdds.scm.pipeline.RatisPipelineProvider.lambda$null$5(RatisPipelineProvider.java:231)
	at java.util.stream.ForEachOps$ForEachOp$OfRef.accept(ForEachOps.java:184)
	at java.util.ArrayList$ArrayListSpliterator.forEachRemaining(ArrayList.java:1382)
	at java.util.stream.AbstractPipeline.copyInto(AbstractPipeline.java:482)
	at java.util.stream.ForEachOps$ForEachTask.compute(ForEachOps.java:291)
	at java.util.concurrent.CountedCompleter.exec(CountedCompleter.java:731)
	at java.util.concurrent.ForkJoinTask.doExec(ForkJoinTask.java:289)
	at java.util.concurrent.ForkJoinPool$WorkQueue.runTask(ForkJoinPool.java:1056)
	at java.util.concurrent.ForkJoinPool.runWorker(ForkJoinPool.java:1692)
	at java.util.concurrent.ForkJoinWorkerThread.run(ForkJoinWorkerThread.java:157)
Caused by: org.apache.ratis.thirdparty.io.grpc.StatusRuntimeException: DEADLINE_EXCEEDED: deadline exceeded after 2999834035ns
	at org.apache.ratis.thirdparty.io.grpc.stub.ClientCalls.toStatusRuntimeException(ClientCalls.java:233)
	at org.apache.ratis.thirdparty.io.grpc.stub.ClientCalls.getUnchecked(ClientCalls.java:214)
	at org.apache.ratis.thirdparty.io.grpc.stub.ClientCalls.blockingUnaryCall(ClientCalls.java:139)
	at org.apache.ratis.proto.grpc.AdminProtocolServiceGrpc$AdminProtocolServiceBlockingStub.groupManagement(AdminProtocolServiceGrpc.java:274)
	at org.apache.ratis.grpc.client.GrpcClientProtocolClient.lambda$groupAdd$3(GrpcClientProtocolClient.java:149)
	at org.apache.ratis.grpc.client.GrpcClientProtocolClient.blockingCall(GrpcClientProtocolClient.java:176)
	... 15 more
2019-09-24 18:42:34,377 [RATISCREATEPIPELINE1] ERROR pipeline.RatisPipelineProvider (RatisPipelineProvider.java:lambda$null$5(235)) - Failed invoke Ratis rpc org.apache.hadoop.hdds.scm.pipeline.RatisPipelineProvider$$Lambda$187/923374524@593817dc for bfedd7ac-20a7-41ea-98ab-a94e8334a7fe
org.apache.ratis.protocol.TimeoutIOException: deadline exceeded after 2999849956ns
	at org.apache.ratis.grpc.GrpcUtil.tryUnwrapException(GrpcUtil.java:82)
	at org.apache.ratis.grpc.GrpcUtil.unwrapException(GrpcUtil.java:75)
	at org.apache.ratis.grpc.client.GrpcClientProtocolClient.blockingCall(GrpcClientProtocolClient.java:178)
	at org.apache.ratis.grpc.client.GrpcClientProtocolClient.groupAdd(GrpcClientProtocolClient.java:147)
	at org.apache.ratis.grpc.client.GrpcClientRpc.sendRequest(GrpcClientRpc.java:94)
	at org.apache.ratis.client.impl.RaftClientImpl.sendRequest(RaftClientImpl.java:278)
	at org.apache.ratis.client.impl.RaftClientImpl.groupAdd(RaftClientImpl.java:205)
	at org.apache.hadoop.hdds.scm.pipeline.RatisPipelineProvider.lambda$initializePipeline$4(RatisPipelineProvider.java:196)
	at org.apache.hadoop.hdds.scm.pipeline.RatisPipelineProvider.lambda$null$5(RatisPipelineProvider.java:231)
	at java.util.stream.ForEachOps$ForEachOp$OfRef.accept(ForEachOps.java:184)
	at java.util.ArrayList$ArrayListSpliterator.forEachRemaining(ArrayList.java:1382)
	at java.util.stream.AbstractPipeline.copyInto(AbstractPipeline.java:482)
	at java.util.stream.ForEachOps$ForEachTask.compute(ForEachOps.java:291)
	at java.util.concurrent.CountedCompleter.exec(CountedCompleter.java:731)
	at java.util.concurrent.ForkJoinTask.doExec(ForkJoinTask.java:289)
	at java.util.concurrent.ForkJoinTask.doInvoke(ForkJoinTask.java:401)
	at java.util.concurrent.ForkJoinTask.invoke(ForkJoinTask.java:734)
	at java.util.stream.ForEachOps$ForEachOp.evaluateParallel(ForEachOps.java:160)
	at java.util.stream.ForEachOps$ForEachOp$OfRef.evaluateParallel(ForEachOps.java:174)
	at java.util.stream.AbstractPipeline.evaluate(AbstractPipeline.java:233)
	at java.util.stream.ReferencePipeline.forEach(ReferencePipeline.java:418)
	at java.util.stream.ReferencePipeline$Head.forEach(ReferencePipeline.java:583)
	at org.apache.hadoop.hdds.scm.pipeline.RatisPipelineProvider.lambda$callRatisRpc$6(RatisPipelineProvider.java:225)
	at java.util.concurrent.ForkJoinTask$AdaptedRunnableAction.exec(ForkJoinTask.java:1386)
	at java.util.concurrent.ForkJoinTask.doExec(ForkJoinTask.java:289)
	at java.util.concurrent.ForkJoinPool$WorkQueue.runTask(ForkJoinPool.java:1056)
	at java.util.concurrent.ForkJoinPool.runWorker(ForkJoinPool.java:1692)
	at java.util.concurrent.ForkJoinWorkerThread.run(ForkJoinWorkerThread.java:157)
Caused by: org.apache.ratis.thirdparty.io.grpc.StatusRuntimeException: DEADLINE_EXCEEDED: deadline exceeded after 2999849956ns
	at org.apache.ratis.thirdparty.io.grpc.stub.ClientCalls.toStatusRuntimeException(ClientCalls.java:233)
	at org.apache.ratis.thirdparty.io.grpc.stub.ClientCalls.getUnchecked(ClientCalls.java:214)
	at org.apache.ratis.thirdparty.io.grpc.stub.ClientCalls.blockingUnaryCall(ClientCalls.java:139)
	at org.apache.ratis.proto.grpc.AdminProtocolServiceGrpc$AdminProtocolServiceBlockingStub.groupManagement(AdminProtocolServiceGrpc.java:274)
	at org.apache.ratis.grpc.client.GrpcClientProtocolClient.lambda$groupAdd$3(GrpcClientProtocolClient.java:149)
	at org.apache.ratis.grpc.client.GrpcClientProtocolClient.blockingCall(GrpcClientProtocolClient.java:176)
	... 25 more
2019-09-24 18:42:34,376 [RATISCREATEPIPELINE2] ERROR pipeline.RatisPipelineProvider (RatisPipelineProvider.java:lambda$null$5(235)) - Failed invoke Ratis rpc org.apache.hadoop.hdds.scm.pipeline.RatisPipelineProvider$$Lambda$187/923374524@593817dc for 8e1599e9-105d-4dd4-a052-d21668a40b75
org.apache.ratis.protocol.TimeoutIOException: deadline exceeded after 2999847511ns
	at org.apache.ratis.grpc.GrpcUtil.tryUnwrapException(GrpcUtil.java:82)
	at org.apache.ratis.grpc.GrpcUtil.unwrapException(GrpcUtil.java:75)
	at org.apache.ratis.grpc.client.GrpcClientProtocolClient.blockingCall(GrpcClientProtocolClient.java:178)
	at org.apache.ratis.grpc.client.GrpcClientProtocolClient.groupAdd(GrpcClientProtocolClient.java:147)
	at org.apache.ratis.grpc.client.GrpcClientRpc.sendRequest(GrpcClientRpc.java:94)
	at org.apache.ratis.client.impl.RaftClientImpl.sendRequest(RaftClientImpl.java:278)
	at org.apache.ratis.client.impl.RaftClientImpl.groupAdd(RaftClientImpl.java:205)
	at org.apache.hadoop.hdds.scm.pipeline.RatisPipelineProvider.lambda$initializePipeline$4(RatisPipelineProvider.java:196)
	at org.apache.hadoop.hdds.scm.pipeline.RatisPipelineProvider.lambda$null$5(RatisPipelineProvider.java:231)
	at java.util.stream.ForEachOps$ForEachOp$OfRef.accept(ForEachOps.java:184)
	at java.util.ArrayList$ArrayListSpliterator.forEachRemaining(ArrayList.java:1382)
	at java.util.stream.AbstractPipeline.copyInto(AbstractPipeline.java:482)
	at java.util.stream.ForEachOps$ForEachTask.compute(ForEachOps.java:291)
	at java.util.concurrent.CountedCompleter.exec(CountedCompleter.java:731)
	at java.util.concurrent.ForkJoinTask.doExec(ForkJoinTask.java:289)
	at java.util.concurrent.ForkJoinPool$WorkQueue.runTask(ForkJoinPool.java:1056)
	at java.util.concurrent.ForkJoinPool.runWorker(ForkJoinPool.java:1692)
	at java.util.concurrent.ForkJoinWorkerThread.run(ForkJoinWorkerThread.java:157)
Caused by: org.apache.ratis.thirdparty.io.grpc.StatusRuntimeException: DEADLINE_EXCEEDED: deadline exceeded after 2999847511ns
	at org.apache.ratis.thirdparty.io.grpc.stub.ClientCalls.toStatusRuntimeException(ClientCalls.java:233)
	at org.apache.ratis.thirdparty.io.grpc.stub.ClientCalls.getUnchecked(ClientCalls.java:214)
	at org.apache.ratis.thirdparty.io.grpc.stub.ClientCalls.blockingUnaryCall(ClientCalls.java:139)
	at org.apache.ratis.proto.grpc.AdminProtocolServiceGrpc$AdminProtocolServiceBlockingStub.groupManagement(AdminProtocolServiceGrpc.java:274)
	at org.apache.ratis.grpc.client.GrpcClientProtocolClient.lambda$groupAdd$3(GrpcClientProtocolClient.java:149)
	at org.apache.ratis.grpc.client.GrpcClientProtocolClient.blockingCall(GrpcClientProtocolClient.java:176)
	... 15 more
2019-09-24 18:42:34,395 [grpc-default-executor-13] INFO  impl.RaftServerProxy (RaftServerProxy.java:addNew(89)) - 8e1599e9-105d-4dd4-a052-d21668a40b75: addNew group-9DBFF3FC8B40:[bfedd7ac-20a7-41ea-98ab-a94e8334a7fe:192.168.36.84:46718, ff3e2dbf-fbd7-44c8-b920-6245688f6c83:192.168.36.84:44531, 8e1599e9-105d-4dd4-a052-d21668a40b75:192.168.36.84:44254] returns group-9DBFF3FC8B40:java.util.concurrent.CompletableFuture@6612be77[Not completed]
2019-09-24 18:42:34,395 [grpc-default-executor-6] INFO  impl.RaftServerProxy (RaftServerProxy.java:addNew(89)) - ff3e2dbf-fbd7-44c8-b920-6245688f6c83: addNew group-9DBFF3FC8B40:[bfedd7ac-20a7-41ea-98ab-a94e8334a7fe:192.168.36.84:46718, ff3e2dbf-fbd7-44c8-b920-6245688f6c83:192.168.36.84:44531, 8e1599e9-105d-4dd4-a052-d21668a40b75:192.168.36.84:44254] returns group-9DBFF3FC8B40:java.util.concurrent.CompletableFuture@5c95738a[Not completed]
2019-09-24 18:42:34,396 [grpc-default-executor-12] INFO  impl.RaftServerProxy (RaftServerProxy.java:addNew(89)) - bfedd7ac-20a7-41ea-98ab-a94e8334a7fe: addNew group-9DBFF3FC8B40:[bfedd7ac-20a7-41ea-98ab-a94e8334a7fe:192.168.36.84:46718, ff3e2dbf-fbd7-44c8-b920-6245688f6c83:192.168.36.84:44531, 8e1599e9-105d-4dd4-a052-d21668a40b75:192.168.36.84:44254] returns group-9DBFF3FC8B40:java.util.concurrent.CompletableFuture@61b5c5ec[Not completed]
2019-09-24 18:42:37,396 [RATISCREATEPIPELINE3] ERROR pipeline.RatisPipelineProvider (RatisPipelineProvider.java:lambda$null$5(235)) - Failed invoke Ratis rpc org.apache.hadoop.hdds.scm.pipeline.RatisPipelineProvider$$Lambda$187/923374524@787adcd6 for ff3e2dbf-fbd7-44c8-b920-6245688f6c83
org.apache.ratis.protocol.TimeoutIOException: deadline exceeded after 2999843622ns
	at org.apache.ratis.grpc.GrpcUtil.tryUnwrapException(GrpcUtil.java:82)
	at org.apache.ratis.grpc.GrpcUtil.unwrapException(GrpcUtil.java:75)
	at org.apache.ratis.grpc.client.GrpcClientProtocolClient.blockingCall(GrpcClientProtocolClient.java:178)
	at org.apache.ratis.grpc.client.GrpcClientProtocolClient.groupAdd(GrpcClientProtocolClient.java:147)
	at org.apache.ratis.grpc.client.GrpcClientRpc.sendRequest(GrpcClientRpc.java:94)
	at org.apache.ratis.client.impl.RaftClientImpl.sendRequest(RaftClientImpl.java:278)
	at org.apache.ratis.client.impl.RaftClientImpl.groupAdd(RaftClientImpl.java:205)
	at org.apache.hadoop.hdds.scm.pipeline.RatisPipelineProvider.lambda$initializePipeline$4(RatisPipelineProvider.java:196)
	at org.apache.hadoop.hdds.scm.pipeline.RatisPipelineProvider.lambda$null$5(RatisPipelineProvider.java:231)
	at java.util.stream.ForEachOps$ForEachOp$OfRef.accept(ForEachOps.java:184)
	at java.util.ArrayList$ArrayListSpliterator.forEachRemaining(ArrayList.java:1382)
	at java.util.stream.AbstractPipeline.copyInto(AbstractPipeline.java:482)
	at java.util.stream.ForEachOps$ForEachTask.compute(ForEachOps.java:291)
	at java.util.concurrent.CountedCompleter.exec(CountedCompleter.java:731)
	at java.util.concurrent.ForkJoinTask.doExec(ForkJoinTask.java:289)
	at java.util.concurrent.ForkJoinPool$WorkQueue.runTask(ForkJoinPool.java:1056)
	at java.util.concurrent.ForkJoinPool.runWorker(ForkJoinPool.java:1692)
	at java.util.concurrent.ForkJoinWorkerThread.run(ForkJoinWorkerThread.java:157)
Caused by: org.apache.ratis.thirdparty.io.grpc.StatusRuntimeException: DEADLINE_EXCEEDED: deadline exceeded after 2999843622ns
	at org.apache.ratis.thirdparty.io.grpc.stub.ClientCalls.toStatusRuntimeException(ClientCalls.java:233)
	at org.apache.ratis.thirdparty.io.grpc.stub.ClientCalls.getUnchecked(ClientCalls.java:214)
	at org.apache.ratis.thirdparty.io.grpc.stub.ClientCalls.blockingUnaryCall(ClientCalls.java:139)
	at org.apache.ratis.proto.grpc.AdminProtocolServiceGrpc$AdminProtocolServiceBlockingStub.groupManagement(AdminProtocolServiceGrpc.java:274)
	at org.apache.ratis.grpc.client.GrpcClientProtocolClient.lambda$groupAdd$3(GrpcClientProtocolClient.java:149)
	at org.apache.ratis.grpc.client.GrpcClientProtocolClient.blockingCall(GrpcClientProtocolClient.java:176)
	... 15 more
2019-09-24 18:42:37,396 [RATISCREATEPIPELINE1] ERROR pipeline.RatisPipelineProvider (RatisPipelineProvider.java:lambda$null$5(235)) - Failed invoke Ratis rpc org.apache.hadoop.hdds.scm.pipeline.RatisPipelineProvider$$Lambda$187/923374524@787adcd6 for bfedd7ac-20a7-41ea-98ab-a94e8334a7fe
org.apache.ratis.protocol.TimeoutIOException: deadline exceeded after 2999877206ns
	at org.apache.ratis.grpc.GrpcUtil.tryUnwrapException(GrpcUtil.java:82)
	at org.apache.ratis.grpc.GrpcUtil.unwrapException(GrpcUtil.java:75)
	at org.apache.ratis.grpc.client.GrpcClientProtocolClient.blockingCall(GrpcClientProtocolClient.java:178)
	at org.apache.ratis.grpc.client.GrpcClientProtocolClient.groupAdd(GrpcClientProtocolClient.java:147)
	at org.apache.ratis.grpc.client.GrpcClientRpc.sendRequest(GrpcClientRpc.java:94)
	at org.apache.ratis.client.impl.RaftClientImpl.sendRequest(RaftClientImpl.java:278)
	at org.apache.ratis.client.impl.RaftClientImpl.groupAdd(RaftClientImpl.java:205)
	at org.apache.hadoop.hdds.scm.pipeline.RatisPipelineProvider.lambda$initializePipeline$4(RatisPipelineProvider.java:196)
	at org.apache.hadoop.hdds.scm.pipeline.RatisPipelineProvider.lambda$null$5(RatisPipelineProvider.java:231)
	at java.util.stream.ForEachOps$ForEachOp$OfRef.accept(ForEachOps.java:184)
	at java.util.ArrayList$ArrayListSpliterator.forEachRemaining(ArrayList.java:1382)
	at java.util.stream.AbstractPipeline.copyInto(AbstractPipeline.java:482)
	at java.util.stream.ForEachOps$ForEachTask.compute(ForEachOps.java:291)
	at java.util.concurrent.CountedCompleter.exec(CountedCompleter.java:731)
	at java.util.concurrent.ForkJoinTask.doExec(ForkJoinTask.java:289)
	at java.util.concurrent.ForkJoinTask.doInvoke(ForkJoinTask.java:401)
	at java.util.concurrent.ForkJoinTask.invoke(ForkJoinTask.java:734)
	at java.util.stream.ForEachOps$ForEachOp.evaluateParallel(ForEachOps.java:160)
	at java.util.stream.ForEachOps$ForEachOp$OfRef.evaluateParallel(ForEachOps.java:174)
	at java.util.stream.AbstractPipeline.evaluate(AbstractPipeline.java:233)
	at java.util.stream.ReferencePipeline.forEach(ReferencePipeline.java:418)
	at java.util.stream.ReferencePipeline$Head.forEach(ReferencePipeline.java:583)
	at org.apache.hadoop.hdds.scm.pipeline.RatisPipelineProvider.lambda$callRatisRpc$6(RatisPipelineProvider.java:225)
	at java.util.concurrent.ForkJoinTask$AdaptedRunnableAction.exec(ForkJoinTask.java:1386)
	at java.util.concurrent.ForkJoinTask.doExec(ForkJoinTask.java:289)
	at java.util.concurrent.ForkJoinPool$WorkQueue.runTask(ForkJoinPool.java:1056)
	at java.util.concurrent.ForkJoinPool.runWorker(ForkJoinPool.java:1692)
	at java.util.concurrent.ForkJoinWorkerThread.run(ForkJoinWorkerThread.java:157)
Caused by: org.apache.ratis.thirdparty.io.grpc.StatusRuntimeException: DEADLINE_EXCEEDED: deadline exceeded after 2999877206ns
	at org.apache.ratis.thirdparty.io.grpc.stub.ClientCalls.toStatusRuntimeException(ClientCalls.java:233)
	at org.apache.ratis.thirdparty.io.grpc.stub.ClientCalls.getUnchecked(ClientCalls.java:214)
	at org.apache.ratis.thirdparty.io.grpc.stub.ClientCalls.blockingUnaryCall(ClientCalls.java:139)
	at org.apache.ratis.proto.grpc.AdminProtocolServiceGrpc$AdminProtocolServiceBlockingStub.groupManagement(AdminProtocolServiceGrpc.java:274)
	at org.apache.ratis.grpc.client.GrpcClientProtocolClient.lambda$groupAdd$3(GrpcClientProtocolClient.java:149)
	at org.apache.ratis.grpc.client.GrpcClientProtocolClient.blockingCall(GrpcClientProtocolClient.java:176)
	... 25 more
2019-09-24 18:42:37,396 [RATISCREATEPIPELINE2] ERROR pipeline.RatisPipelineProvider (RatisPipelineProvider.java:lambda$null$5(235)) - Failed invoke Ratis rpc org.apache.hadoop.hdds.scm.pipeline.RatisPipelineProvider$$Lambda$187/923374524@787adcd6 for 8e1599e9-105d-4dd4-a052-d21668a40b75
org.apache.ratis.protocol.TimeoutIOException: deadline exceeded after 2999846141ns
	at org.apache.ratis.grpc.GrpcUtil.tryUnwrapException(GrpcUtil.java:82)
	at org.apache.ratis.grpc.GrpcUtil.unwrapException(GrpcUtil.java:75)
	at org.apache.ratis.grpc.client.GrpcClientProtocolClient.blockingCall(GrpcClientProtocolClient.java:178)
	at org.apache.ratis.grpc.client.GrpcClientProtocolClient.groupAdd(GrpcClientProtocolClient.java:147)
	at org.apache.ratis.grpc.client.GrpcClientRpc.sendRequest(GrpcClientRpc.java:94)
	at org.apache.ratis.client.impl.RaftClientImpl.sendRequest(RaftClientImpl.java:278)
	at org.apache.ratis.client.impl.RaftClientImpl.groupAdd(RaftClientImpl.java:205)
	at org.apache.hadoop.hdds.scm.pipeline.RatisPipelineProvider.lambda$initializePipeline$4(RatisPipelineProvider.java:196)
	at org.apache.hadoop.hdds.scm.pipeline.RatisPipelineProvider.lambda$null$5(RatisPipelineProvider.java:231)
	at java.util.stream.ForEachOps$ForEachOp$OfRef.accept(ForEachOps.java:184)
	at java.util.ArrayList$ArrayListSpliterator.forEachRemaining(ArrayList.java:1382)
	at java.util.stream.AbstractPipeline.copyInto(AbstractPipeline.java:482)
	at java.util.stream.ForEachOps$ForEachTask.compute(ForEachOps.java:291)
	at java.util.concurrent.CountedCompleter.exec(CountedCompleter.java:731)
	at java.util.concurrent.ForkJoinTask.doExec(ForkJoinTask.java:289)
	at java.util.concurrent.ForkJoinPool$WorkQueue.runTask(ForkJoinPool.java:1056)
	at java.util.concurrent.ForkJoinPool.runWorker(ForkJoinPool.java:1692)
	at java.util.concurrent.ForkJoinWorkerThread.run(ForkJoinWorkerThread.java:157)
Caused by: org.apache.ratis.thirdparty.io.grpc.StatusRuntimeException: DEADLINE_EXCEEDED: deadline exceeded after 2999846141ns
	at org.apache.ratis.thirdparty.io.grpc.stub.ClientCalls.toStatusRuntimeException(ClientCalls.java:233)
	at org.apache.ratis.thirdparty.io.grpc.stub.ClientCalls.getUnchecked(ClientCalls.java:214)
	at org.apache.ratis.thirdparty.io.grpc.stub.ClientCalls.blockingUnaryCall(ClientCalls.java:139)
	at org.apache.ratis.proto.grpc.AdminProtocolServiceGrpc$AdminProtocolServiceBlockingStub.groupManagement(AdminProtocolServiceGrpc.java:274)
	at org.apache.ratis.grpc.client.GrpcClientProtocolClient.lambda$groupAdd$3(GrpcClientProtocolClient.java:149)
	at org.apache.ratis.grpc.client.GrpcClientProtocolClient.blockingCall(GrpcClientProtocolClient.java:176)
	... 15 more
2019-09-24 18:42:37,410 [IPC Server handler 3 on 37438] INFO  ipc.Server (Server.java:logException(2726)) - IPC Server handler 3 on 37438, call Call#1089 Retry#0 org.apache.hadoop.hdds.scm.protocol.StorageContainerLocationProtocol.allocateContainer from 192.168.36.84:59152
java.io.IOException: Could not allocate container. Cannot get any matching pipeline for Type:RATIS, Factor:THREE, State:PipelineState.OPEN
	at org.apache.hadoop.hdds.scm.container.ContainerStateManager.allocateContainer(ContainerStateManager.java:260)
	at org.apache.hadoop.hdds.scm.container.SCMContainerManager.allocateContainer(SCMContainerManager.java:247)
	at org.apache.hadoop.hdds.scm.server.SCMClientProtocolServer.allocateContainer(SCMClientProtocolServer.java:186)
	at org.apache.hadoop.ozone.protocolPB.StorageContainerLocationProtocolServerSideTranslatorPB.allocateContainer(StorageContainerLocationProtocolServerSideTranslatorPB.java:123)
	at org.apache.hadoop.hdds.protocol.proto.StorageContainerLocationProtocolProtos$StorageContainerLocationProtocolService$2.callBlockingMethod(StorageContainerLocationProtocolProtos.java:21239)
	at org.apache.hadoop.ipc.ProtobufRpcEngine$Server$ProtoBufRpcInvoker.call(ProtobufRpcEngine.java:524)
	at org.apache.hadoop.ipc.RPC$Server.call(RPC.java:1025)
	at org.apache.hadoop.ipc.Server$RpcCall.run(Server.java:876)
	at org.apache.hadoop.ipc.Server$RpcCall.run(Server.java:822)
	at java.security.AccessController.doPrivileged(Native Method)
	at javax.security.auth.Subject.doAs(Subject.java:422)
	at org.apache.hadoop.security.UserGroupInformation.doAs(UserGroupInformation.java:1730)
	at org.apache.hadoop.ipc.Server$Handler.run(Server.java:2682)
2019-09-24 18:42:37,423 [grpc-default-executor-13] INFO  impl.RaftServerProxy (RaftServerProxy.java:addNew(89)) - 8e1599e9-105d-4dd4-a052-d21668a40b75: addNew group-3CA1AB4C0192:[8e1599e9-105d-4dd4-a052-d21668a40b75:192.168.36.84:44254] returns group-3CA1AB4C0192:java.util.concurrent.CompletableFuture@272fb44c[Not completed]
]]></system-out>
    <system-err><![CDATA[Sep 24, 2019 6:42:27 PM org.apache.ratis.thirdparty.io.grpc.internal.ManagedChannelOrphanWrapper$ManagedChannelReference cleanQueue
SEVERE: *~*~*~ Channel ManagedChannelImpl{logId=2290, target=192.168.36.84:45939} was not shutdown properly!!! ~*~*~*
    Make sure to call shutdown()/shutdownNow() and wait until awaitTermination() returns true.
java.lang.RuntimeException: ManagedChannel allocation site
	at org.apache.ratis.thirdparty.io.grpc.internal.ManagedChannelOrphanWrapper$ManagedChannelReference.<init>(ManagedChannelOrphanWrapper.java:103)
	at org.apache.ratis.thirdparty.io.grpc.internal.ManagedChannelOrphanWrapper.<init>(ManagedChannelOrphanWrapper.java:53)
	at org.apache.ratis.thirdparty.io.grpc.internal.ManagedChannelOrphanWrapper.<init>(ManagedChannelOrphanWrapper.java:44)
	at org.apache.ratis.thirdparty.io.grpc.internal.AbstractManagedChannelImplBuilder.build(AbstractManagedChannelImplBuilder.java:411)
	at org.apache.ratis.grpc.client.GrpcClientProtocolClient.<init>(GrpcClientProtocolClient.java:127)
	at org.apache.ratis.grpc.client.GrpcClientRpc.lambda$new$0(GrpcClientRpc.java:55)
	at org.apache.ratis.util.PeerProxyMap$PeerAndProxy.lambda$getProxy$0(PeerProxyMap.java:61)
	at org.apache.ratis.util.LifeCycle.startAndTransition(LifeCycle.java:202)
	at org.apache.ratis.util.PeerProxyMap$PeerAndProxy.getProxy(PeerProxyMap.java:60)
	at org.apache.ratis.util.PeerProxyMap.getProxy(PeerProxyMap.java:108)
	at org.apache.ratis.grpc.client.GrpcClientRpc.sendRequestAsyncUnordered(GrpcClientRpc.java:78)
	at org.apache.ratis.client.impl.UnorderedAsync.sendRequestWithRetry(UnorderedAsync.java:75)
	at org.apache.ratis.client.impl.UnorderedAsync.lambda$null$2(UnorderedAsync.java:120)
	at org.apache.ratis.util.TimeoutScheduler.lambda$onTimeout$0(TimeoutScheduler.java:113)
	at org.apache.ratis.util.TimeoutScheduler.lambda$onTimeout$1(TimeoutScheduler.java:133)
	at org.apache.ratis.util.LogUtils.runAndLog(LogUtils.java:50)
	at org.apache.ratis.util.LogUtils$1.run(LogUtils.java:91)
	at java.util.concurrent.Executors$RunnableAdapter.call(Executors.java:511)
	at java.util.concurrent.FutureTask.run(FutureTask.java:266)
	at java.util.concurrent.ScheduledThreadPoolExecutor$ScheduledFutureTask.access$201(ScheduledThreadPoolExecutor.java:180)
	at java.util.concurrent.ScheduledThreadPoolExecutor$ScheduledFutureTask.run(ScheduledThreadPoolExecutor.java:293)
	at java.util.concurrent.ThreadPoolExecutor.runWorker(ThreadPoolExecutor.java:1149)
	at java.util.concurrent.ThreadPoolExecutor$Worker.run(ThreadPoolExecutor.java:624)
	at java.lang.Thread.run(Thread.java:748)

Sep 24, 2019 6:42:27 PM org.apache.ratis.thirdparty.io.grpc.internal.ManagedChannelOrphanWrapper$ManagedChannelReference cleanQueue
SEVERE: *~*~*~ Channel ManagedChannelImpl{logId=1911, target=192.168.36.84:35200} was not shutdown properly!!! ~*~*~*
    Make sure to call shutdown()/shutdownNow() and wait until awaitTermination() returns true.
java.lang.RuntimeException: ManagedChannel allocation site
	at org.apache.ratis.thirdparty.io.grpc.internal.ManagedChannelOrphanWrapper$ManagedChannelReference.<init>(ManagedChannelOrphanWrapper.java:103)
	at org.apache.ratis.thirdparty.io.grpc.internal.ManagedChannelOrphanWrapper.<init>(ManagedChannelOrphanWrapper.java:53)
	at org.apache.ratis.thirdparty.io.grpc.internal.ManagedChannelOrphanWrapper.<init>(ManagedChannelOrphanWrapper.java:44)
	at org.apache.ratis.thirdparty.io.grpc.internal.AbstractManagedChannelImplBuilder.build(AbstractManagedChannelImplBuilder.java:411)
	at org.apache.ratis.grpc.client.GrpcClientProtocolClient.<init>(GrpcClientProtocolClient.java:127)
	at org.apache.ratis.grpc.client.GrpcClientRpc.lambda$new$0(GrpcClientRpc.java:55)
	at org.apache.ratis.util.PeerProxyMap$PeerAndProxy.lambda$getProxy$0(PeerProxyMap.java:61)
	at org.apache.ratis.util.LifeCycle.startAndTransition(LifeCycle.java:202)
	at org.apache.ratis.util.PeerProxyMap$PeerAndProxy.getProxy(PeerProxyMap.java:60)
	at org.apache.ratis.util.PeerProxyMap.getProxy(PeerProxyMap.java:108)
	at org.apache.ratis.grpc.client.GrpcClientRpc.sendRequestAsyncUnordered(GrpcClientRpc.java:78)
	at org.apache.ratis.client.impl.UnorderedAsync.sendRequestWithRetry(UnorderedAsync.java:75)
	at org.apache.ratis.client.impl.UnorderedAsync.lambda$null$2(UnorderedAsync.java:120)
	at org.apache.ratis.util.TimeoutScheduler.lambda$onTimeout$0(TimeoutScheduler.java:113)
	at org.apache.ratis.util.TimeoutScheduler.lambda$onTimeout$1(TimeoutScheduler.java:133)
	at org.apache.ratis.util.LogUtils.runAndLog(LogUtils.java:50)
	at org.apache.ratis.util.LogUtils$1.run(LogUtils.java:91)
	at java.util.concurrent.Executors$RunnableAdapter.call(Executors.java:511)
	at java.util.concurrent.FutureTask.run(FutureTask.java:266)
	at java.util.concurrent.ScheduledThreadPoolExecutor$ScheduledFutureTask.access$201(ScheduledThreadPoolExecutor.java:180)
	at java.util.concurrent.ScheduledThreadPoolExecutor$ScheduledFutureTask.run(ScheduledThreadPoolExecutor.java:293)
	at java.util.concurrent.ThreadPoolExecutor.runWorker(ThreadPoolExecutor.java:1149)
	at java.util.concurrent.ThreadPoolExecutor$Worker.run(ThreadPoolExecutor.java:624)
	at java.lang.Thread.run(Thread.java:748)

]]></system-err>
  </testcase>
  <testcase name="test2WayCommitForTimeoutException" classname="org.apache.hadoop.ozone.client.rpc.TestWatchForCommit" time="47.82">
    <error message="org.apache.ratis.protocol.RaftRetryFailureException: Failed RaftClientRequest:client-C8951615A3C3-&gt;75085931-92b1-4873-b3f1-0c98c0c26420@group-24E0F0C309DD, cid=96, seq=1*, RW, org.apache.hadoop.hdds.scm.XceiverClientRatis$$Lambda$387/1238568047@6c1036e2 for 20 attempts with RetryLimited(maxAttempts=20, sleepTime=1000ms)" type="java.util.concurrent.ExecutionException">java.util.concurrent.ExecutionException: org.apache.ratis.protocol.RaftRetryFailureException: Failed RaftClientRequest:client-C8951615A3C3->75085931-92b1-4873-b3f1-0c98c0c26420@group-24E0F0C309DD, cid=96, seq=1*, RW, org.apache.hadoop.hdds.scm.XceiverClientRatis$$Lambda$387/1238568047@6c1036e2 for 20 attempts with RetryLimited(maxAttempts=20, sleepTime=1000ms)
	at java.util.concurrent.CompletableFuture.reportGet(CompletableFuture.java:357)
	at java.util.concurrent.CompletableFuture.get(CompletableFuture.java:1895)
	at org.apache.hadoop.ozone.client.rpc.TestWatchForCommit.test2WayCommitForTimeoutException(TestWatchForCommit.java:384)
	at sun.reflect.NativeMethodAccessorImpl.invoke0(Native Method)
	at sun.reflect.NativeMethodAccessorImpl.invoke(NativeMethodAccessorImpl.java:62)
	at sun.reflect.DelegatingMethodAccessorImpl.invoke(DelegatingMethodAccessorImpl.java:43)
	at java.lang.reflect.Method.invoke(Method.java:498)
	at org.junit.runners.model.FrameworkMethod$1.runReflectiveCall(FrameworkMethod.java:47)
	at org.junit.internal.runners.model.ReflectiveCallable.run(ReflectiveCallable.java:12)
	at org.junit.runners.model.FrameworkMethod.invokeExplosively(FrameworkMethod.java:44)
	at org.junit.internal.runners.statements.InvokeMethod.evaluate(InvokeMethod.java:17)
	at org.junit.runners.ParentRunner.runLeaf(ParentRunner.java:271)
	at org.junit.runners.BlockJUnit4ClassRunner.runChild(BlockJUnit4ClassRunner.java:70)
	at org.junit.runners.BlockJUnit4ClassRunner.runChild(BlockJUnit4ClassRunner.java:50)
	at org.junit.runners.ParentRunner$3.run(ParentRunner.java:238)
	at org.junit.runners.ParentRunner$1.schedule(ParentRunner.java:63)
	at org.junit.runners.ParentRunner.runChildren(ParentRunner.java:236)
	at org.junit.runners.ParentRunner.access$000(ParentRunner.java:53)
	at org.junit.runners.ParentRunner$2.evaluate(ParentRunner.java:229)
	at org.junit.runners.ParentRunner.run(ParentRunner.java:309)
	at org.apache.maven.surefire.junit4.JUnit4Provider.execute(JUnit4Provider.java:365)
	at org.apache.maven.surefire.junit4.JUnit4Provider.executeWithRerun(JUnit4Provider.java:273)
	at org.apache.maven.surefire.junit4.JUnit4Provider.executeTestSet(JUnit4Provider.java:238)
	at org.apache.maven.surefire.junit4.JUnit4Provider.invoke(JUnit4Provider.java:159)
	at org.apache.maven.surefire.booter.ForkedBooter.invokeProviderInSameClassLoader(ForkedBooter.java:384)
	at org.apache.maven.surefire.booter.ForkedBooter.runSuitesInProcess(ForkedBooter.java:345)
	at org.apache.maven.surefire.booter.ForkedBooter.execute(ForkedBooter.java:126)
	at org.apache.maven.surefire.booter.ForkedBooter.main(ForkedBooter.java:418)
Caused by: org.apache.ratis.protocol.RaftRetryFailureException: Failed RaftClientRequest:client-C8951615A3C3->75085931-92b1-4873-b3f1-0c98c0c26420@group-24E0F0C309DD, cid=96, seq=1*, RW, org.apache.hadoop.hdds.scm.XceiverClientRatis$$Lambda$387/1238568047@6c1036e2 for 20 attempts with RetryLimited(maxAttempts=20, sleepTime=1000ms)
	at org.apache.ratis.client.impl.RaftClientImpl.noMoreRetries(RaftClientImpl.java:271)
	at org.apache.ratis.client.impl.OrderedAsync.handleAsyncRetryFailure(OrderedAsync.java:138)
	at org.apache.ratis.client.impl.OrderedAsync.lambda$sendRequest$10(OrderedAsync.java:230)
	at java.util.concurrent.CompletableFuture.uniExceptionally(CompletableFuture.java:870)
	at java.util.concurrent.CompletableFuture$UniExceptionally.tryFire(CompletableFuture.java:852)
	at java.util.concurrent.CompletableFuture.postComplete(CompletableFuture.java:474)
	at java.util.concurrent.CompletableFuture.completeExceptionally(CompletableFuture.java:1977)
	at org.apache.ratis.grpc.client.GrpcClientProtocolClient$AsyncStreamObservers.completeReplyExceptionally(GrpcClientProtocolClient.java:339)
	at org.apache.ratis.grpc.client.GrpcClientProtocolClient$AsyncStreamObservers.access$000(GrpcClientProtocolClient.java:255)
	at org.apache.ratis.grpc.client.GrpcClientProtocolClient$AsyncStreamObservers$1.onNext(GrpcClientProtocolClient.java:267)
	at org.apache.ratis.grpc.client.GrpcClientProtocolClient$AsyncStreamObservers$1.onNext(GrpcClientProtocolClient.java:258)
	at org.apache.ratis.thirdparty.io.grpc.stub.ClientCalls$StreamObserverToCallListenerAdapter.onMessage(ClientCalls.java:421)
	at org.apache.ratis.thirdparty.io.grpc.ForwardingClientCallListener.onMessage(ForwardingClientCallListener.java:33)
	at org.apache.ratis.thirdparty.io.grpc.ForwardingClientCallListener.onMessage(ForwardingClientCallListener.java:33)
	at org.apache.ratis.thirdparty.io.grpc.internal.ClientCallImpl$ClientStreamListenerImpl$1MessagesAvailable.runInContext(ClientCallImpl.java:519)
	at org.apache.ratis.thirdparty.io.grpc.internal.ContextRunnable.run(ContextRunnable.java:37)
	at org.apache.ratis.thirdparty.io.grpc.internal.SerializingExecutor.run(SerializingExecutor.java:123)
	at java.util.concurrent.ThreadPoolExecutor.runWorker(ThreadPoolExecutor.java:1149)
	at java.util.concurrent.ThreadPoolExecutor$Worker.run(ThreadPoolExecutor.java:624)
	at java.lang.Thread.run(Thread.java:748)
Caused by: org.apache.ratis.protocol.NotLeaderException: Server 75085931-92b1-4873-b3f1-0c98c0c26420@group-24E0F0C309DD is not the leader
	at org.apache.ratis.client.impl.ClientProtoUtils.toRaftClientReply(ClientProtoUtils.java:243)
	at org.apache.ratis.grpc.client.GrpcClientProtocolClient$AsyncStreamObservers$1.onNext(GrpcClientProtocolClient.java:263)
	... 10 more
</error>
    <system-out><![CDATA[2019-09-24 18:42:37,451 [main] WARN  server.ServerUtils (ServerUtils.java:getScmDbDir(145)) - ozone.scm.db.dirs is not configured. We recommend adding this setting. Falling back to ozone.metadata.dirs instead.
2019-09-24 18:42:38,705 [pool-335-thread-1] INFO  storage.RaftStorage (RaftStorage.java:format(72)) - Storage directory /workdir/hadoop-ozone/integration-test/target/test-dir/MiniOzoneClusterImpl-22a6b2d7-7806-44d1-803e-00ff882747f6/datanode-4/data/ratis/992e64d1-bbf8-431c-aa8c-f2343f61eb5a has been successfully formatted.
2019-09-24 18:42:38,705 [pool-355-thread-1] INFO  storage.RaftStorage (RaftStorage.java:format(72)) - Storage directory /workdir/hadoop-ozone/integration-test/target/test-dir/MiniOzoneClusterImpl-22a6b2d7-7806-44d1-803e-00ff882747f6/datanode-6/data/ratis/992e64d1-bbf8-431c-aa8c-f2343f61eb5a has been successfully formatted.
2019-09-24 18:42:38,705 [7b72c5b6-58c5-41fb-b862-72fab3aeee95@group-FAA2CF419C5C-SegmentedRaftLogWorker] INFO  segmented.SegmentedRaftLogWorker (SegmentedRaftLogWorker.java:execute(569)) - 7b72c5b6-58c5-41fb-b862-72fab3aeee95@group-FAA2CF419C5C-SegmentedRaftLogWorker: created new log segment /workdir/hadoop-ozone/integration-test/target/test-dir/MiniOzoneClusterImpl-22a6b2d7-7806-44d1-803e-00ff882747f6/datanode-0/data/ratis/cf000390-93a8-46d2-a245-faa2cf419c5c/current/log_inprogress_0
2019-09-24 18:42:38,705 [pool-305-thread-1] INFO  storage.RaftStorage (RaftStorage.java:format(72)) - Storage directory /workdir/hadoop-ozone/integration-test/target/test-dir/MiniOzoneClusterImpl-22a6b2d7-7806-44d1-803e-00ff882747f6/datanode-1/data/ratis/898f9f76-f999-4043-8021-2cf3c92598c3 has been successfully formatted.
2019-09-24 18:42:38,706 [pool-355-thread-1] INFO  ratis.ContainerStateMachine (ContainerStateMachine.java:loadSnapshot(230)) - group-F2343F61EB5A: The snapshot info is null. Setting the last applied indexto:(t:0, i:~)
2019-09-24 18:42:38,705 [pool-335-thread-1] INFO  ratis.ContainerStateMachine (ContainerStateMachine.java:loadSnapshot(230)) - group-F2343F61EB5A: The snapshot info is null. Setting the last applied indexto:(t:0, i:~)
2019-09-24 18:42:38,706 [pool-305-thread-1] INFO  ratis.ContainerStateMachine (ContainerStateMachine.java:loadSnapshot(230)) - group-2CF3C92598C3: The snapshot info is null. Setting the last applied indexto:(t:0, i:~)
2019-09-24 18:42:38,706 [pool-355-thread-1] INFO  server.RaftServerConfigKeys (ConfUtils.java:logGet(43)) - raft.server.notification.no-leader.timeout = 120s (custom)
2019-09-24 18:42:38,706 [pool-305-thread-1] INFO  server.RaftServerConfigKeys (ConfUtils.java:logGet(43)) - raft.server.notification.no-leader.timeout = 120s (custom)
2019-09-24 18:42:38,706 [pool-335-thread-1] INFO  server.RaftServerConfigKeys (ConfUtils.java:logGet(43)) - raft.server.notification.no-leader.timeout = 120s (custom)
2019-09-24 18:42:38,707 [pool-305-thread-1] INFO  server.RaftServerConfigKeys (ConfUtils.java:logGet(43)) - raft.server.log.use.memory = false (default)
2019-09-24 18:42:38,706 [pool-355-thread-1] INFO  server.RaftServerConfigKeys (ConfUtils.java:logGet(43)) - raft.server.log.use.memory = false (default)
2019-09-24 18:42:38,707 [main] WARN  server.ServerUtils (ServerUtils.java:getScmDbDir(145)) - ozone.scm.db.dirs is not configured. We recommend adding this setting. Falling back to ozone.metadata.dirs instead.
2019-09-24 18:42:38,707 [pool-335-thread-1] INFO  server.RaftServerConfigKeys (ConfUtils.java:logGet(43)) - raft.server.log.use.memory = false (default)
2019-09-24 18:42:38,707 [pool-305-thread-1] INFO  server.RaftServerConfigKeys (ConfUtils.java:logGet(43)) - raft.server.log.purge.gap = 1000000 (custom)
2019-09-24 18:42:38,707 [pool-355-thread-1] INFO  server.RaftServerConfigKeys (ConfUtils.java:logGet(43)) - raft.server.log.purge.gap = 1000000 (custom)
2019-09-24 18:42:38,708 [pool-305-thread-1] INFO  server.RaftServerConfigKeys (ConfUtils.java:logGet(43)) - raft.server.log.appender.buffer.byte-limit = 33554432 (custom)
2019-09-24 18:42:38,707 [pool-335-thread-1] INFO  server.RaftServerConfigKeys (ConfUtils.java:logGet(43)) - raft.server.log.purge.gap = 1000000 (custom)
2019-09-24 18:42:38,708 [pool-305-thread-1] INFO  server.RaftServerConfigKeys (ConfUtils.java:logGet(43)) - raft.server.log.segment.size.max = 1048576 (custom)
2019-09-24 18:42:38,708 [main] WARN  server.ServerUtils (ServerUtils.java:getScmDbDir(145)) - ozone.scm.db.dirs is not configured. We recommend adding this setting. Falling back to ozone.metadata.dirs instead.
2019-09-24 18:42:38,708 [pool-355-thread-1] INFO  server.RaftServerConfigKeys (ConfUtils.java:logGet(43)) - raft.server.log.appender.buffer.byte-limit = 33554432 (custom)
2019-09-24 18:42:38,708 [pool-305-thread-1] INFO  server.RaftServerConfigKeys (ConfUtils.java:logGet(43)) - raft.server.log.segment.cache.num.max = 2 (custom)
2019-09-24 18:42:38,708 [pool-335-thread-1] INFO  server.RaftServerConfigKeys (ConfUtils.java:logGet(43)) - raft.server.log.appender.buffer.byte-limit = 33554432 (custom)
2019-09-24 18:42:38,709 [pool-305-thread-1] INFO  segmented.SegmentedRaftLogWorker (SegmentedRaftLogWorker.java:<init>(172)) - new ff3e2dbf-fbd7-44c8-b920-6245688f6c83@group-2CF3C92598C3-SegmentedRaftLogWorker for RaftStorage:Storage Directory /workdir/hadoop-ozone/integration-test/target/test-dir/MiniOzoneClusterImpl-22a6b2d7-7806-44d1-803e-00ff882747f6/datanode-1/data/ratis/898f9f76-f999-4043-8021-2cf3c92598c3
2019-09-24 18:42:38,709 [pool-355-thread-1] INFO  server.RaftServerConfigKeys (ConfUtils.java:logGet(43)) - raft.server.log.segment.size.max = 1048576 (custom)
2019-09-24 18:42:38,709 [pool-335-thread-1] INFO  server.RaftServerConfigKeys (ConfUtils.java:logGet(43)) - raft.server.log.segment.size.max = 1048576 (custom)
2019-09-24 18:42:38,709 [pool-355-thread-1] INFO  server.RaftServerConfigKeys (ConfUtils.java:logGet(43)) - raft.server.log.segment.cache.num.max = 2 (custom)
2019-09-24 18:42:38,709 [main] INFO  db.DBStoreBuilder (DBStoreBuilder.java:addTable(110)) - using custom profile for table: deletedBlocks
2019-09-24 18:42:38,710 [main] INFO  db.DBStoreBuilder (DBStoreBuilder.java:processTables(161)) - Using default column profile:DBProfile.DISK for Table:deletedBlocks
2019-09-24 18:42:38,709 [pool-355-thread-1] INFO  segmented.SegmentedRaftLogWorker (SegmentedRaftLogWorker.java:<init>(172)) - new bfedd7ac-20a7-41ea-98ab-a94e8334a7fe@group-F2343F61EB5A-SegmentedRaftLogWorker for RaftStorage:Storage Directory /workdir/hadoop-ozone/integration-test/target/test-dir/MiniOzoneClusterImpl-22a6b2d7-7806-44d1-803e-00ff882747f6/datanode-6/data/ratis/992e64d1-bbf8-431c-aa8c-f2343f61eb5a
2019-09-24 18:42:38,709 [pool-335-thread-1] INFO  server.RaftServerConfigKeys (ConfUtils.java:logGet(43)) - raft.server.log.segment.cache.num.max = 2 (custom)
2019-09-24 18:42:38,710 [main] INFO  db.DBStoreBuilder (DBStoreBuilder.java:addTable(110)) - using custom profile for table: validCerts
2019-09-24 18:42:38,710 [pool-335-thread-1] INFO  segmented.SegmentedRaftLogWorker (SegmentedRaftLogWorker.java:<init>(172)) - new 8e1599e9-105d-4dd4-a052-d21668a40b75@group-F2343F61EB5A-SegmentedRaftLogWorker for RaftStorage:Storage Directory /workdir/hadoop-ozone/integration-test/target/test-dir/MiniOzoneClusterImpl-22a6b2d7-7806-44d1-803e-00ff882747f6/datanode-4/data/ratis/992e64d1-bbf8-431c-aa8c-f2343f61eb5a
2019-09-24 18:42:38,710 [main] INFO  db.DBStoreBuilder (DBStoreBuilder.java:processTables(161)) - Using default column profile:DBProfile.DISK for Table:validCerts
2019-09-24 18:42:38,711 [main] INFO  db.DBStoreBuilder (DBStoreBuilder.java:addTable(110)) - using custom profile for table: revokedCerts
2019-09-24 18:42:38,711 [main] INFO  db.DBStoreBuilder (DBStoreBuilder.java:processTables(161)) - Using default column profile:DBProfile.DISK for Table:revokedCerts
2019-09-24 18:42:38,712 [main] INFO  db.DBStoreBuilder (DBStoreBuilder.java:addTable(110)) - using custom profile for table: default
2019-09-24 18:42:38,712 [main] INFO  db.DBStoreBuilder (DBStoreBuilder.java:processTables(167)) - Using default column profile:DBProfile.DISK for Table:default
2019-09-24 18:42:38,712 [main] INFO  db.DBStoreBuilder (DBStoreBuilder.java:getDbProfile(198)) - Using default options. DBProfile.DISK
2019-09-24 18:42:38,714 [pool-355-thread-1] INFO  server.RaftServerConfigKeys (ConfUtils.java:logGet(43)) - raft.server.log.queue.byte-limit = 2147483647 (custom)
2019-09-24 18:42:38,714 [pool-305-thread-1] INFO  server.RaftServerConfigKeys (ConfUtils.java:logGet(43)) - raft.server.log.queue.byte-limit = 2147483647 (custom)
2019-09-24 18:42:38,714 [pool-355-thread-1] INFO  server.RaftServerConfigKeys (ConfUtils.java:logGet(43)) - raft.server.log.queue.element-limit = 1024 (custom)
2019-09-24 18:42:38,714 [pool-305-thread-1] INFO  server.RaftServerConfigKeys (ConfUtils.java:logGet(43)) - raft.server.log.queue.element-limit = 1024 (custom)
2019-09-24 18:42:38,714 [pool-355-thread-1] INFO  server.RaftServerConfigKeys (ConfUtils.java:logGet(43)) - raft.server.log.segment.size.max = 1048576 (custom)
2019-09-24 18:42:38,714 [pool-305-thread-1] INFO  server.RaftServerConfigKeys (ConfUtils.java:logGet(43)) - raft.server.log.segment.size.max = 1048576 (custom)
2019-09-24 18:42:38,714 [pool-335-thread-1] INFO  server.RaftServerConfigKeys (ConfUtils.java:logGet(43)) - raft.server.log.queue.byte-limit = 2147483647 (custom)
2019-09-24 18:42:38,715 [pool-305-thread-1] INFO  server.RaftServerConfigKeys (ConfUtils.java:logGet(43)) - raft.server.log.preallocated.size = 16384 (custom)
2019-09-24 18:42:38,714 [pool-355-thread-1] INFO  server.RaftServerConfigKeys (ConfUtils.java:logGet(43)) - raft.server.log.preallocated.size = 16384 (custom)
2019-09-24 18:42:38,715 [pool-305-thread-1] INFO  server.RaftServerConfigKeys (ConfUtils.java:logGet(43)) - raft.server.log.write.buffer.size = 33554432 (custom)
2019-09-24 18:42:38,715 [pool-335-thread-1] INFO  server.RaftServerConfigKeys (ConfUtils.java:logGet(43)) - raft.server.log.queue.element-limit = 1024 (custom)
2019-09-24 18:42:38,715 [pool-305-thread-1] INFO  server.RaftServerConfigKeys (ConfUtils.java:logGet(43)) - raft.server.log.force.sync.num = 128 (default)
2019-09-24 18:42:38,715 [pool-355-thread-1] INFO  server.RaftServerConfigKeys (ConfUtils.java:logGet(43)) - raft.server.log.write.buffer.size = 33554432 (custom)
2019-09-24 18:42:38,715 [pool-305-thread-1] INFO  server.RaftServerConfigKeys (ConfUtils.java:logGet(43)) - raft.server.log.statemachine.data.sync = true (default)
2019-09-24 18:42:38,715 [pool-335-thread-1] INFO  server.RaftServerConfigKeys (ConfUtils.java:logGet(43)) - raft.server.log.segment.size.max = 1048576 (custom)
2019-09-24 18:42:38,715 [pool-305-thread-1] INFO  server.RaftServerConfigKeys (ConfUtils.java:logGet(43)) - raft.server.log.statemachine.data.sync.timeout = 10s (default)
2019-09-24 18:42:38,715 [pool-355-thread-1] INFO  server.RaftServerConfigKeys (ConfUtils.java:logGet(43)) - raft.server.log.force.sync.num = 128 (default)
2019-09-24 18:42:38,716 [pool-305-thread-1] INFO  server.RaftServerConfigKeys (ConfUtils.java:logGet(43)) - raft.server.log.statemachine.data.sync.timeout.retry = -1 (default)
2019-09-24 18:42:38,716 [pool-335-thread-1] INFO  server.RaftServerConfigKeys (ConfUtils.java:logGet(43)) - raft.server.log.preallocated.size = 16384 (custom)
2019-09-24 18:42:38,716 [pool-355-thread-1] INFO  server.RaftServerConfigKeys (ConfUtils.java:logGet(43)) - raft.server.log.statemachine.data.sync = true (default)
2019-09-24 18:42:38,716 [pool-305-thread-1] INFO  server.RaftServerConfigKeys (ConfUtils.java:logGet(43)) - raft.server.log.statemachine.data.caching.enabled = true (custom)
2019-09-24 18:42:38,716 [pool-335-thread-1] INFO  server.RaftServerConfigKeys (ConfUtils.java:logGet(43)) - raft.server.log.write.buffer.size = 33554432 (custom)
2019-09-24 18:42:38,716 [pool-355-thread-1] INFO  server.RaftServerConfigKeys (ConfUtils.java:logGet(43)) - raft.server.log.statemachine.data.sync.timeout = 10s (default)
2019-09-24 18:42:38,717 [pool-335-thread-1] INFO  server.RaftServerConfigKeys (ConfUtils.java:logGet(43)) - raft.server.log.force.sync.num = 128 (default)
2019-09-24 18:42:38,717 [pool-305-thread-1] INFO  segmented.SegmentedRaftLogWorker (SegmentedRaftLogWorker.java:lambda$new$0(132)) - ff3e2dbf-fbd7-44c8-b920-6245688f6c83@group-2CF3C92598C3-SegmentedRaftLogWorker: flushIndex: setUnconditionally 0 -> -1
2019-09-24 18:42:38,717 [pool-355-thread-1] INFO  server.RaftServerConfigKeys (ConfUtils.java:logGet(43)) - raft.server.log.statemachine.data.sync.timeout.retry = -1 (default)
2019-09-24 18:42:38,717 [pool-335-thread-1] INFO  server.RaftServerConfigKeys (ConfUtils.java:logGet(43)) - raft.server.log.statemachine.data.sync = true (default)
2019-09-24 18:42:38,717 [pool-355-thread-1] INFO  server.RaftServerConfigKeys (ConfUtils.java:logGet(43)) - raft.server.log.statemachine.data.caching.enabled = true (custom)
2019-09-24 18:42:38,717 [pool-305-thread-1] INFO  server.RaftServerConfigKeys (ConfUtils.java:logGet(43)) - raft.server.snapshot.auto.trigger.enabled = true (custom)
2019-09-24 18:42:38,717 [pool-335-thread-1] INFO  server.RaftServerConfigKeys (ConfUtils.java:logGet(43)) - raft.server.log.statemachine.data.sync.timeout = 10s (default)
2019-09-24 18:42:38,717 [pool-355-thread-1] INFO  segmented.SegmentedRaftLogWorker (SegmentedRaftLogWorker.java:lambda$new$0(132)) - bfedd7ac-20a7-41ea-98ab-a94e8334a7fe@group-F2343F61EB5A-SegmentedRaftLogWorker: flushIndex: setUnconditionally 0 -> -1
2019-09-24 18:42:38,717 [pool-305-thread-1] INFO  server.RaftServerConfigKeys (ConfUtils.java:logGet(43)) - raft.server.snapshot.auto.trigger.threshold = 10000 (custom)
2019-09-24 18:42:38,718 [pool-335-thread-1] INFO  server.RaftServerConfigKeys (ConfUtils.java:logGet(43)) - raft.server.log.statemachine.data.sync.timeout.retry = -1 (default)
2019-09-24 18:42:38,718 [pool-305-thread-1] INFO  server.RaftServerConfigKeys (ConfUtils.java:logGet(43)) - raft.server.snapshot.retention.num.files = 5 (custom)
2019-09-24 18:42:38,718 [pool-355-thread-1] INFO  server.RaftServerConfigKeys (ConfUtils.java:logGet(43)) - raft.server.snapshot.auto.trigger.enabled = true (custom)
2019-09-24 18:42:38,718 [pool-305-thread-1] INFO  server.RaftServerConfigKeys (ConfUtils.java:logGet(43)) - raft.server.retrycache.expirytime = 600000ms (custom)
2019-09-24 18:42:38,718 [pool-335-thread-1] INFO  server.RaftServerConfigKeys (ConfUtils.java:logGet(43)) - raft.server.log.statemachine.data.caching.enabled = true (custom)
2019-09-24 18:42:38,718 [pool-355-thread-1] INFO  server.RaftServerConfigKeys (ConfUtils.java:logGet(43)) - raft.server.snapshot.auto.trigger.threshold = 10000 (custom)
2019-09-24 18:42:38,718 [pool-355-thread-1] INFO  server.RaftServerConfigKeys (ConfUtils.java:logGet(43)) - raft.server.snapshot.retention.num.files = 5 (custom)
2019-09-24 18:42:38,719 [pool-335-thread-1] INFO  segmented.SegmentedRaftLogWorker (SegmentedRaftLogWorker.java:lambda$new$0(132)) - 8e1599e9-105d-4dd4-a052-d21668a40b75@group-F2343F61EB5A-SegmentedRaftLogWorker: flushIndex: setUnconditionally 0 -> -1
2019-09-24 18:42:38,719 [pool-355-thread-1] INFO  server.RaftServerConfigKeys (ConfUtils.java:logGet(43)) - raft.server.retrycache.expirytime = 600000ms (custom)
2019-09-24 18:42:38,719 [pool-335-thread-1] INFO  server.RaftServerConfigKeys (ConfUtils.java:logGet(43)) - raft.server.snapshot.auto.trigger.enabled = true (custom)
2019-09-24 18:42:38,719 [pool-335-thread-1] INFO  server.RaftServerConfigKeys (ConfUtils.java:logGet(43)) - raft.server.snapshot.auto.trigger.threshold = 10000 (custom)
2019-09-24 18:42:38,719 [pool-335-thread-1] INFO  server.RaftServerConfigKeys (ConfUtils.java:logGet(43)) - raft.server.snapshot.retention.num.files = 5 (custom)
2019-09-24 18:42:38,719 [pool-335-thread-1] INFO  server.RaftServerConfigKeys (ConfUtils.java:logGet(43)) - raft.server.retrycache.expirytime = 600000ms (custom)
2019-09-24 18:42:38,722 [pool-305-thread-1] INFO  impl.RaftServerImpl (RaftServerImpl.java:<init>(95)) - ff3e2dbf-fbd7-44c8-b920-6245688f6c83: new RaftServerImpl for group-F2343F61EB5A:[bfedd7ac-20a7-41ea-98ab-a94e8334a7fe:192.168.36.84:46718, ff3e2dbf-fbd7-44c8-b920-6245688f6c83:192.168.36.84:44531, 8e1599e9-105d-4dd4-a052-d21668a40b75:192.168.36.84:44254] with ContainerStateMachine:uninitialized
2019-09-24 18:42:38,722 [pool-305-thread-1] INFO  server.RaftServerConfigKeys (ConfUtils.java:logGet(43)) - raft.server.rpc.timeout.min = 5s (custom)
2019-09-24 18:42:38,723 [pool-305-thread-1] INFO  server.RaftServerConfigKeys (ConfUtils.java:logGet(43)) - raft.server.rpc.timeout.max = 5200ms (custom)
2019-09-24 18:42:38,723 [pool-355-thread-1] INFO  impl.RaftServerImpl (RaftServerImpl.java:<init>(95)) - bfedd7ac-20a7-41ea-98ab-a94e8334a7fe: new RaftServerImpl for group-9DBFF3FC8B40:[bfedd7ac-20a7-41ea-98ab-a94e8334a7fe:192.168.36.84:46718, ff3e2dbf-fbd7-44c8-b920-6245688f6c83:192.168.36.84:44531, 8e1599e9-105d-4dd4-a052-d21668a40b75:192.168.36.84:44254] with ContainerStateMachine:uninitialized
2019-09-24 18:42:38,723 [pool-305-thread-1] INFO  server.RaftServerConfigKeys (ConfUtils.java:logGet(43)) - raft.server.rpcslowness.timeout = 120s (custom)
2019-09-24 18:42:38,723 [pool-355-thread-1] INFO  server.RaftServerConfigKeys (ConfUtils.java:logGet(43)) - raft.server.rpc.timeout.min = 5s (custom)
2019-09-24 18:42:38,723 [pool-305-thread-1] INFO  server.RaftServerConfigKeys (ConfUtils.java:logGet(43)) - raft.server.sleep.deviation.threshold = 300 (default)
2019-09-24 18:42:38,723 [pool-355-thread-1] INFO  server.RaftServerConfigKeys (ConfUtils.java:logGet(43)) - raft.server.rpc.timeout.max = 5200ms (custom)
2019-09-24 18:42:38,723 [pool-305-thread-1] INFO  server.RaftServerConfigKeys (ConfUtils.java:logGet(43)) - raft.server.log.appender.install.snapshot.enabled = false (custom)
2019-09-24 18:42:38,723 [pool-355-thread-1] INFO  server.RaftServerConfigKeys (ConfUtils.java:logGet(43)) - raft.server.rpcslowness.timeout = 120s (custom)
2019-09-24 18:42:38,723 [pool-355-thread-1] INFO  server.RaftServerConfigKeys (ConfUtils.java:logGet(43)) - raft.server.sleep.deviation.threshold = 300 (default)
2019-09-24 18:42:38,723 [pool-305-thread-1] INFO  impl.RaftServerImpl (ServerState.java:<init>(103)) - ff3e2dbf-fbd7-44c8-b920-6245688f6c83@group-F2343F61EB5A: ConfigurationManager, init=-1: [bfedd7ac-20a7-41ea-98ab-a94e8334a7fe:192.168.36.84:46718, ff3e2dbf-fbd7-44c8-b920-6245688f6c83:192.168.36.84:44531, 8e1599e9-105d-4dd4-a052-d21668a40b75:192.168.36.84:44254], old=null, confs=<EMPTY_MAP>
2019-09-24 18:42:38,723 [pool-355-thread-1] INFO  server.RaftServerConfigKeys (ConfUtils.java:logGet(43)) - raft.server.log.appender.install.snapshot.enabled = false (custom)
2019-09-24 18:42:38,724 [pool-355-thread-1] INFO  impl.RaftServerImpl (ServerState.java:<init>(103)) - bfedd7ac-20a7-41ea-98ab-a94e8334a7fe@group-9DBFF3FC8B40: ConfigurationManager, init=-1: [bfedd7ac-20a7-41ea-98ab-a94e8334a7fe:192.168.36.84:46718, ff3e2dbf-fbd7-44c8-b920-6245688f6c83:192.168.36.84:44531, 8e1599e9-105d-4dd4-a052-d21668a40b75:192.168.36.84:44254], old=null, confs=<EMPTY_MAP>
2019-09-24 18:42:38,724 [pool-305-thread-1] INFO  server.RaftServerConfigKeys (ConfUtils.java:logGet(43)) - raft.server.storage.dir = [/workdir/hadoop-ozone/integration-test/target/test-dir/MiniOzoneClusterImpl-22a6b2d7-7806-44d1-803e-00ff882747f6/datanode-1/data/ratis] (custom)
2019-09-24 18:42:38,724 [pool-355-thread-1] INFO  server.RaftServerConfigKeys (ConfUtils.java:logGet(43)) - raft.server.storage.dir = [/workdir/hadoop-ozone/integration-test/target/test-dir/MiniOzoneClusterImpl-22a6b2d7-7806-44d1-803e-00ff882747f6/datanode-6/data/ratis] (custom)
2019-09-24 18:42:38,724 [pool-305-thread-1] INFO  storage.RaftStorageDirectory (RaftStorageDirectory.java:analyzeStorage(246)) - The storage directory /workdir/hadoop-ozone/integration-test/target/test-dir/MiniOzoneClusterImpl-22a6b2d7-7806-44d1-803e-00ff882747f6/datanode-1/data/ratis/992e64d1-bbf8-431c-aa8c-f2343f61eb5a does not exist. Creating ...
2019-09-24 18:42:38,724 [pool-355-thread-1] INFO  storage.RaftStorageDirectory (RaftStorageDirectory.java:analyzeStorage(246)) - The storage directory /workdir/hadoop-ozone/integration-test/target/test-dir/MiniOzoneClusterImpl-22a6b2d7-7806-44d1-803e-00ff882747f6/datanode-6/data/ratis/3ff2ba1f-15c5-46f0-bfef-9dbff3fc8b40 does not exist. Creating ...
2019-09-24 18:42:38,725 [pool-335-thread-1] INFO  impl.RaftServerImpl (RaftServerImpl.java:<init>(95)) - 8e1599e9-105d-4dd4-a052-d21668a40b75: new RaftServerImpl for group-9DBFF3FC8B40:[bfedd7ac-20a7-41ea-98ab-a94e8334a7fe:192.168.36.84:46718, ff3e2dbf-fbd7-44c8-b920-6245688f6c83:192.168.36.84:44531, 8e1599e9-105d-4dd4-a052-d21668a40b75:192.168.36.84:44254] with ContainerStateMachine:uninitialized
2019-09-24 18:42:38,725 [pool-335-thread-1] INFO  server.RaftServerConfigKeys (ConfUtils.java:logGet(43)) - raft.server.rpc.timeout.min = 5s (custom)
2019-09-24 18:42:38,725 [pool-335-thread-1] INFO  server.RaftServerConfigKeys (ConfUtils.java:logGet(43)) - raft.server.rpc.timeout.max = 5200ms (custom)
2019-09-24 18:42:38,725 [pool-335-thread-1] INFO  server.RaftServerConfigKeys (ConfUtils.java:logGet(43)) - raft.server.rpcslowness.timeout = 120s (custom)
2019-09-24 18:42:38,726 [pool-335-thread-1] INFO  server.RaftServerConfigKeys (ConfUtils.java:logGet(43)) - raft.server.sleep.deviation.threshold = 300 (default)
2019-09-24 18:42:38,726 [pool-335-thread-1] INFO  server.RaftServerConfigKeys (ConfUtils.java:logGet(43)) - raft.server.log.appender.install.snapshot.enabled = false (custom)
2019-09-24 18:42:38,726 [pool-335-thread-1] INFO  impl.RaftServerImpl (ServerState.java:<init>(103)) - 8e1599e9-105d-4dd4-a052-d21668a40b75@group-9DBFF3FC8B40: ConfigurationManager, init=-1: [bfedd7ac-20a7-41ea-98ab-a94e8334a7fe:192.168.36.84:46718, ff3e2dbf-fbd7-44c8-b920-6245688f6c83:192.168.36.84:44531, 8e1599e9-105d-4dd4-a052-d21668a40b75:192.168.36.84:44254], old=null, confs=<EMPTY_MAP>
2019-09-24 18:42:38,726 [pool-335-thread-1] INFO  server.RaftServerConfigKeys (ConfUtils.java:logGet(43)) - raft.server.storage.dir = [/workdir/hadoop-ozone/integration-test/target/test-dir/MiniOzoneClusterImpl-22a6b2d7-7806-44d1-803e-00ff882747f6/datanode-4/data/ratis] (custom)
2019-09-24 18:42:38,726 [pool-335-thread-1] INFO  storage.RaftStorageDirectory (RaftStorageDirectory.java:analyzeStorage(246)) - The storage directory /workdir/hadoop-ozone/integration-test/target/test-dir/MiniOzoneClusterImpl-22a6b2d7-7806-44d1-803e-00ff882747f6/datanode-4/data/ratis/3ff2ba1f-15c5-46f0-bfef-9dbff3fc8b40 does not exist. Creating ...
2019-09-24 18:42:39,146 [pool-305-thread-1] INFO  storage.RaftStorageDirectory (RaftStorageDirectory.java:tryLock(328)) - Lock on /workdir/hadoop-ozone/integration-test/target/test-dir/MiniOzoneClusterImpl-22a6b2d7-7806-44d1-803e-00ff882747f6/datanode-1/data/ratis/992e64d1-bbf8-431c-aa8c-f2343f61eb5a/in_use.lock acquired by nodename 32065@pr-hdds-2171-6l6hb-1841322612
2019-09-24 18:42:39,146 [pool-355-thread-1] INFO  storage.RaftStorageDirectory (RaftStorageDirectory.java:tryLock(328)) - Lock on /workdir/hadoop-ozone/integration-test/target/test-dir/MiniOzoneClusterImpl-22a6b2d7-7806-44d1-803e-00ff882747f6/datanode-6/data/ratis/3ff2ba1f-15c5-46f0-bfef-9dbff3fc8b40/in_use.lock acquired by nodename 32065@pr-hdds-2171-6l6hb-1841322612
2019-09-24 18:42:39,147 [pool-335-thread-1] INFO  storage.RaftStorageDirectory (RaftStorageDirectory.java:tryLock(328)) - Lock on /workdir/hadoop-ozone/integration-test/target/test-dir/MiniOzoneClusterImpl-22a6b2d7-7806-44d1-803e-00ff882747f6/datanode-4/data/ratis/3ff2ba1f-15c5-46f0-bfef-9dbff3fc8b40/in_use.lock acquired by nodename 32065@pr-hdds-2171-6l6hb-1841322612
2019-09-24 18:42:39,423 [pool-355-thread-1] INFO  storage.RaftStorage (RaftStorage.java:format(72)) - Storage directory /workdir/hadoop-ozone/integration-test/target/test-dir/MiniOzoneClusterImpl-22a6b2d7-7806-44d1-803e-00ff882747f6/datanode-6/data/ratis/3ff2ba1f-15c5-46f0-bfef-9dbff3fc8b40 has been successfully formatted.
2019-09-24 18:42:39,423 [pool-305-thread-1] INFO  storage.RaftStorage (RaftStorage.java:format(72)) - Storage directory /workdir/hadoop-ozone/integration-test/target/test-dir/MiniOzoneClusterImpl-22a6b2d7-7806-44d1-803e-00ff882747f6/datanode-1/data/ratis/992e64d1-bbf8-431c-aa8c-f2343f61eb5a has been successfully formatted.
2019-09-24 18:42:39,423 [pool-355-thread-1] INFO  ratis.ContainerStateMachine (ContainerStateMachine.java:loadSnapshot(230)) - group-9DBFF3FC8B40: The snapshot info is null. Setting the last applied indexto:(t:0, i:~)
2019-09-24 18:42:39,424 [pool-305-thread-1] INFO  ratis.ContainerStateMachine (ContainerStateMachine.java:loadSnapshot(230)) - group-F2343F61EB5A: The snapshot info is null. Setting the last applied indexto:(t:0, i:~)
2019-09-24 18:42:39,424 [pool-355-thread-1] INFO  server.RaftServerConfigKeys (ConfUtils.java:logGet(43)) - raft.server.notification.no-leader.timeout = 120s (custom)
2019-09-24 18:42:39,424 [pool-305-thread-1] INFO  server.RaftServerConfigKeys (ConfUtils.java:logGet(43)) - raft.server.notification.no-leader.timeout = 120s (custom)
2019-09-24 18:42:39,424 [pool-355-thread-1] INFO  server.RaftServerConfigKeys (ConfUtils.java:logGet(43)) - raft.server.log.use.memory = false (default)
2019-09-24 18:42:39,424 [pool-305-thread-1] INFO  server.RaftServerConfigKeys (ConfUtils.java:logGet(43)) - raft.server.log.use.memory = false (default)
2019-09-24 18:42:39,425 [pool-355-thread-1] INFO  server.RaftServerConfigKeys (ConfUtils.java:logGet(43)) - raft.server.log.purge.gap = 1000000 (custom)
2019-09-24 18:42:39,425 [pool-305-thread-1] INFO  server.RaftServerConfigKeys (ConfUtils.java:logGet(43)) - raft.server.log.purge.gap = 1000000 (custom)
2019-09-24 18:42:39,425 [pool-355-thread-1] INFO  server.RaftServerConfigKeys (ConfUtils.java:logGet(43)) - raft.server.log.appender.buffer.byte-limit = 33554432 (custom)
2019-09-24 18:42:39,425 [pool-305-thread-1] INFO  server.RaftServerConfigKeys (ConfUtils.java:logGet(43)) - raft.server.log.appender.buffer.byte-limit = 33554432 (custom)
2019-09-24 18:42:39,425 [pool-355-thread-1] INFO  server.RaftServerConfigKeys (ConfUtils.java:logGet(43)) - raft.server.log.segment.size.max = 1048576 (custom)
2019-09-24 18:42:39,426 [pool-305-thread-1] INFO  server.RaftServerConfigKeys (ConfUtils.java:logGet(43)) - raft.server.log.segment.size.max = 1048576 (custom)
2019-09-24 18:42:39,426 [pool-355-thread-1] INFO  server.RaftServerConfigKeys (ConfUtils.java:logGet(43)) - raft.server.log.segment.cache.num.max = 2 (custom)
2019-09-24 18:42:39,426 [pool-305-thread-1] INFO  server.RaftServerConfigKeys (ConfUtils.java:logGet(43)) - raft.server.log.segment.cache.num.max = 2 (custom)
2019-09-24 18:42:39,426 [pool-355-thread-1] INFO  segmented.SegmentedRaftLogWorker (SegmentedRaftLogWorker.java:<init>(172)) - new bfedd7ac-20a7-41ea-98ab-a94e8334a7fe@group-9DBFF3FC8B40-SegmentedRaftLogWorker for RaftStorage:Storage Directory /workdir/hadoop-ozone/integration-test/target/test-dir/MiniOzoneClusterImpl-22a6b2d7-7806-44d1-803e-00ff882747f6/datanode-6/data/ratis/3ff2ba1f-15c5-46f0-bfef-9dbff3fc8b40
2019-09-24 18:42:39,426 [pool-305-thread-1] INFO  segmented.SegmentedRaftLogWorker (SegmentedRaftLogWorker.java:<init>(172)) - new ff3e2dbf-fbd7-44c8-b920-6245688f6c83@group-F2343F61EB5A-SegmentedRaftLogWorker for RaftStorage:Storage Directory /workdir/hadoop-ozone/integration-test/target/test-dir/MiniOzoneClusterImpl-22a6b2d7-7806-44d1-803e-00ff882747f6/datanode-1/data/ratis/992e64d1-bbf8-431c-aa8c-f2343f61eb5a
2019-09-24 18:42:39,426 [pool-355-thread-1] INFO  server.RaftServerConfigKeys (ConfUtils.java:logGet(43)) - raft.server.log.queue.byte-limit = 2147483647 (custom)
2019-09-24 18:42:39,427 [pool-305-thread-1] INFO  server.RaftServerConfigKeys (ConfUtils.java:logGet(43)) - raft.server.log.queue.byte-limit = 2147483647 (custom)
2019-09-24 18:42:39,427 [pool-355-thread-1] INFO  server.RaftServerConfigKeys (ConfUtils.java:logGet(43)) - raft.server.log.queue.element-limit = 1024 (custom)
2019-09-24 18:42:39,427 [pool-305-thread-1] INFO  server.RaftServerConfigKeys (ConfUtils.java:logGet(43)) - raft.server.log.queue.element-limit = 1024 (custom)
2019-09-24 18:42:39,427 [pool-355-thread-1] INFO  server.RaftServerConfigKeys (ConfUtils.java:logGet(43)) - raft.server.log.segment.size.max = 1048576 (custom)
2019-09-24 18:42:39,427 [pool-305-thread-1] INFO  server.RaftServerConfigKeys (ConfUtils.java:logGet(43)) - raft.server.log.segment.size.max = 1048576 (custom)
2019-09-24 18:42:39,427 [pool-355-thread-1] INFO  server.RaftServerConfigKeys (ConfUtils.java:logGet(43)) - raft.server.log.preallocated.size = 16384 (custom)
2019-09-24 18:42:39,428 [pool-305-thread-1] INFO  server.RaftServerConfigKeys (ConfUtils.java:logGet(43)) - raft.server.log.preallocated.size = 16384 (custom)
2019-09-24 18:42:39,428 [pool-355-thread-1] INFO  server.RaftServerConfigKeys (ConfUtils.java:logGet(43)) - raft.server.log.write.buffer.size = 33554432 (custom)
2019-09-24 18:42:39,428 [pool-305-thread-1] INFO  server.RaftServerConfigKeys (ConfUtils.java:logGet(43)) - raft.server.log.write.buffer.size = 33554432 (custom)
2019-09-24 18:42:39,428 [pool-355-thread-1] INFO  server.RaftServerConfigKeys (ConfUtils.java:logGet(43)) - raft.server.log.force.sync.num = 128 (default)
2019-09-24 18:42:39,428 [pool-305-thread-1] INFO  server.RaftServerConfigKeys (ConfUtils.java:logGet(43)) - raft.server.log.force.sync.num = 128 (default)
2019-09-24 18:42:39,429 [pool-355-thread-1] INFO  server.RaftServerConfigKeys (ConfUtils.java:logGet(43)) - raft.server.log.statemachine.data.sync = true (default)
2019-09-24 18:42:39,429 [pool-305-thread-1] INFO  server.RaftServerConfigKeys (ConfUtils.java:logGet(43)) - raft.server.log.statemachine.data.sync = true (default)
2019-09-24 18:42:39,429 [pool-355-thread-1] INFO  server.RaftServerConfigKeys (ConfUtils.java:logGet(43)) - raft.server.log.statemachine.data.sync.timeout = 10s (default)
2019-09-24 18:42:39,429 [pool-305-thread-1] INFO  server.RaftServerConfigKeys (ConfUtils.java:logGet(43)) - raft.server.log.statemachine.data.sync.timeout = 10s (default)
2019-09-24 18:42:39,429 [pool-355-thread-1] INFO  server.RaftServerConfigKeys (ConfUtils.java:logGet(43)) - raft.server.log.statemachine.data.sync.timeout.retry = -1 (default)
2019-09-24 18:42:39,430 [pool-305-thread-1] INFO  server.RaftServerConfigKeys (ConfUtils.java:logGet(43)) - raft.server.log.statemachine.data.sync.timeout.retry = -1 (default)
2019-09-24 18:42:39,430 [pool-355-thread-1] INFO  server.RaftServerConfigKeys (ConfUtils.java:logGet(43)) - raft.server.log.statemachine.data.caching.enabled = true (custom)
2019-09-24 18:42:39,430 [pool-305-thread-1] INFO  server.RaftServerConfigKeys (ConfUtils.java:logGet(43)) - raft.server.log.statemachine.data.caching.enabled = true (custom)
2019-09-24 18:42:39,430 [pool-355-thread-1] INFO  segmented.SegmentedRaftLogWorker (SegmentedRaftLogWorker.java:lambda$new$0(132)) - bfedd7ac-20a7-41ea-98ab-a94e8334a7fe@group-9DBFF3FC8B40-SegmentedRaftLogWorker: flushIndex: setUnconditionally 0 -> -1
2019-09-24 18:42:39,430 [pool-305-thread-1] INFO  segmented.SegmentedRaftLogWorker (SegmentedRaftLogWorker.java:lambda$new$0(132)) - ff3e2dbf-fbd7-44c8-b920-6245688f6c83@group-F2343F61EB5A-SegmentedRaftLogWorker: flushIndex: setUnconditionally 0 -> -1
2019-09-24 18:42:39,431 [pool-355-thread-1] INFO  server.RaftServerConfigKeys (ConfUtils.java:logGet(43)) - raft.server.snapshot.auto.trigger.enabled = true (custom)
2019-09-24 18:42:39,431 [pool-355-thread-1] INFO  server.RaftServerConfigKeys (ConfUtils.java:logGet(43)) - raft.server.snapshot.auto.trigger.threshold = 10000 (custom)
2019-09-24 18:42:39,431 [pool-305-thread-1] INFO  server.RaftServerConfigKeys (ConfUtils.java:logGet(43)) - raft.server.snapshot.auto.trigger.enabled = true (custom)
2019-09-24 18:42:39,431 [pool-355-thread-1] INFO  server.RaftServerConfigKeys (ConfUtils.java:logGet(43)) - raft.server.snapshot.retention.num.files = 5 (custom)
2019-09-24 18:42:39,431 [pool-305-thread-1] INFO  server.RaftServerConfigKeys (ConfUtils.java:logGet(43)) - raft.server.snapshot.auto.trigger.threshold = 10000 (custom)
2019-09-24 18:42:39,431 [pool-355-thread-1] INFO  server.RaftServerConfigKeys (ConfUtils.java:logGet(43)) - raft.server.retrycache.expirytime = 600000ms (custom)
2019-09-24 18:42:39,431 [pool-305-thread-1] INFO  server.RaftServerConfigKeys (ConfUtils.java:logGet(43)) - raft.server.snapshot.retention.num.files = 5 (custom)
2019-09-24 18:42:39,432 [pool-305-thread-1] INFO  server.RaftServerConfigKeys (ConfUtils.java:logGet(43)) - raft.server.retrycache.expirytime = 600000ms (custom)
2019-09-24 18:42:39,435 [pool-355-thread-1] INFO  impl.RaftServerImpl (RaftServerImpl.java:start(185)) - bfedd7ac-20a7-41ea-98ab-a94e8334a7fe@group-F2343F61EB5A: start as a follower, conf=-1: [bfedd7ac-20a7-41ea-98ab-a94e8334a7fe:192.168.36.84:46718, ff3e2dbf-fbd7-44c8-b920-6245688f6c83:192.168.36.84:44531, 8e1599e9-105d-4dd4-a052-d21668a40b75:192.168.36.84:44254], old=null
2019-09-24 18:42:39,435 [pool-355-thread-1] INFO  impl.RaftServerImpl (RaftServerImpl.java:setRole(174)) - bfedd7ac-20a7-41ea-98ab-a94e8334a7fe@group-F2343F61EB5A: changes role from      null to FOLLOWER at term 0 for startAsFollower
2019-09-24 18:42:39,435 [pool-355-thread-1] INFO  impl.RoleInfo (RoleInfo.java:updateAndGet(143)) - bfedd7ac-20a7-41ea-98ab-a94e8334a7fe: start FollowerState
2019-09-24 18:42:39,436 [pool-355-thread-1] INFO  util.JmxRegister (JmxRegister.java:tryRegister(44)) - Successfully registered JMX Bean with object name Ratis:service=RaftServer,group=group-F2343F61EB5A,id=bfedd7ac-20a7-41ea-98ab-a94e8334a7fe
2019-09-24 18:42:39,436 [pool-305-thread-1] INFO  impl.RaftServerImpl (RaftServerImpl.java:<init>(95)) - ff3e2dbf-fbd7-44c8-b920-6245688f6c83: new RaftServerImpl for group-9DBFF3FC8B40:[bfedd7ac-20a7-41ea-98ab-a94e8334a7fe:192.168.36.84:46718, ff3e2dbf-fbd7-44c8-b920-6245688f6c83:192.168.36.84:44531, 8e1599e9-105d-4dd4-a052-d21668a40b75:192.168.36.84:44254] with ContainerStateMachine:uninitialized
2019-09-24 18:42:39,436 [pool-305-thread-1] INFO  server.RaftServerConfigKeys (ConfUtils.java:logGet(43)) - raft.server.rpc.timeout.min = 5s (custom)
2019-09-24 18:42:39,436 [pool-305-thread-1] INFO  server.RaftServerConfigKeys (ConfUtils.java:logGet(43)) - raft.server.rpc.timeout.max = 5200ms (custom)
2019-09-24 18:42:39,437 [pool-355-thread-1] INFO  impl.RaftServerImpl (RaftServerImpl.java:start(185)) - bfedd7ac-20a7-41ea-98ab-a94e8334a7fe@group-9DBFF3FC8B40: start as a follower, conf=-1: [bfedd7ac-20a7-41ea-98ab-a94e8334a7fe:192.168.36.84:46718, ff3e2dbf-fbd7-44c8-b920-6245688f6c83:192.168.36.84:44531, 8e1599e9-105d-4dd4-a052-d21668a40b75:192.168.36.84:44254], old=null
2019-09-24 18:42:39,437 [pool-305-thread-1] INFO  server.RaftServerConfigKeys (ConfUtils.java:logGet(43)) - raft.server.rpcslowness.timeout = 120s (custom)
2019-09-24 18:42:39,437 [pool-355-thread-1] INFO  impl.RaftServerImpl (RaftServerImpl.java:setRole(174)) - bfedd7ac-20a7-41ea-98ab-a94e8334a7fe@group-9DBFF3FC8B40: changes role from      null to FOLLOWER at term 0 for startAsFollower
2019-09-24 18:42:39,437 [pool-305-thread-1] INFO  server.RaftServerConfigKeys (ConfUtils.java:logGet(43)) - raft.server.sleep.deviation.threshold = 300 (default)
2019-09-24 18:42:39,437 [pool-355-thread-1] INFO  impl.RoleInfo (RoleInfo.java:updateAndGet(143)) - bfedd7ac-20a7-41ea-98ab-a94e8334a7fe: start FollowerState
2019-09-24 18:42:39,437 [pool-305-thread-1] INFO  server.RaftServerConfigKeys (ConfUtils.java:logGet(43)) - raft.server.log.appender.install.snapshot.enabled = false (custom)
2019-09-24 18:42:39,438 [pool-305-thread-1] INFO  impl.RaftServerImpl (ServerState.java:<init>(103)) - ff3e2dbf-fbd7-44c8-b920-6245688f6c83@group-9DBFF3FC8B40: ConfigurationManager, init=-1: [bfedd7ac-20a7-41ea-98ab-a94e8334a7fe:192.168.36.84:46718, ff3e2dbf-fbd7-44c8-b920-6245688f6c83:192.168.36.84:44531, 8e1599e9-105d-4dd4-a052-d21668a40b75:192.168.36.84:44254], old=null, confs=<EMPTY_MAP>
2019-09-24 18:42:39,438 [pool-355-thread-1] INFO  util.JmxRegister (JmxRegister.java:tryRegister(44)) - Successfully registered JMX Bean with object name Ratis:service=RaftServer,group=group-9DBFF3FC8B40,id=bfedd7ac-20a7-41ea-98ab-a94e8334a7fe
2019-09-24 18:42:39,438 [pool-305-thread-1] INFO  server.RaftServerConfigKeys (ConfUtils.java:logGet(43)) - raft.server.storage.dir = [/workdir/hadoop-ozone/integration-test/target/test-dir/MiniOzoneClusterImpl-22a6b2d7-7806-44d1-803e-00ff882747f6/datanode-1/data/ratis] (custom)
2019-09-24 18:42:39,472 [pool-335-thread-1] INFO  storage.RaftStorage (RaftStorage.java:format(72)) - Storage directory /workdir/hadoop-ozone/integration-test/target/test-dir/MiniOzoneClusterImpl-22a6b2d7-7806-44d1-803e-00ff882747f6/datanode-4/data/ratis/3ff2ba1f-15c5-46f0-bfef-9dbff3fc8b40 has been successfully formatted.
2019-09-24 18:42:39,472 [pool-335-thread-1] INFO  ratis.ContainerStateMachine (ContainerStateMachine.java:loadSnapshot(230)) - group-9DBFF3FC8B40: The snapshot info is null. Setting the last applied indexto:(t:0, i:~)
2019-09-24 18:42:39,472 [pool-335-thread-1] INFO  server.RaftServerConfigKeys (ConfUtils.java:logGet(43)) - raft.server.notification.no-leader.timeout = 120s (custom)
2019-09-24 18:42:39,472 [pool-335-thread-1] INFO  server.RaftServerConfigKeys (ConfUtils.java:logGet(43)) - raft.server.log.use.memory = false (default)
2019-09-24 18:42:39,472 [pool-335-thread-1] INFO  server.RaftServerConfigKeys (ConfUtils.java:logGet(43)) - raft.server.log.purge.gap = 1000000 (custom)
2019-09-24 18:42:39,472 [pool-335-thread-1] INFO  server.RaftServerConfigKeys (ConfUtils.java:logGet(43)) - raft.server.log.appender.buffer.byte-limit = 33554432 (custom)
2019-09-24 18:42:39,473 [pool-335-thread-1] INFO  server.RaftServerConfigKeys (ConfUtils.java:logGet(43)) - raft.server.log.segment.size.max = 1048576 (custom)
2019-09-24 18:42:39,473 [pool-335-thread-1] INFO  server.RaftServerConfigKeys (ConfUtils.java:logGet(43)) - raft.server.log.segment.cache.num.max = 2 (custom)
2019-09-24 18:42:39,473 [pool-335-thread-1] INFO  segmented.SegmentedRaftLogWorker (SegmentedRaftLogWorker.java:<init>(172)) - new 8e1599e9-105d-4dd4-a052-d21668a40b75@group-9DBFF3FC8B40-SegmentedRaftLogWorker for RaftStorage:Storage Directory /workdir/hadoop-ozone/integration-test/target/test-dir/MiniOzoneClusterImpl-22a6b2d7-7806-44d1-803e-00ff882747f6/datanode-4/data/ratis/3ff2ba1f-15c5-46f0-bfef-9dbff3fc8b40
2019-09-24 18:42:39,473 [pool-335-thread-1] INFO  server.RaftServerConfigKeys (ConfUtils.java:logGet(43)) - raft.server.log.queue.byte-limit = 2147483647 (custom)
2019-09-24 18:42:39,473 [pool-335-thread-1] INFO  server.RaftServerConfigKeys (ConfUtils.java:logGet(43)) - raft.server.log.queue.element-limit = 1024 (custom)
2019-09-24 18:42:39,473 [pool-335-thread-1] INFO  server.RaftServerConfigKeys (ConfUtils.java:logGet(43)) - raft.server.log.segment.size.max = 1048576 (custom)
2019-09-24 18:42:39,473 [pool-335-thread-1] INFO  server.RaftServerConfigKeys (ConfUtils.java:logGet(43)) - raft.server.log.preallocated.size = 16384 (custom)
2019-09-24 18:42:39,474 [pool-335-thread-1] INFO  server.RaftServerConfigKeys (ConfUtils.java:logGet(43)) - raft.server.log.write.buffer.size = 33554432 (custom)
2019-09-24 18:42:39,474 [pool-335-thread-1] INFO  server.RaftServerConfigKeys (ConfUtils.java:logGet(43)) - raft.server.log.force.sync.num = 128 (default)
2019-09-24 18:42:39,474 [pool-335-thread-1] INFO  server.RaftServerConfigKeys (ConfUtils.java:logGet(43)) - raft.server.log.statemachine.data.sync = true (default)
2019-09-24 18:42:39,474 [pool-335-thread-1] INFO  server.RaftServerConfigKeys (ConfUtils.java:logGet(43)) - raft.server.log.statemachine.data.sync.timeout = 10s (default)
2019-09-24 18:42:39,474 [pool-335-thread-1] INFO  server.RaftServerConfigKeys (ConfUtils.java:logGet(43)) - raft.server.log.statemachine.data.sync.timeout.retry = -1 (default)
2019-09-24 18:42:39,474 [pool-335-thread-1] INFO  server.RaftServerConfigKeys (ConfUtils.java:logGet(43)) - raft.server.log.statemachine.data.caching.enabled = true (custom)
2019-09-24 18:42:39,474 [pool-335-thread-1] INFO  segmented.SegmentedRaftLogWorker (SegmentedRaftLogWorker.java:lambda$new$0(132)) - 8e1599e9-105d-4dd4-a052-d21668a40b75@group-9DBFF3FC8B40-SegmentedRaftLogWorker: flushIndex: setUnconditionally 0 -> -1
2019-09-24 18:42:39,475 [pool-335-thread-1] INFO  server.RaftServerConfigKeys (ConfUtils.java:logGet(43)) - raft.server.snapshot.auto.trigger.enabled = true (custom)
2019-09-24 18:42:39,475 [pool-335-thread-1] INFO  server.RaftServerConfigKeys (ConfUtils.java:logGet(43)) - raft.server.snapshot.auto.trigger.threshold = 10000 (custom)
2019-09-24 18:42:39,475 [pool-335-thread-1] INFO  server.RaftServerConfigKeys (ConfUtils.java:logGet(43)) - raft.server.snapshot.retention.num.files = 5 (custom)
2019-09-24 18:42:39,475 [pool-335-thread-1] INFO  server.RaftServerConfigKeys (ConfUtils.java:logGet(43)) - raft.server.retrycache.expirytime = 600000ms (custom)
2019-09-24 18:42:39,478 [pool-335-thread-1] INFO  impl.RaftServerImpl (RaftServerImpl.java:<init>(95)) - 8e1599e9-105d-4dd4-a052-d21668a40b75: new RaftServerImpl for group-3CA1AB4C0192:[8e1599e9-105d-4dd4-a052-d21668a40b75:192.168.36.84:44254] with ContainerStateMachine:uninitialized
2019-09-24 18:42:39,478 [pool-335-thread-1] INFO  server.RaftServerConfigKeys (ConfUtils.java:logGet(43)) - raft.server.rpc.timeout.min = 5s (custom)
2019-09-24 18:42:39,478 [pool-335-thread-1] INFO  server.RaftServerConfigKeys (ConfUtils.java:logGet(43)) - raft.server.rpc.timeout.max = 5200ms (custom)
2019-09-24 18:42:39,478 [pool-335-thread-1] INFO  server.RaftServerConfigKeys (ConfUtils.java:logGet(43)) - raft.server.rpcslowness.timeout = 120s (custom)
2019-09-24 18:42:39,479 [pool-335-thread-1] INFO  server.RaftServerConfigKeys (ConfUtils.java:logGet(43)) - raft.server.sleep.deviation.threshold = 300 (default)
2019-09-24 18:42:39,479 [pool-335-thread-1] INFO  server.RaftServerConfigKeys (ConfUtils.java:logGet(43)) - raft.server.log.appender.install.snapshot.enabled = false (custom)
2019-09-24 18:42:39,479 [pool-335-thread-1] INFO  impl.RaftServerImpl (ServerState.java:<init>(103)) - 8e1599e9-105d-4dd4-a052-d21668a40b75@group-3CA1AB4C0192: ConfigurationManager, init=-1: [8e1599e9-105d-4dd4-a052-d21668a40b75:192.168.36.84:44254], old=null, confs=<EMPTY_MAP>
2019-09-24 18:42:39,479 [pool-335-thread-1] INFO  server.RaftServerConfigKeys (ConfUtils.java:logGet(43)) - raft.server.storage.dir = [/workdir/hadoop-ozone/integration-test/target/test-dir/MiniOzoneClusterImpl-22a6b2d7-7806-44d1-803e-00ff882747f6/datanode-4/data/ratis] (custom)
2019-09-24 18:42:39,588 [pool-305-thread-1] INFO  storage.RaftStorageDirectory (RaftStorageDirectory.java:analyzeStorage(246)) - The storage directory /workdir/hadoop-ozone/integration-test/target/test-dir/MiniOzoneClusterImpl-22a6b2d7-7806-44d1-803e-00ff882747f6/datanode-1/data/ratis/3ff2ba1f-15c5-46f0-bfef-9dbff3fc8b40 does not exist. Creating ...
2019-09-24 18:42:39,665 [pool-335-thread-1] INFO  storage.RaftStorageDirectory (RaftStorageDirectory.java:analyzeStorage(246)) - The storage directory /workdir/hadoop-ozone/integration-test/target/test-dir/MiniOzoneClusterImpl-22a6b2d7-7806-44d1-803e-00ff882747f6/datanode-4/data/ratis/670f091e-396a-4676-a838-3ca1ab4c0192 does not exist. Creating ...
2019-09-24 18:42:39,863 [pool-305-thread-1] INFO  storage.RaftStorageDirectory (RaftStorageDirectory.java:tryLock(328)) - Lock on /workdir/hadoop-ozone/integration-test/target/test-dir/MiniOzoneClusterImpl-22a6b2d7-7806-44d1-803e-00ff882747f6/datanode-1/data/ratis/3ff2ba1f-15c5-46f0-bfef-9dbff3fc8b40/in_use.lock acquired by nodename 32065@pr-hdds-2171-6l6hb-1841322612
2019-09-24 18:42:39,864 [pool-335-thread-1] INFO  storage.RaftStorageDirectory (RaftStorageDirectory.java:tryLock(328)) - Lock on /workdir/hadoop-ozone/integration-test/target/test-dir/MiniOzoneClusterImpl-22a6b2d7-7806-44d1-803e-00ff882747f6/datanode-4/data/ratis/670f091e-396a-4676-a838-3ca1ab4c0192/in_use.lock acquired by nodename 32065@pr-hdds-2171-6l6hb-1841322612
2019-09-24 18:42:39,867 [pool-305-thread-1] INFO  storage.RaftStorage (RaftStorage.java:format(72)) - Storage directory /workdir/hadoop-ozone/integration-test/target/test-dir/MiniOzoneClusterImpl-22a6b2d7-7806-44d1-803e-00ff882747f6/datanode-1/data/ratis/3ff2ba1f-15c5-46f0-bfef-9dbff3fc8b40 has been successfully formatted.
2019-09-24 18:42:39,867 [pool-305-thread-1] INFO  ratis.ContainerStateMachine (ContainerStateMachine.java:loadSnapshot(230)) - group-9DBFF3FC8B40: The snapshot info is null. Setting the last applied indexto:(t:0, i:~)
2019-09-24 18:42:39,867 [pool-305-thread-1] INFO  server.RaftServerConfigKeys (ConfUtils.java:logGet(43)) - raft.server.notification.no-leader.timeout = 120s (custom)
2019-09-24 18:42:39,867 [pool-305-thread-1] INFO  server.RaftServerConfigKeys (ConfUtils.java:logGet(43)) - raft.server.log.use.memory = false (default)
2019-09-24 18:42:39,868 [pool-305-thread-1] INFO  server.RaftServerConfigKeys (ConfUtils.java:logGet(43)) - raft.server.log.purge.gap = 1000000 (custom)
2019-09-24 18:42:39,868 [pool-305-thread-1] INFO  server.RaftServerConfigKeys (ConfUtils.java:logGet(43)) - raft.server.log.appender.buffer.byte-limit = 33554432 (custom)
2019-09-24 18:42:39,868 [pool-305-thread-1] INFO  server.RaftServerConfigKeys (ConfUtils.java:logGet(43)) - raft.server.log.segment.size.max = 1048576 (custom)
2019-09-24 18:42:39,868 [pool-305-thread-1] INFO  server.RaftServerConfigKeys (ConfUtils.java:logGet(43)) - raft.server.log.segment.cache.num.max = 2 (custom)
2019-09-24 18:42:39,868 [pool-305-thread-1] INFO  segmented.SegmentedRaftLogWorker (SegmentedRaftLogWorker.java:<init>(172)) - new ff3e2dbf-fbd7-44c8-b920-6245688f6c83@group-9DBFF3FC8B40-SegmentedRaftLogWorker for RaftStorage:Storage Directory /workdir/hadoop-ozone/integration-test/target/test-dir/MiniOzoneClusterImpl-22a6b2d7-7806-44d1-803e-00ff882747f6/datanode-1/data/ratis/3ff2ba1f-15c5-46f0-bfef-9dbff3fc8b40
2019-09-24 18:42:39,868 [pool-305-thread-1] INFO  server.RaftServerConfigKeys (ConfUtils.java:logGet(43)) - raft.server.log.queue.byte-limit = 2147483647 (custom)
2019-09-24 18:42:39,868 [pool-305-thread-1] INFO  server.RaftServerConfigKeys (ConfUtils.java:logGet(43)) - raft.server.log.queue.element-limit = 1024 (custom)
2019-09-24 18:42:39,868 [pool-305-thread-1] INFO  server.RaftServerConfigKeys (ConfUtils.java:logGet(43)) - raft.server.log.segment.size.max = 1048576 (custom)
2019-09-24 18:42:39,868 [pool-305-thread-1] INFO  server.RaftServerConfigKeys (ConfUtils.java:logGet(43)) - raft.server.log.preallocated.size = 16384 (custom)
2019-09-24 18:42:39,869 [pool-305-thread-1] INFO  server.RaftServerConfigKeys (ConfUtils.java:logGet(43)) - raft.server.log.write.buffer.size = 33554432 (custom)
2019-09-24 18:42:39,869 [pool-305-thread-1] INFO  server.RaftServerConfigKeys (ConfUtils.java:logGet(43)) - raft.server.log.force.sync.num = 128 (default)
2019-09-24 18:42:39,869 [pool-305-thread-1] INFO  server.RaftServerConfigKeys (ConfUtils.java:logGet(43)) - raft.server.log.statemachine.data.sync = true (default)
2019-09-24 18:42:39,869 [pool-305-thread-1] INFO  server.RaftServerConfigKeys (ConfUtils.java:logGet(43)) - raft.server.log.statemachine.data.sync.timeout = 10s (default)
2019-09-24 18:42:39,869 [pool-305-thread-1] INFO  server.RaftServerConfigKeys (ConfUtils.java:logGet(43)) - raft.server.log.statemachine.data.sync.timeout.retry = -1 (default)
2019-09-24 18:42:39,869 [pool-305-thread-1] INFO  server.RaftServerConfigKeys (ConfUtils.java:logGet(43)) - raft.server.log.statemachine.data.caching.enabled = true (custom)
2019-09-24 18:42:39,869 [pool-305-thread-1] INFO  segmented.SegmentedRaftLogWorker (SegmentedRaftLogWorker.java:lambda$new$0(132)) - ff3e2dbf-fbd7-44c8-b920-6245688f6c83@group-9DBFF3FC8B40-SegmentedRaftLogWorker: flushIndex: setUnconditionally 0 -> -1
2019-09-24 18:42:39,870 [pool-305-thread-1] INFO  server.RaftServerConfigKeys (ConfUtils.java:logGet(43)) - raft.server.snapshot.auto.trigger.enabled = true (custom)
2019-09-24 18:42:39,870 [pool-305-thread-1] INFO  server.RaftServerConfigKeys (ConfUtils.java:logGet(43)) - raft.server.snapshot.auto.trigger.threshold = 10000 (custom)
2019-09-24 18:42:39,870 [pool-305-thread-1] INFO  server.RaftServerConfigKeys (ConfUtils.java:logGet(43)) - raft.server.snapshot.retention.num.files = 5 (custom)
2019-09-24 18:42:39,870 [pool-305-thread-1] INFO  server.RaftServerConfigKeys (ConfUtils.java:logGet(43)) - raft.server.retrycache.expirytime = 600000ms (custom)
2019-09-24 18:42:39,872 [pool-305-thread-1] INFO  impl.RaftServerImpl (RaftServerImpl.java:start(185)) - ff3e2dbf-fbd7-44c8-b920-6245688f6c83@group-2CF3C92598C3: start as a follower, conf=-1: [ff3e2dbf-fbd7-44c8-b920-6245688f6c83:192.168.36.84:44531], old=null
2019-09-24 18:42:39,872 [pool-305-thread-1] INFO  impl.RaftServerImpl (RaftServerImpl.java:setRole(174)) - ff3e2dbf-fbd7-44c8-b920-6245688f6c83@group-2CF3C92598C3: changes role from      null to FOLLOWER at term 0 for startAsFollower
2019-09-24 18:42:39,872 [pool-305-thread-1] INFO  impl.RoleInfo (RoleInfo.java:updateAndGet(143)) - ff3e2dbf-fbd7-44c8-b920-6245688f6c83: start FollowerState
2019-09-24 18:42:39,872 [pool-305-thread-1] INFO  util.JmxRegister (JmxRegister.java:tryRegister(44)) - Successfully registered JMX Bean with object name Ratis:service=RaftServer,group=group-2CF3C92598C3,id=ff3e2dbf-fbd7-44c8-b920-6245688f6c83
2019-09-24 18:42:39,873 [pool-305-thread-1] INFO  impl.RaftServerImpl (RaftServerImpl.java:start(185)) - ff3e2dbf-fbd7-44c8-b920-6245688f6c83@group-F2343F61EB5A: start as a follower, conf=-1: [bfedd7ac-20a7-41ea-98ab-a94e8334a7fe:192.168.36.84:46718, ff3e2dbf-fbd7-44c8-b920-6245688f6c83:192.168.36.84:44531, 8e1599e9-105d-4dd4-a052-d21668a40b75:192.168.36.84:44254], old=null
2019-09-24 18:42:39,873 [pool-305-thread-1] INFO  impl.RaftServerImpl (RaftServerImpl.java:setRole(174)) - ff3e2dbf-fbd7-44c8-b920-6245688f6c83@group-F2343F61EB5A: changes role from      null to FOLLOWER at term 0 for startAsFollower
2019-09-24 18:42:39,873 [pool-305-thread-1] INFO  impl.RoleInfo (RoleInfo.java:updateAndGet(143)) - ff3e2dbf-fbd7-44c8-b920-6245688f6c83: start FollowerState
2019-09-24 18:42:39,873 [pool-305-thread-1] INFO  util.JmxRegister (JmxRegister.java:tryRegister(44)) - Successfully registered JMX Bean with object name Ratis:service=RaftServer,group=group-F2343F61EB5A,id=ff3e2dbf-fbd7-44c8-b920-6245688f6c83
2019-09-24 18:42:39,874 [pool-305-thread-1] INFO  impl.RaftServerImpl (RaftServerImpl.java:start(185)) - ff3e2dbf-fbd7-44c8-b920-6245688f6c83@group-9DBFF3FC8B40: start as a follower, conf=-1: [bfedd7ac-20a7-41ea-98ab-a94e8334a7fe:192.168.36.84:46718, ff3e2dbf-fbd7-44c8-b920-6245688f6c83:192.168.36.84:44531, 8e1599e9-105d-4dd4-a052-d21668a40b75:192.168.36.84:44254], old=null
2019-09-24 18:42:39,874 [pool-305-thread-1] INFO  impl.RaftServerImpl (RaftServerImpl.java:setRole(174)) - ff3e2dbf-fbd7-44c8-b920-6245688f6c83@group-9DBFF3FC8B40: changes role from      null to FOLLOWER at term 0 for startAsFollower
2019-09-24 18:42:39,874 [pool-305-thread-1] INFO  impl.RoleInfo (RoleInfo.java:updateAndGet(143)) - ff3e2dbf-fbd7-44c8-b920-6245688f6c83: start FollowerState
2019-09-24 18:42:39,874 [pool-305-thread-1] INFO  util.JmxRegister (JmxRegister.java:tryRegister(44)) - Successfully registered JMX Bean with object name Ratis:service=RaftServer,group=group-9DBFF3FC8B40,id=ff3e2dbf-fbd7-44c8-b920-6245688f6c83
2019-09-24 18:42:40,217 [pool-335-thread-1] INFO  storage.RaftStorage (RaftStorage.java:format(72)) - Storage directory /workdir/hadoop-ozone/integration-test/target/test-dir/MiniOzoneClusterImpl-22a6b2d7-7806-44d1-803e-00ff882747f6/datanode-4/data/ratis/670f091e-396a-4676-a838-3ca1ab4c0192 has been successfully formatted.
2019-09-24 18:42:40,217 [pool-335-thread-1] INFO  ratis.ContainerStateMachine (ContainerStateMachine.java:loadSnapshot(230)) - group-3CA1AB4C0192: The snapshot info is null. Setting the last applied indexto:(t:0, i:~)
2019-09-24 18:42:40,218 [pool-335-thread-1] INFO  server.RaftServerConfigKeys (ConfUtils.java:logGet(43)) - raft.server.notification.no-leader.timeout = 120s (custom)
2019-09-24 18:42:40,218 [pool-335-thread-1] INFO  server.RaftServerConfigKeys (ConfUtils.java:logGet(43)) - raft.server.log.use.memory = false (default)
2019-09-24 18:42:40,218 [pool-335-thread-1] INFO  server.RaftServerConfigKeys (ConfUtils.java:logGet(43)) - raft.server.log.purge.gap = 1000000 (custom)
2019-09-24 18:42:40,218 [pool-335-thread-1] INFO  server.RaftServerConfigKeys (ConfUtils.java:logGet(43)) - raft.server.log.appender.buffer.byte-limit = 33554432 (custom)
2019-09-24 18:42:40,218 [pool-335-thread-1] INFO  server.RaftServerConfigKeys (ConfUtils.java:logGet(43)) - raft.server.log.segment.size.max = 1048576 (custom)
2019-09-24 18:42:40,218 [pool-335-thread-1] INFO  server.RaftServerConfigKeys (ConfUtils.java:logGet(43)) - raft.server.log.segment.cache.num.max = 2 (custom)
2019-09-24 18:42:40,219 [pool-335-thread-1] INFO  segmented.SegmentedRaftLogWorker (SegmentedRaftLogWorker.java:<init>(172)) - new 8e1599e9-105d-4dd4-a052-d21668a40b75@group-3CA1AB4C0192-SegmentedRaftLogWorker for RaftStorage:Storage Directory /workdir/hadoop-ozone/integration-test/target/test-dir/MiniOzoneClusterImpl-22a6b2d7-7806-44d1-803e-00ff882747f6/datanode-4/data/ratis/670f091e-396a-4676-a838-3ca1ab4c0192
2019-09-24 18:42:40,219 [pool-335-thread-1] INFO  server.RaftServerConfigKeys (ConfUtils.java:logGet(43)) - raft.server.log.queue.byte-limit = 2147483647 (custom)
2019-09-24 18:42:40,219 [pool-335-thread-1] INFO  server.RaftServerConfigKeys (ConfUtils.java:logGet(43)) - raft.server.log.queue.element-limit = 1024 (custom)
2019-09-24 18:42:40,219 [pool-335-thread-1] INFO  server.RaftServerConfigKeys (ConfUtils.java:logGet(43)) - raft.server.log.segment.size.max = 1048576 (custom)
2019-09-24 18:42:40,219 [pool-335-thread-1] INFO  server.RaftServerConfigKeys (ConfUtils.java:logGet(43)) - raft.server.log.preallocated.size = 16384 (custom)
2019-09-24 18:42:40,220 [pool-335-thread-1] INFO  server.RaftServerConfigKeys (ConfUtils.java:logGet(43)) - raft.server.log.write.buffer.size = 33554432 (custom)
2019-09-24 18:42:40,220 [pool-335-thread-1] INFO  server.RaftServerConfigKeys (ConfUtils.java:logGet(43)) - raft.server.log.force.sync.num = 128 (default)
2019-09-24 18:42:40,220 [pool-335-thread-1] INFO  server.RaftServerConfigKeys (ConfUtils.java:logGet(43)) - raft.server.log.statemachine.data.sync = true (default)
2019-09-24 18:42:40,220 [pool-335-thread-1] INFO  server.RaftServerConfigKeys (ConfUtils.java:logGet(43)) - raft.server.log.statemachine.data.sync.timeout = 10s (default)
2019-09-24 18:42:40,220 [pool-335-thread-1] INFO  server.RaftServerConfigKeys (ConfUtils.java:logGet(43)) - raft.server.log.statemachine.data.sync.timeout.retry = -1 (default)
2019-09-24 18:42:40,220 [pool-335-thread-1] INFO  server.RaftServerConfigKeys (ConfUtils.java:logGet(43)) - raft.server.log.statemachine.data.caching.enabled = true (custom)
2019-09-24 18:42:40,221 [pool-335-thread-1] INFO  segmented.SegmentedRaftLogWorker (SegmentedRaftLogWorker.java:lambda$new$0(132)) - 8e1599e9-105d-4dd4-a052-d21668a40b75@group-3CA1AB4C0192-SegmentedRaftLogWorker: flushIndex: setUnconditionally 0 -> -1
2019-09-24 18:42:40,221 [pool-335-thread-1] INFO  server.RaftServerConfigKeys (ConfUtils.java:logGet(43)) - raft.server.snapshot.auto.trigger.enabled = true (custom)
2019-09-24 18:42:40,221 [pool-335-thread-1] INFO  server.RaftServerConfigKeys (ConfUtils.java:logGet(43)) - raft.server.snapshot.auto.trigger.threshold = 10000 (custom)
2019-09-24 18:42:40,222 [pool-335-thread-1] INFO  server.RaftServerConfigKeys (ConfUtils.java:logGet(43)) - raft.server.snapshot.retention.num.files = 5 (custom)
2019-09-24 18:42:40,222 [pool-335-thread-1] INFO  server.RaftServerConfigKeys (ConfUtils.java:logGet(43)) - raft.server.retrycache.expirytime = 600000ms (custom)
2019-09-24 18:42:40,224 [pool-335-thread-1] INFO  impl.RaftServerImpl (RaftServerImpl.java:start(185)) - 8e1599e9-105d-4dd4-a052-d21668a40b75@group-F2343F61EB5A: start as a follower, conf=-1: [bfedd7ac-20a7-41ea-98ab-a94e8334a7fe:192.168.36.84:46718, ff3e2dbf-fbd7-44c8-b920-6245688f6c83:192.168.36.84:44531, 8e1599e9-105d-4dd4-a052-d21668a40b75:192.168.36.84:44254], old=null
2019-09-24 18:42:40,224 [pool-335-thread-1] INFO  impl.RaftServerImpl (RaftServerImpl.java:setRole(174)) - 8e1599e9-105d-4dd4-a052-d21668a40b75@group-F2343F61EB5A: changes role from      null to FOLLOWER at term 0 for startAsFollower
2019-09-24 18:42:40,225 [pool-335-thread-1] INFO  impl.RoleInfo (RoleInfo.java:updateAndGet(143)) - 8e1599e9-105d-4dd4-a052-d21668a40b75: start FollowerState
2019-09-24 18:42:40,245 [pool-335-thread-1] INFO  util.JmxRegister (JmxRegister.java:tryRegister(44)) - Successfully registered JMX Bean with object name Ratis:service=RaftServer,group=group-F2343F61EB5A,id=8e1599e9-105d-4dd4-a052-d21668a40b75
2019-09-24 18:42:40,246 [pool-335-thread-1] INFO  impl.RaftServerImpl (RaftServerImpl.java:start(185)) - 8e1599e9-105d-4dd4-a052-d21668a40b75@group-9DBFF3FC8B40: start as a follower, conf=-1: [bfedd7ac-20a7-41ea-98ab-a94e8334a7fe:192.168.36.84:46718, ff3e2dbf-fbd7-44c8-b920-6245688f6c83:192.168.36.84:44531, 8e1599e9-105d-4dd4-a052-d21668a40b75:192.168.36.84:44254], old=null
2019-09-24 18:42:40,253 [pool-335-thread-1] INFO  impl.RaftServerImpl (RaftServerImpl.java:setRole(174)) - 8e1599e9-105d-4dd4-a052-d21668a40b75@group-9DBFF3FC8B40: changes role from      null to FOLLOWER at term 0 for startAsFollower
2019-09-24 18:42:40,254 [pool-335-thread-1] INFO  impl.RoleInfo (RoleInfo.java:updateAndGet(143)) - 8e1599e9-105d-4dd4-a052-d21668a40b75: start FollowerState
2019-09-24 18:42:40,254 [pool-335-thread-1] INFO  util.JmxRegister (JmxRegister.java:tryRegister(44)) - Successfully registered JMX Bean with object name Ratis:service=RaftServer,group=group-9DBFF3FC8B40,id=8e1599e9-105d-4dd4-a052-d21668a40b75
2019-09-24 18:42:40,255 [pool-335-thread-1] INFO  impl.RaftServerImpl (RaftServerImpl.java:start(185)) - 8e1599e9-105d-4dd4-a052-d21668a40b75@group-3CA1AB4C0192: start as a follower, conf=-1: [8e1599e9-105d-4dd4-a052-d21668a40b75:192.168.36.84:44254], old=null
2019-09-24 18:42:40,255 [pool-335-thread-1] INFO  impl.RaftServerImpl (RaftServerImpl.java:setRole(174)) - 8e1599e9-105d-4dd4-a052-d21668a40b75@group-3CA1AB4C0192: changes role from      null to FOLLOWER at term 0 for startAsFollower
2019-09-24 18:42:40,255 [pool-335-thread-1] INFO  impl.RoleInfo (RoleInfo.java:updateAndGet(143)) - 8e1599e9-105d-4dd4-a052-d21668a40b75: start FollowerState
2019-09-24 18:42:40,255 [pool-335-thread-1] INFO  util.JmxRegister (JmxRegister.java:tryRegister(44)) - Successfully registered JMX Bean with object name Ratis:service=RaftServer,group=group-3CA1AB4C0192,id=8e1599e9-105d-4dd4-a052-d21668a40b75
2019-09-24 18:42:40,260 [RatisPipelineUtilsThread] INFO  pipeline.PipelineStateManager (PipelineStateManager.java:addPipeline(56)) - Created pipeline Pipeline[ Id: 670f091e-396a-4676-a838-3ca1ab4c0192, Nodes: 8e1599e9-105d-4dd4-a052-d21668a40b75{ip: 192.168.36.84, host: pr-hdds-2171-6l6hb-1841322612, networkLocation: /default-rack, certSerialId: null}, Type:RATIS, Factor:ONE, State:OPEN]
2019-09-24 18:42:40,268 [grpc-default-executor-13] INFO  impl.RaftServerProxy (RaftServerProxy.java:addNew(89)) - bfedd7ac-20a7-41ea-98ab-a94e8334a7fe: addNew group-4E39BEB5EB28:[bfedd7ac-20a7-41ea-98ab-a94e8334a7fe:192.168.36.84:46718] returns group-4E39BEB5EB28:java.util.concurrent.CompletableFuture@16c253ca[Not completed]
2019-09-24 18:42:40,270 [pool-355-thread-1] INFO  impl.RaftServerImpl (RaftServerImpl.java:<init>(95)) - bfedd7ac-20a7-41ea-98ab-a94e8334a7fe: new RaftServerImpl for group-4E39BEB5EB28:[bfedd7ac-20a7-41ea-98ab-a94e8334a7fe:192.168.36.84:46718] with ContainerStateMachine:uninitialized
2019-09-24 18:42:40,270 [pool-355-thread-1] INFO  server.RaftServerConfigKeys (ConfUtils.java:logGet(43)) - raft.server.rpc.timeout.min = 5s (custom)
2019-09-24 18:42:40,270 [pool-355-thread-1] INFO  server.RaftServerConfigKeys (ConfUtils.java:logGet(43)) - raft.server.rpc.timeout.max = 5200ms (custom)
2019-09-24 18:42:40,270 [pool-355-thread-1] INFO  server.RaftServerConfigKeys (ConfUtils.java:logGet(43)) - raft.server.rpcslowness.timeout = 120s (custom)
2019-09-24 18:42:40,270 [pool-355-thread-1] INFO  server.RaftServerConfigKeys (ConfUtils.java:logGet(43)) - raft.server.sleep.deviation.threshold = 300 (default)
2019-09-24 18:42:40,270 [pool-355-thread-1] INFO  server.RaftServerConfigKeys (ConfUtils.java:logGet(43)) - raft.server.log.appender.install.snapshot.enabled = false (custom)
2019-09-24 18:42:40,271 [pool-355-thread-1] INFO  impl.RaftServerImpl (ServerState.java:<init>(103)) - bfedd7ac-20a7-41ea-98ab-a94e8334a7fe@group-4E39BEB5EB28: ConfigurationManager, init=-1: [bfedd7ac-20a7-41ea-98ab-a94e8334a7fe:192.168.36.84:46718], old=null, confs=<EMPTY_MAP>
2019-09-24 18:42:40,271 [pool-355-thread-1] INFO  server.RaftServerConfigKeys (ConfUtils.java:logGet(43)) - raft.server.storage.dir = [/workdir/hadoop-ozone/integration-test/target/test-dir/MiniOzoneClusterImpl-22a6b2d7-7806-44d1-803e-00ff882747f6/datanode-6/data/ratis] (custom)
2019-09-24 18:42:40,271 [pool-355-thread-1] INFO  storage.RaftStorageDirectory (RaftStorageDirectory.java:analyzeStorage(246)) - The storage directory /workdir/hadoop-ozone/integration-test/target/test-dir/MiniOzoneClusterImpl-22a6b2d7-7806-44d1-803e-00ff882747f6/datanode-6/data/ratis/9bd49ce9-cb5f-4f73-aa49-4e39beb5eb28 does not exist. Creating ...
2019-09-24 18:42:40,575 [pool-355-thread-1] INFO  storage.RaftStorageDirectory (RaftStorageDirectory.java:tryLock(328)) - Lock on /workdir/hadoop-ozone/integration-test/target/test-dir/MiniOzoneClusterImpl-22a6b2d7-7806-44d1-803e-00ff882747f6/datanode-6/data/ratis/9bd49ce9-cb5f-4f73-aa49-4e39beb5eb28/in_use.lock acquired by nodename 32065@pr-hdds-2171-6l6hb-1841322612
2019-09-24 18:42:40,939 [pool-355-thread-1] INFO  storage.RaftStorage (RaftStorage.java:format(72)) - Storage directory /workdir/hadoop-ozone/integration-test/target/test-dir/MiniOzoneClusterImpl-22a6b2d7-7806-44d1-803e-00ff882747f6/datanode-6/data/ratis/9bd49ce9-cb5f-4f73-aa49-4e39beb5eb28 has been successfully formatted.
2019-09-24 18:42:40,939 [pool-355-thread-1] INFO  ratis.ContainerStateMachine (ContainerStateMachine.java:loadSnapshot(230)) - group-4E39BEB5EB28: The snapshot info is null. Setting the last applied indexto:(t:0, i:~)
2019-09-24 18:42:40,940 [pool-355-thread-1] INFO  server.RaftServerConfigKeys (ConfUtils.java:logGet(43)) - raft.server.notification.no-leader.timeout = 120s (custom)
2019-09-24 18:42:40,940 [pool-355-thread-1] INFO  server.RaftServerConfigKeys (ConfUtils.java:logGet(43)) - raft.server.log.use.memory = false (default)
2019-09-24 18:42:40,940 [pool-355-thread-1] INFO  server.RaftServerConfigKeys (ConfUtils.java:logGet(43)) - raft.server.log.purge.gap = 1000000 (custom)
2019-09-24 18:42:40,940 [pool-355-thread-1] INFO  server.RaftServerConfigKeys (ConfUtils.java:logGet(43)) - raft.server.log.appender.buffer.byte-limit = 33554432 (custom)
2019-09-24 18:42:40,940 [pool-355-thread-1] INFO  server.RaftServerConfigKeys (ConfUtils.java:logGet(43)) - raft.server.log.segment.size.max = 1048576 (custom)
2019-09-24 18:42:40,941 [pool-355-thread-1] INFO  server.RaftServerConfigKeys (ConfUtils.java:logGet(43)) - raft.server.log.segment.cache.num.max = 2 (custom)
2019-09-24 18:42:40,941 [pool-355-thread-1] INFO  segmented.SegmentedRaftLogWorker (SegmentedRaftLogWorker.java:<init>(172)) - new bfedd7ac-20a7-41ea-98ab-a94e8334a7fe@group-4E39BEB5EB28-SegmentedRaftLogWorker for RaftStorage:Storage Directory /workdir/hadoop-ozone/integration-test/target/test-dir/MiniOzoneClusterImpl-22a6b2d7-7806-44d1-803e-00ff882747f6/datanode-6/data/ratis/9bd49ce9-cb5f-4f73-aa49-4e39beb5eb28
2019-09-24 18:42:40,941 [pool-355-thread-1] INFO  server.RaftServerConfigKeys (ConfUtils.java:logGet(43)) - raft.server.log.queue.byte-limit = 2147483647 (custom)
2019-09-24 18:42:40,941 [pool-355-thread-1] INFO  server.RaftServerConfigKeys (ConfUtils.java:logGet(43)) - raft.server.log.queue.element-limit = 1024 (custom)
2019-09-24 18:42:40,941 [pool-355-thread-1] INFO  server.RaftServerConfigKeys (ConfUtils.java:logGet(43)) - raft.server.log.segment.size.max = 1048576 (custom)
2019-09-24 18:42:40,941 [pool-355-thread-1] INFO  server.RaftServerConfigKeys (ConfUtils.java:logGet(43)) - raft.server.log.preallocated.size = 16384 (custom)
2019-09-24 18:42:40,942 [pool-355-thread-1] INFO  server.RaftServerConfigKeys (ConfUtils.java:logGet(43)) - raft.server.log.write.buffer.size = 33554432 (custom)
2019-09-24 18:42:40,942 [pool-355-thread-1] INFO  server.RaftServerConfigKeys (ConfUtils.java:logGet(43)) - raft.server.log.force.sync.num = 128 (default)
2019-09-24 18:42:40,942 [pool-355-thread-1] INFO  server.RaftServerConfigKeys (ConfUtils.java:logGet(43)) - raft.server.log.statemachine.data.sync = true (default)
2019-09-24 18:42:40,942 [pool-355-thread-1] INFO  server.RaftServerConfigKeys (ConfUtils.java:logGet(43)) - raft.server.log.statemachine.data.sync.timeout = 10s (default)
2019-09-24 18:42:40,942 [pool-355-thread-1] INFO  server.RaftServerConfigKeys (ConfUtils.java:logGet(43)) - raft.server.log.statemachine.data.sync.timeout.retry = -1 (default)
2019-09-24 18:42:40,942 [pool-355-thread-1] INFO  server.RaftServerConfigKeys (ConfUtils.java:logGet(43)) - raft.server.log.statemachine.data.caching.enabled = true (custom)
2019-09-24 18:42:40,943 [pool-355-thread-1] INFO  segmented.SegmentedRaftLogWorker (SegmentedRaftLogWorker.java:lambda$new$0(132)) - bfedd7ac-20a7-41ea-98ab-a94e8334a7fe@group-4E39BEB5EB28-SegmentedRaftLogWorker: flushIndex: setUnconditionally 0 -> -1
2019-09-24 18:42:40,943 [pool-355-thread-1] INFO  server.RaftServerConfigKeys (ConfUtils.java:logGet(43)) - raft.server.snapshot.auto.trigger.enabled = true (custom)
2019-09-24 18:42:40,943 [pool-355-thread-1] INFO  server.RaftServerConfigKeys (ConfUtils.java:logGet(43)) - raft.server.snapshot.auto.trigger.threshold = 10000 (custom)
2019-09-24 18:42:40,944 [pool-355-thread-1] INFO  server.RaftServerConfigKeys (ConfUtils.java:logGet(43)) - raft.server.snapshot.retention.num.files = 5 (custom)
2019-09-24 18:42:40,944 [pool-355-thread-1] INFO  server.RaftServerConfigKeys (ConfUtils.java:logGet(43)) - raft.server.retrycache.expirytime = 600000ms (custom)
2019-09-24 18:42:40,946 [pool-355-thread-1] INFO  impl.RaftServerImpl (RaftServerImpl.java:start(185)) - bfedd7ac-20a7-41ea-98ab-a94e8334a7fe@group-4E39BEB5EB28: start as a follower, conf=-1: [bfedd7ac-20a7-41ea-98ab-a94e8334a7fe:192.168.36.84:46718], old=null
2019-09-24 18:42:40,947 [pool-355-thread-1] INFO  impl.RaftServerImpl (RaftServerImpl.java:setRole(174)) - bfedd7ac-20a7-41ea-98ab-a94e8334a7fe@group-4E39BEB5EB28: changes role from      null to FOLLOWER at term 0 for startAsFollower
2019-09-24 18:42:40,947 [pool-355-thread-1] INFO  impl.RoleInfo (RoleInfo.java:updateAndGet(143)) - bfedd7ac-20a7-41ea-98ab-a94e8334a7fe: start FollowerState
2019-09-24 18:42:40,947 [pool-355-thread-1] INFO  util.JmxRegister (JmxRegister.java:tryRegister(44)) - Successfully registered JMX Bean with object name Ratis:service=RaftServer,group=group-4E39BEB5EB28,id=bfedd7ac-20a7-41ea-98ab-a94e8334a7fe
2019-09-24 18:42:40,950 [RatisPipelineUtilsThread] INFO  pipeline.PipelineStateManager (PipelineStateManager.java:addPipeline(56)) - Created pipeline Pipeline[ Id: 9bd49ce9-cb5f-4f73-aa49-4e39beb5eb28, Nodes: bfedd7ac-20a7-41ea-98ab-a94e8334a7fe{ip: 192.168.36.84, host: pr-hdds-2171-6l6hb-1841322612, networkLocation: /default-rack, certSerialId: null}, Type:RATIS, Factor:ONE, State:OPEN]
2019-09-24 18:42:40,955 [grpc-default-executor-13] INFO  impl.RaftServerProxy (RaftServerProxy.java:addNew(89)) - ff3e2dbf-fbd7-44c8-b920-6245688f6c83: addNew group-E54688BB8D2E:[ff3e2dbf-fbd7-44c8-b920-6245688f6c83:192.168.36.84:44531] returns group-E54688BB8D2E:java.util.concurrent.CompletableFuture@47004b03[Not completed]
2019-09-24 18:42:40,957 [pool-305-thread-1] INFO  impl.RaftServerImpl (RaftServerImpl.java:<init>(95)) - ff3e2dbf-fbd7-44c8-b920-6245688f6c83: new RaftServerImpl for group-E54688BB8D2E:[ff3e2dbf-fbd7-44c8-b920-6245688f6c83:192.168.36.84:44531] with ContainerStateMachine:uninitialized
2019-09-24 18:42:40,957 [pool-305-thread-1] INFO  server.RaftServerConfigKeys (ConfUtils.java:logGet(43)) - raft.server.rpc.timeout.min = 5s (custom)
2019-09-24 18:42:40,957 [pool-305-thread-1] INFO  server.RaftServerConfigKeys (ConfUtils.java:logGet(43)) - raft.server.rpc.timeout.max = 5200ms (custom)
2019-09-24 18:42:40,957 [pool-305-thread-1] INFO  server.RaftServerConfigKeys (ConfUtils.java:logGet(43)) - raft.server.rpcslowness.timeout = 120s (custom)
2019-09-24 18:42:40,957 [pool-305-thread-1] INFO  server.RaftServerConfigKeys (ConfUtils.java:logGet(43)) - raft.server.sleep.deviation.threshold = 300 (default)
2019-09-24 18:42:40,957 [pool-305-thread-1] INFO  server.RaftServerConfigKeys (ConfUtils.java:logGet(43)) - raft.server.log.appender.install.snapshot.enabled = false (custom)
2019-09-24 18:42:40,958 [pool-305-thread-1] INFO  impl.RaftServerImpl (ServerState.java:<init>(103)) - ff3e2dbf-fbd7-44c8-b920-6245688f6c83@group-E54688BB8D2E: ConfigurationManager, init=-1: [ff3e2dbf-fbd7-44c8-b920-6245688f6c83:192.168.36.84:44531], old=null, confs=<EMPTY_MAP>
2019-09-24 18:42:40,958 [pool-305-thread-1] INFO  server.RaftServerConfigKeys (ConfUtils.java:logGet(43)) - raft.server.storage.dir = [/workdir/hadoop-ozone/integration-test/target/test-dir/MiniOzoneClusterImpl-22a6b2d7-7806-44d1-803e-00ff882747f6/datanode-1/data/ratis] (custom)
2019-09-24 18:42:40,958 [pool-305-thread-1] INFO  storage.RaftStorageDirectory (RaftStorageDirectory.java:analyzeStorage(246)) - The storage directory /workdir/hadoop-ozone/integration-test/target/test-dir/MiniOzoneClusterImpl-22a6b2d7-7806-44d1-803e-00ff882747f6/datanode-1/data/ratis/c43cd421-eae2-4130-a427-e54688bb8d2e does not exist. Creating ...
2019-09-24 18:42:41,304 [pool-305-thread-1] INFO  storage.RaftStorageDirectory (RaftStorageDirectory.java:tryLock(328)) - Lock on /workdir/hadoop-ozone/integration-test/target/test-dir/MiniOzoneClusterImpl-22a6b2d7-7806-44d1-803e-00ff882747f6/datanode-1/data/ratis/c43cd421-eae2-4130-a427-e54688bb8d2e/in_use.lock acquired by nodename 32065@pr-hdds-2171-6l6hb-1841322612
2019-09-24 18:42:41,625 [pool-305-thread-1] INFO  storage.RaftStorage (RaftStorage.java:format(72)) - Storage directory /workdir/hadoop-ozone/integration-test/target/test-dir/MiniOzoneClusterImpl-22a6b2d7-7806-44d1-803e-00ff882747f6/datanode-1/data/ratis/c43cd421-eae2-4130-a427-e54688bb8d2e has been successfully formatted.
2019-09-24 18:42:41,626 [pool-305-thread-1] INFO  ratis.ContainerStateMachine (ContainerStateMachine.java:loadSnapshot(230)) - group-E54688BB8D2E: The snapshot info is null. Setting the last applied indexto:(t:0, i:~)
2019-09-24 18:42:41,626 [pool-305-thread-1] INFO  server.RaftServerConfigKeys (ConfUtils.java:logGet(43)) - raft.server.notification.no-leader.timeout = 120s (custom)
2019-09-24 18:42:41,627 [pool-305-thread-1] INFO  server.RaftServerConfigKeys (ConfUtils.java:logGet(43)) - raft.server.log.use.memory = false (default)
2019-09-24 18:42:41,627 [pool-305-thread-1] INFO  server.RaftServerConfigKeys (ConfUtils.java:logGet(43)) - raft.server.log.purge.gap = 1000000 (custom)
2019-09-24 18:42:41,627 [pool-305-thread-1] INFO  server.RaftServerConfigKeys (ConfUtils.java:logGet(43)) - raft.server.log.appender.buffer.byte-limit = 33554432 (custom)
2019-09-24 18:42:41,628 [pool-305-thread-1] INFO  server.RaftServerConfigKeys (ConfUtils.java:logGet(43)) - raft.server.log.segment.size.max = 1048576 (custom)
2019-09-24 18:42:41,628 [pool-305-thread-1] INFO  server.RaftServerConfigKeys (ConfUtils.java:logGet(43)) - raft.server.log.segment.cache.num.max = 2 (custom)
2019-09-24 18:42:41,628 [pool-305-thread-1] INFO  segmented.SegmentedRaftLogWorker (SegmentedRaftLogWorker.java:<init>(172)) - new ff3e2dbf-fbd7-44c8-b920-6245688f6c83@group-E54688BB8D2E-SegmentedRaftLogWorker for RaftStorage:Storage Directory /workdir/hadoop-ozone/integration-test/target/test-dir/MiniOzoneClusterImpl-22a6b2d7-7806-44d1-803e-00ff882747f6/datanode-1/data/ratis/c43cd421-eae2-4130-a427-e54688bb8d2e
2019-09-24 18:42:41,629 [pool-305-thread-1] INFO  server.RaftServerConfigKeys (ConfUtils.java:logGet(43)) - raft.server.log.queue.byte-limit = 2147483647 (custom)
2019-09-24 18:42:41,629 [pool-305-thread-1] INFO  server.RaftServerConfigKeys (ConfUtils.java:logGet(43)) - raft.server.log.queue.element-limit = 1024 (custom)
2019-09-24 18:42:41,629 [pool-305-thread-1] INFO  server.RaftServerConfigKeys (ConfUtils.java:logGet(43)) - raft.server.log.segment.size.max = 1048576 (custom)
2019-09-24 18:42:41,629 [pool-305-thread-1] INFO  server.RaftServerConfigKeys (ConfUtils.java:logGet(43)) - raft.server.log.preallocated.size = 16384 (custom)
2019-09-24 18:42:41,629 [pool-305-thread-1] INFO  server.RaftServerConfigKeys (ConfUtils.java:logGet(43)) - raft.server.log.write.buffer.size = 33554432 (custom)
2019-09-24 18:42:41,629 [pool-305-thread-1] INFO  server.RaftServerConfigKeys (ConfUtils.java:logGet(43)) - raft.server.log.force.sync.num = 128 (default)
2019-09-24 18:42:41,630 [pool-305-thread-1] INFO  server.RaftServerConfigKeys (ConfUtils.java:logGet(43)) - raft.server.log.statemachine.data.sync = true (default)
2019-09-24 18:42:41,630 [pool-305-thread-1] INFO  server.RaftServerConfigKeys (ConfUtils.java:logGet(43)) - raft.server.log.statemachine.data.sync.timeout = 10s (default)
2019-09-24 18:42:41,630 [pool-305-thread-1] INFO  server.RaftServerConfigKeys (ConfUtils.java:logGet(43)) - raft.server.log.statemachine.data.sync.timeout.retry = -1 (default)
2019-09-24 18:42:41,630 [pool-305-thread-1] INFO  server.RaftServerConfigKeys (ConfUtils.java:logGet(43)) - raft.server.log.statemachine.data.caching.enabled = true (custom)
2019-09-24 18:42:41,631 [pool-305-thread-1] INFO  segmented.SegmentedRaftLogWorker (SegmentedRaftLogWorker.java:lambda$new$0(132)) - ff3e2dbf-fbd7-44c8-b920-6245688f6c83@group-E54688BB8D2E-SegmentedRaftLogWorker: flushIndex: setUnconditionally 0 -> -1
2019-09-24 18:42:41,632 [pool-305-thread-1] INFO  server.RaftServerConfigKeys (ConfUtils.java:logGet(43)) - raft.server.snapshot.auto.trigger.enabled = true (custom)
2019-09-24 18:42:41,632 [pool-305-thread-1] INFO  server.RaftServerConfigKeys (ConfUtils.java:logGet(43)) - raft.server.snapshot.auto.trigger.threshold = 10000 (custom)
2019-09-24 18:42:41,632 [pool-305-thread-1] INFO  server.RaftServerConfigKeys (ConfUtils.java:logGet(43)) - raft.server.snapshot.retention.num.files = 5 (custom)
2019-09-24 18:42:41,632 [pool-305-thread-1] INFO  server.RaftServerConfigKeys (ConfUtils.java:logGet(43)) - raft.server.retrycache.expirytime = 600000ms (custom)
2019-09-24 18:42:41,636 [pool-305-thread-1] INFO  impl.RaftServerImpl (RaftServerImpl.java:start(185)) - ff3e2dbf-fbd7-44c8-b920-6245688f6c83@group-E54688BB8D2E: start as a follower, conf=-1: [ff3e2dbf-fbd7-44c8-b920-6245688f6c83:192.168.36.84:44531], old=null
2019-09-24 18:42:41,636 [pool-305-thread-1] INFO  impl.RaftServerImpl (RaftServerImpl.java:setRole(174)) - ff3e2dbf-fbd7-44c8-b920-6245688f6c83@group-E54688BB8D2E: changes role from      null to FOLLOWER at term 0 for startAsFollower
2019-09-24 18:42:41,636 [pool-305-thread-1] INFO  impl.RoleInfo (RoleInfo.java:updateAndGet(143)) - ff3e2dbf-fbd7-44c8-b920-6245688f6c83: start FollowerState
2019-09-24 18:42:41,637 [pool-305-thread-1] INFO  util.JmxRegister (JmxRegister.java:tryRegister(44)) - Successfully registered JMX Bean with object name Ratis:service=RaftServer,group=group-E54688BB8D2E,id=ff3e2dbf-fbd7-44c8-b920-6245688f6c83
2019-09-24 18:42:41,643 [RatisPipelineUtilsThread] INFO  pipeline.PipelineStateManager (PipelineStateManager.java:addPipeline(56)) - Created pipeline Pipeline[ Id: c43cd421-eae2-4130-a427-e54688bb8d2e, Nodes: ff3e2dbf-fbd7-44c8-b920-6245688f6c83{ip: 192.168.36.84, host: pr-hdds-2171-6l6hb-1841322612, networkLocation: /default-rack, certSerialId: null}, Type:RATIS, Factor:ONE, State:OPEN]
2019-09-24 18:42:41,649 [grpc-default-executor-13] INFO  impl.RaftServerProxy (RaftServerProxy.java:addNew(89)) - 38cf64fb-7489-4110-a682-ffe13eeb8522: addNew group-87FEBA91323D:[38cf64fb-7489-4110-a682-ffe13eeb8522:192.168.36.84:40297] returns group-87FEBA91323D:java.util.concurrent.CompletableFuture@6536b38[Not completed]
2019-09-24 18:42:41,651 [pool-325-thread-1] INFO  impl.RaftServerImpl (RaftServerImpl.java:<init>(95)) - 38cf64fb-7489-4110-a682-ffe13eeb8522: new RaftServerImpl for group-87FEBA91323D:[38cf64fb-7489-4110-a682-ffe13eeb8522:192.168.36.84:40297] with ContainerStateMachine:uninitialized
2019-09-24 18:42:41,651 [pool-325-thread-1] INFO  server.RaftServerConfigKeys (ConfUtils.java:logGet(43)) - raft.server.rpc.timeout.min = 5s (custom)
2019-09-24 18:42:41,652 [pool-325-thread-1] INFO  server.RaftServerConfigKeys (ConfUtils.java:logGet(43)) - raft.server.rpc.timeout.max = 5200ms (custom)
2019-09-24 18:42:41,652 [pool-325-thread-1] INFO  server.RaftServerConfigKeys (ConfUtils.java:logGet(43)) - raft.server.rpcslowness.timeout = 120s (custom)
2019-09-24 18:42:41,652 [pool-325-thread-1] INFO  server.RaftServerConfigKeys (ConfUtils.java:logGet(43)) - raft.server.sleep.deviation.threshold = 300 (default)
2019-09-24 18:42:41,652 [pool-325-thread-1] INFO  server.RaftServerConfigKeys (ConfUtils.java:logGet(43)) - raft.server.log.appender.install.snapshot.enabled = false (custom)
2019-09-24 18:42:41,652 [pool-325-thread-1] INFO  impl.RaftServerImpl (ServerState.java:<init>(103)) - 38cf64fb-7489-4110-a682-ffe13eeb8522@group-87FEBA91323D: ConfigurationManager, init=-1: [38cf64fb-7489-4110-a682-ffe13eeb8522:192.168.36.84:40297], old=null, confs=<EMPTY_MAP>
2019-09-24 18:42:41,652 [pool-325-thread-1] INFO  server.RaftServerConfigKeys (ConfUtils.java:logGet(43)) - raft.server.storage.dir = [/workdir/hadoop-ozone/integration-test/target/test-dir/MiniOzoneClusterImpl-22a6b2d7-7806-44d1-803e-00ff882747f6/datanode-3/data/ratis] (custom)
2019-09-24 18:42:41,653 [pool-325-thread-1] INFO  storage.RaftStorageDirectory (RaftStorageDirectory.java:analyzeStorage(246)) - The storage directory /workdir/hadoop-ozone/integration-test/target/test-dir/MiniOzoneClusterImpl-22a6b2d7-7806-44d1-803e-00ff882747f6/datanode-3/data/ratis/b9ecaa16-c2b5-4a83-ad54-87feba91323d does not exist. Creating ...
2019-09-24 18:42:44,491 [Thread-2113] INFO  impl.FollowerState (FollowerState.java:run(106)) - bfedd7ac-20a7-41ea-98ab-a94e8334a7fe:group-F2343F61EB5A changes to CANDIDATE, lastRpcTime:5055, electionTimeout:5055ms
2019-09-24 18:42:44,493 [Thread-2113] INFO  impl.RoleInfo (RoleInfo.java:shutdownFollowerState(121)) - bfedd7ac-20a7-41ea-98ab-a94e8334a7fe: shutdown FollowerState
2019-09-24 18:42:44,493 [Thread-2113] INFO  impl.RaftServerImpl (RaftServerImpl.java:setRole(174)) - bfedd7ac-20a7-41ea-98ab-a94e8334a7fe@group-F2343F61EB5A: changes role from  FOLLOWER to CANDIDATE at term 0 for changeToCandidate
2019-09-24 18:42:44,494 [Thread-2113] INFO  impl.RoleInfo (RoleInfo.java:updateAndGet(143)) - bfedd7ac-20a7-41ea-98ab-a94e8334a7fe: start LeaderElection
2019-09-24 18:42:44,533 [Thread-2115] INFO  impl.FollowerState (FollowerState.java:run(106)) - bfedd7ac-20a7-41ea-98ab-a94e8334a7fe:group-9DBFF3FC8B40 changes to CANDIDATE, lastRpcTime:5095, electionTimeout:5095ms
2019-09-24 18:42:44,533 [Thread-2115] INFO  impl.RoleInfo (RoleInfo.java:shutdownFollowerState(121)) - bfedd7ac-20a7-41ea-98ab-a94e8334a7fe: shutdown FollowerState
2019-09-24 18:42:44,533 [Thread-2115] INFO  impl.RaftServerImpl (RaftServerImpl.java:setRole(174)) - bfedd7ac-20a7-41ea-98ab-a94e8334a7fe@group-9DBFF3FC8B40: changes role from  FOLLOWER to CANDIDATE at term 0 for changeToCandidate
2019-09-24 18:42:44,533 [Thread-2115] INFO  impl.RoleInfo (RoleInfo.java:updateAndGet(143)) - bfedd7ac-20a7-41ea-98ab-a94e8334a7fe: start LeaderElection
2019-09-24 18:42:44,652 [RATISCREATEPIPELINE1] ERROR pipeline.RatisPipelineProvider (RatisPipelineProvider.java:lambda$null$5(235)) - Failed invoke Ratis rpc org.apache.hadoop.hdds.scm.pipeline.RatisPipelineProvider$$Lambda$187/923374524@5a1a6d38 for 38cf64fb-7489-4110-a682-ffe13eeb8522
org.apache.ratis.protocol.TimeoutIOException: deadline exceeded after 2999854638ns
	at org.apache.ratis.grpc.GrpcUtil.tryUnwrapException(GrpcUtil.java:82)
	at org.apache.ratis.grpc.GrpcUtil.unwrapException(GrpcUtil.java:75)
	at org.apache.ratis.grpc.client.GrpcClientProtocolClient.blockingCall(GrpcClientProtocolClient.java:178)
	at org.apache.ratis.grpc.client.GrpcClientProtocolClient.groupAdd(GrpcClientProtocolClient.java:147)
	at org.apache.ratis.grpc.client.GrpcClientRpc.sendRequest(GrpcClientRpc.java:94)
	at org.apache.ratis.client.impl.RaftClientImpl.sendRequest(RaftClientImpl.java:278)
	at org.apache.ratis.client.impl.RaftClientImpl.groupAdd(RaftClientImpl.java:205)
	at org.apache.hadoop.hdds.scm.pipeline.RatisPipelineProvider.lambda$initializePipeline$4(RatisPipelineProvider.java:196)
	at org.apache.hadoop.hdds.scm.pipeline.RatisPipelineProvider.lambda$null$5(RatisPipelineProvider.java:231)
	at java.util.stream.ForEachOps$ForEachOp$OfRef.accept(ForEachOps.java:184)
	at java.util.ArrayList$ArrayListSpliterator.forEachRemaining(ArrayList.java:1382)
	at java.util.stream.AbstractPipeline.copyInto(AbstractPipeline.java:482)
	at java.util.stream.ForEachOps$ForEachTask.compute(ForEachOps.java:291)
	at java.util.concurrent.CountedCompleter.exec(CountedCompleter.java:731)
	at java.util.concurrent.ForkJoinTask.doExec(ForkJoinTask.java:289)
	at java.util.concurrent.ForkJoinTask.doInvoke(ForkJoinTask.java:401)
	at java.util.concurrent.ForkJoinTask.invoke(ForkJoinTask.java:734)
	at java.util.stream.ForEachOps$ForEachOp.evaluateParallel(ForEachOps.java:160)
	at java.util.stream.ForEachOps$ForEachOp$OfRef.evaluateParallel(ForEachOps.java:174)
	at java.util.stream.AbstractPipeline.evaluate(AbstractPipeline.java:233)
	at java.util.stream.ReferencePipeline.forEach(ReferencePipeline.java:418)
	at java.util.stream.ReferencePipeline$Head.forEach(ReferencePipeline.java:583)
	at org.apache.hadoop.hdds.scm.pipeline.RatisPipelineProvider.lambda$callRatisRpc$6(RatisPipelineProvider.java:225)
	at java.util.concurrent.ForkJoinTask$AdaptedRunnableAction.exec(ForkJoinTask.java:1386)
	at java.util.concurrent.ForkJoinTask.doExec(ForkJoinTask.java:289)
	at java.util.concurrent.ForkJoinPool$WorkQueue.runTask(ForkJoinPool.java:1056)
	at java.util.concurrent.ForkJoinPool.runWorker(ForkJoinPool.java:1692)
	at java.util.concurrent.ForkJoinWorkerThread.run(ForkJoinWorkerThread.java:157)
Caused by: org.apache.ratis.thirdparty.io.grpc.StatusRuntimeException: DEADLINE_EXCEEDED: deadline exceeded after 2999854638ns
	at org.apache.ratis.thirdparty.io.grpc.stub.ClientCalls.toStatusRuntimeException(ClientCalls.java:233)
	at org.apache.ratis.thirdparty.io.grpc.stub.ClientCalls.getUnchecked(ClientCalls.java:214)
	at org.apache.ratis.thirdparty.io.grpc.stub.ClientCalls.blockingUnaryCall(ClientCalls.java:139)
	at org.apache.ratis.proto.grpc.AdminProtocolServiceGrpc$AdminProtocolServiceBlockingStub.groupManagement(AdminProtocolServiceGrpc.java:274)
	at org.apache.ratis.grpc.client.GrpcClientProtocolClient.lambda$groupAdd$3(GrpcClientProtocolClient.java:149)
	at org.apache.ratis.grpc.client.GrpcClientProtocolClient.blockingCall(GrpcClientProtocolClient.java:176)
	... 25 more
2019-09-24 18:42:44,671 [grpc-default-executor-6] INFO  impl.RaftServerProxy (RaftServerProxy.java:addNew(89)) - ff3e2dbf-fbd7-44c8-b920-6245688f6c83: addNew group-E47707E13CB0:[bfedd7ac-20a7-41ea-98ab-a94e8334a7fe:192.168.36.84:46718, ff3e2dbf-fbd7-44c8-b920-6245688f6c83:192.168.36.84:44531, 8e1599e9-105d-4dd4-a052-d21668a40b75:192.168.36.84:44254] returns group-E47707E13CB0:java.util.concurrent.CompletableFuture@16f0a37b[Not completed]
2019-09-24 18:42:44,671 [grpc-default-executor-12] INFO  impl.RaftServerProxy (RaftServerProxy.java:addNew(89)) - bfedd7ac-20a7-41ea-98ab-a94e8334a7fe: addNew group-E47707E13CB0:[bfedd7ac-20a7-41ea-98ab-a94e8334a7fe:192.168.36.84:46718, ff3e2dbf-fbd7-44c8-b920-6245688f6c83:192.168.36.84:44531, 8e1599e9-105d-4dd4-a052-d21668a40b75:192.168.36.84:44254] returns group-E47707E13CB0:java.util.concurrent.CompletableFuture@1d479225[Not completed]
2019-09-24 18:42:44,671 [grpc-default-executor-13] INFO  impl.RaftServerProxy (RaftServerProxy.java:addNew(89)) - 8e1599e9-105d-4dd4-a052-d21668a40b75: addNew group-E47707E13CB0:[bfedd7ac-20a7-41ea-98ab-a94e8334a7fe:192.168.36.84:46718, ff3e2dbf-fbd7-44c8-b920-6245688f6c83:192.168.36.84:44531, 8e1599e9-105d-4dd4-a052-d21668a40b75:192.168.36.84:44254] returns group-E47707E13CB0:java.util.concurrent.CompletableFuture@6300f5fa[Not completed]
2019-09-24 18:42:44,673 [pool-355-thread-1] INFO  impl.RaftServerImpl (RaftServerImpl.java:<init>(95)) - bfedd7ac-20a7-41ea-98ab-a94e8334a7fe: new RaftServerImpl for group-E47707E13CB0:[bfedd7ac-20a7-41ea-98ab-a94e8334a7fe:192.168.36.84:46718, ff3e2dbf-fbd7-44c8-b920-6245688f6c83:192.168.36.84:44531, 8e1599e9-105d-4dd4-a052-d21668a40b75:192.168.36.84:44254] with ContainerStateMachine:uninitialized
2019-09-24 18:42:44,673 [pool-355-thread-1] INFO  server.RaftServerConfigKeys (ConfUtils.java:logGet(43)) - raft.server.rpc.timeout.min = 5s (custom)
2019-09-24 18:42:44,673 [pool-355-thread-1] INFO  server.RaftServerConfigKeys (ConfUtils.java:logGet(43)) - raft.server.rpc.timeout.max = 5200ms (custom)
2019-09-24 18:42:44,674 [pool-355-thread-1] INFO  server.RaftServerConfigKeys (ConfUtils.java:logGet(43)) - raft.server.rpcslowness.timeout = 120s (custom)
2019-09-24 18:42:44,674 [pool-355-thread-1] INFO  server.RaftServerConfigKeys (ConfUtils.java:logGet(43)) - raft.server.sleep.deviation.threshold = 300 (default)
2019-09-24 18:42:44,674 [pool-355-thread-1] INFO  server.RaftServerConfigKeys (ConfUtils.java:logGet(43)) - raft.server.log.appender.install.snapshot.enabled = false (custom)
2019-09-24 18:42:44,674 [pool-305-thread-1] INFO  impl.RaftServerImpl (RaftServerImpl.java:<init>(95)) - ff3e2dbf-fbd7-44c8-b920-6245688f6c83: new RaftServerImpl for group-E47707E13CB0:[bfedd7ac-20a7-41ea-98ab-a94e8334a7fe:192.168.36.84:46718, ff3e2dbf-fbd7-44c8-b920-6245688f6c83:192.168.36.84:44531, 8e1599e9-105d-4dd4-a052-d21668a40b75:192.168.36.84:44254] with ContainerStateMachine:uninitialized
2019-09-24 18:42:44,674 [pool-355-thread-1] INFO  impl.RaftServerImpl (ServerState.java:<init>(103)) - bfedd7ac-20a7-41ea-98ab-a94e8334a7fe@group-E47707E13CB0: ConfigurationManager, init=-1: [bfedd7ac-20a7-41ea-98ab-a94e8334a7fe:192.168.36.84:46718, ff3e2dbf-fbd7-44c8-b920-6245688f6c83:192.168.36.84:44531, 8e1599e9-105d-4dd4-a052-d21668a40b75:192.168.36.84:44254], old=null, confs=<EMPTY_MAP>
2019-09-24 18:42:44,674 [pool-305-thread-1] INFO  server.RaftServerConfigKeys (ConfUtils.java:logGet(43)) - raft.server.rpc.timeout.min = 5s (custom)
2019-09-24 18:42:44,674 [pool-355-thread-1] INFO  server.RaftServerConfigKeys (ConfUtils.java:logGet(43)) - raft.server.storage.dir = [/workdir/hadoop-ozone/integration-test/target/test-dir/MiniOzoneClusterImpl-22a6b2d7-7806-44d1-803e-00ff882747f6/datanode-6/data/ratis] (custom)
2019-09-24 18:42:44,675 [pool-305-thread-1] INFO  server.RaftServerConfigKeys (ConfUtils.java:logGet(43)) - raft.server.rpc.timeout.max = 5200ms (custom)
2019-09-24 18:42:44,675 [pool-335-thread-1] INFO  impl.RaftServerImpl (RaftServerImpl.java:<init>(95)) - 8e1599e9-105d-4dd4-a052-d21668a40b75: new RaftServerImpl for group-E47707E13CB0:[bfedd7ac-20a7-41ea-98ab-a94e8334a7fe:192.168.36.84:46718, ff3e2dbf-fbd7-44c8-b920-6245688f6c83:192.168.36.84:44531, 8e1599e9-105d-4dd4-a052-d21668a40b75:192.168.36.84:44254] with ContainerStateMachine:uninitialized
2019-09-24 18:42:44,675 [pool-305-thread-1] INFO  server.RaftServerConfigKeys (ConfUtils.java:logGet(43)) - raft.server.rpcslowness.timeout = 120s (custom)
2019-09-24 18:42:44,675 [pool-355-thread-1] INFO  storage.RaftStorageDirectory (RaftStorageDirectory.java:analyzeStorage(246)) - The storage directory /workdir/hadoop-ozone/integration-test/target/test-dir/MiniOzoneClusterImpl-22a6b2d7-7806-44d1-803e-00ff882747f6/datanode-6/data/ratis/60863a1c-74bb-4d18-9047-e47707e13cb0 does not exist. Creating ...
2019-09-24 18:42:44,675 [pool-335-thread-1] INFO  server.RaftServerConfigKeys (ConfUtils.java:logGet(43)) - raft.server.rpc.timeout.min = 5s (custom)
2019-09-24 18:42:44,675 [pool-305-thread-1] INFO  server.RaftServerConfigKeys (ConfUtils.java:logGet(43)) - raft.server.sleep.deviation.threshold = 300 (default)
2019-09-24 18:42:44,675 [pool-335-thread-1] INFO  server.RaftServerConfigKeys (ConfUtils.java:logGet(43)) - raft.server.rpc.timeout.max = 5200ms (custom)
2019-09-24 18:42:44,676 [pool-305-thread-1] INFO  server.RaftServerConfigKeys (ConfUtils.java:logGet(43)) - raft.server.log.appender.install.snapshot.enabled = false (custom)
2019-09-24 18:42:44,676 [pool-335-thread-1] INFO  server.RaftServerConfigKeys (ConfUtils.java:logGet(43)) - raft.server.rpcslowness.timeout = 120s (custom)
2019-09-24 18:42:44,676 [pool-305-thread-1] INFO  impl.RaftServerImpl (ServerState.java:<init>(103)) - ff3e2dbf-fbd7-44c8-b920-6245688f6c83@group-E47707E13CB0: ConfigurationManager, init=-1: [bfedd7ac-20a7-41ea-98ab-a94e8334a7fe:192.168.36.84:46718, ff3e2dbf-fbd7-44c8-b920-6245688f6c83:192.168.36.84:44531, 8e1599e9-105d-4dd4-a052-d21668a40b75:192.168.36.84:44254], old=null, confs=<EMPTY_MAP>
2019-09-24 18:42:44,676 [pool-335-thread-1] INFO  server.RaftServerConfigKeys (ConfUtils.java:logGet(43)) - raft.server.sleep.deviation.threshold = 300 (default)
2019-09-24 18:42:44,676 [pool-305-thread-1] INFO  server.RaftServerConfigKeys (ConfUtils.java:logGet(43)) - raft.server.storage.dir = [/workdir/hadoop-ozone/integration-test/target/test-dir/MiniOzoneClusterImpl-22a6b2d7-7806-44d1-803e-00ff882747f6/datanode-1/data/ratis] (custom)
2019-09-24 18:42:44,676 [pool-335-thread-1] INFO  server.RaftServerConfigKeys (ConfUtils.java:logGet(43)) - raft.server.log.appender.install.snapshot.enabled = false (custom)
2019-09-24 18:42:44,677 [pool-335-thread-1] INFO  impl.RaftServerImpl (ServerState.java:<init>(103)) - 8e1599e9-105d-4dd4-a052-d21668a40b75@group-E47707E13CB0: ConfigurationManager, init=-1: [bfedd7ac-20a7-41ea-98ab-a94e8334a7fe:192.168.36.84:46718, ff3e2dbf-fbd7-44c8-b920-6245688f6c83:192.168.36.84:44531, 8e1599e9-105d-4dd4-a052-d21668a40b75:192.168.36.84:44254], old=null, confs=<EMPTY_MAP>
2019-09-24 18:42:44,677 [pool-305-thread-1] INFO  storage.RaftStorageDirectory (RaftStorageDirectory.java:analyzeStorage(246)) - The storage directory /workdir/hadoop-ozone/integration-test/target/test-dir/MiniOzoneClusterImpl-22a6b2d7-7806-44d1-803e-00ff882747f6/datanode-1/data/ratis/60863a1c-74bb-4d18-9047-e47707e13cb0 does not exist. Creating ...
2019-09-24 18:42:44,677 [pool-335-thread-1] INFO  server.RaftServerConfigKeys (ConfUtils.java:logGet(43)) - raft.server.storage.dir = [/workdir/hadoop-ozone/integration-test/target/test-dir/MiniOzoneClusterImpl-22a6b2d7-7806-44d1-803e-00ff882747f6/datanode-4/data/ratis] (custom)
2019-09-24 18:42:44,678 [pool-335-thread-1] INFO  storage.RaftStorageDirectory (RaftStorageDirectory.java:analyzeStorage(246)) - The storage directory /workdir/hadoop-ozone/integration-test/target/test-dir/MiniOzoneClusterImpl-22a6b2d7-7806-44d1-803e-00ff882747f6/datanode-4/data/ratis/60863a1c-74bb-4d18-9047-e47707e13cb0 does not exist. Creating ...
2019-09-24 18:42:44,948 [Thread-2121] INFO  impl.FollowerState (FollowerState.java:run(106)) - ff3e2dbf-fbd7-44c8-b920-6245688f6c83:group-F2343F61EB5A changes to CANDIDATE, lastRpcTime:5074, electionTimeout:5074ms
2019-09-24 18:42:44,948 [Thread-2121] INFO  impl.RoleInfo (RoleInfo.java:shutdownFollowerState(121)) - ff3e2dbf-fbd7-44c8-b920-6245688f6c83: shutdown FollowerState
2019-09-24 18:42:44,948 [Thread-2121] INFO  impl.RaftServerImpl (RaftServerImpl.java:setRole(174)) - ff3e2dbf-fbd7-44c8-b920-6245688f6c83@group-F2343F61EB5A: changes role from  FOLLOWER to CANDIDATE at term 0 for changeToCandidate
2019-09-24 18:42:44,948 [Thread-2121] INFO  impl.RoleInfo (RoleInfo.java:updateAndGet(143)) - ff3e2dbf-fbd7-44c8-b920-6245688f6c83: start LeaderElection
2019-09-24 18:42:45,008 [Thread-2119] INFO  impl.FollowerState (FollowerState.java:run(106)) - ff3e2dbf-fbd7-44c8-b920-6245688f6c83:group-2CF3C92598C3 changes to CANDIDATE, lastRpcTime:5135, electionTimeout:5135ms
2019-09-24 18:42:45,008 [Thread-2119] INFO  impl.RoleInfo (RoleInfo.java:shutdownFollowerState(121)) - ff3e2dbf-fbd7-44c8-b920-6245688f6c83: shutdown FollowerState
2019-09-24 18:42:45,008 [Thread-2119] INFO  impl.RaftServerImpl (RaftServerImpl.java:setRole(174)) - ff3e2dbf-fbd7-44c8-b920-6245688f6c83@group-2CF3C92598C3: changes role from  FOLLOWER to CANDIDATE at term 0 for changeToCandidate
2019-09-24 18:42:45,008 [Thread-2119] INFO  impl.RoleInfo (RoleInfo.java:updateAndGet(143)) - ff3e2dbf-fbd7-44c8-b920-6245688f6c83: start LeaderElection
2019-09-24 18:42:45,069 [Thread-2123] INFO  impl.FollowerState (FollowerState.java:run(106)) - ff3e2dbf-fbd7-44c8-b920-6245688f6c83:group-9DBFF3FC8B40 changes to CANDIDATE, lastRpcTime:5195, electionTimeout:5195ms
2019-09-24 18:42:45,070 [Thread-2123] INFO  impl.RoleInfo (RoleInfo.java:shutdownFollowerState(121)) - ff3e2dbf-fbd7-44c8-b920-6245688f6c83: shutdown FollowerState
2019-09-24 18:42:45,070 [Thread-2123] INFO  impl.RaftServerImpl (RaftServerImpl.java:setRole(174)) - ff3e2dbf-fbd7-44c8-b920-6245688f6c83@group-9DBFF3FC8B40: changes role from  FOLLOWER to CANDIDATE at term 0 for changeToCandidate
2019-09-24 18:42:45,070 [Thread-2123] INFO  impl.RoleInfo (RoleInfo.java:updateAndGet(143)) - ff3e2dbf-fbd7-44c8-b920-6245688f6c83: start LeaderElection
2019-09-24 18:42:45,403 [Thread-2130] INFO  impl.FollowerState (FollowerState.java:run(106)) - 8e1599e9-105d-4dd4-a052-d21668a40b75:group-3CA1AB4C0192 changes to CANDIDATE, lastRpcTime:5147, electionTimeout:5147ms
2019-09-24 18:42:45,403 [Thread-2130] INFO  impl.RoleInfo (RoleInfo.java:shutdownFollowerState(121)) - 8e1599e9-105d-4dd4-a052-d21668a40b75: shutdown FollowerState
2019-09-24 18:42:45,404 [Thread-2130] INFO  impl.RaftServerImpl (RaftServerImpl.java:setRole(174)) - 8e1599e9-105d-4dd4-a052-d21668a40b75@group-3CA1AB4C0192: changes role from  FOLLOWER to CANDIDATE at term 0 for changeToCandidate
2019-09-24 18:42:45,404 [Thread-2130] INFO  impl.RoleInfo (RoleInfo.java:updateAndGet(143)) - 8e1599e9-105d-4dd4-a052-d21668a40b75: start LeaderElection
2019-09-24 18:42:45,438 [Thread-2126] INFO  impl.FollowerState (FollowerState.java:run(106)) - 8e1599e9-105d-4dd4-a052-d21668a40b75:group-F2343F61EB5A changes to CANDIDATE, lastRpcTime:5213, electionTimeout:5174ms
2019-09-24 18:42:45,439 [Thread-2128] INFO  impl.FollowerState (FollowerState.java:run(106)) - 8e1599e9-105d-4dd4-a052-d21668a40b75:group-9DBFF3FC8B40 changes to CANDIDATE, lastRpcTime:5184, electionTimeout:5158ms
2019-09-24 18:42:45,439 [Thread-2126] INFO  impl.RoleInfo (RoleInfo.java:shutdownFollowerState(121)) - 8e1599e9-105d-4dd4-a052-d21668a40b75: shutdown FollowerState
2019-09-24 18:42:45,439 [Thread-2128] INFO  impl.RoleInfo (RoleInfo.java:shutdownFollowerState(121)) - 8e1599e9-105d-4dd4-a052-d21668a40b75: shutdown FollowerState
2019-09-24 18:42:45,439 [Thread-2126] INFO  impl.RaftServerImpl (RaftServerImpl.java:setRole(174)) - 8e1599e9-105d-4dd4-a052-d21668a40b75@group-F2343F61EB5A: changes role from  FOLLOWER to CANDIDATE at term 0 for changeToCandidate
2019-09-24 18:42:45,439 [Thread-2128] INFO  impl.RaftServerImpl (RaftServerImpl.java:setRole(174)) - 8e1599e9-105d-4dd4-a052-d21668a40b75@group-9DBFF3FC8B40: changes role from  FOLLOWER to CANDIDATE at term 0 for changeToCandidate
2019-09-24 18:42:45,439 [Thread-2126] INFO  impl.RoleInfo (RoleInfo.java:updateAndGet(143)) - 8e1599e9-105d-4dd4-a052-d21668a40b75: start LeaderElection
2019-09-24 18:42:45,439 [Thread-2128] INFO  impl.RoleInfo (RoleInfo.java:updateAndGet(143)) - 8e1599e9-105d-4dd4-a052-d21668a40b75: start LeaderElection
2019-09-24 18:42:46,075 [Thread-2133] INFO  impl.FollowerState (FollowerState.java:run(106)) - bfedd7ac-20a7-41ea-98ab-a94e8334a7fe:group-4E39BEB5EB28 changes to CANDIDATE, lastRpcTime:5128, electionTimeout:5128ms
2019-09-24 18:42:46,076 [Thread-2133] INFO  impl.RoleInfo (RoleInfo.java:shutdownFollowerState(121)) - bfedd7ac-20a7-41ea-98ab-a94e8334a7fe: shutdown FollowerState
2019-09-24 18:42:46,076 [Thread-2133] INFO  impl.RaftServerImpl (RaftServerImpl.java:setRole(174)) - bfedd7ac-20a7-41ea-98ab-a94e8334a7fe@group-4E39BEB5EB28: changes role from  FOLLOWER to CANDIDATE at term 0 for changeToCandidate
2019-09-24 18:42:46,076 [Thread-2133] INFO  impl.RoleInfo (RoleInfo.java:updateAndGet(143)) - bfedd7ac-20a7-41ea-98ab-a94e8334a7fe: start LeaderElection
2019-09-24 18:42:46,752 [Thread-2136] INFO  impl.FollowerState (FollowerState.java:run(106)) - ff3e2dbf-fbd7-44c8-b920-6245688f6c83:group-E54688BB8D2E changes to CANDIDATE, lastRpcTime:5115, electionTimeout:5115ms
2019-09-24 18:42:46,752 [Thread-2136] INFO  impl.RoleInfo (RoleInfo.java:shutdownFollowerState(121)) - ff3e2dbf-fbd7-44c8-b920-6245688f6c83: shutdown FollowerState
2019-09-24 18:42:46,752 [Thread-2136] INFO  impl.RaftServerImpl (RaftServerImpl.java:setRole(174)) - ff3e2dbf-fbd7-44c8-b920-6245688f6c83@group-E54688BB8D2E: changes role from  FOLLOWER to CANDIDATE at term 0 for changeToCandidate
2019-09-24 18:42:46,752 [Thread-2136] INFO  impl.RoleInfo (RoleInfo.java:updateAndGet(143)) - ff3e2dbf-fbd7-44c8-b920-6245688f6c83: start LeaderElection
2019-09-24 18:42:46,929 [pool-325-thread-1] INFO  storage.RaftStorageDirectory (RaftStorageDirectory.java:tryLock(328)) - Lock on /workdir/hadoop-ozone/integration-test/target/test-dir/MiniOzoneClusterImpl-22a6b2d7-7806-44d1-803e-00ff882747f6/datanode-3/data/ratis/b9ecaa16-c2b5-4a83-ad54-87feba91323d/in_use.lock acquired by nodename 32065@pr-hdds-2171-6l6hb-1841322612
2019-09-24 18:42:47,668 [RATISCREATEPIPELINE3] ERROR pipeline.RatisPipelineProvider (RatisPipelineProvider.java:lambda$null$5(235)) - Failed invoke Ratis rpc org.apache.hadoop.hdds.scm.pipeline.RatisPipelineProvider$$Lambda$187/923374524@d59aa4 for 8e1599e9-105d-4dd4-a052-d21668a40b75
org.apache.ratis.protocol.TimeoutIOException: deadline exceeded after 2999711402ns
	at org.apache.ratis.grpc.GrpcUtil.tryUnwrapException(GrpcUtil.java:82)
	at org.apache.ratis.grpc.GrpcUtil.unwrapException(GrpcUtil.java:75)
	at org.apache.ratis.grpc.client.GrpcClientProtocolClient.blockingCall(GrpcClientProtocolClient.java:178)
	at org.apache.ratis.grpc.client.GrpcClientProtocolClient.groupAdd(GrpcClientProtocolClient.java:147)
	at org.apache.ratis.grpc.client.GrpcClientRpc.sendRequest(GrpcClientRpc.java:94)
	at org.apache.ratis.client.impl.RaftClientImpl.sendRequest(RaftClientImpl.java:278)
	at org.apache.ratis.client.impl.RaftClientImpl.groupAdd(RaftClientImpl.java:205)
	at org.apache.hadoop.hdds.scm.pipeline.RatisPipelineProvider.lambda$initializePipeline$4(RatisPipelineProvider.java:196)
	at org.apache.hadoop.hdds.scm.pipeline.RatisPipelineProvider.lambda$null$5(RatisPipelineProvider.java:231)
	at java.util.stream.ForEachOps$ForEachOp$OfRef.accept(ForEachOps.java:184)
	at java.util.ArrayList$ArrayListSpliterator.forEachRemaining(ArrayList.java:1382)
	at java.util.stream.AbstractPipeline.copyInto(AbstractPipeline.java:482)
	at java.util.stream.ForEachOps$ForEachTask.compute(ForEachOps.java:291)
	at java.util.concurrent.CountedCompleter.exec(CountedCompleter.java:731)
	at java.util.concurrent.ForkJoinTask.doExec(ForkJoinTask.java:289)
	at java.util.concurrent.ForkJoinPool$WorkQueue.runTask(ForkJoinPool.java:1056)
	at java.util.concurrent.ForkJoinPool.runWorker(ForkJoinPool.java:1692)
	at java.util.concurrent.ForkJoinWorkerThread.run(ForkJoinWorkerThread.java:157)
Caused by: org.apache.ratis.thirdparty.io.grpc.StatusRuntimeException: DEADLINE_EXCEEDED: deadline exceeded after 2999711402ns
	at org.apache.ratis.thirdparty.io.grpc.stub.ClientCalls.toStatusRuntimeException(ClientCalls.java:233)
	at org.apache.ratis.thirdparty.io.grpc.stub.ClientCalls.getUnchecked(ClientCalls.java:214)
	at org.apache.ratis.thirdparty.io.grpc.stub.ClientCalls.blockingUnaryCall(ClientCalls.java:139)
	at org.apache.ratis.proto.grpc.AdminProtocolServiceGrpc$AdminProtocolServiceBlockingStub.groupManagement(AdminProtocolServiceGrpc.java:274)
	at org.apache.ratis.grpc.client.GrpcClientProtocolClient.lambda$groupAdd$3(GrpcClientProtocolClient.java:149)
	at org.apache.ratis.grpc.client.GrpcClientProtocolClient.blockingCall(GrpcClientProtocolClient.java:176)
	... 15 more
2019-09-24 18:42:47,669 [RATISCREATEPIPELINE1] ERROR pipeline.RatisPipelineProvider (RatisPipelineProvider.java:lambda$null$5(235)) - Failed invoke Ratis rpc org.apache.hadoop.hdds.scm.pipeline.RatisPipelineProvider$$Lambda$187/923374524@d59aa4 for bfedd7ac-20a7-41ea-98ab-a94e8334a7fe
org.apache.ratis.protocol.TimeoutIOException: deadline exceeded after 2999636730ns
	at org.apache.ratis.grpc.GrpcUtil.tryUnwrapException(GrpcUtil.java:82)
	at org.apache.ratis.grpc.GrpcUtil.unwrapException(GrpcUtil.java:75)
	at org.apache.ratis.grpc.client.GrpcClientProtocolClient.blockingCall(GrpcClientProtocolClient.java:178)
	at org.apache.ratis.grpc.client.GrpcClientProtocolClient.groupAdd(GrpcClientProtocolClient.java:147)
	at org.apache.ratis.grpc.client.GrpcClientRpc.sendRequest(GrpcClientRpc.java:94)
	at org.apache.ratis.client.impl.RaftClientImpl.sendRequest(RaftClientImpl.java:278)
	at org.apache.ratis.client.impl.RaftClientImpl.groupAdd(RaftClientImpl.java:205)
	at org.apache.hadoop.hdds.scm.pipeline.RatisPipelineProvider.lambda$initializePipeline$4(RatisPipelineProvider.java:196)
	at org.apache.hadoop.hdds.scm.pipeline.RatisPipelineProvider.lambda$null$5(RatisPipelineProvider.java:231)
	at java.util.stream.ForEachOps$ForEachOp$OfRef.accept(ForEachOps.java:184)
	at java.util.ArrayList$ArrayListSpliterator.forEachRemaining(ArrayList.java:1382)
	at java.util.stream.AbstractPipeline.copyInto(AbstractPipeline.java:482)
	at java.util.stream.ForEachOps$ForEachTask.compute(ForEachOps.java:291)
	at java.util.concurrent.CountedCompleter.exec(CountedCompleter.java:731)
	at java.util.concurrent.ForkJoinTask.doExec(ForkJoinTask.java:289)
	at java.util.concurrent.ForkJoinTask.doInvoke(ForkJoinTask.java:401)
	at java.util.concurrent.ForkJoinTask.invoke(ForkJoinTask.java:734)
	at java.util.stream.ForEachOps$ForEachOp.evaluateParallel(ForEachOps.java:160)
	at java.util.stream.ForEachOps$ForEachOp$OfRef.evaluateParallel(ForEachOps.java:174)
	at java.util.stream.AbstractPipeline.evaluate(AbstractPipeline.java:233)
	at java.util.stream.ReferencePipeline.forEach(ReferencePipeline.java:418)
	at java.util.stream.ReferencePipeline$Head.forEach(ReferencePipeline.java:583)
	at org.apache.hadoop.hdds.scm.pipeline.RatisPipelineProvider.lambda$callRatisRpc$6(RatisPipelineProvider.java:225)
	at java.util.concurrent.ForkJoinTask$AdaptedRunnableAction.exec(ForkJoinTask.java:1386)
	at java.util.concurrent.ForkJoinTask.doExec(ForkJoinTask.java:289)
	at java.util.concurrent.ForkJoinPool$WorkQueue.runTask(ForkJoinPool.java:1056)
	at java.util.concurrent.ForkJoinPool.runWorker(ForkJoinPool.java:1692)
	at java.util.concurrent.ForkJoinWorkerThread.run(ForkJoinWorkerThread.java:157)
Caused by: org.apache.ratis.thirdparty.io.grpc.StatusRuntimeException: DEADLINE_EXCEEDED: deadline exceeded after 2999636730ns
	at org.apache.ratis.thirdparty.io.grpc.stub.ClientCalls.toStatusRuntimeException(ClientCalls.java:233)
	at org.apache.ratis.thirdparty.io.grpc.stub.ClientCalls.getUnchecked(ClientCalls.java:214)
	at org.apache.ratis.thirdparty.io.grpc.stub.ClientCalls.blockingUnaryCall(ClientCalls.java:139)
	at org.apache.ratis.proto.grpc.AdminProtocolServiceGrpc$AdminProtocolServiceBlockingStub.groupManagement(AdminProtocolServiceGrpc.java:274)
	at org.apache.ratis.grpc.client.GrpcClientProtocolClient.lambda$groupAdd$3(GrpcClientProtocolClient.java:149)
	at org.apache.ratis.grpc.client.GrpcClientProtocolClient.blockingCall(GrpcClientProtocolClient.java:176)
	... 25 more
2019-09-24 18:42:47,669 [RATISCREATEPIPELINE2] ERROR pipeline.RatisPipelineProvider (RatisPipelineProvider.java:lambda$null$5(235)) - Failed invoke Ratis rpc org.apache.hadoop.hdds.scm.pipeline.RatisPipelineProvider$$Lambda$187/923374524@d59aa4 for ff3e2dbf-fbd7-44c8-b920-6245688f6c83
org.apache.ratis.protocol.TimeoutIOException: deadline exceeded after 2999584715ns
	at org.apache.ratis.grpc.GrpcUtil.tryUnwrapException(GrpcUtil.java:82)
	at org.apache.ratis.grpc.GrpcUtil.unwrapException(GrpcUtil.java:75)
	at org.apache.ratis.grpc.client.GrpcClientProtocolClient.blockingCall(GrpcClientProtocolClient.java:178)
	at org.apache.ratis.grpc.client.GrpcClientProtocolClient.groupAdd(GrpcClientProtocolClient.java:147)
	at org.apache.ratis.grpc.client.GrpcClientRpc.sendRequest(GrpcClientRpc.java:94)
	at org.apache.ratis.client.impl.RaftClientImpl.sendRequest(RaftClientImpl.java:278)
	at org.apache.ratis.client.impl.RaftClientImpl.groupAdd(RaftClientImpl.java:205)
	at org.apache.hadoop.hdds.scm.pipeline.RatisPipelineProvider.lambda$initializePipeline$4(RatisPipelineProvider.java:196)
	at org.apache.hadoop.hdds.scm.pipeline.RatisPipelineProvider.lambda$null$5(RatisPipelineProvider.java:231)
	at java.util.stream.ForEachOps$ForEachOp$OfRef.accept(ForEachOps.java:184)
	at java.util.ArrayList$ArrayListSpliterator.forEachRemaining(ArrayList.java:1382)
	at java.util.stream.AbstractPipeline.copyInto(AbstractPipeline.java:482)
	at java.util.stream.ForEachOps$ForEachTask.compute(ForEachOps.java:291)
	at java.util.concurrent.CountedCompleter.exec(CountedCompleter.java:731)
	at java.util.concurrent.ForkJoinTask.doExec(ForkJoinTask.java:289)
	at java.util.concurrent.ForkJoinPool$WorkQueue.runTask(ForkJoinPool.java:1056)
	at java.util.concurrent.ForkJoinPool.runWorker(ForkJoinPool.java:1692)
	at java.util.concurrent.ForkJoinWorkerThread.run(ForkJoinWorkerThread.java:157)
Caused by: org.apache.ratis.thirdparty.io.grpc.StatusRuntimeException: DEADLINE_EXCEEDED: deadline exceeded after 2999584715ns
	at org.apache.ratis.thirdparty.io.grpc.stub.ClientCalls.toStatusRuntimeException(ClientCalls.java:233)
	at org.apache.ratis.thirdparty.io.grpc.stub.ClientCalls.getUnchecked(ClientCalls.java:214)
	at org.apache.ratis.thirdparty.io.grpc.stub.ClientCalls.blockingUnaryCall(ClientCalls.java:139)
	at org.apache.ratis.proto.grpc.AdminProtocolServiceGrpc$AdminProtocolServiceBlockingStub.groupManagement(AdminProtocolServiceGrpc.java:274)
	at org.apache.ratis.grpc.client.GrpcClientProtocolClient.lambda$groupAdd$3(GrpcClientProtocolClient.java:149)
	at org.apache.ratis.grpc.client.GrpcClientProtocolClient.blockingCall(GrpcClientProtocolClient.java:176)
	... 15 more
2019-09-24 18:42:49,670 [pool-355-thread-1] INFO  storage.RaftStorageDirectory (RaftStorageDirectory.java:tryLock(328)) - Lock on /workdir/hadoop-ozone/integration-test/target/test-dir/MiniOzoneClusterImpl-22a6b2d7-7806-44d1-803e-00ff882747f6/datanode-6/data/ratis/60863a1c-74bb-4d18-9047-e47707e13cb0/in_use.lock acquired by nodename 32065@pr-hdds-2171-6l6hb-1841322612
2019-09-24 18:42:49,670 [pool-335-thread-1] INFO  storage.RaftStorageDirectory (RaftStorageDirectory.java:tryLock(328)) - Lock on /workdir/hadoop-ozone/integration-test/target/test-dir/MiniOzoneClusterImpl-22a6b2d7-7806-44d1-803e-00ff882747f6/datanode-4/data/ratis/60863a1c-74bb-4d18-9047-e47707e13cb0/in_use.lock acquired by nodename 32065@pr-hdds-2171-6l6hb-1841322612
2019-09-24 18:42:49,670 [pool-305-thread-1] INFO  storage.RaftStorageDirectory (RaftStorageDirectory.java:tryLock(328)) - Lock on /workdir/hadoop-ozone/integration-test/target/test-dir/MiniOzoneClusterImpl-22a6b2d7-7806-44d1-803e-00ff882747f6/datanode-1/data/ratis/60863a1c-74bb-4d18-9047-e47707e13cb0/in_use.lock acquired by nodename 32065@pr-hdds-2171-6l6hb-1841322612
2019-09-24 18:42:49,672 [bfedd7ac-20a7-41ea-98ab-a94e8334a7fe@group-9DBFF3FC8B40:LeaderElection61] INFO  impl.LeaderElection (LeaderElection.java:askForVotes(182)) - bfedd7ac-20a7-41ea-98ab-a94e8334a7fe@group-9DBFF3FC8B40:LeaderElection61: begin an election at term 1 for -1: [bfedd7ac-20a7-41ea-98ab-a94e8334a7fe:192.168.36.84:46718, ff3e2dbf-fbd7-44c8-b920-6245688f6c83:192.168.36.84:44531, 8e1599e9-105d-4dd4-a052-d21668a40b75:192.168.36.84:44254], old=null
2019-09-24 18:42:49,672 [bfedd7ac-20a7-41ea-98ab-a94e8334a7fe@group-4E39BEB5EB28:LeaderElection68] INFO  impl.LeaderElection (LeaderElection.java:askForVotes(182)) - bfedd7ac-20a7-41ea-98ab-a94e8334a7fe@group-4E39BEB5EB28:LeaderElection68: begin an election at term 1 for -1: [bfedd7ac-20a7-41ea-98ab-a94e8334a7fe:192.168.36.84:46718], old=null
2019-09-24 18:42:49,672 [8e1599e9-105d-4dd4-a052-d21668a40b75@group-9DBFF3FC8B40:LeaderElection67] INFO  impl.LeaderElection (LeaderElection.java:askForVotes(182)) - 8e1599e9-105d-4dd4-a052-d21668a40b75@group-9DBFF3FC8B40:LeaderElection67: begin an election at term 1 for -1: [bfedd7ac-20a7-41ea-98ab-a94e8334a7fe:192.168.36.84:46718, ff3e2dbf-fbd7-44c8-b920-6245688f6c83:192.168.36.84:44531, 8e1599e9-105d-4dd4-a052-d21668a40b75:192.168.36.84:44254], old=null
2019-09-24 18:42:49,672 [ff3e2dbf-fbd7-44c8-b920-6245688f6c83@group-9DBFF3FC8B40:LeaderElection64] INFO  impl.LeaderElection (LeaderElection.java:askForVotes(182)) - ff3e2dbf-fbd7-44c8-b920-6245688f6c83@group-9DBFF3FC8B40:LeaderElection64: begin an election at term 1 for -1: [bfedd7ac-20a7-41ea-98ab-a94e8334a7fe:192.168.36.84:46718, ff3e2dbf-fbd7-44c8-b920-6245688f6c83:192.168.36.84:44531, 8e1599e9-105d-4dd4-a052-d21668a40b75:192.168.36.84:44254], old=null
2019-09-24 18:42:49,672 [8e1599e9-105d-4dd4-a052-d21668a40b75@group-3CA1AB4C0192:LeaderElection65] INFO  impl.LeaderElection (LeaderElection.java:askForVotes(182)) - 8e1599e9-105d-4dd4-a052-d21668a40b75@group-3CA1AB4C0192:LeaderElection65: begin an election at term 1 for -1: [8e1599e9-105d-4dd4-a052-d21668a40b75:192.168.36.84:44254], old=null
2019-09-24 18:42:49,672 [ff3e2dbf-fbd7-44c8-b920-6245688f6c83@group-F2343F61EB5A:LeaderElection62] INFO  impl.LeaderElection (LeaderElection.java:askForVotes(182)) - ff3e2dbf-fbd7-44c8-b920-6245688f6c83@group-F2343F61EB5A:LeaderElection62: begin an election at term 1 for -1: [bfedd7ac-20a7-41ea-98ab-a94e8334a7fe:192.168.36.84:46718, ff3e2dbf-fbd7-44c8-b920-6245688f6c83:192.168.36.84:44531, 8e1599e9-105d-4dd4-a052-d21668a40b75:192.168.36.84:44254], old=null
2019-09-24 18:42:49,672 [bfedd7ac-20a7-41ea-98ab-a94e8334a7fe@group-F2343F61EB5A:LeaderElection60] INFO  impl.LeaderElection (LeaderElection.java:askForVotes(182)) - bfedd7ac-20a7-41ea-98ab-a94e8334a7fe@group-F2343F61EB5A:LeaderElection60: begin an election at term 1 for -1: [bfedd7ac-20a7-41ea-98ab-a94e8334a7fe:192.168.36.84:46718, ff3e2dbf-fbd7-44c8-b920-6245688f6c83:192.168.36.84:44531, 8e1599e9-105d-4dd4-a052-d21668a40b75:192.168.36.84:44254], old=null
2019-09-24 18:42:49,672 [8e1599e9-105d-4dd4-a052-d21668a40b75@group-F2343F61EB5A:LeaderElection66] INFO  impl.LeaderElection (LeaderElection.java:askForVotes(182)) - 8e1599e9-105d-4dd4-a052-d21668a40b75@group-F2343F61EB5A:LeaderElection66: begin an election at term 1 for -1: [bfedd7ac-20a7-41ea-98ab-a94e8334a7fe:192.168.36.84:46718, ff3e2dbf-fbd7-44c8-b920-6245688f6c83:192.168.36.84:44531, 8e1599e9-105d-4dd4-a052-d21668a40b75:192.168.36.84:44254], old=null
2019-09-24 18:42:49,672 [ff3e2dbf-fbd7-44c8-b920-6245688f6c83@group-E54688BB8D2E:LeaderElection69] INFO  impl.LeaderElection (LeaderElection.java:askForVotes(182)) - ff3e2dbf-fbd7-44c8-b920-6245688f6c83@group-E54688BB8D2E:LeaderElection69: begin an election at term 1 for -1: [ff3e2dbf-fbd7-44c8-b920-6245688f6c83:192.168.36.84:44531], old=null
2019-09-24 18:42:49,673 [8e1599e9-105d-4dd4-a052-d21668a40b75@group-3CA1AB4C0192:LeaderElection65] INFO  impl.RoleInfo (RoleInfo.java:shutdownLeaderElection(134)) - 8e1599e9-105d-4dd4-a052-d21668a40b75: shutdown LeaderElection
2019-09-24 18:42:49,673 [bfedd7ac-20a7-41ea-98ab-a94e8334a7fe@group-4E39BEB5EB28:LeaderElection68] INFO  impl.RoleInfo (RoleInfo.java:shutdownLeaderElection(134)) - bfedd7ac-20a7-41ea-98ab-a94e8334a7fe: shutdown LeaderElection
2019-09-24 18:42:49,672 [pool-325-thread-1] INFO  storage.RaftStorage (RaftStorage.java:format(72)) - Storage directory /workdir/hadoop-ozone/integration-test/target/test-dir/MiniOzoneClusterImpl-22a6b2d7-7806-44d1-803e-00ff882747f6/datanode-3/data/ratis/b9ecaa16-c2b5-4a83-ad54-87feba91323d has been successfully formatted.
2019-09-24 18:42:49,672 [ff3e2dbf-fbd7-44c8-b920-6245688f6c83@group-2CF3C92598C3:LeaderElection63] INFO  impl.LeaderElection (LeaderElection.java:askForVotes(182)) - ff3e2dbf-fbd7-44c8-b920-6245688f6c83@group-2CF3C92598C3:LeaderElection63: begin an election at term 1 for -1: [ff3e2dbf-fbd7-44c8-b920-6245688f6c83:192.168.36.84:44531], old=null
2019-09-24 18:42:49,674 [bfedd7ac-20a7-41ea-98ab-a94e8334a7fe@group-4E39BEB5EB28:LeaderElection68] INFO  impl.RaftServerImpl (RaftServerImpl.java:setRole(174)) - bfedd7ac-20a7-41ea-98ab-a94e8334a7fe@group-4E39BEB5EB28: changes role from CANDIDATE to LEADER at term 1 for changeToLeader
2019-09-24 18:42:49,674 [8e1599e9-105d-4dd4-a052-d21668a40b75@group-3CA1AB4C0192:LeaderElection65] INFO  impl.RaftServerImpl (RaftServerImpl.java:setRole(174)) - 8e1599e9-105d-4dd4-a052-d21668a40b75@group-3CA1AB4C0192: changes role from CANDIDATE to LEADER at term 1 for changeToLeader
2019-09-24 18:42:49,674 [ff3e2dbf-fbd7-44c8-b920-6245688f6c83@group-2CF3C92598C3:LeaderElection63] INFO  impl.RoleInfo (RoleInfo.java:shutdownLeaderElection(134)) - ff3e2dbf-fbd7-44c8-b920-6245688f6c83: shutdown LeaderElection
2019-09-24 18:42:49,673 [ff3e2dbf-fbd7-44c8-b920-6245688f6c83@group-E54688BB8D2E:LeaderElection69] INFO  impl.RoleInfo (RoleInfo.java:shutdownLeaderElection(134)) - ff3e2dbf-fbd7-44c8-b920-6245688f6c83: shutdown LeaderElection
2019-09-24 18:42:49,675 [ff3e2dbf-fbd7-44c8-b920-6245688f6c83@group-2CF3C92598C3:LeaderElection63] INFO  impl.RaftServerImpl (RaftServerImpl.java:setRole(174)) - ff3e2dbf-fbd7-44c8-b920-6245688f6c83@group-2CF3C92598C3: changes role from CANDIDATE to LEADER at term 1 for changeToLeader
2019-09-24 18:42:49,674 [8e1599e9-105d-4dd4-a052-d21668a40b75@group-3CA1AB4C0192:LeaderElection65] INFO  impl.RaftServerImpl (ServerState.java:setLeader(253)) - 8e1599e9-105d-4dd4-a052-d21668a40b75@group-3CA1AB4C0192: change Leader from null to 8e1599e9-105d-4dd4-a052-d21668a40b75 at term 1 for becomeLeader, leader elected after 9456ms
2019-09-24 18:42:49,674 [bfedd7ac-20a7-41ea-98ab-a94e8334a7fe@group-4E39BEB5EB28:LeaderElection68] INFO  impl.RaftServerImpl (ServerState.java:setLeader(253)) - bfedd7ac-20a7-41ea-98ab-a94e8334a7fe@group-4E39BEB5EB28: change Leader from null to bfedd7ac-20a7-41ea-98ab-a94e8334a7fe at term 1 for becomeLeader, leader elected after 8734ms
2019-09-24 18:42:49,675 [pool-325-thread-1] INFO  ratis.ContainerStateMachine (ContainerStateMachine.java:loadSnapshot(230)) - group-87FEBA91323D: The snapshot info is null. Setting the last applied indexto:(t:0, i:~)
2019-09-24 18:42:49,675 [ff3e2dbf-fbd7-44c8-b920-6245688f6c83@group-2CF3C92598C3:LeaderElection63] INFO  impl.RaftServerImpl (ServerState.java:setLeader(253)) - ff3e2dbf-fbd7-44c8-b920-6245688f6c83@group-2CF3C92598C3: change Leader from null to ff3e2dbf-fbd7-44c8-b920-6245688f6c83 at term 1 for becomeLeader, leader elected after 10968ms
2019-09-24 18:42:49,675 [ff3e2dbf-fbd7-44c8-b920-6245688f6c83@group-E54688BB8D2E:LeaderElection69] INFO  impl.RaftServerImpl (RaftServerImpl.java:setRole(174)) - ff3e2dbf-fbd7-44c8-b920-6245688f6c83@group-E54688BB8D2E: changes role from CANDIDATE to LEADER at term 1 for changeToLeader
2019-09-24 18:42:49,676 [ff3e2dbf-fbd7-44c8-b920-6245688f6c83@group-2CF3C92598C3:LeaderElection63] INFO  server.RaftServerConfigKeys (ConfUtils.java:logGet(43)) - raft.server.staging.catchup.gap = 1000 (default)
2019-09-24 18:42:49,676 [8e1599e9-105d-4dd4-a052-d21668a40b75@group-3CA1AB4C0192:LeaderElection65] INFO  server.RaftServerConfigKeys (ConfUtils.java:logGet(43)) - raft.server.staging.catchup.gap = 1000 (default)
2019-09-24 18:42:49,676 [bfedd7ac-20a7-41ea-98ab-a94e8334a7fe@group-4E39BEB5EB28:LeaderElection68] INFO  server.RaftServerConfigKeys (ConfUtils.java:logGet(43)) - raft.server.staging.catchup.gap = 1000 (default)
2019-09-24 18:42:49,676 [pool-325-thread-1] INFO  server.RaftServerConfigKeys (ConfUtils.java:logGet(43)) - raft.server.notification.no-leader.timeout = 120s (custom)
2019-09-24 18:42:49,677 [bfedd7ac-20a7-41ea-98ab-a94e8334a7fe@group-4E39BEB5EB28:LeaderElection68] INFO  server.RaftServerConfigKeys (ConfUtils.java:logGet(43)) - raft.server.rpc.sleep.time = 25ms (default)
2019-09-24 18:42:49,677 [8e1599e9-105d-4dd4-a052-d21668a40b75@group-3CA1AB4C0192:LeaderElection65] INFO  server.RaftServerConfigKeys (ConfUtils.java:logGet(43)) - raft.server.rpc.sleep.time = 25ms (default)
2019-09-24 18:42:49,676 [ff3e2dbf-fbd7-44c8-b920-6245688f6c83@group-2CF3C92598C3:LeaderElection63] INFO  server.RaftServerConfigKeys (ConfUtils.java:logGet(43)) - raft.server.rpc.sleep.time = 25ms (default)
2019-09-24 18:42:49,676 [ff3e2dbf-fbd7-44c8-b920-6245688f6c83@group-E54688BB8D2E:LeaderElection69] INFO  impl.RaftServerImpl (ServerState.java:setLeader(253)) - ff3e2dbf-fbd7-44c8-b920-6245688f6c83@group-E54688BB8D2E: change Leader from null to ff3e2dbf-fbd7-44c8-b920-6245688f6c83 at term 1 for becomeLeader, leader elected after 8049ms
2019-09-24 18:42:49,678 [8e1599e9-105d-4dd4-a052-d21668a40b75@group-3CA1AB4C0192:LeaderElection65] INFO  server.RaftServerConfigKeys (ConfUtils.java:logGet(43)) - raft.server.write.element-limit = 4096 (default)
2019-09-24 18:42:49,678 [bfedd7ac-20a7-41ea-98ab-a94e8334a7fe@group-4E39BEB5EB28:LeaderElection68] INFO  server.RaftServerConfigKeys (ConfUtils.java:logGet(43)) - raft.server.write.element-limit = 4096 (default)
2019-09-24 18:42:49,677 [pool-325-thread-1] INFO  server.RaftServerConfigKeys (ConfUtils.java:logGet(43)) - raft.server.log.use.memory = false (default)
2019-09-24 18:42:49,678 [8e1599e9-105d-4dd4-a052-d21668a40b75@group-3CA1AB4C0192:LeaderElection65] INFO  server.RaftServerConfigKeys (ConfUtils.java:logGet(43)) - raft.server.watch.timeout = 10s (default)
2019-09-24 18:42:49,678 [bfedd7ac-20a7-41ea-98ab-a94e8334a7fe@group-4E39BEB5EB28:LeaderElection68] INFO  server.RaftServerConfigKeys (ConfUtils.java:logGet(43)) - raft.server.watch.timeout = 10s (default)
2019-09-24 18:42:49,678 [ff3e2dbf-fbd7-44c8-b920-6245688f6c83@group-E54688BB8D2E:LeaderElection69] INFO  server.RaftServerConfigKeys (ConfUtils.java:logGet(43)) - raft.server.staging.catchup.gap = 1000 (default)
2019-09-24 18:42:49,678 [ff3e2dbf-fbd7-44c8-b920-6245688f6c83@group-2CF3C92598C3:LeaderElection63] INFO  server.RaftServerConfigKeys (ConfUtils.java:logGet(43)) - raft.server.write.element-limit = 4096 (default)
2019-09-24 18:42:49,679 [ff3e2dbf-fbd7-44c8-b920-6245688f6c83@group-E54688BB8D2E:LeaderElection69] INFO  server.RaftServerConfigKeys (ConfUtils.java:logGet(43)) - raft.server.rpc.sleep.time = 25ms (default)
2019-09-24 18:42:49,679 [bfedd7ac-20a7-41ea-98ab-a94e8334a7fe@group-4E39BEB5EB28:LeaderElection68] INFO  server.RaftServerConfigKeys (ConfUtils.java:logGet(43)) - raft.server.watch.timeout.denomination = 1s (default)
2019-09-24 18:42:49,679 [8e1599e9-105d-4dd4-a052-d21668a40b75@group-3CA1AB4C0192:LeaderElection65] INFO  server.RaftServerConfigKeys (ConfUtils.java:logGet(43)) - raft.server.watch.timeout.denomination = 1s (default)
2019-09-24 18:42:49,679 [pool-325-thread-1] INFO  server.RaftServerConfigKeys (ConfUtils.java:logGet(43)) - raft.server.log.purge.gap = 1000000 (custom)
2019-09-24 18:42:49,680 [8e1599e9-105d-4dd4-a052-d21668a40b75@group-3CA1AB4C0192:LeaderElection65] INFO  server.RaftServerConfigKeys (ConfUtils.java:logGet(43)) - raft.server.watch.element-limit = 65536 (default)
2019-09-24 18:42:49,680 [bfedd7ac-20a7-41ea-98ab-a94e8334a7fe@group-4E39BEB5EB28:LeaderElection68] INFO  server.RaftServerConfigKeys (ConfUtils.java:logGet(43)) - raft.server.watch.element-limit = 65536 (default)
2019-09-24 18:42:49,679 [ff3e2dbf-fbd7-44c8-b920-6245688f6c83@group-E54688BB8D2E:LeaderElection69] INFO  server.RaftServerConfigKeys (ConfUtils.java:logGet(43)) - raft.server.write.element-limit = 4096 (default)
2019-09-24 18:42:49,679 [ff3e2dbf-fbd7-44c8-b920-6245688f6c83@group-2CF3C92598C3:LeaderElection63] INFO  server.RaftServerConfigKeys (ConfUtils.java:logGet(43)) - raft.server.watch.timeout = 10s (default)
2019-09-24 18:42:49,686 [ff3e2dbf-fbd7-44c8-b920-6245688f6c83@group-E54688BB8D2E:LeaderElection69] INFO  server.RaftServerConfigKeys (ConfUtils.java:logGet(43)) - raft.server.watch.timeout = 10s (default)
2019-09-24 18:42:49,680 [pool-325-thread-1] INFO  server.RaftServerConfigKeys (ConfUtils.java:logGet(43)) - raft.server.log.appender.buffer.byte-limit = 33554432 (custom)
2019-09-24 18:42:49,686 [ff3e2dbf-fbd7-44c8-b920-6245688f6c83@group-E54688BB8D2E:LeaderElection69] INFO  server.RaftServerConfigKeys (ConfUtils.java:logGet(43)) - raft.server.watch.timeout.denomination = 1s (default)
2019-09-24 18:42:49,686 [ff3e2dbf-fbd7-44c8-b920-6245688f6c83@group-2CF3C92598C3:LeaderElection63] INFO  server.RaftServerConfigKeys (ConfUtils.java:logGet(43)) - raft.server.watch.timeout.denomination = 1s (default)
2019-09-24 18:42:49,687 [ff3e2dbf-fbd7-44c8-b920-6245688f6c83@group-E54688BB8D2E:LeaderElection69] INFO  server.RaftServerConfigKeys (ConfUtils.java:logGet(43)) - raft.server.watch.element-limit = 65536 (default)
2019-09-24 18:42:49,686 [pool-325-thread-1] INFO  server.RaftServerConfigKeys (ConfUtils.java:logGet(43)) - raft.server.log.segment.size.max = 1048576 (custom)
2019-09-24 18:42:49,687 [ff3e2dbf-fbd7-44c8-b920-6245688f6c83@group-2CF3C92598C3:LeaderElection63] INFO  server.RaftServerConfigKeys (ConfUtils.java:logGet(43)) - raft.server.watch.element-limit = 65536 (default)
2019-09-24 18:42:49,687 [pool-325-thread-1] INFO  server.RaftServerConfigKeys (ConfUtils.java:logGet(43)) - raft.server.log.segment.cache.num.max = 2 (custom)
2019-09-24 18:42:49,688 [pool-325-thread-1] INFO  segmented.SegmentedRaftLogWorker (SegmentedRaftLogWorker.java:<init>(172)) - new 38cf64fb-7489-4110-a682-ffe13eeb8522@group-87FEBA91323D-SegmentedRaftLogWorker for RaftStorage:Storage Directory /workdir/hadoop-ozone/integration-test/target/test-dir/MiniOzoneClusterImpl-22a6b2d7-7806-44d1-803e-00ff882747f6/datanode-3/data/ratis/b9ecaa16-c2b5-4a83-ad54-87feba91323d
2019-09-24 18:42:49,701 [ff3e2dbf-fbd7-44c8-b920-6245688f6c83@group-F2343F61EB5A:LeaderElection62] INFO  impl.LeaderElection (LeaderElection.java:logAndReturn(56)) - ff3e2dbf-fbd7-44c8-b920-6245688f6c83@group-F2343F61EB5A:LeaderElection62: Election REJECTED; received 2 response(s) [ff3e2dbf-fbd7-44c8-b920-6245688f6c83<-bfedd7ac-20a7-41ea-98ab-a94e8334a7fe#0:FAIL-t1, ff3e2dbf-fbd7-44c8-b920-6245688f6c83<-8e1599e9-105d-4dd4-a052-d21668a40b75#0:FAIL-t1] and 0 exception(s); ff3e2dbf-fbd7-44c8-b920-6245688f6c83@group-F2343F61EB5A:t1, leader=null, voted=ff3e2dbf-fbd7-44c8-b920-6245688f6c83, raftlog=ff3e2dbf-fbd7-44c8-b920-6245688f6c83@group-F2343F61EB5A-SegmentedRaftLog:OPENED:c-1,f-1,i0, conf=-1: [bfedd7ac-20a7-41ea-98ab-a94e8334a7fe:192.168.36.84:46718, ff3e2dbf-fbd7-44c8-b920-6245688f6c83:192.168.36.84:44531, 8e1599e9-105d-4dd4-a052-d21668a40b75:192.168.36.84:44254], old=null
2019-09-24 18:42:49,701 [bfedd7ac-20a7-41ea-98ab-a94e8334a7fe@group-9DBFF3FC8B40:LeaderElection61] INFO  impl.LeaderElection (LeaderElection.java:logAndReturn(56)) - bfedd7ac-20a7-41ea-98ab-a94e8334a7fe@group-9DBFF3FC8B40:LeaderElection61: Election REJECTED; received 2 response(s) [bfedd7ac-20a7-41ea-98ab-a94e8334a7fe<-ff3e2dbf-fbd7-44c8-b920-6245688f6c83#0:FAIL-t1, bfedd7ac-20a7-41ea-98ab-a94e8334a7fe<-8e1599e9-105d-4dd4-a052-d21668a40b75#0:FAIL-t1] and 0 exception(s); bfedd7ac-20a7-41ea-98ab-a94e8334a7fe@group-9DBFF3FC8B40:t1, leader=null, voted=bfedd7ac-20a7-41ea-98ab-a94e8334a7fe, raftlog=bfedd7ac-20a7-41ea-98ab-a94e8334a7fe@group-9DBFF3FC8B40-SegmentedRaftLog:OPENED:c-1,f-1,i0, conf=-1: [bfedd7ac-20a7-41ea-98ab-a94e8334a7fe:192.168.36.84:46718, ff3e2dbf-fbd7-44c8-b920-6245688f6c83:192.168.36.84:44531, 8e1599e9-105d-4dd4-a052-d21668a40b75:192.168.36.84:44254], old=null
2019-09-24 18:42:49,702 [8e1599e9-105d-4dd4-a052-d21668a40b75@group-9DBFF3FC8B40:LeaderElection67] INFO  impl.LeaderElection (LeaderElection.java:logAndReturn(56)) - 8e1599e9-105d-4dd4-a052-d21668a40b75@group-9DBFF3FC8B40:LeaderElection67: Election REJECTED; received 2 response(s) [8e1599e9-105d-4dd4-a052-d21668a40b75<-bfedd7ac-20a7-41ea-98ab-a94e8334a7fe#0:FAIL-t1, 8e1599e9-105d-4dd4-a052-d21668a40b75<-ff3e2dbf-fbd7-44c8-b920-6245688f6c83#0:FAIL-t1] and 0 exception(s); 8e1599e9-105d-4dd4-a052-d21668a40b75@group-9DBFF3FC8B40:t1, leader=null, voted=8e1599e9-105d-4dd4-a052-d21668a40b75, raftlog=8e1599e9-105d-4dd4-a052-d21668a40b75@group-9DBFF3FC8B40-SegmentedRaftLog:OPENED:c-1,f-1,i0, conf=-1: [bfedd7ac-20a7-41ea-98ab-a94e8334a7fe:192.168.36.84:46718, ff3e2dbf-fbd7-44c8-b920-6245688f6c83:192.168.36.84:44531, 8e1599e9-105d-4dd4-a052-d21668a40b75:192.168.36.84:44254], old=null
2019-09-24 18:42:49,701 [ff3e2dbf-fbd7-44c8-b920-6245688f6c83@group-F2343F61EB5A:LeaderElection62] INFO  impl.RaftServerImpl (RaftServerImpl.java:setRole(174)) - ff3e2dbf-fbd7-44c8-b920-6245688f6c83@group-F2343F61EB5A: changes role from CANDIDATE to FOLLOWER at term 1 for DISCOVERED_A_NEW_TERM
2019-09-24 18:42:49,706 [8e1599e9-105d-4dd4-a052-d21668a40b75@group-9DBFF3FC8B40:LeaderElection67] INFO  impl.RaftServerImpl (RaftServerImpl.java:setRole(174)) - 8e1599e9-105d-4dd4-a052-d21668a40b75@group-9DBFF3FC8B40: changes role from CANDIDATE to FOLLOWER at term 1 for DISCOVERED_A_NEW_TERM
2019-09-24 18:42:49,711 [8e1599e9-105d-4dd4-a052-d21668a40b75@group-9DBFF3FC8B40:LeaderElection67] INFO  impl.RoleInfo (RoleInfo.java:shutdownLeaderElection(134)) - 8e1599e9-105d-4dd4-a052-d21668a40b75: shutdown LeaderElection
2019-09-24 18:42:49,702 [ff3e2dbf-fbd7-44c8-b920-6245688f6c83@group-9DBFF3FC8B40:LeaderElection64] INFO  impl.LeaderElection (LeaderElection.java:logAndReturn(56)) - ff3e2dbf-fbd7-44c8-b920-6245688f6c83@group-9DBFF3FC8B40:LeaderElection64: Election REJECTED; received 2 response(s) [ff3e2dbf-fbd7-44c8-b920-6245688f6c83<-bfedd7ac-20a7-41ea-98ab-a94e8334a7fe#0:FAIL-t1, ff3e2dbf-fbd7-44c8-b920-6245688f6c83<-8e1599e9-105d-4dd4-a052-d21668a40b75#0:FAIL-t1] and 0 exception(s); ff3e2dbf-fbd7-44c8-b920-6245688f6c83@group-9DBFF3FC8B40:t1, leader=null, voted=ff3e2dbf-fbd7-44c8-b920-6245688f6c83, raftlog=ff3e2dbf-fbd7-44c8-b920-6245688f6c83@group-9DBFF3FC8B40-SegmentedRaftLog:OPENED:c-1,f-1,i0, conf=-1: [bfedd7ac-20a7-41ea-98ab-a94e8334a7fe:192.168.36.84:46718, ff3e2dbf-fbd7-44c8-b920-6245688f6c83:192.168.36.84:44531, 8e1599e9-105d-4dd4-a052-d21668a40b75:192.168.36.84:44254], old=null
2019-09-24 18:42:49,702 [bfedd7ac-20a7-41ea-98ab-a94e8334a7fe@group-9DBFF3FC8B40:LeaderElection61] INFO  impl.RaftServerImpl (RaftServerImpl.java:setRole(174)) - bfedd7ac-20a7-41ea-98ab-a94e8334a7fe@group-9DBFF3FC8B40: changes role from CANDIDATE to FOLLOWER at term 1 for DISCOVERED_A_NEW_TERM
2019-09-24 18:42:49,711 [ff3e2dbf-fbd7-44c8-b920-6245688f6c83@group-9DBFF3FC8B40:LeaderElection64] INFO  impl.RaftServerImpl (RaftServerImpl.java:setRole(174)) - ff3e2dbf-fbd7-44c8-b920-6245688f6c83@group-9DBFF3FC8B40: changes role from CANDIDATE to FOLLOWER at term 1 for DISCOVERED_A_NEW_TERM
2019-09-24 18:42:49,714 [ff3e2dbf-fbd7-44c8-b920-6245688f6c83@group-9DBFF3FC8B40:LeaderElection64] INFO  impl.RoleInfo (RoleInfo.java:shutdownLeaderElection(134)) - ff3e2dbf-fbd7-44c8-b920-6245688f6c83: shutdown LeaderElection
2019-09-24 18:42:49,708 [ff3e2dbf-fbd7-44c8-b920-6245688f6c83@group-F2343F61EB5A:LeaderElection62] INFO  impl.RoleInfo (RoleInfo.java:shutdownLeaderElection(134)) - ff3e2dbf-fbd7-44c8-b920-6245688f6c83: shutdown LeaderElection
2019-09-24 18:42:49,711 [bfedd7ac-20a7-41ea-98ab-a94e8334a7fe@group-F2343F61EB5A:LeaderElection60] INFO  impl.LeaderElection (LeaderElection.java:logAndReturn(56)) - bfedd7ac-20a7-41ea-98ab-a94e8334a7fe@group-F2343F61EB5A:LeaderElection60: Election REJECTED; received 2 response(s) [bfedd7ac-20a7-41ea-98ab-a94e8334a7fe<-ff3e2dbf-fbd7-44c8-b920-6245688f6c83#0:FAIL-t1, bfedd7ac-20a7-41ea-98ab-a94e8334a7fe<-8e1599e9-105d-4dd4-a052-d21668a40b75#0:FAIL-t1] and 0 exception(s); bfedd7ac-20a7-41ea-98ab-a94e8334a7fe@group-F2343F61EB5A:t1, leader=null, voted=bfedd7ac-20a7-41ea-98ab-a94e8334a7fe, raftlog=bfedd7ac-20a7-41ea-98ab-a94e8334a7fe@group-F2343F61EB5A-SegmentedRaftLog:OPENED:c-1,f-1,i0, conf=-1: [bfedd7ac-20a7-41ea-98ab-a94e8334a7fe:192.168.36.84:46718, ff3e2dbf-fbd7-44c8-b920-6245688f6c83:192.168.36.84:44531, 8e1599e9-105d-4dd4-a052-d21668a40b75:192.168.36.84:44254], old=null
2019-09-24 18:42:49,711 [8e1599e9-105d-4dd4-a052-d21668a40b75@group-9DBFF3FC8B40:LeaderElection67] INFO  impl.RoleInfo (RoleInfo.java:updateAndGet(143)) - 8e1599e9-105d-4dd4-a052-d21668a40b75: start FollowerState
2019-09-24 18:42:49,714 [bfedd7ac-20a7-41ea-98ab-a94e8334a7fe@group-F2343F61EB5A:LeaderElection60] INFO  impl.RaftServerImpl (RaftServerImpl.java:setRole(174)) - bfedd7ac-20a7-41ea-98ab-a94e8334a7fe@group-F2343F61EB5A: changes role from CANDIDATE to FOLLOWER at term 1 for DISCOVERED_A_NEW_TERM
2019-09-24 18:42:49,714 [ff3e2dbf-fbd7-44c8-b920-6245688f6c83@group-F2343F61EB5A:LeaderElection62] INFO  impl.RoleInfo (RoleInfo.java:updateAndGet(143)) - ff3e2dbf-fbd7-44c8-b920-6245688f6c83: start FollowerState
2019-09-24 18:42:49,714 [ff3e2dbf-fbd7-44c8-b920-6245688f6c83@group-9DBFF3FC8B40:LeaderElection64] INFO  impl.RoleInfo (RoleInfo.java:updateAndGet(143)) - ff3e2dbf-fbd7-44c8-b920-6245688f6c83: start FollowerState
2019-09-24 18:42:49,713 [8e1599e9-105d-4dd4-a052-d21668a40b75@group-F2343F61EB5A:LeaderElection66] INFO  impl.LeaderElection (LeaderElection.java:logAndReturn(56)) - 8e1599e9-105d-4dd4-a052-d21668a40b75@group-F2343F61EB5A:LeaderElection66: Election REJECTED; received 2 response(s) [8e1599e9-105d-4dd4-a052-d21668a40b75<-bfedd7ac-20a7-41ea-98ab-a94e8334a7fe#0:FAIL-t1, 8e1599e9-105d-4dd4-a052-d21668a40b75<-ff3e2dbf-fbd7-44c8-b920-6245688f6c83#0:FAIL-t1] and 0 exception(s); 8e1599e9-105d-4dd4-a052-d21668a40b75@group-F2343F61EB5A:t1, leader=null, voted=8e1599e9-105d-4dd4-a052-d21668a40b75, raftlog=8e1599e9-105d-4dd4-a052-d21668a40b75@group-F2343F61EB5A-SegmentedRaftLog:OPENED:c-1,f-1,i0, conf=-1: [bfedd7ac-20a7-41ea-98ab-a94e8334a7fe:192.168.36.84:46718, ff3e2dbf-fbd7-44c8-b920-6245688f6c83:192.168.36.84:44531, 8e1599e9-105d-4dd4-a052-d21668a40b75:192.168.36.84:44254], old=null
2019-09-24 18:42:49,711 [bfedd7ac-20a7-41ea-98ab-a94e8334a7fe@group-9DBFF3FC8B40:LeaderElection61] INFO  impl.RoleInfo (RoleInfo.java:shutdownLeaderElection(134)) - bfedd7ac-20a7-41ea-98ab-a94e8334a7fe: shutdown LeaderElection
2019-09-24 18:42:49,717 [bfedd7ac-20a7-41ea-98ab-a94e8334a7fe@group-F2343F61EB5A:LeaderElection60] INFO  impl.RoleInfo (RoleInfo.java:shutdownLeaderElection(134)) - bfedd7ac-20a7-41ea-98ab-a94e8334a7fe: shutdown LeaderElection
2019-09-24 18:42:49,721 [bfedd7ac-20a7-41ea-98ab-a94e8334a7fe@group-F2343F61EB5A:LeaderElection60] INFO  impl.RoleInfo (RoleInfo.java:updateAndGet(143)) - bfedd7ac-20a7-41ea-98ab-a94e8334a7fe: start FollowerState
2019-09-24 18:42:49,721 [8e1599e9-105d-4dd4-a052-d21668a40b75@group-F2343F61EB5A:LeaderElection66] INFO  impl.RaftServerImpl (RaftServerImpl.java:setRole(174)) - 8e1599e9-105d-4dd4-a052-d21668a40b75@group-F2343F61EB5A: changes role from CANDIDATE to FOLLOWER at term 1 for DISCOVERED_A_NEW_TERM
2019-09-24 18:42:49,722 [bfedd7ac-20a7-41ea-98ab-a94e8334a7fe@group-9DBFF3FC8B40:LeaderElection61] INFO  impl.RoleInfo (RoleInfo.java:updateAndGet(143)) - bfedd7ac-20a7-41ea-98ab-a94e8334a7fe: start FollowerState
2019-09-24 18:42:49,722 [8e1599e9-105d-4dd4-a052-d21668a40b75@group-F2343F61EB5A:LeaderElection66] INFO  impl.RoleInfo (RoleInfo.java:shutdownLeaderElection(134)) - 8e1599e9-105d-4dd4-a052-d21668a40b75: shutdown LeaderElection
2019-09-24 18:42:49,722 [8e1599e9-105d-4dd4-a052-d21668a40b75@group-F2343F61EB5A:LeaderElection66] INFO  impl.RoleInfo (RoleInfo.java:updateAndGet(143)) - 8e1599e9-105d-4dd4-a052-d21668a40b75: start FollowerState
2019-09-24 18:42:49,723 [bfedd7ac-20a7-41ea-98ab-a94e8334a7fe@group-4E39BEB5EB28:LeaderElection68] INFO  impl.RoleInfo (RoleInfo.java:updateAndGet(143)) - bfedd7ac-20a7-41ea-98ab-a94e8334a7fe: start LeaderState
2019-09-24 18:42:49,723 [bfedd7ac-20a7-41ea-98ab-a94e8334a7fe@group-4E39BEB5EB28:LeaderElection68] INFO  segmented.SegmentedRaftLogWorker (SegmentedRaftLogWorker.java:startLogSegment(380)) - bfedd7ac-20a7-41ea-98ab-a94e8334a7fe@group-4E39BEB5EB28-SegmentedRaftLogWorker: Starting segment from index:0
2019-09-24 18:42:49,723 [ff3e2dbf-fbd7-44c8-b920-6245688f6c83@group-2CF3C92598C3:LeaderElection63] INFO  impl.RoleInfo (RoleInfo.java:updateAndGet(143)) - ff3e2dbf-fbd7-44c8-b920-6245688f6c83: start LeaderState
2019-09-24 18:42:49,724 [ff3e2dbf-fbd7-44c8-b920-6245688f6c83@group-2CF3C92598C3:LeaderElection63] INFO  segmented.SegmentedRaftLogWorker (SegmentedRaftLogWorker.java:startLogSegment(380)) - ff3e2dbf-fbd7-44c8-b920-6245688f6c83@group-2CF3C92598C3-SegmentedRaftLogWorker: Starting segment from index:0
2019-09-24 18:42:49,724 [pool-325-thread-1] INFO  server.RaftServerConfigKeys (ConfUtils.java:logGet(43)) - raft.server.log.queue.byte-limit = 2147483647 (custom)
2019-09-24 18:42:49,724 [8e1599e9-105d-4dd4-a052-d21668a40b75@group-3CA1AB4C0192:LeaderElection65] INFO  impl.RoleInfo (RoleInfo.java:updateAndGet(143)) - 8e1599e9-105d-4dd4-a052-d21668a40b75: start LeaderState
2019-09-24 18:42:49,724 [ff3e2dbf-fbd7-44c8-b920-6245688f6c83@group-E54688BB8D2E:LeaderElection69] INFO  impl.RoleInfo (RoleInfo.java:updateAndGet(143)) - ff3e2dbf-fbd7-44c8-b920-6245688f6c83: start LeaderState
2019-09-24 18:42:49,724 [ff3e2dbf-fbd7-44c8-b920-6245688f6c83@group-2CF3C92598C3:LeaderElection63] INFO  impl.RaftServerImpl (ServerState.java:setRaftConf(354)) - ff3e2dbf-fbd7-44c8-b920-6245688f6c83@group-2CF3C92598C3: set configuration 0: [ff3e2dbf-fbd7-44c8-b920-6245688f6c83:192.168.36.84:44531], old=null at 0
2019-09-24 18:42:49,724 [8e1599e9-105d-4dd4-a052-d21668a40b75@group-3CA1AB4C0192:LeaderElection65] INFO  segmented.SegmentedRaftLogWorker (SegmentedRaftLogWorker.java:startLogSegment(380)) - 8e1599e9-105d-4dd4-a052-d21668a40b75@group-3CA1AB4C0192-SegmentedRaftLogWorker: Starting segment from index:0
2019-09-24 18:42:49,724 [pool-325-thread-1] INFO  server.RaftServerConfigKeys (ConfUtils.java:logGet(43)) - raft.server.log.queue.element-limit = 1024 (custom)
2019-09-24 18:42:49,724 [ff3e2dbf-fbd7-44c8-b920-6245688f6c83@group-E54688BB8D2E:LeaderElection69] INFO  segmented.SegmentedRaftLogWorker (SegmentedRaftLogWorker.java:startLogSegment(380)) - ff3e2dbf-fbd7-44c8-b920-6245688f6c83@group-E54688BB8D2E-SegmentedRaftLogWorker: Starting segment from index:0
2019-09-24 18:42:49,724 [bfedd7ac-20a7-41ea-98ab-a94e8334a7fe@group-4E39BEB5EB28:LeaderElection68] INFO  impl.RaftServerImpl (ServerState.java:setRaftConf(354)) - bfedd7ac-20a7-41ea-98ab-a94e8334a7fe@group-4E39BEB5EB28: set configuration 0: [bfedd7ac-20a7-41ea-98ab-a94e8334a7fe:192.168.36.84:46718], old=null at 0
2019-09-24 18:42:49,725 [pool-325-thread-1] INFO  server.RaftServerConfigKeys (ConfUtils.java:logGet(43)) - raft.server.log.segment.size.max = 1048576 (custom)
2019-09-24 18:42:49,725 [8e1599e9-105d-4dd4-a052-d21668a40b75@group-3CA1AB4C0192:LeaderElection65] INFO  impl.RaftServerImpl (ServerState.java:setRaftConf(354)) - 8e1599e9-105d-4dd4-a052-d21668a40b75@group-3CA1AB4C0192: set configuration 0: [8e1599e9-105d-4dd4-a052-d21668a40b75:192.168.36.84:44254], old=null at 0
2019-09-24 18:42:49,765 [ff3e2dbf-fbd7-44c8-b920-6245688f6c83@group-E54688BB8D2E:LeaderElection69] INFO  impl.RaftServerImpl (ServerState.java:setRaftConf(354)) - ff3e2dbf-fbd7-44c8-b920-6245688f6c83@group-E54688BB8D2E: set configuration 0: [ff3e2dbf-fbd7-44c8-b920-6245688f6c83:192.168.36.84:44531], old=null at 0
2019-09-24 18:42:49,725 [pool-325-thread-1] INFO  server.RaftServerConfigKeys (ConfUtils.java:logGet(43)) - raft.server.log.preallocated.size = 16384 (custom)
2019-09-24 18:42:49,796 [pool-325-thread-1] INFO  server.RaftServerConfigKeys (ConfUtils.java:logGet(43)) - raft.server.log.write.buffer.size = 33554432 (custom)
2019-09-24 18:42:49,797 [pool-325-thread-1] INFO  server.RaftServerConfigKeys (ConfUtils.java:logGet(43)) - raft.server.log.force.sync.num = 128 (default)
2019-09-24 18:42:49,797 [pool-325-thread-1] INFO  server.RaftServerConfigKeys (ConfUtils.java:logGet(43)) - raft.server.log.statemachine.data.sync = true (default)
2019-09-24 18:42:49,797 [pool-325-thread-1] INFO  server.RaftServerConfigKeys (ConfUtils.java:logGet(43)) - raft.server.log.statemachine.data.sync.timeout = 10s (default)
2019-09-24 18:42:49,797 [pool-325-thread-1] INFO  server.RaftServerConfigKeys (ConfUtils.java:logGet(43)) - raft.server.log.statemachine.data.sync.timeout.retry = -1 (default)
2019-09-24 18:42:49,798 [pool-325-thread-1] INFO  server.RaftServerConfigKeys (ConfUtils.java:logGet(43)) - raft.server.log.statemachine.data.caching.enabled = true (custom)
2019-09-24 18:42:49,799 [pool-325-thread-1] INFO  segmented.SegmentedRaftLogWorker (SegmentedRaftLogWorker.java:lambda$new$0(132)) - 38cf64fb-7489-4110-a682-ffe13eeb8522@group-87FEBA91323D-SegmentedRaftLogWorker: flushIndex: setUnconditionally 0 -> -1
2019-09-24 18:42:49,799 [pool-325-thread-1] INFO  server.RaftServerConfigKeys (ConfUtils.java:logGet(43)) - raft.server.snapshot.auto.trigger.enabled = true (custom)
2019-09-24 18:42:49,799 [pool-325-thread-1] INFO  server.RaftServerConfigKeys (ConfUtils.java:logGet(43)) - raft.server.snapshot.auto.trigger.threshold = 10000 (custom)
2019-09-24 18:42:49,800 [pool-325-thread-1] INFO  server.RaftServerConfigKeys (ConfUtils.java:logGet(43)) - raft.server.snapshot.retention.num.files = 5 (custom)
2019-09-24 18:42:49,800 [pool-325-thread-1] INFO  server.RaftServerConfigKeys (ConfUtils.java:logGet(43)) - raft.server.retrycache.expirytime = 600000ms (custom)
2019-09-24 18:42:49,802 [pool-325-thread-1] INFO  impl.RaftServerImpl (RaftServerImpl.java:start(185)) - 38cf64fb-7489-4110-a682-ffe13eeb8522@group-87FEBA91323D: start as a follower, conf=-1: [38cf64fb-7489-4110-a682-ffe13eeb8522:192.168.36.84:40297], old=null
2019-09-24 18:42:49,803 [pool-325-thread-1] INFO  impl.RaftServerImpl (RaftServerImpl.java:setRole(174)) - 38cf64fb-7489-4110-a682-ffe13eeb8522@group-87FEBA91323D: changes role from      null to FOLLOWER at term 0 for startAsFollower
2019-09-24 18:42:49,803 [pool-325-thread-1] INFO  impl.RoleInfo (RoleInfo.java:updateAndGet(143)) - 38cf64fb-7489-4110-a682-ffe13eeb8522: start FollowerState
2019-09-24 18:42:49,804 [pool-325-thread-1] INFO  util.JmxRegister (JmxRegister.java:tryRegister(44)) - Successfully registered JMX Bean with object name Ratis:service=RaftServer,group=group-87FEBA91323D,id=38cf64fb-7489-4110-a682-ffe13eeb8522
2019-09-24 18:42:54,759 [Thread-2165] INFO  impl.FollowerState (FollowerState.java:run(106)) - ff3e2dbf-fbd7-44c8-b920-6245688f6c83:group-9DBFF3FC8B40 changes to CANDIDATE, lastRpcTime:5045, electionTimeout:5037ms
2019-09-24 18:42:54,760 [Thread-2165] INFO  impl.RoleInfo (RoleInfo.java:shutdownFollowerState(121)) - ff3e2dbf-fbd7-44c8-b920-6245688f6c83: shutdown FollowerState
2019-09-24 18:42:54,760 [Thread-2165] INFO  impl.RaftServerImpl (RaftServerImpl.java:setRole(174)) - ff3e2dbf-fbd7-44c8-b920-6245688f6c83@group-9DBFF3FC8B40: changes role from  FOLLOWER to CANDIDATE at term 1 for changeToCandidate
2019-09-24 18:42:54,761 [Thread-2165] INFO  impl.RoleInfo (RoleInfo.java:updateAndGet(143)) - ff3e2dbf-fbd7-44c8-b920-6245688f6c83: start LeaderElection
2019-09-24 18:42:54,793 [Thread-2168] INFO  impl.FollowerState (FollowerState.java:run(106)) - bfedd7ac-20a7-41ea-98ab-a94e8334a7fe:group-F2343F61EB5A changes to CANDIDATE, lastRpcTime:5071, electionTimeout:5071ms
2019-09-24 18:42:54,793 [Thread-2168] INFO  impl.RoleInfo (RoleInfo.java:shutdownFollowerState(121)) - bfedd7ac-20a7-41ea-98ab-a94e8334a7fe: shutdown FollowerState
2019-09-24 18:42:54,793 [Thread-2168] INFO  impl.RaftServerImpl (RaftServerImpl.java:setRole(174)) - bfedd7ac-20a7-41ea-98ab-a94e8334a7fe@group-F2343F61EB5A: changes role from  FOLLOWER to CANDIDATE at term 1 for changeToCandidate
2019-09-24 18:42:54,793 [Thread-2168] INFO  impl.RoleInfo (RoleInfo.java:updateAndGet(143)) - bfedd7ac-20a7-41ea-98ab-a94e8334a7fe: start LeaderElection
2019-09-24 18:42:54,797 [Thread-2169] INFO  impl.FollowerState (FollowerState.java:run(106)) - 8e1599e9-105d-4dd4-a052-d21668a40b75:group-F2343F61EB5A changes to CANDIDATE, lastRpcTime:5074, electionTimeout:5074ms
2019-09-24 18:42:54,797 [Thread-2169] INFO  impl.RoleInfo (RoleInfo.java:shutdownFollowerState(121)) - 8e1599e9-105d-4dd4-a052-d21668a40b75: shutdown FollowerState
2019-09-24 18:42:54,797 [Thread-2169] INFO  impl.RaftServerImpl (RaftServerImpl.java:setRole(174)) - 8e1599e9-105d-4dd4-a052-d21668a40b75@group-F2343F61EB5A: changes role from  FOLLOWER to CANDIDATE at term 1 for changeToCandidate
2019-09-24 18:42:54,797 [Thread-2169] INFO  impl.RoleInfo (RoleInfo.java:updateAndGet(143)) - 8e1599e9-105d-4dd4-a052-d21668a40b75: start LeaderElection
2019-09-24 18:42:54,829 [8e1599e9-105d-4dd4-a052-d21668a40b75@group-3CA1AB4C0192-SegmentedRaftLogWorker] INFO  segmented.SegmentedRaftLogWorker (SegmentedRaftLogWorker.java:execute(569)) - 8e1599e9-105d-4dd4-a052-d21668a40b75@group-3CA1AB4C0192-SegmentedRaftLogWorker: created new log segment /workdir/hadoop-ozone/integration-test/target/test-dir/MiniOzoneClusterImpl-22a6b2d7-7806-44d1-803e-00ff882747f6/datanode-4/data/ratis/670f091e-396a-4676-a838-3ca1ab4c0192/current/log_inprogress_0
2019-09-24 18:42:54,829 [ff3e2dbf-fbd7-44c8-b920-6245688f6c83@group-2CF3C92598C3-SegmentedRaftLogWorker] INFO  segmented.SegmentedRaftLogWorker (SegmentedRaftLogWorker.java:execute(569)) - ff3e2dbf-fbd7-44c8-b920-6245688f6c83@group-2CF3C92598C3-SegmentedRaftLogWorker: created new log segment /workdir/hadoop-ozone/integration-test/target/test-dir/MiniOzoneClusterImpl-22a6b2d7-7806-44d1-803e-00ff882747f6/datanode-1/data/ratis/898f9f76-f999-4043-8021-2cf3c92598c3/current/log_inprogress_0
2019-09-24 18:42:54,829 [bfedd7ac-20a7-41ea-98ab-a94e8334a7fe@group-4E39BEB5EB28-SegmentedRaftLogWorker] INFO  segmented.SegmentedRaftLogWorker (SegmentedRaftLogWorker.java:execute(569)) - bfedd7ac-20a7-41ea-98ab-a94e8334a7fe@group-4E39BEB5EB28-SegmentedRaftLogWorker: created new log segment /workdir/hadoop-ozone/integration-test/target/test-dir/MiniOzoneClusterImpl-22a6b2d7-7806-44d1-803e-00ff882747f6/datanode-6/data/ratis/9bd49ce9-cb5f-4f73-aa49-4e39beb5eb28/current/log_inprogress_0
2019-09-24 18:42:54,829 [ff3e2dbf-fbd7-44c8-b920-6245688f6c83@group-E54688BB8D2E-SegmentedRaftLogWorker] INFO  segmented.SegmentedRaftLogWorker (SegmentedRaftLogWorker.java:execute(569)) - ff3e2dbf-fbd7-44c8-b920-6245688f6c83@group-E54688BB8D2E-SegmentedRaftLogWorker: created new log segment /workdir/hadoop-ozone/integration-test/target/test-dir/MiniOzoneClusterImpl-22a6b2d7-7806-44d1-803e-00ff882747f6/datanode-1/data/ratis/c43cd421-eae2-4130-a427-e54688bb8d2e/current/log_inprogress_0
2019-09-24 18:42:54,830 [pool-305-thread-1] INFO  storage.RaftStorage (RaftStorage.java:format(72)) - Storage directory /workdir/hadoop-ozone/integration-test/target/test-dir/MiniOzoneClusterImpl-22a6b2d7-7806-44d1-803e-00ff882747f6/datanode-1/data/ratis/60863a1c-74bb-4d18-9047-e47707e13cb0 has been successfully formatted.
2019-09-24 18:42:54,830 [pool-355-thread-1] INFO  storage.RaftStorage (RaftStorage.java:format(72)) - Storage directory /workdir/hadoop-ozone/integration-test/target/test-dir/MiniOzoneClusterImpl-22a6b2d7-7806-44d1-803e-00ff882747f6/datanode-6/data/ratis/60863a1c-74bb-4d18-9047-e47707e13cb0 has been successfully formatted.
2019-09-24 18:42:54,830 [pool-335-thread-1] INFO  storage.RaftStorage (RaftStorage.java:format(72)) - Storage directory /workdir/hadoop-ozone/integration-test/target/test-dir/MiniOzoneClusterImpl-22a6b2d7-7806-44d1-803e-00ff882747f6/datanode-4/data/ratis/60863a1c-74bb-4d18-9047-e47707e13cb0 has been successfully formatted.
2019-09-24 18:42:54,830 [pool-305-thread-1] INFO  ratis.ContainerStateMachine (ContainerStateMachine.java:loadSnapshot(230)) - group-E47707E13CB0: The snapshot info is null. Setting the last applied indexto:(t:0, i:~)
2019-09-24 18:42:54,830 [pool-355-thread-1] INFO  ratis.ContainerStateMachine (ContainerStateMachine.java:loadSnapshot(230)) - group-E47707E13CB0: The snapshot info is null. Setting the last applied indexto:(t:0, i:~)
2019-09-24 18:42:54,831 [pool-305-thread-1] INFO  server.RaftServerConfigKeys (ConfUtils.java:logGet(43)) - raft.server.notification.no-leader.timeout = 120s (custom)
2019-09-24 18:42:54,831 [pool-335-thread-1] INFO  ratis.ContainerStateMachine (ContainerStateMachine.java:loadSnapshot(230)) - group-E47707E13CB0: The snapshot info is null. Setting the last applied indexto:(t:0, i:~)
2019-09-24 18:42:54,831 [pool-305-thread-1] INFO  server.RaftServerConfigKeys (ConfUtils.java:logGet(43)) - raft.server.log.use.memory = false (default)
2019-09-24 18:42:54,831 [pool-355-thread-1] INFO  server.RaftServerConfigKeys (ConfUtils.java:logGet(43)) - raft.server.notification.no-leader.timeout = 120s (custom)
2019-09-24 18:42:54,831 [pool-305-thread-1] INFO  server.RaftServerConfigKeys (ConfUtils.java:logGet(43)) - raft.server.log.purge.gap = 1000000 (custom)
2019-09-24 18:42:54,831 [pool-335-thread-1] INFO  server.RaftServerConfigKeys (ConfUtils.java:logGet(43)) - raft.server.notification.no-leader.timeout = 120s (custom)
2019-09-24 18:42:54,832 [pool-305-thread-1] INFO  server.RaftServerConfigKeys (ConfUtils.java:logGet(43)) - raft.server.log.appender.buffer.byte-limit = 33554432 (custom)
2019-09-24 18:42:54,831 [pool-355-thread-1] INFO  server.RaftServerConfigKeys (ConfUtils.java:logGet(43)) - raft.server.log.use.memory = false (default)
2019-09-24 18:42:54,832 [pool-305-thread-1] INFO  server.RaftServerConfigKeys (ConfUtils.java:logGet(43)) - raft.server.log.segment.size.max = 1048576 (custom)
2019-09-24 18:42:54,832 [pool-335-thread-1] INFO  server.RaftServerConfigKeys (ConfUtils.java:logGet(43)) - raft.server.log.use.memory = false (default)
2019-09-24 18:42:54,832 [pool-305-thread-1] INFO  server.RaftServerConfigKeys (ConfUtils.java:logGet(43)) - raft.server.log.segment.cache.num.max = 2 (custom)
2019-09-24 18:42:54,832 [pool-355-thread-1] INFO  server.RaftServerConfigKeys (ConfUtils.java:logGet(43)) - raft.server.log.purge.gap = 1000000 (custom)
2019-09-24 18:42:54,832 [pool-305-thread-1] INFO  segmented.SegmentedRaftLogWorker (SegmentedRaftLogWorker.java:<init>(172)) - new ff3e2dbf-fbd7-44c8-b920-6245688f6c83@group-E47707E13CB0-SegmentedRaftLogWorker for RaftStorage:Storage Directory /workdir/hadoop-ozone/integration-test/target/test-dir/MiniOzoneClusterImpl-22a6b2d7-7806-44d1-803e-00ff882747f6/datanode-1/data/ratis/60863a1c-74bb-4d18-9047-e47707e13cb0
2019-09-24 18:42:54,832 [pool-335-thread-1] INFO  server.RaftServerConfigKeys (ConfUtils.java:logGet(43)) - raft.server.log.purge.gap = 1000000 (custom)
2019-09-24 18:42:54,833 [pool-305-thread-1] INFO  server.RaftServerConfigKeys (ConfUtils.java:logGet(43)) - raft.server.log.queue.byte-limit = 2147483647 (custom)
2019-09-24 18:42:54,833 [pool-355-thread-1] INFO  server.RaftServerConfigKeys (ConfUtils.java:logGet(43)) - raft.server.log.appender.buffer.byte-limit = 33554432 (custom)
2019-09-24 18:42:54,833 [pool-305-thread-1] INFO  server.RaftServerConfigKeys (ConfUtils.java:logGet(43)) - raft.server.log.queue.element-limit = 1024 (custom)
2019-09-24 18:42:54,833 [pool-335-thread-1] INFO  server.RaftServerConfigKeys (ConfUtils.java:logGet(43)) - raft.server.log.appender.buffer.byte-limit = 33554432 (custom)
2019-09-24 18:42:54,833 [pool-305-thread-1] INFO  server.RaftServerConfigKeys (ConfUtils.java:logGet(43)) - raft.server.log.segment.size.max = 1048576 (custom)
2019-09-24 18:42:54,833 [main] INFO  net.NodeSchemaLoader (NodeSchemaLoader.java:loadSchemaFromFile(125)) - Loading file from sun.misc.CompoundEnumeration@4026461d
2019-09-24 18:42:54,833 [pool-355-thread-1] INFO  server.RaftServerConfigKeys (ConfUtils.java:logGet(43)) - raft.server.log.segment.size.max = 1048576 (custom)
2019-09-24 18:42:54,834 [main] INFO  net.NodeSchemaLoader (NodeSchemaLoader.java:loadSchema(171)) - Loading network topology layer schema file
2019-09-24 18:42:54,834 [pool-305-thread-1] INFO  server.RaftServerConfigKeys (ConfUtils.java:logGet(43)) - raft.server.log.preallocated.size = 16384 (custom)
2019-09-24 18:42:54,835 [pool-305-thread-1] INFO  server.RaftServerConfigKeys (ConfUtils.java:logGet(43)) - raft.server.log.write.buffer.size = 33554432 (custom)
2019-09-24 18:42:54,834 [pool-335-thread-1] INFO  server.RaftServerConfigKeys (ConfUtils.java:logGet(43)) - raft.server.log.segment.size.max = 1048576 (custom)
2019-09-24 18:42:54,835 [pool-305-thread-1] INFO  server.RaftServerConfigKeys (ConfUtils.java:logGet(43)) - raft.server.log.force.sync.num = 128 (default)
2019-09-24 18:42:54,834 [pool-355-thread-1] INFO  server.RaftServerConfigKeys (ConfUtils.java:logGet(43)) - raft.server.log.segment.cache.num.max = 2 (custom)
2019-09-24 18:42:54,835 [pool-305-thread-1] INFO  server.RaftServerConfigKeys (ConfUtils.java:logGet(43)) - raft.server.log.statemachine.data.sync = true (default)
2019-09-24 18:42:54,835 [pool-335-thread-1] INFO  server.RaftServerConfigKeys (ConfUtils.java:logGet(43)) - raft.server.log.segment.cache.num.max = 2 (custom)
2019-09-24 18:42:54,835 [pool-305-thread-1] INFO  server.RaftServerConfigKeys (ConfUtils.java:logGet(43)) - raft.server.log.statemachine.data.sync.timeout = 10s (default)
2019-09-24 18:42:54,836 [pool-305-thread-1] INFO  server.RaftServerConfigKeys (ConfUtils.java:logGet(43)) - raft.server.log.statemachine.data.sync.timeout.retry = -1 (default)
2019-09-24 18:42:54,835 [pool-355-thread-1] INFO  segmented.SegmentedRaftLogWorker (SegmentedRaftLogWorker.java:<init>(172)) - new bfedd7ac-20a7-41ea-98ab-a94e8334a7fe@group-E47707E13CB0-SegmentedRaftLogWorker for RaftStorage:Storage Directory /workdir/hadoop-ozone/integration-test/target/test-dir/MiniOzoneClusterImpl-22a6b2d7-7806-44d1-803e-00ff882747f6/datanode-6/data/ratis/60863a1c-74bb-4d18-9047-e47707e13cb0
2019-09-24 18:42:54,836 [pool-305-thread-1] INFO  server.RaftServerConfigKeys (ConfUtils.java:logGet(43)) - raft.server.log.statemachine.data.caching.enabled = true (custom)
2019-09-24 18:42:54,836 [pool-335-thread-1] INFO  segmented.SegmentedRaftLogWorker (SegmentedRaftLogWorker.java:<init>(172)) - new 8e1599e9-105d-4dd4-a052-d21668a40b75@group-E47707E13CB0-SegmentedRaftLogWorker for RaftStorage:Storage Directory /workdir/hadoop-ozone/integration-test/target/test-dir/MiniOzoneClusterImpl-22a6b2d7-7806-44d1-803e-00ff882747f6/datanode-4/data/ratis/60863a1c-74bb-4d18-9047-e47707e13cb0
2019-09-24 18:42:54,836 [pool-355-thread-1] INFO  server.RaftServerConfigKeys (ConfUtils.java:logGet(43)) - raft.server.log.queue.byte-limit = 2147483647 (custom)
2019-09-24 18:42:54,836 [pool-335-thread-1] INFO  server.RaftServerConfigKeys (ConfUtils.java:logGet(43)) - raft.server.log.queue.byte-limit = 2147483647 (custom)
2019-09-24 18:42:54,836 [pool-305-thread-1] INFO  segmented.SegmentedRaftLogWorker (SegmentedRaftLogWorker.java:lambda$new$0(132)) - ff3e2dbf-fbd7-44c8-b920-6245688f6c83@group-E47707E13CB0-SegmentedRaftLogWorker: flushIndex: setUnconditionally 0 -> -1
2019-09-24 18:42:54,837 [pool-335-thread-1] INFO  server.RaftServerConfigKeys (ConfUtils.java:logGet(43)) - raft.server.log.queue.element-limit = 1024 (custom)
2019-09-24 18:42:54,836 [pool-355-thread-1] INFO  server.RaftServerConfigKeys (ConfUtils.java:logGet(43)) - raft.server.log.queue.element-limit = 1024 (custom)
2019-09-24 18:42:54,837 [pool-305-thread-1] INFO  server.RaftServerConfigKeys (ConfUtils.java:logGet(43)) - raft.server.snapshot.auto.trigger.enabled = true (custom)
2019-09-24 18:42:54,837 [pool-335-thread-1] INFO  server.RaftServerConfigKeys (ConfUtils.java:logGet(43)) - raft.server.log.segment.size.max = 1048576 (custom)
2019-09-24 18:42:54,837 [pool-305-thread-1] INFO  server.RaftServerConfigKeys (ConfUtils.java:logGet(43)) - raft.server.snapshot.auto.trigger.threshold = 10000 (custom)
2019-09-24 18:42:54,838 [pool-305-thread-1] INFO  server.RaftServerConfigKeys (ConfUtils.java:logGet(43)) - raft.server.snapshot.retention.num.files = 5 (custom)
2019-09-24 18:42:54,837 [pool-355-thread-1] INFO  server.RaftServerConfigKeys (ConfUtils.java:logGet(43)) - raft.server.log.segment.size.max = 1048576 (custom)
2019-09-24 18:42:54,838 [pool-305-thread-1] INFO  server.RaftServerConfigKeys (ConfUtils.java:logGet(43)) - raft.server.retrycache.expirytime = 600000ms (custom)
2019-09-24 18:42:54,837 [pool-335-thread-1] INFO  server.RaftServerConfigKeys (ConfUtils.java:logGet(43)) - raft.server.log.preallocated.size = 16384 (custom)
2019-09-24 18:42:54,838 [pool-355-thread-1] INFO  server.RaftServerConfigKeys (ConfUtils.java:logGet(43)) - raft.server.log.preallocated.size = 16384 (custom)
2019-09-24 18:42:54,838 [pool-335-thread-1] INFO  server.RaftServerConfigKeys (ConfUtils.java:logGet(43)) - raft.server.log.write.buffer.size = 33554432 (custom)
2019-09-24 18:42:54,838 [pool-355-thread-1] INFO  server.RaftServerConfigKeys (ConfUtils.java:logGet(43)) - raft.server.log.write.buffer.size = 33554432 (custom)
2019-09-24 18:42:54,839 [pool-335-thread-1] INFO  server.RaftServerConfigKeys (ConfUtils.java:logGet(43)) - raft.server.log.force.sync.num = 128 (default)
2019-09-24 18:42:54,839 [pool-355-thread-1] INFO  server.RaftServerConfigKeys (ConfUtils.java:logGet(43)) - raft.server.log.force.sync.num = 128 (default)
2019-09-24 18:42:54,839 [pool-335-thread-1] INFO  server.RaftServerConfigKeys (ConfUtils.java:logGet(43)) - raft.server.log.statemachine.data.sync = true (default)
2019-09-24 18:42:54,839 [pool-355-thread-1] INFO  server.RaftServerConfigKeys (ConfUtils.java:logGet(43)) - raft.server.log.statemachine.data.sync = true (default)
2019-09-24 18:42:54,839 [pool-335-thread-1] INFO  server.RaftServerConfigKeys (ConfUtils.java:logGet(43)) - raft.server.log.statemachine.data.sync.timeout = 10s (default)
2019-09-24 18:42:54,839 [pool-355-thread-1] INFO  server.RaftServerConfigKeys (ConfUtils.java:logGet(43)) - raft.server.log.statemachine.data.sync.timeout = 10s (default)
2019-09-24 18:42:54,839 [pool-335-thread-1] INFO  server.RaftServerConfigKeys (ConfUtils.java:logGet(43)) - raft.server.log.statemachine.data.sync.timeout.retry = -1 (default)
2019-09-24 18:42:54,840 [pool-355-thread-1] INFO  server.RaftServerConfigKeys (ConfUtils.java:logGet(43)) - raft.server.log.statemachine.data.sync.timeout.retry = -1 (default)
2019-09-24 18:42:54,840 [pool-335-thread-1] INFO  server.RaftServerConfigKeys (ConfUtils.java:logGet(43)) - raft.server.log.statemachine.data.caching.enabled = true (custom)
2019-09-24 18:42:54,840 [pool-355-thread-1] INFO  server.RaftServerConfigKeys (ConfUtils.java:logGet(43)) - raft.server.log.statemachine.data.caching.enabled = true (custom)
2019-09-24 18:42:54,840 [main] WARN  server.ServerUtils (ServerUtils.java:sanitizeUserArgs(70)) - ozone.scm.stale.node.interval value = 300000 is larger than max = 100000 based on the key value of ozone.scm.heartbeat.thread.interval, reset to the max value 100000.
2019-09-24 18:42:54,840 [pool-355-thread-1] INFO  segmented.SegmentedRaftLogWorker (SegmentedRaftLogWorker.java:lambda$new$0(132)) - bfedd7ac-20a7-41ea-98ab-a94e8334a7fe@group-E47707E13CB0-SegmentedRaftLogWorker: flushIndex: setUnconditionally 0 -> -1
2019-09-24 18:42:54,840 [pool-335-thread-1] INFO  segmented.SegmentedRaftLogWorker (SegmentedRaftLogWorker.java:lambda$new$0(132)) - 8e1599e9-105d-4dd4-a052-d21668a40b75@group-E47707E13CB0-SegmentedRaftLogWorker: flushIndex: setUnconditionally 0 -> -1
2019-09-24 18:42:54,840 [main] WARN  server.ServerUtils (ServerUtils.java:sanitizeUserArgs(70)) - ozone.scm.stale.node.interval value = 300000 is larger than max = 100000 based on the key value of ozone.scm.heartbeat.thread.interval, reset to the max value 100000.
2019-09-24 18:42:54,841 [pool-355-thread-1] INFO  server.RaftServerConfigKeys (ConfUtils.java:logGet(43)) - raft.server.snapshot.auto.trigger.enabled = true (custom)
2019-09-24 18:42:54,841 [main] INFO  node.SCMNodeManager (SCMNodeManager.java:<init>(114)) - Entering startup safe mode.
2019-09-24 18:42:54,841 [pool-355-thread-1] INFO  server.RaftServerConfigKeys (ConfUtils.java:logGet(43)) - raft.server.snapshot.auto.trigger.threshold = 10000 (custom)
2019-09-24 18:42:54,841 [pool-335-thread-1] INFO  server.RaftServerConfigKeys (ConfUtils.java:logGet(43)) - raft.server.snapshot.auto.trigger.enabled = true (custom)
2019-09-24 18:42:54,842 [pool-305-thread-1] INFO  impl.RaftServerImpl (RaftServerImpl.java:start(185)) - ff3e2dbf-fbd7-44c8-b920-6245688f6c83@group-E47707E13CB0: start as a follower, conf=-1: [bfedd7ac-20a7-41ea-98ab-a94e8334a7fe:192.168.36.84:46718, ff3e2dbf-fbd7-44c8-b920-6245688f6c83:192.168.36.84:44531, 8e1599e9-105d-4dd4-a052-d21668a40b75:192.168.36.84:44254], old=null
2019-09-24 18:42:54,842 [pool-355-thread-1] INFO  server.RaftServerConfigKeys (ConfUtils.java:logGet(43)) - raft.server.snapshot.retention.num.files = 5 (custom)
2019-09-24 18:42:54,842 [pool-305-thread-1] INFO  impl.RaftServerImpl (RaftServerImpl.java:setRole(174)) - ff3e2dbf-fbd7-44c8-b920-6245688f6c83@group-E47707E13CB0: changes role from      null to FOLLOWER at term 0 for startAsFollower
2019-09-24 18:42:54,842 [pool-335-thread-1] INFO  server.RaftServerConfigKeys (ConfUtils.java:logGet(43)) - raft.server.snapshot.auto.trigger.threshold = 10000 (custom)
2019-09-24 18:42:54,842 [pool-305-thread-1] INFO  impl.RoleInfo (RoleInfo.java:updateAndGet(143)) - ff3e2dbf-fbd7-44c8-b920-6245688f6c83: start FollowerState
2019-09-24 18:42:54,842 [pool-355-thread-1] INFO  server.RaftServerConfigKeys (ConfUtils.java:logGet(43)) - raft.server.retrycache.expirytime = 600000ms (custom)
2019-09-24 18:42:54,842 [main] INFO  algorithms.ContainerPlacementPolicyFactory (ContainerPlacementPolicyFactory.java:getPolicy(57)) - Create container placement policy of type org.apache.hadoop.hdds.scm.container.placement.algorithms.SCMContainerPlacementRandom
2019-09-24 18:42:54,842 [pool-335-thread-1] INFO  server.RaftServerConfigKeys (ConfUtils.java:logGet(43)) - raft.server.snapshot.retention.num.files = 5 (custom)
2019-09-24 18:42:54,843 [pool-305-thread-1] INFO  util.JmxRegister (JmxRegister.java:tryRegister(44)) - Successfully registered JMX Bean with object name Ratis:service=RaftServer,group=group-E47707E13CB0,id=ff3e2dbf-fbd7-44c8-b920-6245688f6c83
2019-09-24 18:42:54,843 [pool-335-thread-1] INFO  server.RaftServerConfigKeys (ConfUtils.java:logGet(43)) - raft.server.retrycache.expirytime = 600000ms (custom)
2019-09-24 18:42:54,843 [main] WARN  server.ServerUtils (ServerUtils.java:getScmDbDir(145)) - ozone.scm.db.dirs is not configured. We recommend adding this setting. Falling back to ozone.metadata.dirs instead.
2019-09-24 18:42:54,845 [pool-355-thread-1] INFO  impl.RaftServerImpl (RaftServerImpl.java:start(185)) - bfedd7ac-20a7-41ea-98ab-a94e8334a7fe@group-E47707E13CB0: start as a follower, conf=-1: [bfedd7ac-20a7-41ea-98ab-a94e8334a7fe:192.168.36.84:46718, ff3e2dbf-fbd7-44c8-b920-6245688f6c83:192.168.36.84:44531, 8e1599e9-105d-4dd4-a052-d21668a40b75:192.168.36.84:44254], old=null
2019-09-24 18:42:54,845 [pool-355-thread-1] INFO  impl.RaftServerImpl (RaftServerImpl.java:setRole(174)) - bfedd7ac-20a7-41ea-98ab-a94e8334a7fe@group-E47707E13CB0: changes role from      null to FOLLOWER at term 0 for startAsFollower
2019-09-24 18:42:54,845 [pool-355-thread-1] INFO  impl.RoleInfo (RoleInfo.java:updateAndGet(143)) - bfedd7ac-20a7-41ea-98ab-a94e8334a7fe: start FollowerState
2019-09-24 18:42:54,846 [pool-335-thread-1] INFO  impl.RaftServerImpl (RaftServerImpl.java:start(185)) - 8e1599e9-105d-4dd4-a052-d21668a40b75@group-E47707E13CB0: start as a follower, conf=-1: [bfedd7ac-20a7-41ea-98ab-a94e8334a7fe:192.168.36.84:46718, ff3e2dbf-fbd7-44c8-b920-6245688f6c83:192.168.36.84:44531, 8e1599e9-105d-4dd4-a052-d21668a40b75:192.168.36.84:44254], old=null
2019-09-24 18:42:54,846 [pool-335-thread-1] INFO  impl.RaftServerImpl (RaftServerImpl.java:setRole(174)) - 8e1599e9-105d-4dd4-a052-d21668a40b75@group-E47707E13CB0: changes role from      null to FOLLOWER at term 0 for startAsFollower
2019-09-24 18:42:54,846 [pool-355-thread-1] INFO  util.JmxRegister (JmxRegister.java:tryRegister(44)) - Successfully registered JMX Bean with object name Ratis:service=RaftServer,group=group-E47707E13CB0,id=bfedd7ac-20a7-41ea-98ab-a94e8334a7fe
2019-09-24 18:42:54,846 [pool-335-thread-1] INFO  impl.RoleInfo (RoleInfo.java:updateAndGet(143)) - 8e1599e9-105d-4dd4-a052-d21668a40b75: start FollowerState
2019-09-24 18:42:54,846 [pool-335-thread-1] INFO  util.JmxRegister (JmxRegister.java:tryRegister(44)) - Successfully registered JMX Bean with object name Ratis:service=RaftServer,group=group-E47707E13CB0,id=8e1599e9-105d-4dd4-a052-d21668a40b75
2019-09-24 18:42:54,893 [Thread-2164] INFO  impl.FollowerState (FollowerState.java:run(106)) - 8e1599e9-105d-4dd4-a052-d21668a40b75:group-9DBFF3FC8B40 changes to CANDIDATE, lastRpcTime:5182, electionTimeout:5176ms
2019-09-24 18:42:54,893 [Thread-2164] INFO  impl.RoleInfo (RoleInfo.java:shutdownFollowerState(121)) - 8e1599e9-105d-4dd4-a052-d21668a40b75: shutdown FollowerState
2019-09-24 18:42:54,893 [Thread-2164] INFO  impl.RaftServerImpl (RaftServerImpl.java:setRole(174)) - 8e1599e9-105d-4dd4-a052-d21668a40b75@group-9DBFF3FC8B40: changes role from  FOLLOWER to CANDIDATE at term 1 for changeToCandidate
2019-09-24 18:42:54,893 [Thread-2164] INFO  impl.RoleInfo (RoleInfo.java:updateAndGet(143)) - 8e1599e9-105d-4dd4-a052-d21668a40b75: start LeaderElection
2019-09-24 18:42:54,896 [Thread-2167] INFO  impl.FollowerState (FollowerState.java:run(106)) - bfedd7ac-20a7-41ea-98ab-a94e8334a7fe:group-9DBFF3FC8B40 changes to CANDIDATE, lastRpcTime:5179, electionTimeout:5174ms
2019-09-24 18:42:54,897 [Thread-2167] INFO  impl.RoleInfo (RoleInfo.java:shutdownFollowerState(121)) - bfedd7ac-20a7-41ea-98ab-a94e8334a7fe: shutdown FollowerState
2019-09-24 18:42:54,897 [Thread-2167] INFO  impl.RaftServerImpl (RaftServerImpl.java:setRole(174)) - bfedd7ac-20a7-41ea-98ab-a94e8334a7fe@group-9DBFF3FC8B40: changes role from  FOLLOWER to CANDIDATE at term 1 for changeToCandidate
2019-09-24 18:42:54,897 [Thread-2167] INFO  impl.RoleInfo (RoleInfo.java:updateAndGet(143)) - bfedd7ac-20a7-41ea-98ab-a94e8334a7fe: start LeaderElection
2019-09-24 18:42:54,907 [Thread-2166] INFO  impl.FollowerState (FollowerState.java:run(106)) - ff3e2dbf-fbd7-44c8-b920-6245688f6c83:group-F2343F61EB5A changes to CANDIDATE, lastRpcTime:5192, electionTimeout:5185ms
2019-09-24 18:42:54,907 [Thread-2166] INFO  impl.RoleInfo (RoleInfo.java:shutdownFollowerState(121)) - ff3e2dbf-fbd7-44c8-b920-6245688f6c83: shutdown FollowerState
2019-09-24 18:42:54,907 [Thread-2166] INFO  impl.RaftServerImpl (RaftServerImpl.java:setRole(174)) - ff3e2dbf-fbd7-44c8-b920-6245688f6c83@group-F2343F61EB5A: changes role from  FOLLOWER to CANDIDATE at term 1 for changeToCandidate
2019-09-24 18:42:54,907 [ff3e2dbf-fbd7-44c8-b920-6245688f6c83@group-9DBFF3FC8B40:LeaderElection70] INFO  impl.LeaderElection (LeaderElection.java:askForVotes(182)) - ff3e2dbf-fbd7-44c8-b920-6245688f6c83@group-9DBFF3FC8B40:LeaderElection70: begin an election at term 2 for -1: [bfedd7ac-20a7-41ea-98ab-a94e8334a7fe:192.168.36.84:46718, ff3e2dbf-fbd7-44c8-b920-6245688f6c83:192.168.36.84:44531, 8e1599e9-105d-4dd4-a052-d21668a40b75:192.168.36.84:44254], old=null
2019-09-24 18:42:54,907 [bfedd7ac-20a7-41ea-98ab-a94e8334a7fe@group-F2343F61EB5A:LeaderElection71] INFO  impl.LeaderElection (LeaderElection.java:askForVotes(182)) - bfedd7ac-20a7-41ea-98ab-a94e8334a7fe@group-F2343F61EB5A:LeaderElection71: begin an election at term 2 for -1: [bfedd7ac-20a7-41ea-98ab-a94e8334a7fe:192.168.36.84:46718, ff3e2dbf-fbd7-44c8-b920-6245688f6c83:192.168.36.84:44531, 8e1599e9-105d-4dd4-a052-d21668a40b75:192.168.36.84:44254], old=null
2019-09-24 18:42:54,907 [8e1599e9-105d-4dd4-a052-d21668a40b75@group-F2343F61EB5A:LeaderElection72] INFO  impl.LeaderElection (LeaderElection.java:askForVotes(182)) - 8e1599e9-105d-4dd4-a052-d21668a40b75@group-F2343F61EB5A:LeaderElection72: begin an election at term 2 for -1: [bfedd7ac-20a7-41ea-98ab-a94e8334a7fe:192.168.36.84:46718, ff3e2dbf-fbd7-44c8-b920-6245688f6c83:192.168.36.84:44531, 8e1599e9-105d-4dd4-a052-d21668a40b75:192.168.36.84:44254], old=null
2019-09-24 18:42:54,907 [Thread-2166] INFO  impl.RoleInfo (RoleInfo.java:updateAndGet(143)) - ff3e2dbf-fbd7-44c8-b920-6245688f6c83: start LeaderElection
2019-09-24 18:42:54,983 [Thread-2171] INFO  impl.FollowerState (FollowerState.java:run(106)) - 38cf64fb-7489-4110-a682-ffe13eeb8522:group-87FEBA91323D changes to CANDIDATE, lastRpcTime:5179, electionTimeout:5179ms
2019-09-24 18:42:54,983 [Thread-2171] INFO  impl.RoleInfo (RoleInfo.java:shutdownFollowerState(121)) - 38cf64fb-7489-4110-a682-ffe13eeb8522: shutdown FollowerState
2019-09-24 18:42:54,983 [Thread-2171] INFO  impl.RaftServerImpl (RaftServerImpl.java:setRole(174)) - 38cf64fb-7489-4110-a682-ffe13eeb8522@group-87FEBA91323D: changes role from  FOLLOWER to CANDIDATE at term 0 for changeToCandidate
2019-09-24 18:42:54,983 [Thread-2171] INFO  impl.RoleInfo (RoleInfo.java:updateAndGet(143)) - 38cf64fb-7489-4110-a682-ffe13eeb8522: start LeaderElection
2019-09-24 18:42:55,081 [bfedd7ac-20a7-41ea-98ab-a94e8334a7fe@group-9DBFF3FC8B40:LeaderElection74] INFO  impl.LeaderElection (LeaderElection.java:askForVotes(182)) - bfedd7ac-20a7-41ea-98ab-a94e8334a7fe@group-9DBFF3FC8B40:LeaderElection74: begin an election at term 2 for -1: [bfedd7ac-20a7-41ea-98ab-a94e8334a7fe:192.168.36.84:46718, ff3e2dbf-fbd7-44c8-b920-6245688f6c83:192.168.36.84:44531, 8e1599e9-105d-4dd4-a052-d21668a40b75:192.168.36.84:44254], old=null
2019-09-24 18:42:55,081 [8e1599e9-105d-4dd4-a052-d21668a40b75@group-9DBFF3FC8B40:LeaderElection73] INFO  impl.LeaderElection (LeaderElection.java:askForVotes(182)) - 8e1599e9-105d-4dd4-a052-d21668a40b75@group-9DBFF3FC8B40:LeaderElection73: begin an election at term 2 for -1: [bfedd7ac-20a7-41ea-98ab-a94e8334a7fe:192.168.36.84:46718, ff3e2dbf-fbd7-44c8-b920-6245688f6c83:192.168.36.84:44531, 8e1599e9-105d-4dd4-a052-d21668a40b75:192.168.36.84:44254], old=null
2019-09-24 18:42:55,081 [38cf64fb-7489-4110-a682-ffe13eeb8522@group-87FEBA91323D:LeaderElection76] INFO  impl.LeaderElection (LeaderElection.java:askForVotes(182)) - 38cf64fb-7489-4110-a682-ffe13eeb8522@group-87FEBA91323D:LeaderElection76: begin an election at term 1 for -1: [38cf64fb-7489-4110-a682-ffe13eeb8522:192.168.36.84:40297], old=null
2019-09-24 18:42:55,081 [ff3e2dbf-fbd7-44c8-b920-6245688f6c83@group-F2343F61EB5A:LeaderElection75] INFO  impl.LeaderElection (LeaderElection.java:askForVotes(182)) - ff3e2dbf-fbd7-44c8-b920-6245688f6c83@group-F2343F61EB5A:LeaderElection75: begin an election at term 2 for -1: [bfedd7ac-20a7-41ea-98ab-a94e8334a7fe:192.168.36.84:46718, ff3e2dbf-fbd7-44c8-b920-6245688f6c83:192.168.36.84:44531, 8e1599e9-105d-4dd4-a052-d21668a40b75:192.168.36.84:44254], old=null
2019-09-24 18:42:55,081 [38cf64fb-7489-4110-a682-ffe13eeb8522@group-87FEBA91323D:LeaderElection76] INFO  impl.RoleInfo (RoleInfo.java:shutdownLeaderElection(134)) - 38cf64fb-7489-4110-a682-ffe13eeb8522: shutdown LeaderElection
2019-09-24 18:42:55,082 [38cf64fb-7489-4110-a682-ffe13eeb8522@group-87FEBA91323D:LeaderElection76] INFO  impl.RaftServerImpl (RaftServerImpl.java:setRole(174)) - 38cf64fb-7489-4110-a682-ffe13eeb8522@group-87FEBA91323D: changes role from CANDIDATE to LEADER at term 1 for changeToLeader
2019-09-24 18:42:55,082 [ff3e2dbf-fbd7-44c8-b920-6245688f6c83@group-9DBFF3FC8B40:LeaderElection70] INFO  impl.LeaderElection (LeaderElection.java:logAndReturn(56)) - ff3e2dbf-fbd7-44c8-b920-6245688f6c83@group-9DBFF3FC8B40:LeaderElection70: Election REJECTED; received 2 response(s) [ff3e2dbf-fbd7-44c8-b920-6245688f6c83<-bfedd7ac-20a7-41ea-98ab-a94e8334a7fe#0:FAIL-t2, ff3e2dbf-fbd7-44c8-b920-6245688f6c83<-8e1599e9-105d-4dd4-a052-d21668a40b75#0:FAIL-t2] and 0 exception(s); ff3e2dbf-fbd7-44c8-b920-6245688f6c83@group-9DBFF3FC8B40:t2, leader=null, voted=ff3e2dbf-fbd7-44c8-b920-6245688f6c83, raftlog=ff3e2dbf-fbd7-44c8-b920-6245688f6c83@group-9DBFF3FC8B40-SegmentedRaftLog:OPENED:c-1,f-1,i0, conf=-1: [bfedd7ac-20a7-41ea-98ab-a94e8334a7fe:192.168.36.84:46718, ff3e2dbf-fbd7-44c8-b920-6245688f6c83:192.168.36.84:44531, 8e1599e9-105d-4dd4-a052-d21668a40b75:192.168.36.84:44254], old=null
2019-09-24 18:42:55,082 [38cf64fb-7489-4110-a682-ffe13eeb8522@group-87FEBA91323D:LeaderElection76] INFO  impl.RaftServerImpl (ServerState.java:setLeader(253)) - 38cf64fb-7489-4110-a682-ffe13eeb8522@group-87FEBA91323D: change Leader from null to 38cf64fb-7489-4110-a682-ffe13eeb8522 at term 1 for becomeLeader, leader elected after 5406ms
2019-09-24 18:42:55,082 [8e1599e9-105d-4dd4-a052-d21668a40b75@group-F2343F61EB5A:LeaderElection72] INFO  impl.LeaderElection (LeaderElection.java:logAndReturn(56)) - 8e1599e9-105d-4dd4-a052-d21668a40b75@group-F2343F61EB5A:LeaderElection72: Election REJECTED; received 2 response(s) [8e1599e9-105d-4dd4-a052-d21668a40b75<-bfedd7ac-20a7-41ea-98ab-a94e8334a7fe#0:FAIL-t2, 8e1599e9-105d-4dd4-a052-d21668a40b75<-ff3e2dbf-fbd7-44c8-b920-6245688f6c83#0:FAIL-t2] and 0 exception(s); 8e1599e9-105d-4dd4-a052-d21668a40b75@group-F2343F61EB5A:t2, leader=null, voted=8e1599e9-105d-4dd4-a052-d21668a40b75, raftlog=8e1599e9-105d-4dd4-a052-d21668a40b75@group-F2343F61EB5A-SegmentedRaftLog:OPENED:c-1,f-1,i0, conf=-1: [bfedd7ac-20a7-41ea-98ab-a94e8334a7fe:192.168.36.84:46718, ff3e2dbf-fbd7-44c8-b920-6245688f6c83:192.168.36.84:44531, 8e1599e9-105d-4dd4-a052-d21668a40b75:192.168.36.84:44254], old=null
2019-09-24 18:42:55,085 [8e1599e9-105d-4dd4-a052-d21668a40b75@group-F2343F61EB5A:LeaderElection72] INFO  impl.RaftServerImpl (RaftServerImpl.java:setRole(174)) - 8e1599e9-105d-4dd4-a052-d21668a40b75@group-F2343F61EB5A: changes role from CANDIDATE to FOLLOWER at term 2 for DISCOVERED_A_NEW_TERM
2019-09-24 18:42:55,086 [38cf64fb-7489-4110-a682-ffe13eeb8522@group-87FEBA91323D:LeaderElection76] INFO  server.RaftServerConfigKeys (ConfUtils.java:logGet(43)) - raft.server.staging.catchup.gap = 1000 (default)
2019-09-24 18:42:55,085 [ff3e2dbf-fbd7-44c8-b920-6245688f6c83@group-9DBFF3FC8B40:LeaderElection70] INFO  impl.RaftServerImpl (RaftServerImpl.java:setRole(174)) - ff3e2dbf-fbd7-44c8-b920-6245688f6c83@group-9DBFF3FC8B40: changes role from CANDIDATE to FOLLOWER at term 2 for DISCOVERED_A_NEW_TERM
2019-09-24 18:42:55,088 [38cf64fb-7489-4110-a682-ffe13eeb8522@group-87FEBA91323D:LeaderElection76] INFO  server.RaftServerConfigKeys (ConfUtils.java:logGet(43)) - raft.server.rpc.sleep.time = 25ms (default)
2019-09-24 18:42:55,086 [8e1599e9-105d-4dd4-a052-d21668a40b75@group-F2343F61EB5A:LeaderElection72] INFO  impl.RoleInfo (RoleInfo.java:shutdownLeaderElection(134)) - 8e1599e9-105d-4dd4-a052-d21668a40b75: shutdown LeaderElection
2019-09-24 18:42:55,088 [38cf64fb-7489-4110-a682-ffe13eeb8522@group-87FEBA91323D:LeaderElection76] INFO  server.RaftServerConfigKeys (ConfUtils.java:logGet(43)) - raft.server.write.element-limit = 4096 (default)
2019-09-24 18:42:55,088 [ff3e2dbf-fbd7-44c8-b920-6245688f6c83@group-9DBFF3FC8B40:LeaderElection70] INFO  impl.RoleInfo (RoleInfo.java:shutdownLeaderElection(134)) - ff3e2dbf-fbd7-44c8-b920-6245688f6c83: shutdown LeaderElection
2019-09-24 18:42:55,088 [38cf64fb-7489-4110-a682-ffe13eeb8522@group-87FEBA91323D:LeaderElection76] INFO  server.RaftServerConfigKeys (ConfUtils.java:logGet(43)) - raft.server.watch.timeout = 10s (default)
2019-09-24 18:42:55,088 [8e1599e9-105d-4dd4-a052-d21668a40b75@group-F2343F61EB5A:LeaderElection72] INFO  impl.RoleInfo (RoleInfo.java:updateAndGet(143)) - 8e1599e9-105d-4dd4-a052-d21668a40b75: start FollowerState
2019-09-24 18:42:55,089 [bfedd7ac-20a7-41ea-98ab-a94e8334a7fe@group-F2343F61EB5A:LeaderElection71] INFO  impl.LeaderElection (LeaderElection.java:logAndReturn(56)) - bfedd7ac-20a7-41ea-98ab-a94e8334a7fe@group-F2343F61EB5A:LeaderElection71: Election REJECTED; received 2 response(s) [bfedd7ac-20a7-41ea-98ab-a94e8334a7fe<-ff3e2dbf-fbd7-44c8-b920-6245688f6c83#0:FAIL-t2, bfedd7ac-20a7-41ea-98ab-a94e8334a7fe<-8e1599e9-105d-4dd4-a052-d21668a40b75#0:FAIL-t2] and 0 exception(s); bfedd7ac-20a7-41ea-98ab-a94e8334a7fe@group-F2343F61EB5A:t2, leader=null, voted=bfedd7ac-20a7-41ea-98ab-a94e8334a7fe, raftlog=bfedd7ac-20a7-41ea-98ab-a94e8334a7fe@group-F2343F61EB5A-SegmentedRaftLog:OPENED:c-1,f-1,i0, conf=-1: [bfedd7ac-20a7-41ea-98ab-a94e8334a7fe:192.168.36.84:46718, ff3e2dbf-fbd7-44c8-b920-6245688f6c83:192.168.36.84:44531, 8e1599e9-105d-4dd4-a052-d21668a40b75:192.168.36.84:44254], old=null
2019-09-24 18:42:55,089 [38cf64fb-7489-4110-a682-ffe13eeb8522@group-87FEBA91323D:LeaderElection76] INFO  server.RaftServerConfigKeys (ConfUtils.java:logGet(43)) - raft.server.watch.timeout.denomination = 1s (default)
2019-09-24 18:42:55,088 [ff3e2dbf-fbd7-44c8-b920-6245688f6c83@group-9DBFF3FC8B40:LeaderElection70] INFO  impl.RoleInfo (RoleInfo.java:updateAndGet(143)) - ff3e2dbf-fbd7-44c8-b920-6245688f6c83: start FollowerState
2019-09-24 18:42:55,089 [38cf64fb-7489-4110-a682-ffe13eeb8522@group-87FEBA91323D:LeaderElection76] INFO  server.RaftServerConfigKeys (ConfUtils.java:logGet(43)) - raft.server.watch.element-limit = 65536 (default)
2019-09-24 18:42:55,089 [bfedd7ac-20a7-41ea-98ab-a94e8334a7fe@group-F2343F61EB5A:LeaderElection71] INFO  impl.RaftServerImpl (RaftServerImpl.java:setRole(174)) - bfedd7ac-20a7-41ea-98ab-a94e8334a7fe@group-F2343F61EB5A: changes role from CANDIDATE to FOLLOWER at term 2 for DISCOVERED_A_NEW_TERM
2019-09-24 18:42:55,091 [bfedd7ac-20a7-41ea-98ab-a94e8334a7fe@group-F2343F61EB5A:LeaderElection71] INFO  impl.RoleInfo (RoleInfo.java:shutdownLeaderElection(134)) - bfedd7ac-20a7-41ea-98ab-a94e8334a7fe: shutdown LeaderElection
2019-09-24 18:42:55,091 [bfedd7ac-20a7-41ea-98ab-a94e8334a7fe@group-F2343F61EB5A:LeaderElection71] INFO  impl.RoleInfo (RoleInfo.java:updateAndGet(143)) - bfedd7ac-20a7-41ea-98ab-a94e8334a7fe: start FollowerState
2019-09-24 18:42:55,092 [8e1599e9-105d-4dd4-a052-d21668a40b75@group-9DBFF3FC8B40:LeaderElection73] INFO  impl.LeaderElection (LeaderElection.java:logAndReturn(56)) - 8e1599e9-105d-4dd4-a052-d21668a40b75@group-9DBFF3FC8B40:LeaderElection73: Election REJECTED; received 2 response(s) [8e1599e9-105d-4dd4-a052-d21668a40b75<-bfedd7ac-20a7-41ea-98ab-a94e8334a7fe#0:FAIL-t2, 8e1599e9-105d-4dd4-a052-d21668a40b75<-ff3e2dbf-fbd7-44c8-b920-6245688f6c83#0:FAIL-t2] and 0 exception(s); 8e1599e9-105d-4dd4-a052-d21668a40b75@group-9DBFF3FC8B40:t2, leader=null, voted=8e1599e9-105d-4dd4-a052-d21668a40b75, raftlog=8e1599e9-105d-4dd4-a052-d21668a40b75@group-9DBFF3FC8B40-SegmentedRaftLog:OPENED:c-1,f-1,i0, conf=-1: [bfedd7ac-20a7-41ea-98ab-a94e8334a7fe:192.168.36.84:46718, ff3e2dbf-fbd7-44c8-b920-6245688f6c83:192.168.36.84:44531, 8e1599e9-105d-4dd4-a052-d21668a40b75:192.168.36.84:44254], old=null
2019-09-24 18:42:55,092 [8e1599e9-105d-4dd4-a052-d21668a40b75@group-9DBFF3FC8B40:LeaderElection73] INFO  impl.RaftServerImpl (RaftServerImpl.java:setRole(174)) - 8e1599e9-105d-4dd4-a052-d21668a40b75@group-9DBFF3FC8B40: changes role from CANDIDATE to FOLLOWER at term 2 for DISCOVERED_A_NEW_TERM
2019-09-24 18:42:55,092 [8e1599e9-105d-4dd4-a052-d21668a40b75@group-9DBFF3FC8B40:LeaderElection73] INFO  impl.RoleInfo (RoleInfo.java:shutdownLeaderElection(134)) - 8e1599e9-105d-4dd4-a052-d21668a40b75: shutdown LeaderElection
2019-09-24 18:42:55,092 [8e1599e9-105d-4dd4-a052-d21668a40b75@group-9DBFF3FC8B40:LeaderElection73] INFO  impl.RoleInfo (RoleInfo.java:updateAndGet(143)) - 8e1599e9-105d-4dd4-a052-d21668a40b75: start FollowerState
2019-09-24 18:42:55,093 [bfedd7ac-20a7-41ea-98ab-a94e8334a7fe@group-9DBFF3FC8B40:LeaderElection74] INFO  impl.LeaderElection (LeaderElection.java:logAndReturn(56)) - bfedd7ac-20a7-41ea-98ab-a94e8334a7fe@group-9DBFF3FC8B40:LeaderElection74: Election REJECTED; received 2 response(s) [bfedd7ac-20a7-41ea-98ab-a94e8334a7fe<-ff3e2dbf-fbd7-44c8-b920-6245688f6c83#0:FAIL-t2, bfedd7ac-20a7-41ea-98ab-a94e8334a7fe<-8e1599e9-105d-4dd4-a052-d21668a40b75#0:FAIL-t2] and 0 exception(s); bfedd7ac-20a7-41ea-98ab-a94e8334a7fe@group-9DBFF3FC8B40:t2, leader=null, voted=bfedd7ac-20a7-41ea-98ab-a94e8334a7fe, raftlog=bfedd7ac-20a7-41ea-98ab-a94e8334a7fe@group-9DBFF3FC8B40-SegmentedRaftLog:OPENED:c-1,f-1,i0, conf=-1: [bfedd7ac-20a7-41ea-98ab-a94e8334a7fe:192.168.36.84:46718, ff3e2dbf-fbd7-44c8-b920-6245688f6c83:192.168.36.84:44531, 8e1599e9-105d-4dd4-a052-d21668a40b75:192.168.36.84:44254], old=null
2019-09-24 18:42:55,094 [bfedd7ac-20a7-41ea-98ab-a94e8334a7fe@group-9DBFF3FC8B40:LeaderElection74] INFO  impl.RaftServerImpl (RaftServerImpl.java:setRole(174)) - bfedd7ac-20a7-41ea-98ab-a94e8334a7fe@group-9DBFF3FC8B40: changes role from CANDIDATE to FOLLOWER at term 2 for DISCOVERED_A_NEW_TERM
2019-09-24 18:42:55,095 [ff3e2dbf-fbd7-44c8-b920-6245688f6c83@group-F2343F61EB5A:LeaderElection75] INFO  impl.LeaderElection (LeaderElection.java:logAndReturn(56)) - ff3e2dbf-fbd7-44c8-b920-6245688f6c83@group-F2343F61EB5A:LeaderElection75: Election REJECTED; received 2 response(s) [ff3e2dbf-fbd7-44c8-b920-6245688f6c83<-bfedd7ac-20a7-41ea-98ab-a94e8334a7fe#0:FAIL-t2, ff3e2dbf-fbd7-44c8-b920-6245688f6c83<-8e1599e9-105d-4dd4-a052-d21668a40b75#0:FAIL-t2] and 0 exception(s); ff3e2dbf-fbd7-44c8-b920-6245688f6c83@group-F2343F61EB5A:t2, leader=null, voted=ff3e2dbf-fbd7-44c8-b920-6245688f6c83, raftlog=ff3e2dbf-fbd7-44c8-b920-6245688f6c83@group-F2343F61EB5A-SegmentedRaftLog:OPENED:c-1,f-1,i0, conf=-1: [bfedd7ac-20a7-41ea-98ab-a94e8334a7fe:192.168.36.84:46718, ff3e2dbf-fbd7-44c8-b920-6245688f6c83:192.168.36.84:44531, 8e1599e9-105d-4dd4-a052-d21668a40b75:192.168.36.84:44254], old=null
2019-09-24 18:42:55,095 [bfedd7ac-20a7-41ea-98ab-a94e8334a7fe@group-9DBFF3FC8B40:LeaderElection74] INFO  impl.RoleInfo (RoleInfo.java:shutdownLeaderElection(134)) - bfedd7ac-20a7-41ea-98ab-a94e8334a7fe: shutdown LeaderElection
2019-09-24 18:42:55,096 [38cf64fb-7489-4110-a682-ffe13eeb8522@group-87FEBA91323D:LeaderElection76] INFO  impl.RoleInfo (RoleInfo.java:updateAndGet(143)) - 38cf64fb-7489-4110-a682-ffe13eeb8522: start LeaderState
2019-09-24 18:42:55,096 [ff3e2dbf-fbd7-44c8-b920-6245688f6c83@group-F2343F61EB5A:LeaderElection75] INFO  impl.RaftServerImpl (RaftServerImpl.java:setRole(174)) - ff3e2dbf-fbd7-44c8-b920-6245688f6c83@group-F2343F61EB5A: changes role from CANDIDATE to FOLLOWER at term 2 for DISCOVERED_A_NEW_TERM
2019-09-24 18:42:55,098 [bfedd7ac-20a7-41ea-98ab-a94e8334a7fe@group-9DBFF3FC8B40:LeaderElection74] INFO  impl.RoleInfo (RoleInfo.java:updateAndGet(143)) - bfedd7ac-20a7-41ea-98ab-a94e8334a7fe: start FollowerState
2019-09-24 18:42:55,098 [ff3e2dbf-fbd7-44c8-b920-6245688f6c83@group-F2343F61EB5A:LeaderElection75] INFO  impl.RoleInfo (RoleInfo.java:shutdownLeaderElection(134)) - ff3e2dbf-fbd7-44c8-b920-6245688f6c83: shutdown LeaderElection
2019-09-24 18:42:55,098 [38cf64fb-7489-4110-a682-ffe13eeb8522@group-87FEBA91323D:LeaderElection76] INFO  segmented.SegmentedRaftLogWorker (SegmentedRaftLogWorker.java:startLogSegment(380)) - 38cf64fb-7489-4110-a682-ffe13eeb8522@group-87FEBA91323D-SegmentedRaftLogWorker: Starting segment from index:0
2019-09-24 18:42:55,098 [ff3e2dbf-fbd7-44c8-b920-6245688f6c83@group-F2343F61EB5A:LeaderElection75] INFO  impl.RoleInfo (RoleInfo.java:updateAndGet(143)) - ff3e2dbf-fbd7-44c8-b920-6245688f6c83: start FollowerState
2019-09-24 18:42:55,099 [38cf64fb-7489-4110-a682-ffe13eeb8522@group-87FEBA91323D:LeaderElection76] INFO  impl.RaftServerImpl (ServerState.java:setRaftConf(354)) - 38cf64fb-7489-4110-a682-ffe13eeb8522@group-87FEBA91323D: set configuration 0: [38cf64fb-7489-4110-a682-ffe13eeb8522:192.168.36.84:40297], old=null at 0
2019-09-24 18:42:55,573 [38cf64fb-7489-4110-a682-ffe13eeb8522@group-87FEBA91323D-SegmentedRaftLogWorker] INFO  segmented.SegmentedRaftLogWorker (SegmentedRaftLogWorker.java:execute(569)) - 38cf64fb-7489-4110-a682-ffe13eeb8522@group-87FEBA91323D-SegmentedRaftLogWorker: created new log segment /workdir/hadoop-ozone/integration-test/target/test-dir/MiniOzoneClusterImpl-22a6b2d7-7806-44d1-803e-00ff882747f6/datanode-3/data/ratis/b9ecaa16-c2b5-4a83-ad54-87feba91323d/current/log_inprogress_0
2019-09-24 18:42:55,894 [main] INFO  pipeline.SCMPipelineManager (SCMPipelineManager.java:initializePipelineState(132)) - No pipeline exists in current db
2019-09-24 18:42:55,894 [main] WARN  server.ServerUtils (ServerUtils.java:getScmDbDir(145)) - ozone.scm.db.dirs is not configured. We recommend adding this setting. Falling back to ozone.metadata.dirs instead.
2019-09-24 18:42:55,947 [main] WARN  events.EventQueue (EventQueue.java:fireEvent(183)) - No event handler registered for event TypedEvent{payloadType=SafeModeStatus, name='SafeModeStatus'}
2019-09-24 18:42:55,948 [main] INFO  ipc.CallQueueManager (CallQueueManager.java:<init>(84)) - Using callQueue: class java.util.concurrent.LinkedBlockingQueue, queueCapacity: 2000, scheduler: class org.apache.hadoop.ipc.DefaultRpcScheduler, ipcBackoff: false.
2019-09-24 18:42:55,951 [Socket Reader #1 for port 34002] INFO  ipc.Server (Server.java:run(1074)) - Starting Socket Reader #1 for port 34002
2019-09-24 18:42:55,958 [main] INFO  ipc.CallQueueManager (CallQueueManager.java:<init>(84)) - Using callQueue: class java.util.concurrent.LinkedBlockingQueue, queueCapacity: 2000, scheduler: class org.apache.hadoop.ipc.DefaultRpcScheduler, ipcBackoff: false.
2019-09-24 18:42:55,959 [Socket Reader #1 for port 45449] INFO  ipc.Server (Server.java:run(1074)) - Starting Socket Reader #1 for port 45449
2019-09-24 18:42:55,963 [main] INFO  ipc.CallQueueManager (CallQueueManager.java:<init>(84)) - Using callQueue: class java.util.concurrent.LinkedBlockingQueue, queueCapacity: 2000, scheduler: class org.apache.hadoop.ipc.DefaultRpcScheduler, ipcBackoff: false.
2019-09-24 18:42:55,964 [Socket Reader #1 for port 37809] INFO  ipc.Server (Server.java:run(1074)) - Starting Socket Reader #1 for port 37809
2019-09-24 18:42:55,969 [main] INFO  hdfs.DFSUtil (DFSUtil.java:httpServerTemplateForNNAndJN(1641)) - Starting Web-server for scm at: http://0.0.0.0:0
2019-09-24 18:42:55,972 [main] INFO  server.AuthenticationFilter (AuthenticationFilter.java:constructSecretProvider(240)) - Unable to initialize FileSignerSecretProvider, falling back to use random secrets.
2019-09-24 18:42:55,973 [main] WARN  http.HttpRequestLog (HttpRequestLog.java:getRequestLog(97)) - Jetty request log can only be enabled using Log4j
2019-09-24 18:42:55,975 [main] INFO  http.HttpServer2 (HttpServer2.java:addGlobalFilter(975)) - Added global filter 'safety' (class=org.apache.hadoop.http.HttpServer2$QuotingInputFilter)
2019-09-24 18:42:55,976 [main] INFO  http.HttpServer2 (HttpServer2.java:addFilter(948)) - Added filter static_user_filter (class=org.apache.hadoop.http.lib.StaticUserWebFilter$StaticUserFilter) to context scm
2019-09-24 18:42:55,976 [main] INFO  http.HttpServer2 (HttpServer2.java:addFilter(958)) - Added filter static_user_filter (class=org.apache.hadoop.http.lib.StaticUserWebFilter$StaticUserFilter) to context static
2019-09-24 18:42:55,976 [main] INFO  http.HttpServer2 (HttpServer2.java:addFilter(958)) - Added filter static_user_filter (class=org.apache.hadoop.http.lib.StaticUserWebFilter$StaticUserFilter) to context logs
2019-09-24 18:42:55,981 [main] INFO  server.StorageContainerManager (StorageContainerManager.java:start(770)) - StorageContainerLocationProtocol RPC server is listening at /0.0.0.0:37809
2019-09-24 18:42:55,982 [main] INFO  impl.MetricsSystemImpl (MetricsSystemImpl.java:init(158)) - StorageContainerManager metrics system started (again)
2019-09-24 18:42:56,004 [main] INFO  server.SCMClientProtocolServer (SCMClientProtocolServer.java:start(151)) - RPC server for Client  is listening at /0.0.0.0:37809
2019-09-24 18:42:56,005 [IPC Server Responder] INFO  ipc.Server (Server.java:run(1314)) - IPC Server Responder: starting
2019-09-24 18:42:56,005 [IPC Server listener on 37809] INFO  ipc.Server (Server.java:run(1153)) - IPC Server listener on 37809: starting
2019-09-24 18:42:56,015 [main] INFO  server.StorageContainerManager (StorageContainerManager.java:start(780)) - ScmBlockLocationProtocol RPC server is listening at /0.0.0.0:45449
2019-09-24 18:42:56,015 [main] INFO  server.SCMBlockProtocolServer (SCMBlockProtocolServer.java:start(146)) - RPC server for Block Protocol is listening at /0.0.0.0:45449
2019-09-24 18:42:56,015 [IPC Server Responder] INFO  ipc.Server (Server.java:run(1314)) - IPC Server Responder: starting
2019-09-24 18:42:56,015 [IPC Server listener on 45449] INFO  ipc.Server (Server.java:run(1153)) - IPC Server listener on 45449: starting
2019-09-24 18:42:56,025 [main] INFO  server.StorageContainerManager (StorageContainerManager.java:start(784)) - ScmDatanodeProtocl RPC server is listening at /0.0.0.0:34002
2019-09-24 18:42:56,025 [main] INFO  server.SCMDatanodeProtocolServer (SCMDatanodeProtocolServer.java:start(191)) - RPC server for DataNodes is listening at /0.0.0.0:34002
2019-09-24 18:42:56,025 [IPC Server Responder] INFO  ipc.Server (Server.java:run(1314)) - IPC Server Responder: starting
2019-09-24 18:42:56,028 [IPC Server listener on 34002] INFO  ipc.Server (Server.java:run(1153)) - IPC Server listener on 34002: starting
2019-09-24 18:42:56,034 [main] INFO  http.HttpServer2 (HttpServer2.java:bindListener(1191)) - Jetty bound to port 33661
2019-09-24 18:42:56,034 [main] INFO  server.Server (Server.java:doStart(351)) - jetty-9.3.25.v20180904, build timestamp: 2018-09-04T21:11:46Z, git hash: 3ce520221d0240229c862b122d2b06c12a625732
2019-09-24 18:42:56,036 [main] INFO  handler.ContextHandler (ContextHandler.java:doStart(781)) - Started o.e.j.s.ServletContextHandler@4f081b5d{/logs,file:///workdir/hadoop-ozone/integration-test/target/log,AVAILABLE}
2019-09-24 18:42:56,036 [main] INFO  handler.ContextHandler (ContextHandler.java:doStart(781)) - Started o.e.j.s.ServletContextHandler@740a0d5e{/static,file:///workdir/hadoop-ozone/integration-test/target/test-classes/webapps/static,AVAILABLE}
2019-09-24 18:42:56,041 [main] INFO  handler.ContextHandler (ContextHandler.java:doStart(781)) - Started o.e.j.w.WebAppContext@448c92fc{/,file:///workdir/hadoop-ozone/integration-test/target/test-classes/webapps/scm/,AVAILABLE}{/scm}
2019-09-24 18:42:56,042 [main] INFO  server.AbstractConnector (AbstractConnector.java:doStart(278)) - Started ServerConnector@251c8145{HTTP/1.1,[http/1.1]}{0.0.0.0:33661}
2019-09-24 18:42:56,044 [main] INFO  server.Server (Server.java:doStart(419)) - Started @302862ms
2019-09-24 18:42:56,044 [main] WARN  impl.MetricsSystemImpl (MetricsSystemImpl.java:register(276)) - Sink prometheus already exists!
2019-09-24 18:42:56,045 [main] INFO  server.BaseHttpServer (BaseHttpServer.java:updateConnectorAddress(215)) - HTTP server of SCM is listening at http://0.0.0.0:33661
2019-09-24 18:42:56,048 [main] WARN  server.ServerUtils (ServerUtils.java:getDBPath(222)) - ozone.om.db.dirs is not configured. We recommend adding this setting. Falling back to ozone.metadata.dirs instead.
2019-09-24 18:42:56,049 [org.apache.hadoop.util.JvmPauseMonitor$Monitor@7abeabe9] INFO  util.JvmPauseMonitor (JvmPauseMonitor.java:run(188)) - Starting JVM pause monitor
2019-09-24 18:42:56,062 [main] WARN  server.ServerUtils (ServerUtils.java:getDBPath(222)) - ozone.om.db.dirs is not configured. We recommend adding this setting. Falling back to ozone.metadata.dirs instead.
2019-09-24 18:42:56,063 [main] WARN  server.ServerUtils (ServerUtils.java:getDBPath(222)) - ozone.om.db.dirs is not configured. We recommend adding this setting. Falling back to ozone.metadata.dirs instead.
2019-09-24 18:42:56,063 [main] INFO  om.OzoneManager (OzoneManager.java:setOMNodeDetails(652)) - OM Service ID is not set. Setting it to the default ID: omServiceIdDefault
2019-09-24 18:42:56,063 [main] INFO  om.OzoneManager (OzoneManager.java:setOMNodeDetails(658)) - OM Node ID is not set. Setting it to the OmStorage's OmID: 205ed4bf-e310-4007-9c5b-6fe087f75ad6
2019-09-24 18:42:56,064 [main] INFO  om.OzoneManager (OzoneManager.java:loadOMHAConfigs(609)) - Found matching OM address with OMServiceId: null, OMNodeId: null, RPC Address: localhost:0 and Ratis port: 9872
2019-09-24 18:42:56,078 [main] WARN  server.ServerUtils (ServerUtils.java:getDBPath(222)) - ozone.om.db.dirs is not configured. We recommend adding this setting. Falling back to ozone.metadata.dirs instead.
2019-09-24 18:42:56,079 [main] INFO  db.DBStoreBuilder (DBStoreBuilder.java:addTable(110)) - using custom profile for table: userTable
2019-09-24 18:42:56,079 [main] INFO  db.DBStoreBuilder (DBStoreBuilder.java:processTables(161)) - Using default column profile:DBProfile.DISK for Table:userTable
2019-09-24 18:42:56,079 [main] INFO  db.DBStoreBuilder (DBStoreBuilder.java:addTable(110)) - using custom profile for table: volumeTable
2019-09-24 18:42:56,079 [main] INFO  db.DBStoreBuilder (DBStoreBuilder.java:processTables(161)) - Using default column profile:DBProfile.DISK for Table:volumeTable
2019-09-24 18:42:56,080 [main] INFO  db.DBStoreBuilder (DBStoreBuilder.java:addTable(110)) - using custom profile for table: bucketTable
2019-09-24 18:42:56,080 [main] INFO  db.DBStoreBuilder (DBStoreBuilder.java:processTables(161)) - Using default column profile:DBProfile.DISK for Table:bucketTable
2019-09-24 18:42:56,080 [main] INFO  db.DBStoreBuilder (DBStoreBuilder.java:addTable(110)) - using custom profile for table: keyTable
2019-09-24 18:42:56,081 [main] INFO  db.DBStoreBuilder (DBStoreBuilder.java:processTables(161)) - Using default column profile:DBProfile.DISK for Table:keyTable
2019-09-24 18:42:56,081 [main] INFO  db.DBStoreBuilder (DBStoreBuilder.java:addTable(110)) - using custom profile for table: deletedTable
2019-09-24 18:42:56,081 [main] INFO  db.DBStoreBuilder (DBStoreBuilder.java:processTables(161)) - Using default column profile:DBProfile.DISK for Table:deletedTable
2019-09-24 18:42:56,081 [main] INFO  db.DBStoreBuilder (DBStoreBuilder.java:addTable(110)) - using custom profile for table: openKeyTable
2019-09-24 18:42:56,082 [main] INFO  db.DBStoreBuilder (DBStoreBuilder.java:processTables(161)) - Using default column profile:DBProfile.DISK for Table:openKeyTable
2019-09-24 18:42:56,082 [main] INFO  db.DBStoreBuilder (DBStoreBuilder.java:addTable(110)) - using custom profile for table: s3Table
2019-09-24 18:42:56,082 [main] INFO  db.DBStoreBuilder (DBStoreBuilder.java:processTables(161)) - Using default column profile:DBProfile.DISK for Table:s3Table
2019-09-24 18:42:56,082 [main] INFO  db.DBStoreBuilder (DBStoreBuilder.java:addTable(110)) - using custom profile for table: multipartInfoTable
2019-09-24 18:42:56,083 [main] INFO  db.DBStoreBuilder (DBStoreBuilder.java:processTables(161)) - Using default column profile:DBProfile.DISK for Table:multipartInfoTable
2019-09-24 18:42:56,083 [main] INFO  db.DBStoreBuilder (DBStoreBuilder.java:addTable(110)) - using custom profile for table: dTokenTable
2019-09-24 18:42:56,083 [main] INFO  db.DBStoreBuilder (DBStoreBuilder.java:processTables(161)) - Using default column profile:DBProfile.DISK for Table:dTokenTable
2019-09-24 18:42:56,083 [main] INFO  db.DBStoreBuilder (DBStoreBuilder.java:addTable(110)) - using custom profile for table: s3SecretTable
2019-09-24 18:42:56,084 [main] INFO  db.DBStoreBuilder (DBStoreBuilder.java:processTables(161)) - Using default column profile:DBProfile.DISK for Table:s3SecretTable
2019-09-24 18:42:56,084 [main] INFO  db.DBStoreBuilder (DBStoreBuilder.java:addTable(110)) - using custom profile for table: prefixTable
2019-09-24 18:42:56,084 [main] INFO  db.DBStoreBuilder (DBStoreBuilder.java:processTables(161)) - Using default column profile:DBProfile.DISK for Table:prefixTable
2019-09-24 18:42:56,084 [main] INFO  db.DBStoreBuilder (DBStoreBuilder.java:addTable(110)) - using custom profile for table: default
2019-09-24 18:42:56,085 [main] INFO  db.DBStoreBuilder (DBStoreBuilder.java:processTables(167)) - Using default column profile:DBProfile.DISK for Table:default
2019-09-24 18:42:56,085 [main] INFO  db.DBStoreBuilder (DBStoreBuilder.java:getDbProfile(198)) - Using default options. DBProfile.DISK
2019-09-24 18:42:57,075 [main] INFO  ipc.CallQueueManager (CallQueueManager.java:<init>(84)) - Using callQueue: class java.util.concurrent.LinkedBlockingQueue, queueCapacity: 2000, scheduler: class org.apache.hadoop.ipc.DefaultRpcScheduler, ipcBackoff: false.
2019-09-24 18:42:57,077 [Socket Reader #1 for port 44194] INFO  ipc.Server (Server.java:run(1074)) - Starting Socket Reader #1 for port 44194
2019-09-24 18:42:57,094 [main] INFO  om.OzoneManager (OzoneManager.java:start(1243)) - OzoneManager RPC server is listening at localhost/127.0.0.1:44194
2019-09-24 18:42:57,094 [main] INFO  impl.MetricsSystemImpl (MetricsSystemImpl.java:init(158)) - OzoneManager metrics system started (again)
2019-09-24 18:42:57,095 [IPC Server Responder] INFO  ipc.Server (Server.java:run(1314)) - IPC Server Responder: starting
2019-09-24 18:42:57,095 [IPC Server listener on 44194] INFO  ipc.Server (Server.java:run(1153)) - IPC Server listener on 44194: starting
2019-09-24 18:42:57,115 [main] INFO  hdfs.DFSUtil (DFSUtil.java:httpServerTemplateForNNAndJN(1641)) - Starting Web-server for ozoneManager at: http://0.0.0.0:0
2019-09-24 18:42:57,116 [main] INFO  server.AuthenticationFilter (AuthenticationFilter.java:constructSecretProvider(240)) - Unable to initialize FileSignerSecretProvider, falling back to use random secrets.
2019-09-24 18:42:57,117 [main] WARN  http.HttpRequestLog (HttpRequestLog.java:getRequestLog(97)) - Jetty request log can only be enabled using Log4j
2019-09-24 18:42:57,119 [main] INFO  http.HttpServer2 (HttpServer2.java:addGlobalFilter(975)) - Added global filter 'safety' (class=org.apache.hadoop.http.HttpServer2$QuotingInputFilter)
2019-09-24 18:42:57,119 [main] INFO  http.HttpServer2 (HttpServer2.java:addFilter(948)) - Added filter static_user_filter (class=org.apache.hadoop.http.lib.StaticUserWebFilter$StaticUserFilter) to context ozoneManager
2019-09-24 18:42:57,119 [main] INFO  http.HttpServer2 (HttpServer2.java:addFilter(958)) - Added filter static_user_filter (class=org.apache.hadoop.http.lib.StaticUserWebFilter$StaticUserFilter) to context static
2019-09-24 18:42:57,119 [main] INFO  http.HttpServer2 (HttpServer2.java:addFilter(958)) - Added filter static_user_filter (class=org.apache.hadoop.http.lib.StaticUserWebFilter$StaticUserFilter) to context logs
2019-09-24 18:42:57,120 [main] INFO  http.HttpServer2 (HttpServer2.java:bindListener(1191)) - Jetty bound to port 33603
2019-09-24 18:42:57,120 [main] INFO  server.Server (Server.java:doStart(351)) - jetty-9.3.25.v20180904, build timestamp: 2018-09-04T21:11:46Z, git hash: 3ce520221d0240229c862b122d2b06c12a625732
2019-09-24 18:42:57,123 [main] INFO  handler.ContextHandler (ContextHandler.java:doStart(781)) - Started o.e.j.s.ServletContextHandler@76cdafa3{/logs,file:///workdir/hadoop-ozone/integration-test/target/log,AVAILABLE}
2019-09-24 18:42:57,123 [main] INFO  handler.ContextHandler (ContextHandler.java:doStart(781)) - Started o.e.j.s.ServletContextHandler@4fb64e14{/static,file:///workdir/hadoop-ozone/integration-test/target/test-classes/webapps/static,AVAILABLE}
2019-09-24 18:42:57,127 [main] INFO  handler.ContextHandler (ContextHandler.java:doStart(781)) - Started o.e.j.w.WebAppContext@6e9a0bea{/,file:///workdir/hadoop-ozone/integration-test/target/test-classes/webapps/ozoneManager/,AVAILABLE}{/ozoneManager}
2019-09-24 18:42:57,127 [main] INFO  server.AbstractConnector (AbstractConnector.java:doStart(278)) - Started ServerConnector@28fc1132{HTTP/1.1,[http/1.1]}{0.0.0.0:33603}
2019-09-24 18:42:57,129 [main] INFO  server.Server (Server.java:doStart(419)) - Started @303947ms
2019-09-24 18:42:57,129 [main] WARN  impl.MetricsSystemImpl (MetricsSystemImpl.java:register(276)) - Sink prometheus already exists!
2019-09-24 18:42:57,130 [main] INFO  server.BaseHttpServer (BaseHttpServer.java:updateConnectorAddress(215)) - HTTP server of OZONEMANAGER is listening at http://0.0.0.0:33603
2019-09-24 18:42:57,149 [main] INFO  impl.MetricsSystemImpl (MetricsSystemImpl.java:init(158)) - HddsDatanode metrics system started (again)
2019-09-24 18:42:57,175 [main] INFO  ozone.HddsDatanodeService (HddsDatanodeService.java:start(184)) - HddsDatanodeService host:pr-hdds-2171-6l6hb-1841322612 ip:192.168.36.84
2019-09-24 18:42:57,185 [main] INFO  volume.HddsVolume (HddsVolume.java:<init>(176)) - Creating Volume: /workdir/hadoop-ozone/integration-test/target/test-dir/MiniOzoneClusterImpl-7a6c8996-2122-423e-a44c-6a38b4a82575/datanode-0/data/containers/hdds of  storage type : DISK and capacity : 1482555576320
2019-09-24 18:42:57,185 [main] INFO  volume.VolumeSet (VolumeSet.java:initializeVolumeSet(170)) - Added Volume : /workdir/hadoop-ozone/integration-test/target/test-dir/MiniOzoneClusterImpl-7a6c8996-2122-423e-a44c-6a38b4a82575/datanode-0/data/containers/hdds to VolumeSet
2019-09-24 18:42:57,185 [main] INFO  volume.ThrottledAsyncChecker (ThrottledAsyncChecker.java:schedule(139)) - Scheduling a check for org.apache.hadoop.ozone.container.common.volume.HddsVolume@8e99809
2019-09-24 18:42:57,186 [main] INFO  volume.HddsVolumeChecker (HddsVolumeChecker.java:checkAllVolumes(202)) - Scheduled health check for volume org.apache.hadoop.ozone.container.common.volume.HddsVolume@8e99809
2019-09-24 18:42:57,202 [main] INFO  impl.RaftServerProxy (ConfUtils.java:logGet(43)) - raft.rpc.type = GRPC (default)
2019-09-24 18:42:57,203 [main] INFO  grpc.GrpcFactory (GrpcFactory.java:checkPooledByteBufAllocatorUseCacheForAllThreads(45)) - PERFORMANCE WARNING: useCacheForAllThreads is true that may cause Netty to create a lot garbage objects and, as a result, trigger GC.
	It is recommended to disable useCacheForAllThreads by setting -Dorg.apache.ratis.thirdparty.io.netty.allocator.useCacheForAllThreads=false in command line.
2019-09-24 18:42:57,203 [main] INFO  grpc.GrpcConfigKeys$Server (ConfUtils.java:logGet(43)) - raft.grpc.server.port = 0 (default)
2019-09-24 18:42:57,203 [main] INFO  server.GrpcService (ConfUtils.java:logGet(43)) - raft.grpc.message.size.max = 33570816 (custom)
2019-09-24 18:42:57,203 [main] INFO  server.RaftServerConfigKeys (ConfUtils.java:logGet(43)) - raft.server.log.appender.buffer.byte-limit = 33554432 (custom)
2019-09-24 18:42:57,204 [main] INFO  server.GrpcService (ConfUtils.java:logGet(43)) - raft.grpc.flow.control.window = 1MB (=1048576) (default)
2019-09-24 18:42:57,204 [main] INFO  server.RaftServerConfigKeys (ConfUtils.java:logGet(43)) - raft.server.rpc.request.timeout = 3000ms (default)
2019-09-24 18:42:57,205 [main] INFO  server.RaftServerConfigKeys (ConfUtils.java:logGet(43)) - raft.server.storage.dir = [/workdir/hadoop-ozone/integration-test/target/test-dir/MiniOzoneClusterImpl-7a6c8996-2122-423e-a44c-6a38b4a82575/datanode-0/data/ratis] (custom)
2019-09-24 18:42:57,206 [main] INFO  hdfs.DFSUtil (DFSUtil.java:httpServerTemplateForNNAndJN(1641)) - Starting Web-server for hddsDatanode at: http://0.0.0.0:0
2019-09-24 18:42:57,207 [main] INFO  server.AuthenticationFilter (AuthenticationFilter.java:constructSecretProvider(240)) - Unable to initialize FileSignerSecretProvider, falling back to use random secrets.
2019-09-24 18:42:57,208 [main] WARN  http.HttpRequestLog (HttpRequestLog.java:getRequestLog(97)) - Jetty request log can only be enabled using Log4j
2019-09-24 18:42:57,209 [main] INFO  http.HttpServer2 (HttpServer2.java:addGlobalFilter(975)) - Added global filter 'safety' (class=org.apache.hadoop.http.HttpServer2$QuotingInputFilter)
2019-09-24 18:42:57,209 [main] INFO  http.HttpServer2 (HttpServer2.java:addFilter(948)) - Added filter static_user_filter (class=org.apache.hadoop.http.lib.StaticUserWebFilter$StaticUserFilter) to context hddsDatanode
2019-09-24 18:42:57,209 [main] INFO  http.HttpServer2 (HttpServer2.java:addFilter(958)) - Added filter static_user_filter (class=org.apache.hadoop.http.lib.StaticUserWebFilter$StaticUserFilter) to context static
2019-09-24 18:42:57,210 [main] INFO  http.HttpServer2 (HttpServer2.java:addFilter(958)) - Added filter static_user_filter (class=org.apache.hadoop.http.lib.StaticUserWebFilter$StaticUserFilter) to context logs
2019-09-24 18:42:57,210 [main] INFO  http.HttpServer2 (HttpServer2.java:bindListener(1191)) - Jetty bound to port 40113
2019-09-24 18:42:57,210 [main] INFO  server.Server (Server.java:doStart(351)) - jetty-9.3.25.v20180904, build timestamp: 2018-09-04T21:11:46Z, git hash: 3ce520221d0240229c862b122d2b06c12a625732
2019-09-24 18:42:57,212 [main] INFO  handler.ContextHandler (ContextHandler.java:doStart(781)) - Started o.e.j.s.ServletContextHandler@3d3c886f{/logs,file:///workdir/hadoop-ozone/integration-test/target/log,AVAILABLE}
2019-09-24 18:42:57,213 [main] INFO  handler.ContextHandler (ContextHandler.java:doStart(781)) - Started o.e.j.s.ServletContextHandler@666618d6{/static,jar:file:/home/user/.m2/repository/org/apache/hadoop/hadoop-hdds-container-service/0.5.0-SNAPSHOT/hadoop-hdds-container-service-0.5.0-SNAPSHOT.jar!/webapps/static,AVAILABLE}
2019-09-24 18:42:57,242 [main] INFO  handler.ContextHandler (ContextHandler.java:doStart(781)) - Started o.e.j.w.WebAppContext@72465eb2{/,file:///tmp/jetty-0.0.0.0-40113-hddsDatanode-_-any-9056194751639333233.dir/webapp/,AVAILABLE}{/hddsDatanode}
2019-09-24 18:42:57,242 [main] INFO  server.AbstractConnector (AbstractConnector.java:doStart(278)) - Started ServerConnector@478fb7dc{HTTP/1.1,[http/1.1]}{0.0.0.0:40113}
2019-09-24 18:42:57,246 [main] INFO  server.Server (Server.java:doStart(419)) - Started @304064ms
2019-09-24 18:42:57,246 [main] WARN  impl.MetricsSystemImpl (MetricsSystemImpl.java:register(276)) - Sink prometheus already exists!
2019-09-24 18:42:57,249 [main] INFO  server.BaseHttpServer (BaseHttpServer.java:updateConnectorAddress(215)) - HTTP server of HDDSDATANODE is listening at http://0.0.0.0:40113
2019-09-24 18:42:57,249 [main] INFO  impl.MetricsSystemImpl (MetricsSystemImpl.java:init(158)) - HddsDatanode metrics system started (again)
2019-09-24 18:42:57,269 [org.apache.hadoop.util.JvmPauseMonitor$Monitor@1af7a12d] INFO  util.JvmPauseMonitor (JvmPauseMonitor.java:run(188)) - Starting JVM pause monitor
2019-09-24 18:42:57,270 [main] INFO  ozone.HddsDatanodeService (HddsDatanodeService.java:start(184)) - HddsDatanodeService host:pr-hdds-2171-6l6hb-1841322612 ip:192.168.36.84
2019-09-24 18:42:57,271 [Datanode State Machine Thread - 0] INFO  datanode.InitDatanodeState (InitDatanodeState.java:persistContainerDatanodeDetails(140)) - DatanodeDetails is persisted to /workdir/hadoop-ozone/integration-test/target/test-dir/MiniOzoneClusterImpl-7a6c8996-2122-423e-a44c-6a38b4a82575/datanode-0/meta/datanode.id
2019-09-24 18:42:57,279 [main] INFO  volume.HddsVolume (HddsVolume.java:<init>(176)) - Creating Volume: /workdir/hadoop-ozone/integration-test/target/test-dir/MiniOzoneClusterImpl-7a6c8996-2122-423e-a44c-6a38b4a82575/datanode-1/data/containers/hdds of  storage type : DISK and capacity : 1482555576320
2019-09-24 18:42:57,280 [main] INFO  volume.VolumeSet (VolumeSet.java:initializeVolumeSet(170)) - Added Volume : /workdir/hadoop-ozone/integration-test/target/test-dir/MiniOzoneClusterImpl-7a6c8996-2122-423e-a44c-6a38b4a82575/datanode-1/data/containers/hdds to VolumeSet
2019-09-24 18:42:57,280 [main] INFO  volume.ThrottledAsyncChecker (ThrottledAsyncChecker.java:schedule(139)) - Scheduling a check for org.apache.hadoop.ozone.container.common.volume.HddsVolume@601d6622
2019-09-24 18:42:57,280 [main] INFO  volume.HddsVolumeChecker (HddsVolumeChecker.java:checkAllVolumes(202)) - Scheduled health check for volume org.apache.hadoop.ozone.container.common.volume.HddsVolume@601d6622
2019-09-24 18:42:57,296 [main] INFO  impl.RaftServerProxy (ConfUtils.java:logGet(43)) - raft.rpc.type = GRPC (default)
2019-09-24 18:42:57,296 [main] INFO  grpc.GrpcFactory (GrpcFactory.java:checkPooledByteBufAllocatorUseCacheForAllThreads(45)) - PERFORMANCE WARNING: useCacheForAllThreads is true that may cause Netty to create a lot garbage objects and, as a result, trigger GC.
	It is recommended to disable useCacheForAllThreads by setting -Dorg.apache.ratis.thirdparty.io.netty.allocator.useCacheForAllThreads=false in command line.
2019-09-24 18:42:57,296 [main] INFO  grpc.GrpcConfigKeys$Server (ConfUtils.java:logGet(43)) - raft.grpc.server.port = 0 (default)
2019-09-24 18:42:57,296 [main] INFO  server.GrpcService (ConfUtils.java:logGet(43)) - raft.grpc.message.size.max = 33570816 (custom)
2019-09-24 18:42:57,296 [main] INFO  server.RaftServerConfigKeys (ConfUtils.java:logGet(43)) - raft.server.log.appender.buffer.byte-limit = 33554432 (custom)
2019-09-24 18:42:57,297 [main] INFO  server.GrpcService (ConfUtils.java:logGet(43)) - raft.grpc.flow.control.window = 1MB (=1048576) (default)
2019-09-24 18:42:57,297 [main] INFO  server.RaftServerConfigKeys (ConfUtils.java:logGet(43)) - raft.server.rpc.request.timeout = 3000ms (default)
2019-09-24 18:42:57,297 [main] INFO  server.RaftServerConfigKeys (ConfUtils.java:logGet(43)) - raft.server.storage.dir = [/workdir/hadoop-ozone/integration-test/target/test-dir/MiniOzoneClusterImpl-7a6c8996-2122-423e-a44c-6a38b4a82575/datanode-1/data/ratis] (custom)
2019-09-24 18:42:57,298 [main] INFO  hdfs.DFSUtil (DFSUtil.java:httpServerTemplateForNNAndJN(1641)) - Starting Web-server for hddsDatanode at: http://0.0.0.0:0
2019-09-24 18:42:57,300 [main] INFO  server.AuthenticationFilter (AuthenticationFilter.java:constructSecretProvider(240)) - Unable to initialize FileSignerSecretProvider, falling back to use random secrets.
2019-09-24 18:42:57,300 [main] WARN  http.HttpRequestLog (HttpRequestLog.java:getRequestLog(97)) - Jetty request log can only be enabled using Log4j
2019-09-24 18:42:57,301 [main] INFO  http.HttpServer2 (HttpServer2.java:addGlobalFilter(975)) - Added global filter 'safety' (class=org.apache.hadoop.http.HttpServer2$QuotingInputFilter)
2019-09-24 18:42:57,302 [main] INFO  http.HttpServer2 (HttpServer2.java:addFilter(948)) - Added filter static_user_filter (class=org.apache.hadoop.http.lib.StaticUserWebFilter$StaticUserFilter) to context hddsDatanode
2019-09-24 18:42:57,302 [main] INFO  http.HttpServer2 (HttpServer2.java:addFilter(958)) - Added filter static_user_filter (class=org.apache.hadoop.http.lib.StaticUserWebFilter$StaticUserFilter) to context logs
2019-09-24 18:42:57,302 [main] INFO  http.HttpServer2 (HttpServer2.java:addFilter(958)) - Added filter static_user_filter (class=org.apache.hadoop.http.lib.StaticUserWebFilter$StaticUserFilter) to context static
2019-09-24 18:42:57,302 [main] INFO  http.HttpServer2 (HttpServer2.java:bindListener(1191)) - Jetty bound to port 37962
2019-09-24 18:42:57,303 [main] INFO  server.Server (Server.java:doStart(351)) - jetty-9.3.25.v20180904, build timestamp: 2018-09-04T21:11:46Z, git hash: 3ce520221d0240229c862b122d2b06c12a625732
2019-09-24 18:42:57,304 [main] INFO  handler.ContextHandler (ContextHandler.java:doStart(781)) - Started o.e.j.s.ServletContextHandler@615efd1c{/logs,file:///workdir/hadoop-ozone/integration-test/target/log,AVAILABLE}
2019-09-24 18:42:57,304 [main] INFO  handler.ContextHandler (ContextHandler.java:doStart(781)) - Started o.e.j.s.ServletContextHandler@2a8dd942{/static,jar:file:/home/user/.m2/repository/org/apache/hadoop/hadoop-hdds-container-service/0.5.0-SNAPSHOT/hadoop-hdds-container-service-0.5.0-SNAPSHOT.jar!/webapps/static,AVAILABLE}
2019-09-24 18:42:57,331 [main] INFO  handler.ContextHandler (ContextHandler.java:doStart(781)) - Started o.e.j.w.WebAppContext@24134cbc{/,file:///tmp/jetty-0.0.0.0-37962-hddsDatanode-_-any-6234348393064437980.dir/webapp/,AVAILABLE}{/hddsDatanode}
2019-09-24 18:42:57,331 [main] INFO  server.AbstractConnector (AbstractConnector.java:doStart(278)) - Started ServerConnector@65da01f4{HTTP/1.1,[http/1.1]}{0.0.0.0:37962}
2019-09-24 18:42:57,335 [main] INFO  server.Server (Server.java:doStart(419)) - Started @304152ms
2019-09-24 18:42:57,335 [main] WARN  impl.MetricsSystemImpl (MetricsSystemImpl.java:register(276)) - Sink prometheus already exists!
2019-09-24 18:42:57,336 [main] INFO  server.BaseHttpServer (BaseHttpServer.java:updateConnectorAddress(215)) - HTTP server of HDDSDATANODE is listening at http://0.0.0.0:37962
2019-09-24 18:42:57,336 [main] INFO  impl.MetricsSystemImpl (MetricsSystemImpl.java:init(158)) - HddsDatanode metrics system started (again)
2019-09-24 18:42:57,356 [org.apache.hadoop.util.JvmPauseMonitor$Monitor@78b7182] INFO  util.JvmPauseMonitor (JvmPauseMonitor.java:run(188)) - Starting JVM pause monitor
2019-09-24 18:42:57,357 [Datanode State Machine Thread - 0] INFO  datanode.InitDatanodeState (InitDatanodeState.java:persistContainerDatanodeDetails(140)) - DatanodeDetails is persisted to /workdir/hadoop-ozone/integration-test/target/test-dir/MiniOzoneClusterImpl-7a6c8996-2122-423e-a44c-6a38b4a82575/datanode-1/meta/datanode.id
2019-09-24 18:42:57,359 [main] INFO  ozone.HddsDatanodeService (HddsDatanodeService.java:start(184)) - HddsDatanodeService host:pr-hdds-2171-6l6hb-1841322612 ip:192.168.36.84
2019-09-24 18:42:57,368 [main] INFO  volume.HddsVolume (HddsVolume.java:<init>(176)) - Creating Volume: /workdir/hadoop-ozone/integration-test/target/test-dir/MiniOzoneClusterImpl-7a6c8996-2122-423e-a44c-6a38b4a82575/datanode-2/data/containers/hdds of  storage type : DISK and capacity : 1482555576320
2019-09-24 18:42:57,368 [main] INFO  volume.VolumeSet (VolumeSet.java:initializeVolumeSet(170)) - Added Volume : /workdir/hadoop-ozone/integration-test/target/test-dir/MiniOzoneClusterImpl-7a6c8996-2122-423e-a44c-6a38b4a82575/datanode-2/data/containers/hdds to VolumeSet
2019-09-24 18:42:57,369 [main] INFO  volume.ThrottledAsyncChecker (ThrottledAsyncChecker.java:schedule(139)) - Scheduling a check for org.apache.hadoop.ozone.container.common.volume.HddsVolume@5c3d4f05
2019-09-24 18:42:57,369 [main] INFO  volume.HddsVolumeChecker (HddsVolumeChecker.java:checkAllVolumes(202)) - Scheduled health check for volume org.apache.hadoop.ozone.container.common.volume.HddsVolume@5c3d4f05
2019-09-24 18:42:57,387 [main] INFO  impl.RaftServerProxy (ConfUtils.java:logGet(43)) - raft.rpc.type = GRPC (default)
2019-09-24 18:42:57,387 [main] INFO  grpc.GrpcFactory (GrpcFactory.java:checkPooledByteBufAllocatorUseCacheForAllThreads(45)) - PERFORMANCE WARNING: useCacheForAllThreads is true that may cause Netty to create a lot garbage objects and, as a result, trigger GC.
	It is recommended to disable useCacheForAllThreads by setting -Dorg.apache.ratis.thirdparty.io.netty.allocator.useCacheForAllThreads=false in command line.
2019-09-24 18:42:57,388 [main] INFO  grpc.GrpcConfigKeys$Server (ConfUtils.java:logGet(43)) - raft.grpc.server.port = 0 (default)
2019-09-24 18:42:57,388 [main] INFO  server.GrpcService (ConfUtils.java:logGet(43)) - raft.grpc.message.size.max = 33570816 (custom)
2019-09-24 18:42:57,388 [main] INFO  server.RaftServerConfigKeys (ConfUtils.java:logGet(43)) - raft.server.log.appender.buffer.byte-limit = 33554432 (custom)
2019-09-24 18:42:57,388 [main] INFO  server.GrpcService (ConfUtils.java:logGet(43)) - raft.grpc.flow.control.window = 1MB (=1048576) (default)
2019-09-24 18:42:57,389 [main] INFO  server.RaftServerConfigKeys (ConfUtils.java:logGet(43)) - raft.server.rpc.request.timeout = 3000ms (default)
2019-09-24 18:42:57,389 [main] INFO  server.RaftServerConfigKeys (ConfUtils.java:logGet(43)) - raft.server.storage.dir = [/workdir/hadoop-ozone/integration-test/target/test-dir/MiniOzoneClusterImpl-7a6c8996-2122-423e-a44c-6a38b4a82575/datanode-2/data/ratis] (custom)
2019-09-24 18:42:57,391 [main] INFO  hdfs.DFSUtil (DFSUtil.java:httpServerTemplateForNNAndJN(1641)) - Starting Web-server for hddsDatanode at: http://0.0.0.0:0
2019-09-24 18:42:57,392 [main] INFO  server.AuthenticationFilter (AuthenticationFilter.java:constructSecretProvider(240)) - Unable to initialize FileSignerSecretProvider, falling back to use random secrets.
2019-09-24 18:42:57,393 [main] WARN  http.HttpRequestLog (HttpRequestLog.java:getRequestLog(97)) - Jetty request log can only be enabled using Log4j
2019-09-24 18:42:57,395 [main] INFO  http.HttpServer2 (HttpServer2.java:addGlobalFilter(975)) - Added global filter 'safety' (class=org.apache.hadoop.http.HttpServer2$QuotingInputFilter)
2019-09-24 18:42:57,396 [main] INFO  http.HttpServer2 (HttpServer2.java:addFilter(948)) - Added filter static_user_filter (class=org.apache.hadoop.http.lib.StaticUserWebFilter$StaticUserFilter) to context hddsDatanode
2019-09-24 18:42:57,396 [main] INFO  http.HttpServer2 (HttpServer2.java:addFilter(958)) - Added filter static_user_filter (class=org.apache.hadoop.http.lib.StaticUserWebFilter$StaticUserFilter) to context logs
2019-09-24 18:42:57,396 [main] INFO  http.HttpServer2 (HttpServer2.java:addFilter(958)) - Added filter static_user_filter (class=org.apache.hadoop.http.lib.StaticUserWebFilter$StaticUserFilter) to context static
2019-09-24 18:42:57,397 [main] INFO  http.HttpServer2 (HttpServer2.java:bindListener(1191)) - Jetty bound to port 41719
2019-09-24 18:42:57,397 [main] INFO  server.Server (Server.java:doStart(351)) - jetty-9.3.25.v20180904, build timestamp: 2018-09-04T21:11:46Z, git hash: 3ce520221d0240229c862b122d2b06c12a625732
2019-09-24 18:42:57,400 [main] INFO  handler.ContextHandler (ContextHandler.java:doStart(781)) - Started o.e.j.s.ServletContextHandler@34a20f16{/logs,file:///workdir/hadoop-ozone/integration-test/target/log,AVAILABLE}
2019-09-24 18:42:57,400 [main] INFO  handler.ContextHandler (ContextHandler.java:doStart(781)) - Started o.e.j.s.ServletContextHandler@1a1c21b4{/static,jar:file:/home/user/.m2/repository/org/apache/hadoop/hadoop-hdds-container-service/0.5.0-SNAPSHOT/hadoop-hdds-container-service-0.5.0-SNAPSHOT.jar!/webapps/static,AVAILABLE}
2019-09-24 18:42:57,444 [main] INFO  handler.ContextHandler (ContextHandler.java:doStart(781)) - Started o.e.j.w.WebAppContext@1788cb61{/,file:///tmp/jetty-0.0.0.0-41719-hddsDatanode-_-any-5979503301318327707.dir/webapp/,AVAILABLE}{/hddsDatanode}
2019-09-24 18:42:57,444 [main] INFO  server.AbstractConnector (AbstractConnector.java:doStart(278)) - Started ServerConnector@16d431b4{HTTP/1.1,[http/1.1]}{0.0.0.0:41719}
2019-09-24 18:42:57,448 [main] INFO  server.Server (Server.java:doStart(419)) - Started @304265ms
2019-09-24 18:42:57,448 [main] WARN  impl.MetricsSystemImpl (MetricsSystemImpl.java:register(276)) - Sink prometheus already exists!
2019-09-24 18:42:57,449 [main] INFO  server.BaseHttpServer (BaseHttpServer.java:updateConnectorAddress(215)) - HTTP server of HDDSDATANODE is listening at http://0.0.0.0:41719
2019-09-24 18:42:57,449 [main] INFO  impl.MetricsSystemImpl (MetricsSystemImpl.java:init(158)) - HddsDatanode metrics system started (again)
2019-09-24 18:42:57,473 [org.apache.hadoop.util.JvmPauseMonitor$Monitor@46e5b36c] INFO  util.JvmPauseMonitor (JvmPauseMonitor.java:run(188)) - Starting JVM pause monitor
2019-09-24 18:42:57,475 [Datanode State Machine Thread - 0] INFO  datanode.InitDatanodeState (InitDatanodeState.java:persistContainerDatanodeDetails(140)) - DatanodeDetails is persisted to /workdir/hadoop-ozone/integration-test/target/test-dir/MiniOzoneClusterImpl-7a6c8996-2122-423e-a44c-6a38b4a82575/datanode-2/meta/datanode.id
2019-09-24 18:42:57,475 [main] INFO  ozone.HddsDatanodeService (HddsDatanodeService.java:start(184)) - HddsDatanodeService host:pr-hdds-2171-6l6hb-1841322612 ip:192.168.36.84
2019-09-24 18:42:57,483 [main] INFO  volume.HddsVolume (HddsVolume.java:<init>(176)) - Creating Volume: /workdir/hadoop-ozone/integration-test/target/test-dir/MiniOzoneClusterImpl-7a6c8996-2122-423e-a44c-6a38b4a82575/datanode-3/data/containers/hdds of  storage type : DISK and capacity : 1482555576320
2019-09-24 18:42:57,484 [main] INFO  volume.VolumeSet (VolumeSet.java:initializeVolumeSet(170)) - Added Volume : /workdir/hadoop-ozone/integration-test/target/test-dir/MiniOzoneClusterImpl-7a6c8996-2122-423e-a44c-6a38b4a82575/datanode-3/data/containers/hdds to VolumeSet
2019-09-24 18:42:57,484 [main] INFO  volume.ThrottledAsyncChecker (ThrottledAsyncChecker.java:schedule(139)) - Scheduling a check for org.apache.hadoop.ozone.container.common.volume.HddsVolume@2f2e4bde
2019-09-24 18:42:57,484 [main] INFO  volume.HddsVolumeChecker (HddsVolumeChecker.java:checkAllVolumes(202)) - Scheduled health check for volume org.apache.hadoop.ozone.container.common.volume.HddsVolume@2f2e4bde
2019-09-24 18:42:57,498 [main] INFO  impl.RaftServerProxy (ConfUtils.java:logGet(43)) - raft.rpc.type = GRPC (default)
2019-09-24 18:42:57,498 [main] INFO  grpc.GrpcFactory (GrpcFactory.java:checkPooledByteBufAllocatorUseCacheForAllThreads(45)) - PERFORMANCE WARNING: useCacheForAllThreads is true that may cause Netty to create a lot garbage objects and, as a result, trigger GC.
	It is recommended to disable useCacheForAllThreads by setting -Dorg.apache.ratis.thirdparty.io.netty.allocator.useCacheForAllThreads=false in command line.
2019-09-24 18:42:57,498 [main] INFO  grpc.GrpcConfigKeys$Server (ConfUtils.java:logGet(43)) - raft.grpc.server.port = 0 (default)
2019-09-24 18:42:57,498 [main] INFO  server.GrpcService (ConfUtils.java:logGet(43)) - raft.grpc.message.size.max = 33570816 (custom)
2019-09-24 18:42:57,498 [main] INFO  server.RaftServerConfigKeys (ConfUtils.java:logGet(43)) - raft.server.log.appender.buffer.byte-limit = 33554432 (custom)
2019-09-24 18:42:57,499 [main] INFO  server.GrpcService (ConfUtils.java:logGet(43)) - raft.grpc.flow.control.window = 1MB (=1048576) (default)
2019-09-24 18:42:57,499 [main] INFO  server.RaftServerConfigKeys (ConfUtils.java:logGet(43)) - raft.server.rpc.request.timeout = 3000ms (default)
2019-09-24 18:42:57,499 [main] INFO  server.RaftServerConfigKeys (ConfUtils.java:logGet(43)) - raft.server.storage.dir = [/workdir/hadoop-ozone/integration-test/target/test-dir/MiniOzoneClusterImpl-7a6c8996-2122-423e-a44c-6a38b4a82575/datanode-3/data/ratis] (custom)
2019-09-24 18:42:57,500 [main] INFO  hdfs.DFSUtil (DFSUtil.java:httpServerTemplateForNNAndJN(1641)) - Starting Web-server for hddsDatanode at: http://0.0.0.0:0
2019-09-24 18:42:57,501 [main] INFO  server.AuthenticationFilter (AuthenticationFilter.java:constructSecretProvider(240)) - Unable to initialize FileSignerSecretProvider, falling back to use random secrets.
2019-09-24 18:42:57,502 [main] WARN  http.HttpRequestLog (HttpRequestLog.java:getRequestLog(97)) - Jetty request log can only be enabled using Log4j
2019-09-24 18:42:57,503 [main] INFO  http.HttpServer2 (HttpServer2.java:addGlobalFilter(975)) - Added global filter 'safety' (class=org.apache.hadoop.http.HttpServer2$QuotingInputFilter)
2019-09-24 18:42:57,503 [main] INFO  http.HttpServer2 (HttpServer2.java:addFilter(948)) - Added filter static_user_filter (class=org.apache.hadoop.http.lib.StaticUserWebFilter$StaticUserFilter) to context hddsDatanode
2019-09-24 18:42:57,503 [main] INFO  http.HttpServer2 (HttpServer2.java:addFilter(958)) - Added filter static_user_filter (class=org.apache.hadoop.http.lib.StaticUserWebFilter$StaticUserFilter) to context static
2019-09-24 18:42:57,504 [main] INFO  http.HttpServer2 (HttpServer2.java:addFilter(958)) - Added filter static_user_filter (class=org.apache.hadoop.http.lib.StaticUserWebFilter$StaticUserFilter) to context logs
2019-09-24 18:42:57,504 [main] INFO  http.HttpServer2 (HttpServer2.java:bindListener(1191)) - Jetty bound to port 46237
2019-09-24 18:42:57,504 [main] INFO  server.Server (Server.java:doStart(351)) - jetty-9.3.25.v20180904, build timestamp: 2018-09-04T21:11:46Z, git hash: 3ce520221d0240229c862b122d2b06c12a625732
2019-09-24 18:42:57,506 [main] INFO  handler.ContextHandler (ContextHandler.java:doStart(781)) - Started o.e.j.s.ServletContextHandler@2dbfa972{/logs,file:///workdir/hadoop-ozone/integration-test/target/log,AVAILABLE}
2019-09-24 18:42:57,506 [main] INFO  handler.ContextHandler (ContextHandler.java:doStart(781)) - Started o.e.j.s.ServletContextHandler@41aebbb4{/static,jar:file:/home/user/.m2/repository/org/apache/hadoop/hadoop-hdds-container-service/0.5.0-SNAPSHOT/hadoop-hdds-container-service-0.5.0-SNAPSHOT.jar!/webapps/static,AVAILABLE}
2019-09-24 18:42:57,534 [main] INFO  handler.ContextHandler (ContextHandler.java:doStart(781)) - Started o.e.j.w.WebAppContext@2dd178f3{/,file:///tmp/jetty-0.0.0.0-46237-hddsDatanode-_-any-7743182317871935336.dir/webapp/,AVAILABLE}{/hddsDatanode}
2019-09-24 18:42:57,535 [main] INFO  server.AbstractConnector (AbstractConnector.java:doStart(278)) - Started ServerConnector@64656b9e{HTTP/1.1,[http/1.1]}{0.0.0.0:46237}
2019-09-24 18:42:57,538 [main] INFO  server.Server (Server.java:doStart(419)) - Started @304356ms
2019-09-24 18:42:57,538 [main] WARN  impl.MetricsSystemImpl (MetricsSystemImpl.java:register(276)) - Sink prometheus already exists!
2019-09-24 18:42:57,539 [main] INFO  server.BaseHttpServer (BaseHttpServer.java:updateConnectorAddress(215)) - HTTP server of HDDSDATANODE is listening at http://0.0.0.0:46237
2019-09-24 18:42:57,539 [main] INFO  impl.MetricsSystemImpl (MetricsSystemImpl.java:init(158)) - HddsDatanode metrics system started (again)
2019-09-24 18:42:57,561 [org.apache.hadoop.util.JvmPauseMonitor$Monitor@67286a09] INFO  util.JvmPauseMonitor (JvmPauseMonitor.java:run(188)) - Starting JVM pause monitor
2019-09-24 18:42:57,562 [Datanode State Machine Thread - 0] INFO  datanode.InitDatanodeState (InitDatanodeState.java:persistContainerDatanodeDetails(140)) - DatanodeDetails is persisted to /workdir/hadoop-ozone/integration-test/target/test-dir/MiniOzoneClusterImpl-7a6c8996-2122-423e-a44c-6a38b4a82575/datanode-3/meta/datanode.id
2019-09-24 18:42:57,563 [main] INFO  ozone.HddsDatanodeService (HddsDatanodeService.java:start(184)) - HddsDatanodeService host:pr-hdds-2171-6l6hb-1841322612 ip:192.168.36.84
2019-09-24 18:42:57,571 [main] INFO  volume.HddsVolume (HddsVolume.java:<init>(176)) - Creating Volume: /workdir/hadoop-ozone/integration-test/target/test-dir/MiniOzoneClusterImpl-7a6c8996-2122-423e-a44c-6a38b4a82575/datanode-4/data/containers/hdds of  storage type : DISK and capacity : 1482555576320
2019-09-24 18:42:57,571 [main] INFO  volume.VolumeSet (VolumeSet.java:initializeVolumeSet(170)) - Added Volume : /workdir/hadoop-ozone/integration-test/target/test-dir/MiniOzoneClusterImpl-7a6c8996-2122-423e-a44c-6a38b4a82575/datanode-4/data/containers/hdds to VolumeSet
2019-09-24 18:42:57,572 [main] INFO  volume.ThrottledAsyncChecker (ThrottledAsyncChecker.java:schedule(139)) - Scheduling a check for org.apache.hadoop.ozone.container.common.volume.HddsVolume@37d28938
2019-09-24 18:42:57,572 [main] INFO  volume.HddsVolumeChecker (HddsVolumeChecker.java:checkAllVolumes(202)) - Scheduled health check for volume org.apache.hadoop.ozone.container.common.volume.HddsVolume@37d28938
2019-09-24 18:42:57,585 [main] INFO  impl.RaftServerProxy (ConfUtils.java:logGet(43)) - raft.rpc.type = GRPC (default)
2019-09-24 18:42:57,585 [main] INFO  grpc.GrpcFactory (GrpcFactory.java:checkPooledByteBufAllocatorUseCacheForAllThreads(45)) - PERFORMANCE WARNING: useCacheForAllThreads is true that may cause Netty to create a lot garbage objects and, as a result, trigger GC.
	It is recommended to disable useCacheForAllThreads by setting -Dorg.apache.ratis.thirdparty.io.netty.allocator.useCacheForAllThreads=false in command line.
2019-09-24 18:42:57,585 [main] INFO  grpc.GrpcConfigKeys$Server (ConfUtils.java:logGet(43)) - raft.grpc.server.port = 0 (default)
2019-09-24 18:42:57,586 [main] INFO  server.GrpcService (ConfUtils.java:logGet(43)) - raft.grpc.message.size.max = 33570816 (custom)
2019-09-24 18:42:57,586 [main] INFO  server.RaftServerConfigKeys (ConfUtils.java:logGet(43)) - raft.server.log.appender.buffer.byte-limit = 33554432 (custom)
2019-09-24 18:42:57,586 [main] INFO  server.GrpcService (ConfUtils.java:logGet(43)) - raft.grpc.flow.control.window = 1MB (=1048576) (default)
2019-09-24 18:42:57,586 [main] INFO  server.RaftServerConfigKeys (ConfUtils.java:logGet(43)) - raft.server.rpc.request.timeout = 3000ms (default)
2019-09-24 18:42:57,587 [main] INFO  server.RaftServerConfigKeys (ConfUtils.java:logGet(43)) - raft.server.storage.dir = [/workdir/hadoop-ozone/integration-test/target/test-dir/MiniOzoneClusterImpl-7a6c8996-2122-423e-a44c-6a38b4a82575/datanode-4/data/ratis] (custom)
2019-09-24 18:42:57,588 [main] INFO  hdfs.DFSUtil (DFSUtil.java:httpServerTemplateForNNAndJN(1641)) - Starting Web-server for hddsDatanode at: http://0.0.0.0:0
2019-09-24 18:42:57,590 [main] INFO  server.AuthenticationFilter (AuthenticationFilter.java:constructSecretProvider(240)) - Unable to initialize FileSignerSecretProvider, falling back to use random secrets.
2019-09-24 18:42:57,590 [main] WARN  http.HttpRequestLog (HttpRequestLog.java:getRequestLog(97)) - Jetty request log can only be enabled using Log4j
2019-09-24 18:42:57,596 [main] INFO  http.HttpServer2 (HttpServer2.java:addGlobalFilter(975)) - Added global filter 'safety' (class=org.apache.hadoop.http.HttpServer2$QuotingInputFilter)
2019-09-24 18:42:57,597 [main] INFO  http.HttpServer2 (HttpServer2.java:addFilter(948)) - Added filter static_user_filter (class=org.apache.hadoop.http.lib.StaticUserWebFilter$StaticUserFilter) to context hddsDatanode
2019-09-24 18:42:57,597 [main] INFO  http.HttpServer2 (HttpServer2.java:addFilter(958)) - Added filter static_user_filter (class=org.apache.hadoop.http.lib.StaticUserWebFilter$StaticUserFilter) to context static
2019-09-24 18:42:57,598 [main] INFO  http.HttpServer2 (HttpServer2.java:addFilter(958)) - Added filter static_user_filter (class=org.apache.hadoop.http.lib.StaticUserWebFilter$StaticUserFilter) to context logs
2019-09-24 18:42:57,599 [main] INFO  http.HttpServer2 (HttpServer2.java:bindListener(1191)) - Jetty bound to port 34046
2019-09-24 18:42:57,599 [main] INFO  server.Server (Server.java:doStart(351)) - jetty-9.3.25.v20180904, build timestamp: 2018-09-04T21:11:46Z, git hash: 3ce520221d0240229c862b122d2b06c12a625732
2019-09-24 18:42:57,601 [main] INFO  handler.ContextHandler (ContextHandler.java:doStart(781)) - Started o.e.j.s.ServletContextHandler@486bd064{/logs,file:///workdir/hadoop-ozone/integration-test/target/log,AVAILABLE}
2019-09-24 18:42:57,602 [main] INFO  handler.ContextHandler (ContextHandler.java:doStart(781)) - Started o.e.j.s.ServletContextHandler@740b9a50{/static,jar:file:/home/user/.m2/repository/org/apache/hadoop/hadoop-hdds-container-service/0.5.0-SNAPSHOT/hadoop-hdds-container-service-0.5.0-SNAPSHOT.jar!/webapps/static,AVAILABLE}
2019-09-24 18:42:57,641 [main] INFO  handler.ContextHandler (ContextHandler.java:doStart(781)) - Started o.e.j.w.WebAppContext@138f0661{/,file:///tmp/jetty-0.0.0.0-34046-hddsDatanode-_-any-5703890356853165899.dir/webapp/,AVAILABLE}{/hddsDatanode}
2019-09-24 18:42:57,642 [main] INFO  server.AbstractConnector (AbstractConnector.java:doStart(278)) - Started ServerConnector@212fafd1{HTTP/1.1,[http/1.1]}{0.0.0.0:34046}
2019-09-24 18:42:57,645 [main] INFO  server.Server (Server.java:doStart(419)) - Started @304463ms
2019-09-24 18:42:57,645 [main] WARN  impl.MetricsSystemImpl (MetricsSystemImpl.java:register(276)) - Sink prometheus already exists!
2019-09-24 18:42:57,646 [main] INFO  server.BaseHttpServer (BaseHttpServer.java:updateConnectorAddress(215)) - HTTP server of HDDSDATANODE is listening at http://0.0.0.0:34046
2019-09-24 18:42:57,646 [main] INFO  impl.MetricsSystemImpl (MetricsSystemImpl.java:init(158)) - HddsDatanode metrics system started (again)
2019-09-24 18:42:57,673 [org.apache.hadoop.util.JvmPauseMonitor$Monitor@200b4c46] INFO  util.JvmPauseMonitor (JvmPauseMonitor.java:run(188)) - Starting JVM pause monitor
2019-09-24 18:42:57,674 [Datanode State Machine Thread - 0] INFO  datanode.InitDatanodeState (InitDatanodeState.java:persistContainerDatanodeDetails(140)) - DatanodeDetails is persisted to /workdir/hadoop-ozone/integration-test/target/test-dir/MiniOzoneClusterImpl-7a6c8996-2122-423e-a44c-6a38b4a82575/datanode-4/meta/datanode.id
2019-09-24 18:42:57,675 [main] INFO  ozone.HddsDatanodeService (HddsDatanodeService.java:start(184)) - HddsDatanodeService host:pr-hdds-2171-6l6hb-1841322612 ip:192.168.36.84
2019-09-24 18:42:57,686 [main] INFO  volume.HddsVolume (HddsVolume.java:<init>(176)) - Creating Volume: /workdir/hadoop-ozone/integration-test/target/test-dir/MiniOzoneClusterImpl-7a6c8996-2122-423e-a44c-6a38b4a82575/datanode-5/data/containers/hdds of  storage type : DISK and capacity : 1482555576320
2019-09-24 18:42:57,686 [main] INFO  volume.VolumeSet (VolumeSet.java:initializeVolumeSet(170)) - Added Volume : /workdir/hadoop-ozone/integration-test/target/test-dir/MiniOzoneClusterImpl-7a6c8996-2122-423e-a44c-6a38b4a82575/datanode-5/data/containers/hdds to VolumeSet
2019-09-24 18:42:57,686 [main] INFO  volume.ThrottledAsyncChecker (ThrottledAsyncChecker.java:schedule(139)) - Scheduling a check for org.apache.hadoop.ozone.container.common.volume.HddsVolume@19b5214b
2019-09-24 18:42:57,687 [main] INFO  volume.HddsVolumeChecker (HddsVolumeChecker.java:checkAllVolumes(202)) - Scheduled health check for volume org.apache.hadoop.ozone.container.common.volume.HddsVolume@19b5214b
2019-09-24 18:42:57,700 [main] INFO  impl.RaftServerProxy (ConfUtils.java:logGet(43)) - raft.rpc.type = GRPC (default)
2019-09-24 18:42:57,701 [main] INFO  grpc.GrpcFactory (GrpcFactory.java:checkPooledByteBufAllocatorUseCacheForAllThreads(45)) - PERFORMANCE WARNING: useCacheForAllThreads is true that may cause Netty to create a lot garbage objects and, as a result, trigger GC.
	It is recommended to disable useCacheForAllThreads by setting -Dorg.apache.ratis.thirdparty.io.netty.allocator.useCacheForAllThreads=false in command line.
2019-09-24 18:42:57,701 [main] INFO  grpc.GrpcConfigKeys$Server (ConfUtils.java:logGet(43)) - raft.grpc.server.port = 0 (default)
2019-09-24 18:42:57,701 [main] INFO  server.GrpcService (ConfUtils.java:logGet(43)) - raft.grpc.message.size.max = 33570816 (custom)
2019-09-24 18:42:57,701 [main] INFO  server.RaftServerConfigKeys (ConfUtils.java:logGet(43)) - raft.server.log.appender.buffer.byte-limit = 33554432 (custom)
2019-09-24 18:42:57,701 [main] INFO  server.GrpcService (ConfUtils.java:logGet(43)) - raft.grpc.flow.control.window = 1MB (=1048576) (default)
2019-09-24 18:42:57,702 [main] INFO  server.RaftServerConfigKeys (ConfUtils.java:logGet(43)) - raft.server.rpc.request.timeout = 3000ms (default)
2019-09-24 18:42:57,702 [main] INFO  server.RaftServerConfigKeys (ConfUtils.java:logGet(43)) - raft.server.storage.dir = [/workdir/hadoop-ozone/integration-test/target/test-dir/MiniOzoneClusterImpl-7a6c8996-2122-423e-a44c-6a38b4a82575/datanode-5/data/ratis] (custom)
2019-09-24 18:42:57,703 [main] INFO  hdfs.DFSUtil (DFSUtil.java:httpServerTemplateForNNAndJN(1641)) - Starting Web-server for hddsDatanode at: http://0.0.0.0:0
2019-09-24 18:42:57,704 [main] INFO  server.AuthenticationFilter (AuthenticationFilter.java:constructSecretProvider(240)) - Unable to initialize FileSignerSecretProvider, falling back to use random secrets.
2019-09-24 18:42:57,705 [main] WARN  http.HttpRequestLog (HttpRequestLog.java:getRequestLog(97)) - Jetty request log can only be enabled using Log4j
2019-09-24 18:42:57,706 [main] INFO  http.HttpServer2 (HttpServer2.java:addGlobalFilter(975)) - Added global filter 'safety' (class=org.apache.hadoop.http.HttpServer2$QuotingInputFilter)
2019-09-24 18:42:57,706 [main] INFO  http.HttpServer2 (HttpServer2.java:addFilter(948)) - Added filter static_user_filter (class=org.apache.hadoop.http.lib.StaticUserWebFilter$StaticUserFilter) to context hddsDatanode
2019-09-24 18:42:57,706 [main] INFO  http.HttpServer2 (HttpServer2.java:addFilter(958)) - Added filter static_user_filter (class=org.apache.hadoop.http.lib.StaticUserWebFilter$StaticUserFilter) to context logs
2019-09-24 18:42:57,706 [main] INFO  http.HttpServer2 (HttpServer2.java:addFilter(958)) - Added filter static_user_filter (class=org.apache.hadoop.http.lib.StaticUserWebFilter$StaticUserFilter) to context static
2019-09-24 18:42:57,707 [main] INFO  http.HttpServer2 (HttpServer2.java:bindListener(1191)) - Jetty bound to port 39894
2019-09-24 18:42:57,707 [main] INFO  server.Server (Server.java:doStart(351)) - jetty-9.3.25.v20180904, build timestamp: 2018-09-04T21:11:46Z, git hash: 3ce520221d0240229c862b122d2b06c12a625732
2019-09-24 18:42:57,708 [main] INFO  handler.ContextHandler (ContextHandler.java:doStart(781)) - Started o.e.j.s.ServletContextHandler@5a7b309b{/logs,file:///workdir/hadoop-ozone/integration-test/target/log,AVAILABLE}
2019-09-24 18:42:57,709 [main] INFO  handler.ContextHandler (ContextHandler.java:doStart(781)) - Started o.e.j.s.ServletContextHandler@7739aac4{/static,jar:file:/home/user/.m2/repository/org/apache/hadoop/hadoop-hdds-container-service/0.5.0-SNAPSHOT/hadoop-hdds-container-service-0.5.0-SNAPSHOT.jar!/webapps/static,AVAILABLE}
2019-09-24 18:42:57,736 [main] INFO  handler.ContextHandler (ContextHandler.java:doStart(781)) - Started o.e.j.w.WebAppContext@6812c8cc{/,file:///tmp/jetty-0.0.0.0-39894-hddsDatanode-_-any-8694307484727623227.dir/webapp/,AVAILABLE}{/hddsDatanode}
2019-09-24 18:42:57,736 [main] INFO  server.AbstractConnector (AbstractConnector.java:doStart(278)) - Started ServerConnector@3457cc8d{HTTP/1.1,[http/1.1]}{0.0.0.0:39894}
2019-09-24 18:42:57,739 [main] INFO  server.Server (Server.java:doStart(419)) - Started @304556ms
2019-09-24 18:42:57,739 [main] WARN  impl.MetricsSystemImpl (MetricsSystemImpl.java:register(276)) - Sink prometheus already exists!
2019-09-24 18:42:57,740 [main] INFO  server.BaseHttpServer (BaseHttpServer.java:updateConnectorAddress(215)) - HTTP server of HDDSDATANODE is listening at http://0.0.0.0:39894
2019-09-24 18:42:57,740 [main] INFO  impl.MetricsSystemImpl (MetricsSystemImpl.java:init(158)) - HddsDatanode metrics system started (again)
2019-09-24 18:42:57,764 [org.apache.hadoop.util.JvmPauseMonitor$Monitor@5f89a5a2] INFO  util.JvmPauseMonitor (JvmPauseMonitor.java:run(188)) - Starting JVM pause monitor
2019-09-24 18:42:57,765 [Datanode State Machine Thread - 0] INFO  datanode.InitDatanodeState (InitDatanodeState.java:persistContainerDatanodeDetails(140)) - DatanodeDetails is persisted to /workdir/hadoop-ozone/integration-test/target/test-dir/MiniOzoneClusterImpl-7a6c8996-2122-423e-a44c-6a38b4a82575/datanode-5/meta/datanode.id
2019-09-24 18:42:57,765 [main] INFO  ozone.HddsDatanodeService (HddsDatanodeService.java:start(184)) - HddsDatanodeService host:pr-hdds-2171-6l6hb-1841322612 ip:192.168.36.84
2019-09-24 18:42:57,774 [main] INFO  volume.HddsVolume (HddsVolume.java:<init>(176)) - Creating Volume: /workdir/hadoop-ozone/integration-test/target/test-dir/MiniOzoneClusterImpl-7a6c8996-2122-423e-a44c-6a38b4a82575/datanode-6/data/containers/hdds of  storage type : DISK and capacity : 1482555576320
2019-09-24 18:42:57,775 [main] INFO  volume.VolumeSet (VolumeSet.java:initializeVolumeSet(170)) - Added Volume : /workdir/hadoop-ozone/integration-test/target/test-dir/MiniOzoneClusterImpl-7a6c8996-2122-423e-a44c-6a38b4a82575/datanode-6/data/containers/hdds to VolumeSet
2019-09-24 18:42:57,775 [main] INFO  volume.ThrottledAsyncChecker (ThrottledAsyncChecker.java:schedule(139)) - Scheduling a check for org.apache.hadoop.ozone.container.common.volume.HddsVolume@5bfc79cb
2019-09-24 18:42:57,775 [main] INFO  volume.HddsVolumeChecker (HddsVolumeChecker.java:checkAllVolumes(202)) - Scheduled health check for volume org.apache.hadoop.ozone.container.common.volume.HddsVolume@5bfc79cb
2019-09-24 18:42:57,790 [main] INFO  impl.RaftServerProxy (ConfUtils.java:logGet(43)) - raft.rpc.type = GRPC (default)
2019-09-24 18:42:57,791 [main] INFO  grpc.GrpcFactory (GrpcFactory.java:checkPooledByteBufAllocatorUseCacheForAllThreads(45)) - PERFORMANCE WARNING: useCacheForAllThreads is true that may cause Netty to create a lot garbage objects and, as a result, trigger GC.
	It is recommended to disable useCacheForAllThreads by setting -Dorg.apache.ratis.thirdparty.io.netty.allocator.useCacheForAllThreads=false in command line.
2019-09-24 18:42:57,791 [main] INFO  grpc.GrpcConfigKeys$Server (ConfUtils.java:logGet(43)) - raft.grpc.server.port = 0 (default)
2019-09-24 18:42:57,791 [main] INFO  server.GrpcService (ConfUtils.java:logGet(43)) - raft.grpc.message.size.max = 33570816 (custom)
2019-09-24 18:42:57,791 [main] INFO  server.RaftServerConfigKeys (ConfUtils.java:logGet(43)) - raft.server.log.appender.buffer.byte-limit = 33554432 (custom)
2019-09-24 18:42:57,791 [main] INFO  server.GrpcService (ConfUtils.java:logGet(43)) - raft.grpc.flow.control.window = 1MB (=1048576) (default)
2019-09-24 18:42:57,792 [main] INFO  server.RaftServerConfigKeys (ConfUtils.java:logGet(43)) - raft.server.rpc.request.timeout = 3000ms (default)
2019-09-24 18:42:57,792 [main] INFO  server.RaftServerConfigKeys (ConfUtils.java:logGet(43)) - raft.server.storage.dir = [/workdir/hadoop-ozone/integration-test/target/test-dir/MiniOzoneClusterImpl-7a6c8996-2122-423e-a44c-6a38b4a82575/datanode-6/data/ratis] (custom)
2019-09-24 18:42:57,793 [main] INFO  hdfs.DFSUtil (DFSUtil.java:httpServerTemplateForNNAndJN(1641)) - Starting Web-server for hddsDatanode at: http://0.0.0.0:0
2019-09-24 18:42:57,794 [main] INFO  server.AuthenticationFilter (AuthenticationFilter.java:constructSecretProvider(240)) - Unable to initialize FileSignerSecretProvider, falling back to use random secrets.
2019-09-24 18:42:57,794 [main] WARN  http.HttpRequestLog (HttpRequestLog.java:getRequestLog(97)) - Jetty request log can only be enabled using Log4j
2019-09-24 18:42:57,796 [main] INFO  http.HttpServer2 (HttpServer2.java:addGlobalFilter(975)) - Added global filter 'safety' (class=org.apache.hadoop.http.HttpServer2$QuotingInputFilter)
2019-09-24 18:42:57,796 [main] INFO  http.HttpServer2 (HttpServer2.java:addFilter(948)) - Added filter static_user_filter (class=org.apache.hadoop.http.lib.StaticUserWebFilter$StaticUserFilter) to context hddsDatanode
2019-09-24 18:42:57,796 [main] INFO  http.HttpServer2 (HttpServer2.java:addFilter(958)) - Added filter static_user_filter (class=org.apache.hadoop.http.lib.StaticUserWebFilter$StaticUserFilter) to context logs
2019-09-24 18:42:57,796 [main] INFO  http.HttpServer2 (HttpServer2.java:addFilter(958)) - Added filter static_user_filter (class=org.apache.hadoop.http.lib.StaticUserWebFilter$StaticUserFilter) to context static
2019-09-24 18:42:57,797 [main] INFO  http.HttpServer2 (HttpServer2.java:bindListener(1191)) - Jetty bound to port 43068
2019-09-24 18:42:57,797 [main] INFO  server.Server (Server.java:doStart(351)) - jetty-9.3.25.v20180904, build timestamp: 2018-09-04T21:11:46Z, git hash: 3ce520221d0240229c862b122d2b06c12a625732
2019-09-24 18:42:57,798 [main] INFO  handler.ContextHandler (ContextHandler.java:doStart(781)) - Started o.e.j.s.ServletContextHandler@18ffca6c{/logs,file:///workdir/hadoop-ozone/integration-test/target/log,AVAILABLE}
2019-09-24 18:42:57,799 [main] INFO  handler.ContextHandler (ContextHandler.java:doStart(781)) - Started o.e.j.s.ServletContextHandler@5f8f1712{/static,jar:file:/home/user/.m2/repository/org/apache/hadoop/hadoop-hdds-container-service/0.5.0-SNAPSHOT/hadoop-hdds-container-service-0.5.0-SNAPSHOT.jar!/webapps/static,AVAILABLE}
2019-09-24 18:42:57,825 [main] INFO  handler.ContextHandler (ContextHandler.java:doStart(781)) - Started o.e.j.w.WebAppContext@4652c74d{/,file:///tmp/jetty-0.0.0.0-43068-hddsDatanode-_-any-2711218726292013363.dir/webapp/,AVAILABLE}{/hddsDatanode}
2019-09-24 18:42:57,826 [main] INFO  server.AbstractConnector (AbstractConnector.java:doStart(278)) - Started ServerConnector@4cc12db2{HTTP/1.1,[http/1.1]}{0.0.0.0:43068}
2019-09-24 18:42:57,829 [main] INFO  server.Server (Server.java:doStart(419)) - Started @304647ms
2019-09-24 18:42:57,829 [main] WARN  impl.MetricsSystemImpl (MetricsSystemImpl.java:register(276)) - Sink prometheus already exists!
2019-09-24 18:42:57,830 [main] INFO  server.BaseHttpServer (BaseHttpServer.java:updateConnectorAddress(215)) - HTTP server of HDDSDATANODE is listening at http://0.0.0.0:43068
2019-09-24 18:42:57,830 [main] INFO  ozone.MiniOzoneClusterImpl (MiniOzoneClusterImpl.java:lambda$waitForClusterToBeReady$0(147)) - Waiting for cluster to be ready. Got 0 of 7 DN Heartbeats.
2019-09-24 18:42:57,831 [org.apache.hadoop.util.JvmPauseMonitor$Monitor@11c12f4] INFO  util.JvmPauseMonitor (JvmPauseMonitor.java:run(188)) - Starting JVM pause monitor
2019-09-24 18:42:57,833 [Datanode State Machine Thread - 0] INFO  datanode.InitDatanodeState (InitDatanodeState.java:persistContainerDatanodeDetails(140)) - DatanodeDetails is persisted to /workdir/hadoop-ozone/integration-test/target/test-dir/MiniOzoneClusterImpl-7a6c8996-2122-423e-a44c-6a38b4a82575/datanode-6/meta/datanode.id
2019-09-24 18:42:58,830 [main] INFO  ozone.MiniOzoneClusterImpl (MiniOzoneClusterImpl.java:lambda$waitForClusterToBeReady$0(147)) - Waiting for cluster to be ready. Got 0 of 7 DN Heartbeats.
2019-09-24 18:42:59,831 [main] INFO  ozone.MiniOzoneClusterImpl (MiniOzoneClusterImpl.java:lambda$waitForClusterToBeReady$0(147)) - Waiting for cluster to be ready. Got 0 of 7 DN Heartbeats.
2019-09-24 18:42:59,900 [Thread-2182] INFO  impl.FollowerState (FollowerState.java:run(106)) - 8e1599e9-105d-4dd4-a052-d21668a40b75:group-E47707E13CB0 changes to CANDIDATE, lastRpcTime:5053, electionTimeout:5053ms
2019-09-24 18:42:59,901 [Thread-2182] INFO  impl.RoleInfo (RoleInfo.java:shutdownFollowerState(121)) - 8e1599e9-105d-4dd4-a052-d21668a40b75: shutdown FollowerState
2019-09-24 18:42:59,901 [Thread-2182] INFO  impl.RaftServerImpl (RaftServerImpl.java:setRole(174)) - 8e1599e9-105d-4dd4-a052-d21668a40b75@group-E47707E13CB0: changes role from  FOLLOWER to CANDIDATE at term 0 for changeToCandidate
2019-09-24 18:42:59,902 [Thread-2182] INFO  impl.RoleInfo (RoleInfo.java:updateAndGet(143)) - 8e1599e9-105d-4dd4-a052-d21668a40b75: start LeaderElection
2019-09-24 18:42:59,971 [Thread-2178] INFO  impl.FollowerState (FollowerState.java:run(106)) - ff3e2dbf-fbd7-44c8-b920-6245688f6c83:group-E47707E13CB0 changes to CANDIDATE, lastRpcTime:5128, electionTimeout:5128ms
2019-09-24 18:42:59,971 [Thread-2178] INFO  impl.RoleInfo (RoleInfo.java:shutdownFollowerState(121)) - ff3e2dbf-fbd7-44c8-b920-6245688f6c83: shutdown FollowerState
2019-09-24 18:42:59,971 [Thread-2178] INFO  impl.RaftServerImpl (RaftServerImpl.java:setRole(174)) - ff3e2dbf-fbd7-44c8-b920-6245688f6c83@group-E47707E13CB0: changes role from  FOLLOWER to CANDIDATE at term 0 for changeToCandidate
2019-09-24 18:42:59,971 [Thread-2178] INFO  impl.RoleInfo (RoleInfo.java:updateAndGet(143)) - ff3e2dbf-fbd7-44c8-b920-6245688f6c83: start LeaderElection
2019-09-24 18:43:00,034 [Thread-2181] INFO  impl.FollowerState (FollowerState.java:run(106)) - bfedd7ac-20a7-41ea-98ab-a94e8334a7fe:group-E47707E13CB0 changes to CANDIDATE, lastRpcTime:5188, electionTimeout:5188ms
2019-09-24 18:43:00,034 [Thread-2181] INFO  impl.RoleInfo (RoleInfo.java:shutdownFollowerState(121)) - bfedd7ac-20a7-41ea-98ab-a94e8334a7fe: shutdown FollowerState
2019-09-24 18:43:00,034 [Thread-2181] INFO  impl.RaftServerImpl (RaftServerImpl.java:setRole(174)) - bfedd7ac-20a7-41ea-98ab-a94e8334a7fe@group-E47707E13CB0: changes role from  FOLLOWER to CANDIDATE at term 0 for changeToCandidate
2019-09-24 18:43:00,034 [Thread-2181] INFO  impl.RoleInfo (RoleInfo.java:updateAndGet(143)) - bfedd7ac-20a7-41ea-98ab-a94e8334a7fe: start LeaderElection
2019-09-24 18:43:00,113 [Thread-2202] INFO  impl.FollowerState (FollowerState.java:run(106)) - 8e1599e9-105d-4dd4-a052-d21668a40b75:group-F2343F61EB5A changes to CANDIDATE, lastRpcTime:5024, electionTimeout:5022ms
2019-09-24 18:43:00,113 [Thread-2202] INFO  impl.RoleInfo (RoleInfo.java:shutdownFollowerState(121)) - 8e1599e9-105d-4dd4-a052-d21668a40b75: shutdown FollowerState
2019-09-24 18:43:00,113 [Thread-2202] INFO  impl.RaftServerImpl (RaftServerImpl.java:setRole(174)) - 8e1599e9-105d-4dd4-a052-d21668a40b75@group-F2343F61EB5A: changes role from  FOLLOWER to CANDIDATE at term 2 for changeToCandidate
2019-09-24 18:43:00,114 [Thread-2202] INFO  impl.RoleInfo (RoleInfo.java:updateAndGet(143)) - 8e1599e9-105d-4dd4-a052-d21668a40b75: start LeaderElection
2019-09-24 18:43:00,155 [Thread-2204] INFO  impl.FollowerState (FollowerState.java:run(106)) - bfedd7ac-20a7-41ea-98ab-a94e8334a7fe:group-F2343F61EB5A changes to CANDIDATE, lastRpcTime:5063, electionTimeout:5063ms
2019-09-24 18:43:00,155 [Thread-2204] INFO  impl.RoleInfo (RoleInfo.java:shutdownFollowerState(121)) - bfedd7ac-20a7-41ea-98ab-a94e8334a7fe: shutdown FollowerState
2019-09-24 18:43:00,155 [Thread-2204] INFO  impl.RaftServerImpl (RaftServerImpl.java:setRole(174)) - bfedd7ac-20a7-41ea-98ab-a94e8334a7fe@group-F2343F61EB5A: changes role from  FOLLOWER to CANDIDATE at term 2 for changeToCandidate
2019-09-24 18:43:00,155 [Thread-2204] INFO  impl.RoleInfo (RoleInfo.java:updateAndGet(143)) - bfedd7ac-20a7-41ea-98ab-a94e8334a7fe: start LeaderElection
2019-09-24 18:43:00,180 [Thread-2203] INFO  impl.FollowerState (FollowerState.java:run(106)) - ff3e2dbf-fbd7-44c8-b920-6245688f6c83:group-9DBFF3FC8B40 changes to CANDIDATE, lastRpcTime:5091, electionTimeout:5089ms
2019-09-24 18:43:00,180 [Thread-2203] INFO  impl.RoleInfo (RoleInfo.java:shutdownFollowerState(121)) - ff3e2dbf-fbd7-44c8-b920-6245688f6c83: shutdown FollowerState
2019-09-24 18:43:00,181 [Thread-2203] INFO  impl.RaftServerImpl (RaftServerImpl.java:setRole(174)) - ff3e2dbf-fbd7-44c8-b920-6245688f6c83@group-9DBFF3FC8B40: changes role from  FOLLOWER to CANDIDATE at term 2 for changeToCandidate
2019-09-24 18:43:00,181 [Thread-2203] INFO  impl.RoleInfo (RoleInfo.java:updateAndGet(143)) - ff3e2dbf-fbd7-44c8-b920-6245688f6c83: start LeaderElection
2019-09-24 18:43:00,239 [Thread-2207] INFO  impl.FollowerState (FollowerState.java:run(106)) - ff3e2dbf-fbd7-44c8-b920-6245688f6c83:group-F2343F61EB5A changes to CANDIDATE, lastRpcTime:5140, electionTimeout:5140ms
2019-09-24 18:43:00,239 [Thread-2207] INFO  impl.RoleInfo (RoleInfo.java:shutdownFollowerState(121)) - ff3e2dbf-fbd7-44c8-b920-6245688f6c83: shutdown FollowerState
2019-09-24 18:43:00,239 [Thread-2207] INFO  impl.RaftServerImpl (RaftServerImpl.java:setRole(174)) - ff3e2dbf-fbd7-44c8-b920-6245688f6c83@group-F2343F61EB5A: changes role from  FOLLOWER to CANDIDATE at term 2 for changeToCandidate
2019-09-24 18:43:00,239 [Thread-2207] INFO  impl.RoleInfo (RoleInfo.java:updateAndGet(143)) - ff3e2dbf-fbd7-44c8-b920-6245688f6c83: start LeaderElection
2019-09-24 18:43:00,270 [Thread-2205] INFO  impl.FollowerState (FollowerState.java:run(106)) - 8e1599e9-105d-4dd4-a052-d21668a40b75:group-9DBFF3FC8B40 changes to CANDIDATE, lastRpcTime:5177, electionTimeout:5177ms
2019-09-24 18:43:00,270 [Thread-2205] INFO  impl.RoleInfo (RoleInfo.java:shutdownFollowerState(121)) - 8e1599e9-105d-4dd4-a052-d21668a40b75: shutdown FollowerState
2019-09-24 18:43:00,270 [Thread-2205] INFO  impl.RaftServerImpl (RaftServerImpl.java:setRole(174)) - 8e1599e9-105d-4dd4-a052-d21668a40b75@group-9DBFF3FC8B40: changes role from  FOLLOWER to CANDIDATE at term 2 for changeToCandidate
2019-09-24 18:43:00,270 [Thread-2205] INFO  impl.RoleInfo (RoleInfo.java:updateAndGet(143)) - 8e1599e9-105d-4dd4-a052-d21668a40b75: start LeaderElection
2019-09-24 18:43:00,293 [Thread-2206] INFO  impl.FollowerState (FollowerState.java:run(106)) - bfedd7ac-20a7-41ea-98ab-a94e8334a7fe:group-9DBFF3FC8B40 changes to CANDIDATE, lastRpcTime:5195, electionTimeout:5195ms
2019-09-24 18:43:00,294 [Thread-2206] INFO  impl.RoleInfo (RoleInfo.java:shutdownFollowerState(121)) - bfedd7ac-20a7-41ea-98ab-a94e8334a7fe: shutdown FollowerState
2019-09-24 18:43:00,294 [Thread-2206] INFO  impl.RaftServerImpl (RaftServerImpl.java:setRole(174)) - bfedd7ac-20a7-41ea-98ab-a94e8334a7fe@group-9DBFF3FC8B40: changes role from  FOLLOWER to CANDIDATE at term 2 for changeToCandidate
2019-09-24 18:43:00,294 [Thread-2206] INFO  impl.RoleInfo (RoleInfo.java:updateAndGet(143)) - bfedd7ac-20a7-41ea-98ab-a94e8334a7fe: start LeaderElection
2019-09-24 18:43:00,832 [main] INFO  ozone.MiniOzoneClusterImpl (MiniOzoneClusterImpl.java:lambda$waitForClusterToBeReady$0(147)) - Waiting for cluster to be ready. Got 0 of 7 DN Heartbeats.
2019-09-24 18:43:01,832 [main] INFO  ozone.MiniOzoneClusterImpl (MiniOzoneClusterImpl.java:lambda$waitForClusterToBeReady$0(147)) - Waiting for cluster to be ready. Got 0 of 7 DN Heartbeats.
2019-09-24 18:43:02,833 [main] INFO  ozone.MiniOzoneClusterImpl (MiniOzoneClusterImpl.java:lambda$waitForClusterToBeReady$0(147)) - Waiting for cluster to be ready. Got 0 of 7 DN Heartbeats.
2019-09-24 18:43:03,639 [Datanode State Machine Thread - 0] INFO  ozoneimpl.OzoneContainer (OzoneContainer.java:start(217)) - Attempting to start container services.
2019-09-24 18:43:03,640 [Datanode State Machine Thread - 0] INFO  ozoneimpl.OzoneContainer (OzoneContainer.java:start(217)) - Attempting to start container services.
2019-09-24 18:43:03,639 [Datanode State Machine Thread - 0] INFO  ozoneimpl.OzoneContainer (OzoneContainer.java:start(217)) - Attempting to start container services.
2019-09-24 18:43:03,640 [Datanode State Machine Thread - 0] INFO  ozoneimpl.OzoneContainer (OzoneContainer.java:startContainerScrub(179)) - Background container scanner has been disabled.
2019-09-24 18:43:03,640 [Datanode State Machine Thread - 0] INFO  ozoneimpl.OzoneContainer (OzoneContainer.java:startContainerScrub(179)) - Background container scanner has been disabled.
2019-09-24 18:43:03,641 [Datanode State Machine Thread - 0] INFO  ratis.XceiverServerRatis (XceiverServerRatis.java:start(411)) - Starting XceiverServerRatis 970d6631-1a01-43b9-8e86-8960ffd1a97f at port 0
2019-09-24 18:43:03,640 [8e1599e9-105d-4dd4-a052-d21668a40b75@group-F2343F61EB5A:LeaderElection80] INFO  impl.LeaderElection (LeaderElection.java:askForVotes(182)) - 8e1599e9-105d-4dd4-a052-d21668a40b75@group-F2343F61EB5A:LeaderElection80: begin an election at term 3 for -1: [bfedd7ac-20a7-41ea-98ab-a94e8334a7fe:192.168.36.84:46718, ff3e2dbf-fbd7-44c8-b920-6245688f6c83:192.168.36.84:44531, 8e1599e9-105d-4dd4-a052-d21668a40b75:192.168.36.84:44254], old=null
2019-09-24 18:43:03,640 [8e1599e9-105d-4dd4-a052-d21668a40b75@group-E47707E13CB0:LeaderElection77] INFO  impl.LeaderElection (LeaderElection.java:askForVotes(182)) - 8e1599e9-105d-4dd4-a052-d21668a40b75@group-E47707E13CB0:LeaderElection77: begin an election at term 1 for -1: [bfedd7ac-20a7-41ea-98ab-a94e8334a7fe:192.168.36.84:46718, ff3e2dbf-fbd7-44c8-b920-6245688f6c83:192.168.36.84:44531, 8e1599e9-105d-4dd4-a052-d21668a40b75:192.168.36.84:44254], old=null
2019-09-24 18:43:03,640 [Datanode State Machine Thread - 0] INFO  ozoneimpl.OzoneContainer (OzoneContainer.java:start(217)) - Attempting to start container services.
2019-09-24 18:43:03,640 [bfedd7ac-20a7-41ea-98ab-a94e8334a7fe@group-F2343F61EB5A:LeaderElection81] INFO  impl.LeaderElection (LeaderElection.java:askForVotes(182)) - bfedd7ac-20a7-41ea-98ab-a94e8334a7fe@group-F2343F61EB5A:LeaderElection81: begin an election at term 3 for -1: [bfedd7ac-20a7-41ea-98ab-a94e8334a7fe:192.168.36.84:46718, ff3e2dbf-fbd7-44c8-b920-6245688f6c83:192.168.36.84:44531, 8e1599e9-105d-4dd4-a052-d21668a40b75:192.168.36.84:44254], old=null
2019-09-24 18:43:03,640 [Datanode State Machine Thread - 0] INFO  ozoneimpl.OzoneContainer (OzoneContainer.java:start(217)) - Attempting to start container services.
2019-09-24 18:43:03,640 [Datanode State Machine Thread - 0] INFO  ozoneimpl.OzoneContainer (OzoneContainer.java:start(217)) - Attempting to start container services.
2019-09-24 18:43:03,640 [Datanode State Machine Thread - 0] INFO  ozoneimpl.OzoneContainer (OzoneContainer.java:start(217)) - Attempting to start container services.
2019-09-24 18:43:03,643 [Datanode State Machine Thread - 0] INFO  ozoneimpl.OzoneContainer (OzoneContainer.java:startContainerScrub(179)) - Background container scanner has been disabled.
2019-09-24 18:43:03,640 [bfedd7ac-20a7-41ea-98ab-a94e8334a7fe@group-E47707E13CB0:LeaderElection79] INFO  impl.LeaderElection (LeaderElection.java:askForVotes(182)) - bfedd7ac-20a7-41ea-98ab-a94e8334a7fe@group-E47707E13CB0:LeaderElection79: begin an election at term 1 for -1: [bfedd7ac-20a7-41ea-98ab-a94e8334a7fe:192.168.36.84:46718, ff3e2dbf-fbd7-44c8-b920-6245688f6c83:192.168.36.84:44531, 8e1599e9-105d-4dd4-a052-d21668a40b75:192.168.36.84:44254], old=null
2019-09-24 18:43:03,640 [ff3e2dbf-fbd7-44c8-b920-6245688f6c83@group-F2343F61EB5A:LeaderElection83] INFO  impl.LeaderElection (LeaderElection.java:askForVotes(182)) - ff3e2dbf-fbd7-44c8-b920-6245688f6c83@group-F2343F61EB5A:LeaderElection83: begin an election at term 3 for -1: [bfedd7ac-20a7-41ea-98ab-a94e8334a7fe:192.168.36.84:46718, ff3e2dbf-fbd7-44c8-b920-6245688f6c83:192.168.36.84:44531, 8e1599e9-105d-4dd4-a052-d21668a40b75:192.168.36.84:44254], old=null
2019-09-24 18:43:03,640 [8e1599e9-105d-4dd4-a052-d21668a40b75@group-9DBFF3FC8B40:LeaderElection84] INFO  impl.LeaderElection (LeaderElection.java:askForVotes(182)) - 8e1599e9-105d-4dd4-a052-d21668a40b75@group-9DBFF3FC8B40:LeaderElection84: begin an election at term 3 for -1: [bfedd7ac-20a7-41ea-98ab-a94e8334a7fe:192.168.36.84:46718, ff3e2dbf-fbd7-44c8-b920-6245688f6c83:192.168.36.84:44531, 8e1599e9-105d-4dd4-a052-d21668a40b75:192.168.36.84:44254], old=null
2019-09-24 18:43:03,640 [bfedd7ac-20a7-41ea-98ab-a94e8334a7fe@group-9DBFF3FC8B40:LeaderElection85] INFO  impl.LeaderElection (LeaderElection.java:askForVotes(182)) - bfedd7ac-20a7-41ea-98ab-a94e8334a7fe@group-9DBFF3FC8B40:LeaderElection85: begin an election at term 3 for -1: [bfedd7ac-20a7-41ea-98ab-a94e8334a7fe:192.168.36.84:46718, ff3e2dbf-fbd7-44c8-b920-6245688f6c83:192.168.36.84:44531, 8e1599e9-105d-4dd4-a052-d21668a40b75:192.168.36.84:44254], old=null
2019-09-24 18:43:03,640 [ff3e2dbf-fbd7-44c8-b920-6245688f6c83@group-E47707E13CB0:LeaderElection78] INFO  impl.LeaderElection (LeaderElection.java:askForVotes(182)) - ff3e2dbf-fbd7-44c8-b920-6245688f6c83@group-E47707E13CB0:LeaderElection78: begin an election at term 1 for -1: [bfedd7ac-20a7-41ea-98ab-a94e8334a7fe:192.168.36.84:46718, ff3e2dbf-fbd7-44c8-b920-6245688f6c83:192.168.36.84:44531, 8e1599e9-105d-4dd4-a052-d21668a40b75:192.168.36.84:44254], old=null
2019-09-24 18:43:03,640 [ff3e2dbf-fbd7-44c8-b920-6245688f6c83@group-9DBFF3FC8B40:LeaderElection82] INFO  impl.LeaderElection (LeaderElection.java:askForVotes(182)) - ff3e2dbf-fbd7-44c8-b920-6245688f6c83@group-9DBFF3FC8B40:LeaderElection82: begin an election at term 3 for -1: [bfedd7ac-20a7-41ea-98ab-a94e8334a7fe:192.168.36.84:46718, ff3e2dbf-fbd7-44c8-b920-6245688f6c83:192.168.36.84:44531, 8e1599e9-105d-4dd4-a052-d21668a40b75:192.168.36.84:44254], old=null
2019-09-24 18:43:03,643 [Datanode State Machine Thread - 0] INFO  ratis.XceiverServerRatis (XceiverServerRatis.java:start(411)) - Starting XceiverServerRatis 57ca6293-e2b9-4a4c-b2bc-c24aff6045c4 at port 0
2019-09-24 18:43:03,643 [Datanode State Machine Thread - 0] INFO  ozoneimpl.OzoneContainer (OzoneContainer.java:startContainerScrub(179)) - Background container scanner has been disabled.
2019-09-24 18:43:03,643 [Datanode State Machine Thread - 0] INFO  ozoneimpl.OzoneContainer (OzoneContainer.java:startContainerScrub(179)) - Background container scanner has been disabled.
2019-09-24 18:43:03,642 [Datanode State Machine Thread - 0] INFO  ozoneimpl.OzoneContainer (OzoneContainer.java:startContainerScrub(179)) - Background container scanner has been disabled.
2019-09-24 18:43:03,641 [Datanode State Machine Thread - 0] INFO  ratis.XceiverServerRatis (XceiverServerRatis.java:start(411)) - Starting XceiverServerRatis 75085931-92b1-4873-b3f1-0c98c0c26420 at port 0
2019-09-24 18:43:03,641 [Datanode State Machine Thread - 0] INFO  ozoneimpl.OzoneContainer (OzoneContainer.java:startContainerScrub(179)) - Background container scanner has been disabled.
2019-09-24 18:43:03,645 [Datanode State Machine Thread - 0] INFO  ratis.XceiverServerRatis (XceiverServerRatis.java:start(411)) - Starting XceiverServerRatis 0ca4d4d4-218c-44cb-877a-a87c1790d9ce at port 0
2019-09-24 18:43:03,645 [Datanode State Machine Thread - 0] INFO  ratis.XceiverServerRatis (XceiverServerRatis.java:start(411)) - Starting XceiverServerRatis 3f2c6e52-b251-4342-81d8-126278b75ced at port 0
2019-09-24 18:43:03,645 [Datanode State Machine Thread - 0] INFO  ratis.XceiverServerRatis (XceiverServerRatis.java:start(411)) - Starting XceiverServerRatis e7b9a2a3-58c7-459e-8ba9-4705c268421c at port 0
2019-09-24 18:43:03,646 [Datanode State Machine Thread - 0] INFO  ratis.XceiverServerRatis (XceiverServerRatis.java:start(411)) - Starting XceiverServerRatis e8dc17a1-737d-4975-94aa-89e57a40abfc at port 0
2019-09-24 18:43:03,673 [8e1599e9-105d-4dd4-a052-d21668a40b75@group-E47707E13CB0:LeaderElection77] INFO  impl.LeaderElection (LeaderElection.java:logAndReturn(56)) - 8e1599e9-105d-4dd4-a052-d21668a40b75@group-E47707E13CB0:LeaderElection77: Election REJECTED; received 2 response(s) [8e1599e9-105d-4dd4-a052-d21668a40b75<-bfedd7ac-20a7-41ea-98ab-a94e8334a7fe#0:FAIL-t1, 8e1599e9-105d-4dd4-a052-d21668a40b75<-ff3e2dbf-fbd7-44c8-b920-6245688f6c83#0:FAIL-t1] and 0 exception(s); 8e1599e9-105d-4dd4-a052-d21668a40b75@group-E47707E13CB0:t1, leader=null, voted=8e1599e9-105d-4dd4-a052-d21668a40b75, raftlog=8e1599e9-105d-4dd4-a052-d21668a40b75@group-E47707E13CB0-SegmentedRaftLog:OPENED:c-1,f-1,i0, conf=-1: [bfedd7ac-20a7-41ea-98ab-a94e8334a7fe:192.168.36.84:46718, ff3e2dbf-fbd7-44c8-b920-6245688f6c83:192.168.36.84:44531, 8e1599e9-105d-4dd4-a052-d21668a40b75:192.168.36.84:44254], old=null
2019-09-24 18:43:03,673 [8e1599e9-105d-4dd4-a052-d21668a40b75@group-F2343F61EB5A:LeaderElection80] INFO  impl.LeaderElection (LeaderElection.java:logAndReturn(56)) - 8e1599e9-105d-4dd4-a052-d21668a40b75@group-F2343F61EB5A:LeaderElection80: Election REJECTED; received 2 response(s) [8e1599e9-105d-4dd4-a052-d21668a40b75<-bfedd7ac-20a7-41ea-98ab-a94e8334a7fe#0:FAIL-t3, 8e1599e9-105d-4dd4-a052-d21668a40b75<-ff3e2dbf-fbd7-44c8-b920-6245688f6c83#0:FAIL-t3] and 0 exception(s); 8e1599e9-105d-4dd4-a052-d21668a40b75@group-F2343F61EB5A:t3, leader=null, voted=8e1599e9-105d-4dd4-a052-d21668a40b75, raftlog=8e1599e9-105d-4dd4-a052-d21668a40b75@group-F2343F61EB5A-SegmentedRaftLog:OPENED:c-1,f-1,i0, conf=-1: [bfedd7ac-20a7-41ea-98ab-a94e8334a7fe:192.168.36.84:46718, ff3e2dbf-fbd7-44c8-b920-6245688f6c83:192.168.36.84:44531, 8e1599e9-105d-4dd4-a052-d21668a40b75:192.168.36.84:44254], old=null
2019-09-24 18:43:03,674 [8e1599e9-105d-4dd4-a052-d21668a40b75@group-E47707E13CB0:LeaderElection77] INFO  impl.RaftServerImpl (RaftServerImpl.java:setRole(174)) - 8e1599e9-105d-4dd4-a052-d21668a40b75@group-E47707E13CB0: changes role from CANDIDATE to FOLLOWER at term 1 for DISCOVERED_A_NEW_TERM
2019-09-24 18:43:03,680 [8e1599e9-105d-4dd4-a052-d21668a40b75@group-E47707E13CB0:LeaderElection77] INFO  impl.RoleInfo (RoleInfo.java:shutdownLeaderElection(134)) - 8e1599e9-105d-4dd4-a052-d21668a40b75: shutdown LeaderElection
2019-09-24 18:43:03,681 [8e1599e9-105d-4dd4-a052-d21668a40b75@group-E47707E13CB0:LeaderElection77] INFO  impl.RoleInfo (RoleInfo.java:updateAndGet(143)) - 8e1599e9-105d-4dd4-a052-d21668a40b75: start FollowerState
2019-09-24 18:43:03,674 [8e1599e9-105d-4dd4-a052-d21668a40b75@group-F2343F61EB5A:LeaderElection80] INFO  impl.RaftServerImpl (RaftServerImpl.java:setRole(174)) - 8e1599e9-105d-4dd4-a052-d21668a40b75@group-F2343F61EB5A: changes role from CANDIDATE to FOLLOWER at term 3 for DISCOVERED_A_NEW_TERM
2019-09-24 18:43:03,688 [8e1599e9-105d-4dd4-a052-d21668a40b75@group-F2343F61EB5A:LeaderElection80] INFO  impl.RoleInfo (RoleInfo.java:shutdownLeaderElection(134)) - 8e1599e9-105d-4dd4-a052-d21668a40b75: shutdown LeaderElection
2019-09-24 18:43:03,683 [ff3e2dbf-fbd7-44c8-b920-6245688f6c83@group-9DBFF3FC8B40:LeaderElection82] INFO  impl.LeaderElection (LeaderElection.java:logAndReturn(56)) - ff3e2dbf-fbd7-44c8-b920-6245688f6c83@group-9DBFF3FC8B40:LeaderElection82: Election REJECTED; received 2 response(s) [ff3e2dbf-fbd7-44c8-b920-6245688f6c83<-bfedd7ac-20a7-41ea-98ab-a94e8334a7fe#0:FAIL-t3, ff3e2dbf-fbd7-44c8-b920-6245688f6c83<-8e1599e9-105d-4dd4-a052-d21668a40b75#0:FAIL-t3] and 0 exception(s); ff3e2dbf-fbd7-44c8-b920-6245688f6c83@group-9DBFF3FC8B40:t3, leader=null, voted=ff3e2dbf-fbd7-44c8-b920-6245688f6c83, raftlog=ff3e2dbf-fbd7-44c8-b920-6245688f6c83@group-9DBFF3FC8B40-SegmentedRaftLog:OPENED:c-1,f-1,i0, conf=-1: [bfedd7ac-20a7-41ea-98ab-a94e8334a7fe:192.168.36.84:46718, ff3e2dbf-fbd7-44c8-b920-6245688f6c83:192.168.36.84:44531, 8e1599e9-105d-4dd4-a052-d21668a40b75:192.168.36.84:44254], old=null
2019-09-24 18:43:03,683 [ff3e2dbf-fbd7-44c8-b920-6245688f6c83@group-F2343F61EB5A:LeaderElection83] INFO  impl.LeaderElection (LeaderElection.java:logAndReturn(56)) - ff3e2dbf-fbd7-44c8-b920-6245688f6c83@group-F2343F61EB5A:LeaderElection83: Election REJECTED; received 2 response(s) [ff3e2dbf-fbd7-44c8-b920-6245688f6c83<-bfedd7ac-20a7-41ea-98ab-a94e8334a7fe#0:FAIL-t3, ff3e2dbf-fbd7-44c8-b920-6245688f6c83<-8e1599e9-105d-4dd4-a052-d21668a40b75#0:FAIL-t3] and 0 exception(s); ff3e2dbf-fbd7-44c8-b920-6245688f6c83@group-F2343F61EB5A:t3, leader=null, voted=ff3e2dbf-fbd7-44c8-b920-6245688f6c83, raftlog=ff3e2dbf-fbd7-44c8-b920-6245688f6c83@group-F2343F61EB5A-SegmentedRaftLog:OPENED:c-1,f-1,i0, conf=-1: [bfedd7ac-20a7-41ea-98ab-a94e8334a7fe:192.168.36.84:46718, ff3e2dbf-fbd7-44c8-b920-6245688f6c83:192.168.36.84:44531, 8e1599e9-105d-4dd4-a052-d21668a40b75:192.168.36.84:44254], old=null
2019-09-24 18:43:03,683 [8e1599e9-105d-4dd4-a052-d21668a40b75@group-9DBFF3FC8B40:LeaderElection84] INFO  impl.LeaderElection (LeaderElection.java:logAndReturn(56)) - 8e1599e9-105d-4dd4-a052-d21668a40b75@group-9DBFF3FC8B40:LeaderElection84: Election REJECTED; received 2 response(s) [8e1599e9-105d-4dd4-a052-d21668a40b75<-bfedd7ac-20a7-41ea-98ab-a94e8334a7fe#0:FAIL-t3, 8e1599e9-105d-4dd4-a052-d21668a40b75<-ff3e2dbf-fbd7-44c8-b920-6245688f6c83#0:FAIL-t3] and 0 exception(s); 8e1599e9-105d-4dd4-a052-d21668a40b75@group-9DBFF3FC8B40:t3, leader=null, voted=8e1599e9-105d-4dd4-a052-d21668a40b75, raftlog=8e1599e9-105d-4dd4-a052-d21668a40b75@group-9DBFF3FC8B40-SegmentedRaftLog:OPENED:c-1,f-1,i0, conf=-1: [bfedd7ac-20a7-41ea-98ab-a94e8334a7fe:192.168.36.84:46718, ff3e2dbf-fbd7-44c8-b920-6245688f6c83:192.168.36.84:44531, 8e1599e9-105d-4dd4-a052-d21668a40b75:192.168.36.84:44254], old=null
2019-09-24 18:43:03,683 [ff3e2dbf-fbd7-44c8-b920-6245688f6c83@group-E47707E13CB0:LeaderElection78] INFO  impl.LeaderElection (LeaderElection.java:logAndReturn(56)) - ff3e2dbf-fbd7-44c8-b920-6245688f6c83@group-E47707E13CB0:LeaderElection78: Election REJECTED; received 2 response(s) [ff3e2dbf-fbd7-44c8-b920-6245688f6c83<-bfedd7ac-20a7-41ea-98ab-a94e8334a7fe#0:FAIL-t1, ff3e2dbf-fbd7-44c8-b920-6245688f6c83<-8e1599e9-105d-4dd4-a052-d21668a40b75#0:FAIL-t1] and 0 exception(s); ff3e2dbf-fbd7-44c8-b920-6245688f6c83@group-E47707E13CB0:t1, leader=null, voted=ff3e2dbf-fbd7-44c8-b920-6245688f6c83, raftlog=ff3e2dbf-fbd7-44c8-b920-6245688f6c83@group-E47707E13CB0-SegmentedRaftLog:OPENED:c-1,f-1,i0, conf=-1: [bfedd7ac-20a7-41ea-98ab-a94e8334a7fe:192.168.36.84:46718, ff3e2dbf-fbd7-44c8-b920-6245688f6c83:192.168.36.84:44531, 8e1599e9-105d-4dd4-a052-d21668a40b75:192.168.36.84:44254], old=null
2019-09-24 18:43:03,712 [8e1599e9-105d-4dd4-a052-d21668a40b75@group-9DBFF3FC8B40:LeaderElection84] INFO  impl.RaftServerImpl (RaftServerImpl.java:setRole(174)) - 8e1599e9-105d-4dd4-a052-d21668a40b75@group-9DBFF3FC8B40: changes role from CANDIDATE to FOLLOWER at term 3 for DISCOVERED_A_NEW_TERM
2019-09-24 18:43:03,694 [bfedd7ac-20a7-41ea-98ab-a94e8334a7fe@group-9DBFF3FC8B40:LeaderElection85] INFO  impl.LeaderElection (LeaderElection.java:logAndReturn(56)) - bfedd7ac-20a7-41ea-98ab-a94e8334a7fe@group-9DBFF3FC8B40:LeaderElection85: Election REJECTED; received 2 response(s) [bfedd7ac-20a7-41ea-98ab-a94e8334a7fe<-ff3e2dbf-fbd7-44c8-b920-6245688f6c83#0:FAIL-t3, bfedd7ac-20a7-41ea-98ab-a94e8334a7fe<-8e1599e9-105d-4dd4-a052-d21668a40b75#0:FAIL-t3] and 0 exception(s); bfedd7ac-20a7-41ea-98ab-a94e8334a7fe@group-9DBFF3FC8B40:t3, leader=null, voted=bfedd7ac-20a7-41ea-98ab-a94e8334a7fe, raftlog=bfedd7ac-20a7-41ea-98ab-a94e8334a7fe@group-9DBFF3FC8B40-SegmentedRaftLog:OPENED:c-1,f-1,i0, conf=-1: [bfedd7ac-20a7-41ea-98ab-a94e8334a7fe:192.168.36.84:46718, ff3e2dbf-fbd7-44c8-b920-6245688f6c83:192.168.36.84:44531, 8e1599e9-105d-4dd4-a052-d21668a40b75:192.168.36.84:44254], old=null
2019-09-24 18:43:03,693 [bfedd7ac-20a7-41ea-98ab-a94e8334a7fe@group-F2343F61EB5A:LeaderElection81] INFO  impl.LeaderElection (LeaderElection.java:logAndReturn(56)) - bfedd7ac-20a7-41ea-98ab-a94e8334a7fe@group-F2343F61EB5A:LeaderElection81: Election REJECTED; received 2 response(s) [bfedd7ac-20a7-41ea-98ab-a94e8334a7fe<-ff3e2dbf-fbd7-44c8-b920-6245688f6c83#0:FAIL-t3, bfedd7ac-20a7-41ea-98ab-a94e8334a7fe<-8e1599e9-105d-4dd4-a052-d21668a40b75#0:FAIL-t3] and 0 exception(s); bfedd7ac-20a7-41ea-98ab-a94e8334a7fe@group-F2343F61EB5A:t3, leader=null, voted=bfedd7ac-20a7-41ea-98ab-a94e8334a7fe, raftlog=bfedd7ac-20a7-41ea-98ab-a94e8334a7fe@group-F2343F61EB5A-SegmentedRaftLog:OPENED:c-1,f-1,i0, conf=-1: [bfedd7ac-20a7-41ea-98ab-a94e8334a7fe:192.168.36.84:46718, ff3e2dbf-fbd7-44c8-b920-6245688f6c83:192.168.36.84:44531, 8e1599e9-105d-4dd4-a052-d21668a40b75:192.168.36.84:44254], old=null
2019-09-24 18:43:03,693 [bfedd7ac-20a7-41ea-98ab-a94e8334a7fe@group-E47707E13CB0:LeaderElection79] INFO  impl.LeaderElection (LeaderElection.java:logAndReturn(56)) - bfedd7ac-20a7-41ea-98ab-a94e8334a7fe@group-E47707E13CB0:LeaderElection79: Election REJECTED; received 2 response(s) [bfedd7ac-20a7-41ea-98ab-a94e8334a7fe<-ff3e2dbf-fbd7-44c8-b920-6245688f6c83#0:FAIL-t1, bfedd7ac-20a7-41ea-98ab-a94e8334a7fe<-8e1599e9-105d-4dd4-a052-d21668a40b75#0:FAIL-t1] and 0 exception(s); bfedd7ac-20a7-41ea-98ab-a94e8334a7fe@group-E47707E13CB0:t1, leader=null, voted=bfedd7ac-20a7-41ea-98ab-a94e8334a7fe, raftlog=bfedd7ac-20a7-41ea-98ab-a94e8334a7fe@group-E47707E13CB0-SegmentedRaftLog:OPENED:c-1,f-1,i0, conf=-1: [bfedd7ac-20a7-41ea-98ab-a94e8334a7fe:192.168.36.84:46718, ff3e2dbf-fbd7-44c8-b920-6245688f6c83:192.168.36.84:44531, 8e1599e9-105d-4dd4-a052-d21668a40b75:192.168.36.84:44254], old=null
2019-09-24 18:43:03,693 [8e1599e9-105d-4dd4-a052-d21668a40b75@group-F2343F61EB5A:LeaderElection80] INFO  impl.RoleInfo (RoleInfo.java:updateAndGet(143)) - 8e1599e9-105d-4dd4-a052-d21668a40b75: start FollowerState
2019-09-24 18:43:03,688 [ff3e2dbf-fbd7-44c8-b920-6245688f6c83@group-9DBFF3FC8B40:LeaderElection82] INFO  impl.RaftServerImpl (RaftServerImpl.java:setRole(174)) - ff3e2dbf-fbd7-44c8-b920-6245688f6c83@group-9DBFF3FC8B40: changes role from CANDIDATE to FOLLOWER at term 3 for DISCOVERED_A_NEW_TERM
2019-09-24 18:43:03,731 [ff3e2dbf-fbd7-44c8-b920-6245688f6c83@group-9DBFF3FC8B40:LeaderElection82] INFO  impl.RoleInfo (RoleInfo.java:shutdownLeaderElection(134)) - ff3e2dbf-fbd7-44c8-b920-6245688f6c83: shutdown LeaderElection
2019-09-24 18:43:03,722 [bfedd7ac-20a7-41ea-98ab-a94e8334a7fe@group-9DBFF3FC8B40:LeaderElection85] INFO  impl.RaftServerImpl (RaftServerImpl.java:setRole(174)) - bfedd7ac-20a7-41ea-98ab-a94e8334a7fe@group-9DBFF3FC8B40: changes role from CANDIDATE to FOLLOWER at term 3 for DISCOVERED_A_NEW_TERM
2019-09-24 18:43:03,731 [bfedd7ac-20a7-41ea-98ab-a94e8334a7fe@group-9DBFF3FC8B40:LeaderElection85] INFO  impl.RoleInfo (RoleInfo.java:shutdownLeaderElection(134)) - bfedd7ac-20a7-41ea-98ab-a94e8334a7fe: shutdown LeaderElection
2019-09-24 18:43:03,712 [ff3e2dbf-fbd7-44c8-b920-6245688f6c83@group-E47707E13CB0:LeaderElection78] INFO  impl.RaftServerImpl (RaftServerImpl.java:setRole(174)) - ff3e2dbf-fbd7-44c8-b920-6245688f6c83@group-E47707E13CB0: changes role from CANDIDATE to FOLLOWER at term 1 for DISCOVERED_A_NEW_TERM
2019-09-24 18:43:03,716 [ff3e2dbf-fbd7-44c8-b920-6245688f6c83@group-F2343F61EB5A:LeaderElection83] INFO  impl.RaftServerImpl (RaftServerImpl.java:setRole(174)) - ff3e2dbf-fbd7-44c8-b920-6245688f6c83@group-F2343F61EB5A: changes role from CANDIDATE to FOLLOWER at term 3 for DISCOVERED_A_NEW_TERM
2019-09-24 18:43:03,716 [8e1599e9-105d-4dd4-a052-d21668a40b75@group-9DBFF3FC8B40:LeaderElection84] INFO  impl.RoleInfo (RoleInfo.java:shutdownLeaderElection(134)) - 8e1599e9-105d-4dd4-a052-d21668a40b75: shutdown LeaderElection
2019-09-24 18:43:03,732 [ff3e2dbf-fbd7-44c8-b920-6245688f6c83@group-F2343F61EB5A:LeaderElection83] INFO  impl.RoleInfo (RoleInfo.java:shutdownLeaderElection(134)) - ff3e2dbf-fbd7-44c8-b920-6245688f6c83: shutdown LeaderElection
2019-09-24 18:43:03,731 [ff3e2dbf-fbd7-44c8-b920-6245688f6c83@group-E47707E13CB0:LeaderElection78] INFO  impl.RoleInfo (RoleInfo.java:shutdownLeaderElection(134)) - ff3e2dbf-fbd7-44c8-b920-6245688f6c83: shutdown LeaderElection
2019-09-24 18:43:03,731 [bfedd7ac-20a7-41ea-98ab-a94e8334a7fe@group-9DBFF3FC8B40:LeaderElection85] INFO  impl.RoleInfo (RoleInfo.java:updateAndGet(143)) - bfedd7ac-20a7-41ea-98ab-a94e8334a7fe: start FollowerState
2019-09-24 18:43:03,732 [8e1599e9-105d-4dd4-a052-d21668a40b75@group-9DBFF3FC8B40:LeaderElection84] INFO  impl.RoleInfo (RoleInfo.java:updateAndGet(143)) - 8e1599e9-105d-4dd4-a052-d21668a40b75: start FollowerState
2019-09-24 18:43:03,732 [ff3e2dbf-fbd7-44c8-b920-6245688f6c83@group-9DBFF3FC8B40:LeaderElection82] INFO  impl.RoleInfo (RoleInfo.java:updateAndGet(143)) - ff3e2dbf-fbd7-44c8-b920-6245688f6c83: start FollowerState
2019-09-24 18:43:03,733 [bfedd7ac-20a7-41ea-98ab-a94e8334a7fe@group-E47707E13CB0:LeaderElection79] INFO  impl.RaftServerImpl (RaftServerImpl.java:setRole(174)) - bfedd7ac-20a7-41ea-98ab-a94e8334a7fe@group-E47707E13CB0: changes role from CANDIDATE to FOLLOWER at term 1 for DISCOVERED_A_NEW_TERM
2019-09-24 18:43:03,733 [bfedd7ac-20a7-41ea-98ab-a94e8334a7fe@group-E47707E13CB0:LeaderElection79] INFO  impl.RoleInfo (RoleInfo.java:shutdownLeaderElection(134)) - bfedd7ac-20a7-41ea-98ab-a94e8334a7fe: shutdown LeaderElection
2019-09-24 18:43:03,733 [bfedd7ac-20a7-41ea-98ab-a94e8334a7fe@group-E47707E13CB0:LeaderElection79] INFO  impl.RoleInfo (RoleInfo.java:updateAndGet(143)) - bfedd7ac-20a7-41ea-98ab-a94e8334a7fe: start FollowerState
2019-09-24 18:43:03,736 [ff3e2dbf-fbd7-44c8-b920-6245688f6c83@group-E47707E13CB0:LeaderElection78] INFO  impl.RoleInfo (RoleInfo.java:updateAndGet(143)) - ff3e2dbf-fbd7-44c8-b920-6245688f6c83: start FollowerState
2019-09-24 18:43:03,736 [ff3e2dbf-fbd7-44c8-b920-6245688f6c83@group-F2343F61EB5A:LeaderElection83] INFO  impl.RoleInfo (RoleInfo.java:updateAndGet(143)) - ff3e2dbf-fbd7-44c8-b920-6245688f6c83: start FollowerState
2019-09-24 18:43:03,736 [bfedd7ac-20a7-41ea-98ab-a94e8334a7fe@group-F2343F61EB5A:LeaderElection81] INFO  impl.RaftServerImpl (RaftServerImpl.java:setRole(174)) - bfedd7ac-20a7-41ea-98ab-a94e8334a7fe@group-F2343F61EB5A: changes role from CANDIDATE to FOLLOWER at term 3 for DISCOVERED_A_NEW_TERM
2019-09-24 18:43:03,736 [bfedd7ac-20a7-41ea-98ab-a94e8334a7fe@group-F2343F61EB5A:LeaderElection81] INFO  impl.RoleInfo (RoleInfo.java:shutdownLeaderElection(134)) - bfedd7ac-20a7-41ea-98ab-a94e8334a7fe: shutdown LeaderElection
2019-09-24 18:43:03,738 [bfedd7ac-20a7-41ea-98ab-a94e8334a7fe@group-F2343F61EB5A:LeaderElection81] INFO  impl.RoleInfo (RoleInfo.java:updateAndGet(143)) - bfedd7ac-20a7-41ea-98ab-a94e8334a7fe: start FollowerState
2019-09-24 18:43:03,755 [Datanode State Machine Thread - 0] INFO  impl.RaftServerProxy (RaftServerProxy.java:lambda$start$3(299)) - e8dc17a1-737d-4975-94aa-89e57a40abfc: start RPC server
2019-09-24 18:43:03,757 [Datanode State Machine Thread - 0] INFO  impl.RaftServerProxy (RaftServerProxy.java:lambda$start$3(299)) - 57ca6293-e2b9-4a4c-b2bc-c24aff6045c4: start RPC server
2019-09-24 18:43:03,757 [Datanode State Machine Thread - 0] INFO  server.GrpcService (GrpcService.java:startImpl(158)) - e8dc17a1-737d-4975-94aa-89e57a40abfc: GrpcService started, listening on 0.0.0.0/0.0.0.0:35472
2019-09-24 18:43:03,757 [Datanode State Machine Thread - 0] INFO  ratis.XceiverServerRatis (XceiverServerRatis.java:start(421)) - XceiverServerRatis e8dc17a1-737d-4975-94aa-89e57a40abfc is started using port 35472
2019-09-24 18:43:03,757 [Datanode State Machine Thread - 0] INFO  server.GrpcService (GrpcService.java:startImpl(158)) - 57ca6293-e2b9-4a4c-b2bc-c24aff6045c4: GrpcService started, listening on 0.0.0.0/0.0.0.0:38223
2019-09-24 18:43:03,758 [Datanode State Machine Thread - 0] INFO  ratis.XceiverServerRatis (XceiverServerRatis.java:start(421)) - XceiverServerRatis 57ca6293-e2b9-4a4c-b2bc-c24aff6045c4 is started using port 38223
2019-09-24 18:43:03,775 [Datanode State Machine Thread - 0] INFO  server.XceiverServerGrpc (XceiverServerGrpc.java:start(149)) - XceiverServerGrpc e8dc17a1-737d-4975-94aa-89e57a40abfc is started using port 36993
2019-09-24 18:43:03,775 [Datanode State Machine Thread - 0] INFO  server.XceiverServerGrpc (XceiverServerGrpc.java:start(149)) - XceiverServerGrpc 57ca6293-e2b9-4a4c-b2bc-c24aff6045c4 is started using port 37392
2019-09-24 18:43:03,777 [Datanode State Machine Thread - 0] INFO  impl.RaftServerProxy (RaftServerProxy.java:lambda$start$3(299)) - e7b9a2a3-58c7-459e-8ba9-4705c268421c: start RPC server
2019-09-24 18:43:03,781 [Datanode State Machine Thread - 0] INFO  server.GrpcService (GrpcService.java:startImpl(158)) - e7b9a2a3-58c7-459e-8ba9-4705c268421c: GrpcService started, listening on 0.0.0.0/0.0.0.0:41854
2019-09-24 18:43:03,781 [Datanode State Machine Thread - 0] INFO  ratis.XceiverServerRatis (XceiverServerRatis.java:start(421)) - XceiverServerRatis e7b9a2a3-58c7-459e-8ba9-4705c268421c is started using port 41854
2019-09-24 18:43:03,782 [Datanode State Machine Thread - 0] INFO  server.XceiverServerGrpc (XceiverServerGrpc.java:start(149)) - XceiverServerGrpc e7b9a2a3-58c7-459e-8ba9-4705c268421c is started using port 43340
2019-09-24 18:43:03,783 [Datanode State Machine Thread - 0] INFO  impl.RaftServerProxy (RaftServerProxy.java:lambda$start$3(299)) - 0ca4d4d4-218c-44cb-877a-a87c1790d9ce: start RPC server
2019-09-24 18:43:03,786 [Datanode State Machine Thread - 0] INFO  impl.RaftServerProxy (RaftServerProxy.java:lambda$start$3(299)) - 75085931-92b1-4873-b3f1-0c98c0c26420: start RPC server
2019-09-24 18:43:03,790 [Datanode State Machine Thread - 0] INFO  server.GrpcService (GrpcService.java:startImpl(158)) - 0ca4d4d4-218c-44cb-877a-a87c1790d9ce: GrpcService started, listening on 0.0.0.0/0.0.0.0:37292
2019-09-24 18:43:03,793 [Datanode State Machine Thread - 0] INFO  server.GrpcService (GrpcService.java:startImpl(158)) - 75085931-92b1-4873-b3f1-0c98c0c26420: GrpcService started, listening on 0.0.0.0/0.0.0.0:43228
2019-09-24 18:43:03,793 [Datanode State Machine Thread - 0] INFO  ratis.XceiverServerRatis (XceiverServerRatis.java:start(421)) - XceiverServerRatis 0ca4d4d4-218c-44cb-877a-a87c1790d9ce is started using port 37292
2019-09-24 18:43:03,793 [Datanode State Machine Thread - 0] INFO  ratis.XceiverServerRatis (XceiverServerRatis.java:start(421)) - XceiverServerRatis 75085931-92b1-4873-b3f1-0c98c0c26420 is started using port 43228
2019-09-24 18:43:03,793 [Datanode State Machine Thread - 0] INFO  server.XceiverServerGrpc (XceiverServerGrpc.java:start(149)) - XceiverServerGrpc 0ca4d4d4-218c-44cb-877a-a87c1790d9ce is started using port 43668
2019-09-24 18:43:03,793 [Datanode State Machine Thread - 0] INFO  server.XceiverServerGrpc (XceiverServerGrpc.java:start(149)) - XceiverServerGrpc 75085931-92b1-4873-b3f1-0c98c0c26420 is started using port 36022
2019-09-24 18:43:03,797 [Datanode State Machine Thread - 0] INFO  impl.RaftServerProxy (RaftServerProxy.java:lambda$start$3(299)) - 3f2c6e52-b251-4342-81d8-126278b75ced: start RPC server
2019-09-24 18:43:03,812 [Datanode State Machine Thread - 0] INFO  impl.RaftServerProxy (RaftServerProxy.java:lambda$start$3(299)) - 970d6631-1a01-43b9-8e86-8960ffd1a97f: start RPC server
2019-09-24 18:43:03,813 [Datanode State Machine Thread - 0] INFO  server.GrpcService (GrpcService.java:startImpl(158)) - 3f2c6e52-b251-4342-81d8-126278b75ced: GrpcService started, listening on 0.0.0.0/0.0.0.0:42619
2019-09-24 18:43:03,815 [Datanode State Machine Thread - 0] INFO  ratis.XceiverServerRatis (XceiverServerRatis.java:start(421)) - XceiverServerRatis 3f2c6e52-b251-4342-81d8-126278b75ced is started using port 42619
2019-09-24 18:43:03,816 [Datanode State Machine Thread - 0] INFO  server.GrpcService (GrpcService.java:startImpl(158)) - 970d6631-1a01-43b9-8e86-8960ffd1a97f: GrpcService started, listening on 0.0.0.0/0.0.0.0:42841
2019-09-24 18:43:03,816 [Datanode State Machine Thread - 0] INFO  ratis.XceiverServerRatis (XceiverServerRatis.java:start(421)) - XceiverServerRatis 970d6631-1a01-43b9-8e86-8960ffd1a97f is started using port 42841
2019-09-24 18:43:03,816 [Datanode State Machine Thread - 0] INFO  server.XceiverServerGrpc (XceiverServerGrpc.java:start(149)) - XceiverServerGrpc 3f2c6e52-b251-4342-81d8-126278b75ced is started using port 34177
2019-09-24 18:43:03,819 [Datanode State Machine Thread - 0] INFO  server.XceiverServerGrpc (XceiverServerGrpc.java:start(149)) - XceiverServerGrpc 970d6631-1a01-43b9-8e86-8960ffd1a97f is started using port 42034
2019-09-24 18:43:03,835 [main] INFO  ozone.MiniOzoneClusterImpl (MiniOzoneClusterImpl.java:lambda$waitForClusterToBeReady$0(147)) - Waiting for cluster to be ready. Got 0 of 7 DN Heartbeats.
2019-09-24 18:43:03,838 [IPC Server handler 5 on 34002] INFO  net.NetworkTopology (NetworkTopologyImpl.java:add(111)) - Added a new node: /default-rack/3f2c6e52-b251-4342-81d8-126278b75ced
2019-09-24 18:43:03,841 [IPC Server handler 5 on 34002] INFO  node.SCMNodeManager (SCMNodeManager.java:register(266)) - Registered Data node : 3f2c6e52-b251-4342-81d8-126278b75ced{ip: 192.168.36.84, host: pr-hdds-2171-6l6hb-1841322612, networkLocation: /default-rack, certSerialId: null}
2019-09-24 18:43:03,842 [EventQueue-NodeRegistrationContainerReportForDataNodeSafeModeRule] INFO  safemode.SCMSafeModeManager (DataNodeSafeModeRule.java:process(71)) - SCM in safe mode. 1 DataNodes registered, 1 required.
2019-09-24 18:43:03,845 [EventQueue-NodeRegistrationContainerReportForDataNodeSafeModeRule] INFO  safemode.SCMSafeModeManager (SCMSafeModeManager.java:validateSafeModeExitRules(177)) - ScmSafeModeManager, all rules are successfully validated
2019-09-24 18:43:03,845 [EventQueue-NodeRegistrationContainerReportForDataNodeSafeModeRule] INFO  safemode.SCMSafeModeManager (SCMSafeModeManager.java:exitSafeMode(193)) - SCM exiting safe mode.
2019-09-24 18:43:03,854 [grpc-default-executor-4] INFO  impl.RaftServerProxy (RaftServerProxy.java:addNew(89)) - 3f2c6e52-b251-4342-81d8-126278b75ced: addNew group-366527C1CFCE:[3f2c6e52-b251-4342-81d8-126278b75ced:192.168.36.84:42619] returns group-366527C1CFCE:java.util.concurrent.CompletableFuture@2f9c2ddc[Not completed]
2019-09-24 18:43:03,856 [pool-443-thread-1] INFO  impl.RaftServerImpl (RaftServerImpl.java:<init>(95)) - 3f2c6e52-b251-4342-81d8-126278b75ced: new RaftServerImpl for group-366527C1CFCE:[3f2c6e52-b251-4342-81d8-126278b75ced:192.168.36.84:42619] with ContainerStateMachine:uninitialized
2019-09-24 18:43:03,856 [pool-443-thread-1] INFO  server.RaftServerConfigKeys (ConfUtils.java:logGet(43)) - raft.server.rpc.timeout.min = 5s (custom)
2019-09-24 18:43:03,856 [pool-443-thread-1] INFO  server.RaftServerConfigKeys (ConfUtils.java:logGet(43)) - raft.server.rpc.timeout.max = 5200ms (custom)
2019-09-24 18:43:03,857 [pool-443-thread-1] INFO  server.RaftServerConfigKeys (ConfUtils.java:logGet(43)) - raft.server.rpcslowness.timeout = 120s (custom)
2019-09-24 18:43:03,857 [pool-443-thread-1] INFO  server.RaftServerConfigKeys (ConfUtils.java:logGet(43)) - raft.server.sleep.deviation.threshold = 300 (default)
2019-09-24 18:43:03,857 [pool-443-thread-1] INFO  server.RaftServerConfigKeys (ConfUtils.java:logGet(43)) - raft.server.log.appender.install.snapshot.enabled = false (custom)
2019-09-24 18:43:03,857 [pool-443-thread-1] INFO  impl.RaftServerImpl (ServerState.java:<init>(103)) - 3f2c6e52-b251-4342-81d8-126278b75ced@group-366527C1CFCE: ConfigurationManager, init=-1: [3f2c6e52-b251-4342-81d8-126278b75ced:192.168.36.84:42619], old=null, confs=<EMPTY_MAP>
2019-09-24 18:43:03,857 [pool-443-thread-1] INFO  server.RaftServerConfigKeys (ConfUtils.java:logGet(43)) - raft.server.storage.dir = [/workdir/hadoop-ozone/integration-test/target/test-dir/MiniOzoneClusterImpl-7a6c8996-2122-423e-a44c-6a38b4a82575/datanode-6/data/ratis] (custom)
2019-09-24 18:43:03,858 [pool-443-thread-1] INFO  storage.RaftStorageDirectory (RaftStorageDirectory.java:analyzeStorage(246)) - The storage directory /workdir/hadoop-ozone/integration-test/target/test-dir/MiniOzoneClusterImpl-7a6c8996-2122-423e-a44c-6a38b4a82575/datanode-6/data/ratis/5c59e22e-74ea-42ea-8a41-366527c1cfce does not exist. Creating ...
2019-09-24 18:43:03,887 [pool-443-thread-1] INFO  storage.RaftStorageDirectory (RaftStorageDirectory.java:tryLock(328)) - Lock on /workdir/hadoop-ozone/integration-test/target/test-dir/MiniOzoneClusterImpl-7a6c8996-2122-423e-a44c-6a38b4a82575/datanode-6/data/ratis/5c59e22e-74ea-42ea-8a41-366527c1cfce/in_use.lock acquired by nodename 32065@pr-hdds-2171-6l6hb-1841322612
2019-09-24 18:43:03,902 [pool-443-thread-1] INFO  storage.RaftStorage (RaftStorage.java:format(72)) - Storage directory /workdir/hadoop-ozone/integration-test/target/test-dir/MiniOzoneClusterImpl-7a6c8996-2122-423e-a44c-6a38b4a82575/datanode-6/data/ratis/5c59e22e-74ea-42ea-8a41-366527c1cfce has been successfully formatted.
2019-09-24 18:43:03,902 [pool-443-thread-1] INFO  ratis.ContainerStateMachine (ContainerStateMachine.java:loadSnapshot(230)) - group-366527C1CFCE: The snapshot info is null. Setting the last applied indexto:(t:0, i:~)
2019-09-24 18:43:03,902 [pool-443-thread-1] INFO  server.RaftServerConfigKeys (ConfUtils.java:logGet(43)) - raft.server.notification.no-leader.timeout = 120s (custom)
2019-09-24 18:43:03,903 [pool-443-thread-1] INFO  server.RaftServerConfigKeys (ConfUtils.java:logGet(43)) - raft.server.log.use.memory = false (default)
2019-09-24 18:43:03,903 [pool-443-thread-1] INFO  server.RaftServerConfigKeys (ConfUtils.java:logGet(43)) - raft.server.log.purge.gap = 1000000 (custom)
2019-09-24 18:43:03,903 [pool-443-thread-1] INFO  server.RaftServerConfigKeys (ConfUtils.java:logGet(43)) - raft.server.log.appender.buffer.byte-limit = 33554432 (custom)
2019-09-24 18:43:03,903 [pool-443-thread-1] INFO  server.RaftServerConfigKeys (ConfUtils.java:logGet(43)) - raft.server.log.segment.size.max = 1048576 (custom)
2019-09-24 18:43:03,903 [pool-443-thread-1] INFO  server.RaftServerConfigKeys (ConfUtils.java:logGet(43)) - raft.server.log.segment.cache.num.max = 2 (custom)
2019-09-24 18:43:03,904 [pool-443-thread-1] INFO  segmented.SegmentedRaftLogWorker (SegmentedRaftLogWorker.java:<init>(172)) - new 3f2c6e52-b251-4342-81d8-126278b75ced@group-366527C1CFCE-SegmentedRaftLogWorker for RaftStorage:Storage Directory /workdir/hadoop-ozone/integration-test/target/test-dir/MiniOzoneClusterImpl-7a6c8996-2122-423e-a44c-6a38b4a82575/datanode-6/data/ratis/5c59e22e-74ea-42ea-8a41-366527c1cfce
2019-09-24 18:43:03,906 [pool-443-thread-1] INFO  server.RaftServerConfigKeys (ConfUtils.java:logGet(43)) - raft.server.log.queue.byte-limit = 2147483647 (custom)
2019-09-24 18:43:03,906 [pool-443-thread-1] INFO  server.RaftServerConfigKeys (ConfUtils.java:logGet(43)) - raft.server.log.queue.element-limit = 1024 (custom)
2019-09-24 18:43:03,907 [pool-443-thread-1] INFO  server.RaftServerConfigKeys (ConfUtils.java:logGet(43)) - raft.server.log.segment.size.max = 1048576 (custom)
2019-09-24 18:43:03,907 [pool-443-thread-1] INFO  server.RaftServerConfigKeys (ConfUtils.java:logGet(43)) - raft.server.log.preallocated.size = 16384 (custom)
2019-09-24 18:43:03,907 [pool-443-thread-1] INFO  server.RaftServerConfigKeys (ConfUtils.java:logGet(43)) - raft.server.log.write.buffer.size = 33554432 (custom)
2019-09-24 18:43:03,907 [pool-443-thread-1] INFO  server.RaftServerConfigKeys (ConfUtils.java:logGet(43)) - raft.server.log.force.sync.num = 128 (default)
2019-09-24 18:43:03,907 [pool-443-thread-1] INFO  server.RaftServerConfigKeys (ConfUtils.java:logGet(43)) - raft.server.log.statemachine.data.sync = true (default)
2019-09-24 18:43:03,907 [pool-443-thread-1] INFO  server.RaftServerConfigKeys (ConfUtils.java:logGet(43)) - raft.server.log.statemachine.data.sync.timeout = 10s (default)
2019-09-24 18:43:03,908 [pool-443-thread-1] INFO  server.RaftServerConfigKeys (ConfUtils.java:logGet(43)) - raft.server.log.statemachine.data.sync.timeout.retry = -1 (default)
2019-09-24 18:43:03,908 [pool-443-thread-1] INFO  server.RaftServerConfigKeys (ConfUtils.java:logGet(43)) - raft.server.log.statemachine.data.caching.enabled = true (custom)
2019-09-24 18:43:03,908 [pool-443-thread-1] INFO  segmented.SegmentedRaftLogWorker (SegmentedRaftLogWorker.java:lambda$new$0(132)) - 3f2c6e52-b251-4342-81d8-126278b75ced@group-366527C1CFCE-SegmentedRaftLogWorker: flushIndex: setUnconditionally 0 -> -1
2019-09-24 18:43:03,909 [pool-443-thread-1] INFO  server.RaftServerConfigKeys (ConfUtils.java:logGet(43)) - raft.server.snapshot.auto.trigger.enabled = true (custom)
2019-09-24 18:43:03,909 [pool-443-thread-1] INFO  server.RaftServerConfigKeys (ConfUtils.java:logGet(43)) - raft.server.snapshot.auto.trigger.threshold = 10000 (custom)
2019-09-24 18:43:03,909 [pool-443-thread-1] INFO  server.RaftServerConfigKeys (ConfUtils.java:logGet(43)) - raft.server.snapshot.retention.num.files = 5 (custom)
2019-09-24 18:43:03,909 [pool-443-thread-1] INFO  server.RaftServerConfigKeys (ConfUtils.java:logGet(43)) - raft.server.retrycache.expirytime = 600000ms (custom)
2019-09-24 18:43:03,911 [pool-443-thread-1] INFO  impl.RaftServerImpl (RaftServerImpl.java:start(185)) - 3f2c6e52-b251-4342-81d8-126278b75ced@group-366527C1CFCE: start as a follower, conf=-1: [3f2c6e52-b251-4342-81d8-126278b75ced:192.168.36.84:42619], old=null
2019-09-24 18:43:03,912 [pool-443-thread-1] INFO  impl.RaftServerImpl (RaftServerImpl.java:setRole(174)) - 3f2c6e52-b251-4342-81d8-126278b75ced@group-366527C1CFCE: changes role from      null to FOLLOWER at term 0 for startAsFollower
2019-09-24 18:43:03,912 [pool-443-thread-1] INFO  impl.RoleInfo (RoleInfo.java:updateAndGet(143)) - 3f2c6e52-b251-4342-81d8-126278b75ced: start FollowerState
2019-09-24 18:43:03,912 [pool-443-thread-1] INFO  util.JmxRegister (JmxRegister.java:tryRegister(44)) - Successfully registered JMX Bean with object name Ratis:service=RaftServer,group=group-366527C1CFCE,id=3f2c6e52-b251-4342-81d8-126278b75ced
2019-09-24 18:43:03,928 [RatisPipelineUtilsThread] INFO  pipeline.PipelineStateManager (PipelineStateManager.java:addPipeline(56)) - Created pipeline Pipeline[ Id: 5c59e22e-74ea-42ea-8a41-366527c1cfce, Nodes: 3f2c6e52-b251-4342-81d8-126278b75ced{ip: 192.168.36.84, host: pr-hdds-2171-6l6hb-1841322612, networkLocation: /default-rack, certSerialId: null}, Type:RATIS, Factor:ONE, State:OPEN]
2019-09-24 18:43:04,835 [main] INFO  ozone.MiniOzoneClusterImpl (MiniOzoneClusterImpl.java:lambda$waitForClusterToBeReady$0(147)) - Waiting for cluster to be ready. Got 1 of 7 DN Heartbeats.
2019-09-24 18:43:05,277 [IPC Server handler 1 on 34002] INFO  net.NetworkTopology (NetworkTopologyImpl.java:add(111)) - Added a new node: /default-rack/e8dc17a1-737d-4975-94aa-89e57a40abfc
2019-09-24 18:43:05,278 [IPC Server handler 1 on 34002] INFO  node.SCMNodeManager (SCMNodeManager.java:register(266)) - Registered Data node : e8dc17a1-737d-4975-94aa-89e57a40abfc{ip: 192.168.36.84, host: pr-hdds-2171-6l6hb-1841322612, networkLocation: /default-rack, certSerialId: null}
2019-09-24 18:43:05,283 [grpc-default-executor-4] INFO  impl.RaftServerProxy (RaftServerProxy.java:addNew(89)) - e8dc17a1-737d-4975-94aa-89e57a40abfc: addNew group-B10893BEAC1D:[e8dc17a1-737d-4975-94aa-89e57a40abfc:192.168.36.84:35472] returns group-B10893BEAC1D:java.util.concurrent.CompletableFuture@2e94b093[Not completed]
2019-09-24 18:43:05,285 [pool-383-thread-1] INFO  impl.RaftServerImpl (RaftServerImpl.java:<init>(95)) - e8dc17a1-737d-4975-94aa-89e57a40abfc: new RaftServerImpl for group-B10893BEAC1D:[e8dc17a1-737d-4975-94aa-89e57a40abfc:192.168.36.84:35472] with ContainerStateMachine:uninitialized
2019-09-24 18:43:05,285 [pool-383-thread-1] INFO  server.RaftServerConfigKeys (ConfUtils.java:logGet(43)) - raft.server.rpc.timeout.min = 5s (custom)
2019-09-24 18:43:05,285 [pool-383-thread-1] INFO  server.RaftServerConfigKeys (ConfUtils.java:logGet(43)) - raft.server.rpc.timeout.max = 5200ms (custom)
2019-09-24 18:43:05,285 [pool-383-thread-1] INFO  server.RaftServerConfigKeys (ConfUtils.java:logGet(43)) - raft.server.rpcslowness.timeout = 120s (custom)
2019-09-24 18:43:05,286 [pool-383-thread-1] INFO  server.RaftServerConfigKeys (ConfUtils.java:logGet(43)) - raft.server.sleep.deviation.threshold = 300 (default)
2019-09-24 18:43:05,286 [pool-383-thread-1] INFO  server.RaftServerConfigKeys (ConfUtils.java:logGet(43)) - raft.server.log.appender.install.snapshot.enabled = false (custom)
2019-09-24 18:43:05,286 [pool-383-thread-1] INFO  impl.RaftServerImpl (ServerState.java:<init>(103)) - e8dc17a1-737d-4975-94aa-89e57a40abfc@group-B10893BEAC1D: ConfigurationManager, init=-1: [e8dc17a1-737d-4975-94aa-89e57a40abfc:192.168.36.84:35472], old=null, confs=<EMPTY_MAP>
2019-09-24 18:43:05,286 [pool-383-thread-1] INFO  server.RaftServerConfigKeys (ConfUtils.java:logGet(43)) - raft.server.storage.dir = [/workdir/hadoop-ozone/integration-test/target/test-dir/MiniOzoneClusterImpl-7a6c8996-2122-423e-a44c-6a38b4a82575/datanode-0/data/ratis] (custom)
2019-09-24 18:43:05,286 [pool-383-thread-1] INFO  storage.RaftStorageDirectory (RaftStorageDirectory.java:analyzeStorage(246)) - The storage directory /workdir/hadoop-ozone/integration-test/target/test-dir/MiniOzoneClusterImpl-7a6c8996-2122-423e-a44c-6a38b4a82575/datanode-0/data/ratis/640214b9-bf72-43eb-8eef-b10893beac1d does not exist. Creating ...
2019-09-24 18:43:05,321 [pool-383-thread-1] INFO  storage.RaftStorageDirectory (RaftStorageDirectory.java:tryLock(328)) - Lock on /workdir/hadoop-ozone/integration-test/target/test-dir/MiniOzoneClusterImpl-7a6c8996-2122-423e-a44c-6a38b4a82575/datanode-0/data/ratis/640214b9-bf72-43eb-8eef-b10893beac1d/in_use.lock acquired by nodename 32065@pr-hdds-2171-6l6hb-1841322612
2019-09-24 18:43:05,363 [pool-383-thread-1] INFO  storage.RaftStorage (RaftStorage.java:format(72)) - Storage directory /workdir/hadoop-ozone/integration-test/target/test-dir/MiniOzoneClusterImpl-7a6c8996-2122-423e-a44c-6a38b4a82575/datanode-0/data/ratis/640214b9-bf72-43eb-8eef-b10893beac1d has been successfully formatted.
2019-09-24 18:43:05,363 [pool-383-thread-1] INFO  ratis.ContainerStateMachine (ContainerStateMachine.java:loadSnapshot(230)) - group-B10893BEAC1D: The snapshot info is null. Setting the last applied indexto:(t:0, i:~)
2019-09-24 18:43:05,364 [IPC Server handler 3 on 34002] INFO  net.NetworkTopology (NetworkTopologyImpl.java:add(111)) - Added a new node: /default-rack/75085931-92b1-4873-b3f1-0c98c0c26420
2019-09-24 18:43:05,364 [pool-383-thread-1] INFO  server.RaftServerConfigKeys (ConfUtils.java:logGet(43)) - raft.server.notification.no-leader.timeout = 120s (custom)
2019-09-24 18:43:05,364 [IPC Server handler 3 on 34002] INFO  node.SCMNodeManager (SCMNodeManager.java:register(266)) - Registered Data node : 75085931-92b1-4873-b3f1-0c98c0c26420{ip: 192.168.36.84, host: pr-hdds-2171-6l6hb-1841322612, networkLocation: /default-rack, certSerialId: null}
2019-09-24 18:43:05,364 [pool-383-thread-1] INFO  server.RaftServerConfigKeys (ConfUtils.java:logGet(43)) - raft.server.log.use.memory = false (default)
2019-09-24 18:43:05,364 [pool-383-thread-1] INFO  server.RaftServerConfigKeys (ConfUtils.java:logGet(43)) - raft.server.log.purge.gap = 1000000 (custom)
2019-09-24 18:43:05,364 [pool-383-thread-1] INFO  server.RaftServerConfigKeys (ConfUtils.java:logGet(43)) - raft.server.log.appender.buffer.byte-limit = 33554432 (custom)
2019-09-24 18:43:05,365 [pool-383-thread-1] INFO  server.RaftServerConfigKeys (ConfUtils.java:logGet(43)) - raft.server.log.segment.size.max = 1048576 (custom)
2019-09-24 18:43:05,365 [pool-383-thread-1] INFO  server.RaftServerConfigKeys (ConfUtils.java:logGet(43)) - raft.server.log.segment.cache.num.max = 2 (custom)
2019-09-24 18:43:05,365 [pool-383-thread-1] INFO  segmented.SegmentedRaftLogWorker (SegmentedRaftLogWorker.java:<init>(172)) - new e8dc17a1-737d-4975-94aa-89e57a40abfc@group-B10893BEAC1D-SegmentedRaftLogWorker for RaftStorage:Storage Directory /workdir/hadoop-ozone/integration-test/target/test-dir/MiniOzoneClusterImpl-7a6c8996-2122-423e-a44c-6a38b4a82575/datanode-0/data/ratis/640214b9-bf72-43eb-8eef-b10893beac1d
2019-09-24 18:43:05,366 [pool-383-thread-1] INFO  server.RaftServerConfigKeys (ConfUtils.java:logGet(43)) - raft.server.log.queue.byte-limit = 2147483647 (custom)
2019-09-24 18:43:05,367 [pool-383-thread-1] INFO  server.RaftServerConfigKeys (ConfUtils.java:logGet(43)) - raft.server.log.queue.element-limit = 1024 (custom)
2019-09-24 18:43:05,367 [pool-383-thread-1] INFO  server.RaftServerConfigKeys (ConfUtils.java:logGet(43)) - raft.server.log.segment.size.max = 1048576 (custom)
2019-09-24 18:43:05,367 [pool-383-thread-1] INFO  server.RaftServerConfigKeys (ConfUtils.java:logGet(43)) - raft.server.log.preallocated.size = 16384 (custom)
2019-09-24 18:43:05,367 [pool-383-thread-1] INFO  server.RaftServerConfigKeys (ConfUtils.java:logGet(43)) - raft.server.log.write.buffer.size = 33554432 (custom)
2019-09-24 18:43:05,367 [pool-383-thread-1] INFO  server.RaftServerConfigKeys (ConfUtils.java:logGet(43)) - raft.server.log.force.sync.num = 128 (default)
2019-09-24 18:43:05,367 [pool-383-thread-1] INFO  server.RaftServerConfigKeys (ConfUtils.java:logGet(43)) - raft.server.log.statemachine.data.sync = true (default)
2019-09-24 18:43:05,367 [pool-383-thread-1] INFO  server.RaftServerConfigKeys (ConfUtils.java:logGet(43)) - raft.server.log.statemachine.data.sync.timeout = 10s (default)
2019-09-24 18:43:05,367 [pool-383-thread-1] INFO  server.RaftServerConfigKeys (ConfUtils.java:logGet(43)) - raft.server.log.statemachine.data.sync.timeout.retry = -1 (default)
2019-09-24 18:43:05,368 [pool-383-thread-1] INFO  server.RaftServerConfigKeys (ConfUtils.java:logGet(43)) - raft.server.log.statemachine.data.caching.enabled = true (custom)
2019-09-24 18:43:05,368 [pool-383-thread-1] INFO  segmented.SegmentedRaftLogWorker (SegmentedRaftLogWorker.java:lambda$new$0(132)) - e8dc17a1-737d-4975-94aa-89e57a40abfc@group-B10893BEAC1D-SegmentedRaftLogWorker: flushIndex: setUnconditionally 0 -> -1
2019-09-24 18:43:05,368 [pool-383-thread-1] INFO  server.RaftServerConfigKeys (ConfUtils.java:logGet(43)) - raft.server.snapshot.auto.trigger.enabled = true (custom)
2019-09-24 18:43:05,368 [pool-383-thread-1] INFO  server.RaftServerConfigKeys (ConfUtils.java:logGet(43)) - raft.server.snapshot.auto.trigger.threshold = 10000 (custom)
2019-09-24 18:43:05,369 [pool-383-thread-1] INFO  server.RaftServerConfigKeys (ConfUtils.java:logGet(43)) - raft.server.snapshot.retention.num.files = 5 (custom)
2019-09-24 18:43:05,369 [pool-383-thread-1] INFO  server.RaftServerConfigKeys (ConfUtils.java:logGet(43)) - raft.server.retrycache.expirytime = 600000ms (custom)
2019-09-24 18:43:05,371 [pool-383-thread-1] INFO  impl.RaftServerImpl (RaftServerImpl.java:start(185)) - e8dc17a1-737d-4975-94aa-89e57a40abfc@group-B10893BEAC1D: start as a follower, conf=-1: [e8dc17a1-737d-4975-94aa-89e57a40abfc:192.168.36.84:35472], old=null
2019-09-24 18:43:05,371 [pool-383-thread-1] INFO  impl.RaftServerImpl (RaftServerImpl.java:setRole(174)) - e8dc17a1-737d-4975-94aa-89e57a40abfc@group-B10893BEAC1D: changes role from      null to FOLLOWER at term 0 for startAsFollower
2019-09-24 18:43:05,372 [pool-383-thread-1] INFO  impl.RoleInfo (RoleInfo.java:updateAndGet(143)) - e8dc17a1-737d-4975-94aa-89e57a40abfc: start FollowerState
2019-09-24 18:43:05,372 [pool-383-thread-1] INFO  util.JmxRegister (JmxRegister.java:tryRegister(44)) - Successfully registered JMX Bean with object name Ratis:service=RaftServer,group=group-B10893BEAC1D,id=e8dc17a1-737d-4975-94aa-89e57a40abfc
2019-09-24 18:43:05,375 [RatisPipelineUtilsThread] INFO  pipeline.PipelineStateManager (PipelineStateManager.java:addPipeline(56)) - Created pipeline Pipeline[ Id: 640214b9-bf72-43eb-8eef-b10893beac1d, Nodes: e8dc17a1-737d-4975-94aa-89e57a40abfc{ip: 192.168.36.84, host: pr-hdds-2171-6l6hb-1841322612, networkLocation: /default-rack, certSerialId: null}, Type:RATIS, Factor:ONE, State:OPEN]
2019-09-24 18:43:05,379 [grpc-default-executor-4] INFO  impl.RaftServerProxy (RaftServerProxy.java:addNew(89)) - 75085931-92b1-4873-b3f1-0c98c0c26420: addNew group-61BB5FB3D42B:[75085931-92b1-4873-b3f1-0c98c0c26420:192.168.36.84:43228] returns group-61BB5FB3D42B:java.util.concurrent.CompletableFuture@2ba69830[Not completed]
2019-09-24 18:43:05,380 [pool-393-thread-1] INFO  impl.RaftServerImpl (RaftServerImpl.java:<init>(95)) - 75085931-92b1-4873-b3f1-0c98c0c26420: new RaftServerImpl for group-61BB5FB3D42B:[75085931-92b1-4873-b3f1-0c98c0c26420:192.168.36.84:43228] with ContainerStateMachine:uninitialized
2019-09-24 18:43:05,381 [pool-393-thread-1] INFO  server.RaftServerConfigKeys (ConfUtils.java:logGet(43)) - raft.server.rpc.timeout.min = 5s (custom)
2019-09-24 18:43:05,381 [pool-393-thread-1] INFO  server.RaftServerConfigKeys (ConfUtils.java:logGet(43)) - raft.server.rpc.timeout.max = 5200ms (custom)
2019-09-24 18:43:05,381 [pool-393-thread-1] INFO  server.RaftServerConfigKeys (ConfUtils.java:logGet(43)) - raft.server.rpcslowness.timeout = 120s (custom)
2019-09-24 18:43:05,381 [pool-393-thread-1] INFO  server.RaftServerConfigKeys (ConfUtils.java:logGet(43)) - raft.server.sleep.deviation.threshold = 300 (default)
2019-09-24 18:43:05,381 [pool-393-thread-1] INFO  server.RaftServerConfigKeys (ConfUtils.java:logGet(43)) - raft.server.log.appender.install.snapshot.enabled = false (custom)
2019-09-24 18:43:05,381 [pool-393-thread-1] INFO  impl.RaftServerImpl (ServerState.java:<init>(103)) - 75085931-92b1-4873-b3f1-0c98c0c26420@group-61BB5FB3D42B: ConfigurationManager, init=-1: [75085931-92b1-4873-b3f1-0c98c0c26420:192.168.36.84:43228], old=null, confs=<EMPTY_MAP>
2019-09-24 18:43:05,381 [pool-393-thread-1] INFO  server.RaftServerConfigKeys (ConfUtils.java:logGet(43)) - raft.server.storage.dir = [/workdir/hadoop-ozone/integration-test/target/test-dir/MiniOzoneClusterImpl-7a6c8996-2122-423e-a44c-6a38b4a82575/datanode-1/data/ratis] (custom)
2019-09-24 18:43:05,381 [pool-393-thread-1] INFO  storage.RaftStorageDirectory (RaftStorageDirectory.java:analyzeStorage(246)) - The storage directory /workdir/hadoop-ozone/integration-test/target/test-dir/MiniOzoneClusterImpl-7a6c8996-2122-423e-a44c-6a38b4a82575/datanode-1/data/ratis/67dc19ef-8469-427f-9066-61bb5fb3d42b does not exist. Creating ...
2019-09-24 18:43:05,394 [pool-393-thread-1] INFO  storage.RaftStorageDirectory (RaftStorageDirectory.java:tryLock(328)) - Lock on /workdir/hadoop-ozone/integration-test/target/test-dir/MiniOzoneClusterImpl-7a6c8996-2122-423e-a44c-6a38b4a82575/datanode-1/data/ratis/67dc19ef-8469-427f-9066-61bb5fb3d42b/in_use.lock acquired by nodename 32065@pr-hdds-2171-6l6hb-1841322612
2019-09-24 18:43:05,407 [pool-393-thread-1] INFO  storage.RaftStorage (RaftStorage.java:format(72)) - Storage directory /workdir/hadoop-ozone/integration-test/target/test-dir/MiniOzoneClusterImpl-7a6c8996-2122-423e-a44c-6a38b4a82575/datanode-1/data/ratis/67dc19ef-8469-427f-9066-61bb5fb3d42b has been successfully formatted.
2019-09-24 18:43:05,407 [pool-393-thread-1] INFO  ratis.ContainerStateMachine (ContainerStateMachine.java:loadSnapshot(230)) - group-61BB5FB3D42B: The snapshot info is null. Setting the last applied indexto:(t:0, i:~)
2019-09-24 18:43:05,407 [pool-393-thread-1] INFO  server.RaftServerConfigKeys (ConfUtils.java:logGet(43)) - raft.server.notification.no-leader.timeout = 120s (custom)
2019-09-24 18:43:05,408 [pool-393-thread-1] INFO  server.RaftServerConfigKeys (ConfUtils.java:logGet(43)) - raft.server.log.use.memory = false (default)
2019-09-24 18:43:05,408 [pool-393-thread-1] INFO  server.RaftServerConfigKeys (ConfUtils.java:logGet(43)) - raft.server.log.purge.gap = 1000000 (custom)
2019-09-24 18:43:05,408 [pool-393-thread-1] INFO  server.RaftServerConfigKeys (ConfUtils.java:logGet(43)) - raft.server.log.appender.buffer.byte-limit = 33554432 (custom)
2019-09-24 18:43:05,408 [pool-393-thread-1] INFO  server.RaftServerConfigKeys (ConfUtils.java:logGet(43)) - raft.server.log.segment.size.max = 1048576 (custom)
2019-09-24 18:43:05,408 [pool-393-thread-1] INFO  server.RaftServerConfigKeys (ConfUtils.java:logGet(43)) - raft.server.log.segment.cache.num.max = 2 (custom)
2019-09-24 18:43:05,409 [pool-393-thread-1] INFO  segmented.SegmentedRaftLogWorker (SegmentedRaftLogWorker.java:<init>(172)) - new 75085931-92b1-4873-b3f1-0c98c0c26420@group-61BB5FB3D42B-SegmentedRaftLogWorker for RaftStorage:Storage Directory /workdir/hadoop-ozone/integration-test/target/test-dir/MiniOzoneClusterImpl-7a6c8996-2122-423e-a44c-6a38b4a82575/datanode-1/data/ratis/67dc19ef-8469-427f-9066-61bb5fb3d42b
2019-09-24 18:43:05,410 [pool-393-thread-1] INFO  server.RaftServerConfigKeys (ConfUtils.java:logGet(43)) - raft.server.log.queue.byte-limit = 2147483647 (custom)
2019-09-24 18:43:05,410 [pool-393-thread-1] INFO  server.RaftServerConfigKeys (ConfUtils.java:logGet(43)) - raft.server.log.queue.element-limit = 1024 (custom)
2019-09-24 18:43:05,411 [pool-393-thread-1] INFO  server.RaftServerConfigKeys (ConfUtils.java:logGet(43)) - raft.server.log.segment.size.max = 1048576 (custom)
2019-09-24 18:43:05,411 [pool-393-thread-1] INFO  server.RaftServerConfigKeys (ConfUtils.java:logGet(43)) - raft.server.log.preallocated.size = 16384 (custom)
2019-09-24 18:43:05,411 [pool-393-thread-1] INFO  server.RaftServerConfigKeys (ConfUtils.java:logGet(43)) - raft.server.log.write.buffer.size = 33554432 (custom)
2019-09-24 18:43:05,411 [pool-393-thread-1] INFO  server.RaftServerConfigKeys (ConfUtils.java:logGet(43)) - raft.server.log.force.sync.num = 128 (default)
2019-09-24 18:43:05,411 [pool-393-thread-1] INFO  server.RaftServerConfigKeys (ConfUtils.java:logGet(43)) - raft.server.log.statemachine.data.sync = true (default)
2019-09-24 18:43:05,411 [pool-393-thread-1] INFO  server.RaftServerConfigKeys (ConfUtils.java:logGet(43)) - raft.server.log.statemachine.data.sync.timeout = 10s (default)
2019-09-24 18:43:05,411 [pool-393-thread-1] INFO  server.RaftServerConfigKeys (ConfUtils.java:logGet(43)) - raft.server.log.statemachine.data.sync.timeout.retry = -1 (default)
2019-09-24 18:43:05,412 [pool-393-thread-1] INFO  server.RaftServerConfigKeys (ConfUtils.java:logGet(43)) - raft.server.log.statemachine.data.caching.enabled = true (custom)
2019-09-24 18:43:05,412 [pool-393-thread-1] INFO  segmented.SegmentedRaftLogWorker (SegmentedRaftLogWorker.java:lambda$new$0(132)) - 75085931-92b1-4873-b3f1-0c98c0c26420@group-61BB5FB3D42B-SegmentedRaftLogWorker: flushIndex: setUnconditionally 0 -> -1
2019-09-24 18:43:05,412 [pool-393-thread-1] INFO  server.RaftServerConfigKeys (ConfUtils.java:logGet(43)) - raft.server.snapshot.auto.trigger.enabled = true (custom)
2019-09-24 18:43:05,412 [pool-393-thread-1] INFO  server.RaftServerConfigKeys (ConfUtils.java:logGet(43)) - raft.server.snapshot.auto.trigger.threshold = 10000 (custom)
2019-09-24 18:43:05,412 [pool-393-thread-1] INFO  server.RaftServerConfigKeys (ConfUtils.java:logGet(43)) - raft.server.snapshot.retention.num.files = 5 (custom)
2019-09-24 18:43:05,413 [pool-393-thread-1] INFO  server.RaftServerConfigKeys (ConfUtils.java:logGet(43)) - raft.server.retrycache.expirytime = 600000ms (custom)
2019-09-24 18:43:05,414 [pool-393-thread-1] INFO  impl.RaftServerImpl (RaftServerImpl.java:start(185)) - 75085931-92b1-4873-b3f1-0c98c0c26420@group-61BB5FB3D42B: start as a follower, conf=-1: [75085931-92b1-4873-b3f1-0c98c0c26420:192.168.36.84:43228], old=null
2019-09-24 18:43:05,414 [pool-393-thread-1] INFO  impl.RaftServerImpl (RaftServerImpl.java:setRole(174)) - 75085931-92b1-4873-b3f1-0c98c0c26420@group-61BB5FB3D42B: changes role from      null to FOLLOWER at term 0 for startAsFollower
2019-09-24 18:43:05,414 [pool-393-thread-1] INFO  impl.RoleInfo (RoleInfo.java:updateAndGet(143)) - 75085931-92b1-4873-b3f1-0c98c0c26420: start FollowerState
2019-09-24 18:43:05,414 [pool-393-thread-1] INFO  util.JmxRegister (JmxRegister.java:tryRegister(44)) - Successfully registered JMX Bean with object name Ratis:service=RaftServer,group=group-61BB5FB3D42B,id=75085931-92b1-4873-b3f1-0c98c0c26420
2019-09-24 18:43:05,417 [RatisPipelineUtilsThread] INFO  pipeline.PipelineStateManager (PipelineStateManager.java:addPipeline(56)) - Created pipeline Pipeline[ Id: 67dc19ef-8469-427f-9066-61bb5fb3d42b, Nodes: 75085931-92b1-4873-b3f1-0c98c0c26420{ip: 192.168.36.84, host: pr-hdds-2171-6l6hb-1841322612, networkLocation: /default-rack, certSerialId: null}, Type:RATIS, Factor:ONE, State:OPEN]
2019-09-24 18:43:05,433 [grpc-default-executor-6] INFO  impl.RaftServerProxy (RaftServerProxy.java:addNew(89)) - 75085931-92b1-4873-b3f1-0c98c0c26420: addNew group-24E0F0C309DD:[3f2c6e52-b251-4342-81d8-126278b75ced:192.168.36.84:42619, e8dc17a1-737d-4975-94aa-89e57a40abfc:192.168.36.84:35472, 75085931-92b1-4873-b3f1-0c98c0c26420:192.168.36.84:43228] returns group-24E0F0C309DD:java.util.concurrent.CompletableFuture@4c9ecf42[Not completed]
2019-09-24 18:43:05,433 [grpc-default-executor-4] INFO  impl.RaftServerProxy (RaftServerProxy.java:addNew(89)) - 3f2c6e52-b251-4342-81d8-126278b75ced: addNew group-24E0F0C309DD:[3f2c6e52-b251-4342-81d8-126278b75ced:192.168.36.84:42619, e8dc17a1-737d-4975-94aa-89e57a40abfc:192.168.36.84:35472, 75085931-92b1-4873-b3f1-0c98c0c26420:192.168.36.84:43228] returns group-24E0F0C309DD:java.util.concurrent.CompletableFuture@4e3c1a2[Not completed]
2019-09-24 18:43:05,433 [grpc-default-executor-18] INFO  impl.RaftServerProxy (RaftServerProxy.java:addNew(89)) - e8dc17a1-737d-4975-94aa-89e57a40abfc: addNew group-24E0F0C309DD:[3f2c6e52-b251-4342-81d8-126278b75ced:192.168.36.84:42619, e8dc17a1-737d-4975-94aa-89e57a40abfc:192.168.36.84:35472, 75085931-92b1-4873-b3f1-0c98c0c26420:192.168.36.84:43228] returns group-24E0F0C309DD:java.util.concurrent.CompletableFuture@8dd96e5[Not completed]
2019-09-24 18:43:05,434 [pool-383-thread-1] INFO  impl.RaftServerImpl (RaftServerImpl.java:<init>(95)) - e8dc17a1-737d-4975-94aa-89e57a40abfc: new RaftServerImpl for group-24E0F0C309DD:[3f2c6e52-b251-4342-81d8-126278b75ced:192.168.36.84:42619, e8dc17a1-737d-4975-94aa-89e57a40abfc:192.168.36.84:35472, 75085931-92b1-4873-b3f1-0c98c0c26420:192.168.36.84:43228] with ContainerStateMachine:uninitialized
2019-09-24 18:43:05,434 [pool-383-thread-1] INFO  server.RaftServerConfigKeys (ConfUtils.java:logGet(43)) - raft.server.rpc.timeout.min = 5s (custom)
2019-09-24 18:43:05,435 [pool-383-thread-1] INFO  server.RaftServerConfigKeys (ConfUtils.java:logGet(43)) - raft.server.rpc.timeout.max = 5200ms (custom)
2019-09-24 18:43:05,435 [pool-383-thread-1] INFO  server.RaftServerConfigKeys (ConfUtils.java:logGet(43)) - raft.server.rpcslowness.timeout = 120s (custom)
2019-09-24 18:43:05,435 [pool-383-thread-1] INFO  server.RaftServerConfigKeys (ConfUtils.java:logGet(43)) - raft.server.sleep.deviation.threshold = 300 (default)
2019-09-24 18:43:05,435 [pool-383-thread-1] INFO  server.RaftServerConfigKeys (ConfUtils.java:logGet(43)) - raft.server.log.appender.install.snapshot.enabled = false (custom)
2019-09-24 18:43:05,435 [pool-383-thread-1] INFO  impl.RaftServerImpl (ServerState.java:<init>(103)) - e8dc17a1-737d-4975-94aa-89e57a40abfc@group-24E0F0C309DD: ConfigurationManager, init=-1: [3f2c6e52-b251-4342-81d8-126278b75ced:192.168.36.84:42619, e8dc17a1-737d-4975-94aa-89e57a40abfc:192.168.36.84:35472, 75085931-92b1-4873-b3f1-0c98c0c26420:192.168.36.84:43228], old=null, confs=<EMPTY_MAP>
2019-09-24 18:43:05,435 [pool-383-thread-1] INFO  server.RaftServerConfigKeys (ConfUtils.java:logGet(43)) - raft.server.storage.dir = [/workdir/hadoop-ozone/integration-test/target/test-dir/MiniOzoneClusterImpl-7a6c8996-2122-423e-a44c-6a38b4a82575/datanode-0/data/ratis] (custom)
2019-09-24 18:43:05,435 [pool-443-thread-1] INFO  impl.RaftServerImpl (RaftServerImpl.java:<init>(95)) - 3f2c6e52-b251-4342-81d8-126278b75ced: new RaftServerImpl for group-24E0F0C309DD:[3f2c6e52-b251-4342-81d8-126278b75ced:192.168.36.84:42619, e8dc17a1-737d-4975-94aa-89e57a40abfc:192.168.36.84:35472, 75085931-92b1-4873-b3f1-0c98c0c26420:192.168.36.84:43228] with ContainerStateMachine:uninitialized
2019-09-24 18:43:05,435 [pool-443-thread-1] INFO  server.RaftServerConfigKeys (ConfUtils.java:logGet(43)) - raft.server.rpc.timeout.min = 5s (custom)
2019-09-24 18:43:05,435 [pool-393-thread-1] INFO  impl.RaftServerImpl (RaftServerImpl.java:<init>(95)) - 75085931-92b1-4873-b3f1-0c98c0c26420: new RaftServerImpl for group-24E0F0C309DD:[3f2c6e52-b251-4342-81d8-126278b75ced:192.168.36.84:42619, e8dc17a1-737d-4975-94aa-89e57a40abfc:192.168.36.84:35472, 75085931-92b1-4873-b3f1-0c98c0c26420:192.168.36.84:43228] with ContainerStateMachine:uninitialized
2019-09-24 18:43:05,435 [pool-383-thread-1] INFO  storage.RaftStorageDirectory (RaftStorageDirectory.java:analyzeStorage(246)) - The storage directory /workdir/hadoop-ozone/integration-test/target/test-dir/MiniOzoneClusterImpl-7a6c8996-2122-423e-a44c-6a38b4a82575/datanode-0/data/ratis/2712e5c4-8190-409a-8034-24e0f0c309dd does not exist. Creating ...
2019-09-24 18:43:05,436 [pool-393-thread-1] INFO  server.RaftServerConfigKeys (ConfUtils.java:logGet(43)) - raft.server.rpc.timeout.min = 5s (custom)
2019-09-24 18:43:05,435 [pool-443-thread-1] INFO  server.RaftServerConfigKeys (ConfUtils.java:logGet(43)) - raft.server.rpc.timeout.max = 5200ms (custom)
2019-09-24 18:43:05,436 [pool-393-thread-1] INFO  server.RaftServerConfigKeys (ConfUtils.java:logGet(43)) - raft.server.rpc.timeout.max = 5200ms (custom)
2019-09-24 18:43:05,436 [pool-443-thread-1] INFO  server.RaftServerConfigKeys (ConfUtils.java:logGet(43)) - raft.server.rpcslowness.timeout = 120s (custom)
2019-09-24 18:43:05,436 [pool-393-thread-1] INFO  server.RaftServerConfigKeys (ConfUtils.java:logGet(43)) - raft.server.rpcslowness.timeout = 120s (custom)
2019-09-24 18:43:05,436 [pool-443-thread-1] INFO  server.RaftServerConfigKeys (ConfUtils.java:logGet(43)) - raft.server.sleep.deviation.threshold = 300 (default)
2019-09-24 18:43:05,436 [pool-393-thread-1] INFO  server.RaftServerConfigKeys (ConfUtils.java:logGet(43)) - raft.server.sleep.deviation.threshold = 300 (default)
2019-09-24 18:43:05,436 [pool-443-thread-1] INFO  server.RaftServerConfigKeys (ConfUtils.java:logGet(43)) - raft.server.log.appender.install.snapshot.enabled = false (custom)
2019-09-24 18:43:05,436 [pool-393-thread-1] INFO  server.RaftServerConfigKeys (ConfUtils.java:logGet(43)) - raft.server.log.appender.install.snapshot.enabled = false (custom)
2019-09-24 18:43:05,436 [pool-443-thread-1] INFO  impl.RaftServerImpl (ServerState.java:<init>(103)) - 3f2c6e52-b251-4342-81d8-126278b75ced@group-24E0F0C309DD: ConfigurationManager, init=-1: [3f2c6e52-b251-4342-81d8-126278b75ced:192.168.36.84:42619, e8dc17a1-737d-4975-94aa-89e57a40abfc:192.168.36.84:35472, 75085931-92b1-4873-b3f1-0c98c0c26420:192.168.36.84:43228], old=null, confs=<EMPTY_MAP>
2019-09-24 18:43:05,437 [pool-393-thread-1] INFO  impl.RaftServerImpl (ServerState.java:<init>(103)) - 75085931-92b1-4873-b3f1-0c98c0c26420@group-24E0F0C309DD: ConfigurationManager, init=-1: [3f2c6e52-b251-4342-81d8-126278b75ced:192.168.36.84:42619, e8dc17a1-737d-4975-94aa-89e57a40abfc:192.168.36.84:35472, 75085931-92b1-4873-b3f1-0c98c0c26420:192.168.36.84:43228], old=null, confs=<EMPTY_MAP>
2019-09-24 18:43:05,437 [pool-443-thread-1] INFO  server.RaftServerConfigKeys (ConfUtils.java:logGet(43)) - raft.server.storage.dir = [/workdir/hadoop-ozone/integration-test/target/test-dir/MiniOzoneClusterImpl-7a6c8996-2122-423e-a44c-6a38b4a82575/datanode-6/data/ratis] (custom)
2019-09-24 18:43:05,437 [pool-393-thread-1] INFO  server.RaftServerConfigKeys (ConfUtils.java:logGet(43)) - raft.server.storage.dir = [/workdir/hadoop-ozone/integration-test/target/test-dir/MiniOzoneClusterImpl-7a6c8996-2122-423e-a44c-6a38b4a82575/datanode-1/data/ratis] (custom)
2019-09-24 18:43:05,437 [pool-393-thread-1] INFO  storage.RaftStorageDirectory (RaftStorageDirectory.java:analyzeStorage(246)) - The storage directory /workdir/hadoop-ozone/integration-test/target/test-dir/MiniOzoneClusterImpl-7a6c8996-2122-423e-a44c-6a38b4a82575/datanode-1/data/ratis/2712e5c4-8190-409a-8034-24e0f0c309dd does not exist. Creating ...
2019-09-24 18:43:05,437 [pool-443-thread-1] INFO  storage.RaftStorageDirectory (RaftStorageDirectory.java:analyzeStorage(246)) - The storage directory /workdir/hadoop-ozone/integration-test/target/test-dir/MiniOzoneClusterImpl-7a6c8996-2122-423e-a44c-6a38b4a82575/datanode-6/data/ratis/2712e5c4-8190-409a-8034-24e0f0c309dd does not exist. Creating ...
2019-09-24 18:43:05,459 [pool-383-thread-1] INFO  storage.RaftStorageDirectory (RaftStorageDirectory.java:tryLock(328)) - Lock on /workdir/hadoop-ozone/integration-test/target/test-dir/MiniOzoneClusterImpl-7a6c8996-2122-423e-a44c-6a38b4a82575/datanode-0/data/ratis/2712e5c4-8190-409a-8034-24e0f0c309dd/in_use.lock acquired by nodename 32065@pr-hdds-2171-6l6hb-1841322612
2019-09-24 18:43:05,459 [pool-443-thread-1] INFO  storage.RaftStorageDirectory (RaftStorageDirectory.java:tryLock(328)) - Lock on /workdir/hadoop-ozone/integration-test/target/test-dir/MiniOzoneClusterImpl-7a6c8996-2122-423e-a44c-6a38b4a82575/datanode-6/data/ratis/2712e5c4-8190-409a-8034-24e0f0c309dd/in_use.lock acquired by nodename 32065@pr-hdds-2171-6l6hb-1841322612
2019-09-24 18:43:05,459 [pool-393-thread-1] INFO  storage.RaftStorageDirectory (RaftStorageDirectory.java:tryLock(328)) - Lock on /workdir/hadoop-ozone/integration-test/target/test-dir/MiniOzoneClusterImpl-7a6c8996-2122-423e-a44c-6a38b4a82575/datanode-1/data/ratis/2712e5c4-8190-409a-8034-24e0f0c309dd/in_use.lock acquired by nodename 32065@pr-hdds-2171-6l6hb-1841322612
2019-09-24 18:43:05,480 [IPC Server handler 4 on 34002] INFO  net.NetworkTopology (NetworkTopologyImpl.java:add(111)) - Added a new node: /default-rack/970d6631-1a01-43b9-8e86-8960ffd1a97f
2019-09-24 18:43:05,481 [IPC Server handler 4 on 34002] INFO  node.SCMNodeManager (SCMNodeManager.java:register(266)) - Registered Data node : 970d6631-1a01-43b9-8e86-8960ffd1a97f{ip: 192.168.36.84, host: pr-hdds-2171-6l6hb-1841322612, networkLocation: /default-rack, certSerialId: null}
2019-09-24 18:43:05,491 [pool-383-thread-1] INFO  storage.RaftStorage (RaftStorage.java:format(72)) - Storage directory /workdir/hadoop-ozone/integration-test/target/test-dir/MiniOzoneClusterImpl-7a6c8996-2122-423e-a44c-6a38b4a82575/datanode-0/data/ratis/2712e5c4-8190-409a-8034-24e0f0c309dd has been successfully formatted.
2019-09-24 18:43:05,491 [pool-443-thread-1] INFO  storage.RaftStorage (RaftStorage.java:format(72)) - Storage directory /workdir/hadoop-ozone/integration-test/target/test-dir/MiniOzoneClusterImpl-7a6c8996-2122-423e-a44c-6a38b4a82575/datanode-6/data/ratis/2712e5c4-8190-409a-8034-24e0f0c309dd has been successfully formatted.
2019-09-24 18:43:05,491 [pool-383-thread-1] INFO  ratis.ContainerStateMachine (ContainerStateMachine.java:loadSnapshot(230)) - group-24E0F0C309DD: The snapshot info is null. Setting the last applied indexto:(t:0, i:~)
2019-09-24 18:43:05,491 [pool-393-thread-1] INFO  storage.RaftStorage (RaftStorage.java:format(72)) - Storage directory /workdir/hadoop-ozone/integration-test/target/test-dir/MiniOzoneClusterImpl-7a6c8996-2122-423e-a44c-6a38b4a82575/datanode-1/data/ratis/2712e5c4-8190-409a-8034-24e0f0c309dd has been successfully formatted.
2019-09-24 18:43:05,491 [pool-383-thread-1] INFO  server.RaftServerConfigKeys (ConfUtils.java:logGet(43)) - raft.server.notification.no-leader.timeout = 120s (custom)
2019-09-24 18:43:05,491 [pool-443-thread-1] INFO  ratis.ContainerStateMachine (ContainerStateMachine.java:loadSnapshot(230)) - group-24E0F0C309DD: The snapshot info is null. Setting the last applied indexto:(t:0, i:~)
2019-09-24 18:43:05,492 [pool-393-thread-1] INFO  ratis.ContainerStateMachine (ContainerStateMachine.java:loadSnapshot(230)) - group-24E0F0C309DD: The snapshot info is null. Setting the last applied indexto:(t:0, i:~)
2019-09-24 18:43:05,492 [pool-383-thread-1] INFO  server.RaftServerConfigKeys (ConfUtils.java:logGet(43)) - raft.server.log.use.memory = false (default)
2019-09-24 18:43:05,492 [pool-393-thread-1] INFO  server.RaftServerConfigKeys (ConfUtils.java:logGet(43)) - raft.server.notification.no-leader.timeout = 120s (custom)
2019-09-24 18:43:05,492 [pool-443-thread-1] INFO  server.RaftServerConfigKeys (ConfUtils.java:logGet(43)) - raft.server.notification.no-leader.timeout = 120s (custom)
2019-09-24 18:43:05,492 [pool-393-thread-1] INFO  server.RaftServerConfigKeys (ConfUtils.java:logGet(43)) - raft.server.log.use.memory = false (default)
2019-09-24 18:43:05,492 [pool-383-thread-1] INFO  server.RaftServerConfigKeys (ConfUtils.java:logGet(43)) - raft.server.log.purge.gap = 1000000 (custom)
2019-09-24 18:43:05,493 [pool-393-thread-1] INFO  server.RaftServerConfigKeys (ConfUtils.java:logGet(43)) - raft.server.log.purge.gap = 1000000 (custom)
2019-09-24 18:43:05,492 [pool-443-thread-1] INFO  server.RaftServerConfigKeys (ConfUtils.java:logGet(43)) - raft.server.log.use.memory = false (default)
2019-09-24 18:43:05,493 [pool-393-thread-1] INFO  server.RaftServerConfigKeys (ConfUtils.java:logGet(43)) - raft.server.log.appender.buffer.byte-limit = 33554432 (custom)
2019-09-24 18:43:05,493 [pool-383-thread-1] INFO  server.RaftServerConfigKeys (ConfUtils.java:logGet(43)) - raft.server.log.appender.buffer.byte-limit = 33554432 (custom)
2019-09-24 18:43:05,493 [pool-393-thread-1] INFO  server.RaftServerConfigKeys (ConfUtils.java:logGet(43)) - raft.server.log.segment.size.max = 1048576 (custom)
2019-09-24 18:43:05,493 [pool-443-thread-1] INFO  server.RaftServerConfigKeys (ConfUtils.java:logGet(43)) - raft.server.log.purge.gap = 1000000 (custom)
2019-09-24 18:43:05,493 [pool-393-thread-1] INFO  server.RaftServerConfigKeys (ConfUtils.java:logGet(43)) - raft.server.log.segment.cache.num.max = 2 (custom)
2019-09-24 18:43:05,493 [pool-383-thread-1] INFO  server.RaftServerConfigKeys (ConfUtils.java:logGet(43)) - raft.server.log.segment.size.max = 1048576 (custom)
2019-09-24 18:43:05,494 [pool-393-thread-1] INFO  segmented.SegmentedRaftLogWorker (SegmentedRaftLogWorker.java:<init>(172)) - new 75085931-92b1-4873-b3f1-0c98c0c26420@group-24E0F0C309DD-SegmentedRaftLogWorker for RaftStorage:Storage Directory /workdir/hadoop-ozone/integration-test/target/test-dir/MiniOzoneClusterImpl-7a6c8996-2122-423e-a44c-6a38b4a82575/datanode-1/data/ratis/2712e5c4-8190-409a-8034-24e0f0c309dd
2019-09-24 18:43:05,494 [pool-443-thread-1] INFO  server.RaftServerConfigKeys (ConfUtils.java:logGet(43)) - raft.server.log.appender.buffer.byte-limit = 33554432 (custom)
2019-09-24 18:43:05,494 [pool-393-thread-1] INFO  server.RaftServerConfigKeys (ConfUtils.java:logGet(43)) - raft.server.log.queue.byte-limit = 2147483647 (custom)
2019-09-24 18:43:05,494 [pool-383-thread-1] INFO  server.RaftServerConfigKeys (ConfUtils.java:logGet(43)) - raft.server.log.segment.cache.num.max = 2 (custom)
2019-09-24 18:43:05,494 [pool-393-thread-1] INFO  server.RaftServerConfigKeys (ConfUtils.java:logGet(43)) - raft.server.log.queue.element-limit = 1024 (custom)
2019-09-24 18:43:05,494 [pool-443-thread-1] INFO  server.RaftServerConfigKeys (ConfUtils.java:logGet(43)) - raft.server.log.segment.size.max = 1048576 (custom)
2019-09-24 18:43:05,495 [pool-393-thread-1] INFO  server.RaftServerConfigKeys (ConfUtils.java:logGet(43)) - raft.server.log.segment.size.max = 1048576 (custom)
2019-09-24 18:43:05,495 [pool-393-thread-1] INFO  server.RaftServerConfigKeys (ConfUtils.java:logGet(43)) - raft.server.log.preallocated.size = 16384 (custom)
2019-09-24 18:43:05,494 [pool-383-thread-1] INFO  segmented.SegmentedRaftLogWorker (SegmentedRaftLogWorker.java:<init>(172)) - new e8dc17a1-737d-4975-94aa-89e57a40abfc@group-24E0F0C309DD-SegmentedRaftLogWorker for RaftStorage:Storage Directory /workdir/hadoop-ozone/integration-test/target/test-dir/MiniOzoneClusterImpl-7a6c8996-2122-423e-a44c-6a38b4a82575/datanode-0/data/ratis/2712e5c4-8190-409a-8034-24e0f0c309dd
2019-09-24 18:43:05,495 [pool-393-thread-1] INFO  server.RaftServerConfigKeys (ConfUtils.java:logGet(43)) - raft.server.log.write.buffer.size = 33554432 (custom)
2019-09-24 18:43:05,495 [pool-393-thread-1] INFO  server.RaftServerConfigKeys (ConfUtils.java:logGet(43)) - raft.server.log.force.sync.num = 128 (default)
2019-09-24 18:43:05,495 [pool-443-thread-1] INFO  server.RaftServerConfigKeys (ConfUtils.java:logGet(43)) - raft.server.log.segment.cache.num.max = 2 (custom)
2019-09-24 18:43:05,495 [pool-393-thread-1] INFO  server.RaftServerConfigKeys (ConfUtils.java:logGet(43)) - raft.server.log.statemachine.data.sync = true (default)
2019-09-24 18:43:05,495 [pool-383-thread-1] INFO  server.RaftServerConfigKeys (ConfUtils.java:logGet(43)) - raft.server.log.queue.byte-limit = 2147483647 (custom)
2019-09-24 18:43:05,496 [pool-383-thread-1] INFO  server.RaftServerConfigKeys (ConfUtils.java:logGet(43)) - raft.server.log.queue.element-limit = 1024 (custom)
2019-09-24 18:43:05,496 [pool-393-thread-1] INFO  server.RaftServerConfigKeys (ConfUtils.java:logGet(43)) - raft.server.log.statemachine.data.sync.timeout = 10s (default)
2019-09-24 18:43:05,496 [pool-443-thread-1] INFO  segmented.SegmentedRaftLogWorker (SegmentedRaftLogWorker.java:<init>(172)) - new 3f2c6e52-b251-4342-81d8-126278b75ced@group-24E0F0C309DD-SegmentedRaftLogWorker for RaftStorage:Storage Directory /workdir/hadoop-ozone/integration-test/target/test-dir/MiniOzoneClusterImpl-7a6c8996-2122-423e-a44c-6a38b4a82575/datanode-6/data/ratis/2712e5c4-8190-409a-8034-24e0f0c309dd
2019-09-24 18:43:05,496 [pool-393-thread-1] INFO  server.RaftServerConfigKeys (ConfUtils.java:logGet(43)) - raft.server.log.statemachine.data.sync.timeout.retry = -1 (default)
2019-09-24 18:43:05,496 [pool-383-thread-1] INFO  server.RaftServerConfigKeys (ConfUtils.java:logGet(43)) - raft.server.log.segment.size.max = 1048576 (custom)
2019-09-24 18:43:05,496 [pool-393-thread-1] INFO  server.RaftServerConfigKeys (ConfUtils.java:logGet(43)) - raft.server.log.statemachine.data.caching.enabled = true (custom)
2019-09-24 18:43:05,496 [pool-443-thread-1] INFO  server.RaftServerConfigKeys (ConfUtils.java:logGet(43)) - raft.server.log.queue.byte-limit = 2147483647 (custom)
2019-09-24 18:43:05,496 [pool-383-thread-1] INFO  server.RaftServerConfigKeys (ConfUtils.java:logGet(43)) - raft.server.log.preallocated.size = 16384 (custom)
2019-09-24 18:43:05,497 [pool-393-thread-1] INFO  segmented.SegmentedRaftLogWorker (SegmentedRaftLogWorker.java:lambda$new$0(132)) - 75085931-92b1-4873-b3f1-0c98c0c26420@group-24E0F0C309DD-SegmentedRaftLogWorker: flushIndex: setUnconditionally 0 -> -1
2019-09-24 18:43:05,497 [pool-443-thread-1] INFO  server.RaftServerConfigKeys (ConfUtils.java:logGet(43)) - raft.server.log.queue.element-limit = 1024 (custom)
2019-09-24 18:43:05,497 [pool-383-thread-1] INFO  server.RaftServerConfigKeys (ConfUtils.java:logGet(43)) - raft.server.log.write.buffer.size = 33554432 (custom)
2019-09-24 18:43:05,497 [pool-393-thread-1] INFO  server.RaftServerConfigKeys (ConfUtils.java:logGet(43)) - raft.server.snapshot.auto.trigger.enabled = true (custom)
2019-09-24 18:43:05,497 [pool-443-thread-1] INFO  server.RaftServerConfigKeys (ConfUtils.java:logGet(43)) - raft.server.log.segment.size.max = 1048576 (custom)
2019-09-24 18:43:05,497 [pool-393-thread-1] INFO  server.RaftServerConfigKeys (ConfUtils.java:logGet(43)) - raft.server.snapshot.auto.trigger.threshold = 10000 (custom)
2019-09-24 18:43:05,497 [pool-383-thread-1] INFO  server.RaftServerConfigKeys (ConfUtils.java:logGet(43)) - raft.server.log.force.sync.num = 128 (default)
2019-09-24 18:43:05,498 [pool-393-thread-1] INFO  server.RaftServerConfigKeys (ConfUtils.java:logGet(43)) - raft.server.snapshot.retention.num.files = 5 (custom)
2019-09-24 18:43:05,498 [pool-443-thread-1] INFO  server.RaftServerConfigKeys (ConfUtils.java:logGet(43)) - raft.server.log.preallocated.size = 16384 (custom)
2019-09-24 18:43:05,498 [pool-393-thread-1] INFO  server.RaftServerConfigKeys (ConfUtils.java:logGet(43)) - raft.server.retrycache.expirytime = 600000ms (custom)
2019-09-24 18:43:05,498 [pool-383-thread-1] INFO  server.RaftServerConfigKeys (ConfUtils.java:logGet(43)) - raft.server.log.statemachine.data.sync = true (default)
2019-09-24 18:43:05,498 [pool-443-thread-1] INFO  server.RaftServerConfigKeys (ConfUtils.java:logGet(43)) - raft.server.log.write.buffer.size = 33554432 (custom)
2019-09-24 18:43:05,498 [pool-383-thread-1] INFO  server.RaftServerConfigKeys (ConfUtils.java:logGet(43)) - raft.server.log.statemachine.data.sync.timeout = 10s (default)
2019-09-24 18:43:05,498 [pool-443-thread-1] INFO  server.RaftServerConfigKeys (ConfUtils.java:logGet(43)) - raft.server.log.force.sync.num = 128 (default)
2019-09-24 18:43:05,498 [pool-383-thread-1] INFO  server.RaftServerConfigKeys (ConfUtils.java:logGet(43)) - raft.server.log.statemachine.data.sync.timeout.retry = -1 (default)
2019-09-24 18:43:05,499 [pool-443-thread-1] INFO  server.RaftServerConfigKeys (ConfUtils.java:logGet(43)) - raft.server.log.statemachine.data.sync = true (default)
2019-09-24 18:43:05,499 [pool-383-thread-1] INFO  server.RaftServerConfigKeys (ConfUtils.java:logGet(43)) - raft.server.log.statemachine.data.caching.enabled = true (custom)
2019-09-24 18:43:05,499 [pool-443-thread-1] INFO  server.RaftServerConfigKeys (ConfUtils.java:logGet(43)) - raft.server.log.statemachine.data.sync.timeout = 10s (default)
2019-09-24 18:43:05,499 [pool-383-thread-1] INFO  segmented.SegmentedRaftLogWorker (SegmentedRaftLogWorker.java:lambda$new$0(132)) - e8dc17a1-737d-4975-94aa-89e57a40abfc@group-24E0F0C309DD-SegmentedRaftLogWorker: flushIndex: setUnconditionally 0 -> -1
2019-09-24 18:43:05,499 [pool-443-thread-1] INFO  server.RaftServerConfigKeys (ConfUtils.java:logGet(43)) - raft.server.log.statemachine.data.sync.timeout.retry = -1 (default)
2019-09-24 18:43:05,499 [pool-383-thread-1] INFO  server.RaftServerConfigKeys (ConfUtils.java:logGet(43)) - raft.server.snapshot.auto.trigger.enabled = true (custom)
2019-09-24 18:43:05,499 [pool-393-thread-1] INFO  impl.RaftServerImpl (RaftServerImpl.java:start(185)) - 75085931-92b1-4873-b3f1-0c98c0c26420@group-24E0F0C309DD: start as a follower, conf=-1: [3f2c6e52-b251-4342-81d8-126278b75ced:192.168.36.84:42619, e8dc17a1-737d-4975-94aa-89e57a40abfc:192.168.36.84:35472, 75085931-92b1-4873-b3f1-0c98c0c26420:192.168.36.84:43228], old=null
2019-09-24 18:43:05,499 [pool-443-thread-1] INFO  server.RaftServerConfigKeys (ConfUtils.java:logGet(43)) - raft.server.log.statemachine.data.caching.enabled = true (custom)
2019-09-24 18:43:05,500 [pool-393-thread-1] INFO  impl.RaftServerImpl (RaftServerImpl.java:setRole(174)) - 75085931-92b1-4873-b3f1-0c98c0c26420@group-24E0F0C309DD: changes role from      null to FOLLOWER at term 0 for startAsFollower
2019-09-24 18:43:05,499 [pool-383-thread-1] INFO  server.RaftServerConfigKeys (ConfUtils.java:logGet(43)) - raft.server.snapshot.auto.trigger.threshold = 10000 (custom)
2019-09-24 18:43:05,500 [pool-393-thread-1] INFO  impl.RoleInfo (RoleInfo.java:updateAndGet(143)) - 75085931-92b1-4873-b3f1-0c98c0c26420: start FollowerState
2019-09-24 18:43:05,500 [pool-443-thread-1] INFO  segmented.SegmentedRaftLogWorker (SegmentedRaftLogWorker.java:lambda$new$0(132)) - 3f2c6e52-b251-4342-81d8-126278b75ced@group-24E0F0C309DD-SegmentedRaftLogWorker: flushIndex: setUnconditionally 0 -> -1
2019-09-24 18:43:05,500 [pool-383-thread-1] INFO  server.RaftServerConfigKeys (ConfUtils.java:logGet(43)) - raft.server.snapshot.retention.num.files = 5 (custom)
2019-09-24 18:43:05,500 [pool-393-thread-1] INFO  util.JmxRegister (JmxRegister.java:tryRegister(44)) - Successfully registered JMX Bean with object name Ratis:service=RaftServer,group=group-24E0F0C309DD,id=75085931-92b1-4873-b3f1-0c98c0c26420
2019-09-24 18:43:05,500 [pool-383-thread-1] INFO  server.RaftServerConfigKeys (ConfUtils.java:logGet(43)) - raft.server.retrycache.expirytime = 600000ms (custom)
2019-09-24 18:43:05,500 [pool-443-thread-1] INFO  server.RaftServerConfigKeys (ConfUtils.java:logGet(43)) - raft.server.snapshot.auto.trigger.enabled = true (custom)
2019-09-24 18:43:05,501 [pool-443-thread-1] INFO  server.RaftServerConfigKeys (ConfUtils.java:logGet(43)) - raft.server.snapshot.auto.trigger.threshold = 10000 (custom)
2019-09-24 18:43:05,501 [pool-443-thread-1] INFO  server.RaftServerConfigKeys (ConfUtils.java:logGet(43)) - raft.server.snapshot.retention.num.files = 5 (custom)
2019-09-24 18:43:05,501 [pool-443-thread-1] INFO  server.RaftServerConfigKeys (ConfUtils.java:logGet(43)) - raft.server.retrycache.expirytime = 600000ms (custom)
2019-09-24 18:43:05,502 [pool-383-thread-1] INFO  impl.RaftServerImpl (RaftServerImpl.java:start(185)) - e8dc17a1-737d-4975-94aa-89e57a40abfc@group-24E0F0C309DD: start as a follower, conf=-1: [3f2c6e52-b251-4342-81d8-126278b75ced:192.168.36.84:42619, e8dc17a1-737d-4975-94aa-89e57a40abfc:192.168.36.84:35472, 75085931-92b1-4873-b3f1-0c98c0c26420:192.168.36.84:43228], old=null
2019-09-24 18:43:05,502 [pool-383-thread-1] INFO  impl.RaftServerImpl (RaftServerImpl.java:setRole(174)) - e8dc17a1-737d-4975-94aa-89e57a40abfc@group-24E0F0C309DD: changes role from      null to FOLLOWER at term 0 for startAsFollower
2019-09-24 18:43:05,502 [pool-383-thread-1] INFO  impl.RoleInfo (RoleInfo.java:updateAndGet(143)) - e8dc17a1-737d-4975-94aa-89e57a40abfc: start FollowerState
2019-09-24 18:43:05,502 [pool-383-thread-1] INFO  util.JmxRegister (JmxRegister.java:tryRegister(44)) - Successfully registered JMX Bean with object name Ratis:service=RaftServer,group=group-24E0F0C309DD,id=e8dc17a1-737d-4975-94aa-89e57a40abfc
2019-09-24 18:43:05,503 [pool-443-thread-1] INFO  impl.RaftServerImpl (RaftServerImpl.java:start(185)) - 3f2c6e52-b251-4342-81d8-126278b75ced@group-24E0F0C309DD: start as a follower, conf=-1: [3f2c6e52-b251-4342-81d8-126278b75ced:192.168.36.84:42619, e8dc17a1-737d-4975-94aa-89e57a40abfc:192.168.36.84:35472, 75085931-92b1-4873-b3f1-0c98c0c26420:192.168.36.84:43228], old=null
2019-09-24 18:43:05,503 [pool-443-thread-1] INFO  impl.RaftServerImpl (RaftServerImpl.java:setRole(174)) - 3f2c6e52-b251-4342-81d8-126278b75ced@group-24E0F0C309DD: changes role from      null to FOLLOWER at term 0 for startAsFollower
2019-09-24 18:43:05,504 [pool-443-thread-1] INFO  impl.RoleInfo (RoleInfo.java:updateAndGet(143)) - 3f2c6e52-b251-4342-81d8-126278b75ced: start FollowerState
2019-09-24 18:43:05,504 [pool-443-thread-1] INFO  util.JmxRegister (JmxRegister.java:tryRegister(44)) - Successfully registered JMX Bean with object name Ratis:service=RaftServer,group=group-24E0F0C309DD,id=3f2c6e52-b251-4342-81d8-126278b75ced
2019-09-24 18:43:05,506 [RatisPipelineUtilsThread] INFO  pipeline.PipelineStateManager (PipelineStateManager.java:addPipeline(56)) - Created pipeline Pipeline[ Id: 2712e5c4-8190-409a-8034-24e0f0c309dd, Nodes: 75085931-92b1-4873-b3f1-0c98c0c26420{ip: 192.168.36.84, host: pr-hdds-2171-6l6hb-1841322612, networkLocation: /default-rack, certSerialId: null}e8dc17a1-737d-4975-94aa-89e57a40abfc{ip: 192.168.36.84, host: pr-hdds-2171-6l6hb-1841322612, networkLocation: /default-rack, certSerialId: null}3f2c6e52-b251-4342-81d8-126278b75ced{ip: 192.168.36.84, host: pr-hdds-2171-6l6hb-1841322612, networkLocation: /default-rack, certSerialId: null}, Type:RATIS, Factor:THREE, State:OPEN]
2019-09-24 18:43:05,569 [IPC Server handler 0 on 34002] INFO  net.NetworkTopology (NetworkTopologyImpl.java:add(111)) - Added a new node: /default-rack/57ca6293-e2b9-4a4c-b2bc-c24aff6045c4
2019-09-24 18:43:05,570 [IPC Server handler 0 on 34002] INFO  node.SCMNodeManager (SCMNodeManager.java:register(266)) - Registered Data node : 57ca6293-e2b9-4a4c-b2bc-c24aff6045c4{ip: 192.168.36.84, host: pr-hdds-2171-6l6hb-1841322612, networkLocation: /default-rack, certSerialId: null}
2019-09-24 18:43:05,579 [grpc-default-executor-18] INFO  impl.RaftServerProxy (RaftServerProxy.java:addNew(89)) - 970d6631-1a01-43b9-8e86-8960ffd1a97f: addNew group-4D9AFCCB320F:[970d6631-1a01-43b9-8e86-8960ffd1a97f:192.168.36.84:42841] returns group-4D9AFCCB320F:java.util.concurrent.CompletableFuture@1c6d056c[Not completed]
2019-09-24 18:43:05,586 [pool-403-thread-1] INFO  impl.RaftServerImpl (RaftServerImpl.java:<init>(95)) - 970d6631-1a01-43b9-8e86-8960ffd1a97f: new RaftServerImpl for group-4D9AFCCB320F:[970d6631-1a01-43b9-8e86-8960ffd1a97f:192.168.36.84:42841] with ContainerStateMachine:uninitialized
2019-09-24 18:43:05,586 [pool-403-thread-1] INFO  server.RaftServerConfigKeys (ConfUtils.java:logGet(43)) - raft.server.rpc.timeout.min = 5s (custom)
2019-09-24 18:43:05,586 [pool-403-thread-1] INFO  server.RaftServerConfigKeys (ConfUtils.java:logGet(43)) - raft.server.rpc.timeout.max = 5200ms (custom)
2019-09-24 18:43:05,586 [pool-403-thread-1] INFO  server.RaftServerConfigKeys (ConfUtils.java:logGet(43)) - raft.server.rpcslowness.timeout = 120s (custom)
2019-09-24 18:43:05,587 [pool-403-thread-1] INFO  server.RaftServerConfigKeys (ConfUtils.java:logGet(43)) - raft.server.sleep.deviation.threshold = 300 (default)
2019-09-24 18:43:05,587 [pool-403-thread-1] INFO  server.RaftServerConfigKeys (ConfUtils.java:logGet(43)) - raft.server.log.appender.install.snapshot.enabled = false (custom)
2019-09-24 18:43:05,587 [pool-403-thread-1] INFO  impl.RaftServerImpl (ServerState.java:<init>(103)) - 970d6631-1a01-43b9-8e86-8960ffd1a97f@group-4D9AFCCB320F: ConfigurationManager, init=-1: [970d6631-1a01-43b9-8e86-8960ffd1a97f:192.168.36.84:42841], old=null, confs=<EMPTY_MAP>
2019-09-24 18:43:05,587 [pool-403-thread-1] INFO  server.RaftServerConfigKeys (ConfUtils.java:logGet(43)) - raft.server.storage.dir = [/workdir/hadoop-ozone/integration-test/target/test-dir/MiniOzoneClusterImpl-7a6c8996-2122-423e-a44c-6a38b4a82575/datanode-2/data/ratis] (custom)
2019-09-24 18:43:05,588 [pool-403-thread-1] INFO  storage.RaftStorageDirectory (RaftStorageDirectory.java:analyzeStorage(246)) - The storage directory /workdir/hadoop-ozone/integration-test/target/test-dir/MiniOzoneClusterImpl-7a6c8996-2122-423e-a44c-6a38b4a82575/datanode-2/data/ratis/9192e533-16ee-4180-b37e-4d9afccb320f does not exist. Creating ...
2019-09-24 18:43:05,615 [pool-403-thread-1] INFO  storage.RaftStorageDirectory (RaftStorageDirectory.java:tryLock(328)) - Lock on /workdir/hadoop-ozone/integration-test/target/test-dir/MiniOzoneClusterImpl-7a6c8996-2122-423e-a44c-6a38b4a82575/datanode-2/data/ratis/9192e533-16ee-4180-b37e-4d9afccb320f/in_use.lock acquired by nodename 32065@pr-hdds-2171-6l6hb-1841322612
2019-09-24 18:43:05,628 [pool-403-thread-1] INFO  storage.RaftStorage (RaftStorage.java:format(72)) - Storage directory /workdir/hadoop-ozone/integration-test/target/test-dir/MiniOzoneClusterImpl-7a6c8996-2122-423e-a44c-6a38b4a82575/datanode-2/data/ratis/9192e533-16ee-4180-b37e-4d9afccb320f has been successfully formatted.
2019-09-24 18:43:05,629 [pool-403-thread-1] INFO  ratis.ContainerStateMachine (ContainerStateMachine.java:loadSnapshot(230)) - group-4D9AFCCB320F: The snapshot info is null. Setting the last applied indexto:(t:0, i:~)
2019-09-24 18:43:05,629 [pool-403-thread-1] INFO  server.RaftServerConfigKeys (ConfUtils.java:logGet(43)) - raft.server.notification.no-leader.timeout = 120s (custom)
2019-09-24 18:43:05,629 [pool-403-thread-1] INFO  server.RaftServerConfigKeys (ConfUtils.java:logGet(43)) - raft.server.log.use.memory = false (default)
2019-09-24 18:43:05,629 [pool-403-thread-1] INFO  server.RaftServerConfigKeys (ConfUtils.java:logGet(43)) - raft.server.log.purge.gap = 1000000 (custom)
2019-09-24 18:43:05,629 [pool-403-thread-1] INFO  server.RaftServerConfigKeys (ConfUtils.java:logGet(43)) - raft.server.log.appender.buffer.byte-limit = 33554432 (custom)
2019-09-24 18:43:05,630 [pool-403-thread-1] INFO  server.RaftServerConfigKeys (ConfUtils.java:logGet(43)) - raft.server.log.segment.size.max = 1048576 (custom)
2019-09-24 18:43:05,630 [pool-403-thread-1] INFO  server.RaftServerConfigKeys (ConfUtils.java:logGet(43)) - raft.server.log.segment.cache.num.max = 2 (custom)
2019-09-24 18:43:05,630 [pool-403-thread-1] INFO  segmented.SegmentedRaftLogWorker (SegmentedRaftLogWorker.java:<init>(172)) - new 970d6631-1a01-43b9-8e86-8960ffd1a97f@group-4D9AFCCB320F-SegmentedRaftLogWorker for RaftStorage:Storage Directory /workdir/hadoop-ozone/integration-test/target/test-dir/MiniOzoneClusterImpl-7a6c8996-2122-423e-a44c-6a38b4a82575/datanode-2/data/ratis/9192e533-16ee-4180-b37e-4d9afccb320f
2019-09-24 18:43:05,632 [pool-403-thread-1] INFO  server.RaftServerConfigKeys (ConfUtils.java:logGet(43)) - raft.server.log.queue.byte-limit = 2147483647 (custom)
2019-09-24 18:43:05,632 [pool-403-thread-1] INFO  server.RaftServerConfigKeys (ConfUtils.java:logGet(43)) - raft.server.log.queue.element-limit = 1024 (custom)
2019-09-24 18:43:05,632 [pool-403-thread-1] INFO  server.RaftServerConfigKeys (ConfUtils.java:logGet(43)) - raft.server.log.segment.size.max = 1048576 (custom)
2019-09-24 18:43:05,632 [pool-403-thread-1] INFO  server.RaftServerConfigKeys (ConfUtils.java:logGet(43)) - raft.server.log.preallocated.size = 16384 (custom)
2019-09-24 18:43:05,633 [pool-403-thread-1] INFO  server.RaftServerConfigKeys (ConfUtils.java:logGet(43)) - raft.server.log.write.buffer.size = 33554432 (custom)
2019-09-24 18:43:05,633 [pool-403-thread-1] INFO  server.RaftServerConfigKeys (ConfUtils.java:logGet(43)) - raft.server.log.force.sync.num = 128 (default)
2019-09-24 18:43:05,633 [pool-403-thread-1] INFO  server.RaftServerConfigKeys (ConfUtils.java:logGet(43)) - raft.server.log.statemachine.data.sync = true (default)
2019-09-24 18:43:05,633 [pool-403-thread-1] INFO  server.RaftServerConfigKeys (ConfUtils.java:logGet(43)) - raft.server.log.statemachine.data.sync.timeout = 10s (default)
2019-09-24 18:43:05,633 [pool-403-thread-1] INFO  server.RaftServerConfigKeys (ConfUtils.java:logGet(43)) - raft.server.log.statemachine.data.sync.timeout.retry = -1 (default)
2019-09-24 18:43:05,634 [pool-403-thread-1] INFO  server.RaftServerConfigKeys (ConfUtils.java:logGet(43)) - raft.server.log.statemachine.data.caching.enabled = true (custom)
2019-09-24 18:43:05,634 [pool-403-thread-1] INFO  segmented.SegmentedRaftLogWorker (SegmentedRaftLogWorker.java:lambda$new$0(132)) - 970d6631-1a01-43b9-8e86-8960ffd1a97f@group-4D9AFCCB320F-SegmentedRaftLogWorker: flushIndex: setUnconditionally 0 -> -1
2019-09-24 18:43:05,634 [pool-403-thread-1] INFO  server.RaftServerConfigKeys (ConfUtils.java:logGet(43)) - raft.server.snapshot.auto.trigger.enabled = true (custom)
2019-09-24 18:43:05,635 [pool-403-thread-1] INFO  server.RaftServerConfigKeys (ConfUtils.java:logGet(43)) - raft.server.snapshot.auto.trigger.threshold = 10000 (custom)
2019-09-24 18:43:05,635 [pool-403-thread-1] INFO  server.RaftServerConfigKeys (ConfUtils.java:logGet(43)) - raft.server.snapshot.retention.num.files = 5 (custom)
2019-09-24 18:43:05,635 [pool-403-thread-1] INFO  server.RaftServerConfigKeys (ConfUtils.java:logGet(43)) - raft.server.retrycache.expirytime = 600000ms (custom)
2019-09-24 18:43:05,637 [pool-403-thread-1] INFO  impl.RaftServerImpl (RaftServerImpl.java:start(185)) - 970d6631-1a01-43b9-8e86-8960ffd1a97f@group-4D9AFCCB320F: start as a follower, conf=-1: [970d6631-1a01-43b9-8e86-8960ffd1a97f:192.168.36.84:42841], old=null
2019-09-24 18:43:05,637 [pool-403-thread-1] INFO  impl.RaftServerImpl (RaftServerImpl.java:setRole(174)) - 970d6631-1a01-43b9-8e86-8960ffd1a97f@group-4D9AFCCB320F: changes role from      null to FOLLOWER at term 0 for startAsFollower
2019-09-24 18:43:05,637 [pool-403-thread-1] INFO  impl.RoleInfo (RoleInfo.java:updateAndGet(143)) - 970d6631-1a01-43b9-8e86-8960ffd1a97f: start FollowerState
2019-09-24 18:43:05,637 [pool-403-thread-1] INFO  util.JmxRegister (JmxRegister.java:tryRegister(44)) - Successfully registered JMX Bean with object name Ratis:service=RaftServer,group=group-4D9AFCCB320F,id=970d6631-1a01-43b9-8e86-8960ffd1a97f
2019-09-24 18:43:05,640 [RatisPipelineUtilsThread] INFO  pipeline.PipelineStateManager (PipelineStateManager.java:addPipeline(56)) - Created pipeline Pipeline[ Id: 9192e533-16ee-4180-b37e-4d9afccb320f, Nodes: 970d6631-1a01-43b9-8e86-8960ffd1a97f{ip: 192.168.36.84, host: pr-hdds-2171-6l6hb-1841322612, networkLocation: /default-rack, certSerialId: null}, Type:RATIS, Factor:ONE, State:OPEN]
2019-09-24 18:43:05,644 [grpc-default-executor-18] INFO  impl.RaftServerProxy (RaftServerProxy.java:addNew(89)) - 57ca6293-e2b9-4a4c-b2bc-c24aff6045c4: addNew group-003F8C097EE2:[57ca6293-e2b9-4a4c-b2bc-c24aff6045c4:192.168.36.84:38223] returns group-003F8C097EE2:java.util.concurrent.CompletableFuture@29cf6391[Not completed]
2019-09-24 18:43:05,645 [pool-413-thread-1] INFO  impl.RaftServerImpl (RaftServerImpl.java:<init>(95)) - 57ca6293-e2b9-4a4c-b2bc-c24aff6045c4: new RaftServerImpl for group-003F8C097EE2:[57ca6293-e2b9-4a4c-b2bc-c24aff6045c4:192.168.36.84:38223] with ContainerStateMachine:uninitialized
2019-09-24 18:43:05,645 [pool-413-thread-1] INFO  server.RaftServerConfigKeys (ConfUtils.java:logGet(43)) - raft.server.rpc.timeout.min = 5s (custom)
2019-09-24 18:43:05,646 [pool-413-thread-1] INFO  server.RaftServerConfigKeys (ConfUtils.java:logGet(43)) - raft.server.rpc.timeout.max = 5200ms (custom)
2019-09-24 18:43:05,646 [pool-413-thread-1] INFO  server.RaftServerConfigKeys (ConfUtils.java:logGet(43)) - raft.server.rpcslowness.timeout = 120s (custom)
2019-09-24 18:43:05,646 [pool-413-thread-1] INFO  server.RaftServerConfigKeys (ConfUtils.java:logGet(43)) - raft.server.sleep.deviation.threshold = 300 (default)
2019-09-24 18:43:05,646 [pool-413-thread-1] INFO  server.RaftServerConfigKeys (ConfUtils.java:logGet(43)) - raft.server.log.appender.install.snapshot.enabled = false (custom)
2019-09-24 18:43:05,646 [pool-413-thread-1] INFO  impl.RaftServerImpl (ServerState.java:<init>(103)) - 57ca6293-e2b9-4a4c-b2bc-c24aff6045c4@group-003F8C097EE2: ConfigurationManager, init=-1: [57ca6293-e2b9-4a4c-b2bc-c24aff6045c4:192.168.36.84:38223], old=null, confs=<EMPTY_MAP>
2019-09-24 18:43:05,646 [pool-413-thread-1] INFO  server.RaftServerConfigKeys (ConfUtils.java:logGet(43)) - raft.server.storage.dir = [/workdir/hadoop-ozone/integration-test/target/test-dir/MiniOzoneClusterImpl-7a6c8996-2122-423e-a44c-6a38b4a82575/datanode-3/data/ratis] (custom)
2019-09-24 18:43:05,647 [pool-413-thread-1] INFO  storage.RaftStorageDirectory (RaftStorageDirectory.java:analyzeStorage(246)) - The storage directory /workdir/hadoop-ozone/integration-test/target/test-dir/MiniOzoneClusterImpl-7a6c8996-2122-423e-a44c-6a38b4a82575/datanode-3/data/ratis/e5dc6fed-41f7-4dd9-a16a-003f8c097ee2 does not exist. Creating ...
2019-09-24 18:43:05,659 [pool-413-thread-1] INFO  storage.RaftStorageDirectory (RaftStorageDirectory.java:tryLock(328)) - Lock on /workdir/hadoop-ozone/integration-test/target/test-dir/MiniOzoneClusterImpl-7a6c8996-2122-423e-a44c-6a38b4a82575/datanode-3/data/ratis/e5dc6fed-41f7-4dd9-a16a-003f8c097ee2/in_use.lock acquired by nodename 32065@pr-hdds-2171-6l6hb-1841322612
2019-09-24 18:43:05,672 [pool-413-thread-1] INFO  storage.RaftStorage (RaftStorage.java:format(72)) - Storage directory /workdir/hadoop-ozone/integration-test/target/test-dir/MiniOzoneClusterImpl-7a6c8996-2122-423e-a44c-6a38b4a82575/datanode-3/data/ratis/e5dc6fed-41f7-4dd9-a16a-003f8c097ee2 has been successfully formatted.
2019-09-24 18:43:05,673 [pool-413-thread-1] INFO  ratis.ContainerStateMachine (ContainerStateMachine.java:loadSnapshot(230)) - group-003F8C097EE2: The snapshot info is null. Setting the last applied indexto:(t:0, i:~)
2019-09-24 18:43:05,673 [pool-413-thread-1] INFO  server.RaftServerConfigKeys (ConfUtils.java:logGet(43)) - raft.server.notification.no-leader.timeout = 120s (custom)
2019-09-24 18:43:05,673 [pool-413-thread-1] INFO  server.RaftServerConfigKeys (ConfUtils.java:logGet(43)) - raft.server.log.use.memory = false (default)
2019-09-24 18:43:05,680 [pool-413-thread-1] INFO  server.RaftServerConfigKeys (ConfUtils.java:logGet(43)) - raft.server.log.purge.gap = 1000000 (custom)
2019-09-24 18:43:05,680 [pool-413-thread-1] INFO  server.RaftServerConfigKeys (ConfUtils.java:logGet(43)) - raft.server.log.appender.buffer.byte-limit = 33554432 (custom)
2019-09-24 18:43:05,680 [pool-413-thread-1] INFO  server.RaftServerConfigKeys (ConfUtils.java:logGet(43)) - raft.server.log.segment.size.max = 1048576 (custom)
2019-09-24 18:43:05,680 [pool-413-thread-1] INFO  server.RaftServerConfigKeys (ConfUtils.java:logGet(43)) - raft.server.log.segment.cache.num.max = 2 (custom)
2019-09-24 18:43:05,680 [IPC Server handler 7 on 34002] INFO  net.NetworkTopology (NetworkTopologyImpl.java:add(111)) - Added a new node: /default-rack/e7b9a2a3-58c7-459e-8ba9-4705c268421c
2019-09-24 18:43:05,680 [pool-413-thread-1] INFO  segmented.SegmentedRaftLogWorker (SegmentedRaftLogWorker.java:<init>(172)) - new 57ca6293-e2b9-4a4c-b2bc-c24aff6045c4@group-003F8C097EE2-SegmentedRaftLogWorker for RaftStorage:Storage Directory /workdir/hadoop-ozone/integration-test/target/test-dir/MiniOzoneClusterImpl-7a6c8996-2122-423e-a44c-6a38b4a82575/datanode-3/data/ratis/e5dc6fed-41f7-4dd9-a16a-003f8c097ee2
2019-09-24 18:43:05,681 [IPC Server handler 7 on 34002] INFO  node.SCMNodeManager (SCMNodeManager.java:register(266)) - Registered Data node : e7b9a2a3-58c7-459e-8ba9-4705c268421c{ip: 192.168.36.84, host: pr-hdds-2171-6l6hb-1841322612, networkLocation: /default-rack, certSerialId: null}
2019-09-24 18:43:05,682 [pool-413-thread-1] INFO  server.RaftServerConfigKeys (ConfUtils.java:logGet(43)) - raft.server.log.queue.byte-limit = 2147483647 (custom)
2019-09-24 18:43:05,683 [pool-413-thread-1] INFO  server.RaftServerConfigKeys (ConfUtils.java:logGet(43)) - raft.server.log.queue.element-limit = 1024 (custom)
2019-09-24 18:43:05,683 [pool-413-thread-1] INFO  server.RaftServerConfigKeys (ConfUtils.java:logGet(43)) - raft.server.log.segment.size.max = 1048576 (custom)
2019-09-24 18:43:05,683 [pool-413-thread-1] INFO  server.RaftServerConfigKeys (ConfUtils.java:logGet(43)) - raft.server.log.preallocated.size = 16384 (custom)
2019-09-24 18:43:05,683 [pool-413-thread-1] INFO  server.RaftServerConfigKeys (ConfUtils.java:logGet(43)) - raft.server.log.write.buffer.size = 33554432 (custom)
2019-09-24 18:43:05,683 [pool-413-thread-1] INFO  server.RaftServerConfigKeys (ConfUtils.java:logGet(43)) - raft.server.log.force.sync.num = 128 (default)
2019-09-24 18:43:05,683 [pool-413-thread-1] INFO  server.RaftServerConfigKeys (ConfUtils.java:logGet(43)) - raft.server.log.statemachine.data.sync = true (default)
2019-09-24 18:43:05,684 [pool-413-thread-1] INFO  server.RaftServerConfigKeys (ConfUtils.java:logGet(43)) - raft.server.log.statemachine.data.sync.timeout = 10s (default)
2019-09-24 18:43:05,684 [pool-413-thread-1] INFO  server.RaftServerConfigKeys (ConfUtils.java:logGet(43)) - raft.server.log.statemachine.data.sync.timeout.retry = -1 (default)
2019-09-24 18:43:05,684 [pool-413-thread-1] INFO  server.RaftServerConfigKeys (ConfUtils.java:logGet(43)) - raft.server.log.statemachine.data.caching.enabled = true (custom)
2019-09-24 18:43:05,685 [pool-413-thread-1] INFO  segmented.SegmentedRaftLogWorker (SegmentedRaftLogWorker.java:lambda$new$0(132)) - 57ca6293-e2b9-4a4c-b2bc-c24aff6045c4@group-003F8C097EE2-SegmentedRaftLogWorker: flushIndex: setUnconditionally 0 -> -1
2019-09-24 18:43:05,685 [pool-413-thread-1] INFO  server.RaftServerConfigKeys (ConfUtils.java:logGet(43)) - raft.server.snapshot.auto.trigger.enabled = true (custom)
2019-09-24 18:43:05,685 [pool-413-thread-1] INFO  server.RaftServerConfigKeys (ConfUtils.java:logGet(43)) - raft.server.snapshot.auto.trigger.threshold = 10000 (custom)
2019-09-24 18:43:05,685 [pool-413-thread-1] INFO  server.RaftServerConfigKeys (ConfUtils.java:logGet(43)) - raft.server.snapshot.retention.num.files = 5 (custom)
2019-09-24 18:43:05,685 [pool-413-thread-1] INFO  server.RaftServerConfigKeys (ConfUtils.java:logGet(43)) - raft.server.retrycache.expirytime = 600000ms (custom)
2019-09-24 18:43:05,687 [pool-413-thread-1] INFO  impl.RaftServerImpl (RaftServerImpl.java:start(185)) - 57ca6293-e2b9-4a4c-b2bc-c24aff6045c4@group-003F8C097EE2: start as a follower, conf=-1: [57ca6293-e2b9-4a4c-b2bc-c24aff6045c4:192.168.36.84:38223], old=null
2019-09-24 18:43:05,687 [pool-413-thread-1] INFO  impl.RaftServerImpl (RaftServerImpl.java:setRole(174)) - 57ca6293-e2b9-4a4c-b2bc-c24aff6045c4@group-003F8C097EE2: changes role from      null to FOLLOWER at term 0 for startAsFollower
2019-09-24 18:43:05,688 [pool-413-thread-1] INFO  impl.RoleInfo (RoleInfo.java:updateAndGet(143)) - 57ca6293-e2b9-4a4c-b2bc-c24aff6045c4: start FollowerState
2019-09-24 18:43:05,688 [pool-413-thread-1] INFO  util.JmxRegister (JmxRegister.java:tryRegister(44)) - Successfully registered JMX Bean with object name Ratis:service=RaftServer,group=group-003F8C097EE2,id=57ca6293-e2b9-4a4c-b2bc-c24aff6045c4
2019-09-24 18:43:05,690 [RatisPipelineUtilsThread] INFO  pipeline.PipelineStateManager (PipelineStateManager.java:addPipeline(56)) - Created pipeline Pipeline[ Id: e5dc6fed-41f7-4dd9-a16a-003f8c097ee2, Nodes: 57ca6293-e2b9-4a4c-b2bc-c24aff6045c4{ip: 192.168.36.84, host: pr-hdds-2171-6l6hb-1841322612, networkLocation: /default-rack, certSerialId: null}, Type:RATIS, Factor:ONE, State:OPEN]
2019-09-24 18:43:05,699 [grpc-default-executor-18] INFO  impl.RaftServerProxy (RaftServerProxy.java:addNew(89)) - e7b9a2a3-58c7-459e-8ba9-4705c268421c: addNew group-94E150D93671:[e7b9a2a3-58c7-459e-8ba9-4705c268421c:192.168.36.84:41854] returns group-94E150D93671:java.util.concurrent.CompletableFuture@7f001965[Not completed]
2019-09-24 18:43:05,701 [pool-423-thread-1] INFO  impl.RaftServerImpl (RaftServerImpl.java:<init>(95)) - e7b9a2a3-58c7-459e-8ba9-4705c268421c: new RaftServerImpl for group-94E150D93671:[e7b9a2a3-58c7-459e-8ba9-4705c268421c:192.168.36.84:41854] with ContainerStateMachine:uninitialized
2019-09-24 18:43:05,701 [pool-423-thread-1] INFO  server.RaftServerConfigKeys (ConfUtils.java:logGet(43)) - raft.server.rpc.timeout.min = 5s (custom)
2019-09-24 18:43:05,701 [pool-423-thread-1] INFO  server.RaftServerConfigKeys (ConfUtils.java:logGet(43)) - raft.server.rpc.timeout.max = 5200ms (custom)
2019-09-24 18:43:05,701 [pool-423-thread-1] INFO  server.RaftServerConfigKeys (ConfUtils.java:logGet(43)) - raft.server.rpcslowness.timeout = 120s (custom)
2019-09-24 18:43:05,701 [pool-423-thread-1] INFO  server.RaftServerConfigKeys (ConfUtils.java:logGet(43)) - raft.server.sleep.deviation.threshold = 300 (default)
2019-09-24 18:43:05,702 [pool-423-thread-1] INFO  server.RaftServerConfigKeys (ConfUtils.java:logGet(43)) - raft.server.log.appender.install.snapshot.enabled = false (custom)
2019-09-24 18:43:05,702 [pool-423-thread-1] INFO  impl.RaftServerImpl (ServerState.java:<init>(103)) - e7b9a2a3-58c7-459e-8ba9-4705c268421c@group-94E150D93671: ConfigurationManager, init=-1: [e7b9a2a3-58c7-459e-8ba9-4705c268421c:192.168.36.84:41854], old=null, confs=<EMPTY_MAP>
2019-09-24 18:43:05,702 [pool-423-thread-1] INFO  server.RaftServerConfigKeys (ConfUtils.java:logGet(43)) - raft.server.storage.dir = [/workdir/hadoop-ozone/integration-test/target/test-dir/MiniOzoneClusterImpl-7a6c8996-2122-423e-a44c-6a38b4a82575/datanode-4/data/ratis] (custom)
2019-09-24 18:43:05,702 [pool-423-thread-1] INFO  storage.RaftStorageDirectory (RaftStorageDirectory.java:analyzeStorage(246)) - The storage directory /workdir/hadoop-ozone/integration-test/target/test-dir/MiniOzoneClusterImpl-7a6c8996-2122-423e-a44c-6a38b4a82575/datanode-4/data/ratis/8f34993f-f8d0-4b45-a278-94e150d93671 does not exist. Creating ...
2019-09-24 18:43:05,736 [pool-423-thread-1] INFO  storage.RaftStorageDirectory (RaftStorageDirectory.java:tryLock(328)) - Lock on /workdir/hadoop-ozone/integration-test/target/test-dir/MiniOzoneClusterImpl-7a6c8996-2122-423e-a44c-6a38b4a82575/datanode-4/data/ratis/8f34993f-f8d0-4b45-a278-94e150d93671/in_use.lock acquired by nodename 32065@pr-hdds-2171-6l6hb-1841322612
2019-09-24 18:43:05,749 [pool-423-thread-1] INFO  storage.RaftStorage (RaftStorage.java:format(72)) - Storage directory /workdir/hadoop-ozone/integration-test/target/test-dir/MiniOzoneClusterImpl-7a6c8996-2122-423e-a44c-6a38b4a82575/datanode-4/data/ratis/8f34993f-f8d0-4b45-a278-94e150d93671 has been successfully formatted.
2019-09-24 18:43:05,749 [pool-423-thread-1] INFO  ratis.ContainerStateMachine (ContainerStateMachine.java:loadSnapshot(230)) - group-94E150D93671: The snapshot info is null. Setting the last applied indexto:(t:0, i:~)
2019-09-24 18:43:05,750 [pool-423-thread-1] INFO  server.RaftServerConfigKeys (ConfUtils.java:logGet(43)) - raft.server.notification.no-leader.timeout = 120s (custom)
2019-09-24 18:43:05,750 [pool-423-thread-1] INFO  server.RaftServerConfigKeys (ConfUtils.java:logGet(43)) - raft.server.log.use.memory = false (default)
2019-09-24 18:43:05,750 [pool-423-thread-1] INFO  server.RaftServerConfigKeys (ConfUtils.java:logGet(43)) - raft.server.log.purge.gap = 1000000 (custom)
2019-09-24 18:43:05,750 [pool-423-thread-1] INFO  server.RaftServerConfigKeys (ConfUtils.java:logGet(43)) - raft.server.log.appender.buffer.byte-limit = 33554432 (custom)
2019-09-24 18:43:05,750 [pool-423-thread-1] INFO  server.RaftServerConfigKeys (ConfUtils.java:logGet(43)) - raft.server.log.segment.size.max = 1048576 (custom)
2019-09-24 18:43:05,751 [pool-423-thread-1] INFO  server.RaftServerConfigKeys (ConfUtils.java:logGet(43)) - raft.server.log.segment.cache.num.max = 2 (custom)
2019-09-24 18:43:05,751 [pool-423-thread-1] INFO  segmented.SegmentedRaftLogWorker (SegmentedRaftLogWorker.java:<init>(172)) - new e7b9a2a3-58c7-459e-8ba9-4705c268421c@group-94E150D93671-SegmentedRaftLogWorker for RaftStorage:Storage Directory /workdir/hadoop-ozone/integration-test/target/test-dir/MiniOzoneClusterImpl-7a6c8996-2122-423e-a44c-6a38b4a82575/datanode-4/data/ratis/8f34993f-f8d0-4b45-a278-94e150d93671
2019-09-24 18:43:05,753 [pool-423-thread-1] INFO  server.RaftServerConfigKeys (ConfUtils.java:logGet(43)) - raft.server.log.queue.byte-limit = 2147483647 (custom)
2019-09-24 18:43:05,753 [pool-423-thread-1] INFO  server.RaftServerConfigKeys (ConfUtils.java:logGet(43)) - raft.server.log.queue.element-limit = 1024 (custom)
2019-09-24 18:43:05,753 [pool-423-thread-1] INFO  server.RaftServerConfigKeys (ConfUtils.java:logGet(43)) - raft.server.log.segment.size.max = 1048576 (custom)
2019-09-24 18:43:05,753 [pool-423-thread-1] INFO  server.RaftServerConfigKeys (ConfUtils.java:logGet(43)) - raft.server.log.preallocated.size = 16384 (custom)
2019-09-24 18:43:05,753 [pool-423-thread-1] INFO  server.RaftServerConfigKeys (ConfUtils.java:logGet(43)) - raft.server.log.write.buffer.size = 33554432 (custom)
2019-09-24 18:43:05,754 [pool-423-thread-1] INFO  server.RaftServerConfigKeys (ConfUtils.java:logGet(43)) - raft.server.log.force.sync.num = 128 (default)
2019-09-24 18:43:05,754 [pool-423-thread-1] INFO  server.RaftServerConfigKeys (ConfUtils.java:logGet(43)) - raft.server.log.statemachine.data.sync = true (default)
2019-09-24 18:43:05,754 [pool-423-thread-1] INFO  server.RaftServerConfigKeys (ConfUtils.java:logGet(43)) - raft.server.log.statemachine.data.sync.timeout = 10s (default)
2019-09-24 18:43:05,754 [pool-423-thread-1] INFO  server.RaftServerConfigKeys (ConfUtils.java:logGet(43)) - raft.server.log.statemachine.data.sync.timeout.retry = -1 (default)
2019-09-24 18:43:05,754 [pool-423-thread-1] INFO  server.RaftServerConfigKeys (ConfUtils.java:logGet(43)) - raft.server.log.statemachine.data.caching.enabled = true (custom)
2019-09-24 18:43:05,755 [pool-423-thread-1] INFO  segmented.SegmentedRaftLogWorker (SegmentedRaftLogWorker.java:lambda$new$0(132)) - e7b9a2a3-58c7-459e-8ba9-4705c268421c@group-94E150D93671-SegmentedRaftLogWorker: flushIndex: setUnconditionally 0 -> -1
2019-09-24 18:43:05,755 [pool-423-thread-1] INFO  server.RaftServerConfigKeys (ConfUtils.java:logGet(43)) - raft.server.snapshot.auto.trigger.enabled = true (custom)
2019-09-24 18:43:05,755 [pool-423-thread-1] INFO  server.RaftServerConfigKeys (ConfUtils.java:logGet(43)) - raft.server.snapshot.auto.trigger.threshold = 10000 (custom)
2019-09-24 18:43:05,755 [pool-423-thread-1] INFO  server.RaftServerConfigKeys (ConfUtils.java:logGet(43)) - raft.server.snapshot.retention.num.files = 5 (custom)
2019-09-24 18:43:05,756 [pool-423-thread-1] INFO  server.RaftServerConfigKeys (ConfUtils.java:logGet(43)) - raft.server.retrycache.expirytime = 600000ms (custom)
2019-09-24 18:43:05,758 [pool-423-thread-1] INFO  impl.RaftServerImpl (RaftServerImpl.java:start(185)) - e7b9a2a3-58c7-459e-8ba9-4705c268421c@group-94E150D93671: start as a follower, conf=-1: [e7b9a2a3-58c7-459e-8ba9-4705c268421c:192.168.36.84:41854], old=null
2019-09-24 18:43:05,758 [pool-423-thread-1] INFO  impl.RaftServerImpl (RaftServerImpl.java:setRole(174)) - e7b9a2a3-58c7-459e-8ba9-4705c268421c@group-94E150D93671: changes role from      null to FOLLOWER at term 0 for startAsFollower
2019-09-24 18:43:05,758 [pool-423-thread-1] INFO  impl.RoleInfo (RoleInfo.java:updateAndGet(143)) - e7b9a2a3-58c7-459e-8ba9-4705c268421c: start FollowerState
2019-09-24 18:43:05,758 [pool-423-thread-1] INFO  util.JmxRegister (JmxRegister.java:tryRegister(44)) - Successfully registered JMX Bean with object name Ratis:service=RaftServer,group=group-94E150D93671,id=e7b9a2a3-58c7-459e-8ba9-4705c268421c
2019-09-24 18:43:05,761 [RatisPipelineUtilsThread] INFO  pipeline.PipelineStateManager (PipelineStateManager.java:addPipeline(56)) - Created pipeline Pipeline[ Id: 8f34993f-f8d0-4b45-a278-94e150d93671, Nodes: e7b9a2a3-58c7-459e-8ba9-4705c268421c{ip: 192.168.36.84, host: pr-hdds-2171-6l6hb-1841322612, networkLocation: /default-rack, certSerialId: null}, Type:RATIS, Factor:ONE, State:OPEN]
2019-09-24 18:43:05,804 [IPC Server handler 6 on 34002] INFO  net.NetworkTopology (NetworkTopologyImpl.java:add(111)) - Added a new node: /default-rack/0ca4d4d4-218c-44cb-877a-a87c1790d9ce
2019-09-24 18:43:05,804 [IPC Server handler 6 on 34002] INFO  node.SCMNodeManager (SCMNodeManager.java:register(266)) - Registered Data node : 0ca4d4d4-218c-44cb-877a-a87c1790d9ce{ip: 192.168.36.84, host: pr-hdds-2171-6l6hb-1841322612, networkLocation: /default-rack, certSerialId: null}
2019-09-24 18:43:05,820 [grpc-default-executor-4] INFO  impl.RaftServerProxy (RaftServerProxy.java:addNew(89)) - e7b9a2a3-58c7-459e-8ba9-4705c268421c: addNew group-BBF77846C05D:[57ca6293-e2b9-4a4c-b2bc-c24aff6045c4:192.168.36.84:38223, 970d6631-1a01-43b9-8e86-8960ffd1a97f:192.168.36.84:42841, e7b9a2a3-58c7-459e-8ba9-4705c268421c:192.168.36.84:41854] returns group-BBF77846C05D:java.util.concurrent.CompletableFuture@29b98306[Not completed]
2019-09-24 18:43:05,820 [grpc-default-executor-6] INFO  impl.RaftServerProxy (RaftServerProxy.java:addNew(89)) - 57ca6293-e2b9-4a4c-b2bc-c24aff6045c4: addNew group-BBF77846C05D:[57ca6293-e2b9-4a4c-b2bc-c24aff6045c4:192.168.36.84:38223, 970d6631-1a01-43b9-8e86-8960ffd1a97f:192.168.36.84:42841, e7b9a2a3-58c7-459e-8ba9-4705c268421c:192.168.36.84:41854] returns group-BBF77846C05D:java.util.concurrent.CompletableFuture@6f9a92a0[Not completed]
2019-09-24 18:43:05,820 [grpc-default-executor-18] INFO  impl.RaftServerProxy (RaftServerProxy.java:addNew(89)) - 970d6631-1a01-43b9-8e86-8960ffd1a97f: addNew group-BBF77846C05D:[57ca6293-e2b9-4a4c-b2bc-c24aff6045c4:192.168.36.84:38223, 970d6631-1a01-43b9-8e86-8960ffd1a97f:192.168.36.84:42841, e7b9a2a3-58c7-459e-8ba9-4705c268421c:192.168.36.84:41854] returns group-BBF77846C05D:java.util.concurrent.CompletableFuture@1ae6b6a3[Not completed]
2019-09-24 18:43:05,822 [pool-413-thread-1] INFO  impl.RaftServerImpl (RaftServerImpl.java:<init>(95)) - 57ca6293-e2b9-4a4c-b2bc-c24aff6045c4: new RaftServerImpl for group-BBF77846C05D:[57ca6293-e2b9-4a4c-b2bc-c24aff6045c4:192.168.36.84:38223, 970d6631-1a01-43b9-8e86-8960ffd1a97f:192.168.36.84:42841, e7b9a2a3-58c7-459e-8ba9-4705c268421c:192.168.36.84:41854] with ContainerStateMachine:uninitialized
2019-09-24 18:43:05,822 [pool-413-thread-1] INFO  server.RaftServerConfigKeys (ConfUtils.java:logGet(43)) - raft.server.rpc.timeout.min = 5s (custom)
2019-09-24 18:43:05,822 [pool-413-thread-1] INFO  server.RaftServerConfigKeys (ConfUtils.java:logGet(43)) - raft.server.rpc.timeout.max = 5200ms (custom)
2019-09-24 18:43:05,822 [pool-413-thread-1] INFO  server.RaftServerConfigKeys (ConfUtils.java:logGet(43)) - raft.server.rpcslowness.timeout = 120s (custom)
2019-09-24 18:43:05,823 [pool-413-thread-1] INFO  server.RaftServerConfigKeys (ConfUtils.java:logGet(43)) - raft.server.sleep.deviation.threshold = 300 (default)
2019-09-24 18:43:05,823 [pool-413-thread-1] INFO  server.RaftServerConfigKeys (ConfUtils.java:logGet(43)) - raft.server.log.appender.install.snapshot.enabled = false (custom)
2019-09-24 18:43:05,823 [pool-423-thread-1] INFO  impl.RaftServerImpl (RaftServerImpl.java:<init>(95)) - e7b9a2a3-58c7-459e-8ba9-4705c268421c: new RaftServerImpl for group-BBF77846C05D:[57ca6293-e2b9-4a4c-b2bc-c24aff6045c4:192.168.36.84:38223, 970d6631-1a01-43b9-8e86-8960ffd1a97f:192.168.36.84:42841, e7b9a2a3-58c7-459e-8ba9-4705c268421c:192.168.36.84:41854] with ContainerStateMachine:uninitialized
2019-09-24 18:43:05,823 [pool-413-thread-1] INFO  impl.RaftServerImpl (ServerState.java:<init>(103)) - 57ca6293-e2b9-4a4c-b2bc-c24aff6045c4@group-BBF77846C05D: ConfigurationManager, init=-1: [57ca6293-e2b9-4a4c-b2bc-c24aff6045c4:192.168.36.84:38223, 970d6631-1a01-43b9-8e86-8960ffd1a97f:192.168.36.84:42841, e7b9a2a3-58c7-459e-8ba9-4705c268421c:192.168.36.84:41854], old=null, confs=<EMPTY_MAP>
2019-09-24 18:43:05,823 [pool-423-thread-1] INFO  server.RaftServerConfigKeys (ConfUtils.java:logGet(43)) - raft.server.rpc.timeout.min = 5s (custom)
2019-09-24 18:43:05,823 [pool-403-thread-1] INFO  impl.RaftServerImpl (RaftServerImpl.java:<init>(95)) - 970d6631-1a01-43b9-8e86-8960ffd1a97f: new RaftServerImpl for group-BBF77846C05D:[57ca6293-e2b9-4a4c-b2bc-c24aff6045c4:192.168.36.84:38223, 970d6631-1a01-43b9-8e86-8960ffd1a97f:192.168.36.84:42841, e7b9a2a3-58c7-459e-8ba9-4705c268421c:192.168.36.84:41854] with ContainerStateMachine:uninitialized
2019-09-24 18:43:05,823 [pool-413-thread-1] INFO  server.RaftServerConfigKeys (ConfUtils.java:logGet(43)) - raft.server.storage.dir = [/workdir/hadoop-ozone/integration-test/target/test-dir/MiniOzoneClusterImpl-7a6c8996-2122-423e-a44c-6a38b4a82575/datanode-3/data/ratis] (custom)
2019-09-24 18:43:05,824 [pool-403-thread-1] INFO  server.RaftServerConfigKeys (ConfUtils.java:logGet(43)) - raft.server.rpc.timeout.min = 5s (custom)
2019-09-24 18:43:05,823 [pool-423-thread-1] INFO  server.RaftServerConfigKeys (ConfUtils.java:logGet(43)) - raft.server.rpc.timeout.max = 5200ms (custom)
2019-09-24 18:43:05,824 [pool-413-thread-1] INFO  storage.RaftStorageDirectory (RaftStorageDirectory.java:analyzeStorage(246)) - The storage directory /workdir/hadoop-ozone/integration-test/target/test-dir/MiniOzoneClusterImpl-7a6c8996-2122-423e-a44c-6a38b4a82575/datanode-3/data/ratis/c8f8fe6a-f514-4e13-b25f-bbf77846c05d does not exist. Creating ...
2019-09-24 18:43:05,824 [pool-403-thread-1] INFO  server.RaftServerConfigKeys (ConfUtils.java:logGet(43)) - raft.server.rpc.timeout.max = 5200ms (custom)
2019-09-24 18:43:05,824 [pool-423-thread-1] INFO  server.RaftServerConfigKeys (ConfUtils.java:logGet(43)) - raft.server.rpcslowness.timeout = 120s (custom)
2019-09-24 18:43:05,824 [pool-403-thread-1] INFO  server.RaftServerConfigKeys (ConfUtils.java:logGet(43)) - raft.server.rpcslowness.timeout = 120s (custom)
2019-09-24 18:43:05,825 [pool-423-thread-1] INFO  server.RaftServerConfigKeys (ConfUtils.java:logGet(43)) - raft.server.sleep.deviation.threshold = 300 (default)
2019-09-24 18:43:05,825 [pool-403-thread-1] INFO  server.RaftServerConfigKeys (ConfUtils.java:logGet(43)) - raft.server.sleep.deviation.threshold = 300 (default)
2019-09-24 18:43:05,825 [pool-423-thread-1] INFO  server.RaftServerConfigKeys (ConfUtils.java:logGet(43)) - raft.server.log.appender.install.snapshot.enabled = false (custom)
2019-09-24 18:43:05,825 [pool-403-thread-1] INFO  server.RaftServerConfigKeys (ConfUtils.java:logGet(43)) - raft.server.log.appender.install.snapshot.enabled = false (custom)
2019-09-24 18:43:05,825 [pool-423-thread-1] INFO  impl.RaftServerImpl (ServerState.java:<init>(103)) - e7b9a2a3-58c7-459e-8ba9-4705c268421c@group-BBF77846C05D: ConfigurationManager, init=-1: [57ca6293-e2b9-4a4c-b2bc-c24aff6045c4:192.168.36.84:38223, 970d6631-1a01-43b9-8e86-8960ffd1a97f:192.168.36.84:42841, e7b9a2a3-58c7-459e-8ba9-4705c268421c:192.168.36.84:41854], old=null, confs=<EMPTY_MAP>
2019-09-24 18:43:05,825 [pool-403-thread-1] INFO  impl.RaftServerImpl (ServerState.java:<init>(103)) - 970d6631-1a01-43b9-8e86-8960ffd1a97f@group-BBF77846C05D: ConfigurationManager, init=-1: [57ca6293-e2b9-4a4c-b2bc-c24aff6045c4:192.168.36.84:38223, 970d6631-1a01-43b9-8e86-8960ffd1a97f:192.168.36.84:42841, e7b9a2a3-58c7-459e-8ba9-4705c268421c:192.168.36.84:41854], old=null, confs=<EMPTY_MAP>
2019-09-24 18:43:05,826 [pool-423-thread-1] INFO  server.RaftServerConfigKeys (ConfUtils.java:logGet(43)) - raft.server.storage.dir = [/workdir/hadoop-ozone/integration-test/target/test-dir/MiniOzoneClusterImpl-7a6c8996-2122-423e-a44c-6a38b4a82575/datanode-4/data/ratis] (custom)
2019-09-24 18:43:05,826 [pool-403-thread-1] INFO  server.RaftServerConfigKeys (ConfUtils.java:logGet(43)) - raft.server.storage.dir = [/workdir/hadoop-ozone/integration-test/target/test-dir/MiniOzoneClusterImpl-7a6c8996-2122-423e-a44c-6a38b4a82575/datanode-2/data/ratis] (custom)
2019-09-24 18:43:05,826 [pool-423-thread-1] INFO  storage.RaftStorageDirectory (RaftStorageDirectory.java:analyzeStorage(246)) - The storage directory /workdir/hadoop-ozone/integration-test/target/test-dir/MiniOzoneClusterImpl-7a6c8996-2122-423e-a44c-6a38b4a82575/datanode-4/data/ratis/c8f8fe6a-f514-4e13-b25f-bbf77846c05d does not exist. Creating ...
2019-09-24 18:43:05,826 [pool-403-thread-1] INFO  storage.RaftStorageDirectory (RaftStorageDirectory.java:analyzeStorage(246)) - The storage directory /workdir/hadoop-ozone/integration-test/target/test-dir/MiniOzoneClusterImpl-7a6c8996-2122-423e-a44c-6a38b4a82575/datanode-2/data/ratis/c8f8fe6a-f514-4e13-b25f-bbf77846c05d does not exist. Creating ...
2019-09-24 18:43:05,836 [main] INFO  ozone.MiniOzoneClusterImpl (MiniOzoneClusterImpl.java:lambda$waitForClusterToBeReady$0(147)) - Cluster is ready. Got 7 of 7 DN Heartbeats.
2019-09-24 18:43:05,839 [pool-423-thread-1] INFO  storage.RaftStorageDirectory (RaftStorageDirectory.java:tryLock(328)) - Lock on /workdir/hadoop-ozone/integration-test/target/test-dir/MiniOzoneClusterImpl-7a6c8996-2122-423e-a44c-6a38b4a82575/datanode-4/data/ratis/c8f8fe6a-f514-4e13-b25f-bbf77846c05d/in_use.lock acquired by nodename 32065@pr-hdds-2171-6l6hb-1841322612
2019-09-24 18:43:05,839 [pool-413-thread-1] INFO  storage.RaftStorageDirectory (RaftStorageDirectory.java:tryLock(328)) - Lock on /workdir/hadoop-ozone/integration-test/target/test-dir/MiniOzoneClusterImpl-7a6c8996-2122-423e-a44c-6a38b4a82575/datanode-3/data/ratis/c8f8fe6a-f514-4e13-b25f-bbf77846c05d/in_use.lock acquired by nodename 32065@pr-hdds-2171-6l6hb-1841322612
2019-09-24 18:43:05,839 [pool-403-thread-1] INFO  storage.RaftStorageDirectory (RaftStorageDirectory.java:tryLock(328)) - Lock on /workdir/hadoop-ozone/integration-test/target/test-dir/MiniOzoneClusterImpl-7a6c8996-2122-423e-a44c-6a38b4a82575/datanode-2/data/ratis/c8f8fe6a-f514-4e13-b25f-bbf77846c05d/in_use.lock acquired by nodename 32065@pr-hdds-2171-6l6hb-1841322612
2019-09-24 18:43:05,893 [pool-413-thread-1] INFO  storage.RaftStorage (RaftStorage.java:format(72)) - Storage directory /workdir/hadoop-ozone/integration-test/target/test-dir/MiniOzoneClusterImpl-7a6c8996-2122-423e-a44c-6a38b4a82575/datanode-3/data/ratis/c8f8fe6a-f514-4e13-b25f-bbf77846c05d has been successfully formatted.
2019-09-24 18:43:05,894 [pool-423-thread-1] INFO  storage.RaftStorage (RaftStorage.java:format(72)) - Storage directory /workdir/hadoop-ozone/integration-test/target/test-dir/MiniOzoneClusterImpl-7a6c8996-2122-423e-a44c-6a38b4a82575/datanode-4/data/ratis/c8f8fe6a-f514-4e13-b25f-bbf77846c05d has been successfully formatted.
2019-09-24 18:43:05,893 [pool-403-thread-1] INFO  storage.RaftStorage (RaftStorage.java:format(72)) - Storage directory /workdir/hadoop-ozone/integration-test/target/test-dir/MiniOzoneClusterImpl-7a6c8996-2122-423e-a44c-6a38b4a82575/datanode-2/data/ratis/c8f8fe6a-f514-4e13-b25f-bbf77846c05d has been successfully formatted.
2019-09-24 18:43:05,894 [pool-423-thread-1] INFO  ratis.ContainerStateMachine (ContainerStateMachine.java:loadSnapshot(230)) - group-BBF77846C05D: The snapshot info is null. Setting the last applied indexto:(t:0, i:~)
2019-09-24 18:43:05,894 [pool-413-thread-1] INFO  ratis.ContainerStateMachine (ContainerStateMachine.java:loadSnapshot(230)) - group-BBF77846C05D: The snapshot info is null. Setting the last applied indexto:(t:0, i:~)
2019-09-24 18:43:05,894 [pool-423-thread-1] INFO  server.RaftServerConfigKeys (ConfUtils.java:logGet(43)) - raft.server.notification.no-leader.timeout = 120s (custom)
2019-09-24 18:43:05,895 [pool-423-thread-1] INFO  server.RaftServerConfigKeys (ConfUtils.java:logGet(43)) - raft.server.log.use.memory = false (default)
2019-09-24 18:43:05,894 [pool-403-thread-1] INFO  ratis.ContainerStateMachine (ContainerStateMachine.java:loadSnapshot(230)) - group-BBF77846C05D: The snapshot info is null. Setting the last applied indexto:(t:0, i:~)
2019-09-24 18:43:05,895 [pool-423-thread-1] INFO  server.RaftServerConfigKeys (ConfUtils.java:logGet(43)) - raft.server.log.purge.gap = 1000000 (custom)
2019-09-24 18:43:05,894 [pool-413-thread-1] INFO  server.RaftServerConfigKeys (ConfUtils.java:logGet(43)) - raft.server.notification.no-leader.timeout = 120s (custom)
2019-09-24 18:43:05,895 [pool-423-thread-1] INFO  server.RaftServerConfigKeys (ConfUtils.java:logGet(43)) - raft.server.log.appender.buffer.byte-limit = 33554432 (custom)
2019-09-24 18:43:05,895 [pool-403-thread-1] INFO  server.RaftServerConfigKeys (ConfUtils.java:logGet(43)) - raft.server.notification.no-leader.timeout = 120s (custom)
2019-09-24 18:43:05,895 [pool-423-thread-1] INFO  server.RaftServerConfigKeys (ConfUtils.java:logGet(43)) - raft.server.log.segment.size.max = 1048576 (custom)
2019-09-24 18:43:05,895 [pool-413-thread-1] INFO  server.RaftServerConfigKeys (ConfUtils.java:logGet(43)) - raft.server.log.use.memory = false (default)
2019-09-24 18:43:05,895 [main] INFO  rpc.RpcClient (RpcClient.java:createVolume(276)) - Creating Volume: watchforcommithandlingtest, with jenkins1000 as owner.
2019-09-24 18:43:05,896 [pool-413-thread-1] INFO  server.RaftServerConfigKeys (ConfUtils.java:logGet(43)) - raft.server.log.purge.gap = 1000000 (custom)
2019-09-24 18:43:05,896 [pool-423-thread-1] INFO  server.RaftServerConfigKeys (ConfUtils.java:logGet(43)) - raft.server.log.segment.cache.num.max = 2 (custom)
2019-09-24 18:43:05,897 [pool-423-thread-1] INFO  segmented.SegmentedRaftLogWorker (SegmentedRaftLogWorker.java:<init>(172)) - new e7b9a2a3-58c7-459e-8ba9-4705c268421c@group-BBF77846C05D-SegmentedRaftLogWorker for RaftStorage:Storage Directory /workdir/hadoop-ozone/integration-test/target/test-dir/MiniOzoneClusterImpl-7a6c8996-2122-423e-a44c-6a38b4a82575/datanode-4/data/ratis/c8f8fe6a-f514-4e13-b25f-bbf77846c05d
2019-09-24 18:43:05,896 [pool-403-thread-1] INFO  server.RaftServerConfigKeys (ConfUtils.java:logGet(43)) - raft.server.log.use.memory = false (default)
2019-09-24 18:43:05,897 [pool-423-thread-1] INFO  server.RaftServerConfigKeys (ConfUtils.java:logGet(43)) - raft.server.log.queue.byte-limit = 2147483647 (custom)
2019-09-24 18:43:05,896 [pool-413-thread-1] INFO  server.RaftServerConfigKeys (ConfUtils.java:logGet(43)) - raft.server.log.appender.buffer.byte-limit = 33554432 (custom)
2019-09-24 18:43:05,897 [pool-423-thread-1] INFO  server.RaftServerConfigKeys (ConfUtils.java:logGet(43)) - raft.server.log.queue.element-limit = 1024 (custom)
2019-09-24 18:43:05,897 [pool-403-thread-1] INFO  server.RaftServerConfigKeys (ConfUtils.java:logGet(43)) - raft.server.log.purge.gap = 1000000 (custom)
2019-09-24 18:43:05,897 [pool-423-thread-1] INFO  server.RaftServerConfigKeys (ConfUtils.java:logGet(43)) - raft.server.log.segment.size.max = 1048576 (custom)
2019-09-24 18:43:05,897 [pool-413-thread-1] INFO  server.RaftServerConfigKeys (ConfUtils.java:logGet(43)) - raft.server.log.segment.size.max = 1048576 (custom)
2019-09-24 18:43:05,898 [pool-423-thread-1] INFO  server.RaftServerConfigKeys (ConfUtils.java:logGet(43)) - raft.server.log.preallocated.size = 16384 (custom)
2019-09-24 18:43:05,898 [pool-423-thread-1] INFO  server.RaftServerConfigKeys (ConfUtils.java:logGet(43)) - raft.server.log.write.buffer.size = 33554432 (custom)
2019-09-24 18:43:05,898 [pool-403-thread-1] INFO  server.RaftServerConfigKeys (ConfUtils.java:logGet(43)) - raft.server.log.appender.buffer.byte-limit = 33554432 (custom)
2019-09-24 18:43:05,898 [pool-423-thread-1] INFO  server.RaftServerConfigKeys (ConfUtils.java:logGet(43)) - raft.server.log.force.sync.num = 128 (default)
2019-09-24 18:43:05,899 [pool-423-thread-1] INFO  server.RaftServerConfigKeys (ConfUtils.java:logGet(43)) - raft.server.log.statemachine.data.sync = true (default)
2019-09-24 18:43:05,898 [pool-413-thread-1] INFO  server.RaftServerConfigKeys (ConfUtils.java:logGet(43)) - raft.server.log.segment.cache.num.max = 2 (custom)
2019-09-24 18:43:05,899 [pool-423-thread-1] INFO  server.RaftServerConfigKeys (ConfUtils.java:logGet(43)) - raft.server.log.statemachine.data.sync.timeout = 10s (default)
2019-09-24 18:43:05,898 [pool-403-thread-1] INFO  server.RaftServerConfigKeys (ConfUtils.java:logGet(43)) - raft.server.log.segment.size.max = 1048576 (custom)
2019-09-24 18:43:05,899 [pool-423-thread-1] INFO  server.RaftServerConfigKeys (ConfUtils.java:logGet(43)) - raft.server.log.statemachine.data.sync.timeout.retry = -1 (default)
2019-09-24 18:43:05,899 [pool-413-thread-1] INFO  segmented.SegmentedRaftLogWorker (SegmentedRaftLogWorker.java:<init>(172)) - new 57ca6293-e2b9-4a4c-b2bc-c24aff6045c4@group-BBF77846C05D-SegmentedRaftLogWorker for RaftStorage:Storage Directory /workdir/hadoop-ozone/integration-test/target/test-dir/MiniOzoneClusterImpl-7a6c8996-2122-423e-a44c-6a38b4a82575/datanode-3/data/ratis/c8f8fe6a-f514-4e13-b25f-bbf77846c05d
2019-09-24 18:43:05,899 [pool-423-thread-1] INFO  server.RaftServerConfigKeys (ConfUtils.java:logGet(43)) - raft.server.log.statemachine.data.caching.enabled = true (custom)
2019-09-24 18:43:05,899 [pool-403-thread-1] INFO  server.RaftServerConfigKeys (ConfUtils.java:logGet(43)) - raft.server.log.segment.cache.num.max = 2 (custom)
2019-09-24 18:43:05,900 [IPC Server handler 1 on 44194] INFO  volume.OMVolumeCreateRequest (OMVolumeCreateRequest.java:validateAndUpdateCache(189)) - created volume:watchforcommithandlingtest for user:jenkins1000
2019-09-24 18:43:05,900 [pool-413-thread-1] INFO  server.RaftServerConfigKeys (ConfUtils.java:logGet(43)) - raft.server.log.queue.byte-limit = 2147483647 (custom)
2019-09-24 18:43:05,900 [pool-423-thread-1] INFO  segmented.SegmentedRaftLogWorker (SegmentedRaftLogWorker.java:lambda$new$0(132)) - e7b9a2a3-58c7-459e-8ba9-4705c268421c@group-BBF77846C05D-SegmentedRaftLogWorker: flushIndex: setUnconditionally 0 -> -1
2019-09-24 18:43:05,900 [pool-403-thread-1] INFO  segmented.SegmentedRaftLogWorker (SegmentedRaftLogWorker.java:<init>(172)) - new 970d6631-1a01-43b9-8e86-8960ffd1a97f@group-BBF77846C05D-SegmentedRaftLogWorker for RaftStorage:Storage Directory /workdir/hadoop-ozone/integration-test/target/test-dir/MiniOzoneClusterImpl-7a6c8996-2122-423e-a44c-6a38b4a82575/datanode-2/data/ratis/c8f8fe6a-f514-4e13-b25f-bbf77846c05d
2019-09-24 18:43:05,901 [pool-423-thread-1] INFO  server.RaftServerConfigKeys (ConfUtils.java:logGet(43)) - raft.server.snapshot.auto.trigger.enabled = true (custom)
2019-09-24 18:43:05,900 [pool-413-thread-1] INFO  server.RaftServerConfigKeys (ConfUtils.java:logGet(43)) - raft.server.log.queue.element-limit = 1024 (custom)
2019-09-24 18:43:05,901 [pool-423-thread-1] INFO  server.RaftServerConfigKeys (ConfUtils.java:logGet(43)) - raft.server.snapshot.auto.trigger.threshold = 10000 (custom)
2019-09-24 18:43:05,901 [pool-403-thread-1] INFO  server.RaftServerConfigKeys (ConfUtils.java:logGet(43)) - raft.server.log.queue.byte-limit = 2147483647 (custom)
2019-09-24 18:43:05,901 [pool-423-thread-1] INFO  server.RaftServerConfigKeys (ConfUtils.java:logGet(43)) - raft.server.snapshot.retention.num.files = 5 (custom)
2019-09-24 18:43:05,901 [pool-413-thread-1] INFO  server.RaftServerConfigKeys (ConfUtils.java:logGet(43)) - raft.server.log.segment.size.max = 1048576 (custom)
2019-09-24 18:43:05,902 [pool-423-thread-1] INFO  server.RaftServerConfigKeys (ConfUtils.java:logGet(43)) - raft.server.retrycache.expirytime = 600000ms (custom)
2019-09-24 18:43:05,901 [pool-403-thread-1] INFO  server.RaftServerConfigKeys (ConfUtils.java:logGet(43)) - raft.server.log.queue.element-limit = 1024 (custom)
2019-09-24 18:43:05,902 [pool-413-thread-1] INFO  server.RaftServerConfigKeys (ConfUtils.java:logGet(43)) - raft.server.log.preallocated.size = 16384 (custom)
2019-09-24 18:43:05,902 [pool-403-thread-1] INFO  server.RaftServerConfigKeys (ConfUtils.java:logGet(43)) - raft.server.log.segment.size.max = 1048576 (custom)
2019-09-24 18:43:05,902 [pool-413-thread-1] INFO  server.RaftServerConfigKeys (ConfUtils.java:logGet(43)) - raft.server.log.write.buffer.size = 33554432 (custom)
2019-09-24 18:43:05,906 [pool-413-thread-1] INFO  server.RaftServerConfigKeys (ConfUtils.java:logGet(43)) - raft.server.log.force.sync.num = 128 (default)
2019-09-24 18:43:05,902 [pool-403-thread-1] INFO  server.RaftServerConfigKeys (ConfUtils.java:logGet(43)) - raft.server.log.preallocated.size = 16384 (custom)
2019-09-24 18:43:05,906 [pool-413-thread-1] INFO  server.RaftServerConfigKeys (ConfUtils.java:logGet(43)) - raft.server.log.statemachine.data.sync = true (default)
2019-09-24 18:43:05,907 [pool-403-thread-1] INFO  server.RaftServerConfigKeys (ConfUtils.java:logGet(43)) - raft.server.log.write.buffer.size = 33554432 (custom)
2019-09-24 18:43:05,907 [pool-413-thread-1] INFO  server.RaftServerConfigKeys (ConfUtils.java:logGet(43)) - raft.server.log.statemachine.data.sync.timeout = 10s (default)
2019-09-24 18:43:05,907 [pool-403-thread-1] INFO  server.RaftServerConfigKeys (ConfUtils.java:logGet(43)) - raft.server.log.force.sync.num = 128 (default)
2019-09-24 18:43:05,907 [pool-413-thread-1] INFO  server.RaftServerConfigKeys (ConfUtils.java:logGet(43)) - raft.server.log.statemachine.data.sync.timeout.retry = -1 (default)
2019-09-24 18:43:05,907 [pool-403-thread-1] INFO  server.RaftServerConfigKeys (ConfUtils.java:logGet(43)) - raft.server.log.statemachine.data.sync = true (default)
2019-09-24 18:43:05,920 [pool-413-thread-1] INFO  server.RaftServerConfigKeys (ConfUtils.java:logGet(43)) - raft.server.log.statemachine.data.caching.enabled = true (custom)
2019-09-24 18:43:05,920 [pool-403-thread-1] INFO  server.RaftServerConfigKeys (ConfUtils.java:logGet(43)) - raft.server.log.statemachine.data.sync.timeout = 10s (default)
2019-09-24 18:43:05,920 [pool-403-thread-1] INFO  server.RaftServerConfigKeys (ConfUtils.java:logGet(43)) - raft.server.log.statemachine.data.sync.timeout.retry = -1 (default)
2019-09-24 18:43:05,920 [pool-423-thread-1] INFO  impl.RaftServerImpl (RaftServerImpl.java:start(185)) - e7b9a2a3-58c7-459e-8ba9-4705c268421c@group-BBF77846C05D: start as a follower, conf=-1: [57ca6293-e2b9-4a4c-b2bc-c24aff6045c4:192.168.36.84:38223, 970d6631-1a01-43b9-8e86-8960ffd1a97f:192.168.36.84:42841, e7b9a2a3-58c7-459e-8ba9-4705c268421c:192.168.36.84:41854], old=null
2019-09-24 18:43:05,920 [pool-413-thread-1] INFO  segmented.SegmentedRaftLogWorker (SegmentedRaftLogWorker.java:lambda$new$0(132)) - 57ca6293-e2b9-4a4c-b2bc-c24aff6045c4@group-BBF77846C05D-SegmentedRaftLogWorker: flushIndex: setUnconditionally 0 -> -1
2019-09-24 18:43:05,921 [main] INFO  rpc.RpcClient (RpcClient.java:createBucket(415)) - Creating Bucket: watchforcommithandlingtest/watchforcommithandlingtest, with Versioning false and Storage Type set to DISK and Encryption set to false 
2019-09-24 18:43:05,921 [pool-423-thread-1] INFO  impl.RaftServerImpl (RaftServerImpl.java:setRole(174)) - e7b9a2a3-58c7-459e-8ba9-4705c268421c@group-BBF77846C05D: changes role from      null to FOLLOWER at term 0 for startAsFollower
2019-09-24 18:43:05,921 [pool-403-thread-1] INFO  server.RaftServerConfigKeys (ConfUtils.java:logGet(43)) - raft.server.log.statemachine.data.caching.enabled = true (custom)
2019-09-24 18:43:05,921 [pool-423-thread-1] INFO  impl.RoleInfo (RoleInfo.java:updateAndGet(143)) - e7b9a2a3-58c7-459e-8ba9-4705c268421c: start FollowerState
2019-09-24 18:43:05,921 [pool-413-thread-1] INFO  server.RaftServerConfigKeys (ConfUtils.java:logGet(43)) - raft.server.snapshot.auto.trigger.enabled = true (custom)
2019-09-24 18:43:05,922 [pool-413-thread-1] INFO  server.RaftServerConfigKeys (ConfUtils.java:logGet(43)) - raft.server.snapshot.auto.trigger.threshold = 10000 (custom)
2019-09-24 18:43:05,922 [pool-403-thread-1] INFO  segmented.SegmentedRaftLogWorker (SegmentedRaftLogWorker.java:lambda$new$0(132)) - 970d6631-1a01-43b9-8e86-8960ffd1a97f@group-BBF77846C05D-SegmentedRaftLogWorker: flushIndex: setUnconditionally 0 -> -1
2019-09-24 18:43:05,922 [pool-413-thread-1] INFO  server.RaftServerConfigKeys (ConfUtils.java:logGet(43)) - raft.server.snapshot.retention.num.files = 5 (custom)
2019-09-24 18:43:05,922 [pool-403-thread-1] INFO  server.RaftServerConfigKeys (ConfUtils.java:logGet(43)) - raft.server.snapshot.auto.trigger.enabled = true (custom)
2019-09-24 18:43:05,922 [pool-423-thread-1] INFO  util.JmxRegister (JmxRegister.java:tryRegister(44)) - Successfully registered JMX Bean with object name Ratis:service=RaftServer,group=group-BBF77846C05D,id=e7b9a2a3-58c7-459e-8ba9-4705c268421c
2019-09-24 18:43:05,923 [pool-403-thread-1] INFO  server.RaftServerConfigKeys (ConfUtils.java:logGet(43)) - raft.server.snapshot.auto.trigger.threshold = 10000 (custom)
2019-09-24 18:43:05,923 [pool-413-thread-1] INFO  server.RaftServerConfigKeys (ConfUtils.java:logGet(43)) - raft.server.retrycache.expirytime = 600000ms (custom)
2019-09-24 18:43:05,923 [pool-403-thread-1] INFO  server.RaftServerConfigKeys (ConfUtils.java:logGet(43)) - raft.server.snapshot.retention.num.files = 5 (custom)
2019-09-24 18:43:05,926 [pool-403-thread-1] INFO  server.RaftServerConfigKeys (ConfUtils.java:logGet(43)) - raft.server.retrycache.expirytime = 600000ms (custom)
2019-09-24 18:43:05,927 [main] INFO  ozone.MiniOzoneClusterImpl (MiniOzoneClusterImpl.java:getStorageContainerLocationClient(234)) - Creating StorageContainerLocationProtocol RPC client with address /0.0.0.0:37809
2019-09-24 18:43:05,929 [pool-413-thread-1] INFO  impl.RaftServerImpl (RaftServerImpl.java:start(185)) - 57ca6293-e2b9-4a4c-b2bc-c24aff6045c4@group-BBF77846C05D: start as a follower, conf=-1: [57ca6293-e2b9-4a4c-b2bc-c24aff6045c4:192.168.36.84:38223, 970d6631-1a01-43b9-8e86-8960ffd1a97f:192.168.36.84:42841, e7b9a2a3-58c7-459e-8ba9-4705c268421c:192.168.36.84:41854], old=null
2019-09-24 18:43:05,930 [pool-403-thread-1] INFO  impl.RaftServerImpl (RaftServerImpl.java:start(185)) - 970d6631-1a01-43b9-8e86-8960ffd1a97f@group-BBF77846C05D: start as a follower, conf=-1: [57ca6293-e2b9-4a4c-b2bc-c24aff6045c4:192.168.36.84:38223, 970d6631-1a01-43b9-8e86-8960ffd1a97f:192.168.36.84:42841, e7b9a2a3-58c7-459e-8ba9-4705c268421c:192.168.36.84:41854], old=null
2019-09-24 18:43:05,930 [pool-413-thread-1] INFO  impl.RaftServerImpl (RaftServerImpl.java:setRole(174)) - 57ca6293-e2b9-4a4c-b2bc-c24aff6045c4@group-BBF77846C05D: changes role from      null to FOLLOWER at term 0 for startAsFollower
2019-09-24 18:43:05,930 [pool-403-thread-1] INFO  impl.RaftServerImpl (RaftServerImpl.java:setRole(174)) - 970d6631-1a01-43b9-8e86-8960ffd1a97f@group-BBF77846C05D: changes role from      null to FOLLOWER at term 0 for startAsFollower
2019-09-24 18:43:05,930 [pool-413-thread-1] INFO  impl.RoleInfo (RoleInfo.java:updateAndGet(143)) - 57ca6293-e2b9-4a4c-b2bc-c24aff6045c4: start FollowerState
2019-09-24 18:43:05,930 [pool-403-thread-1] INFO  impl.RoleInfo (RoleInfo.java:updateAndGet(143)) - 970d6631-1a01-43b9-8e86-8960ffd1a97f: start FollowerState
2019-09-24 18:43:05,931 [pool-413-thread-1] INFO  util.JmxRegister (JmxRegister.java:tryRegister(44)) - Successfully registered JMX Bean with object name Ratis:service=RaftServer,group=group-BBF77846C05D,id=57ca6293-e2b9-4a4c-b2bc-c24aff6045c4
2019-09-24 18:43:05,931 [pool-403-thread-1] INFO  util.JmxRegister (JmxRegister.java:tryRegister(44)) - Successfully registered JMX Bean with object name Ratis:service=RaftServer,group=group-BBF77846C05D,id=970d6631-1a01-43b9-8e86-8960ffd1a97f
2019-09-24 18:43:05,934 [RatisPipelineUtilsThread] INFO  pipeline.PipelineStateManager (PipelineStateManager.java:addPipeline(56)) - Created pipeline Pipeline[ Id: c8f8fe6a-f514-4e13-b25f-bbf77846c05d, Nodes: e7b9a2a3-58c7-459e-8ba9-4705c268421c{ip: 192.168.36.84, host: pr-hdds-2171-6l6hb-1841322612, networkLocation: /default-rack, certSerialId: null}970d6631-1a01-43b9-8e86-8960ffd1a97f{ip: 192.168.36.84, host: pr-hdds-2171-6l6hb-1841322612, networkLocation: /default-rack, certSerialId: null}57ca6293-e2b9-4a4c-b2bc-c24aff6045c4{ip: 192.168.36.84, host: pr-hdds-2171-6l6hb-1841322612, networkLocation: /default-rack, certSerialId: null}, Type:RATIS, Factor:THREE, State:OPEN]
2019-09-24 18:43:06,847 [Thread-2474] INFO  container.ReplicationManager (ReplicationManager.java:start(162)) - Starting Replication Monitor Thread.
2019-09-24 18:43:06,854 [ReplicationMonitor] INFO  container.ReplicationManager (ReplicationManager.java:run(225)) - Replication Monitor Thread took 1 milliseconds for processing 1 containers.
2019-09-24 18:43:08,802 [Thread-2449] INFO  impl.FollowerState (FollowerState.java:run(106)) - ff3e2dbf-fbd7-44c8-b920-6245688f6c83:group-F2343F61EB5A changes to CANDIDATE, lastRpcTime:5065, electionTimeout:5063ms
2019-09-24 18:43:08,802 [Thread-2449] INFO  impl.RoleInfo (RoleInfo.java:shutdownFollowerState(121)) - ff3e2dbf-fbd7-44c8-b920-6245688f6c83: shutdown FollowerState
2019-09-24 18:43:08,802 [Thread-2449] INFO  impl.RaftServerImpl (RaftServerImpl.java:setRole(174)) - ff3e2dbf-fbd7-44c8-b920-6245688f6c83@group-F2343F61EB5A: changes role from  FOLLOWER to CANDIDATE at term 3 for changeToCandidate
2019-09-24 18:43:08,802 [Thread-2449] INFO  impl.RoleInfo (RoleInfo.java:updateAndGet(143)) - ff3e2dbf-fbd7-44c8-b920-6245688f6c83: start LeaderElection
2019-09-24 18:43:08,817 [Thread-2445] INFO  impl.FollowerState (FollowerState.java:run(106)) - 8e1599e9-105d-4dd4-a052-d21668a40b75:group-F2343F61EB5A changes to CANDIDATE, lastRpcTime:5124, electionTimeout:5083ms
2019-09-24 18:43:08,817 [Thread-2448] INFO  impl.FollowerState (FollowerState.java:run(106)) - 8e1599e9-105d-4dd4-a052-d21668a40b75:group-9DBFF3FC8B40 changes to CANDIDATE, lastRpcTime:5085, electionTimeout:5078ms
2019-09-24 18:43:08,817 [Thread-2445] INFO  impl.RoleInfo (RoleInfo.java:shutdownFollowerState(121)) - 8e1599e9-105d-4dd4-a052-d21668a40b75: shutdown FollowerState
2019-09-24 18:43:08,817 [Thread-2448] INFO  impl.RoleInfo (RoleInfo.java:shutdownFollowerState(121)) - 8e1599e9-105d-4dd4-a052-d21668a40b75: shutdown FollowerState
2019-09-24 18:43:08,818 [Thread-2445] INFO  impl.RaftServerImpl (RaftServerImpl.java:setRole(174)) - 8e1599e9-105d-4dd4-a052-d21668a40b75@group-F2343F61EB5A: changes role from  FOLLOWER to CANDIDATE at term 3 for changeToCandidate
2019-09-24 18:43:08,818 [Thread-2448] INFO  impl.RaftServerImpl (RaftServerImpl.java:setRole(174)) - 8e1599e9-105d-4dd4-a052-d21668a40b75@group-9DBFF3FC8B40: changes role from  FOLLOWER to CANDIDATE at term 3 for changeToCandidate
2019-09-24 18:43:08,818 [Thread-2445] INFO  impl.RoleInfo (RoleInfo.java:updateAndGet(143)) - 8e1599e9-105d-4dd4-a052-d21668a40b75: start LeaderElection
2019-09-24 18:43:08,818 [Thread-2448] INFO  impl.RoleInfo (RoleInfo.java:updateAndGet(143)) - 8e1599e9-105d-4dd4-a052-d21668a40b75: start LeaderElection
2019-09-24 18:43:08,822 [Thread-2447] INFO  impl.FollowerState (FollowerState.java:run(106)) - bfedd7ac-20a7-41ea-98ab-a94e8334a7fe:group-9DBFF3FC8B40 changes to CANDIDATE, lastRpcTime:5090, electionTimeout:5089ms
2019-09-24 18:43:08,826 [Thread-2447] INFO  impl.RoleInfo (RoleInfo.java:shutdownFollowerState(121)) - bfedd7ac-20a7-41ea-98ab-a94e8334a7fe: shutdown FollowerState
2019-09-24 18:43:08,826 [Thread-2447] INFO  impl.RaftServerImpl (RaftServerImpl.java:setRole(174)) - bfedd7ac-20a7-41ea-98ab-a94e8334a7fe@group-9DBFF3FC8B40: changes role from  FOLLOWER to CANDIDATE at term 3 for changeToCandidate
2019-09-24 18:43:08,826 [Thread-2447] INFO  impl.RoleInfo (RoleInfo.java:updateAndGet(143)) - bfedd7ac-20a7-41ea-98ab-a94e8334a7fe: start LeaderElection
2019-09-24 18:43:08,830 [Thread-2452] INFO  impl.FollowerState (FollowerState.java:run(106)) - bfedd7ac-20a7-41ea-98ab-a94e8334a7fe:group-F2343F61EB5A changes to CANDIDATE, lastRpcTime:5092, electionTimeout:5088ms
2019-09-24 18:43:08,830 [Thread-2452] INFO  impl.RoleInfo (RoleInfo.java:shutdownFollowerState(121)) - bfedd7ac-20a7-41ea-98ab-a94e8334a7fe: shutdown FollowerState
2019-09-24 18:43:08,831 [Thread-2452] INFO  impl.RaftServerImpl (RaftServerImpl.java:setRole(174)) - bfedd7ac-20a7-41ea-98ab-a94e8334a7fe@group-F2343F61EB5A: changes role from  FOLLOWER to CANDIDATE at term 3 for changeToCandidate
2019-09-24 18:43:08,831 [Thread-2452] INFO  impl.RoleInfo (RoleInfo.java:updateAndGet(143)) - bfedd7ac-20a7-41ea-98ab-a94e8334a7fe: start LeaderElection
2019-09-24 18:43:08,835 [Thread-2444] INFO  impl.FollowerState (FollowerState.java:run(106)) - 8e1599e9-105d-4dd4-a052-d21668a40b75:group-E47707E13CB0 changes to CANDIDATE, lastRpcTime:5153, electionTimeout:5146ms
2019-09-24 18:43:08,835 [Thread-2444] INFO  impl.RoleInfo (RoleInfo.java:shutdownFollowerState(121)) - 8e1599e9-105d-4dd4-a052-d21668a40b75: shutdown FollowerState
2019-09-24 18:43:08,835 [Thread-2444] INFO  impl.RaftServerImpl (RaftServerImpl.java:setRole(174)) - 8e1599e9-105d-4dd4-a052-d21668a40b75@group-E47707E13CB0: changes role from  FOLLOWER to CANDIDATE at term 1 for changeToCandidate
2019-09-24 18:43:08,835 [Thread-2444] INFO  impl.RoleInfo (RoleInfo.java:updateAndGet(143)) - 8e1599e9-105d-4dd4-a052-d21668a40b75: start LeaderElection
2019-09-24 18:43:08,849 [Thread-2446] INFO  impl.FollowerState (FollowerState.java:run(106)) - ff3e2dbf-fbd7-44c8-b920-6245688f6c83:group-9DBFF3FC8B40 changes to CANDIDATE, lastRpcTime:5116, electionTimeout:5113ms
2019-09-24 18:43:08,849 [Thread-2446] INFO  impl.RoleInfo (RoleInfo.java:shutdownFollowerState(121)) - ff3e2dbf-fbd7-44c8-b920-6245688f6c83: shutdown FollowerState
2019-09-24 18:43:08,849 [Thread-2446] INFO  impl.RaftServerImpl (RaftServerImpl.java:setRole(174)) - ff3e2dbf-fbd7-44c8-b920-6245688f6c83@group-9DBFF3FC8B40: changes role from  FOLLOWER to CANDIDATE at term 3 for changeToCandidate
2019-09-24 18:43:08,849 [Thread-2446] INFO  impl.RoleInfo (RoleInfo.java:updateAndGet(143)) - ff3e2dbf-fbd7-44c8-b920-6245688f6c83: start LeaderElection
2019-09-24 18:43:08,861 [Thread-2451] INFO  impl.FollowerState (FollowerState.java:run(106)) - bfedd7ac-20a7-41ea-98ab-a94e8334a7fe:group-E47707E13CB0 changes to CANDIDATE, lastRpcTime:5127, electionTimeout:5126ms
2019-09-24 18:43:08,861 [Thread-2451] INFO  impl.RoleInfo (RoleInfo.java:shutdownFollowerState(121)) - bfedd7ac-20a7-41ea-98ab-a94e8334a7fe: shutdown FollowerState
2019-09-24 18:43:08,861 [Thread-2451] INFO  impl.RaftServerImpl (RaftServerImpl.java:setRole(174)) - bfedd7ac-20a7-41ea-98ab-a94e8334a7fe@group-E47707E13CB0: changes role from  FOLLOWER to CANDIDATE at term 1 for changeToCandidate
2019-09-24 18:43:08,862 [Thread-2451] INFO  impl.RoleInfo (RoleInfo.java:updateAndGet(143)) - bfedd7ac-20a7-41ea-98ab-a94e8334a7fe: start LeaderElection
2019-09-24 18:43:08,931 [Thread-2450] INFO  impl.FollowerState (FollowerState.java:run(106)) - ff3e2dbf-fbd7-44c8-b920-6245688f6c83:group-E47707E13CB0 changes to CANDIDATE, lastRpcTime:5194, electionTimeout:5194ms
2019-09-24 18:43:08,931 [Thread-2450] INFO  impl.RoleInfo (RoleInfo.java:shutdownFollowerState(121)) - ff3e2dbf-fbd7-44c8-b920-6245688f6c83: shutdown FollowerState
2019-09-24 18:43:08,931 [Thread-2450] INFO  impl.RaftServerImpl (RaftServerImpl.java:setRole(174)) - ff3e2dbf-fbd7-44c8-b920-6245688f6c83@group-E47707E13CB0: changes role from  FOLLOWER to CANDIDATE at term 1 for changeToCandidate
2019-09-24 18:43:08,931 [Thread-2450] INFO  impl.RoleInfo (RoleInfo.java:updateAndGet(143)) - ff3e2dbf-fbd7-44c8-b920-6245688f6c83: start LeaderElection
2019-09-24 18:43:09,038 [Thread-2476] INFO  impl.FollowerState (FollowerState.java:run(106)) - 3f2c6e52-b251-4342-81d8-126278b75ced:group-366527C1CFCE changes to CANDIDATE, lastRpcTime:5126, electionTimeout:5126ms
2019-09-24 18:43:09,039 [Thread-2476] INFO  impl.RoleInfo (RoleInfo.java:shutdownFollowerState(121)) - 3f2c6e52-b251-4342-81d8-126278b75ced: shutdown FollowerState
2019-09-24 18:43:09,039 [Thread-2476] INFO  impl.RaftServerImpl (RaftServerImpl.java:setRole(174)) - 3f2c6e52-b251-4342-81d8-126278b75ced@group-366527C1CFCE: changes role from  FOLLOWER to CANDIDATE at term 0 for changeToCandidate
2019-09-24 18:43:09,039 [Thread-2476] INFO  impl.RoleInfo (RoleInfo.java:updateAndGet(143)) - 3f2c6e52-b251-4342-81d8-126278b75ced: start LeaderElection
2019-09-24 18:43:10,395 [Thread-2479] INFO  impl.FollowerState (FollowerState.java:run(106)) - e8dc17a1-737d-4975-94aa-89e57a40abfc:group-B10893BEAC1D changes to CANDIDATE, lastRpcTime:5023, electionTimeout:5023ms
2019-09-24 18:43:10,398 [Thread-2479] INFO  impl.RoleInfo (RoleInfo.java:shutdownFollowerState(121)) - e8dc17a1-737d-4975-94aa-89e57a40abfc: shutdown FollowerState
2019-09-24 18:43:10,398 [Thread-2479] INFO  impl.RaftServerImpl (RaftServerImpl.java:setRole(174)) - e8dc17a1-737d-4975-94aa-89e57a40abfc@group-B10893BEAC1D: changes role from  FOLLOWER to CANDIDATE at term 0 for changeToCandidate
2019-09-24 18:43:10,398 [Thread-2479] INFO  impl.RoleInfo (RoleInfo.java:updateAndGet(143)) - e8dc17a1-737d-4975-94aa-89e57a40abfc: start LeaderElection
2019-09-24 18:43:10,476 [Thread-2482] INFO  impl.FollowerState (FollowerState.java:run(106)) - 75085931-92b1-4873-b3f1-0c98c0c26420:group-61BB5FB3D42B changes to CANDIDATE, lastRpcTime:5061, electionTimeout:5061ms
2019-09-24 18:43:10,476 [Thread-2482] INFO  impl.RoleInfo (RoleInfo.java:shutdownFollowerState(121)) - 75085931-92b1-4873-b3f1-0c98c0c26420: shutdown FollowerState
2019-09-24 18:43:10,476 [Thread-2482] INFO  impl.RaftServerImpl (RaftServerImpl.java:setRole(174)) - 75085931-92b1-4873-b3f1-0c98c0c26420@group-61BB5FB3D42B: changes role from  FOLLOWER to CANDIDATE at term 0 for changeToCandidate
2019-09-24 18:43:10,476 [Thread-2482] INFO  impl.RoleInfo (RoleInfo.java:updateAndGet(143)) - 75085931-92b1-4873-b3f1-0c98c0c26420: start LeaderElection
2019-09-24 18:43:10,553 [Thread-2491] INFO  impl.FollowerState (FollowerState.java:run(106)) - 3f2c6e52-b251-4342-81d8-126278b75ced:group-24E0F0C309DD changes to CANDIDATE, lastRpcTime:5049, electionTimeout:5049ms
2019-09-24 18:43:10,553 [Thread-2491] INFO  impl.RoleInfo (RoleInfo.java:shutdownFollowerState(121)) - 3f2c6e52-b251-4342-81d8-126278b75ced: shutdown FollowerState
2019-09-24 18:43:10,554 [Thread-2491] INFO  impl.RaftServerImpl (RaftServerImpl.java:setRole(174)) - 3f2c6e52-b251-4342-81d8-126278b75ced@group-24E0F0C309DD: changes role from  FOLLOWER to CANDIDATE at term 0 for changeToCandidate
2019-09-24 18:43:10,554 [Thread-2491] INFO  impl.RoleInfo (RoleInfo.java:updateAndGet(143)) - 3f2c6e52-b251-4342-81d8-126278b75ced: start LeaderElection
2019-09-24 18:43:10,573 [Thread-2485] INFO  impl.FollowerState (FollowerState.java:run(106)) - 75085931-92b1-4873-b3f1-0c98c0c26420:group-24E0F0C309DD changes to CANDIDATE, lastRpcTime:5073, electionTimeout:5073ms
2019-09-24 18:43:10,574 [Thread-2485] INFO  impl.RoleInfo (RoleInfo.java:shutdownFollowerState(121)) - 75085931-92b1-4873-b3f1-0c98c0c26420: shutdown FollowerState
2019-09-24 18:43:10,574 [Thread-2485] INFO  impl.RaftServerImpl (RaftServerImpl.java:setRole(174)) - 75085931-92b1-4873-b3f1-0c98c0c26420@group-24E0F0C309DD: changes role from  FOLLOWER to CANDIDATE at term 0 for changeToCandidate
2019-09-24 18:43:10,574 [Thread-2485] INFO  impl.RoleInfo (RoleInfo.java:updateAndGet(143)) - 75085931-92b1-4873-b3f1-0c98c0c26420: start LeaderElection
2019-09-24 18:43:10,685 [Thread-2494] INFO  impl.FollowerState (FollowerState.java:run(106)) - 970d6631-1a01-43b9-8e86-8960ffd1a97f:group-4D9AFCCB320F changes to CANDIDATE, lastRpcTime:5047, electionTimeout:5047ms
2019-09-24 18:43:10,685 [Thread-2494] INFO  impl.RoleInfo (RoleInfo.java:shutdownFollowerState(121)) - 970d6631-1a01-43b9-8e86-8960ffd1a97f: shutdown FollowerState
2019-09-24 18:43:10,685 [Thread-2494] INFO  impl.RaftServerImpl (RaftServerImpl.java:setRole(174)) - 970d6631-1a01-43b9-8e86-8960ffd1a97f@group-4D9AFCCB320F: changes role from  FOLLOWER to CANDIDATE at term 0 for changeToCandidate
2019-09-24 18:43:10,685 [Thread-2494] INFO  impl.RoleInfo (RoleInfo.java:updateAndGet(143)) - 970d6631-1a01-43b9-8e86-8960ffd1a97f: start LeaderElection
2019-09-24 18:43:10,697 [Thread-2489] INFO  impl.FollowerState (FollowerState.java:run(106)) - e8dc17a1-737d-4975-94aa-89e57a40abfc:group-24E0F0C309DD changes to CANDIDATE, lastRpcTime:5194, electionTimeout:5189ms
2019-09-24 18:43:10,697 [Thread-2489] INFO  impl.RoleInfo (RoleInfo.java:shutdownFollowerState(121)) - e8dc17a1-737d-4975-94aa-89e57a40abfc: shutdown FollowerState
2019-09-24 18:43:10,697 [Thread-2489] INFO  impl.RaftServerImpl (RaftServerImpl.java:setRole(174)) - e8dc17a1-737d-4975-94aa-89e57a40abfc@group-24E0F0C309DD: changes role from  FOLLOWER to CANDIDATE at term 0 for changeToCandidate
2019-09-24 18:43:10,697 [Thread-2489] INFO  impl.RoleInfo (RoleInfo.java:updateAndGet(143)) - e8dc17a1-737d-4975-94aa-89e57a40abfc: start LeaderElection
2019-09-24 18:43:10,709 [Thread-2497] INFO  impl.FollowerState (FollowerState.java:run(106)) - 57ca6293-e2b9-4a4c-b2bc-c24aff6045c4:group-003F8C097EE2 changes to CANDIDATE, lastRpcTime:5021, electionTimeout:5021ms
2019-09-24 18:43:10,709 [Thread-2497] INFO  impl.RoleInfo (RoleInfo.java:shutdownFollowerState(121)) - 57ca6293-e2b9-4a4c-b2bc-c24aff6045c4: shutdown FollowerState
2019-09-24 18:43:10,710 [Thread-2497] INFO  impl.RaftServerImpl (RaftServerImpl.java:setRole(174)) - 57ca6293-e2b9-4a4c-b2bc-c24aff6045c4@group-003F8C097EE2: changes role from  FOLLOWER to CANDIDATE at term 0 for changeToCandidate
2019-09-24 18:43:10,710 [Thread-2497] INFO  impl.RoleInfo (RoleInfo.java:updateAndGet(143)) - 57ca6293-e2b9-4a4c-b2bc-c24aff6045c4: start LeaderElection
2019-09-24 18:43:10,920 [Thread-2500] INFO  impl.FollowerState (FollowerState.java:run(106)) - e7b9a2a3-58c7-459e-8ba9-4705c268421c:group-94E150D93671 changes to CANDIDATE, lastRpcTime:5161, electionTimeout:5161ms
2019-09-24 18:43:10,920 [Thread-2500] INFO  impl.RoleInfo (RoleInfo.java:shutdownFollowerState(121)) - e7b9a2a3-58c7-459e-8ba9-4705c268421c: shutdown FollowerState
2019-09-24 18:43:10,920 [Thread-2500] INFO  impl.RaftServerImpl (RaftServerImpl.java:setRole(174)) - e7b9a2a3-58c7-459e-8ba9-4705c268421c@group-94E150D93671: changes role from  FOLLOWER to CANDIDATE at term 0 for changeToCandidate
2019-09-24 18:43:10,920 [Thread-2500] INFO  impl.RoleInfo (RoleInfo.java:updateAndGet(143)) - e7b9a2a3-58c7-459e-8ba9-4705c268421c: start LeaderElection
2019-09-24 18:43:10,975 [Thread-2510] INFO  impl.FollowerState (FollowerState.java:run(106)) - 970d6631-1a01-43b9-8e86-8960ffd1a97f:group-BBF77846C05D changes to CANDIDATE, lastRpcTime:5044, electionTimeout:5044ms
2019-09-24 18:43:10,975 [Thread-2510] INFO  impl.RoleInfo (RoleInfo.java:shutdownFollowerState(121)) - 970d6631-1a01-43b9-8e86-8960ffd1a97f: shutdown FollowerState
2019-09-24 18:43:10,975 [Thread-2510] INFO  impl.RaftServerImpl (RaftServerImpl.java:setRole(174)) - 970d6631-1a01-43b9-8e86-8960ffd1a97f@group-BBF77846C05D: changes role from  FOLLOWER to CANDIDATE at term 0 for changeToCandidate
2019-09-24 18:43:10,975 [Thread-2510] INFO  impl.RoleInfo (RoleInfo.java:updateAndGet(143)) - 970d6631-1a01-43b9-8e86-8960ffd1a97f: start LeaderElection
2019-09-24 18:43:11,013 [Thread-2505] INFO  impl.FollowerState (FollowerState.java:run(106)) - e7b9a2a3-58c7-459e-8ba9-4705c268421c:group-BBF77846C05D changes to CANDIDATE, lastRpcTime:5091, electionTimeout:5091ms
2019-09-24 18:43:11,014 [Thread-2505] INFO  impl.RoleInfo (RoleInfo.java:shutdownFollowerState(121)) - e7b9a2a3-58c7-459e-8ba9-4705c268421c: shutdown FollowerState
2019-09-24 18:43:11,014 [Thread-2505] INFO  impl.RaftServerImpl (RaftServerImpl.java:setRole(174)) - e7b9a2a3-58c7-459e-8ba9-4705c268421c@group-BBF77846C05D: changes role from  FOLLOWER to CANDIDATE at term 0 for changeToCandidate
2019-09-24 18:43:11,014 [Thread-2505] INFO  impl.RoleInfo (RoleInfo.java:updateAndGet(143)) - e7b9a2a3-58c7-459e-8ba9-4705c268421c: start LeaderElection
2019-09-24 18:43:11,049 [Thread-2509] INFO  impl.FollowerState (FollowerState.java:run(106)) - 57ca6293-e2b9-4a4c-b2bc-c24aff6045c4:group-BBF77846C05D changes to CANDIDATE, lastRpcTime:5118, electionTimeout:5112ms
2019-09-24 18:43:11,049 [Thread-2509] INFO  impl.RoleInfo (RoleInfo.java:shutdownFollowerState(121)) - 57ca6293-e2b9-4a4c-b2bc-c24aff6045c4: shutdown FollowerState
2019-09-24 18:43:11,049 [Thread-2509] INFO  impl.RaftServerImpl (RaftServerImpl.java:setRole(174)) - 57ca6293-e2b9-4a4c-b2bc-c24aff6045c4@group-BBF77846C05D: changes role from  FOLLOWER to CANDIDATE at term 0 for changeToCandidate
2019-09-24 18:43:11,049 [Thread-2509] INFO  impl.RoleInfo (RoleInfo.java:updateAndGet(143)) - 57ca6293-e2b9-4a4c-b2bc-c24aff6045c4: start LeaderElection
2019-09-24 18:43:11,110 [8e1599e9-105d-4dd4-a052-d21668a40b75@group-E47707E13CB0:LeaderElection91] INFO  impl.LeaderElection (LeaderElection.java:askForVotes(182)) - 8e1599e9-105d-4dd4-a052-d21668a40b75@group-E47707E13CB0:LeaderElection91: begin an election at term 2 for -1: [bfedd7ac-20a7-41ea-98ab-a94e8334a7fe:192.168.36.84:46718, ff3e2dbf-fbd7-44c8-b920-6245688f6c83:192.168.36.84:44531, 8e1599e9-105d-4dd4-a052-d21668a40b75:192.168.36.84:44254], old=null
2019-09-24 18:43:11,110 [ff3e2dbf-fbd7-44c8-b920-6245688f6c83@group-F2343F61EB5A:LeaderElection86] INFO  impl.LeaderElection (LeaderElection.java:askForVotes(182)) - ff3e2dbf-fbd7-44c8-b920-6245688f6c83@group-F2343F61EB5A:LeaderElection86: begin an election at term 4 for -1: [bfedd7ac-20a7-41ea-98ab-a94e8334a7fe:192.168.36.84:46718, ff3e2dbf-fbd7-44c8-b920-6245688f6c83:192.168.36.84:44531, 8e1599e9-105d-4dd4-a052-d21668a40b75:192.168.36.84:44254], old=null
2019-09-24 18:43:11,110 [bfedd7ac-20a7-41ea-98ab-a94e8334a7fe@group-F2343F61EB5A:LeaderElection90] INFO  impl.LeaderElection (LeaderElection.java:askForVotes(182)) - bfedd7ac-20a7-41ea-98ab-a94e8334a7fe@group-F2343F61EB5A:LeaderElection90: begin an election at term 4 for -1: [bfedd7ac-20a7-41ea-98ab-a94e8334a7fe:192.168.36.84:46718, ff3e2dbf-fbd7-44c8-b920-6245688f6c83:192.168.36.84:44531, 8e1599e9-105d-4dd4-a052-d21668a40b75:192.168.36.84:44254], old=null
2019-09-24 18:43:11,110 [8e1599e9-105d-4dd4-a052-d21668a40b75@group-F2343F61EB5A:LeaderElection87] INFO  impl.LeaderElection (LeaderElection.java:askForVotes(182)) - 8e1599e9-105d-4dd4-a052-d21668a40b75@group-F2343F61EB5A:LeaderElection87: begin an election at term 4 for -1: [bfedd7ac-20a7-41ea-98ab-a94e8334a7fe:192.168.36.84:46718, ff3e2dbf-fbd7-44c8-b920-6245688f6c83:192.168.36.84:44531, 8e1599e9-105d-4dd4-a052-d21668a40b75:192.168.36.84:44254], old=null
2019-09-24 18:43:11,110 [8e1599e9-105d-4dd4-a052-d21668a40b75@group-9DBFF3FC8B40:LeaderElection88] INFO  impl.LeaderElection (LeaderElection.java:askForVotes(182)) - 8e1599e9-105d-4dd4-a052-d21668a40b75@group-9DBFF3FC8B40:LeaderElection88: begin an election at term 4 for -1: [bfedd7ac-20a7-41ea-98ab-a94e8334a7fe:192.168.36.84:46718, ff3e2dbf-fbd7-44c8-b920-6245688f6c83:192.168.36.84:44531, 8e1599e9-105d-4dd4-a052-d21668a40b75:192.168.36.84:44254], old=null
2019-09-24 18:43:11,110 [bfedd7ac-20a7-41ea-98ab-a94e8334a7fe@group-9DBFF3FC8B40:LeaderElection89] INFO  impl.LeaderElection (LeaderElection.java:askForVotes(182)) - bfedd7ac-20a7-41ea-98ab-a94e8334a7fe@group-9DBFF3FC8B40:LeaderElection89: begin an election at term 4 for -1: [bfedd7ac-20a7-41ea-98ab-a94e8334a7fe:192.168.36.84:46718, ff3e2dbf-fbd7-44c8-b920-6245688f6c83:192.168.36.84:44531, 8e1599e9-105d-4dd4-a052-d21668a40b75:192.168.36.84:44254], old=null
2019-09-24 18:43:11,117 [8e1599e9-105d-4dd4-a052-d21668a40b75@group-F2343F61EB5A:LeaderElection87] INFO  impl.LeaderElection (LeaderElection.java:logAndReturn(56)) - 8e1599e9-105d-4dd4-a052-d21668a40b75@group-F2343F61EB5A:LeaderElection87: Election REJECTED; received 2 response(s) [8e1599e9-105d-4dd4-a052-d21668a40b75<-bfedd7ac-20a7-41ea-98ab-a94e8334a7fe#0:FAIL-t4, 8e1599e9-105d-4dd4-a052-d21668a40b75<-ff3e2dbf-fbd7-44c8-b920-6245688f6c83#0:FAIL-t4] and 0 exception(s); 8e1599e9-105d-4dd4-a052-d21668a40b75@group-F2343F61EB5A:t4, leader=null, voted=8e1599e9-105d-4dd4-a052-d21668a40b75, raftlog=8e1599e9-105d-4dd4-a052-d21668a40b75@group-F2343F61EB5A-SegmentedRaftLog:OPENED:c-1,f-1,i0, conf=-1: [bfedd7ac-20a7-41ea-98ab-a94e8334a7fe:192.168.36.84:46718, ff3e2dbf-fbd7-44c8-b920-6245688f6c83:192.168.36.84:44531, 8e1599e9-105d-4dd4-a052-d21668a40b75:192.168.36.84:44254], old=null
2019-09-24 18:43:11,117 [ff3e2dbf-fbd7-44c8-b920-6245688f6c83@group-F2343F61EB5A:LeaderElection86] INFO  impl.LeaderElection (LeaderElection.java:logAndReturn(56)) - ff3e2dbf-fbd7-44c8-b920-6245688f6c83@group-F2343F61EB5A:LeaderElection86: Election REJECTED; received 2 response(s) [ff3e2dbf-fbd7-44c8-b920-6245688f6c83<-bfedd7ac-20a7-41ea-98ab-a94e8334a7fe#0:FAIL-t4, ff3e2dbf-fbd7-44c8-b920-6245688f6c83<-8e1599e9-105d-4dd4-a052-d21668a40b75#0:FAIL-t4] and 0 exception(s); ff3e2dbf-fbd7-44c8-b920-6245688f6c83@group-F2343F61EB5A:t4, leader=null, voted=ff3e2dbf-fbd7-44c8-b920-6245688f6c83, raftlog=ff3e2dbf-fbd7-44c8-b920-6245688f6c83@group-F2343F61EB5A-SegmentedRaftLog:OPENED:c-1,f-1,i0, conf=-1: [bfedd7ac-20a7-41ea-98ab-a94e8334a7fe:192.168.36.84:46718, ff3e2dbf-fbd7-44c8-b920-6245688f6c83:192.168.36.84:44531, 8e1599e9-105d-4dd4-a052-d21668a40b75:192.168.36.84:44254], old=null
2019-09-24 18:43:11,118 [8e1599e9-105d-4dd4-a052-d21668a40b75@group-F2343F61EB5A:LeaderElection87] INFO  impl.RaftServerImpl (RaftServerImpl.java:setRole(174)) - 8e1599e9-105d-4dd4-a052-d21668a40b75@group-F2343F61EB5A: changes role from CANDIDATE to FOLLOWER at term 4 for DISCOVERED_A_NEW_TERM
2019-09-24 18:43:11,118 [bfedd7ac-20a7-41ea-98ab-a94e8334a7fe@group-F2343F61EB5A:LeaderElection90] INFO  impl.LeaderElection (LeaderElection.java:logAndReturn(56)) - bfedd7ac-20a7-41ea-98ab-a94e8334a7fe@group-F2343F61EB5A:LeaderElection90: Election REJECTED; received 2 response(s) [bfedd7ac-20a7-41ea-98ab-a94e8334a7fe<-ff3e2dbf-fbd7-44c8-b920-6245688f6c83#0:FAIL-t4, bfedd7ac-20a7-41ea-98ab-a94e8334a7fe<-8e1599e9-105d-4dd4-a052-d21668a40b75#0:FAIL-t4] and 0 exception(s); bfedd7ac-20a7-41ea-98ab-a94e8334a7fe@group-F2343F61EB5A:t4, leader=null, voted=bfedd7ac-20a7-41ea-98ab-a94e8334a7fe, raftlog=bfedd7ac-20a7-41ea-98ab-a94e8334a7fe@group-F2343F61EB5A-SegmentedRaftLog:OPENED:c-1,f-1,i0, conf=-1: [bfedd7ac-20a7-41ea-98ab-a94e8334a7fe:192.168.36.84:46718, ff3e2dbf-fbd7-44c8-b920-6245688f6c83:192.168.36.84:44531, 8e1599e9-105d-4dd4-a052-d21668a40b75:192.168.36.84:44254], old=null
2019-09-24 18:43:11,123 [8e1599e9-105d-4dd4-a052-d21668a40b75@group-F2343F61EB5A:LeaderElection87] INFO  impl.RoleInfo (RoleInfo.java:shutdownLeaderElection(134)) - 8e1599e9-105d-4dd4-a052-d21668a40b75: shutdown LeaderElection
2019-09-24 18:43:11,118 [ff3e2dbf-fbd7-44c8-b920-6245688f6c83@group-F2343F61EB5A:LeaderElection86] INFO  impl.RaftServerImpl (RaftServerImpl.java:setRole(174)) - ff3e2dbf-fbd7-44c8-b920-6245688f6c83@group-F2343F61EB5A: changes role from CANDIDATE to FOLLOWER at term 4 for DISCOVERED_A_NEW_TERM
2019-09-24 18:43:11,132 [8e1599e9-105d-4dd4-a052-d21668a40b75@group-F2343F61EB5A:LeaderElection87] INFO  impl.RoleInfo (RoleInfo.java:updateAndGet(143)) - 8e1599e9-105d-4dd4-a052-d21668a40b75: start FollowerState
2019-09-24 18:43:11,127 [bfedd7ac-20a7-41ea-98ab-a94e8334a7fe@group-F2343F61EB5A:LeaderElection90] INFO  impl.RaftServerImpl (RaftServerImpl.java:setRole(174)) - bfedd7ac-20a7-41ea-98ab-a94e8334a7fe@group-F2343F61EB5A: changes role from CANDIDATE to FOLLOWER at term 4 for DISCOVERED_A_NEW_TERM
2019-09-24 18:43:11,132 [ff3e2dbf-fbd7-44c8-b920-6245688f6c83@group-F2343F61EB5A:LeaderElection86] INFO  impl.RoleInfo (RoleInfo.java:shutdownLeaderElection(134)) - ff3e2dbf-fbd7-44c8-b920-6245688f6c83: shutdown LeaderElection
2019-09-24 18:43:11,132 [bfedd7ac-20a7-41ea-98ab-a94e8334a7fe@group-F2343F61EB5A:LeaderElection90] INFO  impl.RoleInfo (RoleInfo.java:shutdownLeaderElection(134)) - bfedd7ac-20a7-41ea-98ab-a94e8334a7fe: shutdown LeaderElection
2019-09-24 18:43:11,133 [ff3e2dbf-fbd7-44c8-b920-6245688f6c83@group-F2343F61EB5A:LeaderElection86] INFO  impl.RoleInfo (RoleInfo.java:updateAndGet(143)) - ff3e2dbf-fbd7-44c8-b920-6245688f6c83: start FollowerState
2019-09-24 18:43:11,133 [bfedd7ac-20a7-41ea-98ab-a94e8334a7fe@group-F2343F61EB5A:LeaderElection90] INFO  impl.RoleInfo (RoleInfo.java:updateAndGet(143)) - bfedd7ac-20a7-41ea-98ab-a94e8334a7fe: start FollowerState
2019-09-24 18:43:14,114 [8e1599e9-105d-4dd4-a052-d21668a40b75@group-9DBFF3FC8B40:LeaderElection88] INFO  impl.LeaderElection (LogUtils.java:infoOrTrace(149)) - 8e1599e9-105d-4dd4-a052-d21668a40b75@group-9DBFF3FC8B40:LeaderElection88 got exception when requesting votes: {}
java.util.concurrent.ExecutionException: org.apache.ratis.thirdparty.io.grpc.StatusRuntimeException: DEADLINE_EXCEEDED: deadline exceeded after 2999799455ns
	at java.util.concurrent.FutureTask.report(FutureTask.java:122)
	at java.util.concurrent.FutureTask.get(FutureTask.java:192)
	at org.apache.ratis.server.impl.LeaderElection.waitForResults(LeaderElection.java:263)
	at org.apache.ratis.server.impl.LeaderElection.askForVotes(LeaderElection.java:201)
	at org.apache.ratis.server.impl.LeaderElection.run(LeaderElection.java:133)
	at java.lang.Thread.run(Thread.java:748)
Caused by: org.apache.ratis.thirdparty.io.grpc.StatusRuntimeException: DEADLINE_EXCEEDED: deadline exceeded after 2999799455ns
	at org.apache.ratis.thirdparty.io.grpc.stub.ClientCalls.toStatusRuntimeException(ClientCalls.java:233)
	at org.apache.ratis.thirdparty.io.grpc.stub.ClientCalls.getUnchecked(ClientCalls.java:214)
	at org.apache.ratis.thirdparty.io.grpc.stub.ClientCalls.blockingUnaryCall(ClientCalls.java:139)
	at org.apache.ratis.proto.grpc.RaftServerProtocolServiceGrpc$RaftServerProtocolServiceBlockingStub.requestVote(RaftServerProtocolServiceGrpc.java:265)
	at org.apache.ratis.grpc.server.GrpcServerProtocolClient.requestVote(GrpcServerProtocolClient.java:90)
	at org.apache.ratis.grpc.server.GrpcService.requestVote(GrpcService.java:204)
	at org.apache.ratis.server.impl.LeaderElection.lambda$submitRequests$1(LeaderElection.java:238)
	at java.util.concurrent.FutureTask.run(FutureTask.java:266)
	at java.util.concurrent.Executors$RunnableAdapter.call(Executors.java:511)
	at java.util.concurrent.FutureTask.run(FutureTask.java:266)
	at java.util.concurrent.ThreadPoolExecutor.runWorker(ThreadPoolExecutor.java:1149)
	at java.util.concurrent.ThreadPoolExecutor$Worker.run(ThreadPoolExecutor.java:624)
	... 1 more
2019-09-24 18:43:14,114 [8e1599e9-105d-4dd4-a052-d21668a40b75@group-E47707E13CB0:LeaderElection91] INFO  impl.LeaderElection (LogUtils.java:infoOrTrace(149)) - 8e1599e9-105d-4dd4-a052-d21668a40b75@group-E47707E13CB0:LeaderElection91 got exception when requesting votes: {}
java.util.concurrent.ExecutionException: org.apache.ratis.thirdparty.io.grpc.StatusRuntimeException: DEADLINE_EXCEEDED: deadline exceeded after 2999353858ns
	at java.util.concurrent.FutureTask.report(FutureTask.java:122)
	at java.util.concurrent.FutureTask.get(FutureTask.java:192)
	at org.apache.ratis.server.impl.LeaderElection.waitForResults(LeaderElection.java:263)
	at org.apache.ratis.server.impl.LeaderElection.askForVotes(LeaderElection.java:201)
	at org.apache.ratis.server.impl.LeaderElection.run(LeaderElection.java:133)
	at java.lang.Thread.run(Thread.java:748)
Caused by: org.apache.ratis.thirdparty.io.grpc.StatusRuntimeException: DEADLINE_EXCEEDED: deadline exceeded after 2999353858ns
	at org.apache.ratis.thirdparty.io.grpc.stub.ClientCalls.toStatusRuntimeException(ClientCalls.java:233)
	at org.apache.ratis.thirdparty.io.grpc.stub.ClientCalls.getUnchecked(ClientCalls.java:214)
	at org.apache.ratis.thirdparty.io.grpc.stub.ClientCalls.blockingUnaryCall(ClientCalls.java:139)
	at org.apache.ratis.proto.grpc.RaftServerProtocolServiceGrpc$RaftServerProtocolServiceBlockingStub.requestVote(RaftServerProtocolServiceGrpc.java:265)
	at org.apache.ratis.grpc.server.GrpcServerProtocolClient.requestVote(GrpcServerProtocolClient.java:90)
	at org.apache.ratis.grpc.server.GrpcService.requestVote(GrpcService.java:204)
	at org.apache.ratis.server.impl.LeaderElection.lambda$submitRequests$1(LeaderElection.java:238)
	at java.util.concurrent.FutureTask.run(FutureTask.java:266)
	at java.util.concurrent.Executors$RunnableAdapter.call(Executors.java:511)
	at java.util.concurrent.FutureTask.run(FutureTask.java:266)
	at java.util.concurrent.ThreadPoolExecutor.runWorker(ThreadPoolExecutor.java:1149)
	at java.util.concurrent.ThreadPoolExecutor$Worker.run(ThreadPoolExecutor.java:624)
	... 1 more
2019-09-24 18:43:14,114 [bfedd7ac-20a7-41ea-98ab-a94e8334a7fe@group-9DBFF3FC8B40:LeaderElection89] INFO  impl.LeaderElection (LogUtils.java:infoOrTrace(149)) - bfedd7ac-20a7-41ea-98ab-a94e8334a7fe@group-9DBFF3FC8B40:LeaderElection89 got exception when requesting votes: {}
java.util.concurrent.ExecutionException: org.apache.ratis.thirdparty.io.grpc.StatusRuntimeException: DEADLINE_EXCEEDED: deadline exceeded after 2999844581ns
	at java.util.concurrent.FutureTask.report(FutureTask.java:122)
	at java.util.concurrent.FutureTask.get(FutureTask.java:192)
	at org.apache.ratis.server.impl.LeaderElection.waitForResults(LeaderElection.java:263)
	at org.apache.ratis.server.impl.LeaderElection.askForVotes(LeaderElection.java:201)
	at org.apache.ratis.server.impl.LeaderElection.run(LeaderElection.java:133)
	at java.lang.Thread.run(Thread.java:748)
Caused by: org.apache.ratis.thirdparty.io.grpc.StatusRuntimeException: DEADLINE_EXCEEDED: deadline exceeded after 2999844581ns
	at org.apache.ratis.thirdparty.io.grpc.stub.ClientCalls.toStatusRuntimeException(ClientCalls.java:233)
	at org.apache.ratis.thirdparty.io.grpc.stub.ClientCalls.getUnchecked(ClientCalls.java:214)
	at org.apache.ratis.thirdparty.io.grpc.stub.ClientCalls.blockingUnaryCall(ClientCalls.java:139)
	at org.apache.ratis.proto.grpc.RaftServerProtocolServiceGrpc$RaftServerProtocolServiceBlockingStub.requestVote(RaftServerProtocolServiceGrpc.java:265)
	at org.apache.ratis.grpc.server.GrpcServerProtocolClient.requestVote(GrpcServerProtocolClient.java:90)
	at org.apache.ratis.grpc.server.GrpcService.requestVote(GrpcService.java:204)
	at org.apache.ratis.server.impl.LeaderElection.lambda$submitRequests$1(LeaderElection.java:238)
	at java.util.concurrent.FutureTask.run(FutureTask.java:266)
	at java.util.concurrent.Executors$RunnableAdapter.call(Executors.java:511)
	at java.util.concurrent.FutureTask.run(FutureTask.java:266)
	at java.util.concurrent.ThreadPoolExecutor.runWorker(ThreadPoolExecutor.java:1149)
	at java.util.concurrent.ThreadPoolExecutor$Worker.run(ThreadPoolExecutor.java:624)
	... 1 more
2019-09-24 18:43:14,121 [8e1599e9-105d-4dd4-a052-d21668a40b75@group-E47707E13CB0:LeaderElection91] INFO  impl.LeaderElection (LogUtils.java:infoOrTrace(149)) - 8e1599e9-105d-4dd4-a052-d21668a40b75@group-E47707E13CB0:LeaderElection91 got exception when requesting votes: {}
java.util.concurrent.ExecutionException: org.apache.ratis.thirdparty.io.grpc.StatusRuntimeException: DEADLINE_EXCEEDED: deadline exceeded after 2999729488ns
	at java.util.concurrent.FutureTask.report(FutureTask.java:122)
	at java.util.concurrent.FutureTask.get(FutureTask.java:192)
	at org.apache.ratis.server.impl.LeaderElection.waitForResults(LeaderElection.java:263)
	at org.apache.ratis.server.impl.LeaderElection.askForVotes(LeaderElection.java:201)
	at org.apache.ratis.server.impl.LeaderElection.run(LeaderElection.java:133)
	at java.lang.Thread.run(Thread.java:748)
Caused by: org.apache.ratis.thirdparty.io.grpc.StatusRuntimeException: DEADLINE_EXCEEDED: deadline exceeded after 2999729488ns
	at org.apache.ratis.thirdparty.io.grpc.stub.ClientCalls.toStatusRuntimeException(ClientCalls.java:233)
	at org.apache.ratis.thirdparty.io.grpc.stub.ClientCalls.getUnchecked(ClientCalls.java:214)
	at org.apache.ratis.thirdparty.io.grpc.stub.ClientCalls.blockingUnaryCall(ClientCalls.java:139)
	at org.apache.ratis.proto.grpc.RaftServerProtocolServiceGrpc$RaftServerProtocolServiceBlockingStub.requestVote(RaftServerProtocolServiceGrpc.java:265)
	at org.apache.ratis.grpc.server.GrpcServerProtocolClient.requestVote(GrpcServerProtocolClient.java:90)
	at org.apache.ratis.grpc.server.GrpcService.requestVote(GrpcService.java:204)
	at org.apache.ratis.server.impl.LeaderElection.lambda$submitRequests$1(LeaderElection.java:238)
	at java.util.concurrent.FutureTask.run(FutureTask.java:266)
	at java.util.concurrent.Executors$RunnableAdapter.call(Executors.java:511)
	at java.util.concurrent.FutureTask.run(FutureTask.java:266)
	at java.util.concurrent.ThreadPoolExecutor.runWorker(ThreadPoolExecutor.java:1149)
	at java.util.concurrent.ThreadPoolExecutor$Worker.run(ThreadPoolExecutor.java:624)
	... 1 more
2019-09-24 18:43:14,118 [8e1599e9-105d-4dd4-a052-d21668a40b75@group-9DBFF3FC8B40:LeaderElection88] INFO  impl.LeaderElection (LeaderElection.java:logAndReturn(56)) - 8e1599e9-105d-4dd4-a052-d21668a40b75@group-9DBFF3FC8B40:LeaderElection88: Election REJECTED; received 1 response(s) [8e1599e9-105d-4dd4-a052-d21668a40b75<-bfedd7ac-20a7-41ea-98ab-a94e8334a7fe#0:FAIL-t4] and 1 exception(s); 8e1599e9-105d-4dd4-a052-d21668a40b75@group-9DBFF3FC8B40:t4, leader=null, voted=8e1599e9-105d-4dd4-a052-d21668a40b75, raftlog=8e1599e9-105d-4dd4-a052-d21668a40b75@group-9DBFF3FC8B40-SegmentedRaftLog:OPENED:c-1,f-1,i0, conf=-1: [bfedd7ac-20a7-41ea-98ab-a94e8334a7fe:192.168.36.84:46718, ff3e2dbf-fbd7-44c8-b920-6245688f6c83:192.168.36.84:44531, 8e1599e9-105d-4dd4-a052-d21668a40b75:192.168.36.84:44254], old=null
2019-09-24 18:43:14,126 [8e1599e9-105d-4dd4-a052-d21668a40b75@group-E47707E13CB0:LeaderElection91] INFO  impl.LeaderElection (LeaderElection.java:logAndReturn(56)) - 8e1599e9-105d-4dd4-a052-d21668a40b75@group-E47707E13CB0:LeaderElection91: Election REJECTED; received 0 response(s) [] and 2 exception(s); 8e1599e9-105d-4dd4-a052-d21668a40b75@group-E47707E13CB0:t2, leader=null, voted=8e1599e9-105d-4dd4-a052-d21668a40b75, raftlog=8e1599e9-105d-4dd4-a052-d21668a40b75@group-E47707E13CB0-SegmentedRaftLog:OPENED:c-1,f-1,i0, conf=-1: [bfedd7ac-20a7-41ea-98ab-a94e8334a7fe:192.168.36.84:46718, ff3e2dbf-fbd7-44c8-b920-6245688f6c83:192.168.36.84:44531, 8e1599e9-105d-4dd4-a052-d21668a40b75:192.168.36.84:44254], old=null
2019-09-24 18:43:14,127 [8e1599e9-105d-4dd4-a052-d21668a40b75@group-E47707E13CB0:LeaderElection91] INFO  impl.LeaderElection (LogUtils.java:infoOrTrace(149)) -   Exception 0: {}
java.util.concurrent.ExecutionException: org.apache.ratis.thirdparty.io.grpc.StatusRuntimeException: DEADLINE_EXCEEDED: deadline exceeded after 2999353858ns
	at java.util.concurrent.FutureTask.report(FutureTask.java:122)
	at java.util.concurrent.FutureTask.get(FutureTask.java:192)
	at org.apache.ratis.server.impl.LeaderElection.waitForResults(LeaderElection.java:263)
	at org.apache.ratis.server.impl.LeaderElection.askForVotes(LeaderElection.java:201)
	at org.apache.ratis.server.impl.LeaderElection.run(LeaderElection.java:133)
	at java.lang.Thread.run(Thread.java:748)
Caused by: org.apache.ratis.thirdparty.io.grpc.StatusRuntimeException: DEADLINE_EXCEEDED: deadline exceeded after 2999353858ns
	at org.apache.ratis.thirdparty.io.grpc.stub.ClientCalls.toStatusRuntimeException(ClientCalls.java:233)
	at org.apache.ratis.thirdparty.io.grpc.stub.ClientCalls.getUnchecked(ClientCalls.java:214)
	at org.apache.ratis.thirdparty.io.grpc.stub.ClientCalls.blockingUnaryCall(ClientCalls.java:139)
	at org.apache.ratis.proto.grpc.RaftServerProtocolServiceGrpc$RaftServerProtocolServiceBlockingStub.requestVote(RaftServerProtocolServiceGrpc.java:265)
	at org.apache.ratis.grpc.server.GrpcServerProtocolClient.requestVote(GrpcServerProtocolClient.java:90)
	at org.apache.ratis.grpc.server.GrpcService.requestVote(GrpcService.java:204)
	at org.apache.ratis.server.impl.LeaderElection.lambda$submitRequests$1(LeaderElection.java:238)
	at java.util.concurrent.FutureTask.run(FutureTask.java:266)
	at java.util.concurrent.Executors$RunnableAdapter.call(Executors.java:511)
	at java.util.concurrent.FutureTask.run(FutureTask.java:266)
	at java.util.concurrent.ThreadPoolExecutor.runWorker(ThreadPoolExecutor.java:1149)
	at java.util.concurrent.ThreadPoolExecutor$Worker.run(ThreadPoolExecutor.java:624)
	... 1 more
2019-09-24 18:43:14,124 [bfedd7ac-20a7-41ea-98ab-a94e8334a7fe@group-9DBFF3FC8B40:LeaderElection89] INFO  impl.LeaderElection (LeaderElection.java:logAndReturn(56)) - bfedd7ac-20a7-41ea-98ab-a94e8334a7fe@group-9DBFF3FC8B40:LeaderElection89: Election REJECTED; received 1 response(s) [bfedd7ac-20a7-41ea-98ab-a94e8334a7fe<-8e1599e9-105d-4dd4-a052-d21668a40b75#0:FAIL-t4] and 1 exception(s); bfedd7ac-20a7-41ea-98ab-a94e8334a7fe@group-9DBFF3FC8B40:t4, leader=null, voted=bfedd7ac-20a7-41ea-98ab-a94e8334a7fe, raftlog=bfedd7ac-20a7-41ea-98ab-a94e8334a7fe@group-9DBFF3FC8B40-SegmentedRaftLog:OPENED:c-1,f-1,i0, conf=-1: [bfedd7ac-20a7-41ea-98ab-a94e8334a7fe:192.168.36.84:46718, ff3e2dbf-fbd7-44c8-b920-6245688f6c83:192.168.36.84:44531, 8e1599e9-105d-4dd4-a052-d21668a40b75:192.168.36.84:44254], old=null
2019-09-24 18:43:14,130 [bfedd7ac-20a7-41ea-98ab-a94e8334a7fe@group-9DBFF3FC8B40:LeaderElection89] INFO  impl.LeaderElection (LogUtils.java:infoOrTrace(149)) -   Exception 0: {}
java.util.concurrent.ExecutionException: org.apache.ratis.thirdparty.io.grpc.StatusRuntimeException: DEADLINE_EXCEEDED: deadline exceeded after 2999844581ns
	at java.util.concurrent.FutureTask.report(FutureTask.java:122)
	at java.util.concurrent.FutureTask.get(FutureTask.java:192)
	at org.apache.ratis.server.impl.LeaderElection.waitForResults(LeaderElection.java:263)
	at org.apache.ratis.server.impl.LeaderElection.askForVotes(LeaderElection.java:201)
	at org.apache.ratis.server.impl.LeaderElection.run(LeaderElection.java:133)
	at java.lang.Thread.run(Thread.java:748)
Caused by: org.apache.ratis.thirdparty.io.grpc.StatusRuntimeException: DEADLINE_EXCEEDED: deadline exceeded after 2999844581ns
	at org.apache.ratis.thirdparty.io.grpc.stub.ClientCalls.toStatusRuntimeException(ClientCalls.java:233)
	at org.apache.ratis.thirdparty.io.grpc.stub.ClientCalls.getUnchecked(ClientCalls.java:214)
	at org.apache.ratis.thirdparty.io.grpc.stub.ClientCalls.blockingUnaryCall(ClientCalls.java:139)
	at org.apache.ratis.proto.grpc.RaftServerProtocolServiceGrpc$RaftServerProtocolServiceBlockingStub.requestVote(RaftServerProtocolServiceGrpc.java:265)
	at org.apache.ratis.grpc.server.GrpcServerProtocolClient.requestVote(GrpcServerProtocolClient.java:90)
	at org.apache.ratis.grpc.server.GrpcService.requestVote(GrpcService.java:204)
	at org.apache.ratis.server.impl.LeaderElection.lambda$submitRequests$1(LeaderElection.java:238)
	at java.util.concurrent.FutureTask.run(FutureTask.java:266)
	at java.util.concurrent.Executors$RunnableAdapter.call(Executors.java:511)
	at java.util.concurrent.FutureTask.run(FutureTask.java:266)
	at java.util.concurrent.ThreadPoolExecutor.runWorker(ThreadPoolExecutor.java:1149)
	at java.util.concurrent.ThreadPoolExecutor$Worker.run(ThreadPoolExecutor.java:624)
	... 1 more
2019-09-24 18:43:14,127 [8e1599e9-105d-4dd4-a052-d21668a40b75@group-E47707E13CB0:LeaderElection91] INFO  impl.LeaderElection (LogUtils.java:infoOrTrace(149)) -   Exception 1: {}
java.util.concurrent.ExecutionException: org.apache.ratis.thirdparty.io.grpc.StatusRuntimeException: DEADLINE_EXCEEDED: deadline exceeded after 2999729488ns
	at java.util.concurrent.FutureTask.report(FutureTask.java:122)
	at java.util.concurrent.FutureTask.get(FutureTask.java:192)
	at org.apache.ratis.server.impl.LeaderElection.waitForResults(LeaderElection.java:263)
	at org.apache.ratis.server.impl.LeaderElection.askForVotes(LeaderElection.java:201)
	at org.apache.ratis.server.impl.LeaderElection.run(LeaderElection.java:133)
	at java.lang.Thread.run(Thread.java:748)
Caused by: org.apache.ratis.thirdparty.io.grpc.StatusRuntimeException: DEADLINE_EXCEEDED: deadline exceeded after 2999729488ns
	at org.apache.ratis.thirdparty.io.grpc.stub.ClientCalls.toStatusRuntimeException(ClientCalls.java:233)
	at org.apache.ratis.thirdparty.io.grpc.stub.ClientCalls.getUnchecked(ClientCalls.java:214)
	at org.apache.ratis.thirdparty.io.grpc.stub.ClientCalls.blockingUnaryCall(ClientCalls.java:139)
	at org.apache.ratis.proto.grpc.RaftServerProtocolServiceGrpc$RaftServerProtocolServiceBlockingStub.requestVote(RaftServerProtocolServiceGrpc.java:265)
	at org.apache.ratis.grpc.server.GrpcServerProtocolClient.requestVote(GrpcServerProtocolClient.java:90)
	at org.apache.ratis.grpc.server.GrpcService.requestVote(GrpcService.java:204)
	at org.apache.ratis.server.impl.LeaderElection.lambda$submitRequests$1(LeaderElection.java:238)
	at java.util.concurrent.FutureTask.run(FutureTask.java:266)
	at java.util.concurrent.Executors$RunnableAdapter.call(Executors.java:511)
	at java.util.concurrent.FutureTask.run(FutureTask.java:266)
	at java.util.concurrent.ThreadPoolExecutor.runWorker(ThreadPoolExecutor.java:1149)
	at java.util.concurrent.ThreadPoolExecutor$Worker.run(ThreadPoolExecutor.java:624)
	... 1 more
2019-09-24 18:43:14,127 [8e1599e9-105d-4dd4-a052-d21668a40b75@group-9DBFF3FC8B40:LeaderElection88] INFO  impl.LeaderElection (LogUtils.java:infoOrTrace(149)) -   Exception 0: {}
java.util.concurrent.ExecutionException: org.apache.ratis.thirdparty.io.grpc.StatusRuntimeException: DEADLINE_EXCEEDED: deadline exceeded after 2999799455ns
	at java.util.concurrent.FutureTask.report(FutureTask.java:122)
	at java.util.concurrent.FutureTask.get(FutureTask.java:192)
	at org.apache.ratis.server.impl.LeaderElection.waitForResults(LeaderElection.java:263)
	at org.apache.ratis.server.impl.LeaderElection.askForVotes(LeaderElection.java:201)
	at org.apache.ratis.server.impl.LeaderElection.run(LeaderElection.java:133)
	at java.lang.Thread.run(Thread.java:748)
Caused by: org.apache.ratis.thirdparty.io.grpc.StatusRuntimeException: DEADLINE_EXCEEDED: deadline exceeded after 2999799455ns
	at org.apache.ratis.thirdparty.io.grpc.stub.ClientCalls.toStatusRuntimeException(ClientCalls.java:233)
	at org.apache.ratis.thirdparty.io.grpc.stub.ClientCalls.getUnchecked(ClientCalls.java:214)
	at org.apache.ratis.thirdparty.io.grpc.stub.ClientCalls.blockingUnaryCall(ClientCalls.java:139)
	at org.apache.ratis.proto.grpc.RaftServerProtocolServiceGrpc$RaftServerProtocolServiceBlockingStub.requestVote(RaftServerProtocolServiceGrpc.java:265)
	at org.apache.ratis.grpc.server.GrpcServerProtocolClient.requestVote(GrpcServerProtocolClient.java:90)
	at org.apache.ratis.grpc.server.GrpcService.requestVote(GrpcService.java:204)
	at org.apache.ratis.server.impl.LeaderElection.lambda$submitRequests$1(LeaderElection.java:238)
	at java.util.concurrent.FutureTask.run(FutureTask.java:266)
	at java.util.concurrent.Executors$RunnableAdapter.call(Executors.java:511)
	at java.util.concurrent.FutureTask.run(FutureTask.java:266)
	at java.util.concurrent.ThreadPoolExecutor.runWorker(ThreadPoolExecutor.java:1149)
	at java.util.concurrent.ThreadPoolExecutor$Worker.run(ThreadPoolExecutor.java:624)
	... 1 more
2019-09-24 18:43:14,133 [8e1599e9-105d-4dd4-a052-d21668a40b75@group-E47707E13CB0:LeaderElection91] INFO  impl.RaftServerImpl (RaftServerImpl.java:setRole(174)) - 8e1599e9-105d-4dd4-a052-d21668a40b75@group-E47707E13CB0: changes role from CANDIDATE to FOLLOWER at term 2 for DISCOVERED_A_NEW_TERM
2019-09-24 18:43:14,134 [8e1599e9-105d-4dd4-a052-d21668a40b75@group-E47707E13CB0:LeaderElection91] INFO  impl.RoleInfo (RoleInfo.java:shutdownLeaderElection(134)) - 8e1599e9-105d-4dd4-a052-d21668a40b75: shutdown LeaderElection
2019-09-24 18:43:14,130 [bfedd7ac-20a7-41ea-98ab-a94e8334a7fe@group-9DBFF3FC8B40:LeaderElection89] INFO  impl.RaftServerImpl (RaftServerImpl.java:setRole(174)) - bfedd7ac-20a7-41ea-98ab-a94e8334a7fe@group-9DBFF3FC8B40: changes role from CANDIDATE to FOLLOWER at term 4 for DISCOVERED_A_NEW_TERM
2019-09-24 18:43:14,134 [8e1599e9-105d-4dd4-a052-d21668a40b75@group-E47707E13CB0:LeaderElection91] INFO  impl.RoleInfo (RoleInfo.java:updateAndGet(143)) - 8e1599e9-105d-4dd4-a052-d21668a40b75: start FollowerState
2019-09-24 18:43:14,133 [8e1599e9-105d-4dd4-a052-d21668a40b75@group-9DBFF3FC8B40:LeaderElection88] INFO  impl.RaftServerImpl (RaftServerImpl.java:setRole(174)) - 8e1599e9-105d-4dd4-a052-d21668a40b75@group-9DBFF3FC8B40: changes role from CANDIDATE to FOLLOWER at term 4 for DISCOVERED_A_NEW_TERM
2019-09-24 18:43:14,134 [8e1599e9-105d-4dd4-a052-d21668a40b75@group-9DBFF3FC8B40:LeaderElection88] INFO  impl.RoleInfo (RoleInfo.java:shutdownLeaderElection(134)) - 8e1599e9-105d-4dd4-a052-d21668a40b75: shutdown LeaderElection
2019-09-24 18:43:14,134 [bfedd7ac-20a7-41ea-98ab-a94e8334a7fe@group-9DBFF3FC8B40:LeaderElection89] INFO  impl.RoleInfo (RoleInfo.java:shutdownLeaderElection(134)) - bfedd7ac-20a7-41ea-98ab-a94e8334a7fe: shutdown LeaderElection
2019-09-24 18:43:14,134 [8e1599e9-105d-4dd4-a052-d21668a40b75@group-9DBFF3FC8B40:LeaderElection88] INFO  impl.RoleInfo (RoleInfo.java:updateAndGet(143)) - 8e1599e9-105d-4dd4-a052-d21668a40b75: start FollowerState
2019-09-24 18:43:14,135 [bfedd7ac-20a7-41ea-98ab-a94e8334a7fe@group-9DBFF3FC8B40:LeaderElection89] INFO  impl.RoleInfo (RoleInfo.java:updateAndGet(143)) - bfedd7ac-20a7-41ea-98ab-a94e8334a7fe: start FollowerState
2019-09-24 18:43:16,175 [Thread-2560] INFO  impl.FollowerState (FollowerState.java:run(106)) - 8e1599e9-105d-4dd4-a052-d21668a40b75:group-F2343F61EB5A changes to CANDIDATE, lastRpcTime:5042, electionTimeout:5042ms
2019-09-24 18:43:16,175 [Thread-2560] INFO  impl.RoleInfo (RoleInfo.java:shutdownFollowerState(121)) - 8e1599e9-105d-4dd4-a052-d21668a40b75: shutdown FollowerState
2019-09-24 18:43:16,175 [Thread-2560] INFO  impl.RaftServerImpl (RaftServerImpl.java:setRole(174)) - 8e1599e9-105d-4dd4-a052-d21668a40b75@group-F2343F61EB5A: changes role from  FOLLOWER to CANDIDATE at term 4 for changeToCandidate
2019-09-24 18:43:16,175 [Thread-2560] INFO  impl.RoleInfo (RoleInfo.java:updateAndGet(143)) - 8e1599e9-105d-4dd4-a052-d21668a40b75: start LeaderElection
2019-09-24 18:43:16,287 [Thread-2561] INFO  impl.FollowerState (FollowerState.java:run(106)) - ff3e2dbf-fbd7-44c8-b920-6245688f6c83:group-F2343F61EB5A changes to CANDIDATE, lastRpcTime:5154, electionTimeout:5154ms
2019-09-24 18:43:16,287 [Thread-2561] INFO  impl.RoleInfo (RoleInfo.java:shutdownFollowerState(121)) - ff3e2dbf-fbd7-44c8-b920-6245688f6c83: shutdown FollowerState
2019-09-24 18:43:16,288 [Thread-2561] INFO  impl.RaftServerImpl (RaftServerImpl.java:setRole(174)) - ff3e2dbf-fbd7-44c8-b920-6245688f6c83@group-F2343F61EB5A: changes role from  FOLLOWER to CANDIDATE at term 4 for changeToCandidate
2019-09-24 18:43:16,288 [Thread-2561] INFO  impl.RoleInfo (RoleInfo.java:updateAndGet(143)) - ff3e2dbf-fbd7-44c8-b920-6245688f6c83: start LeaderElection
2019-09-24 18:43:16,308 [Thread-2562] INFO  impl.FollowerState (FollowerState.java:run(106)) - bfedd7ac-20a7-41ea-98ab-a94e8334a7fe:group-F2343F61EB5A changes to CANDIDATE, lastRpcTime:5174, electionTimeout:5174ms
2019-09-24 18:43:16,308 [Thread-2562] INFO  impl.RoleInfo (RoleInfo.java:shutdownFollowerState(121)) - bfedd7ac-20a7-41ea-98ab-a94e8334a7fe: shutdown FollowerState
2019-09-24 18:43:16,308 [Thread-2562] INFO  impl.RaftServerImpl (RaftServerImpl.java:setRole(174)) - bfedd7ac-20a7-41ea-98ab-a94e8334a7fe@group-F2343F61EB5A: changes role from  FOLLOWER to CANDIDATE at term 4 for changeToCandidate
2019-09-24 18:43:16,308 [Thread-2562] INFO  impl.RoleInfo (RoleInfo.java:updateAndGet(143)) - bfedd7ac-20a7-41ea-98ab-a94e8334a7fe: start LeaderElection
2019-09-24 18:43:16,323 [57ca6293-e2b9-4a4c-b2bc-c24aff6045c4@group-003F8C097EE2:LeaderElection102] INFO  impl.LeaderElection (LeaderElection.java:askForVotes(182)) - 57ca6293-e2b9-4a4c-b2bc-c24aff6045c4@group-003F8C097EE2:LeaderElection102: begin an election at term 1 for -1: [57ca6293-e2b9-4a4c-b2bc-c24aff6045c4:192.168.36.84:38223], old=null
2019-09-24 18:43:16,323 [e7b9a2a3-58c7-459e-8ba9-4705c268421c@group-BBF77846C05D:LeaderElection105] INFO  impl.LeaderElection (LeaderElection.java:askForVotes(182)) - e7b9a2a3-58c7-459e-8ba9-4705c268421c@group-BBF77846C05D:LeaderElection105: begin an election at term 1 for -1: [57ca6293-e2b9-4a4c-b2bc-c24aff6045c4:192.168.36.84:38223, 970d6631-1a01-43b9-8e86-8960ffd1a97f:192.168.36.84:42841, e7b9a2a3-58c7-459e-8ba9-4705c268421c:192.168.36.84:41854], old=null
2019-09-24 18:43:16,324 [57ca6293-e2b9-4a4c-b2bc-c24aff6045c4@group-003F8C097EE2:LeaderElection102] INFO  impl.RoleInfo (RoleInfo.java:shutdownLeaderElection(134)) - 57ca6293-e2b9-4a4c-b2bc-c24aff6045c4: shutdown LeaderElection
2019-09-24 18:43:16,324 [ff3e2dbf-fbd7-44c8-b920-6245688f6c83@group-E47707E13CB0:LeaderElection94] INFO  impl.LeaderElection (LeaderElection.java:askForVotes(182)) - ff3e2dbf-fbd7-44c8-b920-6245688f6c83@group-E47707E13CB0:LeaderElection94: begin an election at term 2 for -1: [bfedd7ac-20a7-41ea-98ab-a94e8334a7fe:192.168.36.84:46718, ff3e2dbf-fbd7-44c8-b920-6245688f6c83:192.168.36.84:44531, 8e1599e9-105d-4dd4-a052-d21668a40b75:192.168.36.84:44254], old=null
2019-09-24 18:43:16,323 [970d6631-1a01-43b9-8e86-8960ffd1a97f@group-BBF77846C05D:LeaderElection104] INFO  impl.LeaderElection (LeaderElection.java:askForVotes(182)) - 970d6631-1a01-43b9-8e86-8960ffd1a97f@group-BBF77846C05D:LeaderElection104: begin an election at term 1 for -1: [57ca6293-e2b9-4a4c-b2bc-c24aff6045c4:192.168.36.84:38223, 970d6631-1a01-43b9-8e86-8960ffd1a97f:192.168.36.84:42841, e7b9a2a3-58c7-459e-8ba9-4705c268421c:192.168.36.84:41854], old=null
2019-09-24 18:43:16,323 [3f2c6e52-b251-4342-81d8-126278b75ced@group-24E0F0C309DD:LeaderElection98] INFO  impl.LeaderElection (LeaderElection.java:askForVotes(182)) - 3f2c6e52-b251-4342-81d8-126278b75ced@group-24E0F0C309DD:LeaderElection98: begin an election at term 1 for -1: [3f2c6e52-b251-4342-81d8-126278b75ced:192.168.36.84:42619, e8dc17a1-737d-4975-94aa-89e57a40abfc:192.168.36.84:35472, 75085931-92b1-4873-b3f1-0c98c0c26420:192.168.36.84:43228], old=null
2019-09-24 18:43:16,323 [ff3e2dbf-fbd7-44c8-b920-6245688f6c83@group-9DBFF3FC8B40:LeaderElection92] INFO  impl.LeaderElection (LeaderElection.java:askForVotes(182)) - ff3e2dbf-fbd7-44c8-b920-6245688f6c83@group-9DBFF3FC8B40:LeaderElection92: begin an election at term 4 for -1: [bfedd7ac-20a7-41ea-98ab-a94e8334a7fe:192.168.36.84:46718, ff3e2dbf-fbd7-44c8-b920-6245688f6c83:192.168.36.84:44531, 8e1599e9-105d-4dd4-a052-d21668a40b75:192.168.36.84:44254], old=null
2019-09-24 18:43:16,323 [970d6631-1a01-43b9-8e86-8960ffd1a97f@group-4D9AFCCB320F:LeaderElection100] INFO  impl.LeaderElection (LeaderElection.java:askForVotes(182)) - 970d6631-1a01-43b9-8e86-8960ffd1a97f@group-4D9AFCCB320F:LeaderElection100: begin an election at term 1 for -1: [970d6631-1a01-43b9-8e86-8960ffd1a97f:192.168.36.84:42841], old=null
2019-09-24 18:43:16,323 [bfedd7ac-20a7-41ea-98ab-a94e8334a7fe@group-E47707E13CB0:LeaderElection93] INFO  impl.LeaderElection (LeaderElection.java:askForVotes(182)) - bfedd7ac-20a7-41ea-98ab-a94e8334a7fe@group-E47707E13CB0:LeaderElection93: begin an election at term 2 for -1: [bfedd7ac-20a7-41ea-98ab-a94e8334a7fe:192.168.36.84:46718, ff3e2dbf-fbd7-44c8-b920-6245688f6c83:192.168.36.84:44531, 8e1599e9-105d-4dd4-a052-d21668a40b75:192.168.36.84:44254], old=null
2019-09-24 18:43:16,323 [e8dc17a1-737d-4975-94aa-89e57a40abfc@group-24E0F0C309DD:LeaderElection101] INFO  impl.LeaderElection (LeaderElection.java:askForVotes(182)) - e8dc17a1-737d-4975-94aa-89e57a40abfc@group-24E0F0C309DD:LeaderElection101: begin an election at term 1 for -1: [3f2c6e52-b251-4342-81d8-126278b75ced:192.168.36.84:42619, e8dc17a1-737d-4975-94aa-89e57a40abfc:192.168.36.84:35472, 75085931-92b1-4873-b3f1-0c98c0c26420:192.168.36.84:43228], old=null
2019-09-24 18:43:16,323 [75085931-92b1-4873-b3f1-0c98c0c26420@group-61BB5FB3D42B:LeaderElection97] INFO  impl.LeaderElection (LeaderElection.java:askForVotes(182)) - 75085931-92b1-4873-b3f1-0c98c0c26420@group-61BB5FB3D42B:LeaderElection97: begin an election at term 1 for -1: [75085931-92b1-4873-b3f1-0c98c0c26420:192.168.36.84:43228], old=null
2019-09-24 18:43:16,323 [75085931-92b1-4873-b3f1-0c98c0c26420@group-24E0F0C309DD:LeaderElection99] INFO  impl.LeaderElection (LeaderElection.java:askForVotes(182)) - 75085931-92b1-4873-b3f1-0c98c0c26420@group-24E0F0C309DD:LeaderElection99: begin an election at term 1 for -1: [3f2c6e52-b251-4342-81d8-126278b75ced:192.168.36.84:42619, e8dc17a1-737d-4975-94aa-89e57a40abfc:192.168.36.84:35472, 75085931-92b1-4873-b3f1-0c98c0c26420:192.168.36.84:43228], old=null
2019-09-24 18:43:16,323 [e8dc17a1-737d-4975-94aa-89e57a40abfc@group-B10893BEAC1D:LeaderElection96] INFO  impl.LeaderElection (LeaderElection.java:askForVotes(182)) - e8dc17a1-737d-4975-94aa-89e57a40abfc@group-B10893BEAC1D:LeaderElection96: begin an election at term 1 for -1: [e8dc17a1-737d-4975-94aa-89e57a40abfc:192.168.36.84:35472], old=null
2019-09-24 18:43:16,323 [57ca6293-e2b9-4a4c-b2bc-c24aff6045c4@group-BBF77846C05D:LeaderElection106] INFO  impl.LeaderElection (LeaderElection.java:askForVotes(182)) - 57ca6293-e2b9-4a4c-b2bc-c24aff6045c4@group-BBF77846C05D:LeaderElection106: begin an election at term 1 for -1: [57ca6293-e2b9-4a4c-b2bc-c24aff6045c4:192.168.36.84:38223, 970d6631-1a01-43b9-8e86-8960ffd1a97f:192.168.36.84:42841, e7b9a2a3-58c7-459e-8ba9-4705c268421c:192.168.36.84:41854], old=null
2019-09-24 18:43:16,323 [3f2c6e52-b251-4342-81d8-126278b75ced@group-366527C1CFCE:LeaderElection95] INFO  impl.LeaderElection (LeaderElection.java:askForVotes(182)) - 3f2c6e52-b251-4342-81d8-126278b75ced@group-366527C1CFCE:LeaderElection95: begin an election at term 1 for -1: [3f2c6e52-b251-4342-81d8-126278b75ced:192.168.36.84:42619], old=null
2019-09-24 18:43:16,323 [e7b9a2a3-58c7-459e-8ba9-4705c268421c@group-94E150D93671:LeaderElection103] INFO  impl.LeaderElection (LeaderElection.java:askForVotes(182)) - e7b9a2a3-58c7-459e-8ba9-4705c268421c@group-94E150D93671:LeaderElection103: begin an election at term 1 for -1: [e7b9a2a3-58c7-459e-8ba9-4705c268421c:192.168.36.84:41854], old=null
2019-09-24 18:43:16,326 [3f2c6e52-b251-4342-81d8-126278b75ced@group-366527C1CFCE:LeaderElection95] INFO  impl.RoleInfo (RoleInfo.java:shutdownLeaderElection(134)) - 3f2c6e52-b251-4342-81d8-126278b75ced: shutdown LeaderElection
2019-09-24 18:43:16,326 [e8dc17a1-737d-4975-94aa-89e57a40abfc@group-B10893BEAC1D:LeaderElection96] INFO  impl.RoleInfo (RoleInfo.java:shutdownLeaderElection(134)) - e8dc17a1-737d-4975-94aa-89e57a40abfc: shutdown LeaderElection
2019-09-24 18:43:16,325 [75085931-92b1-4873-b3f1-0c98c0c26420@group-61BB5FB3D42B:LeaderElection97] INFO  impl.RoleInfo (RoleInfo.java:shutdownLeaderElection(134)) - 75085931-92b1-4873-b3f1-0c98c0c26420: shutdown LeaderElection
2019-09-24 18:43:16,325 [970d6631-1a01-43b9-8e86-8960ffd1a97f@group-4D9AFCCB320F:LeaderElection100] INFO  impl.RoleInfo (RoleInfo.java:shutdownLeaderElection(134)) - 970d6631-1a01-43b9-8e86-8960ffd1a97f: shutdown LeaderElection
2019-09-24 18:43:16,324 [57ca6293-e2b9-4a4c-b2bc-c24aff6045c4@group-003F8C097EE2:LeaderElection102] INFO  impl.RaftServerImpl (RaftServerImpl.java:setRole(174)) - 57ca6293-e2b9-4a4c-b2bc-c24aff6045c4@group-003F8C097EE2: changes role from CANDIDATE to LEADER at term 1 for changeToLeader
2019-09-24 18:43:16,327 [970d6631-1a01-43b9-8e86-8960ffd1a97f@group-4D9AFCCB320F:LeaderElection100] INFO  impl.RaftServerImpl (RaftServerImpl.java:setRole(174)) - 970d6631-1a01-43b9-8e86-8960ffd1a97f@group-4D9AFCCB320F: changes role from CANDIDATE to LEADER at term 1 for changeToLeader
2019-09-24 18:43:16,327 [75085931-92b1-4873-b3f1-0c98c0c26420@group-61BB5FB3D42B:LeaderElection97] INFO  impl.RaftServerImpl (RaftServerImpl.java:setRole(174)) - 75085931-92b1-4873-b3f1-0c98c0c26420@group-61BB5FB3D42B: changes role from CANDIDATE to LEADER at term 1 for changeToLeader
2019-09-24 18:43:16,333 [75085931-92b1-4873-b3f1-0c98c0c26420@group-61BB5FB3D42B:LeaderElection97] INFO  impl.RaftServerImpl (ServerState.java:setLeader(253)) - 75085931-92b1-4873-b3f1-0c98c0c26420@group-61BB5FB3D42B: change Leader from null to 75085931-92b1-4873-b3f1-0c98c0c26420 at term 1 for becomeLeader, leader elected after 10925ms
2019-09-24 18:43:16,327 [e8dc17a1-737d-4975-94aa-89e57a40abfc@group-B10893BEAC1D:LeaderElection96] INFO  impl.RaftServerImpl (RaftServerImpl.java:setRole(174)) - e8dc17a1-737d-4975-94aa-89e57a40abfc@group-B10893BEAC1D: changes role from CANDIDATE to LEADER at term 1 for changeToLeader
2019-09-24 18:43:16,333 [e8dc17a1-737d-4975-94aa-89e57a40abfc@group-B10893BEAC1D:LeaderElection96] INFO  impl.RaftServerImpl (ServerState.java:setLeader(253)) - e8dc17a1-737d-4975-94aa-89e57a40abfc@group-B10893BEAC1D: change Leader from null to e8dc17a1-737d-4975-94aa-89e57a40abfc at term 1 for becomeLeader, leader elected after 10969ms
2019-09-24 18:43:16,327 [3f2c6e52-b251-4342-81d8-126278b75ced@group-366527C1CFCE:LeaderElection95] INFO  impl.RaftServerImpl (RaftServerImpl.java:setRole(174)) - 3f2c6e52-b251-4342-81d8-126278b75ced@group-366527C1CFCE: changes role from CANDIDATE to LEADER at term 1 for changeToLeader
2019-09-24 18:43:16,326 [e7b9a2a3-58c7-459e-8ba9-4705c268421c@group-94E150D93671:LeaderElection103] INFO  impl.RoleInfo (RoleInfo.java:shutdownLeaderElection(134)) - e7b9a2a3-58c7-459e-8ba9-4705c268421c: shutdown LeaderElection
2019-09-24 18:43:16,334 [3f2c6e52-b251-4342-81d8-126278b75ced@group-366527C1CFCE:LeaderElection95] INFO  impl.RaftServerImpl (ServerState.java:setLeader(253)) - 3f2c6e52-b251-4342-81d8-126278b75ced@group-366527C1CFCE: change Leader from null to 3f2c6e52-b251-4342-81d8-126278b75ced at term 1 for becomeLeader, leader elected after 12431ms
2019-09-24 18:43:16,333 [e8dc17a1-737d-4975-94aa-89e57a40abfc@group-B10893BEAC1D:LeaderElection96] INFO  server.RaftServerConfigKeys (ConfUtils.java:logGet(43)) - raft.server.staging.catchup.gap = 1000 (default)
2019-09-24 18:43:16,333 [75085931-92b1-4873-b3f1-0c98c0c26420@group-61BB5FB3D42B:LeaderElection97] INFO  server.RaftServerConfigKeys (ConfUtils.java:logGet(43)) - raft.server.staging.catchup.gap = 1000 (default)
2019-09-24 18:43:16,333 [970d6631-1a01-43b9-8e86-8960ffd1a97f@group-4D9AFCCB320F:LeaderElection100] INFO  impl.RaftServerImpl (ServerState.java:setLeader(253)) - 970d6631-1a01-43b9-8e86-8960ffd1a97f@group-4D9AFCCB320F: change Leader from null to 970d6631-1a01-43b9-8e86-8960ffd1a97f at term 1 for becomeLeader, leader elected after 10703ms
2019-09-24 18:43:16,327 [57ca6293-e2b9-4a4c-b2bc-c24aff6045c4@group-003F8C097EE2:LeaderElection102] INFO  impl.RaftServerImpl (ServerState.java:setLeader(253)) - 57ca6293-e2b9-4a4c-b2bc-c24aff6045c4@group-003F8C097EE2: change Leader from null to 57ca6293-e2b9-4a4c-b2bc-c24aff6045c4 at term 1 for becomeLeader, leader elected after 10654ms
2019-09-24 18:43:16,335 [970d6631-1a01-43b9-8e86-8960ffd1a97f@group-4D9AFCCB320F:LeaderElection100] INFO  server.RaftServerConfigKeys (ConfUtils.java:logGet(43)) - raft.server.staging.catchup.gap = 1000 (default)
2019-09-24 18:43:16,334 [75085931-92b1-4873-b3f1-0c98c0c26420@group-61BB5FB3D42B:LeaderElection97] INFO  server.RaftServerConfigKeys (ConfUtils.java:logGet(43)) - raft.server.rpc.sleep.time = 25ms (default)
2019-09-24 18:43:16,334 [e8dc17a1-737d-4975-94aa-89e57a40abfc@group-B10893BEAC1D:LeaderElection96] INFO  server.RaftServerConfigKeys (ConfUtils.java:logGet(43)) - raft.server.rpc.sleep.time = 25ms (default)
2019-09-24 18:43:16,334 [3f2c6e52-b251-4342-81d8-126278b75ced@group-366527C1CFCE:LeaderElection95] INFO  server.RaftServerConfigKeys (ConfUtils.java:logGet(43)) - raft.server.staging.catchup.gap = 1000 (default)
2019-09-24 18:43:16,334 [e7b9a2a3-58c7-459e-8ba9-4705c268421c@group-94E150D93671:LeaderElection103] INFO  impl.RaftServerImpl (RaftServerImpl.java:setRole(174)) - e7b9a2a3-58c7-459e-8ba9-4705c268421c@group-94E150D93671: changes role from CANDIDATE to LEADER at term 1 for changeToLeader
2019-09-24 18:43:16,336 [3f2c6e52-b251-4342-81d8-126278b75ced@group-366527C1CFCE:LeaderElection95] INFO  server.RaftServerConfigKeys (ConfUtils.java:logGet(43)) - raft.server.rpc.sleep.time = 25ms (default)
2019-09-24 18:43:16,336 [e8dc17a1-737d-4975-94aa-89e57a40abfc@group-B10893BEAC1D:LeaderElection96] INFO  server.RaftServerConfigKeys (ConfUtils.java:logGet(43)) - raft.server.write.element-limit = 4096 (default)
2019-09-24 18:43:16,336 [75085931-92b1-4873-b3f1-0c98c0c26420@group-61BB5FB3D42B:LeaderElection97] INFO  server.RaftServerConfigKeys (ConfUtils.java:logGet(43)) - raft.server.write.element-limit = 4096 (default)
2019-09-24 18:43:16,335 [970d6631-1a01-43b9-8e86-8960ffd1a97f@group-4D9AFCCB320F:LeaderElection100] INFO  server.RaftServerConfigKeys (ConfUtils.java:logGet(43)) - raft.server.rpc.sleep.time = 25ms (default)
2019-09-24 18:43:16,335 [57ca6293-e2b9-4a4c-b2bc-c24aff6045c4@group-003F8C097EE2:LeaderElection102] INFO  server.RaftServerConfigKeys (ConfUtils.java:logGet(43)) - raft.server.staging.catchup.gap = 1000 (default)
2019-09-24 18:43:16,337 [970d6631-1a01-43b9-8e86-8960ffd1a97f@group-4D9AFCCB320F:LeaderElection100] INFO  server.RaftServerConfigKeys (ConfUtils.java:logGet(43)) - raft.server.write.element-limit = 4096 (default)
2019-09-24 18:43:16,337 [75085931-92b1-4873-b3f1-0c98c0c26420@group-61BB5FB3D42B:LeaderElection97] INFO  server.RaftServerConfigKeys (ConfUtils.java:logGet(43)) - raft.server.watch.timeout = 10s (default)
2019-09-24 18:43:16,337 [e8dc17a1-737d-4975-94aa-89e57a40abfc@group-B10893BEAC1D:LeaderElection96] INFO  server.RaftServerConfigKeys (ConfUtils.java:logGet(43)) - raft.server.watch.timeout = 10s (default)
2019-09-24 18:43:16,336 [3f2c6e52-b251-4342-81d8-126278b75ced@group-366527C1CFCE:LeaderElection95] INFO  server.RaftServerConfigKeys (ConfUtils.java:logGet(43)) - raft.server.write.element-limit = 4096 (default)
2019-09-24 18:43:16,336 [e7b9a2a3-58c7-459e-8ba9-4705c268421c@group-94E150D93671:LeaderElection103] INFO  impl.RaftServerImpl (ServerState.java:setLeader(253)) - e7b9a2a3-58c7-459e-8ba9-4705c268421c@group-94E150D93671: change Leader from null to e7b9a2a3-58c7-459e-8ba9-4705c268421c at term 1 for becomeLeader, leader elected after 10586ms
2019-09-24 18:43:16,338 [3f2c6e52-b251-4342-81d8-126278b75ced@group-366527C1CFCE:LeaderElection95] INFO  server.RaftServerConfigKeys (ConfUtils.java:logGet(43)) - raft.server.watch.timeout = 10s (default)
2019-09-24 18:43:16,338 [3f2c6e52-b251-4342-81d8-126278b75ced@group-366527C1CFCE:LeaderElection95] INFO  server.RaftServerConfigKeys (ConfUtils.java:logGet(43)) - raft.server.watch.timeout.denomination = 1s (default)
2019-09-24 18:43:16,338 [e8dc17a1-737d-4975-94aa-89e57a40abfc@group-B10893BEAC1D:LeaderElection96] INFO  server.RaftServerConfigKeys (ConfUtils.java:logGet(43)) - raft.server.watch.timeout.denomination = 1s (default)
2019-09-24 18:43:16,338 [75085931-92b1-4873-b3f1-0c98c0c26420@group-61BB5FB3D42B:LeaderElection97] INFO  server.RaftServerConfigKeys (ConfUtils.java:logGet(43)) - raft.server.watch.timeout.denomination = 1s (default)
2019-09-24 18:43:16,337 [970d6631-1a01-43b9-8e86-8960ffd1a97f@group-4D9AFCCB320F:LeaderElection100] INFO  server.RaftServerConfigKeys (ConfUtils.java:logGet(43)) - raft.server.watch.timeout = 10s (default)
2019-09-24 18:43:16,337 [57ca6293-e2b9-4a4c-b2bc-c24aff6045c4@group-003F8C097EE2:LeaderElection102] INFO  server.RaftServerConfigKeys (ConfUtils.java:logGet(43)) - raft.server.rpc.sleep.time = 25ms (default)
2019-09-24 18:43:16,339 [970d6631-1a01-43b9-8e86-8960ffd1a97f@group-4D9AFCCB320F:LeaderElection100] INFO  server.RaftServerConfigKeys (ConfUtils.java:logGet(43)) - raft.server.watch.timeout.denomination = 1s (default)
2019-09-24 18:43:16,339 [75085931-92b1-4873-b3f1-0c98c0c26420@group-61BB5FB3D42B:LeaderElection97] INFO  server.RaftServerConfigKeys (ConfUtils.java:logGet(43)) - raft.server.watch.element-limit = 65536 (default)
2019-09-24 18:43:16,339 [e8dc17a1-737d-4975-94aa-89e57a40abfc@group-B10893BEAC1D:LeaderElection96] INFO  server.RaftServerConfigKeys (ConfUtils.java:logGet(43)) - raft.server.watch.element-limit = 65536 (default)
2019-09-24 18:43:16,338 [3f2c6e52-b251-4342-81d8-126278b75ced@group-366527C1CFCE:LeaderElection95] INFO  server.RaftServerConfigKeys (ConfUtils.java:logGet(43)) - raft.server.watch.element-limit = 65536 (default)
2019-09-24 18:43:16,340 [e7b9a2a3-58c7-459e-8ba9-4705c268421c@group-BBF77846C05D:LeaderElection105] INFO  impl.LeaderElection (LeaderElection.java:logAndReturn(56)) - e7b9a2a3-58c7-459e-8ba9-4705c268421c@group-BBF77846C05D:LeaderElection105: Election REJECTED; received 2 response(s) [e7b9a2a3-58c7-459e-8ba9-4705c268421c<-57ca6293-e2b9-4a4c-b2bc-c24aff6045c4#0:FAIL-t1, e7b9a2a3-58c7-459e-8ba9-4705c268421c<-970d6631-1a01-43b9-8e86-8960ffd1a97f#0:FAIL-t1] and 0 exception(s); e7b9a2a3-58c7-459e-8ba9-4705c268421c@group-BBF77846C05D:t1, leader=null, voted=e7b9a2a3-58c7-459e-8ba9-4705c268421c, raftlog=e7b9a2a3-58c7-459e-8ba9-4705c268421c@group-BBF77846C05D-SegmentedRaftLog:OPENED:c-1,f-1,i0, conf=-1: [57ca6293-e2b9-4a4c-b2bc-c24aff6045c4:192.168.36.84:38223, 970d6631-1a01-43b9-8e86-8960ffd1a97f:192.168.36.84:42841, e7b9a2a3-58c7-459e-8ba9-4705c268421c:192.168.36.84:41854], old=null
2019-09-24 18:43:16,338 [e7b9a2a3-58c7-459e-8ba9-4705c268421c@group-94E150D93671:LeaderElection103] INFO  server.RaftServerConfigKeys (ConfUtils.java:logGet(43)) - raft.server.staging.catchup.gap = 1000 (default)
2019-09-24 18:43:16,338 [bfedd7ac-20a7-41ea-98ab-a94e8334a7fe@group-E47707E13CB0:LeaderElection93] INFO  impl.LeaderElection (LeaderElection.java:logAndReturn(56)) - bfedd7ac-20a7-41ea-98ab-a94e8334a7fe@group-E47707E13CB0:LeaderElection93: Election REJECTED; received 2 response(s) [bfedd7ac-20a7-41ea-98ab-a94e8334a7fe<-ff3e2dbf-fbd7-44c8-b920-6245688f6c83#0:FAIL-t2, bfedd7ac-20a7-41ea-98ab-a94e8334a7fe<-8e1599e9-105d-4dd4-a052-d21668a40b75#0:FAIL-t2] and 0 exception(s); bfedd7ac-20a7-41ea-98ab-a94e8334a7fe@group-E47707E13CB0:t2, leader=null, voted=bfedd7ac-20a7-41ea-98ab-a94e8334a7fe, raftlog=bfedd7ac-20a7-41ea-98ab-a94e8334a7fe@group-E47707E13CB0-SegmentedRaftLog:OPENED:c-1,f-1,i0, conf=-1: [bfedd7ac-20a7-41ea-98ab-a94e8334a7fe:192.168.36.84:46718, ff3e2dbf-fbd7-44c8-b920-6245688f6c83:192.168.36.84:44531, 8e1599e9-105d-4dd4-a052-d21668a40b75:192.168.36.84:44254], old=null
2019-09-24 18:43:16,341 [e7b9a2a3-58c7-459e-8ba9-4705c268421c@group-94E150D93671:LeaderElection103] INFO  server.RaftServerConfigKeys (ConfUtils.java:logGet(43)) - raft.server.rpc.sleep.time = 25ms (default)
2019-09-24 18:43:16,340 [e7b9a2a3-58c7-459e-8ba9-4705c268421c@group-BBF77846C05D:LeaderElection105] INFO  impl.RaftServerImpl (RaftServerImpl.java:setRole(174)) - e7b9a2a3-58c7-459e-8ba9-4705c268421c@group-BBF77846C05D: changes role from CANDIDATE to FOLLOWER at term 1 for DISCOVERED_A_NEW_TERM
2019-09-24 18:43:16,339 [970d6631-1a01-43b9-8e86-8960ffd1a97f@group-4D9AFCCB320F:LeaderElection100] INFO  server.RaftServerConfigKeys (ConfUtils.java:logGet(43)) - raft.server.watch.element-limit = 65536 (default)
2019-09-24 18:43:16,350 [ff3e2dbf-fbd7-44c8-b920-6245688f6c83@group-9DBFF3FC8B40:LeaderElection92] INFO  impl.LeaderElection (LeaderElection.java:logAndReturn(56)) - ff3e2dbf-fbd7-44c8-b920-6245688f6c83@group-9DBFF3FC8B40:LeaderElection92: Election REJECTED; received 2 response(s) [ff3e2dbf-fbd7-44c8-b920-6245688f6c83<-bfedd7ac-20a7-41ea-98ab-a94e8334a7fe#0:FAIL-t4, ff3e2dbf-fbd7-44c8-b920-6245688f6c83<-8e1599e9-105d-4dd4-a052-d21668a40b75#0:FAIL-t4] and 0 exception(s); ff3e2dbf-fbd7-44c8-b920-6245688f6c83@group-9DBFF3FC8B40:t4, leader=null, voted=ff3e2dbf-fbd7-44c8-b920-6245688f6c83, raftlog=ff3e2dbf-fbd7-44c8-b920-6245688f6c83@group-9DBFF3FC8B40-SegmentedRaftLog:OPENED:c-1,f-1,i0, conf=-1: [bfedd7ac-20a7-41ea-98ab-a94e8334a7fe:192.168.36.84:46718, ff3e2dbf-fbd7-44c8-b920-6245688f6c83:192.168.36.84:44531, 8e1599e9-105d-4dd4-a052-d21668a40b75:192.168.36.84:44254], old=null
2019-09-24 18:43:16,339 [57ca6293-e2b9-4a4c-b2bc-c24aff6045c4@group-003F8C097EE2:LeaderElection102] INFO  server.RaftServerConfigKeys (ConfUtils.java:logGet(43)) - raft.server.write.element-limit = 4096 (default)
2019-09-24 18:43:16,351 [ff3e2dbf-fbd7-44c8-b920-6245688f6c83@group-9DBFF3FC8B40:LeaderElection92] INFO  impl.RaftServerImpl (RaftServerImpl.java:setRole(174)) - ff3e2dbf-fbd7-44c8-b920-6245688f6c83@group-9DBFF3FC8B40: changes role from CANDIDATE to FOLLOWER at term 4 for DISCOVERED_A_NEW_TERM
2019-09-24 18:43:16,354 [ff3e2dbf-fbd7-44c8-b920-6245688f6c83@group-9DBFF3FC8B40:LeaderElection92] INFO  impl.RoleInfo (RoleInfo.java:shutdownLeaderElection(134)) - ff3e2dbf-fbd7-44c8-b920-6245688f6c83: shutdown LeaderElection
2019-09-24 18:43:16,350 [75085931-92b1-4873-b3f1-0c98c0c26420@group-24E0F0C309DD:LeaderElection99] INFO  impl.LeaderElection (LeaderElection.java:logAndReturn(56)) - 75085931-92b1-4873-b3f1-0c98c0c26420@group-24E0F0C309DD:LeaderElection99: Election REJECTED; received 2 response(s) [75085931-92b1-4873-b3f1-0c98c0c26420<-3f2c6e52-b251-4342-81d8-126278b75ced#0:FAIL-t1, 75085931-92b1-4873-b3f1-0c98c0c26420<-e8dc17a1-737d-4975-94aa-89e57a40abfc#0:FAIL-t1] and 0 exception(s); 75085931-92b1-4873-b3f1-0c98c0c26420@group-24E0F0C309DD:t1, leader=null, voted=75085931-92b1-4873-b3f1-0c98c0c26420, raftlog=75085931-92b1-4873-b3f1-0c98c0c26420@group-24E0F0C309DD-SegmentedRaftLog:OPENED:c-1,f-1,i0, conf=-1: [3f2c6e52-b251-4342-81d8-126278b75ced:192.168.36.84:42619, e8dc17a1-737d-4975-94aa-89e57a40abfc:192.168.36.84:35472, 75085931-92b1-4873-b3f1-0c98c0c26420:192.168.36.84:43228], old=null
2019-09-24 18:43:16,350 [e7b9a2a3-58c7-459e-8ba9-4705c268421c@group-94E150D93671:LeaderElection103] INFO  server.RaftServerConfigKeys (ConfUtils.java:logGet(43)) - raft.server.write.element-limit = 4096 (default)
2019-09-24 18:43:16,350 [e7b9a2a3-58c7-459e-8ba9-4705c268421c@group-BBF77846C05D:LeaderElection105] INFO  impl.RoleInfo (RoleInfo.java:shutdownLeaderElection(134)) - e7b9a2a3-58c7-459e-8ba9-4705c268421c: shutdown LeaderElection
2019-09-24 18:43:16,346 [bfedd7ac-20a7-41ea-98ab-a94e8334a7fe@group-E47707E13CB0:LeaderElection93] INFO  impl.RaftServerImpl (RaftServerImpl.java:setRole(174)) - bfedd7ac-20a7-41ea-98ab-a94e8334a7fe@group-E47707E13CB0: changes role from CANDIDATE to FOLLOWER at term 2 for DISCOVERED_A_NEW_TERM
2019-09-24 18:43:16,355 [e7b9a2a3-58c7-459e-8ba9-4705c268421c@group-94E150D93671:LeaderElection103] INFO  server.RaftServerConfigKeys (ConfUtils.java:logGet(43)) - raft.server.watch.timeout = 10s (default)
2019-09-24 18:43:16,346 [ff3e2dbf-fbd7-44c8-b920-6245688f6c83@group-E47707E13CB0:LeaderElection94] INFO  impl.LeaderElection (LeaderElection.java:logAndReturn(56)) - ff3e2dbf-fbd7-44c8-b920-6245688f6c83@group-E47707E13CB0:LeaderElection94: Election REJECTED; received 2 response(s) [ff3e2dbf-fbd7-44c8-b920-6245688f6c83<-bfedd7ac-20a7-41ea-98ab-a94e8334a7fe#0:FAIL-t2, ff3e2dbf-fbd7-44c8-b920-6245688f6c83<-8e1599e9-105d-4dd4-a052-d21668a40b75#0:FAIL-t2] and 0 exception(s); ff3e2dbf-fbd7-44c8-b920-6245688f6c83@group-E47707E13CB0:t2, leader=null, voted=ff3e2dbf-fbd7-44c8-b920-6245688f6c83, raftlog=ff3e2dbf-fbd7-44c8-b920-6245688f6c83@group-E47707E13CB0-SegmentedRaftLog:OPENED:c-1,f-1,i0, conf=-1: [bfedd7ac-20a7-41ea-98ab-a94e8334a7fe:192.168.36.84:46718, ff3e2dbf-fbd7-44c8-b920-6245688f6c83:192.168.36.84:44531, 8e1599e9-105d-4dd4-a052-d21668a40b75:192.168.36.84:44254], old=null
2019-09-24 18:43:16,358 [e7b9a2a3-58c7-459e-8ba9-4705c268421c@group-94E150D93671:LeaderElection103] INFO  server.RaftServerConfigKeys (ConfUtils.java:logGet(43)) - raft.server.watch.timeout.denomination = 1s (default)
2019-09-24 18:43:16,358 [bfedd7ac-20a7-41ea-98ab-a94e8334a7fe@group-E47707E13CB0:LeaderElection93] INFO  impl.RoleInfo (RoleInfo.java:shutdownLeaderElection(134)) - bfedd7ac-20a7-41ea-98ab-a94e8334a7fe: shutdown LeaderElection
2019-09-24 18:43:16,358 [e7b9a2a3-58c7-459e-8ba9-4705c268421c@group-BBF77846C05D:LeaderElection105] INFO  impl.RoleInfo (RoleInfo.java:updateAndGet(143)) - e7b9a2a3-58c7-459e-8ba9-4705c268421c: start FollowerState
2019-09-24 18:43:16,355 [75085931-92b1-4873-b3f1-0c98c0c26420@group-24E0F0C309DD:LeaderElection99] INFO  impl.RaftServerImpl (RaftServerImpl.java:setRole(174)) - 75085931-92b1-4873-b3f1-0c98c0c26420@group-24E0F0C309DD: changes role from CANDIDATE to FOLLOWER at term 1 for DISCOVERED_A_NEW_TERM
2019-09-24 18:43:16,355 [3f2c6e52-b251-4342-81d8-126278b75ced@group-24E0F0C309DD:LeaderElection98] INFO  impl.LeaderElection (LeaderElection.java:logAndReturn(56)) - 3f2c6e52-b251-4342-81d8-126278b75ced@group-24E0F0C309DD:LeaderElection98: Election REJECTED; received 2 response(s) [3f2c6e52-b251-4342-81d8-126278b75ced<-e8dc17a1-737d-4975-94aa-89e57a40abfc#0:FAIL-t1, 3f2c6e52-b251-4342-81d8-126278b75ced<-75085931-92b1-4873-b3f1-0c98c0c26420#0:FAIL-t1] and 0 exception(s); 3f2c6e52-b251-4342-81d8-126278b75ced@group-24E0F0C309DD:t1, leader=null, voted=3f2c6e52-b251-4342-81d8-126278b75ced, raftlog=3f2c6e52-b251-4342-81d8-126278b75ced@group-24E0F0C309DD-SegmentedRaftLog:OPENED:c-1,f-1,i0, conf=-1: [3f2c6e52-b251-4342-81d8-126278b75ced:192.168.36.84:42619, e8dc17a1-737d-4975-94aa-89e57a40abfc:192.168.36.84:35472, 75085931-92b1-4873-b3f1-0c98c0c26420:192.168.36.84:43228], old=null
2019-09-24 18:43:16,354 [970d6631-1a01-43b9-8e86-8960ffd1a97f@group-BBF77846C05D:LeaderElection104] INFO  impl.LeaderElection (LeaderElection.java:logAndReturn(56)) - 970d6631-1a01-43b9-8e86-8960ffd1a97f@group-BBF77846C05D:LeaderElection104: Election REJECTED; received 2 response(s) [970d6631-1a01-43b9-8e86-8960ffd1a97f<-57ca6293-e2b9-4a4c-b2bc-c24aff6045c4#0:FAIL-t1, 970d6631-1a01-43b9-8e86-8960ffd1a97f<-e7b9a2a3-58c7-459e-8ba9-4705c268421c#0:FAIL-t1] and 0 exception(s); 970d6631-1a01-43b9-8e86-8960ffd1a97f@group-BBF77846C05D:t1, leader=null, voted=970d6631-1a01-43b9-8e86-8960ffd1a97f, raftlog=970d6631-1a01-43b9-8e86-8960ffd1a97f@group-BBF77846C05D-SegmentedRaftLog:OPENED:c-1,f-1,i0, conf=-1: [57ca6293-e2b9-4a4c-b2bc-c24aff6045c4:192.168.36.84:38223, 970d6631-1a01-43b9-8e86-8960ffd1a97f:192.168.36.84:42841, e7b9a2a3-58c7-459e-8ba9-4705c268421c:192.168.36.84:41854], old=null
2019-09-24 18:43:16,354 [ff3e2dbf-fbd7-44c8-b920-6245688f6c83@group-9DBFF3FC8B40:LeaderElection92] INFO  impl.RoleInfo (RoleInfo.java:updateAndGet(143)) - ff3e2dbf-fbd7-44c8-b920-6245688f6c83: start FollowerState
2019-09-24 18:43:16,351 [57ca6293-e2b9-4a4c-b2bc-c24aff6045c4@group-003F8C097EE2:LeaderElection102] INFO  server.RaftServerConfigKeys (ConfUtils.java:logGet(43)) - raft.server.watch.timeout = 10s (default)
2019-09-24 18:43:16,367 [970d6631-1a01-43b9-8e86-8960ffd1a97f@group-BBF77846C05D:LeaderElection104] INFO  impl.RaftServerImpl (RaftServerImpl.java:setRole(174)) - 970d6631-1a01-43b9-8e86-8960ffd1a97f@group-BBF77846C05D: changes role from CANDIDATE to FOLLOWER at term 1 for DISCOVERED_A_NEW_TERM
2019-09-24 18:43:16,364 [3f2c6e52-b251-4342-81d8-126278b75ced@group-24E0F0C309DD:LeaderElection98] INFO  impl.RaftServerImpl (RaftServerImpl.java:setRole(174)) - 3f2c6e52-b251-4342-81d8-126278b75ced@group-24E0F0C309DD: changes role from CANDIDATE to FOLLOWER at term 1 for DISCOVERED_A_NEW_TERM
2019-09-24 18:43:16,371 [3f2c6e52-b251-4342-81d8-126278b75ced@group-24E0F0C309DD:LeaderElection98] INFO  impl.RoleInfo (RoleInfo.java:shutdownLeaderElection(134)) - 3f2c6e52-b251-4342-81d8-126278b75ced: shutdown LeaderElection
2019-09-24 18:43:16,363 [75085931-92b1-4873-b3f1-0c98c0c26420@group-24E0F0C309DD:LeaderElection99] INFO  impl.RoleInfo (RoleInfo.java:shutdownLeaderElection(134)) - 75085931-92b1-4873-b3f1-0c98c0c26420: shutdown LeaderElection
2019-09-24 18:43:16,363 [e8dc17a1-737d-4975-94aa-89e57a40abfc@group-24E0F0C309DD:LeaderElection101] INFO  impl.LeaderElection (LeaderElection.java:logAndReturn(56)) - e8dc17a1-737d-4975-94aa-89e57a40abfc@group-24E0F0C309DD:LeaderElection101: Election REJECTED; received 2 response(s) [e8dc17a1-737d-4975-94aa-89e57a40abfc<-3f2c6e52-b251-4342-81d8-126278b75ced#0:FAIL-t1, e8dc17a1-737d-4975-94aa-89e57a40abfc<-75085931-92b1-4873-b3f1-0c98c0c26420#0:FAIL-t1] and 0 exception(s); e8dc17a1-737d-4975-94aa-89e57a40abfc@group-24E0F0C309DD:t1, leader=null, voted=e8dc17a1-737d-4975-94aa-89e57a40abfc, raftlog=e8dc17a1-737d-4975-94aa-89e57a40abfc@group-24E0F0C309DD-SegmentedRaftLog:OPENED:c-1,f-1,i0, conf=-1: [3f2c6e52-b251-4342-81d8-126278b75ced:192.168.36.84:42619, e8dc17a1-737d-4975-94aa-89e57a40abfc:192.168.36.84:35472, 75085931-92b1-4873-b3f1-0c98c0c26420:192.168.36.84:43228], old=null
2019-09-24 18:43:16,363 [bfedd7ac-20a7-41ea-98ab-a94e8334a7fe@group-E47707E13CB0:LeaderElection93] INFO  impl.RoleInfo (RoleInfo.java:updateAndGet(143)) - bfedd7ac-20a7-41ea-98ab-a94e8334a7fe: start FollowerState
2019-09-24 18:43:16,359 [e7b9a2a3-58c7-459e-8ba9-4705c268421c@group-94E150D93671:LeaderElection103] INFO  server.RaftServerConfigKeys (ConfUtils.java:logGet(43)) - raft.server.watch.element-limit = 65536 (default)
2019-09-24 18:43:16,359 [ff3e2dbf-fbd7-44c8-b920-6245688f6c83@group-E47707E13CB0:LeaderElection94] INFO  impl.RaftServerImpl (RaftServerImpl.java:setRole(174)) - ff3e2dbf-fbd7-44c8-b920-6245688f6c83@group-E47707E13CB0: changes role from CANDIDATE to FOLLOWER at term 2 for DISCOVERED_A_NEW_TERM
2019-09-24 18:43:16,359 [57ca6293-e2b9-4a4c-b2bc-c24aff6045c4@group-BBF77846C05D:LeaderElection106] INFO  impl.LeaderElection (LeaderElection.java:logAndReturn(56)) - 57ca6293-e2b9-4a4c-b2bc-c24aff6045c4@group-BBF77846C05D:LeaderElection106: Election REJECTED; received 2 response(s) [57ca6293-e2b9-4a4c-b2bc-c24aff6045c4<-970d6631-1a01-43b9-8e86-8960ffd1a97f#0:FAIL-t1, 57ca6293-e2b9-4a4c-b2bc-c24aff6045c4<-e7b9a2a3-58c7-459e-8ba9-4705c268421c#0:FAIL-t1] and 0 exception(s); 57ca6293-e2b9-4a4c-b2bc-c24aff6045c4@group-BBF77846C05D:t1, leader=null, voted=57ca6293-e2b9-4a4c-b2bc-c24aff6045c4, raftlog=57ca6293-e2b9-4a4c-b2bc-c24aff6045c4@group-BBF77846C05D-SegmentedRaftLog:OPENED:c-1,f-1,i0, conf=-1: [57ca6293-e2b9-4a4c-b2bc-c24aff6045c4:192.168.36.84:38223, 970d6631-1a01-43b9-8e86-8960ffd1a97f:192.168.36.84:42841, e7b9a2a3-58c7-459e-8ba9-4705c268421c:192.168.36.84:41854], old=null
2019-09-24 18:43:16,395 [ff3e2dbf-fbd7-44c8-b920-6245688f6c83@group-E47707E13CB0:LeaderElection94] INFO  impl.RoleInfo (RoleInfo.java:shutdownLeaderElection(134)) - ff3e2dbf-fbd7-44c8-b920-6245688f6c83: shutdown LeaderElection
2019-09-24 18:43:16,372 [e8dc17a1-737d-4975-94aa-89e57a40abfc@group-24E0F0C309DD:LeaderElection101] INFO  impl.RaftServerImpl (RaftServerImpl.java:setRole(174)) - e8dc17a1-737d-4975-94aa-89e57a40abfc@group-24E0F0C309DD: changes role from CANDIDATE to FOLLOWER at term 1 for DISCOVERED_A_NEW_TERM
2019-09-24 18:43:16,372 [75085931-92b1-4873-b3f1-0c98c0c26420@group-24E0F0C309DD:LeaderElection99] INFO  impl.RoleInfo (RoleInfo.java:updateAndGet(143)) - 75085931-92b1-4873-b3f1-0c98c0c26420: start FollowerState
2019-09-24 18:43:16,372 [3f2c6e52-b251-4342-81d8-126278b75ced@group-24E0F0C309DD:LeaderElection98] INFO  impl.RoleInfo (RoleInfo.java:updateAndGet(143)) - 3f2c6e52-b251-4342-81d8-126278b75ced: start FollowerState
2019-09-24 18:43:16,371 [970d6631-1a01-43b9-8e86-8960ffd1a97f@group-BBF77846C05D:LeaderElection104] INFO  impl.RoleInfo (RoleInfo.java:shutdownLeaderElection(134)) - 970d6631-1a01-43b9-8e86-8960ffd1a97f: shutdown LeaderElection
2019-09-24 18:43:16,371 [57ca6293-e2b9-4a4c-b2bc-c24aff6045c4@group-003F8C097EE2:LeaderElection102] INFO  server.RaftServerConfigKeys (ConfUtils.java:logGet(43)) - raft.server.watch.timeout.denomination = 1s (default)
2019-09-24 18:43:16,396 [970d6631-1a01-43b9-8e86-8960ffd1a97f@group-BBF77846C05D:LeaderElection104] INFO  impl.RoleInfo (RoleInfo.java:updateAndGet(143)) - 970d6631-1a01-43b9-8e86-8960ffd1a97f: start FollowerState
2019-09-24 18:43:16,396 [e8dc17a1-737d-4975-94aa-89e57a40abfc@group-24E0F0C309DD:LeaderElection101] INFO  impl.RoleInfo (RoleInfo.java:shutdownLeaderElection(134)) - e8dc17a1-737d-4975-94aa-89e57a40abfc: shutdown LeaderElection
2019-09-24 18:43:16,396 [ff3e2dbf-fbd7-44c8-b920-6245688f6c83@group-E47707E13CB0:LeaderElection94] INFO  impl.RoleInfo (RoleInfo.java:updateAndGet(143)) - ff3e2dbf-fbd7-44c8-b920-6245688f6c83: start FollowerState
2019-09-24 18:43:16,396 [57ca6293-e2b9-4a4c-b2bc-c24aff6045c4@group-BBF77846C05D:LeaderElection106] INFO  impl.RaftServerImpl (RaftServerImpl.java:setRole(174)) - 57ca6293-e2b9-4a4c-b2bc-c24aff6045c4@group-BBF77846C05D: changes role from CANDIDATE to FOLLOWER at term 1 for DISCOVERED_A_NEW_TERM
2019-09-24 18:43:16,397 [57ca6293-e2b9-4a4c-b2bc-c24aff6045c4@group-BBF77846C05D:LeaderElection106] INFO  impl.RoleInfo (RoleInfo.java:shutdownLeaderElection(134)) - 57ca6293-e2b9-4a4c-b2bc-c24aff6045c4: shutdown LeaderElection
2019-09-24 18:43:16,397 [e8dc17a1-737d-4975-94aa-89e57a40abfc@group-24E0F0C309DD:LeaderElection101] INFO  impl.RoleInfo (RoleInfo.java:updateAndGet(143)) - e8dc17a1-737d-4975-94aa-89e57a40abfc: start FollowerState
2019-09-24 18:43:16,397 [57ca6293-e2b9-4a4c-b2bc-c24aff6045c4@group-003F8C097EE2:LeaderElection102] INFO  server.RaftServerConfigKeys (ConfUtils.java:logGet(43)) - raft.server.watch.element-limit = 65536 (default)
2019-09-24 18:43:16,397 [57ca6293-e2b9-4a4c-b2bc-c24aff6045c4@group-BBF77846C05D:LeaderElection106] INFO  impl.RoleInfo (RoleInfo.java:updateAndGet(143)) - 57ca6293-e2b9-4a4c-b2bc-c24aff6045c4: start FollowerState
2019-09-24 18:43:16,399 [75085931-92b1-4873-b3f1-0c98c0c26420@group-61BB5FB3D42B:LeaderElection97] INFO  impl.RoleInfo (RoleInfo.java:updateAndGet(143)) - 75085931-92b1-4873-b3f1-0c98c0c26420: start LeaderState
2019-09-24 18:43:16,399 [75085931-92b1-4873-b3f1-0c98c0c26420@group-61BB5FB3D42B:LeaderElection97] INFO  segmented.SegmentedRaftLogWorker (SegmentedRaftLogWorker.java:startLogSegment(380)) - 75085931-92b1-4873-b3f1-0c98c0c26420@group-61BB5FB3D42B-SegmentedRaftLogWorker: Starting segment from index:0
2019-09-24 18:43:16,400 [75085931-92b1-4873-b3f1-0c98c0c26420@group-61BB5FB3D42B:LeaderElection97] INFO  impl.RaftServerImpl (ServerState.java:setRaftConf(354)) - 75085931-92b1-4873-b3f1-0c98c0c26420@group-61BB5FB3D42B: set configuration 0: [75085931-92b1-4873-b3f1-0c98c0c26420:192.168.36.84:43228], old=null at 0
2019-09-24 18:43:16,400 [970d6631-1a01-43b9-8e86-8960ffd1a97f@group-4D9AFCCB320F:LeaderElection100] INFO  impl.RoleInfo (RoleInfo.java:updateAndGet(143)) - 970d6631-1a01-43b9-8e86-8960ffd1a97f: start LeaderState
2019-09-24 18:43:16,400 [970d6631-1a01-43b9-8e86-8960ffd1a97f@group-4D9AFCCB320F:LeaderElection100] INFO  segmented.SegmentedRaftLogWorker (SegmentedRaftLogWorker.java:startLogSegment(380)) - 970d6631-1a01-43b9-8e86-8960ffd1a97f@group-4D9AFCCB320F-SegmentedRaftLogWorker: Starting segment from index:0
2019-09-24 18:43:16,401 [970d6631-1a01-43b9-8e86-8960ffd1a97f@group-4D9AFCCB320F:LeaderElection100] INFO  impl.RaftServerImpl (ServerState.java:setRaftConf(354)) - 970d6631-1a01-43b9-8e86-8960ffd1a97f@group-4D9AFCCB320F: set configuration 0: [970d6631-1a01-43b9-8e86-8960ffd1a97f:192.168.36.84:42841], old=null at 0
2019-09-24 18:43:16,401 [3f2c6e52-b251-4342-81d8-126278b75ced@group-366527C1CFCE:LeaderElection95] INFO  impl.RoleInfo (RoleInfo.java:updateAndGet(143)) - 3f2c6e52-b251-4342-81d8-126278b75ced: start LeaderState
2019-09-24 18:43:16,401 [3f2c6e52-b251-4342-81d8-126278b75ced@group-366527C1CFCE:LeaderElection95] INFO  segmented.SegmentedRaftLogWorker (SegmentedRaftLogWorker.java:startLogSegment(380)) - 3f2c6e52-b251-4342-81d8-126278b75ced@group-366527C1CFCE-SegmentedRaftLogWorker: Starting segment from index:0
2019-09-24 18:43:16,401 [e8dc17a1-737d-4975-94aa-89e57a40abfc@group-B10893BEAC1D:LeaderElection96] INFO  impl.RoleInfo (RoleInfo.java:updateAndGet(143)) - e8dc17a1-737d-4975-94aa-89e57a40abfc: start LeaderState
2019-09-24 18:43:16,401 [3f2c6e52-b251-4342-81d8-126278b75ced@group-366527C1CFCE:LeaderElection95] INFO  impl.RaftServerImpl (ServerState.java:setRaftConf(354)) - 3f2c6e52-b251-4342-81d8-126278b75ced@group-366527C1CFCE: set configuration 0: [3f2c6e52-b251-4342-81d8-126278b75ced:192.168.36.84:42619], old=null at 0
2019-09-24 18:43:16,402 [e8dc17a1-737d-4975-94aa-89e57a40abfc@group-B10893BEAC1D:LeaderElection96] INFO  segmented.SegmentedRaftLogWorker (SegmentedRaftLogWorker.java:startLogSegment(380)) - e8dc17a1-737d-4975-94aa-89e57a40abfc@group-B10893BEAC1D-SegmentedRaftLogWorker: Starting segment from index:0
2019-09-24 18:43:16,402 [e8dc17a1-737d-4975-94aa-89e57a40abfc@group-B10893BEAC1D:LeaderElection96] INFO  impl.RaftServerImpl (ServerState.java:setRaftConf(354)) - e8dc17a1-737d-4975-94aa-89e57a40abfc@group-B10893BEAC1D: set configuration 0: [e8dc17a1-737d-4975-94aa-89e57a40abfc:192.168.36.84:35472], old=null at 0
2019-09-24 18:43:16,402 [e7b9a2a3-58c7-459e-8ba9-4705c268421c@group-94E150D93671:LeaderElection103] INFO  impl.RoleInfo (RoleInfo.java:updateAndGet(143)) - e7b9a2a3-58c7-459e-8ba9-4705c268421c: start LeaderState
2019-09-24 18:43:16,402 [57ca6293-e2b9-4a4c-b2bc-c24aff6045c4@group-003F8C097EE2:LeaderElection102] INFO  impl.RoleInfo (RoleInfo.java:updateAndGet(143)) - 57ca6293-e2b9-4a4c-b2bc-c24aff6045c4: start LeaderState
2019-09-24 18:43:16,403 [e7b9a2a3-58c7-459e-8ba9-4705c268421c@group-94E150D93671:LeaderElection103] INFO  segmented.SegmentedRaftLogWorker (SegmentedRaftLogWorker.java:startLogSegment(380)) - e7b9a2a3-58c7-459e-8ba9-4705c268421c@group-94E150D93671-SegmentedRaftLogWorker: Starting segment from index:0
2019-09-24 18:43:16,403 [57ca6293-e2b9-4a4c-b2bc-c24aff6045c4@group-003F8C097EE2:LeaderElection102] INFO  segmented.SegmentedRaftLogWorker (SegmentedRaftLogWorker.java:startLogSegment(380)) - 57ca6293-e2b9-4a4c-b2bc-c24aff6045c4@group-003F8C097EE2-SegmentedRaftLogWorker: Starting segment from index:0
2019-09-24 18:43:16,403 [e7b9a2a3-58c7-459e-8ba9-4705c268421c@group-94E150D93671:LeaderElection103] INFO  impl.RaftServerImpl (ServerState.java:setRaftConf(354)) - e7b9a2a3-58c7-459e-8ba9-4705c268421c@group-94E150D93671: set configuration 0: [e7b9a2a3-58c7-459e-8ba9-4705c268421c:192.168.36.84:41854], old=null at 0
2019-09-24 18:43:16,403 [57ca6293-e2b9-4a4c-b2bc-c24aff6045c4@group-003F8C097EE2:LeaderElection102] INFO  impl.RaftServerImpl (ServerState.java:setRaftConf(354)) - 57ca6293-e2b9-4a4c-b2bc-c24aff6045c4@group-003F8C097EE2: set configuration 0: [57ca6293-e2b9-4a4c-b2bc-c24aff6045c4:192.168.36.84:38223], old=null at 0
2019-09-24 18:43:19,138 [Thread-2570] INFO  impl.FollowerState (FollowerState.java:run(106)) - 8e1599e9-105d-4dd4-a052-d21668a40b75:group-9DBFF3FC8B40 changes to CANDIDATE, lastRpcTime:5003, electionTimeout:5003ms
2019-09-24 18:43:19,139 [Thread-2570] INFO  impl.RoleInfo (RoleInfo.java:shutdownFollowerState(121)) - 8e1599e9-105d-4dd4-a052-d21668a40b75: shutdown FollowerState
2019-09-24 18:43:19,139 [Thread-2570] INFO  impl.RaftServerImpl (RaftServerImpl.java:setRole(174)) - 8e1599e9-105d-4dd4-a052-d21668a40b75@group-9DBFF3FC8B40: changes role from  FOLLOWER to CANDIDATE at term 4 for changeToCandidate
2019-09-24 18:43:19,139 [Thread-2570] INFO  impl.RoleInfo (RoleInfo.java:updateAndGet(143)) - 8e1599e9-105d-4dd4-a052-d21668a40b75: start LeaderElection
2019-09-24 18:43:19,251 [Thread-2571] INFO  impl.FollowerState (FollowerState.java:run(106)) - bfedd7ac-20a7-41ea-98ab-a94e8334a7fe:group-9DBFF3FC8B40 changes to CANDIDATE, lastRpcTime:5116, electionTimeout:5116ms
2019-09-24 18:43:19,251 [Thread-2571] INFO  impl.RoleInfo (RoleInfo.java:shutdownFollowerState(121)) - bfedd7ac-20a7-41ea-98ab-a94e8334a7fe: shutdown FollowerState
2019-09-24 18:43:19,252 [Thread-2571] INFO  impl.RaftServerImpl (RaftServerImpl.java:setRole(174)) - bfedd7ac-20a7-41ea-98ab-a94e8334a7fe@group-9DBFF3FC8B40: changes role from  FOLLOWER to CANDIDATE at term 4 for changeToCandidate
2019-09-24 18:43:19,252 [Thread-2571] INFO  impl.RoleInfo (RoleInfo.java:updateAndGet(143)) - bfedd7ac-20a7-41ea-98ab-a94e8334a7fe: start LeaderElection
2019-09-24 18:43:19,271 [Thread-2569] INFO  impl.FollowerState (FollowerState.java:run(106)) - 8e1599e9-105d-4dd4-a052-d21668a40b75:group-E47707E13CB0 changes to CANDIDATE, lastRpcTime:5137, electionTimeout:5137ms
2019-09-24 18:43:19,272 [Thread-2569] INFO  impl.RoleInfo (RoleInfo.java:shutdownFollowerState(121)) - 8e1599e9-105d-4dd4-a052-d21668a40b75: shutdown FollowerState
2019-09-24 18:43:19,272 [Thread-2569] INFO  impl.RaftServerImpl (RaftServerImpl.java:setRole(174)) - 8e1599e9-105d-4dd4-a052-d21668a40b75@group-E47707E13CB0: changes role from  FOLLOWER to CANDIDATE at term 2 for changeToCandidate
2019-09-24 18:43:19,272 [Thread-2569] INFO  impl.RoleInfo (RoleInfo.java:updateAndGet(143)) - 8e1599e9-105d-4dd4-a052-d21668a40b75: start LeaderElection
2019-09-24 18:43:21,327 [bfedd7ac-20a7-41ea-98ab-a94e8334a7fe@group-F2343F61EB5A:LeaderElection109] INFO  impl.LeaderElection (LeaderElection.java:askForVotes(182)) - bfedd7ac-20a7-41ea-98ab-a94e8334a7fe@group-F2343F61EB5A:LeaderElection109: begin an election at term 5 for -1: [bfedd7ac-20a7-41ea-98ab-a94e8334a7fe:192.168.36.84:46718, ff3e2dbf-fbd7-44c8-b920-6245688f6c83:192.168.36.84:44531, 8e1599e9-105d-4dd4-a052-d21668a40b75:192.168.36.84:44254], old=null
2019-09-24 18:43:21,327 [ff3e2dbf-fbd7-44c8-b920-6245688f6c83@group-F2343F61EB5A:LeaderElection108] INFO  impl.LeaderElection (LeaderElection.java:askForVotes(182)) - ff3e2dbf-fbd7-44c8-b920-6245688f6c83@group-F2343F61EB5A:LeaderElection108: begin an election at term 5 for -1: [bfedd7ac-20a7-41ea-98ab-a94e8334a7fe:192.168.36.84:46718, ff3e2dbf-fbd7-44c8-b920-6245688f6c83:192.168.36.84:44531, 8e1599e9-105d-4dd4-a052-d21668a40b75:192.168.36.84:44254], old=null
2019-09-24 18:43:21,327 [8e1599e9-105d-4dd4-a052-d21668a40b75@group-F2343F61EB5A:LeaderElection107] INFO  impl.LeaderElection (LeaderElection.java:askForVotes(182)) - 8e1599e9-105d-4dd4-a052-d21668a40b75@group-F2343F61EB5A:LeaderElection107: begin an election at term 5 for -1: [bfedd7ac-20a7-41ea-98ab-a94e8334a7fe:192.168.36.84:46718, ff3e2dbf-fbd7-44c8-b920-6245688f6c83:192.168.36.84:44531, 8e1599e9-105d-4dd4-a052-d21668a40b75:192.168.36.84:44254], old=null
2019-09-24 18:43:21,327 [e8dc17a1-737d-4975-94aa-89e57a40abfc@group-B10893BEAC1D-SegmentedRaftLogWorker] INFO  segmented.SegmentedRaftLogWorker (SegmentedRaftLogWorker.java:execute(569)) - e8dc17a1-737d-4975-94aa-89e57a40abfc@group-B10893BEAC1D-SegmentedRaftLogWorker: created new log segment /workdir/hadoop-ozone/integration-test/target/test-dir/MiniOzoneClusterImpl-7a6c8996-2122-423e-a44c-6a38b4a82575/datanode-0/data/ratis/640214b9-bf72-43eb-8eef-b10893beac1d/current/log_inprogress_0
2019-09-24 18:43:21,328 [bfedd7ac-20a7-41ea-98ab-a94e8334a7fe@group-9DBFF3FC8B40:LeaderElection111] INFO  impl.LeaderElection (LeaderElection.java:askForVotes(182)) - bfedd7ac-20a7-41ea-98ab-a94e8334a7fe@group-9DBFF3FC8B40:LeaderElection111: begin an election at term 5 for -1: [bfedd7ac-20a7-41ea-98ab-a94e8334a7fe:192.168.36.84:46718, ff3e2dbf-fbd7-44c8-b920-6245688f6c83:192.168.36.84:44531, 8e1599e9-105d-4dd4-a052-d21668a40b75:192.168.36.84:44254], old=null
2019-09-24 18:43:21,328 [8e1599e9-105d-4dd4-a052-d21668a40b75@group-E47707E13CB0:LeaderElection112] INFO  impl.LeaderElection (LeaderElection.java:askForVotes(182)) - 8e1599e9-105d-4dd4-a052-d21668a40b75@group-E47707E13CB0:LeaderElection112: begin an election at term 3 for -1: [bfedd7ac-20a7-41ea-98ab-a94e8334a7fe:192.168.36.84:46718, ff3e2dbf-fbd7-44c8-b920-6245688f6c83:192.168.36.84:44531, 8e1599e9-105d-4dd4-a052-d21668a40b75:192.168.36.84:44254], old=null
2019-09-24 18:43:21,328 [8e1599e9-105d-4dd4-a052-d21668a40b75@group-9DBFF3FC8B40:LeaderElection110] INFO  impl.LeaderElection (LeaderElection.java:askForVotes(182)) - 8e1599e9-105d-4dd4-a052-d21668a40b75@group-9DBFF3FC8B40:LeaderElection110: begin an election at term 5 for -1: [bfedd7ac-20a7-41ea-98ab-a94e8334a7fe:192.168.36.84:46718, ff3e2dbf-fbd7-44c8-b920-6245688f6c83:192.168.36.84:44531, 8e1599e9-105d-4dd4-a052-d21668a40b75:192.168.36.84:44254], old=null
2019-09-24 18:43:21,327 [75085931-92b1-4873-b3f1-0c98c0c26420@group-61BB5FB3D42B-SegmentedRaftLogWorker] INFO  segmented.SegmentedRaftLogWorker (SegmentedRaftLogWorker.java:execute(569)) - 75085931-92b1-4873-b3f1-0c98c0c26420@group-61BB5FB3D42B-SegmentedRaftLogWorker: created new log segment /workdir/hadoop-ozone/integration-test/target/test-dir/MiniOzoneClusterImpl-7a6c8996-2122-423e-a44c-6a38b4a82575/datanode-1/data/ratis/67dc19ef-8469-427f-9066-61bb5fb3d42b/current/log_inprogress_0
2019-09-24 18:43:21,327 [3f2c6e52-b251-4342-81d8-126278b75ced@group-366527C1CFCE-SegmentedRaftLogWorker] INFO  segmented.SegmentedRaftLogWorker (SegmentedRaftLogWorker.java:execute(569)) - 3f2c6e52-b251-4342-81d8-126278b75ced@group-366527C1CFCE-SegmentedRaftLogWorker: created new log segment /workdir/hadoop-ozone/integration-test/target/test-dir/MiniOzoneClusterImpl-7a6c8996-2122-423e-a44c-6a38b4a82575/datanode-6/data/ratis/5c59e22e-74ea-42ea-8a41-366527c1cfce/current/log_inprogress_0
2019-09-24 18:43:21,327 [970d6631-1a01-43b9-8e86-8960ffd1a97f@group-4D9AFCCB320F-SegmentedRaftLogWorker] INFO  segmented.SegmentedRaftLogWorker (SegmentedRaftLogWorker.java:execute(569)) - 970d6631-1a01-43b9-8e86-8960ffd1a97f@group-4D9AFCCB320F-SegmentedRaftLogWorker: created new log segment /workdir/hadoop-ozone/integration-test/target/test-dir/MiniOzoneClusterImpl-7a6c8996-2122-423e-a44c-6a38b4a82575/datanode-2/data/ratis/9192e533-16ee-4180-b37e-4d9afccb320f/current/log_inprogress_0
2019-09-24 18:43:21,327 [57ca6293-e2b9-4a4c-b2bc-c24aff6045c4@group-003F8C097EE2-SegmentedRaftLogWorker] INFO  segmented.SegmentedRaftLogWorker (SegmentedRaftLogWorker.java:execute(569)) - 57ca6293-e2b9-4a4c-b2bc-c24aff6045c4@group-003F8C097EE2-SegmentedRaftLogWorker: created new log segment /workdir/hadoop-ozone/integration-test/target/test-dir/MiniOzoneClusterImpl-7a6c8996-2122-423e-a44c-6a38b4a82575/datanode-3/data/ratis/e5dc6fed-41f7-4dd9-a16a-003f8c097ee2/current/log_inprogress_0
2019-09-24 18:43:21,327 [e7b9a2a3-58c7-459e-8ba9-4705c268421c@group-94E150D93671-SegmentedRaftLogWorker] INFO  segmented.SegmentedRaftLogWorker (SegmentedRaftLogWorker.java:execute(569)) - e7b9a2a3-58c7-459e-8ba9-4705c268421c@group-94E150D93671-SegmentedRaftLogWorker: created new log segment /workdir/hadoop-ozone/integration-test/target/test-dir/MiniOzoneClusterImpl-7a6c8996-2122-423e-a44c-6a38b4a82575/datanode-4/data/ratis/8f34993f-f8d0-4b45-a278-94e150d93671/current/log_inprogress_0
2019-09-24 18:43:21,331 [grpc-default-executor-6] INFO  impl.RaftServerImpl (RaftServerImpl.java:setRole(174)) - ff3e2dbf-fbd7-44c8-b920-6245688f6c83@group-9DBFF3FC8B40: changes role from  FOLLOWER to FOLLOWER at term 5 for recognizeCandidate:8e1599e9-105d-4dd4-a052-d21668a40b75
2019-09-24 18:43:21,331 [grpc-default-executor-6] INFO  impl.RoleInfo (RoleInfo.java:shutdownFollowerState(121)) - ff3e2dbf-fbd7-44c8-b920-6245688f6c83: shutdown FollowerState
2019-09-24 18:43:21,331 [ff3e2dbf-fbd7-44c8-b920-6245688f6c83@group-F2343F61EB5A:LeaderElection108] INFO  impl.LeaderElection (LeaderElection.java:logAndReturn(56)) - ff3e2dbf-fbd7-44c8-b920-6245688f6c83@group-F2343F61EB5A:LeaderElection108: Election REJECTED; received 2 response(s) [ff3e2dbf-fbd7-44c8-b920-6245688f6c83<-bfedd7ac-20a7-41ea-98ab-a94e8334a7fe#0:FAIL-t5, ff3e2dbf-fbd7-44c8-b920-6245688f6c83<-8e1599e9-105d-4dd4-a052-d21668a40b75#0:FAIL-t5] and 0 exception(s); ff3e2dbf-fbd7-44c8-b920-6245688f6c83@group-F2343F61EB5A:t5, leader=null, voted=ff3e2dbf-fbd7-44c8-b920-6245688f6c83, raftlog=ff3e2dbf-fbd7-44c8-b920-6245688f6c83@group-F2343F61EB5A-SegmentedRaftLog:OPENED:c-1,f-1,i0, conf=-1: [bfedd7ac-20a7-41ea-98ab-a94e8334a7fe:192.168.36.84:46718, ff3e2dbf-fbd7-44c8-b920-6245688f6c83:192.168.36.84:44531, 8e1599e9-105d-4dd4-a052-d21668a40b75:192.168.36.84:44254], old=null
2019-09-24 18:43:21,332 [Thread-2603] INFO  impl.FollowerState (FollowerState.java:run(115)) - ff3e2dbf-fbd7-44c8-b920-6245688f6c83: FollowerState was interrupted: java.lang.InterruptedException: sleep interrupted
2019-09-24 18:43:21,332 [grpc-default-executor-6] INFO  impl.RoleInfo (RoleInfo.java:updateAndGet(143)) - ff3e2dbf-fbd7-44c8-b920-6245688f6c83: start FollowerState
2019-09-24 18:43:21,332 [grpc-default-executor-14] INFO  impl.RaftServerImpl (RaftServerImpl.java:setRole(174)) - ff3e2dbf-fbd7-44c8-b920-6245688f6c83@group-E47707E13CB0: changes role from  FOLLOWER to FOLLOWER at term 3 for recognizeCandidate:8e1599e9-105d-4dd4-a052-d21668a40b75
2019-09-24 18:43:21,332 [ff3e2dbf-fbd7-44c8-b920-6245688f6c83@group-F2343F61EB5A:LeaderElection108] INFO  impl.RaftServerImpl (RaftServerImpl.java:setRole(174)) - ff3e2dbf-fbd7-44c8-b920-6245688f6c83@group-F2343F61EB5A: changes role from CANDIDATE to FOLLOWER at term 5 for DISCOVERED_A_NEW_TERM
2019-09-24 18:43:21,333 [ff3e2dbf-fbd7-44c8-b920-6245688f6c83@group-F2343F61EB5A:LeaderElection108] INFO  impl.RoleInfo (RoleInfo.java:shutdownLeaderElection(134)) - ff3e2dbf-fbd7-44c8-b920-6245688f6c83: shutdown LeaderElection
2019-09-24 18:43:21,333 [grpc-default-executor-13] INFO  impl.RaftServerImpl (RaftServerImpl.java:setRole(174)) - bfedd7ac-20a7-41ea-98ab-a94e8334a7fe@group-E47707E13CB0: changes role from  FOLLOWER to FOLLOWER at term 3 for recognizeCandidate:8e1599e9-105d-4dd4-a052-d21668a40b75
2019-09-24 18:43:21,332 [grpc-default-executor-14] INFO  impl.RoleInfo (RoleInfo.java:shutdownFollowerState(121)) - ff3e2dbf-fbd7-44c8-b920-6245688f6c83: shutdown FollowerState
2019-09-24 18:43:21,333 [grpc-default-executor-13] INFO  impl.RoleInfo (RoleInfo.java:shutdownFollowerState(121)) - bfedd7ac-20a7-41ea-98ab-a94e8334a7fe: shutdown FollowerState
2019-09-24 18:43:21,333 [ff3e2dbf-fbd7-44c8-b920-6245688f6c83@group-F2343F61EB5A:LeaderElection108] INFO  impl.RoleInfo (RoleInfo.java:updateAndGet(143)) - ff3e2dbf-fbd7-44c8-b920-6245688f6c83: start FollowerState
2019-09-24 18:43:21,333 [Thread-2605] INFO  impl.FollowerState (FollowerState.java:run(115)) - bfedd7ac-20a7-41ea-98ab-a94e8334a7fe: FollowerState was interrupted: java.lang.InterruptedException: sleep interrupted
2019-09-24 18:43:21,333 [grpc-default-executor-13] INFO  impl.RoleInfo (RoleInfo.java:updateAndGet(143)) - bfedd7ac-20a7-41ea-98ab-a94e8334a7fe: start FollowerState
2019-09-24 18:43:21,333 [Thread-2608] INFO  impl.FollowerState (FollowerState.java:run(115)) - ff3e2dbf-fbd7-44c8-b920-6245688f6c83: FollowerState was interrupted: java.lang.InterruptedException: sleep interrupted
2019-09-24 18:43:21,333 [grpc-default-executor-14] INFO  impl.RoleInfo (RoleInfo.java:updateAndGet(143)) - ff3e2dbf-fbd7-44c8-b920-6245688f6c83: start FollowerState
2019-09-24 18:43:21,335 [bfedd7ac-20a7-41ea-98ab-a94e8334a7fe@group-F2343F61EB5A:LeaderElection109] INFO  impl.LeaderElection (LeaderElection.java:logAndReturn(56)) - bfedd7ac-20a7-41ea-98ab-a94e8334a7fe@group-F2343F61EB5A:LeaderElection109: Election REJECTED; received 2 response(s) [bfedd7ac-20a7-41ea-98ab-a94e8334a7fe<-ff3e2dbf-fbd7-44c8-b920-6245688f6c83#0:FAIL-t5, bfedd7ac-20a7-41ea-98ab-a94e8334a7fe<-8e1599e9-105d-4dd4-a052-d21668a40b75#0:FAIL-t5] and 0 exception(s); bfedd7ac-20a7-41ea-98ab-a94e8334a7fe@group-F2343F61EB5A:t5, leader=null, voted=bfedd7ac-20a7-41ea-98ab-a94e8334a7fe, raftlog=bfedd7ac-20a7-41ea-98ab-a94e8334a7fe@group-F2343F61EB5A-SegmentedRaftLog:OPENED:c-1,f-1,i0, conf=-1: [bfedd7ac-20a7-41ea-98ab-a94e8334a7fe:192.168.36.84:46718, ff3e2dbf-fbd7-44c8-b920-6245688f6c83:192.168.36.84:44531, 8e1599e9-105d-4dd4-a052-d21668a40b75:192.168.36.84:44254], old=null
2019-09-24 18:43:21,335 [bfedd7ac-20a7-41ea-98ab-a94e8334a7fe@group-F2343F61EB5A:LeaderElection109] INFO  impl.RaftServerImpl (RaftServerImpl.java:setRole(174)) - bfedd7ac-20a7-41ea-98ab-a94e8334a7fe@group-F2343F61EB5A: changes role from CANDIDATE to FOLLOWER at term 5 for DISCOVERED_A_NEW_TERM
2019-09-24 18:43:21,335 [bfedd7ac-20a7-41ea-98ab-a94e8334a7fe@group-F2343F61EB5A:LeaderElection109] INFO  impl.RoleInfo (RoleInfo.java:shutdownLeaderElection(134)) - bfedd7ac-20a7-41ea-98ab-a94e8334a7fe: shutdown LeaderElection
2019-09-24 18:43:21,335 [8e1599e9-105d-4dd4-a052-d21668a40b75@group-F2343F61EB5A:LeaderElection107] INFO  impl.LeaderElection (LeaderElection.java:logAndReturn(56)) - 8e1599e9-105d-4dd4-a052-d21668a40b75@group-F2343F61EB5A:LeaderElection107: Election REJECTED; received 2 response(s) [8e1599e9-105d-4dd4-a052-d21668a40b75<-bfedd7ac-20a7-41ea-98ab-a94e8334a7fe#0:FAIL-t5, 8e1599e9-105d-4dd4-a052-d21668a40b75<-ff3e2dbf-fbd7-44c8-b920-6245688f6c83#0:FAIL-t5] and 0 exception(s); 8e1599e9-105d-4dd4-a052-d21668a40b75@group-F2343F61EB5A:t5, leader=null, voted=8e1599e9-105d-4dd4-a052-d21668a40b75, raftlog=8e1599e9-105d-4dd4-a052-d21668a40b75@group-F2343F61EB5A-SegmentedRaftLog:OPENED:c-1,f-1,i0, conf=-1: [bfedd7ac-20a7-41ea-98ab-a94e8334a7fe:192.168.36.84:46718, ff3e2dbf-fbd7-44c8-b920-6245688f6c83:192.168.36.84:44531, 8e1599e9-105d-4dd4-a052-d21668a40b75:192.168.36.84:44254], old=null
2019-09-24 18:43:21,335 [bfedd7ac-20a7-41ea-98ab-a94e8334a7fe@group-F2343F61EB5A:LeaderElection109] INFO  impl.RoleInfo (RoleInfo.java:updateAndGet(143)) - bfedd7ac-20a7-41ea-98ab-a94e8334a7fe: start FollowerState
2019-09-24 18:43:21,335 [8e1599e9-105d-4dd4-a052-d21668a40b75@group-F2343F61EB5A:LeaderElection107] INFO  impl.RaftServerImpl (RaftServerImpl.java:setRole(174)) - 8e1599e9-105d-4dd4-a052-d21668a40b75@group-F2343F61EB5A: changes role from CANDIDATE to FOLLOWER at term 5 for DISCOVERED_A_NEW_TERM
2019-09-24 18:43:21,336 [8e1599e9-105d-4dd4-a052-d21668a40b75@group-F2343F61EB5A:LeaderElection107] INFO  impl.RoleInfo (RoleInfo.java:shutdownLeaderElection(134)) - 8e1599e9-105d-4dd4-a052-d21668a40b75: shutdown LeaderElection
2019-09-24 18:43:21,336 [8e1599e9-105d-4dd4-a052-d21668a40b75@group-F2343F61EB5A:LeaderElection107] INFO  impl.RoleInfo (RoleInfo.java:updateAndGet(143)) - 8e1599e9-105d-4dd4-a052-d21668a40b75: start FollowerState
2019-09-24 18:43:21,416 [Thread-2611] INFO  impl.FollowerState (FollowerState.java:run(106)) - 57ca6293-e2b9-4a4c-b2bc-c24aff6045c4:group-BBF77846C05D changes to CANDIDATE, lastRpcTime:5018, electionTimeout:5018ms
2019-09-24 18:43:21,416 [Thread-2611] INFO  impl.RoleInfo (RoleInfo.java:shutdownFollowerState(121)) - 57ca6293-e2b9-4a4c-b2bc-c24aff6045c4: shutdown FollowerState
2019-09-24 18:43:21,416 [Thread-2611] INFO  impl.RaftServerImpl (RaftServerImpl.java:setRole(174)) - 57ca6293-e2b9-4a4c-b2bc-c24aff6045c4@group-BBF77846C05D: changes role from  FOLLOWER to CANDIDATE at term 1 for changeToCandidate
2019-09-24 18:43:21,417 [Thread-2611] INFO  impl.RoleInfo (RoleInfo.java:updateAndGet(143)) - 57ca6293-e2b9-4a4c-b2bc-c24aff6045c4: start LeaderElection
2019-09-24 18:43:21,417 [Thread-2610] INFO  impl.FollowerState (FollowerState.java:run(106)) - e8dc17a1-737d-4975-94aa-89e57a40abfc:group-24E0F0C309DD changes to CANDIDATE, lastRpcTime:5020, electionTimeout:5019ms
2019-09-24 18:43:21,417 [Thread-2610] INFO  impl.RoleInfo (RoleInfo.java:shutdownFollowerState(121)) - e8dc17a1-737d-4975-94aa-89e57a40abfc: shutdown FollowerState
2019-09-24 18:43:21,417 [Thread-2610] INFO  impl.RaftServerImpl (RaftServerImpl.java:setRole(174)) - e8dc17a1-737d-4975-94aa-89e57a40abfc@group-24E0F0C309DD: changes role from  FOLLOWER to CANDIDATE at term 1 for changeToCandidate
2019-09-24 18:43:21,418 [Thread-2610] INFO  impl.RoleInfo (RoleInfo.java:updateAndGet(143)) - e8dc17a1-737d-4975-94aa-89e57a40abfc: start LeaderElection
2019-09-24 18:43:21,485 [Thread-2604] INFO  impl.FollowerState (FollowerState.java:run(106)) - e7b9a2a3-58c7-459e-8ba9-4705c268421c:group-BBF77846C05D changes to CANDIDATE, lastRpcTime:5126, electionTimeout:5121ms
2019-09-24 18:43:21,485 [Thread-2604] INFO  impl.RoleInfo (RoleInfo.java:shutdownFollowerState(121)) - e7b9a2a3-58c7-459e-8ba9-4705c268421c: shutdown FollowerState
2019-09-24 18:43:21,485 [Thread-2604] INFO  impl.RaftServerImpl (RaftServerImpl.java:setRole(174)) - e7b9a2a3-58c7-459e-8ba9-4705c268421c@group-BBF77846C05D: changes role from  FOLLOWER to CANDIDATE at term 1 for changeToCandidate
2019-09-24 18:43:21,485 [Thread-2604] INFO  impl.RoleInfo (RoleInfo.java:updateAndGet(143)) - e7b9a2a3-58c7-459e-8ba9-4705c268421c: start LeaderElection
2019-09-24 18:43:21,498 [Thread-2609] INFO  impl.FollowerState (FollowerState.java:run(106)) - 970d6631-1a01-43b9-8e86-8960ffd1a97f:group-BBF77846C05D changes to CANDIDATE, lastRpcTime:5101, electionTimeout:5101ms
2019-09-24 18:43:21,498 [Thread-2609] INFO  impl.RoleInfo (RoleInfo.java:shutdownFollowerState(121)) - 970d6631-1a01-43b9-8e86-8960ffd1a97f: shutdown FollowerState
2019-09-24 18:43:21,498 [Thread-2609] INFO  impl.RaftServerImpl (RaftServerImpl.java:setRole(174)) - 970d6631-1a01-43b9-8e86-8960ffd1a97f@group-BBF77846C05D: changes role from  FOLLOWER to CANDIDATE at term 1 for changeToCandidate
2019-09-24 18:43:21,499 [Thread-2609] INFO  impl.RoleInfo (RoleInfo.java:updateAndGet(143)) - 970d6631-1a01-43b9-8e86-8960ffd1a97f: start LeaderElection
2019-09-24 18:43:21,512 [Thread-2606] INFO  impl.FollowerState (FollowerState.java:run(106)) - 3f2c6e52-b251-4342-81d8-126278b75ced:group-24E0F0C309DD changes to CANDIDATE, lastRpcTime:5140, electionTimeout:5115ms
2019-09-24 18:43:21,512 [Thread-2606] INFO  impl.RoleInfo (RoleInfo.java:shutdownFollowerState(121)) - 3f2c6e52-b251-4342-81d8-126278b75ced: shutdown FollowerState
2019-09-24 18:43:21,512 [Thread-2606] INFO  impl.RaftServerImpl (RaftServerImpl.java:setRole(174)) - 3f2c6e52-b251-4342-81d8-126278b75ced@group-24E0F0C309DD: changes role from  FOLLOWER to CANDIDATE at term 1 for changeToCandidate
2019-09-24 18:43:21,512 [Thread-2606] INFO  impl.RoleInfo (RoleInfo.java:updateAndGet(143)) - 3f2c6e52-b251-4342-81d8-126278b75ced: start LeaderElection
2019-09-24 18:43:21,526 [Thread-2607] INFO  impl.FollowerState (FollowerState.java:run(106)) - 75085931-92b1-4873-b3f1-0c98c0c26420:group-24E0F0C309DD changes to CANDIDATE, lastRpcTime:5153, electionTimeout:5129ms
2019-09-24 18:43:21,526 [Thread-2607] INFO  impl.RoleInfo (RoleInfo.java:shutdownFollowerState(121)) - 75085931-92b1-4873-b3f1-0c98c0c26420: shutdown FollowerState
2019-09-24 18:43:21,526 [Thread-2607] INFO  impl.RaftServerImpl (RaftServerImpl.java:setRole(174)) - 75085931-92b1-4873-b3f1-0c98c0c26420@group-24E0F0C309DD: changes role from  FOLLOWER to CANDIDATE at term 1 for changeToCandidate
2019-09-24 18:43:21,526 [Thread-2607] INFO  impl.RoleInfo (RoleInfo.java:updateAndGet(143)) - 75085931-92b1-4873-b3f1-0c98c0c26420: start LeaderElection
2019-09-24 18:43:21,743 [e8dc17a1-737d-4975-94aa-89e57a40abfc@group-24E0F0C309DD:LeaderElection114] INFO  impl.LeaderElection (LeaderElection.java:askForVotes(182)) - e8dc17a1-737d-4975-94aa-89e57a40abfc@group-24E0F0C309DD:LeaderElection114: begin an election at term 2 for -1: [3f2c6e52-b251-4342-81d8-126278b75ced:192.168.36.84:42619, e8dc17a1-737d-4975-94aa-89e57a40abfc:192.168.36.84:35472, 75085931-92b1-4873-b3f1-0c98c0c26420:192.168.36.84:43228], old=null
2019-09-24 18:43:21,743 [57ca6293-e2b9-4a4c-b2bc-c24aff6045c4@group-BBF77846C05D:LeaderElection113] INFO  impl.LeaderElection (LeaderElection.java:askForVotes(182)) - 57ca6293-e2b9-4a4c-b2bc-c24aff6045c4@group-BBF77846C05D:LeaderElection113: begin an election at term 2 for -1: [57ca6293-e2b9-4a4c-b2bc-c24aff6045c4:192.168.36.84:38223, 970d6631-1a01-43b9-8e86-8960ffd1a97f:192.168.36.84:42841, e7b9a2a3-58c7-459e-8ba9-4705c268421c:192.168.36.84:41854], old=null
2019-09-24 18:43:21,743 [3f2c6e52-b251-4342-81d8-126278b75ced@group-24E0F0C309DD:LeaderElection117] INFO  impl.LeaderElection (LeaderElection.java:askForVotes(182)) - 3f2c6e52-b251-4342-81d8-126278b75ced@group-24E0F0C309DD:LeaderElection117: begin an election at term 2 for -1: [3f2c6e52-b251-4342-81d8-126278b75ced:192.168.36.84:42619, e8dc17a1-737d-4975-94aa-89e57a40abfc:192.168.36.84:35472, 75085931-92b1-4873-b3f1-0c98c0c26420:192.168.36.84:43228], old=null
2019-09-24 18:43:21,743 [970d6631-1a01-43b9-8e86-8960ffd1a97f@group-BBF77846C05D:LeaderElection116] INFO  impl.LeaderElection (LeaderElection.java:askForVotes(182)) - 970d6631-1a01-43b9-8e86-8960ffd1a97f@group-BBF77846C05D:LeaderElection116: begin an election at term 2 for -1: [57ca6293-e2b9-4a4c-b2bc-c24aff6045c4:192.168.36.84:38223, 970d6631-1a01-43b9-8e86-8960ffd1a97f:192.168.36.84:42841, e7b9a2a3-58c7-459e-8ba9-4705c268421c:192.168.36.84:41854], old=null
2019-09-24 18:43:21,744 [8e1599e9-105d-4dd4-a052-d21668a40b75@group-9DBFF3FC8B40:LeaderElection110] INFO  impl.LeaderElection (LeaderElection.java:logAndReturn(56)) - 8e1599e9-105d-4dd4-a052-d21668a40b75@group-9DBFF3FC8B40:LeaderElection110: Election PASSED; received 2 response(s) [8e1599e9-105d-4dd4-a052-d21668a40b75<-bfedd7ac-20a7-41ea-98ab-a94e8334a7fe#0:FAIL-t5, 8e1599e9-105d-4dd4-a052-d21668a40b75<-ff3e2dbf-fbd7-44c8-b920-6245688f6c83#0:OK-t5] and 0 exception(s); 8e1599e9-105d-4dd4-a052-d21668a40b75@group-9DBFF3FC8B40:t5, leader=null, voted=8e1599e9-105d-4dd4-a052-d21668a40b75, raftlog=8e1599e9-105d-4dd4-a052-d21668a40b75@group-9DBFF3FC8B40-SegmentedRaftLog:OPENED:c-1,f-1,i0, conf=-1: [bfedd7ac-20a7-41ea-98ab-a94e8334a7fe:192.168.36.84:46718, ff3e2dbf-fbd7-44c8-b920-6245688f6c83:192.168.36.84:44531, 8e1599e9-105d-4dd4-a052-d21668a40b75:192.168.36.84:44254], old=null
2019-09-24 18:43:21,743 [e7b9a2a3-58c7-459e-8ba9-4705c268421c@group-BBF77846C05D:LeaderElection115] INFO  impl.LeaderElection (LeaderElection.java:askForVotes(182)) - e7b9a2a3-58c7-459e-8ba9-4705c268421c@group-BBF77846C05D:LeaderElection115: begin an election at term 2 for -1: [57ca6293-e2b9-4a4c-b2bc-c24aff6045c4:192.168.36.84:38223, 970d6631-1a01-43b9-8e86-8960ffd1a97f:192.168.36.84:42841, e7b9a2a3-58c7-459e-8ba9-4705c268421c:192.168.36.84:41854], old=null
2019-09-24 18:43:21,744 [8e1599e9-105d-4dd4-a052-d21668a40b75@group-9DBFF3FC8B40:LeaderElection110] INFO  impl.RoleInfo (RoleInfo.java:shutdownLeaderElection(134)) - 8e1599e9-105d-4dd4-a052-d21668a40b75: shutdown LeaderElection
2019-09-24 18:43:21,743 [75085931-92b1-4873-b3f1-0c98c0c26420@group-24E0F0C309DD:LeaderElection118] INFO  impl.LeaderElection (LeaderElection.java:askForVotes(182)) - 75085931-92b1-4873-b3f1-0c98c0c26420@group-24E0F0C309DD:LeaderElection118: begin an election at term 2 for -1: [3f2c6e52-b251-4342-81d8-126278b75ced:192.168.36.84:42619, e8dc17a1-737d-4975-94aa-89e57a40abfc:192.168.36.84:35472, 75085931-92b1-4873-b3f1-0c98c0c26420:192.168.36.84:43228], old=null
2019-09-24 18:43:21,745 [8e1599e9-105d-4dd4-a052-d21668a40b75@group-9DBFF3FC8B40:LeaderElection110] INFO  impl.RaftServerImpl (RaftServerImpl.java:setRole(174)) - 8e1599e9-105d-4dd4-a052-d21668a40b75@group-9DBFF3FC8B40: changes role from CANDIDATE to LEADER at term 5 for changeToLeader
2019-09-24 18:43:21,744 [bfedd7ac-20a7-41ea-98ab-a94e8334a7fe@group-9DBFF3FC8B40:LeaderElection111] INFO  impl.LeaderElection (LeaderElection.java:logAndReturn(56)) - bfedd7ac-20a7-41ea-98ab-a94e8334a7fe@group-9DBFF3FC8B40:LeaderElection111: Election REJECTED; received 2 response(s) [bfedd7ac-20a7-41ea-98ab-a94e8334a7fe<-ff3e2dbf-fbd7-44c8-b920-6245688f6c83#0:FAIL-t5, bfedd7ac-20a7-41ea-98ab-a94e8334a7fe<-8e1599e9-105d-4dd4-a052-d21668a40b75#0:FAIL-t5] and 0 exception(s); bfedd7ac-20a7-41ea-98ab-a94e8334a7fe@group-9DBFF3FC8B40:t5, leader=null, voted=bfedd7ac-20a7-41ea-98ab-a94e8334a7fe, raftlog=bfedd7ac-20a7-41ea-98ab-a94e8334a7fe@group-9DBFF3FC8B40-SegmentedRaftLog:OPENED:c-1,f-1,i0, conf=-1: [bfedd7ac-20a7-41ea-98ab-a94e8334a7fe:192.168.36.84:46718, ff3e2dbf-fbd7-44c8-b920-6245688f6c83:192.168.36.84:44531, 8e1599e9-105d-4dd4-a052-d21668a40b75:192.168.36.84:44254], old=null
2019-09-24 18:43:21,744 [8e1599e9-105d-4dd4-a052-d21668a40b75@group-E47707E13CB0:LeaderElection112] INFO  impl.LeaderElection (LeaderElection.java:logAndReturn(56)) - 8e1599e9-105d-4dd4-a052-d21668a40b75@group-E47707E13CB0:LeaderElection112: Election PASSED; received 1 response(s) [8e1599e9-105d-4dd4-a052-d21668a40b75<-bfedd7ac-20a7-41ea-98ab-a94e8334a7fe#0:OK-t3] and 0 exception(s); 8e1599e9-105d-4dd4-a052-d21668a40b75@group-E47707E13CB0:t3, leader=null, voted=8e1599e9-105d-4dd4-a052-d21668a40b75, raftlog=8e1599e9-105d-4dd4-a052-d21668a40b75@group-E47707E13CB0-SegmentedRaftLog:OPENED:c-1,f-1,i0, conf=-1: [bfedd7ac-20a7-41ea-98ab-a94e8334a7fe:192.168.36.84:46718, ff3e2dbf-fbd7-44c8-b920-6245688f6c83:192.168.36.84:44531, 8e1599e9-105d-4dd4-a052-d21668a40b75:192.168.36.84:44254], old=null
2019-09-24 18:43:21,745 [8e1599e9-105d-4dd4-a052-d21668a40b75@group-9DBFF3FC8B40:LeaderElection110] INFO  impl.RaftServerImpl (ServerState.java:setLeader(253)) - 8e1599e9-105d-4dd4-a052-d21668a40b75@group-9DBFF3FC8B40: change Leader from null to 8e1599e9-105d-4dd4-a052-d21668a40b75 at term 5 for becomeLeader, leader elected after 42273ms
2019-09-24 18:43:21,746 [8e1599e9-105d-4dd4-a052-d21668a40b75@group-E47707E13CB0:LeaderElection112] INFO  impl.RoleInfo (RoleInfo.java:shutdownLeaderElection(134)) - 8e1599e9-105d-4dd4-a052-d21668a40b75: shutdown LeaderElection
2019-09-24 18:43:21,746 [bfedd7ac-20a7-41ea-98ab-a94e8334a7fe@group-9DBFF3FC8B40:LeaderElection111] INFO  impl.RaftServerImpl (RaftServerImpl.java:setRole(174)) - bfedd7ac-20a7-41ea-98ab-a94e8334a7fe@group-9DBFF3FC8B40: changes role from CANDIDATE to FOLLOWER at term 5 for DISCOVERED_A_NEW_TERM
2019-09-24 18:43:21,746 [8e1599e9-105d-4dd4-a052-d21668a40b75@group-E47707E13CB0:LeaderElection112] INFO  impl.RaftServerImpl (RaftServerImpl.java:setRole(174)) - 8e1599e9-105d-4dd4-a052-d21668a40b75@group-E47707E13CB0: changes role from CANDIDATE to LEADER at term 3 for changeToLeader
2019-09-24 18:43:21,746 [8e1599e9-105d-4dd4-a052-d21668a40b75@group-9DBFF3FC8B40:LeaderElection110] INFO  server.RaftServerConfigKeys (ConfUtils.java:logGet(43)) - raft.server.staging.catchup.gap = 1000 (default)
2019-09-24 18:43:21,746 [8e1599e9-105d-4dd4-a052-d21668a40b75@group-E47707E13CB0:LeaderElection112] INFO  impl.RaftServerImpl (ServerState.java:setLeader(253)) - 8e1599e9-105d-4dd4-a052-d21668a40b75@group-E47707E13CB0: change Leader from null to 8e1599e9-105d-4dd4-a052-d21668a40b75 at term 3 for becomeLeader, leader elected after 26915ms
2019-09-24 18:43:21,746 [bfedd7ac-20a7-41ea-98ab-a94e8334a7fe@group-9DBFF3FC8B40:LeaderElection111] INFO  impl.RoleInfo (RoleInfo.java:shutdownLeaderElection(134)) - bfedd7ac-20a7-41ea-98ab-a94e8334a7fe: shutdown LeaderElection
2019-09-24 18:43:21,747 [8e1599e9-105d-4dd4-a052-d21668a40b75@group-E47707E13CB0:LeaderElection112] INFO  server.RaftServerConfigKeys (ConfUtils.java:logGet(43)) - raft.server.staging.catchup.gap = 1000 (default)
2019-09-24 18:43:21,747 [8e1599e9-105d-4dd4-a052-d21668a40b75@group-9DBFF3FC8B40:LeaderElection110] INFO  server.RaftServerConfigKeys (ConfUtils.java:logGet(43)) - raft.server.rpc.sleep.time = 25ms (default)
2019-09-24 18:43:21,747 [8e1599e9-105d-4dd4-a052-d21668a40b75@group-E47707E13CB0:LeaderElection112] INFO  server.RaftServerConfigKeys (ConfUtils.java:logGet(43)) - raft.server.rpc.sleep.time = 25ms (default)
2019-09-24 18:43:21,747 [bfedd7ac-20a7-41ea-98ab-a94e8334a7fe@group-9DBFF3FC8B40:LeaderElection111] INFO  impl.RoleInfo (RoleInfo.java:updateAndGet(143)) - bfedd7ac-20a7-41ea-98ab-a94e8334a7fe: start FollowerState
2019-09-24 18:43:21,747 [8e1599e9-105d-4dd4-a052-d21668a40b75@group-E47707E13CB0:LeaderElection112] INFO  server.RaftServerConfigKeys (ConfUtils.java:logGet(43)) - raft.server.write.element-limit = 4096 (default)
2019-09-24 18:43:21,747 [8e1599e9-105d-4dd4-a052-d21668a40b75@group-9DBFF3FC8B40:LeaderElection110] INFO  server.RaftServerConfigKeys (ConfUtils.java:logGet(43)) - raft.server.write.element-limit = 4096 (default)
2019-09-24 18:43:21,748 [e8dc17a1-737d-4975-94aa-89e57a40abfc@group-24E0F0C309DD:LeaderElection114] INFO  impl.LeaderElection (LeaderElection.java:logAndReturn(56)) - e8dc17a1-737d-4975-94aa-89e57a40abfc@group-24E0F0C309DD:LeaderElection114: Election REJECTED; received 2 response(s) [e8dc17a1-737d-4975-94aa-89e57a40abfc<-3f2c6e52-b251-4342-81d8-126278b75ced#0:FAIL-t2, e8dc17a1-737d-4975-94aa-89e57a40abfc<-75085931-92b1-4873-b3f1-0c98c0c26420#0:FAIL-t2] and 0 exception(s); e8dc17a1-737d-4975-94aa-89e57a40abfc@group-24E0F0C309DD:t2, leader=null, voted=e8dc17a1-737d-4975-94aa-89e57a40abfc, raftlog=e8dc17a1-737d-4975-94aa-89e57a40abfc@group-24E0F0C309DD-SegmentedRaftLog:OPENED:c-1,f-1,i0, conf=-1: [3f2c6e52-b251-4342-81d8-126278b75ced:192.168.36.84:42619, e8dc17a1-737d-4975-94aa-89e57a40abfc:192.168.36.84:35472, 75085931-92b1-4873-b3f1-0c98c0c26420:192.168.36.84:43228], old=null
2019-09-24 18:43:21,748 [8e1599e9-105d-4dd4-a052-d21668a40b75@group-E47707E13CB0:LeaderElection112] INFO  server.RaftServerConfigKeys (ConfUtils.java:logGet(43)) - raft.server.watch.timeout = 10s (default)
2019-09-24 18:43:21,748 [e8dc17a1-737d-4975-94aa-89e57a40abfc@group-24E0F0C309DD:LeaderElection114] INFO  impl.RaftServerImpl (RaftServerImpl.java:setRole(174)) - e8dc17a1-737d-4975-94aa-89e57a40abfc@group-24E0F0C309DD: changes role from CANDIDATE to FOLLOWER at term 2 for DISCOVERED_A_NEW_TERM
2019-09-24 18:43:21,748 [8e1599e9-105d-4dd4-a052-d21668a40b75@group-9DBFF3FC8B40:LeaderElection110] INFO  server.RaftServerConfigKeys (ConfUtils.java:logGet(43)) - raft.server.watch.timeout = 10s (default)
2019-09-24 18:43:21,748 [e8dc17a1-737d-4975-94aa-89e57a40abfc@group-24E0F0C309DD:LeaderElection114] INFO  impl.RoleInfo (RoleInfo.java:shutdownLeaderElection(134)) - e8dc17a1-737d-4975-94aa-89e57a40abfc: shutdown LeaderElection
2019-09-24 18:43:21,748 [8e1599e9-105d-4dd4-a052-d21668a40b75@group-E47707E13CB0:LeaderElection112] INFO  server.RaftServerConfigKeys (ConfUtils.java:logGet(43)) - raft.server.watch.timeout.denomination = 1s (default)
2019-09-24 18:43:21,749 [e8dc17a1-737d-4975-94aa-89e57a40abfc@group-24E0F0C309DD:LeaderElection114] INFO  impl.RoleInfo (RoleInfo.java:updateAndGet(143)) - e8dc17a1-737d-4975-94aa-89e57a40abfc: start FollowerState
2019-09-24 18:43:21,749 [57ca6293-e2b9-4a4c-b2bc-c24aff6045c4@group-BBF77846C05D:LeaderElection113] INFO  impl.LeaderElection (LeaderElection.java:logAndReturn(56)) - 57ca6293-e2b9-4a4c-b2bc-c24aff6045c4@group-BBF77846C05D:LeaderElection113: Election REJECTED; received 2 response(s) [57ca6293-e2b9-4a4c-b2bc-c24aff6045c4<-970d6631-1a01-43b9-8e86-8960ffd1a97f#0:FAIL-t2, 57ca6293-e2b9-4a4c-b2bc-c24aff6045c4<-e7b9a2a3-58c7-459e-8ba9-4705c268421c#0:FAIL-t2] and 0 exception(s); 57ca6293-e2b9-4a4c-b2bc-c24aff6045c4@group-BBF77846C05D:t2, leader=null, voted=57ca6293-e2b9-4a4c-b2bc-c24aff6045c4, raftlog=57ca6293-e2b9-4a4c-b2bc-c24aff6045c4@group-BBF77846C05D-SegmentedRaftLog:OPENED:c-1,f-1,i0, conf=-1: [57ca6293-e2b9-4a4c-b2bc-c24aff6045c4:192.168.36.84:38223, 970d6631-1a01-43b9-8e86-8960ffd1a97f:192.168.36.84:42841, e7b9a2a3-58c7-459e-8ba9-4705c268421c:192.168.36.84:41854], old=null
2019-09-24 18:43:21,749 [8e1599e9-105d-4dd4-a052-d21668a40b75@group-9DBFF3FC8B40:LeaderElection110] INFO  server.RaftServerConfigKeys (ConfUtils.java:logGet(43)) - raft.server.watch.timeout.denomination = 1s (default)
2019-09-24 18:43:21,749 [57ca6293-e2b9-4a4c-b2bc-c24aff6045c4@group-BBF77846C05D:LeaderElection113] INFO  impl.RaftServerImpl (RaftServerImpl.java:setRole(174)) - 57ca6293-e2b9-4a4c-b2bc-c24aff6045c4@group-BBF77846C05D: changes role from CANDIDATE to FOLLOWER at term 2 for DISCOVERED_A_NEW_TERM
2019-09-24 18:43:21,749 [8e1599e9-105d-4dd4-a052-d21668a40b75@group-E47707E13CB0:LeaderElection112] INFO  server.RaftServerConfigKeys (ConfUtils.java:logGet(43)) - raft.server.watch.element-limit = 65536 (default)
2019-09-24 18:43:21,750 [57ca6293-e2b9-4a4c-b2bc-c24aff6045c4@group-BBF77846C05D:LeaderElection113] INFO  impl.RoleInfo (RoleInfo.java:shutdownLeaderElection(134)) - 57ca6293-e2b9-4a4c-b2bc-c24aff6045c4: shutdown LeaderElection
2019-09-24 18:43:21,750 [8e1599e9-105d-4dd4-a052-d21668a40b75@group-9DBFF3FC8B40:LeaderElection110] INFO  server.RaftServerConfigKeys (ConfUtils.java:logGet(43)) - raft.server.watch.element-limit = 65536 (default)
2019-09-24 18:43:21,750 [57ca6293-e2b9-4a4c-b2bc-c24aff6045c4@group-BBF77846C05D:LeaderElection113] INFO  impl.RoleInfo (RoleInfo.java:updateAndGet(143)) - 57ca6293-e2b9-4a4c-b2bc-c24aff6045c4: start FollowerState
2019-09-24 18:43:21,751 [3f2c6e52-b251-4342-81d8-126278b75ced@group-24E0F0C309DD:LeaderElection117] INFO  impl.LeaderElection (LeaderElection.java:logAndReturn(56)) - 3f2c6e52-b251-4342-81d8-126278b75ced@group-24E0F0C309DD:LeaderElection117: Election REJECTED; received 2 response(s) [3f2c6e52-b251-4342-81d8-126278b75ced<-e8dc17a1-737d-4975-94aa-89e57a40abfc#0:FAIL-t2, 3f2c6e52-b251-4342-81d8-126278b75ced<-75085931-92b1-4873-b3f1-0c98c0c26420#0:FAIL-t2] and 0 exception(s); 3f2c6e52-b251-4342-81d8-126278b75ced@group-24E0F0C309DD:t2, leader=null, voted=3f2c6e52-b251-4342-81d8-126278b75ced, raftlog=3f2c6e52-b251-4342-81d8-126278b75ced@group-24E0F0C309DD-SegmentedRaftLog:OPENED:c-1,f-1,i0, conf=-1: [3f2c6e52-b251-4342-81d8-126278b75ced:192.168.36.84:42619, e8dc17a1-737d-4975-94aa-89e57a40abfc:192.168.36.84:35472, 75085931-92b1-4873-b3f1-0c98c0c26420:192.168.36.84:43228], old=null
2019-09-24 18:43:21,751 [3f2c6e52-b251-4342-81d8-126278b75ced@group-24E0F0C309DD:LeaderElection117] INFO  impl.RaftServerImpl (RaftServerImpl.java:setRole(174)) - 3f2c6e52-b251-4342-81d8-126278b75ced@group-24E0F0C309DD: changes role from CANDIDATE to FOLLOWER at term 2 for DISCOVERED_A_NEW_TERM
2019-09-24 18:43:21,751 [3f2c6e52-b251-4342-81d8-126278b75ced@group-24E0F0C309DD:LeaderElection117] INFO  impl.RoleInfo (RoleInfo.java:shutdownLeaderElection(134)) - 3f2c6e52-b251-4342-81d8-126278b75ced: shutdown LeaderElection
2019-09-24 18:43:21,751 [75085931-92b1-4873-b3f1-0c98c0c26420@group-24E0F0C309DD:LeaderElection118] INFO  impl.LeaderElection (LeaderElection.java:logAndReturn(56)) - 75085931-92b1-4873-b3f1-0c98c0c26420@group-24E0F0C309DD:LeaderElection118: Election REJECTED; received 2 response(s) [75085931-92b1-4873-b3f1-0c98c0c26420<-3f2c6e52-b251-4342-81d8-126278b75ced#0:FAIL-t2, 75085931-92b1-4873-b3f1-0c98c0c26420<-e8dc17a1-737d-4975-94aa-89e57a40abfc#0:FAIL-t2] and 0 exception(s); 75085931-92b1-4873-b3f1-0c98c0c26420@group-24E0F0C309DD:t2, leader=null, voted=75085931-92b1-4873-b3f1-0c98c0c26420, raftlog=75085931-92b1-4873-b3f1-0c98c0c26420@group-24E0F0C309DD-SegmentedRaftLog:OPENED:c-1,f-1,i0, conf=-1: [3f2c6e52-b251-4342-81d8-126278b75ced:192.168.36.84:42619, e8dc17a1-737d-4975-94aa-89e57a40abfc:192.168.36.84:35472, 75085931-92b1-4873-b3f1-0c98c0c26420:192.168.36.84:43228], old=null
2019-09-24 18:43:21,751 [970d6631-1a01-43b9-8e86-8960ffd1a97f@group-BBF77846C05D:LeaderElection116] INFO  impl.LeaderElection (LeaderElection.java:logAndReturn(56)) - 970d6631-1a01-43b9-8e86-8960ffd1a97f@group-BBF77846C05D:LeaderElection116: Election REJECTED; received 2 response(s) [970d6631-1a01-43b9-8e86-8960ffd1a97f<-57ca6293-e2b9-4a4c-b2bc-c24aff6045c4#0:FAIL-t2, 970d6631-1a01-43b9-8e86-8960ffd1a97f<-e7b9a2a3-58c7-459e-8ba9-4705c268421c#0:FAIL-t2] and 0 exception(s); 970d6631-1a01-43b9-8e86-8960ffd1a97f@group-BBF77846C05D:t2, leader=null, voted=970d6631-1a01-43b9-8e86-8960ffd1a97f, raftlog=970d6631-1a01-43b9-8e86-8960ffd1a97f@group-BBF77846C05D-SegmentedRaftLog:OPENED:c-1,f-1,i0, conf=-1: [57ca6293-e2b9-4a4c-b2bc-c24aff6045c4:192.168.36.84:38223, 970d6631-1a01-43b9-8e86-8960ffd1a97f:192.168.36.84:42841, e7b9a2a3-58c7-459e-8ba9-4705c268421c:192.168.36.84:41854], old=null
2019-09-24 18:43:21,751 [3f2c6e52-b251-4342-81d8-126278b75ced@group-24E0F0C309DD:LeaderElection117] INFO  impl.RoleInfo (RoleInfo.java:updateAndGet(143)) - 3f2c6e52-b251-4342-81d8-126278b75ced: start FollowerState
2019-09-24 18:43:21,751 [e7b9a2a3-58c7-459e-8ba9-4705c268421c@group-BBF77846C05D:LeaderElection115] INFO  impl.LeaderElection (LeaderElection.java:logAndReturn(56)) - e7b9a2a3-58c7-459e-8ba9-4705c268421c@group-BBF77846C05D:LeaderElection115: Election REJECTED; received 2 response(s) [e7b9a2a3-58c7-459e-8ba9-4705c268421c<-57ca6293-e2b9-4a4c-b2bc-c24aff6045c4#0:FAIL-t2, e7b9a2a3-58c7-459e-8ba9-4705c268421c<-970d6631-1a01-43b9-8e86-8960ffd1a97f#0:FAIL-t2] and 0 exception(s); e7b9a2a3-58c7-459e-8ba9-4705c268421c@group-BBF77846C05D:t2, leader=null, voted=e7b9a2a3-58c7-459e-8ba9-4705c268421c, raftlog=e7b9a2a3-58c7-459e-8ba9-4705c268421c@group-BBF77846C05D-SegmentedRaftLog:OPENED:c-1,f-1,i0, conf=-1: [57ca6293-e2b9-4a4c-b2bc-c24aff6045c4:192.168.36.84:38223, 970d6631-1a01-43b9-8e86-8960ffd1a97f:192.168.36.84:42841, e7b9a2a3-58c7-459e-8ba9-4705c268421c:192.168.36.84:41854], old=null
2019-09-24 18:43:21,752 [970d6631-1a01-43b9-8e86-8960ffd1a97f@group-BBF77846C05D:LeaderElection116] INFO  impl.RaftServerImpl (RaftServerImpl.java:setRole(174)) - 970d6631-1a01-43b9-8e86-8960ffd1a97f@group-BBF77846C05D: changes role from CANDIDATE to FOLLOWER at term 2 for DISCOVERED_A_NEW_TERM
2019-09-24 18:43:21,751 [75085931-92b1-4873-b3f1-0c98c0c26420@group-24E0F0C309DD:LeaderElection118] INFO  impl.RaftServerImpl (RaftServerImpl.java:setRole(174)) - 75085931-92b1-4873-b3f1-0c98c0c26420@group-24E0F0C309DD: changes role from CANDIDATE to FOLLOWER at term 2 for DISCOVERED_A_NEW_TERM
2019-09-24 18:43:21,752 [970d6631-1a01-43b9-8e86-8960ffd1a97f@group-BBF77846C05D:LeaderElection116] INFO  impl.RoleInfo (RoleInfo.java:shutdownLeaderElection(134)) - 970d6631-1a01-43b9-8e86-8960ffd1a97f: shutdown LeaderElection
2019-09-24 18:43:21,752 [e7b9a2a3-58c7-459e-8ba9-4705c268421c@group-BBF77846C05D:LeaderElection115] INFO  impl.RaftServerImpl (RaftServerImpl.java:setRole(174)) - e7b9a2a3-58c7-459e-8ba9-4705c268421c@group-BBF77846C05D: changes role from CANDIDATE to FOLLOWER at term 2 for DISCOVERED_A_NEW_TERM
2019-09-24 18:43:21,753 [970d6631-1a01-43b9-8e86-8960ffd1a97f@group-BBF77846C05D:LeaderElection116] INFO  impl.RoleInfo (RoleInfo.java:updateAndGet(143)) - 970d6631-1a01-43b9-8e86-8960ffd1a97f: start FollowerState
2019-09-24 18:43:21,752 [75085931-92b1-4873-b3f1-0c98c0c26420@group-24E0F0C309DD:LeaderElection118] INFO  impl.RoleInfo (RoleInfo.java:shutdownLeaderElection(134)) - 75085931-92b1-4873-b3f1-0c98c0c26420: shutdown LeaderElection
2019-09-24 18:43:21,753 [e7b9a2a3-58c7-459e-8ba9-4705c268421c@group-BBF77846C05D:LeaderElection115] INFO  impl.RoleInfo (RoleInfo.java:shutdownLeaderElection(134)) - e7b9a2a3-58c7-459e-8ba9-4705c268421c: shutdown LeaderElection
2019-09-24 18:43:21,753 [75085931-92b1-4873-b3f1-0c98c0c26420@group-24E0F0C309DD:LeaderElection118] INFO  impl.RoleInfo (RoleInfo.java:updateAndGet(143)) - 75085931-92b1-4873-b3f1-0c98c0c26420: start FollowerState
2019-09-24 18:43:21,753 [e7b9a2a3-58c7-459e-8ba9-4705c268421c@group-BBF77846C05D:LeaderElection115] INFO  impl.RoleInfo (RoleInfo.java:updateAndGet(143)) - e7b9a2a3-58c7-459e-8ba9-4705c268421c: start FollowerState
2019-09-24 18:43:21,754 [8e1599e9-105d-4dd4-a052-d21668a40b75@group-E47707E13CB0:LeaderElection112] INFO  server.RaftServerConfigKeys (ConfUtils.java:logGet(43)) - raft.server.log.appender.snapshot.chunk.size.max = 16MB (=16777216) (default)
2019-09-24 18:43:21,754 [8e1599e9-105d-4dd4-a052-d21668a40b75@group-9DBFF3FC8B40:LeaderElection110] INFO  server.RaftServerConfigKeys (ConfUtils.java:logGet(43)) - raft.server.log.appender.snapshot.chunk.size.max = 16MB (=16777216) (default)
2019-09-24 18:43:21,754 [8e1599e9-105d-4dd4-a052-d21668a40b75@group-E47707E13CB0:LeaderElection112] INFO  server.RaftServerConfigKeys (ConfUtils.java:logGet(43)) - raft.server.log.appender.buffer.byte-limit = 33554432 (custom)
2019-09-24 18:43:21,754 [8e1599e9-105d-4dd4-a052-d21668a40b75@group-9DBFF3FC8B40:LeaderElection110] INFO  server.RaftServerConfigKeys (ConfUtils.java:logGet(43)) - raft.server.log.appender.buffer.byte-limit = 33554432 (custom)
2019-09-24 18:43:21,755 [8e1599e9-105d-4dd4-a052-d21668a40b75@group-E47707E13CB0:LeaderElection112] INFO  server.RaftServerConfigKeys (ConfUtils.java:logGet(43)) - raft.server.log.appender.buffer.element-limit = 1 (custom)
2019-09-24 18:43:21,755 [8e1599e9-105d-4dd4-a052-d21668a40b75@group-9DBFF3FC8B40:LeaderElection110] INFO  server.RaftServerConfigKeys (ConfUtils.java:logGet(43)) - raft.server.log.appender.buffer.element-limit = 1 (custom)
2019-09-24 18:43:21,755 [8e1599e9-105d-4dd4-a052-d21668a40b75@group-E47707E13CB0:LeaderElection112] INFO  grpc.GrpcConfigKeys$Server (ConfUtils.java:logGet(43)) - raft.grpc.server.leader.outstanding.appends.max = 128 (default)
2019-09-24 18:43:21,755 [8e1599e9-105d-4dd4-a052-d21668a40b75@group-9DBFF3FC8B40:LeaderElection110] INFO  grpc.GrpcConfigKeys$Server (ConfUtils.java:logGet(43)) - raft.grpc.server.leader.outstanding.appends.max = 128 (default)
2019-09-24 18:43:21,755 [8e1599e9-105d-4dd4-a052-d21668a40b75@group-E47707E13CB0:LeaderElection112] INFO  server.RaftServerConfigKeys (ConfUtils.java:logGet(43)) - raft.server.rpc.request.timeout = 3000ms (default)
2019-09-24 18:43:21,756 [8e1599e9-105d-4dd4-a052-d21668a40b75@group-9DBFF3FC8B40:LeaderElection110] INFO  server.RaftServerConfigKeys (ConfUtils.java:logGet(43)) - raft.server.rpc.request.timeout = 3000ms (default)
2019-09-24 18:43:21,756 [8e1599e9-105d-4dd4-a052-d21668a40b75@group-E47707E13CB0:LeaderElection112] INFO  server.RaftServerConfigKeys (ConfUtils.java:logGet(43)) - raft.server.log.appender.install.snapshot.enabled = false (custom)
2019-09-24 18:43:21,756 [8e1599e9-105d-4dd4-a052-d21668a40b75@group-9DBFF3FC8B40:LeaderElection110] INFO  server.RaftServerConfigKeys (ConfUtils.java:logGet(43)) - raft.server.log.appender.install.snapshot.enabled = false (custom)
2019-09-24 18:43:21,756 [8e1599e9-105d-4dd4-a052-d21668a40b75@group-E47707E13CB0:LeaderElection112] INFO  server.RaftServerConfigKeys (ConfUtils.java:logGet(43)) - raft.server.log.appender.snapshot.chunk.size.max = 16MB (=16777216) (default)
2019-09-24 18:43:21,756 [8e1599e9-105d-4dd4-a052-d21668a40b75@group-9DBFF3FC8B40:LeaderElection110] INFO  server.RaftServerConfigKeys (ConfUtils.java:logGet(43)) - raft.server.log.appender.snapshot.chunk.size.max = 16MB (=16777216) (default)
2019-09-24 18:43:21,756 [8e1599e9-105d-4dd4-a052-d21668a40b75@group-E47707E13CB0:LeaderElection112] INFO  server.RaftServerConfigKeys (ConfUtils.java:logGet(43)) - raft.server.log.appender.buffer.byte-limit = 33554432 (custom)
2019-09-24 18:43:21,757 [8e1599e9-105d-4dd4-a052-d21668a40b75@group-9DBFF3FC8B40:LeaderElection110] INFO  server.RaftServerConfigKeys (ConfUtils.java:logGet(43)) - raft.server.log.appender.buffer.byte-limit = 33554432 (custom)
2019-09-24 18:43:21,757 [8e1599e9-105d-4dd4-a052-d21668a40b75@group-E47707E13CB0:LeaderElection112] INFO  server.RaftServerConfigKeys (ConfUtils.java:logGet(43)) - raft.server.log.appender.buffer.element-limit = 1 (custom)
2019-09-24 18:43:21,757 [8e1599e9-105d-4dd4-a052-d21668a40b75@group-9DBFF3FC8B40:LeaderElection110] INFO  server.RaftServerConfigKeys (ConfUtils.java:logGet(43)) - raft.server.log.appender.buffer.element-limit = 1 (custom)
2019-09-24 18:43:21,757 [8e1599e9-105d-4dd4-a052-d21668a40b75@group-E47707E13CB0:LeaderElection112] INFO  grpc.GrpcConfigKeys$Server (ConfUtils.java:logGet(43)) - raft.grpc.server.leader.outstanding.appends.max = 128 (default)
2019-09-24 18:43:21,757 [8e1599e9-105d-4dd4-a052-d21668a40b75@group-9DBFF3FC8B40:LeaderElection110] INFO  grpc.GrpcConfigKeys$Server (ConfUtils.java:logGet(43)) - raft.grpc.server.leader.outstanding.appends.max = 128 (default)
2019-09-24 18:43:21,758 [8e1599e9-105d-4dd4-a052-d21668a40b75@group-E47707E13CB0:LeaderElection112] INFO  server.RaftServerConfigKeys (ConfUtils.java:logGet(43)) - raft.server.rpc.request.timeout = 3000ms (default)
2019-09-24 18:43:21,758 [8e1599e9-105d-4dd4-a052-d21668a40b75@group-9DBFF3FC8B40:LeaderElection110] INFO  server.RaftServerConfigKeys (ConfUtils.java:logGet(43)) - raft.server.rpc.request.timeout = 3000ms (default)
2019-09-24 18:43:21,758 [8e1599e9-105d-4dd4-a052-d21668a40b75@group-E47707E13CB0:LeaderElection112] INFO  server.RaftServerConfigKeys (ConfUtils.java:logGet(43)) - raft.server.log.appender.install.snapshot.enabled = false (custom)
2019-09-24 18:43:21,758 [8e1599e9-105d-4dd4-a052-d21668a40b75@group-9DBFF3FC8B40:LeaderElection110] INFO  server.RaftServerConfigKeys (ConfUtils.java:logGet(43)) - raft.server.log.appender.install.snapshot.enabled = false (custom)
2019-09-24 18:43:21,758 [8e1599e9-105d-4dd4-a052-d21668a40b75@group-E47707E13CB0:LeaderElection112] INFO  impl.RoleInfo (RoleInfo.java:updateAndGet(143)) - 8e1599e9-105d-4dd4-a052-d21668a40b75: start LeaderState
2019-09-24 18:43:21,759 [8e1599e9-105d-4dd4-a052-d21668a40b75@group-9DBFF3FC8B40:LeaderElection110] INFO  impl.RoleInfo (RoleInfo.java:updateAndGet(143)) - 8e1599e9-105d-4dd4-a052-d21668a40b75: start LeaderState
2019-09-24 18:43:21,759 [8e1599e9-105d-4dd4-a052-d21668a40b75@group-E47707E13CB0:LeaderElection112] INFO  segmented.SegmentedRaftLogWorker (SegmentedRaftLogWorker.java:startLogSegment(380)) - 8e1599e9-105d-4dd4-a052-d21668a40b75@group-E47707E13CB0-SegmentedRaftLogWorker: Starting segment from index:0
2019-09-24 18:43:21,759 [8e1599e9-105d-4dd4-a052-d21668a40b75@group-9DBFF3FC8B40:LeaderElection110] INFO  segmented.SegmentedRaftLogWorker (SegmentedRaftLogWorker.java:startLogSegment(380)) - 8e1599e9-105d-4dd4-a052-d21668a40b75@group-9DBFF3FC8B40-SegmentedRaftLogWorker: Starting segment from index:0
2019-09-24 18:43:21,760 [8e1599e9-105d-4dd4-a052-d21668a40b75@group-E47707E13CB0:LeaderElection112] INFO  impl.RaftServerImpl (ServerState.java:setRaftConf(354)) - 8e1599e9-105d-4dd4-a052-d21668a40b75@group-E47707E13CB0: set configuration 0: [bfedd7ac-20a7-41ea-98ab-a94e8334a7fe:192.168.36.84:46718, ff3e2dbf-fbd7-44c8-b920-6245688f6c83:192.168.36.84:44531, 8e1599e9-105d-4dd4-a052-d21668a40b75:192.168.36.84:44254], old=null at 0
2019-09-24 18:43:21,760 [8e1599e9-105d-4dd4-a052-d21668a40b75@group-9DBFF3FC8B40:LeaderElection110] INFO  impl.RaftServerImpl (ServerState.java:setRaftConf(354)) - 8e1599e9-105d-4dd4-a052-d21668a40b75@group-9DBFF3FC8B40: set configuration 0: [bfedd7ac-20a7-41ea-98ab-a94e8334a7fe:192.168.36.84:46718, ff3e2dbf-fbd7-44c8-b920-6245688f6c83:192.168.36.84:44531, 8e1599e9-105d-4dd4-a052-d21668a40b75:192.168.36.84:44254], old=null at 0
2019-09-24 18:43:21,762 [grpc-default-executor-6] INFO  impl.RaftServerImpl (ServerState.java:setLeader(253)) - bfedd7ac-20a7-41ea-98ab-a94e8334a7fe@group-E47707E13CB0: change Leader from null to 8e1599e9-105d-4dd4-a052-d21668a40b75 at term 3 for appendEntries, leader elected after 26930ms
2019-09-24 18:43:21,762 [grpc-default-executor-13] INFO  impl.RaftServerImpl (ServerState.java:setLeader(253)) - bfedd7ac-20a7-41ea-98ab-a94e8334a7fe@group-9DBFF3FC8B40: change Leader from null to 8e1599e9-105d-4dd4-a052-d21668a40b75 at term 5 for appendEntries, leader elected after 42338ms
2019-09-24 18:43:21,762 [grpc-default-executor-16] INFO  impl.RaftServerImpl (ServerState.java:setLeader(253)) - ff3e2dbf-fbd7-44c8-b920-6245688f6c83@group-9DBFF3FC8B40: change Leader from null to 8e1599e9-105d-4dd4-a052-d21668a40b75 at term 5 for appendEntries, leader elected after 41894ms
2019-09-24 18:43:21,762 [grpc-default-executor-14] INFO  impl.RaftServerImpl (ServerState.java:setLeader(253)) - ff3e2dbf-fbd7-44c8-b920-6245688f6c83@group-E47707E13CB0: change Leader from null to 8e1599e9-105d-4dd4-a052-d21668a40b75 at term 3 for appendEntries, leader elected after 26931ms
2019-09-24 18:43:21,765 [grpc-default-executor-14] INFO  impl.RaftServerImpl (ServerState.java:setRaftConf(354)) - bfedd7ac-20a7-41ea-98ab-a94e8334a7fe@group-9DBFF3FC8B40: set configuration 0: [bfedd7ac-20a7-41ea-98ab-a94e8334a7fe:192.168.36.84:46718, ff3e2dbf-fbd7-44c8-b920-6245688f6c83:192.168.36.84:44531, 8e1599e9-105d-4dd4-a052-d21668a40b75:192.168.36.84:44254], old=null at 0
2019-09-24 18:43:21,765 [grpc-default-executor-16] INFO  impl.RaftServerImpl (ServerState.java:setRaftConf(354)) - bfedd7ac-20a7-41ea-98ab-a94e8334a7fe@group-E47707E13CB0: set configuration 0: [bfedd7ac-20a7-41ea-98ab-a94e8334a7fe:192.168.36.84:46718, ff3e2dbf-fbd7-44c8-b920-6245688f6c83:192.168.36.84:44531, 8e1599e9-105d-4dd4-a052-d21668a40b75:192.168.36.84:44254], old=null at 0
2019-09-24 18:43:21,765 [grpc-default-executor-14] INFO  segmented.SegmentedRaftLogWorker (SegmentedRaftLogWorker.java:startLogSegment(380)) - bfedd7ac-20a7-41ea-98ab-a94e8334a7fe@group-9DBFF3FC8B40-SegmentedRaftLogWorker: Starting segment from index:0
2019-09-24 18:43:21,765 [grpc-default-executor-13] INFO  impl.RaftServerImpl (ServerState.java:setRaftConf(354)) - ff3e2dbf-fbd7-44c8-b920-6245688f6c83@group-E47707E13CB0: set configuration 0: [bfedd7ac-20a7-41ea-98ab-a94e8334a7fe:192.168.36.84:46718, ff3e2dbf-fbd7-44c8-b920-6245688f6c83:192.168.36.84:44531, 8e1599e9-105d-4dd4-a052-d21668a40b75:192.168.36.84:44254], old=null at 0
2019-09-24 18:43:21,765 [grpc-default-executor-6] INFO  impl.RaftServerImpl (ServerState.java:setRaftConf(354)) - ff3e2dbf-fbd7-44c8-b920-6245688f6c83@group-9DBFF3FC8B40: set configuration 0: [bfedd7ac-20a7-41ea-98ab-a94e8334a7fe:192.168.36.84:46718, ff3e2dbf-fbd7-44c8-b920-6245688f6c83:192.168.36.84:44531, 8e1599e9-105d-4dd4-a052-d21668a40b75:192.168.36.84:44254], old=null at 0
2019-09-24 18:43:21,765 [grpc-default-executor-16] INFO  segmented.SegmentedRaftLogWorker (SegmentedRaftLogWorker.java:startLogSegment(380)) - bfedd7ac-20a7-41ea-98ab-a94e8334a7fe@group-E47707E13CB0-SegmentedRaftLogWorker: Starting segment from index:0
2019-09-24 18:43:21,766 [grpc-default-executor-6] INFO  segmented.SegmentedRaftLogWorker (SegmentedRaftLogWorker.java:startLogSegment(380)) - ff3e2dbf-fbd7-44c8-b920-6245688f6c83@group-9DBFF3FC8B40-SegmentedRaftLogWorker: Starting segment from index:0
2019-09-24 18:43:21,766 [grpc-default-executor-13] INFO  segmented.SegmentedRaftLogWorker (SegmentedRaftLogWorker.java:startLogSegment(380)) - ff3e2dbf-fbd7-44c8-b920-6245688f6c83@group-E47707E13CB0-SegmentedRaftLogWorker: Starting segment from index:0
2019-09-24 18:43:22,165 [bfedd7ac-20a7-41ea-98ab-a94e8334a7fe@group-E47707E13CB0-SegmentedRaftLogWorker] INFO  segmented.SegmentedRaftLogWorker (SegmentedRaftLogWorker.java:execute(569)) - bfedd7ac-20a7-41ea-98ab-a94e8334a7fe@group-E47707E13CB0-SegmentedRaftLogWorker: created new log segment /workdir/hadoop-ozone/integration-test/target/test-dir/MiniOzoneClusterImpl-22a6b2d7-7806-44d1-803e-00ff882747f6/datanode-6/data/ratis/60863a1c-74bb-4d18-9047-e47707e13cb0/current/log_inprogress_0
2019-09-24 18:43:22,165 [bfedd7ac-20a7-41ea-98ab-a94e8334a7fe@group-9DBFF3FC8B40-SegmentedRaftLogWorker] INFO  segmented.SegmentedRaftLogWorker (SegmentedRaftLogWorker.java:execute(569)) - bfedd7ac-20a7-41ea-98ab-a94e8334a7fe@group-9DBFF3FC8B40-SegmentedRaftLogWorker: created new log segment /workdir/hadoop-ozone/integration-test/target/test-dir/MiniOzoneClusterImpl-22a6b2d7-7806-44d1-803e-00ff882747f6/datanode-6/data/ratis/3ff2ba1f-15c5-46f0-bfef-9dbff3fc8b40/current/log_inprogress_0
2019-09-24 18:43:22,165 [8e1599e9-105d-4dd4-a052-d21668a40b75@group-9DBFF3FC8B40-SegmentedRaftLogWorker] INFO  segmented.SegmentedRaftLogWorker (SegmentedRaftLogWorker.java:execute(569)) - 8e1599e9-105d-4dd4-a052-d21668a40b75@group-9DBFF3FC8B40-SegmentedRaftLogWorker: created new log segment /workdir/hadoop-ozone/integration-test/target/test-dir/MiniOzoneClusterImpl-22a6b2d7-7806-44d1-803e-00ff882747f6/datanode-4/data/ratis/3ff2ba1f-15c5-46f0-bfef-9dbff3fc8b40/current/log_inprogress_0
2019-09-24 18:43:22,165 [ff3e2dbf-fbd7-44c8-b920-6245688f6c83@group-E47707E13CB0-SegmentedRaftLogWorker] INFO  segmented.SegmentedRaftLogWorker (SegmentedRaftLogWorker.java:execute(569)) - ff3e2dbf-fbd7-44c8-b920-6245688f6c83@group-E47707E13CB0-SegmentedRaftLogWorker: created new log segment /workdir/hadoop-ozone/integration-test/target/test-dir/MiniOzoneClusterImpl-22a6b2d7-7806-44d1-803e-00ff882747f6/datanode-1/data/ratis/60863a1c-74bb-4d18-9047-e47707e13cb0/current/log_inprogress_0
2019-09-24 18:43:22,165 [8e1599e9-105d-4dd4-a052-d21668a40b75@group-E47707E13CB0-SegmentedRaftLogWorker] INFO  segmented.SegmentedRaftLogWorker (SegmentedRaftLogWorker.java:execute(569)) - 8e1599e9-105d-4dd4-a052-d21668a40b75@group-E47707E13CB0-SegmentedRaftLogWorker: created new log segment /workdir/hadoop-ozone/integration-test/target/test-dir/MiniOzoneClusterImpl-22a6b2d7-7806-44d1-803e-00ff882747f6/datanode-4/data/ratis/60863a1c-74bb-4d18-9047-e47707e13cb0/current/log_inprogress_0
2019-09-24 18:43:22,165 [ff3e2dbf-fbd7-44c8-b920-6245688f6c83@group-9DBFF3FC8B40-SegmentedRaftLogWorker] INFO  segmented.SegmentedRaftLogWorker (SegmentedRaftLogWorker.java:execute(569)) - ff3e2dbf-fbd7-44c8-b920-6245688f6c83@group-9DBFF3FC8B40-SegmentedRaftLogWorker: created new log segment /workdir/hadoop-ozone/integration-test/target/test-dir/MiniOzoneClusterImpl-22a6b2d7-7806-44d1-803e-00ff882747f6/datanode-1/data/ratis/3ff2ba1f-15c5-46f0-bfef-9dbff3fc8b40/current/log_inprogress_0
]]></system-out>
  </testcase>
</testsuite>