<?xml version="1.0" encoding="UTF-8"?>
<testsuite xmlns:xsi="http://www.w3.org/2001/XMLSchema-instance" xsi:noNamespaceSchemaLocation="https://maven.apache.org/surefire/maven-surefire-plugin/xsd/surefire-test-report.xsd" name="org.apache.hadoop.ozone.client.rpc.TestMultiBlockWritesWithDnFailures" time="166.536" tests="2" errors="2" skipped="0" failures="0">
  <properties>
    <property name="awt.toolkit" value="sun.awt.X11.XToolkit"/>
    <property name="file.encoding.pkg" value="sun.io"/>
    <property name="java.specification.version" value="1.8"/>
    <property name="sun.cpu.isalist" value=""/>
    <property name="sun.jnu.encoding" value="UTF-8"/>
    <property name="java.class.path" value="/workdir/hadoop-ozone/integration-test/target/test-classes:/workdir/hadoop-ozone/integration-test/target/classes:/home/user/.m2/repository/org/apache/hadoop/hadoop-ozone-common/0.5.0-SNAPSHOT/hadoop-ozone-common-0.5.0-SNAPSHOT.jar:/home/user/.m2/repository/org/apache/commons/commons-compress/1.4.1/commons-compress-1.4.1.jar:/home/user/.m2/repository/org/tukaani/xz/1.0/xz-1.0.jar:/home/user/.m2/repository/org/apache/hadoop/hadoop-common/3.2.0/hadoop-common-3.2.0.jar:/home/user/.m2/repository/org/apache/hadoop/hadoop-hdfs/3.2.0/hadoop-hdfs-3.2.0.jar:/home/user/.m2/repository/org/apache/hadoop/hadoop-hdfs-client/3.2.0/hadoop-hdfs-client-3.2.0.jar:/home/user/.m2/repository/com/fasterxml/jackson/core/jackson-annotations/2.9.9/jackson-annotations-2.9.9.jar:/home/user/.m2/repository/org/apache/hadoop/hadoop-hdds-common/0.5.0-SNAPSHOT/hadoop-hdds-common-0.5.0-SNAPSHOT.jar:/home/user/.m2/repository/javax/annotation/javax.annotation-api/1.2/javax.annotation-api-1.2.jar:/home/user/.m2/repository/org/apache/ratis/ratis-server/0.4.0/ratis-server-0.4.0.jar:/home/user/.m2/repository/org/apache/ratis/ratis-thirdparty-misc/0.2.0/ratis-thirdparty-misc-0.2.0.jar:/home/user/.m2/repository/org/apache/ratis/ratis-proto/0.4.0/ratis-proto-0.4.0.jar:/home/user/.m2/repository/org/apache/ratis/ratis-common/0.4.0/ratis-common-0.4.0.jar:/home/user/.m2/repository/org/apache/ratis/ratis-client/0.4.0/ratis-client-0.4.0.jar:/home/user/.m2/repository/org/apache/ratis/ratis-metrics/0.4.0/ratis-metrics-0.4.0.jar:/home/user/.m2/repository/com/github/joshelser/dropwizard-metrics-hadoop-metrics2-reporter/0.1.2/dropwizard-metrics-hadoop-metrics2-reporter-0.1.2.jar:/home/user/.m2/repository/io/dropwizard/metrics/metrics-jvm/3.2.5/metrics-jvm-3.2.5.jar:/home/user/.m2/repository/io/dropwizard/metrics/metrics-ganglia/3.2.5/metrics-ganglia-3.2.5.jar:/home/user/.m2/repository/info/ganglia/gmetric4j/gmetric4j/1.0.7/gmetric4j-1.0.7.jar:/home/user/.m2/repository/org/apache/ratis/ratis-netty/0.4.0/ratis-netty-0.4.0.jar:/home/user/.m2/repository/org/apache/ratis/ratis-grpc/0.4.0/ratis-grpc-0.4.0.jar:/home/user/.m2/repository/org/rocksdb/rocksdbjni/6.0.1/rocksdbjni-6.0.1.jar:/home/user/.m2/repository/org/apache/logging/log4j/log4j-api/2.11.0/log4j-api-2.11.0.jar:/home/user/.m2/repository/org/apache/logging/log4j/log4j-core/2.11.0/log4j-core-2.11.0.jar:/home/user/.m2/repository/com/lmax/disruptor/3.4.2/disruptor-3.4.2.jar:/home/user/.m2/repository/org/apache/commons/commons-pool2/2.6.0/commons-pool2-2.6.0.jar:/home/user/.m2/repository/org/bouncycastle/bcpkix-jdk15on/1.60/bcpkix-jdk15on-1.60.jar:/home/user/.m2/repository/commons-validator/commons-validator/1.6/commons-validator-1.6.jar:/home/user/.m2/repository/commons-digester/commons-digester/1.8.1/commons-digester-1.8.1.jar:/home/user/.m2/repository/io/jaegertracing/jaeger-client/0.34.0/jaeger-client-0.34.0.jar:/home/user/.m2/repository/io/jaegertracing/jaeger-thrift/0.34.0/jaeger-thrift-0.34.0.jar:/home/user/.m2/repository/org/apache/thrift/libthrift/0.12.0/libthrift-0.12.0.jar:/home/user/.m2/repository/com/squareup/okhttp3/okhttp/3.9.0/okhttp-3.9.0.jar:/home/user/.m2/repository/com/squareup/okio/okio/1.13.0/okio-1.13.0.jar:/home/user/.m2/repository/io/jaegertracing/jaeger-core/0.34.0/jaeger-core-0.34.0.jar:/home/user/.m2/repository/io/jaegertracing/jaeger-tracerresolver/0.34.0/jaeger-tracerresolver-0.34.0.jar:/home/user/.m2/repository/io/opentracing/contrib/opentracing-tracerresolver/0.1.5/opentracing-tracerresolver-0.1.5.jar:/home/user/.m2/repository/io/opentracing/opentracing-util/0.31.0/opentracing-util-0.31.0.jar:/home/user/.m2/repository/io/opentracing/opentracing-api/0.31.0/opentracing-api-0.31.0.jar:/home/user/.m2/repository/io/opentracing/opentracing-noop/0.31.0/opentracing-noop-0.31.0.jar:/home/user/.m2/repository/org/apache/hadoop/hadoop-hdds-server-framework/0.5.0-SNAPSHOT/hadoop-hdds-server-framework-0.5.0-SNAPSHOT.jar:/home/user/.m2/repository/org/apache/hadoop/hadoop-hdds-container-service/0.5.0-SNAPSHOT/hadoop-hdds-container-service-0.5.0-SNAPSHOT.jar:/home/user/.m2/repository/org/apache/hadoop/hadoop-hdds-client/0.5.0-SNAPSHOT/hadoop-hdds-client-0.5.0-SNAPSHOT.jar:/home/user/.m2/repository/org/apache/hadoop/hadoop-hdds-tools/0.5.0-SNAPSHOT/hadoop-hdds-tools-0.5.0-SNAPSHOT.jar:/home/user/.m2/repository/org/apache/hadoop/hadoop-hdds-server-scm/0.5.0-SNAPSHOT/hadoop-hdds-server-scm-0.5.0-SNAPSHOT.jar:/home/user/.m2/repository/org/apache/hadoop/hadoop-hdds-docs/0.5.0-SNAPSHOT/hadoop-hdds-docs-0.5.0-SNAPSHOT.jar:/home/user/.m2/repository/io/dropwizard/metrics/metrics-core/3.2.4/metrics-core-3.2.4.jar:/home/user/.m2/repository/org/hamcrest/hamcrest-all/1.3/hamcrest-all-1.3.jar:/home/user/.m2/repository/org/bouncycastle/bcprov-jdk15on/1.60/bcprov-jdk15on-1.60.jar:/home/user/.m2/repository/info/picocli/picocli/3.9.6/picocli-3.9.6.jar:/home/user/.m2/repository/com/google/protobuf/protobuf-java/2.5.0/protobuf-java-2.5.0.jar:/home/user/.m2/repository/com/google/guava/guava/11.0.2/guava-11.0.2.jar:/home/user/.m2/repository/org/apache/hadoop/hadoop-ozone-ozone-manager/0.5.0-SNAPSHOT/hadoop-ozone-ozone-manager-0.5.0-SNAPSHOT.jar:/home/user/.m2/repository/org/apache/hadoop/hadoop-minikdc/3.2.0/hadoop-minikdc-3.2.0.jar:/home/user/.m2/repository/commons-io/commons-io/2.5/commons-io-2.5.jar:/home/user/.m2/repository/org/apache/kerby/kerb-simplekdc/1.0.1/kerb-simplekdc-1.0.1.jar:/home/user/.m2/repository/org/apache/kerby/kerb-client/1.0.1/kerb-client-1.0.1.jar:/home/user/.m2/repository/org/apache/kerby/kerby-config/1.0.1/kerby-config-1.0.1.jar:/home/user/.m2/repository/org/apache/kerby/kerb-core/1.0.1/kerb-core-1.0.1.jar:/home/user/.m2/repository/org/apache/kerby/kerby-pkix/1.0.1/kerby-pkix-1.0.1.jar:/home/user/.m2/repository/org/apache/kerby/kerby-asn1/1.0.1/kerby-asn1-1.0.1.jar:/home/user/.m2/repository/org/apache/kerby/kerby-util/1.0.1/kerby-util-1.0.1.jar:/home/user/.m2/repository/org/apache/kerby/kerb-common/1.0.1/kerb-common-1.0.1.jar:/home/user/.m2/repository/org/apache/kerby/kerb-crypto/1.0.1/kerb-crypto-1.0.1.jar:/home/user/.m2/repository/org/apache/kerby/kerb-util/1.0.1/kerb-util-1.0.1.jar:/home/user/.m2/repository/org/apache/kerby/token-provider/1.0.1/token-provider-1.0.1.jar:/home/user/.m2/repository/org/apache/kerby/kerb-admin/1.0.1/kerb-admin-1.0.1.jar:/home/user/.m2/repository/org/apache/kerby/kerb-server/1.0.1/kerb-server-1.0.1.jar:/home/user/.m2/repository/org/apache/kerby/kerb-identity/1.0.1/kerb-identity-1.0.1.jar:/home/user/.m2/repository/org/apache/kerby/kerby-xdr/1.0.1/kerby-xdr-1.0.1.jar:/home/user/.m2/repository/org/slf4j/slf4j-log4j12/1.7.25/slf4j-log4j12-1.7.25.jar:/home/user/.m2/repository/org/apache/hadoop/hadoop-ozone-s3gateway/0.5.0-SNAPSHOT/hadoop-ozone-s3gateway-0.5.0-SNAPSHOT.jar:/home/user/.m2/repository/org/jboss/weld/servlet/weld-servlet/2.4.7.Final/weld-servlet-2.4.7.Final.jar:/home/user/.m2/repository/org/glassfish/jersey/containers/jersey-container-servlet-core/2.27/jersey-container-servlet-core-2.27.jar:/home/user/.m2/repository/org/glassfish/hk2/external/javax.inject/2.5.0-b42/javax.inject-2.5.0-b42.jar:/home/user/.m2/repository/org/glassfish/jersey/core/jersey-common/2.27/jersey-common-2.27.jar:/home/user/.m2/repository/org/glassfish/hk2/osgi-resource-locator/1.0.1/osgi-resource-locator-1.0.1.jar:/home/user/.m2/repository/javax/ws/rs/javax.ws.rs-api/2.1/javax.ws.rs-api-2.1.jar:/home/user/.m2/repository/org/glassfish/jersey/ext/cdi/jersey-cdi1x/2.27/jersey-cdi1x-2.27.jar:/home/user/.m2/repository/org/glassfish/jersey/inject/jersey-hk2/2.27/jersey-hk2-2.27.jar:/home/user/.m2/repository/org/glassfish/hk2/hk2-locator/2.5.0-b42/hk2-locator-2.5.0-b42.jar:/home/user/.m2/repository/org/javassist/javassist/3.22.0-CR2/javassist-3.22.0-CR2.jar:/home/user/.m2/repository/org/glassfish/hk2/hk2-api/2.5.0/hk2-api-2.5.0.jar:/home/user/.m2/repository/org/glassfish/hk2/external/jakarta.inject/2.5.0/jakarta.inject-2.5.0.jar:/home/user/.m2/repository/org/glassfish/hk2/hk2-utils/2.5.0/hk2-utils-2.5.0.jar:/home/user/.m2/repository/jakarta/annotation/jakarta.annotation-api/1.3.4/jakarta.annotation-api-1.3.4.jar:/home/user/.m2/repository/org/glassfish/hk2/external/aopalliance-repackaged/2.5.0/aopalliance-repackaged-2.5.0.jar:/home/user/.m2/repository/com/fasterxml/jackson/dataformat/jackson-dataformat-xml/2.9.0/jackson-dataformat-xml-2.9.0.jar:/home/user/.m2/repository/com/fasterxml/jackson/core/jackson-core/2.9.9/jackson-core-2.9.9.jar:/home/user/.m2/repository/com/fasterxml/jackson/module/jackson-module-jaxb-annotations/2.9.9/jackson-module-jaxb-annotations-2.9.9.jar:/home/user/.m2/repository/javax/enterprise/cdi-api/1.2/cdi-api-1.2.jar:/home/user/.m2/repository/javax/el/javax.el-api/3.0.0/javax.el-api-3.0.0.jar:/home/user/.m2/repository/javax/interceptor/javax.interceptor-api/1.2/javax.interceptor-api-1.2.jar:/home/user/.m2/repository/javax/inject/javax.inject/1/javax.inject-1.jar:/home/user/.m2/repository/com/sun/xml/bind/jaxb-impl/2.3.0.1/jaxb-impl-2.3.0.1.jar:/home/user/.m2/repository/com/sun/xml/bind/jaxb-core/2.3.0.1/jaxb-core-2.3.0.1.jar:/home/user/.m2/repository/javax/xml/bind/jaxb-api/2.3.0/jaxb-api-2.3.0.jar:/home/user/.m2/repository/javax/activation/activation/1.1.1/activation-1.1.1.jar:/home/user/.m2/repository/org/apache/hadoop/hadoop-ozone-csi/0.5.0-SNAPSHOT/hadoop-ozone-csi-0.5.0-SNAPSHOT.jar:/home/user/.m2/repository/com/google/protobuf/protobuf-java-util/3.5.1/protobuf-java-util-3.5.1.jar:/home/user/.m2/repository/org/apache/hadoop/hadoop-hdds-config/0.5.0-SNAPSHOT/hadoop-hdds-config-0.5.0-SNAPSHOT.jar:/home/user/.m2/repository/io/grpc/grpc-netty/1.17.1/grpc-netty-1.17.1.jar:/home/user/.m2/repository/io/grpc/grpc-core/1.17.1/grpc-core-1.17.1.jar:/home/user/.m2/repository/io/grpc/grpc-context/1.17.1/grpc-context-1.17.1.jar:/home/user/.m2/repository/com/google/errorprone/error_prone_annotations/2.2.0/error_prone_annotations-2.2.0.jar:/home/user/.m2/repository/org/codehaus/mojo/animal-sniffer-annotations/1.17/animal-sniffer-annotations-1.17.jar:/home/user/.m2/repository/io/opencensus/opencensus-api/0.17.0/opencensus-api-0.17.0.jar:/home/user/.m2/repository/io/opencensus/opencensus-contrib-grpc-metrics/0.17.0/opencensus-contrib-grpc-metrics-0.17.0.jar:/home/user/.m2/repository/io/netty/netty-codec-http2/4.1.30.Final/netty-codec-http2-4.1.30.Final.jar:/home/user/.m2/repository/io/netty/netty-codec-http/4.1.30.Final/netty-codec-http-4.1.30.Final.jar:/home/user/.m2/repository/io/netty/netty-codec/4.1.30.Final/netty-codec-4.1.30.Final.jar:/home/user/.m2/repository/io/netty/netty-handler/4.1.30.Final/netty-handler-4.1.30.Final.jar:/home/user/.m2/repository/io/netty/netty-handler-proxy/4.1.30.Final/netty-handler-proxy-4.1.30.Final.jar:/home/user/.m2/repository/io/netty/netty-codec-socks/4.1.30.Final/netty-codec-socks-4.1.30.Final.jar:/home/user/.m2/repository/io/netty/netty-transport-native-epoll/4.1.30.Final/netty-transport-native-epoll-4.1.30.Final.jar:/home/user/.m2/repository/io/netty/netty-common/4.1.30.Final/netty-common-4.1.30.Final.jar:/home/user/.m2/repository/io/netty/netty-buffer/4.1.30.Final/netty-buffer-4.1.30.Final.jar:/home/user/.m2/repository/io/netty/netty-transport/4.1.30.Final/netty-transport-4.1.30.Final.jar:/home/user/.m2/repository/io/netty/netty-resolver/4.1.30.Final/netty-resolver-4.1.30.Final.jar:/home/user/.m2/repository/io/netty/netty-transport-native-unix-common/4.1.30.Final/netty-transport-native-unix-common-4.1.30.Final.jar:/home/user/.m2/repository/io/grpc/grpc-protobuf/1.17.1/grpc-protobuf-1.17.1.jar:/home/user/.m2/repository/com/google/api/grpc/proto-google-common-protos/1.0.0/proto-google-common-protos-1.0.0.jar:/home/user/.m2/repository/io/grpc/grpc-protobuf-lite/1.17.1/grpc-protobuf-lite-1.17.1.jar:/home/user/.m2/repository/io/grpc/grpc-stub/1.17.1/grpc-stub-1.17.1.jar:/home/user/.m2/repository/org/apache/hadoop/hadoop-ozone-recon/0.5.0-SNAPSHOT/hadoop-ozone-recon-0.5.0-SNAPSHOT.jar:/home/user/.m2/repository/org/apache/hadoop/hadoop-ozone-reconcodegen/0.5.0-SNAPSHOT/hadoop-ozone-reconcodegen-0.5.0-SNAPSHOT.jar:/home/user/.m2/repository/com/google/inject/extensions/guice-multibindings/4.0/guice-multibindings-4.0.jar:/home/user/.m2/repository/com/google/inject/guice/4.0/guice-4.0.jar:/home/user/.m2/repository/aopalliance/aopalliance/1.0/aopalliance-1.0.jar:/home/user/.m2/repository/com/google/inject/extensions/guice-servlet/4.0/guice-servlet-4.0.jar:/home/user/.m2/repository/org/glassfish/jersey/containers/jersey-container-servlet/2.27/jersey-container-servlet-2.27.jar:/home/user/.m2/repository/org/glassfish/hk2/guice-bridge/2.5.0/guice-bridge-2.5.0.jar:/home/user/.m2/repository/org/glassfish/jersey/core/jersey-server/2.27/jersey-server-2.27.jar:/home/user/.m2/repository/org/glassfish/jersey/core/jersey-client/2.27/jersey-client-2.27.jar:/home/user/.m2/repository/org/glassfish/jersey/media/jersey-media-jaxb/2.27/jersey-media-jaxb-2.27.jar:/home/user/.m2/repository/javax/validation/validation-api/1.1.0.Final/validation-api-1.1.0.Final.jar:/home/user/.m2/repository/org/glassfish/jersey/media/jersey-media-json-jackson/2.27/jersey-media-json-jackson-2.27.jar:/home/user/.m2/repository/org/glassfish/jersey/ext/jersey-entity-filtering/2.27/jersey-entity-filtering-2.27.jar:/home/user/.m2/repository/com/google/inject/extensions/guice-assistedinject/4.0/guice-assistedinject-4.0.jar:/home/user/.m2/repository/org/jooq/jooq/3.11.10/jooq-3.11.10.jar:/home/user/.m2/repository/org/jooq/jooq-meta/3.11.10/jooq-meta-3.11.10.jar:/home/user/.m2/repository/org/jooq/jooq-codegen/3.11.10/jooq-codegen-3.11.10.jar:/home/user/.m2/repository/com/jolbox/bonecp/0.8.0.RELEASE/bonecp-0.8.0.RELEASE.jar:/home/user/.m2/repository/org/xerial/sqlite-jdbc/3.25.2/sqlite-jdbc-3.25.2.jar:/home/user/.m2/repository/org/springframework/spring-jdbc/5.1.3.RELEASE/spring-jdbc-5.1.3.RELEASE.jar:/home/user/.m2/repository/org/springframework/spring-beans/5.1.3.RELEASE/spring-beans-5.1.3.RELEASE.jar:/home/user/.m2/repository/org/springframework/spring-core/5.1.3.RELEASE/spring-core-5.1.3.RELEASE.jar:/home/user/.m2/repository/org/springframework/spring-jcl/5.1.3.RELEASE/spring-jcl-5.1.3.RELEASE.jar:/home/user/.m2/repository/org/springframework/spring-tx/5.1.3.RELEASE/spring-tx-5.1.3.RELEASE.jar:/home/user/.m2/repository/org/apache/hadoop/hadoop-ozone-client/0.5.0-SNAPSHOT/hadoop-ozone-client-0.5.0-SNAPSHOT.jar:/home/user/.m2/repository/commons-lang/commons-lang/2.6/commons-lang-2.6.jar:/home/user/.m2/repository/org/apache/hadoop/hadoop-ozone-ozone-manager/0.5.0-SNAPSHOT/hadoop-ozone-ozone-manager-0.5.0-SNAPSHOT-tests.jar:/home/user/.m2/repository/junit/junit/4.11/junit-4.11.jar:/home/user/.m2/repository/org/hamcrest/hamcrest-core/1.3/hamcrest-core-1.3.jar:/home/user/.m2/repository/org/openjdk/jmh/jmh-core/1.19/jmh-core-1.19.jar:/home/user/.m2/repository/net/sf/jopt-simple/jopt-simple/4.6/jopt-simple-4.6.jar:/home/user/.m2/repository/org/apache/commons/commons-math3/3.1.1/commons-math3-3.1.1.jar:/home/user/.m2/repository/org/openjdk/jmh/jmh-generator-annprocess/1.19/jmh-generator-annprocess-1.19.jar:/home/user/.m2/repository/org/mockito/mockito-all/1.8.5/mockito-all-1.8.5.jar:/home/user/.m2/repository/org/apache/hadoop/hadoop-kms/3.2.0/hadoop-kms-3.2.0.jar:/home/user/.m2/repository/org/apache/hadoop/hadoop-auth/3.2.0/hadoop-auth-3.2.0.jar:/home/user/.m2/repository/com/nimbusds/nimbus-jose-jwt/4.41.1/nimbus-jose-jwt-4.41.1.jar:/home/user/.m2/repository/com/github/stephenc/jcip/jcip-annotations/1.0-1/jcip-annotations-1.0-1.jar:/home/user/.m2/repository/net/minidev/json-smart/2.3/json-smart-2.3.jar:/home/user/.m2/repository/net/minidev/accessors-smart/1.2/accessors-smart-1.2.jar:/home/user/.m2/repository/org/ow2/asm/asm/5.0.4/asm-5.0.4.jar:/home/user/.m2/repository/org/apache/curator/curator-framework/2.12.0/curator-framework-2.12.0.jar:/home/user/.m2/repository/com/sun/jersey/jersey-core/1.19/jersey-core-1.19.jar:/home/user/.m2/repository/javax/ws/rs/jsr311-api/1.1.1/jsr311-api-1.1.1.jar:/home/user/.m2/repository/com/sun/jersey/jersey-server/1.19/jersey-server-1.19.jar:/home/user/.m2/repository/javax/servlet/javax.servlet-api/3.1.0/javax.servlet-api-3.1.0.jar:/home/user/.m2/repository/org/eclipse/jetty/jetty-server/9.3.25.v20180904/jetty-server-9.3.25.v20180904.jar:/home/user/.m2/repository/org/eclipse/jetty/jetty-http/9.3.25.v20180904/jetty-http-9.3.25.v20180904.jar:/home/user/.m2/repository/org/eclipse/jetty/jetty-io/9.3.25.v20180904/jetty-io-9.3.25.v20180904.jar:/home/user/.m2/repository/org/eclipse/jetty/jetty-webapp/9.3.25.v20180904/jetty-webapp-9.3.25.v20180904.jar:/home/user/.m2/repository/org/eclipse/jetty/jetty-xml/9.3.25.v20180904/jetty-xml-9.3.25.v20180904.jar:/home/user/.m2/repository/log4j/log4j/1.2.17/log4j-1.2.17.jar:/home/user/.m2/repository/org/slf4j/slf4j-api/1.7.25/slf4j-api-1.7.25.jar:/home/user/.m2/repository/org/slf4j/jul-to-slf4j/1.7.25/jul-to-slf4j-1.7.25.jar:/home/user/.m2/repository/org/eclipse/jetty/jetty-util/9.3.25.v20180904/jetty-util-9.3.25.v20180904.jar:/home/user/.m2/repository/com/fasterxml/jackson/core/jackson-databind/2.9.9/jackson-databind-2.9.9.jar:/home/user/.m2/repository/org/apache/hadoop/hadoop-kms/3.2.0/hadoop-kms-3.2.0-tests.jar:/home/user/.m2/repository/org/apache/hadoop/hadoop-hdds-server-scm/0.5.0-SNAPSHOT/hadoop-hdds-server-scm-0.5.0-SNAPSHOT-tests.jar:/home/user/.m2/repository/org/apache/hadoop/hadoop-hdds-container-service/0.5.0-SNAPSHOT/hadoop-hdds-container-service-0.5.0-SNAPSHOT-tests.jar:/home/user/.m2/repository/org/yaml/snakeyaml/1.16/snakeyaml-1.16.jar:/home/user/.m2/repository/org/apache/hadoop/hadoop-common/3.2.0/hadoop-common-3.2.0-tests.jar:/home/user/.m2/repository/org/apache/hadoop/hadoop-annotations/3.2.0/hadoop-annotations-3.2.0.jar:/usr/lib/jvm/java-1.8-openjdk/jre/../lib/tools.jar:/home/user/.m2/repository/commons-cli/commons-cli/1.2/commons-cli-1.2.jar:/home/user/.m2/repository/org/apache/httpcomponents/httpclient/4.5.2/httpclient-4.5.2.jar:/home/user/.m2/repository/org/apache/httpcomponents/httpcore/4.4.4/httpcore-4.4.4.jar:/home/user/.m2/repository/commons-codec/commons-codec/1.11/commons-codec-1.11.jar:/home/user/.m2/repository/commons-net/commons-net/3.6/commons-net-3.6.jar:/home/user/.m2/repository/commons-collections/commons-collections/3.2.2/commons-collections-3.2.2.jar:/home/user/.m2/repository/org/eclipse/jetty/jetty-servlet/9.3.25.v20180904/jetty-servlet-9.3.25.v20180904.jar:/home/user/.m2/repository/org/eclipse/jetty/jetty-security/9.3.25.v20180904/jetty-security-9.3.25.v20180904.jar:/home/user/.m2/repository/javax/servlet/jsp/jsp-api/2.1/jsp-api-2.1.jar:/home/user/.m2/repository/com/sun/jersey/jersey-servlet/1.19/jersey-servlet-1.19.jar:/home/user/.m2/repository/com/sun/jersey/jersey-json/1.19/jersey-json-1.19.jar:/home/user/.m2/repository/org/codehaus/jettison/jettison/1.1/jettison-1.1.jar:/home/user/.m2/repository/org/codehaus/jackson/jackson-core-asl/1.9.13/jackson-core-asl-1.9.13.jar:/home/user/.m2/repository/org/codehaus/jackson/jackson-mapper-asl/1.9.13/jackson-mapper-asl-1.9.13.jar:/home/user/.m2/repository/org/codehaus/jackson/jackson-jaxrs/1.9.13/jackson-jaxrs-1.9.13.jar:/home/user/.m2/repository/org/codehaus/jackson/jackson-xc/1.9.13/jackson-xc-1.9.13.jar:/home/user/.m2/repository/commons-logging/commons-logging/1.1.3/commons-logging-1.1.3.jar:/home/user/.m2/repository/commons-beanutils/commons-beanutils/1.9.4/commons-beanutils-1.9.4.jar:/home/user/.m2/repository/org/apache/commons/commons-configuration2/2.1.1/commons-configuration2-2.1.1.jar:/home/user/.m2/repository/org/apache/commons/commons-lang3/3.7/commons-lang3-3.7.jar:/home/user/.m2/repository/org/apache/commons/commons-text/1.4/commons-text-1.4.jar:/home/user/.m2/repository/org/apache/avro/avro/1.7.7/avro-1.7.7.jar:/home/user/.m2/repository/com/thoughtworks/paranamer/paranamer/2.3/paranamer-2.3.jar:/home/user/.m2/repository/org/xerial/snappy/snappy-java/1.0.5/snappy-java-1.0.5.jar:/home/user/.m2/repository/com/google/re2j/re2j/1.1/re2j-1.1.jar:/home/user/.m2/repository/com/google/code/gson/gson/2.2.4/gson-2.2.4.jar:/home/user/.m2/repository/com/jcraft/jsch/0.1.54/jsch-0.1.54.jar:/home/user/.m2/repository/org/apache/curator/curator-client/2.12.0/curator-client-2.12.0.jar:/home/user/.m2/repository/org/apache/curator/curator-recipes/2.12.0/curator-recipes-2.12.0.jar:/home/user/.m2/repository/com/google/code/findbugs/jsr305/3.0.0/jsr305-3.0.0.jar:/home/user/.m2/repository/org/apache/htrace/htrace-core4/4.1.0-incubating/htrace-core4-4.1.0-incubating.jar:/home/user/.m2/repository/org/apache/zookeeper/zookeeper/3.4.13/zookeeper-3.4.13.jar:/home/user/.m2/repository/jline/jline/0.9.94/jline-0.9.94.jar:/home/user/.m2/repository/org/apache/yetus/audience-annotations/0.5.0/audience-annotations-0.5.0.jar:/home/user/.m2/repository/org/codehaus/woodstox/stax2-api/3.1.4/stax2-api-3.1.4.jar:/home/user/.m2/repository/com/fasterxml/woodstox/woodstox-core/5.0.3/woodstox-core-5.0.3.jar:/home/user/.m2/repository/dnsjava/dnsjava/2.1.7/dnsjava-2.1.7.jar:/home/user/.m2/repository/org/apache/hadoop/hadoop-hdfs/3.2.0/hadoop-hdfs-3.2.0-tests.jar:/home/user/.m2/repository/org/eclipse/jetty/jetty-util-ajax/9.3.25.v20180904/jetty-util-ajax-9.3.25.v20180904.jar:/home/user/.m2/repository/commons-daemon/commons-daemon/1.0.13/commons-daemon-1.0.13.jar:/home/user/.m2/repository/io/netty/netty/3.10.5.Final/netty-3.10.5.Final.jar:/home/user/.m2/repository/io/netty/netty-all/4.0.52.Final/netty-all-4.0.52.Final.jar:/home/user/.m2/repository/org/fusesource/leveldbjni/leveldbjni-all/1.8/leveldbjni-all-1.8.jar:"/>
    <property name="java.vm.vendor" value="IcedTea"/>
    <property name="sun.arch.data.model" value="64"/>
    <property name="test.build.dir" value="/workdir/hadoop-ozone/integration-test/target/test-dir"/>
    <property name="test.cache.data" value=""/>
    <property name="java.vendor.url" value="https://icedtea.classpath.org"/>
    <property name="user.timezone" value=""/>
    <property name="java.vm.specification.version" value="1.8"/>
    <property name="os.name" value="Linux"/>
    <property name="test.build.data" value="/workdir/hadoop-ozone/integration-test/target/test-dir"/>
    <property name="user.country" value="US"/>
    <property name="sun.java.launcher" value="SUN_STANDARD"/>
    <property name="sun.boot.library.path" value="/usr/lib/jvm/java-1.8-openjdk/jre/lib/amd64"/>
    <property name="sun.java.command" value="/workdir/hadoop-ozone/integration-test/target/surefire/surefirebooter2705051639382412381.jar /workdir/hadoop-ozone/integration-test/target/surefire 2019-09-24T18-01-07_747-jvmRun1 surefire1781132352708967033tmp surefire_143059358601584323422tmp"/>
    <property name="test" value="!TestMiniChaosOzoneCluster"/>
    <property name="surefire.test.class.path" value="/workdir/hadoop-ozone/integration-test/target/test-classes:/workdir/hadoop-ozone/integration-test/target/classes:/home/user/.m2/repository/org/apache/hadoop/hadoop-ozone-common/0.5.0-SNAPSHOT/hadoop-ozone-common-0.5.0-SNAPSHOT.jar:/home/user/.m2/repository/org/apache/commons/commons-compress/1.4.1/commons-compress-1.4.1.jar:/home/user/.m2/repository/org/tukaani/xz/1.0/xz-1.0.jar:/home/user/.m2/repository/org/apache/hadoop/hadoop-common/3.2.0/hadoop-common-3.2.0.jar:/home/user/.m2/repository/org/apache/hadoop/hadoop-hdfs/3.2.0/hadoop-hdfs-3.2.0.jar:/home/user/.m2/repository/org/apache/hadoop/hadoop-hdfs-client/3.2.0/hadoop-hdfs-client-3.2.0.jar:/home/user/.m2/repository/com/fasterxml/jackson/core/jackson-annotations/2.9.9/jackson-annotations-2.9.9.jar:/home/user/.m2/repository/org/apache/hadoop/hadoop-hdds-common/0.5.0-SNAPSHOT/hadoop-hdds-common-0.5.0-SNAPSHOT.jar:/home/user/.m2/repository/javax/annotation/javax.annotation-api/1.2/javax.annotation-api-1.2.jar:/home/user/.m2/repository/org/apache/ratis/ratis-server/0.4.0/ratis-server-0.4.0.jar:/home/user/.m2/repository/org/apache/ratis/ratis-thirdparty-misc/0.2.0/ratis-thirdparty-misc-0.2.0.jar:/home/user/.m2/repository/org/apache/ratis/ratis-proto/0.4.0/ratis-proto-0.4.0.jar:/home/user/.m2/repository/org/apache/ratis/ratis-common/0.4.0/ratis-common-0.4.0.jar:/home/user/.m2/repository/org/apache/ratis/ratis-client/0.4.0/ratis-client-0.4.0.jar:/home/user/.m2/repository/org/apache/ratis/ratis-metrics/0.4.0/ratis-metrics-0.4.0.jar:/home/user/.m2/repository/com/github/joshelser/dropwizard-metrics-hadoop-metrics2-reporter/0.1.2/dropwizard-metrics-hadoop-metrics2-reporter-0.1.2.jar:/home/user/.m2/repository/io/dropwizard/metrics/metrics-jvm/3.2.5/metrics-jvm-3.2.5.jar:/home/user/.m2/repository/io/dropwizard/metrics/metrics-ganglia/3.2.5/metrics-ganglia-3.2.5.jar:/home/user/.m2/repository/info/ganglia/gmetric4j/gmetric4j/1.0.7/gmetric4j-1.0.7.jar:/home/user/.m2/repository/org/apache/ratis/ratis-netty/0.4.0/ratis-netty-0.4.0.jar:/home/user/.m2/repository/org/apache/ratis/ratis-grpc/0.4.0/ratis-grpc-0.4.0.jar:/home/user/.m2/repository/org/rocksdb/rocksdbjni/6.0.1/rocksdbjni-6.0.1.jar:/home/user/.m2/repository/org/apache/logging/log4j/log4j-api/2.11.0/log4j-api-2.11.0.jar:/home/user/.m2/repository/org/apache/logging/log4j/log4j-core/2.11.0/log4j-core-2.11.0.jar:/home/user/.m2/repository/com/lmax/disruptor/3.4.2/disruptor-3.4.2.jar:/home/user/.m2/repository/org/apache/commons/commons-pool2/2.6.0/commons-pool2-2.6.0.jar:/home/user/.m2/repository/org/bouncycastle/bcpkix-jdk15on/1.60/bcpkix-jdk15on-1.60.jar:/home/user/.m2/repository/commons-validator/commons-validator/1.6/commons-validator-1.6.jar:/home/user/.m2/repository/commons-digester/commons-digester/1.8.1/commons-digester-1.8.1.jar:/home/user/.m2/repository/io/jaegertracing/jaeger-client/0.34.0/jaeger-client-0.34.0.jar:/home/user/.m2/repository/io/jaegertracing/jaeger-thrift/0.34.0/jaeger-thrift-0.34.0.jar:/home/user/.m2/repository/org/apache/thrift/libthrift/0.12.0/libthrift-0.12.0.jar:/home/user/.m2/repository/com/squareup/okhttp3/okhttp/3.9.0/okhttp-3.9.0.jar:/home/user/.m2/repository/com/squareup/okio/okio/1.13.0/okio-1.13.0.jar:/home/user/.m2/repository/io/jaegertracing/jaeger-core/0.34.0/jaeger-core-0.34.0.jar:/home/user/.m2/repository/io/jaegertracing/jaeger-tracerresolver/0.34.0/jaeger-tracerresolver-0.34.0.jar:/home/user/.m2/repository/io/opentracing/contrib/opentracing-tracerresolver/0.1.5/opentracing-tracerresolver-0.1.5.jar:/home/user/.m2/repository/io/opentracing/opentracing-util/0.31.0/opentracing-util-0.31.0.jar:/home/user/.m2/repository/io/opentracing/opentracing-api/0.31.0/opentracing-api-0.31.0.jar:/home/user/.m2/repository/io/opentracing/opentracing-noop/0.31.0/opentracing-noop-0.31.0.jar:/home/user/.m2/repository/org/apache/hadoop/hadoop-hdds-server-framework/0.5.0-SNAPSHOT/hadoop-hdds-server-framework-0.5.0-SNAPSHOT.jar:/home/user/.m2/repository/org/apache/hadoop/hadoop-hdds-container-service/0.5.0-SNAPSHOT/hadoop-hdds-container-service-0.5.0-SNAPSHOT.jar:/home/user/.m2/repository/org/apache/hadoop/hadoop-hdds-client/0.5.0-SNAPSHOT/hadoop-hdds-client-0.5.0-SNAPSHOT.jar:/home/user/.m2/repository/org/apache/hadoop/hadoop-hdds-tools/0.5.0-SNAPSHOT/hadoop-hdds-tools-0.5.0-SNAPSHOT.jar:/home/user/.m2/repository/org/apache/hadoop/hadoop-hdds-server-scm/0.5.0-SNAPSHOT/hadoop-hdds-server-scm-0.5.0-SNAPSHOT.jar:/home/user/.m2/repository/org/apache/hadoop/hadoop-hdds-docs/0.5.0-SNAPSHOT/hadoop-hdds-docs-0.5.0-SNAPSHOT.jar:/home/user/.m2/repository/io/dropwizard/metrics/metrics-core/3.2.4/metrics-core-3.2.4.jar:/home/user/.m2/repository/org/hamcrest/hamcrest-all/1.3/hamcrest-all-1.3.jar:/home/user/.m2/repository/org/bouncycastle/bcprov-jdk15on/1.60/bcprov-jdk15on-1.60.jar:/home/user/.m2/repository/info/picocli/picocli/3.9.6/picocli-3.9.6.jar:/home/user/.m2/repository/com/google/protobuf/protobuf-java/2.5.0/protobuf-java-2.5.0.jar:/home/user/.m2/repository/com/google/guava/guava/11.0.2/guava-11.0.2.jar:/home/user/.m2/repository/org/apache/hadoop/hadoop-ozone-ozone-manager/0.5.0-SNAPSHOT/hadoop-ozone-ozone-manager-0.5.0-SNAPSHOT.jar:/home/user/.m2/repository/org/apache/hadoop/hadoop-minikdc/3.2.0/hadoop-minikdc-3.2.0.jar:/home/user/.m2/repository/commons-io/commons-io/2.5/commons-io-2.5.jar:/home/user/.m2/repository/org/apache/kerby/kerb-simplekdc/1.0.1/kerb-simplekdc-1.0.1.jar:/home/user/.m2/repository/org/apache/kerby/kerb-client/1.0.1/kerb-client-1.0.1.jar:/home/user/.m2/repository/org/apache/kerby/kerby-config/1.0.1/kerby-config-1.0.1.jar:/home/user/.m2/repository/org/apache/kerby/kerb-core/1.0.1/kerb-core-1.0.1.jar:/home/user/.m2/repository/org/apache/kerby/kerby-pkix/1.0.1/kerby-pkix-1.0.1.jar:/home/user/.m2/repository/org/apache/kerby/kerby-asn1/1.0.1/kerby-asn1-1.0.1.jar:/home/user/.m2/repository/org/apache/kerby/kerby-util/1.0.1/kerby-util-1.0.1.jar:/home/user/.m2/repository/org/apache/kerby/kerb-common/1.0.1/kerb-common-1.0.1.jar:/home/user/.m2/repository/org/apache/kerby/kerb-crypto/1.0.1/kerb-crypto-1.0.1.jar:/home/user/.m2/repository/org/apache/kerby/kerb-util/1.0.1/kerb-util-1.0.1.jar:/home/user/.m2/repository/org/apache/kerby/token-provider/1.0.1/token-provider-1.0.1.jar:/home/user/.m2/repository/org/apache/kerby/kerb-admin/1.0.1/kerb-admin-1.0.1.jar:/home/user/.m2/repository/org/apache/kerby/kerb-server/1.0.1/kerb-server-1.0.1.jar:/home/user/.m2/repository/org/apache/kerby/kerb-identity/1.0.1/kerb-identity-1.0.1.jar:/home/user/.m2/repository/org/apache/kerby/kerby-xdr/1.0.1/kerby-xdr-1.0.1.jar:/home/user/.m2/repository/org/slf4j/slf4j-log4j12/1.7.25/slf4j-log4j12-1.7.25.jar:/home/user/.m2/repository/org/apache/hadoop/hadoop-ozone-s3gateway/0.5.0-SNAPSHOT/hadoop-ozone-s3gateway-0.5.0-SNAPSHOT.jar:/home/user/.m2/repository/org/jboss/weld/servlet/weld-servlet/2.4.7.Final/weld-servlet-2.4.7.Final.jar:/home/user/.m2/repository/org/glassfish/jersey/containers/jersey-container-servlet-core/2.27/jersey-container-servlet-core-2.27.jar:/home/user/.m2/repository/org/glassfish/hk2/external/javax.inject/2.5.0-b42/javax.inject-2.5.0-b42.jar:/home/user/.m2/repository/org/glassfish/jersey/core/jersey-common/2.27/jersey-common-2.27.jar:/home/user/.m2/repository/org/glassfish/hk2/osgi-resource-locator/1.0.1/osgi-resource-locator-1.0.1.jar:/home/user/.m2/repository/javax/ws/rs/javax.ws.rs-api/2.1/javax.ws.rs-api-2.1.jar:/home/user/.m2/repository/org/glassfish/jersey/ext/cdi/jersey-cdi1x/2.27/jersey-cdi1x-2.27.jar:/home/user/.m2/repository/org/glassfish/jersey/inject/jersey-hk2/2.27/jersey-hk2-2.27.jar:/home/user/.m2/repository/org/glassfish/hk2/hk2-locator/2.5.0-b42/hk2-locator-2.5.0-b42.jar:/home/user/.m2/repository/org/javassist/javassist/3.22.0-CR2/javassist-3.22.0-CR2.jar:/home/user/.m2/repository/org/glassfish/hk2/hk2-api/2.5.0/hk2-api-2.5.0.jar:/home/user/.m2/repository/org/glassfish/hk2/external/jakarta.inject/2.5.0/jakarta.inject-2.5.0.jar:/home/user/.m2/repository/org/glassfish/hk2/hk2-utils/2.5.0/hk2-utils-2.5.0.jar:/home/user/.m2/repository/jakarta/annotation/jakarta.annotation-api/1.3.4/jakarta.annotation-api-1.3.4.jar:/home/user/.m2/repository/org/glassfish/hk2/external/aopalliance-repackaged/2.5.0/aopalliance-repackaged-2.5.0.jar:/home/user/.m2/repository/com/fasterxml/jackson/dataformat/jackson-dataformat-xml/2.9.0/jackson-dataformat-xml-2.9.0.jar:/home/user/.m2/repository/com/fasterxml/jackson/core/jackson-core/2.9.9/jackson-core-2.9.9.jar:/home/user/.m2/repository/com/fasterxml/jackson/module/jackson-module-jaxb-annotations/2.9.9/jackson-module-jaxb-annotations-2.9.9.jar:/home/user/.m2/repository/javax/enterprise/cdi-api/1.2/cdi-api-1.2.jar:/home/user/.m2/repository/javax/el/javax.el-api/3.0.0/javax.el-api-3.0.0.jar:/home/user/.m2/repository/javax/interceptor/javax.interceptor-api/1.2/javax.interceptor-api-1.2.jar:/home/user/.m2/repository/javax/inject/javax.inject/1/javax.inject-1.jar:/home/user/.m2/repository/com/sun/xml/bind/jaxb-impl/2.3.0.1/jaxb-impl-2.3.0.1.jar:/home/user/.m2/repository/com/sun/xml/bind/jaxb-core/2.3.0.1/jaxb-core-2.3.0.1.jar:/home/user/.m2/repository/javax/xml/bind/jaxb-api/2.3.0/jaxb-api-2.3.0.jar:/home/user/.m2/repository/javax/activation/activation/1.1.1/activation-1.1.1.jar:/home/user/.m2/repository/org/apache/hadoop/hadoop-ozone-csi/0.5.0-SNAPSHOT/hadoop-ozone-csi-0.5.0-SNAPSHOT.jar:/home/user/.m2/repository/com/google/protobuf/protobuf-java-util/3.5.1/protobuf-java-util-3.5.1.jar:/home/user/.m2/repository/org/apache/hadoop/hadoop-hdds-config/0.5.0-SNAPSHOT/hadoop-hdds-config-0.5.0-SNAPSHOT.jar:/home/user/.m2/repository/io/grpc/grpc-netty/1.17.1/grpc-netty-1.17.1.jar:/home/user/.m2/repository/io/grpc/grpc-core/1.17.1/grpc-core-1.17.1.jar:/home/user/.m2/repository/io/grpc/grpc-context/1.17.1/grpc-context-1.17.1.jar:/home/user/.m2/repository/com/google/errorprone/error_prone_annotations/2.2.0/error_prone_annotations-2.2.0.jar:/home/user/.m2/repository/org/codehaus/mojo/animal-sniffer-annotations/1.17/animal-sniffer-annotations-1.17.jar:/home/user/.m2/repository/io/opencensus/opencensus-api/0.17.0/opencensus-api-0.17.0.jar:/home/user/.m2/repository/io/opencensus/opencensus-contrib-grpc-metrics/0.17.0/opencensus-contrib-grpc-metrics-0.17.0.jar:/home/user/.m2/repository/io/netty/netty-codec-http2/4.1.30.Final/netty-codec-http2-4.1.30.Final.jar:/home/user/.m2/repository/io/netty/netty-codec-http/4.1.30.Final/netty-codec-http-4.1.30.Final.jar:/home/user/.m2/repository/io/netty/netty-codec/4.1.30.Final/netty-codec-4.1.30.Final.jar:/home/user/.m2/repository/io/netty/netty-handler/4.1.30.Final/netty-handler-4.1.30.Final.jar:/home/user/.m2/repository/io/netty/netty-handler-proxy/4.1.30.Final/netty-handler-proxy-4.1.30.Final.jar:/home/user/.m2/repository/io/netty/netty-codec-socks/4.1.30.Final/netty-codec-socks-4.1.30.Final.jar:/home/user/.m2/repository/io/netty/netty-transport-native-epoll/4.1.30.Final/netty-transport-native-epoll-4.1.30.Final.jar:/home/user/.m2/repository/io/netty/netty-common/4.1.30.Final/netty-common-4.1.30.Final.jar:/home/user/.m2/repository/io/netty/netty-buffer/4.1.30.Final/netty-buffer-4.1.30.Final.jar:/home/user/.m2/repository/io/netty/netty-transport/4.1.30.Final/netty-transport-4.1.30.Final.jar:/home/user/.m2/repository/io/netty/netty-resolver/4.1.30.Final/netty-resolver-4.1.30.Final.jar:/home/user/.m2/repository/io/netty/netty-transport-native-unix-common/4.1.30.Final/netty-transport-native-unix-common-4.1.30.Final.jar:/home/user/.m2/repository/io/grpc/grpc-protobuf/1.17.1/grpc-protobuf-1.17.1.jar:/home/user/.m2/repository/com/google/api/grpc/proto-google-common-protos/1.0.0/proto-google-common-protos-1.0.0.jar:/home/user/.m2/repository/io/grpc/grpc-protobuf-lite/1.17.1/grpc-protobuf-lite-1.17.1.jar:/home/user/.m2/repository/io/grpc/grpc-stub/1.17.1/grpc-stub-1.17.1.jar:/home/user/.m2/repository/org/apache/hadoop/hadoop-ozone-recon/0.5.0-SNAPSHOT/hadoop-ozone-recon-0.5.0-SNAPSHOT.jar:/home/user/.m2/repository/org/apache/hadoop/hadoop-ozone-reconcodegen/0.5.0-SNAPSHOT/hadoop-ozone-reconcodegen-0.5.0-SNAPSHOT.jar:/home/user/.m2/repository/com/google/inject/extensions/guice-multibindings/4.0/guice-multibindings-4.0.jar:/home/user/.m2/repository/com/google/inject/guice/4.0/guice-4.0.jar:/home/user/.m2/repository/aopalliance/aopalliance/1.0/aopalliance-1.0.jar:/home/user/.m2/repository/com/google/inject/extensions/guice-servlet/4.0/guice-servlet-4.0.jar:/home/user/.m2/repository/org/glassfish/jersey/containers/jersey-container-servlet/2.27/jersey-container-servlet-2.27.jar:/home/user/.m2/repository/org/glassfish/hk2/guice-bridge/2.5.0/guice-bridge-2.5.0.jar:/home/user/.m2/repository/org/glassfish/jersey/core/jersey-server/2.27/jersey-server-2.27.jar:/home/user/.m2/repository/org/glassfish/jersey/core/jersey-client/2.27/jersey-client-2.27.jar:/home/user/.m2/repository/org/glassfish/jersey/media/jersey-media-jaxb/2.27/jersey-media-jaxb-2.27.jar:/home/user/.m2/repository/javax/validation/validation-api/1.1.0.Final/validation-api-1.1.0.Final.jar:/home/user/.m2/repository/org/glassfish/jersey/media/jersey-media-json-jackson/2.27/jersey-media-json-jackson-2.27.jar:/home/user/.m2/repository/org/glassfish/jersey/ext/jersey-entity-filtering/2.27/jersey-entity-filtering-2.27.jar:/home/user/.m2/repository/com/google/inject/extensions/guice-assistedinject/4.0/guice-assistedinject-4.0.jar:/home/user/.m2/repository/org/jooq/jooq/3.11.10/jooq-3.11.10.jar:/home/user/.m2/repository/org/jooq/jooq-meta/3.11.10/jooq-meta-3.11.10.jar:/home/user/.m2/repository/org/jooq/jooq-codegen/3.11.10/jooq-codegen-3.11.10.jar:/home/user/.m2/repository/com/jolbox/bonecp/0.8.0.RELEASE/bonecp-0.8.0.RELEASE.jar:/home/user/.m2/repository/org/xerial/sqlite-jdbc/3.25.2/sqlite-jdbc-3.25.2.jar:/home/user/.m2/repository/org/springframework/spring-jdbc/5.1.3.RELEASE/spring-jdbc-5.1.3.RELEASE.jar:/home/user/.m2/repository/org/springframework/spring-beans/5.1.3.RELEASE/spring-beans-5.1.3.RELEASE.jar:/home/user/.m2/repository/org/springframework/spring-core/5.1.3.RELEASE/spring-core-5.1.3.RELEASE.jar:/home/user/.m2/repository/org/springframework/spring-jcl/5.1.3.RELEASE/spring-jcl-5.1.3.RELEASE.jar:/home/user/.m2/repository/org/springframework/spring-tx/5.1.3.RELEASE/spring-tx-5.1.3.RELEASE.jar:/home/user/.m2/repository/org/apache/hadoop/hadoop-ozone-client/0.5.0-SNAPSHOT/hadoop-ozone-client-0.5.0-SNAPSHOT.jar:/home/user/.m2/repository/commons-lang/commons-lang/2.6/commons-lang-2.6.jar:/home/user/.m2/repository/org/apache/hadoop/hadoop-ozone-ozone-manager/0.5.0-SNAPSHOT/hadoop-ozone-ozone-manager-0.5.0-SNAPSHOT-tests.jar:/home/user/.m2/repository/junit/junit/4.11/junit-4.11.jar:/home/user/.m2/repository/org/hamcrest/hamcrest-core/1.3/hamcrest-core-1.3.jar:/home/user/.m2/repository/org/openjdk/jmh/jmh-core/1.19/jmh-core-1.19.jar:/home/user/.m2/repository/net/sf/jopt-simple/jopt-simple/4.6/jopt-simple-4.6.jar:/home/user/.m2/repository/org/apache/commons/commons-math3/3.1.1/commons-math3-3.1.1.jar:/home/user/.m2/repository/org/openjdk/jmh/jmh-generator-annprocess/1.19/jmh-generator-annprocess-1.19.jar:/home/user/.m2/repository/org/mockito/mockito-all/1.8.5/mockito-all-1.8.5.jar:/home/user/.m2/repository/org/apache/hadoop/hadoop-kms/3.2.0/hadoop-kms-3.2.0.jar:/home/user/.m2/repository/org/apache/hadoop/hadoop-auth/3.2.0/hadoop-auth-3.2.0.jar:/home/user/.m2/repository/com/nimbusds/nimbus-jose-jwt/4.41.1/nimbus-jose-jwt-4.41.1.jar:/home/user/.m2/repository/com/github/stephenc/jcip/jcip-annotations/1.0-1/jcip-annotations-1.0-1.jar:/home/user/.m2/repository/net/minidev/json-smart/2.3/json-smart-2.3.jar:/home/user/.m2/repository/net/minidev/accessors-smart/1.2/accessors-smart-1.2.jar:/home/user/.m2/repository/org/ow2/asm/asm/5.0.4/asm-5.0.4.jar:/home/user/.m2/repository/org/apache/curator/curator-framework/2.12.0/curator-framework-2.12.0.jar:/home/user/.m2/repository/com/sun/jersey/jersey-core/1.19/jersey-core-1.19.jar:/home/user/.m2/repository/javax/ws/rs/jsr311-api/1.1.1/jsr311-api-1.1.1.jar:/home/user/.m2/repository/com/sun/jersey/jersey-server/1.19/jersey-server-1.19.jar:/home/user/.m2/repository/javax/servlet/javax.servlet-api/3.1.0/javax.servlet-api-3.1.0.jar:/home/user/.m2/repository/org/eclipse/jetty/jetty-server/9.3.25.v20180904/jetty-server-9.3.25.v20180904.jar:/home/user/.m2/repository/org/eclipse/jetty/jetty-http/9.3.25.v20180904/jetty-http-9.3.25.v20180904.jar:/home/user/.m2/repository/org/eclipse/jetty/jetty-io/9.3.25.v20180904/jetty-io-9.3.25.v20180904.jar:/home/user/.m2/repository/org/eclipse/jetty/jetty-webapp/9.3.25.v20180904/jetty-webapp-9.3.25.v20180904.jar:/home/user/.m2/repository/org/eclipse/jetty/jetty-xml/9.3.25.v20180904/jetty-xml-9.3.25.v20180904.jar:/home/user/.m2/repository/log4j/log4j/1.2.17/log4j-1.2.17.jar:/home/user/.m2/repository/org/slf4j/slf4j-api/1.7.25/slf4j-api-1.7.25.jar:/home/user/.m2/repository/org/slf4j/jul-to-slf4j/1.7.25/jul-to-slf4j-1.7.25.jar:/home/user/.m2/repository/org/eclipse/jetty/jetty-util/9.3.25.v20180904/jetty-util-9.3.25.v20180904.jar:/home/user/.m2/repository/com/fasterxml/jackson/core/jackson-databind/2.9.9/jackson-databind-2.9.9.jar:/home/user/.m2/repository/org/apache/hadoop/hadoop-kms/3.2.0/hadoop-kms-3.2.0-tests.jar:/home/user/.m2/repository/org/apache/hadoop/hadoop-hdds-server-scm/0.5.0-SNAPSHOT/hadoop-hdds-server-scm-0.5.0-SNAPSHOT-tests.jar:/home/user/.m2/repository/org/apache/hadoop/hadoop-hdds-container-service/0.5.0-SNAPSHOT/hadoop-hdds-container-service-0.5.0-SNAPSHOT-tests.jar:/home/user/.m2/repository/org/yaml/snakeyaml/1.16/snakeyaml-1.16.jar:/home/user/.m2/repository/org/apache/hadoop/hadoop-common/3.2.0/hadoop-common-3.2.0-tests.jar:/home/user/.m2/repository/org/apache/hadoop/hadoop-annotations/3.2.0/hadoop-annotations-3.2.0.jar:/usr/lib/jvm/java-1.8-openjdk/jre/../lib/tools.jar:/home/user/.m2/repository/commons-cli/commons-cli/1.2/commons-cli-1.2.jar:/home/user/.m2/repository/org/apache/httpcomponents/httpclient/4.5.2/httpclient-4.5.2.jar:/home/user/.m2/repository/org/apache/httpcomponents/httpcore/4.4.4/httpcore-4.4.4.jar:/home/user/.m2/repository/commons-codec/commons-codec/1.11/commons-codec-1.11.jar:/home/user/.m2/repository/commons-net/commons-net/3.6/commons-net-3.6.jar:/home/user/.m2/repository/commons-collections/commons-collections/3.2.2/commons-collections-3.2.2.jar:/home/user/.m2/repository/org/eclipse/jetty/jetty-servlet/9.3.25.v20180904/jetty-servlet-9.3.25.v20180904.jar:/home/user/.m2/repository/org/eclipse/jetty/jetty-security/9.3.25.v20180904/jetty-security-9.3.25.v20180904.jar:/home/user/.m2/repository/javax/servlet/jsp/jsp-api/2.1/jsp-api-2.1.jar:/home/user/.m2/repository/com/sun/jersey/jersey-servlet/1.19/jersey-servlet-1.19.jar:/home/user/.m2/repository/com/sun/jersey/jersey-json/1.19/jersey-json-1.19.jar:/home/user/.m2/repository/org/codehaus/jettison/jettison/1.1/jettison-1.1.jar:/home/user/.m2/repository/org/codehaus/jackson/jackson-core-asl/1.9.13/jackson-core-asl-1.9.13.jar:/home/user/.m2/repository/org/codehaus/jackson/jackson-mapper-asl/1.9.13/jackson-mapper-asl-1.9.13.jar:/home/user/.m2/repository/org/codehaus/jackson/jackson-jaxrs/1.9.13/jackson-jaxrs-1.9.13.jar:/home/user/.m2/repository/org/codehaus/jackson/jackson-xc/1.9.13/jackson-xc-1.9.13.jar:/home/user/.m2/repository/commons-logging/commons-logging/1.1.3/commons-logging-1.1.3.jar:/home/user/.m2/repository/commons-beanutils/commons-beanutils/1.9.4/commons-beanutils-1.9.4.jar:/home/user/.m2/repository/org/apache/commons/commons-configuration2/2.1.1/commons-configuration2-2.1.1.jar:/home/user/.m2/repository/org/apache/commons/commons-lang3/3.7/commons-lang3-3.7.jar:/home/user/.m2/repository/org/apache/commons/commons-text/1.4/commons-text-1.4.jar:/home/user/.m2/repository/org/apache/avro/avro/1.7.7/avro-1.7.7.jar:/home/user/.m2/repository/com/thoughtworks/paranamer/paranamer/2.3/paranamer-2.3.jar:/home/user/.m2/repository/org/xerial/snappy/snappy-java/1.0.5/snappy-java-1.0.5.jar:/home/user/.m2/repository/com/google/re2j/re2j/1.1/re2j-1.1.jar:/home/user/.m2/repository/com/google/code/gson/gson/2.2.4/gson-2.2.4.jar:/home/user/.m2/repository/com/jcraft/jsch/0.1.54/jsch-0.1.54.jar:/home/user/.m2/repository/org/apache/curator/curator-client/2.12.0/curator-client-2.12.0.jar:/home/user/.m2/repository/org/apache/curator/curator-recipes/2.12.0/curator-recipes-2.12.0.jar:/home/user/.m2/repository/com/google/code/findbugs/jsr305/3.0.0/jsr305-3.0.0.jar:/home/user/.m2/repository/org/apache/htrace/htrace-core4/4.1.0-incubating/htrace-core4-4.1.0-incubating.jar:/home/user/.m2/repository/org/apache/zookeeper/zookeeper/3.4.13/zookeeper-3.4.13.jar:/home/user/.m2/repository/jline/jline/0.9.94/jline-0.9.94.jar:/home/user/.m2/repository/org/apache/yetus/audience-annotations/0.5.0/audience-annotations-0.5.0.jar:/home/user/.m2/repository/org/codehaus/woodstox/stax2-api/3.1.4/stax2-api-3.1.4.jar:/home/user/.m2/repository/com/fasterxml/woodstox/woodstox-core/5.0.3/woodstox-core-5.0.3.jar:/home/user/.m2/repository/dnsjava/dnsjava/2.1.7/dnsjava-2.1.7.jar:/home/user/.m2/repository/org/apache/hadoop/hadoop-hdfs/3.2.0/hadoop-hdfs-3.2.0-tests.jar:/home/user/.m2/repository/org/eclipse/jetty/jetty-util-ajax/9.3.25.v20180904/jetty-util-ajax-9.3.25.v20180904.jar:/home/user/.m2/repository/commons-daemon/commons-daemon/1.0.13/commons-daemon-1.0.13.jar:/home/user/.m2/repository/io/netty/netty/3.10.5.Final/netty-3.10.5.Final.jar:/home/user/.m2/repository/io/netty/netty-all/4.0.52.Final/netty-all-4.0.52.Final.jar:/home/user/.m2/repository/org/fusesource/leveldbjni/leveldbjni-all/1.8/leveldbjni-all-1.8.jar:"/>
    <property name="sun.cpu.endian" value="little"/>
    <property name="user.home" value="/home/user"/>
    <property name="user.language" value="en"/>
    <property name="java.specification.vendor" value="Oracle Corporation"/>
    <property name="java.home" value="/usr/lib/jvm/java-1.8-openjdk/jre"/>
    <property name="java.security.krb5.conf" value="/workdir/hadoop-ozone/integration-test/target/test-classes/krb5.conf"/>
    <property name="basedir" value="/workdir/hadoop-ozone/integration-test"/>
    <property name="file.separator" value="/"/>
    <property name="line.separator" value="&#10;"/>
    <property name="java.vm.specification.vendor" value="Oracle Corporation"/>
    <property name="java.specification.name" value="Java Platform API Specification"/>
    <property name="java.awt.graphicsenv" value="sun.awt.X11GraphicsEnvironment"/>
    <property name="surefire.real.class.path" value="/workdir/hadoop-ozone/integration-test/target/surefire/surefirebooter2705051639382412381.jar"/>
    <property name="hadoop.log.dir" value="/workdir/hadoop-ozone/integration-test/target/log"/>
    <property name="sun.boot.class.path" value="/usr/lib/jvm/java-1.8-openjdk/jre/lib/resources.jar:/usr/lib/jvm/java-1.8-openjdk/jre/lib/rt.jar:/usr/lib/jvm/java-1.8-openjdk/jre/lib/sunrsasign.jar:/usr/lib/jvm/java-1.8-openjdk/jre/lib/jsse.jar:/usr/lib/jvm/java-1.8-openjdk/jre/lib/jce.jar:/usr/lib/jvm/java-1.8-openjdk/jre/lib/charsets.jar:/usr/lib/jvm/java-1.8-openjdk/jre/lib/jfr.jar:/usr/lib/jvm/java-1.8-openjdk/jre/classes"/>
    <property name="sun.management.compiler" value="HotSpot 64-Bit Tiered Compilers"/>
    <property name="java.runtime.version" value="1.8.0_212-b04"/>
    <property name="java.net.preferIPv4Stack" value="true"/>
    <property name="user.name" value="jenkins1000"/>
    <property name="path.separator" value=":"/>
    <property name="java.security.egd" value="file:///dev/urandom"/>
    <property name="os.version" value="3.10.0-957.12.2.el7.x86_64"/>
    <property name="java.endorsed.dirs" value="/usr/lib/jvm/java-1.8-openjdk/jre/lib/endorsed"/>
    <property name="java.runtime.name" value="OpenJDK Runtime Environment"/>
    <property name="file.encoding" value="UTF-8"/>
    <property name="java.vm.name" value="OpenJDK 64-Bit Server VM"/>
    <property name="test.build.webapps" value=""/>
    <property name="localRepository" value="/home/user/.m2/repository"/>
    <property name="java.vendor.url.bug" value="https://icedtea.classpath.org/bugzilla"/>
    <property name="java.io.tmpdir" value="/tmp"/>
    <property name="require.test.libhadoop" value=""/>
    <property name="java.version" value="1.8.0_212"/>
    <property name="user.dir" value="/workdir/hadoop-ozone/integration-test"/>
    <property name="os.arch" value="amd64"/>
    <property name="java.vm.specification.name" value="Java Virtual Machine Specification"/>
    <property name="test.build.classes" value="/workdir/hadoop-ozone/integration-test/target/test-classes"/>
    <property name="java.awt.printerjob" value="sun.print.PSPrinterJob"/>
    <property name="sun.os.patch.level" value="unknown"/>
    <property name="hadoop.tmp.dir" value="/workdir/hadoop-ozone/integration-test/target/tmp"/>
    <property name="java.library.path" value="/usr/lib/jvm/java-1.8-openjdk/jre/lib/amd64/server:/usr/lib/jvm/java-1.8-openjdk/jre/lib/amd64:/usr/lib/jvm/java-1.8-openjdk/jre/../lib/amd64:/workdir/hadoop-ozone/integration-test/target/native/target/usr/local/lib:/workdir/hadoop-ozone/integration-test/../../hadoop-common-project/hadoop-common/target/native/target/usr/local/lib:/usr/java/packages/lib/amd64:/usr/lib64:/lib64:/lib:/usr/lib"/>
    <property name="java.vm.info" value="mixed mode"/>
    <property name="java.vendor" value="IcedTea"/>
    <property name="java.vm.version" value="25.212-b04"/>
    <property name="java.ext.dirs" value="/usr/lib/jvm/java-1.8-openjdk/jre/lib/ext:/usr/java/packages/lib/ext"/>
    <property name="sun.io.unicode.encoding" value="UnicodeLittle"/>
    <property name="java.class.version" value="52.0"/>
  </properties>
  <testcase name="testMultiBlockWritesWithIntermittentDnFailures" classname="org.apache.hadoop.ozone.client.rpc.TestMultiBlockWritesWithDnFailures" time="81.989">
    <error message="Allocated 5 blocks. Requested 6 blocks" type="INTERNAL_ERROR org.apache.hadoop.ozone.om.exceptions.OMException">INTERNAL_ERROR org.apache.hadoop.ozone.om.exceptions.OMException: Allocated 5 blocks. Requested 6 blocks
	at org.apache.hadoop.ozone.om.protocolPB.OzoneManagerProtocolClientSideTranslatorPB.handleError(OzoneManagerProtocolClientSideTranslatorPB.java:732)
	at org.apache.hadoop.ozone.om.protocolPB.OzoneManagerProtocolClientSideTranslatorPB.openKey(OzoneManagerProtocolClientSideTranslatorPB.java:723)
	at sun.reflect.NativeMethodAccessorImpl.invoke0(Native Method)
	at sun.reflect.NativeMethodAccessorImpl.invoke(NativeMethodAccessorImpl.java:62)
	at sun.reflect.DelegatingMethodAccessorImpl.invoke(DelegatingMethodAccessorImpl.java:43)
	at java.lang.reflect.Method.invoke(Method.java:498)
	at org.apache.hadoop.hdds.tracing.TraceAllMethod.invoke(TraceAllMethod.java:66)
	at com.sun.proxy.$Proxy36.openKey(Unknown Source)
	at org.apache.hadoop.ozone.client.rpc.RpcClient.createKey(RpcClient.java:614)
	at org.apache.hadoop.ozone.client.OzoneBucket.createKey(OzoneBucket.java:325)
	at org.apache.hadoop.ozone.container.ContainerTestHelper.createKey(ContainerTestHelper.java:695)
	at org.apache.hadoop.ozone.client.rpc.TestMultiBlockWritesWithDnFailures.createKey(TestMultiBlockWritesWithDnFailures.java:212)
	at org.apache.hadoop.ozone.client.rpc.TestMultiBlockWritesWithDnFailures.testMultiBlockWritesWithIntermittentDnFailures(TestMultiBlockWritesWithDnFailures.java:163)
	at sun.reflect.NativeMethodAccessorImpl.invoke0(Native Method)
	at sun.reflect.NativeMethodAccessorImpl.invoke(NativeMethodAccessorImpl.java:62)
	at sun.reflect.DelegatingMethodAccessorImpl.invoke(DelegatingMethodAccessorImpl.java:43)
	at java.lang.reflect.Method.invoke(Method.java:498)
	at org.junit.runners.model.FrameworkMethod$1.runReflectiveCall(FrameworkMethod.java:47)
	at org.junit.internal.runners.model.ReflectiveCallable.run(ReflectiveCallable.java:12)
	at org.junit.runners.model.FrameworkMethod.invokeExplosively(FrameworkMethod.java:44)
	at org.junit.internal.runners.statements.InvokeMethod.evaluate(InvokeMethod.java:17)
	at org.junit.internal.runners.statements.RunAfters.evaluate(RunAfters.java:27)
	at org.junit.runners.ParentRunner.runLeaf(ParentRunner.java:271)
	at org.junit.runners.BlockJUnit4ClassRunner.runChild(BlockJUnit4ClassRunner.java:70)
	at org.junit.runners.BlockJUnit4ClassRunner.runChild(BlockJUnit4ClassRunner.java:50)
	at org.junit.runners.ParentRunner$3.run(ParentRunner.java:238)
	at org.junit.runners.ParentRunner$1.schedule(ParentRunner.java:63)
	at org.junit.runners.ParentRunner.runChildren(ParentRunner.java:236)
	at org.junit.runners.ParentRunner.access$000(ParentRunner.java:53)
	at org.junit.runners.ParentRunner$2.evaluate(ParentRunner.java:229)
	at org.junit.runners.ParentRunner.run(ParentRunner.java:309)
	at org.apache.maven.surefire.junit4.JUnit4Provider.execute(JUnit4Provider.java:365)
	at org.apache.maven.surefire.junit4.JUnit4Provider.executeWithRerun(JUnit4Provider.java:273)
	at org.apache.maven.surefire.junit4.JUnit4Provider.executeTestSet(JUnit4Provider.java:238)
	at org.apache.maven.surefire.junit4.JUnit4Provider.invoke(JUnit4Provider.java:159)
	at org.apache.maven.surefire.booter.ForkedBooter.invokeProviderInSameClassLoader(ForkedBooter.java:384)
	at org.apache.maven.surefire.booter.ForkedBooter.runSuitesInProcess(ForkedBooter.java:345)
	at org.apache.maven.surefire.booter.ForkedBooter.execute(ForkedBooter.java:126)
	at org.apache.maven.surefire.booter.ForkedBooter.main(ForkedBooter.java:418)
</error>
    <system-out><![CDATA[2019-09-24 18:18:32,269 [main] WARN  server.ServerUtils (ServerUtils.java:getScmDbDir(145)) - ozone.scm.db.dirs is not configured. We recommend adding this setting. Falling back to ozone.metadata.dirs instead.
2019-09-24 18:18:33,014 [main] WARN  server.ServerUtils (ServerUtils.java:getScmDbDir(145)) - ozone.scm.db.dirs is not configured. We recommend adding this setting. Falling back to ozone.metadata.dirs instead.
2019-09-24 18:18:33,018 [main] WARN  server.ServerUtils (ServerUtils.java:getScmDbDir(145)) - ozone.scm.db.dirs is not configured. We recommend adding this setting. Falling back to ozone.metadata.dirs instead.
2019-09-24 18:18:33,038 [main] INFO  util.log (Log.java:initialized(192)) - Logging initialized @1547ms
2019-09-24 18:18:33,148 [main] INFO  db.DBStoreBuilder (DBStoreBuilder.java:addTable(110)) - using custom profile for table: deletedBlocks
2019-09-24 18:18:33,149 [main] INFO  db.DBStoreBuilder (DBStoreBuilder.java:processTables(161)) - Using default column profile:DBProfile.DISK for Table:deletedBlocks
2019-09-24 18:18:33,149 [main] INFO  db.DBStoreBuilder (DBStoreBuilder.java:addTable(110)) - using custom profile for table: validCerts
2019-09-24 18:18:33,149 [main] INFO  db.DBStoreBuilder (DBStoreBuilder.java:processTables(161)) - Using default column profile:DBProfile.DISK for Table:validCerts
2019-09-24 18:18:33,150 [main] INFO  db.DBStoreBuilder (DBStoreBuilder.java:addTable(110)) - using custom profile for table: revokedCerts
2019-09-24 18:18:33,150 [main] INFO  db.DBStoreBuilder (DBStoreBuilder.java:processTables(161)) - Using default column profile:DBProfile.DISK for Table:revokedCerts
2019-09-24 18:18:33,174 [main] INFO  db.DBStoreBuilder (DBStoreBuilder.java:addTable(110)) - using custom profile for table: default
2019-09-24 18:18:33,175 [main] INFO  db.DBStoreBuilder (DBStoreBuilder.java:processTables(167)) - Using default column profile:DBProfile.DISK for Table:default
2019-09-24 18:18:33,178 [main] INFO  db.DBStoreBuilder (DBStoreBuilder.java:getDbProfile(198)) - Using default options. DBProfile.DISK
2019-09-24 18:18:43,441 [main] INFO  net.NodeSchemaLoader (NodeSchemaLoader.java:loadSchemaFromFile(125)) - Loading file from sun.misc.CompoundEnumeration@14cd1699
2019-09-24 18:18:43,443 [main] INFO  net.NodeSchemaLoader (NodeSchemaLoader.java:loadSchema(171)) - Loading network topology layer schema file
2019-09-24 18:18:43,522 [main] INFO  node.SCMNodeManager (SCMNodeManager.java:<init>(114)) - Entering startup safe mode.
2019-09-24 18:18:43,622 [main] INFO  algorithms.ContainerPlacementPolicyFactory (ContainerPlacementPolicyFactory.java:getPolicy(57)) - Create container placement policy of type org.apache.hadoop.hdds.scm.container.placement.algorithms.SCMContainerPlacementRandom
2019-09-24 18:18:43,639 [main] WARN  server.ServerUtils (ServerUtils.java:getScmDbDir(145)) - ozone.scm.db.dirs is not configured. We recommend adding this setting. Falling back to ozone.metadata.dirs instead.
2019-09-24 18:18:50,400 [main] INFO  pipeline.SCMPipelineManager (SCMPipelineManager.java:initializePipelineState(132)) - No pipeline exists in current db
2019-09-24 18:18:50,404 [main] WARN  server.ServerUtils (ServerUtils.java:getScmDbDir(145)) - ozone.scm.db.dirs is not configured. We recommend adding this setting. Falling back to ozone.metadata.dirs instead.
2019-09-24 18:18:53,600 [main] WARN  events.EventQueue (EventQueue.java:fireEvent(183)) - No event handler registered for event TypedEvent{payloadType=SafeModeStatus, name='SafeModeStatus'}
2019-09-24 18:18:53,990 [main] INFO  ipc.CallQueueManager (CallQueueManager.java:<init>(84)) - Using callQueue: class java.util.concurrent.LinkedBlockingQueue, queueCapacity: 2000, scheduler: class org.apache.hadoop.ipc.DefaultRpcScheduler, ipcBackoff: false.
2019-09-24 18:18:54,027 [Socket Reader #1 for port 44530] INFO  ipc.Server (Server.java:run(1074)) - Starting Socket Reader #1 for port 44530
2019-09-24 18:18:54,203 [main] INFO  ipc.CallQueueManager (CallQueueManager.java:<init>(84)) - Using callQueue: class java.util.concurrent.LinkedBlockingQueue, queueCapacity: 2000, scheduler: class org.apache.hadoop.ipc.DefaultRpcScheduler, ipcBackoff: false.
2019-09-24 18:18:54,204 [Socket Reader #1 for port 34630] INFO  ipc.Server (Server.java:run(1074)) - Starting Socket Reader #1 for port 34630
2019-09-24 18:18:54,216 [main] INFO  ipc.CallQueueManager (CallQueueManager.java:<init>(84)) - Using callQueue: class java.util.concurrent.LinkedBlockingQueue, queueCapacity: 2000, scheduler: class org.apache.hadoop.ipc.DefaultRpcScheduler, ipcBackoff: false.
2019-09-24 18:18:54,218 [Socket Reader #1 for port 36124] INFO  ipc.Server (Server.java:run(1074)) - Starting Socket Reader #1 for port 36124
2019-09-24 18:18:54,248 [main] INFO  hdfs.DFSUtil (DFSUtil.java:httpServerTemplateForNNAndJN(1641)) - Starting Web-server for scm at: http://0.0.0.0:0
2019-09-24 18:18:54,416 [main] INFO  server.AuthenticationFilter (AuthenticationFilter.java:constructSecretProvider(240)) - Unable to initialize FileSignerSecretProvider, falling back to use random secrets.
2019-09-24 18:18:54,424 [main] WARN  http.HttpRequestLog (HttpRequestLog.java:getRequestLog(97)) - Jetty request log can only be enabled using Log4j
2019-09-24 18:18:54,432 [main] INFO  http.HttpServer2 (HttpServer2.java:addGlobalFilter(975)) - Added global filter 'safety' (class=org.apache.hadoop.http.HttpServer2$QuotingInputFilter)
2019-09-24 18:18:54,434 [main] INFO  http.HttpServer2 (HttpServer2.java:addFilter(948)) - Added filter static_user_filter (class=org.apache.hadoop.http.lib.StaticUserWebFilter$StaticUserFilter) to context scm
2019-09-24 18:18:54,435 [main] INFO  http.HttpServer2 (HttpServer2.java:addFilter(958)) - Added filter static_user_filter (class=org.apache.hadoop.http.lib.StaticUserWebFilter$StaticUserFilter) to context static
2019-09-24 18:18:54,435 [main] INFO  http.HttpServer2 (HttpServer2.java:addFilter(958)) - Added filter static_user_filter (class=org.apache.hadoop.http.lib.StaticUserWebFilter$StaticUserFilter) to context logs
2019-09-24 18:18:54,466 [main] INFO  server.StorageContainerManager (StorageContainerManager.java:start(770)) - StorageContainerLocationProtocol RPC server is listening at /0.0.0.0:36124
2019-09-24 18:18:54,539 [main] WARN  impl.MetricsConfig (MetricsConfig.java:loadFirst(134)) - Cannot locate configuration: tried hadoop-metrics2-storagecontainermanager.properties,hadoop-metrics2.properties
2019-09-24 18:18:54,553 [main] INFO  impl.MetricsSystemImpl (MetricsSystemImpl.java:startTimer(374)) - Scheduled Metric snapshot period at 10 second(s).
2019-09-24 18:18:54,553 [main] INFO  impl.MetricsSystemImpl (MetricsSystemImpl.java:start(191)) - StorageContainerManager metrics system started
2019-09-24 18:18:54,789 [main] INFO  server.SCMClientProtocolServer (SCMClientProtocolServer.java:start(151)) - RPC server for Client  is listening at /0.0.0.0:36124
2019-09-24 18:18:54,790 [IPC Server Responder] INFO  ipc.Server (Server.java:run(1314)) - IPC Server Responder: starting
2019-09-24 18:18:54,790 [IPC Server listener on 36124] INFO  ipc.Server (Server.java:run(1153)) - IPC Server listener on 36124: starting
2019-09-24 18:18:54,794 [main] INFO  server.StorageContainerManager (StorageContainerManager.java:start(780)) - ScmBlockLocationProtocol RPC server is listening at /0.0.0.0:34630
2019-09-24 18:18:54,796 [main] INFO  server.SCMBlockProtocolServer (SCMBlockProtocolServer.java:start(146)) - RPC server for Block Protocol is listening at /0.0.0.0:34630
2019-09-24 18:18:54,796 [IPC Server Responder] INFO  ipc.Server (Server.java:run(1314)) - IPC Server Responder: starting
2019-09-24 18:18:54,796 [IPC Server listener on 34630] INFO  ipc.Server (Server.java:run(1153)) - IPC Server listener on 34630: starting
2019-09-24 18:18:54,800 [main] INFO  server.StorageContainerManager (StorageContainerManager.java:start(784)) - ScmDatanodeProtocl RPC server is listening at /0.0.0.0:44530
2019-09-24 18:18:54,800 [main] INFO  server.SCMDatanodeProtocolServer (SCMDatanodeProtocolServer.java:start(191)) - RPC server for DataNodes is listening at /0.0.0.0:44530
2019-09-24 18:18:54,800 [IPC Server Responder] INFO  ipc.Server (Server.java:run(1314)) - IPC Server Responder: starting
2019-09-24 18:18:54,801 [IPC Server listener on 44530] INFO  ipc.Server (Server.java:run(1153)) - IPC Server listener on 44530: starting
2019-09-24 18:18:54,806 [main] INFO  http.HttpServer2 (HttpServer2.java:bindListener(1191)) - Jetty bound to port 42900
2019-09-24 18:18:54,808 [main] INFO  server.Server (Server.java:doStart(351)) - jetty-9.3.25.v20180904, build timestamp: 2018-09-04T21:11:46Z, git hash: 3ce520221d0240229c862b122d2b06c12a625732
2019-09-24 18:18:54,854 [main] INFO  handler.ContextHandler (ContextHandler.java:doStart(781)) - Started o.e.j.s.ServletContextHandler@2f17e30d{/logs,file:///workdir/hadoop-ozone/integration-test/target/log,AVAILABLE}
2019-09-24 18:18:54,854 [main] INFO  handler.ContextHandler (ContextHandler.java:doStart(781)) - Started o.e.j.s.ServletContextHandler@1d131e1b{/static,file:///workdir/hadoop-ozone/integration-test/target/test-classes/webapps/static,AVAILABLE}
2019-09-24 18:18:54,889 [main] INFO  handler.ContextHandler (ContextHandler.java:doStart(781)) - Started o.e.j.w.WebAppContext@660e9100{/,file:///workdir/hadoop-ozone/integration-test/target/test-classes/webapps/scm/,AVAILABLE}{/scm}
2019-09-24 18:18:54,896 [main] INFO  server.AbstractConnector (AbstractConnector.java:doStart(278)) - Started ServerConnector@5aabbb29{HTTP/1.1,[http/1.1]}{0.0.0.0:42900}
2019-09-24 18:18:54,896 [main] INFO  server.Server (Server.java:doStart(419)) - Started @23406ms
2019-09-24 18:18:54,898 [main] INFO  impl.MetricsSinkAdapter (MetricsSinkAdapter.java:start(204)) - Sink prometheus started
2019-09-24 18:18:54,898 [main] INFO  impl.MetricsSystemImpl (MetricsSystemImpl.java:registerSink(301)) - Registered sink prometheus
2019-09-24 18:18:54,900 [main] INFO  server.BaseHttpServer (BaseHttpServer.java:updateConnectorAddress(215)) - HTTP server of SCM is listening at http://0.0.0.0:42900
2019-09-24 18:18:54,911 [org.apache.hadoop.util.JvmPauseMonitor$Monitor@7927bd9f] INFO  util.JvmPauseMonitor (JvmPauseMonitor.java:run(188)) - Starting JVM pause monitor
2019-09-24 18:18:54,916 [main] WARN  server.ServerUtils (ServerUtils.java:getDBPath(222)) - ozone.om.db.dirs is not configured. We recommend adding this setting. Falling back to ozone.metadata.dirs instead.
2019-09-24 18:19:00,113 [main] WARN  server.ServerUtils (ServerUtils.java:getDBPath(222)) - ozone.om.db.dirs is not configured. We recommend adding this setting. Falling back to ozone.metadata.dirs instead.
2019-09-24 18:19:00,114 [main] WARN  server.ServerUtils (ServerUtils.java:getDBPath(222)) - ozone.om.db.dirs is not configured. We recommend adding this setting. Falling back to ozone.metadata.dirs instead.
2019-09-24 18:19:00,115 [main] INFO  om.OzoneManager (OzoneManager.java:setOMNodeDetails(652)) - OM Service ID is not set. Setting it to the default ID: omServiceIdDefault
2019-09-24 18:19:00,115 [main] INFO  om.OzoneManager (OzoneManager.java:setOMNodeDetails(658)) - OM Node ID is not set. Setting it to the OmStorage's OmID: 14fcefe1-debe-47d1-8469-253c6186ca7b
2019-09-24 18:19:00,117 [main] INFO  om.OzoneManager (OzoneManager.java:loadOMHAConfigs(609)) - Found matching OM address with OMServiceId: null, OMNodeId: null, RPC Address: localhost:0 and Ratis port: 9872
2019-09-24 18:19:00,911 [main] WARN  server.ServerUtils (ServerUtils.java:getDBPath(222)) - ozone.om.db.dirs is not configured. We recommend adding this setting. Falling back to ozone.metadata.dirs instead.
2019-09-24 18:19:00,919 [main] INFO  db.DBStoreBuilder (DBStoreBuilder.java:addTable(110)) - using custom profile for table: userTable
2019-09-24 18:19:00,919 [main] INFO  db.DBStoreBuilder (DBStoreBuilder.java:processTables(161)) - Using default column profile:DBProfile.DISK for Table:userTable
2019-09-24 18:19:00,919 [main] INFO  db.DBStoreBuilder (DBStoreBuilder.java:addTable(110)) - using custom profile for table: volumeTable
2019-09-24 18:19:00,920 [main] INFO  db.DBStoreBuilder (DBStoreBuilder.java:processTables(161)) - Using default column profile:DBProfile.DISK for Table:volumeTable
2019-09-24 18:19:00,920 [main] INFO  db.DBStoreBuilder (DBStoreBuilder.java:addTable(110)) - using custom profile for table: bucketTable
2019-09-24 18:19:00,920 [main] INFO  db.DBStoreBuilder (DBStoreBuilder.java:processTables(161)) - Using default column profile:DBProfile.DISK for Table:bucketTable
2019-09-24 18:19:00,920 [main] INFO  db.DBStoreBuilder (DBStoreBuilder.java:addTable(110)) - using custom profile for table: keyTable
2019-09-24 18:19:00,921 [main] INFO  db.DBStoreBuilder (DBStoreBuilder.java:processTables(161)) - Using default column profile:DBProfile.DISK for Table:keyTable
2019-09-24 18:19:00,921 [main] INFO  db.DBStoreBuilder (DBStoreBuilder.java:addTable(110)) - using custom profile for table: deletedTable
2019-09-24 18:19:00,921 [main] INFO  db.DBStoreBuilder (DBStoreBuilder.java:processTables(161)) - Using default column profile:DBProfile.DISK for Table:deletedTable
2019-09-24 18:19:00,921 [main] INFO  db.DBStoreBuilder (DBStoreBuilder.java:addTable(110)) - using custom profile for table: openKeyTable
2019-09-24 18:19:00,922 [main] INFO  db.DBStoreBuilder (DBStoreBuilder.java:processTables(161)) - Using default column profile:DBProfile.DISK for Table:openKeyTable
2019-09-24 18:19:00,922 [main] INFO  db.DBStoreBuilder (DBStoreBuilder.java:addTable(110)) - using custom profile for table: s3Table
2019-09-24 18:19:00,922 [main] INFO  db.DBStoreBuilder (DBStoreBuilder.java:processTables(161)) - Using default column profile:DBProfile.DISK for Table:s3Table
2019-09-24 18:19:00,922 [main] INFO  db.DBStoreBuilder (DBStoreBuilder.java:addTable(110)) - using custom profile for table: multipartInfoTable
2019-09-24 18:19:00,923 [main] INFO  db.DBStoreBuilder (DBStoreBuilder.java:processTables(161)) - Using default column profile:DBProfile.DISK for Table:multipartInfoTable
2019-09-24 18:19:00,923 [main] INFO  db.DBStoreBuilder (DBStoreBuilder.java:addTable(110)) - using custom profile for table: dTokenTable
2019-09-24 18:19:00,923 [main] INFO  db.DBStoreBuilder (DBStoreBuilder.java:processTables(161)) - Using default column profile:DBProfile.DISK for Table:dTokenTable
2019-09-24 18:19:00,923 [main] INFO  db.DBStoreBuilder (DBStoreBuilder.java:addTable(110)) - using custom profile for table: s3SecretTable
2019-09-24 18:19:00,924 [main] INFO  db.DBStoreBuilder (DBStoreBuilder.java:processTables(161)) - Using default column profile:DBProfile.DISK for Table:s3SecretTable
2019-09-24 18:19:00,924 [main] INFO  db.DBStoreBuilder (DBStoreBuilder.java:addTable(110)) - using custom profile for table: prefixTable
2019-09-24 18:19:00,924 [main] INFO  db.DBStoreBuilder (DBStoreBuilder.java:processTables(161)) - Using default column profile:DBProfile.DISK for Table:prefixTable
2019-09-24 18:19:00,924 [main] INFO  db.DBStoreBuilder (DBStoreBuilder.java:addTable(110)) - using custom profile for table: default
2019-09-24 18:19:00,925 [main] INFO  db.DBStoreBuilder (DBStoreBuilder.java:processTables(167)) - Using default column profile:DBProfile.DISK for Table:default
2019-09-24 18:19:00,925 [main] INFO  db.DBStoreBuilder (DBStoreBuilder.java:getDbProfile(198)) - Using default options. DBProfile.DISK
2019-09-24 18:19:06,586 [main] INFO  ipc.CallQueueManager (CallQueueManager.java:<init>(84)) - Using callQueue: class java.util.concurrent.LinkedBlockingQueue, queueCapacity: 2000, scheduler: class org.apache.hadoop.ipc.DefaultRpcScheduler, ipcBackoff: false.
2019-09-24 18:19:06,589 [Socket Reader #1 for port 41387] INFO  ipc.Server (Server.java:run(1074)) - Starting Socket Reader #1 for port 41387
2019-09-24 18:19:06,616 [main] INFO  om.OzoneManager (OzoneManager.java:start(1243)) - OzoneManager RPC server is listening at localhost/127.0.0.1:41387
2019-09-24 18:19:06,617 [main] INFO  impl.MetricsSystemImpl (MetricsSystemImpl.java:init(158)) - OzoneManager metrics system started (again)
2019-09-24 18:19:06,618 [IPC Server Responder] INFO  ipc.Server (Server.java:run(1314)) - IPC Server Responder: starting
2019-09-24 18:19:06,618 [IPC Server listener on 41387] INFO  ipc.Server (Server.java:run(1153)) - IPC Server listener on 41387: starting
2019-09-24 18:19:06,626 [main] INFO  hdfs.DFSUtil (DFSUtil.java:httpServerTemplateForNNAndJN(1641)) - Starting Web-server for ozoneManager at: http://0.0.0.0:0
2019-09-24 18:19:06,630 [main] INFO  server.AuthenticationFilter (AuthenticationFilter.java:constructSecretProvider(240)) - Unable to initialize FileSignerSecretProvider, falling back to use random secrets.
2019-09-24 18:19:06,631 [main] WARN  http.HttpRequestLog (HttpRequestLog.java:getRequestLog(97)) - Jetty request log can only be enabled using Log4j
2019-09-24 18:19:06,635 [main] INFO  http.HttpServer2 (HttpServer2.java:addGlobalFilter(975)) - Added global filter 'safety' (class=org.apache.hadoop.http.HttpServer2$QuotingInputFilter)
2019-09-24 18:19:06,636 [main] INFO  http.HttpServer2 (HttpServer2.java:addFilter(948)) - Added filter static_user_filter (class=org.apache.hadoop.http.lib.StaticUserWebFilter$StaticUserFilter) to context ozoneManager
2019-09-24 18:19:06,637 [main] INFO  http.HttpServer2 (HttpServer2.java:addFilter(958)) - Added filter static_user_filter (class=org.apache.hadoop.http.lib.StaticUserWebFilter$StaticUserFilter) to context static
2019-09-24 18:19:06,637 [main] INFO  http.HttpServer2 (HttpServer2.java:addFilter(958)) - Added filter static_user_filter (class=org.apache.hadoop.http.lib.StaticUserWebFilter$StaticUserFilter) to context logs
2019-09-24 18:19:06,641 [main] INFO  http.HttpServer2 (HttpServer2.java:bindListener(1191)) - Jetty bound to port 36211
2019-09-24 18:19:06,641 [main] INFO  server.Server (Server.java:doStart(351)) - jetty-9.3.25.v20180904, build timestamp: 2018-09-04T21:11:46Z, git hash: 3ce520221d0240229c862b122d2b06c12a625732
2019-09-24 18:19:06,644 [main] INFO  handler.ContextHandler (ContextHandler.java:doStart(781)) - Started o.e.j.s.ServletContextHandler@20ed3303{/logs,file:///workdir/hadoop-ozone/integration-test/target/log,AVAILABLE}
2019-09-24 18:19:06,646 [main] INFO  handler.ContextHandler (ContextHandler.java:doStart(781)) - Started o.e.j.s.ServletContextHandler@3a627c80{/static,file:///workdir/hadoop-ozone/integration-test/target/test-classes/webapps/static,AVAILABLE}
2019-09-24 18:19:06,653 [main] INFO  handler.ContextHandler (ContextHandler.java:doStart(781)) - Started o.e.j.w.WebAppContext@415156bf{/,file:///workdir/hadoop-ozone/integration-test/target/test-classes/webapps/ozoneManager/,AVAILABLE}{/ozoneManager}
2019-09-24 18:19:06,655 [main] INFO  server.AbstractConnector (AbstractConnector.java:doStart(278)) - Started ServerConnector@393881f0{HTTP/1.1,[http/1.1]}{0.0.0.0:36211}
2019-09-24 18:19:06,655 [main] INFO  server.Server (Server.java:doStart(419)) - Started @35165ms
2019-09-24 18:19:06,656 [main] WARN  impl.MetricsSystemImpl (MetricsSystemImpl.java:register(276)) - Sink prometheus already exists!
2019-09-24 18:19:06,657 [main] INFO  server.BaseHttpServer (BaseHttpServer.java:updateConnectorAddress(215)) - HTTP server of OZONEMANAGER is listening at http://0.0.0.0:36211
2019-09-24 18:19:07,038 [main] INFO  impl.MetricsSystemImpl (MetricsSystemImpl.java:init(158)) - HddsDatanode metrics system started (again)
2019-09-24 18:19:07,093 [main] INFO  ozone.HddsDatanodeService (HddsDatanodeService.java:start(184)) - HddsDatanodeService host:pr-hdds-2171-6l6hb-1841322612 ip:192.168.36.84
2019-09-24 18:19:07,124 [main] INFO  volume.HddsVolume (HddsVolume.java:<init>(176)) - Creating Volume: /workdir/hadoop-ozone/integration-test/target/test-dir/MiniOzoneClusterImpl-9a157790-03e5-4da0-a236-db4a40193cb2/datanode-0/data/containers/hdds of  storage type : DISK and capacity : 1482555576320
2019-09-24 18:19:07,126 [main] INFO  volume.VolumeSet (VolumeSet.java:initializeVolumeSet(170)) - Added Volume : /workdir/hadoop-ozone/integration-test/target/test-dir/MiniOzoneClusterImpl-9a157790-03e5-4da0-a236-db4a40193cb2/datanode-0/data/containers/hdds to VolumeSet
2019-09-24 18:19:07,129 [main] INFO  volume.ThrottledAsyncChecker (ThrottledAsyncChecker.java:schedule(139)) - Scheduling a check for org.apache.hadoop.ozone.container.common.volume.HddsVolume@344426bf
2019-09-24 18:19:07,145 [main] INFO  volume.HddsVolumeChecker (HddsVolumeChecker.java:checkAllVolumes(202)) - Scheduled health check for volume org.apache.hadoop.ozone.container.common.volume.HddsVolume@344426bf
2019-09-24 18:19:07,250 [main] INFO  impl.RaftServerProxy (ConfUtils.java:logGet(43)) - raft.rpc.type = GRPC (default)
2019-09-24 18:19:07,319 [main] INFO  grpc.GrpcFactory (GrpcFactory.java:checkPooledByteBufAllocatorUseCacheForAllThreads(45)) - PERFORMANCE WARNING: useCacheForAllThreads is true that may cause Netty to create a lot garbage objects and, as a result, trigger GC.
	It is recommended to disable useCacheForAllThreads by setting -Dorg.apache.ratis.thirdparty.io.netty.allocator.useCacheForAllThreads=false in command line.
2019-09-24 18:19:07,324 [main] INFO  grpc.GrpcConfigKeys$Server (ConfUtils.java:logGet(43)) - raft.grpc.server.port = 0 (default)
2019-09-24 18:19:07,325 [main] INFO  server.GrpcService (ConfUtils.java:logGet(43)) - raft.grpc.message.size.max = 33570816 (custom)
2019-09-24 18:19:07,327 [main] INFO  server.RaftServerConfigKeys (ConfUtils.java:logGet(43)) - raft.server.log.appender.buffer.byte-limit = 33554432 (custom)
2019-09-24 18:19:07,328 [main] INFO  server.GrpcService (ConfUtils.java:logGet(43)) - raft.grpc.flow.control.window = 1MB (=1048576) (default)
2019-09-24 18:19:07,328 [main] INFO  server.RaftServerConfigKeys (ConfUtils.java:logGet(43)) - raft.server.rpc.request.timeout = 3000ms (default)
2019-09-24 18:19:07,491 [main] INFO  server.RaftServerConfigKeys (ConfUtils.java:logGet(43)) - raft.server.storage.dir = [/workdir/hadoop-ozone/integration-test/target/test-dir/MiniOzoneClusterImpl-9a157790-03e5-4da0-a236-db4a40193cb2/datanode-0/data/ratis] (custom)
2019-09-24 18:19:07,543 [main] INFO  hdfs.DFSUtil (DFSUtil.java:httpServerTemplateForNNAndJN(1641)) - Starting Web-server for hddsDatanode at: http://0.0.0.0:0
2019-09-24 18:19:07,546 [main] INFO  server.AuthenticationFilter (AuthenticationFilter.java:constructSecretProvider(240)) - Unable to initialize FileSignerSecretProvider, falling back to use random secrets.
2019-09-24 18:19:07,546 [main] WARN  http.HttpRequestLog (HttpRequestLog.java:getRequestLog(97)) - Jetty request log can only be enabled using Log4j
2019-09-24 18:19:07,549 [main] INFO  http.HttpServer2 (HttpServer2.java:addGlobalFilter(975)) - Added global filter 'safety' (class=org.apache.hadoop.http.HttpServer2$QuotingInputFilter)
2019-09-24 18:19:07,550 [main] INFO  http.HttpServer2 (HttpServer2.java:addFilter(948)) - Added filter static_user_filter (class=org.apache.hadoop.http.lib.StaticUserWebFilter$StaticUserFilter) to context hddsDatanode
2019-09-24 18:19:07,550 [main] INFO  http.HttpServer2 (HttpServer2.java:addFilter(958)) - Added filter static_user_filter (class=org.apache.hadoop.http.lib.StaticUserWebFilter$StaticUserFilter) to context static
2019-09-24 18:19:07,551 [main] INFO  http.HttpServer2 (HttpServer2.java:addFilter(958)) - Added filter static_user_filter (class=org.apache.hadoop.http.lib.StaticUserWebFilter$StaticUserFilter) to context logs
2019-09-24 18:19:07,552 [main] INFO  http.HttpServer2 (HttpServer2.java:bindListener(1191)) - Jetty bound to port 32845
2019-09-24 18:19:07,553 [main] INFO  server.Server (Server.java:doStart(351)) - jetty-9.3.25.v20180904, build timestamp: 2018-09-04T21:11:46Z, git hash: 3ce520221d0240229c862b122d2b06c12a625732
2019-09-24 18:19:07,557 [main] INFO  handler.ContextHandler (ContextHandler.java:doStart(781)) - Started o.e.j.s.ServletContextHandler@433348bc{/logs,file:///workdir/hadoop-ozone/integration-test/target/log,AVAILABLE}
2019-09-24 18:19:07,558 [main] INFO  handler.ContextHandler (ContextHandler.java:doStart(781)) - Started o.e.j.s.ServletContextHandler@102ecc22{/static,jar:file:/home/user/.m2/repository/org/apache/hadoop/hadoop-hdds-container-service/0.5.0-SNAPSHOT/hadoop-hdds-container-service-0.5.0-SNAPSHOT.jar!/webapps/static,AVAILABLE}
2019-09-24 18:19:07,596 [main] INFO  handler.ContextHandler (ContextHandler.java:doStart(781)) - Started o.e.j.w.WebAppContext@7aac8884{/,file:///tmp/jetty-0.0.0.0-32845-hddsDatanode-_-any-2280113778671869877.dir/webapp/,AVAILABLE}{/hddsDatanode}
2019-09-24 18:19:07,596 [main] INFO  server.AbstractConnector (AbstractConnector.java:doStart(278)) - Started ServerConnector@a66e580{HTTP/1.1,[http/1.1]}{0.0.0.0:32845}
2019-09-24 18:19:07,597 [main] INFO  server.Server (Server.java:doStart(419)) - Started @36107ms
2019-09-24 18:19:07,597 [main] WARN  impl.MetricsSystemImpl (MetricsSystemImpl.java:register(276)) - Sink prometheus already exists!
2019-09-24 18:19:07,598 [main] INFO  server.BaseHttpServer (BaseHttpServer.java:updateConnectorAddress(215)) - HTTP server of HDDSDATANODE is listening at http://0.0.0.0:32845
2019-09-24 18:19:07,599 [main] INFO  impl.MetricsSystemImpl (MetricsSystemImpl.java:init(158)) - HddsDatanode metrics system started (again)
2019-09-24 18:19:07,602 [main] INFO  ozone.HddsDatanodeService (HddsDatanodeService.java:start(184)) - HddsDatanodeService host:pr-hdds-2171-6l6hb-1841322612 ip:192.168.36.84
2019-09-24 18:19:07,606 [org.apache.hadoop.util.JvmPauseMonitor$Monitor@3c4b87f6] INFO  util.JvmPauseMonitor (JvmPauseMonitor.java:run(188)) - Starting JVM pause monitor
2019-09-24 18:19:07,609 [main] INFO  volume.HddsVolume (HddsVolume.java:<init>(176)) - Creating Volume: /workdir/hadoop-ozone/integration-test/target/test-dir/MiniOzoneClusterImpl-9a157790-03e5-4da0-a236-db4a40193cb2/datanode-1/data/containers/hdds of  storage type : DISK and capacity : 1482555576320
2019-09-24 18:19:07,610 [main] INFO  volume.VolumeSet (VolumeSet.java:initializeVolumeSet(170)) - Added Volume : /workdir/hadoop-ozone/integration-test/target/test-dir/MiniOzoneClusterImpl-9a157790-03e5-4da0-a236-db4a40193cb2/datanode-1/data/containers/hdds to VolumeSet
2019-09-24 18:19:07,610 [main] INFO  volume.ThrottledAsyncChecker (ThrottledAsyncChecker.java:schedule(139)) - Scheduling a check for org.apache.hadoop.ozone.container.common.volume.HddsVolume@117525fe
2019-09-24 18:19:07,610 [main] INFO  volume.HddsVolumeChecker (HddsVolumeChecker.java:checkAllVolumes(202)) - Scheduled health check for volume org.apache.hadoop.ozone.container.common.volume.HddsVolume@117525fe
2019-09-24 18:19:07,632 [main] INFO  impl.RaftServerProxy (ConfUtils.java:logGet(43)) - raft.rpc.type = GRPC (default)
2019-09-24 18:19:07,632 [main] INFO  grpc.GrpcFactory (GrpcFactory.java:checkPooledByteBufAllocatorUseCacheForAllThreads(45)) - PERFORMANCE WARNING: useCacheForAllThreads is true that may cause Netty to create a lot garbage objects and, as a result, trigger GC.
	It is recommended to disable useCacheForAllThreads by setting -Dorg.apache.ratis.thirdparty.io.netty.allocator.useCacheForAllThreads=false in command line.
2019-09-24 18:19:07,632 [main] INFO  grpc.GrpcConfigKeys$Server (ConfUtils.java:logGet(43)) - raft.grpc.server.port = 0 (default)
2019-09-24 18:19:07,633 [main] INFO  server.GrpcService (ConfUtils.java:logGet(43)) - raft.grpc.message.size.max = 33570816 (custom)
2019-09-24 18:19:07,633 [main] INFO  server.RaftServerConfigKeys (ConfUtils.java:logGet(43)) - raft.server.log.appender.buffer.byte-limit = 33554432 (custom)
2019-09-24 18:19:07,633 [main] INFO  server.GrpcService (ConfUtils.java:logGet(43)) - raft.grpc.flow.control.window = 1MB (=1048576) (default)
2019-09-24 18:19:07,634 [main] INFO  server.RaftServerConfigKeys (ConfUtils.java:logGet(43)) - raft.server.rpc.request.timeout = 3000ms (default)
2019-09-24 18:19:07,634 [main] INFO  server.RaftServerConfigKeys (ConfUtils.java:logGet(43)) - raft.server.storage.dir = [/workdir/hadoop-ozone/integration-test/target/test-dir/MiniOzoneClusterImpl-9a157790-03e5-4da0-a236-db4a40193cb2/datanode-1/data/ratis] (custom)
2019-09-24 18:19:07,636 [main] INFO  hdfs.DFSUtil (DFSUtil.java:httpServerTemplateForNNAndJN(1641)) - Starting Web-server for hddsDatanode at: http://0.0.0.0:0
2019-09-24 18:19:07,638 [main] INFO  server.AuthenticationFilter (AuthenticationFilter.java:constructSecretProvider(240)) - Unable to initialize FileSignerSecretProvider, falling back to use random secrets.
2019-09-24 18:19:07,639 [main] WARN  http.HttpRequestLog (HttpRequestLog.java:getRequestLog(97)) - Jetty request log can only be enabled using Log4j
2019-09-24 18:19:07,641 [main] INFO  http.HttpServer2 (HttpServer2.java:addGlobalFilter(975)) - Added global filter 'safety' (class=org.apache.hadoop.http.HttpServer2$QuotingInputFilter)
2019-09-24 18:19:07,642 [main] INFO  http.HttpServer2 (HttpServer2.java:addFilter(948)) - Added filter static_user_filter (class=org.apache.hadoop.http.lib.StaticUserWebFilter$StaticUserFilter) to context hddsDatanode
2019-09-24 18:19:07,643 [main] INFO  http.HttpServer2 (HttpServer2.java:addFilter(958)) - Added filter static_user_filter (class=org.apache.hadoop.http.lib.StaticUserWebFilter$StaticUserFilter) to context logs
2019-09-24 18:19:07,643 [main] INFO  http.HttpServer2 (HttpServer2.java:addFilter(958)) - Added filter static_user_filter (class=org.apache.hadoop.http.lib.StaticUserWebFilter$StaticUserFilter) to context static
2019-09-24 18:19:07,644 [main] INFO  http.HttpServer2 (HttpServer2.java:bindListener(1191)) - Jetty bound to port 36027
2019-09-24 18:19:07,644 [main] INFO  server.Server (Server.java:doStart(351)) - jetty-9.3.25.v20180904, build timestamp: 2018-09-04T21:11:46Z, git hash: 3ce520221d0240229c862b122d2b06c12a625732
2019-09-24 18:19:07,648 [main] INFO  handler.ContextHandler (ContextHandler.java:doStart(781)) - Started o.e.j.s.ServletContextHandler@77774571{/logs,file:///workdir/hadoop-ozone/integration-test/target/log,AVAILABLE}
2019-09-24 18:19:07,648 [main] INFO  handler.ContextHandler (ContextHandler.java:doStart(781)) - Started o.e.j.s.ServletContextHandler@6cd64ee8{/static,jar:file:/home/user/.m2/repository/org/apache/hadoop/hadoop-hdds-container-service/0.5.0-SNAPSHOT/hadoop-hdds-container-service-0.5.0-SNAPSHOT.jar!/webapps/static,AVAILABLE}
2019-09-24 18:19:07,694 [main] INFO  handler.ContextHandler (ContextHandler.java:doStart(781)) - Started o.e.j.w.WebAppContext@5e519ad3{/,file:///tmp/jetty-0.0.0.0-36027-hddsDatanode-_-any-4412602990957716715.dir/webapp/,AVAILABLE}{/hddsDatanode}
2019-09-24 18:19:07,696 [main] INFO  server.AbstractConnector (AbstractConnector.java:doStart(278)) - Started ServerConnector@7bc44ce8{HTTP/1.1,[http/1.1]}{0.0.0.0:36027}
2019-09-24 18:19:07,696 [main] INFO  server.Server (Server.java:doStart(419)) - Started @36206ms
2019-09-24 18:19:07,696 [main] WARN  impl.MetricsSystemImpl (MetricsSystemImpl.java:register(276)) - Sink prometheus already exists!
2019-09-24 18:19:07,698 [main] INFO  server.BaseHttpServer (BaseHttpServer.java:updateConnectorAddress(215)) - HTTP server of HDDSDATANODE is listening at http://0.0.0.0:36027
2019-09-24 18:19:07,698 [main] INFO  impl.MetricsSystemImpl (MetricsSystemImpl.java:init(158)) - HddsDatanode metrics system started (again)
2019-09-24 18:19:07,701 [org.apache.hadoop.util.JvmPauseMonitor$Monitor@52ea5db] INFO  util.JvmPauseMonitor (JvmPauseMonitor.java:run(188)) - Starting JVM pause monitor
2019-09-24 18:19:07,702 [main] INFO  ozone.HddsDatanodeService (HddsDatanodeService.java:start(184)) - HddsDatanodeService host:pr-hdds-2171-6l6hb-1841322612 ip:192.168.36.84
2019-09-24 18:19:07,709 [main] INFO  volume.HddsVolume (HddsVolume.java:<init>(176)) - Creating Volume: /workdir/hadoop-ozone/integration-test/target/test-dir/MiniOzoneClusterImpl-9a157790-03e5-4da0-a236-db4a40193cb2/datanode-2/data/containers/hdds of  storage type : DISK and capacity : 1482555576320
2019-09-24 18:19:07,709 [main] INFO  volume.VolumeSet (VolumeSet.java:initializeVolumeSet(170)) - Added Volume : /workdir/hadoop-ozone/integration-test/target/test-dir/MiniOzoneClusterImpl-9a157790-03e5-4da0-a236-db4a40193cb2/datanode-2/data/containers/hdds to VolumeSet
2019-09-24 18:19:07,709 [main] INFO  volume.ThrottledAsyncChecker (ThrottledAsyncChecker.java:schedule(139)) - Scheduling a check for org.apache.hadoop.ozone.container.common.volume.HddsVolume@7baf1f5a
2019-09-24 18:19:07,710 [main] INFO  volume.HddsVolumeChecker (HddsVolumeChecker.java:checkAllVolumes(202)) - Scheduled health check for volume org.apache.hadoop.ozone.container.common.volume.HddsVolume@7baf1f5a
2019-09-24 18:19:07,728 [main] INFO  impl.RaftServerProxy (ConfUtils.java:logGet(43)) - raft.rpc.type = GRPC (default)
2019-09-24 18:19:07,729 [main] INFO  grpc.GrpcFactory (GrpcFactory.java:checkPooledByteBufAllocatorUseCacheForAllThreads(45)) - PERFORMANCE WARNING: useCacheForAllThreads is true that may cause Netty to create a lot garbage objects and, as a result, trigger GC.
	It is recommended to disable useCacheForAllThreads by setting -Dorg.apache.ratis.thirdparty.io.netty.allocator.useCacheForAllThreads=false in command line.
2019-09-24 18:19:07,729 [main] INFO  grpc.GrpcConfigKeys$Server (ConfUtils.java:logGet(43)) - raft.grpc.server.port = 0 (default)
2019-09-24 18:19:07,730 [main] INFO  server.GrpcService (ConfUtils.java:logGet(43)) - raft.grpc.message.size.max = 33570816 (custom)
2019-09-24 18:19:07,730 [main] INFO  server.RaftServerConfigKeys (ConfUtils.java:logGet(43)) - raft.server.log.appender.buffer.byte-limit = 33554432 (custom)
2019-09-24 18:19:07,730 [main] INFO  server.GrpcService (ConfUtils.java:logGet(43)) - raft.grpc.flow.control.window = 1MB (=1048576) (default)
2019-09-24 18:19:07,731 [main] INFO  server.RaftServerConfigKeys (ConfUtils.java:logGet(43)) - raft.server.rpc.request.timeout = 3000ms (default)
2019-09-24 18:19:07,731 [main] INFO  server.RaftServerConfigKeys (ConfUtils.java:logGet(43)) - raft.server.storage.dir = [/workdir/hadoop-ozone/integration-test/target/test-dir/MiniOzoneClusterImpl-9a157790-03e5-4da0-a236-db4a40193cb2/datanode-2/data/ratis] (custom)
2019-09-24 18:19:07,734 [main] INFO  hdfs.DFSUtil (DFSUtil.java:httpServerTemplateForNNAndJN(1641)) - Starting Web-server for hddsDatanode at: http://0.0.0.0:0
2019-09-24 18:19:07,735 [Datanode State Machine Thread - 0] INFO  datanode.InitDatanodeState (InitDatanodeState.java:persistContainerDatanodeDetails(140)) - DatanodeDetails is persisted to /workdir/hadoop-ozone/integration-test/target/test-dir/MiniOzoneClusterImpl-9a157790-03e5-4da0-a236-db4a40193cb2/datanode-0/meta/datanode.id
2019-09-24 18:19:07,736 [main] INFO  server.AuthenticationFilter (AuthenticationFilter.java:constructSecretProvider(240)) - Unable to initialize FileSignerSecretProvider, falling back to use random secrets.
2019-09-24 18:19:07,736 [main] WARN  http.HttpRequestLog (HttpRequestLog.java:getRequestLog(97)) - Jetty request log can only be enabled using Log4j
2019-09-24 18:19:07,740 [main] INFO  http.HttpServer2 (HttpServer2.java:addGlobalFilter(975)) - Added global filter 'safety' (class=org.apache.hadoop.http.HttpServer2$QuotingInputFilter)
2019-09-24 18:19:07,740 [Datanode State Machine Thread - 0] INFO  datanode.InitDatanodeState (InitDatanodeState.java:persistContainerDatanodeDetails(140)) - DatanodeDetails is persisted to /workdir/hadoop-ozone/integration-test/target/test-dir/MiniOzoneClusterImpl-9a157790-03e5-4da0-a236-db4a40193cb2/datanode-1/meta/datanode.id
2019-09-24 18:19:07,741 [main] INFO  http.HttpServer2 (HttpServer2.java:addFilter(948)) - Added filter static_user_filter (class=org.apache.hadoop.http.lib.StaticUserWebFilter$StaticUserFilter) to context hddsDatanode
2019-09-24 18:19:07,741 [main] INFO  http.HttpServer2 (HttpServer2.java:addFilter(958)) - Added filter static_user_filter (class=org.apache.hadoop.http.lib.StaticUserWebFilter$StaticUserFilter) to context logs
2019-09-24 18:19:07,741 [main] INFO  http.HttpServer2 (HttpServer2.java:addFilter(958)) - Added filter static_user_filter (class=org.apache.hadoop.http.lib.StaticUserWebFilter$StaticUserFilter) to context static
2019-09-24 18:19:07,742 [main] INFO  http.HttpServer2 (HttpServer2.java:bindListener(1191)) - Jetty bound to port 45263
2019-09-24 18:19:07,742 [main] INFO  server.Server (Server.java:doStart(351)) - jetty-9.3.25.v20180904, build timestamp: 2018-09-04T21:11:46Z, git hash: 3ce520221d0240229c862b122d2b06c12a625732
2019-09-24 18:19:07,747 [main] INFO  handler.ContextHandler (ContextHandler.java:doStart(781)) - Started o.e.j.s.ServletContextHandler@28da7d11{/logs,file:///workdir/hadoop-ozone/integration-test/target/log,AVAILABLE}
2019-09-24 18:19:07,747 [main] INFO  handler.ContextHandler (ContextHandler.java:doStart(781)) - Started o.e.j.s.ServletContextHandler@5624657a{/static,jar:file:/home/user/.m2/repository/org/apache/hadoop/hadoop-hdds-container-service/0.5.0-SNAPSHOT/hadoop-hdds-container-service-0.5.0-SNAPSHOT.jar!/webapps/static,AVAILABLE}
2019-09-24 18:19:07,776 [main] INFO  handler.ContextHandler (ContextHandler.java:doStart(781)) - Started o.e.j.w.WebAppContext@5dd903be{/,file:///tmp/jetty-0.0.0.0-45263-hddsDatanode-_-any-4764982632245255582.dir/webapp/,AVAILABLE}{/hddsDatanode}
2019-09-24 18:19:07,777 [main] INFO  server.AbstractConnector (AbstractConnector.java:doStart(278)) - Started ServerConnector@12e0f1cb{HTTP/1.1,[http/1.1]}{0.0.0.0:45263}
2019-09-24 18:19:07,777 [main] INFO  server.Server (Server.java:doStart(419)) - Started @36287ms
2019-09-24 18:19:07,777 [main] WARN  impl.MetricsSystemImpl (MetricsSystemImpl.java:register(276)) - Sink prometheus already exists!
2019-09-24 18:19:07,778 [main] INFO  server.BaseHttpServer (BaseHttpServer.java:updateConnectorAddress(215)) - HTTP server of HDDSDATANODE is listening at http://0.0.0.0:45263
2019-09-24 18:19:07,778 [main] INFO  impl.MetricsSystemImpl (MetricsSystemImpl.java:init(158)) - HddsDatanode metrics system started (again)
2019-09-24 18:19:07,782 [org.apache.hadoop.util.JvmPauseMonitor$Monitor@10c28e1c] INFO  util.JvmPauseMonitor (JvmPauseMonitor.java:run(188)) - Starting JVM pause monitor
2019-09-24 18:19:07,782 [main] INFO  ozone.HddsDatanodeService (HddsDatanodeService.java:start(184)) - HddsDatanodeService host:pr-hdds-2171-6l6hb-1841322612 ip:192.168.36.84
2019-09-24 18:19:07,784 [Datanode State Machine Thread - 0] INFO  datanode.InitDatanodeState (InitDatanodeState.java:persistContainerDatanodeDetails(140)) - DatanodeDetails is persisted to /workdir/hadoop-ozone/integration-test/target/test-dir/MiniOzoneClusterImpl-9a157790-03e5-4da0-a236-db4a40193cb2/datanode-2/meta/datanode.id
2019-09-24 18:19:07,790 [main] INFO  volume.HddsVolume (HddsVolume.java:<init>(176)) - Creating Volume: /workdir/hadoop-ozone/integration-test/target/test-dir/MiniOzoneClusterImpl-9a157790-03e5-4da0-a236-db4a40193cb2/datanode-3/data/containers/hdds of  storage type : DISK and capacity : 1482555576320
2019-09-24 18:19:07,790 [main] INFO  volume.VolumeSet (VolumeSet.java:initializeVolumeSet(170)) - Added Volume : /workdir/hadoop-ozone/integration-test/target/test-dir/MiniOzoneClusterImpl-9a157790-03e5-4da0-a236-db4a40193cb2/datanode-3/data/containers/hdds to VolumeSet
2019-09-24 18:19:07,791 [main] INFO  volume.ThrottledAsyncChecker (ThrottledAsyncChecker.java:schedule(139)) - Scheduling a check for org.apache.hadoop.ozone.container.common.volume.HddsVolume@4613311f
2019-09-24 18:19:07,791 [main] INFO  volume.HddsVolumeChecker (HddsVolumeChecker.java:checkAllVolumes(202)) - Scheduled health check for volume org.apache.hadoop.ozone.container.common.volume.HddsVolume@4613311f
2019-09-24 18:19:07,814 [main] INFO  impl.RaftServerProxy (ConfUtils.java:logGet(43)) - raft.rpc.type = GRPC (default)
2019-09-24 18:19:07,814 [main] INFO  grpc.GrpcFactory (GrpcFactory.java:checkPooledByteBufAllocatorUseCacheForAllThreads(45)) - PERFORMANCE WARNING: useCacheForAllThreads is true that may cause Netty to create a lot garbage objects and, as a result, trigger GC.
	It is recommended to disable useCacheForAllThreads by setting -Dorg.apache.ratis.thirdparty.io.netty.allocator.useCacheForAllThreads=false in command line.
2019-09-24 18:19:07,814 [main] INFO  grpc.GrpcConfigKeys$Server (ConfUtils.java:logGet(43)) - raft.grpc.server.port = 0 (default)
2019-09-24 18:19:07,815 [main] INFO  server.GrpcService (ConfUtils.java:logGet(43)) - raft.grpc.message.size.max = 33570816 (custom)
2019-09-24 18:19:07,815 [main] INFO  server.RaftServerConfigKeys (ConfUtils.java:logGet(43)) - raft.server.log.appender.buffer.byte-limit = 33554432 (custom)
2019-09-24 18:19:07,815 [main] INFO  server.GrpcService (ConfUtils.java:logGet(43)) - raft.grpc.flow.control.window = 1MB (=1048576) (default)
2019-09-24 18:19:07,816 [main] INFO  server.RaftServerConfigKeys (ConfUtils.java:logGet(43)) - raft.server.rpc.request.timeout = 3000ms (default)
2019-09-24 18:19:07,817 [main] INFO  server.RaftServerConfigKeys (ConfUtils.java:logGet(43)) - raft.server.storage.dir = [/workdir/hadoop-ozone/integration-test/target/test-dir/MiniOzoneClusterImpl-9a157790-03e5-4da0-a236-db4a40193cb2/datanode-3/data/ratis] (custom)
2019-09-24 18:19:07,819 [main] INFO  hdfs.DFSUtil (DFSUtil.java:httpServerTemplateForNNAndJN(1641)) - Starting Web-server for hddsDatanode at: http://0.0.0.0:0
2019-09-24 18:19:07,821 [main] INFO  server.AuthenticationFilter (AuthenticationFilter.java:constructSecretProvider(240)) - Unable to initialize FileSignerSecretProvider, falling back to use random secrets.
2019-09-24 18:19:07,822 [main] WARN  http.HttpRequestLog (HttpRequestLog.java:getRequestLog(97)) - Jetty request log can only be enabled using Log4j
2019-09-24 18:19:07,825 [main] INFO  http.HttpServer2 (HttpServer2.java:addGlobalFilter(975)) - Added global filter 'safety' (class=org.apache.hadoop.http.HttpServer2$QuotingInputFilter)
2019-09-24 18:19:07,826 [main] INFO  http.HttpServer2 (HttpServer2.java:addFilter(948)) - Added filter static_user_filter (class=org.apache.hadoop.http.lib.StaticUserWebFilter$StaticUserFilter) to context hddsDatanode
2019-09-24 18:19:07,826 [main] INFO  http.HttpServer2 (HttpServer2.java:addFilter(958)) - Added filter static_user_filter (class=org.apache.hadoop.http.lib.StaticUserWebFilter$StaticUserFilter) to context logs
2019-09-24 18:19:07,827 [main] INFO  http.HttpServer2 (HttpServer2.java:addFilter(958)) - Added filter static_user_filter (class=org.apache.hadoop.http.lib.StaticUserWebFilter$StaticUserFilter) to context static
2019-09-24 18:19:07,828 [main] INFO  http.HttpServer2 (HttpServer2.java:bindListener(1191)) - Jetty bound to port 34807
2019-09-24 18:19:07,828 [main] INFO  server.Server (Server.java:doStart(351)) - jetty-9.3.25.v20180904, build timestamp: 2018-09-04T21:11:46Z, git hash: 3ce520221d0240229c862b122d2b06c12a625732
2019-09-24 18:19:07,831 [main] INFO  handler.ContextHandler (ContextHandler.java:doStart(781)) - Started o.e.j.s.ServletContextHandler@41eb94bc{/logs,file:///workdir/hadoop-ozone/integration-test/target/log,AVAILABLE}
2019-09-24 18:19:07,832 [main] INFO  handler.ContextHandler (ContextHandler.java:doStart(781)) - Started o.e.j.s.ServletContextHandler@97d0c06{/static,jar:file:/home/user/.m2/repository/org/apache/hadoop/hadoop-hdds-container-service/0.5.0-SNAPSHOT/hadoop-hdds-container-service-0.5.0-SNAPSHOT.jar!/webapps/static,AVAILABLE}
2019-09-24 18:19:07,876 [main] INFO  handler.ContextHandler (ContextHandler.java:doStart(781)) - Started o.e.j.w.WebAppContext@38eb0f4d{/,file:///tmp/jetty-0.0.0.0-34807-hddsDatanode-_-any-2706360145698084548.dir/webapp/,AVAILABLE}{/hddsDatanode}
2019-09-24 18:19:07,877 [main] INFO  server.AbstractConnector (AbstractConnector.java:doStart(278)) - Started ServerConnector@437486cd{HTTP/1.1,[http/1.1]}{0.0.0.0:34807}
2019-09-24 18:19:07,878 [main] INFO  server.Server (Server.java:doStart(419)) - Started @36388ms
2019-09-24 18:19:07,878 [main] WARN  impl.MetricsSystemImpl (MetricsSystemImpl.java:register(276)) - Sink prometheus already exists!
2019-09-24 18:19:07,879 [main] INFO  server.BaseHttpServer (BaseHttpServer.java:updateConnectorAddress(215)) - HTTP server of HDDSDATANODE is listening at http://0.0.0.0:34807
2019-09-24 18:19:07,880 [main] INFO  impl.MetricsSystemImpl (MetricsSystemImpl.java:init(158)) - HddsDatanode metrics system started (again)
2019-09-24 18:19:07,883 [org.apache.hadoop.util.JvmPauseMonitor$Monitor@8dfaf81] INFO  util.JvmPauseMonitor (JvmPauseMonitor.java:run(188)) - Starting JVM pause monitor
2019-09-24 18:19:07,883 [main] INFO  ozone.HddsDatanodeService (HddsDatanodeService.java:start(184)) - HddsDatanodeService host:pr-hdds-2171-6l6hb-1841322612 ip:192.168.36.84
2019-09-24 18:19:07,886 [Datanode State Machine Thread - 0] INFO  datanode.InitDatanodeState (InitDatanodeState.java:persistContainerDatanodeDetails(140)) - DatanodeDetails is persisted to /workdir/hadoop-ozone/integration-test/target/test-dir/MiniOzoneClusterImpl-9a157790-03e5-4da0-a236-db4a40193cb2/datanode-3/meta/datanode.id
2019-09-24 18:19:07,891 [main] INFO  volume.HddsVolume (HddsVolume.java:<init>(176)) - Creating Volume: /workdir/hadoop-ozone/integration-test/target/test-dir/MiniOzoneClusterImpl-9a157790-03e5-4da0-a236-db4a40193cb2/datanode-4/data/containers/hdds of  storage type : DISK and capacity : 1482555576320
2019-09-24 18:19:07,891 [main] INFO  volume.VolumeSet (VolumeSet.java:initializeVolumeSet(170)) - Added Volume : /workdir/hadoop-ozone/integration-test/target/test-dir/MiniOzoneClusterImpl-9a157790-03e5-4da0-a236-db4a40193cb2/datanode-4/data/containers/hdds to VolumeSet
2019-09-24 18:19:07,891 [main] INFO  volume.ThrottledAsyncChecker (ThrottledAsyncChecker.java:schedule(139)) - Scheduling a check for org.apache.hadoop.ozone.container.common.volume.HddsVolume@1687eb01
2019-09-24 18:19:07,892 [main] INFO  volume.HddsVolumeChecker (HddsVolumeChecker.java:checkAllVolumes(202)) - Scheduled health check for volume org.apache.hadoop.ozone.container.common.volume.HddsVolume@1687eb01
2019-09-24 18:19:07,910 [main] INFO  impl.RaftServerProxy (ConfUtils.java:logGet(43)) - raft.rpc.type = GRPC (default)
2019-09-24 18:19:07,910 [main] INFO  grpc.GrpcFactory (GrpcFactory.java:checkPooledByteBufAllocatorUseCacheForAllThreads(45)) - PERFORMANCE WARNING: useCacheForAllThreads is true that may cause Netty to create a lot garbage objects and, as a result, trigger GC.
	It is recommended to disable useCacheForAllThreads by setting -Dorg.apache.ratis.thirdparty.io.netty.allocator.useCacheForAllThreads=false in command line.
2019-09-24 18:19:07,910 [main] INFO  grpc.GrpcConfigKeys$Server (ConfUtils.java:logGet(43)) - raft.grpc.server.port = 0 (default)
2019-09-24 18:19:07,911 [main] INFO  server.GrpcService (ConfUtils.java:logGet(43)) - raft.grpc.message.size.max = 33570816 (custom)
2019-09-24 18:19:07,911 [main] INFO  server.RaftServerConfigKeys (ConfUtils.java:logGet(43)) - raft.server.log.appender.buffer.byte-limit = 33554432 (custom)
2019-09-24 18:19:07,911 [main] INFO  server.GrpcService (ConfUtils.java:logGet(43)) - raft.grpc.flow.control.window = 1MB (=1048576) (default)
2019-09-24 18:19:07,912 [main] INFO  server.RaftServerConfigKeys (ConfUtils.java:logGet(43)) - raft.server.rpc.request.timeout = 3000ms (default)
2019-09-24 18:19:07,912 [main] INFO  server.RaftServerConfigKeys (ConfUtils.java:logGet(43)) - raft.server.storage.dir = [/workdir/hadoop-ozone/integration-test/target/test-dir/MiniOzoneClusterImpl-9a157790-03e5-4da0-a236-db4a40193cb2/datanode-4/data/ratis] (custom)
2019-09-24 18:19:07,914 [main] INFO  hdfs.DFSUtil (DFSUtil.java:httpServerTemplateForNNAndJN(1641)) - Starting Web-server for hddsDatanode at: http://0.0.0.0:0
2019-09-24 18:19:07,916 [main] INFO  server.AuthenticationFilter (AuthenticationFilter.java:constructSecretProvider(240)) - Unable to initialize FileSignerSecretProvider, falling back to use random secrets.
2019-09-24 18:19:07,917 [main] WARN  http.HttpRequestLog (HttpRequestLog.java:getRequestLog(97)) - Jetty request log can only be enabled using Log4j
2019-09-24 18:19:07,920 [main] INFO  http.HttpServer2 (HttpServer2.java:addGlobalFilter(975)) - Added global filter 'safety' (class=org.apache.hadoop.http.HttpServer2$QuotingInputFilter)
2019-09-24 18:19:07,922 [main] INFO  http.HttpServer2 (HttpServer2.java:addFilter(948)) - Added filter static_user_filter (class=org.apache.hadoop.http.lib.StaticUserWebFilter$StaticUserFilter) to context hddsDatanode
2019-09-24 18:19:07,922 [main] INFO  http.HttpServer2 (HttpServer2.java:addFilter(958)) - Added filter static_user_filter (class=org.apache.hadoop.http.lib.StaticUserWebFilter$StaticUserFilter) to context static
2019-09-24 18:19:07,922 [main] INFO  http.HttpServer2 (HttpServer2.java:addFilter(958)) - Added filter static_user_filter (class=org.apache.hadoop.http.lib.StaticUserWebFilter$StaticUserFilter) to context logs
2019-09-24 18:19:07,924 [main] INFO  http.HttpServer2 (HttpServer2.java:bindListener(1191)) - Jetty bound to port 36198
2019-09-24 18:19:07,924 [main] INFO  server.Server (Server.java:doStart(351)) - jetty-9.3.25.v20180904, build timestamp: 2018-09-04T21:11:46Z, git hash: 3ce520221d0240229c862b122d2b06c12a625732
2019-09-24 18:19:07,927 [main] INFO  handler.ContextHandler (ContextHandler.java:doStart(781)) - Started o.e.j.s.ServletContextHandler@1dc3502b{/logs,file:///workdir/hadoop-ozone/integration-test/target/log,AVAILABLE}
2019-09-24 18:19:07,928 [main] INFO  handler.ContextHandler (ContextHandler.java:doStart(781)) - Started o.e.j.s.ServletContextHandler@67e13bd0{/static,jar:file:/home/user/.m2/repository/org/apache/hadoop/hadoop-hdds-container-service/0.5.0-SNAPSHOT/hadoop-hdds-container-service-0.5.0-SNAPSHOT.jar!/webapps/static,AVAILABLE}
2019-09-24 18:19:07,963 [main] INFO  handler.ContextHandler (ContextHandler.java:doStart(781)) - Started o.e.j.w.WebAppContext@eac3a26{/,file:///tmp/jetty-0.0.0.0-36198-hddsDatanode-_-any-997808137020572686.dir/webapp/,AVAILABLE}{/hddsDatanode}
2019-09-24 18:19:07,964 [main] INFO  server.AbstractConnector (AbstractConnector.java:doStart(278)) - Started ServerConnector@10b1a751{HTTP/1.1,[http/1.1]}{0.0.0.0:36198}
2019-09-24 18:19:07,965 [main] INFO  server.Server (Server.java:doStart(419)) - Started @36475ms
2019-09-24 18:19:07,965 [main] WARN  impl.MetricsSystemImpl (MetricsSystemImpl.java:register(276)) - Sink prometheus already exists!
2019-09-24 18:19:07,966 [main] INFO  server.BaseHttpServer (BaseHttpServer.java:updateConnectorAddress(215)) - HTTP server of HDDSDATANODE is listening at http://0.0.0.0:36198
2019-09-24 18:19:07,966 [main] INFO  impl.MetricsSystemImpl (MetricsSystemImpl.java:init(158)) - HddsDatanode metrics system started (again)
2019-09-24 18:19:07,970 [org.apache.hadoop.util.JvmPauseMonitor$Monitor@32d3a1f9] INFO  util.JvmPauseMonitor (JvmPauseMonitor.java:run(188)) - Starting JVM pause monitor
2019-09-24 18:19:07,970 [main] INFO  ozone.HddsDatanodeService (HddsDatanodeService.java:start(184)) - HddsDatanodeService host:pr-hdds-2171-6l6hb-1841322612 ip:192.168.36.84
2019-09-24 18:19:07,972 [Datanode State Machine Thread - 0] INFO  datanode.InitDatanodeState (InitDatanodeState.java:persistContainerDatanodeDetails(140)) - DatanodeDetails is persisted to /workdir/hadoop-ozone/integration-test/target/test-dir/MiniOzoneClusterImpl-9a157790-03e5-4da0-a236-db4a40193cb2/datanode-4/meta/datanode.id
2019-09-24 18:19:07,976 [main] INFO  volume.HddsVolume (HddsVolume.java:<init>(176)) - Creating Volume: /workdir/hadoop-ozone/integration-test/target/test-dir/MiniOzoneClusterImpl-9a157790-03e5-4da0-a236-db4a40193cb2/datanode-5/data/containers/hdds of  storage type : DISK and capacity : 1482555576320
2019-09-24 18:19:07,977 [main] INFO  volume.VolumeSet (VolumeSet.java:initializeVolumeSet(170)) - Added Volume : /workdir/hadoop-ozone/integration-test/target/test-dir/MiniOzoneClusterImpl-9a157790-03e5-4da0-a236-db4a40193cb2/datanode-5/data/containers/hdds to VolumeSet
2019-09-24 18:19:07,977 [main] INFO  volume.ThrottledAsyncChecker (ThrottledAsyncChecker.java:schedule(139)) - Scheduling a check for org.apache.hadoop.ozone.container.common.volume.HddsVolume@74ea46e2
2019-09-24 18:19:07,978 [main] INFO  volume.HddsVolumeChecker (HddsVolumeChecker.java:checkAllVolumes(202)) - Scheduled health check for volume org.apache.hadoop.ozone.container.common.volume.HddsVolume@74ea46e2
2019-09-24 18:19:07,992 [main] INFO  impl.RaftServerProxy (ConfUtils.java:logGet(43)) - raft.rpc.type = GRPC (default)
2019-09-24 18:19:07,992 [main] INFO  grpc.GrpcFactory (GrpcFactory.java:checkPooledByteBufAllocatorUseCacheForAllThreads(45)) - PERFORMANCE WARNING: useCacheForAllThreads is true that may cause Netty to create a lot garbage objects and, as a result, trigger GC.
	It is recommended to disable useCacheForAllThreads by setting -Dorg.apache.ratis.thirdparty.io.netty.allocator.useCacheForAllThreads=false in command line.
2019-09-24 18:19:07,992 [main] INFO  grpc.GrpcConfigKeys$Server (ConfUtils.java:logGet(43)) - raft.grpc.server.port = 0 (default)
2019-09-24 18:19:07,992 [main] INFO  server.GrpcService (ConfUtils.java:logGet(43)) - raft.grpc.message.size.max = 33570816 (custom)
2019-09-24 18:19:07,993 [main] INFO  server.RaftServerConfigKeys (ConfUtils.java:logGet(43)) - raft.server.log.appender.buffer.byte-limit = 33554432 (custom)
2019-09-24 18:19:07,993 [main] INFO  server.GrpcService (ConfUtils.java:logGet(43)) - raft.grpc.flow.control.window = 1MB (=1048576) (default)
2019-09-24 18:19:07,993 [main] INFO  server.RaftServerConfigKeys (ConfUtils.java:logGet(43)) - raft.server.rpc.request.timeout = 3000ms (default)
2019-09-24 18:19:07,994 [main] INFO  server.RaftServerConfigKeys (ConfUtils.java:logGet(43)) - raft.server.storage.dir = [/workdir/hadoop-ozone/integration-test/target/test-dir/MiniOzoneClusterImpl-9a157790-03e5-4da0-a236-db4a40193cb2/datanode-5/data/ratis] (custom)
2019-09-24 18:19:07,995 [main] INFO  hdfs.DFSUtil (DFSUtil.java:httpServerTemplateForNNAndJN(1641)) - Starting Web-server for hddsDatanode at: http://0.0.0.0:0
2019-09-24 18:19:07,997 [main] INFO  server.AuthenticationFilter (AuthenticationFilter.java:constructSecretProvider(240)) - Unable to initialize FileSignerSecretProvider, falling back to use random secrets.
2019-09-24 18:19:07,998 [main] WARN  http.HttpRequestLog (HttpRequestLog.java:getRequestLog(97)) - Jetty request log can only be enabled using Log4j
2019-09-24 18:19:08,000 [main] INFO  http.HttpServer2 (HttpServer2.java:addGlobalFilter(975)) - Added global filter 'safety' (class=org.apache.hadoop.http.HttpServer2$QuotingInputFilter)
2019-09-24 18:19:08,001 [main] INFO  http.HttpServer2 (HttpServer2.java:addFilter(948)) - Added filter static_user_filter (class=org.apache.hadoop.http.lib.StaticUserWebFilter$StaticUserFilter) to context hddsDatanode
2019-09-24 18:19:08,002 [main] INFO  http.HttpServer2 (HttpServer2.java:addFilter(958)) - Added filter static_user_filter (class=org.apache.hadoop.http.lib.StaticUserWebFilter$StaticUserFilter) to context logs
2019-09-24 18:19:08,002 [main] INFO  http.HttpServer2 (HttpServer2.java:addFilter(958)) - Added filter static_user_filter (class=org.apache.hadoop.http.lib.StaticUserWebFilter$StaticUserFilter) to context static
2019-09-24 18:19:08,003 [main] INFO  http.HttpServer2 (HttpServer2.java:bindListener(1191)) - Jetty bound to port 42045
2019-09-24 18:19:08,004 [main] INFO  server.Server (Server.java:doStart(351)) - jetty-9.3.25.v20180904, build timestamp: 2018-09-04T21:11:46Z, git hash: 3ce520221d0240229c862b122d2b06c12a625732
2019-09-24 18:19:08,006 [main] INFO  handler.ContextHandler (ContextHandler.java:doStart(781)) - Started o.e.j.s.ServletContextHandler@534180a2{/logs,file:///workdir/hadoop-ozone/integration-test/target/log,AVAILABLE}
2019-09-24 18:19:08,007 [main] INFO  handler.ContextHandler (ContextHandler.java:doStart(781)) - Started o.e.j.s.ServletContextHandler@21505815{/static,jar:file:/home/user/.m2/repository/org/apache/hadoop/hadoop-hdds-container-service/0.5.0-SNAPSHOT/hadoop-hdds-container-service-0.5.0-SNAPSHOT.jar!/webapps/static,AVAILABLE}
2019-09-24 18:19:08,050 [main] INFO  handler.ContextHandler (ContextHandler.java:doStart(781)) - Started o.e.j.w.WebAppContext@3a26ec8d{/,file:///tmp/jetty-0.0.0.0-42045-hddsDatanode-_-any-1386135820930751936.dir/webapp/,AVAILABLE}{/hddsDatanode}
2019-09-24 18:19:08,051 [main] INFO  server.AbstractConnector (AbstractConnector.java:doStart(278)) - Started ServerConnector@17143b3b{HTTP/1.1,[http/1.1]}{0.0.0.0:42045}
2019-09-24 18:19:08,052 [main] INFO  server.Server (Server.java:doStart(419)) - Started @36562ms
2019-09-24 18:19:08,052 [main] WARN  impl.MetricsSystemImpl (MetricsSystemImpl.java:register(276)) - Sink prometheus already exists!
2019-09-24 18:19:08,053 [main] INFO  server.BaseHttpServer (BaseHttpServer.java:updateConnectorAddress(215)) - HTTP server of HDDSDATANODE is listening at http://0.0.0.0:42045
2019-09-24 18:19:08,053 [main] INFO  impl.MetricsSystemImpl (MetricsSystemImpl.java:init(158)) - HddsDatanode metrics system started (again)
2019-09-24 18:19:08,058 [org.apache.hadoop.util.JvmPauseMonitor$Monitor@64acc539] INFO  util.JvmPauseMonitor (JvmPauseMonitor.java:run(188)) - Starting JVM pause monitor
2019-09-24 18:19:08,058 [main] INFO  ozone.HddsDatanodeService (HddsDatanodeService.java:start(184)) - HddsDatanodeService host:pr-hdds-2171-6l6hb-1841322612 ip:192.168.36.84
2019-09-24 18:19:08,060 [Datanode State Machine Thread - 0] INFO  datanode.InitDatanodeState (InitDatanodeState.java:persistContainerDatanodeDetails(140)) - DatanodeDetails is persisted to /workdir/hadoop-ozone/integration-test/target/test-dir/MiniOzoneClusterImpl-9a157790-03e5-4da0-a236-db4a40193cb2/datanode-5/meta/datanode.id
2019-09-24 18:19:08,069 [main] INFO  volume.HddsVolume (HddsVolume.java:<init>(176)) - Creating Volume: /workdir/hadoop-ozone/integration-test/target/test-dir/MiniOzoneClusterImpl-9a157790-03e5-4da0-a236-db4a40193cb2/datanode-6/data/containers/hdds of  storage type : DISK and capacity : 1482555576320
2019-09-24 18:19:08,069 [main] INFO  volume.VolumeSet (VolumeSet.java:initializeVolumeSet(170)) - Added Volume : /workdir/hadoop-ozone/integration-test/target/test-dir/MiniOzoneClusterImpl-9a157790-03e5-4da0-a236-db4a40193cb2/datanode-6/data/containers/hdds to VolumeSet
2019-09-24 18:19:08,069 [main] INFO  volume.ThrottledAsyncChecker (ThrottledAsyncChecker.java:schedule(139)) - Scheduling a check for org.apache.hadoop.ozone.container.common.volume.HddsVolume@7ab34619
2019-09-24 18:19:08,070 [main] INFO  volume.HddsVolumeChecker (HddsVolumeChecker.java:checkAllVolumes(202)) - Scheduled health check for volume org.apache.hadoop.ozone.container.common.volume.HddsVolume@7ab34619
2019-09-24 18:19:08,087 [main] INFO  impl.RaftServerProxy (ConfUtils.java:logGet(43)) - raft.rpc.type = GRPC (default)
2019-09-24 18:19:08,088 [main] INFO  grpc.GrpcFactory (GrpcFactory.java:checkPooledByteBufAllocatorUseCacheForAllThreads(45)) - PERFORMANCE WARNING: useCacheForAllThreads is true that may cause Netty to create a lot garbage objects and, as a result, trigger GC.
	It is recommended to disable useCacheForAllThreads by setting -Dorg.apache.ratis.thirdparty.io.netty.allocator.useCacheForAllThreads=false in command line.
2019-09-24 18:19:08,088 [main] INFO  grpc.GrpcConfigKeys$Server (ConfUtils.java:logGet(43)) - raft.grpc.server.port = 0 (default)
2019-09-24 18:19:08,088 [main] INFO  server.GrpcService (ConfUtils.java:logGet(43)) - raft.grpc.message.size.max = 33570816 (custom)
2019-09-24 18:19:08,089 [main] INFO  server.RaftServerConfigKeys (ConfUtils.java:logGet(43)) - raft.server.log.appender.buffer.byte-limit = 33554432 (custom)
2019-09-24 18:19:08,089 [main] INFO  server.GrpcService (ConfUtils.java:logGet(43)) - raft.grpc.flow.control.window = 1MB (=1048576) (default)
2019-09-24 18:19:08,089 [main] INFO  server.RaftServerConfigKeys (ConfUtils.java:logGet(43)) - raft.server.rpc.request.timeout = 3000ms (default)
2019-09-24 18:19:08,090 [main] INFO  server.RaftServerConfigKeys (ConfUtils.java:logGet(43)) - raft.server.storage.dir = [/workdir/hadoop-ozone/integration-test/target/test-dir/MiniOzoneClusterImpl-9a157790-03e5-4da0-a236-db4a40193cb2/datanode-6/data/ratis] (custom)
2019-09-24 18:19:08,091 [main] INFO  hdfs.DFSUtil (DFSUtil.java:httpServerTemplateForNNAndJN(1641)) - Starting Web-server for hddsDatanode at: http://0.0.0.0:0
2019-09-24 18:19:08,093 [main] INFO  server.AuthenticationFilter (AuthenticationFilter.java:constructSecretProvider(240)) - Unable to initialize FileSignerSecretProvider, falling back to use random secrets.
2019-09-24 18:19:08,094 [main] WARN  http.HttpRequestLog (HttpRequestLog.java:getRequestLog(97)) - Jetty request log can only be enabled using Log4j
2019-09-24 18:19:08,096 [main] INFO  http.HttpServer2 (HttpServer2.java:addGlobalFilter(975)) - Added global filter 'safety' (class=org.apache.hadoop.http.HttpServer2$QuotingInputFilter)
2019-09-24 18:19:08,097 [main] INFO  http.HttpServer2 (HttpServer2.java:addFilter(948)) - Added filter static_user_filter (class=org.apache.hadoop.http.lib.StaticUserWebFilter$StaticUserFilter) to context hddsDatanode
2019-09-24 18:19:08,098 [main] INFO  http.HttpServer2 (HttpServer2.java:addFilter(958)) - Added filter static_user_filter (class=org.apache.hadoop.http.lib.StaticUserWebFilter$StaticUserFilter) to context logs
2019-09-24 18:19:08,098 [main] INFO  http.HttpServer2 (HttpServer2.java:addFilter(958)) - Added filter static_user_filter (class=org.apache.hadoop.http.lib.StaticUserWebFilter$StaticUserFilter) to context static
2019-09-24 18:19:08,099 [main] INFO  http.HttpServer2 (HttpServer2.java:bindListener(1191)) - Jetty bound to port 42431
2019-09-24 18:19:08,099 [main] INFO  server.Server (Server.java:doStart(351)) - jetty-9.3.25.v20180904, build timestamp: 2018-09-04T21:11:46Z, git hash: 3ce520221d0240229c862b122d2b06c12a625732
2019-09-24 18:19:08,102 [main] INFO  handler.ContextHandler (ContextHandler.java:doStart(781)) - Started o.e.j.s.ServletContextHandler@34780cd9{/logs,file:///workdir/hadoop-ozone/integration-test/target/log,AVAILABLE}
2019-09-24 18:19:08,102 [main] INFO  handler.ContextHandler (ContextHandler.java:doStart(781)) - Started o.e.j.s.ServletContextHandler@7c8c70d6{/static,jar:file:/home/user/.m2/repository/org/apache/hadoop/hadoop-hdds-container-service/0.5.0-SNAPSHOT/hadoop-hdds-container-service-0.5.0-SNAPSHOT.jar!/webapps/static,AVAILABLE}
2019-09-24 18:19:08,143 [main] INFO  handler.ContextHandler (ContextHandler.java:doStart(781)) - Started o.e.j.w.WebAppContext@625dfff3{/,file:///tmp/jetty-0.0.0.0-42431-hddsDatanode-_-any-8014615179795610322.dir/webapp/,AVAILABLE}{/hddsDatanode}
2019-09-24 18:19:08,143 [main] INFO  server.AbstractConnector (AbstractConnector.java:doStart(278)) - Started ServerConnector@26350ea2{HTTP/1.1,[http/1.1]}{0.0.0.0:42431}
2019-09-24 18:19:08,145 [main] INFO  server.Server (Server.java:doStart(419)) - Started @36654ms
2019-09-24 18:19:08,145 [main] WARN  impl.MetricsSystemImpl (MetricsSystemImpl.java:register(276)) - Sink prometheus already exists!
2019-09-24 18:19:08,146 [main] INFO  server.BaseHttpServer (BaseHttpServer.java:updateConnectorAddress(215)) - HTTP server of HDDSDATANODE is listening at http://0.0.0.0:42431
2019-09-24 18:19:08,146 [main] INFO  impl.MetricsSystemImpl (MetricsSystemImpl.java:init(158)) - HddsDatanode metrics system started (again)
2019-09-24 18:19:08,151 [org.apache.hadoop.util.JvmPauseMonitor$Monitor@7be3bdbb] INFO  util.JvmPauseMonitor (JvmPauseMonitor.java:run(188)) - Starting JVM pause monitor
2019-09-24 18:19:08,152 [main] INFO  ozone.HddsDatanodeService (HddsDatanodeService.java:start(184)) - HddsDatanodeService host:pr-hdds-2171-6l6hb-1841322612 ip:192.168.36.84
2019-09-24 18:19:08,154 [Datanode State Machine Thread - 0] INFO  datanode.InitDatanodeState (InitDatanodeState.java:persistContainerDatanodeDetails(140)) - DatanodeDetails is persisted to /workdir/hadoop-ozone/integration-test/target/test-dir/MiniOzoneClusterImpl-9a157790-03e5-4da0-a236-db4a40193cb2/datanode-6/meta/datanode.id
2019-09-24 18:19:08,161 [main] INFO  volume.HddsVolume (HddsVolume.java:<init>(176)) - Creating Volume: /workdir/hadoop-ozone/integration-test/target/test-dir/MiniOzoneClusterImpl-9a157790-03e5-4da0-a236-db4a40193cb2/datanode-7/data/containers/hdds of  storage type : DISK and capacity : 1482555576320
2019-09-24 18:19:08,162 [main] INFO  volume.VolumeSet (VolumeSet.java:initializeVolumeSet(170)) - Added Volume : /workdir/hadoop-ozone/integration-test/target/test-dir/MiniOzoneClusterImpl-9a157790-03e5-4da0-a236-db4a40193cb2/datanode-7/data/containers/hdds to VolumeSet
2019-09-24 18:19:08,163 [main] INFO  volume.ThrottledAsyncChecker (ThrottledAsyncChecker.java:schedule(139)) - Scheduling a check for org.apache.hadoop.ozone.container.common.volume.HddsVolume@3c74aa0d
2019-09-24 18:19:08,163 [main] INFO  volume.HddsVolumeChecker (HddsVolumeChecker.java:checkAllVolumes(202)) - Scheduled health check for volume org.apache.hadoop.ozone.container.common.volume.HddsVolume@3c74aa0d
2019-09-24 18:19:08,187 [main] INFO  impl.RaftServerProxy (ConfUtils.java:logGet(43)) - raft.rpc.type = GRPC (default)
2019-09-24 18:19:08,188 [main] INFO  grpc.GrpcFactory (GrpcFactory.java:checkPooledByteBufAllocatorUseCacheForAllThreads(45)) - PERFORMANCE WARNING: useCacheForAllThreads is true that may cause Netty to create a lot garbage objects and, as a result, trigger GC.
	It is recommended to disable useCacheForAllThreads by setting -Dorg.apache.ratis.thirdparty.io.netty.allocator.useCacheForAllThreads=false in command line.
2019-09-24 18:19:08,188 [main] INFO  grpc.GrpcConfigKeys$Server (ConfUtils.java:logGet(43)) - raft.grpc.server.port = 0 (default)
2019-09-24 18:19:08,188 [main] INFO  server.GrpcService (ConfUtils.java:logGet(43)) - raft.grpc.message.size.max = 33570816 (custom)
2019-09-24 18:19:08,189 [main] INFO  server.RaftServerConfigKeys (ConfUtils.java:logGet(43)) - raft.server.log.appender.buffer.byte-limit = 33554432 (custom)
2019-09-24 18:19:08,189 [main] INFO  server.GrpcService (ConfUtils.java:logGet(43)) - raft.grpc.flow.control.window = 1MB (=1048576) (default)
2019-09-24 18:19:08,189 [main] INFO  server.RaftServerConfigKeys (ConfUtils.java:logGet(43)) - raft.server.rpc.request.timeout = 3000ms (default)
2019-09-24 18:19:08,190 [main] INFO  server.RaftServerConfigKeys (ConfUtils.java:logGet(43)) - raft.server.storage.dir = [/workdir/hadoop-ozone/integration-test/target/test-dir/MiniOzoneClusterImpl-9a157790-03e5-4da0-a236-db4a40193cb2/datanode-7/data/ratis] (custom)
2019-09-24 18:19:08,192 [main] INFO  hdfs.DFSUtil (DFSUtil.java:httpServerTemplateForNNAndJN(1641)) - Starting Web-server for hddsDatanode at: http://0.0.0.0:0
2019-09-24 18:19:08,194 [main] INFO  server.AuthenticationFilter (AuthenticationFilter.java:constructSecretProvider(240)) - Unable to initialize FileSignerSecretProvider, falling back to use random secrets.
2019-09-24 18:19:08,195 [main] WARN  http.HttpRequestLog (HttpRequestLog.java:getRequestLog(97)) - Jetty request log can only be enabled using Log4j
2019-09-24 18:19:08,197 [main] INFO  http.HttpServer2 (HttpServer2.java:addGlobalFilter(975)) - Added global filter 'safety' (class=org.apache.hadoop.http.HttpServer2$QuotingInputFilter)
2019-09-24 18:19:08,198 [main] INFO  http.HttpServer2 (HttpServer2.java:addFilter(948)) - Added filter static_user_filter (class=org.apache.hadoop.http.lib.StaticUserWebFilter$StaticUserFilter) to context hddsDatanode
2019-09-24 18:19:08,199 [main] INFO  http.HttpServer2 (HttpServer2.java:addFilter(958)) - Added filter static_user_filter (class=org.apache.hadoop.http.lib.StaticUserWebFilter$StaticUserFilter) to context logs
2019-09-24 18:19:08,199 [main] INFO  http.HttpServer2 (HttpServer2.java:addFilter(958)) - Added filter static_user_filter (class=org.apache.hadoop.http.lib.StaticUserWebFilter$StaticUserFilter) to context static
2019-09-24 18:19:08,200 [main] INFO  http.HttpServer2 (HttpServer2.java:bindListener(1191)) - Jetty bound to port 41261
2019-09-24 18:19:08,200 [main] INFO  server.Server (Server.java:doStart(351)) - jetty-9.3.25.v20180904, build timestamp: 2018-09-04T21:11:46Z, git hash: 3ce520221d0240229c862b122d2b06c12a625732
2019-09-24 18:19:08,203 [main] INFO  handler.ContextHandler (ContextHandler.java:doStart(781)) - Started o.e.j.s.ServletContextHandler@2eeb0f9b{/logs,file:///workdir/hadoop-ozone/integration-test/target/log,AVAILABLE}
2019-09-24 18:19:08,204 [main] INFO  handler.ContextHandler (ContextHandler.java:doStart(781)) - Started o.e.j.s.ServletContextHandler@1645f294{/static,jar:file:/home/user/.m2/repository/org/apache/hadoop/hadoop-hdds-container-service/0.5.0-SNAPSHOT/hadoop-hdds-container-service-0.5.0-SNAPSHOT.jar!/webapps/static,AVAILABLE}
2019-09-24 18:19:08,242 [main] INFO  handler.ContextHandler (ContextHandler.java:doStart(781)) - Started o.e.j.w.WebAppContext@3650d4fc{/,file:///tmp/jetty-0.0.0.0-41261-hddsDatanode-_-any-8837514386972630602.dir/webapp/,AVAILABLE}{/hddsDatanode}
2019-09-24 18:19:08,242 [main] INFO  server.AbstractConnector (AbstractConnector.java:doStart(278)) - Started ServerConnector@aaa0f76{HTTP/1.1,[http/1.1]}{0.0.0.0:41261}
2019-09-24 18:19:08,243 [main] INFO  server.Server (Server.java:doStart(419)) - Started @36753ms
2019-09-24 18:19:08,244 [main] WARN  impl.MetricsSystemImpl (MetricsSystemImpl.java:register(276)) - Sink prometheus already exists!
2019-09-24 18:19:08,244 [main] INFO  server.BaseHttpServer (BaseHttpServer.java:updateConnectorAddress(215)) - HTTP server of HDDSDATANODE is listening at http://0.0.0.0:41261
2019-09-24 18:19:08,245 [main] INFO  impl.MetricsSystemImpl (MetricsSystemImpl.java:init(158)) - HddsDatanode metrics system started (again)
2019-09-24 18:19:08,250 [org.apache.hadoop.util.JvmPauseMonitor$Monitor@10fdae7f] INFO  util.JvmPauseMonitor (JvmPauseMonitor.java:run(188)) - Starting JVM pause monitor
2019-09-24 18:19:08,250 [main] INFO  ozone.HddsDatanodeService (HddsDatanodeService.java:start(184)) - HddsDatanodeService host:pr-hdds-2171-6l6hb-1841322612 ip:192.168.36.84
2019-09-24 18:19:08,252 [Datanode State Machine Thread - 0] INFO  datanode.InitDatanodeState (InitDatanodeState.java:persistContainerDatanodeDetails(140)) - DatanodeDetails is persisted to /workdir/hadoop-ozone/integration-test/target/test-dir/MiniOzoneClusterImpl-9a157790-03e5-4da0-a236-db4a40193cb2/datanode-7/meta/datanode.id
2019-09-24 18:19:08,256 [main] INFO  volume.HddsVolume (HddsVolume.java:<init>(176)) - Creating Volume: /workdir/hadoop-ozone/integration-test/target/test-dir/MiniOzoneClusterImpl-9a157790-03e5-4da0-a236-db4a40193cb2/datanode-8/data/containers/hdds of  storage type : DISK and capacity : 1482555576320
2019-09-24 18:19:08,256 [main] INFO  volume.VolumeSet (VolumeSet.java:initializeVolumeSet(170)) - Added Volume : /workdir/hadoop-ozone/integration-test/target/test-dir/MiniOzoneClusterImpl-9a157790-03e5-4da0-a236-db4a40193cb2/datanode-8/data/containers/hdds to VolumeSet
2019-09-24 18:19:08,257 [main] INFO  volume.ThrottledAsyncChecker (ThrottledAsyncChecker.java:schedule(139)) - Scheduling a check for org.apache.hadoop.ozone.container.common.volume.HddsVolume@43d9f1a2
2019-09-24 18:19:08,257 [main] INFO  volume.HddsVolumeChecker (HddsVolumeChecker.java:checkAllVolumes(202)) - Scheduled health check for volume org.apache.hadoop.ozone.container.common.volume.HddsVolume@43d9f1a2
2019-09-24 18:19:08,272 [main] INFO  impl.RaftServerProxy (ConfUtils.java:logGet(43)) - raft.rpc.type = GRPC (default)
2019-09-24 18:19:08,272 [main] INFO  grpc.GrpcFactory (GrpcFactory.java:checkPooledByteBufAllocatorUseCacheForAllThreads(45)) - PERFORMANCE WARNING: useCacheForAllThreads is true that may cause Netty to create a lot garbage objects and, as a result, trigger GC.
	It is recommended to disable useCacheForAllThreads by setting -Dorg.apache.ratis.thirdparty.io.netty.allocator.useCacheForAllThreads=false in command line.
2019-09-24 18:19:08,272 [main] INFO  grpc.GrpcConfigKeys$Server (ConfUtils.java:logGet(43)) - raft.grpc.server.port = 0 (default)
2019-09-24 18:19:08,272 [main] INFO  server.GrpcService (ConfUtils.java:logGet(43)) - raft.grpc.message.size.max = 33570816 (custom)
2019-09-24 18:19:08,272 [main] INFO  server.RaftServerConfigKeys (ConfUtils.java:logGet(43)) - raft.server.log.appender.buffer.byte-limit = 33554432 (custom)
2019-09-24 18:19:08,273 [main] INFO  server.GrpcService (ConfUtils.java:logGet(43)) - raft.grpc.flow.control.window = 1MB (=1048576) (default)
2019-09-24 18:19:08,273 [main] INFO  server.RaftServerConfigKeys (ConfUtils.java:logGet(43)) - raft.server.rpc.request.timeout = 3000ms (default)
2019-09-24 18:19:08,273 [main] INFO  server.RaftServerConfigKeys (ConfUtils.java:logGet(43)) - raft.server.storage.dir = [/workdir/hadoop-ozone/integration-test/target/test-dir/MiniOzoneClusterImpl-9a157790-03e5-4da0-a236-db4a40193cb2/datanode-8/data/ratis] (custom)
2019-09-24 18:19:08,275 [main] INFO  hdfs.DFSUtil (DFSUtil.java:httpServerTemplateForNNAndJN(1641)) - Starting Web-server for hddsDatanode at: http://0.0.0.0:0
2019-09-24 18:19:08,277 [main] INFO  server.AuthenticationFilter (AuthenticationFilter.java:constructSecretProvider(240)) - Unable to initialize FileSignerSecretProvider, falling back to use random secrets.
2019-09-24 18:19:08,278 [main] WARN  http.HttpRequestLog (HttpRequestLog.java:getRequestLog(97)) - Jetty request log can only be enabled using Log4j
2019-09-24 18:19:08,280 [main] INFO  http.HttpServer2 (HttpServer2.java:addGlobalFilter(975)) - Added global filter 'safety' (class=org.apache.hadoop.http.HttpServer2$QuotingInputFilter)
2019-09-24 18:19:08,281 [main] INFO  http.HttpServer2 (HttpServer2.java:addFilter(948)) - Added filter static_user_filter (class=org.apache.hadoop.http.lib.StaticUserWebFilter$StaticUserFilter) to context hddsDatanode
2019-09-24 18:19:08,282 [main] INFO  http.HttpServer2 (HttpServer2.java:addFilter(958)) - Added filter static_user_filter (class=org.apache.hadoop.http.lib.StaticUserWebFilter$StaticUserFilter) to context logs
2019-09-24 18:19:08,282 [main] INFO  http.HttpServer2 (HttpServer2.java:addFilter(958)) - Added filter static_user_filter (class=org.apache.hadoop.http.lib.StaticUserWebFilter$StaticUserFilter) to context static
2019-09-24 18:19:08,283 [main] INFO  http.HttpServer2 (HttpServer2.java:bindListener(1191)) - Jetty bound to port 43658
2019-09-24 18:19:08,284 [main] INFO  server.Server (Server.java:doStart(351)) - jetty-9.3.25.v20180904, build timestamp: 2018-09-04T21:11:46Z, git hash: 3ce520221d0240229c862b122d2b06c12a625732
2019-09-24 18:19:08,286 [main] INFO  handler.ContextHandler (ContextHandler.java:doStart(781)) - Started o.e.j.s.ServletContextHandler@33425811{/logs,file:///workdir/hadoop-ozone/integration-test/target/log,AVAILABLE}
2019-09-24 18:19:08,287 [main] INFO  handler.ContextHandler (ContextHandler.java:doStart(781)) - Started o.e.j.s.ServletContextHandler@e4e1ef5{/static,jar:file:/home/user/.m2/repository/org/apache/hadoop/hadoop-hdds-container-service/0.5.0-SNAPSHOT/hadoop-hdds-container-service-0.5.0-SNAPSHOT.jar!/webapps/static,AVAILABLE}
2019-09-24 18:19:08,330 [main] INFO  handler.ContextHandler (ContextHandler.java:doStart(781)) - Started o.e.j.w.WebAppContext@12704e15{/,file:///tmp/jetty-0.0.0.0-43658-hddsDatanode-_-any-5170645026965237566.dir/webapp/,AVAILABLE}{/hddsDatanode}
2019-09-24 18:19:08,331 [main] INFO  server.AbstractConnector (AbstractConnector.java:doStart(278)) - Started ServerConnector@512575e9{HTTP/1.1,[http/1.1]}{0.0.0.0:43658}
2019-09-24 18:19:08,332 [main] INFO  server.Server (Server.java:doStart(419)) - Started @36842ms
2019-09-24 18:19:08,332 [main] WARN  impl.MetricsSystemImpl (MetricsSystemImpl.java:register(276)) - Sink prometheus already exists!
2019-09-24 18:19:08,333 [main] INFO  server.BaseHttpServer (BaseHttpServer.java:updateConnectorAddress(215)) - HTTP server of HDDSDATANODE is listening at http://0.0.0.0:43658
2019-09-24 18:19:08,334 [main] INFO  impl.MetricsSystemImpl (MetricsSystemImpl.java:init(158)) - HddsDatanode metrics system started (again)
2019-09-24 18:19:08,340 [org.apache.hadoop.util.JvmPauseMonitor$Monitor@4aacd400] INFO  util.JvmPauseMonitor (JvmPauseMonitor.java:run(188)) - Starting JVM pause monitor
2019-09-24 18:19:08,342 [main] INFO  ozone.HddsDatanodeService (HddsDatanodeService.java:start(184)) - HddsDatanodeService host:pr-hdds-2171-6l6hb-1841322612 ip:192.168.36.84
2019-09-24 18:19:08,343 [Datanode State Machine Thread - 0] INFO  datanode.InitDatanodeState (InitDatanodeState.java:persistContainerDatanodeDetails(140)) - DatanodeDetails is persisted to /workdir/hadoop-ozone/integration-test/target/test-dir/MiniOzoneClusterImpl-9a157790-03e5-4da0-a236-db4a40193cb2/datanode-8/meta/datanode.id
2019-09-24 18:19:08,349 [main] INFO  volume.HddsVolume (HddsVolume.java:<init>(176)) - Creating Volume: /workdir/hadoop-ozone/integration-test/target/test-dir/MiniOzoneClusterImpl-9a157790-03e5-4da0-a236-db4a40193cb2/datanode-9/data/containers/hdds of  storage type : DISK and capacity : 1482555576320
2019-09-24 18:19:08,350 [main] INFO  volume.VolumeSet (VolumeSet.java:initializeVolumeSet(170)) - Added Volume : /workdir/hadoop-ozone/integration-test/target/test-dir/MiniOzoneClusterImpl-9a157790-03e5-4da0-a236-db4a40193cb2/datanode-9/data/containers/hdds to VolumeSet
2019-09-24 18:19:08,350 [main] INFO  volume.ThrottledAsyncChecker (ThrottledAsyncChecker.java:schedule(139)) - Scheduling a check for org.apache.hadoop.ozone.container.common.volume.HddsVolume@2dd0f797
2019-09-24 18:19:08,351 [main] INFO  volume.HddsVolumeChecker (HddsVolumeChecker.java:checkAllVolumes(202)) - Scheduled health check for volume org.apache.hadoop.ozone.container.common.volume.HddsVolume@2dd0f797
2019-09-24 18:19:08,374 [main] INFO  impl.RaftServerProxy (ConfUtils.java:logGet(43)) - raft.rpc.type = GRPC (default)
2019-09-24 18:19:08,375 [main] INFO  grpc.GrpcFactory (GrpcFactory.java:checkPooledByteBufAllocatorUseCacheForAllThreads(45)) - PERFORMANCE WARNING: useCacheForAllThreads is true that may cause Netty to create a lot garbage objects and, as a result, trigger GC.
	It is recommended to disable useCacheForAllThreads by setting -Dorg.apache.ratis.thirdparty.io.netty.allocator.useCacheForAllThreads=false in command line.
2019-09-24 18:19:08,375 [main] INFO  grpc.GrpcConfigKeys$Server (ConfUtils.java:logGet(43)) - raft.grpc.server.port = 0 (default)
2019-09-24 18:19:08,375 [main] INFO  server.GrpcService (ConfUtils.java:logGet(43)) - raft.grpc.message.size.max = 33570816 (custom)
2019-09-24 18:19:08,376 [main] INFO  server.RaftServerConfigKeys (ConfUtils.java:logGet(43)) - raft.server.log.appender.buffer.byte-limit = 33554432 (custom)
2019-09-24 18:19:08,376 [main] INFO  server.GrpcService (ConfUtils.java:logGet(43)) - raft.grpc.flow.control.window = 1MB (=1048576) (default)
2019-09-24 18:19:08,376 [main] INFO  server.RaftServerConfigKeys (ConfUtils.java:logGet(43)) - raft.server.rpc.request.timeout = 3000ms (default)
2019-09-24 18:19:08,377 [main] INFO  server.RaftServerConfigKeys (ConfUtils.java:logGet(43)) - raft.server.storage.dir = [/workdir/hadoop-ozone/integration-test/target/test-dir/MiniOzoneClusterImpl-9a157790-03e5-4da0-a236-db4a40193cb2/datanode-9/data/ratis] (custom)
2019-09-24 18:19:08,379 [main] INFO  hdfs.DFSUtil (DFSUtil.java:httpServerTemplateForNNAndJN(1641)) - Starting Web-server for hddsDatanode at: http://0.0.0.0:0
2019-09-24 18:19:08,381 [main] INFO  server.AuthenticationFilter (AuthenticationFilter.java:constructSecretProvider(240)) - Unable to initialize FileSignerSecretProvider, falling back to use random secrets.
2019-09-24 18:19:08,382 [main] WARN  http.HttpRequestLog (HttpRequestLog.java:getRequestLog(97)) - Jetty request log can only be enabled using Log4j
2019-09-24 18:19:08,384 [main] INFO  http.HttpServer2 (HttpServer2.java:addGlobalFilter(975)) - Added global filter 'safety' (class=org.apache.hadoop.http.HttpServer2$QuotingInputFilter)
2019-09-24 18:19:08,385 [main] INFO  http.HttpServer2 (HttpServer2.java:addFilter(948)) - Added filter static_user_filter (class=org.apache.hadoop.http.lib.StaticUserWebFilter$StaticUserFilter) to context hddsDatanode
2019-09-24 18:19:08,385 [main] INFO  http.HttpServer2 (HttpServer2.java:addFilter(958)) - Added filter static_user_filter (class=org.apache.hadoop.http.lib.StaticUserWebFilter$StaticUserFilter) to context logs
2019-09-24 18:19:08,385 [main] INFO  http.HttpServer2 (HttpServer2.java:addFilter(958)) - Added filter static_user_filter (class=org.apache.hadoop.http.lib.StaticUserWebFilter$StaticUserFilter) to context static
2019-09-24 18:19:08,387 [main] INFO  http.HttpServer2 (HttpServer2.java:bindListener(1191)) - Jetty bound to port 43423
2019-09-24 18:19:08,387 [main] INFO  server.Server (Server.java:doStart(351)) - jetty-9.3.25.v20180904, build timestamp: 2018-09-04T21:11:46Z, git hash: 3ce520221d0240229c862b122d2b06c12a625732
2019-09-24 18:19:08,389 [main] INFO  handler.ContextHandler (ContextHandler.java:doStart(781)) - Started o.e.j.s.ServletContextHandler@4364712f{/logs,file:///workdir/hadoop-ozone/integration-test/target/log,AVAILABLE}
2019-09-24 18:19:08,390 [main] INFO  handler.ContextHandler (ContextHandler.java:doStart(781)) - Started o.e.j.s.ServletContextHandler@7f93dd4e{/static,jar:file:/home/user/.m2/repository/org/apache/hadoop/hadoop-hdds-container-service/0.5.0-SNAPSHOT/hadoop-hdds-container-service-0.5.0-SNAPSHOT.jar!/webapps/static,AVAILABLE}
2019-09-24 18:19:08,426 [main] INFO  handler.ContextHandler (ContextHandler.java:doStart(781)) - Started o.e.j.w.WebAppContext@53abfc07{/,file:///tmp/jetty-0.0.0.0-43423-hddsDatanode-_-any-1530621721189977394.dir/webapp/,AVAILABLE}{/hddsDatanode}
2019-09-24 18:19:08,427 [main] INFO  server.AbstractConnector (AbstractConnector.java:doStart(278)) - Started ServerConnector@2c8c16c0{HTTP/1.1,[http/1.1]}{0.0.0.0:43423}
2019-09-24 18:19:08,428 [main] INFO  server.Server (Server.java:doStart(419)) - Started @36938ms
2019-09-24 18:19:08,429 [main] WARN  impl.MetricsSystemImpl (MetricsSystemImpl.java:register(276)) - Sink prometheus already exists!
2019-09-24 18:19:08,430 [main] INFO  server.BaseHttpServer (BaseHttpServer.java:updateConnectorAddress(215)) - HTTP server of HDDSDATANODE is listening at http://0.0.0.0:43423
2019-09-24 18:19:08,436 [main] INFO  ozone.MiniOzoneClusterImpl (MiniOzoneClusterImpl.java:lambda$waitForClusterToBeReady$0(147)) - Waiting for cluster to be ready. Got 0 of 10 DN Heartbeats.
2019-09-24 18:19:08,436 [org.apache.hadoop.util.JvmPauseMonitor$Monitor@37201648] INFO  util.JvmPauseMonitor (JvmPauseMonitor.java:run(188)) - Starting JVM pause monitor
2019-09-24 18:19:08,439 [Datanode State Machine Thread - 0] INFO  datanode.InitDatanodeState (InitDatanodeState.java:persistContainerDatanodeDetails(140)) - DatanodeDetails is persisted to /workdir/hadoop-ozone/integration-test/target/test-dir/MiniOzoneClusterImpl-9a157790-03e5-4da0-a236-db4a40193cb2/datanode-9/meta/datanode.id
2019-09-24 18:19:09,436 [main] INFO  ozone.MiniOzoneClusterImpl (MiniOzoneClusterImpl.java:lambda$waitForClusterToBeReady$0(147)) - Waiting for cluster to be ready. Got 0 of 10 DN Heartbeats.
2019-09-24 18:19:09,706 [Datanode State Machine Thread - 0] INFO  ozoneimpl.OzoneContainer (OzoneContainer.java:start(217)) - Attempting to start container services.
2019-09-24 18:19:09,708 [Datanode State Machine Thread - 0] INFO  ozoneimpl.OzoneContainer (OzoneContainer.java:startContainerScrub(179)) - Background container scanner has been disabled.
2019-09-24 18:19:09,708 [Datanode State Machine Thread - 0] INFO  ratis.XceiverServerRatis (XceiverServerRatis.java:start(411)) - Starting XceiverServerRatis 89d32083-36da-4134-ac31-afc8da3916e1 at port 0
2019-09-24 18:19:09,714 [Datanode State Machine Thread - 0] INFO  ozoneimpl.OzoneContainer (OzoneContainer.java:start(217)) - Attempting to start container services.
2019-09-24 18:19:09,724 [Datanode State Machine Thread - 0] INFO  ozoneimpl.OzoneContainer (OzoneContainer.java:startContainerScrub(179)) - Background container scanner has been disabled.
2019-09-24 18:19:09,725 [Datanode State Machine Thread - 0] INFO  ratis.XceiverServerRatis (XceiverServerRatis.java:start(411)) - Starting XceiverServerRatis fcd533e4-f4ce-4cc8-9f8e-d774d2889a00 at port 0
2019-09-24 18:19:09,746 [Datanode State Machine Thread - 0] INFO  impl.RaftServerProxy (RaftServerProxy.java:lambda$start$3(299)) - 89d32083-36da-4134-ac31-afc8da3916e1: start RPC server
2019-09-24 18:19:09,746 [Datanode State Machine Thread - 0] INFO  impl.RaftServerProxy (RaftServerProxy.java:lambda$start$3(299)) - fcd533e4-f4ce-4cc8-9f8e-d774d2889a00: start RPC server
2019-09-24 18:19:09,800 [Datanode State Machine Thread - 0] INFO  ozoneimpl.OzoneContainer (OzoneContainer.java:start(217)) - Attempting to start container services.
2019-09-24 18:19:09,801 [Datanode State Machine Thread - 0] INFO  ozoneimpl.OzoneContainer (OzoneContainer.java:startContainerScrub(179)) - Background container scanner has been disabled.
2019-09-24 18:19:09,801 [Datanode State Machine Thread - 0] INFO  ratis.XceiverServerRatis (XceiverServerRatis.java:start(411)) - Starting XceiverServerRatis 1ef4a0bb-4a8c-4224-99dc-5dce18d8d28c at port 0
2019-09-24 18:19:09,810 [Datanode State Machine Thread - 0] INFO  impl.RaftServerProxy (RaftServerProxy.java:lambda$start$3(299)) - 1ef4a0bb-4a8c-4224-99dc-5dce18d8d28c: start RPC server
2019-09-24 18:19:09,897 [Datanode State Machine Thread - 0] INFO  server.GrpcService (GrpcService.java:startImpl(158)) - fcd533e4-f4ce-4cc8-9f8e-d774d2889a00: GrpcService started, listening on 0.0.0.0/0.0.0.0:41906
2019-09-24 18:19:09,897 [Datanode State Machine Thread - 0] INFO  server.GrpcService (GrpcService.java:startImpl(158)) - 89d32083-36da-4134-ac31-afc8da3916e1: GrpcService started, listening on 0.0.0.0/0.0.0.0:36997
2019-09-24 18:19:09,898 [Datanode State Machine Thread - 0] INFO  ratis.XceiverServerRatis (XceiverServerRatis.java:start(421)) - XceiverServerRatis fcd533e4-f4ce-4cc8-9f8e-d774d2889a00 is started using port 41906
2019-09-24 18:19:09,897 [Datanode State Machine Thread - 0] INFO  server.GrpcService (GrpcService.java:startImpl(158)) - 1ef4a0bb-4a8c-4224-99dc-5dce18d8d28c: GrpcService started, listening on 0.0.0.0/0.0.0.0:36426
2019-09-24 18:19:09,898 [Datanode State Machine Thread - 0] INFO  ratis.XceiverServerRatis (XceiverServerRatis.java:start(421)) - XceiverServerRatis 89d32083-36da-4134-ac31-afc8da3916e1 is started using port 36997
2019-09-24 18:19:09,899 [Datanode State Machine Thread - 0] INFO  ratis.XceiverServerRatis (XceiverServerRatis.java:start(421)) - XceiverServerRatis 1ef4a0bb-4a8c-4224-99dc-5dce18d8d28c is started using port 36426
2019-09-24 18:19:09,904 [Datanode State Machine Thread - 0] INFO  ozoneimpl.OzoneContainer (OzoneContainer.java:start(217)) - Attempting to start container services.
2019-09-24 18:19:09,905 [Datanode State Machine Thread - 0] INFO  ozoneimpl.OzoneContainer (OzoneContainer.java:startContainerScrub(179)) - Background container scanner has been disabled.
2019-09-24 18:19:09,906 [Datanode State Machine Thread - 0] INFO  ratis.XceiverServerRatis (XceiverServerRatis.java:start(411)) - Starting XceiverServerRatis 2135d647-a495-482b-8bc4-ca4f8b4fdafb at port 0
2019-09-24 18:19:09,906 [Datanode State Machine Thread - 0] INFO  server.XceiverServerGrpc (XceiverServerGrpc.java:start(149)) - XceiverServerGrpc 1ef4a0bb-4a8c-4224-99dc-5dce18d8d28c is started using port 39917
2019-09-24 18:19:09,907 [Datanode State Machine Thread - 0] INFO  server.XceiverServerGrpc (XceiverServerGrpc.java:start(149)) - XceiverServerGrpc 89d32083-36da-4134-ac31-afc8da3916e1 is started using port 39244
2019-09-24 18:19:09,906 [Datanode State Machine Thread - 0] INFO  server.XceiverServerGrpc (XceiverServerGrpc.java:start(149)) - XceiverServerGrpc fcd533e4-f4ce-4cc8-9f8e-d774d2889a00 is started using port 40809
2019-09-24 18:19:09,918 [Datanode State Machine Thread - 0] INFO  impl.RaftServerProxy (RaftServerProxy.java:lambda$start$3(299)) - 2135d647-a495-482b-8bc4-ca4f8b4fdafb: start RPC server
2019-09-24 18:19:09,921 [Datanode State Machine Thread - 0] INFO  server.GrpcService (GrpcService.java:startImpl(158)) - 2135d647-a495-482b-8bc4-ca4f8b4fdafb: GrpcService started, listening on 0.0.0.0/0.0.0.0:46711
2019-09-24 18:19:09,921 [Datanode State Machine Thread - 0] INFO  ratis.XceiverServerRatis (XceiverServerRatis.java:start(421)) - XceiverServerRatis 2135d647-a495-482b-8bc4-ca4f8b4fdafb is started using port 46711
2019-09-24 18:19:09,924 [Datanode State Machine Thread - 0] INFO  server.XceiverServerGrpc (XceiverServerGrpc.java:start(149)) - XceiverServerGrpc 2135d647-a495-482b-8bc4-ca4f8b4fdafb is started using port 38403
2019-09-24 18:19:10,439 [main] INFO  ozone.MiniOzoneClusterImpl (MiniOzoneClusterImpl.java:lambda$waitForClusterToBeReady$0(147)) - Waiting for cluster to be ready. Got 0 of 10 DN Heartbeats.
2019-09-24 18:19:11,442 [main] INFO  ozone.MiniOzoneClusterImpl (MiniOzoneClusterImpl.java:lambda$waitForClusterToBeReady$0(147)) - Waiting for cluster to be ready. Got 0 of 10 DN Heartbeats.
2019-09-24 18:19:11,656 [IPC Server handler 13 on 44530] INFO  net.NetworkTopology (NetworkTopologyImpl.java:add(111)) - Added a new node: /default-rack/89d32083-36da-4134-ac31-afc8da3916e1
2019-09-24 18:19:11,656 [IPC Server handler 13 on 44530] INFO  node.SCMNodeManager (SCMNodeManager.java:register(266)) - Registered Data node : 89d32083-36da-4134-ac31-afc8da3916e1{ip: 192.168.36.84, host: pr-hdds-2171-6l6hb-1841322612, networkLocation: /default-rack, certSerialId: null}
2019-09-24 18:19:11,664 [EventQueue-NodeRegistrationContainerReportForDataNodeSafeModeRule] INFO  safemode.SCMSafeModeManager (DataNodeSafeModeRule.java:process(71)) - SCM in safe mode. 1 DataNodes registered, 1 required.
2019-09-24 18:19:11,667 [EventQueue-NodeRegistrationContainerReportForDataNodeSafeModeRule] INFO  safemode.SCMSafeModeManager (SCMSafeModeManager.java:validateSafeModeExitRules(177)) - ScmSafeModeManager, all rules are successfully validated
2019-09-24 18:19:11,667 [EventQueue-NodeRegistrationContainerReportForDataNodeSafeModeRule] INFO  safemode.SCMSafeModeManager (SCMSafeModeManager.java:exitSafeMode(193)) - SCM exiting safe mode.
2019-09-24 18:19:11,705 [IPC Server handler 12 on 44530] INFO  net.NetworkTopology (NetworkTopologyImpl.java:add(111)) - Added a new node: /default-rack/fcd533e4-f4ce-4cc8-9f8e-d774d2889a00
2019-09-24 18:19:11,707 [IPC Server handler 12 on 44530] INFO  node.SCMNodeManager (SCMNodeManager.java:register(266)) - Registered Data node : fcd533e4-f4ce-4cc8-9f8e-d774d2889a00{ip: 192.168.36.84, host: pr-hdds-2171-6l6hb-1841322612, networkLocation: /default-rack, certSerialId: null}
2019-09-24 18:19:11,785 [IPC Server handler 11 on 44530] INFO  net.NetworkTopology (NetworkTopologyImpl.java:add(111)) - Added a new node: /default-rack/1ef4a0bb-4a8c-4224-99dc-5dce18d8d28c
2019-09-24 18:19:11,785 [IPC Server handler 11 on 44530] INFO  node.SCMNodeManager (SCMNodeManager.java:register(266)) - Registered Data node : 1ef4a0bb-4a8c-4224-99dc-5dce18d8d28c{ip: 192.168.36.84, host: pr-hdds-2171-6l6hb-1841322612, networkLocation: /default-rack, certSerialId: null}
2019-09-24 18:19:11,888 [IPC Server handler 16 on 44530] INFO  net.NetworkTopology (NetworkTopologyImpl.java:add(111)) - Added a new node: /default-rack/2135d647-a495-482b-8bc4-ca4f8b4fdafb
2019-09-24 18:19:11,888 [IPC Server handler 16 on 44530] INFO  node.SCMNodeManager (SCMNodeManager.java:register(266)) - Registered Data node : 2135d647-a495-482b-8bc4-ca4f8b4fdafb{ip: 192.168.36.84, host: pr-hdds-2171-6l6hb-1841322612, networkLocation: /default-rack, certSerialId: null}
2019-09-24 18:19:11,965 [Datanode State Machine Thread - 0] INFO  ozoneimpl.OzoneContainer (OzoneContainer.java:start(217)) - Attempting to start container services.
2019-09-24 18:19:11,965 [Datanode State Machine Thread - 0] INFO  ozoneimpl.OzoneContainer (OzoneContainer.java:start(217)) - Attempting to start container services.
2019-09-24 18:19:11,966 [Datanode State Machine Thread - 0] INFO  ozoneimpl.OzoneContainer (OzoneContainer.java:startContainerScrub(179)) - Background container scanner has been disabled.
2019-09-24 18:19:11,966 [Datanode State Machine Thread - 0] INFO  ozoneimpl.OzoneContainer (OzoneContainer.java:start(217)) - Attempting to start container services.
2019-09-24 18:19:11,966 [Datanode State Machine Thread - 0] INFO  ozoneimpl.OzoneContainer (OzoneContainer.java:start(217)) - Attempting to start container services.
2019-09-24 18:19:11,966 [Datanode State Machine Thread - 0] INFO  ozoneimpl.OzoneContainer (OzoneContainer.java:start(217)) - Attempting to start container services.
2019-09-24 18:19:11,966 [Datanode State Machine Thread - 0] INFO  ozoneimpl.OzoneContainer (OzoneContainer.java:startContainerScrub(179)) - Background container scanner has been disabled.
2019-09-24 18:19:11,966 [Datanode State Machine Thread - 0] INFO  ozoneimpl.OzoneContainer (OzoneContainer.java:start(217)) - Attempting to start container services.
2019-09-24 18:19:11,967 [Datanode State Machine Thread - 0] INFO  ratis.XceiverServerRatis (XceiverServerRatis.java:start(411)) - Starting XceiverServerRatis 2d303984-f472-4577-94e1-2c6ca85c8fda at port 0
2019-09-24 18:19:11,967 [Datanode State Machine Thread - 0] INFO  ozoneimpl.OzoneContainer (OzoneContainer.java:startContainerScrub(179)) - Background container scanner has been disabled.
2019-09-24 18:19:11,968 [Datanode State Machine Thread - 0] INFO  ratis.XceiverServerRatis (XceiverServerRatis.java:start(411)) - Starting XceiverServerRatis 56d3d73d-28bb-4c7c-9d35-99456f3549be at port 0
2019-09-24 18:19:11,967 [Datanode State Machine Thread - 0] INFO  ozoneimpl.OzoneContainer (OzoneContainer.java:startContainerScrub(179)) - Background container scanner has been disabled.
2019-09-24 18:19:11,968 [Datanode State Machine Thread - 0] INFO  ratis.XceiverServerRatis (XceiverServerRatis.java:start(411)) - Starting XceiverServerRatis f47eebec-62b6-41b9-9270-52696a354dd5 at port 0
2019-09-24 18:19:11,967 [Datanode State Machine Thread - 0] INFO  ozoneimpl.OzoneContainer (OzoneContainer.java:startContainerScrub(179)) - Background container scanner has been disabled.
2019-09-24 18:19:11,966 [Datanode State Machine Thread - 0] INFO  ratis.XceiverServerRatis (XceiverServerRatis.java:start(411)) - Starting XceiverServerRatis 38e0012f-5ca7-41ed-bf40-b3f424e6c73c at port 0
2019-09-24 18:19:11,969 [Datanode State Machine Thread - 0] INFO  ratis.XceiverServerRatis (XceiverServerRatis.java:start(411)) - Starting XceiverServerRatis dda110c1-7638-40bb-a73a-6fb012996797 at port 0
2019-09-24 18:19:11,967 [Datanode State Machine Thread - 0] INFO  ozoneimpl.OzoneContainer (OzoneContainer.java:startContainerScrub(179)) - Background container scanner has been disabled.
2019-09-24 18:19:11,969 [Datanode State Machine Thread - 0] INFO  ratis.XceiverServerRatis (XceiverServerRatis.java:start(411)) - Starting XceiverServerRatis 8749a821-0dca-4b9f-b716-5afdda8e2a2e at port 0
2019-09-24 18:19:12,004 [Datanode State Machine Thread - 0] INFO  impl.RaftServerProxy (RaftServerProxy.java:lambda$start$3(299)) - 2d303984-f472-4577-94e1-2c6ca85c8fda: start RPC server
2019-09-24 18:19:12,011 [Datanode State Machine Thread - 0] INFO  server.GrpcService (GrpcService.java:startImpl(158)) - 2d303984-f472-4577-94e1-2c6ca85c8fda: GrpcService started, listening on 0.0.0.0/0.0.0.0:37222
2019-09-24 18:19:12,012 [Datanode State Machine Thread - 0] INFO  ratis.XceiverServerRatis (XceiverServerRatis.java:start(421)) - XceiverServerRatis 2d303984-f472-4577-94e1-2c6ca85c8fda is started using port 37222
2019-09-24 18:19:12,017 [Datanode State Machine Thread - 0] INFO  server.XceiverServerGrpc (XceiverServerGrpc.java:start(149)) - XceiverServerGrpc 2d303984-f472-4577-94e1-2c6ca85c8fda is started using port 46556
2019-09-24 18:19:12,023 [Datanode State Machine Thread - 0] INFO  impl.RaftServerProxy (RaftServerProxy.java:lambda$start$3(299)) - f47eebec-62b6-41b9-9270-52696a354dd5: start RPC server
2019-09-24 18:19:12,029 [Datanode State Machine Thread - 0] INFO  server.GrpcService (GrpcService.java:startImpl(158)) - f47eebec-62b6-41b9-9270-52696a354dd5: GrpcService started, listening on 0.0.0.0/0.0.0.0:41727
2019-09-24 18:19:12,030 [Datanode State Machine Thread - 0] INFO  ratis.XceiverServerRatis (XceiverServerRatis.java:start(421)) - XceiverServerRatis f47eebec-62b6-41b9-9270-52696a354dd5 is started using port 41727
2019-09-24 18:19:12,030 [Datanode State Machine Thread - 0] INFO  impl.RaftServerProxy (RaftServerProxy.java:lambda$start$3(299)) - 8749a821-0dca-4b9f-b716-5afdda8e2a2e: start RPC server
2019-09-24 18:19:12,040 [Datanode State Machine Thread - 0] INFO  impl.RaftServerProxy (RaftServerProxy.java:lambda$start$3(299)) - dda110c1-7638-40bb-a73a-6fb012996797: start RPC server
2019-09-24 18:19:12,043 [Datanode State Machine Thread - 0] INFO  impl.RaftServerProxy (RaftServerProxy.java:lambda$start$3(299)) - 38e0012f-5ca7-41ed-bf40-b3f424e6c73c: start RPC server
2019-09-24 18:19:12,043 [Datanode State Machine Thread - 0] INFO  server.XceiverServerGrpc (XceiverServerGrpc.java:start(149)) - XceiverServerGrpc f47eebec-62b6-41b9-9270-52696a354dd5 is started using port 41079
2019-09-24 18:19:12,043 [Datanode State Machine Thread - 0] INFO  server.GrpcService (GrpcService.java:startImpl(158)) - 8749a821-0dca-4b9f-b716-5afdda8e2a2e: GrpcService started, listening on 0.0.0.0/0.0.0.0:46686
2019-09-24 18:19:12,048 [Datanode State Machine Thread - 0] INFO  server.GrpcService (GrpcService.java:startImpl(158)) - dda110c1-7638-40bb-a73a-6fb012996797: GrpcService started, listening on 0.0.0.0/0.0.0.0:45314
2019-09-24 18:19:12,048 [Datanode State Machine Thread - 0] INFO  ratis.XceiverServerRatis (XceiverServerRatis.java:start(421)) - XceiverServerRatis 8749a821-0dca-4b9f-b716-5afdda8e2a2e is started using port 46686
2019-09-24 18:19:12,051 [Datanode State Machine Thread - 0] INFO  ratis.XceiverServerRatis (XceiverServerRatis.java:start(421)) - XceiverServerRatis dda110c1-7638-40bb-a73a-6fb012996797 is started using port 45314
2019-09-24 18:19:12,057 [Datanode State Machine Thread - 0] INFO  impl.RaftServerProxy (RaftServerProxy.java:lambda$start$3(299)) - 56d3d73d-28bb-4c7c-9d35-99456f3549be: start RPC server
2019-09-24 18:19:12,062 [Datanode State Machine Thread - 0] INFO  server.GrpcService (GrpcService.java:startImpl(158)) - 38e0012f-5ca7-41ed-bf40-b3f424e6c73c: GrpcService started, listening on 0.0.0.0/0.0.0.0:45551
2019-09-24 18:19:12,063 [Datanode State Machine Thread - 0] INFO  server.XceiverServerGrpc (XceiverServerGrpc.java:start(149)) - XceiverServerGrpc 8749a821-0dca-4b9f-b716-5afdda8e2a2e is started using port 42666
2019-09-24 18:19:12,063 [Datanode State Machine Thread - 0] INFO  server.XceiverServerGrpc (XceiverServerGrpc.java:start(149)) - XceiverServerGrpc dda110c1-7638-40bb-a73a-6fb012996797 is started using port 42155
2019-09-24 18:19:12,063 [Datanode State Machine Thread - 0] INFO  ratis.XceiverServerRatis (XceiverServerRatis.java:start(421)) - XceiverServerRatis 38e0012f-5ca7-41ed-bf40-b3f424e6c73c is started using port 45551
2019-09-24 18:19:12,084 [IPC Server handler 17 on 44530] INFO  net.NetworkTopology (NetworkTopologyImpl.java:add(111)) - Added a new node: /default-rack/2d303984-f472-4577-94e1-2c6ca85c8fda
2019-09-24 18:19:12,085 [Datanode State Machine Thread - 0] INFO  server.GrpcService (GrpcService.java:startImpl(158)) - 56d3d73d-28bb-4c7c-9d35-99456f3549be: GrpcService started, listening on 0.0.0.0/0.0.0.0:34646
2019-09-24 18:19:12,085 [IPC Server handler 17 on 44530] INFO  node.SCMNodeManager (SCMNodeManager.java:register(266)) - Registered Data node : 2d303984-f472-4577-94e1-2c6ca85c8fda{ip: 192.168.36.84, host: pr-hdds-2171-6l6hb-1841322612, networkLocation: /default-rack, certSerialId: null}
2019-09-24 18:19:12,085 [Datanode State Machine Thread - 0] INFO  server.XceiverServerGrpc (XceiverServerGrpc.java:start(149)) - XceiverServerGrpc 38e0012f-5ca7-41ed-bf40-b3f424e6c73c is started using port 36409
2019-09-24 18:19:12,085 [Datanode State Machine Thread - 0] INFO  ratis.XceiverServerRatis (XceiverServerRatis.java:start(421)) - XceiverServerRatis 56d3d73d-28bb-4c7c-9d35-99456f3549be is started using port 34646
2019-09-24 18:19:12,122 [Datanode State Machine Thread - 0] INFO  server.XceiverServerGrpc (XceiverServerGrpc.java:start(149)) - XceiverServerGrpc 56d3d73d-28bb-4c7c-9d35-99456f3549be is started using port 34550
2019-09-24 18:19:12,186 [IPC Server handler 15 on 44530] INFO  net.NetworkTopology (NetworkTopologyImpl.java:add(111)) - Added a new node: /default-rack/56d3d73d-28bb-4c7c-9d35-99456f3549be
2019-09-24 18:19:12,187 [IPC Server handler 15 on 44530] INFO  node.SCMNodeManager (SCMNodeManager.java:register(266)) - Registered Data node : 56d3d73d-28bb-4c7c-9d35-99456f3549be{ip: 192.168.36.84, host: pr-hdds-2171-6l6hb-1841322612, networkLocation: /default-rack, certSerialId: null}
2019-09-24 18:19:12,257 [IPC Server handler 14 on 44530] INFO  net.NetworkTopology (NetworkTopologyImpl.java:add(111)) - Added a new node: /default-rack/dda110c1-7638-40bb-a73a-6fb012996797
2019-09-24 18:19:12,257 [IPC Server handler 14 on 44530] INFO  node.SCMNodeManager (SCMNodeManager.java:register(266)) - Registered Data node : dda110c1-7638-40bb-a73a-6fb012996797{ip: 192.168.36.84, host: pr-hdds-2171-6l6hb-1841322612, networkLocation: /default-rack, certSerialId: null}
2019-09-24 18:19:12,347 [IPC Server handler 10 on 44530] INFO  net.NetworkTopology (NetworkTopologyImpl.java:add(111)) - Added a new node: /default-rack/8749a821-0dca-4b9f-b716-5afdda8e2a2e
2019-09-24 18:19:12,347 [IPC Server handler 10 on 44530] INFO  node.SCMNodeManager (SCMNodeManager.java:register(266)) - Registered Data node : 8749a821-0dca-4b9f-b716-5afdda8e2a2e{ip: 192.168.36.84, host: pr-hdds-2171-6l6hb-1841322612, networkLocation: /default-rack, certSerialId: null}
2019-09-24 18:19:12,368 [grpc-default-executor-0] INFO  impl.RaftServerProxy (RaftServerProxy.java:addNew(89)) - 89d32083-36da-4134-ac31-afc8da3916e1: addNew group-8DDD8D75480A:[89d32083-36da-4134-ac31-afc8da3916e1:192.168.36.84:36997] returns group-8DDD8D75480A:java.util.concurrent.CompletableFuture@367977c9[Not completed]
2019-09-24 18:19:12,391 [pool-27-thread-1] INFO  impl.RaftServerImpl (RaftServerImpl.java:<init>(95)) - 89d32083-36da-4134-ac31-afc8da3916e1: new RaftServerImpl for group-8DDD8D75480A:[89d32083-36da-4134-ac31-afc8da3916e1:192.168.36.84:36997] with ContainerStateMachine:uninitialized
2019-09-24 18:19:12,393 [pool-27-thread-1] INFO  server.RaftServerConfigKeys (ConfUtils.java:logGet(43)) - raft.server.rpc.timeout.min = 1s (custom)
2019-09-24 18:19:12,395 [pool-27-thread-1] INFO  server.RaftServerConfigKeys (ConfUtils.java:logGet(43)) - raft.server.rpc.timeout.max = 1200ms (custom)
2019-09-24 18:19:12,396 [pool-27-thread-1] INFO  server.RaftServerConfigKeys (ConfUtils.java:logGet(43)) - raft.server.rpcslowness.timeout = 120s (custom)
2019-09-24 18:19:12,397 [pool-27-thread-1] INFO  server.RaftServerConfigKeys (ConfUtils.java:logGet(43)) - raft.server.sleep.deviation.threshold = 300 (default)
2019-09-24 18:19:12,398 [pool-27-thread-1] INFO  server.RaftServerConfigKeys (ConfUtils.java:logGet(43)) - raft.server.log.appender.install.snapshot.enabled = false (custom)
2019-09-24 18:19:12,408 [pool-27-thread-1] INFO  impl.RaftServerImpl (ServerState.java:<init>(103)) - 89d32083-36da-4134-ac31-afc8da3916e1@group-8DDD8D75480A: ConfigurationManager, init=-1: [89d32083-36da-4134-ac31-afc8da3916e1:192.168.36.84:36997], old=null, confs=<EMPTY_MAP>
2019-09-24 18:19:12,408 [pool-27-thread-1] INFO  server.RaftServerConfigKeys (ConfUtils.java:logGet(43)) - raft.server.storage.dir = [/workdir/hadoop-ozone/integration-test/target/test-dir/MiniOzoneClusterImpl-9a157790-03e5-4da0-a236-db4a40193cb2/datanode-0/data/ratis] (custom)
2019-09-24 18:19:12,418 [pool-27-thread-1] INFO  storage.RaftStorageDirectory (RaftStorageDirectory.java:analyzeStorage(246)) - The storage directory /workdir/hadoop-ozone/integration-test/target/test-dir/MiniOzoneClusterImpl-9a157790-03e5-4da0-a236-db4a40193cb2/datanode-0/data/ratis/09826f51-9a5f-44cb-8b32-8ddd8d75480a does not exist. Creating ...
2019-09-24 18:19:12,437 [pool-27-thread-1] INFO  storage.RaftStorageDirectory (RaftStorageDirectory.java:tryLock(328)) - Lock on /workdir/hadoop-ozone/integration-test/target/test-dir/MiniOzoneClusterImpl-9a157790-03e5-4da0-a236-db4a40193cb2/datanode-0/data/ratis/09826f51-9a5f-44cb-8b32-8ddd8d75480a/in_use.lock acquired by nodename 18388@pr-hdds-2171-6l6hb-1841322612
2019-09-24 18:19:12,447 [main] INFO  ozone.MiniOzoneClusterImpl (MiniOzoneClusterImpl.java:lambda$waitForClusterToBeReady$0(147)) - Waiting for cluster to be ready. Got 8 of 10 DN Heartbeats.
2019-09-24 18:19:12,456 [IPC Server handler 13 on 44530] INFO  net.NetworkTopology (NetworkTopologyImpl.java:add(111)) - Added a new node: /default-rack/f47eebec-62b6-41b9-9270-52696a354dd5
2019-09-24 18:19:12,456 [IPC Server handler 13 on 44530] INFO  node.SCMNodeManager (SCMNodeManager.java:register(266)) - Registered Data node : f47eebec-62b6-41b9-9270-52696a354dd5{ip: 192.168.36.84, host: pr-hdds-2171-6l6hb-1841322612, networkLocation: /default-rack, certSerialId: null}
2019-09-24 18:19:13,460 [main] INFO  ozone.MiniOzoneClusterImpl (MiniOzoneClusterImpl.java:lambda$waitForClusterToBeReady$0(147)) - Waiting for cluster to be ready. Got 9 of 10 DN Heartbeats.
2019-09-24 18:19:13,977 [IPC Server handler 18 on 44530] INFO  net.NetworkTopology (NetworkTopologyImpl.java:add(111)) - Added a new node: /default-rack/38e0012f-5ca7-41ed-bf40-b3f424e6c73c
2019-09-24 18:19:13,977 [IPC Server handler 18 on 44530] INFO  node.SCMNodeManager (SCMNodeManager.java:register(266)) - Registered Data node : 38e0012f-5ca7-41ed-bf40-b3f424e6c73c{ip: 192.168.36.84, host: pr-hdds-2171-6l6hb-1841322612, networkLocation: /default-rack, certSerialId: null}
2019-09-24 18:19:14,461 [main] INFO  ozone.MiniOzoneClusterImpl (MiniOzoneClusterImpl.java:lambda$waitForClusterToBeReady$0(147)) - Cluster is ready. Got 10 of 10 DN Heartbeats.
2019-09-24 18:19:14,891 [RATISCREATEPIPELINE1] ERROR pipeline.RatisPipelineProvider (RatisPipelineProvider.java:lambda$null$5(235)) - Failed invoke Ratis rpc org.apache.hadoop.hdds.scm.pipeline.RatisPipelineProvider$$Lambda$186/2025244198@4f3a32f3 for 89d32083-36da-4134-ac31-afc8da3916e1
org.apache.ratis.protocol.TimeoutIOException: deadline exceeded after 2956879603ns
	at org.apache.ratis.grpc.GrpcUtil.tryUnwrapException(GrpcUtil.java:82)
	at org.apache.ratis.grpc.GrpcUtil.unwrapException(GrpcUtil.java:75)
	at org.apache.ratis.grpc.client.GrpcClientProtocolClient.blockingCall(GrpcClientProtocolClient.java:178)
	at org.apache.ratis.grpc.client.GrpcClientProtocolClient.groupAdd(GrpcClientProtocolClient.java:147)
	at org.apache.ratis.grpc.client.GrpcClientRpc.sendRequest(GrpcClientRpc.java:94)
	at org.apache.ratis.client.impl.RaftClientImpl.sendRequest(RaftClientImpl.java:278)
	at org.apache.ratis.client.impl.RaftClientImpl.groupAdd(RaftClientImpl.java:205)
	at org.apache.hadoop.hdds.scm.pipeline.RatisPipelineProvider.lambda$initializePipeline$4(RatisPipelineProvider.java:196)
	at org.apache.hadoop.hdds.scm.pipeline.RatisPipelineProvider.lambda$null$5(RatisPipelineProvider.java:231)
	at java.util.stream.ForEachOps$ForEachOp$OfRef.accept(ForEachOps.java:184)
	at java.util.ArrayList$ArrayListSpliterator.forEachRemaining(ArrayList.java:1382)
	at java.util.stream.AbstractPipeline.copyInto(AbstractPipeline.java:482)
	at java.util.stream.ForEachOps$ForEachTask.compute(ForEachOps.java:291)
	at java.util.concurrent.CountedCompleter.exec(CountedCompleter.java:731)
	at java.util.concurrent.ForkJoinTask.doExec(ForkJoinTask.java:289)
	at java.util.concurrent.ForkJoinTask.doInvoke(ForkJoinTask.java:401)
	at java.util.concurrent.ForkJoinTask.invoke(ForkJoinTask.java:734)
	at java.util.stream.ForEachOps$ForEachOp.evaluateParallel(ForEachOps.java:160)
	at java.util.stream.ForEachOps$ForEachOp$OfRef.evaluateParallel(ForEachOps.java:174)
	at java.util.stream.AbstractPipeline.evaluate(AbstractPipeline.java:233)
	at java.util.stream.ReferencePipeline.forEach(ReferencePipeline.java:418)
	at java.util.stream.ReferencePipeline$Head.forEach(ReferencePipeline.java:583)
	at org.apache.hadoop.hdds.scm.pipeline.RatisPipelineProvider.lambda$callRatisRpc$6(RatisPipelineProvider.java:225)
	at java.util.concurrent.ForkJoinTask$AdaptedRunnableAction.exec(ForkJoinTask.java:1386)
	at java.util.concurrent.ForkJoinTask.doExec(ForkJoinTask.java:289)
	at java.util.concurrent.ForkJoinPool$WorkQueue.runTask(ForkJoinPool.java:1056)
	at java.util.concurrent.ForkJoinPool.runWorker(ForkJoinPool.java:1692)
	at java.util.concurrent.ForkJoinWorkerThread.run(ForkJoinWorkerThread.java:157)
Caused by: org.apache.ratis.thirdparty.io.grpc.StatusRuntimeException: DEADLINE_EXCEEDED: deadline exceeded after 2956879603ns
	at org.apache.ratis.thirdparty.io.grpc.stub.ClientCalls.toStatusRuntimeException(ClientCalls.java:233)
	at org.apache.ratis.thirdparty.io.grpc.stub.ClientCalls.getUnchecked(ClientCalls.java:214)
	at org.apache.ratis.thirdparty.io.grpc.stub.ClientCalls.blockingUnaryCall(ClientCalls.java:139)
	at org.apache.ratis.proto.grpc.AdminProtocolServiceGrpc$AdminProtocolServiceBlockingStub.groupManagement(AdminProtocolServiceGrpc.java:274)
	at org.apache.ratis.grpc.client.GrpcClientProtocolClient.lambda$groupAdd$3(GrpcClientProtocolClient.java:149)
	at org.apache.ratis.grpc.client.GrpcClientProtocolClient.blockingCall(GrpcClientProtocolClient.java:176)
	... 25 more
2019-09-24 18:19:15,045 [grpc-default-executor-2] INFO  impl.RaftServerProxy (RaftServerProxy.java:addNew(89)) - 56d3d73d-28bb-4c7c-9d35-99456f3549be: addNew group-CCB3303368FC:[1ef4a0bb-4a8c-4224-99dc-5dce18d8d28c:192.168.36.84:36426, 56d3d73d-28bb-4c7c-9d35-99456f3549be:192.168.36.84:34646, 2135d647-a495-482b-8bc4-ca4f8b4fdafb:192.168.36.84:46711] returns group-CCB3303368FC:java.util.concurrent.CompletableFuture@462b3321[Not completed]
2019-09-24 18:19:15,051 [Thread-271] INFO  container.ReplicationManager (ReplicationManager.java:start(162)) - Starting Replication Monitor Thread.
2019-09-24 18:19:15,126 [pool-87-thread-1] INFO  impl.RaftServerImpl (RaftServerImpl.java:<init>(95)) - 56d3d73d-28bb-4c7c-9d35-99456f3549be: new RaftServerImpl for group-CCB3303368FC:[1ef4a0bb-4a8c-4224-99dc-5dce18d8d28c:192.168.36.84:36426, 56d3d73d-28bb-4c7c-9d35-99456f3549be:192.168.36.84:34646, 2135d647-a495-482b-8bc4-ca4f8b4fdafb:192.168.36.84:46711] with ContainerStateMachine:uninitialized
2019-09-24 18:19:15,128 [pool-87-thread-1] INFO  server.RaftServerConfigKeys (ConfUtils.java:logGet(43)) - raft.server.rpc.timeout.min = 1s (custom)
2019-09-24 18:19:15,128 [grpc-default-executor-1] INFO  impl.RaftServerProxy (RaftServerProxy.java:addNew(89)) - 1ef4a0bb-4a8c-4224-99dc-5dce18d8d28c: addNew group-CCB3303368FC:[1ef4a0bb-4a8c-4224-99dc-5dce18d8d28c:192.168.36.84:36426, 56d3d73d-28bb-4c7c-9d35-99456f3549be:192.168.36.84:34646, 2135d647-a495-482b-8bc4-ca4f8b4fdafb:192.168.36.84:46711] returns group-CCB3303368FC:java.util.concurrent.CompletableFuture@5b4dbaac[Not completed]
2019-09-24 18:19:15,128 [pool-87-thread-1] INFO  server.RaftServerConfigKeys (ConfUtils.java:logGet(43)) - raft.server.rpc.timeout.max = 1200ms (custom)
2019-09-24 18:19:15,128 [pool-87-thread-1] INFO  server.RaftServerConfigKeys (ConfUtils.java:logGet(43)) - raft.server.rpcslowness.timeout = 120s (custom)
2019-09-24 18:19:15,128 [ReplicationMonitor] INFO  container.ReplicationManager (ReplicationManager.java:run(225)) - Replication Monitor Thread took 5 milliseconds for processing 0 containers.
2019-09-24 18:19:15,130 [pool-87-thread-1] INFO  server.RaftServerConfigKeys (ConfUtils.java:logGet(43)) - raft.server.sleep.deviation.threshold = 300 (default)
2019-09-24 18:19:15,130 [pool-87-thread-1] INFO  server.RaftServerConfigKeys (ConfUtils.java:logGet(43)) - raft.server.log.appender.install.snapshot.enabled = false (custom)
2019-09-24 18:19:15,130 [pool-87-thread-1] INFO  impl.RaftServerImpl (ServerState.java:<init>(103)) - 56d3d73d-28bb-4c7c-9d35-99456f3549be@group-CCB3303368FC: ConfigurationManager, init=-1: [1ef4a0bb-4a8c-4224-99dc-5dce18d8d28c:192.168.36.84:36426, 56d3d73d-28bb-4c7c-9d35-99456f3549be:192.168.36.84:34646, 2135d647-a495-482b-8bc4-ca4f8b4fdafb:192.168.36.84:46711], old=null, confs=<EMPTY_MAP>
2019-09-24 18:19:15,134 [pool-87-thread-1] INFO  server.RaftServerConfigKeys (ConfUtils.java:logGet(43)) - raft.server.storage.dir = [/workdir/hadoop-ozone/integration-test/target/test-dir/MiniOzoneClusterImpl-9a157790-03e5-4da0-a236-db4a40193cb2/datanode-6/data/ratis] (custom)
2019-09-24 18:19:15,168 [pool-87-thread-1] INFO  storage.RaftStorageDirectory (RaftStorageDirectory.java:analyzeStorage(246)) - The storage directory /workdir/hadoop-ozone/integration-test/target/test-dir/MiniOzoneClusterImpl-9a157790-03e5-4da0-a236-db4a40193cb2/datanode-6/data/ratis/3e01879f-7927-4068-ac92-ccb3303368fc does not exist. Creating ...
2019-09-24 18:19:15,171 [grpc-default-executor-1] INFO  impl.RaftServerProxy (RaftServerProxy.java:addNew(89)) - 2135d647-a495-482b-8bc4-ca4f8b4fdafb: addNew group-CCB3303368FC:[1ef4a0bb-4a8c-4224-99dc-5dce18d8d28c:192.168.36.84:36426, 56d3d73d-28bb-4c7c-9d35-99456f3549be:192.168.36.84:34646, 2135d647-a495-482b-8bc4-ca4f8b4fdafb:192.168.36.84:46711] returns group-CCB3303368FC:java.util.concurrent.CompletableFuture@6adc4349[Not completed]
2019-09-24 18:19:15,176 [pool-47-thread-1] INFO  impl.RaftServerImpl (RaftServerImpl.java:<init>(95)) - 1ef4a0bb-4a8c-4224-99dc-5dce18d8d28c: new RaftServerImpl for group-CCB3303368FC:[1ef4a0bb-4a8c-4224-99dc-5dce18d8d28c:192.168.36.84:36426, 56d3d73d-28bb-4c7c-9d35-99456f3549be:192.168.36.84:34646, 2135d647-a495-482b-8bc4-ca4f8b4fdafb:192.168.36.84:46711] with ContainerStateMachine:uninitialized
2019-09-24 18:19:15,176 [pool-47-thread-1] INFO  server.RaftServerConfigKeys (ConfUtils.java:logGet(43)) - raft.server.rpc.timeout.min = 1s (custom)
2019-09-24 18:19:15,176 [pool-47-thread-1] INFO  server.RaftServerConfigKeys (ConfUtils.java:logGet(43)) - raft.server.rpc.timeout.max = 1200ms (custom)
2019-09-24 18:19:15,176 [pool-47-thread-1] INFO  server.RaftServerConfigKeys (ConfUtils.java:logGet(43)) - raft.server.rpcslowness.timeout = 120s (custom)
2019-09-24 18:19:15,177 [pool-47-thread-1] INFO  server.RaftServerConfigKeys (ConfUtils.java:logGet(43)) - raft.server.sleep.deviation.threshold = 300 (default)
2019-09-24 18:19:15,177 [pool-47-thread-1] INFO  server.RaftServerConfigKeys (ConfUtils.java:logGet(43)) - raft.server.log.appender.install.snapshot.enabled = false (custom)
2019-09-24 18:19:15,257 [pool-47-thread-1] INFO  impl.RaftServerImpl (ServerState.java:<init>(103)) - 1ef4a0bb-4a8c-4224-99dc-5dce18d8d28c@group-CCB3303368FC: ConfigurationManager, init=-1: [1ef4a0bb-4a8c-4224-99dc-5dce18d8d28c:192.168.36.84:36426, 56d3d73d-28bb-4c7c-9d35-99456f3549be:192.168.36.84:34646, 2135d647-a495-482b-8bc4-ca4f8b4fdafb:192.168.36.84:46711], old=null, confs=<EMPTY_MAP>
2019-09-24 18:19:15,262 [pool-47-thread-1] INFO  server.RaftServerConfigKeys (ConfUtils.java:logGet(43)) - raft.server.storage.dir = [/workdir/hadoop-ozone/integration-test/target/test-dir/MiniOzoneClusterImpl-9a157790-03e5-4da0-a236-db4a40193cb2/datanode-2/data/ratis] (custom)
2019-09-24 18:19:15,262 [pool-57-thread-1] INFO  impl.RaftServerImpl (RaftServerImpl.java:<init>(95)) - 2135d647-a495-482b-8bc4-ca4f8b4fdafb: new RaftServerImpl for group-CCB3303368FC:[1ef4a0bb-4a8c-4224-99dc-5dce18d8d28c:192.168.36.84:36426, 56d3d73d-28bb-4c7c-9d35-99456f3549be:192.168.36.84:34646, 2135d647-a495-482b-8bc4-ca4f8b4fdafb:192.168.36.84:46711] with ContainerStateMachine:uninitialized
2019-09-24 18:19:15,267 [pool-57-thread-1] INFO  server.RaftServerConfigKeys (ConfUtils.java:logGet(43)) - raft.server.rpc.timeout.min = 1s (custom)
2019-09-24 18:19:15,267 [pool-57-thread-1] INFO  server.RaftServerConfigKeys (ConfUtils.java:logGet(43)) - raft.server.rpc.timeout.max = 1200ms (custom)
2019-09-24 18:19:15,267 [pool-47-thread-1] INFO  storage.RaftStorageDirectory (RaftStorageDirectory.java:analyzeStorage(246)) - The storage directory /workdir/hadoop-ozone/integration-test/target/test-dir/MiniOzoneClusterImpl-9a157790-03e5-4da0-a236-db4a40193cb2/datanode-2/data/ratis/3e01879f-7927-4068-ac92-ccb3303368fc does not exist. Creating ...
2019-09-24 18:19:15,268 [pool-57-thread-1] INFO  server.RaftServerConfigKeys (ConfUtils.java:logGet(43)) - raft.server.rpcslowness.timeout = 120s (custom)
2019-09-24 18:19:15,268 [pool-57-thread-1] INFO  server.RaftServerConfigKeys (ConfUtils.java:logGet(43)) - raft.server.sleep.deviation.threshold = 300 (default)
2019-09-24 18:19:15,268 [pool-57-thread-1] INFO  server.RaftServerConfigKeys (ConfUtils.java:logGet(43)) - raft.server.log.appender.install.snapshot.enabled = false (custom)
2019-09-24 18:19:15,268 [pool-57-thread-1] INFO  impl.RaftServerImpl (ServerState.java:<init>(103)) - 2135d647-a495-482b-8bc4-ca4f8b4fdafb@group-CCB3303368FC: ConfigurationManager, init=-1: [1ef4a0bb-4a8c-4224-99dc-5dce18d8d28c:192.168.36.84:36426, 56d3d73d-28bb-4c7c-9d35-99456f3549be:192.168.36.84:34646, 2135d647-a495-482b-8bc4-ca4f8b4fdafb:192.168.36.84:46711], old=null, confs=<EMPTY_MAP>
2019-09-24 18:19:15,271 [pool-57-thread-1] INFO  server.RaftServerConfigKeys (ConfUtils.java:logGet(43)) - raft.server.storage.dir = [/workdir/hadoop-ozone/integration-test/target/test-dir/MiniOzoneClusterImpl-9a157790-03e5-4da0-a236-db4a40193cb2/datanode-3/data/ratis] (custom)
2019-09-24 18:19:15,271 [pool-57-thread-1] INFO  storage.RaftStorageDirectory (RaftStorageDirectory.java:analyzeStorage(246)) - The storage directory /workdir/hadoop-ozone/integration-test/target/test-dir/MiniOzoneClusterImpl-9a157790-03e5-4da0-a236-db4a40193cb2/datanode-3/data/ratis/3e01879f-7927-4068-ac92-ccb3303368fc does not exist. Creating ...
2019-09-24 18:19:15,466 [main] INFO  rpc.RpcClient (RpcClient.java:createVolume(276)) - Creating Volume: datanodefailurehandlingtest, with jenkins1000 as owner.
2019-09-24 18:19:15,586 [IPC Server handler 0 on 41387] INFO  volume.OMVolumeCreateRequest (OMVolumeCreateRequest.java:validateAndUpdateCache(189)) - created volume:datanodefailurehandlingtest for user:jenkins1000
2019-09-24 18:19:15,633 [main] INFO  rpc.RpcClient (RpcClient.java:createBucket(415)) - Creating Bucket: datanodefailurehandlingtest/datanodefailurehandlingtest, with Versioning false and Storage Type set to DISK and Encryption set to false 
2019-09-24 18:19:17,075 [pool-87-thread-1] INFO  storage.RaftStorageDirectory (RaftStorageDirectory.java:tryLock(328)) - Lock on /workdir/hadoop-ozone/integration-test/target/test-dir/MiniOzoneClusterImpl-9a157790-03e5-4da0-a236-db4a40193cb2/datanode-6/data/ratis/3e01879f-7927-4068-ac92-ccb3303368fc/in_use.lock acquired by nodename 18388@pr-hdds-2171-6l6hb-1841322612
2019-09-24 18:19:17,077 [pool-27-thread-1] INFO  storage.RaftStorage (RaftStorage.java:format(72)) - Storage directory /workdir/hadoop-ozone/integration-test/target/test-dir/MiniOzoneClusterImpl-9a157790-03e5-4da0-a236-db4a40193cb2/datanode-0/data/ratis/09826f51-9a5f-44cb-8b32-8ddd8d75480a has been successfully formatted.
2019-09-24 18:19:17,077 [pool-57-thread-1] INFO  storage.RaftStorageDirectory (RaftStorageDirectory.java:tryLock(328)) - Lock on /workdir/hadoop-ozone/integration-test/target/test-dir/MiniOzoneClusterImpl-9a157790-03e5-4da0-a236-db4a40193cb2/datanode-3/data/ratis/3e01879f-7927-4068-ac92-ccb3303368fc/in_use.lock acquired by nodename 18388@pr-hdds-2171-6l6hb-1841322612
2019-09-24 18:19:17,077 [pool-47-thread-1] INFO  storage.RaftStorageDirectory (RaftStorageDirectory.java:tryLock(328)) - Lock on /workdir/hadoop-ozone/integration-test/target/test-dir/MiniOzoneClusterImpl-9a157790-03e5-4da0-a236-db4a40193cb2/datanode-2/data/ratis/3e01879f-7927-4068-ac92-ccb3303368fc/in_use.lock acquired by nodename 18388@pr-hdds-2171-6l6hb-1841322612
2019-09-24 18:19:17,080 [pool-87-thread-1] INFO  storage.RaftStorage (RaftStorage.java:format(72)) - Storage directory /workdir/hadoop-ozone/integration-test/target/test-dir/MiniOzoneClusterImpl-9a157790-03e5-4da0-a236-db4a40193cb2/datanode-6/data/ratis/3e01879f-7927-4068-ac92-ccb3303368fc has been successfully formatted.
2019-09-24 18:19:17,085 [pool-27-thread-1] INFO  ratis.ContainerStateMachine (ContainerStateMachine.java:loadSnapshot(230)) - group-8DDD8D75480A: The snapshot info is null. Setting the last applied indexto:(t:0, i:~)
2019-09-24 18:19:17,085 [pool-87-thread-1] INFO  ratis.ContainerStateMachine (ContainerStateMachine.java:loadSnapshot(230)) - group-CCB3303368FC: The snapshot info is null. Setting the last applied indexto:(t:0, i:~)
2019-09-24 18:19:17,087 [pool-27-thread-1] INFO  server.RaftServerConfigKeys (ConfUtils.java:logGet(43)) - raft.server.notification.no-leader.timeout = 120s (custom)
2019-09-24 18:19:17,088 [pool-87-thread-1] INFO  server.RaftServerConfigKeys (ConfUtils.java:logGet(43)) - raft.server.notification.no-leader.timeout = 120s (custom)
2019-09-24 18:19:17,091 [pool-27-thread-1] INFO  server.RaftServerConfigKeys (ConfUtils.java:logGet(43)) - raft.server.log.use.memory = false (default)
2019-09-24 18:19:17,091 [pool-87-thread-1] INFO  server.RaftServerConfigKeys (ConfUtils.java:logGet(43)) - raft.server.log.use.memory = false (default)
2019-09-24 18:19:17,098 [pool-27-thread-1] INFO  server.RaftServerConfigKeys (ConfUtils.java:logGet(43)) - raft.server.log.purge.gap = 1000000 (custom)
2019-09-24 18:19:17,098 [pool-87-thread-1] INFO  server.RaftServerConfigKeys (ConfUtils.java:logGet(43)) - raft.server.log.purge.gap = 1000000 (custom)
2019-09-24 18:19:17,098 [pool-27-thread-1] INFO  server.RaftServerConfigKeys (ConfUtils.java:logGet(43)) - raft.server.log.appender.buffer.byte-limit = 33554432 (custom)
2019-09-24 18:19:17,098 [pool-87-thread-1] INFO  server.RaftServerConfigKeys (ConfUtils.java:logGet(43)) - raft.server.log.appender.buffer.byte-limit = 33554432 (custom)
2019-09-24 18:19:17,101 [pool-27-thread-1] INFO  server.RaftServerConfigKeys (ConfUtils.java:logGet(43)) - raft.server.log.segment.size.max = 1048576 (custom)
2019-09-24 18:19:17,101 [pool-87-thread-1] INFO  server.RaftServerConfigKeys (ConfUtils.java:logGet(43)) - raft.server.log.segment.size.max = 1048576 (custom)
2019-09-24 18:19:17,107 [pool-27-thread-1] INFO  server.RaftServerConfigKeys (ConfUtils.java:logGet(43)) - raft.server.log.segment.cache.num.max = 2 (custom)
2019-09-24 18:19:17,107 [pool-87-thread-1] INFO  server.RaftServerConfigKeys (ConfUtils.java:logGet(43)) - raft.server.log.segment.cache.num.max = 2 (custom)
2019-09-24 18:19:17,113 [pool-27-thread-1] INFO  segmented.SegmentedRaftLogWorker (SegmentedRaftLogWorker.java:<init>(172)) - new 89d32083-36da-4134-ac31-afc8da3916e1@group-8DDD8D75480A-SegmentedRaftLogWorker for RaftStorage:Storage Directory /workdir/hadoop-ozone/integration-test/target/test-dir/MiniOzoneClusterImpl-9a157790-03e5-4da0-a236-db4a40193cb2/datanode-0/data/ratis/09826f51-9a5f-44cb-8b32-8ddd8d75480a
2019-09-24 18:19:17,113 [pool-87-thread-1] INFO  segmented.SegmentedRaftLogWorker (SegmentedRaftLogWorker.java:<init>(172)) - new 56d3d73d-28bb-4c7c-9d35-99456f3549be@group-CCB3303368FC-SegmentedRaftLogWorker for RaftStorage:Storage Directory /workdir/hadoop-ozone/integration-test/target/test-dir/MiniOzoneClusterImpl-9a157790-03e5-4da0-a236-db4a40193cb2/datanode-6/data/ratis/3e01879f-7927-4068-ac92-ccb3303368fc
2019-09-24 18:19:17,127 [pool-27-thread-1] INFO  impl.MetricsSystemImpl (MetricsSystemImpl.java:init(158)) - ratis metrics system started (again)
2019-09-24 18:19:17,134 [pool-27-thread-1] INFO  metrics.MetricRegistries (MetricRegistriesLoader.java:load(64)) - Loaded MetricRegistries class org.apache.ratis.metrics.impl.MetricRegistriesImpl
2019-09-24 18:19:17,211 [pool-87-thread-1] INFO  server.RaftServerConfigKeys (ConfUtils.java:logGet(43)) - raft.server.log.queue.byte-limit = 2147483647 (custom)
2019-09-24 18:19:17,211 [pool-87-thread-1] INFO  server.RaftServerConfigKeys (ConfUtils.java:logGet(43)) - raft.server.log.queue.element-limit = 1024 (custom)
2019-09-24 18:19:17,213 [pool-27-thread-1] INFO  server.RaftServerConfigKeys (ConfUtils.java:logGet(43)) - raft.server.log.queue.byte-limit = 2147483647 (custom)
2019-09-24 18:19:17,213 [pool-27-thread-1] INFO  server.RaftServerConfigKeys (ConfUtils.java:logGet(43)) - raft.server.log.queue.element-limit = 1024 (custom)
2019-09-24 18:19:17,215 [pool-87-thread-1] INFO  server.RaftServerConfigKeys (ConfUtils.java:logGet(43)) - raft.server.log.segment.size.max = 1048576 (custom)
2019-09-24 18:19:17,215 [pool-27-thread-1] INFO  server.RaftServerConfigKeys (ConfUtils.java:logGet(43)) - raft.server.log.segment.size.max = 1048576 (custom)
2019-09-24 18:19:17,215 [pool-87-thread-1] INFO  server.RaftServerConfigKeys (ConfUtils.java:logGet(43)) - raft.server.log.preallocated.size = 16384 (custom)
2019-09-24 18:19:17,215 [pool-27-thread-1] INFO  server.RaftServerConfigKeys (ConfUtils.java:logGet(43)) - raft.server.log.preallocated.size = 16384 (custom)
2019-09-24 18:19:17,216 [pool-87-thread-1] INFO  server.RaftServerConfigKeys (ConfUtils.java:logGet(43)) - raft.server.log.write.buffer.size = 33554432 (custom)
2019-09-24 18:19:17,216 [pool-27-thread-1] INFO  server.RaftServerConfigKeys (ConfUtils.java:logGet(43)) - raft.server.log.write.buffer.size = 33554432 (custom)
2019-09-24 18:19:17,216 [pool-87-thread-1] INFO  server.RaftServerConfigKeys (ConfUtils.java:logGet(43)) - raft.server.log.force.sync.num = 128 (default)
2019-09-24 18:19:17,216 [pool-27-thread-1] INFO  server.RaftServerConfigKeys (ConfUtils.java:logGet(43)) - raft.server.log.force.sync.num = 128 (default)
2019-09-24 18:19:17,217 [pool-87-thread-1] INFO  server.RaftServerConfigKeys (ConfUtils.java:logGet(43)) - raft.server.log.statemachine.data.sync = true (default)
2019-09-24 18:19:17,217 [pool-27-thread-1] INFO  server.RaftServerConfigKeys (ConfUtils.java:logGet(43)) - raft.server.log.statemachine.data.sync = true (default)
2019-09-24 18:19:17,217 [pool-87-thread-1] INFO  server.RaftServerConfigKeys (ConfUtils.java:logGet(43)) - raft.server.log.statemachine.data.sync.timeout = 10s (default)
2019-09-24 18:19:17,217 [pool-27-thread-1] INFO  server.RaftServerConfigKeys (ConfUtils.java:logGet(43)) - raft.server.log.statemachine.data.sync.timeout = 10s (default)
2019-09-24 18:19:17,218 [pool-87-thread-1] INFO  server.RaftServerConfigKeys (ConfUtils.java:logGet(43)) - raft.server.log.statemachine.data.sync.timeout.retry = -1 (default)
2019-09-24 18:19:17,218 [pool-27-thread-1] INFO  server.RaftServerConfigKeys (ConfUtils.java:logGet(43)) - raft.server.log.statemachine.data.sync.timeout.retry = -1 (default)
2019-09-24 18:19:17,227 [pool-87-thread-1] INFO  server.RaftServerConfigKeys (ConfUtils.java:logGet(43)) - raft.server.log.statemachine.data.caching.enabled = true (custom)
2019-09-24 18:19:17,227 [pool-27-thread-1] INFO  server.RaftServerConfigKeys (ConfUtils.java:logGet(43)) - raft.server.log.statemachine.data.caching.enabled = true (custom)
2019-09-24 18:19:17,238 [pool-87-thread-1] INFO  segmented.SegmentedRaftLogWorker (SegmentedRaftLogWorker.java:lambda$new$0(132)) - 56d3d73d-28bb-4c7c-9d35-99456f3549be@group-CCB3303368FC-SegmentedRaftLogWorker: flushIndex: setUnconditionally 0 -> -1
2019-09-24 18:19:17,238 [pool-27-thread-1] INFO  segmented.SegmentedRaftLogWorker (SegmentedRaftLogWorker.java:lambda$new$0(132)) - 89d32083-36da-4134-ac31-afc8da3916e1@group-8DDD8D75480A-SegmentedRaftLogWorker: flushIndex: setUnconditionally 0 -> -1
2019-09-24 18:19:17,248 [pool-87-thread-1] INFO  server.RaftServerConfigKeys (ConfUtils.java:logGet(43)) - raft.server.snapshot.auto.trigger.enabled = true (custom)
2019-09-24 18:19:17,249 [pool-27-thread-1] INFO  server.RaftServerConfigKeys (ConfUtils.java:logGet(43)) - raft.server.snapshot.auto.trigger.enabled = true (custom)
2019-09-24 18:19:17,249 [pool-87-thread-1] INFO  server.RaftServerConfigKeys (ConfUtils.java:logGet(43)) - raft.server.snapshot.auto.trigger.threshold = 10000 (custom)
2019-09-24 18:19:17,249 [pool-27-thread-1] INFO  server.RaftServerConfigKeys (ConfUtils.java:logGet(43)) - raft.server.snapshot.auto.trigger.threshold = 10000 (custom)
2019-09-24 18:19:17,250 [pool-87-thread-1] INFO  server.RaftServerConfigKeys (ConfUtils.java:logGet(43)) - raft.server.snapshot.retention.num.files = 5 (custom)
2019-09-24 18:19:17,250 [pool-27-thread-1] INFO  server.RaftServerConfigKeys (ConfUtils.java:logGet(43)) - raft.server.snapshot.retention.num.files = 5 (custom)
2019-09-24 18:19:17,250 [pool-87-thread-1] INFO  server.RaftServerConfigKeys (ConfUtils.java:logGet(43)) - raft.server.retrycache.expirytime = 600000ms (custom)
2019-09-24 18:19:17,250 [pool-27-thread-1] INFO  server.RaftServerConfigKeys (ConfUtils.java:logGet(43)) - raft.server.retrycache.expirytime = 600000ms (custom)
2019-09-24 18:19:17,276 [pool-87-thread-1] INFO  impl.RaftServerImpl (RaftServerImpl.java:start(185)) - 56d3d73d-28bb-4c7c-9d35-99456f3549be@group-CCB3303368FC: start as a follower, conf=-1: [1ef4a0bb-4a8c-4224-99dc-5dce18d8d28c:192.168.36.84:36426, 56d3d73d-28bb-4c7c-9d35-99456f3549be:192.168.36.84:34646, 2135d647-a495-482b-8bc4-ca4f8b4fdafb:192.168.36.84:46711], old=null
2019-09-24 18:19:17,277 [pool-87-thread-1] INFO  impl.RaftServerImpl (RaftServerImpl.java:setRole(174)) - 56d3d73d-28bb-4c7c-9d35-99456f3549be@group-CCB3303368FC: changes role from      null to FOLLOWER at term 0 for startAsFollower
2019-09-24 18:19:17,278 [pool-27-thread-1] INFO  impl.RaftServerImpl (RaftServerImpl.java:start(185)) - 89d32083-36da-4134-ac31-afc8da3916e1@group-8DDD8D75480A: start as a follower, conf=-1: [89d32083-36da-4134-ac31-afc8da3916e1:192.168.36.84:36997], old=null
2019-09-24 18:19:17,278 [pool-27-thread-1] INFO  impl.RaftServerImpl (RaftServerImpl.java:setRole(174)) - 89d32083-36da-4134-ac31-afc8da3916e1@group-8DDD8D75480A: changes role from      null to FOLLOWER at term 0 for startAsFollower
2019-09-24 18:19:17,278 [pool-87-thread-1] INFO  impl.RoleInfo (RoleInfo.java:updateAndGet(143)) - 56d3d73d-28bb-4c7c-9d35-99456f3549be: start FollowerState
2019-09-24 18:19:17,279 [pool-27-thread-1] INFO  impl.RoleInfo (RoleInfo.java:updateAndGet(143)) - 89d32083-36da-4134-ac31-afc8da3916e1: start FollowerState
2019-09-24 18:19:17,299 [pool-87-thread-1] INFO  util.JmxRegister (JmxRegister.java:tryRegister(44)) - Successfully registered JMX Bean with object name Ratis:service=RaftServer,group=group-CCB3303368FC,id=56d3d73d-28bb-4c7c-9d35-99456f3549be
2019-09-24 18:19:17,299 [pool-27-thread-1] INFO  util.JmxRegister (JmxRegister.java:tryRegister(44)) - Successfully registered JMX Bean with object name Ratis:service=RaftServer,group=group-8DDD8D75480A,id=89d32083-36da-4134-ac31-afc8da3916e1
2019-09-24 18:19:17,954 [RATISCREATEPIPELINE2] ERROR pipeline.RatisPipelineProvider (RatisPipelineProvider.java:lambda$null$5(235)) - Failed invoke Ratis rpc org.apache.hadoop.hdds.scm.pipeline.RatisPipelineProvider$$Lambda$186/2025244198@4f449a3f for 1ef4a0bb-4a8c-4224-99dc-5dce18d8d28c
org.apache.ratis.protocol.TimeoutIOException: deadline exceeded after 2978397054ns
	at org.apache.ratis.grpc.GrpcUtil.tryUnwrapException(GrpcUtil.java:82)
	at org.apache.ratis.grpc.GrpcUtil.unwrapException(GrpcUtil.java:75)
	at org.apache.ratis.grpc.client.GrpcClientProtocolClient.blockingCall(GrpcClientProtocolClient.java:178)
	at org.apache.ratis.grpc.client.GrpcClientProtocolClient.groupAdd(GrpcClientProtocolClient.java:147)
	at org.apache.ratis.grpc.client.GrpcClientRpc.sendRequest(GrpcClientRpc.java:94)
	at org.apache.ratis.client.impl.RaftClientImpl.sendRequest(RaftClientImpl.java:278)
	at org.apache.ratis.client.impl.RaftClientImpl.groupAdd(RaftClientImpl.java:205)
	at org.apache.hadoop.hdds.scm.pipeline.RatisPipelineProvider.lambda$initializePipeline$4(RatisPipelineProvider.java:196)
	at org.apache.hadoop.hdds.scm.pipeline.RatisPipelineProvider.lambda$null$5(RatisPipelineProvider.java:231)
	at java.util.stream.ForEachOps$ForEachOp$OfRef.accept(ForEachOps.java:184)
	at java.util.ArrayList$ArrayListSpliterator.forEachRemaining(ArrayList.java:1382)
	at java.util.stream.AbstractPipeline.copyInto(AbstractPipeline.java:482)
	at java.util.stream.ForEachOps$ForEachTask.compute(ForEachOps.java:291)
	at java.util.concurrent.CountedCompleter.exec(CountedCompleter.java:731)
	at java.util.concurrent.ForkJoinTask.doExec(ForkJoinTask.java:289)
	at java.util.concurrent.ForkJoinPool$WorkQueue.runTask(ForkJoinPool.java:1056)
	at java.util.concurrent.ForkJoinPool.runWorker(ForkJoinPool.java:1692)
	at java.util.concurrent.ForkJoinWorkerThread.run(ForkJoinWorkerThread.java:157)
Caused by: org.apache.ratis.thirdparty.io.grpc.StatusRuntimeException: DEADLINE_EXCEEDED: deadline exceeded after 2978397054ns
	at org.apache.ratis.thirdparty.io.grpc.stub.ClientCalls.toStatusRuntimeException(ClientCalls.java:233)
	at org.apache.ratis.thirdparty.io.grpc.stub.ClientCalls.getUnchecked(ClientCalls.java:214)
	at org.apache.ratis.thirdparty.io.grpc.stub.ClientCalls.blockingUnaryCall(ClientCalls.java:139)
	at org.apache.ratis.proto.grpc.AdminProtocolServiceGrpc$AdminProtocolServiceBlockingStub.groupManagement(AdminProtocolServiceGrpc.java:274)
	at org.apache.ratis.grpc.client.GrpcClientProtocolClient.lambda$groupAdd$3(GrpcClientProtocolClient.java:149)
	at org.apache.ratis.grpc.client.GrpcClientProtocolClient.blockingCall(GrpcClientProtocolClient.java:176)
	... 15 more
2019-09-24 18:19:17,954 [RATISCREATEPIPELINE3] ERROR pipeline.RatisPipelineProvider (RatisPipelineProvider.java:lambda$null$5(235)) - Failed invoke Ratis rpc org.apache.hadoop.hdds.scm.pipeline.RatisPipelineProvider$$Lambda$186/2025244198@4f449a3f for 2135d647-a495-482b-8bc4-ca4f8b4fdafb
org.apache.ratis.protocol.TimeoutIOException: deadline exceeded after 2974551805ns
	at org.apache.ratis.grpc.GrpcUtil.tryUnwrapException(GrpcUtil.java:82)
	at org.apache.ratis.grpc.GrpcUtil.unwrapException(GrpcUtil.java:75)
	at org.apache.ratis.grpc.client.GrpcClientProtocolClient.blockingCall(GrpcClientProtocolClient.java:178)
	at org.apache.ratis.grpc.client.GrpcClientProtocolClient.groupAdd(GrpcClientProtocolClient.java:147)
	at org.apache.ratis.grpc.client.GrpcClientRpc.sendRequest(GrpcClientRpc.java:94)
	at org.apache.ratis.client.impl.RaftClientImpl.sendRequest(RaftClientImpl.java:278)
	at org.apache.ratis.client.impl.RaftClientImpl.groupAdd(RaftClientImpl.java:205)
	at org.apache.hadoop.hdds.scm.pipeline.RatisPipelineProvider.lambda$initializePipeline$4(RatisPipelineProvider.java:196)
	at org.apache.hadoop.hdds.scm.pipeline.RatisPipelineProvider.lambda$null$5(RatisPipelineProvider.java:231)
	at java.util.stream.ForEachOps$ForEachOp$OfRef.accept(ForEachOps.java:184)
	at java.util.ArrayList$ArrayListSpliterator.forEachRemaining(ArrayList.java:1382)
	at java.util.stream.AbstractPipeline.copyInto(AbstractPipeline.java:482)
	at java.util.stream.ForEachOps$ForEachTask.compute(ForEachOps.java:291)
	at java.util.concurrent.CountedCompleter.exec(CountedCompleter.java:731)
	at java.util.concurrent.ForkJoinTask.doExec(ForkJoinTask.java:289)
	at java.util.concurrent.ForkJoinPool$WorkQueue.runTask(ForkJoinPool.java:1056)
	at java.util.concurrent.ForkJoinPool.runWorker(ForkJoinPool.java:1692)
	at java.util.concurrent.ForkJoinWorkerThread.run(ForkJoinWorkerThread.java:157)
Caused by: org.apache.ratis.thirdparty.io.grpc.StatusRuntimeException: DEADLINE_EXCEEDED: deadline exceeded after 2974551805ns
	at org.apache.ratis.thirdparty.io.grpc.stub.ClientCalls.toStatusRuntimeException(ClientCalls.java:233)
	at org.apache.ratis.thirdparty.io.grpc.stub.ClientCalls.getUnchecked(ClientCalls.java:214)
	at org.apache.ratis.thirdparty.io.grpc.stub.ClientCalls.blockingUnaryCall(ClientCalls.java:139)
	at org.apache.ratis.proto.grpc.AdminProtocolServiceGrpc$AdminProtocolServiceBlockingStub.groupManagement(AdminProtocolServiceGrpc.java:274)
	at org.apache.ratis.grpc.client.GrpcClientProtocolClient.lambda$groupAdd$3(GrpcClientProtocolClient.java:149)
	at org.apache.ratis.grpc.client.GrpcClientProtocolClient.blockingCall(GrpcClientProtocolClient.java:176)
	... 15 more
2019-09-24 18:19:18,007 [grpc-default-executor-2] INFO  impl.RaftServerProxy (RaftServerProxy.java:addNew(89)) - 1ef4a0bb-4a8c-4224-99dc-5dce18d8d28c: addNew group-AD756A492EDB:[1ef4a0bb-4a8c-4224-99dc-5dce18d8d28c:192.168.36.84:36426] returns group-AD756A492EDB:java.util.concurrent.CompletableFuture@77273138[Not completed]
2019-09-24 18:19:18,379 [Thread-291] INFO  impl.FollowerState (FollowerState.java:run(106)) - 56d3d73d-28bb-4c7c-9d35-99456f3549be:group-CCB3303368FC changes to CANDIDATE, lastRpcTime:1100, electionTimeout:1097ms
2019-09-24 18:19:18,382 [Thread-291] INFO  impl.RoleInfo (RoleInfo.java:shutdownFollowerState(121)) - 56d3d73d-28bb-4c7c-9d35-99456f3549be: shutdown FollowerState
2019-09-24 18:19:18,382 [Thread-291] INFO  impl.RaftServerImpl (RaftServerImpl.java:setRole(174)) - 56d3d73d-28bb-4c7c-9d35-99456f3549be@group-CCB3303368FC: changes role from  FOLLOWER to CANDIDATE at term 0 for changeToCandidate
2019-09-24 18:19:18,386 [Thread-291] INFO  impl.RoleInfo (RoleInfo.java:updateAndGet(143)) - 56d3d73d-28bb-4c7c-9d35-99456f3549be: start LeaderElection
2019-09-24 18:19:18,408 [Thread-292] INFO  impl.FollowerState (FollowerState.java:run(106)) - 89d32083-36da-4134-ac31-afc8da3916e1:group-8DDD8D75480A changes to CANDIDATE, lastRpcTime:1129, electionTimeout:1126ms
2019-09-24 18:19:18,411 [Thread-292] INFO  impl.RoleInfo (RoleInfo.java:shutdownFollowerState(121)) - 89d32083-36da-4134-ac31-afc8da3916e1: shutdown FollowerState
2019-09-24 18:19:18,411 [Thread-292] INFO  impl.RaftServerImpl (RaftServerImpl.java:setRole(174)) - 89d32083-36da-4134-ac31-afc8da3916e1@group-8DDD8D75480A: changes role from  FOLLOWER to CANDIDATE at term 0 for changeToCandidate
2019-09-24 18:19:18,412 [Thread-292] INFO  impl.RoleInfo (RoleInfo.java:updateAndGet(143)) - 89d32083-36da-4134-ac31-afc8da3916e1: start LeaderElection
2019-09-24 18:19:20,983 [RATISCREATEPIPELINE1] ERROR pipeline.RatisPipelineProvider (RatisPipelineProvider.java:lambda$null$5(235)) - Failed invoke Ratis rpc org.apache.hadoop.hdds.scm.pipeline.RatisPipelineProvider$$Lambda$186/2025244198@217505f6 for 1ef4a0bb-4a8c-4224-99dc-5dce18d8d28c
org.apache.ratis.protocol.TimeoutIOException: deadline exceeded after 2996974652ns
	at org.apache.ratis.grpc.GrpcUtil.tryUnwrapException(GrpcUtil.java:82)
	at org.apache.ratis.grpc.GrpcUtil.unwrapException(GrpcUtil.java:75)
	at org.apache.ratis.grpc.client.GrpcClientProtocolClient.blockingCall(GrpcClientProtocolClient.java:178)
	at org.apache.ratis.grpc.client.GrpcClientProtocolClient.groupAdd(GrpcClientProtocolClient.java:147)
	at org.apache.ratis.grpc.client.GrpcClientRpc.sendRequest(GrpcClientRpc.java:94)
	at org.apache.ratis.client.impl.RaftClientImpl.sendRequest(RaftClientImpl.java:278)
	at org.apache.ratis.client.impl.RaftClientImpl.groupAdd(RaftClientImpl.java:205)
	at org.apache.hadoop.hdds.scm.pipeline.RatisPipelineProvider.lambda$initializePipeline$4(RatisPipelineProvider.java:196)
	at org.apache.hadoop.hdds.scm.pipeline.RatisPipelineProvider.lambda$null$5(RatisPipelineProvider.java:231)
	at java.util.stream.ForEachOps$ForEachOp$OfRef.accept(ForEachOps.java:184)
	at java.util.ArrayList$ArrayListSpliterator.forEachRemaining(ArrayList.java:1382)
	at java.util.stream.AbstractPipeline.copyInto(AbstractPipeline.java:482)
	at java.util.stream.ForEachOps$ForEachTask.compute(ForEachOps.java:291)
	at java.util.concurrent.CountedCompleter.exec(CountedCompleter.java:731)
	at java.util.concurrent.ForkJoinTask.doExec(ForkJoinTask.java:289)
	at java.util.concurrent.ForkJoinTask.doInvoke(ForkJoinTask.java:401)
	at java.util.concurrent.ForkJoinTask.invoke(ForkJoinTask.java:734)
	at java.util.stream.ForEachOps$ForEachOp.evaluateParallel(ForEachOps.java:160)
	at java.util.stream.ForEachOps$ForEachOp$OfRef.evaluateParallel(ForEachOps.java:174)
	at java.util.stream.AbstractPipeline.evaluate(AbstractPipeline.java:233)
	at java.util.stream.ReferencePipeline.forEach(ReferencePipeline.java:418)
	at java.util.stream.ReferencePipeline$Head.forEach(ReferencePipeline.java:583)
	at org.apache.hadoop.hdds.scm.pipeline.RatisPipelineProvider.lambda$callRatisRpc$6(RatisPipelineProvider.java:225)
	at java.util.concurrent.ForkJoinTask$AdaptedRunnableAction.exec(ForkJoinTask.java:1386)
	at java.util.concurrent.ForkJoinTask.doExec(ForkJoinTask.java:289)
	at java.util.concurrent.ForkJoinPool$WorkQueue.runTask(ForkJoinPool.java:1056)
	at java.util.concurrent.ForkJoinPool.runWorker(ForkJoinPool.java:1692)
	at java.util.concurrent.ForkJoinWorkerThread.run(ForkJoinWorkerThread.java:157)
Caused by: org.apache.ratis.thirdparty.io.grpc.StatusRuntimeException: DEADLINE_EXCEEDED: deadline exceeded after 2996974652ns
	at org.apache.ratis.thirdparty.io.grpc.stub.ClientCalls.toStatusRuntimeException(ClientCalls.java:233)
	at org.apache.ratis.thirdparty.io.grpc.stub.ClientCalls.getUnchecked(ClientCalls.java:214)
	at org.apache.ratis.thirdparty.io.grpc.stub.ClientCalls.blockingUnaryCall(ClientCalls.java:139)
	at org.apache.ratis.proto.grpc.AdminProtocolServiceGrpc$AdminProtocolServiceBlockingStub.groupManagement(AdminProtocolServiceGrpc.java:274)
	at org.apache.ratis.grpc.client.GrpcClientProtocolClient.lambda$groupAdd$3(GrpcClientProtocolClient.java:149)
	at org.apache.ratis.grpc.client.GrpcClientProtocolClient.blockingCall(GrpcClientProtocolClient.java:176)
	... 25 more
2019-09-24 18:19:21,033 [grpc-default-executor-0] INFO  impl.RaftServerProxy (RaftServerProxy.java:addNew(89)) - 2135d647-a495-482b-8bc4-ca4f8b4fdafb: addNew group-14BF59FD49FA:[1ef4a0bb-4a8c-4224-99dc-5dce18d8d28c:192.168.36.84:36426, 56d3d73d-28bb-4c7c-9d35-99456f3549be:192.168.36.84:34646, 2135d647-a495-482b-8bc4-ca4f8b4fdafb:192.168.36.84:46711] returns group-14BF59FD49FA:java.util.concurrent.CompletableFuture@3d813c34[Not completed]
2019-09-24 18:19:21,034 [grpc-default-executor-2] INFO  impl.RaftServerProxy (RaftServerProxy.java:addNew(89)) - 56d3d73d-28bb-4c7c-9d35-99456f3549be: addNew group-14BF59FD49FA:[1ef4a0bb-4a8c-4224-99dc-5dce18d8d28c:192.168.36.84:36426, 56d3d73d-28bb-4c7c-9d35-99456f3549be:192.168.36.84:34646, 2135d647-a495-482b-8bc4-ca4f8b4fdafb:192.168.36.84:46711] returns group-14BF59FD49FA:java.util.concurrent.CompletableFuture@2604cc6e[Not completed]
2019-09-24 18:19:21,033 [grpc-default-executor-1] INFO  impl.RaftServerProxy (RaftServerProxy.java:addNew(89)) - 1ef4a0bb-4a8c-4224-99dc-5dce18d8d28c: addNew group-14BF59FD49FA:[1ef4a0bb-4a8c-4224-99dc-5dce18d8d28c:192.168.36.84:36426, 56d3d73d-28bb-4c7c-9d35-99456f3549be:192.168.36.84:34646, 2135d647-a495-482b-8bc4-ca4f8b4fdafb:192.168.36.84:46711] returns group-14BF59FD49FA:java.util.concurrent.CompletableFuture@3b6245e3[Not completed]
2019-09-24 18:19:21,035 [pool-87-thread-1] INFO  impl.RaftServerImpl (RaftServerImpl.java:<init>(95)) - 56d3d73d-28bb-4c7c-9d35-99456f3549be: new RaftServerImpl for group-14BF59FD49FA:[1ef4a0bb-4a8c-4224-99dc-5dce18d8d28c:192.168.36.84:36426, 56d3d73d-28bb-4c7c-9d35-99456f3549be:192.168.36.84:34646, 2135d647-a495-482b-8bc4-ca4f8b4fdafb:192.168.36.84:46711] with ContainerStateMachine:uninitialized
2019-09-24 18:19:21,036 [pool-87-thread-1] INFO  server.RaftServerConfigKeys (ConfUtils.java:logGet(43)) - raft.server.rpc.timeout.min = 1s (custom)
2019-09-24 18:19:21,036 [pool-87-thread-1] INFO  server.RaftServerConfigKeys (ConfUtils.java:logGet(43)) - raft.server.rpc.timeout.max = 1200ms (custom)
2019-09-24 18:19:21,036 [pool-87-thread-1] INFO  server.RaftServerConfigKeys (ConfUtils.java:logGet(43)) - raft.server.rpcslowness.timeout = 120s (custom)
2019-09-24 18:19:21,036 [pool-87-thread-1] INFO  server.RaftServerConfigKeys (ConfUtils.java:logGet(43)) - raft.server.sleep.deviation.threshold = 300 (default)
2019-09-24 18:19:21,036 [pool-87-thread-1] INFO  server.RaftServerConfigKeys (ConfUtils.java:logGet(43)) - raft.server.log.appender.install.snapshot.enabled = false (custom)
2019-09-24 18:19:21,036 [pool-87-thread-1] INFO  impl.RaftServerImpl (ServerState.java:<init>(103)) - 56d3d73d-28bb-4c7c-9d35-99456f3549be@group-14BF59FD49FA: ConfigurationManager, init=-1: [1ef4a0bb-4a8c-4224-99dc-5dce18d8d28c:192.168.36.84:36426, 56d3d73d-28bb-4c7c-9d35-99456f3549be:192.168.36.84:34646, 2135d647-a495-482b-8bc4-ca4f8b4fdafb:192.168.36.84:46711], old=null, confs=<EMPTY_MAP>
2019-09-24 18:19:21,037 [pool-87-thread-1] INFO  server.RaftServerConfigKeys (ConfUtils.java:logGet(43)) - raft.server.storage.dir = [/workdir/hadoop-ozone/integration-test/target/test-dir/MiniOzoneClusterImpl-9a157790-03e5-4da0-a236-db4a40193cb2/datanode-6/data/ratis] (custom)
2019-09-24 18:19:22,246 [pool-47-thread-1] INFO  storage.RaftStorage (RaftStorage.java:format(72)) - Storage directory /workdir/hadoop-ozone/integration-test/target/test-dir/MiniOzoneClusterImpl-9a157790-03e5-4da0-a236-db4a40193cb2/datanode-2/data/ratis/3e01879f-7927-4068-ac92-ccb3303368fc has been successfully formatted.
2019-09-24 18:19:22,246 [pool-47-thread-1] INFO  ratis.ContainerStateMachine (ContainerStateMachine.java:loadSnapshot(230)) - group-CCB3303368FC: The snapshot info is null. Setting the last applied indexto:(t:0, i:~)
2019-09-24 18:19:22,247 [pool-47-thread-1] INFO  server.RaftServerConfigKeys (ConfUtils.java:logGet(43)) - raft.server.notification.no-leader.timeout = 120s (custom)
2019-09-24 18:19:22,247 [pool-47-thread-1] INFO  server.RaftServerConfigKeys (ConfUtils.java:logGet(43)) - raft.server.log.use.memory = false (default)
2019-09-24 18:19:22,247 [pool-47-thread-1] INFO  server.RaftServerConfigKeys (ConfUtils.java:logGet(43)) - raft.server.log.purge.gap = 1000000 (custom)
2019-09-24 18:19:22,247 [pool-87-thread-1] INFO  storage.RaftStorageDirectory (RaftStorageDirectory.java:analyzeStorage(246)) - The storage directory /workdir/hadoop-ozone/integration-test/target/test-dir/MiniOzoneClusterImpl-9a157790-03e5-4da0-a236-db4a40193cb2/datanode-6/data/ratis/460930b6-52cf-4956-a531-14bf59fd49fa does not exist. Creating ...
2019-09-24 18:19:22,247 [pool-47-thread-1] INFO  server.RaftServerConfigKeys (ConfUtils.java:logGet(43)) - raft.server.log.appender.buffer.byte-limit = 33554432 (custom)
2019-09-24 18:19:22,248 [pool-47-thread-1] INFO  server.RaftServerConfigKeys (ConfUtils.java:logGet(43)) - raft.server.log.segment.size.max = 1048576 (custom)
2019-09-24 18:19:22,248 [pool-47-thread-1] INFO  server.RaftServerConfigKeys (ConfUtils.java:logGet(43)) - raft.server.log.segment.cache.num.max = 2 (custom)
2019-09-24 18:19:22,248 [pool-47-thread-1] INFO  segmented.SegmentedRaftLogWorker (SegmentedRaftLogWorker.java:<init>(172)) - new 1ef4a0bb-4a8c-4224-99dc-5dce18d8d28c@group-CCB3303368FC-SegmentedRaftLogWorker for RaftStorage:Storage Directory /workdir/hadoop-ozone/integration-test/target/test-dir/MiniOzoneClusterImpl-9a157790-03e5-4da0-a236-db4a40193cb2/datanode-2/data/ratis/3e01879f-7927-4068-ac92-ccb3303368fc
2019-09-24 18:19:22,255 [pool-47-thread-1] INFO  server.RaftServerConfigKeys (ConfUtils.java:logGet(43)) - raft.server.log.queue.byte-limit = 2147483647 (custom)
2019-09-24 18:19:22,255 [pool-47-thread-1] INFO  server.RaftServerConfigKeys (ConfUtils.java:logGet(43)) - raft.server.log.queue.element-limit = 1024 (custom)
2019-09-24 18:19:22,256 [pool-47-thread-1] INFO  server.RaftServerConfigKeys (ConfUtils.java:logGet(43)) - raft.server.log.segment.size.max = 1048576 (custom)
2019-09-24 18:19:22,256 [pool-47-thread-1] INFO  server.RaftServerConfigKeys (ConfUtils.java:logGet(43)) - raft.server.log.preallocated.size = 16384 (custom)
2019-09-24 18:19:22,256 [pool-47-thread-1] INFO  server.RaftServerConfigKeys (ConfUtils.java:logGet(43)) - raft.server.log.write.buffer.size = 33554432 (custom)
2019-09-24 18:19:22,256 [pool-47-thread-1] INFO  server.RaftServerConfigKeys (ConfUtils.java:logGet(43)) - raft.server.log.force.sync.num = 128 (default)
2019-09-24 18:19:22,256 [pool-47-thread-1] INFO  server.RaftServerConfigKeys (ConfUtils.java:logGet(43)) - raft.server.log.statemachine.data.sync = true (default)
2019-09-24 18:19:22,257 [pool-47-thread-1] INFO  server.RaftServerConfigKeys (ConfUtils.java:logGet(43)) - raft.server.log.statemachine.data.sync.timeout = 10s (default)
2019-09-24 18:19:22,257 [pool-47-thread-1] INFO  server.RaftServerConfigKeys (ConfUtils.java:logGet(43)) - raft.server.log.statemachine.data.sync.timeout.retry = -1 (default)
2019-09-24 18:19:22,257 [pool-57-thread-1] INFO  storage.RaftStorage (RaftStorage.java:format(72)) - Storage directory /workdir/hadoop-ozone/integration-test/target/test-dir/MiniOzoneClusterImpl-9a157790-03e5-4da0-a236-db4a40193cb2/datanode-3/data/ratis/3e01879f-7927-4068-ac92-ccb3303368fc has been successfully formatted.
2019-09-24 18:19:22,257 [56d3d73d-28bb-4c7c-9d35-99456f3549be@group-CCB3303368FC:LeaderElection1] INFO  impl.LeaderElection (LeaderElection.java:askForVotes(182)) - 56d3d73d-28bb-4c7c-9d35-99456f3549be@group-CCB3303368FC:LeaderElection1: begin an election at term 1 for -1: [1ef4a0bb-4a8c-4224-99dc-5dce18d8d28c:192.168.36.84:36426, 56d3d73d-28bb-4c7c-9d35-99456f3549be:192.168.36.84:34646, 2135d647-a495-482b-8bc4-ca4f8b4fdafb:192.168.36.84:46711], old=null
2019-09-24 18:19:22,257 [pool-47-thread-1] INFO  server.RaftServerConfigKeys (ConfUtils.java:logGet(43)) - raft.server.log.statemachine.data.caching.enabled = true (custom)
2019-09-24 18:19:22,258 [pool-57-thread-1] INFO  ratis.ContainerStateMachine (ContainerStateMachine.java:loadSnapshot(230)) - group-CCB3303368FC: The snapshot info is null. Setting the last applied indexto:(t:0, i:~)
2019-09-24 18:19:22,258 [pool-47-thread-1] INFO  segmented.SegmentedRaftLogWorker (SegmentedRaftLogWorker.java:lambda$new$0(132)) - 1ef4a0bb-4a8c-4224-99dc-5dce18d8d28c@group-CCB3303368FC-SegmentedRaftLogWorker: flushIndex: setUnconditionally 0 -> -1
2019-09-24 18:19:22,263 [pool-57-thread-1] INFO  server.RaftServerConfigKeys (ConfUtils.java:logGet(43)) - raft.server.notification.no-leader.timeout = 120s (custom)
2019-09-24 18:19:22,258 [89d32083-36da-4134-ac31-afc8da3916e1@group-8DDD8D75480A:LeaderElection2] INFO  impl.LeaderElection (LeaderElection.java:askForVotes(182)) - 89d32083-36da-4134-ac31-afc8da3916e1@group-8DDD8D75480A:LeaderElection2: begin an election at term 1 for -1: [89d32083-36da-4134-ac31-afc8da3916e1:192.168.36.84:36997], old=null
2019-09-24 18:19:22,263 [pool-47-thread-1] INFO  server.RaftServerConfigKeys (ConfUtils.java:logGet(43)) - raft.server.snapshot.auto.trigger.enabled = true (custom)
2019-09-24 18:19:22,263 [pool-57-thread-1] INFO  server.RaftServerConfigKeys (ConfUtils.java:logGet(43)) - raft.server.log.use.memory = false (default)
2019-09-24 18:19:22,263 [pool-47-thread-1] INFO  server.RaftServerConfigKeys (ConfUtils.java:logGet(43)) - raft.server.snapshot.auto.trigger.threshold = 10000 (custom)
2019-09-24 18:19:22,264 [pool-57-thread-1] INFO  server.RaftServerConfigKeys (ConfUtils.java:logGet(43)) - raft.server.log.purge.gap = 1000000 (custom)
2019-09-24 18:19:22,264 [pool-47-thread-1] INFO  server.RaftServerConfigKeys (ConfUtils.java:logGet(43)) - raft.server.snapshot.retention.num.files = 5 (custom)
2019-09-24 18:19:22,264 [pool-57-thread-1] INFO  server.RaftServerConfigKeys (ConfUtils.java:logGet(43)) - raft.server.log.appender.buffer.byte-limit = 33554432 (custom)
2019-09-24 18:19:22,264 [pool-47-thread-1] INFO  server.RaftServerConfigKeys (ConfUtils.java:logGet(43)) - raft.server.retrycache.expirytime = 600000ms (custom)
2019-09-24 18:19:22,264 [pool-57-thread-1] INFO  server.RaftServerConfigKeys (ConfUtils.java:logGet(43)) - raft.server.log.segment.size.max = 1048576 (custom)
2019-09-24 18:19:22,265 [pool-57-thread-1] INFO  server.RaftServerConfigKeys (ConfUtils.java:logGet(43)) - raft.server.log.segment.cache.num.max = 2 (custom)
2019-09-24 18:19:22,265 [89d32083-36da-4134-ac31-afc8da3916e1@group-8DDD8D75480A:LeaderElection2] INFO  impl.RoleInfo (RoleInfo.java:shutdownLeaderElection(134)) - 89d32083-36da-4134-ac31-afc8da3916e1: shutdown LeaderElection
2019-09-24 18:19:22,265 [pool-57-thread-1] INFO  segmented.SegmentedRaftLogWorker (SegmentedRaftLogWorker.java:<init>(172)) - new 2135d647-a495-482b-8bc4-ca4f8b4fdafb@group-CCB3303368FC-SegmentedRaftLogWorker for RaftStorage:Storage Directory /workdir/hadoop-ozone/integration-test/target/test-dir/MiniOzoneClusterImpl-9a157790-03e5-4da0-a236-db4a40193cb2/datanode-3/data/ratis/3e01879f-7927-4068-ac92-ccb3303368fc
2019-09-24 18:19:22,266 [89d32083-36da-4134-ac31-afc8da3916e1@group-8DDD8D75480A:LeaderElection2] INFO  impl.RaftServerImpl (RaftServerImpl.java:setRole(174)) - 89d32083-36da-4134-ac31-afc8da3916e1@group-8DDD8D75480A: changes role from CANDIDATE to LEADER at term 1 for changeToLeader
2019-09-24 18:19:22,266 [89d32083-36da-4134-ac31-afc8da3916e1@group-8DDD8D75480A:LeaderElection2] INFO  impl.RaftServerImpl (ServerState.java:setLeader(253)) - 89d32083-36da-4134-ac31-afc8da3916e1@group-8DDD8D75480A: change Leader from null to 89d32083-36da-4134-ac31-afc8da3916e1 at term 1 for becomeLeader, leader elected after 5178ms
2019-09-24 18:19:22,272 [pool-57-thread-1] INFO  server.RaftServerConfigKeys (ConfUtils.java:logGet(43)) - raft.server.log.queue.byte-limit = 2147483647 (custom)
2019-09-24 18:19:22,273 [pool-57-thread-1] INFO  server.RaftServerConfigKeys (ConfUtils.java:logGet(43)) - raft.server.log.queue.element-limit = 1024 (custom)
2019-09-24 18:19:22,273 [pool-57-thread-1] INFO  server.RaftServerConfigKeys (ConfUtils.java:logGet(43)) - raft.server.log.segment.size.max = 1048576 (custom)
2019-09-24 18:19:22,273 [pool-57-thread-1] INFO  server.RaftServerConfigKeys (ConfUtils.java:logGet(43)) - raft.server.log.preallocated.size = 16384 (custom)
2019-09-24 18:19:22,273 [pool-47-thread-1] INFO  impl.RaftServerImpl (RaftServerImpl.java:<init>(95)) - 1ef4a0bb-4a8c-4224-99dc-5dce18d8d28c: new RaftServerImpl for group-AD756A492EDB:[1ef4a0bb-4a8c-4224-99dc-5dce18d8d28c:192.168.36.84:36426] with ContainerStateMachine:uninitialized
2019-09-24 18:19:22,273 [pool-57-thread-1] INFO  server.RaftServerConfigKeys (ConfUtils.java:logGet(43)) - raft.server.log.write.buffer.size = 33554432 (custom)
2019-09-24 18:19:22,276 [89d32083-36da-4134-ac31-afc8da3916e1@group-8DDD8D75480A:LeaderElection2] INFO  server.RaftServerConfigKeys (ConfUtils.java:logGet(43)) - raft.server.staging.catchup.gap = 1000 (default)
2019-09-24 18:19:22,274 [pool-47-thread-1] INFO  server.RaftServerConfigKeys (ConfUtils.java:logGet(43)) - raft.server.rpc.timeout.min = 1s (custom)
2019-09-24 18:19:22,277 [89d32083-36da-4134-ac31-afc8da3916e1@group-8DDD8D75480A:LeaderElection2] INFO  server.RaftServerConfigKeys (ConfUtils.java:logGet(43)) - raft.server.rpc.sleep.time = 25ms (default)
2019-09-24 18:19:22,276 [pool-57-thread-1] INFO  server.RaftServerConfigKeys (ConfUtils.java:logGet(43)) - raft.server.log.force.sync.num = 128 (default)
2019-09-24 18:19:22,277 [pool-47-thread-1] INFO  server.RaftServerConfigKeys (ConfUtils.java:logGet(43)) - raft.server.rpc.timeout.max = 1200ms (custom)
2019-09-24 18:19:22,277 [pool-57-thread-1] INFO  server.RaftServerConfigKeys (ConfUtils.java:logGet(43)) - raft.server.log.statemachine.data.sync = true (default)
2019-09-24 18:19:22,277 [pool-47-thread-1] INFO  server.RaftServerConfigKeys (ConfUtils.java:logGet(43)) - raft.server.rpcslowness.timeout = 120s (custom)
2019-09-24 18:19:22,278 [pool-57-thread-1] INFO  server.RaftServerConfigKeys (ConfUtils.java:logGet(43)) - raft.server.log.statemachine.data.sync.timeout = 10s (default)
2019-09-24 18:19:22,278 [pool-47-thread-1] INFO  server.RaftServerConfigKeys (ConfUtils.java:logGet(43)) - raft.server.sleep.deviation.threshold = 300 (default)
2019-09-24 18:19:22,278 [pool-57-thread-1] INFO  server.RaftServerConfigKeys (ConfUtils.java:logGet(43)) - raft.server.log.statemachine.data.sync.timeout.retry = -1 (default)
2019-09-24 18:19:22,278 [pool-47-thread-1] INFO  server.RaftServerConfigKeys (ConfUtils.java:logGet(43)) - raft.server.log.appender.install.snapshot.enabled = false (custom)
2019-09-24 18:19:22,279 [pool-47-thread-1] INFO  impl.RaftServerImpl (ServerState.java:<init>(103)) - 1ef4a0bb-4a8c-4224-99dc-5dce18d8d28c@group-AD756A492EDB: ConfigurationManager, init=-1: [1ef4a0bb-4a8c-4224-99dc-5dce18d8d28c:192.168.36.84:36426], old=null, confs=<EMPTY_MAP>
2019-09-24 18:19:22,279 [pool-57-thread-1] INFO  server.RaftServerConfigKeys (ConfUtils.java:logGet(43)) - raft.server.log.statemachine.data.caching.enabled = true (custom)
2019-09-24 18:19:22,279 [pool-47-thread-1] INFO  server.RaftServerConfigKeys (ConfUtils.java:logGet(43)) - raft.server.storage.dir = [/workdir/hadoop-ozone/integration-test/target/test-dir/MiniOzoneClusterImpl-9a157790-03e5-4da0-a236-db4a40193cb2/datanode-2/data/ratis] (custom)
2019-09-24 18:19:22,282 [pool-57-thread-1] INFO  segmented.SegmentedRaftLogWorker (SegmentedRaftLogWorker.java:lambda$new$0(132)) - 2135d647-a495-482b-8bc4-ca4f8b4fdafb@group-CCB3303368FC-SegmentedRaftLogWorker: flushIndex: setUnconditionally 0 -> -1
2019-09-24 18:19:22,282 [pool-47-thread-1] INFO  storage.RaftStorageDirectory (RaftStorageDirectory.java:analyzeStorage(246)) - The storage directory /workdir/hadoop-ozone/integration-test/target/test-dir/MiniOzoneClusterImpl-9a157790-03e5-4da0-a236-db4a40193cb2/datanode-2/data/ratis/82a4a9b2-1508-456c-b27a-ad756a492edb does not exist. Creating ...
2019-09-24 18:19:22,283 [pool-57-thread-1] INFO  server.RaftServerConfigKeys (ConfUtils.java:logGet(43)) - raft.server.snapshot.auto.trigger.enabled = true (custom)
2019-09-24 18:19:22,283 [89d32083-36da-4134-ac31-afc8da3916e1@group-8DDD8D75480A:LeaderElection2] INFO  server.RaftServerConfigKeys (ConfUtils.java:logGet(43)) - raft.server.write.element-limit = 4096 (default)
2019-09-24 18:19:22,283 [pool-57-thread-1] INFO  server.RaftServerConfigKeys (ConfUtils.java:logGet(43)) - raft.server.snapshot.auto.trigger.threshold = 10000 (custom)
2019-09-24 18:19:22,286 [pool-57-thread-1] INFO  server.RaftServerConfigKeys (ConfUtils.java:logGet(43)) - raft.server.snapshot.retention.num.files = 5 (custom)
2019-09-24 18:19:22,286 [pool-57-thread-1] INFO  server.RaftServerConfigKeys (ConfUtils.java:logGet(43)) - raft.server.retrycache.expirytime = 600000ms (custom)
2019-09-24 18:19:22,307 [89d32083-36da-4134-ac31-afc8da3916e1@group-8DDD8D75480A:LeaderElection2] INFO  server.RaftServerConfigKeys (ConfUtils.java:logGet(43)) - raft.server.watch.timeout = 10s (default)
2019-09-24 18:19:22,307 [89d32083-36da-4134-ac31-afc8da3916e1@group-8DDD8D75480A:LeaderElection2] INFO  server.RaftServerConfigKeys (ConfUtils.java:logGet(43)) - raft.server.watch.timeout.denomination = 1s (default)
2019-09-24 18:19:22,314 [89d32083-36da-4134-ac31-afc8da3916e1@group-8DDD8D75480A:LeaderElection2] INFO  server.RaftServerConfigKeys (ConfUtils.java:logGet(43)) - raft.server.watch.element-limit = 65536 (default)
2019-09-24 18:19:22,324 [pool-57-thread-1] INFO  impl.RaftServerImpl (RaftServerImpl.java:<init>(95)) - 2135d647-a495-482b-8bc4-ca4f8b4fdafb: new RaftServerImpl for group-14BF59FD49FA:[1ef4a0bb-4a8c-4224-99dc-5dce18d8d28c:192.168.36.84:36426, 56d3d73d-28bb-4c7c-9d35-99456f3549be:192.168.36.84:34646, 2135d647-a495-482b-8bc4-ca4f8b4fdafb:192.168.36.84:46711] with ContainerStateMachine:uninitialized
2019-09-24 18:19:22,325 [pool-57-thread-1] INFO  server.RaftServerConfigKeys (ConfUtils.java:logGet(43)) - raft.server.rpc.timeout.min = 1s (custom)
2019-09-24 18:19:22,325 [pool-57-thread-1] INFO  server.RaftServerConfigKeys (ConfUtils.java:logGet(43)) - raft.server.rpc.timeout.max = 1200ms (custom)
2019-09-24 18:19:22,325 [pool-57-thread-1] INFO  server.RaftServerConfigKeys (ConfUtils.java:logGet(43)) - raft.server.rpcslowness.timeout = 120s (custom)
2019-09-24 18:19:22,325 [pool-57-thread-1] INFO  server.RaftServerConfigKeys (ConfUtils.java:logGet(43)) - raft.server.sleep.deviation.threshold = 300 (default)
2019-09-24 18:19:22,325 [pool-57-thread-1] INFO  server.RaftServerConfigKeys (ConfUtils.java:logGet(43)) - raft.server.log.appender.install.snapshot.enabled = false (custom)
2019-09-24 18:19:22,325 [grpc-default-executor-1] WARN  server.GrpcServerProtocolService (LogUtils.java:warn(134)) - 1ef4a0bb-4a8c-4224-99dc-5dce18d8d28c: Failed requestVote 56d3d73d-28bb-4c7c-9d35-99456f3549be->1ef4a0bb-4a8c-4224-99dc-5dce18d8d28c#0: org.apache.ratis.protocol.ServerNotReadyException: 1ef4a0bb-4a8c-4224-99dc-5dce18d8d28c@group-CCB3303368FC is not in [RUNNING]: current state is NEW
2019-09-24 18:19:22,328 [pool-57-thread-1] INFO  impl.RaftServerImpl (ServerState.java:<init>(103)) - 2135d647-a495-482b-8bc4-ca4f8b4fdafb@group-14BF59FD49FA: ConfigurationManager, init=-1: [1ef4a0bb-4a8c-4224-99dc-5dce18d8d28c:192.168.36.84:36426, 56d3d73d-28bb-4c7c-9d35-99456f3549be:192.168.36.84:34646, 2135d647-a495-482b-8bc4-ca4f8b4fdafb:192.168.36.84:46711], old=null, confs=<EMPTY_MAP>
2019-09-24 18:19:22,325 [grpc-default-executor-2] WARN  server.GrpcServerProtocolService (LogUtils.java:warn(134)) - 2135d647-a495-482b-8bc4-ca4f8b4fdafb: Failed requestVote 56d3d73d-28bb-4c7c-9d35-99456f3549be->2135d647-a495-482b-8bc4-ca4f8b4fdafb#0: org.apache.ratis.protocol.ServerNotReadyException: 2135d647-a495-482b-8bc4-ca4f8b4fdafb@group-CCB3303368FC is not in [RUNNING]: current state is NEW
2019-09-24 18:19:22,328 [pool-57-thread-1] INFO  server.RaftServerConfigKeys (ConfUtils.java:logGet(43)) - raft.server.storage.dir = [/workdir/hadoop-ozone/integration-test/target/test-dir/MiniOzoneClusterImpl-9a157790-03e5-4da0-a236-db4a40193cb2/datanode-3/data/ratis] (custom)
2019-09-24 18:19:22,329 [pool-57-thread-1] INFO  storage.RaftStorageDirectory (RaftStorageDirectory.java:analyzeStorage(246)) - The storage directory /workdir/hadoop-ozone/integration-test/target/test-dir/MiniOzoneClusterImpl-9a157790-03e5-4da0-a236-db4a40193cb2/datanode-3/data/ratis/460930b6-52cf-4956-a531-14bf59fd49fa does not exist. Creating ...
2019-09-24 18:19:22,336 [89d32083-36da-4134-ac31-afc8da3916e1@group-8DDD8D75480A:LeaderElection2] INFO  impl.RoleInfo (RoleInfo.java:updateAndGet(143)) - 89d32083-36da-4134-ac31-afc8da3916e1: start LeaderState
2019-09-24 18:19:22,360 [89d32083-36da-4134-ac31-afc8da3916e1@group-8DDD8D75480A:LeaderElection2] INFO  segmented.SegmentedRaftLogWorker (SegmentedRaftLogWorker.java:startLogSegment(380)) - 89d32083-36da-4134-ac31-afc8da3916e1@group-8DDD8D75480A-SegmentedRaftLogWorker: Starting segment from index:0
2019-09-24 18:19:22,376 [89d32083-36da-4134-ac31-afc8da3916e1@group-8DDD8D75480A:LeaderElection2] INFO  impl.RaftServerImpl (ServerState.java:setRaftConf(354)) - 89d32083-36da-4134-ac31-afc8da3916e1@group-8DDD8D75480A: set configuration 0: [89d32083-36da-4134-ac31-afc8da3916e1:192.168.36.84:36997], old=null at 0
2019-09-24 18:19:22,391 [56d3d73d-28bb-4c7c-9d35-99456f3549be@group-CCB3303368FC:LeaderElection1] INFO  impl.LeaderElection (LogUtils.java:infoOrTrace(149)) - 56d3d73d-28bb-4c7c-9d35-99456f3549be@group-CCB3303368FC:LeaderElection1 got exception when requesting votes: {}
java.util.concurrent.ExecutionException: org.apache.ratis.thirdparty.io.grpc.StatusRuntimeException: INTERNAL: 1ef4a0bb-4a8c-4224-99dc-5dce18d8d28c@group-CCB3303368FC is not in [RUNNING]: current state is NEW
	at java.util.concurrent.FutureTask.report(FutureTask.java:122)
	at java.util.concurrent.FutureTask.get(FutureTask.java:192)
	at org.apache.ratis.server.impl.LeaderElection.waitForResults(LeaderElection.java:263)
	at org.apache.ratis.server.impl.LeaderElection.askForVotes(LeaderElection.java:201)
	at org.apache.ratis.server.impl.LeaderElection.run(LeaderElection.java:133)
	at java.lang.Thread.run(Thread.java:748)
Caused by: org.apache.ratis.thirdparty.io.grpc.StatusRuntimeException: INTERNAL: 1ef4a0bb-4a8c-4224-99dc-5dce18d8d28c@group-CCB3303368FC is not in [RUNNING]: current state is NEW
	at org.apache.ratis.thirdparty.io.grpc.stub.ClientCalls.toStatusRuntimeException(ClientCalls.java:233)
	at org.apache.ratis.thirdparty.io.grpc.stub.ClientCalls.getUnchecked(ClientCalls.java:214)
	at org.apache.ratis.thirdparty.io.grpc.stub.ClientCalls.blockingUnaryCall(ClientCalls.java:139)
	at org.apache.ratis.proto.grpc.RaftServerProtocolServiceGrpc$RaftServerProtocolServiceBlockingStub.requestVote(RaftServerProtocolServiceGrpc.java:265)
	at org.apache.ratis.grpc.server.GrpcServerProtocolClient.requestVote(GrpcServerProtocolClient.java:90)
	at org.apache.ratis.grpc.server.GrpcService.requestVote(GrpcService.java:204)
	at org.apache.ratis.server.impl.LeaderElection.lambda$submitRequests$1(LeaderElection.java:238)
	at java.util.concurrent.FutureTask.run(FutureTask.java:266)
	at java.util.concurrent.Executors$RunnableAdapter.call(Executors.java:511)
	at java.util.concurrent.FutureTask.run(FutureTask.java:266)
	at java.util.concurrent.ThreadPoolExecutor.runWorker(ThreadPoolExecutor.java:1149)
	at java.util.concurrent.ThreadPoolExecutor$Worker.run(ThreadPoolExecutor.java:624)
	... 1 more
2019-09-24 18:19:22,393 [56d3d73d-28bb-4c7c-9d35-99456f3549be@group-CCB3303368FC:LeaderElection1] INFO  impl.LeaderElection (LogUtils.java:infoOrTrace(149)) - 56d3d73d-28bb-4c7c-9d35-99456f3549be@group-CCB3303368FC:LeaderElection1 got exception when requesting votes: {}
java.util.concurrent.ExecutionException: org.apache.ratis.thirdparty.io.grpc.StatusRuntimeException: INTERNAL: 2135d647-a495-482b-8bc4-ca4f8b4fdafb@group-CCB3303368FC is not in [RUNNING]: current state is NEW
	at java.util.concurrent.FutureTask.report(FutureTask.java:122)
	at java.util.concurrent.FutureTask.get(FutureTask.java:192)
	at org.apache.ratis.server.impl.LeaderElection.waitForResults(LeaderElection.java:263)
	at org.apache.ratis.server.impl.LeaderElection.askForVotes(LeaderElection.java:201)
	at org.apache.ratis.server.impl.LeaderElection.run(LeaderElection.java:133)
	at java.lang.Thread.run(Thread.java:748)
Caused by: org.apache.ratis.thirdparty.io.grpc.StatusRuntimeException: INTERNAL: 2135d647-a495-482b-8bc4-ca4f8b4fdafb@group-CCB3303368FC is not in [RUNNING]: current state is NEW
	at org.apache.ratis.thirdparty.io.grpc.stub.ClientCalls.toStatusRuntimeException(ClientCalls.java:233)
	at org.apache.ratis.thirdparty.io.grpc.stub.ClientCalls.getUnchecked(ClientCalls.java:214)
	at org.apache.ratis.thirdparty.io.grpc.stub.ClientCalls.blockingUnaryCall(ClientCalls.java:139)
	at org.apache.ratis.proto.grpc.RaftServerProtocolServiceGrpc$RaftServerProtocolServiceBlockingStub.requestVote(RaftServerProtocolServiceGrpc.java:265)
	at org.apache.ratis.grpc.server.GrpcServerProtocolClient.requestVote(GrpcServerProtocolClient.java:90)
	at org.apache.ratis.grpc.server.GrpcService.requestVote(GrpcService.java:204)
	at org.apache.ratis.server.impl.LeaderElection.lambda$submitRequests$1(LeaderElection.java:238)
	at java.util.concurrent.FutureTask.run(FutureTask.java:266)
	at java.util.concurrent.Executors$RunnableAdapter.call(Executors.java:511)
	at java.util.concurrent.FutureTask.run(FutureTask.java:266)
	at java.util.concurrent.ThreadPoolExecutor.runWorker(ThreadPoolExecutor.java:1149)
	at java.util.concurrent.ThreadPoolExecutor$Worker.run(ThreadPoolExecutor.java:624)
	... 1 more
2019-09-24 18:19:22,397 [56d3d73d-28bb-4c7c-9d35-99456f3549be@group-CCB3303368FC:LeaderElection1] INFO  impl.LeaderElection (LeaderElection.java:logAndReturn(56)) - 56d3d73d-28bb-4c7c-9d35-99456f3549be@group-CCB3303368FC:LeaderElection1: Election REJECTED; received 0 response(s) [] and 2 exception(s); 56d3d73d-28bb-4c7c-9d35-99456f3549be@group-CCB3303368FC:t1, leader=null, voted=56d3d73d-28bb-4c7c-9d35-99456f3549be, raftlog=56d3d73d-28bb-4c7c-9d35-99456f3549be@group-CCB3303368FC-SegmentedRaftLog:OPENED:c-1,f-1,i0, conf=-1: [1ef4a0bb-4a8c-4224-99dc-5dce18d8d28c:192.168.36.84:36426, 56d3d73d-28bb-4c7c-9d35-99456f3549be:192.168.36.84:34646, 2135d647-a495-482b-8bc4-ca4f8b4fdafb:192.168.36.84:46711], old=null
2019-09-24 18:19:22,398 [56d3d73d-28bb-4c7c-9d35-99456f3549be@group-CCB3303368FC:LeaderElection1] INFO  impl.LeaderElection (LogUtils.java:infoOrTrace(149)) -   Exception 0: {}
java.util.concurrent.ExecutionException: org.apache.ratis.thirdparty.io.grpc.StatusRuntimeException: INTERNAL: 1ef4a0bb-4a8c-4224-99dc-5dce18d8d28c@group-CCB3303368FC is not in [RUNNING]: current state is NEW
	at java.util.concurrent.FutureTask.report(FutureTask.java:122)
	at java.util.concurrent.FutureTask.get(FutureTask.java:192)
	at org.apache.ratis.server.impl.LeaderElection.waitForResults(LeaderElection.java:263)
	at org.apache.ratis.server.impl.LeaderElection.askForVotes(LeaderElection.java:201)
	at org.apache.ratis.server.impl.LeaderElection.run(LeaderElection.java:133)
	at java.lang.Thread.run(Thread.java:748)
Caused by: org.apache.ratis.thirdparty.io.grpc.StatusRuntimeException: INTERNAL: 1ef4a0bb-4a8c-4224-99dc-5dce18d8d28c@group-CCB3303368FC is not in [RUNNING]: current state is NEW
	at org.apache.ratis.thirdparty.io.grpc.stub.ClientCalls.toStatusRuntimeException(ClientCalls.java:233)
	at org.apache.ratis.thirdparty.io.grpc.stub.ClientCalls.getUnchecked(ClientCalls.java:214)
	at org.apache.ratis.thirdparty.io.grpc.stub.ClientCalls.blockingUnaryCall(ClientCalls.java:139)
	at org.apache.ratis.proto.grpc.RaftServerProtocolServiceGrpc$RaftServerProtocolServiceBlockingStub.requestVote(RaftServerProtocolServiceGrpc.java:265)
	at org.apache.ratis.grpc.server.GrpcServerProtocolClient.requestVote(GrpcServerProtocolClient.java:90)
	at org.apache.ratis.grpc.server.GrpcService.requestVote(GrpcService.java:204)
	at org.apache.ratis.server.impl.LeaderElection.lambda$submitRequests$1(LeaderElection.java:238)
	at java.util.concurrent.FutureTask.run(FutureTask.java:266)
	at java.util.concurrent.Executors$RunnableAdapter.call(Executors.java:511)
	at java.util.concurrent.FutureTask.run(FutureTask.java:266)
	at java.util.concurrent.ThreadPoolExecutor.runWorker(ThreadPoolExecutor.java:1149)
	at java.util.concurrent.ThreadPoolExecutor$Worker.run(ThreadPoolExecutor.java:624)
	... 1 more
2019-09-24 18:19:22,398 [56d3d73d-28bb-4c7c-9d35-99456f3549be@group-CCB3303368FC:LeaderElection1] INFO  impl.LeaderElection (LogUtils.java:infoOrTrace(149)) -   Exception 1: {}
java.util.concurrent.ExecutionException: org.apache.ratis.thirdparty.io.grpc.StatusRuntimeException: INTERNAL: 2135d647-a495-482b-8bc4-ca4f8b4fdafb@group-CCB3303368FC is not in [RUNNING]: current state is NEW
	at java.util.concurrent.FutureTask.report(FutureTask.java:122)
	at java.util.concurrent.FutureTask.get(FutureTask.java:192)
	at org.apache.ratis.server.impl.LeaderElection.waitForResults(LeaderElection.java:263)
	at org.apache.ratis.server.impl.LeaderElection.askForVotes(LeaderElection.java:201)
	at org.apache.ratis.server.impl.LeaderElection.run(LeaderElection.java:133)
	at java.lang.Thread.run(Thread.java:748)
Caused by: org.apache.ratis.thirdparty.io.grpc.StatusRuntimeException: INTERNAL: 2135d647-a495-482b-8bc4-ca4f8b4fdafb@group-CCB3303368FC is not in [RUNNING]: current state is NEW
	at org.apache.ratis.thirdparty.io.grpc.stub.ClientCalls.toStatusRuntimeException(ClientCalls.java:233)
	at org.apache.ratis.thirdparty.io.grpc.stub.ClientCalls.getUnchecked(ClientCalls.java:214)
	at org.apache.ratis.thirdparty.io.grpc.stub.ClientCalls.blockingUnaryCall(ClientCalls.java:139)
	at org.apache.ratis.proto.grpc.RaftServerProtocolServiceGrpc$RaftServerProtocolServiceBlockingStub.requestVote(RaftServerProtocolServiceGrpc.java:265)
	at org.apache.ratis.grpc.server.GrpcServerProtocolClient.requestVote(GrpcServerProtocolClient.java:90)
	at org.apache.ratis.grpc.server.GrpcService.requestVote(GrpcService.java:204)
	at org.apache.ratis.server.impl.LeaderElection.lambda$submitRequests$1(LeaderElection.java:238)
	at java.util.concurrent.FutureTask.run(FutureTask.java:266)
	at java.util.concurrent.Executors$RunnableAdapter.call(Executors.java:511)
	at java.util.concurrent.FutureTask.run(FutureTask.java:266)
	at java.util.concurrent.ThreadPoolExecutor.runWorker(ThreadPoolExecutor.java:1149)
	at java.util.concurrent.ThreadPoolExecutor$Worker.run(ThreadPoolExecutor.java:624)
	... 1 more
2019-09-24 18:19:22,402 [56d3d73d-28bb-4c7c-9d35-99456f3549be@group-CCB3303368FC:LeaderElection1] INFO  impl.RaftServerImpl (RaftServerImpl.java:setRole(174)) - 56d3d73d-28bb-4c7c-9d35-99456f3549be@group-CCB3303368FC: changes role from CANDIDATE to FOLLOWER at term 1 for DISCOVERED_A_NEW_TERM
2019-09-24 18:19:22,402 [56d3d73d-28bb-4c7c-9d35-99456f3549be@group-CCB3303368FC:LeaderElection1] INFO  impl.RoleInfo (RoleInfo.java:shutdownLeaderElection(134)) - 56d3d73d-28bb-4c7c-9d35-99456f3549be: shutdown LeaderElection
2019-09-24 18:19:22,403 [56d3d73d-28bb-4c7c-9d35-99456f3549be@group-CCB3303368FC:LeaderElection1] INFO  impl.RoleInfo (RoleInfo.java:updateAndGet(143)) - 56d3d73d-28bb-4c7c-9d35-99456f3549be: start FollowerState
2019-09-24 18:19:23,450 [Thread-302] INFO  impl.FollowerState (FollowerState.java:run(106)) - 56d3d73d-28bb-4c7c-9d35-99456f3549be:group-CCB3303368FC changes to CANDIDATE, lastRpcTime:1047, electionTimeout:1045ms
2019-09-24 18:19:23,455 [Thread-302] INFO  impl.RoleInfo (RoleInfo.java:shutdownFollowerState(121)) - 56d3d73d-28bb-4c7c-9d35-99456f3549be: shutdown FollowerState
2019-09-24 18:19:23,455 [Thread-302] INFO  impl.RaftServerImpl (RaftServerImpl.java:setRole(174)) - 56d3d73d-28bb-4c7c-9d35-99456f3549be@group-CCB3303368FC: changes role from  FOLLOWER to CANDIDATE at term 1 for changeToCandidate
2019-09-24 18:19:23,455 [Thread-302] INFO  impl.RoleInfo (RoleInfo.java:updateAndGet(143)) - 56d3d73d-28bb-4c7c-9d35-99456f3549be: start LeaderElection
2019-09-24 18:19:24,005 [RATISCREATEPIPELINE1] ERROR pipeline.RatisPipelineProvider (RatisPipelineProvider.java:lambda$null$5(235)) - Failed invoke Ratis rpc org.apache.hadoop.hdds.scm.pipeline.RatisPipelineProvider$$Lambda$186/2025244198@4a2a18ca for 56d3d73d-28bb-4c7c-9d35-99456f3549be
org.apache.ratis.protocol.TimeoutIOException: deadline exceeded after 2999643503ns
	at org.apache.ratis.grpc.GrpcUtil.tryUnwrapException(GrpcUtil.java:82)
	at org.apache.ratis.grpc.GrpcUtil.unwrapException(GrpcUtil.java:75)
	at org.apache.ratis.grpc.client.GrpcClientProtocolClient.blockingCall(GrpcClientProtocolClient.java:178)
	at org.apache.ratis.grpc.client.GrpcClientProtocolClient.groupAdd(GrpcClientProtocolClient.java:147)
	at org.apache.ratis.grpc.client.GrpcClientRpc.sendRequest(GrpcClientRpc.java:94)
	at org.apache.ratis.client.impl.RaftClientImpl.sendRequest(RaftClientImpl.java:278)
	at org.apache.ratis.client.impl.RaftClientImpl.groupAdd(RaftClientImpl.java:205)
	at org.apache.hadoop.hdds.scm.pipeline.RatisPipelineProvider.lambda$initializePipeline$4(RatisPipelineProvider.java:196)
	at org.apache.hadoop.hdds.scm.pipeline.RatisPipelineProvider.lambda$null$5(RatisPipelineProvider.java:231)
	at java.util.stream.ForEachOps$ForEachOp$OfRef.accept(ForEachOps.java:184)
	at java.util.ArrayList$ArrayListSpliterator.forEachRemaining(ArrayList.java:1382)
	at java.util.stream.AbstractPipeline.copyInto(AbstractPipeline.java:482)
	at java.util.stream.ForEachOps$ForEachTask.compute(ForEachOps.java:291)
	at java.util.concurrent.CountedCompleter.exec(CountedCompleter.java:731)
	at java.util.concurrent.ForkJoinTask.doExec(ForkJoinTask.java:289)
	at java.util.concurrent.ForkJoinTask.doInvoke(ForkJoinTask.java:401)
	at java.util.concurrent.ForkJoinTask.invoke(ForkJoinTask.java:734)
	at java.util.stream.ForEachOps$ForEachOp.evaluateParallel(ForEachOps.java:160)
	at java.util.stream.ForEachOps$ForEachOp$OfRef.evaluateParallel(ForEachOps.java:174)
	at java.util.stream.AbstractPipeline.evaluate(AbstractPipeline.java:233)
	at java.util.stream.ReferencePipeline.forEach(ReferencePipeline.java:418)
	at java.util.stream.ReferencePipeline$Head.forEach(ReferencePipeline.java:583)
	at org.apache.hadoop.hdds.scm.pipeline.RatisPipelineProvider.lambda$callRatisRpc$6(RatisPipelineProvider.java:225)
	at java.util.concurrent.ForkJoinTask$AdaptedRunnableAction.exec(ForkJoinTask.java:1386)
	at java.util.concurrent.ForkJoinTask.doExec(ForkJoinTask.java:289)
	at java.util.concurrent.ForkJoinPool$WorkQueue.runTask(ForkJoinPool.java:1056)
	at java.util.concurrent.ForkJoinPool.runWorker(ForkJoinPool.java:1692)
	at java.util.concurrent.ForkJoinWorkerThread.run(ForkJoinWorkerThread.java:157)
Caused by: org.apache.ratis.thirdparty.io.grpc.StatusRuntimeException: DEADLINE_EXCEEDED: deadline exceeded after 2999643503ns
	at org.apache.ratis.thirdparty.io.grpc.stub.ClientCalls.toStatusRuntimeException(ClientCalls.java:233)
	at org.apache.ratis.thirdparty.io.grpc.stub.ClientCalls.getUnchecked(ClientCalls.java:214)
	at org.apache.ratis.thirdparty.io.grpc.stub.ClientCalls.blockingUnaryCall(ClientCalls.java:139)
	at org.apache.ratis.proto.grpc.AdminProtocolServiceGrpc$AdminProtocolServiceBlockingStub.groupManagement(AdminProtocolServiceGrpc.java:274)
	at org.apache.ratis.grpc.client.GrpcClientProtocolClient.lambda$groupAdd$3(GrpcClientProtocolClient.java:149)
	at org.apache.ratis.grpc.client.GrpcClientProtocolClient.blockingCall(GrpcClientProtocolClient.java:176)
	... 25 more
2019-09-24 18:19:24,008 [RATISCREATEPIPELINE3] ERROR pipeline.RatisPipelineProvider (RatisPipelineProvider.java:lambda$null$5(235)) - Failed invoke Ratis rpc org.apache.hadoop.hdds.scm.pipeline.RatisPipelineProvider$$Lambda$186/2025244198@4a2a18ca for 1ef4a0bb-4a8c-4224-99dc-5dce18d8d28c
org.apache.ratis.protocol.TimeoutIOException: deadline exceeded after 2997102753ns
	at org.apache.ratis.grpc.GrpcUtil.tryUnwrapException(GrpcUtil.java:82)
	at org.apache.ratis.grpc.GrpcUtil.unwrapException(GrpcUtil.java:75)
	at org.apache.ratis.grpc.client.GrpcClientProtocolClient.blockingCall(GrpcClientProtocolClient.java:178)
	at org.apache.ratis.grpc.client.GrpcClientProtocolClient.groupAdd(GrpcClientProtocolClient.java:147)
	at org.apache.ratis.grpc.client.GrpcClientRpc.sendRequest(GrpcClientRpc.java:94)
	at org.apache.ratis.client.impl.RaftClientImpl.sendRequest(RaftClientImpl.java:278)
	at org.apache.ratis.client.impl.RaftClientImpl.groupAdd(RaftClientImpl.java:205)
	at org.apache.hadoop.hdds.scm.pipeline.RatisPipelineProvider.lambda$initializePipeline$4(RatisPipelineProvider.java:196)
	at org.apache.hadoop.hdds.scm.pipeline.RatisPipelineProvider.lambda$null$5(RatisPipelineProvider.java:231)
	at java.util.stream.ForEachOps$ForEachOp$OfRef.accept(ForEachOps.java:184)
	at java.util.ArrayList$ArrayListSpliterator.forEachRemaining(ArrayList.java:1382)
	at java.util.stream.AbstractPipeline.copyInto(AbstractPipeline.java:482)
	at java.util.stream.ForEachOps$ForEachTask.compute(ForEachOps.java:291)
	at java.util.concurrent.CountedCompleter.exec(CountedCompleter.java:731)
	at java.util.concurrent.ForkJoinTask.doExec(ForkJoinTask.java:289)
	at java.util.concurrent.ForkJoinPool$WorkQueue.runTask(ForkJoinPool.java:1056)
	at java.util.concurrent.ForkJoinPool.runWorker(ForkJoinPool.java:1692)
	at java.util.concurrent.ForkJoinWorkerThread.run(ForkJoinWorkerThread.java:157)
Caused by: org.apache.ratis.thirdparty.io.grpc.StatusRuntimeException: DEADLINE_EXCEEDED: deadline exceeded after 2997102753ns
	at org.apache.ratis.thirdparty.io.grpc.stub.ClientCalls.toStatusRuntimeException(ClientCalls.java:233)
	at org.apache.ratis.thirdparty.io.grpc.stub.ClientCalls.getUnchecked(ClientCalls.java:214)
	at org.apache.ratis.thirdparty.io.grpc.stub.ClientCalls.blockingUnaryCall(ClientCalls.java:139)
	at org.apache.ratis.proto.grpc.AdminProtocolServiceGrpc$AdminProtocolServiceBlockingStub.groupManagement(AdminProtocolServiceGrpc.java:274)
	at org.apache.ratis.grpc.client.GrpcClientProtocolClient.lambda$groupAdd$3(GrpcClientProtocolClient.java:149)
	at org.apache.ratis.grpc.client.GrpcClientProtocolClient.blockingCall(GrpcClientProtocolClient.java:176)
	... 15 more
2019-09-24 18:19:24,012 [RATISCREATEPIPELINE2] ERROR pipeline.RatisPipelineProvider (RatisPipelineProvider.java:lambda$null$5(235)) - Failed invoke Ratis rpc org.apache.hadoop.hdds.scm.pipeline.RatisPipelineProvider$$Lambda$186/2025244198@4a2a18ca for 2135d647-a495-482b-8bc4-ca4f8b4fdafb
org.apache.ratis.protocol.TimeoutIOException: deadline exceeded after 2997102727ns
	at org.apache.ratis.grpc.GrpcUtil.tryUnwrapException(GrpcUtil.java:82)
	at org.apache.ratis.grpc.GrpcUtil.unwrapException(GrpcUtil.java:75)
	at org.apache.ratis.grpc.client.GrpcClientProtocolClient.blockingCall(GrpcClientProtocolClient.java:178)
	at org.apache.ratis.grpc.client.GrpcClientProtocolClient.groupAdd(GrpcClientProtocolClient.java:147)
	at org.apache.ratis.grpc.client.GrpcClientRpc.sendRequest(GrpcClientRpc.java:94)
	at org.apache.ratis.client.impl.RaftClientImpl.sendRequest(RaftClientImpl.java:278)
	at org.apache.ratis.client.impl.RaftClientImpl.groupAdd(RaftClientImpl.java:205)
	at org.apache.hadoop.hdds.scm.pipeline.RatisPipelineProvider.lambda$initializePipeline$4(RatisPipelineProvider.java:196)
	at org.apache.hadoop.hdds.scm.pipeline.RatisPipelineProvider.lambda$null$5(RatisPipelineProvider.java:231)
	at java.util.stream.ForEachOps$ForEachOp$OfRef.accept(ForEachOps.java:184)
	at java.util.ArrayList$ArrayListSpliterator.forEachRemaining(ArrayList.java:1382)
	at java.util.stream.AbstractPipeline.copyInto(AbstractPipeline.java:482)
	at java.util.stream.ForEachOps$ForEachTask.compute(ForEachOps.java:291)
	at java.util.concurrent.CountedCompleter.exec(CountedCompleter.java:731)
	at java.util.concurrent.ForkJoinTask.doExec(ForkJoinTask.java:289)
	at java.util.concurrent.ForkJoinPool$WorkQueue.runTask(ForkJoinPool.java:1056)
	at java.util.concurrent.ForkJoinPool.runWorker(ForkJoinPool.java:1692)
	at java.util.concurrent.ForkJoinWorkerThread.run(ForkJoinWorkerThread.java:157)
Caused by: org.apache.ratis.thirdparty.io.grpc.StatusRuntimeException: DEADLINE_EXCEEDED: deadline exceeded after 2997102727ns
	at org.apache.ratis.thirdparty.io.grpc.stub.ClientCalls.toStatusRuntimeException(ClientCalls.java:233)
	at org.apache.ratis.thirdparty.io.grpc.stub.ClientCalls.getUnchecked(ClientCalls.java:214)
	at org.apache.ratis.thirdparty.io.grpc.stub.ClientCalls.blockingUnaryCall(ClientCalls.java:139)
	at org.apache.ratis.proto.grpc.AdminProtocolServiceGrpc$AdminProtocolServiceBlockingStub.groupManagement(AdminProtocolServiceGrpc.java:274)
	at org.apache.ratis.grpc.client.GrpcClientProtocolClient.lambda$groupAdd$3(GrpcClientProtocolClient.java:149)
	at org.apache.ratis.grpc.client.GrpcClientProtocolClient.blockingCall(GrpcClientProtocolClient.java:176)
	... 15 more
2019-09-24 18:19:24,048 [grpc-default-executor-0] INFO  impl.RaftServerProxy (RaftServerProxy.java:addNew(89)) - 1ef4a0bb-4a8c-4224-99dc-5dce18d8d28c: addNew group-3C3A4009C5E3:[1ef4a0bb-4a8c-4224-99dc-5dce18d8d28c:192.168.36.84:36426, 56d3d73d-28bb-4c7c-9d35-99456f3549be:192.168.36.84:34646, 2135d647-a495-482b-8bc4-ca4f8b4fdafb:192.168.36.84:46711] returns group-3C3A4009C5E3:java.util.concurrent.CompletableFuture@72dde84e[Not completed]
2019-09-24 18:19:24,048 [grpc-default-executor-2] INFO  impl.RaftServerProxy (RaftServerProxy.java:addNew(89)) - 56d3d73d-28bb-4c7c-9d35-99456f3549be: addNew group-3C3A4009C5E3:[1ef4a0bb-4a8c-4224-99dc-5dce18d8d28c:192.168.36.84:36426, 56d3d73d-28bb-4c7c-9d35-99456f3549be:192.168.36.84:34646, 2135d647-a495-482b-8bc4-ca4f8b4fdafb:192.168.36.84:46711] returns group-3C3A4009C5E3:java.util.concurrent.CompletableFuture@530f319b[Not completed]
2019-09-24 18:19:24,048 [grpc-default-executor-1] INFO  impl.RaftServerProxy (RaftServerProxy.java:addNew(89)) - 2135d647-a495-482b-8bc4-ca4f8b4fdafb: addNew group-3C3A4009C5E3:[1ef4a0bb-4a8c-4224-99dc-5dce18d8d28c:192.168.36.84:36426, 56d3d73d-28bb-4c7c-9d35-99456f3549be:192.168.36.84:34646, 2135d647-a495-482b-8bc4-ca4f8b4fdafb:192.168.36.84:46711] returns group-3C3A4009C5E3:java.util.concurrent.CompletableFuture@6b077a9e[Not completed]
2019-09-24 18:19:27,044 [RATISCREATEPIPELINE1] ERROR pipeline.RatisPipelineProvider (RatisPipelineProvider.java:lambda$null$5(235)) - Failed invoke Ratis rpc org.apache.hadoop.hdds.scm.pipeline.RatisPipelineProvider$$Lambda$186/2025244198@5dfc8eb2 for 56d3d73d-28bb-4c7c-9d35-99456f3549be
org.apache.ratis.protocol.TimeoutIOException: deadline exceeded after 2999692854ns
	at org.apache.ratis.grpc.GrpcUtil.tryUnwrapException(GrpcUtil.java:82)
	at org.apache.ratis.grpc.GrpcUtil.unwrapException(GrpcUtil.java:75)
	at org.apache.ratis.grpc.client.GrpcClientProtocolClient.blockingCall(GrpcClientProtocolClient.java:178)
	at org.apache.ratis.grpc.client.GrpcClientProtocolClient.groupAdd(GrpcClientProtocolClient.java:147)
	at org.apache.ratis.grpc.client.GrpcClientRpc.sendRequest(GrpcClientRpc.java:94)
	at org.apache.ratis.client.impl.RaftClientImpl.sendRequest(RaftClientImpl.java:278)
	at org.apache.ratis.client.impl.RaftClientImpl.groupAdd(RaftClientImpl.java:205)
	at org.apache.hadoop.hdds.scm.pipeline.RatisPipelineProvider.lambda$initializePipeline$4(RatisPipelineProvider.java:196)
	at org.apache.hadoop.hdds.scm.pipeline.RatisPipelineProvider.lambda$null$5(RatisPipelineProvider.java:231)
	at java.util.stream.ForEachOps$ForEachOp$OfRef.accept(ForEachOps.java:184)
	at java.util.ArrayList$ArrayListSpliterator.forEachRemaining(ArrayList.java:1382)
	at java.util.stream.AbstractPipeline.copyInto(AbstractPipeline.java:482)
	at java.util.stream.ForEachOps$ForEachTask.compute(ForEachOps.java:291)
	at java.util.concurrent.CountedCompleter.exec(CountedCompleter.java:731)
	at java.util.concurrent.ForkJoinTask.doExec(ForkJoinTask.java:289)
	at java.util.concurrent.ForkJoinTask.doInvoke(ForkJoinTask.java:401)
	at java.util.concurrent.ForkJoinTask.invoke(ForkJoinTask.java:734)
	at java.util.stream.ForEachOps$ForEachOp.evaluateParallel(ForEachOps.java:160)
	at java.util.stream.ForEachOps$ForEachOp$OfRef.evaluateParallel(ForEachOps.java:174)
	at java.util.stream.AbstractPipeline.evaluate(AbstractPipeline.java:233)
	at java.util.stream.ReferencePipeline.forEach(ReferencePipeline.java:418)
	at java.util.stream.ReferencePipeline$Head.forEach(ReferencePipeline.java:583)
	at org.apache.hadoop.hdds.scm.pipeline.RatisPipelineProvider.lambda$callRatisRpc$6(RatisPipelineProvider.java:225)
	at java.util.concurrent.ForkJoinTask$AdaptedRunnableAction.exec(ForkJoinTask.java:1386)
	at java.util.concurrent.ForkJoinTask.doExec(ForkJoinTask.java:289)
	at java.util.concurrent.ForkJoinPool$WorkQueue.runTask(ForkJoinPool.java:1056)
	at java.util.concurrent.ForkJoinPool.runWorker(ForkJoinPool.java:1692)
	at java.util.concurrent.ForkJoinWorkerThread.run(ForkJoinWorkerThread.java:157)
Caused by: org.apache.ratis.thirdparty.io.grpc.StatusRuntimeException: DEADLINE_EXCEEDED: deadline exceeded after 2999692854ns
	at org.apache.ratis.thirdparty.io.grpc.stub.ClientCalls.toStatusRuntimeException(ClientCalls.java:233)
	at org.apache.ratis.thirdparty.io.grpc.stub.ClientCalls.getUnchecked(ClientCalls.java:214)
	at org.apache.ratis.thirdparty.io.grpc.stub.ClientCalls.blockingUnaryCall(ClientCalls.java:139)
	at org.apache.ratis.proto.grpc.AdminProtocolServiceGrpc$AdminProtocolServiceBlockingStub.groupManagement(AdminProtocolServiceGrpc.java:274)
	at org.apache.ratis.grpc.client.GrpcClientProtocolClient.lambda$groupAdd$3(GrpcClientProtocolClient.java:149)
	at org.apache.ratis.grpc.client.GrpcClientProtocolClient.blockingCall(GrpcClientProtocolClient.java:176)
	... 25 more
2019-09-24 18:19:27,063 [RATISCREATEPIPELINE2] ERROR pipeline.RatisPipelineProvider (RatisPipelineProvider.java:lambda$null$5(235)) - Failed invoke Ratis rpc org.apache.hadoop.hdds.scm.pipeline.RatisPipelineProvider$$Lambda$186/2025244198@5dfc8eb2 for 1ef4a0bb-4a8c-4224-99dc-5dce18d8d28c
org.apache.ratis.protocol.TimeoutIOException: deadline exceeded after 2997126001ns
	at org.apache.ratis.grpc.GrpcUtil.tryUnwrapException(GrpcUtil.java:82)
	at org.apache.ratis.grpc.GrpcUtil.unwrapException(GrpcUtil.java:75)
	at org.apache.ratis.grpc.client.GrpcClientProtocolClient.blockingCall(GrpcClientProtocolClient.java:178)
	at org.apache.ratis.grpc.client.GrpcClientProtocolClient.groupAdd(GrpcClientProtocolClient.java:147)
	at org.apache.ratis.grpc.client.GrpcClientRpc.sendRequest(GrpcClientRpc.java:94)
	at org.apache.ratis.client.impl.RaftClientImpl.sendRequest(RaftClientImpl.java:278)
	at org.apache.ratis.client.impl.RaftClientImpl.groupAdd(RaftClientImpl.java:205)
	at org.apache.hadoop.hdds.scm.pipeline.RatisPipelineProvider.lambda$initializePipeline$4(RatisPipelineProvider.java:196)
	at org.apache.hadoop.hdds.scm.pipeline.RatisPipelineProvider.lambda$null$5(RatisPipelineProvider.java:231)
	at java.util.stream.ForEachOps$ForEachOp$OfRef.accept(ForEachOps.java:184)
	at java.util.ArrayList$ArrayListSpliterator.forEachRemaining(ArrayList.java:1382)
	at java.util.stream.AbstractPipeline.copyInto(AbstractPipeline.java:482)
	at java.util.stream.ForEachOps$ForEachTask.compute(ForEachOps.java:291)
	at java.util.concurrent.CountedCompleter.exec(CountedCompleter.java:731)
	at java.util.concurrent.ForkJoinTask.doExec(ForkJoinTask.java:289)
	at java.util.concurrent.ForkJoinPool$WorkQueue.runTask(ForkJoinPool.java:1056)
	at java.util.concurrent.ForkJoinPool.runWorker(ForkJoinPool.java:1692)
	at java.util.concurrent.ForkJoinWorkerThread.run(ForkJoinWorkerThread.java:157)
Caused by: org.apache.ratis.thirdparty.io.grpc.StatusRuntimeException: DEADLINE_EXCEEDED: deadline exceeded after 2997126001ns
	at org.apache.ratis.thirdparty.io.grpc.stub.ClientCalls.toStatusRuntimeException(ClientCalls.java:233)
	at org.apache.ratis.thirdparty.io.grpc.stub.ClientCalls.getUnchecked(ClientCalls.java:214)
	at org.apache.ratis.thirdparty.io.grpc.stub.ClientCalls.blockingUnaryCall(ClientCalls.java:139)
	at org.apache.ratis.proto.grpc.AdminProtocolServiceGrpc$AdminProtocolServiceBlockingStub.groupManagement(AdminProtocolServiceGrpc.java:274)
	at org.apache.ratis.grpc.client.GrpcClientProtocolClient.lambda$groupAdd$3(GrpcClientProtocolClient.java:149)
	at org.apache.ratis.grpc.client.GrpcClientProtocolClient.blockingCall(GrpcClientProtocolClient.java:176)
	... 15 more
2019-09-24 18:19:27,047 [RATISCREATEPIPELINE3] ERROR pipeline.RatisPipelineProvider (RatisPipelineProvider.java:lambda$null$5(235)) - Failed invoke Ratis rpc org.apache.hadoop.hdds.scm.pipeline.RatisPipelineProvider$$Lambda$186/2025244198@5dfc8eb2 for 2135d647-a495-482b-8bc4-ca4f8b4fdafb
org.apache.ratis.protocol.TimeoutIOException: deadline exceeded after 2997126339ns
	at org.apache.ratis.grpc.GrpcUtil.tryUnwrapException(GrpcUtil.java:82)
	at org.apache.ratis.grpc.GrpcUtil.unwrapException(GrpcUtil.java:75)
	at org.apache.ratis.grpc.client.GrpcClientProtocolClient.blockingCall(GrpcClientProtocolClient.java:178)
	at org.apache.ratis.grpc.client.GrpcClientProtocolClient.groupAdd(GrpcClientProtocolClient.java:147)
	at org.apache.ratis.grpc.client.GrpcClientRpc.sendRequest(GrpcClientRpc.java:94)
	at org.apache.ratis.client.impl.RaftClientImpl.sendRequest(RaftClientImpl.java:278)
	at org.apache.ratis.client.impl.RaftClientImpl.groupAdd(RaftClientImpl.java:205)
	at org.apache.hadoop.hdds.scm.pipeline.RatisPipelineProvider.lambda$initializePipeline$4(RatisPipelineProvider.java:196)
	at org.apache.hadoop.hdds.scm.pipeline.RatisPipelineProvider.lambda$null$5(RatisPipelineProvider.java:231)
	at java.util.stream.ForEachOps$ForEachOp$OfRef.accept(ForEachOps.java:184)
	at java.util.ArrayList$ArrayListSpliterator.forEachRemaining(ArrayList.java:1382)
	at java.util.stream.AbstractPipeline.copyInto(AbstractPipeline.java:482)
	at java.util.stream.ForEachOps$ForEachTask.compute(ForEachOps.java:291)
	at java.util.concurrent.CountedCompleter.exec(CountedCompleter.java:731)
	at java.util.concurrent.ForkJoinTask.doExec(ForkJoinTask.java:289)
	at java.util.concurrent.ForkJoinPool$WorkQueue.runTask(ForkJoinPool.java:1056)
	at java.util.concurrent.ForkJoinPool.runWorker(ForkJoinPool.java:1692)
	at java.util.concurrent.ForkJoinWorkerThread.run(ForkJoinWorkerThread.java:157)
Caused by: org.apache.ratis.thirdparty.io.grpc.StatusRuntimeException: DEADLINE_EXCEEDED: deadline exceeded after 2997126339ns
	at org.apache.ratis.thirdparty.io.grpc.stub.ClientCalls.toStatusRuntimeException(ClientCalls.java:233)
	at org.apache.ratis.thirdparty.io.grpc.stub.ClientCalls.getUnchecked(ClientCalls.java:214)
	at org.apache.ratis.thirdparty.io.grpc.stub.ClientCalls.blockingUnaryCall(ClientCalls.java:139)
	at org.apache.ratis.proto.grpc.AdminProtocolServiceGrpc$AdminProtocolServiceBlockingStub.groupManagement(AdminProtocolServiceGrpc.java:274)
	at org.apache.ratis.grpc.client.GrpcClientProtocolClient.lambda$groupAdd$3(GrpcClientProtocolClient.java:149)
	at org.apache.ratis.grpc.client.GrpcClientProtocolClient.blockingCall(GrpcClientProtocolClient.java:176)
	... 15 more
2019-09-24 18:19:27,071 [IPC Server handler 18 on 34630] WARN  block.BlockManagerImpl (BlockManagerImpl.java:allocateBlock(192)) - Pipeline creation failed for type:RATIS factor:THREE. Retrying get pipelines call once.
org.apache.hadoop.io.MultipleIOException: 3 exceptions [java.io.IOException: Failed invoke Ratis rpc org.apache.hadoop.hdds.scm.pipeline.RatisPipelineProvider$$Lambda$186/2025244198@5dfc8eb2 for 56d3d73d-28bb-4c7c-9d35-99456f3549be, java.io.IOException: Failed invoke Ratis rpc org.apache.hadoop.hdds.scm.pipeline.RatisPipelineProvider$$Lambda$186/2025244198@5dfc8eb2 for 1ef4a0bb-4a8c-4224-99dc-5dce18d8d28c, java.io.IOException: Failed invoke Ratis rpc org.apache.hadoop.hdds.scm.pipeline.RatisPipelineProvider$$Lambda$186/2025244198@5dfc8eb2 for 2135d647-a495-482b-8bc4-ca4f8b4fdafb]
	at org.apache.hadoop.io.MultipleIOException.createIOException(MultipleIOException.java:53)
	at org.apache.hadoop.hdds.scm.pipeline.RatisPipelineProvider.callRatisRpc(RatisPipelineProvider.java:251)
	at org.apache.hadoop.hdds.scm.pipeline.RatisPipelineProvider.initializePipeline(RatisPipelineProvider.java:194)
	at org.apache.hadoop.hdds.scm.pipeline.RatisPipelineProvider.create(RatisPipelineProvider.java:163)
	at org.apache.hadoop.hdds.scm.pipeline.PipelineFactory.create(PipelineFactory.java:58)
	at org.apache.hadoop.hdds.scm.pipeline.SCMPipelineManager.createPipeline(SCMPipelineManager.java:155)
	at org.apache.hadoop.hdds.scm.block.BlockManagerImpl.allocateBlock(BlockManagerImpl.java:190)
	at org.apache.hadoop.hdds.scm.server.SCMBlockProtocolServer.allocateBlock(SCMBlockProtocolServer.java:182)
	at org.apache.hadoop.ozone.protocolPB.ScmBlockLocationProtocolServerSideTranslatorPB.allocateScmBlock(ScmBlockLocationProtocolServerSideTranslatorPB.java:183)
	at org.apache.hadoop.ozone.protocolPB.ScmBlockLocationProtocolServerSideTranslatorPB.processMessage(ScmBlockLocationProtocolServerSideTranslatorPB.java:141)
	at org.apache.hadoop.ozone.protocolPB.ScmBlockLocationProtocolServerSideTranslatorPB.send(ScmBlockLocationProtocolServerSideTranslatorPB.java:116)
	at org.apache.hadoop.hdds.protocol.proto.ScmBlockLocationProtocolProtos$ScmBlockLocationProtocolService$2.callBlockingMethod(ScmBlockLocationProtocolProtos.java:13157)
	at org.apache.hadoop.ipc.ProtobufRpcEngine$Server$ProtoBufRpcInvoker.call(ProtobufRpcEngine.java:524)
	at org.apache.hadoop.ipc.RPC$Server.call(RPC.java:1025)
	at org.apache.hadoop.ipc.Server$RpcCall.run(Server.java:876)
	at org.apache.hadoop.ipc.Server$RpcCall.run(Server.java:822)
	at java.security.AccessController.doPrivileged(Native Method)
	at javax.security.auth.Subject.doAs(Subject.java:422)
	at org.apache.hadoop.security.UserGroupInformation.doAs(UserGroupInformation.java:1730)
	at org.apache.hadoop.ipc.Server$Handler.run(Server.java:2682)
2019-09-24 18:19:27,072 [IPC Server handler 18 on 34630] INFO  block.BlockManagerImpl (BlockManagerImpl.java:allocateBlock(198)) - Could not find available pipeline of type:RATIS and factor:THREE even after retrying
2019-09-24 18:19:27,072 [IPC Server handler 18 on 34630] ERROR block.BlockManagerImpl (BlockManagerImpl.java:allocateBlock(222)) - Unable to allocate a block for the size: 4194304, type: RATIS, factor: THREE
2019-09-24 18:19:27,104 [grpc-default-executor-2] INFO  impl.RaftServerProxy (RaftServerProxy.java:addNew(89)) - 2135d647-a495-482b-8bc4-ca4f8b4fdafb: addNew group-C63832CD55DC:[1ef4a0bb-4a8c-4224-99dc-5dce18d8d28c:192.168.36.84:36426, 56d3d73d-28bb-4c7c-9d35-99456f3549be:192.168.36.84:34646, 2135d647-a495-482b-8bc4-ca4f8b4fdafb:192.168.36.84:46711] returns group-C63832CD55DC:java.util.concurrent.CompletableFuture@360fffe8[Not completed]
2019-09-24 18:19:27,104 [grpc-default-executor-0] INFO  impl.RaftServerProxy (RaftServerProxy.java:addNew(89)) - 1ef4a0bb-4a8c-4224-99dc-5dce18d8d28c: addNew group-C63832CD55DC:[1ef4a0bb-4a8c-4224-99dc-5dce18d8d28c:192.168.36.84:36426, 56d3d73d-28bb-4c7c-9d35-99456f3549be:192.168.36.84:34646, 2135d647-a495-482b-8bc4-ca4f8b4fdafb:192.168.36.84:46711] returns group-C63832CD55DC:java.util.concurrent.CompletableFuture@de63b67[Not completed]
2019-09-24 18:19:27,104 [grpc-default-executor-1] INFO  impl.RaftServerProxy (RaftServerProxy.java:addNew(89)) - 56d3d73d-28bb-4c7c-9d35-99456f3549be: addNew group-C63832CD55DC:[1ef4a0bb-4a8c-4224-99dc-5dce18d8d28c:192.168.36.84:36426, 56d3d73d-28bb-4c7c-9d35-99456f3549be:192.168.36.84:34646, 2135d647-a495-482b-8bc4-ca4f8b4fdafb:192.168.36.84:46711] returns group-C63832CD55DC:java.util.concurrent.CompletableFuture@c0db56c[Not completed]
2019-09-24 18:19:27,251 [pool-47-thread-1] INFO  storage.RaftStorageDirectory (RaftStorageDirectory.java:tryLock(328)) - Lock on /workdir/hadoop-ozone/integration-test/target/test-dir/MiniOzoneClusterImpl-9a157790-03e5-4da0-a236-db4a40193cb2/datanode-2/data/ratis/82a4a9b2-1508-456c-b27a-ad756a492edb/in_use.lock acquired by nodename 18388@pr-hdds-2171-6l6hb-1841322612
2019-09-24 18:19:27,251 [pool-87-thread-1] INFO  storage.RaftStorageDirectory (RaftStorageDirectory.java:tryLock(328)) - Lock on /workdir/hadoop-ozone/integration-test/target/test-dir/MiniOzoneClusterImpl-9a157790-03e5-4da0-a236-db4a40193cb2/datanode-6/data/ratis/460930b6-52cf-4956-a531-14bf59fd49fa/in_use.lock acquired by nodename 18388@pr-hdds-2171-6l6hb-1841322612
2019-09-24 18:19:27,251 [pool-57-thread-1] INFO  storage.RaftStorageDirectory (RaftStorageDirectory.java:tryLock(328)) - Lock on /workdir/hadoop-ozone/integration-test/target/test-dir/MiniOzoneClusterImpl-9a157790-03e5-4da0-a236-db4a40193cb2/datanode-3/data/ratis/460930b6-52cf-4956-a531-14bf59fd49fa/in_use.lock acquired by nodename 18388@pr-hdds-2171-6l6hb-1841322612
2019-09-24 18:19:27,253 [89d32083-36da-4134-ac31-afc8da3916e1@group-8DDD8D75480A-SegmentedRaftLogWorker] INFO  segmented.SegmentedRaftLogWorker (SegmentedRaftLogWorker.java:execute(569)) - 89d32083-36da-4134-ac31-afc8da3916e1@group-8DDD8D75480A-SegmentedRaftLogWorker: created new log segment /workdir/hadoop-ozone/integration-test/target/test-dir/MiniOzoneClusterImpl-9a157790-03e5-4da0-a236-db4a40193cb2/datanode-0/data/ratis/09826f51-9a5f-44cb-8b32-8ddd8d75480a/current/log_inprogress_0
2019-09-24 18:19:27,253 [56d3d73d-28bb-4c7c-9d35-99456f3549be@group-CCB3303368FC:LeaderElection3] INFO  impl.LeaderElection (LeaderElection.java:askForVotes(182)) - 56d3d73d-28bb-4c7c-9d35-99456f3549be@group-CCB3303368FC:LeaderElection3: begin an election at term 2 for -1: [1ef4a0bb-4a8c-4224-99dc-5dce18d8d28c:192.168.36.84:36426, 56d3d73d-28bb-4c7c-9d35-99456f3549be:192.168.36.84:34646, 2135d647-a495-482b-8bc4-ca4f8b4fdafb:192.168.36.84:46711], old=null
2019-09-24 18:19:27,265 [grpc-default-executor-1] WARN  server.GrpcServerProtocolService (LogUtils.java:warn(134)) - 1ef4a0bb-4a8c-4224-99dc-5dce18d8d28c: Failed requestVote 56d3d73d-28bb-4c7c-9d35-99456f3549be->1ef4a0bb-4a8c-4224-99dc-5dce18d8d28c#0: org.apache.ratis.protocol.ServerNotReadyException: 1ef4a0bb-4a8c-4224-99dc-5dce18d8d28c@group-CCB3303368FC is not in [RUNNING]: current state is NEW
2019-09-24 18:19:27,265 [grpc-default-executor-0] WARN  server.GrpcServerProtocolService (LogUtils.java:warn(134)) - 2135d647-a495-482b-8bc4-ca4f8b4fdafb: Failed requestVote 56d3d73d-28bb-4c7c-9d35-99456f3549be->2135d647-a495-482b-8bc4-ca4f8b4fdafb#0: org.apache.ratis.protocol.ServerNotReadyException: 2135d647-a495-482b-8bc4-ca4f8b4fdafb@group-CCB3303368FC is not in [RUNNING]: current state is NEW
2019-09-24 18:19:27,275 [56d3d73d-28bb-4c7c-9d35-99456f3549be@group-CCB3303368FC:LeaderElection3] INFO  impl.LeaderElection (LogUtils.java:infoOrTrace(149)) - 56d3d73d-28bb-4c7c-9d35-99456f3549be@group-CCB3303368FC:LeaderElection3 got exception when requesting votes: {}
java.util.concurrent.ExecutionException: org.apache.ratis.thirdparty.io.grpc.StatusRuntimeException: INTERNAL: 1ef4a0bb-4a8c-4224-99dc-5dce18d8d28c@group-CCB3303368FC is not in [RUNNING]: current state is NEW
	at java.util.concurrent.FutureTask.report(FutureTask.java:122)
	at java.util.concurrent.FutureTask.get(FutureTask.java:192)
	at org.apache.ratis.server.impl.LeaderElection.waitForResults(LeaderElection.java:263)
	at org.apache.ratis.server.impl.LeaderElection.askForVotes(LeaderElection.java:201)
	at org.apache.ratis.server.impl.LeaderElection.run(LeaderElection.java:133)
	at java.lang.Thread.run(Thread.java:748)
Caused by: org.apache.ratis.thirdparty.io.grpc.StatusRuntimeException: INTERNAL: 1ef4a0bb-4a8c-4224-99dc-5dce18d8d28c@group-CCB3303368FC is not in [RUNNING]: current state is NEW
	at org.apache.ratis.thirdparty.io.grpc.stub.ClientCalls.toStatusRuntimeException(ClientCalls.java:233)
	at org.apache.ratis.thirdparty.io.grpc.stub.ClientCalls.getUnchecked(ClientCalls.java:214)
	at org.apache.ratis.thirdparty.io.grpc.stub.ClientCalls.blockingUnaryCall(ClientCalls.java:139)
	at org.apache.ratis.proto.grpc.RaftServerProtocolServiceGrpc$RaftServerProtocolServiceBlockingStub.requestVote(RaftServerProtocolServiceGrpc.java:265)
	at org.apache.ratis.grpc.server.GrpcServerProtocolClient.requestVote(GrpcServerProtocolClient.java:90)
	at org.apache.ratis.grpc.server.GrpcService.requestVote(GrpcService.java:204)
	at org.apache.ratis.server.impl.LeaderElection.lambda$submitRequests$1(LeaderElection.java:238)
	at java.util.concurrent.FutureTask.run(FutureTask.java:266)
	at java.util.concurrent.Executors$RunnableAdapter.call(Executors.java:511)
	at java.util.concurrent.FutureTask.run(FutureTask.java:266)
	at java.util.concurrent.ThreadPoolExecutor.runWorker(ThreadPoolExecutor.java:1149)
	at java.util.concurrent.ThreadPoolExecutor$Worker.run(ThreadPoolExecutor.java:624)
	... 1 more
2019-09-24 18:19:27,279 [56d3d73d-28bb-4c7c-9d35-99456f3549be@group-CCB3303368FC:LeaderElection3] INFO  impl.LeaderElection (LogUtils.java:infoOrTrace(149)) - 56d3d73d-28bb-4c7c-9d35-99456f3549be@group-CCB3303368FC:LeaderElection3 got exception when requesting votes: {}
java.util.concurrent.ExecutionException: org.apache.ratis.thirdparty.io.grpc.StatusRuntimeException: INTERNAL: 2135d647-a495-482b-8bc4-ca4f8b4fdafb@group-CCB3303368FC is not in [RUNNING]: current state is NEW
	at java.util.concurrent.FutureTask.report(FutureTask.java:122)
	at java.util.concurrent.FutureTask.get(FutureTask.java:192)
	at org.apache.ratis.server.impl.LeaderElection.waitForResults(LeaderElection.java:263)
	at org.apache.ratis.server.impl.LeaderElection.askForVotes(LeaderElection.java:201)
	at org.apache.ratis.server.impl.LeaderElection.run(LeaderElection.java:133)
	at java.lang.Thread.run(Thread.java:748)
Caused by: org.apache.ratis.thirdparty.io.grpc.StatusRuntimeException: INTERNAL: 2135d647-a495-482b-8bc4-ca4f8b4fdafb@group-CCB3303368FC is not in [RUNNING]: current state is NEW
	at org.apache.ratis.thirdparty.io.grpc.stub.ClientCalls.toStatusRuntimeException(ClientCalls.java:233)
	at org.apache.ratis.thirdparty.io.grpc.stub.ClientCalls.getUnchecked(ClientCalls.java:214)
	at org.apache.ratis.thirdparty.io.grpc.stub.ClientCalls.blockingUnaryCall(ClientCalls.java:139)
	at org.apache.ratis.proto.grpc.RaftServerProtocolServiceGrpc$RaftServerProtocolServiceBlockingStub.requestVote(RaftServerProtocolServiceGrpc.java:265)
	at org.apache.ratis.grpc.server.GrpcServerProtocolClient.requestVote(GrpcServerProtocolClient.java:90)
	at org.apache.ratis.grpc.server.GrpcService.requestVote(GrpcService.java:204)
	at org.apache.ratis.server.impl.LeaderElection.lambda$submitRequests$1(LeaderElection.java:238)
	at java.util.concurrent.FutureTask.run(FutureTask.java:266)
	at java.util.concurrent.Executors$RunnableAdapter.call(Executors.java:511)
	at java.util.concurrent.FutureTask.run(FutureTask.java:266)
	at java.util.concurrent.ThreadPoolExecutor.runWorker(ThreadPoolExecutor.java:1149)
	at java.util.concurrent.ThreadPoolExecutor$Worker.run(ThreadPoolExecutor.java:624)
	... 1 more
2019-09-24 18:19:27,281 [56d3d73d-28bb-4c7c-9d35-99456f3549be@group-CCB3303368FC:LeaderElection3] INFO  impl.LeaderElection (LeaderElection.java:logAndReturn(56)) - 56d3d73d-28bb-4c7c-9d35-99456f3549be@group-CCB3303368FC:LeaderElection3: Election REJECTED; received 0 response(s) [] and 2 exception(s); 56d3d73d-28bb-4c7c-9d35-99456f3549be@group-CCB3303368FC:t2, leader=null, voted=56d3d73d-28bb-4c7c-9d35-99456f3549be, raftlog=56d3d73d-28bb-4c7c-9d35-99456f3549be@group-CCB3303368FC-SegmentedRaftLog:OPENED:c-1,f-1,i0, conf=-1: [1ef4a0bb-4a8c-4224-99dc-5dce18d8d28c:192.168.36.84:36426, 56d3d73d-28bb-4c7c-9d35-99456f3549be:192.168.36.84:34646, 2135d647-a495-482b-8bc4-ca4f8b4fdafb:192.168.36.84:46711], old=null
2019-09-24 18:19:27,281 [56d3d73d-28bb-4c7c-9d35-99456f3549be@group-CCB3303368FC:LeaderElection3] INFO  impl.LeaderElection (LogUtils.java:infoOrTrace(149)) -   Exception 0: {}
java.util.concurrent.ExecutionException: org.apache.ratis.thirdparty.io.grpc.StatusRuntimeException: INTERNAL: 1ef4a0bb-4a8c-4224-99dc-5dce18d8d28c@group-CCB3303368FC is not in [RUNNING]: current state is NEW
	at java.util.concurrent.FutureTask.report(FutureTask.java:122)
	at java.util.concurrent.FutureTask.get(FutureTask.java:192)
	at org.apache.ratis.server.impl.LeaderElection.waitForResults(LeaderElection.java:263)
	at org.apache.ratis.server.impl.LeaderElection.askForVotes(LeaderElection.java:201)
	at org.apache.ratis.server.impl.LeaderElection.run(LeaderElection.java:133)
	at java.lang.Thread.run(Thread.java:748)
Caused by: org.apache.ratis.thirdparty.io.grpc.StatusRuntimeException: INTERNAL: 1ef4a0bb-4a8c-4224-99dc-5dce18d8d28c@group-CCB3303368FC is not in [RUNNING]: current state is NEW
	at org.apache.ratis.thirdparty.io.grpc.stub.ClientCalls.toStatusRuntimeException(ClientCalls.java:233)
	at org.apache.ratis.thirdparty.io.grpc.stub.ClientCalls.getUnchecked(ClientCalls.java:214)
	at org.apache.ratis.thirdparty.io.grpc.stub.ClientCalls.blockingUnaryCall(ClientCalls.java:139)
	at org.apache.ratis.proto.grpc.RaftServerProtocolServiceGrpc$RaftServerProtocolServiceBlockingStub.requestVote(RaftServerProtocolServiceGrpc.java:265)
	at org.apache.ratis.grpc.server.GrpcServerProtocolClient.requestVote(GrpcServerProtocolClient.java:90)
	at org.apache.ratis.grpc.server.GrpcService.requestVote(GrpcService.java:204)
	at org.apache.ratis.server.impl.LeaderElection.lambda$submitRequests$1(LeaderElection.java:238)
	at java.util.concurrent.FutureTask.run(FutureTask.java:266)
	at java.util.concurrent.Executors$RunnableAdapter.call(Executors.java:511)
	at java.util.concurrent.FutureTask.run(FutureTask.java:266)
	at java.util.concurrent.ThreadPoolExecutor.runWorker(ThreadPoolExecutor.java:1149)
	at java.util.concurrent.ThreadPoolExecutor$Worker.run(ThreadPoolExecutor.java:624)
	... 1 more
2019-09-24 18:19:27,282 [56d3d73d-28bb-4c7c-9d35-99456f3549be@group-CCB3303368FC:LeaderElection3] INFO  impl.LeaderElection (LogUtils.java:infoOrTrace(149)) -   Exception 1: {}
java.util.concurrent.ExecutionException: org.apache.ratis.thirdparty.io.grpc.StatusRuntimeException: INTERNAL: 2135d647-a495-482b-8bc4-ca4f8b4fdafb@group-CCB3303368FC is not in [RUNNING]: current state is NEW
	at java.util.concurrent.FutureTask.report(FutureTask.java:122)
	at java.util.concurrent.FutureTask.get(FutureTask.java:192)
	at org.apache.ratis.server.impl.LeaderElection.waitForResults(LeaderElection.java:263)
	at org.apache.ratis.server.impl.LeaderElection.askForVotes(LeaderElection.java:201)
	at org.apache.ratis.server.impl.LeaderElection.run(LeaderElection.java:133)
	at java.lang.Thread.run(Thread.java:748)
Caused by: org.apache.ratis.thirdparty.io.grpc.StatusRuntimeException: INTERNAL: 2135d647-a495-482b-8bc4-ca4f8b4fdafb@group-CCB3303368FC is not in [RUNNING]: current state is NEW
	at org.apache.ratis.thirdparty.io.grpc.stub.ClientCalls.toStatusRuntimeException(ClientCalls.java:233)
	at org.apache.ratis.thirdparty.io.grpc.stub.ClientCalls.getUnchecked(ClientCalls.java:214)
	at org.apache.ratis.thirdparty.io.grpc.stub.ClientCalls.blockingUnaryCall(ClientCalls.java:139)
	at org.apache.ratis.proto.grpc.RaftServerProtocolServiceGrpc$RaftServerProtocolServiceBlockingStub.requestVote(RaftServerProtocolServiceGrpc.java:265)
	at org.apache.ratis.grpc.server.GrpcServerProtocolClient.requestVote(GrpcServerProtocolClient.java:90)
	at org.apache.ratis.grpc.server.GrpcService.requestVote(GrpcService.java:204)
	at org.apache.ratis.server.impl.LeaderElection.lambda$submitRequests$1(LeaderElection.java:238)
	at java.util.concurrent.FutureTask.run(FutureTask.java:266)
	at java.util.concurrent.Executors$RunnableAdapter.call(Executors.java:511)
	at java.util.concurrent.FutureTask.run(FutureTask.java:266)
	at java.util.concurrent.ThreadPoolExecutor.runWorker(ThreadPoolExecutor.java:1149)
	at java.util.concurrent.ThreadPoolExecutor$Worker.run(ThreadPoolExecutor.java:624)
	... 1 more
2019-09-24 18:19:27,282 [56d3d73d-28bb-4c7c-9d35-99456f3549be@group-CCB3303368FC:LeaderElection3] INFO  impl.RaftServerImpl (RaftServerImpl.java:setRole(174)) - 56d3d73d-28bb-4c7c-9d35-99456f3549be@group-CCB3303368FC: changes role from CANDIDATE to FOLLOWER at term 2 for DISCOVERED_A_NEW_TERM
2019-09-24 18:19:27,284 [56d3d73d-28bb-4c7c-9d35-99456f3549be@group-CCB3303368FC:LeaderElection3] INFO  impl.RoleInfo (RoleInfo.java:shutdownLeaderElection(134)) - 56d3d73d-28bb-4c7c-9d35-99456f3549be: shutdown LeaderElection
2019-09-24 18:19:27,286 [56d3d73d-28bb-4c7c-9d35-99456f3549be@group-CCB3303368FC:LeaderElection3] INFO  impl.RoleInfo (RoleInfo.java:updateAndGet(143)) - 56d3d73d-28bb-4c7c-9d35-99456f3549be: start FollowerState
2019-09-24 18:19:27,640 [pool-87-thread-1] INFO  storage.RaftStorage (RaftStorage.java:format(72)) - Storage directory /workdir/hadoop-ozone/integration-test/target/test-dir/MiniOzoneClusterImpl-9a157790-03e5-4da0-a236-db4a40193cb2/datanode-6/data/ratis/460930b6-52cf-4956-a531-14bf59fd49fa has been successfully formatted.
2019-09-24 18:19:27,640 [pool-47-thread-1] INFO  storage.RaftStorage (RaftStorage.java:format(72)) - Storage directory /workdir/hadoop-ozone/integration-test/target/test-dir/MiniOzoneClusterImpl-9a157790-03e5-4da0-a236-db4a40193cb2/datanode-2/data/ratis/82a4a9b2-1508-456c-b27a-ad756a492edb has been successfully formatted.
2019-09-24 18:19:27,645 [pool-87-thread-1] INFO  ratis.ContainerStateMachine (ContainerStateMachine.java:loadSnapshot(230)) - group-14BF59FD49FA: The snapshot info is null. Setting the last applied indexto:(t:0, i:~)
2019-09-24 18:19:27,640 [pool-57-thread-1] INFO  storage.RaftStorage (RaftStorage.java:format(72)) - Storage directory /workdir/hadoop-ozone/integration-test/target/test-dir/MiniOzoneClusterImpl-9a157790-03e5-4da0-a236-db4a40193cb2/datanode-3/data/ratis/460930b6-52cf-4956-a531-14bf59fd49fa has been successfully formatted.
2019-09-24 18:19:27,645 [pool-87-thread-1] INFO  server.RaftServerConfigKeys (ConfUtils.java:logGet(43)) - raft.server.notification.no-leader.timeout = 120s (custom)
2019-09-24 18:19:27,645 [pool-47-thread-1] INFO  ratis.ContainerStateMachine (ContainerStateMachine.java:loadSnapshot(230)) - group-AD756A492EDB: The snapshot info is null. Setting the last applied indexto:(t:0, i:~)
2019-09-24 18:19:27,645 [pool-87-thread-1] INFO  server.RaftServerConfigKeys (ConfUtils.java:logGet(43)) - raft.server.log.use.memory = false (default)
2019-09-24 18:19:27,645 [pool-57-thread-1] INFO  ratis.ContainerStateMachine (ContainerStateMachine.java:loadSnapshot(230)) - group-14BF59FD49FA: The snapshot info is null. Setting the last applied indexto:(t:0, i:~)
2019-09-24 18:19:27,646 [pool-87-thread-1] INFO  server.RaftServerConfigKeys (ConfUtils.java:logGet(43)) - raft.server.log.purge.gap = 1000000 (custom)
2019-09-24 18:19:27,645 [pool-47-thread-1] INFO  server.RaftServerConfigKeys (ConfUtils.java:logGet(43)) - raft.server.notification.no-leader.timeout = 120s (custom)
2019-09-24 18:19:27,646 [pool-87-thread-1] INFO  server.RaftServerConfigKeys (ConfUtils.java:logGet(43)) - raft.server.log.appender.buffer.byte-limit = 33554432 (custom)
2019-09-24 18:19:27,646 [pool-57-thread-1] INFO  server.RaftServerConfigKeys (ConfUtils.java:logGet(43)) - raft.server.notification.no-leader.timeout = 120s (custom)
2019-09-24 18:19:27,646 [pool-87-thread-1] INFO  server.RaftServerConfigKeys (ConfUtils.java:logGet(43)) - raft.server.log.segment.size.max = 1048576 (custom)
2019-09-24 18:19:27,646 [pool-47-thread-1] INFO  server.RaftServerConfigKeys (ConfUtils.java:logGet(43)) - raft.server.log.use.memory = false (default)
2019-09-24 18:19:27,646 [pool-87-thread-1] INFO  server.RaftServerConfigKeys (ConfUtils.java:logGet(43)) - raft.server.log.segment.cache.num.max = 2 (custom)
2019-09-24 18:19:27,646 [pool-57-thread-1] INFO  server.RaftServerConfigKeys (ConfUtils.java:logGet(43)) - raft.server.log.use.memory = false (default)
2019-09-24 18:19:27,647 [pool-87-thread-1] INFO  segmented.SegmentedRaftLogWorker (SegmentedRaftLogWorker.java:<init>(172)) - new 56d3d73d-28bb-4c7c-9d35-99456f3549be@group-14BF59FD49FA-SegmentedRaftLogWorker for RaftStorage:Storage Directory /workdir/hadoop-ozone/integration-test/target/test-dir/MiniOzoneClusterImpl-9a157790-03e5-4da0-a236-db4a40193cb2/datanode-6/data/ratis/460930b6-52cf-4956-a531-14bf59fd49fa
2019-09-24 18:19:27,647 [pool-47-thread-1] INFO  server.RaftServerConfigKeys (ConfUtils.java:logGet(43)) - raft.server.log.purge.gap = 1000000 (custom)
2019-09-24 18:19:27,647 [pool-87-thread-1] INFO  server.RaftServerConfigKeys (ConfUtils.java:logGet(43)) - raft.server.log.queue.byte-limit = 2147483647 (custom)
2019-09-24 18:19:27,647 [pool-57-thread-1] INFO  server.RaftServerConfigKeys (ConfUtils.java:logGet(43)) - raft.server.log.purge.gap = 1000000 (custom)
2019-09-24 18:19:27,647 [pool-87-thread-1] INFO  server.RaftServerConfigKeys (ConfUtils.java:logGet(43)) - raft.server.log.queue.element-limit = 1024 (custom)
2019-09-24 18:19:27,647 [pool-47-thread-1] INFO  server.RaftServerConfigKeys (ConfUtils.java:logGet(43)) - raft.server.log.appender.buffer.byte-limit = 33554432 (custom)
2019-09-24 18:19:27,648 [pool-87-thread-1] INFO  server.RaftServerConfigKeys (ConfUtils.java:logGet(43)) - raft.server.log.segment.size.max = 1048576 (custom)
2019-09-24 18:19:27,647 [pool-57-thread-1] INFO  server.RaftServerConfigKeys (ConfUtils.java:logGet(43)) - raft.server.log.appender.buffer.byte-limit = 33554432 (custom)
2019-09-24 18:19:27,648 [pool-87-thread-1] INFO  server.RaftServerConfigKeys (ConfUtils.java:logGet(43)) - raft.server.log.preallocated.size = 16384 (custom)
2019-09-24 18:19:27,648 [pool-47-thread-1] INFO  server.RaftServerConfigKeys (ConfUtils.java:logGet(43)) - raft.server.log.segment.size.max = 1048576 (custom)
2019-09-24 18:19:27,648 [pool-87-thread-1] INFO  server.RaftServerConfigKeys (ConfUtils.java:logGet(43)) - raft.server.log.write.buffer.size = 33554432 (custom)
2019-09-24 18:19:27,648 [pool-57-thread-1] INFO  server.RaftServerConfigKeys (ConfUtils.java:logGet(43)) - raft.server.log.segment.size.max = 1048576 (custom)
2019-09-24 18:19:27,648 [pool-47-thread-1] INFO  server.RaftServerConfigKeys (ConfUtils.java:logGet(43)) - raft.server.log.segment.cache.num.max = 2 (custom)
2019-09-24 18:19:27,648 [pool-87-thread-1] INFO  server.RaftServerConfigKeys (ConfUtils.java:logGet(43)) - raft.server.log.force.sync.num = 128 (default)
2019-09-24 18:19:27,649 [pool-47-thread-1] INFO  segmented.SegmentedRaftLogWorker (SegmentedRaftLogWorker.java:<init>(172)) - new 1ef4a0bb-4a8c-4224-99dc-5dce18d8d28c@group-AD756A492EDB-SegmentedRaftLogWorker for RaftStorage:Storage Directory /workdir/hadoop-ozone/integration-test/target/test-dir/MiniOzoneClusterImpl-9a157790-03e5-4da0-a236-db4a40193cb2/datanode-2/data/ratis/82a4a9b2-1508-456c-b27a-ad756a492edb
2019-09-24 18:19:27,648 [pool-57-thread-1] INFO  server.RaftServerConfigKeys (ConfUtils.java:logGet(43)) - raft.server.log.segment.cache.num.max = 2 (custom)
2019-09-24 18:19:27,649 [pool-47-thread-1] INFO  server.RaftServerConfigKeys (ConfUtils.java:logGet(43)) - raft.server.log.queue.byte-limit = 2147483647 (custom)
2019-09-24 18:19:27,649 [pool-87-thread-1] INFO  server.RaftServerConfigKeys (ConfUtils.java:logGet(43)) - raft.server.log.statemachine.data.sync = true (default)
2019-09-24 18:19:27,649 [pool-47-thread-1] INFO  server.RaftServerConfigKeys (ConfUtils.java:logGet(43)) - raft.server.log.queue.element-limit = 1024 (custom)
2019-09-24 18:19:27,649 [pool-57-thread-1] INFO  segmented.SegmentedRaftLogWorker (SegmentedRaftLogWorker.java:<init>(172)) - new 2135d647-a495-482b-8bc4-ca4f8b4fdafb@group-14BF59FD49FA-SegmentedRaftLogWorker for RaftStorage:Storage Directory /workdir/hadoop-ozone/integration-test/target/test-dir/MiniOzoneClusterImpl-9a157790-03e5-4da0-a236-db4a40193cb2/datanode-3/data/ratis/460930b6-52cf-4956-a531-14bf59fd49fa
2019-09-24 18:19:27,650 [pool-47-thread-1] INFO  server.RaftServerConfigKeys (ConfUtils.java:logGet(43)) - raft.server.log.segment.size.max = 1048576 (custom)
2019-09-24 18:19:27,649 [pool-87-thread-1] INFO  server.RaftServerConfigKeys (ConfUtils.java:logGet(43)) - raft.server.log.statemachine.data.sync.timeout = 10s (default)
2019-09-24 18:19:27,650 [pool-47-thread-1] INFO  server.RaftServerConfigKeys (ConfUtils.java:logGet(43)) - raft.server.log.preallocated.size = 16384 (custom)
2019-09-24 18:19:27,650 [pool-57-thread-1] INFO  server.RaftServerConfigKeys (ConfUtils.java:logGet(43)) - raft.server.log.queue.byte-limit = 2147483647 (custom)
2019-09-24 18:19:27,650 [pool-47-thread-1] INFO  server.RaftServerConfigKeys (ConfUtils.java:logGet(43)) - raft.server.log.write.buffer.size = 33554432 (custom)
2019-09-24 18:19:27,650 [pool-87-thread-1] INFO  server.RaftServerConfigKeys (ConfUtils.java:logGet(43)) - raft.server.log.statemachine.data.sync.timeout.retry = -1 (default)
2019-09-24 18:19:27,650 [pool-47-thread-1] INFO  server.RaftServerConfigKeys (ConfUtils.java:logGet(43)) - raft.server.log.force.sync.num = 128 (default)
2019-09-24 18:19:27,650 [pool-57-thread-1] INFO  server.RaftServerConfigKeys (ConfUtils.java:logGet(43)) - raft.server.log.queue.element-limit = 1024 (custom)
2019-09-24 18:19:27,651 [pool-47-thread-1] INFO  server.RaftServerConfigKeys (ConfUtils.java:logGet(43)) - raft.server.log.statemachine.data.sync = true (default)
2019-09-24 18:19:27,651 [pool-87-thread-1] INFO  server.RaftServerConfigKeys (ConfUtils.java:logGet(43)) - raft.server.log.statemachine.data.caching.enabled = true (custom)
2019-09-24 18:19:27,651 [pool-47-thread-1] INFO  server.RaftServerConfigKeys (ConfUtils.java:logGet(43)) - raft.server.log.statemachine.data.sync.timeout = 10s (default)
2019-09-24 18:19:27,651 [pool-57-thread-1] INFO  server.RaftServerConfigKeys (ConfUtils.java:logGet(43)) - raft.server.log.segment.size.max = 1048576 (custom)
2019-09-24 18:19:27,651 [pool-87-thread-1] INFO  segmented.SegmentedRaftLogWorker (SegmentedRaftLogWorker.java:lambda$new$0(132)) - 56d3d73d-28bb-4c7c-9d35-99456f3549be@group-14BF59FD49FA-SegmentedRaftLogWorker: flushIndex: setUnconditionally 0 -> -1
2019-09-24 18:19:27,651 [pool-47-thread-1] INFO  server.RaftServerConfigKeys (ConfUtils.java:logGet(43)) - raft.server.log.statemachine.data.sync.timeout.retry = -1 (default)
2019-09-24 18:19:27,651 [pool-57-thread-1] INFO  server.RaftServerConfigKeys (ConfUtils.java:logGet(43)) - raft.server.log.preallocated.size = 16384 (custom)
2019-09-24 18:19:27,652 [pool-47-thread-1] INFO  server.RaftServerConfigKeys (ConfUtils.java:logGet(43)) - raft.server.log.statemachine.data.caching.enabled = true (custom)
2019-09-24 18:19:27,652 [pool-87-thread-1] INFO  server.RaftServerConfigKeys (ConfUtils.java:logGet(43)) - raft.server.snapshot.auto.trigger.enabled = true (custom)
2019-09-24 18:19:27,652 [pool-57-thread-1] INFO  server.RaftServerConfigKeys (ConfUtils.java:logGet(43)) - raft.server.log.write.buffer.size = 33554432 (custom)
2019-09-24 18:19:27,652 [pool-47-thread-1] INFO  segmented.SegmentedRaftLogWorker (SegmentedRaftLogWorker.java:lambda$new$0(132)) - 1ef4a0bb-4a8c-4224-99dc-5dce18d8d28c@group-AD756A492EDB-SegmentedRaftLogWorker: flushIndex: setUnconditionally 0 -> -1
2019-09-24 18:19:27,652 [pool-87-thread-1] INFO  server.RaftServerConfigKeys (ConfUtils.java:logGet(43)) - raft.server.snapshot.auto.trigger.threshold = 10000 (custom)
2019-09-24 18:19:27,652 [pool-57-thread-1] INFO  server.RaftServerConfigKeys (ConfUtils.java:logGet(43)) - raft.server.log.force.sync.num = 128 (default)
2019-09-24 18:19:27,653 [pool-47-thread-1] INFO  server.RaftServerConfigKeys (ConfUtils.java:logGet(43)) - raft.server.snapshot.auto.trigger.enabled = true (custom)
2019-09-24 18:19:27,653 [pool-87-thread-1] INFO  server.RaftServerConfigKeys (ConfUtils.java:logGet(43)) - raft.server.snapshot.retention.num.files = 5 (custom)
2019-09-24 18:19:27,653 [pool-47-thread-1] INFO  server.RaftServerConfigKeys (ConfUtils.java:logGet(43)) - raft.server.snapshot.auto.trigger.threshold = 10000 (custom)
2019-09-24 18:19:27,653 [pool-57-thread-1] INFO  server.RaftServerConfigKeys (ConfUtils.java:logGet(43)) - raft.server.log.statemachine.data.sync = true (default)
2019-09-24 18:19:27,653 [pool-47-thread-1] INFO  server.RaftServerConfigKeys (ConfUtils.java:logGet(43)) - raft.server.snapshot.retention.num.files = 5 (custom)
2019-09-24 18:19:27,653 [pool-87-thread-1] INFO  server.RaftServerConfigKeys (ConfUtils.java:logGet(43)) - raft.server.retrycache.expirytime = 600000ms (custom)
2019-09-24 18:19:27,653 [pool-47-thread-1] INFO  server.RaftServerConfigKeys (ConfUtils.java:logGet(43)) - raft.server.retrycache.expirytime = 600000ms (custom)
2019-09-24 18:19:27,653 [pool-57-thread-1] INFO  server.RaftServerConfigKeys (ConfUtils.java:logGet(43)) - raft.server.log.statemachine.data.sync.timeout = 10s (default)
2019-09-24 18:19:27,656 [pool-57-thread-1] INFO  server.RaftServerConfigKeys (ConfUtils.java:logGet(43)) - raft.server.log.statemachine.data.sync.timeout.retry = -1 (default)
2019-09-24 18:19:27,656 [pool-57-thread-1] INFO  server.RaftServerConfigKeys (ConfUtils.java:logGet(43)) - raft.server.log.statemachine.data.caching.enabled = true (custom)
2019-09-24 18:19:27,657 [pool-57-thread-1] INFO  segmented.SegmentedRaftLogWorker (SegmentedRaftLogWorker.java:lambda$new$0(132)) - 2135d647-a495-482b-8bc4-ca4f8b4fdafb@group-14BF59FD49FA-SegmentedRaftLogWorker: flushIndex: setUnconditionally 0 -> -1
2019-09-24 18:19:27,657 [pool-57-thread-1] INFO  server.RaftServerConfigKeys (ConfUtils.java:logGet(43)) - raft.server.snapshot.auto.trigger.enabled = true (custom)
2019-09-24 18:19:27,657 [pool-57-thread-1] INFO  server.RaftServerConfigKeys (ConfUtils.java:logGet(43)) - raft.server.snapshot.auto.trigger.threshold = 10000 (custom)
2019-09-24 18:19:27,657 [pool-57-thread-1] INFO  server.RaftServerConfigKeys (ConfUtils.java:logGet(43)) - raft.server.snapshot.retention.num.files = 5 (custom)
2019-09-24 18:19:27,657 [pool-57-thread-1] INFO  server.RaftServerConfigKeys (ConfUtils.java:logGet(43)) - raft.server.retrycache.expirytime = 600000ms (custom)
2019-09-24 18:19:27,663 [pool-57-thread-1] INFO  impl.RaftServerImpl (RaftServerImpl.java:start(185)) - 2135d647-a495-482b-8bc4-ca4f8b4fdafb@group-CCB3303368FC: start as a follower, conf=-1: [1ef4a0bb-4a8c-4224-99dc-5dce18d8d28c:192.168.36.84:36426, 56d3d73d-28bb-4c7c-9d35-99456f3549be:192.168.36.84:34646, 2135d647-a495-482b-8bc4-ca4f8b4fdafb:192.168.36.84:46711], old=null
2019-09-24 18:19:27,663 [pool-57-thread-1] INFO  impl.RaftServerImpl (RaftServerImpl.java:setRole(174)) - 2135d647-a495-482b-8bc4-ca4f8b4fdafb@group-CCB3303368FC: changes role from      null to FOLLOWER at term 0 for startAsFollower
2019-09-24 18:19:27,663 [pool-57-thread-1] INFO  impl.RoleInfo (RoleInfo.java:updateAndGet(143)) - 2135d647-a495-482b-8bc4-ca4f8b4fdafb: start FollowerState
2019-09-24 18:19:27,663 [pool-87-thread-1] INFO  impl.RaftServerImpl (RaftServerImpl.java:<init>(95)) - 56d3d73d-28bb-4c7c-9d35-99456f3549be: new RaftServerImpl for group-3C3A4009C5E3:[1ef4a0bb-4a8c-4224-99dc-5dce18d8d28c:192.168.36.84:36426, 56d3d73d-28bb-4c7c-9d35-99456f3549be:192.168.36.84:34646, 2135d647-a495-482b-8bc4-ca4f8b4fdafb:192.168.36.84:46711] with ContainerStateMachine:uninitialized
2019-09-24 18:19:27,663 [pool-87-thread-1] INFO  server.RaftServerConfigKeys (ConfUtils.java:logGet(43)) - raft.server.rpc.timeout.min = 1s (custom)
2019-09-24 18:19:27,664 [pool-87-thread-1] INFO  server.RaftServerConfigKeys (ConfUtils.java:logGet(43)) - raft.server.rpc.timeout.max = 1200ms (custom)
2019-09-24 18:19:27,664 [pool-57-thread-1] INFO  util.JmxRegister (JmxRegister.java:tryRegister(44)) - Successfully registered JMX Bean with object name Ratis:service=RaftServer,group=group-CCB3303368FC,id=2135d647-a495-482b-8bc4-ca4f8b4fdafb
2019-09-24 18:19:27,664 [pool-87-thread-1] INFO  server.RaftServerConfigKeys (ConfUtils.java:logGet(43)) - raft.server.rpcslowness.timeout = 120s (custom)
2019-09-24 18:19:27,664 [pool-87-thread-1] INFO  server.RaftServerConfigKeys (ConfUtils.java:logGet(43)) - raft.server.sleep.deviation.threshold = 300 (default)
2019-09-24 18:19:27,664 [pool-47-thread-1] INFO  impl.RaftServerImpl (RaftServerImpl.java:<init>(95)) - 1ef4a0bb-4a8c-4224-99dc-5dce18d8d28c: new RaftServerImpl for group-14BF59FD49FA:[1ef4a0bb-4a8c-4224-99dc-5dce18d8d28c:192.168.36.84:36426, 56d3d73d-28bb-4c7c-9d35-99456f3549be:192.168.36.84:34646, 2135d647-a495-482b-8bc4-ca4f8b4fdafb:192.168.36.84:46711] with ContainerStateMachine:uninitialized
2019-09-24 18:19:27,664 [pool-87-thread-1] INFO  server.RaftServerConfigKeys (ConfUtils.java:logGet(43)) - raft.server.log.appender.install.snapshot.enabled = false (custom)
2019-09-24 18:19:27,664 [pool-47-thread-1] INFO  server.RaftServerConfigKeys (ConfUtils.java:logGet(43)) - raft.server.rpc.timeout.min = 1s (custom)
2019-09-24 18:19:27,664 [pool-87-thread-1] INFO  impl.RaftServerImpl (ServerState.java:<init>(103)) - 56d3d73d-28bb-4c7c-9d35-99456f3549be@group-3C3A4009C5E3: ConfigurationManager, init=-1: [1ef4a0bb-4a8c-4224-99dc-5dce18d8d28c:192.168.36.84:36426, 56d3d73d-28bb-4c7c-9d35-99456f3549be:192.168.36.84:34646, 2135d647-a495-482b-8bc4-ca4f8b4fdafb:192.168.36.84:46711], old=null, confs=<EMPTY_MAP>
2019-09-24 18:19:27,664 [pool-47-thread-1] INFO  server.RaftServerConfigKeys (ConfUtils.java:logGet(43)) - raft.server.rpc.timeout.max = 1200ms (custom)
2019-09-24 18:19:27,665 [pool-87-thread-1] INFO  server.RaftServerConfigKeys (ConfUtils.java:logGet(43)) - raft.server.storage.dir = [/workdir/hadoop-ozone/integration-test/target/test-dir/MiniOzoneClusterImpl-9a157790-03e5-4da0-a236-db4a40193cb2/datanode-6/data/ratis] (custom)
2019-09-24 18:19:27,665 [pool-47-thread-1] INFO  server.RaftServerConfigKeys (ConfUtils.java:logGet(43)) - raft.server.rpcslowness.timeout = 120s (custom)
2019-09-24 18:19:27,665 [pool-47-thread-1] INFO  server.RaftServerConfigKeys (ConfUtils.java:logGet(43)) - raft.server.sleep.deviation.threshold = 300 (default)
2019-09-24 18:19:27,665 [pool-47-thread-1] INFO  server.RaftServerConfigKeys (ConfUtils.java:logGet(43)) - raft.server.log.appender.install.snapshot.enabled = false (custom)
2019-09-24 18:19:27,665 [pool-87-thread-1] INFO  storage.RaftStorageDirectory (RaftStorageDirectory.java:analyzeStorage(246)) - The storage directory /workdir/hadoop-ozone/integration-test/target/test-dir/MiniOzoneClusterImpl-9a157790-03e5-4da0-a236-db4a40193cb2/datanode-6/data/ratis/3882f53e-41a1-4c48-a8b2-3c3a4009c5e3 does not exist. Creating ...
2019-09-24 18:19:27,665 [pool-47-thread-1] INFO  impl.RaftServerImpl (ServerState.java:<init>(103)) - 1ef4a0bb-4a8c-4224-99dc-5dce18d8d28c@group-14BF59FD49FA: ConfigurationManager, init=-1: [1ef4a0bb-4a8c-4224-99dc-5dce18d8d28c:192.168.36.84:36426, 56d3d73d-28bb-4c7c-9d35-99456f3549be:192.168.36.84:34646, 2135d647-a495-482b-8bc4-ca4f8b4fdafb:192.168.36.84:46711], old=null, confs=<EMPTY_MAP>
2019-09-24 18:19:27,665 [pool-57-thread-1] INFO  impl.RaftServerImpl (RaftServerImpl.java:<init>(95)) - 2135d647-a495-482b-8bc4-ca4f8b4fdafb: new RaftServerImpl for group-3C3A4009C5E3:[1ef4a0bb-4a8c-4224-99dc-5dce18d8d28c:192.168.36.84:36426, 56d3d73d-28bb-4c7c-9d35-99456f3549be:192.168.36.84:34646, 2135d647-a495-482b-8bc4-ca4f8b4fdafb:192.168.36.84:46711] with ContainerStateMachine:uninitialized
2019-09-24 18:19:27,665 [pool-47-thread-1] INFO  server.RaftServerConfigKeys (ConfUtils.java:logGet(43)) - raft.server.storage.dir = [/workdir/hadoop-ozone/integration-test/target/test-dir/MiniOzoneClusterImpl-9a157790-03e5-4da0-a236-db4a40193cb2/datanode-2/data/ratis] (custom)
2019-09-24 18:19:27,666 [pool-57-thread-1] INFO  server.RaftServerConfigKeys (ConfUtils.java:logGet(43)) - raft.server.rpc.timeout.min = 1s (custom)
2019-09-24 18:19:27,666 [pool-57-thread-1] INFO  server.RaftServerConfigKeys (ConfUtils.java:logGet(43)) - raft.server.rpc.timeout.max = 1200ms (custom)
2019-09-24 18:19:27,666 [pool-47-thread-1] INFO  storage.RaftStorageDirectory (RaftStorageDirectory.java:analyzeStorage(246)) - The storage directory /workdir/hadoop-ozone/integration-test/target/test-dir/MiniOzoneClusterImpl-9a157790-03e5-4da0-a236-db4a40193cb2/datanode-2/data/ratis/460930b6-52cf-4956-a531-14bf59fd49fa does not exist. Creating ...
2019-09-24 18:19:27,666 [pool-57-thread-1] INFO  server.RaftServerConfigKeys (ConfUtils.java:logGet(43)) - raft.server.rpcslowness.timeout = 120s (custom)
2019-09-24 18:19:27,666 [pool-57-thread-1] INFO  server.RaftServerConfigKeys (ConfUtils.java:logGet(43)) - raft.server.sleep.deviation.threshold = 300 (default)
2019-09-24 18:19:27,666 [pool-57-thread-1] INFO  server.RaftServerConfigKeys (ConfUtils.java:logGet(43)) - raft.server.log.appender.install.snapshot.enabled = false (custom)
2019-09-24 18:19:27,667 [pool-57-thread-1] INFO  impl.RaftServerImpl (ServerState.java:<init>(103)) - 2135d647-a495-482b-8bc4-ca4f8b4fdafb@group-3C3A4009C5E3: ConfigurationManager, init=-1: [1ef4a0bb-4a8c-4224-99dc-5dce18d8d28c:192.168.36.84:36426, 56d3d73d-28bb-4c7c-9d35-99456f3549be:192.168.36.84:34646, 2135d647-a495-482b-8bc4-ca4f8b4fdafb:192.168.36.84:46711], old=null, confs=<EMPTY_MAP>
2019-09-24 18:19:27,667 [pool-57-thread-1] INFO  server.RaftServerConfigKeys (ConfUtils.java:logGet(43)) - raft.server.storage.dir = [/workdir/hadoop-ozone/integration-test/target/test-dir/MiniOzoneClusterImpl-9a157790-03e5-4da0-a236-db4a40193cb2/datanode-3/data/ratis] (custom)
2019-09-24 18:19:27,667 [pool-57-thread-1] INFO  storage.RaftStorageDirectory (RaftStorageDirectory.java:analyzeStorage(246)) - The storage directory /workdir/hadoop-ozone/integration-test/target/test-dir/MiniOzoneClusterImpl-9a157790-03e5-4da0-a236-db4a40193cb2/datanode-3/data/ratis/3882f53e-41a1-4c48-a8b2-3c3a4009c5e3 does not exist. Creating ...
2019-09-24 18:19:27,839 [pool-87-thread-1] INFO  storage.RaftStorageDirectory (RaftStorageDirectory.java:tryLock(328)) - Lock on /workdir/hadoop-ozone/integration-test/target/test-dir/MiniOzoneClusterImpl-9a157790-03e5-4da0-a236-db4a40193cb2/datanode-6/data/ratis/3882f53e-41a1-4c48-a8b2-3c3a4009c5e3/in_use.lock acquired by nodename 18388@pr-hdds-2171-6l6hb-1841322612
2019-09-24 18:19:27,839 [pool-47-thread-1] INFO  storage.RaftStorageDirectory (RaftStorageDirectory.java:tryLock(328)) - Lock on /workdir/hadoop-ozone/integration-test/target/test-dir/MiniOzoneClusterImpl-9a157790-03e5-4da0-a236-db4a40193cb2/datanode-2/data/ratis/460930b6-52cf-4956-a531-14bf59fd49fa/in_use.lock acquired by nodename 18388@pr-hdds-2171-6l6hb-1841322612
2019-09-24 18:19:27,839 [pool-57-thread-1] INFO  storage.RaftStorageDirectory (RaftStorageDirectory.java:tryLock(328)) - Lock on /workdir/hadoop-ozone/integration-test/target/test-dir/MiniOzoneClusterImpl-9a157790-03e5-4da0-a236-db4a40193cb2/datanode-3/data/ratis/3882f53e-41a1-4c48-a8b2-3c3a4009c5e3/in_use.lock acquired by nodename 18388@pr-hdds-2171-6l6hb-1841322612
2019-09-24 18:19:27,871 [pool-87-thread-1] INFO  storage.RaftStorage (RaftStorage.java:format(72)) - Storage directory /workdir/hadoop-ozone/integration-test/target/test-dir/MiniOzoneClusterImpl-9a157790-03e5-4da0-a236-db4a40193cb2/datanode-6/data/ratis/3882f53e-41a1-4c48-a8b2-3c3a4009c5e3 has been successfully formatted.
2019-09-24 18:19:27,871 [pool-47-thread-1] INFO  storage.RaftStorage (RaftStorage.java:format(72)) - Storage directory /workdir/hadoop-ozone/integration-test/target/test-dir/MiniOzoneClusterImpl-9a157790-03e5-4da0-a236-db4a40193cb2/datanode-2/data/ratis/460930b6-52cf-4956-a531-14bf59fd49fa has been successfully formatted.
2019-09-24 18:19:27,871 [pool-57-thread-1] INFO  storage.RaftStorage (RaftStorage.java:format(72)) - Storage directory /workdir/hadoop-ozone/integration-test/target/test-dir/MiniOzoneClusterImpl-9a157790-03e5-4da0-a236-db4a40193cb2/datanode-3/data/ratis/3882f53e-41a1-4c48-a8b2-3c3a4009c5e3 has been successfully formatted.
2019-09-24 18:19:27,872 [pool-47-thread-1] INFO  ratis.ContainerStateMachine (ContainerStateMachine.java:loadSnapshot(230)) - group-14BF59FD49FA: The snapshot info is null. Setting the last applied indexto:(t:0, i:~)
2019-09-24 18:19:27,872 [pool-87-thread-1] INFO  ratis.ContainerStateMachine (ContainerStateMachine.java:loadSnapshot(230)) - group-3C3A4009C5E3: The snapshot info is null. Setting the last applied indexto:(t:0, i:~)
2019-09-24 18:19:27,872 [pool-47-thread-1] INFO  server.RaftServerConfigKeys (ConfUtils.java:logGet(43)) - raft.server.notification.no-leader.timeout = 120s (custom)
2019-09-24 18:19:27,872 [pool-57-thread-1] INFO  ratis.ContainerStateMachine (ContainerStateMachine.java:loadSnapshot(230)) - group-3C3A4009C5E3: The snapshot info is null. Setting the last applied indexto:(t:0, i:~)
2019-09-24 18:19:27,873 [pool-47-thread-1] INFO  server.RaftServerConfigKeys (ConfUtils.java:logGet(43)) - raft.server.log.use.memory = false (default)
2019-09-24 18:19:27,872 [pool-87-thread-1] INFO  server.RaftServerConfigKeys (ConfUtils.java:logGet(43)) - raft.server.notification.no-leader.timeout = 120s (custom)
2019-09-24 18:19:27,873 [pool-47-thread-1] INFO  server.RaftServerConfigKeys (ConfUtils.java:logGet(43)) - raft.server.log.purge.gap = 1000000 (custom)
2019-09-24 18:19:27,873 [pool-57-thread-1] INFO  server.RaftServerConfigKeys (ConfUtils.java:logGet(43)) - raft.server.notification.no-leader.timeout = 120s (custom)
2019-09-24 18:19:27,873 [pool-47-thread-1] INFO  server.RaftServerConfigKeys (ConfUtils.java:logGet(43)) - raft.server.log.appender.buffer.byte-limit = 33554432 (custom)
2019-09-24 18:19:27,873 [pool-87-thread-1] INFO  server.RaftServerConfigKeys (ConfUtils.java:logGet(43)) - raft.server.log.use.memory = false (default)
2019-09-24 18:19:27,874 [pool-47-thread-1] INFO  server.RaftServerConfigKeys (ConfUtils.java:logGet(43)) - raft.server.log.segment.size.max = 1048576 (custom)
2019-09-24 18:19:27,873 [pool-57-thread-1] INFO  server.RaftServerConfigKeys (ConfUtils.java:logGet(43)) - raft.server.log.use.memory = false (default)
2019-09-24 18:19:27,874 [pool-47-thread-1] INFO  server.RaftServerConfigKeys (ConfUtils.java:logGet(43)) - raft.server.log.segment.cache.num.max = 2 (custom)
2019-09-24 18:19:27,874 [pool-87-thread-1] INFO  server.RaftServerConfigKeys (ConfUtils.java:logGet(43)) - raft.server.log.purge.gap = 1000000 (custom)
2019-09-24 18:19:27,874 [pool-47-thread-1] INFO  segmented.SegmentedRaftLogWorker (SegmentedRaftLogWorker.java:<init>(172)) - new 1ef4a0bb-4a8c-4224-99dc-5dce18d8d28c@group-14BF59FD49FA-SegmentedRaftLogWorker for RaftStorage:Storage Directory /workdir/hadoop-ozone/integration-test/target/test-dir/MiniOzoneClusterImpl-9a157790-03e5-4da0-a236-db4a40193cb2/datanode-2/data/ratis/460930b6-52cf-4956-a531-14bf59fd49fa
2019-09-24 18:19:27,874 [pool-57-thread-1] INFO  server.RaftServerConfigKeys (ConfUtils.java:logGet(43)) - raft.server.log.purge.gap = 1000000 (custom)
2019-09-24 18:19:27,875 [pool-47-thread-1] INFO  server.RaftServerConfigKeys (ConfUtils.java:logGet(43)) - raft.server.log.queue.byte-limit = 2147483647 (custom)
2019-09-24 18:19:27,875 [pool-87-thread-1] INFO  server.RaftServerConfigKeys (ConfUtils.java:logGet(43)) - raft.server.log.appender.buffer.byte-limit = 33554432 (custom)
2019-09-24 18:19:27,875 [pool-47-thread-1] INFO  server.RaftServerConfigKeys (ConfUtils.java:logGet(43)) - raft.server.log.queue.element-limit = 1024 (custom)
2019-09-24 18:19:27,875 [pool-57-thread-1] INFO  server.RaftServerConfigKeys (ConfUtils.java:logGet(43)) - raft.server.log.appender.buffer.byte-limit = 33554432 (custom)
2019-09-24 18:19:27,875 [pool-47-thread-1] INFO  server.RaftServerConfigKeys (ConfUtils.java:logGet(43)) - raft.server.log.segment.size.max = 1048576 (custom)
2019-09-24 18:19:27,875 [pool-87-thread-1] INFO  server.RaftServerConfigKeys (ConfUtils.java:logGet(43)) - raft.server.log.segment.size.max = 1048576 (custom)
2019-09-24 18:19:27,876 [pool-47-thread-1] INFO  server.RaftServerConfigKeys (ConfUtils.java:logGet(43)) - raft.server.log.preallocated.size = 16384 (custom)
2019-09-24 18:19:27,876 [pool-57-thread-1] INFO  server.RaftServerConfigKeys (ConfUtils.java:logGet(43)) - raft.server.log.segment.size.max = 1048576 (custom)
2019-09-24 18:19:27,876 [pool-47-thread-1] INFO  server.RaftServerConfigKeys (ConfUtils.java:logGet(43)) - raft.server.log.write.buffer.size = 33554432 (custom)
2019-09-24 18:19:27,876 [pool-87-thread-1] INFO  server.RaftServerConfigKeys (ConfUtils.java:logGet(43)) - raft.server.log.segment.cache.num.max = 2 (custom)
2019-09-24 18:19:27,876 [pool-47-thread-1] INFO  server.RaftServerConfigKeys (ConfUtils.java:logGet(43)) - raft.server.log.force.sync.num = 128 (default)
2019-09-24 18:19:27,876 [pool-57-thread-1] INFO  server.RaftServerConfigKeys (ConfUtils.java:logGet(43)) - raft.server.log.segment.cache.num.max = 2 (custom)
2019-09-24 18:19:27,877 [pool-47-thread-1] INFO  server.RaftServerConfigKeys (ConfUtils.java:logGet(43)) - raft.server.log.statemachine.data.sync = true (default)
2019-09-24 18:19:27,877 [pool-87-thread-1] INFO  segmented.SegmentedRaftLogWorker (SegmentedRaftLogWorker.java:<init>(172)) - new 56d3d73d-28bb-4c7c-9d35-99456f3549be@group-3C3A4009C5E3-SegmentedRaftLogWorker for RaftStorage:Storage Directory /workdir/hadoop-ozone/integration-test/target/test-dir/MiniOzoneClusterImpl-9a157790-03e5-4da0-a236-db4a40193cb2/datanode-6/data/ratis/3882f53e-41a1-4c48-a8b2-3c3a4009c5e3
2019-09-24 18:19:27,877 [pool-47-thread-1] INFO  server.RaftServerConfigKeys (ConfUtils.java:logGet(43)) - raft.server.log.statemachine.data.sync.timeout = 10s (default)
2019-09-24 18:19:27,877 [pool-57-thread-1] INFO  segmented.SegmentedRaftLogWorker (SegmentedRaftLogWorker.java:<init>(172)) - new 2135d647-a495-482b-8bc4-ca4f8b4fdafb@group-3C3A4009C5E3-SegmentedRaftLogWorker for RaftStorage:Storage Directory /workdir/hadoop-ozone/integration-test/target/test-dir/MiniOzoneClusterImpl-9a157790-03e5-4da0-a236-db4a40193cb2/datanode-3/data/ratis/3882f53e-41a1-4c48-a8b2-3c3a4009c5e3
2019-09-24 18:19:27,877 [pool-47-thread-1] INFO  server.RaftServerConfigKeys (ConfUtils.java:logGet(43)) - raft.server.log.statemachine.data.sync.timeout.retry = -1 (default)
2019-09-24 18:19:27,877 [pool-87-thread-1] INFO  server.RaftServerConfigKeys (ConfUtils.java:logGet(43)) - raft.server.log.queue.byte-limit = 2147483647 (custom)
2019-09-24 18:19:27,878 [pool-47-thread-1] INFO  server.RaftServerConfigKeys (ConfUtils.java:logGet(43)) - raft.server.log.statemachine.data.caching.enabled = true (custom)
2019-09-24 18:19:27,878 [pool-57-thread-1] INFO  server.RaftServerConfigKeys (ConfUtils.java:logGet(43)) - raft.server.log.queue.byte-limit = 2147483647 (custom)
2019-09-24 18:19:27,878 [pool-87-thread-1] INFO  server.RaftServerConfigKeys (ConfUtils.java:logGet(43)) - raft.server.log.queue.element-limit = 1024 (custom)
2019-09-24 18:19:27,878 [pool-47-thread-1] INFO  segmented.SegmentedRaftLogWorker (SegmentedRaftLogWorker.java:lambda$new$0(132)) - 1ef4a0bb-4a8c-4224-99dc-5dce18d8d28c@group-14BF59FD49FA-SegmentedRaftLogWorker: flushIndex: setUnconditionally 0 -> -1
2019-09-24 18:19:27,878 [pool-57-thread-1] INFO  server.RaftServerConfigKeys (ConfUtils.java:logGet(43)) - raft.server.log.queue.element-limit = 1024 (custom)
2019-09-24 18:19:27,879 [pool-87-thread-1] INFO  server.RaftServerConfigKeys (ConfUtils.java:logGet(43)) - raft.server.log.segment.size.max = 1048576 (custom)
2019-09-24 18:19:27,879 [pool-57-thread-1] INFO  server.RaftServerConfigKeys (ConfUtils.java:logGet(43)) - raft.server.log.segment.size.max = 1048576 (custom)
2019-09-24 18:19:27,879 [pool-47-thread-1] INFO  server.RaftServerConfigKeys (ConfUtils.java:logGet(43)) - raft.server.snapshot.auto.trigger.enabled = true (custom)
2019-09-24 18:19:27,879 [pool-57-thread-1] INFO  server.RaftServerConfigKeys (ConfUtils.java:logGet(43)) - raft.server.log.preallocated.size = 16384 (custom)
2019-09-24 18:19:27,879 [pool-87-thread-1] INFO  server.RaftServerConfigKeys (ConfUtils.java:logGet(43)) - raft.server.log.preallocated.size = 16384 (custom)
2019-09-24 18:19:27,880 [pool-57-thread-1] INFO  server.RaftServerConfigKeys (ConfUtils.java:logGet(43)) - raft.server.log.write.buffer.size = 33554432 (custom)
2019-09-24 18:19:27,879 [pool-47-thread-1] INFO  server.RaftServerConfigKeys (ConfUtils.java:logGet(43)) - raft.server.snapshot.auto.trigger.threshold = 10000 (custom)
2019-09-24 18:19:27,880 [pool-57-thread-1] INFO  server.RaftServerConfigKeys (ConfUtils.java:logGet(43)) - raft.server.log.force.sync.num = 128 (default)
2019-09-24 18:19:27,880 [pool-87-thread-1] INFO  server.RaftServerConfigKeys (ConfUtils.java:logGet(43)) - raft.server.log.write.buffer.size = 33554432 (custom)
2019-09-24 18:19:27,880 [pool-57-thread-1] INFO  server.RaftServerConfigKeys (ConfUtils.java:logGet(43)) - raft.server.log.statemachine.data.sync = true (default)
2019-09-24 18:19:27,880 [pool-47-thread-1] INFO  server.RaftServerConfigKeys (ConfUtils.java:logGet(43)) - raft.server.snapshot.retention.num.files = 5 (custom)
2019-09-24 18:19:27,881 [pool-57-thread-1] INFO  server.RaftServerConfigKeys (ConfUtils.java:logGet(43)) - raft.server.log.statemachine.data.sync.timeout = 10s (default)
2019-09-24 18:19:27,880 [pool-87-thread-1] INFO  server.RaftServerConfigKeys (ConfUtils.java:logGet(43)) - raft.server.log.force.sync.num = 128 (default)
2019-09-24 18:19:27,881 [pool-57-thread-1] INFO  server.RaftServerConfigKeys (ConfUtils.java:logGet(43)) - raft.server.log.statemachine.data.sync.timeout.retry = -1 (default)
2019-09-24 18:19:27,881 [pool-47-thread-1] INFO  server.RaftServerConfigKeys (ConfUtils.java:logGet(43)) - raft.server.retrycache.expirytime = 600000ms (custom)
2019-09-24 18:19:27,881 [pool-57-thread-1] INFO  server.RaftServerConfigKeys (ConfUtils.java:logGet(43)) - raft.server.log.statemachine.data.caching.enabled = true (custom)
2019-09-24 18:19:27,881 [pool-87-thread-1] INFO  server.RaftServerConfigKeys (ConfUtils.java:logGet(43)) - raft.server.log.statemachine.data.sync = true (default)
2019-09-24 18:19:27,882 [pool-57-thread-1] INFO  segmented.SegmentedRaftLogWorker (SegmentedRaftLogWorker.java:lambda$new$0(132)) - 2135d647-a495-482b-8bc4-ca4f8b4fdafb@group-3C3A4009C5E3-SegmentedRaftLogWorker: flushIndex: setUnconditionally 0 -> -1
2019-09-24 18:19:27,882 [pool-87-thread-1] INFO  server.RaftServerConfigKeys (ConfUtils.java:logGet(43)) - raft.server.log.statemachine.data.sync.timeout = 10s (default)
2019-09-24 18:19:27,882 [pool-87-thread-1] INFO  server.RaftServerConfigKeys (ConfUtils.java:logGet(43)) - raft.server.log.statemachine.data.sync.timeout.retry = -1 (default)
2019-09-24 18:19:27,882 [pool-57-thread-1] INFO  server.RaftServerConfigKeys (ConfUtils.java:logGet(43)) - raft.server.snapshot.auto.trigger.enabled = true (custom)
2019-09-24 18:19:27,883 [pool-87-thread-1] INFO  server.RaftServerConfigKeys (ConfUtils.java:logGet(43)) - raft.server.log.statemachine.data.caching.enabled = true (custom)
2019-09-24 18:19:27,883 [pool-57-thread-1] INFO  server.RaftServerConfigKeys (ConfUtils.java:logGet(43)) - raft.server.snapshot.auto.trigger.threshold = 10000 (custom)
2019-09-24 18:19:27,883 [pool-57-thread-1] INFO  server.RaftServerConfigKeys (ConfUtils.java:logGet(43)) - raft.server.snapshot.retention.num.files = 5 (custom)
2019-09-24 18:19:27,883 [pool-87-thread-1] INFO  segmented.SegmentedRaftLogWorker (SegmentedRaftLogWorker.java:lambda$new$0(132)) - 56d3d73d-28bb-4c7c-9d35-99456f3549be@group-3C3A4009C5E3-SegmentedRaftLogWorker: flushIndex: setUnconditionally 0 -> -1
2019-09-24 18:19:27,883 [pool-57-thread-1] INFO  server.RaftServerConfigKeys (ConfUtils.java:logGet(43)) - raft.server.retrycache.expirytime = 600000ms (custom)
2019-09-24 18:19:27,883 [pool-87-thread-1] INFO  server.RaftServerConfigKeys (ConfUtils.java:logGet(43)) - raft.server.snapshot.auto.trigger.enabled = true (custom)
2019-09-24 18:19:27,884 [pool-87-thread-1] INFO  server.RaftServerConfigKeys (ConfUtils.java:logGet(43)) - raft.server.snapshot.auto.trigger.threshold = 10000 (custom)
2019-09-24 18:19:27,884 [pool-87-thread-1] INFO  server.RaftServerConfigKeys (ConfUtils.java:logGet(43)) - raft.server.snapshot.retention.num.files = 5 (custom)
2019-09-24 18:19:27,884 [pool-87-thread-1] INFO  server.RaftServerConfigKeys (ConfUtils.java:logGet(43)) - raft.server.retrycache.expirytime = 600000ms (custom)
2019-09-24 18:19:27,887 [pool-47-thread-1] INFO  impl.RaftServerImpl (RaftServerImpl.java:start(185)) - 1ef4a0bb-4a8c-4224-99dc-5dce18d8d28c@group-CCB3303368FC: start as a follower, conf=-1: [1ef4a0bb-4a8c-4224-99dc-5dce18d8d28c:192.168.36.84:36426, 56d3d73d-28bb-4c7c-9d35-99456f3549be:192.168.36.84:34646, 2135d647-a495-482b-8bc4-ca4f8b4fdafb:192.168.36.84:46711], old=null
2019-09-24 18:19:27,888 [pool-47-thread-1] INFO  impl.RaftServerImpl (RaftServerImpl.java:setRole(174)) - 1ef4a0bb-4a8c-4224-99dc-5dce18d8d28c@group-CCB3303368FC: changes role from      null to FOLLOWER at term 0 for startAsFollower
2019-09-24 18:19:27,888 [pool-47-thread-1] INFO  impl.RoleInfo (RoleInfo.java:updateAndGet(143)) - 1ef4a0bb-4a8c-4224-99dc-5dce18d8d28c: start FollowerState
2019-09-24 18:19:27,888 [pool-47-thread-1] INFO  util.JmxRegister (JmxRegister.java:tryRegister(44)) - Successfully registered JMX Bean with object name Ratis:service=RaftServer,group=group-CCB3303368FC,id=1ef4a0bb-4a8c-4224-99dc-5dce18d8d28c
2019-09-24 18:19:27,891 [pool-57-thread-1] INFO  impl.RaftServerImpl (RaftServerImpl.java:<init>(95)) - 2135d647-a495-482b-8bc4-ca4f8b4fdafb: new RaftServerImpl for group-C63832CD55DC:[1ef4a0bb-4a8c-4224-99dc-5dce18d8d28c:192.168.36.84:36426, 56d3d73d-28bb-4c7c-9d35-99456f3549be:192.168.36.84:34646, 2135d647-a495-482b-8bc4-ca4f8b4fdafb:192.168.36.84:46711] with ContainerStateMachine:uninitialized
2019-09-24 18:19:27,891 [pool-57-thread-1] INFO  server.RaftServerConfigKeys (ConfUtils.java:logGet(43)) - raft.server.rpc.timeout.min = 1s (custom)
2019-09-24 18:19:27,891 [pool-57-thread-1] INFO  server.RaftServerConfigKeys (ConfUtils.java:logGet(43)) - raft.server.rpc.timeout.max = 1200ms (custom)
2019-09-24 18:19:27,891 [pool-57-thread-1] INFO  server.RaftServerConfigKeys (ConfUtils.java:logGet(43)) - raft.server.rpcslowness.timeout = 120s (custom)
2019-09-24 18:19:27,891 [pool-57-thread-1] INFO  server.RaftServerConfigKeys (ConfUtils.java:logGet(43)) - raft.server.sleep.deviation.threshold = 300 (default)
2019-09-24 18:19:27,892 [pool-87-thread-1] INFO  impl.RaftServerImpl (RaftServerImpl.java:<init>(95)) - 56d3d73d-28bb-4c7c-9d35-99456f3549be: new RaftServerImpl for group-C63832CD55DC:[1ef4a0bb-4a8c-4224-99dc-5dce18d8d28c:192.168.36.84:36426, 56d3d73d-28bb-4c7c-9d35-99456f3549be:192.168.36.84:34646, 2135d647-a495-482b-8bc4-ca4f8b4fdafb:192.168.36.84:46711] with ContainerStateMachine:uninitialized
2019-09-24 18:19:27,892 [pool-57-thread-1] INFO  server.RaftServerConfigKeys (ConfUtils.java:logGet(43)) - raft.server.log.appender.install.snapshot.enabled = false (custom)
2019-09-24 18:19:27,892 [pool-87-thread-1] INFO  server.RaftServerConfigKeys (ConfUtils.java:logGet(43)) - raft.server.rpc.timeout.min = 1s (custom)
2019-09-24 18:19:27,892 [pool-57-thread-1] INFO  impl.RaftServerImpl (ServerState.java:<init>(103)) - 2135d647-a495-482b-8bc4-ca4f8b4fdafb@group-C63832CD55DC: ConfigurationManager, init=-1: [1ef4a0bb-4a8c-4224-99dc-5dce18d8d28c:192.168.36.84:36426, 56d3d73d-28bb-4c7c-9d35-99456f3549be:192.168.36.84:34646, 2135d647-a495-482b-8bc4-ca4f8b4fdafb:192.168.36.84:46711], old=null, confs=<EMPTY_MAP>
2019-09-24 18:19:27,892 [pool-87-thread-1] INFO  server.RaftServerConfigKeys (ConfUtils.java:logGet(43)) - raft.server.rpc.timeout.max = 1200ms (custom)
2019-09-24 18:19:27,892 [pool-57-thread-1] INFO  server.RaftServerConfigKeys (ConfUtils.java:logGet(43)) - raft.server.storage.dir = [/workdir/hadoop-ozone/integration-test/target/test-dir/MiniOzoneClusterImpl-9a157790-03e5-4da0-a236-db4a40193cb2/datanode-3/data/ratis] (custom)
2019-09-24 18:19:27,892 [pool-87-thread-1] INFO  server.RaftServerConfigKeys (ConfUtils.java:logGet(43)) - raft.server.rpcslowness.timeout = 120s (custom)
2019-09-24 18:19:27,892 [pool-47-thread-1] INFO  impl.RaftServerImpl (RaftServerImpl.java:<init>(95)) - 1ef4a0bb-4a8c-4224-99dc-5dce18d8d28c: new RaftServerImpl for group-3C3A4009C5E3:[1ef4a0bb-4a8c-4224-99dc-5dce18d8d28c:192.168.36.84:36426, 56d3d73d-28bb-4c7c-9d35-99456f3549be:192.168.36.84:34646, 2135d647-a495-482b-8bc4-ca4f8b4fdafb:192.168.36.84:46711] with ContainerStateMachine:uninitialized
2019-09-24 18:19:27,893 [pool-87-thread-1] INFO  server.RaftServerConfigKeys (ConfUtils.java:logGet(43)) - raft.server.sleep.deviation.threshold = 300 (default)
2019-09-24 18:19:27,893 [pool-47-thread-1] INFO  server.RaftServerConfigKeys (ConfUtils.java:logGet(43)) - raft.server.rpc.timeout.min = 1s (custom)
2019-09-24 18:19:27,893 [pool-57-thread-1] INFO  storage.RaftStorageDirectory (RaftStorageDirectory.java:analyzeStorage(246)) - The storage directory /workdir/hadoop-ozone/integration-test/target/test-dir/MiniOzoneClusterImpl-9a157790-03e5-4da0-a236-db4a40193cb2/datanode-3/data/ratis/1364e2dd-9a5f-4b40-a5b9-c63832cd55dc does not exist. Creating ...
2019-09-24 18:19:27,893 [pool-47-thread-1] INFO  server.RaftServerConfigKeys (ConfUtils.java:logGet(43)) - raft.server.rpc.timeout.max = 1200ms (custom)
2019-09-24 18:19:27,893 [pool-87-thread-1] INFO  server.RaftServerConfigKeys (ConfUtils.java:logGet(43)) - raft.server.log.appender.install.snapshot.enabled = false (custom)
2019-09-24 18:19:27,893 [pool-47-thread-1] INFO  server.RaftServerConfigKeys (ConfUtils.java:logGet(43)) - raft.server.rpcslowness.timeout = 120s (custom)
2019-09-24 18:19:27,893 [pool-87-thread-1] INFO  impl.RaftServerImpl (ServerState.java:<init>(103)) - 56d3d73d-28bb-4c7c-9d35-99456f3549be@group-C63832CD55DC: ConfigurationManager, init=-1: [1ef4a0bb-4a8c-4224-99dc-5dce18d8d28c:192.168.36.84:36426, 56d3d73d-28bb-4c7c-9d35-99456f3549be:192.168.36.84:34646, 2135d647-a495-482b-8bc4-ca4f8b4fdafb:192.168.36.84:46711], old=null, confs=<EMPTY_MAP>
2019-09-24 18:19:27,894 [pool-47-thread-1] INFO  server.RaftServerConfigKeys (ConfUtils.java:logGet(43)) - raft.server.sleep.deviation.threshold = 300 (default)
2019-09-24 18:19:27,894 [pool-87-thread-1] INFO  server.RaftServerConfigKeys (ConfUtils.java:logGet(43)) - raft.server.storage.dir = [/workdir/hadoop-ozone/integration-test/target/test-dir/MiniOzoneClusterImpl-9a157790-03e5-4da0-a236-db4a40193cb2/datanode-6/data/ratis] (custom)
2019-09-24 18:19:27,894 [pool-47-thread-1] INFO  server.RaftServerConfigKeys (ConfUtils.java:logGet(43)) - raft.server.log.appender.install.snapshot.enabled = false (custom)
2019-09-24 18:19:27,894 [pool-47-thread-1] INFO  impl.RaftServerImpl (ServerState.java:<init>(103)) - 1ef4a0bb-4a8c-4224-99dc-5dce18d8d28c@group-3C3A4009C5E3: ConfigurationManager, init=-1: [1ef4a0bb-4a8c-4224-99dc-5dce18d8d28c:192.168.36.84:36426, 56d3d73d-28bb-4c7c-9d35-99456f3549be:192.168.36.84:34646, 2135d647-a495-482b-8bc4-ca4f8b4fdafb:192.168.36.84:46711], old=null, confs=<EMPTY_MAP>
2019-09-24 18:19:27,894 [pool-87-thread-1] INFO  storage.RaftStorageDirectory (RaftStorageDirectory.java:analyzeStorage(246)) - The storage directory /workdir/hadoop-ozone/integration-test/target/test-dir/MiniOzoneClusterImpl-9a157790-03e5-4da0-a236-db4a40193cb2/datanode-6/data/ratis/1364e2dd-9a5f-4b40-a5b9-c63832cd55dc does not exist. Creating ...
2019-09-24 18:19:27,894 [pool-47-thread-1] INFO  server.RaftServerConfigKeys (ConfUtils.java:logGet(43)) - raft.server.storage.dir = [/workdir/hadoop-ozone/integration-test/target/test-dir/MiniOzoneClusterImpl-9a157790-03e5-4da0-a236-db4a40193cb2/datanode-2/data/ratis] (custom)
2019-09-24 18:19:27,895 [pool-47-thread-1] INFO  storage.RaftStorageDirectory (RaftStorageDirectory.java:analyzeStorage(246)) - The storage directory /workdir/hadoop-ozone/integration-test/target/test-dir/MiniOzoneClusterImpl-9a157790-03e5-4da0-a236-db4a40193cb2/datanode-2/data/ratis/3882f53e-41a1-4c48-a8b2-3c3a4009c5e3 does not exist. Creating ...
2019-09-24 18:19:27,907 [pool-47-thread-1] INFO  storage.RaftStorageDirectory (RaftStorageDirectory.java:tryLock(328)) - Lock on /workdir/hadoop-ozone/integration-test/target/test-dir/MiniOzoneClusterImpl-9a157790-03e5-4da0-a236-db4a40193cb2/datanode-2/data/ratis/3882f53e-41a1-4c48-a8b2-3c3a4009c5e3/in_use.lock acquired by nodename 18388@pr-hdds-2171-6l6hb-1841322612
2019-09-24 18:19:27,907 [pool-57-thread-1] INFO  storage.RaftStorageDirectory (RaftStorageDirectory.java:tryLock(328)) - Lock on /workdir/hadoop-ozone/integration-test/target/test-dir/MiniOzoneClusterImpl-9a157790-03e5-4da0-a236-db4a40193cb2/datanode-3/data/ratis/1364e2dd-9a5f-4b40-a5b9-c63832cd55dc/in_use.lock acquired by nodename 18388@pr-hdds-2171-6l6hb-1841322612
2019-09-24 18:19:27,907 [pool-87-thread-1] INFO  storage.RaftStorageDirectory (RaftStorageDirectory.java:tryLock(328)) - Lock on /workdir/hadoop-ozone/integration-test/target/test-dir/MiniOzoneClusterImpl-9a157790-03e5-4da0-a236-db4a40193cb2/datanode-6/data/ratis/1364e2dd-9a5f-4b40-a5b9-c63832cd55dc/in_use.lock acquired by nodename 18388@pr-hdds-2171-6l6hb-1841322612
2019-09-24 18:19:27,929 [pool-57-thread-1] INFO  storage.RaftStorage (RaftStorage.java:format(72)) - Storage directory /workdir/hadoop-ozone/integration-test/target/test-dir/MiniOzoneClusterImpl-9a157790-03e5-4da0-a236-db4a40193cb2/datanode-3/data/ratis/1364e2dd-9a5f-4b40-a5b9-c63832cd55dc has been successfully formatted.
2019-09-24 18:19:27,929 [pool-47-thread-1] INFO  storage.RaftStorage (RaftStorage.java:format(72)) - Storage directory /workdir/hadoop-ozone/integration-test/target/test-dir/MiniOzoneClusterImpl-9a157790-03e5-4da0-a236-db4a40193cb2/datanode-2/data/ratis/3882f53e-41a1-4c48-a8b2-3c3a4009c5e3 has been successfully formatted.
2019-09-24 18:19:27,929 [pool-57-thread-1] INFO  ratis.ContainerStateMachine (ContainerStateMachine.java:loadSnapshot(230)) - group-C63832CD55DC: The snapshot info is null. Setting the last applied indexto:(t:0, i:~)
2019-09-24 18:19:27,929 [pool-87-thread-1] INFO  storage.RaftStorage (RaftStorage.java:format(72)) - Storage directory /workdir/hadoop-ozone/integration-test/target/test-dir/MiniOzoneClusterImpl-9a157790-03e5-4da0-a236-db4a40193cb2/datanode-6/data/ratis/1364e2dd-9a5f-4b40-a5b9-c63832cd55dc has been successfully formatted.
2019-09-24 18:19:27,929 [pool-57-thread-1] INFO  server.RaftServerConfigKeys (ConfUtils.java:logGet(43)) - raft.server.notification.no-leader.timeout = 120s (custom)
2019-09-24 18:19:27,930 [pool-57-thread-1] INFO  server.RaftServerConfigKeys (ConfUtils.java:logGet(43)) - raft.server.log.use.memory = false (default)
2019-09-24 18:19:27,929 [pool-47-thread-1] INFO  ratis.ContainerStateMachine (ContainerStateMachine.java:loadSnapshot(230)) - group-3C3A4009C5E3: The snapshot info is null. Setting the last applied indexto:(t:0, i:~)
2019-09-24 18:19:27,930 [pool-57-thread-1] INFO  server.RaftServerConfigKeys (ConfUtils.java:logGet(43)) - raft.server.log.purge.gap = 1000000 (custom)
2019-09-24 18:19:27,930 [pool-87-thread-1] INFO  ratis.ContainerStateMachine (ContainerStateMachine.java:loadSnapshot(230)) - group-C63832CD55DC: The snapshot info is null. Setting the last applied indexto:(t:0, i:~)
2019-09-24 18:19:27,930 [pool-57-thread-1] INFO  server.RaftServerConfigKeys (ConfUtils.java:logGet(43)) - raft.server.log.appender.buffer.byte-limit = 33554432 (custom)
2019-09-24 18:19:27,930 [pool-47-thread-1] INFO  server.RaftServerConfigKeys (ConfUtils.java:logGet(43)) - raft.server.notification.no-leader.timeout = 120s (custom)
2019-09-24 18:19:27,931 [pool-57-thread-1] INFO  server.RaftServerConfigKeys (ConfUtils.java:logGet(43)) - raft.server.log.segment.size.max = 1048576 (custom)
2019-09-24 18:19:27,930 [pool-87-thread-1] INFO  server.RaftServerConfigKeys (ConfUtils.java:logGet(43)) - raft.server.notification.no-leader.timeout = 120s (custom)
2019-09-24 18:19:27,931 [pool-57-thread-1] INFO  server.RaftServerConfigKeys (ConfUtils.java:logGet(43)) - raft.server.log.segment.cache.num.max = 2 (custom)
2019-09-24 18:19:27,931 [pool-47-thread-1] INFO  server.RaftServerConfigKeys (ConfUtils.java:logGet(43)) - raft.server.log.use.memory = false (default)
2019-09-24 18:19:27,931 [pool-57-thread-1] INFO  segmented.SegmentedRaftLogWorker (SegmentedRaftLogWorker.java:<init>(172)) - new 2135d647-a495-482b-8bc4-ca4f8b4fdafb@group-C63832CD55DC-SegmentedRaftLogWorker for RaftStorage:Storage Directory /workdir/hadoop-ozone/integration-test/target/test-dir/MiniOzoneClusterImpl-9a157790-03e5-4da0-a236-db4a40193cb2/datanode-3/data/ratis/1364e2dd-9a5f-4b40-a5b9-c63832cd55dc
2019-09-24 18:19:27,931 [pool-87-thread-1] INFO  server.RaftServerConfigKeys (ConfUtils.java:logGet(43)) - raft.server.log.use.memory = false (default)
2019-09-24 18:19:27,931 [pool-57-thread-1] INFO  server.RaftServerConfigKeys (ConfUtils.java:logGet(43)) - raft.server.log.queue.byte-limit = 2147483647 (custom)
2019-09-24 18:19:27,931 [pool-47-thread-1] INFO  server.RaftServerConfigKeys (ConfUtils.java:logGet(43)) - raft.server.log.purge.gap = 1000000 (custom)
2019-09-24 18:19:27,932 [pool-57-thread-1] INFO  server.RaftServerConfigKeys (ConfUtils.java:logGet(43)) - raft.server.log.queue.element-limit = 1024 (custom)
2019-09-24 18:19:27,932 [pool-87-thread-1] INFO  server.RaftServerConfigKeys (ConfUtils.java:logGet(43)) - raft.server.log.purge.gap = 1000000 (custom)
2019-09-24 18:19:27,932 [pool-57-thread-1] INFO  server.RaftServerConfigKeys (ConfUtils.java:logGet(43)) - raft.server.log.segment.size.max = 1048576 (custom)
2019-09-24 18:19:27,932 [pool-47-thread-1] INFO  server.RaftServerConfigKeys (ConfUtils.java:logGet(43)) - raft.server.log.appender.buffer.byte-limit = 33554432 (custom)
2019-09-24 18:19:27,932 [pool-57-thread-1] INFO  server.RaftServerConfigKeys (ConfUtils.java:logGet(43)) - raft.server.log.preallocated.size = 16384 (custom)
2019-09-24 18:19:27,932 [pool-87-thread-1] INFO  server.RaftServerConfigKeys (ConfUtils.java:logGet(43)) - raft.server.log.appender.buffer.byte-limit = 33554432 (custom)
2019-09-24 18:19:27,933 [pool-57-thread-1] INFO  server.RaftServerConfigKeys (ConfUtils.java:logGet(43)) - raft.server.log.write.buffer.size = 33554432 (custom)
2019-09-24 18:19:27,933 [pool-47-thread-1] INFO  server.RaftServerConfigKeys (ConfUtils.java:logGet(43)) - raft.server.log.segment.size.max = 1048576 (custom)
2019-09-24 18:19:27,933 [pool-57-thread-1] INFO  server.RaftServerConfigKeys (ConfUtils.java:logGet(43)) - raft.server.log.force.sync.num = 128 (default)
2019-09-24 18:19:27,933 [pool-87-thread-1] INFO  server.RaftServerConfigKeys (ConfUtils.java:logGet(43)) - raft.server.log.segment.size.max = 1048576 (custom)
2019-09-24 18:19:27,933 [pool-57-thread-1] INFO  server.RaftServerConfigKeys (ConfUtils.java:logGet(43)) - raft.server.log.statemachine.data.sync = true (default)
2019-09-24 18:19:27,933 [pool-47-thread-1] INFO  server.RaftServerConfigKeys (ConfUtils.java:logGet(43)) - raft.server.log.segment.cache.num.max = 2 (custom)
2019-09-24 18:19:27,934 [pool-57-thread-1] INFO  server.RaftServerConfigKeys (ConfUtils.java:logGet(43)) - raft.server.log.statemachine.data.sync.timeout = 10s (default)
2019-09-24 18:19:27,934 [pool-87-thread-1] INFO  server.RaftServerConfigKeys (ConfUtils.java:logGet(43)) - raft.server.log.segment.cache.num.max = 2 (custom)
2019-09-24 18:19:27,934 [pool-57-thread-1] INFO  server.RaftServerConfigKeys (ConfUtils.java:logGet(43)) - raft.server.log.statemachine.data.sync.timeout.retry = -1 (default)
2019-09-24 18:19:27,934 [pool-47-thread-1] INFO  segmented.SegmentedRaftLogWorker (SegmentedRaftLogWorker.java:<init>(172)) - new 1ef4a0bb-4a8c-4224-99dc-5dce18d8d28c@group-3C3A4009C5E3-SegmentedRaftLogWorker for RaftStorage:Storage Directory /workdir/hadoop-ozone/integration-test/target/test-dir/MiniOzoneClusterImpl-9a157790-03e5-4da0-a236-db4a40193cb2/datanode-2/data/ratis/3882f53e-41a1-4c48-a8b2-3c3a4009c5e3
2019-09-24 18:19:27,935 [pool-57-thread-1] INFO  server.RaftServerConfigKeys (ConfUtils.java:logGet(43)) - raft.server.log.statemachine.data.caching.enabled = true (custom)
2019-09-24 18:19:27,934 [pool-87-thread-1] INFO  segmented.SegmentedRaftLogWorker (SegmentedRaftLogWorker.java:<init>(172)) - new 56d3d73d-28bb-4c7c-9d35-99456f3549be@group-C63832CD55DC-SegmentedRaftLogWorker for RaftStorage:Storage Directory /workdir/hadoop-ozone/integration-test/target/test-dir/MiniOzoneClusterImpl-9a157790-03e5-4da0-a236-db4a40193cb2/datanode-6/data/ratis/1364e2dd-9a5f-4b40-a5b9-c63832cd55dc
2019-09-24 18:19:27,935 [pool-47-thread-1] INFO  server.RaftServerConfigKeys (ConfUtils.java:logGet(43)) - raft.server.log.queue.byte-limit = 2147483647 (custom)
2019-09-24 18:19:27,935 [pool-57-thread-1] INFO  segmented.SegmentedRaftLogWorker (SegmentedRaftLogWorker.java:lambda$new$0(132)) - 2135d647-a495-482b-8bc4-ca4f8b4fdafb@group-C63832CD55DC-SegmentedRaftLogWorker: flushIndex: setUnconditionally 0 -> -1
2019-09-24 18:19:27,935 [pool-87-thread-1] INFO  server.RaftServerConfigKeys (ConfUtils.java:logGet(43)) - raft.server.log.queue.byte-limit = 2147483647 (custom)
2019-09-24 18:19:27,935 [pool-47-thread-1] INFO  server.RaftServerConfigKeys (ConfUtils.java:logGet(43)) - raft.server.log.queue.element-limit = 1024 (custom)
2019-09-24 18:19:27,936 [pool-87-thread-1] INFO  server.RaftServerConfigKeys (ConfUtils.java:logGet(43)) - raft.server.log.queue.element-limit = 1024 (custom)
2019-09-24 18:19:27,936 [pool-57-thread-1] INFO  server.RaftServerConfigKeys (ConfUtils.java:logGet(43)) - raft.server.snapshot.auto.trigger.enabled = true (custom)
2019-09-24 18:19:27,936 [pool-87-thread-1] INFO  server.RaftServerConfigKeys (ConfUtils.java:logGet(43)) - raft.server.log.segment.size.max = 1048576 (custom)
2019-09-24 18:19:27,936 [pool-47-thread-1] INFO  server.RaftServerConfigKeys (ConfUtils.java:logGet(43)) - raft.server.log.segment.size.max = 1048576 (custom)
2019-09-24 18:19:27,936 [pool-87-thread-1] INFO  server.RaftServerConfigKeys (ConfUtils.java:logGet(43)) - raft.server.log.preallocated.size = 16384 (custom)
2019-09-24 18:19:27,936 [pool-57-thread-1] INFO  server.RaftServerConfigKeys (ConfUtils.java:logGet(43)) - raft.server.snapshot.auto.trigger.threshold = 10000 (custom)
2019-09-24 18:19:27,937 [pool-87-thread-1] INFO  server.RaftServerConfigKeys (ConfUtils.java:logGet(43)) - raft.server.log.write.buffer.size = 33554432 (custom)
2019-09-24 18:19:27,936 [pool-47-thread-1] INFO  server.RaftServerConfigKeys (ConfUtils.java:logGet(43)) - raft.server.log.preallocated.size = 16384 (custom)
2019-09-24 18:19:27,937 [pool-87-thread-1] INFO  server.RaftServerConfigKeys (ConfUtils.java:logGet(43)) - raft.server.log.force.sync.num = 128 (default)
2019-09-24 18:19:27,937 [pool-57-thread-1] INFO  server.RaftServerConfigKeys (ConfUtils.java:logGet(43)) - raft.server.snapshot.retention.num.files = 5 (custom)
2019-09-24 18:19:27,937 [pool-87-thread-1] INFO  server.RaftServerConfigKeys (ConfUtils.java:logGet(43)) - raft.server.log.statemachine.data.sync = true (default)
2019-09-24 18:19:27,937 [pool-47-thread-1] INFO  server.RaftServerConfigKeys (ConfUtils.java:logGet(43)) - raft.server.log.write.buffer.size = 33554432 (custom)
2019-09-24 18:19:27,938 [pool-87-thread-1] INFO  server.RaftServerConfigKeys (ConfUtils.java:logGet(43)) - raft.server.log.statemachine.data.sync.timeout = 10s (default)
2019-09-24 18:19:27,938 [pool-57-thread-1] INFO  server.RaftServerConfigKeys (ConfUtils.java:logGet(43)) - raft.server.retrycache.expirytime = 600000ms (custom)
2019-09-24 18:19:27,938 [pool-87-thread-1] INFO  server.RaftServerConfigKeys (ConfUtils.java:logGet(43)) - raft.server.log.statemachine.data.sync.timeout.retry = -1 (default)
2019-09-24 18:19:27,938 [pool-47-thread-1] INFO  server.RaftServerConfigKeys (ConfUtils.java:logGet(43)) - raft.server.log.force.sync.num = 128 (default)
2019-09-24 18:19:27,939 [pool-87-thread-1] INFO  server.RaftServerConfigKeys (ConfUtils.java:logGet(43)) - raft.server.log.statemachine.data.caching.enabled = true (custom)
2019-09-24 18:19:27,939 [pool-47-thread-1] INFO  server.RaftServerConfigKeys (ConfUtils.java:logGet(43)) - raft.server.log.statemachine.data.sync = true (default)
2019-09-24 18:19:27,939 [pool-47-thread-1] INFO  server.RaftServerConfigKeys (ConfUtils.java:logGet(43)) - raft.server.log.statemachine.data.sync.timeout = 10s (default)
2019-09-24 18:19:27,939 [pool-87-thread-1] INFO  segmented.SegmentedRaftLogWorker (SegmentedRaftLogWorker.java:lambda$new$0(132)) - 56d3d73d-28bb-4c7c-9d35-99456f3549be@group-C63832CD55DC-SegmentedRaftLogWorker: flushIndex: setUnconditionally 0 -> -1
2019-09-24 18:19:27,939 [pool-47-thread-1] INFO  server.RaftServerConfigKeys (ConfUtils.java:logGet(43)) - raft.server.log.statemachine.data.sync.timeout.retry = -1 (default)
2019-09-24 18:19:27,940 [pool-87-thread-1] INFO  server.RaftServerConfigKeys (ConfUtils.java:logGet(43)) - raft.server.snapshot.auto.trigger.enabled = true (custom)
2019-09-24 18:19:27,940 [pool-47-thread-1] INFO  server.RaftServerConfigKeys (ConfUtils.java:logGet(43)) - raft.server.log.statemachine.data.caching.enabled = true (custom)
2019-09-24 18:19:27,940 [pool-87-thread-1] INFO  server.RaftServerConfigKeys (ConfUtils.java:logGet(43)) - raft.server.snapshot.auto.trigger.threshold = 10000 (custom)
2019-09-24 18:19:27,940 [pool-87-thread-1] INFO  server.RaftServerConfigKeys (ConfUtils.java:logGet(43)) - raft.server.snapshot.retention.num.files = 5 (custom)
2019-09-24 18:19:27,940 [pool-47-thread-1] INFO  segmented.SegmentedRaftLogWorker (SegmentedRaftLogWorker.java:lambda$new$0(132)) - 1ef4a0bb-4a8c-4224-99dc-5dce18d8d28c@group-3C3A4009C5E3-SegmentedRaftLogWorker: flushIndex: setUnconditionally 0 -> -1
2019-09-24 18:19:27,940 [pool-87-thread-1] INFO  server.RaftServerConfigKeys (ConfUtils.java:logGet(43)) - raft.server.retrycache.expirytime = 600000ms (custom)
2019-09-24 18:19:27,941 [pool-47-thread-1] INFO  server.RaftServerConfigKeys (ConfUtils.java:logGet(43)) - raft.server.snapshot.auto.trigger.enabled = true (custom)
2019-09-24 18:19:27,941 [pool-47-thread-1] INFO  server.RaftServerConfigKeys (ConfUtils.java:logGet(43)) - raft.server.snapshot.auto.trigger.threshold = 10000 (custom)
2019-09-24 18:19:27,941 [pool-47-thread-1] INFO  server.RaftServerConfigKeys (ConfUtils.java:logGet(43)) - raft.server.snapshot.retention.num.files = 5 (custom)
2019-09-24 18:19:27,941 [pool-47-thread-1] INFO  server.RaftServerConfigKeys (ConfUtils.java:logGet(43)) - raft.server.retrycache.expirytime = 600000ms (custom)
2019-09-24 18:19:27,942 [pool-57-thread-1] INFO  impl.RaftServerImpl (RaftServerImpl.java:start(185)) - 2135d647-a495-482b-8bc4-ca4f8b4fdafb@group-14BF59FD49FA: start as a follower, conf=-1: [1ef4a0bb-4a8c-4224-99dc-5dce18d8d28c:192.168.36.84:36426, 56d3d73d-28bb-4c7c-9d35-99456f3549be:192.168.36.84:34646, 2135d647-a495-482b-8bc4-ca4f8b4fdafb:192.168.36.84:46711], old=null
2019-09-24 18:19:27,943 [pool-57-thread-1] INFO  impl.RaftServerImpl (RaftServerImpl.java:setRole(174)) - 2135d647-a495-482b-8bc4-ca4f8b4fdafb@group-14BF59FD49FA: changes role from      null to FOLLOWER at term 0 for startAsFollower
2019-09-24 18:19:27,943 [pool-57-thread-1] INFO  impl.RoleInfo (RoleInfo.java:updateAndGet(143)) - 2135d647-a495-482b-8bc4-ca4f8b4fdafb: start FollowerState
2019-09-24 18:19:27,943 [pool-57-thread-1] INFO  util.JmxRegister (JmxRegister.java:tryRegister(44)) - Successfully registered JMX Bean with object name Ratis:service=RaftServer,group=group-14BF59FD49FA,id=2135d647-a495-482b-8bc4-ca4f8b4fdafb
2019-09-24 18:19:27,944 [pool-57-thread-1] INFO  impl.RaftServerImpl (RaftServerImpl.java:start(185)) - 2135d647-a495-482b-8bc4-ca4f8b4fdafb@group-3C3A4009C5E3: start as a follower, conf=-1: [1ef4a0bb-4a8c-4224-99dc-5dce18d8d28c:192.168.36.84:36426, 56d3d73d-28bb-4c7c-9d35-99456f3549be:192.168.36.84:34646, 2135d647-a495-482b-8bc4-ca4f8b4fdafb:192.168.36.84:46711], old=null
2019-09-24 18:19:27,944 [pool-57-thread-1] INFO  impl.RaftServerImpl (RaftServerImpl.java:setRole(174)) - 2135d647-a495-482b-8bc4-ca4f8b4fdafb@group-3C3A4009C5E3: changes role from      null to FOLLOWER at term 0 for startAsFollower
2019-09-24 18:19:27,944 [pool-57-thread-1] INFO  impl.RoleInfo (RoleInfo.java:updateAndGet(143)) - 2135d647-a495-482b-8bc4-ca4f8b4fdafb: start FollowerState
2019-09-24 18:19:27,945 [pool-57-thread-1] INFO  util.JmxRegister (JmxRegister.java:tryRegister(44)) - Successfully registered JMX Bean with object name Ratis:service=RaftServer,group=group-3C3A4009C5E3,id=2135d647-a495-482b-8bc4-ca4f8b4fdafb
2019-09-24 18:19:27,945 [pool-87-thread-1] INFO  impl.RaftServerImpl (RaftServerImpl.java:start(185)) - 56d3d73d-28bb-4c7c-9d35-99456f3549be@group-14BF59FD49FA: start as a follower, conf=-1: [1ef4a0bb-4a8c-4224-99dc-5dce18d8d28c:192.168.36.84:36426, 56d3d73d-28bb-4c7c-9d35-99456f3549be:192.168.36.84:34646, 2135d647-a495-482b-8bc4-ca4f8b4fdafb:192.168.36.84:46711], old=null
2019-09-24 18:19:27,945 [pool-57-thread-1] INFO  impl.RaftServerImpl (RaftServerImpl.java:start(185)) - 2135d647-a495-482b-8bc4-ca4f8b4fdafb@group-C63832CD55DC: start as a follower, conf=-1: [1ef4a0bb-4a8c-4224-99dc-5dce18d8d28c:192.168.36.84:36426, 56d3d73d-28bb-4c7c-9d35-99456f3549be:192.168.36.84:34646, 2135d647-a495-482b-8bc4-ca4f8b4fdafb:192.168.36.84:46711], old=null
2019-09-24 18:19:27,945 [pool-87-thread-1] INFO  impl.RaftServerImpl (RaftServerImpl.java:setRole(174)) - 56d3d73d-28bb-4c7c-9d35-99456f3549be@group-14BF59FD49FA: changes role from      null to FOLLOWER at term 0 for startAsFollower
2019-09-24 18:19:27,946 [pool-57-thread-1] INFO  impl.RaftServerImpl (RaftServerImpl.java:setRole(174)) - 2135d647-a495-482b-8bc4-ca4f8b4fdafb@group-C63832CD55DC: changes role from      null to FOLLOWER at term 0 for startAsFollower
2019-09-24 18:19:27,946 [pool-87-thread-1] INFO  impl.RoleInfo (RoleInfo.java:updateAndGet(143)) - 56d3d73d-28bb-4c7c-9d35-99456f3549be: start FollowerState
2019-09-24 18:19:27,946 [pool-57-thread-1] INFO  impl.RoleInfo (RoleInfo.java:updateAndGet(143)) - 2135d647-a495-482b-8bc4-ca4f8b4fdafb: start FollowerState
2019-09-24 18:19:27,946 [pool-87-thread-1] INFO  util.JmxRegister (JmxRegister.java:tryRegister(44)) - Successfully registered JMX Bean with object name Ratis:service=RaftServer,group=group-14BF59FD49FA,id=56d3d73d-28bb-4c7c-9d35-99456f3549be
2019-09-24 18:19:27,947 [pool-57-thread-1] INFO  util.JmxRegister (JmxRegister.java:tryRegister(44)) - Successfully registered JMX Bean with object name Ratis:service=RaftServer,group=group-C63832CD55DC,id=2135d647-a495-482b-8bc4-ca4f8b4fdafb
2019-09-24 18:19:27,947 [pool-87-thread-1] INFO  impl.RaftServerImpl (RaftServerImpl.java:start(185)) - 56d3d73d-28bb-4c7c-9d35-99456f3549be@group-3C3A4009C5E3: start as a follower, conf=-1: [1ef4a0bb-4a8c-4224-99dc-5dce18d8d28c:192.168.36.84:36426, 56d3d73d-28bb-4c7c-9d35-99456f3549be:192.168.36.84:34646, 2135d647-a495-482b-8bc4-ca4f8b4fdafb:192.168.36.84:46711], old=null
2019-09-24 18:19:27,947 [pool-87-thread-1] INFO  impl.RaftServerImpl (RaftServerImpl.java:setRole(174)) - 56d3d73d-28bb-4c7c-9d35-99456f3549be@group-3C3A4009C5E3: changes role from      null to FOLLOWER at term 0 for startAsFollower
2019-09-24 18:19:27,947 [pool-87-thread-1] INFO  impl.RoleInfo (RoleInfo.java:updateAndGet(143)) - 56d3d73d-28bb-4c7c-9d35-99456f3549be: start FollowerState
2019-09-24 18:19:27,948 [pool-47-thread-1] INFO  impl.RaftServerImpl (RaftServerImpl.java:<init>(95)) - 1ef4a0bb-4a8c-4224-99dc-5dce18d8d28c: new RaftServerImpl for group-C63832CD55DC:[1ef4a0bb-4a8c-4224-99dc-5dce18d8d28c:192.168.36.84:36426, 56d3d73d-28bb-4c7c-9d35-99456f3549be:192.168.36.84:34646, 2135d647-a495-482b-8bc4-ca4f8b4fdafb:192.168.36.84:46711] with ContainerStateMachine:uninitialized
2019-09-24 18:19:27,948 [pool-87-thread-1] INFO  util.JmxRegister (JmxRegister.java:tryRegister(44)) - Successfully registered JMX Bean with object name Ratis:service=RaftServer,group=group-3C3A4009C5E3,id=56d3d73d-28bb-4c7c-9d35-99456f3549be
2019-09-24 18:19:27,948 [pool-47-thread-1] INFO  server.RaftServerConfigKeys (ConfUtils.java:logGet(43)) - raft.server.rpc.timeout.min = 1s (custom)
2019-09-24 18:19:27,949 [pool-47-thread-1] INFO  server.RaftServerConfigKeys (ConfUtils.java:logGet(43)) - raft.server.rpc.timeout.max = 1200ms (custom)
2019-09-24 18:19:27,949 [pool-47-thread-1] INFO  server.RaftServerConfigKeys (ConfUtils.java:logGet(43)) - raft.server.rpcslowness.timeout = 120s (custom)
2019-09-24 18:19:27,949 [pool-87-thread-1] INFO  impl.RaftServerImpl (RaftServerImpl.java:start(185)) - 56d3d73d-28bb-4c7c-9d35-99456f3549be@group-C63832CD55DC: start as a follower, conf=-1: [1ef4a0bb-4a8c-4224-99dc-5dce18d8d28c:192.168.36.84:36426, 56d3d73d-28bb-4c7c-9d35-99456f3549be:192.168.36.84:34646, 2135d647-a495-482b-8bc4-ca4f8b4fdafb:192.168.36.84:46711], old=null
2019-09-24 18:19:27,949 [pool-47-thread-1] INFO  server.RaftServerConfigKeys (ConfUtils.java:logGet(43)) - raft.server.sleep.deviation.threshold = 300 (default)
2019-09-24 18:19:27,949 [pool-87-thread-1] INFO  impl.RaftServerImpl (RaftServerImpl.java:setRole(174)) - 56d3d73d-28bb-4c7c-9d35-99456f3549be@group-C63832CD55DC: changes role from      null to FOLLOWER at term 0 for startAsFollower
2019-09-24 18:19:27,949 [pool-47-thread-1] INFO  server.RaftServerConfigKeys (ConfUtils.java:logGet(43)) - raft.server.log.appender.install.snapshot.enabled = false (custom)
2019-09-24 18:19:27,949 [pool-87-thread-1] INFO  impl.RoleInfo (RoleInfo.java:updateAndGet(143)) - 56d3d73d-28bb-4c7c-9d35-99456f3549be: start FollowerState
2019-09-24 18:19:27,950 [pool-47-thread-1] INFO  impl.RaftServerImpl (ServerState.java:<init>(103)) - 1ef4a0bb-4a8c-4224-99dc-5dce18d8d28c@group-C63832CD55DC: ConfigurationManager, init=-1: [1ef4a0bb-4a8c-4224-99dc-5dce18d8d28c:192.168.36.84:36426, 56d3d73d-28bb-4c7c-9d35-99456f3549be:192.168.36.84:34646, 2135d647-a495-482b-8bc4-ca4f8b4fdafb:192.168.36.84:46711], old=null, confs=<EMPTY_MAP>
2019-09-24 18:19:27,955 [pool-47-thread-1] INFO  server.RaftServerConfigKeys (ConfUtils.java:logGet(43)) - raft.server.storage.dir = [/workdir/hadoop-ozone/integration-test/target/test-dir/MiniOzoneClusterImpl-9a157790-03e5-4da0-a236-db4a40193cb2/datanode-2/data/ratis] (custom)
2019-09-24 18:19:27,955 [pool-87-thread-1] INFO  util.JmxRegister (JmxRegister.java:tryRegister(44)) - Successfully registered JMX Bean with object name Ratis:service=RaftServer,group=group-C63832CD55DC,id=56d3d73d-28bb-4c7c-9d35-99456f3549be
2019-09-24 18:19:27,958 [pool-47-thread-1] INFO  storage.RaftStorageDirectory (RaftStorageDirectory.java:analyzeStorage(246)) - The storage directory /workdir/hadoop-ozone/integration-test/target/test-dir/MiniOzoneClusterImpl-9a157790-03e5-4da0-a236-db4a40193cb2/datanode-2/data/ratis/1364e2dd-9a5f-4b40-a5b9-c63832cd55dc does not exist. Creating ...
2019-09-24 18:19:28,120 [pool-47-thread-1] INFO  storage.RaftStorageDirectory (RaftStorageDirectory.java:tryLock(328)) - Lock on /workdir/hadoop-ozone/integration-test/target/test-dir/MiniOzoneClusterImpl-9a157790-03e5-4da0-a236-db4a40193cb2/datanode-2/data/ratis/1364e2dd-9a5f-4b40-a5b9-c63832cd55dc/in_use.lock acquired by nodename 18388@pr-hdds-2171-6l6hb-1841322612
2019-09-24 18:19:28,140 [pool-47-thread-1] INFO  storage.RaftStorage (RaftStorage.java:format(72)) - Storage directory /workdir/hadoop-ozone/integration-test/target/test-dir/MiniOzoneClusterImpl-9a157790-03e5-4da0-a236-db4a40193cb2/datanode-2/data/ratis/1364e2dd-9a5f-4b40-a5b9-c63832cd55dc has been successfully formatted.
2019-09-24 18:19:28,140 [pool-47-thread-1] INFO  ratis.ContainerStateMachine (ContainerStateMachine.java:loadSnapshot(230)) - group-C63832CD55DC: The snapshot info is null. Setting the last applied indexto:(t:0, i:~)
2019-09-24 18:19:28,140 [pool-47-thread-1] INFO  server.RaftServerConfigKeys (ConfUtils.java:logGet(43)) - raft.server.notification.no-leader.timeout = 120s (custom)
2019-09-24 18:19:28,140 [pool-47-thread-1] INFO  server.RaftServerConfigKeys (ConfUtils.java:logGet(43)) - raft.server.log.use.memory = false (default)
2019-09-24 18:19:28,141 [pool-47-thread-1] INFO  server.RaftServerConfigKeys (ConfUtils.java:logGet(43)) - raft.server.log.purge.gap = 1000000 (custom)
2019-09-24 18:19:28,141 [pool-47-thread-1] INFO  server.RaftServerConfigKeys (ConfUtils.java:logGet(43)) - raft.server.log.appender.buffer.byte-limit = 33554432 (custom)
2019-09-24 18:19:28,141 [pool-47-thread-1] INFO  server.RaftServerConfigKeys (ConfUtils.java:logGet(43)) - raft.server.log.segment.size.max = 1048576 (custom)
2019-09-24 18:19:28,141 [pool-47-thread-1] INFO  server.RaftServerConfigKeys (ConfUtils.java:logGet(43)) - raft.server.log.segment.cache.num.max = 2 (custom)
2019-09-24 18:19:28,142 [pool-47-thread-1] INFO  segmented.SegmentedRaftLogWorker (SegmentedRaftLogWorker.java:<init>(172)) - new 1ef4a0bb-4a8c-4224-99dc-5dce18d8d28c@group-C63832CD55DC-SegmentedRaftLogWorker for RaftStorage:Storage Directory /workdir/hadoop-ozone/integration-test/target/test-dir/MiniOzoneClusterImpl-9a157790-03e5-4da0-a236-db4a40193cb2/datanode-2/data/ratis/1364e2dd-9a5f-4b40-a5b9-c63832cd55dc
2019-09-24 18:19:28,142 [pool-47-thread-1] INFO  server.RaftServerConfigKeys (ConfUtils.java:logGet(43)) - raft.server.log.queue.byte-limit = 2147483647 (custom)
2019-09-24 18:19:28,142 [pool-47-thread-1] INFO  server.RaftServerConfigKeys (ConfUtils.java:logGet(43)) - raft.server.log.queue.element-limit = 1024 (custom)
2019-09-24 18:19:28,142 [pool-47-thread-1] INFO  server.RaftServerConfigKeys (ConfUtils.java:logGet(43)) - raft.server.log.segment.size.max = 1048576 (custom)
2019-09-24 18:19:28,142 [pool-47-thread-1] INFO  server.RaftServerConfigKeys (ConfUtils.java:logGet(43)) - raft.server.log.preallocated.size = 16384 (custom)
2019-09-24 18:19:28,143 [pool-47-thread-1] INFO  server.RaftServerConfigKeys (ConfUtils.java:logGet(43)) - raft.server.log.write.buffer.size = 33554432 (custom)
2019-09-24 18:19:28,143 [pool-47-thread-1] INFO  server.RaftServerConfigKeys (ConfUtils.java:logGet(43)) - raft.server.log.force.sync.num = 128 (default)
2019-09-24 18:19:28,143 [pool-47-thread-1] INFO  server.RaftServerConfigKeys (ConfUtils.java:logGet(43)) - raft.server.log.statemachine.data.sync = true (default)
2019-09-24 18:19:28,143 [pool-47-thread-1] INFO  server.RaftServerConfigKeys (ConfUtils.java:logGet(43)) - raft.server.log.statemachine.data.sync.timeout = 10s (default)
2019-09-24 18:19:28,143 [pool-47-thread-1] INFO  server.RaftServerConfigKeys (ConfUtils.java:logGet(43)) - raft.server.log.statemachine.data.sync.timeout.retry = -1 (default)
2019-09-24 18:19:28,144 [pool-47-thread-1] INFO  server.RaftServerConfigKeys (ConfUtils.java:logGet(43)) - raft.server.log.statemachine.data.caching.enabled = true (custom)
2019-09-24 18:19:28,144 [pool-47-thread-1] INFO  segmented.SegmentedRaftLogWorker (SegmentedRaftLogWorker.java:lambda$new$0(132)) - 1ef4a0bb-4a8c-4224-99dc-5dce18d8d28c@group-C63832CD55DC-SegmentedRaftLogWorker: flushIndex: setUnconditionally 0 -> -1
2019-09-24 18:19:28,145 [pool-47-thread-1] INFO  server.RaftServerConfigKeys (ConfUtils.java:logGet(43)) - raft.server.snapshot.auto.trigger.enabled = true (custom)
2019-09-24 18:19:28,145 [pool-47-thread-1] INFO  server.RaftServerConfigKeys (ConfUtils.java:logGet(43)) - raft.server.snapshot.auto.trigger.threshold = 10000 (custom)
2019-09-24 18:19:28,145 [pool-47-thread-1] INFO  server.RaftServerConfigKeys (ConfUtils.java:logGet(43)) - raft.server.snapshot.retention.num.files = 5 (custom)
2019-09-24 18:19:28,145 [pool-47-thread-1] INFO  server.RaftServerConfigKeys (ConfUtils.java:logGet(43)) - raft.server.retrycache.expirytime = 600000ms (custom)
2019-09-24 18:19:28,149 [pool-47-thread-1] INFO  impl.RaftServerImpl (RaftServerImpl.java:start(185)) - 1ef4a0bb-4a8c-4224-99dc-5dce18d8d28c@group-AD756A492EDB: start as a follower, conf=-1: [1ef4a0bb-4a8c-4224-99dc-5dce18d8d28c:192.168.36.84:36426], old=null
2019-09-24 18:19:28,149 [pool-47-thread-1] INFO  impl.RaftServerImpl (RaftServerImpl.java:setRole(174)) - 1ef4a0bb-4a8c-4224-99dc-5dce18d8d28c@group-AD756A492EDB: changes role from      null to FOLLOWER at term 0 for startAsFollower
2019-09-24 18:19:28,149 [pool-47-thread-1] INFO  impl.RoleInfo (RoleInfo.java:updateAndGet(143)) - 1ef4a0bb-4a8c-4224-99dc-5dce18d8d28c: start FollowerState
2019-09-24 18:19:28,150 [pool-47-thread-1] INFO  util.JmxRegister (JmxRegister.java:tryRegister(44)) - Successfully registered JMX Bean with object name Ratis:service=RaftServer,group=group-AD756A492EDB,id=1ef4a0bb-4a8c-4224-99dc-5dce18d8d28c
2019-09-24 18:19:28,150 [pool-47-thread-1] INFO  impl.RaftServerImpl (RaftServerImpl.java:start(185)) - 1ef4a0bb-4a8c-4224-99dc-5dce18d8d28c@group-14BF59FD49FA: start as a follower, conf=-1: [1ef4a0bb-4a8c-4224-99dc-5dce18d8d28c:192.168.36.84:36426, 56d3d73d-28bb-4c7c-9d35-99456f3549be:192.168.36.84:34646, 2135d647-a495-482b-8bc4-ca4f8b4fdafb:192.168.36.84:46711], old=null
2019-09-24 18:19:28,150 [pool-47-thread-1] INFO  impl.RaftServerImpl (RaftServerImpl.java:setRole(174)) - 1ef4a0bb-4a8c-4224-99dc-5dce18d8d28c@group-14BF59FD49FA: changes role from      null to FOLLOWER at term 0 for startAsFollower
2019-09-24 18:19:28,151 [pool-47-thread-1] INFO  impl.RoleInfo (RoleInfo.java:updateAndGet(143)) - 1ef4a0bb-4a8c-4224-99dc-5dce18d8d28c: start FollowerState
2019-09-24 18:19:28,151 [pool-47-thread-1] INFO  util.JmxRegister (JmxRegister.java:tryRegister(44)) - Successfully registered JMX Bean with object name Ratis:service=RaftServer,group=group-14BF59FD49FA,id=1ef4a0bb-4a8c-4224-99dc-5dce18d8d28c
2019-09-24 18:19:28,152 [pool-47-thread-1] INFO  impl.RaftServerImpl (RaftServerImpl.java:start(185)) - 1ef4a0bb-4a8c-4224-99dc-5dce18d8d28c@group-3C3A4009C5E3: start as a follower, conf=-1: [1ef4a0bb-4a8c-4224-99dc-5dce18d8d28c:192.168.36.84:36426, 56d3d73d-28bb-4c7c-9d35-99456f3549be:192.168.36.84:34646, 2135d647-a495-482b-8bc4-ca4f8b4fdafb:192.168.36.84:46711], old=null
2019-09-24 18:19:28,152 [pool-47-thread-1] INFO  impl.RaftServerImpl (RaftServerImpl.java:setRole(174)) - 1ef4a0bb-4a8c-4224-99dc-5dce18d8d28c@group-3C3A4009C5E3: changes role from      null to FOLLOWER at term 0 for startAsFollower
2019-09-24 18:19:28,152 [pool-47-thread-1] INFO  impl.RoleInfo (RoleInfo.java:updateAndGet(143)) - 1ef4a0bb-4a8c-4224-99dc-5dce18d8d28c: start FollowerState
2019-09-24 18:19:28,153 [pool-47-thread-1] INFO  util.JmxRegister (JmxRegister.java:tryRegister(44)) - Successfully registered JMX Bean with object name Ratis:service=RaftServer,group=group-3C3A4009C5E3,id=1ef4a0bb-4a8c-4224-99dc-5dce18d8d28c
2019-09-24 18:19:28,153 [pool-47-thread-1] INFO  impl.RaftServerImpl (RaftServerImpl.java:start(185)) - 1ef4a0bb-4a8c-4224-99dc-5dce18d8d28c@group-C63832CD55DC: start as a follower, conf=-1: [1ef4a0bb-4a8c-4224-99dc-5dce18d8d28c:192.168.36.84:36426, 56d3d73d-28bb-4c7c-9d35-99456f3549be:192.168.36.84:34646, 2135d647-a495-482b-8bc4-ca4f8b4fdafb:192.168.36.84:46711], old=null
2019-09-24 18:19:28,154 [pool-47-thread-1] INFO  impl.RaftServerImpl (RaftServerImpl.java:setRole(174)) - 1ef4a0bb-4a8c-4224-99dc-5dce18d8d28c@group-C63832CD55DC: changes role from      null to FOLLOWER at term 0 for startAsFollower
2019-09-24 18:19:28,154 [pool-47-thread-1] INFO  impl.RoleInfo (RoleInfo.java:updateAndGet(143)) - 1ef4a0bb-4a8c-4224-99dc-5dce18d8d28c: start FollowerState
2019-09-24 18:19:28,154 [pool-47-thread-1] INFO  util.JmxRegister (JmxRegister.java:tryRegister(44)) - Successfully registered JMX Bean with object name Ratis:service=RaftServer,group=group-C63832CD55DC,id=1ef4a0bb-4a8c-4224-99dc-5dce18d8d28c
2019-09-24 18:19:28,186 [IPC Server handler 18 on 34630] INFO  pipeline.PipelineStateManager (PipelineStateManager.java:addPipeline(56)) - Created pipeline Pipeline[ Id: 1364e2dd-9a5f-4b40-a5b9-c63832cd55dc, Nodes: 1ef4a0bb-4a8c-4224-99dc-5dce18d8d28c{ip: 192.168.36.84, host: pr-hdds-2171-6l6hb-1841322612, networkLocation: /default-rack, certSerialId: null}56d3d73d-28bb-4c7c-9d35-99456f3549be{ip: 192.168.36.84, host: pr-hdds-2171-6l6hb-1841322612, networkLocation: /default-rack, certSerialId: null}2135d647-a495-482b-8bc4-ca4f8b4fdafb{ip: 192.168.36.84, host: pr-hdds-2171-6l6hb-1841322612, networkLocation: /default-rack, certSerialId: null}, Type:RATIS, Factor:THREE, State:OPEN]
2019-09-24 18:19:28,218 [main] INFO  ozone.MiniOzoneClusterImpl (MiniOzoneClusterImpl.java:shutdown(314)) - Shutting down the Mini Ozone Cluster
2019-09-24 18:19:28,219 [main] INFO  ozone.MiniOzoneClusterImpl (MiniOzoneClusterImpl.java:stop(330)) - Stopping the Mini Ozone Cluster
2019-09-24 18:19:28,219 [main] INFO  ozone.MiniOzoneClusterImpl (MiniOzoneClusterImpl.java:stopOM(400)) - Stopping the OzoneManager
2019-09-24 18:19:28,220 [main] INFO  ipc.Server (Server.java:stop(3082)) - Stopping server on 41387
2019-09-24 18:19:28,245 [IPC Server listener on 41387] INFO  ipc.Server (Server.java:run(1185)) - Stopping IPC Server listener on 41387
2019-09-24 18:19:28,251 [main] INFO  ratis.OzoneManagerDoubleBuffer (OzoneManagerDoubleBuffer.java:stop(248)) - Stopping OMDoubleBuffer flush thread
2019-09-24 18:19:28,254 [IPC Server Responder] INFO  ipc.Server (Server.java:run(1319)) - Stopping IPC Server Responder
2019-09-24 18:19:28,275 [OMDoubleBufferFlushThread] INFO  ratis.OzoneManagerDoubleBuffer (OzoneManagerDoubleBuffer.java:flushTransactions(191)) - OMDoubleBuffer flush thread OMDoubleBufferFlushThread is interrupted and will exit. OMDoubleBufferFlushThread
2019-09-24 18:19:28,279 [main] INFO  utils.BackgroundService (BackgroundService.java:shutdown(148)) - Shutting down service KeyDeletingService
2019-09-24 18:19:28,283 [main] INFO  handler.ContextHandler (ContextHandler.java:doStop(910)) - Stopped o.e.j.w.WebAppContext@415156bf{/,null,UNAVAILABLE}{/ozoneManager}
2019-09-24 18:19:28,292 [main] INFO  server.AbstractConnector (AbstractConnector.java:doStop(318)) - Stopped ServerConnector@393881f0{HTTP/1.1,[http/1.1]}{0.0.0.0:0}
2019-09-24 18:19:28,293 [main] INFO  handler.ContextHandler (ContextHandler.java:doStop(910)) - Stopped o.e.j.s.ServletContextHandler@3a627c80{/static,file:///workdir/hadoop-ozone/integration-test/target/test-classes/webapps/static,UNAVAILABLE}
2019-09-24 18:19:28,293 [main] INFO  handler.ContextHandler (ContextHandler.java:doStop(910)) - Stopped o.e.j.s.ServletContextHandler@20ed3303{/logs,file:///workdir/hadoop-ozone/integration-test/target/log,UNAVAILABLE}
2019-09-24 18:19:28,299 [main] INFO  ozone.MiniOzoneClusterImpl (MiniOzoneClusterImpl.java:stopDatanodes(377)) - Stopping the HddsDatanodes
2019-09-24 18:19:28,486 [Thread-306] INFO  impl.FollowerState (FollowerState.java:run(106)) - 56d3d73d-28bb-4c7c-9d35-99456f3549be:group-CCB3303368FC changes to CANDIDATE, lastRpcTime:1200, electionTimeout:1198ms
2019-09-24 18:19:28,486 [Thread-306] INFO  impl.RoleInfo (RoleInfo.java:shutdownFollowerState(121)) - 56d3d73d-28bb-4c7c-9d35-99456f3549be: shutdown FollowerState
2019-09-24 18:19:28,487 [Thread-306] INFO  impl.RaftServerImpl (RaftServerImpl.java:setRole(174)) - 56d3d73d-28bb-4c7c-9d35-99456f3549be@group-CCB3303368FC: changes role from  FOLLOWER to CANDIDATE at term 2 for changeToCandidate
2019-09-24 18:19:28,487 [Thread-306] INFO  impl.RoleInfo (RoleInfo.java:updateAndGet(143)) - 56d3d73d-28bb-4c7c-9d35-99456f3549be: start LeaderElection
2019-09-24 18:19:28,638 [56d3d73d-28bb-4c7c-9d35-99456f3549be@group-CCB3303368FC:LeaderElection4] INFO  impl.LeaderElection (LeaderElection.java:askForVotes(182)) - 56d3d73d-28bb-4c7c-9d35-99456f3549be@group-CCB3303368FC:LeaderElection4: begin an election at term 3 for -1: [1ef4a0bb-4a8c-4224-99dc-5dce18d8d28c:192.168.36.84:36426, 56d3d73d-28bb-4c7c-9d35-99456f3549be:192.168.36.84:34646, 2135d647-a495-482b-8bc4-ca4f8b4fdafb:192.168.36.84:46711], old=null
2019-09-24 18:19:28,659 [grpc-default-executor-0] INFO  impl.RaftServerImpl (RaftServerImpl.java:setRole(174)) - 1ef4a0bb-4a8c-4224-99dc-5dce18d8d28c@group-CCB3303368FC: changes role from  FOLLOWER to FOLLOWER at term 3 for recognizeCandidate:56d3d73d-28bb-4c7c-9d35-99456f3549be
2019-09-24 18:19:28,659 [grpc-default-executor-0] INFO  impl.RoleInfo (RoleInfo.java:shutdownFollowerState(121)) - 1ef4a0bb-4a8c-4224-99dc-5dce18d8d28c: shutdown FollowerState
2019-09-24 18:19:28,661 [grpc-default-executor-1] INFO  impl.RaftServerImpl (RaftServerImpl.java:setRole(174)) - 2135d647-a495-482b-8bc4-ca4f8b4fdafb@group-CCB3303368FC: changes role from  FOLLOWER to FOLLOWER at term 3 for recognizeCandidate:56d3d73d-28bb-4c7c-9d35-99456f3549be
2019-09-24 18:19:28,661 [grpc-default-executor-0] INFO  impl.RoleInfo (RoleInfo.java:updateAndGet(143)) - 1ef4a0bb-4a8c-4224-99dc-5dce18d8d28c: start FollowerState
2019-09-24 18:19:28,661 [grpc-default-executor-1] INFO  impl.RoleInfo (RoleInfo.java:shutdownFollowerState(121)) - 2135d647-a495-482b-8bc4-ca4f8b4fdafb: shutdown FollowerState
2019-09-24 18:19:28,661 [Thread-315] INFO  impl.FollowerState (FollowerState.java:run(115)) - 1ef4a0bb-4a8c-4224-99dc-5dce18d8d28c: FollowerState was interrupted: java.lang.InterruptedException: sleep interrupted
2019-09-24 18:19:28,662 [grpc-default-executor-1] INFO  impl.RoleInfo (RoleInfo.java:updateAndGet(143)) - 2135d647-a495-482b-8bc4-ca4f8b4fdafb: start FollowerState
2019-09-24 18:19:28,662 [Thread-310] INFO  impl.FollowerState (FollowerState.java:run(115)) - 2135d647-a495-482b-8bc4-ca4f8b4fdafb: FollowerState was interrupted: java.lang.InterruptedException: sleep interrupted
2019-09-24 18:19:28,725 [56d3d73d-28bb-4c7c-9d35-99456f3549be@group-CCB3303368FC:LeaderElection4] INFO  impl.LeaderElection (LeaderElection.java:logAndReturn(56)) - 56d3d73d-28bb-4c7c-9d35-99456f3549be@group-CCB3303368FC:LeaderElection4: Election PASSED; received 1 response(s) [56d3d73d-28bb-4c7c-9d35-99456f3549be<-2135d647-a495-482b-8bc4-ca4f8b4fdafb#0:OK-t3] and 0 exception(s); 56d3d73d-28bb-4c7c-9d35-99456f3549be@group-CCB3303368FC:t3, leader=null, voted=56d3d73d-28bb-4c7c-9d35-99456f3549be, raftlog=56d3d73d-28bb-4c7c-9d35-99456f3549be@group-CCB3303368FC-SegmentedRaftLog:OPENED:c-1,f-1,i0, conf=-1: [1ef4a0bb-4a8c-4224-99dc-5dce18d8d28c:192.168.36.84:36426, 56d3d73d-28bb-4c7c-9d35-99456f3549be:192.168.36.84:34646, 2135d647-a495-482b-8bc4-ca4f8b4fdafb:192.168.36.84:46711], old=null
2019-09-24 18:19:28,725 [56d3d73d-28bb-4c7c-9d35-99456f3549be@group-CCB3303368FC:LeaderElection4] INFO  impl.RoleInfo (RoleInfo.java:shutdownLeaderElection(134)) - 56d3d73d-28bb-4c7c-9d35-99456f3549be: shutdown LeaderElection
2019-09-24 18:19:28,728 [56d3d73d-28bb-4c7c-9d35-99456f3549be@group-CCB3303368FC:LeaderElection4] INFO  impl.RaftServerImpl (RaftServerImpl.java:setRole(174)) - 56d3d73d-28bb-4c7c-9d35-99456f3549be@group-CCB3303368FC: changes role from CANDIDATE to LEADER at term 3 for changeToLeader
2019-09-24 18:19:28,728 [56d3d73d-28bb-4c7c-9d35-99456f3549be@group-CCB3303368FC:LeaderElection4] INFO  impl.RaftServerImpl (ServerState.java:setLeader(253)) - 56d3d73d-28bb-4c7c-9d35-99456f3549be@group-CCB3303368FC: change Leader from null to 56d3d73d-28bb-4c7c-9d35-99456f3549be at term 3 for becomeLeader, leader elected after 11640ms
2019-09-24 18:19:28,731 [56d3d73d-28bb-4c7c-9d35-99456f3549be@group-CCB3303368FC:LeaderElection4] INFO  server.RaftServerConfigKeys (ConfUtils.java:logGet(43)) - raft.server.staging.catchup.gap = 1000 (default)
2019-09-24 18:19:28,731 [56d3d73d-28bb-4c7c-9d35-99456f3549be@group-CCB3303368FC:LeaderElection4] INFO  server.RaftServerConfigKeys (ConfUtils.java:logGet(43)) - raft.server.rpc.sleep.time = 25ms (default)
2019-09-24 18:19:28,731 [56d3d73d-28bb-4c7c-9d35-99456f3549be@group-CCB3303368FC:LeaderElection4] INFO  server.RaftServerConfigKeys (ConfUtils.java:logGet(43)) - raft.server.write.element-limit = 4096 (default)
2019-09-24 18:19:28,732 [56d3d73d-28bb-4c7c-9d35-99456f3549be@group-CCB3303368FC:LeaderElection4] INFO  server.RaftServerConfigKeys (ConfUtils.java:logGet(43)) - raft.server.watch.timeout = 10s (default)
2019-09-24 18:19:28,732 [56d3d73d-28bb-4c7c-9d35-99456f3549be@group-CCB3303368FC:LeaderElection4] INFO  server.RaftServerConfigKeys (ConfUtils.java:logGet(43)) - raft.server.watch.timeout.denomination = 1s (default)
2019-09-24 18:19:28,732 [56d3d73d-28bb-4c7c-9d35-99456f3549be@group-CCB3303368FC:LeaderElection4] INFO  server.RaftServerConfigKeys (ConfUtils.java:logGet(43)) - raft.server.watch.element-limit = 65536 (default)
2019-09-24 18:19:28,737 [56d3d73d-28bb-4c7c-9d35-99456f3549be@group-CCB3303368FC:LeaderElection4] INFO  server.RaftServerConfigKeys (ConfUtils.java:logGet(43)) - raft.server.log.appender.snapshot.chunk.size.max = 16MB (=16777216) (default)
2019-09-24 18:19:28,738 [56d3d73d-28bb-4c7c-9d35-99456f3549be@group-CCB3303368FC:LeaderElection4] INFO  server.RaftServerConfigKeys (ConfUtils.java:logGet(43)) - raft.server.log.appender.buffer.byte-limit = 33554432 (custom)
2019-09-24 18:19:28,738 [56d3d73d-28bb-4c7c-9d35-99456f3549be@group-CCB3303368FC:LeaderElection4] INFO  server.RaftServerConfigKeys (ConfUtils.java:logGet(43)) - raft.server.log.appender.buffer.element-limit = 1 (custom)
2019-09-24 18:19:28,742 [56d3d73d-28bb-4c7c-9d35-99456f3549be@group-CCB3303368FC:LeaderElection4] INFO  grpc.GrpcConfigKeys$Server (ConfUtils.java:logGet(43)) - raft.grpc.server.leader.outstanding.appends.max = 128 (default)
2019-09-24 18:19:28,742 [56d3d73d-28bb-4c7c-9d35-99456f3549be@group-CCB3303368FC:LeaderElection4] INFO  server.RaftServerConfigKeys (ConfUtils.java:logGet(43)) - raft.server.rpc.request.timeout = 3000ms (default)
2019-09-24 18:19:28,742 [56d3d73d-28bb-4c7c-9d35-99456f3549be@group-CCB3303368FC:LeaderElection4] INFO  server.RaftServerConfigKeys (ConfUtils.java:logGet(43)) - raft.server.log.appender.install.snapshot.enabled = false (custom)
2019-09-24 18:19:28,744 [56d3d73d-28bb-4c7c-9d35-99456f3549be@group-CCB3303368FC:LeaderElection4] INFO  server.RaftServerConfigKeys (ConfUtils.java:logGet(43)) - raft.server.log.appender.snapshot.chunk.size.max = 16MB (=16777216) (default)
2019-09-24 18:19:28,744 [56d3d73d-28bb-4c7c-9d35-99456f3549be@group-CCB3303368FC:LeaderElection4] INFO  server.RaftServerConfigKeys (ConfUtils.java:logGet(43)) - raft.server.log.appender.buffer.byte-limit = 33554432 (custom)
2019-09-24 18:19:28,744 [56d3d73d-28bb-4c7c-9d35-99456f3549be@group-CCB3303368FC:LeaderElection4] INFO  server.RaftServerConfigKeys (ConfUtils.java:logGet(43)) - raft.server.log.appender.buffer.element-limit = 1 (custom)
2019-09-24 18:19:28,744 [56d3d73d-28bb-4c7c-9d35-99456f3549be@group-CCB3303368FC:LeaderElection4] INFO  grpc.GrpcConfigKeys$Server (ConfUtils.java:logGet(43)) - raft.grpc.server.leader.outstanding.appends.max = 128 (default)
2019-09-24 18:19:28,744 [56d3d73d-28bb-4c7c-9d35-99456f3549be@group-CCB3303368FC:LeaderElection4] INFO  server.RaftServerConfigKeys (ConfUtils.java:logGet(43)) - raft.server.rpc.request.timeout = 3000ms (default)
2019-09-24 18:19:28,744 [56d3d73d-28bb-4c7c-9d35-99456f3549be@group-CCB3303368FC:LeaderElection4] INFO  server.RaftServerConfigKeys (ConfUtils.java:logGet(43)) - raft.server.log.appender.install.snapshot.enabled = false (custom)
2019-09-24 18:19:28,746 [56d3d73d-28bb-4c7c-9d35-99456f3549be@group-CCB3303368FC:LeaderElection4] INFO  impl.RoleInfo (RoleInfo.java:updateAndGet(143)) - 56d3d73d-28bb-4c7c-9d35-99456f3549be: start LeaderState
2019-09-24 18:19:28,746 [56d3d73d-28bb-4c7c-9d35-99456f3549be@group-CCB3303368FC:LeaderElection4] INFO  segmented.SegmentedRaftLogWorker (SegmentedRaftLogWorker.java:startLogSegment(380)) - 56d3d73d-28bb-4c7c-9d35-99456f3549be@group-CCB3303368FC-SegmentedRaftLogWorker: Starting segment from index:0
2019-09-24 18:19:28,747 [56d3d73d-28bb-4c7c-9d35-99456f3549be@group-CCB3303368FC:LeaderElection4] INFO  impl.RaftServerImpl (ServerState.java:setRaftConf(354)) - 56d3d73d-28bb-4c7c-9d35-99456f3549be@group-CCB3303368FC: set configuration 0: [1ef4a0bb-4a8c-4224-99dc-5dce18d8d28c:192.168.36.84:36426, 56d3d73d-28bb-4c7c-9d35-99456f3549be:192.168.36.84:34646, 2135d647-a495-482b-8bc4-ca4f8b4fdafb:192.168.36.84:46711], old=null at 0
2019-09-24 18:19:28,786 [Datanode State Machine Thread - 0] INFO  statemachine.DatanodeStateMachine (DatanodeStateMachine.java:lambda$startDaemon$0(350)) - Ozone container server started.
2019-09-24 18:19:28,809 [56d3d73d-28bb-4c7c-9d35-99456f3549be@group-CCB3303368FC-SegmentedRaftLogWorker] INFO  segmented.SegmentedRaftLogWorker (SegmentedRaftLogWorker.java:execute(569)) - 56d3d73d-28bb-4c7c-9d35-99456f3549be@group-CCB3303368FC-SegmentedRaftLogWorker: created new log segment /workdir/hadoop-ozone/integration-test/target/test-dir/MiniOzoneClusterImpl-9a157790-03e5-4da0-a236-db4a40193cb2/datanode-6/data/ratis/3e01879f-7927-4068-ac92-ccb3303368fc/current/log_inprogress_0
2019-09-24 18:19:28,822 [grpc-default-executor-1] INFO  impl.RaftServerImpl (ServerState.java:setLeader(253)) - 2135d647-a495-482b-8bc4-ca4f8b4fdafb@group-CCB3303368FC: change Leader from null to 56d3d73d-28bb-4c7c-9d35-99456f3549be at term 3 for appendEntries, leader elected after 6564ms
2019-09-24 18:19:28,822 [grpc-default-executor-0] INFO  impl.RaftServerImpl (ServerState.java:setLeader(253)) - 1ef4a0bb-4a8c-4224-99dc-5dce18d8d28c@group-CCB3303368FC: change Leader from null to 56d3d73d-28bb-4c7c-9d35-99456f3549be at term 3 for appendEntries, leader elected after 6575ms
2019-09-24 18:19:28,865 [grpc-default-executor-1] INFO  impl.RaftServerImpl (ServerState.java:setRaftConf(354)) - 1ef4a0bb-4a8c-4224-99dc-5dce18d8d28c@group-CCB3303368FC: set configuration 0: [1ef4a0bb-4a8c-4224-99dc-5dce18d8d28c:192.168.36.84:36426, 56d3d73d-28bb-4c7c-9d35-99456f3549be:192.168.36.84:34646, 2135d647-a495-482b-8bc4-ca4f8b4fdafb:192.168.36.84:46711], old=null at 0
2019-09-24 18:19:28,865 [grpc-default-executor-0] INFO  impl.RaftServerImpl (ServerState.java:setRaftConf(354)) - 2135d647-a495-482b-8bc4-ca4f8b4fdafb@group-CCB3303368FC: set configuration 0: [1ef4a0bb-4a8c-4224-99dc-5dce18d8d28c:192.168.36.84:36426, 56d3d73d-28bb-4c7c-9d35-99456f3549be:192.168.36.84:34646, 2135d647-a495-482b-8bc4-ca4f8b4fdafb:192.168.36.84:46711], old=null at 0
2019-09-24 18:19:28,865 [grpc-default-executor-1] INFO  segmented.SegmentedRaftLogWorker (SegmentedRaftLogWorker.java:startLogSegment(380)) - 1ef4a0bb-4a8c-4224-99dc-5dce18d8d28c@group-CCB3303368FC-SegmentedRaftLogWorker: Starting segment from index:0
2019-09-24 18:19:28,866 [grpc-default-executor-0] INFO  segmented.SegmentedRaftLogWorker (SegmentedRaftLogWorker.java:startLogSegment(380)) - 2135d647-a495-482b-8bc4-ca4f8b4fdafb@group-CCB3303368FC-SegmentedRaftLogWorker: Starting segment from index:0
2019-09-24 18:19:28,931 [1ef4a0bb-4a8c-4224-99dc-5dce18d8d28c@group-CCB3303368FC-SegmentedRaftLogWorker] INFO  segmented.SegmentedRaftLogWorker (SegmentedRaftLogWorker.java:execute(569)) - 1ef4a0bb-4a8c-4224-99dc-5dce18d8d28c@group-CCB3303368FC-SegmentedRaftLogWorker: created new log segment /workdir/hadoop-ozone/integration-test/target/test-dir/MiniOzoneClusterImpl-9a157790-03e5-4da0-a236-db4a40193cb2/datanode-2/data/ratis/3e01879f-7927-4068-ac92-ccb3303368fc/current/log_inprogress_0
2019-09-24 18:19:28,931 [2135d647-a495-482b-8bc4-ca4f8b4fdafb@group-CCB3303368FC-SegmentedRaftLogWorker] INFO  segmented.SegmentedRaftLogWorker (SegmentedRaftLogWorker.java:execute(569)) - 2135d647-a495-482b-8bc4-ca4f8b4fdafb@group-CCB3303368FC-SegmentedRaftLogWorker: created new log segment /workdir/hadoop-ozone/integration-test/target/test-dir/MiniOzoneClusterImpl-9a157790-03e5-4da0-a236-db4a40193cb2/datanode-3/data/ratis/3e01879f-7927-4068-ac92-ccb3303368fc/current/log_inprogress_0
2019-09-24 18:19:29,052 [Thread-325] INFO  impl.FollowerState (FollowerState.java:run(106)) - 2135d647-a495-482b-8bc4-ca4f8b4fdafb:group-C63832CD55DC changes to CANDIDATE, lastRpcTime:1106, electionTimeout:1105ms
2019-09-24 18:19:29,053 [Thread-325] INFO  impl.RoleInfo (RoleInfo.java:shutdownFollowerState(121)) - 2135d647-a495-482b-8bc4-ca4f8b4fdafb: shutdown FollowerState
2019-09-24 18:19:29,053 [Thread-325] INFO  impl.RaftServerImpl (RaftServerImpl.java:setRole(174)) - 2135d647-a495-482b-8bc4-ca4f8b4fdafb@group-C63832CD55DC: changes role from  FOLLOWER to CANDIDATE at term 0 for changeToCandidate
2019-09-24 18:19:29,053 [Thread-325] INFO  impl.RoleInfo (RoleInfo.java:updateAndGet(143)) - 2135d647-a495-482b-8bc4-ca4f8b4fdafb: start LeaderElection
2019-09-24 18:19:29,053 [Thread-328] INFO  impl.FollowerState (FollowerState.java:run(106)) - 56d3d73d-28bb-4c7c-9d35-99456f3549be:group-3C3A4009C5E3 changes to CANDIDATE, lastRpcTime:1105, electionTimeout:1105ms
2019-09-24 18:19:29,054 [Thread-328] INFO  impl.RoleInfo (RoleInfo.java:shutdownFollowerState(121)) - 56d3d73d-28bb-4c7c-9d35-99456f3549be: shutdown FollowerState
2019-09-24 18:19:29,064 [Datanode State Machine Thread - 0] INFO  statemachine.DatanodeStateMachine (DatanodeStateMachine.java:lambda$startDaemon$0(350)) - Ozone container server started.
2019-09-24 18:19:29,067 [Thread-328] INFO  impl.RaftServerImpl (RaftServerImpl.java:setRole(174)) - 56d3d73d-28bb-4c7c-9d35-99456f3549be@group-3C3A4009C5E3: changes role from  FOLLOWER to CANDIDATE at term 0 for changeToCandidate
2019-09-24 18:19:29,067 [Thread-328] INFO  impl.RoleInfo (RoleInfo.java:updateAndGet(143)) - 56d3d73d-28bb-4c7c-9d35-99456f3549be: start LeaderElection
2019-09-24 18:19:29,072 [Thread-320] INFO  impl.FollowerState (FollowerState.java:run(106)) - 2135d647-a495-482b-8bc4-ca4f8b4fdafb:group-14BF59FD49FA changes to CANDIDATE, lastRpcTime:1129, electionTimeout:1127ms
2019-09-24 18:19:29,072 [Thread-320] INFO  impl.RoleInfo (RoleInfo.java:shutdownFollowerState(121)) - 2135d647-a495-482b-8bc4-ca4f8b4fdafb: shutdown FollowerState
2019-09-24 18:19:29,072 [Thread-320] INFO  impl.RaftServerImpl (RaftServerImpl.java:setRole(174)) - 2135d647-a495-482b-8bc4-ca4f8b4fdafb@group-14BF59FD49FA: changes role from  FOLLOWER to CANDIDATE at term 0 for changeToCandidate
2019-09-24 18:19:29,072 [Thread-320] INFO  impl.RoleInfo (RoleInfo.java:updateAndGet(143)) - 2135d647-a495-482b-8bc4-ca4f8b4fdafb: start LeaderElection
2019-09-24 18:19:29,080 [Thread-322] INFO  impl.FollowerState (FollowerState.java:run(106)) - 2135d647-a495-482b-8bc4-ca4f8b4fdafb:group-3C3A4009C5E3 changes to CANDIDATE, lastRpcTime:1135, electionTimeout:1135ms
2019-09-24 18:19:29,080 [Thread-322] INFO  impl.RoleInfo (RoleInfo.java:shutdownFollowerState(121)) - 2135d647-a495-482b-8bc4-ca4f8b4fdafb: shutdown FollowerState
2019-09-24 18:19:29,080 [Thread-322] INFO  impl.RaftServerImpl (RaftServerImpl.java:setRole(174)) - 2135d647-a495-482b-8bc4-ca4f8b4fdafb@group-3C3A4009C5E3: changes role from  FOLLOWER to CANDIDATE at term 0 for changeToCandidate
2019-09-24 18:19:29,080 [Thread-322] INFO  impl.RoleInfo (RoleInfo.java:updateAndGet(143)) - 2135d647-a495-482b-8bc4-ca4f8b4fdafb: start LeaderElection
2019-09-24 18:19:29,087 [Thread-324] INFO  impl.FollowerState (FollowerState.java:run(106)) - 56d3d73d-28bb-4c7c-9d35-99456f3549be:group-14BF59FD49FA changes to CANDIDATE, lastRpcTime:1138, electionTimeout:1135ms
2019-09-24 18:19:29,087 [Thread-324] INFO  impl.RoleInfo (RoleInfo.java:shutdownFollowerState(121)) - 56d3d73d-28bb-4c7c-9d35-99456f3549be: shutdown FollowerState
2019-09-24 18:19:29,087 [Thread-324] INFO  impl.RaftServerImpl (RaftServerImpl.java:setRole(174)) - 56d3d73d-28bb-4c7c-9d35-99456f3549be@group-14BF59FD49FA: changes role from  FOLLOWER to CANDIDATE at term 0 for changeToCandidate
2019-09-24 18:19:29,087 [Thread-324] INFO  impl.RoleInfo (RoleInfo.java:updateAndGet(143)) - 56d3d73d-28bb-4c7c-9d35-99456f3549be: start LeaderElection
2019-09-24 18:19:29,114 [Thread-330] INFO  impl.FollowerState (FollowerState.java:run(106)) - 56d3d73d-28bb-4c7c-9d35-99456f3549be:group-C63832CD55DC changes to CANDIDATE, lastRpcTime:1164, electionTimeout:1159ms
2019-09-24 18:19:29,114 [Thread-330] INFO  impl.RoleInfo (RoleInfo.java:shutdownFollowerState(121)) - 56d3d73d-28bb-4c7c-9d35-99456f3549be: shutdown FollowerState
2019-09-24 18:19:29,114 [Thread-330] INFO  impl.RaftServerImpl (RaftServerImpl.java:setRole(174)) - 56d3d73d-28bb-4c7c-9d35-99456f3549be@group-C63832CD55DC: changes role from  FOLLOWER to CANDIDATE at term 0 for changeToCandidate
2019-09-24 18:19:29,114 [Thread-330] INFO  impl.RoleInfo (RoleInfo.java:updateAndGet(143)) - 56d3d73d-28bb-4c7c-9d35-99456f3549be: start LeaderElection
2019-09-24 18:19:29,185 [Thread-333] INFO  impl.FollowerState (FollowerState.java:run(106)) - 1ef4a0bb-4a8c-4224-99dc-5dce18d8d28c:group-AD756A492EDB changes to CANDIDATE, lastRpcTime:1035, electionTimeout:1035ms
2019-09-24 18:19:29,185 [Thread-333] INFO  impl.RoleInfo (RoleInfo.java:shutdownFollowerState(121)) - 1ef4a0bb-4a8c-4224-99dc-5dce18d8d28c: shutdown FollowerState
2019-09-24 18:19:29,185 [Thread-333] INFO  impl.RaftServerImpl (RaftServerImpl.java:setRole(174)) - 1ef4a0bb-4a8c-4224-99dc-5dce18d8d28c@group-AD756A492EDB: changes role from  FOLLOWER to CANDIDATE at term 0 for changeToCandidate
2019-09-24 18:19:29,185 [Thread-333] INFO  impl.RoleInfo (RoleInfo.java:updateAndGet(143)) - 1ef4a0bb-4a8c-4224-99dc-5dce18d8d28c: start LeaderElection
2019-09-24 18:19:29,310 [Thread-337] INFO  impl.FollowerState (FollowerState.java:run(106)) - 1ef4a0bb-4a8c-4224-99dc-5dce18d8d28c:group-3C3A4009C5E3 changes to CANDIDATE, lastRpcTime:1157, electionTimeout:1157ms
2019-09-24 18:19:29,310 [Thread-337] INFO  impl.RoleInfo (RoleInfo.java:shutdownFollowerState(121)) - 1ef4a0bb-4a8c-4224-99dc-5dce18d8d28c: shutdown FollowerState
2019-09-24 18:19:29,310 [Thread-337] INFO  impl.RaftServerImpl (RaftServerImpl.java:setRole(174)) - 1ef4a0bb-4a8c-4224-99dc-5dce18d8d28c@group-3C3A4009C5E3: changes role from  FOLLOWER to CANDIDATE at term 0 for changeToCandidate
2019-09-24 18:19:29,311 [Thread-337] INFO  impl.RoleInfo (RoleInfo.java:updateAndGet(143)) - 1ef4a0bb-4a8c-4224-99dc-5dce18d8d28c: start LeaderElection
2019-09-24 18:19:29,325 [Thread-335] INFO  impl.FollowerState (FollowerState.java:run(106)) - 1ef4a0bb-4a8c-4224-99dc-5dce18d8d28c:group-14BF59FD49FA changes to CANDIDATE, lastRpcTime:1174, electionTimeout:1174ms
2019-09-24 18:19:29,326 [Thread-335] INFO  impl.RoleInfo (RoleInfo.java:shutdownFollowerState(121)) - 1ef4a0bb-4a8c-4224-99dc-5dce18d8d28c: shutdown FollowerState
2019-09-24 18:19:29,326 [Thread-335] INFO  impl.RaftServerImpl (RaftServerImpl.java:setRole(174)) - 1ef4a0bb-4a8c-4224-99dc-5dce18d8d28c@group-14BF59FD49FA: changes role from  FOLLOWER to CANDIDATE at term 0 for changeToCandidate
2019-09-24 18:19:29,326 [Thread-335] INFO  impl.RoleInfo (RoleInfo.java:updateAndGet(143)) - 1ef4a0bb-4a8c-4224-99dc-5dce18d8d28c: start LeaderElection
2019-09-24 18:19:29,334 [Thread-339] INFO  impl.FollowerState (FollowerState.java:run(106)) - 1ef4a0bb-4a8c-4224-99dc-5dce18d8d28c:group-C63832CD55DC changes to CANDIDATE, lastRpcTime:1180, electionTimeout:1180ms
2019-09-24 18:19:29,335 [Thread-339] INFO  impl.RoleInfo (RoleInfo.java:shutdownFollowerState(121)) - 1ef4a0bb-4a8c-4224-99dc-5dce18d8d28c: shutdown FollowerState
2019-09-24 18:19:29,335 [Thread-339] INFO  impl.RaftServerImpl (RaftServerImpl.java:setRole(174)) - 1ef4a0bb-4a8c-4224-99dc-5dce18d8d28c@group-C63832CD55DC: changes role from  FOLLOWER to CANDIDATE at term 0 for changeToCandidate
2019-09-24 18:19:29,335 [Thread-339] INFO  impl.RoleInfo (RoleInfo.java:updateAndGet(143)) - 1ef4a0bb-4a8c-4224-99dc-5dce18d8d28c: start LeaderElection
2019-09-24 18:19:29,518 [56d3d73d-28bb-4c7c-9d35-99456f3549be@group-3C3A4009C5E3:LeaderElection6] INFO  impl.LeaderElection (LeaderElection.java:askForVotes(182)) - 56d3d73d-28bb-4c7c-9d35-99456f3549be@group-3C3A4009C5E3:LeaderElection6: begin an election at term 1 for -1: [1ef4a0bb-4a8c-4224-99dc-5dce18d8d28c:192.168.36.84:36426, 56d3d73d-28bb-4c7c-9d35-99456f3549be:192.168.36.84:34646, 2135d647-a495-482b-8bc4-ca4f8b4fdafb:192.168.36.84:46711], old=null
2019-09-24 18:19:29,518 [2135d647-a495-482b-8bc4-ca4f8b4fdafb@group-14BF59FD49FA:LeaderElection7] INFO  impl.LeaderElection (LeaderElection.java:askForVotes(182)) - 2135d647-a495-482b-8bc4-ca4f8b4fdafb@group-14BF59FD49FA:LeaderElection7: begin an election at term 1 for -1: [1ef4a0bb-4a8c-4224-99dc-5dce18d8d28c:192.168.36.84:36426, 56d3d73d-28bb-4c7c-9d35-99456f3549be:192.168.36.84:34646, 2135d647-a495-482b-8bc4-ca4f8b4fdafb:192.168.36.84:46711], old=null
2019-09-24 18:19:29,518 [2135d647-a495-482b-8bc4-ca4f8b4fdafb@group-C63832CD55DC:LeaderElection5] INFO  impl.LeaderElection (LeaderElection.java:askForVotes(182)) - 2135d647-a495-482b-8bc4-ca4f8b4fdafb@group-C63832CD55DC:LeaderElection5: begin an election at term 1 for -1: [1ef4a0bb-4a8c-4224-99dc-5dce18d8d28c:192.168.36.84:36426, 56d3d73d-28bb-4c7c-9d35-99456f3549be:192.168.36.84:34646, 2135d647-a495-482b-8bc4-ca4f8b4fdafb:192.168.36.84:46711], old=null
2019-09-24 18:19:29,519 [1ef4a0bb-4a8c-4224-99dc-5dce18d8d28c@group-AD756A492EDB:LeaderElection11] INFO  impl.LeaderElection (LeaderElection.java:askForVotes(182)) - 1ef4a0bb-4a8c-4224-99dc-5dce18d8d28c@group-AD756A492EDB:LeaderElection11: begin an election at term 1 for -1: [1ef4a0bb-4a8c-4224-99dc-5dce18d8d28c:192.168.36.84:36426], old=null
2019-09-24 18:19:29,519 [56d3d73d-28bb-4c7c-9d35-99456f3549be@group-C63832CD55DC:LeaderElection10] INFO  impl.LeaderElection (LeaderElection.java:askForVotes(182)) - 56d3d73d-28bb-4c7c-9d35-99456f3549be@group-C63832CD55DC:LeaderElection10: begin an election at term 1 for -1: [1ef4a0bb-4a8c-4224-99dc-5dce18d8d28c:192.168.36.84:36426, 56d3d73d-28bb-4c7c-9d35-99456f3549be:192.168.36.84:34646, 2135d647-a495-482b-8bc4-ca4f8b4fdafb:192.168.36.84:46711], old=null
2019-09-24 18:19:29,519 [1ef4a0bb-4a8c-4224-99dc-5dce18d8d28c@group-3C3A4009C5E3:LeaderElection12] INFO  impl.LeaderElection (LeaderElection.java:askForVotes(182)) - 1ef4a0bb-4a8c-4224-99dc-5dce18d8d28c@group-3C3A4009C5E3:LeaderElection12: begin an election at term 1 for -1: [1ef4a0bb-4a8c-4224-99dc-5dce18d8d28c:192.168.36.84:36426, 56d3d73d-28bb-4c7c-9d35-99456f3549be:192.168.36.84:34646, 2135d647-a495-482b-8bc4-ca4f8b4fdafb:192.168.36.84:46711], old=null
2019-09-24 18:19:29,519 [1ef4a0bb-4a8c-4224-99dc-5dce18d8d28c@group-AD756A492EDB:LeaderElection11] INFO  impl.RoleInfo (RoleInfo.java:shutdownLeaderElection(134)) - 1ef4a0bb-4a8c-4224-99dc-5dce18d8d28c: shutdown LeaderElection
2019-09-24 18:19:29,519 [56d3d73d-28bb-4c7c-9d35-99456f3549be@group-14BF59FD49FA:LeaderElection9] INFO  impl.LeaderElection (LeaderElection.java:askForVotes(182)) - 56d3d73d-28bb-4c7c-9d35-99456f3549be@group-14BF59FD49FA:LeaderElection9: begin an election at term 1 for -1: [1ef4a0bb-4a8c-4224-99dc-5dce18d8d28c:192.168.36.84:36426, 56d3d73d-28bb-4c7c-9d35-99456f3549be:192.168.36.84:34646, 2135d647-a495-482b-8bc4-ca4f8b4fdafb:192.168.36.84:46711], old=null
2019-09-24 18:19:29,519 [1ef4a0bb-4a8c-4224-99dc-5dce18d8d28c@group-14BF59FD49FA:LeaderElection13] INFO  impl.LeaderElection (LeaderElection.java:askForVotes(182)) - 1ef4a0bb-4a8c-4224-99dc-5dce18d8d28c@group-14BF59FD49FA:LeaderElection13: begin an election at term 1 for -1: [1ef4a0bb-4a8c-4224-99dc-5dce18d8d28c:192.168.36.84:36426, 56d3d73d-28bb-4c7c-9d35-99456f3549be:192.168.36.84:34646, 2135d647-a495-482b-8bc4-ca4f8b4fdafb:192.168.36.84:46711], old=null
2019-09-24 18:19:29,519 [1ef4a0bb-4a8c-4224-99dc-5dce18d8d28c@group-C63832CD55DC:LeaderElection14] INFO  impl.LeaderElection (LeaderElection.java:askForVotes(182)) - 1ef4a0bb-4a8c-4224-99dc-5dce18d8d28c@group-C63832CD55DC:LeaderElection14: begin an election at term 1 for -1: [1ef4a0bb-4a8c-4224-99dc-5dce18d8d28c:192.168.36.84:36426, 56d3d73d-28bb-4c7c-9d35-99456f3549be:192.168.36.84:34646, 2135d647-a495-482b-8bc4-ca4f8b4fdafb:192.168.36.84:46711], old=null
2019-09-24 18:19:29,519 [2135d647-a495-482b-8bc4-ca4f8b4fdafb@group-3C3A4009C5E3:LeaderElection8] INFO  impl.LeaderElection (LeaderElection.java:askForVotes(182)) - 2135d647-a495-482b-8bc4-ca4f8b4fdafb@group-3C3A4009C5E3:LeaderElection8: begin an election at term 1 for -1: [1ef4a0bb-4a8c-4224-99dc-5dce18d8d28c:192.168.36.84:36426, 56d3d73d-28bb-4c7c-9d35-99456f3549be:192.168.36.84:34646, 2135d647-a495-482b-8bc4-ca4f8b4fdafb:192.168.36.84:46711], old=null
2019-09-24 18:19:29,520 [1ef4a0bb-4a8c-4224-99dc-5dce18d8d28c@group-AD756A492EDB:LeaderElection11] INFO  impl.RaftServerImpl (RaftServerImpl.java:setRole(174)) - 1ef4a0bb-4a8c-4224-99dc-5dce18d8d28c@group-AD756A492EDB: changes role from CANDIDATE to LEADER at term 1 for changeToLeader
2019-09-24 18:19:29,524 [1ef4a0bb-4a8c-4224-99dc-5dce18d8d28c@group-AD756A492EDB:LeaderElection11] INFO  impl.RaftServerImpl (ServerState.java:setLeader(253)) - 1ef4a0bb-4a8c-4224-99dc-5dce18d8d28c@group-AD756A492EDB: change Leader from null to 1ef4a0bb-4a8c-4224-99dc-5dce18d8d28c at term 1 for becomeLeader, leader elected after 1878ms
2019-09-24 18:19:29,533 [1ef4a0bb-4a8c-4224-99dc-5dce18d8d28c@group-AD756A492EDB:LeaderElection11] INFO  server.RaftServerConfigKeys (ConfUtils.java:logGet(43)) - raft.server.staging.catchup.gap = 1000 (default)
2019-09-24 18:19:29,533 [1ef4a0bb-4a8c-4224-99dc-5dce18d8d28c@group-AD756A492EDB:LeaderElection11] INFO  server.RaftServerConfigKeys (ConfUtils.java:logGet(43)) - raft.server.rpc.sleep.time = 25ms (default)
2019-09-24 18:19:29,536 [1ef4a0bb-4a8c-4224-99dc-5dce18d8d28c@group-AD756A492EDB:LeaderElection11] INFO  server.RaftServerConfigKeys (ConfUtils.java:logGet(43)) - raft.server.write.element-limit = 4096 (default)
2019-09-24 18:19:29,537 [1ef4a0bb-4a8c-4224-99dc-5dce18d8d28c@group-AD756A492EDB:LeaderElection11] INFO  server.RaftServerConfigKeys (ConfUtils.java:logGet(43)) - raft.server.watch.timeout = 10s (default)
2019-09-24 18:19:29,537 [1ef4a0bb-4a8c-4224-99dc-5dce18d8d28c@group-AD756A492EDB:LeaderElection11] INFO  server.RaftServerConfigKeys (ConfUtils.java:logGet(43)) - raft.server.watch.timeout.denomination = 1s (default)
2019-09-24 18:19:29,537 [1ef4a0bb-4a8c-4224-99dc-5dce18d8d28c@group-AD756A492EDB:LeaderElection11] INFO  server.RaftServerConfigKeys (ConfUtils.java:logGet(43)) - raft.server.watch.element-limit = 65536 (default)
2019-09-24 18:19:29,555 [1ef4a0bb-4a8c-4224-99dc-5dce18d8d28c@group-AD756A492EDB:LeaderElection11] INFO  impl.RoleInfo (RoleInfo.java:updateAndGet(143)) - 1ef4a0bb-4a8c-4224-99dc-5dce18d8d28c: start LeaderState
2019-09-24 18:19:29,555 [1ef4a0bb-4a8c-4224-99dc-5dce18d8d28c@group-AD756A492EDB:LeaderElection11] INFO  segmented.SegmentedRaftLogWorker (SegmentedRaftLogWorker.java:startLogSegment(380)) - 1ef4a0bb-4a8c-4224-99dc-5dce18d8d28c@group-AD756A492EDB-SegmentedRaftLogWorker: Starting segment from index:0
2019-09-24 18:19:29,559 [1ef4a0bb-4a8c-4224-99dc-5dce18d8d28c@group-AD756A492EDB:LeaderElection11] INFO  impl.RaftServerImpl (ServerState.java:setRaftConf(354)) - 1ef4a0bb-4a8c-4224-99dc-5dce18d8d28c@group-AD756A492EDB: set configuration 0: [1ef4a0bb-4a8c-4224-99dc-5dce18d8d28c:192.168.36.84:36426], old=null at 0
2019-09-24 18:19:29,613 [1ef4a0bb-4a8c-4224-99dc-5dce18d8d28c@group-AD756A492EDB-SegmentedRaftLogWorker] INFO  segmented.SegmentedRaftLogWorker (SegmentedRaftLogWorker.java:execute(569)) - 1ef4a0bb-4a8c-4224-99dc-5dce18d8d28c@group-AD756A492EDB-SegmentedRaftLogWorker: created new log segment /workdir/hadoop-ozone/integration-test/target/test-dir/MiniOzoneClusterImpl-9a157790-03e5-4da0-a236-db4a40193cb2/datanode-2/data/ratis/82a4a9b2-1508-456c-b27a-ad756a492edb/current/log_inprogress_0
2019-09-24 18:19:29,662 [56d3d73d-28bb-4c7c-9d35-99456f3549be@group-C63832CD55DC:LeaderElection10] INFO  impl.LeaderElection (LeaderElection.java:logAndReturn(56)) - 56d3d73d-28bb-4c7c-9d35-99456f3549be@group-C63832CD55DC:LeaderElection10: Election REJECTED; received 2 response(s) [56d3d73d-28bb-4c7c-9d35-99456f3549be<-1ef4a0bb-4a8c-4224-99dc-5dce18d8d28c#0:FAIL-t1, 56d3d73d-28bb-4c7c-9d35-99456f3549be<-2135d647-a495-482b-8bc4-ca4f8b4fdafb#0:FAIL-t1] and 0 exception(s); 56d3d73d-28bb-4c7c-9d35-99456f3549be@group-C63832CD55DC:t1, leader=null, voted=56d3d73d-28bb-4c7c-9d35-99456f3549be, raftlog=56d3d73d-28bb-4c7c-9d35-99456f3549be@group-C63832CD55DC-SegmentedRaftLog:OPENED:c-1,f-1,i0, conf=-1: [1ef4a0bb-4a8c-4224-99dc-5dce18d8d28c:192.168.36.84:36426, 56d3d73d-28bb-4c7c-9d35-99456f3549be:192.168.36.84:34646, 2135d647-a495-482b-8bc4-ca4f8b4fdafb:192.168.36.84:46711], old=null
2019-09-24 18:19:29,662 [56d3d73d-28bb-4c7c-9d35-99456f3549be@group-14BF59FD49FA:LeaderElection9] INFO  impl.LeaderElection (LeaderElection.java:logAndReturn(56)) - 56d3d73d-28bb-4c7c-9d35-99456f3549be@group-14BF59FD49FA:LeaderElection9: Election REJECTED; received 2 response(s) [56d3d73d-28bb-4c7c-9d35-99456f3549be<-1ef4a0bb-4a8c-4224-99dc-5dce18d8d28c#0:FAIL-t1, 56d3d73d-28bb-4c7c-9d35-99456f3549be<-2135d647-a495-482b-8bc4-ca4f8b4fdafb#0:FAIL-t1] and 0 exception(s); 56d3d73d-28bb-4c7c-9d35-99456f3549be@group-14BF59FD49FA:t1, leader=null, voted=56d3d73d-28bb-4c7c-9d35-99456f3549be, raftlog=56d3d73d-28bb-4c7c-9d35-99456f3549be@group-14BF59FD49FA-SegmentedRaftLog:OPENED:c-1,f-1,i0, conf=-1: [1ef4a0bb-4a8c-4224-99dc-5dce18d8d28c:192.168.36.84:36426, 56d3d73d-28bb-4c7c-9d35-99456f3549be:192.168.36.84:34646, 2135d647-a495-482b-8bc4-ca4f8b4fdafb:192.168.36.84:46711], old=null
2019-09-24 18:19:29,662 [56d3d73d-28bb-4c7c-9d35-99456f3549be@group-C63832CD55DC:LeaderElection10] INFO  impl.RaftServerImpl (RaftServerImpl.java:setRole(174)) - 56d3d73d-28bb-4c7c-9d35-99456f3549be@group-C63832CD55DC: changes role from CANDIDATE to FOLLOWER at term 1 for DISCOVERED_A_NEW_TERM
2019-09-24 18:19:29,665 [56d3d73d-28bb-4c7c-9d35-99456f3549be@group-C63832CD55DC:LeaderElection10] INFO  impl.RoleInfo (RoleInfo.java:shutdownLeaderElection(134)) - 56d3d73d-28bb-4c7c-9d35-99456f3549be: shutdown LeaderElection
2019-09-24 18:19:29,665 [56d3d73d-28bb-4c7c-9d35-99456f3549be@group-14BF59FD49FA:LeaderElection9] INFO  impl.RaftServerImpl (RaftServerImpl.java:setRole(174)) - 56d3d73d-28bb-4c7c-9d35-99456f3549be@group-14BF59FD49FA: changes role from CANDIDATE to FOLLOWER at term 1 for DISCOVERED_A_NEW_TERM
2019-09-24 18:19:29,670 [56d3d73d-28bb-4c7c-9d35-99456f3549be@group-14BF59FD49FA:LeaderElection9] INFO  impl.RoleInfo (RoleInfo.java:shutdownLeaderElection(134)) - 56d3d73d-28bb-4c7c-9d35-99456f3549be: shutdown LeaderElection
2019-09-24 18:19:29,670 [56d3d73d-28bb-4c7c-9d35-99456f3549be@group-3C3A4009C5E3:LeaderElection6] INFO  impl.LeaderElection (LeaderElection.java:logAndReturn(56)) - 56d3d73d-28bb-4c7c-9d35-99456f3549be@group-3C3A4009C5E3:LeaderElection6: Election REJECTED; received 2 response(s) [56d3d73d-28bb-4c7c-9d35-99456f3549be<-1ef4a0bb-4a8c-4224-99dc-5dce18d8d28c#0:FAIL-t1, 56d3d73d-28bb-4c7c-9d35-99456f3549be<-2135d647-a495-482b-8bc4-ca4f8b4fdafb#0:FAIL-t1] and 0 exception(s); 56d3d73d-28bb-4c7c-9d35-99456f3549be@group-3C3A4009C5E3:t1, leader=null, voted=56d3d73d-28bb-4c7c-9d35-99456f3549be, raftlog=56d3d73d-28bb-4c7c-9d35-99456f3549be@group-3C3A4009C5E3-SegmentedRaftLog:OPENED:c-1,f-1,i0, conf=-1: [1ef4a0bb-4a8c-4224-99dc-5dce18d8d28c:192.168.36.84:36426, 56d3d73d-28bb-4c7c-9d35-99456f3549be:192.168.36.84:34646, 2135d647-a495-482b-8bc4-ca4f8b4fdafb:192.168.36.84:46711], old=null
2019-09-24 18:19:29,670 [56d3d73d-28bb-4c7c-9d35-99456f3549be@group-C63832CD55DC:LeaderElection10] INFO  impl.RoleInfo (RoleInfo.java:updateAndGet(143)) - 56d3d73d-28bb-4c7c-9d35-99456f3549be: start FollowerState
2019-09-24 18:19:29,670 [56d3d73d-28bb-4c7c-9d35-99456f3549be@group-14BF59FD49FA:LeaderElection9] INFO  impl.RoleInfo (RoleInfo.java:updateAndGet(143)) - 56d3d73d-28bb-4c7c-9d35-99456f3549be: start FollowerState
2019-09-24 18:19:29,670 [56d3d73d-28bb-4c7c-9d35-99456f3549be@group-3C3A4009C5E3:LeaderElection6] INFO  impl.RaftServerImpl (RaftServerImpl.java:setRole(174)) - 56d3d73d-28bb-4c7c-9d35-99456f3549be@group-3C3A4009C5E3: changes role from CANDIDATE to FOLLOWER at term 1 for DISCOVERED_A_NEW_TERM
2019-09-24 18:19:29,681 [56d3d73d-28bb-4c7c-9d35-99456f3549be@group-3C3A4009C5E3:LeaderElection6] INFO  impl.RoleInfo (RoleInfo.java:shutdownLeaderElection(134)) - 56d3d73d-28bb-4c7c-9d35-99456f3549be: shutdown LeaderElection
2019-09-24 18:19:29,681 [56d3d73d-28bb-4c7c-9d35-99456f3549be@group-3C3A4009C5E3:LeaderElection6] INFO  impl.RoleInfo (RoleInfo.java:updateAndGet(143)) - 56d3d73d-28bb-4c7c-9d35-99456f3549be: start FollowerState
2019-09-24 18:19:29,709 [2135d647-a495-482b-8bc4-ca4f8b4fdafb@group-14BF59FD49FA:LeaderElection7] INFO  impl.LeaderElection (LeaderElection.java:logAndReturn(56)) - 2135d647-a495-482b-8bc4-ca4f8b4fdafb@group-14BF59FD49FA:LeaderElection7: Election REJECTED; received 2 response(s) [2135d647-a495-482b-8bc4-ca4f8b4fdafb<-1ef4a0bb-4a8c-4224-99dc-5dce18d8d28c#0:FAIL-t1, 2135d647-a495-482b-8bc4-ca4f8b4fdafb<-56d3d73d-28bb-4c7c-9d35-99456f3549be#0:FAIL-t1] and 0 exception(s); 2135d647-a495-482b-8bc4-ca4f8b4fdafb@group-14BF59FD49FA:t1, leader=null, voted=2135d647-a495-482b-8bc4-ca4f8b4fdafb, raftlog=2135d647-a495-482b-8bc4-ca4f8b4fdafb@group-14BF59FD49FA-SegmentedRaftLog:OPENED:c-1,f-1,i0, conf=-1: [1ef4a0bb-4a8c-4224-99dc-5dce18d8d28c:192.168.36.84:36426, 56d3d73d-28bb-4c7c-9d35-99456f3549be:192.168.36.84:34646, 2135d647-a495-482b-8bc4-ca4f8b4fdafb:192.168.36.84:46711], old=null
2019-09-24 18:19:29,709 [2135d647-a495-482b-8bc4-ca4f8b4fdafb@group-3C3A4009C5E3:LeaderElection8] INFO  impl.LeaderElection (LeaderElection.java:logAndReturn(56)) - 2135d647-a495-482b-8bc4-ca4f8b4fdafb@group-3C3A4009C5E3:LeaderElection8: Election REJECTED; received 2 response(s) [2135d647-a495-482b-8bc4-ca4f8b4fdafb<-1ef4a0bb-4a8c-4224-99dc-5dce18d8d28c#0:FAIL-t1, 2135d647-a495-482b-8bc4-ca4f8b4fdafb<-56d3d73d-28bb-4c7c-9d35-99456f3549be#0:FAIL-t1] and 0 exception(s); 2135d647-a495-482b-8bc4-ca4f8b4fdafb@group-3C3A4009C5E3:t1, leader=null, voted=2135d647-a495-482b-8bc4-ca4f8b4fdafb, raftlog=2135d647-a495-482b-8bc4-ca4f8b4fdafb@group-3C3A4009C5E3-SegmentedRaftLog:OPENED:c-1,f-1,i0, conf=-1: [1ef4a0bb-4a8c-4224-99dc-5dce18d8d28c:192.168.36.84:36426, 56d3d73d-28bb-4c7c-9d35-99456f3549be:192.168.36.84:34646, 2135d647-a495-482b-8bc4-ca4f8b4fdafb:192.168.36.84:46711], old=null
2019-09-24 18:19:29,711 [2135d647-a495-482b-8bc4-ca4f8b4fdafb@group-14BF59FD49FA:LeaderElection7] INFO  impl.RaftServerImpl (RaftServerImpl.java:setRole(174)) - 2135d647-a495-482b-8bc4-ca4f8b4fdafb@group-14BF59FD49FA: changes role from CANDIDATE to FOLLOWER at term 1 for DISCOVERED_A_NEW_TERM
2019-09-24 18:19:29,713 [2135d647-a495-482b-8bc4-ca4f8b4fdafb@group-14BF59FD49FA:LeaderElection7] INFO  impl.RoleInfo (RoleInfo.java:shutdownLeaderElection(134)) - 2135d647-a495-482b-8bc4-ca4f8b4fdafb: shutdown LeaderElection
2019-09-24 18:19:29,713 [2135d647-a495-482b-8bc4-ca4f8b4fdafb@group-3C3A4009C5E3:LeaderElection8] INFO  impl.RaftServerImpl (RaftServerImpl.java:setRole(174)) - 2135d647-a495-482b-8bc4-ca4f8b4fdafb@group-3C3A4009C5E3: changes role from CANDIDATE to FOLLOWER at term 1 for DISCOVERED_A_NEW_TERM
2019-09-24 18:19:29,715 [2135d647-a495-482b-8bc4-ca4f8b4fdafb@group-14BF59FD49FA:LeaderElection7] INFO  impl.RoleInfo (RoleInfo.java:updateAndGet(143)) - 2135d647-a495-482b-8bc4-ca4f8b4fdafb: start FollowerState
2019-09-24 18:19:29,715 [2135d647-a495-482b-8bc4-ca4f8b4fdafb@group-3C3A4009C5E3:LeaderElection8] INFO  impl.RoleInfo (RoleInfo.java:shutdownLeaderElection(134)) - 2135d647-a495-482b-8bc4-ca4f8b4fdafb: shutdown LeaderElection
2019-09-24 18:19:29,715 [2135d647-a495-482b-8bc4-ca4f8b4fdafb@group-C63832CD55DC:LeaderElection5] INFO  impl.LeaderElection (LeaderElection.java:logAndReturn(56)) - 2135d647-a495-482b-8bc4-ca4f8b4fdafb@group-C63832CD55DC:LeaderElection5: Election REJECTED; received 2 response(s) [2135d647-a495-482b-8bc4-ca4f8b4fdafb<-1ef4a0bb-4a8c-4224-99dc-5dce18d8d28c#0:FAIL-t1, 2135d647-a495-482b-8bc4-ca4f8b4fdafb<-56d3d73d-28bb-4c7c-9d35-99456f3549be#0:FAIL-t1] and 0 exception(s); 2135d647-a495-482b-8bc4-ca4f8b4fdafb@group-C63832CD55DC:t1, leader=null, voted=2135d647-a495-482b-8bc4-ca4f8b4fdafb, raftlog=2135d647-a495-482b-8bc4-ca4f8b4fdafb@group-C63832CD55DC-SegmentedRaftLog:OPENED:c-1,f-1,i0, conf=-1: [1ef4a0bb-4a8c-4224-99dc-5dce18d8d28c:192.168.36.84:36426, 56d3d73d-28bb-4c7c-9d35-99456f3549be:192.168.36.84:34646, 2135d647-a495-482b-8bc4-ca4f8b4fdafb:192.168.36.84:46711], old=null
2019-09-24 18:19:29,716 [2135d647-a495-482b-8bc4-ca4f8b4fdafb@group-3C3A4009C5E3:LeaderElection8] INFO  impl.RoleInfo (RoleInfo.java:updateAndGet(143)) - 2135d647-a495-482b-8bc4-ca4f8b4fdafb: start FollowerState
2019-09-24 18:19:29,716 [2135d647-a495-482b-8bc4-ca4f8b4fdafb@group-C63832CD55DC:LeaderElection5] INFO  impl.RaftServerImpl (RaftServerImpl.java:setRole(174)) - 2135d647-a495-482b-8bc4-ca4f8b4fdafb@group-C63832CD55DC: changes role from CANDIDATE to FOLLOWER at term 1 for DISCOVERED_A_NEW_TERM
2019-09-24 18:19:29,718 [2135d647-a495-482b-8bc4-ca4f8b4fdafb@group-C63832CD55DC:LeaderElection5] INFO  impl.RoleInfo (RoleInfo.java:shutdownLeaderElection(134)) - 2135d647-a495-482b-8bc4-ca4f8b4fdafb: shutdown LeaderElection
2019-09-24 18:19:29,718 [2135d647-a495-482b-8bc4-ca4f8b4fdafb@group-C63832CD55DC:LeaderElection5] INFO  impl.RoleInfo (RoleInfo.java:updateAndGet(143)) - 2135d647-a495-482b-8bc4-ca4f8b4fdafb: start FollowerState
2019-09-24 18:19:29,721 [1ef4a0bb-4a8c-4224-99dc-5dce18d8d28c@group-3C3A4009C5E3:LeaderElection12] INFO  impl.LeaderElection (LeaderElection.java:logAndReturn(56)) - 1ef4a0bb-4a8c-4224-99dc-5dce18d8d28c@group-3C3A4009C5E3:LeaderElection12: Election REJECTED; received 2 response(s) [1ef4a0bb-4a8c-4224-99dc-5dce18d8d28c<-56d3d73d-28bb-4c7c-9d35-99456f3549be#0:FAIL-t1, 1ef4a0bb-4a8c-4224-99dc-5dce18d8d28c<-2135d647-a495-482b-8bc4-ca4f8b4fdafb#0:FAIL-t1] and 0 exception(s); 1ef4a0bb-4a8c-4224-99dc-5dce18d8d28c@group-3C3A4009C5E3:t1, leader=null, voted=1ef4a0bb-4a8c-4224-99dc-5dce18d8d28c, raftlog=1ef4a0bb-4a8c-4224-99dc-5dce18d8d28c@group-3C3A4009C5E3-SegmentedRaftLog:OPENED:c-1,f-1,i0, conf=-1: [1ef4a0bb-4a8c-4224-99dc-5dce18d8d28c:192.168.36.84:36426, 56d3d73d-28bb-4c7c-9d35-99456f3549be:192.168.36.84:34646, 2135d647-a495-482b-8bc4-ca4f8b4fdafb:192.168.36.84:46711], old=null
2019-09-24 18:19:29,721 [1ef4a0bb-4a8c-4224-99dc-5dce18d8d28c@group-3C3A4009C5E3:LeaderElection12] INFO  impl.RaftServerImpl (RaftServerImpl.java:setRole(174)) - 1ef4a0bb-4a8c-4224-99dc-5dce18d8d28c@group-3C3A4009C5E3: changes role from CANDIDATE to FOLLOWER at term 1 for DISCOVERED_A_NEW_TERM
2019-09-24 18:19:29,721 [1ef4a0bb-4a8c-4224-99dc-5dce18d8d28c@group-C63832CD55DC:LeaderElection14] INFO  impl.LeaderElection (LeaderElection.java:logAndReturn(56)) - 1ef4a0bb-4a8c-4224-99dc-5dce18d8d28c@group-C63832CD55DC:LeaderElection14: Election REJECTED; received 2 response(s) [1ef4a0bb-4a8c-4224-99dc-5dce18d8d28c<-56d3d73d-28bb-4c7c-9d35-99456f3549be#0:FAIL-t1, 1ef4a0bb-4a8c-4224-99dc-5dce18d8d28c<-2135d647-a495-482b-8bc4-ca4f8b4fdafb#0:FAIL-t1] and 0 exception(s); 1ef4a0bb-4a8c-4224-99dc-5dce18d8d28c@group-C63832CD55DC:t1, leader=null, voted=1ef4a0bb-4a8c-4224-99dc-5dce18d8d28c, raftlog=1ef4a0bb-4a8c-4224-99dc-5dce18d8d28c@group-C63832CD55DC-SegmentedRaftLog:OPENED:c-1,f-1,i0, conf=-1: [1ef4a0bb-4a8c-4224-99dc-5dce18d8d28c:192.168.36.84:36426, 56d3d73d-28bb-4c7c-9d35-99456f3549be:192.168.36.84:34646, 2135d647-a495-482b-8bc4-ca4f8b4fdafb:192.168.36.84:46711], old=null
2019-09-24 18:19:29,723 [1ef4a0bb-4a8c-4224-99dc-5dce18d8d28c@group-14BF59FD49FA:LeaderElection13] INFO  impl.LeaderElection (LeaderElection.java:logAndReturn(56)) - 1ef4a0bb-4a8c-4224-99dc-5dce18d8d28c@group-14BF59FD49FA:LeaderElection13: Election REJECTED; received 2 response(s) [1ef4a0bb-4a8c-4224-99dc-5dce18d8d28c<-56d3d73d-28bb-4c7c-9d35-99456f3549be#0:FAIL-t1, 1ef4a0bb-4a8c-4224-99dc-5dce18d8d28c<-2135d647-a495-482b-8bc4-ca4f8b4fdafb#0:FAIL-t1] and 0 exception(s); 1ef4a0bb-4a8c-4224-99dc-5dce18d8d28c@group-14BF59FD49FA:t1, leader=null, voted=1ef4a0bb-4a8c-4224-99dc-5dce18d8d28c, raftlog=1ef4a0bb-4a8c-4224-99dc-5dce18d8d28c@group-14BF59FD49FA-SegmentedRaftLog:OPENED:c-1,f-1,i0, conf=-1: [1ef4a0bb-4a8c-4224-99dc-5dce18d8d28c:192.168.36.84:36426, 56d3d73d-28bb-4c7c-9d35-99456f3549be:192.168.36.84:34646, 2135d647-a495-482b-8bc4-ca4f8b4fdafb:192.168.36.84:46711], old=null
2019-09-24 18:19:29,723 [1ef4a0bb-4a8c-4224-99dc-5dce18d8d28c@group-C63832CD55DC:LeaderElection14] INFO  impl.RaftServerImpl (RaftServerImpl.java:setRole(174)) - 1ef4a0bb-4a8c-4224-99dc-5dce18d8d28c@group-C63832CD55DC: changes role from CANDIDATE to FOLLOWER at term 1 for DISCOVERED_A_NEW_TERM
2019-09-24 18:19:29,725 [1ef4a0bb-4a8c-4224-99dc-5dce18d8d28c@group-C63832CD55DC:LeaderElection14] INFO  impl.RoleInfo (RoleInfo.java:shutdownLeaderElection(134)) - 1ef4a0bb-4a8c-4224-99dc-5dce18d8d28c: shutdown LeaderElection
2019-09-24 18:19:29,722 [1ef4a0bb-4a8c-4224-99dc-5dce18d8d28c@group-3C3A4009C5E3:LeaderElection12] INFO  impl.RoleInfo (RoleInfo.java:shutdownLeaderElection(134)) - 1ef4a0bb-4a8c-4224-99dc-5dce18d8d28c: shutdown LeaderElection
2019-09-24 18:19:29,727 [1ef4a0bb-4a8c-4224-99dc-5dce18d8d28c@group-C63832CD55DC:LeaderElection14] INFO  impl.RoleInfo (RoleInfo.java:updateAndGet(143)) - 1ef4a0bb-4a8c-4224-99dc-5dce18d8d28c: start FollowerState
2019-09-24 18:19:29,725 [1ef4a0bb-4a8c-4224-99dc-5dce18d8d28c@group-14BF59FD49FA:LeaderElection13] INFO  impl.RaftServerImpl (RaftServerImpl.java:setRole(174)) - 1ef4a0bb-4a8c-4224-99dc-5dce18d8d28c@group-14BF59FD49FA: changes role from CANDIDATE to FOLLOWER at term 1 for DISCOVERED_A_NEW_TERM
2019-09-24 18:19:29,727 [1ef4a0bb-4a8c-4224-99dc-5dce18d8d28c@group-3C3A4009C5E3:LeaderElection12] INFO  impl.RoleInfo (RoleInfo.java:updateAndGet(143)) - 1ef4a0bb-4a8c-4224-99dc-5dce18d8d28c: start FollowerState
2019-09-24 18:19:29,727 [1ef4a0bb-4a8c-4224-99dc-5dce18d8d28c@group-14BF59FD49FA:LeaderElection13] INFO  impl.RoleInfo (RoleInfo.java:shutdownLeaderElection(134)) - 1ef4a0bb-4a8c-4224-99dc-5dce18d8d28c: shutdown LeaderElection
2019-09-24 18:19:29,728 [1ef4a0bb-4a8c-4224-99dc-5dce18d8d28c@group-14BF59FD49FA:LeaderElection13] INFO  impl.RoleInfo (RoleInfo.java:updateAndGet(143)) - 1ef4a0bb-4a8c-4224-99dc-5dce18d8d28c: start FollowerState
2019-09-24 18:19:30,728 [Thread-386] INFO  impl.FollowerState (FollowerState.java:run(106)) - 56d3d73d-28bb-4c7c-9d35-99456f3549be:group-C63832CD55DC changes to CANDIDATE, lastRpcTime:1057, electionTimeout:1051ms
2019-09-24 18:19:30,728 [Thread-386] INFO  impl.RoleInfo (RoleInfo.java:shutdownFollowerState(121)) - 56d3d73d-28bb-4c7c-9d35-99456f3549be: shutdown FollowerState
2019-09-24 18:19:30,728 [Thread-386] INFO  impl.RaftServerImpl (RaftServerImpl.java:setRole(174)) - 56d3d73d-28bb-4c7c-9d35-99456f3549be@group-C63832CD55DC: changes role from  FOLLOWER to CANDIDATE at term 1 for changeToCandidate
2019-09-24 18:19:30,728 [Thread-386] INFO  impl.RoleInfo (RoleInfo.java:updateAndGet(143)) - 56d3d73d-28bb-4c7c-9d35-99456f3549be: start LeaderElection
2019-09-24 18:19:30,740 [Thread-389] INFO  impl.FollowerState (FollowerState.java:run(106)) - 2135d647-a495-482b-8bc4-ca4f8b4fdafb:group-14BF59FD49FA changes to CANDIDATE, lastRpcTime:1026, electionTimeout:1024ms
2019-09-24 18:19:30,740 [Thread-389] INFO  impl.RoleInfo (RoleInfo.java:shutdownFollowerState(121)) - 2135d647-a495-482b-8bc4-ca4f8b4fdafb: shutdown FollowerState
2019-09-24 18:19:30,740 [Thread-389] INFO  impl.RaftServerImpl (RaftServerImpl.java:setRole(174)) - 2135d647-a495-482b-8bc4-ca4f8b4fdafb@group-14BF59FD49FA: changes role from  FOLLOWER to CANDIDATE at term 1 for changeToCandidate
2019-09-24 18:19:30,741 [Thread-389] INFO  impl.RoleInfo (RoleInfo.java:updateAndGet(143)) - 2135d647-a495-482b-8bc4-ca4f8b4fdafb: start LeaderElection
2019-09-24 18:19:30,759 [Thread-391] INFO  impl.FollowerState (FollowerState.java:run(106)) - 2135d647-a495-482b-8bc4-ca4f8b4fdafb:group-C63832CD55DC changes to CANDIDATE, lastRpcTime:1040, electionTimeout:1040ms
2019-09-24 18:19:30,759 [Thread-391] INFO  impl.RoleInfo (RoleInfo.java:shutdownFollowerState(121)) - 2135d647-a495-482b-8bc4-ca4f8b4fdafb: shutdown FollowerState
2019-09-24 18:19:30,759 [Thread-391] INFO  impl.RaftServerImpl (RaftServerImpl.java:setRole(174)) - 2135d647-a495-482b-8bc4-ca4f8b4fdafb@group-C63832CD55DC: changes role from  FOLLOWER to CANDIDATE at term 1 for changeToCandidate
2019-09-24 18:19:30,759 [Thread-391] INFO  impl.RoleInfo (RoleInfo.java:updateAndGet(143)) - 2135d647-a495-482b-8bc4-ca4f8b4fdafb: start LeaderElection
2019-09-24 18:19:30,762 [Thread-393] INFO  impl.FollowerState (FollowerState.java:run(106)) - 1ef4a0bb-4a8c-4224-99dc-5dce18d8d28c:group-3C3A4009C5E3 changes to CANDIDATE, lastRpcTime:1035, electionTimeout:1034ms
2019-09-24 18:19:30,762 [Thread-393] INFO  impl.RoleInfo (RoleInfo.java:shutdownFollowerState(121)) - 1ef4a0bb-4a8c-4224-99dc-5dce18d8d28c: shutdown FollowerState
2019-09-24 18:19:30,763 [Thread-393] INFO  impl.RaftServerImpl (RaftServerImpl.java:setRole(174)) - 1ef4a0bb-4a8c-4224-99dc-5dce18d8d28c@group-3C3A4009C5E3: changes role from  FOLLOWER to CANDIDATE at term 1 for changeToCandidate
2019-09-24 18:19:30,763 [Thread-393] INFO  impl.RoleInfo (RoleInfo.java:updateAndGet(143)) - 1ef4a0bb-4a8c-4224-99dc-5dce18d8d28c: start LeaderElection
2019-09-24 18:19:30,775 [Thread-392] INFO  impl.FollowerState (FollowerState.java:run(106)) - 1ef4a0bb-4a8c-4224-99dc-5dce18d8d28c:group-C63832CD55DC changes to CANDIDATE, lastRpcTime:1047, electionTimeout:1038ms
2019-09-24 18:19:30,775 [Thread-392] INFO  impl.RoleInfo (RoleInfo.java:shutdownFollowerState(121)) - 1ef4a0bb-4a8c-4224-99dc-5dce18d8d28c: shutdown FollowerState
2019-09-24 18:19:30,775 [Thread-392] INFO  impl.RaftServerImpl (RaftServerImpl.java:setRole(174)) - 1ef4a0bb-4a8c-4224-99dc-5dce18d8d28c@group-C63832CD55DC: changes role from  FOLLOWER to CANDIDATE at term 1 for changeToCandidate
2019-09-24 18:19:30,775 [Thread-392] INFO  impl.RoleInfo (RoleInfo.java:updateAndGet(143)) - 1ef4a0bb-4a8c-4224-99dc-5dce18d8d28c: start LeaderElection
2019-09-24 18:19:30,817 [Thread-394] INFO  impl.FollowerState (FollowerState.java:run(106)) - 1ef4a0bb-4a8c-4224-99dc-5dce18d8d28c:group-14BF59FD49FA changes to CANDIDATE, lastRpcTime:1089, electionTimeout:1089ms
2019-09-24 18:19:30,817 [Thread-394] INFO  impl.RoleInfo (RoleInfo.java:shutdownFollowerState(121)) - 1ef4a0bb-4a8c-4224-99dc-5dce18d8d28c: shutdown FollowerState
2019-09-24 18:19:30,818 [Thread-394] INFO  impl.RaftServerImpl (RaftServerImpl.java:setRole(174)) - 1ef4a0bb-4a8c-4224-99dc-5dce18d8d28c@group-14BF59FD49FA: changes role from  FOLLOWER to CANDIDATE at term 1 for changeToCandidate
2019-09-24 18:19:30,818 [Thread-394] INFO  impl.RoleInfo (RoleInfo.java:updateAndGet(143)) - 1ef4a0bb-4a8c-4224-99dc-5dce18d8d28c: start LeaderElection
2019-09-24 18:19:30,840 [Thread-388] INFO  impl.FollowerState (FollowerState.java:run(106)) - 56d3d73d-28bb-4c7c-9d35-99456f3549be:group-3C3A4009C5E3 changes to CANDIDATE, lastRpcTime:1158, electionTimeout:1150ms
2019-09-24 18:19:30,840 [Thread-388] INFO  impl.RoleInfo (RoleInfo.java:shutdownFollowerState(121)) - 56d3d73d-28bb-4c7c-9d35-99456f3549be: shutdown FollowerState
2019-09-24 18:19:30,840 [Thread-388] INFO  impl.RaftServerImpl (RaftServerImpl.java:setRole(174)) - 56d3d73d-28bb-4c7c-9d35-99456f3549be@group-3C3A4009C5E3: changes role from  FOLLOWER to CANDIDATE at term 1 for changeToCandidate
2019-09-24 18:19:30,840 [Thread-388] INFO  impl.RoleInfo (RoleInfo.java:updateAndGet(143)) - 56d3d73d-28bb-4c7c-9d35-99456f3549be: start LeaderElection
2019-09-24 18:19:30,844 [Thread-387] INFO  impl.FollowerState (FollowerState.java:run(106)) - 56d3d73d-28bb-4c7c-9d35-99456f3549be:group-14BF59FD49FA changes to CANDIDATE, lastRpcTime:1174, electionTimeout:1163ms
2019-09-24 18:19:30,844 [Thread-387] INFO  impl.RoleInfo (RoleInfo.java:shutdownFollowerState(121)) - 56d3d73d-28bb-4c7c-9d35-99456f3549be: shutdown FollowerState
2019-09-24 18:19:30,844 [Thread-387] INFO  impl.RaftServerImpl (RaftServerImpl.java:setRole(174)) - 56d3d73d-28bb-4c7c-9d35-99456f3549be@group-14BF59FD49FA: changes role from  FOLLOWER to CANDIDATE at term 1 for changeToCandidate
2019-09-24 18:19:30,845 [Thread-387] INFO  impl.RoleInfo (RoleInfo.java:updateAndGet(143)) - 56d3d73d-28bb-4c7c-9d35-99456f3549be: start LeaderElection
2019-09-24 18:19:30,885 [Thread-390] INFO  impl.FollowerState (FollowerState.java:run(106)) - 2135d647-a495-482b-8bc4-ca4f8b4fdafb:group-3C3A4009C5E3 changes to CANDIDATE, lastRpcTime:1169, electionTimeout:1167ms
2019-09-24 18:19:30,885 [Thread-390] INFO  impl.RoleInfo (RoleInfo.java:shutdownFollowerState(121)) - 2135d647-a495-482b-8bc4-ca4f8b4fdafb: shutdown FollowerState
2019-09-24 18:19:30,886 [Thread-390] INFO  impl.RaftServerImpl (RaftServerImpl.java:setRole(174)) - 2135d647-a495-482b-8bc4-ca4f8b4fdafb@group-3C3A4009C5E3: changes role from  FOLLOWER to CANDIDATE at term 1 for changeToCandidate
2019-09-24 18:19:30,886 [Thread-390] INFO  impl.RoleInfo (RoleInfo.java:updateAndGet(143)) - 2135d647-a495-482b-8bc4-ca4f8b4fdafb: start LeaderElection
2019-09-24 18:19:33,302 [main] INFO  ozoneimpl.OzoneContainer (OzoneContainer.java:stop(231)) - Attempting to stop container services.
2019-09-24 18:19:33,302 [ForkJoinPool.commonPool-worker-1] INFO  ozoneimpl.OzoneContainer (OzoneContainer.java:stop(231)) - Attempting to stop container services.
2019-09-24 18:19:33,303 [main] INFO  impl.RaftServerProxy (RaftServerProxy.java:lambda$close$4(314)) - 2d303984-f472-4577-94e1-2c6ca85c8fda: close
2019-09-24 18:19:33,304 [ForkJoinPool.commonPool-worker-1] INFO  impl.RaftServerProxy (RaftServerProxy.java:lambda$close$4(314)) - 1ef4a0bb-4a8c-4224-99dc-5dce18d8d28c: close
2019-09-24 18:19:33,310 [main] INFO  server.GrpcService (GrpcService.java:closeImpl(164)) - 2d303984-f472-4577-94e1-2c6ca85c8fda: shutdown server with port 37222 now
2019-09-24 18:19:33,311 [ForkJoinPool.commonPool-worker-1] INFO  impl.RaftServerImpl (RaftServerImpl.java:lambda$shutdown$3(251)) - 1ef4a0bb-4a8c-4224-99dc-5dce18d8d28c@group-C63832CD55DC: shutdown
2019-09-24 18:19:33,311 [ForkJoinPool.commonPool-worker-1] INFO  util.JmxRegister (JmxRegister.java:unregister(73)) - Successfully un-registered JMX Bean with object name Ratis:service=RaftServer,group=group-C63832CD55DC,id=1ef4a0bb-4a8c-4224-99dc-5dce18d8d28c
2019-09-24 18:19:33,311 [ForkJoinPool.commonPool-worker-1] INFO  impl.RoleInfo (RoleInfo.java:shutdownLeaderElection(134)) - 1ef4a0bb-4a8c-4224-99dc-5dce18d8d28c: shutdown LeaderElection
2019-09-24 18:19:33,312 [ForkJoinPool.commonPool-worker-1] INFO  impl.StateMachineUpdater (StateMachineUpdater.java:stopAndJoin(125)) - 1ef4a0bb-4a8c-4224-99dc-5dce18d8d28c@group-C63832CD55DC-StateMachineUpdater: set stopIndex = -1
2019-09-24 18:19:33,312 [main] INFO  server.GrpcService (GrpcService.java:closeImpl(172)) - 2d303984-f472-4577-94e1-2c6ca85c8fda: shutdown server with port 37222 successfully
2019-09-24 18:19:33,312 [ForkJoinPool.commonPool-worker-1] INFO  impl.RaftServerImpl (ServerState.java:close(385)) - 1ef4a0bb-4a8c-4224-99dc-5dce18d8d28c@group-C63832CD55DC: closes. applyIndex: -1
2019-09-24 18:19:33,316 [1ef4a0bb-4a8c-4224-99dc-5dce18d8d28c@group-C63832CD55DC-SegmentedRaftLogWorker] INFO  segmented.SegmentedRaftLogWorker (SegmentedRaftLogWorker.java:run(313)) - 1ef4a0bb-4a8c-4224-99dc-5dce18d8d28c@group-C63832CD55DC-SegmentedRaftLogWorker was interrupted, exiting. There are 0 tasks remaining in the queue.
2019-09-24 18:19:33,316 [ForkJoinPool.commonPool-worker-1] INFO  segmented.SegmentedRaftLogWorker (SegmentedRaftLogWorker.java:close(228)) - 1ef4a0bb-4a8c-4224-99dc-5dce18d8d28c@group-C63832CD55DC-SegmentedRaftLogWorker close()
2019-09-24 18:19:33,323 [ForkJoinPool.commonPool-worker-1] INFO  impl.RaftServerImpl (RaftServerImpl.java:lambda$shutdown$3(251)) - 1ef4a0bb-4a8c-4224-99dc-5dce18d8d28c@group-3C3A4009C5E3: shutdown
2019-09-24 18:19:33,323 [ForkJoinPool.commonPool-worker-1] INFO  util.JmxRegister (JmxRegister.java:unregister(73)) - Successfully un-registered JMX Bean with object name Ratis:service=RaftServer,group=group-3C3A4009C5E3,id=1ef4a0bb-4a8c-4224-99dc-5dce18d8d28c
2019-09-24 18:19:33,323 [ForkJoinPool.commonPool-worker-1] INFO  impl.RoleInfo (RoleInfo.java:shutdownLeaderElection(134)) - 1ef4a0bb-4a8c-4224-99dc-5dce18d8d28c: shutdown LeaderElection
2019-09-24 18:19:33,324 [ForkJoinPool.commonPool-worker-1] INFO  impl.StateMachineUpdater (StateMachineUpdater.java:stopAndJoin(125)) - 1ef4a0bb-4a8c-4224-99dc-5dce18d8d28c@group-3C3A4009C5E3-StateMachineUpdater: set stopIndex = -1
2019-09-24 18:19:33,324 [ForkJoinPool.commonPool-worker-1] INFO  impl.RaftServerImpl (ServerState.java:close(385)) - 1ef4a0bb-4a8c-4224-99dc-5dce18d8d28c@group-3C3A4009C5E3: closes. applyIndex: -1
2019-09-24 18:19:33,328 [2135d647-a495-482b-8bc4-ca4f8b4fdafb@group-3C3A4009C5E3:LeaderElection23] INFO  impl.LeaderElection (LeaderElection.java:askForVotes(182)) - 2135d647-a495-482b-8bc4-ca4f8b4fdafb@group-3C3A4009C5E3:LeaderElection23: begin an election at term 2 for -1: [1ef4a0bb-4a8c-4224-99dc-5dce18d8d28c:192.168.36.84:36426, 56d3d73d-28bb-4c7c-9d35-99456f3549be:192.168.36.84:34646, 2135d647-a495-482b-8bc4-ca4f8b4fdafb:192.168.36.84:46711], old=null
2019-09-24 18:19:33,328 [2135d647-a495-482b-8bc4-ca4f8b4fdafb@group-C63832CD55DC:LeaderElection17] INFO  impl.LeaderElection (LeaderElection.java:askForVotes(182)) - 2135d647-a495-482b-8bc4-ca4f8b4fdafb@group-C63832CD55DC:LeaderElection17: begin an election at term 2 for -1: [1ef4a0bb-4a8c-4224-99dc-5dce18d8d28c:192.168.36.84:36426, 56d3d73d-28bb-4c7c-9d35-99456f3549be:192.168.36.84:34646, 2135d647-a495-482b-8bc4-ca4f8b4fdafb:192.168.36.84:46711], old=null
2019-09-24 18:19:33,328 [refreshUsed-/workdir/hadoop-ozone/integration-test/target/test-dir/MiniOzoneClusterImpl-9a157790-03e5-4da0-a236-db4a40193cb2/datanode-5/data/containers] WARN  fs.CachingGetSpaceUsed (CachingGetSpaceUsed.java:run(183)) - Thread Interrupted waiting to refresh disk information: sleep interrupted
2019-09-24 18:19:33,328 [56d3d73d-28bb-4c7c-9d35-99456f3549be@group-C63832CD55DC:LeaderElection15] INFO  impl.LeaderElection (LeaderElection.java:askForVotes(182)) - 56d3d73d-28bb-4c7c-9d35-99456f3549be@group-C63832CD55DC:LeaderElection15: begin an election at term 2 for -1: [1ef4a0bb-4a8c-4224-99dc-5dce18d8d28c:192.168.36.84:36426, 56d3d73d-28bb-4c7c-9d35-99456f3549be:192.168.36.84:34646, 2135d647-a495-482b-8bc4-ca4f8b4fdafb:192.168.36.84:46711], old=null
2019-09-24 18:19:33,328 [1ef4a0bb-4a8c-4224-99dc-5dce18d8d28c@group-14BF59FD49FA:LeaderElection20] INFO  impl.LeaderElection (LeaderElection.java:askForVotes(182)) - 1ef4a0bb-4a8c-4224-99dc-5dce18d8d28c@group-14BF59FD49FA:LeaderElection20: begin an election at term 2 for -1: [1ef4a0bb-4a8c-4224-99dc-5dce18d8d28c:192.168.36.84:36426, 56d3d73d-28bb-4c7c-9d35-99456f3549be:192.168.36.84:34646, 2135d647-a495-482b-8bc4-ca4f8b4fdafb:192.168.36.84:46711], old=null
2019-09-24 18:19:33,328 [2135d647-a495-482b-8bc4-ca4f8b4fdafb@group-14BF59FD49FA:LeaderElection16] INFO  impl.LeaderElection (LeaderElection.java:askForVotes(182)) - 2135d647-a495-482b-8bc4-ca4f8b4fdafb@group-14BF59FD49FA:LeaderElection16: begin an election at term 2 for -1: [1ef4a0bb-4a8c-4224-99dc-5dce18d8d28c:192.168.36.84:36426, 56d3d73d-28bb-4c7c-9d35-99456f3549be:192.168.36.84:34646, 2135d647-a495-482b-8bc4-ca4f8b4fdafb:192.168.36.84:46711], old=null
2019-09-24 18:19:33,328 [1ef4a0bb-4a8c-4224-99dc-5dce18d8d28c@group-C63832CD55DC:LeaderElection19] INFO  impl.LeaderElection (LeaderElection.java:askForVotes(182)) - 1ef4a0bb-4a8c-4224-99dc-5dce18d8d28c@group-C63832CD55DC:LeaderElection19: begin an election at term 2 for -1: [1ef4a0bb-4a8c-4224-99dc-5dce18d8d28c:192.168.36.84:36426, 56d3d73d-28bb-4c7c-9d35-99456f3549be:192.168.36.84:34646, 2135d647-a495-482b-8bc4-ca4f8b4fdafb:192.168.36.84:46711], old=null
2019-09-24 18:19:33,328 [56d3d73d-28bb-4c7c-9d35-99456f3549be@group-3C3A4009C5E3:LeaderElection21] INFO  impl.LeaderElection (LeaderElection.java:askForVotes(182)) - 56d3d73d-28bb-4c7c-9d35-99456f3549be@group-3C3A4009C5E3:LeaderElection21: begin an election at term 2 for -1: [1ef4a0bb-4a8c-4224-99dc-5dce18d8d28c:192.168.36.84:36426, 56d3d73d-28bb-4c7c-9d35-99456f3549be:192.168.36.84:34646, 2135d647-a495-482b-8bc4-ca4f8b4fdafb:192.168.36.84:46711], old=null
2019-09-24 18:19:33,328 [1ef4a0bb-4a8c-4224-99dc-5dce18d8d28c@group-3C3A4009C5E3:LeaderElection18] INFO  impl.LeaderElection (LeaderElection.java:askForVotes(182)) - 1ef4a0bb-4a8c-4224-99dc-5dce18d8d28c@group-3C3A4009C5E3:LeaderElection18: begin an election at term 2 for -1: [1ef4a0bb-4a8c-4224-99dc-5dce18d8d28c:192.168.36.84:36426, 56d3d73d-28bb-4c7c-9d35-99456f3549be:192.168.36.84:34646, 2135d647-a495-482b-8bc4-ca4f8b4fdafb:192.168.36.84:46711], old=null
2019-09-24 18:19:33,328 [56d3d73d-28bb-4c7c-9d35-99456f3549be@group-14BF59FD49FA:LeaderElection22] INFO  impl.LeaderElection (LeaderElection.java:askForVotes(182)) - 56d3d73d-28bb-4c7c-9d35-99456f3549be@group-14BF59FD49FA:LeaderElection22: begin an election at term 2 for -1: [1ef4a0bb-4a8c-4224-99dc-5dce18d8d28c:192.168.36.84:36426, 56d3d73d-28bb-4c7c-9d35-99456f3549be:192.168.36.84:34646, 2135d647-a495-482b-8bc4-ca4f8b4fdafb:192.168.36.84:46711], old=null
2019-09-24 18:19:33,328 [1ef4a0bb-4a8c-4224-99dc-5dce18d8d28c@group-3C3A4009C5E3-SegmentedRaftLogWorker] INFO  segmented.SegmentedRaftLogWorker (SegmentedRaftLogWorker.java:run(313)) - 1ef4a0bb-4a8c-4224-99dc-5dce18d8d28c@group-3C3A4009C5E3-SegmentedRaftLogWorker was interrupted, exiting. There are 0 tasks remaining in the queue.
2019-09-24 18:19:33,330 [1ef4a0bb-4a8c-4224-99dc-5dce18d8d28c@group-C63832CD55DC:LeaderElection19] INFO  impl.LeaderElection (LogUtils.java:infoOrTrace(149)) - Failed 1ef4a0bb-4a8c-4224-99dc-5dce18d8d28c@group-C63832CD55DC:LeaderElection19, state=CLOSING: {}
java.lang.IllegalArgumentException: 1ef4a0bb-4a8c-4224-99dc-5dce18d8d28c@group-C63832CD55DC-SegmentedRaftLog is expected to be opened but it is CLOSED
	at org.apache.ratis.util.OpenCloseState.assertOpen(OpenCloseState.java:63)
	at org.apache.ratis.server.raftlog.RaftLog.checkLogState(RaftLog.java:102)
	at org.apache.ratis.server.raftlog.segmented.SegmentedRaftLog.getLastEntryTermIndex(SegmentedRaftLog.java:324)
	at org.apache.ratis.server.impl.LeaderElection.askForVotes(LeaderElection.java:184)
	at org.apache.ratis.server.impl.LeaderElection.run(LeaderElection.java:133)
	at java.lang.Thread.run(Thread.java:748)
Caused by: org.apache.ratis.util.OpenCloseState$CloseTrace: Close 1ef4a0bb-4a8c-4224-99dc-5dce18d8d28c@group-C63832CD55DC-SegmentedRaftLog
	at org.apache.ratis.util.OpenCloseState.lambda$close$1(OpenCloseState.java:109)
	at java.util.concurrent.atomic.AtomicReference.getAndUpdate(AtomicReference.java:160)
	at org.apache.ratis.util.OpenCloseState.close(OpenCloseState.java:109)
	at org.apache.ratis.server.raftlog.RaftLog.close(RaftLog.java:437)
	at org.apache.ratis.server.raftlog.segmented.SegmentedRaftLog.close(SegmentedRaftLog.java:476)
	at org.apache.ratis.server.impl.ServerState.close(ServerState.java:387)
	at org.apache.ratis.server.impl.RaftServerImpl.lambda$shutdown$3(RaftServerImpl.java:273)
	at org.apache.ratis.util.LifeCycle.lambda$checkStateAndClose$2(LifeCycle.java:231)
	at org.apache.ratis.util.LifeCycle.checkStateAndClose(LifeCycle.java:251)
	at org.apache.ratis.util.LifeCycle.checkStateAndClose(LifeCycle.java:229)
	at org.apache.ratis.server.impl.RaftServerImpl.shutdown(RaftServerImpl.java:250)
	at org.apache.ratis.server.impl.RaftServerProxy$ImplMap.lambda$close$0(RaftServerProxy.java:107)
	at java.util.stream.ForEachOps$ForEachOp$OfRef.accept(ForEachOps.java:184)
	at java.util.stream.ReferencePipeline$3$1.accept(ReferencePipeline.java:193)
	at java.util.concurrent.ConcurrentHashMap$ValueSpliterator.forEachRemaining(ConcurrentHashMap.java:3566)
	at java.util.stream.AbstractPipeline.copyInto(AbstractPipeline.java:482)
	at java.util.stream.ForEachOps$ForEachTask.compute(ForEachOps.java:291)
	at java.util.concurrent.CountedCompleter.exec(CountedCompleter.java:731)
	at java.util.concurrent.ForkJoinTask.doExec(ForkJoinTask.java:289)
	at java.util.concurrent.ForkJoinTask.doInvoke(ForkJoinTask.java:401)
	at java.util.concurrent.ForkJoinTask.invoke(ForkJoinTask.java:734)
	at java.util.stream.ForEachOps$ForEachOp.evaluateParallel(ForEachOps.java:160)
	at java.util.stream.ForEachOps$ForEachOp$OfRef.evaluateParallel(ForEachOps.java:174)
	at java.util.stream.AbstractPipeline.evaluate(AbstractPipeline.java:233)
	at java.util.stream.ReferencePipeline.forEach(ReferencePipeline.java:418)
	at org.apache.ratis.server.impl.RaftServerProxy$ImplMap.close(RaftServerProxy.java:107)
	at org.apache.ratis.server.impl.RaftServerProxy.lambda$close$4(RaftServerProxy.java:315)
	at org.apache.ratis.util.LifeCycle.lambda$checkStateAndClose$2(LifeCycle.java:231)
	at org.apache.ratis.util.LifeCycle.checkStateAndClose(LifeCycle.java:251)
	at org.apache.ratis.util.LifeCycle.checkStateAndClose(LifeCycle.java:229)
	at org.apache.ratis.server.impl.RaftServerProxy.close(RaftServerProxy.java:313)
	at org.apache.hadoop.ozone.container.common.transport.server.ratis.XceiverServerRatis.stop(XceiverServerRatis.java:441)
	at org.apache.hadoop.ozone.container.ozoneimpl.OzoneContainer.stop(OzoneContainer.java:233)
	at org.apache.hadoop.ozone.container.common.statemachine.DatanodeStateMachine.close(DatanodeStateMachine.java:270)
	at org.apache.hadoop.ozone.container.common.statemachine.DatanodeStateMachine.stopDaemon(DatanodeStateMachine.java:394)
	at org.apache.hadoop.ozone.HddsDatanodeService.stop(HddsDatanodeService.java:457)
	at org.apache.hadoop.ozone.MiniOzoneClusterImpl.stopDatanode(MiniOzoneClusterImpl.java:385)
	at java.util.stream.ForEachOps$ForEachOp$OfRef.accept(ForEachOps.java:184)
	at java.util.ArrayList$ArrayListSpliterator.forEachRemaining(ArrayList.java:1382)
	at java.util.stream.AbstractPipeline.copyInto(AbstractPipeline.java:482)
	at java.util.stream.ForEachOps$ForEachTask.compute(ForEachOps.java:291)
	at java.util.concurrent.CountedCompleter.exec(CountedCompleter.java:731)
	at java.util.concurrent.ForkJoinTask.doExec(ForkJoinTask.java:289)
	at java.util.concurrent.ForkJoinPool$WorkQueue.runTask(ForkJoinPool.java:1056)
	at java.util.concurrent.ForkJoinPool.runWorker(ForkJoinPool.java:1692)
	at java.util.concurrent.ForkJoinWorkerThread.run(ForkJoinWorkerThread.java:157)
2019-09-24 18:19:33,330 [1ef4a0bb-4a8c-4224-99dc-5dce18d8d28c@group-3C3A4009C5E3:LeaderElection18] INFO  impl.LeaderElection (LogUtils.java:infoOrTrace(149)) - Failed 1ef4a0bb-4a8c-4224-99dc-5dce18d8d28c@group-3C3A4009C5E3:LeaderElection18, state=CLOSING: {}
java.lang.IllegalArgumentException: 1ef4a0bb-4a8c-4224-99dc-5dce18d8d28c@group-3C3A4009C5E3-SegmentedRaftLog is expected to be opened but it is CLOSED
	at org.apache.ratis.util.OpenCloseState.assertOpen(OpenCloseState.java:63)
	at org.apache.ratis.server.raftlog.RaftLog.checkLogState(RaftLog.java:102)
	at org.apache.ratis.server.raftlog.segmented.SegmentedRaftLog.getLastEntryTermIndex(SegmentedRaftLog.java:324)
	at org.apache.ratis.server.impl.LeaderElection.askForVotes(LeaderElection.java:184)
	at org.apache.ratis.server.impl.LeaderElection.run(LeaderElection.java:133)
	at java.lang.Thread.run(Thread.java:748)
Caused by: org.apache.ratis.util.OpenCloseState$CloseTrace: Close 1ef4a0bb-4a8c-4224-99dc-5dce18d8d28c@group-3C3A4009C5E3-SegmentedRaftLog
	at org.apache.ratis.util.OpenCloseState.lambda$close$1(OpenCloseState.java:109)
	at java.util.concurrent.atomic.AtomicReference.getAndUpdate(AtomicReference.java:160)
	at org.apache.ratis.util.OpenCloseState.close(OpenCloseState.java:109)
	at org.apache.ratis.server.raftlog.RaftLog.close(RaftLog.java:437)
	at org.apache.ratis.server.raftlog.segmented.SegmentedRaftLog.close(SegmentedRaftLog.java:476)
	at org.apache.ratis.server.impl.ServerState.close(ServerState.java:387)
	at org.apache.ratis.server.impl.RaftServerImpl.lambda$shutdown$3(RaftServerImpl.java:273)
	at org.apache.ratis.util.LifeCycle.lambda$checkStateAndClose$2(LifeCycle.java:231)
	at org.apache.ratis.util.LifeCycle.checkStateAndClose(LifeCycle.java:251)
	at org.apache.ratis.util.LifeCycle.checkStateAndClose(LifeCycle.java:229)
	at org.apache.ratis.server.impl.RaftServerImpl.shutdown(RaftServerImpl.java:250)
	at org.apache.ratis.server.impl.RaftServerProxy$ImplMap.lambda$close$0(RaftServerProxy.java:107)
	at java.util.stream.ForEachOps$ForEachOp$OfRef.accept(ForEachOps.java:184)
	at java.util.stream.ReferencePipeline$3$1.accept(ReferencePipeline.java:193)
	at java.util.concurrent.ConcurrentHashMap$ValueSpliterator.forEachRemaining(ConcurrentHashMap.java:3566)
	at java.util.stream.AbstractPipeline.copyInto(AbstractPipeline.java:482)
	at java.util.stream.ForEachOps$ForEachTask.compute(ForEachOps.java:291)
	at java.util.concurrent.CountedCompleter.exec(CountedCompleter.java:731)
	at java.util.concurrent.ForkJoinTask.doExec(ForkJoinTask.java:289)
	at java.util.concurrent.ForkJoinTask.doInvoke(ForkJoinTask.java:401)
	at java.util.concurrent.ForkJoinTask.invoke(ForkJoinTask.java:734)
	at java.util.stream.ForEachOps$ForEachOp.evaluateParallel(ForEachOps.java:160)
	at java.util.stream.ForEachOps$ForEachOp$OfRef.evaluateParallel(ForEachOps.java:174)
	at java.util.stream.AbstractPipeline.evaluate(AbstractPipeline.java:233)
	at java.util.stream.ReferencePipeline.forEach(ReferencePipeline.java:418)
	at org.apache.ratis.server.impl.RaftServerProxy$ImplMap.close(RaftServerProxy.java:107)
	at org.apache.ratis.server.impl.RaftServerProxy.lambda$close$4(RaftServerProxy.java:315)
	at org.apache.ratis.util.LifeCycle.lambda$checkStateAndClose$2(LifeCycle.java:231)
	at org.apache.ratis.util.LifeCycle.checkStateAndClose(LifeCycle.java:251)
	at org.apache.ratis.util.LifeCycle.checkStateAndClose(LifeCycle.java:229)
	at org.apache.ratis.server.impl.RaftServerProxy.close(RaftServerProxy.java:313)
	at org.apache.hadoop.ozone.container.common.transport.server.ratis.XceiverServerRatis.stop(XceiverServerRatis.java:441)
	at org.apache.hadoop.ozone.container.ozoneimpl.OzoneContainer.stop(OzoneContainer.java:233)
	at org.apache.hadoop.ozone.container.common.statemachine.DatanodeStateMachine.close(DatanodeStateMachine.java:270)
	at org.apache.hadoop.ozone.container.common.statemachine.DatanodeStateMachine.stopDaemon(DatanodeStateMachine.java:394)
	at org.apache.hadoop.ozone.HddsDatanodeService.stop(HddsDatanodeService.java:457)
	at org.apache.hadoop.ozone.MiniOzoneClusterImpl.stopDatanode(MiniOzoneClusterImpl.java:385)
	at java.util.stream.ForEachOps$ForEachOp$OfRef.accept(ForEachOps.java:184)
	at java.util.ArrayList$ArrayListSpliterator.forEachRemaining(ArrayList.java:1382)
	at java.util.stream.AbstractPipeline.copyInto(AbstractPipeline.java:482)
	at java.util.stream.ForEachOps$ForEachTask.compute(ForEachOps.java:291)
	at java.util.concurrent.CountedCompleter.exec(CountedCompleter.java:731)
	at java.util.concurrent.ForkJoinTask.doExec(ForkJoinTask.java:289)
	at java.util.concurrent.ForkJoinPool$WorkQueue.runTask(ForkJoinPool.java:1056)
	at java.util.concurrent.ForkJoinPool.runWorker(ForkJoinPool.java:1692)
	at java.util.concurrent.ForkJoinWorkerThread.run(ForkJoinWorkerThread.java:157)
2019-09-24 18:19:33,339 [1ef4a0bb-4a8c-4224-99dc-5dce18d8d28c@group-3C3A4009C5E3:LeaderElection18] INFO  impl.LeaderElection (LeaderElection.java:run(140)) - 1ef4a0bb-4a8c-4224-99dc-5dce18d8d28c@group-3C3A4009C5E3:LeaderElection18: IllegalArgumentException is safely ignored since this is already CLOSING
2019-09-24 18:19:33,330 [ForkJoinPool.commonPool-worker-1] INFO  segmented.SegmentedRaftLogWorker (SegmentedRaftLogWorker.java:close(228)) - 1ef4a0bb-4a8c-4224-99dc-5dce18d8d28c@group-3C3A4009C5E3-SegmentedRaftLogWorker close()
2019-09-24 18:19:33,336 [1ef4a0bb-4a8c-4224-99dc-5dce18d8d28c@group-C63832CD55DC:LeaderElection19] INFO  impl.LeaderElection (LeaderElection.java:run(140)) - 1ef4a0bb-4a8c-4224-99dc-5dce18d8d28c@group-C63832CD55DC:LeaderElection19: IllegalArgumentException is safely ignored since this is already CLOSING
2019-09-24 18:19:33,346 [ForkJoinPool.commonPool-worker-1] INFO  impl.RaftServerImpl (RaftServerImpl.java:lambda$shutdown$3(251)) - 1ef4a0bb-4a8c-4224-99dc-5dce18d8d28c@group-CCB3303368FC: shutdown
2019-09-24 18:19:33,349 [ForkJoinPool.commonPool-worker-1] INFO  util.JmxRegister (JmxRegister.java:unregister(73)) - Successfully un-registered JMX Bean with object name Ratis:service=RaftServer,group=group-CCB3303368FC,id=1ef4a0bb-4a8c-4224-99dc-5dce18d8d28c
2019-09-24 18:19:33,350 [ForkJoinPool.commonPool-worker-1] INFO  impl.RoleInfo (RoleInfo.java:shutdownFollowerState(121)) - 1ef4a0bb-4a8c-4224-99dc-5dce18d8d28c: shutdown FollowerState
2019-09-24 18:19:33,350 [ForkJoinPool.commonPool-worker-1] INFO  impl.StateMachineUpdater (StateMachineUpdater.java:stopAndJoin(125)) - 1ef4a0bb-4a8c-4224-99dc-5dce18d8d28c@group-CCB3303368FC-StateMachineUpdater: set stopIndex = 0
2019-09-24 18:19:33,350 [Thread-344] INFO  impl.FollowerState (FollowerState.java:run(115)) - 1ef4a0bb-4a8c-4224-99dc-5dce18d8d28c: FollowerState was interrupted: java.lang.InterruptedException: sleep interrupted
2019-09-24 18:19:33,351 [ForkJoinPool.commonPool-worker-1] INFO  impl.RaftServerImpl (ServerState.java:close(385)) - 1ef4a0bb-4a8c-4224-99dc-5dce18d8d28c@group-CCB3303368FC: closes. applyIndex: 0
2019-09-24 18:19:33,364 [1ef4a0bb-4a8c-4224-99dc-5dce18d8d28c@group-CCB3303368FC-SegmentedRaftLogWorker] INFO  segmented.SegmentedRaftLogWorker (SegmentedRaftLogWorker.java:run(313)) - 1ef4a0bb-4a8c-4224-99dc-5dce18d8d28c@group-CCB3303368FC-SegmentedRaftLogWorker was interrupted, exiting. There are 0 tasks remaining in the queue.
2019-09-24 18:19:33,367 [ForkJoinPool.commonPool-worker-1] INFO  segmented.SegmentedRaftLogWorker (SegmentedRaftLogWorker.java:close(228)) - 1ef4a0bb-4a8c-4224-99dc-5dce18d8d28c@group-CCB3303368FC-SegmentedRaftLogWorker close()
2019-09-24 18:19:33,371 [ForkJoinPool.commonPool-worker-1] INFO  impl.RaftServerImpl (RaftServerImpl.java:lambda$shutdown$3(251)) - 1ef4a0bb-4a8c-4224-99dc-5dce18d8d28c@group-AD756A492EDB: shutdown
2019-09-24 18:19:33,372 [ForkJoinPool.commonPool-worker-1] INFO  util.JmxRegister (JmxRegister.java:unregister(73)) - Successfully un-registered JMX Bean with object name Ratis:service=RaftServer,group=group-AD756A492EDB,id=1ef4a0bb-4a8c-4224-99dc-5dce18d8d28c
2019-09-24 18:19:33,372 [ForkJoinPool.commonPool-worker-1] INFO  impl.RoleInfo (RoleInfo.java:shutdownLeaderState(104)) - 1ef4a0bb-4a8c-4224-99dc-5dce18d8d28c: shutdown LeaderState
2019-09-24 18:19:33,373 [ForkJoinPool.commonPool-worker-1] INFO  impl.PendingRequests (PendingRequests.java:sendNotLeaderResponses(202)) - 1ef4a0bb-4a8c-4224-99dc-5dce18d8d28c-PendingRequests: sendNotLeaderResponses
2019-09-24 18:19:33,374 [grpc-default-executor-1] WARN  server.GrpcServerProtocolService (LogUtils.java:warn(134)) - 1ef4a0bb-4a8c-4224-99dc-5dce18d8d28c: Failed requestVote 2135d647-a495-482b-8bc4-ca4f8b4fdafb->1ef4a0bb-4a8c-4224-99dc-5dce18d8d28c#0: org.apache.ratis.protocol.ServerNotReadyException: 1ef4a0bb-4a8c-4224-99dc-5dce18d8d28c@group-3C3A4009C5E3 is not in [RUNNING]: current state is CLOSED
2019-09-24 18:19:33,375 [ForkJoinPool.commonPool-worker-1] INFO  impl.StateMachineUpdater (StateMachineUpdater.java:stopAndJoin(125)) - 1ef4a0bb-4a8c-4224-99dc-5dce18d8d28c@group-AD756A492EDB-StateMachineUpdater: set stopIndex = 0
2019-09-24 18:19:33,376 [ForkJoinPool.commonPool-worker-1] INFO  impl.RaftServerImpl (ServerState.java:close(385)) - 1ef4a0bb-4a8c-4224-99dc-5dce18d8d28c@group-AD756A492EDB: closes. applyIndex: 0
2019-09-24 18:19:33,376 [1ef4a0bb-4a8c-4224-99dc-5dce18d8d28c@group-AD756A492EDB-SegmentedRaftLogWorker] INFO  segmented.SegmentedRaftLogWorker (SegmentedRaftLogWorker.java:run(313)) - 1ef4a0bb-4a8c-4224-99dc-5dce18d8d28c@group-AD756A492EDB-SegmentedRaftLogWorker was interrupted, exiting. There are 0 tasks remaining in the queue.
2019-09-24 18:19:33,378 [ForkJoinPool.commonPool-worker-1] INFO  segmented.SegmentedRaftLogWorker (SegmentedRaftLogWorker.java:close(228)) - 1ef4a0bb-4a8c-4224-99dc-5dce18d8d28c@group-AD756A492EDB-SegmentedRaftLogWorker close()
2019-09-24 18:19:33,382 [ForkJoinPool.commonPool-worker-1] INFO  impl.RaftServerImpl (RaftServerImpl.java:lambda$shutdown$3(251)) - 1ef4a0bb-4a8c-4224-99dc-5dce18d8d28c@group-14BF59FD49FA: shutdown
2019-09-24 18:19:33,382 [ForkJoinPool.commonPool-worker-1] INFO  util.JmxRegister (JmxRegister.java:unregister(73)) - Successfully un-registered JMX Bean with object name Ratis:service=RaftServer,group=group-14BF59FD49FA,id=1ef4a0bb-4a8c-4224-99dc-5dce18d8d28c
2019-09-24 18:19:33,382 [grpc-default-executor-1] WARN  server.GrpcServerProtocolService (LogUtils.java:warn(134)) - 1ef4a0bb-4a8c-4224-99dc-5dce18d8d28c: Failed requestVote 2135d647-a495-482b-8bc4-ca4f8b4fdafb->1ef4a0bb-4a8c-4224-99dc-5dce18d8d28c#0: org.apache.ratis.protocol.ServerNotReadyException: 1ef4a0bb-4a8c-4224-99dc-5dce18d8d28c@group-C63832CD55DC is not in [RUNNING]: current state is CLOSED
2019-09-24 18:19:33,382 [ForkJoinPool.commonPool-worker-1] INFO  impl.RoleInfo (RoleInfo.java:shutdownLeaderElection(134)) - 1ef4a0bb-4a8c-4224-99dc-5dce18d8d28c: shutdown LeaderElection
2019-09-24 18:19:33,383 [ForkJoinPool.commonPool-worker-1] INFO  impl.StateMachineUpdater (StateMachineUpdater.java:stopAndJoin(125)) - 1ef4a0bb-4a8c-4224-99dc-5dce18d8d28c@group-14BF59FD49FA-StateMachineUpdater: set stopIndex = -1
2019-09-24 18:19:33,383 [1ef4a0bb-4a8c-4224-99dc-5dce18d8d28c@group-14BF59FD49FA:LeaderElection20] INFO  impl.LeaderElection (LeaderElection.java:logAndReturn(56)) - 1ef4a0bb-4a8c-4224-99dc-5dce18d8d28c@group-14BF59FD49FA:LeaderElection20: Election REJECTED; received 1 response(s) [1ef4a0bb-4a8c-4224-99dc-5dce18d8d28c<-2135d647-a495-482b-8bc4-ca4f8b4fdafb#0:FAIL-t2] and 0 exception(s); 1ef4a0bb-4a8c-4224-99dc-5dce18d8d28c@group-14BF59FD49FA:t2, leader=null, voted=1ef4a0bb-4a8c-4224-99dc-5dce18d8d28c, raftlog=1ef4a0bb-4a8c-4224-99dc-5dce18d8d28c@group-14BF59FD49FA-SegmentedRaftLog:OPENED:c-1,f-1,i0, conf=-1: [1ef4a0bb-4a8c-4224-99dc-5dce18d8d28c:192.168.36.84:36426, 56d3d73d-28bb-4c7c-9d35-99456f3549be:192.168.36.84:34646, 2135d647-a495-482b-8bc4-ca4f8b4fdafb:192.168.36.84:46711], old=null
2019-09-24 18:19:33,383 [ForkJoinPool.commonPool-worker-1] INFO  impl.RaftServerImpl (ServerState.java:close(385)) - 1ef4a0bb-4a8c-4224-99dc-5dce18d8d28c@group-14BF59FD49FA: closes. applyIndex: -1
2019-09-24 18:19:33,388 [grpc-default-executor-4] WARN  server.GrpcServerProtocolService (LogUtils.java:warn(134)) - 1ef4a0bb-4a8c-4224-99dc-5dce18d8d28c: Failed requestVote 56d3d73d-28bb-4c7c-9d35-99456f3549be->1ef4a0bb-4a8c-4224-99dc-5dce18d8d28c#0: org.apache.ratis.protocol.ServerNotReadyException: 1ef4a0bb-4a8c-4224-99dc-5dce18d8d28c@group-3C3A4009C5E3 is not in [RUNNING]: current state is CLOSED
2019-09-24 18:19:33,383 [grpc-default-executor-5] WARN  server.GrpcServerProtocolService (LogUtils.java:warn(134)) - 1ef4a0bb-4a8c-4224-99dc-5dce18d8d28c: Failed requestVote 56d3d73d-28bb-4c7c-9d35-99456f3549be->1ef4a0bb-4a8c-4224-99dc-5dce18d8d28c#0: org.apache.ratis.protocol.ServerNotReadyException: 1ef4a0bb-4a8c-4224-99dc-5dce18d8d28c@group-C63832CD55DC is not in [RUNNING]: current state is CLOSED
2019-09-24 18:19:33,391 [grpc-default-executor-0] WARN  server.GrpcServerProtocolService (LogUtils.java:warn(134)) - 1ef4a0bb-4a8c-4224-99dc-5dce18d8d28c: Failed requestVote 56d3d73d-28bb-4c7c-9d35-99456f3549be->1ef4a0bb-4a8c-4224-99dc-5dce18d8d28c#0: org.apache.ratis.protocol.ServerNotReadyException: 1ef4a0bb-4a8c-4224-99dc-5dce18d8d28c@group-14BF59FD49FA is not in [RUNNING]: current state is CLOSING
2019-09-24 18:19:33,391 [1ef4a0bb-4a8c-4224-99dc-5dce18d8d28c@group-14BF59FD49FA-SegmentedRaftLogWorker] INFO  segmented.SegmentedRaftLogWorker (SegmentedRaftLogWorker.java:run(313)) - 1ef4a0bb-4a8c-4224-99dc-5dce18d8d28c@group-14BF59FD49FA-SegmentedRaftLogWorker was interrupted, exiting. There are 0 tasks remaining in the queue.
2019-09-24 18:19:33,391 [ForkJoinPool.commonPool-worker-1] INFO  segmented.SegmentedRaftLogWorker (SegmentedRaftLogWorker.java:close(228)) - 1ef4a0bb-4a8c-4224-99dc-5dce18d8d28c@group-14BF59FD49FA-SegmentedRaftLogWorker close()
2019-09-24 18:19:33,398 [ForkJoinPool.commonPool-worker-1] INFO  server.GrpcService (GrpcService.java:closeImpl(164)) - 1ef4a0bb-4a8c-4224-99dc-5dce18d8d28c: shutdown server with port 36426 now
2019-09-24 18:19:33,404 [2135d647-a495-482b-8bc4-ca4f8b4fdafb@group-14BF59FD49FA:LeaderElection16] INFO  impl.LeaderElection (LeaderElection.java:logAndReturn(56)) - 2135d647-a495-482b-8bc4-ca4f8b4fdafb@group-14BF59FD49FA:LeaderElection16: Election REJECTED; received 2 response(s) [2135d647-a495-482b-8bc4-ca4f8b4fdafb<-1ef4a0bb-4a8c-4224-99dc-5dce18d8d28c#0:FAIL-t2, 2135d647-a495-482b-8bc4-ca4f8b4fdafb<-56d3d73d-28bb-4c7c-9d35-99456f3549be#0:FAIL-t2] and 0 exception(s); 2135d647-a495-482b-8bc4-ca4f8b4fdafb@group-14BF59FD49FA:t2, leader=null, voted=2135d647-a495-482b-8bc4-ca4f8b4fdafb, raftlog=2135d647-a495-482b-8bc4-ca4f8b4fdafb@group-14BF59FD49FA-SegmentedRaftLog:OPENED:c-1,f-1,i0, conf=-1: [1ef4a0bb-4a8c-4224-99dc-5dce18d8d28c:192.168.36.84:36426, 56d3d73d-28bb-4c7c-9d35-99456f3549be:192.168.36.84:34646, 2135d647-a495-482b-8bc4-ca4f8b4fdafb:192.168.36.84:46711], old=null
2019-09-24 18:19:33,404 [2135d647-a495-482b-8bc4-ca4f8b4fdafb@group-14BF59FD49FA:LeaderElection16] INFO  impl.RaftServerImpl (RaftServerImpl.java:setRole(174)) - 2135d647-a495-482b-8bc4-ca4f8b4fdafb@group-14BF59FD49FA: changes role from CANDIDATE to FOLLOWER at term 2 for DISCOVERED_A_NEW_TERM
2019-09-24 18:19:33,407 [2135d647-a495-482b-8bc4-ca4f8b4fdafb@group-14BF59FD49FA:LeaderElection16] INFO  impl.RoleInfo (RoleInfo.java:shutdownLeaderElection(134)) - 2135d647-a495-482b-8bc4-ca4f8b4fdafb: shutdown LeaderElection
2019-09-24 18:19:33,407 [2135d647-a495-482b-8bc4-ca4f8b4fdafb@group-14BF59FD49FA:LeaderElection16] INFO  impl.RoleInfo (RoleInfo.java:updateAndGet(143)) - 2135d647-a495-482b-8bc4-ca4f8b4fdafb: start FollowerState
2019-09-24 18:19:33,415 [grpc-default-executor-4] WARN  server.GrpcServerProtocolService (LogUtils.java:warn(134)) - 1ef4a0bb-4a8c-4224-99dc-5dce18d8d28c: installSnapshot onError, lastRequest: 56d3d73d-28bb-4c7c-9d35-99456f3549be->1ef4a0bb-4a8c-4224-99dc-5dce18d8d28c#9-t3, previous=(t:3, i:0), leaderCommit=0, initializing? false, entries: <empty>: org.apache.ratis.thirdparty.io.grpc.StatusRuntimeException: CANCELLED: cancelled before receiving half close
2019-09-24 18:19:33,415 [ForkJoinPool.commonPool-worker-1] INFO  server.GrpcService (GrpcService.java:closeImpl(172)) - 1ef4a0bb-4a8c-4224-99dc-5dce18d8d28c: shutdown server with port 36426 successfully
2019-09-24 18:19:33,417 [56d3d73d-28bb-4c7c-9d35-99456f3549be@group-C63832CD55DC:LeaderElection15] INFO  impl.LeaderElection (LogUtils.java:infoOrTrace(149)) - 56d3d73d-28bb-4c7c-9d35-99456f3549be@group-C63832CD55DC:LeaderElection15 got exception when requesting votes: {}
java.util.concurrent.ExecutionException: org.apache.ratis.thirdparty.io.grpc.StatusRuntimeException: CANCELLED: HTTP/2 error code: CANCEL
Received Rst Stream
	at java.util.concurrent.FutureTask.report(FutureTask.java:122)
	at java.util.concurrent.FutureTask.get(FutureTask.java:192)
	at org.apache.ratis.server.impl.LeaderElection.waitForResults(LeaderElection.java:263)
	at org.apache.ratis.server.impl.LeaderElection.askForVotes(LeaderElection.java:201)
	at org.apache.ratis.server.impl.LeaderElection.run(LeaderElection.java:133)
	at java.lang.Thread.run(Thread.java:748)
Caused by: org.apache.ratis.thirdparty.io.grpc.StatusRuntimeException: CANCELLED: HTTP/2 error code: CANCEL
Received Rst Stream
	at org.apache.ratis.thirdparty.io.grpc.stub.ClientCalls.toStatusRuntimeException(ClientCalls.java:233)
	at org.apache.ratis.thirdparty.io.grpc.stub.ClientCalls.getUnchecked(ClientCalls.java:214)
	at org.apache.ratis.thirdparty.io.grpc.stub.ClientCalls.blockingUnaryCall(ClientCalls.java:139)
	at org.apache.ratis.proto.grpc.RaftServerProtocolServiceGrpc$RaftServerProtocolServiceBlockingStub.requestVote(RaftServerProtocolServiceGrpc.java:265)
	at org.apache.ratis.grpc.server.GrpcServerProtocolClient.requestVote(GrpcServerProtocolClient.java:90)
	at org.apache.ratis.grpc.server.GrpcService.requestVote(GrpcService.java:204)
	at org.apache.ratis.server.impl.LeaderElection.lambda$submitRequests$1(LeaderElection.java:238)
	at java.util.concurrent.FutureTask.run(FutureTask.java:266)
	at java.util.concurrent.Executors$RunnableAdapter.call(Executors.java:511)
	at java.util.concurrent.FutureTask.run(FutureTask.java:266)
	at java.util.concurrent.ThreadPoolExecutor.runWorker(ThreadPoolExecutor.java:1149)
	at java.util.concurrent.ThreadPoolExecutor$Worker.run(ThreadPoolExecutor.java:624)
	... 1 more
2019-09-24 18:19:33,421 [56d3d73d-28bb-4c7c-9d35-99456f3549be@group-14BF59FD49FA:LeaderElection22] INFO  impl.LeaderElection (LogUtils.java:infoOrTrace(149)) - 56d3d73d-28bb-4c7c-9d35-99456f3549be@group-14BF59FD49FA:LeaderElection22 got exception when requesting votes: {}
java.util.concurrent.ExecutionException: org.apache.ratis.thirdparty.io.grpc.StatusRuntimeException: CANCELLED: HTTP/2 error code: CANCEL
Received Rst Stream
	at java.util.concurrent.FutureTask.report(FutureTask.java:122)
	at java.util.concurrent.FutureTask.get(FutureTask.java:192)
	at org.apache.ratis.server.impl.LeaderElection.waitForResults(LeaderElection.java:263)
	at org.apache.ratis.server.impl.LeaderElection.askForVotes(LeaderElection.java:201)
	at org.apache.ratis.server.impl.LeaderElection.run(LeaderElection.java:133)
	at java.lang.Thread.run(Thread.java:748)
Caused by: org.apache.ratis.thirdparty.io.grpc.StatusRuntimeException: CANCELLED: HTTP/2 error code: CANCEL
Received Rst Stream
	at org.apache.ratis.thirdparty.io.grpc.stub.ClientCalls.toStatusRuntimeException(ClientCalls.java:233)
	at org.apache.ratis.thirdparty.io.grpc.stub.ClientCalls.getUnchecked(ClientCalls.java:214)
	at org.apache.ratis.thirdparty.io.grpc.stub.ClientCalls.blockingUnaryCall(ClientCalls.java:139)
	at org.apache.ratis.proto.grpc.RaftServerProtocolServiceGrpc$RaftServerProtocolServiceBlockingStub.requestVote(RaftServerProtocolServiceGrpc.java:265)
	at org.apache.ratis.grpc.server.GrpcServerProtocolClient.requestVote(GrpcServerProtocolClient.java:90)
	at org.apache.ratis.grpc.server.GrpcService.requestVote(GrpcService.java:204)
	at org.apache.ratis.server.impl.LeaderElection.lambda$submitRequests$1(LeaderElection.java:238)
	at java.util.concurrent.FutureTask.run(FutureTask.java:266)
	at java.util.concurrent.Executors$RunnableAdapter.call(Executors.java:511)
	at java.util.concurrent.FutureTask.run(FutureTask.java:266)
	at java.util.concurrent.ThreadPoolExecutor.runWorker(ThreadPoolExecutor.java:1149)
	at java.util.concurrent.ThreadPoolExecutor$Worker.run(ThreadPoolExecutor.java:624)
	... 1 more
2019-09-24 18:19:33,418 [56d3d73d-28bb-4c7c-9d35-99456f3549be@group-3C3A4009C5E3:LeaderElection21] INFO  impl.LeaderElection (LogUtils.java:infoOrTrace(149)) - 56d3d73d-28bb-4c7c-9d35-99456f3549be@group-3C3A4009C5E3:LeaderElection21 got exception when requesting votes: {}
java.util.concurrent.ExecutionException: org.apache.ratis.thirdparty.io.grpc.StatusRuntimeException: CANCELLED: HTTP/2 error code: CANCEL
Received Rst Stream
	at java.util.concurrent.FutureTask.report(FutureTask.java:122)
	at java.util.concurrent.FutureTask.get(FutureTask.java:192)
	at org.apache.ratis.server.impl.LeaderElection.waitForResults(LeaderElection.java:263)
	at org.apache.ratis.server.impl.LeaderElection.askForVotes(LeaderElection.java:201)
	at org.apache.ratis.server.impl.LeaderElection.run(LeaderElection.java:133)
	at java.lang.Thread.run(Thread.java:748)
Caused by: org.apache.ratis.thirdparty.io.grpc.StatusRuntimeException: CANCELLED: HTTP/2 error code: CANCEL
Received Rst Stream
	at org.apache.ratis.thirdparty.io.grpc.stub.ClientCalls.toStatusRuntimeException(ClientCalls.java:233)
	at org.apache.ratis.thirdparty.io.grpc.stub.ClientCalls.getUnchecked(ClientCalls.java:214)
	at org.apache.ratis.thirdparty.io.grpc.stub.ClientCalls.blockingUnaryCall(ClientCalls.java:139)
	at org.apache.ratis.proto.grpc.RaftServerProtocolServiceGrpc$RaftServerProtocolServiceBlockingStub.requestVote(RaftServerProtocolServiceGrpc.java:265)
	at org.apache.ratis.grpc.server.GrpcServerProtocolClient.requestVote(GrpcServerProtocolClient.java:90)
	at org.apache.ratis.grpc.server.GrpcService.requestVote(GrpcService.java:204)
	at org.apache.ratis.server.impl.LeaderElection.lambda$submitRequests$1(LeaderElection.java:238)
	at java.util.concurrent.FutureTask.run(FutureTask.java:266)
	at java.util.concurrent.Executors$RunnableAdapter.call(Executors.java:511)
	at java.util.concurrent.FutureTask.run(FutureTask.java:266)
	at java.util.concurrent.ThreadPoolExecutor.runWorker(ThreadPoolExecutor.java:1149)
	at java.util.concurrent.ThreadPoolExecutor$Worker.run(ThreadPoolExecutor.java:624)
	... 1 more
2019-09-24 18:19:33,418 [grpc-default-executor-0] WARN  server.GrpcLogAppender (LogUtils.java:warn(134)) - 56d3d73d-28bb-4c7c-9d35-99456f3549be@group-CCB3303368FC->1ef4a0bb-4a8c-4224-99dc-5dce18d8d28c-AppendLogResponseHandler: Failed appendEntries: org.apache.ratis.thirdparty.io.grpc.StatusRuntimeException: CANCELLED: HTTP/2 error code: CANCEL
Received Rst Stream
2019-09-24 18:19:33,430 [56d3d73d-28bb-4c7c-9d35-99456f3549be@group-3C3A4009C5E3:LeaderElection21] INFO  impl.LeaderElection (LeaderElection.java:logAndReturn(56)) - 56d3d73d-28bb-4c7c-9d35-99456f3549be@group-3C3A4009C5E3:LeaderElection21: Election REJECTED; received 1 response(s) [56d3d73d-28bb-4c7c-9d35-99456f3549be<-2135d647-a495-482b-8bc4-ca4f8b4fdafb#0:FAIL-t2] and 1 exception(s); 56d3d73d-28bb-4c7c-9d35-99456f3549be@group-3C3A4009C5E3:t2, leader=null, voted=56d3d73d-28bb-4c7c-9d35-99456f3549be, raftlog=56d3d73d-28bb-4c7c-9d35-99456f3549be@group-3C3A4009C5E3-SegmentedRaftLog:OPENED:c-1,f-1,i0, conf=-1: [1ef4a0bb-4a8c-4224-99dc-5dce18d8d28c:192.168.36.84:36426, 56d3d73d-28bb-4c7c-9d35-99456f3549be:192.168.36.84:34646, 2135d647-a495-482b-8bc4-ca4f8b4fdafb:192.168.36.84:46711], old=null
2019-09-24 18:19:33,428 [refreshUsed-/workdir/hadoop-ozone/integration-test/target/test-dir/MiniOzoneClusterImpl-9a157790-03e5-4da0-a236-db4a40193cb2/datanode-2/data/containers] WARN  fs.CachingGetSpaceUsed (CachingGetSpaceUsed.java:run(183)) - Thread Interrupted waiting to refresh disk information: sleep interrupted
2019-09-24 18:19:33,426 [56d3d73d-28bb-4c7c-9d35-99456f3549be@group-14BF59FD49FA:LeaderElection22] INFO  impl.LeaderElection (LeaderElection.java:logAndReturn(56)) - 56d3d73d-28bb-4c7c-9d35-99456f3549be@group-14BF59FD49FA:LeaderElection22: Election REJECTED; received 1 response(s) [56d3d73d-28bb-4c7c-9d35-99456f3549be<-2135d647-a495-482b-8bc4-ca4f8b4fdafb#0:FAIL-t2] and 1 exception(s); 56d3d73d-28bb-4c7c-9d35-99456f3549be@group-14BF59FD49FA:t2, leader=null, voted=56d3d73d-28bb-4c7c-9d35-99456f3549be, raftlog=56d3d73d-28bb-4c7c-9d35-99456f3549be@group-14BF59FD49FA-SegmentedRaftLog:OPENED:c-1,f-1,i0, conf=-1: [1ef4a0bb-4a8c-4224-99dc-5dce18d8d28c:192.168.36.84:36426, 56d3d73d-28bb-4c7c-9d35-99456f3549be:192.168.36.84:34646, 2135d647-a495-482b-8bc4-ca4f8b4fdafb:192.168.36.84:46711], old=null
2019-09-24 18:19:33,423 [56d3d73d-28bb-4c7c-9d35-99456f3549be@group-C63832CD55DC:LeaderElection15] INFO  impl.LeaderElection (LeaderElection.java:logAndReturn(56)) - 56d3d73d-28bb-4c7c-9d35-99456f3549be@group-C63832CD55DC:LeaderElection15: Election REJECTED; received 1 response(s) [56d3d73d-28bb-4c7c-9d35-99456f3549be<-2135d647-a495-482b-8bc4-ca4f8b4fdafb#0:FAIL-t2] and 1 exception(s); 56d3d73d-28bb-4c7c-9d35-99456f3549be@group-C63832CD55DC:t2, leader=null, voted=56d3d73d-28bb-4c7c-9d35-99456f3549be, raftlog=56d3d73d-28bb-4c7c-9d35-99456f3549be@group-C63832CD55DC-SegmentedRaftLog:OPENED:c-1,f-1,i0, conf=-1: [1ef4a0bb-4a8c-4224-99dc-5dce18d8d28c:192.168.36.84:36426, 56d3d73d-28bb-4c7c-9d35-99456f3549be:192.168.36.84:34646, 2135d647-a495-482b-8bc4-ca4f8b4fdafb:192.168.36.84:46711], old=null
2019-09-24 18:19:33,435 [56d3d73d-28bb-4c7c-9d35-99456f3549be@group-14BF59FD49FA:LeaderElection22] INFO  impl.LeaderElection (LogUtils.java:infoOrTrace(149)) -   Exception 0: {}
java.util.concurrent.ExecutionException: org.apache.ratis.thirdparty.io.grpc.StatusRuntimeException: CANCELLED: HTTP/2 error code: CANCEL
Received Rst Stream
	at java.util.concurrent.FutureTask.report(FutureTask.java:122)
	at java.util.concurrent.FutureTask.get(FutureTask.java:192)
	at org.apache.ratis.server.impl.LeaderElection.waitForResults(LeaderElection.java:263)
	at org.apache.ratis.server.impl.LeaderElection.askForVotes(LeaderElection.java:201)
	at org.apache.ratis.server.impl.LeaderElection.run(LeaderElection.java:133)
	at java.lang.Thread.run(Thread.java:748)
Caused by: org.apache.ratis.thirdparty.io.grpc.StatusRuntimeException: CANCELLED: HTTP/2 error code: CANCEL
Received Rst Stream
	at org.apache.ratis.thirdparty.io.grpc.stub.ClientCalls.toStatusRuntimeException(ClientCalls.java:233)
	at org.apache.ratis.thirdparty.io.grpc.stub.ClientCalls.getUnchecked(ClientCalls.java:214)
	at org.apache.ratis.thirdparty.io.grpc.stub.ClientCalls.blockingUnaryCall(ClientCalls.java:139)
	at org.apache.ratis.proto.grpc.RaftServerProtocolServiceGrpc$RaftServerProtocolServiceBlockingStub.requestVote(RaftServerProtocolServiceGrpc.java:265)
	at org.apache.ratis.grpc.server.GrpcServerProtocolClient.requestVote(GrpcServerProtocolClient.java:90)
	at org.apache.ratis.grpc.server.GrpcService.requestVote(GrpcService.java:204)
	at org.apache.ratis.server.impl.LeaderElection.lambda$submitRequests$1(LeaderElection.java:238)
	at java.util.concurrent.FutureTask.run(FutureTask.java:266)
	at java.util.concurrent.Executors$RunnableAdapter.call(Executors.java:511)
	at java.util.concurrent.FutureTask.run(FutureTask.java:266)
	at java.util.concurrent.ThreadPoolExecutor.runWorker(ThreadPoolExecutor.java:1149)
	at java.util.concurrent.ThreadPoolExecutor$Worker.run(ThreadPoolExecutor.java:624)
	... 1 more
2019-09-24 18:19:33,433 [56d3d73d-28bb-4c7c-9d35-99456f3549be@group-3C3A4009C5E3:LeaderElection21] INFO  impl.LeaderElection (LogUtils.java:infoOrTrace(149)) -   Exception 0: {}
java.util.concurrent.ExecutionException: org.apache.ratis.thirdparty.io.grpc.StatusRuntimeException: CANCELLED: HTTP/2 error code: CANCEL
Received Rst Stream
	at java.util.concurrent.FutureTask.report(FutureTask.java:122)
	at java.util.concurrent.FutureTask.get(FutureTask.java:192)
	at org.apache.ratis.server.impl.LeaderElection.waitForResults(LeaderElection.java:263)
	at org.apache.ratis.server.impl.LeaderElection.askForVotes(LeaderElection.java:201)
	at org.apache.ratis.server.impl.LeaderElection.run(LeaderElection.java:133)
	at java.lang.Thread.run(Thread.java:748)
Caused by: org.apache.ratis.thirdparty.io.grpc.StatusRuntimeException: CANCELLED: HTTP/2 error code: CANCEL
Received Rst Stream
	at org.apache.ratis.thirdparty.io.grpc.stub.ClientCalls.toStatusRuntimeException(ClientCalls.java:233)
	at org.apache.ratis.thirdparty.io.grpc.stub.ClientCalls.getUnchecked(ClientCalls.java:214)
	at org.apache.ratis.thirdparty.io.grpc.stub.ClientCalls.blockingUnaryCall(ClientCalls.java:139)
	at org.apache.ratis.proto.grpc.RaftServerProtocolServiceGrpc$RaftServerProtocolServiceBlockingStub.requestVote(RaftServerProtocolServiceGrpc.java:265)
	at org.apache.ratis.grpc.server.GrpcServerProtocolClient.requestVote(GrpcServerProtocolClient.java:90)
	at org.apache.ratis.grpc.server.GrpcService.requestVote(GrpcService.java:204)
	at org.apache.ratis.server.impl.LeaderElection.lambda$submitRequests$1(LeaderElection.java:238)
	at java.util.concurrent.FutureTask.run(FutureTask.java:266)
	at java.util.concurrent.Executors$RunnableAdapter.call(Executors.java:511)
	at java.util.concurrent.FutureTask.run(FutureTask.java:266)
	at java.util.concurrent.ThreadPoolExecutor.runWorker(ThreadPoolExecutor.java:1149)
	at java.util.concurrent.ThreadPoolExecutor$Worker.run(ThreadPoolExecutor.java:624)
	... 1 more
2019-09-24 18:19:33,433 [main] INFO  utils.BackgroundService (BackgroundService.java:shutdown(148)) - Shutting down service BlockDeletingService
2019-09-24 18:19:33,443 [56d3d73d-28bb-4c7c-9d35-99456f3549be@group-3C3A4009C5E3:LeaderElection21] INFO  impl.RaftServerImpl (RaftServerImpl.java:setRole(174)) - 56d3d73d-28bb-4c7c-9d35-99456f3549be@group-3C3A4009C5E3: changes role from CANDIDATE to FOLLOWER at term 2 for DISCOVERED_A_NEW_TERM
2019-09-24 18:19:33,447 [2135d647-a495-482b-8bc4-ca4f8b4fdafb@group-C63832CD55DC:LeaderElection17] INFO  impl.LeaderElection (LogUtils.java:infoOrTrace(149)) - 2135d647-a495-482b-8bc4-ca4f8b4fdafb@group-C63832CD55DC:LeaderElection17 got exception when requesting votes: {}
java.util.concurrent.ExecutionException: org.apache.ratis.thirdparty.io.grpc.StatusRuntimeException: INTERNAL: 1ef4a0bb-4a8c-4224-99dc-5dce18d8d28c@group-C63832CD55DC is not in [RUNNING]: current state is CLOSED
	at java.util.concurrent.FutureTask.report(FutureTask.java:122)
	at java.util.concurrent.FutureTask.get(FutureTask.java:192)
	at org.apache.ratis.server.impl.LeaderElection.waitForResults(LeaderElection.java:263)
	at org.apache.ratis.server.impl.LeaderElection.askForVotes(LeaderElection.java:201)
	at org.apache.ratis.server.impl.LeaderElection.run(LeaderElection.java:133)
	at java.lang.Thread.run(Thread.java:748)
Caused by: org.apache.ratis.thirdparty.io.grpc.StatusRuntimeException: INTERNAL: 1ef4a0bb-4a8c-4224-99dc-5dce18d8d28c@group-C63832CD55DC is not in [RUNNING]: current state is CLOSED
	at org.apache.ratis.thirdparty.io.grpc.stub.ClientCalls.toStatusRuntimeException(ClientCalls.java:233)
	at org.apache.ratis.thirdparty.io.grpc.stub.ClientCalls.getUnchecked(ClientCalls.java:214)
	at org.apache.ratis.thirdparty.io.grpc.stub.ClientCalls.blockingUnaryCall(ClientCalls.java:139)
	at org.apache.ratis.proto.grpc.RaftServerProtocolServiceGrpc$RaftServerProtocolServiceBlockingStub.requestVote(RaftServerProtocolServiceGrpc.java:265)
	at org.apache.ratis.grpc.server.GrpcServerProtocolClient.requestVote(GrpcServerProtocolClient.java:90)
	at org.apache.ratis.grpc.server.GrpcService.requestVote(GrpcService.java:204)
	at org.apache.ratis.server.impl.LeaderElection.lambda$submitRequests$1(LeaderElection.java:238)
	at java.util.concurrent.FutureTask.run(FutureTask.java:266)
	at java.util.concurrent.Executors$RunnableAdapter.call(Executors.java:511)
	at java.util.concurrent.FutureTask.run(FutureTask.java:266)
	at java.util.concurrent.ThreadPoolExecutor.runWorker(ThreadPoolExecutor.java:1149)
	at java.util.concurrent.ThreadPoolExecutor$Worker.run(ThreadPoolExecutor.java:624)
	... 1 more
2019-09-24 18:19:33,440 [56d3d73d-28bb-4c7c-9d35-99456f3549be@group-14BF59FD49FA:LeaderElection22] INFO  impl.RaftServerImpl (RaftServerImpl.java:setRole(174)) - 56d3d73d-28bb-4c7c-9d35-99456f3549be@group-14BF59FD49FA: changes role from CANDIDATE to FOLLOWER at term 2 for DISCOVERED_A_NEW_TERM
2019-09-24 18:19:33,438 [grpc-default-executor-0] INFO  impl.FollowerInfo (FollowerInfo.java:lambda$new$0(51)) - 56d3d73d-28bb-4c7c-9d35-99456f3549be@group-CCB3303368FC->1ef4a0bb-4a8c-4224-99dc-5dce18d8d28c: nextIndex: updateUnconditionally 1 -> 0
2019-09-24 18:19:33,438 [2135d647-a495-482b-8bc4-ca4f8b4fdafb@group-3C3A4009C5E3:LeaderElection23] INFO  impl.LeaderElection (LogUtils.java:infoOrTrace(149)) - 2135d647-a495-482b-8bc4-ca4f8b4fdafb@group-3C3A4009C5E3:LeaderElection23 got exception when requesting votes: {}
java.util.concurrent.ExecutionException: org.apache.ratis.thirdparty.io.grpc.StatusRuntimeException: INTERNAL: 1ef4a0bb-4a8c-4224-99dc-5dce18d8d28c@group-3C3A4009C5E3 is not in [RUNNING]: current state is CLOSED
	at java.util.concurrent.FutureTask.report(FutureTask.java:122)
	at java.util.concurrent.FutureTask.get(FutureTask.java:192)
	at org.apache.ratis.server.impl.LeaderElection.waitForResults(LeaderElection.java:263)
	at org.apache.ratis.server.impl.LeaderElection.askForVotes(LeaderElection.java:201)
	at org.apache.ratis.server.impl.LeaderElection.run(LeaderElection.java:133)
	at java.lang.Thread.run(Thread.java:748)
Caused by: org.apache.ratis.thirdparty.io.grpc.StatusRuntimeException: INTERNAL: 1ef4a0bb-4a8c-4224-99dc-5dce18d8d28c@group-3C3A4009C5E3 is not in [RUNNING]: current state is CLOSED
	at org.apache.ratis.thirdparty.io.grpc.stub.ClientCalls.toStatusRuntimeException(ClientCalls.java:233)
	at org.apache.ratis.thirdparty.io.grpc.stub.ClientCalls.getUnchecked(ClientCalls.java:214)
	at org.apache.ratis.thirdparty.io.grpc.stub.ClientCalls.blockingUnaryCall(ClientCalls.java:139)
	at org.apache.ratis.proto.grpc.RaftServerProtocolServiceGrpc$RaftServerProtocolServiceBlockingStub.requestVote(RaftServerProtocolServiceGrpc.java:265)
	at org.apache.ratis.grpc.server.GrpcServerProtocolClient.requestVote(GrpcServerProtocolClient.java:90)
	at org.apache.ratis.grpc.server.GrpcService.requestVote(GrpcService.java:204)
	at org.apache.ratis.server.impl.LeaderElection.lambda$submitRequests$1(LeaderElection.java:238)
	at java.util.concurrent.FutureTask.run(FutureTask.java:266)
	at java.util.concurrent.Executors$RunnableAdapter.call(Executors.java:511)
	at java.util.concurrent.FutureTask.run(FutureTask.java:266)
	at java.util.concurrent.ThreadPoolExecutor.runWorker(ThreadPoolExecutor.java:1149)
	at java.util.concurrent.ThreadPoolExecutor$Worker.run(ThreadPoolExecutor.java:624)
	... 1 more
2019-09-24 18:19:33,435 [56d3d73d-28bb-4c7c-9d35-99456f3549be@group-C63832CD55DC:LeaderElection15] INFO  impl.LeaderElection (LogUtils.java:infoOrTrace(149)) -   Exception 0: {}
java.util.concurrent.ExecutionException: org.apache.ratis.thirdparty.io.grpc.StatusRuntimeException: CANCELLED: HTTP/2 error code: CANCEL
Received Rst Stream
	at java.util.concurrent.FutureTask.report(FutureTask.java:122)
	at java.util.concurrent.FutureTask.get(FutureTask.java:192)
	at org.apache.ratis.server.impl.LeaderElection.waitForResults(LeaderElection.java:263)
	at org.apache.ratis.server.impl.LeaderElection.askForVotes(LeaderElection.java:201)
	at org.apache.ratis.server.impl.LeaderElection.run(LeaderElection.java:133)
	at java.lang.Thread.run(Thread.java:748)
Caused by: org.apache.ratis.thirdparty.io.grpc.StatusRuntimeException: CANCELLED: HTTP/2 error code: CANCEL
Received Rst Stream
	at org.apache.ratis.thirdparty.io.grpc.stub.ClientCalls.toStatusRuntimeException(ClientCalls.java:233)
	at org.apache.ratis.thirdparty.io.grpc.stub.ClientCalls.getUnchecked(ClientCalls.java:214)
	at org.apache.ratis.thirdparty.io.grpc.stub.ClientCalls.blockingUnaryCall(ClientCalls.java:139)
	at org.apache.ratis.proto.grpc.RaftServerProtocolServiceGrpc$RaftServerProtocolServiceBlockingStub.requestVote(RaftServerProtocolServiceGrpc.java:265)
	at org.apache.ratis.grpc.server.GrpcServerProtocolClient.requestVote(GrpcServerProtocolClient.java:90)
	at org.apache.ratis.grpc.server.GrpcService.requestVote(GrpcService.java:204)
	at org.apache.ratis.server.impl.LeaderElection.lambda$submitRequests$1(LeaderElection.java:238)
	at java.util.concurrent.FutureTask.run(FutureTask.java:266)
	at java.util.concurrent.Executors$RunnableAdapter.call(Executors.java:511)
	at java.util.concurrent.FutureTask.run(FutureTask.java:266)
	at java.util.concurrent.ThreadPoolExecutor.runWorker(ThreadPoolExecutor.java:1149)
	at java.util.concurrent.ThreadPoolExecutor$Worker.run(ThreadPoolExecutor.java:624)
	... 1 more
2019-09-24 18:19:33,466 [2135d647-a495-482b-8bc4-ca4f8b4fdafb@group-3C3A4009C5E3:LeaderElection23] INFO  impl.LeaderElection (LeaderElection.java:logAndReturn(56)) - 2135d647-a495-482b-8bc4-ca4f8b4fdafb@group-3C3A4009C5E3:LeaderElection23: Election REJECTED; received 1 response(s) [2135d647-a495-482b-8bc4-ca4f8b4fdafb<-56d3d73d-28bb-4c7c-9d35-99456f3549be#0:FAIL-t2] and 1 exception(s); 2135d647-a495-482b-8bc4-ca4f8b4fdafb@group-3C3A4009C5E3:t2, leader=null, voted=2135d647-a495-482b-8bc4-ca4f8b4fdafb, raftlog=2135d647-a495-482b-8bc4-ca4f8b4fdafb@group-3C3A4009C5E3-SegmentedRaftLog:OPENED:c-1,f-1,i0, conf=-1: [1ef4a0bb-4a8c-4224-99dc-5dce18d8d28c:192.168.36.84:36426, 56d3d73d-28bb-4c7c-9d35-99456f3549be:192.168.36.84:34646, 2135d647-a495-482b-8bc4-ca4f8b4fdafb:192.168.36.84:46711], old=null
2019-09-24 18:19:33,454 [56d3d73d-28bb-4c7c-9d35-99456f3549be@group-14BF59FD49FA:LeaderElection22] INFO  impl.RoleInfo (RoleInfo.java:shutdownLeaderElection(134)) - 56d3d73d-28bb-4c7c-9d35-99456f3549be: shutdown LeaderElection
2019-09-24 18:19:33,454 [2135d647-a495-482b-8bc4-ca4f8b4fdafb@group-C63832CD55DC:LeaderElection17] INFO  impl.LeaderElection (LeaderElection.java:logAndReturn(56)) - 2135d647-a495-482b-8bc4-ca4f8b4fdafb@group-C63832CD55DC:LeaderElection17: Election REJECTED; received 1 response(s) [2135d647-a495-482b-8bc4-ca4f8b4fdafb<-56d3d73d-28bb-4c7c-9d35-99456f3549be#0:FAIL-t2] and 1 exception(s); 2135d647-a495-482b-8bc4-ca4f8b4fdafb@group-C63832CD55DC:t2, leader=null, voted=2135d647-a495-482b-8bc4-ca4f8b4fdafb, raftlog=2135d647-a495-482b-8bc4-ca4f8b4fdafb@group-C63832CD55DC-SegmentedRaftLog:OPENED:c-1,f-1,i0, conf=-1: [1ef4a0bb-4a8c-4224-99dc-5dce18d8d28c:192.168.36.84:36426, 56d3d73d-28bb-4c7c-9d35-99456f3549be:192.168.36.84:34646, 2135d647-a495-482b-8bc4-ca4f8b4fdafb:192.168.36.84:46711], old=null
2019-09-24 18:19:33,470 [2135d647-a495-482b-8bc4-ca4f8b4fdafb@group-C63832CD55DC:LeaderElection17] INFO  impl.LeaderElection (LogUtils.java:infoOrTrace(149)) -   Exception 0: {}
java.util.concurrent.ExecutionException: org.apache.ratis.thirdparty.io.grpc.StatusRuntimeException: INTERNAL: 1ef4a0bb-4a8c-4224-99dc-5dce18d8d28c@group-C63832CD55DC is not in [RUNNING]: current state is CLOSED
	at java.util.concurrent.FutureTask.report(FutureTask.java:122)
	at java.util.concurrent.FutureTask.get(FutureTask.java:192)
	at org.apache.ratis.server.impl.LeaderElection.waitForResults(LeaderElection.java:263)
	at org.apache.ratis.server.impl.LeaderElection.askForVotes(LeaderElection.java:201)
	at org.apache.ratis.server.impl.LeaderElection.run(LeaderElection.java:133)
	at java.lang.Thread.run(Thread.java:748)
Caused by: org.apache.ratis.thirdparty.io.grpc.StatusRuntimeException: INTERNAL: 1ef4a0bb-4a8c-4224-99dc-5dce18d8d28c@group-C63832CD55DC is not in [RUNNING]: current state is CLOSED
	at org.apache.ratis.thirdparty.io.grpc.stub.ClientCalls.toStatusRuntimeException(ClientCalls.java:233)
	at org.apache.ratis.thirdparty.io.grpc.stub.ClientCalls.getUnchecked(ClientCalls.java:214)
	at org.apache.ratis.thirdparty.io.grpc.stub.ClientCalls.blockingUnaryCall(ClientCalls.java:139)
	at org.apache.ratis.proto.grpc.RaftServerProtocolServiceGrpc$RaftServerProtocolServiceBlockingStub.requestVote(RaftServerProtocolServiceGrpc.java:265)
	at org.apache.ratis.grpc.server.GrpcServerProtocolClient.requestVote(GrpcServerProtocolClient.java:90)
	at org.apache.ratis.grpc.server.GrpcService.requestVote(GrpcService.java:204)
	at org.apache.ratis.server.impl.LeaderElection.lambda$submitRequests$1(LeaderElection.java:238)
	at java.util.concurrent.FutureTask.run(FutureTask.java:266)
	at java.util.concurrent.Executors$RunnableAdapter.call(Executors.java:511)
	at java.util.concurrent.FutureTask.run(FutureTask.java:266)
	at java.util.concurrent.ThreadPoolExecutor.runWorker(ThreadPoolExecutor.java:1149)
	at java.util.concurrent.ThreadPoolExecutor$Worker.run(ThreadPoolExecutor.java:624)
	... 1 more
2019-09-24 18:19:33,454 [main] INFO  statemachine.DatanodeStateMachine (DatanodeStateMachine.java:stopDaemon(395)) - Ozone container server stopped.
2019-09-24 18:19:33,447 [56d3d73d-28bb-4c7c-9d35-99456f3549be@group-3C3A4009C5E3:LeaderElection21] INFO  impl.RoleInfo (RoleInfo.java:shutdownLeaderElection(134)) - 56d3d73d-28bb-4c7c-9d35-99456f3549be: shutdown LeaderElection
2019-09-24 18:19:33,481 [2135d647-a495-482b-8bc4-ca4f8b4fdafb@group-C63832CD55DC:LeaderElection17] INFO  impl.RaftServerImpl (RaftServerImpl.java:setRole(174)) - 2135d647-a495-482b-8bc4-ca4f8b4fdafb@group-C63832CD55DC: changes role from CANDIDATE to FOLLOWER at term 2 for DISCOVERED_A_NEW_TERM
2019-09-24 18:19:33,470 [56d3d73d-28bb-4c7c-9d35-99456f3549be@group-14BF59FD49FA:LeaderElection22] INFO  impl.RoleInfo (RoleInfo.java:updateAndGet(143)) - 56d3d73d-28bb-4c7c-9d35-99456f3549be: start FollowerState
2019-09-24 18:19:33,468 [2135d647-a495-482b-8bc4-ca4f8b4fdafb@group-3C3A4009C5E3:LeaderElection23] INFO  impl.LeaderElection (LogUtils.java:infoOrTrace(149)) -   Exception 0: {}
java.util.concurrent.ExecutionException: org.apache.ratis.thirdparty.io.grpc.StatusRuntimeException: INTERNAL: 1ef4a0bb-4a8c-4224-99dc-5dce18d8d28c@group-3C3A4009C5E3 is not in [RUNNING]: current state is CLOSED
	at java.util.concurrent.FutureTask.report(FutureTask.java:122)
	at java.util.concurrent.FutureTask.get(FutureTask.java:192)
	at org.apache.ratis.server.impl.LeaderElection.waitForResults(LeaderElection.java:263)
	at org.apache.ratis.server.impl.LeaderElection.askForVotes(LeaderElection.java:201)
	at org.apache.ratis.server.impl.LeaderElection.run(LeaderElection.java:133)
	at java.lang.Thread.run(Thread.java:748)
Caused by: org.apache.ratis.thirdparty.io.grpc.StatusRuntimeException: INTERNAL: 1ef4a0bb-4a8c-4224-99dc-5dce18d8d28c@group-3C3A4009C5E3 is not in [RUNNING]: current state is CLOSED
	at org.apache.ratis.thirdparty.io.grpc.stub.ClientCalls.toStatusRuntimeException(ClientCalls.java:233)
	at org.apache.ratis.thirdparty.io.grpc.stub.ClientCalls.getUnchecked(ClientCalls.java:214)
	at org.apache.ratis.thirdparty.io.grpc.stub.ClientCalls.blockingUnaryCall(ClientCalls.java:139)
	at org.apache.ratis.proto.grpc.RaftServerProtocolServiceGrpc$RaftServerProtocolServiceBlockingStub.requestVote(RaftServerProtocolServiceGrpc.java:265)
	at org.apache.ratis.grpc.server.GrpcServerProtocolClient.requestVote(GrpcServerProtocolClient.java:90)
	at org.apache.ratis.grpc.server.GrpcService.requestVote(GrpcService.java:204)
	at org.apache.ratis.server.impl.LeaderElection.lambda$submitRequests$1(LeaderElection.java:238)
	at java.util.concurrent.FutureTask.run(FutureTask.java:266)
	at java.util.concurrent.Executors$RunnableAdapter.call(Executors.java:511)
	at java.util.concurrent.FutureTask.run(FutureTask.java:266)
	at java.util.concurrent.ThreadPoolExecutor.runWorker(ThreadPoolExecutor.java:1149)
	at java.util.concurrent.ThreadPoolExecutor$Worker.run(ThreadPoolExecutor.java:624)
	... 1 more
2019-09-24 18:19:33,484 [main] INFO  handler.ContextHandler (ContextHandler.java:doStop(910)) - Stopped o.e.j.w.WebAppContext@3a26ec8d{/,null,UNAVAILABLE}{/hddsDatanode}
2019-09-24 18:19:33,467 [56d3d73d-28bb-4c7c-9d35-99456f3549be@group-C63832CD55DC:LeaderElection15] INFO  impl.RaftServerImpl (RaftServerImpl.java:setRole(174)) - 56d3d73d-28bb-4c7c-9d35-99456f3549be@group-C63832CD55DC: changes role from CANDIDATE to FOLLOWER at term 2 for DISCOVERED_A_NEW_TERM
2019-09-24 18:19:33,484 [2135d647-a495-482b-8bc4-ca4f8b4fdafb@group-3C3A4009C5E3:LeaderElection23] INFO  impl.RaftServerImpl (RaftServerImpl.java:setRole(174)) - 2135d647-a495-482b-8bc4-ca4f8b4fdafb@group-3C3A4009C5E3: changes role from CANDIDATE to FOLLOWER at term 2 for DISCOVERED_A_NEW_TERM
2019-09-24 18:19:33,485 [2135d647-a495-482b-8bc4-ca4f8b4fdafb@group-3C3A4009C5E3:LeaderElection23] INFO  impl.RoleInfo (RoleInfo.java:shutdownLeaderElection(134)) - 2135d647-a495-482b-8bc4-ca4f8b4fdafb: shutdown LeaderElection
2019-09-24 18:19:33,483 [2135d647-a495-482b-8bc4-ca4f8b4fdafb@group-C63832CD55DC:LeaderElection17] INFO  impl.RoleInfo (RoleInfo.java:shutdownLeaderElection(134)) - 2135d647-a495-482b-8bc4-ca4f8b4fdafb: shutdown LeaderElection
2019-09-24 18:19:33,483 [56d3d73d-28bb-4c7c-9d35-99456f3549be@group-3C3A4009C5E3:LeaderElection21] INFO  impl.RoleInfo (RoleInfo.java:updateAndGet(143)) - 56d3d73d-28bb-4c7c-9d35-99456f3549be: start FollowerState
2019-09-24 18:19:33,485 [2135d647-a495-482b-8bc4-ca4f8b4fdafb@group-C63832CD55DC:LeaderElection17] INFO  impl.RoleInfo (RoleInfo.java:updateAndGet(143)) - 2135d647-a495-482b-8bc4-ca4f8b4fdafb: start FollowerState
2019-09-24 18:19:33,485 [main] INFO  server.AbstractConnector (AbstractConnector.java:doStop(318)) - Stopped ServerConnector@17143b3b{HTTP/1.1,[http/1.1]}{0.0.0.0:0}
2019-09-24 18:19:33,485 [2135d647-a495-482b-8bc4-ca4f8b4fdafb@group-3C3A4009C5E3:LeaderElection23] INFO  impl.RoleInfo (RoleInfo.java:updateAndGet(143)) - 2135d647-a495-482b-8bc4-ca4f8b4fdafb: start FollowerState
2019-09-24 18:19:33,485 [56d3d73d-28bb-4c7c-9d35-99456f3549be@group-C63832CD55DC:LeaderElection15] INFO  impl.RoleInfo (RoleInfo.java:shutdownLeaderElection(134)) - 56d3d73d-28bb-4c7c-9d35-99456f3549be: shutdown LeaderElection
2019-09-24 18:19:33,486 [main] INFO  handler.ContextHandler (ContextHandler.java:doStop(910)) - Stopped o.e.j.s.ServletContextHandler@21505815{/static,jar:file:/home/user/.m2/repository/org/apache/hadoop/hadoop-hdds-container-service/0.5.0-SNAPSHOT/hadoop-hdds-container-service-0.5.0-SNAPSHOT.jar!/webapps/static,UNAVAILABLE}
2019-09-24 18:19:33,486 [56d3d73d-28bb-4c7c-9d35-99456f3549be@group-C63832CD55DC:LeaderElection15] INFO  impl.RoleInfo (RoleInfo.java:updateAndGet(143)) - 56d3d73d-28bb-4c7c-9d35-99456f3549be: start FollowerState
2019-09-24 18:19:33,486 [main] INFO  handler.ContextHandler (ContextHandler.java:doStop(910)) - Stopped o.e.j.s.ServletContextHandler@534180a2{/logs,file:///workdir/hadoop-ozone/integration-test/target/log,UNAVAILABLE}
2019-09-24 18:19:33,498 [ForkJoinPool.commonPool-worker-1] INFO  utils.BackgroundService (BackgroundService.java:shutdown(148)) - Shutting down service BlockDeletingService
2019-09-24 18:19:33,503 [ForkJoinPool.commonPool-worker-1] INFO  statemachine.DatanodeStateMachine (DatanodeStateMachine.java:stopDaemon(395)) - Ozone container server stopped.
2019-09-24 18:19:33,508 [ForkJoinPool.commonPool-worker-1] INFO  handler.ContextHandler (ContextHandler.java:doStop(910)) - Stopped o.e.j.w.WebAppContext@5dd903be{/,null,UNAVAILABLE}{/hddsDatanode}
2019-09-24 18:19:33,510 [ForkJoinPool.commonPool-worker-1] INFO  server.AbstractConnector (AbstractConnector.java:doStop(318)) - Stopped ServerConnector@12e0f1cb{HTTP/1.1,[http/1.1]}{0.0.0.0:0}
2019-09-24 18:19:33,513 [ForkJoinPool.commonPool-worker-1] INFO  handler.ContextHandler (ContextHandler.java:doStop(910)) - Stopped o.e.j.s.ServletContextHandler@5624657a{/static,jar:file:/home/user/.m2/repository/org/apache/hadoop/hadoop-hdds-container-service/0.5.0-SNAPSHOT/hadoop-hdds-container-service-0.5.0-SNAPSHOT.jar!/webapps/static,UNAVAILABLE}
2019-09-24 18:19:33,515 [ForkJoinPool.commonPool-worker-1] INFO  handler.ContextHandler (ContextHandler.java:doStop(910)) - Stopped o.e.j.s.ServletContextHandler@28da7d11{/logs,file:///workdir/hadoop-ozone/integration-test/target/log,UNAVAILABLE}
2019-09-24 18:19:33,537 [grpc-default-executor-0] WARN  server.GrpcLogAppender (LogUtils.java:warn(134)) - 56d3d73d-28bb-4c7c-9d35-99456f3549be@group-CCB3303368FC->1ef4a0bb-4a8c-4224-99dc-5dce18d8d28c-AppendLogResponseHandler: Failed appendEntries: org.apache.ratis.thirdparty.io.grpc.StatusRuntimeException: UNAVAILABLE: io exception
2019-09-24 18:19:33,539 [grpc-default-executor-0] INFO  impl.FollowerInfo (FollowerInfo.java:lambda$new$0(51)) - 56d3d73d-28bb-4c7c-9d35-99456f3549be@group-CCB3303368FC->1ef4a0bb-4a8c-4224-99dc-5dce18d8d28c: nextIndex: updateUnconditionally 0 -> 0
2019-09-24 18:19:33,885 [Datanode State Machine Thread - 0] INFO  statemachine.DatanodeStateMachine (DatanodeStateMachine.java:lambda$startDaemon$0(350)) - Ozone container server started.
2019-09-24 18:19:34,036 [grpc-default-executor-5] WARN  server.GrpcLogAppender (LogUtils.java:warn(134)) - 56d3d73d-28bb-4c7c-9d35-99456f3549be@group-CCB3303368FC->1ef4a0bb-4a8c-4224-99dc-5dce18d8d28c-AppendLogResponseHandler: Failed appendEntries: org.apache.ratis.thirdparty.io.grpc.StatusRuntimeException: UNAVAILABLE: io exception
2019-09-24 18:19:34,041 [grpc-default-executor-5] INFO  impl.FollowerInfo (FollowerInfo.java:lambda$new$0(51)) - 56d3d73d-28bb-4c7c-9d35-99456f3549be@group-CCB3303368FC->1ef4a0bb-4a8c-4224-99dc-5dce18d8d28c: nextIndex: updateUnconditionally 0 -> 0
2019-09-24 18:19:34,254 [Datanode State Machine Thread - 0] INFO  statemachine.DatanodeStateMachine (DatanodeStateMachine.java:lambda$startDaemon$0(350)) - Ozone container server started.
2019-09-24 18:19:34,540 [grpc-default-executor-4] WARN  server.GrpcLogAppender (LogUtils.java:warn(134)) - 56d3d73d-28bb-4c7c-9d35-99456f3549be@group-CCB3303368FC->1ef4a0bb-4a8c-4224-99dc-5dce18d8d28c-AppendLogResponseHandler: Failed appendEntries: org.apache.ratis.thirdparty.io.grpc.StatusRuntimeException: UNAVAILABLE: io exception
2019-09-24 18:19:34,544 [grpc-default-executor-4] INFO  impl.FollowerInfo (FollowerInfo.java:lambda$new$0(51)) - 56d3d73d-28bb-4c7c-9d35-99456f3549be@group-CCB3303368FC->1ef4a0bb-4a8c-4224-99dc-5dce18d8d28c: nextIndex: updateUnconditionally 0 -> 0
2019-09-24 18:19:34,556 [Thread-435] INFO  impl.FollowerState (FollowerState.java:run(106)) - 2135d647-a495-482b-8bc4-ca4f8b4fdafb:group-3C3A4009C5E3 changes to CANDIDATE, lastRpcTime:1071, electionTimeout:1070ms
2019-09-24 18:19:34,556 [Thread-435] INFO  impl.RoleInfo (RoleInfo.java:shutdownFollowerState(121)) - 2135d647-a495-482b-8bc4-ca4f8b4fdafb: shutdown FollowerState
2019-09-24 18:19:34,567 [Thread-437] INFO  impl.FollowerState (FollowerState.java:run(106)) - 56d3d73d-28bb-4c7c-9d35-99456f3549be:group-C63832CD55DC changes to CANDIDATE, lastRpcTime:1080, electionTimeout:1072ms
2019-09-24 18:19:34,567 [Thread-435] INFO  impl.RaftServerImpl (RaftServerImpl.java:setRole(174)) - 2135d647-a495-482b-8bc4-ca4f8b4fdafb@group-3C3A4009C5E3: changes role from  FOLLOWER to CANDIDATE at term 2 for changeToCandidate
2019-09-24 18:19:34,567 [Thread-432] INFO  impl.FollowerState (FollowerState.java:run(106)) - 2135d647-a495-482b-8bc4-ca4f8b4fdafb:group-14BF59FD49FA changes to CANDIDATE, lastRpcTime:1159, electionTimeout:1153ms
2019-09-24 18:19:34,567 [Thread-435] INFO  impl.RoleInfo (RoleInfo.java:updateAndGet(143)) - 2135d647-a495-482b-8bc4-ca4f8b4fdafb: start LeaderElection
2019-09-24 18:19:34,567 [Thread-437] INFO  impl.RoleInfo (RoleInfo.java:shutdownFollowerState(121)) - 56d3d73d-28bb-4c7c-9d35-99456f3549be: shutdown FollowerState
2019-09-24 18:19:34,567 [Thread-432] INFO  impl.RoleInfo (RoleInfo.java:shutdownFollowerState(121)) - 2135d647-a495-482b-8bc4-ca4f8b4fdafb: shutdown FollowerState
2019-09-24 18:19:34,568 [Thread-437] INFO  impl.RaftServerImpl (RaftServerImpl.java:setRole(174)) - 56d3d73d-28bb-4c7c-9d35-99456f3549be@group-C63832CD55DC: changes role from  FOLLOWER to CANDIDATE at term 2 for changeToCandidate
2019-09-24 18:19:34,570 [Thread-432] INFO  impl.RaftServerImpl (RaftServerImpl.java:setRole(174)) - 2135d647-a495-482b-8bc4-ca4f8b4fdafb@group-14BF59FD49FA: changes role from  FOLLOWER to CANDIDATE at term 2 for changeToCandidate
2019-09-24 18:19:34,571 [Thread-437] INFO  impl.RoleInfo (RoleInfo.java:updateAndGet(143)) - 56d3d73d-28bb-4c7c-9d35-99456f3549be: start LeaderElection
2019-09-24 18:19:34,571 [Thread-432] INFO  impl.RoleInfo (RoleInfo.java:updateAndGet(143)) - 2135d647-a495-482b-8bc4-ca4f8b4fdafb: start LeaderElection
2019-09-24 18:19:34,597 [Thread-434] INFO  impl.FollowerState (FollowerState.java:run(106)) - 56d3d73d-28bb-4c7c-9d35-99456f3549be:group-3C3A4009C5E3 changes to CANDIDATE, lastRpcTime:1113, electionTimeout:1111ms
2019-09-24 18:19:34,597 [Thread-434] INFO  impl.RoleInfo (RoleInfo.java:shutdownFollowerState(121)) - 56d3d73d-28bb-4c7c-9d35-99456f3549be: shutdown FollowerState
2019-09-24 18:19:34,597 [Thread-434] INFO  impl.RaftServerImpl (RaftServerImpl.java:setRole(174)) - 56d3d73d-28bb-4c7c-9d35-99456f3549be@group-3C3A4009C5E3: changes role from  FOLLOWER to CANDIDATE at term 2 for changeToCandidate
2019-09-24 18:19:34,598 [Thread-434] INFO  impl.RoleInfo (RoleInfo.java:updateAndGet(143)) - 56d3d73d-28bb-4c7c-9d35-99456f3549be: start LeaderElection
2019-09-24 18:19:34,600 [Thread-436] INFO  impl.FollowerState (FollowerState.java:run(106)) - 2135d647-a495-482b-8bc4-ca4f8b4fdafb:group-C63832CD55DC changes to CANDIDATE, lastRpcTime:1115, electionTimeout:1114ms
2019-09-24 18:19:34,601 [Thread-436] INFO  impl.RoleInfo (RoleInfo.java:shutdownFollowerState(121)) - 2135d647-a495-482b-8bc4-ca4f8b4fdafb: shutdown FollowerState
2019-09-24 18:19:34,601 [Thread-436] INFO  impl.RaftServerImpl (RaftServerImpl.java:setRole(174)) - 2135d647-a495-482b-8bc4-ca4f8b4fdafb@group-C63832CD55DC: changes role from  FOLLOWER to CANDIDATE at term 2 for changeToCandidate
2019-09-24 18:19:34,601 [Thread-436] INFO  impl.RoleInfo (RoleInfo.java:updateAndGet(143)) - 2135d647-a495-482b-8bc4-ca4f8b4fdafb: start LeaderElection
2019-09-24 18:19:34,626 [Thread-433] INFO  impl.FollowerState (FollowerState.java:run(106)) - 56d3d73d-28bb-4c7c-9d35-99456f3549be:group-14BF59FD49FA changes to CANDIDATE, lastRpcTime:1156, electionTimeout:1142ms
2019-09-24 18:19:34,627 [Thread-433] INFO  impl.RoleInfo (RoleInfo.java:shutdownFollowerState(121)) - 56d3d73d-28bb-4c7c-9d35-99456f3549be: shutdown FollowerState
2019-09-24 18:19:34,627 [Thread-433] INFO  impl.RaftServerImpl (RaftServerImpl.java:setRole(174)) - 56d3d73d-28bb-4c7c-9d35-99456f3549be@group-14BF59FD49FA: changes role from  FOLLOWER to CANDIDATE at term 2 for changeToCandidate
2019-09-24 18:19:34,627 [Thread-433] INFO  impl.RoleInfo (RoleInfo.java:updateAndGet(143)) - 56d3d73d-28bb-4c7c-9d35-99456f3549be: start LeaderElection
2019-09-24 18:19:35,046 [grpc-default-executor-0] WARN  server.GrpcLogAppender (LogUtils.java:warn(134)) - 56d3d73d-28bb-4c7c-9d35-99456f3549be@group-CCB3303368FC->1ef4a0bb-4a8c-4224-99dc-5dce18d8d28c-AppendLogResponseHandler: Failed appendEntries: org.apache.ratis.thirdparty.io.grpc.StatusRuntimeException: UNAVAILABLE: io exception
2019-09-24 18:19:35,049 [grpc-default-executor-0] INFO  impl.FollowerInfo (FollowerInfo.java:lambda$new$0(51)) - 56d3d73d-28bb-4c7c-9d35-99456f3549be@group-CCB3303368FC->1ef4a0bb-4a8c-4224-99dc-5dce18d8d28c: nextIndex: updateUnconditionally 0 -> 0
2019-09-24 18:19:35,551 [grpc-default-executor-0] WARN  server.GrpcLogAppender (LogUtils.java:warn(134)) - 56d3d73d-28bb-4c7c-9d35-99456f3549be@group-CCB3303368FC->1ef4a0bb-4a8c-4224-99dc-5dce18d8d28c-AppendLogResponseHandler: Failed appendEntries: org.apache.ratis.thirdparty.io.grpc.StatusRuntimeException: UNAVAILABLE: io exception
2019-09-24 18:19:35,554 [grpc-default-executor-0] INFO  impl.FollowerInfo (FollowerInfo.java:lambda$new$0(51)) - 56d3d73d-28bb-4c7c-9d35-99456f3549be@group-CCB3303368FC->1ef4a0bb-4a8c-4224-99dc-5dce18d8d28c: nextIndex: updateUnconditionally 0 -> 0
2019-09-24 18:19:36,057 [grpc-default-executor-0] WARN  server.GrpcLogAppender (LogUtils.java:warn(134)) - 56d3d73d-28bb-4c7c-9d35-99456f3549be@group-CCB3303368FC->1ef4a0bb-4a8c-4224-99dc-5dce18d8d28c-AppendLogResponseHandler: Failed appendEntries: org.apache.ratis.thirdparty.io.grpc.StatusRuntimeException: UNAVAILABLE: io exception
2019-09-24 18:19:36,060 [grpc-default-executor-0] INFO  impl.FollowerInfo (FollowerInfo.java:lambda$new$0(51)) - 56d3d73d-28bb-4c7c-9d35-99456f3549be@group-CCB3303368FC->1ef4a0bb-4a8c-4224-99dc-5dce18d8d28c: nextIndex: updateUnconditionally 0 -> 0
2019-09-24 18:19:36,562 [grpc-default-executor-0] WARN  server.GrpcLogAppender (LogUtils.java:warn(134)) - 56d3d73d-28bb-4c7c-9d35-99456f3549be@group-CCB3303368FC->1ef4a0bb-4a8c-4224-99dc-5dce18d8d28c-AppendLogResponseHandler: Failed appendEntries: org.apache.ratis.thirdparty.io.grpc.StatusRuntimeException: UNAVAILABLE: io exception
2019-09-24 18:19:36,567 [grpc-default-executor-0] INFO  impl.FollowerInfo (FollowerInfo.java:lambda$new$0(51)) - 56d3d73d-28bb-4c7c-9d35-99456f3549be@group-CCB3303368FC->1ef4a0bb-4a8c-4224-99dc-5dce18d8d28c: nextIndex: updateUnconditionally 0 -> 0
2019-09-24 18:19:37,068 [grpc-default-executor-0] WARN  server.GrpcLogAppender (LogUtils.java:warn(134)) - 56d3d73d-28bb-4c7c-9d35-99456f3549be@group-CCB3303368FC->1ef4a0bb-4a8c-4224-99dc-5dce18d8d28c-AppendLogResponseHandler: Failed appendEntries: org.apache.ratis.thirdparty.io.grpc.StatusRuntimeException: UNAVAILABLE: io exception
2019-09-24 18:19:37,072 [grpc-default-executor-0] INFO  impl.FollowerInfo (FollowerInfo.java:lambda$new$0(51)) - 56d3d73d-28bb-4c7c-9d35-99456f3549be@group-CCB3303368FC->1ef4a0bb-4a8c-4224-99dc-5dce18d8d28c: nextIndex: updateUnconditionally 0 -> 0
2019-09-24 18:19:37,572 [grpc-default-executor-0] WARN  server.GrpcLogAppender (LogUtils.java:warn(134)) - 56d3d73d-28bb-4c7c-9d35-99456f3549be@group-CCB3303368FC->1ef4a0bb-4a8c-4224-99dc-5dce18d8d28c-AppendLogResponseHandler: Failed appendEntries: org.apache.ratis.thirdparty.io.grpc.StatusRuntimeException: UNAVAILABLE: io exception
2019-09-24 18:19:37,575 [grpc-default-executor-0] INFO  impl.FollowerInfo (FollowerInfo.java:lambda$new$0(51)) - 56d3d73d-28bb-4c7c-9d35-99456f3549be@group-CCB3303368FC->1ef4a0bb-4a8c-4224-99dc-5dce18d8d28c: nextIndex: updateUnconditionally 0 -> 0
2019-09-24 18:19:38,078 [grpc-default-executor-0] WARN  server.GrpcLogAppender (LogUtils.java:warn(134)) - 56d3d73d-28bb-4c7c-9d35-99456f3549be@group-CCB3303368FC->1ef4a0bb-4a8c-4224-99dc-5dce18d8d28c-AppendLogResponseHandler: Failed appendEntries: org.apache.ratis.thirdparty.io.grpc.StatusRuntimeException: UNAVAILABLE: io exception
2019-09-24 18:19:38,082 [grpc-default-executor-0] INFO  impl.FollowerInfo (FollowerInfo.java:lambda$new$0(51)) - 56d3d73d-28bb-4c7c-9d35-99456f3549be@group-CCB3303368FC->1ef4a0bb-4a8c-4224-99dc-5dce18d8d28c: nextIndex: updateUnconditionally 0 -> 0
2019-09-24 18:19:38,488 [main] INFO  ozoneimpl.OzoneContainer (OzoneContainer.java:stop(231)) - Attempting to stop container services.
2019-09-24 18:19:38,489 [main] INFO  impl.RaftServerProxy (RaftServerProxy.java:lambda$close$4(314)) - 56d3d73d-28bb-4c7c-9d35-99456f3549be: close
2019-09-24 18:19:38,490 [main] INFO  impl.RaftServerImpl (RaftServerImpl.java:lambda$shutdown$3(251)) - 56d3d73d-28bb-4c7c-9d35-99456f3549be@group-C63832CD55DC: shutdown
2019-09-24 18:19:38,490 [main] INFO  util.JmxRegister (JmxRegister.java:unregister(73)) - Successfully un-registered JMX Bean with object name Ratis:service=RaftServer,group=group-C63832CD55DC,id=56d3d73d-28bb-4c7c-9d35-99456f3549be
2019-09-24 18:19:38,491 [main] INFO  impl.RoleInfo (RoleInfo.java:shutdownLeaderElection(134)) - 56d3d73d-28bb-4c7c-9d35-99456f3549be: shutdown LeaderElection
2019-09-24 18:19:38,491 [main] INFO  impl.StateMachineUpdater (StateMachineUpdater.java:stopAndJoin(125)) - 56d3d73d-28bb-4c7c-9d35-99456f3549be@group-C63832CD55DC-StateMachineUpdater: set stopIndex = -1
2019-09-24 18:19:38,496 [main] INFO  impl.RaftServerImpl (ServerState.java:close(385)) - 56d3d73d-28bb-4c7c-9d35-99456f3549be@group-C63832CD55DC: closes. applyIndex: -1
2019-09-24 18:19:38,497 [56d3d73d-28bb-4c7c-9d35-99456f3549be@group-C63832CD55DC-SegmentedRaftLogWorker] INFO  segmented.SegmentedRaftLogWorker (SegmentedRaftLogWorker.java:run(313)) - 56d3d73d-28bb-4c7c-9d35-99456f3549be@group-C63832CD55DC-SegmentedRaftLogWorker was interrupted, exiting. There are 0 tasks remaining in the queue.
2019-09-24 18:19:38,497 [main] INFO  segmented.SegmentedRaftLogWorker (SegmentedRaftLogWorker.java:close(228)) - 56d3d73d-28bb-4c7c-9d35-99456f3549be@group-C63832CD55DC-SegmentedRaftLogWorker close()
2019-09-24 18:19:38,502 [main] INFO  impl.RaftServerImpl (RaftServerImpl.java:lambda$shutdown$3(251)) - 56d3d73d-28bb-4c7c-9d35-99456f3549be@group-3C3A4009C5E3: shutdown
2019-09-24 18:19:38,502 [main] INFO  util.JmxRegister (JmxRegister.java:unregister(73)) - Successfully un-registered JMX Bean with object name Ratis:service=RaftServer,group=group-3C3A4009C5E3,id=56d3d73d-28bb-4c7c-9d35-99456f3549be
2019-09-24 18:19:38,503 [main] INFO  impl.RoleInfo (RoleInfo.java:shutdownLeaderElection(134)) - 56d3d73d-28bb-4c7c-9d35-99456f3549be: shutdown LeaderElection
2019-09-24 18:19:38,503 [main] INFO  impl.StateMachineUpdater (StateMachineUpdater.java:stopAndJoin(125)) - 56d3d73d-28bb-4c7c-9d35-99456f3549be@group-3C3A4009C5E3-StateMachineUpdater: set stopIndex = -1
2019-09-24 18:19:38,504 [main] INFO  impl.RaftServerImpl (ServerState.java:close(385)) - 56d3d73d-28bb-4c7c-9d35-99456f3549be@group-3C3A4009C5E3: closes. applyIndex: -1
2019-09-24 18:19:38,504 [56d3d73d-28bb-4c7c-9d35-99456f3549be@group-3C3A4009C5E3-SegmentedRaftLogWorker] INFO  segmented.SegmentedRaftLogWorker (SegmentedRaftLogWorker.java:run(313)) - 56d3d73d-28bb-4c7c-9d35-99456f3549be@group-3C3A4009C5E3-SegmentedRaftLogWorker was interrupted, exiting. There are 0 tasks remaining in the queue.
2019-09-24 18:19:38,504 [main] INFO  segmented.SegmentedRaftLogWorker (SegmentedRaftLogWorker.java:close(228)) - 56d3d73d-28bb-4c7c-9d35-99456f3549be@group-3C3A4009C5E3-SegmentedRaftLogWorker close()
2019-09-24 18:19:38,509 [main] INFO  impl.RaftServerImpl (RaftServerImpl.java:lambda$shutdown$3(251)) - 56d3d73d-28bb-4c7c-9d35-99456f3549be@group-CCB3303368FC: shutdown
2019-09-24 18:19:38,509 [main] INFO  util.JmxRegister (JmxRegister.java:unregister(73)) - Successfully un-registered JMX Bean with object name Ratis:service=RaftServer,group=group-CCB3303368FC,id=56d3d73d-28bb-4c7c-9d35-99456f3549be
2019-09-24 18:19:38,510 [main] INFO  impl.RoleInfo (RoleInfo.java:shutdownLeaderState(104)) - 56d3d73d-28bb-4c7c-9d35-99456f3549be: shutdown LeaderState
2019-09-24 18:19:38,514 [main] INFO  impl.PendingRequests (PendingRequests.java:sendNotLeaderResponses(202)) - 56d3d73d-28bb-4c7c-9d35-99456f3549be-PendingRequests: sendNotLeaderResponses
2019-09-24 18:19:38,518 [ForkJoinPool.commonPool-worker-1] INFO  ozoneimpl.OzoneContainer (OzoneContainer.java:stop(231)) - Attempting to stop container services.
2019-09-24 18:19:38,518 [main] INFO  impl.StateMachineUpdater (StateMachineUpdater.java:stopAndJoin(125)) - 56d3d73d-28bb-4c7c-9d35-99456f3549be@group-CCB3303368FC-StateMachineUpdater: set stopIndex = 0
2019-09-24 18:19:38,519 [main] INFO  impl.RaftServerImpl (ServerState.java:close(385)) - 56d3d73d-28bb-4c7c-9d35-99456f3549be@group-CCB3303368FC: closes. applyIndex: 0
2019-09-24 18:19:38,518 [org.apache.ratis.server.impl.LogAppender$AppenderDaemon$$Lambda$465/680203999@72ffc4b0] WARN  server.GrpcLogAppender (GrpcLogAppender.java:mayWait(143)) - 56d3d73d-28bb-4c7c-9d35-99456f3549be@group-CCB3303368FC->1ef4a0bb-4a8c-4224-99dc-5dce18d8d28c-GrpcLogAppender: Wait interrupted by java.lang.InterruptedException
2019-09-24 18:19:38,518 [org.apache.ratis.server.impl.LogAppender$AppenderDaemon$$Lambda$465/680203999@39a45507] WARN  server.GrpcLogAppender (GrpcLogAppender.java:mayWait(143)) - 56d3d73d-28bb-4c7c-9d35-99456f3549be@group-CCB3303368FC->2135d647-a495-482b-8bc4-ca4f8b4fdafb-GrpcLogAppender: Wait interrupted by java.lang.InterruptedException
2019-09-24 18:19:38,519 [56d3d73d-28bb-4c7c-9d35-99456f3549be@group-CCB3303368FC-SegmentedRaftLogWorker] INFO  segmented.SegmentedRaftLogWorker (SegmentedRaftLogWorker.java:run(313)) - 56d3d73d-28bb-4c7c-9d35-99456f3549be@group-CCB3303368FC-SegmentedRaftLogWorker was interrupted, exiting. There are 0 tasks remaining in the queue.
2019-09-24 18:19:38,518 [ForkJoinPool.commonPool-worker-1] INFO  impl.RaftServerProxy (RaftServerProxy.java:lambda$close$4(314)) - 2135d647-a495-482b-8bc4-ca4f8b4fdafb: close
2019-09-24 18:19:38,523 [main] INFO  segmented.SegmentedRaftLogWorker (SegmentedRaftLogWorker.java:close(228)) - 56d3d73d-28bb-4c7c-9d35-99456f3549be@group-CCB3303368FC-SegmentedRaftLogWorker close()
2019-09-24 18:19:38,523 [ForkJoinPool.commonPool-worker-1] INFO  impl.RaftServerImpl (RaftServerImpl.java:lambda$shutdown$3(251)) - 2135d647-a495-482b-8bc4-ca4f8b4fdafb@group-C63832CD55DC: shutdown
2019-09-24 18:19:38,528 [main] INFO  impl.RaftServerImpl (RaftServerImpl.java:lambda$shutdown$3(251)) - 56d3d73d-28bb-4c7c-9d35-99456f3549be@group-14BF59FD49FA: shutdown
2019-09-24 18:19:38,529 [grpc-default-executor-0] INFO  server.GrpcServerProtocolService (GrpcServerProtocolService.java:onCompleted(113)) - 2135d647-a495-482b-8bc4-ca4f8b4fdafb: Completed APPEND_ENTRIES, lastRequest: 56d3d73d-28bb-4c7c-9d35-99456f3549be->2135d647-a495-482b-8bc4-ca4f8b4fdafb#19-t3, previous=(t:3, i:0), leaderCommit=0, initializing? false, entries: <empty>
2019-09-24 18:19:38,529 [ForkJoinPool.commonPool-worker-1] INFO  util.JmxRegister (JmxRegister.java:unregister(73)) - Successfully un-registered JMX Bean with object name Ratis:service=RaftServer,group=group-C63832CD55DC,id=2135d647-a495-482b-8bc4-ca4f8b4fdafb
2019-09-24 18:19:38,530 [ForkJoinPool.commonPool-worker-1] INFO  impl.RoleInfo (RoleInfo.java:shutdownLeaderElection(134)) - 2135d647-a495-482b-8bc4-ca4f8b4fdafb: shutdown LeaderElection
2019-09-24 18:19:38,529 [main] INFO  util.JmxRegister (JmxRegister.java:unregister(73)) - Successfully un-registered JMX Bean with object name Ratis:service=RaftServer,group=group-14BF59FD49FA,id=56d3d73d-28bb-4c7c-9d35-99456f3549be
2019-09-24 18:19:38,530 [ForkJoinPool.commonPool-worker-1] INFO  impl.StateMachineUpdater (StateMachineUpdater.java:stopAndJoin(125)) - 2135d647-a495-482b-8bc4-ca4f8b4fdafb@group-C63832CD55DC-StateMachineUpdater: set stopIndex = -1
2019-09-24 18:19:38,531 [grpc-default-executor-0] INFO  server.GrpcLogAppender (GrpcLogAppender.java:onCompleted(293)) - 56d3d73d-28bb-4c7c-9d35-99456f3549be@group-CCB3303368FC->2135d647-a495-482b-8bc4-ca4f8b4fdafb-AppendLogResponseHandler: follower responses appendEntries COMPLETED
2019-09-24 18:19:38,530 [main] INFO  impl.RoleInfo (RoleInfo.java:shutdownLeaderElection(134)) - 56d3d73d-28bb-4c7c-9d35-99456f3549be: shutdown LeaderElection
2019-09-24 18:19:38,533 [grpc-default-executor-0] INFO  impl.FollowerInfo (FollowerInfo.java:lambda$new$0(51)) - 56d3d73d-28bb-4c7c-9d35-99456f3549be@group-CCB3303368FC->2135d647-a495-482b-8bc4-ca4f8b4fdafb: nextIndex: updateUnconditionally 1 -> 0
2019-09-24 18:19:38,531 [ForkJoinPool.commonPool-worker-1] INFO  impl.RaftServerImpl (ServerState.java:close(385)) - 2135d647-a495-482b-8bc4-ca4f8b4fdafb@group-C63832CD55DC: closes. applyIndex: -1
2019-09-24 18:19:38,533 [main] INFO  impl.StateMachineUpdater (StateMachineUpdater.java:stopAndJoin(125)) - 56d3d73d-28bb-4c7c-9d35-99456f3549be@group-14BF59FD49FA-StateMachineUpdater: set stopIndex = -1
2019-09-24 18:19:38,534 [2135d647-a495-482b-8bc4-ca4f8b4fdafb@group-C63832CD55DC-SegmentedRaftLogWorker] INFO  segmented.SegmentedRaftLogWorker (SegmentedRaftLogWorker.java:run(313)) - 2135d647-a495-482b-8bc4-ca4f8b4fdafb@group-C63832CD55DC-SegmentedRaftLogWorker was interrupted, exiting. There are 0 tasks remaining in the queue.
2019-09-24 18:19:38,534 [main] INFO  impl.RaftServerImpl (ServerState.java:close(385)) - 56d3d73d-28bb-4c7c-9d35-99456f3549be@group-14BF59FD49FA: closes. applyIndex: -1
2019-09-24 18:19:38,535 [ForkJoinPool.commonPool-worker-1] INFO  segmented.SegmentedRaftLogWorker (SegmentedRaftLogWorker.java:close(228)) - 2135d647-a495-482b-8bc4-ca4f8b4fdafb@group-C63832CD55DC-SegmentedRaftLogWorker close()
2019-09-24 18:19:38,535 [56d3d73d-28bb-4c7c-9d35-99456f3549be@group-14BF59FD49FA-SegmentedRaftLogWorker] INFO  segmented.SegmentedRaftLogWorker (SegmentedRaftLogWorker.java:run(313)) - 56d3d73d-28bb-4c7c-9d35-99456f3549be@group-14BF59FD49FA-SegmentedRaftLogWorker was interrupted, exiting. There are 0 tasks remaining in the queue.
2019-09-24 18:19:38,540 [ForkJoinPool.commonPool-worker-1] INFO  impl.RaftServerImpl (RaftServerImpl.java:lambda$shutdown$3(251)) - 2135d647-a495-482b-8bc4-ca4f8b4fdafb@group-3C3A4009C5E3: shutdown
2019-09-24 18:19:38,540 [main] INFO  segmented.SegmentedRaftLogWorker (SegmentedRaftLogWorker.java:close(228)) - 56d3d73d-28bb-4c7c-9d35-99456f3549be@group-14BF59FD49FA-SegmentedRaftLogWorker close()
2019-09-24 18:19:38,540 [ForkJoinPool.commonPool-worker-1] INFO  util.JmxRegister (JmxRegister.java:unregister(73)) - Successfully un-registered JMX Bean with object name Ratis:service=RaftServer,group=group-3C3A4009C5E3,id=2135d647-a495-482b-8bc4-ca4f8b4fdafb
2019-09-24 18:19:38,544 [main] INFO  server.GrpcService (GrpcService.java:closeImpl(164)) - 56d3d73d-28bb-4c7c-9d35-99456f3549be: shutdown server with port 34646 now
2019-09-24 18:19:38,544 [ForkJoinPool.commonPool-worker-1] INFO  impl.RoleInfo (RoleInfo.java:shutdownLeaderElection(134)) - 2135d647-a495-482b-8bc4-ca4f8b4fdafb: shutdown LeaderElection
2019-09-24 18:19:38,545 [ForkJoinPool.commonPool-worker-1] INFO  impl.StateMachineUpdater (StateMachineUpdater.java:stopAndJoin(125)) - 2135d647-a495-482b-8bc4-ca4f8b4fdafb@group-3C3A4009C5E3-StateMachineUpdater: set stopIndex = -1
2019-09-24 18:19:38,545 [ForkJoinPool.commonPool-worker-1] INFO  impl.RaftServerImpl (ServerState.java:close(385)) - 2135d647-a495-482b-8bc4-ca4f8b4fdafb@group-3C3A4009C5E3: closes. applyIndex: -1
2019-09-24 18:19:38,545 [main] INFO  server.GrpcService (GrpcService.java:closeImpl(172)) - 56d3d73d-28bb-4c7c-9d35-99456f3549be: shutdown server with port 34646 successfully
2019-09-24 18:19:38,546 [2135d647-a495-482b-8bc4-ca4f8b4fdafb@group-3C3A4009C5E3-SegmentedRaftLogWorker] INFO  segmented.SegmentedRaftLogWorker (SegmentedRaftLogWorker.java:run(313)) - 2135d647-a495-482b-8bc4-ca4f8b4fdafb@group-3C3A4009C5E3-SegmentedRaftLogWorker was interrupted, exiting. There are 0 tasks remaining in the queue.
2019-09-24 18:19:38,546 [ForkJoinPool.commonPool-worker-1] INFO  segmented.SegmentedRaftLogWorker (SegmentedRaftLogWorker.java:close(228)) - 2135d647-a495-482b-8bc4-ca4f8b4fdafb@group-3C3A4009C5E3-SegmentedRaftLogWorker close()
2019-09-24 18:19:38,551 [ForkJoinPool.commonPool-worker-1] INFO  impl.RaftServerImpl (RaftServerImpl.java:lambda$shutdown$3(251)) - 2135d647-a495-482b-8bc4-ca4f8b4fdafb@group-CCB3303368FC: shutdown
2019-09-24 18:19:38,552 [ForkJoinPool.commonPool-worker-1] INFO  util.JmxRegister (JmxRegister.java:unregister(73)) - Successfully un-registered JMX Bean with object name Ratis:service=RaftServer,group=group-CCB3303368FC,id=2135d647-a495-482b-8bc4-ca4f8b4fdafb
2019-09-24 18:19:38,552 [ForkJoinPool.commonPool-worker-1] INFO  impl.RoleInfo (RoleInfo.java:shutdownFollowerState(121)) - 2135d647-a495-482b-8bc4-ca4f8b4fdafb: shutdown FollowerState
2019-09-24 18:19:38,552 [ForkJoinPool.commonPool-worker-1] INFO  impl.StateMachineUpdater (StateMachineUpdater.java:stopAndJoin(125)) - 2135d647-a495-482b-8bc4-ca4f8b4fdafb@group-CCB3303368FC-StateMachineUpdater: set stopIndex = 0
2019-09-24 18:19:38,552 [Thread-345] INFO  impl.FollowerState (FollowerState.java:run(115)) - 2135d647-a495-482b-8bc4-ca4f8b4fdafb: FollowerState was interrupted: java.lang.InterruptedException: sleep interrupted
2019-09-24 18:19:38,553 [ForkJoinPool.commonPool-worker-1] INFO  impl.RaftServerImpl (ServerState.java:close(385)) - 2135d647-a495-482b-8bc4-ca4f8b4fdafb@group-CCB3303368FC: closes. applyIndex: 0
2019-09-24 18:19:38,553 [2135d647-a495-482b-8bc4-ca4f8b4fdafb@group-CCB3303368FC-SegmentedRaftLogWorker] INFO  segmented.SegmentedRaftLogWorker (SegmentedRaftLogWorker.java:run(313)) - 2135d647-a495-482b-8bc4-ca4f8b4fdafb@group-CCB3303368FC-SegmentedRaftLogWorker was interrupted, exiting. There are 0 tasks remaining in the queue.
2019-09-24 18:19:38,555 [ForkJoinPool.commonPool-worker-1] INFO  segmented.SegmentedRaftLogWorker (SegmentedRaftLogWorker.java:close(228)) - 2135d647-a495-482b-8bc4-ca4f8b4fdafb@group-CCB3303368FC-SegmentedRaftLogWorker close()
2019-09-24 18:19:38,559 [ForkJoinPool.commonPool-worker-1] INFO  impl.RaftServerImpl (RaftServerImpl.java:lambda$shutdown$3(251)) - 2135d647-a495-482b-8bc4-ca4f8b4fdafb@group-14BF59FD49FA: shutdown
2019-09-24 18:19:38,559 [ForkJoinPool.commonPool-worker-1] INFO  util.JmxRegister (JmxRegister.java:unregister(73)) - Successfully un-registered JMX Bean with object name Ratis:service=RaftServer,group=group-14BF59FD49FA,id=2135d647-a495-482b-8bc4-ca4f8b4fdafb
2019-09-24 18:19:38,560 [ForkJoinPool.commonPool-worker-1] INFO  impl.RoleInfo (RoleInfo.java:shutdownLeaderElection(134)) - 2135d647-a495-482b-8bc4-ca4f8b4fdafb: shutdown LeaderElection
2019-09-24 18:19:38,560 [ForkJoinPool.commonPool-worker-1] INFO  impl.StateMachineUpdater (StateMachineUpdater.java:stopAndJoin(125)) - 2135d647-a495-482b-8bc4-ca4f8b4fdafb@group-14BF59FD49FA-StateMachineUpdater: set stopIndex = -1
2019-09-24 18:19:38,560 [ForkJoinPool.commonPool-worker-1] INFO  impl.RaftServerImpl (ServerState.java:close(385)) - 2135d647-a495-482b-8bc4-ca4f8b4fdafb@group-14BF59FD49FA: closes. applyIndex: -1
2019-09-24 18:19:38,561 [2135d647-a495-482b-8bc4-ca4f8b4fdafb@group-14BF59FD49FA-SegmentedRaftLogWorker] INFO  segmented.SegmentedRaftLogWorker (SegmentedRaftLogWorker.java:run(313)) - 2135d647-a495-482b-8bc4-ca4f8b4fdafb@group-14BF59FD49FA-SegmentedRaftLogWorker was interrupted, exiting. There are 0 tasks remaining in the queue.
2019-09-24 18:19:38,561 [ForkJoinPool.commonPool-worker-1] INFO  segmented.SegmentedRaftLogWorker (SegmentedRaftLogWorker.java:close(228)) - 2135d647-a495-482b-8bc4-ca4f8b4fdafb@group-14BF59FD49FA-SegmentedRaftLogWorker close()
2019-09-24 18:19:38,564 [ForkJoinPool.commonPool-worker-1] INFO  server.GrpcService (GrpcService.java:closeImpl(164)) - 2135d647-a495-482b-8bc4-ca4f8b4fdafb: shutdown server with port 46711 now
2019-09-24 18:19:38,565 [ForkJoinPool.commonPool-worker-1] INFO  server.GrpcService (GrpcService.java:closeImpl(172)) - 2135d647-a495-482b-8bc4-ca4f8b4fdafb: shutdown server with port 46711 successfully
2019-09-24 18:19:38,566 [refreshUsed-/workdir/hadoop-ozone/integration-test/target/test-dir/MiniOzoneClusterImpl-9a157790-03e5-4da0-a236-db4a40193cb2/datanode-3/data/containers] WARN  fs.CachingGetSpaceUsed (CachingGetSpaceUsed.java:run(183)) - Thread Interrupted waiting to refresh disk information: sleep interrupted
2019-09-24 18:19:38,570 [refreshUsed-/workdir/hadoop-ozone/integration-test/target/test-dir/MiniOzoneClusterImpl-9a157790-03e5-4da0-a236-db4a40193cb2/datanode-6/data/containers] WARN  fs.CachingGetSpaceUsed (CachingGetSpaceUsed.java:run(183)) - Thread Interrupted waiting to refresh disk information: sleep interrupted
2019-09-24 18:19:38,594 [main] INFO  utils.BackgroundService (BackgroundService.java:shutdown(148)) - Shutting down service BlockDeletingService
2019-09-24 18:19:38,606 [main] INFO  statemachine.DatanodeStateMachine (DatanodeStateMachine.java:stopDaemon(395)) - Ozone container server stopped.
2019-09-24 18:19:38,607 [main] INFO  handler.ContextHandler (ContextHandler.java:doStop(910)) - Stopped o.e.j.w.WebAppContext@625dfff3{/,null,UNAVAILABLE}{/hddsDatanode}
2019-09-24 18:19:38,608 [main] INFO  server.AbstractConnector (AbstractConnector.java:doStop(318)) - Stopped ServerConnector@26350ea2{HTTP/1.1,[http/1.1]}{0.0.0.0:0}
2019-09-24 18:19:38,608 [main] INFO  handler.ContextHandler (ContextHandler.java:doStop(910)) - Stopped o.e.j.s.ServletContextHandler@7c8c70d6{/static,jar:file:/home/user/.m2/repository/org/apache/hadoop/hadoop-hdds-container-service/0.5.0-SNAPSHOT/hadoop-hdds-container-service-0.5.0-SNAPSHOT.jar!/webapps/static,UNAVAILABLE}
2019-09-24 18:19:38,609 [main] INFO  handler.ContextHandler (ContextHandler.java:doStop(910)) - Stopped o.e.j.s.ServletContextHandler@34780cd9{/logs,file:///workdir/hadoop-ozone/integration-test/target/log,UNAVAILABLE}
2019-09-24 18:19:38,610 [ForkJoinPool.commonPool-worker-1] INFO  utils.BackgroundService (BackgroundService.java:shutdown(148)) - Shutting down service BlockDeletingService
2019-09-24 18:19:38,615 [ForkJoinPool.commonPool-worker-1] INFO  statemachine.DatanodeStateMachine (DatanodeStateMachine.java:stopDaemon(395)) - Ozone container server stopped.
2019-09-24 18:19:38,620 [ForkJoinPool.commonPool-worker-1] INFO  handler.ContextHandler (ContextHandler.java:doStop(910)) - Stopped o.e.j.w.WebAppContext@38eb0f4d{/,null,UNAVAILABLE}{/hddsDatanode}
2019-09-24 18:19:38,621 [ForkJoinPool.commonPool-worker-1] INFO  server.AbstractConnector (AbstractConnector.java:doStop(318)) - Stopped ServerConnector@437486cd{HTTP/1.1,[http/1.1]}{0.0.0.0:0}
2019-09-24 18:19:38,623 [ForkJoinPool.commonPool-worker-1] INFO  handler.ContextHandler (ContextHandler.java:doStop(910)) - Stopped o.e.j.s.ServletContextHandler@97d0c06{/static,jar:file:/home/user/.m2/repository/org/apache/hadoop/hadoop-hdds-container-service/0.5.0-SNAPSHOT/hadoop-hdds-container-service-0.5.0-SNAPSHOT.jar!/webapps/static,UNAVAILABLE}
2019-09-24 18:19:38,624 [ForkJoinPool.commonPool-worker-1] INFO  handler.ContextHandler (ContextHandler.java:doStop(910)) - Stopped o.e.j.s.ServletContextHandler@41eb94bc{/logs,file:///workdir/hadoop-ozone/integration-test/target/log,UNAVAILABLE}
2019-09-24 18:19:38,976 [Datanode State Machine Thread - 0] INFO  statemachine.DatanodeStateMachine (DatanodeStateMachine.java:lambda$startDaemon$0(350)) - Ozone container server started.
2019-09-24 18:19:39,596 [2135d647-a495-482b-8bc4-ca4f8b4fdafb@group-14BF59FD49FA:LeaderElection26] INFO  impl.LeaderElection (LeaderElection.java:askForVotes(182)) - 2135d647-a495-482b-8bc4-ca4f8b4fdafb@group-14BF59FD49FA:LeaderElection26: begin an election at term 3 for -1: [1ef4a0bb-4a8c-4224-99dc-5dce18d8d28c:192.168.36.84:36426, 56d3d73d-28bb-4c7c-9d35-99456f3549be:192.168.36.84:34646, 2135d647-a495-482b-8bc4-ca4f8b4fdafb:192.168.36.84:46711], old=null
2019-09-24 18:19:39,596 [2135d647-a495-482b-8bc4-ca4f8b4fdafb@group-3C3A4009C5E3:LeaderElection24] INFO  impl.LeaderElection (LeaderElection.java:askForVotes(182)) - 2135d647-a495-482b-8bc4-ca4f8b4fdafb@group-3C3A4009C5E3:LeaderElection24: begin an election at term 3 for -1: [1ef4a0bb-4a8c-4224-99dc-5dce18d8d28c:192.168.36.84:36426, 56d3d73d-28bb-4c7c-9d35-99456f3549be:192.168.36.84:34646, 2135d647-a495-482b-8bc4-ca4f8b4fdafb:192.168.36.84:46711], old=null
2019-09-24 18:19:39,596 [56d3d73d-28bb-4c7c-9d35-99456f3549be@group-C63832CD55DC:LeaderElection25] INFO  impl.LeaderElection (LeaderElection.java:askForVotes(182)) - 56d3d73d-28bb-4c7c-9d35-99456f3549be@group-C63832CD55DC:LeaderElection25: begin an election at term 3 for -1: [1ef4a0bb-4a8c-4224-99dc-5dce18d8d28c:192.168.36.84:36426, 56d3d73d-28bb-4c7c-9d35-99456f3549be:192.168.36.84:34646, 2135d647-a495-482b-8bc4-ca4f8b4fdafb:192.168.36.84:46711], old=null
2019-09-24 18:19:39,597 [2135d647-a495-482b-8bc4-ca4f8b4fdafb@group-3C3A4009C5E3:LeaderElection24] INFO  impl.LeaderElection (LogUtils.java:infoOrTrace(149)) - Failed 2135d647-a495-482b-8bc4-ca4f8b4fdafb@group-3C3A4009C5E3:LeaderElection24, state=CLOSING: {}
java.lang.IllegalArgumentException: 2135d647-a495-482b-8bc4-ca4f8b4fdafb@group-3C3A4009C5E3-SegmentedRaftLog is expected to be opened but it is CLOSED
	at org.apache.ratis.util.OpenCloseState.assertOpen(OpenCloseState.java:63)
	at org.apache.ratis.server.raftlog.RaftLog.checkLogState(RaftLog.java:102)
	at org.apache.ratis.server.raftlog.segmented.SegmentedRaftLog.getLastEntryTermIndex(SegmentedRaftLog.java:324)
	at org.apache.ratis.server.impl.LeaderElection.askForVotes(LeaderElection.java:184)
	at org.apache.ratis.server.impl.LeaderElection.run(LeaderElection.java:133)
	at java.lang.Thread.run(Thread.java:748)
Caused by: org.apache.ratis.util.OpenCloseState$CloseTrace: Close 2135d647-a495-482b-8bc4-ca4f8b4fdafb@group-3C3A4009C5E3-SegmentedRaftLog
	at org.apache.ratis.util.OpenCloseState.lambda$close$1(OpenCloseState.java:109)
	at java.util.concurrent.atomic.AtomicReference.getAndUpdate(AtomicReference.java:160)
	at org.apache.ratis.util.OpenCloseState.close(OpenCloseState.java:109)
	at org.apache.ratis.server.raftlog.RaftLog.close(RaftLog.java:437)
	at org.apache.ratis.server.raftlog.segmented.SegmentedRaftLog.close(SegmentedRaftLog.java:476)
	at org.apache.ratis.server.impl.ServerState.close(ServerState.java:387)
	at org.apache.ratis.server.impl.RaftServerImpl.lambda$shutdown$3(RaftServerImpl.java:273)
	at org.apache.ratis.util.LifeCycle.lambda$checkStateAndClose$2(LifeCycle.java:231)
	at org.apache.ratis.util.LifeCycle.checkStateAndClose(LifeCycle.java:251)
	at org.apache.ratis.util.LifeCycle.checkStateAndClose(LifeCycle.java:229)
	at org.apache.ratis.server.impl.RaftServerImpl.shutdown(RaftServerImpl.java:250)
	at org.apache.ratis.server.impl.RaftServerProxy$ImplMap.lambda$close$0(RaftServerProxy.java:107)
	at java.util.stream.ForEachOps$ForEachOp$OfRef.accept(ForEachOps.java:184)
	at java.util.stream.ReferencePipeline$3$1.accept(ReferencePipeline.java:193)
	at java.util.concurrent.ConcurrentHashMap$ValueSpliterator.forEachRemaining(ConcurrentHashMap.java:3566)
	at java.util.stream.AbstractPipeline.copyInto(AbstractPipeline.java:482)
	at java.util.stream.ForEachOps$ForEachTask.compute(ForEachOps.java:291)
	at java.util.concurrent.CountedCompleter.exec(CountedCompleter.java:731)
	at java.util.concurrent.ForkJoinTask.doExec(ForkJoinTask.java:289)
	at java.util.concurrent.ForkJoinTask.doInvoke(ForkJoinTask.java:401)
	at java.util.concurrent.ForkJoinTask.invoke(ForkJoinTask.java:734)
	at java.util.stream.ForEachOps$ForEachOp.evaluateParallel(ForEachOps.java:160)
	at java.util.stream.ForEachOps$ForEachOp$OfRef.evaluateParallel(ForEachOps.java:174)
	at java.util.stream.AbstractPipeline.evaluate(AbstractPipeline.java:233)
	at java.util.stream.ReferencePipeline.forEach(ReferencePipeline.java:418)
	at org.apache.ratis.server.impl.RaftServerProxy$ImplMap.close(RaftServerProxy.java:107)
	at org.apache.ratis.server.impl.RaftServerProxy.lambda$close$4(RaftServerProxy.java:315)
	at org.apache.ratis.util.LifeCycle.lambda$checkStateAndClose$2(LifeCycle.java:231)
	at org.apache.ratis.util.LifeCycle.checkStateAndClose(LifeCycle.java:251)
	at org.apache.ratis.util.LifeCycle.checkStateAndClose(LifeCycle.java:229)
	at org.apache.ratis.server.impl.RaftServerProxy.close(RaftServerProxy.java:313)
	at org.apache.hadoop.ozone.container.common.transport.server.ratis.XceiverServerRatis.stop(XceiverServerRatis.java:441)
	at org.apache.hadoop.ozone.container.ozoneimpl.OzoneContainer.stop(OzoneContainer.java:233)
	at org.apache.hadoop.ozone.container.common.statemachine.DatanodeStateMachine.close(DatanodeStateMachine.java:270)
	at org.apache.hadoop.ozone.container.common.statemachine.DatanodeStateMachine.stopDaemon(DatanodeStateMachine.java:394)
	at org.apache.hadoop.ozone.HddsDatanodeService.stop(HddsDatanodeService.java:457)
	at org.apache.hadoop.ozone.MiniOzoneClusterImpl.stopDatanode(MiniOzoneClusterImpl.java:385)
	at java.util.stream.ForEachOps$ForEachOp$OfRef.accept(ForEachOps.java:184)
	at java.util.ArrayList$ArrayListSpliterator.forEachRemaining(ArrayList.java:1382)
	at java.util.stream.AbstractPipeline.copyInto(AbstractPipeline.java:482)
	at java.util.stream.ForEachOps$ForEachTask.compute(ForEachOps.java:291)
	at java.util.concurrent.CountedCompleter.exec(CountedCompleter.java:731)
	at java.util.concurrent.ForkJoinTask.doExec(ForkJoinTask.java:289)
	at java.util.concurrent.ForkJoinPool$WorkQueue.execLocalTasks(ForkJoinPool.java:1040)
	at java.util.concurrent.ForkJoinPool$WorkQueue.runTask(ForkJoinPool.java:1058)
	at java.util.concurrent.ForkJoinPool.runWorker(ForkJoinPool.java:1692)
	at java.util.concurrent.ForkJoinWorkerThread.run(ForkJoinWorkerThread.java:157)
2019-09-24 18:19:39,602 [2135d647-a495-482b-8bc4-ca4f8b4fdafb@group-3C3A4009C5E3:LeaderElection24] INFO  impl.LeaderElection (LeaderElection.java:run(140)) - 2135d647-a495-482b-8bc4-ca4f8b4fdafb@group-3C3A4009C5E3:LeaderElection24: IllegalArgumentException is safely ignored since this is already CLOSING
2019-09-24 18:19:39,596 [2135d647-a495-482b-8bc4-ca4f8b4fdafb@group-14BF59FD49FA:LeaderElection26] INFO  impl.LeaderElection (LogUtils.java:infoOrTrace(149)) - Failed 2135d647-a495-482b-8bc4-ca4f8b4fdafb@group-14BF59FD49FA:LeaderElection26, state=CLOSING: {}
java.lang.IllegalArgumentException: 2135d647-a495-482b-8bc4-ca4f8b4fdafb@group-14BF59FD49FA-SegmentedRaftLog is expected to be opened but it is CLOSED
	at org.apache.ratis.util.OpenCloseState.assertOpen(OpenCloseState.java:63)
	at org.apache.ratis.server.raftlog.RaftLog.checkLogState(RaftLog.java:102)
	at org.apache.ratis.server.raftlog.segmented.SegmentedRaftLog.getLastEntryTermIndex(SegmentedRaftLog.java:324)
	at org.apache.ratis.server.impl.LeaderElection.askForVotes(LeaderElection.java:184)
	at org.apache.ratis.server.impl.LeaderElection.run(LeaderElection.java:133)
	at java.lang.Thread.run(Thread.java:748)
Caused by: org.apache.ratis.util.OpenCloseState$CloseTrace: Close 2135d647-a495-482b-8bc4-ca4f8b4fdafb@group-14BF59FD49FA-SegmentedRaftLog
	at org.apache.ratis.util.OpenCloseState.lambda$close$1(OpenCloseState.java:109)
	at java.util.concurrent.atomic.AtomicReference.getAndUpdate(AtomicReference.java:160)
	at org.apache.ratis.util.OpenCloseState.close(OpenCloseState.java:109)
	at org.apache.ratis.server.raftlog.RaftLog.close(RaftLog.java:437)
	at org.apache.ratis.server.raftlog.segmented.SegmentedRaftLog.close(SegmentedRaftLog.java:476)
	at org.apache.ratis.server.impl.ServerState.close(ServerState.java:387)
	at org.apache.ratis.server.impl.RaftServerImpl.lambda$shutdown$3(RaftServerImpl.java:273)
	at org.apache.ratis.util.LifeCycle.lambda$checkStateAndClose$2(LifeCycle.java:231)
	at org.apache.ratis.util.LifeCycle.checkStateAndClose(LifeCycle.java:251)
	at org.apache.ratis.util.LifeCycle.checkStateAndClose(LifeCycle.java:229)
	at org.apache.ratis.server.impl.RaftServerImpl.shutdown(RaftServerImpl.java:250)
	at org.apache.ratis.server.impl.RaftServerProxy$ImplMap.lambda$close$0(RaftServerProxy.java:107)
	at java.util.stream.ForEachOps$ForEachOp$OfRef.accept(ForEachOps.java:184)
	at java.util.stream.ReferencePipeline$3$1.accept(ReferencePipeline.java:193)
	at java.util.concurrent.ConcurrentHashMap$ValueSpliterator.forEachRemaining(ConcurrentHashMap.java:3566)
	at java.util.stream.AbstractPipeline.copyInto(AbstractPipeline.java:482)
	at java.util.stream.ForEachOps$ForEachTask.compute(ForEachOps.java:291)
	at java.util.concurrent.CountedCompleter.exec(CountedCompleter.java:731)
	at java.util.concurrent.ForkJoinTask.doExec(ForkJoinTask.java:289)
	at java.util.concurrent.ForkJoinPool.helpComplete(ForkJoinPool.java:1870)
	at java.util.concurrent.ForkJoinPool.awaitJoin(ForkJoinPool.java:2045)
	at java.util.concurrent.ForkJoinTask.doInvoke(ForkJoinTask.java:404)
	at java.util.concurrent.ForkJoinTask.invoke(ForkJoinTask.java:734)
	at java.util.stream.ForEachOps$ForEachOp.evaluateParallel(ForEachOps.java:160)
	at java.util.stream.ForEachOps$ForEachOp$OfRef.evaluateParallel(ForEachOps.java:174)
	at java.util.stream.AbstractPipeline.evaluate(AbstractPipeline.java:233)
	at java.util.stream.ReferencePipeline.forEach(ReferencePipeline.java:418)
	at org.apache.ratis.server.impl.RaftServerProxy$ImplMap.close(RaftServerProxy.java:107)
	at org.apache.ratis.server.impl.RaftServerProxy.lambda$close$4(RaftServerProxy.java:315)
	at org.apache.ratis.util.LifeCycle.lambda$checkStateAndClose$2(LifeCycle.java:231)
	at org.apache.ratis.util.LifeCycle.checkStateAndClose(LifeCycle.java:251)
	at org.apache.ratis.util.LifeCycle.checkStateAndClose(LifeCycle.java:229)
	at org.apache.ratis.server.impl.RaftServerProxy.close(RaftServerProxy.java:313)
	at org.apache.hadoop.ozone.container.common.transport.server.ratis.XceiverServerRatis.stop(XceiverServerRatis.java:441)
	at org.apache.hadoop.ozone.container.ozoneimpl.OzoneContainer.stop(OzoneContainer.java:233)
	at org.apache.hadoop.ozone.container.common.statemachine.DatanodeStateMachine.close(DatanodeStateMachine.java:270)
	at org.apache.hadoop.ozone.container.common.statemachine.DatanodeStateMachine.stopDaemon(DatanodeStateMachine.java:394)
	at org.apache.hadoop.ozone.HddsDatanodeService.stop(HddsDatanodeService.java:457)
	at org.apache.hadoop.ozone.MiniOzoneClusterImpl.stopDatanode(MiniOzoneClusterImpl.java:385)
	at java.util.stream.ForEachOps$ForEachOp$OfRef.accept(ForEachOps.java:184)
	at java.util.ArrayList$ArrayListSpliterator.forEachRemaining(ArrayList.java:1382)
	at java.util.stream.AbstractPipeline.copyInto(AbstractPipeline.java:482)
	at java.util.stream.ForEachOps$ForEachTask.compute(ForEachOps.java:291)
	at java.util.concurrent.CountedCompleter.exec(CountedCompleter.java:731)
	at java.util.concurrent.ForkJoinTask.doExec(ForkJoinTask.java:289)
	at java.util.concurrent.ForkJoinPool$WorkQueue.execLocalTasks(ForkJoinPool.java:1040)
	at java.util.concurrent.ForkJoinPool$WorkQueue.runTask(ForkJoinPool.java:1058)
	at java.util.concurrent.ForkJoinPool.runWorker(ForkJoinPool.java:1692)
	at java.util.concurrent.ForkJoinWorkerThread.run(ForkJoinWorkerThread.java:157)
2019-09-24 18:19:39,607 [2135d647-a495-482b-8bc4-ca4f8b4fdafb@group-14BF59FD49FA:LeaderElection26] INFO  impl.LeaderElection (LeaderElection.java:run(140)) - 2135d647-a495-482b-8bc4-ca4f8b4fdafb@group-14BF59FD49FA:LeaderElection26: IllegalArgumentException is safely ignored since this is already CLOSING
2019-09-24 18:19:39,597 [56d3d73d-28bb-4c7c-9d35-99456f3549be@group-C63832CD55DC:LeaderElection25] INFO  impl.LeaderElection (LogUtils.java:infoOrTrace(149)) - Failed 56d3d73d-28bb-4c7c-9d35-99456f3549be@group-C63832CD55DC:LeaderElection25, state=CLOSING: {}
java.lang.IllegalArgumentException: 56d3d73d-28bb-4c7c-9d35-99456f3549be@group-C63832CD55DC-SegmentedRaftLog is expected to be opened but it is CLOSED
	at org.apache.ratis.util.OpenCloseState.assertOpen(OpenCloseState.java:63)
	at org.apache.ratis.server.raftlog.RaftLog.checkLogState(RaftLog.java:102)
	at org.apache.ratis.server.raftlog.segmented.SegmentedRaftLog.getLastEntryTermIndex(SegmentedRaftLog.java:324)
	at org.apache.ratis.server.impl.LeaderElection.askForVotes(LeaderElection.java:184)
	at org.apache.ratis.server.impl.LeaderElection.run(LeaderElection.java:133)
	at java.lang.Thread.run(Thread.java:748)
Caused by: org.apache.ratis.util.OpenCloseState$CloseTrace: Close 56d3d73d-28bb-4c7c-9d35-99456f3549be@group-C63832CD55DC-SegmentedRaftLog
	at org.apache.ratis.util.OpenCloseState.lambda$close$1(OpenCloseState.java:109)
	at java.util.concurrent.atomic.AtomicReference.getAndUpdate(AtomicReference.java:160)
	at org.apache.ratis.util.OpenCloseState.close(OpenCloseState.java:109)
	at org.apache.ratis.server.raftlog.RaftLog.close(RaftLog.java:437)
	at org.apache.ratis.server.raftlog.segmented.SegmentedRaftLog.close(SegmentedRaftLog.java:476)
	at org.apache.ratis.server.impl.ServerState.close(ServerState.java:387)
	at org.apache.ratis.server.impl.RaftServerImpl.lambda$shutdown$3(RaftServerImpl.java:273)
	at org.apache.ratis.util.LifeCycle.lambda$checkStateAndClose$2(LifeCycle.java:231)
	at org.apache.ratis.util.LifeCycle.checkStateAndClose(LifeCycle.java:251)
	at org.apache.ratis.util.LifeCycle.checkStateAndClose(LifeCycle.java:229)
	at org.apache.ratis.server.impl.RaftServerImpl.shutdown(RaftServerImpl.java:250)
	at org.apache.ratis.server.impl.RaftServerProxy$ImplMap.lambda$close$0(RaftServerProxy.java:107)
	at java.util.stream.ForEachOps$ForEachOp$OfRef.accept(ForEachOps.java:184)
	at java.util.stream.ReferencePipeline$3$1.accept(ReferencePipeline.java:193)
	at java.util.concurrent.ConcurrentHashMap$ValueSpliterator.forEachRemaining(ConcurrentHashMap.java:3566)
	at java.util.stream.AbstractPipeline.copyInto(AbstractPipeline.java:482)
	at java.util.stream.ForEachOps$ForEachTask.compute(ForEachOps.java:291)
	at java.util.concurrent.CountedCompleter.exec(CountedCompleter.java:731)
	at java.util.concurrent.ForkJoinTask.doExec(ForkJoinTask.java:289)
	at java.util.concurrent.ForkJoinTask.doInvoke(ForkJoinTask.java:401)
	at java.util.concurrent.ForkJoinTask.invoke(ForkJoinTask.java:734)
	at java.util.stream.ForEachOps$ForEachOp.evaluateParallel(ForEachOps.java:160)
	at java.util.stream.ForEachOps$ForEachOp$OfRef.evaluateParallel(ForEachOps.java:174)
	at java.util.stream.AbstractPipeline.evaluate(AbstractPipeline.java:233)
	at java.util.stream.ReferencePipeline.forEach(ReferencePipeline.java:418)
	at org.apache.ratis.server.impl.RaftServerProxy$ImplMap.close(RaftServerProxy.java:107)
	at org.apache.ratis.server.impl.RaftServerProxy.lambda$close$4(RaftServerProxy.java:315)
	at org.apache.ratis.util.LifeCycle.lambda$checkStateAndClose$2(LifeCycle.java:231)
	at org.apache.ratis.util.LifeCycle.checkStateAndClose(LifeCycle.java:251)
	at org.apache.ratis.util.LifeCycle.checkStateAndClose(LifeCycle.java:229)
	at org.apache.ratis.server.impl.RaftServerProxy.close(RaftServerProxy.java:313)
	at org.apache.hadoop.ozone.container.common.transport.server.ratis.XceiverServerRatis.stop(XceiverServerRatis.java:441)
	at org.apache.hadoop.ozone.container.ozoneimpl.OzoneContainer.stop(OzoneContainer.java:233)
	at org.apache.hadoop.ozone.container.common.statemachine.DatanodeStateMachine.close(DatanodeStateMachine.java:270)
	at org.apache.hadoop.ozone.container.common.statemachine.DatanodeStateMachine.stopDaemon(DatanodeStateMachine.java:394)
	at org.apache.hadoop.ozone.HddsDatanodeService.stop(HddsDatanodeService.java:457)
	at org.apache.hadoop.ozone.MiniOzoneClusterImpl.stopDatanode(MiniOzoneClusterImpl.java:385)
	at java.util.stream.ForEachOps$ForEachOp$OfRef.accept(ForEachOps.java:184)
	at java.util.ArrayList$ArrayListSpliterator.forEachRemaining(ArrayList.java:1382)
	at java.util.stream.AbstractPipeline.copyInto(AbstractPipeline.java:482)
	at java.util.stream.ForEachOps$ForEachTask.compute(ForEachOps.java:291)
	at java.util.concurrent.CountedCompleter.exec(CountedCompleter.java:731)
	at java.util.concurrent.ForkJoinTask.doExec(ForkJoinTask.java:289)
	at java.util.concurrent.ForkJoinTask.doInvoke(ForkJoinTask.java:401)
	at java.util.concurrent.ForkJoinTask.invoke(ForkJoinTask.java:734)
	at java.util.stream.ForEachOps$ForEachOp.evaluateParallel(ForEachOps.java:160)
	at java.util.stream.ForEachOps$ForEachOp$OfRef.evaluateParallel(ForEachOps.java:174)
	at java.util.stream.AbstractPipeline.evaluate(AbstractPipeline.java:233)
	at java.util.stream.ReferencePipeline.forEach(ReferencePipeline.java:418)
	at java.util.stream.ReferencePipeline$Head.forEach(ReferencePipeline.java:583)
	at org.apache.hadoop.ozone.MiniOzoneClusterImpl.stopDatanodes(MiniOzoneClusterImpl.java:379)
	at org.apache.hadoop.ozone.MiniOzoneClusterImpl.stop(MiniOzoneClusterImpl.java:332)
	at org.apache.hadoop.ozone.MiniOzoneClusterImpl.shutdown(MiniOzoneClusterImpl.java:319)
	at org.apache.hadoop.ozone.client.rpc.TestMultiBlockWritesWithDnFailures.shutdown(TestMultiBlockWritesWithDnFailures.java:111)
	at sun.reflect.NativeMethodAccessorImpl.invoke0(Native Method)
	at sun.reflect.NativeMethodAccessorImpl.invoke(NativeMethodAccessorImpl.java:62)
	at sun.reflect.DelegatingMethodAccessorImpl.invoke(DelegatingMethodAccessorImpl.java:43)
	at java.lang.reflect.Method.invoke(Method.java:498)
	at org.junit.runners.model.FrameworkMethod$1.runReflectiveCall(FrameworkMethod.java:47)
	at org.junit.internal.runners.model.ReflectiveCallable.run(ReflectiveCallable.java:12)
	at org.junit.runners.model.FrameworkMethod.invokeExplosively(FrameworkMethod.java:44)
	at org.junit.internal.runners.statements.RunAfters.evaluate(RunAfters.java:33)
	at org.junit.runners.ParentRunner.runLeaf(ParentRunner.java:271)
	at org.junit.runners.BlockJUnit4ClassRunner.runChild(BlockJUnit4ClassRunner.java:70)
	at org.junit.runners.BlockJUnit4ClassRunner.runChild(BlockJUnit4ClassRunner.java:50)
	at org.junit.runners.ParentRunner$3.run(ParentRunner.java:238)
	at org.junit.runners.ParentRunner$1.schedule(ParentRunner.java:63)
	at org.junit.runners.ParentRunner.runChildren(ParentRunner.java:236)
	at org.junit.runners.ParentRunner.access$000(ParentRunner.java:53)
	at org.junit.runners.ParentRunner$2.evaluate(ParentRunner.java:229)
	at org.junit.runners.ParentRunner.run(ParentRunner.java:309)
	at org.apache.maven.surefire.junit4.JUnit4Provider.execute(JUnit4Provider.java:365)
	at org.apache.maven.surefire.junit4.JUnit4Provider.executeWithRerun(JUnit4Provider.java:273)
	at org.apache.maven.surefire.junit4.JUnit4Provider.executeTestSet(JUnit4Provider.java:238)
	at org.apache.maven.surefire.junit4.JUnit4Provider.invoke(JUnit4Provider.java:159)
	at org.apache.maven.surefire.booter.ForkedBooter.invokeProviderInSameClassLoader(ForkedBooter.java:384)
	at org.apache.maven.surefire.booter.ForkedBooter.runSuitesInProcess(ForkedBooter.java:345)
	at org.apache.maven.surefire.booter.ForkedBooter.execute(ForkedBooter.java:126)
	at org.apache.maven.surefire.booter.ForkedBooter.main(ForkedBooter.java:418)
2019-09-24 18:19:39,613 [56d3d73d-28bb-4c7c-9d35-99456f3549be@group-C63832CD55DC:LeaderElection25] INFO  impl.LeaderElection (LeaderElection.java:run(140)) - 56d3d73d-28bb-4c7c-9d35-99456f3549be@group-C63832CD55DC:LeaderElection25: IllegalArgumentException is safely ignored since this is already CLOSING
2019-09-24 18:19:43,611 [Datanode State Machine Thread - 0] INFO  statemachine.DatanodeStateMachine (DatanodeStateMachine.java:lambda$startDaemon$0(350)) - Ozone container server started.
2019-09-24 18:19:43,611 [main] INFO  ozoneimpl.OzoneContainer (OzoneContainer.java:stop(231)) - Attempting to stop container services.
2019-09-24 18:19:43,612 [main] INFO  impl.RaftServerProxy (RaftServerProxy.java:lambda$close$4(314)) - 8749a821-0dca-4b9f-b716-5afdda8e2a2e: close
2019-09-24 18:19:43,615 [main] INFO  server.GrpcService (GrpcService.java:closeImpl(164)) - 8749a821-0dca-4b9f-b716-5afdda8e2a2e: shutdown server with port 46686 now
2019-09-24 18:19:43,616 [main] INFO  server.GrpcService (GrpcService.java:closeImpl(172)) - 8749a821-0dca-4b9f-b716-5afdda8e2a2e: shutdown server with port 46686 successfully
2019-09-24 18:19:43,619 [refreshUsed-/workdir/hadoop-ozone/integration-test/target/test-dir/MiniOzoneClusterImpl-9a157790-03e5-4da0-a236-db4a40193cb2/datanode-8/data/containers] WARN  fs.CachingGetSpaceUsed (CachingGetSpaceUsed.java:run(183)) - Thread Interrupted waiting to refresh disk information: sleep interrupted
2019-09-24 18:19:43,627 [ForkJoinPool.commonPool-worker-1] INFO  ozoneimpl.OzoneContainer (OzoneContainer.java:stop(231)) - Attempting to stop container services.
2019-09-24 18:19:43,628 [ForkJoinPool.commonPool-worker-1] INFO  impl.RaftServerProxy (RaftServerProxy.java:lambda$close$4(314)) - 38e0012f-5ca7-41ed-bf40-b3f424e6c73c: close
2019-09-24 18:19:43,628 [ForkJoinPool.commonPool-worker-1] INFO  server.GrpcService (GrpcService.java:closeImpl(164)) - 38e0012f-5ca7-41ed-bf40-b3f424e6c73c: shutdown server with port 45551 now
2019-09-24 18:19:43,629 [ForkJoinPool.commonPool-worker-1] INFO  server.GrpcService (GrpcService.java:closeImpl(172)) - 38e0012f-5ca7-41ed-bf40-b3f424e6c73c: shutdown server with port 45551 successfully
2019-09-24 18:19:43,631 [refreshUsed-/workdir/hadoop-ozone/integration-test/target/test-dir/MiniOzoneClusterImpl-9a157790-03e5-4da0-a236-db4a40193cb2/datanode-4/data/containers] WARN  fs.CachingGetSpaceUsed (CachingGetSpaceUsed.java:run(183)) - Thread Interrupted waiting to refresh disk information: sleep interrupted
2019-09-24 18:19:43,648 [main] INFO  utils.BackgroundService (BackgroundService.java:shutdown(148)) - Shutting down service BlockDeletingService
2019-09-24 18:19:43,653 [main] INFO  statemachine.DatanodeStateMachine (DatanodeStateMachine.java:stopDaemon(395)) - Ozone container server stopped.
2019-09-24 18:19:43,655 [main] INFO  handler.ContextHandler (ContextHandler.java:doStop(910)) - Stopped o.e.j.w.WebAppContext@12704e15{/,null,UNAVAILABLE}{/hddsDatanode}
2019-09-24 18:19:43,656 [main] INFO  server.AbstractConnector (AbstractConnector.java:doStop(318)) - Stopped ServerConnector@512575e9{HTTP/1.1,[http/1.1]}{0.0.0.0:0}
2019-09-24 18:19:43,656 [main] INFO  handler.ContextHandler (ContextHandler.java:doStop(910)) - Stopped o.e.j.s.ServletContextHandler@e4e1ef5{/static,jar:file:/home/user/.m2/repository/org/apache/hadoop/hadoop-hdds-container-service/0.5.0-SNAPSHOT/hadoop-hdds-container-service-0.5.0-SNAPSHOT.jar!/webapps/static,UNAVAILABLE}
2019-09-24 18:19:43,657 [main] INFO  handler.ContextHandler (ContextHandler.java:doStop(910)) - Stopped o.e.j.s.ServletContextHandler@33425811{/logs,file:///workdir/hadoop-ozone/integration-test/target/log,UNAVAILABLE}
2019-09-24 18:19:43,659 [ForkJoinPool.commonPool-worker-1] INFO  utils.BackgroundService (BackgroundService.java:shutdown(148)) - Shutting down service BlockDeletingService
2019-09-24 18:19:43,664 [ForkJoinPool.commonPool-worker-1] INFO  statemachine.DatanodeStateMachine (DatanodeStateMachine.java:stopDaemon(395)) - Ozone container server stopped.
2019-09-24 18:19:43,669 [ForkJoinPool.commonPool-worker-1] INFO  handler.ContextHandler (ContextHandler.java:doStop(910)) - Stopped o.e.j.w.WebAppContext@eac3a26{/,null,UNAVAILABLE}{/hddsDatanode}
2019-09-24 18:19:43,670 [ForkJoinPool.commonPool-worker-1] INFO  server.AbstractConnector (AbstractConnector.java:doStop(318)) - Stopped ServerConnector@10b1a751{HTTP/1.1,[http/1.1]}{0.0.0.0:0}
2019-09-24 18:19:43,672 [ForkJoinPool.commonPool-worker-1] INFO  handler.ContextHandler (ContextHandler.java:doStop(910)) - Stopped o.e.j.s.ServletContextHandler@67e13bd0{/static,jar:file:/home/user/.m2/repository/org/apache/hadoop/hadoop-hdds-container-service/0.5.0-SNAPSHOT/hadoop-hdds-container-service-0.5.0-SNAPSHOT.jar!/webapps/static,UNAVAILABLE}
2019-09-24 18:19:43,674 [ForkJoinPool.commonPool-worker-1] INFO  handler.ContextHandler (ContextHandler.java:doStop(910)) - Stopped o.e.j.s.ServletContextHandler@1dc3502b{/logs,file:///workdir/hadoop-ozone/integration-test/target/log,UNAVAILABLE}
2019-09-24 18:19:44,610 [Datanode State Machine Thread - 0] INFO  statemachine.DatanodeStateMachine (DatanodeStateMachine.java:lambda$startDaemon$0(350)) - Ozone container server started.
2019-09-24 18:19:44,610 [Datanode State Machine Thread - 0] INFO  statemachine.DatanodeStateMachine (DatanodeStateMachine.java:lambda$startDaemon$0(350)) - Ozone container server started.
2019-09-24 18:19:44,662 [2135d647-a495-482b-8bc4-ca4f8b4fdafb@group-C63832CD55DC:LeaderElection28] INFO  impl.LeaderElection (LeaderElection.java:askForVotes(182)) - 2135d647-a495-482b-8bc4-ca4f8b4fdafb@group-C63832CD55DC:LeaderElection28: begin an election at term 3 for -1: [1ef4a0bb-4a8c-4224-99dc-5dce18d8d28c:192.168.36.84:36426, 56d3d73d-28bb-4c7c-9d35-99456f3549be:192.168.36.84:34646, 2135d647-a495-482b-8bc4-ca4f8b4fdafb:192.168.36.84:46711], old=null
2019-09-24 18:19:44,662 [56d3d73d-28bb-4c7c-9d35-99456f3549be@group-3C3A4009C5E3:LeaderElection27] INFO  impl.LeaderElection (LeaderElection.java:askForVotes(182)) - 56d3d73d-28bb-4c7c-9d35-99456f3549be@group-3C3A4009C5E3:LeaderElection27: begin an election at term 3 for -1: [1ef4a0bb-4a8c-4224-99dc-5dce18d8d28c:192.168.36.84:36426, 56d3d73d-28bb-4c7c-9d35-99456f3549be:192.168.36.84:34646, 2135d647-a495-482b-8bc4-ca4f8b4fdafb:192.168.36.84:46711], old=null
2019-09-24 18:19:44,662 [56d3d73d-28bb-4c7c-9d35-99456f3549be@group-14BF59FD49FA:LeaderElection29] INFO  impl.LeaderElection (LeaderElection.java:askForVotes(182)) - 56d3d73d-28bb-4c7c-9d35-99456f3549be@group-14BF59FD49FA:LeaderElection29: begin an election at term 3 for -1: [1ef4a0bb-4a8c-4224-99dc-5dce18d8d28c:192.168.36.84:36426, 56d3d73d-28bb-4c7c-9d35-99456f3549be:192.168.36.84:34646, 2135d647-a495-482b-8bc4-ca4f8b4fdafb:192.168.36.84:46711], old=null
2019-09-24 18:19:44,662 [56d3d73d-28bb-4c7c-9d35-99456f3549be@group-3C3A4009C5E3:LeaderElection27] INFO  impl.LeaderElection (LogUtils.java:infoOrTrace(149)) - Failed 56d3d73d-28bb-4c7c-9d35-99456f3549be@group-3C3A4009C5E3:LeaderElection27, state=CLOSING: {}
java.lang.IllegalArgumentException: 56d3d73d-28bb-4c7c-9d35-99456f3549be@group-3C3A4009C5E3-SegmentedRaftLog is expected to be opened but it is CLOSED
	at org.apache.ratis.util.OpenCloseState.assertOpen(OpenCloseState.java:63)
	at org.apache.ratis.server.raftlog.RaftLog.checkLogState(RaftLog.java:102)
	at org.apache.ratis.server.raftlog.segmented.SegmentedRaftLog.getLastEntryTermIndex(SegmentedRaftLog.java:324)
	at org.apache.ratis.server.impl.LeaderElection.askForVotes(LeaderElection.java:184)
	at org.apache.ratis.server.impl.LeaderElection.run(LeaderElection.java:133)
	at java.lang.Thread.run(Thread.java:748)
Caused by: org.apache.ratis.util.OpenCloseState$CloseTrace: Close 56d3d73d-28bb-4c7c-9d35-99456f3549be@group-3C3A4009C5E3-SegmentedRaftLog
	at org.apache.ratis.util.OpenCloseState.lambda$close$1(OpenCloseState.java:109)
	at java.util.concurrent.atomic.AtomicReference.getAndUpdate(AtomicReference.java:160)
	at org.apache.ratis.util.OpenCloseState.close(OpenCloseState.java:109)
	at org.apache.ratis.server.raftlog.RaftLog.close(RaftLog.java:437)
	at org.apache.ratis.server.raftlog.segmented.SegmentedRaftLog.close(SegmentedRaftLog.java:476)
	at org.apache.ratis.server.impl.ServerState.close(ServerState.java:387)
	at org.apache.ratis.server.impl.RaftServerImpl.lambda$shutdown$3(RaftServerImpl.java:273)
	at org.apache.ratis.util.LifeCycle.lambda$checkStateAndClose$2(LifeCycle.java:231)
	at org.apache.ratis.util.LifeCycle.checkStateAndClose(LifeCycle.java:251)
	at org.apache.ratis.util.LifeCycle.checkStateAndClose(LifeCycle.java:229)
	at org.apache.ratis.server.impl.RaftServerImpl.shutdown(RaftServerImpl.java:250)
	at org.apache.ratis.server.impl.RaftServerProxy$ImplMap.lambda$close$0(RaftServerProxy.java:107)
	at java.util.stream.ForEachOps$ForEachOp$OfRef.accept(ForEachOps.java:184)
	at java.util.stream.ReferencePipeline$3$1.accept(ReferencePipeline.java:193)
	at java.util.concurrent.ConcurrentHashMap$ValueSpliterator.forEachRemaining(ConcurrentHashMap.java:3566)
	at java.util.stream.AbstractPipeline.copyInto(AbstractPipeline.java:482)
	at java.util.stream.ForEachOps$ForEachTask.compute(ForEachOps.java:291)
	at java.util.concurrent.CountedCompleter.exec(CountedCompleter.java:731)
	at java.util.concurrent.ForkJoinTask.doExec(ForkJoinTask.java:289)
	at java.util.concurrent.ForkJoinTask.doInvoke(ForkJoinTask.java:401)
	at java.util.concurrent.ForkJoinTask.invoke(ForkJoinTask.java:734)
	at java.util.stream.ForEachOps$ForEachOp.evaluateParallel(ForEachOps.java:160)
	at java.util.stream.ForEachOps$ForEachOp$OfRef.evaluateParallel(ForEachOps.java:174)
	at java.util.stream.AbstractPipeline.evaluate(AbstractPipeline.java:233)
	at java.util.stream.ReferencePipeline.forEach(ReferencePipeline.java:418)
	at org.apache.ratis.server.impl.RaftServerProxy$ImplMap.close(RaftServerProxy.java:107)
	at org.apache.ratis.server.impl.RaftServerProxy.lambda$close$4(RaftServerProxy.java:315)
	at org.apache.ratis.util.LifeCycle.lambda$checkStateAndClose$2(LifeCycle.java:231)
	at org.apache.ratis.util.LifeCycle.checkStateAndClose(LifeCycle.java:251)
	at org.apache.ratis.util.LifeCycle.checkStateAndClose(LifeCycle.java:229)
	at org.apache.ratis.server.impl.RaftServerProxy.close(RaftServerProxy.java:313)
	at org.apache.hadoop.ozone.container.common.transport.server.ratis.XceiverServerRatis.stop(XceiverServerRatis.java:441)
	at org.apache.hadoop.ozone.container.ozoneimpl.OzoneContainer.stop(OzoneContainer.java:233)
	at org.apache.hadoop.ozone.container.common.statemachine.DatanodeStateMachine.close(DatanodeStateMachine.java:270)
	at org.apache.hadoop.ozone.container.common.statemachine.DatanodeStateMachine.stopDaemon(DatanodeStateMachine.java:394)
	at org.apache.hadoop.ozone.HddsDatanodeService.stop(HddsDatanodeService.java:457)
	at org.apache.hadoop.ozone.MiniOzoneClusterImpl.stopDatanode(MiniOzoneClusterImpl.java:385)
	at java.util.stream.ForEachOps$ForEachOp$OfRef.accept(ForEachOps.java:184)
	at java.util.ArrayList$ArrayListSpliterator.forEachRemaining(ArrayList.java:1382)
	at java.util.stream.AbstractPipeline.copyInto(AbstractPipeline.java:482)
	at java.util.stream.ForEachOps$ForEachTask.compute(ForEachOps.java:291)
	at java.util.concurrent.CountedCompleter.exec(CountedCompleter.java:731)
	at java.util.concurrent.ForkJoinTask.doExec(ForkJoinTask.java:289)
	at java.util.concurrent.ForkJoinTask.doInvoke(ForkJoinTask.java:401)
	at java.util.concurrent.ForkJoinTask.invoke(ForkJoinTask.java:734)
	at java.util.stream.ForEachOps$ForEachOp.evaluateParallel(ForEachOps.java:160)
	at java.util.stream.ForEachOps$ForEachOp$OfRef.evaluateParallel(ForEachOps.java:174)
	at java.util.stream.AbstractPipeline.evaluate(AbstractPipeline.java:233)
	at java.util.stream.ReferencePipeline.forEach(ReferencePipeline.java:418)
	at java.util.stream.ReferencePipeline$Head.forEach(ReferencePipeline.java:583)
	at org.apache.hadoop.ozone.MiniOzoneClusterImpl.stopDatanodes(MiniOzoneClusterImpl.java:379)
	at org.apache.hadoop.ozone.MiniOzoneClusterImpl.stop(MiniOzoneClusterImpl.java:332)
	at org.apache.hadoop.ozone.MiniOzoneClusterImpl.shutdown(MiniOzoneClusterImpl.java:319)
	at org.apache.hadoop.ozone.client.rpc.TestMultiBlockWritesWithDnFailures.shutdown(TestMultiBlockWritesWithDnFailures.java:111)
	at sun.reflect.NativeMethodAccessorImpl.invoke0(Native Method)
	at sun.reflect.NativeMethodAccessorImpl.invoke(NativeMethodAccessorImpl.java:62)
	at sun.reflect.DelegatingMethodAccessorImpl.invoke(DelegatingMethodAccessorImpl.java:43)
	at java.lang.reflect.Method.invoke(Method.java:498)
	at org.junit.runners.model.FrameworkMethod$1.runReflectiveCall(FrameworkMethod.java:47)
	at org.junit.internal.runners.model.ReflectiveCallable.run(ReflectiveCallable.java:12)
	at org.junit.runners.model.FrameworkMethod.invokeExplosively(FrameworkMethod.java:44)
	at org.junit.internal.runners.statements.RunAfters.evaluate(RunAfters.java:33)
	at org.junit.runners.ParentRunner.runLeaf(ParentRunner.java:271)
	at org.junit.runners.BlockJUnit4ClassRunner.runChild(BlockJUnit4ClassRunner.java:70)
	at org.junit.runners.BlockJUnit4ClassRunner.runChild(BlockJUnit4ClassRunner.java:50)
	at org.junit.runners.ParentRunner$3.run(ParentRunner.java:238)
	at org.junit.runners.ParentRunner$1.schedule(ParentRunner.java:63)
	at org.junit.runners.ParentRunner.runChildren(ParentRunner.java:236)
	at org.junit.runners.ParentRunner.access$000(ParentRunner.java:53)
	at org.junit.runners.ParentRunner$2.evaluate(ParentRunner.java:229)
	at org.junit.runners.ParentRunner.run(ParentRunner.java:309)
	at org.apache.maven.surefire.junit4.JUnit4Provider.execute(JUnit4Provider.java:365)
	at org.apache.maven.surefire.junit4.JUnit4Provider.executeWithRerun(JUnit4Provider.java:273)
	at org.apache.maven.surefire.junit4.JUnit4Provider.executeTestSet(JUnit4Provider.java:238)
	at org.apache.maven.surefire.junit4.JUnit4Provider.invoke(JUnit4Provider.java:159)
	at org.apache.maven.surefire.booter.ForkedBooter.invokeProviderInSameClassLoader(ForkedBooter.java:384)
	at org.apache.maven.surefire.booter.ForkedBooter.runSuitesInProcess(ForkedBooter.java:345)
	at org.apache.maven.surefire.booter.ForkedBooter.execute(ForkedBooter.java:126)
	at org.apache.maven.surefire.booter.ForkedBooter.main(ForkedBooter.java:418)
2019-09-24 18:19:44,666 [56d3d73d-28bb-4c7c-9d35-99456f3549be@group-3C3A4009C5E3:LeaderElection27] INFO  impl.LeaderElection (LeaderElection.java:run(140)) - 56d3d73d-28bb-4c7c-9d35-99456f3549be@group-3C3A4009C5E3:LeaderElection27: IllegalArgumentException is safely ignored since this is already CLOSING
2019-09-24 18:19:44,662 [2135d647-a495-482b-8bc4-ca4f8b4fdafb@group-C63832CD55DC:LeaderElection28] INFO  impl.LeaderElection (LogUtils.java:infoOrTrace(149)) - Failed 2135d647-a495-482b-8bc4-ca4f8b4fdafb@group-C63832CD55DC:LeaderElection28, state=CLOSING: {}
java.lang.IllegalArgumentException: 2135d647-a495-482b-8bc4-ca4f8b4fdafb@group-C63832CD55DC-SegmentedRaftLog is expected to be opened but it is CLOSED
	at org.apache.ratis.util.OpenCloseState.assertOpen(OpenCloseState.java:63)
	at org.apache.ratis.server.raftlog.RaftLog.checkLogState(RaftLog.java:102)
	at org.apache.ratis.server.raftlog.segmented.SegmentedRaftLog.getLastEntryTermIndex(SegmentedRaftLog.java:324)
	at org.apache.ratis.server.impl.LeaderElection.askForVotes(LeaderElection.java:184)
	at org.apache.ratis.server.impl.LeaderElection.run(LeaderElection.java:133)
	at java.lang.Thread.run(Thread.java:748)
Caused by: org.apache.ratis.util.OpenCloseState$CloseTrace: Close 2135d647-a495-482b-8bc4-ca4f8b4fdafb@group-C63832CD55DC-SegmentedRaftLog
	at org.apache.ratis.util.OpenCloseState.lambda$close$1(OpenCloseState.java:109)
	at java.util.concurrent.atomic.AtomicReference.getAndUpdate(AtomicReference.java:160)
	at org.apache.ratis.util.OpenCloseState.close(OpenCloseState.java:109)
	at org.apache.ratis.server.raftlog.RaftLog.close(RaftLog.java:437)
	at org.apache.ratis.server.raftlog.segmented.SegmentedRaftLog.close(SegmentedRaftLog.java:476)
	at org.apache.ratis.server.impl.ServerState.close(ServerState.java:387)
	at org.apache.ratis.server.impl.RaftServerImpl.lambda$shutdown$3(RaftServerImpl.java:273)
	at org.apache.ratis.util.LifeCycle.lambda$checkStateAndClose$2(LifeCycle.java:231)
	at org.apache.ratis.util.LifeCycle.checkStateAndClose(LifeCycle.java:251)
	at org.apache.ratis.util.LifeCycle.checkStateAndClose(LifeCycle.java:229)
	at org.apache.ratis.server.impl.RaftServerImpl.shutdown(RaftServerImpl.java:250)
	at org.apache.ratis.server.impl.RaftServerProxy$ImplMap.lambda$close$0(RaftServerProxy.java:107)
	at java.util.stream.ForEachOps$ForEachOp$OfRef.accept(ForEachOps.java:184)
	at java.util.stream.ReferencePipeline$3$1.accept(ReferencePipeline.java:193)
	at java.util.concurrent.ConcurrentHashMap$ValueSpliterator.forEachRemaining(ConcurrentHashMap.java:3566)
	at java.util.stream.AbstractPipeline.copyInto(AbstractPipeline.java:482)
	at java.util.stream.ForEachOps$ForEachTask.compute(ForEachOps.java:291)
	at java.util.concurrent.CountedCompleter.exec(CountedCompleter.java:731)
	at java.util.concurrent.ForkJoinTask.doExec(ForkJoinTask.java:289)
	at java.util.concurrent.ForkJoinTask.doInvoke(ForkJoinTask.java:401)
	at java.util.concurrent.ForkJoinTask.invoke(ForkJoinTask.java:734)
	at java.util.stream.ForEachOps$ForEachOp.evaluateParallel(ForEachOps.java:160)
	at java.util.stream.ForEachOps$ForEachOp$OfRef.evaluateParallel(ForEachOps.java:174)
	at java.util.stream.AbstractPipeline.evaluate(AbstractPipeline.java:233)
	at java.util.stream.ReferencePipeline.forEach(ReferencePipeline.java:418)
	at org.apache.ratis.server.impl.RaftServerProxy$ImplMap.close(RaftServerProxy.java:107)
	at org.apache.ratis.server.impl.RaftServerProxy.lambda$close$4(RaftServerProxy.java:315)
	at org.apache.ratis.util.LifeCycle.lambda$checkStateAndClose$2(LifeCycle.java:231)
	at org.apache.ratis.util.LifeCycle.checkStateAndClose(LifeCycle.java:251)
	at org.apache.ratis.util.LifeCycle.checkStateAndClose(LifeCycle.java:229)
	at org.apache.ratis.server.impl.RaftServerProxy.close(RaftServerProxy.java:313)
	at org.apache.hadoop.ozone.container.common.transport.server.ratis.XceiverServerRatis.stop(XceiverServerRatis.java:441)
	at org.apache.hadoop.ozone.container.ozoneimpl.OzoneContainer.stop(OzoneContainer.java:233)
	at org.apache.hadoop.ozone.container.common.statemachine.DatanodeStateMachine.close(DatanodeStateMachine.java:270)
	at org.apache.hadoop.ozone.container.common.statemachine.DatanodeStateMachine.stopDaemon(DatanodeStateMachine.java:394)
	at org.apache.hadoop.ozone.HddsDatanodeService.stop(HddsDatanodeService.java:457)
	at org.apache.hadoop.ozone.MiniOzoneClusterImpl.stopDatanode(MiniOzoneClusterImpl.java:385)
	at java.util.stream.ForEachOps$ForEachOp$OfRef.accept(ForEachOps.java:184)
	at java.util.ArrayList$ArrayListSpliterator.forEachRemaining(ArrayList.java:1382)
	at java.util.stream.AbstractPipeline.copyInto(AbstractPipeline.java:482)
	at java.util.stream.ForEachOps$ForEachTask.compute(ForEachOps.java:291)
	at java.util.concurrent.CountedCompleter.exec(CountedCompleter.java:731)
	at java.util.concurrent.ForkJoinTask.doExec(ForkJoinTask.java:289)
	at java.util.concurrent.ForkJoinPool$WorkQueue.execLocalTasks(ForkJoinPool.java:1040)
	at java.util.concurrent.ForkJoinPool$WorkQueue.runTask(ForkJoinPool.java:1058)
	at java.util.concurrent.ForkJoinPool.runWorker(ForkJoinPool.java:1692)
	at java.util.concurrent.ForkJoinWorkerThread.run(ForkJoinWorkerThread.java:157)
2019-09-24 18:19:44,668 [2135d647-a495-482b-8bc4-ca4f8b4fdafb@group-C63832CD55DC:LeaderElection28] INFO  impl.LeaderElection (LeaderElection.java:run(140)) - 2135d647-a495-482b-8bc4-ca4f8b4fdafb@group-C63832CD55DC:LeaderElection28: IllegalArgumentException is safely ignored since this is already CLOSING
2019-09-24 18:19:44,662 [56d3d73d-28bb-4c7c-9d35-99456f3549be@group-14BF59FD49FA:LeaderElection29] INFO  impl.LeaderElection (LogUtils.java:infoOrTrace(149)) - Failed 56d3d73d-28bb-4c7c-9d35-99456f3549be@group-14BF59FD49FA:LeaderElection29, state=CLOSING: {}
java.lang.IllegalArgumentException: 56d3d73d-28bb-4c7c-9d35-99456f3549be@group-14BF59FD49FA-SegmentedRaftLog is expected to be opened but it is CLOSED
	at org.apache.ratis.util.OpenCloseState.assertOpen(OpenCloseState.java:63)
	at org.apache.ratis.server.raftlog.RaftLog.checkLogState(RaftLog.java:102)
	at org.apache.ratis.server.raftlog.segmented.SegmentedRaftLog.getLastEntryTermIndex(SegmentedRaftLog.java:324)
	at org.apache.ratis.server.impl.LeaderElection.askForVotes(LeaderElection.java:184)
	at org.apache.ratis.server.impl.LeaderElection.run(LeaderElection.java:133)
	at java.lang.Thread.run(Thread.java:748)
Caused by: org.apache.ratis.util.OpenCloseState$CloseTrace: Close 56d3d73d-28bb-4c7c-9d35-99456f3549be@group-14BF59FD49FA-SegmentedRaftLog
	at org.apache.ratis.util.OpenCloseState.lambda$close$1(OpenCloseState.java:109)
	at java.util.concurrent.atomic.AtomicReference.getAndUpdate(AtomicReference.java:160)
	at org.apache.ratis.util.OpenCloseState.close(OpenCloseState.java:109)
	at org.apache.ratis.server.raftlog.RaftLog.close(RaftLog.java:437)
	at org.apache.ratis.server.raftlog.segmented.SegmentedRaftLog.close(SegmentedRaftLog.java:476)
	at org.apache.ratis.server.impl.ServerState.close(ServerState.java:387)
	at org.apache.ratis.server.impl.RaftServerImpl.lambda$shutdown$3(RaftServerImpl.java:273)
	at org.apache.ratis.util.LifeCycle.lambda$checkStateAndClose$2(LifeCycle.java:231)
	at org.apache.ratis.util.LifeCycle.checkStateAndClose(LifeCycle.java:251)
	at org.apache.ratis.util.LifeCycle.checkStateAndClose(LifeCycle.java:229)
	at org.apache.ratis.server.impl.RaftServerImpl.shutdown(RaftServerImpl.java:250)
	at org.apache.ratis.server.impl.RaftServerProxy$ImplMap.lambda$close$0(RaftServerProxy.java:107)
	at java.util.stream.ForEachOps$ForEachOp$OfRef.accept(ForEachOps.java:184)
	at java.util.stream.ReferencePipeline$3$1.accept(ReferencePipeline.java:193)
	at java.util.concurrent.ConcurrentHashMap$ValueSpliterator.forEachRemaining(ConcurrentHashMap.java:3566)
	at java.util.stream.AbstractPipeline.copyInto(AbstractPipeline.java:482)
	at java.util.stream.ForEachOps$ForEachTask.compute(ForEachOps.java:291)
	at java.util.concurrent.CountedCompleter.exec(CountedCompleter.java:731)
	at java.util.concurrent.ForkJoinTask.doExec(ForkJoinTask.java:289)
	at java.util.concurrent.ForkJoinPool.helpComplete(ForkJoinPool.java:1870)
	at java.util.concurrent.ForkJoinPool.externalHelpComplete(ForkJoinPool.java:2467)
	at java.util.concurrent.ForkJoinTask.externalAwaitDone(ForkJoinTask.java:324)
	at java.util.concurrent.ForkJoinTask.doInvoke(ForkJoinTask.java:405)
	at java.util.concurrent.ForkJoinTask.invoke(ForkJoinTask.java:734)
	at java.util.stream.ForEachOps$ForEachOp.evaluateParallel(ForEachOps.java:160)
	at java.util.stream.ForEachOps$ForEachOp$OfRef.evaluateParallel(ForEachOps.java:174)
	at java.util.stream.AbstractPipeline.evaluate(AbstractPipeline.java:233)
	at java.util.stream.ReferencePipeline.forEach(ReferencePipeline.java:418)
	at org.apache.ratis.server.impl.RaftServerProxy$ImplMap.close(RaftServerProxy.java:107)
	at org.apache.ratis.server.impl.RaftServerProxy.lambda$close$4(RaftServerProxy.java:315)
	at org.apache.ratis.util.LifeCycle.lambda$checkStateAndClose$2(LifeCycle.java:231)
	at org.apache.ratis.util.LifeCycle.checkStateAndClose(LifeCycle.java:251)
	at org.apache.ratis.util.LifeCycle.checkStateAndClose(LifeCycle.java:229)
	at org.apache.ratis.server.impl.RaftServerProxy.close(RaftServerProxy.java:313)
	at org.apache.hadoop.ozone.container.common.transport.server.ratis.XceiverServerRatis.stop(XceiverServerRatis.java:441)
	at org.apache.hadoop.ozone.container.ozoneimpl.OzoneContainer.stop(OzoneContainer.java:233)
	at org.apache.hadoop.ozone.container.common.statemachine.DatanodeStateMachine.close(DatanodeStateMachine.java:270)
	at org.apache.hadoop.ozone.container.common.statemachine.DatanodeStateMachine.stopDaemon(DatanodeStateMachine.java:394)
	at org.apache.hadoop.ozone.HddsDatanodeService.stop(HddsDatanodeService.java:457)
	at org.apache.hadoop.ozone.MiniOzoneClusterImpl.stopDatanode(MiniOzoneClusterImpl.java:385)
	at java.util.stream.ForEachOps$ForEachOp$OfRef.accept(ForEachOps.java:184)
	at java.util.ArrayList$ArrayListSpliterator.forEachRemaining(ArrayList.java:1382)
	at java.util.stream.AbstractPipeline.copyInto(AbstractPipeline.java:482)
	at java.util.stream.ForEachOps$ForEachTask.compute(ForEachOps.java:291)
	at java.util.concurrent.CountedCompleter.exec(CountedCompleter.java:731)
	at java.util.concurrent.ForkJoinTask.doExec(ForkJoinTask.java:289)
	at java.util.concurrent.ForkJoinTask.doInvoke(ForkJoinTask.java:401)
	at java.util.concurrent.ForkJoinTask.invoke(ForkJoinTask.java:734)
	at java.util.stream.ForEachOps$ForEachOp.evaluateParallel(ForEachOps.java:160)
	at java.util.stream.ForEachOps$ForEachOp$OfRef.evaluateParallel(ForEachOps.java:174)
	at java.util.stream.AbstractPipeline.evaluate(AbstractPipeline.java:233)
	at java.util.stream.ReferencePipeline.forEach(ReferencePipeline.java:418)
	at java.util.stream.ReferencePipeline$Head.forEach(ReferencePipeline.java:583)
	at org.apache.hadoop.ozone.MiniOzoneClusterImpl.stopDatanodes(MiniOzoneClusterImpl.java:379)
	at org.apache.hadoop.ozone.MiniOzoneClusterImpl.stop(MiniOzoneClusterImpl.java:332)
	at org.apache.hadoop.ozone.MiniOzoneClusterImpl.shutdown(MiniOzoneClusterImpl.java:319)
	at org.apache.hadoop.ozone.client.rpc.TestMultiBlockWritesWithDnFailures.shutdown(TestMultiBlockWritesWithDnFailures.java:111)
	at sun.reflect.NativeMethodAccessorImpl.invoke0(Native Method)
	at sun.reflect.NativeMethodAccessorImpl.invoke(NativeMethodAccessorImpl.java:62)
	at sun.reflect.DelegatingMethodAccessorImpl.invoke(DelegatingMethodAccessorImpl.java:43)
	at java.lang.reflect.Method.invoke(Method.java:498)
	at org.junit.runners.model.FrameworkMethod$1.runReflectiveCall(FrameworkMethod.java:47)
	at org.junit.internal.runners.model.ReflectiveCallable.run(ReflectiveCallable.java:12)
	at org.junit.runners.model.FrameworkMethod.invokeExplosively(FrameworkMethod.java:44)
	at org.junit.internal.runners.statements.RunAfters.evaluate(RunAfters.java:33)
	at org.junit.runners.ParentRunner.runLeaf(ParentRunner.java:271)
	at org.junit.runners.BlockJUnit4ClassRunner.runChild(BlockJUnit4ClassRunner.java:70)
	at org.junit.runners.BlockJUnit4ClassRunner.runChild(BlockJUnit4ClassRunner.java:50)
	at org.junit.runners.ParentRunner$3.run(ParentRunner.java:238)
	at org.junit.runners.ParentRunner$1.schedule(ParentRunner.java:63)
	at org.junit.runners.ParentRunner.runChildren(ParentRunner.java:236)
	at org.junit.runners.ParentRunner.access$000(ParentRunner.java:53)
	at org.junit.runners.ParentRunner$2.evaluate(ParentRunner.java:229)
	at org.junit.runners.ParentRunner.run(ParentRunner.java:309)
	at org.apache.maven.surefire.junit4.JUnit4Provider.execute(JUnit4Provider.java:365)
	at org.apache.maven.surefire.junit4.JUnit4Provider.executeWithRerun(JUnit4Provider.java:273)
	at org.apache.maven.surefire.junit4.JUnit4Provider.executeTestSet(JUnit4Provider.java:238)
	at org.apache.maven.surefire.junit4.JUnit4Provider.invoke(JUnit4Provider.java:159)
	at org.apache.maven.surefire.booter.ForkedBooter.invokeProviderInSameClassLoader(ForkedBooter.java:384)
	at org.apache.maven.surefire.booter.ForkedBooter.runSuitesInProcess(ForkedBooter.java:345)
	at org.apache.maven.surefire.booter.ForkedBooter.execute(ForkedBooter.java:126)
	at org.apache.maven.surefire.booter.ForkedBooter.main(ForkedBooter.java:418)
2019-09-24 18:19:44,671 [56d3d73d-28bb-4c7c-9d35-99456f3549be@group-14BF59FD49FA:LeaderElection29] INFO  impl.LeaderElection (LeaderElection.java:run(140)) - 56d3d73d-28bb-4c7c-9d35-99456f3549be@group-14BF59FD49FA:LeaderElection29: IllegalArgumentException is safely ignored since this is already CLOSING
2019-09-24 18:19:48,659 [main] INFO  ozoneimpl.OzoneContainer (OzoneContainer.java:stop(231)) - Attempting to stop container services.
2019-09-24 18:19:48,659 [main] INFO  impl.RaftServerProxy (RaftServerProxy.java:lambda$close$4(314)) - f47eebec-62b6-41b9-9270-52696a354dd5: close
2019-09-24 18:19:48,662 [main] INFO  server.GrpcService (GrpcService.java:closeImpl(164)) - f47eebec-62b6-41b9-9270-52696a354dd5: shutdown server with port 41727 now
2019-09-24 18:19:48,663 [main] INFO  server.GrpcService (GrpcService.java:closeImpl(172)) - f47eebec-62b6-41b9-9270-52696a354dd5: shutdown server with port 41727 successfully
2019-09-24 18:19:48,664 [refreshUsed-/workdir/hadoop-ozone/integration-test/target/test-dir/MiniOzoneClusterImpl-9a157790-03e5-4da0-a236-db4a40193cb2/datanode-9/data/containers] WARN  fs.CachingGetSpaceUsed (CachingGetSpaceUsed.java:run(183)) - Thread Interrupted waiting to refresh disk information: sleep interrupted
2019-09-24 18:19:48,675 [ForkJoinPool.commonPool-worker-1] INFO  ozoneimpl.OzoneContainer (OzoneContainer.java:stop(231)) - Attempting to stop container services.
2019-09-24 18:19:48,676 [ForkJoinPool.commonPool-worker-1] INFO  impl.RaftServerProxy (RaftServerProxy.java:lambda$close$4(314)) - 89d32083-36da-4134-ac31-afc8da3916e1: close
2019-09-24 18:19:48,681 [ForkJoinPool.commonPool-worker-1] INFO  impl.RaftServerImpl (RaftServerImpl.java:lambda$shutdown$3(251)) - 89d32083-36da-4134-ac31-afc8da3916e1@group-8DDD8D75480A: shutdown
2019-09-24 18:19:48,682 [ForkJoinPool.commonPool-worker-1] INFO  util.JmxRegister (JmxRegister.java:unregister(73)) - Successfully un-registered JMX Bean with object name Ratis:service=RaftServer,group=group-8DDD8D75480A,id=89d32083-36da-4134-ac31-afc8da3916e1
2019-09-24 18:19:48,682 [ForkJoinPool.commonPool-worker-1] INFO  impl.RoleInfo (RoleInfo.java:shutdownLeaderState(104)) - 89d32083-36da-4134-ac31-afc8da3916e1: shutdown LeaderState
2019-09-24 18:19:48,683 [ForkJoinPool.commonPool-worker-1] INFO  impl.PendingRequests (PendingRequests.java:sendNotLeaderResponses(202)) - 89d32083-36da-4134-ac31-afc8da3916e1-PendingRequests: sendNotLeaderResponses
2019-09-24 18:19:48,683 [ForkJoinPool.commonPool-worker-1] INFO  impl.StateMachineUpdater (StateMachineUpdater.java:stopAndJoin(125)) - 89d32083-36da-4134-ac31-afc8da3916e1@group-8DDD8D75480A-StateMachineUpdater: set stopIndex = 0
2019-09-24 18:19:48,684 [ForkJoinPool.commonPool-worker-1] INFO  impl.RaftServerImpl (ServerState.java:close(385)) - 89d32083-36da-4134-ac31-afc8da3916e1@group-8DDD8D75480A: closes. applyIndex: 0
2019-09-24 18:19:48,684 [89d32083-36da-4134-ac31-afc8da3916e1@group-8DDD8D75480A-SegmentedRaftLogWorker] INFO  segmented.SegmentedRaftLogWorker (SegmentedRaftLogWorker.java:run(313)) - 89d32083-36da-4134-ac31-afc8da3916e1@group-8DDD8D75480A-SegmentedRaftLogWorker was interrupted, exiting. There are 0 tasks remaining in the queue.
2019-09-24 18:19:48,686 [ForkJoinPool.commonPool-worker-1] INFO  segmented.SegmentedRaftLogWorker (SegmentedRaftLogWorker.java:close(228)) - 89d32083-36da-4134-ac31-afc8da3916e1@group-8DDD8D75480A-SegmentedRaftLogWorker close()
2019-09-24 18:19:48,688 [ForkJoinPool.commonPool-worker-1] INFO  server.GrpcService (GrpcService.java:closeImpl(164)) - 89d32083-36da-4134-ac31-afc8da3916e1: shutdown server with port 36997 now
2019-09-24 18:19:48,689 [main] INFO  utils.BackgroundService (BackgroundService.java:shutdown(148)) - Shutting down service BlockDeletingService
2019-09-24 18:19:48,690 [ForkJoinPool.commonPool-worker-1] INFO  server.GrpcService (GrpcService.java:closeImpl(172)) - 89d32083-36da-4134-ac31-afc8da3916e1: shutdown server with port 36997 successfully
2019-09-24 18:19:48,694 [main] INFO  statemachine.DatanodeStateMachine (DatanodeStateMachine.java:stopDaemon(395)) - Ozone container server stopped.
2019-09-24 18:19:48,700 [refreshUsed-/workdir/hadoop-ozone/integration-test/target/test-dir/MiniOzoneClusterImpl-9a157790-03e5-4da0-a236-db4a40193cb2/datanode-0/data/containers] WARN  fs.CachingGetSpaceUsed (CachingGetSpaceUsed.java:run(183)) - Thread Interrupted waiting to refresh disk information: sleep interrupted
2019-09-24 18:19:48,707 [main] INFO  handler.ContextHandler (ContextHandler.java:doStop(910)) - Stopped o.e.j.w.WebAppContext@53abfc07{/,null,UNAVAILABLE}{/hddsDatanode}
2019-09-24 18:19:48,708 [main] INFO  server.AbstractConnector (AbstractConnector.java:doStop(318)) - Stopped ServerConnector@2c8c16c0{HTTP/1.1,[http/1.1]}{0.0.0.0:0}
2019-09-24 18:19:48,709 [main] INFO  handler.ContextHandler (ContextHandler.java:doStop(910)) - Stopped o.e.j.s.ServletContextHandler@7f93dd4e{/static,jar:file:/home/user/.m2/repository/org/apache/hadoop/hadoop-hdds-container-service/0.5.0-SNAPSHOT/hadoop-hdds-container-service-0.5.0-SNAPSHOT.jar!/webapps/static,UNAVAILABLE}
2019-09-24 18:19:48,709 [main] INFO  handler.ContextHandler (ContextHandler.java:doStop(910)) - Stopped o.e.j.s.ServletContextHandler@4364712f{/logs,file:///workdir/hadoop-ozone/integration-test/target/log,UNAVAILABLE}
2019-09-24 18:19:48,713 [ForkJoinPool.commonPool-worker-1] INFO  utils.BackgroundService (BackgroundService.java:shutdown(148)) - Shutting down service BlockDeletingService
2019-09-24 18:19:48,716 [ForkJoinPool.commonPool-worker-1] INFO  statemachine.DatanodeStateMachine (DatanodeStateMachine.java:stopDaemon(395)) - Ozone container server stopped.
2019-09-24 18:19:48,720 [ForkJoinPool.commonPool-worker-1] INFO  handler.ContextHandler (ContextHandler.java:doStop(910)) - Stopped o.e.j.w.WebAppContext@7aac8884{/,null,UNAVAILABLE}{/hddsDatanode}
2019-09-24 18:19:48,721 [ForkJoinPool.commonPool-worker-1] INFO  server.AbstractConnector (AbstractConnector.java:doStop(318)) - Stopped ServerConnector@a66e580{HTTP/1.1,[http/1.1]}{0.0.0.0:0}
2019-09-24 18:19:48,722 [ForkJoinPool.commonPool-worker-1] INFO  handler.ContextHandler (ContextHandler.java:doStop(910)) - Stopped o.e.j.s.ServletContextHandler@102ecc22{/static,jar:file:/home/user/.m2/repository/org/apache/hadoop/hadoop-hdds-container-service/0.5.0-SNAPSHOT/hadoop-hdds-container-service-0.5.0-SNAPSHOT.jar!/webapps/static,UNAVAILABLE}
2019-09-24 18:19:48,723 [ForkJoinPool.commonPool-worker-1] INFO  handler.ContextHandler (ContextHandler.java:doStop(910)) - Stopped o.e.j.s.ServletContextHandler@433348bc{/logs,file:///workdir/hadoop-ozone/integration-test/target/log,UNAVAILABLE}
2019-09-24 18:19:49,262 [Datanode State Machine Thread - 0] INFO  statemachine.DatanodeStateMachine (DatanodeStateMachine.java:lambda$startDaemon$0(350)) - Ozone container server started.
2019-09-24 18:19:49,715 [Datanode State Machine Thread - 0] INFO  statemachine.DatanodeStateMachine (DatanodeStateMachine.java:lambda$startDaemon$0(350)) - Ozone container server started.
2019-09-24 18:19:53,711 [main] INFO  ozoneimpl.OzoneContainer (OzoneContainer.java:stop(231)) - Attempting to stop container services.
2019-09-24 18:19:53,712 [main] INFO  impl.RaftServerProxy (RaftServerProxy.java:lambda$close$4(314)) - dda110c1-7638-40bb-a73a-6fb012996797: close
2019-09-24 18:19:53,714 [main] INFO  server.GrpcService (GrpcService.java:closeImpl(164)) - dda110c1-7638-40bb-a73a-6fb012996797: shutdown server with port 45314 now
2019-09-24 18:19:53,715 [main] INFO  server.GrpcService (GrpcService.java:closeImpl(172)) - dda110c1-7638-40bb-a73a-6fb012996797: shutdown server with port 45314 successfully
2019-09-24 18:19:53,725 [refreshUsed-/workdir/hadoop-ozone/integration-test/target/test-dir/MiniOzoneClusterImpl-9a157790-03e5-4da0-a236-db4a40193cb2/datanode-7/data/containers] WARN  fs.CachingGetSpaceUsed (CachingGetSpaceUsed.java:run(183)) - Thread Interrupted waiting to refresh disk information: sleep interrupted
2019-09-24 18:19:53,725 [ForkJoinPool.commonPool-worker-1] INFO  ozoneimpl.OzoneContainer (OzoneContainer.java:stop(231)) - Attempting to stop container services.
2019-09-24 18:19:53,725 [ForkJoinPool.commonPool-worker-1] INFO  impl.RaftServerProxy (RaftServerProxy.java:lambda$close$4(314)) - fcd533e4-f4ce-4cc8-9f8e-d774d2889a00: close
2019-09-24 18:19:53,727 [ForkJoinPool.commonPool-worker-1] INFO  server.GrpcService (GrpcService.java:closeImpl(164)) - fcd533e4-f4ce-4cc8-9f8e-d774d2889a00: shutdown server with port 41906 now
2019-09-24 18:19:53,727 [ForkJoinPool.commonPool-worker-1] INFO  server.GrpcService (GrpcService.java:closeImpl(172)) - fcd533e4-f4ce-4cc8-9f8e-d774d2889a00: shutdown server with port 41906 successfully
2019-09-24 18:19:53,738 [refreshUsed-/workdir/hadoop-ozone/integration-test/target/test-dir/MiniOzoneClusterImpl-9a157790-03e5-4da0-a236-db4a40193cb2/datanode-1/data/containers] WARN  fs.CachingGetSpaceUsed (CachingGetSpaceUsed.java:run(183)) - Thread Interrupted waiting to refresh disk information: sleep interrupted
2019-09-24 18:19:53,746 [main] INFO  utils.BackgroundService (BackgroundService.java:shutdown(148)) - Shutting down service BlockDeletingService
2019-09-24 18:19:53,750 [main] INFO  statemachine.DatanodeStateMachine (DatanodeStateMachine.java:stopDaemon(395)) - Ozone container server stopped.
2019-09-24 18:19:53,760 [ForkJoinPool.commonPool-worker-1] INFO  utils.BackgroundService (BackgroundService.java:shutdown(148)) - Shutting down service BlockDeletingService
2019-09-24 18:19:53,764 [ForkJoinPool.commonPool-worker-1] INFO  statemachine.DatanodeStateMachine (DatanodeStateMachine.java:stopDaemon(395)) - Ozone container server stopped.
2019-09-24 18:19:53,765 [main] INFO  handler.ContextHandler (ContextHandler.java:doStop(910)) - Stopped o.e.j.w.WebAppContext@3650d4fc{/,null,UNAVAILABLE}{/hddsDatanode}
2019-09-24 18:19:53,768 [ForkJoinPool.commonPool-worker-1] INFO  handler.ContextHandler (ContextHandler.java:doStop(910)) - Stopped o.e.j.w.WebAppContext@5e519ad3{/,null,UNAVAILABLE}{/hddsDatanode}
2019-09-24 18:19:53,768 [main] INFO  server.AbstractConnector (AbstractConnector.java:doStop(318)) - Stopped ServerConnector@aaa0f76{HTTP/1.1,[http/1.1]}{0.0.0.0:0}
2019-09-24 18:19:53,769 [ForkJoinPool.commonPool-worker-1] INFO  server.AbstractConnector (AbstractConnector.java:doStop(318)) - Stopped ServerConnector@7bc44ce8{HTTP/1.1,[http/1.1]}{0.0.0.0:0}
2019-09-24 18:19:53,769 [main] INFO  handler.ContextHandler (ContextHandler.java:doStop(910)) - Stopped o.e.j.s.ServletContextHandler@1645f294{/static,jar:file:/home/user/.m2/repository/org/apache/hadoop/hadoop-hdds-container-service/0.5.0-SNAPSHOT/hadoop-hdds-container-service-0.5.0-SNAPSHOT.jar!/webapps/static,UNAVAILABLE}
2019-09-24 18:19:53,770 [ForkJoinPool.commonPool-worker-1] INFO  handler.ContextHandler (ContextHandler.java:doStop(910)) - Stopped o.e.j.s.ServletContextHandler@6cd64ee8{/static,jar:file:/home/user/.m2/repository/org/apache/hadoop/hadoop-hdds-container-service/0.5.0-SNAPSHOT/hadoop-hdds-container-service-0.5.0-SNAPSHOT.jar!/webapps/static,UNAVAILABLE}
2019-09-24 18:19:53,771 [main] INFO  handler.ContextHandler (ContextHandler.java:doStop(910)) - Stopped o.e.j.s.ServletContextHandler@2eeb0f9b{/logs,file:///workdir/hadoop-ozone/integration-test/target/log,UNAVAILABLE}
2019-09-24 18:19:53,772 [ForkJoinPool.commonPool-worker-1] INFO  handler.ContextHandler (ContextHandler.java:doStop(910)) - Stopped o.e.j.s.ServletContextHandler@77774571{/logs,file:///workdir/hadoop-ozone/integration-test/target/log,UNAVAILABLE}
2019-09-24 18:19:53,773 [main] INFO  ozone.MiniOzoneClusterImpl (MiniOzoneClusterImpl.java:stopSCM(392)) - Stopping the StorageContainerManager
2019-09-24 18:19:53,773 [main] INFO  server.StorageContainerManager (StorageContainerManager.java:stop(808)) - Stopping Replication Manager Service.
2019-09-24 18:19:53,774 [main] INFO  container.ReplicationManager (ReplicationManager.java:stop(203)) - Stopping Replication Monitor Thread.
2019-09-24 18:19:53,774 [main] INFO  server.StorageContainerManager (StorageContainerManager.java:stop(815)) - Stopping Lease Manager of the command watchers
2019-09-24 18:19:53,774 [main] INFO  server.StorageContainerManager (StorageContainerManager.java:stop(822)) - Stopping datanode service RPC server
2019-09-24 18:19:53,774 [main] INFO  server.SCMDatanodeProtocolServer (SCMDatanodeProtocolServer.java:stop(367)) - Stopping the RPC server for DataNodes
2019-09-24 18:19:53,775 [main] INFO  ipc.Server (Server.java:stop(3082)) - Stopping server on 44530
2019-09-24 18:19:53,776 [IPC Server listener on 44530] INFO  ipc.Server (Server.java:run(1185)) - Stopping IPC Server listener on 44530
2019-09-24 18:19:53,778 [IPC Server Responder] INFO  ipc.Server (Server.java:run(1319)) - Stopping IPC Server Responder
2019-09-24 18:19:53,806 [SCM Heartbeat Processing Thread - 0] WARN  node.NodeStateManager (NodeStateManager.java:scheduleNextHealthCheck(646)) - Current Thread is interrupted, shutting down HB processing thread for Node Manager.
2019-09-24 18:19:53,806 [main] INFO  server.StorageContainerManager (StorageContainerManager.java:stop(830)) - Stopping block service RPC server
2019-09-24 18:19:53,807 [main] INFO  server.SCMBlockProtocolServer (SCMBlockProtocolServer.java:stop(155)) - Stopping the RPC server for Block Protocol
2019-09-24 18:19:53,807 [main] INFO  ipc.Server (Server.java:stop(3082)) - Stopping server on 34630
2019-09-24 18:19:53,808 [IPC Server listener on 34630] INFO  ipc.Server (Server.java:run(1185)) - Stopping IPC Server listener on 34630
2019-09-24 18:19:53,809 [main] INFO  server.StorageContainerManager (StorageContainerManager.java:stop(837)) - Stopping the StorageContainerLocationProtocol RPC server
2019-09-24 18:19:53,810 [main] INFO  server.SCMClientProtocolServer (SCMClientProtocolServer.java:stop(159)) - Stopping the RPC server for Client Protocol
2019-09-24 18:19:53,811 [IPC Server Responder] INFO  ipc.Server (Server.java:run(1319)) - Stopping IPC Server Responder
2019-09-24 18:19:53,812 [main] INFO  ipc.Server (Server.java:stop(3082)) - Stopping server on 36124
2019-09-24 18:19:53,814 [IPC Server listener on 36124] INFO  ipc.Server (Server.java:run(1185)) - Stopping IPC Server listener on 36124
2019-09-24 18:19:53,815 [main] INFO  server.StorageContainerManager (StorageContainerManager.java:stop(844)) - Stopping Storage Container Manager HTTP server.
2019-09-24 18:19:53,815 [IPC Server Responder] INFO  ipc.Server (Server.java:run(1319)) - Stopping IPC Server Responder
2019-09-24 18:19:53,816 [main] INFO  handler.ContextHandler (ContextHandler.java:doStop(910)) - Stopped o.e.j.w.WebAppContext@660e9100{/,null,UNAVAILABLE}{/scm}
2019-09-24 18:19:53,817 [main] INFO  server.AbstractConnector (AbstractConnector.java:doStop(318)) - Stopped ServerConnector@5aabbb29{HTTP/1.1,[http/1.1]}{0.0.0.0:0}
2019-09-24 18:19:53,818 [main] INFO  handler.ContextHandler (ContextHandler.java:doStop(910)) - Stopped o.e.j.s.ServletContextHandler@1d131e1b{/static,file:///workdir/hadoop-ozone/integration-test/target/test-classes/webapps/static,UNAVAILABLE}
2019-09-24 18:19:53,818 [main] INFO  handler.ContextHandler (ContextHandler.java:doStop(910)) - Stopped o.e.j.s.ServletContextHandler@2f17e30d{/logs,file:///workdir/hadoop-ozone/integration-test/target/log,UNAVAILABLE}
2019-09-24 18:19:53,820 [main] INFO  server.StorageContainerManager (StorageContainerManager.java:stop(855)) - Stopping Block Manager Service.
2019-09-24 18:19:53,821 [main] INFO  utils.BackgroundService (BackgroundService.java:shutdown(148)) - Shutting down service SCMBlockDeletingService
2019-09-24 18:19:53,821 [main] INFO  utils.BackgroundService (BackgroundService.java:shutdown(148)) - Shutting down service SCMBlockDeletingService
2019-09-24 18:19:53,822 [main] INFO  server.StorageContainerManager (StorageContainerManager.java:stop(877)) - Stopping SCM Event Queue.
2019-09-24 18:19:53,831 [main] INFO  impl.MetricsSystemImpl (MetricsSystemImpl.java:stop(210)) - Stopping ratis metrics system...
2019-09-24 18:19:53,850 [prometheus] INFO  impl.MetricsSinkAdapter (MetricsSinkAdapter.java:publishMetricsFromQueue(141)) - prometheus thread interrupted.
2019-09-24 18:19:53,850 [main] INFO  impl.MetricsSystemImpl (MetricsSystemImpl.java:stop(216)) - ratis metrics system stopped.
]]></system-out>
    <system-err><![CDATA[ERROR StatusLogger No Log4j 2 configuration file found. Using default configuration (logging only errors to the console), or user programmatically provided configurations. Set system property 'log4j2.debug' to show Log4j 2 internal initialization logging. See https://logging.apache.org/log4j/2.x/manual/configuration.html for instructions on how to configure Log4j 2
Sep 24, 2019 6:19:33 PM org.apache.ratis.thirdparty.io.grpc.internal.SerializingExecutor run
SEVERE: Exception while executing runnable org.apache.ratis.thirdparty.io.grpc.internal.ServerImpl$JumpToApplicationThreadServerStreamListener$1Closed@77292826
org.apache.ratis.thirdparty.io.grpc.StatusRuntimeException: CANCELLED: call already cancelled
	at org.apache.ratis.thirdparty.io.grpc.Status.asRuntimeException(Status.java:517)
	at org.apache.ratis.thirdparty.io.grpc.stub.ServerCalls$ServerCallStreamObserverImpl.onCompleted(ServerCalls.java:356)
	at org.apache.ratis.grpc.server.GrpcServerProtocolService$ServerRequestStreamObserver.onError(GrpcServerProtocolService.java:121)
	at org.apache.ratis.thirdparty.io.grpc.stub.ServerCalls$StreamingServerCallHandler$StreamingServerCallListener.onCancel(ServerCalls.java:269)
	at org.apache.ratis.thirdparty.io.grpc.internal.ServerCallImpl$ServerStreamListenerImpl.closed(ServerCallImpl.java:293)
	at org.apache.ratis.thirdparty.io.grpc.internal.ServerImpl$JumpToApplicationThreadServerStreamListener$1Closed.runInContext(ServerImpl.java:741)
	at org.apache.ratis.thirdparty.io.grpc.internal.ContextRunnable.run(ContextRunnable.java:37)
	at org.apache.ratis.thirdparty.io.grpc.internal.SerializingExecutor.run(SerializingExecutor.java:123)
	at java.util.concurrent.ThreadPoolExecutor.runWorker(ThreadPoolExecutor.java:1149)
	at java.util.concurrent.ThreadPoolExecutor$Worker.run(ThreadPoolExecutor.java:624)
	at java.lang.Thread.run(Thread.java:748)

]]></system-err>
  </testcase>
  <testcase name="testMultiBlockWritesWithDnFailures" classname="org.apache.hadoop.ozone.client.rpc.TestMultiBlockWritesWithDnFailures" time="84.483">
    <error message="Allocated 0 blocks. Requested 1 blocks" type="INTERNAL_ERROR org.apache.hadoop.ozone.om.exceptions.OMException">INTERNAL_ERROR org.apache.hadoop.ozone.om.exceptions.OMException: Allocated 0 blocks. Requested 1 blocks
	at org.apache.hadoop.ozone.om.protocolPB.OzoneManagerProtocolClientSideTranslatorPB.handleError(OzoneManagerProtocolClientSideTranslatorPB.java:732)
	at org.apache.hadoop.ozone.om.protocolPB.OzoneManagerProtocolClientSideTranslatorPB.allocateBlock(OzoneManagerProtocolClientSideTranslatorPB.java:764)
	at sun.reflect.NativeMethodAccessorImpl.invoke0(Native Method)
	at sun.reflect.NativeMethodAccessorImpl.invoke(NativeMethodAccessorImpl.java:62)
	at sun.reflect.DelegatingMethodAccessorImpl.invoke(DelegatingMethodAccessorImpl.java:43)
	at java.lang.reflect.Method.invoke(Method.java:498)
	at org.apache.hadoop.hdds.tracing.TraceAllMethod.invoke(TraceAllMethod.java:66)
	at com.sun.proxy.$Proxy36.allocateBlock(Unknown Source)
	at org.apache.hadoop.ozone.client.io.BlockOutputStreamEntryPool.allocateNewBlock(BlockOutputStreamEntryPool.java:248)
	at org.apache.hadoop.ozone.client.io.BlockOutputStreamEntryPool.allocateBlockIfNeeded(BlockOutputStreamEntryPool.java:296)
	at org.apache.hadoop.ozone.client.io.KeyOutputStream.handleWrite(KeyOutputStream.java:198)
	at org.apache.hadoop.ozone.client.io.KeyOutputStream.handleRetry(KeyOutputStream.java:375)
	at org.apache.hadoop.ozone.client.io.KeyOutputStream.handleException(KeyOutputStream.java:324)
	at org.apache.hadoop.ozone.client.io.KeyOutputStream.handleWrite(KeyOutputStream.java:228)
	at org.apache.hadoop.ozone.client.io.KeyOutputStream.write(KeyOutputStream.java:190)
	at org.apache.hadoop.ozone.client.io.OzoneOutputStream.write(OzoneOutputStream.java:49)
	at java.io.OutputStream.write(OutputStream.java:75)
	at org.apache.hadoop.ozone.client.rpc.TestMultiBlockWritesWithDnFailures.testMultiBlockWritesWithDnFailures(TestMultiBlockWritesWithDnFailures.java:145)
	at sun.reflect.NativeMethodAccessorImpl.invoke0(Native Method)
	at sun.reflect.NativeMethodAccessorImpl.invoke(NativeMethodAccessorImpl.java:62)
	at sun.reflect.DelegatingMethodAccessorImpl.invoke(DelegatingMethodAccessorImpl.java:43)
	at java.lang.reflect.Method.invoke(Method.java:498)
	at org.junit.runners.model.FrameworkMethod$1.runReflectiveCall(FrameworkMethod.java:47)
	at org.junit.internal.runners.model.ReflectiveCallable.run(ReflectiveCallable.java:12)
	at org.junit.runners.model.FrameworkMethod.invokeExplosively(FrameworkMethod.java:44)
	at org.junit.internal.runners.statements.InvokeMethod.evaluate(InvokeMethod.java:17)
	at org.junit.internal.runners.statements.RunAfters.evaluate(RunAfters.java:27)
	at org.junit.runners.ParentRunner.runLeaf(ParentRunner.java:271)
	at org.junit.runners.BlockJUnit4ClassRunner.runChild(BlockJUnit4ClassRunner.java:70)
	at org.junit.runners.BlockJUnit4ClassRunner.runChild(BlockJUnit4ClassRunner.java:50)
	at org.junit.runners.ParentRunner$3.run(ParentRunner.java:238)
	at org.junit.runners.ParentRunner$1.schedule(ParentRunner.java:63)
	at org.junit.runners.ParentRunner.runChildren(ParentRunner.java:236)
	at org.junit.runners.ParentRunner.access$000(ParentRunner.java:53)
	at org.junit.runners.ParentRunner$2.evaluate(ParentRunner.java:229)
	at org.junit.runners.ParentRunner.run(ParentRunner.java:309)
	at org.apache.maven.surefire.junit4.JUnit4Provider.execute(JUnit4Provider.java:365)
	at org.apache.maven.surefire.junit4.JUnit4Provider.executeWithRerun(JUnit4Provider.java:273)
	at org.apache.maven.surefire.junit4.JUnit4Provider.executeTestSet(JUnit4Provider.java:238)
	at org.apache.maven.surefire.junit4.JUnit4Provider.invoke(JUnit4Provider.java:159)
	at org.apache.maven.surefire.booter.ForkedBooter.invokeProviderInSameClassLoader(ForkedBooter.java:384)
	at org.apache.maven.surefire.booter.ForkedBooter.runSuitesInProcess(ForkedBooter.java:345)
	at org.apache.maven.surefire.booter.ForkedBooter.execute(ForkedBooter.java:126)
	at org.apache.maven.surefire.booter.ForkedBooter.main(ForkedBooter.java:418)
</error>
    <system-out><![CDATA[2019-09-24 18:19:53,934 [main] WARN  server.ServerUtils (ServerUtils.java:getScmDbDir(145)) - ozone.scm.db.dirs is not configured. We recommend adding this setting. Falling back to ozone.metadata.dirs instead.
2019-09-24 18:19:55,423 [main] WARN  server.ServerUtils (ServerUtils.java:getScmDbDir(145)) - ozone.scm.db.dirs is not configured. We recommend adding this setting. Falling back to ozone.metadata.dirs instead.
2019-09-24 18:19:55,424 [main] WARN  server.ServerUtils (ServerUtils.java:getScmDbDir(145)) - ozone.scm.db.dirs is not configured. We recommend adding this setting. Falling back to ozone.metadata.dirs instead.
2019-09-24 18:19:55,424 [main] INFO  db.DBStoreBuilder (DBStoreBuilder.java:addTable(110)) - using custom profile for table: deletedBlocks
2019-09-24 18:19:55,425 [main] INFO  db.DBStoreBuilder (DBStoreBuilder.java:processTables(161)) - Using default column profile:DBProfile.DISK for Table:deletedBlocks
2019-09-24 18:19:55,425 [main] INFO  db.DBStoreBuilder (DBStoreBuilder.java:addTable(110)) - using custom profile for table: validCerts
2019-09-24 18:19:55,425 [main] INFO  db.DBStoreBuilder (DBStoreBuilder.java:processTables(161)) - Using default column profile:DBProfile.DISK for Table:validCerts
2019-09-24 18:19:55,426 [main] INFO  db.DBStoreBuilder (DBStoreBuilder.java:addTable(110)) - using custom profile for table: revokedCerts
2019-09-24 18:19:55,426 [main] INFO  db.DBStoreBuilder (DBStoreBuilder.java:processTables(161)) - Using default column profile:DBProfile.DISK for Table:revokedCerts
2019-09-24 18:19:55,427 [main] INFO  db.DBStoreBuilder (DBStoreBuilder.java:addTable(110)) - using custom profile for table: default
2019-09-24 18:19:55,427 [main] INFO  db.DBStoreBuilder (DBStoreBuilder.java:processTables(167)) - Using default column profile:DBProfile.DISK for Table:default
2019-09-24 18:19:55,427 [main] INFO  db.DBStoreBuilder (DBStoreBuilder.java:getDbProfile(198)) - Using default options. DBProfile.DISK
2019-09-24 18:20:06,210 [main] INFO  net.NodeSchemaLoader (NodeSchemaLoader.java:loadSchemaFromFile(125)) - Loading file from sun.misc.CompoundEnumeration@77f905e3
2019-09-24 18:20:06,210 [main] INFO  net.NodeSchemaLoader (NodeSchemaLoader.java:loadSchema(171)) - Loading network topology layer schema file
2019-09-24 18:20:06,216 [main] INFO  node.SCMNodeManager (SCMNodeManager.java:<init>(114)) - Entering startup safe mode.
2019-09-24 18:20:06,217 [main] INFO  algorithms.ContainerPlacementPolicyFactory (ContainerPlacementPolicyFactory.java:getPolicy(57)) - Create container placement policy of type org.apache.hadoop.hdds.scm.container.placement.algorithms.SCMContainerPlacementRandom
2019-09-24 18:20:06,217 [main] WARN  server.ServerUtils (ServerUtils.java:getScmDbDir(145)) - ozone.scm.db.dirs is not configured. We recommend adding this setting. Falling back to ozone.metadata.dirs instead.
2019-09-24 18:20:06,240 [main] INFO  pipeline.SCMPipelineManager (SCMPipelineManager.java:initializePipelineState(132)) - No pipeline exists in current db
2019-09-24 18:20:06,240 [main] WARN  server.ServerUtils (ServerUtils.java:getScmDbDir(145)) - ozone.scm.db.dirs is not configured. We recommend adding this setting. Falling back to ozone.metadata.dirs instead.
2019-09-24 18:20:06,306 [main] WARN  events.EventQueue (EventQueue.java:fireEvent(183)) - No event handler registered for event TypedEvent{payloadType=SafeModeStatus, name='SafeModeStatus'}
2019-09-24 18:20:06,307 [main] INFO  ipc.CallQueueManager (CallQueueManager.java:<init>(84)) - Using callQueue: class java.util.concurrent.LinkedBlockingQueue, queueCapacity: 2000, scheduler: class org.apache.hadoop.ipc.DefaultRpcScheduler, ipcBackoff: false.
2019-09-24 18:20:06,308 [Socket Reader #1 for port 37616] INFO  ipc.Server (Server.java:run(1074)) - Starting Socket Reader #1 for port 37616
2019-09-24 18:20:06,311 [main] INFO  ipc.CallQueueManager (CallQueueManager.java:<init>(84)) - Using callQueue: class java.util.concurrent.LinkedBlockingQueue, queueCapacity: 2000, scheduler: class org.apache.hadoop.ipc.DefaultRpcScheduler, ipcBackoff: false.
2019-09-24 18:20:06,312 [Socket Reader #1 for port 44564] INFO  ipc.Server (Server.java:run(1074)) - Starting Socket Reader #1 for port 44564
2019-09-24 18:20:06,313 [main] INFO  ipc.CallQueueManager (CallQueueManager.java:<init>(84)) - Using callQueue: class java.util.concurrent.LinkedBlockingQueue, queueCapacity: 2000, scheduler: class org.apache.hadoop.ipc.DefaultRpcScheduler, ipcBackoff: false.
2019-09-24 18:20:06,314 [Socket Reader #1 for port 34835] INFO  ipc.Server (Server.java:run(1074)) - Starting Socket Reader #1 for port 34835
2019-09-24 18:20:06,317 [main] INFO  hdfs.DFSUtil (DFSUtil.java:httpServerTemplateForNNAndJN(1641)) - Starting Web-server for scm at: http://0.0.0.0:0
2019-09-24 18:20:06,320 [main] INFO  server.AuthenticationFilter (AuthenticationFilter.java:constructSecretProvider(240)) - Unable to initialize FileSignerSecretProvider, falling back to use random secrets.
2019-09-24 18:20:06,321 [main] WARN  http.HttpRequestLog (HttpRequestLog.java:getRequestLog(97)) - Jetty request log can only be enabled using Log4j
2019-09-24 18:20:06,324 [main] INFO  http.HttpServer2 (HttpServer2.java:addGlobalFilter(975)) - Added global filter 'safety' (class=org.apache.hadoop.http.HttpServer2$QuotingInputFilter)
2019-09-24 18:20:06,325 [main] INFO  http.HttpServer2 (HttpServer2.java:addFilter(948)) - Added filter static_user_filter (class=org.apache.hadoop.http.lib.StaticUserWebFilter$StaticUserFilter) to context scm
2019-09-24 18:20:06,325 [main] INFO  http.HttpServer2 (HttpServer2.java:addFilter(958)) - Added filter static_user_filter (class=org.apache.hadoop.http.lib.StaticUserWebFilter$StaticUserFilter) to context logs
2019-09-24 18:20:06,325 [main] INFO  http.HttpServer2 (HttpServer2.java:addFilter(958)) - Added filter static_user_filter (class=org.apache.hadoop.http.lib.StaticUserWebFilter$StaticUserFilter) to context static
2019-09-24 18:20:06,328 [main] INFO  server.StorageContainerManager (StorageContainerManager.java:start(770)) - StorageContainerLocationProtocol RPC server is listening at /0.0.0.0:34835
2019-09-24 18:20:06,330 [main] WARN  impl.MetricsConfig (MetricsConfig.java:loadFirst(134)) - Cannot locate configuration: tried hadoop-metrics2-storagecontainermanager.properties,hadoop-metrics2.properties
2019-09-24 18:20:06,332 [main] INFO  impl.MetricsSystemImpl (MetricsSystemImpl.java:startTimer(374)) - Scheduled Metric snapshot period at 10 second(s).
2019-09-24 18:20:06,332 [main] INFO  impl.MetricsSystemImpl (MetricsSystemImpl.java:start(191)) - StorageContainerManager metrics system started
2019-09-24 18:20:06,373 [main] WARN  impl.MetricsSystemImpl (MetricsSystemImpl.java:register(276)) - Sink prometheus already exists!
2019-09-24 18:20:06,379 [main] INFO  server.SCMClientProtocolServer (SCMClientProtocolServer.java:start(151)) - RPC server for Client  is listening at /0.0.0.0:34835
2019-09-24 18:20:06,380 [IPC Server Responder] INFO  ipc.Server (Server.java:run(1314)) - IPC Server Responder: starting
2019-09-24 18:20:06,380 [IPC Server listener on 34835] INFO  ipc.Server (Server.java:run(1153)) - IPC Server listener on 34835: starting
2019-09-24 18:20:06,385 [main] INFO  server.StorageContainerManager (StorageContainerManager.java:start(780)) - ScmBlockLocationProtocol RPC server is listening at /0.0.0.0:44564
2019-09-24 18:20:06,386 [main] INFO  server.SCMBlockProtocolServer (SCMBlockProtocolServer.java:start(146)) - RPC server for Block Protocol is listening at /0.0.0.0:44564
2019-09-24 18:20:06,386 [IPC Server Responder] INFO  ipc.Server (Server.java:run(1314)) - IPC Server Responder: starting
2019-09-24 18:20:06,386 [IPC Server listener on 44564] INFO  ipc.Server (Server.java:run(1153)) - IPC Server listener on 44564: starting
2019-09-24 18:20:06,390 [main] INFO  server.StorageContainerManager (StorageContainerManager.java:start(784)) - ScmDatanodeProtocl RPC server is listening at /0.0.0.0:37616
2019-09-24 18:20:06,390 [main] INFO  server.SCMDatanodeProtocolServer (SCMDatanodeProtocolServer.java:start(191)) - RPC server for DataNodes is listening at /0.0.0.0:37616
2019-09-24 18:20:06,391 [IPC Server Responder] INFO  ipc.Server (Server.java:run(1314)) - IPC Server Responder: starting
2019-09-24 18:20:06,391 [IPC Server listener on 37616] INFO  ipc.Server (Server.java:run(1153)) - IPC Server listener on 37616: starting
2019-09-24 18:20:06,395 [main] INFO  http.HttpServer2 (HttpServer2.java:bindListener(1191)) - Jetty bound to port 38202
2019-09-24 18:20:06,395 [main] INFO  server.Server (Server.java:doStart(351)) - jetty-9.3.25.v20180904, build timestamp: 2018-09-04T21:11:46Z, git hash: 3ce520221d0240229c862b122d2b06c12a625732
2019-09-24 18:20:06,398 [main] INFO  handler.ContextHandler (ContextHandler.java:doStart(781)) - Started o.e.j.s.ServletContextHandler@463561c5{/logs,file:///workdir/hadoop-ozone/integration-test/target/log,AVAILABLE}
2019-09-24 18:20:06,399 [main] INFO  handler.ContextHandler (ContextHandler.java:doStart(781)) - Started o.e.j.s.ServletContextHandler@3468ee6e{/static,file:///workdir/hadoop-ozone/integration-test/target/test-classes/webapps/static,AVAILABLE}
2019-09-24 18:20:06,404 [main] INFO  handler.ContextHandler (ContextHandler.java:doStart(781)) - Started o.e.j.w.WebAppContext@3382cf68{/,file:///workdir/hadoop-ozone/integration-test/target/test-classes/webapps/scm/,AVAILABLE}{/scm}
2019-09-24 18:20:06,405 [main] INFO  server.AbstractConnector (AbstractConnector.java:doStart(278)) - Started ServerConnector@2f74900b{HTTP/1.1,[http/1.1]}{0.0.0.0:38202}
2019-09-24 18:20:06,405 [main] INFO  server.Server (Server.java:doStart(419)) - Started @94915ms
2019-09-24 18:20:06,405 [main] WARN  impl.MetricsSystemImpl (MetricsSystemImpl.java:register(276)) - Sink prometheus already exists!
2019-09-24 18:20:06,406 [main] INFO  server.BaseHttpServer (BaseHttpServer.java:updateConnectorAddress(215)) - HTTP server of SCM is listening at http://0.0.0.0:38202
2019-09-24 18:20:06,407 [main] WARN  server.ServerUtils (ServerUtils.java:getDBPath(222)) - ozone.om.db.dirs is not configured. We recommend adding this setting. Falling back to ozone.metadata.dirs instead.
2019-09-24 18:20:06,407 [org.apache.hadoop.util.JvmPauseMonitor$Monitor@2e26173] INFO  util.JvmPauseMonitor (JvmPauseMonitor.java:run(188)) - Starting JVM pause monitor
2019-09-24 18:20:06,421 [main] WARN  server.ServerUtils (ServerUtils.java:getDBPath(222)) - ozone.om.db.dirs is not configured. We recommend adding this setting. Falling back to ozone.metadata.dirs instead.
2019-09-24 18:20:06,421 [main] WARN  server.ServerUtils (ServerUtils.java:getDBPath(222)) - ozone.om.db.dirs is not configured. We recommend adding this setting. Falling back to ozone.metadata.dirs instead.
2019-09-24 18:20:06,422 [main] INFO  om.OzoneManager (OzoneManager.java:setOMNodeDetails(652)) - OM Service ID is not set. Setting it to the default ID: omServiceIdDefault
2019-09-24 18:20:06,422 [main] INFO  om.OzoneManager (OzoneManager.java:setOMNodeDetails(658)) - OM Node ID is not set. Setting it to the OmStorage's OmID: 8c7f5dc4-3fdc-4084-a7db-9abcb2603f33
2019-09-24 18:20:06,422 [main] INFO  om.OzoneManager (OzoneManager.java:loadOMHAConfigs(609)) - Found matching OM address with OMServiceId: null, OMNodeId: null, RPC Address: localhost:0 and Ratis port: 9872
2019-09-24 18:20:06,430 [main] WARN  server.ServerUtils (ServerUtils.java:getDBPath(222)) - ozone.om.db.dirs is not configured. We recommend adding this setting. Falling back to ozone.metadata.dirs instead.
2019-09-24 18:20:06,431 [main] INFO  db.DBStoreBuilder (DBStoreBuilder.java:addTable(110)) - using custom profile for table: userTable
2019-09-24 18:20:06,431 [main] INFO  db.DBStoreBuilder (DBStoreBuilder.java:processTables(161)) - Using default column profile:DBProfile.DISK for Table:userTable
2019-09-24 18:20:06,431 [main] INFO  db.DBStoreBuilder (DBStoreBuilder.java:addTable(110)) - using custom profile for table: volumeTable
2019-09-24 18:20:06,431 [main] INFO  db.DBStoreBuilder (DBStoreBuilder.java:processTables(161)) - Using default column profile:DBProfile.DISK for Table:volumeTable
2019-09-24 18:20:06,431 [main] INFO  db.DBStoreBuilder (DBStoreBuilder.java:addTable(110)) - using custom profile for table: bucketTable
2019-09-24 18:20:06,432 [main] INFO  db.DBStoreBuilder (DBStoreBuilder.java:processTables(161)) - Using default column profile:DBProfile.DISK for Table:bucketTable
2019-09-24 18:20:06,432 [main] INFO  db.DBStoreBuilder (DBStoreBuilder.java:addTable(110)) - using custom profile for table: keyTable
2019-09-24 18:20:06,432 [main] INFO  db.DBStoreBuilder (DBStoreBuilder.java:processTables(161)) - Using default column profile:DBProfile.DISK for Table:keyTable
2019-09-24 18:20:06,432 [main] INFO  db.DBStoreBuilder (DBStoreBuilder.java:addTable(110)) - using custom profile for table: deletedTable
2019-09-24 18:20:06,432 [main] INFO  db.DBStoreBuilder (DBStoreBuilder.java:processTables(161)) - Using default column profile:DBProfile.DISK for Table:deletedTable
2019-09-24 18:20:06,433 [main] INFO  db.DBStoreBuilder (DBStoreBuilder.java:addTable(110)) - using custom profile for table: openKeyTable
2019-09-24 18:20:06,433 [main] INFO  db.DBStoreBuilder (DBStoreBuilder.java:processTables(161)) - Using default column profile:DBProfile.DISK for Table:openKeyTable
2019-09-24 18:20:06,433 [main] INFO  db.DBStoreBuilder (DBStoreBuilder.java:addTable(110)) - using custom profile for table: s3Table
2019-09-24 18:20:06,433 [main] INFO  db.DBStoreBuilder (DBStoreBuilder.java:processTables(161)) - Using default column profile:DBProfile.DISK for Table:s3Table
2019-09-24 18:20:06,433 [main] INFO  db.DBStoreBuilder (DBStoreBuilder.java:addTable(110)) - using custom profile for table: multipartInfoTable
2019-09-24 18:20:06,434 [main] INFO  db.DBStoreBuilder (DBStoreBuilder.java:processTables(161)) - Using default column profile:DBProfile.DISK for Table:multipartInfoTable
2019-09-24 18:20:06,434 [main] INFO  db.DBStoreBuilder (DBStoreBuilder.java:addTable(110)) - using custom profile for table: dTokenTable
2019-09-24 18:20:06,434 [main] INFO  db.DBStoreBuilder (DBStoreBuilder.java:processTables(161)) - Using default column profile:DBProfile.DISK for Table:dTokenTable
2019-09-24 18:20:06,434 [main] INFO  db.DBStoreBuilder (DBStoreBuilder.java:addTable(110)) - using custom profile for table: s3SecretTable
2019-09-24 18:20:06,434 [main] INFO  db.DBStoreBuilder (DBStoreBuilder.java:processTables(161)) - Using default column profile:DBProfile.DISK for Table:s3SecretTable
2019-09-24 18:20:06,435 [main] INFO  db.DBStoreBuilder (DBStoreBuilder.java:addTable(110)) - using custom profile for table: prefixTable
2019-09-24 18:20:06,435 [main] INFO  db.DBStoreBuilder (DBStoreBuilder.java:processTables(161)) - Using default column profile:DBProfile.DISK for Table:prefixTable
2019-09-24 18:20:06,435 [main] INFO  db.DBStoreBuilder (DBStoreBuilder.java:addTable(110)) - using custom profile for table: default
2019-09-24 18:20:06,435 [main] INFO  db.DBStoreBuilder (DBStoreBuilder.java:processTables(167)) - Using default column profile:DBProfile.DISK for Table:default
2019-09-24 18:20:06,435 [main] INFO  db.DBStoreBuilder (DBStoreBuilder.java:getDbProfile(198)) - Using default options. DBProfile.DISK
2019-09-24 18:20:17,432 [main] INFO  ipc.CallQueueManager (CallQueueManager.java:<init>(84)) - Using callQueue: class java.util.concurrent.LinkedBlockingQueue, queueCapacity: 2000, scheduler: class org.apache.hadoop.ipc.DefaultRpcScheduler, ipcBackoff: false.
2019-09-24 18:20:17,434 [Socket Reader #1 for port 42438] INFO  ipc.Server (Server.java:run(1074)) - Starting Socket Reader #1 for port 42438
2019-09-24 18:20:17,454 [main] INFO  om.OzoneManager (OzoneManager.java:start(1243)) - OzoneManager RPC server is listening at localhost/127.0.0.1:42438
2019-09-24 18:20:17,454 [main] INFO  impl.MetricsSystemImpl (MetricsSystemImpl.java:init(158)) - OzoneManager metrics system started (again)
2019-09-24 18:20:17,455 [IPC Server Responder] INFO  ipc.Server (Server.java:run(1314)) - IPC Server Responder: starting
2019-09-24 18:20:17,456 [IPC Server listener on 42438] INFO  ipc.Server (Server.java:run(1153)) - IPC Server listener on 42438: starting
2019-09-24 18:20:17,462 [main] INFO  hdfs.DFSUtil (DFSUtil.java:httpServerTemplateForNNAndJN(1641)) - Starting Web-server for ozoneManager at: http://0.0.0.0:0
2019-09-24 18:20:17,465 [main] INFO  server.AuthenticationFilter (AuthenticationFilter.java:constructSecretProvider(240)) - Unable to initialize FileSignerSecretProvider, falling back to use random secrets.
2019-09-24 18:20:17,465 [main] WARN  http.HttpRequestLog (HttpRequestLog.java:getRequestLog(97)) - Jetty request log can only be enabled using Log4j
2019-09-24 18:20:17,468 [main] INFO  http.HttpServer2 (HttpServer2.java:addGlobalFilter(975)) - Added global filter 'safety' (class=org.apache.hadoop.http.HttpServer2$QuotingInputFilter)
2019-09-24 18:20:17,469 [main] INFO  http.HttpServer2 (HttpServer2.java:addFilter(948)) - Added filter static_user_filter (class=org.apache.hadoop.http.lib.StaticUserWebFilter$StaticUserFilter) to context ozoneManager
2019-09-24 18:20:17,469 [main] INFO  http.HttpServer2 (HttpServer2.java:addFilter(958)) - Added filter static_user_filter (class=org.apache.hadoop.http.lib.StaticUserWebFilter$StaticUserFilter) to context static
2019-09-24 18:20:17,470 [main] INFO  http.HttpServer2 (HttpServer2.java:addFilter(958)) - Added filter static_user_filter (class=org.apache.hadoop.http.lib.StaticUserWebFilter$StaticUserFilter) to context logs
2019-09-24 18:20:17,471 [main] INFO  http.HttpServer2 (HttpServer2.java:bindListener(1191)) - Jetty bound to port 35963
2019-09-24 18:20:17,472 [main] INFO  server.Server (Server.java:doStart(351)) - jetty-9.3.25.v20180904, build timestamp: 2018-09-04T21:11:46Z, git hash: 3ce520221d0240229c862b122d2b06c12a625732
2019-09-24 18:20:17,475 [main] INFO  handler.ContextHandler (ContextHandler.java:doStart(781)) - Started o.e.j.s.ServletContextHandler@188598ad{/logs,file:///workdir/hadoop-ozone/integration-test/target/log,AVAILABLE}
2019-09-24 18:20:17,475 [main] INFO  handler.ContextHandler (ContextHandler.java:doStart(781)) - Started o.e.j.s.ServletContextHandler@7cf78c85{/static,file:///workdir/hadoop-ozone/integration-test/target/test-classes/webapps/static,AVAILABLE}
2019-09-24 18:20:17,481 [main] INFO  handler.ContextHandler (ContextHandler.java:doStart(781)) - Started o.e.j.w.WebAppContext@3f81621c{/,file:///workdir/hadoop-ozone/integration-test/target/test-classes/webapps/ozoneManager/,AVAILABLE}{/ozoneManager}
2019-09-24 18:20:17,482 [main] INFO  server.AbstractConnector (AbstractConnector.java:doStart(278)) - Started ServerConnector@5b9499fe{HTTP/1.1,[http/1.1]}{0.0.0.0:35963}
2019-09-24 18:20:17,483 [main] INFO  server.Server (Server.java:doStart(419)) - Started @105993ms
2019-09-24 18:20:17,483 [main] WARN  impl.MetricsSystemImpl (MetricsSystemImpl.java:register(276)) - Sink prometheus already exists!
2019-09-24 18:20:17,485 [main] INFO  server.BaseHttpServer (BaseHttpServer.java:updateConnectorAddress(215)) - HTTP server of OZONEMANAGER is listening at http://0.0.0.0:35963
2019-09-24 18:20:17,505 [main] INFO  impl.MetricsSystemImpl (MetricsSystemImpl.java:init(158)) - HddsDatanode metrics system started (again)
2019-09-24 18:20:17,507 [main] INFO  ozone.HddsDatanodeService (HddsDatanodeService.java:start(184)) - HddsDatanodeService host:pr-hdds-2171-6l6hb-1841322612 ip:192.168.36.84
2019-09-24 18:20:17,513 [main] INFO  volume.HddsVolume (HddsVolume.java:<init>(176)) - Creating Volume: /workdir/hadoop-ozone/integration-test/target/test-dir/MiniOzoneClusterImpl-186cfbc1-6a32-40a9-9f2d-6a573dc3a7dc/datanode-0/data/containers/hdds of  storage type : DISK and capacity : 1482555576320
2019-09-24 18:20:17,513 [main] INFO  volume.VolumeSet (VolumeSet.java:initializeVolumeSet(170)) - Added Volume : /workdir/hadoop-ozone/integration-test/target/test-dir/MiniOzoneClusterImpl-186cfbc1-6a32-40a9-9f2d-6a573dc3a7dc/datanode-0/data/containers/hdds to VolumeSet
2019-09-24 18:20:17,514 [main] INFO  volume.ThrottledAsyncChecker (ThrottledAsyncChecker.java:schedule(139)) - Scheduling a check for org.apache.hadoop.ozone.container.common.volume.HddsVolume@f425231
2019-09-24 18:20:17,514 [main] INFO  volume.HddsVolumeChecker (HddsVolumeChecker.java:checkAllVolumes(202)) - Scheduled health check for volume org.apache.hadoop.ozone.container.common.volume.HddsVolume@f425231
2019-09-24 18:20:17,531 [main] INFO  impl.RaftServerProxy (ConfUtils.java:logGet(43)) - raft.rpc.type = GRPC (default)
2019-09-24 18:20:17,531 [main] INFO  grpc.GrpcFactory (GrpcFactory.java:checkPooledByteBufAllocatorUseCacheForAllThreads(45)) - PERFORMANCE WARNING: useCacheForAllThreads is true that may cause Netty to create a lot garbage objects and, as a result, trigger GC.
	It is recommended to disable useCacheForAllThreads by setting -Dorg.apache.ratis.thirdparty.io.netty.allocator.useCacheForAllThreads=false in command line.
2019-09-24 18:20:17,532 [main] INFO  grpc.GrpcConfigKeys$Server (ConfUtils.java:logGet(43)) - raft.grpc.server.port = 0 (default)
2019-09-24 18:20:17,532 [main] INFO  server.GrpcService (ConfUtils.java:logGet(43)) - raft.grpc.message.size.max = 33570816 (custom)
2019-09-24 18:20:17,533 [main] INFO  server.RaftServerConfigKeys (ConfUtils.java:logGet(43)) - raft.server.log.appender.buffer.byte-limit = 33554432 (custom)
2019-09-24 18:20:17,533 [main] INFO  server.GrpcService (ConfUtils.java:logGet(43)) - raft.grpc.flow.control.window = 1MB (=1048576) (default)
2019-09-24 18:20:17,533 [main] INFO  server.RaftServerConfigKeys (ConfUtils.java:logGet(43)) - raft.server.rpc.request.timeout = 3000ms (default)
2019-09-24 18:20:17,534 [main] INFO  server.RaftServerConfigKeys (ConfUtils.java:logGet(43)) - raft.server.storage.dir = [/workdir/hadoop-ozone/integration-test/target/test-dir/MiniOzoneClusterImpl-186cfbc1-6a32-40a9-9f2d-6a573dc3a7dc/datanode-0/data/ratis] (custom)
2019-09-24 18:20:17,536 [main] INFO  hdfs.DFSUtil (DFSUtil.java:httpServerTemplateForNNAndJN(1641)) - Starting Web-server for hddsDatanode at: http://0.0.0.0:0
2019-09-24 18:20:17,537 [main] INFO  server.AuthenticationFilter (AuthenticationFilter.java:constructSecretProvider(240)) - Unable to initialize FileSignerSecretProvider, falling back to use random secrets.
2019-09-24 18:20:17,538 [main] WARN  http.HttpRequestLog (HttpRequestLog.java:getRequestLog(97)) - Jetty request log can only be enabled using Log4j
2019-09-24 18:20:17,539 [main] INFO  http.HttpServer2 (HttpServer2.java:addGlobalFilter(975)) - Added global filter 'safety' (class=org.apache.hadoop.http.HttpServer2$QuotingInputFilter)
2019-09-24 18:20:17,540 [main] INFO  http.HttpServer2 (HttpServer2.java:addFilter(948)) - Added filter static_user_filter (class=org.apache.hadoop.http.lib.StaticUserWebFilter$StaticUserFilter) to context hddsDatanode
2019-09-24 18:20:17,540 [main] INFO  http.HttpServer2 (HttpServer2.java:addFilter(958)) - Added filter static_user_filter (class=org.apache.hadoop.http.lib.StaticUserWebFilter$StaticUserFilter) to context logs
2019-09-24 18:20:17,540 [main] INFO  http.HttpServer2 (HttpServer2.java:addFilter(958)) - Added filter static_user_filter (class=org.apache.hadoop.http.lib.StaticUserWebFilter$StaticUserFilter) to context static
2019-09-24 18:20:17,541 [main] INFO  http.HttpServer2 (HttpServer2.java:bindListener(1191)) - Jetty bound to port 40846
2019-09-24 18:20:17,541 [main] INFO  server.Server (Server.java:doStart(351)) - jetty-9.3.25.v20180904, build timestamp: 2018-09-04T21:11:46Z, git hash: 3ce520221d0240229c862b122d2b06c12a625732
2019-09-24 18:20:17,543 [main] INFO  handler.ContextHandler (ContextHandler.java:doStart(781)) - Started o.e.j.s.ServletContextHandler@60c1663c{/logs,file:///workdir/hadoop-ozone/integration-test/target/log,AVAILABLE}
2019-09-24 18:20:17,543 [main] INFO  handler.ContextHandler (ContextHandler.java:doStart(781)) - Started o.e.j.s.ServletContextHandler@3c66b7d8{/static,jar:file:/home/user/.m2/repository/org/apache/hadoop/hadoop-hdds-container-service/0.5.0-SNAPSHOT/hadoop-hdds-container-service-0.5.0-SNAPSHOT.jar!/webapps/static,AVAILABLE}
2019-09-24 18:20:17,572 [main] INFO  handler.ContextHandler (ContextHandler.java:doStart(781)) - Started o.e.j.w.WebAppContext@7ed3df3b{/,file:///tmp/jetty-0.0.0.0-40846-hddsDatanode-_-any-5738528095831919433.dir/webapp/,AVAILABLE}{/hddsDatanode}
2019-09-24 18:20:17,573 [main] INFO  server.AbstractConnector (AbstractConnector.java:doStart(278)) - Started ServerConnector@465b38e6{HTTP/1.1,[http/1.1]}{0.0.0.0:40846}
2019-09-24 18:20:17,574 [main] INFO  server.Server (Server.java:doStart(419)) - Started @106084ms
2019-09-24 18:20:17,574 [main] WARN  impl.MetricsSystemImpl (MetricsSystemImpl.java:register(276)) - Sink prometheus already exists!
2019-09-24 18:20:17,575 [main] INFO  server.BaseHttpServer (BaseHttpServer.java:updateConnectorAddress(215)) - HTTP server of HDDSDATANODE is listening at http://0.0.0.0:40846
2019-09-24 18:20:17,575 [main] INFO  impl.MetricsSystemImpl (MetricsSystemImpl.java:init(158)) - HddsDatanode metrics system started (again)
2019-09-24 18:20:17,578 [org.apache.hadoop.util.JvmPauseMonitor$Monitor@4f5eb3f4] INFO  util.JvmPauseMonitor (JvmPauseMonitor.java:run(188)) - Starting JVM pause monitor
2019-09-24 18:20:17,578 [main] INFO  ozone.HddsDatanodeService (HddsDatanodeService.java:start(184)) - HddsDatanodeService host:pr-hdds-2171-6l6hb-1841322612 ip:192.168.36.84
2019-09-24 18:20:17,581 [Datanode State Machine Thread - 0] INFO  datanode.InitDatanodeState (InitDatanodeState.java:persistContainerDatanodeDetails(140)) - DatanodeDetails is persisted to /workdir/hadoop-ozone/integration-test/target/test-dir/MiniOzoneClusterImpl-186cfbc1-6a32-40a9-9f2d-6a573dc3a7dc/datanode-0/meta/datanode.id
2019-09-24 18:20:17,583 [main] INFO  volume.HddsVolume (HddsVolume.java:<init>(176)) - Creating Volume: /workdir/hadoop-ozone/integration-test/target/test-dir/MiniOzoneClusterImpl-186cfbc1-6a32-40a9-9f2d-6a573dc3a7dc/datanode-1/data/containers/hdds of  storage type : DISK and capacity : 1482555576320
2019-09-24 18:20:17,583 [main] INFO  volume.VolumeSet (VolumeSet.java:initializeVolumeSet(170)) - Added Volume : /workdir/hadoop-ozone/integration-test/target/test-dir/MiniOzoneClusterImpl-186cfbc1-6a32-40a9-9f2d-6a573dc3a7dc/datanode-1/data/containers/hdds to VolumeSet
2019-09-24 18:20:17,584 [main] INFO  volume.ThrottledAsyncChecker (ThrottledAsyncChecker.java:schedule(139)) - Scheduling a check for org.apache.hadoop.ozone.container.common.volume.HddsVolume@2cd4e16a
2019-09-24 18:20:17,584 [main] INFO  volume.HddsVolumeChecker (HddsVolumeChecker.java:checkAllVolumes(202)) - Scheduled health check for volume org.apache.hadoop.ozone.container.common.volume.HddsVolume@2cd4e16a
2019-09-24 18:20:17,597 [main] INFO  impl.RaftServerProxy (ConfUtils.java:logGet(43)) - raft.rpc.type = GRPC (default)
2019-09-24 18:20:17,597 [main] INFO  grpc.GrpcFactory (GrpcFactory.java:checkPooledByteBufAllocatorUseCacheForAllThreads(45)) - PERFORMANCE WARNING: useCacheForAllThreads is true that may cause Netty to create a lot garbage objects and, as a result, trigger GC.
	It is recommended to disable useCacheForAllThreads by setting -Dorg.apache.ratis.thirdparty.io.netty.allocator.useCacheForAllThreads=false in command line.
2019-09-24 18:20:17,597 [main] INFO  grpc.GrpcConfigKeys$Server (ConfUtils.java:logGet(43)) - raft.grpc.server.port = 0 (default)
2019-09-24 18:20:17,598 [main] INFO  server.GrpcService (ConfUtils.java:logGet(43)) - raft.grpc.message.size.max = 33570816 (custom)
2019-09-24 18:20:17,598 [main] INFO  server.RaftServerConfigKeys (ConfUtils.java:logGet(43)) - raft.server.log.appender.buffer.byte-limit = 33554432 (custom)
2019-09-24 18:20:17,598 [main] INFO  server.GrpcService (ConfUtils.java:logGet(43)) - raft.grpc.flow.control.window = 1MB (=1048576) (default)
2019-09-24 18:20:17,598 [main] INFO  server.RaftServerConfigKeys (ConfUtils.java:logGet(43)) - raft.server.rpc.request.timeout = 3000ms (default)
2019-09-24 18:20:17,599 [main] INFO  server.RaftServerConfigKeys (ConfUtils.java:logGet(43)) - raft.server.storage.dir = [/workdir/hadoop-ozone/integration-test/target/test-dir/MiniOzoneClusterImpl-186cfbc1-6a32-40a9-9f2d-6a573dc3a7dc/datanode-1/data/ratis] (custom)
2019-09-24 18:20:17,600 [main] INFO  hdfs.DFSUtil (DFSUtil.java:httpServerTemplateForNNAndJN(1641)) - Starting Web-server for hddsDatanode at: http://0.0.0.0:0
2019-09-24 18:20:17,602 [main] INFO  server.AuthenticationFilter (AuthenticationFilter.java:constructSecretProvider(240)) - Unable to initialize FileSignerSecretProvider, falling back to use random secrets.
2019-09-24 18:20:17,602 [main] WARN  http.HttpRequestLog (HttpRequestLog.java:getRequestLog(97)) - Jetty request log can only be enabled using Log4j
2019-09-24 18:20:17,603 [main] INFO  http.HttpServer2 (HttpServer2.java:addGlobalFilter(975)) - Added global filter 'safety' (class=org.apache.hadoop.http.HttpServer2$QuotingInputFilter)
2019-09-24 18:20:17,604 [main] INFO  http.HttpServer2 (HttpServer2.java:addFilter(948)) - Added filter static_user_filter (class=org.apache.hadoop.http.lib.StaticUserWebFilter$StaticUserFilter) to context hddsDatanode
2019-09-24 18:20:17,604 [main] INFO  http.HttpServer2 (HttpServer2.java:addFilter(958)) - Added filter static_user_filter (class=org.apache.hadoop.http.lib.StaticUserWebFilter$StaticUserFilter) to context static
2019-09-24 18:20:17,605 [main] INFO  http.HttpServer2 (HttpServer2.java:addFilter(958)) - Added filter static_user_filter (class=org.apache.hadoop.http.lib.StaticUserWebFilter$StaticUserFilter) to context logs
2019-09-24 18:20:17,605 [main] INFO  http.HttpServer2 (HttpServer2.java:bindListener(1191)) - Jetty bound to port 34558
2019-09-24 18:20:17,605 [main] INFO  server.Server (Server.java:doStart(351)) - jetty-9.3.25.v20180904, build timestamp: 2018-09-04T21:11:46Z, git hash: 3ce520221d0240229c862b122d2b06c12a625732
2019-09-24 18:20:17,607 [main] INFO  handler.ContextHandler (ContextHandler.java:doStart(781)) - Started o.e.j.s.ServletContextHandler@228bda54{/logs,file:///workdir/hadoop-ozone/integration-test/target/log,AVAILABLE}
2019-09-24 18:20:17,608 [main] INFO  handler.ContextHandler (ContextHandler.java:doStart(781)) - Started o.e.j.s.ServletContextHandler@b3e86d5{/static,jar:file:/home/user/.m2/repository/org/apache/hadoop/hadoop-hdds-container-service/0.5.0-SNAPSHOT/hadoop-hdds-container-service-0.5.0-SNAPSHOT.jar!/webapps/static,AVAILABLE}
2019-09-24 18:20:17,636 [main] INFO  handler.ContextHandler (ContextHandler.java:doStart(781)) - Started o.e.j.w.WebAppContext@ffd4cba{/,file:///tmp/jetty-0.0.0.0-34558-hddsDatanode-_-any-3443097124292669148.dir/webapp/,AVAILABLE}{/hddsDatanode}
2019-09-24 18:20:17,637 [main] INFO  server.AbstractConnector (AbstractConnector.java:doStart(278)) - Started ServerConnector@5f1483fd{HTTP/1.1,[http/1.1]}{0.0.0.0:34558}
2019-09-24 18:20:17,638 [main] INFO  server.Server (Server.java:doStart(419)) - Started @106148ms
2019-09-24 18:20:17,638 [main] WARN  impl.MetricsSystemImpl (MetricsSystemImpl.java:register(276)) - Sink prometheus already exists!
2019-09-24 18:20:17,639 [main] INFO  server.BaseHttpServer (BaseHttpServer.java:updateConnectorAddress(215)) - HTTP server of HDDSDATANODE is listening at http://0.0.0.0:34558
2019-09-24 18:20:17,639 [main] INFO  impl.MetricsSystemImpl (MetricsSystemImpl.java:init(158)) - HddsDatanode metrics system started (again)
2019-09-24 18:20:17,642 [main] INFO  ozone.HddsDatanodeService (HddsDatanodeService.java:start(184)) - HddsDatanodeService host:pr-hdds-2171-6l6hb-1841322612 ip:192.168.36.84
2019-09-24 18:20:17,642 [org.apache.hadoop.util.JvmPauseMonitor$Monitor@4f1c59e3] INFO  util.JvmPauseMonitor (JvmPauseMonitor.java:run(188)) - Starting JVM pause monitor
2019-09-24 18:20:17,644 [Datanode State Machine Thread - 0] INFO  datanode.InitDatanodeState (InitDatanodeState.java:persistContainerDatanodeDetails(140)) - DatanodeDetails is persisted to /workdir/hadoop-ozone/integration-test/target/test-dir/MiniOzoneClusterImpl-186cfbc1-6a32-40a9-9f2d-6a573dc3a7dc/datanode-1/meta/datanode.id
2019-09-24 18:20:17,648 [main] INFO  volume.HddsVolume (HddsVolume.java:<init>(176)) - Creating Volume: /workdir/hadoop-ozone/integration-test/target/test-dir/MiniOzoneClusterImpl-186cfbc1-6a32-40a9-9f2d-6a573dc3a7dc/datanode-2/data/containers/hdds of  storage type : DISK and capacity : 1482555576320
2019-09-24 18:20:17,648 [main] INFO  volume.VolumeSet (VolumeSet.java:initializeVolumeSet(170)) - Added Volume : /workdir/hadoop-ozone/integration-test/target/test-dir/MiniOzoneClusterImpl-186cfbc1-6a32-40a9-9f2d-6a573dc3a7dc/datanode-2/data/containers/hdds to VolumeSet
2019-09-24 18:20:17,648 [main] INFO  volume.ThrottledAsyncChecker (ThrottledAsyncChecker.java:schedule(139)) - Scheduling a check for org.apache.hadoop.ozone.container.common.volume.HddsVolume@65fe2691
2019-09-24 18:20:17,649 [main] INFO  volume.HddsVolumeChecker (HddsVolumeChecker.java:checkAllVolumes(202)) - Scheduled health check for volume org.apache.hadoop.ozone.container.common.volume.HddsVolume@65fe2691
2019-09-24 18:20:17,662 [main] INFO  impl.RaftServerProxy (ConfUtils.java:logGet(43)) - raft.rpc.type = GRPC (default)
2019-09-24 18:20:17,662 [main] INFO  grpc.GrpcFactory (GrpcFactory.java:checkPooledByteBufAllocatorUseCacheForAllThreads(45)) - PERFORMANCE WARNING: useCacheForAllThreads is true that may cause Netty to create a lot garbage objects and, as a result, trigger GC.
	It is recommended to disable useCacheForAllThreads by setting -Dorg.apache.ratis.thirdparty.io.netty.allocator.useCacheForAllThreads=false in command line.
2019-09-24 18:20:17,663 [main] INFO  grpc.GrpcConfigKeys$Server (ConfUtils.java:logGet(43)) - raft.grpc.server.port = 0 (default)
2019-09-24 18:20:17,663 [main] INFO  server.GrpcService (ConfUtils.java:logGet(43)) - raft.grpc.message.size.max = 33570816 (custom)
2019-09-24 18:20:17,663 [main] INFO  server.RaftServerConfigKeys (ConfUtils.java:logGet(43)) - raft.server.log.appender.buffer.byte-limit = 33554432 (custom)
2019-09-24 18:20:17,663 [main] INFO  server.GrpcService (ConfUtils.java:logGet(43)) - raft.grpc.flow.control.window = 1MB (=1048576) (default)
2019-09-24 18:20:17,663 [main] INFO  server.RaftServerConfigKeys (ConfUtils.java:logGet(43)) - raft.server.rpc.request.timeout = 3000ms (default)
2019-09-24 18:20:17,664 [main] INFO  server.RaftServerConfigKeys (ConfUtils.java:logGet(43)) - raft.server.storage.dir = [/workdir/hadoop-ozone/integration-test/target/test-dir/MiniOzoneClusterImpl-186cfbc1-6a32-40a9-9f2d-6a573dc3a7dc/datanode-2/data/ratis] (custom)
2019-09-24 18:20:17,665 [main] INFO  hdfs.DFSUtil (DFSUtil.java:httpServerTemplateForNNAndJN(1641)) - Starting Web-server for hddsDatanode at: http://0.0.0.0:0
2019-09-24 18:20:17,666 [main] INFO  server.AuthenticationFilter (AuthenticationFilter.java:constructSecretProvider(240)) - Unable to initialize FileSignerSecretProvider, falling back to use random secrets.
2019-09-24 18:20:17,667 [main] WARN  http.HttpRequestLog (HttpRequestLog.java:getRequestLog(97)) - Jetty request log can only be enabled using Log4j
2019-09-24 18:20:17,668 [main] INFO  http.HttpServer2 (HttpServer2.java:addGlobalFilter(975)) - Added global filter 'safety' (class=org.apache.hadoop.http.HttpServer2$QuotingInputFilter)
2019-09-24 18:20:17,668 [main] INFO  http.HttpServer2 (HttpServer2.java:addFilter(948)) - Added filter static_user_filter (class=org.apache.hadoop.http.lib.StaticUserWebFilter$StaticUserFilter) to context hddsDatanode
2019-09-24 18:20:17,668 [main] INFO  http.HttpServer2 (HttpServer2.java:addFilter(958)) - Added filter static_user_filter (class=org.apache.hadoop.http.lib.StaticUserWebFilter$StaticUserFilter) to context static
2019-09-24 18:20:17,669 [main] INFO  http.HttpServer2 (HttpServer2.java:addFilter(958)) - Added filter static_user_filter (class=org.apache.hadoop.http.lib.StaticUserWebFilter$StaticUserFilter) to context logs
2019-09-24 18:20:17,669 [main] INFO  http.HttpServer2 (HttpServer2.java:bindListener(1191)) - Jetty bound to port 43788
2019-09-24 18:20:17,670 [main] INFO  server.Server (Server.java:doStart(351)) - jetty-9.3.25.v20180904, build timestamp: 2018-09-04T21:11:46Z, git hash: 3ce520221d0240229c862b122d2b06c12a625732
2019-09-24 18:20:17,671 [main] INFO  handler.ContextHandler (ContextHandler.java:doStart(781)) - Started o.e.j.s.ServletContextHandler@3bf54172{/logs,file:///workdir/hadoop-ozone/integration-test/target/log,AVAILABLE}
2019-09-24 18:20:17,672 [main] INFO  handler.ContextHandler (ContextHandler.java:doStart(781)) - Started o.e.j.s.ServletContextHandler@7b3cde6f{/static,jar:file:/home/user/.m2/repository/org/apache/hadoop/hadoop-hdds-container-service/0.5.0-SNAPSHOT/hadoop-hdds-container-service-0.5.0-SNAPSHOT.jar!/webapps/static,AVAILABLE}
2019-09-24 18:20:17,699 [main] INFO  handler.ContextHandler (ContextHandler.java:doStart(781)) - Started o.e.j.w.WebAppContext@36b9cb99{/,file:///tmp/jetty-0.0.0.0-43788-hddsDatanode-_-any-4277739364691514717.dir/webapp/,AVAILABLE}{/hddsDatanode}
2019-09-24 18:20:17,699 [main] INFO  server.AbstractConnector (AbstractConnector.java:doStart(278)) - Started ServerConnector@4130955c{HTTP/1.1,[http/1.1]}{0.0.0.0:43788}
2019-09-24 18:20:17,700 [main] INFO  server.Server (Server.java:doStart(419)) - Started @106210ms
2019-09-24 18:20:17,700 [main] WARN  impl.MetricsSystemImpl (MetricsSystemImpl.java:register(276)) - Sink prometheus already exists!
2019-09-24 18:20:17,701 [main] INFO  server.BaseHttpServer (BaseHttpServer.java:updateConnectorAddress(215)) - HTTP server of HDDSDATANODE is listening at http://0.0.0.0:43788
2019-09-24 18:20:17,701 [main] INFO  impl.MetricsSystemImpl (MetricsSystemImpl.java:init(158)) - HddsDatanode metrics system started (again)
2019-09-24 18:20:17,705 [main] INFO  ozone.HddsDatanodeService (HddsDatanodeService.java:start(184)) - HddsDatanodeService host:pr-hdds-2171-6l6hb-1841322612 ip:192.168.36.84
2019-09-24 18:20:17,705 [org.apache.hadoop.util.JvmPauseMonitor$Monitor@6202e20b] INFO  util.JvmPauseMonitor (JvmPauseMonitor.java:run(188)) - Starting JVM pause monitor
2019-09-24 18:20:17,707 [Datanode State Machine Thread - 0] INFO  datanode.InitDatanodeState (InitDatanodeState.java:persistContainerDatanodeDetails(140)) - DatanodeDetails is persisted to /workdir/hadoop-ozone/integration-test/target/test-dir/MiniOzoneClusterImpl-186cfbc1-6a32-40a9-9f2d-6a573dc3a7dc/datanode-2/meta/datanode.id
2019-09-24 18:20:17,710 [main] INFO  volume.HddsVolume (HddsVolume.java:<init>(176)) - Creating Volume: /workdir/hadoop-ozone/integration-test/target/test-dir/MiniOzoneClusterImpl-186cfbc1-6a32-40a9-9f2d-6a573dc3a7dc/datanode-3/data/containers/hdds of  storage type : DISK and capacity : 1482555576320
2019-09-24 18:20:17,710 [main] INFO  volume.VolumeSet (VolumeSet.java:initializeVolumeSet(170)) - Added Volume : /workdir/hadoop-ozone/integration-test/target/test-dir/MiniOzoneClusterImpl-186cfbc1-6a32-40a9-9f2d-6a573dc3a7dc/datanode-3/data/containers/hdds to VolumeSet
2019-09-24 18:20:17,710 [main] INFO  volume.ThrottledAsyncChecker (ThrottledAsyncChecker.java:schedule(139)) - Scheduling a check for org.apache.hadoop.ozone.container.common.volume.HddsVolume@6680f714
2019-09-24 18:20:17,711 [main] INFO  volume.HddsVolumeChecker (HddsVolumeChecker.java:checkAllVolumes(202)) - Scheduled health check for volume org.apache.hadoop.ozone.container.common.volume.HddsVolume@6680f714
2019-09-24 18:20:17,723 [main] INFO  impl.RaftServerProxy (ConfUtils.java:logGet(43)) - raft.rpc.type = GRPC (default)
2019-09-24 18:20:17,723 [main] INFO  grpc.GrpcFactory (GrpcFactory.java:checkPooledByteBufAllocatorUseCacheForAllThreads(45)) - PERFORMANCE WARNING: useCacheForAllThreads is true that may cause Netty to create a lot garbage objects and, as a result, trigger GC.
	It is recommended to disable useCacheForAllThreads by setting -Dorg.apache.ratis.thirdparty.io.netty.allocator.useCacheForAllThreads=false in command line.
2019-09-24 18:20:17,723 [main] INFO  grpc.GrpcConfigKeys$Server (ConfUtils.java:logGet(43)) - raft.grpc.server.port = 0 (default)
2019-09-24 18:20:17,724 [main] INFO  server.GrpcService (ConfUtils.java:logGet(43)) - raft.grpc.message.size.max = 33570816 (custom)
2019-09-24 18:20:17,724 [main] INFO  server.RaftServerConfigKeys (ConfUtils.java:logGet(43)) - raft.server.log.appender.buffer.byte-limit = 33554432 (custom)
2019-09-24 18:20:17,724 [main] INFO  server.GrpcService (ConfUtils.java:logGet(43)) - raft.grpc.flow.control.window = 1MB (=1048576) (default)
2019-09-24 18:20:17,724 [main] INFO  server.RaftServerConfigKeys (ConfUtils.java:logGet(43)) - raft.server.rpc.request.timeout = 3000ms (default)
2019-09-24 18:20:17,725 [main] INFO  server.RaftServerConfigKeys (ConfUtils.java:logGet(43)) - raft.server.storage.dir = [/workdir/hadoop-ozone/integration-test/target/test-dir/MiniOzoneClusterImpl-186cfbc1-6a32-40a9-9f2d-6a573dc3a7dc/datanode-3/data/ratis] (custom)
2019-09-24 18:20:17,726 [main] INFO  hdfs.DFSUtil (DFSUtil.java:httpServerTemplateForNNAndJN(1641)) - Starting Web-server for hddsDatanode at: http://0.0.0.0:0
2019-09-24 18:20:17,727 [main] INFO  server.AuthenticationFilter (AuthenticationFilter.java:constructSecretProvider(240)) - Unable to initialize FileSignerSecretProvider, falling back to use random secrets.
2019-09-24 18:20:17,727 [main] WARN  http.HttpRequestLog (HttpRequestLog.java:getRequestLog(97)) - Jetty request log can only be enabled using Log4j
2019-09-24 18:20:17,729 [main] INFO  http.HttpServer2 (HttpServer2.java:addGlobalFilter(975)) - Added global filter 'safety' (class=org.apache.hadoop.http.HttpServer2$QuotingInputFilter)
2019-09-24 18:20:17,729 [main] INFO  http.HttpServer2 (HttpServer2.java:addFilter(948)) - Added filter static_user_filter (class=org.apache.hadoop.http.lib.StaticUserWebFilter$StaticUserFilter) to context hddsDatanode
2019-09-24 18:20:17,729 [main] INFO  http.HttpServer2 (HttpServer2.java:addFilter(958)) - Added filter static_user_filter (class=org.apache.hadoop.http.lib.StaticUserWebFilter$StaticUserFilter) to context logs
2019-09-24 18:20:17,730 [main] INFO  http.HttpServer2 (HttpServer2.java:addFilter(958)) - Added filter static_user_filter (class=org.apache.hadoop.http.lib.StaticUserWebFilter$StaticUserFilter) to context static
2019-09-24 18:20:17,730 [main] INFO  http.HttpServer2 (HttpServer2.java:bindListener(1191)) - Jetty bound to port 39239
2019-09-24 18:20:17,730 [main] INFO  server.Server (Server.java:doStart(351)) - jetty-9.3.25.v20180904, build timestamp: 2018-09-04T21:11:46Z, git hash: 3ce520221d0240229c862b122d2b06c12a625732
2019-09-24 18:20:17,732 [main] INFO  handler.ContextHandler (ContextHandler.java:doStart(781)) - Started o.e.j.s.ServletContextHandler@58af5076{/logs,file:///workdir/hadoop-ozone/integration-test/target/log,AVAILABLE}
2019-09-24 18:20:17,732 [main] INFO  handler.ContextHandler (ContextHandler.java:doStart(781)) - Started o.e.j.s.ServletContextHandler@4d9754a8{/static,jar:file:/home/user/.m2/repository/org/apache/hadoop/hadoop-hdds-container-service/0.5.0-SNAPSHOT/hadoop-hdds-container-service-0.5.0-SNAPSHOT.jar!/webapps/static,AVAILABLE}
2019-09-24 18:20:17,760 [main] INFO  handler.ContextHandler (ContextHandler.java:doStart(781)) - Started o.e.j.w.WebAppContext@46911148{/,file:///tmp/jetty-0.0.0.0-39239-hddsDatanode-_-any-4328147433590877508.dir/webapp/,AVAILABLE}{/hddsDatanode}
2019-09-24 18:20:17,760 [main] INFO  server.AbstractConnector (AbstractConnector.java:doStart(278)) - Started ServerConnector@2db1b657{HTTP/1.1,[http/1.1]}{0.0.0.0:39239}
2019-09-24 18:20:17,761 [main] INFO  server.Server (Server.java:doStart(419)) - Started @106271ms
2019-09-24 18:20:17,761 [main] WARN  impl.MetricsSystemImpl (MetricsSystemImpl.java:register(276)) - Sink prometheus already exists!
2019-09-24 18:20:17,762 [main] INFO  server.BaseHttpServer (BaseHttpServer.java:updateConnectorAddress(215)) - HTTP server of HDDSDATANODE is listening at http://0.0.0.0:39239
2019-09-24 18:20:17,762 [main] INFO  impl.MetricsSystemImpl (MetricsSystemImpl.java:init(158)) - HddsDatanode metrics system started (again)
2019-09-24 18:20:17,767 [main] INFO  ozone.HddsDatanodeService (HddsDatanodeService.java:start(184)) - HddsDatanodeService host:pr-hdds-2171-6l6hb-1841322612 ip:192.168.36.84
2019-09-24 18:20:17,767 [org.apache.hadoop.util.JvmPauseMonitor$Monitor@78bf788d] INFO  util.JvmPauseMonitor (JvmPauseMonitor.java:run(188)) - Starting JVM pause monitor
2019-09-24 18:20:17,770 [Datanode State Machine Thread - 0] INFO  datanode.InitDatanodeState (InitDatanodeState.java:persistContainerDatanodeDetails(140)) - DatanodeDetails is persisted to /workdir/hadoop-ozone/integration-test/target/test-dir/MiniOzoneClusterImpl-186cfbc1-6a32-40a9-9f2d-6a573dc3a7dc/datanode-3/meta/datanode.id
2019-09-24 18:20:17,772 [main] INFO  volume.HddsVolume (HddsVolume.java:<init>(176)) - Creating Volume: /workdir/hadoop-ozone/integration-test/target/test-dir/MiniOzoneClusterImpl-186cfbc1-6a32-40a9-9f2d-6a573dc3a7dc/datanode-4/data/containers/hdds of  storage type : DISK and capacity : 1482555576320
2019-09-24 18:20:17,772 [main] INFO  volume.VolumeSet (VolumeSet.java:initializeVolumeSet(170)) - Added Volume : /workdir/hadoop-ozone/integration-test/target/test-dir/MiniOzoneClusterImpl-186cfbc1-6a32-40a9-9f2d-6a573dc3a7dc/datanode-4/data/containers/hdds to VolumeSet
2019-09-24 18:20:17,773 [main] INFO  volume.ThrottledAsyncChecker (ThrottledAsyncChecker.java:schedule(139)) - Scheduling a check for org.apache.hadoop.ozone.container.common.volume.HddsVolume@5c9934da
2019-09-24 18:20:17,773 [main] INFO  volume.HddsVolumeChecker (HddsVolumeChecker.java:checkAllVolumes(202)) - Scheduled health check for volume org.apache.hadoop.ozone.container.common.volume.HddsVolume@5c9934da
2019-09-24 18:20:17,786 [main] INFO  impl.RaftServerProxy (ConfUtils.java:logGet(43)) - raft.rpc.type = GRPC (default)
2019-09-24 18:20:17,787 [main] INFO  grpc.GrpcFactory (GrpcFactory.java:checkPooledByteBufAllocatorUseCacheForAllThreads(45)) - PERFORMANCE WARNING: useCacheForAllThreads is true that may cause Netty to create a lot garbage objects and, as a result, trigger GC.
	It is recommended to disable useCacheForAllThreads by setting -Dorg.apache.ratis.thirdparty.io.netty.allocator.useCacheForAllThreads=false in command line.
2019-09-24 18:20:17,787 [main] INFO  grpc.GrpcConfigKeys$Server (ConfUtils.java:logGet(43)) - raft.grpc.server.port = 0 (default)
2019-09-24 18:20:17,787 [main] INFO  server.GrpcService (ConfUtils.java:logGet(43)) - raft.grpc.message.size.max = 33570816 (custom)
2019-09-24 18:20:17,787 [main] INFO  server.RaftServerConfigKeys (ConfUtils.java:logGet(43)) - raft.server.log.appender.buffer.byte-limit = 33554432 (custom)
2019-09-24 18:20:17,787 [main] INFO  server.GrpcService (ConfUtils.java:logGet(43)) - raft.grpc.flow.control.window = 1MB (=1048576) (default)
2019-09-24 18:20:17,788 [main] INFO  server.RaftServerConfigKeys (ConfUtils.java:logGet(43)) - raft.server.rpc.request.timeout = 3000ms (default)
2019-09-24 18:20:17,788 [main] INFO  server.RaftServerConfigKeys (ConfUtils.java:logGet(43)) - raft.server.storage.dir = [/workdir/hadoop-ozone/integration-test/target/test-dir/MiniOzoneClusterImpl-186cfbc1-6a32-40a9-9f2d-6a573dc3a7dc/datanode-4/data/ratis] (custom)
2019-09-24 18:20:17,790 [main] INFO  hdfs.DFSUtil (DFSUtil.java:httpServerTemplateForNNAndJN(1641)) - Starting Web-server for hddsDatanode at: http://0.0.0.0:0
2019-09-24 18:20:17,792 [main] INFO  server.AuthenticationFilter (AuthenticationFilter.java:constructSecretProvider(240)) - Unable to initialize FileSignerSecretProvider, falling back to use random secrets.
2019-09-24 18:20:17,792 [main] WARN  http.HttpRequestLog (HttpRequestLog.java:getRequestLog(97)) - Jetty request log can only be enabled using Log4j
2019-09-24 18:20:17,794 [main] INFO  http.HttpServer2 (HttpServer2.java:addGlobalFilter(975)) - Added global filter 'safety' (class=org.apache.hadoop.http.HttpServer2$QuotingInputFilter)
2019-09-24 18:20:17,795 [main] INFO  http.HttpServer2 (HttpServer2.java:addFilter(948)) - Added filter static_user_filter (class=org.apache.hadoop.http.lib.StaticUserWebFilter$StaticUserFilter) to context hddsDatanode
2019-09-24 18:20:17,796 [main] INFO  http.HttpServer2 (HttpServer2.java:addFilter(958)) - Added filter static_user_filter (class=org.apache.hadoop.http.lib.StaticUserWebFilter$StaticUserFilter) to context static
2019-09-24 18:20:17,796 [main] INFO  http.HttpServer2 (HttpServer2.java:addFilter(958)) - Added filter static_user_filter (class=org.apache.hadoop.http.lib.StaticUserWebFilter$StaticUserFilter) to context logs
2019-09-24 18:20:17,797 [main] INFO  http.HttpServer2 (HttpServer2.java:bindListener(1191)) - Jetty bound to port 35542
2019-09-24 18:20:17,797 [main] INFO  server.Server (Server.java:doStart(351)) - jetty-9.3.25.v20180904, build timestamp: 2018-09-04T21:11:46Z, git hash: 3ce520221d0240229c862b122d2b06c12a625732
2019-09-24 18:20:17,799 [main] INFO  handler.ContextHandler (ContextHandler.java:doStart(781)) - Started o.e.j.s.ServletContextHandler@493da830{/logs,file:///workdir/hadoop-ozone/integration-test/target/log,AVAILABLE}
2019-09-24 18:20:17,800 [main] INFO  handler.ContextHandler (ContextHandler.java:doStart(781)) - Started o.e.j.s.ServletContextHandler@45658133{/static,jar:file:/home/user/.m2/repository/org/apache/hadoop/hadoop-hdds-container-service/0.5.0-SNAPSHOT/hadoop-hdds-container-service-0.5.0-SNAPSHOT.jar!/webapps/static,AVAILABLE}
2019-09-24 18:20:17,842 [main] INFO  handler.ContextHandler (ContextHandler.java:doStart(781)) - Started o.e.j.w.WebAppContext@2f10f633{/,file:///tmp/jetty-0.0.0.0-35542-hddsDatanode-_-any-7200013950011780449.dir/webapp/,AVAILABLE}{/hddsDatanode}
2019-09-24 18:20:17,843 [main] INFO  server.AbstractConnector (AbstractConnector.java:doStart(278)) - Started ServerConnector@1642eeae{HTTP/1.1,[http/1.1]}{0.0.0.0:35542}
2019-09-24 18:20:17,844 [main] INFO  server.Server (Server.java:doStart(419)) - Started @106354ms
2019-09-24 18:20:17,844 [main] WARN  impl.MetricsSystemImpl (MetricsSystemImpl.java:register(276)) - Sink prometheus already exists!
2019-09-24 18:20:17,845 [main] INFO  server.BaseHttpServer (BaseHttpServer.java:updateConnectorAddress(215)) - HTTP server of HDDSDATANODE is listening at http://0.0.0.0:35542
2019-09-24 18:20:17,846 [main] INFO  impl.MetricsSystemImpl (MetricsSystemImpl.java:init(158)) - HddsDatanode metrics system started (again)
2019-09-24 18:20:17,852 [org.apache.hadoop.util.JvmPauseMonitor$Monitor@450db8a6] INFO  util.JvmPauseMonitor (JvmPauseMonitor.java:run(188)) - Starting JVM pause monitor
2019-09-24 18:20:17,853 [main] INFO  ozone.HddsDatanodeService (HddsDatanodeService.java:start(184)) - HddsDatanodeService host:pr-hdds-2171-6l6hb-1841322612 ip:192.168.36.84
2019-09-24 18:20:17,854 [Datanode State Machine Thread - 0] INFO  datanode.InitDatanodeState (InitDatanodeState.java:persistContainerDatanodeDetails(140)) - DatanodeDetails is persisted to /workdir/hadoop-ozone/integration-test/target/test-dir/MiniOzoneClusterImpl-186cfbc1-6a32-40a9-9f2d-6a573dc3a7dc/datanode-4/meta/datanode.id
2019-09-24 18:20:17,860 [main] INFO  volume.HddsVolume (HddsVolume.java:<init>(176)) - Creating Volume: /workdir/hadoop-ozone/integration-test/target/test-dir/MiniOzoneClusterImpl-186cfbc1-6a32-40a9-9f2d-6a573dc3a7dc/datanode-5/data/containers/hdds of  storage type : DISK and capacity : 1482555576320
2019-09-24 18:20:17,861 [main] INFO  volume.VolumeSet (VolumeSet.java:initializeVolumeSet(170)) - Added Volume : /workdir/hadoop-ozone/integration-test/target/test-dir/MiniOzoneClusterImpl-186cfbc1-6a32-40a9-9f2d-6a573dc3a7dc/datanode-5/data/containers/hdds to VolumeSet
2019-09-24 18:20:17,861 [main] INFO  volume.ThrottledAsyncChecker (ThrottledAsyncChecker.java:schedule(139)) - Scheduling a check for org.apache.hadoop.ozone.container.common.volume.HddsVolume@27abb6ca
2019-09-24 18:20:17,862 [main] INFO  volume.HddsVolumeChecker (HddsVolumeChecker.java:checkAllVolumes(202)) - Scheduled health check for volume org.apache.hadoop.ozone.container.common.volume.HddsVolume@27abb6ca
2019-09-24 18:20:17,886 [main] INFO  impl.RaftServerProxy (ConfUtils.java:logGet(43)) - raft.rpc.type = GRPC (default)
2019-09-24 18:20:17,886 [main] INFO  grpc.GrpcFactory (GrpcFactory.java:checkPooledByteBufAllocatorUseCacheForAllThreads(45)) - PERFORMANCE WARNING: useCacheForAllThreads is true that may cause Netty to create a lot garbage objects and, as a result, trigger GC.
	It is recommended to disable useCacheForAllThreads by setting -Dorg.apache.ratis.thirdparty.io.netty.allocator.useCacheForAllThreads=false in command line.
2019-09-24 18:20:17,886 [main] INFO  grpc.GrpcConfigKeys$Server (ConfUtils.java:logGet(43)) - raft.grpc.server.port = 0 (default)
2019-09-24 18:20:17,887 [main] INFO  server.GrpcService (ConfUtils.java:logGet(43)) - raft.grpc.message.size.max = 33570816 (custom)
2019-09-24 18:20:17,887 [main] INFO  server.RaftServerConfigKeys (ConfUtils.java:logGet(43)) - raft.server.log.appender.buffer.byte-limit = 33554432 (custom)
2019-09-24 18:20:17,887 [main] INFO  server.GrpcService (ConfUtils.java:logGet(43)) - raft.grpc.flow.control.window = 1MB (=1048576) (default)
2019-09-24 18:20:17,888 [main] INFO  server.RaftServerConfigKeys (ConfUtils.java:logGet(43)) - raft.server.rpc.request.timeout = 3000ms (default)
2019-09-24 18:20:17,888 [main] INFO  server.RaftServerConfigKeys (ConfUtils.java:logGet(43)) - raft.server.storage.dir = [/workdir/hadoop-ozone/integration-test/target/test-dir/MiniOzoneClusterImpl-186cfbc1-6a32-40a9-9f2d-6a573dc3a7dc/datanode-5/data/ratis] (custom)
2019-09-24 18:20:17,892 [main] INFO  hdfs.DFSUtil (DFSUtil.java:httpServerTemplateForNNAndJN(1641)) - Starting Web-server for hddsDatanode at: http://0.0.0.0:0
2019-09-24 18:20:17,896 [main] INFO  server.AuthenticationFilter (AuthenticationFilter.java:constructSecretProvider(240)) - Unable to initialize FileSignerSecretProvider, falling back to use random secrets.
2019-09-24 18:20:17,896 [main] WARN  http.HttpRequestLog (HttpRequestLog.java:getRequestLog(97)) - Jetty request log can only be enabled using Log4j
2019-09-24 18:20:17,898 [main] INFO  http.HttpServer2 (HttpServer2.java:addGlobalFilter(975)) - Added global filter 'safety' (class=org.apache.hadoop.http.HttpServer2$QuotingInputFilter)
2019-09-24 18:20:17,899 [main] INFO  http.HttpServer2 (HttpServer2.java:addFilter(948)) - Added filter static_user_filter (class=org.apache.hadoop.http.lib.StaticUserWebFilter$StaticUserFilter) to context hddsDatanode
2019-09-24 18:20:17,899 [main] INFO  http.HttpServer2 (HttpServer2.java:addFilter(958)) - Added filter static_user_filter (class=org.apache.hadoop.http.lib.StaticUserWebFilter$StaticUserFilter) to context static
2019-09-24 18:20:17,899 [main] INFO  http.HttpServer2 (HttpServer2.java:addFilter(958)) - Added filter static_user_filter (class=org.apache.hadoop.http.lib.StaticUserWebFilter$StaticUserFilter) to context logs
2019-09-24 18:20:17,900 [main] INFO  http.HttpServer2 (HttpServer2.java:bindListener(1191)) - Jetty bound to port 34220
2019-09-24 18:20:17,900 [main] INFO  server.Server (Server.java:doStart(351)) - jetty-9.3.25.v20180904, build timestamp: 2018-09-04T21:11:46Z, git hash: 3ce520221d0240229c862b122d2b06c12a625732
2019-09-24 18:20:17,902 [main] INFO  handler.ContextHandler (ContextHandler.java:doStart(781)) - Started o.e.j.s.ServletContextHandler@7885776b{/logs,file:///workdir/hadoop-ozone/integration-test/target/log,AVAILABLE}
2019-09-24 18:20:17,903 [main] INFO  handler.ContextHandler (ContextHandler.java:doStart(781)) - Started o.e.j.s.ServletContextHandler@3472947a{/static,jar:file:/home/user/.m2/repository/org/apache/hadoop/hadoop-hdds-container-service/0.5.0-SNAPSHOT/hadoop-hdds-container-service-0.5.0-SNAPSHOT.jar!/webapps/static,AVAILABLE}
2019-09-24 18:20:17,932 [main] INFO  handler.ContextHandler (ContextHandler.java:doStart(781)) - Started o.e.j.w.WebAppContext@10272bbb{/,file:///tmp/jetty-0.0.0.0-34220-hddsDatanode-_-any-2790419829005332654.dir/webapp/,AVAILABLE}{/hddsDatanode}
2019-09-24 18:20:17,932 [main] INFO  server.AbstractConnector (AbstractConnector.java:doStart(278)) - Started ServerConnector@36d33f4{HTTP/1.1,[http/1.1]}{0.0.0.0:34220}
2019-09-24 18:20:17,936 [main] INFO  server.Server (Server.java:doStart(419)) - Started @106446ms
2019-09-24 18:20:17,936 [main] WARN  impl.MetricsSystemImpl (MetricsSystemImpl.java:register(276)) - Sink prometheus already exists!
2019-09-24 18:20:17,937 [main] INFO  server.BaseHttpServer (BaseHttpServer.java:updateConnectorAddress(215)) - HTTP server of HDDSDATANODE is listening at http://0.0.0.0:34220
2019-09-24 18:20:17,937 [main] INFO  ozone.MiniOzoneClusterImpl (MiniOzoneClusterImpl.java:lambda$waitForClusterToBeReady$0(147)) - Waiting for cluster to be ready. Got 0 of 6 DN Heartbeats.
2019-09-24 18:20:17,941 [org.apache.hadoop.util.JvmPauseMonitor$Monitor@20ec964] INFO  util.JvmPauseMonitor (JvmPauseMonitor.java:run(188)) - Starting JVM pause monitor
2019-09-24 18:20:17,945 [Datanode State Machine Thread - 0] INFO  datanode.InitDatanodeState (InitDatanodeState.java:persistContainerDatanodeDetails(140)) - DatanodeDetails is persisted to /workdir/hadoop-ozone/integration-test/target/test-dir/MiniOzoneClusterImpl-186cfbc1-6a32-40a9-9f2d-6a573dc3a7dc/datanode-5/meta/datanode.id
2019-09-24 18:20:18,941 [main] INFO  ozone.MiniOzoneClusterImpl (MiniOzoneClusterImpl.java:lambda$waitForClusterToBeReady$0(147)) - Waiting for cluster to be ready. Got 0 of 6 DN Heartbeats.
2019-09-24 18:20:19,626 [Datanode State Machine Thread - 0] INFO  ozoneimpl.OzoneContainer (OzoneContainer.java:start(217)) - Attempting to start container services.
2019-09-24 18:20:19,630 [Datanode State Machine Thread - 0] INFO  ozoneimpl.OzoneContainer (OzoneContainer.java:startContainerScrub(179)) - Background container scanner has been disabled.
2019-09-24 18:20:19,630 [Datanode State Machine Thread - 0] INFO  ratis.XceiverServerRatis (XceiverServerRatis.java:start(411)) - Starting XceiverServerRatis a43942a0-f39a-4b13-85c7-031627d4b02f at port 0
2019-09-24 18:20:19,637 [Datanode State Machine Thread - 0] INFO  impl.RaftServerProxy (RaftServerProxy.java:lambda$start$3(299)) - a43942a0-f39a-4b13-85c7-031627d4b02f: start RPC server
2019-09-24 18:20:19,640 [Datanode State Machine Thread - 0] INFO  server.GrpcService (GrpcService.java:startImpl(158)) - a43942a0-f39a-4b13-85c7-031627d4b02f: GrpcService started, listening on 0.0.0.0/0.0.0.0:37109
2019-09-24 18:20:19,641 [Datanode State Machine Thread - 0] INFO  ratis.XceiverServerRatis (XceiverServerRatis.java:start(421)) - XceiverServerRatis a43942a0-f39a-4b13-85c7-031627d4b02f is started using port 37109
2019-09-24 18:20:19,641 [Datanode State Machine Thread - 0] INFO  server.XceiverServerGrpc (XceiverServerGrpc.java:start(149)) - XceiverServerGrpc a43942a0-f39a-4b13-85c7-031627d4b02f is started using port 43022
2019-09-24 18:20:19,660 [Datanode State Machine Thread - 0] INFO  ozoneimpl.OzoneContainer (OzoneContainer.java:start(217)) - Attempting to start container services.
2019-09-24 18:20:19,663 [Datanode State Machine Thread - 0] INFO  ozoneimpl.OzoneContainer (OzoneContainer.java:startContainerScrub(179)) - Background container scanner has been disabled.
2019-09-24 18:20:19,663 [Datanode State Machine Thread - 0] INFO  ratis.XceiverServerRatis (XceiverServerRatis.java:start(411)) - Starting XceiverServerRatis 21690c2e-4eab-419f-9c34-8dcbcedc5f1a at port 0
2019-09-24 18:20:19,671 [Datanode State Machine Thread - 0] INFO  impl.RaftServerProxy (RaftServerProxy.java:lambda$start$3(299)) - 21690c2e-4eab-419f-9c34-8dcbcedc5f1a: start RPC server
2019-09-24 18:20:19,672 [Datanode State Machine Thread - 0] INFO  server.GrpcService (GrpcService.java:startImpl(158)) - 21690c2e-4eab-419f-9c34-8dcbcedc5f1a: GrpcService started, listening on 0.0.0.0/0.0.0.0:42742
2019-09-24 18:20:19,672 [Datanode State Machine Thread - 0] INFO  ratis.XceiverServerRatis (XceiverServerRatis.java:start(421)) - XceiverServerRatis 21690c2e-4eab-419f-9c34-8dcbcedc5f1a is started using port 42742
2019-09-24 18:20:19,673 [Datanode State Machine Thread - 0] INFO  server.XceiverServerGrpc (XceiverServerGrpc.java:start(149)) - XceiverServerGrpc 21690c2e-4eab-419f-9c34-8dcbcedc5f1a is started using port 34739
2019-09-24 18:20:19,719 [Datanode State Machine Thread - 0] INFO  ozoneimpl.OzoneContainer (OzoneContainer.java:start(217)) - Attempting to start container services.
2019-09-24 18:20:19,722 [Datanode State Machine Thread - 0] INFO  ozoneimpl.OzoneContainer (OzoneContainer.java:startContainerScrub(179)) - Background container scanner has been disabled.
2019-09-24 18:20:19,722 [Datanode State Machine Thread - 0] INFO  ratis.XceiverServerRatis (XceiverServerRatis.java:start(411)) - Starting XceiverServerRatis 26ccac67-ab20-4124-92b6-8da6e1522566 at port 0
2019-09-24 18:20:19,730 [Datanode State Machine Thread - 0] INFO  impl.RaftServerProxy (RaftServerProxy.java:lambda$start$3(299)) - 26ccac67-ab20-4124-92b6-8da6e1522566: start RPC server
2019-09-24 18:20:19,732 [Datanode State Machine Thread - 0] INFO  server.GrpcService (GrpcService.java:startImpl(158)) - 26ccac67-ab20-4124-92b6-8da6e1522566: GrpcService started, listening on 0.0.0.0/0.0.0.0:45402
2019-09-24 18:20:19,733 [Datanode State Machine Thread - 0] INFO  ratis.XceiverServerRatis (XceiverServerRatis.java:start(421)) - XceiverServerRatis 26ccac67-ab20-4124-92b6-8da6e1522566 is started using port 45402
2019-09-24 18:20:19,735 [Datanode State Machine Thread - 0] INFO  server.XceiverServerGrpc (XceiverServerGrpc.java:start(149)) - XceiverServerGrpc 26ccac67-ab20-4124-92b6-8da6e1522566 is started using port 38873
2019-09-24 18:20:19,782 [Datanode State Machine Thread - 0] INFO  ozoneimpl.OzoneContainer (OzoneContainer.java:start(217)) - Attempting to start container services.
2019-09-24 18:20:19,791 [Datanode State Machine Thread - 0] INFO  ozoneimpl.OzoneContainer (OzoneContainer.java:startContainerScrub(179)) - Background container scanner has been disabled.
2019-09-24 18:20:19,791 [Datanode State Machine Thread - 0] INFO  ratis.XceiverServerRatis (XceiverServerRatis.java:start(411)) - Starting XceiverServerRatis 76f8f82d-5f7e-41ca-9bb3-5d91ee80ba9b at port 0
2019-09-24 18:20:19,799 [Datanode State Machine Thread - 0] INFO  impl.RaftServerProxy (RaftServerProxy.java:lambda$start$3(299)) - 76f8f82d-5f7e-41ca-9bb3-5d91ee80ba9b: start RPC server
2019-09-24 18:20:19,799 [Datanode State Machine Thread - 0] INFO  server.GrpcService (GrpcService.java:startImpl(158)) - 76f8f82d-5f7e-41ca-9bb3-5d91ee80ba9b: GrpcService started, listening on 0.0.0.0/0.0.0.0:44299
2019-09-24 18:20:19,800 [Datanode State Machine Thread - 0] INFO  ratis.XceiverServerRatis (XceiverServerRatis.java:start(421)) - XceiverServerRatis 76f8f82d-5f7e-41ca-9bb3-5d91ee80ba9b is started using port 44299
2019-09-24 18:20:19,800 [Datanode State Machine Thread - 0] INFO  server.XceiverServerGrpc (XceiverServerGrpc.java:start(149)) - XceiverServerGrpc 76f8f82d-5f7e-41ca-9bb3-5d91ee80ba9b is started using port 45803
2019-09-24 18:20:19,866 [Datanode State Machine Thread - 0] INFO  ozoneimpl.OzoneContainer (OzoneContainer.java:start(217)) - Attempting to start container services.
2019-09-24 18:20:19,867 [Datanode State Machine Thread - 0] INFO  ozoneimpl.OzoneContainer (OzoneContainer.java:startContainerScrub(179)) - Background container scanner has been disabled.
2019-09-24 18:20:19,867 [Datanode State Machine Thread - 0] INFO  ratis.XceiverServerRatis (XceiverServerRatis.java:start(411)) - Starting XceiverServerRatis b474bcaf-cd7e-434d-ad5c-42954e730277 at port 0
2019-09-24 18:20:19,875 [Datanode State Machine Thread - 0] INFO  impl.RaftServerProxy (RaftServerProxy.java:lambda$start$3(299)) - b474bcaf-cd7e-434d-ad5c-42954e730277: start RPC server
2019-09-24 18:20:19,878 [Datanode State Machine Thread - 0] INFO  server.GrpcService (GrpcService.java:startImpl(158)) - b474bcaf-cd7e-434d-ad5c-42954e730277: GrpcService started, listening on 0.0.0.0/0.0.0.0:35510
2019-09-24 18:20:19,879 [Datanode State Machine Thread - 0] INFO  ratis.XceiverServerRatis (XceiverServerRatis.java:start(421)) - XceiverServerRatis b474bcaf-cd7e-434d-ad5c-42954e730277 is started using port 35510
2019-09-24 18:20:19,879 [Datanode State Machine Thread - 0] INFO  server.XceiverServerGrpc (XceiverServerGrpc.java:start(149)) - XceiverServerGrpc b474bcaf-cd7e-434d-ad5c-42954e730277 is started using port 39695
2019-09-24 18:20:19,942 [main] INFO  ozone.MiniOzoneClusterImpl (MiniOzoneClusterImpl.java:lambda$waitForClusterToBeReady$0(147)) - Waiting for cluster to be ready. Got 0 of 6 DN Heartbeats.
2019-09-24 18:20:19,956 [Datanode State Machine Thread - 0] INFO  ozoneimpl.OzoneContainer (OzoneContainer.java:start(217)) - Attempting to start container services.
2019-09-24 18:20:19,958 [Datanode State Machine Thread - 0] INFO  ozoneimpl.OzoneContainer (OzoneContainer.java:startContainerScrub(179)) - Background container scanner has been disabled.
2019-09-24 18:20:19,958 [Datanode State Machine Thread - 0] INFO  ratis.XceiverServerRatis (XceiverServerRatis.java:start(411)) - Starting XceiverServerRatis 18f7ddc7-ed0b-485b-8078-4f4feb143474 at port 0
2019-09-24 18:20:19,966 [Datanode State Machine Thread - 0] INFO  impl.RaftServerProxy (RaftServerProxy.java:lambda$start$3(299)) - 18f7ddc7-ed0b-485b-8078-4f4feb143474: start RPC server
2019-09-24 18:20:19,969 [Datanode State Machine Thread - 0] INFO  server.GrpcService (GrpcService.java:startImpl(158)) - 18f7ddc7-ed0b-485b-8078-4f4feb143474: GrpcService started, listening on 0.0.0.0/0.0.0.0:46557
2019-09-24 18:20:19,969 [Datanode State Machine Thread - 0] INFO  ratis.XceiverServerRatis (XceiverServerRatis.java:start(421)) - XceiverServerRatis 18f7ddc7-ed0b-485b-8078-4f4feb143474 is started using port 46557
2019-09-24 18:20:19,970 [Datanode State Machine Thread - 0] INFO  server.XceiverServerGrpc (XceiverServerGrpc.java:start(149)) - XceiverServerGrpc 18f7ddc7-ed0b-485b-8078-4f4feb143474 is started using port 39179
2019-09-24 18:20:20,943 [main] INFO  ozone.MiniOzoneClusterImpl (MiniOzoneClusterImpl.java:lambda$waitForClusterToBeReady$0(147)) - Waiting for cluster to be ready. Got 0 of 6 DN Heartbeats.
2019-09-24 18:20:21,585 [IPC Server handler 0 on 37616] INFO  net.NetworkTopology (NetworkTopologyImpl.java:add(111)) - Added a new node: /default-rack/a43942a0-f39a-4b13-85c7-031627d4b02f
2019-09-24 18:20:21,588 [IPC Server handler 0 on 37616] INFO  node.SCMNodeManager (SCMNodeManager.java:register(266)) - Registered Data node : a43942a0-f39a-4b13-85c7-031627d4b02f{ip: 192.168.36.84, host: pr-hdds-2171-6l6hb-1841322612, networkLocation: /default-rack, certSerialId: null}
2019-09-24 18:20:21,589 [EventQueue-NodeRegistrationContainerReportForDataNodeSafeModeRule] INFO  safemode.SCMSafeModeManager (DataNodeSafeModeRule.java:process(71)) - SCM in safe mode. 1 DataNodes registered, 1 required.
2019-09-24 18:20:21,591 [EventQueue-NodeRegistrationContainerReportForDataNodeSafeModeRule] INFO  safemode.SCMSafeModeManager (SCMSafeModeManager.java:validateSafeModeExitRules(177)) - ScmSafeModeManager, all rules are successfully validated
2019-09-24 18:20:21,591 [EventQueue-NodeRegistrationContainerReportForDataNodeSafeModeRule] INFO  safemode.SCMSafeModeManager (SCMSafeModeManager.java:exitSafeMode(193)) - SCM exiting safe mode.
2019-09-24 18:20:21,627 [grpc-default-executor-0] INFO  impl.RaftServerProxy (RaftServerProxy.java:addNew(89)) - a43942a0-f39a-4b13-85c7-031627d4b02f: addNew group-D151F50B535F:[a43942a0-f39a-4b13-85c7-031627d4b02f:192.168.36.84:37109] returns group-D151F50B535F:java.util.concurrent.CompletableFuture@36622fda[Not completed]
2019-09-24 18:20:21,630 [pool-147-thread-1] INFO  impl.RaftServerImpl (RaftServerImpl.java:<init>(95)) - a43942a0-f39a-4b13-85c7-031627d4b02f: new RaftServerImpl for group-D151F50B535F:[a43942a0-f39a-4b13-85c7-031627d4b02f:192.168.36.84:37109] with ContainerStateMachine:uninitialized
2019-09-24 18:20:21,630 [pool-147-thread-1] INFO  server.RaftServerConfigKeys (ConfUtils.java:logGet(43)) - raft.server.rpc.timeout.min = 1s (custom)
2019-09-24 18:20:21,630 [pool-147-thread-1] INFO  server.RaftServerConfigKeys (ConfUtils.java:logGet(43)) - raft.server.rpc.timeout.max = 1200ms (custom)
2019-09-24 18:20:21,630 [pool-147-thread-1] INFO  server.RaftServerConfigKeys (ConfUtils.java:logGet(43)) - raft.server.rpcslowness.timeout = 120s (custom)
2019-09-24 18:20:21,631 [pool-147-thread-1] INFO  server.RaftServerConfigKeys (ConfUtils.java:logGet(43)) - raft.server.sleep.deviation.threshold = 300 (default)
2019-09-24 18:20:21,631 [pool-147-thread-1] INFO  server.RaftServerConfigKeys (ConfUtils.java:logGet(43)) - raft.server.log.appender.install.snapshot.enabled = false (custom)
2019-09-24 18:20:21,631 [pool-147-thread-1] INFO  impl.RaftServerImpl (ServerState.java:<init>(103)) - a43942a0-f39a-4b13-85c7-031627d4b02f@group-D151F50B535F: ConfigurationManager, init=-1: [a43942a0-f39a-4b13-85c7-031627d4b02f:192.168.36.84:37109], old=null, confs=<EMPTY_MAP>
2019-09-24 18:20:21,631 [pool-147-thread-1] INFO  server.RaftServerConfigKeys (ConfUtils.java:logGet(43)) - raft.server.storage.dir = [/workdir/hadoop-ozone/integration-test/target/test-dir/MiniOzoneClusterImpl-186cfbc1-6a32-40a9-9f2d-6a573dc3a7dc/datanode-0/data/ratis] (custom)
2019-09-24 18:20:21,632 [pool-147-thread-1] INFO  storage.RaftStorageDirectory (RaftStorageDirectory.java:analyzeStorage(246)) - The storage directory /workdir/hadoop-ozone/integration-test/target/test-dir/MiniOzoneClusterImpl-186cfbc1-6a32-40a9-9f2d-6a573dc3a7dc/datanode-0/data/ratis/a061e195-2593-44a8-982c-d151f50b535f does not exist. Creating ...
2019-09-24 18:20:21,644 [IPC Server handler 1 on 37616] INFO  net.NetworkTopology (NetworkTopologyImpl.java:add(111)) - Added a new node: /default-rack/21690c2e-4eab-419f-9c34-8dcbcedc5f1a
2019-09-24 18:20:21,644 [IPC Server handler 1 on 37616] INFO  node.SCMNodeManager (SCMNodeManager.java:register(266)) - Registered Data node : 21690c2e-4eab-419f-9c34-8dcbcedc5f1a{ip: 192.168.36.84, host: pr-hdds-2171-6l6hb-1841322612, networkLocation: /default-rack, certSerialId: null}
2019-09-24 18:20:21,707 [IPC Server handler 4 on 37616] INFO  net.NetworkTopology (NetworkTopologyImpl.java:add(111)) - Added a new node: /default-rack/26ccac67-ab20-4124-92b6-8da6e1522566
2019-09-24 18:20:21,707 [IPC Server handler 4 on 37616] INFO  node.SCMNodeManager (SCMNodeManager.java:register(266)) - Registered Data node : 26ccac67-ab20-4124-92b6-8da6e1522566{ip: 192.168.36.84, host: pr-hdds-2171-6l6hb-1841322612, networkLocation: /default-rack, certSerialId: null}
2019-09-24 18:20:21,768 [IPC Server handler 3 on 37616] INFO  net.NetworkTopology (NetworkTopologyImpl.java:add(111)) - Added a new node: /default-rack/76f8f82d-5f7e-41ca-9bb3-5d91ee80ba9b
2019-09-24 18:20:21,768 [IPC Server handler 3 on 37616] INFO  node.SCMNodeManager (SCMNodeManager.java:register(266)) - Registered Data node : 76f8f82d-5f7e-41ca-9bb3-5d91ee80ba9b{ip: 192.168.36.84, host: pr-hdds-2171-6l6hb-1841322612, networkLocation: /default-rack, certSerialId: null}
2019-09-24 18:20:21,853 [IPC Server handler 6 on 37616] INFO  net.NetworkTopology (NetworkTopologyImpl.java:add(111)) - Added a new node: /default-rack/b474bcaf-cd7e-434d-ad5c-42954e730277
2019-09-24 18:20:21,853 [IPC Server handler 6 on 37616] INFO  node.SCMNodeManager (SCMNodeManager.java:register(266)) - Registered Data node : b474bcaf-cd7e-434d-ad5c-42954e730277{ip: 192.168.36.84, host: pr-hdds-2171-6l6hb-1841322612, networkLocation: /default-rack, certSerialId: null}
2019-09-24 18:20:21,942 [IPC Server handler 5 on 37616] INFO  net.NetworkTopology (NetworkTopologyImpl.java:add(111)) - Added a new node: /default-rack/18f7ddc7-ed0b-485b-8078-4f4feb143474
2019-09-24 18:20:21,943 [IPC Server handler 5 on 37616] INFO  node.SCMNodeManager (SCMNodeManager.java:register(266)) - Registered Data node : 18f7ddc7-ed0b-485b-8078-4f4feb143474{ip: 192.168.36.84, host: pr-hdds-2171-6l6hb-1841322612, networkLocation: /default-rack, certSerialId: null}
2019-09-24 18:20:21,943 [main] INFO  ozone.MiniOzoneClusterImpl (MiniOzoneClusterImpl.java:lambda$waitForClusterToBeReady$0(147)) - Cluster is ready. Got 6 of 6 DN Heartbeats.
2019-09-24 18:20:21,975 [main] INFO  rpc.RpcClient (RpcClient.java:createVolume(276)) - Creating Volume: datanodefailurehandlingtest, with jenkins1000 as owner.
2019-09-24 18:20:21,979 [IPC Server handler 2 on 42438] INFO  volume.OMVolumeCreateRequest (OMVolumeCreateRequest.java:validateAndUpdateCache(189)) - created volume:datanodefailurehandlingtest for user:jenkins1000
2019-09-24 18:20:21,990 [main] INFO  rpc.RpcClient (RpcClient.java:createBucket(415)) - Creating Bucket: datanodefailurehandlingtest/datanodefailurehandlingtest, with Versioning false and Storage Type set to DISK and Encryption set to false 
2019-09-24 18:20:22,965 [pool-147-thread-1] INFO  storage.RaftStorageDirectory (RaftStorageDirectory.java:tryLock(328)) - Lock on /workdir/hadoop-ozone/integration-test/target/test-dir/MiniOzoneClusterImpl-186cfbc1-6a32-40a9-9f2d-6a573dc3a7dc/datanode-0/data/ratis/a061e195-2593-44a8-982c-d151f50b535f/in_use.lock acquired by nodename 18388@pr-hdds-2171-6l6hb-1841322612
2019-09-24 18:20:22,979 [pool-147-thread-1] INFO  storage.RaftStorage (RaftStorage.java:format(72)) - Storage directory /workdir/hadoop-ozone/integration-test/target/test-dir/MiniOzoneClusterImpl-186cfbc1-6a32-40a9-9f2d-6a573dc3a7dc/datanode-0/data/ratis/a061e195-2593-44a8-982c-d151f50b535f has been successfully formatted.
2019-09-24 18:20:22,979 [pool-147-thread-1] INFO  ratis.ContainerStateMachine (ContainerStateMachine.java:loadSnapshot(230)) - group-D151F50B535F: The snapshot info is null. Setting the last applied indexto:(t:0, i:~)
2019-09-24 18:20:22,980 [pool-147-thread-1] INFO  server.RaftServerConfigKeys (ConfUtils.java:logGet(43)) - raft.server.notification.no-leader.timeout = 120s (custom)
2019-09-24 18:20:22,980 [pool-147-thread-1] INFO  server.RaftServerConfigKeys (ConfUtils.java:logGet(43)) - raft.server.log.use.memory = false (default)
2019-09-24 18:20:22,980 [pool-147-thread-1] INFO  server.RaftServerConfigKeys (ConfUtils.java:logGet(43)) - raft.server.log.purge.gap = 1000000 (custom)
2019-09-24 18:20:22,980 [pool-147-thread-1] INFO  server.RaftServerConfigKeys (ConfUtils.java:logGet(43)) - raft.server.log.appender.buffer.byte-limit = 33554432 (custom)
2019-09-24 18:20:22,981 [pool-147-thread-1] INFO  server.RaftServerConfigKeys (ConfUtils.java:logGet(43)) - raft.server.log.segment.size.max = 1048576 (custom)
2019-09-24 18:20:22,981 [pool-147-thread-1] INFO  server.RaftServerConfigKeys (ConfUtils.java:logGet(43)) - raft.server.log.segment.cache.num.max = 2 (custom)
2019-09-24 18:20:22,981 [pool-147-thread-1] INFO  segmented.SegmentedRaftLogWorker (SegmentedRaftLogWorker.java:<init>(172)) - new a43942a0-f39a-4b13-85c7-031627d4b02f@group-D151F50B535F-SegmentedRaftLogWorker for RaftStorage:Storage Directory /workdir/hadoop-ozone/integration-test/target/test-dir/MiniOzoneClusterImpl-186cfbc1-6a32-40a9-9f2d-6a573dc3a7dc/datanode-0/data/ratis/a061e195-2593-44a8-982c-d151f50b535f
2019-09-24 18:20:22,986 [pool-147-thread-1] INFO  server.RaftServerConfigKeys (ConfUtils.java:logGet(43)) - raft.server.log.queue.byte-limit = 2147483647 (custom)
2019-09-24 18:20:22,987 [pool-147-thread-1] INFO  server.RaftServerConfigKeys (ConfUtils.java:logGet(43)) - raft.server.log.queue.element-limit = 1024 (custom)
2019-09-24 18:20:22,987 [pool-147-thread-1] INFO  server.RaftServerConfigKeys (ConfUtils.java:logGet(43)) - raft.server.log.segment.size.max = 1048576 (custom)
2019-09-24 18:20:22,988 [pool-147-thread-1] INFO  server.RaftServerConfigKeys (ConfUtils.java:logGet(43)) - raft.server.log.preallocated.size = 16384 (custom)
2019-09-24 18:20:22,988 [pool-147-thread-1] INFO  server.RaftServerConfigKeys (ConfUtils.java:logGet(43)) - raft.server.log.write.buffer.size = 33554432 (custom)
2019-09-24 18:20:22,988 [pool-147-thread-1] INFO  server.RaftServerConfigKeys (ConfUtils.java:logGet(43)) - raft.server.log.force.sync.num = 128 (default)
2019-09-24 18:20:22,988 [pool-147-thread-1] INFO  server.RaftServerConfigKeys (ConfUtils.java:logGet(43)) - raft.server.log.statemachine.data.sync = true (default)
2019-09-24 18:20:22,989 [pool-147-thread-1] INFO  server.RaftServerConfigKeys (ConfUtils.java:logGet(43)) - raft.server.log.statemachine.data.sync.timeout = 10s (default)
2019-09-24 18:20:22,989 [pool-147-thread-1] INFO  server.RaftServerConfigKeys (ConfUtils.java:logGet(43)) - raft.server.log.statemachine.data.sync.timeout.retry = -1 (default)
2019-09-24 18:20:22,989 [pool-147-thread-1] INFO  server.RaftServerConfigKeys (ConfUtils.java:logGet(43)) - raft.server.log.statemachine.data.caching.enabled = true (custom)
2019-09-24 18:20:22,990 [pool-147-thread-1] INFO  segmented.SegmentedRaftLogWorker (SegmentedRaftLogWorker.java:lambda$new$0(132)) - a43942a0-f39a-4b13-85c7-031627d4b02f@group-D151F50B535F-SegmentedRaftLogWorker: flushIndex: setUnconditionally 0 -> -1
2019-09-24 18:20:22,991 [pool-147-thread-1] INFO  server.RaftServerConfigKeys (ConfUtils.java:logGet(43)) - raft.server.snapshot.auto.trigger.enabled = true (custom)
2019-09-24 18:20:22,991 [pool-147-thread-1] INFO  server.RaftServerConfigKeys (ConfUtils.java:logGet(43)) - raft.server.snapshot.auto.trigger.threshold = 10000 (custom)
2019-09-24 18:20:22,991 [pool-147-thread-1] INFO  server.RaftServerConfigKeys (ConfUtils.java:logGet(43)) - raft.server.snapshot.retention.num.files = 5 (custom)
2019-09-24 18:20:22,991 [pool-147-thread-1] INFO  server.RaftServerConfigKeys (ConfUtils.java:logGet(43)) - raft.server.retrycache.expirytime = 600000ms (custom)
2019-09-24 18:20:22,995 [pool-147-thread-1] INFO  impl.RaftServerImpl (RaftServerImpl.java:start(185)) - a43942a0-f39a-4b13-85c7-031627d4b02f@group-D151F50B535F: start as a follower, conf=-1: [a43942a0-f39a-4b13-85c7-031627d4b02f:192.168.36.84:37109], old=null
2019-09-24 18:20:22,995 [pool-147-thread-1] INFO  impl.RaftServerImpl (RaftServerImpl.java:setRole(174)) - a43942a0-f39a-4b13-85c7-031627d4b02f@group-D151F50B535F: changes role from      null to FOLLOWER at term 0 for startAsFollower
2019-09-24 18:20:22,995 [pool-147-thread-1] INFO  impl.RoleInfo (RoleInfo.java:updateAndGet(143)) - a43942a0-f39a-4b13-85c7-031627d4b02f: start FollowerState
2019-09-24 18:20:22,996 [pool-147-thread-1] INFO  util.JmxRegister (JmxRegister.java:tryRegister(44)) - Successfully registered JMX Bean with object name Ratis:service=RaftServer,group=group-D151F50B535F,id=a43942a0-f39a-4b13-85c7-031627d4b02f
2019-09-24 18:20:23,019 [RatisPipelineUtilsThread] INFO  pipeline.PipelineStateManager (PipelineStateManager.java:addPipeline(56)) - Created pipeline Pipeline[ Id: a061e195-2593-44a8-982c-d151f50b535f, Nodes: a43942a0-f39a-4b13-85c7-031627d4b02f{ip: 192.168.36.84, host: pr-hdds-2171-6l6hb-1841322612, networkLocation: /default-rack, certSerialId: null}, Type:RATIS, Factor:ONE, State:OPEN]
2019-09-24 18:20:23,036 [grpc-default-executor-0] INFO  impl.RaftServerProxy (RaftServerProxy.java:addNew(89)) - b474bcaf-cd7e-434d-ad5c-42954e730277: addNew group-68C1C227A417:[b474bcaf-cd7e-434d-ad5c-42954e730277:192.168.36.84:35510] returns group-68C1C227A417:java.util.concurrent.CompletableFuture@71762d9e[Not completed]
2019-09-24 18:20:23,041 [pool-187-thread-1] INFO  impl.RaftServerImpl (RaftServerImpl.java:<init>(95)) - b474bcaf-cd7e-434d-ad5c-42954e730277: new RaftServerImpl for group-68C1C227A417:[b474bcaf-cd7e-434d-ad5c-42954e730277:192.168.36.84:35510] with ContainerStateMachine:uninitialized
2019-09-24 18:20:23,041 [pool-187-thread-1] INFO  server.RaftServerConfigKeys (ConfUtils.java:logGet(43)) - raft.server.rpc.timeout.min = 1s (custom)
2019-09-24 18:20:23,042 [pool-187-thread-1] INFO  server.RaftServerConfigKeys (ConfUtils.java:logGet(43)) - raft.server.rpc.timeout.max = 1200ms (custom)
2019-09-24 18:20:23,042 [pool-187-thread-1] INFO  server.RaftServerConfigKeys (ConfUtils.java:logGet(43)) - raft.server.rpcslowness.timeout = 120s (custom)
2019-09-24 18:20:23,042 [pool-187-thread-1] INFO  server.RaftServerConfigKeys (ConfUtils.java:logGet(43)) - raft.server.sleep.deviation.threshold = 300 (default)
2019-09-24 18:20:23,042 [pool-187-thread-1] INFO  server.RaftServerConfigKeys (ConfUtils.java:logGet(43)) - raft.server.log.appender.install.snapshot.enabled = false (custom)
2019-09-24 18:20:23,042 [pool-187-thread-1] INFO  impl.RaftServerImpl (ServerState.java:<init>(103)) - b474bcaf-cd7e-434d-ad5c-42954e730277@group-68C1C227A417: ConfigurationManager, init=-1: [b474bcaf-cd7e-434d-ad5c-42954e730277:192.168.36.84:35510], old=null, confs=<EMPTY_MAP>
2019-09-24 18:20:23,042 [pool-187-thread-1] INFO  server.RaftServerConfigKeys (ConfUtils.java:logGet(43)) - raft.server.storage.dir = [/workdir/hadoop-ozone/integration-test/target/test-dir/MiniOzoneClusterImpl-186cfbc1-6a32-40a9-9f2d-6a573dc3a7dc/datanode-4/data/ratis] (custom)
2019-09-24 18:20:23,043 [pool-187-thread-1] INFO  storage.RaftStorageDirectory (RaftStorageDirectory.java:analyzeStorage(246)) - The storage directory /workdir/hadoop-ozone/integration-test/target/test-dir/MiniOzoneClusterImpl-186cfbc1-6a32-40a9-9f2d-6a573dc3a7dc/datanode-4/data/ratis/26712af5-d1cd-453e-ba35-68c1c227a417 does not exist. Creating ...
2019-09-24 18:20:23,295 [pool-187-thread-1] INFO  storage.RaftStorageDirectory (RaftStorageDirectory.java:tryLock(328)) - Lock on /workdir/hadoop-ozone/integration-test/target/test-dir/MiniOzoneClusterImpl-186cfbc1-6a32-40a9-9f2d-6a573dc3a7dc/datanode-4/data/ratis/26712af5-d1cd-453e-ba35-68c1c227a417/in_use.lock acquired by nodename 18388@pr-hdds-2171-6l6hb-1841322612
2019-09-24 18:20:23,309 [pool-187-thread-1] INFO  storage.RaftStorage (RaftStorage.java:format(72)) - Storage directory /workdir/hadoop-ozone/integration-test/target/test-dir/MiniOzoneClusterImpl-186cfbc1-6a32-40a9-9f2d-6a573dc3a7dc/datanode-4/data/ratis/26712af5-d1cd-453e-ba35-68c1c227a417 has been successfully formatted.
2019-09-24 18:20:23,310 [pool-187-thread-1] INFO  ratis.ContainerStateMachine (ContainerStateMachine.java:loadSnapshot(230)) - group-68C1C227A417: The snapshot info is null. Setting the last applied indexto:(t:0, i:~)
2019-09-24 18:20:23,310 [pool-187-thread-1] INFO  server.RaftServerConfigKeys (ConfUtils.java:logGet(43)) - raft.server.notification.no-leader.timeout = 120s (custom)
2019-09-24 18:20:23,310 [pool-187-thread-1] INFO  server.RaftServerConfigKeys (ConfUtils.java:logGet(43)) - raft.server.log.use.memory = false (default)
2019-09-24 18:20:23,311 [pool-187-thread-1] INFO  server.RaftServerConfigKeys (ConfUtils.java:logGet(43)) - raft.server.log.purge.gap = 1000000 (custom)
2019-09-24 18:20:23,311 [pool-187-thread-1] INFO  server.RaftServerConfigKeys (ConfUtils.java:logGet(43)) - raft.server.log.appender.buffer.byte-limit = 33554432 (custom)
2019-09-24 18:20:23,311 [pool-187-thread-1] INFO  server.RaftServerConfigKeys (ConfUtils.java:logGet(43)) - raft.server.log.segment.size.max = 1048576 (custom)
2019-09-24 18:20:23,311 [pool-187-thread-1] INFO  server.RaftServerConfigKeys (ConfUtils.java:logGet(43)) - raft.server.log.segment.cache.num.max = 2 (custom)
2019-09-24 18:20:23,311 [pool-187-thread-1] INFO  segmented.SegmentedRaftLogWorker (SegmentedRaftLogWorker.java:<init>(172)) - new b474bcaf-cd7e-434d-ad5c-42954e730277@group-68C1C227A417-SegmentedRaftLogWorker for RaftStorage:Storage Directory /workdir/hadoop-ozone/integration-test/target/test-dir/MiniOzoneClusterImpl-186cfbc1-6a32-40a9-9f2d-6a573dc3a7dc/datanode-4/data/ratis/26712af5-d1cd-453e-ba35-68c1c227a417
2019-09-24 18:20:23,315 [pool-187-thread-1] INFO  server.RaftServerConfigKeys (ConfUtils.java:logGet(43)) - raft.server.log.queue.byte-limit = 2147483647 (custom)
2019-09-24 18:20:23,315 [pool-187-thread-1] INFO  server.RaftServerConfigKeys (ConfUtils.java:logGet(43)) - raft.server.log.queue.element-limit = 1024 (custom)
2019-09-24 18:20:23,315 [pool-187-thread-1] INFO  server.RaftServerConfigKeys (ConfUtils.java:logGet(43)) - raft.server.log.segment.size.max = 1048576 (custom)
2019-09-24 18:20:23,315 [pool-187-thread-1] INFO  server.RaftServerConfigKeys (ConfUtils.java:logGet(43)) - raft.server.log.preallocated.size = 16384 (custom)
2019-09-24 18:20:23,316 [pool-187-thread-1] INFO  server.RaftServerConfigKeys (ConfUtils.java:logGet(43)) - raft.server.log.write.buffer.size = 33554432 (custom)
2019-09-24 18:20:23,316 [pool-187-thread-1] INFO  server.RaftServerConfigKeys (ConfUtils.java:logGet(43)) - raft.server.log.force.sync.num = 128 (default)
2019-09-24 18:20:23,316 [pool-187-thread-1] INFO  server.RaftServerConfigKeys (ConfUtils.java:logGet(43)) - raft.server.log.statemachine.data.sync = true (default)
2019-09-24 18:20:23,316 [pool-187-thread-1] INFO  server.RaftServerConfigKeys (ConfUtils.java:logGet(43)) - raft.server.log.statemachine.data.sync.timeout = 10s (default)
2019-09-24 18:20:23,316 [pool-187-thread-1] INFO  server.RaftServerConfigKeys (ConfUtils.java:logGet(43)) - raft.server.log.statemachine.data.sync.timeout.retry = -1 (default)
2019-09-24 18:20:23,317 [pool-187-thread-1] INFO  server.RaftServerConfigKeys (ConfUtils.java:logGet(43)) - raft.server.log.statemachine.data.caching.enabled = true (custom)
2019-09-24 18:20:23,317 [pool-187-thread-1] INFO  segmented.SegmentedRaftLogWorker (SegmentedRaftLogWorker.java:lambda$new$0(132)) - b474bcaf-cd7e-434d-ad5c-42954e730277@group-68C1C227A417-SegmentedRaftLogWorker: flushIndex: setUnconditionally 0 -> -1
2019-09-24 18:20:23,318 [pool-187-thread-1] INFO  server.RaftServerConfigKeys (ConfUtils.java:logGet(43)) - raft.server.snapshot.auto.trigger.enabled = true (custom)
2019-09-24 18:20:23,318 [pool-187-thread-1] INFO  server.RaftServerConfigKeys (ConfUtils.java:logGet(43)) - raft.server.snapshot.auto.trigger.threshold = 10000 (custom)
2019-09-24 18:20:23,318 [pool-187-thread-1] INFO  server.RaftServerConfigKeys (ConfUtils.java:logGet(43)) - raft.server.snapshot.retention.num.files = 5 (custom)
2019-09-24 18:20:23,318 [pool-187-thread-1] INFO  server.RaftServerConfigKeys (ConfUtils.java:logGet(43)) - raft.server.retrycache.expirytime = 600000ms (custom)
2019-09-24 18:20:23,321 [pool-187-thread-1] INFO  impl.RaftServerImpl (RaftServerImpl.java:start(185)) - b474bcaf-cd7e-434d-ad5c-42954e730277@group-68C1C227A417: start as a follower, conf=-1: [b474bcaf-cd7e-434d-ad5c-42954e730277:192.168.36.84:35510], old=null
2019-09-24 18:20:23,322 [pool-187-thread-1] INFO  impl.RaftServerImpl (RaftServerImpl.java:setRole(174)) - b474bcaf-cd7e-434d-ad5c-42954e730277@group-68C1C227A417: changes role from      null to FOLLOWER at term 0 for startAsFollower
2019-09-24 18:20:23,322 [pool-187-thread-1] INFO  impl.RoleInfo (RoleInfo.java:updateAndGet(143)) - b474bcaf-cd7e-434d-ad5c-42954e730277: start FollowerState
2019-09-24 18:20:23,322 [pool-187-thread-1] INFO  util.JmxRegister (JmxRegister.java:tryRegister(44)) - Successfully registered JMX Bean with object name Ratis:service=RaftServer,group=group-68C1C227A417,id=b474bcaf-cd7e-434d-ad5c-42954e730277
2019-09-24 18:20:23,329 [RatisPipelineUtilsThread] INFO  pipeline.PipelineStateManager (PipelineStateManager.java:addPipeline(56)) - Created pipeline Pipeline[ Id: 26712af5-d1cd-453e-ba35-68c1c227a417, Nodes: b474bcaf-cd7e-434d-ad5c-42954e730277{ip: 192.168.36.84, host: pr-hdds-2171-6l6hb-1841322612, networkLocation: /default-rack, certSerialId: null}, Type:RATIS, Factor:ONE, State:OPEN]
2019-09-24 18:20:23,342 [grpc-default-executor-0] INFO  impl.RaftServerProxy (RaftServerProxy.java:addNew(89)) - 18f7ddc7-ed0b-485b-8078-4f4feb143474: addNew group-78450924442E:[18f7ddc7-ed0b-485b-8078-4f4feb143474:192.168.36.84:46557] returns group-78450924442E:java.util.concurrent.CompletableFuture@2a2814c4[Not completed]
2019-09-24 18:20:23,347 [pool-197-thread-1] INFO  impl.RaftServerImpl (RaftServerImpl.java:<init>(95)) - 18f7ddc7-ed0b-485b-8078-4f4feb143474: new RaftServerImpl for group-78450924442E:[18f7ddc7-ed0b-485b-8078-4f4feb143474:192.168.36.84:46557] with ContainerStateMachine:uninitialized
2019-09-24 18:20:23,347 [pool-197-thread-1] INFO  server.RaftServerConfigKeys (ConfUtils.java:logGet(43)) - raft.server.rpc.timeout.min = 1s (custom)
2019-09-24 18:20:23,347 [pool-197-thread-1] INFO  server.RaftServerConfigKeys (ConfUtils.java:logGet(43)) - raft.server.rpc.timeout.max = 1200ms (custom)
2019-09-24 18:20:23,348 [pool-197-thread-1] INFO  server.RaftServerConfigKeys (ConfUtils.java:logGet(43)) - raft.server.rpcslowness.timeout = 120s (custom)
2019-09-24 18:20:23,348 [pool-197-thread-1] INFO  server.RaftServerConfigKeys (ConfUtils.java:logGet(43)) - raft.server.sleep.deviation.threshold = 300 (default)
2019-09-24 18:20:23,348 [pool-197-thread-1] INFO  server.RaftServerConfigKeys (ConfUtils.java:logGet(43)) - raft.server.log.appender.install.snapshot.enabled = false (custom)
2019-09-24 18:20:23,348 [pool-197-thread-1] INFO  impl.RaftServerImpl (ServerState.java:<init>(103)) - 18f7ddc7-ed0b-485b-8078-4f4feb143474@group-78450924442E: ConfigurationManager, init=-1: [18f7ddc7-ed0b-485b-8078-4f4feb143474:192.168.36.84:46557], old=null, confs=<EMPTY_MAP>
2019-09-24 18:20:23,348 [pool-197-thread-1] INFO  server.RaftServerConfigKeys (ConfUtils.java:logGet(43)) - raft.server.storage.dir = [/workdir/hadoop-ozone/integration-test/target/test-dir/MiniOzoneClusterImpl-186cfbc1-6a32-40a9-9f2d-6a573dc3a7dc/datanode-5/data/ratis] (custom)
2019-09-24 18:20:23,349 [pool-197-thread-1] INFO  storage.RaftStorageDirectory (RaftStorageDirectory.java:analyzeStorage(246)) - The storage directory /workdir/hadoop-ozone/integration-test/target/test-dir/MiniOzoneClusterImpl-186cfbc1-6a32-40a9-9f2d-6a573dc3a7dc/datanode-5/data/ratis/06b5b6df-bce2-4f88-89a1-78450924442e does not exist. Creating ...
2019-09-24 18:20:23,748 [pool-197-thread-1] INFO  storage.RaftStorageDirectory (RaftStorageDirectory.java:tryLock(328)) - Lock on /workdir/hadoop-ozone/integration-test/target/test-dir/MiniOzoneClusterImpl-186cfbc1-6a32-40a9-9f2d-6a573dc3a7dc/datanode-5/data/ratis/06b5b6df-bce2-4f88-89a1-78450924442e/in_use.lock acquired by nodename 18388@pr-hdds-2171-6l6hb-1841322612
2019-09-24 18:20:24,093 [Thread-675] INFO  impl.FollowerState (FollowerState.java:run(106)) - a43942a0-f39a-4b13-85c7-031627d4b02f:group-D151F50B535F changes to CANDIDATE, lastRpcTime:1097, electionTimeout:1097ms
2019-09-24 18:20:24,094 [Thread-675] INFO  impl.RoleInfo (RoleInfo.java:shutdownFollowerState(121)) - a43942a0-f39a-4b13-85c7-031627d4b02f: shutdown FollowerState
2019-09-24 18:20:24,094 [Thread-675] INFO  impl.RaftServerImpl (RaftServerImpl.java:setRole(174)) - a43942a0-f39a-4b13-85c7-031627d4b02f@group-D151F50B535F: changes role from  FOLLOWER to CANDIDATE at term 0 for changeToCandidate
2019-09-24 18:20:24,094 [Thread-675] INFO  impl.RoleInfo (RoleInfo.java:updateAndGet(143)) - a43942a0-f39a-4b13-85c7-031627d4b02f: start LeaderElection
2019-09-24 18:20:24,111 [pool-197-thread-1] INFO  storage.RaftStorage (RaftStorage.java:format(72)) - Storage directory /workdir/hadoop-ozone/integration-test/target/test-dir/MiniOzoneClusterImpl-186cfbc1-6a32-40a9-9f2d-6a573dc3a7dc/datanode-5/data/ratis/06b5b6df-bce2-4f88-89a1-78450924442e has been successfully formatted.
2019-09-24 18:20:24,112 [pool-197-thread-1] INFO  ratis.ContainerStateMachine (ContainerStateMachine.java:loadSnapshot(230)) - group-78450924442E: The snapshot info is null. Setting the last applied indexto:(t:0, i:~)
2019-09-24 18:20:24,112 [pool-197-thread-1] INFO  server.RaftServerConfigKeys (ConfUtils.java:logGet(43)) - raft.server.notification.no-leader.timeout = 120s (custom)
2019-09-24 18:20:24,112 [pool-197-thread-1] INFO  server.RaftServerConfigKeys (ConfUtils.java:logGet(43)) - raft.server.log.use.memory = false (default)
2019-09-24 18:20:24,113 [pool-197-thread-1] INFO  server.RaftServerConfigKeys (ConfUtils.java:logGet(43)) - raft.server.log.purge.gap = 1000000 (custom)
2019-09-24 18:20:24,113 [pool-197-thread-1] INFO  server.RaftServerConfigKeys (ConfUtils.java:logGet(43)) - raft.server.log.appender.buffer.byte-limit = 33554432 (custom)
2019-09-24 18:20:24,113 [pool-197-thread-1] INFO  server.RaftServerConfigKeys (ConfUtils.java:logGet(43)) - raft.server.log.segment.size.max = 1048576 (custom)
2019-09-24 18:20:24,113 [pool-197-thread-1] INFO  server.RaftServerConfigKeys (ConfUtils.java:logGet(43)) - raft.server.log.segment.cache.num.max = 2 (custom)
2019-09-24 18:20:24,114 [pool-197-thread-1] INFO  segmented.SegmentedRaftLogWorker (SegmentedRaftLogWorker.java:<init>(172)) - new 18f7ddc7-ed0b-485b-8078-4f4feb143474@group-78450924442E-SegmentedRaftLogWorker for RaftStorage:Storage Directory /workdir/hadoop-ozone/integration-test/target/test-dir/MiniOzoneClusterImpl-186cfbc1-6a32-40a9-9f2d-6a573dc3a7dc/datanode-5/data/ratis/06b5b6df-bce2-4f88-89a1-78450924442e
2019-09-24 18:20:24,117 [pool-197-thread-1] INFO  server.RaftServerConfigKeys (ConfUtils.java:logGet(43)) - raft.server.log.queue.byte-limit = 2147483647 (custom)
2019-09-24 18:20:24,117 [pool-197-thread-1] INFO  server.RaftServerConfigKeys (ConfUtils.java:logGet(43)) - raft.server.log.queue.element-limit = 1024 (custom)
2019-09-24 18:20:24,118 [pool-197-thread-1] INFO  server.RaftServerConfigKeys (ConfUtils.java:logGet(43)) - raft.server.log.segment.size.max = 1048576 (custom)
2019-09-24 18:20:24,118 [pool-197-thread-1] INFO  server.RaftServerConfigKeys (ConfUtils.java:logGet(43)) - raft.server.log.preallocated.size = 16384 (custom)
2019-09-24 18:20:24,118 [pool-197-thread-1] INFO  server.RaftServerConfigKeys (ConfUtils.java:logGet(43)) - raft.server.log.write.buffer.size = 33554432 (custom)
2019-09-24 18:20:24,118 [pool-197-thread-1] INFO  server.RaftServerConfigKeys (ConfUtils.java:logGet(43)) - raft.server.log.force.sync.num = 128 (default)
2019-09-24 18:20:24,118 [pool-197-thread-1] INFO  server.RaftServerConfigKeys (ConfUtils.java:logGet(43)) - raft.server.log.statemachine.data.sync = true (default)
2019-09-24 18:20:24,119 [pool-197-thread-1] INFO  server.RaftServerConfigKeys (ConfUtils.java:logGet(43)) - raft.server.log.statemachine.data.sync.timeout = 10s (default)
2019-09-24 18:20:24,119 [pool-197-thread-1] INFO  server.RaftServerConfigKeys (ConfUtils.java:logGet(43)) - raft.server.log.statemachine.data.sync.timeout.retry = -1 (default)
2019-09-24 18:20:24,119 [pool-197-thread-1] INFO  server.RaftServerConfigKeys (ConfUtils.java:logGet(43)) - raft.server.log.statemachine.data.caching.enabled = true (custom)
2019-09-24 18:20:24,120 [pool-197-thread-1] INFO  segmented.SegmentedRaftLogWorker (SegmentedRaftLogWorker.java:lambda$new$0(132)) - 18f7ddc7-ed0b-485b-8078-4f4feb143474@group-78450924442E-SegmentedRaftLogWorker: flushIndex: setUnconditionally 0 -> -1
2019-09-24 18:20:24,120 [pool-197-thread-1] INFO  server.RaftServerConfigKeys (ConfUtils.java:logGet(43)) - raft.server.snapshot.auto.trigger.enabled = true (custom)
2019-09-24 18:20:24,120 [pool-197-thread-1] INFO  server.RaftServerConfigKeys (ConfUtils.java:logGet(43)) - raft.server.snapshot.auto.trigger.threshold = 10000 (custom)
2019-09-24 18:20:24,121 [pool-197-thread-1] INFO  server.RaftServerConfigKeys (ConfUtils.java:logGet(43)) - raft.server.snapshot.retention.num.files = 5 (custom)
2019-09-24 18:20:24,121 [pool-197-thread-1] INFO  server.RaftServerConfigKeys (ConfUtils.java:logGet(43)) - raft.server.retrycache.expirytime = 600000ms (custom)
2019-09-24 18:20:24,124 [pool-197-thread-1] INFO  impl.RaftServerImpl (RaftServerImpl.java:start(185)) - 18f7ddc7-ed0b-485b-8078-4f4feb143474@group-78450924442E: start as a follower, conf=-1: [18f7ddc7-ed0b-485b-8078-4f4feb143474:192.168.36.84:46557], old=null
2019-09-24 18:20:24,124 [pool-197-thread-1] INFO  impl.RaftServerImpl (RaftServerImpl.java:setRole(174)) - 18f7ddc7-ed0b-485b-8078-4f4feb143474@group-78450924442E: changes role from      null to FOLLOWER at term 0 for startAsFollower
2019-09-24 18:20:24,125 [pool-197-thread-1] INFO  impl.RoleInfo (RoleInfo.java:updateAndGet(143)) - 18f7ddc7-ed0b-485b-8078-4f4feb143474: start FollowerState
2019-09-24 18:20:24,125 [pool-197-thread-1] INFO  util.JmxRegister (JmxRegister.java:tryRegister(44)) - Successfully registered JMX Bean with object name Ratis:service=RaftServer,group=group-78450924442E,id=18f7ddc7-ed0b-485b-8078-4f4feb143474
2019-09-24 18:20:24,132 [RatisPipelineUtilsThread] INFO  pipeline.PipelineStateManager (PipelineStateManager.java:addPipeline(56)) - Created pipeline Pipeline[ Id: 06b5b6df-bce2-4f88-89a1-78450924442e, Nodes: 18f7ddc7-ed0b-485b-8078-4f4feb143474{ip: 192.168.36.84, host: pr-hdds-2171-6l6hb-1841322612, networkLocation: /default-rack, certSerialId: null}, Type:RATIS, Factor:ONE, State:OPEN]
2019-09-24 18:20:24,146 [grpc-default-executor-0] INFO  impl.RaftServerProxy (RaftServerProxy.java:addNew(89)) - 76f8f82d-5f7e-41ca-9bb3-5d91ee80ba9b: addNew group-8106C27ECCB5:[76f8f82d-5f7e-41ca-9bb3-5d91ee80ba9b:192.168.36.84:44299] returns group-8106C27ECCB5:java.util.concurrent.CompletableFuture@241b07d4[Not completed]
2019-09-24 18:20:24,152 [pool-177-thread-1] INFO  impl.RaftServerImpl (RaftServerImpl.java:<init>(95)) - 76f8f82d-5f7e-41ca-9bb3-5d91ee80ba9b: new RaftServerImpl for group-8106C27ECCB5:[76f8f82d-5f7e-41ca-9bb3-5d91ee80ba9b:192.168.36.84:44299] with ContainerStateMachine:uninitialized
2019-09-24 18:20:24,152 [pool-177-thread-1] INFO  server.RaftServerConfigKeys (ConfUtils.java:logGet(43)) - raft.server.rpc.timeout.min = 1s (custom)
2019-09-24 18:20:24,153 [pool-177-thread-1] INFO  server.RaftServerConfigKeys (ConfUtils.java:logGet(43)) - raft.server.rpc.timeout.max = 1200ms (custom)
2019-09-24 18:20:24,153 [pool-177-thread-1] INFO  server.RaftServerConfigKeys (ConfUtils.java:logGet(43)) - raft.server.rpcslowness.timeout = 120s (custom)
2019-09-24 18:20:24,153 [pool-177-thread-1] INFO  server.RaftServerConfigKeys (ConfUtils.java:logGet(43)) - raft.server.sleep.deviation.threshold = 300 (default)
2019-09-24 18:20:24,153 [pool-177-thread-1] INFO  server.RaftServerConfigKeys (ConfUtils.java:logGet(43)) - raft.server.log.appender.install.snapshot.enabled = false (custom)
2019-09-24 18:20:24,153 [pool-177-thread-1] INFO  impl.RaftServerImpl (ServerState.java:<init>(103)) - 76f8f82d-5f7e-41ca-9bb3-5d91ee80ba9b@group-8106C27ECCB5: ConfigurationManager, init=-1: [76f8f82d-5f7e-41ca-9bb3-5d91ee80ba9b:192.168.36.84:44299], old=null, confs=<EMPTY_MAP>
2019-09-24 18:20:24,153 [pool-177-thread-1] INFO  server.RaftServerConfigKeys (ConfUtils.java:logGet(43)) - raft.server.storage.dir = [/workdir/hadoop-ozone/integration-test/target/test-dir/MiniOzoneClusterImpl-186cfbc1-6a32-40a9-9f2d-6a573dc3a7dc/datanode-3/data/ratis] (custom)
2019-09-24 18:20:24,154 [pool-177-thread-1] INFO  storage.RaftStorageDirectory (RaftStorageDirectory.java:analyzeStorage(246)) - The storage directory /workdir/hadoop-ozone/integration-test/target/test-dir/MiniOzoneClusterImpl-186cfbc1-6a32-40a9-9f2d-6a573dc3a7dc/datanode-3/data/ratis/3c3148dc-34fc-4483-a558-8106c27eccb5 does not exist. Creating ...
2019-09-24 18:20:24,466 [Thread-678] INFO  impl.FollowerState (FollowerState.java:run(106)) - b474bcaf-cd7e-434d-ad5c-42954e730277:group-68C1C227A417 changes to CANDIDATE, lastRpcTime:1144, electionTimeout:1144ms
2019-09-24 18:20:24,467 [Thread-678] INFO  impl.RoleInfo (RoleInfo.java:shutdownFollowerState(121)) - b474bcaf-cd7e-434d-ad5c-42954e730277: shutdown FollowerState
2019-09-24 18:20:24,467 [Thread-678] INFO  impl.RaftServerImpl (RaftServerImpl.java:setRole(174)) - b474bcaf-cd7e-434d-ad5c-42954e730277@group-68C1C227A417: changes role from  FOLLOWER to CANDIDATE at term 0 for changeToCandidate
2019-09-24 18:20:24,467 [Thread-678] INFO  impl.RoleInfo (RoleInfo.java:updateAndGet(143)) - b474bcaf-cd7e-434d-ad5c-42954e730277: start LeaderElection
2019-09-24 18:20:24,598 [Thread-670] INFO  container.ReplicationManager (ReplicationManager.java:start(162)) - Starting Replication Monitor Thread.
2019-09-24 18:20:24,603 [pool-177-thread-1] INFO  storage.RaftStorageDirectory (RaftStorageDirectory.java:tryLock(328)) - Lock on /workdir/hadoop-ozone/integration-test/target/test-dir/MiniOzoneClusterImpl-186cfbc1-6a32-40a9-9f2d-6a573dc3a7dc/datanode-3/data/ratis/3c3148dc-34fc-4483-a558-8106c27eccb5/in_use.lock acquired by nodename 18388@pr-hdds-2171-6l6hb-1841322612
2019-09-24 18:20:24,603 [b474bcaf-cd7e-434d-ad5c-42954e730277@group-68C1C227A417:LeaderElection31] INFO  impl.LeaderElection (LeaderElection.java:askForVotes(182)) - b474bcaf-cd7e-434d-ad5c-42954e730277@group-68C1C227A417:LeaderElection31: begin an election at term 1 for -1: [b474bcaf-cd7e-434d-ad5c-42954e730277:192.168.36.84:35510], old=null
2019-09-24 18:20:24,603 [a43942a0-f39a-4b13-85c7-031627d4b02f@group-D151F50B535F:LeaderElection30] INFO  impl.LeaderElection (LeaderElection.java:askForVotes(182)) - a43942a0-f39a-4b13-85c7-031627d4b02f@group-D151F50B535F:LeaderElection30: begin an election at term 1 for -1: [a43942a0-f39a-4b13-85c7-031627d4b02f:192.168.36.84:37109], old=null
2019-09-24 18:20:24,603 [ReplicationMonitor] INFO  container.ReplicationManager (ReplicationManager.java:run(225)) - Replication Monitor Thread took 0 milliseconds for processing 0 containers.
2019-09-24 18:20:24,604 [a43942a0-f39a-4b13-85c7-031627d4b02f@group-D151F50B535F:LeaderElection30] INFO  impl.RoleInfo (RoleInfo.java:shutdownLeaderElection(134)) - a43942a0-f39a-4b13-85c7-031627d4b02f: shutdown LeaderElection
2019-09-24 18:20:24,603 [b474bcaf-cd7e-434d-ad5c-42954e730277@group-68C1C227A417:LeaderElection31] INFO  impl.RoleInfo (RoleInfo.java:shutdownLeaderElection(134)) - b474bcaf-cd7e-434d-ad5c-42954e730277: shutdown LeaderElection
2019-09-24 18:20:24,604 [a43942a0-f39a-4b13-85c7-031627d4b02f@group-D151F50B535F:LeaderElection30] INFO  impl.RaftServerImpl (RaftServerImpl.java:setRole(174)) - a43942a0-f39a-4b13-85c7-031627d4b02f@group-D151F50B535F: changes role from CANDIDATE to LEADER at term 1 for changeToLeader
2019-09-24 18:20:24,604 [b474bcaf-cd7e-434d-ad5c-42954e730277@group-68C1C227A417:LeaderElection31] INFO  impl.RaftServerImpl (RaftServerImpl.java:setRole(174)) - b474bcaf-cd7e-434d-ad5c-42954e730277@group-68C1C227A417: changes role from CANDIDATE to LEADER at term 1 for changeToLeader
2019-09-24 18:20:24,604 [a43942a0-f39a-4b13-85c7-031627d4b02f@group-D151F50B535F:LeaderElection30] INFO  impl.RaftServerImpl (ServerState.java:setLeader(253)) - a43942a0-f39a-4b13-85c7-031627d4b02f@group-D151F50B535F: change Leader from null to a43942a0-f39a-4b13-85c7-031627d4b02f at term 1 for becomeLeader, leader elected after 1624ms
2019-09-24 18:20:24,605 [b474bcaf-cd7e-434d-ad5c-42954e730277@group-68C1C227A417:LeaderElection31] INFO  impl.RaftServerImpl (ServerState.java:setLeader(253)) - b474bcaf-cd7e-434d-ad5c-42954e730277@group-68C1C227A417: change Leader from null to b474bcaf-cd7e-434d-ad5c-42954e730277 at term 1 for becomeLeader, leader elected after 1294ms
2019-09-24 18:20:24,609 [a43942a0-f39a-4b13-85c7-031627d4b02f@group-D151F50B535F:LeaderElection30] INFO  server.RaftServerConfigKeys (ConfUtils.java:logGet(43)) - raft.server.staging.catchup.gap = 1000 (default)
2019-09-24 18:20:24,612 [b474bcaf-cd7e-434d-ad5c-42954e730277@group-68C1C227A417:LeaderElection31] INFO  server.RaftServerConfigKeys (ConfUtils.java:logGet(43)) - raft.server.staging.catchup.gap = 1000 (default)
2019-09-24 18:20:24,612 [a43942a0-f39a-4b13-85c7-031627d4b02f@group-D151F50B535F:LeaderElection30] INFO  server.RaftServerConfigKeys (ConfUtils.java:logGet(43)) - raft.server.rpc.sleep.time = 25ms (default)
2019-09-24 18:20:24,612 [b474bcaf-cd7e-434d-ad5c-42954e730277@group-68C1C227A417:LeaderElection31] INFO  server.RaftServerConfigKeys (ConfUtils.java:logGet(43)) - raft.server.rpc.sleep.time = 25ms (default)
2019-09-24 18:20:24,613 [a43942a0-f39a-4b13-85c7-031627d4b02f@group-D151F50B535F:LeaderElection30] INFO  server.RaftServerConfigKeys (ConfUtils.java:logGet(43)) - raft.server.write.element-limit = 4096 (default)
2019-09-24 18:20:24,613 [b474bcaf-cd7e-434d-ad5c-42954e730277@group-68C1C227A417:LeaderElection31] INFO  server.RaftServerConfigKeys (ConfUtils.java:logGet(43)) - raft.server.write.element-limit = 4096 (default)
2019-09-24 18:20:24,613 [a43942a0-f39a-4b13-85c7-031627d4b02f@group-D151F50B535F:LeaderElection30] INFO  server.RaftServerConfigKeys (ConfUtils.java:logGet(43)) - raft.server.watch.timeout = 10s (default)
2019-09-24 18:20:24,613 [b474bcaf-cd7e-434d-ad5c-42954e730277@group-68C1C227A417:LeaderElection31] INFO  server.RaftServerConfigKeys (ConfUtils.java:logGet(43)) - raft.server.watch.timeout = 10s (default)
2019-09-24 18:20:24,613 [a43942a0-f39a-4b13-85c7-031627d4b02f@group-D151F50B535F:LeaderElection30] INFO  server.RaftServerConfigKeys (ConfUtils.java:logGet(43)) - raft.server.watch.timeout.denomination = 1s (default)
2019-09-24 18:20:24,613 [b474bcaf-cd7e-434d-ad5c-42954e730277@group-68C1C227A417:LeaderElection31] INFO  server.RaftServerConfigKeys (ConfUtils.java:logGet(43)) - raft.server.watch.timeout.denomination = 1s (default)
2019-09-24 18:20:24,613 [a43942a0-f39a-4b13-85c7-031627d4b02f@group-D151F50B535F:LeaderElection30] INFO  server.RaftServerConfigKeys (ConfUtils.java:logGet(43)) - raft.server.watch.element-limit = 65536 (default)
2019-09-24 18:20:24,614 [b474bcaf-cd7e-434d-ad5c-42954e730277@group-68C1C227A417:LeaderElection31] INFO  server.RaftServerConfigKeys (ConfUtils.java:logGet(43)) - raft.server.watch.element-limit = 65536 (default)
2019-09-24 18:20:24,620 [a43942a0-f39a-4b13-85c7-031627d4b02f@group-D151F50B535F:LeaderElection30] INFO  impl.RoleInfo (RoleInfo.java:updateAndGet(143)) - a43942a0-f39a-4b13-85c7-031627d4b02f: start LeaderState
2019-09-24 18:20:24,621 [a43942a0-f39a-4b13-85c7-031627d4b02f@group-D151F50B535F:LeaderElection30] INFO  segmented.SegmentedRaftLogWorker (SegmentedRaftLogWorker.java:startLogSegment(380)) - a43942a0-f39a-4b13-85c7-031627d4b02f@group-D151F50B535F-SegmentedRaftLogWorker: Starting segment from index:0
2019-09-24 18:20:24,621 [b474bcaf-cd7e-434d-ad5c-42954e730277@group-68C1C227A417:LeaderElection31] INFO  impl.RoleInfo (RoleInfo.java:updateAndGet(143)) - b474bcaf-cd7e-434d-ad5c-42954e730277: start LeaderState
2019-09-24 18:20:24,621 [b474bcaf-cd7e-434d-ad5c-42954e730277@group-68C1C227A417:LeaderElection31] INFO  segmented.SegmentedRaftLogWorker (SegmentedRaftLogWorker.java:startLogSegment(380)) - b474bcaf-cd7e-434d-ad5c-42954e730277@group-68C1C227A417-SegmentedRaftLogWorker: Starting segment from index:0
2019-09-24 18:20:24,621 [a43942a0-f39a-4b13-85c7-031627d4b02f@group-D151F50B535F:LeaderElection30] INFO  impl.RaftServerImpl (ServerState.java:setRaftConf(354)) - a43942a0-f39a-4b13-85c7-031627d4b02f@group-D151F50B535F: set configuration 0: [a43942a0-f39a-4b13-85c7-031627d4b02f:192.168.36.84:37109], old=null at 0
2019-09-24 18:20:24,622 [b474bcaf-cd7e-434d-ad5c-42954e730277@group-68C1C227A417:LeaderElection31] INFO  impl.RaftServerImpl (ServerState.java:setRaftConf(354)) - b474bcaf-cd7e-434d-ad5c-42954e730277@group-68C1C227A417: set configuration 0: [b474bcaf-cd7e-434d-ad5c-42954e730277:192.168.36.84:35510], old=null at 0
2019-09-24 18:20:25,130 [a43942a0-f39a-4b13-85c7-031627d4b02f@group-D151F50B535F-SegmentedRaftLogWorker] INFO  segmented.SegmentedRaftLogWorker (SegmentedRaftLogWorker.java:execute(569)) - a43942a0-f39a-4b13-85c7-031627d4b02f@group-D151F50B535F-SegmentedRaftLogWorker: created new log segment /workdir/hadoop-ozone/integration-test/target/test-dir/MiniOzoneClusterImpl-186cfbc1-6a32-40a9-9f2d-6a573dc3a7dc/datanode-0/data/ratis/a061e195-2593-44a8-982c-d151f50b535f/current/log_inprogress_0
2019-09-24 18:20:25,130 [pool-177-thread-1] INFO  storage.RaftStorage (RaftStorage.java:format(72)) - Storage directory /workdir/hadoop-ozone/integration-test/target/test-dir/MiniOzoneClusterImpl-186cfbc1-6a32-40a9-9f2d-6a573dc3a7dc/datanode-3/data/ratis/3c3148dc-34fc-4483-a558-8106c27eccb5 has been successfully formatted.
2019-09-24 18:20:25,130 [b474bcaf-cd7e-434d-ad5c-42954e730277@group-68C1C227A417-SegmentedRaftLogWorker] INFO  segmented.SegmentedRaftLogWorker (SegmentedRaftLogWorker.java:execute(569)) - b474bcaf-cd7e-434d-ad5c-42954e730277@group-68C1C227A417-SegmentedRaftLogWorker: created new log segment /workdir/hadoop-ozone/integration-test/target/test-dir/MiniOzoneClusterImpl-186cfbc1-6a32-40a9-9f2d-6a573dc3a7dc/datanode-4/data/ratis/26712af5-d1cd-453e-ba35-68c1c227a417/current/log_inprogress_0
2019-09-24 18:20:25,130 [pool-177-thread-1] INFO  ratis.ContainerStateMachine (ContainerStateMachine.java:loadSnapshot(230)) - group-8106C27ECCB5: The snapshot info is null. Setting the last applied indexto:(t:0, i:~)
2019-09-24 18:20:25,131 [pool-177-thread-1] INFO  server.RaftServerConfigKeys (ConfUtils.java:logGet(43)) - raft.server.notification.no-leader.timeout = 120s (custom)
2019-09-24 18:20:25,131 [pool-177-thread-1] INFO  server.RaftServerConfigKeys (ConfUtils.java:logGet(43)) - raft.server.log.use.memory = false (default)
2019-09-24 18:20:25,131 [pool-177-thread-1] INFO  server.RaftServerConfigKeys (ConfUtils.java:logGet(43)) - raft.server.log.purge.gap = 1000000 (custom)
2019-09-24 18:20:25,131 [pool-177-thread-1] INFO  server.RaftServerConfigKeys (ConfUtils.java:logGet(43)) - raft.server.log.appender.buffer.byte-limit = 33554432 (custom)
2019-09-24 18:20:25,131 [pool-177-thread-1] INFO  server.RaftServerConfigKeys (ConfUtils.java:logGet(43)) - raft.server.log.segment.size.max = 1048576 (custom)
2019-09-24 18:20:25,131 [pool-177-thread-1] INFO  server.RaftServerConfigKeys (ConfUtils.java:logGet(43)) - raft.server.log.segment.cache.num.max = 2 (custom)
2019-09-24 18:20:25,131 [pool-177-thread-1] INFO  segmented.SegmentedRaftLogWorker (SegmentedRaftLogWorker.java:<init>(172)) - new 76f8f82d-5f7e-41ca-9bb3-5d91ee80ba9b@group-8106C27ECCB5-SegmentedRaftLogWorker for RaftStorage:Storage Directory /workdir/hadoop-ozone/integration-test/target/test-dir/MiniOzoneClusterImpl-186cfbc1-6a32-40a9-9f2d-6a573dc3a7dc/datanode-3/data/ratis/3c3148dc-34fc-4483-a558-8106c27eccb5
2019-09-24 18:20:25,134 [pool-177-thread-1] INFO  server.RaftServerConfigKeys (ConfUtils.java:logGet(43)) - raft.server.log.queue.byte-limit = 2147483647 (custom)
2019-09-24 18:20:25,134 [pool-177-thread-1] INFO  server.RaftServerConfigKeys (ConfUtils.java:logGet(43)) - raft.server.log.queue.element-limit = 1024 (custom)
2019-09-24 18:20:25,134 [pool-177-thread-1] INFO  server.RaftServerConfigKeys (ConfUtils.java:logGet(43)) - raft.server.log.segment.size.max = 1048576 (custom)
2019-09-24 18:20:25,134 [pool-177-thread-1] INFO  server.RaftServerConfigKeys (ConfUtils.java:logGet(43)) - raft.server.log.preallocated.size = 16384 (custom)
2019-09-24 18:20:25,134 [pool-177-thread-1] INFO  server.RaftServerConfigKeys (ConfUtils.java:logGet(43)) - raft.server.log.write.buffer.size = 33554432 (custom)
2019-09-24 18:20:25,135 [pool-177-thread-1] INFO  server.RaftServerConfigKeys (ConfUtils.java:logGet(43)) - raft.server.log.force.sync.num = 128 (default)
2019-09-24 18:20:25,135 [pool-177-thread-1] INFO  server.RaftServerConfigKeys (ConfUtils.java:logGet(43)) - raft.server.log.statemachine.data.sync = true (default)
2019-09-24 18:20:25,135 [pool-177-thread-1] INFO  server.RaftServerConfigKeys (ConfUtils.java:logGet(43)) - raft.server.log.statemachine.data.sync.timeout = 10s (default)
2019-09-24 18:20:25,135 [pool-177-thread-1] INFO  server.RaftServerConfigKeys (ConfUtils.java:logGet(43)) - raft.server.log.statemachine.data.sync.timeout.retry = -1 (default)
2019-09-24 18:20:25,135 [pool-177-thread-1] INFO  server.RaftServerConfigKeys (ConfUtils.java:logGet(43)) - raft.server.log.statemachine.data.caching.enabled = true (custom)
2019-09-24 18:20:25,136 [pool-177-thread-1] INFO  segmented.SegmentedRaftLogWorker (SegmentedRaftLogWorker.java:lambda$new$0(132)) - 76f8f82d-5f7e-41ca-9bb3-5d91ee80ba9b@group-8106C27ECCB5-SegmentedRaftLogWorker: flushIndex: setUnconditionally 0 -> -1
2019-09-24 18:20:25,136 [pool-177-thread-1] INFO  server.RaftServerConfigKeys (ConfUtils.java:logGet(43)) - raft.server.snapshot.auto.trigger.enabled = true (custom)
2019-09-24 18:20:25,136 [pool-177-thread-1] INFO  server.RaftServerConfigKeys (ConfUtils.java:logGet(43)) - raft.server.snapshot.auto.trigger.threshold = 10000 (custom)
2019-09-24 18:20:25,136 [pool-177-thread-1] INFO  server.RaftServerConfigKeys (ConfUtils.java:logGet(43)) - raft.server.snapshot.retention.num.files = 5 (custom)
2019-09-24 18:20:25,136 [pool-177-thread-1] INFO  server.RaftServerConfigKeys (ConfUtils.java:logGet(43)) - raft.server.retrycache.expirytime = 600000ms (custom)
2019-09-24 18:20:25,138 [pool-177-thread-1] INFO  impl.RaftServerImpl (RaftServerImpl.java:start(185)) - 76f8f82d-5f7e-41ca-9bb3-5d91ee80ba9b@group-8106C27ECCB5: start as a follower, conf=-1: [76f8f82d-5f7e-41ca-9bb3-5d91ee80ba9b:192.168.36.84:44299], old=null
2019-09-24 18:20:25,138 [pool-177-thread-1] INFO  impl.RaftServerImpl (RaftServerImpl.java:setRole(174)) - 76f8f82d-5f7e-41ca-9bb3-5d91ee80ba9b@group-8106C27ECCB5: changes role from      null to FOLLOWER at term 0 for startAsFollower
2019-09-24 18:20:25,139 [pool-177-thread-1] INFO  impl.RoleInfo (RoleInfo.java:updateAndGet(143)) - 76f8f82d-5f7e-41ca-9bb3-5d91ee80ba9b: start FollowerState
2019-09-24 18:20:25,139 [pool-177-thread-1] INFO  util.JmxRegister (JmxRegister.java:tryRegister(44)) - Successfully registered JMX Bean with object name Ratis:service=RaftServer,group=group-8106C27ECCB5,id=76f8f82d-5f7e-41ca-9bb3-5d91ee80ba9b
2019-09-24 18:20:25,145 [RatisPipelineUtilsThread] INFO  pipeline.PipelineStateManager (PipelineStateManager.java:addPipeline(56)) - Created pipeline Pipeline[ Id: 3c3148dc-34fc-4483-a558-8106c27eccb5, Nodes: 76f8f82d-5f7e-41ca-9bb3-5d91ee80ba9b{ip: 192.168.36.84, host: pr-hdds-2171-6l6hb-1841322612, networkLocation: /default-rack, certSerialId: null}, Type:RATIS, Factor:ONE, State:OPEN]
2019-09-24 18:20:25,155 [grpc-default-executor-0] INFO  impl.RaftServerProxy (RaftServerProxy.java:addNew(89)) - 21690c2e-4eab-419f-9c34-8dcbcedc5f1a: addNew group-1194719E7DAC:[21690c2e-4eab-419f-9c34-8dcbcedc5f1a:192.168.36.84:42742] returns group-1194719E7DAC:java.util.concurrent.CompletableFuture@7b5e0637[Not completed]
2019-09-24 18:20:25,157 [pool-157-thread-1] INFO  impl.RaftServerImpl (RaftServerImpl.java:<init>(95)) - 21690c2e-4eab-419f-9c34-8dcbcedc5f1a: new RaftServerImpl for group-1194719E7DAC:[21690c2e-4eab-419f-9c34-8dcbcedc5f1a:192.168.36.84:42742] with ContainerStateMachine:uninitialized
2019-09-24 18:20:25,157 [pool-157-thread-1] INFO  server.RaftServerConfigKeys (ConfUtils.java:logGet(43)) - raft.server.rpc.timeout.min = 1s (custom)
2019-09-24 18:20:25,157 [pool-157-thread-1] INFO  server.RaftServerConfigKeys (ConfUtils.java:logGet(43)) - raft.server.rpc.timeout.max = 1200ms (custom)
2019-09-24 18:20:25,157 [pool-157-thread-1] INFO  server.RaftServerConfigKeys (ConfUtils.java:logGet(43)) - raft.server.rpcslowness.timeout = 120s (custom)
2019-09-24 18:20:25,158 [pool-157-thread-1] INFO  server.RaftServerConfigKeys (ConfUtils.java:logGet(43)) - raft.server.sleep.deviation.threshold = 300 (default)
2019-09-24 18:20:25,158 [pool-157-thread-1] INFO  server.RaftServerConfigKeys (ConfUtils.java:logGet(43)) - raft.server.log.appender.install.snapshot.enabled = false (custom)
2019-09-24 18:20:25,158 [pool-157-thread-1] INFO  impl.RaftServerImpl (ServerState.java:<init>(103)) - 21690c2e-4eab-419f-9c34-8dcbcedc5f1a@group-1194719E7DAC: ConfigurationManager, init=-1: [21690c2e-4eab-419f-9c34-8dcbcedc5f1a:192.168.36.84:42742], old=null, confs=<EMPTY_MAP>
2019-09-24 18:20:25,158 [pool-157-thread-1] INFO  server.RaftServerConfigKeys (ConfUtils.java:logGet(43)) - raft.server.storage.dir = [/workdir/hadoop-ozone/integration-test/target/test-dir/MiniOzoneClusterImpl-186cfbc1-6a32-40a9-9f2d-6a573dc3a7dc/datanode-1/data/ratis] (custom)
2019-09-24 18:20:25,159 [pool-157-thread-1] INFO  storage.RaftStorageDirectory (RaftStorageDirectory.java:analyzeStorage(246)) - The storage directory /workdir/hadoop-ozone/integration-test/target/test-dir/MiniOzoneClusterImpl-186cfbc1-6a32-40a9-9f2d-6a573dc3a7dc/datanode-1/data/ratis/0f9286bf-0059-440d-a384-1194719e7dac does not exist. Creating ...
2019-09-24 18:20:25,249 [Thread-682] INFO  impl.FollowerState (FollowerState.java:run(106)) - 18f7ddc7-ed0b-485b-8078-4f4feb143474:group-78450924442E changes to CANDIDATE, lastRpcTime:1124, electionTimeout:1124ms
2019-09-24 18:20:25,250 [Thread-682] INFO  impl.RoleInfo (RoleInfo.java:shutdownFollowerState(121)) - 18f7ddc7-ed0b-485b-8078-4f4feb143474: shutdown FollowerState
2019-09-24 18:20:25,250 [Thread-682] INFO  impl.RaftServerImpl (RaftServerImpl.java:setRole(174)) - 18f7ddc7-ed0b-485b-8078-4f4feb143474@group-78450924442E: changes role from  FOLLOWER to CANDIDATE at term 0 for changeToCandidate
2019-09-24 18:20:25,250 [Thread-682] INFO  impl.RoleInfo (RoleInfo.java:updateAndGet(143)) - 18f7ddc7-ed0b-485b-8078-4f4feb143474: start LeaderElection
2019-09-24 18:20:25,493 [pool-157-thread-1] INFO  storage.RaftStorageDirectory (RaftStorageDirectory.java:tryLock(328)) - Lock on /workdir/hadoop-ozone/integration-test/target/test-dir/MiniOzoneClusterImpl-186cfbc1-6a32-40a9-9f2d-6a573dc3a7dc/datanode-1/data/ratis/0f9286bf-0059-440d-a384-1194719e7dac/in_use.lock acquired by nodename 18388@pr-hdds-2171-6l6hb-1841322612
2019-09-24 18:20:25,493 [18f7ddc7-ed0b-485b-8078-4f4feb143474@group-78450924442E:LeaderElection32] INFO  impl.LeaderElection (LeaderElection.java:askForVotes(182)) - 18f7ddc7-ed0b-485b-8078-4f4feb143474@group-78450924442E:LeaderElection32: begin an election at term 1 for -1: [18f7ddc7-ed0b-485b-8078-4f4feb143474:192.168.36.84:46557], old=null
2019-09-24 18:20:25,493 [18f7ddc7-ed0b-485b-8078-4f4feb143474@group-78450924442E:LeaderElection32] INFO  impl.RoleInfo (RoleInfo.java:shutdownLeaderElection(134)) - 18f7ddc7-ed0b-485b-8078-4f4feb143474: shutdown LeaderElection
2019-09-24 18:20:25,493 [18f7ddc7-ed0b-485b-8078-4f4feb143474@group-78450924442E:LeaderElection32] INFO  impl.RaftServerImpl (RaftServerImpl.java:setRole(174)) - 18f7ddc7-ed0b-485b-8078-4f4feb143474@group-78450924442E: changes role from CANDIDATE to LEADER at term 1 for changeToLeader
2019-09-24 18:20:25,494 [18f7ddc7-ed0b-485b-8078-4f4feb143474@group-78450924442E:LeaderElection32] INFO  impl.RaftServerImpl (ServerState.java:setLeader(253)) - 18f7ddc7-ed0b-485b-8078-4f4feb143474@group-78450924442E: change Leader from null to 18f7ddc7-ed0b-485b-8078-4f4feb143474 at term 1 for becomeLeader, leader elected after 1381ms
2019-09-24 18:20:25,497 [18f7ddc7-ed0b-485b-8078-4f4feb143474@group-78450924442E:LeaderElection32] INFO  server.RaftServerConfigKeys (ConfUtils.java:logGet(43)) - raft.server.staging.catchup.gap = 1000 (default)
2019-09-24 18:20:25,497 [18f7ddc7-ed0b-485b-8078-4f4feb143474@group-78450924442E:LeaderElection32] INFO  server.RaftServerConfigKeys (ConfUtils.java:logGet(43)) - raft.server.rpc.sleep.time = 25ms (default)
2019-09-24 18:20:25,497 [18f7ddc7-ed0b-485b-8078-4f4feb143474@group-78450924442E:LeaderElection32] INFO  server.RaftServerConfigKeys (ConfUtils.java:logGet(43)) - raft.server.write.element-limit = 4096 (default)
2019-09-24 18:20:25,498 [18f7ddc7-ed0b-485b-8078-4f4feb143474@group-78450924442E:LeaderElection32] INFO  server.RaftServerConfigKeys (ConfUtils.java:logGet(43)) - raft.server.watch.timeout = 10s (default)
2019-09-24 18:20:25,498 [18f7ddc7-ed0b-485b-8078-4f4feb143474@group-78450924442E:LeaderElection32] INFO  server.RaftServerConfigKeys (ConfUtils.java:logGet(43)) - raft.server.watch.timeout.denomination = 1s (default)
2019-09-24 18:20:25,498 [18f7ddc7-ed0b-485b-8078-4f4feb143474@group-78450924442E:LeaderElection32] INFO  server.RaftServerConfigKeys (ConfUtils.java:logGet(43)) - raft.server.watch.element-limit = 65536 (default)
2019-09-24 18:20:25,501 [18f7ddc7-ed0b-485b-8078-4f4feb143474@group-78450924442E:LeaderElection32] INFO  impl.RoleInfo (RoleInfo.java:updateAndGet(143)) - 18f7ddc7-ed0b-485b-8078-4f4feb143474: start LeaderState
2019-09-24 18:20:25,502 [18f7ddc7-ed0b-485b-8078-4f4feb143474@group-78450924442E:LeaderElection32] INFO  segmented.SegmentedRaftLogWorker (SegmentedRaftLogWorker.java:startLogSegment(380)) - 18f7ddc7-ed0b-485b-8078-4f4feb143474@group-78450924442E-SegmentedRaftLogWorker: Starting segment from index:0
2019-09-24 18:20:25,502 [18f7ddc7-ed0b-485b-8078-4f4feb143474@group-78450924442E:LeaderElection32] INFO  impl.RaftServerImpl (ServerState.java:setRaftConf(354)) - 18f7ddc7-ed0b-485b-8078-4f4feb143474@group-78450924442E: set configuration 0: [18f7ddc7-ed0b-485b-8078-4f4feb143474:192.168.36.84:46557], old=null at 0
2019-09-24 18:20:25,511 [pool-157-thread-1] INFO  storage.RaftStorage (RaftStorage.java:format(72)) - Storage directory /workdir/hadoop-ozone/integration-test/target/test-dir/MiniOzoneClusterImpl-186cfbc1-6a32-40a9-9f2d-6a573dc3a7dc/datanode-1/data/ratis/0f9286bf-0059-440d-a384-1194719e7dac has been successfully formatted.
2019-09-24 18:20:25,511 [pool-157-thread-1] INFO  ratis.ContainerStateMachine (ContainerStateMachine.java:loadSnapshot(230)) - group-1194719E7DAC: The snapshot info is null. Setting the last applied indexto:(t:0, i:~)
2019-09-24 18:20:25,512 [pool-157-thread-1] INFO  server.RaftServerConfigKeys (ConfUtils.java:logGet(43)) - raft.server.notification.no-leader.timeout = 120s (custom)
2019-09-24 18:20:25,512 [pool-157-thread-1] INFO  server.RaftServerConfigKeys (ConfUtils.java:logGet(43)) - raft.server.log.use.memory = false (default)
2019-09-24 18:20:25,512 [pool-157-thread-1] INFO  server.RaftServerConfigKeys (ConfUtils.java:logGet(43)) - raft.server.log.purge.gap = 1000000 (custom)
2019-09-24 18:20:25,512 [pool-157-thread-1] INFO  server.RaftServerConfigKeys (ConfUtils.java:logGet(43)) - raft.server.log.appender.buffer.byte-limit = 33554432 (custom)
2019-09-24 18:20:25,512 [pool-157-thread-1] INFO  server.RaftServerConfigKeys (ConfUtils.java:logGet(43)) - raft.server.log.segment.size.max = 1048576 (custom)
2019-09-24 18:20:25,513 [pool-157-thread-1] INFO  server.RaftServerConfigKeys (ConfUtils.java:logGet(43)) - raft.server.log.segment.cache.num.max = 2 (custom)
2019-09-24 18:20:25,513 [pool-157-thread-1] INFO  segmented.SegmentedRaftLogWorker (SegmentedRaftLogWorker.java:<init>(172)) - new 21690c2e-4eab-419f-9c34-8dcbcedc5f1a@group-1194719E7DAC-SegmentedRaftLogWorker for RaftStorage:Storage Directory /workdir/hadoop-ozone/integration-test/target/test-dir/MiniOzoneClusterImpl-186cfbc1-6a32-40a9-9f2d-6a573dc3a7dc/datanode-1/data/ratis/0f9286bf-0059-440d-a384-1194719e7dac
2019-09-24 18:20:25,516 [pool-157-thread-1] INFO  server.RaftServerConfigKeys (ConfUtils.java:logGet(43)) - raft.server.log.queue.byte-limit = 2147483647 (custom)
2019-09-24 18:20:25,516 [pool-157-thread-1] INFO  server.RaftServerConfigKeys (ConfUtils.java:logGet(43)) - raft.server.log.queue.element-limit = 1024 (custom)
2019-09-24 18:20:25,517 [pool-157-thread-1] INFO  server.RaftServerConfigKeys (ConfUtils.java:logGet(43)) - raft.server.log.segment.size.max = 1048576 (custom)
2019-09-24 18:20:25,517 [pool-157-thread-1] INFO  server.RaftServerConfigKeys (ConfUtils.java:logGet(43)) - raft.server.log.preallocated.size = 16384 (custom)
2019-09-24 18:20:25,517 [pool-157-thread-1] INFO  server.RaftServerConfigKeys (ConfUtils.java:logGet(43)) - raft.server.log.write.buffer.size = 33554432 (custom)
2019-09-24 18:20:25,517 [pool-157-thread-1] INFO  server.RaftServerConfigKeys (ConfUtils.java:logGet(43)) - raft.server.log.force.sync.num = 128 (default)
2019-09-24 18:20:25,517 [pool-157-thread-1] INFO  server.RaftServerConfigKeys (ConfUtils.java:logGet(43)) - raft.server.log.statemachine.data.sync = true (default)
2019-09-24 18:20:25,518 [pool-157-thread-1] INFO  server.RaftServerConfigKeys (ConfUtils.java:logGet(43)) - raft.server.log.statemachine.data.sync.timeout = 10s (default)
2019-09-24 18:20:25,518 [pool-157-thread-1] INFO  server.RaftServerConfigKeys (ConfUtils.java:logGet(43)) - raft.server.log.statemachine.data.sync.timeout.retry = -1 (default)
2019-09-24 18:20:25,518 [pool-157-thread-1] INFO  server.RaftServerConfigKeys (ConfUtils.java:logGet(43)) - raft.server.log.statemachine.data.caching.enabled = true (custom)
2019-09-24 18:20:25,519 [pool-157-thread-1] INFO  segmented.SegmentedRaftLogWorker (SegmentedRaftLogWorker.java:lambda$new$0(132)) - 21690c2e-4eab-419f-9c34-8dcbcedc5f1a@group-1194719E7DAC-SegmentedRaftLogWorker: flushIndex: setUnconditionally 0 -> -1
2019-09-24 18:20:25,519 [pool-157-thread-1] INFO  server.RaftServerConfigKeys (ConfUtils.java:logGet(43)) - raft.server.snapshot.auto.trigger.enabled = true (custom)
2019-09-24 18:20:25,519 [pool-157-thread-1] INFO  server.RaftServerConfigKeys (ConfUtils.java:logGet(43)) - raft.server.snapshot.auto.trigger.threshold = 10000 (custom)
2019-09-24 18:20:25,519 [pool-157-thread-1] INFO  server.RaftServerConfigKeys (ConfUtils.java:logGet(43)) - raft.server.snapshot.retention.num.files = 5 (custom)
2019-09-24 18:20:25,520 [pool-157-thread-1] INFO  server.RaftServerConfigKeys (ConfUtils.java:logGet(43)) - raft.server.retrycache.expirytime = 600000ms (custom)
2019-09-24 18:20:25,523 [pool-157-thread-1] INFO  impl.RaftServerImpl (RaftServerImpl.java:start(185)) - 21690c2e-4eab-419f-9c34-8dcbcedc5f1a@group-1194719E7DAC: start as a follower, conf=-1: [21690c2e-4eab-419f-9c34-8dcbcedc5f1a:192.168.36.84:42742], old=null
2019-09-24 18:20:25,523 [pool-157-thread-1] INFO  impl.RaftServerImpl (RaftServerImpl.java:setRole(174)) - 21690c2e-4eab-419f-9c34-8dcbcedc5f1a@group-1194719E7DAC: changes role from      null to FOLLOWER at term 0 for startAsFollower
2019-09-24 18:20:25,523 [pool-157-thread-1] INFO  impl.RoleInfo (RoleInfo.java:updateAndGet(143)) - 21690c2e-4eab-419f-9c34-8dcbcedc5f1a: start FollowerState
2019-09-24 18:20:25,524 [pool-157-thread-1] INFO  util.JmxRegister (JmxRegister.java:tryRegister(44)) - Successfully registered JMX Bean with object name Ratis:service=RaftServer,group=group-1194719E7DAC,id=21690c2e-4eab-419f-9c34-8dcbcedc5f1a
2019-09-24 18:20:25,543 [RatisPipelineUtilsThread] INFO  pipeline.PipelineStateManager (PipelineStateManager.java:addPipeline(56)) - Created pipeline Pipeline[ Id: 0f9286bf-0059-440d-a384-1194719e7dac, Nodes: 21690c2e-4eab-419f-9c34-8dcbcedc5f1a{ip: 192.168.36.84, host: pr-hdds-2171-6l6hb-1841322612, networkLocation: /default-rack, certSerialId: null}, Type:RATIS, Factor:ONE, State:OPEN]
2019-09-24 18:20:25,554 [18f7ddc7-ed0b-485b-8078-4f4feb143474@group-78450924442E-SegmentedRaftLogWorker] INFO  segmented.SegmentedRaftLogWorker (SegmentedRaftLogWorker.java:execute(569)) - 18f7ddc7-ed0b-485b-8078-4f4feb143474@group-78450924442E-SegmentedRaftLogWorker: created new log segment /workdir/hadoop-ozone/integration-test/target/test-dir/MiniOzoneClusterImpl-186cfbc1-6a32-40a9-9f2d-6a573dc3a7dc/datanode-5/data/ratis/06b5b6df-bce2-4f88-89a1-78450924442e/current/log_inprogress_0
2019-09-24 18:20:25,558 [grpc-default-executor-0] INFO  impl.RaftServerProxy (RaftServerProxy.java:addNew(89)) - 26ccac67-ab20-4124-92b6-8da6e1522566: addNew group-F57D9D33AA1F:[26ccac67-ab20-4124-92b6-8da6e1522566:192.168.36.84:45402] returns group-F57D9D33AA1F:java.util.concurrent.CompletableFuture@3f5938c7[Not completed]
2019-09-24 18:20:25,598 [pool-167-thread-1] INFO  impl.RaftServerImpl (RaftServerImpl.java:<init>(95)) - 26ccac67-ab20-4124-92b6-8da6e1522566: new RaftServerImpl for group-F57D9D33AA1F:[26ccac67-ab20-4124-92b6-8da6e1522566:192.168.36.84:45402] with ContainerStateMachine:uninitialized
2019-09-24 18:20:25,599 [pool-167-thread-1] INFO  server.RaftServerConfigKeys (ConfUtils.java:logGet(43)) - raft.server.rpc.timeout.min = 1s (custom)
2019-09-24 18:20:25,599 [pool-167-thread-1] INFO  server.RaftServerConfigKeys (ConfUtils.java:logGet(43)) - raft.server.rpc.timeout.max = 1200ms (custom)
2019-09-24 18:20:25,599 [pool-167-thread-1] INFO  server.RaftServerConfigKeys (ConfUtils.java:logGet(43)) - raft.server.rpcslowness.timeout = 120s (custom)
2019-09-24 18:20:25,599 [pool-167-thread-1] INFO  server.RaftServerConfigKeys (ConfUtils.java:logGet(43)) - raft.server.sleep.deviation.threshold = 300 (default)
2019-09-24 18:20:25,599 [pool-167-thread-1] INFO  server.RaftServerConfigKeys (ConfUtils.java:logGet(43)) - raft.server.log.appender.install.snapshot.enabled = false (custom)
2019-09-24 18:20:25,599 [pool-167-thread-1] INFO  impl.RaftServerImpl (ServerState.java:<init>(103)) - 26ccac67-ab20-4124-92b6-8da6e1522566@group-F57D9D33AA1F: ConfigurationManager, init=-1: [26ccac67-ab20-4124-92b6-8da6e1522566:192.168.36.84:45402], old=null, confs=<EMPTY_MAP>
2019-09-24 18:20:25,600 [pool-167-thread-1] INFO  server.RaftServerConfigKeys (ConfUtils.java:logGet(43)) - raft.server.storage.dir = [/workdir/hadoop-ozone/integration-test/target/test-dir/MiniOzoneClusterImpl-186cfbc1-6a32-40a9-9f2d-6a573dc3a7dc/datanode-2/data/ratis] (custom)
2019-09-24 18:20:25,600 [pool-167-thread-1] INFO  storage.RaftStorageDirectory (RaftStorageDirectory.java:analyzeStorage(246)) - The storage directory /workdir/hadoop-ozone/integration-test/target/test-dir/MiniOzoneClusterImpl-186cfbc1-6a32-40a9-9f2d-6a573dc3a7dc/datanode-2/data/ratis/8f6a1367-7dea-4485-83dd-f57d9d33aa1f does not exist. Creating ...
2019-09-24 18:20:25,875 [pool-167-thread-1] INFO  storage.RaftStorageDirectory (RaftStorageDirectory.java:tryLock(328)) - Lock on /workdir/hadoop-ozone/integration-test/target/test-dir/MiniOzoneClusterImpl-186cfbc1-6a32-40a9-9f2d-6a573dc3a7dc/datanode-2/data/ratis/8f6a1367-7dea-4485-83dd-f57d9d33aa1f/in_use.lock acquired by nodename 18388@pr-hdds-2171-6l6hb-1841322612
2019-09-24 18:20:26,192 [Thread-689] INFO  impl.FollowerState (FollowerState.java:run(106)) - 76f8f82d-5f7e-41ca-9bb3-5d91ee80ba9b:group-8106C27ECCB5 changes to CANDIDATE, lastRpcTime:1053, electionTimeout:1053ms
2019-09-24 18:20:26,193 [Thread-689] INFO  impl.RoleInfo (RoleInfo.java:shutdownFollowerState(121)) - 76f8f82d-5f7e-41ca-9bb3-5d91ee80ba9b: shutdown FollowerState
2019-09-24 18:20:26,193 [Thread-689] INFO  impl.RaftServerImpl (RaftServerImpl.java:setRole(174)) - 76f8f82d-5f7e-41ca-9bb3-5d91ee80ba9b@group-8106C27ECCB5: changes role from  FOLLOWER to CANDIDATE at term 0 for changeToCandidate
2019-09-24 18:20:26,193 [Thread-689] INFO  impl.RoleInfo (RoleInfo.java:updateAndGet(143)) - 76f8f82d-5f7e-41ca-9bb3-5d91ee80ba9b: start LeaderElection
2019-09-24 18:20:26,372 [pool-167-thread-1] INFO  storage.RaftStorage (RaftStorage.java:format(72)) - Storage directory /workdir/hadoop-ozone/integration-test/target/test-dir/MiniOzoneClusterImpl-186cfbc1-6a32-40a9-9f2d-6a573dc3a7dc/datanode-2/data/ratis/8f6a1367-7dea-4485-83dd-f57d9d33aa1f has been successfully formatted.
2019-09-24 18:20:26,372 [76f8f82d-5f7e-41ca-9bb3-5d91ee80ba9b@group-8106C27ECCB5:LeaderElection33] INFO  impl.LeaderElection (LeaderElection.java:askForVotes(182)) - 76f8f82d-5f7e-41ca-9bb3-5d91ee80ba9b@group-8106C27ECCB5:LeaderElection33: begin an election at term 1 for -1: [76f8f82d-5f7e-41ca-9bb3-5d91ee80ba9b:192.168.36.84:44299], old=null
2019-09-24 18:20:26,372 [76f8f82d-5f7e-41ca-9bb3-5d91ee80ba9b@group-8106C27ECCB5:LeaderElection33] INFO  impl.RoleInfo (RoleInfo.java:shutdownLeaderElection(134)) - 76f8f82d-5f7e-41ca-9bb3-5d91ee80ba9b: shutdown LeaderElection
2019-09-24 18:20:26,372 [pool-167-thread-1] INFO  ratis.ContainerStateMachine (ContainerStateMachine.java:loadSnapshot(230)) - group-F57D9D33AA1F: The snapshot info is null. Setting the last applied indexto:(t:0, i:~)
2019-09-24 18:20:26,372 [76f8f82d-5f7e-41ca-9bb3-5d91ee80ba9b@group-8106C27ECCB5:LeaderElection33] INFO  impl.RaftServerImpl (RaftServerImpl.java:setRole(174)) - 76f8f82d-5f7e-41ca-9bb3-5d91ee80ba9b@group-8106C27ECCB5: changes role from CANDIDATE to LEADER at term 1 for changeToLeader
2019-09-24 18:20:26,373 [pool-167-thread-1] INFO  server.RaftServerConfigKeys (ConfUtils.java:logGet(43)) - raft.server.notification.no-leader.timeout = 120s (custom)
2019-09-24 18:20:26,373 [76f8f82d-5f7e-41ca-9bb3-5d91ee80ba9b@group-8106C27ECCB5:LeaderElection33] INFO  impl.RaftServerImpl (ServerState.java:setLeader(253)) - 76f8f82d-5f7e-41ca-9bb3-5d91ee80ba9b@group-8106C27ECCB5: change Leader from null to 76f8f82d-5f7e-41ca-9bb3-5d91ee80ba9b at term 1 for becomeLeader, leader elected after 1242ms
2019-09-24 18:20:26,373 [pool-167-thread-1] INFO  server.RaftServerConfigKeys (ConfUtils.java:logGet(43)) - raft.server.log.use.memory = false (default)
2019-09-24 18:20:26,376 [76f8f82d-5f7e-41ca-9bb3-5d91ee80ba9b@group-8106C27ECCB5:LeaderElection33] INFO  server.RaftServerConfigKeys (ConfUtils.java:logGet(43)) - raft.server.staging.catchup.gap = 1000 (default)
2019-09-24 18:20:26,376 [pool-167-thread-1] INFO  server.RaftServerConfigKeys (ConfUtils.java:logGet(43)) - raft.server.log.purge.gap = 1000000 (custom)
2019-09-24 18:20:26,376 [76f8f82d-5f7e-41ca-9bb3-5d91ee80ba9b@group-8106C27ECCB5:LeaderElection33] INFO  server.RaftServerConfigKeys (ConfUtils.java:logGet(43)) - raft.server.rpc.sleep.time = 25ms (default)
2019-09-24 18:20:26,376 [pool-167-thread-1] INFO  server.RaftServerConfigKeys (ConfUtils.java:logGet(43)) - raft.server.log.appender.buffer.byte-limit = 33554432 (custom)
2019-09-24 18:20:26,377 [76f8f82d-5f7e-41ca-9bb3-5d91ee80ba9b@group-8106C27ECCB5:LeaderElection33] INFO  server.RaftServerConfigKeys (ConfUtils.java:logGet(43)) - raft.server.write.element-limit = 4096 (default)
2019-09-24 18:20:26,377 [pool-167-thread-1] INFO  server.RaftServerConfigKeys (ConfUtils.java:logGet(43)) - raft.server.log.segment.size.max = 1048576 (custom)
2019-09-24 18:20:26,377 [76f8f82d-5f7e-41ca-9bb3-5d91ee80ba9b@group-8106C27ECCB5:LeaderElection33] INFO  server.RaftServerConfigKeys (ConfUtils.java:logGet(43)) - raft.server.watch.timeout = 10s (default)
2019-09-24 18:20:26,377 [pool-167-thread-1] INFO  server.RaftServerConfigKeys (ConfUtils.java:logGet(43)) - raft.server.log.segment.cache.num.max = 2 (custom)
2019-09-24 18:20:26,377 [76f8f82d-5f7e-41ca-9bb3-5d91ee80ba9b@group-8106C27ECCB5:LeaderElection33] INFO  server.RaftServerConfigKeys (ConfUtils.java:logGet(43)) - raft.server.watch.timeout.denomination = 1s (default)
2019-09-24 18:20:26,377 [pool-167-thread-1] INFO  segmented.SegmentedRaftLogWorker (SegmentedRaftLogWorker.java:<init>(172)) - new 26ccac67-ab20-4124-92b6-8da6e1522566@group-F57D9D33AA1F-SegmentedRaftLogWorker for RaftStorage:Storage Directory /workdir/hadoop-ozone/integration-test/target/test-dir/MiniOzoneClusterImpl-186cfbc1-6a32-40a9-9f2d-6a573dc3a7dc/datanode-2/data/ratis/8f6a1367-7dea-4485-83dd-f57d9d33aa1f
2019-09-24 18:20:26,378 [76f8f82d-5f7e-41ca-9bb3-5d91ee80ba9b@group-8106C27ECCB5:LeaderElection33] INFO  server.RaftServerConfigKeys (ConfUtils.java:logGet(43)) - raft.server.watch.element-limit = 65536 (default)
2019-09-24 18:20:26,382 [pool-167-thread-1] INFO  server.RaftServerConfigKeys (ConfUtils.java:logGet(43)) - raft.server.log.queue.byte-limit = 2147483647 (custom)
2019-09-24 18:20:26,382 [pool-167-thread-1] INFO  server.RaftServerConfigKeys (ConfUtils.java:logGet(43)) - raft.server.log.queue.element-limit = 1024 (custom)
2019-09-24 18:20:26,382 [76f8f82d-5f7e-41ca-9bb3-5d91ee80ba9b@group-8106C27ECCB5:LeaderElection33] INFO  impl.RoleInfo (RoleInfo.java:updateAndGet(143)) - 76f8f82d-5f7e-41ca-9bb3-5d91ee80ba9b: start LeaderState
2019-09-24 18:20:26,382 [pool-167-thread-1] INFO  server.RaftServerConfigKeys (ConfUtils.java:logGet(43)) - raft.server.log.segment.size.max = 1048576 (custom)
2019-09-24 18:20:26,383 [pool-167-thread-1] INFO  server.RaftServerConfigKeys (ConfUtils.java:logGet(43)) - raft.server.log.preallocated.size = 16384 (custom)
2019-09-24 18:20:26,383 [76f8f82d-5f7e-41ca-9bb3-5d91ee80ba9b@group-8106C27ECCB5:LeaderElection33] INFO  segmented.SegmentedRaftLogWorker (SegmentedRaftLogWorker.java:startLogSegment(380)) - 76f8f82d-5f7e-41ca-9bb3-5d91ee80ba9b@group-8106C27ECCB5-SegmentedRaftLogWorker: Starting segment from index:0
2019-09-24 18:20:26,383 [pool-167-thread-1] INFO  server.RaftServerConfigKeys (ConfUtils.java:logGet(43)) - raft.server.log.write.buffer.size = 33554432 (custom)
2019-09-24 18:20:26,383 [pool-167-thread-1] INFO  server.RaftServerConfigKeys (ConfUtils.java:logGet(43)) - raft.server.log.force.sync.num = 128 (default)
2019-09-24 18:20:26,383 [pool-167-thread-1] INFO  server.RaftServerConfigKeys (ConfUtils.java:logGet(43)) - raft.server.log.statemachine.data.sync = true (default)
2019-09-24 18:20:26,384 [76f8f82d-5f7e-41ca-9bb3-5d91ee80ba9b@group-8106C27ECCB5:LeaderElection33] INFO  impl.RaftServerImpl (ServerState.java:setRaftConf(354)) - 76f8f82d-5f7e-41ca-9bb3-5d91ee80ba9b@group-8106C27ECCB5: set configuration 0: [76f8f82d-5f7e-41ca-9bb3-5d91ee80ba9b:192.168.36.84:44299], old=null at 0
2019-09-24 18:20:26,384 [pool-167-thread-1] INFO  server.RaftServerConfigKeys (ConfUtils.java:logGet(43)) - raft.server.log.statemachine.data.sync.timeout = 10s (default)
2019-09-24 18:20:26,384 [pool-167-thread-1] INFO  server.RaftServerConfigKeys (ConfUtils.java:logGet(43)) - raft.server.log.statemachine.data.sync.timeout.retry = -1 (default)
2019-09-24 18:20:26,384 [pool-167-thread-1] INFO  server.RaftServerConfigKeys (ConfUtils.java:logGet(43)) - raft.server.log.statemachine.data.caching.enabled = true (custom)
2019-09-24 18:20:26,385 [pool-167-thread-1] INFO  segmented.SegmentedRaftLogWorker (SegmentedRaftLogWorker.java:lambda$new$0(132)) - 26ccac67-ab20-4124-92b6-8da6e1522566@group-F57D9D33AA1F-SegmentedRaftLogWorker: flushIndex: setUnconditionally 0 -> -1
2019-09-24 18:20:26,385 [pool-167-thread-1] INFO  server.RaftServerConfigKeys (ConfUtils.java:logGet(43)) - raft.server.snapshot.auto.trigger.enabled = true (custom)
2019-09-24 18:20:26,385 [pool-167-thread-1] INFO  server.RaftServerConfigKeys (ConfUtils.java:logGet(43)) - raft.server.snapshot.auto.trigger.threshold = 10000 (custom)
2019-09-24 18:20:26,386 [pool-167-thread-1] INFO  server.RaftServerConfigKeys (ConfUtils.java:logGet(43)) - raft.server.snapshot.retention.num.files = 5 (custom)
2019-09-24 18:20:26,386 [pool-167-thread-1] INFO  server.RaftServerConfigKeys (ConfUtils.java:logGet(43)) - raft.server.retrycache.expirytime = 600000ms (custom)
2019-09-24 18:20:26,389 [pool-167-thread-1] INFO  impl.RaftServerImpl (RaftServerImpl.java:start(185)) - 26ccac67-ab20-4124-92b6-8da6e1522566@group-F57D9D33AA1F: start as a follower, conf=-1: [26ccac67-ab20-4124-92b6-8da6e1522566:192.168.36.84:45402], old=null
2019-09-24 18:20:26,389 [pool-167-thread-1] INFO  impl.RaftServerImpl (RaftServerImpl.java:setRole(174)) - 26ccac67-ab20-4124-92b6-8da6e1522566@group-F57D9D33AA1F: changes role from      null to FOLLOWER at term 0 for startAsFollower
2019-09-24 18:20:26,389 [pool-167-thread-1] INFO  impl.RoleInfo (RoleInfo.java:updateAndGet(143)) - 26ccac67-ab20-4124-92b6-8da6e1522566: start FollowerState
2019-09-24 18:20:26,435 [pool-167-thread-1] INFO  util.JmxRegister (JmxRegister.java:tryRegister(44)) - Successfully registered JMX Bean with object name Ratis:service=RaftServer,group=group-F57D9D33AA1F,id=26ccac67-ab20-4124-92b6-8da6e1522566
2019-09-24 18:20:26,450 [RatisPipelineUtilsThread] INFO  pipeline.PipelineStateManager (PipelineStateManager.java:addPipeline(56)) - Created pipeline Pipeline[ Id: 8f6a1367-7dea-4485-83dd-f57d9d33aa1f, Nodes: 26ccac67-ab20-4124-92b6-8da6e1522566{ip: 192.168.36.84, host: pr-hdds-2171-6l6hb-1841322612, networkLocation: /default-rack, certSerialId: null}, Type:RATIS, Factor:ONE, State:OPEN]
2019-09-24 18:20:26,477 [grpc-default-executor-2] INFO  impl.RaftServerProxy (RaftServerProxy.java:addNew(89)) - 18f7ddc7-ed0b-485b-8078-4f4feb143474: addNew group-180066A9B904:[76f8f82d-5f7e-41ca-9bb3-5d91ee80ba9b:192.168.36.84:44299, b474bcaf-cd7e-434d-ad5c-42954e730277:192.168.36.84:35510, 18f7ddc7-ed0b-485b-8078-4f4feb143474:192.168.36.84:46557] returns group-180066A9B904:java.util.concurrent.CompletableFuture@8223226[Not completed]
2019-09-24 18:20:26,477 [grpc-default-executor-0] INFO  impl.RaftServerProxy (RaftServerProxy.java:addNew(89)) - b474bcaf-cd7e-434d-ad5c-42954e730277: addNew group-180066A9B904:[76f8f82d-5f7e-41ca-9bb3-5d91ee80ba9b:192.168.36.84:44299, b474bcaf-cd7e-434d-ad5c-42954e730277:192.168.36.84:35510, 18f7ddc7-ed0b-485b-8078-4f4feb143474:192.168.36.84:46557] returns group-180066A9B904:java.util.concurrent.CompletableFuture@fd855ee[Not completed]
2019-09-24 18:20:26,477 [grpc-default-executor-1] INFO  impl.RaftServerProxy (RaftServerProxy.java:addNew(89)) - 76f8f82d-5f7e-41ca-9bb3-5d91ee80ba9b: addNew group-180066A9B904:[76f8f82d-5f7e-41ca-9bb3-5d91ee80ba9b:192.168.36.84:44299, b474bcaf-cd7e-434d-ad5c-42954e730277:192.168.36.84:35510, 18f7ddc7-ed0b-485b-8078-4f4feb143474:192.168.36.84:46557] returns group-180066A9B904:java.util.concurrent.CompletableFuture@3d127f43[Not completed]
2019-09-24 18:20:26,479 [pool-197-thread-1] INFO  impl.RaftServerImpl (RaftServerImpl.java:<init>(95)) - 18f7ddc7-ed0b-485b-8078-4f4feb143474: new RaftServerImpl for group-180066A9B904:[76f8f82d-5f7e-41ca-9bb3-5d91ee80ba9b:192.168.36.84:44299, b474bcaf-cd7e-434d-ad5c-42954e730277:192.168.36.84:35510, 18f7ddc7-ed0b-485b-8078-4f4feb143474:192.168.36.84:46557] with ContainerStateMachine:uninitialized
2019-09-24 18:20:26,480 [pool-197-thread-1] INFO  server.RaftServerConfigKeys (ConfUtils.java:logGet(43)) - raft.server.rpc.timeout.min = 1s (custom)
2019-09-24 18:20:26,480 [pool-197-thread-1] INFO  server.RaftServerConfigKeys (ConfUtils.java:logGet(43)) - raft.server.rpc.timeout.max = 1200ms (custom)
2019-09-24 18:20:26,480 [pool-197-thread-1] INFO  server.RaftServerConfigKeys (ConfUtils.java:logGet(43)) - raft.server.rpcslowness.timeout = 120s (custom)
2019-09-24 18:20:26,480 [pool-197-thread-1] INFO  server.RaftServerConfigKeys (ConfUtils.java:logGet(43)) - raft.server.sleep.deviation.threshold = 300 (default)
2019-09-24 18:20:26,480 [pool-197-thread-1] INFO  server.RaftServerConfigKeys (ConfUtils.java:logGet(43)) - raft.server.log.appender.install.snapshot.enabled = false (custom)
2019-09-24 18:20:26,481 [pool-197-thread-1] INFO  impl.RaftServerImpl (ServerState.java:<init>(103)) - 18f7ddc7-ed0b-485b-8078-4f4feb143474@group-180066A9B904: ConfigurationManager, init=-1: [76f8f82d-5f7e-41ca-9bb3-5d91ee80ba9b:192.168.36.84:44299, b474bcaf-cd7e-434d-ad5c-42954e730277:192.168.36.84:35510, 18f7ddc7-ed0b-485b-8078-4f4feb143474:192.168.36.84:46557], old=null, confs=<EMPTY_MAP>
2019-09-24 18:20:26,481 [pool-177-thread-1] INFO  impl.RaftServerImpl (RaftServerImpl.java:<init>(95)) - 76f8f82d-5f7e-41ca-9bb3-5d91ee80ba9b: new RaftServerImpl for group-180066A9B904:[76f8f82d-5f7e-41ca-9bb3-5d91ee80ba9b:192.168.36.84:44299, b474bcaf-cd7e-434d-ad5c-42954e730277:192.168.36.84:35510, 18f7ddc7-ed0b-485b-8078-4f4feb143474:192.168.36.84:46557] with ContainerStateMachine:uninitialized
2019-09-24 18:20:26,481 [pool-197-thread-1] INFO  server.RaftServerConfigKeys (ConfUtils.java:logGet(43)) - raft.server.storage.dir = [/workdir/hadoop-ozone/integration-test/target/test-dir/MiniOzoneClusterImpl-186cfbc1-6a32-40a9-9f2d-6a573dc3a7dc/datanode-5/data/ratis] (custom)
2019-09-24 18:20:26,481 [pool-177-thread-1] INFO  server.RaftServerConfigKeys (ConfUtils.java:logGet(43)) - raft.server.rpc.timeout.min = 1s (custom)
2019-09-24 18:20:26,481 [pool-177-thread-1] INFO  server.RaftServerConfigKeys (ConfUtils.java:logGet(43)) - raft.server.rpc.timeout.max = 1200ms (custom)
2019-09-24 18:20:26,481 [pool-197-thread-1] INFO  storage.RaftStorageDirectory (RaftStorageDirectory.java:analyzeStorage(246)) - The storage directory /workdir/hadoop-ozone/integration-test/target/test-dir/MiniOzoneClusterImpl-186cfbc1-6a32-40a9-9f2d-6a573dc3a7dc/datanode-5/data/ratis/d055781a-02bf-49a8-8797-180066a9b904 does not exist. Creating ...
2019-09-24 18:20:26,482 [pool-187-thread-1] INFO  impl.RaftServerImpl (RaftServerImpl.java:<init>(95)) - b474bcaf-cd7e-434d-ad5c-42954e730277: new RaftServerImpl for group-180066A9B904:[76f8f82d-5f7e-41ca-9bb3-5d91ee80ba9b:192.168.36.84:44299, b474bcaf-cd7e-434d-ad5c-42954e730277:192.168.36.84:35510, 18f7ddc7-ed0b-485b-8078-4f4feb143474:192.168.36.84:46557] with ContainerStateMachine:uninitialized
2019-09-24 18:20:26,481 [pool-177-thread-1] INFO  server.RaftServerConfigKeys (ConfUtils.java:logGet(43)) - raft.server.rpcslowness.timeout = 120s (custom)
2019-09-24 18:20:26,482 [pool-187-thread-1] INFO  server.RaftServerConfigKeys (ConfUtils.java:logGet(43)) - raft.server.rpc.timeout.min = 1s (custom)
2019-09-24 18:20:26,482 [pool-177-thread-1] INFO  server.RaftServerConfigKeys (ConfUtils.java:logGet(43)) - raft.server.sleep.deviation.threshold = 300 (default)
2019-09-24 18:20:26,482 [pool-187-thread-1] INFO  server.RaftServerConfigKeys (ConfUtils.java:logGet(43)) - raft.server.rpc.timeout.max = 1200ms (custom)
2019-09-24 18:20:26,482 [pool-177-thread-1] INFO  server.RaftServerConfigKeys (ConfUtils.java:logGet(43)) - raft.server.log.appender.install.snapshot.enabled = false (custom)
2019-09-24 18:20:26,483 [pool-187-thread-1] INFO  server.RaftServerConfigKeys (ConfUtils.java:logGet(43)) - raft.server.rpcslowness.timeout = 120s (custom)
2019-09-24 18:20:26,483 [pool-177-thread-1] INFO  impl.RaftServerImpl (ServerState.java:<init>(103)) - 76f8f82d-5f7e-41ca-9bb3-5d91ee80ba9b@group-180066A9B904: ConfigurationManager, init=-1: [76f8f82d-5f7e-41ca-9bb3-5d91ee80ba9b:192.168.36.84:44299, b474bcaf-cd7e-434d-ad5c-42954e730277:192.168.36.84:35510, 18f7ddc7-ed0b-485b-8078-4f4feb143474:192.168.36.84:46557], old=null, confs=<EMPTY_MAP>
2019-09-24 18:20:26,483 [pool-187-thread-1] INFO  server.RaftServerConfigKeys (ConfUtils.java:logGet(43)) - raft.server.sleep.deviation.threshold = 300 (default)
2019-09-24 18:20:26,483 [pool-177-thread-1] INFO  server.RaftServerConfigKeys (ConfUtils.java:logGet(43)) - raft.server.storage.dir = [/workdir/hadoop-ozone/integration-test/target/test-dir/MiniOzoneClusterImpl-186cfbc1-6a32-40a9-9f2d-6a573dc3a7dc/datanode-3/data/ratis] (custom)
2019-09-24 18:20:26,483 [pool-187-thread-1] INFO  server.RaftServerConfigKeys (ConfUtils.java:logGet(43)) - raft.server.log.appender.install.snapshot.enabled = false (custom)
2019-09-24 18:20:26,483 [pool-187-thread-1] INFO  impl.RaftServerImpl (ServerState.java:<init>(103)) - b474bcaf-cd7e-434d-ad5c-42954e730277@group-180066A9B904: ConfigurationManager, init=-1: [76f8f82d-5f7e-41ca-9bb3-5d91ee80ba9b:192.168.36.84:44299, b474bcaf-cd7e-434d-ad5c-42954e730277:192.168.36.84:35510, 18f7ddc7-ed0b-485b-8078-4f4feb143474:192.168.36.84:46557], old=null, confs=<EMPTY_MAP>
2019-09-24 18:20:26,484 [pool-177-thread-1] INFO  storage.RaftStorageDirectory (RaftStorageDirectory.java:analyzeStorage(246)) - The storage directory /workdir/hadoop-ozone/integration-test/target/test-dir/MiniOzoneClusterImpl-186cfbc1-6a32-40a9-9f2d-6a573dc3a7dc/datanode-3/data/ratis/d055781a-02bf-49a8-8797-180066a9b904 does not exist. Creating ...
2019-09-24 18:20:26,484 [pool-187-thread-1] INFO  server.RaftServerConfigKeys (ConfUtils.java:logGet(43)) - raft.server.storage.dir = [/workdir/hadoop-ozone/integration-test/target/test-dir/MiniOzoneClusterImpl-186cfbc1-6a32-40a9-9f2d-6a573dc3a7dc/datanode-4/data/ratis] (custom)
2019-09-24 18:20:26,484 [pool-187-thread-1] INFO  storage.RaftStorageDirectory (RaftStorageDirectory.java:analyzeStorage(246)) - The storage directory /workdir/hadoop-ozone/integration-test/target/test-dir/MiniOzoneClusterImpl-186cfbc1-6a32-40a9-9f2d-6a573dc3a7dc/datanode-4/data/ratis/d055781a-02bf-49a8-8797-180066a9b904 does not exist. Creating ...
2019-09-24 18:20:26,640 [Thread-694] INFO  impl.FollowerState (FollowerState.java:run(106)) - 21690c2e-4eab-419f-9c34-8dcbcedc5f1a:group-1194719E7DAC changes to CANDIDATE, lastRpcTime:1116, electionTimeout:1116ms
2019-09-24 18:20:26,640 [Thread-694] INFO  impl.RoleInfo (RoleInfo.java:shutdownFollowerState(121)) - 21690c2e-4eab-419f-9c34-8dcbcedc5f1a: shutdown FollowerState
2019-09-24 18:20:26,640 [Thread-694] INFO  impl.RaftServerImpl (RaftServerImpl.java:setRole(174)) - 21690c2e-4eab-419f-9c34-8dcbcedc5f1a@group-1194719E7DAC: changes role from  FOLLOWER to CANDIDATE at term 0 for changeToCandidate
2019-09-24 18:20:26,640 [Thread-694] INFO  impl.RoleInfo (RoleInfo.java:updateAndGet(143)) - 21690c2e-4eab-419f-9c34-8dcbcedc5f1a: start LeaderElection
2019-09-24 18:20:26,833 [pool-187-thread-1] INFO  storage.RaftStorageDirectory (RaftStorageDirectory.java:tryLock(328)) - Lock on /workdir/hadoop-ozone/integration-test/target/test-dir/MiniOzoneClusterImpl-186cfbc1-6a32-40a9-9f2d-6a573dc3a7dc/datanode-4/data/ratis/d055781a-02bf-49a8-8797-180066a9b904/in_use.lock acquired by nodename 18388@pr-hdds-2171-6l6hb-1841322612
2019-09-24 18:20:26,833 [76f8f82d-5f7e-41ca-9bb3-5d91ee80ba9b@group-8106C27ECCB5-SegmentedRaftLogWorker] INFO  segmented.SegmentedRaftLogWorker (SegmentedRaftLogWorker.java:execute(569)) - 76f8f82d-5f7e-41ca-9bb3-5d91ee80ba9b@group-8106C27ECCB5-SegmentedRaftLogWorker: created new log segment /workdir/hadoop-ozone/integration-test/target/test-dir/MiniOzoneClusterImpl-186cfbc1-6a32-40a9-9f2d-6a573dc3a7dc/datanode-3/data/ratis/3c3148dc-34fc-4483-a558-8106c27eccb5/current/log_inprogress_0
2019-09-24 18:20:26,833 [pool-197-thread-1] INFO  storage.RaftStorageDirectory (RaftStorageDirectory.java:tryLock(328)) - Lock on /workdir/hadoop-ozone/integration-test/target/test-dir/MiniOzoneClusterImpl-186cfbc1-6a32-40a9-9f2d-6a573dc3a7dc/datanode-5/data/ratis/d055781a-02bf-49a8-8797-180066a9b904/in_use.lock acquired by nodename 18388@pr-hdds-2171-6l6hb-1841322612
2019-09-24 18:20:26,833 [pool-177-thread-1] INFO  storage.RaftStorageDirectory (RaftStorageDirectory.java:tryLock(328)) - Lock on /workdir/hadoop-ozone/integration-test/target/test-dir/MiniOzoneClusterImpl-186cfbc1-6a32-40a9-9f2d-6a573dc3a7dc/datanode-3/data/ratis/d055781a-02bf-49a8-8797-180066a9b904/in_use.lock acquired by nodename 18388@pr-hdds-2171-6l6hb-1841322612
2019-09-24 18:20:26,835 [21690c2e-4eab-419f-9c34-8dcbcedc5f1a@group-1194719E7DAC:LeaderElection34] INFO  impl.LeaderElection (LeaderElection.java:askForVotes(182)) - 21690c2e-4eab-419f-9c34-8dcbcedc5f1a@group-1194719E7DAC:LeaderElection34: begin an election at term 1 for -1: [21690c2e-4eab-419f-9c34-8dcbcedc5f1a:192.168.36.84:42742], old=null
2019-09-24 18:20:26,835 [21690c2e-4eab-419f-9c34-8dcbcedc5f1a@group-1194719E7DAC:LeaderElection34] INFO  impl.RoleInfo (RoleInfo.java:shutdownLeaderElection(134)) - 21690c2e-4eab-419f-9c34-8dcbcedc5f1a: shutdown LeaderElection
2019-09-24 18:20:26,836 [21690c2e-4eab-419f-9c34-8dcbcedc5f1a@group-1194719E7DAC:LeaderElection34] INFO  impl.RaftServerImpl (RaftServerImpl.java:setRole(174)) - 21690c2e-4eab-419f-9c34-8dcbcedc5f1a@group-1194719E7DAC: changes role from CANDIDATE to LEADER at term 1 for changeToLeader
2019-09-24 18:20:26,836 [21690c2e-4eab-419f-9c34-8dcbcedc5f1a@group-1194719E7DAC:LeaderElection34] INFO  impl.RaftServerImpl (ServerState.java:setLeader(253)) - 21690c2e-4eab-419f-9c34-8dcbcedc5f1a@group-1194719E7DAC: change Leader from null to 21690c2e-4eab-419f-9c34-8dcbcedc5f1a at term 1 for becomeLeader, leader elected after 1324ms
2019-09-24 18:20:26,838 [21690c2e-4eab-419f-9c34-8dcbcedc5f1a@group-1194719E7DAC:LeaderElection34] INFO  server.RaftServerConfigKeys (ConfUtils.java:logGet(43)) - raft.server.staging.catchup.gap = 1000 (default)
2019-09-24 18:20:26,839 [21690c2e-4eab-419f-9c34-8dcbcedc5f1a@group-1194719E7DAC:LeaderElection34] INFO  server.RaftServerConfigKeys (ConfUtils.java:logGet(43)) - raft.server.rpc.sleep.time = 25ms (default)
2019-09-24 18:20:26,839 [21690c2e-4eab-419f-9c34-8dcbcedc5f1a@group-1194719E7DAC:LeaderElection34] INFO  server.RaftServerConfigKeys (ConfUtils.java:logGet(43)) - raft.server.write.element-limit = 4096 (default)
2019-09-24 18:20:26,839 [21690c2e-4eab-419f-9c34-8dcbcedc5f1a@group-1194719E7DAC:LeaderElection34] INFO  server.RaftServerConfigKeys (ConfUtils.java:logGet(43)) - raft.server.watch.timeout = 10s (default)
2019-09-24 18:20:26,839 [21690c2e-4eab-419f-9c34-8dcbcedc5f1a@group-1194719E7DAC:LeaderElection34] INFO  server.RaftServerConfigKeys (ConfUtils.java:logGet(43)) - raft.server.watch.timeout.denomination = 1s (default)
2019-09-24 18:20:26,840 [21690c2e-4eab-419f-9c34-8dcbcedc5f1a@group-1194719E7DAC:LeaderElection34] INFO  server.RaftServerConfigKeys (ConfUtils.java:logGet(43)) - raft.server.watch.element-limit = 65536 (default)
2019-09-24 18:20:26,843 [21690c2e-4eab-419f-9c34-8dcbcedc5f1a@group-1194719E7DAC:LeaderElection34] INFO  impl.RoleInfo (RoleInfo.java:updateAndGet(143)) - 21690c2e-4eab-419f-9c34-8dcbcedc5f1a: start LeaderState
2019-09-24 18:20:26,844 [21690c2e-4eab-419f-9c34-8dcbcedc5f1a@group-1194719E7DAC:LeaderElection34] INFO  segmented.SegmentedRaftLogWorker (SegmentedRaftLogWorker.java:startLogSegment(380)) - 21690c2e-4eab-419f-9c34-8dcbcedc5f1a@group-1194719E7DAC-SegmentedRaftLogWorker: Starting segment from index:0
2019-09-24 18:20:26,844 [21690c2e-4eab-419f-9c34-8dcbcedc5f1a@group-1194719E7DAC:LeaderElection34] INFO  impl.RaftServerImpl (ServerState.java:setRaftConf(354)) - 21690c2e-4eab-419f-9c34-8dcbcedc5f1a@group-1194719E7DAC: set configuration 0: [21690c2e-4eab-419f-9c34-8dcbcedc5f1a:192.168.36.84:42742], old=null at 0
2019-09-24 18:20:27,131 [pool-197-thread-1] INFO  storage.RaftStorage (RaftStorage.java:format(72)) - Storage directory /workdir/hadoop-ozone/integration-test/target/test-dir/MiniOzoneClusterImpl-186cfbc1-6a32-40a9-9f2d-6a573dc3a7dc/datanode-5/data/ratis/d055781a-02bf-49a8-8797-180066a9b904 has been successfully formatted.
2019-09-24 18:20:27,131 [pool-177-thread-1] INFO  storage.RaftStorage (RaftStorage.java:format(72)) - Storage directory /workdir/hadoop-ozone/integration-test/target/test-dir/MiniOzoneClusterImpl-186cfbc1-6a32-40a9-9f2d-6a573dc3a7dc/datanode-3/data/ratis/d055781a-02bf-49a8-8797-180066a9b904 has been successfully formatted.
2019-09-24 18:20:27,131 [pool-187-thread-1] INFO  storage.RaftStorage (RaftStorage.java:format(72)) - Storage directory /workdir/hadoop-ozone/integration-test/target/test-dir/MiniOzoneClusterImpl-186cfbc1-6a32-40a9-9f2d-6a573dc3a7dc/datanode-4/data/ratis/d055781a-02bf-49a8-8797-180066a9b904 has been successfully formatted.
2019-09-24 18:20:27,132 [21690c2e-4eab-419f-9c34-8dcbcedc5f1a@group-1194719E7DAC-SegmentedRaftLogWorker] INFO  segmented.SegmentedRaftLogWorker (SegmentedRaftLogWorker.java:execute(569)) - 21690c2e-4eab-419f-9c34-8dcbcedc5f1a@group-1194719E7DAC-SegmentedRaftLogWorker: created new log segment /workdir/hadoop-ozone/integration-test/target/test-dir/MiniOzoneClusterImpl-186cfbc1-6a32-40a9-9f2d-6a573dc3a7dc/datanode-1/data/ratis/0f9286bf-0059-440d-a384-1194719e7dac/current/log_inprogress_0
2019-09-24 18:20:27,132 [pool-197-thread-1] INFO  ratis.ContainerStateMachine (ContainerStateMachine.java:loadSnapshot(230)) - group-180066A9B904: The snapshot info is null. Setting the last applied indexto:(t:0, i:~)
2019-09-24 18:20:27,133 [pool-187-thread-1] INFO  ratis.ContainerStateMachine (ContainerStateMachine.java:loadSnapshot(230)) - group-180066A9B904: The snapshot info is null. Setting the last applied indexto:(t:0, i:~)
2019-09-24 18:20:27,132 [pool-177-thread-1] INFO  ratis.ContainerStateMachine (ContainerStateMachine.java:loadSnapshot(230)) - group-180066A9B904: The snapshot info is null. Setting the last applied indexto:(t:0, i:~)
2019-09-24 18:20:27,133 [pool-187-thread-1] INFO  server.RaftServerConfigKeys (ConfUtils.java:logGet(43)) - raft.server.notification.no-leader.timeout = 120s (custom)
2019-09-24 18:20:27,133 [pool-197-thread-1] INFO  server.RaftServerConfigKeys (ConfUtils.java:logGet(43)) - raft.server.notification.no-leader.timeout = 120s (custom)
2019-09-24 18:20:27,133 [pool-187-thread-1] INFO  server.RaftServerConfigKeys (ConfUtils.java:logGet(43)) - raft.server.log.use.memory = false (default)
2019-09-24 18:20:27,133 [pool-177-thread-1] INFO  server.RaftServerConfigKeys (ConfUtils.java:logGet(43)) - raft.server.notification.no-leader.timeout = 120s (custom)
2019-09-24 18:20:27,134 [pool-187-thread-1] INFO  server.RaftServerConfigKeys (ConfUtils.java:logGet(43)) - raft.server.log.purge.gap = 1000000 (custom)
2019-09-24 18:20:27,133 [pool-197-thread-1] INFO  server.RaftServerConfigKeys (ConfUtils.java:logGet(43)) - raft.server.log.use.memory = false (default)
2019-09-24 18:20:27,134 [pool-187-thread-1] INFO  server.RaftServerConfigKeys (ConfUtils.java:logGet(43)) - raft.server.log.appender.buffer.byte-limit = 33554432 (custom)
2019-09-24 18:20:27,134 [pool-177-thread-1] INFO  server.RaftServerConfigKeys (ConfUtils.java:logGet(43)) - raft.server.log.use.memory = false (default)
2019-09-24 18:20:27,135 [pool-187-thread-1] INFO  server.RaftServerConfigKeys (ConfUtils.java:logGet(43)) - raft.server.log.segment.size.max = 1048576 (custom)
2019-09-24 18:20:27,134 [pool-197-thread-1] INFO  server.RaftServerConfigKeys (ConfUtils.java:logGet(43)) - raft.server.log.purge.gap = 1000000 (custom)
2019-09-24 18:20:27,135 [pool-187-thread-1] INFO  server.RaftServerConfigKeys (ConfUtils.java:logGet(43)) - raft.server.log.segment.cache.num.max = 2 (custom)
2019-09-24 18:20:27,135 [pool-177-thread-1] INFO  server.RaftServerConfigKeys (ConfUtils.java:logGet(43)) - raft.server.log.purge.gap = 1000000 (custom)
2019-09-24 18:20:27,135 [pool-187-thread-1] INFO  segmented.SegmentedRaftLogWorker (SegmentedRaftLogWorker.java:<init>(172)) - new b474bcaf-cd7e-434d-ad5c-42954e730277@group-180066A9B904-SegmentedRaftLogWorker for RaftStorage:Storage Directory /workdir/hadoop-ozone/integration-test/target/test-dir/MiniOzoneClusterImpl-186cfbc1-6a32-40a9-9f2d-6a573dc3a7dc/datanode-4/data/ratis/d055781a-02bf-49a8-8797-180066a9b904
2019-09-24 18:20:27,135 [pool-197-thread-1] INFO  server.RaftServerConfigKeys (ConfUtils.java:logGet(43)) - raft.server.log.appender.buffer.byte-limit = 33554432 (custom)
2019-09-24 18:20:27,136 [pool-187-thread-1] INFO  server.RaftServerConfigKeys (ConfUtils.java:logGet(43)) - raft.server.log.queue.byte-limit = 2147483647 (custom)
2019-09-24 18:20:27,136 [pool-177-thread-1] INFO  server.RaftServerConfigKeys (ConfUtils.java:logGet(43)) - raft.server.log.appender.buffer.byte-limit = 33554432 (custom)
2019-09-24 18:20:27,136 [pool-187-thread-1] INFO  server.RaftServerConfigKeys (ConfUtils.java:logGet(43)) - raft.server.log.queue.element-limit = 1024 (custom)
2019-09-24 18:20:27,136 [pool-197-thread-1] INFO  server.RaftServerConfigKeys (ConfUtils.java:logGet(43)) - raft.server.log.segment.size.max = 1048576 (custom)
2019-09-24 18:20:27,137 [pool-187-thread-1] INFO  server.RaftServerConfigKeys (ConfUtils.java:logGet(43)) - raft.server.log.segment.size.max = 1048576 (custom)
2019-09-24 18:20:27,136 [pool-177-thread-1] INFO  server.RaftServerConfigKeys (ConfUtils.java:logGet(43)) - raft.server.log.segment.size.max = 1048576 (custom)
2019-09-24 18:20:27,137 [pool-187-thread-1] INFO  server.RaftServerConfigKeys (ConfUtils.java:logGet(43)) - raft.server.log.preallocated.size = 16384 (custom)
2019-09-24 18:20:27,137 [pool-197-thread-1] INFO  server.RaftServerConfigKeys (ConfUtils.java:logGet(43)) - raft.server.log.segment.cache.num.max = 2 (custom)
2019-09-24 18:20:27,137 [pool-187-thread-1] INFO  server.RaftServerConfigKeys (ConfUtils.java:logGet(43)) - raft.server.log.write.buffer.size = 33554432 (custom)
2019-09-24 18:20:27,138 [pool-187-thread-1] INFO  server.RaftServerConfigKeys (ConfUtils.java:logGet(43)) - raft.server.log.force.sync.num = 128 (default)
2019-09-24 18:20:27,137 [pool-177-thread-1] INFO  server.RaftServerConfigKeys (ConfUtils.java:logGet(43)) - raft.server.log.segment.cache.num.max = 2 (custom)
2019-09-24 18:20:27,138 [pool-187-thread-1] INFO  server.RaftServerConfigKeys (ConfUtils.java:logGet(43)) - raft.server.log.statemachine.data.sync = true (default)
2019-09-24 18:20:27,137 [pool-197-thread-1] INFO  segmented.SegmentedRaftLogWorker (SegmentedRaftLogWorker.java:<init>(172)) - new 18f7ddc7-ed0b-485b-8078-4f4feb143474@group-180066A9B904-SegmentedRaftLogWorker for RaftStorage:Storage Directory /workdir/hadoop-ozone/integration-test/target/test-dir/MiniOzoneClusterImpl-186cfbc1-6a32-40a9-9f2d-6a573dc3a7dc/datanode-5/data/ratis/d055781a-02bf-49a8-8797-180066a9b904
2019-09-24 18:20:27,138 [pool-187-thread-1] INFO  server.RaftServerConfigKeys (ConfUtils.java:logGet(43)) - raft.server.log.statemachine.data.sync.timeout = 10s (default)
2019-09-24 18:20:27,138 [pool-177-thread-1] INFO  segmented.SegmentedRaftLogWorker (SegmentedRaftLogWorker.java:<init>(172)) - new 76f8f82d-5f7e-41ca-9bb3-5d91ee80ba9b@group-180066A9B904-SegmentedRaftLogWorker for RaftStorage:Storage Directory /workdir/hadoop-ozone/integration-test/target/test-dir/MiniOzoneClusterImpl-186cfbc1-6a32-40a9-9f2d-6a573dc3a7dc/datanode-3/data/ratis/d055781a-02bf-49a8-8797-180066a9b904
2019-09-24 18:20:27,138 [pool-187-thread-1] INFO  server.RaftServerConfigKeys (ConfUtils.java:logGet(43)) - raft.server.log.statemachine.data.sync.timeout.retry = -1 (default)
2019-09-24 18:20:27,138 [pool-197-thread-1] INFO  server.RaftServerConfigKeys (ConfUtils.java:logGet(43)) - raft.server.log.queue.byte-limit = 2147483647 (custom)
2019-09-24 18:20:27,139 [pool-187-thread-1] INFO  server.RaftServerConfigKeys (ConfUtils.java:logGet(43)) - raft.server.log.statemachine.data.caching.enabled = true (custom)
2019-09-24 18:20:27,139 [pool-177-thread-1] INFO  server.RaftServerConfigKeys (ConfUtils.java:logGet(43)) - raft.server.log.queue.byte-limit = 2147483647 (custom)
2019-09-24 18:20:27,139 [pool-197-thread-1] INFO  server.RaftServerConfigKeys (ConfUtils.java:logGet(43)) - raft.server.log.queue.element-limit = 1024 (custom)
2019-09-24 18:20:27,139 [pool-187-thread-1] INFO  segmented.SegmentedRaftLogWorker (SegmentedRaftLogWorker.java:lambda$new$0(132)) - b474bcaf-cd7e-434d-ad5c-42954e730277@group-180066A9B904-SegmentedRaftLogWorker: flushIndex: setUnconditionally 0 -> -1
2019-09-24 18:20:27,139 [pool-177-thread-1] INFO  server.RaftServerConfigKeys (ConfUtils.java:logGet(43)) - raft.server.log.queue.element-limit = 1024 (custom)
2019-09-24 18:20:27,140 [pool-197-thread-1] INFO  server.RaftServerConfigKeys (ConfUtils.java:logGet(43)) - raft.server.log.segment.size.max = 1048576 (custom)
2019-09-24 18:20:27,140 [pool-177-thread-1] INFO  server.RaftServerConfigKeys (ConfUtils.java:logGet(43)) - raft.server.log.segment.size.max = 1048576 (custom)
2019-09-24 18:20:27,140 [pool-187-thread-1] INFO  server.RaftServerConfigKeys (ConfUtils.java:logGet(43)) - raft.server.snapshot.auto.trigger.enabled = true (custom)
2019-09-24 18:20:27,140 [pool-177-thread-1] INFO  server.RaftServerConfigKeys (ConfUtils.java:logGet(43)) - raft.server.log.preallocated.size = 16384 (custom)
2019-09-24 18:20:27,140 [pool-197-thread-1] INFO  server.RaftServerConfigKeys (ConfUtils.java:logGet(43)) - raft.server.log.preallocated.size = 16384 (custom)
2019-09-24 18:20:27,141 [pool-177-thread-1] INFO  server.RaftServerConfigKeys (ConfUtils.java:logGet(43)) - raft.server.log.write.buffer.size = 33554432 (custom)
2019-09-24 18:20:27,140 [pool-187-thread-1] INFO  server.RaftServerConfigKeys (ConfUtils.java:logGet(43)) - raft.server.snapshot.auto.trigger.threshold = 10000 (custom)
2019-09-24 18:20:27,141 [pool-177-thread-1] INFO  server.RaftServerConfigKeys (ConfUtils.java:logGet(43)) - raft.server.log.force.sync.num = 128 (default)
2019-09-24 18:20:27,141 [pool-197-thread-1] INFO  server.RaftServerConfigKeys (ConfUtils.java:logGet(43)) - raft.server.log.write.buffer.size = 33554432 (custom)
2019-09-24 18:20:27,141 [pool-177-thread-1] INFO  server.RaftServerConfigKeys (ConfUtils.java:logGet(43)) - raft.server.log.statemachine.data.sync = true (default)
2019-09-24 18:20:27,141 [pool-187-thread-1] INFO  server.RaftServerConfigKeys (ConfUtils.java:logGet(43)) - raft.server.snapshot.retention.num.files = 5 (custom)
2019-09-24 18:20:27,142 [pool-177-thread-1] INFO  server.RaftServerConfigKeys (ConfUtils.java:logGet(43)) - raft.server.log.statemachine.data.sync.timeout = 10s (default)
2019-09-24 18:20:27,142 [pool-197-thread-1] INFO  server.RaftServerConfigKeys (ConfUtils.java:logGet(43)) - raft.server.log.force.sync.num = 128 (default)
2019-09-24 18:20:27,142 [pool-177-thread-1] INFO  server.RaftServerConfigKeys (ConfUtils.java:logGet(43)) - raft.server.log.statemachine.data.sync.timeout.retry = -1 (default)
2019-09-24 18:20:27,142 [pool-187-thread-1] INFO  server.RaftServerConfigKeys (ConfUtils.java:logGet(43)) - raft.server.retrycache.expirytime = 600000ms (custom)
2019-09-24 18:20:27,143 [pool-177-thread-1] INFO  server.RaftServerConfigKeys (ConfUtils.java:logGet(43)) - raft.server.log.statemachine.data.caching.enabled = true (custom)
2019-09-24 18:20:27,142 [pool-197-thread-1] INFO  server.RaftServerConfigKeys (ConfUtils.java:logGet(43)) - raft.server.log.statemachine.data.sync = true (default)
2019-09-24 18:20:27,143 [pool-197-thread-1] INFO  server.RaftServerConfigKeys (ConfUtils.java:logGet(43)) - raft.server.log.statemachine.data.sync.timeout = 10s (default)
2019-09-24 18:20:27,143 [pool-177-thread-1] INFO  segmented.SegmentedRaftLogWorker (SegmentedRaftLogWorker.java:lambda$new$0(132)) - 76f8f82d-5f7e-41ca-9bb3-5d91ee80ba9b@group-180066A9B904-SegmentedRaftLogWorker: flushIndex: setUnconditionally 0 -> -1
2019-09-24 18:20:27,143 [pool-197-thread-1] INFO  server.RaftServerConfigKeys (ConfUtils.java:logGet(43)) - raft.server.log.statemachine.data.sync.timeout.retry = -1 (default)
2019-09-24 18:20:27,144 [pool-177-thread-1] INFO  server.RaftServerConfigKeys (ConfUtils.java:logGet(43)) - raft.server.snapshot.auto.trigger.enabled = true (custom)
2019-09-24 18:20:27,144 [pool-197-thread-1] INFO  server.RaftServerConfigKeys (ConfUtils.java:logGet(43)) - raft.server.log.statemachine.data.caching.enabled = true (custom)
2019-09-24 18:20:27,144 [pool-177-thread-1] INFO  server.RaftServerConfigKeys (ConfUtils.java:logGet(43)) - raft.server.snapshot.auto.trigger.threshold = 10000 (custom)
2019-09-24 18:20:27,144 [pool-177-thread-1] INFO  server.RaftServerConfigKeys (ConfUtils.java:logGet(43)) - raft.server.snapshot.retention.num.files = 5 (custom)
2019-09-24 18:20:27,144 [pool-197-thread-1] INFO  segmented.SegmentedRaftLogWorker (SegmentedRaftLogWorker.java:lambda$new$0(132)) - 18f7ddc7-ed0b-485b-8078-4f4feb143474@group-180066A9B904-SegmentedRaftLogWorker: flushIndex: setUnconditionally 0 -> -1
2019-09-24 18:20:27,144 [pool-177-thread-1] INFO  server.RaftServerConfigKeys (ConfUtils.java:logGet(43)) - raft.server.retrycache.expirytime = 600000ms (custom)
2019-09-24 18:20:27,145 [pool-197-thread-1] INFO  server.RaftServerConfigKeys (ConfUtils.java:logGet(43)) - raft.server.snapshot.auto.trigger.enabled = true (custom)
2019-09-24 18:20:27,145 [pool-197-thread-1] INFO  server.RaftServerConfigKeys (ConfUtils.java:logGet(43)) - raft.server.snapshot.auto.trigger.threshold = 10000 (custom)
2019-09-24 18:20:27,145 [pool-197-thread-1] INFO  server.RaftServerConfigKeys (ConfUtils.java:logGet(43)) - raft.server.snapshot.retention.num.files = 5 (custom)
2019-09-24 18:20:27,145 [pool-197-thread-1] INFO  server.RaftServerConfigKeys (ConfUtils.java:logGet(43)) - raft.server.retrycache.expirytime = 600000ms (custom)
2019-09-24 18:20:27,146 [pool-187-thread-1] INFO  impl.RaftServerImpl (RaftServerImpl.java:start(185)) - b474bcaf-cd7e-434d-ad5c-42954e730277@group-180066A9B904: start as a follower, conf=-1: [76f8f82d-5f7e-41ca-9bb3-5d91ee80ba9b:192.168.36.84:44299, b474bcaf-cd7e-434d-ad5c-42954e730277:192.168.36.84:35510, 18f7ddc7-ed0b-485b-8078-4f4feb143474:192.168.36.84:46557], old=null
2019-09-24 18:20:27,147 [pool-187-thread-1] INFO  impl.RaftServerImpl (RaftServerImpl.java:setRole(174)) - b474bcaf-cd7e-434d-ad5c-42954e730277@group-180066A9B904: changes role from      null to FOLLOWER at term 0 for startAsFollower
2019-09-24 18:20:27,147 [pool-187-thread-1] INFO  impl.RoleInfo (RoleInfo.java:updateAndGet(143)) - b474bcaf-cd7e-434d-ad5c-42954e730277: start FollowerState
2019-09-24 18:20:27,147 [pool-187-thread-1] INFO  util.JmxRegister (JmxRegister.java:tryRegister(44)) - Successfully registered JMX Bean with object name Ratis:service=RaftServer,group=group-180066A9B904,id=b474bcaf-cd7e-434d-ad5c-42954e730277
2019-09-24 18:20:27,149 [pool-177-thread-1] INFO  impl.RaftServerImpl (RaftServerImpl.java:start(185)) - 76f8f82d-5f7e-41ca-9bb3-5d91ee80ba9b@group-180066A9B904: start as a follower, conf=-1: [76f8f82d-5f7e-41ca-9bb3-5d91ee80ba9b:192.168.36.84:44299, b474bcaf-cd7e-434d-ad5c-42954e730277:192.168.36.84:35510, 18f7ddc7-ed0b-485b-8078-4f4feb143474:192.168.36.84:46557], old=null
2019-09-24 18:20:27,149 [pool-177-thread-1] INFO  impl.RaftServerImpl (RaftServerImpl.java:setRole(174)) - 76f8f82d-5f7e-41ca-9bb3-5d91ee80ba9b@group-180066A9B904: changes role from      null to FOLLOWER at term 0 for startAsFollower
2019-09-24 18:20:27,149 [pool-197-thread-1] INFO  impl.RaftServerImpl (RaftServerImpl.java:start(185)) - 18f7ddc7-ed0b-485b-8078-4f4feb143474@group-180066A9B904: start as a follower, conf=-1: [76f8f82d-5f7e-41ca-9bb3-5d91ee80ba9b:192.168.36.84:44299, b474bcaf-cd7e-434d-ad5c-42954e730277:192.168.36.84:35510, 18f7ddc7-ed0b-485b-8078-4f4feb143474:192.168.36.84:46557], old=null
2019-09-24 18:20:27,149 [pool-177-thread-1] INFO  impl.RoleInfo (RoleInfo.java:updateAndGet(143)) - 76f8f82d-5f7e-41ca-9bb3-5d91ee80ba9b: start FollowerState
2019-09-24 18:20:27,149 [pool-197-thread-1] INFO  impl.RaftServerImpl (RaftServerImpl.java:setRole(174)) - 18f7ddc7-ed0b-485b-8078-4f4feb143474@group-180066A9B904: changes role from      null to FOLLOWER at term 0 for startAsFollower
2019-09-24 18:20:27,150 [pool-197-thread-1] INFO  impl.RoleInfo (RoleInfo.java:updateAndGet(143)) - 18f7ddc7-ed0b-485b-8078-4f4feb143474: start FollowerState
2019-09-24 18:20:27,150 [pool-177-thread-1] INFO  util.JmxRegister (JmxRegister.java:tryRegister(44)) - Successfully registered JMX Bean with object name Ratis:service=RaftServer,group=group-180066A9B904,id=76f8f82d-5f7e-41ca-9bb3-5d91ee80ba9b
2019-09-24 18:20:27,154 [pool-197-thread-1] INFO  util.JmxRegister (JmxRegister.java:tryRegister(44)) - Successfully registered JMX Bean with object name Ratis:service=RaftServer,group=group-180066A9B904,id=18f7ddc7-ed0b-485b-8078-4f4feb143474
2019-09-24 18:20:27,163 [RatisPipelineUtilsThread] INFO  pipeline.PipelineStateManager (PipelineStateManager.java:addPipeline(56)) - Created pipeline Pipeline[ Id: d055781a-02bf-49a8-8797-180066a9b904, Nodes: b474bcaf-cd7e-434d-ad5c-42954e730277{ip: 192.168.36.84, host: pr-hdds-2171-6l6hb-1841322612, networkLocation: /default-rack, certSerialId: null}18f7ddc7-ed0b-485b-8078-4f4feb143474{ip: 192.168.36.84, host: pr-hdds-2171-6l6hb-1841322612, networkLocation: /default-rack, certSerialId: null}76f8f82d-5f7e-41ca-9bb3-5d91ee80ba9b{ip: 192.168.36.84, host: pr-hdds-2171-6l6hb-1841322612, networkLocation: /default-rack, certSerialId: null}, Type:RATIS, Factor:THREE, State:OPEN]
2019-09-24 18:20:27,184 [grpc-default-executor-1] INFO  impl.RaftServerProxy (RaftServerProxy.java:addNew(89)) - 26ccac67-ab20-4124-92b6-8da6e1522566: addNew group-412E5E5F612E:[26ccac67-ab20-4124-92b6-8da6e1522566:192.168.36.84:45402, 21690c2e-4eab-419f-9c34-8dcbcedc5f1a:192.168.36.84:42742, a43942a0-f39a-4b13-85c7-031627d4b02f:192.168.36.84:37109] returns group-412E5E5F612E:java.util.concurrent.CompletableFuture@1f3c3e38[Not completed]
2019-09-24 18:20:27,185 [grpc-default-executor-0] INFO  impl.RaftServerProxy (RaftServerProxy.java:addNew(89)) - 21690c2e-4eab-419f-9c34-8dcbcedc5f1a: addNew group-412E5E5F612E:[26ccac67-ab20-4124-92b6-8da6e1522566:192.168.36.84:45402, 21690c2e-4eab-419f-9c34-8dcbcedc5f1a:192.168.36.84:42742, a43942a0-f39a-4b13-85c7-031627d4b02f:192.168.36.84:37109] returns group-412E5E5F612E:java.util.concurrent.CompletableFuture@7c75fb98[Not completed]
2019-09-24 18:20:27,185 [grpc-default-executor-2] INFO  impl.RaftServerProxy (RaftServerProxy.java:addNew(89)) - a43942a0-f39a-4b13-85c7-031627d4b02f: addNew group-412E5E5F612E:[26ccac67-ab20-4124-92b6-8da6e1522566:192.168.36.84:45402, 21690c2e-4eab-419f-9c34-8dcbcedc5f1a:192.168.36.84:42742, a43942a0-f39a-4b13-85c7-031627d4b02f:192.168.36.84:37109] returns group-412E5E5F612E:java.util.concurrent.CompletableFuture@1de04d5d[Not completed]
2019-09-24 18:20:27,189 [pool-167-thread-1] INFO  impl.RaftServerImpl (RaftServerImpl.java:<init>(95)) - 26ccac67-ab20-4124-92b6-8da6e1522566: new RaftServerImpl for group-412E5E5F612E:[26ccac67-ab20-4124-92b6-8da6e1522566:192.168.36.84:45402, 21690c2e-4eab-419f-9c34-8dcbcedc5f1a:192.168.36.84:42742, a43942a0-f39a-4b13-85c7-031627d4b02f:192.168.36.84:37109] with ContainerStateMachine:uninitialized
2019-09-24 18:20:27,189 [pool-167-thread-1] INFO  server.RaftServerConfigKeys (ConfUtils.java:logGet(43)) - raft.server.rpc.timeout.min = 1s (custom)
2019-09-24 18:20:27,190 [pool-167-thread-1] INFO  server.RaftServerConfigKeys (ConfUtils.java:logGet(43)) - raft.server.rpc.timeout.max = 1200ms (custom)
2019-09-24 18:20:27,190 [pool-167-thread-1] INFO  server.RaftServerConfigKeys (ConfUtils.java:logGet(43)) - raft.server.rpcslowness.timeout = 120s (custom)
2019-09-24 18:20:27,190 [pool-167-thread-1] INFO  server.RaftServerConfigKeys (ConfUtils.java:logGet(43)) - raft.server.sleep.deviation.threshold = 300 (default)
2019-09-24 18:20:27,190 [pool-167-thread-1] INFO  server.RaftServerConfigKeys (ConfUtils.java:logGet(43)) - raft.server.log.appender.install.snapshot.enabled = false (custom)
2019-09-24 18:20:27,190 [pool-147-thread-1] INFO  impl.RaftServerImpl (RaftServerImpl.java:<init>(95)) - a43942a0-f39a-4b13-85c7-031627d4b02f: new RaftServerImpl for group-412E5E5F612E:[26ccac67-ab20-4124-92b6-8da6e1522566:192.168.36.84:45402, 21690c2e-4eab-419f-9c34-8dcbcedc5f1a:192.168.36.84:42742, a43942a0-f39a-4b13-85c7-031627d4b02f:192.168.36.84:37109] with ContainerStateMachine:uninitialized
2019-09-24 18:20:27,190 [pool-167-thread-1] INFO  impl.RaftServerImpl (ServerState.java:<init>(103)) - 26ccac67-ab20-4124-92b6-8da6e1522566@group-412E5E5F612E: ConfigurationManager, init=-1: [26ccac67-ab20-4124-92b6-8da6e1522566:192.168.36.84:45402, 21690c2e-4eab-419f-9c34-8dcbcedc5f1a:192.168.36.84:42742, a43942a0-f39a-4b13-85c7-031627d4b02f:192.168.36.84:37109], old=null, confs=<EMPTY_MAP>
2019-09-24 18:20:27,190 [pool-147-thread-1] INFO  server.RaftServerConfigKeys (ConfUtils.java:logGet(43)) - raft.server.rpc.timeout.min = 1s (custom)
2019-09-24 18:20:27,190 [pool-167-thread-1] INFO  server.RaftServerConfigKeys (ConfUtils.java:logGet(43)) - raft.server.storage.dir = [/workdir/hadoop-ozone/integration-test/target/test-dir/MiniOzoneClusterImpl-186cfbc1-6a32-40a9-9f2d-6a573dc3a7dc/datanode-2/data/ratis] (custom)
2019-09-24 18:20:27,191 [pool-147-thread-1] INFO  server.RaftServerConfigKeys (ConfUtils.java:logGet(43)) - raft.server.rpc.timeout.max = 1200ms (custom)
2019-09-24 18:20:27,191 [pool-147-thread-1] INFO  server.RaftServerConfigKeys (ConfUtils.java:logGet(43)) - raft.server.rpcslowness.timeout = 120s (custom)
2019-09-24 18:20:27,191 [pool-147-thread-1] INFO  server.RaftServerConfigKeys (ConfUtils.java:logGet(43)) - raft.server.sleep.deviation.threshold = 300 (default)
2019-09-24 18:20:27,191 [pool-167-thread-1] INFO  storage.RaftStorageDirectory (RaftStorageDirectory.java:analyzeStorage(246)) - The storage directory /workdir/hadoop-ozone/integration-test/target/test-dir/MiniOzoneClusterImpl-186cfbc1-6a32-40a9-9f2d-6a573dc3a7dc/datanode-2/data/ratis/786ec140-53e0-48b7-a8e9-412e5e5f612e does not exist. Creating ...
2019-09-24 18:20:27,191 [pool-157-thread-1] INFO  impl.RaftServerImpl (RaftServerImpl.java:<init>(95)) - 21690c2e-4eab-419f-9c34-8dcbcedc5f1a: new RaftServerImpl for group-412E5E5F612E:[26ccac67-ab20-4124-92b6-8da6e1522566:192.168.36.84:45402, 21690c2e-4eab-419f-9c34-8dcbcedc5f1a:192.168.36.84:42742, a43942a0-f39a-4b13-85c7-031627d4b02f:192.168.36.84:37109] with ContainerStateMachine:uninitialized
2019-09-24 18:20:27,191 [pool-147-thread-1] INFO  server.RaftServerConfigKeys (ConfUtils.java:logGet(43)) - raft.server.log.appender.install.snapshot.enabled = false (custom)
2019-09-24 18:20:27,192 [pool-157-thread-1] INFO  server.RaftServerConfigKeys (ConfUtils.java:logGet(43)) - raft.server.rpc.timeout.min = 1s (custom)
2019-09-24 18:20:27,192 [pool-147-thread-1] INFO  impl.RaftServerImpl (ServerState.java:<init>(103)) - a43942a0-f39a-4b13-85c7-031627d4b02f@group-412E5E5F612E: ConfigurationManager, init=-1: [26ccac67-ab20-4124-92b6-8da6e1522566:192.168.36.84:45402, 21690c2e-4eab-419f-9c34-8dcbcedc5f1a:192.168.36.84:42742, a43942a0-f39a-4b13-85c7-031627d4b02f:192.168.36.84:37109], old=null, confs=<EMPTY_MAP>
2019-09-24 18:20:27,192 [pool-157-thread-1] INFO  server.RaftServerConfigKeys (ConfUtils.java:logGet(43)) - raft.server.rpc.timeout.max = 1200ms (custom)
2019-09-24 18:20:27,192 [pool-147-thread-1] INFO  server.RaftServerConfigKeys (ConfUtils.java:logGet(43)) - raft.server.storage.dir = [/workdir/hadoop-ozone/integration-test/target/test-dir/MiniOzoneClusterImpl-186cfbc1-6a32-40a9-9f2d-6a573dc3a7dc/datanode-0/data/ratis] (custom)
2019-09-24 18:20:27,192 [pool-157-thread-1] INFO  server.RaftServerConfigKeys (ConfUtils.java:logGet(43)) - raft.server.rpcslowness.timeout = 120s (custom)
2019-09-24 18:20:27,192 [pool-157-thread-1] INFO  server.RaftServerConfigKeys (ConfUtils.java:logGet(43)) - raft.server.sleep.deviation.threshold = 300 (default)
2019-09-24 18:20:27,193 [pool-157-thread-1] INFO  server.RaftServerConfigKeys (ConfUtils.java:logGet(43)) - raft.server.log.appender.install.snapshot.enabled = false (custom)
2019-09-24 18:20:27,193 [pool-147-thread-1] INFO  storage.RaftStorageDirectory (RaftStorageDirectory.java:analyzeStorage(246)) - The storage directory /workdir/hadoop-ozone/integration-test/target/test-dir/MiniOzoneClusterImpl-186cfbc1-6a32-40a9-9f2d-6a573dc3a7dc/datanode-0/data/ratis/786ec140-53e0-48b7-a8e9-412e5e5f612e does not exist. Creating ...
2019-09-24 18:20:27,193 [pool-157-thread-1] INFO  impl.RaftServerImpl (ServerState.java:<init>(103)) - 21690c2e-4eab-419f-9c34-8dcbcedc5f1a@group-412E5E5F612E: ConfigurationManager, init=-1: [26ccac67-ab20-4124-92b6-8da6e1522566:192.168.36.84:45402, 21690c2e-4eab-419f-9c34-8dcbcedc5f1a:192.168.36.84:42742, a43942a0-f39a-4b13-85c7-031627d4b02f:192.168.36.84:37109], old=null, confs=<EMPTY_MAP>
2019-09-24 18:20:27,193 [pool-157-thread-1] INFO  server.RaftServerConfigKeys (ConfUtils.java:logGet(43)) - raft.server.storage.dir = [/workdir/hadoop-ozone/integration-test/target/test-dir/MiniOzoneClusterImpl-186cfbc1-6a32-40a9-9f2d-6a573dc3a7dc/datanode-1/data/ratis] (custom)
2019-09-24 18:20:27,193 [pool-157-thread-1] INFO  storage.RaftStorageDirectory (RaftStorageDirectory.java:analyzeStorage(246)) - The storage directory /workdir/hadoop-ozone/integration-test/target/test-dir/MiniOzoneClusterImpl-186cfbc1-6a32-40a9-9f2d-6a573dc3a7dc/datanode-1/data/ratis/786ec140-53e0-48b7-a8e9-412e5e5f612e does not exist. Creating ...
2019-09-24 18:20:27,429 [pool-167-thread-1] INFO  storage.RaftStorageDirectory (RaftStorageDirectory.java:tryLock(328)) - Lock on /workdir/hadoop-ozone/integration-test/target/test-dir/MiniOzoneClusterImpl-186cfbc1-6a32-40a9-9f2d-6a573dc3a7dc/datanode-2/data/ratis/786ec140-53e0-48b7-a8e9-412e5e5f612e/in_use.lock acquired by nodename 18388@pr-hdds-2171-6l6hb-1841322612
2019-09-24 18:20:27,429 [pool-147-thread-1] INFO  storage.RaftStorageDirectory (RaftStorageDirectory.java:tryLock(328)) - Lock on /workdir/hadoop-ozone/integration-test/target/test-dir/MiniOzoneClusterImpl-186cfbc1-6a32-40a9-9f2d-6a573dc3a7dc/datanode-0/data/ratis/786ec140-53e0-48b7-a8e9-412e5e5f612e/in_use.lock acquired by nodename 18388@pr-hdds-2171-6l6hb-1841322612
2019-09-24 18:20:27,429 [pool-157-thread-1] INFO  storage.RaftStorageDirectory (RaftStorageDirectory.java:tryLock(328)) - Lock on /workdir/hadoop-ozone/integration-test/target/test-dir/MiniOzoneClusterImpl-186cfbc1-6a32-40a9-9f2d-6a573dc3a7dc/datanode-1/data/ratis/786ec140-53e0-48b7-a8e9-412e5e5f612e/in_use.lock acquired by nodename 18388@pr-hdds-2171-6l6hb-1841322612
2019-09-24 18:20:27,638 [Thread-699] INFO  impl.FollowerState (FollowerState.java:run(106)) - 26ccac67-ab20-4124-92b6-8da6e1522566:group-F57D9D33AA1F changes to CANDIDATE, lastRpcTime:1249, electionTimeout:1195ms
2019-09-24 18:20:27,639 [Thread-699] INFO  impl.RoleInfo (RoleInfo.java:shutdownFollowerState(121)) - 26ccac67-ab20-4124-92b6-8da6e1522566: shutdown FollowerState
2019-09-24 18:20:27,639 [Thread-699] INFO  impl.RaftServerImpl (RaftServerImpl.java:setRole(174)) - 26ccac67-ab20-4124-92b6-8da6e1522566@group-F57D9D33AA1F: changes role from  FOLLOWER to CANDIDATE at term 0 for changeToCandidate
2019-09-24 18:20:27,639 [Thread-699] INFO  impl.RoleInfo (RoleInfo.java:updateAndGet(143)) - 26ccac67-ab20-4124-92b6-8da6e1522566: start LeaderElection
2019-09-24 18:20:27,893 [pool-167-thread-1] INFO  storage.RaftStorage (RaftStorage.java:format(72)) - Storage directory /workdir/hadoop-ozone/integration-test/target/test-dir/MiniOzoneClusterImpl-186cfbc1-6a32-40a9-9f2d-6a573dc3a7dc/datanode-2/data/ratis/786ec140-53e0-48b7-a8e9-412e5e5f612e has been successfully formatted.
2019-09-24 18:20:27,893 [pool-147-thread-1] INFO  storage.RaftStorage (RaftStorage.java:format(72)) - Storage directory /workdir/hadoop-ozone/integration-test/target/test-dir/MiniOzoneClusterImpl-186cfbc1-6a32-40a9-9f2d-6a573dc3a7dc/datanode-0/data/ratis/786ec140-53e0-48b7-a8e9-412e5e5f612e has been successfully formatted.
2019-09-24 18:20:27,893 [pool-157-thread-1] INFO  storage.RaftStorage (RaftStorage.java:format(72)) - Storage directory /workdir/hadoop-ozone/integration-test/target/test-dir/MiniOzoneClusterImpl-186cfbc1-6a32-40a9-9f2d-6a573dc3a7dc/datanode-1/data/ratis/786ec140-53e0-48b7-a8e9-412e5e5f612e has been successfully formatted.
2019-09-24 18:20:27,893 [pool-167-thread-1] INFO  ratis.ContainerStateMachine (ContainerStateMachine.java:loadSnapshot(230)) - group-412E5E5F612E: The snapshot info is null. Setting the last applied indexto:(t:0, i:~)
2019-09-24 18:20:27,894 [26ccac67-ab20-4124-92b6-8da6e1522566@group-F57D9D33AA1F:LeaderElection35] INFO  impl.LeaderElection (LeaderElection.java:askForVotes(182)) - 26ccac67-ab20-4124-92b6-8da6e1522566@group-F57D9D33AA1F:LeaderElection35: begin an election at term 1 for -1: [26ccac67-ab20-4124-92b6-8da6e1522566:192.168.36.84:45402], old=null
2019-09-24 18:20:27,894 [pool-147-thread-1] INFO  ratis.ContainerStateMachine (ContainerStateMachine.java:loadSnapshot(230)) - group-412E5E5F612E: The snapshot info is null. Setting the last applied indexto:(t:0, i:~)
2019-09-24 18:20:27,894 [26ccac67-ab20-4124-92b6-8da6e1522566@group-F57D9D33AA1F:LeaderElection35] INFO  impl.RoleInfo (RoleInfo.java:shutdownLeaderElection(134)) - 26ccac67-ab20-4124-92b6-8da6e1522566: shutdown LeaderElection
2019-09-24 18:20:27,894 [pool-167-thread-1] INFO  server.RaftServerConfigKeys (ConfUtils.java:logGet(43)) - raft.server.notification.no-leader.timeout = 120s (custom)
2019-09-24 18:20:27,894 [pool-157-thread-1] INFO  ratis.ContainerStateMachine (ContainerStateMachine.java:loadSnapshot(230)) - group-412E5E5F612E: The snapshot info is null. Setting the last applied indexto:(t:0, i:~)
2019-09-24 18:20:27,894 [pool-167-thread-1] INFO  server.RaftServerConfigKeys (ConfUtils.java:logGet(43)) - raft.server.log.use.memory = false (default)
2019-09-24 18:20:27,894 [26ccac67-ab20-4124-92b6-8da6e1522566@group-F57D9D33AA1F:LeaderElection35] INFO  impl.RaftServerImpl (RaftServerImpl.java:setRole(174)) - 26ccac67-ab20-4124-92b6-8da6e1522566@group-F57D9D33AA1F: changes role from CANDIDATE to LEADER at term 1 for changeToLeader
2019-09-24 18:20:27,894 [pool-147-thread-1] INFO  server.RaftServerConfigKeys (ConfUtils.java:logGet(43)) - raft.server.notification.no-leader.timeout = 120s (custom)
2019-09-24 18:20:27,895 [26ccac67-ab20-4124-92b6-8da6e1522566@group-F57D9D33AA1F:LeaderElection35] INFO  impl.RaftServerImpl (ServerState.java:setLeader(253)) - 26ccac67-ab20-4124-92b6-8da6e1522566@group-F57D9D33AA1F: change Leader from null to 26ccac67-ab20-4124-92b6-8da6e1522566 at term 1 for becomeLeader, leader elected after 1522ms
2019-09-24 18:20:27,895 [pool-167-thread-1] INFO  server.RaftServerConfigKeys (ConfUtils.java:logGet(43)) - raft.server.log.purge.gap = 1000000 (custom)
2019-09-24 18:20:27,899 [26ccac67-ab20-4124-92b6-8da6e1522566@group-F57D9D33AA1F:LeaderElection35] INFO  server.RaftServerConfigKeys (ConfUtils.java:logGet(43)) - raft.server.staging.catchup.gap = 1000 (default)
2019-09-24 18:20:27,895 [pool-157-thread-1] INFO  server.RaftServerConfigKeys (ConfUtils.java:logGet(43)) - raft.server.notification.no-leader.timeout = 120s (custom)
2019-09-24 18:20:27,899 [26ccac67-ab20-4124-92b6-8da6e1522566@group-F57D9D33AA1F:LeaderElection35] INFO  server.RaftServerConfigKeys (ConfUtils.java:logGet(43)) - raft.server.rpc.sleep.time = 25ms (default)
2019-09-24 18:20:27,899 [pool-167-thread-1] INFO  server.RaftServerConfigKeys (ConfUtils.java:logGet(43)) - raft.server.log.appender.buffer.byte-limit = 33554432 (custom)
2019-09-24 18:20:27,895 [pool-147-thread-1] INFO  server.RaftServerConfigKeys (ConfUtils.java:logGet(43)) - raft.server.log.use.memory = false (default)
2019-09-24 18:20:27,900 [pool-167-thread-1] INFO  server.RaftServerConfigKeys (ConfUtils.java:logGet(43)) - raft.server.log.segment.size.max = 1048576 (custom)
2019-09-24 18:20:27,900 [26ccac67-ab20-4124-92b6-8da6e1522566@group-F57D9D33AA1F:LeaderElection35] INFO  server.RaftServerConfigKeys (ConfUtils.java:logGet(43)) - raft.server.write.element-limit = 4096 (default)
2019-09-24 18:20:27,899 [pool-157-thread-1] INFO  server.RaftServerConfigKeys (ConfUtils.java:logGet(43)) - raft.server.log.use.memory = false (default)
2019-09-24 18:20:27,901 [26ccac67-ab20-4124-92b6-8da6e1522566@group-F57D9D33AA1F:LeaderElection35] INFO  server.RaftServerConfigKeys (ConfUtils.java:logGet(43)) - raft.server.watch.timeout = 10s (default)
2019-09-24 18:20:27,900 [pool-167-thread-1] INFO  server.RaftServerConfigKeys (ConfUtils.java:logGet(43)) - raft.server.log.segment.cache.num.max = 2 (custom)
2019-09-24 18:20:27,900 [pool-147-thread-1] INFO  server.RaftServerConfigKeys (ConfUtils.java:logGet(43)) - raft.server.log.purge.gap = 1000000 (custom)
2019-09-24 18:20:27,901 [pool-167-thread-1] INFO  segmented.SegmentedRaftLogWorker (SegmentedRaftLogWorker.java:<init>(172)) - new 26ccac67-ab20-4124-92b6-8da6e1522566@group-412E5E5F612E-SegmentedRaftLogWorker for RaftStorage:Storage Directory /workdir/hadoop-ozone/integration-test/target/test-dir/MiniOzoneClusterImpl-186cfbc1-6a32-40a9-9f2d-6a573dc3a7dc/datanode-2/data/ratis/786ec140-53e0-48b7-a8e9-412e5e5f612e
2019-09-24 18:20:27,901 [26ccac67-ab20-4124-92b6-8da6e1522566@group-F57D9D33AA1F:LeaderElection35] INFO  server.RaftServerConfigKeys (ConfUtils.java:logGet(43)) - raft.server.watch.timeout.denomination = 1s (default)
2019-09-24 18:20:27,901 [pool-157-thread-1] INFO  server.RaftServerConfigKeys (ConfUtils.java:logGet(43)) - raft.server.log.purge.gap = 1000000 (custom)
2019-09-24 18:20:27,902 [26ccac67-ab20-4124-92b6-8da6e1522566@group-F57D9D33AA1F:LeaderElection35] INFO  server.RaftServerConfigKeys (ConfUtils.java:logGet(43)) - raft.server.watch.element-limit = 65536 (default)
2019-09-24 18:20:27,902 [pool-167-thread-1] INFO  server.RaftServerConfigKeys (ConfUtils.java:logGet(43)) - raft.server.log.queue.byte-limit = 2147483647 (custom)
2019-09-24 18:20:27,901 [pool-147-thread-1] INFO  server.RaftServerConfigKeys (ConfUtils.java:logGet(43)) - raft.server.log.appender.buffer.byte-limit = 33554432 (custom)
2019-09-24 18:20:27,902 [pool-167-thread-1] INFO  server.RaftServerConfigKeys (ConfUtils.java:logGet(43)) - raft.server.log.queue.element-limit = 1024 (custom)
2019-09-24 18:20:27,902 [pool-157-thread-1] INFO  server.RaftServerConfigKeys (ConfUtils.java:logGet(43)) - raft.server.log.appender.buffer.byte-limit = 33554432 (custom)
2019-09-24 18:20:27,903 [pool-167-thread-1] INFO  server.RaftServerConfigKeys (ConfUtils.java:logGet(43)) - raft.server.log.segment.size.max = 1048576 (custom)
2019-09-24 18:20:27,903 [pool-147-thread-1] INFO  server.RaftServerConfigKeys (ConfUtils.java:logGet(43)) - raft.server.log.segment.size.max = 1048576 (custom)
2019-09-24 18:20:27,903 [pool-167-thread-1] INFO  server.RaftServerConfigKeys (ConfUtils.java:logGet(43)) - raft.server.log.preallocated.size = 16384 (custom)
2019-09-24 18:20:27,903 [pool-157-thread-1] INFO  server.RaftServerConfigKeys (ConfUtils.java:logGet(43)) - raft.server.log.segment.size.max = 1048576 (custom)
2019-09-24 18:20:27,904 [pool-167-thread-1] INFO  server.RaftServerConfigKeys (ConfUtils.java:logGet(43)) - raft.server.log.write.buffer.size = 33554432 (custom)
2019-09-24 18:20:27,904 [pool-147-thread-1] INFO  server.RaftServerConfigKeys (ConfUtils.java:logGet(43)) - raft.server.log.segment.cache.num.max = 2 (custom)
2019-09-24 18:20:27,904 [pool-167-thread-1] INFO  server.RaftServerConfigKeys (ConfUtils.java:logGet(43)) - raft.server.log.force.sync.num = 128 (default)
2019-09-24 18:20:27,905 [pool-167-thread-1] INFO  server.RaftServerConfigKeys (ConfUtils.java:logGet(43)) - raft.server.log.statemachine.data.sync = true (default)
2019-09-24 18:20:27,904 [pool-157-thread-1] INFO  server.RaftServerConfigKeys (ConfUtils.java:logGet(43)) - raft.server.log.segment.cache.num.max = 2 (custom)
2019-09-24 18:20:27,905 [pool-167-thread-1] INFO  server.RaftServerConfigKeys (ConfUtils.java:logGet(43)) - raft.server.log.statemachine.data.sync.timeout = 10s (default)
2019-09-24 18:20:27,904 [pool-147-thread-1] INFO  segmented.SegmentedRaftLogWorker (SegmentedRaftLogWorker.java:<init>(172)) - new a43942a0-f39a-4b13-85c7-031627d4b02f@group-412E5E5F612E-SegmentedRaftLogWorker for RaftStorage:Storage Directory /workdir/hadoop-ozone/integration-test/target/test-dir/MiniOzoneClusterImpl-186cfbc1-6a32-40a9-9f2d-6a573dc3a7dc/datanode-0/data/ratis/786ec140-53e0-48b7-a8e9-412e5e5f612e
2019-09-24 18:20:27,905 [pool-167-thread-1] INFO  server.RaftServerConfigKeys (ConfUtils.java:logGet(43)) - raft.server.log.statemachine.data.sync.timeout.retry = -1 (default)
2019-09-24 18:20:27,905 [pool-157-thread-1] INFO  segmented.SegmentedRaftLogWorker (SegmentedRaftLogWorker.java:<init>(172)) - new 21690c2e-4eab-419f-9c34-8dcbcedc5f1a@group-412E5E5F612E-SegmentedRaftLogWorker for RaftStorage:Storage Directory /workdir/hadoop-ozone/integration-test/target/test-dir/MiniOzoneClusterImpl-186cfbc1-6a32-40a9-9f2d-6a573dc3a7dc/datanode-1/data/ratis/786ec140-53e0-48b7-a8e9-412e5e5f612e
2019-09-24 18:20:27,906 [pool-167-thread-1] INFO  server.RaftServerConfigKeys (ConfUtils.java:logGet(43)) - raft.server.log.statemachine.data.caching.enabled = true (custom)
2019-09-24 18:20:27,905 [pool-147-thread-1] INFO  server.RaftServerConfigKeys (ConfUtils.java:logGet(43)) - raft.server.log.queue.byte-limit = 2147483647 (custom)
2019-09-24 18:20:27,906 [pool-157-thread-1] INFO  server.RaftServerConfigKeys (ConfUtils.java:logGet(43)) - raft.server.log.queue.byte-limit = 2147483647 (custom)
2019-09-24 18:20:27,906 [pool-167-thread-1] INFO  segmented.SegmentedRaftLogWorker (SegmentedRaftLogWorker.java:lambda$new$0(132)) - 26ccac67-ab20-4124-92b6-8da6e1522566@group-412E5E5F612E-SegmentedRaftLogWorker: flushIndex: setUnconditionally 0 -> -1
2019-09-24 18:20:27,906 [26ccac67-ab20-4124-92b6-8da6e1522566@group-F57D9D33AA1F:LeaderElection35] INFO  impl.RoleInfo (RoleInfo.java:updateAndGet(143)) - 26ccac67-ab20-4124-92b6-8da6e1522566: start LeaderState
2019-09-24 18:20:27,906 [pool-147-thread-1] INFO  server.RaftServerConfigKeys (ConfUtils.java:logGet(43)) - raft.server.log.queue.element-limit = 1024 (custom)
2019-09-24 18:20:27,907 [pool-167-thread-1] INFO  server.RaftServerConfigKeys (ConfUtils.java:logGet(43)) - raft.server.snapshot.auto.trigger.enabled = true (custom)
2019-09-24 18:20:27,906 [pool-157-thread-1] INFO  server.RaftServerConfigKeys (ConfUtils.java:logGet(43)) - raft.server.log.queue.element-limit = 1024 (custom)
2019-09-24 18:20:27,907 [pool-167-thread-1] INFO  server.RaftServerConfigKeys (ConfUtils.java:logGet(43)) - raft.server.snapshot.auto.trigger.threshold = 10000 (custom)
2019-09-24 18:20:27,907 [pool-167-thread-1] INFO  server.RaftServerConfigKeys (ConfUtils.java:logGet(43)) - raft.server.snapshot.retention.num.files = 5 (custom)
2019-09-24 18:20:27,907 [pool-147-thread-1] INFO  server.RaftServerConfigKeys (ConfUtils.java:logGet(43)) - raft.server.log.segment.size.max = 1048576 (custom)
2019-09-24 18:20:27,907 [26ccac67-ab20-4124-92b6-8da6e1522566@group-F57D9D33AA1F:LeaderElection35] INFO  segmented.SegmentedRaftLogWorker (SegmentedRaftLogWorker.java:startLogSegment(380)) - 26ccac67-ab20-4124-92b6-8da6e1522566@group-F57D9D33AA1F-SegmentedRaftLogWorker: Starting segment from index:0
2019-09-24 18:20:27,908 [pool-147-thread-1] INFO  server.RaftServerConfigKeys (ConfUtils.java:logGet(43)) - raft.server.log.preallocated.size = 16384 (custom)
2019-09-24 18:20:27,908 [pool-167-thread-1] INFO  server.RaftServerConfigKeys (ConfUtils.java:logGet(43)) - raft.server.retrycache.expirytime = 600000ms (custom)
2019-09-24 18:20:27,907 [pool-157-thread-1] INFO  server.RaftServerConfigKeys (ConfUtils.java:logGet(43)) - raft.server.log.segment.size.max = 1048576 (custom)
2019-09-24 18:20:27,908 [26ccac67-ab20-4124-92b6-8da6e1522566@group-F57D9D33AA1F:LeaderElection35] INFO  impl.RaftServerImpl (ServerState.java:setRaftConf(354)) - 26ccac67-ab20-4124-92b6-8da6e1522566@group-F57D9D33AA1F: set configuration 0: [26ccac67-ab20-4124-92b6-8da6e1522566:192.168.36.84:45402], old=null at 0
2019-09-24 18:20:27,908 [pool-147-thread-1] INFO  server.RaftServerConfigKeys (ConfUtils.java:logGet(43)) - raft.server.log.write.buffer.size = 33554432 (custom)
2019-09-24 18:20:27,946 [pool-157-thread-1] INFO  server.RaftServerConfigKeys (ConfUtils.java:logGet(43)) - raft.server.log.preallocated.size = 16384 (custom)
2019-09-24 18:20:27,949 [pool-147-thread-1] INFO  server.RaftServerConfigKeys (ConfUtils.java:logGet(43)) - raft.server.log.force.sync.num = 128 (default)
2019-09-24 18:20:27,949 [pool-157-thread-1] INFO  server.RaftServerConfigKeys (ConfUtils.java:logGet(43)) - raft.server.log.write.buffer.size = 33554432 (custom)
2019-09-24 18:20:27,949 [pool-147-thread-1] INFO  server.RaftServerConfigKeys (ConfUtils.java:logGet(43)) - raft.server.log.statemachine.data.sync = true (default)
2019-09-24 18:20:27,950 [pool-157-thread-1] INFO  server.RaftServerConfigKeys (ConfUtils.java:logGet(43)) - raft.server.log.force.sync.num = 128 (default)
2019-09-24 18:20:27,950 [pool-147-thread-1] INFO  server.RaftServerConfigKeys (ConfUtils.java:logGet(43)) - raft.server.log.statemachine.data.sync.timeout = 10s (default)
2019-09-24 18:20:27,950 [pool-157-thread-1] INFO  server.RaftServerConfigKeys (ConfUtils.java:logGet(43)) - raft.server.log.statemachine.data.sync = true (default)
2019-09-24 18:20:27,950 [pool-147-thread-1] INFO  server.RaftServerConfigKeys (ConfUtils.java:logGet(43)) - raft.server.log.statemachine.data.sync.timeout.retry = -1 (default)
2019-09-24 18:20:27,951 [pool-157-thread-1] INFO  server.RaftServerConfigKeys (ConfUtils.java:logGet(43)) - raft.server.log.statemachine.data.sync.timeout = 10s (default)
2019-09-24 18:20:27,951 [pool-147-thread-1] INFO  server.RaftServerConfigKeys (ConfUtils.java:logGet(43)) - raft.server.log.statemachine.data.caching.enabled = true (custom)
2019-09-24 18:20:27,951 [pool-157-thread-1] INFO  server.RaftServerConfigKeys (ConfUtils.java:logGet(43)) - raft.server.log.statemachine.data.sync.timeout.retry = -1 (default)
2019-09-24 18:20:27,951 [pool-147-thread-1] INFO  segmented.SegmentedRaftLogWorker (SegmentedRaftLogWorker.java:lambda$new$0(132)) - a43942a0-f39a-4b13-85c7-031627d4b02f@group-412E5E5F612E-SegmentedRaftLogWorker: flushIndex: setUnconditionally 0 -> -1
2019-09-24 18:20:27,951 [pool-157-thread-1] INFO  server.RaftServerConfigKeys (ConfUtils.java:logGet(43)) - raft.server.log.statemachine.data.caching.enabled = true (custom)
2019-09-24 18:20:27,952 [pool-147-thread-1] INFO  server.RaftServerConfigKeys (ConfUtils.java:logGet(43)) - raft.server.snapshot.auto.trigger.enabled = true (custom)
2019-09-24 18:20:27,952 [pool-167-thread-1] INFO  impl.RaftServerImpl (RaftServerImpl.java:start(185)) - 26ccac67-ab20-4124-92b6-8da6e1522566@group-412E5E5F612E: start as a follower, conf=-1: [26ccac67-ab20-4124-92b6-8da6e1522566:192.168.36.84:45402, 21690c2e-4eab-419f-9c34-8dcbcedc5f1a:192.168.36.84:42742, a43942a0-f39a-4b13-85c7-031627d4b02f:192.168.36.84:37109], old=null
2019-09-24 18:20:27,952 [pool-157-thread-1] INFO  segmented.SegmentedRaftLogWorker (SegmentedRaftLogWorker.java:lambda$new$0(132)) - 21690c2e-4eab-419f-9c34-8dcbcedc5f1a@group-412E5E5F612E-SegmentedRaftLogWorker: flushIndex: setUnconditionally 0 -> -1
2019-09-24 18:20:27,952 [pool-147-thread-1] INFO  server.RaftServerConfigKeys (ConfUtils.java:logGet(43)) - raft.server.snapshot.auto.trigger.threshold = 10000 (custom)
2019-09-24 18:20:27,952 [pool-167-thread-1] INFO  impl.RaftServerImpl (RaftServerImpl.java:setRole(174)) - 26ccac67-ab20-4124-92b6-8da6e1522566@group-412E5E5F612E: changes role from      null to FOLLOWER at term 0 for startAsFollower
2019-09-24 18:20:27,953 [pool-157-thread-1] INFO  server.RaftServerConfigKeys (ConfUtils.java:logGet(43)) - raft.server.snapshot.auto.trigger.enabled = true (custom)
2019-09-24 18:20:27,953 [pool-147-thread-1] INFO  server.RaftServerConfigKeys (ConfUtils.java:logGet(43)) - raft.server.snapshot.retention.num.files = 5 (custom)
2019-09-24 18:20:27,953 [pool-157-thread-1] INFO  server.RaftServerConfigKeys (ConfUtils.java:logGet(43)) - raft.server.snapshot.auto.trigger.threshold = 10000 (custom)
2019-09-24 18:20:27,953 [pool-167-thread-1] INFO  impl.RoleInfo (RoleInfo.java:updateAndGet(143)) - 26ccac67-ab20-4124-92b6-8da6e1522566: start FollowerState
2019-09-24 18:20:27,953 [pool-157-thread-1] INFO  server.RaftServerConfigKeys (ConfUtils.java:logGet(43)) - raft.server.snapshot.retention.num.files = 5 (custom)
2019-09-24 18:20:27,953 [pool-147-thread-1] INFO  server.RaftServerConfigKeys (ConfUtils.java:logGet(43)) - raft.server.retrycache.expirytime = 600000ms (custom)
2019-09-24 18:20:27,954 [pool-157-thread-1] INFO  server.RaftServerConfigKeys (ConfUtils.java:logGet(43)) - raft.server.retrycache.expirytime = 600000ms (custom)
2019-09-24 18:20:27,954 [pool-167-thread-1] INFO  util.JmxRegister (JmxRegister.java:tryRegister(44)) - Successfully registered JMX Bean with object name Ratis:service=RaftServer,group=group-412E5E5F612E,id=26ccac67-ab20-4124-92b6-8da6e1522566
2019-09-24 18:20:27,959 [26ccac67-ab20-4124-92b6-8da6e1522566@group-F57D9D33AA1F-SegmentedRaftLogWorker] INFO  segmented.SegmentedRaftLogWorker (SegmentedRaftLogWorker.java:execute(569)) - 26ccac67-ab20-4124-92b6-8da6e1522566@group-F57D9D33AA1F-SegmentedRaftLogWorker: created new log segment /workdir/hadoop-ozone/integration-test/target/test-dir/MiniOzoneClusterImpl-186cfbc1-6a32-40a9-9f2d-6a573dc3a7dc/datanode-2/data/ratis/8f6a1367-7dea-4485-83dd-f57d9d33aa1f/current/log_inprogress_0
2019-09-24 18:20:27,961 [pool-147-thread-1] INFO  impl.RaftServerImpl (RaftServerImpl.java:start(185)) - a43942a0-f39a-4b13-85c7-031627d4b02f@group-412E5E5F612E: start as a follower, conf=-1: [26ccac67-ab20-4124-92b6-8da6e1522566:192.168.36.84:45402, 21690c2e-4eab-419f-9c34-8dcbcedc5f1a:192.168.36.84:42742, a43942a0-f39a-4b13-85c7-031627d4b02f:192.168.36.84:37109], old=null
2019-09-24 18:20:27,961 [pool-147-thread-1] INFO  impl.RaftServerImpl (RaftServerImpl.java:setRole(174)) - a43942a0-f39a-4b13-85c7-031627d4b02f@group-412E5E5F612E: changes role from      null to FOLLOWER at term 0 for startAsFollower
2019-09-24 18:20:27,961 [pool-157-thread-1] INFO  impl.RaftServerImpl (RaftServerImpl.java:start(185)) - 21690c2e-4eab-419f-9c34-8dcbcedc5f1a@group-412E5E5F612E: start as a follower, conf=-1: [26ccac67-ab20-4124-92b6-8da6e1522566:192.168.36.84:45402, 21690c2e-4eab-419f-9c34-8dcbcedc5f1a:192.168.36.84:42742, a43942a0-f39a-4b13-85c7-031627d4b02f:192.168.36.84:37109], old=null
2019-09-24 18:20:27,961 [pool-147-thread-1] INFO  impl.RoleInfo (RoleInfo.java:updateAndGet(143)) - a43942a0-f39a-4b13-85c7-031627d4b02f: start FollowerState
2019-09-24 18:20:27,961 [pool-157-thread-1] INFO  impl.RaftServerImpl (RaftServerImpl.java:setRole(174)) - 21690c2e-4eab-419f-9c34-8dcbcedc5f1a@group-412E5E5F612E: changes role from      null to FOLLOWER at term 0 for startAsFollower
2019-09-24 18:20:27,962 [pool-157-thread-1] INFO  impl.RoleInfo (RoleInfo.java:updateAndGet(143)) - 21690c2e-4eab-419f-9c34-8dcbcedc5f1a: start FollowerState
2019-09-24 18:20:27,962 [pool-147-thread-1] INFO  util.JmxRegister (JmxRegister.java:tryRegister(44)) - Successfully registered JMX Bean with object name Ratis:service=RaftServer,group=group-412E5E5F612E,id=a43942a0-f39a-4b13-85c7-031627d4b02f
2019-09-24 18:20:27,962 [pool-157-thread-1] INFO  util.JmxRegister (JmxRegister.java:tryRegister(44)) - Successfully registered JMX Bean with object name Ratis:service=RaftServer,group=group-412E5E5F612E,id=21690c2e-4eab-419f-9c34-8dcbcedc5f1a
2019-09-24 18:20:27,969 [RatisPipelineUtilsThread] INFO  pipeline.PipelineStateManager (PipelineStateManager.java:addPipeline(56)) - Created pipeline Pipeline[ Id: 786ec140-53e0-48b7-a8e9-412e5e5f612e, Nodes: a43942a0-f39a-4b13-85c7-031627d4b02f{ip: 192.168.36.84, host: pr-hdds-2171-6l6hb-1841322612, networkLocation: /default-rack, certSerialId: null}21690c2e-4eab-419f-9c34-8dcbcedc5f1a{ip: 192.168.36.84, host: pr-hdds-2171-6l6hb-1841322612, networkLocation: /default-rack, certSerialId: null}26ccac67-ab20-4124-92b6-8da6e1522566{ip: 192.168.36.84, host: pr-hdds-2171-6l6hb-1841322612, networkLocation: /default-rack, certSerialId: null}, Type:RATIS, Factor:THREE, State:OPEN]
2019-09-24 18:20:28,345 [Thread-706] INFO  impl.FollowerState (FollowerState.java:run(106)) - b474bcaf-cd7e-434d-ad5c-42954e730277:group-180066A9B904 changes to CANDIDATE, lastRpcTime:1198, electionTimeout:1185ms
2019-09-24 18:20:28,351 [Thread-708] INFO  impl.FollowerState (FollowerState.java:run(106)) - 76f8f82d-5f7e-41ca-9bb3-5d91ee80ba9b:group-180066A9B904 changes to CANDIDATE, lastRpcTime:1189, electionTimeout:1063ms
2019-09-24 18:20:28,351 [Thread-709] INFO  impl.FollowerState (FollowerState.java:run(106)) - 18f7ddc7-ed0b-485b-8078-4f4feb143474:group-180066A9B904 changes to CANDIDATE, lastRpcTime:1195, electionTimeout:1183ms
2019-09-24 18:20:28,384 [Thread-708] INFO  impl.RoleInfo (RoleInfo.java:shutdownFollowerState(121)) - 76f8f82d-5f7e-41ca-9bb3-5d91ee80ba9b: shutdown FollowerState
2019-09-24 18:20:28,382 [Thread-706] INFO  impl.RoleInfo (RoleInfo.java:shutdownFollowerState(121)) - b474bcaf-cd7e-434d-ad5c-42954e730277: shutdown FollowerState
2019-09-24 18:20:28,384 [Thread-708] INFO  impl.RaftServerImpl (RaftServerImpl.java:setRole(174)) - 76f8f82d-5f7e-41ca-9bb3-5d91ee80ba9b@group-180066A9B904: changes role from  FOLLOWER to CANDIDATE at term 0 for changeToCandidate
2019-09-24 18:20:28,384 [Thread-709] INFO  impl.RoleInfo (RoleInfo.java:shutdownFollowerState(121)) - 18f7ddc7-ed0b-485b-8078-4f4feb143474: shutdown FollowerState
2019-09-24 18:20:28,390 [Thread-706] INFO  impl.RaftServerImpl (RaftServerImpl.java:setRole(174)) - b474bcaf-cd7e-434d-ad5c-42954e730277@group-180066A9B904: changes role from  FOLLOWER to CANDIDATE at term 0 for changeToCandidate
2019-09-24 18:20:28,423 [Thread-708] INFO  impl.RoleInfo (RoleInfo.java:updateAndGet(143)) - 76f8f82d-5f7e-41ca-9bb3-5d91ee80ba9b: start LeaderElection
2019-09-24 18:20:28,425 [Thread-706] INFO  impl.RoleInfo (RoleInfo.java:updateAndGet(143)) - b474bcaf-cd7e-434d-ad5c-42954e730277: start LeaderElection
2019-09-24 18:20:28,423 [Thread-709] INFO  impl.RaftServerImpl (RaftServerImpl.java:setRole(174)) - 18f7ddc7-ed0b-485b-8078-4f4feb143474@group-180066A9B904: changes role from  FOLLOWER to CANDIDATE at term 0 for changeToCandidate
2019-09-24 18:20:28,425 [Thread-709] INFO  impl.RoleInfo (RoleInfo.java:updateAndGet(143)) - 18f7ddc7-ed0b-485b-8078-4f4feb143474: start LeaderElection
2019-09-24 18:20:28,463 [main] INFO  impl.MetricsSystemImpl (MetricsSystemImpl.java:init(158)) - XceiverClientMetrics metrics system started (again)
2019-09-24 18:20:28,973 [Thread-715] INFO  impl.FollowerState (FollowerState.java:run(106)) - 26ccac67-ab20-4124-92b6-8da6e1522566:group-412E5E5F612E changes to CANDIDATE, lastRpcTime:1020, electionTimeout:1019ms
2019-09-24 18:20:28,973 [Thread-715] INFO  impl.RoleInfo (RoleInfo.java:shutdownFollowerState(121)) - 26ccac67-ab20-4124-92b6-8da6e1522566: shutdown FollowerState
2019-09-24 18:20:28,974 [Thread-715] INFO  impl.RaftServerImpl (RaftServerImpl.java:setRole(174)) - 26ccac67-ab20-4124-92b6-8da6e1522566@group-412E5E5F612E: changes role from  FOLLOWER to CANDIDATE at term 0 for changeToCandidate
2019-09-24 18:20:28,974 [Thread-715] INFO  impl.RoleInfo (RoleInfo.java:updateAndGet(143)) - 26ccac67-ab20-4124-92b6-8da6e1522566: start LeaderElection
2019-09-24 18:20:28,993 [76f8f82d-5f7e-41ca-9bb3-5d91ee80ba9b@group-180066A9B904:LeaderElection36] INFO  impl.LeaderElection (LeaderElection.java:askForVotes(182)) - 76f8f82d-5f7e-41ca-9bb3-5d91ee80ba9b@group-180066A9B904:LeaderElection36: begin an election at term 1 for -1: [76f8f82d-5f7e-41ca-9bb3-5d91ee80ba9b:192.168.36.84:44299, b474bcaf-cd7e-434d-ad5c-42954e730277:192.168.36.84:35510, 18f7ddc7-ed0b-485b-8078-4f4feb143474:192.168.36.84:46557], old=null
2019-09-24 18:20:28,993 [18f7ddc7-ed0b-485b-8078-4f4feb143474@group-180066A9B904:LeaderElection38] INFO  impl.LeaderElection (LeaderElection.java:askForVotes(182)) - 18f7ddc7-ed0b-485b-8078-4f4feb143474@group-180066A9B904:LeaderElection38: begin an election at term 1 for -1: [76f8f82d-5f7e-41ca-9bb3-5d91ee80ba9b:192.168.36.84:44299, b474bcaf-cd7e-434d-ad5c-42954e730277:192.168.36.84:35510, 18f7ddc7-ed0b-485b-8078-4f4feb143474:192.168.36.84:46557], old=null
2019-09-24 18:20:28,993 [b474bcaf-cd7e-434d-ad5c-42954e730277@group-180066A9B904:LeaderElection37] INFO  impl.LeaderElection (LeaderElection.java:askForVotes(182)) - b474bcaf-cd7e-434d-ad5c-42954e730277@group-180066A9B904:LeaderElection37: begin an election at term 1 for -1: [76f8f82d-5f7e-41ca-9bb3-5d91ee80ba9b:192.168.36.84:44299, b474bcaf-cd7e-434d-ad5c-42954e730277:192.168.36.84:35510, 18f7ddc7-ed0b-485b-8078-4f4feb143474:192.168.36.84:46557], old=null
2019-09-24 18:20:28,994 [26ccac67-ab20-4124-92b6-8da6e1522566@group-412E5E5F612E:LeaderElection39] INFO  impl.LeaderElection (LeaderElection.java:askForVotes(182)) - 26ccac67-ab20-4124-92b6-8da6e1522566@group-412E5E5F612E:LeaderElection39: begin an election at term 1 for -1: [26ccac67-ab20-4124-92b6-8da6e1522566:192.168.36.84:45402, 21690c2e-4eab-419f-9c34-8dcbcedc5f1a:192.168.36.84:42742, a43942a0-f39a-4b13-85c7-031627d4b02f:192.168.36.84:37109], old=null
2019-09-24 18:20:29,019 [Thread-720] INFO  impl.FollowerState (FollowerState.java:run(106)) - 21690c2e-4eab-419f-9c34-8dcbcedc5f1a:group-412E5E5F612E changes to CANDIDATE, lastRpcTime:1056, electionTimeout:1050ms
2019-09-24 18:20:29,019 [Thread-720] INFO  impl.RoleInfo (RoleInfo.java:shutdownFollowerState(121)) - 21690c2e-4eab-419f-9c34-8dcbcedc5f1a: shutdown FollowerState
2019-09-24 18:20:29,019 [Thread-720] INFO  impl.RaftServerImpl (RaftServerImpl.java:setRole(174)) - 21690c2e-4eab-419f-9c34-8dcbcedc5f1a@group-412E5E5F612E: changes role from  FOLLOWER to CANDIDATE at term 0 for changeToCandidate
2019-09-24 18:20:29,019 [Thread-720] INFO  impl.RoleInfo (RoleInfo.java:updateAndGet(143)) - 21690c2e-4eab-419f-9c34-8dcbcedc5f1a: start LeaderElection
2019-09-24 18:20:29,023 [Thread-719] INFO  impl.FollowerState (FollowerState.java:run(106)) - a43942a0-f39a-4b13-85c7-031627d4b02f:group-412E5E5F612E changes to CANDIDATE, lastRpcTime:1061, electionTimeout:1059ms
2019-09-24 18:20:29,029 [Thread-719] INFO  impl.RoleInfo (RoleInfo.java:shutdownFollowerState(121)) - a43942a0-f39a-4b13-85c7-031627d4b02f: shutdown FollowerState
2019-09-24 18:20:29,029 [Thread-719] INFO  impl.RaftServerImpl (RaftServerImpl.java:setRole(174)) - a43942a0-f39a-4b13-85c7-031627d4b02f@group-412E5E5F612E: changes role from  FOLLOWER to CANDIDATE at term 0 for changeToCandidate
2019-09-24 18:20:29,029 [Thread-719] INFO  impl.RoleInfo (RoleInfo.java:updateAndGet(143)) - a43942a0-f39a-4b13-85c7-031627d4b02f: start LeaderElection
2019-09-24 18:20:29,044 [21690c2e-4eab-419f-9c34-8dcbcedc5f1a@group-412E5E5F612E:LeaderElection40] INFO  impl.LeaderElection (LeaderElection.java:askForVotes(182)) - 21690c2e-4eab-419f-9c34-8dcbcedc5f1a@group-412E5E5F612E:LeaderElection40: begin an election at term 1 for -1: [26ccac67-ab20-4124-92b6-8da6e1522566:192.168.36.84:45402, 21690c2e-4eab-419f-9c34-8dcbcedc5f1a:192.168.36.84:42742, a43942a0-f39a-4b13-85c7-031627d4b02f:192.168.36.84:37109], old=null
2019-09-24 18:20:29,044 [a43942a0-f39a-4b13-85c7-031627d4b02f@group-412E5E5F612E:LeaderElection41] INFO  impl.LeaderElection (LeaderElection.java:askForVotes(182)) - a43942a0-f39a-4b13-85c7-031627d4b02f@group-412E5E5F612E:LeaderElection41: begin an election at term 1 for -1: [26ccac67-ab20-4124-92b6-8da6e1522566:192.168.36.84:45402, 21690c2e-4eab-419f-9c34-8dcbcedc5f1a:192.168.36.84:42742, a43942a0-f39a-4b13-85c7-031627d4b02f:192.168.36.84:37109], old=null
2019-09-24 18:20:29,059 [b474bcaf-cd7e-434d-ad5c-42954e730277@group-180066A9B904:LeaderElection37] INFO  impl.LeaderElection (LeaderElection.java:logAndReturn(56)) - b474bcaf-cd7e-434d-ad5c-42954e730277@group-180066A9B904:LeaderElection37: Election REJECTED; received 2 response(s) [b474bcaf-cd7e-434d-ad5c-42954e730277<-76f8f82d-5f7e-41ca-9bb3-5d91ee80ba9b#0:FAIL-t1, b474bcaf-cd7e-434d-ad5c-42954e730277<-18f7ddc7-ed0b-485b-8078-4f4feb143474#0:FAIL-t1] and 0 exception(s); b474bcaf-cd7e-434d-ad5c-42954e730277@group-180066A9B904:t1, leader=null, voted=b474bcaf-cd7e-434d-ad5c-42954e730277, raftlog=b474bcaf-cd7e-434d-ad5c-42954e730277@group-180066A9B904-SegmentedRaftLog:OPENED:c-1,f-1,i0, conf=-1: [76f8f82d-5f7e-41ca-9bb3-5d91ee80ba9b:192.168.36.84:44299, b474bcaf-cd7e-434d-ad5c-42954e730277:192.168.36.84:35510, 18f7ddc7-ed0b-485b-8078-4f4feb143474:192.168.36.84:46557], old=null
2019-09-24 18:20:29,059 [b474bcaf-cd7e-434d-ad5c-42954e730277@group-180066A9B904:LeaderElection37] INFO  impl.RaftServerImpl (RaftServerImpl.java:setRole(174)) - b474bcaf-cd7e-434d-ad5c-42954e730277@group-180066A9B904: changes role from CANDIDATE to FOLLOWER at term 1 for DISCOVERED_A_NEW_TERM
2019-09-24 18:20:29,059 [b474bcaf-cd7e-434d-ad5c-42954e730277@group-180066A9B904:LeaderElection37] INFO  impl.RoleInfo (RoleInfo.java:shutdownLeaderElection(134)) - b474bcaf-cd7e-434d-ad5c-42954e730277: shutdown LeaderElection
2019-09-24 18:20:29,060 [b474bcaf-cd7e-434d-ad5c-42954e730277@group-180066A9B904:LeaderElection37] INFO  impl.RoleInfo (RoleInfo.java:updateAndGet(143)) - b474bcaf-cd7e-434d-ad5c-42954e730277: start FollowerState
2019-09-24 18:20:29,069 [26ccac67-ab20-4124-92b6-8da6e1522566@group-412E5E5F612E:LeaderElection39] INFO  impl.LeaderElection (LeaderElection.java:logAndReturn(56)) - 26ccac67-ab20-4124-92b6-8da6e1522566@group-412E5E5F612E:LeaderElection39: Election REJECTED; received 2 response(s) [26ccac67-ab20-4124-92b6-8da6e1522566<-21690c2e-4eab-419f-9c34-8dcbcedc5f1a#0:FAIL-t1, 26ccac67-ab20-4124-92b6-8da6e1522566<-a43942a0-f39a-4b13-85c7-031627d4b02f#0:FAIL-t1] and 0 exception(s); 26ccac67-ab20-4124-92b6-8da6e1522566@group-412E5E5F612E:t1, leader=null, voted=26ccac67-ab20-4124-92b6-8da6e1522566, raftlog=26ccac67-ab20-4124-92b6-8da6e1522566@group-412E5E5F612E-SegmentedRaftLog:OPENED:c-1,f-1,i0, conf=-1: [26ccac67-ab20-4124-92b6-8da6e1522566:192.168.36.84:45402, 21690c2e-4eab-419f-9c34-8dcbcedc5f1a:192.168.36.84:42742, a43942a0-f39a-4b13-85c7-031627d4b02f:192.168.36.84:37109], old=null
2019-09-24 18:20:29,079 [26ccac67-ab20-4124-92b6-8da6e1522566@group-412E5E5F612E:LeaderElection39] INFO  impl.RaftServerImpl (RaftServerImpl.java:setRole(174)) - 26ccac67-ab20-4124-92b6-8da6e1522566@group-412E5E5F612E: changes role from CANDIDATE to FOLLOWER at term 1 for DISCOVERED_A_NEW_TERM
2019-09-24 18:20:29,079 [76f8f82d-5f7e-41ca-9bb3-5d91ee80ba9b@group-180066A9B904:LeaderElection36] INFO  impl.LeaderElection (LeaderElection.java:logAndReturn(56)) - 76f8f82d-5f7e-41ca-9bb3-5d91ee80ba9b@group-180066A9B904:LeaderElection36: Election REJECTED; received 2 response(s) [76f8f82d-5f7e-41ca-9bb3-5d91ee80ba9b<-b474bcaf-cd7e-434d-ad5c-42954e730277#0:FAIL-t1, 76f8f82d-5f7e-41ca-9bb3-5d91ee80ba9b<-18f7ddc7-ed0b-485b-8078-4f4feb143474#0:FAIL-t1] and 0 exception(s); 76f8f82d-5f7e-41ca-9bb3-5d91ee80ba9b@group-180066A9B904:t1, leader=null, voted=76f8f82d-5f7e-41ca-9bb3-5d91ee80ba9b, raftlog=76f8f82d-5f7e-41ca-9bb3-5d91ee80ba9b@group-180066A9B904-SegmentedRaftLog:OPENED:c-1,f-1,i0, conf=-1: [76f8f82d-5f7e-41ca-9bb3-5d91ee80ba9b:192.168.36.84:44299, b474bcaf-cd7e-434d-ad5c-42954e730277:192.168.36.84:35510, 18f7ddc7-ed0b-485b-8078-4f4feb143474:192.168.36.84:46557], old=null
2019-09-24 18:20:29,079 [26ccac67-ab20-4124-92b6-8da6e1522566@group-412E5E5F612E:LeaderElection39] INFO  impl.RoleInfo (RoleInfo.java:shutdownLeaderElection(134)) - 26ccac67-ab20-4124-92b6-8da6e1522566: shutdown LeaderElection
2019-09-24 18:20:29,081 [76f8f82d-5f7e-41ca-9bb3-5d91ee80ba9b@group-180066A9B904:LeaderElection36] INFO  impl.RaftServerImpl (RaftServerImpl.java:setRole(174)) - 76f8f82d-5f7e-41ca-9bb3-5d91ee80ba9b@group-180066A9B904: changes role from CANDIDATE to FOLLOWER at term 1 for DISCOVERED_A_NEW_TERM
2019-09-24 18:20:29,083 [76f8f82d-5f7e-41ca-9bb3-5d91ee80ba9b@group-180066A9B904:LeaderElection36] INFO  impl.RoleInfo (RoleInfo.java:shutdownLeaderElection(134)) - 76f8f82d-5f7e-41ca-9bb3-5d91ee80ba9b: shutdown LeaderElection
2019-09-24 18:20:29,083 [26ccac67-ab20-4124-92b6-8da6e1522566@group-412E5E5F612E:LeaderElection39] INFO  impl.RoleInfo (RoleInfo.java:updateAndGet(143)) - 26ccac67-ab20-4124-92b6-8da6e1522566: start FollowerState
2019-09-24 18:20:29,083 [76f8f82d-5f7e-41ca-9bb3-5d91ee80ba9b@group-180066A9B904:LeaderElection36] INFO  impl.RoleInfo (RoleInfo.java:updateAndGet(143)) - 76f8f82d-5f7e-41ca-9bb3-5d91ee80ba9b: start FollowerState
2019-09-24 18:20:29,086 [18f7ddc7-ed0b-485b-8078-4f4feb143474@group-180066A9B904:LeaderElection38] INFO  impl.LeaderElection (LeaderElection.java:logAndReturn(56)) - 18f7ddc7-ed0b-485b-8078-4f4feb143474@group-180066A9B904:LeaderElection38: Election REJECTED; received 2 response(s) [18f7ddc7-ed0b-485b-8078-4f4feb143474<-76f8f82d-5f7e-41ca-9bb3-5d91ee80ba9b#0:FAIL-t1, 18f7ddc7-ed0b-485b-8078-4f4feb143474<-b474bcaf-cd7e-434d-ad5c-42954e730277#0:FAIL-t1] and 0 exception(s); 18f7ddc7-ed0b-485b-8078-4f4feb143474@group-180066A9B904:t1, leader=null, voted=18f7ddc7-ed0b-485b-8078-4f4feb143474, raftlog=18f7ddc7-ed0b-485b-8078-4f4feb143474@group-180066A9B904-SegmentedRaftLog:OPENED:c-1,f-1,i0, conf=-1: [76f8f82d-5f7e-41ca-9bb3-5d91ee80ba9b:192.168.36.84:44299, b474bcaf-cd7e-434d-ad5c-42954e730277:192.168.36.84:35510, 18f7ddc7-ed0b-485b-8078-4f4feb143474:192.168.36.84:46557], old=null
2019-09-24 18:20:29,086 [18f7ddc7-ed0b-485b-8078-4f4feb143474@group-180066A9B904:LeaderElection38] INFO  impl.RaftServerImpl (RaftServerImpl.java:setRole(174)) - 18f7ddc7-ed0b-485b-8078-4f4feb143474@group-180066A9B904: changes role from CANDIDATE to FOLLOWER at term 1 for DISCOVERED_A_NEW_TERM
2019-09-24 18:20:29,086 [18f7ddc7-ed0b-485b-8078-4f4feb143474@group-180066A9B904:LeaderElection38] INFO  impl.RoleInfo (RoleInfo.java:shutdownLeaderElection(134)) - 18f7ddc7-ed0b-485b-8078-4f4feb143474: shutdown LeaderElection
2019-09-24 18:20:29,087 [18f7ddc7-ed0b-485b-8078-4f4feb143474@group-180066A9B904:LeaderElection38] INFO  impl.RoleInfo (RoleInfo.java:updateAndGet(143)) - 18f7ddc7-ed0b-485b-8078-4f4feb143474: start FollowerState
2019-09-24 18:20:29,091 [21690c2e-4eab-419f-9c34-8dcbcedc5f1a@group-412E5E5F612E:LeaderElection40] INFO  impl.LeaderElection (LeaderElection.java:logAndReturn(56)) - 21690c2e-4eab-419f-9c34-8dcbcedc5f1a@group-412E5E5F612E:LeaderElection40: Election REJECTED; received 2 response(s) [21690c2e-4eab-419f-9c34-8dcbcedc5f1a<-26ccac67-ab20-4124-92b6-8da6e1522566#0:FAIL-t1, 21690c2e-4eab-419f-9c34-8dcbcedc5f1a<-a43942a0-f39a-4b13-85c7-031627d4b02f#0:FAIL-t1] and 0 exception(s); 21690c2e-4eab-419f-9c34-8dcbcedc5f1a@group-412E5E5F612E:t1, leader=null, voted=21690c2e-4eab-419f-9c34-8dcbcedc5f1a, raftlog=21690c2e-4eab-419f-9c34-8dcbcedc5f1a@group-412E5E5F612E-SegmentedRaftLog:OPENED:c-1,f-1,i0, conf=-1: [26ccac67-ab20-4124-92b6-8da6e1522566:192.168.36.84:45402, 21690c2e-4eab-419f-9c34-8dcbcedc5f1a:192.168.36.84:42742, a43942a0-f39a-4b13-85c7-031627d4b02f:192.168.36.84:37109], old=null
2019-09-24 18:20:29,093 [21690c2e-4eab-419f-9c34-8dcbcedc5f1a@group-412E5E5F612E:LeaderElection40] INFO  impl.RaftServerImpl (RaftServerImpl.java:setRole(174)) - 21690c2e-4eab-419f-9c34-8dcbcedc5f1a@group-412E5E5F612E: changes role from CANDIDATE to FOLLOWER at term 1 for DISCOVERED_A_NEW_TERM
2019-09-24 18:20:29,095 [21690c2e-4eab-419f-9c34-8dcbcedc5f1a@group-412E5E5F612E:LeaderElection40] INFO  impl.RoleInfo (RoleInfo.java:shutdownLeaderElection(134)) - 21690c2e-4eab-419f-9c34-8dcbcedc5f1a: shutdown LeaderElection
2019-09-24 18:20:29,095 [21690c2e-4eab-419f-9c34-8dcbcedc5f1a@group-412E5E5F612E:LeaderElection40] INFO  impl.RoleInfo (RoleInfo.java:updateAndGet(143)) - 21690c2e-4eab-419f-9c34-8dcbcedc5f1a: start FollowerState
2019-09-24 18:20:29,095 [a43942a0-f39a-4b13-85c7-031627d4b02f@group-412E5E5F612E:LeaderElection41] INFO  impl.LeaderElection (LeaderElection.java:logAndReturn(56)) - a43942a0-f39a-4b13-85c7-031627d4b02f@group-412E5E5F612E:LeaderElection41: Election REJECTED; received 2 response(s) [a43942a0-f39a-4b13-85c7-031627d4b02f<-26ccac67-ab20-4124-92b6-8da6e1522566#0:FAIL-t1, a43942a0-f39a-4b13-85c7-031627d4b02f<-21690c2e-4eab-419f-9c34-8dcbcedc5f1a#0:FAIL-t1] and 0 exception(s); a43942a0-f39a-4b13-85c7-031627d4b02f@group-412E5E5F612E:t1, leader=null, voted=a43942a0-f39a-4b13-85c7-031627d4b02f, raftlog=a43942a0-f39a-4b13-85c7-031627d4b02f@group-412E5E5F612E-SegmentedRaftLog:OPENED:c-1,f-1,i0, conf=-1: [26ccac67-ab20-4124-92b6-8da6e1522566:192.168.36.84:45402, 21690c2e-4eab-419f-9c34-8dcbcedc5f1a:192.168.36.84:42742, a43942a0-f39a-4b13-85c7-031627d4b02f:192.168.36.84:37109], old=null
2019-09-24 18:20:29,097 [a43942a0-f39a-4b13-85c7-031627d4b02f@group-412E5E5F612E:LeaderElection41] INFO  impl.RaftServerImpl (RaftServerImpl.java:setRole(174)) - a43942a0-f39a-4b13-85c7-031627d4b02f@group-412E5E5F612E: changes role from CANDIDATE to FOLLOWER at term 1 for DISCOVERED_A_NEW_TERM
2019-09-24 18:20:29,097 [a43942a0-f39a-4b13-85c7-031627d4b02f@group-412E5E5F612E:LeaderElection41] INFO  impl.RoleInfo (RoleInfo.java:shutdownLeaderElection(134)) - a43942a0-f39a-4b13-85c7-031627d4b02f: shutdown LeaderElection
2019-09-24 18:20:29,097 [a43942a0-f39a-4b13-85c7-031627d4b02f@group-412E5E5F612E:LeaderElection41] INFO  impl.RoleInfo (RoleInfo.java:updateAndGet(143)) - a43942a0-f39a-4b13-85c7-031627d4b02f: start FollowerState
2019-09-24 18:20:30,104 [Thread-744] INFO  impl.FollowerState (FollowerState.java:run(106)) - b474bcaf-cd7e-434d-ad5c-42954e730277:group-180066A9B904 changes to CANDIDATE, lastRpcTime:1044, electionTimeout:1040ms
2019-09-24 18:20:30,107 [Thread-744] INFO  impl.RoleInfo (RoleInfo.java:shutdownFollowerState(121)) - b474bcaf-cd7e-434d-ad5c-42954e730277: shutdown FollowerState
2019-09-24 18:20:30,107 [Thread-744] INFO  impl.RaftServerImpl (RaftServerImpl.java:setRole(174)) - b474bcaf-cd7e-434d-ad5c-42954e730277@group-180066A9B904: changes role from  FOLLOWER to CANDIDATE at term 1 for changeToCandidate
2019-09-24 18:20:30,107 [Thread-744] INFO  impl.RoleInfo (RoleInfo.java:updateAndGet(143)) - b474bcaf-cd7e-434d-ad5c-42954e730277: start LeaderElection
2019-09-24 18:20:30,151 [Thread-745] INFO  impl.FollowerState (FollowerState.java:run(106)) - 26ccac67-ab20-4124-92b6-8da6e1522566:group-412E5E5F612E changes to CANDIDATE, lastRpcTime:1067, electionTimeout:1067ms
2019-09-24 18:20:30,151 [Thread-745] INFO  impl.RoleInfo (RoleInfo.java:shutdownFollowerState(121)) - 26ccac67-ab20-4124-92b6-8da6e1522566: shutdown FollowerState
2019-09-24 18:20:30,151 [Thread-745] INFO  impl.RaftServerImpl (RaftServerImpl.java:setRole(174)) - 26ccac67-ab20-4124-92b6-8da6e1522566@group-412E5E5F612E: changes role from  FOLLOWER to CANDIDATE at term 1 for changeToCandidate
2019-09-24 18:20:30,151 [Thread-745] INFO  impl.RoleInfo (RoleInfo.java:updateAndGet(143)) - 26ccac67-ab20-4124-92b6-8da6e1522566: start LeaderElection
2019-09-24 18:20:30,154 [Thread-746] INFO  impl.FollowerState (FollowerState.java:run(106)) - 76f8f82d-5f7e-41ca-9bb3-5d91ee80ba9b:group-180066A9B904 changes to CANDIDATE, lastRpcTime:1070, electionTimeout:1068ms
2019-09-24 18:20:30,154 [Thread-746] INFO  impl.RoleInfo (RoleInfo.java:shutdownFollowerState(121)) - 76f8f82d-5f7e-41ca-9bb3-5d91ee80ba9b: shutdown FollowerState
2019-09-24 18:20:30,155 [Thread-746] INFO  impl.RaftServerImpl (RaftServerImpl.java:setRole(174)) - 76f8f82d-5f7e-41ca-9bb3-5d91ee80ba9b@group-180066A9B904: changes role from  FOLLOWER to CANDIDATE at term 1 for changeToCandidate
2019-09-24 18:20:30,155 [Thread-746] INFO  impl.RoleInfo (RoleInfo.java:updateAndGet(143)) - 76f8f82d-5f7e-41ca-9bb3-5d91ee80ba9b: start LeaderElection
2019-09-24 18:20:30,155 [Thread-747] INFO  impl.FollowerState (FollowerState.java:run(106)) - 18f7ddc7-ed0b-485b-8078-4f4feb143474:group-180066A9B904 changes to CANDIDATE, lastRpcTime:1068, electionTimeout:1068ms
2019-09-24 18:20:30,158 [Thread-747] INFO  impl.RoleInfo (RoleInfo.java:shutdownFollowerState(121)) - 18f7ddc7-ed0b-485b-8078-4f4feb143474: shutdown FollowerState
2019-09-24 18:20:30,158 [Thread-747] INFO  impl.RaftServerImpl (RaftServerImpl.java:setRole(174)) - 18f7ddc7-ed0b-485b-8078-4f4feb143474@group-180066A9B904: changes role from  FOLLOWER to CANDIDATE at term 1 for changeToCandidate
2019-09-24 18:20:30,158 [Thread-747] INFO  impl.RoleInfo (RoleInfo.java:updateAndGet(143)) - 18f7ddc7-ed0b-485b-8078-4f4feb143474: start LeaderElection
2019-09-24 18:20:30,172 [Thread-749] INFO  impl.FollowerState (FollowerState.java:run(106)) - a43942a0-f39a-4b13-85c7-031627d4b02f:group-412E5E5F612E changes to CANDIDATE, lastRpcTime:1075, electionTimeout:1075ms
2019-09-24 18:20:30,173 [Thread-749] INFO  impl.RoleInfo (RoleInfo.java:shutdownFollowerState(121)) - a43942a0-f39a-4b13-85c7-031627d4b02f: shutdown FollowerState
2019-09-24 18:20:30,173 [Thread-749] INFO  impl.RaftServerImpl (RaftServerImpl.java:setRole(174)) - a43942a0-f39a-4b13-85c7-031627d4b02f@group-412E5E5F612E: changes role from  FOLLOWER to CANDIDATE at term 1 for changeToCandidate
2019-09-24 18:20:30,173 [Thread-749] INFO  impl.RoleInfo (RoleInfo.java:updateAndGet(143)) - a43942a0-f39a-4b13-85c7-031627d4b02f: start LeaderElection
2019-09-24 18:20:30,188 [Thread-748] INFO  impl.FollowerState (FollowerState.java:run(106)) - 21690c2e-4eab-419f-9c34-8dcbcedc5f1a:group-412E5E5F612E changes to CANDIDATE, lastRpcTime:1092, electionTimeout:1091ms
2019-09-24 18:20:30,188 [Thread-748] INFO  impl.RoleInfo (RoleInfo.java:shutdownFollowerState(121)) - 21690c2e-4eab-419f-9c34-8dcbcedc5f1a: shutdown FollowerState
2019-09-24 18:20:30,188 [Thread-748] INFO  impl.RaftServerImpl (RaftServerImpl.java:setRole(174)) - 21690c2e-4eab-419f-9c34-8dcbcedc5f1a@group-412E5E5F612E: changes role from  FOLLOWER to CANDIDATE at term 1 for changeToCandidate
2019-09-24 18:20:30,188 [Thread-748] INFO  impl.RoleInfo (RoleInfo.java:updateAndGet(143)) - 21690c2e-4eab-419f-9c34-8dcbcedc5f1a: start LeaderElection
2019-09-24 18:20:30,432 [18f7ddc7-ed0b-485b-8078-4f4feb143474@group-180066A9B904:LeaderElection45] INFO  impl.LeaderElection (LeaderElection.java:askForVotes(182)) - 18f7ddc7-ed0b-485b-8078-4f4feb143474@group-180066A9B904:LeaderElection45: begin an election at term 2 for -1: [76f8f82d-5f7e-41ca-9bb3-5d91ee80ba9b:192.168.36.84:44299, b474bcaf-cd7e-434d-ad5c-42954e730277:192.168.36.84:35510, 18f7ddc7-ed0b-485b-8078-4f4feb143474:192.168.36.84:46557], old=null
2019-09-24 18:20:30,432 [76f8f82d-5f7e-41ca-9bb3-5d91ee80ba9b@group-180066A9B904:LeaderElection44] INFO  impl.LeaderElection (LeaderElection.java:askForVotes(182)) - 76f8f82d-5f7e-41ca-9bb3-5d91ee80ba9b@group-180066A9B904:LeaderElection44: begin an election at term 2 for -1: [76f8f82d-5f7e-41ca-9bb3-5d91ee80ba9b:192.168.36.84:44299, b474bcaf-cd7e-434d-ad5c-42954e730277:192.168.36.84:35510, 18f7ddc7-ed0b-485b-8078-4f4feb143474:192.168.36.84:46557], old=null
2019-09-24 18:20:30,432 [26ccac67-ab20-4124-92b6-8da6e1522566@group-412E5E5F612E:LeaderElection43] INFO  impl.LeaderElection (LeaderElection.java:askForVotes(182)) - 26ccac67-ab20-4124-92b6-8da6e1522566@group-412E5E5F612E:LeaderElection43: begin an election at term 2 for -1: [26ccac67-ab20-4124-92b6-8da6e1522566:192.168.36.84:45402, 21690c2e-4eab-419f-9c34-8dcbcedc5f1a:192.168.36.84:42742, a43942a0-f39a-4b13-85c7-031627d4b02f:192.168.36.84:37109], old=null
2019-09-24 18:20:30,432 [b474bcaf-cd7e-434d-ad5c-42954e730277@group-180066A9B904:LeaderElection42] INFO  impl.LeaderElection (LeaderElection.java:askForVotes(182)) - b474bcaf-cd7e-434d-ad5c-42954e730277@group-180066A9B904:LeaderElection42: begin an election at term 2 for -1: [76f8f82d-5f7e-41ca-9bb3-5d91ee80ba9b:192.168.36.84:44299, b474bcaf-cd7e-434d-ad5c-42954e730277:192.168.36.84:35510, 18f7ddc7-ed0b-485b-8078-4f4feb143474:192.168.36.84:46557], old=null
2019-09-24 18:20:30,433 [21690c2e-4eab-419f-9c34-8dcbcedc5f1a@group-412E5E5F612E:LeaderElection47] INFO  impl.LeaderElection (LeaderElection.java:askForVotes(182)) - 21690c2e-4eab-419f-9c34-8dcbcedc5f1a@group-412E5E5F612E:LeaderElection47: begin an election at term 2 for -1: [26ccac67-ab20-4124-92b6-8da6e1522566:192.168.36.84:45402, 21690c2e-4eab-419f-9c34-8dcbcedc5f1a:192.168.36.84:42742, a43942a0-f39a-4b13-85c7-031627d4b02f:192.168.36.84:37109], old=null
2019-09-24 18:20:30,433 [a43942a0-f39a-4b13-85c7-031627d4b02f@group-412E5E5F612E:LeaderElection46] INFO  impl.LeaderElection (LeaderElection.java:askForVotes(182)) - a43942a0-f39a-4b13-85c7-031627d4b02f@group-412E5E5F612E:LeaderElection46: begin an election at term 2 for -1: [26ccac67-ab20-4124-92b6-8da6e1522566:192.168.36.84:45402, 21690c2e-4eab-419f-9c34-8dcbcedc5f1a:192.168.36.84:42742, a43942a0-f39a-4b13-85c7-031627d4b02f:192.168.36.84:37109], old=null
2019-09-24 18:20:30,444 [21690c2e-4eab-419f-9c34-8dcbcedc5f1a@group-412E5E5F612E:LeaderElection47] INFO  impl.LeaderElection (LeaderElection.java:logAndReturn(56)) - 21690c2e-4eab-419f-9c34-8dcbcedc5f1a@group-412E5E5F612E:LeaderElection47: Election REJECTED; received 2 response(s) [21690c2e-4eab-419f-9c34-8dcbcedc5f1a<-26ccac67-ab20-4124-92b6-8da6e1522566#0:FAIL-t2, 21690c2e-4eab-419f-9c34-8dcbcedc5f1a<-a43942a0-f39a-4b13-85c7-031627d4b02f#0:FAIL-t2] and 0 exception(s); 21690c2e-4eab-419f-9c34-8dcbcedc5f1a@group-412E5E5F612E:t2, leader=null, voted=21690c2e-4eab-419f-9c34-8dcbcedc5f1a, raftlog=21690c2e-4eab-419f-9c34-8dcbcedc5f1a@group-412E5E5F612E-SegmentedRaftLog:OPENED:c-1,f-1,i0, conf=-1: [26ccac67-ab20-4124-92b6-8da6e1522566:192.168.36.84:45402, 21690c2e-4eab-419f-9c34-8dcbcedc5f1a:192.168.36.84:42742, a43942a0-f39a-4b13-85c7-031627d4b02f:192.168.36.84:37109], old=null
2019-09-24 18:20:30,444 [76f8f82d-5f7e-41ca-9bb3-5d91ee80ba9b@group-180066A9B904:LeaderElection44] INFO  impl.LeaderElection (LeaderElection.java:logAndReturn(56)) - 76f8f82d-5f7e-41ca-9bb3-5d91ee80ba9b@group-180066A9B904:LeaderElection44: Election REJECTED; received 2 response(s) [76f8f82d-5f7e-41ca-9bb3-5d91ee80ba9b<-b474bcaf-cd7e-434d-ad5c-42954e730277#0:FAIL-t2, 76f8f82d-5f7e-41ca-9bb3-5d91ee80ba9b<-18f7ddc7-ed0b-485b-8078-4f4feb143474#0:FAIL-t2] and 0 exception(s); 76f8f82d-5f7e-41ca-9bb3-5d91ee80ba9b@group-180066A9B904:t2, leader=null, voted=76f8f82d-5f7e-41ca-9bb3-5d91ee80ba9b, raftlog=76f8f82d-5f7e-41ca-9bb3-5d91ee80ba9b@group-180066A9B904-SegmentedRaftLog:OPENED:c-1,f-1,i0, conf=-1: [76f8f82d-5f7e-41ca-9bb3-5d91ee80ba9b:192.168.36.84:44299, b474bcaf-cd7e-434d-ad5c-42954e730277:192.168.36.84:35510, 18f7ddc7-ed0b-485b-8078-4f4feb143474:192.168.36.84:46557], old=null
2019-09-24 18:20:30,445 [21690c2e-4eab-419f-9c34-8dcbcedc5f1a@group-412E5E5F612E:LeaderElection47] INFO  impl.RaftServerImpl (RaftServerImpl.java:setRole(174)) - 21690c2e-4eab-419f-9c34-8dcbcedc5f1a@group-412E5E5F612E: changes role from CANDIDATE to FOLLOWER at term 2 for DISCOVERED_A_NEW_TERM
2019-09-24 18:20:30,448 [21690c2e-4eab-419f-9c34-8dcbcedc5f1a@group-412E5E5F612E:LeaderElection47] INFO  impl.RoleInfo (RoleInfo.java:shutdownLeaderElection(134)) - 21690c2e-4eab-419f-9c34-8dcbcedc5f1a: shutdown LeaderElection
2019-09-24 18:20:30,448 [76f8f82d-5f7e-41ca-9bb3-5d91ee80ba9b@group-180066A9B904:LeaderElection44] INFO  impl.RaftServerImpl (RaftServerImpl.java:setRole(174)) - 76f8f82d-5f7e-41ca-9bb3-5d91ee80ba9b@group-180066A9B904: changes role from CANDIDATE to FOLLOWER at term 2 for DISCOVERED_A_NEW_TERM
2019-09-24 18:20:30,450 [76f8f82d-5f7e-41ca-9bb3-5d91ee80ba9b@group-180066A9B904:LeaderElection44] INFO  impl.RoleInfo (RoleInfo.java:shutdownLeaderElection(134)) - 76f8f82d-5f7e-41ca-9bb3-5d91ee80ba9b: shutdown LeaderElection
2019-09-24 18:20:30,450 [21690c2e-4eab-419f-9c34-8dcbcedc5f1a@group-412E5E5F612E:LeaderElection47] INFO  impl.RoleInfo (RoleInfo.java:updateAndGet(143)) - 21690c2e-4eab-419f-9c34-8dcbcedc5f1a: start FollowerState
2019-09-24 18:20:30,451 [76f8f82d-5f7e-41ca-9bb3-5d91ee80ba9b@group-180066A9B904:LeaderElection44] INFO  impl.RoleInfo (RoleInfo.java:updateAndGet(143)) - 76f8f82d-5f7e-41ca-9bb3-5d91ee80ba9b: start FollowerState
2019-09-24 18:20:30,452 [18f7ddc7-ed0b-485b-8078-4f4feb143474@group-180066A9B904:LeaderElection45] INFO  impl.LeaderElection (LeaderElection.java:logAndReturn(56)) - 18f7ddc7-ed0b-485b-8078-4f4feb143474@group-180066A9B904:LeaderElection45: Election REJECTED; received 2 response(s) [18f7ddc7-ed0b-485b-8078-4f4feb143474<-76f8f82d-5f7e-41ca-9bb3-5d91ee80ba9b#0:FAIL-t2, 18f7ddc7-ed0b-485b-8078-4f4feb143474<-b474bcaf-cd7e-434d-ad5c-42954e730277#0:FAIL-t2] and 0 exception(s); 18f7ddc7-ed0b-485b-8078-4f4feb143474@group-180066A9B904:t2, leader=null, voted=18f7ddc7-ed0b-485b-8078-4f4feb143474, raftlog=18f7ddc7-ed0b-485b-8078-4f4feb143474@group-180066A9B904-SegmentedRaftLog:OPENED:c-1,f-1,i0, conf=-1: [76f8f82d-5f7e-41ca-9bb3-5d91ee80ba9b:192.168.36.84:44299, b474bcaf-cd7e-434d-ad5c-42954e730277:192.168.36.84:35510, 18f7ddc7-ed0b-485b-8078-4f4feb143474:192.168.36.84:46557], old=null
2019-09-24 18:20:30,452 [26ccac67-ab20-4124-92b6-8da6e1522566@group-412E5E5F612E:LeaderElection43] INFO  impl.LeaderElection (LeaderElection.java:logAndReturn(56)) - 26ccac67-ab20-4124-92b6-8da6e1522566@group-412E5E5F612E:LeaderElection43: Election REJECTED; received 2 response(s) [26ccac67-ab20-4124-92b6-8da6e1522566<-21690c2e-4eab-419f-9c34-8dcbcedc5f1a#0:FAIL-t2, 26ccac67-ab20-4124-92b6-8da6e1522566<-a43942a0-f39a-4b13-85c7-031627d4b02f#0:FAIL-t2] and 0 exception(s); 26ccac67-ab20-4124-92b6-8da6e1522566@group-412E5E5F612E:t2, leader=null, voted=26ccac67-ab20-4124-92b6-8da6e1522566, raftlog=26ccac67-ab20-4124-92b6-8da6e1522566@group-412E5E5F612E-SegmentedRaftLog:OPENED:c-1,f-1,i0, conf=-1: [26ccac67-ab20-4124-92b6-8da6e1522566:192.168.36.84:45402, 21690c2e-4eab-419f-9c34-8dcbcedc5f1a:192.168.36.84:42742, a43942a0-f39a-4b13-85c7-031627d4b02f:192.168.36.84:37109], old=null
2019-09-24 18:20:30,452 [26ccac67-ab20-4124-92b6-8da6e1522566@group-412E5E5F612E:LeaderElection43] INFO  impl.RaftServerImpl (RaftServerImpl.java:setRole(174)) - 26ccac67-ab20-4124-92b6-8da6e1522566@group-412E5E5F612E: changes role from CANDIDATE to FOLLOWER at term 2 for DISCOVERED_A_NEW_TERM
2019-09-24 18:20:30,452 [18f7ddc7-ed0b-485b-8078-4f4feb143474@group-180066A9B904:LeaderElection45] INFO  impl.RaftServerImpl (RaftServerImpl.java:setRole(174)) - 18f7ddc7-ed0b-485b-8078-4f4feb143474@group-180066A9B904: changes role from CANDIDATE to FOLLOWER at term 2 for DISCOVERED_A_NEW_TERM
2019-09-24 18:20:30,455 [18f7ddc7-ed0b-485b-8078-4f4feb143474@group-180066A9B904:LeaderElection45] INFO  impl.RoleInfo (RoleInfo.java:shutdownLeaderElection(134)) - 18f7ddc7-ed0b-485b-8078-4f4feb143474: shutdown LeaderElection
2019-09-24 18:20:30,452 [26ccac67-ab20-4124-92b6-8da6e1522566@group-412E5E5F612E:LeaderElection43] INFO  impl.RoleInfo (RoleInfo.java:shutdownLeaderElection(134)) - 26ccac67-ab20-4124-92b6-8da6e1522566: shutdown LeaderElection
2019-09-24 18:20:30,455 [18f7ddc7-ed0b-485b-8078-4f4feb143474@group-180066A9B904:LeaderElection45] INFO  impl.RoleInfo (RoleInfo.java:updateAndGet(143)) - 18f7ddc7-ed0b-485b-8078-4f4feb143474: start FollowerState
2019-09-24 18:20:30,455 [b474bcaf-cd7e-434d-ad5c-42954e730277@group-180066A9B904:LeaderElection42] INFO  impl.LeaderElection (LeaderElection.java:logAndReturn(56)) - b474bcaf-cd7e-434d-ad5c-42954e730277@group-180066A9B904:LeaderElection42: Election REJECTED; received 2 response(s) [b474bcaf-cd7e-434d-ad5c-42954e730277<-76f8f82d-5f7e-41ca-9bb3-5d91ee80ba9b#0:FAIL-t2, b474bcaf-cd7e-434d-ad5c-42954e730277<-18f7ddc7-ed0b-485b-8078-4f4feb143474#0:FAIL-t2] and 0 exception(s); b474bcaf-cd7e-434d-ad5c-42954e730277@group-180066A9B904:t2, leader=null, voted=b474bcaf-cd7e-434d-ad5c-42954e730277, raftlog=b474bcaf-cd7e-434d-ad5c-42954e730277@group-180066A9B904-SegmentedRaftLog:OPENED:c-1,f-1,i0, conf=-1: [76f8f82d-5f7e-41ca-9bb3-5d91ee80ba9b:192.168.36.84:44299, b474bcaf-cd7e-434d-ad5c-42954e730277:192.168.36.84:35510, 18f7ddc7-ed0b-485b-8078-4f4feb143474:192.168.36.84:46557], old=null
2019-09-24 18:20:30,455 [a43942a0-f39a-4b13-85c7-031627d4b02f@group-412E5E5F612E:LeaderElection46] INFO  impl.LeaderElection (LeaderElection.java:logAndReturn(56)) - a43942a0-f39a-4b13-85c7-031627d4b02f@group-412E5E5F612E:LeaderElection46: Election REJECTED; received 2 response(s) [a43942a0-f39a-4b13-85c7-031627d4b02f<-26ccac67-ab20-4124-92b6-8da6e1522566#0:FAIL-t2, a43942a0-f39a-4b13-85c7-031627d4b02f<-21690c2e-4eab-419f-9c34-8dcbcedc5f1a#0:FAIL-t2] and 0 exception(s); a43942a0-f39a-4b13-85c7-031627d4b02f@group-412E5E5F612E:t2, leader=null, voted=a43942a0-f39a-4b13-85c7-031627d4b02f, raftlog=a43942a0-f39a-4b13-85c7-031627d4b02f@group-412E5E5F612E-SegmentedRaftLog:OPENED:c-1,f-1,i0, conf=-1: [26ccac67-ab20-4124-92b6-8da6e1522566:192.168.36.84:45402, 21690c2e-4eab-419f-9c34-8dcbcedc5f1a:192.168.36.84:42742, a43942a0-f39a-4b13-85c7-031627d4b02f:192.168.36.84:37109], old=null
2019-09-24 18:20:30,455 [b474bcaf-cd7e-434d-ad5c-42954e730277@group-180066A9B904:LeaderElection42] INFO  impl.RaftServerImpl (RaftServerImpl.java:setRole(174)) - b474bcaf-cd7e-434d-ad5c-42954e730277@group-180066A9B904: changes role from CANDIDATE to FOLLOWER at term 2 for DISCOVERED_A_NEW_TERM
2019-09-24 18:20:30,458 [b474bcaf-cd7e-434d-ad5c-42954e730277@group-180066A9B904:LeaderElection42] INFO  impl.RoleInfo (RoleInfo.java:shutdownLeaderElection(134)) - b474bcaf-cd7e-434d-ad5c-42954e730277: shutdown LeaderElection
2019-09-24 18:20:30,455 [26ccac67-ab20-4124-92b6-8da6e1522566@group-412E5E5F612E:LeaderElection43] INFO  impl.RoleInfo (RoleInfo.java:updateAndGet(143)) - 26ccac67-ab20-4124-92b6-8da6e1522566: start FollowerState
2019-09-24 18:20:30,460 [b474bcaf-cd7e-434d-ad5c-42954e730277@group-180066A9B904:LeaderElection42] INFO  impl.RoleInfo (RoleInfo.java:updateAndGet(143)) - b474bcaf-cd7e-434d-ad5c-42954e730277: start FollowerState
2019-09-24 18:20:30,458 [a43942a0-f39a-4b13-85c7-031627d4b02f@group-412E5E5F612E:LeaderElection46] INFO  impl.RaftServerImpl (RaftServerImpl.java:setRole(174)) - a43942a0-f39a-4b13-85c7-031627d4b02f@group-412E5E5F612E: changes role from CANDIDATE to FOLLOWER at term 2 for DISCOVERED_A_NEW_TERM
2019-09-24 18:20:30,461 [a43942a0-f39a-4b13-85c7-031627d4b02f@group-412E5E5F612E:LeaderElection46] INFO  impl.RoleInfo (RoleInfo.java:shutdownLeaderElection(134)) - a43942a0-f39a-4b13-85c7-031627d4b02f: shutdown LeaderElection
2019-09-24 18:20:30,461 [a43942a0-f39a-4b13-85c7-031627d4b02f@group-412E5E5F612E:LeaderElection46] INFO  impl.RoleInfo (RoleInfo.java:updateAndGet(143)) - a43942a0-f39a-4b13-85c7-031627d4b02f: start FollowerState
2019-09-24 18:20:31,463 [Thread-771] INFO  impl.FollowerState (FollowerState.java:run(106)) - 76f8f82d-5f7e-41ca-9bb3-5d91ee80ba9b:group-180066A9B904 changes to CANDIDATE, lastRpcTime:1012, electionTimeout:1011ms
2019-09-24 18:20:31,463 [Thread-771] INFO  impl.RoleInfo (RoleInfo.java:shutdownFollowerState(121)) - 76f8f82d-5f7e-41ca-9bb3-5d91ee80ba9b: shutdown FollowerState
2019-09-24 18:20:31,463 [Thread-771] INFO  impl.RaftServerImpl (RaftServerImpl.java:setRole(174)) - 76f8f82d-5f7e-41ca-9bb3-5d91ee80ba9b@group-180066A9B904: changes role from  FOLLOWER to CANDIDATE at term 2 for changeToCandidate
2019-09-24 18:20:31,464 [Thread-771] INFO  impl.RoleInfo (RoleInfo.java:updateAndGet(143)) - 76f8f82d-5f7e-41ca-9bb3-5d91ee80ba9b: start LeaderElection
2019-09-24 18:20:31,472 [Thread-774] INFO  impl.FollowerState (FollowerState.java:run(106)) - b474bcaf-cd7e-434d-ad5c-42954e730277:group-180066A9B904 changes to CANDIDATE, lastRpcTime:1011, electionTimeout:1008ms
2019-09-24 18:20:31,472 [Thread-774] INFO  impl.RoleInfo (RoleInfo.java:shutdownFollowerState(121)) - b474bcaf-cd7e-434d-ad5c-42954e730277: shutdown FollowerState
2019-09-24 18:20:31,472 [Thread-774] INFO  impl.RaftServerImpl (RaftServerImpl.java:setRole(174)) - b474bcaf-cd7e-434d-ad5c-42954e730277@group-180066A9B904: changes role from  FOLLOWER to CANDIDATE at term 2 for changeToCandidate
2019-09-24 18:20:31,472 [Thread-774] INFO  impl.RoleInfo (RoleInfo.java:updateAndGet(143)) - b474bcaf-cd7e-434d-ad5c-42954e730277: start LeaderElection
2019-09-24 18:20:31,538 [Thread-773] INFO  impl.FollowerState (FollowerState.java:run(106)) - 26ccac67-ab20-4124-92b6-8da6e1522566:group-412E5E5F612E changes to CANDIDATE, lastRpcTime:1082, electionTimeout:1077ms
2019-09-24 18:20:31,538 [Thread-773] INFO  impl.RoleInfo (RoleInfo.java:shutdownFollowerState(121)) - 26ccac67-ab20-4124-92b6-8da6e1522566: shutdown FollowerState
2019-09-24 18:20:31,538 [Thread-773] INFO  impl.RaftServerImpl (RaftServerImpl.java:setRole(174)) - 26ccac67-ab20-4124-92b6-8da6e1522566@group-412E5E5F612E: changes role from  FOLLOWER to CANDIDATE at term 2 for changeToCandidate
2019-09-24 18:20:31,538 [Thread-773] INFO  impl.RoleInfo (RoleInfo.java:updateAndGet(143)) - 26ccac67-ab20-4124-92b6-8da6e1522566: start LeaderElection
2019-09-24 18:20:31,550 [Thread-772] INFO  impl.FollowerState (FollowerState.java:run(106)) - 18f7ddc7-ed0b-485b-8078-4f4feb143474:group-180066A9B904 changes to CANDIDATE, lastRpcTime:1094, electionTimeout:1094ms
2019-09-24 18:20:31,550 [Thread-772] INFO  impl.RoleInfo (RoleInfo.java:shutdownFollowerState(121)) - 18f7ddc7-ed0b-485b-8078-4f4feb143474: shutdown FollowerState
2019-09-24 18:20:31,550 [Thread-772] INFO  impl.RaftServerImpl (RaftServerImpl.java:setRole(174)) - 18f7ddc7-ed0b-485b-8078-4f4feb143474@group-180066A9B904: changes role from  FOLLOWER to CANDIDATE at term 2 for changeToCandidate
2019-09-24 18:20:31,550 [Thread-772] INFO  impl.RoleInfo (RoleInfo.java:updateAndGet(143)) - 18f7ddc7-ed0b-485b-8078-4f4feb143474: start LeaderElection
2019-09-24 18:20:31,570 [Thread-775] INFO  impl.FollowerState (FollowerState.java:run(106)) - a43942a0-f39a-4b13-85c7-031627d4b02f:group-412E5E5F612E changes to CANDIDATE, lastRpcTime:1109, electionTimeout:1109ms
2019-09-24 18:20:31,571 [Thread-775] INFO  impl.RoleInfo (RoleInfo.java:shutdownFollowerState(121)) - a43942a0-f39a-4b13-85c7-031627d4b02f: shutdown FollowerState
2019-09-24 18:20:31,571 [Thread-775] INFO  impl.RaftServerImpl (RaftServerImpl.java:setRole(174)) - a43942a0-f39a-4b13-85c7-031627d4b02f@group-412E5E5F612E: changes role from  FOLLOWER to CANDIDATE at term 2 for changeToCandidate
2019-09-24 18:20:31,571 [Thread-775] INFO  impl.RoleInfo (RoleInfo.java:updateAndGet(143)) - a43942a0-f39a-4b13-85c7-031627d4b02f: start LeaderElection
2019-09-24 18:20:31,583 [Thread-770] INFO  impl.FollowerState (FollowerState.java:run(106)) - 21690c2e-4eab-419f-9c34-8dcbcedc5f1a:group-412E5E5F612E changes to CANDIDATE, lastRpcTime:1132, electionTimeout:1132ms
2019-09-24 18:20:31,583 [Thread-770] INFO  impl.RoleInfo (RoleInfo.java:shutdownFollowerState(121)) - 21690c2e-4eab-419f-9c34-8dcbcedc5f1a: shutdown FollowerState
2019-09-24 18:20:31,584 [Thread-770] INFO  impl.RaftServerImpl (RaftServerImpl.java:setRole(174)) - 21690c2e-4eab-419f-9c34-8dcbcedc5f1a@group-412E5E5F612E: changes role from  FOLLOWER to CANDIDATE at term 2 for changeToCandidate
2019-09-24 18:20:31,584 [Thread-770] INFO  impl.RoleInfo (RoleInfo.java:updateAndGet(143)) - 21690c2e-4eab-419f-9c34-8dcbcedc5f1a: start LeaderElection
2019-09-24 18:20:31,971 [b474bcaf-cd7e-434d-ad5c-42954e730277@group-180066A9B904:LeaderElection49] INFO  impl.LeaderElection (LeaderElection.java:askForVotes(182)) - b474bcaf-cd7e-434d-ad5c-42954e730277@group-180066A9B904:LeaderElection49: begin an election at term 3 for -1: [76f8f82d-5f7e-41ca-9bb3-5d91ee80ba9b:192.168.36.84:44299, b474bcaf-cd7e-434d-ad5c-42954e730277:192.168.36.84:35510, 18f7ddc7-ed0b-485b-8078-4f4feb143474:192.168.36.84:46557], old=null
2019-09-24 18:20:31,971 [76f8f82d-5f7e-41ca-9bb3-5d91ee80ba9b@group-180066A9B904:LeaderElection48] INFO  impl.LeaderElection (LeaderElection.java:askForVotes(182)) - 76f8f82d-5f7e-41ca-9bb3-5d91ee80ba9b@group-180066A9B904:LeaderElection48: begin an election at term 3 for -1: [76f8f82d-5f7e-41ca-9bb3-5d91ee80ba9b:192.168.36.84:44299, b474bcaf-cd7e-434d-ad5c-42954e730277:192.168.36.84:35510, 18f7ddc7-ed0b-485b-8078-4f4feb143474:192.168.36.84:46557], old=null
2019-09-24 18:20:32,050 [18f7ddc7-ed0b-485b-8078-4f4feb143474@group-180066A9B904:LeaderElection51] INFO  impl.LeaderElection (LeaderElection.java:askForVotes(182)) - 18f7ddc7-ed0b-485b-8078-4f4feb143474@group-180066A9B904:LeaderElection51: begin an election at term 3 for -1: [76f8f82d-5f7e-41ca-9bb3-5d91ee80ba9b:192.168.36.84:44299, b474bcaf-cd7e-434d-ad5c-42954e730277:192.168.36.84:35510, 18f7ddc7-ed0b-485b-8078-4f4feb143474:192.168.36.84:46557], old=null
2019-09-24 18:20:32,050 [26ccac67-ab20-4124-92b6-8da6e1522566@group-412E5E5F612E:LeaderElection50] INFO  impl.LeaderElection (LeaderElection.java:askForVotes(182)) - 26ccac67-ab20-4124-92b6-8da6e1522566@group-412E5E5F612E:LeaderElection50: begin an election at term 3 for -1: [26ccac67-ab20-4124-92b6-8da6e1522566:192.168.36.84:45402, 21690c2e-4eab-419f-9c34-8dcbcedc5f1a:192.168.36.84:42742, a43942a0-f39a-4b13-85c7-031627d4b02f:192.168.36.84:37109], old=null
2019-09-24 18:20:32,050 [21690c2e-4eab-419f-9c34-8dcbcedc5f1a@group-412E5E5F612E:LeaderElection53] INFO  impl.LeaderElection (LeaderElection.java:askForVotes(182)) - 21690c2e-4eab-419f-9c34-8dcbcedc5f1a@group-412E5E5F612E:LeaderElection53: begin an election at term 3 for -1: [26ccac67-ab20-4124-92b6-8da6e1522566:192.168.36.84:45402, 21690c2e-4eab-419f-9c34-8dcbcedc5f1a:192.168.36.84:42742, a43942a0-f39a-4b13-85c7-031627d4b02f:192.168.36.84:37109], old=null
2019-09-24 18:20:32,050 [a43942a0-f39a-4b13-85c7-031627d4b02f@group-412E5E5F612E:LeaderElection52] INFO  impl.LeaderElection (LeaderElection.java:askForVotes(182)) - a43942a0-f39a-4b13-85c7-031627d4b02f@group-412E5E5F612E:LeaderElection52: begin an election at term 3 for -1: [26ccac67-ab20-4124-92b6-8da6e1522566:192.168.36.84:45402, 21690c2e-4eab-419f-9c34-8dcbcedc5f1a:192.168.36.84:42742, a43942a0-f39a-4b13-85c7-031627d4b02f:192.168.36.84:37109], old=null
2019-09-24 18:20:32,052 [b474bcaf-cd7e-434d-ad5c-42954e730277@group-180066A9B904:LeaderElection49] INFO  impl.LeaderElection (LeaderElection.java:logAndReturn(56)) - b474bcaf-cd7e-434d-ad5c-42954e730277@group-180066A9B904:LeaderElection49: Election REJECTED; received 2 response(s) [b474bcaf-cd7e-434d-ad5c-42954e730277<-76f8f82d-5f7e-41ca-9bb3-5d91ee80ba9b#0:FAIL-t3, b474bcaf-cd7e-434d-ad5c-42954e730277<-18f7ddc7-ed0b-485b-8078-4f4feb143474#0:FAIL-t3] and 0 exception(s); b474bcaf-cd7e-434d-ad5c-42954e730277@group-180066A9B904:t3, leader=null, voted=b474bcaf-cd7e-434d-ad5c-42954e730277, raftlog=b474bcaf-cd7e-434d-ad5c-42954e730277@group-180066A9B904-SegmentedRaftLog:OPENED:c-1,f-1,i0, conf=-1: [76f8f82d-5f7e-41ca-9bb3-5d91ee80ba9b:192.168.36.84:44299, b474bcaf-cd7e-434d-ad5c-42954e730277:192.168.36.84:35510, 18f7ddc7-ed0b-485b-8078-4f4feb143474:192.168.36.84:46557], old=null
2019-09-24 18:20:32,052 [76f8f82d-5f7e-41ca-9bb3-5d91ee80ba9b@group-180066A9B904:LeaderElection48] INFO  impl.LeaderElection (LeaderElection.java:logAndReturn(56)) - 76f8f82d-5f7e-41ca-9bb3-5d91ee80ba9b@group-180066A9B904:LeaderElection48: Election REJECTED; received 2 response(s) [76f8f82d-5f7e-41ca-9bb3-5d91ee80ba9b<-b474bcaf-cd7e-434d-ad5c-42954e730277#0:FAIL-t3, 76f8f82d-5f7e-41ca-9bb3-5d91ee80ba9b<-18f7ddc7-ed0b-485b-8078-4f4feb143474#0:FAIL-t3] and 0 exception(s); 76f8f82d-5f7e-41ca-9bb3-5d91ee80ba9b@group-180066A9B904:t3, leader=null, voted=76f8f82d-5f7e-41ca-9bb3-5d91ee80ba9b, raftlog=76f8f82d-5f7e-41ca-9bb3-5d91ee80ba9b@group-180066A9B904-SegmentedRaftLog:OPENED:c-1,f-1,i0, conf=-1: [76f8f82d-5f7e-41ca-9bb3-5d91ee80ba9b:192.168.36.84:44299, b474bcaf-cd7e-434d-ad5c-42954e730277:192.168.36.84:35510, 18f7ddc7-ed0b-485b-8078-4f4feb143474:192.168.36.84:46557], old=null
2019-09-24 18:20:32,053 [b474bcaf-cd7e-434d-ad5c-42954e730277@group-180066A9B904:LeaderElection49] INFO  impl.RaftServerImpl (RaftServerImpl.java:setRole(174)) - b474bcaf-cd7e-434d-ad5c-42954e730277@group-180066A9B904: changes role from CANDIDATE to FOLLOWER at term 3 for DISCOVERED_A_NEW_TERM
2019-09-24 18:20:32,060 [b474bcaf-cd7e-434d-ad5c-42954e730277@group-180066A9B904:LeaderElection49] INFO  impl.RoleInfo (RoleInfo.java:shutdownLeaderElection(134)) - b474bcaf-cd7e-434d-ad5c-42954e730277: shutdown LeaderElection
2019-09-24 18:20:32,061 [76f8f82d-5f7e-41ca-9bb3-5d91ee80ba9b@group-180066A9B904:LeaderElection48] INFO  impl.RaftServerImpl (RaftServerImpl.java:setRole(174)) - 76f8f82d-5f7e-41ca-9bb3-5d91ee80ba9b@group-180066A9B904: changes role from CANDIDATE to FOLLOWER at term 3 for DISCOVERED_A_NEW_TERM
2019-09-24 18:20:32,063 [b474bcaf-cd7e-434d-ad5c-42954e730277@group-180066A9B904:LeaderElection49] INFO  impl.RoleInfo (RoleInfo.java:updateAndGet(143)) - b474bcaf-cd7e-434d-ad5c-42954e730277: start FollowerState
2019-09-24 18:20:32,063 [76f8f82d-5f7e-41ca-9bb3-5d91ee80ba9b@group-180066A9B904:LeaderElection48] INFO  impl.RoleInfo (RoleInfo.java:shutdownLeaderElection(134)) - 76f8f82d-5f7e-41ca-9bb3-5d91ee80ba9b: shutdown LeaderElection
2019-09-24 18:20:32,064 [76f8f82d-5f7e-41ca-9bb3-5d91ee80ba9b@group-180066A9B904:LeaderElection48] INFO  impl.RoleInfo (RoleInfo.java:updateAndGet(143)) - 76f8f82d-5f7e-41ca-9bb3-5d91ee80ba9b: start FollowerState
2019-09-24 18:20:32,067 [26ccac67-ab20-4124-92b6-8da6e1522566@group-412E5E5F612E:LeaderElection50] INFO  impl.LeaderElection (LeaderElection.java:logAndReturn(56)) - 26ccac67-ab20-4124-92b6-8da6e1522566@group-412E5E5F612E:LeaderElection50: Election REJECTED; received 2 response(s) [26ccac67-ab20-4124-92b6-8da6e1522566<-21690c2e-4eab-419f-9c34-8dcbcedc5f1a#0:FAIL-t3, 26ccac67-ab20-4124-92b6-8da6e1522566<-a43942a0-f39a-4b13-85c7-031627d4b02f#0:FAIL-t3] and 0 exception(s); 26ccac67-ab20-4124-92b6-8da6e1522566@group-412E5E5F612E:t3, leader=null, voted=26ccac67-ab20-4124-92b6-8da6e1522566, raftlog=26ccac67-ab20-4124-92b6-8da6e1522566@group-412E5E5F612E-SegmentedRaftLog:OPENED:c-1,f-1,i0, conf=-1: [26ccac67-ab20-4124-92b6-8da6e1522566:192.168.36.84:45402, 21690c2e-4eab-419f-9c34-8dcbcedc5f1a:192.168.36.84:42742, a43942a0-f39a-4b13-85c7-031627d4b02f:192.168.36.84:37109], old=null
2019-09-24 18:20:32,067 [26ccac67-ab20-4124-92b6-8da6e1522566@group-412E5E5F612E:LeaderElection50] INFO  impl.RaftServerImpl (RaftServerImpl.java:setRole(174)) - 26ccac67-ab20-4124-92b6-8da6e1522566@group-412E5E5F612E: changes role from CANDIDATE to FOLLOWER at term 3 for DISCOVERED_A_NEW_TERM
2019-09-24 18:20:32,067 [26ccac67-ab20-4124-92b6-8da6e1522566@group-412E5E5F612E:LeaderElection50] INFO  impl.RoleInfo (RoleInfo.java:shutdownLeaderElection(134)) - 26ccac67-ab20-4124-92b6-8da6e1522566: shutdown LeaderElection
2019-09-24 18:20:32,067 [26ccac67-ab20-4124-92b6-8da6e1522566@group-412E5E5F612E:LeaderElection50] INFO  impl.RoleInfo (RoleInfo.java:updateAndGet(143)) - 26ccac67-ab20-4124-92b6-8da6e1522566: start FollowerState
2019-09-24 18:20:32,068 [21690c2e-4eab-419f-9c34-8dcbcedc5f1a@group-412E5E5F612E:LeaderElection53] INFO  impl.LeaderElection (LeaderElection.java:logAndReturn(56)) - 21690c2e-4eab-419f-9c34-8dcbcedc5f1a@group-412E5E5F612E:LeaderElection53: Election REJECTED; received 2 response(s) [21690c2e-4eab-419f-9c34-8dcbcedc5f1a<-26ccac67-ab20-4124-92b6-8da6e1522566#0:FAIL-t3, 21690c2e-4eab-419f-9c34-8dcbcedc5f1a<-a43942a0-f39a-4b13-85c7-031627d4b02f#0:FAIL-t3] and 0 exception(s); 21690c2e-4eab-419f-9c34-8dcbcedc5f1a@group-412E5E5F612E:t3, leader=null, voted=21690c2e-4eab-419f-9c34-8dcbcedc5f1a, raftlog=21690c2e-4eab-419f-9c34-8dcbcedc5f1a@group-412E5E5F612E-SegmentedRaftLog:OPENED:c-1,f-1,i0, conf=-1: [26ccac67-ab20-4124-92b6-8da6e1522566:192.168.36.84:45402, 21690c2e-4eab-419f-9c34-8dcbcedc5f1a:192.168.36.84:42742, a43942a0-f39a-4b13-85c7-031627d4b02f:192.168.36.84:37109], old=null
2019-09-24 18:20:32,070 [21690c2e-4eab-419f-9c34-8dcbcedc5f1a@group-412E5E5F612E:LeaderElection53] INFO  impl.RaftServerImpl (RaftServerImpl.java:setRole(174)) - 21690c2e-4eab-419f-9c34-8dcbcedc5f1a@group-412E5E5F612E: changes role from CANDIDATE to FOLLOWER at term 3 for DISCOVERED_A_NEW_TERM
2019-09-24 18:20:32,071 [21690c2e-4eab-419f-9c34-8dcbcedc5f1a@group-412E5E5F612E:LeaderElection53] INFO  impl.RoleInfo (RoleInfo.java:shutdownLeaderElection(134)) - 21690c2e-4eab-419f-9c34-8dcbcedc5f1a: shutdown LeaderElection
2019-09-24 18:20:32,071 [21690c2e-4eab-419f-9c34-8dcbcedc5f1a@group-412E5E5F612E:LeaderElection53] INFO  impl.RoleInfo (RoleInfo.java:updateAndGet(143)) - 21690c2e-4eab-419f-9c34-8dcbcedc5f1a: start FollowerState
2019-09-24 18:20:32,071 [18f7ddc7-ed0b-485b-8078-4f4feb143474@group-180066A9B904:LeaderElection51] INFO  impl.LeaderElection (LeaderElection.java:logAndReturn(56)) - 18f7ddc7-ed0b-485b-8078-4f4feb143474@group-180066A9B904:LeaderElection51: Election REJECTED; received 2 response(s) [18f7ddc7-ed0b-485b-8078-4f4feb143474<-76f8f82d-5f7e-41ca-9bb3-5d91ee80ba9b#0:FAIL-t3, 18f7ddc7-ed0b-485b-8078-4f4feb143474<-b474bcaf-cd7e-434d-ad5c-42954e730277#0:FAIL-t3] and 0 exception(s); 18f7ddc7-ed0b-485b-8078-4f4feb143474@group-180066A9B904:t3, leader=null, voted=18f7ddc7-ed0b-485b-8078-4f4feb143474, raftlog=18f7ddc7-ed0b-485b-8078-4f4feb143474@group-180066A9B904-SegmentedRaftLog:OPENED:c-1,f-1,i0, conf=-1: [76f8f82d-5f7e-41ca-9bb3-5d91ee80ba9b:192.168.36.84:44299, b474bcaf-cd7e-434d-ad5c-42954e730277:192.168.36.84:35510, 18f7ddc7-ed0b-485b-8078-4f4feb143474:192.168.36.84:46557], old=null
2019-09-24 18:20:32,073 [a43942a0-f39a-4b13-85c7-031627d4b02f@group-412E5E5F612E:LeaderElection52] INFO  impl.LeaderElection (LeaderElection.java:logAndReturn(56)) - a43942a0-f39a-4b13-85c7-031627d4b02f@group-412E5E5F612E:LeaderElection52: Election REJECTED; received 2 response(s) [a43942a0-f39a-4b13-85c7-031627d4b02f<-26ccac67-ab20-4124-92b6-8da6e1522566#0:FAIL-t3, a43942a0-f39a-4b13-85c7-031627d4b02f<-21690c2e-4eab-419f-9c34-8dcbcedc5f1a#0:FAIL-t3] and 0 exception(s); a43942a0-f39a-4b13-85c7-031627d4b02f@group-412E5E5F612E:t3, leader=null, voted=a43942a0-f39a-4b13-85c7-031627d4b02f, raftlog=a43942a0-f39a-4b13-85c7-031627d4b02f@group-412E5E5F612E-SegmentedRaftLog:OPENED:c-1,f-1,i0, conf=-1: [26ccac67-ab20-4124-92b6-8da6e1522566:192.168.36.84:45402, 21690c2e-4eab-419f-9c34-8dcbcedc5f1a:192.168.36.84:42742, a43942a0-f39a-4b13-85c7-031627d4b02f:192.168.36.84:37109], old=null
2019-09-24 18:20:32,074 [18f7ddc7-ed0b-485b-8078-4f4feb143474@group-180066A9B904:LeaderElection51] INFO  impl.RaftServerImpl (RaftServerImpl.java:setRole(174)) - 18f7ddc7-ed0b-485b-8078-4f4feb143474@group-180066A9B904: changes role from CANDIDATE to FOLLOWER at term 3 for DISCOVERED_A_NEW_TERM
2019-09-24 18:20:32,076 [a43942a0-f39a-4b13-85c7-031627d4b02f@group-412E5E5F612E:LeaderElection52] INFO  impl.RaftServerImpl (RaftServerImpl.java:setRole(174)) - a43942a0-f39a-4b13-85c7-031627d4b02f@group-412E5E5F612E: changes role from CANDIDATE to FOLLOWER at term 3 for DISCOVERED_A_NEW_TERM
2019-09-24 18:20:32,079 [a43942a0-f39a-4b13-85c7-031627d4b02f@group-412E5E5F612E:LeaderElection52] INFO  impl.RoleInfo (RoleInfo.java:shutdownLeaderElection(134)) - a43942a0-f39a-4b13-85c7-031627d4b02f: shutdown LeaderElection
2019-09-24 18:20:32,076 [18f7ddc7-ed0b-485b-8078-4f4feb143474@group-180066A9B904:LeaderElection51] INFO  impl.RoleInfo (RoleInfo.java:shutdownLeaderElection(134)) - 18f7ddc7-ed0b-485b-8078-4f4feb143474: shutdown LeaderElection
2019-09-24 18:20:32,079 [a43942a0-f39a-4b13-85c7-031627d4b02f@group-412E5E5F612E:LeaderElection52] INFO  impl.RoleInfo (RoleInfo.java:updateAndGet(143)) - a43942a0-f39a-4b13-85c7-031627d4b02f: start FollowerState
2019-09-24 18:20:32,079 [18f7ddc7-ed0b-485b-8078-4f4feb143474@group-180066A9B904:LeaderElection51] INFO  impl.RoleInfo (RoleInfo.java:updateAndGet(143)) - 18f7ddc7-ed0b-485b-8078-4f4feb143474: start FollowerState
2019-09-24 18:20:33,102 [Thread-801] INFO  impl.FollowerState (FollowerState.java:run(106)) - 21690c2e-4eab-419f-9c34-8dcbcedc5f1a:group-412E5E5F612E changes to CANDIDATE, lastRpcTime:1030, electionTimeout:1028ms
2019-09-24 18:20:33,102 [Thread-801] INFO  impl.RoleInfo (RoleInfo.java:shutdownFollowerState(121)) - 21690c2e-4eab-419f-9c34-8dcbcedc5f1a: shutdown FollowerState
2019-09-24 18:20:33,102 [Thread-801] INFO  impl.RaftServerImpl (RaftServerImpl.java:setRole(174)) - 21690c2e-4eab-419f-9c34-8dcbcedc5f1a@group-412E5E5F612E: changes role from  FOLLOWER to CANDIDATE at term 3 for changeToCandidate
2019-09-24 18:20:33,103 [Thread-801] INFO  impl.RoleInfo (RoleInfo.java:updateAndGet(143)) - 21690c2e-4eab-419f-9c34-8dcbcedc5f1a: start LeaderElection
2019-09-24 18:20:33,170 [Thread-799] INFO  impl.FollowerState (FollowerState.java:run(106)) - 76f8f82d-5f7e-41ca-9bb3-5d91ee80ba9b:group-180066A9B904 changes to CANDIDATE, lastRpcTime:1105, electionTimeout:1105ms
2019-09-24 18:20:33,170 [Thread-799] INFO  impl.RoleInfo (RoleInfo.java:shutdownFollowerState(121)) - 76f8f82d-5f7e-41ca-9bb3-5d91ee80ba9b: shutdown FollowerState
2019-09-24 18:20:33,170 [Thread-799] INFO  impl.RaftServerImpl (RaftServerImpl.java:setRole(174)) - 76f8f82d-5f7e-41ca-9bb3-5d91ee80ba9b@group-180066A9B904: changes role from  FOLLOWER to CANDIDATE at term 3 for changeToCandidate
2019-09-24 18:20:33,170 [Thread-799] INFO  impl.RoleInfo (RoleInfo.java:updateAndGet(143)) - 76f8f82d-5f7e-41ca-9bb3-5d91ee80ba9b: start LeaderElection
2019-09-24 18:20:33,184 [Thread-798] INFO  impl.FollowerState (FollowerState.java:run(106)) - b474bcaf-cd7e-434d-ad5c-42954e730277:group-180066A9B904 changes to CANDIDATE, lastRpcTime:1120, electionTimeout:1120ms
2019-09-24 18:20:33,184 [Thread-798] INFO  impl.RoleInfo (RoleInfo.java:shutdownFollowerState(121)) - b474bcaf-cd7e-434d-ad5c-42954e730277: shutdown FollowerState
2019-09-24 18:20:33,185 [Thread-798] INFO  impl.RaftServerImpl (RaftServerImpl.java:setRole(174)) - b474bcaf-cd7e-434d-ad5c-42954e730277@group-180066A9B904: changes role from  FOLLOWER to CANDIDATE at term 3 for changeToCandidate
2019-09-24 18:20:33,185 [Thread-798] INFO  impl.RoleInfo (RoleInfo.java:updateAndGet(143)) - b474bcaf-cd7e-434d-ad5c-42954e730277: start LeaderElection
2019-09-24 18:20:33,233 [Thread-802] INFO  impl.FollowerState (FollowerState.java:run(106)) - a43942a0-f39a-4b13-85c7-031627d4b02f:group-412E5E5F612E changes to CANDIDATE, lastRpcTime:1153, electionTimeout:1153ms
2019-09-24 18:20:33,233 [Thread-802] INFO  impl.RoleInfo (RoleInfo.java:shutdownFollowerState(121)) - a43942a0-f39a-4b13-85c7-031627d4b02f: shutdown FollowerState
2019-09-24 18:20:33,233 [Thread-802] INFO  impl.RaftServerImpl (RaftServerImpl.java:setRole(174)) - a43942a0-f39a-4b13-85c7-031627d4b02f@group-412E5E5F612E: changes role from  FOLLOWER to CANDIDATE at term 3 for changeToCandidate
2019-09-24 18:20:33,233 [Thread-802] INFO  impl.RoleInfo (RoleInfo.java:updateAndGet(143)) - a43942a0-f39a-4b13-85c7-031627d4b02f: start LeaderElection
2019-09-24 18:20:33,236 [Thread-800] INFO  impl.FollowerState (FollowerState.java:run(106)) - 26ccac67-ab20-4124-92b6-8da6e1522566:group-412E5E5F612E changes to CANDIDATE, lastRpcTime:1168, electionTimeout:1168ms
2019-09-24 18:20:33,236 [Thread-800] INFO  impl.RoleInfo (RoleInfo.java:shutdownFollowerState(121)) - 26ccac67-ab20-4124-92b6-8da6e1522566: shutdown FollowerState
2019-09-24 18:20:33,236 [Thread-800] INFO  impl.RaftServerImpl (RaftServerImpl.java:setRole(174)) - 26ccac67-ab20-4124-92b6-8da6e1522566@group-412E5E5F612E: changes role from  FOLLOWER to CANDIDATE at term 3 for changeToCandidate
2019-09-24 18:20:33,236 [Thread-800] INFO  impl.RoleInfo (RoleInfo.java:updateAndGet(143)) - 26ccac67-ab20-4124-92b6-8da6e1522566: start LeaderElection
2019-09-24 18:20:33,258 [Thread-803] INFO  impl.FollowerState (FollowerState.java:run(106)) - 18f7ddc7-ed0b-485b-8078-4f4feb143474:group-180066A9B904 changes to CANDIDATE, lastRpcTime:1178, electionTimeout:1178ms
2019-09-24 18:20:33,258 [Thread-803] INFO  impl.RoleInfo (RoleInfo.java:shutdownFollowerState(121)) - 18f7ddc7-ed0b-485b-8078-4f4feb143474: shutdown FollowerState
2019-09-24 18:20:33,258 [Thread-803] INFO  impl.RaftServerImpl (RaftServerImpl.java:setRole(174)) - 18f7ddc7-ed0b-485b-8078-4f4feb143474@group-180066A9B904: changes role from  FOLLOWER to CANDIDATE at term 3 for changeToCandidate
2019-09-24 18:20:33,258 [Thread-803] INFO  impl.RoleInfo (RoleInfo.java:updateAndGet(143)) - 18f7ddc7-ed0b-485b-8078-4f4feb143474: start LeaderElection
2019-09-24 18:20:33,471 [21690c2e-4eab-419f-9c34-8dcbcedc5f1a@group-412E5E5F612E:LeaderElection54] INFO  impl.LeaderElection (LeaderElection.java:askForVotes(182)) - 21690c2e-4eab-419f-9c34-8dcbcedc5f1a@group-412E5E5F612E:LeaderElection54: begin an election at term 4 for -1: [26ccac67-ab20-4124-92b6-8da6e1522566:192.168.36.84:45402, 21690c2e-4eab-419f-9c34-8dcbcedc5f1a:192.168.36.84:42742, a43942a0-f39a-4b13-85c7-031627d4b02f:192.168.36.84:37109], old=null
2019-09-24 18:20:33,471 [76f8f82d-5f7e-41ca-9bb3-5d91ee80ba9b@group-180066A9B904:LeaderElection55] INFO  impl.LeaderElection (LeaderElection.java:askForVotes(182)) - 76f8f82d-5f7e-41ca-9bb3-5d91ee80ba9b@group-180066A9B904:LeaderElection55: begin an election at term 4 for -1: [76f8f82d-5f7e-41ca-9bb3-5d91ee80ba9b:192.168.36.84:44299, b474bcaf-cd7e-434d-ad5c-42954e730277:192.168.36.84:35510, 18f7ddc7-ed0b-485b-8078-4f4feb143474:192.168.36.84:46557], old=null
2019-09-24 18:20:33,701 [b474bcaf-cd7e-434d-ad5c-42954e730277@group-180066A9B904:LeaderElection56] INFO  impl.LeaderElection (LeaderElection.java:askForVotes(182)) - b474bcaf-cd7e-434d-ad5c-42954e730277@group-180066A9B904:LeaderElection56: begin an election at term 4 for -1: [76f8f82d-5f7e-41ca-9bb3-5d91ee80ba9b:192.168.36.84:44299, b474bcaf-cd7e-434d-ad5c-42954e730277:192.168.36.84:35510, 18f7ddc7-ed0b-485b-8078-4f4feb143474:192.168.36.84:46557], old=null
2019-09-24 18:20:33,701 [26ccac67-ab20-4124-92b6-8da6e1522566@group-412E5E5F612E:LeaderElection58] INFO  impl.LeaderElection (LeaderElection.java:askForVotes(182)) - 26ccac67-ab20-4124-92b6-8da6e1522566@group-412E5E5F612E:LeaderElection58: begin an election at term 4 for -1: [26ccac67-ab20-4124-92b6-8da6e1522566:192.168.36.84:45402, 21690c2e-4eab-419f-9c34-8dcbcedc5f1a:192.168.36.84:42742, a43942a0-f39a-4b13-85c7-031627d4b02f:192.168.36.84:37109], old=null
2019-09-24 18:20:33,701 [18f7ddc7-ed0b-485b-8078-4f4feb143474@group-180066A9B904:LeaderElection59] INFO  impl.LeaderElection (LeaderElection.java:askForVotes(182)) - 18f7ddc7-ed0b-485b-8078-4f4feb143474@group-180066A9B904:LeaderElection59: begin an election at term 4 for -1: [76f8f82d-5f7e-41ca-9bb3-5d91ee80ba9b:192.168.36.84:44299, b474bcaf-cd7e-434d-ad5c-42954e730277:192.168.36.84:35510, 18f7ddc7-ed0b-485b-8078-4f4feb143474:192.168.36.84:46557], old=null
2019-09-24 18:20:33,701 [a43942a0-f39a-4b13-85c7-031627d4b02f@group-412E5E5F612E:LeaderElection57] INFO  impl.LeaderElection (LeaderElection.java:askForVotes(182)) - a43942a0-f39a-4b13-85c7-031627d4b02f@group-412E5E5F612E:LeaderElection57: begin an election at term 4 for -1: [26ccac67-ab20-4124-92b6-8da6e1522566:192.168.36.84:45402, 21690c2e-4eab-419f-9c34-8dcbcedc5f1a:192.168.36.84:42742, a43942a0-f39a-4b13-85c7-031627d4b02f:192.168.36.84:37109], old=null
2019-09-24 18:20:33,703 [21690c2e-4eab-419f-9c34-8dcbcedc5f1a@group-412E5E5F612E:LeaderElection54] INFO  impl.LeaderElection (LeaderElection.java:logAndReturn(56)) - 21690c2e-4eab-419f-9c34-8dcbcedc5f1a@group-412E5E5F612E:LeaderElection54: Election REJECTED; received 2 response(s) [21690c2e-4eab-419f-9c34-8dcbcedc5f1a<-26ccac67-ab20-4124-92b6-8da6e1522566#0:FAIL-t4, 21690c2e-4eab-419f-9c34-8dcbcedc5f1a<-a43942a0-f39a-4b13-85c7-031627d4b02f#0:FAIL-t4] and 0 exception(s); 21690c2e-4eab-419f-9c34-8dcbcedc5f1a@group-412E5E5F612E:t4, leader=null, voted=21690c2e-4eab-419f-9c34-8dcbcedc5f1a, raftlog=21690c2e-4eab-419f-9c34-8dcbcedc5f1a@group-412E5E5F612E-SegmentedRaftLog:OPENED:c-1,f-1,i0, conf=-1: [26ccac67-ab20-4124-92b6-8da6e1522566:192.168.36.84:45402, 21690c2e-4eab-419f-9c34-8dcbcedc5f1a:192.168.36.84:42742, a43942a0-f39a-4b13-85c7-031627d4b02f:192.168.36.84:37109], old=null
2019-09-24 18:20:33,703 [76f8f82d-5f7e-41ca-9bb3-5d91ee80ba9b@group-180066A9B904:LeaderElection55] INFO  impl.LeaderElection (LeaderElection.java:logAndReturn(56)) - 76f8f82d-5f7e-41ca-9bb3-5d91ee80ba9b@group-180066A9B904:LeaderElection55: Election REJECTED; received 2 response(s) [76f8f82d-5f7e-41ca-9bb3-5d91ee80ba9b<-b474bcaf-cd7e-434d-ad5c-42954e730277#0:FAIL-t4, 76f8f82d-5f7e-41ca-9bb3-5d91ee80ba9b<-18f7ddc7-ed0b-485b-8078-4f4feb143474#0:FAIL-t4] and 0 exception(s); 76f8f82d-5f7e-41ca-9bb3-5d91ee80ba9b@group-180066A9B904:t4, leader=null, voted=76f8f82d-5f7e-41ca-9bb3-5d91ee80ba9b, raftlog=76f8f82d-5f7e-41ca-9bb3-5d91ee80ba9b@group-180066A9B904-SegmentedRaftLog:OPENED:c-1,f-1,i0, conf=-1: [76f8f82d-5f7e-41ca-9bb3-5d91ee80ba9b:192.168.36.84:44299, b474bcaf-cd7e-434d-ad5c-42954e730277:192.168.36.84:35510, 18f7ddc7-ed0b-485b-8078-4f4feb143474:192.168.36.84:46557], old=null
2019-09-24 18:20:33,704 [21690c2e-4eab-419f-9c34-8dcbcedc5f1a@group-412E5E5F612E:LeaderElection54] INFO  impl.RaftServerImpl (RaftServerImpl.java:setRole(174)) - 21690c2e-4eab-419f-9c34-8dcbcedc5f1a@group-412E5E5F612E: changes role from CANDIDATE to FOLLOWER at term 4 for DISCOVERED_A_NEW_TERM
2019-09-24 18:20:33,717 [76f8f82d-5f7e-41ca-9bb3-5d91ee80ba9b@group-180066A9B904:LeaderElection55] INFO  impl.RaftServerImpl (RaftServerImpl.java:setRole(174)) - 76f8f82d-5f7e-41ca-9bb3-5d91ee80ba9b@group-180066A9B904: changes role from CANDIDATE to FOLLOWER at term 4 for DISCOVERED_A_NEW_TERM
2019-09-24 18:20:33,717 [21690c2e-4eab-419f-9c34-8dcbcedc5f1a@group-412E5E5F612E:LeaderElection54] INFO  impl.RoleInfo (RoleInfo.java:shutdownLeaderElection(134)) - 21690c2e-4eab-419f-9c34-8dcbcedc5f1a: shutdown LeaderElection
2019-09-24 18:20:33,719 [76f8f82d-5f7e-41ca-9bb3-5d91ee80ba9b@group-180066A9B904:LeaderElection55] INFO  impl.RoleInfo (RoleInfo.java:shutdownLeaderElection(134)) - 76f8f82d-5f7e-41ca-9bb3-5d91ee80ba9b: shutdown LeaderElection
2019-09-24 18:20:33,720 [21690c2e-4eab-419f-9c34-8dcbcedc5f1a@group-412E5E5F612E:LeaderElection54] INFO  impl.RoleInfo (RoleInfo.java:updateAndGet(143)) - 21690c2e-4eab-419f-9c34-8dcbcedc5f1a: start FollowerState
2019-09-24 18:20:33,720 [76f8f82d-5f7e-41ca-9bb3-5d91ee80ba9b@group-180066A9B904:LeaderElection55] INFO  impl.RoleInfo (RoleInfo.java:updateAndGet(143)) - 76f8f82d-5f7e-41ca-9bb3-5d91ee80ba9b: start FollowerState
2019-09-24 18:20:33,722 [b474bcaf-cd7e-434d-ad5c-42954e730277@group-180066A9B904:LeaderElection56] INFO  impl.LeaderElection (LeaderElection.java:logAndReturn(56)) - b474bcaf-cd7e-434d-ad5c-42954e730277@group-180066A9B904:LeaderElection56: Election REJECTED; received 2 response(s) [b474bcaf-cd7e-434d-ad5c-42954e730277<-76f8f82d-5f7e-41ca-9bb3-5d91ee80ba9b#0:FAIL-t4, b474bcaf-cd7e-434d-ad5c-42954e730277<-18f7ddc7-ed0b-485b-8078-4f4feb143474#0:FAIL-t4] and 0 exception(s); b474bcaf-cd7e-434d-ad5c-42954e730277@group-180066A9B904:t4, leader=null, voted=b474bcaf-cd7e-434d-ad5c-42954e730277, raftlog=b474bcaf-cd7e-434d-ad5c-42954e730277@group-180066A9B904-SegmentedRaftLog:OPENED:c-1,f-1,i0, conf=-1: [76f8f82d-5f7e-41ca-9bb3-5d91ee80ba9b:192.168.36.84:44299, b474bcaf-cd7e-434d-ad5c-42954e730277:192.168.36.84:35510, 18f7ddc7-ed0b-485b-8078-4f4feb143474:192.168.36.84:46557], old=null
2019-09-24 18:20:33,722 [b474bcaf-cd7e-434d-ad5c-42954e730277@group-180066A9B904:LeaderElection56] INFO  impl.RaftServerImpl (RaftServerImpl.java:setRole(174)) - b474bcaf-cd7e-434d-ad5c-42954e730277@group-180066A9B904: changes role from CANDIDATE to FOLLOWER at term 4 for DISCOVERED_A_NEW_TERM
2019-09-24 18:20:33,723 [b474bcaf-cd7e-434d-ad5c-42954e730277@group-180066A9B904:LeaderElection56] INFO  impl.RoleInfo (RoleInfo.java:shutdownLeaderElection(134)) - b474bcaf-cd7e-434d-ad5c-42954e730277: shutdown LeaderElection
2019-09-24 18:20:33,723 [b474bcaf-cd7e-434d-ad5c-42954e730277@group-180066A9B904:LeaderElection56] INFO  impl.RoleInfo (RoleInfo.java:updateAndGet(143)) - b474bcaf-cd7e-434d-ad5c-42954e730277: start FollowerState
2019-09-24 18:20:33,723 [a43942a0-f39a-4b13-85c7-031627d4b02f@group-412E5E5F612E:LeaderElection57] INFO  impl.LeaderElection (LeaderElection.java:logAndReturn(56)) - a43942a0-f39a-4b13-85c7-031627d4b02f@group-412E5E5F612E:LeaderElection57: Election REJECTED; received 2 response(s) [a43942a0-f39a-4b13-85c7-031627d4b02f<-26ccac67-ab20-4124-92b6-8da6e1522566#0:FAIL-t4, a43942a0-f39a-4b13-85c7-031627d4b02f<-21690c2e-4eab-419f-9c34-8dcbcedc5f1a#0:FAIL-t4] and 0 exception(s); a43942a0-f39a-4b13-85c7-031627d4b02f@group-412E5E5F612E:t4, leader=null, voted=a43942a0-f39a-4b13-85c7-031627d4b02f, raftlog=a43942a0-f39a-4b13-85c7-031627d4b02f@group-412E5E5F612E-SegmentedRaftLog:OPENED:c-1,f-1,i0, conf=-1: [26ccac67-ab20-4124-92b6-8da6e1522566:192.168.36.84:45402, 21690c2e-4eab-419f-9c34-8dcbcedc5f1a:192.168.36.84:42742, a43942a0-f39a-4b13-85c7-031627d4b02f:192.168.36.84:37109], old=null
2019-09-24 18:20:33,725 [a43942a0-f39a-4b13-85c7-031627d4b02f@group-412E5E5F612E:LeaderElection57] INFO  impl.RaftServerImpl (RaftServerImpl.java:setRole(174)) - a43942a0-f39a-4b13-85c7-031627d4b02f@group-412E5E5F612E: changes role from CANDIDATE to FOLLOWER at term 4 for DISCOVERED_A_NEW_TERM
2019-09-24 18:20:33,725 [a43942a0-f39a-4b13-85c7-031627d4b02f@group-412E5E5F612E:LeaderElection57] INFO  impl.RoleInfo (RoleInfo.java:shutdownLeaderElection(134)) - a43942a0-f39a-4b13-85c7-031627d4b02f: shutdown LeaderElection
2019-09-24 18:20:33,726 [a43942a0-f39a-4b13-85c7-031627d4b02f@group-412E5E5F612E:LeaderElection57] INFO  impl.RoleInfo (RoleInfo.java:updateAndGet(143)) - a43942a0-f39a-4b13-85c7-031627d4b02f: start FollowerState
2019-09-24 18:20:33,726 [26ccac67-ab20-4124-92b6-8da6e1522566@group-412E5E5F612E:LeaderElection58] INFO  impl.LeaderElection (LeaderElection.java:logAndReturn(56)) - 26ccac67-ab20-4124-92b6-8da6e1522566@group-412E5E5F612E:LeaderElection58: Election REJECTED; received 2 response(s) [26ccac67-ab20-4124-92b6-8da6e1522566<-21690c2e-4eab-419f-9c34-8dcbcedc5f1a#0:FAIL-t4, 26ccac67-ab20-4124-92b6-8da6e1522566<-a43942a0-f39a-4b13-85c7-031627d4b02f#0:FAIL-t4] and 0 exception(s); 26ccac67-ab20-4124-92b6-8da6e1522566@group-412E5E5F612E:t4, leader=null, voted=26ccac67-ab20-4124-92b6-8da6e1522566, raftlog=26ccac67-ab20-4124-92b6-8da6e1522566@group-412E5E5F612E-SegmentedRaftLog:OPENED:c-1,f-1,i0, conf=-1: [26ccac67-ab20-4124-92b6-8da6e1522566:192.168.36.84:45402, 21690c2e-4eab-419f-9c34-8dcbcedc5f1a:192.168.36.84:42742, a43942a0-f39a-4b13-85c7-031627d4b02f:192.168.36.84:37109], old=null
2019-09-24 18:20:33,728 [26ccac67-ab20-4124-92b6-8da6e1522566@group-412E5E5F612E:LeaderElection58] INFO  impl.RaftServerImpl (RaftServerImpl.java:setRole(174)) - 26ccac67-ab20-4124-92b6-8da6e1522566@group-412E5E5F612E: changes role from CANDIDATE to FOLLOWER at term 4 for DISCOVERED_A_NEW_TERM
2019-09-24 18:20:33,728 [26ccac67-ab20-4124-92b6-8da6e1522566@group-412E5E5F612E:LeaderElection58] INFO  impl.RoleInfo (RoleInfo.java:shutdownLeaderElection(134)) - 26ccac67-ab20-4124-92b6-8da6e1522566: shutdown LeaderElection
2019-09-24 18:20:33,728 [26ccac67-ab20-4124-92b6-8da6e1522566@group-412E5E5F612E:LeaderElection58] INFO  impl.RoleInfo (RoleInfo.java:updateAndGet(143)) - 26ccac67-ab20-4124-92b6-8da6e1522566: start FollowerState
2019-09-24 18:20:33,729 [18f7ddc7-ed0b-485b-8078-4f4feb143474@group-180066A9B904:LeaderElection59] INFO  impl.LeaderElection (LeaderElection.java:logAndReturn(56)) - 18f7ddc7-ed0b-485b-8078-4f4feb143474@group-180066A9B904:LeaderElection59: Election REJECTED; received 2 response(s) [18f7ddc7-ed0b-485b-8078-4f4feb143474<-76f8f82d-5f7e-41ca-9bb3-5d91ee80ba9b#0:FAIL-t4, 18f7ddc7-ed0b-485b-8078-4f4feb143474<-b474bcaf-cd7e-434d-ad5c-42954e730277#0:FAIL-t4] and 0 exception(s); 18f7ddc7-ed0b-485b-8078-4f4feb143474@group-180066A9B904:t4, leader=null, voted=18f7ddc7-ed0b-485b-8078-4f4feb143474, raftlog=18f7ddc7-ed0b-485b-8078-4f4feb143474@group-180066A9B904-SegmentedRaftLog:OPENED:c-1,f-1,i0, conf=-1: [76f8f82d-5f7e-41ca-9bb3-5d91ee80ba9b:192.168.36.84:44299, b474bcaf-cd7e-434d-ad5c-42954e730277:192.168.36.84:35510, 18f7ddc7-ed0b-485b-8078-4f4feb143474:192.168.36.84:46557], old=null
2019-09-24 18:20:33,730 [18f7ddc7-ed0b-485b-8078-4f4feb143474@group-180066A9B904:LeaderElection59] INFO  impl.RaftServerImpl (RaftServerImpl.java:setRole(174)) - 18f7ddc7-ed0b-485b-8078-4f4feb143474@group-180066A9B904: changes role from CANDIDATE to FOLLOWER at term 4 for DISCOVERED_A_NEW_TERM
2019-09-24 18:20:33,731 [18f7ddc7-ed0b-485b-8078-4f4feb143474@group-180066A9B904:LeaderElection59] INFO  impl.RoleInfo (RoleInfo.java:shutdownLeaderElection(134)) - 18f7ddc7-ed0b-485b-8078-4f4feb143474: shutdown LeaderElection
2019-09-24 18:20:33,731 [18f7ddc7-ed0b-485b-8078-4f4feb143474@group-180066A9B904:LeaderElection59] INFO  impl.RoleInfo (RoleInfo.java:updateAndGet(143)) - 18f7ddc7-ed0b-485b-8078-4f4feb143474: start FollowerState
2019-09-24 18:20:34,736 [Thread-826] INFO  impl.FollowerState (FollowerState.java:run(106)) - b474bcaf-cd7e-434d-ad5c-42954e730277:group-180066A9B904 changes to CANDIDATE, lastRpcTime:1013, electionTimeout:1013ms
2019-09-24 18:20:34,739 [Thread-826] INFO  impl.RoleInfo (RoleInfo.java:shutdownFollowerState(121)) - b474bcaf-cd7e-434d-ad5c-42954e730277: shutdown FollowerState
2019-09-24 18:20:34,739 [Thread-826] INFO  impl.RaftServerImpl (RaftServerImpl.java:setRole(174)) - b474bcaf-cd7e-434d-ad5c-42954e730277@group-180066A9B904: changes role from  FOLLOWER to CANDIDATE at term 4 for changeToCandidate
2019-09-24 18:20:34,740 [Thread-826] INFO  impl.RoleInfo (RoleInfo.java:updateAndGet(143)) - b474bcaf-cd7e-434d-ad5c-42954e730277: start LeaderElection
2019-09-24 18:20:34,756 [b474bcaf-cd7e-434d-ad5c-42954e730277@group-180066A9B904:LeaderElection60] INFO  impl.LeaderElection (LeaderElection.java:askForVotes(182)) - b474bcaf-cd7e-434d-ad5c-42954e730277@group-180066A9B904:LeaderElection60: begin an election at term 5 for -1: [76f8f82d-5f7e-41ca-9bb3-5d91ee80ba9b:192.168.36.84:44299, b474bcaf-cd7e-434d-ad5c-42954e730277:192.168.36.84:35510, 18f7ddc7-ed0b-485b-8078-4f4feb143474:192.168.36.84:46557], old=null
2019-09-24 18:20:34,760 [grpc-default-executor-2] INFO  impl.RaftServerImpl (RaftServerImpl.java:setRole(174)) - 18f7ddc7-ed0b-485b-8078-4f4feb143474@group-180066A9B904: changes role from  FOLLOWER to FOLLOWER at term 5 for recognizeCandidate:b474bcaf-cd7e-434d-ad5c-42954e730277
2019-09-24 18:20:34,760 [grpc-default-executor-4] INFO  impl.RaftServerImpl (RaftServerImpl.java:setRole(174)) - 76f8f82d-5f7e-41ca-9bb3-5d91ee80ba9b@group-180066A9B904: changes role from  FOLLOWER to FOLLOWER at term 5 for recognizeCandidate:b474bcaf-cd7e-434d-ad5c-42954e730277
2019-09-24 18:20:34,760 [grpc-default-executor-2] INFO  impl.RoleInfo (RoleInfo.java:shutdownFollowerState(121)) - 18f7ddc7-ed0b-485b-8078-4f4feb143474: shutdown FollowerState
2019-09-24 18:20:34,760 [grpc-default-executor-4] INFO  impl.RoleInfo (RoleInfo.java:shutdownFollowerState(121)) - 76f8f82d-5f7e-41ca-9bb3-5d91ee80ba9b: shutdown FollowerState
2019-09-24 18:20:34,761 [Thread-829] INFO  impl.FollowerState (FollowerState.java:run(115)) - 18f7ddc7-ed0b-485b-8078-4f4feb143474: FollowerState was interrupted: java.lang.InterruptedException: sleep interrupted
2019-09-24 18:20:34,760 [grpc-default-executor-2] INFO  impl.RoleInfo (RoleInfo.java:updateAndGet(143)) - 18f7ddc7-ed0b-485b-8078-4f4feb143474: start FollowerState
2019-09-24 18:20:34,761 [grpc-default-executor-4] INFO  impl.RoleInfo (RoleInfo.java:updateAndGet(143)) - 76f8f82d-5f7e-41ca-9bb3-5d91ee80ba9b: start FollowerState
2019-09-24 18:20:34,761 [Thread-825] INFO  impl.FollowerState (FollowerState.java:run(115)) - 76f8f82d-5f7e-41ca-9bb3-5d91ee80ba9b: FollowerState was interrupted: java.lang.InterruptedException: sleep interrupted
2019-09-24 18:20:34,847 [Thread-824] INFO  impl.FollowerState (FollowerState.java:run(106)) - 21690c2e-4eab-419f-9c34-8dcbcedc5f1a:group-412E5E5F612E changes to CANDIDATE, lastRpcTime:1127, electionTimeout:1126ms
2019-09-24 18:20:34,847 [Thread-824] INFO  impl.RoleInfo (RoleInfo.java:shutdownFollowerState(121)) - 21690c2e-4eab-419f-9c34-8dcbcedc5f1a: shutdown FollowerState
2019-09-24 18:20:34,847 [Thread-824] INFO  impl.RaftServerImpl (RaftServerImpl.java:setRole(174)) - 21690c2e-4eab-419f-9c34-8dcbcedc5f1a@group-412E5E5F612E: changes role from  FOLLOWER to CANDIDATE at term 4 for changeToCandidate
2019-09-24 18:20:34,847 [Thread-824] INFO  impl.RoleInfo (RoleInfo.java:updateAndGet(143)) - 21690c2e-4eab-419f-9c34-8dcbcedc5f1a: start LeaderElection
2019-09-24 18:20:34,859 [Thread-828] INFO  impl.FollowerState (FollowerState.java:run(106)) - 26ccac67-ab20-4124-92b6-8da6e1522566:group-412E5E5F612E changes to CANDIDATE, lastRpcTime:1130, electionTimeout:1130ms
2019-09-24 18:20:34,859 [Thread-828] INFO  impl.RoleInfo (RoleInfo.java:shutdownFollowerState(121)) - 26ccac67-ab20-4124-92b6-8da6e1522566: shutdown FollowerState
2019-09-24 18:20:34,859 [Thread-828] INFO  impl.RaftServerImpl (RaftServerImpl.java:setRole(174)) - 26ccac67-ab20-4124-92b6-8da6e1522566@group-412E5E5F612E: changes role from  FOLLOWER to CANDIDATE at term 4 for changeToCandidate
2019-09-24 18:20:34,859 [Thread-828] INFO  impl.RoleInfo (RoleInfo.java:updateAndGet(143)) - 26ccac67-ab20-4124-92b6-8da6e1522566: start LeaderElection
2019-09-24 18:20:34,881 [Thread-827] INFO  impl.FollowerState (FollowerState.java:run(106)) - a43942a0-f39a-4b13-85c7-031627d4b02f:group-412E5E5F612E changes to CANDIDATE, lastRpcTime:1155, electionTimeout:1155ms
2019-09-24 18:20:34,881 [Thread-827] INFO  impl.RoleInfo (RoleInfo.java:shutdownFollowerState(121)) - a43942a0-f39a-4b13-85c7-031627d4b02f: shutdown FollowerState
2019-09-24 18:20:34,881 [Thread-827] INFO  impl.RaftServerImpl (RaftServerImpl.java:setRole(174)) - a43942a0-f39a-4b13-85c7-031627d4b02f@group-412E5E5F612E: changes role from  FOLLOWER to CANDIDATE at term 4 for changeToCandidate
2019-09-24 18:20:34,882 [Thread-827] INFO  impl.RoleInfo (RoleInfo.java:updateAndGet(143)) - a43942a0-f39a-4b13-85c7-031627d4b02f: start LeaderElection
2019-09-24 18:20:35,036 [21690c2e-4eab-419f-9c34-8dcbcedc5f1a@group-412E5E5F612E:LeaderElection61] INFO  impl.LeaderElection (LeaderElection.java:askForVotes(182)) - 21690c2e-4eab-419f-9c34-8dcbcedc5f1a@group-412E5E5F612E:LeaderElection61: begin an election at term 5 for -1: [26ccac67-ab20-4124-92b6-8da6e1522566:192.168.36.84:45402, 21690c2e-4eab-419f-9c34-8dcbcedc5f1a:192.168.36.84:42742, a43942a0-f39a-4b13-85c7-031627d4b02f:192.168.36.84:37109], old=null
2019-09-24 18:20:35,036 [a43942a0-f39a-4b13-85c7-031627d4b02f@group-412E5E5F612E:LeaderElection63] INFO  impl.LeaderElection (LeaderElection.java:askForVotes(182)) - a43942a0-f39a-4b13-85c7-031627d4b02f@group-412E5E5F612E:LeaderElection63: begin an election at term 5 for -1: [26ccac67-ab20-4124-92b6-8da6e1522566:192.168.36.84:45402, 21690c2e-4eab-419f-9c34-8dcbcedc5f1a:192.168.36.84:42742, a43942a0-f39a-4b13-85c7-031627d4b02f:192.168.36.84:37109], old=null
2019-09-24 18:20:35,036 [26ccac67-ab20-4124-92b6-8da6e1522566@group-412E5E5F612E:LeaderElection62] INFO  impl.LeaderElection (LeaderElection.java:askForVotes(182)) - 26ccac67-ab20-4124-92b6-8da6e1522566@group-412E5E5F612E:LeaderElection62: begin an election at term 5 for -1: [26ccac67-ab20-4124-92b6-8da6e1522566:192.168.36.84:45402, 21690c2e-4eab-419f-9c34-8dcbcedc5f1a:192.168.36.84:42742, a43942a0-f39a-4b13-85c7-031627d4b02f:192.168.36.84:37109], old=null
2019-09-24 18:20:35,037 [b474bcaf-cd7e-434d-ad5c-42954e730277@group-180066A9B904:LeaderElection60] INFO  impl.LeaderElection (LeaderElection.java:logAndReturn(56)) - b474bcaf-cd7e-434d-ad5c-42954e730277@group-180066A9B904:LeaderElection60: Election PASSED; received 1 response(s) [b474bcaf-cd7e-434d-ad5c-42954e730277<-18f7ddc7-ed0b-485b-8078-4f4feb143474#0:OK-t5] and 0 exception(s); b474bcaf-cd7e-434d-ad5c-42954e730277@group-180066A9B904:t5, leader=null, voted=b474bcaf-cd7e-434d-ad5c-42954e730277, raftlog=b474bcaf-cd7e-434d-ad5c-42954e730277@group-180066A9B904-SegmentedRaftLog:OPENED:c-1,f-1,i0, conf=-1: [76f8f82d-5f7e-41ca-9bb3-5d91ee80ba9b:192.168.36.84:44299, b474bcaf-cd7e-434d-ad5c-42954e730277:192.168.36.84:35510, 18f7ddc7-ed0b-485b-8078-4f4feb143474:192.168.36.84:46557], old=null
2019-09-24 18:20:35,038 [b474bcaf-cd7e-434d-ad5c-42954e730277@group-180066A9B904:LeaderElection60] INFO  impl.RoleInfo (RoleInfo.java:shutdownLeaderElection(134)) - b474bcaf-cd7e-434d-ad5c-42954e730277: shutdown LeaderElection
2019-09-24 18:20:35,038 [b474bcaf-cd7e-434d-ad5c-42954e730277@group-180066A9B904:LeaderElection60] INFO  impl.RaftServerImpl (RaftServerImpl.java:setRole(174)) - b474bcaf-cd7e-434d-ad5c-42954e730277@group-180066A9B904: changes role from CANDIDATE to LEADER at term 5 for changeToLeader
2019-09-24 18:20:35,038 [b474bcaf-cd7e-434d-ad5c-42954e730277@group-180066A9B904:LeaderElection60] INFO  impl.RaftServerImpl (ServerState.java:setLeader(253)) - b474bcaf-cd7e-434d-ad5c-42954e730277@group-180066A9B904: change Leader from null to b474bcaf-cd7e-434d-ad5c-42954e730277 at term 5 for becomeLeader, leader elected after 7905ms
2019-09-24 18:20:35,039 [b474bcaf-cd7e-434d-ad5c-42954e730277@group-180066A9B904:LeaderElection60] INFO  server.RaftServerConfigKeys (ConfUtils.java:logGet(43)) - raft.server.staging.catchup.gap = 1000 (default)
2019-09-24 18:20:35,039 [b474bcaf-cd7e-434d-ad5c-42954e730277@group-180066A9B904:LeaderElection60] INFO  server.RaftServerConfigKeys (ConfUtils.java:logGet(43)) - raft.server.rpc.sleep.time = 25ms (default)
2019-09-24 18:20:35,039 [b474bcaf-cd7e-434d-ad5c-42954e730277@group-180066A9B904:LeaderElection60] INFO  server.RaftServerConfigKeys (ConfUtils.java:logGet(43)) - raft.server.write.element-limit = 4096 (default)
2019-09-24 18:20:35,040 [b474bcaf-cd7e-434d-ad5c-42954e730277@group-180066A9B904:LeaderElection60] INFO  server.RaftServerConfigKeys (ConfUtils.java:logGet(43)) - raft.server.watch.timeout = 10s (default)
2019-09-24 18:20:35,040 [b474bcaf-cd7e-434d-ad5c-42954e730277@group-180066A9B904:LeaderElection60] INFO  server.RaftServerConfigKeys (ConfUtils.java:logGet(43)) - raft.server.watch.timeout.denomination = 1s (default)
2019-09-24 18:20:35,041 [b474bcaf-cd7e-434d-ad5c-42954e730277@group-180066A9B904:LeaderElection60] INFO  server.RaftServerConfigKeys (ConfUtils.java:logGet(43)) - raft.server.watch.element-limit = 65536 (default)
2019-09-24 18:20:35,042 [21690c2e-4eab-419f-9c34-8dcbcedc5f1a@group-412E5E5F612E:LeaderElection61] INFO  impl.LeaderElection (LeaderElection.java:logAndReturn(56)) - 21690c2e-4eab-419f-9c34-8dcbcedc5f1a@group-412E5E5F612E:LeaderElection61: Election REJECTED; received 2 response(s) [21690c2e-4eab-419f-9c34-8dcbcedc5f1a<-26ccac67-ab20-4124-92b6-8da6e1522566#0:FAIL-t5, 21690c2e-4eab-419f-9c34-8dcbcedc5f1a<-a43942a0-f39a-4b13-85c7-031627d4b02f#0:FAIL-t5] and 0 exception(s); 21690c2e-4eab-419f-9c34-8dcbcedc5f1a@group-412E5E5F612E:t5, leader=null, voted=21690c2e-4eab-419f-9c34-8dcbcedc5f1a, raftlog=21690c2e-4eab-419f-9c34-8dcbcedc5f1a@group-412E5E5F612E-SegmentedRaftLog:OPENED:c-1,f-1,i0, conf=-1: [26ccac67-ab20-4124-92b6-8da6e1522566:192.168.36.84:45402, 21690c2e-4eab-419f-9c34-8dcbcedc5f1a:192.168.36.84:42742, a43942a0-f39a-4b13-85c7-031627d4b02f:192.168.36.84:37109], old=null
2019-09-24 18:20:35,045 [21690c2e-4eab-419f-9c34-8dcbcedc5f1a@group-412E5E5F612E:LeaderElection61] INFO  impl.RaftServerImpl (RaftServerImpl.java:setRole(174)) - 21690c2e-4eab-419f-9c34-8dcbcedc5f1a@group-412E5E5F612E: changes role from CANDIDATE to FOLLOWER at term 5 for DISCOVERED_A_NEW_TERM
2019-09-24 18:20:35,046 [21690c2e-4eab-419f-9c34-8dcbcedc5f1a@group-412E5E5F612E:LeaderElection61] INFO  impl.RoleInfo (RoleInfo.java:shutdownLeaderElection(134)) - 21690c2e-4eab-419f-9c34-8dcbcedc5f1a: shutdown LeaderElection
2019-09-24 18:20:35,046 [21690c2e-4eab-419f-9c34-8dcbcedc5f1a@group-412E5E5F612E:LeaderElection61] INFO  impl.RoleInfo (RoleInfo.java:updateAndGet(143)) - 21690c2e-4eab-419f-9c34-8dcbcedc5f1a: start FollowerState
2019-09-24 18:20:35,046 [a43942a0-f39a-4b13-85c7-031627d4b02f@group-412E5E5F612E:LeaderElection63] INFO  impl.LeaderElection (LeaderElection.java:logAndReturn(56)) - a43942a0-f39a-4b13-85c7-031627d4b02f@group-412E5E5F612E:LeaderElection63: Election REJECTED; received 2 response(s) [a43942a0-f39a-4b13-85c7-031627d4b02f<-26ccac67-ab20-4124-92b6-8da6e1522566#0:FAIL-t5, a43942a0-f39a-4b13-85c7-031627d4b02f<-21690c2e-4eab-419f-9c34-8dcbcedc5f1a#0:FAIL-t5] and 0 exception(s); a43942a0-f39a-4b13-85c7-031627d4b02f@group-412E5E5F612E:t5, leader=null, voted=a43942a0-f39a-4b13-85c7-031627d4b02f, raftlog=a43942a0-f39a-4b13-85c7-031627d4b02f@group-412E5E5F612E-SegmentedRaftLog:OPENED:c-1,f-1,i0, conf=-1: [26ccac67-ab20-4124-92b6-8da6e1522566:192.168.36.84:45402, 21690c2e-4eab-419f-9c34-8dcbcedc5f1a:192.168.36.84:42742, a43942a0-f39a-4b13-85c7-031627d4b02f:192.168.36.84:37109], old=null
2019-09-24 18:20:35,049 [a43942a0-f39a-4b13-85c7-031627d4b02f@group-412E5E5F612E:LeaderElection63] INFO  impl.RaftServerImpl (RaftServerImpl.java:setRole(174)) - a43942a0-f39a-4b13-85c7-031627d4b02f@group-412E5E5F612E: changes role from CANDIDATE to FOLLOWER at term 5 for DISCOVERED_A_NEW_TERM
2019-09-24 18:20:35,049 [26ccac67-ab20-4124-92b6-8da6e1522566@group-412E5E5F612E:LeaderElection62] INFO  impl.LeaderElection (LeaderElection.java:logAndReturn(56)) - 26ccac67-ab20-4124-92b6-8da6e1522566@group-412E5E5F612E:LeaderElection62: Election REJECTED; received 2 response(s) [26ccac67-ab20-4124-92b6-8da6e1522566<-21690c2e-4eab-419f-9c34-8dcbcedc5f1a#0:FAIL-t5, 26ccac67-ab20-4124-92b6-8da6e1522566<-a43942a0-f39a-4b13-85c7-031627d4b02f#0:FAIL-t5] and 0 exception(s); 26ccac67-ab20-4124-92b6-8da6e1522566@group-412E5E5F612E:t5, leader=null, voted=26ccac67-ab20-4124-92b6-8da6e1522566, raftlog=26ccac67-ab20-4124-92b6-8da6e1522566@group-412E5E5F612E-SegmentedRaftLog:OPENED:c-1,f-1,i0, conf=-1: [26ccac67-ab20-4124-92b6-8da6e1522566:192.168.36.84:45402, 21690c2e-4eab-419f-9c34-8dcbcedc5f1a:192.168.36.84:42742, a43942a0-f39a-4b13-85c7-031627d4b02f:192.168.36.84:37109], old=null
2019-09-24 18:20:35,049 [a43942a0-f39a-4b13-85c7-031627d4b02f@group-412E5E5F612E:LeaderElection63] INFO  impl.RoleInfo (RoleInfo.java:shutdownLeaderElection(134)) - a43942a0-f39a-4b13-85c7-031627d4b02f: shutdown LeaderElection
2019-09-24 18:20:35,051 [26ccac67-ab20-4124-92b6-8da6e1522566@group-412E5E5F612E:LeaderElection62] INFO  impl.RaftServerImpl (RaftServerImpl.java:setRole(174)) - 26ccac67-ab20-4124-92b6-8da6e1522566@group-412E5E5F612E: changes role from CANDIDATE to FOLLOWER at term 5 for DISCOVERED_A_NEW_TERM
2019-09-24 18:20:35,053 [a43942a0-f39a-4b13-85c7-031627d4b02f@group-412E5E5F612E:LeaderElection63] INFO  impl.RoleInfo (RoleInfo.java:updateAndGet(143)) - a43942a0-f39a-4b13-85c7-031627d4b02f: start FollowerState
2019-09-24 18:20:35,053 [26ccac67-ab20-4124-92b6-8da6e1522566@group-412E5E5F612E:LeaderElection62] INFO  impl.RoleInfo (RoleInfo.java:shutdownLeaderElection(134)) - 26ccac67-ab20-4124-92b6-8da6e1522566: shutdown LeaderElection
2019-09-24 18:20:35,054 [26ccac67-ab20-4124-92b6-8da6e1522566@group-412E5E5F612E:LeaderElection62] INFO  impl.RoleInfo (RoleInfo.java:updateAndGet(143)) - 26ccac67-ab20-4124-92b6-8da6e1522566: start FollowerState
2019-09-24 18:20:35,056 [b474bcaf-cd7e-434d-ad5c-42954e730277@group-180066A9B904:LeaderElection60] INFO  server.RaftServerConfigKeys (ConfUtils.java:logGet(43)) - raft.server.log.appender.snapshot.chunk.size.max = 16MB (=16777216) (default)
2019-09-24 18:20:35,056 [b474bcaf-cd7e-434d-ad5c-42954e730277@group-180066A9B904:LeaderElection60] INFO  server.RaftServerConfigKeys (ConfUtils.java:logGet(43)) - raft.server.log.appender.buffer.byte-limit = 33554432 (custom)
2019-09-24 18:20:35,056 [b474bcaf-cd7e-434d-ad5c-42954e730277@group-180066A9B904:LeaderElection60] INFO  server.RaftServerConfigKeys (ConfUtils.java:logGet(43)) - raft.server.log.appender.buffer.element-limit = 1 (custom)
2019-09-24 18:20:35,057 [b474bcaf-cd7e-434d-ad5c-42954e730277@group-180066A9B904:LeaderElection60] INFO  grpc.GrpcConfigKeys$Server (ConfUtils.java:logGet(43)) - raft.grpc.server.leader.outstanding.appends.max = 128 (default)
2019-09-24 18:20:35,057 [b474bcaf-cd7e-434d-ad5c-42954e730277@group-180066A9B904:LeaderElection60] INFO  server.RaftServerConfigKeys (ConfUtils.java:logGet(43)) - raft.server.rpc.request.timeout = 3000ms (default)
2019-09-24 18:20:35,057 [b474bcaf-cd7e-434d-ad5c-42954e730277@group-180066A9B904:LeaderElection60] INFO  server.RaftServerConfigKeys (ConfUtils.java:logGet(43)) - raft.server.log.appender.install.snapshot.enabled = false (custom)
2019-09-24 18:20:35,057 [b474bcaf-cd7e-434d-ad5c-42954e730277@group-180066A9B904:LeaderElection60] INFO  server.RaftServerConfigKeys (ConfUtils.java:logGet(43)) - raft.server.log.appender.snapshot.chunk.size.max = 16MB (=16777216) (default)
2019-09-24 18:20:35,058 [b474bcaf-cd7e-434d-ad5c-42954e730277@group-180066A9B904:LeaderElection60] INFO  server.RaftServerConfigKeys (ConfUtils.java:logGet(43)) - raft.server.log.appender.buffer.byte-limit = 33554432 (custom)
2019-09-24 18:20:35,058 [b474bcaf-cd7e-434d-ad5c-42954e730277@group-180066A9B904:LeaderElection60] INFO  server.RaftServerConfigKeys (ConfUtils.java:logGet(43)) - raft.server.log.appender.buffer.element-limit = 1 (custom)
2019-09-24 18:20:35,058 [b474bcaf-cd7e-434d-ad5c-42954e730277@group-180066A9B904:LeaderElection60] INFO  grpc.GrpcConfigKeys$Server (ConfUtils.java:logGet(43)) - raft.grpc.server.leader.outstanding.appends.max = 128 (default)
2019-09-24 18:20:35,058 [b474bcaf-cd7e-434d-ad5c-42954e730277@group-180066A9B904:LeaderElection60] INFO  server.RaftServerConfigKeys (ConfUtils.java:logGet(43)) - raft.server.rpc.request.timeout = 3000ms (default)
2019-09-24 18:20:35,058 [b474bcaf-cd7e-434d-ad5c-42954e730277@group-180066A9B904:LeaderElection60] INFO  server.RaftServerConfigKeys (ConfUtils.java:logGet(43)) - raft.server.log.appender.install.snapshot.enabled = false (custom)
2019-09-24 18:20:35,059 [b474bcaf-cd7e-434d-ad5c-42954e730277@group-180066A9B904:LeaderElection60] INFO  impl.RoleInfo (RoleInfo.java:updateAndGet(143)) - b474bcaf-cd7e-434d-ad5c-42954e730277: start LeaderState
2019-09-24 18:20:35,059 [b474bcaf-cd7e-434d-ad5c-42954e730277@group-180066A9B904:LeaderElection60] INFO  segmented.SegmentedRaftLogWorker (SegmentedRaftLogWorker.java:startLogSegment(380)) - b474bcaf-cd7e-434d-ad5c-42954e730277@group-180066A9B904-SegmentedRaftLogWorker: Starting segment from index:0
2019-09-24 18:20:35,061 [b474bcaf-cd7e-434d-ad5c-42954e730277@group-180066A9B904:LeaderElection60] INFO  impl.RaftServerImpl (ServerState.java:setRaftConf(354)) - b474bcaf-cd7e-434d-ad5c-42954e730277@group-180066A9B904: set configuration 0: [76f8f82d-5f7e-41ca-9bb3-5d91ee80ba9b:192.168.36.84:44299, b474bcaf-cd7e-434d-ad5c-42954e730277:192.168.36.84:35510, 18f7ddc7-ed0b-485b-8078-4f4feb143474:192.168.36.84:46557], old=null at 0
2019-09-24 18:20:35,090 [grpc-default-executor-4] INFO  impl.RaftServerImpl (ServerState.java:setLeader(253)) - 18f7ddc7-ed0b-485b-8078-4f4feb143474@group-180066A9B904: change Leader from null to b474bcaf-cd7e-434d-ad5c-42954e730277 at term 5 for appendEntries, leader elected after 7957ms
2019-09-24 18:20:35,090 [grpc-default-executor-2] INFO  impl.RaftServerImpl (ServerState.java:setLeader(253)) - 76f8f82d-5f7e-41ca-9bb3-5d91ee80ba9b@group-180066A9B904: change Leader from null to b474bcaf-cd7e-434d-ad5c-42954e730277 at term 5 for appendEntries, leader elected after 7956ms
2019-09-24 18:20:35,094 [grpc-default-executor-4] INFO  impl.RaftServerImpl (ServerState.java:setRaftConf(354)) - 18f7ddc7-ed0b-485b-8078-4f4feb143474@group-180066A9B904: set configuration 0: [76f8f82d-5f7e-41ca-9bb3-5d91ee80ba9b:192.168.36.84:44299, b474bcaf-cd7e-434d-ad5c-42954e730277:192.168.36.84:35510, 18f7ddc7-ed0b-485b-8078-4f4feb143474:192.168.36.84:46557], old=null at 0
2019-09-24 18:20:35,094 [grpc-default-executor-2] INFO  impl.RaftServerImpl (ServerState.java:setRaftConf(354)) - 76f8f82d-5f7e-41ca-9bb3-5d91ee80ba9b@group-180066A9B904: set configuration 0: [76f8f82d-5f7e-41ca-9bb3-5d91ee80ba9b:192.168.36.84:44299, b474bcaf-cd7e-434d-ad5c-42954e730277:192.168.36.84:35510, 18f7ddc7-ed0b-485b-8078-4f4feb143474:192.168.36.84:46557], old=null at 0
2019-09-24 18:20:35,094 [grpc-default-executor-4] INFO  segmented.SegmentedRaftLogWorker (SegmentedRaftLogWorker.java:startLogSegment(380)) - 18f7ddc7-ed0b-485b-8078-4f4feb143474@group-180066A9B904-SegmentedRaftLogWorker: Starting segment from index:0
2019-09-24 18:20:35,094 [grpc-default-executor-2] INFO  segmented.SegmentedRaftLogWorker (SegmentedRaftLogWorker.java:startLogSegment(380)) - 76f8f82d-5f7e-41ca-9bb3-5d91ee80ba9b@group-180066A9B904-SegmentedRaftLogWorker: Starting segment from index:0
2019-09-24 18:20:35,372 [b474bcaf-cd7e-434d-ad5c-42954e730277@group-180066A9B904-SegmentedRaftLogWorker] INFO  segmented.SegmentedRaftLogWorker (SegmentedRaftLogWorker.java:execute(569)) - b474bcaf-cd7e-434d-ad5c-42954e730277@group-180066A9B904-SegmentedRaftLogWorker: created new log segment /workdir/hadoop-ozone/integration-test/target/test-dir/MiniOzoneClusterImpl-186cfbc1-6a32-40a9-9f2d-6a573dc3a7dc/datanode-4/data/ratis/d055781a-02bf-49a8-8797-180066a9b904/current/log_inprogress_0
2019-09-24 18:20:35,372 [18f7ddc7-ed0b-485b-8078-4f4feb143474@group-180066A9B904-SegmentedRaftLogWorker] INFO  segmented.SegmentedRaftLogWorker (SegmentedRaftLogWorker.java:execute(569)) - 18f7ddc7-ed0b-485b-8078-4f4feb143474@group-180066A9B904-SegmentedRaftLogWorker: created new log segment /workdir/hadoop-ozone/integration-test/target/test-dir/MiniOzoneClusterImpl-186cfbc1-6a32-40a9-9f2d-6a573dc3a7dc/datanode-5/data/ratis/d055781a-02bf-49a8-8797-180066a9b904/current/log_inprogress_0
2019-09-24 18:20:35,372 [76f8f82d-5f7e-41ca-9bb3-5d91ee80ba9b@group-180066A9B904-SegmentedRaftLogWorker] INFO  segmented.SegmentedRaftLogWorker (SegmentedRaftLogWorker.java:execute(569)) - 76f8f82d-5f7e-41ca-9bb3-5d91ee80ba9b@group-180066A9B904-SegmentedRaftLogWorker: created new log segment /workdir/hadoop-ozone/integration-test/target/test-dir/MiniOzoneClusterImpl-186cfbc1-6a32-40a9-9f2d-6a573dc3a7dc/datanode-3/data/ratis/d055781a-02bf-49a8-8797-180066a9b904/current/log_inprogress_0
2019-09-24 18:20:36,071 [Thread-850] INFO  impl.FollowerState (FollowerState.java:run(106)) - a43942a0-f39a-4b13-85c7-031627d4b02f:group-412E5E5F612E changes to CANDIDATE, lastRpcTime:1017, electionTimeout:1017ms
2019-09-24 18:20:36,071 [Thread-850] INFO  impl.RoleInfo (RoleInfo.java:shutdownFollowerState(121)) - a43942a0-f39a-4b13-85c7-031627d4b02f: shutdown FollowerState
2019-09-24 18:20:36,072 [Thread-850] INFO  impl.RaftServerImpl (RaftServerImpl.java:setRole(174)) - a43942a0-f39a-4b13-85c7-031627d4b02f@group-412E5E5F612E: changes role from  FOLLOWER to CANDIDATE at term 5 for changeToCandidate
2019-09-24 18:20:36,072 [Thread-850] INFO  impl.RoleInfo (RoleInfo.java:updateAndGet(143)) - a43942a0-f39a-4b13-85c7-031627d4b02f: start LeaderElection
2019-09-24 18:20:36,088 [a43942a0-f39a-4b13-85c7-031627d4b02f@group-412E5E5F612E:LeaderElection64] INFO  impl.LeaderElection (LeaderElection.java:askForVotes(182)) - a43942a0-f39a-4b13-85c7-031627d4b02f@group-412E5E5F612E:LeaderElection64: begin an election at term 6 for -1: [26ccac67-ab20-4124-92b6-8da6e1522566:192.168.36.84:45402, 21690c2e-4eab-419f-9c34-8dcbcedc5f1a:192.168.36.84:42742, a43942a0-f39a-4b13-85c7-031627d4b02f:192.168.36.84:37109], old=null
2019-09-24 18:20:36,091 [grpc-default-executor-2] INFO  impl.RaftServerImpl (RaftServerImpl.java:setRole(174)) - 26ccac67-ab20-4124-92b6-8da6e1522566@group-412E5E5F612E: changes role from  FOLLOWER to FOLLOWER at term 6 for recognizeCandidate:a43942a0-f39a-4b13-85c7-031627d4b02f
2019-09-24 18:20:36,092 [grpc-default-executor-2] INFO  impl.RoleInfo (RoleInfo.java:shutdownFollowerState(121)) - 26ccac67-ab20-4124-92b6-8da6e1522566: shutdown FollowerState
2019-09-24 18:20:36,091 [grpc-default-executor-4] INFO  impl.RaftServerImpl (RaftServerImpl.java:setRole(174)) - 21690c2e-4eab-419f-9c34-8dcbcedc5f1a@group-412E5E5F612E: changes role from  FOLLOWER to FOLLOWER at term 6 for recognizeCandidate:a43942a0-f39a-4b13-85c7-031627d4b02f
2019-09-24 18:20:36,092 [Thread-851] INFO  impl.FollowerState (FollowerState.java:run(115)) - 26ccac67-ab20-4124-92b6-8da6e1522566: FollowerState was interrupted: java.lang.InterruptedException: sleep interrupted
2019-09-24 18:20:36,092 [grpc-default-executor-2] INFO  impl.RoleInfo (RoleInfo.java:updateAndGet(143)) - 26ccac67-ab20-4124-92b6-8da6e1522566: start FollowerState
2019-09-24 18:20:36,092 [grpc-default-executor-4] INFO  impl.RoleInfo (RoleInfo.java:shutdownFollowerState(121)) - 21690c2e-4eab-419f-9c34-8dcbcedc5f1a: shutdown FollowerState
2019-09-24 18:20:36,095 [grpc-default-executor-4] INFO  impl.RoleInfo (RoleInfo.java:updateAndGet(143)) - 21690c2e-4eab-419f-9c34-8dcbcedc5f1a: start FollowerState
2019-09-24 18:20:36,095 [Thread-849] INFO  impl.FollowerState (FollowerState.java:run(115)) - 21690c2e-4eab-419f-9c34-8dcbcedc5f1a: FollowerState was interrupted: java.lang.InterruptedException: sleep interrupted
2019-09-24 18:20:36,530 [a43942a0-f39a-4b13-85c7-031627d4b02f@group-412E5E5F612E:LeaderElection64] INFO  impl.LeaderElection (LeaderElection.java:logAndReturn(56)) - a43942a0-f39a-4b13-85c7-031627d4b02f@group-412E5E5F612E:LeaderElection64: Election PASSED; received 1 response(s) [a43942a0-f39a-4b13-85c7-031627d4b02f<-26ccac67-ab20-4124-92b6-8da6e1522566#0:OK-t6] and 0 exception(s); a43942a0-f39a-4b13-85c7-031627d4b02f@group-412E5E5F612E:t6, leader=null, voted=a43942a0-f39a-4b13-85c7-031627d4b02f, raftlog=a43942a0-f39a-4b13-85c7-031627d4b02f@group-412E5E5F612E-SegmentedRaftLog:OPENED:c-1,f-1,i0, conf=-1: [26ccac67-ab20-4124-92b6-8da6e1522566:192.168.36.84:45402, 21690c2e-4eab-419f-9c34-8dcbcedc5f1a:192.168.36.84:42742, a43942a0-f39a-4b13-85c7-031627d4b02f:192.168.36.84:37109], old=null
2019-09-24 18:20:36,530 [a43942a0-f39a-4b13-85c7-031627d4b02f@group-412E5E5F612E:LeaderElection64] INFO  impl.RoleInfo (RoleInfo.java:shutdownLeaderElection(134)) - a43942a0-f39a-4b13-85c7-031627d4b02f: shutdown LeaderElection
2019-09-24 18:20:36,530 [a43942a0-f39a-4b13-85c7-031627d4b02f@group-412E5E5F612E:LeaderElection64] INFO  impl.RaftServerImpl (RaftServerImpl.java:setRole(174)) - a43942a0-f39a-4b13-85c7-031627d4b02f@group-412E5E5F612E: changes role from CANDIDATE to LEADER at term 6 for changeToLeader
2019-09-24 18:20:36,530 [a43942a0-f39a-4b13-85c7-031627d4b02f@group-412E5E5F612E:LeaderElection64] INFO  impl.RaftServerImpl (ServerState.java:setLeader(253)) - a43942a0-f39a-4b13-85c7-031627d4b02f@group-412E5E5F612E: change Leader from null to a43942a0-f39a-4b13-85c7-031627d4b02f at term 6 for becomeLeader, leader elected after 8636ms
2019-09-24 18:20:36,530 [a43942a0-f39a-4b13-85c7-031627d4b02f@group-412E5E5F612E:LeaderElection64] INFO  server.RaftServerConfigKeys (ConfUtils.java:logGet(43)) - raft.server.staging.catchup.gap = 1000 (default)
2019-09-24 18:20:36,531 [a43942a0-f39a-4b13-85c7-031627d4b02f@group-412E5E5F612E:LeaderElection64] INFO  server.RaftServerConfigKeys (ConfUtils.java:logGet(43)) - raft.server.rpc.sleep.time = 25ms (default)
2019-09-24 18:20:36,531 [a43942a0-f39a-4b13-85c7-031627d4b02f@group-412E5E5F612E:LeaderElection64] INFO  server.RaftServerConfigKeys (ConfUtils.java:logGet(43)) - raft.server.write.element-limit = 4096 (default)
2019-09-24 18:20:36,531 [a43942a0-f39a-4b13-85c7-031627d4b02f@group-412E5E5F612E:LeaderElection64] INFO  server.RaftServerConfigKeys (ConfUtils.java:logGet(43)) - raft.server.watch.timeout = 10s (default)
2019-09-24 18:20:36,531 [a43942a0-f39a-4b13-85c7-031627d4b02f@group-412E5E5F612E:LeaderElection64] INFO  server.RaftServerConfigKeys (ConfUtils.java:logGet(43)) - raft.server.watch.timeout.denomination = 1s (default)
2019-09-24 18:20:36,531 [a43942a0-f39a-4b13-85c7-031627d4b02f@group-412E5E5F612E:LeaderElection64] INFO  server.RaftServerConfigKeys (ConfUtils.java:logGet(43)) - raft.server.watch.element-limit = 65536 (default)
2019-09-24 18:20:36,535 [a43942a0-f39a-4b13-85c7-031627d4b02f@group-412E5E5F612E:LeaderElection64] INFO  server.RaftServerConfigKeys (ConfUtils.java:logGet(43)) - raft.server.log.appender.snapshot.chunk.size.max = 16MB (=16777216) (default)
2019-09-24 18:20:36,535 [a43942a0-f39a-4b13-85c7-031627d4b02f@group-412E5E5F612E:LeaderElection64] INFO  server.RaftServerConfigKeys (ConfUtils.java:logGet(43)) - raft.server.log.appender.buffer.byte-limit = 33554432 (custom)
2019-09-24 18:20:36,535 [a43942a0-f39a-4b13-85c7-031627d4b02f@group-412E5E5F612E:LeaderElection64] INFO  server.RaftServerConfigKeys (ConfUtils.java:logGet(43)) - raft.server.log.appender.buffer.element-limit = 1 (custom)
2019-09-24 18:20:36,535 [a43942a0-f39a-4b13-85c7-031627d4b02f@group-412E5E5F612E:LeaderElection64] INFO  grpc.GrpcConfigKeys$Server (ConfUtils.java:logGet(43)) - raft.grpc.server.leader.outstanding.appends.max = 128 (default)
2019-09-24 18:20:36,536 [a43942a0-f39a-4b13-85c7-031627d4b02f@group-412E5E5F612E:LeaderElection64] INFO  server.RaftServerConfigKeys (ConfUtils.java:logGet(43)) - raft.server.rpc.request.timeout = 3000ms (default)
2019-09-24 18:20:36,536 [a43942a0-f39a-4b13-85c7-031627d4b02f@group-412E5E5F612E:LeaderElection64] INFO  server.RaftServerConfigKeys (ConfUtils.java:logGet(43)) - raft.server.log.appender.install.snapshot.enabled = false (custom)
2019-09-24 18:20:36,536 [a43942a0-f39a-4b13-85c7-031627d4b02f@group-412E5E5F612E:LeaderElection64] INFO  server.RaftServerConfigKeys (ConfUtils.java:logGet(43)) - raft.server.log.appender.snapshot.chunk.size.max = 16MB (=16777216) (default)
2019-09-24 18:20:36,536 [a43942a0-f39a-4b13-85c7-031627d4b02f@group-412E5E5F612E:LeaderElection64] INFO  server.RaftServerConfigKeys (ConfUtils.java:logGet(43)) - raft.server.log.appender.buffer.byte-limit = 33554432 (custom)
2019-09-24 18:20:36,536 [a43942a0-f39a-4b13-85c7-031627d4b02f@group-412E5E5F612E:LeaderElection64] INFO  server.RaftServerConfigKeys (ConfUtils.java:logGet(43)) - raft.server.log.appender.buffer.element-limit = 1 (custom)
2019-09-24 18:20:36,537 [a43942a0-f39a-4b13-85c7-031627d4b02f@group-412E5E5F612E:LeaderElection64] INFO  grpc.GrpcConfigKeys$Server (ConfUtils.java:logGet(43)) - raft.grpc.server.leader.outstanding.appends.max = 128 (default)
2019-09-24 18:20:36,537 [a43942a0-f39a-4b13-85c7-031627d4b02f@group-412E5E5F612E:LeaderElection64] INFO  server.RaftServerConfigKeys (ConfUtils.java:logGet(43)) - raft.server.rpc.request.timeout = 3000ms (default)
2019-09-24 18:20:36,537 [a43942a0-f39a-4b13-85c7-031627d4b02f@group-412E5E5F612E:LeaderElection64] INFO  server.RaftServerConfigKeys (ConfUtils.java:logGet(43)) - raft.server.log.appender.install.snapshot.enabled = false (custom)
2019-09-24 18:20:36,538 [a43942a0-f39a-4b13-85c7-031627d4b02f@group-412E5E5F612E:LeaderElection64] INFO  impl.RoleInfo (RoleInfo.java:updateAndGet(143)) - a43942a0-f39a-4b13-85c7-031627d4b02f: start LeaderState
2019-09-24 18:20:36,538 [a43942a0-f39a-4b13-85c7-031627d4b02f@group-412E5E5F612E:LeaderElection64] INFO  segmented.SegmentedRaftLogWorker (SegmentedRaftLogWorker.java:startLogSegment(380)) - a43942a0-f39a-4b13-85c7-031627d4b02f@group-412E5E5F612E-SegmentedRaftLogWorker: Starting segment from index:0
2019-09-24 18:20:36,539 [a43942a0-f39a-4b13-85c7-031627d4b02f@group-412E5E5F612E:LeaderElection64] INFO  impl.RaftServerImpl (ServerState.java:setRaftConf(354)) - a43942a0-f39a-4b13-85c7-031627d4b02f@group-412E5E5F612E: set configuration 0: [26ccac67-ab20-4124-92b6-8da6e1522566:192.168.36.84:45402, 21690c2e-4eab-419f-9c34-8dcbcedc5f1a:192.168.36.84:42742, a43942a0-f39a-4b13-85c7-031627d4b02f:192.168.36.84:37109], old=null at 0
2019-09-24 18:20:36,541 [grpc-default-executor-2] INFO  impl.RaftServerImpl (ServerState.java:setLeader(253)) - 21690c2e-4eab-419f-9c34-8dcbcedc5f1a@group-412E5E5F612E: change Leader from null to a43942a0-f39a-4b13-85c7-031627d4b02f at term 6 for appendEntries, leader elected after 8646ms
2019-09-24 18:20:36,541 [grpc-default-executor-4] INFO  impl.RaftServerImpl (ServerState.java:setLeader(253)) - 26ccac67-ab20-4124-92b6-8da6e1522566@group-412E5E5F612E: change Leader from null to a43942a0-f39a-4b13-85c7-031627d4b02f at term 6 for appendEntries, leader elected after 8647ms
2019-09-24 18:20:36,582 [grpc-default-executor-4] INFO  impl.RaftServerImpl (ServerState.java:setRaftConf(354)) - 26ccac67-ab20-4124-92b6-8da6e1522566@group-412E5E5F612E: set configuration 0: [26ccac67-ab20-4124-92b6-8da6e1522566:192.168.36.84:45402, 21690c2e-4eab-419f-9c34-8dcbcedc5f1a:192.168.36.84:42742, a43942a0-f39a-4b13-85c7-031627d4b02f:192.168.36.84:37109], old=null at 0
2019-09-24 18:20:36,582 [grpc-default-executor-2] INFO  impl.RaftServerImpl (ServerState.java:setRaftConf(354)) - 21690c2e-4eab-419f-9c34-8dcbcedc5f1a@group-412E5E5F612E: set configuration 0: [26ccac67-ab20-4124-92b6-8da6e1522566:192.168.36.84:45402, 21690c2e-4eab-419f-9c34-8dcbcedc5f1a:192.168.36.84:42742, a43942a0-f39a-4b13-85c7-031627d4b02f:192.168.36.84:37109], old=null at 0
2019-09-24 18:20:36,582 [grpc-default-executor-4] INFO  segmented.SegmentedRaftLogWorker (SegmentedRaftLogWorker.java:startLogSegment(380)) - 26ccac67-ab20-4124-92b6-8da6e1522566@group-412E5E5F612E-SegmentedRaftLogWorker: Starting segment from index:0
2019-09-24 18:20:36,582 [grpc-default-executor-2] INFO  segmented.SegmentedRaftLogWorker (SegmentedRaftLogWorker.java:startLogSegment(380)) - 21690c2e-4eab-419f-9c34-8dcbcedc5f1a@group-412E5E5F612E-SegmentedRaftLogWorker: Starting segment from index:0
2019-09-24 18:20:36,902 [a43942a0-f39a-4b13-85c7-031627d4b02f@group-412E5E5F612E-SegmentedRaftLogWorker] INFO  segmented.SegmentedRaftLogWorker (SegmentedRaftLogWorker.java:execute(569)) - a43942a0-f39a-4b13-85c7-031627d4b02f@group-412E5E5F612E-SegmentedRaftLogWorker: created new log segment /workdir/hadoop-ozone/integration-test/target/test-dir/MiniOzoneClusterImpl-186cfbc1-6a32-40a9-9f2d-6a573dc3a7dc/datanode-0/data/ratis/786ec140-53e0-48b7-a8e9-412e5e5f612e/current/log_inprogress_0
2019-09-24 18:20:36,902 [21690c2e-4eab-419f-9c34-8dcbcedc5f1a@group-412E5E5F612E-SegmentedRaftLogWorker] INFO  segmented.SegmentedRaftLogWorker (SegmentedRaftLogWorker.java:execute(569)) - 21690c2e-4eab-419f-9c34-8dcbcedc5f1a@group-412E5E5F612E-SegmentedRaftLogWorker: created new log segment /workdir/hadoop-ozone/integration-test/target/test-dir/MiniOzoneClusterImpl-186cfbc1-6a32-40a9-9f2d-6a573dc3a7dc/datanode-1/data/ratis/786ec140-53e0-48b7-a8e9-412e5e5f612e/current/log_inprogress_0
2019-09-24 18:20:36,902 [26ccac67-ab20-4124-92b6-8da6e1522566@group-412E5E5F612E-SegmentedRaftLogWorker] INFO  segmented.SegmentedRaftLogWorker (SegmentedRaftLogWorker.java:execute(569)) - 26ccac67-ab20-4124-92b6-8da6e1522566@group-412E5E5F612E-SegmentedRaftLogWorker: created new log segment /workdir/hadoop-ozone/integration-test/target/test-dir/MiniOzoneClusterImpl-186cfbc1-6a32-40a9-9f2d-6a573dc3a7dc/datanode-2/data/ratis/786ec140-53e0-48b7-a8e9-412e5e5f612e/current/log_inprogress_0
2019-09-24 18:20:37,904 [main] WARN  io.KeyOutputStream (KeyOutputStream.java:handleException(274)) - Encountered exception java.io.IOException: Unexpected Storage Container Exception: java.util.concurrent.CompletionException: java.util.concurrent.CompletionException: org.apache.ratis.protocol.RaftRetryFailureException: Failed RaftClientRequest:client-00968DC0E7EF->a43942a0-f39a-4b13-85c7-031627d4b02f@group-412E5E5F612E, cid=26, seq=1*, RW, org.apache.hadoop.hdds.scm.XceiverClientRatis$$Lambda$589/1477431915@513963b1 for 10 attempts with RetryLimited(maxAttempts=10, sleepTime=1000ms) on the pipeline Pipeline[ Id: 786ec140-53e0-48b7-a8e9-412e5e5f612e, Nodes: a43942a0-f39a-4b13-85c7-031627d4b02f{ip: 192.168.36.84, host: pr-hdds-2171-6l6hb-1841322612, networkLocation: /default-rack, certSerialId: null}21690c2e-4eab-419f-9c34-8dcbcedc5f1a{ip: 192.168.36.84, host: pr-hdds-2171-6l6hb-1841322612, networkLocation: /default-rack, certSerialId: null}26ccac67-ab20-4124-92b6-8da6e1522566{ip: 192.168.36.84, host: pr-hdds-2171-6l6hb-1841322612, networkLocation: /default-rack, certSerialId: null}, Type:RATIS, Factor:THREE, State:OPEN]. The last committed block length is 0, uncommitted data length is 2097152 retry count 0
2019-09-24 18:20:42,102 [Datanode State Machine Thread - 0] INFO  statemachine.DatanodeStateMachine (DatanodeStateMachine.java:lambda$startDaemon$0(350)) - Ozone container server started.
2019-09-24 18:20:46,854 [main] INFO  ozoneimpl.OzoneContainer (OzoneContainer.java:stop(231)) - Attempting to stop container services.
2019-09-24 18:20:46,857 [main] INFO  impl.RaftServerProxy (RaftServerProxy.java:lambda$close$4(314)) - b474bcaf-cd7e-434d-ad5c-42954e730277: close
2019-09-24 18:20:46,857 [main] INFO  impl.RaftServerImpl (RaftServerImpl.java:lambda$shutdown$3(251)) - b474bcaf-cd7e-434d-ad5c-42954e730277@group-180066A9B904: shutdown
2019-09-24 18:20:46,858 [main] INFO  util.JmxRegister (JmxRegister.java:unregister(73)) - Successfully un-registered JMX Bean with object name Ratis:service=RaftServer,group=group-180066A9B904,id=b474bcaf-cd7e-434d-ad5c-42954e730277
2019-09-24 18:20:46,858 [main] INFO  impl.RoleInfo (RoleInfo.java:shutdownLeaderState(104)) - b474bcaf-cd7e-434d-ad5c-42954e730277: shutdown LeaderState
2019-09-24 18:20:46,863 [org.apache.ratis.server.impl.LogAppender$AppenderDaemon$$Lambda$465/680203999@63b9fbd1] WARN  server.GrpcLogAppender (GrpcLogAppender.java:mayWait(143)) - b474bcaf-cd7e-434d-ad5c-42954e730277@group-180066A9B904->76f8f82d-5f7e-41ca-9bb3-5d91ee80ba9b-GrpcLogAppender: Wait interrupted by java.lang.InterruptedException
2019-09-24 18:20:46,863 [main] INFO  impl.PendingRequests (PendingRequests.java:sendNotLeaderResponses(202)) - b474bcaf-cd7e-434d-ad5c-42954e730277-PendingRequests: sendNotLeaderResponses
2019-09-24 18:20:46,863 [org.apache.ratis.server.impl.LogAppender$AppenderDaemon$$Lambda$465/680203999@579eee3e] WARN  server.GrpcLogAppender (GrpcLogAppender.java:mayWait(143)) - b474bcaf-cd7e-434d-ad5c-42954e730277@group-180066A9B904->18f7ddc7-ed0b-485b-8078-4f4feb143474-GrpcLogAppender: Wait interrupted by java.lang.InterruptedException
2019-09-24 18:20:46,863 [grpc-default-executor-4] INFO  server.GrpcServerProtocolService (GrpcServerProtocolService.java:onCompleted(113)) - 76f8f82d-5f7e-41ca-9bb3-5d91ee80ba9b: Completed APPEND_ENTRIES, lastRequest: b474bcaf-cd7e-434d-ad5c-42954e730277->76f8f82d-5f7e-41ca-9bb3-5d91ee80ba9b#33-t5, previous=(t:5, i:15), leaderCommit=15, initializing? false, entries: <empty>
2019-09-24 18:20:46,867 [main] INFO  impl.StateMachineUpdater (StateMachineUpdater.java:stopAndJoin(125)) - b474bcaf-cd7e-434d-ad5c-42954e730277@group-180066A9B904-StateMachineUpdater: set stopIndex = 15
2019-09-24 18:20:46,867 [grpc-default-executor-4] INFO  server.GrpcServerProtocolService (GrpcServerProtocolService.java:onCompleted(113)) - 18f7ddc7-ed0b-485b-8078-4f4feb143474: Completed APPEND_ENTRIES, lastRequest: b474bcaf-cd7e-434d-ad5c-42954e730277->18f7ddc7-ed0b-485b-8078-4f4feb143474#33-t5, previous=(t:5, i:15), leaderCommit=15, initializing? false, entries: <empty>
2019-09-24 18:20:46,867 [b474bcaf-cd7e-434d-ad5c-42954e730277@group-180066A9B904-StateMachineUpdater] INFO  ratis.ContainerStateMachine (ContainerStateMachine.java:takeSnapshot(289)) - group-180066A9B904: Taking a snapshot at:(t:5, i:15) file /workdir/hadoop-ozone/integration-test/target/test-dir/MiniOzoneClusterImpl-186cfbc1-6a32-40a9-9f2d-6a573dc3a7dc/datanode-4/data/ratis/d055781a-02bf-49a8-8797-180066a9b904/sm/snapshot.5_15
2019-09-24 18:20:46,868 [grpc-default-executor-4] INFO  server.GrpcLogAppender (GrpcLogAppender.java:onCompleted(293)) - b474bcaf-cd7e-434d-ad5c-42954e730277@group-180066A9B904->18f7ddc7-ed0b-485b-8078-4f4feb143474-AppendLogResponseHandler: follower responses appendEntries COMPLETED
2019-09-24 18:20:46,869 [grpc-default-executor-2] INFO  server.GrpcLogAppender (GrpcLogAppender.java:onCompleted(293)) - b474bcaf-cd7e-434d-ad5c-42954e730277@group-180066A9B904->76f8f82d-5f7e-41ca-9bb3-5d91ee80ba9b-AppendLogResponseHandler: follower responses appendEntries COMPLETED
2019-09-24 18:20:46,869 [grpc-default-executor-4] INFO  impl.FollowerInfo (FollowerInfo.java:lambda$new$0(51)) - b474bcaf-cd7e-434d-ad5c-42954e730277@group-180066A9B904->18f7ddc7-ed0b-485b-8078-4f4feb143474: nextIndex: updateUnconditionally 16 -> 15
2019-09-24 18:20:46,869 [grpc-default-executor-2] INFO  impl.FollowerInfo (FollowerInfo.java:lambda$new$0(51)) - b474bcaf-cd7e-434d-ad5c-42954e730277@group-180066A9B904->76f8f82d-5f7e-41ca-9bb3-5d91ee80ba9b: nextIndex: updateUnconditionally 16 -> 15
2019-09-24 18:20:47,149 [b474bcaf-cd7e-434d-ad5c-42954e730277@group-180066A9B904-StateMachineUpdater] INFO  ratis.ContainerStateMachine (ContainerStateMachine.java:takeSnapshot(300)) - group-180066A9B904: Finished taking a snapshot at:(t:5, i:15) file:/workdir/hadoop-ozone/integration-test/target/test-dir/MiniOzoneClusterImpl-186cfbc1-6a32-40a9-9f2d-6a573dc3a7dc/datanode-4/data/ratis/d055781a-02bf-49a8-8797-180066a9b904/sm/snapshot.5_15 time:282
2019-09-24 18:20:47,151 [b474bcaf-cd7e-434d-ad5c-42954e730277@group-180066A9B904-StateMachineUpdater] INFO  impl.StateMachineUpdater (StateMachineUpdater.java:takeSnapshot(258)) - b474bcaf-cd7e-434d-ad5c-42954e730277@group-180066A9B904-StateMachineUpdater: Took a snapshot at index 15
2019-09-24 18:20:47,151 [b474bcaf-cd7e-434d-ad5c-42954e730277@group-180066A9B904-StateMachineUpdater] INFO  impl.StateMachineUpdater (StateMachineUpdater.java:lambda$new$0(83)) - b474bcaf-cd7e-434d-ad5c-42954e730277@group-180066A9B904-StateMachineUpdater: snapshotIndex: updateIncreasingly -1 -> 15
2019-09-24 18:20:47,157 [main] INFO  impl.RaftServerImpl (ServerState.java:close(385)) - b474bcaf-cd7e-434d-ad5c-42954e730277@group-180066A9B904: closes. applyIndex: 15
2019-09-24 18:20:47,158 [b474bcaf-cd7e-434d-ad5c-42954e730277@group-180066A9B904-SegmentedRaftLogWorker] INFO  segmented.SegmentedRaftLogWorker (SegmentedRaftLogWorker.java:run(313)) - b474bcaf-cd7e-434d-ad5c-42954e730277@group-180066A9B904-SegmentedRaftLogWorker was interrupted, exiting. There are 0 tasks remaining in the queue.
2019-09-24 18:20:47,181 [main] INFO  segmented.SegmentedRaftLogWorker (SegmentedRaftLogWorker.java:close(228)) - b474bcaf-cd7e-434d-ad5c-42954e730277@group-180066A9B904-SegmentedRaftLogWorker close()
2019-09-24 18:20:47,184 [main] INFO  impl.RaftServerImpl (RaftServerImpl.java:lambda$shutdown$3(251)) - b474bcaf-cd7e-434d-ad5c-42954e730277@group-68C1C227A417: shutdown
2019-09-24 18:20:47,185 [main] INFO  util.JmxRegister (JmxRegister.java:unregister(73)) - Successfully un-registered JMX Bean with object name Ratis:service=RaftServer,group=group-68C1C227A417,id=b474bcaf-cd7e-434d-ad5c-42954e730277
2019-09-24 18:20:47,185 [main] INFO  impl.RoleInfo (RoleInfo.java:shutdownLeaderState(104)) - b474bcaf-cd7e-434d-ad5c-42954e730277: shutdown LeaderState
2019-09-24 18:20:47,185 [main] INFO  impl.PendingRequests (PendingRequests.java:sendNotLeaderResponses(202)) - b474bcaf-cd7e-434d-ad5c-42954e730277-PendingRequests: sendNotLeaderResponses
2019-09-24 18:20:47,186 [main] INFO  impl.StateMachineUpdater (StateMachineUpdater.java:stopAndJoin(125)) - b474bcaf-cd7e-434d-ad5c-42954e730277@group-68C1C227A417-StateMachineUpdater: set stopIndex = 0
2019-09-24 18:20:47,186 [main] INFO  impl.RaftServerImpl (ServerState.java:close(385)) - b474bcaf-cd7e-434d-ad5c-42954e730277@group-68C1C227A417: closes. applyIndex: 0
2019-09-24 18:20:47,187 [b474bcaf-cd7e-434d-ad5c-42954e730277@group-68C1C227A417-SegmentedRaftLogWorker] INFO  segmented.SegmentedRaftLogWorker (SegmentedRaftLogWorker.java:run(313)) - b474bcaf-cd7e-434d-ad5c-42954e730277@group-68C1C227A417-SegmentedRaftLogWorker was interrupted, exiting. There are 0 tasks remaining in the queue.
2019-09-24 18:20:47,187 [main] INFO  segmented.SegmentedRaftLogWorker (SegmentedRaftLogWorker.java:close(228)) - b474bcaf-cd7e-434d-ad5c-42954e730277@group-68C1C227A417-SegmentedRaftLogWorker close()
2019-09-24 18:20:47,189 [main] INFO  server.GrpcService (GrpcService.java:closeImpl(164)) - b474bcaf-cd7e-434d-ad5c-42954e730277: shutdown server with port 35510 now
2019-09-24 18:20:47,191 [main] INFO  server.GrpcService (GrpcService.java:closeImpl(172)) - b474bcaf-cd7e-434d-ad5c-42954e730277: shutdown server with port 35510 successfully
2019-09-24 18:20:47,192 [grpc-default-executor-4] WARN  client.GrpcClientProtocolService (LogUtils.java:warn(134)) - 1-UnorderedRequestStreamObserver1: onError: org.apache.ratis.thirdparty.io.grpc.StatusRuntimeException: CANCELLED: cancelled before receiving half close
2019-09-24 18:20:47,196 [refreshUsed-/workdir/hadoop-ozone/integration-test/target/test-dir/MiniOzoneClusterImpl-186cfbc1-6a32-40a9-9f2d-6a573dc3a7dc/datanode-4/data/containers] WARN  fs.CachingGetSpaceUsed (CachingGetSpaceUsed.java:run(183)) - Thread Interrupted waiting to refresh disk information: sleep interrupted
2019-09-24 18:20:47,214 [main] INFO  utils.BackgroundService (BackgroundService.java:shutdown(148)) - Shutting down service BlockDeletingService
2019-09-24 18:20:47,221 [main] INFO  statemachine.DatanodeStateMachine (DatanodeStateMachine.java:stopDaemon(395)) - Ozone container server stopped.
2019-09-24 18:20:47,222 [main] INFO  handler.ContextHandler (ContextHandler.java:doStop(910)) - Stopped o.e.j.w.WebAppContext@2f10f633{/,null,UNAVAILABLE}{/hddsDatanode}
2019-09-24 18:20:47,223 [main] INFO  server.AbstractConnector (AbstractConnector.java:doStop(318)) - Stopped ServerConnector@1642eeae{HTTP/1.1,[http/1.1]}{0.0.0.0:0}
2019-09-24 18:20:47,223 [main] INFO  handler.ContextHandler (ContextHandler.java:doStop(910)) - Stopped o.e.j.s.ServletContextHandler@45658133{/static,jar:file:/home/user/.m2/repository/org/apache/hadoop/hadoop-hdds-container-service/0.5.0-SNAPSHOT/hadoop-hdds-container-service-0.5.0-SNAPSHOT.jar!/webapps/static,UNAVAILABLE}
2019-09-24 18:20:47,224 [main] INFO  handler.ContextHandler (ContextHandler.java:doStop(910)) - Stopped o.e.j.s.ServletContextHandler@493da830{/logs,file:///workdir/hadoop-ozone/integration-test/target/log,UNAVAILABLE}
2019-09-24 18:20:47,750 [Thread-835] INFO  impl.FollowerState (FollowerState.java:run(106)) - 18f7ddc7-ed0b-485b-8078-4f4feb143474:group-180066A9B904 changes to CANDIDATE, lastRpcTime:1384, electionTimeout:1157ms
2019-09-24 18:20:47,751 [Thread-835] INFO  impl.RoleInfo (RoleInfo.java:shutdownFollowerState(121)) - 18f7ddc7-ed0b-485b-8078-4f4feb143474: shutdown FollowerState
2019-09-24 18:20:47,751 [Thread-835] INFO  impl.RaftServerImpl (RaftServerImpl.java:setRole(174)) - 18f7ddc7-ed0b-485b-8078-4f4feb143474@group-180066A9B904: changes role from  FOLLOWER to CANDIDATE at term 5 for changeToCandidate
2019-09-24 18:20:47,751 [Thread-835] INFO  impl.RoleInfo (RoleInfo.java:updateAndGet(143)) - 18f7ddc7-ed0b-485b-8078-4f4feb143474: start LeaderElection
2019-09-24 18:20:47,754 [18f7ddc7-ed0b-485b-8078-4f4feb143474@group-180066A9B904:LeaderElection65] INFO  impl.RaftServerImpl (ServerState.java:setLeader(253)) - 18f7ddc7-ed0b-485b-8078-4f4feb143474@group-180066A9B904: change Leader from b474bcaf-cd7e-434d-ad5c-42954e730277 to null at term 5 for initElection
2019-09-24 18:20:47,791 [18f7ddc7-ed0b-485b-8078-4f4feb143474@group-180066A9B904:LeaderElection65] INFO  impl.LeaderElection (LeaderElection.java:askForVotes(182)) - 18f7ddc7-ed0b-485b-8078-4f4feb143474@group-180066A9B904:LeaderElection65: begin an election at term 6 for 0: [76f8f82d-5f7e-41ca-9bb3-5d91ee80ba9b:192.168.36.84:44299, b474bcaf-cd7e-434d-ad5c-42954e730277:192.168.36.84:35510, 18f7ddc7-ed0b-485b-8078-4f4feb143474:192.168.36.84:46557], old=null
2019-09-24 18:20:47,795 [grpc-default-executor-2] INFO  impl.RaftServerImpl (ServerState.java:setLeader(253)) - 76f8f82d-5f7e-41ca-9bb3-5d91ee80ba9b@group-180066A9B904: change Leader from b474bcaf-cd7e-434d-ad5c-42954e730277 to null at term 6 for updateCurrentTerm
2019-09-24 18:20:47,795 [grpc-default-executor-2] INFO  impl.RaftServerImpl (RaftServerImpl.java:setRole(174)) - 76f8f82d-5f7e-41ca-9bb3-5d91ee80ba9b@group-180066A9B904: changes role from  FOLLOWER to FOLLOWER at term 6 for recognizeCandidate:18f7ddc7-ed0b-485b-8078-4f4feb143474
2019-09-24 18:20:47,795 [grpc-default-executor-2] INFO  impl.RoleInfo (RoleInfo.java:shutdownFollowerState(121)) - 76f8f82d-5f7e-41ca-9bb3-5d91ee80ba9b: shutdown FollowerState
2019-09-24 18:20:47,795 [18f7ddc7-ed0b-485b-8078-4f4feb143474@group-180066A9B904:LeaderElection65] INFO  impl.LeaderElection (LogUtils.java:infoOrTrace(149)) - 18f7ddc7-ed0b-485b-8078-4f4feb143474@group-180066A9B904:LeaderElection65 got exception when requesting votes: {}
java.util.concurrent.ExecutionException: org.apache.ratis.thirdparty.io.grpc.StatusRuntimeException: UNAVAILABLE: io exception
	at java.util.concurrent.FutureTask.report(FutureTask.java:122)
	at java.util.concurrent.FutureTask.get(FutureTask.java:192)
	at org.apache.ratis.server.impl.LeaderElection.waitForResults(LeaderElection.java:263)
	at org.apache.ratis.server.impl.LeaderElection.askForVotes(LeaderElection.java:201)
	at org.apache.ratis.server.impl.LeaderElection.run(LeaderElection.java:133)
	at java.lang.Thread.run(Thread.java:748)
Caused by: org.apache.ratis.thirdparty.io.grpc.StatusRuntimeException: UNAVAILABLE: io exception
	at org.apache.ratis.thirdparty.io.grpc.stub.ClientCalls.toStatusRuntimeException(ClientCalls.java:233)
	at org.apache.ratis.thirdparty.io.grpc.stub.ClientCalls.getUnchecked(ClientCalls.java:214)
	at org.apache.ratis.thirdparty.io.grpc.stub.ClientCalls.blockingUnaryCall(ClientCalls.java:139)
	at org.apache.ratis.proto.grpc.RaftServerProtocolServiceGrpc$RaftServerProtocolServiceBlockingStub.requestVote(RaftServerProtocolServiceGrpc.java:265)
	at org.apache.ratis.grpc.server.GrpcServerProtocolClient.requestVote(GrpcServerProtocolClient.java:90)
	at org.apache.ratis.grpc.server.GrpcService.requestVote(GrpcService.java:204)
	at org.apache.ratis.server.impl.LeaderElection.lambda$submitRequests$1(LeaderElection.java:238)
	at java.util.concurrent.FutureTask.run(FutureTask.java:266)
	at java.util.concurrent.Executors$RunnableAdapter.call(Executors.java:511)
	at java.util.concurrent.FutureTask.run(FutureTask.java:266)
	at java.util.concurrent.ThreadPoolExecutor.runWorker(ThreadPoolExecutor.java:1149)
	at java.util.concurrent.ThreadPoolExecutor$Worker.run(ThreadPoolExecutor.java:624)
	... 1 more
Caused by: org.apache.ratis.thirdparty.io.netty.channel.AbstractChannel$AnnotatedConnectException: Connection refused: /192.168.36.84:35510
	at sun.nio.ch.SocketChannelImpl.checkConnect(Native Method)
	at sun.nio.ch.SocketChannelImpl.finishConnect(SocketChannelImpl.java:717)
	at org.apache.ratis.thirdparty.io.netty.channel.socket.nio.NioSocketChannel.doFinishConnect(NioSocketChannel.java:327)
	at org.apache.ratis.thirdparty.io.netty.channel.nio.AbstractNioChannel$AbstractNioUnsafe.finishConnect(AbstractNioChannel.java:340)
	at org.apache.ratis.thirdparty.io.netty.channel.nio.NioEventLoop.processSelectedKey(NioEventLoop.java:632)
	at org.apache.ratis.thirdparty.io.netty.channel.nio.NioEventLoop.processSelectedKeysOptimized(NioEventLoop.java:579)
	at org.apache.ratis.thirdparty.io.netty.channel.nio.NioEventLoop.processSelectedKeys(NioEventLoop.java:496)
	at org.apache.ratis.thirdparty.io.netty.channel.nio.NioEventLoop.run(NioEventLoop.java:458)
	at org.apache.ratis.thirdparty.io.netty.util.concurrent.SingleThreadEventExecutor$5.run(SingleThreadEventExecutor.java:897)
	at org.apache.ratis.thirdparty.io.netty.util.concurrent.FastThreadLocalRunnable.run(FastThreadLocalRunnable.java:30)
	... 1 more
Caused by: java.net.ConnectException: Connection refused
	... 11 more
2019-09-24 18:20:47,795 [Thread-836] INFO  impl.FollowerState (FollowerState.java:run(115)) - 76f8f82d-5f7e-41ca-9bb3-5d91ee80ba9b: FollowerState was interrupted: java.lang.InterruptedException: sleep interrupted
2019-09-24 18:20:47,795 [grpc-default-executor-2] INFO  impl.RoleInfo (RoleInfo.java:updateAndGet(143)) - 76f8f82d-5f7e-41ca-9bb3-5d91ee80ba9b: start FollowerState
2019-09-24 18:20:47,816 [18f7ddc7-ed0b-485b-8078-4f4feb143474@group-180066A9B904:LeaderElection65] INFO  impl.LeaderElection (LeaderElection.java:logAndReturn(56)) - 18f7ddc7-ed0b-485b-8078-4f4feb143474@group-180066A9B904:LeaderElection65: Election PASSED; received 1 response(s) [18f7ddc7-ed0b-485b-8078-4f4feb143474<-76f8f82d-5f7e-41ca-9bb3-5d91ee80ba9b#0:OK-t6] and 1 exception(s); 18f7ddc7-ed0b-485b-8078-4f4feb143474@group-180066A9B904:t6, leader=null, voted=18f7ddc7-ed0b-485b-8078-4f4feb143474, raftlog=18f7ddc7-ed0b-485b-8078-4f4feb143474@group-180066A9B904-SegmentedRaftLog:OPENED:c15,f15,i15, conf=0: [76f8f82d-5f7e-41ca-9bb3-5d91ee80ba9b:192.168.36.84:44299, b474bcaf-cd7e-434d-ad5c-42954e730277:192.168.36.84:35510, 18f7ddc7-ed0b-485b-8078-4f4feb143474:192.168.36.84:46557], old=null
2019-09-24 18:20:47,816 [18f7ddc7-ed0b-485b-8078-4f4feb143474@group-180066A9B904:LeaderElection65] INFO  impl.LeaderElection (LogUtils.java:infoOrTrace(149)) -   Exception 0: {}
java.util.concurrent.ExecutionException: org.apache.ratis.thirdparty.io.grpc.StatusRuntimeException: UNAVAILABLE: io exception
	at java.util.concurrent.FutureTask.report(FutureTask.java:122)
	at java.util.concurrent.FutureTask.get(FutureTask.java:192)
	at org.apache.ratis.server.impl.LeaderElection.waitForResults(LeaderElection.java:263)
	at org.apache.ratis.server.impl.LeaderElection.askForVotes(LeaderElection.java:201)
	at org.apache.ratis.server.impl.LeaderElection.run(LeaderElection.java:133)
	at java.lang.Thread.run(Thread.java:748)
Caused by: org.apache.ratis.thirdparty.io.grpc.StatusRuntimeException: UNAVAILABLE: io exception
	at org.apache.ratis.thirdparty.io.grpc.stub.ClientCalls.toStatusRuntimeException(ClientCalls.java:233)
	at org.apache.ratis.thirdparty.io.grpc.stub.ClientCalls.getUnchecked(ClientCalls.java:214)
	at org.apache.ratis.thirdparty.io.grpc.stub.ClientCalls.blockingUnaryCall(ClientCalls.java:139)
	at org.apache.ratis.proto.grpc.RaftServerProtocolServiceGrpc$RaftServerProtocolServiceBlockingStub.requestVote(RaftServerProtocolServiceGrpc.java:265)
	at org.apache.ratis.grpc.server.GrpcServerProtocolClient.requestVote(GrpcServerProtocolClient.java:90)
	at org.apache.ratis.grpc.server.GrpcService.requestVote(GrpcService.java:204)
	at org.apache.ratis.server.impl.LeaderElection.lambda$submitRequests$1(LeaderElection.java:238)
	at java.util.concurrent.FutureTask.run(FutureTask.java:266)
	at java.util.concurrent.Executors$RunnableAdapter.call(Executors.java:511)
	at java.util.concurrent.FutureTask.run(FutureTask.java:266)
	at java.util.concurrent.ThreadPoolExecutor.runWorker(ThreadPoolExecutor.java:1149)
	at java.util.concurrent.ThreadPoolExecutor$Worker.run(ThreadPoolExecutor.java:624)
	... 1 more
Caused by: org.apache.ratis.thirdparty.io.netty.channel.AbstractChannel$AnnotatedConnectException: Connection refused: /192.168.36.84:35510
	at sun.nio.ch.SocketChannelImpl.checkConnect(Native Method)
	at sun.nio.ch.SocketChannelImpl.finishConnect(SocketChannelImpl.java:717)
	at org.apache.ratis.thirdparty.io.netty.channel.socket.nio.NioSocketChannel.doFinishConnect(NioSocketChannel.java:327)
	at org.apache.ratis.thirdparty.io.netty.channel.nio.AbstractNioChannel$AbstractNioUnsafe.finishConnect(AbstractNioChannel.java:340)
	at org.apache.ratis.thirdparty.io.netty.channel.nio.NioEventLoop.processSelectedKey(NioEventLoop.java:632)
	at org.apache.ratis.thirdparty.io.netty.channel.nio.NioEventLoop.processSelectedKeysOptimized(NioEventLoop.java:579)
	at org.apache.ratis.thirdparty.io.netty.channel.nio.NioEventLoop.processSelectedKeys(NioEventLoop.java:496)
	at org.apache.ratis.thirdparty.io.netty.channel.nio.NioEventLoop.run(NioEventLoop.java:458)
	at org.apache.ratis.thirdparty.io.netty.util.concurrent.SingleThreadEventExecutor$5.run(SingleThreadEventExecutor.java:897)
	at org.apache.ratis.thirdparty.io.netty.util.concurrent.FastThreadLocalRunnable.run(FastThreadLocalRunnable.java:30)
	... 1 more
Caused by: java.net.ConnectException: Connection refused
	... 11 more
2019-09-24 18:20:47,817 [18f7ddc7-ed0b-485b-8078-4f4feb143474@group-180066A9B904:LeaderElection65] INFO  impl.RoleInfo (RoleInfo.java:shutdownLeaderElection(134)) - 18f7ddc7-ed0b-485b-8078-4f4feb143474: shutdown LeaderElection
2019-09-24 18:20:47,817 [18f7ddc7-ed0b-485b-8078-4f4feb143474@group-180066A9B904:LeaderElection65] INFO  impl.RaftServerImpl (RaftServerImpl.java:setRole(174)) - 18f7ddc7-ed0b-485b-8078-4f4feb143474@group-180066A9B904: changes role from CANDIDATE to LEADER at term 6 for changeToLeader
2019-09-24 18:20:47,817 [18f7ddc7-ed0b-485b-8078-4f4feb143474@group-180066A9B904:LeaderElection65] INFO  impl.RaftServerImpl (ServerState.java:setLeader(253)) - 18f7ddc7-ed0b-485b-8078-4f4feb143474@group-180066A9B904: change Leader from null to 18f7ddc7-ed0b-485b-8078-4f4feb143474 at term 6 for becomeLeader, leader elected after 63ms
2019-09-24 18:20:47,818 [18f7ddc7-ed0b-485b-8078-4f4feb143474@group-180066A9B904:LeaderElection65] INFO  server.RaftServerConfigKeys (ConfUtils.java:logGet(43)) - raft.server.staging.catchup.gap = 1000 (default)
2019-09-24 18:20:47,818 [18f7ddc7-ed0b-485b-8078-4f4feb143474@group-180066A9B904:LeaderElection65] INFO  server.RaftServerConfigKeys (ConfUtils.java:logGet(43)) - raft.server.rpc.sleep.time = 25ms (default)
2019-09-24 18:20:47,818 [18f7ddc7-ed0b-485b-8078-4f4feb143474@group-180066A9B904:LeaderElection65] INFO  server.RaftServerConfigKeys (ConfUtils.java:logGet(43)) - raft.server.write.element-limit = 4096 (default)
2019-09-24 18:20:47,818 [18f7ddc7-ed0b-485b-8078-4f4feb143474@group-180066A9B904:LeaderElection65] INFO  server.RaftServerConfigKeys (ConfUtils.java:logGet(43)) - raft.server.watch.timeout = 10s (default)
2019-09-24 18:20:47,819 [18f7ddc7-ed0b-485b-8078-4f4feb143474@group-180066A9B904:LeaderElection65] INFO  server.RaftServerConfigKeys (ConfUtils.java:logGet(43)) - raft.server.watch.timeout.denomination = 1s (default)
2019-09-24 18:20:47,819 [18f7ddc7-ed0b-485b-8078-4f4feb143474@group-180066A9B904:LeaderElection65] INFO  server.RaftServerConfigKeys (ConfUtils.java:logGet(43)) - raft.server.watch.element-limit = 65536 (default)
2019-09-24 18:20:47,823 [18f7ddc7-ed0b-485b-8078-4f4feb143474@group-180066A9B904:LeaderElection65] INFO  server.RaftServerConfigKeys (ConfUtils.java:logGet(43)) - raft.server.log.appender.snapshot.chunk.size.max = 16MB (=16777216) (default)
2019-09-24 18:20:47,824 [18f7ddc7-ed0b-485b-8078-4f4feb143474@group-180066A9B904:LeaderElection65] INFO  server.RaftServerConfigKeys (ConfUtils.java:logGet(43)) - raft.server.log.appender.buffer.byte-limit = 33554432 (custom)
2019-09-24 18:20:47,824 [18f7ddc7-ed0b-485b-8078-4f4feb143474@group-180066A9B904:LeaderElection65] INFO  server.RaftServerConfigKeys (ConfUtils.java:logGet(43)) - raft.server.log.appender.buffer.element-limit = 1 (custom)
2019-09-24 18:20:47,824 [18f7ddc7-ed0b-485b-8078-4f4feb143474@group-180066A9B904:LeaderElection65] INFO  grpc.GrpcConfigKeys$Server (ConfUtils.java:logGet(43)) - raft.grpc.server.leader.outstanding.appends.max = 128 (default)
2019-09-24 18:20:47,825 [18f7ddc7-ed0b-485b-8078-4f4feb143474@group-180066A9B904:LeaderElection65] INFO  server.RaftServerConfigKeys (ConfUtils.java:logGet(43)) - raft.server.rpc.request.timeout = 3000ms (default)
2019-09-24 18:20:47,825 [18f7ddc7-ed0b-485b-8078-4f4feb143474@group-180066A9B904:LeaderElection65] INFO  server.RaftServerConfigKeys (ConfUtils.java:logGet(43)) - raft.server.log.appender.install.snapshot.enabled = false (custom)
2019-09-24 18:20:47,825 [18f7ddc7-ed0b-485b-8078-4f4feb143474@group-180066A9B904:LeaderElection65] INFO  server.RaftServerConfigKeys (ConfUtils.java:logGet(43)) - raft.server.log.appender.snapshot.chunk.size.max = 16MB (=16777216) (default)
2019-09-24 18:20:47,825 [18f7ddc7-ed0b-485b-8078-4f4feb143474@group-180066A9B904:LeaderElection65] INFO  server.RaftServerConfigKeys (ConfUtils.java:logGet(43)) - raft.server.log.appender.buffer.byte-limit = 33554432 (custom)
2019-09-24 18:20:47,826 [18f7ddc7-ed0b-485b-8078-4f4feb143474@group-180066A9B904:LeaderElection65] INFO  server.RaftServerConfigKeys (ConfUtils.java:logGet(43)) - raft.server.log.appender.buffer.element-limit = 1 (custom)
2019-09-24 18:20:47,826 [18f7ddc7-ed0b-485b-8078-4f4feb143474@group-180066A9B904:LeaderElection65] INFO  grpc.GrpcConfigKeys$Server (ConfUtils.java:logGet(43)) - raft.grpc.server.leader.outstanding.appends.max = 128 (default)
2019-09-24 18:20:47,826 [18f7ddc7-ed0b-485b-8078-4f4feb143474@group-180066A9B904:LeaderElection65] INFO  server.RaftServerConfigKeys (ConfUtils.java:logGet(43)) - raft.server.rpc.request.timeout = 3000ms (default)
2019-09-24 18:20:47,826 [18f7ddc7-ed0b-485b-8078-4f4feb143474@group-180066A9B904:LeaderElection65] INFO  server.RaftServerConfigKeys (ConfUtils.java:logGet(43)) - raft.server.log.appender.install.snapshot.enabled = false (custom)
2019-09-24 18:20:47,827 [18f7ddc7-ed0b-485b-8078-4f4feb143474@group-180066A9B904:LeaderElection65] INFO  impl.RoleInfo (RoleInfo.java:updateAndGet(143)) - 18f7ddc7-ed0b-485b-8078-4f4feb143474: start LeaderState
2019-09-24 18:20:47,828 [18f7ddc7-ed0b-485b-8078-4f4feb143474@group-180066A9B904:LeaderElection65] INFO  segmented.SegmentedRaftLogWorker (SegmentedRaftLogWorker.java:rollLogSegment(385)) - 18f7ddc7-ed0b-485b-8078-4f4feb143474@group-180066A9B904-SegmentedRaftLogWorker: Rolling segment log-0_15 to index:15
2019-09-24 18:20:47,830 [18f7ddc7-ed0b-485b-8078-4f4feb143474@group-180066A9B904:LeaderElection65] INFO  impl.RaftServerImpl (ServerState.java:setRaftConf(354)) - 18f7ddc7-ed0b-485b-8078-4f4feb143474@group-180066A9B904: set configuration 16: [76f8f82d-5f7e-41ca-9bb3-5d91ee80ba9b:192.168.36.84:44299, b474bcaf-cd7e-434d-ad5c-42954e730277:192.168.36.84:35510, 18f7ddc7-ed0b-485b-8078-4f4feb143474:192.168.36.84:46557], old=null at 16
2019-09-24 18:20:47,830 [grpc-default-executor-2] WARN  server.GrpcLogAppender (LogUtils.java:warn(134)) - 18f7ddc7-ed0b-485b-8078-4f4feb143474@group-180066A9B904->b474bcaf-cd7e-434d-ad5c-42954e730277-AppendLogResponseHandler: Failed appendEntries: org.apache.ratis.thirdparty.io.grpc.StatusRuntimeException: UNAVAILABLE: io exception
2019-09-24 18:20:47,833 [18f7ddc7-ed0b-485b-8078-4f4feb143474@group-180066A9B904-SegmentedRaftLogWorker] INFO  segmented.SegmentedRaftLogWorker (SegmentedRaftLogWorker.java:execute(526)) - 18f7ddc7-ed0b-485b-8078-4f4feb143474@group-180066A9B904-SegmentedRaftLogWorker: Rolled log segment from /workdir/hadoop-ozone/integration-test/target/test-dir/MiniOzoneClusterImpl-186cfbc1-6a32-40a9-9f2d-6a573dc3a7dc/datanode-5/data/ratis/d055781a-02bf-49a8-8797-180066a9b904/current/log_inprogress_0 to /workdir/hadoop-ozone/integration-test/target/test-dir/MiniOzoneClusterImpl-186cfbc1-6a32-40a9-9f2d-6a573dc3a7dc/datanode-5/data/ratis/d055781a-02bf-49a8-8797-180066a9b904/current/log_0-15
2019-09-24 18:20:47,833 [grpc-default-executor-2] INFO  impl.FollowerInfo (FollowerInfo.java:lambda$new$0(51)) - 18f7ddc7-ed0b-485b-8078-4f4feb143474@group-180066A9B904->b474bcaf-cd7e-434d-ad5c-42954e730277: nextIndex: updateUnconditionally 16 -> 1
2019-09-24 18:20:47,834 [grpc-default-executor-4] INFO  impl.RaftServerImpl (ServerState.java:setLeader(253)) - 76f8f82d-5f7e-41ca-9bb3-5d91ee80ba9b@group-180066A9B904: change Leader from null to 18f7ddc7-ed0b-485b-8078-4f4feb143474 at term 6 for appendEntries, leader elected after 39ms
2019-09-24 18:20:47,870 [Datanode State Machine Thread - 0] INFO  statemachine.DatanodeStateMachine (DatanodeStateMachine.java:lambda$startDaemon$0(350)) - Ozone container server started.
2019-09-24 18:20:47,873 [grpc-default-executor-4] INFO  impl.RaftServerImpl (ServerState.java:setRaftConf(354)) - 76f8f82d-5f7e-41ca-9bb3-5d91ee80ba9b@group-180066A9B904: set configuration 16: [76f8f82d-5f7e-41ca-9bb3-5d91ee80ba9b:192.168.36.84:44299, b474bcaf-cd7e-434d-ad5c-42954e730277:192.168.36.84:35510, 18f7ddc7-ed0b-485b-8078-4f4feb143474:192.168.36.84:46557], old=null at 16
2019-09-24 18:20:47,874 [grpc-default-executor-4] INFO  segmented.SegmentedRaftLogWorker (SegmentedRaftLogWorker.java:rollLogSegment(385)) - 76f8f82d-5f7e-41ca-9bb3-5d91ee80ba9b@group-180066A9B904-SegmentedRaftLogWorker: Rolling segment log-0_15 to index:15
2019-09-24 18:20:47,874 [76f8f82d-5f7e-41ca-9bb3-5d91ee80ba9b@group-180066A9B904-SegmentedRaftLogWorker] INFO  segmented.SegmentedRaftLogWorker (SegmentedRaftLogWorker.java:execute(526)) - 76f8f82d-5f7e-41ca-9bb3-5d91ee80ba9b@group-180066A9B904-SegmentedRaftLogWorker: Rolled log segment from /workdir/hadoop-ozone/integration-test/target/test-dir/MiniOzoneClusterImpl-186cfbc1-6a32-40a9-9f2d-6a573dc3a7dc/datanode-3/data/ratis/d055781a-02bf-49a8-8797-180066a9b904/current/log_inprogress_0 to /workdir/hadoop-ozone/integration-test/target/test-dir/MiniOzoneClusterImpl-186cfbc1-6a32-40a9-9f2d-6a573dc3a7dc/datanode-3/data/ratis/d055781a-02bf-49a8-8797-180066a9b904/current/log_0-15
2019-09-24 18:20:47,902 [18f7ddc7-ed0b-485b-8078-4f4feb143474@group-180066A9B904-SegmentedRaftLogWorker] INFO  segmented.SegmentedRaftLogWorker (SegmentedRaftLogWorker.java:execute(569)) - 18f7ddc7-ed0b-485b-8078-4f4feb143474@group-180066A9B904-SegmentedRaftLogWorker: created new log segment /workdir/hadoop-ozone/integration-test/target/test-dir/MiniOzoneClusterImpl-186cfbc1-6a32-40a9-9f2d-6a573dc3a7dc/datanode-5/data/ratis/d055781a-02bf-49a8-8797-180066a9b904/current/log_inprogress_16
2019-09-24 18:20:47,931 [76f8f82d-5f7e-41ca-9bb3-5d91ee80ba9b@group-180066A9B904-SegmentedRaftLogWorker] INFO  segmented.SegmentedRaftLogWorker (SegmentedRaftLogWorker.java:execute(569)) - 76f8f82d-5f7e-41ca-9bb3-5d91ee80ba9b@group-180066A9B904-SegmentedRaftLogWorker: created new log segment /workdir/hadoop-ozone/integration-test/target/test-dir/MiniOzoneClusterImpl-186cfbc1-6a32-40a9-9f2d-6a573dc3a7dc/datanode-3/data/ratis/d055781a-02bf-49a8-8797-180066a9b904/current/log_inprogress_16
2019-09-24 18:20:47,980 [grpc-default-executor-4] WARN  server.GrpcLogAppender (LogUtils.java:warn(134)) - 18f7ddc7-ed0b-485b-8078-4f4feb143474@group-180066A9B904->b474bcaf-cd7e-434d-ad5c-42954e730277-AppendLogResponseHandler: Failed appendEntries: org.apache.ratis.thirdparty.io.grpc.StatusRuntimeException: UNAVAILABLE: io exception
2019-09-24 18:20:47,982 [grpc-default-executor-4] INFO  impl.FollowerInfo (FollowerInfo.java:lambda$new$0(51)) - 18f7ddc7-ed0b-485b-8078-4f4feb143474@group-180066A9B904->b474bcaf-cd7e-434d-ad5c-42954e730277: nextIndex: updateUnconditionally 2 -> 1
2019-09-24 18:20:48,486 [grpc-default-executor-1] WARN  server.GrpcLogAppender (LogUtils.java:warn(134)) - 18f7ddc7-ed0b-485b-8078-4f4feb143474@group-180066A9B904->b474bcaf-cd7e-434d-ad5c-42954e730277-AppendLogResponseHandler: Failed appendEntries: org.apache.ratis.thirdparty.io.grpc.StatusRuntimeException: UNAVAILABLE: io exception
2019-09-24 18:20:48,489 [grpc-default-executor-1] INFO  impl.FollowerInfo (FollowerInfo.java:lambda$new$0(51)) - 18f7ddc7-ed0b-485b-8078-4f4feb143474@group-180066A9B904->b474bcaf-cd7e-434d-ad5c-42954e730277: nextIndex: updateUnconditionally 1 -> 0
2019-09-24 18:20:48,989 [grpc-default-executor-4] WARN  server.GrpcLogAppender (LogUtils.java:warn(134)) - 18f7ddc7-ed0b-485b-8078-4f4feb143474@group-180066A9B904->b474bcaf-cd7e-434d-ad5c-42954e730277-AppendLogResponseHandler: Failed appendEntries: org.apache.ratis.thirdparty.io.grpc.StatusRuntimeException: UNAVAILABLE: io exception
2019-09-24 18:20:48,991 [grpc-default-executor-4] INFO  impl.FollowerInfo (FollowerInfo.java:lambda$new$0(51)) - 18f7ddc7-ed0b-485b-8078-4f4feb143474@group-180066A9B904->b474bcaf-cd7e-434d-ad5c-42954e730277: nextIndex: updateUnconditionally 0 -> 0
2019-09-24 18:20:49,493 [grpc-default-executor-3] WARN  server.GrpcLogAppender (LogUtils.java:warn(134)) - 18f7ddc7-ed0b-485b-8078-4f4feb143474@group-180066A9B904->b474bcaf-cd7e-434d-ad5c-42954e730277-AppendLogResponseHandler: Failed appendEntries: org.apache.ratis.thirdparty.io.grpc.StatusRuntimeException: UNAVAILABLE: io exception
2019-09-24 18:20:49,495 [grpc-default-executor-3] INFO  impl.FollowerInfo (FollowerInfo.java:lambda$new$0(51)) - 18f7ddc7-ed0b-485b-8078-4f4feb143474@group-180066A9B904->b474bcaf-cd7e-434d-ad5c-42954e730277: nextIndex: updateUnconditionally 0 -> 0
2019-09-24 18:20:49,996 [grpc-default-executor-4] WARN  server.GrpcLogAppender (LogUtils.java:warn(134)) - 18f7ddc7-ed0b-485b-8078-4f4feb143474@group-180066A9B904->b474bcaf-cd7e-434d-ad5c-42954e730277-AppendLogResponseHandler: Failed appendEntries: org.apache.ratis.thirdparty.io.grpc.StatusRuntimeException: UNAVAILABLE: io exception
2019-09-24 18:20:49,999 [grpc-default-executor-4] INFO  impl.FollowerInfo (FollowerInfo.java:lambda$new$0(51)) - 18f7ddc7-ed0b-485b-8078-4f4feb143474@group-180066A9B904->b474bcaf-cd7e-434d-ad5c-42954e730277: nextIndex: updateUnconditionally 0 -> 0
2019-09-24 18:20:50,500 [grpc-default-executor-2] WARN  server.GrpcLogAppender (LogUtils.java:warn(134)) - 18f7ddc7-ed0b-485b-8078-4f4feb143474@group-180066A9B904->b474bcaf-cd7e-434d-ad5c-42954e730277-AppendLogResponseHandler: Failed appendEntries: org.apache.ratis.thirdparty.io.grpc.StatusRuntimeException: UNAVAILABLE: io exception
2019-09-24 18:20:50,502 [grpc-default-executor-2] INFO  impl.FollowerInfo (FollowerInfo.java:lambda$new$0(51)) - 18f7ddc7-ed0b-485b-8078-4f4feb143474@group-180066A9B904->b474bcaf-cd7e-434d-ad5c-42954e730277: nextIndex: updateUnconditionally 0 -> 0
2019-09-24 18:20:51,011 [grpc-default-executor-1] WARN  server.GrpcLogAppender (LogUtils.java:warn(134)) - 18f7ddc7-ed0b-485b-8078-4f4feb143474@group-180066A9B904->b474bcaf-cd7e-434d-ad5c-42954e730277-AppendLogResponseHandler: Failed appendEntries: org.apache.ratis.thirdparty.io.grpc.StatusRuntimeException: UNAVAILABLE: io exception
2019-09-24 18:20:51,018 [grpc-default-executor-1] INFO  impl.FollowerInfo (FollowerInfo.java:lambda$new$0(51)) - 18f7ddc7-ed0b-485b-8078-4f4feb143474@group-180066A9B904->b474bcaf-cd7e-434d-ad5c-42954e730277: nextIndex: updateUnconditionally 0 -> 0
2019-09-24 18:20:51,510 [grpc-default-executor-2] WARN  server.GrpcLogAppender (LogUtils.java:warn(134)) - 18f7ddc7-ed0b-485b-8078-4f4feb143474@group-180066A9B904->b474bcaf-cd7e-434d-ad5c-42954e730277-AppendLogResponseHandler: Failed appendEntries: org.apache.ratis.thirdparty.io.grpc.StatusRuntimeException: UNAVAILABLE: io exception
2019-09-24 18:20:51,514 [grpc-default-executor-2] INFO  impl.FollowerInfo (FollowerInfo.java:lambda$new$0(51)) - 18f7ddc7-ed0b-485b-8078-4f4feb143474@group-180066A9B904->b474bcaf-cd7e-434d-ad5c-42954e730277: nextIndex: updateUnconditionally 0 -> 0
2019-09-24 18:20:52,027 [grpc-default-executor-1] WARN  server.GrpcLogAppender (LogUtils.java:warn(134)) - 18f7ddc7-ed0b-485b-8078-4f4feb143474@group-180066A9B904->b474bcaf-cd7e-434d-ad5c-42954e730277-AppendLogResponseHandler: Failed appendEntries: org.apache.ratis.thirdparty.io.grpc.StatusRuntimeException: UNAVAILABLE: io exception
2019-09-24 18:20:52,029 [grpc-default-executor-1] INFO  impl.FollowerInfo (FollowerInfo.java:lambda$new$0(51)) - 18f7ddc7-ed0b-485b-8078-4f4feb143474@group-180066A9B904->b474bcaf-cd7e-434d-ad5c-42954e730277: nextIndex: updateUnconditionally 0 -> 0
2019-09-24 18:20:52,226 [main] INFO  ozoneimpl.OzoneContainer (OzoneContainer.java:stop(231)) - Attempting to stop container services.
2019-09-24 18:20:52,227 [main] INFO  impl.RaftServerProxy (RaftServerProxy.java:lambda$close$4(314)) - 18f7ddc7-ed0b-485b-8078-4f4feb143474: close
2019-09-24 18:20:52,227 [main] INFO  impl.RaftServerImpl (RaftServerImpl.java:lambda$shutdown$3(251)) - 18f7ddc7-ed0b-485b-8078-4f4feb143474@group-180066A9B904: shutdown
2019-09-24 18:20:52,227 [ForkJoinPool.commonPool-worker-1] INFO  impl.RaftServerImpl (RaftServerImpl.java:lambda$shutdown$3(251)) - 18f7ddc7-ed0b-485b-8078-4f4feb143474@group-78450924442E: shutdown
2019-09-24 18:20:52,228 [main] INFO  util.JmxRegister (JmxRegister.java:unregister(73)) - Successfully un-registered JMX Bean with object name Ratis:service=RaftServer,group=group-180066A9B904,id=18f7ddc7-ed0b-485b-8078-4f4feb143474
2019-09-24 18:20:52,228 [ForkJoinPool.commonPool-worker-1] INFO  util.JmxRegister (JmxRegister.java:unregister(73)) - Successfully un-registered JMX Bean with object name Ratis:service=RaftServer,group=group-78450924442E,id=18f7ddc7-ed0b-485b-8078-4f4feb143474
2019-09-24 18:20:52,228 [main] INFO  impl.RoleInfo (RoleInfo.java:shutdownLeaderState(104)) - 18f7ddc7-ed0b-485b-8078-4f4feb143474: shutdown LeaderState
2019-09-24 18:20:52,229 [ForkJoinPool.commonPool-worker-1] INFO  impl.RoleInfo (RoleInfo.java:shutdownLeaderState(104)) - 18f7ddc7-ed0b-485b-8078-4f4feb143474: shutdown LeaderState
2019-09-24 18:20:52,233 [org.apache.ratis.server.impl.LogAppender$AppenderDaemon$$Lambda$465/680203999@50705103] WARN  server.GrpcLogAppender (GrpcLogAppender.java:mayWait(143)) - 18f7ddc7-ed0b-485b-8078-4f4feb143474@group-180066A9B904->76f8f82d-5f7e-41ca-9bb3-5d91ee80ba9b-GrpcLogAppender: Wait interrupted by java.lang.InterruptedException
2019-09-24 18:20:52,233 [org.apache.ratis.server.impl.LogAppender$AppenderDaemon$$Lambda$465/680203999@38b0cd05] WARN  server.GrpcLogAppender (GrpcLogAppender.java:mayWait(143)) - 18f7ddc7-ed0b-485b-8078-4f4feb143474@group-180066A9B904->b474bcaf-cd7e-434d-ad5c-42954e730277-GrpcLogAppender: Wait interrupted by java.lang.InterruptedException
2019-09-24 18:20:52,233 [main] INFO  impl.PendingRequests (PendingRequests.java:sendNotLeaderResponses(202)) - 18f7ddc7-ed0b-485b-8078-4f4feb143474-PendingRequests: sendNotLeaderResponses
2019-09-24 18:20:52,234 [grpc-default-executor-3] INFO  server.GrpcServerProtocolService (GrpcServerProtocolService.java:onCompleted(113)) - 76f8f82d-5f7e-41ca-9bb3-5d91ee80ba9b: Completed APPEND_ENTRIES, lastRequest: 18f7ddc7-ed0b-485b-8078-4f4feb143474->76f8f82d-5f7e-41ca-9bb3-5d91ee80ba9b#10-t6, previous=(t:6, i:17), leaderCommit=17, initializing? false, entries: <empty>
2019-09-24 18:20:52,236 [main] INFO  impl.StateMachineUpdater (StateMachineUpdater.java:stopAndJoin(125)) - 18f7ddc7-ed0b-485b-8078-4f4feb143474@group-180066A9B904-StateMachineUpdater: set stopIndex = 17
2019-09-24 18:20:52,233 [ForkJoinPool.commonPool-worker-1] INFO  impl.PendingRequests (PendingRequests.java:sendNotLeaderResponses(202)) - 18f7ddc7-ed0b-485b-8078-4f4feb143474-PendingRequests: sendNotLeaderResponses
2019-09-24 18:20:52,237 [grpc-default-executor-3] INFO  server.GrpcLogAppender (GrpcLogAppender.java:onCompleted(293)) - 18f7ddc7-ed0b-485b-8078-4f4feb143474@group-180066A9B904->76f8f82d-5f7e-41ca-9bb3-5d91ee80ba9b-AppendLogResponseHandler: follower responses appendEntries COMPLETED
2019-09-24 18:20:52,236 [18f7ddc7-ed0b-485b-8078-4f4feb143474@group-180066A9B904-StateMachineUpdater] INFO  ratis.ContainerStateMachine (ContainerStateMachine.java:takeSnapshot(289)) - group-180066A9B904: Taking a snapshot at:(t:5, i:15) file /workdir/hadoop-ozone/integration-test/target/test-dir/MiniOzoneClusterImpl-186cfbc1-6a32-40a9-9f2d-6a573dc3a7dc/datanode-5/data/ratis/d055781a-02bf-49a8-8797-180066a9b904/sm/snapshot.5_15
2019-09-24 18:20:52,237 [ForkJoinPool.commonPool-worker-1] INFO  impl.StateMachineUpdater (StateMachineUpdater.java:stopAndJoin(125)) - 18f7ddc7-ed0b-485b-8078-4f4feb143474@group-78450924442E-StateMachineUpdater: set stopIndex = 0
2019-09-24 18:20:52,237 [grpc-default-executor-3] INFO  impl.FollowerInfo (FollowerInfo.java:lambda$new$0(51)) - 18f7ddc7-ed0b-485b-8078-4f4feb143474@group-180066A9B904->76f8f82d-5f7e-41ca-9bb3-5d91ee80ba9b: nextIndex: updateUnconditionally 18 -> 17
2019-09-24 18:20:52,238 [ForkJoinPool.commonPool-worker-1] INFO  impl.RaftServerImpl (ServerState.java:close(385)) - 18f7ddc7-ed0b-485b-8078-4f4feb143474@group-78450924442E: closes. applyIndex: 0
2019-09-24 18:20:52,238 [18f7ddc7-ed0b-485b-8078-4f4feb143474@group-78450924442E-SegmentedRaftLogWorker] INFO  segmented.SegmentedRaftLogWorker (SegmentedRaftLogWorker.java:run(313)) - 18f7ddc7-ed0b-485b-8078-4f4feb143474@group-78450924442E-SegmentedRaftLogWorker was interrupted, exiting. There are 0 tasks remaining in the queue.
2019-09-24 18:20:52,238 [ForkJoinPool.commonPool-worker-1] INFO  segmented.SegmentedRaftLogWorker (SegmentedRaftLogWorker.java:close(228)) - 18f7ddc7-ed0b-485b-8078-4f4feb143474@group-78450924442E-SegmentedRaftLogWorker close()
2019-09-24 18:20:52,259 [18f7ddc7-ed0b-485b-8078-4f4feb143474@group-180066A9B904-StateMachineUpdater] INFO  ratis.ContainerStateMachine (ContainerStateMachine.java:takeSnapshot(300)) - group-180066A9B904: Finished taking a snapshot at:(t:5, i:15) file:/workdir/hadoop-ozone/integration-test/target/test-dir/MiniOzoneClusterImpl-186cfbc1-6a32-40a9-9f2d-6a573dc3a7dc/datanode-5/data/ratis/d055781a-02bf-49a8-8797-180066a9b904/sm/snapshot.5_15 time:22
2019-09-24 18:20:52,260 [18f7ddc7-ed0b-485b-8078-4f4feb143474@group-180066A9B904-StateMachineUpdater] INFO  impl.StateMachineUpdater (StateMachineUpdater.java:takeSnapshot(258)) - 18f7ddc7-ed0b-485b-8078-4f4feb143474@group-180066A9B904-StateMachineUpdater: Took a snapshot at index 15
2019-09-24 18:20:52,260 [18f7ddc7-ed0b-485b-8078-4f4feb143474@group-180066A9B904-StateMachineUpdater] INFO  impl.StateMachineUpdater (StateMachineUpdater.java:lambda$new$0(83)) - 18f7ddc7-ed0b-485b-8078-4f4feb143474@group-180066A9B904-StateMachineUpdater: snapshotIndex: updateIncreasingly -1 -> 15
2019-09-24 18:20:52,260 [18f7ddc7-ed0b-485b-8078-4f4feb143474@group-180066A9B904-StateMachineUpdater] INFO  ratis.ContainerStateMachine (ContainerStateMachine.java:takeSnapshot(289)) - group-180066A9B904: Taking a snapshot at:(t:5, i:15) file /workdir/hadoop-ozone/integration-test/target/test-dir/MiniOzoneClusterImpl-186cfbc1-6a32-40a9-9f2d-6a573dc3a7dc/datanode-5/data/ratis/d055781a-02bf-49a8-8797-180066a9b904/sm/snapshot.5_15
2019-09-24 18:20:52,277 [18f7ddc7-ed0b-485b-8078-4f4feb143474@group-180066A9B904-StateMachineUpdater] INFO  ratis.ContainerStateMachine (ContainerStateMachine.java:takeSnapshot(300)) - group-180066A9B904: Finished taking a snapshot at:(t:5, i:15) file:/workdir/hadoop-ozone/integration-test/target/test-dir/MiniOzoneClusterImpl-186cfbc1-6a32-40a9-9f2d-6a573dc3a7dc/datanode-5/data/ratis/d055781a-02bf-49a8-8797-180066a9b904/sm/snapshot.5_15 time:17
2019-09-24 18:20:52,277 [18f7ddc7-ed0b-485b-8078-4f4feb143474@group-180066A9B904-StateMachineUpdater] INFO  impl.StateMachineUpdater (StateMachineUpdater.java:takeSnapshot(258)) - 18f7ddc7-ed0b-485b-8078-4f4feb143474@group-180066A9B904-StateMachineUpdater: Took a snapshot at index 15
2019-09-24 18:20:52,277 [18f7ddc7-ed0b-485b-8078-4f4feb143474@group-180066A9B904-StateMachineUpdater] INFO  impl.StateMachineUpdater (StateMachineUpdater.java:lambda$new$0(83)) - 18f7ddc7-ed0b-485b-8078-4f4feb143474@group-180066A9B904-StateMachineUpdater: snapshotIndex: updateIncreasingly 15 -> 15
2019-09-24 18:20:52,278 [main] INFO  impl.RaftServerImpl (ServerState.java:close(385)) - 18f7ddc7-ed0b-485b-8078-4f4feb143474@group-180066A9B904: closes. applyIndex: 17
2019-09-24 18:20:52,278 [18f7ddc7-ed0b-485b-8078-4f4feb143474@group-180066A9B904-SegmentedRaftLogWorker] INFO  segmented.SegmentedRaftLogWorker (SegmentedRaftLogWorker.java:run(313)) - 18f7ddc7-ed0b-485b-8078-4f4feb143474@group-180066A9B904-SegmentedRaftLogWorker was interrupted, exiting. There are 0 tasks remaining in the queue.
2019-09-24 18:20:52,281 [main] INFO  segmented.SegmentedRaftLogWorker (SegmentedRaftLogWorker.java:close(228)) - 18f7ddc7-ed0b-485b-8078-4f4feb143474@group-180066A9B904-SegmentedRaftLogWorker close()
2019-09-24 18:20:52,283 [main] INFO  server.GrpcService (GrpcService.java:closeImpl(164)) - 18f7ddc7-ed0b-485b-8078-4f4feb143474: shutdown server with port 46557 now
2019-09-24 18:20:52,284 [main] INFO  server.GrpcService (GrpcService.java:closeImpl(172)) - 18f7ddc7-ed0b-485b-8078-4f4feb143474: shutdown server with port 46557 successfully
2019-09-24 18:20:52,290 [refreshUsed-/workdir/hadoop-ozone/integration-test/target/test-dir/MiniOzoneClusterImpl-186cfbc1-6a32-40a9-9f2d-6a573dc3a7dc/datanode-5/data/containers] WARN  fs.CachingGetSpaceUsed (CachingGetSpaceUsed.java:run(183)) - Thread Interrupted waiting to refresh disk information: sleep interrupted
2019-09-24 18:20:52,307 [main] INFO  utils.BackgroundService (BackgroundService.java:shutdown(148)) - Shutting down service BlockDeletingService
2019-09-24 18:20:52,314 [main] INFO  statemachine.DatanodeStateMachine (DatanodeStateMachine.java:stopDaemon(395)) - Ozone container server stopped.
2019-09-24 18:20:52,316 [main] INFO  handler.ContextHandler (ContextHandler.java:doStop(910)) - Stopped o.e.j.w.WebAppContext@10272bbb{/,null,UNAVAILABLE}{/hddsDatanode}
2019-09-24 18:20:52,318 [main] INFO  server.AbstractConnector (AbstractConnector.java:doStop(318)) - Stopped ServerConnector@36d33f4{HTTP/1.1,[http/1.1]}{0.0.0.0:0}
2019-09-24 18:20:52,318 [main] INFO  handler.ContextHandler (ContextHandler.java:doStop(910)) - Stopped o.e.j.s.ServletContextHandler@3472947a{/static,jar:file:/home/user/.m2/repository/org/apache/hadoop/hadoop-hdds-container-service/0.5.0-SNAPSHOT/hadoop-hdds-container-service-0.5.0-SNAPSHOT.jar!/webapps/static,UNAVAILABLE}
2019-09-24 18:20:52,319 [main] INFO  handler.ContextHandler (ContextHandler.java:doStop(910)) - Stopped o.e.j.s.ServletContextHandler@7885776b{/logs,file:///workdir/hadoop-ozone/integration-test/target/log,UNAVAILABLE}
2019-09-24 18:20:53,308 [Thread-1012] INFO  impl.FollowerState (FollowerState.java:run(106)) - 76f8f82d-5f7e-41ca-9bb3-5d91ee80ba9b:group-180066A9B904 changes to CANDIDATE, lastRpcTime:1278, electionTimeout:1131ms
2019-09-24 18:20:53,309 [Thread-1012] INFO  impl.RoleInfo (RoleInfo.java:shutdownFollowerState(121)) - 76f8f82d-5f7e-41ca-9bb3-5d91ee80ba9b: shutdown FollowerState
2019-09-24 18:20:53,309 [Thread-1012] INFO  impl.RaftServerImpl (RaftServerImpl.java:setRole(174)) - 76f8f82d-5f7e-41ca-9bb3-5d91ee80ba9b@group-180066A9B904: changes role from  FOLLOWER to CANDIDATE at term 6 for changeToCandidate
2019-09-24 18:20:53,309 [Thread-1012] INFO  impl.RoleInfo (RoleInfo.java:updateAndGet(143)) - 76f8f82d-5f7e-41ca-9bb3-5d91ee80ba9b: start LeaderElection
2019-09-24 18:20:53,311 [76f8f82d-5f7e-41ca-9bb3-5d91ee80ba9b@group-180066A9B904:LeaderElection66] INFO  impl.RaftServerImpl (ServerState.java:setLeader(253)) - 76f8f82d-5f7e-41ca-9bb3-5d91ee80ba9b@group-180066A9B904: change Leader from 18f7ddc7-ed0b-485b-8078-4f4feb143474 to null at term 6 for initElection
2019-09-24 18:20:53,326 [76f8f82d-5f7e-41ca-9bb3-5d91ee80ba9b@group-180066A9B904:LeaderElection66] INFO  impl.LeaderElection (LeaderElection.java:askForVotes(182)) - 76f8f82d-5f7e-41ca-9bb3-5d91ee80ba9b@group-180066A9B904:LeaderElection66: begin an election at term 7 for 16: [76f8f82d-5f7e-41ca-9bb3-5d91ee80ba9b:192.168.36.84:44299, b474bcaf-cd7e-434d-ad5c-42954e730277:192.168.36.84:35510, 18f7ddc7-ed0b-485b-8078-4f4feb143474:192.168.36.84:46557], old=null
2019-09-24 18:20:53,329 [76f8f82d-5f7e-41ca-9bb3-5d91ee80ba9b@group-180066A9B904:LeaderElection66] INFO  impl.LeaderElection (LogUtils.java:infoOrTrace(149)) - 76f8f82d-5f7e-41ca-9bb3-5d91ee80ba9b@group-180066A9B904:LeaderElection66 got exception when requesting votes: {}
java.util.concurrent.ExecutionException: org.apache.ratis.thirdparty.io.grpc.StatusRuntimeException: UNAVAILABLE: io exception
	at java.util.concurrent.FutureTask.report(FutureTask.java:122)
	at java.util.concurrent.FutureTask.get(FutureTask.java:192)
	at org.apache.ratis.server.impl.LeaderElection.waitForResults(LeaderElection.java:263)
	at org.apache.ratis.server.impl.LeaderElection.askForVotes(LeaderElection.java:201)
	at org.apache.ratis.server.impl.LeaderElection.run(LeaderElection.java:133)
	at java.lang.Thread.run(Thread.java:748)
Caused by: org.apache.ratis.thirdparty.io.grpc.StatusRuntimeException: UNAVAILABLE: io exception
	at org.apache.ratis.thirdparty.io.grpc.stub.ClientCalls.toStatusRuntimeException(ClientCalls.java:233)
	at org.apache.ratis.thirdparty.io.grpc.stub.ClientCalls.getUnchecked(ClientCalls.java:214)
	at org.apache.ratis.thirdparty.io.grpc.stub.ClientCalls.blockingUnaryCall(ClientCalls.java:139)
	at org.apache.ratis.proto.grpc.RaftServerProtocolServiceGrpc$RaftServerProtocolServiceBlockingStub.requestVote(RaftServerProtocolServiceGrpc.java:265)
	at org.apache.ratis.grpc.server.GrpcServerProtocolClient.requestVote(GrpcServerProtocolClient.java:90)
	at org.apache.ratis.grpc.server.GrpcService.requestVote(GrpcService.java:204)
	at org.apache.ratis.server.impl.LeaderElection.lambda$submitRequests$1(LeaderElection.java:238)
	at java.util.concurrent.FutureTask.run(FutureTask.java:266)
	at java.util.concurrent.Executors$RunnableAdapter.call(Executors.java:511)
	at java.util.concurrent.FutureTask.run(FutureTask.java:266)
	at java.util.concurrent.ThreadPoolExecutor.runWorker(ThreadPoolExecutor.java:1149)
	at java.util.concurrent.ThreadPoolExecutor$Worker.run(ThreadPoolExecutor.java:624)
	... 1 more
Caused by: org.apache.ratis.thirdparty.io.netty.channel.AbstractChannel$AnnotatedConnectException: Connection refused: /192.168.36.84:46557
	at sun.nio.ch.SocketChannelImpl.checkConnect(Native Method)
	at sun.nio.ch.SocketChannelImpl.finishConnect(SocketChannelImpl.java:717)
	at org.apache.ratis.thirdparty.io.netty.channel.socket.nio.NioSocketChannel.doFinishConnect(NioSocketChannel.java:327)
	at org.apache.ratis.thirdparty.io.netty.channel.nio.AbstractNioChannel$AbstractNioUnsafe.finishConnect(AbstractNioChannel.java:340)
	at org.apache.ratis.thirdparty.io.netty.channel.nio.NioEventLoop.processSelectedKey(NioEventLoop.java:632)
	at org.apache.ratis.thirdparty.io.netty.channel.nio.NioEventLoop.processSelectedKeysOptimized(NioEventLoop.java:579)
	at org.apache.ratis.thirdparty.io.netty.channel.nio.NioEventLoop.processSelectedKeys(NioEventLoop.java:496)
	at org.apache.ratis.thirdparty.io.netty.channel.nio.NioEventLoop.run(NioEventLoop.java:458)
	at org.apache.ratis.thirdparty.io.netty.util.concurrent.SingleThreadEventExecutor$5.run(SingleThreadEventExecutor.java:897)
	at org.apache.ratis.thirdparty.io.netty.util.concurrent.FastThreadLocalRunnable.run(FastThreadLocalRunnable.java:30)
	... 1 more
Caused by: java.net.ConnectException: Connection refused
	... 11 more
2019-09-24 18:20:53,332 [76f8f82d-5f7e-41ca-9bb3-5d91ee80ba9b@group-180066A9B904:LeaderElection66] INFO  impl.LeaderElection (LogUtils.java:infoOrTrace(149)) - 76f8f82d-5f7e-41ca-9bb3-5d91ee80ba9b@group-180066A9B904:LeaderElection66 got exception when requesting votes: {}
java.util.concurrent.ExecutionException: org.apache.ratis.thirdparty.io.grpc.StatusRuntimeException: UNAVAILABLE: io exception
	at java.util.concurrent.FutureTask.report(FutureTask.java:122)
	at java.util.concurrent.FutureTask.get(FutureTask.java:192)
	at org.apache.ratis.server.impl.LeaderElection.waitForResults(LeaderElection.java:263)
	at org.apache.ratis.server.impl.LeaderElection.askForVotes(LeaderElection.java:201)
	at org.apache.ratis.server.impl.LeaderElection.run(LeaderElection.java:133)
	at java.lang.Thread.run(Thread.java:748)
Caused by: org.apache.ratis.thirdparty.io.grpc.StatusRuntimeException: UNAVAILABLE: io exception
	at org.apache.ratis.thirdparty.io.grpc.stub.ClientCalls.toStatusRuntimeException(ClientCalls.java:233)
	at org.apache.ratis.thirdparty.io.grpc.stub.ClientCalls.getUnchecked(ClientCalls.java:214)
	at org.apache.ratis.thirdparty.io.grpc.stub.ClientCalls.blockingUnaryCall(ClientCalls.java:139)
	at org.apache.ratis.proto.grpc.RaftServerProtocolServiceGrpc$RaftServerProtocolServiceBlockingStub.requestVote(RaftServerProtocolServiceGrpc.java:265)
	at org.apache.ratis.grpc.server.GrpcServerProtocolClient.requestVote(GrpcServerProtocolClient.java:90)
	at org.apache.ratis.grpc.server.GrpcService.requestVote(GrpcService.java:204)
	at org.apache.ratis.server.impl.LeaderElection.lambda$submitRequests$1(LeaderElection.java:238)
	at java.util.concurrent.FutureTask.run(FutureTask.java:266)
	at java.util.concurrent.Executors$RunnableAdapter.call(Executors.java:511)
	at java.util.concurrent.FutureTask.run(FutureTask.java:266)
	at java.util.concurrent.ThreadPoolExecutor.runWorker(ThreadPoolExecutor.java:1149)
	at java.util.concurrent.ThreadPoolExecutor$Worker.run(ThreadPoolExecutor.java:624)
	... 1 more
Caused by: org.apache.ratis.thirdparty.io.netty.channel.AbstractChannel$AnnotatedConnectException: Connection refused: /192.168.36.84:35510
	at sun.nio.ch.SocketChannelImpl.checkConnect(Native Method)
	at sun.nio.ch.SocketChannelImpl.finishConnect(SocketChannelImpl.java:717)
	at org.apache.ratis.thirdparty.io.netty.channel.socket.nio.NioSocketChannel.doFinishConnect(NioSocketChannel.java:327)
	at org.apache.ratis.thirdparty.io.netty.channel.nio.AbstractNioChannel$AbstractNioUnsafe.finishConnect(AbstractNioChannel.java:340)
	at org.apache.ratis.thirdparty.io.netty.channel.nio.NioEventLoop.processSelectedKey(NioEventLoop.java:632)
	at org.apache.ratis.thirdparty.io.netty.channel.nio.NioEventLoop.processSelectedKeysOptimized(NioEventLoop.java:579)
	at org.apache.ratis.thirdparty.io.netty.channel.nio.NioEventLoop.processSelectedKeys(NioEventLoop.java:496)
	at org.apache.ratis.thirdparty.io.netty.channel.nio.NioEventLoop.run(NioEventLoop.java:458)
	at org.apache.ratis.thirdparty.io.netty.util.concurrent.SingleThreadEventExecutor$5.run(SingleThreadEventExecutor.java:897)
	at org.apache.ratis.thirdparty.io.netty.util.concurrent.FastThreadLocalRunnable.run(FastThreadLocalRunnable.java:30)
	... 1 more
Caused by: java.net.ConnectException: Connection refused
	... 11 more
2019-09-24 18:20:53,335 [76f8f82d-5f7e-41ca-9bb3-5d91ee80ba9b@group-180066A9B904:LeaderElection66] INFO  impl.LeaderElection (LeaderElection.java:logAndReturn(56)) - 76f8f82d-5f7e-41ca-9bb3-5d91ee80ba9b@group-180066A9B904:LeaderElection66: Election REJECTED; received 0 response(s) [] and 2 exception(s); 76f8f82d-5f7e-41ca-9bb3-5d91ee80ba9b@group-180066A9B904:t7, leader=null, voted=76f8f82d-5f7e-41ca-9bb3-5d91ee80ba9b, raftlog=76f8f82d-5f7e-41ca-9bb3-5d91ee80ba9b@group-180066A9B904-SegmentedRaftLog:OPENED:c17,f17,i17, conf=16: [76f8f82d-5f7e-41ca-9bb3-5d91ee80ba9b:192.168.36.84:44299, b474bcaf-cd7e-434d-ad5c-42954e730277:192.168.36.84:35510, 18f7ddc7-ed0b-485b-8078-4f4feb143474:192.168.36.84:46557], old=null
2019-09-24 18:20:53,335 [76f8f82d-5f7e-41ca-9bb3-5d91ee80ba9b@group-180066A9B904:LeaderElection66] INFO  impl.LeaderElection (LogUtils.java:infoOrTrace(149)) -   Exception 0: {}
java.util.concurrent.ExecutionException: org.apache.ratis.thirdparty.io.grpc.StatusRuntimeException: UNAVAILABLE: io exception
	at java.util.concurrent.FutureTask.report(FutureTask.java:122)
	at java.util.concurrent.FutureTask.get(FutureTask.java:192)
	at org.apache.ratis.server.impl.LeaderElection.waitForResults(LeaderElection.java:263)
	at org.apache.ratis.server.impl.LeaderElection.askForVotes(LeaderElection.java:201)
	at org.apache.ratis.server.impl.LeaderElection.run(LeaderElection.java:133)
	at java.lang.Thread.run(Thread.java:748)
Caused by: org.apache.ratis.thirdparty.io.grpc.StatusRuntimeException: UNAVAILABLE: io exception
	at org.apache.ratis.thirdparty.io.grpc.stub.ClientCalls.toStatusRuntimeException(ClientCalls.java:233)
	at org.apache.ratis.thirdparty.io.grpc.stub.ClientCalls.getUnchecked(ClientCalls.java:214)
	at org.apache.ratis.thirdparty.io.grpc.stub.ClientCalls.blockingUnaryCall(ClientCalls.java:139)
	at org.apache.ratis.proto.grpc.RaftServerProtocolServiceGrpc$RaftServerProtocolServiceBlockingStub.requestVote(RaftServerProtocolServiceGrpc.java:265)
	at org.apache.ratis.grpc.server.GrpcServerProtocolClient.requestVote(GrpcServerProtocolClient.java:90)
	at org.apache.ratis.grpc.server.GrpcService.requestVote(GrpcService.java:204)
	at org.apache.ratis.server.impl.LeaderElection.lambda$submitRequests$1(LeaderElection.java:238)
	at java.util.concurrent.FutureTask.run(FutureTask.java:266)
	at java.util.concurrent.Executors$RunnableAdapter.call(Executors.java:511)
	at java.util.concurrent.FutureTask.run(FutureTask.java:266)
	at java.util.concurrent.ThreadPoolExecutor.runWorker(ThreadPoolExecutor.java:1149)
	at java.util.concurrent.ThreadPoolExecutor$Worker.run(ThreadPoolExecutor.java:624)
	... 1 more
Caused by: org.apache.ratis.thirdparty.io.netty.channel.AbstractChannel$AnnotatedConnectException: Connection refused: /192.168.36.84:46557
	at sun.nio.ch.SocketChannelImpl.checkConnect(Native Method)
	at sun.nio.ch.SocketChannelImpl.finishConnect(SocketChannelImpl.java:717)
	at org.apache.ratis.thirdparty.io.netty.channel.socket.nio.NioSocketChannel.doFinishConnect(NioSocketChannel.java:327)
	at org.apache.ratis.thirdparty.io.netty.channel.nio.AbstractNioChannel$AbstractNioUnsafe.finishConnect(AbstractNioChannel.java:340)
	at org.apache.ratis.thirdparty.io.netty.channel.nio.NioEventLoop.processSelectedKey(NioEventLoop.java:632)
	at org.apache.ratis.thirdparty.io.netty.channel.nio.NioEventLoop.processSelectedKeysOptimized(NioEventLoop.java:579)
	at org.apache.ratis.thirdparty.io.netty.channel.nio.NioEventLoop.processSelectedKeys(NioEventLoop.java:496)
	at org.apache.ratis.thirdparty.io.netty.channel.nio.NioEventLoop.run(NioEventLoop.java:458)
	at org.apache.ratis.thirdparty.io.netty.util.concurrent.SingleThreadEventExecutor$5.run(SingleThreadEventExecutor.java:897)
	at org.apache.ratis.thirdparty.io.netty.util.concurrent.FastThreadLocalRunnable.run(FastThreadLocalRunnable.java:30)
	... 1 more
Caused by: java.net.ConnectException: Connection refused
	... 11 more
2019-09-24 18:20:53,335 [76f8f82d-5f7e-41ca-9bb3-5d91ee80ba9b@group-180066A9B904:LeaderElection66] INFO  impl.LeaderElection (LogUtils.java:infoOrTrace(149)) -   Exception 1: {}
java.util.concurrent.ExecutionException: org.apache.ratis.thirdparty.io.grpc.StatusRuntimeException: UNAVAILABLE: io exception
	at java.util.concurrent.FutureTask.report(FutureTask.java:122)
	at java.util.concurrent.FutureTask.get(FutureTask.java:192)
	at org.apache.ratis.server.impl.LeaderElection.waitForResults(LeaderElection.java:263)
	at org.apache.ratis.server.impl.LeaderElection.askForVotes(LeaderElection.java:201)
	at org.apache.ratis.server.impl.LeaderElection.run(LeaderElection.java:133)
	at java.lang.Thread.run(Thread.java:748)
Caused by: org.apache.ratis.thirdparty.io.grpc.StatusRuntimeException: UNAVAILABLE: io exception
	at org.apache.ratis.thirdparty.io.grpc.stub.ClientCalls.toStatusRuntimeException(ClientCalls.java:233)
	at org.apache.ratis.thirdparty.io.grpc.stub.ClientCalls.getUnchecked(ClientCalls.java:214)
	at org.apache.ratis.thirdparty.io.grpc.stub.ClientCalls.blockingUnaryCall(ClientCalls.java:139)
	at org.apache.ratis.proto.grpc.RaftServerProtocolServiceGrpc$RaftServerProtocolServiceBlockingStub.requestVote(RaftServerProtocolServiceGrpc.java:265)
	at org.apache.ratis.grpc.server.GrpcServerProtocolClient.requestVote(GrpcServerProtocolClient.java:90)
	at org.apache.ratis.grpc.server.GrpcService.requestVote(GrpcService.java:204)
	at org.apache.ratis.server.impl.LeaderElection.lambda$submitRequests$1(LeaderElection.java:238)
	at java.util.concurrent.FutureTask.run(FutureTask.java:266)
	at java.util.concurrent.Executors$RunnableAdapter.call(Executors.java:511)
	at java.util.concurrent.FutureTask.run(FutureTask.java:266)
	at java.util.concurrent.ThreadPoolExecutor.runWorker(ThreadPoolExecutor.java:1149)
	at java.util.concurrent.ThreadPoolExecutor$Worker.run(ThreadPoolExecutor.java:624)
	... 1 more
Caused by: org.apache.ratis.thirdparty.io.netty.channel.AbstractChannel$AnnotatedConnectException: Connection refused: /192.168.36.84:35510
	at sun.nio.ch.SocketChannelImpl.checkConnect(Native Method)
	at sun.nio.ch.SocketChannelImpl.finishConnect(SocketChannelImpl.java:717)
	at org.apache.ratis.thirdparty.io.netty.channel.socket.nio.NioSocketChannel.doFinishConnect(NioSocketChannel.java:327)
	at org.apache.ratis.thirdparty.io.netty.channel.nio.AbstractNioChannel$AbstractNioUnsafe.finishConnect(AbstractNioChannel.java:340)
	at org.apache.ratis.thirdparty.io.netty.channel.nio.NioEventLoop.processSelectedKey(NioEventLoop.java:632)
	at org.apache.ratis.thirdparty.io.netty.channel.nio.NioEventLoop.processSelectedKeysOptimized(NioEventLoop.java:579)
	at org.apache.ratis.thirdparty.io.netty.channel.nio.NioEventLoop.processSelectedKeys(NioEventLoop.java:496)
	at org.apache.ratis.thirdparty.io.netty.channel.nio.NioEventLoop.run(NioEventLoop.java:458)
	at org.apache.ratis.thirdparty.io.netty.util.concurrent.SingleThreadEventExecutor$5.run(SingleThreadEventExecutor.java:897)
	at org.apache.ratis.thirdparty.io.netty.util.concurrent.FastThreadLocalRunnable.run(FastThreadLocalRunnable.java:30)
	... 1 more
Caused by: java.net.ConnectException: Connection refused
	... 11 more
2019-09-24 18:20:53,336 [76f8f82d-5f7e-41ca-9bb3-5d91ee80ba9b@group-180066A9B904:LeaderElection66] INFO  impl.RaftServerImpl (RaftServerImpl.java:setRole(174)) - 76f8f82d-5f7e-41ca-9bb3-5d91ee80ba9b@group-180066A9B904: changes role from CANDIDATE to FOLLOWER at term 7 for DISCOVERED_A_NEW_TERM
2019-09-24 18:20:53,336 [76f8f82d-5f7e-41ca-9bb3-5d91ee80ba9b@group-180066A9B904:LeaderElection66] INFO  impl.RoleInfo (RoleInfo.java:shutdownLeaderElection(134)) - 76f8f82d-5f7e-41ca-9bb3-5d91ee80ba9b: shutdown LeaderElection
2019-09-24 18:20:53,336 [76f8f82d-5f7e-41ca-9bb3-5d91ee80ba9b@group-180066A9B904:LeaderElection66] INFO  impl.RoleInfo (RoleInfo.java:updateAndGet(143)) - 76f8f82d-5f7e-41ca-9bb3-5d91ee80ba9b: start FollowerState
2019-09-24 18:20:54,528 [Thread-1055] INFO  impl.FollowerState (FollowerState.java:run(106)) - 76f8f82d-5f7e-41ca-9bb3-5d91ee80ba9b:group-180066A9B904 changes to CANDIDATE, lastRpcTime:1191, electionTimeout:1191ms
2019-09-24 18:20:54,530 [Thread-1055] INFO  impl.RoleInfo (RoleInfo.java:shutdownFollowerState(121)) - 76f8f82d-5f7e-41ca-9bb3-5d91ee80ba9b: shutdown FollowerState
2019-09-24 18:20:54,530 [Thread-1055] INFO  impl.RaftServerImpl (RaftServerImpl.java:setRole(174)) - 76f8f82d-5f7e-41ca-9bb3-5d91ee80ba9b@group-180066A9B904: changes role from  FOLLOWER to CANDIDATE at term 7 for changeToCandidate
2019-09-24 18:20:54,531 [Thread-1055] INFO  impl.RoleInfo (RoleInfo.java:updateAndGet(143)) - 76f8f82d-5f7e-41ca-9bb3-5d91ee80ba9b: start LeaderElection
2019-09-24 18:20:54,546 [76f8f82d-5f7e-41ca-9bb3-5d91ee80ba9b@group-180066A9B904:LeaderElection67] INFO  impl.LeaderElection (LeaderElection.java:askForVotes(182)) - 76f8f82d-5f7e-41ca-9bb3-5d91ee80ba9b@group-180066A9B904:LeaderElection67: begin an election at term 8 for 16: [76f8f82d-5f7e-41ca-9bb3-5d91ee80ba9b:192.168.36.84:44299, b474bcaf-cd7e-434d-ad5c-42954e730277:192.168.36.84:35510, 18f7ddc7-ed0b-485b-8078-4f4feb143474:192.168.36.84:46557], old=null
2019-09-24 18:20:54,547 [76f8f82d-5f7e-41ca-9bb3-5d91ee80ba9b@group-180066A9B904:LeaderElection67] INFO  impl.LeaderElection (LogUtils.java:infoOrTrace(149)) - 76f8f82d-5f7e-41ca-9bb3-5d91ee80ba9b@group-180066A9B904:LeaderElection67 got exception when requesting votes: {}
java.util.concurrent.ExecutionException: org.apache.ratis.thirdparty.io.grpc.StatusRuntimeException: UNAVAILABLE: io exception
	at java.util.concurrent.FutureTask.report(FutureTask.java:122)
	at java.util.concurrent.FutureTask.get(FutureTask.java:192)
	at org.apache.ratis.server.impl.LeaderElection.waitForResults(LeaderElection.java:263)
	at org.apache.ratis.server.impl.LeaderElection.askForVotes(LeaderElection.java:201)
	at org.apache.ratis.server.impl.LeaderElection.run(LeaderElection.java:133)
	at java.lang.Thread.run(Thread.java:748)
Caused by: org.apache.ratis.thirdparty.io.grpc.StatusRuntimeException: UNAVAILABLE: io exception
	at org.apache.ratis.thirdparty.io.grpc.stub.ClientCalls.toStatusRuntimeException(ClientCalls.java:233)
	at org.apache.ratis.thirdparty.io.grpc.stub.ClientCalls.getUnchecked(ClientCalls.java:214)
	at org.apache.ratis.thirdparty.io.grpc.stub.ClientCalls.blockingUnaryCall(ClientCalls.java:139)
	at org.apache.ratis.proto.grpc.RaftServerProtocolServiceGrpc$RaftServerProtocolServiceBlockingStub.requestVote(RaftServerProtocolServiceGrpc.java:265)
	at org.apache.ratis.grpc.server.GrpcServerProtocolClient.requestVote(GrpcServerProtocolClient.java:90)
	at org.apache.ratis.grpc.server.GrpcService.requestVote(GrpcService.java:204)
	at org.apache.ratis.server.impl.LeaderElection.lambda$submitRequests$1(LeaderElection.java:238)
	at java.util.concurrent.FutureTask.run(FutureTask.java:266)
	at java.util.concurrent.Executors$RunnableAdapter.call(Executors.java:511)
	at java.util.concurrent.FutureTask.run(FutureTask.java:266)
	at java.util.concurrent.ThreadPoolExecutor.runWorker(ThreadPoolExecutor.java:1149)
	at java.util.concurrent.ThreadPoolExecutor$Worker.run(ThreadPoolExecutor.java:624)
	... 1 more
Caused by: org.apache.ratis.thirdparty.io.netty.channel.AbstractChannel$AnnotatedConnectException: Connection refused: /192.168.36.84:46557
	at sun.nio.ch.SocketChannelImpl.checkConnect(Native Method)
	at sun.nio.ch.SocketChannelImpl.finishConnect(SocketChannelImpl.java:717)
	at org.apache.ratis.thirdparty.io.netty.channel.socket.nio.NioSocketChannel.doFinishConnect(NioSocketChannel.java:327)
	at org.apache.ratis.thirdparty.io.netty.channel.nio.AbstractNioChannel$AbstractNioUnsafe.finishConnect(AbstractNioChannel.java:340)
	at org.apache.ratis.thirdparty.io.netty.channel.nio.NioEventLoop.processSelectedKey(NioEventLoop.java:632)
	at org.apache.ratis.thirdparty.io.netty.channel.nio.NioEventLoop.processSelectedKeysOptimized(NioEventLoop.java:579)
	at org.apache.ratis.thirdparty.io.netty.channel.nio.NioEventLoop.processSelectedKeys(NioEventLoop.java:496)
	at org.apache.ratis.thirdparty.io.netty.channel.nio.NioEventLoop.run(NioEventLoop.java:458)
	at org.apache.ratis.thirdparty.io.netty.util.concurrent.SingleThreadEventExecutor$5.run(SingleThreadEventExecutor.java:897)
	at org.apache.ratis.thirdparty.io.netty.util.concurrent.FastThreadLocalRunnable.run(FastThreadLocalRunnable.java:30)
	... 1 more
Caused by: java.net.ConnectException: Connection refused
	... 11 more
2019-09-24 18:20:54,549 [76f8f82d-5f7e-41ca-9bb3-5d91ee80ba9b@group-180066A9B904:LeaderElection67] INFO  impl.LeaderElection (LogUtils.java:infoOrTrace(149)) - 76f8f82d-5f7e-41ca-9bb3-5d91ee80ba9b@group-180066A9B904:LeaderElection67 got exception when requesting votes: {}
java.util.concurrent.ExecutionException: org.apache.ratis.thirdparty.io.grpc.StatusRuntimeException: UNAVAILABLE: io exception
	at java.util.concurrent.FutureTask.report(FutureTask.java:122)
	at java.util.concurrent.FutureTask.get(FutureTask.java:192)
	at org.apache.ratis.server.impl.LeaderElection.waitForResults(LeaderElection.java:263)
	at org.apache.ratis.server.impl.LeaderElection.askForVotes(LeaderElection.java:201)
	at org.apache.ratis.server.impl.LeaderElection.run(LeaderElection.java:133)
	at java.lang.Thread.run(Thread.java:748)
Caused by: org.apache.ratis.thirdparty.io.grpc.StatusRuntimeException: UNAVAILABLE: io exception
	at org.apache.ratis.thirdparty.io.grpc.stub.ClientCalls.toStatusRuntimeException(ClientCalls.java:233)
	at org.apache.ratis.thirdparty.io.grpc.stub.ClientCalls.getUnchecked(ClientCalls.java:214)
	at org.apache.ratis.thirdparty.io.grpc.stub.ClientCalls.blockingUnaryCall(ClientCalls.java:139)
	at org.apache.ratis.proto.grpc.RaftServerProtocolServiceGrpc$RaftServerProtocolServiceBlockingStub.requestVote(RaftServerProtocolServiceGrpc.java:265)
	at org.apache.ratis.grpc.server.GrpcServerProtocolClient.requestVote(GrpcServerProtocolClient.java:90)
	at org.apache.ratis.grpc.server.GrpcService.requestVote(GrpcService.java:204)
	at org.apache.ratis.server.impl.LeaderElection.lambda$submitRequests$1(LeaderElection.java:238)
	at java.util.concurrent.FutureTask.run(FutureTask.java:266)
	at java.util.concurrent.Executors$RunnableAdapter.call(Executors.java:511)
	at java.util.concurrent.FutureTask.run(FutureTask.java:266)
	at java.util.concurrent.ThreadPoolExecutor.runWorker(ThreadPoolExecutor.java:1149)
	at java.util.concurrent.ThreadPoolExecutor$Worker.run(ThreadPoolExecutor.java:624)
	... 1 more
Caused by: org.apache.ratis.thirdparty.io.netty.channel.AbstractChannel$AnnotatedConnectException: Connection refused: /192.168.36.84:35510
	at sun.nio.ch.SocketChannelImpl.checkConnect(Native Method)
	at sun.nio.ch.SocketChannelImpl.finishConnect(SocketChannelImpl.java:717)
	at org.apache.ratis.thirdparty.io.netty.channel.socket.nio.NioSocketChannel.doFinishConnect(NioSocketChannel.java:327)
	at org.apache.ratis.thirdparty.io.netty.channel.nio.AbstractNioChannel$AbstractNioUnsafe.finishConnect(AbstractNioChannel.java:340)
	at org.apache.ratis.thirdparty.io.netty.channel.nio.NioEventLoop.processSelectedKey(NioEventLoop.java:632)
	at org.apache.ratis.thirdparty.io.netty.channel.nio.NioEventLoop.processSelectedKeysOptimized(NioEventLoop.java:579)
	at org.apache.ratis.thirdparty.io.netty.channel.nio.NioEventLoop.processSelectedKeys(NioEventLoop.java:496)
	at org.apache.ratis.thirdparty.io.netty.channel.nio.NioEventLoop.run(NioEventLoop.java:458)
	at org.apache.ratis.thirdparty.io.netty.util.concurrent.SingleThreadEventExecutor$5.run(SingleThreadEventExecutor.java:897)
	at org.apache.ratis.thirdparty.io.netty.util.concurrent.FastThreadLocalRunnable.run(FastThreadLocalRunnable.java:30)
	... 1 more
Caused by: java.net.ConnectException: Connection refused
	... 11 more
2019-09-24 18:20:54,551 [76f8f82d-5f7e-41ca-9bb3-5d91ee80ba9b@group-180066A9B904:LeaderElection67] INFO  impl.LeaderElection (LeaderElection.java:logAndReturn(56)) - 76f8f82d-5f7e-41ca-9bb3-5d91ee80ba9b@group-180066A9B904:LeaderElection67: Election REJECTED; received 0 response(s) [] and 2 exception(s); 76f8f82d-5f7e-41ca-9bb3-5d91ee80ba9b@group-180066A9B904:t8, leader=null, voted=76f8f82d-5f7e-41ca-9bb3-5d91ee80ba9b, raftlog=76f8f82d-5f7e-41ca-9bb3-5d91ee80ba9b@group-180066A9B904-SegmentedRaftLog:OPENED:c17,f17,i17, conf=16: [76f8f82d-5f7e-41ca-9bb3-5d91ee80ba9b:192.168.36.84:44299, b474bcaf-cd7e-434d-ad5c-42954e730277:192.168.36.84:35510, 18f7ddc7-ed0b-485b-8078-4f4feb143474:192.168.36.84:46557], old=null
2019-09-24 18:20:54,551 [76f8f82d-5f7e-41ca-9bb3-5d91ee80ba9b@group-180066A9B904:LeaderElection67] INFO  impl.LeaderElection (LogUtils.java:infoOrTrace(149)) -   Exception 0: {}
java.util.concurrent.ExecutionException: org.apache.ratis.thirdparty.io.grpc.StatusRuntimeException: UNAVAILABLE: io exception
	at java.util.concurrent.FutureTask.report(FutureTask.java:122)
	at java.util.concurrent.FutureTask.get(FutureTask.java:192)
	at org.apache.ratis.server.impl.LeaderElection.waitForResults(LeaderElection.java:263)
	at org.apache.ratis.server.impl.LeaderElection.askForVotes(LeaderElection.java:201)
	at org.apache.ratis.server.impl.LeaderElection.run(LeaderElection.java:133)
	at java.lang.Thread.run(Thread.java:748)
Caused by: org.apache.ratis.thirdparty.io.grpc.StatusRuntimeException: UNAVAILABLE: io exception
	at org.apache.ratis.thirdparty.io.grpc.stub.ClientCalls.toStatusRuntimeException(ClientCalls.java:233)
	at org.apache.ratis.thirdparty.io.grpc.stub.ClientCalls.getUnchecked(ClientCalls.java:214)
	at org.apache.ratis.thirdparty.io.grpc.stub.ClientCalls.blockingUnaryCall(ClientCalls.java:139)
	at org.apache.ratis.proto.grpc.RaftServerProtocolServiceGrpc$RaftServerProtocolServiceBlockingStub.requestVote(RaftServerProtocolServiceGrpc.java:265)
	at org.apache.ratis.grpc.server.GrpcServerProtocolClient.requestVote(GrpcServerProtocolClient.java:90)
	at org.apache.ratis.grpc.server.GrpcService.requestVote(GrpcService.java:204)
	at org.apache.ratis.server.impl.LeaderElection.lambda$submitRequests$1(LeaderElection.java:238)
	at java.util.concurrent.FutureTask.run(FutureTask.java:266)
	at java.util.concurrent.Executors$RunnableAdapter.call(Executors.java:511)
	at java.util.concurrent.FutureTask.run(FutureTask.java:266)
	at java.util.concurrent.ThreadPoolExecutor.runWorker(ThreadPoolExecutor.java:1149)
	at java.util.concurrent.ThreadPoolExecutor$Worker.run(ThreadPoolExecutor.java:624)
	... 1 more
Caused by: org.apache.ratis.thirdparty.io.netty.channel.AbstractChannel$AnnotatedConnectException: Connection refused: /192.168.36.84:46557
	at sun.nio.ch.SocketChannelImpl.checkConnect(Native Method)
	at sun.nio.ch.SocketChannelImpl.finishConnect(SocketChannelImpl.java:717)
	at org.apache.ratis.thirdparty.io.netty.channel.socket.nio.NioSocketChannel.doFinishConnect(NioSocketChannel.java:327)
	at org.apache.ratis.thirdparty.io.netty.channel.nio.AbstractNioChannel$AbstractNioUnsafe.finishConnect(AbstractNioChannel.java:340)
	at org.apache.ratis.thirdparty.io.netty.channel.nio.NioEventLoop.processSelectedKey(NioEventLoop.java:632)
	at org.apache.ratis.thirdparty.io.netty.channel.nio.NioEventLoop.processSelectedKeysOptimized(NioEventLoop.java:579)
	at org.apache.ratis.thirdparty.io.netty.channel.nio.NioEventLoop.processSelectedKeys(NioEventLoop.java:496)
	at org.apache.ratis.thirdparty.io.netty.channel.nio.NioEventLoop.run(NioEventLoop.java:458)
	at org.apache.ratis.thirdparty.io.netty.util.concurrent.SingleThreadEventExecutor$5.run(SingleThreadEventExecutor.java:897)
	at org.apache.ratis.thirdparty.io.netty.util.concurrent.FastThreadLocalRunnable.run(FastThreadLocalRunnable.java:30)
	... 1 more
Caused by: java.net.ConnectException: Connection refused
	... 11 more
2019-09-24 18:20:54,551 [76f8f82d-5f7e-41ca-9bb3-5d91ee80ba9b@group-180066A9B904:LeaderElection67] INFO  impl.LeaderElection (LogUtils.java:infoOrTrace(149)) -   Exception 1: {}
java.util.concurrent.ExecutionException: org.apache.ratis.thirdparty.io.grpc.StatusRuntimeException: UNAVAILABLE: io exception
	at java.util.concurrent.FutureTask.report(FutureTask.java:122)
	at java.util.concurrent.FutureTask.get(FutureTask.java:192)
	at org.apache.ratis.server.impl.LeaderElection.waitForResults(LeaderElection.java:263)
	at org.apache.ratis.server.impl.LeaderElection.askForVotes(LeaderElection.java:201)
	at org.apache.ratis.server.impl.LeaderElection.run(LeaderElection.java:133)
	at java.lang.Thread.run(Thread.java:748)
Caused by: org.apache.ratis.thirdparty.io.grpc.StatusRuntimeException: UNAVAILABLE: io exception
	at org.apache.ratis.thirdparty.io.grpc.stub.ClientCalls.toStatusRuntimeException(ClientCalls.java:233)
	at org.apache.ratis.thirdparty.io.grpc.stub.ClientCalls.getUnchecked(ClientCalls.java:214)
	at org.apache.ratis.thirdparty.io.grpc.stub.ClientCalls.blockingUnaryCall(ClientCalls.java:139)
	at org.apache.ratis.proto.grpc.RaftServerProtocolServiceGrpc$RaftServerProtocolServiceBlockingStub.requestVote(RaftServerProtocolServiceGrpc.java:265)
	at org.apache.ratis.grpc.server.GrpcServerProtocolClient.requestVote(GrpcServerProtocolClient.java:90)
	at org.apache.ratis.grpc.server.GrpcService.requestVote(GrpcService.java:204)
	at org.apache.ratis.server.impl.LeaderElection.lambda$submitRequests$1(LeaderElection.java:238)
	at java.util.concurrent.FutureTask.run(FutureTask.java:266)
	at java.util.concurrent.Executors$RunnableAdapter.call(Executors.java:511)
	at java.util.concurrent.FutureTask.run(FutureTask.java:266)
	at java.util.concurrent.ThreadPoolExecutor.runWorker(ThreadPoolExecutor.java:1149)
	at java.util.concurrent.ThreadPoolExecutor$Worker.run(ThreadPoolExecutor.java:624)
	... 1 more
Caused by: org.apache.ratis.thirdparty.io.netty.channel.AbstractChannel$AnnotatedConnectException: Connection refused: /192.168.36.84:35510
	at sun.nio.ch.SocketChannelImpl.checkConnect(Native Method)
	at sun.nio.ch.SocketChannelImpl.finishConnect(SocketChannelImpl.java:717)
	at org.apache.ratis.thirdparty.io.netty.channel.socket.nio.NioSocketChannel.doFinishConnect(NioSocketChannel.java:327)
	at org.apache.ratis.thirdparty.io.netty.channel.nio.AbstractNioChannel$AbstractNioUnsafe.finishConnect(AbstractNioChannel.java:340)
	at org.apache.ratis.thirdparty.io.netty.channel.nio.NioEventLoop.processSelectedKey(NioEventLoop.java:632)
	at org.apache.ratis.thirdparty.io.netty.channel.nio.NioEventLoop.processSelectedKeysOptimized(NioEventLoop.java:579)
	at org.apache.ratis.thirdparty.io.netty.channel.nio.NioEventLoop.processSelectedKeys(NioEventLoop.java:496)
	at org.apache.ratis.thirdparty.io.netty.channel.nio.NioEventLoop.run(NioEventLoop.java:458)
	at org.apache.ratis.thirdparty.io.netty.util.concurrent.SingleThreadEventExecutor$5.run(SingleThreadEventExecutor.java:897)
	at org.apache.ratis.thirdparty.io.netty.util.concurrent.FastThreadLocalRunnable.run(FastThreadLocalRunnable.java:30)
	... 1 more
Caused by: java.net.ConnectException: Connection refused
	... 11 more
2019-09-24 18:20:54,552 [76f8f82d-5f7e-41ca-9bb3-5d91ee80ba9b@group-180066A9B904:LeaderElection67] INFO  impl.RaftServerImpl (RaftServerImpl.java:setRole(174)) - 76f8f82d-5f7e-41ca-9bb3-5d91ee80ba9b@group-180066A9B904: changes role from CANDIDATE to FOLLOWER at term 8 for DISCOVERED_A_NEW_TERM
2019-09-24 18:20:54,552 [76f8f82d-5f7e-41ca-9bb3-5d91ee80ba9b@group-180066A9B904:LeaderElection67] INFO  impl.RoleInfo (RoleInfo.java:shutdownLeaderElection(134)) - 76f8f82d-5f7e-41ca-9bb3-5d91ee80ba9b: shutdown LeaderElection
2019-09-24 18:20:54,552 [76f8f82d-5f7e-41ca-9bb3-5d91ee80ba9b@group-180066A9B904:LeaderElection67] INFO  impl.RoleInfo (RoleInfo.java:updateAndGet(143)) - 76f8f82d-5f7e-41ca-9bb3-5d91ee80ba9b: start FollowerState
2019-09-24 18:20:55,600 [Thread-1067] INFO  impl.FollowerState (FollowerState.java:run(106)) - 76f8f82d-5f7e-41ca-9bb3-5d91ee80ba9b:group-180066A9B904 changes to CANDIDATE, lastRpcTime:1048, electionTimeout:1048ms
2019-09-24 18:20:55,604 [Thread-1067] INFO  impl.RoleInfo (RoleInfo.java:shutdownFollowerState(121)) - 76f8f82d-5f7e-41ca-9bb3-5d91ee80ba9b: shutdown FollowerState
2019-09-24 18:20:55,604 [Thread-1067] INFO  impl.RaftServerImpl (RaftServerImpl.java:setRole(174)) - 76f8f82d-5f7e-41ca-9bb3-5d91ee80ba9b@group-180066A9B904: changes role from  FOLLOWER to CANDIDATE at term 8 for changeToCandidate
2019-09-24 18:20:55,604 [Thread-1067] INFO  impl.RoleInfo (RoleInfo.java:updateAndGet(143)) - 76f8f82d-5f7e-41ca-9bb3-5d91ee80ba9b: start LeaderElection
2019-09-24 18:20:55,626 [76f8f82d-5f7e-41ca-9bb3-5d91ee80ba9b@group-180066A9B904:LeaderElection68] INFO  impl.LeaderElection (LeaderElection.java:askForVotes(182)) - 76f8f82d-5f7e-41ca-9bb3-5d91ee80ba9b@group-180066A9B904:LeaderElection68: begin an election at term 9 for 16: [76f8f82d-5f7e-41ca-9bb3-5d91ee80ba9b:192.168.36.84:44299, b474bcaf-cd7e-434d-ad5c-42954e730277:192.168.36.84:35510, 18f7ddc7-ed0b-485b-8078-4f4feb143474:192.168.36.84:46557], old=null
2019-09-24 18:20:55,627 [76f8f82d-5f7e-41ca-9bb3-5d91ee80ba9b@group-180066A9B904:LeaderElection68] INFO  impl.LeaderElection (LogUtils.java:infoOrTrace(149)) - 76f8f82d-5f7e-41ca-9bb3-5d91ee80ba9b@group-180066A9B904:LeaderElection68 got exception when requesting votes: {}
java.util.concurrent.ExecutionException: org.apache.ratis.thirdparty.io.grpc.StatusRuntimeException: UNAVAILABLE: io exception
	at java.util.concurrent.FutureTask.report(FutureTask.java:122)
	at java.util.concurrent.FutureTask.get(FutureTask.java:192)
	at org.apache.ratis.server.impl.LeaderElection.waitForResults(LeaderElection.java:263)
	at org.apache.ratis.server.impl.LeaderElection.askForVotes(LeaderElection.java:201)
	at org.apache.ratis.server.impl.LeaderElection.run(LeaderElection.java:133)
	at java.lang.Thread.run(Thread.java:748)
Caused by: org.apache.ratis.thirdparty.io.grpc.StatusRuntimeException: UNAVAILABLE: io exception
	at org.apache.ratis.thirdparty.io.grpc.stub.ClientCalls.toStatusRuntimeException(ClientCalls.java:233)
	at org.apache.ratis.thirdparty.io.grpc.stub.ClientCalls.getUnchecked(ClientCalls.java:214)
	at org.apache.ratis.thirdparty.io.grpc.stub.ClientCalls.blockingUnaryCall(ClientCalls.java:139)
	at org.apache.ratis.proto.grpc.RaftServerProtocolServiceGrpc$RaftServerProtocolServiceBlockingStub.requestVote(RaftServerProtocolServiceGrpc.java:265)
	at org.apache.ratis.grpc.server.GrpcServerProtocolClient.requestVote(GrpcServerProtocolClient.java:90)
	at org.apache.ratis.grpc.server.GrpcService.requestVote(GrpcService.java:204)
	at org.apache.ratis.server.impl.LeaderElection.lambda$submitRequests$1(LeaderElection.java:238)
	at java.util.concurrent.FutureTask.run(FutureTask.java:266)
	at java.util.concurrent.Executors$RunnableAdapter.call(Executors.java:511)
	at java.util.concurrent.FutureTask.run(FutureTask.java:266)
	at java.util.concurrent.ThreadPoolExecutor.runWorker(ThreadPoolExecutor.java:1149)
	at java.util.concurrent.ThreadPoolExecutor$Worker.run(ThreadPoolExecutor.java:624)
	... 1 more
Caused by: org.apache.ratis.thirdparty.io.netty.channel.AbstractChannel$AnnotatedConnectException: Connection refused: /192.168.36.84:46557
	at sun.nio.ch.SocketChannelImpl.checkConnect(Native Method)
	at sun.nio.ch.SocketChannelImpl.finishConnect(SocketChannelImpl.java:717)
	at org.apache.ratis.thirdparty.io.netty.channel.socket.nio.NioSocketChannel.doFinishConnect(NioSocketChannel.java:327)
	at org.apache.ratis.thirdparty.io.netty.channel.nio.AbstractNioChannel$AbstractNioUnsafe.finishConnect(AbstractNioChannel.java:340)
	at org.apache.ratis.thirdparty.io.netty.channel.nio.NioEventLoop.processSelectedKey(NioEventLoop.java:632)
	at org.apache.ratis.thirdparty.io.netty.channel.nio.NioEventLoop.processSelectedKeysOptimized(NioEventLoop.java:579)
	at org.apache.ratis.thirdparty.io.netty.channel.nio.NioEventLoop.processSelectedKeys(NioEventLoop.java:496)
	at org.apache.ratis.thirdparty.io.netty.channel.nio.NioEventLoop.run(NioEventLoop.java:458)
	at org.apache.ratis.thirdparty.io.netty.util.concurrent.SingleThreadEventExecutor$5.run(SingleThreadEventExecutor.java:897)
	at org.apache.ratis.thirdparty.io.netty.util.concurrent.FastThreadLocalRunnable.run(FastThreadLocalRunnable.java:30)
	... 1 more
Caused by: java.net.ConnectException: Connection refused
	... 11 more
2019-09-24 18:20:55,630 [76f8f82d-5f7e-41ca-9bb3-5d91ee80ba9b@group-180066A9B904:LeaderElection68] INFO  impl.LeaderElection (LogUtils.java:infoOrTrace(149)) - 76f8f82d-5f7e-41ca-9bb3-5d91ee80ba9b@group-180066A9B904:LeaderElection68 got exception when requesting votes: {}
java.util.concurrent.ExecutionException: org.apache.ratis.thirdparty.io.grpc.StatusRuntimeException: UNAVAILABLE: io exception
	at java.util.concurrent.FutureTask.report(FutureTask.java:122)
	at java.util.concurrent.FutureTask.get(FutureTask.java:192)
	at org.apache.ratis.server.impl.LeaderElection.waitForResults(LeaderElection.java:263)
	at org.apache.ratis.server.impl.LeaderElection.askForVotes(LeaderElection.java:201)
	at org.apache.ratis.server.impl.LeaderElection.run(LeaderElection.java:133)
	at java.lang.Thread.run(Thread.java:748)
Caused by: org.apache.ratis.thirdparty.io.grpc.StatusRuntimeException: UNAVAILABLE: io exception
	at org.apache.ratis.thirdparty.io.grpc.stub.ClientCalls.toStatusRuntimeException(ClientCalls.java:233)
	at org.apache.ratis.thirdparty.io.grpc.stub.ClientCalls.getUnchecked(ClientCalls.java:214)
	at org.apache.ratis.thirdparty.io.grpc.stub.ClientCalls.blockingUnaryCall(ClientCalls.java:139)
	at org.apache.ratis.proto.grpc.RaftServerProtocolServiceGrpc$RaftServerProtocolServiceBlockingStub.requestVote(RaftServerProtocolServiceGrpc.java:265)
	at org.apache.ratis.grpc.server.GrpcServerProtocolClient.requestVote(GrpcServerProtocolClient.java:90)
	at org.apache.ratis.grpc.server.GrpcService.requestVote(GrpcService.java:204)
	at org.apache.ratis.server.impl.LeaderElection.lambda$submitRequests$1(LeaderElection.java:238)
	at java.util.concurrent.FutureTask.run(FutureTask.java:266)
	at java.util.concurrent.Executors$RunnableAdapter.call(Executors.java:511)
	at java.util.concurrent.FutureTask.run(FutureTask.java:266)
	at java.util.concurrent.ThreadPoolExecutor.runWorker(ThreadPoolExecutor.java:1149)
	at java.util.concurrent.ThreadPoolExecutor$Worker.run(ThreadPoolExecutor.java:624)
	... 1 more
Caused by: org.apache.ratis.thirdparty.io.netty.channel.AbstractChannel$AnnotatedConnectException: Connection refused: /192.168.36.84:35510
	at sun.nio.ch.SocketChannelImpl.checkConnect(Native Method)
	at sun.nio.ch.SocketChannelImpl.finishConnect(SocketChannelImpl.java:717)
	at org.apache.ratis.thirdparty.io.netty.channel.socket.nio.NioSocketChannel.doFinishConnect(NioSocketChannel.java:327)
	at org.apache.ratis.thirdparty.io.netty.channel.nio.AbstractNioChannel$AbstractNioUnsafe.finishConnect(AbstractNioChannel.java:340)
	at org.apache.ratis.thirdparty.io.netty.channel.nio.NioEventLoop.processSelectedKey(NioEventLoop.java:632)
	at org.apache.ratis.thirdparty.io.netty.channel.nio.NioEventLoop.processSelectedKeysOptimized(NioEventLoop.java:579)
	at org.apache.ratis.thirdparty.io.netty.channel.nio.NioEventLoop.processSelectedKeys(NioEventLoop.java:496)
	at org.apache.ratis.thirdparty.io.netty.channel.nio.NioEventLoop.run(NioEventLoop.java:458)
	at org.apache.ratis.thirdparty.io.netty.util.concurrent.SingleThreadEventExecutor$5.run(SingleThreadEventExecutor.java:897)
	at org.apache.ratis.thirdparty.io.netty.util.concurrent.FastThreadLocalRunnable.run(FastThreadLocalRunnable.java:30)
	... 1 more
Caused by: java.net.ConnectException: Connection refused
	... 11 more
2019-09-24 18:20:55,632 [76f8f82d-5f7e-41ca-9bb3-5d91ee80ba9b@group-180066A9B904:LeaderElection68] INFO  impl.LeaderElection (LeaderElection.java:logAndReturn(56)) - 76f8f82d-5f7e-41ca-9bb3-5d91ee80ba9b@group-180066A9B904:LeaderElection68: Election REJECTED; received 0 response(s) [] and 2 exception(s); 76f8f82d-5f7e-41ca-9bb3-5d91ee80ba9b@group-180066A9B904:t9, leader=null, voted=76f8f82d-5f7e-41ca-9bb3-5d91ee80ba9b, raftlog=76f8f82d-5f7e-41ca-9bb3-5d91ee80ba9b@group-180066A9B904-SegmentedRaftLog:OPENED:c17,f17,i17, conf=16: [76f8f82d-5f7e-41ca-9bb3-5d91ee80ba9b:192.168.36.84:44299, b474bcaf-cd7e-434d-ad5c-42954e730277:192.168.36.84:35510, 18f7ddc7-ed0b-485b-8078-4f4feb143474:192.168.36.84:46557], old=null
2019-09-24 18:20:55,632 [76f8f82d-5f7e-41ca-9bb3-5d91ee80ba9b@group-180066A9B904:LeaderElection68] INFO  impl.LeaderElection (LogUtils.java:infoOrTrace(149)) -   Exception 0: {}
java.util.concurrent.ExecutionException: org.apache.ratis.thirdparty.io.grpc.StatusRuntimeException: UNAVAILABLE: io exception
	at java.util.concurrent.FutureTask.report(FutureTask.java:122)
	at java.util.concurrent.FutureTask.get(FutureTask.java:192)
	at org.apache.ratis.server.impl.LeaderElection.waitForResults(LeaderElection.java:263)
	at org.apache.ratis.server.impl.LeaderElection.askForVotes(LeaderElection.java:201)
	at org.apache.ratis.server.impl.LeaderElection.run(LeaderElection.java:133)
	at java.lang.Thread.run(Thread.java:748)
Caused by: org.apache.ratis.thirdparty.io.grpc.StatusRuntimeException: UNAVAILABLE: io exception
	at org.apache.ratis.thirdparty.io.grpc.stub.ClientCalls.toStatusRuntimeException(ClientCalls.java:233)
	at org.apache.ratis.thirdparty.io.grpc.stub.ClientCalls.getUnchecked(ClientCalls.java:214)
	at org.apache.ratis.thirdparty.io.grpc.stub.ClientCalls.blockingUnaryCall(ClientCalls.java:139)
	at org.apache.ratis.proto.grpc.RaftServerProtocolServiceGrpc$RaftServerProtocolServiceBlockingStub.requestVote(RaftServerProtocolServiceGrpc.java:265)
	at org.apache.ratis.grpc.server.GrpcServerProtocolClient.requestVote(GrpcServerProtocolClient.java:90)
	at org.apache.ratis.grpc.server.GrpcService.requestVote(GrpcService.java:204)
	at org.apache.ratis.server.impl.LeaderElection.lambda$submitRequests$1(LeaderElection.java:238)
	at java.util.concurrent.FutureTask.run(FutureTask.java:266)
	at java.util.concurrent.Executors$RunnableAdapter.call(Executors.java:511)
	at java.util.concurrent.FutureTask.run(FutureTask.java:266)
	at java.util.concurrent.ThreadPoolExecutor.runWorker(ThreadPoolExecutor.java:1149)
	at java.util.concurrent.ThreadPoolExecutor$Worker.run(ThreadPoolExecutor.java:624)
	... 1 more
Caused by: org.apache.ratis.thirdparty.io.netty.channel.AbstractChannel$AnnotatedConnectException: Connection refused: /192.168.36.84:46557
	at sun.nio.ch.SocketChannelImpl.checkConnect(Native Method)
	at sun.nio.ch.SocketChannelImpl.finishConnect(SocketChannelImpl.java:717)
	at org.apache.ratis.thirdparty.io.netty.channel.socket.nio.NioSocketChannel.doFinishConnect(NioSocketChannel.java:327)
	at org.apache.ratis.thirdparty.io.netty.channel.nio.AbstractNioChannel$AbstractNioUnsafe.finishConnect(AbstractNioChannel.java:340)
	at org.apache.ratis.thirdparty.io.netty.channel.nio.NioEventLoop.processSelectedKey(NioEventLoop.java:632)
	at org.apache.ratis.thirdparty.io.netty.channel.nio.NioEventLoop.processSelectedKeysOptimized(NioEventLoop.java:579)
	at org.apache.ratis.thirdparty.io.netty.channel.nio.NioEventLoop.processSelectedKeys(NioEventLoop.java:496)
	at org.apache.ratis.thirdparty.io.netty.channel.nio.NioEventLoop.run(NioEventLoop.java:458)
	at org.apache.ratis.thirdparty.io.netty.util.concurrent.SingleThreadEventExecutor$5.run(SingleThreadEventExecutor.java:897)
	at org.apache.ratis.thirdparty.io.netty.util.concurrent.FastThreadLocalRunnable.run(FastThreadLocalRunnable.java:30)
	... 1 more
Caused by: java.net.ConnectException: Connection refused
	... 11 more
2019-09-24 18:20:55,632 [76f8f82d-5f7e-41ca-9bb3-5d91ee80ba9b@group-180066A9B904:LeaderElection68] INFO  impl.LeaderElection (LogUtils.java:infoOrTrace(149)) -   Exception 1: {}
java.util.concurrent.ExecutionException: org.apache.ratis.thirdparty.io.grpc.StatusRuntimeException: UNAVAILABLE: io exception
	at java.util.concurrent.FutureTask.report(FutureTask.java:122)
	at java.util.concurrent.FutureTask.get(FutureTask.java:192)
	at org.apache.ratis.server.impl.LeaderElection.waitForResults(LeaderElection.java:263)
	at org.apache.ratis.server.impl.LeaderElection.askForVotes(LeaderElection.java:201)
	at org.apache.ratis.server.impl.LeaderElection.run(LeaderElection.java:133)
	at java.lang.Thread.run(Thread.java:748)
Caused by: org.apache.ratis.thirdparty.io.grpc.StatusRuntimeException: UNAVAILABLE: io exception
	at org.apache.ratis.thirdparty.io.grpc.stub.ClientCalls.toStatusRuntimeException(ClientCalls.java:233)
	at org.apache.ratis.thirdparty.io.grpc.stub.ClientCalls.getUnchecked(ClientCalls.java:214)
	at org.apache.ratis.thirdparty.io.grpc.stub.ClientCalls.blockingUnaryCall(ClientCalls.java:139)
	at org.apache.ratis.proto.grpc.RaftServerProtocolServiceGrpc$RaftServerProtocolServiceBlockingStub.requestVote(RaftServerProtocolServiceGrpc.java:265)
	at org.apache.ratis.grpc.server.GrpcServerProtocolClient.requestVote(GrpcServerProtocolClient.java:90)
	at org.apache.ratis.grpc.server.GrpcService.requestVote(GrpcService.java:204)
	at org.apache.ratis.server.impl.LeaderElection.lambda$submitRequests$1(LeaderElection.java:238)
	at java.util.concurrent.FutureTask.run(FutureTask.java:266)
	at java.util.concurrent.Executors$RunnableAdapter.call(Executors.java:511)
	at java.util.concurrent.FutureTask.run(FutureTask.java:266)
	at java.util.concurrent.ThreadPoolExecutor.runWorker(ThreadPoolExecutor.java:1149)
	at java.util.concurrent.ThreadPoolExecutor$Worker.run(ThreadPoolExecutor.java:624)
	... 1 more
Caused by: org.apache.ratis.thirdparty.io.netty.channel.AbstractChannel$AnnotatedConnectException: Connection refused: /192.168.36.84:35510
	at sun.nio.ch.SocketChannelImpl.checkConnect(Native Method)
	at sun.nio.ch.SocketChannelImpl.finishConnect(SocketChannelImpl.java:717)
	at org.apache.ratis.thirdparty.io.netty.channel.socket.nio.NioSocketChannel.doFinishConnect(NioSocketChannel.java:327)
	at org.apache.ratis.thirdparty.io.netty.channel.nio.AbstractNioChannel$AbstractNioUnsafe.finishConnect(AbstractNioChannel.java:340)
	at org.apache.ratis.thirdparty.io.netty.channel.nio.NioEventLoop.processSelectedKey(NioEventLoop.java:632)
	at org.apache.ratis.thirdparty.io.netty.channel.nio.NioEventLoop.processSelectedKeysOptimized(NioEventLoop.java:579)
	at org.apache.ratis.thirdparty.io.netty.channel.nio.NioEventLoop.processSelectedKeys(NioEventLoop.java:496)
	at org.apache.ratis.thirdparty.io.netty.channel.nio.NioEventLoop.run(NioEventLoop.java:458)
	at org.apache.ratis.thirdparty.io.netty.util.concurrent.SingleThreadEventExecutor$5.run(SingleThreadEventExecutor.java:897)
	at org.apache.ratis.thirdparty.io.netty.util.concurrent.FastThreadLocalRunnable.run(FastThreadLocalRunnable.java:30)
	... 1 more
Caused by: java.net.ConnectException: Connection refused
	... 11 more
2019-09-24 18:20:55,633 [76f8f82d-5f7e-41ca-9bb3-5d91ee80ba9b@group-180066A9B904:LeaderElection68] INFO  impl.RaftServerImpl (RaftServerImpl.java:setRole(174)) - 76f8f82d-5f7e-41ca-9bb3-5d91ee80ba9b@group-180066A9B904: changes role from CANDIDATE to FOLLOWER at term 9 for DISCOVERED_A_NEW_TERM
2019-09-24 18:20:55,633 [76f8f82d-5f7e-41ca-9bb3-5d91ee80ba9b@group-180066A9B904:LeaderElection68] INFO  impl.RoleInfo (RoleInfo.java:shutdownLeaderElection(134)) - 76f8f82d-5f7e-41ca-9bb3-5d91ee80ba9b: shutdown LeaderElection
2019-09-24 18:20:55,633 [76f8f82d-5f7e-41ca-9bb3-5d91ee80ba9b@group-180066A9B904:LeaderElection68] INFO  impl.RoleInfo (RoleInfo.java:updateAndGet(143)) - 76f8f82d-5f7e-41ca-9bb3-5d91ee80ba9b: start FollowerState
2019-09-24 18:20:56,718 [Thread-1076] INFO  impl.FollowerState (FollowerState.java:run(106)) - 76f8f82d-5f7e-41ca-9bb3-5d91ee80ba9b:group-180066A9B904 changes to CANDIDATE, lastRpcTime:1084, electionTimeout:1084ms
2019-09-24 18:20:56,721 [Thread-1076] INFO  impl.RoleInfo (RoleInfo.java:shutdownFollowerState(121)) - 76f8f82d-5f7e-41ca-9bb3-5d91ee80ba9b: shutdown FollowerState
2019-09-24 18:20:56,721 [Thread-1076] INFO  impl.RaftServerImpl (RaftServerImpl.java:setRole(174)) - 76f8f82d-5f7e-41ca-9bb3-5d91ee80ba9b@group-180066A9B904: changes role from  FOLLOWER to CANDIDATE at term 9 for changeToCandidate
2019-09-24 18:20:56,721 [Thread-1076] INFO  impl.RoleInfo (RoleInfo.java:updateAndGet(143)) - 76f8f82d-5f7e-41ca-9bb3-5d91ee80ba9b: start LeaderElection
2019-09-24 18:20:56,736 [76f8f82d-5f7e-41ca-9bb3-5d91ee80ba9b@group-180066A9B904:LeaderElection69] INFO  impl.LeaderElection (LeaderElection.java:askForVotes(182)) - 76f8f82d-5f7e-41ca-9bb3-5d91ee80ba9b@group-180066A9B904:LeaderElection69: begin an election at term 10 for 16: [76f8f82d-5f7e-41ca-9bb3-5d91ee80ba9b:192.168.36.84:44299, b474bcaf-cd7e-434d-ad5c-42954e730277:192.168.36.84:35510, 18f7ddc7-ed0b-485b-8078-4f4feb143474:192.168.36.84:46557], old=null
2019-09-24 18:20:56,738 [76f8f82d-5f7e-41ca-9bb3-5d91ee80ba9b@group-180066A9B904:LeaderElection69] INFO  impl.LeaderElection (LogUtils.java:infoOrTrace(149)) - 76f8f82d-5f7e-41ca-9bb3-5d91ee80ba9b@group-180066A9B904:LeaderElection69 got exception when requesting votes: {}
java.util.concurrent.ExecutionException: org.apache.ratis.thirdparty.io.grpc.StatusRuntimeException: UNAVAILABLE: io exception
	at java.util.concurrent.FutureTask.report(FutureTask.java:122)
	at java.util.concurrent.FutureTask.get(FutureTask.java:192)
	at org.apache.ratis.server.impl.LeaderElection.waitForResults(LeaderElection.java:263)
	at org.apache.ratis.server.impl.LeaderElection.askForVotes(LeaderElection.java:201)
	at org.apache.ratis.server.impl.LeaderElection.run(LeaderElection.java:133)
	at java.lang.Thread.run(Thread.java:748)
Caused by: org.apache.ratis.thirdparty.io.grpc.StatusRuntimeException: UNAVAILABLE: io exception
	at org.apache.ratis.thirdparty.io.grpc.stub.ClientCalls.toStatusRuntimeException(ClientCalls.java:233)
	at org.apache.ratis.thirdparty.io.grpc.stub.ClientCalls.getUnchecked(ClientCalls.java:214)
	at org.apache.ratis.thirdparty.io.grpc.stub.ClientCalls.blockingUnaryCall(ClientCalls.java:139)
	at org.apache.ratis.proto.grpc.RaftServerProtocolServiceGrpc$RaftServerProtocolServiceBlockingStub.requestVote(RaftServerProtocolServiceGrpc.java:265)
	at org.apache.ratis.grpc.server.GrpcServerProtocolClient.requestVote(GrpcServerProtocolClient.java:90)
	at org.apache.ratis.grpc.server.GrpcService.requestVote(GrpcService.java:204)
	at org.apache.ratis.server.impl.LeaderElection.lambda$submitRequests$1(LeaderElection.java:238)
	at java.util.concurrent.FutureTask.run(FutureTask.java:266)
	at java.util.concurrent.Executors$RunnableAdapter.call(Executors.java:511)
	at java.util.concurrent.FutureTask.run(FutureTask.java:266)
	at java.util.concurrent.ThreadPoolExecutor.runWorker(ThreadPoolExecutor.java:1149)
	at java.util.concurrent.ThreadPoolExecutor$Worker.run(ThreadPoolExecutor.java:624)
	... 1 more
Caused by: org.apache.ratis.thirdparty.io.netty.channel.AbstractChannel$AnnotatedConnectException: Connection refused: /192.168.36.84:35510
	at sun.nio.ch.SocketChannelImpl.checkConnect(Native Method)
	at sun.nio.ch.SocketChannelImpl.finishConnect(SocketChannelImpl.java:717)
	at org.apache.ratis.thirdparty.io.netty.channel.socket.nio.NioSocketChannel.doFinishConnect(NioSocketChannel.java:327)
	at org.apache.ratis.thirdparty.io.netty.channel.nio.AbstractNioChannel$AbstractNioUnsafe.finishConnect(AbstractNioChannel.java:340)
	at org.apache.ratis.thirdparty.io.netty.channel.nio.NioEventLoop.processSelectedKey(NioEventLoop.java:632)
	at org.apache.ratis.thirdparty.io.netty.channel.nio.NioEventLoop.processSelectedKeysOptimized(NioEventLoop.java:579)
	at org.apache.ratis.thirdparty.io.netty.channel.nio.NioEventLoop.processSelectedKeys(NioEventLoop.java:496)
	at org.apache.ratis.thirdparty.io.netty.channel.nio.NioEventLoop.run(NioEventLoop.java:458)
	at org.apache.ratis.thirdparty.io.netty.util.concurrent.SingleThreadEventExecutor$5.run(SingleThreadEventExecutor.java:897)
	at org.apache.ratis.thirdparty.io.netty.util.concurrent.FastThreadLocalRunnable.run(FastThreadLocalRunnable.java:30)
	... 1 more
Caused by: java.net.ConnectException: Connection refused
	... 11 more
2019-09-24 18:20:56,740 [76f8f82d-5f7e-41ca-9bb3-5d91ee80ba9b@group-180066A9B904:LeaderElection69] INFO  impl.LeaderElection (LogUtils.java:infoOrTrace(149)) - 76f8f82d-5f7e-41ca-9bb3-5d91ee80ba9b@group-180066A9B904:LeaderElection69 got exception when requesting votes: {}
java.util.concurrent.ExecutionException: org.apache.ratis.thirdparty.io.grpc.StatusRuntimeException: UNAVAILABLE: io exception
	at java.util.concurrent.FutureTask.report(FutureTask.java:122)
	at java.util.concurrent.FutureTask.get(FutureTask.java:192)
	at org.apache.ratis.server.impl.LeaderElection.waitForResults(LeaderElection.java:263)
	at org.apache.ratis.server.impl.LeaderElection.askForVotes(LeaderElection.java:201)
	at org.apache.ratis.server.impl.LeaderElection.run(LeaderElection.java:133)
	at java.lang.Thread.run(Thread.java:748)
Caused by: org.apache.ratis.thirdparty.io.grpc.StatusRuntimeException: UNAVAILABLE: io exception
	at org.apache.ratis.thirdparty.io.grpc.stub.ClientCalls.toStatusRuntimeException(ClientCalls.java:233)
	at org.apache.ratis.thirdparty.io.grpc.stub.ClientCalls.getUnchecked(ClientCalls.java:214)
	at org.apache.ratis.thirdparty.io.grpc.stub.ClientCalls.blockingUnaryCall(ClientCalls.java:139)
	at org.apache.ratis.proto.grpc.RaftServerProtocolServiceGrpc$RaftServerProtocolServiceBlockingStub.requestVote(RaftServerProtocolServiceGrpc.java:265)
	at org.apache.ratis.grpc.server.GrpcServerProtocolClient.requestVote(GrpcServerProtocolClient.java:90)
	at org.apache.ratis.grpc.server.GrpcService.requestVote(GrpcService.java:204)
	at org.apache.ratis.server.impl.LeaderElection.lambda$submitRequests$1(LeaderElection.java:238)
	at java.util.concurrent.FutureTask.run(FutureTask.java:266)
	at java.util.concurrent.Executors$RunnableAdapter.call(Executors.java:511)
	at java.util.concurrent.FutureTask.run(FutureTask.java:266)
	at java.util.concurrent.ThreadPoolExecutor.runWorker(ThreadPoolExecutor.java:1149)
	at java.util.concurrent.ThreadPoolExecutor$Worker.run(ThreadPoolExecutor.java:624)
	... 1 more
Caused by: org.apache.ratis.thirdparty.io.netty.channel.AbstractChannel$AnnotatedConnectException: Connection refused: /192.168.36.84:46557
	at sun.nio.ch.SocketChannelImpl.checkConnect(Native Method)
	at sun.nio.ch.SocketChannelImpl.finishConnect(SocketChannelImpl.java:717)
	at org.apache.ratis.thirdparty.io.netty.channel.socket.nio.NioSocketChannel.doFinishConnect(NioSocketChannel.java:327)
	at org.apache.ratis.thirdparty.io.netty.channel.nio.AbstractNioChannel$AbstractNioUnsafe.finishConnect(AbstractNioChannel.java:340)
	at org.apache.ratis.thirdparty.io.netty.channel.nio.NioEventLoop.processSelectedKey(NioEventLoop.java:632)
	at org.apache.ratis.thirdparty.io.netty.channel.nio.NioEventLoop.processSelectedKeysOptimized(NioEventLoop.java:579)
	at org.apache.ratis.thirdparty.io.netty.channel.nio.NioEventLoop.processSelectedKeys(NioEventLoop.java:496)
	at org.apache.ratis.thirdparty.io.netty.channel.nio.NioEventLoop.run(NioEventLoop.java:458)
	at org.apache.ratis.thirdparty.io.netty.util.concurrent.SingleThreadEventExecutor$5.run(SingleThreadEventExecutor.java:897)
	at org.apache.ratis.thirdparty.io.netty.util.concurrent.FastThreadLocalRunnable.run(FastThreadLocalRunnable.java:30)
	... 1 more
Caused by: java.net.ConnectException: Connection refused
	... 11 more
2019-09-24 18:20:56,742 [76f8f82d-5f7e-41ca-9bb3-5d91ee80ba9b@group-180066A9B904:LeaderElection69] INFO  impl.LeaderElection (LeaderElection.java:logAndReturn(56)) - 76f8f82d-5f7e-41ca-9bb3-5d91ee80ba9b@group-180066A9B904:LeaderElection69: Election REJECTED; received 0 response(s) [] and 2 exception(s); 76f8f82d-5f7e-41ca-9bb3-5d91ee80ba9b@group-180066A9B904:t10, leader=null, voted=76f8f82d-5f7e-41ca-9bb3-5d91ee80ba9b, raftlog=76f8f82d-5f7e-41ca-9bb3-5d91ee80ba9b@group-180066A9B904-SegmentedRaftLog:OPENED:c17,f17,i17, conf=16: [76f8f82d-5f7e-41ca-9bb3-5d91ee80ba9b:192.168.36.84:44299, b474bcaf-cd7e-434d-ad5c-42954e730277:192.168.36.84:35510, 18f7ddc7-ed0b-485b-8078-4f4feb143474:192.168.36.84:46557], old=null
2019-09-24 18:20:56,743 [76f8f82d-5f7e-41ca-9bb3-5d91ee80ba9b@group-180066A9B904:LeaderElection69] INFO  impl.LeaderElection (LogUtils.java:infoOrTrace(149)) -   Exception 0: {}
java.util.concurrent.ExecutionException: org.apache.ratis.thirdparty.io.grpc.StatusRuntimeException: UNAVAILABLE: io exception
	at java.util.concurrent.FutureTask.report(FutureTask.java:122)
	at java.util.concurrent.FutureTask.get(FutureTask.java:192)
	at org.apache.ratis.server.impl.LeaderElection.waitForResults(LeaderElection.java:263)
	at org.apache.ratis.server.impl.LeaderElection.askForVotes(LeaderElection.java:201)
	at org.apache.ratis.server.impl.LeaderElection.run(LeaderElection.java:133)
	at java.lang.Thread.run(Thread.java:748)
Caused by: org.apache.ratis.thirdparty.io.grpc.StatusRuntimeException: UNAVAILABLE: io exception
	at org.apache.ratis.thirdparty.io.grpc.stub.ClientCalls.toStatusRuntimeException(ClientCalls.java:233)
	at org.apache.ratis.thirdparty.io.grpc.stub.ClientCalls.getUnchecked(ClientCalls.java:214)
	at org.apache.ratis.thirdparty.io.grpc.stub.ClientCalls.blockingUnaryCall(ClientCalls.java:139)
	at org.apache.ratis.proto.grpc.RaftServerProtocolServiceGrpc$RaftServerProtocolServiceBlockingStub.requestVote(RaftServerProtocolServiceGrpc.java:265)
	at org.apache.ratis.grpc.server.GrpcServerProtocolClient.requestVote(GrpcServerProtocolClient.java:90)
	at org.apache.ratis.grpc.server.GrpcService.requestVote(GrpcService.java:204)
	at org.apache.ratis.server.impl.LeaderElection.lambda$submitRequests$1(LeaderElection.java:238)
	at java.util.concurrent.FutureTask.run(FutureTask.java:266)
	at java.util.concurrent.Executors$RunnableAdapter.call(Executors.java:511)
	at java.util.concurrent.FutureTask.run(FutureTask.java:266)
	at java.util.concurrent.ThreadPoolExecutor.runWorker(ThreadPoolExecutor.java:1149)
	at java.util.concurrent.ThreadPoolExecutor$Worker.run(ThreadPoolExecutor.java:624)
	... 1 more
Caused by: org.apache.ratis.thirdparty.io.netty.channel.AbstractChannel$AnnotatedConnectException: Connection refused: /192.168.36.84:35510
	at sun.nio.ch.SocketChannelImpl.checkConnect(Native Method)
	at sun.nio.ch.SocketChannelImpl.finishConnect(SocketChannelImpl.java:717)
	at org.apache.ratis.thirdparty.io.netty.channel.socket.nio.NioSocketChannel.doFinishConnect(NioSocketChannel.java:327)
	at org.apache.ratis.thirdparty.io.netty.channel.nio.AbstractNioChannel$AbstractNioUnsafe.finishConnect(AbstractNioChannel.java:340)
	at org.apache.ratis.thirdparty.io.netty.channel.nio.NioEventLoop.processSelectedKey(NioEventLoop.java:632)
	at org.apache.ratis.thirdparty.io.netty.channel.nio.NioEventLoop.processSelectedKeysOptimized(NioEventLoop.java:579)
	at org.apache.ratis.thirdparty.io.netty.channel.nio.NioEventLoop.processSelectedKeys(NioEventLoop.java:496)
	at org.apache.ratis.thirdparty.io.netty.channel.nio.NioEventLoop.run(NioEventLoop.java:458)
	at org.apache.ratis.thirdparty.io.netty.util.concurrent.SingleThreadEventExecutor$5.run(SingleThreadEventExecutor.java:897)
	at org.apache.ratis.thirdparty.io.netty.util.concurrent.FastThreadLocalRunnable.run(FastThreadLocalRunnable.java:30)
	... 1 more
Caused by: java.net.ConnectException: Connection refused
	... 11 more
2019-09-24 18:20:56,743 [76f8f82d-5f7e-41ca-9bb3-5d91ee80ba9b@group-180066A9B904:LeaderElection69] INFO  impl.LeaderElection (LogUtils.java:infoOrTrace(149)) -   Exception 1: {}
java.util.concurrent.ExecutionException: org.apache.ratis.thirdparty.io.grpc.StatusRuntimeException: UNAVAILABLE: io exception
	at java.util.concurrent.FutureTask.report(FutureTask.java:122)
	at java.util.concurrent.FutureTask.get(FutureTask.java:192)
	at org.apache.ratis.server.impl.LeaderElection.waitForResults(LeaderElection.java:263)
	at org.apache.ratis.server.impl.LeaderElection.askForVotes(LeaderElection.java:201)
	at org.apache.ratis.server.impl.LeaderElection.run(LeaderElection.java:133)
	at java.lang.Thread.run(Thread.java:748)
Caused by: org.apache.ratis.thirdparty.io.grpc.StatusRuntimeException: UNAVAILABLE: io exception
	at org.apache.ratis.thirdparty.io.grpc.stub.ClientCalls.toStatusRuntimeException(ClientCalls.java:233)
	at org.apache.ratis.thirdparty.io.grpc.stub.ClientCalls.getUnchecked(ClientCalls.java:214)
	at org.apache.ratis.thirdparty.io.grpc.stub.ClientCalls.blockingUnaryCall(ClientCalls.java:139)
	at org.apache.ratis.proto.grpc.RaftServerProtocolServiceGrpc$RaftServerProtocolServiceBlockingStub.requestVote(RaftServerProtocolServiceGrpc.java:265)
	at org.apache.ratis.grpc.server.GrpcServerProtocolClient.requestVote(GrpcServerProtocolClient.java:90)
	at org.apache.ratis.grpc.server.GrpcService.requestVote(GrpcService.java:204)
	at org.apache.ratis.server.impl.LeaderElection.lambda$submitRequests$1(LeaderElection.java:238)
	at java.util.concurrent.FutureTask.run(FutureTask.java:266)
	at java.util.concurrent.Executors$RunnableAdapter.call(Executors.java:511)
	at java.util.concurrent.FutureTask.run(FutureTask.java:266)
	at java.util.concurrent.ThreadPoolExecutor.runWorker(ThreadPoolExecutor.java:1149)
	at java.util.concurrent.ThreadPoolExecutor$Worker.run(ThreadPoolExecutor.java:624)
	... 1 more
Caused by: org.apache.ratis.thirdparty.io.netty.channel.AbstractChannel$AnnotatedConnectException: Connection refused: /192.168.36.84:46557
	at sun.nio.ch.SocketChannelImpl.checkConnect(Native Method)
	at sun.nio.ch.SocketChannelImpl.finishConnect(SocketChannelImpl.java:717)
	at org.apache.ratis.thirdparty.io.netty.channel.socket.nio.NioSocketChannel.doFinishConnect(NioSocketChannel.java:327)
	at org.apache.ratis.thirdparty.io.netty.channel.nio.AbstractNioChannel$AbstractNioUnsafe.finishConnect(AbstractNioChannel.java:340)
	at org.apache.ratis.thirdparty.io.netty.channel.nio.NioEventLoop.processSelectedKey(NioEventLoop.java:632)
	at org.apache.ratis.thirdparty.io.netty.channel.nio.NioEventLoop.processSelectedKeysOptimized(NioEventLoop.java:579)
	at org.apache.ratis.thirdparty.io.netty.channel.nio.NioEventLoop.processSelectedKeys(NioEventLoop.java:496)
	at org.apache.ratis.thirdparty.io.netty.channel.nio.NioEventLoop.run(NioEventLoop.java:458)
	at org.apache.ratis.thirdparty.io.netty.util.concurrent.SingleThreadEventExecutor$5.run(SingleThreadEventExecutor.java:897)
	at org.apache.ratis.thirdparty.io.netty.util.concurrent.FastThreadLocalRunnable.run(FastThreadLocalRunnable.java:30)
	... 1 more
Caused by: java.net.ConnectException: Connection refused
	... 11 more
2019-09-24 18:20:56,743 [76f8f82d-5f7e-41ca-9bb3-5d91ee80ba9b@group-180066A9B904:LeaderElection69] INFO  impl.RaftServerImpl (RaftServerImpl.java:setRole(174)) - 76f8f82d-5f7e-41ca-9bb3-5d91ee80ba9b@group-180066A9B904: changes role from CANDIDATE to FOLLOWER at term 10 for DISCOVERED_A_NEW_TERM
2019-09-24 18:20:56,744 [76f8f82d-5f7e-41ca-9bb3-5d91ee80ba9b@group-180066A9B904:LeaderElection69] INFO  impl.RoleInfo (RoleInfo.java:shutdownLeaderElection(134)) - 76f8f82d-5f7e-41ca-9bb3-5d91ee80ba9b: shutdown LeaderElection
2019-09-24 18:20:56,744 [76f8f82d-5f7e-41ca-9bb3-5d91ee80ba9b@group-180066A9B904:LeaderElection69] INFO  impl.RoleInfo (RoleInfo.java:updateAndGet(143)) - 76f8f82d-5f7e-41ca-9bb3-5d91ee80ba9b: start FollowerState
2019-09-24 18:20:57,927 [Thread-1085] INFO  impl.FollowerState (FollowerState.java:run(106)) - 76f8f82d-5f7e-41ca-9bb3-5d91ee80ba9b:group-180066A9B904 changes to CANDIDATE, lastRpcTime:1183, electionTimeout:1183ms
2019-09-24 18:20:57,930 [Thread-1085] INFO  impl.RoleInfo (RoleInfo.java:shutdownFollowerState(121)) - 76f8f82d-5f7e-41ca-9bb3-5d91ee80ba9b: shutdown FollowerState
2019-09-24 18:20:57,930 [Thread-1085] INFO  impl.RaftServerImpl (RaftServerImpl.java:setRole(174)) - 76f8f82d-5f7e-41ca-9bb3-5d91ee80ba9b@group-180066A9B904: changes role from  FOLLOWER to CANDIDATE at term 10 for changeToCandidate
2019-09-24 18:20:57,930 [Thread-1085] INFO  impl.RoleInfo (RoleInfo.java:updateAndGet(143)) - 76f8f82d-5f7e-41ca-9bb3-5d91ee80ba9b: start LeaderElection
2019-09-24 18:20:57,945 [76f8f82d-5f7e-41ca-9bb3-5d91ee80ba9b@group-180066A9B904:LeaderElection70] INFO  impl.LeaderElection (LeaderElection.java:askForVotes(182)) - 76f8f82d-5f7e-41ca-9bb3-5d91ee80ba9b@group-180066A9B904:LeaderElection70: begin an election at term 11 for 16: [76f8f82d-5f7e-41ca-9bb3-5d91ee80ba9b:192.168.36.84:44299, b474bcaf-cd7e-434d-ad5c-42954e730277:192.168.36.84:35510, 18f7ddc7-ed0b-485b-8078-4f4feb143474:192.168.36.84:46557], old=null
2019-09-24 18:20:57,946 [76f8f82d-5f7e-41ca-9bb3-5d91ee80ba9b@group-180066A9B904:LeaderElection70] INFO  impl.LeaderElection (LogUtils.java:infoOrTrace(149)) - 76f8f82d-5f7e-41ca-9bb3-5d91ee80ba9b@group-180066A9B904:LeaderElection70 got exception when requesting votes: {}
java.util.concurrent.ExecutionException: org.apache.ratis.thirdparty.io.grpc.StatusRuntimeException: UNAVAILABLE: io exception
	at java.util.concurrent.FutureTask.report(FutureTask.java:122)
	at java.util.concurrent.FutureTask.get(FutureTask.java:192)
	at org.apache.ratis.server.impl.LeaderElection.waitForResults(LeaderElection.java:263)
	at org.apache.ratis.server.impl.LeaderElection.askForVotes(LeaderElection.java:201)
	at org.apache.ratis.server.impl.LeaderElection.run(LeaderElection.java:133)
	at java.lang.Thread.run(Thread.java:748)
Caused by: org.apache.ratis.thirdparty.io.grpc.StatusRuntimeException: UNAVAILABLE: io exception
	at org.apache.ratis.thirdparty.io.grpc.stub.ClientCalls.toStatusRuntimeException(ClientCalls.java:233)
	at org.apache.ratis.thirdparty.io.grpc.stub.ClientCalls.getUnchecked(ClientCalls.java:214)
	at org.apache.ratis.thirdparty.io.grpc.stub.ClientCalls.blockingUnaryCall(ClientCalls.java:139)
	at org.apache.ratis.proto.grpc.RaftServerProtocolServiceGrpc$RaftServerProtocolServiceBlockingStub.requestVote(RaftServerProtocolServiceGrpc.java:265)
	at org.apache.ratis.grpc.server.GrpcServerProtocolClient.requestVote(GrpcServerProtocolClient.java:90)
	at org.apache.ratis.grpc.server.GrpcService.requestVote(GrpcService.java:204)
	at org.apache.ratis.server.impl.LeaderElection.lambda$submitRequests$1(LeaderElection.java:238)
	at java.util.concurrent.FutureTask.run(FutureTask.java:266)
	at java.util.concurrent.Executors$RunnableAdapter.call(Executors.java:511)
	at java.util.concurrent.FutureTask.run(FutureTask.java:266)
	at java.util.concurrent.ThreadPoolExecutor.runWorker(ThreadPoolExecutor.java:1149)
	at java.util.concurrent.ThreadPoolExecutor$Worker.run(ThreadPoolExecutor.java:624)
	... 1 more
Caused by: org.apache.ratis.thirdparty.io.netty.channel.AbstractChannel$AnnotatedConnectException: Connection refused: /192.168.36.84:35510
	at sun.nio.ch.SocketChannelImpl.checkConnect(Native Method)
	at sun.nio.ch.SocketChannelImpl.finishConnect(SocketChannelImpl.java:717)
	at org.apache.ratis.thirdparty.io.netty.channel.socket.nio.NioSocketChannel.doFinishConnect(NioSocketChannel.java:327)
	at org.apache.ratis.thirdparty.io.netty.channel.nio.AbstractNioChannel$AbstractNioUnsafe.finishConnect(AbstractNioChannel.java:340)
	at org.apache.ratis.thirdparty.io.netty.channel.nio.NioEventLoop.processSelectedKey(NioEventLoop.java:632)
	at org.apache.ratis.thirdparty.io.netty.channel.nio.NioEventLoop.processSelectedKeysOptimized(NioEventLoop.java:579)
	at org.apache.ratis.thirdparty.io.netty.channel.nio.NioEventLoop.processSelectedKeys(NioEventLoop.java:496)
	at org.apache.ratis.thirdparty.io.netty.channel.nio.NioEventLoop.run(NioEventLoop.java:458)
	at org.apache.ratis.thirdparty.io.netty.util.concurrent.SingleThreadEventExecutor$5.run(SingleThreadEventExecutor.java:897)
	at org.apache.ratis.thirdparty.io.netty.util.concurrent.FastThreadLocalRunnable.run(FastThreadLocalRunnable.java:30)
	... 1 more
Caused by: java.net.ConnectException: Connection refused
	... 11 more
2019-09-24 18:20:57,949 [76f8f82d-5f7e-41ca-9bb3-5d91ee80ba9b@group-180066A9B904:LeaderElection70] INFO  impl.LeaderElection (LogUtils.java:infoOrTrace(149)) - 76f8f82d-5f7e-41ca-9bb3-5d91ee80ba9b@group-180066A9B904:LeaderElection70 got exception when requesting votes: {}
java.util.concurrent.ExecutionException: org.apache.ratis.thirdparty.io.grpc.StatusRuntimeException: UNAVAILABLE: io exception
	at java.util.concurrent.FutureTask.report(FutureTask.java:122)
	at java.util.concurrent.FutureTask.get(FutureTask.java:192)
	at org.apache.ratis.server.impl.LeaderElection.waitForResults(LeaderElection.java:263)
	at org.apache.ratis.server.impl.LeaderElection.askForVotes(LeaderElection.java:201)
	at org.apache.ratis.server.impl.LeaderElection.run(LeaderElection.java:133)
	at java.lang.Thread.run(Thread.java:748)
Caused by: org.apache.ratis.thirdparty.io.grpc.StatusRuntimeException: UNAVAILABLE: io exception
	at org.apache.ratis.thirdparty.io.grpc.stub.ClientCalls.toStatusRuntimeException(ClientCalls.java:233)
	at org.apache.ratis.thirdparty.io.grpc.stub.ClientCalls.getUnchecked(ClientCalls.java:214)
	at org.apache.ratis.thirdparty.io.grpc.stub.ClientCalls.blockingUnaryCall(ClientCalls.java:139)
	at org.apache.ratis.proto.grpc.RaftServerProtocolServiceGrpc$RaftServerProtocolServiceBlockingStub.requestVote(RaftServerProtocolServiceGrpc.java:265)
	at org.apache.ratis.grpc.server.GrpcServerProtocolClient.requestVote(GrpcServerProtocolClient.java:90)
	at org.apache.ratis.grpc.server.GrpcService.requestVote(GrpcService.java:204)
	at org.apache.ratis.server.impl.LeaderElection.lambda$submitRequests$1(LeaderElection.java:238)
	at java.util.concurrent.FutureTask.run(FutureTask.java:266)
	at java.util.concurrent.Executors$RunnableAdapter.call(Executors.java:511)
	at java.util.concurrent.FutureTask.run(FutureTask.java:266)
	at java.util.concurrent.ThreadPoolExecutor.runWorker(ThreadPoolExecutor.java:1149)
	at java.util.concurrent.ThreadPoolExecutor$Worker.run(ThreadPoolExecutor.java:624)
	... 1 more
Caused by: org.apache.ratis.thirdparty.io.netty.channel.AbstractChannel$AnnotatedConnectException: Connection refused: /192.168.36.84:46557
	at sun.nio.ch.SocketChannelImpl.checkConnect(Native Method)
	at sun.nio.ch.SocketChannelImpl.finishConnect(SocketChannelImpl.java:717)
	at org.apache.ratis.thirdparty.io.netty.channel.socket.nio.NioSocketChannel.doFinishConnect(NioSocketChannel.java:327)
	at org.apache.ratis.thirdparty.io.netty.channel.nio.AbstractNioChannel$AbstractNioUnsafe.finishConnect(AbstractNioChannel.java:340)
	at org.apache.ratis.thirdparty.io.netty.channel.nio.NioEventLoop.processSelectedKey(NioEventLoop.java:632)
	at org.apache.ratis.thirdparty.io.netty.channel.nio.NioEventLoop.processSelectedKeysOptimized(NioEventLoop.java:579)
	at org.apache.ratis.thirdparty.io.netty.channel.nio.NioEventLoop.processSelectedKeys(NioEventLoop.java:496)
	at org.apache.ratis.thirdparty.io.netty.channel.nio.NioEventLoop.run(NioEventLoop.java:458)
	at org.apache.ratis.thirdparty.io.netty.util.concurrent.SingleThreadEventExecutor$5.run(SingleThreadEventExecutor.java:897)
	at org.apache.ratis.thirdparty.io.netty.util.concurrent.FastThreadLocalRunnable.run(FastThreadLocalRunnable.java:30)
	... 1 more
Caused by: java.net.ConnectException: Connection refused
	... 11 more
2019-09-24 18:20:57,959 [76f8f82d-5f7e-41ca-9bb3-5d91ee80ba9b@group-180066A9B904:LeaderElection70] INFO  impl.LeaderElection (LeaderElection.java:logAndReturn(56)) - 76f8f82d-5f7e-41ca-9bb3-5d91ee80ba9b@group-180066A9B904:LeaderElection70: Election REJECTED; received 0 response(s) [] and 2 exception(s); 76f8f82d-5f7e-41ca-9bb3-5d91ee80ba9b@group-180066A9B904:t11, leader=null, voted=76f8f82d-5f7e-41ca-9bb3-5d91ee80ba9b, raftlog=76f8f82d-5f7e-41ca-9bb3-5d91ee80ba9b@group-180066A9B904-SegmentedRaftLog:OPENED:c17,f17,i17, conf=16: [76f8f82d-5f7e-41ca-9bb3-5d91ee80ba9b:192.168.36.84:44299, b474bcaf-cd7e-434d-ad5c-42954e730277:192.168.36.84:35510, 18f7ddc7-ed0b-485b-8078-4f4feb143474:192.168.36.84:46557], old=null
2019-09-24 18:20:57,959 [76f8f82d-5f7e-41ca-9bb3-5d91ee80ba9b@group-180066A9B904:LeaderElection70] INFO  impl.LeaderElection (LogUtils.java:infoOrTrace(149)) -   Exception 0: {}
java.util.concurrent.ExecutionException: org.apache.ratis.thirdparty.io.grpc.StatusRuntimeException: UNAVAILABLE: io exception
	at java.util.concurrent.FutureTask.report(FutureTask.java:122)
	at java.util.concurrent.FutureTask.get(FutureTask.java:192)
	at org.apache.ratis.server.impl.LeaderElection.waitForResults(LeaderElection.java:263)
	at org.apache.ratis.server.impl.LeaderElection.askForVotes(LeaderElection.java:201)
	at org.apache.ratis.server.impl.LeaderElection.run(LeaderElection.java:133)
	at java.lang.Thread.run(Thread.java:748)
Caused by: org.apache.ratis.thirdparty.io.grpc.StatusRuntimeException: UNAVAILABLE: io exception
	at org.apache.ratis.thirdparty.io.grpc.stub.ClientCalls.toStatusRuntimeException(ClientCalls.java:233)
	at org.apache.ratis.thirdparty.io.grpc.stub.ClientCalls.getUnchecked(ClientCalls.java:214)
	at org.apache.ratis.thirdparty.io.grpc.stub.ClientCalls.blockingUnaryCall(ClientCalls.java:139)
	at org.apache.ratis.proto.grpc.RaftServerProtocolServiceGrpc$RaftServerProtocolServiceBlockingStub.requestVote(RaftServerProtocolServiceGrpc.java:265)
	at org.apache.ratis.grpc.server.GrpcServerProtocolClient.requestVote(GrpcServerProtocolClient.java:90)
	at org.apache.ratis.grpc.server.GrpcService.requestVote(GrpcService.java:204)
	at org.apache.ratis.server.impl.LeaderElection.lambda$submitRequests$1(LeaderElection.java:238)
	at java.util.concurrent.FutureTask.run(FutureTask.java:266)
	at java.util.concurrent.Executors$RunnableAdapter.call(Executors.java:511)
	at java.util.concurrent.FutureTask.run(FutureTask.java:266)
	at java.util.concurrent.ThreadPoolExecutor.runWorker(ThreadPoolExecutor.java:1149)
	at java.util.concurrent.ThreadPoolExecutor$Worker.run(ThreadPoolExecutor.java:624)
	... 1 more
Caused by: org.apache.ratis.thirdparty.io.netty.channel.AbstractChannel$AnnotatedConnectException: Connection refused: /192.168.36.84:35510
	at sun.nio.ch.SocketChannelImpl.checkConnect(Native Method)
	at sun.nio.ch.SocketChannelImpl.finishConnect(SocketChannelImpl.java:717)
	at org.apache.ratis.thirdparty.io.netty.channel.socket.nio.NioSocketChannel.doFinishConnect(NioSocketChannel.java:327)
	at org.apache.ratis.thirdparty.io.netty.channel.nio.AbstractNioChannel$AbstractNioUnsafe.finishConnect(AbstractNioChannel.java:340)
	at org.apache.ratis.thirdparty.io.netty.channel.nio.NioEventLoop.processSelectedKey(NioEventLoop.java:632)
	at org.apache.ratis.thirdparty.io.netty.channel.nio.NioEventLoop.processSelectedKeysOptimized(NioEventLoop.java:579)
	at org.apache.ratis.thirdparty.io.netty.channel.nio.NioEventLoop.processSelectedKeys(NioEventLoop.java:496)
	at org.apache.ratis.thirdparty.io.netty.channel.nio.NioEventLoop.run(NioEventLoop.java:458)
	at org.apache.ratis.thirdparty.io.netty.util.concurrent.SingleThreadEventExecutor$5.run(SingleThreadEventExecutor.java:897)
	at org.apache.ratis.thirdparty.io.netty.util.concurrent.FastThreadLocalRunnable.run(FastThreadLocalRunnable.java:30)
	... 1 more
Caused by: java.net.ConnectException: Connection refused
	... 11 more
2019-09-24 18:20:57,960 [76f8f82d-5f7e-41ca-9bb3-5d91ee80ba9b@group-180066A9B904:LeaderElection70] INFO  impl.LeaderElection (LogUtils.java:infoOrTrace(149)) -   Exception 1: {}
java.util.concurrent.ExecutionException: org.apache.ratis.thirdparty.io.grpc.StatusRuntimeException: UNAVAILABLE: io exception
	at java.util.concurrent.FutureTask.report(FutureTask.java:122)
	at java.util.concurrent.FutureTask.get(FutureTask.java:192)
	at org.apache.ratis.server.impl.LeaderElection.waitForResults(LeaderElection.java:263)
	at org.apache.ratis.server.impl.LeaderElection.askForVotes(LeaderElection.java:201)
	at org.apache.ratis.server.impl.LeaderElection.run(LeaderElection.java:133)
	at java.lang.Thread.run(Thread.java:748)
Caused by: org.apache.ratis.thirdparty.io.grpc.StatusRuntimeException: UNAVAILABLE: io exception
	at org.apache.ratis.thirdparty.io.grpc.stub.ClientCalls.toStatusRuntimeException(ClientCalls.java:233)
	at org.apache.ratis.thirdparty.io.grpc.stub.ClientCalls.getUnchecked(ClientCalls.java:214)
	at org.apache.ratis.thirdparty.io.grpc.stub.ClientCalls.blockingUnaryCall(ClientCalls.java:139)
	at org.apache.ratis.proto.grpc.RaftServerProtocolServiceGrpc$RaftServerProtocolServiceBlockingStub.requestVote(RaftServerProtocolServiceGrpc.java:265)
	at org.apache.ratis.grpc.server.GrpcServerProtocolClient.requestVote(GrpcServerProtocolClient.java:90)
	at org.apache.ratis.grpc.server.GrpcService.requestVote(GrpcService.java:204)
	at org.apache.ratis.server.impl.LeaderElection.lambda$submitRequests$1(LeaderElection.java:238)
	at java.util.concurrent.FutureTask.run(FutureTask.java:266)
	at java.util.concurrent.Executors$RunnableAdapter.call(Executors.java:511)
	at java.util.concurrent.FutureTask.run(FutureTask.java:266)
	at java.util.concurrent.ThreadPoolExecutor.runWorker(ThreadPoolExecutor.java:1149)
	at java.util.concurrent.ThreadPoolExecutor$Worker.run(ThreadPoolExecutor.java:624)
	... 1 more
Caused by: org.apache.ratis.thirdparty.io.netty.channel.AbstractChannel$AnnotatedConnectException: Connection refused: /192.168.36.84:46557
	at sun.nio.ch.SocketChannelImpl.checkConnect(Native Method)
	at sun.nio.ch.SocketChannelImpl.finishConnect(SocketChannelImpl.java:717)
	at org.apache.ratis.thirdparty.io.netty.channel.socket.nio.NioSocketChannel.doFinishConnect(NioSocketChannel.java:327)
	at org.apache.ratis.thirdparty.io.netty.channel.nio.AbstractNioChannel$AbstractNioUnsafe.finishConnect(AbstractNioChannel.java:340)
	at org.apache.ratis.thirdparty.io.netty.channel.nio.NioEventLoop.processSelectedKey(NioEventLoop.java:632)
	at org.apache.ratis.thirdparty.io.netty.channel.nio.NioEventLoop.processSelectedKeysOptimized(NioEventLoop.java:579)
	at org.apache.ratis.thirdparty.io.netty.channel.nio.NioEventLoop.processSelectedKeys(NioEventLoop.java:496)
	at org.apache.ratis.thirdparty.io.netty.channel.nio.NioEventLoop.run(NioEventLoop.java:458)
	at org.apache.ratis.thirdparty.io.netty.util.concurrent.SingleThreadEventExecutor$5.run(SingleThreadEventExecutor.java:897)
	at org.apache.ratis.thirdparty.io.netty.util.concurrent.FastThreadLocalRunnable.run(FastThreadLocalRunnable.java:30)
	... 1 more
Caused by: java.net.ConnectException: Connection refused
	... 11 more
2019-09-24 18:20:57,961 [76f8f82d-5f7e-41ca-9bb3-5d91ee80ba9b@group-180066A9B904:LeaderElection70] INFO  impl.RaftServerImpl (RaftServerImpl.java:setRole(174)) - 76f8f82d-5f7e-41ca-9bb3-5d91ee80ba9b@group-180066A9B904: changes role from CANDIDATE to FOLLOWER at term 11 for DISCOVERED_A_NEW_TERM
2019-09-24 18:20:57,961 [76f8f82d-5f7e-41ca-9bb3-5d91ee80ba9b@group-180066A9B904:LeaderElection70] INFO  impl.RoleInfo (RoleInfo.java:shutdownLeaderElection(134)) - 76f8f82d-5f7e-41ca-9bb3-5d91ee80ba9b: shutdown LeaderElection
2019-09-24 18:20:57,961 [76f8f82d-5f7e-41ca-9bb3-5d91ee80ba9b@group-180066A9B904:LeaderElection70] INFO  impl.RoleInfo (RoleInfo.java:updateAndGet(143)) - 76f8f82d-5f7e-41ca-9bb3-5d91ee80ba9b: start FollowerState
2019-09-24 18:20:59,119 [Thread-1094] INFO  impl.FollowerState (FollowerState.java:run(106)) - 76f8f82d-5f7e-41ca-9bb3-5d91ee80ba9b:group-180066A9B904 changes to CANDIDATE, lastRpcTime:1157, electionTimeout:1157ms
2019-09-24 18:20:59,122 [Thread-1094] INFO  impl.RoleInfo (RoleInfo.java:shutdownFollowerState(121)) - 76f8f82d-5f7e-41ca-9bb3-5d91ee80ba9b: shutdown FollowerState
2019-09-24 18:20:59,122 [Thread-1094] INFO  impl.RaftServerImpl (RaftServerImpl.java:setRole(174)) - 76f8f82d-5f7e-41ca-9bb3-5d91ee80ba9b@group-180066A9B904: changes role from  FOLLOWER to CANDIDATE at term 11 for changeToCandidate
2019-09-24 18:20:59,122 [Thread-1094] INFO  impl.RoleInfo (RoleInfo.java:updateAndGet(143)) - 76f8f82d-5f7e-41ca-9bb3-5d91ee80ba9b: start LeaderElection
2019-09-24 18:20:59,136 [76f8f82d-5f7e-41ca-9bb3-5d91ee80ba9b@group-180066A9B904:LeaderElection71] INFO  impl.LeaderElection (LeaderElection.java:askForVotes(182)) - 76f8f82d-5f7e-41ca-9bb3-5d91ee80ba9b@group-180066A9B904:LeaderElection71: begin an election at term 12 for 16: [76f8f82d-5f7e-41ca-9bb3-5d91ee80ba9b:192.168.36.84:44299, b474bcaf-cd7e-434d-ad5c-42954e730277:192.168.36.84:35510, 18f7ddc7-ed0b-485b-8078-4f4feb143474:192.168.36.84:46557], old=null
2019-09-24 18:20:59,138 [76f8f82d-5f7e-41ca-9bb3-5d91ee80ba9b@group-180066A9B904:LeaderElection71] INFO  impl.LeaderElection (LogUtils.java:infoOrTrace(149)) - 76f8f82d-5f7e-41ca-9bb3-5d91ee80ba9b@group-180066A9B904:LeaderElection71 got exception when requesting votes: {}
java.util.concurrent.ExecutionException: org.apache.ratis.thirdparty.io.grpc.StatusRuntimeException: UNAVAILABLE: io exception
	at java.util.concurrent.FutureTask.report(FutureTask.java:122)
	at java.util.concurrent.FutureTask.get(FutureTask.java:192)
	at org.apache.ratis.server.impl.LeaderElection.waitForResults(LeaderElection.java:263)
	at org.apache.ratis.server.impl.LeaderElection.askForVotes(LeaderElection.java:201)
	at org.apache.ratis.server.impl.LeaderElection.run(LeaderElection.java:133)
	at java.lang.Thread.run(Thread.java:748)
Caused by: org.apache.ratis.thirdparty.io.grpc.StatusRuntimeException: UNAVAILABLE: io exception
	at org.apache.ratis.thirdparty.io.grpc.stub.ClientCalls.toStatusRuntimeException(ClientCalls.java:233)
	at org.apache.ratis.thirdparty.io.grpc.stub.ClientCalls.getUnchecked(ClientCalls.java:214)
	at org.apache.ratis.thirdparty.io.grpc.stub.ClientCalls.blockingUnaryCall(ClientCalls.java:139)
	at org.apache.ratis.proto.grpc.RaftServerProtocolServiceGrpc$RaftServerProtocolServiceBlockingStub.requestVote(RaftServerProtocolServiceGrpc.java:265)
	at org.apache.ratis.grpc.server.GrpcServerProtocolClient.requestVote(GrpcServerProtocolClient.java:90)
	at org.apache.ratis.grpc.server.GrpcService.requestVote(GrpcService.java:204)
	at org.apache.ratis.server.impl.LeaderElection.lambda$submitRequests$1(LeaderElection.java:238)
	at java.util.concurrent.FutureTask.run(FutureTask.java:266)
	at java.util.concurrent.Executors$RunnableAdapter.call(Executors.java:511)
	at java.util.concurrent.FutureTask.run(FutureTask.java:266)
	at java.util.concurrent.ThreadPoolExecutor.runWorker(ThreadPoolExecutor.java:1149)
	at java.util.concurrent.ThreadPoolExecutor$Worker.run(ThreadPoolExecutor.java:624)
	... 1 more
Caused by: org.apache.ratis.thirdparty.io.netty.channel.AbstractChannel$AnnotatedConnectException: Connection refused: /192.168.36.84:35510
	at sun.nio.ch.SocketChannelImpl.checkConnect(Native Method)
	at sun.nio.ch.SocketChannelImpl.finishConnect(SocketChannelImpl.java:717)
	at org.apache.ratis.thirdparty.io.netty.channel.socket.nio.NioSocketChannel.doFinishConnect(NioSocketChannel.java:327)
	at org.apache.ratis.thirdparty.io.netty.channel.nio.AbstractNioChannel$AbstractNioUnsafe.finishConnect(AbstractNioChannel.java:340)
	at org.apache.ratis.thirdparty.io.netty.channel.nio.NioEventLoop.processSelectedKey(NioEventLoop.java:632)
	at org.apache.ratis.thirdparty.io.netty.channel.nio.NioEventLoop.processSelectedKeysOptimized(NioEventLoop.java:579)
	at org.apache.ratis.thirdparty.io.netty.channel.nio.NioEventLoop.processSelectedKeys(NioEventLoop.java:496)
	at org.apache.ratis.thirdparty.io.netty.channel.nio.NioEventLoop.run(NioEventLoop.java:458)
	at org.apache.ratis.thirdparty.io.netty.util.concurrent.SingleThreadEventExecutor$5.run(SingleThreadEventExecutor.java:897)
	at org.apache.ratis.thirdparty.io.netty.util.concurrent.FastThreadLocalRunnable.run(FastThreadLocalRunnable.java:30)
	... 1 more
Caused by: java.net.ConnectException: Connection refused
	... 11 more
2019-09-24 18:20:59,140 [76f8f82d-5f7e-41ca-9bb3-5d91ee80ba9b@group-180066A9B904:LeaderElection71] INFO  impl.LeaderElection (LogUtils.java:infoOrTrace(149)) - 76f8f82d-5f7e-41ca-9bb3-5d91ee80ba9b@group-180066A9B904:LeaderElection71 got exception when requesting votes: {}
java.util.concurrent.ExecutionException: org.apache.ratis.thirdparty.io.grpc.StatusRuntimeException: UNAVAILABLE: io exception
	at java.util.concurrent.FutureTask.report(FutureTask.java:122)
	at java.util.concurrent.FutureTask.get(FutureTask.java:192)
	at org.apache.ratis.server.impl.LeaderElection.waitForResults(LeaderElection.java:263)
	at org.apache.ratis.server.impl.LeaderElection.askForVotes(LeaderElection.java:201)
	at org.apache.ratis.server.impl.LeaderElection.run(LeaderElection.java:133)
	at java.lang.Thread.run(Thread.java:748)
Caused by: org.apache.ratis.thirdparty.io.grpc.StatusRuntimeException: UNAVAILABLE: io exception
	at org.apache.ratis.thirdparty.io.grpc.stub.ClientCalls.toStatusRuntimeException(ClientCalls.java:233)
	at org.apache.ratis.thirdparty.io.grpc.stub.ClientCalls.getUnchecked(ClientCalls.java:214)
	at org.apache.ratis.thirdparty.io.grpc.stub.ClientCalls.blockingUnaryCall(ClientCalls.java:139)
	at org.apache.ratis.proto.grpc.RaftServerProtocolServiceGrpc$RaftServerProtocolServiceBlockingStub.requestVote(RaftServerProtocolServiceGrpc.java:265)
	at org.apache.ratis.grpc.server.GrpcServerProtocolClient.requestVote(GrpcServerProtocolClient.java:90)
	at org.apache.ratis.grpc.server.GrpcService.requestVote(GrpcService.java:204)
	at org.apache.ratis.server.impl.LeaderElection.lambda$submitRequests$1(LeaderElection.java:238)
	at java.util.concurrent.FutureTask.run(FutureTask.java:266)
	at java.util.concurrent.Executors$RunnableAdapter.call(Executors.java:511)
	at java.util.concurrent.FutureTask.run(FutureTask.java:266)
	at java.util.concurrent.ThreadPoolExecutor.runWorker(ThreadPoolExecutor.java:1149)
	at java.util.concurrent.ThreadPoolExecutor$Worker.run(ThreadPoolExecutor.java:624)
	... 1 more
Caused by: org.apache.ratis.thirdparty.io.netty.channel.AbstractChannel$AnnotatedConnectException: Connection refused: /192.168.36.84:46557
	at sun.nio.ch.SocketChannelImpl.checkConnect(Native Method)
	at sun.nio.ch.SocketChannelImpl.finishConnect(SocketChannelImpl.java:717)
	at org.apache.ratis.thirdparty.io.netty.channel.socket.nio.NioSocketChannel.doFinishConnect(NioSocketChannel.java:327)
	at org.apache.ratis.thirdparty.io.netty.channel.nio.AbstractNioChannel$AbstractNioUnsafe.finishConnect(AbstractNioChannel.java:340)
	at org.apache.ratis.thirdparty.io.netty.channel.nio.NioEventLoop.processSelectedKey(NioEventLoop.java:632)
	at org.apache.ratis.thirdparty.io.netty.channel.nio.NioEventLoop.processSelectedKeysOptimized(NioEventLoop.java:579)
	at org.apache.ratis.thirdparty.io.netty.channel.nio.NioEventLoop.processSelectedKeys(NioEventLoop.java:496)
	at org.apache.ratis.thirdparty.io.netty.channel.nio.NioEventLoop.run(NioEventLoop.java:458)
	at org.apache.ratis.thirdparty.io.netty.util.concurrent.SingleThreadEventExecutor$5.run(SingleThreadEventExecutor.java:897)
	at org.apache.ratis.thirdparty.io.netty.util.concurrent.FastThreadLocalRunnable.run(FastThreadLocalRunnable.java:30)
	... 1 more
Caused by: java.net.ConnectException: Connection refused
	... 11 more
2019-09-24 18:20:59,143 [76f8f82d-5f7e-41ca-9bb3-5d91ee80ba9b@group-180066A9B904:LeaderElection71] INFO  impl.LeaderElection (LeaderElection.java:logAndReturn(56)) - 76f8f82d-5f7e-41ca-9bb3-5d91ee80ba9b@group-180066A9B904:LeaderElection71: Election REJECTED; received 0 response(s) [] and 2 exception(s); 76f8f82d-5f7e-41ca-9bb3-5d91ee80ba9b@group-180066A9B904:t12, leader=null, voted=76f8f82d-5f7e-41ca-9bb3-5d91ee80ba9b, raftlog=76f8f82d-5f7e-41ca-9bb3-5d91ee80ba9b@group-180066A9B904-SegmentedRaftLog:OPENED:c17,f17,i17, conf=16: [76f8f82d-5f7e-41ca-9bb3-5d91ee80ba9b:192.168.36.84:44299, b474bcaf-cd7e-434d-ad5c-42954e730277:192.168.36.84:35510, 18f7ddc7-ed0b-485b-8078-4f4feb143474:192.168.36.84:46557], old=null
2019-09-24 18:20:59,143 [76f8f82d-5f7e-41ca-9bb3-5d91ee80ba9b@group-180066A9B904:LeaderElection71] INFO  impl.LeaderElection (LogUtils.java:infoOrTrace(149)) -   Exception 0: {}
java.util.concurrent.ExecutionException: org.apache.ratis.thirdparty.io.grpc.StatusRuntimeException: UNAVAILABLE: io exception
	at java.util.concurrent.FutureTask.report(FutureTask.java:122)
	at java.util.concurrent.FutureTask.get(FutureTask.java:192)
	at org.apache.ratis.server.impl.LeaderElection.waitForResults(LeaderElection.java:263)
	at org.apache.ratis.server.impl.LeaderElection.askForVotes(LeaderElection.java:201)
	at org.apache.ratis.server.impl.LeaderElection.run(LeaderElection.java:133)
	at java.lang.Thread.run(Thread.java:748)
Caused by: org.apache.ratis.thirdparty.io.grpc.StatusRuntimeException: UNAVAILABLE: io exception
	at org.apache.ratis.thirdparty.io.grpc.stub.ClientCalls.toStatusRuntimeException(ClientCalls.java:233)
	at org.apache.ratis.thirdparty.io.grpc.stub.ClientCalls.getUnchecked(ClientCalls.java:214)
	at org.apache.ratis.thirdparty.io.grpc.stub.ClientCalls.blockingUnaryCall(ClientCalls.java:139)
	at org.apache.ratis.proto.grpc.RaftServerProtocolServiceGrpc$RaftServerProtocolServiceBlockingStub.requestVote(RaftServerProtocolServiceGrpc.java:265)
	at org.apache.ratis.grpc.server.GrpcServerProtocolClient.requestVote(GrpcServerProtocolClient.java:90)
	at org.apache.ratis.grpc.server.GrpcService.requestVote(GrpcService.java:204)
	at org.apache.ratis.server.impl.LeaderElection.lambda$submitRequests$1(LeaderElection.java:238)
	at java.util.concurrent.FutureTask.run(FutureTask.java:266)
	at java.util.concurrent.Executors$RunnableAdapter.call(Executors.java:511)
	at java.util.concurrent.FutureTask.run(FutureTask.java:266)
	at java.util.concurrent.ThreadPoolExecutor.runWorker(ThreadPoolExecutor.java:1149)
	at java.util.concurrent.ThreadPoolExecutor$Worker.run(ThreadPoolExecutor.java:624)
	... 1 more
Caused by: org.apache.ratis.thirdparty.io.netty.channel.AbstractChannel$AnnotatedConnectException: Connection refused: /192.168.36.84:35510
	at sun.nio.ch.SocketChannelImpl.checkConnect(Native Method)
	at sun.nio.ch.SocketChannelImpl.finishConnect(SocketChannelImpl.java:717)
	at org.apache.ratis.thirdparty.io.netty.channel.socket.nio.NioSocketChannel.doFinishConnect(NioSocketChannel.java:327)
	at org.apache.ratis.thirdparty.io.netty.channel.nio.AbstractNioChannel$AbstractNioUnsafe.finishConnect(AbstractNioChannel.java:340)
	at org.apache.ratis.thirdparty.io.netty.channel.nio.NioEventLoop.processSelectedKey(NioEventLoop.java:632)
	at org.apache.ratis.thirdparty.io.netty.channel.nio.NioEventLoop.processSelectedKeysOptimized(NioEventLoop.java:579)
	at org.apache.ratis.thirdparty.io.netty.channel.nio.NioEventLoop.processSelectedKeys(NioEventLoop.java:496)
	at org.apache.ratis.thirdparty.io.netty.channel.nio.NioEventLoop.run(NioEventLoop.java:458)
	at org.apache.ratis.thirdparty.io.netty.util.concurrent.SingleThreadEventExecutor$5.run(SingleThreadEventExecutor.java:897)
	at org.apache.ratis.thirdparty.io.netty.util.concurrent.FastThreadLocalRunnable.run(FastThreadLocalRunnable.java:30)
	... 1 more
Caused by: java.net.ConnectException: Connection refused
	... 11 more
2019-09-24 18:20:59,143 [76f8f82d-5f7e-41ca-9bb3-5d91ee80ba9b@group-180066A9B904:LeaderElection71] INFO  impl.LeaderElection (LogUtils.java:infoOrTrace(149)) -   Exception 1: {}
java.util.concurrent.ExecutionException: org.apache.ratis.thirdparty.io.grpc.StatusRuntimeException: UNAVAILABLE: io exception
	at java.util.concurrent.FutureTask.report(FutureTask.java:122)
	at java.util.concurrent.FutureTask.get(FutureTask.java:192)
	at org.apache.ratis.server.impl.LeaderElection.waitForResults(LeaderElection.java:263)
	at org.apache.ratis.server.impl.LeaderElection.askForVotes(LeaderElection.java:201)
	at org.apache.ratis.server.impl.LeaderElection.run(LeaderElection.java:133)
	at java.lang.Thread.run(Thread.java:748)
Caused by: org.apache.ratis.thirdparty.io.grpc.StatusRuntimeException: UNAVAILABLE: io exception
	at org.apache.ratis.thirdparty.io.grpc.stub.ClientCalls.toStatusRuntimeException(ClientCalls.java:233)
	at org.apache.ratis.thirdparty.io.grpc.stub.ClientCalls.getUnchecked(ClientCalls.java:214)
	at org.apache.ratis.thirdparty.io.grpc.stub.ClientCalls.blockingUnaryCall(ClientCalls.java:139)
	at org.apache.ratis.proto.grpc.RaftServerProtocolServiceGrpc$RaftServerProtocolServiceBlockingStub.requestVote(RaftServerProtocolServiceGrpc.java:265)
	at org.apache.ratis.grpc.server.GrpcServerProtocolClient.requestVote(GrpcServerProtocolClient.java:90)
	at org.apache.ratis.grpc.server.GrpcService.requestVote(GrpcService.java:204)
	at org.apache.ratis.server.impl.LeaderElection.lambda$submitRequests$1(LeaderElection.java:238)
	at java.util.concurrent.FutureTask.run(FutureTask.java:266)
	at java.util.concurrent.Executors$RunnableAdapter.call(Executors.java:511)
	at java.util.concurrent.FutureTask.run(FutureTask.java:266)
	at java.util.concurrent.ThreadPoolExecutor.runWorker(ThreadPoolExecutor.java:1149)
	at java.util.concurrent.ThreadPoolExecutor$Worker.run(ThreadPoolExecutor.java:624)
	... 1 more
Caused by: org.apache.ratis.thirdparty.io.netty.channel.AbstractChannel$AnnotatedConnectException: Connection refused: /192.168.36.84:46557
	at sun.nio.ch.SocketChannelImpl.checkConnect(Native Method)
	at sun.nio.ch.SocketChannelImpl.finishConnect(SocketChannelImpl.java:717)
	at org.apache.ratis.thirdparty.io.netty.channel.socket.nio.NioSocketChannel.doFinishConnect(NioSocketChannel.java:327)
	at org.apache.ratis.thirdparty.io.netty.channel.nio.AbstractNioChannel$AbstractNioUnsafe.finishConnect(AbstractNioChannel.java:340)
	at org.apache.ratis.thirdparty.io.netty.channel.nio.NioEventLoop.processSelectedKey(NioEventLoop.java:632)
	at org.apache.ratis.thirdparty.io.netty.channel.nio.NioEventLoop.processSelectedKeysOptimized(NioEventLoop.java:579)
	at org.apache.ratis.thirdparty.io.netty.channel.nio.NioEventLoop.processSelectedKeys(NioEventLoop.java:496)
	at org.apache.ratis.thirdparty.io.netty.channel.nio.NioEventLoop.run(NioEventLoop.java:458)
	at org.apache.ratis.thirdparty.io.netty.util.concurrent.SingleThreadEventExecutor$5.run(SingleThreadEventExecutor.java:897)
	at org.apache.ratis.thirdparty.io.netty.util.concurrent.FastThreadLocalRunnable.run(FastThreadLocalRunnable.java:30)
	... 1 more
Caused by: java.net.ConnectException: Connection refused
	... 11 more
2019-09-24 18:20:59,144 [76f8f82d-5f7e-41ca-9bb3-5d91ee80ba9b@group-180066A9B904:LeaderElection71] INFO  impl.RaftServerImpl (RaftServerImpl.java:setRole(174)) - 76f8f82d-5f7e-41ca-9bb3-5d91ee80ba9b@group-180066A9B904: changes role from CANDIDATE to FOLLOWER at term 12 for DISCOVERED_A_NEW_TERM
2019-09-24 18:20:59,144 [76f8f82d-5f7e-41ca-9bb3-5d91ee80ba9b@group-180066A9B904:LeaderElection71] INFO  impl.RoleInfo (RoleInfo.java:shutdownLeaderElection(134)) - 76f8f82d-5f7e-41ca-9bb3-5d91ee80ba9b: shutdown LeaderElection
2019-09-24 18:20:59,144 [76f8f82d-5f7e-41ca-9bb3-5d91ee80ba9b@group-180066A9B904:LeaderElection71] INFO  impl.RoleInfo (RoleInfo.java:updateAndGet(143)) - 76f8f82d-5f7e-41ca-9bb3-5d91ee80ba9b: start FollowerState
2019-09-24 18:21:00,229 [Thread-1106] INFO  impl.FollowerState (FollowerState.java:run(106)) - 76f8f82d-5f7e-41ca-9bb3-5d91ee80ba9b:group-180066A9B904 changes to CANDIDATE, lastRpcTime:1084, electionTimeout:1084ms
2019-09-24 18:21:00,235 [Thread-1106] INFO  impl.RoleInfo (RoleInfo.java:shutdownFollowerState(121)) - 76f8f82d-5f7e-41ca-9bb3-5d91ee80ba9b: shutdown FollowerState
2019-09-24 18:21:00,236 [Thread-1106] INFO  impl.RaftServerImpl (RaftServerImpl.java:setRole(174)) - 76f8f82d-5f7e-41ca-9bb3-5d91ee80ba9b@group-180066A9B904: changes role from  FOLLOWER to CANDIDATE at term 12 for changeToCandidate
2019-09-24 18:21:00,236 [Thread-1106] INFO  impl.RoleInfo (RoleInfo.java:updateAndGet(143)) - 76f8f82d-5f7e-41ca-9bb3-5d91ee80ba9b: start LeaderElection
2019-09-24 18:21:00,251 [76f8f82d-5f7e-41ca-9bb3-5d91ee80ba9b@group-180066A9B904:LeaderElection72] INFO  impl.LeaderElection (LeaderElection.java:askForVotes(182)) - 76f8f82d-5f7e-41ca-9bb3-5d91ee80ba9b@group-180066A9B904:LeaderElection72: begin an election at term 13 for 16: [76f8f82d-5f7e-41ca-9bb3-5d91ee80ba9b:192.168.36.84:44299, b474bcaf-cd7e-434d-ad5c-42954e730277:192.168.36.84:35510, 18f7ddc7-ed0b-485b-8078-4f4feb143474:192.168.36.84:46557], old=null
2019-09-24 18:21:00,252 [76f8f82d-5f7e-41ca-9bb3-5d91ee80ba9b@group-180066A9B904:LeaderElection72] INFO  impl.LeaderElection (LogUtils.java:infoOrTrace(149)) - 76f8f82d-5f7e-41ca-9bb3-5d91ee80ba9b@group-180066A9B904:LeaderElection72 got exception when requesting votes: {}
java.util.concurrent.ExecutionException: org.apache.ratis.thirdparty.io.grpc.StatusRuntimeException: UNAVAILABLE: io exception
	at java.util.concurrent.FutureTask.report(FutureTask.java:122)
	at java.util.concurrent.FutureTask.get(FutureTask.java:192)
	at org.apache.ratis.server.impl.LeaderElection.waitForResults(LeaderElection.java:263)
	at org.apache.ratis.server.impl.LeaderElection.askForVotes(LeaderElection.java:201)
	at org.apache.ratis.server.impl.LeaderElection.run(LeaderElection.java:133)
	at java.lang.Thread.run(Thread.java:748)
Caused by: org.apache.ratis.thirdparty.io.grpc.StatusRuntimeException: UNAVAILABLE: io exception
	at org.apache.ratis.thirdparty.io.grpc.stub.ClientCalls.toStatusRuntimeException(ClientCalls.java:233)
	at org.apache.ratis.thirdparty.io.grpc.stub.ClientCalls.getUnchecked(ClientCalls.java:214)
	at org.apache.ratis.thirdparty.io.grpc.stub.ClientCalls.blockingUnaryCall(ClientCalls.java:139)
	at org.apache.ratis.proto.grpc.RaftServerProtocolServiceGrpc$RaftServerProtocolServiceBlockingStub.requestVote(RaftServerProtocolServiceGrpc.java:265)
	at org.apache.ratis.grpc.server.GrpcServerProtocolClient.requestVote(GrpcServerProtocolClient.java:90)
	at org.apache.ratis.grpc.server.GrpcService.requestVote(GrpcService.java:204)
	at org.apache.ratis.server.impl.LeaderElection.lambda$submitRequests$1(LeaderElection.java:238)
	at java.util.concurrent.FutureTask.run(FutureTask.java:266)
	at java.util.concurrent.Executors$RunnableAdapter.call(Executors.java:511)
	at java.util.concurrent.FutureTask.run(FutureTask.java:266)
	at java.util.concurrent.ThreadPoolExecutor.runWorker(ThreadPoolExecutor.java:1149)
	at java.util.concurrent.ThreadPoolExecutor$Worker.run(ThreadPoolExecutor.java:624)
	... 1 more
Caused by: org.apache.ratis.thirdparty.io.netty.channel.AbstractChannel$AnnotatedConnectException: Connection refused: /192.168.36.84:35510
	at sun.nio.ch.SocketChannelImpl.checkConnect(Native Method)
	at sun.nio.ch.SocketChannelImpl.finishConnect(SocketChannelImpl.java:717)
	at org.apache.ratis.thirdparty.io.netty.channel.socket.nio.NioSocketChannel.doFinishConnect(NioSocketChannel.java:327)
	at org.apache.ratis.thirdparty.io.netty.channel.nio.AbstractNioChannel$AbstractNioUnsafe.finishConnect(AbstractNioChannel.java:340)
	at org.apache.ratis.thirdparty.io.netty.channel.nio.NioEventLoop.processSelectedKey(NioEventLoop.java:632)
	at org.apache.ratis.thirdparty.io.netty.channel.nio.NioEventLoop.processSelectedKeysOptimized(NioEventLoop.java:579)
	at org.apache.ratis.thirdparty.io.netty.channel.nio.NioEventLoop.processSelectedKeys(NioEventLoop.java:496)
	at org.apache.ratis.thirdparty.io.netty.channel.nio.NioEventLoop.run(NioEventLoop.java:458)
	at org.apache.ratis.thirdparty.io.netty.util.concurrent.SingleThreadEventExecutor$5.run(SingleThreadEventExecutor.java:897)
	at org.apache.ratis.thirdparty.io.netty.util.concurrent.FastThreadLocalRunnable.run(FastThreadLocalRunnable.java:30)
	... 1 more
Caused by: java.net.ConnectException: Connection refused
	... 11 more
2019-09-24 18:21:00,255 [76f8f82d-5f7e-41ca-9bb3-5d91ee80ba9b@group-180066A9B904:LeaderElection72] INFO  impl.LeaderElection (LogUtils.java:infoOrTrace(149)) - 76f8f82d-5f7e-41ca-9bb3-5d91ee80ba9b@group-180066A9B904:LeaderElection72 got exception when requesting votes: {}
java.util.concurrent.ExecutionException: org.apache.ratis.thirdparty.io.grpc.StatusRuntimeException: UNAVAILABLE: io exception
	at java.util.concurrent.FutureTask.report(FutureTask.java:122)
	at java.util.concurrent.FutureTask.get(FutureTask.java:192)
	at org.apache.ratis.server.impl.LeaderElection.waitForResults(LeaderElection.java:263)
	at org.apache.ratis.server.impl.LeaderElection.askForVotes(LeaderElection.java:201)
	at org.apache.ratis.server.impl.LeaderElection.run(LeaderElection.java:133)
	at java.lang.Thread.run(Thread.java:748)
Caused by: org.apache.ratis.thirdparty.io.grpc.StatusRuntimeException: UNAVAILABLE: io exception
	at org.apache.ratis.thirdparty.io.grpc.stub.ClientCalls.toStatusRuntimeException(ClientCalls.java:233)
	at org.apache.ratis.thirdparty.io.grpc.stub.ClientCalls.getUnchecked(ClientCalls.java:214)
	at org.apache.ratis.thirdparty.io.grpc.stub.ClientCalls.blockingUnaryCall(ClientCalls.java:139)
	at org.apache.ratis.proto.grpc.RaftServerProtocolServiceGrpc$RaftServerProtocolServiceBlockingStub.requestVote(RaftServerProtocolServiceGrpc.java:265)
	at org.apache.ratis.grpc.server.GrpcServerProtocolClient.requestVote(GrpcServerProtocolClient.java:90)
	at org.apache.ratis.grpc.server.GrpcService.requestVote(GrpcService.java:204)
	at org.apache.ratis.server.impl.LeaderElection.lambda$submitRequests$1(LeaderElection.java:238)
	at java.util.concurrent.FutureTask.run(FutureTask.java:266)
	at java.util.concurrent.Executors$RunnableAdapter.call(Executors.java:511)
	at java.util.concurrent.FutureTask.run(FutureTask.java:266)
	at java.util.concurrent.ThreadPoolExecutor.runWorker(ThreadPoolExecutor.java:1149)
	at java.util.concurrent.ThreadPoolExecutor$Worker.run(ThreadPoolExecutor.java:624)
	... 1 more
Caused by: org.apache.ratis.thirdparty.io.netty.channel.AbstractChannel$AnnotatedConnectException: Connection refused: /192.168.36.84:46557
	at sun.nio.ch.SocketChannelImpl.checkConnect(Native Method)
	at sun.nio.ch.SocketChannelImpl.finishConnect(SocketChannelImpl.java:717)
	at org.apache.ratis.thirdparty.io.netty.channel.socket.nio.NioSocketChannel.doFinishConnect(NioSocketChannel.java:327)
	at org.apache.ratis.thirdparty.io.netty.channel.nio.AbstractNioChannel$AbstractNioUnsafe.finishConnect(AbstractNioChannel.java:340)
	at org.apache.ratis.thirdparty.io.netty.channel.nio.NioEventLoop.processSelectedKey(NioEventLoop.java:632)
	at org.apache.ratis.thirdparty.io.netty.channel.nio.NioEventLoop.processSelectedKeysOptimized(NioEventLoop.java:579)
	at org.apache.ratis.thirdparty.io.netty.channel.nio.NioEventLoop.processSelectedKeys(NioEventLoop.java:496)
	at org.apache.ratis.thirdparty.io.netty.channel.nio.NioEventLoop.run(NioEventLoop.java:458)
	at org.apache.ratis.thirdparty.io.netty.util.concurrent.SingleThreadEventExecutor$5.run(SingleThreadEventExecutor.java:897)
	at org.apache.ratis.thirdparty.io.netty.util.concurrent.FastThreadLocalRunnable.run(FastThreadLocalRunnable.java:30)
	... 1 more
Caused by: java.net.ConnectException: Connection refused
	... 11 more
2019-09-24 18:21:00,258 [76f8f82d-5f7e-41ca-9bb3-5d91ee80ba9b@group-180066A9B904:LeaderElection72] INFO  impl.LeaderElection (LeaderElection.java:logAndReturn(56)) - 76f8f82d-5f7e-41ca-9bb3-5d91ee80ba9b@group-180066A9B904:LeaderElection72: Election REJECTED; received 0 response(s) [] and 2 exception(s); 76f8f82d-5f7e-41ca-9bb3-5d91ee80ba9b@group-180066A9B904:t13, leader=null, voted=76f8f82d-5f7e-41ca-9bb3-5d91ee80ba9b, raftlog=76f8f82d-5f7e-41ca-9bb3-5d91ee80ba9b@group-180066A9B904-SegmentedRaftLog:OPENED:c17,f17,i17, conf=16: [76f8f82d-5f7e-41ca-9bb3-5d91ee80ba9b:192.168.36.84:44299, b474bcaf-cd7e-434d-ad5c-42954e730277:192.168.36.84:35510, 18f7ddc7-ed0b-485b-8078-4f4feb143474:192.168.36.84:46557], old=null
2019-09-24 18:21:00,258 [76f8f82d-5f7e-41ca-9bb3-5d91ee80ba9b@group-180066A9B904:LeaderElection72] INFO  impl.LeaderElection (LogUtils.java:infoOrTrace(149)) -   Exception 0: {}
java.util.concurrent.ExecutionException: org.apache.ratis.thirdparty.io.grpc.StatusRuntimeException: UNAVAILABLE: io exception
	at java.util.concurrent.FutureTask.report(FutureTask.java:122)
	at java.util.concurrent.FutureTask.get(FutureTask.java:192)
	at org.apache.ratis.server.impl.LeaderElection.waitForResults(LeaderElection.java:263)
	at org.apache.ratis.server.impl.LeaderElection.askForVotes(LeaderElection.java:201)
	at org.apache.ratis.server.impl.LeaderElection.run(LeaderElection.java:133)
	at java.lang.Thread.run(Thread.java:748)
Caused by: org.apache.ratis.thirdparty.io.grpc.StatusRuntimeException: UNAVAILABLE: io exception
	at org.apache.ratis.thirdparty.io.grpc.stub.ClientCalls.toStatusRuntimeException(ClientCalls.java:233)
	at org.apache.ratis.thirdparty.io.grpc.stub.ClientCalls.getUnchecked(ClientCalls.java:214)
	at org.apache.ratis.thirdparty.io.grpc.stub.ClientCalls.blockingUnaryCall(ClientCalls.java:139)
	at org.apache.ratis.proto.grpc.RaftServerProtocolServiceGrpc$RaftServerProtocolServiceBlockingStub.requestVote(RaftServerProtocolServiceGrpc.java:265)
	at org.apache.ratis.grpc.server.GrpcServerProtocolClient.requestVote(GrpcServerProtocolClient.java:90)
	at org.apache.ratis.grpc.server.GrpcService.requestVote(GrpcService.java:204)
	at org.apache.ratis.server.impl.LeaderElection.lambda$submitRequests$1(LeaderElection.java:238)
	at java.util.concurrent.FutureTask.run(FutureTask.java:266)
	at java.util.concurrent.Executors$RunnableAdapter.call(Executors.java:511)
	at java.util.concurrent.FutureTask.run(FutureTask.java:266)
	at java.util.concurrent.ThreadPoolExecutor.runWorker(ThreadPoolExecutor.java:1149)
	at java.util.concurrent.ThreadPoolExecutor$Worker.run(ThreadPoolExecutor.java:624)
	... 1 more
Caused by: org.apache.ratis.thirdparty.io.netty.channel.AbstractChannel$AnnotatedConnectException: Connection refused: /192.168.36.84:35510
	at sun.nio.ch.SocketChannelImpl.checkConnect(Native Method)
	at sun.nio.ch.SocketChannelImpl.finishConnect(SocketChannelImpl.java:717)
	at org.apache.ratis.thirdparty.io.netty.channel.socket.nio.NioSocketChannel.doFinishConnect(NioSocketChannel.java:327)
	at org.apache.ratis.thirdparty.io.netty.channel.nio.AbstractNioChannel$AbstractNioUnsafe.finishConnect(AbstractNioChannel.java:340)
	at org.apache.ratis.thirdparty.io.netty.channel.nio.NioEventLoop.processSelectedKey(NioEventLoop.java:632)
	at org.apache.ratis.thirdparty.io.netty.channel.nio.NioEventLoop.processSelectedKeysOptimized(NioEventLoop.java:579)
	at org.apache.ratis.thirdparty.io.netty.channel.nio.NioEventLoop.processSelectedKeys(NioEventLoop.java:496)
	at org.apache.ratis.thirdparty.io.netty.channel.nio.NioEventLoop.run(NioEventLoop.java:458)
	at org.apache.ratis.thirdparty.io.netty.util.concurrent.SingleThreadEventExecutor$5.run(SingleThreadEventExecutor.java:897)
	at org.apache.ratis.thirdparty.io.netty.util.concurrent.FastThreadLocalRunnable.run(FastThreadLocalRunnable.java:30)
	... 1 more
Caused by: java.net.ConnectException: Connection refused
	... 11 more
2019-09-24 18:21:00,258 [76f8f82d-5f7e-41ca-9bb3-5d91ee80ba9b@group-180066A9B904:LeaderElection72] INFO  impl.LeaderElection (LogUtils.java:infoOrTrace(149)) -   Exception 1: {}
java.util.concurrent.ExecutionException: org.apache.ratis.thirdparty.io.grpc.StatusRuntimeException: UNAVAILABLE: io exception
	at java.util.concurrent.FutureTask.report(FutureTask.java:122)
	at java.util.concurrent.FutureTask.get(FutureTask.java:192)
	at org.apache.ratis.server.impl.LeaderElection.waitForResults(LeaderElection.java:263)
	at org.apache.ratis.server.impl.LeaderElection.askForVotes(LeaderElection.java:201)
	at org.apache.ratis.server.impl.LeaderElection.run(LeaderElection.java:133)
	at java.lang.Thread.run(Thread.java:748)
Caused by: org.apache.ratis.thirdparty.io.grpc.StatusRuntimeException: UNAVAILABLE: io exception
	at org.apache.ratis.thirdparty.io.grpc.stub.ClientCalls.toStatusRuntimeException(ClientCalls.java:233)
	at org.apache.ratis.thirdparty.io.grpc.stub.ClientCalls.getUnchecked(ClientCalls.java:214)
	at org.apache.ratis.thirdparty.io.grpc.stub.ClientCalls.blockingUnaryCall(ClientCalls.java:139)
	at org.apache.ratis.proto.grpc.RaftServerProtocolServiceGrpc$RaftServerProtocolServiceBlockingStub.requestVote(RaftServerProtocolServiceGrpc.java:265)
	at org.apache.ratis.grpc.server.GrpcServerProtocolClient.requestVote(GrpcServerProtocolClient.java:90)
	at org.apache.ratis.grpc.server.GrpcService.requestVote(GrpcService.java:204)
	at org.apache.ratis.server.impl.LeaderElection.lambda$submitRequests$1(LeaderElection.java:238)
	at java.util.concurrent.FutureTask.run(FutureTask.java:266)
	at java.util.concurrent.Executors$RunnableAdapter.call(Executors.java:511)
	at java.util.concurrent.FutureTask.run(FutureTask.java:266)
	at java.util.concurrent.ThreadPoolExecutor.runWorker(ThreadPoolExecutor.java:1149)
	at java.util.concurrent.ThreadPoolExecutor$Worker.run(ThreadPoolExecutor.java:624)
	... 1 more
Caused by: org.apache.ratis.thirdparty.io.netty.channel.AbstractChannel$AnnotatedConnectException: Connection refused: /192.168.36.84:46557
	at sun.nio.ch.SocketChannelImpl.checkConnect(Native Method)
	at sun.nio.ch.SocketChannelImpl.finishConnect(SocketChannelImpl.java:717)
	at org.apache.ratis.thirdparty.io.netty.channel.socket.nio.NioSocketChannel.doFinishConnect(NioSocketChannel.java:327)
	at org.apache.ratis.thirdparty.io.netty.channel.nio.AbstractNioChannel$AbstractNioUnsafe.finishConnect(AbstractNioChannel.java:340)
	at org.apache.ratis.thirdparty.io.netty.channel.nio.NioEventLoop.processSelectedKey(NioEventLoop.java:632)
	at org.apache.ratis.thirdparty.io.netty.channel.nio.NioEventLoop.processSelectedKeysOptimized(NioEventLoop.java:579)
	at org.apache.ratis.thirdparty.io.netty.channel.nio.NioEventLoop.processSelectedKeys(NioEventLoop.java:496)
	at org.apache.ratis.thirdparty.io.netty.channel.nio.NioEventLoop.run(NioEventLoop.java:458)
	at org.apache.ratis.thirdparty.io.netty.util.concurrent.SingleThreadEventExecutor$5.run(SingleThreadEventExecutor.java:897)
	at org.apache.ratis.thirdparty.io.netty.util.concurrent.FastThreadLocalRunnable.run(FastThreadLocalRunnable.java:30)
	... 1 more
Caused by: java.net.ConnectException: Connection refused
	... 11 more
2019-09-24 18:21:00,259 [76f8f82d-5f7e-41ca-9bb3-5d91ee80ba9b@group-180066A9B904:LeaderElection72] INFO  impl.RaftServerImpl (RaftServerImpl.java:setRole(174)) - 76f8f82d-5f7e-41ca-9bb3-5d91ee80ba9b@group-180066A9B904: changes role from CANDIDATE to FOLLOWER at term 13 for DISCOVERED_A_NEW_TERM
2019-09-24 18:21:00,259 [76f8f82d-5f7e-41ca-9bb3-5d91ee80ba9b@group-180066A9B904:LeaderElection72] INFO  impl.RoleInfo (RoleInfo.java:shutdownLeaderElection(134)) - 76f8f82d-5f7e-41ca-9bb3-5d91ee80ba9b: shutdown LeaderElection
2019-09-24 18:21:00,259 [76f8f82d-5f7e-41ca-9bb3-5d91ee80ba9b@group-180066A9B904:LeaderElection72] INFO  impl.RoleInfo (RoleInfo.java:updateAndGet(143)) - 76f8f82d-5f7e-41ca-9bb3-5d91ee80ba9b: start FollowerState
2019-09-24 18:21:01,294 [Thread-1115] INFO  impl.FollowerState (FollowerState.java:run(106)) - 76f8f82d-5f7e-41ca-9bb3-5d91ee80ba9b:group-180066A9B904 changes to CANDIDATE, lastRpcTime:1034, electionTimeout:1034ms
2019-09-24 18:21:01,303 [Thread-1115] INFO  impl.RoleInfo (RoleInfo.java:shutdownFollowerState(121)) - 76f8f82d-5f7e-41ca-9bb3-5d91ee80ba9b: shutdown FollowerState
2019-09-24 18:21:01,303 [Thread-1115] INFO  impl.RaftServerImpl (RaftServerImpl.java:setRole(174)) - 76f8f82d-5f7e-41ca-9bb3-5d91ee80ba9b@group-180066A9B904: changes role from  FOLLOWER to CANDIDATE at term 13 for changeToCandidate
2019-09-24 18:21:01,304 [Thread-1115] INFO  impl.RoleInfo (RoleInfo.java:updateAndGet(143)) - 76f8f82d-5f7e-41ca-9bb3-5d91ee80ba9b: start LeaderElection
2019-09-24 18:21:01,495 [main] WARN  io.KeyOutputStream (KeyOutputStream.java:handleException(274)) - Encountered exception java.io.IOException: Unexpected Storage Container Exception: java.util.concurrent.CompletionException: java.util.concurrent.CompletionException: org.apache.ratis.protocol.RaftRetryFailureException: Failed RaftClientRequest:client-A8F0CEA5CF51->76f8f82d-5f7e-41ca-9bb3-5d91ee80ba9b@group-180066A9B904, cid=42, seq=11*, RW, org.apache.hadoop.hdds.scm.XceiverClientRatis$$Lambda$589/1477431915@17f797e1 for 10 attempts with RetryLimited(maxAttempts=10, sleepTime=1000ms) on the pipeline Pipeline[ Id: d055781a-02bf-49a8-8797-180066a9b904, Nodes: b474bcaf-cd7e-434d-ad5c-42954e730277{ip: 192.168.36.84, host: pr-hdds-2171-6l6hb-1841322612, networkLocation: /default-rack, certSerialId: null}18f7ddc7-ed0b-485b-8078-4f4feb143474{ip: 192.168.36.84, host: pr-hdds-2171-6l6hb-1841322612, networkLocation: /default-rack, certSerialId: null}76f8f82d-5f7e-41ca-9bb3-5d91ee80ba9b{ip: 192.168.36.84, host: pr-hdds-2171-6l6hb-1841322612, networkLocation: /default-rack, certSerialId: null}, Type:RATIS, Factor:THREE, State:OPEN]. The last committed block length is 1048576, uncommitted data length is 1048576 retry count 0
2019-09-24 18:21:01,526 [IPC Server handler 1 on 44564] WARN  block.BlockManagerImpl (BlockManagerImpl.java:allocateBlock(192)) - Pipeline creation failed for type:RATIS factor:THREE. Retrying get pipelines call once.
org.apache.hadoop.hdds.scm.pipeline.InsufficientDatanodesException: Cannot create pipeline of factor 3 using 0 nodes.
	at org.apache.hadoop.hdds.scm.pipeline.RatisPipelineProvider.create(RatisPipelineProvider.java:153)
	at org.apache.hadoop.hdds.scm.pipeline.PipelineFactory.create(PipelineFactory.java:58)
	at org.apache.hadoop.hdds.scm.pipeline.SCMPipelineManager.createPipeline(SCMPipelineManager.java:155)
	at org.apache.hadoop.hdds.scm.block.BlockManagerImpl.allocateBlock(BlockManagerImpl.java:190)
	at org.apache.hadoop.hdds.scm.server.SCMBlockProtocolServer.allocateBlock(SCMBlockProtocolServer.java:182)
	at org.apache.hadoop.ozone.protocolPB.ScmBlockLocationProtocolServerSideTranslatorPB.allocateScmBlock(ScmBlockLocationProtocolServerSideTranslatorPB.java:183)
	at org.apache.hadoop.ozone.protocolPB.ScmBlockLocationProtocolServerSideTranslatorPB.processMessage(ScmBlockLocationProtocolServerSideTranslatorPB.java:141)
	at org.apache.hadoop.ozone.protocolPB.ScmBlockLocationProtocolServerSideTranslatorPB.send(ScmBlockLocationProtocolServerSideTranslatorPB.java:116)
	at org.apache.hadoop.hdds.protocol.proto.ScmBlockLocationProtocolProtos$ScmBlockLocationProtocolService$2.callBlockingMethod(ScmBlockLocationProtocolProtos.java:13157)
	at org.apache.hadoop.ipc.ProtobufRpcEngine$Server$ProtoBufRpcInvoker.call(ProtobufRpcEngine.java:524)
	at org.apache.hadoop.ipc.RPC$Server.call(RPC.java:1025)
	at org.apache.hadoop.ipc.Server$RpcCall.run(Server.java:876)
	at org.apache.hadoop.ipc.Server$RpcCall.run(Server.java:822)
	at java.security.AccessController.doPrivileged(Native Method)
	at javax.security.auth.Subject.doAs(Subject.java:422)
	at org.apache.hadoop.security.UserGroupInformation.doAs(UserGroupInformation.java:1730)
	at org.apache.hadoop.ipc.Server$Handler.run(Server.java:2682)
2019-09-24 18:21:01,530 [IPC Server handler 1 on 44564] INFO  block.BlockManagerImpl (BlockManagerImpl.java:allocateBlock(198)) - Could not find available pipeline of type:RATIS and factor:THREE even after retrying
2019-09-24 18:21:01,530 [IPC Server handler 1 on 44564] ERROR block.BlockManagerImpl (BlockManagerImpl.java:allocateBlock(222)) - Unable to allocate a block for the size: 4194304, type: RATIS, factor: THREE
2019-09-24 18:21:01,534 [main] ERROR io.BlockOutputStreamEntryPool (BlockOutputStreamEntryPool.java:allocateBlockIfNeeded(299)) - Try to allocate more blocks for write failed, already allocated 0 blocks for this write.
INTERNAL_ERROR org.apache.hadoop.ozone.om.exceptions.OMException: Allocated 0 blocks. Requested 1 blocks
	at org.apache.hadoop.ozone.om.protocolPB.OzoneManagerProtocolClientSideTranslatorPB.handleError(OzoneManagerProtocolClientSideTranslatorPB.java:732)
	at org.apache.hadoop.ozone.om.protocolPB.OzoneManagerProtocolClientSideTranslatorPB.allocateBlock(OzoneManagerProtocolClientSideTranslatorPB.java:764)
	at sun.reflect.NativeMethodAccessorImpl.invoke0(Native Method)
	at sun.reflect.NativeMethodAccessorImpl.invoke(NativeMethodAccessorImpl.java:62)
	at sun.reflect.DelegatingMethodAccessorImpl.invoke(DelegatingMethodAccessorImpl.java:43)
	at java.lang.reflect.Method.invoke(Method.java:498)
	at org.apache.hadoop.hdds.tracing.TraceAllMethod.invoke(TraceAllMethod.java:66)
	at com.sun.proxy.$Proxy36.allocateBlock(Unknown Source)
	at org.apache.hadoop.ozone.client.io.BlockOutputStreamEntryPool.allocateNewBlock(BlockOutputStreamEntryPool.java:248)
	at org.apache.hadoop.ozone.client.io.BlockOutputStreamEntryPool.allocateBlockIfNeeded(BlockOutputStreamEntryPool.java:296)
	at org.apache.hadoop.ozone.client.io.KeyOutputStream.handleWrite(KeyOutputStream.java:198)
	at org.apache.hadoop.ozone.client.io.KeyOutputStream.handleRetry(KeyOutputStream.java:375)
	at org.apache.hadoop.ozone.client.io.KeyOutputStream.handleException(KeyOutputStream.java:324)
	at org.apache.hadoop.ozone.client.io.KeyOutputStream.handleWrite(KeyOutputStream.java:228)
	at org.apache.hadoop.ozone.client.io.KeyOutputStream.write(KeyOutputStream.java:190)
	at org.apache.hadoop.ozone.client.io.OzoneOutputStream.write(OzoneOutputStream.java:49)
	at java.io.OutputStream.write(OutputStream.java:75)
	at org.apache.hadoop.ozone.client.rpc.TestMultiBlockWritesWithDnFailures.testMultiBlockWritesWithDnFailures(TestMultiBlockWritesWithDnFailures.java:145)
	at sun.reflect.NativeMethodAccessorImpl.invoke0(Native Method)
	at sun.reflect.NativeMethodAccessorImpl.invoke(NativeMethodAccessorImpl.java:62)
	at sun.reflect.DelegatingMethodAccessorImpl.invoke(DelegatingMethodAccessorImpl.java:43)
	at java.lang.reflect.Method.invoke(Method.java:498)
	at org.junit.runners.model.FrameworkMethod$1.runReflectiveCall(FrameworkMethod.java:47)
	at org.junit.internal.runners.model.ReflectiveCallable.run(ReflectiveCallable.java:12)
	at org.junit.runners.model.FrameworkMethod.invokeExplosively(FrameworkMethod.java:44)
	at org.junit.internal.runners.statements.InvokeMethod.evaluate(InvokeMethod.java:17)
	at org.junit.internal.runners.statements.RunAfters.evaluate(RunAfters.java:27)
	at org.junit.runners.ParentRunner.runLeaf(ParentRunner.java:271)
	at org.junit.runners.BlockJUnit4ClassRunner.runChild(BlockJUnit4ClassRunner.java:70)
	at org.junit.runners.BlockJUnit4ClassRunner.runChild(BlockJUnit4ClassRunner.java:50)
	at org.junit.runners.ParentRunner$3.run(ParentRunner.java:238)
	at org.junit.runners.ParentRunner$1.schedule(ParentRunner.java:63)
	at org.junit.runners.ParentRunner.runChildren(ParentRunner.java:236)
	at org.junit.runners.ParentRunner.access$000(ParentRunner.java:53)
	at org.junit.runners.ParentRunner$2.evaluate(ParentRunner.java:229)
	at org.junit.runners.ParentRunner.run(ParentRunner.java:309)
	at org.apache.maven.surefire.junit4.JUnit4Provider.execute(JUnit4Provider.java:365)
	at org.apache.maven.surefire.junit4.JUnit4Provider.executeWithRerun(JUnit4Provider.java:273)
	at org.apache.maven.surefire.junit4.JUnit4Provider.executeTestSet(JUnit4Provider.java:238)
	at org.apache.maven.surefire.junit4.JUnit4Provider.invoke(JUnit4Provider.java:159)
	at org.apache.maven.surefire.booter.ForkedBooter.invokeProviderInSameClassLoader(ForkedBooter.java:384)
	at org.apache.maven.surefire.booter.ForkedBooter.runSuitesInProcess(ForkedBooter.java:345)
	at org.apache.maven.surefire.booter.ForkedBooter.execute(ForkedBooter.java:126)
	at org.apache.maven.surefire.booter.ForkedBooter.main(ForkedBooter.java:418)
2019-09-24 18:21:01,536 [main] INFO  ozone.MiniOzoneClusterImpl (MiniOzoneClusterImpl.java:shutdown(314)) - Shutting down the Mini Ozone Cluster
2019-09-24 18:21:01,537 [main] INFO  ozone.MiniOzoneClusterImpl (MiniOzoneClusterImpl.java:stop(330)) - Stopping the Mini Ozone Cluster
2019-09-24 18:21:01,537 [main] INFO  ozone.MiniOzoneClusterImpl (MiniOzoneClusterImpl.java:stopOM(400)) - Stopping the OzoneManager
2019-09-24 18:21:01,537 [main] INFO  ipc.Server (Server.java:stop(3082)) - Stopping server on 42438
2019-09-24 18:21:01,547 [IPC Server listener on 42438] INFO  ipc.Server (Server.java:run(1185)) - Stopping IPC Server listener on 42438
2019-09-24 18:21:01,555 [IPC Server Responder] INFO  ipc.Server (Server.java:run(1319)) - Stopping IPC Server Responder
2019-09-24 18:21:01,552 [main] INFO  ratis.OzoneManagerDoubleBuffer (OzoneManagerDoubleBuffer.java:stop(248)) - Stopping OMDoubleBuffer flush thread
2019-09-24 18:21:01,574 [OMDoubleBufferFlushThread] INFO  ratis.OzoneManagerDoubleBuffer (OzoneManagerDoubleBuffer.java:flushTransactions(191)) - OMDoubleBuffer flush thread OMDoubleBufferFlushThread is interrupted and will exit. OMDoubleBufferFlushThread
2019-09-24 18:21:01,575 [main] INFO  utils.BackgroundService (BackgroundService.java:shutdown(148)) - Shutting down service KeyDeletingService
2019-09-24 18:21:01,577 [main] INFO  handler.ContextHandler (ContextHandler.java:doStop(910)) - Stopped o.e.j.w.WebAppContext@3f81621c{/,null,UNAVAILABLE}{/ozoneManager}
2019-09-24 18:21:01,578 [main] INFO  server.AbstractConnector (AbstractConnector.java:doStop(318)) - Stopped ServerConnector@5b9499fe{HTTP/1.1,[http/1.1]}{0.0.0.0:0}
2019-09-24 18:21:01,579 [main] INFO  handler.ContextHandler (ContextHandler.java:doStop(910)) - Stopped o.e.j.s.ServletContextHandler@7cf78c85{/static,file:///workdir/hadoop-ozone/integration-test/target/test-classes/webapps/static,UNAVAILABLE}
2019-09-24 18:21:01,580 [main] INFO  handler.ContextHandler (ContextHandler.java:doStop(910)) - Stopped o.e.j.s.ServletContextHandler@188598ad{/logs,file:///workdir/hadoop-ozone/integration-test/target/log,UNAVAILABLE}
2019-09-24 18:21:01,584 [main] INFO  ozone.MiniOzoneClusterImpl (MiniOzoneClusterImpl.java:stopDatanodes(377)) - Stopping the HddsDatanodes
2019-09-24 18:21:01,663 [Datanode State Machine Thread - 0] INFO  statemachine.DatanodeStateMachine (DatanodeStateMachine.java:lambda$startDaemon$0(350)) - Ozone container server started.
2019-09-24 18:21:01,873 [Datanode State Machine Thread - 0] INFO  statemachine.DatanodeStateMachine (DatanodeStateMachine.java:lambda$startDaemon$0(350)) - Ozone container server started.
2019-09-24 18:21:06,475 [76f8f82d-5f7e-41ca-9bb3-5d91ee80ba9b@group-180066A9B904:LeaderElection73] INFO  impl.LeaderElection (LeaderElection.java:askForVotes(182)) - 76f8f82d-5f7e-41ca-9bb3-5d91ee80ba9b@group-180066A9B904:LeaderElection73: begin an election at term 14 for 16: [76f8f82d-5f7e-41ca-9bb3-5d91ee80ba9b:192.168.36.84:44299, b474bcaf-cd7e-434d-ad5c-42954e730277:192.168.36.84:35510, 18f7ddc7-ed0b-485b-8078-4f4feb143474:192.168.36.84:46557], old=null
2019-09-24 18:21:06,480 [76f8f82d-5f7e-41ca-9bb3-5d91ee80ba9b@group-180066A9B904:LeaderElection73] INFO  impl.LeaderElection (LogUtils.java:infoOrTrace(149)) - 76f8f82d-5f7e-41ca-9bb3-5d91ee80ba9b@group-180066A9B904:LeaderElection73 got exception when requesting votes: {}
java.util.concurrent.ExecutionException: org.apache.ratis.thirdparty.io.grpc.StatusRuntimeException: UNAVAILABLE: io exception
	at java.util.concurrent.FutureTask.report(FutureTask.java:122)
	at java.util.concurrent.FutureTask.get(FutureTask.java:192)
	at org.apache.ratis.server.impl.LeaderElection.waitForResults(LeaderElection.java:263)
	at org.apache.ratis.server.impl.LeaderElection.askForVotes(LeaderElection.java:201)
	at org.apache.ratis.server.impl.LeaderElection.run(LeaderElection.java:133)
	at java.lang.Thread.run(Thread.java:748)
Caused by: org.apache.ratis.thirdparty.io.grpc.StatusRuntimeException: UNAVAILABLE: io exception
	at org.apache.ratis.thirdparty.io.grpc.stub.ClientCalls.toStatusRuntimeException(ClientCalls.java:233)
	at org.apache.ratis.thirdparty.io.grpc.stub.ClientCalls.getUnchecked(ClientCalls.java:214)
	at org.apache.ratis.thirdparty.io.grpc.stub.ClientCalls.blockingUnaryCall(ClientCalls.java:139)
	at org.apache.ratis.proto.grpc.RaftServerProtocolServiceGrpc$RaftServerProtocolServiceBlockingStub.requestVote(RaftServerProtocolServiceGrpc.java:265)
	at org.apache.ratis.grpc.server.GrpcServerProtocolClient.requestVote(GrpcServerProtocolClient.java:90)
	at org.apache.ratis.grpc.server.GrpcService.requestVote(GrpcService.java:204)
	at org.apache.ratis.server.impl.LeaderElection.lambda$submitRequests$1(LeaderElection.java:238)
	at java.util.concurrent.FutureTask.run(FutureTask.java:266)
	at java.util.concurrent.Executors$RunnableAdapter.call(Executors.java:511)
	at java.util.concurrent.FutureTask.run(FutureTask.java:266)
	at java.util.concurrent.ThreadPoolExecutor.runWorker(ThreadPoolExecutor.java:1149)
	at java.util.concurrent.ThreadPoolExecutor$Worker.run(ThreadPoolExecutor.java:624)
	... 1 more
Caused by: org.apache.ratis.thirdparty.io.netty.channel.AbstractChannel$AnnotatedConnectException: Connection refused: /192.168.36.84:35510
	at sun.nio.ch.SocketChannelImpl.checkConnect(Native Method)
	at sun.nio.ch.SocketChannelImpl.finishConnect(SocketChannelImpl.java:717)
	at org.apache.ratis.thirdparty.io.netty.channel.socket.nio.NioSocketChannel.doFinishConnect(NioSocketChannel.java:327)
	at org.apache.ratis.thirdparty.io.netty.channel.nio.AbstractNioChannel$AbstractNioUnsafe.finishConnect(AbstractNioChannel.java:340)
	at org.apache.ratis.thirdparty.io.netty.channel.nio.NioEventLoop.processSelectedKey(NioEventLoop.java:632)
	at org.apache.ratis.thirdparty.io.netty.channel.nio.NioEventLoop.processSelectedKeysOptimized(NioEventLoop.java:579)
	at org.apache.ratis.thirdparty.io.netty.channel.nio.NioEventLoop.processSelectedKeys(NioEventLoop.java:496)
	at org.apache.ratis.thirdparty.io.netty.channel.nio.NioEventLoop.run(NioEventLoop.java:458)
	at org.apache.ratis.thirdparty.io.netty.util.concurrent.SingleThreadEventExecutor$5.run(SingleThreadEventExecutor.java:897)
	at org.apache.ratis.thirdparty.io.netty.util.concurrent.FastThreadLocalRunnable.run(FastThreadLocalRunnable.java:30)
	... 1 more
Caused by: java.net.ConnectException: Connection refused
	... 11 more
2019-09-24 18:21:06,485 [76f8f82d-5f7e-41ca-9bb3-5d91ee80ba9b@group-180066A9B904:LeaderElection73] INFO  impl.LeaderElection (LogUtils.java:infoOrTrace(149)) - 76f8f82d-5f7e-41ca-9bb3-5d91ee80ba9b@group-180066A9B904:LeaderElection73 got exception when requesting votes: {}
java.util.concurrent.ExecutionException: org.apache.ratis.thirdparty.io.grpc.StatusRuntimeException: UNAVAILABLE: io exception
	at java.util.concurrent.FutureTask.report(FutureTask.java:122)
	at java.util.concurrent.FutureTask.get(FutureTask.java:192)
	at org.apache.ratis.server.impl.LeaderElection.waitForResults(LeaderElection.java:263)
	at org.apache.ratis.server.impl.LeaderElection.askForVotes(LeaderElection.java:201)
	at org.apache.ratis.server.impl.LeaderElection.run(LeaderElection.java:133)
	at java.lang.Thread.run(Thread.java:748)
Caused by: org.apache.ratis.thirdparty.io.grpc.StatusRuntimeException: UNAVAILABLE: io exception
	at org.apache.ratis.thirdparty.io.grpc.stub.ClientCalls.toStatusRuntimeException(ClientCalls.java:233)
	at org.apache.ratis.thirdparty.io.grpc.stub.ClientCalls.getUnchecked(ClientCalls.java:214)
	at org.apache.ratis.thirdparty.io.grpc.stub.ClientCalls.blockingUnaryCall(ClientCalls.java:139)
	at org.apache.ratis.proto.grpc.RaftServerProtocolServiceGrpc$RaftServerProtocolServiceBlockingStub.requestVote(RaftServerProtocolServiceGrpc.java:265)
	at org.apache.ratis.grpc.server.GrpcServerProtocolClient.requestVote(GrpcServerProtocolClient.java:90)
	at org.apache.ratis.grpc.server.GrpcService.requestVote(GrpcService.java:204)
	at org.apache.ratis.server.impl.LeaderElection.lambda$submitRequests$1(LeaderElection.java:238)
	at java.util.concurrent.FutureTask.run(FutureTask.java:266)
	at java.util.concurrent.Executors$RunnableAdapter.call(Executors.java:511)
	at java.util.concurrent.FutureTask.run(FutureTask.java:266)
	at java.util.concurrent.ThreadPoolExecutor.runWorker(ThreadPoolExecutor.java:1149)
	at java.util.concurrent.ThreadPoolExecutor$Worker.run(ThreadPoolExecutor.java:624)
	... 1 more
Caused by: org.apache.ratis.thirdparty.io.netty.channel.AbstractChannel$AnnotatedConnectException: Connection refused: /192.168.36.84:46557
	at sun.nio.ch.SocketChannelImpl.checkConnect(Native Method)
	at sun.nio.ch.SocketChannelImpl.finishConnect(SocketChannelImpl.java:717)
	at org.apache.ratis.thirdparty.io.netty.channel.socket.nio.NioSocketChannel.doFinishConnect(NioSocketChannel.java:327)
	at org.apache.ratis.thirdparty.io.netty.channel.nio.AbstractNioChannel$AbstractNioUnsafe.finishConnect(AbstractNioChannel.java:340)
	at org.apache.ratis.thirdparty.io.netty.channel.nio.NioEventLoop.processSelectedKey(NioEventLoop.java:632)
	at org.apache.ratis.thirdparty.io.netty.channel.nio.NioEventLoop.processSelectedKeysOptimized(NioEventLoop.java:579)
	at org.apache.ratis.thirdparty.io.netty.channel.nio.NioEventLoop.processSelectedKeys(NioEventLoop.java:496)
	at org.apache.ratis.thirdparty.io.netty.channel.nio.NioEventLoop.run(NioEventLoop.java:458)
	at org.apache.ratis.thirdparty.io.netty.util.concurrent.SingleThreadEventExecutor$5.run(SingleThreadEventExecutor.java:897)
	at org.apache.ratis.thirdparty.io.netty.util.concurrent.FastThreadLocalRunnable.run(FastThreadLocalRunnable.java:30)
	... 1 more
Caused by: java.net.ConnectException: Connection refused
	... 11 more
2019-09-24 18:21:06,487 [76f8f82d-5f7e-41ca-9bb3-5d91ee80ba9b@group-180066A9B904:LeaderElection73] INFO  impl.LeaderElection (LeaderElection.java:logAndReturn(56)) - 76f8f82d-5f7e-41ca-9bb3-5d91ee80ba9b@group-180066A9B904:LeaderElection73: Election REJECTED; received 0 response(s) [] and 2 exception(s); 76f8f82d-5f7e-41ca-9bb3-5d91ee80ba9b@group-180066A9B904:t14, leader=null, voted=76f8f82d-5f7e-41ca-9bb3-5d91ee80ba9b, raftlog=76f8f82d-5f7e-41ca-9bb3-5d91ee80ba9b@group-180066A9B904-SegmentedRaftLog:OPENED:c17,f17,i17, conf=16: [76f8f82d-5f7e-41ca-9bb3-5d91ee80ba9b:192.168.36.84:44299, b474bcaf-cd7e-434d-ad5c-42954e730277:192.168.36.84:35510, 18f7ddc7-ed0b-485b-8078-4f4feb143474:192.168.36.84:46557], old=null
2019-09-24 18:21:06,487 [76f8f82d-5f7e-41ca-9bb3-5d91ee80ba9b@group-180066A9B904:LeaderElection73] INFO  impl.LeaderElection (LogUtils.java:infoOrTrace(149)) -   Exception 0: {}
java.util.concurrent.ExecutionException: org.apache.ratis.thirdparty.io.grpc.StatusRuntimeException: UNAVAILABLE: io exception
	at java.util.concurrent.FutureTask.report(FutureTask.java:122)
	at java.util.concurrent.FutureTask.get(FutureTask.java:192)
	at org.apache.ratis.server.impl.LeaderElection.waitForResults(LeaderElection.java:263)
	at org.apache.ratis.server.impl.LeaderElection.askForVotes(LeaderElection.java:201)
	at org.apache.ratis.server.impl.LeaderElection.run(LeaderElection.java:133)
	at java.lang.Thread.run(Thread.java:748)
Caused by: org.apache.ratis.thirdparty.io.grpc.StatusRuntimeException: UNAVAILABLE: io exception
	at org.apache.ratis.thirdparty.io.grpc.stub.ClientCalls.toStatusRuntimeException(ClientCalls.java:233)
	at org.apache.ratis.thirdparty.io.grpc.stub.ClientCalls.getUnchecked(ClientCalls.java:214)
	at org.apache.ratis.thirdparty.io.grpc.stub.ClientCalls.blockingUnaryCall(ClientCalls.java:139)
	at org.apache.ratis.proto.grpc.RaftServerProtocolServiceGrpc$RaftServerProtocolServiceBlockingStub.requestVote(RaftServerProtocolServiceGrpc.java:265)
	at org.apache.ratis.grpc.server.GrpcServerProtocolClient.requestVote(GrpcServerProtocolClient.java:90)
	at org.apache.ratis.grpc.server.GrpcService.requestVote(GrpcService.java:204)
	at org.apache.ratis.server.impl.LeaderElection.lambda$submitRequests$1(LeaderElection.java:238)
	at java.util.concurrent.FutureTask.run(FutureTask.java:266)
	at java.util.concurrent.Executors$RunnableAdapter.call(Executors.java:511)
	at java.util.concurrent.FutureTask.run(FutureTask.java:266)
	at java.util.concurrent.ThreadPoolExecutor.runWorker(ThreadPoolExecutor.java:1149)
	at java.util.concurrent.ThreadPoolExecutor$Worker.run(ThreadPoolExecutor.java:624)
	... 1 more
Caused by: org.apache.ratis.thirdparty.io.netty.channel.AbstractChannel$AnnotatedConnectException: Connection refused: /192.168.36.84:35510
	at sun.nio.ch.SocketChannelImpl.checkConnect(Native Method)
	at sun.nio.ch.SocketChannelImpl.finishConnect(SocketChannelImpl.java:717)
	at org.apache.ratis.thirdparty.io.netty.channel.socket.nio.NioSocketChannel.doFinishConnect(NioSocketChannel.java:327)
	at org.apache.ratis.thirdparty.io.netty.channel.nio.AbstractNioChannel$AbstractNioUnsafe.finishConnect(AbstractNioChannel.java:340)
	at org.apache.ratis.thirdparty.io.netty.channel.nio.NioEventLoop.processSelectedKey(NioEventLoop.java:632)
	at org.apache.ratis.thirdparty.io.netty.channel.nio.NioEventLoop.processSelectedKeysOptimized(NioEventLoop.java:579)
	at org.apache.ratis.thirdparty.io.netty.channel.nio.NioEventLoop.processSelectedKeys(NioEventLoop.java:496)
	at org.apache.ratis.thirdparty.io.netty.channel.nio.NioEventLoop.run(NioEventLoop.java:458)
	at org.apache.ratis.thirdparty.io.netty.util.concurrent.SingleThreadEventExecutor$5.run(SingleThreadEventExecutor.java:897)
	at org.apache.ratis.thirdparty.io.netty.util.concurrent.FastThreadLocalRunnable.run(FastThreadLocalRunnable.java:30)
	... 1 more
Caused by: java.net.ConnectException: Connection refused
	... 11 more
2019-09-24 18:21:06,488 [76f8f82d-5f7e-41ca-9bb3-5d91ee80ba9b@group-180066A9B904:LeaderElection73] INFO  impl.LeaderElection (LogUtils.java:infoOrTrace(149)) -   Exception 1: {}
java.util.concurrent.ExecutionException: org.apache.ratis.thirdparty.io.grpc.StatusRuntimeException: UNAVAILABLE: io exception
	at java.util.concurrent.FutureTask.report(FutureTask.java:122)
	at java.util.concurrent.FutureTask.get(FutureTask.java:192)
	at org.apache.ratis.server.impl.LeaderElection.waitForResults(LeaderElection.java:263)
	at org.apache.ratis.server.impl.LeaderElection.askForVotes(LeaderElection.java:201)
	at org.apache.ratis.server.impl.LeaderElection.run(LeaderElection.java:133)
	at java.lang.Thread.run(Thread.java:748)
Caused by: org.apache.ratis.thirdparty.io.grpc.StatusRuntimeException: UNAVAILABLE: io exception
	at org.apache.ratis.thirdparty.io.grpc.stub.ClientCalls.toStatusRuntimeException(ClientCalls.java:233)
	at org.apache.ratis.thirdparty.io.grpc.stub.ClientCalls.getUnchecked(ClientCalls.java:214)
	at org.apache.ratis.thirdparty.io.grpc.stub.ClientCalls.blockingUnaryCall(ClientCalls.java:139)
	at org.apache.ratis.proto.grpc.RaftServerProtocolServiceGrpc$RaftServerProtocolServiceBlockingStub.requestVote(RaftServerProtocolServiceGrpc.java:265)
	at org.apache.ratis.grpc.server.GrpcServerProtocolClient.requestVote(GrpcServerProtocolClient.java:90)
	at org.apache.ratis.grpc.server.GrpcService.requestVote(GrpcService.java:204)
	at org.apache.ratis.server.impl.LeaderElection.lambda$submitRequests$1(LeaderElection.java:238)
	at java.util.concurrent.FutureTask.run(FutureTask.java:266)
	at java.util.concurrent.Executors$RunnableAdapter.call(Executors.java:511)
	at java.util.concurrent.FutureTask.run(FutureTask.java:266)
	at java.util.concurrent.ThreadPoolExecutor.runWorker(ThreadPoolExecutor.java:1149)
	at java.util.concurrent.ThreadPoolExecutor$Worker.run(ThreadPoolExecutor.java:624)
	... 1 more
Caused by: org.apache.ratis.thirdparty.io.netty.channel.AbstractChannel$AnnotatedConnectException: Connection refused: /192.168.36.84:46557
	at sun.nio.ch.SocketChannelImpl.checkConnect(Native Method)
	at sun.nio.ch.SocketChannelImpl.finishConnect(SocketChannelImpl.java:717)
	at org.apache.ratis.thirdparty.io.netty.channel.socket.nio.NioSocketChannel.doFinishConnect(NioSocketChannel.java:327)
	at org.apache.ratis.thirdparty.io.netty.channel.nio.AbstractNioChannel$AbstractNioUnsafe.finishConnect(AbstractNioChannel.java:340)
	at org.apache.ratis.thirdparty.io.netty.channel.nio.NioEventLoop.processSelectedKey(NioEventLoop.java:632)
	at org.apache.ratis.thirdparty.io.netty.channel.nio.NioEventLoop.processSelectedKeysOptimized(NioEventLoop.java:579)
	at org.apache.ratis.thirdparty.io.netty.channel.nio.NioEventLoop.processSelectedKeys(NioEventLoop.java:496)
	at org.apache.ratis.thirdparty.io.netty.channel.nio.NioEventLoop.run(NioEventLoop.java:458)
	at org.apache.ratis.thirdparty.io.netty.util.concurrent.SingleThreadEventExecutor$5.run(SingleThreadEventExecutor.java:897)
	at org.apache.ratis.thirdparty.io.netty.util.concurrent.FastThreadLocalRunnable.run(FastThreadLocalRunnable.java:30)
	... 1 more
Caused by: java.net.ConnectException: Connection refused
	... 11 more
2019-09-24 18:21:06,488 [76f8f82d-5f7e-41ca-9bb3-5d91ee80ba9b@group-180066A9B904:LeaderElection73] INFO  impl.RaftServerImpl (RaftServerImpl.java:setRole(174)) - 76f8f82d-5f7e-41ca-9bb3-5d91ee80ba9b@group-180066A9B904: changes role from CANDIDATE to FOLLOWER at term 14 for DISCOVERED_A_NEW_TERM
2019-09-24 18:21:06,489 [76f8f82d-5f7e-41ca-9bb3-5d91ee80ba9b@group-180066A9B904:LeaderElection73] INFO  impl.RoleInfo (RoleInfo.java:shutdownLeaderElection(134)) - 76f8f82d-5f7e-41ca-9bb3-5d91ee80ba9b: shutdown LeaderElection
2019-09-24 18:21:06,489 [76f8f82d-5f7e-41ca-9bb3-5d91ee80ba9b@group-180066A9B904:LeaderElection73] INFO  impl.RoleInfo (RoleInfo.java:updateAndGet(143)) - 76f8f82d-5f7e-41ca-9bb3-5d91ee80ba9b: start FollowerState
2019-09-24 18:21:06,587 [ForkJoinPool.commonPool-worker-0] INFO  ozoneimpl.OzoneContainer (OzoneContainer.java:stop(231)) - Attempting to stop container services.
2019-09-24 18:21:06,587 [main] INFO  ozoneimpl.OzoneContainer (OzoneContainer.java:stop(231)) - Attempting to stop container services.
2019-09-24 18:21:06,590 [ForkJoinPool.commonPool-worker-0] INFO  impl.RaftServerProxy (RaftServerProxy.java:lambda$close$4(314)) - 21690c2e-4eab-419f-9c34-8dcbcedc5f1a: close
2019-09-24 18:21:06,591 [main] INFO  impl.RaftServerProxy (RaftServerProxy.java:lambda$close$4(314)) - 76f8f82d-5f7e-41ca-9bb3-5d91ee80ba9b: close
2019-09-24 18:21:06,591 [ForkJoinPool.commonPool-worker-0] INFO  impl.RaftServerImpl (RaftServerImpl.java:lambda$shutdown$3(251)) - 21690c2e-4eab-419f-9c34-8dcbcedc5f1a@group-1194719E7DAC: shutdown
2019-09-24 18:21:06,591 [main] INFO  impl.RaftServerImpl (RaftServerImpl.java:lambda$shutdown$3(251)) - 76f8f82d-5f7e-41ca-9bb3-5d91ee80ba9b@group-180066A9B904: shutdown
2019-09-24 18:21:06,592 [ForkJoinPool.commonPool-worker-0] INFO  util.JmxRegister (JmxRegister.java:unregister(73)) - Successfully un-registered JMX Bean with object name Ratis:service=RaftServer,group=group-1194719E7DAC,id=21690c2e-4eab-419f-9c34-8dcbcedc5f1a
2019-09-24 18:21:06,592 [main] INFO  util.JmxRegister (JmxRegister.java:unregister(73)) - Successfully un-registered JMX Bean with object name Ratis:service=RaftServer,group=group-180066A9B904,id=76f8f82d-5f7e-41ca-9bb3-5d91ee80ba9b
2019-09-24 18:21:06,592 [ForkJoinPool.commonPool-worker-0] INFO  impl.RoleInfo (RoleInfo.java:shutdownLeaderState(104)) - 21690c2e-4eab-419f-9c34-8dcbcedc5f1a: shutdown LeaderState
2019-09-24 18:21:06,593 [main] INFO  impl.RoleInfo (RoleInfo.java:shutdownFollowerState(121)) - 76f8f82d-5f7e-41ca-9bb3-5d91ee80ba9b: shutdown FollowerState
2019-09-24 18:21:06,593 [ForkJoinPool.commonPool-worker-0] INFO  impl.PendingRequests (PendingRequests.java:sendNotLeaderResponses(202)) - 21690c2e-4eab-419f-9c34-8dcbcedc5f1a-PendingRequests: sendNotLeaderResponses
2019-09-24 18:21:06,594 [Thread-1148] INFO  impl.FollowerState (FollowerState.java:run(115)) - 76f8f82d-5f7e-41ca-9bb3-5d91ee80ba9b: FollowerState was interrupted: java.lang.InterruptedException: sleep interrupted
2019-09-24 18:21:06,593 [main] INFO  impl.StateMachineUpdater (StateMachineUpdater.java:stopAndJoin(125)) - 76f8f82d-5f7e-41ca-9bb3-5d91ee80ba9b@group-180066A9B904-StateMachineUpdater: set stopIndex = 17
2019-09-24 18:21:06,594 [ForkJoinPool.commonPool-worker-0] INFO  impl.StateMachineUpdater (StateMachineUpdater.java:stopAndJoin(125)) - 21690c2e-4eab-419f-9c34-8dcbcedc5f1a@group-1194719E7DAC-StateMachineUpdater: set stopIndex = 0
2019-09-24 18:21:06,594 [76f8f82d-5f7e-41ca-9bb3-5d91ee80ba9b@group-180066A9B904-StateMachineUpdater] INFO  ratis.ContainerStateMachine (ContainerStateMachine.java:takeSnapshot(289)) - group-180066A9B904: Taking a snapshot at:(t:5, i:15) file /workdir/hadoop-ozone/integration-test/target/test-dir/MiniOzoneClusterImpl-186cfbc1-6a32-40a9-9f2d-6a573dc3a7dc/datanode-3/data/ratis/d055781a-02bf-49a8-8797-180066a9b904/sm/snapshot.5_15
2019-09-24 18:21:06,595 [ForkJoinPool.commonPool-worker-0] INFO  impl.RaftServerImpl (ServerState.java:close(385)) - 21690c2e-4eab-419f-9c34-8dcbcedc5f1a@group-1194719E7DAC: closes. applyIndex: 0
2019-09-24 18:21:06,596 [21690c2e-4eab-419f-9c34-8dcbcedc5f1a@group-1194719E7DAC-SegmentedRaftLogWorker] INFO  segmented.SegmentedRaftLogWorker (SegmentedRaftLogWorker.java:run(313)) - 21690c2e-4eab-419f-9c34-8dcbcedc5f1a@group-1194719E7DAC-SegmentedRaftLogWorker was interrupted, exiting. There are 0 tasks remaining in the queue.
2019-09-24 18:21:06,596 [ForkJoinPool.commonPool-worker-0] INFO  segmented.SegmentedRaftLogWorker (SegmentedRaftLogWorker.java:close(228)) - 21690c2e-4eab-419f-9c34-8dcbcedc5f1a@group-1194719E7DAC-SegmentedRaftLogWorker close()
2019-09-24 18:21:06,598 [ForkJoinPool.commonPool-worker-0] INFO  impl.RaftServerImpl (RaftServerImpl.java:lambda$shutdown$3(251)) - 21690c2e-4eab-419f-9c34-8dcbcedc5f1a@group-412E5E5F612E: shutdown
2019-09-24 18:21:06,598 [ForkJoinPool.commonPool-worker-0] INFO  util.JmxRegister (JmxRegister.java:unregister(73)) - Successfully un-registered JMX Bean with object name Ratis:service=RaftServer,group=group-412E5E5F612E,id=21690c2e-4eab-419f-9c34-8dcbcedc5f1a
2019-09-24 18:21:06,599 [ForkJoinPool.commonPool-worker-0] INFO  impl.RoleInfo (RoleInfo.java:shutdownFollowerState(121)) - 21690c2e-4eab-419f-9c34-8dcbcedc5f1a: shutdown FollowerState
2019-09-24 18:21:06,599 [ForkJoinPool.commonPool-worker-0] INFO  impl.StateMachineUpdater (StateMachineUpdater.java:stopAndJoin(125)) - 21690c2e-4eab-419f-9c34-8dcbcedc5f1a@group-412E5E5F612E-StateMachineUpdater: set stopIndex = 0
2019-09-24 18:21:06,599 [Thread-868] INFO  impl.FollowerState (FollowerState.java:run(115)) - 21690c2e-4eab-419f-9c34-8dcbcedc5f1a: FollowerState was interrupted: java.lang.InterruptedException: sleep interrupted
2019-09-24 18:21:06,600 [ForkJoinPool.commonPool-worker-0] INFO  impl.RaftServerImpl (ServerState.java:close(385)) - 21690c2e-4eab-419f-9c34-8dcbcedc5f1a@group-412E5E5F612E: closes. applyIndex: 0
2019-09-24 18:21:06,600 [21690c2e-4eab-419f-9c34-8dcbcedc5f1a@group-412E5E5F612E-SegmentedRaftLogWorker] INFO  segmented.SegmentedRaftLogWorker (SegmentedRaftLogWorker.java:run(313)) - 21690c2e-4eab-419f-9c34-8dcbcedc5f1a@group-412E5E5F612E-SegmentedRaftLogWorker was interrupted, exiting. There are 0 tasks remaining in the queue.
2019-09-24 18:21:06,600 [ForkJoinPool.commonPool-worker-0] INFO  segmented.SegmentedRaftLogWorker (SegmentedRaftLogWorker.java:close(228)) - 21690c2e-4eab-419f-9c34-8dcbcedc5f1a@group-412E5E5F612E-SegmentedRaftLogWorker close()
2019-09-24 18:21:06,614 [ForkJoinPool.commonPool-worker-0] INFO  server.GrpcService (GrpcService.java:closeImpl(164)) - 21690c2e-4eab-419f-9c34-8dcbcedc5f1a: shutdown server with port 42742 now
2019-09-24 18:21:06,617 [grpc-default-executor-2] WARN  server.GrpcServerProtocolService (LogUtils.java:warn(134)) - 21690c2e-4eab-419f-9c34-8dcbcedc5f1a: installSnapshot onError, lastRequest: a43942a0-f39a-4b13-85c7-031627d4b02f->21690c2e-4eab-419f-9c34-8dcbcedc5f1a#59-t6, previous=(t:6, i:0), leaderCommit=0, initializing? false, entries: <empty>: org.apache.ratis.thirdparty.io.grpc.StatusRuntimeException: CANCELLED: cancelled before receiving half close
2019-09-24 18:21:06,617 [ForkJoinPool.commonPool-worker-0] INFO  server.GrpcService (GrpcService.java:closeImpl(172)) - 21690c2e-4eab-419f-9c34-8dcbcedc5f1a: shutdown server with port 42742 successfully
2019-09-24 18:21:06,617 [grpc-default-executor-1] WARN  server.GrpcLogAppender (LogUtils.java:warn(134)) - a43942a0-f39a-4b13-85c7-031627d4b02f@group-412E5E5F612E->21690c2e-4eab-419f-9c34-8dcbcedc5f1a-AppendLogResponseHandler: Failed appendEntries: org.apache.ratis.thirdparty.io.grpc.StatusRuntimeException: CANCELLED: HTTP/2 error code: CANCEL
Received Rst Stream
2019-09-24 18:21:06,621 [76f8f82d-5f7e-41ca-9bb3-5d91ee80ba9b@group-180066A9B904-StateMachineUpdater] INFO  ratis.ContainerStateMachine (ContainerStateMachine.java:takeSnapshot(300)) - group-180066A9B904: Finished taking a snapshot at:(t:5, i:15) file:/workdir/hadoop-ozone/integration-test/target/test-dir/MiniOzoneClusterImpl-186cfbc1-6a32-40a9-9f2d-6a573dc3a7dc/datanode-3/data/ratis/d055781a-02bf-49a8-8797-180066a9b904/sm/snapshot.5_15 time:27
2019-09-24 18:21:06,621 [grpc-default-executor-1] INFO  impl.FollowerInfo (FollowerInfo.java:lambda$new$0(51)) - a43942a0-f39a-4b13-85c7-031627d4b02f@group-412E5E5F612E->21690c2e-4eab-419f-9c34-8dcbcedc5f1a: nextIndex: updateUnconditionally 1 -> 0
2019-09-24 18:21:06,622 [76f8f82d-5f7e-41ca-9bb3-5d91ee80ba9b@group-180066A9B904-StateMachineUpdater] INFO  impl.StateMachineUpdater (StateMachineUpdater.java:takeSnapshot(258)) - 76f8f82d-5f7e-41ca-9bb3-5d91ee80ba9b@group-180066A9B904-StateMachineUpdater: Took a snapshot at index 15
2019-09-24 18:21:06,622 [76f8f82d-5f7e-41ca-9bb3-5d91ee80ba9b@group-180066A9B904-StateMachineUpdater] INFO  impl.StateMachineUpdater (StateMachineUpdater.java:lambda$new$0(83)) - 76f8f82d-5f7e-41ca-9bb3-5d91ee80ba9b@group-180066A9B904-StateMachineUpdater: snapshotIndex: updateIncreasingly -1 -> 15
2019-09-24 18:21:06,624 [76f8f82d-5f7e-41ca-9bb3-5d91ee80ba9b@group-180066A9B904-StateMachineUpdater] INFO  ratis.ContainerStateMachine (ContainerStateMachine.java:takeSnapshot(289)) - group-180066A9B904: Taking a snapshot at:(t:5, i:15) file /workdir/hadoop-ozone/integration-test/target/test-dir/MiniOzoneClusterImpl-186cfbc1-6a32-40a9-9f2d-6a573dc3a7dc/datanode-3/data/ratis/d055781a-02bf-49a8-8797-180066a9b904/sm/snapshot.5_15
2019-09-24 18:21:06,624 [refreshUsed-/workdir/hadoop-ozone/integration-test/target/test-dir/MiniOzoneClusterImpl-186cfbc1-6a32-40a9-9f2d-6a573dc3a7dc/datanode-1/data/containers] WARN  fs.CachingGetSpaceUsed (CachingGetSpaceUsed.java:run(183)) - Thread Interrupted waiting to refresh disk information: sleep interrupted
2019-09-24 18:21:06,640 [grpc-default-executor-4] WARN  server.GrpcLogAppender (LogUtils.java:warn(134)) - a43942a0-f39a-4b13-85c7-031627d4b02f@group-412E5E5F612E->21690c2e-4eab-419f-9c34-8dcbcedc5f1a-AppendLogResponseHandler: Failed appendEntries: org.apache.ratis.thirdparty.io.grpc.StatusRuntimeException: UNAVAILABLE: io exception
2019-09-24 18:21:06,641 [grpc-default-executor-4] INFO  impl.FollowerInfo (FollowerInfo.java:lambda$new$0(51)) - a43942a0-f39a-4b13-85c7-031627d4b02f@group-412E5E5F612E->21690c2e-4eab-419f-9c34-8dcbcedc5f1a: nextIndex: updateUnconditionally 0 -> 0
2019-09-24 18:21:06,644 [ForkJoinPool.commonPool-worker-0] INFO  utils.BackgroundService (BackgroundService.java:shutdown(148)) - Shutting down service BlockDeletingService
2019-09-24 18:21:06,649 [ForkJoinPool.commonPool-worker-0] INFO  statemachine.DatanodeStateMachine (DatanodeStateMachine.java:stopDaemon(395)) - Ozone container server stopped.
2019-09-24 18:21:06,665 [ForkJoinPool.commonPool-worker-0] INFO  handler.ContextHandler (ContextHandler.java:doStop(910)) - Stopped o.e.j.w.WebAppContext@ffd4cba{/,null,UNAVAILABLE}{/hddsDatanode}
2019-09-24 18:21:06,666 [ForkJoinPool.commonPool-worker-0] INFO  server.AbstractConnector (AbstractConnector.java:doStop(318)) - Stopped ServerConnector@5f1483fd{HTTP/1.1,[http/1.1]}{0.0.0.0:0}
2019-09-24 18:21:06,668 [ForkJoinPool.commonPool-worker-0] INFO  handler.ContextHandler (ContextHandler.java:doStop(910)) - Stopped o.e.j.s.ServletContextHandler@b3e86d5{/static,jar:file:/home/user/.m2/repository/org/apache/hadoop/hadoop-hdds-container-service/0.5.0-SNAPSHOT/hadoop-hdds-container-service-0.5.0-SNAPSHOT.jar!/webapps/static,UNAVAILABLE}
2019-09-24 18:21:06,671 [ForkJoinPool.commonPool-worker-0] INFO  handler.ContextHandler (ContextHandler.java:doStop(910)) - Stopped o.e.j.s.ServletContextHandler@228bda54{/logs,file:///workdir/hadoop-ozone/integration-test/target/log,UNAVAILABLE}
2019-09-24 18:21:06,724 [Datanode State Machine Thread - 0] INFO  statemachine.DatanodeStateMachine (DatanodeStateMachine.java:lambda$startDaemon$0(350)) - Ozone container server started.
2019-09-24 18:21:07,140 [grpc-default-executor-2] WARN  server.GrpcLogAppender (LogUtils.java:warn(134)) - a43942a0-f39a-4b13-85c7-031627d4b02f@group-412E5E5F612E->21690c2e-4eab-419f-9c34-8dcbcedc5f1a-AppendLogResponseHandler: Failed appendEntries: org.apache.ratis.thirdparty.io.grpc.StatusRuntimeException: UNAVAILABLE: io exception
2019-09-24 18:21:07,143 [grpc-default-executor-2] INFO  impl.FollowerInfo (FollowerInfo.java:lambda$new$0(51)) - a43942a0-f39a-4b13-85c7-031627d4b02f@group-412E5E5F612E->21690c2e-4eab-419f-9c34-8dcbcedc5f1a: nextIndex: updateUnconditionally 0 -> 0
2019-09-24 18:21:07,641 [grpc-default-executor-2] WARN  server.GrpcLogAppender (LogUtils.java:warn(134)) - a43942a0-f39a-4b13-85c7-031627d4b02f@group-412E5E5F612E->21690c2e-4eab-419f-9c34-8dcbcedc5f1a-AppendLogResponseHandler: Failed appendEntries: org.apache.ratis.thirdparty.io.grpc.StatusRuntimeException: UNAVAILABLE: io exception
2019-09-24 18:21:07,643 [grpc-default-executor-2] INFO  impl.FollowerInfo (FollowerInfo.java:lambda$new$0(51)) - a43942a0-f39a-4b13-85c7-031627d4b02f@group-412E5E5F612E->21690c2e-4eab-419f-9c34-8dcbcedc5f1a: nextIndex: updateUnconditionally 0 -> 0
2019-09-24 18:21:08,143 [grpc-default-executor-1] WARN  server.GrpcLogAppender (LogUtils.java:warn(134)) - a43942a0-f39a-4b13-85c7-031627d4b02f@group-412E5E5F612E->21690c2e-4eab-419f-9c34-8dcbcedc5f1a-AppendLogResponseHandler: Failed appendEntries: org.apache.ratis.thirdparty.io.grpc.StatusRuntimeException: UNAVAILABLE: io exception
2019-09-24 18:21:08,148 [grpc-default-executor-1] INFO  impl.FollowerInfo (FollowerInfo.java:lambda$new$0(51)) - a43942a0-f39a-4b13-85c7-031627d4b02f@group-412E5E5F612E->21690c2e-4eab-419f-9c34-8dcbcedc5f1a: nextIndex: updateUnconditionally 0 -> 0
2019-09-24 18:21:08,222 [76f8f82d-5f7e-41ca-9bb3-5d91ee80ba9b@group-180066A9B904-StateMachineUpdater] INFO  ratis.ContainerStateMachine (ContainerStateMachine.java:takeSnapshot(300)) - group-180066A9B904: Finished taking a snapshot at:(t:5, i:15) file:/workdir/hadoop-ozone/integration-test/target/test-dir/MiniOzoneClusterImpl-186cfbc1-6a32-40a9-9f2d-6a573dc3a7dc/datanode-3/data/ratis/d055781a-02bf-49a8-8797-180066a9b904/sm/snapshot.5_15 time:1598
2019-09-24 18:21:08,222 [76f8f82d-5f7e-41ca-9bb3-5d91ee80ba9b@group-180066A9B904-StateMachineUpdater] INFO  impl.StateMachineUpdater (StateMachineUpdater.java:takeSnapshot(258)) - 76f8f82d-5f7e-41ca-9bb3-5d91ee80ba9b@group-180066A9B904-StateMachineUpdater: Took a snapshot at index 15
2019-09-24 18:21:08,222 [76f8f82d-5f7e-41ca-9bb3-5d91ee80ba9b@group-180066A9B904-StateMachineUpdater] INFO  impl.StateMachineUpdater (StateMachineUpdater.java:lambda$new$0(83)) - 76f8f82d-5f7e-41ca-9bb3-5d91ee80ba9b@group-180066A9B904-StateMachineUpdater: snapshotIndex: updateIncreasingly 15 -> 15
2019-09-24 18:21:08,222 [main] INFO  impl.RaftServerImpl (ServerState.java:close(385)) - 76f8f82d-5f7e-41ca-9bb3-5d91ee80ba9b@group-180066A9B904: closes. applyIndex: 17
2019-09-24 18:21:08,223 [76f8f82d-5f7e-41ca-9bb3-5d91ee80ba9b@group-180066A9B904-SegmentedRaftLogWorker] INFO  segmented.SegmentedRaftLogWorker (SegmentedRaftLogWorker.java:run(313)) - 76f8f82d-5f7e-41ca-9bb3-5d91ee80ba9b@group-180066A9B904-SegmentedRaftLogWorker was interrupted, exiting. There are 0 tasks remaining in the queue.
2019-09-24 18:21:08,225 [main] INFO  segmented.SegmentedRaftLogWorker (SegmentedRaftLogWorker.java:close(228)) - 76f8f82d-5f7e-41ca-9bb3-5d91ee80ba9b@group-180066A9B904-SegmentedRaftLogWorker close()
2019-09-24 18:21:08,226 [main] INFO  impl.RaftServerImpl (RaftServerImpl.java:lambda$shutdown$3(251)) - 76f8f82d-5f7e-41ca-9bb3-5d91ee80ba9b@group-8106C27ECCB5: shutdown
2019-09-24 18:21:08,226 [main] INFO  util.JmxRegister (JmxRegister.java:unregister(73)) - Successfully un-registered JMX Bean with object name Ratis:service=RaftServer,group=group-8106C27ECCB5,id=76f8f82d-5f7e-41ca-9bb3-5d91ee80ba9b
2019-09-24 18:21:08,226 [main] INFO  impl.RoleInfo (RoleInfo.java:shutdownLeaderState(104)) - 76f8f82d-5f7e-41ca-9bb3-5d91ee80ba9b: shutdown LeaderState
2019-09-24 18:21:08,227 [main] INFO  impl.PendingRequests (PendingRequests.java:sendNotLeaderResponses(202)) - 76f8f82d-5f7e-41ca-9bb3-5d91ee80ba9b-PendingRequests: sendNotLeaderResponses
2019-09-24 18:21:08,227 [main] INFO  impl.StateMachineUpdater (StateMachineUpdater.java:stopAndJoin(125)) - 76f8f82d-5f7e-41ca-9bb3-5d91ee80ba9b@group-8106C27ECCB5-StateMachineUpdater: set stopIndex = 0
2019-09-24 18:21:08,228 [main] INFO  impl.RaftServerImpl (ServerState.java:close(385)) - 76f8f82d-5f7e-41ca-9bb3-5d91ee80ba9b@group-8106C27ECCB5: closes. applyIndex: 0
2019-09-24 18:21:08,228 [76f8f82d-5f7e-41ca-9bb3-5d91ee80ba9b@group-8106C27ECCB5-SegmentedRaftLogWorker] INFO  segmented.SegmentedRaftLogWorker (SegmentedRaftLogWorker.java:run(313)) - 76f8f82d-5f7e-41ca-9bb3-5d91ee80ba9b@group-8106C27ECCB5-SegmentedRaftLogWorker was interrupted, exiting. There are 0 tasks remaining in the queue.
2019-09-24 18:21:08,228 [main] INFO  segmented.SegmentedRaftLogWorker (SegmentedRaftLogWorker.java:close(228)) - 76f8f82d-5f7e-41ca-9bb3-5d91ee80ba9b@group-8106C27ECCB5-SegmentedRaftLogWorker close()
2019-09-24 18:21:08,229 [main] INFO  server.GrpcService (GrpcService.java:closeImpl(164)) - 76f8f82d-5f7e-41ca-9bb3-5d91ee80ba9b: shutdown server with port 44299 now
2019-09-24 18:21:08,230 [main] INFO  server.GrpcService (GrpcService.java:closeImpl(172)) - 76f8f82d-5f7e-41ca-9bb3-5d91ee80ba9b: shutdown server with port 44299 successfully
2019-09-24 18:21:08,232 [grpc-default-executor-1] WARN  client.GrpcClientProtocolService (LogUtils.java:warn(134)) - 1-OrderedRequestStreamObserver1: onError: org.apache.ratis.thirdparty.io.grpc.StatusRuntimeException: CANCELLED: cancelled before receiving half close
2019-09-24 18:21:08,234 [refreshUsed-/workdir/hadoop-ozone/integration-test/target/test-dir/MiniOzoneClusterImpl-186cfbc1-6a32-40a9-9f2d-6a573dc3a7dc/datanode-3/data/containers] WARN  fs.CachingGetSpaceUsed (CachingGetSpaceUsed.java:run(183)) - Thread Interrupted waiting to refresh disk information: sleep interrupted
2019-09-24 18:21:08,246 [main] INFO  utils.BackgroundService (BackgroundService.java:shutdown(148)) - Shutting down service BlockDeletingService
2019-09-24 18:21:08,249 [main] INFO  statemachine.DatanodeStateMachine (DatanodeStateMachine.java:stopDaemon(395)) - Ozone container server stopped.
2019-09-24 18:21:08,249 [main] INFO  handler.ContextHandler (ContextHandler.java:doStop(910)) - Stopped o.e.j.w.WebAppContext@46911148{/,null,UNAVAILABLE}{/hddsDatanode}
2019-09-24 18:21:08,250 [main] INFO  server.AbstractConnector (AbstractConnector.java:doStop(318)) - Stopped ServerConnector@2db1b657{HTTP/1.1,[http/1.1]}{0.0.0.0:0}
2019-09-24 18:21:08,250 [main] INFO  handler.ContextHandler (ContextHandler.java:doStop(910)) - Stopped o.e.j.s.ServletContextHandler@4d9754a8{/static,jar:file:/home/user/.m2/repository/org/apache/hadoop/hadoop-hdds-container-service/0.5.0-SNAPSHOT/hadoop-hdds-container-service-0.5.0-SNAPSHOT.jar!/webapps/static,UNAVAILABLE}
2019-09-24 18:21:08,251 [main] INFO  handler.ContextHandler (ContextHandler.java:doStop(910)) - Stopped o.e.j.s.ServletContextHandler@58af5076{/logs,file:///workdir/hadoop-ozone/integration-test/target/log,UNAVAILABLE}
2019-09-24 18:21:08,598 [Datanode State Machine Thread - 0] INFO  statemachine.DatanodeStateMachine (DatanodeStateMachine.java:lambda$startDaemon$0(350)) - Ozone container server started.
2019-09-24 18:21:08,643 [grpc-default-executor-1] WARN  server.GrpcLogAppender (LogUtils.java:warn(134)) - a43942a0-f39a-4b13-85c7-031627d4b02f@group-412E5E5F612E->21690c2e-4eab-419f-9c34-8dcbcedc5f1a-AppendLogResponseHandler: Failed appendEntries: org.apache.ratis.thirdparty.io.grpc.StatusRuntimeException: UNAVAILABLE: io exception
2019-09-24 18:21:08,645 [grpc-default-executor-1] INFO  impl.FollowerInfo (FollowerInfo.java:lambda$new$0(51)) - a43942a0-f39a-4b13-85c7-031627d4b02f@group-412E5E5F612E->21690c2e-4eab-419f-9c34-8dcbcedc5f1a: nextIndex: updateUnconditionally 0 -> 0
2019-09-24 18:21:09,145 [grpc-default-executor-4] WARN  server.GrpcLogAppender (LogUtils.java:warn(134)) - a43942a0-f39a-4b13-85c7-031627d4b02f@group-412E5E5F612E->21690c2e-4eab-419f-9c34-8dcbcedc5f1a-AppendLogResponseHandler: Failed appendEntries: org.apache.ratis.thirdparty.io.grpc.StatusRuntimeException: UNAVAILABLE: io exception
2019-09-24 18:21:09,147 [grpc-default-executor-4] INFO  impl.FollowerInfo (FollowerInfo.java:lambda$new$0(51)) - a43942a0-f39a-4b13-85c7-031627d4b02f@group-412E5E5F612E->21690c2e-4eab-419f-9c34-8dcbcedc5f1a: nextIndex: updateUnconditionally 0 -> 0
2019-09-24 18:21:09,645 [grpc-default-executor-4] WARN  server.GrpcLogAppender (LogUtils.java:warn(134)) - a43942a0-f39a-4b13-85c7-031627d4b02f@group-412E5E5F612E->21690c2e-4eab-419f-9c34-8dcbcedc5f1a-AppendLogResponseHandler: Failed appendEntries: org.apache.ratis.thirdparty.io.grpc.StatusRuntimeException: UNAVAILABLE: io exception
2019-09-24 18:21:09,647 [grpc-default-executor-4] INFO  impl.FollowerInfo (FollowerInfo.java:lambda$new$0(51)) - a43942a0-f39a-4b13-85c7-031627d4b02f@group-412E5E5F612E->21690c2e-4eab-419f-9c34-8dcbcedc5f1a: nextIndex: updateUnconditionally 0 -> 0
2019-09-24 18:21:10,147 [grpc-default-executor-4] WARN  server.GrpcLogAppender (LogUtils.java:warn(134)) - a43942a0-f39a-4b13-85c7-031627d4b02f@group-412E5E5F612E->21690c2e-4eab-419f-9c34-8dcbcedc5f1a-AppendLogResponseHandler: Failed appendEntries: org.apache.ratis.thirdparty.io.grpc.StatusRuntimeException: UNAVAILABLE: io exception
2019-09-24 18:21:10,149 [grpc-default-executor-4] INFO  impl.FollowerInfo (FollowerInfo.java:lambda$new$0(51)) - a43942a0-f39a-4b13-85c7-031627d4b02f@group-412E5E5F612E->21690c2e-4eab-419f-9c34-8dcbcedc5f1a: nextIndex: updateUnconditionally 0 -> 0
2019-09-24 18:21:10,648 [grpc-default-executor-2] WARN  server.GrpcLogAppender (LogUtils.java:warn(134)) - a43942a0-f39a-4b13-85c7-031627d4b02f@group-412E5E5F612E->21690c2e-4eab-419f-9c34-8dcbcedc5f1a-AppendLogResponseHandler: Failed appendEntries: org.apache.ratis.thirdparty.io.grpc.StatusRuntimeException: UNAVAILABLE: io exception
2019-09-24 18:21:10,651 [grpc-default-executor-2] INFO  impl.FollowerInfo (FollowerInfo.java:lambda$new$0(51)) - a43942a0-f39a-4b13-85c7-031627d4b02f@group-412E5E5F612E->21690c2e-4eab-419f-9c34-8dcbcedc5f1a: nextIndex: updateUnconditionally 0 -> 0
2019-09-24 18:21:11,151 [grpc-default-executor-4] WARN  server.GrpcLogAppender (LogUtils.java:warn(134)) - a43942a0-f39a-4b13-85c7-031627d4b02f@group-412E5E5F612E->21690c2e-4eab-419f-9c34-8dcbcedc5f1a-AppendLogResponseHandler: Failed appendEntries: org.apache.ratis.thirdparty.io.grpc.StatusRuntimeException: UNAVAILABLE: io exception
2019-09-24 18:21:11,155 [grpc-default-executor-4] INFO  impl.FollowerInfo (FollowerInfo.java:lambda$new$0(51)) - a43942a0-f39a-4b13-85c7-031627d4b02f@group-412E5E5F612E->21690c2e-4eab-419f-9c34-8dcbcedc5f1a: nextIndex: updateUnconditionally 0 -> 0
2019-09-24 18:21:11,654 [grpc-default-executor-4] WARN  server.GrpcLogAppender (LogUtils.java:warn(134)) - a43942a0-f39a-4b13-85c7-031627d4b02f@group-412E5E5F612E->21690c2e-4eab-419f-9c34-8dcbcedc5f1a-AppendLogResponseHandler: Failed appendEntries: org.apache.ratis.thirdparty.io.grpc.StatusRuntimeException: UNAVAILABLE: io exception
2019-09-24 18:21:11,656 [grpc-default-executor-4] INFO  impl.FollowerInfo (FollowerInfo.java:lambda$new$0(51)) - a43942a0-f39a-4b13-85c7-031627d4b02f@group-412E5E5F612E->21690c2e-4eab-419f-9c34-8dcbcedc5f1a: nextIndex: updateUnconditionally 0 -> 0
2019-09-24 18:21:11,673 [ForkJoinPool.commonPool-worker-0] INFO  ozoneimpl.OzoneContainer (OzoneContainer.java:stop(231)) - Attempting to stop container services.
2019-09-24 18:21:11,673 [ForkJoinPool.commonPool-worker-0] INFO  impl.RaftServerProxy (RaftServerProxy.java:lambda$close$4(314)) - 26ccac67-ab20-4124-92b6-8da6e1522566: close
2019-09-24 18:21:11,673 [ForkJoinPool.commonPool-worker-0] INFO  impl.RaftServerImpl (RaftServerImpl.java:lambda$shutdown$3(251)) - 26ccac67-ab20-4124-92b6-8da6e1522566@group-F57D9D33AA1F: shutdown
2019-09-24 18:21:11,674 [ForkJoinPool.commonPool-worker-0] INFO  util.JmxRegister (JmxRegister.java:unregister(73)) - Successfully un-registered JMX Bean with object name Ratis:service=RaftServer,group=group-F57D9D33AA1F,id=26ccac67-ab20-4124-92b6-8da6e1522566
2019-09-24 18:21:11,674 [ForkJoinPool.commonPool-worker-0] INFO  impl.RoleInfo (RoleInfo.java:shutdownLeaderState(104)) - 26ccac67-ab20-4124-92b6-8da6e1522566: shutdown LeaderState
2019-09-24 18:21:11,674 [ForkJoinPool.commonPool-worker-0] INFO  impl.PendingRequests (PendingRequests.java:sendNotLeaderResponses(202)) - 26ccac67-ab20-4124-92b6-8da6e1522566-PendingRequests: sendNotLeaderResponses
2019-09-24 18:21:11,675 [ForkJoinPool.commonPool-worker-0] INFO  impl.StateMachineUpdater (StateMachineUpdater.java:stopAndJoin(125)) - 26ccac67-ab20-4124-92b6-8da6e1522566@group-F57D9D33AA1F-StateMachineUpdater: set stopIndex = 0
2019-09-24 18:21:11,675 [ForkJoinPool.commonPool-worker-0] INFO  impl.RaftServerImpl (ServerState.java:close(385)) - 26ccac67-ab20-4124-92b6-8da6e1522566@group-F57D9D33AA1F: closes. applyIndex: 0
2019-09-24 18:21:11,676 [26ccac67-ab20-4124-92b6-8da6e1522566@group-F57D9D33AA1F-SegmentedRaftLogWorker] INFO  segmented.SegmentedRaftLogWorker (SegmentedRaftLogWorker.java:run(313)) - 26ccac67-ab20-4124-92b6-8da6e1522566@group-F57D9D33AA1F-SegmentedRaftLogWorker was interrupted, exiting. There are 0 tasks remaining in the queue.
2019-09-24 18:21:11,676 [ForkJoinPool.commonPool-worker-0] INFO  segmented.SegmentedRaftLogWorker (SegmentedRaftLogWorker.java:close(228)) - 26ccac67-ab20-4124-92b6-8da6e1522566@group-F57D9D33AA1F-SegmentedRaftLogWorker close()
2019-09-24 18:21:11,677 [ForkJoinPool.commonPool-worker-0] INFO  impl.RaftServerImpl (RaftServerImpl.java:lambda$shutdown$3(251)) - 26ccac67-ab20-4124-92b6-8da6e1522566@group-412E5E5F612E: shutdown
2019-09-24 18:21:11,677 [ForkJoinPool.commonPool-worker-0] INFO  util.JmxRegister (JmxRegister.java:unregister(73)) - Successfully un-registered JMX Bean with object name Ratis:service=RaftServer,group=group-412E5E5F612E,id=26ccac67-ab20-4124-92b6-8da6e1522566
2019-09-24 18:21:11,677 [ForkJoinPool.commonPool-worker-0] INFO  impl.RoleInfo (RoleInfo.java:shutdownFollowerState(121)) - 26ccac67-ab20-4124-92b6-8da6e1522566: shutdown FollowerState
2019-09-24 18:21:11,677 [ForkJoinPool.commonPool-worker-0] INFO  impl.StateMachineUpdater (StateMachineUpdater.java:stopAndJoin(125)) - 26ccac67-ab20-4124-92b6-8da6e1522566@group-412E5E5F612E-StateMachineUpdater: set stopIndex = 0
2019-09-24 18:21:11,677 [Thread-867] INFO  impl.FollowerState (FollowerState.java:run(115)) - 26ccac67-ab20-4124-92b6-8da6e1522566: FollowerState was interrupted: java.lang.InterruptedException: sleep interrupted
2019-09-24 18:21:11,678 [ForkJoinPool.commonPool-worker-0] INFO  impl.RaftServerImpl (ServerState.java:close(385)) - 26ccac67-ab20-4124-92b6-8da6e1522566@group-412E5E5F612E: closes. applyIndex: 0
2019-09-24 18:21:11,678 [26ccac67-ab20-4124-92b6-8da6e1522566@group-412E5E5F612E-SegmentedRaftLogWorker] INFO  segmented.SegmentedRaftLogWorker (SegmentedRaftLogWorker.java:run(313)) - 26ccac67-ab20-4124-92b6-8da6e1522566@group-412E5E5F612E-SegmentedRaftLogWorker was interrupted, exiting. There are 0 tasks remaining in the queue.
2019-09-24 18:21:11,678 [ForkJoinPool.commonPool-worker-0] INFO  segmented.SegmentedRaftLogWorker (SegmentedRaftLogWorker.java:close(228)) - 26ccac67-ab20-4124-92b6-8da6e1522566@group-412E5E5F612E-SegmentedRaftLogWorker close()
2019-09-24 18:21:11,679 [ForkJoinPool.commonPool-worker-0] INFO  server.GrpcService (GrpcService.java:closeImpl(164)) - 26ccac67-ab20-4124-92b6-8da6e1522566: shutdown server with port 45402 now
2019-09-24 18:21:11,680 [grpc-default-executor-1] WARN  server.GrpcServerProtocolService (LogUtils.java:warn(134)) - 26ccac67-ab20-4124-92b6-8da6e1522566: installSnapshot onError, lastRequest: a43942a0-f39a-4b13-85c7-031627d4b02f->26ccac67-ab20-4124-92b6-8da6e1522566#70-t6, previous=(t:6, i:0), leaderCommit=0, initializing? false, entries: <empty>: org.apache.ratis.thirdparty.io.grpc.StatusRuntimeException: CANCELLED: cancelled before receiving half close
2019-09-24 18:21:11,680 [ForkJoinPool.commonPool-worker-0] INFO  server.GrpcService (GrpcService.java:closeImpl(172)) - 26ccac67-ab20-4124-92b6-8da6e1522566: shutdown server with port 45402 successfully
2019-09-24 18:21:11,680 [grpc-default-executor-2] WARN  server.GrpcLogAppender (LogUtils.java:warn(134)) - a43942a0-f39a-4b13-85c7-031627d4b02f@group-412E5E5F612E->26ccac67-ab20-4124-92b6-8da6e1522566-AppendLogResponseHandler: Failed appendEntries: org.apache.ratis.thirdparty.io.grpc.StatusRuntimeException: CANCELLED: HTTP/2 error code: CANCEL
Received Rst Stream
2019-09-24 18:21:11,681 [grpc-default-executor-2] INFO  impl.FollowerInfo (FollowerInfo.java:lambda$new$0(51)) - a43942a0-f39a-4b13-85c7-031627d4b02f@group-412E5E5F612E->26ccac67-ab20-4124-92b6-8da6e1522566: nextIndex: updateUnconditionally 1 -> 0
2019-09-24 18:21:11,686 [refreshUsed-/workdir/hadoop-ozone/integration-test/target/test-dir/MiniOzoneClusterImpl-186cfbc1-6a32-40a9-9f2d-6a573dc3a7dc/datanode-2/data/containers] WARN  fs.CachingGetSpaceUsed (CachingGetSpaceUsed.java:run(183)) - Thread Interrupted waiting to refresh disk information: sleep interrupted
2019-09-24 18:21:11,700 [ForkJoinPool.commonPool-worker-0] INFO  utils.BackgroundService (BackgroundService.java:shutdown(148)) - Shutting down service BlockDeletingService
2019-09-24 18:21:11,702 [ForkJoinPool.commonPool-worker-0] INFO  statemachine.DatanodeStateMachine (DatanodeStateMachine.java:stopDaemon(395)) - Ozone container server stopped.
2019-09-24 18:21:11,716 [ForkJoinPool.commonPool-worker-0] INFO  handler.ContextHandler (ContextHandler.java:doStop(910)) - Stopped o.e.j.w.WebAppContext@36b9cb99{/,null,UNAVAILABLE}{/hddsDatanode}
2019-09-24 18:21:11,717 [ForkJoinPool.commonPool-worker-0] INFO  server.AbstractConnector (AbstractConnector.java:doStop(318)) - Stopped ServerConnector@4130955c{HTTP/1.1,[http/1.1]}{0.0.0.0:0}
2019-09-24 18:21:11,722 [ForkJoinPool.commonPool-worker-0] INFO  handler.ContextHandler (ContextHandler.java:doStop(910)) - Stopped o.e.j.s.ServletContextHandler@7b3cde6f{/static,jar:file:/home/user/.m2/repository/org/apache/hadoop/hadoop-hdds-container-service/0.5.0-SNAPSHOT/hadoop-hdds-container-service-0.5.0-SNAPSHOT.jar!/webapps/static,UNAVAILABLE}
2019-09-24 18:21:11,722 [ForkJoinPool.commonPool-worker-0] INFO  handler.ContextHandler (ContextHandler.java:doStop(910)) - Stopped o.e.j.s.ServletContextHandler@3bf54172{/logs,file:///workdir/hadoop-ozone/integration-test/target/log,UNAVAILABLE}
2019-09-24 18:21:12,153 [grpc-default-executor-4] WARN  server.GrpcLogAppender (LogUtils.java:warn(134)) - a43942a0-f39a-4b13-85c7-031627d4b02f@group-412E5E5F612E->21690c2e-4eab-419f-9c34-8dcbcedc5f1a-AppendLogResponseHandler: Failed appendEntries: org.apache.ratis.thirdparty.io.grpc.StatusRuntimeException: UNAVAILABLE: io exception
2019-09-24 18:21:12,155 [grpc-default-executor-4] INFO  impl.FollowerInfo (FollowerInfo.java:lambda$new$0(51)) - a43942a0-f39a-4b13-85c7-031627d4b02f@group-412E5E5F612E->21690c2e-4eab-419f-9c34-8dcbcedc5f1a: nextIndex: updateUnconditionally 0 -> 0
2019-09-24 18:21:12,180 [grpc-default-executor-1] WARN  server.GrpcLogAppender (LogUtils.java:warn(134)) - a43942a0-f39a-4b13-85c7-031627d4b02f@group-412E5E5F612E->26ccac67-ab20-4124-92b6-8da6e1522566-AppendLogResponseHandler: Failed appendEntries: org.apache.ratis.thirdparty.io.grpc.StatusRuntimeException: UNAVAILABLE: io exception
2019-09-24 18:21:12,182 [grpc-default-executor-1] INFO  impl.FollowerInfo (FollowerInfo.java:lambda$new$0(51)) - a43942a0-f39a-4b13-85c7-031627d4b02f@group-412E5E5F612E->26ccac67-ab20-4124-92b6-8da6e1522566: nextIndex: updateUnconditionally 0 -> 0
2019-09-24 18:21:12,654 [grpc-default-executor-2] WARN  server.GrpcLogAppender (LogUtils.java:warn(134)) - a43942a0-f39a-4b13-85c7-031627d4b02f@group-412E5E5F612E->21690c2e-4eab-419f-9c34-8dcbcedc5f1a-AppendLogResponseHandler: Failed appendEntries: org.apache.ratis.thirdparty.io.grpc.StatusRuntimeException: UNAVAILABLE: io exception
2019-09-24 18:21:12,656 [grpc-default-executor-2] INFO  impl.FollowerInfo (FollowerInfo.java:lambda$new$0(51)) - a43942a0-f39a-4b13-85c7-031627d4b02f@group-412E5E5F612E->21690c2e-4eab-419f-9c34-8dcbcedc5f1a: nextIndex: updateUnconditionally 0 -> 0
2019-09-24 18:21:12,681 [grpc-default-executor-4] WARN  server.GrpcLogAppender (LogUtils.java:warn(134)) - a43942a0-f39a-4b13-85c7-031627d4b02f@group-412E5E5F612E->26ccac67-ab20-4124-92b6-8da6e1522566-AppendLogResponseHandler: Failed appendEntries: org.apache.ratis.thirdparty.io.grpc.StatusRuntimeException: UNAVAILABLE: io exception
2019-09-24 18:21:12,682 [grpc-default-executor-4] INFO  impl.FollowerInfo (FollowerInfo.java:lambda$new$0(51)) - a43942a0-f39a-4b13-85c7-031627d4b02f@group-412E5E5F612E->26ccac67-ab20-4124-92b6-8da6e1522566: nextIndex: updateUnconditionally 0 -> 0
2019-09-24 18:21:13,155 [grpc-default-executor-1] WARN  server.GrpcLogAppender (LogUtils.java:warn(134)) - a43942a0-f39a-4b13-85c7-031627d4b02f@group-412E5E5F612E->21690c2e-4eab-419f-9c34-8dcbcedc5f1a-AppendLogResponseHandler: Failed appendEntries: org.apache.ratis.thirdparty.io.grpc.StatusRuntimeException: UNAVAILABLE: io exception
2019-09-24 18:21:13,158 [grpc-default-executor-1] INFO  impl.FollowerInfo (FollowerInfo.java:lambda$new$0(51)) - a43942a0-f39a-4b13-85c7-031627d4b02f@group-412E5E5F612E->21690c2e-4eab-419f-9c34-8dcbcedc5f1a: nextIndex: updateUnconditionally 0 -> 0
2019-09-24 18:21:13,182 [grpc-default-executor-2] WARN  server.GrpcLogAppender (LogUtils.java:warn(134)) - a43942a0-f39a-4b13-85c7-031627d4b02f@group-412E5E5F612E->26ccac67-ab20-4124-92b6-8da6e1522566-AppendLogResponseHandler: Failed appendEntries: org.apache.ratis.thirdparty.io.grpc.StatusRuntimeException: UNAVAILABLE: io exception
2019-09-24 18:21:13,183 [grpc-default-executor-2] INFO  impl.FollowerInfo (FollowerInfo.java:lambda$new$0(51)) - a43942a0-f39a-4b13-85c7-031627d4b02f@group-412E5E5F612E->26ccac67-ab20-4124-92b6-8da6e1522566: nextIndex: updateUnconditionally 0 -> 0
2019-09-24 18:21:13,253 [main] INFO  ozoneimpl.OzoneContainer (OzoneContainer.java:stop(231)) - Attempting to stop container services.
2019-09-24 18:21:13,253 [main] INFO  impl.RaftServerProxy (RaftServerProxy.java:lambda$close$4(314)) - a43942a0-f39a-4b13-85c7-031627d4b02f: close
2019-09-24 18:21:13,254 [main] INFO  impl.RaftServerImpl (RaftServerImpl.java:lambda$shutdown$3(251)) - a43942a0-f39a-4b13-85c7-031627d4b02f@group-D151F50B535F: shutdown
2019-09-24 18:21:13,254 [ForkJoinPool.commonPool-worker-0] INFO  impl.RaftServerImpl (RaftServerImpl.java:lambda$shutdown$3(251)) - a43942a0-f39a-4b13-85c7-031627d4b02f@group-412E5E5F612E: shutdown
2019-09-24 18:21:13,254 [main] INFO  util.JmxRegister (JmxRegister.java:unregister(73)) - Successfully un-registered JMX Bean with object name Ratis:service=RaftServer,group=group-D151F50B535F,id=a43942a0-f39a-4b13-85c7-031627d4b02f
2019-09-24 18:21:13,254 [ForkJoinPool.commonPool-worker-0] INFO  util.JmxRegister (JmxRegister.java:unregister(73)) - Successfully un-registered JMX Bean with object name Ratis:service=RaftServer,group=group-412E5E5F612E,id=a43942a0-f39a-4b13-85c7-031627d4b02f
2019-09-24 18:21:13,254 [main] INFO  impl.RoleInfo (RoleInfo.java:shutdownLeaderState(104)) - a43942a0-f39a-4b13-85c7-031627d4b02f: shutdown LeaderState
2019-09-24 18:21:13,255 [ForkJoinPool.commonPool-worker-0] INFO  impl.RoleInfo (RoleInfo.java:shutdownLeaderState(104)) - a43942a0-f39a-4b13-85c7-031627d4b02f: shutdown LeaderState
2019-09-24 18:21:13,255 [main] INFO  impl.PendingRequests (PendingRequests.java:sendNotLeaderResponses(202)) - a43942a0-f39a-4b13-85c7-031627d4b02f-PendingRequests: sendNotLeaderResponses
2019-09-24 18:21:13,257 [org.apache.ratis.server.impl.LogAppender$AppenderDaemon$$Lambda$465/680203999@6f312a8f] WARN  server.GrpcLogAppender (GrpcLogAppender.java:mayWait(143)) - a43942a0-f39a-4b13-85c7-031627d4b02f@group-412E5E5F612E->26ccac67-ab20-4124-92b6-8da6e1522566-GrpcLogAppender: Wait interrupted by java.lang.InterruptedException
2019-09-24 18:21:13,257 [org.apache.ratis.server.impl.LogAppender$AppenderDaemon$$Lambda$465/680203999@11529896] WARN  server.GrpcLogAppender (GrpcLogAppender.java:mayWait(143)) - a43942a0-f39a-4b13-85c7-031627d4b02f@group-412E5E5F612E->21690c2e-4eab-419f-9c34-8dcbcedc5f1a-GrpcLogAppender: Wait interrupted by java.lang.InterruptedException
2019-09-24 18:21:13,257 [ForkJoinPool.commonPool-worker-0] INFO  impl.PendingRequests (PendingRequests.java:sendNotLeaderResponses(202)) - a43942a0-f39a-4b13-85c7-031627d4b02f-PendingRequests: sendNotLeaderResponses
2019-09-24 18:21:13,257 [main] INFO  impl.StateMachineUpdater (StateMachineUpdater.java:stopAndJoin(125)) - a43942a0-f39a-4b13-85c7-031627d4b02f@group-D151F50B535F-StateMachineUpdater: set stopIndex = 0
2019-09-24 18:21:13,258 [ForkJoinPool.commonPool-worker-0] INFO  impl.StateMachineUpdater (StateMachineUpdater.java:stopAndJoin(125)) - a43942a0-f39a-4b13-85c7-031627d4b02f@group-412E5E5F612E-StateMachineUpdater: set stopIndex = 0
2019-09-24 18:21:13,258 [main] INFO  impl.RaftServerImpl (ServerState.java:close(385)) - a43942a0-f39a-4b13-85c7-031627d4b02f@group-D151F50B535F: closes. applyIndex: 0
2019-09-24 18:21:13,258 [ForkJoinPool.commonPool-worker-0] INFO  impl.RaftServerImpl (ServerState.java:close(385)) - a43942a0-f39a-4b13-85c7-031627d4b02f@group-412E5E5F612E: closes. applyIndex: 0
2019-09-24 18:21:13,259 [a43942a0-f39a-4b13-85c7-031627d4b02f@group-D151F50B535F-SegmentedRaftLogWorker] INFO  segmented.SegmentedRaftLogWorker (SegmentedRaftLogWorker.java:run(313)) - a43942a0-f39a-4b13-85c7-031627d4b02f@group-D151F50B535F-SegmentedRaftLogWorker was interrupted, exiting. There are 0 tasks remaining in the queue.
2019-09-24 18:21:13,259 [a43942a0-f39a-4b13-85c7-031627d4b02f@group-412E5E5F612E-SegmentedRaftLogWorker] INFO  segmented.SegmentedRaftLogWorker (SegmentedRaftLogWorker.java:run(313)) - a43942a0-f39a-4b13-85c7-031627d4b02f@group-412E5E5F612E-SegmentedRaftLogWorker was interrupted, exiting. There are 0 tasks remaining in the queue.
2019-09-24 18:21:13,277 [main] INFO  segmented.SegmentedRaftLogWorker (SegmentedRaftLogWorker.java:close(228)) - a43942a0-f39a-4b13-85c7-031627d4b02f@group-D151F50B535F-SegmentedRaftLogWorker close()
2019-09-24 18:21:13,277 [ForkJoinPool.commonPool-worker-0] INFO  segmented.SegmentedRaftLogWorker (SegmentedRaftLogWorker.java:close(228)) - a43942a0-f39a-4b13-85c7-031627d4b02f@group-412E5E5F612E-SegmentedRaftLogWorker close()
2019-09-24 18:21:13,277 [main] INFO  server.GrpcService (GrpcService.java:closeImpl(164)) - a43942a0-f39a-4b13-85c7-031627d4b02f: shutdown server with port 37109 now
2019-09-24 18:21:13,278 [main] INFO  server.GrpcService (GrpcService.java:closeImpl(172)) - a43942a0-f39a-4b13-85c7-031627d4b02f: shutdown server with port 37109 successfully
2019-09-24 18:21:13,283 [refreshUsed-/workdir/hadoop-ozone/integration-test/target/test-dir/MiniOzoneClusterImpl-186cfbc1-6a32-40a9-9f2d-6a573dc3a7dc/datanode-0/data/containers] WARN  fs.CachingGetSpaceUsed (CachingGetSpaceUsed.java:run(183)) - Thread Interrupted waiting to refresh disk information: sleep interrupted
2019-09-24 18:21:13,293 [main] INFO  utils.BackgroundService (BackgroundService.java:shutdown(148)) - Shutting down service BlockDeletingService
2019-09-24 18:21:13,296 [main] INFO  statemachine.DatanodeStateMachine (DatanodeStateMachine.java:stopDaemon(395)) - Ozone container server stopped.
2019-09-24 18:21:13,297 [main] INFO  handler.ContextHandler (ContextHandler.java:doStop(910)) - Stopped o.e.j.w.WebAppContext@7ed3df3b{/,null,UNAVAILABLE}{/hddsDatanode}
2019-09-24 18:21:13,297 [main] INFO  server.AbstractConnector (AbstractConnector.java:doStop(318)) - Stopped ServerConnector@465b38e6{HTTP/1.1,[http/1.1]}{0.0.0.0:0}
2019-09-24 18:21:13,297 [main] INFO  handler.ContextHandler (ContextHandler.java:doStop(910)) - Stopped o.e.j.s.ServletContextHandler@3c66b7d8{/static,jar:file:/home/user/.m2/repository/org/apache/hadoop/hadoop-hdds-container-service/0.5.0-SNAPSHOT/hadoop-hdds-container-service-0.5.0-SNAPSHOT.jar!/webapps/static,UNAVAILABLE}
2019-09-24 18:21:13,298 [main] INFO  handler.ContextHandler (ContextHandler.java:doStop(910)) - Stopped o.e.j.s.ServletContextHandler@60c1663c{/logs,file:///workdir/hadoop-ozone/integration-test/target/log,UNAVAILABLE}
2019-09-24 18:21:13,299 [main] INFO  ozone.MiniOzoneClusterImpl (MiniOzoneClusterImpl.java:stopSCM(392)) - Stopping the StorageContainerManager
2019-09-24 18:21:13,299 [main] INFO  server.StorageContainerManager (StorageContainerManager.java:stop(808)) - Stopping Replication Manager Service.
2019-09-24 18:21:13,299 [main] INFO  container.ReplicationManager (ReplicationManager.java:stop(203)) - Stopping Replication Monitor Thread.
2019-09-24 18:21:13,299 [main] INFO  server.StorageContainerManager (StorageContainerManager.java:stop(815)) - Stopping Lease Manager of the command watchers
2019-09-24 18:21:13,299 [main] INFO  server.StorageContainerManager (StorageContainerManager.java:stop(822)) - Stopping datanode service RPC server
2019-09-24 18:21:13,299 [main] INFO  server.SCMDatanodeProtocolServer (SCMDatanodeProtocolServer.java:stop(367)) - Stopping the RPC server for DataNodes
2019-09-24 18:21:13,300 [main] INFO  ipc.Server (Server.java:stop(3082)) - Stopping server on 37616
2019-09-24 18:21:13,301 [IPC Server listener on 37616] INFO  ipc.Server (Server.java:run(1185)) - Stopping IPC Server listener on 37616
2019-09-24 18:21:13,302 [IPC Server Responder] INFO  ipc.Server (Server.java:run(1319)) - Stopping IPC Server Responder
2019-09-24 18:21:13,329 [SCM Heartbeat Processing Thread - 0] WARN  node.NodeStateManager (NodeStateManager.java:scheduleNextHealthCheck(646)) - Current Thread is interrupted, shutting down HB processing thread for Node Manager.
2019-09-24 18:21:13,330 [main] INFO  server.StorageContainerManager (StorageContainerManager.java:stop(830)) - Stopping block service RPC server
2019-09-24 18:21:13,330 [main] INFO  server.SCMBlockProtocolServer (SCMBlockProtocolServer.java:stop(155)) - Stopping the RPC server for Block Protocol
2019-09-24 18:21:13,330 [main] INFO  ipc.Server (Server.java:stop(3082)) - Stopping server on 44564
2019-09-24 18:21:13,332 [IPC Server listener on 44564] INFO  ipc.Server (Server.java:run(1185)) - Stopping IPC Server listener on 44564
2019-09-24 18:21:13,332 [main] INFO  server.StorageContainerManager (StorageContainerManager.java:stop(837)) - Stopping the StorageContainerLocationProtocol RPC server
2019-09-24 18:21:13,332 [main] INFO  server.SCMClientProtocolServer (SCMClientProtocolServer.java:stop(159)) - Stopping the RPC server for Client Protocol
2019-09-24 18:21:13,334 [main] INFO  ipc.Server (Server.java:stop(3082)) - Stopping server on 34835
2019-09-24 18:21:13,332 [IPC Server Responder] INFO  ipc.Server (Server.java:run(1319)) - Stopping IPC Server Responder
2019-09-24 18:21:13,336 [IPC Server listener on 34835] INFO  ipc.Server (Server.java:run(1185)) - Stopping IPC Server listener on 34835
2019-09-24 18:21:13,336 [main] INFO  server.StorageContainerManager (StorageContainerManager.java:stop(844)) - Stopping Storage Container Manager HTTP server.
2019-09-24 18:21:13,337 [IPC Server Responder] INFO  ipc.Server (Server.java:run(1319)) - Stopping IPC Server Responder
2019-09-24 18:21:13,338 [main] INFO  handler.ContextHandler (ContextHandler.java:doStop(910)) - Stopped o.e.j.w.WebAppContext@3382cf68{/,null,UNAVAILABLE}{/scm}
2019-09-24 18:21:13,339 [main] INFO  server.AbstractConnector (AbstractConnector.java:doStop(318)) - Stopped ServerConnector@2f74900b{HTTP/1.1,[http/1.1]}{0.0.0.0:0}
2019-09-24 18:21:13,339 [main] INFO  handler.ContextHandler (ContextHandler.java:doStop(910)) - Stopped o.e.j.s.ServletContextHandler@3468ee6e{/static,file:///workdir/hadoop-ozone/integration-test/target/test-classes/webapps/static,UNAVAILABLE}
2019-09-24 18:21:13,339 [main] INFO  handler.ContextHandler (ContextHandler.java:doStop(910)) - Stopped o.e.j.s.ServletContextHandler@463561c5{/logs,file:///workdir/hadoop-ozone/integration-test/target/log,UNAVAILABLE}
2019-09-24 18:21:13,340 [main] INFO  server.StorageContainerManager (StorageContainerManager.java:stop(855)) - Stopping Block Manager Service.
2019-09-24 18:21:13,341 [main] INFO  utils.BackgroundService (BackgroundService.java:shutdown(148)) - Shutting down service SCMBlockDeletingService
2019-09-24 18:21:13,341 [main] INFO  utils.BackgroundService (BackgroundService.java:shutdown(148)) - Shutting down service SCMBlockDeletingService
2019-09-24 18:21:13,342 [main] INFO  server.StorageContainerManager (StorageContainerManager.java:stop(877)) - Stopping SCM Event Queue.
2019-09-24 18:21:13,348 [main] INFO  impl.MetricsSystemImpl (MetricsSystemImpl.java:stop(210)) - Stopping XceiverClientMetrics metrics system...
2019-09-24 18:21:13,362 [main] INFO  impl.MetricsSystemImpl (MetricsSystemImpl.java:stop(216)) - XceiverClientMetrics metrics system stopped.
]]></system-out>
    <system-err><![CDATA[Sep 24, 2019 6:21:06 PM org.apache.ratis.thirdparty.io.grpc.internal.SerializingExecutor run
SEVERE: Exception while executing runnable org.apache.ratis.thirdparty.io.grpc.internal.ServerImpl$JumpToApplicationThreadServerStreamListener$1Closed@2dd0881d
org.apache.ratis.thirdparty.io.grpc.StatusRuntimeException: CANCELLED: call already cancelled
	at org.apache.ratis.thirdparty.io.grpc.Status.asRuntimeException(Status.java:517)
	at org.apache.ratis.thirdparty.io.grpc.stub.ServerCalls$ServerCallStreamObserverImpl.onCompleted(ServerCalls.java:356)
	at org.apache.ratis.grpc.server.GrpcServerProtocolService$ServerRequestStreamObserver.onError(GrpcServerProtocolService.java:121)
	at org.apache.ratis.thirdparty.io.grpc.stub.ServerCalls$StreamingServerCallHandler$StreamingServerCallListener.onCancel(ServerCalls.java:269)
	at org.apache.ratis.thirdparty.io.grpc.internal.ServerCallImpl$ServerStreamListenerImpl.closed(ServerCallImpl.java:293)
	at org.apache.ratis.thirdparty.io.grpc.internal.ServerImpl$JumpToApplicationThreadServerStreamListener$1Closed.runInContext(ServerImpl.java:741)
	at org.apache.ratis.thirdparty.io.grpc.internal.ContextRunnable.run(ContextRunnable.java:37)
	at org.apache.ratis.thirdparty.io.grpc.internal.SerializingExecutor.run(SerializingExecutor.java:123)
	at java.util.concurrent.ThreadPoolExecutor.runWorker(ThreadPoolExecutor.java:1149)
	at java.util.concurrent.ThreadPoolExecutor$Worker.run(ThreadPoolExecutor.java:624)
	at java.lang.Thread.run(Thread.java:748)

Sep 24, 2019 6:21:11 PM org.apache.ratis.thirdparty.io.grpc.internal.SerializingExecutor run
SEVERE: Exception while executing runnable org.apache.ratis.thirdparty.io.grpc.internal.ServerImpl$JumpToApplicationThreadServerStreamListener$1Closed@46ead0f
org.apache.ratis.thirdparty.io.grpc.StatusRuntimeException: CANCELLED: call already cancelled
	at org.apache.ratis.thirdparty.io.grpc.Status.asRuntimeException(Status.java:517)
	at org.apache.ratis.thirdparty.io.grpc.stub.ServerCalls$ServerCallStreamObserverImpl.onCompleted(ServerCalls.java:356)
	at org.apache.ratis.grpc.server.GrpcServerProtocolService$ServerRequestStreamObserver.onError(GrpcServerProtocolService.java:121)
	at org.apache.ratis.thirdparty.io.grpc.stub.ServerCalls$StreamingServerCallHandler$StreamingServerCallListener.onCancel(ServerCalls.java:269)
	at org.apache.ratis.thirdparty.io.grpc.internal.ServerCallImpl$ServerStreamListenerImpl.closed(ServerCallImpl.java:293)
	at org.apache.ratis.thirdparty.io.grpc.internal.ServerImpl$JumpToApplicationThreadServerStreamListener$1Closed.runInContext(ServerImpl.java:741)
	at org.apache.ratis.thirdparty.io.grpc.internal.ContextRunnable.run(ContextRunnable.java:37)
	at org.apache.ratis.thirdparty.io.grpc.internal.SerializingExecutor.run(SerializingExecutor.java:123)
	at java.util.concurrent.ThreadPoolExecutor.runWorker(ThreadPoolExecutor.java:1149)
	at java.util.concurrent.ThreadPoolExecutor$Worker.run(ThreadPoolExecutor.java:624)
	at java.lang.Thread.run(Thread.java:748)

]]></system-err>
  </testcase>
</testsuite>