<?xml version="1.0" encoding="UTF-8"?>
<testsuite xmlns:xsi="http://www.w3.org/2001/XMLSchema-instance" xsi:noNamespaceSchemaLocation="https://maven.apache.org/surefire/maven-surefire-plugin/xsd/surefire-test-report.xsd" name="org.apache.hadoop.ozone.client.rpc.TestOzoneClientRetriesOnException" time="233.399" tests="2" errors="2" skipped="0" failures="0">
  <properties>
    <property name="awt.toolkit" value="sun.awt.X11.XToolkit"/>
    <property name="file.encoding.pkg" value="sun.io"/>
    <property name="java.specification.version" value="1.8"/>
    <property name="sun.cpu.isalist" value=""/>
    <property name="sun.jnu.encoding" value="UTF-8"/>
    <property name="java.class.path" value="/workdir/hadoop-ozone/integration-test/target/test-classes:/workdir/hadoop-ozone/integration-test/target/classes:/home/user/.m2/repository/org/apache/hadoop/hadoop-ozone-common/0.5.0-SNAPSHOT/hadoop-ozone-common-0.5.0-SNAPSHOT.jar:/home/user/.m2/repository/org/apache/commons/commons-compress/1.4.1/commons-compress-1.4.1.jar:/home/user/.m2/repository/org/tukaani/xz/1.0/xz-1.0.jar:/home/user/.m2/repository/org/apache/hadoop/hadoop-common/3.2.0/hadoop-common-3.2.0.jar:/home/user/.m2/repository/org/apache/hadoop/hadoop-hdfs/3.2.0/hadoop-hdfs-3.2.0.jar:/home/user/.m2/repository/org/apache/hadoop/hadoop-hdfs-client/3.2.0/hadoop-hdfs-client-3.2.0.jar:/home/user/.m2/repository/com/fasterxml/jackson/core/jackson-annotations/2.9.9/jackson-annotations-2.9.9.jar:/home/user/.m2/repository/org/apache/hadoop/hadoop-hdds-common/0.5.0-SNAPSHOT/hadoop-hdds-common-0.5.0-SNAPSHOT.jar:/home/user/.m2/repository/javax/annotation/javax.annotation-api/1.2/javax.annotation-api-1.2.jar:/home/user/.m2/repository/org/apache/ratis/ratis-server/0.4.0/ratis-server-0.4.0.jar:/home/user/.m2/repository/org/apache/ratis/ratis-thirdparty-misc/0.2.0/ratis-thirdparty-misc-0.2.0.jar:/home/user/.m2/repository/org/apache/ratis/ratis-proto/0.4.0/ratis-proto-0.4.0.jar:/home/user/.m2/repository/org/apache/ratis/ratis-common/0.4.0/ratis-common-0.4.0.jar:/home/user/.m2/repository/org/apache/ratis/ratis-client/0.4.0/ratis-client-0.4.0.jar:/home/user/.m2/repository/org/apache/ratis/ratis-metrics/0.4.0/ratis-metrics-0.4.0.jar:/home/user/.m2/repository/com/github/joshelser/dropwizard-metrics-hadoop-metrics2-reporter/0.1.2/dropwizard-metrics-hadoop-metrics2-reporter-0.1.2.jar:/home/user/.m2/repository/io/dropwizard/metrics/metrics-jvm/3.2.5/metrics-jvm-3.2.5.jar:/home/user/.m2/repository/io/dropwizard/metrics/metrics-ganglia/3.2.5/metrics-ganglia-3.2.5.jar:/home/user/.m2/repository/info/ganglia/gmetric4j/gmetric4j/1.0.7/gmetric4j-1.0.7.jar:/home/user/.m2/repository/org/apache/ratis/ratis-netty/0.4.0/ratis-netty-0.4.0.jar:/home/user/.m2/repository/org/apache/ratis/ratis-grpc/0.4.0/ratis-grpc-0.4.0.jar:/home/user/.m2/repository/org/rocksdb/rocksdbjni/6.0.1/rocksdbjni-6.0.1.jar:/home/user/.m2/repository/org/apache/logging/log4j/log4j-api/2.11.0/log4j-api-2.11.0.jar:/home/user/.m2/repository/org/apache/logging/log4j/log4j-core/2.11.0/log4j-core-2.11.0.jar:/home/user/.m2/repository/com/lmax/disruptor/3.4.2/disruptor-3.4.2.jar:/home/user/.m2/repository/org/apache/commons/commons-pool2/2.6.0/commons-pool2-2.6.0.jar:/home/user/.m2/repository/org/bouncycastle/bcpkix-jdk15on/1.60/bcpkix-jdk15on-1.60.jar:/home/user/.m2/repository/commons-validator/commons-validator/1.6/commons-validator-1.6.jar:/home/user/.m2/repository/commons-digester/commons-digester/1.8.1/commons-digester-1.8.1.jar:/home/user/.m2/repository/io/jaegertracing/jaeger-client/0.34.0/jaeger-client-0.34.0.jar:/home/user/.m2/repository/io/jaegertracing/jaeger-thrift/0.34.0/jaeger-thrift-0.34.0.jar:/home/user/.m2/repository/org/apache/thrift/libthrift/0.12.0/libthrift-0.12.0.jar:/home/user/.m2/repository/com/squareup/okhttp3/okhttp/3.9.0/okhttp-3.9.0.jar:/home/user/.m2/repository/com/squareup/okio/okio/1.13.0/okio-1.13.0.jar:/home/user/.m2/repository/io/jaegertracing/jaeger-core/0.34.0/jaeger-core-0.34.0.jar:/home/user/.m2/repository/io/jaegertracing/jaeger-tracerresolver/0.34.0/jaeger-tracerresolver-0.34.0.jar:/home/user/.m2/repository/io/opentracing/contrib/opentracing-tracerresolver/0.1.5/opentracing-tracerresolver-0.1.5.jar:/home/user/.m2/repository/io/opentracing/opentracing-util/0.31.0/opentracing-util-0.31.0.jar:/home/user/.m2/repository/io/opentracing/opentracing-api/0.31.0/opentracing-api-0.31.0.jar:/home/user/.m2/repository/io/opentracing/opentracing-noop/0.31.0/opentracing-noop-0.31.0.jar:/home/user/.m2/repository/org/apache/hadoop/hadoop-hdds-server-framework/0.5.0-SNAPSHOT/hadoop-hdds-server-framework-0.5.0-SNAPSHOT.jar:/home/user/.m2/repository/org/apache/hadoop/hadoop-hdds-container-service/0.5.0-SNAPSHOT/hadoop-hdds-container-service-0.5.0-SNAPSHOT.jar:/home/user/.m2/repository/org/apache/hadoop/hadoop-hdds-client/0.5.0-SNAPSHOT/hadoop-hdds-client-0.5.0-SNAPSHOT.jar:/home/user/.m2/repository/org/apache/hadoop/hadoop-hdds-tools/0.5.0-SNAPSHOT/hadoop-hdds-tools-0.5.0-SNAPSHOT.jar:/home/user/.m2/repository/org/apache/hadoop/hadoop-hdds-server-scm/0.5.0-SNAPSHOT/hadoop-hdds-server-scm-0.5.0-SNAPSHOT.jar:/home/user/.m2/repository/org/apache/hadoop/hadoop-hdds-docs/0.5.0-SNAPSHOT/hadoop-hdds-docs-0.5.0-SNAPSHOT.jar:/home/user/.m2/repository/io/dropwizard/metrics/metrics-core/3.2.4/metrics-core-3.2.4.jar:/home/user/.m2/repository/org/hamcrest/hamcrest-all/1.3/hamcrest-all-1.3.jar:/home/user/.m2/repository/org/bouncycastle/bcprov-jdk15on/1.60/bcprov-jdk15on-1.60.jar:/home/user/.m2/repository/info/picocli/picocli/3.9.6/picocli-3.9.6.jar:/home/user/.m2/repository/com/google/protobuf/protobuf-java/2.5.0/protobuf-java-2.5.0.jar:/home/user/.m2/repository/com/google/guava/guava/11.0.2/guava-11.0.2.jar:/home/user/.m2/repository/org/apache/hadoop/hadoop-ozone-ozone-manager/0.5.0-SNAPSHOT/hadoop-ozone-ozone-manager-0.5.0-SNAPSHOT.jar:/home/user/.m2/repository/org/apache/hadoop/hadoop-minikdc/3.2.0/hadoop-minikdc-3.2.0.jar:/home/user/.m2/repository/commons-io/commons-io/2.5/commons-io-2.5.jar:/home/user/.m2/repository/org/apache/kerby/kerb-simplekdc/1.0.1/kerb-simplekdc-1.0.1.jar:/home/user/.m2/repository/org/apache/kerby/kerb-client/1.0.1/kerb-client-1.0.1.jar:/home/user/.m2/repository/org/apache/kerby/kerby-config/1.0.1/kerby-config-1.0.1.jar:/home/user/.m2/repository/org/apache/kerby/kerb-core/1.0.1/kerb-core-1.0.1.jar:/home/user/.m2/repository/org/apache/kerby/kerby-pkix/1.0.1/kerby-pkix-1.0.1.jar:/home/user/.m2/repository/org/apache/kerby/kerby-asn1/1.0.1/kerby-asn1-1.0.1.jar:/home/user/.m2/repository/org/apache/kerby/kerby-util/1.0.1/kerby-util-1.0.1.jar:/home/user/.m2/repository/org/apache/kerby/kerb-common/1.0.1/kerb-common-1.0.1.jar:/home/user/.m2/repository/org/apache/kerby/kerb-crypto/1.0.1/kerb-crypto-1.0.1.jar:/home/user/.m2/repository/org/apache/kerby/kerb-util/1.0.1/kerb-util-1.0.1.jar:/home/user/.m2/repository/org/apache/kerby/token-provider/1.0.1/token-provider-1.0.1.jar:/home/user/.m2/repository/org/apache/kerby/kerb-admin/1.0.1/kerb-admin-1.0.1.jar:/home/user/.m2/repository/org/apache/kerby/kerb-server/1.0.1/kerb-server-1.0.1.jar:/home/user/.m2/repository/org/apache/kerby/kerb-identity/1.0.1/kerb-identity-1.0.1.jar:/home/user/.m2/repository/org/apache/kerby/kerby-xdr/1.0.1/kerby-xdr-1.0.1.jar:/home/user/.m2/repository/org/slf4j/slf4j-log4j12/1.7.25/slf4j-log4j12-1.7.25.jar:/home/user/.m2/repository/org/apache/hadoop/hadoop-ozone-s3gateway/0.5.0-SNAPSHOT/hadoop-ozone-s3gateway-0.5.0-SNAPSHOT.jar:/home/user/.m2/repository/org/jboss/weld/servlet/weld-servlet/2.4.7.Final/weld-servlet-2.4.7.Final.jar:/home/user/.m2/repository/org/glassfish/jersey/containers/jersey-container-servlet-core/2.27/jersey-container-servlet-core-2.27.jar:/home/user/.m2/repository/org/glassfish/hk2/external/javax.inject/2.5.0-b42/javax.inject-2.5.0-b42.jar:/home/user/.m2/repository/org/glassfish/jersey/core/jersey-common/2.27/jersey-common-2.27.jar:/home/user/.m2/repository/org/glassfish/hk2/osgi-resource-locator/1.0.1/osgi-resource-locator-1.0.1.jar:/home/user/.m2/repository/javax/ws/rs/javax.ws.rs-api/2.1/javax.ws.rs-api-2.1.jar:/home/user/.m2/repository/org/glassfish/jersey/ext/cdi/jersey-cdi1x/2.27/jersey-cdi1x-2.27.jar:/home/user/.m2/repository/org/glassfish/jersey/inject/jersey-hk2/2.27/jersey-hk2-2.27.jar:/home/user/.m2/repository/org/glassfish/hk2/hk2-locator/2.5.0-b42/hk2-locator-2.5.0-b42.jar:/home/user/.m2/repository/org/javassist/javassist/3.22.0-CR2/javassist-3.22.0-CR2.jar:/home/user/.m2/repository/org/glassfish/hk2/hk2-api/2.5.0/hk2-api-2.5.0.jar:/home/user/.m2/repository/org/glassfish/hk2/external/jakarta.inject/2.5.0/jakarta.inject-2.5.0.jar:/home/user/.m2/repository/org/glassfish/hk2/hk2-utils/2.5.0/hk2-utils-2.5.0.jar:/home/user/.m2/repository/jakarta/annotation/jakarta.annotation-api/1.3.4/jakarta.annotation-api-1.3.4.jar:/home/user/.m2/repository/org/glassfish/hk2/external/aopalliance-repackaged/2.5.0/aopalliance-repackaged-2.5.0.jar:/home/user/.m2/repository/com/fasterxml/jackson/dataformat/jackson-dataformat-xml/2.9.0/jackson-dataformat-xml-2.9.0.jar:/home/user/.m2/repository/com/fasterxml/jackson/core/jackson-core/2.9.9/jackson-core-2.9.9.jar:/home/user/.m2/repository/com/fasterxml/jackson/module/jackson-module-jaxb-annotations/2.9.9/jackson-module-jaxb-annotations-2.9.9.jar:/home/user/.m2/repository/javax/enterprise/cdi-api/1.2/cdi-api-1.2.jar:/home/user/.m2/repository/javax/el/javax.el-api/3.0.0/javax.el-api-3.0.0.jar:/home/user/.m2/repository/javax/interceptor/javax.interceptor-api/1.2/javax.interceptor-api-1.2.jar:/home/user/.m2/repository/javax/inject/javax.inject/1/javax.inject-1.jar:/home/user/.m2/repository/com/sun/xml/bind/jaxb-impl/2.3.0.1/jaxb-impl-2.3.0.1.jar:/home/user/.m2/repository/com/sun/xml/bind/jaxb-core/2.3.0.1/jaxb-core-2.3.0.1.jar:/home/user/.m2/repository/javax/xml/bind/jaxb-api/2.3.0/jaxb-api-2.3.0.jar:/home/user/.m2/repository/javax/activation/activation/1.1.1/activation-1.1.1.jar:/home/user/.m2/repository/org/apache/hadoop/hadoop-ozone-csi/0.5.0-SNAPSHOT/hadoop-ozone-csi-0.5.0-SNAPSHOT.jar:/home/user/.m2/repository/com/google/protobuf/protobuf-java-util/3.5.1/protobuf-java-util-3.5.1.jar:/home/user/.m2/repository/org/apache/hadoop/hadoop-hdds-config/0.5.0-SNAPSHOT/hadoop-hdds-config-0.5.0-SNAPSHOT.jar:/home/user/.m2/repository/io/grpc/grpc-netty/1.17.1/grpc-netty-1.17.1.jar:/home/user/.m2/repository/io/grpc/grpc-core/1.17.1/grpc-core-1.17.1.jar:/home/user/.m2/repository/io/grpc/grpc-context/1.17.1/grpc-context-1.17.1.jar:/home/user/.m2/repository/com/google/errorprone/error_prone_annotations/2.2.0/error_prone_annotations-2.2.0.jar:/home/user/.m2/repository/org/codehaus/mojo/animal-sniffer-annotations/1.17/animal-sniffer-annotations-1.17.jar:/home/user/.m2/repository/io/opencensus/opencensus-api/0.17.0/opencensus-api-0.17.0.jar:/home/user/.m2/repository/io/opencensus/opencensus-contrib-grpc-metrics/0.17.0/opencensus-contrib-grpc-metrics-0.17.0.jar:/home/user/.m2/repository/io/netty/netty-codec-http2/4.1.30.Final/netty-codec-http2-4.1.30.Final.jar:/home/user/.m2/repository/io/netty/netty-codec-http/4.1.30.Final/netty-codec-http-4.1.30.Final.jar:/home/user/.m2/repository/io/netty/netty-codec/4.1.30.Final/netty-codec-4.1.30.Final.jar:/home/user/.m2/repository/io/netty/netty-handler/4.1.30.Final/netty-handler-4.1.30.Final.jar:/home/user/.m2/repository/io/netty/netty-handler-proxy/4.1.30.Final/netty-handler-proxy-4.1.30.Final.jar:/home/user/.m2/repository/io/netty/netty-codec-socks/4.1.30.Final/netty-codec-socks-4.1.30.Final.jar:/home/user/.m2/repository/io/netty/netty-transport-native-epoll/4.1.30.Final/netty-transport-native-epoll-4.1.30.Final.jar:/home/user/.m2/repository/io/netty/netty-common/4.1.30.Final/netty-common-4.1.30.Final.jar:/home/user/.m2/repository/io/netty/netty-buffer/4.1.30.Final/netty-buffer-4.1.30.Final.jar:/home/user/.m2/repository/io/netty/netty-transport/4.1.30.Final/netty-transport-4.1.30.Final.jar:/home/user/.m2/repository/io/netty/netty-resolver/4.1.30.Final/netty-resolver-4.1.30.Final.jar:/home/user/.m2/repository/io/netty/netty-transport-native-unix-common/4.1.30.Final/netty-transport-native-unix-common-4.1.30.Final.jar:/home/user/.m2/repository/io/grpc/grpc-protobuf/1.17.1/grpc-protobuf-1.17.1.jar:/home/user/.m2/repository/com/google/api/grpc/proto-google-common-protos/1.0.0/proto-google-common-protos-1.0.0.jar:/home/user/.m2/repository/io/grpc/grpc-protobuf-lite/1.17.1/grpc-protobuf-lite-1.17.1.jar:/home/user/.m2/repository/io/grpc/grpc-stub/1.17.1/grpc-stub-1.17.1.jar:/home/user/.m2/repository/org/apache/hadoop/hadoop-ozone-recon/0.5.0-SNAPSHOT/hadoop-ozone-recon-0.5.0-SNAPSHOT.jar:/home/user/.m2/repository/org/apache/hadoop/hadoop-ozone-reconcodegen/0.5.0-SNAPSHOT/hadoop-ozone-reconcodegen-0.5.0-SNAPSHOT.jar:/home/user/.m2/repository/com/google/inject/extensions/guice-multibindings/4.0/guice-multibindings-4.0.jar:/home/user/.m2/repository/com/google/inject/guice/4.0/guice-4.0.jar:/home/user/.m2/repository/aopalliance/aopalliance/1.0/aopalliance-1.0.jar:/home/user/.m2/repository/com/google/inject/extensions/guice-servlet/4.0/guice-servlet-4.0.jar:/home/user/.m2/repository/org/glassfish/jersey/containers/jersey-container-servlet/2.27/jersey-container-servlet-2.27.jar:/home/user/.m2/repository/org/glassfish/hk2/guice-bridge/2.5.0/guice-bridge-2.5.0.jar:/home/user/.m2/repository/org/glassfish/jersey/core/jersey-server/2.27/jersey-server-2.27.jar:/home/user/.m2/repository/org/glassfish/jersey/core/jersey-client/2.27/jersey-client-2.27.jar:/home/user/.m2/repository/org/glassfish/jersey/media/jersey-media-jaxb/2.27/jersey-media-jaxb-2.27.jar:/home/user/.m2/repository/javax/validation/validation-api/1.1.0.Final/validation-api-1.1.0.Final.jar:/home/user/.m2/repository/org/glassfish/jersey/media/jersey-media-json-jackson/2.27/jersey-media-json-jackson-2.27.jar:/home/user/.m2/repository/org/glassfish/jersey/ext/jersey-entity-filtering/2.27/jersey-entity-filtering-2.27.jar:/home/user/.m2/repository/com/google/inject/extensions/guice-assistedinject/4.0/guice-assistedinject-4.0.jar:/home/user/.m2/repository/org/jooq/jooq/3.11.10/jooq-3.11.10.jar:/home/user/.m2/repository/org/jooq/jooq-meta/3.11.10/jooq-meta-3.11.10.jar:/home/user/.m2/repository/org/jooq/jooq-codegen/3.11.10/jooq-codegen-3.11.10.jar:/home/user/.m2/repository/com/jolbox/bonecp/0.8.0.RELEASE/bonecp-0.8.0.RELEASE.jar:/home/user/.m2/repository/org/xerial/sqlite-jdbc/3.25.2/sqlite-jdbc-3.25.2.jar:/home/user/.m2/repository/org/springframework/spring-jdbc/5.1.3.RELEASE/spring-jdbc-5.1.3.RELEASE.jar:/home/user/.m2/repository/org/springframework/spring-beans/5.1.3.RELEASE/spring-beans-5.1.3.RELEASE.jar:/home/user/.m2/repository/org/springframework/spring-core/5.1.3.RELEASE/spring-core-5.1.3.RELEASE.jar:/home/user/.m2/repository/org/springframework/spring-jcl/5.1.3.RELEASE/spring-jcl-5.1.3.RELEASE.jar:/home/user/.m2/repository/org/springframework/spring-tx/5.1.3.RELEASE/spring-tx-5.1.3.RELEASE.jar:/home/user/.m2/repository/org/apache/hadoop/hadoop-ozone-client/0.5.0-SNAPSHOT/hadoop-ozone-client-0.5.0-SNAPSHOT.jar:/home/user/.m2/repository/commons-lang/commons-lang/2.6/commons-lang-2.6.jar:/home/user/.m2/repository/org/apache/hadoop/hadoop-ozone-ozone-manager/0.5.0-SNAPSHOT/hadoop-ozone-ozone-manager-0.5.0-SNAPSHOT-tests.jar:/home/user/.m2/repository/junit/junit/4.11/junit-4.11.jar:/home/user/.m2/repository/org/hamcrest/hamcrest-core/1.3/hamcrest-core-1.3.jar:/home/user/.m2/repository/org/openjdk/jmh/jmh-core/1.19/jmh-core-1.19.jar:/home/user/.m2/repository/net/sf/jopt-simple/jopt-simple/4.6/jopt-simple-4.6.jar:/home/user/.m2/repository/org/apache/commons/commons-math3/3.1.1/commons-math3-3.1.1.jar:/home/user/.m2/repository/org/openjdk/jmh/jmh-generator-annprocess/1.19/jmh-generator-annprocess-1.19.jar:/home/user/.m2/repository/org/mockito/mockito-all/1.8.5/mockito-all-1.8.5.jar:/home/user/.m2/repository/org/apache/hadoop/hadoop-kms/3.2.0/hadoop-kms-3.2.0.jar:/home/user/.m2/repository/org/apache/hadoop/hadoop-auth/3.2.0/hadoop-auth-3.2.0.jar:/home/user/.m2/repository/com/nimbusds/nimbus-jose-jwt/4.41.1/nimbus-jose-jwt-4.41.1.jar:/home/user/.m2/repository/com/github/stephenc/jcip/jcip-annotations/1.0-1/jcip-annotations-1.0-1.jar:/home/user/.m2/repository/net/minidev/json-smart/2.3/json-smart-2.3.jar:/home/user/.m2/repository/net/minidev/accessors-smart/1.2/accessors-smart-1.2.jar:/home/user/.m2/repository/org/ow2/asm/asm/5.0.4/asm-5.0.4.jar:/home/user/.m2/repository/org/apache/curator/curator-framework/2.12.0/curator-framework-2.12.0.jar:/home/user/.m2/repository/com/sun/jersey/jersey-core/1.19/jersey-core-1.19.jar:/home/user/.m2/repository/javax/ws/rs/jsr311-api/1.1.1/jsr311-api-1.1.1.jar:/home/user/.m2/repository/com/sun/jersey/jersey-server/1.19/jersey-server-1.19.jar:/home/user/.m2/repository/javax/servlet/javax.servlet-api/3.1.0/javax.servlet-api-3.1.0.jar:/home/user/.m2/repository/org/eclipse/jetty/jetty-server/9.3.25.v20180904/jetty-server-9.3.25.v20180904.jar:/home/user/.m2/repository/org/eclipse/jetty/jetty-http/9.3.25.v20180904/jetty-http-9.3.25.v20180904.jar:/home/user/.m2/repository/org/eclipse/jetty/jetty-io/9.3.25.v20180904/jetty-io-9.3.25.v20180904.jar:/home/user/.m2/repository/org/eclipse/jetty/jetty-webapp/9.3.25.v20180904/jetty-webapp-9.3.25.v20180904.jar:/home/user/.m2/repository/org/eclipse/jetty/jetty-xml/9.3.25.v20180904/jetty-xml-9.3.25.v20180904.jar:/home/user/.m2/repository/log4j/log4j/1.2.17/log4j-1.2.17.jar:/home/user/.m2/repository/org/slf4j/slf4j-api/1.7.25/slf4j-api-1.7.25.jar:/home/user/.m2/repository/org/slf4j/jul-to-slf4j/1.7.25/jul-to-slf4j-1.7.25.jar:/home/user/.m2/repository/org/eclipse/jetty/jetty-util/9.3.25.v20180904/jetty-util-9.3.25.v20180904.jar:/home/user/.m2/repository/com/fasterxml/jackson/core/jackson-databind/2.9.9/jackson-databind-2.9.9.jar:/home/user/.m2/repository/org/apache/hadoop/hadoop-kms/3.2.0/hadoop-kms-3.2.0-tests.jar:/home/user/.m2/repository/org/apache/hadoop/hadoop-hdds-server-scm/0.5.0-SNAPSHOT/hadoop-hdds-server-scm-0.5.0-SNAPSHOT-tests.jar:/home/user/.m2/repository/org/apache/hadoop/hadoop-hdds-container-service/0.5.0-SNAPSHOT/hadoop-hdds-container-service-0.5.0-SNAPSHOT-tests.jar:/home/user/.m2/repository/org/yaml/snakeyaml/1.16/snakeyaml-1.16.jar:/home/user/.m2/repository/org/apache/hadoop/hadoop-common/3.2.0/hadoop-common-3.2.0-tests.jar:/home/user/.m2/repository/org/apache/hadoop/hadoop-annotations/3.2.0/hadoop-annotations-3.2.0.jar:/usr/lib/jvm/java-1.8-openjdk/jre/../lib/tools.jar:/home/user/.m2/repository/commons-cli/commons-cli/1.2/commons-cli-1.2.jar:/home/user/.m2/repository/org/apache/httpcomponents/httpclient/4.5.2/httpclient-4.5.2.jar:/home/user/.m2/repository/org/apache/httpcomponents/httpcore/4.4.4/httpcore-4.4.4.jar:/home/user/.m2/repository/commons-codec/commons-codec/1.11/commons-codec-1.11.jar:/home/user/.m2/repository/commons-net/commons-net/3.6/commons-net-3.6.jar:/home/user/.m2/repository/commons-collections/commons-collections/3.2.2/commons-collections-3.2.2.jar:/home/user/.m2/repository/org/eclipse/jetty/jetty-servlet/9.3.25.v20180904/jetty-servlet-9.3.25.v20180904.jar:/home/user/.m2/repository/org/eclipse/jetty/jetty-security/9.3.25.v20180904/jetty-security-9.3.25.v20180904.jar:/home/user/.m2/repository/javax/servlet/jsp/jsp-api/2.1/jsp-api-2.1.jar:/home/user/.m2/repository/com/sun/jersey/jersey-servlet/1.19/jersey-servlet-1.19.jar:/home/user/.m2/repository/com/sun/jersey/jersey-json/1.19/jersey-json-1.19.jar:/home/user/.m2/repository/org/codehaus/jettison/jettison/1.1/jettison-1.1.jar:/home/user/.m2/repository/org/codehaus/jackson/jackson-core-asl/1.9.13/jackson-core-asl-1.9.13.jar:/home/user/.m2/repository/org/codehaus/jackson/jackson-mapper-asl/1.9.13/jackson-mapper-asl-1.9.13.jar:/home/user/.m2/repository/org/codehaus/jackson/jackson-jaxrs/1.9.13/jackson-jaxrs-1.9.13.jar:/home/user/.m2/repository/org/codehaus/jackson/jackson-xc/1.9.13/jackson-xc-1.9.13.jar:/home/user/.m2/repository/commons-logging/commons-logging/1.1.3/commons-logging-1.1.3.jar:/home/user/.m2/repository/commons-beanutils/commons-beanutils/1.9.4/commons-beanutils-1.9.4.jar:/home/user/.m2/repository/org/apache/commons/commons-configuration2/2.1.1/commons-configuration2-2.1.1.jar:/home/user/.m2/repository/org/apache/commons/commons-lang3/3.7/commons-lang3-3.7.jar:/home/user/.m2/repository/org/apache/commons/commons-text/1.4/commons-text-1.4.jar:/home/user/.m2/repository/org/apache/avro/avro/1.7.7/avro-1.7.7.jar:/home/user/.m2/repository/com/thoughtworks/paranamer/paranamer/2.3/paranamer-2.3.jar:/home/user/.m2/repository/org/xerial/snappy/snappy-java/1.0.5/snappy-java-1.0.5.jar:/home/user/.m2/repository/com/google/re2j/re2j/1.1/re2j-1.1.jar:/home/user/.m2/repository/com/google/code/gson/gson/2.2.4/gson-2.2.4.jar:/home/user/.m2/repository/com/jcraft/jsch/0.1.54/jsch-0.1.54.jar:/home/user/.m2/repository/org/apache/curator/curator-client/2.12.0/curator-client-2.12.0.jar:/home/user/.m2/repository/org/apache/curator/curator-recipes/2.12.0/curator-recipes-2.12.0.jar:/home/user/.m2/repository/com/google/code/findbugs/jsr305/3.0.0/jsr305-3.0.0.jar:/home/user/.m2/repository/org/apache/htrace/htrace-core4/4.1.0-incubating/htrace-core4-4.1.0-incubating.jar:/home/user/.m2/repository/org/apache/zookeeper/zookeeper/3.4.13/zookeeper-3.4.13.jar:/home/user/.m2/repository/jline/jline/0.9.94/jline-0.9.94.jar:/home/user/.m2/repository/org/apache/yetus/audience-annotations/0.5.0/audience-annotations-0.5.0.jar:/home/user/.m2/repository/org/codehaus/woodstox/stax2-api/3.1.4/stax2-api-3.1.4.jar:/home/user/.m2/repository/com/fasterxml/woodstox/woodstox-core/5.0.3/woodstox-core-5.0.3.jar:/home/user/.m2/repository/dnsjava/dnsjava/2.1.7/dnsjava-2.1.7.jar:/home/user/.m2/repository/org/apache/hadoop/hadoop-hdfs/3.2.0/hadoop-hdfs-3.2.0-tests.jar:/home/user/.m2/repository/org/eclipse/jetty/jetty-util-ajax/9.3.25.v20180904/jetty-util-ajax-9.3.25.v20180904.jar:/home/user/.m2/repository/commons-daemon/commons-daemon/1.0.13/commons-daemon-1.0.13.jar:/home/user/.m2/repository/io/netty/netty/3.10.5.Final/netty-3.10.5.Final.jar:/home/user/.m2/repository/io/netty/netty-all/4.0.52.Final/netty-all-4.0.52.Final.jar:/home/user/.m2/repository/org/fusesource/leveldbjni/leveldbjni-all/1.8/leveldbjni-all-1.8.jar:"/>
    <property name="java.vm.vendor" value="IcedTea"/>
    <property name="sun.arch.data.model" value="64"/>
    <property name="test.build.dir" value="/workdir/hadoop-ozone/integration-test/target/test-dir"/>
    <property name="test.cache.data" value=""/>
    <property name="java.vendor.url" value="https://icedtea.classpath.org"/>
    <property name="user.timezone" value=""/>
    <property name="java.vm.specification.version" value="1.8"/>
    <property name="os.name" value="Linux"/>
    <property name="test.build.data" value="/workdir/hadoop-ozone/integration-test/target/test-dir"/>
    <property name="user.country" value="US"/>
    <property name="sun.java.launcher" value="SUN_STANDARD"/>
    <property name="sun.boot.library.path" value="/usr/lib/jvm/java-1.8-openjdk/jre/lib/amd64"/>
    <property name="sun.java.command" value="/workdir/hadoop-ozone/integration-test/target/surefire/surefirebooter5232123295458288705.jar /workdir/hadoop-ozone/integration-test/target/surefire 2019-09-24T18-01-07_747-jvmRun1 surefire2326406430418187960tmp surefire_13894450743708505368tmp"/>
    <property name="test" value="!TestMiniChaosOzoneCluster"/>
    <property name="surefire.test.class.path" value="/workdir/hadoop-ozone/integration-test/target/test-classes:/workdir/hadoop-ozone/integration-test/target/classes:/home/user/.m2/repository/org/apache/hadoop/hadoop-ozone-common/0.5.0-SNAPSHOT/hadoop-ozone-common-0.5.0-SNAPSHOT.jar:/home/user/.m2/repository/org/apache/commons/commons-compress/1.4.1/commons-compress-1.4.1.jar:/home/user/.m2/repository/org/tukaani/xz/1.0/xz-1.0.jar:/home/user/.m2/repository/org/apache/hadoop/hadoop-common/3.2.0/hadoop-common-3.2.0.jar:/home/user/.m2/repository/org/apache/hadoop/hadoop-hdfs/3.2.0/hadoop-hdfs-3.2.0.jar:/home/user/.m2/repository/org/apache/hadoop/hadoop-hdfs-client/3.2.0/hadoop-hdfs-client-3.2.0.jar:/home/user/.m2/repository/com/fasterxml/jackson/core/jackson-annotations/2.9.9/jackson-annotations-2.9.9.jar:/home/user/.m2/repository/org/apache/hadoop/hadoop-hdds-common/0.5.0-SNAPSHOT/hadoop-hdds-common-0.5.0-SNAPSHOT.jar:/home/user/.m2/repository/javax/annotation/javax.annotation-api/1.2/javax.annotation-api-1.2.jar:/home/user/.m2/repository/org/apache/ratis/ratis-server/0.4.0/ratis-server-0.4.0.jar:/home/user/.m2/repository/org/apache/ratis/ratis-thirdparty-misc/0.2.0/ratis-thirdparty-misc-0.2.0.jar:/home/user/.m2/repository/org/apache/ratis/ratis-proto/0.4.0/ratis-proto-0.4.0.jar:/home/user/.m2/repository/org/apache/ratis/ratis-common/0.4.0/ratis-common-0.4.0.jar:/home/user/.m2/repository/org/apache/ratis/ratis-client/0.4.0/ratis-client-0.4.0.jar:/home/user/.m2/repository/org/apache/ratis/ratis-metrics/0.4.0/ratis-metrics-0.4.0.jar:/home/user/.m2/repository/com/github/joshelser/dropwizard-metrics-hadoop-metrics2-reporter/0.1.2/dropwizard-metrics-hadoop-metrics2-reporter-0.1.2.jar:/home/user/.m2/repository/io/dropwizard/metrics/metrics-jvm/3.2.5/metrics-jvm-3.2.5.jar:/home/user/.m2/repository/io/dropwizard/metrics/metrics-ganglia/3.2.5/metrics-ganglia-3.2.5.jar:/home/user/.m2/repository/info/ganglia/gmetric4j/gmetric4j/1.0.7/gmetric4j-1.0.7.jar:/home/user/.m2/repository/org/apache/ratis/ratis-netty/0.4.0/ratis-netty-0.4.0.jar:/home/user/.m2/repository/org/apache/ratis/ratis-grpc/0.4.0/ratis-grpc-0.4.0.jar:/home/user/.m2/repository/org/rocksdb/rocksdbjni/6.0.1/rocksdbjni-6.0.1.jar:/home/user/.m2/repository/org/apache/logging/log4j/log4j-api/2.11.0/log4j-api-2.11.0.jar:/home/user/.m2/repository/org/apache/logging/log4j/log4j-core/2.11.0/log4j-core-2.11.0.jar:/home/user/.m2/repository/com/lmax/disruptor/3.4.2/disruptor-3.4.2.jar:/home/user/.m2/repository/org/apache/commons/commons-pool2/2.6.0/commons-pool2-2.6.0.jar:/home/user/.m2/repository/org/bouncycastle/bcpkix-jdk15on/1.60/bcpkix-jdk15on-1.60.jar:/home/user/.m2/repository/commons-validator/commons-validator/1.6/commons-validator-1.6.jar:/home/user/.m2/repository/commons-digester/commons-digester/1.8.1/commons-digester-1.8.1.jar:/home/user/.m2/repository/io/jaegertracing/jaeger-client/0.34.0/jaeger-client-0.34.0.jar:/home/user/.m2/repository/io/jaegertracing/jaeger-thrift/0.34.0/jaeger-thrift-0.34.0.jar:/home/user/.m2/repository/org/apache/thrift/libthrift/0.12.0/libthrift-0.12.0.jar:/home/user/.m2/repository/com/squareup/okhttp3/okhttp/3.9.0/okhttp-3.9.0.jar:/home/user/.m2/repository/com/squareup/okio/okio/1.13.0/okio-1.13.0.jar:/home/user/.m2/repository/io/jaegertracing/jaeger-core/0.34.0/jaeger-core-0.34.0.jar:/home/user/.m2/repository/io/jaegertracing/jaeger-tracerresolver/0.34.0/jaeger-tracerresolver-0.34.0.jar:/home/user/.m2/repository/io/opentracing/contrib/opentracing-tracerresolver/0.1.5/opentracing-tracerresolver-0.1.5.jar:/home/user/.m2/repository/io/opentracing/opentracing-util/0.31.0/opentracing-util-0.31.0.jar:/home/user/.m2/repository/io/opentracing/opentracing-api/0.31.0/opentracing-api-0.31.0.jar:/home/user/.m2/repository/io/opentracing/opentracing-noop/0.31.0/opentracing-noop-0.31.0.jar:/home/user/.m2/repository/org/apache/hadoop/hadoop-hdds-server-framework/0.5.0-SNAPSHOT/hadoop-hdds-server-framework-0.5.0-SNAPSHOT.jar:/home/user/.m2/repository/org/apache/hadoop/hadoop-hdds-container-service/0.5.0-SNAPSHOT/hadoop-hdds-container-service-0.5.0-SNAPSHOT.jar:/home/user/.m2/repository/org/apache/hadoop/hadoop-hdds-client/0.5.0-SNAPSHOT/hadoop-hdds-client-0.5.0-SNAPSHOT.jar:/home/user/.m2/repository/org/apache/hadoop/hadoop-hdds-tools/0.5.0-SNAPSHOT/hadoop-hdds-tools-0.5.0-SNAPSHOT.jar:/home/user/.m2/repository/org/apache/hadoop/hadoop-hdds-server-scm/0.5.0-SNAPSHOT/hadoop-hdds-server-scm-0.5.0-SNAPSHOT.jar:/home/user/.m2/repository/org/apache/hadoop/hadoop-hdds-docs/0.5.0-SNAPSHOT/hadoop-hdds-docs-0.5.0-SNAPSHOT.jar:/home/user/.m2/repository/io/dropwizard/metrics/metrics-core/3.2.4/metrics-core-3.2.4.jar:/home/user/.m2/repository/org/hamcrest/hamcrest-all/1.3/hamcrest-all-1.3.jar:/home/user/.m2/repository/org/bouncycastle/bcprov-jdk15on/1.60/bcprov-jdk15on-1.60.jar:/home/user/.m2/repository/info/picocli/picocli/3.9.6/picocli-3.9.6.jar:/home/user/.m2/repository/com/google/protobuf/protobuf-java/2.5.0/protobuf-java-2.5.0.jar:/home/user/.m2/repository/com/google/guava/guava/11.0.2/guava-11.0.2.jar:/home/user/.m2/repository/org/apache/hadoop/hadoop-ozone-ozone-manager/0.5.0-SNAPSHOT/hadoop-ozone-ozone-manager-0.5.0-SNAPSHOT.jar:/home/user/.m2/repository/org/apache/hadoop/hadoop-minikdc/3.2.0/hadoop-minikdc-3.2.0.jar:/home/user/.m2/repository/commons-io/commons-io/2.5/commons-io-2.5.jar:/home/user/.m2/repository/org/apache/kerby/kerb-simplekdc/1.0.1/kerb-simplekdc-1.0.1.jar:/home/user/.m2/repository/org/apache/kerby/kerb-client/1.0.1/kerb-client-1.0.1.jar:/home/user/.m2/repository/org/apache/kerby/kerby-config/1.0.1/kerby-config-1.0.1.jar:/home/user/.m2/repository/org/apache/kerby/kerb-core/1.0.1/kerb-core-1.0.1.jar:/home/user/.m2/repository/org/apache/kerby/kerby-pkix/1.0.1/kerby-pkix-1.0.1.jar:/home/user/.m2/repository/org/apache/kerby/kerby-asn1/1.0.1/kerby-asn1-1.0.1.jar:/home/user/.m2/repository/org/apache/kerby/kerby-util/1.0.1/kerby-util-1.0.1.jar:/home/user/.m2/repository/org/apache/kerby/kerb-common/1.0.1/kerb-common-1.0.1.jar:/home/user/.m2/repository/org/apache/kerby/kerb-crypto/1.0.1/kerb-crypto-1.0.1.jar:/home/user/.m2/repository/org/apache/kerby/kerb-util/1.0.1/kerb-util-1.0.1.jar:/home/user/.m2/repository/org/apache/kerby/token-provider/1.0.1/token-provider-1.0.1.jar:/home/user/.m2/repository/org/apache/kerby/kerb-admin/1.0.1/kerb-admin-1.0.1.jar:/home/user/.m2/repository/org/apache/kerby/kerb-server/1.0.1/kerb-server-1.0.1.jar:/home/user/.m2/repository/org/apache/kerby/kerb-identity/1.0.1/kerb-identity-1.0.1.jar:/home/user/.m2/repository/org/apache/kerby/kerby-xdr/1.0.1/kerby-xdr-1.0.1.jar:/home/user/.m2/repository/org/slf4j/slf4j-log4j12/1.7.25/slf4j-log4j12-1.7.25.jar:/home/user/.m2/repository/org/apache/hadoop/hadoop-ozone-s3gateway/0.5.0-SNAPSHOT/hadoop-ozone-s3gateway-0.5.0-SNAPSHOT.jar:/home/user/.m2/repository/org/jboss/weld/servlet/weld-servlet/2.4.7.Final/weld-servlet-2.4.7.Final.jar:/home/user/.m2/repository/org/glassfish/jersey/containers/jersey-container-servlet-core/2.27/jersey-container-servlet-core-2.27.jar:/home/user/.m2/repository/org/glassfish/hk2/external/javax.inject/2.5.0-b42/javax.inject-2.5.0-b42.jar:/home/user/.m2/repository/org/glassfish/jersey/core/jersey-common/2.27/jersey-common-2.27.jar:/home/user/.m2/repository/org/glassfish/hk2/osgi-resource-locator/1.0.1/osgi-resource-locator-1.0.1.jar:/home/user/.m2/repository/javax/ws/rs/javax.ws.rs-api/2.1/javax.ws.rs-api-2.1.jar:/home/user/.m2/repository/org/glassfish/jersey/ext/cdi/jersey-cdi1x/2.27/jersey-cdi1x-2.27.jar:/home/user/.m2/repository/org/glassfish/jersey/inject/jersey-hk2/2.27/jersey-hk2-2.27.jar:/home/user/.m2/repository/org/glassfish/hk2/hk2-locator/2.5.0-b42/hk2-locator-2.5.0-b42.jar:/home/user/.m2/repository/org/javassist/javassist/3.22.0-CR2/javassist-3.22.0-CR2.jar:/home/user/.m2/repository/org/glassfish/hk2/hk2-api/2.5.0/hk2-api-2.5.0.jar:/home/user/.m2/repository/org/glassfish/hk2/external/jakarta.inject/2.5.0/jakarta.inject-2.5.0.jar:/home/user/.m2/repository/org/glassfish/hk2/hk2-utils/2.5.0/hk2-utils-2.5.0.jar:/home/user/.m2/repository/jakarta/annotation/jakarta.annotation-api/1.3.4/jakarta.annotation-api-1.3.4.jar:/home/user/.m2/repository/org/glassfish/hk2/external/aopalliance-repackaged/2.5.0/aopalliance-repackaged-2.5.0.jar:/home/user/.m2/repository/com/fasterxml/jackson/dataformat/jackson-dataformat-xml/2.9.0/jackson-dataformat-xml-2.9.0.jar:/home/user/.m2/repository/com/fasterxml/jackson/core/jackson-core/2.9.9/jackson-core-2.9.9.jar:/home/user/.m2/repository/com/fasterxml/jackson/module/jackson-module-jaxb-annotations/2.9.9/jackson-module-jaxb-annotations-2.9.9.jar:/home/user/.m2/repository/javax/enterprise/cdi-api/1.2/cdi-api-1.2.jar:/home/user/.m2/repository/javax/el/javax.el-api/3.0.0/javax.el-api-3.0.0.jar:/home/user/.m2/repository/javax/interceptor/javax.interceptor-api/1.2/javax.interceptor-api-1.2.jar:/home/user/.m2/repository/javax/inject/javax.inject/1/javax.inject-1.jar:/home/user/.m2/repository/com/sun/xml/bind/jaxb-impl/2.3.0.1/jaxb-impl-2.3.0.1.jar:/home/user/.m2/repository/com/sun/xml/bind/jaxb-core/2.3.0.1/jaxb-core-2.3.0.1.jar:/home/user/.m2/repository/javax/xml/bind/jaxb-api/2.3.0/jaxb-api-2.3.0.jar:/home/user/.m2/repository/javax/activation/activation/1.1.1/activation-1.1.1.jar:/home/user/.m2/repository/org/apache/hadoop/hadoop-ozone-csi/0.5.0-SNAPSHOT/hadoop-ozone-csi-0.5.0-SNAPSHOT.jar:/home/user/.m2/repository/com/google/protobuf/protobuf-java-util/3.5.1/protobuf-java-util-3.5.1.jar:/home/user/.m2/repository/org/apache/hadoop/hadoop-hdds-config/0.5.0-SNAPSHOT/hadoop-hdds-config-0.5.0-SNAPSHOT.jar:/home/user/.m2/repository/io/grpc/grpc-netty/1.17.1/grpc-netty-1.17.1.jar:/home/user/.m2/repository/io/grpc/grpc-core/1.17.1/grpc-core-1.17.1.jar:/home/user/.m2/repository/io/grpc/grpc-context/1.17.1/grpc-context-1.17.1.jar:/home/user/.m2/repository/com/google/errorprone/error_prone_annotations/2.2.0/error_prone_annotations-2.2.0.jar:/home/user/.m2/repository/org/codehaus/mojo/animal-sniffer-annotations/1.17/animal-sniffer-annotations-1.17.jar:/home/user/.m2/repository/io/opencensus/opencensus-api/0.17.0/opencensus-api-0.17.0.jar:/home/user/.m2/repository/io/opencensus/opencensus-contrib-grpc-metrics/0.17.0/opencensus-contrib-grpc-metrics-0.17.0.jar:/home/user/.m2/repository/io/netty/netty-codec-http2/4.1.30.Final/netty-codec-http2-4.1.30.Final.jar:/home/user/.m2/repository/io/netty/netty-codec-http/4.1.30.Final/netty-codec-http-4.1.30.Final.jar:/home/user/.m2/repository/io/netty/netty-codec/4.1.30.Final/netty-codec-4.1.30.Final.jar:/home/user/.m2/repository/io/netty/netty-handler/4.1.30.Final/netty-handler-4.1.30.Final.jar:/home/user/.m2/repository/io/netty/netty-handler-proxy/4.1.30.Final/netty-handler-proxy-4.1.30.Final.jar:/home/user/.m2/repository/io/netty/netty-codec-socks/4.1.30.Final/netty-codec-socks-4.1.30.Final.jar:/home/user/.m2/repository/io/netty/netty-transport-native-epoll/4.1.30.Final/netty-transport-native-epoll-4.1.30.Final.jar:/home/user/.m2/repository/io/netty/netty-common/4.1.30.Final/netty-common-4.1.30.Final.jar:/home/user/.m2/repository/io/netty/netty-buffer/4.1.30.Final/netty-buffer-4.1.30.Final.jar:/home/user/.m2/repository/io/netty/netty-transport/4.1.30.Final/netty-transport-4.1.30.Final.jar:/home/user/.m2/repository/io/netty/netty-resolver/4.1.30.Final/netty-resolver-4.1.30.Final.jar:/home/user/.m2/repository/io/netty/netty-transport-native-unix-common/4.1.30.Final/netty-transport-native-unix-common-4.1.30.Final.jar:/home/user/.m2/repository/io/grpc/grpc-protobuf/1.17.1/grpc-protobuf-1.17.1.jar:/home/user/.m2/repository/com/google/api/grpc/proto-google-common-protos/1.0.0/proto-google-common-protos-1.0.0.jar:/home/user/.m2/repository/io/grpc/grpc-protobuf-lite/1.17.1/grpc-protobuf-lite-1.17.1.jar:/home/user/.m2/repository/io/grpc/grpc-stub/1.17.1/grpc-stub-1.17.1.jar:/home/user/.m2/repository/org/apache/hadoop/hadoop-ozone-recon/0.5.0-SNAPSHOT/hadoop-ozone-recon-0.5.0-SNAPSHOT.jar:/home/user/.m2/repository/org/apache/hadoop/hadoop-ozone-reconcodegen/0.5.0-SNAPSHOT/hadoop-ozone-reconcodegen-0.5.0-SNAPSHOT.jar:/home/user/.m2/repository/com/google/inject/extensions/guice-multibindings/4.0/guice-multibindings-4.0.jar:/home/user/.m2/repository/com/google/inject/guice/4.0/guice-4.0.jar:/home/user/.m2/repository/aopalliance/aopalliance/1.0/aopalliance-1.0.jar:/home/user/.m2/repository/com/google/inject/extensions/guice-servlet/4.0/guice-servlet-4.0.jar:/home/user/.m2/repository/org/glassfish/jersey/containers/jersey-container-servlet/2.27/jersey-container-servlet-2.27.jar:/home/user/.m2/repository/org/glassfish/hk2/guice-bridge/2.5.0/guice-bridge-2.5.0.jar:/home/user/.m2/repository/org/glassfish/jersey/core/jersey-server/2.27/jersey-server-2.27.jar:/home/user/.m2/repository/org/glassfish/jersey/core/jersey-client/2.27/jersey-client-2.27.jar:/home/user/.m2/repository/org/glassfish/jersey/media/jersey-media-jaxb/2.27/jersey-media-jaxb-2.27.jar:/home/user/.m2/repository/javax/validation/validation-api/1.1.0.Final/validation-api-1.1.0.Final.jar:/home/user/.m2/repository/org/glassfish/jersey/media/jersey-media-json-jackson/2.27/jersey-media-json-jackson-2.27.jar:/home/user/.m2/repository/org/glassfish/jersey/ext/jersey-entity-filtering/2.27/jersey-entity-filtering-2.27.jar:/home/user/.m2/repository/com/google/inject/extensions/guice-assistedinject/4.0/guice-assistedinject-4.0.jar:/home/user/.m2/repository/org/jooq/jooq/3.11.10/jooq-3.11.10.jar:/home/user/.m2/repository/org/jooq/jooq-meta/3.11.10/jooq-meta-3.11.10.jar:/home/user/.m2/repository/org/jooq/jooq-codegen/3.11.10/jooq-codegen-3.11.10.jar:/home/user/.m2/repository/com/jolbox/bonecp/0.8.0.RELEASE/bonecp-0.8.0.RELEASE.jar:/home/user/.m2/repository/org/xerial/sqlite-jdbc/3.25.2/sqlite-jdbc-3.25.2.jar:/home/user/.m2/repository/org/springframework/spring-jdbc/5.1.3.RELEASE/spring-jdbc-5.1.3.RELEASE.jar:/home/user/.m2/repository/org/springframework/spring-beans/5.1.3.RELEASE/spring-beans-5.1.3.RELEASE.jar:/home/user/.m2/repository/org/springframework/spring-core/5.1.3.RELEASE/spring-core-5.1.3.RELEASE.jar:/home/user/.m2/repository/org/springframework/spring-jcl/5.1.3.RELEASE/spring-jcl-5.1.3.RELEASE.jar:/home/user/.m2/repository/org/springframework/spring-tx/5.1.3.RELEASE/spring-tx-5.1.3.RELEASE.jar:/home/user/.m2/repository/org/apache/hadoop/hadoop-ozone-client/0.5.0-SNAPSHOT/hadoop-ozone-client-0.5.0-SNAPSHOT.jar:/home/user/.m2/repository/commons-lang/commons-lang/2.6/commons-lang-2.6.jar:/home/user/.m2/repository/org/apache/hadoop/hadoop-ozone-ozone-manager/0.5.0-SNAPSHOT/hadoop-ozone-ozone-manager-0.5.0-SNAPSHOT-tests.jar:/home/user/.m2/repository/junit/junit/4.11/junit-4.11.jar:/home/user/.m2/repository/org/hamcrest/hamcrest-core/1.3/hamcrest-core-1.3.jar:/home/user/.m2/repository/org/openjdk/jmh/jmh-core/1.19/jmh-core-1.19.jar:/home/user/.m2/repository/net/sf/jopt-simple/jopt-simple/4.6/jopt-simple-4.6.jar:/home/user/.m2/repository/org/apache/commons/commons-math3/3.1.1/commons-math3-3.1.1.jar:/home/user/.m2/repository/org/openjdk/jmh/jmh-generator-annprocess/1.19/jmh-generator-annprocess-1.19.jar:/home/user/.m2/repository/org/mockito/mockito-all/1.8.5/mockito-all-1.8.5.jar:/home/user/.m2/repository/org/apache/hadoop/hadoop-kms/3.2.0/hadoop-kms-3.2.0.jar:/home/user/.m2/repository/org/apache/hadoop/hadoop-auth/3.2.0/hadoop-auth-3.2.0.jar:/home/user/.m2/repository/com/nimbusds/nimbus-jose-jwt/4.41.1/nimbus-jose-jwt-4.41.1.jar:/home/user/.m2/repository/com/github/stephenc/jcip/jcip-annotations/1.0-1/jcip-annotations-1.0-1.jar:/home/user/.m2/repository/net/minidev/json-smart/2.3/json-smart-2.3.jar:/home/user/.m2/repository/net/minidev/accessors-smart/1.2/accessors-smart-1.2.jar:/home/user/.m2/repository/org/ow2/asm/asm/5.0.4/asm-5.0.4.jar:/home/user/.m2/repository/org/apache/curator/curator-framework/2.12.0/curator-framework-2.12.0.jar:/home/user/.m2/repository/com/sun/jersey/jersey-core/1.19/jersey-core-1.19.jar:/home/user/.m2/repository/javax/ws/rs/jsr311-api/1.1.1/jsr311-api-1.1.1.jar:/home/user/.m2/repository/com/sun/jersey/jersey-server/1.19/jersey-server-1.19.jar:/home/user/.m2/repository/javax/servlet/javax.servlet-api/3.1.0/javax.servlet-api-3.1.0.jar:/home/user/.m2/repository/org/eclipse/jetty/jetty-server/9.3.25.v20180904/jetty-server-9.3.25.v20180904.jar:/home/user/.m2/repository/org/eclipse/jetty/jetty-http/9.3.25.v20180904/jetty-http-9.3.25.v20180904.jar:/home/user/.m2/repository/org/eclipse/jetty/jetty-io/9.3.25.v20180904/jetty-io-9.3.25.v20180904.jar:/home/user/.m2/repository/org/eclipse/jetty/jetty-webapp/9.3.25.v20180904/jetty-webapp-9.3.25.v20180904.jar:/home/user/.m2/repository/org/eclipse/jetty/jetty-xml/9.3.25.v20180904/jetty-xml-9.3.25.v20180904.jar:/home/user/.m2/repository/log4j/log4j/1.2.17/log4j-1.2.17.jar:/home/user/.m2/repository/org/slf4j/slf4j-api/1.7.25/slf4j-api-1.7.25.jar:/home/user/.m2/repository/org/slf4j/jul-to-slf4j/1.7.25/jul-to-slf4j-1.7.25.jar:/home/user/.m2/repository/org/eclipse/jetty/jetty-util/9.3.25.v20180904/jetty-util-9.3.25.v20180904.jar:/home/user/.m2/repository/com/fasterxml/jackson/core/jackson-databind/2.9.9/jackson-databind-2.9.9.jar:/home/user/.m2/repository/org/apache/hadoop/hadoop-kms/3.2.0/hadoop-kms-3.2.0-tests.jar:/home/user/.m2/repository/org/apache/hadoop/hadoop-hdds-server-scm/0.5.0-SNAPSHOT/hadoop-hdds-server-scm-0.5.0-SNAPSHOT-tests.jar:/home/user/.m2/repository/org/apache/hadoop/hadoop-hdds-container-service/0.5.0-SNAPSHOT/hadoop-hdds-container-service-0.5.0-SNAPSHOT-tests.jar:/home/user/.m2/repository/org/yaml/snakeyaml/1.16/snakeyaml-1.16.jar:/home/user/.m2/repository/org/apache/hadoop/hadoop-common/3.2.0/hadoop-common-3.2.0-tests.jar:/home/user/.m2/repository/org/apache/hadoop/hadoop-annotations/3.2.0/hadoop-annotations-3.2.0.jar:/usr/lib/jvm/java-1.8-openjdk/jre/../lib/tools.jar:/home/user/.m2/repository/commons-cli/commons-cli/1.2/commons-cli-1.2.jar:/home/user/.m2/repository/org/apache/httpcomponents/httpclient/4.5.2/httpclient-4.5.2.jar:/home/user/.m2/repository/org/apache/httpcomponents/httpcore/4.4.4/httpcore-4.4.4.jar:/home/user/.m2/repository/commons-codec/commons-codec/1.11/commons-codec-1.11.jar:/home/user/.m2/repository/commons-net/commons-net/3.6/commons-net-3.6.jar:/home/user/.m2/repository/commons-collections/commons-collections/3.2.2/commons-collections-3.2.2.jar:/home/user/.m2/repository/org/eclipse/jetty/jetty-servlet/9.3.25.v20180904/jetty-servlet-9.3.25.v20180904.jar:/home/user/.m2/repository/org/eclipse/jetty/jetty-security/9.3.25.v20180904/jetty-security-9.3.25.v20180904.jar:/home/user/.m2/repository/javax/servlet/jsp/jsp-api/2.1/jsp-api-2.1.jar:/home/user/.m2/repository/com/sun/jersey/jersey-servlet/1.19/jersey-servlet-1.19.jar:/home/user/.m2/repository/com/sun/jersey/jersey-json/1.19/jersey-json-1.19.jar:/home/user/.m2/repository/org/codehaus/jettison/jettison/1.1/jettison-1.1.jar:/home/user/.m2/repository/org/codehaus/jackson/jackson-core-asl/1.9.13/jackson-core-asl-1.9.13.jar:/home/user/.m2/repository/org/codehaus/jackson/jackson-mapper-asl/1.9.13/jackson-mapper-asl-1.9.13.jar:/home/user/.m2/repository/org/codehaus/jackson/jackson-jaxrs/1.9.13/jackson-jaxrs-1.9.13.jar:/home/user/.m2/repository/org/codehaus/jackson/jackson-xc/1.9.13/jackson-xc-1.9.13.jar:/home/user/.m2/repository/commons-logging/commons-logging/1.1.3/commons-logging-1.1.3.jar:/home/user/.m2/repository/commons-beanutils/commons-beanutils/1.9.4/commons-beanutils-1.9.4.jar:/home/user/.m2/repository/org/apache/commons/commons-configuration2/2.1.1/commons-configuration2-2.1.1.jar:/home/user/.m2/repository/org/apache/commons/commons-lang3/3.7/commons-lang3-3.7.jar:/home/user/.m2/repository/org/apache/commons/commons-text/1.4/commons-text-1.4.jar:/home/user/.m2/repository/org/apache/avro/avro/1.7.7/avro-1.7.7.jar:/home/user/.m2/repository/com/thoughtworks/paranamer/paranamer/2.3/paranamer-2.3.jar:/home/user/.m2/repository/org/xerial/snappy/snappy-java/1.0.5/snappy-java-1.0.5.jar:/home/user/.m2/repository/com/google/re2j/re2j/1.1/re2j-1.1.jar:/home/user/.m2/repository/com/google/code/gson/gson/2.2.4/gson-2.2.4.jar:/home/user/.m2/repository/com/jcraft/jsch/0.1.54/jsch-0.1.54.jar:/home/user/.m2/repository/org/apache/curator/curator-client/2.12.0/curator-client-2.12.0.jar:/home/user/.m2/repository/org/apache/curator/curator-recipes/2.12.0/curator-recipes-2.12.0.jar:/home/user/.m2/repository/com/google/code/findbugs/jsr305/3.0.0/jsr305-3.0.0.jar:/home/user/.m2/repository/org/apache/htrace/htrace-core4/4.1.0-incubating/htrace-core4-4.1.0-incubating.jar:/home/user/.m2/repository/org/apache/zookeeper/zookeeper/3.4.13/zookeeper-3.4.13.jar:/home/user/.m2/repository/jline/jline/0.9.94/jline-0.9.94.jar:/home/user/.m2/repository/org/apache/yetus/audience-annotations/0.5.0/audience-annotations-0.5.0.jar:/home/user/.m2/repository/org/codehaus/woodstox/stax2-api/3.1.4/stax2-api-3.1.4.jar:/home/user/.m2/repository/com/fasterxml/woodstox/woodstox-core/5.0.3/woodstox-core-5.0.3.jar:/home/user/.m2/repository/dnsjava/dnsjava/2.1.7/dnsjava-2.1.7.jar:/home/user/.m2/repository/org/apache/hadoop/hadoop-hdfs/3.2.0/hadoop-hdfs-3.2.0-tests.jar:/home/user/.m2/repository/org/eclipse/jetty/jetty-util-ajax/9.3.25.v20180904/jetty-util-ajax-9.3.25.v20180904.jar:/home/user/.m2/repository/commons-daemon/commons-daemon/1.0.13/commons-daemon-1.0.13.jar:/home/user/.m2/repository/io/netty/netty/3.10.5.Final/netty-3.10.5.Final.jar:/home/user/.m2/repository/io/netty/netty-all/4.0.52.Final/netty-all-4.0.52.Final.jar:/home/user/.m2/repository/org/fusesource/leveldbjni/leveldbjni-all/1.8/leveldbjni-all-1.8.jar:"/>
    <property name="sun.cpu.endian" value="little"/>
    <property name="user.home" value="/home/user"/>
    <property name="user.language" value="en"/>
    <property name="java.specification.vendor" value="Oracle Corporation"/>
    <property name="java.home" value="/usr/lib/jvm/java-1.8-openjdk/jre"/>
    <property name="java.security.krb5.conf" value="/workdir/hadoop-ozone/integration-test/target/test-classes/krb5.conf"/>
    <property name="basedir" value="/workdir/hadoop-ozone/integration-test"/>
    <property name="file.separator" value="/"/>
    <property name="line.separator" value="&#10;"/>
    <property name="java.vm.specification.vendor" value="Oracle Corporation"/>
    <property name="java.specification.name" value="Java Platform API Specification"/>
    <property name="java.awt.graphicsenv" value="sun.awt.X11GraphicsEnvironment"/>
    <property name="surefire.real.class.path" value="/workdir/hadoop-ozone/integration-test/target/surefire/surefirebooter5232123295458288705.jar"/>
    <property name="hadoop.log.dir" value="/workdir/hadoop-ozone/integration-test/target/log"/>
    <property name="sun.boot.class.path" value="/usr/lib/jvm/java-1.8-openjdk/jre/lib/resources.jar:/usr/lib/jvm/java-1.8-openjdk/jre/lib/rt.jar:/usr/lib/jvm/java-1.8-openjdk/jre/lib/sunrsasign.jar:/usr/lib/jvm/java-1.8-openjdk/jre/lib/jsse.jar:/usr/lib/jvm/java-1.8-openjdk/jre/lib/jce.jar:/usr/lib/jvm/java-1.8-openjdk/jre/lib/charsets.jar:/usr/lib/jvm/java-1.8-openjdk/jre/lib/jfr.jar:/usr/lib/jvm/java-1.8-openjdk/jre/classes"/>
    <property name="sun.management.compiler" value="HotSpot 64-Bit Tiered Compilers"/>
    <property name="java.runtime.version" value="1.8.0_212-b04"/>
    <property name="java.net.preferIPv4Stack" value="true"/>
    <property name="user.name" value="jenkins1000"/>
    <property name="path.separator" value=":"/>
    <property name="java.security.egd" value="file:///dev/urandom"/>
    <property name="os.version" value="3.10.0-957.12.2.el7.x86_64"/>
    <property name="java.endorsed.dirs" value="/usr/lib/jvm/java-1.8-openjdk/jre/lib/endorsed"/>
    <property name="java.runtime.name" value="OpenJDK Runtime Environment"/>
    <property name="file.encoding" value="UTF-8"/>
    <property name="java.vm.name" value="OpenJDK 64-Bit Server VM"/>
    <property name="test.build.webapps" value=""/>
    <property name="localRepository" value="/home/user/.m2/repository"/>
    <property name="java.vendor.url.bug" value="https://icedtea.classpath.org/bugzilla"/>
    <property name="java.io.tmpdir" value="/tmp"/>
    <property name="require.test.libhadoop" value=""/>
    <property name="java.version" value="1.8.0_212"/>
    <property name="user.dir" value="/workdir/hadoop-ozone/integration-test"/>
    <property name="os.arch" value="amd64"/>
    <property name="java.vm.specification.name" value="Java Virtual Machine Specification"/>
    <property name="test.build.classes" value="/workdir/hadoop-ozone/integration-test/target/test-classes"/>
    <property name="java.awt.printerjob" value="sun.print.PSPrinterJob"/>
    <property name="sun.os.patch.level" value="unknown"/>
    <property name="hadoop.tmp.dir" value="/workdir/hadoop-ozone/integration-test/target/tmp"/>
    <property name="java.library.path" value="/usr/lib/jvm/java-1.8-openjdk/jre/lib/amd64/server:/usr/lib/jvm/java-1.8-openjdk/jre/lib/amd64:/usr/lib/jvm/java-1.8-openjdk/jre/../lib/amd64:/workdir/hadoop-ozone/integration-test/target/native/target/usr/local/lib:/workdir/hadoop-ozone/integration-test/../../hadoop-common-project/hadoop-common/target/native/target/usr/local/lib:/usr/java/packages/lib/amd64:/usr/lib64:/lib64:/lib:/usr/lib"/>
    <property name="java.vm.info" value="mixed mode"/>
    <property name="java.vendor" value="IcedTea"/>
    <property name="java.vm.version" value="25.212-b04"/>
    <property name="java.ext.dirs" value="/usr/lib/jvm/java-1.8-openjdk/jre/lib/ext:/usr/java/packages/lib/ext"/>
    <property name="sun.io.unicode.encoding" value="UnicodeLittle"/>
    <property name="java.class.version" value="52.0"/>
  </properties>
  <testcase name="testGroupMismatchExceptionHandling" classname="org.apache.hadoop.ozone.client.rpc.TestOzoneClientRetriesOnException" time="64.54">
    <error message="Allocated 0 blocks. Requested 1 blocks" type="INTERNAL_ERROR org.apache.hadoop.ozone.om.exceptions.OMException">INTERNAL_ERROR org.apache.hadoop.ozone.om.exceptions.OMException: Allocated 0 blocks. Requested 1 blocks
	at org.apache.hadoop.ozone.om.protocolPB.OzoneManagerProtocolClientSideTranslatorPB.handleError(OzoneManagerProtocolClientSideTranslatorPB.java:732)
	at org.apache.hadoop.ozone.om.protocolPB.OzoneManagerProtocolClientSideTranslatorPB.openKey(OzoneManagerProtocolClientSideTranslatorPB.java:723)
	at sun.reflect.NativeMethodAccessorImpl.invoke0(Native Method)
	at sun.reflect.NativeMethodAccessorImpl.invoke(NativeMethodAccessorImpl.java:62)
	at sun.reflect.DelegatingMethodAccessorImpl.invoke(DelegatingMethodAccessorImpl.java:43)
	at java.lang.reflect.Method.invoke(Method.java:498)
	at org.apache.hadoop.hdds.tracing.TraceAllMethod.invoke(TraceAllMethod.java:66)
	at com.sun.proxy.$Proxy37.openKey(Unknown Source)
	at org.apache.hadoop.ozone.client.rpc.RpcClient.createKey(RpcClient.java:614)
	at org.apache.hadoop.ozone.client.OzoneBucket.createKey(OzoneBucket.java:325)
	at org.apache.hadoop.ozone.container.ContainerTestHelper.createKey(ContainerTestHelper.java:695)
	at org.apache.hadoop.ozone.client.rpc.TestOzoneClientRetriesOnException.createKey(TestOzoneClientRetriesOnException.java:226)
	at org.apache.hadoop.ozone.client.rpc.TestOzoneClientRetriesOnException.testGroupMismatchExceptionHandling(TestOzoneClientRetriesOnException.java:129)
	at sun.reflect.NativeMethodAccessorImpl.invoke0(Native Method)
	at sun.reflect.NativeMethodAccessorImpl.invoke(NativeMethodAccessorImpl.java:62)
	at sun.reflect.DelegatingMethodAccessorImpl.invoke(DelegatingMethodAccessorImpl.java:43)
	at java.lang.reflect.Method.invoke(Method.java:498)
	at org.junit.runners.model.FrameworkMethod$1.runReflectiveCall(FrameworkMethod.java:47)
	at org.junit.internal.runners.model.ReflectiveCallable.run(ReflectiveCallable.java:12)
	at org.junit.runners.model.FrameworkMethod.invokeExplosively(FrameworkMethod.java:44)
	at org.junit.internal.runners.statements.InvokeMethod.evaluate(InvokeMethod.java:17)
	at org.junit.internal.runners.statements.RunBefores.evaluate(RunBefores.java:26)
	at org.junit.internal.runners.statements.RunAfters.evaluate(RunAfters.java:27)
	at org.junit.runners.ParentRunner.runLeaf(ParentRunner.java:271)
	at org.junit.runners.BlockJUnit4ClassRunner.runChild(BlockJUnit4ClassRunner.java:70)
	at org.junit.runners.BlockJUnit4ClassRunner.runChild(BlockJUnit4ClassRunner.java:50)
	at org.junit.runners.ParentRunner$3.run(ParentRunner.java:238)
	at org.junit.runners.ParentRunner$1.schedule(ParentRunner.java:63)
	at org.junit.runners.ParentRunner.runChildren(ParentRunner.java:236)
	at org.junit.runners.ParentRunner.access$000(ParentRunner.java:53)
	at org.junit.runners.ParentRunner$2.evaluate(ParentRunner.java:229)
	at org.junit.runners.ParentRunner.run(ParentRunner.java:309)
	at org.apache.maven.surefire.junit4.JUnit4Provider.execute(JUnit4Provider.java:365)
	at org.apache.maven.surefire.junit4.JUnit4Provider.executeWithRerun(JUnit4Provider.java:273)
	at org.apache.maven.surefire.junit4.JUnit4Provider.executeTestSet(JUnit4Provider.java:238)
	at org.apache.maven.surefire.junit4.JUnit4Provider.invoke(JUnit4Provider.java:159)
	at org.apache.maven.surefire.booter.ForkedBooter.invokeProviderInSameClassLoader(ForkedBooter.java:384)
	at org.apache.maven.surefire.booter.ForkedBooter.runSuitesInProcess(ForkedBooter.java:345)
	at org.apache.maven.surefire.booter.ForkedBooter.execute(ForkedBooter.java:126)
	at org.apache.maven.surefire.booter.ForkedBooter.main(ForkedBooter.java:418)
</error>
    <system-out><![CDATA[2019-09-24 18:14:37,938 [main] WARN  server.ServerUtils (ServerUtils.java:getScmDbDir(145)) - ozone.scm.db.dirs is not configured. We recommend adding this setting. Falling back to ozone.metadata.dirs instead.
2019-09-24 18:14:42,159 [main] WARN  server.ServerUtils (ServerUtils.java:getScmDbDir(145)) - ozone.scm.db.dirs is not configured. We recommend adding this setting. Falling back to ozone.metadata.dirs instead.
2019-09-24 18:14:42,163 [main] WARN  server.ServerUtils (ServerUtils.java:getScmDbDir(145)) - ozone.scm.db.dirs is not configured. We recommend adding this setting. Falling back to ozone.metadata.dirs instead.
2019-09-24 18:14:42,185 [main] INFO  util.log (Log.java:initialized(192)) - Logging initialized @5063ms
2019-09-24 18:14:42,319 [main] INFO  db.DBStoreBuilder (DBStoreBuilder.java:addTable(110)) - using custom profile for table: deletedBlocks
2019-09-24 18:14:42,320 [main] INFO  db.DBStoreBuilder (DBStoreBuilder.java:processTables(161)) - Using default column profile:DBProfile.DISK for Table:deletedBlocks
2019-09-24 18:14:42,320 [main] INFO  db.DBStoreBuilder (DBStoreBuilder.java:addTable(110)) - using custom profile for table: validCerts
2019-09-24 18:14:42,321 [main] INFO  db.DBStoreBuilder (DBStoreBuilder.java:processTables(161)) - Using default column profile:DBProfile.DISK for Table:validCerts
2019-09-24 18:14:42,321 [main] INFO  db.DBStoreBuilder (DBStoreBuilder.java:addTable(110)) - using custom profile for table: revokedCerts
2019-09-24 18:14:42,321 [main] INFO  db.DBStoreBuilder (DBStoreBuilder.java:processTables(161)) - Using default column profile:DBProfile.DISK for Table:revokedCerts
2019-09-24 18:14:42,334 [main] INFO  db.DBStoreBuilder (DBStoreBuilder.java:addTable(110)) - using custom profile for table: default
2019-09-24 18:14:42,335 [main] INFO  db.DBStoreBuilder (DBStoreBuilder.java:processTables(167)) - Using default column profile:DBProfile.DISK for Table:default
2019-09-24 18:14:42,336 [main] INFO  db.DBStoreBuilder (DBStoreBuilder.java:getDbProfile(198)) - Using default options. DBProfile.DISK
2019-09-24 18:14:44,083 [main] INFO  net.NodeSchemaLoader (NodeSchemaLoader.java:loadSchemaFromFile(125)) - Loading file from sun.misc.CompoundEnumeration@34123d65
2019-09-24 18:14:44,085 [main] INFO  net.NodeSchemaLoader (NodeSchemaLoader.java:loadSchema(171)) - Loading network topology layer schema file
2019-09-24 18:14:44,156 [main] WARN  server.ServerUtils (ServerUtils.java:sanitizeUserArgs(70)) - ozone.scm.stale.node.interval value = 300000 is larger than max = 100000 based on the key value of ozone.scm.heartbeat.thread.interval, reset to the max value 100000.
2019-09-24 18:14:44,158 [main] WARN  server.ServerUtils (ServerUtils.java:sanitizeUserArgs(70)) - ozone.scm.stale.node.interval value = 300000 is larger than max = 100000 based on the key value of ozone.scm.heartbeat.thread.interval, reset to the max value 100000.
2019-09-24 18:14:44,160 [main] INFO  node.SCMNodeManager (SCMNodeManager.java:<init>(114)) - Entering startup safe mode.
2019-09-24 18:14:44,233 [main] INFO  algorithms.ContainerPlacementPolicyFactory (ContainerPlacementPolicyFactory.java:getPolicy(57)) - Create container placement policy of type org.apache.hadoop.hdds.scm.container.placement.algorithms.SCMContainerPlacementRandom
2019-09-24 18:14:44,248 [main] WARN  server.ServerUtils (ServerUtils.java:getScmDbDir(145)) - ozone.scm.db.dirs is not configured. We recommend adding this setting. Falling back to ozone.metadata.dirs instead.
2019-09-24 18:14:44,310 [main] INFO  pipeline.SCMPipelineManager (SCMPipelineManager.java:initializePipelineState(132)) - No pipeline exists in current db
2019-09-24 18:14:44,314 [main] WARN  server.ServerUtils (ServerUtils.java:getScmDbDir(145)) - ozone.scm.db.dirs is not configured. We recommend adding this setting. Falling back to ozone.metadata.dirs instead.
2019-09-24 18:14:44,432 [main] WARN  events.EventQueue (EventQueue.java:fireEvent(183)) - No event handler registered for event TypedEvent{payloadType=SafeModeStatus, name='SafeModeStatus'}
2019-09-24 18:14:44,864 [main] INFO  ipc.CallQueueManager (CallQueueManager.java:<init>(84)) - Using callQueue: class java.util.concurrent.LinkedBlockingQueue, queueCapacity: 2000, scheduler: class org.apache.hadoop.ipc.DefaultRpcScheduler, ipcBackoff: false.
2019-09-24 18:14:44,896 [Socket Reader #1 for port 45301] INFO  ipc.Server (Server.java:run(1074)) - Starting Socket Reader #1 for port 45301
2019-09-24 18:14:45,090 [main] INFO  ipc.CallQueueManager (CallQueueManager.java:<init>(84)) - Using callQueue: class java.util.concurrent.LinkedBlockingQueue, queueCapacity: 2000, scheduler: class org.apache.hadoop.ipc.DefaultRpcScheduler, ipcBackoff: false.
2019-09-24 18:14:45,091 [Socket Reader #1 for port 44681] INFO  ipc.Server (Server.java:run(1074)) - Starting Socket Reader #1 for port 44681
2019-09-24 18:14:45,103 [main] INFO  ipc.CallQueueManager (CallQueueManager.java:<init>(84)) - Using callQueue: class java.util.concurrent.LinkedBlockingQueue, queueCapacity: 2000, scheduler: class org.apache.hadoop.ipc.DefaultRpcScheduler, ipcBackoff: false.
2019-09-24 18:14:45,103 [Socket Reader #1 for port 42792] INFO  ipc.Server (Server.java:run(1074)) - Starting Socket Reader #1 for port 42792
2019-09-24 18:14:45,130 [main] INFO  hdfs.DFSUtil (DFSUtil.java:httpServerTemplateForNNAndJN(1641)) - Starting Web-server for scm at: http://0.0.0.0:0
2019-09-24 18:14:45,309 [main] INFO  server.AuthenticationFilter (AuthenticationFilter.java:constructSecretProvider(240)) - Unable to initialize FileSignerSecretProvider, falling back to use random secrets.
2019-09-24 18:14:45,319 [main] WARN  http.HttpRequestLog (HttpRequestLog.java:getRequestLog(97)) - Jetty request log can only be enabled using Log4j
2019-09-24 18:14:45,328 [main] INFO  http.HttpServer2 (HttpServer2.java:addGlobalFilter(975)) - Added global filter 'safety' (class=org.apache.hadoop.http.HttpServer2$QuotingInputFilter)
2019-09-24 18:14:45,331 [main] INFO  http.HttpServer2 (HttpServer2.java:addFilter(948)) - Added filter static_user_filter (class=org.apache.hadoop.http.lib.StaticUserWebFilter$StaticUserFilter) to context scm
2019-09-24 18:14:45,332 [main] INFO  http.HttpServer2 (HttpServer2.java:addFilter(958)) - Added filter static_user_filter (class=org.apache.hadoop.http.lib.StaticUserWebFilter$StaticUserFilter) to context logs
2019-09-24 18:14:45,332 [main] INFO  http.HttpServer2 (HttpServer2.java:addFilter(958)) - Added filter static_user_filter (class=org.apache.hadoop.http.lib.StaticUserWebFilter$StaticUserFilter) to context static
2019-09-24 18:14:45,366 [main] INFO  server.StorageContainerManager (StorageContainerManager.java:start(770)) - StorageContainerLocationProtocol RPC server is listening at /0.0.0.0:42792
2019-09-24 18:14:45,434 [main] WARN  impl.MetricsConfig (MetricsConfig.java:loadFirst(134)) - Cannot locate configuration: tried hadoop-metrics2-storagecontainermanager.properties,hadoop-metrics2.properties
2019-09-24 18:14:45,448 [main] INFO  impl.MetricsSystemImpl (MetricsSystemImpl.java:startTimer(374)) - Scheduled Metric snapshot period at 10 second(s).
2019-09-24 18:14:45,449 [main] INFO  impl.MetricsSystemImpl (MetricsSystemImpl.java:start(191)) - StorageContainerManager metrics system started
2019-09-24 18:14:45,718 [main] INFO  server.SCMClientProtocolServer (SCMClientProtocolServer.java:start(151)) - RPC server for Client  is listening at /0.0.0.0:42792
2019-09-24 18:14:45,719 [IPC Server Responder] INFO  ipc.Server (Server.java:run(1314)) - IPC Server Responder: starting
2019-09-24 18:14:45,719 [IPC Server listener on 42792] INFO  ipc.Server (Server.java:run(1153)) - IPC Server listener on 42792: starting
2019-09-24 18:14:45,723 [main] INFO  server.StorageContainerManager (StorageContainerManager.java:start(780)) - ScmBlockLocationProtocol RPC server is listening at /0.0.0.0:44681
2019-09-24 18:14:45,724 [main] INFO  server.SCMBlockProtocolServer (SCMBlockProtocolServer.java:start(146)) - RPC server for Block Protocol is listening at /0.0.0.0:44681
2019-09-24 18:14:45,725 [IPC Server Responder] INFO  ipc.Server (Server.java:run(1314)) - IPC Server Responder: starting
2019-09-24 18:14:45,725 [IPC Server listener on 44681] INFO  ipc.Server (Server.java:run(1153)) - IPC Server listener on 44681: starting
2019-09-24 18:14:45,729 [main] INFO  server.StorageContainerManager (StorageContainerManager.java:start(784)) - ScmDatanodeProtocl RPC server is listening at /0.0.0.0:45301
2019-09-24 18:14:45,729 [main] INFO  server.SCMDatanodeProtocolServer (SCMDatanodeProtocolServer.java:start(191)) - RPC server for DataNodes is listening at /0.0.0.0:45301
2019-09-24 18:14:45,730 [IPC Server Responder] INFO  ipc.Server (Server.java:run(1314)) - IPC Server Responder: starting
2019-09-24 18:14:45,730 [IPC Server listener on 45301] INFO  ipc.Server (Server.java:run(1153)) - IPC Server listener on 45301: starting
2019-09-24 18:14:45,735 [main] INFO  http.HttpServer2 (HttpServer2.java:bindListener(1191)) - Jetty bound to port 39607
2019-09-24 18:14:45,737 [main] INFO  server.Server (Server.java:doStart(351)) - jetty-9.3.25.v20180904, build timestamp: 2018-09-04T21:11:46Z, git hash: 3ce520221d0240229c862b122d2b06c12a625732
2019-09-24 18:14:45,777 [main] INFO  handler.ContextHandler (ContextHandler.java:doStart(781)) - Started o.e.j.s.ServletContextHandler@4aa83f4f{/logs,file:///workdir/hadoop-ozone/integration-test/target/log,AVAILABLE}
2019-09-24 18:14:45,778 [main] INFO  handler.ContextHandler (ContextHandler.java:doStart(781)) - Started o.e.j.s.ServletContextHandler@260e86a1{/static,file:///workdir/hadoop-ozone/integration-test/target/test-classes/webapps/static,AVAILABLE}
2019-09-24 18:14:45,813 [main] INFO  handler.ContextHandler (ContextHandler.java:doStart(781)) - Started o.e.j.w.WebAppContext@db44aa2{/,file:///workdir/hadoop-ozone/integration-test/target/test-classes/webapps/scm/,AVAILABLE}{/scm}
2019-09-24 18:14:45,819 [main] INFO  server.AbstractConnector (AbstractConnector.java:doStart(278)) - Started ServerConnector@59a67c3a{HTTP/1.1,[http/1.1]}{0.0.0.0:39607}
2019-09-24 18:14:45,820 [main] INFO  server.Server (Server.java:doStart(419)) - Started @8697ms
2019-09-24 18:14:45,822 [main] INFO  impl.MetricsSinkAdapter (MetricsSinkAdapter.java:start(204)) - Sink prometheus started
2019-09-24 18:14:45,823 [main] INFO  impl.MetricsSystemImpl (MetricsSystemImpl.java:registerSink(301)) - Registered sink prometheus
2019-09-24 18:14:45,824 [main] INFO  server.BaseHttpServer (BaseHttpServer.java:updateConnectorAddress(215)) - HTTP server of SCM is listening at http://0.0.0.0:39607
2019-09-24 18:14:45,835 [org.apache.hadoop.util.JvmPauseMonitor$Monitor@514eedd8] INFO  util.JvmPauseMonitor (JvmPauseMonitor.java:run(188)) - Starting JVM pause monitor
2019-09-24 18:14:45,842 [main] WARN  server.ServerUtils (ServerUtils.java:getDBPath(222)) - ozone.om.db.dirs is not configured. We recommend adding this setting. Falling back to ozone.metadata.dirs instead.
2019-09-24 18:14:45,964 [main] WARN  server.ServerUtils (ServerUtils.java:getDBPath(222)) - ozone.om.db.dirs is not configured. We recommend adding this setting. Falling back to ozone.metadata.dirs instead.
2019-09-24 18:14:45,965 [main] WARN  server.ServerUtils (ServerUtils.java:getDBPath(222)) - ozone.om.db.dirs is not configured. We recommend adding this setting. Falling back to ozone.metadata.dirs instead.
2019-09-24 18:14:45,966 [main] INFO  om.OzoneManager (OzoneManager.java:setOMNodeDetails(652)) - OM Service ID is not set. Setting it to the default ID: omServiceIdDefault
2019-09-24 18:14:45,966 [main] INFO  om.OzoneManager (OzoneManager.java:setOMNodeDetails(658)) - OM Node ID is not set. Setting it to the OmStorage's OmID: a5a70368-7582-4dbe-a785-2b43e7426114
2019-09-24 18:14:45,967 [main] INFO  om.OzoneManager (OzoneManager.java:loadOMHAConfigs(609)) - Found matching OM address with OMServiceId: null, OMNodeId: null, RPC Address: localhost:0 and Ratis port: 9872
2019-09-24 18:14:46,696 [main] WARN  server.ServerUtils (ServerUtils.java:getDBPath(222)) - ozone.om.db.dirs is not configured. We recommend adding this setting. Falling back to ozone.metadata.dirs instead.
2019-09-24 18:14:46,703 [main] INFO  db.DBStoreBuilder (DBStoreBuilder.java:addTable(110)) - using custom profile for table: userTable
2019-09-24 18:14:46,703 [main] INFO  db.DBStoreBuilder (DBStoreBuilder.java:processTables(161)) - Using default column profile:DBProfile.DISK for Table:userTable
2019-09-24 18:14:46,703 [main] INFO  db.DBStoreBuilder (DBStoreBuilder.java:addTable(110)) - using custom profile for table: volumeTable
2019-09-24 18:14:46,703 [main] INFO  db.DBStoreBuilder (DBStoreBuilder.java:processTables(161)) - Using default column profile:DBProfile.DISK for Table:volumeTable
2019-09-24 18:14:46,704 [main] INFO  db.DBStoreBuilder (DBStoreBuilder.java:addTable(110)) - using custom profile for table: bucketTable
2019-09-24 18:14:46,704 [main] INFO  db.DBStoreBuilder (DBStoreBuilder.java:processTables(161)) - Using default column profile:DBProfile.DISK for Table:bucketTable
2019-09-24 18:14:46,704 [main] INFO  db.DBStoreBuilder (DBStoreBuilder.java:addTable(110)) - using custom profile for table: keyTable
2019-09-24 18:14:46,704 [main] INFO  db.DBStoreBuilder (DBStoreBuilder.java:processTables(161)) - Using default column profile:DBProfile.DISK for Table:keyTable
2019-09-24 18:14:46,704 [main] INFO  db.DBStoreBuilder (DBStoreBuilder.java:addTable(110)) - using custom profile for table: deletedTable
2019-09-24 18:14:46,705 [main] INFO  db.DBStoreBuilder (DBStoreBuilder.java:processTables(161)) - Using default column profile:DBProfile.DISK for Table:deletedTable
2019-09-24 18:14:46,705 [main] INFO  db.DBStoreBuilder (DBStoreBuilder.java:addTable(110)) - using custom profile for table: openKeyTable
2019-09-24 18:14:46,705 [main] INFO  db.DBStoreBuilder (DBStoreBuilder.java:processTables(161)) - Using default column profile:DBProfile.DISK for Table:openKeyTable
2019-09-24 18:14:46,705 [main] INFO  db.DBStoreBuilder (DBStoreBuilder.java:addTable(110)) - using custom profile for table: s3Table
2019-09-24 18:14:46,705 [main] INFO  db.DBStoreBuilder (DBStoreBuilder.java:processTables(161)) - Using default column profile:DBProfile.DISK for Table:s3Table
2019-09-24 18:14:46,706 [main] INFO  db.DBStoreBuilder (DBStoreBuilder.java:addTable(110)) - using custom profile for table: multipartInfoTable
2019-09-24 18:14:46,706 [main] INFO  db.DBStoreBuilder (DBStoreBuilder.java:processTables(161)) - Using default column profile:DBProfile.DISK for Table:multipartInfoTable
2019-09-24 18:14:46,706 [main] INFO  db.DBStoreBuilder (DBStoreBuilder.java:addTable(110)) - using custom profile for table: dTokenTable
2019-09-24 18:14:46,706 [main] INFO  db.DBStoreBuilder (DBStoreBuilder.java:processTables(161)) - Using default column profile:DBProfile.DISK for Table:dTokenTable
2019-09-24 18:14:46,707 [main] INFO  db.DBStoreBuilder (DBStoreBuilder.java:addTable(110)) - using custom profile for table: s3SecretTable
2019-09-24 18:14:46,707 [main] INFO  db.DBStoreBuilder (DBStoreBuilder.java:processTables(161)) - Using default column profile:DBProfile.DISK for Table:s3SecretTable
2019-09-24 18:14:46,707 [main] INFO  db.DBStoreBuilder (DBStoreBuilder.java:addTable(110)) - using custom profile for table: prefixTable
2019-09-24 18:14:46,707 [main] INFO  db.DBStoreBuilder (DBStoreBuilder.java:processTables(161)) - Using default column profile:DBProfile.DISK for Table:prefixTable
2019-09-24 18:14:46,707 [main] INFO  db.DBStoreBuilder (DBStoreBuilder.java:addTable(110)) - using custom profile for table: default
2019-09-24 18:14:46,708 [main] INFO  db.DBStoreBuilder (DBStoreBuilder.java:processTables(167)) - Using default column profile:DBProfile.DISK for Table:default
2019-09-24 18:14:46,708 [main] INFO  db.DBStoreBuilder (DBStoreBuilder.java:getDbProfile(198)) - Using default options. DBProfile.DISK
2019-09-24 18:14:55,360 [main] INFO  ipc.CallQueueManager (CallQueueManager.java:<init>(84)) - Using callQueue: class java.util.concurrent.LinkedBlockingQueue, queueCapacity: 2000, scheduler: class org.apache.hadoop.ipc.DefaultRpcScheduler, ipcBackoff: false.
2019-09-24 18:14:55,361 [Socket Reader #1 for port 41314] INFO  ipc.Server (Server.java:run(1074)) - Starting Socket Reader #1 for port 41314
2019-09-24 18:14:55,394 [main] INFO  om.OzoneManager (OzoneManager.java:start(1243)) - OzoneManager RPC server is listening at localhost/127.0.0.1:41314
2019-09-24 18:14:55,394 [main] INFO  impl.MetricsSystemImpl (MetricsSystemImpl.java:init(158)) - OzoneManager metrics system started (again)
2019-09-24 18:14:55,396 [IPC Server Responder] INFO  ipc.Server (Server.java:run(1314)) - IPC Server Responder: starting
2019-09-24 18:14:55,396 [IPC Server listener on 41314] INFO  ipc.Server (Server.java:run(1153)) - IPC Server listener on 41314: starting
2019-09-24 18:14:55,408 [main] INFO  hdfs.DFSUtil (DFSUtil.java:httpServerTemplateForNNAndJN(1641)) - Starting Web-server for ozoneManager at: http://0.0.0.0:0
2019-09-24 18:14:55,411 [main] INFO  server.AuthenticationFilter (AuthenticationFilter.java:constructSecretProvider(240)) - Unable to initialize FileSignerSecretProvider, falling back to use random secrets.
2019-09-24 18:14:55,411 [main] WARN  http.HttpRequestLog (HttpRequestLog.java:getRequestLog(97)) - Jetty request log can only be enabled using Log4j
2019-09-24 18:14:55,415 [main] INFO  http.HttpServer2 (HttpServer2.java:addGlobalFilter(975)) - Added global filter 'safety' (class=org.apache.hadoop.http.HttpServer2$QuotingInputFilter)
2019-09-24 18:14:55,416 [main] INFO  http.HttpServer2 (HttpServer2.java:addFilter(948)) - Added filter static_user_filter (class=org.apache.hadoop.http.lib.StaticUserWebFilter$StaticUserFilter) to context ozoneManager
2019-09-24 18:14:55,417 [main] INFO  http.HttpServer2 (HttpServer2.java:addFilter(958)) - Added filter static_user_filter (class=org.apache.hadoop.http.lib.StaticUserWebFilter$StaticUserFilter) to context logs
2019-09-24 18:14:55,417 [main] INFO  http.HttpServer2 (HttpServer2.java:addFilter(958)) - Added filter static_user_filter (class=org.apache.hadoop.http.lib.StaticUserWebFilter$StaticUserFilter) to context static
2019-09-24 18:14:55,420 [main] INFO  http.HttpServer2 (HttpServer2.java:bindListener(1191)) - Jetty bound to port 37506
2019-09-24 18:14:55,421 [main] INFO  server.Server (Server.java:doStart(351)) - jetty-9.3.25.v20180904, build timestamp: 2018-09-04T21:11:46Z, git hash: 3ce520221d0240229c862b122d2b06c12a625732
2019-09-24 18:14:55,424 [main] INFO  handler.ContextHandler (ContextHandler.java:doStart(781)) - Started o.e.j.s.ServletContextHandler@4cafa9aa{/logs,file:///workdir/hadoop-ozone/integration-test/target/log,AVAILABLE}
2019-09-24 18:14:55,425 [main] INFO  handler.ContextHandler (ContextHandler.java:doStart(781)) - Started o.e.j.s.ServletContextHandler@67001148{/static,file:///workdir/hadoop-ozone/integration-test/target/test-classes/webapps/static,AVAILABLE}
2019-09-24 18:14:55,432 [main] INFO  handler.ContextHandler (ContextHandler.java:doStart(781)) - Started o.e.j.w.WebAppContext@1ecfcbc9{/,file:///workdir/hadoop-ozone/integration-test/target/test-classes/webapps/ozoneManager/,AVAILABLE}{/ozoneManager}
2019-09-24 18:14:55,433 [main] INFO  server.AbstractConnector (AbstractConnector.java:doStart(278)) - Started ServerConnector@1965539b{HTTP/1.1,[http/1.1]}{0.0.0.0:37506}
2019-09-24 18:14:55,433 [main] INFO  server.Server (Server.java:doStart(419)) - Started @18311ms
2019-09-24 18:14:55,434 [main] WARN  impl.MetricsSystemImpl (MetricsSystemImpl.java:register(276)) - Sink prometheus already exists!
2019-09-24 18:14:55,436 [main] INFO  server.BaseHttpServer (BaseHttpServer.java:updateConnectorAddress(215)) - HTTP server of OZONEMANAGER is listening at http://0.0.0.0:37506
2019-09-24 18:14:55,818 [main] INFO  impl.MetricsSystemImpl (MetricsSystemImpl.java:init(158)) - HddsDatanode metrics system started (again)
2019-09-24 18:14:55,866 [main] INFO  ozone.HddsDatanodeService (HddsDatanodeService.java:start(184)) - HddsDatanodeService host:pr-hdds-2171-6l6hb-1841322612 ip:192.168.36.84
2019-09-24 18:14:55,899 [main] INFO  volume.HddsVolume (HddsVolume.java:<init>(176)) - Creating Volume: /workdir/hadoop-ozone/integration-test/target/test-dir/MiniOzoneClusterImpl-4070120b-f2bf-49a1-ba82-0323cc680d8e/datanode-0/data/containers/hdds of  storage type : DISK and capacity : 1482555576320
2019-09-24 18:14:55,900 [main] INFO  volume.VolumeSet (VolumeSet.java:initializeVolumeSet(170)) - Added Volume : /workdir/hadoop-ozone/integration-test/target/test-dir/MiniOzoneClusterImpl-4070120b-f2bf-49a1-ba82-0323cc680d8e/datanode-0/data/containers/hdds to VolumeSet
2019-09-24 18:14:55,903 [main] INFO  volume.ThrottledAsyncChecker (ThrottledAsyncChecker.java:schedule(139)) - Scheduling a check for org.apache.hadoop.ozone.container.common.volume.HddsVolume@7e2f86e6
2019-09-24 18:14:55,920 [main] INFO  volume.HddsVolumeChecker (HddsVolumeChecker.java:checkAllVolumes(202)) - Scheduled health check for volume org.apache.hadoop.ozone.container.common.volume.HddsVolume@7e2f86e6
2019-09-24 18:14:56,035 [main] INFO  impl.RaftServerProxy (ConfUtils.java:logGet(43)) - raft.rpc.type = GRPC (default)
2019-09-24 18:14:56,120 [main] INFO  grpc.GrpcFactory (GrpcFactory.java:checkPooledByteBufAllocatorUseCacheForAllThreads(45)) - PERFORMANCE WARNING: useCacheForAllThreads is true that may cause Netty to create a lot garbage objects and, as a result, trigger GC.
	It is recommended to disable useCacheForAllThreads by setting -Dorg.apache.ratis.thirdparty.io.netty.allocator.useCacheForAllThreads=false in command line.
2019-09-24 18:14:56,127 [main] INFO  grpc.GrpcConfigKeys$Server (ConfUtils.java:logGet(43)) - raft.grpc.server.port = 0 (default)
2019-09-24 18:14:56,129 [main] INFO  server.GrpcService (ConfUtils.java:logGet(43)) - raft.grpc.message.size.max = 33570816 (custom)
2019-09-24 18:14:56,131 [main] INFO  server.RaftServerConfigKeys (ConfUtils.java:logGet(43)) - raft.server.log.appender.buffer.byte-limit = 33554432 (custom)
2019-09-24 18:14:56,132 [main] INFO  server.GrpcService (ConfUtils.java:logGet(43)) - raft.grpc.flow.control.window = 1MB (=1048576) (default)
2019-09-24 18:14:56,133 [main] INFO  server.RaftServerConfigKeys (ConfUtils.java:logGet(43)) - raft.server.rpc.request.timeout = 3000ms (default)
2019-09-24 18:14:56,304 [main] INFO  server.RaftServerConfigKeys (ConfUtils.java:logGet(43)) - raft.server.storage.dir = [/workdir/hadoop-ozone/integration-test/target/test-dir/MiniOzoneClusterImpl-4070120b-f2bf-49a1-ba82-0323cc680d8e/datanode-0/data/ratis] (custom)
2019-09-24 18:14:56,363 [main] INFO  hdfs.DFSUtil (DFSUtil.java:httpServerTemplateForNNAndJN(1641)) - Starting Web-server for hddsDatanode at: http://0.0.0.0:0
2019-09-24 18:14:56,366 [main] INFO  server.AuthenticationFilter (AuthenticationFilter.java:constructSecretProvider(240)) - Unable to initialize FileSignerSecretProvider, falling back to use random secrets.
2019-09-24 18:14:56,367 [main] WARN  http.HttpRequestLog (HttpRequestLog.java:getRequestLog(97)) - Jetty request log can only be enabled using Log4j
2019-09-24 18:14:56,369 [main] INFO  http.HttpServer2 (HttpServer2.java:addGlobalFilter(975)) - Added global filter 'safety' (class=org.apache.hadoop.http.HttpServer2$QuotingInputFilter)
2019-09-24 18:14:56,370 [main] INFO  http.HttpServer2 (HttpServer2.java:addFilter(948)) - Added filter static_user_filter (class=org.apache.hadoop.http.lib.StaticUserWebFilter$StaticUserFilter) to context hddsDatanode
2019-09-24 18:14:56,371 [main] INFO  http.HttpServer2 (HttpServer2.java:addFilter(958)) - Added filter static_user_filter (class=org.apache.hadoop.http.lib.StaticUserWebFilter$StaticUserFilter) to context logs
2019-09-24 18:14:56,371 [main] INFO  http.HttpServer2 (HttpServer2.java:addFilter(958)) - Added filter static_user_filter (class=org.apache.hadoop.http.lib.StaticUserWebFilter$StaticUserFilter) to context static
2019-09-24 18:14:56,372 [main] INFO  http.HttpServer2 (HttpServer2.java:bindListener(1191)) - Jetty bound to port 33381
2019-09-24 18:14:56,373 [main] INFO  server.Server (Server.java:doStart(351)) - jetty-9.3.25.v20180904, build timestamp: 2018-09-04T21:11:46Z, git hash: 3ce520221d0240229c862b122d2b06c12a625732
2019-09-24 18:14:56,379 [main] INFO  handler.ContextHandler (ContextHandler.java:doStart(781)) - Started o.e.j.s.ServletContextHandler@262816a8{/logs,file:///workdir/hadoop-ozone/integration-test/target/log,AVAILABLE}
2019-09-24 18:14:56,380 [main] INFO  handler.ContextHandler (ContextHandler.java:doStart(781)) - Started o.e.j.s.ServletContextHandler@46c269e0{/static,jar:file:/home/user/.m2/repository/org/apache/hadoop/hadoop-hdds-container-service/0.5.0-SNAPSHOT/hadoop-hdds-container-service-0.5.0-SNAPSHOT.jar!/webapps/static,AVAILABLE}
2019-09-24 18:14:56,425 [main] INFO  handler.ContextHandler (ContextHandler.java:doStart(781)) - Started o.e.j.w.WebAppContext@255eaa6b{/,file:///tmp/jetty-0.0.0.0-33381-hddsDatanode-_-any-1553826155079783473.dir/webapp/,AVAILABLE}{/hddsDatanode}
2019-09-24 18:14:56,426 [main] INFO  server.AbstractConnector (AbstractConnector.java:doStart(278)) - Started ServerConnector@476fe690{HTTP/1.1,[http/1.1]}{0.0.0.0:33381}
2019-09-24 18:14:56,426 [main] INFO  server.Server (Server.java:doStart(419)) - Started @19304ms
2019-09-24 18:14:56,427 [main] WARN  impl.MetricsSystemImpl (MetricsSystemImpl.java:register(276)) - Sink prometheus already exists!
2019-09-24 18:14:56,428 [main] INFO  server.BaseHttpServer (BaseHttpServer.java:updateConnectorAddress(215)) - HTTP server of HDDSDATANODE is listening at http://0.0.0.0:33381
2019-09-24 18:14:56,429 [main] INFO  impl.MetricsSystemImpl (MetricsSystemImpl.java:init(158)) - HddsDatanode metrics system started (again)
2019-09-24 18:14:56,432 [main] INFO  ozone.HddsDatanodeService (HddsDatanodeService.java:start(184)) - HddsDatanodeService host:pr-hdds-2171-6l6hb-1841322612 ip:192.168.36.84
2019-09-24 18:14:56,436 [org.apache.hadoop.util.JvmPauseMonitor$Monitor@69574a9c] INFO  util.JvmPauseMonitor (JvmPauseMonitor.java:run(188)) - Starting JVM pause monitor
2019-09-24 18:14:56,442 [main] INFO  volume.HddsVolume (HddsVolume.java:<init>(176)) - Creating Volume: /workdir/hadoop-ozone/integration-test/target/test-dir/MiniOzoneClusterImpl-4070120b-f2bf-49a1-ba82-0323cc680d8e/datanode-1/data/containers/hdds of  storage type : DISK and capacity : 1482555576320
2019-09-24 18:14:56,443 [main] INFO  volume.VolumeSet (VolumeSet.java:initializeVolumeSet(170)) - Added Volume : /workdir/hadoop-ozone/integration-test/target/test-dir/MiniOzoneClusterImpl-4070120b-f2bf-49a1-ba82-0323cc680d8e/datanode-1/data/containers/hdds to VolumeSet
2019-09-24 18:14:56,444 [main] INFO  volume.ThrottledAsyncChecker (ThrottledAsyncChecker.java:schedule(139)) - Scheduling a check for org.apache.hadoop.ozone.container.common.volume.HddsVolume@6981f8f3
2019-09-24 18:14:56,446 [main] INFO  volume.HddsVolumeChecker (HddsVolumeChecker.java:checkAllVolumes(202)) - Scheduled health check for volume org.apache.hadoop.ozone.container.common.volume.HddsVolume@6981f8f3
2019-09-24 18:14:56,464 [main] INFO  impl.RaftServerProxy (ConfUtils.java:logGet(43)) - raft.rpc.type = GRPC (default)
2019-09-24 18:14:56,464 [main] INFO  grpc.GrpcFactory (GrpcFactory.java:checkPooledByteBufAllocatorUseCacheForAllThreads(45)) - PERFORMANCE WARNING: useCacheForAllThreads is true that may cause Netty to create a lot garbage objects and, as a result, trigger GC.
	It is recommended to disable useCacheForAllThreads by setting -Dorg.apache.ratis.thirdparty.io.netty.allocator.useCacheForAllThreads=false in command line.
2019-09-24 18:14:56,465 [main] INFO  grpc.GrpcConfigKeys$Server (ConfUtils.java:logGet(43)) - raft.grpc.server.port = 0 (default)
2019-09-24 18:14:56,465 [main] INFO  server.GrpcService (ConfUtils.java:logGet(43)) - raft.grpc.message.size.max = 33570816 (custom)
2019-09-24 18:14:56,465 [main] INFO  server.RaftServerConfigKeys (ConfUtils.java:logGet(43)) - raft.server.log.appender.buffer.byte-limit = 33554432 (custom)
2019-09-24 18:14:56,465 [main] INFO  server.GrpcService (ConfUtils.java:logGet(43)) - raft.grpc.flow.control.window = 1MB (=1048576) (default)
2019-09-24 18:14:56,466 [main] INFO  server.RaftServerConfigKeys (ConfUtils.java:logGet(43)) - raft.server.rpc.request.timeout = 3000ms (default)
2019-09-24 18:14:56,467 [main] INFO  server.RaftServerConfigKeys (ConfUtils.java:logGet(43)) - raft.server.storage.dir = [/workdir/hadoop-ozone/integration-test/target/test-dir/MiniOzoneClusterImpl-4070120b-f2bf-49a1-ba82-0323cc680d8e/datanode-1/data/ratis] (custom)
2019-09-24 18:14:56,468 [main] INFO  hdfs.DFSUtil (DFSUtil.java:httpServerTemplateForNNAndJN(1641)) - Starting Web-server for hddsDatanode at: http://0.0.0.0:0
2019-09-24 18:14:56,470 [main] INFO  server.AuthenticationFilter (AuthenticationFilter.java:constructSecretProvider(240)) - Unable to initialize FileSignerSecretProvider, falling back to use random secrets.
2019-09-24 18:14:56,472 [main] WARN  http.HttpRequestLog (HttpRequestLog.java:getRequestLog(97)) - Jetty request log can only be enabled using Log4j
2019-09-24 18:14:56,474 [main] INFO  http.HttpServer2 (HttpServer2.java:addGlobalFilter(975)) - Added global filter 'safety' (class=org.apache.hadoop.http.HttpServer2$QuotingInputFilter)
2019-09-24 18:14:56,474 [main] INFO  http.HttpServer2 (HttpServer2.java:addFilter(948)) - Added filter static_user_filter (class=org.apache.hadoop.http.lib.StaticUserWebFilter$StaticUserFilter) to context hddsDatanode
2019-09-24 18:14:56,475 [main] INFO  http.HttpServer2 (HttpServer2.java:addFilter(958)) - Added filter static_user_filter (class=org.apache.hadoop.http.lib.StaticUserWebFilter$StaticUserFilter) to context logs
2019-09-24 18:14:56,475 [main] INFO  http.HttpServer2 (HttpServer2.java:addFilter(958)) - Added filter static_user_filter (class=org.apache.hadoop.http.lib.StaticUserWebFilter$StaticUserFilter) to context static
2019-09-24 18:14:56,477 [main] INFO  http.HttpServer2 (HttpServer2.java:bindListener(1191)) - Jetty bound to port 37744
2019-09-24 18:14:56,477 [main] INFO  server.Server (Server.java:doStart(351)) - jetty-9.3.25.v20180904, build timestamp: 2018-09-04T21:11:46Z, git hash: 3ce520221d0240229c862b122d2b06c12a625732
2019-09-24 18:14:56,480 [main] INFO  handler.ContextHandler (ContextHandler.java:doStart(781)) - Started o.e.j.s.ServletContextHandler@561b61ed{/logs,file:///workdir/hadoop-ozone/integration-test/target/log,AVAILABLE}
2019-09-24 18:14:56,480 [main] INFO  handler.ContextHandler (ContextHandler.java:doStart(781)) - Started o.e.j.s.ServletContextHandler@26cb5207{/static,jar:file:/home/user/.m2/repository/org/apache/hadoop/hadoop-hdds-container-service/0.5.0-SNAPSHOT/hadoop-hdds-container-service-0.5.0-SNAPSHOT.jar!/webapps/static,AVAILABLE}
2019-09-24 18:14:56,515 [main] INFO  handler.ContextHandler (ContextHandler.java:doStart(781)) - Started o.e.j.w.WebAppContext@7fdab70c{/,file:///tmp/jetty-0.0.0.0-37744-hddsDatanode-_-any-1039799815507339144.dir/webapp/,AVAILABLE}{/hddsDatanode}
2019-09-24 18:14:56,517 [main] INFO  server.AbstractConnector (AbstractConnector.java:doStart(278)) - Started ServerConnector@25ad4f71{HTTP/1.1,[http/1.1]}{0.0.0.0:37744}
2019-09-24 18:14:56,517 [main] INFO  server.Server (Server.java:doStart(419)) - Started @19395ms
2019-09-24 18:14:56,517 [main] WARN  impl.MetricsSystemImpl (MetricsSystemImpl.java:register(276)) - Sink prometheus already exists!
2019-09-24 18:14:56,518 [main] INFO  server.BaseHttpServer (BaseHttpServer.java:updateConnectorAddress(215)) - HTTP server of HDDSDATANODE is listening at http://0.0.0.0:37744
2019-09-24 18:14:56,519 [main] INFO  impl.MetricsSystemImpl (MetricsSystemImpl.java:init(158)) - HddsDatanode metrics system started (again)
2019-09-24 18:14:56,522 [org.apache.hadoop.util.JvmPauseMonitor$Monitor@669d3749] INFO  util.JvmPauseMonitor (JvmPauseMonitor.java:run(188)) - Starting JVM pause monitor
2019-09-24 18:14:56,522 [main] INFO  ozone.HddsDatanodeService (HddsDatanodeService.java:start(184)) - HddsDatanodeService host:pr-hdds-2171-6l6hb-1841322612 ip:192.168.36.84
2019-09-24 18:14:56,530 [main] INFO  volume.HddsVolume (HddsVolume.java:<init>(176)) - Creating Volume: /workdir/hadoop-ozone/integration-test/target/test-dir/MiniOzoneClusterImpl-4070120b-f2bf-49a1-ba82-0323cc680d8e/datanode-2/data/containers/hdds of  storage type : DISK and capacity : 1482555576320
2019-09-24 18:14:56,530 [main] INFO  volume.VolumeSet (VolumeSet.java:initializeVolumeSet(170)) - Added Volume : /workdir/hadoop-ozone/integration-test/target/test-dir/MiniOzoneClusterImpl-4070120b-f2bf-49a1-ba82-0323cc680d8e/datanode-2/data/containers/hdds to VolumeSet
2019-09-24 18:14:56,531 [main] INFO  volume.ThrottledAsyncChecker (ThrottledAsyncChecker.java:schedule(139)) - Scheduling a check for org.apache.hadoop.ozone.container.common.volume.HddsVolume@2924f1d8
2019-09-24 18:14:56,531 [main] INFO  volume.HddsVolumeChecker (HddsVolumeChecker.java:checkAllVolumes(202)) - Scheduled health check for volume org.apache.hadoop.ozone.container.common.volume.HddsVolume@2924f1d8
2019-09-24 18:14:56,545 [main] INFO  impl.RaftServerProxy (ConfUtils.java:logGet(43)) - raft.rpc.type = GRPC (default)
2019-09-24 18:14:56,545 [main] INFO  grpc.GrpcFactory (GrpcFactory.java:checkPooledByteBufAllocatorUseCacheForAllThreads(45)) - PERFORMANCE WARNING: useCacheForAllThreads is true that may cause Netty to create a lot garbage objects and, as a result, trigger GC.
	It is recommended to disable useCacheForAllThreads by setting -Dorg.apache.ratis.thirdparty.io.netty.allocator.useCacheForAllThreads=false in command line.
2019-09-24 18:14:56,546 [main] INFO  grpc.GrpcConfigKeys$Server (ConfUtils.java:logGet(43)) - raft.grpc.server.port = 0 (default)
2019-09-24 18:14:56,546 [main] INFO  server.GrpcService (ConfUtils.java:logGet(43)) - raft.grpc.message.size.max = 33570816 (custom)
2019-09-24 18:14:56,546 [main] INFO  server.RaftServerConfigKeys (ConfUtils.java:logGet(43)) - raft.server.log.appender.buffer.byte-limit = 33554432 (custom)
2019-09-24 18:14:56,546 [main] INFO  server.GrpcService (ConfUtils.java:logGet(43)) - raft.grpc.flow.control.window = 1MB (=1048576) (default)
2019-09-24 18:14:56,547 [main] INFO  server.RaftServerConfigKeys (ConfUtils.java:logGet(43)) - raft.server.rpc.request.timeout = 3000ms (default)
2019-09-24 18:14:56,547 [main] INFO  server.RaftServerConfigKeys (ConfUtils.java:logGet(43)) - raft.server.storage.dir = [/workdir/hadoop-ozone/integration-test/target/test-dir/MiniOzoneClusterImpl-4070120b-f2bf-49a1-ba82-0323cc680d8e/datanode-2/data/ratis] (custom)
2019-09-24 18:14:56,550 [main] INFO  hdfs.DFSUtil (DFSUtil.java:httpServerTemplateForNNAndJN(1641)) - Starting Web-server for hddsDatanode at: http://0.0.0.0:0
2019-09-24 18:14:56,552 [main] INFO  server.AuthenticationFilter (AuthenticationFilter.java:constructSecretProvider(240)) - Unable to initialize FileSignerSecretProvider, falling back to use random secrets.
2019-09-24 18:14:56,554 [main] WARN  http.HttpRequestLog (HttpRequestLog.java:getRequestLog(97)) - Jetty request log can only be enabled using Log4j
2019-09-24 18:14:56,557 [main] INFO  http.HttpServer2 (HttpServer2.java:addGlobalFilter(975)) - Added global filter 'safety' (class=org.apache.hadoop.http.HttpServer2$QuotingInputFilter)
2019-09-24 18:14:56,559 [main] INFO  http.HttpServer2 (HttpServer2.java:addFilter(948)) - Added filter static_user_filter (class=org.apache.hadoop.http.lib.StaticUserWebFilter$StaticUserFilter) to context hddsDatanode
2019-09-24 18:14:56,559 [main] INFO  http.HttpServer2 (HttpServer2.java:addFilter(958)) - Added filter static_user_filter (class=org.apache.hadoop.http.lib.StaticUserWebFilter$StaticUserFilter) to context static
2019-09-24 18:14:56,560 [main] INFO  http.HttpServer2 (HttpServer2.java:addFilter(958)) - Added filter static_user_filter (class=org.apache.hadoop.http.lib.StaticUserWebFilter$StaticUserFilter) to context logs
2019-09-24 18:14:56,561 [main] INFO  http.HttpServer2 (HttpServer2.java:bindListener(1191)) - Jetty bound to port 36109
2019-09-24 18:14:56,561 [main] INFO  server.Server (Server.java:doStart(351)) - jetty-9.3.25.v20180904, build timestamp: 2018-09-04T21:11:46Z, git hash: 3ce520221d0240229c862b122d2b06c12a625732
2019-09-24 18:14:56,568 [main] INFO  handler.ContextHandler (ContextHandler.java:doStart(781)) - Started o.e.j.s.ServletContextHandler@799ed4e8{/logs,file:///workdir/hadoop-ozone/integration-test/target/log,AVAILABLE}
2019-09-24 18:14:56,569 [main] INFO  handler.ContextHandler (ContextHandler.java:doStart(781)) - Started o.e.j.s.ServletContextHandler@54d8c20d{/static,jar:file:/home/user/.m2/repository/org/apache/hadoop/hadoop-hdds-container-service/0.5.0-SNAPSHOT/hadoop-hdds-container-service-0.5.0-SNAPSHOT.jar!/webapps/static,AVAILABLE}
2019-09-24 18:14:56,572 [Datanode State Machine Thread - 0] INFO  datanode.InitDatanodeState (InitDatanodeState.java:persistContainerDatanodeDetails(140)) - DatanodeDetails is persisted to /workdir/hadoop-ozone/integration-test/target/test-dir/MiniOzoneClusterImpl-4070120b-f2bf-49a1-ba82-0323cc680d8e/datanode-0/meta/datanode.id
2019-09-24 18:14:56,577 [Datanode State Machine Thread - 0] INFO  datanode.InitDatanodeState (InitDatanodeState.java:persistContainerDatanodeDetails(140)) - DatanodeDetails is persisted to /workdir/hadoop-ozone/integration-test/target/test-dir/MiniOzoneClusterImpl-4070120b-f2bf-49a1-ba82-0323cc680d8e/datanode-1/meta/datanode.id
2019-09-24 18:14:56,618 [main] INFO  handler.ContextHandler (ContextHandler.java:doStart(781)) - Started o.e.j.w.WebAppContext@10f7c76{/,file:///tmp/jetty-0.0.0.0-36109-hddsDatanode-_-any-1442148893055721116.dir/webapp/,AVAILABLE}{/hddsDatanode}
2019-09-24 18:14:56,619 [main] INFO  server.AbstractConnector (AbstractConnector.java:doStart(278)) - Started ServerConnector@4745e9c{HTTP/1.1,[http/1.1]}{0.0.0.0:36109}
2019-09-24 18:14:56,619 [main] INFO  server.Server (Server.java:doStart(419)) - Started @19497ms
2019-09-24 18:14:56,620 [main] WARN  impl.MetricsSystemImpl (MetricsSystemImpl.java:register(276)) - Sink prometheus already exists!
2019-09-24 18:14:56,621 [main] INFO  server.BaseHttpServer (BaseHttpServer.java:updateConnectorAddress(215)) - HTTP server of HDDSDATANODE is listening at http://0.0.0.0:36109
2019-09-24 18:14:56,621 [main] INFO  impl.MetricsSystemImpl (MetricsSystemImpl.java:init(158)) - HddsDatanode metrics system started (again)
2019-09-24 18:14:56,625 [org.apache.hadoop.util.JvmPauseMonitor$Monitor@62bf9720] INFO  util.JvmPauseMonitor (JvmPauseMonitor.java:run(188)) - Starting JVM pause monitor
2019-09-24 18:14:56,626 [main] INFO  ozone.HddsDatanodeService (HddsDatanodeService.java:start(184)) - HddsDatanodeService host:pr-hdds-2171-6l6hb-1841322612 ip:192.168.36.84
2019-09-24 18:14:56,629 [Datanode State Machine Thread - 0] INFO  datanode.InitDatanodeState (InitDatanodeState.java:persistContainerDatanodeDetails(140)) - DatanodeDetails is persisted to /workdir/hadoop-ozone/integration-test/target/test-dir/MiniOzoneClusterImpl-4070120b-f2bf-49a1-ba82-0323cc680d8e/datanode-2/meta/datanode.id
2019-09-24 18:14:56,633 [main] INFO  volume.HddsVolume (HddsVolume.java:<init>(176)) - Creating Volume: /workdir/hadoop-ozone/integration-test/target/test-dir/MiniOzoneClusterImpl-4070120b-f2bf-49a1-ba82-0323cc680d8e/datanode-3/data/containers/hdds of  storage type : DISK and capacity : 1482555576320
2019-09-24 18:14:56,634 [main] INFO  volume.VolumeSet (VolumeSet.java:initializeVolumeSet(170)) - Added Volume : /workdir/hadoop-ozone/integration-test/target/test-dir/MiniOzoneClusterImpl-4070120b-f2bf-49a1-ba82-0323cc680d8e/datanode-3/data/containers/hdds to VolumeSet
2019-09-24 18:14:56,634 [main] INFO  volume.ThrottledAsyncChecker (ThrottledAsyncChecker.java:schedule(139)) - Scheduling a check for org.apache.hadoop.ozone.container.common.volume.HddsVolume@74174a23
2019-09-24 18:14:56,634 [main] INFO  volume.HddsVolumeChecker (HddsVolumeChecker.java:checkAllVolumes(202)) - Scheduled health check for volume org.apache.hadoop.ozone.container.common.volume.HddsVolume@74174a23
2019-09-24 18:14:56,654 [main] INFO  impl.RaftServerProxy (ConfUtils.java:logGet(43)) - raft.rpc.type = GRPC (default)
2019-09-24 18:14:56,655 [main] INFO  grpc.GrpcFactory (GrpcFactory.java:checkPooledByteBufAllocatorUseCacheForAllThreads(45)) - PERFORMANCE WARNING: useCacheForAllThreads is true that may cause Netty to create a lot garbage objects and, as a result, trigger GC.
	It is recommended to disable useCacheForAllThreads by setting -Dorg.apache.ratis.thirdparty.io.netty.allocator.useCacheForAllThreads=false in command line.
2019-09-24 18:14:56,655 [main] INFO  grpc.GrpcConfigKeys$Server (ConfUtils.java:logGet(43)) - raft.grpc.server.port = 0 (default)
2019-09-24 18:14:56,655 [main] INFO  server.GrpcService (ConfUtils.java:logGet(43)) - raft.grpc.message.size.max = 33570816 (custom)
2019-09-24 18:14:56,656 [main] INFO  server.RaftServerConfigKeys (ConfUtils.java:logGet(43)) - raft.server.log.appender.buffer.byte-limit = 33554432 (custom)
2019-09-24 18:14:56,656 [main] INFO  server.GrpcService (ConfUtils.java:logGet(43)) - raft.grpc.flow.control.window = 1MB (=1048576) (default)
2019-09-24 18:14:56,656 [main] INFO  server.RaftServerConfigKeys (ConfUtils.java:logGet(43)) - raft.server.rpc.request.timeout = 3000ms (default)
2019-09-24 18:14:56,658 [main] INFO  server.RaftServerConfigKeys (ConfUtils.java:logGet(43)) - raft.server.storage.dir = [/workdir/hadoop-ozone/integration-test/target/test-dir/MiniOzoneClusterImpl-4070120b-f2bf-49a1-ba82-0323cc680d8e/datanode-3/data/ratis] (custom)
2019-09-24 18:14:56,659 [main] INFO  hdfs.DFSUtil (DFSUtil.java:httpServerTemplateForNNAndJN(1641)) - Starting Web-server for hddsDatanode at: http://0.0.0.0:0
2019-09-24 18:14:56,661 [main] INFO  server.AuthenticationFilter (AuthenticationFilter.java:constructSecretProvider(240)) - Unable to initialize FileSignerSecretProvider, falling back to use random secrets.
2019-09-24 18:14:56,661 [main] WARN  http.HttpRequestLog (HttpRequestLog.java:getRequestLog(97)) - Jetty request log can only be enabled using Log4j
2019-09-24 18:14:56,663 [main] INFO  http.HttpServer2 (HttpServer2.java:addGlobalFilter(975)) - Added global filter 'safety' (class=org.apache.hadoop.http.HttpServer2$QuotingInputFilter)
2019-09-24 18:14:56,664 [main] INFO  http.HttpServer2 (HttpServer2.java:addFilter(948)) - Added filter static_user_filter (class=org.apache.hadoop.http.lib.StaticUserWebFilter$StaticUserFilter) to context hddsDatanode
2019-09-24 18:14:56,664 [main] INFO  http.HttpServer2 (HttpServer2.java:addFilter(958)) - Added filter static_user_filter (class=org.apache.hadoop.http.lib.StaticUserWebFilter$StaticUserFilter) to context logs
2019-09-24 18:14:56,664 [main] INFO  http.HttpServer2 (HttpServer2.java:addFilter(958)) - Added filter static_user_filter (class=org.apache.hadoop.http.lib.StaticUserWebFilter$StaticUserFilter) to context static
2019-09-24 18:14:56,665 [main] INFO  http.HttpServer2 (HttpServer2.java:bindListener(1191)) - Jetty bound to port 45143
2019-09-24 18:14:56,665 [main] INFO  server.Server (Server.java:doStart(351)) - jetty-9.3.25.v20180904, build timestamp: 2018-09-04T21:11:46Z, git hash: 3ce520221d0240229c862b122d2b06c12a625732
2019-09-24 18:14:56,667 [main] INFO  handler.ContextHandler (ContextHandler.java:doStart(781)) - Started o.e.j.s.ServletContextHandler@443effcb{/logs,file:///workdir/hadoop-ozone/integration-test/target/log,AVAILABLE}
2019-09-24 18:14:56,667 [main] INFO  handler.ContextHandler (ContextHandler.java:doStart(781)) - Started o.e.j.s.ServletContextHandler@517a2b0{/static,jar:file:/home/user/.m2/repository/org/apache/hadoop/hadoop-hdds-container-service/0.5.0-SNAPSHOT/hadoop-hdds-container-service-0.5.0-SNAPSHOT.jar!/webapps/static,AVAILABLE}
2019-09-24 18:14:56,703 [main] INFO  handler.ContextHandler (ContextHandler.java:doStart(781)) - Started o.e.j.w.WebAppContext@102c577f{/,file:///tmp/jetty-0.0.0.0-45143-hddsDatanode-_-any-4298093396770120653.dir/webapp/,AVAILABLE}{/hddsDatanode}
2019-09-24 18:14:56,704 [main] INFO  server.AbstractConnector (AbstractConnector.java:doStart(278)) - Started ServerConnector@7d44a19{HTTP/1.1,[http/1.1]}{0.0.0.0:45143}
2019-09-24 18:14:56,704 [main] INFO  server.Server (Server.java:doStart(419)) - Started @19582ms
2019-09-24 18:14:56,704 [main] WARN  impl.MetricsSystemImpl (MetricsSystemImpl.java:register(276)) - Sink prometheus already exists!
2019-09-24 18:14:56,705 [main] INFO  server.BaseHttpServer (BaseHttpServer.java:updateConnectorAddress(215)) - HTTP server of HDDSDATANODE is listening at http://0.0.0.0:45143
2019-09-24 18:14:56,706 [main] INFO  impl.MetricsSystemImpl (MetricsSystemImpl.java:init(158)) - HddsDatanode metrics system started (again)
2019-09-24 18:14:56,709 [org.apache.hadoop.util.JvmPauseMonitor$Monitor@3f4eda71] INFO  util.JvmPauseMonitor (JvmPauseMonitor.java:run(188)) - Starting JVM pause monitor
2019-09-24 18:14:56,709 [main] INFO  ozone.HddsDatanodeService (HddsDatanodeService.java:start(184)) - HddsDatanodeService host:pr-hdds-2171-6l6hb-1841322612 ip:192.168.36.84
2019-09-24 18:14:56,712 [Datanode State Machine Thread - 0] INFO  datanode.InitDatanodeState (InitDatanodeState.java:persistContainerDatanodeDetails(140)) - DatanodeDetails is persisted to /workdir/hadoop-ozone/integration-test/target/test-dir/MiniOzoneClusterImpl-4070120b-f2bf-49a1-ba82-0323cc680d8e/datanode-3/meta/datanode.id
2019-09-24 18:14:56,717 [main] INFO  volume.HddsVolume (HddsVolume.java:<init>(176)) - Creating Volume: /workdir/hadoop-ozone/integration-test/target/test-dir/MiniOzoneClusterImpl-4070120b-f2bf-49a1-ba82-0323cc680d8e/datanode-4/data/containers/hdds of  storage type : DISK and capacity : 1482555576320
2019-09-24 18:14:56,717 [main] INFO  volume.VolumeSet (VolumeSet.java:initializeVolumeSet(170)) - Added Volume : /workdir/hadoop-ozone/integration-test/target/test-dir/MiniOzoneClusterImpl-4070120b-f2bf-49a1-ba82-0323cc680d8e/datanode-4/data/containers/hdds to VolumeSet
2019-09-24 18:14:56,718 [main] INFO  volume.ThrottledAsyncChecker (ThrottledAsyncChecker.java:schedule(139)) - Scheduling a check for org.apache.hadoop.ozone.container.common.volume.HddsVolume@18b8d173
2019-09-24 18:14:56,718 [main] INFO  volume.HddsVolumeChecker (HddsVolumeChecker.java:checkAllVolumes(202)) - Scheduled health check for volume org.apache.hadoop.ozone.container.common.volume.HddsVolume@18b8d173
2019-09-24 18:14:56,733 [main] INFO  impl.RaftServerProxy (ConfUtils.java:logGet(43)) - raft.rpc.type = GRPC (default)
2019-09-24 18:14:56,733 [main] INFO  grpc.GrpcFactory (GrpcFactory.java:checkPooledByteBufAllocatorUseCacheForAllThreads(45)) - PERFORMANCE WARNING: useCacheForAllThreads is true that may cause Netty to create a lot garbage objects and, as a result, trigger GC.
	It is recommended to disable useCacheForAllThreads by setting -Dorg.apache.ratis.thirdparty.io.netty.allocator.useCacheForAllThreads=false in command line.
2019-09-24 18:14:56,733 [main] INFO  grpc.GrpcConfigKeys$Server (ConfUtils.java:logGet(43)) - raft.grpc.server.port = 0 (default)
2019-09-24 18:14:56,733 [main] INFO  server.GrpcService (ConfUtils.java:logGet(43)) - raft.grpc.message.size.max = 33570816 (custom)
2019-09-24 18:14:56,734 [main] INFO  server.RaftServerConfigKeys (ConfUtils.java:logGet(43)) - raft.server.log.appender.buffer.byte-limit = 33554432 (custom)
2019-09-24 18:14:56,734 [main] INFO  server.GrpcService (ConfUtils.java:logGet(43)) - raft.grpc.flow.control.window = 1MB (=1048576) (default)
2019-09-24 18:14:56,734 [main] INFO  server.RaftServerConfigKeys (ConfUtils.java:logGet(43)) - raft.server.rpc.request.timeout = 3000ms (default)
2019-09-24 18:14:56,735 [main] INFO  server.RaftServerConfigKeys (ConfUtils.java:logGet(43)) - raft.server.storage.dir = [/workdir/hadoop-ozone/integration-test/target/test-dir/MiniOzoneClusterImpl-4070120b-f2bf-49a1-ba82-0323cc680d8e/datanode-4/data/ratis] (custom)
2019-09-24 18:14:56,736 [main] INFO  hdfs.DFSUtil (DFSUtil.java:httpServerTemplateForNNAndJN(1641)) - Starting Web-server for hddsDatanode at: http://0.0.0.0:0
2019-09-24 18:14:56,738 [main] INFO  server.AuthenticationFilter (AuthenticationFilter.java:constructSecretProvider(240)) - Unable to initialize FileSignerSecretProvider, falling back to use random secrets.
2019-09-24 18:14:56,738 [main] WARN  http.HttpRequestLog (HttpRequestLog.java:getRequestLog(97)) - Jetty request log can only be enabled using Log4j
2019-09-24 18:14:56,739 [main] INFO  http.HttpServer2 (HttpServer2.java:addGlobalFilter(975)) - Added global filter 'safety' (class=org.apache.hadoop.http.HttpServer2$QuotingInputFilter)
2019-09-24 18:14:56,740 [main] INFO  http.HttpServer2 (HttpServer2.java:addFilter(948)) - Added filter static_user_filter (class=org.apache.hadoop.http.lib.StaticUserWebFilter$StaticUserFilter) to context hddsDatanode
2019-09-24 18:14:56,740 [main] INFO  http.HttpServer2 (HttpServer2.java:addFilter(958)) - Added filter static_user_filter (class=org.apache.hadoop.http.lib.StaticUserWebFilter$StaticUserFilter) to context logs
2019-09-24 18:14:56,740 [main] INFO  http.HttpServer2 (HttpServer2.java:addFilter(958)) - Added filter static_user_filter (class=org.apache.hadoop.http.lib.StaticUserWebFilter$StaticUserFilter) to context static
2019-09-24 18:14:56,741 [main] INFO  http.HttpServer2 (HttpServer2.java:bindListener(1191)) - Jetty bound to port 41924
2019-09-24 18:14:56,741 [main] INFO  server.Server (Server.java:doStart(351)) - jetty-9.3.25.v20180904, build timestamp: 2018-09-04T21:11:46Z, git hash: 3ce520221d0240229c862b122d2b06c12a625732
2019-09-24 18:14:56,743 [main] INFO  handler.ContextHandler (ContextHandler.java:doStart(781)) - Started o.e.j.s.ServletContextHandler@2f4c2cd4{/logs,file:///workdir/hadoop-ozone/integration-test/target/log,AVAILABLE}
2019-09-24 18:14:56,744 [main] INFO  handler.ContextHandler (ContextHandler.java:doStart(781)) - Started o.e.j.s.ServletContextHandler@333c8791{/static,jar:file:/home/user/.m2/repository/org/apache/hadoop/hadoop-hdds-container-service/0.5.0-SNAPSHOT/hadoop-hdds-container-service-0.5.0-SNAPSHOT.jar!/webapps/static,AVAILABLE}
2019-09-24 18:14:56,772 [main] INFO  handler.ContextHandler (ContextHandler.java:doStart(781)) - Started o.e.j.w.WebAppContext@3204e238{/,file:///tmp/jetty-0.0.0.0-41924-hddsDatanode-_-any-6337674450556636538.dir/webapp/,AVAILABLE}{/hddsDatanode}
2019-09-24 18:14:56,773 [main] INFO  server.AbstractConnector (AbstractConnector.java:doStart(278)) - Started ServerConnector@38ed139b{HTTP/1.1,[http/1.1]}{0.0.0.0:41924}
2019-09-24 18:14:56,774 [main] INFO  server.Server (Server.java:doStart(419)) - Started @19652ms
2019-09-24 18:14:56,774 [main] WARN  impl.MetricsSystemImpl (MetricsSystemImpl.java:register(276)) - Sink prometheus already exists!
2019-09-24 18:14:56,775 [main] INFO  server.BaseHttpServer (BaseHttpServer.java:updateConnectorAddress(215)) - HTTP server of HDDSDATANODE is listening at http://0.0.0.0:41924
2019-09-24 18:14:56,775 [main] INFO  impl.MetricsSystemImpl (MetricsSystemImpl.java:init(158)) - HddsDatanode metrics system started (again)
2019-09-24 18:14:56,780 [org.apache.hadoop.util.JvmPauseMonitor$Monitor@4c3dcd9b] INFO  util.JvmPauseMonitor (JvmPauseMonitor.java:run(188)) - Starting JVM pause monitor
2019-09-24 18:14:56,781 [main] INFO  ozone.HddsDatanodeService (HddsDatanodeService.java:start(184)) - HddsDatanodeService host:pr-hdds-2171-6l6hb-1841322612 ip:192.168.36.84
2019-09-24 18:14:56,783 [Datanode State Machine Thread - 0] INFO  datanode.InitDatanodeState (InitDatanodeState.java:persistContainerDatanodeDetails(140)) - DatanodeDetails is persisted to /workdir/hadoop-ozone/integration-test/target/test-dir/MiniOzoneClusterImpl-4070120b-f2bf-49a1-ba82-0323cc680d8e/datanode-4/meta/datanode.id
2019-09-24 18:14:56,790 [main] INFO  volume.HddsVolume (HddsVolume.java:<init>(176)) - Creating Volume: /workdir/hadoop-ozone/integration-test/target/test-dir/MiniOzoneClusterImpl-4070120b-f2bf-49a1-ba82-0323cc680d8e/datanode-5/data/containers/hdds of  storage type : DISK and capacity : 1482555576320
2019-09-24 18:14:56,790 [main] INFO  volume.VolumeSet (VolumeSet.java:initializeVolumeSet(170)) - Added Volume : /workdir/hadoop-ozone/integration-test/target/test-dir/MiniOzoneClusterImpl-4070120b-f2bf-49a1-ba82-0323cc680d8e/datanode-5/data/containers/hdds to VolumeSet
2019-09-24 18:14:56,791 [main] INFO  volume.ThrottledAsyncChecker (ThrottledAsyncChecker.java:schedule(139)) - Scheduling a check for org.apache.hadoop.ozone.container.common.volume.HddsVolume@56637cff
2019-09-24 18:14:56,792 [main] INFO  volume.HddsVolumeChecker (HddsVolumeChecker.java:checkAllVolumes(202)) - Scheduled health check for volume org.apache.hadoop.ozone.container.common.volume.HddsVolume@56637cff
2019-09-24 18:14:56,814 [main] INFO  impl.RaftServerProxy (ConfUtils.java:logGet(43)) - raft.rpc.type = GRPC (default)
2019-09-24 18:14:56,814 [main] INFO  grpc.GrpcFactory (GrpcFactory.java:checkPooledByteBufAllocatorUseCacheForAllThreads(45)) - PERFORMANCE WARNING: useCacheForAllThreads is true that may cause Netty to create a lot garbage objects and, as a result, trigger GC.
	It is recommended to disable useCacheForAllThreads by setting -Dorg.apache.ratis.thirdparty.io.netty.allocator.useCacheForAllThreads=false in command line.
2019-09-24 18:14:56,815 [main] INFO  grpc.GrpcConfigKeys$Server (ConfUtils.java:logGet(43)) - raft.grpc.server.port = 0 (default)
2019-09-24 18:14:56,815 [main] INFO  server.GrpcService (ConfUtils.java:logGet(43)) - raft.grpc.message.size.max = 33570816 (custom)
2019-09-24 18:14:56,815 [main] INFO  server.RaftServerConfigKeys (ConfUtils.java:logGet(43)) - raft.server.log.appender.buffer.byte-limit = 33554432 (custom)
2019-09-24 18:14:56,816 [main] INFO  server.GrpcService (ConfUtils.java:logGet(43)) - raft.grpc.flow.control.window = 1MB (=1048576) (default)
2019-09-24 18:14:56,816 [main] INFO  server.RaftServerConfigKeys (ConfUtils.java:logGet(43)) - raft.server.rpc.request.timeout = 3000ms (default)
2019-09-24 18:14:56,817 [main] INFO  server.RaftServerConfigKeys (ConfUtils.java:logGet(43)) - raft.server.storage.dir = [/workdir/hadoop-ozone/integration-test/target/test-dir/MiniOzoneClusterImpl-4070120b-f2bf-49a1-ba82-0323cc680d8e/datanode-5/data/ratis] (custom)
2019-09-24 18:14:56,819 [main] INFO  hdfs.DFSUtil (DFSUtil.java:httpServerTemplateForNNAndJN(1641)) - Starting Web-server for hddsDatanode at: http://0.0.0.0:0
2019-09-24 18:14:56,821 [main] INFO  server.AuthenticationFilter (AuthenticationFilter.java:constructSecretProvider(240)) - Unable to initialize FileSignerSecretProvider, falling back to use random secrets.
2019-09-24 18:14:56,821 [main] WARN  http.HttpRequestLog (HttpRequestLog.java:getRequestLog(97)) - Jetty request log can only be enabled using Log4j
2019-09-24 18:14:56,823 [main] INFO  http.HttpServer2 (HttpServer2.java:addGlobalFilter(975)) - Added global filter 'safety' (class=org.apache.hadoop.http.HttpServer2$QuotingInputFilter)
2019-09-24 18:14:56,824 [main] INFO  http.HttpServer2 (HttpServer2.java:addFilter(948)) - Added filter static_user_filter (class=org.apache.hadoop.http.lib.StaticUserWebFilter$StaticUserFilter) to context hddsDatanode
2019-09-24 18:14:56,824 [main] INFO  http.HttpServer2 (HttpServer2.java:addFilter(958)) - Added filter static_user_filter (class=org.apache.hadoop.http.lib.StaticUserWebFilter$StaticUserFilter) to context static
2019-09-24 18:14:56,825 [main] INFO  http.HttpServer2 (HttpServer2.java:addFilter(958)) - Added filter static_user_filter (class=org.apache.hadoop.http.lib.StaticUserWebFilter$StaticUserFilter) to context logs
2019-09-24 18:14:56,826 [main] INFO  http.HttpServer2 (HttpServer2.java:bindListener(1191)) - Jetty bound to port 36459
2019-09-24 18:14:56,826 [main] INFO  server.Server (Server.java:doStart(351)) - jetty-9.3.25.v20180904, build timestamp: 2018-09-04T21:11:46Z, git hash: 3ce520221d0240229c862b122d2b06c12a625732
2019-09-24 18:14:56,829 [main] INFO  handler.ContextHandler (ContextHandler.java:doStart(781)) - Started o.e.j.s.ServletContextHandler@3a66e67e{/logs,file:///workdir/hadoop-ozone/integration-test/target/log,AVAILABLE}
2019-09-24 18:14:56,830 [main] INFO  handler.ContextHandler (ContextHandler.java:doStart(781)) - Started o.e.j.s.ServletContextHandler@4596f8f3{/static,jar:file:/home/user/.m2/repository/org/apache/hadoop/hadoop-hdds-container-service/0.5.0-SNAPSHOT/hadoop-hdds-container-service-0.5.0-SNAPSHOT.jar!/webapps/static,AVAILABLE}
2019-09-24 18:14:56,875 [main] INFO  handler.ContextHandler (ContextHandler.java:doStart(781)) - Started o.e.j.w.WebAppContext@74fab04a{/,file:///tmp/jetty-0.0.0.0-36459-hddsDatanode-_-any-7814609066727892067.dir/webapp/,AVAILABLE}{/hddsDatanode}
2019-09-24 18:14:56,875 [main] INFO  server.AbstractConnector (AbstractConnector.java:doStart(278)) - Started ServerConnector@3c83468e{HTTP/1.1,[http/1.1]}{0.0.0.0:36459}
2019-09-24 18:14:56,876 [main] INFO  server.Server (Server.java:doStart(419)) - Started @19754ms
2019-09-24 18:14:56,877 [main] WARN  impl.MetricsSystemImpl (MetricsSystemImpl.java:register(276)) - Sink prometheus already exists!
2019-09-24 18:14:56,878 [main] INFO  server.BaseHttpServer (BaseHttpServer.java:updateConnectorAddress(215)) - HTTP server of HDDSDATANODE is listening at http://0.0.0.0:36459
2019-09-24 18:14:56,878 [main] INFO  impl.MetricsSystemImpl (MetricsSystemImpl.java:init(158)) - HddsDatanode metrics system started (again)
2019-09-24 18:14:56,883 [org.apache.hadoop.util.JvmPauseMonitor$Monitor@6b542236] INFO  util.JvmPauseMonitor (JvmPauseMonitor.java:run(188)) - Starting JVM pause monitor
2019-09-24 18:14:56,884 [main] INFO  ozone.HddsDatanodeService (HddsDatanodeService.java:start(184)) - HddsDatanodeService host:pr-hdds-2171-6l6hb-1841322612 ip:192.168.36.84
2019-09-24 18:14:56,885 [Datanode State Machine Thread - 0] INFO  datanode.InitDatanodeState (InitDatanodeState.java:persistContainerDatanodeDetails(140)) - DatanodeDetails is persisted to /workdir/hadoop-ozone/integration-test/target/test-dir/MiniOzoneClusterImpl-4070120b-f2bf-49a1-ba82-0323cc680d8e/datanode-5/meta/datanode.id
2019-09-24 18:14:56,893 [main] INFO  volume.HddsVolume (HddsVolume.java:<init>(176)) - Creating Volume: /workdir/hadoop-ozone/integration-test/target/test-dir/MiniOzoneClusterImpl-4070120b-f2bf-49a1-ba82-0323cc680d8e/datanode-6/data/containers/hdds of  storage type : DISK and capacity : 1482555576320
2019-09-24 18:14:56,894 [main] INFO  volume.VolumeSet (VolumeSet.java:initializeVolumeSet(170)) - Added Volume : /workdir/hadoop-ozone/integration-test/target/test-dir/MiniOzoneClusterImpl-4070120b-f2bf-49a1-ba82-0323cc680d8e/datanode-6/data/containers/hdds to VolumeSet
2019-09-24 18:14:56,895 [main] INFO  volume.ThrottledAsyncChecker (ThrottledAsyncChecker.java:schedule(139)) - Scheduling a check for org.apache.hadoop.ozone.container.common.volume.HddsVolume@788ddc1f
2019-09-24 18:14:56,895 [main] INFO  volume.HddsVolumeChecker (HddsVolumeChecker.java:checkAllVolumes(202)) - Scheduled health check for volume org.apache.hadoop.ozone.container.common.volume.HddsVolume@788ddc1f
2019-09-24 18:14:56,919 [main] INFO  impl.RaftServerProxy (ConfUtils.java:logGet(43)) - raft.rpc.type = GRPC (default)
2019-09-24 18:14:56,919 [main] INFO  grpc.GrpcFactory (GrpcFactory.java:checkPooledByteBufAllocatorUseCacheForAllThreads(45)) - PERFORMANCE WARNING: useCacheForAllThreads is true that may cause Netty to create a lot garbage objects and, as a result, trigger GC.
	It is recommended to disable useCacheForAllThreads by setting -Dorg.apache.ratis.thirdparty.io.netty.allocator.useCacheForAllThreads=false in command line.
2019-09-24 18:14:56,920 [main] INFO  grpc.GrpcConfigKeys$Server (ConfUtils.java:logGet(43)) - raft.grpc.server.port = 0 (default)
2019-09-24 18:14:56,920 [main] INFO  server.GrpcService (ConfUtils.java:logGet(43)) - raft.grpc.message.size.max = 33570816 (custom)
2019-09-24 18:14:56,920 [main] INFO  server.RaftServerConfigKeys (ConfUtils.java:logGet(43)) - raft.server.log.appender.buffer.byte-limit = 33554432 (custom)
2019-09-24 18:14:56,921 [main] INFO  server.GrpcService (ConfUtils.java:logGet(43)) - raft.grpc.flow.control.window = 1MB (=1048576) (default)
2019-09-24 18:14:56,921 [main] INFO  server.RaftServerConfigKeys (ConfUtils.java:logGet(43)) - raft.server.rpc.request.timeout = 3000ms (default)
2019-09-24 18:14:56,922 [main] INFO  server.RaftServerConfigKeys (ConfUtils.java:logGet(43)) - raft.server.storage.dir = [/workdir/hadoop-ozone/integration-test/target/test-dir/MiniOzoneClusterImpl-4070120b-f2bf-49a1-ba82-0323cc680d8e/datanode-6/data/ratis] (custom)
2019-09-24 18:14:56,924 [main] INFO  hdfs.DFSUtil (DFSUtil.java:httpServerTemplateForNNAndJN(1641)) - Starting Web-server for hddsDatanode at: http://0.0.0.0:0
2019-09-24 18:14:56,926 [main] INFO  server.AuthenticationFilter (AuthenticationFilter.java:constructSecretProvider(240)) - Unable to initialize FileSignerSecretProvider, falling back to use random secrets.
2019-09-24 18:14:56,926 [main] WARN  http.HttpRequestLog (HttpRequestLog.java:getRequestLog(97)) - Jetty request log can only be enabled using Log4j
2019-09-24 18:14:56,929 [main] INFO  http.HttpServer2 (HttpServer2.java:addGlobalFilter(975)) - Added global filter 'safety' (class=org.apache.hadoop.http.HttpServer2$QuotingInputFilter)
2019-09-24 18:14:56,930 [main] INFO  http.HttpServer2 (HttpServer2.java:addFilter(948)) - Added filter static_user_filter (class=org.apache.hadoop.http.lib.StaticUserWebFilter$StaticUserFilter) to context hddsDatanode
2019-09-24 18:14:56,930 [main] INFO  http.HttpServer2 (HttpServer2.java:addFilter(958)) - Added filter static_user_filter (class=org.apache.hadoop.http.lib.StaticUserWebFilter$StaticUserFilter) to context logs
2019-09-24 18:14:56,930 [main] INFO  http.HttpServer2 (HttpServer2.java:addFilter(958)) - Added filter static_user_filter (class=org.apache.hadoop.http.lib.StaticUserWebFilter$StaticUserFilter) to context static
2019-09-24 18:14:56,931 [main] INFO  http.HttpServer2 (HttpServer2.java:bindListener(1191)) - Jetty bound to port 40477
2019-09-24 18:14:56,931 [main] INFO  server.Server (Server.java:doStart(351)) - jetty-9.3.25.v20180904, build timestamp: 2018-09-04T21:11:46Z, git hash: 3ce520221d0240229c862b122d2b06c12a625732
2019-09-24 18:14:56,933 [main] INFO  handler.ContextHandler (ContextHandler.java:doStart(781)) - Started o.e.j.s.ServletContextHandler@173a6728{/logs,file:///workdir/hadoop-ozone/integration-test/target/log,AVAILABLE}
2019-09-24 18:14:56,934 [main] INFO  handler.ContextHandler (ContextHandler.java:doStart(781)) - Started o.e.j.s.ServletContextHandler@67514bdd{/static,jar:file:/home/user/.m2/repository/org/apache/hadoop/hadoop-hdds-container-service/0.5.0-SNAPSHOT/hadoop-hdds-container-service-0.5.0-SNAPSHOT.jar!/webapps/static,AVAILABLE}
2019-09-24 18:14:56,973 [main] INFO  handler.ContextHandler (ContextHandler.java:doStart(781)) - Started o.e.j.w.WebAppContext@a2341c6{/,file:///tmp/jetty-0.0.0.0-40477-hddsDatanode-_-any-1887233215853909443.dir/webapp/,AVAILABLE}{/hddsDatanode}
2019-09-24 18:14:56,975 [main] INFO  server.AbstractConnector (AbstractConnector.java:doStart(278)) - Started ServerConnector@6e4c0d8c{HTTP/1.1,[http/1.1]}{0.0.0.0:40477}
2019-09-24 18:14:56,976 [main] INFO  server.Server (Server.java:doStart(419)) - Started @19853ms
2019-09-24 18:14:56,976 [main] WARN  impl.MetricsSystemImpl (MetricsSystemImpl.java:register(276)) - Sink prometheus already exists!
2019-09-24 18:14:56,977 [main] INFO  server.BaseHttpServer (BaseHttpServer.java:updateConnectorAddress(215)) - HTTP server of HDDSDATANODE is listening at http://0.0.0.0:40477
2019-09-24 18:14:56,980 [main] INFO  ozone.MiniOzoneClusterImpl (MiniOzoneClusterImpl.java:lambda$waitForClusterToBeReady$0(147)) - Waiting for cluster to be ready. Got 0 of 7 DN Heartbeats.
2019-09-24 18:14:56,980 [org.apache.hadoop.util.JvmPauseMonitor$Monitor@25ce980c] INFO  util.JvmPauseMonitor (JvmPauseMonitor.java:run(188)) - Starting JVM pause monitor
2019-09-24 18:14:56,983 [Datanode State Machine Thread - 0] INFO  datanode.InitDatanodeState (InitDatanodeState.java:persistContainerDatanodeDetails(140)) - DatanodeDetails is persisted to /workdir/hadoop-ozone/integration-test/target/test-dir/MiniOzoneClusterImpl-4070120b-f2bf-49a1-ba82-0323cc680d8e/datanode-6/meta/datanode.id
2019-09-24 18:14:57,980 [main] INFO  ozone.MiniOzoneClusterImpl (MiniOzoneClusterImpl.java:lambda$waitForClusterToBeReady$0(147)) - Waiting for cluster to be ready. Got 0 of 7 DN Heartbeats.
2019-09-24 18:14:58,982 [main] INFO  ozone.MiniOzoneClusterImpl (MiniOzoneClusterImpl.java:lambda$waitForClusterToBeReady$0(147)) - Waiting for cluster to be ready. Got 0 of 7 DN Heartbeats.
2019-09-24 18:14:59,983 [main] INFO  ozone.MiniOzoneClusterImpl (MiniOzoneClusterImpl.java:lambda$waitForClusterToBeReady$0(147)) - Waiting for cluster to be ready. Got 0 of 7 DN Heartbeats.
2019-09-24 18:15:00,983 [main] INFO  ozone.MiniOzoneClusterImpl (MiniOzoneClusterImpl.java:lambda$waitForClusterToBeReady$0(147)) - Waiting for cluster to be ready. Got 0 of 7 DN Heartbeats.
2019-09-24 18:15:01,984 [main] INFO  ozone.MiniOzoneClusterImpl (MiniOzoneClusterImpl.java:lambda$waitForClusterToBeReady$0(147)) - Waiting for cluster to be ready. Got 0 of 7 DN Heartbeats.
2019-09-24 18:15:02,985 [main] INFO  ozone.MiniOzoneClusterImpl (MiniOzoneClusterImpl.java:lambda$waitForClusterToBeReady$0(147)) - Waiting for cluster to be ready. Got 0 of 7 DN Heartbeats.
2019-09-24 18:15:03,986 [main] INFO  ozone.MiniOzoneClusterImpl (MiniOzoneClusterImpl.java:lambda$waitForClusterToBeReady$0(147)) - Waiting for cluster to be ready. Got 0 of 7 DN Heartbeats.
2019-09-24 18:15:04,482 [Datanode State Machine Thread - 0] INFO  ozoneimpl.OzoneContainer (OzoneContainer.java:start(217)) - Attempting to start container services.
2019-09-24 18:15:04,482 [Datanode State Machine Thread - 0] INFO  ozoneimpl.OzoneContainer (OzoneContainer.java:start(217)) - Attempting to start container services.
2019-09-24 18:15:04,490 [Datanode State Machine Thread - 0] INFO  ozoneimpl.OzoneContainer (OzoneContainer.java:startContainerScrub(179)) - Background container scanner has been disabled.
2019-09-24 18:15:04,490 [Datanode State Machine Thread - 0] INFO  ozoneimpl.OzoneContainer (OzoneContainer.java:startContainerScrub(179)) - Background container scanner has been disabled.
2019-09-24 18:15:04,490 [Datanode State Machine Thread - 0] INFO  ratis.XceiverServerRatis (XceiverServerRatis.java:start(411)) - Starting XceiverServerRatis 4e7f1cb9-4633-45c3-85c0-9982b1655b51 at port 0
2019-09-24 18:15:04,490 [Datanode State Machine Thread - 0] INFO  ratis.XceiverServerRatis (XceiverServerRatis.java:start(411)) - Starting XceiverServerRatis cc57ff12-eff1-4638-92e6-a0c4c8847ee4 at port 0
2019-09-24 18:15:04,521 [Datanode State Machine Thread - 0] INFO  impl.RaftServerProxy (RaftServerProxy.java:lambda$start$3(299)) - cc57ff12-eff1-4638-92e6-a0c4c8847ee4: start RPC server
2019-09-24 18:15:04,521 [Datanode State Machine Thread - 0] INFO  impl.RaftServerProxy (RaftServerProxy.java:lambda$start$3(299)) - 4e7f1cb9-4633-45c3-85c0-9982b1655b51: start RPC server
2019-09-24 18:15:04,662 [Datanode State Machine Thread - 0] INFO  server.GrpcService (GrpcService.java:startImpl(158)) - 4e7f1cb9-4633-45c3-85c0-9982b1655b51: GrpcService started, listening on 0.0.0.0/0.0.0.0:40637
2019-09-24 18:15:04,662 [Datanode State Machine Thread - 0] INFO  server.GrpcService (GrpcService.java:startImpl(158)) - cc57ff12-eff1-4638-92e6-a0c4c8847ee4: GrpcService started, listening on 0.0.0.0/0.0.0.0:34612
2019-09-24 18:15:04,663 [Datanode State Machine Thread - 0] INFO  ratis.XceiverServerRatis (XceiverServerRatis.java:start(421)) - XceiverServerRatis 4e7f1cb9-4633-45c3-85c0-9982b1655b51 is started using port 40637
2019-09-24 18:15:04,664 [Datanode State Machine Thread - 0] INFO  ratis.XceiverServerRatis (XceiverServerRatis.java:start(421)) - XceiverServerRatis cc57ff12-eff1-4638-92e6-a0c4c8847ee4 is started using port 34612
2019-09-24 18:15:04,668 [Datanode State Machine Thread - 0] INFO  server.XceiverServerGrpc (XceiverServerGrpc.java:start(149)) - XceiverServerGrpc 4e7f1cb9-4633-45c3-85c0-9982b1655b51 is started using port 38603
2019-09-24 18:15:04,668 [Datanode State Machine Thread - 0] INFO  server.XceiverServerGrpc (XceiverServerGrpc.java:start(149)) - XceiverServerGrpc cc57ff12-eff1-4638-92e6-a0c4c8847ee4 is started using port 40779
2019-09-24 18:15:04,986 [main] INFO  ozone.MiniOzoneClusterImpl (MiniOzoneClusterImpl.java:lambda$waitForClusterToBeReady$0(147)) - Waiting for cluster to be ready. Got 0 of 7 DN Heartbeats.
2019-09-24 18:15:05,987 [main] INFO  ozone.MiniOzoneClusterImpl (MiniOzoneClusterImpl.java:lambda$waitForClusterToBeReady$0(147)) - Waiting for cluster to be ready. Got 0 of 7 DN Heartbeats.
2019-09-24 18:15:06,364 [Datanode State Machine Thread - 0] INFO  ozoneimpl.OzoneContainer (OzoneContainer.java:start(217)) - Attempting to start container services.
2019-09-24 18:15:06,364 [Datanode State Machine Thread - 0] INFO  ozoneimpl.OzoneContainer (OzoneContainer.java:start(217)) - Attempting to start container services.
2019-09-24 18:15:06,364 [Datanode State Machine Thread - 0] INFO  ozoneimpl.OzoneContainer (OzoneContainer.java:start(217)) - Attempting to start container services.
2019-09-24 18:15:06,364 [Datanode State Machine Thread - 0] INFO  ozoneimpl.OzoneContainer (OzoneContainer.java:start(217)) - Attempting to start container services.
2019-09-24 18:15:06,373 [Datanode State Machine Thread - 0] INFO  ozoneimpl.OzoneContainer (OzoneContainer.java:startContainerScrub(179)) - Background container scanner has been disabled.
2019-09-24 18:15:06,364 [Datanode State Machine Thread - 0] INFO  ozoneimpl.OzoneContainer (OzoneContainer.java:start(217)) - Attempting to start container services.
2019-09-24 18:15:06,373 [Datanode State Machine Thread - 0] INFO  ratis.XceiverServerRatis (XceiverServerRatis.java:start(411)) - Starting XceiverServerRatis 466a6b73-fad2-4476-8967-aa2af3d698c3 at port 0
2019-09-24 18:15:06,373 [Datanode State Machine Thread - 0] INFO  ozoneimpl.OzoneContainer (OzoneContainer.java:startContainerScrub(179)) - Background container scanner has been disabled.
2019-09-24 18:15:06,372 [Datanode State Machine Thread - 0] INFO  ozoneimpl.OzoneContainer (OzoneContainer.java:startContainerScrub(179)) - Background container scanner has been disabled.
2019-09-24 18:15:06,372 [Datanode State Machine Thread - 0] INFO  ozoneimpl.OzoneContainer (OzoneContainer.java:startContainerScrub(179)) - Background container scanner has been disabled.
2019-09-24 18:15:06,374 [Datanode State Machine Thread - 0] INFO  ratis.XceiverServerRatis (XceiverServerRatis.java:start(411)) - Starting XceiverServerRatis 00d12154-1b41-41c7-9ccd-e87a5ffac1c5 at port 0
2019-09-24 18:15:06,374 [Datanode State Machine Thread - 0] INFO  ratis.XceiverServerRatis (XceiverServerRatis.java:start(411)) - Starting XceiverServerRatis 08f50cb8-fd91-4f4d-a04f-da59d34b3062 at port 0
2019-09-24 18:15:06,373 [Datanode State Machine Thread - 0] INFO  ozoneimpl.OzoneContainer (OzoneContainer.java:startContainerScrub(179)) - Background container scanner has been disabled.
2019-09-24 18:15:06,374 [Datanode State Machine Thread - 0] INFO  ratis.XceiverServerRatis (XceiverServerRatis.java:start(411)) - Starting XceiverServerRatis 13c48e20-7299-470e-92b7-41ff11ac47c5 at port 0
2019-09-24 18:15:06,375 [Datanode State Machine Thread - 0] INFO  ratis.XceiverServerRatis (XceiverServerRatis.java:start(411)) - Starting XceiverServerRatis f5999638-d985-4d9d-a96a-17e8999abea0 at port 0
2019-09-24 18:15:06,415 [Datanode State Machine Thread - 0] INFO  impl.RaftServerProxy (RaftServerProxy.java:lambda$start$3(299)) - f5999638-d985-4d9d-a96a-17e8999abea0: start RPC server
2019-09-24 18:15:06,422 [Datanode State Machine Thread - 0] INFO  server.GrpcService (GrpcService.java:startImpl(158)) - f5999638-d985-4d9d-a96a-17e8999abea0: GrpcService started, listening on 0.0.0.0/0.0.0.0:39819
2019-09-24 18:15:06,423 [Datanode State Machine Thread - 0] INFO  impl.RaftServerProxy (RaftServerProxy.java:lambda$start$3(299)) - 08f50cb8-fd91-4f4d-a04f-da59d34b3062: start RPC server
2019-09-24 18:15:06,423 [Datanode State Machine Thread - 0] INFO  ratis.XceiverServerRatis (XceiverServerRatis.java:start(421)) - XceiverServerRatis f5999638-d985-4d9d-a96a-17e8999abea0 is started using port 39819
2019-09-24 18:15:06,423 [Datanode State Machine Thread - 0] INFO  impl.RaftServerProxy (RaftServerProxy.java:lambda$start$3(299)) - 466a6b73-fad2-4476-8967-aa2af3d698c3: start RPC server
2019-09-24 18:15:06,431 [Datanode State Machine Thread - 0] INFO  impl.RaftServerProxy (RaftServerProxy.java:lambda$start$3(299)) - 00d12154-1b41-41c7-9ccd-e87a5ffac1c5: start RPC server
2019-09-24 18:15:06,435 [Datanode State Machine Thread - 0] INFO  impl.RaftServerProxy (RaftServerProxy.java:lambda$start$3(299)) - 13c48e20-7299-470e-92b7-41ff11ac47c5: start RPC server
2019-09-24 18:15:06,435 [Datanode State Machine Thread - 0] INFO  server.GrpcService (GrpcService.java:startImpl(158)) - 08f50cb8-fd91-4f4d-a04f-da59d34b3062: GrpcService started, listening on 0.0.0.0/0.0.0.0:34020
2019-09-24 18:15:06,436 [Datanode State Machine Thread - 0] INFO  server.XceiverServerGrpc (XceiverServerGrpc.java:start(149)) - XceiverServerGrpc f5999638-d985-4d9d-a96a-17e8999abea0 is started using port 34317
2019-09-24 18:15:06,438 [Datanode State Machine Thread - 0] INFO  ratis.XceiverServerRatis (XceiverServerRatis.java:start(421)) - XceiverServerRatis 08f50cb8-fd91-4f4d-a04f-da59d34b3062 is started using port 34020
2019-09-24 18:15:06,438 [Datanode State Machine Thread - 0] INFO  server.GrpcService (GrpcService.java:startImpl(158)) - 466a6b73-fad2-4476-8967-aa2af3d698c3: GrpcService started, listening on 0.0.0.0/0.0.0.0:45566
2019-09-24 18:15:06,440 [Datanode State Machine Thread - 0] INFO  server.GrpcService (GrpcService.java:startImpl(158)) - 00d12154-1b41-41c7-9ccd-e87a5ffac1c5: GrpcService started, listening on 0.0.0.0/0.0.0.0:36936
2019-09-24 18:15:06,441 [Datanode State Machine Thread - 0] INFO  ratis.XceiverServerRatis (XceiverServerRatis.java:start(421)) - XceiverServerRatis 466a6b73-fad2-4476-8967-aa2af3d698c3 is started using port 45566
2019-09-24 18:15:06,441 [Datanode State Machine Thread - 0] INFO  server.GrpcService (GrpcService.java:startImpl(158)) - 13c48e20-7299-470e-92b7-41ff11ac47c5: GrpcService started, listening on 0.0.0.0/0.0.0.0:36500
2019-09-24 18:15:06,444 [Datanode State Machine Thread - 0] INFO  server.XceiverServerGrpc (XceiverServerGrpc.java:start(149)) - XceiverServerGrpc 08f50cb8-fd91-4f4d-a04f-da59d34b3062 is started using port 43667
2019-09-24 18:15:06,447 [Datanode State Machine Thread - 0] INFO  ratis.XceiverServerRatis (XceiverServerRatis.java:start(421)) - XceiverServerRatis 13c48e20-7299-470e-92b7-41ff11ac47c5 is started using port 36500
2019-09-24 18:15:06,443 [Datanode State Machine Thread - 0] INFO  ratis.XceiverServerRatis (XceiverServerRatis.java:start(421)) - XceiverServerRatis 00d12154-1b41-41c7-9ccd-e87a5ffac1c5 is started using port 36936
2019-09-24 18:15:06,447 [Datanode State Machine Thread - 0] INFO  server.XceiverServerGrpc (XceiverServerGrpc.java:start(149)) - XceiverServerGrpc 466a6b73-fad2-4476-8967-aa2af3d698c3 is started using port 36737
2019-09-24 18:15:06,454 [Datanode State Machine Thread - 0] INFO  server.XceiverServerGrpc (XceiverServerGrpc.java:start(149)) - XceiverServerGrpc 00d12154-1b41-41c7-9ccd-e87a5ffac1c5 is started using port 45696
2019-09-24 18:15:06,454 [Datanode State Machine Thread - 0] INFO  server.XceiverServerGrpc (XceiverServerGrpc.java:start(149)) - XceiverServerGrpc 13c48e20-7299-470e-92b7-41ff11ac47c5 is started using port 38882
2019-09-24 18:15:06,498 [IPC Server handler 2 on 45301] INFO  net.NetworkTopology (NetworkTopologyImpl.java:add(111)) - Added a new node: /default-rack/4e7f1cb9-4633-45c3-85c0-9982b1655b51
2019-09-24 18:15:06,498 [IPC Server handler 2 on 45301] INFO  node.SCMNodeManager (SCMNodeManager.java:register(266)) - Registered Data node : 4e7f1cb9-4633-45c3-85c0-9982b1655b51{ip: 192.168.36.84, host: pr-hdds-2171-6l6hb-1841322612, networkLocation: /default-rack, certSerialId: null}
2019-09-24 18:15:06,506 [EventQueue-NodeRegistrationContainerReportForDataNodeSafeModeRule] INFO  safemode.SCMSafeModeManager (DataNodeSafeModeRule.java:process(71)) - SCM in safe mode. 1 DataNodes registered, 1 required.
2019-09-24 18:15:06,508 [EventQueue-NodeRegistrationContainerReportForDataNodeSafeModeRule] INFO  safemode.SCMSafeModeManager (SCMSafeModeManager.java:validateSafeModeExitRules(177)) - ScmSafeModeManager, all rules are successfully validated
2019-09-24 18:15:06,509 [EventQueue-NodeRegistrationContainerReportForDataNodeSafeModeRule] INFO  safemode.SCMSafeModeManager (SCMSafeModeManager.java:exitSafeMode(193)) - SCM exiting safe mode.
2019-09-24 18:15:06,530 [IPC Server handler 5 on 45301] INFO  net.NetworkTopology (NetworkTopologyImpl.java:add(111)) - Added a new node: /default-rack/cc57ff12-eff1-4638-92e6-a0c4c8847ee4
2019-09-24 18:15:06,532 [IPC Server handler 5 on 45301] INFO  node.SCMNodeManager (SCMNodeManager.java:register(266)) - Registered Data node : cc57ff12-eff1-4638-92e6-a0c4c8847ee4{ip: 192.168.36.84, host: pr-hdds-2171-6l6hb-1841322612, networkLocation: /default-rack, certSerialId: null}
2019-09-24 18:15:06,632 [IPC Server handler 11 on 45301] INFO  net.NetworkTopology (NetworkTopologyImpl.java:add(111)) - Added a new node: /default-rack/08f50cb8-fd91-4f4d-a04f-da59d34b3062
2019-09-24 18:15:06,633 [IPC Server handler 11 on 45301] INFO  node.SCMNodeManager (SCMNodeManager.java:register(266)) - Registered Data node : 08f50cb8-fd91-4f4d-a04f-da59d34b3062{ip: 192.168.36.84, host: pr-hdds-2171-6l6hb-1841322612, networkLocation: /default-rack, certSerialId: null}
2019-09-24 18:15:06,717 [IPC Server handler 6 on 45301] INFO  net.NetworkTopology (NetworkTopologyImpl.java:add(111)) - Added a new node: /default-rack/00d12154-1b41-41c7-9ccd-e87a5ffac1c5
2019-09-24 18:15:06,717 [IPC Server handler 6 on 45301] INFO  node.SCMNodeManager (SCMNodeManager.java:register(266)) - Registered Data node : 00d12154-1b41-41c7-9ccd-e87a5ffac1c5{ip: 192.168.36.84, host: pr-hdds-2171-6l6hb-1841322612, networkLocation: /default-rack, certSerialId: null}
2019-09-24 18:15:06,787 [IPC Server handler 0 on 45301] INFO  net.NetworkTopology (NetworkTopologyImpl.java:add(111)) - Added a new node: /default-rack/f5999638-d985-4d9d-a96a-17e8999abea0
2019-09-24 18:15:06,787 [IPC Server handler 0 on 45301] INFO  node.SCMNodeManager (SCMNodeManager.java:register(266)) - Registered Data node : f5999638-d985-4d9d-a96a-17e8999abea0{ip: 192.168.36.84, host: pr-hdds-2171-6l6hb-1841322612, networkLocation: /default-rack, certSerialId: null}
2019-09-24 18:15:06,892 [IPC Server handler 3 on 45301] INFO  net.NetworkTopology (NetworkTopologyImpl.java:add(111)) - Added a new node: /default-rack/466a6b73-fad2-4476-8967-aa2af3d698c3
2019-09-24 18:15:06,892 [IPC Server handler 3 on 45301] INFO  node.SCMNodeManager (SCMNodeManager.java:register(266)) - Registered Data node : 466a6b73-fad2-4476-8967-aa2af3d698c3{ip: 192.168.36.84, host: pr-hdds-2171-6l6hb-1841322612, networkLocation: /default-rack, certSerialId: null}
2019-09-24 18:15:06,988 [main] INFO  ozone.MiniOzoneClusterImpl (MiniOzoneClusterImpl.java:lambda$waitForClusterToBeReady$0(147)) - Waiting for cluster to be ready. Got 6 of 7 DN Heartbeats.
2019-09-24 18:15:06,988 [IPC Server handler 2 on 45301] INFO  net.NetworkTopology (NetworkTopologyImpl.java:add(111)) - Added a new node: /default-rack/13c48e20-7299-470e-92b7-41ff11ac47c5
2019-09-24 18:15:06,989 [IPC Server handler 2 on 45301] INFO  node.SCMNodeManager (SCMNodeManager.java:register(266)) - Registered Data node : 13c48e20-7299-470e-92b7-41ff11ac47c5{ip: 192.168.36.84, host: pr-hdds-2171-6l6hb-1841322612, networkLocation: /default-rack, certSerialId: null}
2019-09-24 18:15:07,158 [grpc-default-executor-0] INFO  impl.RaftServerProxy (RaftServerProxy.java:addNew(89)) - 4e7f1cb9-4633-45c3-85c0-9982b1655b51: addNew group-10770B4EF652:[4e7f1cb9-4633-45c3-85c0-9982b1655b51:192.168.36.84:40637] returns group-10770B4EF652:java.util.concurrent.CompletableFuture@13330f02[Not completed]
2019-09-24 18:15:07,175 [pool-27-thread-1] INFO  impl.RaftServerImpl (RaftServerImpl.java:<init>(95)) - 4e7f1cb9-4633-45c3-85c0-9982b1655b51: new RaftServerImpl for group-10770B4EF652:[4e7f1cb9-4633-45c3-85c0-9982b1655b51:192.168.36.84:40637] with ContainerStateMachine:uninitialized
2019-09-24 18:15:07,177 [pool-27-thread-1] INFO  server.RaftServerConfigKeys (ConfUtils.java:logGet(43)) - raft.server.rpc.timeout.min = 5s (custom)
2019-09-24 18:15:07,178 [pool-27-thread-1] INFO  server.RaftServerConfigKeys (ConfUtils.java:logGet(43)) - raft.server.rpc.timeout.max = 5200ms (custom)
2019-09-24 18:15:07,178 [pool-27-thread-1] INFO  server.RaftServerConfigKeys (ConfUtils.java:logGet(43)) - raft.server.rpcslowness.timeout = 120s (custom)
2019-09-24 18:15:07,179 [pool-27-thread-1] INFO  server.RaftServerConfigKeys (ConfUtils.java:logGet(43)) - raft.server.sleep.deviation.threshold = 300 (default)
2019-09-24 18:15:07,180 [pool-27-thread-1] INFO  server.RaftServerConfigKeys (ConfUtils.java:logGet(43)) - raft.server.log.appender.install.snapshot.enabled = false (custom)
2019-09-24 18:15:07,189 [pool-27-thread-1] INFO  impl.RaftServerImpl (ServerState.java:<init>(103)) - 4e7f1cb9-4633-45c3-85c0-9982b1655b51@group-10770B4EF652: ConfigurationManager, init=-1: [4e7f1cb9-4633-45c3-85c0-9982b1655b51:192.168.36.84:40637], old=null, confs=<EMPTY_MAP>
2019-09-24 18:15:07,190 [pool-27-thread-1] INFO  server.RaftServerConfigKeys (ConfUtils.java:logGet(43)) - raft.server.storage.dir = [/workdir/hadoop-ozone/integration-test/target/test-dir/MiniOzoneClusterImpl-4070120b-f2bf-49a1-ba82-0323cc680d8e/datanode-0/data/ratis] (custom)
2019-09-24 18:15:07,198 [pool-27-thread-1] INFO  storage.RaftStorageDirectory (RaftStorageDirectory.java:analyzeStorage(246)) - The storage directory /workdir/hadoop-ozone/integration-test/target/test-dir/MiniOzoneClusterImpl-4070120b-f2bf-49a1-ba82-0323cc680d8e/datanode-0/data/ratis/09c5a0c9-b2e2-4f2d-9b4c-10770b4ef652 does not exist. Creating ...
2019-09-24 18:15:07,988 [main] INFO  ozone.MiniOzoneClusterImpl (MiniOzoneClusterImpl.java:lambda$waitForClusterToBeReady$0(147)) - Cluster is ready. Got 7 of 7 DN Heartbeats.
2019-09-24 18:15:08,843 [main] INFO  rpc.RpcClient (RpcClient.java:createVolume(276)) - Creating Volume: testblockoutputstreamwithretries, with jenkins1000 as owner.
2019-09-24 18:15:08,988 [IPC Server handler 2 on 41314] INFO  volume.OMVolumeCreateRequest (OMVolumeCreateRequest.java:validateAndUpdateCache(189)) - created volume:testblockoutputstreamwithretries for user:jenkins1000
2019-09-24 18:15:09,047 [main] INFO  rpc.RpcClient (RpcClient.java:createBucket(415)) - Creating Bucket: testblockoutputstreamwithretries/testblockoutputstreamwithretries, with Versioning false and Storage Type set to DISK and Encryption set to false 
2019-09-24 18:15:09,518 [Thread-238] INFO  container.ReplicationManager (ReplicationManager.java:start(162)) - Starting Replication Monitor Thread.
2019-09-24 18:15:09,522 [ReplicationMonitor] INFO  container.ReplicationManager (ReplicationManager.java:run(225)) - Replication Monitor Thread took 0 milliseconds for processing 0 containers.
2019-09-24 18:15:09,725 [RATISCREATEPIPELINE1] ERROR pipeline.RatisPipelineProvider (RatisPipelineProvider.java:lambda$null$5(235)) - Failed invoke Ratis rpc org.apache.hadoop.hdds.scm.pipeline.RatisPipelineProvider$$Lambda$181/1754498501@138c7c2c for 4e7f1cb9-4633-45c3-85c0-9982b1655b51
org.apache.ratis.protocol.TimeoutIOException: deadline exceeded after 2940765896ns
	at org.apache.ratis.grpc.GrpcUtil.tryUnwrapException(GrpcUtil.java:82)
	at org.apache.ratis.grpc.GrpcUtil.unwrapException(GrpcUtil.java:75)
	at org.apache.ratis.grpc.client.GrpcClientProtocolClient.blockingCall(GrpcClientProtocolClient.java:178)
	at org.apache.ratis.grpc.client.GrpcClientProtocolClient.groupAdd(GrpcClientProtocolClient.java:147)
	at org.apache.ratis.grpc.client.GrpcClientRpc.sendRequest(GrpcClientRpc.java:94)
	at org.apache.ratis.client.impl.RaftClientImpl.sendRequest(RaftClientImpl.java:278)
	at org.apache.ratis.client.impl.RaftClientImpl.groupAdd(RaftClientImpl.java:205)
	at org.apache.hadoop.hdds.scm.pipeline.RatisPipelineProvider.lambda$initializePipeline$4(RatisPipelineProvider.java:196)
	at org.apache.hadoop.hdds.scm.pipeline.RatisPipelineProvider.lambda$null$5(RatisPipelineProvider.java:231)
	at java.util.stream.ForEachOps$ForEachOp$OfRef.accept(ForEachOps.java:184)
	at java.util.ArrayList$ArrayListSpliterator.forEachRemaining(ArrayList.java:1382)
	at java.util.stream.AbstractPipeline.copyInto(AbstractPipeline.java:482)
	at java.util.stream.ForEachOps$ForEachTask.compute(ForEachOps.java:291)
	at java.util.concurrent.CountedCompleter.exec(CountedCompleter.java:731)
	at java.util.concurrent.ForkJoinTask.doExec(ForkJoinTask.java:289)
	at java.util.concurrent.ForkJoinTask.doInvoke(ForkJoinTask.java:401)
	at java.util.concurrent.ForkJoinTask.invoke(ForkJoinTask.java:734)
	at java.util.stream.ForEachOps$ForEachOp.evaluateParallel(ForEachOps.java:160)
	at java.util.stream.ForEachOps$ForEachOp$OfRef.evaluateParallel(ForEachOps.java:174)
	at java.util.stream.AbstractPipeline.evaluate(AbstractPipeline.java:233)
	at java.util.stream.ReferencePipeline.forEach(ReferencePipeline.java:418)
	at java.util.stream.ReferencePipeline$Head.forEach(ReferencePipeline.java:583)
	at org.apache.hadoop.hdds.scm.pipeline.RatisPipelineProvider.lambda$callRatisRpc$6(RatisPipelineProvider.java:225)
	at java.util.concurrent.ForkJoinTask$AdaptedRunnableAction.exec(ForkJoinTask.java:1386)
	at java.util.concurrent.ForkJoinTask.doExec(ForkJoinTask.java:289)
	at java.util.concurrent.ForkJoinPool$WorkQueue.runTask(ForkJoinPool.java:1056)
	at java.util.concurrent.ForkJoinPool.runWorker(ForkJoinPool.java:1692)
	at java.util.concurrent.ForkJoinWorkerThread.run(ForkJoinWorkerThread.java:157)
Caused by: org.apache.ratis.thirdparty.io.grpc.StatusRuntimeException: DEADLINE_EXCEEDED: deadline exceeded after 2940765896ns
	at org.apache.ratis.thirdparty.io.grpc.stub.ClientCalls.toStatusRuntimeException(ClientCalls.java:233)
	at org.apache.ratis.thirdparty.io.grpc.stub.ClientCalls.getUnchecked(ClientCalls.java:214)
	at org.apache.ratis.thirdparty.io.grpc.stub.ClientCalls.blockingUnaryCall(ClientCalls.java:139)
	at org.apache.ratis.proto.grpc.AdminProtocolServiceGrpc$AdminProtocolServiceBlockingStub.groupManagement(AdminProtocolServiceGrpc.java:274)
	at org.apache.ratis.grpc.client.GrpcClientProtocolClient.lambda$groupAdd$3(GrpcClientProtocolClient.java:149)
	at org.apache.ratis.grpc.client.GrpcClientProtocolClient.blockingCall(GrpcClientProtocolClient.java:176)
	... 25 more
2019-09-24 18:15:09,805 [grpc-default-executor-0] INFO  impl.RaftServerProxy (RaftServerProxy.java:addNew(89)) - 4e7f1cb9-4633-45c3-85c0-9982b1655b51: addNew group-465B7FBD215B:[13c48e20-7299-470e-92b7-41ff11ac47c5:192.168.36.84:36500, 4e7f1cb9-4633-45c3-85c0-9982b1655b51:192.168.36.84:40637, f5999638-d985-4d9d-a96a-17e8999abea0:192.168.36.84:39819] returns group-465B7FBD215B:java.util.concurrent.CompletableFuture@42d89d49[Not completed]
2019-09-24 18:15:09,806 [grpc-default-executor-1] INFO  impl.RaftServerProxy (RaftServerProxy.java:addNew(89)) - 13c48e20-7299-470e-92b7-41ff11ac47c5: addNew group-465B7FBD215B:[13c48e20-7299-470e-92b7-41ff11ac47c5:192.168.36.84:36500, 4e7f1cb9-4633-45c3-85c0-9982b1655b51:192.168.36.84:40637, f5999638-d985-4d9d-a96a-17e8999abea0:192.168.36.84:39819] returns group-465B7FBD215B:java.util.concurrent.CompletableFuture@501f9532[Not completed]
2019-09-24 18:15:09,806 [grpc-default-executor-2] INFO  impl.RaftServerProxy (RaftServerProxy.java:addNew(89)) - f5999638-d985-4d9d-a96a-17e8999abea0: addNew group-465B7FBD215B:[13c48e20-7299-470e-92b7-41ff11ac47c5:192.168.36.84:36500, 4e7f1cb9-4633-45c3-85c0-9982b1655b51:192.168.36.84:40637, f5999638-d985-4d9d-a96a-17e8999abea0:192.168.36.84:39819] returns group-465B7FBD215B:java.util.concurrent.CompletableFuture@27b2ec15[Not completed]
2019-09-24 18:15:09,845 [pool-87-thread-1] INFO  impl.RaftServerImpl (RaftServerImpl.java:<init>(95)) - 13c48e20-7299-470e-92b7-41ff11ac47c5: new RaftServerImpl for group-465B7FBD215B:[13c48e20-7299-470e-92b7-41ff11ac47c5:192.168.36.84:36500, 4e7f1cb9-4633-45c3-85c0-9982b1655b51:192.168.36.84:40637, f5999638-d985-4d9d-a96a-17e8999abea0:192.168.36.84:39819] with ContainerStateMachine:uninitialized
2019-09-24 18:15:09,851 [pool-87-thread-1] INFO  server.RaftServerConfigKeys (ConfUtils.java:logGet(43)) - raft.server.rpc.timeout.min = 5s (custom)
2019-09-24 18:15:09,858 [pool-87-thread-1] INFO  server.RaftServerConfigKeys (ConfUtils.java:logGet(43)) - raft.server.rpc.timeout.max = 5200ms (custom)
2019-09-24 18:15:09,864 [pool-87-thread-1] INFO  server.RaftServerConfigKeys (ConfUtils.java:logGet(43)) - raft.server.rpcslowness.timeout = 120s (custom)
2019-09-24 18:15:09,869 [pool-87-thread-1] INFO  server.RaftServerConfigKeys (ConfUtils.java:logGet(43)) - raft.server.sleep.deviation.threshold = 300 (default)
2019-09-24 18:15:09,874 [pool-87-thread-1] INFO  server.RaftServerConfigKeys (ConfUtils.java:logGet(43)) - raft.server.log.appender.install.snapshot.enabled = false (custom)
2019-09-24 18:15:09,875 [pool-87-thread-1] INFO  impl.RaftServerImpl (ServerState.java:<init>(103)) - 13c48e20-7299-470e-92b7-41ff11ac47c5@group-465B7FBD215B: ConfigurationManager, init=-1: [13c48e20-7299-470e-92b7-41ff11ac47c5:192.168.36.84:36500, 4e7f1cb9-4633-45c3-85c0-9982b1655b51:192.168.36.84:40637, f5999638-d985-4d9d-a96a-17e8999abea0:192.168.36.84:39819], old=null, confs=<EMPTY_MAP>
2019-09-24 18:15:09,875 [pool-87-thread-1] INFO  server.RaftServerConfigKeys (ConfUtils.java:logGet(43)) - raft.server.storage.dir = [/workdir/hadoop-ozone/integration-test/target/test-dir/MiniOzoneClusterImpl-4070120b-f2bf-49a1-ba82-0323cc680d8e/datanode-6/data/ratis] (custom)
2019-09-24 18:15:09,878 [pool-87-thread-1] INFO  storage.RaftStorageDirectory (RaftStorageDirectory.java:analyzeStorage(246)) - The storage directory /workdir/hadoop-ozone/integration-test/target/test-dir/MiniOzoneClusterImpl-4070120b-f2bf-49a1-ba82-0323cc680d8e/datanode-6/data/ratis/5e6b2343-1cd3-416d-a3ac-465b7fbd215b does not exist. Creating ...
2019-09-24 18:15:09,879 [pool-67-thread-1] INFO  impl.RaftServerImpl (RaftServerImpl.java:<init>(95)) - f5999638-d985-4d9d-a96a-17e8999abea0: new RaftServerImpl for group-465B7FBD215B:[13c48e20-7299-470e-92b7-41ff11ac47c5:192.168.36.84:36500, 4e7f1cb9-4633-45c3-85c0-9982b1655b51:192.168.36.84:40637, f5999638-d985-4d9d-a96a-17e8999abea0:192.168.36.84:39819] with ContainerStateMachine:uninitialized
2019-09-24 18:15:09,879 [pool-67-thread-1] INFO  server.RaftServerConfigKeys (ConfUtils.java:logGet(43)) - raft.server.rpc.timeout.min = 5s (custom)
2019-09-24 18:15:09,879 [pool-67-thread-1] INFO  server.RaftServerConfigKeys (ConfUtils.java:logGet(43)) - raft.server.rpc.timeout.max = 5200ms (custom)
2019-09-24 18:15:09,880 [pool-67-thread-1] INFO  server.RaftServerConfigKeys (ConfUtils.java:logGet(43)) - raft.server.rpcslowness.timeout = 120s (custom)
2019-09-24 18:15:09,880 [pool-67-thread-1] INFO  server.RaftServerConfigKeys (ConfUtils.java:logGet(43)) - raft.server.sleep.deviation.threshold = 300 (default)
2019-09-24 18:15:09,880 [pool-67-thread-1] INFO  server.RaftServerConfigKeys (ConfUtils.java:logGet(43)) - raft.server.log.appender.install.snapshot.enabled = false (custom)
2019-09-24 18:15:09,880 [pool-67-thread-1] INFO  impl.RaftServerImpl (ServerState.java:<init>(103)) - f5999638-d985-4d9d-a96a-17e8999abea0@group-465B7FBD215B: ConfigurationManager, init=-1: [13c48e20-7299-470e-92b7-41ff11ac47c5:192.168.36.84:36500, 4e7f1cb9-4633-45c3-85c0-9982b1655b51:192.168.36.84:40637, f5999638-d985-4d9d-a96a-17e8999abea0:192.168.36.84:39819], old=null, confs=<EMPTY_MAP>
2019-09-24 18:15:09,880 [pool-67-thread-1] INFO  server.RaftServerConfigKeys (ConfUtils.java:logGet(43)) - raft.server.storage.dir = [/workdir/hadoop-ozone/integration-test/target/test-dir/MiniOzoneClusterImpl-4070120b-f2bf-49a1-ba82-0323cc680d8e/datanode-4/data/ratis] (custom)
2019-09-24 18:15:09,881 [pool-67-thread-1] INFO  storage.RaftStorageDirectory (RaftStorageDirectory.java:analyzeStorage(246)) - The storage directory /workdir/hadoop-ozone/integration-test/target/test-dir/MiniOzoneClusterImpl-4070120b-f2bf-49a1-ba82-0323cc680d8e/datanode-4/data/ratis/5e6b2343-1cd3-416d-a3ac-465b7fbd215b does not exist. Creating ...
2019-09-24 18:15:11,482 [pool-27-thread-1] INFO  storage.RaftStorageDirectory (RaftStorageDirectory.java:tryLock(328)) - Lock on /workdir/hadoop-ozone/integration-test/target/test-dir/MiniOzoneClusterImpl-4070120b-f2bf-49a1-ba82-0323cc680d8e/datanode-0/data/ratis/09c5a0c9-b2e2-4f2d-9b4c-10770b4ef652/in_use.lock acquired by nodename 15203@pr-hdds-2171-6l6hb-1841322612
2019-09-24 18:15:11,483 [pool-67-thread-1] INFO  storage.RaftStorageDirectory (RaftStorageDirectory.java:tryLock(328)) - Lock on /workdir/hadoop-ozone/integration-test/target/test-dir/MiniOzoneClusterImpl-4070120b-f2bf-49a1-ba82-0323cc680d8e/datanode-4/data/ratis/5e6b2343-1cd3-416d-a3ac-465b7fbd215b/in_use.lock acquired by nodename 15203@pr-hdds-2171-6l6hb-1841322612
2019-09-24 18:15:11,483 [pool-87-thread-1] INFO  storage.RaftStorageDirectory (RaftStorageDirectory.java:tryLock(328)) - Lock on /workdir/hadoop-ozone/integration-test/target/test-dir/MiniOzoneClusterImpl-4070120b-f2bf-49a1-ba82-0323cc680d8e/datanode-6/data/ratis/5e6b2343-1cd3-416d-a3ac-465b7fbd215b/in_use.lock acquired by nodename 15203@pr-hdds-2171-6l6hb-1841322612
2019-09-24 18:15:11,914 [pool-67-thread-1] INFO  storage.RaftStorage (RaftStorage.java:format(72)) - Storage directory /workdir/hadoop-ozone/integration-test/target/test-dir/MiniOzoneClusterImpl-4070120b-f2bf-49a1-ba82-0323cc680d8e/datanode-4/data/ratis/5e6b2343-1cd3-416d-a3ac-465b7fbd215b has been successfully formatted.
2019-09-24 18:15:11,914 [pool-27-thread-1] INFO  storage.RaftStorage (RaftStorage.java:format(72)) - Storage directory /workdir/hadoop-ozone/integration-test/target/test-dir/MiniOzoneClusterImpl-4070120b-f2bf-49a1-ba82-0323cc680d8e/datanode-0/data/ratis/09c5a0c9-b2e2-4f2d-9b4c-10770b4ef652 has been successfully formatted.
2019-09-24 18:15:11,914 [pool-87-thread-1] INFO  storage.RaftStorage (RaftStorage.java:format(72)) - Storage directory /workdir/hadoop-ozone/integration-test/target/test-dir/MiniOzoneClusterImpl-4070120b-f2bf-49a1-ba82-0323cc680d8e/datanode-6/data/ratis/5e6b2343-1cd3-416d-a3ac-465b7fbd215b has been successfully formatted.
2019-09-24 18:15:11,925 [pool-67-thread-1] INFO  ratis.ContainerStateMachine (ContainerStateMachine.java:loadSnapshot(230)) - group-465B7FBD215B: The snapshot info is null. Setting the last applied indexto:(t:0, i:~)
2019-09-24 18:15:11,925 [pool-87-thread-1] INFO  ratis.ContainerStateMachine (ContainerStateMachine.java:loadSnapshot(230)) - group-465B7FBD215B: The snapshot info is null. Setting the last applied indexto:(t:0, i:~)
2019-09-24 18:15:11,925 [pool-27-thread-1] INFO  ratis.ContainerStateMachine (ContainerStateMachine.java:loadSnapshot(230)) - group-10770B4EF652: The snapshot info is null. Setting the last applied indexto:(t:0, i:~)
2019-09-24 18:15:11,934 [pool-87-thread-1] INFO  server.RaftServerConfigKeys (ConfUtils.java:logGet(43)) - raft.server.notification.no-leader.timeout = 120s (custom)
2019-09-24 18:15:11,934 [pool-67-thread-1] INFO  server.RaftServerConfigKeys (ConfUtils.java:logGet(43)) - raft.server.notification.no-leader.timeout = 120s (custom)
2019-09-24 18:15:11,934 [pool-27-thread-1] INFO  server.RaftServerConfigKeys (ConfUtils.java:logGet(43)) - raft.server.notification.no-leader.timeout = 120s (custom)
2019-09-24 18:15:11,939 [pool-67-thread-1] INFO  server.RaftServerConfigKeys (ConfUtils.java:logGet(43)) - raft.server.log.use.memory = false (default)
2019-09-24 18:15:11,939 [pool-87-thread-1] INFO  server.RaftServerConfigKeys (ConfUtils.java:logGet(43)) - raft.server.log.use.memory = false (default)
2019-09-24 18:15:11,939 [pool-27-thread-1] INFO  server.RaftServerConfigKeys (ConfUtils.java:logGet(43)) - raft.server.log.use.memory = false (default)
2019-09-24 18:15:11,948 [pool-27-thread-1] INFO  server.RaftServerConfigKeys (ConfUtils.java:logGet(43)) - raft.server.log.purge.gap = 1000000 (custom)
2019-09-24 18:15:11,948 [pool-87-thread-1] INFO  server.RaftServerConfigKeys (ConfUtils.java:logGet(43)) - raft.server.log.purge.gap = 1000000 (custom)
2019-09-24 18:15:11,948 [pool-67-thread-1] INFO  server.RaftServerConfigKeys (ConfUtils.java:logGet(43)) - raft.server.log.purge.gap = 1000000 (custom)
2019-09-24 18:15:11,949 [pool-87-thread-1] INFO  server.RaftServerConfigKeys (ConfUtils.java:logGet(43)) - raft.server.log.appender.buffer.byte-limit = 33554432 (custom)
2019-09-24 18:15:11,949 [pool-27-thread-1] INFO  server.RaftServerConfigKeys (ConfUtils.java:logGet(43)) - raft.server.log.appender.buffer.byte-limit = 33554432 (custom)
2019-09-24 18:15:11,949 [pool-67-thread-1] INFO  server.RaftServerConfigKeys (ConfUtils.java:logGet(43)) - raft.server.log.appender.buffer.byte-limit = 33554432 (custom)
2019-09-24 18:15:11,953 [pool-27-thread-1] INFO  server.RaftServerConfigKeys (ConfUtils.java:logGet(43)) - raft.server.log.segment.size.max = 1048576 (custom)
2019-09-24 18:15:11,953 [pool-67-thread-1] INFO  server.RaftServerConfigKeys (ConfUtils.java:logGet(43)) - raft.server.log.segment.size.max = 1048576 (custom)
2019-09-24 18:15:11,953 [pool-87-thread-1] INFO  server.RaftServerConfigKeys (ConfUtils.java:logGet(43)) - raft.server.log.segment.size.max = 1048576 (custom)
2019-09-24 18:15:11,963 [pool-27-thread-1] INFO  server.RaftServerConfigKeys (ConfUtils.java:logGet(43)) - raft.server.log.segment.cache.num.max = 2 (custom)
2019-09-24 18:15:11,963 [pool-87-thread-1] INFO  server.RaftServerConfigKeys (ConfUtils.java:logGet(43)) - raft.server.log.segment.cache.num.max = 2 (custom)
2019-09-24 18:15:11,963 [pool-67-thread-1] INFO  server.RaftServerConfigKeys (ConfUtils.java:logGet(43)) - raft.server.log.segment.cache.num.max = 2 (custom)
2019-09-24 18:15:11,971 [pool-87-thread-1] INFO  segmented.SegmentedRaftLogWorker (SegmentedRaftLogWorker.java:<init>(172)) - new 13c48e20-7299-470e-92b7-41ff11ac47c5@group-465B7FBD215B-SegmentedRaftLogWorker for RaftStorage:Storage Directory /workdir/hadoop-ozone/integration-test/target/test-dir/MiniOzoneClusterImpl-4070120b-f2bf-49a1-ba82-0323cc680d8e/datanode-6/data/ratis/5e6b2343-1cd3-416d-a3ac-465b7fbd215b
2019-09-24 18:15:11,971 [pool-67-thread-1] INFO  segmented.SegmentedRaftLogWorker (SegmentedRaftLogWorker.java:<init>(172)) - new f5999638-d985-4d9d-a96a-17e8999abea0@group-465B7FBD215B-SegmentedRaftLogWorker for RaftStorage:Storage Directory /workdir/hadoop-ozone/integration-test/target/test-dir/MiniOzoneClusterImpl-4070120b-f2bf-49a1-ba82-0323cc680d8e/datanode-4/data/ratis/5e6b2343-1cd3-416d-a3ac-465b7fbd215b
2019-09-24 18:15:11,971 [pool-27-thread-1] INFO  segmented.SegmentedRaftLogWorker (SegmentedRaftLogWorker.java:<init>(172)) - new 4e7f1cb9-4633-45c3-85c0-9982b1655b51@group-10770B4EF652-SegmentedRaftLogWorker for RaftStorage:Storage Directory /workdir/hadoop-ozone/integration-test/target/test-dir/MiniOzoneClusterImpl-4070120b-f2bf-49a1-ba82-0323cc680d8e/datanode-0/data/ratis/09c5a0c9-b2e2-4f2d-9b4c-10770b4ef652
2019-09-24 18:15:11,975 [pool-87-thread-1] INFO  impl.MetricsSystemImpl (MetricsSystemImpl.java:init(158)) - ratis metrics system started (again)
2019-09-24 18:15:11,987 [pool-87-thread-1] INFO  metrics.MetricRegistries (MetricRegistriesLoader.java:load(64)) - Loaded MetricRegistries class org.apache.ratis.metrics.impl.MetricRegistriesImpl
2019-09-24 18:15:12,068 [pool-27-thread-1] INFO  server.RaftServerConfigKeys (ConfUtils.java:logGet(43)) - raft.server.log.queue.byte-limit = 2147483647 (custom)
2019-09-24 18:15:12,069 [pool-67-thread-1] INFO  server.RaftServerConfigKeys (ConfUtils.java:logGet(43)) - raft.server.log.queue.byte-limit = 2147483647 (custom)
2019-09-24 18:15:12,069 [pool-87-thread-1] INFO  server.RaftServerConfigKeys (ConfUtils.java:logGet(43)) - raft.server.log.queue.byte-limit = 2147483647 (custom)
2019-09-24 18:15:12,069 [pool-27-thread-1] INFO  server.RaftServerConfigKeys (ConfUtils.java:logGet(43)) - raft.server.log.queue.element-limit = 1024 (custom)
2019-09-24 18:15:12,069 [pool-87-thread-1] INFO  server.RaftServerConfigKeys (ConfUtils.java:logGet(43)) - raft.server.log.queue.element-limit = 1024 (custom)
2019-09-24 18:15:12,069 [pool-67-thread-1] INFO  server.RaftServerConfigKeys (ConfUtils.java:logGet(43)) - raft.server.log.queue.element-limit = 1024 (custom)
2019-09-24 18:15:12,074 [pool-27-thread-1] INFO  server.RaftServerConfigKeys (ConfUtils.java:logGet(43)) - raft.server.log.segment.size.max = 1048576 (custom)
2019-09-24 18:15:12,074 [pool-67-thread-1] INFO  server.RaftServerConfigKeys (ConfUtils.java:logGet(43)) - raft.server.log.segment.size.max = 1048576 (custom)
2019-09-24 18:15:12,074 [pool-87-thread-1] INFO  server.RaftServerConfigKeys (ConfUtils.java:logGet(43)) - raft.server.log.segment.size.max = 1048576 (custom)
2019-09-24 18:15:12,075 [pool-87-thread-1] INFO  server.RaftServerConfigKeys (ConfUtils.java:logGet(43)) - raft.server.log.preallocated.size = 16384 (custom)
2019-09-24 18:15:12,075 [pool-27-thread-1] INFO  server.RaftServerConfigKeys (ConfUtils.java:logGet(43)) - raft.server.log.preallocated.size = 16384 (custom)
2019-09-24 18:15:12,075 [pool-67-thread-1] INFO  server.RaftServerConfigKeys (ConfUtils.java:logGet(43)) - raft.server.log.preallocated.size = 16384 (custom)
2019-09-24 18:15:12,076 [pool-87-thread-1] INFO  server.RaftServerConfigKeys (ConfUtils.java:logGet(43)) - raft.server.log.write.buffer.size = 33554432 (custom)
2019-09-24 18:15:12,076 [pool-27-thread-1] INFO  server.RaftServerConfigKeys (ConfUtils.java:logGet(43)) - raft.server.log.write.buffer.size = 33554432 (custom)
2019-09-24 18:15:12,076 [pool-67-thread-1] INFO  server.RaftServerConfigKeys (ConfUtils.java:logGet(43)) - raft.server.log.write.buffer.size = 33554432 (custom)
2019-09-24 18:15:12,076 [pool-87-thread-1] INFO  server.RaftServerConfigKeys (ConfUtils.java:logGet(43)) - raft.server.log.force.sync.num = 128 (default)
2019-09-24 18:15:12,077 [pool-27-thread-1] INFO  server.RaftServerConfigKeys (ConfUtils.java:logGet(43)) - raft.server.log.force.sync.num = 128 (default)
2019-09-24 18:15:12,077 [pool-67-thread-1] INFO  server.RaftServerConfigKeys (ConfUtils.java:logGet(43)) - raft.server.log.force.sync.num = 128 (default)
2019-09-24 18:15:12,078 [pool-27-thread-1] INFO  server.RaftServerConfigKeys (ConfUtils.java:logGet(43)) - raft.server.log.statemachine.data.sync = true (default)
2019-09-24 18:15:12,078 [pool-67-thread-1] INFO  server.RaftServerConfigKeys (ConfUtils.java:logGet(43)) - raft.server.log.statemachine.data.sync = true (default)
2019-09-24 18:15:12,078 [pool-87-thread-1] INFO  server.RaftServerConfigKeys (ConfUtils.java:logGet(43)) - raft.server.log.statemachine.data.sync = true (default)
2019-09-24 18:15:12,078 [pool-67-thread-1] INFO  server.RaftServerConfigKeys (ConfUtils.java:logGet(43)) - raft.server.log.statemachine.data.sync.timeout = 10s (default)
2019-09-24 18:15:12,078 [pool-27-thread-1] INFO  server.RaftServerConfigKeys (ConfUtils.java:logGet(43)) - raft.server.log.statemachine.data.sync.timeout = 10s (default)
2019-09-24 18:15:12,078 [pool-87-thread-1] INFO  server.RaftServerConfigKeys (ConfUtils.java:logGet(43)) - raft.server.log.statemachine.data.sync.timeout = 10s (default)
2019-09-24 18:15:12,079 [pool-67-thread-1] INFO  server.RaftServerConfigKeys (ConfUtils.java:logGet(43)) - raft.server.log.statemachine.data.sync.timeout.retry = -1 (default)
2019-09-24 18:15:12,079 [pool-87-thread-1] INFO  server.RaftServerConfigKeys (ConfUtils.java:logGet(43)) - raft.server.log.statemachine.data.sync.timeout.retry = -1 (default)
2019-09-24 18:15:12,079 [pool-27-thread-1] INFO  server.RaftServerConfigKeys (ConfUtils.java:logGet(43)) - raft.server.log.statemachine.data.sync.timeout.retry = -1 (default)
2019-09-24 18:15:12,093 [pool-87-thread-1] INFO  server.RaftServerConfigKeys (ConfUtils.java:logGet(43)) - raft.server.log.statemachine.data.caching.enabled = true (custom)
2019-09-24 18:15:12,094 [pool-27-thread-1] INFO  server.RaftServerConfigKeys (ConfUtils.java:logGet(43)) - raft.server.log.statemachine.data.caching.enabled = true (custom)
2019-09-24 18:15:12,093 [pool-67-thread-1] INFO  server.RaftServerConfigKeys (ConfUtils.java:logGet(43)) - raft.server.log.statemachine.data.caching.enabled = true (custom)
2019-09-24 18:15:12,106 [pool-87-thread-1] INFO  segmented.SegmentedRaftLogWorker (SegmentedRaftLogWorker.java:lambda$new$0(132)) - 13c48e20-7299-470e-92b7-41ff11ac47c5@group-465B7FBD215B-SegmentedRaftLogWorker: flushIndex: setUnconditionally 0 -> -1
2019-09-24 18:15:12,106 [pool-27-thread-1] INFO  segmented.SegmentedRaftLogWorker (SegmentedRaftLogWorker.java:lambda$new$0(132)) - 4e7f1cb9-4633-45c3-85c0-9982b1655b51@group-10770B4EF652-SegmentedRaftLogWorker: flushIndex: setUnconditionally 0 -> -1
2019-09-24 18:15:12,106 [pool-67-thread-1] INFO  segmented.SegmentedRaftLogWorker (SegmentedRaftLogWorker.java:lambda$new$0(132)) - f5999638-d985-4d9d-a96a-17e8999abea0@group-465B7FBD215B-SegmentedRaftLogWorker: flushIndex: setUnconditionally 0 -> -1
2019-09-24 18:15:12,114 [pool-87-thread-1] INFO  server.RaftServerConfigKeys (ConfUtils.java:logGet(43)) - raft.server.snapshot.auto.trigger.enabled = true (custom)
2019-09-24 18:15:12,114 [pool-27-thread-1] INFO  server.RaftServerConfigKeys (ConfUtils.java:logGet(43)) - raft.server.snapshot.auto.trigger.enabled = true (custom)
2019-09-24 18:15:12,114 [pool-67-thread-1] INFO  server.RaftServerConfigKeys (ConfUtils.java:logGet(43)) - raft.server.snapshot.auto.trigger.enabled = true (custom)
2019-09-24 18:15:12,117 [pool-87-thread-1] INFO  server.RaftServerConfigKeys (ConfUtils.java:logGet(43)) - raft.server.snapshot.auto.trigger.threshold = 10000 (custom)
2019-09-24 18:15:12,117 [pool-67-thread-1] INFO  server.RaftServerConfigKeys (ConfUtils.java:logGet(43)) - raft.server.snapshot.auto.trigger.threshold = 10000 (custom)
2019-09-24 18:15:12,117 [pool-27-thread-1] INFO  server.RaftServerConfigKeys (ConfUtils.java:logGet(43)) - raft.server.snapshot.auto.trigger.threshold = 10000 (custom)
2019-09-24 18:15:12,118 [pool-87-thread-1] INFO  server.RaftServerConfigKeys (ConfUtils.java:logGet(43)) - raft.server.snapshot.retention.num.files = 5 (custom)
2019-09-24 18:15:12,118 [pool-67-thread-1] INFO  server.RaftServerConfigKeys (ConfUtils.java:logGet(43)) - raft.server.snapshot.retention.num.files = 5 (custom)
2019-09-24 18:15:12,118 [pool-27-thread-1] INFO  server.RaftServerConfigKeys (ConfUtils.java:logGet(43)) - raft.server.snapshot.retention.num.files = 5 (custom)
2019-09-24 18:15:12,119 [pool-87-thread-1] INFO  server.RaftServerConfigKeys (ConfUtils.java:logGet(43)) - raft.server.retrycache.expirytime = 600000ms (custom)
2019-09-24 18:15:12,119 [pool-27-thread-1] INFO  server.RaftServerConfigKeys (ConfUtils.java:logGet(43)) - raft.server.retrycache.expirytime = 600000ms (custom)
2019-09-24 18:15:12,119 [pool-67-thread-1] INFO  server.RaftServerConfigKeys (ConfUtils.java:logGet(43)) - raft.server.retrycache.expirytime = 600000ms (custom)
2019-09-24 18:15:12,154 [pool-87-thread-1] INFO  impl.RaftServerImpl (RaftServerImpl.java:start(185)) - 13c48e20-7299-470e-92b7-41ff11ac47c5@group-465B7FBD215B: start as a follower, conf=-1: [13c48e20-7299-470e-92b7-41ff11ac47c5:192.168.36.84:36500, 4e7f1cb9-4633-45c3-85c0-9982b1655b51:192.168.36.84:40637, f5999638-d985-4d9d-a96a-17e8999abea0:192.168.36.84:39819], old=null
2019-09-24 18:15:12,154 [pool-67-thread-1] INFO  impl.RaftServerImpl (RaftServerImpl.java:start(185)) - f5999638-d985-4d9d-a96a-17e8999abea0@group-465B7FBD215B: start as a follower, conf=-1: [13c48e20-7299-470e-92b7-41ff11ac47c5:192.168.36.84:36500, 4e7f1cb9-4633-45c3-85c0-9982b1655b51:192.168.36.84:40637, f5999638-d985-4d9d-a96a-17e8999abea0:192.168.36.84:39819], old=null
2019-09-24 18:15:12,155 [pool-87-thread-1] INFO  impl.RaftServerImpl (RaftServerImpl.java:setRole(174)) - 13c48e20-7299-470e-92b7-41ff11ac47c5@group-465B7FBD215B: changes role from      null to FOLLOWER at term 0 for startAsFollower
2019-09-24 18:15:12,155 [pool-67-thread-1] INFO  impl.RaftServerImpl (RaftServerImpl.java:setRole(174)) - f5999638-d985-4d9d-a96a-17e8999abea0@group-465B7FBD215B: changes role from      null to FOLLOWER at term 0 for startAsFollower
2019-09-24 18:15:12,156 [pool-87-thread-1] INFO  impl.RoleInfo (RoleInfo.java:updateAndGet(143)) - 13c48e20-7299-470e-92b7-41ff11ac47c5: start FollowerState
2019-09-24 18:15:12,156 [pool-67-thread-1] INFO  impl.RoleInfo (RoleInfo.java:updateAndGet(143)) - f5999638-d985-4d9d-a96a-17e8999abea0: start FollowerState
2019-09-24 18:15:12,159 [pool-27-thread-1] INFO  impl.RaftServerImpl (RaftServerImpl.java:<init>(95)) - 4e7f1cb9-4633-45c3-85c0-9982b1655b51: new RaftServerImpl for group-465B7FBD215B:[13c48e20-7299-470e-92b7-41ff11ac47c5:192.168.36.84:36500, 4e7f1cb9-4633-45c3-85c0-9982b1655b51:192.168.36.84:40637, f5999638-d985-4d9d-a96a-17e8999abea0:192.168.36.84:39819] with ContainerStateMachine:uninitialized
2019-09-24 18:15:12,159 [pool-27-thread-1] INFO  server.RaftServerConfigKeys (ConfUtils.java:logGet(43)) - raft.server.rpc.timeout.min = 5s (custom)
2019-09-24 18:15:12,523 [pool-27-thread-1] INFO  server.RaftServerConfigKeys (ConfUtils.java:logGet(43)) - raft.server.rpc.timeout.max = 5200ms (custom)
2019-09-24 18:15:12,527 [pool-27-thread-1] INFO  server.RaftServerConfigKeys (ConfUtils.java:logGet(43)) - raft.server.rpcslowness.timeout = 120s (custom)
2019-09-24 18:15:12,527 [pool-27-thread-1] INFO  server.RaftServerConfigKeys (ConfUtils.java:logGet(43)) - raft.server.sleep.deviation.threshold = 300 (default)
2019-09-24 18:15:12,529 [pool-27-thread-1] INFO  server.RaftServerConfigKeys (ConfUtils.java:logGet(43)) - raft.server.log.appender.install.snapshot.enabled = false (custom)
2019-09-24 18:15:12,531 [pool-27-thread-1] INFO  impl.RaftServerImpl (ServerState.java:<init>(103)) - 4e7f1cb9-4633-45c3-85c0-9982b1655b51@group-465B7FBD215B: ConfigurationManager, init=-1: [13c48e20-7299-470e-92b7-41ff11ac47c5:192.168.36.84:36500, 4e7f1cb9-4633-45c3-85c0-9982b1655b51:192.168.36.84:40637, f5999638-d985-4d9d-a96a-17e8999abea0:192.168.36.84:39819], old=null, confs=<EMPTY_MAP>
2019-09-24 18:15:12,534 [pool-27-thread-1] INFO  server.RaftServerConfigKeys (ConfUtils.java:logGet(43)) - raft.server.storage.dir = [/workdir/hadoop-ozone/integration-test/target/test-dir/MiniOzoneClusterImpl-4070120b-f2bf-49a1-ba82-0323cc680d8e/datanode-0/data/ratis] (custom)
2019-09-24 18:15:12,541 [pool-67-thread-1] INFO  util.JmxRegister (JmxRegister.java:tryRegister(44)) - Successfully registered JMX Bean with object name Ratis:service=RaftServer,group=group-465B7FBD215B,id=f5999638-d985-4d9d-a96a-17e8999abea0
2019-09-24 18:15:12,543 [pool-87-thread-1] INFO  util.JmxRegister (JmxRegister.java:tryRegister(44)) - Successfully registered JMX Bean with object name Ratis:service=RaftServer,group=group-465B7FBD215B,id=13c48e20-7299-470e-92b7-41ff11ac47c5
2019-09-24 18:15:12,544 [pool-27-thread-1] INFO  storage.RaftStorageDirectory (RaftStorageDirectory.java:analyzeStorage(246)) - The storage directory /workdir/hadoop-ozone/integration-test/target/test-dir/MiniOzoneClusterImpl-4070120b-f2bf-49a1-ba82-0323cc680d8e/datanode-0/data/ratis/5e6b2343-1cd3-416d-a3ac-465b7fbd215b does not exist. Creating ...
2019-09-24 18:15:12,746 [RATISCREATEPIPELINE2] ERROR pipeline.RatisPipelineProvider (RatisPipelineProvider.java:lambda$null$5(235)) - Failed invoke Ratis rpc org.apache.hadoop.hdds.scm.pipeline.RatisPipelineProvider$$Lambda$181/1754498501@2623fe31 for 4e7f1cb9-4633-45c3-85c0-9982b1655b51
org.apache.ratis.protocol.TimeoutIOException: deadline exceeded after 2997861826ns
	at org.apache.ratis.grpc.GrpcUtil.tryUnwrapException(GrpcUtil.java:82)
	at org.apache.ratis.grpc.GrpcUtil.unwrapException(GrpcUtil.java:75)
	at org.apache.ratis.grpc.client.GrpcClientProtocolClient.blockingCall(GrpcClientProtocolClient.java:178)
	at org.apache.ratis.grpc.client.GrpcClientProtocolClient.groupAdd(GrpcClientProtocolClient.java:147)
	at org.apache.ratis.grpc.client.GrpcClientRpc.sendRequest(GrpcClientRpc.java:94)
	at org.apache.ratis.client.impl.RaftClientImpl.sendRequest(RaftClientImpl.java:278)
	at org.apache.ratis.client.impl.RaftClientImpl.groupAdd(RaftClientImpl.java:205)
	at org.apache.hadoop.hdds.scm.pipeline.RatisPipelineProvider.lambda$initializePipeline$4(RatisPipelineProvider.java:196)
	at org.apache.hadoop.hdds.scm.pipeline.RatisPipelineProvider.lambda$null$5(RatisPipelineProvider.java:231)
	at java.util.stream.ForEachOps$ForEachOp$OfRef.accept(ForEachOps.java:184)
	at java.util.ArrayList$ArrayListSpliterator.forEachRemaining(ArrayList.java:1382)
	at java.util.stream.AbstractPipeline.copyInto(AbstractPipeline.java:482)
	at java.util.stream.ForEachOps$ForEachTask.compute(ForEachOps.java:291)
	at java.util.concurrent.CountedCompleter.exec(CountedCompleter.java:731)
	at java.util.concurrent.ForkJoinTask.doExec(ForkJoinTask.java:289)
	at java.util.concurrent.ForkJoinPool$WorkQueue.runTask(ForkJoinPool.java:1056)
	at java.util.concurrent.ForkJoinPool.runWorker(ForkJoinPool.java:1692)
	at java.util.concurrent.ForkJoinWorkerThread.run(ForkJoinWorkerThread.java:157)
Caused by: org.apache.ratis.thirdparty.io.grpc.StatusRuntimeException: DEADLINE_EXCEEDED: deadline exceeded after 2997861826ns
	at org.apache.ratis.thirdparty.io.grpc.stub.ClientCalls.toStatusRuntimeException(ClientCalls.java:233)
	at org.apache.ratis.thirdparty.io.grpc.stub.ClientCalls.getUnchecked(ClientCalls.java:214)
	at org.apache.ratis.thirdparty.io.grpc.stub.ClientCalls.blockingUnaryCall(ClientCalls.java:139)
	at org.apache.ratis.proto.grpc.AdminProtocolServiceGrpc$AdminProtocolServiceBlockingStub.groupManagement(AdminProtocolServiceGrpc.java:274)
	at org.apache.ratis.grpc.client.GrpcClientProtocolClient.lambda$groupAdd$3(GrpcClientProtocolClient.java:149)
	at org.apache.ratis.grpc.client.GrpcClientProtocolClient.blockingCall(GrpcClientProtocolClient.java:176)
	... 15 more
2019-09-24 18:15:12,780 [grpc-default-executor-1] INFO  impl.RaftServerProxy (RaftServerProxy.java:addNew(89)) - 4e7f1cb9-4633-45c3-85c0-9982b1655b51: addNew group-E6ED2CFAD2B4:[4e7f1cb9-4633-45c3-85c0-9982b1655b51:192.168.36.84:40637] returns group-E6ED2CFAD2B4:java.util.concurrent.CompletableFuture@28f96b0b[Not completed]
2019-09-24 18:15:15,770 [RATISCREATEPIPELINE1] ERROR pipeline.RatisPipelineProvider (RatisPipelineProvider.java:lambda$null$5(235)) - Failed invoke Ratis rpc org.apache.hadoop.hdds.scm.pipeline.RatisPipelineProvider$$Lambda$181/1754498501@7995b096 for 4e7f1cb9-4633-45c3-85c0-9982b1655b51
org.apache.ratis.protocol.TimeoutIOException: deadline exceeded after 2999645335ns
	at org.apache.ratis.grpc.GrpcUtil.tryUnwrapException(GrpcUtil.java:82)
	at org.apache.ratis.grpc.GrpcUtil.unwrapException(GrpcUtil.java:75)
	at org.apache.ratis.grpc.client.GrpcClientProtocolClient.blockingCall(GrpcClientProtocolClient.java:178)
	at org.apache.ratis.grpc.client.GrpcClientProtocolClient.groupAdd(GrpcClientProtocolClient.java:147)
	at org.apache.ratis.grpc.client.GrpcClientRpc.sendRequest(GrpcClientRpc.java:94)
	at org.apache.ratis.client.impl.RaftClientImpl.sendRequest(RaftClientImpl.java:278)
	at org.apache.ratis.client.impl.RaftClientImpl.groupAdd(RaftClientImpl.java:205)
	at org.apache.hadoop.hdds.scm.pipeline.RatisPipelineProvider.lambda$initializePipeline$4(RatisPipelineProvider.java:196)
	at org.apache.hadoop.hdds.scm.pipeline.RatisPipelineProvider.lambda$null$5(RatisPipelineProvider.java:231)
	at java.util.stream.ForEachOps$ForEachOp$OfRef.accept(ForEachOps.java:184)
	at java.util.ArrayList$ArrayListSpliterator.forEachRemaining(ArrayList.java:1382)
	at java.util.stream.AbstractPipeline.copyInto(AbstractPipeline.java:482)
	at java.util.stream.ForEachOps$ForEachTask.compute(ForEachOps.java:291)
	at java.util.concurrent.CountedCompleter.exec(CountedCompleter.java:731)
	at java.util.concurrent.ForkJoinTask.doExec(ForkJoinTask.java:289)
	at java.util.concurrent.ForkJoinTask.doInvoke(ForkJoinTask.java:401)
	at java.util.concurrent.ForkJoinTask.invoke(ForkJoinTask.java:734)
	at java.util.stream.ForEachOps$ForEachOp.evaluateParallel(ForEachOps.java:160)
	at java.util.stream.ForEachOps$ForEachOp$OfRef.evaluateParallel(ForEachOps.java:174)
	at java.util.stream.AbstractPipeline.evaluate(AbstractPipeline.java:233)
	at java.util.stream.ReferencePipeline.forEach(ReferencePipeline.java:418)
	at java.util.stream.ReferencePipeline$Head.forEach(ReferencePipeline.java:583)
	at org.apache.hadoop.hdds.scm.pipeline.RatisPipelineProvider.lambda$callRatisRpc$6(RatisPipelineProvider.java:225)
	at java.util.concurrent.ForkJoinTask$AdaptedRunnableAction.exec(ForkJoinTask.java:1386)
	at java.util.concurrent.ForkJoinTask.doExec(ForkJoinTask.java:289)
	at java.util.concurrent.ForkJoinPool$WorkQueue.runTask(ForkJoinPool.java:1056)
	at java.util.concurrent.ForkJoinPool.runWorker(ForkJoinPool.java:1692)
	at java.util.concurrent.ForkJoinWorkerThread.run(ForkJoinWorkerThread.java:157)
Caused by: org.apache.ratis.thirdparty.io.grpc.StatusRuntimeException: DEADLINE_EXCEEDED: deadline exceeded after 2999645335ns
	at org.apache.ratis.thirdparty.io.grpc.stub.ClientCalls.toStatusRuntimeException(ClientCalls.java:233)
	at org.apache.ratis.thirdparty.io.grpc.stub.ClientCalls.getUnchecked(ClientCalls.java:214)
	at org.apache.ratis.thirdparty.io.grpc.stub.ClientCalls.blockingUnaryCall(ClientCalls.java:139)
	at org.apache.ratis.proto.grpc.AdminProtocolServiceGrpc$AdminProtocolServiceBlockingStub.groupManagement(AdminProtocolServiceGrpc.java:274)
	at org.apache.ratis.grpc.client.GrpcClientProtocolClient.lambda$groupAdd$3(GrpcClientProtocolClient.java:149)
	at org.apache.ratis.grpc.client.GrpcClientProtocolClient.blockingCall(GrpcClientProtocolClient.java:176)
	... 25 more
2019-09-24 18:15:15,830 [grpc-default-executor-0] INFO  impl.RaftServerProxy (RaftServerProxy.java:addNew(89)) - 13c48e20-7299-470e-92b7-41ff11ac47c5: addNew group-3E08224F9EBD:[13c48e20-7299-470e-92b7-41ff11ac47c5:192.168.36.84:36500, 4e7f1cb9-4633-45c3-85c0-9982b1655b51:192.168.36.84:40637, f5999638-d985-4d9d-a96a-17e8999abea0:192.168.36.84:39819] returns group-3E08224F9EBD:java.util.concurrent.CompletableFuture@6b891626[Not completed]
2019-09-24 18:15:15,830 [grpc-default-executor-2] INFO  impl.RaftServerProxy (RaftServerProxy.java:addNew(89)) - 4e7f1cb9-4633-45c3-85c0-9982b1655b51: addNew group-3E08224F9EBD:[13c48e20-7299-470e-92b7-41ff11ac47c5:192.168.36.84:36500, 4e7f1cb9-4633-45c3-85c0-9982b1655b51:192.168.36.84:40637, f5999638-d985-4d9d-a96a-17e8999abea0:192.168.36.84:39819] returns group-3E08224F9EBD:java.util.concurrent.CompletableFuture@1b38b41b[Not completed]
2019-09-24 18:15:15,830 [grpc-default-executor-1] INFO  impl.RaftServerProxy (RaftServerProxy.java:addNew(89)) - f5999638-d985-4d9d-a96a-17e8999abea0: addNew group-3E08224F9EBD:[13c48e20-7299-470e-92b7-41ff11ac47c5:192.168.36.84:36500, 4e7f1cb9-4633-45c3-85c0-9982b1655b51:192.168.36.84:40637, f5999638-d985-4d9d-a96a-17e8999abea0:192.168.36.84:39819] returns group-3E08224F9EBD:java.util.concurrent.CompletableFuture@a2c53a4[Not completed]
2019-09-24 18:15:15,833 [pool-67-thread-1] INFO  impl.RaftServerImpl (RaftServerImpl.java:<init>(95)) - f5999638-d985-4d9d-a96a-17e8999abea0: new RaftServerImpl for group-3E08224F9EBD:[13c48e20-7299-470e-92b7-41ff11ac47c5:192.168.36.84:36500, 4e7f1cb9-4633-45c3-85c0-9982b1655b51:192.168.36.84:40637, f5999638-d985-4d9d-a96a-17e8999abea0:192.168.36.84:39819] with ContainerStateMachine:uninitialized
2019-09-24 18:15:15,833 [pool-67-thread-1] INFO  server.RaftServerConfigKeys (ConfUtils.java:logGet(43)) - raft.server.rpc.timeout.min = 5s (custom)
2019-09-24 18:15:15,833 [pool-67-thread-1] INFO  server.RaftServerConfigKeys (ConfUtils.java:logGet(43)) - raft.server.rpc.timeout.max = 5200ms (custom)
2019-09-24 18:15:15,834 [pool-67-thread-1] INFO  server.RaftServerConfigKeys (ConfUtils.java:logGet(43)) - raft.server.rpcslowness.timeout = 120s (custom)
2019-09-24 18:15:15,834 [pool-67-thread-1] INFO  server.RaftServerConfigKeys (ConfUtils.java:logGet(43)) - raft.server.sleep.deviation.threshold = 300 (default)
2019-09-24 18:15:15,834 [pool-67-thread-1] INFO  server.RaftServerConfigKeys (ConfUtils.java:logGet(43)) - raft.server.log.appender.install.snapshot.enabled = false (custom)
2019-09-24 18:15:15,834 [pool-67-thread-1] INFO  impl.RaftServerImpl (ServerState.java:<init>(103)) - f5999638-d985-4d9d-a96a-17e8999abea0@group-3E08224F9EBD: ConfigurationManager, init=-1: [13c48e20-7299-470e-92b7-41ff11ac47c5:192.168.36.84:36500, 4e7f1cb9-4633-45c3-85c0-9982b1655b51:192.168.36.84:40637, f5999638-d985-4d9d-a96a-17e8999abea0:192.168.36.84:39819], old=null, confs=<EMPTY_MAP>
2019-09-24 18:15:15,835 [pool-67-thread-1] INFO  server.RaftServerConfigKeys (ConfUtils.java:logGet(43)) - raft.server.storage.dir = [/workdir/hadoop-ozone/integration-test/target/test-dir/MiniOzoneClusterImpl-4070120b-f2bf-49a1-ba82-0323cc680d8e/datanode-4/data/ratis] (custom)
2019-09-24 18:15:15,835 [pool-87-thread-1] INFO  impl.RaftServerImpl (RaftServerImpl.java:<init>(95)) - 13c48e20-7299-470e-92b7-41ff11ac47c5: new RaftServerImpl for group-3E08224F9EBD:[13c48e20-7299-470e-92b7-41ff11ac47c5:192.168.36.84:36500, 4e7f1cb9-4633-45c3-85c0-9982b1655b51:192.168.36.84:40637, f5999638-d985-4d9d-a96a-17e8999abea0:192.168.36.84:39819] with ContainerStateMachine:uninitialized
2019-09-24 18:15:15,835 [pool-67-thread-1] INFO  storage.RaftStorageDirectory (RaftStorageDirectory.java:analyzeStorage(246)) - The storage directory /workdir/hadoop-ozone/integration-test/target/test-dir/MiniOzoneClusterImpl-4070120b-f2bf-49a1-ba82-0323cc680d8e/datanode-4/data/ratis/abac7698-beec-4670-940e-3e08224f9ebd does not exist. Creating ...
2019-09-24 18:15:15,835 [pool-87-thread-1] INFO  server.RaftServerConfigKeys (ConfUtils.java:logGet(43)) - raft.server.rpc.timeout.min = 5s (custom)
2019-09-24 18:15:15,836 [pool-87-thread-1] INFO  server.RaftServerConfigKeys (ConfUtils.java:logGet(43)) - raft.server.rpc.timeout.max = 5200ms (custom)
2019-09-24 18:15:15,836 [pool-87-thread-1] INFO  server.RaftServerConfigKeys (ConfUtils.java:logGet(43)) - raft.server.rpcslowness.timeout = 120s (custom)
2019-09-24 18:15:15,836 [pool-87-thread-1] INFO  server.RaftServerConfigKeys (ConfUtils.java:logGet(43)) - raft.server.sleep.deviation.threshold = 300 (default)
2019-09-24 18:15:15,836 [pool-87-thread-1] INFO  server.RaftServerConfigKeys (ConfUtils.java:logGet(43)) - raft.server.log.appender.install.snapshot.enabled = false (custom)
2019-09-24 18:15:15,837 [pool-87-thread-1] INFO  impl.RaftServerImpl (ServerState.java:<init>(103)) - 13c48e20-7299-470e-92b7-41ff11ac47c5@group-3E08224F9EBD: ConfigurationManager, init=-1: [13c48e20-7299-470e-92b7-41ff11ac47c5:192.168.36.84:36500, 4e7f1cb9-4633-45c3-85c0-9982b1655b51:192.168.36.84:40637, f5999638-d985-4d9d-a96a-17e8999abea0:192.168.36.84:39819], old=null, confs=<EMPTY_MAP>
2019-09-24 18:15:15,837 [pool-87-thread-1] INFO  server.RaftServerConfigKeys (ConfUtils.java:logGet(43)) - raft.server.storage.dir = [/workdir/hadoop-ozone/integration-test/target/test-dir/MiniOzoneClusterImpl-4070120b-f2bf-49a1-ba82-0323cc680d8e/datanode-6/data/ratis] (custom)
2019-09-24 18:15:15,837 [pool-87-thread-1] INFO  storage.RaftStorageDirectory (RaftStorageDirectory.java:analyzeStorage(246)) - The storage directory /workdir/hadoop-ozone/integration-test/target/test-dir/MiniOzoneClusterImpl-4070120b-f2bf-49a1-ba82-0323cc680d8e/datanode-6/data/ratis/abac7698-beec-4670-940e-3e08224f9ebd does not exist. Creating ...
2019-09-24 18:15:17,218 [Thread-248] INFO  impl.FollowerState (FollowerState.java:run(106)) - f5999638-d985-4d9d-a96a-17e8999abea0:group-465B7FBD215B changes to CANDIDATE, lastRpcTime:5062, electionTimeout:5059ms
2019-09-24 18:15:17,221 [Thread-248] INFO  impl.RoleInfo (RoleInfo.java:shutdownFollowerState(121)) - f5999638-d985-4d9d-a96a-17e8999abea0: shutdown FollowerState
2019-09-24 18:15:17,222 [Thread-248] INFO  impl.RaftServerImpl (RaftServerImpl.java:setRole(174)) - f5999638-d985-4d9d-a96a-17e8999abea0@group-465B7FBD215B: changes role from  FOLLOWER to CANDIDATE at term 0 for changeToCandidate
2019-09-24 18:15:17,226 [Thread-248] INFO  impl.RoleInfo (RoleInfo.java:updateAndGet(143)) - f5999638-d985-4d9d-a96a-17e8999abea0: start LeaderElection
2019-09-24 18:15:17,294 [Thread-247] INFO  impl.FollowerState (FollowerState.java:run(106)) - 13c48e20-7299-470e-92b7-41ff11ac47c5:group-465B7FBD215B changes to CANDIDATE, lastRpcTime:5137, electionTimeout:5135ms
2019-09-24 18:15:17,297 [Thread-247] INFO  impl.RoleInfo (RoleInfo.java:shutdownFollowerState(121)) - 13c48e20-7299-470e-92b7-41ff11ac47c5: shutdown FollowerState
2019-09-24 18:15:17,298 [Thread-247] INFO  impl.RaftServerImpl (RaftServerImpl.java:setRole(174)) - 13c48e20-7299-470e-92b7-41ff11ac47c5@group-465B7FBD215B: changes role from  FOLLOWER to CANDIDATE at term 0 for changeToCandidate
2019-09-24 18:15:17,298 [Thread-247] INFO  impl.RoleInfo (RoleInfo.java:updateAndGet(143)) - 13c48e20-7299-470e-92b7-41ff11ac47c5: start LeaderElection
2019-09-24 18:15:17,481 [pool-87-thread-1] INFO  storage.RaftStorageDirectory (RaftStorageDirectory.java:tryLock(328)) - Lock on /workdir/hadoop-ozone/integration-test/target/test-dir/MiniOzoneClusterImpl-4070120b-f2bf-49a1-ba82-0323cc680d8e/datanode-6/data/ratis/abac7698-beec-4670-940e-3e08224f9ebd/in_use.lock acquired by nodename 15203@pr-hdds-2171-6l6hb-1841322612
2019-09-24 18:15:17,481 [pool-27-thread-1] INFO  storage.RaftStorageDirectory (RaftStorageDirectory.java:tryLock(328)) - Lock on /workdir/hadoop-ozone/integration-test/target/test-dir/MiniOzoneClusterImpl-4070120b-f2bf-49a1-ba82-0323cc680d8e/datanode-0/data/ratis/5e6b2343-1cd3-416d-a3ac-465b7fbd215b/in_use.lock acquired by nodename 15203@pr-hdds-2171-6l6hb-1841322612
2019-09-24 18:15:17,481 [pool-67-thread-1] INFO  storage.RaftStorageDirectory (RaftStorageDirectory.java:tryLock(328)) - Lock on /workdir/hadoop-ozone/integration-test/target/test-dir/MiniOzoneClusterImpl-4070120b-f2bf-49a1-ba82-0323cc680d8e/datanode-4/data/ratis/abac7698-beec-4670-940e-3e08224f9ebd/in_use.lock acquired by nodename 15203@pr-hdds-2171-6l6hb-1841322612
2019-09-24 18:15:18,792 [RATISCREATEPIPELINE3] ERROR pipeline.RatisPipelineProvider (RatisPipelineProvider.java:lambda$null$5(235)) - Failed invoke Ratis rpc org.apache.hadoop.hdds.scm.pipeline.RatisPipelineProvider$$Lambda$181/1754498501@ba3289e for 4e7f1cb9-4633-45c3-85c0-9982b1655b51
org.apache.ratis.protocol.TimeoutIOException: deadline exceeded after 2997826048ns
	at org.apache.ratis.grpc.GrpcUtil.tryUnwrapException(GrpcUtil.java:82)
	at org.apache.ratis.grpc.GrpcUtil.unwrapException(GrpcUtil.java:75)
	at org.apache.ratis.grpc.client.GrpcClientProtocolClient.blockingCall(GrpcClientProtocolClient.java:178)
	at org.apache.ratis.grpc.client.GrpcClientProtocolClient.groupAdd(GrpcClientProtocolClient.java:147)
	at org.apache.ratis.grpc.client.GrpcClientRpc.sendRequest(GrpcClientRpc.java:94)
	at org.apache.ratis.client.impl.RaftClientImpl.sendRequest(RaftClientImpl.java:278)
	at org.apache.ratis.client.impl.RaftClientImpl.groupAdd(RaftClientImpl.java:205)
	at org.apache.hadoop.hdds.scm.pipeline.RatisPipelineProvider.lambda$initializePipeline$4(RatisPipelineProvider.java:196)
	at org.apache.hadoop.hdds.scm.pipeline.RatisPipelineProvider.lambda$null$5(RatisPipelineProvider.java:231)
	at java.util.stream.ForEachOps$ForEachOp$OfRef.accept(ForEachOps.java:184)
	at java.util.ArrayList$ArrayListSpliterator.forEachRemaining(ArrayList.java:1382)
	at java.util.stream.AbstractPipeline.copyInto(AbstractPipeline.java:482)
	at java.util.stream.ForEachOps$ForEachTask.compute(ForEachOps.java:291)
	at java.util.concurrent.CountedCompleter.exec(CountedCompleter.java:731)
	at java.util.concurrent.ForkJoinTask.doExec(ForkJoinTask.java:289)
	at java.util.concurrent.ForkJoinPool$WorkQueue.runTask(ForkJoinPool.java:1056)
	at java.util.concurrent.ForkJoinPool.runWorker(ForkJoinPool.java:1692)
	at java.util.concurrent.ForkJoinWorkerThread.run(ForkJoinWorkerThread.java:157)
Caused by: org.apache.ratis.thirdparty.io.grpc.StatusRuntimeException: DEADLINE_EXCEEDED: deadline exceeded after 2997826048ns
	at org.apache.ratis.thirdparty.io.grpc.stub.ClientCalls.toStatusRuntimeException(ClientCalls.java:233)
	at org.apache.ratis.thirdparty.io.grpc.stub.ClientCalls.getUnchecked(ClientCalls.java:214)
	at org.apache.ratis.thirdparty.io.grpc.stub.ClientCalls.blockingUnaryCall(ClientCalls.java:139)
	at org.apache.ratis.proto.grpc.AdminProtocolServiceGrpc$AdminProtocolServiceBlockingStub.groupManagement(AdminProtocolServiceGrpc.java:274)
	at org.apache.ratis.grpc.client.GrpcClientProtocolClient.lambda$groupAdd$3(GrpcClientProtocolClient.java:149)
	at org.apache.ratis.grpc.client.GrpcClientProtocolClient.blockingCall(GrpcClientProtocolClient.java:176)
	... 15 more
2019-09-24 18:15:18,796 [RATISCREATEPIPELINE1] ERROR pipeline.RatisPipelineProvider (RatisPipelineProvider.java:lambda$null$5(235)) - Failed invoke Ratis rpc org.apache.hadoop.hdds.scm.pipeline.RatisPipelineProvider$$Lambda$181/1754498501@ba3289e for f5999638-d985-4d9d-a96a-17e8999abea0
org.apache.ratis.protocol.TimeoutIOException: deadline exceeded after 2997712543ns
	at org.apache.ratis.grpc.GrpcUtil.tryUnwrapException(GrpcUtil.java:82)
	at org.apache.ratis.grpc.GrpcUtil.unwrapException(GrpcUtil.java:75)
	at org.apache.ratis.grpc.client.GrpcClientProtocolClient.blockingCall(GrpcClientProtocolClient.java:178)
	at org.apache.ratis.grpc.client.GrpcClientProtocolClient.groupAdd(GrpcClientProtocolClient.java:147)
	at org.apache.ratis.grpc.client.GrpcClientRpc.sendRequest(GrpcClientRpc.java:94)
	at org.apache.ratis.client.impl.RaftClientImpl.sendRequest(RaftClientImpl.java:278)
	at org.apache.ratis.client.impl.RaftClientImpl.groupAdd(RaftClientImpl.java:205)
	at org.apache.hadoop.hdds.scm.pipeline.RatisPipelineProvider.lambda$initializePipeline$4(RatisPipelineProvider.java:196)
	at org.apache.hadoop.hdds.scm.pipeline.RatisPipelineProvider.lambda$null$5(RatisPipelineProvider.java:231)
	at java.util.stream.ForEachOps$ForEachOp$OfRef.accept(ForEachOps.java:184)
	at java.util.ArrayList$ArrayListSpliterator.forEachRemaining(ArrayList.java:1382)
	at java.util.stream.AbstractPipeline.copyInto(AbstractPipeline.java:482)
	at java.util.stream.ForEachOps$ForEachTask.compute(ForEachOps.java:291)
	at java.util.concurrent.CountedCompleter.exec(CountedCompleter.java:731)
	at java.util.concurrent.ForkJoinTask.doExec(ForkJoinTask.java:289)
	at java.util.concurrent.ForkJoinTask.doInvoke(ForkJoinTask.java:401)
	at java.util.concurrent.ForkJoinTask.invoke(ForkJoinTask.java:734)
	at java.util.stream.ForEachOps$ForEachOp.evaluateParallel(ForEachOps.java:160)
	at java.util.stream.ForEachOps$ForEachOp$OfRef.evaluateParallel(ForEachOps.java:174)
	at java.util.stream.AbstractPipeline.evaluate(AbstractPipeline.java:233)
	at java.util.stream.ReferencePipeline.forEach(ReferencePipeline.java:418)
	at java.util.stream.ReferencePipeline$Head.forEach(ReferencePipeline.java:583)
	at org.apache.hadoop.hdds.scm.pipeline.RatisPipelineProvider.lambda$callRatisRpc$6(RatisPipelineProvider.java:225)
	at java.util.concurrent.ForkJoinTask$AdaptedRunnableAction.exec(ForkJoinTask.java:1386)
	at java.util.concurrent.ForkJoinTask.doExec(ForkJoinTask.java:289)
	at java.util.concurrent.ForkJoinPool$WorkQueue.runTask(ForkJoinPool.java:1056)
	at java.util.concurrent.ForkJoinPool.runWorker(ForkJoinPool.java:1692)
	at java.util.concurrent.ForkJoinWorkerThread.run(ForkJoinWorkerThread.java:157)
Caused by: org.apache.ratis.thirdparty.io.grpc.StatusRuntimeException: DEADLINE_EXCEEDED: deadline exceeded after 2997712543ns
	at org.apache.ratis.thirdparty.io.grpc.stub.ClientCalls.toStatusRuntimeException(ClientCalls.java:233)
	at org.apache.ratis.thirdparty.io.grpc.stub.ClientCalls.getUnchecked(ClientCalls.java:214)
	at org.apache.ratis.thirdparty.io.grpc.stub.ClientCalls.blockingUnaryCall(ClientCalls.java:139)
	at org.apache.ratis.proto.grpc.AdminProtocolServiceGrpc$AdminProtocolServiceBlockingStub.groupManagement(AdminProtocolServiceGrpc.java:274)
	at org.apache.ratis.grpc.client.GrpcClientProtocolClient.lambda$groupAdd$3(GrpcClientProtocolClient.java:149)
	at org.apache.ratis.grpc.client.GrpcClientProtocolClient.blockingCall(GrpcClientProtocolClient.java:176)
	... 25 more
2019-09-24 18:15:18,804 [RATISCREATEPIPELINE2] ERROR pipeline.RatisPipelineProvider (RatisPipelineProvider.java:lambda$null$5(235)) - Failed invoke Ratis rpc org.apache.hadoop.hdds.scm.pipeline.RatisPipelineProvider$$Lambda$181/1754498501@ba3289e for 13c48e20-7299-470e-92b7-41ff11ac47c5
org.apache.ratis.protocol.TimeoutIOException: deadline exceeded after 2999613654ns
	at org.apache.ratis.grpc.GrpcUtil.tryUnwrapException(GrpcUtil.java:82)
	at org.apache.ratis.grpc.GrpcUtil.unwrapException(GrpcUtil.java:75)
	at org.apache.ratis.grpc.client.GrpcClientProtocolClient.blockingCall(GrpcClientProtocolClient.java:178)
	at org.apache.ratis.grpc.client.GrpcClientProtocolClient.groupAdd(GrpcClientProtocolClient.java:147)
	at org.apache.ratis.grpc.client.GrpcClientRpc.sendRequest(GrpcClientRpc.java:94)
	at org.apache.ratis.client.impl.RaftClientImpl.sendRequest(RaftClientImpl.java:278)
	at org.apache.ratis.client.impl.RaftClientImpl.groupAdd(RaftClientImpl.java:205)
	at org.apache.hadoop.hdds.scm.pipeline.RatisPipelineProvider.lambda$initializePipeline$4(RatisPipelineProvider.java:196)
	at org.apache.hadoop.hdds.scm.pipeline.RatisPipelineProvider.lambda$null$5(RatisPipelineProvider.java:231)
	at java.util.stream.ForEachOps$ForEachOp$OfRef.accept(ForEachOps.java:184)
	at java.util.ArrayList$ArrayListSpliterator.forEachRemaining(ArrayList.java:1382)
	at java.util.stream.AbstractPipeline.copyInto(AbstractPipeline.java:482)
	at java.util.stream.ForEachOps$ForEachTask.compute(ForEachOps.java:291)
	at java.util.concurrent.CountedCompleter.exec(CountedCompleter.java:731)
	at java.util.concurrent.ForkJoinTask.doExec(ForkJoinTask.java:289)
	at java.util.concurrent.ForkJoinPool$WorkQueue.runTask(ForkJoinPool.java:1056)
	at java.util.concurrent.ForkJoinPool.runWorker(ForkJoinPool.java:1692)
	at java.util.concurrent.ForkJoinWorkerThread.run(ForkJoinWorkerThread.java:157)
Caused by: org.apache.ratis.thirdparty.io.grpc.StatusRuntimeException: DEADLINE_EXCEEDED: deadline exceeded after 2999613654ns
	at org.apache.ratis.thirdparty.io.grpc.stub.ClientCalls.toStatusRuntimeException(ClientCalls.java:233)
	at org.apache.ratis.thirdparty.io.grpc.stub.ClientCalls.getUnchecked(ClientCalls.java:214)
	at org.apache.ratis.thirdparty.io.grpc.stub.ClientCalls.blockingUnaryCall(ClientCalls.java:139)
	at org.apache.ratis.proto.grpc.AdminProtocolServiceGrpc$AdminProtocolServiceBlockingStub.groupManagement(AdminProtocolServiceGrpc.java:274)
	at org.apache.ratis.grpc.client.GrpcClientProtocolClient.lambda$groupAdd$3(GrpcClientProtocolClient.java:149)
	at org.apache.ratis.grpc.client.GrpcClientProtocolClient.blockingCall(GrpcClientProtocolClient.java:176)
	... 15 more
2019-09-24 18:15:18,834 [grpc-default-executor-2] INFO  impl.RaftServerProxy (RaftServerProxy.java:addNew(89)) - 13c48e20-7299-470e-92b7-41ff11ac47c5: addNew group-10F5C818BAD8:[13c48e20-7299-470e-92b7-41ff11ac47c5:192.168.36.84:36500, 4e7f1cb9-4633-45c3-85c0-9982b1655b51:192.168.36.84:40637, f5999638-d985-4d9d-a96a-17e8999abea0:192.168.36.84:39819] returns group-10F5C818BAD8:java.util.concurrent.CompletableFuture@63fa4f6e[Not completed]
2019-09-24 18:15:18,837 [grpc-default-executor-1] INFO  impl.RaftServerProxy (RaftServerProxy.java:addNew(89)) - 4e7f1cb9-4633-45c3-85c0-9982b1655b51: addNew group-10F5C818BAD8:[13c48e20-7299-470e-92b7-41ff11ac47c5:192.168.36.84:36500, 4e7f1cb9-4633-45c3-85c0-9982b1655b51:192.168.36.84:40637, f5999638-d985-4d9d-a96a-17e8999abea0:192.168.36.84:39819] returns group-10F5C818BAD8:java.util.concurrent.CompletableFuture@33fde0a4[Not completed]
2019-09-24 18:15:18,837 [grpc-default-executor-2] INFO  impl.RaftServerProxy (RaftServerProxy.java:addNew(89)) - f5999638-d985-4d9d-a96a-17e8999abea0: addNew group-10F5C818BAD8:[13c48e20-7299-470e-92b7-41ff11ac47c5:192.168.36.84:36500, 4e7f1cb9-4633-45c3-85c0-9982b1655b51:192.168.36.84:40637, f5999638-d985-4d9d-a96a-17e8999abea0:192.168.36.84:39819] returns group-10F5C818BAD8:java.util.concurrent.CompletableFuture@29f99c8[Not completed]
2019-09-24 18:15:21,826 [RATISCREATEPIPELINE1] ERROR pipeline.RatisPipelineProvider (RatisPipelineProvider.java:lambda$null$5(235)) - Failed invoke Ratis rpc org.apache.hadoop.hdds.scm.pipeline.RatisPipelineProvider$$Lambda$181/1754498501@a1b8ba0 for f5999638-d985-4d9d-a96a-17e8999abea0
org.apache.ratis.protocol.TimeoutIOException: deadline exceeded after 2999719027ns
	at org.apache.ratis.grpc.GrpcUtil.tryUnwrapException(GrpcUtil.java:82)
	at org.apache.ratis.grpc.GrpcUtil.unwrapException(GrpcUtil.java:75)
	at org.apache.ratis.grpc.client.GrpcClientProtocolClient.blockingCall(GrpcClientProtocolClient.java:178)
	at org.apache.ratis.grpc.client.GrpcClientProtocolClient.groupAdd(GrpcClientProtocolClient.java:147)
	at org.apache.ratis.grpc.client.GrpcClientRpc.sendRequest(GrpcClientRpc.java:94)
	at org.apache.ratis.client.impl.RaftClientImpl.sendRequest(RaftClientImpl.java:278)
	at org.apache.ratis.client.impl.RaftClientImpl.groupAdd(RaftClientImpl.java:205)
	at org.apache.hadoop.hdds.scm.pipeline.RatisPipelineProvider.lambda$initializePipeline$4(RatisPipelineProvider.java:196)
	at org.apache.hadoop.hdds.scm.pipeline.RatisPipelineProvider.lambda$null$5(RatisPipelineProvider.java:231)
	at java.util.stream.ForEachOps$ForEachOp$OfRef.accept(ForEachOps.java:184)
	at java.util.ArrayList$ArrayListSpliterator.forEachRemaining(ArrayList.java:1382)
	at java.util.stream.AbstractPipeline.copyInto(AbstractPipeline.java:482)
	at java.util.stream.ForEachOps$ForEachTask.compute(ForEachOps.java:291)
	at java.util.concurrent.CountedCompleter.exec(CountedCompleter.java:731)
	at java.util.concurrent.ForkJoinTask.doExec(ForkJoinTask.java:289)
	at java.util.concurrent.ForkJoinTask.doInvoke(ForkJoinTask.java:401)
	at java.util.concurrent.ForkJoinTask.invoke(ForkJoinTask.java:734)
	at java.util.stream.ForEachOps$ForEachOp.evaluateParallel(ForEachOps.java:160)
	at java.util.stream.ForEachOps$ForEachOp$OfRef.evaluateParallel(ForEachOps.java:174)
	at java.util.stream.AbstractPipeline.evaluate(AbstractPipeline.java:233)
	at java.util.stream.ReferencePipeline.forEach(ReferencePipeline.java:418)
	at java.util.stream.ReferencePipeline$Head.forEach(ReferencePipeline.java:583)
	at org.apache.hadoop.hdds.scm.pipeline.RatisPipelineProvider.lambda$callRatisRpc$6(RatisPipelineProvider.java:225)
	at java.util.concurrent.ForkJoinTask$AdaptedRunnableAction.exec(ForkJoinTask.java:1386)
	at java.util.concurrent.ForkJoinTask.doExec(ForkJoinTask.java:289)
	at java.util.concurrent.ForkJoinPool$WorkQueue.runTask(ForkJoinPool.java:1056)
	at java.util.concurrent.ForkJoinPool.runWorker(ForkJoinPool.java:1692)
	at java.util.concurrent.ForkJoinWorkerThread.run(ForkJoinWorkerThread.java:157)
Caused by: org.apache.ratis.thirdparty.io.grpc.StatusRuntimeException: DEADLINE_EXCEEDED: deadline exceeded after 2999719027ns
	at org.apache.ratis.thirdparty.io.grpc.stub.ClientCalls.toStatusRuntimeException(ClientCalls.java:233)
	at org.apache.ratis.thirdparty.io.grpc.stub.ClientCalls.getUnchecked(ClientCalls.java:214)
	at org.apache.ratis.thirdparty.io.grpc.stub.ClientCalls.blockingUnaryCall(ClientCalls.java:139)
	at org.apache.ratis.proto.grpc.AdminProtocolServiceGrpc$AdminProtocolServiceBlockingStub.groupManagement(AdminProtocolServiceGrpc.java:274)
	at org.apache.ratis.grpc.client.GrpcClientProtocolClient.lambda$groupAdd$3(GrpcClientProtocolClient.java:149)
	at org.apache.ratis.grpc.client.GrpcClientProtocolClient.blockingCall(GrpcClientProtocolClient.java:176)
	... 25 more
2019-09-24 18:15:21,828 [RATISCREATEPIPELINE2] ERROR pipeline.RatisPipelineProvider (RatisPipelineProvider.java:lambda$null$5(235)) - Failed invoke Ratis rpc org.apache.hadoop.hdds.scm.pipeline.RatisPipelineProvider$$Lambda$181/1754498501@a1b8ba0 for 13c48e20-7299-470e-92b7-41ff11ac47c5
org.apache.ratis.protocol.TimeoutIOException: deadline exceeded after 2997801694ns
	at org.apache.ratis.grpc.GrpcUtil.tryUnwrapException(GrpcUtil.java:82)
	at org.apache.ratis.grpc.GrpcUtil.unwrapException(GrpcUtil.java:75)
	at org.apache.ratis.grpc.client.GrpcClientProtocolClient.blockingCall(GrpcClientProtocolClient.java:178)
	at org.apache.ratis.grpc.client.GrpcClientProtocolClient.groupAdd(GrpcClientProtocolClient.java:147)
	at org.apache.ratis.grpc.client.GrpcClientRpc.sendRequest(GrpcClientRpc.java:94)
	at org.apache.ratis.client.impl.RaftClientImpl.sendRequest(RaftClientImpl.java:278)
	at org.apache.ratis.client.impl.RaftClientImpl.groupAdd(RaftClientImpl.java:205)
	at org.apache.hadoop.hdds.scm.pipeline.RatisPipelineProvider.lambda$initializePipeline$4(RatisPipelineProvider.java:196)
	at org.apache.hadoop.hdds.scm.pipeline.RatisPipelineProvider.lambda$null$5(RatisPipelineProvider.java:231)
	at java.util.stream.ForEachOps$ForEachOp$OfRef.accept(ForEachOps.java:184)
	at java.util.ArrayList$ArrayListSpliterator.forEachRemaining(ArrayList.java:1382)
	at java.util.stream.AbstractPipeline.copyInto(AbstractPipeline.java:482)
	at java.util.stream.ForEachOps$ForEachTask.compute(ForEachOps.java:291)
	at java.util.concurrent.CountedCompleter.exec(CountedCompleter.java:731)
	at java.util.concurrent.ForkJoinTask.doExec(ForkJoinTask.java:289)
	at java.util.concurrent.ForkJoinPool$WorkQueue.runTask(ForkJoinPool.java:1056)
	at java.util.concurrent.ForkJoinPool.runWorker(ForkJoinPool.java:1692)
	at java.util.concurrent.ForkJoinWorkerThread.run(ForkJoinWorkerThread.java:157)
Caused by: org.apache.ratis.thirdparty.io.grpc.StatusRuntimeException: DEADLINE_EXCEEDED: deadline exceeded after 2997801694ns
	at org.apache.ratis.thirdparty.io.grpc.stub.ClientCalls.toStatusRuntimeException(ClientCalls.java:233)
	at org.apache.ratis.thirdparty.io.grpc.stub.ClientCalls.getUnchecked(ClientCalls.java:214)
	at org.apache.ratis.thirdparty.io.grpc.stub.ClientCalls.blockingUnaryCall(ClientCalls.java:139)
	at org.apache.ratis.proto.grpc.AdminProtocolServiceGrpc$AdminProtocolServiceBlockingStub.groupManagement(AdminProtocolServiceGrpc.java:274)
	at org.apache.ratis.grpc.client.GrpcClientProtocolClient.lambda$groupAdd$3(GrpcClientProtocolClient.java:149)
	at org.apache.ratis.grpc.client.GrpcClientProtocolClient.blockingCall(GrpcClientProtocolClient.java:176)
	... 15 more
2019-09-24 18:15:21,849 [RATISCREATEPIPELINE3] ERROR pipeline.RatisPipelineProvider (RatisPipelineProvider.java:lambda$null$5(235)) - Failed invoke Ratis rpc org.apache.hadoop.hdds.scm.pipeline.RatisPipelineProvider$$Lambda$181/1754498501@a1b8ba0 for 4e7f1cb9-4633-45c3-85c0-9982b1655b51
org.apache.ratis.protocol.TimeoutIOException
	at org.apache.ratis.grpc.GrpcUtil.tryUnwrapException(GrpcUtil.java:82)
	at org.apache.ratis.grpc.GrpcUtil.unwrapException(GrpcUtil.java:75)
	at org.apache.ratis.grpc.client.GrpcClientProtocolClient.blockingCall(GrpcClientProtocolClient.java:178)
	at org.apache.ratis.grpc.client.GrpcClientProtocolClient.groupAdd(GrpcClientProtocolClient.java:147)
	at org.apache.ratis.grpc.client.GrpcClientRpc.sendRequest(GrpcClientRpc.java:94)
	at org.apache.ratis.client.impl.RaftClientImpl.sendRequest(RaftClientImpl.java:278)
	at org.apache.ratis.client.impl.RaftClientImpl.groupAdd(RaftClientImpl.java:205)
	at org.apache.hadoop.hdds.scm.pipeline.RatisPipelineProvider.lambda$initializePipeline$4(RatisPipelineProvider.java:196)
	at org.apache.hadoop.hdds.scm.pipeline.RatisPipelineProvider.lambda$null$5(RatisPipelineProvider.java:231)
	at java.util.stream.ForEachOps$ForEachOp$OfRef.accept(ForEachOps.java:184)
	at java.util.ArrayList$ArrayListSpliterator.forEachRemaining(ArrayList.java:1382)
	at java.util.stream.AbstractPipeline.copyInto(AbstractPipeline.java:482)
	at java.util.stream.ForEachOps$ForEachTask.compute(ForEachOps.java:291)
	at java.util.concurrent.CountedCompleter.exec(CountedCompleter.java:731)
	at java.util.concurrent.ForkJoinTask.doExec(ForkJoinTask.java:289)
	at java.util.concurrent.ForkJoinPool$WorkQueue.runTask(ForkJoinPool.java:1056)
	at java.util.concurrent.ForkJoinPool.runWorker(ForkJoinPool.java:1692)
	at java.util.concurrent.ForkJoinWorkerThread.run(ForkJoinWorkerThread.java:157)
Caused by: org.apache.ratis.thirdparty.io.grpc.StatusRuntimeException: DEADLINE_EXCEEDED
	at org.apache.ratis.thirdparty.io.grpc.stub.ClientCalls.toStatusRuntimeException(ClientCalls.java:233)
	at org.apache.ratis.thirdparty.io.grpc.stub.ClientCalls.getUnchecked(ClientCalls.java:214)
	at org.apache.ratis.thirdparty.io.grpc.stub.ClientCalls.blockingUnaryCall(ClientCalls.java:139)
	at org.apache.ratis.proto.grpc.AdminProtocolServiceGrpc$AdminProtocolServiceBlockingStub.groupManagement(AdminProtocolServiceGrpc.java:274)
	at org.apache.ratis.grpc.client.GrpcClientProtocolClient.lambda$groupAdd$3(GrpcClientProtocolClient.java:149)
	at org.apache.ratis.grpc.client.GrpcClientProtocolClient.blockingCall(GrpcClientProtocolClient.java:176)
	... 15 more
2019-09-24 18:15:21,851 [IPC Server handler 0 on 44681] WARN  block.BlockManagerImpl (BlockManagerImpl.java:allocateBlock(192)) - Pipeline creation failed for type:RATIS factor:THREE. Retrying get pipelines call once.
org.apache.hadoop.io.MultipleIOException: 3 exceptions [java.io.IOException: Failed invoke Ratis rpc org.apache.hadoop.hdds.scm.pipeline.RatisPipelineProvider$$Lambda$181/1754498501@a1b8ba0 for f5999638-d985-4d9d-a96a-17e8999abea0, java.io.IOException: Failed invoke Ratis rpc org.apache.hadoop.hdds.scm.pipeline.RatisPipelineProvider$$Lambda$181/1754498501@a1b8ba0 for 13c48e20-7299-470e-92b7-41ff11ac47c5, java.io.IOException: Failed invoke Ratis rpc org.apache.hadoop.hdds.scm.pipeline.RatisPipelineProvider$$Lambda$181/1754498501@a1b8ba0 for 4e7f1cb9-4633-45c3-85c0-9982b1655b51]
	at org.apache.hadoop.io.MultipleIOException.createIOException(MultipleIOException.java:53)
	at org.apache.hadoop.hdds.scm.pipeline.RatisPipelineProvider.callRatisRpc(RatisPipelineProvider.java:251)
	at org.apache.hadoop.hdds.scm.pipeline.RatisPipelineProvider.initializePipeline(RatisPipelineProvider.java:194)
	at org.apache.hadoop.hdds.scm.pipeline.RatisPipelineProvider.create(RatisPipelineProvider.java:163)
	at org.apache.hadoop.hdds.scm.pipeline.PipelineFactory.create(PipelineFactory.java:58)
	at org.apache.hadoop.hdds.scm.pipeline.SCMPipelineManager.createPipeline(SCMPipelineManager.java:155)
	at org.apache.hadoop.hdds.scm.block.BlockManagerImpl.allocateBlock(BlockManagerImpl.java:190)
	at org.apache.hadoop.hdds.scm.server.SCMBlockProtocolServer.allocateBlock(SCMBlockProtocolServer.java:182)
	at org.apache.hadoop.ozone.protocolPB.ScmBlockLocationProtocolServerSideTranslatorPB.allocateScmBlock(ScmBlockLocationProtocolServerSideTranslatorPB.java:183)
	at org.apache.hadoop.ozone.protocolPB.ScmBlockLocationProtocolServerSideTranslatorPB.processMessage(ScmBlockLocationProtocolServerSideTranslatorPB.java:141)
	at org.apache.hadoop.ozone.protocolPB.ScmBlockLocationProtocolServerSideTranslatorPB.send(ScmBlockLocationProtocolServerSideTranslatorPB.java:116)
	at org.apache.hadoop.hdds.protocol.proto.ScmBlockLocationProtocolProtos$ScmBlockLocationProtocolService$2.callBlockingMethod(ScmBlockLocationProtocolProtos.java:13157)
	at org.apache.hadoop.ipc.ProtobufRpcEngine$Server$ProtoBufRpcInvoker.call(ProtobufRpcEngine.java:524)
	at org.apache.hadoop.ipc.RPC$Server.call(RPC.java:1025)
	at org.apache.hadoop.ipc.Server$RpcCall.run(Server.java:876)
	at org.apache.hadoop.ipc.Server$RpcCall.run(Server.java:822)
	at java.security.AccessController.doPrivileged(Native Method)
	at javax.security.auth.Subject.doAs(Subject.java:422)
	at org.apache.hadoop.security.UserGroupInformation.doAs(UserGroupInformation.java:1730)
	at org.apache.hadoop.ipc.Server$Handler.run(Server.java:2682)
2019-09-24 18:15:21,852 [IPC Server handler 0 on 44681] INFO  block.BlockManagerImpl (BlockManagerImpl.java:allocateBlock(198)) - Could not find available pipeline of type:RATIS and factor:THREE even after retrying
2019-09-24 18:15:21,852 [IPC Server handler 0 on 44681] ERROR block.BlockManagerImpl (BlockManagerImpl.java:allocateBlock(222)) - Unable to allocate a block for the size: 800, type: RATIS, factor: THREE
2019-09-24 18:15:21,862 [main] INFO  ozone.MiniOzoneClusterImpl (MiniOzoneClusterImpl.java:shutdown(314)) - Shutting down the Mini Ozone Cluster
2019-09-24 18:15:21,863 [main] INFO  ozone.MiniOzoneClusterImpl (MiniOzoneClusterImpl.java:stop(330)) - Stopping the Mini Ozone Cluster
2019-09-24 18:15:21,863 [main] INFO  ozone.MiniOzoneClusterImpl (MiniOzoneClusterImpl.java:stopOM(400)) - Stopping the OzoneManager
2019-09-24 18:15:21,863 [main] INFO  ipc.Server (Server.java:stop(3082)) - Stopping server on 41314
2019-09-24 18:15:21,875 [IPC Server listener on 41314] INFO  ipc.Server (Server.java:run(1185)) - Stopping IPC Server listener on 41314
2019-09-24 18:15:21,876 [main] INFO  ratis.OzoneManagerDoubleBuffer (OzoneManagerDoubleBuffer.java:stop(248)) - Stopping OMDoubleBuffer flush thread
2019-09-24 18:15:21,886 [IPC Server Responder] INFO  ipc.Server (Server.java:run(1319)) - Stopping IPC Server Responder
2019-09-24 18:15:21,889 [OMDoubleBufferFlushThread] INFO  ratis.OzoneManagerDoubleBuffer (OzoneManagerDoubleBuffer.java:flushTransactions(191)) - OMDoubleBuffer flush thread OMDoubleBufferFlushThread is interrupted and will exit. OMDoubleBufferFlushThread
2019-09-24 18:15:21,892 [main] INFO  utils.BackgroundService (BackgroundService.java:shutdown(148)) - Shutting down service KeyDeletingService
2019-09-24 18:15:21,897 [main] INFO  handler.ContextHandler (ContextHandler.java:doStop(910)) - Stopped o.e.j.w.WebAppContext@1ecfcbc9{/,null,UNAVAILABLE}{/ozoneManager}
2019-09-24 18:15:21,905 [main] INFO  server.AbstractConnector (AbstractConnector.java:doStop(318)) - Stopped ServerConnector@1965539b{HTTP/1.1,[http/1.1]}{0.0.0.0:0}
2019-09-24 18:15:21,905 [main] INFO  handler.ContextHandler (ContextHandler.java:doStop(910)) - Stopped o.e.j.s.ServletContextHandler@67001148{/static,file:///workdir/hadoop-ozone/integration-test/target/test-classes/webapps/static,UNAVAILABLE}
2019-09-24 18:15:21,906 [main] INFO  handler.ContextHandler (ContextHandler.java:doStop(910)) - Stopped o.e.j.s.ServletContextHandler@4cafa9aa{/logs,file:///workdir/hadoop-ozone/integration-test/target/log,UNAVAILABLE}
2019-09-24 18:15:21,910 [main] INFO  ozone.MiniOzoneClusterImpl (MiniOzoneClusterImpl.java:stopDatanodes(377)) - Stopping the HddsDatanodes
2019-09-24 18:15:22,456 [f5999638-d985-4d9d-a96a-17e8999abea0@group-465B7FBD215B:LeaderElection1] INFO  impl.LeaderElection (LeaderElection.java:askForVotes(182)) - f5999638-d985-4d9d-a96a-17e8999abea0@group-465B7FBD215B:LeaderElection1: begin an election at term 1 for -1: [13c48e20-7299-470e-92b7-41ff11ac47c5:192.168.36.84:36500, 4e7f1cb9-4633-45c3-85c0-9982b1655b51:192.168.36.84:40637, f5999638-d985-4d9d-a96a-17e8999abea0:192.168.36.84:39819], old=null
2019-09-24 18:15:22,459 [pool-27-thread-1] INFO  storage.RaftStorage (RaftStorage.java:format(72)) - Storage directory /workdir/hadoop-ozone/integration-test/target/test-dir/MiniOzoneClusterImpl-4070120b-f2bf-49a1-ba82-0323cc680d8e/datanode-0/data/ratis/5e6b2343-1cd3-416d-a3ac-465b7fbd215b has been successfully formatted.
2019-09-24 18:15:22,459 [pool-87-thread-1] INFO  storage.RaftStorage (RaftStorage.java:format(72)) - Storage directory /workdir/hadoop-ozone/integration-test/target/test-dir/MiniOzoneClusterImpl-4070120b-f2bf-49a1-ba82-0323cc680d8e/datanode-6/data/ratis/abac7698-beec-4670-940e-3e08224f9ebd has been successfully formatted.
2019-09-24 18:15:22,459 [pool-67-thread-1] INFO  storage.RaftStorage (RaftStorage.java:format(72)) - Storage directory /workdir/hadoop-ozone/integration-test/target/test-dir/MiniOzoneClusterImpl-4070120b-f2bf-49a1-ba82-0323cc680d8e/datanode-4/data/ratis/abac7698-beec-4670-940e-3e08224f9ebd has been successfully formatted.
2019-09-24 18:15:22,460 [pool-87-thread-1] INFO  ratis.ContainerStateMachine (ContainerStateMachine.java:loadSnapshot(230)) - group-3E08224F9EBD: The snapshot info is null. Setting the last applied indexto:(t:0, i:~)
2019-09-24 18:15:22,460 [pool-67-thread-1] INFO  ratis.ContainerStateMachine (ContainerStateMachine.java:loadSnapshot(230)) - group-3E08224F9EBD: The snapshot info is null. Setting the last applied indexto:(t:0, i:~)
2019-09-24 18:15:22,456 [13c48e20-7299-470e-92b7-41ff11ac47c5@group-465B7FBD215B:LeaderElection2] INFO  impl.LeaderElection (LeaderElection.java:askForVotes(182)) - 13c48e20-7299-470e-92b7-41ff11ac47c5@group-465B7FBD215B:LeaderElection2: begin an election at term 1 for -1: [13c48e20-7299-470e-92b7-41ff11ac47c5:192.168.36.84:36500, 4e7f1cb9-4633-45c3-85c0-9982b1655b51:192.168.36.84:40637, f5999638-d985-4d9d-a96a-17e8999abea0:192.168.36.84:39819], old=null
2019-09-24 18:15:22,460 [pool-67-thread-1] INFO  server.RaftServerConfigKeys (ConfUtils.java:logGet(43)) - raft.server.notification.no-leader.timeout = 120s (custom)
2019-09-24 18:15:22,460 [pool-87-thread-1] INFO  server.RaftServerConfigKeys (ConfUtils.java:logGet(43)) - raft.server.notification.no-leader.timeout = 120s (custom)
2019-09-24 18:15:22,460 [pool-27-thread-1] INFO  ratis.ContainerStateMachine (ContainerStateMachine.java:loadSnapshot(230)) - group-465B7FBD215B: The snapshot info is null. Setting the last applied indexto:(t:0, i:~)
2019-09-24 18:15:22,461 [pool-87-thread-1] INFO  server.RaftServerConfigKeys (ConfUtils.java:logGet(43)) - raft.server.log.use.memory = false (default)
2019-09-24 18:15:22,461 [pool-67-thread-1] INFO  server.RaftServerConfigKeys (ConfUtils.java:logGet(43)) - raft.server.log.use.memory = false (default)
2019-09-24 18:15:22,461 [pool-87-thread-1] INFO  server.RaftServerConfigKeys (ConfUtils.java:logGet(43)) - raft.server.log.purge.gap = 1000000 (custom)
2019-09-24 18:15:22,461 [pool-27-thread-1] INFO  server.RaftServerConfigKeys (ConfUtils.java:logGet(43)) - raft.server.notification.no-leader.timeout = 120s (custom)
2019-09-24 18:15:22,462 [pool-87-thread-1] INFO  server.RaftServerConfigKeys (ConfUtils.java:logGet(43)) - raft.server.log.appender.buffer.byte-limit = 33554432 (custom)
2019-09-24 18:15:22,461 [pool-67-thread-1] INFO  server.RaftServerConfigKeys (ConfUtils.java:logGet(43)) - raft.server.log.purge.gap = 1000000 (custom)
2019-09-24 18:15:22,462 [pool-87-thread-1] INFO  server.RaftServerConfigKeys (ConfUtils.java:logGet(43)) - raft.server.log.segment.size.max = 1048576 (custom)
2019-09-24 18:15:22,462 [pool-27-thread-1] INFO  server.RaftServerConfigKeys (ConfUtils.java:logGet(43)) - raft.server.log.use.memory = false (default)
2019-09-24 18:15:22,462 [pool-87-thread-1] INFO  server.RaftServerConfigKeys (ConfUtils.java:logGet(43)) - raft.server.log.segment.cache.num.max = 2 (custom)
2019-09-24 18:15:22,462 [pool-67-thread-1] INFO  server.RaftServerConfigKeys (ConfUtils.java:logGet(43)) - raft.server.log.appender.buffer.byte-limit = 33554432 (custom)
2019-09-24 18:15:22,463 [pool-87-thread-1] INFO  segmented.SegmentedRaftLogWorker (SegmentedRaftLogWorker.java:<init>(172)) - new 13c48e20-7299-470e-92b7-41ff11ac47c5@group-3E08224F9EBD-SegmentedRaftLogWorker for RaftStorage:Storage Directory /workdir/hadoop-ozone/integration-test/target/test-dir/MiniOzoneClusterImpl-4070120b-f2bf-49a1-ba82-0323cc680d8e/datanode-6/data/ratis/abac7698-beec-4670-940e-3e08224f9ebd
2019-09-24 18:15:22,462 [pool-27-thread-1] INFO  server.RaftServerConfigKeys (ConfUtils.java:logGet(43)) - raft.server.log.purge.gap = 1000000 (custom)
2019-09-24 18:15:22,463 [pool-87-thread-1] INFO  server.RaftServerConfigKeys (ConfUtils.java:logGet(43)) - raft.server.log.queue.byte-limit = 2147483647 (custom)
2019-09-24 18:15:22,463 [pool-67-thread-1] INFO  server.RaftServerConfigKeys (ConfUtils.java:logGet(43)) - raft.server.log.segment.size.max = 1048576 (custom)
2019-09-24 18:15:22,463 [pool-87-thread-1] INFO  server.RaftServerConfigKeys (ConfUtils.java:logGet(43)) - raft.server.log.queue.element-limit = 1024 (custom)
2019-09-24 18:15:22,463 [pool-27-thread-1] INFO  server.RaftServerConfigKeys (ConfUtils.java:logGet(43)) - raft.server.log.appender.buffer.byte-limit = 33554432 (custom)
2019-09-24 18:15:22,464 [pool-87-thread-1] INFO  server.RaftServerConfigKeys (ConfUtils.java:logGet(43)) - raft.server.log.segment.size.max = 1048576 (custom)
2019-09-24 18:15:22,463 [pool-67-thread-1] INFO  server.RaftServerConfigKeys (ConfUtils.java:logGet(43)) - raft.server.log.segment.cache.num.max = 2 (custom)
2019-09-24 18:15:22,464 [pool-87-thread-1] INFO  server.RaftServerConfigKeys (ConfUtils.java:logGet(43)) - raft.server.log.preallocated.size = 16384 (custom)
2019-09-24 18:15:22,464 [pool-27-thread-1] INFO  server.RaftServerConfigKeys (ConfUtils.java:logGet(43)) - raft.server.log.segment.size.max = 1048576 (custom)
2019-09-24 18:15:22,464 [pool-87-thread-1] INFO  server.RaftServerConfigKeys (ConfUtils.java:logGet(43)) - raft.server.log.write.buffer.size = 33554432 (custom)
2019-09-24 18:15:22,464 [pool-67-thread-1] INFO  segmented.SegmentedRaftLogWorker (SegmentedRaftLogWorker.java:<init>(172)) - new f5999638-d985-4d9d-a96a-17e8999abea0@group-3E08224F9EBD-SegmentedRaftLogWorker for RaftStorage:Storage Directory /workdir/hadoop-ozone/integration-test/target/test-dir/MiniOzoneClusterImpl-4070120b-f2bf-49a1-ba82-0323cc680d8e/datanode-4/data/ratis/abac7698-beec-4670-940e-3e08224f9ebd
2019-09-24 18:15:22,465 [pool-87-thread-1] INFO  server.RaftServerConfigKeys (ConfUtils.java:logGet(43)) - raft.server.log.force.sync.num = 128 (default)
2019-09-24 18:15:22,465 [pool-27-thread-1] INFO  server.RaftServerConfigKeys (ConfUtils.java:logGet(43)) - raft.server.log.segment.cache.num.max = 2 (custom)
2019-09-24 18:15:22,465 [pool-87-thread-1] INFO  server.RaftServerConfigKeys (ConfUtils.java:logGet(43)) - raft.server.log.statemachine.data.sync = true (default)
2019-09-24 18:15:22,465 [pool-67-thread-1] INFO  server.RaftServerConfigKeys (ConfUtils.java:logGet(43)) - raft.server.log.queue.byte-limit = 2147483647 (custom)
2019-09-24 18:15:22,466 [pool-87-thread-1] INFO  server.RaftServerConfigKeys (ConfUtils.java:logGet(43)) - raft.server.log.statemachine.data.sync.timeout = 10s (default)
2019-09-24 18:15:22,465 [pool-27-thread-1] INFO  segmented.SegmentedRaftLogWorker (SegmentedRaftLogWorker.java:<init>(172)) - new 4e7f1cb9-4633-45c3-85c0-9982b1655b51@group-465B7FBD215B-SegmentedRaftLogWorker for RaftStorage:Storage Directory /workdir/hadoop-ozone/integration-test/target/test-dir/MiniOzoneClusterImpl-4070120b-f2bf-49a1-ba82-0323cc680d8e/datanode-0/data/ratis/5e6b2343-1cd3-416d-a3ac-465b7fbd215b
2019-09-24 18:15:22,466 [pool-87-thread-1] INFO  server.RaftServerConfigKeys (ConfUtils.java:logGet(43)) - raft.server.log.statemachine.data.sync.timeout.retry = -1 (default)
2019-09-24 18:15:22,466 [pool-67-thread-1] INFO  server.RaftServerConfigKeys (ConfUtils.java:logGet(43)) - raft.server.log.queue.element-limit = 1024 (custom)
2019-09-24 18:15:22,466 [pool-87-thread-1] INFO  server.RaftServerConfigKeys (ConfUtils.java:logGet(43)) - raft.server.log.statemachine.data.caching.enabled = true (custom)
2019-09-24 18:15:22,466 [pool-27-thread-1] INFO  server.RaftServerConfigKeys (ConfUtils.java:logGet(43)) - raft.server.log.queue.byte-limit = 2147483647 (custom)
2019-09-24 18:15:22,466 [pool-67-thread-1] INFO  server.RaftServerConfigKeys (ConfUtils.java:logGet(43)) - raft.server.log.segment.size.max = 1048576 (custom)
2019-09-24 18:15:22,467 [pool-87-thread-1] INFO  segmented.SegmentedRaftLogWorker (SegmentedRaftLogWorker.java:lambda$new$0(132)) - 13c48e20-7299-470e-92b7-41ff11ac47c5@group-3E08224F9EBD-SegmentedRaftLogWorker: flushIndex: setUnconditionally 0 -> -1
2019-09-24 18:15:22,467 [pool-27-thread-1] INFO  server.RaftServerConfigKeys (ConfUtils.java:logGet(43)) - raft.server.log.queue.element-limit = 1024 (custom)
2019-09-24 18:15:22,467 [pool-67-thread-1] INFO  server.RaftServerConfigKeys (ConfUtils.java:logGet(43)) - raft.server.log.preallocated.size = 16384 (custom)
2019-09-24 18:15:22,467 [pool-27-thread-1] INFO  server.RaftServerConfigKeys (ConfUtils.java:logGet(43)) - raft.server.log.segment.size.max = 1048576 (custom)
2019-09-24 18:15:22,467 [pool-87-thread-1] INFO  server.RaftServerConfigKeys (ConfUtils.java:logGet(43)) - raft.server.snapshot.auto.trigger.enabled = true (custom)
2019-09-24 18:15:22,468 [pool-27-thread-1] INFO  server.RaftServerConfigKeys (ConfUtils.java:logGet(43)) - raft.server.log.preallocated.size = 16384 (custom)
2019-09-24 18:15:22,467 [pool-67-thread-1] INFO  server.RaftServerConfigKeys (ConfUtils.java:logGet(43)) - raft.server.log.write.buffer.size = 33554432 (custom)
2019-09-24 18:15:22,468 [pool-27-thread-1] INFO  server.RaftServerConfigKeys (ConfUtils.java:logGet(43)) - raft.server.log.write.buffer.size = 33554432 (custom)
2019-09-24 18:15:22,468 [pool-87-thread-1] INFO  server.RaftServerConfigKeys (ConfUtils.java:logGet(43)) - raft.server.snapshot.auto.trigger.threshold = 10000 (custom)
2019-09-24 18:15:22,468 [pool-27-thread-1] INFO  server.RaftServerConfigKeys (ConfUtils.java:logGet(43)) - raft.server.log.force.sync.num = 128 (default)
2019-09-24 18:15:22,469 [pool-27-thread-1] INFO  server.RaftServerConfigKeys (ConfUtils.java:logGet(43)) - raft.server.log.statemachine.data.sync = true (default)
2019-09-24 18:15:22,468 [pool-67-thread-1] INFO  server.RaftServerConfigKeys (ConfUtils.java:logGet(43)) - raft.server.log.force.sync.num = 128 (default)
2019-09-24 18:15:22,469 [pool-27-thread-1] INFO  server.RaftServerConfigKeys (ConfUtils.java:logGet(43)) - raft.server.log.statemachine.data.sync.timeout = 10s (default)
2019-09-24 18:15:22,468 [pool-87-thread-1] INFO  server.RaftServerConfigKeys (ConfUtils.java:logGet(43)) - raft.server.snapshot.retention.num.files = 5 (custom)
2019-09-24 18:15:22,469 [pool-27-thread-1] INFO  server.RaftServerConfigKeys (ConfUtils.java:logGet(43)) - raft.server.log.statemachine.data.sync.timeout.retry = -1 (default)
2019-09-24 18:15:22,469 [pool-67-thread-1] INFO  server.RaftServerConfigKeys (ConfUtils.java:logGet(43)) - raft.server.log.statemachine.data.sync = true (default)
2019-09-24 18:15:22,469 [pool-27-thread-1] INFO  server.RaftServerConfigKeys (ConfUtils.java:logGet(43)) - raft.server.log.statemachine.data.caching.enabled = true (custom)
2019-09-24 18:15:22,469 [pool-87-thread-1] INFO  server.RaftServerConfigKeys (ConfUtils.java:logGet(43)) - raft.server.retrycache.expirytime = 600000ms (custom)
2019-09-24 18:15:22,470 [pool-67-thread-1] INFO  server.RaftServerConfigKeys (ConfUtils.java:logGet(43)) - raft.server.log.statemachine.data.sync.timeout = 10s (default)
2019-09-24 18:15:22,470 [pool-27-thread-1] INFO  segmented.SegmentedRaftLogWorker (SegmentedRaftLogWorker.java:lambda$new$0(132)) - 4e7f1cb9-4633-45c3-85c0-9982b1655b51@group-465B7FBD215B-SegmentedRaftLogWorker: flushIndex: setUnconditionally 0 -> -1
2019-09-24 18:15:22,470 [pool-67-thread-1] INFO  server.RaftServerConfigKeys (ConfUtils.java:logGet(43)) - raft.server.log.statemachine.data.sync.timeout.retry = -1 (default)
2019-09-24 18:15:22,470 [pool-27-thread-1] INFO  server.RaftServerConfigKeys (ConfUtils.java:logGet(43)) - raft.server.snapshot.auto.trigger.enabled = true (custom)
2019-09-24 18:15:22,470 [pool-67-thread-1] INFO  server.RaftServerConfigKeys (ConfUtils.java:logGet(43)) - raft.server.log.statemachine.data.caching.enabled = true (custom)
2019-09-24 18:15:22,471 [pool-27-thread-1] INFO  server.RaftServerConfigKeys (ConfUtils.java:logGet(43)) - raft.server.snapshot.auto.trigger.threshold = 10000 (custom)
2019-09-24 18:15:22,471 [pool-27-thread-1] INFO  server.RaftServerConfigKeys (ConfUtils.java:logGet(43)) - raft.server.snapshot.retention.num.files = 5 (custom)
2019-09-24 18:15:22,471 [pool-67-thread-1] INFO  segmented.SegmentedRaftLogWorker (SegmentedRaftLogWorker.java:lambda$new$0(132)) - f5999638-d985-4d9d-a96a-17e8999abea0@group-3E08224F9EBD-SegmentedRaftLogWorker: flushIndex: setUnconditionally 0 -> -1
2019-09-24 18:15:22,471 [pool-27-thread-1] INFO  server.RaftServerConfigKeys (ConfUtils.java:logGet(43)) - raft.server.retrycache.expirytime = 600000ms (custom)
2019-09-24 18:15:22,471 [pool-67-thread-1] INFO  server.RaftServerConfigKeys (ConfUtils.java:logGet(43)) - raft.server.snapshot.auto.trigger.enabled = true (custom)
2019-09-24 18:15:22,472 [pool-67-thread-1] INFO  server.RaftServerConfigKeys (ConfUtils.java:logGet(43)) - raft.server.snapshot.auto.trigger.threshold = 10000 (custom)
2019-09-24 18:15:22,472 [pool-67-thread-1] INFO  server.RaftServerConfigKeys (ConfUtils.java:logGet(43)) - raft.server.snapshot.retention.num.files = 5 (custom)
2019-09-24 18:15:22,472 [pool-67-thread-1] INFO  server.RaftServerConfigKeys (ConfUtils.java:logGet(43)) - raft.server.retrycache.expirytime = 600000ms (custom)
2019-09-24 18:15:22,501 [pool-27-thread-1] INFO  impl.RaftServerImpl (RaftServerImpl.java:start(185)) - 4e7f1cb9-4633-45c3-85c0-9982b1655b51@group-10770B4EF652: start as a follower, conf=-1: [4e7f1cb9-4633-45c3-85c0-9982b1655b51:192.168.36.84:40637], old=null
2019-09-24 18:15:22,502 [pool-27-thread-1] INFO  impl.RaftServerImpl (RaftServerImpl.java:setRole(174)) - 4e7f1cb9-4633-45c3-85c0-9982b1655b51@group-10770B4EF652: changes role from      null to FOLLOWER at term 0 for startAsFollower
2019-09-24 18:15:22,502 [pool-27-thread-1] INFO  impl.RoleInfo (RoleInfo.java:updateAndGet(143)) - 4e7f1cb9-4633-45c3-85c0-9982b1655b51: start FollowerState
2019-09-24 18:15:22,505 [pool-87-thread-1] INFO  impl.RaftServerImpl (RaftServerImpl.java:<init>(95)) - 13c48e20-7299-470e-92b7-41ff11ac47c5: new RaftServerImpl for group-10F5C818BAD8:[13c48e20-7299-470e-92b7-41ff11ac47c5:192.168.36.84:36500, 4e7f1cb9-4633-45c3-85c0-9982b1655b51:192.168.36.84:40637, f5999638-d985-4d9d-a96a-17e8999abea0:192.168.36.84:39819] with ContainerStateMachine:uninitialized
2019-09-24 18:15:22,506 [pool-87-thread-1] INFO  server.RaftServerConfigKeys (ConfUtils.java:logGet(43)) - raft.server.rpc.timeout.min = 5s (custom)
2019-09-24 18:15:22,506 [pool-87-thread-1] INFO  server.RaftServerConfigKeys (ConfUtils.java:logGet(43)) - raft.server.rpc.timeout.max = 5200ms (custom)
2019-09-24 18:15:22,506 [pool-87-thread-1] INFO  server.RaftServerConfigKeys (ConfUtils.java:logGet(43)) - raft.server.rpcslowness.timeout = 120s (custom)
2019-09-24 18:15:22,506 [pool-27-thread-1] INFO  util.JmxRegister (JmxRegister.java:tryRegister(44)) - Successfully registered JMX Bean with object name Ratis:service=RaftServer,group=group-10770B4EF652,id=4e7f1cb9-4633-45c3-85c0-9982b1655b51
2019-09-24 18:15:22,507 [pool-87-thread-1] INFO  server.RaftServerConfigKeys (ConfUtils.java:logGet(43)) - raft.server.sleep.deviation.threshold = 300 (default)
2019-09-24 18:15:22,508 [pool-87-thread-1] INFO  server.RaftServerConfigKeys (ConfUtils.java:logGet(43)) - raft.server.log.appender.install.snapshot.enabled = false (custom)
2019-09-24 18:15:22,508 [pool-67-thread-1] INFO  impl.RaftServerImpl (RaftServerImpl.java:<init>(95)) - f5999638-d985-4d9d-a96a-17e8999abea0: new RaftServerImpl for group-10F5C818BAD8:[13c48e20-7299-470e-92b7-41ff11ac47c5:192.168.36.84:36500, 4e7f1cb9-4633-45c3-85c0-9982b1655b51:192.168.36.84:40637, f5999638-d985-4d9d-a96a-17e8999abea0:192.168.36.84:39819] with ContainerStateMachine:uninitialized
2019-09-24 18:15:22,508 [pool-87-thread-1] INFO  impl.RaftServerImpl (ServerState.java:<init>(103)) - 13c48e20-7299-470e-92b7-41ff11ac47c5@group-10F5C818BAD8: ConfigurationManager, init=-1: [13c48e20-7299-470e-92b7-41ff11ac47c5:192.168.36.84:36500, 4e7f1cb9-4633-45c3-85c0-9982b1655b51:192.168.36.84:40637, f5999638-d985-4d9d-a96a-17e8999abea0:192.168.36.84:39819], old=null, confs=<EMPTY_MAP>
2019-09-24 18:15:22,509 [pool-67-thread-1] INFO  server.RaftServerConfigKeys (ConfUtils.java:logGet(43)) - raft.server.rpc.timeout.min = 5s (custom)
2019-09-24 18:15:22,510 [pool-87-thread-1] INFO  server.RaftServerConfigKeys (ConfUtils.java:logGet(43)) - raft.server.storage.dir = [/workdir/hadoop-ozone/integration-test/target/test-dir/MiniOzoneClusterImpl-4070120b-f2bf-49a1-ba82-0323cc680d8e/datanode-6/data/ratis] (custom)
2019-09-24 18:15:22,510 [pool-67-thread-1] INFO  server.RaftServerConfigKeys (ConfUtils.java:logGet(43)) - raft.server.rpc.timeout.max = 5200ms (custom)
2019-09-24 18:15:22,510 [pool-67-thread-1] INFO  server.RaftServerConfigKeys (ConfUtils.java:logGet(43)) - raft.server.rpcslowness.timeout = 120s (custom)
2019-09-24 18:15:22,510 [pool-67-thread-1] INFO  server.RaftServerConfigKeys (ConfUtils.java:logGet(43)) - raft.server.sleep.deviation.threshold = 300 (default)
2019-09-24 18:15:22,510 [pool-87-thread-1] INFO  storage.RaftStorageDirectory (RaftStorageDirectory.java:analyzeStorage(246)) - The storage directory /workdir/hadoop-ozone/integration-test/target/test-dir/MiniOzoneClusterImpl-4070120b-f2bf-49a1-ba82-0323cc680d8e/datanode-6/data/ratis/3226d411-bb9f-4c92-a936-10f5c818bad8 does not exist. Creating ...
2019-09-24 18:15:22,510 [pool-67-thread-1] INFO  server.RaftServerConfigKeys (ConfUtils.java:logGet(43)) - raft.server.log.appender.install.snapshot.enabled = false (custom)
2019-09-24 18:15:22,510 [pool-67-thread-1] INFO  impl.RaftServerImpl (ServerState.java:<init>(103)) - f5999638-d985-4d9d-a96a-17e8999abea0@group-10F5C818BAD8: ConfigurationManager, init=-1: [13c48e20-7299-470e-92b7-41ff11ac47c5:192.168.36.84:36500, 4e7f1cb9-4633-45c3-85c0-9982b1655b51:192.168.36.84:40637, f5999638-d985-4d9d-a96a-17e8999abea0:192.168.36.84:39819], old=null, confs=<EMPTY_MAP>
2019-09-24 18:15:22,511 [pool-67-thread-1] INFO  server.RaftServerConfigKeys (ConfUtils.java:logGet(43)) - raft.server.storage.dir = [/workdir/hadoop-ozone/integration-test/target/test-dir/MiniOzoneClusterImpl-4070120b-f2bf-49a1-ba82-0323cc680d8e/datanode-4/data/ratis] (custom)
2019-09-24 18:15:22,511 [pool-67-thread-1] INFO  storage.RaftStorageDirectory (RaftStorageDirectory.java:analyzeStorage(246)) - The storage directory /workdir/hadoop-ozone/integration-test/target/test-dir/MiniOzoneClusterImpl-4070120b-f2bf-49a1-ba82-0323cc680d8e/datanode-4/data/ratis/3226d411-bb9f-4c92-a936-10f5c818bad8 does not exist. Creating ...
2019-09-24 18:15:22,515 [pool-27-thread-1] INFO  impl.RaftServerImpl (RaftServerImpl.java:<init>(95)) - 4e7f1cb9-4633-45c3-85c0-9982b1655b51: new RaftServerImpl for group-E6ED2CFAD2B4:[4e7f1cb9-4633-45c3-85c0-9982b1655b51:192.168.36.84:40637] with ContainerStateMachine:uninitialized
2019-09-24 18:15:22,515 [pool-27-thread-1] INFO  server.RaftServerConfigKeys (ConfUtils.java:logGet(43)) - raft.server.rpc.timeout.min = 5s (custom)
2019-09-24 18:15:22,516 [pool-27-thread-1] INFO  server.RaftServerConfigKeys (ConfUtils.java:logGet(43)) - raft.server.rpc.timeout.max = 5200ms (custom)
2019-09-24 18:15:22,516 [pool-27-thread-1] INFO  server.RaftServerConfigKeys (ConfUtils.java:logGet(43)) - raft.server.rpcslowness.timeout = 120s (custom)
2019-09-24 18:15:22,516 [pool-27-thread-1] INFO  server.RaftServerConfigKeys (ConfUtils.java:logGet(43)) - raft.server.sleep.deviation.threshold = 300 (default)
2019-09-24 18:15:22,518 [pool-27-thread-1] INFO  server.RaftServerConfigKeys (ConfUtils.java:logGet(43)) - raft.server.log.appender.install.snapshot.enabled = false (custom)
2019-09-24 18:15:22,518 [pool-27-thread-1] INFO  impl.RaftServerImpl (ServerState.java:<init>(103)) - 4e7f1cb9-4633-45c3-85c0-9982b1655b51@group-E6ED2CFAD2B4: ConfigurationManager, init=-1: [4e7f1cb9-4633-45c3-85c0-9982b1655b51:192.168.36.84:40637], old=null, confs=<EMPTY_MAP>
2019-09-24 18:15:22,518 [pool-27-thread-1] INFO  server.RaftServerConfigKeys (ConfUtils.java:logGet(43)) - raft.server.storage.dir = [/workdir/hadoop-ozone/integration-test/target/test-dir/MiniOzoneClusterImpl-4070120b-f2bf-49a1-ba82-0323cc680d8e/datanode-0/data/ratis] (custom)
2019-09-24 18:15:22,519 [pool-27-thread-1] INFO  storage.RaftStorageDirectory (RaftStorageDirectory.java:analyzeStorage(246)) - The storage directory /workdir/hadoop-ozone/integration-test/target/test-dir/MiniOzoneClusterImpl-4070120b-f2bf-49a1-ba82-0323cc680d8e/datanode-0/data/ratis/b58d606d-622e-4fbe-8b60-e6ed2cfad2b4 does not exist. Creating ...
2019-09-24 18:15:22,521 [grpc-default-executor-0] WARN  server.GrpcServerProtocolService (LogUtils.java:warn(134)) - 4e7f1cb9-4633-45c3-85c0-9982b1655b51: Failed requestVote 13c48e20-7299-470e-92b7-41ff11ac47c5->4e7f1cb9-4633-45c3-85c0-9982b1655b51#0: org.apache.ratis.protocol.ServerNotReadyException: 4e7f1cb9-4633-45c3-85c0-9982b1655b51@group-465B7FBD215B is not in [RUNNING]: current state is NEW
2019-09-24 18:15:22,521 [grpc-default-executor-1] WARN  server.GrpcServerProtocolService (LogUtils.java:warn(134)) - 4e7f1cb9-4633-45c3-85c0-9982b1655b51: Failed requestVote f5999638-d985-4d9d-a96a-17e8999abea0->4e7f1cb9-4633-45c3-85c0-9982b1655b51#0: org.apache.ratis.protocol.ServerNotReadyException: 4e7f1cb9-4633-45c3-85c0-9982b1655b51@group-465B7FBD215B is not in [RUNNING]: current state is NEW
2019-09-24 18:15:22,526 [Datanode State Machine Thread - 0] INFO  statemachine.DatanodeStateMachine (DatanodeStateMachine.java:lambda$startDaemon$0(350)) - Ozone container server started.
2019-09-24 18:15:22,583 [f5999638-d985-4d9d-a96a-17e8999abea0@group-465B7FBD215B:LeaderElection1] INFO  impl.LeaderElection (LogUtils.java:infoOrTrace(149)) - f5999638-d985-4d9d-a96a-17e8999abea0@group-465B7FBD215B:LeaderElection1 got exception when requesting votes: {}
java.util.concurrent.ExecutionException: org.apache.ratis.thirdparty.io.grpc.StatusRuntimeException: INTERNAL: 4e7f1cb9-4633-45c3-85c0-9982b1655b51@group-465B7FBD215B is not in [RUNNING]: current state is NEW
	at java.util.concurrent.FutureTask.report(FutureTask.java:122)
	at java.util.concurrent.FutureTask.get(FutureTask.java:192)
	at org.apache.ratis.server.impl.LeaderElection.waitForResults(LeaderElection.java:263)
	at org.apache.ratis.server.impl.LeaderElection.askForVotes(LeaderElection.java:201)
	at org.apache.ratis.server.impl.LeaderElection.run(LeaderElection.java:133)
	at java.lang.Thread.run(Thread.java:748)
Caused by: org.apache.ratis.thirdparty.io.grpc.StatusRuntimeException: INTERNAL: 4e7f1cb9-4633-45c3-85c0-9982b1655b51@group-465B7FBD215B is not in [RUNNING]: current state is NEW
	at org.apache.ratis.thirdparty.io.grpc.stub.ClientCalls.toStatusRuntimeException(ClientCalls.java:233)
	at org.apache.ratis.thirdparty.io.grpc.stub.ClientCalls.getUnchecked(ClientCalls.java:214)
	at org.apache.ratis.thirdparty.io.grpc.stub.ClientCalls.blockingUnaryCall(ClientCalls.java:139)
	at org.apache.ratis.proto.grpc.RaftServerProtocolServiceGrpc$RaftServerProtocolServiceBlockingStub.requestVote(RaftServerProtocolServiceGrpc.java:265)
	at org.apache.ratis.grpc.server.GrpcServerProtocolClient.requestVote(GrpcServerProtocolClient.java:90)
	at org.apache.ratis.grpc.server.GrpcService.requestVote(GrpcService.java:204)
	at org.apache.ratis.server.impl.LeaderElection.lambda$submitRequests$1(LeaderElection.java:238)
	at java.util.concurrent.FutureTask.run(FutureTask.java:266)
	at java.util.concurrent.Executors$RunnableAdapter.call(Executors.java:511)
	at java.util.concurrent.FutureTask.run(FutureTask.java:266)
	at java.util.concurrent.ThreadPoolExecutor.runWorker(ThreadPoolExecutor.java:1149)
	at java.util.concurrent.ThreadPoolExecutor$Worker.run(ThreadPoolExecutor.java:624)
	... 1 more
2019-09-24 18:15:22,583 [13c48e20-7299-470e-92b7-41ff11ac47c5@group-465B7FBD215B:LeaderElection2] INFO  impl.LeaderElection (LogUtils.java:infoOrTrace(149)) - 13c48e20-7299-470e-92b7-41ff11ac47c5@group-465B7FBD215B:LeaderElection2 got exception when requesting votes: {}
java.util.concurrent.ExecutionException: org.apache.ratis.thirdparty.io.grpc.StatusRuntimeException: INTERNAL: 4e7f1cb9-4633-45c3-85c0-9982b1655b51@group-465B7FBD215B is not in [RUNNING]: current state is NEW
	at java.util.concurrent.FutureTask.report(FutureTask.java:122)
	at java.util.concurrent.FutureTask.get(FutureTask.java:192)
	at org.apache.ratis.server.impl.LeaderElection.waitForResults(LeaderElection.java:263)
	at org.apache.ratis.server.impl.LeaderElection.askForVotes(LeaderElection.java:201)
	at org.apache.ratis.server.impl.LeaderElection.run(LeaderElection.java:133)
	at java.lang.Thread.run(Thread.java:748)
Caused by: org.apache.ratis.thirdparty.io.grpc.StatusRuntimeException: INTERNAL: 4e7f1cb9-4633-45c3-85c0-9982b1655b51@group-465B7FBD215B is not in [RUNNING]: current state is NEW
	at org.apache.ratis.thirdparty.io.grpc.stub.ClientCalls.toStatusRuntimeException(ClientCalls.java:233)
	at org.apache.ratis.thirdparty.io.grpc.stub.ClientCalls.getUnchecked(ClientCalls.java:214)
	at org.apache.ratis.thirdparty.io.grpc.stub.ClientCalls.blockingUnaryCall(ClientCalls.java:139)
	at org.apache.ratis.proto.grpc.RaftServerProtocolServiceGrpc$RaftServerProtocolServiceBlockingStub.requestVote(RaftServerProtocolServiceGrpc.java:265)
	at org.apache.ratis.grpc.server.GrpcServerProtocolClient.requestVote(GrpcServerProtocolClient.java:90)
	at org.apache.ratis.grpc.server.GrpcService.requestVote(GrpcService.java:204)
	at org.apache.ratis.server.impl.LeaderElection.lambda$submitRequests$1(LeaderElection.java:238)
	at java.util.concurrent.FutureTask.run(FutureTask.java:266)
	at java.util.concurrent.Executors$RunnableAdapter.call(Executors.java:511)
	at java.util.concurrent.FutureTask.run(FutureTask.java:266)
	at java.util.concurrent.ThreadPoolExecutor.runWorker(ThreadPoolExecutor.java:1149)
	at java.util.concurrent.ThreadPoolExecutor$Worker.run(ThreadPoolExecutor.java:624)
	... 1 more
2019-09-24 18:15:22,588 [f5999638-d985-4d9d-a96a-17e8999abea0@group-465B7FBD215B:LeaderElection1] INFO  impl.LeaderElection (LeaderElection.java:logAndReturn(56)) - f5999638-d985-4d9d-a96a-17e8999abea0@group-465B7FBD215B:LeaderElection1: Election REJECTED; received 1 response(s) [f5999638-d985-4d9d-a96a-17e8999abea0<-13c48e20-7299-470e-92b7-41ff11ac47c5#0:FAIL-t1] and 1 exception(s); f5999638-d985-4d9d-a96a-17e8999abea0@group-465B7FBD215B:t1, leader=null, voted=f5999638-d985-4d9d-a96a-17e8999abea0, raftlog=f5999638-d985-4d9d-a96a-17e8999abea0@group-465B7FBD215B-SegmentedRaftLog:OPENED:c-1,f-1,i0, conf=-1: [13c48e20-7299-470e-92b7-41ff11ac47c5:192.168.36.84:36500, 4e7f1cb9-4633-45c3-85c0-9982b1655b51:192.168.36.84:40637, f5999638-d985-4d9d-a96a-17e8999abea0:192.168.36.84:39819], old=null
2019-09-24 18:15:22,588 [13c48e20-7299-470e-92b7-41ff11ac47c5@group-465B7FBD215B:LeaderElection2] INFO  impl.LeaderElection (LeaderElection.java:logAndReturn(56)) - 13c48e20-7299-470e-92b7-41ff11ac47c5@group-465B7FBD215B:LeaderElection2: Election REJECTED; received 1 response(s) [13c48e20-7299-470e-92b7-41ff11ac47c5<-f5999638-d985-4d9d-a96a-17e8999abea0#0:FAIL-t1] and 1 exception(s); 13c48e20-7299-470e-92b7-41ff11ac47c5@group-465B7FBD215B:t1, leader=null, voted=13c48e20-7299-470e-92b7-41ff11ac47c5, raftlog=13c48e20-7299-470e-92b7-41ff11ac47c5@group-465B7FBD215B-SegmentedRaftLog:OPENED:c-1,f-1,i0, conf=-1: [13c48e20-7299-470e-92b7-41ff11ac47c5:192.168.36.84:36500, 4e7f1cb9-4633-45c3-85c0-9982b1655b51:192.168.36.84:40637, f5999638-d985-4d9d-a96a-17e8999abea0:192.168.36.84:39819], old=null
2019-09-24 18:15:22,588 [f5999638-d985-4d9d-a96a-17e8999abea0@group-465B7FBD215B:LeaderElection1] INFO  impl.LeaderElection (LogUtils.java:infoOrTrace(149)) -   Exception 0: {}
java.util.concurrent.ExecutionException: org.apache.ratis.thirdparty.io.grpc.StatusRuntimeException: INTERNAL: 4e7f1cb9-4633-45c3-85c0-9982b1655b51@group-465B7FBD215B is not in [RUNNING]: current state is NEW
	at java.util.concurrent.FutureTask.report(FutureTask.java:122)
	at java.util.concurrent.FutureTask.get(FutureTask.java:192)
	at org.apache.ratis.server.impl.LeaderElection.waitForResults(LeaderElection.java:263)
	at org.apache.ratis.server.impl.LeaderElection.askForVotes(LeaderElection.java:201)
	at org.apache.ratis.server.impl.LeaderElection.run(LeaderElection.java:133)
	at java.lang.Thread.run(Thread.java:748)
Caused by: org.apache.ratis.thirdparty.io.grpc.StatusRuntimeException: INTERNAL: 4e7f1cb9-4633-45c3-85c0-9982b1655b51@group-465B7FBD215B is not in [RUNNING]: current state is NEW
	at org.apache.ratis.thirdparty.io.grpc.stub.ClientCalls.toStatusRuntimeException(ClientCalls.java:233)
	at org.apache.ratis.thirdparty.io.grpc.stub.ClientCalls.getUnchecked(ClientCalls.java:214)
	at org.apache.ratis.thirdparty.io.grpc.stub.ClientCalls.blockingUnaryCall(ClientCalls.java:139)
	at org.apache.ratis.proto.grpc.RaftServerProtocolServiceGrpc$RaftServerProtocolServiceBlockingStub.requestVote(RaftServerProtocolServiceGrpc.java:265)
	at org.apache.ratis.grpc.server.GrpcServerProtocolClient.requestVote(GrpcServerProtocolClient.java:90)
	at org.apache.ratis.grpc.server.GrpcService.requestVote(GrpcService.java:204)
	at org.apache.ratis.server.impl.LeaderElection.lambda$submitRequests$1(LeaderElection.java:238)
	at java.util.concurrent.FutureTask.run(FutureTask.java:266)
	at java.util.concurrent.Executors$RunnableAdapter.call(Executors.java:511)
	at java.util.concurrent.FutureTask.run(FutureTask.java:266)
	at java.util.concurrent.ThreadPoolExecutor.runWorker(ThreadPoolExecutor.java:1149)
	at java.util.concurrent.ThreadPoolExecutor$Worker.run(ThreadPoolExecutor.java:624)
	... 1 more
2019-09-24 18:15:22,590 [13c48e20-7299-470e-92b7-41ff11ac47c5@group-465B7FBD215B:LeaderElection2] INFO  impl.LeaderElection (LogUtils.java:infoOrTrace(149)) -   Exception 0: {}
java.util.concurrent.ExecutionException: org.apache.ratis.thirdparty.io.grpc.StatusRuntimeException: INTERNAL: 4e7f1cb9-4633-45c3-85c0-9982b1655b51@group-465B7FBD215B is not in [RUNNING]: current state is NEW
	at java.util.concurrent.FutureTask.report(FutureTask.java:122)
	at java.util.concurrent.FutureTask.get(FutureTask.java:192)
	at org.apache.ratis.server.impl.LeaderElection.waitForResults(LeaderElection.java:263)
	at org.apache.ratis.server.impl.LeaderElection.askForVotes(LeaderElection.java:201)
	at org.apache.ratis.server.impl.LeaderElection.run(LeaderElection.java:133)
	at java.lang.Thread.run(Thread.java:748)
Caused by: org.apache.ratis.thirdparty.io.grpc.StatusRuntimeException: INTERNAL: 4e7f1cb9-4633-45c3-85c0-9982b1655b51@group-465B7FBD215B is not in [RUNNING]: current state is NEW
	at org.apache.ratis.thirdparty.io.grpc.stub.ClientCalls.toStatusRuntimeException(ClientCalls.java:233)
	at org.apache.ratis.thirdparty.io.grpc.stub.ClientCalls.getUnchecked(ClientCalls.java:214)
	at org.apache.ratis.thirdparty.io.grpc.stub.ClientCalls.blockingUnaryCall(ClientCalls.java:139)
	at org.apache.ratis.proto.grpc.RaftServerProtocolServiceGrpc$RaftServerProtocolServiceBlockingStub.requestVote(RaftServerProtocolServiceGrpc.java:265)
	at org.apache.ratis.grpc.server.GrpcServerProtocolClient.requestVote(GrpcServerProtocolClient.java:90)
	at org.apache.ratis.grpc.server.GrpcService.requestVote(GrpcService.java:204)
	at org.apache.ratis.server.impl.LeaderElection.lambda$submitRequests$1(LeaderElection.java:238)
	at java.util.concurrent.FutureTask.run(FutureTask.java:266)
	at java.util.concurrent.Executors$RunnableAdapter.call(Executors.java:511)
	at java.util.concurrent.FutureTask.run(FutureTask.java:266)
	at java.util.concurrent.ThreadPoolExecutor.runWorker(ThreadPoolExecutor.java:1149)
	at java.util.concurrent.ThreadPoolExecutor$Worker.run(ThreadPoolExecutor.java:624)
	... 1 more
2019-09-24 18:15:22,597 [f5999638-d985-4d9d-a96a-17e8999abea0@group-465B7FBD215B:LeaderElection1] INFO  impl.RaftServerImpl (RaftServerImpl.java:setRole(174)) - f5999638-d985-4d9d-a96a-17e8999abea0@group-465B7FBD215B: changes role from CANDIDATE to FOLLOWER at term 1 for DISCOVERED_A_NEW_TERM
2019-09-24 18:15:22,597 [13c48e20-7299-470e-92b7-41ff11ac47c5@group-465B7FBD215B:LeaderElection2] INFO  impl.RaftServerImpl (RaftServerImpl.java:setRole(174)) - 13c48e20-7299-470e-92b7-41ff11ac47c5@group-465B7FBD215B: changes role from CANDIDATE to FOLLOWER at term 1 for DISCOVERED_A_NEW_TERM
2019-09-24 18:15:22,597 [f5999638-d985-4d9d-a96a-17e8999abea0@group-465B7FBD215B:LeaderElection1] INFO  impl.RoleInfo (RoleInfo.java:shutdownLeaderElection(134)) - f5999638-d985-4d9d-a96a-17e8999abea0: shutdown LeaderElection
2019-09-24 18:15:22,597 [13c48e20-7299-470e-92b7-41ff11ac47c5@group-465B7FBD215B:LeaderElection2] INFO  impl.RoleInfo (RoleInfo.java:shutdownLeaderElection(134)) - 13c48e20-7299-470e-92b7-41ff11ac47c5: shutdown LeaderElection
2019-09-24 18:15:22,598 [f5999638-d985-4d9d-a96a-17e8999abea0@group-465B7FBD215B:LeaderElection1] INFO  impl.RoleInfo (RoleInfo.java:updateAndGet(143)) - f5999638-d985-4d9d-a96a-17e8999abea0: start FollowerState
2019-09-24 18:15:22,598 [13c48e20-7299-470e-92b7-41ff11ac47c5@group-465B7FBD215B:LeaderElection2] INFO  impl.RoleInfo (RoleInfo.java:updateAndGet(143)) - 13c48e20-7299-470e-92b7-41ff11ac47c5: start FollowerState
2019-09-24 18:15:22,783 [Datanode State Machine Thread - 0] INFO  statemachine.DatanodeStateMachine (DatanodeStateMachine.java:lambda$startDaemon$0(350)) - Ozone container server started.
2019-09-24 18:15:26,914 [main] INFO  ozoneimpl.OzoneContainer (OzoneContainer.java:stop(231)) - Attempting to stop container services.
2019-09-24 18:15:26,914 [ForkJoinPool.commonPool-worker-1] INFO  ozoneimpl.OzoneContainer (OzoneContainer.java:stop(231)) - Attempting to stop container services.
2019-09-24 18:15:26,916 [ForkJoinPool.commonPool-worker-1] INFO  impl.RaftServerProxy (RaftServerProxy.java:lambda$close$4(314)) - cc57ff12-eff1-4638-92e6-a0c4c8847ee4: close
2019-09-24 18:15:26,918 [ForkJoinPool.commonPool-worker-1] INFO  server.GrpcService (GrpcService.java:closeImpl(164)) - cc57ff12-eff1-4638-92e6-a0c4c8847ee4: shutdown server with port 34612 now
2019-09-24 18:15:26,920 [ForkJoinPool.commonPool-worker-1] INFO  server.GrpcService (GrpcService.java:closeImpl(172)) - cc57ff12-eff1-4638-92e6-a0c4c8847ee4: shutdown server with port 34612 successfully
2019-09-24 18:15:26,923 [refreshUsed-/workdir/hadoop-ozone/integration-test/target/test-dir/MiniOzoneClusterImpl-4070120b-f2bf-49a1-ba82-0323cc680d8e/datanode-1/data/containers] WARN  fs.CachingGetSpaceUsed (CachingGetSpaceUsed.java:run(183)) - Thread Interrupted waiting to refresh disk information: sleep interrupted
2019-09-24 18:15:26,949 [ForkJoinPool.commonPool-worker-1] INFO  utils.BackgroundService (BackgroundService.java:shutdown(148)) - Shutting down service BlockDeletingService
2019-09-24 18:15:26,957 [ForkJoinPool.commonPool-worker-1] INFO  statemachine.DatanodeStateMachine (DatanodeStateMachine.java:stopDaemon(395)) - Ozone container server stopped.
2019-09-24 18:15:26,962 [ForkJoinPool.commonPool-worker-1] INFO  handler.ContextHandler (ContextHandler.java:doStop(910)) - Stopped o.e.j.w.WebAppContext@7fdab70c{/,null,UNAVAILABLE}{/hddsDatanode}
2019-09-24 18:15:26,964 [ForkJoinPool.commonPool-worker-1] INFO  server.AbstractConnector (AbstractConnector.java:doStop(318)) - Stopped ServerConnector@25ad4f71{HTTP/1.1,[http/1.1]}{0.0.0.0:0}
2019-09-24 18:15:26,967 [ForkJoinPool.commonPool-worker-1] INFO  handler.ContextHandler (ContextHandler.java:doStop(910)) - Stopped o.e.j.s.ServletContextHandler@26cb5207{/static,jar:file:/home/user/.m2/repository/org/apache/hadoop/hadoop-hdds-container-service/0.5.0-SNAPSHOT/hadoop-hdds-container-service-0.5.0-SNAPSHOT.jar!/webapps/static,UNAVAILABLE}
2019-09-24 18:15:26,970 [ForkJoinPool.commonPool-worker-1] INFO  handler.ContextHandler (ContextHandler.java:doStop(910)) - Stopped o.e.j.s.ServletContextHandler@561b61ed{/logs,file:///workdir/hadoop-ozone/integration-test/target/log,UNAVAILABLE}
2019-09-24 18:15:27,509 [pool-87-thread-1] INFO  storage.RaftStorageDirectory (RaftStorageDirectory.java:tryLock(328)) - Lock on /workdir/hadoop-ozone/integration-test/target/test-dir/MiniOzoneClusterImpl-4070120b-f2bf-49a1-ba82-0323cc680d8e/datanode-6/data/ratis/3226d411-bb9f-4c92-a936-10f5c818bad8/in_use.lock acquired by nodename 15203@pr-hdds-2171-6l6hb-1841322612
2019-09-24 18:15:27,509 [pool-67-thread-1] INFO  storage.RaftStorageDirectory (RaftStorageDirectory.java:tryLock(328)) - Lock on /workdir/hadoop-ozone/integration-test/target/test-dir/MiniOzoneClusterImpl-4070120b-f2bf-49a1-ba82-0323cc680d8e/datanode-4/data/ratis/3226d411-bb9f-4c92-a936-10f5c818bad8/in_use.lock acquired by nodename 15203@pr-hdds-2171-6l6hb-1841322612
2019-09-24 18:15:27,509 [pool-27-thread-1] INFO  storage.RaftStorageDirectory (RaftStorageDirectory.java:tryLock(328)) - Lock on /workdir/hadoop-ozone/integration-test/target/test-dir/MiniOzoneClusterImpl-4070120b-f2bf-49a1-ba82-0323cc680d8e/datanode-0/data/ratis/b58d606d-622e-4fbe-8b60-e6ed2cfad2b4/in_use.lock acquired by nodename 15203@pr-hdds-2171-6l6hb-1841322612
2019-09-24 18:15:27,612 [Thread-260] INFO  impl.FollowerState (FollowerState.java:run(106)) - 4e7f1cb9-4633-45c3-85c0-9982b1655b51:group-10770B4EF652 changes to CANDIDATE, lastRpcTime:5110, electionTimeout:5106ms
2019-09-24 18:15:27,612 [Thread-260] INFO  impl.RoleInfo (RoleInfo.java:shutdownFollowerState(121)) - 4e7f1cb9-4633-45c3-85c0-9982b1655b51: shutdown FollowerState
2019-09-24 18:15:27,613 [Thread-260] INFO  impl.RaftServerImpl (RaftServerImpl.java:setRole(174)) - 4e7f1cb9-4633-45c3-85c0-9982b1655b51@group-10770B4EF652: changes role from  FOLLOWER to CANDIDATE at term 0 for changeToCandidate
2019-09-24 18:15:27,613 [Thread-260] INFO  impl.RoleInfo (RoleInfo.java:updateAndGet(143)) - 4e7f1cb9-4633-45c3-85c0-9982b1655b51: start LeaderElection
2019-09-24 18:15:27,635 [Datanode State Machine Thread - 0] INFO  statemachine.DatanodeStateMachine (DatanodeStateMachine.java:lambda$startDaemon$0(350)) - Ozone container server started.
2019-09-24 18:15:27,637 [Thread-263] INFO  impl.FollowerState (FollowerState.java:run(106)) - 13c48e20-7299-470e-92b7-41ff11ac47c5:group-465B7FBD215B changes to CANDIDATE, lastRpcTime:5038, electionTimeout:5036ms
2019-09-24 18:15:27,637 [Thread-263] INFO  impl.RoleInfo (RoleInfo.java:shutdownFollowerState(121)) - 13c48e20-7299-470e-92b7-41ff11ac47c5: shutdown FollowerState
2019-09-24 18:15:27,637 [Thread-263] INFO  impl.RaftServerImpl (RaftServerImpl.java:setRole(174)) - 13c48e20-7299-470e-92b7-41ff11ac47c5@group-465B7FBD215B: changes role from  FOLLOWER to CANDIDATE at term 1 for changeToCandidate
2019-09-24 18:15:27,637 [Thread-263] INFO  impl.RoleInfo (RoleInfo.java:updateAndGet(143)) - 13c48e20-7299-470e-92b7-41ff11ac47c5: start LeaderElection
2019-09-24 18:15:27,780 [Thread-262] INFO  impl.FollowerState (FollowerState.java:run(106)) - f5999638-d985-4d9d-a96a-17e8999abea0:group-465B7FBD215B changes to CANDIDATE, lastRpcTime:5182, electionTimeout:5181ms
2019-09-24 18:15:27,781 [Thread-262] INFO  impl.RoleInfo (RoleInfo.java:shutdownFollowerState(121)) - f5999638-d985-4d9d-a96a-17e8999abea0: shutdown FollowerState
2019-09-24 18:15:27,781 [Thread-262] INFO  impl.RaftServerImpl (RaftServerImpl.java:setRole(174)) - f5999638-d985-4d9d-a96a-17e8999abea0@group-465B7FBD215B: changes role from  FOLLOWER to CANDIDATE at term 1 for changeToCandidate
2019-09-24 18:15:27,781 [Thread-262] INFO  impl.RoleInfo (RoleInfo.java:updateAndGet(143)) - f5999638-d985-4d9d-a96a-17e8999abea0: start LeaderElection
2019-09-24 18:15:27,902 [pool-87-thread-1] INFO  storage.RaftStorage (RaftStorage.java:format(72)) - Storage directory /workdir/hadoop-ozone/integration-test/target/test-dir/MiniOzoneClusterImpl-4070120b-f2bf-49a1-ba82-0323cc680d8e/datanode-6/data/ratis/3226d411-bb9f-4c92-a936-10f5c818bad8 has been successfully formatted.
2019-09-24 18:15:27,902 [pool-27-thread-1] INFO  storage.RaftStorage (RaftStorage.java:format(72)) - Storage directory /workdir/hadoop-ozone/integration-test/target/test-dir/MiniOzoneClusterImpl-4070120b-f2bf-49a1-ba82-0323cc680d8e/datanode-0/data/ratis/b58d606d-622e-4fbe-8b60-e6ed2cfad2b4 has been successfully formatted.
2019-09-24 18:15:27,902 [pool-67-thread-1] INFO  storage.RaftStorage (RaftStorage.java:format(72)) - Storage directory /workdir/hadoop-ozone/integration-test/target/test-dir/MiniOzoneClusterImpl-4070120b-f2bf-49a1-ba82-0323cc680d8e/datanode-4/data/ratis/3226d411-bb9f-4c92-a936-10f5c818bad8 has been successfully formatted.
2019-09-24 18:15:27,903 [pool-87-thread-1] INFO  ratis.ContainerStateMachine (ContainerStateMachine.java:loadSnapshot(230)) - group-10F5C818BAD8: The snapshot info is null. Setting the last applied indexto:(t:0, i:~)
2019-09-24 18:15:27,903 [pool-27-thread-1] INFO  ratis.ContainerStateMachine (ContainerStateMachine.java:loadSnapshot(230)) - group-E6ED2CFAD2B4: The snapshot info is null. Setting the last applied indexto:(t:0, i:~)
2019-09-24 18:15:27,903 [pool-87-thread-1] INFO  server.RaftServerConfigKeys (ConfUtils.java:logGet(43)) - raft.server.notification.no-leader.timeout = 120s (custom)
2019-09-24 18:15:27,903 [pool-67-thread-1] INFO  ratis.ContainerStateMachine (ContainerStateMachine.java:loadSnapshot(230)) - group-10F5C818BAD8: The snapshot info is null. Setting the last applied indexto:(t:0, i:~)
2019-09-24 18:15:27,903 [pool-87-thread-1] INFO  server.RaftServerConfigKeys (ConfUtils.java:logGet(43)) - raft.server.log.use.memory = false (default)
2019-09-24 18:15:27,903 [pool-27-thread-1] INFO  server.RaftServerConfigKeys (ConfUtils.java:logGet(43)) - raft.server.notification.no-leader.timeout = 120s (custom)
2019-09-24 18:15:27,904 [pool-87-thread-1] INFO  server.RaftServerConfigKeys (ConfUtils.java:logGet(43)) - raft.server.log.purge.gap = 1000000 (custom)
2019-09-24 18:15:27,904 [4e7f1cb9-4633-45c3-85c0-9982b1655b51@group-10770B4EF652:LeaderElection3] INFO  impl.LeaderElection (LeaderElection.java:askForVotes(182)) - 4e7f1cb9-4633-45c3-85c0-9982b1655b51@group-10770B4EF652:LeaderElection3: begin an election at term 1 for -1: [4e7f1cb9-4633-45c3-85c0-9982b1655b51:192.168.36.84:40637], old=null
2019-09-24 18:15:27,904 [13c48e20-7299-470e-92b7-41ff11ac47c5@group-465B7FBD215B:LeaderElection4] INFO  impl.LeaderElection (LeaderElection.java:askForVotes(182)) - 13c48e20-7299-470e-92b7-41ff11ac47c5@group-465B7FBD215B:LeaderElection4: begin an election at term 2 for -1: [13c48e20-7299-470e-92b7-41ff11ac47c5:192.168.36.84:36500, 4e7f1cb9-4633-45c3-85c0-9982b1655b51:192.168.36.84:40637, f5999638-d985-4d9d-a96a-17e8999abea0:192.168.36.84:39819], old=null
2019-09-24 18:15:27,904 [f5999638-d985-4d9d-a96a-17e8999abea0@group-465B7FBD215B:LeaderElection5] INFO  impl.LeaderElection (LeaderElection.java:askForVotes(182)) - f5999638-d985-4d9d-a96a-17e8999abea0@group-465B7FBD215B:LeaderElection5: begin an election at term 2 for -1: [13c48e20-7299-470e-92b7-41ff11ac47c5:192.168.36.84:36500, 4e7f1cb9-4633-45c3-85c0-9982b1655b51:192.168.36.84:40637, f5999638-d985-4d9d-a96a-17e8999abea0:192.168.36.84:39819], old=null
2019-09-24 18:15:27,904 [pool-67-thread-1] INFO  server.RaftServerConfigKeys (ConfUtils.java:logGet(43)) - raft.server.notification.no-leader.timeout = 120s (custom)
2019-09-24 18:15:27,905 [4e7f1cb9-4633-45c3-85c0-9982b1655b51@group-10770B4EF652:LeaderElection3] INFO  impl.RoleInfo (RoleInfo.java:shutdownLeaderElection(134)) - 4e7f1cb9-4633-45c3-85c0-9982b1655b51: shutdown LeaderElection
2019-09-24 18:15:27,904 [pool-87-thread-1] INFO  server.RaftServerConfigKeys (ConfUtils.java:logGet(43)) - raft.server.log.appender.buffer.byte-limit = 33554432 (custom)
2019-09-24 18:15:27,904 [pool-27-thread-1] INFO  server.RaftServerConfigKeys (ConfUtils.java:logGet(43)) - raft.server.log.use.memory = false (default)
2019-09-24 18:15:27,906 [pool-87-thread-1] INFO  server.RaftServerConfigKeys (ConfUtils.java:logGet(43)) - raft.server.log.segment.size.max = 1048576 (custom)
2019-09-24 18:15:27,905 [4e7f1cb9-4633-45c3-85c0-9982b1655b51@group-10770B4EF652:LeaderElection3] INFO  impl.RaftServerImpl (RaftServerImpl.java:setRole(174)) - 4e7f1cb9-4633-45c3-85c0-9982b1655b51@group-10770B4EF652: changes role from CANDIDATE to LEADER at term 1 for changeToLeader
2019-09-24 18:15:27,905 [pool-67-thread-1] INFO  server.RaftServerConfigKeys (ConfUtils.java:logGet(43)) - raft.server.log.use.memory = false (default)
2019-09-24 18:15:27,907 [4e7f1cb9-4633-45c3-85c0-9982b1655b51@group-10770B4EF652:LeaderElection3] INFO  impl.RaftServerImpl (ServerState.java:setLeader(253)) - 4e7f1cb9-4633-45c3-85c0-9982b1655b51@group-10770B4EF652: change Leader from null to 4e7f1cb9-4633-45c3-85c0-9982b1655b51 at term 1 for becomeLeader, leader elected after 15972ms
2019-09-24 18:15:27,906 [pool-87-thread-1] INFO  server.RaftServerConfigKeys (ConfUtils.java:logGet(43)) - raft.server.log.segment.cache.num.max = 2 (custom)
2019-09-24 18:15:27,906 [pool-27-thread-1] INFO  server.RaftServerConfigKeys (ConfUtils.java:logGet(43)) - raft.server.log.purge.gap = 1000000 (custom)
2019-09-24 18:15:27,907 [pool-87-thread-1] INFO  segmented.SegmentedRaftLogWorker (SegmentedRaftLogWorker.java:<init>(172)) - new 13c48e20-7299-470e-92b7-41ff11ac47c5@group-10F5C818BAD8-SegmentedRaftLogWorker for RaftStorage:Storage Directory /workdir/hadoop-ozone/integration-test/target/test-dir/MiniOzoneClusterImpl-4070120b-f2bf-49a1-ba82-0323cc680d8e/datanode-6/data/ratis/3226d411-bb9f-4c92-a936-10f5c818bad8
2019-09-24 18:15:27,907 [pool-67-thread-1] INFO  server.RaftServerConfigKeys (ConfUtils.java:logGet(43)) - raft.server.log.purge.gap = 1000000 (custom)
2019-09-24 18:15:27,908 [pool-87-thread-1] INFO  server.RaftServerConfigKeys (ConfUtils.java:logGet(43)) - raft.server.log.queue.byte-limit = 2147483647 (custom)
2019-09-24 18:15:27,907 [pool-27-thread-1] INFO  server.RaftServerConfigKeys (ConfUtils.java:logGet(43)) - raft.server.log.appender.buffer.byte-limit = 33554432 (custom)
2019-09-24 18:15:27,908 [pool-87-thread-1] INFO  server.RaftServerConfigKeys (ConfUtils.java:logGet(43)) - raft.server.log.queue.element-limit = 1024 (custom)
2019-09-24 18:15:27,908 [pool-67-thread-1] INFO  server.RaftServerConfigKeys (ConfUtils.java:logGet(43)) - raft.server.log.appender.buffer.byte-limit = 33554432 (custom)
2019-09-24 18:15:27,909 [pool-87-thread-1] INFO  server.RaftServerConfigKeys (ConfUtils.java:logGet(43)) - raft.server.log.segment.size.max = 1048576 (custom)
2019-09-24 18:15:27,909 [pool-27-thread-1] INFO  server.RaftServerConfigKeys (ConfUtils.java:logGet(43)) - raft.server.log.segment.size.max = 1048576 (custom)
2019-09-24 18:15:27,909 [pool-87-thread-1] INFO  server.RaftServerConfigKeys (ConfUtils.java:logGet(43)) - raft.server.log.preallocated.size = 16384 (custom)
2019-09-24 18:15:27,909 [pool-67-thread-1] INFO  server.RaftServerConfigKeys (ConfUtils.java:logGet(43)) - raft.server.log.segment.size.max = 1048576 (custom)
2019-09-24 18:15:27,910 [pool-87-thread-1] INFO  server.RaftServerConfigKeys (ConfUtils.java:logGet(43)) - raft.server.log.write.buffer.size = 33554432 (custom)
2019-09-24 18:15:27,909 [pool-27-thread-1] INFO  server.RaftServerConfigKeys (ConfUtils.java:logGet(43)) - raft.server.log.segment.cache.num.max = 2 (custom)
2019-09-24 18:15:27,910 [pool-87-thread-1] INFO  server.RaftServerConfigKeys (ConfUtils.java:logGet(43)) - raft.server.log.force.sync.num = 128 (default)
2019-09-24 18:15:27,910 [pool-67-thread-1] INFO  server.RaftServerConfigKeys (ConfUtils.java:logGet(43)) - raft.server.log.segment.cache.num.max = 2 (custom)
2019-09-24 18:15:27,914 [pool-87-thread-1] INFO  server.RaftServerConfigKeys (ConfUtils.java:logGet(43)) - raft.server.log.statemachine.data.sync = true (default)
2019-09-24 18:15:27,910 [pool-27-thread-1] INFO  segmented.SegmentedRaftLogWorker (SegmentedRaftLogWorker.java:<init>(172)) - new 4e7f1cb9-4633-45c3-85c0-9982b1655b51@group-E6ED2CFAD2B4-SegmentedRaftLogWorker for RaftStorage:Storage Directory /workdir/hadoop-ozone/integration-test/target/test-dir/MiniOzoneClusterImpl-4070120b-f2bf-49a1-ba82-0323cc680d8e/datanode-0/data/ratis/b58d606d-622e-4fbe-8b60-e6ed2cfad2b4
2019-09-24 18:15:27,915 [grpc-default-executor-0] WARN  server.GrpcServerProtocolService (LogUtils.java:warn(134)) - 4e7f1cb9-4633-45c3-85c0-9982b1655b51: Failed requestVote f5999638-d985-4d9d-a96a-17e8999abea0->4e7f1cb9-4633-45c3-85c0-9982b1655b51#0: org.apache.ratis.protocol.ServerNotReadyException: 4e7f1cb9-4633-45c3-85c0-9982b1655b51@group-465B7FBD215B is not in [RUNNING]: current state is NEW
2019-09-24 18:15:27,915 [pool-87-thread-1] INFO  server.RaftServerConfigKeys (ConfUtils.java:logGet(43)) - raft.server.log.statemachine.data.sync.timeout = 10s (default)
2019-09-24 18:15:27,915 [pool-67-thread-1] INFO  segmented.SegmentedRaftLogWorker (SegmentedRaftLogWorker.java:<init>(172)) - new f5999638-d985-4d9d-a96a-17e8999abea0@group-10F5C818BAD8-SegmentedRaftLogWorker for RaftStorage:Storage Directory /workdir/hadoop-ozone/integration-test/target/test-dir/MiniOzoneClusterImpl-4070120b-f2bf-49a1-ba82-0323cc680d8e/datanode-4/data/ratis/3226d411-bb9f-4c92-a936-10f5c818bad8
2019-09-24 18:15:27,919 [pool-87-thread-1] INFO  server.RaftServerConfigKeys (ConfUtils.java:logGet(43)) - raft.server.log.statemachine.data.sync.timeout.retry = -1 (default)
2019-09-24 18:15:27,915 [pool-27-thread-1] INFO  server.RaftServerConfigKeys (ConfUtils.java:logGet(43)) - raft.server.log.queue.byte-limit = 2147483647 (custom)
2019-09-24 18:15:27,922 [pool-87-thread-1] INFO  server.RaftServerConfigKeys (ConfUtils.java:logGet(43)) - raft.server.log.statemachine.data.caching.enabled = true (custom)
2019-09-24 18:15:27,921 [pool-67-thread-1] INFO  server.RaftServerConfigKeys (ConfUtils.java:logGet(43)) - raft.server.log.queue.byte-limit = 2147483647 (custom)
2019-09-24 18:15:27,922 [pool-27-thread-1] INFO  server.RaftServerConfigKeys (ConfUtils.java:logGet(43)) - raft.server.log.queue.element-limit = 1024 (custom)
2019-09-24 18:15:27,922 [pool-87-thread-1] INFO  segmented.SegmentedRaftLogWorker (SegmentedRaftLogWorker.java:lambda$new$0(132)) - 13c48e20-7299-470e-92b7-41ff11ac47c5@group-10F5C818BAD8-SegmentedRaftLogWorker: flushIndex: setUnconditionally 0 -> -1
2019-09-24 18:15:27,922 [grpc-default-executor-3] WARN  server.GrpcServerProtocolService (LogUtils.java:warn(134)) - 4e7f1cb9-4633-45c3-85c0-9982b1655b51: Failed requestVote 13c48e20-7299-470e-92b7-41ff11ac47c5->4e7f1cb9-4633-45c3-85c0-9982b1655b51#0: org.apache.ratis.protocol.ServerNotReadyException: 4e7f1cb9-4633-45c3-85c0-9982b1655b51@group-465B7FBD215B is not in [RUNNING]: current state is NEW
2019-09-24 18:15:27,922 [pool-67-thread-1] INFO  server.RaftServerConfigKeys (ConfUtils.java:logGet(43)) - raft.server.log.queue.element-limit = 1024 (custom)
2019-09-24 18:15:27,923 [pool-87-thread-1] INFO  server.RaftServerConfigKeys (ConfUtils.java:logGet(43)) - raft.server.snapshot.auto.trigger.enabled = true (custom)
2019-09-24 18:15:27,923 [pool-27-thread-1] INFO  server.RaftServerConfigKeys (ConfUtils.java:logGet(43)) - raft.server.log.segment.size.max = 1048576 (custom)
2019-09-24 18:15:27,924 [pool-87-thread-1] INFO  server.RaftServerConfigKeys (ConfUtils.java:logGet(43)) - raft.server.snapshot.auto.trigger.threshold = 10000 (custom)
2019-09-24 18:15:27,923 [pool-67-thread-1] INFO  server.RaftServerConfigKeys (ConfUtils.java:logGet(43)) - raft.server.log.segment.size.max = 1048576 (custom)
2019-09-24 18:15:27,928 [pool-87-thread-1] INFO  server.RaftServerConfigKeys (ConfUtils.java:logGet(43)) - raft.server.snapshot.retention.num.files = 5 (custom)
2019-09-24 18:15:27,927 [4e7f1cb9-4633-45c3-85c0-9982b1655b51@group-10770B4EF652:LeaderElection3] INFO  server.RaftServerConfigKeys (ConfUtils.java:logGet(43)) - raft.server.staging.catchup.gap = 1000 (default)
2019-09-24 18:15:27,925 [pool-27-thread-1] INFO  server.RaftServerConfigKeys (ConfUtils.java:logGet(43)) - raft.server.log.preallocated.size = 16384 (custom)
2019-09-24 18:15:27,932 [4e7f1cb9-4633-45c3-85c0-9982b1655b51@group-10770B4EF652:LeaderElection3] INFO  server.RaftServerConfigKeys (ConfUtils.java:logGet(43)) - raft.server.rpc.sleep.time = 25ms (default)
2019-09-24 18:15:27,932 [pool-87-thread-1] INFO  server.RaftServerConfigKeys (ConfUtils.java:logGet(43)) - raft.server.retrycache.expirytime = 600000ms (custom)
2019-09-24 18:15:27,928 [pool-67-thread-1] INFO  server.RaftServerConfigKeys (ConfUtils.java:logGet(43)) - raft.server.log.preallocated.size = 16384 (custom)
2019-09-24 18:15:27,932 [pool-27-thread-1] INFO  server.RaftServerConfigKeys (ConfUtils.java:logGet(43)) - raft.server.log.write.buffer.size = 33554432 (custom)
2019-09-24 18:15:27,937 [f5999638-d985-4d9d-a96a-17e8999abea0@group-465B7FBD215B:LeaderElection5] INFO  impl.LeaderElection (LogUtils.java:infoOrTrace(149)) - f5999638-d985-4d9d-a96a-17e8999abea0@group-465B7FBD215B:LeaderElection5 got exception when requesting votes: {}
java.util.concurrent.ExecutionException: org.apache.ratis.thirdparty.io.grpc.StatusRuntimeException: INTERNAL: 4e7f1cb9-4633-45c3-85c0-9982b1655b51@group-465B7FBD215B is not in [RUNNING]: current state is NEW
	at java.util.concurrent.FutureTask.report(FutureTask.java:122)
	at java.util.concurrent.FutureTask.get(FutureTask.java:192)
	at org.apache.ratis.server.impl.LeaderElection.waitForResults(LeaderElection.java:263)
	at org.apache.ratis.server.impl.LeaderElection.askForVotes(LeaderElection.java:201)
	at org.apache.ratis.server.impl.LeaderElection.run(LeaderElection.java:133)
	at java.lang.Thread.run(Thread.java:748)
Caused by: org.apache.ratis.thirdparty.io.grpc.StatusRuntimeException: INTERNAL: 4e7f1cb9-4633-45c3-85c0-9982b1655b51@group-465B7FBD215B is not in [RUNNING]: current state is NEW
	at org.apache.ratis.thirdparty.io.grpc.stub.ClientCalls.toStatusRuntimeException(ClientCalls.java:233)
	at org.apache.ratis.thirdparty.io.grpc.stub.ClientCalls.getUnchecked(ClientCalls.java:214)
	at org.apache.ratis.thirdparty.io.grpc.stub.ClientCalls.blockingUnaryCall(ClientCalls.java:139)
	at org.apache.ratis.proto.grpc.RaftServerProtocolServiceGrpc$RaftServerProtocolServiceBlockingStub.requestVote(RaftServerProtocolServiceGrpc.java:265)
	at org.apache.ratis.grpc.server.GrpcServerProtocolClient.requestVote(GrpcServerProtocolClient.java:90)
	at org.apache.ratis.grpc.server.GrpcService.requestVote(GrpcService.java:204)
	at org.apache.ratis.server.impl.LeaderElection.lambda$submitRequests$1(LeaderElection.java:238)
	at java.util.concurrent.FutureTask.run(FutureTask.java:266)
	at java.util.concurrent.Executors$RunnableAdapter.call(Executors.java:511)
	at java.util.concurrent.FutureTask.run(FutureTask.java:266)
	at java.util.concurrent.ThreadPoolExecutor.runWorker(ThreadPoolExecutor.java:1149)
	at java.util.concurrent.ThreadPoolExecutor$Worker.run(ThreadPoolExecutor.java:624)
	... 1 more
2019-09-24 18:15:27,935 [pool-67-thread-1] INFO  server.RaftServerConfigKeys (ConfUtils.java:logGet(43)) - raft.server.log.write.buffer.size = 33554432 (custom)
2019-09-24 18:15:27,937 [pool-27-thread-1] INFO  server.RaftServerConfigKeys (ConfUtils.java:logGet(43)) - raft.server.log.force.sync.num = 128 (default)
2019-09-24 18:15:27,940 [pool-67-thread-1] INFO  server.RaftServerConfigKeys (ConfUtils.java:logGet(43)) - raft.server.log.force.sync.num = 128 (default)
2019-09-24 18:15:27,940 [f5999638-d985-4d9d-a96a-17e8999abea0@group-465B7FBD215B:LeaderElection5] INFO  impl.LeaderElection (LeaderElection.java:logAndReturn(56)) - f5999638-d985-4d9d-a96a-17e8999abea0@group-465B7FBD215B:LeaderElection5: Election REJECTED; received 1 response(s) [f5999638-d985-4d9d-a96a-17e8999abea0<-13c48e20-7299-470e-92b7-41ff11ac47c5#0:FAIL-t2] and 1 exception(s); f5999638-d985-4d9d-a96a-17e8999abea0@group-465B7FBD215B:t2, leader=null, voted=f5999638-d985-4d9d-a96a-17e8999abea0, raftlog=f5999638-d985-4d9d-a96a-17e8999abea0@group-465B7FBD215B-SegmentedRaftLog:OPENED:c-1,f-1,i0, conf=-1: [13c48e20-7299-470e-92b7-41ff11ac47c5:192.168.36.84:36500, 4e7f1cb9-4633-45c3-85c0-9982b1655b51:192.168.36.84:40637, f5999638-d985-4d9d-a96a-17e8999abea0:192.168.36.84:39819], old=null
2019-09-24 18:15:27,942 [pool-67-thread-1] INFO  server.RaftServerConfigKeys (ConfUtils.java:logGet(43)) - raft.server.log.statemachine.data.sync = true (default)
2019-09-24 18:15:27,942 [pool-27-thread-1] INFO  server.RaftServerConfigKeys (ConfUtils.java:logGet(43)) - raft.server.log.statemachine.data.sync = true (default)
2019-09-24 18:15:27,945 [4e7f1cb9-4633-45c3-85c0-9982b1655b51@group-10770B4EF652:LeaderElection3] INFO  server.RaftServerConfigKeys (ConfUtils.java:logGet(43)) - raft.server.write.element-limit = 4096 (default)
2019-09-24 18:15:27,943 [pool-67-thread-1] INFO  server.RaftServerConfigKeys (ConfUtils.java:logGet(43)) - raft.server.log.statemachine.data.sync.timeout = 10s (default)
2019-09-24 18:15:27,942 [f5999638-d985-4d9d-a96a-17e8999abea0@group-465B7FBD215B:LeaderElection5] INFO  impl.LeaderElection (LogUtils.java:infoOrTrace(149)) -   Exception 0: {}
java.util.concurrent.ExecutionException: org.apache.ratis.thirdparty.io.grpc.StatusRuntimeException: INTERNAL: 4e7f1cb9-4633-45c3-85c0-9982b1655b51@group-465B7FBD215B is not in [RUNNING]: current state is NEW
	at java.util.concurrent.FutureTask.report(FutureTask.java:122)
	at java.util.concurrent.FutureTask.get(FutureTask.java:192)
	at org.apache.ratis.server.impl.LeaderElection.waitForResults(LeaderElection.java:263)
	at org.apache.ratis.server.impl.LeaderElection.askForVotes(LeaderElection.java:201)
	at org.apache.ratis.server.impl.LeaderElection.run(LeaderElection.java:133)
	at java.lang.Thread.run(Thread.java:748)
Caused by: org.apache.ratis.thirdparty.io.grpc.StatusRuntimeException: INTERNAL: 4e7f1cb9-4633-45c3-85c0-9982b1655b51@group-465B7FBD215B is not in [RUNNING]: current state is NEW
	at org.apache.ratis.thirdparty.io.grpc.stub.ClientCalls.toStatusRuntimeException(ClientCalls.java:233)
	at org.apache.ratis.thirdparty.io.grpc.stub.ClientCalls.getUnchecked(ClientCalls.java:214)
	at org.apache.ratis.thirdparty.io.grpc.stub.ClientCalls.blockingUnaryCall(ClientCalls.java:139)
	at org.apache.ratis.proto.grpc.RaftServerProtocolServiceGrpc$RaftServerProtocolServiceBlockingStub.requestVote(RaftServerProtocolServiceGrpc.java:265)
	at org.apache.ratis.grpc.server.GrpcServerProtocolClient.requestVote(GrpcServerProtocolClient.java:90)
	at org.apache.ratis.grpc.server.GrpcService.requestVote(GrpcService.java:204)
	at org.apache.ratis.server.impl.LeaderElection.lambda$submitRequests$1(LeaderElection.java:238)
	at java.util.concurrent.FutureTask.run(FutureTask.java:266)
	at java.util.concurrent.Executors$RunnableAdapter.call(Executors.java:511)
	at java.util.concurrent.FutureTask.run(FutureTask.java:266)
	at java.util.concurrent.ThreadPoolExecutor.runWorker(ThreadPoolExecutor.java:1149)
	at java.util.concurrent.ThreadPoolExecutor$Worker.run(ThreadPoolExecutor.java:624)
	... 1 more
2019-09-24 18:15:27,947 [pool-67-thread-1] INFO  server.RaftServerConfigKeys (ConfUtils.java:logGet(43)) - raft.server.log.statemachine.data.sync.timeout.retry = -1 (default)
2019-09-24 18:15:27,947 [13c48e20-7299-470e-92b7-41ff11ac47c5@group-465B7FBD215B:LeaderElection4] INFO  impl.LeaderElection (LogUtils.java:infoOrTrace(149)) - 13c48e20-7299-470e-92b7-41ff11ac47c5@group-465B7FBD215B:LeaderElection4 got exception when requesting votes: {}
java.util.concurrent.ExecutionException: org.apache.ratis.thirdparty.io.grpc.StatusRuntimeException: INTERNAL: 4e7f1cb9-4633-45c3-85c0-9982b1655b51@group-465B7FBD215B is not in [RUNNING]: current state is NEW
	at java.util.concurrent.FutureTask.report(FutureTask.java:122)
	at java.util.concurrent.FutureTask.get(FutureTask.java:192)
	at org.apache.ratis.server.impl.LeaderElection.waitForResults(LeaderElection.java:263)
	at org.apache.ratis.server.impl.LeaderElection.askForVotes(LeaderElection.java:201)
	at org.apache.ratis.server.impl.LeaderElection.run(LeaderElection.java:133)
	at java.lang.Thread.run(Thread.java:748)
Caused by: org.apache.ratis.thirdparty.io.grpc.StatusRuntimeException: INTERNAL: 4e7f1cb9-4633-45c3-85c0-9982b1655b51@group-465B7FBD215B is not in [RUNNING]: current state is NEW
	at org.apache.ratis.thirdparty.io.grpc.stub.ClientCalls.toStatusRuntimeException(ClientCalls.java:233)
	at org.apache.ratis.thirdparty.io.grpc.stub.ClientCalls.getUnchecked(ClientCalls.java:214)
	at org.apache.ratis.thirdparty.io.grpc.stub.ClientCalls.blockingUnaryCall(ClientCalls.java:139)
	at org.apache.ratis.proto.grpc.RaftServerProtocolServiceGrpc$RaftServerProtocolServiceBlockingStub.requestVote(RaftServerProtocolServiceGrpc.java:265)
	at org.apache.ratis.grpc.server.GrpcServerProtocolClient.requestVote(GrpcServerProtocolClient.java:90)
	at org.apache.ratis.grpc.server.GrpcService.requestVote(GrpcService.java:204)
	at org.apache.ratis.server.impl.LeaderElection.lambda$submitRequests$1(LeaderElection.java:238)
	at java.util.concurrent.FutureTask.run(FutureTask.java:266)
	at java.util.concurrent.Executors$RunnableAdapter.call(Executors.java:511)
	at java.util.concurrent.FutureTask.run(FutureTask.java:266)
	at java.util.concurrent.ThreadPoolExecutor.runWorker(ThreadPoolExecutor.java:1149)
	at java.util.concurrent.ThreadPoolExecutor$Worker.run(ThreadPoolExecutor.java:624)
	... 1 more
2019-09-24 18:15:27,945 [pool-27-thread-1] INFO  server.RaftServerConfigKeys (ConfUtils.java:logGet(43)) - raft.server.log.statemachine.data.sync.timeout = 10s (default)
2019-09-24 18:15:27,954 [13c48e20-7299-470e-92b7-41ff11ac47c5@group-465B7FBD215B:LeaderElection4] INFO  impl.LeaderElection (LeaderElection.java:logAndReturn(56)) - 13c48e20-7299-470e-92b7-41ff11ac47c5@group-465B7FBD215B:LeaderElection4: Election REJECTED; received 1 response(s) [13c48e20-7299-470e-92b7-41ff11ac47c5<-f5999638-d985-4d9d-a96a-17e8999abea0#0:FAIL-t2] and 1 exception(s); 13c48e20-7299-470e-92b7-41ff11ac47c5@group-465B7FBD215B:t2, leader=null, voted=13c48e20-7299-470e-92b7-41ff11ac47c5, raftlog=13c48e20-7299-470e-92b7-41ff11ac47c5@group-465B7FBD215B-SegmentedRaftLog:OPENED:c-1,f-1,i0, conf=-1: [13c48e20-7299-470e-92b7-41ff11ac47c5:192.168.36.84:36500, 4e7f1cb9-4633-45c3-85c0-9982b1655b51:192.168.36.84:40637, f5999638-d985-4d9d-a96a-17e8999abea0:192.168.36.84:39819], old=null
2019-09-24 18:15:27,951 [pool-67-thread-1] INFO  server.RaftServerConfigKeys (ConfUtils.java:logGet(43)) - raft.server.log.statemachine.data.caching.enabled = true (custom)
2019-09-24 18:15:27,948 [f5999638-d985-4d9d-a96a-17e8999abea0@group-465B7FBD215B:LeaderElection5] INFO  impl.RaftServerImpl (RaftServerImpl.java:setRole(174)) - f5999638-d985-4d9d-a96a-17e8999abea0@group-465B7FBD215B: changes role from CANDIDATE to FOLLOWER at term 2 for DISCOVERED_A_NEW_TERM
2019-09-24 18:15:27,954 [13c48e20-7299-470e-92b7-41ff11ac47c5@group-465B7FBD215B:LeaderElection4] INFO  impl.LeaderElection (LogUtils.java:infoOrTrace(149)) -   Exception 0: {}
java.util.concurrent.ExecutionException: org.apache.ratis.thirdparty.io.grpc.StatusRuntimeException: INTERNAL: 4e7f1cb9-4633-45c3-85c0-9982b1655b51@group-465B7FBD215B is not in [RUNNING]: current state is NEW
	at java.util.concurrent.FutureTask.report(FutureTask.java:122)
	at java.util.concurrent.FutureTask.get(FutureTask.java:192)
	at org.apache.ratis.server.impl.LeaderElection.waitForResults(LeaderElection.java:263)
	at org.apache.ratis.server.impl.LeaderElection.askForVotes(LeaderElection.java:201)
	at org.apache.ratis.server.impl.LeaderElection.run(LeaderElection.java:133)
	at java.lang.Thread.run(Thread.java:748)
Caused by: org.apache.ratis.thirdparty.io.grpc.StatusRuntimeException: INTERNAL: 4e7f1cb9-4633-45c3-85c0-9982b1655b51@group-465B7FBD215B is not in [RUNNING]: current state is NEW
	at org.apache.ratis.thirdparty.io.grpc.stub.ClientCalls.toStatusRuntimeException(ClientCalls.java:233)
	at org.apache.ratis.thirdparty.io.grpc.stub.ClientCalls.getUnchecked(ClientCalls.java:214)
	at org.apache.ratis.thirdparty.io.grpc.stub.ClientCalls.blockingUnaryCall(ClientCalls.java:139)
	at org.apache.ratis.proto.grpc.RaftServerProtocolServiceGrpc$RaftServerProtocolServiceBlockingStub.requestVote(RaftServerProtocolServiceGrpc.java:265)
	at org.apache.ratis.grpc.server.GrpcServerProtocolClient.requestVote(GrpcServerProtocolClient.java:90)
	at org.apache.ratis.grpc.server.GrpcService.requestVote(GrpcService.java:204)
	at org.apache.ratis.server.impl.LeaderElection.lambda$submitRequests$1(LeaderElection.java:238)
	at java.util.concurrent.FutureTask.run(FutureTask.java:266)
	at java.util.concurrent.Executors$RunnableAdapter.call(Executors.java:511)
	at java.util.concurrent.FutureTask.run(FutureTask.java:266)
	at java.util.concurrent.ThreadPoolExecutor.runWorker(ThreadPoolExecutor.java:1149)
	at java.util.concurrent.ThreadPoolExecutor$Worker.run(ThreadPoolExecutor.java:624)
	... 1 more
2019-09-24 18:15:27,954 [pool-27-thread-1] INFO  server.RaftServerConfigKeys (ConfUtils.java:logGet(43)) - raft.server.log.statemachine.data.sync.timeout.retry = -1 (default)
2019-09-24 18:15:27,956 [13c48e20-7299-470e-92b7-41ff11ac47c5@group-465B7FBD215B:LeaderElection4] INFO  impl.RaftServerImpl (RaftServerImpl.java:setRole(174)) - 13c48e20-7299-470e-92b7-41ff11ac47c5@group-465B7FBD215B: changes role from CANDIDATE to FOLLOWER at term 2 for DISCOVERED_A_NEW_TERM
2019-09-24 18:15:27,958 [pool-27-thread-1] INFO  server.RaftServerConfigKeys (ConfUtils.java:logGet(43)) - raft.server.log.statemachine.data.caching.enabled = true (custom)
2019-09-24 18:15:27,956 [pool-67-thread-1] INFO  segmented.SegmentedRaftLogWorker (SegmentedRaftLogWorker.java:lambda$new$0(132)) - f5999638-d985-4d9d-a96a-17e8999abea0@group-10F5C818BAD8-SegmentedRaftLogWorker: flushIndex: setUnconditionally 0 -> -1
2019-09-24 18:15:27,956 [f5999638-d985-4d9d-a96a-17e8999abea0@group-465B7FBD215B:LeaderElection5] INFO  impl.RoleInfo (RoleInfo.java:shutdownLeaderElection(134)) - f5999638-d985-4d9d-a96a-17e8999abea0: shutdown LeaderElection
2019-09-24 18:15:27,959 [pool-27-thread-1] INFO  segmented.SegmentedRaftLogWorker (SegmentedRaftLogWorker.java:lambda$new$0(132)) - 4e7f1cb9-4633-45c3-85c0-9982b1655b51@group-E6ED2CFAD2B4-SegmentedRaftLogWorker: flushIndex: setUnconditionally 0 -> -1
2019-09-24 18:15:27,959 [pool-87-thread-1] INFO  impl.RaftServerImpl (RaftServerImpl.java:start(185)) - 13c48e20-7299-470e-92b7-41ff11ac47c5@group-3E08224F9EBD: start as a follower, conf=-1: [13c48e20-7299-470e-92b7-41ff11ac47c5:192.168.36.84:36500, 4e7f1cb9-4633-45c3-85c0-9982b1655b51:192.168.36.84:40637, f5999638-d985-4d9d-a96a-17e8999abea0:192.168.36.84:39819], old=null
2019-09-24 18:15:27,959 [pool-27-thread-1] INFO  server.RaftServerConfigKeys (ConfUtils.java:logGet(43)) - raft.server.snapshot.auto.trigger.enabled = true (custom)
2019-09-24 18:15:27,958 [13c48e20-7299-470e-92b7-41ff11ac47c5@group-465B7FBD215B:LeaderElection4] INFO  impl.RoleInfo (RoleInfo.java:shutdownLeaderElection(134)) - 13c48e20-7299-470e-92b7-41ff11ac47c5: shutdown LeaderElection
2019-09-24 18:15:27,958 [4e7f1cb9-4633-45c3-85c0-9982b1655b51@group-10770B4EF652:LeaderElection3] INFO  server.RaftServerConfigKeys (ConfUtils.java:logGet(43)) - raft.server.watch.timeout = 10s (default)
2019-09-24 18:15:27,960 [13c48e20-7299-470e-92b7-41ff11ac47c5@group-465B7FBD215B:LeaderElection4] INFO  impl.RoleInfo (RoleInfo.java:updateAndGet(143)) - 13c48e20-7299-470e-92b7-41ff11ac47c5: start FollowerState
2019-09-24 18:15:27,960 [4e7f1cb9-4633-45c3-85c0-9982b1655b51@group-10770B4EF652:LeaderElection3] INFO  server.RaftServerConfigKeys (ConfUtils.java:logGet(43)) - raft.server.watch.timeout.denomination = 1s (default)
2019-09-24 18:15:27,960 [pool-27-thread-1] INFO  server.RaftServerConfigKeys (ConfUtils.java:logGet(43)) - raft.server.snapshot.auto.trigger.threshold = 10000 (custom)
2019-09-24 18:15:27,960 [pool-87-thread-1] INFO  impl.RaftServerImpl (RaftServerImpl.java:setRole(174)) - 13c48e20-7299-470e-92b7-41ff11ac47c5@group-3E08224F9EBD: changes role from      null to FOLLOWER at term 0 for startAsFollower
2019-09-24 18:15:27,959 [f5999638-d985-4d9d-a96a-17e8999abea0@group-465B7FBD215B:LeaderElection5] INFO  impl.RoleInfo (RoleInfo.java:updateAndGet(143)) - f5999638-d985-4d9d-a96a-17e8999abea0: start FollowerState
2019-09-24 18:15:27,959 [pool-67-thread-1] INFO  server.RaftServerConfigKeys (ConfUtils.java:logGet(43)) - raft.server.snapshot.auto.trigger.enabled = true (custom)
2019-09-24 18:15:27,962 [pool-87-thread-1] INFO  impl.RoleInfo (RoleInfo.java:updateAndGet(143)) - 13c48e20-7299-470e-92b7-41ff11ac47c5: start FollowerState
2019-09-24 18:15:27,962 [pool-27-thread-1] INFO  server.RaftServerConfigKeys (ConfUtils.java:logGet(43)) - raft.server.snapshot.retention.num.files = 5 (custom)
2019-09-24 18:15:27,965 [4e7f1cb9-4633-45c3-85c0-9982b1655b51@group-10770B4EF652:LeaderElection3] INFO  server.RaftServerConfigKeys (ConfUtils.java:logGet(43)) - raft.server.watch.element-limit = 65536 (default)
2019-09-24 18:15:27,965 [pool-27-thread-1] INFO  server.RaftServerConfigKeys (ConfUtils.java:logGet(43)) - raft.server.retrycache.expirytime = 600000ms (custom)
2019-09-24 18:15:27,964 [pool-67-thread-1] INFO  server.RaftServerConfigKeys (ConfUtils.java:logGet(43)) - raft.server.snapshot.auto.trigger.threshold = 10000 (custom)
2019-09-24 18:15:27,965 [pool-87-thread-1] INFO  util.JmxRegister (JmxRegister.java:tryRegister(44)) - Successfully registered JMX Bean with object name Ratis:service=RaftServer,group=group-3E08224F9EBD,id=13c48e20-7299-470e-92b7-41ff11ac47c5
2019-09-24 18:15:27,965 [pool-67-thread-1] INFO  server.RaftServerConfigKeys (ConfUtils.java:logGet(43)) - raft.server.snapshot.retention.num.files = 5 (custom)
2019-09-24 18:15:27,966 [pool-67-thread-1] INFO  server.RaftServerConfigKeys (ConfUtils.java:logGet(43)) - raft.server.retrycache.expirytime = 600000ms (custom)
2019-09-24 18:15:27,966 [pool-87-thread-1] INFO  impl.RaftServerImpl (RaftServerImpl.java:start(185)) - 13c48e20-7299-470e-92b7-41ff11ac47c5@group-10F5C818BAD8: start as a follower, conf=-1: [13c48e20-7299-470e-92b7-41ff11ac47c5:192.168.36.84:36500, 4e7f1cb9-4633-45c3-85c0-9982b1655b51:192.168.36.84:40637, f5999638-d985-4d9d-a96a-17e8999abea0:192.168.36.84:39819], old=null
2019-09-24 18:15:27,966 [pool-87-thread-1] INFO  impl.RaftServerImpl (RaftServerImpl.java:setRole(174)) - 13c48e20-7299-470e-92b7-41ff11ac47c5@group-10F5C818BAD8: changes role from      null to FOLLOWER at term 0 for startAsFollower
2019-09-24 18:15:27,966 [pool-87-thread-1] INFO  impl.RoleInfo (RoleInfo.java:updateAndGet(143)) - 13c48e20-7299-470e-92b7-41ff11ac47c5: start FollowerState
2019-09-24 18:15:27,967 [pool-87-thread-1] INFO  util.JmxRegister (JmxRegister.java:tryRegister(44)) - Successfully registered JMX Bean with object name Ratis:service=RaftServer,group=group-10F5C818BAD8,id=13c48e20-7299-470e-92b7-41ff11ac47c5
2019-09-24 18:15:27,972 [pool-67-thread-1] INFO  impl.RaftServerProxy (RaftServerProxy.java:remove(95)) - f5999638-d985-4d9d-a96a-17e8999abea0: remove      null f5999638-d985-4d9d-a96a-17e8999abea0@group-10F5C818BAD8:t0, leader=null, voted=null, raftlog=f5999638-d985-4d9d-a96a-17e8999abea0@group-10F5C818BAD8-SegmentedRaftLog:OPENED:c-1,f-1,i0, conf=-1: [13c48e20-7299-470e-92b7-41ff11ac47c5:192.168.36.84:36500, 4e7f1cb9-4633-45c3-85c0-9982b1655b51:192.168.36.84:40637, f5999638-d985-4d9d-a96a-17e8999abea0:192.168.36.84:39819], old=null NEW
2019-09-24 18:15:27,972 [pool-27-thread-1] INFO  impl.RaftServerImpl (RaftServerImpl.java:<init>(95)) - 4e7f1cb9-4633-45c3-85c0-9982b1655b51: new RaftServerImpl for group-3E08224F9EBD:[13c48e20-7299-470e-92b7-41ff11ac47c5:192.168.36.84:36500, 4e7f1cb9-4633-45c3-85c0-9982b1655b51:192.168.36.84:40637, f5999638-d985-4d9d-a96a-17e8999abea0:192.168.36.84:39819] with ContainerStateMachine:uninitialized
2019-09-24 18:15:27,973 [pool-27-thread-1] INFO  server.RaftServerConfigKeys (ConfUtils.java:logGet(43)) - raft.server.rpc.timeout.min = 5s (custom)
2019-09-24 18:15:27,973 [pool-67-thread-1] WARN  impl.RaftServerProxy (RaftServerProxy.java:lambda$groupAddAsync$11(388)) - f5999638-d985-4d9d-a96a-17e8999abea0: Failed groupAdd* GroupManagementRequest:client-B6156353B305->f5999638-d985-4d9d-a96a-17e8999abea0@group-10F5C818BAD8, cid=9, seq=0, RW, null, Add:group-10F5C818BAD8:[13c48e20-7299-470e-92b7-41ff11ac47c5:192.168.36.84:36500, 4e7f1cb9-4633-45c3-85c0-9982b1655b51:192.168.36.84:40637, f5999638-d985-4d9d-a96a-17e8999abea0:192.168.36.84:39819]
java.util.concurrent.CompletionException: java.util.concurrent.RejectedExecutionException: Task java.util.concurrent.CompletableFuture$UniApply@14909f53 rejected from java.util.concurrent.ThreadPoolExecutor@71d30d14[Shutting down, pool size = 1, active threads = 1, queued tasks = 1, completed tasks = 3]
	at java.util.concurrent.CompletableFuture.encodeThrowable(CompletableFuture.java:273)
	at java.util.concurrent.CompletableFuture.completeThrowable(CompletableFuture.java:280)
	at java.util.concurrent.CompletableFuture.uniApply(CompletableFuture.java:604)
	at java.util.concurrent.CompletableFuture$UniApply.tryFire(CompletableFuture.java:577)
	at java.util.concurrent.CompletableFuture.postComplete(CompletableFuture.java:474)
	at java.util.concurrent.CompletableFuture$AsyncSupply.run(CompletableFuture.java:1595)
	at java.util.concurrent.ThreadPoolExecutor.runWorker(ThreadPoolExecutor.java:1149)
	at java.util.concurrent.ThreadPoolExecutor$Worker.run(ThreadPoolExecutor.java:624)
	at java.lang.Thread.run(Thread.java:748)
Caused by: java.util.concurrent.RejectedExecutionException: Task java.util.concurrent.CompletableFuture$UniApply@14909f53 rejected from java.util.concurrent.ThreadPoolExecutor@71d30d14[Shutting down, pool size = 1, active threads = 1, queued tasks = 1, completed tasks = 3]
	at java.util.concurrent.ThreadPoolExecutor$AbortPolicy.rejectedExecution(ThreadPoolExecutor.java:2063)
	at java.util.concurrent.ThreadPoolExecutor.reject(ThreadPoolExecutor.java:830)
	at java.util.concurrent.ThreadPoolExecutor.execute(ThreadPoolExecutor.java:1379)
	at java.util.concurrent.Executors$DelegatedExecutorService.execute(Executors.java:668)
	at java.util.concurrent.CompletableFuture$UniCompletion.claim(CompletableFuture.java:529)
	at java.util.concurrent.CompletableFuture.uniApply(CompletableFuture.java:599)
	... 6 more
2019-09-24 18:15:27,973 [pool-27-thread-1] INFO  server.RaftServerConfigKeys (ConfUtils.java:logGet(43)) - raft.server.rpc.timeout.max = 5200ms (custom)
2019-09-24 18:15:27,975 [pool-27-thread-1] INFO  server.RaftServerConfigKeys (ConfUtils.java:logGet(43)) - raft.server.rpcslowness.timeout = 120s (custom)
2019-09-24 18:15:27,975 [pool-67-thread-1] INFO  impl.RaftServerImpl (RaftServerImpl.java:start(185)) - f5999638-d985-4d9d-a96a-17e8999abea0@group-3E08224F9EBD: start as a follower, conf=-1: [13c48e20-7299-470e-92b7-41ff11ac47c5:192.168.36.84:36500, 4e7f1cb9-4633-45c3-85c0-9982b1655b51:192.168.36.84:40637, f5999638-d985-4d9d-a96a-17e8999abea0:192.168.36.84:39819], old=null
2019-09-24 18:15:27,975 [pool-27-thread-1] INFO  server.RaftServerConfigKeys (ConfUtils.java:logGet(43)) - raft.server.sleep.deviation.threshold = 300 (default)
2019-09-24 18:15:27,975 [pool-67-thread-1] INFO  impl.RaftServerImpl (RaftServerImpl.java:setRole(174)) - f5999638-d985-4d9d-a96a-17e8999abea0@group-3E08224F9EBD: changes role from      null to FOLLOWER at term 0 for startAsFollower
2019-09-24 18:15:27,975 [pool-27-thread-1] INFO  server.RaftServerConfigKeys (ConfUtils.java:logGet(43)) - raft.server.log.appender.install.snapshot.enabled = false (custom)
2019-09-24 18:15:27,976 [pool-67-thread-1] INFO  impl.RoleInfo (RoleInfo.java:updateAndGet(143)) - f5999638-d985-4d9d-a96a-17e8999abea0: start FollowerState
2019-09-24 18:15:27,976 [pool-27-thread-1] INFO  impl.RaftServerImpl (ServerState.java:<init>(103)) - 4e7f1cb9-4633-45c3-85c0-9982b1655b51@group-3E08224F9EBD: ConfigurationManager, init=-1: [13c48e20-7299-470e-92b7-41ff11ac47c5:192.168.36.84:36500, 4e7f1cb9-4633-45c3-85c0-9982b1655b51:192.168.36.84:40637, f5999638-d985-4d9d-a96a-17e8999abea0:192.168.36.84:39819], old=null, confs=<EMPTY_MAP>
2019-09-24 18:15:27,976 [pool-27-thread-1] INFO  server.RaftServerConfigKeys (ConfUtils.java:logGet(43)) - raft.server.storage.dir = [/workdir/hadoop-ozone/integration-test/target/test-dir/MiniOzoneClusterImpl-4070120b-f2bf-49a1-ba82-0323cc680d8e/datanode-0/data/ratis] (custom)
2019-09-24 18:15:27,976 [pool-67-thread-1] INFO  util.JmxRegister (JmxRegister.java:tryRegister(44)) - Successfully registered JMX Bean with object name Ratis:service=RaftServer,group=group-3E08224F9EBD,id=f5999638-d985-4d9d-a96a-17e8999abea0
2019-09-24 18:15:27,979 [pool-27-thread-1] INFO  storage.RaftStorageDirectory (RaftStorageDirectory.java:analyzeStorage(246)) - The storage directory /workdir/hadoop-ozone/integration-test/target/test-dir/MiniOzoneClusterImpl-4070120b-f2bf-49a1-ba82-0323cc680d8e/datanode-0/data/ratis/abac7698-beec-4670-940e-3e08224f9ebd does not exist. Creating ...
2019-09-24 18:15:27,994 [main] INFO  impl.RaftServerProxy (RaftServerProxy.java:lambda$close$4(314)) - f5999638-d985-4d9d-a96a-17e8999abea0: close
2019-09-24 18:15:27,997 [main] INFO  impl.RaftServerImpl (RaftServerImpl.java:lambda$shutdown$3(251)) - f5999638-d985-4d9d-a96a-17e8999abea0@group-465B7FBD215B: shutdown
2019-09-24 18:15:27,998 [main] INFO  util.JmxRegister (JmxRegister.java:unregister(73)) - Successfully un-registered JMX Bean with object name Ratis:service=RaftServer,group=group-465B7FBD215B,id=f5999638-d985-4d9d-a96a-17e8999abea0
2019-09-24 18:15:27,998 [main] INFO  impl.RoleInfo (RoleInfo.java:shutdownFollowerState(121)) - f5999638-d985-4d9d-a96a-17e8999abea0: shutdown FollowerState
2019-09-24 18:15:27,999 [main] INFO  impl.StateMachineUpdater (StateMachineUpdater.java:stopAndJoin(125)) - f5999638-d985-4d9d-a96a-17e8999abea0@group-465B7FBD215B-StateMachineUpdater: set stopIndex = -1
2019-09-24 18:15:27,999 [Thread-273] INFO  impl.FollowerState (FollowerState.java:run(115)) - f5999638-d985-4d9d-a96a-17e8999abea0: FollowerState was interrupted: java.lang.InterruptedException: sleep interrupted
2019-09-24 18:15:28,004 [main] INFO  impl.RaftServerImpl (ServerState.java:close(385)) - f5999638-d985-4d9d-a96a-17e8999abea0@group-465B7FBD215B: closes. applyIndex: -1
2019-09-24 18:15:28,007 [4e7f1cb9-4633-45c3-85c0-9982b1655b51@group-10770B4EF652:LeaderElection3] INFO  impl.RoleInfo (RoleInfo.java:updateAndGet(143)) - 4e7f1cb9-4633-45c3-85c0-9982b1655b51: start LeaderState
2019-09-24 18:15:28,009 [f5999638-d985-4d9d-a96a-17e8999abea0@group-465B7FBD215B-SegmentedRaftLogWorker] INFO  segmented.SegmentedRaftLogWorker (SegmentedRaftLogWorker.java:run(313)) - f5999638-d985-4d9d-a96a-17e8999abea0@group-465B7FBD215B-SegmentedRaftLogWorker was interrupted, exiting. There are 0 tasks remaining in the queue.
2019-09-24 18:15:28,009 [pool-27-thread-1] INFO  storage.RaftStorageDirectory (RaftStorageDirectory.java:tryLock(328)) - Lock on /workdir/hadoop-ozone/integration-test/target/test-dir/MiniOzoneClusterImpl-4070120b-f2bf-49a1-ba82-0323cc680d8e/datanode-0/data/ratis/abac7698-beec-4670-940e-3e08224f9ebd/in_use.lock acquired by nodename 15203@pr-hdds-2171-6l6hb-1841322612
2019-09-24 18:15:28,009 [main] INFO  segmented.SegmentedRaftLogWorker (SegmentedRaftLogWorker.java:close(228)) - f5999638-d985-4d9d-a96a-17e8999abea0@group-465B7FBD215B-SegmentedRaftLogWorker close()
2019-09-24 18:15:28,013 [main] INFO  impl.RaftServerImpl (RaftServerImpl.java:lambda$shutdown$3(251)) - f5999638-d985-4d9d-a96a-17e8999abea0@group-3E08224F9EBD: shutdown
2019-09-24 18:15:28,014 [main] INFO  util.JmxRegister (JmxRegister.java:unregister(73)) - Successfully un-registered JMX Bean with object name Ratis:service=RaftServer,group=group-3E08224F9EBD,id=f5999638-d985-4d9d-a96a-17e8999abea0
2019-09-24 18:15:28,014 [main] INFO  impl.RoleInfo (RoleInfo.java:shutdownFollowerState(121)) - f5999638-d985-4d9d-a96a-17e8999abea0: shutdown FollowerState
2019-09-24 18:15:28,015 [main] INFO  impl.StateMachineUpdater (StateMachineUpdater.java:stopAndJoin(125)) - f5999638-d985-4d9d-a96a-17e8999abea0@group-3E08224F9EBD-StateMachineUpdater: set stopIndex = -1
2019-09-24 18:15:28,015 [Thread-282] INFO  impl.FollowerState (FollowerState.java:run(115)) - f5999638-d985-4d9d-a96a-17e8999abea0: FollowerState was interrupted: java.lang.InterruptedException: sleep interrupted
2019-09-24 18:15:28,017 [main] INFO  impl.RaftServerImpl (ServerState.java:close(385)) - f5999638-d985-4d9d-a96a-17e8999abea0@group-3E08224F9EBD: closes. applyIndex: -1
2019-09-24 18:15:28,019 [f5999638-d985-4d9d-a96a-17e8999abea0@group-3E08224F9EBD-SegmentedRaftLogWorker] INFO  segmented.SegmentedRaftLogWorker (SegmentedRaftLogWorker.java:run(313)) - f5999638-d985-4d9d-a96a-17e8999abea0@group-3E08224F9EBD-SegmentedRaftLogWorker was interrupted, exiting. There are 0 tasks remaining in the queue.
2019-09-24 18:15:28,019 [main] INFO  segmented.SegmentedRaftLogWorker (SegmentedRaftLogWorker.java:close(228)) - f5999638-d985-4d9d-a96a-17e8999abea0@group-3E08224F9EBD-SegmentedRaftLogWorker close()
2019-09-24 18:15:28,023 [main] INFO  server.GrpcService (GrpcService.java:closeImpl(164)) - f5999638-d985-4d9d-a96a-17e8999abea0: shutdown server with port 39819 now
2019-09-24 18:15:28,026 [pool-27-thread-1] INFO  storage.RaftStorage (RaftStorage.java:format(72)) - Storage directory /workdir/hadoop-ozone/integration-test/target/test-dir/MiniOzoneClusterImpl-4070120b-f2bf-49a1-ba82-0323cc680d8e/datanode-0/data/ratis/abac7698-beec-4670-940e-3e08224f9ebd has been successfully formatted.
2019-09-24 18:15:28,031 [pool-27-thread-1] INFO  ratis.ContainerStateMachine (ContainerStateMachine.java:loadSnapshot(230)) - group-3E08224F9EBD: The snapshot info is null. Setting the last applied indexto:(t:0, i:~)
2019-09-24 18:15:28,033 [pool-27-thread-1] INFO  server.RaftServerConfigKeys (ConfUtils.java:logGet(43)) - raft.server.notification.no-leader.timeout = 120s (custom)
2019-09-24 18:15:28,033 [pool-27-thread-1] INFO  server.RaftServerConfigKeys (ConfUtils.java:logGet(43)) - raft.server.log.use.memory = false (default)
2019-09-24 18:15:28,033 [main] INFO  server.GrpcService (GrpcService.java:closeImpl(172)) - f5999638-d985-4d9d-a96a-17e8999abea0: shutdown server with port 39819 successfully
2019-09-24 18:15:28,033 [pool-27-thread-1] INFO  server.RaftServerConfigKeys (ConfUtils.java:logGet(43)) - raft.server.log.purge.gap = 1000000 (custom)
2019-09-24 18:15:28,034 [pool-27-thread-1] INFO  server.RaftServerConfigKeys (ConfUtils.java:logGet(43)) - raft.server.log.appender.buffer.byte-limit = 33554432 (custom)
2019-09-24 18:15:28,035 [pool-27-thread-1] INFO  server.RaftServerConfigKeys (ConfUtils.java:logGet(43)) - raft.server.log.segment.size.max = 1048576 (custom)
2019-09-24 18:15:28,035 [pool-27-thread-1] INFO  server.RaftServerConfigKeys (ConfUtils.java:logGet(43)) - raft.server.log.segment.cache.num.max = 2 (custom)
2019-09-24 18:15:28,035 [pool-27-thread-1] INFO  segmented.SegmentedRaftLogWorker (SegmentedRaftLogWorker.java:<init>(172)) - new 4e7f1cb9-4633-45c3-85c0-9982b1655b51@group-3E08224F9EBD-SegmentedRaftLogWorker for RaftStorage:Storage Directory /workdir/hadoop-ozone/integration-test/target/test-dir/MiniOzoneClusterImpl-4070120b-f2bf-49a1-ba82-0323cc680d8e/datanode-0/data/ratis/abac7698-beec-4670-940e-3e08224f9ebd
2019-09-24 18:15:28,035 [pool-27-thread-1] INFO  server.RaftServerConfigKeys (ConfUtils.java:logGet(43)) - raft.server.log.queue.byte-limit = 2147483647 (custom)
2019-09-24 18:15:28,036 [pool-27-thread-1] INFO  server.RaftServerConfigKeys (ConfUtils.java:logGet(43)) - raft.server.log.queue.element-limit = 1024 (custom)
2019-09-24 18:15:28,036 [pool-27-thread-1] INFO  server.RaftServerConfigKeys (ConfUtils.java:logGet(43)) - raft.server.log.segment.size.max = 1048576 (custom)
2019-09-24 18:15:28,036 [pool-27-thread-1] INFO  server.RaftServerConfigKeys (ConfUtils.java:logGet(43)) - raft.server.log.preallocated.size = 16384 (custom)
2019-09-24 18:15:28,036 [pool-27-thread-1] INFO  server.RaftServerConfigKeys (ConfUtils.java:logGet(43)) - raft.server.log.write.buffer.size = 33554432 (custom)
2019-09-24 18:15:28,036 [pool-27-thread-1] INFO  server.RaftServerConfigKeys (ConfUtils.java:logGet(43)) - raft.server.log.force.sync.num = 128 (default)
2019-09-24 18:15:28,037 [pool-27-thread-1] INFO  server.RaftServerConfigKeys (ConfUtils.java:logGet(43)) - raft.server.log.statemachine.data.sync = true (default)
2019-09-24 18:15:28,037 [pool-27-thread-1] INFO  server.RaftServerConfigKeys (ConfUtils.java:logGet(43)) - raft.server.log.statemachine.data.sync.timeout = 10s (default)
2019-09-24 18:15:28,037 [pool-27-thread-1] INFO  server.RaftServerConfigKeys (ConfUtils.java:logGet(43)) - raft.server.log.statemachine.data.sync.timeout.retry = -1 (default)
2019-09-24 18:15:28,037 [pool-27-thread-1] INFO  server.RaftServerConfigKeys (ConfUtils.java:logGet(43)) - raft.server.log.statemachine.data.caching.enabled = true (custom)
2019-09-24 18:15:28,038 [pool-27-thread-1] INFO  segmented.SegmentedRaftLogWorker (SegmentedRaftLogWorker.java:lambda$new$0(132)) - 4e7f1cb9-4633-45c3-85c0-9982b1655b51@group-3E08224F9EBD-SegmentedRaftLogWorker: flushIndex: setUnconditionally 0 -> -1
2019-09-24 18:15:28,038 [pool-27-thread-1] INFO  server.RaftServerConfigKeys (ConfUtils.java:logGet(43)) - raft.server.snapshot.auto.trigger.enabled = true (custom)
2019-09-24 18:15:28,038 [pool-27-thread-1] INFO  server.RaftServerConfigKeys (ConfUtils.java:logGet(43)) - raft.server.snapshot.auto.trigger.threshold = 10000 (custom)
2019-09-24 18:15:28,039 [pool-27-thread-1] INFO  server.RaftServerConfigKeys (ConfUtils.java:logGet(43)) - raft.server.snapshot.retention.num.files = 5 (custom)
2019-09-24 18:15:28,039 [pool-27-thread-1] INFO  server.RaftServerConfigKeys (ConfUtils.java:logGet(43)) - raft.server.retrycache.expirytime = 600000ms (custom)
2019-09-24 18:15:28,042 [refreshUsed-/workdir/hadoop-ozone/integration-test/target/test-dir/MiniOzoneClusterImpl-4070120b-f2bf-49a1-ba82-0323cc680d8e/datanode-4/data/containers] WARN  fs.CachingGetSpaceUsed (CachingGetSpaceUsed.java:run(183)) - Thread Interrupted waiting to refresh disk information: sleep interrupted
2019-09-24 18:15:28,049 [4e7f1cb9-4633-45c3-85c0-9982b1655b51@group-10770B4EF652:LeaderElection3] INFO  segmented.SegmentedRaftLogWorker (SegmentedRaftLogWorker.java:startLogSegment(380)) - 4e7f1cb9-4633-45c3-85c0-9982b1655b51@group-10770B4EF652-SegmentedRaftLogWorker: Starting segment from index:0
2019-09-24 18:15:28,051 [pool-27-thread-1] INFO  impl.RaftServerImpl (RaftServerImpl.java:<init>(95)) - 4e7f1cb9-4633-45c3-85c0-9982b1655b51: new RaftServerImpl for group-10F5C818BAD8:[13c48e20-7299-470e-92b7-41ff11ac47c5:192.168.36.84:36500, 4e7f1cb9-4633-45c3-85c0-9982b1655b51:192.168.36.84:40637, f5999638-d985-4d9d-a96a-17e8999abea0:192.168.36.84:39819] with ContainerStateMachine:uninitialized
2019-09-24 18:15:28,051 [pool-27-thread-1] INFO  server.RaftServerConfigKeys (ConfUtils.java:logGet(43)) - raft.server.rpc.timeout.min = 5s (custom)
2019-09-24 18:15:28,051 [pool-27-thread-1] INFO  server.RaftServerConfigKeys (ConfUtils.java:logGet(43)) - raft.server.rpc.timeout.max = 5200ms (custom)
2019-09-24 18:15:28,051 [pool-27-thread-1] INFO  server.RaftServerConfigKeys (ConfUtils.java:logGet(43)) - raft.server.rpcslowness.timeout = 120s (custom)
2019-09-24 18:15:28,051 [pool-27-thread-1] INFO  server.RaftServerConfigKeys (ConfUtils.java:logGet(43)) - raft.server.sleep.deviation.threshold = 300 (default)
2019-09-24 18:15:28,052 [pool-27-thread-1] INFO  server.RaftServerConfigKeys (ConfUtils.java:logGet(43)) - raft.server.log.appender.install.snapshot.enabled = false (custom)
2019-09-24 18:15:28,052 [pool-27-thread-1] INFO  impl.RaftServerImpl (ServerState.java:<init>(103)) - 4e7f1cb9-4633-45c3-85c0-9982b1655b51@group-10F5C818BAD8: ConfigurationManager, init=-1: [13c48e20-7299-470e-92b7-41ff11ac47c5:192.168.36.84:36500, 4e7f1cb9-4633-45c3-85c0-9982b1655b51:192.168.36.84:40637, f5999638-d985-4d9d-a96a-17e8999abea0:192.168.36.84:39819], old=null, confs=<EMPTY_MAP>
2019-09-24 18:15:28,052 [pool-27-thread-1] INFO  server.RaftServerConfigKeys (ConfUtils.java:logGet(43)) - raft.server.storage.dir = [/workdir/hadoop-ozone/integration-test/target/test-dir/MiniOzoneClusterImpl-4070120b-f2bf-49a1-ba82-0323cc680d8e/datanode-0/data/ratis] (custom)
2019-09-24 18:15:28,052 [pool-27-thread-1] INFO  storage.RaftStorageDirectory (RaftStorageDirectory.java:analyzeStorage(246)) - The storage directory /workdir/hadoop-ozone/integration-test/target/test-dir/MiniOzoneClusterImpl-4070120b-f2bf-49a1-ba82-0323cc680d8e/datanode-0/data/ratis/3226d411-bb9f-4c92-a936-10f5c818bad8 does not exist. Creating ...
2019-09-24 18:15:28,060 [pool-27-thread-1] INFO  storage.RaftStorageDirectory (RaftStorageDirectory.java:tryLock(328)) - Lock on /workdir/hadoop-ozone/integration-test/target/test-dir/MiniOzoneClusterImpl-4070120b-f2bf-49a1-ba82-0323cc680d8e/datanode-0/data/ratis/3226d411-bb9f-4c92-a936-10f5c818bad8/in_use.lock acquired by nodename 15203@pr-hdds-2171-6l6hb-1841322612
2019-09-24 18:15:28,061 [4e7f1cb9-4633-45c3-85c0-9982b1655b51@group-10770B4EF652:LeaderElection3] INFO  impl.RaftServerImpl (ServerState.java:setRaftConf(354)) - 4e7f1cb9-4633-45c3-85c0-9982b1655b51@group-10770B4EF652: set configuration 0: [4e7f1cb9-4633-45c3-85c0-9982b1655b51:192.168.36.84:40637], old=null at 0
2019-09-24 18:15:28,067 [main] INFO  utils.BackgroundService (BackgroundService.java:shutdown(148)) - Shutting down service BlockDeletingService
2019-09-24 18:15:28,071 [main] INFO  statemachine.DatanodeStateMachine (DatanodeStateMachine.java:stopDaemon(395)) - Ozone container server stopped.
2019-09-24 18:15:28,073 [main] INFO  handler.ContextHandler (ContextHandler.java:doStop(910)) - Stopped o.e.j.w.WebAppContext@3204e238{/,null,UNAVAILABLE}{/hddsDatanode}
2019-09-24 18:15:28,074 [main] INFO  server.AbstractConnector (AbstractConnector.java:doStop(318)) - Stopped ServerConnector@38ed139b{HTTP/1.1,[http/1.1]}{0.0.0.0:0}
2019-09-24 18:15:28,074 [main] INFO  handler.ContextHandler (ContextHandler.java:doStop(910)) - Stopped o.e.j.s.ServletContextHandler@333c8791{/static,jar:file:/home/user/.m2/repository/org/apache/hadoop/hadoop-hdds-container-service/0.5.0-SNAPSHOT/hadoop-hdds-container-service-0.5.0-SNAPSHOT.jar!/webapps/static,UNAVAILABLE}
2019-09-24 18:15:28,075 [main] INFO  handler.ContextHandler (ContextHandler.java:doStop(910)) - Stopped o.e.j.s.ServletContextHandler@2f4c2cd4{/logs,file:///workdir/hadoop-ozone/integration-test/target/log,UNAVAILABLE}
2019-09-24 18:15:28,075 [pool-27-thread-1] INFO  storage.RaftStorage (RaftStorage.java:format(72)) - Storage directory /workdir/hadoop-ozone/integration-test/target/test-dir/MiniOzoneClusterImpl-4070120b-f2bf-49a1-ba82-0323cc680d8e/datanode-0/data/ratis/3226d411-bb9f-4c92-a936-10f5c818bad8 has been successfully formatted.
2019-09-24 18:15:28,075 [pool-27-thread-1] INFO  ratis.ContainerStateMachine (ContainerStateMachine.java:loadSnapshot(230)) - group-10F5C818BAD8: The snapshot info is null. Setting the last applied indexto:(t:0, i:~)
2019-09-24 18:15:28,076 [pool-27-thread-1] INFO  server.RaftServerConfigKeys (ConfUtils.java:logGet(43)) - raft.server.notification.no-leader.timeout = 120s (custom)
2019-09-24 18:15:28,076 [pool-27-thread-1] INFO  server.RaftServerConfigKeys (ConfUtils.java:logGet(43)) - raft.server.log.use.memory = false (default)
2019-09-24 18:15:28,076 [pool-27-thread-1] INFO  server.RaftServerConfigKeys (ConfUtils.java:logGet(43)) - raft.server.log.purge.gap = 1000000 (custom)
2019-09-24 18:15:28,076 [pool-27-thread-1] INFO  server.RaftServerConfigKeys (ConfUtils.java:logGet(43)) - raft.server.log.appender.buffer.byte-limit = 33554432 (custom)
2019-09-24 18:15:28,076 [pool-27-thread-1] INFO  server.RaftServerConfigKeys (ConfUtils.java:logGet(43)) - raft.server.log.segment.size.max = 1048576 (custom)
2019-09-24 18:15:28,077 [pool-27-thread-1] INFO  server.RaftServerConfigKeys (ConfUtils.java:logGet(43)) - raft.server.log.segment.cache.num.max = 2 (custom)
2019-09-24 18:15:28,077 [pool-27-thread-1] INFO  segmented.SegmentedRaftLogWorker (SegmentedRaftLogWorker.java:<init>(172)) - new 4e7f1cb9-4633-45c3-85c0-9982b1655b51@group-10F5C818BAD8-SegmentedRaftLogWorker for RaftStorage:Storage Directory /workdir/hadoop-ozone/integration-test/target/test-dir/MiniOzoneClusterImpl-4070120b-f2bf-49a1-ba82-0323cc680d8e/datanode-0/data/ratis/3226d411-bb9f-4c92-a936-10f5c818bad8
2019-09-24 18:15:28,077 [pool-27-thread-1] INFO  server.RaftServerConfigKeys (ConfUtils.java:logGet(43)) - raft.server.log.queue.byte-limit = 2147483647 (custom)
2019-09-24 18:15:28,077 [pool-27-thread-1] INFO  server.RaftServerConfigKeys (ConfUtils.java:logGet(43)) - raft.server.log.queue.element-limit = 1024 (custom)
2019-09-24 18:15:28,077 [pool-27-thread-1] INFO  server.RaftServerConfigKeys (ConfUtils.java:logGet(43)) - raft.server.log.segment.size.max = 1048576 (custom)
2019-09-24 18:15:28,077 [pool-27-thread-1] INFO  server.RaftServerConfigKeys (ConfUtils.java:logGet(43)) - raft.server.log.preallocated.size = 16384 (custom)
2019-09-24 18:15:28,078 [pool-27-thread-1] INFO  server.RaftServerConfigKeys (ConfUtils.java:logGet(43)) - raft.server.log.write.buffer.size = 33554432 (custom)
2019-09-24 18:15:28,078 [pool-27-thread-1] INFO  server.RaftServerConfigKeys (ConfUtils.java:logGet(43)) - raft.server.log.force.sync.num = 128 (default)
2019-09-24 18:15:28,078 [pool-27-thread-1] INFO  server.RaftServerConfigKeys (ConfUtils.java:logGet(43)) - raft.server.log.statemachine.data.sync = true (default)
2019-09-24 18:15:28,078 [pool-27-thread-1] INFO  server.RaftServerConfigKeys (ConfUtils.java:logGet(43)) - raft.server.log.statemachine.data.sync.timeout = 10s (default)
2019-09-24 18:15:28,078 [pool-27-thread-1] INFO  server.RaftServerConfigKeys (ConfUtils.java:logGet(43)) - raft.server.log.statemachine.data.sync.timeout.retry = -1 (default)
2019-09-24 18:15:28,078 [pool-27-thread-1] INFO  server.RaftServerConfigKeys (ConfUtils.java:logGet(43)) - raft.server.log.statemachine.data.caching.enabled = true (custom)
2019-09-24 18:15:28,079 [pool-27-thread-1] INFO  segmented.SegmentedRaftLogWorker (SegmentedRaftLogWorker.java:lambda$new$0(132)) - 4e7f1cb9-4633-45c3-85c0-9982b1655b51@group-10F5C818BAD8-SegmentedRaftLogWorker: flushIndex: setUnconditionally 0 -> -1
2019-09-24 18:15:28,079 [pool-27-thread-1] INFO  server.RaftServerConfigKeys (ConfUtils.java:logGet(43)) - raft.server.snapshot.auto.trigger.enabled = true (custom)
2019-09-24 18:15:28,079 [pool-27-thread-1] INFO  server.RaftServerConfigKeys (ConfUtils.java:logGet(43)) - raft.server.snapshot.auto.trigger.threshold = 10000 (custom)
2019-09-24 18:15:28,079 [pool-27-thread-1] INFO  server.RaftServerConfigKeys (ConfUtils.java:logGet(43)) - raft.server.snapshot.retention.num.files = 5 (custom)
2019-09-24 18:15:28,080 [pool-27-thread-1] INFO  server.RaftServerConfigKeys (ConfUtils.java:logGet(43)) - raft.server.retrycache.expirytime = 600000ms (custom)
2019-09-24 18:15:28,083 [pool-27-thread-1] INFO  impl.RaftServerImpl (RaftServerImpl.java:start(185)) - 4e7f1cb9-4633-45c3-85c0-9982b1655b51@group-465B7FBD215B: start as a follower, conf=-1: [13c48e20-7299-470e-92b7-41ff11ac47c5:192.168.36.84:36500, 4e7f1cb9-4633-45c3-85c0-9982b1655b51:192.168.36.84:40637, f5999638-d985-4d9d-a96a-17e8999abea0:192.168.36.84:39819], old=null
2019-09-24 18:15:28,083 [pool-27-thread-1] INFO  impl.RaftServerImpl (RaftServerImpl.java:setRole(174)) - 4e7f1cb9-4633-45c3-85c0-9982b1655b51@group-465B7FBD215B: changes role from      null to FOLLOWER at term 0 for startAsFollower
2019-09-24 18:15:28,083 [pool-27-thread-1] INFO  impl.RoleInfo (RoleInfo.java:updateAndGet(143)) - 4e7f1cb9-4633-45c3-85c0-9982b1655b51: start FollowerState
2019-09-24 18:15:28,083 [pool-27-thread-1] INFO  util.JmxRegister (JmxRegister.java:tryRegister(44)) - Successfully registered JMX Bean with object name Ratis:service=RaftServer,group=group-465B7FBD215B,id=4e7f1cb9-4633-45c3-85c0-9982b1655b51
2019-09-24 18:15:28,084 [pool-27-thread-1] INFO  impl.RaftServerImpl (RaftServerImpl.java:start(185)) - 4e7f1cb9-4633-45c3-85c0-9982b1655b51@group-E6ED2CFAD2B4: start as a follower, conf=-1: [4e7f1cb9-4633-45c3-85c0-9982b1655b51:192.168.36.84:40637], old=null
2019-09-24 18:15:28,084 [pool-27-thread-1] INFO  impl.RaftServerImpl (RaftServerImpl.java:setRole(174)) - 4e7f1cb9-4633-45c3-85c0-9982b1655b51@group-E6ED2CFAD2B4: changes role from      null to FOLLOWER at term 0 for startAsFollower
2019-09-24 18:15:28,084 [pool-27-thread-1] INFO  impl.RoleInfo (RoleInfo.java:updateAndGet(143)) - 4e7f1cb9-4633-45c3-85c0-9982b1655b51: start FollowerState
2019-09-24 18:15:28,085 [pool-27-thread-1] INFO  util.JmxRegister (JmxRegister.java:tryRegister(44)) - Successfully registered JMX Bean with object name Ratis:service=RaftServer,group=group-E6ED2CFAD2B4,id=4e7f1cb9-4633-45c3-85c0-9982b1655b51
2019-09-24 18:15:28,085 [pool-27-thread-1] INFO  impl.RaftServerImpl (RaftServerImpl.java:start(185)) - 4e7f1cb9-4633-45c3-85c0-9982b1655b51@group-3E08224F9EBD: start as a follower, conf=-1: [13c48e20-7299-470e-92b7-41ff11ac47c5:192.168.36.84:36500, 4e7f1cb9-4633-45c3-85c0-9982b1655b51:192.168.36.84:40637, f5999638-d985-4d9d-a96a-17e8999abea0:192.168.36.84:39819], old=null
2019-09-24 18:15:28,085 [pool-27-thread-1] INFO  impl.RaftServerImpl (RaftServerImpl.java:setRole(174)) - 4e7f1cb9-4633-45c3-85c0-9982b1655b51@group-3E08224F9EBD: changes role from      null to FOLLOWER at term 0 for startAsFollower
2019-09-24 18:15:28,085 [pool-27-thread-1] INFO  impl.RoleInfo (RoleInfo.java:updateAndGet(143)) - 4e7f1cb9-4633-45c3-85c0-9982b1655b51: start FollowerState
2019-09-24 18:15:28,086 [pool-27-thread-1] INFO  util.JmxRegister (JmxRegister.java:tryRegister(44)) - Successfully registered JMX Bean with object name Ratis:service=RaftServer,group=group-3E08224F9EBD,id=4e7f1cb9-4633-45c3-85c0-9982b1655b51
2019-09-24 18:15:28,086 [pool-27-thread-1] INFO  impl.RaftServerImpl (RaftServerImpl.java:start(185)) - 4e7f1cb9-4633-45c3-85c0-9982b1655b51@group-10F5C818BAD8: start as a follower, conf=-1: [13c48e20-7299-470e-92b7-41ff11ac47c5:192.168.36.84:36500, 4e7f1cb9-4633-45c3-85c0-9982b1655b51:192.168.36.84:40637, f5999638-d985-4d9d-a96a-17e8999abea0:192.168.36.84:39819], old=null
2019-09-24 18:15:28,086 [pool-27-thread-1] INFO  impl.RaftServerImpl (RaftServerImpl.java:setRole(174)) - 4e7f1cb9-4633-45c3-85c0-9982b1655b51@group-10F5C818BAD8: changes role from      null to FOLLOWER at term 0 for startAsFollower
2019-09-24 18:15:28,086 [pool-27-thread-1] INFO  impl.RoleInfo (RoleInfo.java:updateAndGet(143)) - 4e7f1cb9-4633-45c3-85c0-9982b1655b51: start FollowerState
2019-09-24 18:15:28,087 [pool-27-thread-1] INFO  util.JmxRegister (JmxRegister.java:tryRegister(44)) - Successfully registered JMX Bean with object name Ratis:service=RaftServer,group=group-10F5C818BAD8,id=4e7f1cb9-4633-45c3-85c0-9982b1655b51
2019-09-24 18:15:28,487 [4e7f1cb9-4633-45c3-85c0-9982b1655b51@group-10770B4EF652-SegmentedRaftLogWorker] INFO  segmented.SegmentedRaftLogWorker (SegmentedRaftLogWorker.java:execute(569)) - 4e7f1cb9-4633-45c3-85c0-9982b1655b51@group-10770B4EF652-SegmentedRaftLogWorker: created new log segment /workdir/hadoop-ozone/integration-test/target/test-dir/MiniOzoneClusterImpl-4070120b-f2bf-49a1-ba82-0323cc680d8e/datanode-0/data/ratis/09c5a0c9-b2e2-4f2d-9b4c-10770b4ef652/current/log_inprogress_0
2019-09-24 18:15:28,715 [Datanode State Machine Thread - 0] INFO  statemachine.DatanodeStateMachine (DatanodeStateMachine.java:lambda$startDaemon$0(350)) - Ozone container server started.
2019-09-24 18:15:31,974 [ForkJoinPool.commonPool-worker-1] INFO  ozoneimpl.OzoneContainer (OzoneContainer.java:stop(231)) - Attempting to stop container services.
2019-09-24 18:15:31,975 [ForkJoinPool.commonPool-worker-1] INFO  impl.RaftServerProxy (RaftServerProxy.java:lambda$close$4(314)) - 08f50cb8-fd91-4f4d-a04f-da59d34b3062: close
2019-09-24 18:15:31,975 [ForkJoinPool.commonPool-worker-1] INFO  server.GrpcService (GrpcService.java:closeImpl(164)) - 08f50cb8-fd91-4f4d-a04f-da59d34b3062: shutdown server with port 34020 now
2019-09-24 18:15:31,976 [ForkJoinPool.commonPool-worker-1] INFO  server.GrpcService (GrpcService.java:closeImpl(172)) - 08f50cb8-fd91-4f4d-a04f-da59d34b3062: shutdown server with port 34020 successfully
2019-09-24 18:15:31,990 [refreshUsed-/workdir/hadoop-ozone/integration-test/target/test-dir/MiniOzoneClusterImpl-4070120b-f2bf-49a1-ba82-0323cc680d8e/datanode-2/data/containers] WARN  fs.CachingGetSpaceUsed (CachingGetSpaceUsed.java:run(183)) - Thread Interrupted waiting to refresh disk information: sleep interrupted
2019-09-24 18:15:32,010 [ForkJoinPool.commonPool-worker-1] INFO  utils.BackgroundService (BackgroundService.java:shutdown(148)) - Shutting down service BlockDeletingService
2019-09-24 18:15:32,015 [ForkJoinPool.commonPool-worker-1] INFO  statemachine.DatanodeStateMachine (DatanodeStateMachine.java:stopDaemon(395)) - Ozone container server stopped.
2019-09-24 18:15:32,021 [ForkJoinPool.commonPool-worker-1] INFO  handler.ContextHandler (ContextHandler.java:doStop(910)) - Stopped o.e.j.w.WebAppContext@10f7c76{/,null,UNAVAILABLE}{/hddsDatanode}
2019-09-24 18:15:32,022 [ForkJoinPool.commonPool-worker-1] INFO  server.AbstractConnector (AbstractConnector.java:doStop(318)) - Stopped ServerConnector@4745e9c{HTTP/1.1,[http/1.1]}{0.0.0.0:0}
2019-09-24 18:15:32,024 [ForkJoinPool.commonPool-worker-1] INFO  handler.ContextHandler (ContextHandler.java:doStop(910)) - Stopped o.e.j.s.ServletContextHandler@54d8c20d{/static,jar:file:/home/user/.m2/repository/org/apache/hadoop/hadoop-hdds-container-service/0.5.0-SNAPSHOT/hadoop-hdds-container-service-0.5.0-SNAPSHOT.jar!/webapps/static,UNAVAILABLE}
2019-09-24 18:15:32,026 [ForkJoinPool.commonPool-worker-1] INFO  handler.ContextHandler (ContextHandler.java:doStop(910)) - Stopped o.e.j.s.ServletContextHandler@799ed4e8{/logs,file:///workdir/hadoop-ozone/integration-test/target/log,UNAVAILABLE}
2019-09-24 18:15:32,521 [Datanode State Machine Thread - 0] INFO  statemachine.DatanodeStateMachine (DatanodeStateMachine.java:lambda$startDaemon$0(350)) - Ozone container server started.
2019-09-24 18:15:32,968 [Thread-279] INFO  impl.FollowerState (FollowerState.java:run(106)) - 13c48e20-7299-470e-92b7-41ff11ac47c5:group-10F5C818BAD8 changes to CANDIDATE, lastRpcTime:5001, electionTimeout:5001ms
2019-09-24 18:15:32,969 [Thread-279] INFO  impl.RoleInfo (RoleInfo.java:shutdownFollowerState(121)) - 13c48e20-7299-470e-92b7-41ff11ac47c5: shutdown FollowerState
2019-09-24 18:15:32,969 [Thread-279] INFO  impl.RaftServerImpl (RaftServerImpl.java:setRole(174)) - 13c48e20-7299-470e-92b7-41ff11ac47c5@group-10F5C818BAD8: changes role from  FOLLOWER to CANDIDATE at term 0 for changeToCandidate
2019-09-24 18:15:32,969 [Thread-279] INFO  impl.RoleInfo (RoleInfo.java:updateAndGet(143)) - 13c48e20-7299-470e-92b7-41ff11ac47c5: start LeaderElection
2019-09-24 18:15:33,039 [Thread-275] INFO  impl.FollowerState (FollowerState.java:run(106)) - 13c48e20-7299-470e-92b7-41ff11ac47c5:group-3E08224F9EBD changes to CANDIDATE, lastRpcTime:5076, electionTimeout:5074ms
2019-09-24 18:15:33,040 [Thread-275] INFO  impl.RoleInfo (RoleInfo.java:shutdownFollowerState(121)) - 13c48e20-7299-470e-92b7-41ff11ac47c5: shutdown FollowerState
2019-09-24 18:15:33,040 [Thread-275] INFO  impl.RaftServerImpl (RaftServerImpl.java:setRole(174)) - 13c48e20-7299-470e-92b7-41ff11ac47c5@group-3E08224F9EBD: changes role from  FOLLOWER to CANDIDATE at term 0 for changeToCandidate
2019-09-24 18:15:33,040 [Thread-275] INFO  impl.RoleInfo (RoleInfo.java:updateAndGet(143)) - 13c48e20-7299-470e-92b7-41ff11ac47c5: start LeaderElection
2019-09-24 18:15:33,077 [main] INFO  ozoneimpl.OzoneContainer (OzoneContainer.java:stop(231)) - Attempting to stop container services.
2019-09-24 18:15:33,078 [main] INFO  impl.RaftServerProxy (RaftServerProxy.java:lambda$close$4(314)) - 00d12154-1b41-41c7-9ccd-e87a5ffac1c5: close
2019-09-24 18:15:33,078 [main] INFO  server.GrpcService (GrpcService.java:closeImpl(164)) - 00d12154-1b41-41c7-9ccd-e87a5ffac1c5: shutdown server with port 36936 now
2019-09-24 18:15:33,079 [main] INFO  server.GrpcService (GrpcService.java:closeImpl(172)) - 00d12154-1b41-41c7-9ccd-e87a5ffac1c5: shutdown server with port 36936 successfully
2019-09-24 18:15:33,081 [Thread-274] INFO  impl.FollowerState (FollowerState.java:run(106)) - 13c48e20-7299-470e-92b7-41ff11ac47c5:group-465B7FBD215B changes to CANDIDATE, lastRpcTime:5121, electionTimeout:5119ms
2019-09-24 18:15:33,081 [Thread-274] INFO  impl.RoleInfo (RoleInfo.java:shutdownFollowerState(121)) - 13c48e20-7299-470e-92b7-41ff11ac47c5: shutdown FollowerState
2019-09-24 18:15:33,082 [Thread-274] INFO  impl.RaftServerImpl (RaftServerImpl.java:setRole(174)) - 13c48e20-7299-470e-92b7-41ff11ac47c5@group-465B7FBD215B: changes role from  FOLLOWER to CANDIDATE at term 2 for changeToCandidate
2019-09-24 18:15:33,082 [Thread-274] INFO  impl.RoleInfo (RoleInfo.java:updateAndGet(143)) - 13c48e20-7299-470e-92b7-41ff11ac47c5: start LeaderElection
2019-09-24 18:15:33,089 [refreshUsed-/workdir/hadoop-ozone/integration-test/target/test-dir/MiniOzoneClusterImpl-4070120b-f2bf-49a1-ba82-0323cc680d8e/datanode-3/data/containers] WARN  fs.CachingGetSpaceUsed (CachingGetSpaceUsed.java:run(183)) - Thread Interrupted waiting to refresh disk information: sleep interrupted
2019-09-24 18:15:33,110 [Thread-286] INFO  impl.FollowerState (FollowerState.java:run(106)) - 4e7f1cb9-4633-45c3-85c0-9982b1655b51:group-465B7FBD215B changes to CANDIDATE, lastRpcTime:5027, electionTimeout:5027ms
2019-09-24 18:15:33,111 [main] INFO  utils.BackgroundService (BackgroundService.java:shutdown(148)) - Shutting down service BlockDeletingService
2019-09-24 18:15:33,111 [Thread-286] INFO  impl.RoleInfo (RoleInfo.java:shutdownFollowerState(121)) - 4e7f1cb9-4633-45c3-85c0-9982b1655b51: shutdown FollowerState
2019-09-24 18:15:33,111 [Thread-286] INFO  impl.RaftServerImpl (RaftServerImpl.java:setRole(174)) - 4e7f1cb9-4633-45c3-85c0-9982b1655b51@group-465B7FBD215B: changes role from  FOLLOWER to CANDIDATE at term 0 for changeToCandidate
2019-09-24 18:15:33,112 [Thread-286] INFO  impl.RoleInfo (RoleInfo.java:updateAndGet(143)) - 4e7f1cb9-4633-45c3-85c0-9982b1655b51: start LeaderElection
2019-09-24 18:15:33,118 [main] INFO  statemachine.DatanodeStateMachine (DatanodeStateMachine.java:stopDaemon(395)) - Ozone container server stopped.
2019-09-24 18:15:33,119 [main] INFO  handler.ContextHandler (ContextHandler.java:doStop(910)) - Stopped o.e.j.w.WebAppContext@102c577f{/,null,UNAVAILABLE}{/hddsDatanode}
2019-09-24 18:15:33,121 [main] INFO  server.AbstractConnector (AbstractConnector.java:doStop(318)) - Stopped ServerConnector@7d44a19{HTTP/1.1,[http/1.1]}{0.0.0.0:0}
2019-09-24 18:15:33,121 [main] INFO  handler.ContextHandler (ContextHandler.java:doStop(910)) - Stopped o.e.j.s.ServletContextHandler@517a2b0{/static,jar:file:/home/user/.m2/repository/org/apache/hadoop/hadoop-hdds-container-service/0.5.0-SNAPSHOT/hadoop-hdds-container-service-0.5.0-SNAPSHOT.jar!/webapps/static,UNAVAILABLE}
2019-09-24 18:15:33,122 [main] INFO  handler.ContextHandler (ContextHandler.java:doStop(910)) - Stopped o.e.j.s.ServletContextHandler@443effcb{/logs,file:///workdir/hadoop-ozone/integration-test/target/log,UNAVAILABLE}
2019-09-24 18:15:33,150 [Thread-290] INFO  impl.FollowerState (FollowerState.java:run(106)) - 4e7f1cb9-4633-45c3-85c0-9982b1655b51:group-3E08224F9EBD changes to CANDIDATE, lastRpcTime:5064, electionTimeout:5064ms
2019-09-24 18:15:33,150 [Thread-290] INFO  impl.RoleInfo (RoleInfo.java:shutdownFollowerState(121)) - 4e7f1cb9-4633-45c3-85c0-9982b1655b51: shutdown FollowerState
2019-09-24 18:15:33,150 [Thread-290] INFO  impl.RaftServerImpl (RaftServerImpl.java:setRole(174)) - 4e7f1cb9-4633-45c3-85c0-9982b1655b51@group-3E08224F9EBD: changes role from  FOLLOWER to CANDIDATE at term 0 for changeToCandidate
2019-09-24 18:15:33,150 [Thread-290] INFO  impl.RoleInfo (RoleInfo.java:updateAndGet(143)) - 4e7f1cb9-4633-45c3-85c0-9982b1655b51: start LeaderElection
2019-09-24 18:15:33,152 [Thread-292] INFO  impl.FollowerState (FollowerState.java:run(106)) - 4e7f1cb9-4633-45c3-85c0-9982b1655b51:group-10F5C818BAD8 changes to CANDIDATE, lastRpcTime:5065, electionTimeout:5064ms
2019-09-24 18:15:33,153 [Thread-292] INFO  impl.RoleInfo (RoleInfo.java:shutdownFollowerState(121)) - 4e7f1cb9-4633-45c3-85c0-9982b1655b51: shutdown FollowerState
2019-09-24 18:15:33,153 [Thread-292] INFO  impl.RaftServerImpl (RaftServerImpl.java:setRole(174)) - 4e7f1cb9-4633-45c3-85c0-9982b1655b51@group-10F5C818BAD8: changes role from  FOLLOWER to CANDIDATE at term 0 for changeToCandidate
2019-09-24 18:15:33,153 [Thread-292] INFO  impl.RoleInfo (RoleInfo.java:updateAndGet(143)) - 4e7f1cb9-4633-45c3-85c0-9982b1655b51: start LeaderElection
2019-09-24 18:15:33,199 [Thread-288] INFO  impl.FollowerState (FollowerState.java:run(106)) - 4e7f1cb9-4633-45c3-85c0-9982b1655b51:group-E6ED2CFAD2B4 changes to CANDIDATE, lastRpcTime:5114, electionTimeout:5114ms
2019-09-24 18:15:33,199 [Thread-288] INFO  impl.RoleInfo (RoleInfo.java:shutdownFollowerState(121)) - 4e7f1cb9-4633-45c3-85c0-9982b1655b51: shutdown FollowerState
2019-09-24 18:15:33,199 [Thread-288] INFO  impl.RaftServerImpl (RaftServerImpl.java:setRole(174)) - 4e7f1cb9-4633-45c3-85c0-9982b1655b51@group-E6ED2CFAD2B4: changes role from  FOLLOWER to CANDIDATE at term 0 for changeToCandidate
2019-09-24 18:15:33,199 [Thread-288] INFO  impl.RoleInfo (RoleInfo.java:updateAndGet(143)) - 4e7f1cb9-4633-45c3-85c0-9982b1655b51: start LeaderElection
2019-09-24 18:15:33,619 [13c48e20-7299-470e-92b7-41ff11ac47c5@group-10F5C818BAD8:LeaderElection6] INFO  impl.LeaderElection (LeaderElection.java:askForVotes(182)) - 13c48e20-7299-470e-92b7-41ff11ac47c5@group-10F5C818BAD8:LeaderElection6: begin an election at term 1 for -1: [13c48e20-7299-470e-92b7-41ff11ac47c5:192.168.36.84:36500, 4e7f1cb9-4633-45c3-85c0-9982b1655b51:192.168.36.84:40637, f5999638-d985-4d9d-a96a-17e8999abea0:192.168.36.84:39819], old=null
2019-09-24 18:15:33,619 [13c48e20-7299-470e-92b7-41ff11ac47c5@group-3E08224F9EBD:LeaderElection7] INFO  impl.LeaderElection (LeaderElection.java:askForVotes(182)) - 13c48e20-7299-470e-92b7-41ff11ac47c5@group-3E08224F9EBD:LeaderElection7: begin an election at term 1 for -1: [13c48e20-7299-470e-92b7-41ff11ac47c5:192.168.36.84:36500, 4e7f1cb9-4633-45c3-85c0-9982b1655b51:192.168.36.84:40637, f5999638-d985-4d9d-a96a-17e8999abea0:192.168.36.84:39819], old=null
2019-09-24 18:15:33,620 [4e7f1cb9-4633-45c3-85c0-9982b1655b51@group-465B7FBD215B:LeaderElection9] INFO  impl.LeaderElection (LeaderElection.java:askForVotes(182)) - 4e7f1cb9-4633-45c3-85c0-9982b1655b51@group-465B7FBD215B:LeaderElection9: begin an election at term 1 for -1: [13c48e20-7299-470e-92b7-41ff11ac47c5:192.168.36.84:36500, 4e7f1cb9-4633-45c3-85c0-9982b1655b51:192.168.36.84:40637, f5999638-d985-4d9d-a96a-17e8999abea0:192.168.36.84:39819], old=null
2019-09-24 18:15:33,620 [4e7f1cb9-4633-45c3-85c0-9982b1655b51@group-10F5C818BAD8:LeaderElection11] INFO  impl.LeaderElection (LeaderElection.java:askForVotes(182)) - 4e7f1cb9-4633-45c3-85c0-9982b1655b51@group-10F5C818BAD8:LeaderElection11: begin an election at term 1 for -1: [13c48e20-7299-470e-92b7-41ff11ac47c5:192.168.36.84:36500, 4e7f1cb9-4633-45c3-85c0-9982b1655b51:192.168.36.84:40637, f5999638-d985-4d9d-a96a-17e8999abea0:192.168.36.84:39819], old=null
2019-09-24 18:15:33,620 [13c48e20-7299-470e-92b7-41ff11ac47c5@group-465B7FBD215B:LeaderElection8] INFO  impl.LeaderElection (LeaderElection.java:askForVotes(182)) - 13c48e20-7299-470e-92b7-41ff11ac47c5@group-465B7FBD215B:LeaderElection8: begin an election at term 3 for -1: [13c48e20-7299-470e-92b7-41ff11ac47c5:192.168.36.84:36500, 4e7f1cb9-4633-45c3-85c0-9982b1655b51:192.168.36.84:40637, f5999638-d985-4d9d-a96a-17e8999abea0:192.168.36.84:39819], old=null
2019-09-24 18:15:33,620 [4e7f1cb9-4633-45c3-85c0-9982b1655b51@group-E6ED2CFAD2B4:LeaderElection12] INFO  impl.LeaderElection (LeaderElection.java:askForVotes(182)) - 4e7f1cb9-4633-45c3-85c0-9982b1655b51@group-E6ED2CFAD2B4:LeaderElection12: begin an election at term 1 for -1: [4e7f1cb9-4633-45c3-85c0-9982b1655b51:192.168.36.84:40637], old=null
2019-09-24 18:15:33,620 [4e7f1cb9-4633-45c3-85c0-9982b1655b51@group-3E08224F9EBD:LeaderElection10] INFO  impl.LeaderElection (LeaderElection.java:askForVotes(182)) - 4e7f1cb9-4633-45c3-85c0-9982b1655b51@group-3E08224F9EBD:LeaderElection10: begin an election at term 1 for -1: [13c48e20-7299-470e-92b7-41ff11ac47c5:192.168.36.84:36500, 4e7f1cb9-4633-45c3-85c0-9982b1655b51:192.168.36.84:40637, f5999638-d985-4d9d-a96a-17e8999abea0:192.168.36.84:39819], old=null
2019-09-24 18:15:33,621 [4e7f1cb9-4633-45c3-85c0-9982b1655b51@group-E6ED2CFAD2B4:LeaderElection12] INFO  impl.RoleInfo (RoleInfo.java:shutdownLeaderElection(134)) - 4e7f1cb9-4633-45c3-85c0-9982b1655b51: shutdown LeaderElection
2019-09-24 18:15:33,621 [4e7f1cb9-4633-45c3-85c0-9982b1655b51@group-E6ED2CFAD2B4:LeaderElection12] INFO  impl.RaftServerImpl (RaftServerImpl.java:setRole(174)) - 4e7f1cb9-4633-45c3-85c0-9982b1655b51@group-E6ED2CFAD2B4: changes role from CANDIDATE to LEADER at term 1 for changeToLeader
2019-09-24 18:15:33,622 [4e7f1cb9-4633-45c3-85c0-9982b1655b51@group-E6ED2CFAD2B4:LeaderElection12] INFO  impl.RaftServerImpl (ServerState.java:setLeader(253)) - 4e7f1cb9-4633-45c3-85c0-9982b1655b51@group-E6ED2CFAD2B4: change Leader from null to 4e7f1cb9-4633-45c3-85c0-9982b1655b51 at term 1 for becomeLeader, leader elected after 5718ms
2019-09-24 18:15:33,622 [4e7f1cb9-4633-45c3-85c0-9982b1655b51@group-E6ED2CFAD2B4:LeaderElection12] INFO  server.RaftServerConfigKeys (ConfUtils.java:logGet(43)) - raft.server.staging.catchup.gap = 1000 (default)
2019-09-24 18:15:33,623 [4e7f1cb9-4633-45c3-85c0-9982b1655b51@group-E6ED2CFAD2B4:LeaderElection12] INFO  server.RaftServerConfigKeys (ConfUtils.java:logGet(43)) - raft.server.rpc.sleep.time = 25ms (default)
2019-09-24 18:15:33,626 [4e7f1cb9-4633-45c3-85c0-9982b1655b51@group-E6ED2CFAD2B4:LeaderElection12] INFO  server.RaftServerConfigKeys (ConfUtils.java:logGet(43)) - raft.server.write.element-limit = 4096 (default)
2019-09-24 18:15:33,628 [4e7f1cb9-4633-45c3-85c0-9982b1655b51@group-E6ED2CFAD2B4:LeaderElection12] INFO  server.RaftServerConfigKeys (ConfUtils.java:logGet(43)) - raft.server.watch.timeout = 10s (default)
2019-09-24 18:15:33,628 [4e7f1cb9-4633-45c3-85c0-9982b1655b51@group-E6ED2CFAD2B4:LeaderElection12] INFO  server.RaftServerConfigKeys (ConfUtils.java:logGet(43)) - raft.server.watch.timeout.denomination = 1s (default)
2019-09-24 18:15:33,628 [4e7f1cb9-4633-45c3-85c0-9982b1655b51@group-E6ED2CFAD2B4:LeaderElection12] INFO  server.RaftServerConfigKeys (ConfUtils.java:logGet(43)) - raft.server.watch.element-limit = 65536 (default)
2019-09-24 18:15:33,635 [4e7f1cb9-4633-45c3-85c0-9982b1655b51@group-E6ED2CFAD2B4:LeaderElection12] INFO  impl.RoleInfo (RoleInfo.java:updateAndGet(143)) - 4e7f1cb9-4633-45c3-85c0-9982b1655b51: start LeaderState
2019-09-24 18:15:33,636 [4e7f1cb9-4633-45c3-85c0-9982b1655b51@group-E6ED2CFAD2B4:LeaderElection12] INFO  segmented.SegmentedRaftLogWorker (SegmentedRaftLogWorker.java:startLogSegment(380)) - 4e7f1cb9-4633-45c3-85c0-9982b1655b51@group-E6ED2CFAD2B4-SegmentedRaftLogWorker: Starting segment from index:0
2019-09-24 18:15:33,636 [4e7f1cb9-4633-45c3-85c0-9982b1655b51@group-E6ED2CFAD2B4:LeaderElection12] INFO  impl.RaftServerImpl (ServerState.java:setRaftConf(354)) - 4e7f1cb9-4633-45c3-85c0-9982b1655b51@group-E6ED2CFAD2B4: set configuration 0: [4e7f1cb9-4633-45c3-85c0-9982b1655b51:192.168.36.84:40637], old=null at 0
2019-09-24 18:15:33,688 [4e7f1cb9-4633-45c3-85c0-9982b1655b51@group-E6ED2CFAD2B4-SegmentedRaftLogWorker] INFO  segmented.SegmentedRaftLogWorker (SegmentedRaftLogWorker.java:execute(569)) - 4e7f1cb9-4633-45c3-85c0-9982b1655b51@group-E6ED2CFAD2B4-SegmentedRaftLogWorker: created new log segment /workdir/hadoop-ozone/integration-test/target/test-dir/MiniOzoneClusterImpl-4070120b-f2bf-49a1-ba82-0323cc680d8e/datanode-0/data/ratis/b58d606d-622e-4fbe-8b60-e6ed2cfad2b4/current/log_inprogress_0
2019-09-24 18:15:33,702 [13c48e20-7299-470e-92b7-41ff11ac47c5@group-3E08224F9EBD:LeaderElection7] INFO  impl.LeaderElection (LogUtils.java:infoOrTrace(149)) - 13c48e20-7299-470e-92b7-41ff11ac47c5@group-3E08224F9EBD:LeaderElection7 got exception when requesting votes: {}
java.util.concurrent.ExecutionException: org.apache.ratis.thirdparty.io.grpc.StatusRuntimeException: UNAVAILABLE: io exception
	at java.util.concurrent.FutureTask.report(FutureTask.java:122)
	at java.util.concurrent.FutureTask.get(FutureTask.java:192)
	at org.apache.ratis.server.impl.LeaderElection.waitForResults(LeaderElection.java:263)
	at org.apache.ratis.server.impl.LeaderElection.askForVotes(LeaderElection.java:201)
	at org.apache.ratis.server.impl.LeaderElection.run(LeaderElection.java:133)
	at java.lang.Thread.run(Thread.java:748)
Caused by: org.apache.ratis.thirdparty.io.grpc.StatusRuntimeException: UNAVAILABLE: io exception
	at org.apache.ratis.thirdparty.io.grpc.stub.ClientCalls.toStatusRuntimeException(ClientCalls.java:233)
	at org.apache.ratis.thirdparty.io.grpc.stub.ClientCalls.getUnchecked(ClientCalls.java:214)
	at org.apache.ratis.thirdparty.io.grpc.stub.ClientCalls.blockingUnaryCall(ClientCalls.java:139)
	at org.apache.ratis.proto.grpc.RaftServerProtocolServiceGrpc$RaftServerProtocolServiceBlockingStub.requestVote(RaftServerProtocolServiceGrpc.java:265)
	at org.apache.ratis.grpc.server.GrpcServerProtocolClient.requestVote(GrpcServerProtocolClient.java:90)
	at org.apache.ratis.grpc.server.GrpcService.requestVote(GrpcService.java:204)
	at org.apache.ratis.server.impl.LeaderElection.lambda$submitRequests$1(LeaderElection.java:238)
	at java.util.concurrent.FutureTask.run(FutureTask.java:266)
	at java.util.concurrent.Executors$RunnableAdapter.call(Executors.java:511)
	at java.util.concurrent.FutureTask.run(FutureTask.java:266)
	at java.util.concurrent.ThreadPoolExecutor.runWorker(ThreadPoolExecutor.java:1149)
	at java.util.concurrent.ThreadPoolExecutor$Worker.run(ThreadPoolExecutor.java:624)
	... 1 more
Caused by: org.apache.ratis.thirdparty.io.netty.channel.AbstractChannel$AnnotatedConnectException: Connection refused: /192.168.36.84:39819
	at sun.nio.ch.SocketChannelImpl.checkConnect(Native Method)
	at sun.nio.ch.SocketChannelImpl.finishConnect(SocketChannelImpl.java:717)
	at org.apache.ratis.thirdparty.io.netty.channel.socket.nio.NioSocketChannel.doFinishConnect(NioSocketChannel.java:327)
	at org.apache.ratis.thirdparty.io.netty.channel.nio.AbstractNioChannel$AbstractNioUnsafe.finishConnect(AbstractNioChannel.java:340)
	at org.apache.ratis.thirdparty.io.netty.channel.nio.NioEventLoop.processSelectedKey(NioEventLoop.java:632)
	at org.apache.ratis.thirdparty.io.netty.channel.nio.NioEventLoop.processSelectedKeysOptimized(NioEventLoop.java:579)
	at org.apache.ratis.thirdparty.io.netty.channel.nio.NioEventLoop.processSelectedKeys(NioEventLoop.java:496)
	at org.apache.ratis.thirdparty.io.netty.channel.nio.NioEventLoop.run(NioEventLoop.java:458)
	at org.apache.ratis.thirdparty.io.netty.util.concurrent.SingleThreadEventExecutor$5.run(SingleThreadEventExecutor.java:897)
	at org.apache.ratis.thirdparty.io.netty.util.concurrent.FastThreadLocalRunnable.run(FastThreadLocalRunnable.java:30)
	... 1 more
Caused by: java.net.ConnectException: Connection refused
	... 11 more
2019-09-24 18:15:33,702 [13c48e20-7299-470e-92b7-41ff11ac47c5@group-10F5C818BAD8:LeaderElection6] INFO  impl.LeaderElection (LogUtils.java:infoOrTrace(149)) - 13c48e20-7299-470e-92b7-41ff11ac47c5@group-10F5C818BAD8:LeaderElection6 got exception when requesting votes: {}
java.util.concurrent.ExecutionException: org.apache.ratis.thirdparty.io.grpc.StatusRuntimeException: UNAVAILABLE: io exception
	at java.util.concurrent.FutureTask.report(FutureTask.java:122)
	at java.util.concurrent.FutureTask.get(FutureTask.java:192)
	at org.apache.ratis.server.impl.LeaderElection.waitForResults(LeaderElection.java:263)
	at org.apache.ratis.server.impl.LeaderElection.askForVotes(LeaderElection.java:201)
	at org.apache.ratis.server.impl.LeaderElection.run(LeaderElection.java:133)
	at java.lang.Thread.run(Thread.java:748)
Caused by: org.apache.ratis.thirdparty.io.grpc.StatusRuntimeException: UNAVAILABLE: io exception
	at org.apache.ratis.thirdparty.io.grpc.stub.ClientCalls.toStatusRuntimeException(ClientCalls.java:233)
	at org.apache.ratis.thirdparty.io.grpc.stub.ClientCalls.getUnchecked(ClientCalls.java:214)
	at org.apache.ratis.thirdparty.io.grpc.stub.ClientCalls.blockingUnaryCall(ClientCalls.java:139)
	at org.apache.ratis.proto.grpc.RaftServerProtocolServiceGrpc$RaftServerProtocolServiceBlockingStub.requestVote(RaftServerProtocolServiceGrpc.java:265)
	at org.apache.ratis.grpc.server.GrpcServerProtocolClient.requestVote(GrpcServerProtocolClient.java:90)
	at org.apache.ratis.grpc.server.GrpcService.requestVote(GrpcService.java:204)
	at org.apache.ratis.server.impl.LeaderElection.lambda$submitRequests$1(LeaderElection.java:238)
	at java.util.concurrent.FutureTask.run(FutureTask.java:266)
	at java.util.concurrent.Executors$RunnableAdapter.call(Executors.java:511)
	at java.util.concurrent.FutureTask.run(FutureTask.java:266)
	at java.util.concurrent.ThreadPoolExecutor.runWorker(ThreadPoolExecutor.java:1149)
	at java.util.concurrent.ThreadPoolExecutor$Worker.run(ThreadPoolExecutor.java:624)
	... 1 more
Caused by: org.apache.ratis.thirdparty.io.netty.channel.AbstractChannel$AnnotatedConnectException: Connection refused: /192.168.36.84:39819
	at sun.nio.ch.SocketChannelImpl.checkConnect(Native Method)
	at sun.nio.ch.SocketChannelImpl.finishConnect(SocketChannelImpl.java:717)
	at org.apache.ratis.thirdparty.io.netty.channel.socket.nio.NioSocketChannel.doFinishConnect(NioSocketChannel.java:327)
	at org.apache.ratis.thirdparty.io.netty.channel.nio.AbstractNioChannel$AbstractNioUnsafe.finishConnect(AbstractNioChannel.java:340)
	at org.apache.ratis.thirdparty.io.netty.channel.nio.NioEventLoop.processSelectedKey(NioEventLoop.java:632)
	at org.apache.ratis.thirdparty.io.netty.channel.nio.NioEventLoop.processSelectedKeysOptimized(NioEventLoop.java:579)
	at org.apache.ratis.thirdparty.io.netty.channel.nio.NioEventLoop.processSelectedKeys(NioEventLoop.java:496)
	at org.apache.ratis.thirdparty.io.netty.channel.nio.NioEventLoop.run(NioEventLoop.java:458)
	at org.apache.ratis.thirdparty.io.netty.util.concurrent.SingleThreadEventExecutor$5.run(SingleThreadEventExecutor.java:897)
	at org.apache.ratis.thirdparty.io.netty.util.concurrent.FastThreadLocalRunnable.run(FastThreadLocalRunnable.java:30)
	... 1 more
Caused by: java.net.ConnectException: Connection refused
	... 11 more
2019-09-24 18:15:33,702 [4e7f1cb9-4633-45c3-85c0-9982b1655b51@group-3E08224F9EBD:LeaderElection10] INFO  impl.LeaderElection (LogUtils.java:infoOrTrace(149)) - 4e7f1cb9-4633-45c3-85c0-9982b1655b51@group-3E08224F9EBD:LeaderElection10 got exception when requesting votes: {}
java.util.concurrent.ExecutionException: org.apache.ratis.thirdparty.io.grpc.StatusRuntimeException: UNAVAILABLE: io exception
	at java.util.concurrent.FutureTask.report(FutureTask.java:122)
	at java.util.concurrent.FutureTask.get(FutureTask.java:192)
	at org.apache.ratis.server.impl.LeaderElection.waitForResults(LeaderElection.java:263)
	at org.apache.ratis.server.impl.LeaderElection.askForVotes(LeaderElection.java:201)
	at org.apache.ratis.server.impl.LeaderElection.run(LeaderElection.java:133)
	at java.lang.Thread.run(Thread.java:748)
Caused by: org.apache.ratis.thirdparty.io.grpc.StatusRuntimeException: UNAVAILABLE: io exception
	at org.apache.ratis.thirdparty.io.grpc.stub.ClientCalls.toStatusRuntimeException(ClientCalls.java:233)
	at org.apache.ratis.thirdparty.io.grpc.stub.ClientCalls.getUnchecked(ClientCalls.java:214)
	at org.apache.ratis.thirdparty.io.grpc.stub.ClientCalls.blockingUnaryCall(ClientCalls.java:139)
	at org.apache.ratis.proto.grpc.RaftServerProtocolServiceGrpc$RaftServerProtocolServiceBlockingStub.requestVote(RaftServerProtocolServiceGrpc.java:265)
	at org.apache.ratis.grpc.server.GrpcServerProtocolClient.requestVote(GrpcServerProtocolClient.java:90)
	at org.apache.ratis.grpc.server.GrpcService.requestVote(GrpcService.java:204)
	at org.apache.ratis.server.impl.LeaderElection.lambda$submitRequests$1(LeaderElection.java:238)
	at java.util.concurrent.FutureTask.run(FutureTask.java:266)
	at java.util.concurrent.Executors$RunnableAdapter.call(Executors.java:511)
	at java.util.concurrent.FutureTask.run(FutureTask.java:266)
	at java.util.concurrent.ThreadPoolExecutor.runWorker(ThreadPoolExecutor.java:1149)
	at java.util.concurrent.ThreadPoolExecutor$Worker.run(ThreadPoolExecutor.java:624)
	... 1 more
Caused by: org.apache.ratis.thirdparty.io.netty.channel.AbstractChannel$AnnotatedConnectException: Connection refused: /192.168.36.84:39819
	at sun.nio.ch.SocketChannelImpl.checkConnect(Native Method)
	at sun.nio.ch.SocketChannelImpl.finishConnect(SocketChannelImpl.java:717)
	at org.apache.ratis.thirdparty.io.netty.channel.socket.nio.NioSocketChannel.doFinishConnect(NioSocketChannel.java:327)
	at org.apache.ratis.thirdparty.io.netty.channel.nio.AbstractNioChannel$AbstractNioUnsafe.finishConnect(AbstractNioChannel.java:340)
	at org.apache.ratis.thirdparty.io.netty.channel.nio.NioEventLoop.processSelectedKey(NioEventLoop.java:632)
	at org.apache.ratis.thirdparty.io.netty.channel.nio.NioEventLoop.processSelectedKeysOptimized(NioEventLoop.java:579)
	at org.apache.ratis.thirdparty.io.netty.channel.nio.NioEventLoop.processSelectedKeys(NioEventLoop.java:496)
	at org.apache.ratis.thirdparty.io.netty.channel.nio.NioEventLoop.run(NioEventLoop.java:458)
	at org.apache.ratis.thirdparty.io.netty.util.concurrent.SingleThreadEventExecutor$5.run(SingleThreadEventExecutor.java:897)
	at org.apache.ratis.thirdparty.io.netty.util.concurrent.FastThreadLocalRunnable.run(FastThreadLocalRunnable.java:30)
	... 1 more
Caused by: java.net.ConnectException: Connection refused
	... 11 more
2019-09-24 18:15:33,702 [13c48e20-7299-470e-92b7-41ff11ac47c5@group-465B7FBD215B:LeaderElection8] INFO  impl.LeaderElection (LogUtils.java:infoOrTrace(149)) - 13c48e20-7299-470e-92b7-41ff11ac47c5@group-465B7FBD215B:LeaderElection8 got exception when requesting votes: {}
java.util.concurrent.ExecutionException: org.apache.ratis.thirdparty.io.grpc.StatusRuntimeException: UNAVAILABLE: io exception
	at java.util.concurrent.FutureTask.report(FutureTask.java:122)
	at java.util.concurrent.FutureTask.get(FutureTask.java:192)
	at org.apache.ratis.server.impl.LeaderElection.waitForResults(LeaderElection.java:263)
	at org.apache.ratis.server.impl.LeaderElection.askForVotes(LeaderElection.java:201)
	at org.apache.ratis.server.impl.LeaderElection.run(LeaderElection.java:133)
	at java.lang.Thread.run(Thread.java:748)
Caused by: org.apache.ratis.thirdparty.io.grpc.StatusRuntimeException: UNAVAILABLE: io exception
	at org.apache.ratis.thirdparty.io.grpc.stub.ClientCalls.toStatusRuntimeException(ClientCalls.java:233)
	at org.apache.ratis.thirdparty.io.grpc.stub.ClientCalls.getUnchecked(ClientCalls.java:214)
	at org.apache.ratis.thirdparty.io.grpc.stub.ClientCalls.blockingUnaryCall(ClientCalls.java:139)
	at org.apache.ratis.proto.grpc.RaftServerProtocolServiceGrpc$RaftServerProtocolServiceBlockingStub.requestVote(RaftServerProtocolServiceGrpc.java:265)
	at org.apache.ratis.grpc.server.GrpcServerProtocolClient.requestVote(GrpcServerProtocolClient.java:90)
	at org.apache.ratis.grpc.server.GrpcService.requestVote(GrpcService.java:204)
	at org.apache.ratis.server.impl.LeaderElection.lambda$submitRequests$1(LeaderElection.java:238)
	at java.util.concurrent.FutureTask.run(FutureTask.java:266)
	at java.util.concurrent.Executors$RunnableAdapter.call(Executors.java:511)
	at java.util.concurrent.FutureTask.run(FutureTask.java:266)
	at java.util.concurrent.ThreadPoolExecutor.runWorker(ThreadPoolExecutor.java:1149)
	at java.util.concurrent.ThreadPoolExecutor$Worker.run(ThreadPoolExecutor.java:624)
	... 1 more
Caused by: org.apache.ratis.thirdparty.io.netty.channel.AbstractChannel$AnnotatedConnectException: Connection refused: /192.168.36.84:39819
	at sun.nio.ch.SocketChannelImpl.checkConnect(Native Method)
	at sun.nio.ch.SocketChannelImpl.finishConnect(SocketChannelImpl.java:717)
	at org.apache.ratis.thirdparty.io.netty.channel.socket.nio.NioSocketChannel.doFinishConnect(NioSocketChannel.java:327)
	at org.apache.ratis.thirdparty.io.netty.channel.nio.AbstractNioChannel$AbstractNioUnsafe.finishConnect(AbstractNioChannel.java:340)
	at org.apache.ratis.thirdparty.io.netty.channel.nio.NioEventLoop.processSelectedKey(NioEventLoop.java:632)
	at org.apache.ratis.thirdparty.io.netty.channel.nio.NioEventLoop.processSelectedKeysOptimized(NioEventLoop.java:579)
	at org.apache.ratis.thirdparty.io.netty.channel.nio.NioEventLoop.processSelectedKeys(NioEventLoop.java:496)
	at org.apache.ratis.thirdparty.io.netty.channel.nio.NioEventLoop.run(NioEventLoop.java:458)
	at org.apache.ratis.thirdparty.io.netty.util.concurrent.SingleThreadEventExecutor$5.run(SingleThreadEventExecutor.java:897)
	at org.apache.ratis.thirdparty.io.netty.util.concurrent.FastThreadLocalRunnable.run(FastThreadLocalRunnable.java:30)
	... 1 more
Caused by: java.net.ConnectException: Connection refused
	... 11 more
2019-09-24 18:15:33,702 [4e7f1cb9-4633-45c3-85c0-9982b1655b51@group-465B7FBD215B:LeaderElection9] INFO  impl.LeaderElection (LogUtils.java:infoOrTrace(149)) - 4e7f1cb9-4633-45c3-85c0-9982b1655b51@group-465B7FBD215B:LeaderElection9 got exception when requesting votes: {}
java.util.concurrent.ExecutionException: org.apache.ratis.thirdparty.io.grpc.StatusRuntimeException: UNAVAILABLE: io exception
	at java.util.concurrent.FutureTask.report(FutureTask.java:122)
	at java.util.concurrent.FutureTask.get(FutureTask.java:192)
	at org.apache.ratis.server.impl.LeaderElection.waitForResults(LeaderElection.java:263)
	at org.apache.ratis.server.impl.LeaderElection.askForVotes(LeaderElection.java:201)
	at org.apache.ratis.server.impl.LeaderElection.run(LeaderElection.java:133)
	at java.lang.Thread.run(Thread.java:748)
Caused by: org.apache.ratis.thirdparty.io.grpc.StatusRuntimeException: UNAVAILABLE: io exception
	at org.apache.ratis.thirdparty.io.grpc.stub.ClientCalls.toStatusRuntimeException(ClientCalls.java:233)
	at org.apache.ratis.thirdparty.io.grpc.stub.ClientCalls.getUnchecked(ClientCalls.java:214)
	at org.apache.ratis.thirdparty.io.grpc.stub.ClientCalls.blockingUnaryCall(ClientCalls.java:139)
	at org.apache.ratis.proto.grpc.RaftServerProtocolServiceGrpc$RaftServerProtocolServiceBlockingStub.requestVote(RaftServerProtocolServiceGrpc.java:265)
	at org.apache.ratis.grpc.server.GrpcServerProtocolClient.requestVote(GrpcServerProtocolClient.java:90)
	at org.apache.ratis.grpc.server.GrpcService.requestVote(GrpcService.java:204)
	at org.apache.ratis.server.impl.LeaderElection.lambda$submitRequests$1(LeaderElection.java:238)
	at java.util.concurrent.FutureTask.run(FutureTask.java:266)
	at java.util.concurrent.Executors$RunnableAdapter.call(Executors.java:511)
	at java.util.concurrent.FutureTask.run(FutureTask.java:266)
	at java.util.concurrent.ThreadPoolExecutor.runWorker(ThreadPoolExecutor.java:1149)
	at java.util.concurrent.ThreadPoolExecutor$Worker.run(ThreadPoolExecutor.java:624)
	... 1 more
Caused by: org.apache.ratis.thirdparty.io.netty.channel.AbstractChannel$AnnotatedConnectException: Connection refused: /192.168.36.84:39819
	at sun.nio.ch.SocketChannelImpl.checkConnect(Native Method)
	at sun.nio.ch.SocketChannelImpl.finishConnect(SocketChannelImpl.java:717)
	at org.apache.ratis.thirdparty.io.netty.channel.socket.nio.NioSocketChannel.doFinishConnect(NioSocketChannel.java:327)
	at org.apache.ratis.thirdparty.io.netty.channel.nio.AbstractNioChannel$AbstractNioUnsafe.finishConnect(AbstractNioChannel.java:340)
	at org.apache.ratis.thirdparty.io.netty.channel.nio.NioEventLoop.processSelectedKey(NioEventLoop.java:632)
	at org.apache.ratis.thirdparty.io.netty.channel.nio.NioEventLoop.processSelectedKeysOptimized(NioEventLoop.java:579)
	at org.apache.ratis.thirdparty.io.netty.channel.nio.NioEventLoop.processSelectedKeys(NioEventLoop.java:496)
	at org.apache.ratis.thirdparty.io.netty.channel.nio.NioEventLoop.run(NioEventLoop.java:458)
	at org.apache.ratis.thirdparty.io.netty.util.concurrent.SingleThreadEventExecutor$5.run(SingleThreadEventExecutor.java:897)
	at org.apache.ratis.thirdparty.io.netty.util.concurrent.FastThreadLocalRunnable.run(FastThreadLocalRunnable.java:30)
	... 1 more
Caused by: java.net.ConnectException: Connection refused
	... 11 more
2019-09-24 18:15:33,702 [4e7f1cb9-4633-45c3-85c0-9982b1655b51@group-10F5C818BAD8:LeaderElection11] INFO  impl.LeaderElection (LogUtils.java:infoOrTrace(149)) - 4e7f1cb9-4633-45c3-85c0-9982b1655b51@group-10F5C818BAD8:LeaderElection11 got exception when requesting votes: {}
java.util.concurrent.ExecutionException: org.apache.ratis.thirdparty.io.grpc.StatusRuntimeException: UNAVAILABLE: io exception
	at java.util.concurrent.FutureTask.report(FutureTask.java:122)
	at java.util.concurrent.FutureTask.get(FutureTask.java:192)
	at org.apache.ratis.server.impl.LeaderElection.waitForResults(LeaderElection.java:263)
	at org.apache.ratis.server.impl.LeaderElection.askForVotes(LeaderElection.java:201)
	at org.apache.ratis.server.impl.LeaderElection.run(LeaderElection.java:133)
	at java.lang.Thread.run(Thread.java:748)
Caused by: org.apache.ratis.thirdparty.io.grpc.StatusRuntimeException: UNAVAILABLE: io exception
	at org.apache.ratis.thirdparty.io.grpc.stub.ClientCalls.toStatusRuntimeException(ClientCalls.java:233)
	at org.apache.ratis.thirdparty.io.grpc.stub.ClientCalls.getUnchecked(ClientCalls.java:214)
	at org.apache.ratis.thirdparty.io.grpc.stub.ClientCalls.blockingUnaryCall(ClientCalls.java:139)
	at org.apache.ratis.proto.grpc.RaftServerProtocolServiceGrpc$RaftServerProtocolServiceBlockingStub.requestVote(RaftServerProtocolServiceGrpc.java:265)
	at org.apache.ratis.grpc.server.GrpcServerProtocolClient.requestVote(GrpcServerProtocolClient.java:90)
	at org.apache.ratis.grpc.server.GrpcService.requestVote(GrpcService.java:204)
	at org.apache.ratis.server.impl.LeaderElection.lambda$submitRequests$1(LeaderElection.java:238)
	at java.util.concurrent.FutureTask.run(FutureTask.java:266)
	at java.util.concurrent.Executors$RunnableAdapter.call(Executors.java:511)
	at java.util.concurrent.FutureTask.run(FutureTask.java:266)
	at java.util.concurrent.ThreadPoolExecutor.runWorker(ThreadPoolExecutor.java:1149)
	at java.util.concurrent.ThreadPoolExecutor$Worker.run(ThreadPoolExecutor.java:624)
	... 1 more
Caused by: org.apache.ratis.thirdparty.io.netty.channel.AbstractChannel$AnnotatedConnectException: Connection refused: /192.168.36.84:39819
	at sun.nio.ch.SocketChannelImpl.checkConnect(Native Method)
	at sun.nio.ch.SocketChannelImpl.finishConnect(SocketChannelImpl.java:717)
	at org.apache.ratis.thirdparty.io.netty.channel.socket.nio.NioSocketChannel.doFinishConnect(NioSocketChannel.java:327)
	at org.apache.ratis.thirdparty.io.netty.channel.nio.AbstractNioChannel$AbstractNioUnsafe.finishConnect(AbstractNioChannel.java:340)
	at org.apache.ratis.thirdparty.io.netty.channel.nio.NioEventLoop.processSelectedKey(NioEventLoop.java:632)
	at org.apache.ratis.thirdparty.io.netty.channel.nio.NioEventLoop.processSelectedKeysOptimized(NioEventLoop.java:579)
	at org.apache.ratis.thirdparty.io.netty.channel.nio.NioEventLoop.processSelectedKeys(NioEventLoop.java:496)
	at org.apache.ratis.thirdparty.io.netty.channel.nio.NioEventLoop.run(NioEventLoop.java:458)
	at org.apache.ratis.thirdparty.io.netty.util.concurrent.SingleThreadEventExecutor$5.run(SingleThreadEventExecutor.java:897)
	at org.apache.ratis.thirdparty.io.netty.util.concurrent.FastThreadLocalRunnable.run(FastThreadLocalRunnable.java:30)
	... 1 more
Caused by: java.net.ConnectException: Connection refused
	... 11 more
2019-09-24 18:15:33,712 [4e7f1cb9-4633-45c3-85c0-9982b1655b51@group-465B7FBD215B:LeaderElection9] INFO  impl.LeaderElection (LeaderElection.java:logAndReturn(56)) - 4e7f1cb9-4633-45c3-85c0-9982b1655b51@group-465B7FBD215B:LeaderElection9: Election REJECTED; received 0 response(s) [] and 1 exception(s); 4e7f1cb9-4633-45c3-85c0-9982b1655b51@group-465B7FBD215B:t3, leader=null, voted=null, raftlog=4e7f1cb9-4633-45c3-85c0-9982b1655b51@group-465B7FBD215B-SegmentedRaftLog:OPENED:c-1,f-1,i0, conf=-1: [13c48e20-7299-470e-92b7-41ff11ac47c5:192.168.36.84:36500, 4e7f1cb9-4633-45c3-85c0-9982b1655b51:192.168.36.84:40637, f5999638-d985-4d9d-a96a-17e8999abea0:192.168.36.84:39819], old=null
2019-09-24 18:15:33,704 [grpc-default-executor-2] INFO  impl.RaftServerImpl (RaftServerImpl.java:setRole(174)) - 4e7f1cb9-4633-45c3-85c0-9982b1655b51@group-465B7FBD215B: changes role from CANDIDATE to FOLLOWER at term 3 for recognizeCandidate:13c48e20-7299-470e-92b7-41ff11ac47c5
2019-09-24 18:15:33,714 [4e7f1cb9-4633-45c3-85c0-9982b1655b51@group-465B7FBD215B:LeaderElection9] INFO  impl.LeaderElection (LogUtils.java:infoOrTrace(149)) -   Exception 0: {}
java.util.concurrent.ExecutionException: org.apache.ratis.thirdparty.io.grpc.StatusRuntimeException: UNAVAILABLE: io exception
	at java.util.concurrent.FutureTask.report(FutureTask.java:122)
	at java.util.concurrent.FutureTask.get(FutureTask.java:192)
	at org.apache.ratis.server.impl.LeaderElection.waitForResults(LeaderElection.java:263)
	at org.apache.ratis.server.impl.LeaderElection.askForVotes(LeaderElection.java:201)
	at org.apache.ratis.server.impl.LeaderElection.run(LeaderElection.java:133)
	at java.lang.Thread.run(Thread.java:748)
Caused by: org.apache.ratis.thirdparty.io.grpc.StatusRuntimeException: UNAVAILABLE: io exception
	at org.apache.ratis.thirdparty.io.grpc.stub.ClientCalls.toStatusRuntimeException(ClientCalls.java:233)
	at org.apache.ratis.thirdparty.io.grpc.stub.ClientCalls.getUnchecked(ClientCalls.java:214)
	at org.apache.ratis.thirdparty.io.grpc.stub.ClientCalls.blockingUnaryCall(ClientCalls.java:139)
	at org.apache.ratis.proto.grpc.RaftServerProtocolServiceGrpc$RaftServerProtocolServiceBlockingStub.requestVote(RaftServerProtocolServiceGrpc.java:265)
	at org.apache.ratis.grpc.server.GrpcServerProtocolClient.requestVote(GrpcServerProtocolClient.java:90)
	at org.apache.ratis.grpc.server.GrpcService.requestVote(GrpcService.java:204)
	at org.apache.ratis.server.impl.LeaderElection.lambda$submitRequests$1(LeaderElection.java:238)
	at java.util.concurrent.FutureTask.run(FutureTask.java:266)
	at java.util.concurrent.Executors$RunnableAdapter.call(Executors.java:511)
	at java.util.concurrent.FutureTask.run(FutureTask.java:266)
	at java.util.concurrent.ThreadPoolExecutor.runWorker(ThreadPoolExecutor.java:1149)
	at java.util.concurrent.ThreadPoolExecutor$Worker.run(ThreadPoolExecutor.java:624)
	... 1 more
Caused by: org.apache.ratis.thirdparty.io.netty.channel.AbstractChannel$AnnotatedConnectException: Connection refused: /192.168.36.84:39819
	at sun.nio.ch.SocketChannelImpl.checkConnect(Native Method)
	at sun.nio.ch.SocketChannelImpl.finishConnect(SocketChannelImpl.java:717)
	at org.apache.ratis.thirdparty.io.netty.channel.socket.nio.NioSocketChannel.doFinishConnect(NioSocketChannel.java:327)
	at org.apache.ratis.thirdparty.io.netty.channel.nio.AbstractNioChannel$AbstractNioUnsafe.finishConnect(AbstractNioChannel.java:340)
	at org.apache.ratis.thirdparty.io.netty.channel.nio.NioEventLoop.processSelectedKey(NioEventLoop.java:632)
	at org.apache.ratis.thirdparty.io.netty.channel.nio.NioEventLoop.processSelectedKeysOptimized(NioEventLoop.java:579)
	at org.apache.ratis.thirdparty.io.netty.channel.nio.NioEventLoop.processSelectedKeys(NioEventLoop.java:496)
	at org.apache.ratis.thirdparty.io.netty.channel.nio.NioEventLoop.run(NioEventLoop.java:458)
	at org.apache.ratis.thirdparty.io.netty.util.concurrent.SingleThreadEventExecutor$5.run(SingleThreadEventExecutor.java:897)
	at org.apache.ratis.thirdparty.io.netty.util.concurrent.FastThreadLocalRunnable.run(FastThreadLocalRunnable.java:30)
	... 1 more
Caused by: java.net.ConnectException: Connection refused
	... 11 more
2019-09-24 18:15:33,715 [grpc-default-executor-2] INFO  impl.RoleInfo (RoleInfo.java:shutdownLeaderElection(134)) - 4e7f1cb9-4633-45c3-85c0-9982b1655b51: shutdown LeaderElection
2019-09-24 18:15:33,718 [grpc-default-executor-2] INFO  impl.RoleInfo (RoleInfo.java:updateAndGet(143)) - 4e7f1cb9-4633-45c3-85c0-9982b1655b51: start FollowerState
2019-09-24 18:15:33,722 [13c48e20-7299-470e-92b7-41ff11ac47c5@group-3E08224F9EBD:LeaderElection7] INFO  impl.LeaderElection (LeaderElection.java:logAndReturn(56)) - 13c48e20-7299-470e-92b7-41ff11ac47c5@group-3E08224F9EBD:LeaderElection7: Election REJECTED; received 1 response(s) [13c48e20-7299-470e-92b7-41ff11ac47c5<-4e7f1cb9-4633-45c3-85c0-9982b1655b51#0:FAIL-t1] and 1 exception(s); 13c48e20-7299-470e-92b7-41ff11ac47c5@group-3E08224F9EBD:t1, leader=null, voted=13c48e20-7299-470e-92b7-41ff11ac47c5, raftlog=13c48e20-7299-470e-92b7-41ff11ac47c5@group-3E08224F9EBD-SegmentedRaftLog:OPENED:c-1,f-1,i0, conf=-1: [13c48e20-7299-470e-92b7-41ff11ac47c5:192.168.36.84:36500, 4e7f1cb9-4633-45c3-85c0-9982b1655b51:192.168.36.84:40637, f5999638-d985-4d9d-a96a-17e8999abea0:192.168.36.84:39819], old=null
2019-09-24 18:15:33,722 [13c48e20-7299-470e-92b7-41ff11ac47c5@group-3E08224F9EBD:LeaderElection7] INFO  impl.LeaderElection (LogUtils.java:infoOrTrace(149)) -   Exception 0: {}
java.util.concurrent.ExecutionException: org.apache.ratis.thirdparty.io.grpc.StatusRuntimeException: UNAVAILABLE: io exception
	at java.util.concurrent.FutureTask.report(FutureTask.java:122)
	at java.util.concurrent.FutureTask.get(FutureTask.java:192)
	at org.apache.ratis.server.impl.LeaderElection.waitForResults(LeaderElection.java:263)
	at org.apache.ratis.server.impl.LeaderElection.askForVotes(LeaderElection.java:201)
	at org.apache.ratis.server.impl.LeaderElection.run(LeaderElection.java:133)
	at java.lang.Thread.run(Thread.java:748)
Caused by: org.apache.ratis.thirdparty.io.grpc.StatusRuntimeException: UNAVAILABLE: io exception
	at org.apache.ratis.thirdparty.io.grpc.stub.ClientCalls.toStatusRuntimeException(ClientCalls.java:233)
	at org.apache.ratis.thirdparty.io.grpc.stub.ClientCalls.getUnchecked(ClientCalls.java:214)
	at org.apache.ratis.thirdparty.io.grpc.stub.ClientCalls.blockingUnaryCall(ClientCalls.java:139)
	at org.apache.ratis.proto.grpc.RaftServerProtocolServiceGrpc$RaftServerProtocolServiceBlockingStub.requestVote(RaftServerProtocolServiceGrpc.java:265)
	at org.apache.ratis.grpc.server.GrpcServerProtocolClient.requestVote(GrpcServerProtocolClient.java:90)
	at org.apache.ratis.grpc.server.GrpcService.requestVote(GrpcService.java:204)
	at org.apache.ratis.server.impl.LeaderElection.lambda$submitRequests$1(LeaderElection.java:238)
	at java.util.concurrent.FutureTask.run(FutureTask.java:266)
	at java.util.concurrent.Executors$RunnableAdapter.call(Executors.java:511)
	at java.util.concurrent.FutureTask.run(FutureTask.java:266)
	at java.util.concurrent.ThreadPoolExecutor.runWorker(ThreadPoolExecutor.java:1149)
	at java.util.concurrent.ThreadPoolExecutor$Worker.run(ThreadPoolExecutor.java:624)
	... 1 more
Caused by: org.apache.ratis.thirdparty.io.netty.channel.AbstractChannel$AnnotatedConnectException: Connection refused: /192.168.36.84:39819
	at sun.nio.ch.SocketChannelImpl.checkConnect(Native Method)
	at sun.nio.ch.SocketChannelImpl.finishConnect(SocketChannelImpl.java:717)
	at org.apache.ratis.thirdparty.io.netty.channel.socket.nio.NioSocketChannel.doFinishConnect(NioSocketChannel.java:327)
	at org.apache.ratis.thirdparty.io.netty.channel.nio.AbstractNioChannel$AbstractNioUnsafe.finishConnect(AbstractNioChannel.java:340)
	at org.apache.ratis.thirdparty.io.netty.channel.nio.NioEventLoop.processSelectedKey(NioEventLoop.java:632)
	at org.apache.ratis.thirdparty.io.netty.channel.nio.NioEventLoop.processSelectedKeysOptimized(NioEventLoop.java:579)
	at org.apache.ratis.thirdparty.io.netty.channel.nio.NioEventLoop.processSelectedKeys(NioEventLoop.java:496)
	at org.apache.ratis.thirdparty.io.netty.channel.nio.NioEventLoop.run(NioEventLoop.java:458)
	at org.apache.ratis.thirdparty.io.netty.util.concurrent.SingleThreadEventExecutor$5.run(SingleThreadEventExecutor.java:897)
	at org.apache.ratis.thirdparty.io.netty.util.concurrent.FastThreadLocalRunnable.run(FastThreadLocalRunnable.java:30)
	... 1 more
Caused by: java.net.ConnectException: Connection refused
	... 11 more
2019-09-24 18:15:33,723 [13c48e20-7299-470e-92b7-41ff11ac47c5@group-10F5C818BAD8:LeaderElection6] INFO  impl.LeaderElection (LeaderElection.java:logAndReturn(56)) - 13c48e20-7299-470e-92b7-41ff11ac47c5@group-10F5C818BAD8:LeaderElection6: Election REJECTED; received 1 response(s) [13c48e20-7299-470e-92b7-41ff11ac47c5<-4e7f1cb9-4633-45c3-85c0-9982b1655b51#0:FAIL-t1] and 1 exception(s); 13c48e20-7299-470e-92b7-41ff11ac47c5@group-10F5C818BAD8:t1, leader=null, voted=13c48e20-7299-470e-92b7-41ff11ac47c5, raftlog=13c48e20-7299-470e-92b7-41ff11ac47c5@group-10F5C818BAD8-SegmentedRaftLog:OPENED:c-1,f-1,i0, conf=-1: [13c48e20-7299-470e-92b7-41ff11ac47c5:192.168.36.84:36500, 4e7f1cb9-4633-45c3-85c0-9982b1655b51:192.168.36.84:40637, f5999638-d985-4d9d-a96a-17e8999abea0:192.168.36.84:39819], old=null
2019-09-24 18:15:33,727 [13c48e20-7299-470e-92b7-41ff11ac47c5@group-3E08224F9EBD:LeaderElection7] INFO  impl.RaftServerImpl (RaftServerImpl.java:setRole(174)) - 13c48e20-7299-470e-92b7-41ff11ac47c5@group-3E08224F9EBD: changes role from CANDIDATE to FOLLOWER at term 1 for DISCOVERED_A_NEW_TERM
2019-09-24 18:15:33,727 [13c48e20-7299-470e-92b7-41ff11ac47c5@group-10F5C818BAD8:LeaderElection6] INFO  impl.LeaderElection (LogUtils.java:infoOrTrace(149)) -   Exception 0: {}
java.util.concurrent.ExecutionException: org.apache.ratis.thirdparty.io.grpc.StatusRuntimeException: UNAVAILABLE: io exception
	at java.util.concurrent.FutureTask.report(FutureTask.java:122)
	at java.util.concurrent.FutureTask.get(FutureTask.java:192)
	at org.apache.ratis.server.impl.LeaderElection.waitForResults(LeaderElection.java:263)
	at org.apache.ratis.server.impl.LeaderElection.askForVotes(LeaderElection.java:201)
	at org.apache.ratis.server.impl.LeaderElection.run(LeaderElection.java:133)
	at java.lang.Thread.run(Thread.java:748)
Caused by: org.apache.ratis.thirdparty.io.grpc.StatusRuntimeException: UNAVAILABLE: io exception
	at org.apache.ratis.thirdparty.io.grpc.stub.ClientCalls.toStatusRuntimeException(ClientCalls.java:233)
	at org.apache.ratis.thirdparty.io.grpc.stub.ClientCalls.getUnchecked(ClientCalls.java:214)
	at org.apache.ratis.thirdparty.io.grpc.stub.ClientCalls.blockingUnaryCall(ClientCalls.java:139)
	at org.apache.ratis.proto.grpc.RaftServerProtocolServiceGrpc$RaftServerProtocolServiceBlockingStub.requestVote(RaftServerProtocolServiceGrpc.java:265)
	at org.apache.ratis.grpc.server.GrpcServerProtocolClient.requestVote(GrpcServerProtocolClient.java:90)
	at org.apache.ratis.grpc.server.GrpcService.requestVote(GrpcService.java:204)
	at org.apache.ratis.server.impl.LeaderElection.lambda$submitRequests$1(LeaderElection.java:238)
	at java.util.concurrent.FutureTask.run(FutureTask.java:266)
	at java.util.concurrent.Executors$RunnableAdapter.call(Executors.java:511)
	at java.util.concurrent.FutureTask.run(FutureTask.java:266)
	at java.util.concurrent.ThreadPoolExecutor.runWorker(ThreadPoolExecutor.java:1149)
	at java.util.concurrent.ThreadPoolExecutor$Worker.run(ThreadPoolExecutor.java:624)
	... 1 more
Caused by: org.apache.ratis.thirdparty.io.netty.channel.AbstractChannel$AnnotatedConnectException: Connection refused: /192.168.36.84:39819
	at sun.nio.ch.SocketChannelImpl.checkConnect(Native Method)
	at sun.nio.ch.SocketChannelImpl.finishConnect(SocketChannelImpl.java:717)
	at org.apache.ratis.thirdparty.io.netty.channel.socket.nio.NioSocketChannel.doFinishConnect(NioSocketChannel.java:327)
	at org.apache.ratis.thirdparty.io.netty.channel.nio.AbstractNioChannel$AbstractNioUnsafe.finishConnect(AbstractNioChannel.java:340)
	at org.apache.ratis.thirdparty.io.netty.channel.nio.NioEventLoop.processSelectedKey(NioEventLoop.java:632)
	at org.apache.ratis.thirdparty.io.netty.channel.nio.NioEventLoop.processSelectedKeysOptimized(NioEventLoop.java:579)
	at org.apache.ratis.thirdparty.io.netty.channel.nio.NioEventLoop.processSelectedKeys(NioEventLoop.java:496)
	at org.apache.ratis.thirdparty.io.netty.channel.nio.NioEventLoop.run(NioEventLoop.java:458)
	at org.apache.ratis.thirdparty.io.netty.util.concurrent.SingleThreadEventExecutor$5.run(SingleThreadEventExecutor.java:897)
	at org.apache.ratis.thirdparty.io.netty.util.concurrent.FastThreadLocalRunnable.run(FastThreadLocalRunnable.java:30)
	... 1 more
Caused by: java.net.ConnectException: Connection refused
	... 11 more
2019-09-24 18:15:33,727 [13c48e20-7299-470e-92b7-41ff11ac47c5@group-3E08224F9EBD:LeaderElection7] INFO  impl.RoleInfo (RoleInfo.java:shutdownLeaderElection(134)) - 13c48e20-7299-470e-92b7-41ff11ac47c5: shutdown LeaderElection
2019-09-24 18:15:33,729 [13c48e20-7299-470e-92b7-41ff11ac47c5@group-10F5C818BAD8:LeaderElection6] INFO  impl.RaftServerImpl (RaftServerImpl.java:setRole(174)) - 13c48e20-7299-470e-92b7-41ff11ac47c5@group-10F5C818BAD8: changes role from CANDIDATE to FOLLOWER at term 1 for DISCOVERED_A_NEW_TERM
2019-09-24 18:15:33,734 [13c48e20-7299-470e-92b7-41ff11ac47c5@group-3E08224F9EBD:LeaderElection7] INFO  impl.RoleInfo (RoleInfo.java:updateAndGet(143)) - 13c48e20-7299-470e-92b7-41ff11ac47c5: start FollowerState
2019-09-24 18:15:33,734 [13c48e20-7299-470e-92b7-41ff11ac47c5@group-10F5C818BAD8:LeaderElection6] INFO  impl.RoleInfo (RoleInfo.java:shutdownLeaderElection(134)) - 13c48e20-7299-470e-92b7-41ff11ac47c5: shutdown LeaderElection
2019-09-24 18:15:33,734 [13c48e20-7299-470e-92b7-41ff11ac47c5@group-10F5C818BAD8:LeaderElection6] INFO  impl.RoleInfo (RoleInfo.java:updateAndGet(143)) - 13c48e20-7299-470e-92b7-41ff11ac47c5: start FollowerState
2019-09-24 18:15:33,737 [13c48e20-7299-470e-92b7-41ff11ac47c5@group-465B7FBD215B:LeaderElection8] INFO  impl.LeaderElection (LeaderElection.java:logAndReturn(56)) - 13c48e20-7299-470e-92b7-41ff11ac47c5@group-465B7FBD215B:LeaderElection8: Election REJECTED; received 1 response(s) [13c48e20-7299-470e-92b7-41ff11ac47c5<-4e7f1cb9-4633-45c3-85c0-9982b1655b51#0:FAIL-t3] and 1 exception(s); 13c48e20-7299-470e-92b7-41ff11ac47c5@group-465B7FBD215B:t3, leader=null, voted=13c48e20-7299-470e-92b7-41ff11ac47c5, raftlog=13c48e20-7299-470e-92b7-41ff11ac47c5@group-465B7FBD215B-SegmentedRaftLog:OPENED:c-1,f-1,i0, conf=-1: [13c48e20-7299-470e-92b7-41ff11ac47c5:192.168.36.84:36500, 4e7f1cb9-4633-45c3-85c0-9982b1655b51:192.168.36.84:40637, f5999638-d985-4d9d-a96a-17e8999abea0:192.168.36.84:39819], old=null
2019-09-24 18:15:33,737 [13c48e20-7299-470e-92b7-41ff11ac47c5@group-465B7FBD215B:LeaderElection8] INFO  impl.LeaderElection (LogUtils.java:infoOrTrace(149)) -   Exception 0: {}
java.util.concurrent.ExecutionException: org.apache.ratis.thirdparty.io.grpc.StatusRuntimeException: UNAVAILABLE: io exception
	at java.util.concurrent.FutureTask.report(FutureTask.java:122)
	at java.util.concurrent.FutureTask.get(FutureTask.java:192)
	at org.apache.ratis.server.impl.LeaderElection.waitForResults(LeaderElection.java:263)
	at org.apache.ratis.server.impl.LeaderElection.askForVotes(LeaderElection.java:201)
	at org.apache.ratis.server.impl.LeaderElection.run(LeaderElection.java:133)
	at java.lang.Thread.run(Thread.java:748)
Caused by: org.apache.ratis.thirdparty.io.grpc.StatusRuntimeException: UNAVAILABLE: io exception
	at org.apache.ratis.thirdparty.io.grpc.stub.ClientCalls.toStatusRuntimeException(ClientCalls.java:233)
	at org.apache.ratis.thirdparty.io.grpc.stub.ClientCalls.getUnchecked(ClientCalls.java:214)
	at org.apache.ratis.thirdparty.io.grpc.stub.ClientCalls.blockingUnaryCall(ClientCalls.java:139)
	at org.apache.ratis.proto.grpc.RaftServerProtocolServiceGrpc$RaftServerProtocolServiceBlockingStub.requestVote(RaftServerProtocolServiceGrpc.java:265)
	at org.apache.ratis.grpc.server.GrpcServerProtocolClient.requestVote(GrpcServerProtocolClient.java:90)
	at org.apache.ratis.grpc.server.GrpcService.requestVote(GrpcService.java:204)
	at org.apache.ratis.server.impl.LeaderElection.lambda$submitRequests$1(LeaderElection.java:238)
	at java.util.concurrent.FutureTask.run(FutureTask.java:266)
	at java.util.concurrent.Executors$RunnableAdapter.call(Executors.java:511)
	at java.util.concurrent.FutureTask.run(FutureTask.java:266)
	at java.util.concurrent.ThreadPoolExecutor.runWorker(ThreadPoolExecutor.java:1149)
	at java.util.concurrent.ThreadPoolExecutor$Worker.run(ThreadPoolExecutor.java:624)
	... 1 more
Caused by: org.apache.ratis.thirdparty.io.netty.channel.AbstractChannel$AnnotatedConnectException: Connection refused: /192.168.36.84:39819
	at sun.nio.ch.SocketChannelImpl.checkConnect(Native Method)
	at sun.nio.ch.SocketChannelImpl.finishConnect(SocketChannelImpl.java:717)
	at org.apache.ratis.thirdparty.io.netty.channel.socket.nio.NioSocketChannel.doFinishConnect(NioSocketChannel.java:327)
	at org.apache.ratis.thirdparty.io.netty.channel.nio.AbstractNioChannel$AbstractNioUnsafe.finishConnect(AbstractNioChannel.java:340)
	at org.apache.ratis.thirdparty.io.netty.channel.nio.NioEventLoop.processSelectedKey(NioEventLoop.java:632)
	at org.apache.ratis.thirdparty.io.netty.channel.nio.NioEventLoop.processSelectedKeysOptimized(NioEventLoop.java:579)
	at org.apache.ratis.thirdparty.io.netty.channel.nio.NioEventLoop.processSelectedKeys(NioEventLoop.java:496)
	at org.apache.ratis.thirdparty.io.netty.channel.nio.NioEventLoop.run(NioEventLoop.java:458)
	at org.apache.ratis.thirdparty.io.netty.util.concurrent.SingleThreadEventExecutor$5.run(SingleThreadEventExecutor.java:897)
	at org.apache.ratis.thirdparty.io.netty.util.concurrent.FastThreadLocalRunnable.run(FastThreadLocalRunnable.java:30)
	... 1 more
Caused by: java.net.ConnectException: Connection refused
	... 11 more
2019-09-24 18:15:33,740 [13c48e20-7299-470e-92b7-41ff11ac47c5@group-465B7FBD215B:LeaderElection8] INFO  impl.RaftServerImpl (RaftServerImpl.java:setRole(174)) - 13c48e20-7299-470e-92b7-41ff11ac47c5@group-465B7FBD215B: changes role from CANDIDATE to FOLLOWER at term 3 for DISCOVERED_A_NEW_TERM
2019-09-24 18:15:33,741 [13c48e20-7299-470e-92b7-41ff11ac47c5@group-465B7FBD215B:LeaderElection8] INFO  impl.RoleInfo (RoleInfo.java:shutdownLeaderElection(134)) - 13c48e20-7299-470e-92b7-41ff11ac47c5: shutdown LeaderElection
2019-09-24 18:15:33,741 [13c48e20-7299-470e-92b7-41ff11ac47c5@group-465B7FBD215B:LeaderElection8] INFO  impl.RoleInfo (RoleInfo.java:updateAndGet(143)) - 13c48e20-7299-470e-92b7-41ff11ac47c5: start FollowerState
2019-09-24 18:15:33,742 [4e7f1cb9-4633-45c3-85c0-9982b1655b51@group-10F5C818BAD8:LeaderElection11] INFO  impl.LeaderElection (LeaderElection.java:logAndReturn(56)) - 4e7f1cb9-4633-45c3-85c0-9982b1655b51@group-10F5C818BAD8:LeaderElection11: Election REJECTED; received 1 response(s) [4e7f1cb9-4633-45c3-85c0-9982b1655b51<-13c48e20-7299-470e-92b7-41ff11ac47c5#0:FAIL-t1] and 1 exception(s); 4e7f1cb9-4633-45c3-85c0-9982b1655b51@group-10F5C818BAD8:t1, leader=null, voted=4e7f1cb9-4633-45c3-85c0-9982b1655b51, raftlog=4e7f1cb9-4633-45c3-85c0-9982b1655b51@group-10F5C818BAD8-SegmentedRaftLog:OPENED:c-1,f-1,i0, conf=-1: [13c48e20-7299-470e-92b7-41ff11ac47c5:192.168.36.84:36500, 4e7f1cb9-4633-45c3-85c0-9982b1655b51:192.168.36.84:40637, f5999638-d985-4d9d-a96a-17e8999abea0:192.168.36.84:39819], old=null
2019-09-24 18:15:33,743 [4e7f1cb9-4633-45c3-85c0-9982b1655b51@group-10F5C818BAD8:LeaderElection11] INFO  impl.LeaderElection (LogUtils.java:infoOrTrace(149)) -   Exception 0: {}
java.util.concurrent.ExecutionException: org.apache.ratis.thirdparty.io.grpc.StatusRuntimeException: UNAVAILABLE: io exception
	at java.util.concurrent.FutureTask.report(FutureTask.java:122)
	at java.util.concurrent.FutureTask.get(FutureTask.java:192)
	at org.apache.ratis.server.impl.LeaderElection.waitForResults(LeaderElection.java:263)
	at org.apache.ratis.server.impl.LeaderElection.askForVotes(LeaderElection.java:201)
	at org.apache.ratis.server.impl.LeaderElection.run(LeaderElection.java:133)
	at java.lang.Thread.run(Thread.java:748)
Caused by: org.apache.ratis.thirdparty.io.grpc.StatusRuntimeException: UNAVAILABLE: io exception
	at org.apache.ratis.thirdparty.io.grpc.stub.ClientCalls.toStatusRuntimeException(ClientCalls.java:233)
	at org.apache.ratis.thirdparty.io.grpc.stub.ClientCalls.getUnchecked(ClientCalls.java:214)
	at org.apache.ratis.thirdparty.io.grpc.stub.ClientCalls.blockingUnaryCall(ClientCalls.java:139)
	at org.apache.ratis.proto.grpc.RaftServerProtocolServiceGrpc$RaftServerProtocolServiceBlockingStub.requestVote(RaftServerProtocolServiceGrpc.java:265)
	at org.apache.ratis.grpc.server.GrpcServerProtocolClient.requestVote(GrpcServerProtocolClient.java:90)
	at org.apache.ratis.grpc.server.GrpcService.requestVote(GrpcService.java:204)
	at org.apache.ratis.server.impl.LeaderElection.lambda$submitRequests$1(LeaderElection.java:238)
	at java.util.concurrent.FutureTask.run(FutureTask.java:266)
	at java.util.concurrent.Executors$RunnableAdapter.call(Executors.java:511)
	at java.util.concurrent.FutureTask.run(FutureTask.java:266)
	at java.util.concurrent.ThreadPoolExecutor.runWorker(ThreadPoolExecutor.java:1149)
	at java.util.concurrent.ThreadPoolExecutor$Worker.run(ThreadPoolExecutor.java:624)
	... 1 more
Caused by: org.apache.ratis.thirdparty.io.netty.channel.AbstractChannel$AnnotatedConnectException: Connection refused: /192.168.36.84:39819
	at sun.nio.ch.SocketChannelImpl.checkConnect(Native Method)
	at sun.nio.ch.SocketChannelImpl.finishConnect(SocketChannelImpl.java:717)
	at org.apache.ratis.thirdparty.io.netty.channel.socket.nio.NioSocketChannel.doFinishConnect(NioSocketChannel.java:327)
	at org.apache.ratis.thirdparty.io.netty.channel.nio.AbstractNioChannel$AbstractNioUnsafe.finishConnect(AbstractNioChannel.java:340)
	at org.apache.ratis.thirdparty.io.netty.channel.nio.NioEventLoop.processSelectedKey(NioEventLoop.java:632)
	at org.apache.ratis.thirdparty.io.netty.channel.nio.NioEventLoop.processSelectedKeysOptimized(NioEventLoop.java:579)
	at org.apache.ratis.thirdparty.io.netty.channel.nio.NioEventLoop.processSelectedKeys(NioEventLoop.java:496)
	at org.apache.ratis.thirdparty.io.netty.channel.nio.NioEventLoop.run(NioEventLoop.java:458)
	at org.apache.ratis.thirdparty.io.netty.util.concurrent.SingleThreadEventExecutor$5.run(SingleThreadEventExecutor.java:897)
	at org.apache.ratis.thirdparty.io.netty.util.concurrent.FastThreadLocalRunnable.run(FastThreadLocalRunnable.java:30)
	... 1 more
Caused by: java.net.ConnectException: Connection refused
	... 11 more
2019-09-24 18:15:33,743 [4e7f1cb9-4633-45c3-85c0-9982b1655b51@group-3E08224F9EBD:LeaderElection10] INFO  impl.LeaderElection (LeaderElection.java:logAndReturn(56)) - 4e7f1cb9-4633-45c3-85c0-9982b1655b51@group-3E08224F9EBD:LeaderElection10: Election REJECTED; received 1 response(s) [4e7f1cb9-4633-45c3-85c0-9982b1655b51<-13c48e20-7299-470e-92b7-41ff11ac47c5#0:FAIL-t1] and 1 exception(s); 4e7f1cb9-4633-45c3-85c0-9982b1655b51@group-3E08224F9EBD:t1, leader=null, voted=4e7f1cb9-4633-45c3-85c0-9982b1655b51, raftlog=4e7f1cb9-4633-45c3-85c0-9982b1655b51@group-3E08224F9EBD-SegmentedRaftLog:OPENED:c-1,f-1,i0, conf=-1: [13c48e20-7299-470e-92b7-41ff11ac47c5:192.168.36.84:36500, 4e7f1cb9-4633-45c3-85c0-9982b1655b51:192.168.36.84:40637, f5999638-d985-4d9d-a96a-17e8999abea0:192.168.36.84:39819], old=null
2019-09-24 18:15:33,745 [4e7f1cb9-4633-45c3-85c0-9982b1655b51@group-3E08224F9EBD:LeaderElection10] INFO  impl.LeaderElection (LogUtils.java:infoOrTrace(149)) -   Exception 0: {}
java.util.concurrent.ExecutionException: org.apache.ratis.thirdparty.io.grpc.StatusRuntimeException: UNAVAILABLE: io exception
	at java.util.concurrent.FutureTask.report(FutureTask.java:122)
	at java.util.concurrent.FutureTask.get(FutureTask.java:192)
	at org.apache.ratis.server.impl.LeaderElection.waitForResults(LeaderElection.java:263)
	at org.apache.ratis.server.impl.LeaderElection.askForVotes(LeaderElection.java:201)
	at org.apache.ratis.server.impl.LeaderElection.run(LeaderElection.java:133)
	at java.lang.Thread.run(Thread.java:748)
Caused by: org.apache.ratis.thirdparty.io.grpc.StatusRuntimeException: UNAVAILABLE: io exception
	at org.apache.ratis.thirdparty.io.grpc.stub.ClientCalls.toStatusRuntimeException(ClientCalls.java:233)
	at org.apache.ratis.thirdparty.io.grpc.stub.ClientCalls.getUnchecked(ClientCalls.java:214)
	at org.apache.ratis.thirdparty.io.grpc.stub.ClientCalls.blockingUnaryCall(ClientCalls.java:139)
	at org.apache.ratis.proto.grpc.RaftServerProtocolServiceGrpc$RaftServerProtocolServiceBlockingStub.requestVote(RaftServerProtocolServiceGrpc.java:265)
	at org.apache.ratis.grpc.server.GrpcServerProtocolClient.requestVote(GrpcServerProtocolClient.java:90)
	at org.apache.ratis.grpc.server.GrpcService.requestVote(GrpcService.java:204)
	at org.apache.ratis.server.impl.LeaderElection.lambda$submitRequests$1(LeaderElection.java:238)
	at java.util.concurrent.FutureTask.run(FutureTask.java:266)
	at java.util.concurrent.Executors$RunnableAdapter.call(Executors.java:511)
	at java.util.concurrent.FutureTask.run(FutureTask.java:266)
	at java.util.concurrent.ThreadPoolExecutor.runWorker(ThreadPoolExecutor.java:1149)
	at java.util.concurrent.ThreadPoolExecutor$Worker.run(ThreadPoolExecutor.java:624)
	... 1 more
Caused by: org.apache.ratis.thirdparty.io.netty.channel.AbstractChannel$AnnotatedConnectException: Connection refused: /192.168.36.84:39819
	at sun.nio.ch.SocketChannelImpl.checkConnect(Native Method)
	at sun.nio.ch.SocketChannelImpl.finishConnect(SocketChannelImpl.java:717)
	at org.apache.ratis.thirdparty.io.netty.channel.socket.nio.NioSocketChannel.doFinishConnect(NioSocketChannel.java:327)
	at org.apache.ratis.thirdparty.io.netty.channel.nio.AbstractNioChannel$AbstractNioUnsafe.finishConnect(AbstractNioChannel.java:340)
	at org.apache.ratis.thirdparty.io.netty.channel.nio.NioEventLoop.processSelectedKey(NioEventLoop.java:632)
	at org.apache.ratis.thirdparty.io.netty.channel.nio.NioEventLoop.processSelectedKeysOptimized(NioEventLoop.java:579)
	at org.apache.ratis.thirdparty.io.netty.channel.nio.NioEventLoop.processSelectedKeys(NioEventLoop.java:496)
	at org.apache.ratis.thirdparty.io.netty.channel.nio.NioEventLoop.run(NioEventLoop.java:458)
	at org.apache.ratis.thirdparty.io.netty.util.concurrent.SingleThreadEventExecutor$5.run(SingleThreadEventExecutor.java:897)
	at org.apache.ratis.thirdparty.io.netty.util.concurrent.FastThreadLocalRunnable.run(FastThreadLocalRunnable.java:30)
	... 1 more
Caused by: java.net.ConnectException: Connection refused
	... 11 more
2019-09-24 18:15:33,745 [4e7f1cb9-4633-45c3-85c0-9982b1655b51@group-10F5C818BAD8:LeaderElection11] INFO  impl.RaftServerImpl (RaftServerImpl.java:setRole(174)) - 4e7f1cb9-4633-45c3-85c0-9982b1655b51@group-10F5C818BAD8: changes role from CANDIDATE to FOLLOWER at term 1 for DISCOVERED_A_NEW_TERM
2019-09-24 18:15:33,746 [4e7f1cb9-4633-45c3-85c0-9982b1655b51@group-3E08224F9EBD:LeaderElection10] INFO  impl.RaftServerImpl (RaftServerImpl.java:setRole(174)) - 4e7f1cb9-4633-45c3-85c0-9982b1655b51@group-3E08224F9EBD: changes role from CANDIDATE to FOLLOWER at term 1 for DISCOVERED_A_NEW_TERM
2019-09-24 18:15:33,747 [4e7f1cb9-4633-45c3-85c0-9982b1655b51@group-10F5C818BAD8:LeaderElection11] INFO  impl.RoleInfo (RoleInfo.java:shutdownLeaderElection(134)) - 4e7f1cb9-4633-45c3-85c0-9982b1655b51: shutdown LeaderElection
2019-09-24 18:15:33,747 [4e7f1cb9-4633-45c3-85c0-9982b1655b51@group-3E08224F9EBD:LeaderElection10] INFO  impl.RoleInfo (RoleInfo.java:shutdownLeaderElection(134)) - 4e7f1cb9-4633-45c3-85c0-9982b1655b51: shutdown LeaderElection
2019-09-24 18:15:33,747 [4e7f1cb9-4633-45c3-85c0-9982b1655b51@group-10F5C818BAD8:LeaderElection11] INFO  impl.RoleInfo (RoleInfo.java:updateAndGet(143)) - 4e7f1cb9-4633-45c3-85c0-9982b1655b51: start FollowerState
2019-09-24 18:15:33,747 [4e7f1cb9-4633-45c3-85c0-9982b1655b51@group-3E08224F9EBD:LeaderElection10] INFO  impl.RoleInfo (RoleInfo.java:updateAndGet(143)) - 4e7f1cb9-4633-45c3-85c0-9982b1655b51: start FollowerState
2019-09-24 18:15:33,994 [Datanode State Machine Thread - 0] INFO  statemachine.DatanodeStateMachine (DatanodeStateMachine.java:lambda$startDaemon$0(350)) - Ozone container server started.
2019-09-24 18:15:37,030 [ForkJoinPool.commonPool-worker-1] INFO  ozoneimpl.OzoneContainer (OzoneContainer.java:stop(231)) - Attempting to stop container services.
2019-09-24 18:15:37,030 [ForkJoinPool.commonPool-worker-1] INFO  impl.RaftServerProxy (RaftServerProxy.java:lambda$close$4(314)) - 4e7f1cb9-4633-45c3-85c0-9982b1655b51: close
2019-09-24 18:15:37,031 [ForkJoinPool.commonPool-worker-1] INFO  impl.RaftServerImpl (RaftServerImpl.java:lambda$shutdown$3(251)) - 4e7f1cb9-4633-45c3-85c0-9982b1655b51@group-10770B4EF652: shutdown
2019-09-24 18:15:37,031 [ForkJoinPool.commonPool-worker-1] INFO  util.JmxRegister (JmxRegister.java:unregister(73)) - Successfully un-registered JMX Bean with object name Ratis:service=RaftServer,group=group-10770B4EF652,id=4e7f1cb9-4633-45c3-85c0-9982b1655b51
2019-09-24 18:15:37,032 [ForkJoinPool.commonPool-worker-1] INFO  impl.RoleInfo (RoleInfo.java:shutdownLeaderState(104)) - 4e7f1cb9-4633-45c3-85c0-9982b1655b51: shutdown LeaderState
2019-09-24 18:15:37,034 [ForkJoinPool.commonPool-worker-1] INFO  impl.PendingRequests (PendingRequests.java:sendNotLeaderResponses(202)) - 4e7f1cb9-4633-45c3-85c0-9982b1655b51-PendingRequests: sendNotLeaderResponses
2019-09-24 18:15:37,036 [ForkJoinPool.commonPool-worker-1] INFO  impl.StateMachineUpdater (StateMachineUpdater.java:stopAndJoin(125)) - 4e7f1cb9-4633-45c3-85c0-9982b1655b51@group-10770B4EF652-StateMachineUpdater: set stopIndex = 0
2019-09-24 18:15:37,039 [ForkJoinPool.commonPool-worker-1] INFO  impl.RaftServerImpl (ServerState.java:close(385)) - 4e7f1cb9-4633-45c3-85c0-9982b1655b51@group-10770B4EF652: closes. applyIndex: 0
2019-09-24 18:15:37,039 [4e7f1cb9-4633-45c3-85c0-9982b1655b51@group-10770B4EF652-SegmentedRaftLogWorker] INFO  segmented.SegmentedRaftLogWorker (SegmentedRaftLogWorker.java:run(313)) - 4e7f1cb9-4633-45c3-85c0-9982b1655b51@group-10770B4EF652-SegmentedRaftLogWorker was interrupted, exiting. There are 0 tasks remaining in the queue.
2019-09-24 18:15:37,041 [ForkJoinPool.commonPool-worker-1] INFO  segmented.SegmentedRaftLogWorker (SegmentedRaftLogWorker.java:close(228)) - 4e7f1cb9-4633-45c3-85c0-9982b1655b51@group-10770B4EF652-SegmentedRaftLogWorker close()
2019-09-24 18:15:37,043 [ForkJoinPool.commonPool-worker-1] INFO  impl.RaftServerImpl (RaftServerImpl.java:lambda$shutdown$3(251)) - 4e7f1cb9-4633-45c3-85c0-9982b1655b51@group-465B7FBD215B: shutdown
2019-09-24 18:15:37,043 [ForkJoinPool.commonPool-worker-1] INFO  util.JmxRegister (JmxRegister.java:unregister(73)) - Successfully un-registered JMX Bean with object name Ratis:service=RaftServer,group=group-465B7FBD215B,id=4e7f1cb9-4633-45c3-85c0-9982b1655b51
2019-09-24 18:15:37,044 [ForkJoinPool.commonPool-worker-1] INFO  impl.RoleInfo (RoleInfo.java:shutdownFollowerState(121)) - 4e7f1cb9-4633-45c3-85c0-9982b1655b51: shutdown FollowerState
2019-09-24 18:15:37,044 [ForkJoinPool.commonPool-worker-1] INFO  impl.StateMachineUpdater (StateMachineUpdater.java:stopAndJoin(125)) - 4e7f1cb9-4633-45c3-85c0-9982b1655b51@group-465B7FBD215B-StateMachineUpdater: set stopIndex = -1
2019-09-24 18:15:37,044 [Thread-314] INFO  impl.FollowerState (FollowerState.java:run(115)) - 4e7f1cb9-4633-45c3-85c0-9982b1655b51: FollowerState was interrupted: java.lang.InterruptedException: sleep interrupted
2019-09-24 18:15:37,045 [ForkJoinPool.commonPool-worker-1] INFO  impl.RaftServerImpl (ServerState.java:close(385)) - 4e7f1cb9-4633-45c3-85c0-9982b1655b51@group-465B7FBD215B: closes. applyIndex: -1
2019-09-24 18:15:37,047 [4e7f1cb9-4633-45c3-85c0-9982b1655b51@group-465B7FBD215B-SegmentedRaftLogWorker] INFO  segmented.SegmentedRaftLogWorker (SegmentedRaftLogWorker.java:run(313)) - 4e7f1cb9-4633-45c3-85c0-9982b1655b51@group-465B7FBD215B-SegmentedRaftLogWorker was interrupted, exiting. There are 0 tasks remaining in the queue.
2019-09-24 18:15:37,047 [ForkJoinPool.commonPool-worker-1] INFO  segmented.SegmentedRaftLogWorker (SegmentedRaftLogWorker.java:close(228)) - 4e7f1cb9-4633-45c3-85c0-9982b1655b51@group-465B7FBD215B-SegmentedRaftLogWorker close()
2019-09-24 18:15:37,049 [ForkJoinPool.commonPool-worker-1] INFO  impl.RaftServerImpl (RaftServerImpl.java:lambda$shutdown$3(251)) - 4e7f1cb9-4633-45c3-85c0-9982b1655b51@group-E6ED2CFAD2B4: shutdown
2019-09-24 18:15:37,050 [ForkJoinPool.commonPool-worker-1] INFO  util.JmxRegister (JmxRegister.java:unregister(73)) - Successfully un-registered JMX Bean with object name Ratis:service=RaftServer,group=group-E6ED2CFAD2B4,id=4e7f1cb9-4633-45c3-85c0-9982b1655b51
2019-09-24 18:15:37,050 [ForkJoinPool.commonPool-worker-1] INFO  impl.RoleInfo (RoleInfo.java:shutdownLeaderState(104)) - 4e7f1cb9-4633-45c3-85c0-9982b1655b51: shutdown LeaderState
2019-09-24 18:15:37,050 [ForkJoinPool.commonPool-worker-1] INFO  impl.PendingRequests (PendingRequests.java:sendNotLeaderResponses(202)) - 4e7f1cb9-4633-45c3-85c0-9982b1655b51-PendingRequests: sendNotLeaderResponses
2019-09-24 18:15:37,050 [ForkJoinPool.commonPool-worker-1] INFO  impl.StateMachineUpdater (StateMachineUpdater.java:stopAndJoin(125)) - 4e7f1cb9-4633-45c3-85c0-9982b1655b51@group-E6ED2CFAD2B4-StateMachineUpdater: set stopIndex = 0
2019-09-24 18:15:37,051 [ForkJoinPool.commonPool-worker-1] INFO  impl.RaftServerImpl (ServerState.java:close(385)) - 4e7f1cb9-4633-45c3-85c0-9982b1655b51@group-E6ED2CFAD2B4: closes. applyIndex: 0
2019-09-24 18:15:37,051 [4e7f1cb9-4633-45c3-85c0-9982b1655b51@group-E6ED2CFAD2B4-SegmentedRaftLogWorker] INFO  segmented.SegmentedRaftLogWorker (SegmentedRaftLogWorker.java:run(313)) - 4e7f1cb9-4633-45c3-85c0-9982b1655b51@group-E6ED2CFAD2B4-SegmentedRaftLogWorker was interrupted, exiting. There are 0 tasks remaining in the queue.
2019-09-24 18:15:37,053 [ForkJoinPool.commonPool-worker-1] INFO  segmented.SegmentedRaftLogWorker (SegmentedRaftLogWorker.java:close(228)) - 4e7f1cb9-4633-45c3-85c0-9982b1655b51@group-E6ED2CFAD2B4-SegmentedRaftLogWorker close()
2019-09-24 18:15:37,055 [ForkJoinPool.commonPool-worker-1] INFO  impl.RaftServerImpl (RaftServerImpl.java:lambda$shutdown$3(251)) - 4e7f1cb9-4633-45c3-85c0-9982b1655b51@group-10F5C818BAD8: shutdown
2019-09-24 18:15:37,055 [ForkJoinPool.commonPool-worker-1] INFO  util.JmxRegister (JmxRegister.java:unregister(73)) - Successfully un-registered JMX Bean with object name Ratis:service=RaftServer,group=group-10F5C818BAD8,id=4e7f1cb9-4633-45c3-85c0-9982b1655b51
2019-09-24 18:15:37,055 [ForkJoinPool.commonPool-worker-1] INFO  impl.RoleInfo (RoleInfo.java:shutdownFollowerState(121)) - 4e7f1cb9-4633-45c3-85c0-9982b1655b51: shutdown FollowerState
2019-09-24 18:15:37,055 [ForkJoinPool.commonPool-worker-1] INFO  impl.StateMachineUpdater (StateMachineUpdater.java:stopAndJoin(125)) - 4e7f1cb9-4633-45c3-85c0-9982b1655b51@group-10F5C818BAD8-StateMachineUpdater: set stopIndex = -1
2019-09-24 18:15:37,056 [ForkJoinPool.commonPool-worker-1] INFO  impl.RaftServerImpl (ServerState.java:close(385)) - 4e7f1cb9-4633-45c3-85c0-9982b1655b51@group-10F5C818BAD8: closes. applyIndex: -1
2019-09-24 18:15:37,056 [Thread-318] INFO  impl.FollowerState (FollowerState.java:run(115)) - 4e7f1cb9-4633-45c3-85c0-9982b1655b51: FollowerState was interrupted: java.lang.InterruptedException: sleep interrupted
2019-09-24 18:15:37,056 [4e7f1cb9-4633-45c3-85c0-9982b1655b51@group-10F5C818BAD8-SegmentedRaftLogWorker] INFO  segmented.SegmentedRaftLogWorker (SegmentedRaftLogWorker.java:run(313)) - 4e7f1cb9-4633-45c3-85c0-9982b1655b51@group-10F5C818BAD8-SegmentedRaftLogWorker was interrupted, exiting. There are 0 tasks remaining in the queue.
2019-09-24 18:15:37,057 [ForkJoinPool.commonPool-worker-1] INFO  segmented.SegmentedRaftLogWorker (SegmentedRaftLogWorker.java:close(228)) - 4e7f1cb9-4633-45c3-85c0-9982b1655b51@group-10F5C818BAD8-SegmentedRaftLogWorker close()
2019-09-24 18:15:37,059 [ForkJoinPool.commonPool-worker-1] INFO  impl.RaftServerImpl (RaftServerImpl.java:lambda$shutdown$3(251)) - 4e7f1cb9-4633-45c3-85c0-9982b1655b51@group-3E08224F9EBD: shutdown
2019-09-24 18:15:37,060 [ForkJoinPool.commonPool-worker-1] INFO  util.JmxRegister (JmxRegister.java:unregister(73)) - Successfully un-registered JMX Bean with object name Ratis:service=RaftServer,group=group-3E08224F9EBD,id=4e7f1cb9-4633-45c3-85c0-9982b1655b51
2019-09-24 18:15:37,060 [ForkJoinPool.commonPool-worker-1] INFO  impl.RoleInfo (RoleInfo.java:shutdownFollowerState(121)) - 4e7f1cb9-4633-45c3-85c0-9982b1655b51: shutdown FollowerState
2019-09-24 18:15:37,060 [ForkJoinPool.commonPool-worker-1] INFO  impl.StateMachineUpdater (StateMachineUpdater.java:stopAndJoin(125)) - 4e7f1cb9-4633-45c3-85c0-9982b1655b51@group-3E08224F9EBD-StateMachineUpdater: set stopIndex = -1
2019-09-24 18:15:37,060 [Thread-319] INFO  impl.FollowerState (FollowerState.java:run(115)) - 4e7f1cb9-4633-45c3-85c0-9982b1655b51: FollowerState was interrupted: java.lang.InterruptedException: sleep interrupted
2019-09-24 18:15:37,060 [ForkJoinPool.commonPool-worker-1] INFO  impl.RaftServerImpl (ServerState.java:close(385)) - 4e7f1cb9-4633-45c3-85c0-9982b1655b51@group-3E08224F9EBD: closes. applyIndex: -1
2019-09-24 18:15:37,062 [4e7f1cb9-4633-45c3-85c0-9982b1655b51@group-3E08224F9EBD-SegmentedRaftLogWorker] INFO  segmented.SegmentedRaftLogWorker (SegmentedRaftLogWorker.java:run(313)) - 4e7f1cb9-4633-45c3-85c0-9982b1655b51@group-3E08224F9EBD-SegmentedRaftLogWorker was interrupted, exiting. There are 0 tasks remaining in the queue.
2019-09-24 18:15:37,062 [ForkJoinPool.commonPool-worker-1] INFO  segmented.SegmentedRaftLogWorker (SegmentedRaftLogWorker.java:close(228)) - 4e7f1cb9-4633-45c3-85c0-9982b1655b51@group-3E08224F9EBD-SegmentedRaftLogWorker close()
2019-09-24 18:15:37,064 [ForkJoinPool.commonPool-worker-1] INFO  server.GrpcService (GrpcService.java:closeImpl(164)) - 4e7f1cb9-4633-45c3-85c0-9982b1655b51: shutdown server with port 40637 now
2019-09-24 18:15:37,066 [ForkJoinPool.commonPool-worker-1] INFO  server.GrpcService (GrpcService.java:closeImpl(172)) - 4e7f1cb9-4633-45c3-85c0-9982b1655b51: shutdown server with port 40637 successfully
2019-09-24 18:15:37,072 [refreshUsed-/workdir/hadoop-ozone/integration-test/target/test-dir/MiniOzoneClusterImpl-4070120b-f2bf-49a1-ba82-0323cc680d8e/datanode-0/data/containers] WARN  fs.CachingGetSpaceUsed (CachingGetSpaceUsed.java:run(183)) - Thread Interrupted waiting to refresh disk information: sleep interrupted
2019-09-24 18:15:37,089 [ForkJoinPool.commonPool-worker-1] INFO  utils.BackgroundService (BackgroundService.java:shutdown(148)) - Shutting down service BlockDeletingService
2019-09-24 18:15:37,092 [ForkJoinPool.commonPool-worker-1] INFO  statemachine.DatanodeStateMachine (DatanodeStateMachine.java:stopDaemon(395)) - Ozone container server stopped.
2019-09-24 18:15:37,095 [ForkJoinPool.commonPool-worker-1] INFO  handler.ContextHandler (ContextHandler.java:doStop(910)) - Stopped o.e.j.w.WebAppContext@255eaa6b{/,null,UNAVAILABLE}{/hddsDatanode}
2019-09-24 18:15:37,096 [ForkJoinPool.commonPool-worker-1] INFO  server.AbstractConnector (AbstractConnector.java:doStop(318)) - Stopped ServerConnector@476fe690{HTTP/1.1,[http/1.1]}{0.0.0.0:0}
2019-09-24 18:15:37,097 [ForkJoinPool.commonPool-worker-1] INFO  handler.ContextHandler (ContextHandler.java:doStop(910)) - Stopped o.e.j.s.ServletContextHandler@46c269e0{/static,jar:file:/home/user/.m2/repository/org/apache/hadoop/hadoop-hdds-container-service/0.5.0-SNAPSHOT/hadoop-hdds-container-service-0.5.0-SNAPSHOT.jar!/webapps/static,UNAVAILABLE}
2019-09-24 18:15:37,098 [ForkJoinPool.commonPool-worker-1] INFO  handler.ContextHandler (ContextHandler.java:doStop(910)) - Stopped o.e.j.s.ServletContextHandler@262816a8{/logs,file:///workdir/hadoop-ozone/integration-test/target/log,UNAVAILABLE}
2019-09-24 18:15:37,888 [Datanode State Machine Thread - 0] INFO  statemachine.DatanodeStateMachine (DatanodeStateMachine.java:lambda$startDaemon$0(350)) - Ozone container server started.
2019-09-24 18:15:38,125 [main] INFO  ozoneimpl.OzoneContainer (OzoneContainer.java:stop(231)) - Attempting to stop container services.
2019-09-24 18:15:38,126 [main] INFO  impl.RaftServerProxy (RaftServerProxy.java:lambda$close$4(314)) - 13c48e20-7299-470e-92b7-41ff11ac47c5: close
2019-09-24 18:15:38,126 [main] INFO  impl.RaftServerImpl (RaftServerImpl.java:lambda$shutdown$3(251)) - 13c48e20-7299-470e-92b7-41ff11ac47c5@group-465B7FBD215B: shutdown
2019-09-24 18:15:38,127 [main] INFO  util.JmxRegister (JmxRegister.java:unregister(73)) - Successfully un-registered JMX Bean with object name Ratis:service=RaftServer,group=group-465B7FBD215B,id=13c48e20-7299-470e-92b7-41ff11ac47c5
2019-09-24 18:15:38,127 [main] INFO  impl.RoleInfo (RoleInfo.java:shutdownFollowerState(121)) - 13c48e20-7299-470e-92b7-41ff11ac47c5: shutdown FollowerState
2019-09-24 18:15:38,128 [main] INFO  impl.StateMachineUpdater (StateMachineUpdater.java:stopAndJoin(125)) - 13c48e20-7299-470e-92b7-41ff11ac47c5@group-465B7FBD215B-StateMachineUpdater: set stopIndex = -1
2019-09-24 18:15:38,128 [Thread-317] INFO  impl.FollowerState (FollowerState.java:run(115)) - 13c48e20-7299-470e-92b7-41ff11ac47c5: FollowerState was interrupted: java.lang.InterruptedException: sleep interrupted
2019-09-24 18:15:38,128 [main] INFO  impl.RaftServerImpl (ServerState.java:close(385)) - 13c48e20-7299-470e-92b7-41ff11ac47c5@group-465B7FBD215B: closes. applyIndex: -1
2019-09-24 18:15:38,130 [13c48e20-7299-470e-92b7-41ff11ac47c5@group-465B7FBD215B-SegmentedRaftLogWorker] INFO  segmented.SegmentedRaftLogWorker (SegmentedRaftLogWorker.java:run(313)) - 13c48e20-7299-470e-92b7-41ff11ac47c5@group-465B7FBD215B-SegmentedRaftLogWorker was interrupted, exiting. There are 0 tasks remaining in the queue.
2019-09-24 18:15:38,130 [main] INFO  segmented.SegmentedRaftLogWorker (SegmentedRaftLogWorker.java:close(228)) - 13c48e20-7299-470e-92b7-41ff11ac47c5@group-465B7FBD215B-SegmentedRaftLogWorker close()
2019-09-24 18:15:38,133 [main] INFO  impl.RaftServerImpl (RaftServerImpl.java:lambda$shutdown$3(251)) - 13c48e20-7299-470e-92b7-41ff11ac47c5@group-10F5C818BAD8: shutdown
2019-09-24 18:15:38,134 [main] INFO  util.JmxRegister (JmxRegister.java:unregister(73)) - Successfully un-registered JMX Bean with object name Ratis:service=RaftServer,group=group-10F5C818BAD8,id=13c48e20-7299-470e-92b7-41ff11ac47c5
2019-09-24 18:15:38,134 [main] INFO  impl.RoleInfo (RoleInfo.java:shutdownFollowerState(121)) - 13c48e20-7299-470e-92b7-41ff11ac47c5: shutdown FollowerState
2019-09-24 18:15:38,135 [main] INFO  impl.StateMachineUpdater (StateMachineUpdater.java:stopAndJoin(125)) - 13c48e20-7299-470e-92b7-41ff11ac47c5@group-10F5C818BAD8-StateMachineUpdater: set stopIndex = -1
2019-09-24 18:15:38,135 [Thread-316] INFO  impl.FollowerState (FollowerState.java:run(115)) - 13c48e20-7299-470e-92b7-41ff11ac47c5: FollowerState was interrupted: java.lang.InterruptedException: sleep interrupted
2019-09-24 18:15:38,135 [main] INFO  impl.RaftServerImpl (ServerState.java:close(385)) - 13c48e20-7299-470e-92b7-41ff11ac47c5@group-10F5C818BAD8: closes. applyIndex: -1
2019-09-24 18:15:38,137 [13c48e20-7299-470e-92b7-41ff11ac47c5@group-10F5C818BAD8-SegmentedRaftLogWorker] INFO  segmented.SegmentedRaftLogWorker (SegmentedRaftLogWorker.java:run(313)) - 13c48e20-7299-470e-92b7-41ff11ac47c5@group-10F5C818BAD8-SegmentedRaftLogWorker was interrupted, exiting. There are 0 tasks remaining in the queue.
2019-09-24 18:15:38,137 [main] INFO  segmented.SegmentedRaftLogWorker (SegmentedRaftLogWorker.java:close(228)) - 13c48e20-7299-470e-92b7-41ff11ac47c5@group-10F5C818BAD8-SegmentedRaftLogWorker close()
2019-09-24 18:15:38,140 [main] INFO  impl.RaftServerImpl (RaftServerImpl.java:lambda$shutdown$3(251)) - 13c48e20-7299-470e-92b7-41ff11ac47c5@group-3E08224F9EBD: shutdown
2019-09-24 18:15:38,140 [main] INFO  util.JmxRegister (JmxRegister.java:unregister(73)) - Successfully un-registered JMX Bean with object name Ratis:service=RaftServer,group=group-3E08224F9EBD,id=13c48e20-7299-470e-92b7-41ff11ac47c5
2019-09-24 18:15:38,141 [main] INFO  impl.RoleInfo (RoleInfo.java:shutdownFollowerState(121)) - 13c48e20-7299-470e-92b7-41ff11ac47c5: shutdown FollowerState
2019-09-24 18:15:38,141 [main] INFO  impl.StateMachineUpdater (StateMachineUpdater.java:stopAndJoin(125)) - 13c48e20-7299-470e-92b7-41ff11ac47c5@group-3E08224F9EBD-StateMachineUpdater: set stopIndex = -1
2019-09-24 18:15:38,141 [Thread-315] INFO  impl.FollowerState (FollowerState.java:run(115)) - 13c48e20-7299-470e-92b7-41ff11ac47c5: FollowerState was interrupted: java.lang.InterruptedException: sleep interrupted
2019-09-24 18:15:38,142 [main] INFO  impl.RaftServerImpl (ServerState.java:close(385)) - 13c48e20-7299-470e-92b7-41ff11ac47c5@group-3E08224F9EBD: closes. applyIndex: -1
2019-09-24 18:15:38,146 [13c48e20-7299-470e-92b7-41ff11ac47c5@group-3E08224F9EBD-SegmentedRaftLogWorker] INFO  segmented.SegmentedRaftLogWorker (SegmentedRaftLogWorker.java:run(313)) - 13c48e20-7299-470e-92b7-41ff11ac47c5@group-3E08224F9EBD-SegmentedRaftLogWorker was interrupted, exiting. There are 0 tasks remaining in the queue.
2019-09-24 18:15:38,146 [main] INFO  segmented.SegmentedRaftLogWorker (SegmentedRaftLogWorker.java:close(228)) - 13c48e20-7299-470e-92b7-41ff11ac47c5@group-3E08224F9EBD-SegmentedRaftLogWorker close()
2019-09-24 18:15:38,149 [main] INFO  server.GrpcService (GrpcService.java:closeImpl(164)) - 13c48e20-7299-470e-92b7-41ff11ac47c5: shutdown server with port 36500 now
2019-09-24 18:15:38,152 [main] INFO  server.GrpcService (GrpcService.java:closeImpl(172)) - 13c48e20-7299-470e-92b7-41ff11ac47c5: shutdown server with port 36500 successfully
2019-09-24 18:15:38,154 [refreshUsed-/workdir/hadoop-ozone/integration-test/target/test-dir/MiniOzoneClusterImpl-4070120b-f2bf-49a1-ba82-0323cc680d8e/datanode-6/data/containers] WARN  fs.CachingGetSpaceUsed (CachingGetSpaceUsed.java:run(183)) - Thread Interrupted waiting to refresh disk information: sleep interrupted
2019-09-24 18:15:38,175 [main] INFO  utils.BackgroundService (BackgroundService.java:shutdown(148)) - Shutting down service BlockDeletingService
2019-09-24 18:15:38,178 [main] INFO  statemachine.DatanodeStateMachine (DatanodeStateMachine.java:stopDaemon(395)) - Ozone container server stopped.
2019-09-24 18:15:38,179 [main] INFO  handler.ContextHandler (ContextHandler.java:doStop(910)) - Stopped o.e.j.w.WebAppContext@a2341c6{/,null,UNAVAILABLE}{/hddsDatanode}
2019-09-24 18:15:38,180 [main] INFO  server.AbstractConnector (AbstractConnector.java:doStop(318)) - Stopped ServerConnector@6e4c0d8c{HTTP/1.1,[http/1.1]}{0.0.0.0:0}
2019-09-24 18:15:38,181 [main] INFO  handler.ContextHandler (ContextHandler.java:doStop(910)) - Stopped o.e.j.s.ServletContextHandler@67514bdd{/static,jar:file:/home/user/.m2/repository/org/apache/hadoop/hadoop-hdds-container-service/0.5.0-SNAPSHOT/hadoop-hdds-container-service-0.5.0-SNAPSHOT.jar!/webapps/static,UNAVAILABLE}
2019-09-24 18:15:38,181 [main] INFO  handler.ContextHandler (ContextHandler.java:doStop(910)) - Stopped o.e.j.s.ServletContextHandler@173a6728{/logs,file:///workdir/hadoop-ozone/integration-test/target/log,UNAVAILABLE}
2019-09-24 18:15:42,101 [ForkJoinPool.commonPool-worker-1] INFO  ozoneimpl.OzoneContainer (OzoneContainer.java:stop(231)) - Attempting to stop container services.
2019-09-24 18:15:42,102 [ForkJoinPool.commonPool-worker-1] INFO  impl.RaftServerProxy (RaftServerProxy.java:lambda$close$4(314)) - 466a6b73-fad2-4476-8967-aa2af3d698c3: close
2019-09-24 18:15:42,102 [ForkJoinPool.commonPool-worker-1] INFO  server.GrpcService (GrpcService.java:closeImpl(164)) - 466a6b73-fad2-4476-8967-aa2af3d698c3: shutdown server with port 45566 now
2019-09-24 18:15:42,103 [ForkJoinPool.commonPool-worker-1] INFO  server.GrpcService (GrpcService.java:closeImpl(172)) - 466a6b73-fad2-4476-8967-aa2af3d698c3: shutdown server with port 45566 successfully
2019-09-24 18:15:42,118 [refreshUsed-/workdir/hadoop-ozone/integration-test/target/test-dir/MiniOzoneClusterImpl-4070120b-f2bf-49a1-ba82-0323cc680d8e/datanode-5/data/containers] WARN  fs.CachingGetSpaceUsed (CachingGetSpaceUsed.java:run(183)) - Thread Interrupted waiting to refresh disk information: sleep interrupted
2019-09-24 18:15:42,140 [ForkJoinPool.commonPool-worker-1] INFO  utils.BackgroundService (BackgroundService.java:shutdown(148)) - Shutting down service BlockDeletingService
2019-09-24 18:15:42,143 [ForkJoinPool.commonPool-worker-1] INFO  statemachine.DatanodeStateMachine (DatanodeStateMachine.java:stopDaemon(395)) - Ozone container server stopped.
2019-09-24 18:15:42,158 [ForkJoinPool.commonPool-worker-1] INFO  handler.ContextHandler (ContextHandler.java:doStop(910)) - Stopped o.e.j.w.WebAppContext@74fab04a{/,null,UNAVAILABLE}{/hddsDatanode}
2019-09-24 18:15:42,159 [ForkJoinPool.commonPool-worker-1] INFO  server.AbstractConnector (AbstractConnector.java:doStop(318)) - Stopped ServerConnector@3c83468e{HTTP/1.1,[http/1.1]}{0.0.0.0:0}
2019-09-24 18:15:42,160 [ForkJoinPool.commonPool-worker-1] INFO  handler.ContextHandler (ContextHandler.java:doStop(910)) - Stopped o.e.j.s.ServletContextHandler@4596f8f3{/static,jar:file:/home/user/.m2/repository/org/apache/hadoop/hadoop-hdds-container-service/0.5.0-SNAPSHOT/hadoop-hdds-container-service-0.5.0-SNAPSHOT.jar!/webapps/static,UNAVAILABLE}
2019-09-24 18:15:42,161 [ForkJoinPool.commonPool-worker-1] INFO  handler.ContextHandler (ContextHandler.java:doStop(910)) - Stopped o.e.j.s.ServletContextHandler@3a66e67e{/logs,file:///workdir/hadoop-ozone/integration-test/target/log,UNAVAILABLE}
2019-09-24 18:15:42,162 [main] INFO  ozone.MiniOzoneClusterImpl (MiniOzoneClusterImpl.java:stopSCM(392)) - Stopping the StorageContainerManager
2019-09-24 18:15:42,163 [main] INFO  server.StorageContainerManager (StorageContainerManager.java:stop(808)) - Stopping Replication Manager Service.
2019-09-24 18:15:42,163 [main] INFO  container.ReplicationManager (ReplicationManager.java:stop(203)) - Stopping Replication Monitor Thread.
2019-09-24 18:15:42,163 [main] INFO  server.StorageContainerManager (StorageContainerManager.java:stop(815)) - Stopping Lease Manager of the command watchers
2019-09-24 18:15:42,164 [main] INFO  server.StorageContainerManager (StorageContainerManager.java:stop(822)) - Stopping datanode service RPC server
2019-09-24 18:15:42,164 [main] INFO  server.SCMDatanodeProtocolServer (SCMDatanodeProtocolServer.java:stop(367)) - Stopping the RPC server for DataNodes
2019-09-24 18:15:42,164 [main] INFO  ipc.Server (Server.java:stop(3082)) - Stopping server on 45301
2019-09-24 18:15:42,166 [IPC Server listener on 45301] INFO  ipc.Server (Server.java:run(1185)) - Stopping IPC Server listener on 45301
2019-09-24 18:15:42,168 [IPC Server Responder] INFO  ipc.Server (Server.java:run(1319)) - Stopping IPC Server Responder
2019-09-24 18:15:42,196 [SCM Heartbeat Processing Thread - 0] WARN  node.NodeStateManager (NodeStateManager.java:scheduleNextHealthCheck(646)) - Current Thread is interrupted, shutting down HB processing thread for Node Manager.
2019-09-24 18:15:42,196 [main] INFO  server.StorageContainerManager (StorageContainerManager.java:stop(830)) - Stopping block service RPC server
2019-09-24 18:15:42,196 [main] INFO  server.SCMBlockProtocolServer (SCMBlockProtocolServer.java:stop(155)) - Stopping the RPC server for Block Protocol
2019-09-24 18:15:42,197 [main] INFO  ipc.Server (Server.java:stop(3082)) - Stopping server on 44681
2019-09-24 18:15:42,200 [IPC Server listener on 44681] INFO  ipc.Server (Server.java:run(1185)) - Stopping IPC Server listener on 44681
2019-09-24 18:15:42,201 [main] INFO  server.StorageContainerManager (StorageContainerManager.java:stop(837)) - Stopping the StorageContainerLocationProtocol RPC server
2019-09-24 18:15:42,201 [IPC Server Responder] INFO  ipc.Server (Server.java:run(1319)) - Stopping IPC Server Responder
2019-09-24 18:15:42,202 [main] INFO  server.SCMClientProtocolServer (SCMClientProtocolServer.java:stop(159)) - Stopping the RPC server for Client Protocol
2019-09-24 18:15:42,202 [main] INFO  ipc.Server (Server.java:stop(3082)) - Stopping server on 42792
2019-09-24 18:15:42,205 [IPC Server listener on 42792] INFO  ipc.Server (Server.java:run(1185)) - Stopping IPC Server listener on 42792
2019-09-24 18:15:42,205 [main] INFO  server.StorageContainerManager (StorageContainerManager.java:stop(844)) - Stopping Storage Container Manager HTTP server.
2019-09-24 18:15:42,205 [IPC Server Responder] INFO  ipc.Server (Server.java:run(1319)) - Stopping IPC Server Responder
2019-09-24 18:15:42,207 [main] INFO  handler.ContextHandler (ContextHandler.java:doStop(910)) - Stopped o.e.j.w.WebAppContext@db44aa2{/,null,UNAVAILABLE}{/scm}
2019-09-24 18:15:42,208 [main] INFO  server.AbstractConnector (AbstractConnector.java:doStop(318)) - Stopped ServerConnector@59a67c3a{HTTP/1.1,[http/1.1]}{0.0.0.0:0}
2019-09-24 18:15:42,208 [main] INFO  handler.ContextHandler (ContextHandler.java:doStop(910)) - Stopped o.e.j.s.ServletContextHandler@260e86a1{/static,file:///workdir/hadoop-ozone/integration-test/target/test-classes/webapps/static,UNAVAILABLE}
2019-09-24 18:15:42,209 [main] INFO  handler.ContextHandler (ContextHandler.java:doStop(910)) - Stopped o.e.j.s.ServletContextHandler@4aa83f4f{/logs,file:///workdir/hadoop-ozone/integration-test/target/log,UNAVAILABLE}
2019-09-24 18:15:42,211 [main] INFO  server.StorageContainerManager (StorageContainerManager.java:stop(855)) - Stopping Block Manager Service.
2019-09-24 18:15:42,211 [main] INFO  utils.BackgroundService (BackgroundService.java:shutdown(148)) - Shutting down service SCMBlockDeletingService
2019-09-24 18:15:42,212 [main] INFO  utils.BackgroundService (BackgroundService.java:shutdown(148)) - Shutting down service SCMBlockDeletingService
2019-09-24 18:15:42,213 [main] INFO  server.StorageContainerManager (StorageContainerManager.java:stop(877)) - Stopping SCM Event Queue.
2019-09-24 18:15:42,221 [main] INFO  impl.MetricsSystemImpl (MetricsSystemImpl.java:stop(210)) - Stopping ratis metrics system...
2019-09-24 18:15:42,231 [prometheus] INFO  impl.MetricsSinkAdapter (MetricsSinkAdapter.java:publishMetricsFromQueue(141)) - prometheus thread interrupted.
2019-09-24 18:15:42,231 [main] INFO  impl.MetricsSystemImpl (MetricsSystemImpl.java:stop(216)) - ratis metrics system stopped.
]]></system-out>
    <system-err><![CDATA[ERROR StatusLogger No Log4j 2 configuration file found. Using default configuration (logging only errors to the console), or user programmatically provided configurations. Set system property 'log4j2.debug' to show Log4j 2 internal initialization logging. See https://logging.apache.org/log4j/2.x/manual/configuration.html for instructions on how to configure Log4j 2
]]></system-err>
  </testcase>
  <testcase name="testMaxRetriesByOzoneClient" classname="org.apache.hadoop.ozone.client.rpc.TestOzoneClientRetriesOnException" time="168.578">
    <error message="Failed to command cmdType: CreateContainer&#10;containerID: 1&#10;datanodeUuid: &quot;5d2d95be-6b28-4ecf-b7b7-7d783f42b699&quot;&#10;createContainer {&#10;}&#10;" type="java.io.IOException">java.io.IOException: 
Failed to command cmdType: CreateContainer
containerID: 1
datanodeUuid: "5d2d95be-6b28-4ecf-b7b7-7d783f42b699"
createContainer {
}

	at org.apache.hadoop.hdds.scm.XceiverClientSpi.sendCommand(XceiverClientSpi.java:113)
	at org.apache.hadoop.ozone.client.rpc.TestOzoneClientRetriesOnException.testMaxRetriesByOzoneClient(TestOzoneClientRetriesOnException.java:190)
	at sun.reflect.NativeMethodAccessorImpl.invoke0(Native Method)
	at sun.reflect.NativeMethodAccessorImpl.invoke(NativeMethodAccessorImpl.java:62)
	at sun.reflect.DelegatingMethodAccessorImpl.invoke(DelegatingMethodAccessorImpl.java:43)
	at java.lang.reflect.Method.invoke(Method.java:498)
	at org.junit.runners.model.FrameworkMethod$1.runReflectiveCall(FrameworkMethod.java:47)
	at org.junit.internal.runners.model.ReflectiveCallable.run(ReflectiveCallable.java:12)
	at org.junit.runners.model.FrameworkMethod.invokeExplosively(FrameworkMethod.java:44)
	at org.junit.internal.runners.statements.InvokeMethod.evaluate(InvokeMethod.java:17)
	at org.junit.internal.runners.statements.RunBefores.evaluate(RunBefores.java:26)
	at org.junit.internal.runners.statements.RunAfters.evaluate(RunAfters.java:27)
	at org.junit.runners.ParentRunner.runLeaf(ParentRunner.java:271)
	at org.junit.runners.BlockJUnit4ClassRunner.runChild(BlockJUnit4ClassRunner.java:70)
	at org.junit.runners.BlockJUnit4ClassRunner.runChild(BlockJUnit4ClassRunner.java:50)
	at org.junit.runners.ParentRunner$3.run(ParentRunner.java:238)
	at org.junit.runners.ParentRunner$1.schedule(ParentRunner.java:63)
	at org.junit.runners.ParentRunner.runChildren(ParentRunner.java:236)
	at org.junit.runners.ParentRunner.access$000(ParentRunner.java:53)
	at org.junit.runners.ParentRunner$2.evaluate(ParentRunner.java:229)
	at org.junit.runners.ParentRunner.run(ParentRunner.java:309)
	at org.apache.maven.surefire.junit4.JUnit4Provider.execute(JUnit4Provider.java:365)
	at org.apache.maven.surefire.junit4.JUnit4Provider.executeWithRerun(JUnit4Provider.java:273)
	at org.apache.maven.surefire.junit4.JUnit4Provider.executeTestSet(JUnit4Provider.java:238)
	at org.apache.maven.surefire.junit4.JUnit4Provider.invoke(JUnit4Provider.java:159)
	at org.apache.maven.surefire.booter.ForkedBooter.invokeProviderInSameClassLoader(ForkedBooter.java:384)
	at org.apache.maven.surefire.booter.ForkedBooter.runSuitesInProcess(ForkedBooter.java:345)
	at org.apache.maven.surefire.booter.ForkedBooter.execute(ForkedBooter.java:126)
	at org.apache.maven.surefire.booter.ForkedBooter.main(ForkedBooter.java:418)
Caused by: java.util.concurrent.ExecutionException: org.apache.ratis.protocol.RaftRetryFailureException: Failed RaftClientRequest:client-7F6F1C1D501D->36b0c052-cff8-4e12-9bf5-4de3d256c6bd@group-C7BA931E655D, cid=26, seq=3*, RW, org.apache.hadoop.hdds.scm.XceiverClientRatis$$Lambda$524/2020935882@78cd1d7c for 180 attempts with RetryLimited(maxAttempts=180, sleepTime=1000ms)
	at java.util.concurrent.CompletableFuture.reportGet(CompletableFuture.java:357)
	at java.util.concurrent.CompletableFuture.get(CompletableFuture.java:1895)
	at org.apache.hadoop.hdds.scm.XceiverClientSpi.sendCommand(XceiverClientSpi.java:110)
	... 28 more
Caused by: org.apache.ratis.protocol.RaftRetryFailureException: Failed RaftClientRequest:client-7F6F1C1D501D->36b0c052-cff8-4e12-9bf5-4de3d256c6bd@group-C7BA931E655D, cid=26, seq=3*, RW, org.apache.hadoop.hdds.scm.XceiverClientRatis$$Lambda$524/2020935882@78cd1d7c for 180 attempts with RetryLimited(maxAttempts=180, sleepTime=1000ms)
	at org.apache.ratis.client.impl.RaftClientImpl.noMoreRetries(RaftClientImpl.java:271)
	at org.apache.ratis.client.impl.OrderedAsync.handleAsyncRetryFailure(OrderedAsync.java:138)
	at org.apache.ratis.client.impl.OrderedAsync.lambda$sendRequest$10(OrderedAsync.java:230)
	at java.util.concurrent.CompletableFuture.uniExceptionally(CompletableFuture.java:870)
	at java.util.concurrent.CompletableFuture$UniExceptionally.tryFire(CompletableFuture.java:852)
	at java.util.concurrent.CompletableFuture.postComplete(CompletableFuture.java:474)
	at java.util.concurrent.CompletableFuture.completeExceptionally(CompletableFuture.java:1977)
	at org.apache.ratis.grpc.client.GrpcClientProtocolClient$AsyncStreamObservers.completeReplyExceptionally(GrpcClientProtocolClient.java:339)
	at org.apache.ratis.grpc.client.GrpcClientProtocolClient$AsyncStreamObservers.access$000(GrpcClientProtocolClient.java:255)
	at org.apache.ratis.grpc.client.GrpcClientProtocolClient$AsyncStreamObservers$1.onNext(GrpcClientProtocolClient.java:267)
	at org.apache.ratis.grpc.client.GrpcClientProtocolClient$AsyncStreamObservers$1.onNext(GrpcClientProtocolClient.java:258)
	at org.apache.ratis.thirdparty.io.grpc.stub.ClientCalls$StreamObserverToCallListenerAdapter.onMessage(ClientCalls.java:421)
	at org.apache.ratis.thirdparty.io.grpc.ForwardingClientCallListener.onMessage(ForwardingClientCallListener.java:33)
	at org.apache.ratis.thirdparty.io.grpc.ForwardingClientCallListener.onMessage(ForwardingClientCallListener.java:33)
	at org.apache.ratis.thirdparty.io.grpc.internal.ClientCallImpl$ClientStreamListenerImpl$1MessagesAvailable.runInContext(ClientCallImpl.java:519)
	at org.apache.ratis.thirdparty.io.grpc.internal.ContextRunnable.run(ContextRunnable.java:37)
	at org.apache.ratis.thirdparty.io.grpc.internal.SerializingExecutor.run(SerializingExecutor.java:123)
	at java.util.concurrent.ThreadPoolExecutor.runWorker(ThreadPoolExecutor.java:1149)
	at java.util.concurrent.ThreadPoolExecutor$Worker.run(ThreadPoolExecutor.java:624)
	at java.lang.Thread.run(Thread.java:748)
Caused by: org.apache.ratis.protocol.NotLeaderException: Server 36b0c052-cff8-4e12-9bf5-4de3d256c6bd@group-C7BA931E655D is not the leader 94129c48-23ca-4c90-a0ce-bb122b1a0582:192.168.36.84:34734
	at org.apache.ratis.client.impl.ClientProtoUtils.toRaftClientReply(ClientProtoUtils.java:243)
	at org.apache.ratis.grpc.client.GrpcClientProtocolClient$AsyncStreamObservers$1.onNext(GrpcClientProtocolClient.java:263)
	... 10 more
</error>
    <system-out><![CDATA[2019-09-24 18:15:42,306 [main] WARN  server.ServerUtils (ServerUtils.java:getScmDbDir(145)) - ozone.scm.db.dirs is not configured. We recommend adding this setting. Falling back to ozone.metadata.dirs instead.
2019-09-24 18:15:42,321 [main] WARN  server.ServerUtils (ServerUtils.java:getScmDbDir(145)) - ozone.scm.db.dirs is not configured. We recommend adding this setting. Falling back to ozone.metadata.dirs instead.
2019-09-24 18:15:42,322 [main] WARN  server.ServerUtils (ServerUtils.java:getScmDbDir(145)) - ozone.scm.db.dirs is not configured. We recommend adding this setting. Falling back to ozone.metadata.dirs instead.
2019-09-24 18:15:42,323 [main] INFO  db.DBStoreBuilder (DBStoreBuilder.java:addTable(110)) - using custom profile for table: deletedBlocks
2019-09-24 18:15:42,323 [main] INFO  db.DBStoreBuilder (DBStoreBuilder.java:processTables(161)) - Using default column profile:DBProfile.DISK for Table:deletedBlocks
2019-09-24 18:15:42,323 [main] INFO  db.DBStoreBuilder (DBStoreBuilder.java:addTable(110)) - using custom profile for table: validCerts
2019-09-24 18:15:42,324 [main] INFO  db.DBStoreBuilder (DBStoreBuilder.java:processTables(161)) - Using default column profile:DBProfile.DISK for Table:validCerts
2019-09-24 18:15:42,324 [main] INFO  db.DBStoreBuilder (DBStoreBuilder.java:addTable(110)) - using custom profile for table: revokedCerts
2019-09-24 18:15:42,324 [main] INFO  db.DBStoreBuilder (DBStoreBuilder.java:processTables(161)) - Using default column profile:DBProfile.DISK for Table:revokedCerts
2019-09-24 18:15:42,325 [main] INFO  db.DBStoreBuilder (DBStoreBuilder.java:addTable(110)) - using custom profile for table: default
2019-09-24 18:15:42,325 [main] INFO  db.DBStoreBuilder (DBStoreBuilder.java:processTables(167)) - Using default column profile:DBProfile.DISK for Table:default
2019-09-24 18:15:42,326 [main] INFO  db.DBStoreBuilder (DBStoreBuilder.java:getDbProfile(198)) - Using default options. DBProfile.DISK
2019-09-24 18:15:42,574 [main] INFO  net.NodeSchemaLoader (NodeSchemaLoader.java:loadSchemaFromFile(125)) - Loading file from sun.misc.CompoundEnumeration@45f756e6
2019-09-24 18:15:42,575 [main] INFO  net.NodeSchemaLoader (NodeSchemaLoader.java:loadSchema(171)) - Loading network topology layer schema file
2019-09-24 18:15:42,582 [main] WARN  server.ServerUtils (ServerUtils.java:sanitizeUserArgs(70)) - ozone.scm.stale.node.interval value = 300000 is larger than max = 100000 based on the key value of ozone.scm.heartbeat.thread.interval, reset to the max value 100000.
2019-09-24 18:15:42,582 [main] WARN  server.ServerUtils (ServerUtils.java:sanitizeUserArgs(70)) - ozone.scm.stale.node.interval value = 300000 is larger than max = 100000 based on the key value of ozone.scm.heartbeat.thread.interval, reset to the max value 100000.
2019-09-24 18:15:42,582 [main] INFO  node.SCMNodeManager (SCMNodeManager.java:<init>(114)) - Entering startup safe mode.
2019-09-24 18:15:42,583 [main] INFO  algorithms.ContainerPlacementPolicyFactory (ContainerPlacementPolicyFactory.java:getPolicy(57)) - Create container placement policy of type org.apache.hadoop.hdds.scm.container.placement.algorithms.SCMContainerPlacementRandom
2019-09-24 18:15:42,584 [main] WARN  server.ServerUtils (ServerUtils.java:getScmDbDir(145)) - ozone.scm.db.dirs is not configured. We recommend adding this setting. Falling back to ozone.metadata.dirs instead.
2019-09-24 18:15:42,671 [main] INFO  pipeline.SCMPipelineManager (SCMPipelineManager.java:initializePipelineState(132)) - No pipeline exists in current db
2019-09-24 18:15:42,671 [main] WARN  server.ServerUtils (ServerUtils.java:getScmDbDir(145)) - ozone.scm.db.dirs is not configured. We recommend adding this setting. Falling back to ozone.metadata.dirs instead.
2019-09-24 18:15:42,771 [main] WARN  events.EventQueue (EventQueue.java:fireEvent(183)) - No event handler registered for event TypedEvent{payloadType=SafeModeStatus, name='SafeModeStatus'}
2019-09-24 18:15:42,772 [main] INFO  ipc.CallQueueManager (CallQueueManager.java:<init>(84)) - Using callQueue: class java.util.concurrent.LinkedBlockingQueue, queueCapacity: 2000, scheduler: class org.apache.hadoop.ipc.DefaultRpcScheduler, ipcBackoff: false.
2019-09-24 18:15:42,774 [Socket Reader #1 for port 43306] INFO  ipc.Server (Server.java:run(1074)) - Starting Socket Reader #1 for port 43306
2019-09-24 18:15:42,776 [main] INFO  ipc.CallQueueManager (CallQueueManager.java:<init>(84)) - Using callQueue: class java.util.concurrent.LinkedBlockingQueue, queueCapacity: 2000, scheduler: class org.apache.hadoop.ipc.DefaultRpcScheduler, ipcBackoff: false.
2019-09-24 18:15:42,777 [Socket Reader #1 for port 42636] INFO  ipc.Server (Server.java:run(1074)) - Starting Socket Reader #1 for port 42636
2019-09-24 18:15:42,779 [main] INFO  ipc.CallQueueManager (CallQueueManager.java:<init>(84)) - Using callQueue: class java.util.concurrent.LinkedBlockingQueue, queueCapacity: 2000, scheduler: class org.apache.hadoop.ipc.DefaultRpcScheduler, ipcBackoff: false.
2019-09-24 18:15:42,780 [Socket Reader #1 for port 36464] INFO  ipc.Server (Server.java:run(1074)) - Starting Socket Reader #1 for port 36464
2019-09-24 18:15:42,784 [main] INFO  hdfs.DFSUtil (DFSUtil.java:httpServerTemplateForNNAndJN(1641)) - Starting Web-server for scm at: http://0.0.0.0:0
2019-09-24 18:15:42,789 [main] INFO  server.AuthenticationFilter (AuthenticationFilter.java:constructSecretProvider(240)) - Unable to initialize FileSignerSecretProvider, falling back to use random secrets.
2019-09-24 18:15:42,791 [main] WARN  http.HttpRequestLog (HttpRequestLog.java:getRequestLog(97)) - Jetty request log can only be enabled using Log4j
2019-09-24 18:15:42,795 [main] INFO  http.HttpServer2 (HttpServer2.java:addGlobalFilter(975)) - Added global filter 'safety' (class=org.apache.hadoop.http.HttpServer2$QuotingInputFilter)
2019-09-24 18:15:42,796 [main] INFO  http.HttpServer2 (HttpServer2.java:addFilter(948)) - Added filter static_user_filter (class=org.apache.hadoop.http.lib.StaticUserWebFilter$StaticUserFilter) to context scm
2019-09-24 18:15:42,797 [main] INFO  http.HttpServer2 (HttpServer2.java:addFilter(958)) - Added filter static_user_filter (class=org.apache.hadoop.http.lib.StaticUserWebFilter$StaticUserFilter) to context static
2019-09-24 18:15:42,797 [main] INFO  http.HttpServer2 (HttpServer2.java:addFilter(958)) - Added filter static_user_filter (class=org.apache.hadoop.http.lib.StaticUserWebFilter$StaticUserFilter) to context logs
2019-09-24 18:15:42,802 [main] INFO  server.StorageContainerManager (StorageContainerManager.java:start(770)) - StorageContainerLocationProtocol RPC server is listening at /0.0.0.0:36464
2019-09-24 18:15:42,806 [main] WARN  impl.MetricsConfig (MetricsConfig.java:loadFirst(134)) - Cannot locate configuration: tried hadoop-metrics2-storagecontainermanager.properties,hadoop-metrics2.properties
2019-09-24 18:15:42,808 [main] INFO  impl.MetricsSystemImpl (MetricsSystemImpl.java:startTimer(374)) - Scheduled Metric snapshot period at 10 second(s).
2019-09-24 18:15:42,808 [main] INFO  impl.MetricsSystemImpl (MetricsSystemImpl.java:start(191)) - StorageContainerManager metrics system started
2019-09-24 18:15:42,843 [main] WARN  impl.MetricsSystemImpl (MetricsSystemImpl.java:register(276)) - Sink prometheus already exists!
2019-09-24 18:15:42,859 [main] INFO  server.SCMClientProtocolServer (SCMClientProtocolServer.java:start(151)) - RPC server for Client  is listening at /0.0.0.0:36464
2019-09-24 18:15:42,860 [IPC Server Responder] INFO  ipc.Server (Server.java:run(1314)) - IPC Server Responder: starting
2019-09-24 18:15:42,860 [IPC Server listener on 36464] INFO  ipc.Server (Server.java:run(1153)) - IPC Server listener on 36464: starting
2019-09-24 18:15:42,864 [main] INFO  server.StorageContainerManager (StorageContainerManager.java:start(780)) - ScmBlockLocationProtocol RPC server is listening at /0.0.0.0:42636
2019-09-24 18:15:42,865 [main] INFO  server.SCMBlockProtocolServer (SCMBlockProtocolServer.java:start(146)) - RPC server for Block Protocol is listening at /0.0.0.0:42636
2019-09-24 18:15:42,865 [IPC Server Responder] INFO  ipc.Server (Server.java:run(1314)) - IPC Server Responder: starting
2019-09-24 18:15:42,865 [IPC Server listener on 42636] INFO  ipc.Server (Server.java:run(1153)) - IPC Server listener on 42636: starting
2019-09-24 18:15:42,869 [main] INFO  server.StorageContainerManager (StorageContainerManager.java:start(784)) - ScmDatanodeProtocl RPC server is listening at /0.0.0.0:43306
2019-09-24 18:15:42,869 [main] INFO  server.SCMDatanodeProtocolServer (SCMDatanodeProtocolServer.java:start(191)) - RPC server for DataNodes is listening at /0.0.0.0:43306
2019-09-24 18:15:42,870 [IPC Server Responder] INFO  ipc.Server (Server.java:run(1314)) - IPC Server Responder: starting
2019-09-24 18:15:42,870 [IPC Server listener on 43306] INFO  ipc.Server (Server.java:run(1153)) - IPC Server listener on 43306: starting
2019-09-24 18:15:42,874 [main] INFO  http.HttpServer2 (HttpServer2.java:bindListener(1191)) - Jetty bound to port 45639
2019-09-24 18:15:42,874 [main] INFO  server.Server (Server.java:doStart(351)) - jetty-9.3.25.v20180904, build timestamp: 2018-09-04T21:11:46Z, git hash: 3ce520221d0240229c862b122d2b06c12a625732
2019-09-24 18:15:42,876 [main] INFO  handler.ContextHandler (ContextHandler.java:doStart(781)) - Started o.e.j.s.ServletContextHandler@2b0dc227{/logs,file:///workdir/hadoop-ozone/integration-test/target/log,AVAILABLE}
2019-09-24 18:15:42,877 [main] INFO  handler.ContextHandler (ContextHandler.java:doStart(781)) - Started o.e.j.s.ServletContextHandler@43bdaa1b{/static,file:///workdir/hadoop-ozone/integration-test/target/test-classes/webapps/static,AVAILABLE}
2019-09-24 18:15:42,883 [main] INFO  handler.ContextHandler (ContextHandler.java:doStart(781)) - Started o.e.j.w.WebAppContext@75e27856{/,file:///workdir/hadoop-ozone/integration-test/target/test-classes/webapps/scm/,AVAILABLE}{/scm}
2019-09-24 18:15:42,884 [main] INFO  server.AbstractConnector (AbstractConnector.java:doStart(278)) - Started ServerConnector@6bccd036{HTTP/1.1,[http/1.1]}{0.0.0.0:45639}
2019-09-24 18:15:42,885 [main] INFO  server.Server (Server.java:doStart(419)) - Started @65762ms
2019-09-24 18:15:42,885 [main] WARN  impl.MetricsSystemImpl (MetricsSystemImpl.java:register(276)) - Sink prometheus already exists!
2019-09-24 18:15:42,887 [main] INFO  server.BaseHttpServer (BaseHttpServer.java:updateConnectorAddress(215)) - HTTP server of SCM is listening at http://0.0.0.0:45639
2019-09-24 18:15:42,888 [main] WARN  server.ServerUtils (ServerUtils.java:getDBPath(222)) - ozone.om.db.dirs is not configured. We recommend adding this setting. Falling back to ozone.metadata.dirs instead.
2019-09-24 18:15:42,888 [org.apache.hadoop.util.JvmPauseMonitor$Monitor@6a756082] INFO  util.JvmPauseMonitor (JvmPauseMonitor.java:run(188)) - Starting JVM pause monitor
2019-09-24 18:15:42,902 [main] WARN  server.ServerUtils (ServerUtils.java:getDBPath(222)) - ozone.om.db.dirs is not configured. We recommend adding this setting. Falling back to ozone.metadata.dirs instead.
2019-09-24 18:15:42,903 [main] WARN  server.ServerUtils (ServerUtils.java:getDBPath(222)) - ozone.om.db.dirs is not configured. We recommend adding this setting. Falling back to ozone.metadata.dirs instead.
2019-09-24 18:15:42,904 [main] INFO  om.OzoneManager (OzoneManager.java:setOMNodeDetails(652)) - OM Service ID is not set. Setting it to the default ID: omServiceIdDefault
2019-09-24 18:15:42,904 [main] INFO  om.OzoneManager (OzoneManager.java:setOMNodeDetails(658)) - OM Node ID is not set. Setting it to the OmStorage's OmID: f7043c7f-9ec1-492f-aaf6-85a7392729d4
2019-09-24 18:15:42,904 [main] INFO  om.OzoneManager (OzoneManager.java:loadOMHAConfigs(609)) - Found matching OM address with OMServiceId: null, OMNodeId: null, RPC Address: localhost:0 and Ratis port: 9872
2019-09-24 18:15:42,913 [main] WARN  server.ServerUtils (ServerUtils.java:getDBPath(222)) - ozone.om.db.dirs is not configured. We recommend adding this setting. Falling back to ozone.metadata.dirs instead.
2019-09-24 18:15:42,914 [main] INFO  db.DBStoreBuilder (DBStoreBuilder.java:addTable(110)) - using custom profile for table: userTable
2019-09-24 18:15:42,914 [main] INFO  db.DBStoreBuilder (DBStoreBuilder.java:processTables(161)) - Using default column profile:DBProfile.DISK for Table:userTable
2019-09-24 18:15:42,915 [main] INFO  db.DBStoreBuilder (DBStoreBuilder.java:addTable(110)) - using custom profile for table: volumeTable
2019-09-24 18:15:42,915 [main] INFO  db.DBStoreBuilder (DBStoreBuilder.java:processTables(161)) - Using default column profile:DBProfile.DISK for Table:volumeTable
2019-09-24 18:15:42,915 [main] INFO  db.DBStoreBuilder (DBStoreBuilder.java:addTable(110)) - using custom profile for table: bucketTable
2019-09-24 18:15:42,915 [main] INFO  db.DBStoreBuilder (DBStoreBuilder.java:processTables(161)) - Using default column profile:DBProfile.DISK for Table:bucketTable
2019-09-24 18:15:42,916 [main] INFO  db.DBStoreBuilder (DBStoreBuilder.java:addTable(110)) - using custom profile for table: keyTable
2019-09-24 18:15:42,916 [main] INFO  db.DBStoreBuilder (DBStoreBuilder.java:processTables(161)) - Using default column profile:DBProfile.DISK for Table:keyTable
2019-09-24 18:15:42,916 [main] INFO  db.DBStoreBuilder (DBStoreBuilder.java:addTable(110)) - using custom profile for table: deletedTable
2019-09-24 18:15:42,917 [main] INFO  db.DBStoreBuilder (DBStoreBuilder.java:processTables(161)) - Using default column profile:DBProfile.DISK for Table:deletedTable
2019-09-24 18:15:42,917 [main] INFO  db.DBStoreBuilder (DBStoreBuilder.java:addTable(110)) - using custom profile for table: openKeyTable
2019-09-24 18:15:42,917 [main] INFO  db.DBStoreBuilder (DBStoreBuilder.java:processTables(161)) - Using default column profile:DBProfile.DISK for Table:openKeyTable
2019-09-24 18:15:42,918 [main] INFO  db.DBStoreBuilder (DBStoreBuilder.java:addTable(110)) - using custom profile for table: s3Table
2019-09-24 18:15:42,918 [main] INFO  db.DBStoreBuilder (DBStoreBuilder.java:processTables(161)) - Using default column profile:DBProfile.DISK for Table:s3Table
2019-09-24 18:15:42,918 [main] INFO  db.DBStoreBuilder (DBStoreBuilder.java:addTable(110)) - using custom profile for table: multipartInfoTable
2019-09-24 18:15:42,919 [main] INFO  db.DBStoreBuilder (DBStoreBuilder.java:processTables(161)) - Using default column profile:DBProfile.DISK for Table:multipartInfoTable
2019-09-24 18:15:42,919 [main] INFO  db.DBStoreBuilder (DBStoreBuilder.java:addTable(110)) - using custom profile for table: dTokenTable
2019-09-24 18:15:42,919 [main] INFO  db.DBStoreBuilder (DBStoreBuilder.java:processTables(161)) - Using default column profile:DBProfile.DISK for Table:dTokenTable
2019-09-24 18:15:42,919 [main] INFO  db.DBStoreBuilder (DBStoreBuilder.java:addTable(110)) - using custom profile for table: s3SecretTable
2019-09-24 18:15:42,920 [main] INFO  db.DBStoreBuilder (DBStoreBuilder.java:processTables(161)) - Using default column profile:DBProfile.DISK for Table:s3SecretTable
2019-09-24 18:15:42,920 [main] INFO  db.DBStoreBuilder (DBStoreBuilder.java:addTable(110)) - using custom profile for table: prefixTable
2019-09-24 18:15:42,920 [main] INFO  db.DBStoreBuilder (DBStoreBuilder.java:processTables(161)) - Using default column profile:DBProfile.DISK for Table:prefixTable
2019-09-24 18:15:42,920 [main] INFO  db.DBStoreBuilder (DBStoreBuilder.java:addTable(110)) - using custom profile for table: default
2019-09-24 18:15:42,921 [main] INFO  db.DBStoreBuilder (DBStoreBuilder.java:processTables(167)) - Using default column profile:DBProfile.DISK for Table:default
2019-09-24 18:15:42,921 [main] INFO  db.DBStoreBuilder (DBStoreBuilder.java:getDbProfile(198)) - Using default options. DBProfile.DISK
2019-09-24 18:15:48,979 [main] INFO  ipc.CallQueueManager (CallQueueManager.java:<init>(84)) - Using callQueue: class java.util.concurrent.LinkedBlockingQueue, queueCapacity: 2000, scheduler: class org.apache.hadoop.ipc.DefaultRpcScheduler, ipcBackoff: false.
2019-09-24 18:15:48,981 [Socket Reader #1 for port 37089] INFO  ipc.Server (Server.java:run(1074)) - Starting Socket Reader #1 for port 37089
2019-09-24 18:15:49,004 [main] INFO  om.OzoneManager (OzoneManager.java:start(1243)) - OzoneManager RPC server is listening at localhost/127.0.0.1:37089
2019-09-24 18:15:49,004 [main] INFO  impl.MetricsSystemImpl (MetricsSystemImpl.java:init(158)) - OzoneManager metrics system started (again)
2019-09-24 18:15:49,005 [IPC Server Responder] INFO  ipc.Server (Server.java:run(1314)) - IPC Server Responder: starting
2019-09-24 18:15:49,005 [IPC Server listener on 37089] INFO  ipc.Server (Server.java:run(1153)) - IPC Server listener on 37089: starting
2019-09-24 18:15:49,012 [main] INFO  hdfs.DFSUtil (DFSUtil.java:httpServerTemplateForNNAndJN(1641)) - Starting Web-server for ozoneManager at: http://0.0.0.0:0
2019-09-24 18:15:49,014 [main] INFO  server.AuthenticationFilter (AuthenticationFilter.java:constructSecretProvider(240)) - Unable to initialize FileSignerSecretProvider, falling back to use random secrets.
2019-09-24 18:15:49,015 [main] WARN  http.HttpRequestLog (HttpRequestLog.java:getRequestLog(97)) - Jetty request log can only be enabled using Log4j
2019-09-24 18:15:49,017 [main] INFO  http.HttpServer2 (HttpServer2.java:addGlobalFilter(975)) - Added global filter 'safety' (class=org.apache.hadoop.http.HttpServer2$QuotingInputFilter)
2019-09-24 18:15:49,018 [main] INFO  http.HttpServer2 (HttpServer2.java:addFilter(948)) - Added filter static_user_filter (class=org.apache.hadoop.http.lib.StaticUserWebFilter$StaticUserFilter) to context ozoneManager
2019-09-24 18:15:49,018 [main] INFO  http.HttpServer2 (HttpServer2.java:addFilter(958)) - Added filter static_user_filter (class=org.apache.hadoop.http.lib.StaticUserWebFilter$StaticUserFilter) to context logs
2019-09-24 18:15:49,019 [main] INFO  http.HttpServer2 (HttpServer2.java:addFilter(958)) - Added filter static_user_filter (class=org.apache.hadoop.http.lib.StaticUserWebFilter$StaticUserFilter) to context static
2019-09-24 18:15:49,020 [main] INFO  http.HttpServer2 (HttpServer2.java:bindListener(1191)) - Jetty bound to port 45318
2019-09-24 18:15:49,020 [main] INFO  server.Server (Server.java:doStart(351)) - jetty-9.3.25.v20180904, build timestamp: 2018-09-04T21:11:46Z, git hash: 3ce520221d0240229c862b122d2b06c12a625732
2019-09-24 18:15:49,022 [main] INFO  handler.ContextHandler (ContextHandler.java:doStart(781)) - Started o.e.j.s.ServletContextHandler@138aa3cc{/logs,file:///workdir/hadoop-ozone/integration-test/target/log,AVAILABLE}
2019-09-24 18:15:49,023 [main] INFO  handler.ContextHandler (ContextHandler.java:doStart(781)) - Started o.e.j.s.ServletContextHandler@30839e44{/static,file:///workdir/hadoop-ozone/integration-test/target/test-classes/webapps/static,AVAILABLE}
2019-09-24 18:15:49,029 [main] INFO  handler.ContextHandler (ContextHandler.java:doStart(781)) - Started o.e.j.w.WebAppContext@57c00115{/,file:///workdir/hadoop-ozone/integration-test/target/test-classes/webapps/ozoneManager/,AVAILABLE}{/ozoneManager}
2019-09-24 18:15:49,030 [main] INFO  server.AbstractConnector (AbstractConnector.java:doStart(278)) - Started ServerConnector@411a5965{HTTP/1.1,[http/1.1]}{0.0.0.0:45318}
2019-09-24 18:15:49,031 [main] INFO  server.Server (Server.java:doStart(419)) - Started @71908ms
2019-09-24 18:15:49,031 [main] WARN  impl.MetricsSystemImpl (MetricsSystemImpl.java:register(276)) - Sink prometheus already exists!
2019-09-24 18:15:49,032 [main] INFO  server.BaseHttpServer (BaseHttpServer.java:updateConnectorAddress(215)) - HTTP server of OZONEMANAGER is listening at http://0.0.0.0:45318
2019-09-24 18:15:49,061 [main] INFO  impl.MetricsSystemImpl (MetricsSystemImpl.java:init(158)) - HddsDatanode metrics system started (again)
2019-09-24 18:15:49,064 [main] INFO  ozone.HddsDatanodeService (HddsDatanodeService.java:start(184)) - HddsDatanodeService host:pr-hdds-2171-6l6hb-1841322612 ip:192.168.36.84
2019-09-24 18:15:49,071 [main] INFO  volume.HddsVolume (HddsVolume.java:<init>(176)) - Creating Volume: /workdir/hadoop-ozone/integration-test/target/test-dir/MiniOzoneClusterImpl-2256e15c-84c9-46bf-b493-19471620b231/datanode-0/data/containers/hdds of  storage type : DISK and capacity : 1482555576320
2019-09-24 18:15:49,071 [main] INFO  volume.VolumeSet (VolumeSet.java:initializeVolumeSet(170)) - Added Volume : /workdir/hadoop-ozone/integration-test/target/test-dir/MiniOzoneClusterImpl-2256e15c-84c9-46bf-b493-19471620b231/datanode-0/data/containers/hdds to VolumeSet
2019-09-24 18:15:49,071 [main] INFO  volume.ThrottledAsyncChecker (ThrottledAsyncChecker.java:schedule(139)) - Scheduling a check for org.apache.hadoop.ozone.container.common.volume.HddsVolume@5731d3a
2019-09-24 18:15:49,072 [main] INFO  volume.HddsVolumeChecker (HddsVolumeChecker.java:checkAllVolumes(202)) - Scheduled health check for volume org.apache.hadoop.ozone.container.common.volume.HddsVolume@5731d3a
2019-09-24 18:15:49,093 [main] INFO  impl.RaftServerProxy (ConfUtils.java:logGet(43)) - raft.rpc.type = GRPC (default)
2019-09-24 18:15:49,093 [main] INFO  grpc.GrpcFactory (GrpcFactory.java:checkPooledByteBufAllocatorUseCacheForAllThreads(45)) - PERFORMANCE WARNING: useCacheForAllThreads is true that may cause Netty to create a lot garbage objects and, as a result, trigger GC.
	It is recommended to disable useCacheForAllThreads by setting -Dorg.apache.ratis.thirdparty.io.netty.allocator.useCacheForAllThreads=false in command line.
2019-09-24 18:15:49,094 [main] INFO  grpc.GrpcConfigKeys$Server (ConfUtils.java:logGet(43)) - raft.grpc.server.port = 0 (default)
2019-09-24 18:15:49,094 [main] INFO  server.GrpcService (ConfUtils.java:logGet(43)) - raft.grpc.message.size.max = 33570816 (custom)
2019-09-24 18:15:49,094 [main] INFO  server.RaftServerConfigKeys (ConfUtils.java:logGet(43)) - raft.server.log.appender.buffer.byte-limit = 33554432 (custom)
2019-09-24 18:15:49,095 [main] INFO  server.GrpcService (ConfUtils.java:logGet(43)) - raft.grpc.flow.control.window = 1MB (=1048576) (default)
2019-09-24 18:15:49,095 [main] INFO  server.RaftServerConfigKeys (ConfUtils.java:logGet(43)) - raft.server.rpc.request.timeout = 3000ms (default)
2019-09-24 18:15:49,096 [main] INFO  server.RaftServerConfigKeys (ConfUtils.java:logGet(43)) - raft.server.storage.dir = [/workdir/hadoop-ozone/integration-test/target/test-dir/MiniOzoneClusterImpl-2256e15c-84c9-46bf-b493-19471620b231/datanode-0/data/ratis] (custom)
2019-09-24 18:15:49,098 [main] INFO  hdfs.DFSUtil (DFSUtil.java:httpServerTemplateForNNAndJN(1641)) - Starting Web-server for hddsDatanode at: http://0.0.0.0:0
2019-09-24 18:15:49,099 [main] INFO  server.AuthenticationFilter (AuthenticationFilter.java:constructSecretProvider(240)) - Unable to initialize FileSignerSecretProvider, falling back to use random secrets.
2019-09-24 18:15:49,100 [main] WARN  http.HttpRequestLog (HttpRequestLog.java:getRequestLog(97)) - Jetty request log can only be enabled using Log4j
2019-09-24 18:15:49,102 [main] INFO  http.HttpServer2 (HttpServer2.java:addGlobalFilter(975)) - Added global filter 'safety' (class=org.apache.hadoop.http.HttpServer2$QuotingInputFilter)
2019-09-24 18:15:49,103 [main] INFO  http.HttpServer2 (HttpServer2.java:addFilter(948)) - Added filter static_user_filter (class=org.apache.hadoop.http.lib.StaticUserWebFilter$StaticUserFilter) to context hddsDatanode
2019-09-24 18:15:49,103 [main] INFO  http.HttpServer2 (HttpServer2.java:addFilter(958)) - Added filter static_user_filter (class=org.apache.hadoop.http.lib.StaticUserWebFilter$StaticUserFilter) to context static
2019-09-24 18:15:49,103 [main] INFO  http.HttpServer2 (HttpServer2.java:addFilter(958)) - Added filter static_user_filter (class=org.apache.hadoop.http.lib.StaticUserWebFilter$StaticUserFilter) to context logs
2019-09-24 18:15:49,104 [main] INFO  http.HttpServer2 (HttpServer2.java:bindListener(1191)) - Jetty bound to port 42104
2019-09-24 18:15:49,104 [main] INFO  server.Server (Server.java:doStart(351)) - jetty-9.3.25.v20180904, build timestamp: 2018-09-04T21:11:46Z, git hash: 3ce520221d0240229c862b122d2b06c12a625732
2019-09-24 18:15:49,107 [main] INFO  handler.ContextHandler (ContextHandler.java:doStart(781)) - Started o.e.j.s.ServletContextHandler@77f905e3{/logs,file:///workdir/hadoop-ozone/integration-test/target/log,AVAILABLE}
2019-09-24 18:15:49,107 [main] INFO  handler.ContextHandler (ContextHandler.java:doStart(781)) - Started o.e.j.s.ServletContextHandler@338766de{/static,jar:file:/home/user/.m2/repository/org/apache/hadoop/hadoop-hdds-container-service/0.5.0-SNAPSHOT/hadoop-hdds-container-service-0.5.0-SNAPSHOT.jar!/webapps/static,AVAILABLE}
2019-09-24 18:15:49,144 [main] INFO  handler.ContextHandler (ContextHandler.java:doStart(781)) - Started o.e.j.w.WebAppContext@f5ce0bb{/,file:///tmp/jetty-0.0.0.0-42104-hddsDatanode-_-any-8594252831977498124.dir/webapp/,AVAILABLE}{/hddsDatanode}
2019-09-24 18:15:49,144 [main] INFO  server.AbstractConnector (AbstractConnector.java:doStart(278)) - Started ServerConnector@47e51549{HTTP/1.1,[http/1.1]}{0.0.0.0:42104}
2019-09-24 18:15:49,146 [main] INFO  server.Server (Server.java:doStart(419)) - Started @72023ms
2019-09-24 18:15:49,146 [main] WARN  impl.MetricsSystemImpl (MetricsSystemImpl.java:register(276)) - Sink prometheus already exists!
2019-09-24 18:15:49,147 [main] INFO  server.BaseHttpServer (BaseHttpServer.java:updateConnectorAddress(215)) - HTTP server of HDDSDATANODE is listening at http://0.0.0.0:42104
2019-09-24 18:15:49,147 [main] INFO  impl.MetricsSystemImpl (MetricsSystemImpl.java:init(158)) - HddsDatanode metrics system started (again)
2019-09-24 18:15:49,151 [org.apache.hadoop.util.JvmPauseMonitor$Monitor@5765afc8] INFO  util.JvmPauseMonitor (JvmPauseMonitor.java:run(188)) - Starting JVM pause monitor
2019-09-24 18:15:49,152 [main] INFO  ozone.HddsDatanodeService (HddsDatanodeService.java:start(184)) - HddsDatanodeService host:pr-hdds-2171-6l6hb-1841322612 ip:192.168.36.84
2019-09-24 18:15:49,154 [Datanode State Machine Thread - 0] INFO  datanode.InitDatanodeState (InitDatanodeState.java:persistContainerDatanodeDetails(140)) - DatanodeDetails is persisted to /workdir/hadoop-ozone/integration-test/target/test-dir/MiniOzoneClusterImpl-2256e15c-84c9-46bf-b493-19471620b231/datanode-0/meta/datanode.id
2019-09-24 18:15:49,159 [main] INFO  volume.HddsVolume (HddsVolume.java:<init>(176)) - Creating Volume: /workdir/hadoop-ozone/integration-test/target/test-dir/MiniOzoneClusterImpl-2256e15c-84c9-46bf-b493-19471620b231/datanode-1/data/containers/hdds of  storage type : DISK and capacity : 1482555576320
2019-09-24 18:15:49,159 [main] INFO  volume.VolumeSet (VolumeSet.java:initializeVolumeSet(170)) - Added Volume : /workdir/hadoop-ozone/integration-test/target/test-dir/MiniOzoneClusterImpl-2256e15c-84c9-46bf-b493-19471620b231/datanode-1/data/containers/hdds to VolumeSet
2019-09-24 18:15:49,159 [main] INFO  volume.ThrottledAsyncChecker (ThrottledAsyncChecker.java:schedule(139)) - Scheduling a check for org.apache.hadoop.ozone.container.common.volume.HddsVolume@4bcaa195
2019-09-24 18:15:49,160 [main] INFO  volume.HddsVolumeChecker (HddsVolumeChecker.java:checkAllVolumes(202)) - Scheduled health check for volume org.apache.hadoop.ozone.container.common.volume.HddsVolume@4bcaa195
2019-09-24 18:15:49,180 [main] INFO  impl.RaftServerProxy (ConfUtils.java:logGet(43)) - raft.rpc.type = GRPC (default)
2019-09-24 18:15:49,180 [main] INFO  grpc.GrpcFactory (GrpcFactory.java:checkPooledByteBufAllocatorUseCacheForAllThreads(45)) - PERFORMANCE WARNING: useCacheForAllThreads is true that may cause Netty to create a lot garbage objects and, as a result, trigger GC.
	It is recommended to disable useCacheForAllThreads by setting -Dorg.apache.ratis.thirdparty.io.netty.allocator.useCacheForAllThreads=false in command line.
2019-09-24 18:15:49,180 [main] INFO  grpc.GrpcConfigKeys$Server (ConfUtils.java:logGet(43)) - raft.grpc.server.port = 0 (default)
2019-09-24 18:15:49,181 [main] INFO  server.GrpcService (ConfUtils.java:logGet(43)) - raft.grpc.message.size.max = 33570816 (custom)
2019-09-24 18:15:49,181 [main] INFO  server.RaftServerConfigKeys (ConfUtils.java:logGet(43)) - raft.server.log.appender.buffer.byte-limit = 33554432 (custom)
2019-09-24 18:15:49,181 [main] INFO  server.GrpcService (ConfUtils.java:logGet(43)) - raft.grpc.flow.control.window = 1MB (=1048576) (default)
2019-09-24 18:15:49,182 [main] INFO  server.RaftServerConfigKeys (ConfUtils.java:logGet(43)) - raft.server.rpc.request.timeout = 3000ms (default)
2019-09-24 18:15:49,182 [main] INFO  server.RaftServerConfigKeys (ConfUtils.java:logGet(43)) - raft.server.storage.dir = [/workdir/hadoop-ozone/integration-test/target/test-dir/MiniOzoneClusterImpl-2256e15c-84c9-46bf-b493-19471620b231/datanode-1/data/ratis] (custom)
2019-09-24 18:15:49,184 [main] INFO  hdfs.DFSUtil (DFSUtil.java:httpServerTemplateForNNAndJN(1641)) - Starting Web-server for hddsDatanode at: http://0.0.0.0:0
2019-09-24 18:15:49,186 [main] INFO  server.AuthenticationFilter (AuthenticationFilter.java:constructSecretProvider(240)) - Unable to initialize FileSignerSecretProvider, falling back to use random secrets.
2019-09-24 18:15:49,187 [main] WARN  http.HttpRequestLog (HttpRequestLog.java:getRequestLog(97)) - Jetty request log can only be enabled using Log4j
2019-09-24 18:15:49,189 [main] INFO  http.HttpServer2 (HttpServer2.java:addGlobalFilter(975)) - Added global filter 'safety' (class=org.apache.hadoop.http.HttpServer2$QuotingInputFilter)
2019-09-24 18:15:49,191 [main] INFO  http.HttpServer2 (HttpServer2.java:addFilter(948)) - Added filter static_user_filter (class=org.apache.hadoop.http.lib.StaticUserWebFilter$StaticUserFilter) to context hddsDatanode
2019-09-24 18:15:49,191 [main] INFO  http.HttpServer2 (HttpServer2.java:addFilter(958)) - Added filter static_user_filter (class=org.apache.hadoop.http.lib.StaticUserWebFilter$StaticUserFilter) to context logs
2019-09-24 18:15:49,191 [main] INFO  http.HttpServer2 (HttpServer2.java:addFilter(958)) - Added filter static_user_filter (class=org.apache.hadoop.http.lib.StaticUserWebFilter$StaticUserFilter) to context static
2019-09-24 18:15:49,192 [main] INFO  http.HttpServer2 (HttpServer2.java:bindListener(1191)) - Jetty bound to port 42564
2019-09-24 18:15:49,193 [main] INFO  server.Server (Server.java:doStart(351)) - jetty-9.3.25.v20180904, build timestamp: 2018-09-04T21:11:46Z, git hash: 3ce520221d0240229c862b122d2b06c12a625732
2019-09-24 18:15:49,195 [main] INFO  handler.ContextHandler (ContextHandler.java:doStart(781)) - Started o.e.j.s.ServletContextHandler@748f93bb{/logs,file:///workdir/hadoop-ozone/integration-test/target/log,AVAILABLE}
2019-09-24 18:15:49,196 [main] INFO  handler.ContextHandler (ContextHandler.java:doStart(781)) - Started o.e.j.s.ServletContextHandler@2e7157c7{/static,jar:file:/home/user/.m2/repository/org/apache/hadoop/hadoop-hdds-container-service/0.5.0-SNAPSHOT/hadoop-hdds-container-service-0.5.0-SNAPSHOT.jar!/webapps/static,AVAILABLE}
2019-09-24 18:15:49,240 [main] INFO  handler.ContextHandler (ContextHandler.java:doStart(781)) - Started o.e.j.w.WebAppContext@7d979d34{/,file:///tmp/jetty-0.0.0.0-42564-hddsDatanode-_-any-2262288902234473179.dir/webapp/,AVAILABLE}{/hddsDatanode}
2019-09-24 18:15:49,241 [main] INFO  server.AbstractConnector (AbstractConnector.java:doStart(278)) - Started ServerConnector@350ec690{HTTP/1.1,[http/1.1]}{0.0.0.0:42564}
2019-09-24 18:15:49,242 [main] INFO  server.Server (Server.java:doStart(419)) - Started @72119ms
2019-09-24 18:15:49,242 [main] WARN  impl.MetricsSystemImpl (MetricsSystemImpl.java:register(276)) - Sink prometheus already exists!
2019-09-24 18:15:49,243 [main] INFO  server.BaseHttpServer (BaseHttpServer.java:updateConnectorAddress(215)) - HTTP server of HDDSDATANODE is listening at http://0.0.0.0:42564
2019-09-24 18:15:49,243 [main] INFO  impl.MetricsSystemImpl (MetricsSystemImpl.java:init(158)) - HddsDatanode metrics system started (again)
2019-09-24 18:15:49,247 [org.apache.hadoop.util.JvmPauseMonitor$Monitor@1be5668] INFO  util.JvmPauseMonitor (JvmPauseMonitor.java:run(188)) - Starting JVM pause monitor
2019-09-24 18:15:49,247 [main] INFO  ozone.HddsDatanodeService (HddsDatanodeService.java:start(184)) - HddsDatanodeService host:pr-hdds-2171-6l6hb-1841322612 ip:192.168.36.84
2019-09-24 18:15:49,251 [Datanode State Machine Thread - 0] INFO  datanode.InitDatanodeState (InitDatanodeState.java:persistContainerDatanodeDetails(140)) - DatanodeDetails is persisted to /workdir/hadoop-ozone/integration-test/target/test-dir/MiniOzoneClusterImpl-2256e15c-84c9-46bf-b493-19471620b231/datanode-1/meta/datanode.id
2019-09-24 18:15:49,254 [main] INFO  volume.HddsVolume (HddsVolume.java:<init>(176)) - Creating Volume: /workdir/hadoop-ozone/integration-test/target/test-dir/MiniOzoneClusterImpl-2256e15c-84c9-46bf-b493-19471620b231/datanode-2/data/containers/hdds of  storage type : DISK and capacity : 1482555576320
2019-09-24 18:15:49,254 [main] INFO  volume.VolumeSet (VolumeSet.java:initializeVolumeSet(170)) - Added Volume : /workdir/hadoop-ozone/integration-test/target/test-dir/MiniOzoneClusterImpl-2256e15c-84c9-46bf-b493-19471620b231/datanode-2/data/containers/hdds to VolumeSet
2019-09-24 18:15:49,254 [main] INFO  volume.ThrottledAsyncChecker (ThrottledAsyncChecker.java:schedule(139)) - Scheduling a check for org.apache.hadoop.ozone.container.common.volume.HddsVolume@76130a29
2019-09-24 18:15:49,255 [main] INFO  volume.HddsVolumeChecker (HddsVolumeChecker.java:checkAllVolumes(202)) - Scheduled health check for volume org.apache.hadoop.ozone.container.common.volume.HddsVolume@76130a29
2019-09-24 18:15:49,273 [main] INFO  impl.RaftServerProxy (ConfUtils.java:logGet(43)) - raft.rpc.type = GRPC (default)
2019-09-24 18:15:49,274 [main] INFO  grpc.GrpcFactory (GrpcFactory.java:checkPooledByteBufAllocatorUseCacheForAllThreads(45)) - PERFORMANCE WARNING: useCacheForAllThreads is true that may cause Netty to create a lot garbage objects and, as a result, trigger GC.
	It is recommended to disable useCacheForAllThreads by setting -Dorg.apache.ratis.thirdparty.io.netty.allocator.useCacheForAllThreads=false in command line.
2019-09-24 18:15:49,274 [main] INFO  grpc.GrpcConfigKeys$Server (ConfUtils.java:logGet(43)) - raft.grpc.server.port = 0 (default)
2019-09-24 18:15:49,274 [main] INFO  server.GrpcService (ConfUtils.java:logGet(43)) - raft.grpc.message.size.max = 33570816 (custom)
2019-09-24 18:15:49,274 [main] INFO  server.RaftServerConfigKeys (ConfUtils.java:logGet(43)) - raft.server.log.appender.buffer.byte-limit = 33554432 (custom)
2019-09-24 18:15:49,275 [main] INFO  server.GrpcService (ConfUtils.java:logGet(43)) - raft.grpc.flow.control.window = 1MB (=1048576) (default)
2019-09-24 18:15:49,275 [main] INFO  server.RaftServerConfigKeys (ConfUtils.java:logGet(43)) - raft.server.rpc.request.timeout = 3000ms (default)
2019-09-24 18:15:49,275 [main] INFO  server.RaftServerConfigKeys (ConfUtils.java:logGet(43)) - raft.server.storage.dir = [/workdir/hadoop-ozone/integration-test/target/test-dir/MiniOzoneClusterImpl-2256e15c-84c9-46bf-b493-19471620b231/datanode-2/data/ratis] (custom)
2019-09-24 18:15:49,277 [main] INFO  hdfs.DFSUtil (DFSUtil.java:httpServerTemplateForNNAndJN(1641)) - Starting Web-server for hddsDatanode at: http://0.0.0.0:0
2019-09-24 18:15:49,278 [main] INFO  server.AuthenticationFilter (AuthenticationFilter.java:constructSecretProvider(240)) - Unable to initialize FileSignerSecretProvider, falling back to use random secrets.
2019-09-24 18:15:49,278 [main] WARN  http.HttpRequestLog (HttpRequestLog.java:getRequestLog(97)) - Jetty request log can only be enabled using Log4j
2019-09-24 18:15:49,280 [main] INFO  http.HttpServer2 (HttpServer2.java:addGlobalFilter(975)) - Added global filter 'safety' (class=org.apache.hadoop.http.HttpServer2$QuotingInputFilter)
2019-09-24 18:15:49,281 [main] INFO  http.HttpServer2 (HttpServer2.java:addFilter(948)) - Added filter static_user_filter (class=org.apache.hadoop.http.lib.StaticUserWebFilter$StaticUserFilter) to context hddsDatanode
2019-09-24 18:15:49,281 [main] INFO  http.HttpServer2 (HttpServer2.java:addFilter(958)) - Added filter static_user_filter (class=org.apache.hadoop.http.lib.StaticUserWebFilter$StaticUserFilter) to context logs
2019-09-24 18:15:49,281 [main] INFO  http.HttpServer2 (HttpServer2.java:addFilter(958)) - Added filter static_user_filter (class=org.apache.hadoop.http.lib.StaticUserWebFilter$StaticUserFilter) to context static
2019-09-24 18:15:49,282 [main] INFO  http.HttpServer2 (HttpServer2.java:bindListener(1191)) - Jetty bound to port 36340
2019-09-24 18:15:49,282 [main] INFO  server.Server (Server.java:doStart(351)) - jetty-9.3.25.v20180904, build timestamp: 2018-09-04T21:11:46Z, git hash: 3ce520221d0240229c862b122d2b06c12a625732
2019-09-24 18:15:49,284 [main] INFO  handler.ContextHandler (ContextHandler.java:doStart(781)) - Started o.e.j.s.ServletContextHandler@655f69da{/logs,file:///workdir/hadoop-ozone/integration-test/target/log,AVAILABLE}
2019-09-24 18:15:49,285 [main] INFO  handler.ContextHandler (ContextHandler.java:doStart(781)) - Started o.e.j.s.ServletContextHandler@28369db0{/static,jar:file:/home/user/.m2/repository/org/apache/hadoop/hadoop-hdds-container-service/0.5.0-SNAPSHOT/hadoop-hdds-container-service-0.5.0-SNAPSHOT.jar!/webapps/static,AVAILABLE}
2019-09-24 18:15:49,313 [main] INFO  handler.ContextHandler (ContextHandler.java:doStart(781)) - Started o.e.j.w.WebAppContext@51dae791{/,file:///tmp/jetty-0.0.0.0-36340-hddsDatanode-_-any-7065412711147040409.dir/webapp/,AVAILABLE}{/hddsDatanode}
2019-09-24 18:15:49,313 [main] INFO  server.AbstractConnector (AbstractConnector.java:doStart(278)) - Started ServerConnector@688a2c09{HTTP/1.1,[http/1.1]}{0.0.0.0:36340}
2019-09-24 18:15:49,314 [main] INFO  server.Server (Server.java:doStart(419)) - Started @72192ms
2019-09-24 18:15:49,314 [main] WARN  impl.MetricsSystemImpl (MetricsSystemImpl.java:register(276)) - Sink prometheus already exists!
2019-09-24 18:15:49,315 [main] INFO  server.BaseHttpServer (BaseHttpServer.java:updateConnectorAddress(215)) - HTTP server of HDDSDATANODE is listening at http://0.0.0.0:36340
2019-09-24 18:15:49,315 [main] INFO  impl.MetricsSystemImpl (MetricsSystemImpl.java:init(158)) - HddsDatanode metrics system started (again)
2019-09-24 18:15:49,318 [main] INFO  ozone.HddsDatanodeService (HddsDatanodeService.java:start(184)) - HddsDatanodeService host:pr-hdds-2171-6l6hb-1841322612 ip:192.168.36.84
2019-09-24 18:15:49,318 [org.apache.hadoop.util.JvmPauseMonitor$Monitor@94d595f] INFO  util.JvmPauseMonitor (JvmPauseMonitor.java:run(188)) - Starting JVM pause monitor
2019-09-24 18:15:49,322 [Datanode State Machine Thread - 0] INFO  datanode.InitDatanodeState (InitDatanodeState.java:persistContainerDatanodeDetails(140)) - DatanodeDetails is persisted to /workdir/hadoop-ozone/integration-test/target/test-dir/MiniOzoneClusterImpl-2256e15c-84c9-46bf-b493-19471620b231/datanode-2/meta/datanode.id
2019-09-24 18:15:49,324 [main] INFO  volume.HddsVolume (HddsVolume.java:<init>(176)) - Creating Volume: /workdir/hadoop-ozone/integration-test/target/test-dir/MiniOzoneClusterImpl-2256e15c-84c9-46bf-b493-19471620b231/datanode-3/data/containers/hdds of  storage type : DISK and capacity : 1482555576320
2019-09-24 18:15:49,325 [main] INFO  volume.VolumeSet (VolumeSet.java:initializeVolumeSet(170)) - Added Volume : /workdir/hadoop-ozone/integration-test/target/test-dir/MiniOzoneClusterImpl-2256e15c-84c9-46bf-b493-19471620b231/datanode-3/data/containers/hdds to VolumeSet
2019-09-24 18:15:49,325 [main] INFO  volume.ThrottledAsyncChecker (ThrottledAsyncChecker.java:schedule(139)) - Scheduling a check for org.apache.hadoop.ozone.container.common.volume.HddsVolume@19a20bb2
2019-09-24 18:15:49,326 [main] INFO  volume.HddsVolumeChecker (HddsVolumeChecker.java:checkAllVolumes(202)) - Scheduled health check for volume org.apache.hadoop.ozone.container.common.volume.HddsVolume@19a20bb2
2019-09-24 18:15:49,340 [main] INFO  impl.RaftServerProxy (ConfUtils.java:logGet(43)) - raft.rpc.type = GRPC (default)
2019-09-24 18:15:49,340 [main] INFO  grpc.GrpcFactory (GrpcFactory.java:checkPooledByteBufAllocatorUseCacheForAllThreads(45)) - PERFORMANCE WARNING: useCacheForAllThreads is true that may cause Netty to create a lot garbage objects and, as a result, trigger GC.
	It is recommended to disable useCacheForAllThreads by setting -Dorg.apache.ratis.thirdparty.io.netty.allocator.useCacheForAllThreads=false in command line.
2019-09-24 18:15:49,340 [main] INFO  grpc.GrpcConfigKeys$Server (ConfUtils.java:logGet(43)) - raft.grpc.server.port = 0 (default)
2019-09-24 18:15:49,340 [main] INFO  server.GrpcService (ConfUtils.java:logGet(43)) - raft.grpc.message.size.max = 33570816 (custom)
2019-09-24 18:15:49,341 [main] INFO  server.RaftServerConfigKeys (ConfUtils.java:logGet(43)) - raft.server.log.appender.buffer.byte-limit = 33554432 (custom)
2019-09-24 18:15:49,341 [main] INFO  server.GrpcService (ConfUtils.java:logGet(43)) - raft.grpc.flow.control.window = 1MB (=1048576) (default)
2019-09-24 18:15:49,341 [main] INFO  server.RaftServerConfigKeys (ConfUtils.java:logGet(43)) - raft.server.rpc.request.timeout = 3000ms (default)
2019-09-24 18:15:49,341 [main] INFO  server.RaftServerConfigKeys (ConfUtils.java:logGet(43)) - raft.server.storage.dir = [/workdir/hadoop-ozone/integration-test/target/test-dir/MiniOzoneClusterImpl-2256e15c-84c9-46bf-b493-19471620b231/datanode-3/data/ratis] (custom)
2019-09-24 18:15:49,343 [main] INFO  hdfs.DFSUtil (DFSUtil.java:httpServerTemplateForNNAndJN(1641)) - Starting Web-server for hddsDatanode at: http://0.0.0.0:0
2019-09-24 18:15:49,345 [main] INFO  server.AuthenticationFilter (AuthenticationFilter.java:constructSecretProvider(240)) - Unable to initialize FileSignerSecretProvider, falling back to use random secrets.
2019-09-24 18:15:49,346 [main] WARN  http.HttpRequestLog (HttpRequestLog.java:getRequestLog(97)) - Jetty request log can only be enabled using Log4j
2019-09-24 18:15:49,348 [main] INFO  http.HttpServer2 (HttpServer2.java:addGlobalFilter(975)) - Added global filter 'safety' (class=org.apache.hadoop.http.HttpServer2$QuotingInputFilter)
2019-09-24 18:15:49,349 [main] INFO  http.HttpServer2 (HttpServer2.java:addFilter(948)) - Added filter static_user_filter (class=org.apache.hadoop.http.lib.StaticUserWebFilter$StaticUserFilter) to context hddsDatanode
2019-09-24 18:15:49,349 [main] INFO  http.HttpServer2 (HttpServer2.java:addFilter(958)) - Added filter static_user_filter (class=org.apache.hadoop.http.lib.StaticUserWebFilter$StaticUserFilter) to context static
2019-09-24 18:15:49,349 [main] INFO  http.HttpServer2 (HttpServer2.java:addFilter(958)) - Added filter static_user_filter (class=org.apache.hadoop.http.lib.StaticUserWebFilter$StaticUserFilter) to context logs
2019-09-24 18:15:49,350 [main] INFO  http.HttpServer2 (HttpServer2.java:bindListener(1191)) - Jetty bound to port 36531
2019-09-24 18:15:49,350 [main] INFO  server.Server (Server.java:doStart(351)) - jetty-9.3.25.v20180904, build timestamp: 2018-09-04T21:11:46Z, git hash: 3ce520221d0240229c862b122d2b06c12a625732
2019-09-24 18:15:49,353 [main] INFO  handler.ContextHandler (ContextHandler.java:doStart(781)) - Started o.e.j.s.ServletContextHandler@3667faa8{/logs,file:///workdir/hadoop-ozone/integration-test/target/log,AVAILABLE}
2019-09-24 18:15:49,353 [main] INFO  handler.ContextHandler (ContextHandler.java:doStart(781)) - Started o.e.j.s.ServletContextHandler@3138953b{/static,jar:file:/home/user/.m2/repository/org/apache/hadoop/hadoop-hdds-container-service/0.5.0-SNAPSHOT/hadoop-hdds-container-service-0.5.0-SNAPSHOT.jar!/webapps/static,AVAILABLE}
2019-09-24 18:15:49,396 [main] INFO  handler.ContextHandler (ContextHandler.java:doStart(781)) - Started o.e.j.w.WebAppContext@5c7dfc05{/,file:///tmp/jetty-0.0.0.0-36531-hddsDatanode-_-any-2431376466705088101.dir/webapp/,AVAILABLE}{/hddsDatanode}
2019-09-24 18:15:49,397 [main] INFO  server.AbstractConnector (AbstractConnector.java:doStart(278)) - Started ServerConnector@345d053b{HTTP/1.1,[http/1.1]}{0.0.0.0:36531}
2019-09-24 18:15:49,398 [main] INFO  server.Server (Server.java:doStart(419)) - Started @72276ms
2019-09-24 18:15:49,399 [main] WARN  impl.MetricsSystemImpl (MetricsSystemImpl.java:register(276)) - Sink prometheus already exists!
2019-09-24 18:15:49,399 [main] INFO  server.BaseHttpServer (BaseHttpServer.java:updateConnectorAddress(215)) - HTTP server of HDDSDATANODE is listening at http://0.0.0.0:36531
2019-09-24 18:15:49,400 [main] INFO  impl.MetricsSystemImpl (MetricsSystemImpl.java:init(158)) - HddsDatanode metrics system started (again)
2019-09-24 18:15:49,403 [org.apache.hadoop.util.JvmPauseMonitor$Monitor@5f7ef8e6] INFO  util.JvmPauseMonitor (JvmPauseMonitor.java:run(188)) - Starting JVM pause monitor
2019-09-24 18:15:49,404 [main] INFO  ozone.HddsDatanodeService (HddsDatanodeService.java:start(184)) - HddsDatanodeService host:pr-hdds-2171-6l6hb-1841322612 ip:192.168.36.84
2019-09-24 18:15:49,406 [Datanode State Machine Thread - 0] INFO  datanode.InitDatanodeState (InitDatanodeState.java:persistContainerDatanodeDetails(140)) - DatanodeDetails is persisted to /workdir/hadoop-ozone/integration-test/target/test-dir/MiniOzoneClusterImpl-2256e15c-84c9-46bf-b493-19471620b231/datanode-3/meta/datanode.id
2019-09-24 18:15:49,410 [main] INFO  volume.HddsVolume (HddsVolume.java:<init>(176)) - Creating Volume: /workdir/hadoop-ozone/integration-test/target/test-dir/MiniOzoneClusterImpl-2256e15c-84c9-46bf-b493-19471620b231/datanode-4/data/containers/hdds of  storage type : DISK and capacity : 1482555576320
2019-09-24 18:15:49,410 [main] INFO  volume.VolumeSet (VolumeSet.java:initializeVolumeSet(170)) - Added Volume : /workdir/hadoop-ozone/integration-test/target/test-dir/MiniOzoneClusterImpl-2256e15c-84c9-46bf-b493-19471620b231/datanode-4/data/containers/hdds to VolumeSet
2019-09-24 18:15:49,410 [main] INFO  volume.ThrottledAsyncChecker (ThrottledAsyncChecker.java:schedule(139)) - Scheduling a check for org.apache.hadoop.ozone.container.common.volume.HddsVolume@2dbfcf7
2019-09-24 18:15:49,411 [main] INFO  volume.HddsVolumeChecker (HddsVolumeChecker.java:checkAllVolumes(202)) - Scheduled health check for volume org.apache.hadoop.ozone.container.common.volume.HddsVolume@2dbfcf7
2019-09-24 18:15:49,425 [main] INFO  impl.RaftServerProxy (ConfUtils.java:logGet(43)) - raft.rpc.type = GRPC (default)
2019-09-24 18:15:49,425 [main] INFO  grpc.GrpcFactory (GrpcFactory.java:checkPooledByteBufAllocatorUseCacheForAllThreads(45)) - PERFORMANCE WARNING: useCacheForAllThreads is true that may cause Netty to create a lot garbage objects and, as a result, trigger GC.
	It is recommended to disable useCacheForAllThreads by setting -Dorg.apache.ratis.thirdparty.io.netty.allocator.useCacheForAllThreads=false in command line.
2019-09-24 18:15:49,425 [main] INFO  grpc.GrpcConfigKeys$Server (ConfUtils.java:logGet(43)) - raft.grpc.server.port = 0 (default)
2019-09-24 18:15:49,425 [main] INFO  server.GrpcService (ConfUtils.java:logGet(43)) - raft.grpc.message.size.max = 33570816 (custom)
2019-09-24 18:15:49,425 [main] INFO  server.RaftServerConfigKeys (ConfUtils.java:logGet(43)) - raft.server.log.appender.buffer.byte-limit = 33554432 (custom)
2019-09-24 18:15:49,426 [main] INFO  server.GrpcService (ConfUtils.java:logGet(43)) - raft.grpc.flow.control.window = 1MB (=1048576) (default)
2019-09-24 18:15:49,426 [main] INFO  server.RaftServerConfigKeys (ConfUtils.java:logGet(43)) - raft.server.rpc.request.timeout = 3000ms (default)
2019-09-24 18:15:49,426 [main] INFO  server.RaftServerConfigKeys (ConfUtils.java:logGet(43)) - raft.server.storage.dir = [/workdir/hadoop-ozone/integration-test/target/test-dir/MiniOzoneClusterImpl-2256e15c-84c9-46bf-b493-19471620b231/datanode-4/data/ratis] (custom)
2019-09-24 18:15:49,428 [main] INFO  hdfs.DFSUtil (DFSUtil.java:httpServerTemplateForNNAndJN(1641)) - Starting Web-server for hddsDatanode at: http://0.0.0.0:0
2019-09-24 18:15:49,429 [main] INFO  server.AuthenticationFilter (AuthenticationFilter.java:constructSecretProvider(240)) - Unable to initialize FileSignerSecretProvider, falling back to use random secrets.
2019-09-24 18:15:49,430 [main] WARN  http.HttpRequestLog (HttpRequestLog.java:getRequestLog(97)) - Jetty request log can only be enabled using Log4j
2019-09-24 18:15:49,431 [main] INFO  http.HttpServer2 (HttpServer2.java:addGlobalFilter(975)) - Added global filter 'safety' (class=org.apache.hadoop.http.HttpServer2$QuotingInputFilter)
2019-09-24 18:15:49,432 [main] INFO  http.HttpServer2 (HttpServer2.java:addFilter(948)) - Added filter static_user_filter (class=org.apache.hadoop.http.lib.StaticUserWebFilter$StaticUserFilter) to context hddsDatanode
2019-09-24 18:15:49,432 [main] INFO  http.HttpServer2 (HttpServer2.java:addFilter(958)) - Added filter static_user_filter (class=org.apache.hadoop.http.lib.StaticUserWebFilter$StaticUserFilter) to context static
2019-09-24 18:15:49,433 [main] INFO  http.HttpServer2 (HttpServer2.java:addFilter(958)) - Added filter static_user_filter (class=org.apache.hadoop.http.lib.StaticUserWebFilter$StaticUserFilter) to context logs
2019-09-24 18:15:49,433 [main] INFO  http.HttpServer2 (HttpServer2.java:bindListener(1191)) - Jetty bound to port 43268
2019-09-24 18:15:49,433 [main] INFO  server.Server (Server.java:doStart(351)) - jetty-9.3.25.v20180904, build timestamp: 2018-09-04T21:11:46Z, git hash: 3ce520221d0240229c862b122d2b06c12a625732
2019-09-24 18:15:49,436 [main] INFO  handler.ContextHandler (ContextHandler.java:doStart(781)) - Started o.e.j.s.ServletContextHandler@1015a4b9{/logs,file:///workdir/hadoop-ozone/integration-test/target/log,AVAILABLE}
2019-09-24 18:15:49,436 [main] INFO  handler.ContextHandler (ContextHandler.java:doStart(781)) - Started o.e.j.s.ServletContextHandler@7bf01cb{/static,jar:file:/home/user/.m2/repository/org/apache/hadoop/hadoop-hdds-container-service/0.5.0-SNAPSHOT/hadoop-hdds-container-service-0.5.0-SNAPSHOT.jar!/webapps/static,AVAILABLE}
2019-09-24 18:15:49,475 [main] INFO  handler.ContextHandler (ContextHandler.java:doStart(781)) - Started o.e.j.w.WebAppContext@7affc159{/,file:///tmp/jetty-0.0.0.0-43268-hddsDatanode-_-any-6560598389292788118.dir/webapp/,AVAILABLE}{/hddsDatanode}
2019-09-24 18:15:49,475 [main] INFO  server.AbstractConnector (AbstractConnector.java:doStart(278)) - Started ServerConnector@1682c08c{HTTP/1.1,[http/1.1]}{0.0.0.0:43268}
2019-09-24 18:15:49,476 [main] INFO  server.Server (Server.java:doStart(419)) - Started @72354ms
2019-09-24 18:15:49,477 [main] WARN  impl.MetricsSystemImpl (MetricsSystemImpl.java:register(276)) - Sink prometheus already exists!
2019-09-24 18:15:49,478 [main] INFO  server.BaseHttpServer (BaseHttpServer.java:updateConnectorAddress(215)) - HTTP server of HDDSDATANODE is listening at http://0.0.0.0:43268
2019-09-24 18:15:49,478 [main] INFO  impl.MetricsSystemImpl (MetricsSystemImpl.java:init(158)) - HddsDatanode metrics system started (again)
2019-09-24 18:15:49,482 [org.apache.hadoop.util.JvmPauseMonitor$Monitor@7e36acb2] INFO  util.JvmPauseMonitor (JvmPauseMonitor.java:run(188)) - Starting JVM pause monitor
2019-09-24 18:15:49,483 [main] INFO  ozone.HddsDatanodeService (HddsDatanodeService.java:start(184)) - HddsDatanodeService host:pr-hdds-2171-6l6hb-1841322612 ip:192.168.36.84
2019-09-24 18:15:49,485 [Datanode State Machine Thread - 0] INFO  datanode.InitDatanodeState (InitDatanodeState.java:persistContainerDatanodeDetails(140)) - DatanodeDetails is persisted to /workdir/hadoop-ozone/integration-test/target/test-dir/MiniOzoneClusterImpl-2256e15c-84c9-46bf-b493-19471620b231/datanode-4/meta/datanode.id
2019-09-24 18:15:49,489 [main] INFO  volume.HddsVolume (HddsVolume.java:<init>(176)) - Creating Volume: /workdir/hadoop-ozone/integration-test/target/test-dir/MiniOzoneClusterImpl-2256e15c-84c9-46bf-b493-19471620b231/datanode-5/data/containers/hdds of  storage type : DISK and capacity : 1482555576320
2019-09-24 18:15:49,489 [main] INFO  volume.VolumeSet (VolumeSet.java:initializeVolumeSet(170)) - Added Volume : /workdir/hadoop-ozone/integration-test/target/test-dir/MiniOzoneClusterImpl-2256e15c-84c9-46bf-b493-19471620b231/datanode-5/data/containers/hdds to VolumeSet
2019-09-24 18:15:49,489 [main] INFO  volume.ThrottledAsyncChecker (ThrottledAsyncChecker.java:schedule(139)) - Scheduling a check for org.apache.hadoop.ozone.container.common.volume.HddsVolume@44fdce3c
2019-09-24 18:15:49,490 [main] INFO  volume.HddsVolumeChecker (HddsVolumeChecker.java:checkAllVolumes(202)) - Scheduled health check for volume org.apache.hadoop.ozone.container.common.volume.HddsVolume@44fdce3c
2019-09-24 18:15:49,507 [main] INFO  impl.RaftServerProxy (ConfUtils.java:logGet(43)) - raft.rpc.type = GRPC (default)
2019-09-24 18:15:49,508 [main] INFO  grpc.GrpcFactory (GrpcFactory.java:checkPooledByteBufAllocatorUseCacheForAllThreads(45)) - PERFORMANCE WARNING: useCacheForAllThreads is true that may cause Netty to create a lot garbage objects and, as a result, trigger GC.
	It is recommended to disable useCacheForAllThreads by setting -Dorg.apache.ratis.thirdparty.io.netty.allocator.useCacheForAllThreads=false in command line.
2019-09-24 18:15:49,508 [main] INFO  grpc.GrpcConfigKeys$Server (ConfUtils.java:logGet(43)) - raft.grpc.server.port = 0 (default)
2019-09-24 18:15:49,508 [main] INFO  server.GrpcService (ConfUtils.java:logGet(43)) - raft.grpc.message.size.max = 33570816 (custom)
2019-09-24 18:15:49,508 [main] INFO  server.RaftServerConfigKeys (ConfUtils.java:logGet(43)) - raft.server.log.appender.buffer.byte-limit = 33554432 (custom)
2019-09-24 18:15:49,509 [main] INFO  server.GrpcService (ConfUtils.java:logGet(43)) - raft.grpc.flow.control.window = 1MB (=1048576) (default)
2019-09-24 18:15:49,509 [main] INFO  server.RaftServerConfigKeys (ConfUtils.java:logGet(43)) - raft.server.rpc.request.timeout = 3000ms (default)
2019-09-24 18:15:49,509 [main] INFO  server.RaftServerConfigKeys (ConfUtils.java:logGet(43)) - raft.server.storage.dir = [/workdir/hadoop-ozone/integration-test/target/test-dir/MiniOzoneClusterImpl-2256e15c-84c9-46bf-b493-19471620b231/datanode-5/data/ratis] (custom)
2019-09-24 18:15:49,511 [main] INFO  hdfs.DFSUtil (DFSUtil.java:httpServerTemplateForNNAndJN(1641)) - Starting Web-server for hddsDatanode at: http://0.0.0.0:0
2019-09-24 18:15:49,513 [main] INFO  server.AuthenticationFilter (AuthenticationFilter.java:constructSecretProvider(240)) - Unable to initialize FileSignerSecretProvider, falling back to use random secrets.
2019-09-24 18:15:49,513 [main] WARN  http.HttpRequestLog (HttpRequestLog.java:getRequestLog(97)) - Jetty request log can only be enabled using Log4j
2019-09-24 18:15:49,515 [main] INFO  http.HttpServer2 (HttpServer2.java:addGlobalFilter(975)) - Added global filter 'safety' (class=org.apache.hadoop.http.HttpServer2$QuotingInputFilter)
2019-09-24 18:15:49,515 [main] INFO  http.HttpServer2 (HttpServer2.java:addFilter(948)) - Added filter static_user_filter (class=org.apache.hadoop.http.lib.StaticUserWebFilter$StaticUserFilter) to context hddsDatanode
2019-09-24 18:15:49,516 [main] INFO  http.HttpServer2 (HttpServer2.java:addFilter(958)) - Added filter static_user_filter (class=org.apache.hadoop.http.lib.StaticUserWebFilter$StaticUserFilter) to context logs
2019-09-24 18:15:49,516 [main] INFO  http.HttpServer2 (HttpServer2.java:addFilter(958)) - Added filter static_user_filter (class=org.apache.hadoop.http.lib.StaticUserWebFilter$StaticUserFilter) to context static
2019-09-24 18:15:49,517 [main] INFO  http.HttpServer2 (HttpServer2.java:bindListener(1191)) - Jetty bound to port 44077
2019-09-24 18:15:49,517 [main] INFO  server.Server (Server.java:doStart(351)) - jetty-9.3.25.v20180904, build timestamp: 2018-09-04T21:11:46Z, git hash: 3ce520221d0240229c862b122d2b06c12a625732
2019-09-24 18:15:49,519 [main] INFO  handler.ContextHandler (ContextHandler.java:doStart(781)) - Started o.e.j.s.ServletContextHandler@6c8dbf56{/logs,file:///workdir/hadoop-ozone/integration-test/target/log,AVAILABLE}
2019-09-24 18:15:49,519 [main] INFO  handler.ContextHandler (ContextHandler.java:doStart(781)) - Started o.e.j.s.ServletContextHandler@36c2d629{/static,jar:file:/home/user/.m2/repository/org/apache/hadoop/hadoop-hdds-container-service/0.5.0-SNAPSHOT/hadoop-hdds-container-service-0.5.0-SNAPSHOT.jar!/webapps/static,AVAILABLE}
2019-09-24 18:15:49,551 [main] INFO  handler.ContextHandler (ContextHandler.java:doStart(781)) - Started o.e.j.w.WebAppContext@1e692555{/,file:///tmp/jetty-0.0.0.0-44077-hddsDatanode-_-any-4069605119940158670.dir/webapp/,AVAILABLE}{/hddsDatanode}
2019-09-24 18:15:49,551 [main] INFO  server.AbstractConnector (AbstractConnector.java:doStart(278)) - Started ServerConnector@3ba0ae41{HTTP/1.1,[http/1.1]}{0.0.0.0:44077}
2019-09-24 18:15:49,553 [main] INFO  server.Server (Server.java:doStart(419)) - Started @72430ms
2019-09-24 18:15:49,553 [main] WARN  impl.MetricsSystemImpl (MetricsSystemImpl.java:register(276)) - Sink prometheus already exists!
2019-09-24 18:15:49,554 [main] INFO  server.BaseHttpServer (BaseHttpServer.java:updateConnectorAddress(215)) - HTTP server of HDDSDATANODE is listening at http://0.0.0.0:44077
2019-09-24 18:15:49,554 [main] INFO  impl.MetricsSystemImpl (MetricsSystemImpl.java:init(158)) - HddsDatanode metrics system started (again)
2019-09-24 18:15:49,560 [org.apache.hadoop.util.JvmPauseMonitor$Monitor@3e8ccd5d] INFO  util.JvmPauseMonitor (JvmPauseMonitor.java:run(188)) - Starting JVM pause monitor
2019-09-24 18:15:49,560 [main] INFO  ozone.HddsDatanodeService (HddsDatanodeService.java:start(184)) - HddsDatanodeService host:pr-hdds-2171-6l6hb-1841322612 ip:192.168.36.84
2019-09-24 18:15:49,562 [Datanode State Machine Thread - 0] INFO  datanode.InitDatanodeState (InitDatanodeState.java:persistContainerDatanodeDetails(140)) - DatanodeDetails is persisted to /workdir/hadoop-ozone/integration-test/target/test-dir/MiniOzoneClusterImpl-2256e15c-84c9-46bf-b493-19471620b231/datanode-5/meta/datanode.id
2019-09-24 18:15:49,566 [main] INFO  volume.HddsVolume (HddsVolume.java:<init>(176)) - Creating Volume: /workdir/hadoop-ozone/integration-test/target/test-dir/MiniOzoneClusterImpl-2256e15c-84c9-46bf-b493-19471620b231/datanode-6/data/containers/hdds of  storage type : DISK and capacity : 1482555576320
2019-09-24 18:15:49,567 [main] INFO  volume.VolumeSet (VolumeSet.java:initializeVolumeSet(170)) - Added Volume : /workdir/hadoop-ozone/integration-test/target/test-dir/MiniOzoneClusterImpl-2256e15c-84c9-46bf-b493-19471620b231/datanode-6/data/containers/hdds to VolumeSet
2019-09-24 18:15:49,567 [main] INFO  volume.ThrottledAsyncChecker (ThrottledAsyncChecker.java:schedule(139)) - Scheduling a check for org.apache.hadoop.ozone.container.common.volume.HddsVolume@6ef60295
2019-09-24 18:15:49,567 [main] INFO  volume.HddsVolumeChecker (HddsVolumeChecker.java:checkAllVolumes(202)) - Scheduled health check for volume org.apache.hadoop.ozone.container.common.volume.HddsVolume@6ef60295
2019-09-24 18:15:49,581 [main] INFO  impl.RaftServerProxy (ConfUtils.java:logGet(43)) - raft.rpc.type = GRPC (default)
2019-09-24 18:15:49,581 [main] INFO  grpc.GrpcFactory (GrpcFactory.java:checkPooledByteBufAllocatorUseCacheForAllThreads(45)) - PERFORMANCE WARNING: useCacheForAllThreads is true that may cause Netty to create a lot garbage objects and, as a result, trigger GC.
	It is recommended to disable useCacheForAllThreads by setting -Dorg.apache.ratis.thirdparty.io.netty.allocator.useCacheForAllThreads=false in command line.
2019-09-24 18:15:49,581 [main] INFO  grpc.GrpcConfigKeys$Server (ConfUtils.java:logGet(43)) - raft.grpc.server.port = 0 (default)
2019-09-24 18:15:49,581 [main] INFO  server.GrpcService (ConfUtils.java:logGet(43)) - raft.grpc.message.size.max = 33570816 (custom)
2019-09-24 18:15:49,582 [main] INFO  server.RaftServerConfigKeys (ConfUtils.java:logGet(43)) - raft.server.log.appender.buffer.byte-limit = 33554432 (custom)
2019-09-24 18:15:49,582 [main] INFO  server.GrpcService (ConfUtils.java:logGet(43)) - raft.grpc.flow.control.window = 1MB (=1048576) (default)
2019-09-24 18:15:49,582 [main] INFO  server.RaftServerConfigKeys (ConfUtils.java:logGet(43)) - raft.server.rpc.request.timeout = 3000ms (default)
2019-09-24 18:15:49,583 [main] INFO  server.RaftServerConfigKeys (ConfUtils.java:logGet(43)) - raft.server.storage.dir = [/workdir/hadoop-ozone/integration-test/target/test-dir/MiniOzoneClusterImpl-2256e15c-84c9-46bf-b493-19471620b231/datanode-6/data/ratis] (custom)
2019-09-24 18:15:49,584 [main] INFO  hdfs.DFSUtil (DFSUtil.java:httpServerTemplateForNNAndJN(1641)) - Starting Web-server for hddsDatanode at: http://0.0.0.0:0
2019-09-24 18:15:49,586 [main] INFO  server.AuthenticationFilter (AuthenticationFilter.java:constructSecretProvider(240)) - Unable to initialize FileSignerSecretProvider, falling back to use random secrets.
2019-09-24 18:15:49,586 [main] WARN  http.HttpRequestLog (HttpRequestLog.java:getRequestLog(97)) - Jetty request log can only be enabled using Log4j
2019-09-24 18:15:49,589 [main] INFO  http.HttpServer2 (HttpServer2.java:addGlobalFilter(975)) - Added global filter 'safety' (class=org.apache.hadoop.http.HttpServer2$QuotingInputFilter)
2019-09-24 18:15:49,589 [main] INFO  http.HttpServer2 (HttpServer2.java:addFilter(948)) - Added filter static_user_filter (class=org.apache.hadoop.http.lib.StaticUserWebFilter$StaticUserFilter) to context hddsDatanode
2019-09-24 18:15:49,590 [main] INFO  http.HttpServer2 (HttpServer2.java:addFilter(958)) - Added filter static_user_filter (class=org.apache.hadoop.http.lib.StaticUserWebFilter$StaticUserFilter) to context static
2019-09-24 18:15:49,590 [main] INFO  http.HttpServer2 (HttpServer2.java:addFilter(958)) - Added filter static_user_filter (class=org.apache.hadoop.http.lib.StaticUserWebFilter$StaticUserFilter) to context logs
2019-09-24 18:15:49,591 [main] INFO  http.HttpServer2 (HttpServer2.java:bindListener(1191)) - Jetty bound to port 36910
2019-09-24 18:15:49,591 [main] INFO  server.Server (Server.java:doStart(351)) - jetty-9.3.25.v20180904, build timestamp: 2018-09-04T21:11:46Z, git hash: 3ce520221d0240229c862b122d2b06c12a625732
2019-09-24 18:15:49,593 [main] INFO  handler.ContextHandler (ContextHandler.java:doStart(781)) - Started o.e.j.s.ServletContextHandler@22c53d82{/logs,file:///workdir/hadoop-ozone/integration-test/target/log,AVAILABLE}
2019-09-24 18:15:49,594 [main] INFO  handler.ContextHandler (ContextHandler.java:doStart(781)) - Started o.e.j.s.ServletContextHandler@68d6d775{/static,jar:file:/home/user/.m2/repository/org/apache/hadoop/hadoop-hdds-container-service/0.5.0-SNAPSHOT/hadoop-hdds-container-service-0.5.0-SNAPSHOT.jar!/webapps/static,AVAILABLE}
2019-09-24 18:15:49,633 [main] INFO  handler.ContextHandler (ContextHandler.java:doStart(781)) - Started o.e.j.w.WebAppContext@52b46d52{/,file:///tmp/jetty-0.0.0.0-36910-hddsDatanode-_-any-26769950265116804.dir/webapp/,AVAILABLE}{/hddsDatanode}
2019-09-24 18:15:49,634 [main] INFO  server.AbstractConnector (AbstractConnector.java:doStart(278)) - Started ServerConnector@7327a447{HTTP/1.1,[http/1.1]}{0.0.0.0:36910}
2019-09-24 18:15:49,635 [main] INFO  server.Server (Server.java:doStart(419)) - Started @72513ms
2019-09-24 18:15:49,635 [main] WARN  impl.MetricsSystemImpl (MetricsSystemImpl.java:register(276)) - Sink prometheus already exists!
2019-09-24 18:15:49,636 [main] INFO  server.BaseHttpServer (BaseHttpServer.java:updateConnectorAddress(215)) - HTTP server of HDDSDATANODE is listening at http://0.0.0.0:36910
2019-09-24 18:15:49,637 [main] INFO  ozone.MiniOzoneClusterImpl (MiniOzoneClusterImpl.java:lambda$waitForClusterToBeReady$0(147)) - Waiting for cluster to be ready. Got 0 of 7 DN Heartbeats.
2019-09-24 18:15:49,641 [org.apache.hadoop.util.JvmPauseMonitor$Monitor@1e066850] INFO  util.JvmPauseMonitor (JvmPauseMonitor.java:run(188)) - Starting JVM pause monitor
2019-09-24 18:15:49,643 [Datanode State Machine Thread - 0] INFO  datanode.InitDatanodeState (InitDatanodeState.java:persistContainerDatanodeDetails(140)) - DatanodeDetails is persisted to /workdir/hadoop-ozone/integration-test/target/test-dir/MiniOzoneClusterImpl-2256e15c-84c9-46bf-b493-19471620b231/datanode-6/meta/datanode.id
2019-09-24 18:15:50,641 [main] INFO  ozone.MiniOzoneClusterImpl (MiniOzoneClusterImpl.java:lambda$waitForClusterToBeReady$0(147)) - Waiting for cluster to be ready. Got 0 of 7 DN Heartbeats.
2019-09-24 18:15:51,201 [Datanode State Machine Thread - 0] INFO  ozoneimpl.OzoneContainer (OzoneContainer.java:start(217)) - Attempting to start container services.
2019-09-24 18:15:51,204 [Datanode State Machine Thread - 0] INFO  ozoneimpl.OzoneContainer (OzoneContainer.java:startContainerScrub(179)) - Background container scanner has been disabled.
2019-09-24 18:15:51,205 [Datanode State Machine Thread - 0] INFO  ratis.XceiverServerRatis (XceiverServerRatis.java:start(411)) - Starting XceiverServerRatis 36b0c052-cff8-4e12-9bf5-4de3d256c6bd at port 0
2019-09-24 18:15:51,212 [Datanode State Machine Thread - 0] INFO  impl.RaftServerProxy (RaftServerProxy.java:lambda$start$3(299)) - 36b0c052-cff8-4e12-9bf5-4de3d256c6bd: start RPC server
2019-09-24 18:15:51,215 [Datanode State Machine Thread - 0] INFO  server.GrpcService (GrpcService.java:startImpl(158)) - 36b0c052-cff8-4e12-9bf5-4de3d256c6bd: GrpcService started, listening on 0.0.0.0/0.0.0.0:41822
2019-09-24 18:15:51,215 [Datanode State Machine Thread - 0] INFO  ratis.XceiverServerRatis (XceiverServerRatis.java:start(421)) - XceiverServerRatis 36b0c052-cff8-4e12-9bf5-4de3d256c6bd is started using port 41822
2019-09-24 18:15:51,217 [Datanode State Machine Thread - 0] INFO  server.XceiverServerGrpc (XceiverServerGrpc.java:start(149)) - XceiverServerGrpc 36b0c052-cff8-4e12-9bf5-4de3d256c6bd is started using port 36509
2019-09-24 18:15:51,263 [Datanode State Machine Thread - 0] INFO  ozoneimpl.OzoneContainer (OzoneContainer.java:start(217)) - Attempting to start container services.
2019-09-24 18:15:51,266 [Datanode State Machine Thread - 0] INFO  ozoneimpl.OzoneContainer (OzoneContainer.java:startContainerScrub(179)) - Background container scanner has been disabled.
2019-09-24 18:15:51,266 [Datanode State Machine Thread - 0] INFO  ratis.XceiverServerRatis (XceiverServerRatis.java:start(411)) - Starting XceiverServerRatis 7c411084-5716-47c5-97f2-dc43e37e1edc at port 0
2019-09-24 18:15:51,272 [Datanode State Machine Thread - 0] INFO  impl.RaftServerProxy (RaftServerProxy.java:lambda$start$3(299)) - 7c411084-5716-47c5-97f2-dc43e37e1edc: start RPC server
2019-09-24 18:15:51,279 [Datanode State Machine Thread - 0] INFO  server.GrpcService (GrpcService.java:startImpl(158)) - 7c411084-5716-47c5-97f2-dc43e37e1edc: GrpcService started, listening on 0.0.0.0/0.0.0.0:35497
2019-09-24 18:15:51,279 [Datanode State Machine Thread - 0] INFO  ratis.XceiverServerRatis (XceiverServerRatis.java:start(421)) - XceiverServerRatis 7c411084-5716-47c5-97f2-dc43e37e1edc is started using port 35497
2019-09-24 18:15:51,280 [Datanode State Machine Thread - 0] INFO  server.XceiverServerGrpc (XceiverServerGrpc.java:start(149)) - XceiverServerGrpc 7c411084-5716-47c5-97f2-dc43e37e1edc is started using port 45151
2019-09-24 18:15:51,335 [Datanode State Machine Thread - 0] INFO  ozoneimpl.OzoneContainer (OzoneContainer.java:start(217)) - Attempting to start container services.
2019-09-24 18:15:51,340 [Datanode State Machine Thread - 0] INFO  ozoneimpl.OzoneContainer (OzoneContainer.java:startContainerScrub(179)) - Background container scanner has been disabled.
2019-09-24 18:15:51,341 [Datanode State Machine Thread - 0] INFO  ratis.XceiverServerRatis (XceiverServerRatis.java:start(411)) - Starting XceiverServerRatis c193ce51-f881-48bb-a5d6-6cdb2075116e at port 0
2019-09-24 18:15:51,348 [Datanode State Machine Thread - 0] INFO  impl.RaftServerProxy (RaftServerProxy.java:lambda$start$3(299)) - c193ce51-f881-48bb-a5d6-6cdb2075116e: start RPC server
2019-09-24 18:15:51,349 [Datanode State Machine Thread - 0] INFO  server.GrpcService (GrpcService.java:startImpl(158)) - c193ce51-f881-48bb-a5d6-6cdb2075116e: GrpcService started, listening on 0.0.0.0/0.0.0.0:43582
2019-09-24 18:15:51,349 [Datanode State Machine Thread - 0] INFO  ratis.XceiverServerRatis (XceiverServerRatis.java:start(421)) - XceiverServerRatis c193ce51-f881-48bb-a5d6-6cdb2075116e is started using port 43582
2019-09-24 18:15:51,355 [Datanode State Machine Thread - 0] INFO  server.XceiverServerGrpc (XceiverServerGrpc.java:start(149)) - XceiverServerGrpc c193ce51-f881-48bb-a5d6-6cdb2075116e is started using port 45484
2019-09-24 18:15:51,418 [Datanode State Machine Thread - 0] INFO  ozoneimpl.OzoneContainer (OzoneContainer.java:start(217)) - Attempting to start container services.
2019-09-24 18:15:51,418 [Datanode State Machine Thread - 0] INFO  ozoneimpl.OzoneContainer (OzoneContainer.java:startContainerScrub(179)) - Background container scanner has been disabled.
2019-09-24 18:15:51,419 [Datanode State Machine Thread - 0] INFO  ratis.XceiverServerRatis (XceiverServerRatis.java:start(411)) - Starting XceiverServerRatis 94129c48-23ca-4c90-a0ce-bb122b1a0582 at port 0
2019-09-24 18:15:51,426 [Datanode State Machine Thread - 0] INFO  impl.RaftServerProxy (RaftServerProxy.java:lambda$start$3(299)) - 94129c48-23ca-4c90-a0ce-bb122b1a0582: start RPC server
2019-09-24 18:15:51,427 [Datanode State Machine Thread - 0] INFO  server.GrpcService (GrpcService.java:startImpl(158)) - 94129c48-23ca-4c90-a0ce-bb122b1a0582: GrpcService started, listening on 0.0.0.0/0.0.0.0:34734
2019-09-24 18:15:51,427 [Datanode State Machine Thread - 0] INFO  ratis.XceiverServerRatis (XceiverServerRatis.java:start(421)) - XceiverServerRatis 94129c48-23ca-4c90-a0ce-bb122b1a0582 is started using port 34734
2019-09-24 18:15:51,428 [Datanode State Machine Thread - 0] INFO  server.XceiverServerGrpc (XceiverServerGrpc.java:start(149)) - XceiverServerGrpc 94129c48-23ca-4c90-a0ce-bb122b1a0582 is started using port 34836
2019-09-24 18:15:51,514 [Datanode State Machine Thread - 0] INFO  ozoneimpl.OzoneContainer (OzoneContainer.java:start(217)) - Attempting to start container services.
2019-09-24 18:15:51,514 [Datanode State Machine Thread - 0] INFO  ozoneimpl.OzoneContainer (OzoneContainer.java:startContainerScrub(179)) - Background container scanner has been disabled.
2019-09-24 18:15:51,514 [Datanode State Machine Thread - 0] INFO  ratis.XceiverServerRatis (XceiverServerRatis.java:start(411)) - Starting XceiverServerRatis 5d2d95be-6b28-4ecf-b7b7-7d783f42b699 at port 0
2019-09-24 18:15:51,521 [Datanode State Machine Thread - 0] INFO  impl.RaftServerProxy (RaftServerProxy.java:lambda$start$3(299)) - 5d2d95be-6b28-4ecf-b7b7-7d783f42b699: start RPC server
2019-09-24 18:15:51,525 [Datanode State Machine Thread - 0] INFO  server.GrpcService (GrpcService.java:startImpl(158)) - 5d2d95be-6b28-4ecf-b7b7-7d783f42b699: GrpcService started, listening on 0.0.0.0/0.0.0.0:36125
2019-09-24 18:15:51,525 [Datanode State Machine Thread - 0] INFO  ratis.XceiverServerRatis (XceiverServerRatis.java:start(421)) - XceiverServerRatis 5d2d95be-6b28-4ecf-b7b7-7d783f42b699 is started using port 36125
2019-09-24 18:15:51,526 [Datanode State Machine Thread - 0] INFO  server.XceiverServerGrpc (XceiverServerGrpc.java:start(149)) - XceiverServerGrpc 5d2d95be-6b28-4ecf-b7b7-7d783f42b699 is started using port 41266
2019-09-24 18:15:51,641 [main] INFO  ozone.MiniOzoneClusterImpl (MiniOzoneClusterImpl.java:lambda$waitForClusterToBeReady$0(147)) - Waiting for cluster to be ready. Got 0 of 7 DN Heartbeats.
2019-09-24 18:15:52,642 [main] INFO  ozone.MiniOzoneClusterImpl (MiniOzoneClusterImpl.java:lambda$waitForClusterToBeReady$0(147)) - Waiting for cluster to be ready. Got 0 of 7 DN Heartbeats.
2019-09-24 18:15:53,157 [IPC Server handler 0 on 43306] INFO  net.NetworkTopology (NetworkTopologyImpl.java:add(111)) - Added a new node: /default-rack/36b0c052-cff8-4e12-9bf5-4de3d256c6bd
2019-09-24 18:15:53,159 [IPC Server handler 0 on 43306] INFO  node.SCMNodeManager (SCMNodeManager.java:register(266)) - Registered Data node : 36b0c052-cff8-4e12-9bf5-4de3d256c6bd{ip: 192.168.36.84, host: pr-hdds-2171-6l6hb-1841322612, networkLocation: /default-rack, certSerialId: null}
2019-09-24 18:15:53,160 [EventQueue-NodeRegistrationContainerReportForDataNodeSafeModeRule] INFO  safemode.SCMSafeModeManager (DataNodeSafeModeRule.java:process(71)) - SCM in safe mode. 1 DataNodes registered, 1 required.
2019-09-24 18:15:53,162 [EventQueue-NodeRegistrationContainerReportForDataNodeSafeModeRule] INFO  safemode.SCMSafeModeManager (SCMSafeModeManager.java:validateSafeModeExitRules(177)) - ScmSafeModeManager, all rules are successfully validated
2019-09-24 18:15:53,162 [EventQueue-NodeRegistrationContainerReportForDataNodeSafeModeRule] INFO  safemode.SCMSafeModeManager (SCMSafeModeManager.java:exitSafeMode(193)) - SCM exiting safe mode.
2019-09-24 18:15:53,188 [grpc-default-executor-0] INFO  impl.RaftServerProxy (RaftServerProxy.java:addNew(89)) - 36b0c052-cff8-4e12-9bf5-4de3d256c6bd: addNew group-B6C20EE9E639:[36b0c052-cff8-4e12-9bf5-4de3d256c6bd:192.168.36.84:41822] returns group-B6C20EE9E639:java.util.concurrent.CompletableFuture@47d01493[Not completed]
2019-09-24 18:15:53,190 [pool-117-thread-1] INFO  impl.RaftServerImpl (RaftServerImpl.java:<init>(95)) - 36b0c052-cff8-4e12-9bf5-4de3d256c6bd: new RaftServerImpl for group-B6C20EE9E639:[36b0c052-cff8-4e12-9bf5-4de3d256c6bd:192.168.36.84:41822] with ContainerStateMachine:uninitialized
2019-09-24 18:15:53,191 [pool-117-thread-1] INFO  server.RaftServerConfigKeys (ConfUtils.java:logGet(43)) - raft.server.rpc.timeout.min = 5s (custom)
2019-09-24 18:15:53,191 [pool-117-thread-1] INFO  server.RaftServerConfigKeys (ConfUtils.java:logGet(43)) - raft.server.rpc.timeout.max = 5200ms (custom)
2019-09-24 18:15:53,191 [pool-117-thread-1] INFO  server.RaftServerConfigKeys (ConfUtils.java:logGet(43)) - raft.server.rpcslowness.timeout = 120s (custom)
2019-09-24 18:15:53,191 [pool-117-thread-1] INFO  server.RaftServerConfigKeys (ConfUtils.java:logGet(43)) - raft.server.sleep.deviation.threshold = 300 (default)
2019-09-24 18:15:53,191 [pool-117-thread-1] INFO  server.RaftServerConfigKeys (ConfUtils.java:logGet(43)) - raft.server.log.appender.install.snapshot.enabled = false (custom)
2019-09-24 18:15:53,191 [pool-117-thread-1] INFO  impl.RaftServerImpl (ServerState.java:<init>(103)) - 36b0c052-cff8-4e12-9bf5-4de3d256c6bd@group-B6C20EE9E639: ConfigurationManager, init=-1: [36b0c052-cff8-4e12-9bf5-4de3d256c6bd:192.168.36.84:41822], old=null, confs=<EMPTY_MAP>
2019-09-24 18:15:53,192 [pool-117-thread-1] INFO  server.RaftServerConfigKeys (ConfUtils.java:logGet(43)) - raft.server.storage.dir = [/workdir/hadoop-ozone/integration-test/target/test-dir/MiniOzoneClusterImpl-2256e15c-84c9-46bf-b493-19471620b231/datanode-0/data/ratis] (custom)
2019-09-24 18:15:53,192 [pool-117-thread-1] INFO  storage.RaftStorageDirectory (RaftStorageDirectory.java:analyzeStorage(246)) - The storage directory /workdir/hadoop-ozone/integration-test/target/test-dir/MiniOzoneClusterImpl-2256e15c-84c9-46bf-b493-19471620b231/datanode-0/data/ratis/a808a648-d478-40cd-a58e-b6c20ee9e639 does not exist. Creating ...
2019-09-24 18:15:53,249 [IPC Server handler 1 on 43306] INFO  net.NetworkTopology (NetworkTopologyImpl.java:add(111)) - Added a new node: /default-rack/7c411084-5716-47c5-97f2-dc43e37e1edc
2019-09-24 18:15:53,249 [IPC Server handler 1 on 43306] INFO  node.SCMNodeManager (SCMNodeManager.java:register(266)) - Registered Data node : 7c411084-5716-47c5-97f2-dc43e37e1edc{ip: 192.168.36.84, host: pr-hdds-2171-6l6hb-1841322612, networkLocation: /default-rack, certSerialId: null}
2019-09-24 18:15:53,320 [IPC Server handler 3 on 43306] INFO  net.NetworkTopology (NetworkTopologyImpl.java:add(111)) - Added a new node: /default-rack/c193ce51-f881-48bb-a5d6-6cdb2075116e
2019-09-24 18:15:53,321 [IPC Server handler 3 on 43306] INFO  node.SCMNodeManager (SCMNodeManager.java:register(266)) - Registered Data node : c193ce51-f881-48bb-a5d6-6cdb2075116e{ip: 192.168.36.84, host: pr-hdds-2171-6l6hb-1841322612, networkLocation: /default-rack, certSerialId: null}
2019-09-24 18:15:53,404 [IPC Server handler 4 on 43306] INFO  net.NetworkTopology (NetworkTopologyImpl.java:add(111)) - Added a new node: /default-rack/94129c48-23ca-4c90-a0ce-bb122b1a0582
2019-09-24 18:15:53,404 [IPC Server handler 4 on 43306] INFO  node.SCMNodeManager (SCMNodeManager.java:register(266)) - Registered Data node : 94129c48-23ca-4c90-a0ce-bb122b1a0582{ip: 192.168.36.84, host: pr-hdds-2171-6l6hb-1841322612, networkLocation: /default-rack, certSerialId: null}
2019-09-24 18:15:53,483 [IPC Server handler 2 on 43306] INFO  net.NetworkTopology (NetworkTopologyImpl.java:add(111)) - Added a new node: /default-rack/5d2d95be-6b28-4ecf-b7b7-7d783f42b699
2019-09-24 18:15:53,483 [IPC Server handler 2 on 43306] INFO  node.SCMNodeManager (SCMNodeManager.java:register(266)) - Registered Data node : 5d2d95be-6b28-4ecf-b7b7-7d783f42b699{ip: 192.168.36.84, host: pr-hdds-2171-6l6hb-1841322612, networkLocation: /default-rack, certSerialId: null}
2019-09-24 18:15:53,643 [main] INFO  ozone.MiniOzoneClusterImpl (MiniOzoneClusterImpl.java:lambda$waitForClusterToBeReady$0(147)) - Waiting for cluster to be ready. Got 5 of 7 DN Heartbeats.
2019-09-24 18:15:54,087 [Datanode State Machine Thread - 0] INFO  ozoneimpl.OzoneContainer (OzoneContainer.java:start(217)) - Attempting to start container services.
2019-09-24 18:15:54,087 [Datanode State Machine Thread - 0] INFO  ozoneimpl.OzoneContainer (OzoneContainer.java:start(217)) - Attempting to start container services.
2019-09-24 18:15:54,088 [pool-117-thread-1] INFO  storage.RaftStorageDirectory (RaftStorageDirectory.java:tryLock(328)) - Lock on /workdir/hadoop-ozone/integration-test/target/test-dir/MiniOzoneClusterImpl-2256e15c-84c9-46bf-b493-19471620b231/datanode-0/data/ratis/a808a648-d478-40cd-a58e-b6c20ee9e639/in_use.lock acquired by nodename 15203@pr-hdds-2171-6l6hb-1841322612
2019-09-24 18:15:54,088 [Datanode State Machine Thread - 0] INFO  ozoneimpl.OzoneContainer (OzoneContainer.java:startContainerScrub(179)) - Background container scanner has been disabled.
2019-09-24 18:15:54,088 [Datanode State Machine Thread - 0] INFO  ozoneimpl.OzoneContainer (OzoneContainer.java:startContainerScrub(179)) - Background container scanner has been disabled.
2019-09-24 18:15:54,088 [Datanode State Machine Thread - 0] INFO  ratis.XceiverServerRatis (XceiverServerRatis.java:start(411)) - Starting XceiverServerRatis dc518f1e-76ea-446f-acc5-d49b23344d5e at port 0
2019-09-24 18:15:54,088 [Datanode State Machine Thread - 0] INFO  ratis.XceiverServerRatis (XceiverServerRatis.java:start(411)) - Starting XceiverServerRatis c3ba2feb-e3c1-413e-bd73-cad472897a56 at port 0
2019-09-24 18:15:54,103 [Datanode State Machine Thread - 0] INFO  impl.RaftServerProxy (RaftServerProxy.java:lambda$start$3(299)) - dc518f1e-76ea-446f-acc5-d49b23344d5e: start RPC server
2019-09-24 18:15:54,104 [Datanode State Machine Thread - 0] INFO  impl.RaftServerProxy (RaftServerProxy.java:lambda$start$3(299)) - c3ba2feb-e3c1-413e-bd73-cad472897a56: start RPC server
2019-09-24 18:15:54,105 [Datanode State Machine Thread - 0] INFO  server.GrpcService (GrpcService.java:startImpl(158)) - c3ba2feb-e3c1-413e-bd73-cad472897a56: GrpcService started, listening on 0.0.0.0/0.0.0.0:46228
2019-09-24 18:15:54,105 [Datanode State Machine Thread - 0] INFO  server.GrpcService (GrpcService.java:startImpl(158)) - dc518f1e-76ea-446f-acc5-d49b23344d5e: GrpcService started, listening on 0.0.0.0/0.0.0.0:45108
2019-09-24 18:15:54,105 [Datanode State Machine Thread - 0] INFO  ratis.XceiverServerRatis (XceiverServerRatis.java:start(421)) - XceiverServerRatis c3ba2feb-e3c1-413e-bd73-cad472897a56 is started using port 46228
2019-09-24 18:15:54,105 [Datanode State Machine Thread - 0] INFO  ratis.XceiverServerRatis (XceiverServerRatis.java:start(421)) - XceiverServerRatis dc518f1e-76ea-446f-acc5-d49b23344d5e is started using port 45108
2019-09-24 18:15:54,106 [Datanode State Machine Thread - 0] INFO  server.XceiverServerGrpc (XceiverServerGrpc.java:start(149)) - XceiverServerGrpc c3ba2feb-e3c1-413e-bd73-cad472897a56 is started using port 40908
2019-09-24 18:15:54,106 [Datanode State Machine Thread - 0] INFO  server.XceiverServerGrpc (XceiverServerGrpc.java:start(149)) - XceiverServerGrpc dc518f1e-76ea-446f-acc5-d49b23344d5e is started using port 36614
2019-09-24 18:15:54,120 [pool-117-thread-1] INFO  storage.RaftStorage (RaftStorage.java:format(72)) - Storage directory /workdir/hadoop-ozone/integration-test/target/test-dir/MiniOzoneClusterImpl-2256e15c-84c9-46bf-b493-19471620b231/datanode-0/data/ratis/a808a648-d478-40cd-a58e-b6c20ee9e639 has been successfully formatted.
2019-09-24 18:15:54,120 [pool-117-thread-1] INFO  ratis.ContainerStateMachine (ContainerStateMachine.java:loadSnapshot(230)) - group-B6C20EE9E639: The snapshot info is null. Setting the last applied indexto:(t:0, i:~)
2019-09-24 18:15:54,121 [pool-117-thread-1] INFO  server.RaftServerConfigKeys (ConfUtils.java:logGet(43)) - raft.server.notification.no-leader.timeout = 120s (custom)
2019-09-24 18:15:54,121 [pool-117-thread-1] INFO  server.RaftServerConfigKeys (ConfUtils.java:logGet(43)) - raft.server.log.use.memory = false (default)
2019-09-24 18:15:54,121 [pool-117-thread-1] INFO  server.RaftServerConfigKeys (ConfUtils.java:logGet(43)) - raft.server.log.purge.gap = 1000000 (custom)
2019-09-24 18:15:54,121 [pool-117-thread-1] INFO  server.RaftServerConfigKeys (ConfUtils.java:logGet(43)) - raft.server.log.appender.buffer.byte-limit = 33554432 (custom)
2019-09-24 18:15:54,121 [pool-117-thread-1] INFO  server.RaftServerConfigKeys (ConfUtils.java:logGet(43)) - raft.server.log.segment.size.max = 1048576 (custom)
2019-09-24 18:15:54,122 [pool-117-thread-1] INFO  server.RaftServerConfigKeys (ConfUtils.java:logGet(43)) - raft.server.log.segment.cache.num.max = 2 (custom)
2019-09-24 18:15:54,122 [pool-117-thread-1] INFO  segmented.SegmentedRaftLogWorker (SegmentedRaftLogWorker.java:<init>(172)) - new 36b0c052-cff8-4e12-9bf5-4de3d256c6bd@group-B6C20EE9E639-SegmentedRaftLogWorker for RaftStorage:Storage Directory /workdir/hadoop-ozone/integration-test/target/test-dir/MiniOzoneClusterImpl-2256e15c-84c9-46bf-b493-19471620b231/datanode-0/data/ratis/a808a648-d478-40cd-a58e-b6c20ee9e639
2019-09-24 18:15:54,125 [pool-117-thread-1] INFO  server.RaftServerConfigKeys (ConfUtils.java:logGet(43)) - raft.server.log.queue.byte-limit = 2147483647 (custom)
2019-09-24 18:15:54,125 [pool-117-thread-1] INFO  server.RaftServerConfigKeys (ConfUtils.java:logGet(43)) - raft.server.log.queue.element-limit = 1024 (custom)
2019-09-24 18:15:54,126 [pool-117-thread-1] INFO  server.RaftServerConfigKeys (ConfUtils.java:logGet(43)) - raft.server.log.segment.size.max = 1048576 (custom)
2019-09-24 18:15:54,126 [pool-117-thread-1] INFO  server.RaftServerConfigKeys (ConfUtils.java:logGet(43)) - raft.server.log.preallocated.size = 16384 (custom)
2019-09-24 18:15:54,126 [pool-117-thread-1] INFO  server.RaftServerConfigKeys (ConfUtils.java:logGet(43)) - raft.server.log.write.buffer.size = 33554432 (custom)
2019-09-24 18:15:54,126 [pool-117-thread-1] INFO  server.RaftServerConfigKeys (ConfUtils.java:logGet(43)) - raft.server.log.force.sync.num = 128 (default)
2019-09-24 18:15:54,126 [pool-117-thread-1] INFO  server.RaftServerConfigKeys (ConfUtils.java:logGet(43)) - raft.server.log.statemachine.data.sync = true (default)
2019-09-24 18:15:54,126 [pool-117-thread-1] INFO  server.RaftServerConfigKeys (ConfUtils.java:logGet(43)) - raft.server.log.statemachine.data.sync.timeout = 10s (default)
2019-09-24 18:15:54,127 [pool-117-thread-1] INFO  server.RaftServerConfigKeys (ConfUtils.java:logGet(43)) - raft.server.log.statemachine.data.sync.timeout.retry = -1 (default)
2019-09-24 18:15:54,127 [pool-117-thread-1] INFO  server.RaftServerConfigKeys (ConfUtils.java:logGet(43)) - raft.server.log.statemachine.data.caching.enabled = true (custom)
2019-09-24 18:15:54,127 [pool-117-thread-1] INFO  segmented.SegmentedRaftLogWorker (SegmentedRaftLogWorker.java:lambda$new$0(132)) - 36b0c052-cff8-4e12-9bf5-4de3d256c6bd@group-B6C20EE9E639-SegmentedRaftLogWorker: flushIndex: setUnconditionally 0 -> -1
2019-09-24 18:15:54,128 [pool-117-thread-1] INFO  server.RaftServerConfigKeys (ConfUtils.java:logGet(43)) - raft.server.snapshot.auto.trigger.enabled = true (custom)
2019-09-24 18:15:54,128 [pool-117-thread-1] INFO  server.RaftServerConfigKeys (ConfUtils.java:logGet(43)) - raft.server.snapshot.auto.trigger.threshold = 10000 (custom)
2019-09-24 18:15:54,128 [pool-117-thread-1] INFO  server.RaftServerConfigKeys (ConfUtils.java:logGet(43)) - raft.server.snapshot.retention.num.files = 5 (custom)
2019-09-24 18:15:54,128 [pool-117-thread-1] INFO  server.RaftServerConfigKeys (ConfUtils.java:logGet(43)) - raft.server.retrycache.expirytime = 600000ms (custom)
2019-09-24 18:15:54,131 [pool-117-thread-1] INFO  impl.RaftServerImpl (RaftServerImpl.java:start(185)) - 36b0c052-cff8-4e12-9bf5-4de3d256c6bd@group-B6C20EE9E639: start as a follower, conf=-1: [36b0c052-cff8-4e12-9bf5-4de3d256c6bd:192.168.36.84:41822], old=null
2019-09-24 18:15:54,132 [pool-117-thread-1] INFO  impl.RaftServerImpl (RaftServerImpl.java:setRole(174)) - 36b0c052-cff8-4e12-9bf5-4de3d256c6bd@group-B6C20EE9E639: changes role from      null to FOLLOWER at term 0 for startAsFollower
2019-09-24 18:15:54,132 [pool-117-thread-1] INFO  impl.RoleInfo (RoleInfo.java:updateAndGet(143)) - 36b0c052-cff8-4e12-9bf5-4de3d256c6bd: start FollowerState
2019-09-24 18:15:54,132 [pool-117-thread-1] INFO  util.JmxRegister (JmxRegister.java:tryRegister(44)) - Successfully registered JMX Bean with object name Ratis:service=RaftServer,group=group-B6C20EE9E639,id=36b0c052-cff8-4e12-9bf5-4de3d256c6bd
2019-09-24 18:15:54,156 [RatisPipelineUtilsThread] INFO  pipeline.PipelineStateManager (PipelineStateManager.java:addPipeline(56)) - Created pipeline Pipeline[ Id: a808a648-d478-40cd-a58e-b6c20ee9e639, Nodes: 36b0c052-cff8-4e12-9bf5-4de3d256c6bd{ip: 192.168.36.84, host: pr-hdds-2171-6l6hb-1841322612, networkLocation: /default-rack, certSerialId: null}, Type:RATIS, Factor:ONE, State:OPEN]
2019-09-24 18:15:54,173 [grpc-default-executor-0] INFO  impl.RaftServerProxy (RaftServerProxy.java:addNew(89)) - 5d2d95be-6b28-4ecf-b7b7-7d783f42b699: addNew group-85CAA62505AF:[5d2d95be-6b28-4ecf-b7b7-7d783f42b699:192.168.36.84:36125] returns group-85CAA62505AF:java.util.concurrent.CompletableFuture@60cc1fda[Not completed]
2019-09-24 18:15:54,178 [pool-157-thread-1] INFO  impl.RaftServerImpl (RaftServerImpl.java:<init>(95)) - 5d2d95be-6b28-4ecf-b7b7-7d783f42b699: new RaftServerImpl for group-85CAA62505AF:[5d2d95be-6b28-4ecf-b7b7-7d783f42b699:192.168.36.84:36125] with ContainerStateMachine:uninitialized
2019-09-24 18:15:54,179 [pool-157-thread-1] INFO  server.RaftServerConfigKeys (ConfUtils.java:logGet(43)) - raft.server.rpc.timeout.min = 5s (custom)
2019-09-24 18:15:54,179 [pool-157-thread-1] INFO  server.RaftServerConfigKeys (ConfUtils.java:logGet(43)) - raft.server.rpc.timeout.max = 5200ms (custom)
2019-09-24 18:15:54,179 [pool-157-thread-1] INFO  server.RaftServerConfigKeys (ConfUtils.java:logGet(43)) - raft.server.rpcslowness.timeout = 120s (custom)
2019-09-24 18:15:54,179 [pool-157-thread-1] INFO  server.RaftServerConfigKeys (ConfUtils.java:logGet(43)) - raft.server.sleep.deviation.threshold = 300 (default)
2019-09-24 18:15:54,180 [pool-157-thread-1] INFO  server.RaftServerConfigKeys (ConfUtils.java:logGet(43)) - raft.server.log.appender.install.snapshot.enabled = false (custom)
2019-09-24 18:15:54,180 [pool-157-thread-1] INFO  impl.RaftServerImpl (ServerState.java:<init>(103)) - 5d2d95be-6b28-4ecf-b7b7-7d783f42b699@group-85CAA62505AF: ConfigurationManager, init=-1: [5d2d95be-6b28-4ecf-b7b7-7d783f42b699:192.168.36.84:36125], old=null, confs=<EMPTY_MAP>
2019-09-24 18:15:54,180 [pool-157-thread-1] INFO  server.RaftServerConfigKeys (ConfUtils.java:logGet(43)) - raft.server.storage.dir = [/workdir/hadoop-ozone/integration-test/target/test-dir/MiniOzoneClusterImpl-2256e15c-84c9-46bf-b493-19471620b231/datanode-4/data/ratis] (custom)
2019-09-24 18:15:54,181 [pool-157-thread-1] INFO  storage.RaftStorageDirectory (RaftStorageDirectory.java:analyzeStorage(246)) - The storage directory /workdir/hadoop-ozone/integration-test/target/test-dir/MiniOzoneClusterImpl-2256e15c-84c9-46bf-b493-19471620b231/datanode-4/data/ratis/296169c0-af32-4da4-b77b-85caa62505af does not exist. Creating ...
2019-09-24 18:15:54,194 [pool-157-thread-1] INFO  storage.RaftStorageDirectory (RaftStorageDirectory.java:tryLock(328)) - Lock on /workdir/hadoop-ozone/integration-test/target/test-dir/MiniOzoneClusterImpl-2256e15c-84c9-46bf-b493-19471620b231/datanode-4/data/ratis/296169c0-af32-4da4-b77b-85caa62505af/in_use.lock acquired by nodename 15203@pr-hdds-2171-6l6hb-1841322612
2019-09-24 18:15:54,207 [pool-157-thread-1] INFO  storage.RaftStorage (RaftStorage.java:format(72)) - Storage directory /workdir/hadoop-ozone/integration-test/target/test-dir/MiniOzoneClusterImpl-2256e15c-84c9-46bf-b493-19471620b231/datanode-4/data/ratis/296169c0-af32-4da4-b77b-85caa62505af has been successfully formatted.
2019-09-24 18:15:54,208 [pool-157-thread-1] INFO  ratis.ContainerStateMachine (ContainerStateMachine.java:loadSnapshot(230)) - group-85CAA62505AF: The snapshot info is null. Setting the last applied indexto:(t:0, i:~)
2019-09-24 18:15:54,208 [pool-157-thread-1] INFO  server.RaftServerConfigKeys (ConfUtils.java:logGet(43)) - raft.server.notification.no-leader.timeout = 120s (custom)
2019-09-24 18:15:54,208 [pool-157-thread-1] INFO  server.RaftServerConfigKeys (ConfUtils.java:logGet(43)) - raft.server.log.use.memory = false (default)
2019-09-24 18:15:54,208 [pool-157-thread-1] INFO  server.RaftServerConfigKeys (ConfUtils.java:logGet(43)) - raft.server.log.purge.gap = 1000000 (custom)
2019-09-24 18:15:54,208 [pool-157-thread-1] INFO  server.RaftServerConfigKeys (ConfUtils.java:logGet(43)) - raft.server.log.appender.buffer.byte-limit = 33554432 (custom)
2019-09-24 18:15:54,209 [pool-157-thread-1] INFO  server.RaftServerConfigKeys (ConfUtils.java:logGet(43)) - raft.server.log.segment.size.max = 1048576 (custom)
2019-09-24 18:15:54,209 [pool-157-thread-1] INFO  server.RaftServerConfigKeys (ConfUtils.java:logGet(43)) - raft.server.log.segment.cache.num.max = 2 (custom)
2019-09-24 18:15:54,209 [pool-157-thread-1] INFO  segmented.SegmentedRaftLogWorker (SegmentedRaftLogWorker.java:<init>(172)) - new 5d2d95be-6b28-4ecf-b7b7-7d783f42b699@group-85CAA62505AF-SegmentedRaftLogWorker for RaftStorage:Storage Directory /workdir/hadoop-ozone/integration-test/target/test-dir/MiniOzoneClusterImpl-2256e15c-84c9-46bf-b493-19471620b231/datanode-4/data/ratis/296169c0-af32-4da4-b77b-85caa62505af
2019-09-24 18:15:54,213 [pool-157-thread-1] INFO  server.RaftServerConfigKeys (ConfUtils.java:logGet(43)) - raft.server.log.queue.byte-limit = 2147483647 (custom)
2019-09-24 18:15:54,213 [pool-157-thread-1] INFO  server.RaftServerConfigKeys (ConfUtils.java:logGet(43)) - raft.server.log.queue.element-limit = 1024 (custom)
2019-09-24 18:15:54,213 [pool-157-thread-1] INFO  server.RaftServerConfigKeys (ConfUtils.java:logGet(43)) - raft.server.log.segment.size.max = 1048576 (custom)
2019-09-24 18:15:54,213 [pool-157-thread-1] INFO  server.RaftServerConfigKeys (ConfUtils.java:logGet(43)) - raft.server.log.preallocated.size = 16384 (custom)
2019-09-24 18:15:54,214 [pool-157-thread-1] INFO  server.RaftServerConfigKeys (ConfUtils.java:logGet(43)) - raft.server.log.write.buffer.size = 33554432 (custom)
2019-09-24 18:15:54,214 [pool-157-thread-1] INFO  server.RaftServerConfigKeys (ConfUtils.java:logGet(43)) - raft.server.log.force.sync.num = 128 (default)
2019-09-24 18:15:54,214 [pool-157-thread-1] INFO  server.RaftServerConfigKeys (ConfUtils.java:logGet(43)) - raft.server.log.statemachine.data.sync = true (default)
2019-09-24 18:15:54,214 [pool-157-thread-1] INFO  server.RaftServerConfigKeys (ConfUtils.java:logGet(43)) - raft.server.log.statemachine.data.sync.timeout = 10s (default)
2019-09-24 18:15:54,214 [pool-157-thread-1] INFO  server.RaftServerConfigKeys (ConfUtils.java:logGet(43)) - raft.server.log.statemachine.data.sync.timeout.retry = -1 (default)
2019-09-24 18:15:54,215 [pool-157-thread-1] INFO  server.RaftServerConfigKeys (ConfUtils.java:logGet(43)) - raft.server.log.statemachine.data.caching.enabled = true (custom)
2019-09-24 18:15:54,215 [pool-157-thread-1] INFO  segmented.SegmentedRaftLogWorker (SegmentedRaftLogWorker.java:lambda$new$0(132)) - 5d2d95be-6b28-4ecf-b7b7-7d783f42b699@group-85CAA62505AF-SegmentedRaftLogWorker: flushIndex: setUnconditionally 0 -> -1
2019-09-24 18:15:54,216 [pool-157-thread-1] INFO  server.RaftServerConfigKeys (ConfUtils.java:logGet(43)) - raft.server.snapshot.auto.trigger.enabled = true (custom)
2019-09-24 18:15:54,216 [pool-157-thread-1] INFO  server.RaftServerConfigKeys (ConfUtils.java:logGet(43)) - raft.server.snapshot.auto.trigger.threshold = 10000 (custom)
2019-09-24 18:15:54,216 [pool-157-thread-1] INFO  server.RaftServerConfigKeys (ConfUtils.java:logGet(43)) - raft.server.snapshot.retention.num.files = 5 (custom)
2019-09-24 18:15:54,216 [pool-157-thread-1] INFO  server.RaftServerConfigKeys (ConfUtils.java:logGet(43)) - raft.server.retrycache.expirytime = 600000ms (custom)
2019-09-24 18:15:54,220 [pool-157-thread-1] INFO  impl.RaftServerImpl (RaftServerImpl.java:start(185)) - 5d2d95be-6b28-4ecf-b7b7-7d783f42b699@group-85CAA62505AF: start as a follower, conf=-1: [5d2d95be-6b28-4ecf-b7b7-7d783f42b699:192.168.36.84:36125], old=null
2019-09-24 18:15:54,220 [pool-157-thread-1] INFO  impl.RaftServerImpl (RaftServerImpl.java:setRole(174)) - 5d2d95be-6b28-4ecf-b7b7-7d783f42b699@group-85CAA62505AF: changes role from      null to FOLLOWER at term 0 for startAsFollower
2019-09-24 18:15:54,220 [pool-157-thread-1] INFO  impl.RoleInfo (RoleInfo.java:updateAndGet(143)) - 5d2d95be-6b28-4ecf-b7b7-7d783f42b699: start FollowerState
2019-09-24 18:15:54,221 [pool-157-thread-1] INFO  util.JmxRegister (JmxRegister.java:tryRegister(44)) - Successfully registered JMX Bean with object name Ratis:service=RaftServer,group=group-85CAA62505AF,id=5d2d95be-6b28-4ecf-b7b7-7d783f42b699
2019-09-24 18:15:54,242 [RatisPipelineUtilsThread] INFO  pipeline.PipelineStateManager (PipelineStateManager.java:addPipeline(56)) - Created pipeline Pipeline[ Id: 296169c0-af32-4da4-b77b-85caa62505af, Nodes: 5d2d95be-6b28-4ecf-b7b7-7d783f42b699{ip: 192.168.36.84, host: pr-hdds-2171-6l6hb-1841322612, networkLocation: /default-rack, certSerialId: null}, Type:RATIS, Factor:ONE, State:OPEN]
2019-09-24 18:15:54,263 [grpc-default-executor-0] INFO  impl.RaftServerProxy (RaftServerProxy.java:addNew(89)) - 94129c48-23ca-4c90-a0ce-bb122b1a0582: addNew group-A288B06A88C5:[94129c48-23ca-4c90-a0ce-bb122b1a0582:192.168.36.84:34734] returns group-A288B06A88C5:java.util.concurrent.CompletableFuture@7bfae75e[Not completed]
2019-09-24 18:15:54,268 [pool-147-thread-1] INFO  impl.RaftServerImpl (RaftServerImpl.java:<init>(95)) - 94129c48-23ca-4c90-a0ce-bb122b1a0582: new RaftServerImpl for group-A288B06A88C5:[94129c48-23ca-4c90-a0ce-bb122b1a0582:192.168.36.84:34734] with ContainerStateMachine:uninitialized
2019-09-24 18:15:54,268 [pool-147-thread-1] INFO  server.RaftServerConfigKeys (ConfUtils.java:logGet(43)) - raft.server.rpc.timeout.min = 5s (custom)
2019-09-24 18:15:54,268 [pool-147-thread-1] INFO  server.RaftServerConfigKeys (ConfUtils.java:logGet(43)) - raft.server.rpc.timeout.max = 5200ms (custom)
2019-09-24 18:15:54,268 [pool-147-thread-1] INFO  server.RaftServerConfigKeys (ConfUtils.java:logGet(43)) - raft.server.rpcslowness.timeout = 120s (custom)
2019-09-24 18:15:54,269 [pool-147-thread-1] INFO  server.RaftServerConfigKeys (ConfUtils.java:logGet(43)) - raft.server.sleep.deviation.threshold = 300 (default)
2019-09-24 18:15:54,269 [pool-147-thread-1] INFO  server.RaftServerConfigKeys (ConfUtils.java:logGet(43)) - raft.server.log.appender.install.snapshot.enabled = false (custom)
2019-09-24 18:15:54,269 [pool-147-thread-1] INFO  impl.RaftServerImpl (ServerState.java:<init>(103)) - 94129c48-23ca-4c90-a0ce-bb122b1a0582@group-A288B06A88C5: ConfigurationManager, init=-1: [94129c48-23ca-4c90-a0ce-bb122b1a0582:192.168.36.84:34734], old=null, confs=<EMPTY_MAP>
2019-09-24 18:15:54,269 [pool-147-thread-1] INFO  server.RaftServerConfigKeys (ConfUtils.java:logGet(43)) - raft.server.storage.dir = [/workdir/hadoop-ozone/integration-test/target/test-dir/MiniOzoneClusterImpl-2256e15c-84c9-46bf-b493-19471620b231/datanode-3/data/ratis] (custom)
2019-09-24 18:15:54,269 [pool-147-thread-1] INFO  storage.RaftStorageDirectory (RaftStorageDirectory.java:analyzeStorage(246)) - The storage directory /workdir/hadoop-ozone/integration-test/target/test-dir/MiniOzoneClusterImpl-2256e15c-84c9-46bf-b493-19471620b231/datanode-3/data/ratis/fce4a14c-ea51-4fad-8989-a288b06a88c5 does not exist. Creating ...
2019-09-24 18:15:54,282 [pool-147-thread-1] INFO  storage.RaftStorageDirectory (RaftStorageDirectory.java:tryLock(328)) - Lock on /workdir/hadoop-ozone/integration-test/target/test-dir/MiniOzoneClusterImpl-2256e15c-84c9-46bf-b493-19471620b231/datanode-3/data/ratis/fce4a14c-ea51-4fad-8989-a288b06a88c5/in_use.lock acquired by nodename 15203@pr-hdds-2171-6l6hb-1841322612
2019-09-24 18:15:54,295 [pool-147-thread-1] INFO  storage.RaftStorage (RaftStorage.java:format(72)) - Storage directory /workdir/hadoop-ozone/integration-test/target/test-dir/MiniOzoneClusterImpl-2256e15c-84c9-46bf-b493-19471620b231/datanode-3/data/ratis/fce4a14c-ea51-4fad-8989-a288b06a88c5 has been successfully formatted.
2019-09-24 18:15:54,295 [pool-147-thread-1] INFO  ratis.ContainerStateMachine (ContainerStateMachine.java:loadSnapshot(230)) - group-A288B06A88C5: The snapshot info is null. Setting the last applied indexto:(t:0, i:~)
2019-09-24 18:15:54,295 [pool-147-thread-1] INFO  server.RaftServerConfigKeys (ConfUtils.java:logGet(43)) - raft.server.notification.no-leader.timeout = 120s (custom)
2019-09-24 18:15:54,296 [pool-147-thread-1] INFO  server.RaftServerConfigKeys (ConfUtils.java:logGet(43)) - raft.server.log.use.memory = false (default)
2019-09-24 18:15:54,296 [pool-147-thread-1] INFO  server.RaftServerConfigKeys (ConfUtils.java:logGet(43)) - raft.server.log.purge.gap = 1000000 (custom)
2019-09-24 18:15:54,296 [pool-147-thread-1] INFO  server.RaftServerConfigKeys (ConfUtils.java:logGet(43)) - raft.server.log.appender.buffer.byte-limit = 33554432 (custom)
2019-09-24 18:15:54,296 [pool-147-thread-1] INFO  server.RaftServerConfigKeys (ConfUtils.java:logGet(43)) - raft.server.log.segment.size.max = 1048576 (custom)
2019-09-24 18:15:54,296 [pool-147-thread-1] INFO  server.RaftServerConfigKeys (ConfUtils.java:logGet(43)) - raft.server.log.segment.cache.num.max = 2 (custom)
2019-09-24 18:15:54,296 [pool-147-thread-1] INFO  segmented.SegmentedRaftLogWorker (SegmentedRaftLogWorker.java:<init>(172)) - new 94129c48-23ca-4c90-a0ce-bb122b1a0582@group-A288B06A88C5-SegmentedRaftLogWorker for RaftStorage:Storage Directory /workdir/hadoop-ozone/integration-test/target/test-dir/MiniOzoneClusterImpl-2256e15c-84c9-46bf-b493-19471620b231/datanode-3/data/ratis/fce4a14c-ea51-4fad-8989-a288b06a88c5
2019-09-24 18:15:54,298 [pool-147-thread-1] INFO  server.RaftServerConfigKeys (ConfUtils.java:logGet(43)) - raft.server.log.queue.byte-limit = 2147483647 (custom)
2019-09-24 18:15:54,298 [pool-147-thread-1] INFO  server.RaftServerConfigKeys (ConfUtils.java:logGet(43)) - raft.server.log.queue.element-limit = 1024 (custom)
2019-09-24 18:15:54,299 [pool-147-thread-1] INFO  server.RaftServerConfigKeys (ConfUtils.java:logGet(43)) - raft.server.log.segment.size.max = 1048576 (custom)
2019-09-24 18:15:54,299 [pool-147-thread-1] INFO  server.RaftServerConfigKeys (ConfUtils.java:logGet(43)) - raft.server.log.preallocated.size = 16384 (custom)
2019-09-24 18:15:54,299 [pool-147-thread-1] INFO  server.RaftServerConfigKeys (ConfUtils.java:logGet(43)) - raft.server.log.write.buffer.size = 33554432 (custom)
2019-09-24 18:15:54,299 [pool-147-thread-1] INFO  server.RaftServerConfigKeys (ConfUtils.java:logGet(43)) - raft.server.log.force.sync.num = 128 (default)
2019-09-24 18:15:54,299 [pool-147-thread-1] INFO  server.RaftServerConfigKeys (ConfUtils.java:logGet(43)) - raft.server.log.statemachine.data.sync = true (default)
2019-09-24 18:15:54,299 [pool-147-thread-1] INFO  server.RaftServerConfigKeys (ConfUtils.java:logGet(43)) - raft.server.log.statemachine.data.sync.timeout = 10s (default)
2019-09-24 18:15:54,299 [pool-147-thread-1] INFO  server.RaftServerConfigKeys (ConfUtils.java:logGet(43)) - raft.server.log.statemachine.data.sync.timeout.retry = -1 (default)
2019-09-24 18:15:54,299 [pool-147-thread-1] INFO  server.RaftServerConfigKeys (ConfUtils.java:logGet(43)) - raft.server.log.statemachine.data.caching.enabled = true (custom)
2019-09-24 18:15:54,300 [pool-147-thread-1] INFO  segmented.SegmentedRaftLogWorker (SegmentedRaftLogWorker.java:lambda$new$0(132)) - 94129c48-23ca-4c90-a0ce-bb122b1a0582@group-A288B06A88C5-SegmentedRaftLogWorker: flushIndex: setUnconditionally 0 -> -1
2019-09-24 18:15:54,300 [pool-147-thread-1] INFO  server.RaftServerConfigKeys (ConfUtils.java:logGet(43)) - raft.server.snapshot.auto.trigger.enabled = true (custom)
2019-09-24 18:15:54,300 [pool-147-thread-1] INFO  server.RaftServerConfigKeys (ConfUtils.java:logGet(43)) - raft.server.snapshot.auto.trigger.threshold = 10000 (custom)
2019-09-24 18:15:54,300 [pool-147-thread-1] INFO  server.RaftServerConfigKeys (ConfUtils.java:logGet(43)) - raft.server.snapshot.retention.num.files = 5 (custom)
2019-09-24 18:15:54,300 [pool-147-thread-1] INFO  server.RaftServerConfigKeys (ConfUtils.java:logGet(43)) - raft.server.retrycache.expirytime = 600000ms (custom)
2019-09-24 18:15:54,302 [pool-147-thread-1] INFO  impl.RaftServerImpl (RaftServerImpl.java:start(185)) - 94129c48-23ca-4c90-a0ce-bb122b1a0582@group-A288B06A88C5: start as a follower, conf=-1: [94129c48-23ca-4c90-a0ce-bb122b1a0582:192.168.36.84:34734], old=null
2019-09-24 18:15:54,302 [pool-147-thread-1] INFO  impl.RaftServerImpl (RaftServerImpl.java:setRole(174)) - 94129c48-23ca-4c90-a0ce-bb122b1a0582@group-A288B06A88C5: changes role from      null to FOLLOWER at term 0 for startAsFollower
2019-09-24 18:15:54,302 [pool-147-thread-1] INFO  impl.RoleInfo (RoleInfo.java:updateAndGet(143)) - 94129c48-23ca-4c90-a0ce-bb122b1a0582: start FollowerState
2019-09-24 18:15:54,303 [pool-147-thread-1] INFO  util.JmxRegister (JmxRegister.java:tryRegister(44)) - Successfully registered JMX Bean with object name Ratis:service=RaftServer,group=group-A288B06A88C5,id=94129c48-23ca-4c90-a0ce-bb122b1a0582
2019-09-24 18:15:54,311 [RatisPipelineUtilsThread] INFO  pipeline.PipelineStateManager (PipelineStateManager.java:addPipeline(56)) - Created pipeline Pipeline[ Id: fce4a14c-ea51-4fad-8989-a288b06a88c5, Nodes: 94129c48-23ca-4c90-a0ce-bb122b1a0582{ip: 192.168.36.84, host: pr-hdds-2171-6l6hb-1841322612, networkLocation: /default-rack, certSerialId: null}, Type:RATIS, Factor:ONE, State:OPEN]
2019-09-24 18:15:54,324 [grpc-default-executor-0] INFO  impl.RaftServerProxy (RaftServerProxy.java:addNew(89)) - 7c411084-5716-47c5-97f2-dc43e37e1edc: addNew group-954FA3C9D214:[7c411084-5716-47c5-97f2-dc43e37e1edc:192.168.36.84:35497] returns group-954FA3C9D214:java.util.concurrent.CompletableFuture@1090683[Not completed]
2019-09-24 18:15:54,325 [pool-127-thread-1] INFO  impl.RaftServerImpl (RaftServerImpl.java:<init>(95)) - 7c411084-5716-47c5-97f2-dc43e37e1edc: new RaftServerImpl for group-954FA3C9D214:[7c411084-5716-47c5-97f2-dc43e37e1edc:192.168.36.84:35497] with ContainerStateMachine:uninitialized
2019-09-24 18:15:54,325 [pool-127-thread-1] INFO  server.RaftServerConfigKeys (ConfUtils.java:logGet(43)) - raft.server.rpc.timeout.min = 5s (custom)
2019-09-24 18:15:54,326 [pool-127-thread-1] INFO  server.RaftServerConfigKeys (ConfUtils.java:logGet(43)) - raft.server.rpc.timeout.max = 5200ms (custom)
2019-09-24 18:15:54,326 [pool-127-thread-1] INFO  server.RaftServerConfigKeys (ConfUtils.java:logGet(43)) - raft.server.rpcslowness.timeout = 120s (custom)
2019-09-24 18:15:54,326 [pool-127-thread-1] INFO  server.RaftServerConfigKeys (ConfUtils.java:logGet(43)) - raft.server.sleep.deviation.threshold = 300 (default)
2019-09-24 18:15:54,326 [pool-127-thread-1] INFO  server.RaftServerConfigKeys (ConfUtils.java:logGet(43)) - raft.server.log.appender.install.snapshot.enabled = false (custom)
2019-09-24 18:15:54,326 [pool-127-thread-1] INFO  impl.RaftServerImpl (ServerState.java:<init>(103)) - 7c411084-5716-47c5-97f2-dc43e37e1edc@group-954FA3C9D214: ConfigurationManager, init=-1: [7c411084-5716-47c5-97f2-dc43e37e1edc:192.168.36.84:35497], old=null, confs=<EMPTY_MAP>
2019-09-24 18:15:54,326 [pool-127-thread-1] INFO  server.RaftServerConfigKeys (ConfUtils.java:logGet(43)) - raft.server.storage.dir = [/workdir/hadoop-ozone/integration-test/target/test-dir/MiniOzoneClusterImpl-2256e15c-84c9-46bf-b493-19471620b231/datanode-1/data/ratis] (custom)
2019-09-24 18:15:54,326 [pool-127-thread-1] INFO  storage.RaftStorageDirectory (RaftStorageDirectory.java:analyzeStorage(246)) - The storage directory /workdir/hadoop-ozone/integration-test/target/test-dir/MiniOzoneClusterImpl-2256e15c-84c9-46bf-b493-19471620b231/datanode-1/data/ratis/0c188cfb-4f07-44bb-9e9d-954fa3c9d214 does not exist. Creating ...
2019-09-24 18:15:54,339 [pool-127-thread-1] INFO  storage.RaftStorageDirectory (RaftStorageDirectory.java:tryLock(328)) - Lock on /workdir/hadoop-ozone/integration-test/target/test-dir/MiniOzoneClusterImpl-2256e15c-84c9-46bf-b493-19471620b231/datanode-1/data/ratis/0c188cfb-4f07-44bb-9e9d-954fa3c9d214/in_use.lock acquired by nodename 15203@pr-hdds-2171-6l6hb-1841322612
2019-09-24 18:15:54,369 [pool-127-thread-1] INFO  storage.RaftStorage (RaftStorage.java:format(72)) - Storage directory /workdir/hadoop-ozone/integration-test/target/test-dir/MiniOzoneClusterImpl-2256e15c-84c9-46bf-b493-19471620b231/datanode-1/data/ratis/0c188cfb-4f07-44bb-9e9d-954fa3c9d214 has been successfully formatted.
2019-09-24 18:15:54,370 [pool-127-thread-1] INFO  ratis.ContainerStateMachine (ContainerStateMachine.java:loadSnapshot(230)) - group-954FA3C9D214: The snapshot info is null. Setting the last applied indexto:(t:0, i:~)
2019-09-24 18:15:54,370 [pool-127-thread-1] INFO  server.RaftServerConfigKeys (ConfUtils.java:logGet(43)) - raft.server.notification.no-leader.timeout = 120s (custom)
2019-09-24 18:15:54,370 [pool-127-thread-1] INFO  server.RaftServerConfigKeys (ConfUtils.java:logGet(43)) - raft.server.log.use.memory = false (default)
2019-09-24 18:15:54,370 [pool-127-thread-1] INFO  server.RaftServerConfigKeys (ConfUtils.java:logGet(43)) - raft.server.log.purge.gap = 1000000 (custom)
2019-09-24 18:15:54,370 [pool-127-thread-1] INFO  server.RaftServerConfigKeys (ConfUtils.java:logGet(43)) - raft.server.log.appender.buffer.byte-limit = 33554432 (custom)
2019-09-24 18:15:54,370 [pool-127-thread-1] INFO  server.RaftServerConfigKeys (ConfUtils.java:logGet(43)) - raft.server.log.segment.size.max = 1048576 (custom)
2019-09-24 18:15:54,370 [pool-127-thread-1] INFO  server.RaftServerConfigKeys (ConfUtils.java:logGet(43)) - raft.server.log.segment.cache.num.max = 2 (custom)
2019-09-24 18:15:54,370 [pool-127-thread-1] INFO  segmented.SegmentedRaftLogWorker (SegmentedRaftLogWorker.java:<init>(172)) - new 7c411084-5716-47c5-97f2-dc43e37e1edc@group-954FA3C9D214-SegmentedRaftLogWorker for RaftStorage:Storage Directory /workdir/hadoop-ozone/integration-test/target/test-dir/MiniOzoneClusterImpl-2256e15c-84c9-46bf-b493-19471620b231/datanode-1/data/ratis/0c188cfb-4f07-44bb-9e9d-954fa3c9d214
2019-09-24 18:15:54,373 [pool-127-thread-1] INFO  server.RaftServerConfigKeys (ConfUtils.java:logGet(43)) - raft.server.log.queue.byte-limit = 2147483647 (custom)
2019-09-24 18:15:54,373 [pool-127-thread-1] INFO  server.RaftServerConfigKeys (ConfUtils.java:logGet(43)) - raft.server.log.queue.element-limit = 1024 (custom)
2019-09-24 18:15:54,373 [pool-127-thread-1] INFO  server.RaftServerConfigKeys (ConfUtils.java:logGet(43)) - raft.server.log.segment.size.max = 1048576 (custom)
2019-09-24 18:15:54,373 [pool-127-thread-1] INFO  server.RaftServerConfigKeys (ConfUtils.java:logGet(43)) - raft.server.log.preallocated.size = 16384 (custom)
2019-09-24 18:15:54,373 [pool-127-thread-1] INFO  server.RaftServerConfigKeys (ConfUtils.java:logGet(43)) - raft.server.log.write.buffer.size = 33554432 (custom)
2019-09-24 18:15:54,374 [pool-127-thread-1] INFO  server.RaftServerConfigKeys (ConfUtils.java:logGet(43)) - raft.server.log.force.sync.num = 128 (default)
2019-09-24 18:15:54,374 [pool-127-thread-1] INFO  server.RaftServerConfigKeys (ConfUtils.java:logGet(43)) - raft.server.log.statemachine.data.sync = true (default)
2019-09-24 18:15:54,374 [pool-127-thread-1] INFO  server.RaftServerConfigKeys (ConfUtils.java:logGet(43)) - raft.server.log.statemachine.data.sync.timeout = 10s (default)
2019-09-24 18:15:54,374 [pool-127-thread-1] INFO  server.RaftServerConfigKeys (ConfUtils.java:logGet(43)) - raft.server.log.statemachine.data.sync.timeout.retry = -1 (default)
2019-09-24 18:15:54,374 [pool-127-thread-1] INFO  server.RaftServerConfigKeys (ConfUtils.java:logGet(43)) - raft.server.log.statemachine.data.caching.enabled = true (custom)
2019-09-24 18:15:54,374 [pool-127-thread-1] INFO  segmented.SegmentedRaftLogWorker (SegmentedRaftLogWorker.java:lambda$new$0(132)) - 7c411084-5716-47c5-97f2-dc43e37e1edc@group-954FA3C9D214-SegmentedRaftLogWorker: flushIndex: setUnconditionally 0 -> -1
2019-09-24 18:15:54,375 [pool-127-thread-1] INFO  server.RaftServerConfigKeys (ConfUtils.java:logGet(43)) - raft.server.snapshot.auto.trigger.enabled = true (custom)
2019-09-24 18:15:54,375 [pool-127-thread-1] INFO  server.RaftServerConfigKeys (ConfUtils.java:logGet(43)) - raft.server.snapshot.auto.trigger.threshold = 10000 (custom)
2019-09-24 18:15:54,375 [pool-127-thread-1] INFO  server.RaftServerConfigKeys (ConfUtils.java:logGet(43)) - raft.server.snapshot.retention.num.files = 5 (custom)
2019-09-24 18:15:54,375 [pool-127-thread-1] INFO  server.RaftServerConfigKeys (ConfUtils.java:logGet(43)) - raft.server.retrycache.expirytime = 600000ms (custom)
2019-09-24 18:15:54,377 [pool-127-thread-1] INFO  impl.RaftServerImpl (RaftServerImpl.java:start(185)) - 7c411084-5716-47c5-97f2-dc43e37e1edc@group-954FA3C9D214: start as a follower, conf=-1: [7c411084-5716-47c5-97f2-dc43e37e1edc:192.168.36.84:35497], old=null
2019-09-24 18:15:54,377 [pool-127-thread-1] INFO  impl.RaftServerImpl (RaftServerImpl.java:setRole(174)) - 7c411084-5716-47c5-97f2-dc43e37e1edc@group-954FA3C9D214: changes role from      null to FOLLOWER at term 0 for startAsFollower
2019-09-24 18:15:54,377 [pool-127-thread-1] INFO  impl.RoleInfo (RoleInfo.java:updateAndGet(143)) - 7c411084-5716-47c5-97f2-dc43e37e1edc: start FollowerState
2019-09-24 18:15:54,378 [pool-127-thread-1] INFO  util.JmxRegister (JmxRegister.java:tryRegister(44)) - Successfully registered JMX Bean with object name Ratis:service=RaftServer,group=group-954FA3C9D214,id=7c411084-5716-47c5-97f2-dc43e37e1edc
2019-09-24 18:15:54,384 [RatisPipelineUtilsThread] INFO  pipeline.PipelineStateManager (PipelineStateManager.java:addPipeline(56)) - Created pipeline Pipeline[ Id: 0c188cfb-4f07-44bb-9e9d-954fa3c9d214, Nodes: 7c411084-5716-47c5-97f2-dc43e37e1edc{ip: 192.168.36.84, host: pr-hdds-2171-6l6hb-1841322612, networkLocation: /default-rack, certSerialId: null}, Type:RATIS, Factor:ONE, State:OPEN]
2019-09-24 18:15:54,399 [grpc-default-executor-0] INFO  impl.RaftServerProxy (RaftServerProxy.java:addNew(89)) - c193ce51-f881-48bb-a5d6-6cdb2075116e: addNew group-C5068ABD2401:[c193ce51-f881-48bb-a5d6-6cdb2075116e:192.168.36.84:43582] returns group-C5068ABD2401:java.util.concurrent.CompletableFuture@382447fb[Not completed]
2019-09-24 18:15:54,404 [pool-137-thread-1] INFO  impl.RaftServerImpl (RaftServerImpl.java:<init>(95)) - c193ce51-f881-48bb-a5d6-6cdb2075116e: new RaftServerImpl for group-C5068ABD2401:[c193ce51-f881-48bb-a5d6-6cdb2075116e:192.168.36.84:43582] with ContainerStateMachine:uninitialized
2019-09-24 18:15:54,404 [pool-137-thread-1] INFO  server.RaftServerConfigKeys (ConfUtils.java:logGet(43)) - raft.server.rpc.timeout.min = 5s (custom)
2019-09-24 18:15:54,404 [pool-137-thread-1] INFO  server.RaftServerConfigKeys (ConfUtils.java:logGet(43)) - raft.server.rpc.timeout.max = 5200ms (custom)
2019-09-24 18:15:54,404 [pool-137-thread-1] INFO  server.RaftServerConfigKeys (ConfUtils.java:logGet(43)) - raft.server.rpcslowness.timeout = 120s (custom)
2019-09-24 18:15:54,405 [pool-137-thread-1] INFO  server.RaftServerConfigKeys (ConfUtils.java:logGet(43)) - raft.server.sleep.deviation.threshold = 300 (default)
2019-09-24 18:15:54,405 [pool-137-thread-1] INFO  server.RaftServerConfigKeys (ConfUtils.java:logGet(43)) - raft.server.log.appender.install.snapshot.enabled = false (custom)
2019-09-24 18:15:54,405 [pool-137-thread-1] INFO  impl.RaftServerImpl (ServerState.java:<init>(103)) - c193ce51-f881-48bb-a5d6-6cdb2075116e@group-C5068ABD2401: ConfigurationManager, init=-1: [c193ce51-f881-48bb-a5d6-6cdb2075116e:192.168.36.84:43582], old=null, confs=<EMPTY_MAP>
2019-09-24 18:15:54,405 [pool-137-thread-1] INFO  server.RaftServerConfigKeys (ConfUtils.java:logGet(43)) - raft.server.storage.dir = [/workdir/hadoop-ozone/integration-test/target/test-dir/MiniOzoneClusterImpl-2256e15c-84c9-46bf-b493-19471620b231/datanode-2/data/ratis] (custom)
2019-09-24 18:15:54,405 [pool-137-thread-1] INFO  storage.RaftStorageDirectory (RaftStorageDirectory.java:analyzeStorage(246)) - The storage directory /workdir/hadoop-ozone/integration-test/target/test-dir/MiniOzoneClusterImpl-2256e15c-84c9-46bf-b493-19471620b231/datanode-2/data/ratis/53956459-7d17-4263-b7b7-c5068abd2401 does not exist. Creating ...
2019-09-24 18:15:54,418 [pool-137-thread-1] INFO  storage.RaftStorageDirectory (RaftStorageDirectory.java:tryLock(328)) - Lock on /workdir/hadoop-ozone/integration-test/target/test-dir/MiniOzoneClusterImpl-2256e15c-84c9-46bf-b493-19471620b231/datanode-2/data/ratis/53956459-7d17-4263-b7b7-c5068abd2401/in_use.lock acquired by nodename 15203@pr-hdds-2171-6l6hb-1841322612
2019-09-24 18:15:54,432 [pool-137-thread-1] INFO  storage.RaftStorage (RaftStorage.java:format(72)) - Storage directory /workdir/hadoop-ozone/integration-test/target/test-dir/MiniOzoneClusterImpl-2256e15c-84c9-46bf-b493-19471620b231/datanode-2/data/ratis/53956459-7d17-4263-b7b7-c5068abd2401 has been successfully formatted.
2019-09-24 18:15:54,432 [pool-137-thread-1] INFO  ratis.ContainerStateMachine (ContainerStateMachine.java:loadSnapshot(230)) - group-C5068ABD2401: The snapshot info is null. Setting the last applied indexto:(t:0, i:~)
2019-09-24 18:15:54,432 [pool-137-thread-1] INFO  server.RaftServerConfigKeys (ConfUtils.java:logGet(43)) - raft.server.notification.no-leader.timeout = 120s (custom)
2019-09-24 18:15:54,432 [pool-137-thread-1] INFO  server.RaftServerConfigKeys (ConfUtils.java:logGet(43)) - raft.server.log.use.memory = false (default)
2019-09-24 18:15:54,432 [pool-137-thread-1] INFO  server.RaftServerConfigKeys (ConfUtils.java:logGet(43)) - raft.server.log.purge.gap = 1000000 (custom)
2019-09-24 18:15:54,432 [pool-137-thread-1] INFO  server.RaftServerConfigKeys (ConfUtils.java:logGet(43)) - raft.server.log.appender.buffer.byte-limit = 33554432 (custom)
2019-09-24 18:15:54,433 [pool-137-thread-1] INFO  server.RaftServerConfigKeys (ConfUtils.java:logGet(43)) - raft.server.log.segment.size.max = 1048576 (custom)
2019-09-24 18:15:54,433 [pool-137-thread-1] INFO  server.RaftServerConfigKeys (ConfUtils.java:logGet(43)) - raft.server.log.segment.cache.num.max = 2 (custom)
2019-09-24 18:15:54,433 [pool-137-thread-1] INFO  segmented.SegmentedRaftLogWorker (SegmentedRaftLogWorker.java:<init>(172)) - new c193ce51-f881-48bb-a5d6-6cdb2075116e@group-C5068ABD2401-SegmentedRaftLogWorker for RaftStorage:Storage Directory /workdir/hadoop-ozone/integration-test/target/test-dir/MiniOzoneClusterImpl-2256e15c-84c9-46bf-b493-19471620b231/datanode-2/data/ratis/53956459-7d17-4263-b7b7-c5068abd2401
2019-09-24 18:15:54,435 [pool-137-thread-1] INFO  server.RaftServerConfigKeys (ConfUtils.java:logGet(43)) - raft.server.log.queue.byte-limit = 2147483647 (custom)
2019-09-24 18:15:54,435 [pool-137-thread-1] INFO  server.RaftServerConfigKeys (ConfUtils.java:logGet(43)) - raft.server.log.queue.element-limit = 1024 (custom)
2019-09-24 18:15:54,435 [pool-137-thread-1] INFO  server.RaftServerConfigKeys (ConfUtils.java:logGet(43)) - raft.server.log.segment.size.max = 1048576 (custom)
2019-09-24 18:15:54,435 [pool-137-thread-1] INFO  server.RaftServerConfigKeys (ConfUtils.java:logGet(43)) - raft.server.log.preallocated.size = 16384 (custom)
2019-09-24 18:15:54,435 [pool-137-thread-1] INFO  server.RaftServerConfigKeys (ConfUtils.java:logGet(43)) - raft.server.log.write.buffer.size = 33554432 (custom)
2019-09-24 18:15:54,435 [pool-137-thread-1] INFO  server.RaftServerConfigKeys (ConfUtils.java:logGet(43)) - raft.server.log.force.sync.num = 128 (default)
2019-09-24 18:15:54,435 [pool-137-thread-1] INFO  server.RaftServerConfigKeys (ConfUtils.java:logGet(43)) - raft.server.log.statemachine.data.sync = true (default)
2019-09-24 18:15:54,436 [pool-137-thread-1] INFO  server.RaftServerConfigKeys (ConfUtils.java:logGet(43)) - raft.server.log.statemachine.data.sync.timeout = 10s (default)
2019-09-24 18:15:54,436 [pool-137-thread-1] INFO  server.RaftServerConfigKeys (ConfUtils.java:logGet(43)) - raft.server.log.statemachine.data.sync.timeout.retry = -1 (default)
2019-09-24 18:15:54,436 [pool-137-thread-1] INFO  server.RaftServerConfigKeys (ConfUtils.java:logGet(43)) - raft.server.log.statemachine.data.caching.enabled = true (custom)
2019-09-24 18:15:54,436 [pool-137-thread-1] INFO  segmented.SegmentedRaftLogWorker (SegmentedRaftLogWorker.java:lambda$new$0(132)) - c193ce51-f881-48bb-a5d6-6cdb2075116e@group-C5068ABD2401-SegmentedRaftLogWorker: flushIndex: setUnconditionally 0 -> -1
2019-09-24 18:15:54,437 [pool-137-thread-1] INFO  server.RaftServerConfigKeys (ConfUtils.java:logGet(43)) - raft.server.snapshot.auto.trigger.enabled = true (custom)
2019-09-24 18:15:54,437 [pool-137-thread-1] INFO  server.RaftServerConfigKeys (ConfUtils.java:logGet(43)) - raft.server.snapshot.auto.trigger.threshold = 10000 (custom)
2019-09-24 18:15:54,437 [pool-137-thread-1] INFO  server.RaftServerConfigKeys (ConfUtils.java:logGet(43)) - raft.server.snapshot.retention.num.files = 5 (custom)
2019-09-24 18:15:54,437 [pool-137-thread-1] INFO  server.RaftServerConfigKeys (ConfUtils.java:logGet(43)) - raft.server.retrycache.expirytime = 600000ms (custom)
2019-09-24 18:15:54,439 [pool-137-thread-1] INFO  impl.RaftServerImpl (RaftServerImpl.java:start(185)) - c193ce51-f881-48bb-a5d6-6cdb2075116e@group-C5068ABD2401: start as a follower, conf=-1: [c193ce51-f881-48bb-a5d6-6cdb2075116e:192.168.36.84:43582], old=null
2019-09-24 18:15:54,439 [pool-137-thread-1] INFO  impl.RaftServerImpl (RaftServerImpl.java:setRole(174)) - c193ce51-f881-48bb-a5d6-6cdb2075116e@group-C5068ABD2401: changes role from      null to FOLLOWER at term 0 for startAsFollower
2019-09-24 18:15:54,439 [pool-137-thread-1] INFO  impl.RoleInfo (RoleInfo.java:updateAndGet(143)) - c193ce51-f881-48bb-a5d6-6cdb2075116e: start FollowerState
2019-09-24 18:15:54,440 [pool-137-thread-1] INFO  util.JmxRegister (JmxRegister.java:tryRegister(44)) - Successfully registered JMX Bean with object name Ratis:service=RaftServer,group=group-C5068ABD2401,id=c193ce51-f881-48bb-a5d6-6cdb2075116e
2019-09-24 18:15:54,445 [RatisPipelineUtilsThread] INFO  pipeline.PipelineStateManager (PipelineStateManager.java:addPipeline(56)) - Created pipeline Pipeline[ Id: 53956459-7d17-4263-b7b7-c5068abd2401, Nodes: c193ce51-f881-48bb-a5d6-6cdb2075116e{ip: 192.168.36.84, host: pr-hdds-2171-6l6hb-1841322612, networkLocation: /default-rack, certSerialId: null}, Type:RATIS, Factor:ONE, State:OPEN]
2019-09-24 18:15:54,473 [grpc-default-executor-2] INFO  impl.RaftServerProxy (RaftServerProxy.java:addNew(89)) - 94129c48-23ca-4c90-a0ce-bb122b1a0582: addNew group-C7BA931E655D:[5d2d95be-6b28-4ecf-b7b7-7d783f42b699:192.168.36.84:36125, 94129c48-23ca-4c90-a0ce-bb122b1a0582:192.168.36.84:34734, 36b0c052-cff8-4e12-9bf5-4de3d256c6bd:192.168.36.84:41822] returns group-C7BA931E655D:java.util.concurrent.CompletableFuture@2c9b6316[Not completed]
2019-09-24 18:15:54,473 [grpc-default-executor-1] INFO  impl.RaftServerProxy (RaftServerProxy.java:addNew(89)) - 5d2d95be-6b28-4ecf-b7b7-7d783f42b699: addNew group-C7BA931E655D:[5d2d95be-6b28-4ecf-b7b7-7d783f42b699:192.168.36.84:36125, 94129c48-23ca-4c90-a0ce-bb122b1a0582:192.168.36.84:34734, 36b0c052-cff8-4e12-9bf5-4de3d256c6bd:192.168.36.84:41822] returns group-C7BA931E655D:java.util.concurrent.CompletableFuture@72c1cab1[Not completed]
2019-09-24 18:15:54,474 [pool-147-thread-1] INFO  impl.RaftServerImpl (RaftServerImpl.java:<init>(95)) - 94129c48-23ca-4c90-a0ce-bb122b1a0582: new RaftServerImpl for group-C7BA931E655D:[5d2d95be-6b28-4ecf-b7b7-7d783f42b699:192.168.36.84:36125, 94129c48-23ca-4c90-a0ce-bb122b1a0582:192.168.36.84:34734, 36b0c052-cff8-4e12-9bf5-4de3d256c6bd:192.168.36.84:41822] with ContainerStateMachine:uninitialized
2019-09-24 18:15:54,474 [pool-147-thread-1] INFO  server.RaftServerConfigKeys (ConfUtils.java:logGet(43)) - raft.server.rpc.timeout.min = 5s (custom)
2019-09-24 18:15:54,474 [pool-147-thread-1] INFO  server.RaftServerConfigKeys (ConfUtils.java:logGet(43)) - raft.server.rpc.timeout.max = 5200ms (custom)
2019-09-24 18:15:54,474 [pool-147-thread-1] INFO  server.RaftServerConfigKeys (ConfUtils.java:logGet(43)) - raft.server.rpcslowness.timeout = 120s (custom)
2019-09-24 18:15:54,476 [pool-147-thread-1] INFO  server.RaftServerConfigKeys (ConfUtils.java:logGet(43)) - raft.server.sleep.deviation.threshold = 300 (default)
2019-09-24 18:15:54,476 [pool-147-thread-1] INFO  server.RaftServerConfigKeys (ConfUtils.java:logGet(43)) - raft.server.log.appender.install.snapshot.enabled = false (custom)
2019-09-24 18:15:54,476 [pool-147-thread-1] INFO  impl.RaftServerImpl (ServerState.java:<init>(103)) - 94129c48-23ca-4c90-a0ce-bb122b1a0582@group-C7BA931E655D: ConfigurationManager, init=-1: [5d2d95be-6b28-4ecf-b7b7-7d783f42b699:192.168.36.84:36125, 94129c48-23ca-4c90-a0ce-bb122b1a0582:192.168.36.84:34734, 36b0c052-cff8-4e12-9bf5-4de3d256c6bd:192.168.36.84:41822], old=null, confs=<EMPTY_MAP>
2019-09-24 18:15:54,476 [pool-147-thread-1] INFO  server.RaftServerConfigKeys (ConfUtils.java:logGet(43)) - raft.server.storage.dir = [/workdir/hadoop-ozone/integration-test/target/test-dir/MiniOzoneClusterImpl-2256e15c-84c9-46bf-b493-19471620b231/datanode-3/data/ratis] (custom)
2019-09-24 18:15:54,476 [pool-157-thread-1] INFO  impl.RaftServerImpl (RaftServerImpl.java:<init>(95)) - 5d2d95be-6b28-4ecf-b7b7-7d783f42b699: new RaftServerImpl for group-C7BA931E655D:[5d2d95be-6b28-4ecf-b7b7-7d783f42b699:192.168.36.84:36125, 94129c48-23ca-4c90-a0ce-bb122b1a0582:192.168.36.84:34734, 36b0c052-cff8-4e12-9bf5-4de3d256c6bd:192.168.36.84:41822] with ContainerStateMachine:uninitialized
2019-09-24 18:15:54,476 [grpc-default-executor-1] INFO  impl.RaftServerProxy (RaftServerProxy.java:addNew(89)) - 36b0c052-cff8-4e12-9bf5-4de3d256c6bd: addNew group-C7BA931E655D:[5d2d95be-6b28-4ecf-b7b7-7d783f42b699:192.168.36.84:36125, 94129c48-23ca-4c90-a0ce-bb122b1a0582:192.168.36.84:34734, 36b0c052-cff8-4e12-9bf5-4de3d256c6bd:192.168.36.84:41822] returns group-C7BA931E655D:java.util.concurrent.CompletableFuture@37c34a8d[Not completed]
2019-09-24 18:15:54,476 [pool-147-thread-1] INFO  storage.RaftStorageDirectory (RaftStorageDirectory.java:analyzeStorage(246)) - The storage directory /workdir/hadoop-ozone/integration-test/target/test-dir/MiniOzoneClusterImpl-2256e15c-84c9-46bf-b493-19471620b231/datanode-3/data/ratis/3375506e-08d9-485b-94b1-c7ba931e655d does not exist. Creating ...
2019-09-24 18:15:54,476 [pool-157-thread-1] INFO  server.RaftServerConfigKeys (ConfUtils.java:logGet(43)) - raft.server.rpc.timeout.min = 5s (custom)
2019-09-24 18:15:54,477 [pool-157-thread-1] INFO  server.RaftServerConfigKeys (ConfUtils.java:logGet(43)) - raft.server.rpc.timeout.max = 5200ms (custom)
2019-09-24 18:15:54,477 [pool-157-thread-1] INFO  server.RaftServerConfigKeys (ConfUtils.java:logGet(43)) - raft.server.rpcslowness.timeout = 120s (custom)
2019-09-24 18:15:54,477 [pool-157-thread-1] INFO  server.RaftServerConfigKeys (ConfUtils.java:logGet(43)) - raft.server.sleep.deviation.threshold = 300 (default)
2019-09-24 18:15:54,477 [pool-157-thread-1] INFO  server.RaftServerConfigKeys (ConfUtils.java:logGet(43)) - raft.server.log.appender.install.snapshot.enabled = false (custom)
2019-09-24 18:15:54,477 [pool-157-thread-1] INFO  impl.RaftServerImpl (ServerState.java:<init>(103)) - 5d2d95be-6b28-4ecf-b7b7-7d783f42b699@group-C7BA931E655D: ConfigurationManager, init=-1: [5d2d95be-6b28-4ecf-b7b7-7d783f42b699:192.168.36.84:36125, 94129c48-23ca-4c90-a0ce-bb122b1a0582:192.168.36.84:34734, 36b0c052-cff8-4e12-9bf5-4de3d256c6bd:192.168.36.84:41822], old=null, confs=<EMPTY_MAP>
2019-09-24 18:15:54,478 [pool-157-thread-1] INFO  server.RaftServerConfigKeys (ConfUtils.java:logGet(43)) - raft.server.storage.dir = [/workdir/hadoop-ozone/integration-test/target/test-dir/MiniOzoneClusterImpl-2256e15c-84c9-46bf-b493-19471620b231/datanode-4/data/ratis] (custom)
2019-09-24 18:15:54,478 [pool-117-thread-1] INFO  impl.RaftServerImpl (RaftServerImpl.java:<init>(95)) - 36b0c052-cff8-4e12-9bf5-4de3d256c6bd: new RaftServerImpl for group-C7BA931E655D:[5d2d95be-6b28-4ecf-b7b7-7d783f42b699:192.168.36.84:36125, 94129c48-23ca-4c90-a0ce-bb122b1a0582:192.168.36.84:34734, 36b0c052-cff8-4e12-9bf5-4de3d256c6bd:192.168.36.84:41822] with ContainerStateMachine:uninitialized
2019-09-24 18:15:54,478 [pool-117-thread-1] INFO  server.RaftServerConfigKeys (ConfUtils.java:logGet(43)) - raft.server.rpc.timeout.min = 5s (custom)
2019-09-24 18:15:54,478 [pool-157-thread-1] INFO  storage.RaftStorageDirectory (RaftStorageDirectory.java:analyzeStorage(246)) - The storage directory /workdir/hadoop-ozone/integration-test/target/test-dir/MiniOzoneClusterImpl-2256e15c-84c9-46bf-b493-19471620b231/datanode-4/data/ratis/3375506e-08d9-485b-94b1-c7ba931e655d does not exist. Creating ...
2019-09-24 18:15:54,478 [pool-117-thread-1] INFO  server.RaftServerConfigKeys (ConfUtils.java:logGet(43)) - raft.server.rpc.timeout.max = 5200ms (custom)
2019-09-24 18:15:54,479 [pool-117-thread-1] INFO  server.RaftServerConfigKeys (ConfUtils.java:logGet(43)) - raft.server.rpcslowness.timeout = 120s (custom)
2019-09-24 18:15:54,479 [pool-117-thread-1] INFO  server.RaftServerConfigKeys (ConfUtils.java:logGet(43)) - raft.server.sleep.deviation.threshold = 300 (default)
2019-09-24 18:15:54,479 [pool-117-thread-1] INFO  server.RaftServerConfigKeys (ConfUtils.java:logGet(43)) - raft.server.log.appender.install.snapshot.enabled = false (custom)
2019-09-24 18:15:54,479 [pool-117-thread-1] INFO  impl.RaftServerImpl (ServerState.java:<init>(103)) - 36b0c052-cff8-4e12-9bf5-4de3d256c6bd@group-C7BA931E655D: ConfigurationManager, init=-1: [5d2d95be-6b28-4ecf-b7b7-7d783f42b699:192.168.36.84:36125, 94129c48-23ca-4c90-a0ce-bb122b1a0582:192.168.36.84:34734, 36b0c052-cff8-4e12-9bf5-4de3d256c6bd:192.168.36.84:41822], old=null, confs=<EMPTY_MAP>
2019-09-24 18:15:54,479 [pool-117-thread-1] INFO  server.RaftServerConfigKeys (ConfUtils.java:logGet(43)) - raft.server.storage.dir = [/workdir/hadoop-ozone/integration-test/target/test-dir/MiniOzoneClusterImpl-2256e15c-84c9-46bf-b493-19471620b231/datanode-0/data/ratis] (custom)
2019-09-24 18:15:54,480 [pool-117-thread-1] INFO  storage.RaftStorageDirectory (RaftStorageDirectory.java:analyzeStorage(246)) - The storage directory /workdir/hadoop-ozone/integration-test/target/test-dir/MiniOzoneClusterImpl-2256e15c-84c9-46bf-b493-19471620b231/datanode-0/data/ratis/3375506e-08d9-485b-94b1-c7ba931e655d does not exist. Creating ...
2019-09-24 18:15:54,505 [pool-117-thread-1] INFO  storage.RaftStorageDirectory (RaftStorageDirectory.java:tryLock(328)) - Lock on /workdir/hadoop-ozone/integration-test/target/test-dir/MiniOzoneClusterImpl-2256e15c-84c9-46bf-b493-19471620b231/datanode-0/data/ratis/3375506e-08d9-485b-94b1-c7ba931e655d/in_use.lock acquired by nodename 15203@pr-hdds-2171-6l6hb-1841322612
2019-09-24 18:15:54,505 [pool-157-thread-1] INFO  storage.RaftStorageDirectory (RaftStorageDirectory.java:tryLock(328)) - Lock on /workdir/hadoop-ozone/integration-test/target/test-dir/MiniOzoneClusterImpl-2256e15c-84c9-46bf-b493-19471620b231/datanode-4/data/ratis/3375506e-08d9-485b-94b1-c7ba931e655d/in_use.lock acquired by nodename 15203@pr-hdds-2171-6l6hb-1841322612
2019-09-24 18:15:54,505 [pool-147-thread-1] INFO  storage.RaftStorageDirectory (RaftStorageDirectory.java:tryLock(328)) - Lock on /workdir/hadoop-ozone/integration-test/target/test-dir/MiniOzoneClusterImpl-2256e15c-84c9-46bf-b493-19471620b231/datanode-3/data/ratis/3375506e-08d9-485b-94b1-c7ba931e655d/in_use.lock acquired by nodename 15203@pr-hdds-2171-6l6hb-1841322612
2019-09-24 18:15:54,520 [pool-157-thread-1] INFO  storage.RaftStorage (RaftStorage.java:format(72)) - Storage directory /workdir/hadoop-ozone/integration-test/target/test-dir/MiniOzoneClusterImpl-2256e15c-84c9-46bf-b493-19471620b231/datanode-4/data/ratis/3375506e-08d9-485b-94b1-c7ba931e655d has been successfully formatted.
2019-09-24 18:15:54,520 [pool-117-thread-1] INFO  storage.RaftStorage (RaftStorage.java:format(72)) - Storage directory /workdir/hadoop-ozone/integration-test/target/test-dir/MiniOzoneClusterImpl-2256e15c-84c9-46bf-b493-19471620b231/datanode-0/data/ratis/3375506e-08d9-485b-94b1-c7ba931e655d has been successfully formatted.
2019-09-24 18:15:54,520 [pool-147-thread-1] INFO  storage.RaftStorage (RaftStorage.java:format(72)) - Storage directory /workdir/hadoop-ozone/integration-test/target/test-dir/MiniOzoneClusterImpl-2256e15c-84c9-46bf-b493-19471620b231/datanode-3/data/ratis/3375506e-08d9-485b-94b1-c7ba931e655d has been successfully formatted.
2019-09-24 18:15:54,520 [pool-157-thread-1] INFO  ratis.ContainerStateMachine (ContainerStateMachine.java:loadSnapshot(230)) - group-C7BA931E655D: The snapshot info is null. Setting the last applied indexto:(t:0, i:~)
2019-09-24 18:15:54,520 [pool-147-thread-1] INFO  ratis.ContainerStateMachine (ContainerStateMachine.java:loadSnapshot(230)) - group-C7BA931E655D: The snapshot info is null. Setting the last applied indexto:(t:0, i:~)
2019-09-24 18:15:54,520 [pool-117-thread-1] INFO  ratis.ContainerStateMachine (ContainerStateMachine.java:loadSnapshot(230)) - group-C7BA931E655D: The snapshot info is null. Setting the last applied indexto:(t:0, i:~)
2019-09-24 18:15:54,520 [pool-147-thread-1] INFO  server.RaftServerConfigKeys (ConfUtils.java:logGet(43)) - raft.server.notification.no-leader.timeout = 120s (custom)
2019-09-24 18:15:54,520 [pool-157-thread-1] INFO  server.RaftServerConfigKeys (ConfUtils.java:logGet(43)) - raft.server.notification.no-leader.timeout = 120s (custom)
2019-09-24 18:15:54,521 [pool-147-thread-1] INFO  server.RaftServerConfigKeys (ConfUtils.java:logGet(43)) - raft.server.log.use.memory = false (default)
2019-09-24 18:15:54,521 [pool-117-thread-1] INFO  server.RaftServerConfigKeys (ConfUtils.java:logGet(43)) - raft.server.notification.no-leader.timeout = 120s (custom)
2019-09-24 18:15:54,521 [pool-147-thread-1] INFO  server.RaftServerConfigKeys (ConfUtils.java:logGet(43)) - raft.server.log.purge.gap = 1000000 (custom)
2019-09-24 18:15:54,521 [pool-157-thread-1] INFO  server.RaftServerConfigKeys (ConfUtils.java:logGet(43)) - raft.server.log.use.memory = false (default)
2019-09-24 18:15:54,521 [pool-147-thread-1] INFO  server.RaftServerConfigKeys (ConfUtils.java:logGet(43)) - raft.server.log.appender.buffer.byte-limit = 33554432 (custom)
2019-09-24 18:15:54,521 [pool-117-thread-1] INFO  server.RaftServerConfigKeys (ConfUtils.java:logGet(43)) - raft.server.log.use.memory = false (default)
2019-09-24 18:15:54,521 [pool-147-thread-1] INFO  server.RaftServerConfigKeys (ConfUtils.java:logGet(43)) - raft.server.log.segment.size.max = 1048576 (custom)
2019-09-24 18:15:54,521 [pool-157-thread-1] INFO  server.RaftServerConfigKeys (ConfUtils.java:logGet(43)) - raft.server.log.purge.gap = 1000000 (custom)
2019-09-24 18:15:54,522 [pool-147-thread-1] INFO  server.RaftServerConfigKeys (ConfUtils.java:logGet(43)) - raft.server.log.segment.cache.num.max = 2 (custom)
2019-09-24 18:15:54,521 [pool-117-thread-1] INFO  server.RaftServerConfigKeys (ConfUtils.java:logGet(43)) - raft.server.log.purge.gap = 1000000 (custom)
2019-09-24 18:15:54,522 [pool-147-thread-1] INFO  segmented.SegmentedRaftLogWorker (SegmentedRaftLogWorker.java:<init>(172)) - new 94129c48-23ca-4c90-a0ce-bb122b1a0582@group-C7BA931E655D-SegmentedRaftLogWorker for RaftStorage:Storage Directory /workdir/hadoop-ozone/integration-test/target/test-dir/MiniOzoneClusterImpl-2256e15c-84c9-46bf-b493-19471620b231/datanode-3/data/ratis/3375506e-08d9-485b-94b1-c7ba931e655d
2019-09-24 18:15:54,522 [pool-157-thread-1] INFO  server.RaftServerConfigKeys (ConfUtils.java:logGet(43)) - raft.server.log.appender.buffer.byte-limit = 33554432 (custom)
2019-09-24 18:15:54,522 [pool-147-thread-1] INFO  server.RaftServerConfigKeys (ConfUtils.java:logGet(43)) - raft.server.log.queue.byte-limit = 2147483647 (custom)
2019-09-24 18:15:54,522 [pool-117-thread-1] INFO  server.RaftServerConfigKeys (ConfUtils.java:logGet(43)) - raft.server.log.appender.buffer.byte-limit = 33554432 (custom)
2019-09-24 18:15:54,522 [pool-147-thread-1] INFO  server.RaftServerConfigKeys (ConfUtils.java:logGet(43)) - raft.server.log.queue.element-limit = 1024 (custom)
2019-09-24 18:15:54,522 [pool-157-thread-1] INFO  server.RaftServerConfigKeys (ConfUtils.java:logGet(43)) - raft.server.log.segment.size.max = 1048576 (custom)
2019-09-24 18:15:54,523 [pool-147-thread-1] INFO  server.RaftServerConfigKeys (ConfUtils.java:logGet(43)) - raft.server.log.segment.size.max = 1048576 (custom)
2019-09-24 18:15:54,522 [pool-117-thread-1] INFO  server.RaftServerConfigKeys (ConfUtils.java:logGet(43)) - raft.server.log.segment.size.max = 1048576 (custom)
2019-09-24 18:15:54,523 [pool-147-thread-1] INFO  server.RaftServerConfigKeys (ConfUtils.java:logGet(43)) - raft.server.log.preallocated.size = 16384 (custom)
2019-09-24 18:15:54,523 [pool-157-thread-1] INFO  server.RaftServerConfigKeys (ConfUtils.java:logGet(43)) - raft.server.log.segment.cache.num.max = 2 (custom)
2019-09-24 18:15:54,523 [pool-147-thread-1] INFO  server.RaftServerConfigKeys (ConfUtils.java:logGet(43)) - raft.server.log.write.buffer.size = 33554432 (custom)
2019-09-24 18:15:54,523 [pool-117-thread-1] INFO  server.RaftServerConfigKeys (ConfUtils.java:logGet(43)) - raft.server.log.segment.cache.num.max = 2 (custom)
2019-09-24 18:15:54,523 [pool-147-thread-1] INFO  server.RaftServerConfigKeys (ConfUtils.java:logGet(43)) - raft.server.log.force.sync.num = 128 (default)
2019-09-24 18:15:54,523 [pool-157-thread-1] INFO  segmented.SegmentedRaftLogWorker (SegmentedRaftLogWorker.java:<init>(172)) - new 5d2d95be-6b28-4ecf-b7b7-7d783f42b699@group-C7BA931E655D-SegmentedRaftLogWorker for RaftStorage:Storage Directory /workdir/hadoop-ozone/integration-test/target/test-dir/MiniOzoneClusterImpl-2256e15c-84c9-46bf-b493-19471620b231/datanode-4/data/ratis/3375506e-08d9-485b-94b1-c7ba931e655d
2019-09-24 18:15:54,524 [pool-147-thread-1] INFO  server.RaftServerConfigKeys (ConfUtils.java:logGet(43)) - raft.server.log.statemachine.data.sync = true (default)
2019-09-24 18:15:54,523 [pool-117-thread-1] INFO  segmented.SegmentedRaftLogWorker (SegmentedRaftLogWorker.java:<init>(172)) - new 36b0c052-cff8-4e12-9bf5-4de3d256c6bd@group-C7BA931E655D-SegmentedRaftLogWorker for RaftStorage:Storage Directory /workdir/hadoop-ozone/integration-test/target/test-dir/MiniOzoneClusterImpl-2256e15c-84c9-46bf-b493-19471620b231/datanode-0/data/ratis/3375506e-08d9-485b-94b1-c7ba931e655d
2019-09-24 18:15:54,524 [pool-147-thread-1] INFO  server.RaftServerConfigKeys (ConfUtils.java:logGet(43)) - raft.server.log.statemachine.data.sync.timeout = 10s (default)
2019-09-24 18:15:54,524 [pool-157-thread-1] INFO  server.RaftServerConfigKeys (ConfUtils.java:logGet(43)) - raft.server.log.queue.byte-limit = 2147483647 (custom)
2019-09-24 18:15:54,524 [pool-147-thread-1] INFO  server.RaftServerConfigKeys (ConfUtils.java:logGet(43)) - raft.server.log.statemachine.data.sync.timeout.retry = -1 (default)
2019-09-24 18:15:54,524 [pool-117-thread-1] INFO  server.RaftServerConfigKeys (ConfUtils.java:logGet(43)) - raft.server.log.queue.byte-limit = 2147483647 (custom)
2019-09-24 18:15:54,524 [pool-147-thread-1] INFO  server.RaftServerConfigKeys (ConfUtils.java:logGet(43)) - raft.server.log.statemachine.data.caching.enabled = true (custom)
2019-09-24 18:15:54,524 [pool-157-thread-1] INFO  server.RaftServerConfigKeys (ConfUtils.java:logGet(43)) - raft.server.log.queue.element-limit = 1024 (custom)
2019-09-24 18:15:54,524 [pool-117-thread-1] INFO  server.RaftServerConfigKeys (ConfUtils.java:logGet(43)) - raft.server.log.queue.element-limit = 1024 (custom)
2019-09-24 18:15:54,525 [pool-147-thread-1] INFO  segmented.SegmentedRaftLogWorker (SegmentedRaftLogWorker.java:lambda$new$0(132)) - 94129c48-23ca-4c90-a0ce-bb122b1a0582@group-C7BA931E655D-SegmentedRaftLogWorker: flushIndex: setUnconditionally 0 -> -1
2019-09-24 18:15:54,525 [pool-157-thread-1] INFO  server.RaftServerConfigKeys (ConfUtils.java:logGet(43)) - raft.server.log.segment.size.max = 1048576 (custom)
2019-09-24 18:15:54,525 [pool-117-thread-1] INFO  server.RaftServerConfigKeys (ConfUtils.java:logGet(43)) - raft.server.log.segment.size.max = 1048576 (custom)
2019-09-24 18:15:54,525 [pool-147-thread-1] INFO  server.RaftServerConfigKeys (ConfUtils.java:logGet(43)) - raft.server.snapshot.auto.trigger.enabled = true (custom)
2019-09-24 18:15:54,525 [pool-157-thread-1] INFO  server.RaftServerConfigKeys (ConfUtils.java:logGet(43)) - raft.server.log.preallocated.size = 16384 (custom)
2019-09-24 18:15:54,525 [pool-147-thread-1] INFO  server.RaftServerConfigKeys (ConfUtils.java:logGet(43)) - raft.server.snapshot.auto.trigger.threshold = 10000 (custom)
2019-09-24 18:15:54,525 [pool-117-thread-1] INFO  server.RaftServerConfigKeys (ConfUtils.java:logGet(43)) - raft.server.log.preallocated.size = 16384 (custom)
2019-09-24 18:15:54,526 [pool-147-thread-1] INFO  server.RaftServerConfigKeys (ConfUtils.java:logGet(43)) - raft.server.snapshot.retention.num.files = 5 (custom)
2019-09-24 18:15:54,525 [pool-157-thread-1] INFO  server.RaftServerConfigKeys (ConfUtils.java:logGet(43)) - raft.server.log.write.buffer.size = 33554432 (custom)
2019-09-24 18:15:54,526 [pool-117-thread-1] INFO  server.RaftServerConfigKeys (ConfUtils.java:logGet(43)) - raft.server.log.write.buffer.size = 33554432 (custom)
2019-09-24 18:15:54,526 [pool-147-thread-1] INFO  server.RaftServerConfigKeys (ConfUtils.java:logGet(43)) - raft.server.retrycache.expirytime = 600000ms (custom)
2019-09-24 18:15:54,526 [pool-157-thread-1] INFO  server.RaftServerConfigKeys (ConfUtils.java:logGet(43)) - raft.server.log.force.sync.num = 128 (default)
2019-09-24 18:15:54,526 [pool-117-thread-1] INFO  server.RaftServerConfigKeys (ConfUtils.java:logGet(43)) - raft.server.log.force.sync.num = 128 (default)
2019-09-24 18:15:54,527 [pool-157-thread-1] INFO  server.RaftServerConfigKeys (ConfUtils.java:logGet(43)) - raft.server.log.statemachine.data.sync = true (default)
2019-09-24 18:15:54,527 [pool-117-thread-1] INFO  server.RaftServerConfigKeys (ConfUtils.java:logGet(43)) - raft.server.log.statemachine.data.sync = true (default)
2019-09-24 18:15:54,527 [pool-157-thread-1] INFO  server.RaftServerConfigKeys (ConfUtils.java:logGet(43)) - raft.server.log.statemachine.data.sync.timeout = 10s (default)
2019-09-24 18:15:54,527 [pool-117-thread-1] INFO  server.RaftServerConfigKeys (ConfUtils.java:logGet(43)) - raft.server.log.statemachine.data.sync.timeout = 10s (default)
2019-09-24 18:15:54,527 [pool-157-thread-1] INFO  server.RaftServerConfigKeys (ConfUtils.java:logGet(43)) - raft.server.log.statemachine.data.sync.timeout.retry = -1 (default)
2019-09-24 18:15:54,528 [pool-117-thread-1] INFO  server.RaftServerConfigKeys (ConfUtils.java:logGet(43)) - raft.server.log.statemachine.data.sync.timeout.retry = -1 (default)
2019-09-24 18:15:54,528 [pool-157-thread-1] INFO  server.RaftServerConfigKeys (ConfUtils.java:logGet(43)) - raft.server.log.statemachine.data.caching.enabled = true (custom)
2019-09-24 18:15:54,528 [pool-117-thread-1] INFO  server.RaftServerConfigKeys (ConfUtils.java:logGet(43)) - raft.server.log.statemachine.data.caching.enabled = true (custom)
2019-09-24 18:15:54,528 [pool-157-thread-1] INFO  segmented.SegmentedRaftLogWorker (SegmentedRaftLogWorker.java:lambda$new$0(132)) - 5d2d95be-6b28-4ecf-b7b7-7d783f42b699@group-C7BA931E655D-SegmentedRaftLogWorker: flushIndex: setUnconditionally 0 -> -1
2019-09-24 18:15:54,528 [pool-117-thread-1] INFO  segmented.SegmentedRaftLogWorker (SegmentedRaftLogWorker.java:lambda$new$0(132)) - 36b0c052-cff8-4e12-9bf5-4de3d256c6bd@group-C7BA931E655D-SegmentedRaftLogWorker: flushIndex: setUnconditionally 0 -> -1
2019-09-24 18:15:54,529 [pool-157-thread-1] INFO  server.RaftServerConfigKeys (ConfUtils.java:logGet(43)) - raft.server.snapshot.auto.trigger.enabled = true (custom)
2019-09-24 18:15:54,529 [pool-157-thread-1] INFO  server.RaftServerConfigKeys (ConfUtils.java:logGet(43)) - raft.server.snapshot.auto.trigger.threshold = 10000 (custom)
2019-09-24 18:15:54,529 [pool-157-thread-1] INFO  server.RaftServerConfigKeys (ConfUtils.java:logGet(43)) - raft.server.snapshot.retention.num.files = 5 (custom)
2019-09-24 18:15:54,529 [pool-117-thread-1] INFO  server.RaftServerConfigKeys (ConfUtils.java:logGet(43)) - raft.server.snapshot.auto.trigger.enabled = true (custom)
2019-09-24 18:15:54,529 [pool-157-thread-1] INFO  server.RaftServerConfigKeys (ConfUtils.java:logGet(43)) - raft.server.retrycache.expirytime = 600000ms (custom)
2019-09-24 18:15:54,529 [pool-117-thread-1] INFO  server.RaftServerConfigKeys (ConfUtils.java:logGet(43)) - raft.server.snapshot.auto.trigger.threshold = 10000 (custom)
2019-09-24 18:15:54,529 [pool-117-thread-1] INFO  server.RaftServerConfigKeys (ConfUtils.java:logGet(43)) - raft.server.snapshot.retention.num.files = 5 (custom)
2019-09-24 18:15:54,530 [pool-147-thread-1] INFO  impl.RaftServerImpl (RaftServerImpl.java:start(185)) - 94129c48-23ca-4c90-a0ce-bb122b1a0582@group-C7BA931E655D: start as a follower, conf=-1: [5d2d95be-6b28-4ecf-b7b7-7d783f42b699:192.168.36.84:36125, 94129c48-23ca-4c90-a0ce-bb122b1a0582:192.168.36.84:34734, 36b0c052-cff8-4e12-9bf5-4de3d256c6bd:192.168.36.84:41822], old=null
2019-09-24 18:15:54,530 [pool-117-thread-1] INFO  server.RaftServerConfigKeys (ConfUtils.java:logGet(43)) - raft.server.retrycache.expirytime = 600000ms (custom)
2019-09-24 18:15:54,530 [pool-147-thread-1] INFO  impl.RaftServerImpl (RaftServerImpl.java:setRole(174)) - 94129c48-23ca-4c90-a0ce-bb122b1a0582@group-C7BA931E655D: changes role from      null to FOLLOWER at term 0 for startAsFollower
2019-09-24 18:15:54,530 [pool-147-thread-1] INFO  impl.RoleInfo (RoleInfo.java:updateAndGet(143)) - 94129c48-23ca-4c90-a0ce-bb122b1a0582: start FollowerState
2019-09-24 18:15:54,531 [pool-147-thread-1] INFO  util.JmxRegister (JmxRegister.java:tryRegister(44)) - Successfully registered JMX Bean with object name Ratis:service=RaftServer,group=group-C7BA931E655D,id=94129c48-23ca-4c90-a0ce-bb122b1a0582
2019-09-24 18:15:54,532 [pool-157-thread-1] INFO  impl.RaftServerImpl (RaftServerImpl.java:start(185)) - 5d2d95be-6b28-4ecf-b7b7-7d783f42b699@group-C7BA931E655D: start as a follower, conf=-1: [5d2d95be-6b28-4ecf-b7b7-7d783f42b699:192.168.36.84:36125, 94129c48-23ca-4c90-a0ce-bb122b1a0582:192.168.36.84:34734, 36b0c052-cff8-4e12-9bf5-4de3d256c6bd:192.168.36.84:41822], old=null
2019-09-24 18:15:54,535 [pool-157-thread-1] INFO  impl.RaftServerImpl (RaftServerImpl.java:setRole(174)) - 5d2d95be-6b28-4ecf-b7b7-7d783f42b699@group-C7BA931E655D: changes role from      null to FOLLOWER at term 0 for startAsFollower
2019-09-24 18:15:54,535 [pool-157-thread-1] INFO  impl.RoleInfo (RoleInfo.java:updateAndGet(143)) - 5d2d95be-6b28-4ecf-b7b7-7d783f42b699: start FollowerState
2019-09-24 18:15:54,536 [pool-157-thread-1] INFO  util.JmxRegister (JmxRegister.java:tryRegister(44)) - Successfully registered JMX Bean with object name Ratis:service=RaftServer,group=group-C7BA931E655D,id=5d2d95be-6b28-4ecf-b7b7-7d783f42b699
2019-09-24 18:15:54,536 [pool-117-thread-1] INFO  impl.RaftServerImpl (RaftServerImpl.java:start(185)) - 36b0c052-cff8-4e12-9bf5-4de3d256c6bd@group-C7BA931E655D: start as a follower, conf=-1: [5d2d95be-6b28-4ecf-b7b7-7d783f42b699:192.168.36.84:36125, 94129c48-23ca-4c90-a0ce-bb122b1a0582:192.168.36.84:34734, 36b0c052-cff8-4e12-9bf5-4de3d256c6bd:192.168.36.84:41822], old=null
2019-09-24 18:15:54,536 [pool-117-thread-1] INFO  impl.RaftServerImpl (RaftServerImpl.java:setRole(174)) - 36b0c052-cff8-4e12-9bf5-4de3d256c6bd@group-C7BA931E655D: changes role from      null to FOLLOWER at term 0 for startAsFollower
2019-09-24 18:15:54,536 [pool-117-thread-1] INFO  impl.RoleInfo (RoleInfo.java:updateAndGet(143)) - 36b0c052-cff8-4e12-9bf5-4de3d256c6bd: start FollowerState
2019-09-24 18:15:54,537 [pool-117-thread-1] INFO  util.JmxRegister (JmxRegister.java:tryRegister(44)) - Successfully registered JMX Bean with object name Ratis:service=RaftServer,group=group-C7BA931E655D,id=36b0c052-cff8-4e12-9bf5-4de3d256c6bd
2019-09-24 18:15:54,544 [RatisPipelineUtilsThread] INFO  pipeline.PipelineStateManager (PipelineStateManager.java:addPipeline(56)) - Created pipeline Pipeline[ Id: 3375506e-08d9-485b-94b1-c7ba931e655d, Nodes: 5d2d95be-6b28-4ecf-b7b7-7d783f42b699{ip: 192.168.36.84, host: pr-hdds-2171-6l6hb-1841322612, networkLocation: /default-rack, certSerialId: null}94129c48-23ca-4c90-a0ce-bb122b1a0582{ip: 192.168.36.84, host: pr-hdds-2171-6l6hb-1841322612, networkLocation: /default-rack, certSerialId: null}36b0c052-cff8-4e12-9bf5-4de3d256c6bd{ip: 192.168.36.84, host: pr-hdds-2171-6l6hb-1841322612, networkLocation: /default-rack, certSerialId: null}, Type:RATIS, Factor:THREE, State:OPEN]
2019-09-24 18:15:54,643 [main] INFO  ozone.MiniOzoneClusterImpl (MiniOzoneClusterImpl.java:lambda$waitForClusterToBeReady$0(147)) - Waiting for cluster to be ready. Got 5 of 7 DN Heartbeats.
2019-09-24 18:15:55,566 [IPC Server handler 7 on 43306] INFO  net.NetworkTopology (NetworkTopologyImpl.java:add(111)) - Added a new node: /default-rack/dc518f1e-76ea-446f-acc5-d49b23344d5e
2019-09-24 18:15:55,569 [IPC Server handler 7 on 43306] INFO  node.SCMNodeManager (SCMNodeManager.java:register(266)) - Registered Data node : dc518f1e-76ea-446f-acc5-d49b23344d5e{ip: 192.168.36.84, host: pr-hdds-2171-6l6hb-1841322612, networkLocation: /default-rack, certSerialId: null}
2019-09-24 18:15:55,587 [grpc-default-executor-2] INFO  impl.RaftServerProxy (RaftServerProxy.java:addNew(89)) - dc518f1e-76ea-446f-acc5-d49b23344d5e: addNew group-4EE37480353B:[dc518f1e-76ea-446f-acc5-d49b23344d5e:192.168.36.84:45108] returns group-4EE37480353B:java.util.concurrent.CompletableFuture@2bf59055[Not completed]
2019-09-24 18:15:55,594 [pool-167-thread-1] INFO  impl.RaftServerImpl (RaftServerImpl.java:<init>(95)) - dc518f1e-76ea-446f-acc5-d49b23344d5e: new RaftServerImpl for group-4EE37480353B:[dc518f1e-76ea-446f-acc5-d49b23344d5e:192.168.36.84:45108] with ContainerStateMachine:uninitialized
2019-09-24 18:15:55,595 [pool-167-thread-1] INFO  server.RaftServerConfigKeys (ConfUtils.java:logGet(43)) - raft.server.rpc.timeout.min = 5s (custom)
2019-09-24 18:15:55,595 [pool-167-thread-1] INFO  server.RaftServerConfigKeys (ConfUtils.java:logGet(43)) - raft.server.rpc.timeout.max = 5200ms (custom)
2019-09-24 18:15:55,595 [pool-167-thread-1] INFO  server.RaftServerConfigKeys (ConfUtils.java:logGet(43)) - raft.server.rpcslowness.timeout = 120s (custom)
2019-09-24 18:15:55,595 [pool-167-thread-1] INFO  server.RaftServerConfigKeys (ConfUtils.java:logGet(43)) - raft.server.sleep.deviation.threshold = 300 (default)
2019-09-24 18:15:55,595 [pool-167-thread-1] INFO  server.RaftServerConfigKeys (ConfUtils.java:logGet(43)) - raft.server.log.appender.install.snapshot.enabled = false (custom)
2019-09-24 18:15:55,596 [pool-167-thread-1] INFO  impl.RaftServerImpl (ServerState.java:<init>(103)) - dc518f1e-76ea-446f-acc5-d49b23344d5e@group-4EE37480353B: ConfigurationManager, init=-1: [dc518f1e-76ea-446f-acc5-d49b23344d5e:192.168.36.84:45108], old=null, confs=<EMPTY_MAP>
2019-09-24 18:15:55,596 [pool-167-thread-1] INFO  server.RaftServerConfigKeys (ConfUtils.java:logGet(43)) - raft.server.storage.dir = [/workdir/hadoop-ozone/integration-test/target/test-dir/MiniOzoneClusterImpl-2256e15c-84c9-46bf-b493-19471620b231/datanode-5/data/ratis] (custom)
2019-09-24 18:15:55,644 [main] INFO  ozone.MiniOzoneClusterImpl (MiniOzoneClusterImpl.java:lambda$waitForClusterToBeReady$0(147)) - Waiting for cluster to be ready. Got 6 of 7 DN Heartbeats.
2019-09-24 18:15:55,645 [IPC Server handler 5 on 43306] INFO  net.NetworkTopology (NetworkTopologyImpl.java:add(111)) - Added a new node: /default-rack/c3ba2feb-e3c1-413e-bd73-cad472897a56
2019-09-24 18:15:55,645 [IPC Server handler 5 on 43306] INFO  node.SCMNodeManager (SCMNodeManager.java:register(266)) - Registered Data node : c3ba2feb-e3c1-413e-bd73-cad472897a56{ip: 192.168.36.84, host: pr-hdds-2171-6l6hb-1841322612, networkLocation: /default-rack, certSerialId: null}
2019-09-24 18:15:56,167 [Thread-547] INFO  container.ReplicationManager (ReplicationManager.java:start(162)) - Starting Replication Monitor Thread.
2019-09-24 18:15:56,171 [ReplicationMonitor] INFO  container.ReplicationManager (ReplicationManager.java:run(225)) - Replication Monitor Thread took 0 milliseconds for processing 0 containers.
2019-09-24 18:15:56,644 [main] INFO  ozone.MiniOzoneClusterImpl (MiniOzoneClusterImpl.java:lambda$waitForClusterToBeReady$0(147)) - Cluster is ready. Got 7 of 7 DN Heartbeats.
2019-09-24 18:15:56,688 [main] INFO  rpc.RpcClient (RpcClient.java:createVolume(276)) - Creating Volume: testblockoutputstreamwithretries, with jenkins1000 as owner.
2019-09-24 18:15:56,692 [IPC Server handler 0 on 37089] INFO  volume.OMVolumeCreateRequest (OMVolumeCreateRequest.java:validateAndUpdateCache(189)) - created volume:testblockoutputstreamwithretries for user:jenkins1000
2019-09-24 18:15:56,807 [pool-167-thread-1] INFO  storage.RaftStorageDirectory (RaftStorageDirectory.java:analyzeStorage(246)) - The storage directory /workdir/hadoop-ozone/integration-test/target/test-dir/MiniOzoneClusterImpl-2256e15c-84c9-46bf-b493-19471620b231/datanode-5/data/ratis/ea5b257e-ed87-4428-8350-4ee37480353b does not exist. Creating ...
2019-09-24 18:15:56,825 [main] INFO  rpc.RpcClient (RpcClient.java:createBucket(415)) - Creating Bucket: testblockoutputstreamwithretries/testblockoutputstreamwithretries, with Versioning false and Storage Type set to DISK and Encryption set to false 
2019-09-24 18:15:58,581 [RATISCREATEPIPELINE1] ERROR pipeline.RatisPipelineProvider (RatisPipelineProvider.java:lambda$null$5(235)) - Failed invoke Ratis rpc org.apache.hadoop.hdds.scm.pipeline.RatisPipelineProvider$$Lambda$181/1754498501@3643a57a for dc518f1e-76ea-446f-acc5-d49b23344d5e
org.apache.ratis.protocol.TimeoutIOException: deadline exceeded after 2999634360ns
	at org.apache.ratis.grpc.GrpcUtil.tryUnwrapException(GrpcUtil.java:82)
	at org.apache.ratis.grpc.GrpcUtil.unwrapException(GrpcUtil.java:75)
	at org.apache.ratis.grpc.client.GrpcClientProtocolClient.blockingCall(GrpcClientProtocolClient.java:178)
	at org.apache.ratis.grpc.client.GrpcClientProtocolClient.groupAdd(GrpcClientProtocolClient.java:147)
	at org.apache.ratis.grpc.client.GrpcClientRpc.sendRequest(GrpcClientRpc.java:94)
	at org.apache.ratis.client.impl.RaftClientImpl.sendRequest(RaftClientImpl.java:278)
	at org.apache.ratis.client.impl.RaftClientImpl.groupAdd(RaftClientImpl.java:205)
	at org.apache.hadoop.hdds.scm.pipeline.RatisPipelineProvider.lambda$initializePipeline$4(RatisPipelineProvider.java:196)
	at org.apache.hadoop.hdds.scm.pipeline.RatisPipelineProvider.lambda$null$5(RatisPipelineProvider.java:231)
	at java.util.stream.ForEachOps$ForEachOp$OfRef.accept(ForEachOps.java:184)
	at java.util.ArrayList$ArrayListSpliterator.forEachRemaining(ArrayList.java:1382)
	at java.util.stream.AbstractPipeline.copyInto(AbstractPipeline.java:482)
	at java.util.stream.ForEachOps$ForEachTask.compute(ForEachOps.java:291)
	at java.util.concurrent.CountedCompleter.exec(CountedCompleter.java:731)
	at java.util.concurrent.ForkJoinTask.doExec(ForkJoinTask.java:289)
	at java.util.concurrent.ForkJoinTask.doInvoke(ForkJoinTask.java:401)
	at java.util.concurrent.ForkJoinTask.invoke(ForkJoinTask.java:734)
	at java.util.stream.ForEachOps$ForEachOp.evaluateParallel(ForEachOps.java:160)
	at java.util.stream.ForEachOps$ForEachOp$OfRef.evaluateParallel(ForEachOps.java:174)
	at java.util.stream.AbstractPipeline.evaluate(AbstractPipeline.java:233)
	at java.util.stream.ReferencePipeline.forEach(ReferencePipeline.java:418)
	at java.util.stream.ReferencePipeline$Head.forEach(ReferencePipeline.java:583)
	at org.apache.hadoop.hdds.scm.pipeline.RatisPipelineProvider.lambda$callRatisRpc$6(RatisPipelineProvider.java:225)
	at java.util.concurrent.ForkJoinTask$AdaptedRunnableAction.exec(ForkJoinTask.java:1386)
	at java.util.concurrent.ForkJoinTask.doExec(ForkJoinTask.java:289)
	at java.util.concurrent.ForkJoinPool$WorkQueue.runTask(ForkJoinPool.java:1056)
	at java.util.concurrent.ForkJoinPool.runWorker(ForkJoinPool.java:1692)
	at java.util.concurrent.ForkJoinWorkerThread.run(ForkJoinWorkerThread.java:157)
Caused by: org.apache.ratis.thirdparty.io.grpc.StatusRuntimeException: DEADLINE_EXCEEDED: deadline exceeded after 2999634360ns
	at org.apache.ratis.thirdparty.io.grpc.stub.ClientCalls.toStatusRuntimeException(ClientCalls.java:233)
	at org.apache.ratis.thirdparty.io.grpc.stub.ClientCalls.getUnchecked(ClientCalls.java:214)
	at org.apache.ratis.thirdparty.io.grpc.stub.ClientCalls.blockingUnaryCall(ClientCalls.java:139)
	at org.apache.ratis.proto.grpc.AdminProtocolServiceGrpc$AdminProtocolServiceBlockingStub.groupManagement(AdminProtocolServiceGrpc.java:274)
	at org.apache.ratis.grpc.client.GrpcClientProtocolClient.lambda$groupAdd$3(GrpcClientProtocolClient.java:149)
	at org.apache.ratis.grpc.client.GrpcClientProtocolClient.blockingCall(GrpcClientProtocolClient.java:176)
	... 25 more
2019-09-24 18:15:58,618 [grpc-default-executor-1] INFO  impl.RaftServerProxy (RaftServerProxy.java:addNew(89)) - 7c411084-5716-47c5-97f2-dc43e37e1edc: addNew group-C825CE6F0EB5:[c193ce51-f881-48bb-a5d6-6cdb2075116e:192.168.36.84:43582, c3ba2feb-e3c1-413e-bd73-cad472897a56:192.168.36.84:46228, 7c411084-5716-47c5-97f2-dc43e37e1edc:192.168.36.84:35497] returns group-C825CE6F0EB5:java.util.concurrent.CompletableFuture@6bed903[Not completed]
2019-09-24 18:15:58,622 [grpc-default-executor-0] INFO  impl.RaftServerProxy (RaftServerProxy.java:addNew(89)) - c193ce51-f881-48bb-a5d6-6cdb2075116e: addNew group-C825CE6F0EB5:[c193ce51-f881-48bb-a5d6-6cdb2075116e:192.168.36.84:43582, c3ba2feb-e3c1-413e-bd73-cad472897a56:192.168.36.84:46228, 7c411084-5716-47c5-97f2-dc43e37e1edc:192.168.36.84:35497] returns group-C825CE6F0EB5:java.util.concurrent.CompletableFuture@1cee099b[Not completed]
2019-09-24 18:15:58,623 [pool-127-thread-1] INFO  impl.RaftServerImpl (RaftServerImpl.java:<init>(95)) - 7c411084-5716-47c5-97f2-dc43e37e1edc: new RaftServerImpl for group-C825CE6F0EB5:[c193ce51-f881-48bb-a5d6-6cdb2075116e:192.168.36.84:43582, c3ba2feb-e3c1-413e-bd73-cad472897a56:192.168.36.84:46228, 7c411084-5716-47c5-97f2-dc43e37e1edc:192.168.36.84:35497] with ContainerStateMachine:uninitialized
2019-09-24 18:15:58,623 [grpc-default-executor-1] INFO  impl.RaftServerProxy (RaftServerProxy.java:addNew(89)) - c3ba2feb-e3c1-413e-bd73-cad472897a56: addNew group-C825CE6F0EB5:[c193ce51-f881-48bb-a5d6-6cdb2075116e:192.168.36.84:43582, c3ba2feb-e3c1-413e-bd73-cad472897a56:192.168.36.84:46228, 7c411084-5716-47c5-97f2-dc43e37e1edc:192.168.36.84:35497] returns group-C825CE6F0EB5:java.util.concurrent.CompletableFuture@57ecb5c2[Not completed]
2019-09-24 18:15:58,623 [pool-127-thread-1] INFO  server.RaftServerConfigKeys (ConfUtils.java:logGet(43)) - raft.server.rpc.timeout.min = 5s (custom)
2019-09-24 18:15:58,623 [pool-127-thread-1] INFO  server.RaftServerConfigKeys (ConfUtils.java:logGet(43)) - raft.server.rpc.timeout.max = 5200ms (custom)
2019-09-24 18:15:58,623 [pool-127-thread-1] INFO  server.RaftServerConfigKeys (ConfUtils.java:logGet(43)) - raft.server.rpcslowness.timeout = 120s (custom)
2019-09-24 18:15:58,623 [pool-127-thread-1] INFO  server.RaftServerConfigKeys (ConfUtils.java:logGet(43)) - raft.server.sleep.deviation.threshold = 300 (default)
2019-09-24 18:15:58,624 [pool-127-thread-1] INFO  server.RaftServerConfigKeys (ConfUtils.java:logGet(43)) - raft.server.log.appender.install.snapshot.enabled = false (custom)
2019-09-24 18:15:58,624 [pool-137-thread-1] INFO  impl.RaftServerImpl (RaftServerImpl.java:<init>(95)) - c193ce51-f881-48bb-a5d6-6cdb2075116e: new RaftServerImpl for group-C825CE6F0EB5:[c193ce51-f881-48bb-a5d6-6cdb2075116e:192.168.36.84:43582, c3ba2feb-e3c1-413e-bd73-cad472897a56:192.168.36.84:46228, 7c411084-5716-47c5-97f2-dc43e37e1edc:192.168.36.84:35497] with ContainerStateMachine:uninitialized
2019-09-24 18:15:58,624 [pool-127-thread-1] INFO  impl.RaftServerImpl (ServerState.java:<init>(103)) - 7c411084-5716-47c5-97f2-dc43e37e1edc@group-C825CE6F0EB5: ConfigurationManager, init=-1: [c193ce51-f881-48bb-a5d6-6cdb2075116e:192.168.36.84:43582, c3ba2feb-e3c1-413e-bd73-cad472897a56:192.168.36.84:46228, 7c411084-5716-47c5-97f2-dc43e37e1edc:192.168.36.84:35497], old=null, confs=<EMPTY_MAP>
2019-09-24 18:15:58,624 [pool-137-thread-1] INFO  server.RaftServerConfigKeys (ConfUtils.java:logGet(43)) - raft.server.rpc.timeout.min = 5s (custom)
2019-09-24 18:15:58,624 [pool-127-thread-1] INFO  server.RaftServerConfigKeys (ConfUtils.java:logGet(43)) - raft.server.storage.dir = [/workdir/hadoop-ozone/integration-test/target/test-dir/MiniOzoneClusterImpl-2256e15c-84c9-46bf-b493-19471620b231/datanode-1/data/ratis] (custom)
2019-09-24 18:15:58,624 [pool-137-thread-1] INFO  server.RaftServerConfigKeys (ConfUtils.java:logGet(43)) - raft.server.rpc.timeout.max = 5200ms (custom)
2019-09-24 18:15:58,625 [pool-137-thread-1] INFO  server.RaftServerConfigKeys (ConfUtils.java:logGet(43)) - raft.server.rpcslowness.timeout = 120s (custom)
2019-09-24 18:15:58,625 [pool-127-thread-1] INFO  storage.RaftStorageDirectory (RaftStorageDirectory.java:analyzeStorage(246)) - The storage directory /workdir/hadoop-ozone/integration-test/target/test-dir/MiniOzoneClusterImpl-2256e15c-84c9-46bf-b493-19471620b231/datanode-1/data/ratis/f686dcbe-2b52-4d7e-b436-c825ce6f0eb5 does not exist. Creating ...
2019-09-24 18:15:58,625 [pool-137-thread-1] INFO  server.RaftServerConfigKeys (ConfUtils.java:logGet(43)) - raft.server.sleep.deviation.threshold = 300 (default)
2019-09-24 18:15:58,625 [pool-137-thread-1] INFO  server.RaftServerConfigKeys (ConfUtils.java:logGet(43)) - raft.server.log.appender.install.snapshot.enabled = false (custom)
2019-09-24 18:15:58,625 [pool-137-thread-1] INFO  impl.RaftServerImpl (ServerState.java:<init>(103)) - c193ce51-f881-48bb-a5d6-6cdb2075116e@group-C825CE6F0EB5: ConfigurationManager, init=-1: [c193ce51-f881-48bb-a5d6-6cdb2075116e:192.168.36.84:43582, c3ba2feb-e3c1-413e-bd73-cad472897a56:192.168.36.84:46228, 7c411084-5716-47c5-97f2-dc43e37e1edc:192.168.36.84:35497], old=null, confs=<EMPTY_MAP>
2019-09-24 18:15:58,630 [pool-177-thread-1] INFO  impl.RaftServerImpl (RaftServerImpl.java:<init>(95)) - c3ba2feb-e3c1-413e-bd73-cad472897a56: new RaftServerImpl for group-C825CE6F0EB5:[c193ce51-f881-48bb-a5d6-6cdb2075116e:192.168.36.84:43582, c3ba2feb-e3c1-413e-bd73-cad472897a56:192.168.36.84:46228, 7c411084-5716-47c5-97f2-dc43e37e1edc:192.168.36.84:35497] with ContainerStateMachine:uninitialized
2019-09-24 18:15:58,630 [pool-137-thread-1] INFO  server.RaftServerConfigKeys (ConfUtils.java:logGet(43)) - raft.server.storage.dir = [/workdir/hadoop-ozone/integration-test/target/test-dir/MiniOzoneClusterImpl-2256e15c-84c9-46bf-b493-19471620b231/datanode-2/data/ratis] (custom)
2019-09-24 18:15:58,630 [pool-177-thread-1] INFO  server.RaftServerConfigKeys (ConfUtils.java:logGet(43)) - raft.server.rpc.timeout.min = 5s (custom)
2019-09-24 18:15:58,631 [pool-177-thread-1] INFO  server.RaftServerConfigKeys (ConfUtils.java:logGet(43)) - raft.server.rpc.timeout.max = 5200ms (custom)
2019-09-24 18:15:58,631 [pool-137-thread-1] INFO  storage.RaftStorageDirectory (RaftStorageDirectory.java:analyzeStorage(246)) - The storage directory /workdir/hadoop-ozone/integration-test/target/test-dir/MiniOzoneClusterImpl-2256e15c-84c9-46bf-b493-19471620b231/datanode-2/data/ratis/f686dcbe-2b52-4d7e-b436-c825ce6f0eb5 does not exist. Creating ...
2019-09-24 18:15:58,631 [pool-177-thread-1] INFO  server.RaftServerConfigKeys (ConfUtils.java:logGet(43)) - raft.server.rpcslowness.timeout = 120s (custom)
2019-09-24 18:15:58,631 [pool-177-thread-1] INFO  server.RaftServerConfigKeys (ConfUtils.java:logGet(43)) - raft.server.sleep.deviation.threshold = 300 (default)
2019-09-24 18:15:58,631 [pool-177-thread-1] INFO  server.RaftServerConfigKeys (ConfUtils.java:logGet(43)) - raft.server.log.appender.install.snapshot.enabled = false (custom)
2019-09-24 18:15:58,631 [pool-177-thread-1] INFO  impl.RaftServerImpl (ServerState.java:<init>(103)) - c3ba2feb-e3c1-413e-bd73-cad472897a56@group-C825CE6F0EB5: ConfigurationManager, init=-1: [c193ce51-f881-48bb-a5d6-6cdb2075116e:192.168.36.84:43582, c3ba2feb-e3c1-413e-bd73-cad472897a56:192.168.36.84:46228, 7c411084-5716-47c5-97f2-dc43e37e1edc:192.168.36.84:35497], old=null, confs=<EMPTY_MAP>
2019-09-24 18:15:58,632 [pool-177-thread-1] INFO  server.RaftServerConfigKeys (ConfUtils.java:logGet(43)) - raft.server.storage.dir = [/workdir/hadoop-ozone/integration-test/target/test-dir/MiniOzoneClusterImpl-2256e15c-84c9-46bf-b493-19471620b231/datanode-6/data/ratis] (custom)
2019-09-24 18:15:58,632 [pool-177-thread-1] INFO  storage.RaftStorageDirectory (RaftStorageDirectory.java:analyzeStorage(246)) - The storage directory /workdir/hadoop-ozone/integration-test/target/test-dir/MiniOzoneClusterImpl-2256e15c-84c9-46bf-b493-19471620b231/datanode-6/data/ratis/f686dcbe-2b52-4d7e-b436-c825ce6f0eb5 does not exist. Creating ...
2019-09-24 18:15:59,254 [Thread-553] INFO  impl.FollowerState (FollowerState.java:run(106)) - 36b0c052-cff8-4e12-9bf5-4de3d256c6bd:group-B6C20EE9E639 changes to CANDIDATE, lastRpcTime:5122, electionTimeout:5122ms
2019-09-24 18:15:59,255 [Thread-553] INFO  impl.RoleInfo (RoleInfo.java:shutdownFollowerState(121)) - 36b0c052-cff8-4e12-9bf5-4de3d256c6bd: shutdown FollowerState
2019-09-24 18:15:59,255 [Thread-553] INFO  impl.RaftServerImpl (RaftServerImpl.java:setRole(174)) - 36b0c052-cff8-4e12-9bf5-4de3d256c6bd@group-B6C20EE9E639: changes role from  FOLLOWER to CANDIDATE at term 0 for changeToCandidate
2019-09-24 18:15:59,255 [Thread-553] INFO  impl.RoleInfo (RoleInfo.java:updateAndGet(143)) - 36b0c052-cff8-4e12-9bf5-4de3d256c6bd: start LeaderElection
2019-09-24 18:15:59,326 [Thread-556] INFO  impl.FollowerState (FollowerState.java:run(106)) - 5d2d95be-6b28-4ecf-b7b7-7d783f42b699:group-85CAA62505AF changes to CANDIDATE, lastRpcTime:5105, electionTimeout:5105ms
2019-09-24 18:15:59,326 [Thread-556] INFO  impl.RoleInfo (RoleInfo.java:shutdownFollowerState(121)) - 5d2d95be-6b28-4ecf-b7b7-7d783f42b699: shutdown FollowerState
2019-09-24 18:15:59,326 [Thread-556] INFO  impl.RaftServerImpl (RaftServerImpl.java:setRole(174)) - 5d2d95be-6b28-4ecf-b7b7-7d783f42b699@group-85CAA62505AF: changes role from  FOLLOWER to CANDIDATE at term 0 for changeToCandidate
2019-09-24 18:15:59,326 [Thread-556] INFO  impl.RoleInfo (RoleInfo.java:updateAndGet(143)) - 5d2d95be-6b28-4ecf-b7b7-7d783f42b699: start LeaderElection
2019-09-24 18:15:59,332 [Thread-559] INFO  impl.FollowerState (FollowerState.java:run(106)) - 94129c48-23ca-4c90-a0ce-bb122b1a0582:group-A288B06A88C5 changes to CANDIDATE, lastRpcTime:5027, electionTimeout:5026ms
2019-09-24 18:15:59,336 [Thread-559] INFO  impl.RoleInfo (RoleInfo.java:shutdownFollowerState(121)) - 94129c48-23ca-4c90-a0ce-bb122b1a0582: shutdown FollowerState
2019-09-24 18:15:59,336 [Thread-559] INFO  impl.RaftServerImpl (RaftServerImpl.java:setRole(174)) - 94129c48-23ca-4c90-a0ce-bb122b1a0582@group-A288B06A88C5: changes role from  FOLLOWER to CANDIDATE at term 0 for changeToCandidate
2019-09-24 18:15:59,336 [Thread-559] INFO  impl.RoleInfo (RoleInfo.java:updateAndGet(143)) - 94129c48-23ca-4c90-a0ce-bb122b1a0582: start LeaderElection
2019-09-24 18:15:59,570 [Thread-562] INFO  impl.FollowerState (FollowerState.java:run(106)) - 7c411084-5716-47c5-97f2-dc43e37e1edc:group-954FA3C9D214 changes to CANDIDATE, lastRpcTime:5192, electionTimeout:5192ms
2019-09-24 18:15:59,570 [Thread-562] INFO  impl.RoleInfo (RoleInfo.java:shutdownFollowerState(121)) - 7c411084-5716-47c5-97f2-dc43e37e1edc: shutdown FollowerState
2019-09-24 18:15:59,570 [Thread-562] INFO  impl.RaftServerImpl (RaftServerImpl.java:setRole(174)) - 7c411084-5716-47c5-97f2-dc43e37e1edc@group-954FA3C9D214: changes role from  FOLLOWER to CANDIDATE at term 0 for changeToCandidate
2019-09-24 18:15:59,571 [Thread-562] INFO  impl.RoleInfo (RoleInfo.java:updateAndGet(143)) - 7c411084-5716-47c5-97f2-dc43e37e1edc: start LeaderElection
2019-09-24 18:15:59,597 [Thread-574] INFO  impl.FollowerState (FollowerState.java:run(106)) - 36b0c052-cff8-4e12-9bf5-4de3d256c6bd:group-C7BA931E655D changes to CANDIDATE, lastRpcTime:5060, electionTimeout:5060ms
2019-09-24 18:15:59,597 [Thread-574] INFO  impl.RoleInfo (RoleInfo.java:shutdownFollowerState(121)) - 36b0c052-cff8-4e12-9bf5-4de3d256c6bd: shutdown FollowerState
2019-09-24 18:15:59,598 [Thread-574] INFO  impl.RaftServerImpl (RaftServerImpl.java:setRole(174)) - 36b0c052-cff8-4e12-9bf5-4de3d256c6bd@group-C7BA931E655D: changes role from  FOLLOWER to CANDIDATE at term 0 for changeToCandidate
2019-09-24 18:15:59,598 [Thread-574] INFO  impl.RoleInfo (RoleInfo.java:updateAndGet(143)) - 36b0c052-cff8-4e12-9bf5-4de3d256c6bd: start LeaderElection
2019-09-24 18:15:59,628 [Thread-565] INFO  impl.FollowerState (FollowerState.java:run(106)) - c193ce51-f881-48bb-a5d6-6cdb2075116e:group-C5068ABD2401 changes to CANDIDATE, lastRpcTime:5188, electionTimeout:5188ms
2019-09-24 18:15:59,628 [Thread-565] INFO  impl.RoleInfo (RoleInfo.java:shutdownFollowerState(121)) - c193ce51-f881-48bb-a5d6-6cdb2075116e: shutdown FollowerState
2019-09-24 18:15:59,628 [Thread-565] INFO  impl.RaftServerImpl (RaftServerImpl.java:setRole(174)) - c193ce51-f881-48bb-a5d6-6cdb2075116e@group-C5068ABD2401: changes role from  FOLLOWER to CANDIDATE at term 0 for changeToCandidate
2019-09-24 18:15:59,629 [Thread-565] INFO  impl.RoleInfo (RoleInfo.java:updateAndGet(143)) - c193ce51-f881-48bb-a5d6-6cdb2075116e: start LeaderElection
2019-09-24 18:15:59,632 [Thread-572] INFO  impl.FollowerState (FollowerState.java:run(106)) - 5d2d95be-6b28-4ecf-b7b7-7d783f42b699:group-C7BA931E655D changes to CANDIDATE, lastRpcTime:5096, electionTimeout:5094ms
2019-09-24 18:15:59,637 [Thread-572] INFO  impl.RoleInfo (RoleInfo.java:shutdownFollowerState(121)) - 5d2d95be-6b28-4ecf-b7b7-7d783f42b699: shutdown FollowerState
2019-09-24 18:15:59,637 [Thread-572] INFO  impl.RaftServerImpl (RaftServerImpl.java:setRole(174)) - 5d2d95be-6b28-4ecf-b7b7-7d783f42b699@group-C7BA931E655D: changes role from  FOLLOWER to CANDIDATE at term 0 for changeToCandidate
2019-09-24 18:15:59,637 [Thread-572] INFO  impl.RoleInfo (RoleInfo.java:updateAndGet(143)) - 5d2d95be-6b28-4ecf-b7b7-7d783f42b699: start LeaderElection
2019-09-24 18:15:59,645 [Thread-570] INFO  impl.FollowerState (FollowerState.java:run(106)) - 94129c48-23ca-4c90-a0ce-bb122b1a0582:group-C7BA931E655D changes to CANDIDATE, lastRpcTime:5110, electionTimeout:5108ms
2019-09-24 18:15:59,646 [Thread-570] INFO  impl.RoleInfo (RoleInfo.java:shutdownFollowerState(121)) - 94129c48-23ca-4c90-a0ce-bb122b1a0582: shutdown FollowerState
2019-09-24 18:15:59,646 [Thread-570] INFO  impl.RaftServerImpl (RaftServerImpl.java:setRole(174)) - 94129c48-23ca-4c90-a0ce-bb122b1a0582@group-C7BA931E655D: changes role from  FOLLOWER to CANDIDATE at term 0 for changeToCandidate
2019-09-24 18:15:59,646 [Thread-570] INFO  impl.RoleInfo (RoleInfo.java:updateAndGet(143)) - 94129c48-23ca-4c90-a0ce-bb122b1a0582: start LeaderElection
2019-09-24 18:16:01,611 [RATISCREATEPIPELINE1] ERROR pipeline.RatisPipelineProvider (RatisPipelineProvider.java:lambda$null$5(235)) - Failed invoke Ratis rpc org.apache.hadoop.hdds.scm.pipeline.RatisPipelineProvider$$Lambda$181/1754498501@231fe2c0 for c3ba2feb-e3c1-413e-bd73-cad472897a56
org.apache.ratis.protocol.TimeoutIOException: deadline exceeded after 2997579864ns
	at org.apache.ratis.grpc.GrpcUtil.tryUnwrapException(GrpcUtil.java:82)
	at org.apache.ratis.grpc.GrpcUtil.unwrapException(GrpcUtil.java:75)
	at org.apache.ratis.grpc.client.GrpcClientProtocolClient.blockingCall(GrpcClientProtocolClient.java:178)
	at org.apache.ratis.grpc.client.GrpcClientProtocolClient.groupAdd(GrpcClientProtocolClient.java:147)
	at org.apache.ratis.grpc.client.GrpcClientRpc.sendRequest(GrpcClientRpc.java:94)
	at org.apache.ratis.client.impl.RaftClientImpl.sendRequest(RaftClientImpl.java:278)
	at org.apache.ratis.client.impl.RaftClientImpl.groupAdd(RaftClientImpl.java:205)
	at org.apache.hadoop.hdds.scm.pipeline.RatisPipelineProvider.lambda$initializePipeline$4(RatisPipelineProvider.java:196)
	at org.apache.hadoop.hdds.scm.pipeline.RatisPipelineProvider.lambda$null$5(RatisPipelineProvider.java:231)
	at java.util.stream.ForEachOps$ForEachOp$OfRef.accept(ForEachOps.java:184)
	at java.util.ArrayList$ArrayListSpliterator.forEachRemaining(ArrayList.java:1382)
	at java.util.stream.AbstractPipeline.copyInto(AbstractPipeline.java:482)
	at java.util.stream.ForEachOps$ForEachTask.compute(ForEachOps.java:291)
	at java.util.concurrent.CountedCompleter.exec(CountedCompleter.java:731)
	at java.util.concurrent.ForkJoinTask.doExec(ForkJoinTask.java:289)
	at java.util.concurrent.ForkJoinTask.doInvoke(ForkJoinTask.java:401)
	at java.util.concurrent.ForkJoinTask.invoke(ForkJoinTask.java:734)
	at java.util.stream.ForEachOps$ForEachOp.evaluateParallel(ForEachOps.java:160)
	at java.util.stream.ForEachOps$ForEachOp$OfRef.evaluateParallel(ForEachOps.java:174)
	at java.util.stream.AbstractPipeline.evaluate(AbstractPipeline.java:233)
	at java.util.stream.ReferencePipeline.forEach(ReferencePipeline.java:418)
	at java.util.stream.ReferencePipeline$Head.forEach(ReferencePipeline.java:583)
	at org.apache.hadoop.hdds.scm.pipeline.RatisPipelineProvider.lambda$callRatisRpc$6(RatisPipelineProvider.java:225)
	at java.util.concurrent.ForkJoinTask$AdaptedRunnableAction.exec(ForkJoinTask.java:1386)
	at java.util.concurrent.ForkJoinTask.doExec(ForkJoinTask.java:289)
	at java.util.concurrent.ForkJoinPool$WorkQueue.runTask(ForkJoinPool.java:1056)
	at java.util.concurrent.ForkJoinPool.runWorker(ForkJoinPool.java:1692)
	at java.util.concurrent.ForkJoinWorkerThread.run(ForkJoinWorkerThread.java:157)
Caused by: org.apache.ratis.thirdparty.io.grpc.StatusRuntimeException: DEADLINE_EXCEEDED: deadline exceeded after 2997579864ns
	at org.apache.ratis.thirdparty.io.grpc.stub.ClientCalls.toStatusRuntimeException(ClientCalls.java:233)
	at org.apache.ratis.thirdparty.io.grpc.stub.ClientCalls.getUnchecked(ClientCalls.java:214)
	at org.apache.ratis.thirdparty.io.grpc.stub.ClientCalls.blockingUnaryCall(ClientCalls.java:139)
	at org.apache.ratis.proto.grpc.AdminProtocolServiceGrpc$AdminProtocolServiceBlockingStub.groupManagement(AdminProtocolServiceGrpc.java:274)
	at org.apache.ratis.grpc.client.GrpcClientProtocolClient.lambda$groupAdd$3(GrpcClientProtocolClient.java:149)
	at org.apache.ratis.grpc.client.GrpcClientProtocolClient.blockingCall(GrpcClientProtocolClient.java:176)
	... 25 more
2019-09-24 18:16:01,611 [RATISCREATEPIPELINE2] ERROR pipeline.RatisPipelineProvider (RatisPipelineProvider.java:lambda$null$5(235)) - Failed invoke Ratis rpc org.apache.hadoop.hdds.scm.pipeline.RatisPipelineProvider$$Lambda$181/1754498501@231fe2c0 for c193ce51-f881-48bb-a5d6-6cdb2075116e
org.apache.ratis.protocol.TimeoutIOException: deadline exceeded after 2997545994ns
	at org.apache.ratis.grpc.GrpcUtil.tryUnwrapException(GrpcUtil.java:82)
	at org.apache.ratis.grpc.GrpcUtil.unwrapException(GrpcUtil.java:75)
	at org.apache.ratis.grpc.client.GrpcClientProtocolClient.blockingCall(GrpcClientProtocolClient.java:178)
	at org.apache.ratis.grpc.client.GrpcClientProtocolClient.groupAdd(GrpcClientProtocolClient.java:147)
	at org.apache.ratis.grpc.client.GrpcClientRpc.sendRequest(GrpcClientRpc.java:94)
	at org.apache.ratis.client.impl.RaftClientImpl.sendRequest(RaftClientImpl.java:278)
	at org.apache.ratis.client.impl.RaftClientImpl.groupAdd(RaftClientImpl.java:205)
	at org.apache.hadoop.hdds.scm.pipeline.RatisPipelineProvider.lambda$initializePipeline$4(RatisPipelineProvider.java:196)
	at org.apache.hadoop.hdds.scm.pipeline.RatisPipelineProvider.lambda$null$5(RatisPipelineProvider.java:231)
	at java.util.stream.ForEachOps$ForEachOp$OfRef.accept(ForEachOps.java:184)
	at java.util.ArrayList$ArrayListSpliterator.forEachRemaining(ArrayList.java:1382)
	at java.util.stream.AbstractPipeline.copyInto(AbstractPipeline.java:482)
	at java.util.stream.ForEachOps$ForEachTask.compute(ForEachOps.java:291)
	at java.util.concurrent.CountedCompleter.exec(CountedCompleter.java:731)
	at java.util.concurrent.ForkJoinTask.doExec(ForkJoinTask.java:289)
	at java.util.concurrent.ForkJoinPool$WorkQueue.runTask(ForkJoinPool.java:1056)
	at java.util.concurrent.ForkJoinPool.runWorker(ForkJoinPool.java:1692)
	at java.util.concurrent.ForkJoinWorkerThread.run(ForkJoinWorkerThread.java:157)
Caused by: org.apache.ratis.thirdparty.io.grpc.StatusRuntimeException: DEADLINE_EXCEEDED: deadline exceeded after 2997545994ns
	at org.apache.ratis.thirdparty.io.grpc.stub.ClientCalls.toStatusRuntimeException(ClientCalls.java:233)
	at org.apache.ratis.thirdparty.io.grpc.stub.ClientCalls.getUnchecked(ClientCalls.java:214)
	at org.apache.ratis.thirdparty.io.grpc.stub.ClientCalls.blockingUnaryCall(ClientCalls.java:139)
	at org.apache.ratis.proto.grpc.AdminProtocolServiceGrpc$AdminProtocolServiceBlockingStub.groupManagement(AdminProtocolServiceGrpc.java:274)
	at org.apache.ratis.grpc.client.GrpcClientProtocolClient.lambda$groupAdd$3(GrpcClientProtocolClient.java:149)
	at org.apache.ratis.grpc.client.GrpcClientProtocolClient.blockingCall(GrpcClientProtocolClient.java:176)
	... 15 more
2019-09-24 18:16:01,611 [RATISCREATEPIPELINE3] ERROR pipeline.RatisPipelineProvider (RatisPipelineProvider.java:lambda$null$5(235)) - Failed invoke Ratis rpc org.apache.hadoop.hdds.scm.pipeline.RatisPipelineProvider$$Lambda$181/1754498501@231fe2c0 for 7c411084-5716-47c5-97f2-dc43e37e1edc
org.apache.ratis.protocol.TimeoutIOException: deadline exceeded after 2995438078ns
	at org.apache.ratis.grpc.GrpcUtil.tryUnwrapException(GrpcUtil.java:82)
	at org.apache.ratis.grpc.GrpcUtil.unwrapException(GrpcUtil.java:75)
	at org.apache.ratis.grpc.client.GrpcClientProtocolClient.blockingCall(GrpcClientProtocolClient.java:178)
	at org.apache.ratis.grpc.client.GrpcClientProtocolClient.groupAdd(GrpcClientProtocolClient.java:147)
	at org.apache.ratis.grpc.client.GrpcClientRpc.sendRequest(GrpcClientRpc.java:94)
	at org.apache.ratis.client.impl.RaftClientImpl.sendRequest(RaftClientImpl.java:278)
	at org.apache.ratis.client.impl.RaftClientImpl.groupAdd(RaftClientImpl.java:205)
	at org.apache.hadoop.hdds.scm.pipeline.RatisPipelineProvider.lambda$initializePipeline$4(RatisPipelineProvider.java:196)
	at org.apache.hadoop.hdds.scm.pipeline.RatisPipelineProvider.lambda$null$5(RatisPipelineProvider.java:231)
	at java.util.stream.ForEachOps$ForEachOp$OfRef.accept(ForEachOps.java:184)
	at java.util.ArrayList$ArrayListSpliterator.forEachRemaining(ArrayList.java:1382)
	at java.util.stream.AbstractPipeline.copyInto(AbstractPipeline.java:482)
	at java.util.stream.ForEachOps$ForEachTask.compute(ForEachOps.java:291)
	at java.util.concurrent.CountedCompleter.exec(CountedCompleter.java:731)
	at java.util.concurrent.ForkJoinTask.doExec(ForkJoinTask.java:289)
	at java.util.concurrent.ForkJoinPool$WorkQueue.runTask(ForkJoinPool.java:1056)
	at java.util.concurrent.ForkJoinPool.runWorker(ForkJoinPool.java:1692)
	at java.util.concurrent.ForkJoinWorkerThread.run(ForkJoinWorkerThread.java:157)
Caused by: org.apache.ratis.thirdparty.io.grpc.StatusRuntimeException: DEADLINE_EXCEEDED: deadline exceeded after 2995438078ns
	at org.apache.ratis.thirdparty.io.grpc.stub.ClientCalls.toStatusRuntimeException(ClientCalls.java:233)
	at org.apache.ratis.thirdparty.io.grpc.stub.ClientCalls.getUnchecked(ClientCalls.java:214)
	at org.apache.ratis.thirdparty.io.grpc.stub.ClientCalls.blockingUnaryCall(ClientCalls.java:139)
	at org.apache.ratis.proto.grpc.AdminProtocolServiceGrpc$AdminProtocolServiceBlockingStub.groupManagement(AdminProtocolServiceGrpc.java:274)
	at org.apache.ratis.grpc.client.GrpcClientProtocolClient.lambda$groupAdd$3(GrpcClientProtocolClient.java:149)
	at org.apache.ratis.grpc.client.GrpcClientProtocolClient.blockingCall(GrpcClientProtocolClient.java:176)
	... 15 more
2019-09-24 18:16:01,750 [main] INFO  impl.MetricsSystemImpl (MetricsSystemImpl.java:init(158)) - XceiverClientMetrics metrics system started (again)
2019-09-24 18:16:02,104 [pool-167-thread-1] INFO  storage.RaftStorageDirectory (RaftStorageDirectory.java:tryLock(328)) - Lock on /workdir/hadoop-ozone/integration-test/target/test-dir/MiniOzoneClusterImpl-2256e15c-84c9-46bf-b493-19471620b231/datanode-5/data/ratis/ea5b257e-ed87-4428-8350-4ee37480353b/in_use.lock acquired by nodename 15203@pr-hdds-2171-6l6hb-1841322612
2019-09-24 18:16:04,193 [pool-127-thread-1] INFO  storage.RaftStorageDirectory (RaftStorageDirectory.java:tryLock(328)) - Lock on /workdir/hadoop-ozone/integration-test/target/test-dir/MiniOzoneClusterImpl-2256e15c-84c9-46bf-b493-19471620b231/datanode-1/data/ratis/f686dcbe-2b52-4d7e-b436-c825ce6f0eb5/in_use.lock acquired by nodename 15203@pr-hdds-2171-6l6hb-1841322612
2019-09-24 18:16:04,193 [pool-137-thread-1] INFO  storage.RaftStorageDirectory (RaftStorageDirectory.java:tryLock(328)) - Lock on /workdir/hadoop-ozone/integration-test/target/test-dir/MiniOzoneClusterImpl-2256e15c-84c9-46bf-b493-19471620b231/datanode-2/data/ratis/f686dcbe-2b52-4d7e-b436-c825ce6f0eb5/in_use.lock acquired by nodename 15203@pr-hdds-2171-6l6hb-1841322612
2019-09-24 18:16:04,193 [pool-177-thread-1] INFO  storage.RaftStorageDirectory (RaftStorageDirectory.java:tryLock(328)) - Lock on /workdir/hadoop-ozone/integration-test/target/test-dir/MiniOzoneClusterImpl-2256e15c-84c9-46bf-b493-19471620b231/datanode-6/data/ratis/f686dcbe-2b52-4d7e-b436-c825ce6f0eb5/in_use.lock acquired by nodename 15203@pr-hdds-2171-6l6hb-1841322612
2019-09-24 18:16:04,193 [36b0c052-cff8-4e12-9bf5-4de3d256c6bd@group-B6C20EE9E639:LeaderElection13] INFO  impl.LeaderElection (LeaderElection.java:askForVotes(182)) - 36b0c052-cff8-4e12-9bf5-4de3d256c6bd@group-B6C20EE9E639:LeaderElection13: begin an election at term 1 for -1: [36b0c052-cff8-4e12-9bf5-4de3d256c6bd:192.168.36.84:41822], old=null
2019-09-24 18:16:04,194 [pool-167-thread-1] INFO  storage.RaftStorage (RaftStorage.java:format(72)) - Storage directory /workdir/hadoop-ozone/integration-test/target/test-dir/MiniOzoneClusterImpl-2256e15c-84c9-46bf-b493-19471620b231/datanode-5/data/ratis/ea5b257e-ed87-4428-8350-4ee37480353b has been successfully formatted.
2019-09-24 18:16:04,193 [94129c48-23ca-4c90-a0ce-bb122b1a0582@group-A288B06A88C5:LeaderElection15] INFO  impl.LeaderElection (LeaderElection.java:askForVotes(182)) - 94129c48-23ca-4c90-a0ce-bb122b1a0582@group-A288B06A88C5:LeaderElection15: begin an election at term 1 for -1: [94129c48-23ca-4c90-a0ce-bb122b1a0582:192.168.36.84:34734], old=null
2019-09-24 18:16:04,193 [94129c48-23ca-4c90-a0ce-bb122b1a0582@group-C7BA931E655D:LeaderElection20] INFO  impl.LeaderElection (LeaderElection.java:askForVotes(182)) - 94129c48-23ca-4c90-a0ce-bb122b1a0582@group-C7BA931E655D:LeaderElection20: begin an election at term 1 for -1: [5d2d95be-6b28-4ecf-b7b7-7d783f42b699:192.168.36.84:36125, 94129c48-23ca-4c90-a0ce-bb122b1a0582:192.168.36.84:34734, 36b0c052-cff8-4e12-9bf5-4de3d256c6bd:192.168.36.84:41822], old=null
2019-09-24 18:16:04,193 [5d2d95be-6b28-4ecf-b7b7-7d783f42b699@group-C7BA931E655D:LeaderElection19] INFO  impl.LeaderElection (LeaderElection.java:askForVotes(182)) - 5d2d95be-6b28-4ecf-b7b7-7d783f42b699@group-C7BA931E655D:LeaderElection19: begin an election at term 1 for -1: [5d2d95be-6b28-4ecf-b7b7-7d783f42b699:192.168.36.84:36125, 94129c48-23ca-4c90-a0ce-bb122b1a0582:192.168.36.84:34734, 36b0c052-cff8-4e12-9bf5-4de3d256c6bd:192.168.36.84:41822], old=null
2019-09-24 18:16:04,193 [c193ce51-f881-48bb-a5d6-6cdb2075116e@group-C5068ABD2401:LeaderElection18] INFO  impl.LeaderElection (LeaderElection.java:askForVotes(182)) - c193ce51-f881-48bb-a5d6-6cdb2075116e@group-C5068ABD2401:LeaderElection18: begin an election at term 1 for -1: [c193ce51-f881-48bb-a5d6-6cdb2075116e:192.168.36.84:43582], old=null
2019-09-24 18:16:04,193 [7c411084-5716-47c5-97f2-dc43e37e1edc@group-954FA3C9D214:LeaderElection16] INFO  impl.LeaderElection (LeaderElection.java:askForVotes(182)) - 7c411084-5716-47c5-97f2-dc43e37e1edc@group-954FA3C9D214:LeaderElection16: begin an election at term 1 for -1: [7c411084-5716-47c5-97f2-dc43e37e1edc:192.168.36.84:35497], old=null
2019-09-24 18:16:04,193 [5d2d95be-6b28-4ecf-b7b7-7d783f42b699@group-85CAA62505AF:LeaderElection14] INFO  impl.LeaderElection (LeaderElection.java:askForVotes(182)) - 5d2d95be-6b28-4ecf-b7b7-7d783f42b699@group-85CAA62505AF:LeaderElection14: begin an election at term 1 for -1: [5d2d95be-6b28-4ecf-b7b7-7d783f42b699:192.168.36.84:36125], old=null
2019-09-24 18:16:04,193 [36b0c052-cff8-4e12-9bf5-4de3d256c6bd@group-C7BA931E655D:LeaderElection17] INFO  impl.LeaderElection (LeaderElection.java:askForVotes(182)) - 36b0c052-cff8-4e12-9bf5-4de3d256c6bd@group-C7BA931E655D:LeaderElection17: begin an election at term 1 for -1: [5d2d95be-6b28-4ecf-b7b7-7d783f42b699:192.168.36.84:36125, 94129c48-23ca-4c90-a0ce-bb122b1a0582:192.168.36.84:34734, 36b0c052-cff8-4e12-9bf5-4de3d256c6bd:192.168.36.84:41822], old=null
2019-09-24 18:16:04,195 [5d2d95be-6b28-4ecf-b7b7-7d783f42b699@group-85CAA62505AF:LeaderElection14] INFO  impl.RoleInfo (RoleInfo.java:shutdownLeaderElection(134)) - 5d2d95be-6b28-4ecf-b7b7-7d783f42b699: shutdown LeaderElection
2019-09-24 18:16:04,195 [7c411084-5716-47c5-97f2-dc43e37e1edc@group-954FA3C9D214:LeaderElection16] INFO  impl.RoleInfo (RoleInfo.java:shutdownLeaderElection(134)) - 7c411084-5716-47c5-97f2-dc43e37e1edc: shutdown LeaderElection
2019-09-24 18:16:04,195 [c193ce51-f881-48bb-a5d6-6cdb2075116e@group-C5068ABD2401:LeaderElection18] INFO  impl.RoleInfo (RoleInfo.java:shutdownLeaderElection(134)) - c193ce51-f881-48bb-a5d6-6cdb2075116e: shutdown LeaderElection
2019-09-24 18:16:04,195 [pool-167-thread-1] INFO  ratis.ContainerStateMachine (ContainerStateMachine.java:loadSnapshot(230)) - group-4EE37480353B: The snapshot info is null. Setting the last applied indexto:(t:0, i:~)
2019-09-24 18:16:04,195 [36b0c052-cff8-4e12-9bf5-4de3d256c6bd@group-B6C20EE9E639:LeaderElection13] INFO  impl.RoleInfo (RoleInfo.java:shutdownLeaderElection(134)) - 36b0c052-cff8-4e12-9bf5-4de3d256c6bd: shutdown LeaderElection
2019-09-24 18:16:04,195 [94129c48-23ca-4c90-a0ce-bb122b1a0582@group-A288B06A88C5:LeaderElection15] INFO  impl.RoleInfo (RoleInfo.java:shutdownLeaderElection(134)) - 94129c48-23ca-4c90-a0ce-bb122b1a0582: shutdown LeaderElection
2019-09-24 18:16:04,197 [36b0c052-cff8-4e12-9bf5-4de3d256c6bd@group-B6C20EE9E639:LeaderElection13] INFO  impl.RaftServerImpl (RaftServerImpl.java:setRole(174)) - 36b0c052-cff8-4e12-9bf5-4de3d256c6bd@group-B6C20EE9E639: changes role from CANDIDATE to LEADER at term 1 for changeToLeader
2019-09-24 18:16:04,197 [pool-167-thread-1] INFO  server.RaftServerConfigKeys (ConfUtils.java:logGet(43)) - raft.server.notification.no-leader.timeout = 120s (custom)
2019-09-24 18:16:04,196 [c193ce51-f881-48bb-a5d6-6cdb2075116e@group-C5068ABD2401:LeaderElection18] INFO  impl.RaftServerImpl (RaftServerImpl.java:setRole(174)) - c193ce51-f881-48bb-a5d6-6cdb2075116e@group-C5068ABD2401: changes role from CANDIDATE to LEADER at term 1 for changeToLeader
2019-09-24 18:16:04,196 [7c411084-5716-47c5-97f2-dc43e37e1edc@group-954FA3C9D214:LeaderElection16] INFO  impl.RaftServerImpl (RaftServerImpl.java:setRole(174)) - 7c411084-5716-47c5-97f2-dc43e37e1edc@group-954FA3C9D214: changes role from CANDIDATE to LEADER at term 1 for changeToLeader
2019-09-24 18:16:04,196 [5d2d95be-6b28-4ecf-b7b7-7d783f42b699@group-85CAA62505AF:LeaderElection14] INFO  impl.RaftServerImpl (RaftServerImpl.java:setRole(174)) - 5d2d95be-6b28-4ecf-b7b7-7d783f42b699@group-85CAA62505AF: changes role from CANDIDATE to LEADER at term 1 for changeToLeader
2019-09-24 18:16:04,202 [7c411084-5716-47c5-97f2-dc43e37e1edc@group-954FA3C9D214:LeaderElection16] INFO  impl.RaftServerImpl (ServerState.java:setLeader(253)) - 7c411084-5716-47c5-97f2-dc43e37e1edc@group-954FA3C9D214: change Leader from null to 7c411084-5716-47c5-97f2-dc43e37e1edc at term 1 for becomeLeader, leader elected after 9832ms
2019-09-24 18:16:04,202 [pool-167-thread-1] INFO  server.RaftServerConfigKeys (ConfUtils.java:logGet(43)) - raft.server.log.use.memory = false (default)
2019-09-24 18:16:04,202 [c193ce51-f881-48bb-a5d6-6cdb2075116e@group-C5068ABD2401:LeaderElection18] INFO  impl.RaftServerImpl (ServerState.java:setLeader(253)) - c193ce51-f881-48bb-a5d6-6cdb2075116e@group-C5068ABD2401: change Leader from null to c193ce51-f881-48bb-a5d6-6cdb2075116e at term 1 for becomeLeader, leader elected after 9769ms
2019-09-24 18:16:04,197 [36b0c052-cff8-4e12-9bf5-4de3d256c6bd@group-B6C20EE9E639:LeaderElection13] INFO  impl.RaftServerImpl (ServerState.java:setLeader(253)) - 36b0c052-cff8-4e12-9bf5-4de3d256c6bd@group-B6C20EE9E639: change Leader from null to 36b0c052-cff8-4e12-9bf5-4de3d256c6bd at term 1 for becomeLeader, leader elected after 10076ms
2019-09-24 18:16:04,197 [94129c48-23ca-4c90-a0ce-bb122b1a0582@group-A288B06A88C5:LeaderElection15] INFO  impl.RaftServerImpl (RaftServerImpl.java:setRole(174)) - 94129c48-23ca-4c90-a0ce-bb122b1a0582@group-A288B06A88C5: changes role from CANDIDATE to LEADER at term 1 for changeToLeader
2019-09-24 18:16:04,218 [36b0c052-cff8-4e12-9bf5-4de3d256c6bd@group-B6C20EE9E639:LeaderElection13] INFO  server.RaftServerConfigKeys (ConfUtils.java:logGet(43)) - raft.server.staging.catchup.gap = 1000 (default)
2019-09-24 18:16:04,215 [c193ce51-f881-48bb-a5d6-6cdb2075116e@group-C5068ABD2401:LeaderElection18] INFO  server.RaftServerConfigKeys (ConfUtils.java:logGet(43)) - raft.server.staging.catchup.gap = 1000 (default)
2019-09-24 18:16:04,213 [pool-167-thread-1] INFO  server.RaftServerConfigKeys (ConfUtils.java:logGet(43)) - raft.server.log.purge.gap = 1000000 (custom)
2019-09-24 18:16:04,210 [7c411084-5716-47c5-97f2-dc43e37e1edc@group-954FA3C9D214:LeaderElection16] INFO  server.RaftServerConfigKeys (ConfUtils.java:logGet(43)) - raft.server.staging.catchup.gap = 1000 (default)
2019-09-24 18:16:04,202 [5d2d95be-6b28-4ecf-b7b7-7d783f42b699@group-85CAA62505AF:LeaderElection14] INFO  impl.RaftServerImpl (ServerState.java:setLeader(253)) - 5d2d95be-6b28-4ecf-b7b7-7d783f42b699@group-85CAA62505AF: change Leader from null to 5d2d95be-6b28-4ecf-b7b7-7d783f42b699 at term 1 for becomeLeader, leader elected after 9994ms
2019-09-24 18:16:04,219 [7c411084-5716-47c5-97f2-dc43e37e1edc@group-954FA3C9D214:LeaderElection16] INFO  server.RaftServerConfigKeys (ConfUtils.java:logGet(43)) - raft.server.rpc.sleep.time = 25ms (default)
2019-09-24 18:16:04,219 [pool-167-thread-1] INFO  server.RaftServerConfigKeys (ConfUtils.java:logGet(43)) - raft.server.log.appender.buffer.byte-limit = 33554432 (custom)
2019-09-24 18:16:04,219 [c193ce51-f881-48bb-a5d6-6cdb2075116e@group-C5068ABD2401:LeaderElection18] INFO  server.RaftServerConfigKeys (ConfUtils.java:logGet(43)) - raft.server.rpc.sleep.time = 25ms (default)
2019-09-24 18:16:04,218 [36b0c052-cff8-4e12-9bf5-4de3d256c6bd@group-B6C20EE9E639:LeaderElection13] INFO  server.RaftServerConfigKeys (ConfUtils.java:logGet(43)) - raft.server.rpc.sleep.time = 25ms (default)
2019-09-24 18:16:04,218 [94129c48-23ca-4c90-a0ce-bb122b1a0582@group-A288B06A88C5:LeaderElection15] INFO  impl.RaftServerImpl (ServerState.java:setLeader(253)) - 94129c48-23ca-4c90-a0ce-bb122b1a0582@group-A288B06A88C5: change Leader from null to 94129c48-23ca-4c90-a0ce-bb122b1a0582 at term 1 for becomeLeader, leader elected after 9922ms
2019-09-24 18:16:04,222 [36b0c052-cff8-4e12-9bf5-4de3d256c6bd@group-B6C20EE9E639:LeaderElection13] INFO  server.RaftServerConfigKeys (ConfUtils.java:logGet(43)) - raft.server.write.element-limit = 4096 (default)
2019-09-24 18:16:04,222 [c193ce51-f881-48bb-a5d6-6cdb2075116e@group-C5068ABD2401:LeaderElection18] INFO  server.RaftServerConfigKeys (ConfUtils.java:logGet(43)) - raft.server.write.element-limit = 4096 (default)
2019-09-24 18:16:04,222 [pool-167-thread-1] INFO  server.RaftServerConfigKeys (ConfUtils.java:logGet(43)) - raft.server.log.segment.size.max = 1048576 (custom)
2019-09-24 18:16:04,222 [7c411084-5716-47c5-97f2-dc43e37e1edc@group-954FA3C9D214:LeaderElection16] INFO  server.RaftServerConfigKeys (ConfUtils.java:logGet(43)) - raft.server.write.element-limit = 4096 (default)
2019-09-24 18:16:04,222 [5d2d95be-6b28-4ecf-b7b7-7d783f42b699@group-85CAA62505AF:LeaderElection14] INFO  server.RaftServerConfigKeys (ConfUtils.java:logGet(43)) - raft.server.staging.catchup.gap = 1000 (default)
2019-09-24 18:16:04,226 [7c411084-5716-47c5-97f2-dc43e37e1edc@group-954FA3C9D214:LeaderElection16] INFO  server.RaftServerConfigKeys (ConfUtils.java:logGet(43)) - raft.server.watch.timeout = 10s (default)
2019-09-24 18:16:04,225 [pool-167-thread-1] INFO  server.RaftServerConfigKeys (ConfUtils.java:logGet(43)) - raft.server.log.segment.cache.num.max = 2 (custom)
2019-09-24 18:16:04,225 [c193ce51-f881-48bb-a5d6-6cdb2075116e@group-C5068ABD2401:LeaderElection18] INFO  server.RaftServerConfigKeys (ConfUtils.java:logGet(43)) - raft.server.watch.timeout = 10s (default)
2019-09-24 18:16:04,225 [36b0c052-cff8-4e12-9bf5-4de3d256c6bd@group-B6C20EE9E639:LeaderElection13] INFO  server.RaftServerConfigKeys (ConfUtils.java:logGet(43)) - raft.server.watch.timeout = 10s (default)
2019-09-24 18:16:04,225 [94129c48-23ca-4c90-a0ce-bb122b1a0582@group-A288B06A88C5:LeaderElection15] INFO  server.RaftServerConfigKeys (ConfUtils.java:logGet(43)) - raft.server.staging.catchup.gap = 1000 (default)
2019-09-24 18:16:04,227 [36b0c052-cff8-4e12-9bf5-4de3d256c6bd@group-B6C20EE9E639:LeaderElection13] INFO  server.RaftServerConfigKeys (ConfUtils.java:logGet(43)) - raft.server.watch.timeout.denomination = 1s (default)
2019-09-24 18:16:04,226 [c193ce51-f881-48bb-a5d6-6cdb2075116e@group-C5068ABD2401:LeaderElection18] INFO  server.RaftServerConfigKeys (ConfUtils.java:logGet(43)) - raft.server.watch.timeout.denomination = 1s (default)
2019-09-24 18:16:04,226 [pool-167-thread-1] INFO  segmented.SegmentedRaftLogWorker (SegmentedRaftLogWorker.java:<init>(172)) - new dc518f1e-76ea-446f-acc5-d49b23344d5e@group-4EE37480353B-SegmentedRaftLogWorker for RaftStorage:Storage Directory /workdir/hadoop-ozone/integration-test/target/test-dir/MiniOzoneClusterImpl-2256e15c-84c9-46bf-b493-19471620b231/datanode-5/data/ratis/ea5b257e-ed87-4428-8350-4ee37480353b
2019-09-24 18:16:04,226 [7c411084-5716-47c5-97f2-dc43e37e1edc@group-954FA3C9D214:LeaderElection16] INFO  server.RaftServerConfigKeys (ConfUtils.java:logGet(43)) - raft.server.watch.timeout.denomination = 1s (default)
2019-09-24 18:16:04,226 [5d2d95be-6b28-4ecf-b7b7-7d783f42b699@group-85CAA62505AF:LeaderElection14] INFO  server.RaftServerConfigKeys (ConfUtils.java:logGet(43)) - raft.server.rpc.sleep.time = 25ms (default)
2019-09-24 18:16:04,228 [7c411084-5716-47c5-97f2-dc43e37e1edc@group-954FA3C9D214:LeaderElection16] INFO  server.RaftServerConfigKeys (ConfUtils.java:logGet(43)) - raft.server.watch.element-limit = 65536 (default)
2019-09-24 18:16:04,227 [c193ce51-f881-48bb-a5d6-6cdb2075116e@group-C5068ABD2401:LeaderElection18] INFO  server.RaftServerConfigKeys (ConfUtils.java:logGet(43)) - raft.server.watch.element-limit = 65536 (default)
2019-09-24 18:16:04,227 [36b0c052-cff8-4e12-9bf5-4de3d256c6bd@group-B6C20EE9E639:LeaderElection13] INFO  server.RaftServerConfigKeys (ConfUtils.java:logGet(43)) - raft.server.watch.element-limit = 65536 (default)
2019-09-24 18:16:04,227 [94129c48-23ca-4c90-a0ce-bb122b1a0582@group-A288B06A88C5:LeaderElection15] INFO  server.RaftServerConfigKeys (ConfUtils.java:logGet(43)) - raft.server.rpc.sleep.time = 25ms (default)
2019-09-24 18:16:04,228 [5d2d95be-6b28-4ecf-b7b7-7d783f42b699@group-85CAA62505AF:LeaderElection14] INFO  server.RaftServerConfigKeys (ConfUtils.java:logGet(43)) - raft.server.write.element-limit = 4096 (default)
2019-09-24 18:16:04,237 [94129c48-23ca-4c90-a0ce-bb122b1a0582@group-A288B06A88C5:LeaderElection15] INFO  server.RaftServerConfigKeys (ConfUtils.java:logGet(43)) - raft.server.write.element-limit = 4096 (default)
2019-09-24 18:16:04,237 [5d2d95be-6b28-4ecf-b7b7-7d783f42b699@group-85CAA62505AF:LeaderElection14] INFO  server.RaftServerConfigKeys (ConfUtils.java:logGet(43)) - raft.server.watch.timeout = 10s (default)
2019-09-24 18:16:04,237 [94129c48-23ca-4c90-a0ce-bb122b1a0582@group-A288B06A88C5:LeaderElection15] INFO  server.RaftServerConfigKeys (ConfUtils.java:logGet(43)) - raft.server.watch.timeout = 10s (default)
2019-09-24 18:16:04,237 [5d2d95be-6b28-4ecf-b7b7-7d783f42b699@group-85CAA62505AF:LeaderElection14] INFO  server.RaftServerConfigKeys (ConfUtils.java:logGet(43)) - raft.server.watch.timeout.denomination = 1s (default)
2019-09-24 18:16:04,243 [94129c48-23ca-4c90-a0ce-bb122b1a0582@group-A288B06A88C5:LeaderElection15] INFO  server.RaftServerConfigKeys (ConfUtils.java:logGet(43)) - raft.server.watch.timeout.denomination = 1s (default)
2019-09-24 18:16:04,243 [5d2d95be-6b28-4ecf-b7b7-7d783f42b699@group-85CAA62505AF:LeaderElection14] INFO  server.RaftServerConfigKeys (ConfUtils.java:logGet(43)) - raft.server.watch.element-limit = 65536 (default)
2019-09-24 18:16:04,243 [94129c48-23ca-4c90-a0ce-bb122b1a0582@group-A288B06A88C5:LeaderElection15] INFO  server.RaftServerConfigKeys (ConfUtils.java:logGet(43)) - raft.server.watch.element-limit = 65536 (default)
2019-09-24 18:16:04,258 [36b0c052-cff8-4e12-9bf5-4de3d256c6bd@group-C7BA931E655D:LeaderElection17] INFO  impl.LeaderElection (LeaderElection.java:logAndReturn(56)) - 36b0c052-cff8-4e12-9bf5-4de3d256c6bd@group-C7BA931E655D:LeaderElection17: Election REJECTED; received 2 response(s) [36b0c052-cff8-4e12-9bf5-4de3d256c6bd<-5d2d95be-6b28-4ecf-b7b7-7d783f42b699#0:FAIL-t1, 36b0c052-cff8-4e12-9bf5-4de3d256c6bd<-94129c48-23ca-4c90-a0ce-bb122b1a0582#0:FAIL-t1] and 0 exception(s); 36b0c052-cff8-4e12-9bf5-4de3d256c6bd@group-C7BA931E655D:t1, leader=null, voted=36b0c052-cff8-4e12-9bf5-4de3d256c6bd, raftlog=36b0c052-cff8-4e12-9bf5-4de3d256c6bd@group-C7BA931E655D-SegmentedRaftLog:OPENED:c-1,f-1,i0, conf=-1: [5d2d95be-6b28-4ecf-b7b7-7d783f42b699:192.168.36.84:36125, 94129c48-23ca-4c90-a0ce-bb122b1a0582:192.168.36.84:34734, 36b0c052-cff8-4e12-9bf5-4de3d256c6bd:192.168.36.84:41822], old=null
2019-09-24 18:16:04,259 [5d2d95be-6b28-4ecf-b7b7-7d783f42b699@group-C7BA931E655D:LeaderElection19] INFO  impl.LeaderElection (LeaderElection.java:logAndReturn(56)) - 5d2d95be-6b28-4ecf-b7b7-7d783f42b699@group-C7BA931E655D:LeaderElection19: Election REJECTED; received 2 response(s) [5d2d95be-6b28-4ecf-b7b7-7d783f42b699<-94129c48-23ca-4c90-a0ce-bb122b1a0582#0:FAIL-t1, 5d2d95be-6b28-4ecf-b7b7-7d783f42b699<-36b0c052-cff8-4e12-9bf5-4de3d256c6bd#0:FAIL-t1] and 0 exception(s); 5d2d95be-6b28-4ecf-b7b7-7d783f42b699@group-C7BA931E655D:t1, leader=null, voted=5d2d95be-6b28-4ecf-b7b7-7d783f42b699, raftlog=5d2d95be-6b28-4ecf-b7b7-7d783f42b699@group-C7BA931E655D-SegmentedRaftLog:OPENED:c-1,f-1,i0, conf=-1: [5d2d95be-6b28-4ecf-b7b7-7d783f42b699:192.168.36.84:36125, 94129c48-23ca-4c90-a0ce-bb122b1a0582:192.168.36.84:34734, 36b0c052-cff8-4e12-9bf5-4de3d256c6bd:192.168.36.84:41822], old=null
2019-09-24 18:16:04,259 [36b0c052-cff8-4e12-9bf5-4de3d256c6bd@group-C7BA931E655D:LeaderElection17] INFO  impl.RaftServerImpl (RaftServerImpl.java:setRole(174)) - 36b0c052-cff8-4e12-9bf5-4de3d256c6bd@group-C7BA931E655D: changes role from CANDIDATE to FOLLOWER at term 1 for DISCOVERED_A_NEW_TERM
2019-09-24 18:16:04,265 [5d2d95be-6b28-4ecf-b7b7-7d783f42b699@group-C7BA931E655D:LeaderElection19] INFO  impl.RaftServerImpl (RaftServerImpl.java:setRole(174)) - 5d2d95be-6b28-4ecf-b7b7-7d783f42b699@group-C7BA931E655D: changes role from CANDIDATE to FOLLOWER at term 1 for DISCOVERED_A_NEW_TERM
2019-09-24 18:16:04,265 [36b0c052-cff8-4e12-9bf5-4de3d256c6bd@group-C7BA931E655D:LeaderElection17] INFO  impl.RoleInfo (RoleInfo.java:shutdownLeaderElection(134)) - 36b0c052-cff8-4e12-9bf5-4de3d256c6bd: shutdown LeaderElection
2019-09-24 18:16:04,272 [5d2d95be-6b28-4ecf-b7b7-7d783f42b699@group-C7BA931E655D:LeaderElection19] INFO  impl.RoleInfo (RoleInfo.java:shutdownLeaderElection(134)) - 5d2d95be-6b28-4ecf-b7b7-7d783f42b699: shutdown LeaderElection
2019-09-24 18:16:04,272 [36b0c052-cff8-4e12-9bf5-4de3d256c6bd@group-C7BA931E655D:LeaderElection17] INFO  impl.RoleInfo (RoleInfo.java:updateAndGet(143)) - 36b0c052-cff8-4e12-9bf5-4de3d256c6bd: start FollowerState
2019-09-24 18:16:04,272 [94129c48-23ca-4c90-a0ce-bb122b1a0582@group-C7BA931E655D:LeaderElection20] INFO  impl.LeaderElection (LeaderElection.java:logAndReturn(56)) - 94129c48-23ca-4c90-a0ce-bb122b1a0582@group-C7BA931E655D:LeaderElection20: Election REJECTED; received 2 response(s) [94129c48-23ca-4c90-a0ce-bb122b1a0582<-5d2d95be-6b28-4ecf-b7b7-7d783f42b699#0:FAIL-t1, 94129c48-23ca-4c90-a0ce-bb122b1a0582<-36b0c052-cff8-4e12-9bf5-4de3d256c6bd#0:FAIL-t1] and 0 exception(s); 94129c48-23ca-4c90-a0ce-bb122b1a0582@group-C7BA931E655D:t1, leader=null, voted=94129c48-23ca-4c90-a0ce-bb122b1a0582, raftlog=94129c48-23ca-4c90-a0ce-bb122b1a0582@group-C7BA931E655D-SegmentedRaftLog:OPENED:c-1,f-1,i0, conf=-1: [5d2d95be-6b28-4ecf-b7b7-7d783f42b699:192.168.36.84:36125, 94129c48-23ca-4c90-a0ce-bb122b1a0582:192.168.36.84:34734, 36b0c052-cff8-4e12-9bf5-4de3d256c6bd:192.168.36.84:41822], old=null
2019-09-24 18:16:04,272 [5d2d95be-6b28-4ecf-b7b7-7d783f42b699@group-C7BA931E655D:LeaderElection19] INFO  impl.RoleInfo (RoleInfo.java:updateAndGet(143)) - 5d2d95be-6b28-4ecf-b7b7-7d783f42b699: start FollowerState
2019-09-24 18:16:04,274 [94129c48-23ca-4c90-a0ce-bb122b1a0582@group-C7BA931E655D:LeaderElection20] INFO  impl.RaftServerImpl (RaftServerImpl.java:setRole(174)) - 94129c48-23ca-4c90-a0ce-bb122b1a0582@group-C7BA931E655D: changes role from CANDIDATE to FOLLOWER at term 1 for DISCOVERED_A_NEW_TERM
2019-09-24 18:16:04,279 [94129c48-23ca-4c90-a0ce-bb122b1a0582@group-C7BA931E655D:LeaderElection20] INFO  impl.RoleInfo (RoleInfo.java:shutdownLeaderElection(134)) - 94129c48-23ca-4c90-a0ce-bb122b1a0582: shutdown LeaderElection
2019-09-24 18:16:04,281 [94129c48-23ca-4c90-a0ce-bb122b1a0582@group-C7BA931E655D:LeaderElection20] INFO  impl.RoleInfo (RoleInfo.java:updateAndGet(143)) - 94129c48-23ca-4c90-a0ce-bb122b1a0582: start FollowerState
2019-09-24 18:16:04,290 [pool-167-thread-1] INFO  server.RaftServerConfigKeys (ConfUtils.java:logGet(43)) - raft.server.log.queue.byte-limit = 2147483647 (custom)
2019-09-24 18:16:04,290 [pool-167-thread-1] INFO  server.RaftServerConfigKeys (ConfUtils.java:logGet(43)) - raft.server.log.queue.element-limit = 1024 (custom)
2019-09-24 18:16:04,291 [36b0c052-cff8-4e12-9bf5-4de3d256c6bd@group-B6C20EE9E639:LeaderElection13] INFO  impl.RoleInfo (RoleInfo.java:updateAndGet(143)) - 36b0c052-cff8-4e12-9bf5-4de3d256c6bd: start LeaderState
2019-09-24 18:16:04,291 [pool-167-thread-1] INFO  server.RaftServerConfigKeys (ConfUtils.java:logGet(43)) - raft.server.log.segment.size.max = 1048576 (custom)
2019-09-24 18:16:04,291 [pool-167-thread-1] INFO  server.RaftServerConfigKeys (ConfUtils.java:logGet(43)) - raft.server.log.preallocated.size = 16384 (custom)
2019-09-24 18:16:04,291 [pool-167-thread-1] INFO  server.RaftServerConfigKeys (ConfUtils.java:logGet(43)) - raft.server.log.write.buffer.size = 33554432 (custom)
2019-09-24 18:16:04,291 [36b0c052-cff8-4e12-9bf5-4de3d256c6bd@group-B6C20EE9E639:LeaderElection13] INFO  segmented.SegmentedRaftLogWorker (SegmentedRaftLogWorker.java:startLogSegment(380)) - 36b0c052-cff8-4e12-9bf5-4de3d256c6bd@group-B6C20EE9E639-SegmentedRaftLogWorker: Starting segment from index:0
2019-09-24 18:16:04,291 [pool-167-thread-1] INFO  server.RaftServerConfigKeys (ConfUtils.java:logGet(43)) - raft.server.log.force.sync.num = 128 (default)
2019-09-24 18:16:04,292 [pool-167-thread-1] INFO  server.RaftServerConfigKeys (ConfUtils.java:logGet(43)) - raft.server.log.statemachine.data.sync = true (default)
2019-09-24 18:16:04,292 [pool-167-thread-1] INFO  server.RaftServerConfigKeys (ConfUtils.java:logGet(43)) - raft.server.log.statemachine.data.sync.timeout = 10s (default)
2019-09-24 18:16:04,292 [pool-167-thread-1] INFO  server.RaftServerConfigKeys (ConfUtils.java:logGet(43)) - raft.server.log.statemachine.data.sync.timeout.retry = -1 (default)
2019-09-24 18:16:04,292 [36b0c052-cff8-4e12-9bf5-4de3d256c6bd@group-B6C20EE9E639:LeaderElection13] INFO  impl.RaftServerImpl (ServerState.java:setRaftConf(354)) - 36b0c052-cff8-4e12-9bf5-4de3d256c6bd@group-B6C20EE9E639: set configuration 0: [36b0c052-cff8-4e12-9bf5-4de3d256c6bd:192.168.36.84:41822], old=null at 0
2019-09-24 18:16:04,324 [c193ce51-f881-48bb-a5d6-6cdb2075116e@group-C5068ABD2401:LeaderElection18] INFO  impl.RoleInfo (RoleInfo.java:updateAndGet(143)) - c193ce51-f881-48bb-a5d6-6cdb2075116e: start LeaderState
2019-09-24 18:16:04,324 [pool-167-thread-1] INFO  server.RaftServerConfigKeys (ConfUtils.java:logGet(43)) - raft.server.log.statemachine.data.caching.enabled = true (custom)
2019-09-24 18:16:04,324 [c193ce51-f881-48bb-a5d6-6cdb2075116e@group-C5068ABD2401:LeaderElection18] INFO  segmented.SegmentedRaftLogWorker (SegmentedRaftLogWorker.java:startLogSegment(380)) - c193ce51-f881-48bb-a5d6-6cdb2075116e@group-C5068ABD2401-SegmentedRaftLogWorker: Starting segment from index:0
2019-09-24 18:16:04,325 [pool-167-thread-1] INFO  segmented.SegmentedRaftLogWorker (SegmentedRaftLogWorker.java:lambda$new$0(132)) - dc518f1e-76ea-446f-acc5-d49b23344d5e@group-4EE37480353B-SegmentedRaftLogWorker: flushIndex: setUnconditionally 0 -> -1
2019-09-24 18:16:04,325 [c193ce51-f881-48bb-a5d6-6cdb2075116e@group-C5068ABD2401:LeaderElection18] INFO  impl.RaftServerImpl (ServerState.java:setRaftConf(354)) - c193ce51-f881-48bb-a5d6-6cdb2075116e@group-C5068ABD2401: set configuration 0: [c193ce51-f881-48bb-a5d6-6cdb2075116e:192.168.36.84:43582], old=null at 0
2019-09-24 18:16:04,325 [7c411084-5716-47c5-97f2-dc43e37e1edc@group-954FA3C9D214:LeaderElection16] INFO  impl.RoleInfo (RoleInfo.java:updateAndGet(143)) - 7c411084-5716-47c5-97f2-dc43e37e1edc: start LeaderState
2019-09-24 18:16:04,325 [94129c48-23ca-4c90-a0ce-bb122b1a0582@group-A288B06A88C5:LeaderElection15] INFO  impl.RoleInfo (RoleInfo.java:updateAndGet(143)) - 94129c48-23ca-4c90-a0ce-bb122b1a0582: start LeaderState
2019-09-24 18:16:04,325 [5d2d95be-6b28-4ecf-b7b7-7d783f42b699@group-85CAA62505AF:LeaderElection14] INFO  impl.RoleInfo (RoleInfo.java:updateAndGet(143)) - 5d2d95be-6b28-4ecf-b7b7-7d783f42b699: start LeaderState
2019-09-24 18:16:04,354 [94129c48-23ca-4c90-a0ce-bb122b1a0582@group-A288B06A88C5:LeaderElection15] INFO  segmented.SegmentedRaftLogWorker (SegmentedRaftLogWorker.java:startLogSegment(380)) - 94129c48-23ca-4c90-a0ce-bb122b1a0582@group-A288B06A88C5-SegmentedRaftLogWorker: Starting segment from index:0
2019-09-24 18:16:04,354 [5d2d95be-6b28-4ecf-b7b7-7d783f42b699@group-85CAA62505AF:LeaderElection14] INFO  segmented.SegmentedRaftLogWorker (SegmentedRaftLogWorker.java:startLogSegment(380)) - 5d2d95be-6b28-4ecf-b7b7-7d783f42b699@group-85CAA62505AF-SegmentedRaftLogWorker: Starting segment from index:0
2019-09-24 18:16:04,354 [7c411084-5716-47c5-97f2-dc43e37e1edc@group-954FA3C9D214:LeaderElection16] INFO  segmented.SegmentedRaftLogWorker (SegmentedRaftLogWorker.java:startLogSegment(380)) - 7c411084-5716-47c5-97f2-dc43e37e1edc@group-954FA3C9D214-SegmentedRaftLogWorker: Starting segment from index:0
2019-09-24 18:16:04,354 [pool-167-thread-1] INFO  server.RaftServerConfigKeys (ConfUtils.java:logGet(43)) - raft.server.snapshot.auto.trigger.enabled = true (custom)
2019-09-24 18:16:04,355 [5d2d95be-6b28-4ecf-b7b7-7d783f42b699@group-85CAA62505AF:LeaderElection14] INFO  impl.RaftServerImpl (ServerState.java:setRaftConf(354)) - 5d2d95be-6b28-4ecf-b7b7-7d783f42b699@group-85CAA62505AF: set configuration 0: [5d2d95be-6b28-4ecf-b7b7-7d783f42b699:192.168.36.84:36125], old=null at 0
2019-09-24 18:16:04,355 [94129c48-23ca-4c90-a0ce-bb122b1a0582@group-A288B06A88C5:LeaderElection15] INFO  impl.RaftServerImpl (ServerState.java:setRaftConf(354)) - 94129c48-23ca-4c90-a0ce-bb122b1a0582@group-A288B06A88C5: set configuration 0: [94129c48-23ca-4c90-a0ce-bb122b1a0582:192.168.36.84:34734], old=null at 0
2019-09-24 18:16:04,396 [7c411084-5716-47c5-97f2-dc43e37e1edc@group-954FA3C9D214:LeaderElection16] INFO  impl.RaftServerImpl (ServerState.java:setRaftConf(354)) - 7c411084-5716-47c5-97f2-dc43e37e1edc@group-954FA3C9D214: set configuration 0: [7c411084-5716-47c5-97f2-dc43e37e1edc:192.168.36.84:35497], old=null at 0
2019-09-24 18:16:04,355 [pool-167-thread-1] INFO  server.RaftServerConfigKeys (ConfUtils.java:logGet(43)) - raft.server.snapshot.auto.trigger.threshold = 10000 (custom)
2019-09-24 18:16:04,440 [pool-167-thread-1] INFO  server.RaftServerConfigKeys (ConfUtils.java:logGet(43)) - raft.server.snapshot.retention.num.files = 5 (custom)
2019-09-24 18:16:04,440 [pool-167-thread-1] INFO  server.RaftServerConfigKeys (ConfUtils.java:logGet(43)) - raft.server.retrycache.expirytime = 600000ms (custom)
2019-09-24 18:16:04,443 [pool-167-thread-1] INFO  impl.RaftServerImpl (RaftServerImpl.java:start(185)) - dc518f1e-76ea-446f-acc5-d49b23344d5e@group-4EE37480353B: start as a follower, conf=-1: [dc518f1e-76ea-446f-acc5-d49b23344d5e:192.168.36.84:45108], old=null
2019-09-24 18:16:04,444 [pool-167-thread-1] INFO  impl.RaftServerImpl (RaftServerImpl.java:setRole(174)) - dc518f1e-76ea-446f-acc5-d49b23344d5e@group-4EE37480353B: changes role from      null to FOLLOWER at term 0 for startAsFollower
2019-09-24 18:16:04,444 [pool-167-thread-1] INFO  impl.RoleInfo (RoleInfo.java:updateAndGet(143)) - dc518f1e-76ea-446f-acc5-d49b23344d5e: start FollowerState
2019-09-24 18:16:04,444 [pool-167-thread-1] INFO  util.JmxRegister (JmxRegister.java:tryRegister(44)) - Successfully registered JMX Bean with object name Ratis:service=RaftServer,group=group-4EE37480353B,id=dc518f1e-76ea-446f-acc5-d49b23344d5e
2019-09-24 18:16:05,371 [pool-177-thread-1] INFO  storage.RaftStorage (RaftStorage.java:format(72)) - Storage directory /workdir/hadoop-ozone/integration-test/target/test-dir/MiniOzoneClusterImpl-2256e15c-84c9-46bf-b493-19471620b231/datanode-6/data/ratis/f686dcbe-2b52-4d7e-b436-c825ce6f0eb5 has been successfully formatted.
2019-09-24 18:16:05,371 [pool-137-thread-1] INFO  storage.RaftStorage (RaftStorage.java:format(72)) - Storage directory /workdir/hadoop-ozone/integration-test/target/test-dir/MiniOzoneClusterImpl-2256e15c-84c9-46bf-b493-19471620b231/datanode-2/data/ratis/f686dcbe-2b52-4d7e-b436-c825ce6f0eb5 has been successfully formatted.
2019-09-24 18:16:05,371 [pool-127-thread-1] INFO  storage.RaftStorage (RaftStorage.java:format(72)) - Storage directory /workdir/hadoop-ozone/integration-test/target/test-dir/MiniOzoneClusterImpl-2256e15c-84c9-46bf-b493-19471620b231/datanode-1/data/ratis/f686dcbe-2b52-4d7e-b436-c825ce6f0eb5 has been successfully formatted.
2019-09-24 18:16:05,372 [pool-177-thread-1] INFO  ratis.ContainerStateMachine (ContainerStateMachine.java:loadSnapshot(230)) - group-C825CE6F0EB5: The snapshot info is null. Setting the last applied indexto:(t:0, i:~)
2019-09-24 18:16:05,373 [pool-127-thread-1] INFO  ratis.ContainerStateMachine (ContainerStateMachine.java:loadSnapshot(230)) - group-C825CE6F0EB5: The snapshot info is null. Setting the last applied indexto:(t:0, i:~)
2019-09-24 18:16:05,372 [7c411084-5716-47c5-97f2-dc43e37e1edc@group-954FA3C9D214-SegmentedRaftLogWorker] INFO  segmented.SegmentedRaftLogWorker (SegmentedRaftLogWorker.java:execute(569)) - 7c411084-5716-47c5-97f2-dc43e37e1edc@group-954FA3C9D214-SegmentedRaftLogWorker: created new log segment /workdir/hadoop-ozone/integration-test/target/test-dir/MiniOzoneClusterImpl-2256e15c-84c9-46bf-b493-19471620b231/datanode-1/data/ratis/0c188cfb-4f07-44bb-9e9d-954fa3c9d214/current/log_inprogress_0
2019-09-24 18:16:05,372 [5d2d95be-6b28-4ecf-b7b7-7d783f42b699@group-85CAA62505AF-SegmentedRaftLogWorker] INFO  segmented.SegmentedRaftLogWorker (SegmentedRaftLogWorker.java:execute(569)) - 5d2d95be-6b28-4ecf-b7b7-7d783f42b699@group-85CAA62505AF-SegmentedRaftLogWorker: created new log segment /workdir/hadoop-ozone/integration-test/target/test-dir/MiniOzoneClusterImpl-2256e15c-84c9-46bf-b493-19471620b231/datanode-4/data/ratis/296169c0-af32-4da4-b77b-85caa62505af/current/log_inprogress_0
2019-09-24 18:16:05,372 [c193ce51-f881-48bb-a5d6-6cdb2075116e@group-C5068ABD2401-SegmentedRaftLogWorker] INFO  segmented.SegmentedRaftLogWorker (SegmentedRaftLogWorker.java:execute(569)) - c193ce51-f881-48bb-a5d6-6cdb2075116e@group-C5068ABD2401-SegmentedRaftLogWorker: created new log segment /workdir/hadoop-ozone/integration-test/target/test-dir/MiniOzoneClusterImpl-2256e15c-84c9-46bf-b493-19471620b231/datanode-2/data/ratis/53956459-7d17-4263-b7b7-c5068abd2401/current/log_inprogress_0
2019-09-24 18:16:05,372 [36b0c052-cff8-4e12-9bf5-4de3d256c6bd@group-B6C20EE9E639-SegmentedRaftLogWorker] INFO  segmented.SegmentedRaftLogWorker (SegmentedRaftLogWorker.java:execute(569)) - 36b0c052-cff8-4e12-9bf5-4de3d256c6bd@group-B6C20EE9E639-SegmentedRaftLogWorker: created new log segment /workdir/hadoop-ozone/integration-test/target/test-dir/MiniOzoneClusterImpl-2256e15c-84c9-46bf-b493-19471620b231/datanode-0/data/ratis/a808a648-d478-40cd-a58e-b6c20ee9e639/current/log_inprogress_0
2019-09-24 18:16:05,372 [94129c48-23ca-4c90-a0ce-bb122b1a0582@group-A288B06A88C5-SegmentedRaftLogWorker] INFO  segmented.SegmentedRaftLogWorker (SegmentedRaftLogWorker.java:execute(569)) - 94129c48-23ca-4c90-a0ce-bb122b1a0582@group-A288B06A88C5-SegmentedRaftLogWorker: created new log segment /workdir/hadoop-ozone/integration-test/target/test-dir/MiniOzoneClusterImpl-2256e15c-84c9-46bf-b493-19471620b231/datanode-3/data/ratis/fce4a14c-ea51-4fad-8989-a288b06a88c5/current/log_inprogress_0
2019-09-24 18:16:05,373 [pool-127-thread-1] INFO  server.RaftServerConfigKeys (ConfUtils.java:logGet(43)) - raft.server.notification.no-leader.timeout = 120s (custom)
2019-09-24 18:16:05,374 [pool-127-thread-1] INFO  server.RaftServerConfigKeys (ConfUtils.java:logGet(43)) - raft.server.log.use.memory = false (default)
2019-09-24 18:16:05,373 [pool-177-thread-1] INFO  server.RaftServerConfigKeys (ConfUtils.java:logGet(43)) - raft.server.notification.no-leader.timeout = 120s (custom)
2019-09-24 18:16:05,373 [pool-137-thread-1] INFO  ratis.ContainerStateMachine (ContainerStateMachine.java:loadSnapshot(230)) - group-C825CE6F0EB5: The snapshot info is null. Setting the last applied indexto:(t:0, i:~)
2019-09-24 18:16:05,375 [pool-177-thread-1] INFO  server.RaftServerConfigKeys (ConfUtils.java:logGet(43)) - raft.server.log.use.memory = false (default)
2019-09-24 18:16:05,374 [pool-127-thread-1] INFO  server.RaftServerConfigKeys (ConfUtils.java:logGet(43)) - raft.server.log.purge.gap = 1000000 (custom)
2019-09-24 18:16:05,375 [pool-177-thread-1] INFO  server.RaftServerConfigKeys (ConfUtils.java:logGet(43)) - raft.server.log.purge.gap = 1000000 (custom)
2019-09-24 18:16:05,375 [pool-127-thread-1] INFO  server.RaftServerConfigKeys (ConfUtils.java:logGet(43)) - raft.server.log.appender.buffer.byte-limit = 33554432 (custom)
2019-09-24 18:16:05,375 [pool-137-thread-1] INFO  server.RaftServerConfigKeys (ConfUtils.java:logGet(43)) - raft.server.notification.no-leader.timeout = 120s (custom)
2019-09-24 18:16:05,375 [pool-127-thread-1] INFO  server.RaftServerConfigKeys (ConfUtils.java:logGet(43)) - raft.server.log.segment.size.max = 1048576 (custom)
2019-09-24 18:16:05,376 [pool-127-thread-1] INFO  server.RaftServerConfigKeys (ConfUtils.java:logGet(43)) - raft.server.log.segment.cache.num.max = 2 (custom)
2019-09-24 18:16:05,375 [pool-177-thread-1] INFO  server.RaftServerConfigKeys (ConfUtils.java:logGet(43)) - raft.server.log.appender.buffer.byte-limit = 33554432 (custom)
2019-09-24 18:16:05,376 [pool-127-thread-1] INFO  segmented.SegmentedRaftLogWorker (SegmentedRaftLogWorker.java:<init>(172)) - new 7c411084-5716-47c5-97f2-dc43e37e1edc@group-C825CE6F0EB5-SegmentedRaftLogWorker for RaftStorage:Storage Directory /workdir/hadoop-ozone/integration-test/target/test-dir/MiniOzoneClusterImpl-2256e15c-84c9-46bf-b493-19471620b231/datanode-1/data/ratis/f686dcbe-2b52-4d7e-b436-c825ce6f0eb5
2019-09-24 18:16:05,376 [pool-177-thread-1] INFO  server.RaftServerConfigKeys (ConfUtils.java:logGet(43)) - raft.server.log.segment.size.max = 1048576 (custom)
2019-09-24 18:16:05,375 [pool-137-thread-1] INFO  server.RaftServerConfigKeys (ConfUtils.java:logGet(43)) - raft.server.log.use.memory = false (default)
2019-09-24 18:16:05,376 [pool-177-thread-1] INFO  server.RaftServerConfigKeys (ConfUtils.java:logGet(43)) - raft.server.log.segment.cache.num.max = 2 (custom)
2019-09-24 18:16:05,376 [pool-127-thread-1] INFO  server.RaftServerConfigKeys (ConfUtils.java:logGet(43)) - raft.server.log.queue.byte-limit = 2147483647 (custom)
2019-09-24 18:16:05,377 [pool-177-thread-1] INFO  segmented.SegmentedRaftLogWorker (SegmentedRaftLogWorker.java:<init>(172)) - new c3ba2feb-e3c1-413e-bd73-cad472897a56@group-C825CE6F0EB5-SegmentedRaftLogWorker for RaftStorage:Storage Directory /workdir/hadoop-ozone/integration-test/target/test-dir/MiniOzoneClusterImpl-2256e15c-84c9-46bf-b493-19471620b231/datanode-6/data/ratis/f686dcbe-2b52-4d7e-b436-c825ce6f0eb5
2019-09-24 18:16:05,376 [pool-137-thread-1] INFO  server.RaftServerConfigKeys (ConfUtils.java:logGet(43)) - raft.server.log.purge.gap = 1000000 (custom)
2019-09-24 18:16:05,377 [pool-127-thread-1] INFO  server.RaftServerConfigKeys (ConfUtils.java:logGet(43)) - raft.server.log.queue.element-limit = 1024 (custom)
2019-09-24 18:16:05,377 [pool-137-thread-1] INFO  server.RaftServerConfigKeys (ConfUtils.java:logGet(43)) - raft.server.log.appender.buffer.byte-limit = 33554432 (custom)
2019-09-24 18:16:05,377 [pool-127-thread-1] INFO  server.RaftServerConfigKeys (ConfUtils.java:logGet(43)) - raft.server.log.segment.size.max = 1048576 (custom)
2019-09-24 18:16:05,377 [pool-137-thread-1] INFO  server.RaftServerConfigKeys (ConfUtils.java:logGet(43)) - raft.server.log.segment.size.max = 1048576 (custom)
2019-09-24 18:16:05,377 [pool-127-thread-1] INFO  server.RaftServerConfigKeys (ConfUtils.java:logGet(43)) - raft.server.log.preallocated.size = 16384 (custom)
2019-09-24 18:16:05,378 [pool-137-thread-1] INFO  server.RaftServerConfigKeys (ConfUtils.java:logGet(43)) - raft.server.log.segment.cache.num.max = 2 (custom)
2019-09-24 18:16:05,378 [pool-127-thread-1] INFO  server.RaftServerConfigKeys (ConfUtils.java:logGet(43)) - raft.server.log.write.buffer.size = 33554432 (custom)
2019-09-24 18:16:05,378 [pool-137-thread-1] INFO  segmented.SegmentedRaftLogWorker (SegmentedRaftLogWorker.java:<init>(172)) - new c193ce51-f881-48bb-a5d6-6cdb2075116e@group-C825CE6F0EB5-SegmentedRaftLogWorker for RaftStorage:Storage Directory /workdir/hadoop-ozone/integration-test/target/test-dir/MiniOzoneClusterImpl-2256e15c-84c9-46bf-b493-19471620b231/datanode-2/data/ratis/f686dcbe-2b52-4d7e-b436-c825ce6f0eb5
2019-09-24 18:16:05,378 [pool-127-thread-1] INFO  server.RaftServerConfigKeys (ConfUtils.java:logGet(43)) - raft.server.log.force.sync.num = 128 (default)
2019-09-24 18:16:05,378 [pool-137-thread-1] INFO  server.RaftServerConfigKeys (ConfUtils.java:logGet(43)) - raft.server.log.queue.byte-limit = 2147483647 (custom)
2019-09-24 18:16:05,378 [pool-127-thread-1] INFO  server.RaftServerConfigKeys (ConfUtils.java:logGet(43)) - raft.server.log.statemachine.data.sync = true (default)
2019-09-24 18:16:05,378 [pool-137-thread-1] INFO  server.RaftServerConfigKeys (ConfUtils.java:logGet(43)) - raft.server.log.queue.element-limit = 1024 (custom)
2019-09-24 18:16:05,379 [pool-127-thread-1] INFO  server.RaftServerConfigKeys (ConfUtils.java:logGet(43)) - raft.server.log.statemachine.data.sync.timeout = 10s (default)
2019-09-24 18:16:05,379 [pool-137-thread-1] INFO  server.RaftServerConfigKeys (ConfUtils.java:logGet(43)) - raft.server.log.segment.size.max = 1048576 (custom)
2019-09-24 18:16:05,379 [pool-127-thread-1] INFO  server.RaftServerConfigKeys (ConfUtils.java:logGet(43)) - raft.server.log.statemachine.data.sync.timeout.retry = -1 (default)
2019-09-24 18:16:05,379 [pool-137-thread-1] INFO  server.RaftServerConfigKeys (ConfUtils.java:logGet(43)) - raft.server.log.preallocated.size = 16384 (custom)
2019-09-24 18:16:05,379 [pool-127-thread-1] INFO  server.RaftServerConfigKeys (ConfUtils.java:logGet(43)) - raft.server.log.statemachine.data.caching.enabled = true (custom)
2019-09-24 18:16:05,379 [pool-137-thread-1] INFO  server.RaftServerConfigKeys (ConfUtils.java:logGet(43)) - raft.server.log.write.buffer.size = 33554432 (custom)
2019-09-24 18:16:05,379 [pool-137-thread-1] INFO  server.RaftServerConfigKeys (ConfUtils.java:logGet(43)) - raft.server.log.force.sync.num = 128 (default)
2019-09-24 18:16:05,379 [pool-127-thread-1] INFO  segmented.SegmentedRaftLogWorker (SegmentedRaftLogWorker.java:lambda$new$0(132)) - 7c411084-5716-47c5-97f2-dc43e37e1edc@group-C825CE6F0EB5-SegmentedRaftLogWorker: flushIndex: setUnconditionally 0 -> -1
2019-09-24 18:16:05,380 [pool-137-thread-1] INFO  server.RaftServerConfigKeys (ConfUtils.java:logGet(43)) - raft.server.log.statemachine.data.sync = true (default)
2019-09-24 18:16:05,380 [pool-127-thread-1] INFO  server.RaftServerConfigKeys (ConfUtils.java:logGet(43)) - raft.server.snapshot.auto.trigger.enabled = true (custom)
2019-09-24 18:16:05,380 [pool-137-thread-1] INFO  server.RaftServerConfigKeys (ConfUtils.java:logGet(43)) - raft.server.log.statemachine.data.sync.timeout = 10s (default)
2019-09-24 18:16:05,380 [pool-127-thread-1] INFO  server.RaftServerConfigKeys (ConfUtils.java:logGet(43)) - raft.server.snapshot.auto.trigger.threshold = 10000 (custom)
2019-09-24 18:16:05,380 [pool-137-thread-1] INFO  server.RaftServerConfigKeys (ConfUtils.java:logGet(43)) - raft.server.log.statemachine.data.sync.timeout.retry = -1 (default)
2019-09-24 18:16:05,380 [pool-127-thread-1] INFO  server.RaftServerConfigKeys (ConfUtils.java:logGet(43)) - raft.server.snapshot.retention.num.files = 5 (custom)
2019-09-24 18:16:05,381 [pool-137-thread-1] INFO  server.RaftServerConfigKeys (ConfUtils.java:logGet(43)) - raft.server.log.statemachine.data.caching.enabled = true (custom)
2019-09-24 18:16:05,381 [pool-127-thread-1] INFO  server.RaftServerConfigKeys (ConfUtils.java:logGet(43)) - raft.server.retrycache.expirytime = 600000ms (custom)
2019-09-24 18:16:05,381 [pool-137-thread-1] INFO  segmented.SegmentedRaftLogWorker (SegmentedRaftLogWorker.java:lambda$new$0(132)) - c193ce51-f881-48bb-a5d6-6cdb2075116e@group-C825CE6F0EB5-SegmentedRaftLogWorker: flushIndex: setUnconditionally 0 -> -1
2019-09-24 18:16:05,381 [pool-137-thread-1] INFO  server.RaftServerConfigKeys (ConfUtils.java:logGet(43)) - raft.server.snapshot.auto.trigger.enabled = true (custom)
2019-09-24 18:16:05,382 [pool-137-thread-1] INFO  server.RaftServerConfigKeys (ConfUtils.java:logGet(43)) - raft.server.snapshot.auto.trigger.threshold = 10000 (custom)
2019-09-24 18:16:05,382 [pool-137-thread-1] INFO  server.RaftServerConfigKeys (ConfUtils.java:logGet(43)) - raft.server.snapshot.retention.num.files = 5 (custom)
2019-09-24 18:16:05,382 [pool-177-thread-1] INFO  server.RaftServerConfigKeys (ConfUtils.java:logGet(43)) - raft.server.log.queue.byte-limit = 2147483647 (custom)
2019-09-24 18:16:05,382 [pool-137-thread-1] INFO  server.RaftServerConfigKeys (ConfUtils.java:logGet(43)) - raft.server.retrycache.expirytime = 600000ms (custom)
2019-09-24 18:16:05,382 [pool-177-thread-1] INFO  server.RaftServerConfigKeys (ConfUtils.java:logGet(43)) - raft.server.log.queue.element-limit = 1024 (custom)
2019-09-24 18:16:05,383 [pool-177-thread-1] INFO  server.RaftServerConfigKeys (ConfUtils.java:logGet(43)) - raft.server.log.segment.size.max = 1048576 (custom)
2019-09-24 18:16:05,383 [pool-177-thread-1] INFO  server.RaftServerConfigKeys (ConfUtils.java:logGet(43)) - raft.server.log.preallocated.size = 16384 (custom)
2019-09-24 18:16:05,383 [pool-127-thread-1] INFO  impl.RaftServerImpl (RaftServerImpl.java:start(185)) - 7c411084-5716-47c5-97f2-dc43e37e1edc@group-C825CE6F0EB5: start as a follower, conf=-1: [c193ce51-f881-48bb-a5d6-6cdb2075116e:192.168.36.84:43582, c3ba2feb-e3c1-413e-bd73-cad472897a56:192.168.36.84:46228, 7c411084-5716-47c5-97f2-dc43e37e1edc:192.168.36.84:35497], old=null
2019-09-24 18:16:05,383 [pool-177-thread-1] INFO  server.RaftServerConfigKeys (ConfUtils.java:logGet(43)) - raft.server.log.write.buffer.size = 33554432 (custom)
2019-09-24 18:16:05,383 [pool-127-thread-1] INFO  impl.RaftServerImpl (RaftServerImpl.java:setRole(174)) - 7c411084-5716-47c5-97f2-dc43e37e1edc@group-C825CE6F0EB5: changes role from      null to FOLLOWER at term 0 for startAsFollower
2019-09-24 18:16:05,383 [pool-177-thread-1] INFO  server.RaftServerConfigKeys (ConfUtils.java:logGet(43)) - raft.server.log.force.sync.num = 128 (default)
2019-09-24 18:16:05,383 [pool-127-thread-1] INFO  impl.RoleInfo (RoleInfo.java:updateAndGet(143)) - 7c411084-5716-47c5-97f2-dc43e37e1edc: start FollowerState
2019-09-24 18:16:05,384 [pool-177-thread-1] INFO  server.RaftServerConfigKeys (ConfUtils.java:logGet(43)) - raft.server.log.statemachine.data.sync = true (default)
2019-09-24 18:16:05,384 [pool-177-thread-1] INFO  server.RaftServerConfigKeys (ConfUtils.java:logGet(43)) - raft.server.log.statemachine.data.sync.timeout = 10s (default)
2019-09-24 18:16:05,395 [pool-127-thread-1] INFO  util.JmxRegister (JmxRegister.java:tryRegister(44)) - Successfully registered JMX Bean with object name Ratis:service=RaftServer,group=group-C825CE6F0EB5,id=7c411084-5716-47c5-97f2-dc43e37e1edc
2019-09-24 18:16:05,395 [pool-177-thread-1] INFO  server.RaftServerConfigKeys (ConfUtils.java:logGet(43)) - raft.server.log.statemachine.data.sync.timeout.retry = -1 (default)
2019-09-24 18:16:05,403 [pool-177-thread-1] INFO  server.RaftServerConfigKeys (ConfUtils.java:logGet(43)) - raft.server.log.statemachine.data.caching.enabled = true (custom)
2019-09-24 18:16:05,404 [pool-137-thread-1] INFO  impl.RaftServerImpl (RaftServerImpl.java:start(185)) - c193ce51-f881-48bb-a5d6-6cdb2075116e@group-C825CE6F0EB5: start as a follower, conf=-1: [c193ce51-f881-48bb-a5d6-6cdb2075116e:192.168.36.84:43582, c3ba2feb-e3c1-413e-bd73-cad472897a56:192.168.36.84:46228, 7c411084-5716-47c5-97f2-dc43e37e1edc:192.168.36.84:35497], old=null
2019-09-24 18:16:05,404 [pool-177-thread-1] INFO  segmented.SegmentedRaftLogWorker (SegmentedRaftLogWorker.java:lambda$new$0(132)) - c3ba2feb-e3c1-413e-bd73-cad472897a56@group-C825CE6F0EB5-SegmentedRaftLogWorker: flushIndex: setUnconditionally 0 -> -1
2019-09-24 18:16:05,404 [pool-137-thread-1] INFO  impl.RaftServerImpl (RaftServerImpl.java:setRole(174)) - c193ce51-f881-48bb-a5d6-6cdb2075116e@group-C825CE6F0EB5: changes role from      null to FOLLOWER at term 0 for startAsFollower
2019-09-24 18:16:05,405 [pool-177-thread-1] INFO  server.RaftServerConfigKeys (ConfUtils.java:logGet(43)) - raft.server.snapshot.auto.trigger.enabled = true (custom)
2019-09-24 18:16:05,405 [pool-137-thread-1] INFO  impl.RoleInfo (RoleInfo.java:updateAndGet(143)) - c193ce51-f881-48bb-a5d6-6cdb2075116e: start FollowerState
2019-09-24 18:16:05,405 [pool-177-thread-1] INFO  server.RaftServerConfigKeys (ConfUtils.java:logGet(43)) - raft.server.snapshot.auto.trigger.threshold = 10000 (custom)
2019-09-24 18:16:05,405 [pool-177-thread-1] INFO  server.RaftServerConfigKeys (ConfUtils.java:logGet(43)) - raft.server.snapshot.retention.num.files = 5 (custom)
2019-09-24 18:16:05,405 [pool-137-thread-1] INFO  util.JmxRegister (JmxRegister.java:tryRegister(44)) - Successfully registered JMX Bean with object name Ratis:service=RaftServer,group=group-C825CE6F0EB5,id=c193ce51-f881-48bb-a5d6-6cdb2075116e
2019-09-24 18:16:05,405 [pool-177-thread-1] INFO  server.RaftServerConfigKeys (ConfUtils.java:logGet(43)) - raft.server.retrycache.expirytime = 600000ms (custom)
2019-09-24 18:16:05,408 [pool-177-thread-1] INFO  impl.RaftServerImpl (RaftServerImpl.java:start(185)) - c3ba2feb-e3c1-413e-bd73-cad472897a56@group-C825CE6F0EB5: start as a follower, conf=-1: [c193ce51-f881-48bb-a5d6-6cdb2075116e:192.168.36.84:43582, c3ba2feb-e3c1-413e-bd73-cad472897a56:192.168.36.84:46228, 7c411084-5716-47c5-97f2-dc43e37e1edc:192.168.36.84:35497], old=null
2019-09-24 18:16:05,409 [pool-177-thread-1] INFO  impl.RaftServerImpl (RaftServerImpl.java:setRole(174)) - c3ba2feb-e3c1-413e-bd73-cad472897a56@group-C825CE6F0EB5: changes role from      null to FOLLOWER at term 0 for startAsFollower
2019-09-24 18:16:05,409 [pool-177-thread-1] INFO  impl.RoleInfo (RoleInfo.java:updateAndGet(143)) - c3ba2feb-e3c1-413e-bd73-cad472897a56: start FollowerState
2019-09-24 18:16:05,409 [pool-177-thread-1] INFO  util.JmxRegister (JmxRegister.java:tryRegister(44)) - Successfully registered JMX Bean with object name Ratis:service=RaftServer,group=group-C825CE6F0EB5,id=c3ba2feb-e3c1-413e-bd73-cad472897a56
2019-09-24 18:16:09,403 [Thread-608] INFO  impl.FollowerState (FollowerState.java:run(106)) - 94129c48-23ca-4c90-a0ce-bb122b1a0582:group-C7BA931E655D changes to CANDIDATE, lastRpcTime:5121, electionTimeout:5119ms
2019-09-24 18:16:09,403 [Thread-608] INFO  impl.RoleInfo (RoleInfo.java:shutdownFollowerState(121)) - 94129c48-23ca-4c90-a0ce-bb122b1a0582: shutdown FollowerState
2019-09-24 18:16:09,404 [Thread-608] INFO  impl.RaftServerImpl (RaftServerImpl.java:setRole(174)) - 94129c48-23ca-4c90-a0ce-bb122b1a0582@group-C7BA931E655D: changes role from  FOLLOWER to CANDIDATE at term 1 for changeToCandidate
2019-09-24 18:16:09,404 [Thread-608] INFO  impl.RoleInfo (RoleInfo.java:updateAndGet(143)) - 94129c48-23ca-4c90-a0ce-bb122b1a0582: start LeaderElection
2019-09-24 18:16:09,422 [94129c48-23ca-4c90-a0ce-bb122b1a0582@group-C7BA931E655D:LeaderElection21] INFO  impl.LeaderElection (LeaderElection.java:askForVotes(182)) - 94129c48-23ca-4c90-a0ce-bb122b1a0582@group-C7BA931E655D:LeaderElection21: begin an election at term 2 for -1: [5d2d95be-6b28-4ecf-b7b7-7d783f42b699:192.168.36.84:36125, 94129c48-23ca-4c90-a0ce-bb122b1a0582:192.168.36.84:34734, 36b0c052-cff8-4e12-9bf5-4de3d256c6bd:192.168.36.84:41822], old=null
2019-09-24 18:16:09,431 [grpc-default-executor-5] INFO  impl.RaftServerImpl (RaftServerImpl.java:setRole(174)) - 5d2d95be-6b28-4ecf-b7b7-7d783f42b699@group-C7BA931E655D: changes role from  FOLLOWER to FOLLOWER at term 2 for recognizeCandidate:94129c48-23ca-4c90-a0ce-bb122b1a0582
2019-09-24 18:16:09,431 [grpc-default-executor-3] INFO  impl.RaftServerImpl (RaftServerImpl.java:setRole(174)) - 36b0c052-cff8-4e12-9bf5-4de3d256c6bd@group-C7BA931E655D: changes role from  FOLLOWER to FOLLOWER at term 2 for recognizeCandidate:94129c48-23ca-4c90-a0ce-bb122b1a0582
2019-09-24 18:16:09,431 [grpc-default-executor-5] INFO  impl.RoleInfo (RoleInfo.java:shutdownFollowerState(121)) - 5d2d95be-6b28-4ecf-b7b7-7d783f42b699: shutdown FollowerState
2019-09-24 18:16:09,432 [grpc-default-executor-3] INFO  impl.RoleInfo (RoleInfo.java:shutdownFollowerState(121)) - 36b0c052-cff8-4e12-9bf5-4de3d256c6bd: shutdown FollowerState
2019-09-24 18:16:09,432 [grpc-default-executor-5] INFO  impl.RoleInfo (RoleInfo.java:updateAndGet(143)) - 5d2d95be-6b28-4ecf-b7b7-7d783f42b699: start FollowerState
2019-09-24 18:16:09,432 [Thread-606] INFO  impl.FollowerState (FollowerState.java:run(115)) - 36b0c052-cff8-4e12-9bf5-4de3d256c6bd: FollowerState was interrupted: java.lang.InterruptedException: sleep interrupted
2019-09-24 18:16:09,432 [grpc-default-executor-3] INFO  impl.RoleInfo (RoleInfo.java:updateAndGet(143)) - 36b0c052-cff8-4e12-9bf5-4de3d256c6bd: start FollowerState
2019-09-24 18:16:09,432 [Thread-607] INFO  impl.FollowerState (FollowerState.java:run(115)) - 5d2d95be-6b28-4ecf-b7b7-7d783f42b699: FollowerState was interrupted: java.lang.InterruptedException: sleep interrupted
2019-09-24 18:16:09,593 [Thread-610] INFO  impl.FollowerState (FollowerState.java:run(106)) - dc518f1e-76ea-446f-acc5-d49b23344d5e:group-4EE37480353B changes to CANDIDATE, lastRpcTime:5149, electionTimeout:5149ms
2019-09-24 18:16:09,594 [Thread-610] INFO  impl.RoleInfo (RoleInfo.java:shutdownFollowerState(121)) - dc518f1e-76ea-446f-acc5-d49b23344d5e: shutdown FollowerState
2019-09-24 18:16:09,594 [Thread-610] INFO  impl.RaftServerImpl (RaftServerImpl.java:setRole(174)) - dc518f1e-76ea-446f-acc5-d49b23344d5e@group-4EE37480353B: changes role from  FOLLOWER to CANDIDATE at term 0 for changeToCandidate
2019-09-24 18:16:09,595 [Thread-610] INFO  impl.RoleInfo (RoleInfo.java:updateAndGet(143)) - dc518f1e-76ea-446f-acc5-d49b23344d5e: start LeaderElection
2019-09-24 18:16:10,481 [Thread-618] INFO  impl.FollowerState (FollowerState.java:run(106)) - c193ce51-f881-48bb-a5d6-6cdb2075116e:group-C825CE6F0EB5 changes to CANDIDATE, lastRpcTime:5076, electionTimeout:5076ms
2019-09-24 18:16:10,482 [Thread-618] INFO  impl.RoleInfo (RoleInfo.java:shutdownFollowerState(121)) - c193ce51-f881-48bb-a5d6-6cdb2075116e: shutdown FollowerState
2019-09-24 18:16:10,482 [Thread-618] INFO  impl.RaftServerImpl (RaftServerImpl.java:setRole(174)) - c193ce51-f881-48bb-a5d6-6cdb2075116e@group-C825CE6F0EB5: changes role from  FOLLOWER to CANDIDATE at term 0 for changeToCandidate
2019-09-24 18:16:10,482 [Thread-618] INFO  impl.RoleInfo (RoleInfo.java:updateAndGet(143)) - c193ce51-f881-48bb-a5d6-6cdb2075116e: start LeaderElection
2019-09-24 18:16:10,509 [Thread-616] INFO  impl.FollowerState (FollowerState.java:run(106)) - 7c411084-5716-47c5-97f2-dc43e37e1edc:group-C825CE6F0EB5 changes to CANDIDATE, lastRpcTime:5125, electionTimeout:5114ms
2019-09-24 18:16:10,509 [Thread-616] INFO  impl.RoleInfo (RoleInfo.java:shutdownFollowerState(121)) - 7c411084-5716-47c5-97f2-dc43e37e1edc: shutdown FollowerState
2019-09-24 18:16:10,510 [Thread-616] INFO  impl.RaftServerImpl (RaftServerImpl.java:setRole(174)) - 7c411084-5716-47c5-97f2-dc43e37e1edc@group-C825CE6F0EB5: changes role from  FOLLOWER to CANDIDATE at term 0 for changeToCandidate
2019-09-24 18:16:10,510 [Thread-616] INFO  impl.RoleInfo (RoleInfo.java:updateAndGet(143)) - 7c411084-5716-47c5-97f2-dc43e37e1edc: start LeaderElection
2019-09-24 18:16:10,608 [Thread-621] INFO  impl.FollowerState (FollowerState.java:run(106)) - c3ba2feb-e3c1-413e-bd73-cad472897a56:group-C825CE6F0EB5 changes to CANDIDATE, lastRpcTime:5199, electionTimeout:5199ms
2019-09-24 18:16:10,609 [Thread-621] INFO  impl.RoleInfo (RoleInfo.java:shutdownFollowerState(121)) - c3ba2feb-e3c1-413e-bd73-cad472897a56: shutdown FollowerState
2019-09-24 18:16:10,609 [Thread-621] INFO  impl.RaftServerImpl (RaftServerImpl.java:setRole(174)) - c3ba2feb-e3c1-413e-bd73-cad472897a56@group-C825CE6F0EB5: changes role from  FOLLOWER to CANDIDATE at term 0 for changeToCandidate
2019-09-24 18:16:10,609 [Thread-621] INFO  impl.RoleInfo (RoleInfo.java:updateAndGet(143)) - c3ba2feb-e3c1-413e-bd73-cad472897a56: start LeaderElection
2019-09-24 18:16:11,298 [dc518f1e-76ea-446f-acc5-d49b23344d5e@group-4EE37480353B:LeaderElection22] INFO  impl.LeaderElection (LeaderElection.java:askForVotes(182)) - dc518f1e-76ea-446f-acc5-d49b23344d5e@group-4EE37480353B:LeaderElection22: begin an election at term 1 for -1: [dc518f1e-76ea-446f-acc5-d49b23344d5e:192.168.36.84:45108], old=null
2019-09-24 18:16:11,298 [dc518f1e-76ea-446f-acc5-d49b23344d5e@group-4EE37480353B:LeaderElection22] INFO  impl.RoleInfo (RoleInfo.java:shutdownLeaderElection(134)) - dc518f1e-76ea-446f-acc5-d49b23344d5e: shutdown LeaderElection
2019-09-24 18:16:11,298 [dc518f1e-76ea-446f-acc5-d49b23344d5e@group-4EE37480353B:LeaderElection22] INFO  impl.RaftServerImpl (RaftServerImpl.java:setRole(174)) - dc518f1e-76ea-446f-acc5-d49b23344d5e@group-4EE37480353B: changes role from CANDIDATE to LEADER at term 1 for changeToLeader
2019-09-24 18:16:11,298 [c193ce51-f881-48bb-a5d6-6cdb2075116e@group-C825CE6F0EB5:LeaderElection23] INFO  impl.LeaderElection (LeaderElection.java:askForVotes(182)) - c193ce51-f881-48bb-a5d6-6cdb2075116e@group-C825CE6F0EB5:LeaderElection23: begin an election at term 1 for -1: [c193ce51-f881-48bb-a5d6-6cdb2075116e:192.168.36.84:43582, c3ba2feb-e3c1-413e-bd73-cad472897a56:192.168.36.84:46228, 7c411084-5716-47c5-97f2-dc43e37e1edc:192.168.36.84:35497], old=null
2019-09-24 18:16:11,298 [7c411084-5716-47c5-97f2-dc43e37e1edc@group-C825CE6F0EB5:LeaderElection24] INFO  impl.LeaderElection (LeaderElection.java:askForVotes(182)) - 7c411084-5716-47c5-97f2-dc43e37e1edc@group-C825CE6F0EB5:LeaderElection24: begin an election at term 1 for -1: [c193ce51-f881-48bb-a5d6-6cdb2075116e:192.168.36.84:43582, c3ba2feb-e3c1-413e-bd73-cad472897a56:192.168.36.84:46228, 7c411084-5716-47c5-97f2-dc43e37e1edc:192.168.36.84:35497], old=null
2019-09-24 18:16:11,298 [c3ba2feb-e3c1-413e-bd73-cad472897a56@group-C825CE6F0EB5:LeaderElection25] INFO  impl.LeaderElection (LeaderElection.java:askForVotes(182)) - c3ba2feb-e3c1-413e-bd73-cad472897a56@group-C825CE6F0EB5:LeaderElection25: begin an election at term 1 for -1: [c193ce51-f881-48bb-a5d6-6cdb2075116e:192.168.36.84:43582, c3ba2feb-e3c1-413e-bd73-cad472897a56:192.168.36.84:46228, 7c411084-5716-47c5-97f2-dc43e37e1edc:192.168.36.84:35497], old=null
2019-09-24 18:16:11,298 [dc518f1e-76ea-446f-acc5-d49b23344d5e@group-4EE37480353B:LeaderElection22] INFO  impl.RaftServerImpl (ServerState.java:setLeader(253)) - dc518f1e-76ea-446f-acc5-d49b23344d5e@group-4EE37480353B: change Leader from null to dc518f1e-76ea-446f-acc5-d49b23344d5e at term 1 for becomeLeader, leader elected after 7101ms
2019-09-24 18:16:11,302 [dc518f1e-76ea-446f-acc5-d49b23344d5e@group-4EE37480353B:LeaderElection22] INFO  server.RaftServerConfigKeys (ConfUtils.java:logGet(43)) - raft.server.staging.catchup.gap = 1000 (default)
2019-09-24 18:16:11,302 [dc518f1e-76ea-446f-acc5-d49b23344d5e@group-4EE37480353B:LeaderElection22] INFO  server.RaftServerConfigKeys (ConfUtils.java:logGet(43)) - raft.server.rpc.sleep.time = 25ms (default)
2019-09-24 18:16:11,303 [dc518f1e-76ea-446f-acc5-d49b23344d5e@group-4EE37480353B:LeaderElection22] INFO  server.RaftServerConfigKeys (ConfUtils.java:logGet(43)) - raft.server.write.element-limit = 4096 (default)
2019-09-24 18:16:11,303 [94129c48-23ca-4c90-a0ce-bb122b1a0582@group-C7BA931E655D:LeaderElection21] INFO  impl.LeaderElection (LeaderElection.java:logAndReturn(56)) - 94129c48-23ca-4c90-a0ce-bb122b1a0582@group-C7BA931E655D:LeaderElection21: Election PASSED; received 1 response(s) [94129c48-23ca-4c90-a0ce-bb122b1a0582<-36b0c052-cff8-4e12-9bf5-4de3d256c6bd#0:OK-t2] and 0 exception(s); 94129c48-23ca-4c90-a0ce-bb122b1a0582@group-C7BA931E655D:t2, leader=null, voted=94129c48-23ca-4c90-a0ce-bb122b1a0582, raftlog=94129c48-23ca-4c90-a0ce-bb122b1a0582@group-C7BA931E655D-SegmentedRaftLog:OPENED:c-1,f-1,i0, conf=-1: [5d2d95be-6b28-4ecf-b7b7-7d783f42b699:192.168.36.84:36125, 94129c48-23ca-4c90-a0ce-bb122b1a0582:192.168.36.84:34734, 36b0c052-cff8-4e12-9bf5-4de3d256c6bd:192.168.36.84:41822], old=null
2019-09-24 18:16:11,303 [dc518f1e-76ea-446f-acc5-d49b23344d5e@group-4EE37480353B:LeaderElection22] INFO  server.RaftServerConfigKeys (ConfUtils.java:logGet(43)) - raft.server.watch.timeout = 10s (default)
2019-09-24 18:16:11,303 [94129c48-23ca-4c90-a0ce-bb122b1a0582@group-C7BA931E655D:LeaderElection21] INFO  impl.RoleInfo (RoleInfo.java:shutdownLeaderElection(134)) - 94129c48-23ca-4c90-a0ce-bb122b1a0582: shutdown LeaderElection
2019-09-24 18:16:11,309 [94129c48-23ca-4c90-a0ce-bb122b1a0582@group-C7BA931E655D:LeaderElection21] INFO  impl.RaftServerImpl (RaftServerImpl.java:setRole(174)) - 94129c48-23ca-4c90-a0ce-bb122b1a0582@group-C7BA931E655D: changes role from CANDIDATE to LEADER at term 2 for changeToLeader
2019-09-24 18:16:11,309 [94129c48-23ca-4c90-a0ce-bb122b1a0582@group-C7BA931E655D:LeaderElection21] INFO  impl.RaftServerImpl (ServerState.java:setLeader(253)) - 94129c48-23ca-4c90-a0ce-bb122b1a0582@group-C7BA931E655D: change Leader from null to 94129c48-23ca-4c90-a0ce-bb122b1a0582 at term 2 for becomeLeader, leader elected after 16788ms
2019-09-24 18:16:11,309 [dc518f1e-76ea-446f-acc5-d49b23344d5e@group-4EE37480353B:LeaderElection22] INFO  server.RaftServerConfigKeys (ConfUtils.java:logGet(43)) - raft.server.watch.timeout.denomination = 1s (default)
2019-09-24 18:16:11,309 [94129c48-23ca-4c90-a0ce-bb122b1a0582@group-C7BA931E655D:LeaderElection21] INFO  server.RaftServerConfigKeys (ConfUtils.java:logGet(43)) - raft.server.staging.catchup.gap = 1000 (default)
2019-09-24 18:16:11,309 [dc518f1e-76ea-446f-acc5-d49b23344d5e@group-4EE37480353B:LeaderElection22] INFO  server.RaftServerConfigKeys (ConfUtils.java:logGet(43)) - raft.server.watch.element-limit = 65536 (default)
2019-09-24 18:16:11,309 [94129c48-23ca-4c90-a0ce-bb122b1a0582@group-C7BA931E655D:LeaderElection21] INFO  server.RaftServerConfigKeys (ConfUtils.java:logGet(43)) - raft.server.rpc.sleep.time = 25ms (default)
2019-09-24 18:16:11,309 [94129c48-23ca-4c90-a0ce-bb122b1a0582@group-C7BA931E655D:LeaderElection21] INFO  server.RaftServerConfigKeys (ConfUtils.java:logGet(43)) - raft.server.write.element-limit = 4096 (default)
2019-09-24 18:16:11,309 [94129c48-23ca-4c90-a0ce-bb122b1a0582@group-C7BA931E655D:LeaderElection21] INFO  server.RaftServerConfigKeys (ConfUtils.java:logGet(43)) - raft.server.watch.timeout = 10s (default)
2019-09-24 18:16:11,310 [94129c48-23ca-4c90-a0ce-bb122b1a0582@group-C7BA931E655D:LeaderElection21] INFO  server.RaftServerConfigKeys (ConfUtils.java:logGet(43)) - raft.server.watch.timeout.denomination = 1s (default)
2019-09-24 18:16:11,310 [94129c48-23ca-4c90-a0ce-bb122b1a0582@group-C7BA931E655D:LeaderElection21] INFO  server.RaftServerConfigKeys (ConfUtils.java:logGet(43)) - raft.server.watch.element-limit = 65536 (default)
2019-09-24 18:16:11,320 [dc518f1e-76ea-446f-acc5-d49b23344d5e@group-4EE37480353B:LeaderElection22] INFO  impl.RoleInfo (RoleInfo.java:updateAndGet(143)) - dc518f1e-76ea-446f-acc5-d49b23344d5e: start LeaderState
2019-09-24 18:16:11,321 [dc518f1e-76ea-446f-acc5-d49b23344d5e@group-4EE37480353B:LeaderElection22] INFO  segmented.SegmentedRaftLogWorker (SegmentedRaftLogWorker.java:startLogSegment(380)) - dc518f1e-76ea-446f-acc5-d49b23344d5e@group-4EE37480353B-SegmentedRaftLogWorker: Starting segment from index:0
2019-09-24 18:16:11,326 [dc518f1e-76ea-446f-acc5-d49b23344d5e@group-4EE37480353B:LeaderElection22] INFO  impl.RaftServerImpl (ServerState.java:setRaftConf(354)) - dc518f1e-76ea-446f-acc5-d49b23344d5e@group-4EE37480353B: set configuration 0: [dc518f1e-76ea-446f-acc5-d49b23344d5e:192.168.36.84:45108], old=null at 0
2019-09-24 18:16:11,360 [94129c48-23ca-4c90-a0ce-bb122b1a0582@group-C7BA931E655D:LeaderElection21] INFO  server.RaftServerConfigKeys (ConfUtils.java:logGet(43)) - raft.server.log.appender.snapshot.chunk.size.max = 16MB (=16777216) (default)
2019-09-24 18:16:11,363 [94129c48-23ca-4c90-a0ce-bb122b1a0582@group-C7BA931E655D:LeaderElection21] INFO  server.RaftServerConfigKeys (ConfUtils.java:logGet(43)) - raft.server.log.appender.buffer.byte-limit = 33554432 (custom)
2019-09-24 18:16:11,380 [94129c48-23ca-4c90-a0ce-bb122b1a0582@group-C7BA931E655D:LeaderElection21] INFO  server.RaftServerConfigKeys (ConfUtils.java:logGet(43)) - raft.server.log.appender.buffer.element-limit = 1 (custom)
2019-09-24 18:16:11,383 [c193ce51-f881-48bb-a5d6-6cdb2075116e@group-C825CE6F0EB5:LeaderElection23] INFO  impl.LeaderElection (LeaderElection.java:logAndReturn(56)) - c193ce51-f881-48bb-a5d6-6cdb2075116e@group-C825CE6F0EB5:LeaderElection23: Election REJECTED; received 2 response(s) [c193ce51-f881-48bb-a5d6-6cdb2075116e<-c3ba2feb-e3c1-413e-bd73-cad472897a56#0:FAIL-t1, c193ce51-f881-48bb-a5d6-6cdb2075116e<-7c411084-5716-47c5-97f2-dc43e37e1edc#0:FAIL-t1] and 0 exception(s); c193ce51-f881-48bb-a5d6-6cdb2075116e@group-C825CE6F0EB5:t1, leader=null, voted=c193ce51-f881-48bb-a5d6-6cdb2075116e, raftlog=c193ce51-f881-48bb-a5d6-6cdb2075116e@group-C825CE6F0EB5-SegmentedRaftLog:OPENED:c-1,f-1,i0, conf=-1: [c193ce51-f881-48bb-a5d6-6cdb2075116e:192.168.36.84:43582, c3ba2feb-e3c1-413e-bd73-cad472897a56:192.168.36.84:46228, 7c411084-5716-47c5-97f2-dc43e37e1edc:192.168.36.84:35497], old=null
2019-09-24 18:16:11,383 [c193ce51-f881-48bb-a5d6-6cdb2075116e@group-C825CE6F0EB5:LeaderElection23] INFO  impl.RaftServerImpl (RaftServerImpl.java:setRole(174)) - c193ce51-f881-48bb-a5d6-6cdb2075116e@group-C825CE6F0EB5: changes role from CANDIDATE to FOLLOWER at term 1 for DISCOVERED_A_NEW_TERM
2019-09-24 18:16:11,386 [c193ce51-f881-48bb-a5d6-6cdb2075116e@group-C825CE6F0EB5:LeaderElection23] INFO  impl.RoleInfo (RoleInfo.java:shutdownLeaderElection(134)) - c193ce51-f881-48bb-a5d6-6cdb2075116e: shutdown LeaderElection
2019-09-24 18:16:11,386 [c193ce51-f881-48bb-a5d6-6cdb2075116e@group-C825CE6F0EB5:LeaderElection23] INFO  impl.RoleInfo (RoleInfo.java:updateAndGet(143)) - c193ce51-f881-48bb-a5d6-6cdb2075116e: start FollowerState
2019-09-24 18:16:11,386 [c3ba2feb-e3c1-413e-bd73-cad472897a56@group-C825CE6F0EB5:LeaderElection25] INFO  impl.LeaderElection (LeaderElection.java:logAndReturn(56)) - c3ba2feb-e3c1-413e-bd73-cad472897a56@group-C825CE6F0EB5:LeaderElection25: Election REJECTED; received 2 response(s) [c3ba2feb-e3c1-413e-bd73-cad472897a56<-c193ce51-f881-48bb-a5d6-6cdb2075116e#0:FAIL-t1, c3ba2feb-e3c1-413e-bd73-cad472897a56<-7c411084-5716-47c5-97f2-dc43e37e1edc#0:FAIL-t1] and 0 exception(s); c3ba2feb-e3c1-413e-bd73-cad472897a56@group-C825CE6F0EB5:t1, leader=null, voted=c3ba2feb-e3c1-413e-bd73-cad472897a56, raftlog=c3ba2feb-e3c1-413e-bd73-cad472897a56@group-C825CE6F0EB5-SegmentedRaftLog:OPENED:c-1,f-1,i0, conf=-1: [c193ce51-f881-48bb-a5d6-6cdb2075116e:192.168.36.84:43582, c3ba2feb-e3c1-413e-bd73-cad472897a56:192.168.36.84:46228, 7c411084-5716-47c5-97f2-dc43e37e1edc:192.168.36.84:35497], old=null
2019-09-24 18:16:11,391 [c3ba2feb-e3c1-413e-bd73-cad472897a56@group-C825CE6F0EB5:LeaderElection25] INFO  impl.RaftServerImpl (RaftServerImpl.java:setRole(174)) - c3ba2feb-e3c1-413e-bd73-cad472897a56@group-C825CE6F0EB5: changes role from CANDIDATE to FOLLOWER at term 1 for DISCOVERED_A_NEW_TERM
2019-09-24 18:16:11,393 [c3ba2feb-e3c1-413e-bd73-cad472897a56@group-C825CE6F0EB5:LeaderElection25] INFO  impl.RoleInfo (RoleInfo.java:shutdownLeaderElection(134)) - c3ba2feb-e3c1-413e-bd73-cad472897a56: shutdown LeaderElection
2019-09-24 18:16:11,394 [c3ba2feb-e3c1-413e-bd73-cad472897a56@group-C825CE6F0EB5:LeaderElection25] INFO  impl.RoleInfo (RoleInfo.java:updateAndGet(143)) - c3ba2feb-e3c1-413e-bd73-cad472897a56: start FollowerState
2019-09-24 18:16:11,394 [7c411084-5716-47c5-97f2-dc43e37e1edc@group-C825CE6F0EB5:LeaderElection24] INFO  impl.LeaderElection (LeaderElection.java:logAndReturn(56)) - 7c411084-5716-47c5-97f2-dc43e37e1edc@group-C825CE6F0EB5:LeaderElection24: Election REJECTED; received 2 response(s) [7c411084-5716-47c5-97f2-dc43e37e1edc<-c193ce51-f881-48bb-a5d6-6cdb2075116e#0:FAIL-t1, 7c411084-5716-47c5-97f2-dc43e37e1edc<-c3ba2feb-e3c1-413e-bd73-cad472897a56#0:FAIL-t1] and 0 exception(s); 7c411084-5716-47c5-97f2-dc43e37e1edc@group-C825CE6F0EB5:t1, leader=null, voted=7c411084-5716-47c5-97f2-dc43e37e1edc, raftlog=7c411084-5716-47c5-97f2-dc43e37e1edc@group-C825CE6F0EB5-SegmentedRaftLog:OPENED:c-1,f-1,i0, conf=-1: [c193ce51-f881-48bb-a5d6-6cdb2075116e:192.168.36.84:43582, c3ba2feb-e3c1-413e-bd73-cad472897a56:192.168.36.84:46228, 7c411084-5716-47c5-97f2-dc43e37e1edc:192.168.36.84:35497], old=null
2019-09-24 18:16:11,399 [7c411084-5716-47c5-97f2-dc43e37e1edc@group-C825CE6F0EB5:LeaderElection24] INFO  impl.RaftServerImpl (RaftServerImpl.java:setRole(174)) - 7c411084-5716-47c5-97f2-dc43e37e1edc@group-C825CE6F0EB5: changes role from CANDIDATE to FOLLOWER at term 1 for DISCOVERED_A_NEW_TERM
2019-09-24 18:16:11,400 [7c411084-5716-47c5-97f2-dc43e37e1edc@group-C825CE6F0EB5:LeaderElection24] INFO  impl.RoleInfo (RoleInfo.java:shutdownLeaderElection(134)) - 7c411084-5716-47c5-97f2-dc43e37e1edc: shutdown LeaderElection
2019-09-24 18:16:11,400 [7c411084-5716-47c5-97f2-dc43e37e1edc@group-C825CE6F0EB5:LeaderElection24] INFO  impl.RoleInfo (RoleInfo.java:updateAndGet(143)) - 7c411084-5716-47c5-97f2-dc43e37e1edc: start FollowerState
2019-09-24 18:16:11,402 [94129c48-23ca-4c90-a0ce-bb122b1a0582@group-C7BA931E655D:LeaderElection21] INFO  grpc.GrpcConfigKeys$Server (ConfUtils.java:logGet(43)) - raft.grpc.server.leader.outstanding.appends.max = 128 (default)
2019-09-24 18:16:11,405 [94129c48-23ca-4c90-a0ce-bb122b1a0582@group-C7BA931E655D:LeaderElection21] INFO  server.RaftServerConfigKeys (ConfUtils.java:logGet(43)) - raft.server.rpc.request.timeout = 3000ms (default)
2019-09-24 18:16:11,405 [94129c48-23ca-4c90-a0ce-bb122b1a0582@group-C7BA931E655D:LeaderElection21] INFO  server.RaftServerConfigKeys (ConfUtils.java:logGet(43)) - raft.server.log.appender.install.snapshot.enabled = false (custom)
2019-09-24 18:16:11,406 [94129c48-23ca-4c90-a0ce-bb122b1a0582@group-C7BA931E655D:LeaderElection21] INFO  server.RaftServerConfigKeys (ConfUtils.java:logGet(43)) - raft.server.log.appender.snapshot.chunk.size.max = 16MB (=16777216) (default)
2019-09-24 18:16:11,407 [94129c48-23ca-4c90-a0ce-bb122b1a0582@group-C7BA931E655D:LeaderElection21] INFO  server.RaftServerConfigKeys (ConfUtils.java:logGet(43)) - raft.server.log.appender.buffer.byte-limit = 33554432 (custom)
2019-09-24 18:16:11,407 [94129c48-23ca-4c90-a0ce-bb122b1a0582@group-C7BA931E655D:LeaderElection21] INFO  server.RaftServerConfigKeys (ConfUtils.java:logGet(43)) - raft.server.log.appender.buffer.element-limit = 1 (custom)
2019-09-24 18:16:11,407 [94129c48-23ca-4c90-a0ce-bb122b1a0582@group-C7BA931E655D:LeaderElection21] INFO  grpc.GrpcConfigKeys$Server (ConfUtils.java:logGet(43)) - raft.grpc.server.leader.outstanding.appends.max = 128 (default)
2019-09-24 18:16:11,407 [94129c48-23ca-4c90-a0ce-bb122b1a0582@group-C7BA931E655D:LeaderElection21] INFO  server.RaftServerConfigKeys (ConfUtils.java:logGet(43)) - raft.server.rpc.request.timeout = 3000ms (default)
2019-09-24 18:16:11,407 [94129c48-23ca-4c90-a0ce-bb122b1a0582@group-C7BA931E655D:LeaderElection21] INFO  server.RaftServerConfigKeys (ConfUtils.java:logGet(43)) - raft.server.log.appender.install.snapshot.enabled = false (custom)
2019-09-24 18:16:11,409 [94129c48-23ca-4c90-a0ce-bb122b1a0582@group-C7BA931E655D:LeaderElection21] INFO  impl.RoleInfo (RoleInfo.java:updateAndGet(143)) - 94129c48-23ca-4c90-a0ce-bb122b1a0582: start LeaderState
2019-09-24 18:16:11,409 [94129c48-23ca-4c90-a0ce-bb122b1a0582@group-C7BA931E655D:LeaderElection21] INFO  segmented.SegmentedRaftLogWorker (SegmentedRaftLogWorker.java:startLogSegment(380)) - 94129c48-23ca-4c90-a0ce-bb122b1a0582@group-C7BA931E655D-SegmentedRaftLogWorker: Starting segment from index:0
2019-09-24 18:16:11,410 [94129c48-23ca-4c90-a0ce-bb122b1a0582@group-C7BA931E655D:LeaderElection21] INFO  impl.RaftServerImpl (ServerState.java:setRaftConf(354)) - 94129c48-23ca-4c90-a0ce-bb122b1a0582@group-C7BA931E655D: set configuration 0: [5d2d95be-6b28-4ecf-b7b7-7d783f42b699:192.168.36.84:36125, 94129c48-23ca-4c90-a0ce-bb122b1a0582:192.168.36.84:34734, 36b0c052-cff8-4e12-9bf5-4de3d256c6bd:192.168.36.84:41822], old=null at 0
2019-09-24 18:16:11,479 [grpc-default-executor-3] INFO  impl.RaftServerImpl (ServerState.java:setLeader(253)) - 36b0c052-cff8-4e12-9bf5-4de3d256c6bd@group-C7BA931E655D: change Leader from null to 94129c48-23ca-4c90-a0ce-bb122b1a0582 at term 2 for appendEntries, leader elected after 16958ms
2019-09-24 18:16:11,479 [grpc-default-executor-2] INFO  impl.RaftServerImpl (ServerState.java:setLeader(253)) - 5d2d95be-6b28-4ecf-b7b7-7d783f42b699@group-C7BA931E655D: change Leader from null to 94129c48-23ca-4c90-a0ce-bb122b1a0582 at term 2 for appendEntries, leader elected after 16958ms
2019-09-24 18:16:11,522 [grpc-default-executor-3] INFO  impl.RaftServerImpl (ServerState.java:setRaftConf(354)) - 36b0c052-cff8-4e12-9bf5-4de3d256c6bd@group-C7BA931E655D: set configuration 0: [5d2d95be-6b28-4ecf-b7b7-7d783f42b699:192.168.36.84:36125, 94129c48-23ca-4c90-a0ce-bb122b1a0582:192.168.36.84:34734, 36b0c052-cff8-4e12-9bf5-4de3d256c6bd:192.168.36.84:41822], old=null at 0
2019-09-24 18:16:11,522 [grpc-default-executor-2] INFO  impl.RaftServerImpl (ServerState.java:setRaftConf(354)) - 5d2d95be-6b28-4ecf-b7b7-7d783f42b699@group-C7BA931E655D: set configuration 0: [5d2d95be-6b28-4ecf-b7b7-7d783f42b699:192.168.36.84:36125, 94129c48-23ca-4c90-a0ce-bb122b1a0582:192.168.36.84:34734, 36b0c052-cff8-4e12-9bf5-4de3d256c6bd:192.168.36.84:41822], old=null at 0
2019-09-24 18:16:11,523 [grpc-default-executor-3] INFO  segmented.SegmentedRaftLogWorker (SegmentedRaftLogWorker.java:startLogSegment(380)) - 36b0c052-cff8-4e12-9bf5-4de3d256c6bd@group-C7BA931E655D-SegmentedRaftLogWorker: Starting segment from index:0
2019-09-24 18:16:11,523 [grpc-default-executor-2] INFO  segmented.SegmentedRaftLogWorker (SegmentedRaftLogWorker.java:startLogSegment(380)) - 5d2d95be-6b28-4ecf-b7b7-7d783f42b699@group-C7BA931E655D-SegmentedRaftLogWorker: Starting segment from index:0
2019-09-24 18:16:14,521 [java.util.concurrent.ThreadPoolExecutor$Worker@7993944a[State = -1, empty queue]] WARN  server.GrpcLogAppender (GrpcLogAppender.java:timeoutAppendRequest(200)) - 94129c48-23ca-4c90-a0ce-bb122b1a0582@group-C7BA931E655D->36b0c052-cff8-4e12-9bf5-4de3d256c6bd-GrpcLogAppender: appendEntries Timeout, request=94129c48-23ca-4c90-a0ce-bb122b1a0582->36b0c052-cff8-4e12-9bf5-4de3d256c6bd#1-t2, previous=(t:0, i:0), leaderCommit=-1, initializing? false, entries: size=1, first=(t:2, i:0), CONFIGURATIONENTRY
2019-09-24 18:16:14,521 [java.util.concurrent.ThreadPoolExecutor$Worker@5de30edb[State = -1, empty queue]] WARN  server.GrpcLogAppender (GrpcLogAppender.java:timeoutAppendRequest(200)) - 94129c48-23ca-4c90-a0ce-bb122b1a0582@group-C7BA931E655D->5d2d95be-6b28-4ecf-b7b7-7d783f42b699-GrpcLogAppender: appendEntries Timeout, request=94129c48-23ca-4c90-a0ce-bb122b1a0582->5d2d95be-6b28-4ecf-b7b7-7d783f42b699#1-t2, previous=(t:0, i:0), leaderCommit=-1, initializing? false, entries: size=1, first=(t:2, i:0), CONFIGURATIONENTRY
2019-09-24 18:16:16,106 [dc518f1e-76ea-446f-acc5-d49b23344d5e@group-4EE37480353B-SegmentedRaftLogWorker] INFO  segmented.SegmentedRaftLogWorker (SegmentedRaftLogWorker.java:execute(569)) - dc518f1e-76ea-446f-acc5-d49b23344d5e@group-4EE37480353B-SegmentedRaftLogWorker: created new log segment /workdir/hadoop-ozone/integration-test/target/test-dir/MiniOzoneClusterImpl-2256e15c-84c9-46bf-b493-19471620b231/datanode-5/data/ratis/ea5b257e-ed87-4428-8350-4ee37480353b/current/log_inprogress_0
2019-09-24 18:16:16,128 [36b0c052-cff8-4e12-9bf5-4de3d256c6bd@group-C7BA931E655D-SegmentedRaftLogWorker] INFO  segmented.SegmentedRaftLogWorker (SegmentedRaftLogWorker.java:execute(569)) - 36b0c052-cff8-4e12-9bf5-4de3d256c6bd@group-C7BA931E655D-SegmentedRaftLogWorker: created new log segment /workdir/hadoop-ozone/integration-test/target/test-dir/MiniOzoneClusterImpl-2256e15c-84c9-46bf-b493-19471620b231/datanode-0/data/ratis/3375506e-08d9-485b-94b1-c7ba931e655d/current/log_inprogress_0
2019-09-24 18:16:16,128 [5d2d95be-6b28-4ecf-b7b7-7d783f42b699@group-C7BA931E655D-SegmentedRaftLogWorker] INFO  segmented.SegmentedRaftLogWorker (SegmentedRaftLogWorker.java:execute(569)) - 5d2d95be-6b28-4ecf-b7b7-7d783f42b699@group-C7BA931E655D-SegmentedRaftLogWorker: created new log segment /workdir/hadoop-ozone/integration-test/target/test-dir/MiniOzoneClusterImpl-2256e15c-84c9-46bf-b493-19471620b231/datanode-4/data/ratis/3375506e-08d9-485b-94b1-c7ba931e655d/current/log_inprogress_0
2019-09-24 18:16:16,106 [94129c48-23ca-4c90-a0ce-bb122b1a0582@group-C7BA931E655D-SegmentedRaftLogWorker] INFO  segmented.SegmentedRaftLogWorker (SegmentedRaftLogWorker.java:execute(569)) - 94129c48-23ca-4c90-a0ce-bb122b1a0582@group-C7BA931E655D-SegmentedRaftLogWorker: created new log segment /workdir/hadoop-ozone/integration-test/target/test-dir/MiniOzoneClusterImpl-2256e15c-84c9-46bf-b493-19471620b231/datanode-3/data/ratis/3375506e-08d9-485b-94b1-c7ba931e655d/current/log_inprogress_0
2019-09-24 18:16:16,150 [grpc-default-executor-2] WARN  server.GrpcLogAppender (GrpcLogAppender.java:onNextImpl(251)) - 94129c48-23ca-4c90-a0ce-bb122b1a0582@group-C7BA931E655D->36b0c052-cff8-4e12-9bf5-4de3d256c6bd-AppendLogResponseHandler: Request not found, ignoring reply: 94129c48-23ca-4c90-a0ce-bb122b1a0582<-36b0c052-cff8-4e12-9bf5-4de3d256c6bd#1:OK,SUCCESS,nextIndex:1,term:2,followerCommit:-1
2019-09-24 18:16:16,460 [Thread-653] INFO  impl.FollowerState (FollowerState.java:run(106)) - c3ba2feb-e3c1-413e-bd73-cad472897a56:group-C825CE6F0EB5 changes to CANDIDATE, lastRpcTime:5066, electionTimeout:5060ms
2019-09-24 18:16:16,461 [Thread-653] INFO  impl.RoleInfo (RoleInfo.java:shutdownFollowerState(121)) - c3ba2feb-e3c1-413e-bd73-cad472897a56: shutdown FollowerState
2019-09-24 18:16:16,461 [Thread-653] INFO  impl.RaftServerImpl (RaftServerImpl.java:setRole(174)) - c3ba2feb-e3c1-413e-bd73-cad472897a56@group-C825CE6F0EB5: changes role from  FOLLOWER to CANDIDATE at term 1 for changeToCandidate
2019-09-24 18:16:16,461 [Thread-653] INFO  impl.RoleInfo (RoleInfo.java:updateAndGet(143)) - c3ba2feb-e3c1-413e-bd73-cad472897a56: start LeaderElection
2019-09-24 18:16:16,517 [Thread-655] INFO  impl.FollowerState (FollowerState.java:run(106)) - 7c411084-5716-47c5-97f2-dc43e37e1edc:group-C825CE6F0EB5 changes to CANDIDATE, lastRpcTime:5117, electionTimeout:5115ms
2019-09-24 18:16:16,517 [Thread-655] INFO  impl.RoleInfo (RoleInfo.java:shutdownFollowerState(121)) - 7c411084-5716-47c5-97f2-dc43e37e1edc: shutdown FollowerState
2019-09-24 18:16:16,518 [Thread-655] INFO  impl.RaftServerImpl (RaftServerImpl.java:setRole(174)) - 7c411084-5716-47c5-97f2-dc43e37e1edc@group-C825CE6F0EB5: changes role from  FOLLOWER to CANDIDATE at term 1 for changeToCandidate
2019-09-24 18:16:16,518 [Thread-655] INFO  impl.RoleInfo (RoleInfo.java:updateAndGet(143)) - 7c411084-5716-47c5-97f2-dc43e37e1edc: start LeaderElection
2019-09-24 18:16:16,571 [Thread-652] INFO  impl.FollowerState (FollowerState.java:run(106)) - c193ce51-f881-48bb-a5d6-6cdb2075116e:group-C825CE6F0EB5 changes to CANDIDATE, lastRpcTime:5184, electionTimeout:5180ms
2019-09-24 18:16:16,571 [Thread-652] INFO  impl.RoleInfo (RoleInfo.java:shutdownFollowerState(121)) - c193ce51-f881-48bb-a5d6-6cdb2075116e: shutdown FollowerState
2019-09-24 18:16:16,571 [Thread-652] INFO  impl.RaftServerImpl (RaftServerImpl.java:setRole(174)) - c193ce51-f881-48bb-a5d6-6cdb2075116e@group-C825CE6F0EB5: changes role from  FOLLOWER to CANDIDATE at term 1 for changeToCandidate
2019-09-24 18:16:16,572 [Thread-652] INFO  impl.RoleInfo (RoleInfo.java:updateAndGet(143)) - c193ce51-f881-48bb-a5d6-6cdb2075116e: start LeaderElection
2019-09-24 18:16:17,024 [java.util.concurrent.ThreadPoolExecutor$Worker@5de30edb[State = -1, empty queue]] WARN  server.GrpcLogAppender (GrpcLogAppender.java:timeoutAppendRequest(200)) - 94129c48-23ca-4c90-a0ce-bb122b1a0582@group-C7BA931E655D->5d2d95be-6b28-4ecf-b7b7-7d783f42b699-GrpcLogAppender: appendEntries Timeout, request=94129c48-23ca-4c90-a0ce-bb122b1a0582->5d2d95be-6b28-4ecf-b7b7-7d783f42b699#2-t2, previous=(t:2, i:0), leaderCommit=-1, initializing? false, entries: <empty>
2019-09-24 18:16:19,227 [java.util.concurrent.ThreadPoolExecutor$Worker@5de30edb[State = -1, empty queue]] WARN  server.GrpcLogAppender (GrpcLogAppender.java:timeoutAppendRequest(200)) - 94129c48-23ca-4c90-a0ce-bb122b1a0582@group-C7BA931E655D->5d2d95be-6b28-4ecf-b7b7-7d783f42b699-GrpcLogAppender: appendEntries Timeout, request=94129c48-23ca-4c90-a0ce-bb122b1a0582->5d2d95be-6b28-4ecf-b7b7-7d783f42b699#3-t2, previous=(t:2, i:0), leaderCommit=0, initializing? false, entries: size=1, first=(t:2, i:1), STATEMACHINELOGENTRY, client-08293F66AAD3, cid=23
2019-09-24 18:16:19,243 [java.util.concurrent.ThreadPoolExecutor$Worker@5de30edb[State = -1, empty queue]] WARN  server.GrpcLogAppender (GrpcLogAppender.java:timeoutAppendRequest(200)) - 94129c48-23ca-4c90-a0ce-bb122b1a0582@group-C7BA931E655D->5d2d95be-6b28-4ecf-b7b7-7d783f42b699-GrpcLogAppender: appendEntries Timeout, request=94129c48-23ca-4c90-a0ce-bb122b1a0582->5d2d95be-6b28-4ecf-b7b7-7d783f42b699#4-t2, previous=(t:2, i:1), leaderCommit=1, initializing? false, entries: size=1, first=(t:2, i:2), METADATAENTRY(c1)
2019-09-24 18:16:21,231 [7c411084-5716-47c5-97f2-dc43e37e1edc@group-C825CE6F0EB5:LeaderElection27] INFO  impl.LeaderElection (LeaderElection.java:askForVotes(182)) - 7c411084-5716-47c5-97f2-dc43e37e1edc@group-C825CE6F0EB5:LeaderElection27: begin an election at term 2 for -1: [c193ce51-f881-48bb-a5d6-6cdb2075116e:192.168.36.84:43582, c3ba2feb-e3c1-413e-bd73-cad472897a56:192.168.36.84:46228, 7c411084-5716-47c5-97f2-dc43e37e1edc:192.168.36.84:35497], old=null
2019-09-24 18:16:21,231 [c193ce51-f881-48bb-a5d6-6cdb2075116e@group-C825CE6F0EB5:LeaderElection28] INFO  impl.LeaderElection (LeaderElection.java:askForVotes(182)) - c193ce51-f881-48bb-a5d6-6cdb2075116e@group-C825CE6F0EB5:LeaderElection28: begin an election at term 2 for -1: [c193ce51-f881-48bb-a5d6-6cdb2075116e:192.168.36.84:43582, c3ba2feb-e3c1-413e-bd73-cad472897a56:192.168.36.84:46228, 7c411084-5716-47c5-97f2-dc43e37e1edc:192.168.36.84:35497], old=null
2019-09-24 18:16:21,231 [c3ba2feb-e3c1-413e-bd73-cad472897a56@group-C825CE6F0EB5:LeaderElection26] INFO  impl.LeaderElection (LeaderElection.java:askForVotes(182)) - c3ba2feb-e3c1-413e-bd73-cad472897a56@group-C825CE6F0EB5:LeaderElection26: begin an election at term 2 for -1: [c193ce51-f881-48bb-a5d6-6cdb2075116e:192.168.36.84:43582, c3ba2feb-e3c1-413e-bd73-cad472897a56:192.168.36.84:46228, 7c411084-5716-47c5-97f2-dc43e37e1edc:192.168.36.84:35497], old=null
2019-09-24 18:16:21,257 [c193ce51-f881-48bb-a5d6-6cdb2075116e@group-C825CE6F0EB5:LeaderElection28] INFO  impl.LeaderElection (LeaderElection.java:logAndReturn(56)) - c193ce51-f881-48bb-a5d6-6cdb2075116e@group-C825CE6F0EB5:LeaderElection28: Election REJECTED; received 2 response(s) [c193ce51-f881-48bb-a5d6-6cdb2075116e<-c3ba2feb-e3c1-413e-bd73-cad472897a56#0:FAIL-t2, c193ce51-f881-48bb-a5d6-6cdb2075116e<-7c411084-5716-47c5-97f2-dc43e37e1edc#0:FAIL-t2] and 0 exception(s); c193ce51-f881-48bb-a5d6-6cdb2075116e@group-C825CE6F0EB5:t2, leader=null, voted=c193ce51-f881-48bb-a5d6-6cdb2075116e, raftlog=c193ce51-f881-48bb-a5d6-6cdb2075116e@group-C825CE6F0EB5-SegmentedRaftLog:OPENED:c-1,f-1,i0, conf=-1: [c193ce51-f881-48bb-a5d6-6cdb2075116e:192.168.36.84:43582, c3ba2feb-e3c1-413e-bd73-cad472897a56:192.168.36.84:46228, 7c411084-5716-47c5-97f2-dc43e37e1edc:192.168.36.84:35497], old=null
2019-09-24 18:16:21,260 [c3ba2feb-e3c1-413e-bd73-cad472897a56@group-C825CE6F0EB5:LeaderElection26] INFO  impl.LeaderElection (LeaderElection.java:logAndReturn(56)) - c3ba2feb-e3c1-413e-bd73-cad472897a56@group-C825CE6F0EB5:LeaderElection26: Election REJECTED; received 2 response(s) [c3ba2feb-e3c1-413e-bd73-cad472897a56<-c193ce51-f881-48bb-a5d6-6cdb2075116e#0:FAIL-t2, c3ba2feb-e3c1-413e-bd73-cad472897a56<-7c411084-5716-47c5-97f2-dc43e37e1edc#0:FAIL-t2] and 0 exception(s); c3ba2feb-e3c1-413e-bd73-cad472897a56@group-C825CE6F0EB5:t2, leader=null, voted=c3ba2feb-e3c1-413e-bd73-cad472897a56, raftlog=c3ba2feb-e3c1-413e-bd73-cad472897a56@group-C825CE6F0EB5-SegmentedRaftLog:OPENED:c-1,f-1,i0, conf=-1: [c193ce51-f881-48bb-a5d6-6cdb2075116e:192.168.36.84:43582, c3ba2feb-e3c1-413e-bd73-cad472897a56:192.168.36.84:46228, 7c411084-5716-47c5-97f2-dc43e37e1edc:192.168.36.84:35497], old=null
2019-09-24 18:16:21,258 [grpc-default-executor-1] WARN  server.GrpcLogAppender (GrpcLogAppender.java:onNextImpl(251)) - 94129c48-23ca-4c90-a0ce-bb122b1a0582@group-C7BA931E655D->5d2d95be-6b28-4ecf-b7b7-7d783f42b699-AppendLogResponseHandler: Request not found, ignoring reply: 94129c48-23ca-4c90-a0ce-bb122b1a0582<-5d2d95be-6b28-4ecf-b7b7-7d783f42b699#1:OK,SUCCESS,nextIndex:1,term:2,followerCommit:-1
2019-09-24 18:16:21,263 [c3ba2feb-e3c1-413e-bd73-cad472897a56@group-C825CE6F0EB5:LeaderElection26] INFO  impl.RaftServerImpl (RaftServerImpl.java:setRole(174)) - c3ba2feb-e3c1-413e-bd73-cad472897a56@group-C825CE6F0EB5: changes role from CANDIDATE to FOLLOWER at term 2 for DISCOVERED_A_NEW_TERM
2019-09-24 18:16:21,263 [c193ce51-f881-48bb-a5d6-6cdb2075116e@group-C825CE6F0EB5:LeaderElection28] INFO  impl.RaftServerImpl (RaftServerImpl.java:setRole(174)) - c193ce51-f881-48bb-a5d6-6cdb2075116e@group-C825CE6F0EB5: changes role from CANDIDATE to FOLLOWER at term 2 for DISCOVERED_A_NEW_TERM
2019-09-24 18:16:21,266 [c3ba2feb-e3c1-413e-bd73-cad472897a56@group-C825CE6F0EB5:LeaderElection26] INFO  impl.RoleInfo (RoleInfo.java:shutdownLeaderElection(134)) - c3ba2feb-e3c1-413e-bd73-cad472897a56: shutdown LeaderElection
2019-09-24 18:16:21,266 [grpc-default-executor-1] WARN  server.GrpcLogAppender (GrpcLogAppender.java:onNextImpl(251)) - 94129c48-23ca-4c90-a0ce-bb122b1a0582@group-C7BA931E655D->5d2d95be-6b28-4ecf-b7b7-7d783f42b699-AppendLogResponseHandler: Request not found, ignoring reply: 94129c48-23ca-4c90-a0ce-bb122b1a0582<-5d2d95be-6b28-4ecf-b7b7-7d783f42b699#2:OK,SUCCESS,nextIndex:1,term:2,followerCommit:-1
2019-09-24 18:16:21,266 [c193ce51-f881-48bb-a5d6-6cdb2075116e@group-C825CE6F0EB5:LeaderElection28] INFO  impl.RoleInfo (RoleInfo.java:shutdownLeaderElection(134)) - c193ce51-f881-48bb-a5d6-6cdb2075116e: shutdown LeaderElection
2019-09-24 18:16:21,267 [c3ba2feb-e3c1-413e-bd73-cad472897a56@group-C825CE6F0EB5:LeaderElection26] INFO  impl.RoleInfo (RoleInfo.java:updateAndGet(143)) - c3ba2feb-e3c1-413e-bd73-cad472897a56: start FollowerState
2019-09-24 18:16:21,267 [c193ce51-f881-48bb-a5d6-6cdb2075116e@group-C825CE6F0EB5:LeaderElection28] INFO  impl.RoleInfo (RoleInfo.java:updateAndGet(143)) - c193ce51-f881-48bb-a5d6-6cdb2075116e: start FollowerState
2019-09-24 18:16:21,269 [7c411084-5716-47c5-97f2-dc43e37e1edc@group-C825CE6F0EB5:LeaderElection27] INFO  impl.LeaderElection (LeaderElection.java:logAndReturn(56)) - 7c411084-5716-47c5-97f2-dc43e37e1edc@group-C825CE6F0EB5:LeaderElection27: Election REJECTED; received 2 response(s) [7c411084-5716-47c5-97f2-dc43e37e1edc<-c193ce51-f881-48bb-a5d6-6cdb2075116e#0:FAIL-t2, 7c411084-5716-47c5-97f2-dc43e37e1edc<-c3ba2feb-e3c1-413e-bd73-cad472897a56#0:FAIL-t2] and 0 exception(s); 7c411084-5716-47c5-97f2-dc43e37e1edc@group-C825CE6F0EB5:t2, leader=null, voted=7c411084-5716-47c5-97f2-dc43e37e1edc, raftlog=7c411084-5716-47c5-97f2-dc43e37e1edc@group-C825CE6F0EB5-SegmentedRaftLog:OPENED:c-1,f-1,i0, conf=-1: [c193ce51-f881-48bb-a5d6-6cdb2075116e:192.168.36.84:43582, c3ba2feb-e3c1-413e-bd73-cad472897a56:192.168.36.84:46228, 7c411084-5716-47c5-97f2-dc43e37e1edc:192.168.36.84:35497], old=null
2019-09-24 18:16:21,269 [7c411084-5716-47c5-97f2-dc43e37e1edc@group-C825CE6F0EB5:LeaderElection27] INFO  impl.RaftServerImpl (RaftServerImpl.java:setRole(174)) - 7c411084-5716-47c5-97f2-dc43e37e1edc@group-C825CE6F0EB5: changes role from CANDIDATE to FOLLOWER at term 2 for DISCOVERED_A_NEW_TERM
2019-09-24 18:16:21,270 [7c411084-5716-47c5-97f2-dc43e37e1edc@group-C825CE6F0EB5:LeaderElection27] INFO  impl.RoleInfo (RoleInfo.java:shutdownLeaderElection(134)) - 7c411084-5716-47c5-97f2-dc43e37e1edc: shutdown LeaderElection
2019-09-24 18:16:21,270 [7c411084-5716-47c5-97f2-dc43e37e1edc@group-C825CE6F0EB5:LeaderElection27] INFO  impl.RoleInfo (RoleInfo.java:updateAndGet(143)) - 7c411084-5716-47c5-97f2-dc43e37e1edc: start FollowerState
2019-09-24 18:16:21,747 [java.util.concurrent.ThreadPoolExecutor$Worker@5de30edb[State = -1, empty queue]] WARN  server.GrpcLogAppender (GrpcLogAppender.java:timeoutAppendRequest(200)) - 94129c48-23ca-4c90-a0ce-bb122b1a0582@group-C7BA931E655D->5d2d95be-6b28-4ecf-b7b7-7d783f42b699-GrpcLogAppender: appendEntries Timeout, request=94129c48-23ca-4c90-a0ce-bb122b1a0582->5d2d95be-6b28-4ecf-b7b7-7d783f42b699#5-t2, previous=(t:2, i:2), leaderCommit=2, initializing? false, entries: <empty>
2019-09-24 18:16:24,250 [java.util.concurrent.ThreadPoolExecutor$Worker@5de30edb[State = -1, empty queue]] WARN  server.GrpcLogAppender (GrpcLogAppender.java:timeoutAppendRequest(200)) - 94129c48-23ca-4c90-a0ce-bb122b1a0582@group-C7BA931E655D->5d2d95be-6b28-4ecf-b7b7-7d783f42b699-GrpcLogAppender: appendEntries Timeout, request=94129c48-23ca-4c90-a0ce-bb122b1a0582->5d2d95be-6b28-4ecf-b7b7-7d783f42b699#6-t2, previous=(t:2, i:2), leaderCommit=2, initializing? false, entries: <empty>
2019-09-24 18:16:26,273 [Thread-688] INFO  impl.FollowerState (FollowerState.java:run(106)) - c3ba2feb-e3c1-413e-bd73-cad472897a56:group-C825CE6F0EB5 changes to CANDIDATE, lastRpcTime:5005, electionTimeout:5005ms
2019-09-24 18:16:26,273 [Thread-688] INFO  impl.RoleInfo (RoleInfo.java:shutdownFollowerState(121)) - c3ba2feb-e3c1-413e-bd73-cad472897a56: shutdown FollowerState
2019-09-24 18:16:26,273 [Thread-688] INFO  impl.RaftServerImpl (RaftServerImpl.java:setRole(174)) - c3ba2feb-e3c1-413e-bd73-cad472897a56@group-C825CE6F0EB5: changes role from  FOLLOWER to CANDIDATE at term 2 for changeToCandidate
2019-09-24 18:16:26,274 [Thread-688] INFO  impl.RoleInfo (RoleInfo.java:updateAndGet(143)) - c3ba2feb-e3c1-413e-bd73-cad472897a56: start LeaderElection
2019-09-24 18:16:26,372 [Thread-690] INFO  impl.FollowerState (FollowerState.java:run(106)) - 7c411084-5716-47c5-97f2-dc43e37e1edc:group-C825CE6F0EB5 changes to CANDIDATE, lastRpcTime:5101, electionTimeout:5101ms
2019-09-24 18:16:26,372 [Thread-690] INFO  impl.RoleInfo (RoleInfo.java:shutdownFollowerState(121)) - 7c411084-5716-47c5-97f2-dc43e37e1edc: shutdown FollowerState
2019-09-24 18:16:26,372 [Thread-690] INFO  impl.RaftServerImpl (RaftServerImpl.java:setRole(174)) - 7c411084-5716-47c5-97f2-dc43e37e1edc@group-C825CE6F0EB5: changes role from  FOLLOWER to CANDIDATE at term 2 for changeToCandidate
2019-09-24 18:16:26,372 [Thread-690] INFO  impl.RoleInfo (RoleInfo.java:updateAndGet(143)) - 7c411084-5716-47c5-97f2-dc43e37e1edc: start LeaderElection
2019-09-24 18:16:26,407 [Thread-689] INFO  impl.FollowerState (FollowerState.java:run(106)) - c193ce51-f881-48bb-a5d6-6cdb2075116e:group-C825CE6F0EB5 changes to CANDIDATE, lastRpcTime:5140, electionTimeout:5139ms
2019-09-24 18:16:26,407 [Thread-689] INFO  impl.RoleInfo (RoleInfo.java:shutdownFollowerState(121)) - c193ce51-f881-48bb-a5d6-6cdb2075116e: shutdown FollowerState
2019-09-24 18:16:26,408 [Thread-689] INFO  impl.RaftServerImpl (RaftServerImpl.java:setRole(174)) - c193ce51-f881-48bb-a5d6-6cdb2075116e@group-C825CE6F0EB5: changes role from  FOLLOWER to CANDIDATE at term 2 for changeToCandidate
2019-09-24 18:16:26,408 [Thread-689] INFO  impl.RoleInfo (RoleInfo.java:updateAndGet(143)) - c193ce51-f881-48bb-a5d6-6cdb2075116e: start LeaderElection
2019-09-24 18:16:26,491 [grpc-default-executor-2] WARN  server.GrpcLogAppender (GrpcLogAppender.java:onNextImpl(251)) - 94129c48-23ca-4c90-a0ce-bb122b1a0582@group-C7BA931E655D->5d2d95be-6b28-4ecf-b7b7-7d783f42b699-AppendLogResponseHandler: Request not found, ignoring reply: 94129c48-23ca-4c90-a0ce-bb122b1a0582<-5d2d95be-6b28-4ecf-b7b7-7d783f42b699#3:OK,SUCCESS,nextIndex:2,term:2,followerCommit:0
2019-09-24 18:16:26,492 [grpc-default-executor-2] WARN  server.GrpcLogAppender (GrpcLogAppender.java:onNextImpl(251)) - 94129c48-23ca-4c90-a0ce-bb122b1a0582@group-C7BA931E655D->5d2d95be-6b28-4ecf-b7b7-7d783f42b699-AppendLogResponseHandler: Request not found, ignoring reply: 94129c48-23ca-4c90-a0ce-bb122b1a0582<-5d2d95be-6b28-4ecf-b7b7-7d783f42b699#4:OK,SUCCESS,nextIndex:3,term:2,followerCommit:1
2019-09-24 18:16:26,492 [grpc-default-executor-2] WARN  server.GrpcLogAppender (GrpcLogAppender.java:onNextImpl(251)) - 94129c48-23ca-4c90-a0ce-bb122b1a0582@group-C7BA931E655D->5d2d95be-6b28-4ecf-b7b7-7d783f42b699-AppendLogResponseHandler: Request not found, ignoring reply: 94129c48-23ca-4c90-a0ce-bb122b1a0582<-5d2d95be-6b28-4ecf-b7b7-7d783f42b699#5:OK,SUCCESS,nextIndex:3,term:2,followerCommit:-1
2019-09-24 18:16:26,493 [grpc-default-executor-2] WARN  server.GrpcLogAppender (GrpcLogAppender.java:onNextImpl(251)) - 94129c48-23ca-4c90-a0ce-bb122b1a0582@group-C7BA931E655D->5d2d95be-6b28-4ecf-b7b7-7d783f42b699-AppendLogResponseHandler: Request not found, ignoring reply: 94129c48-23ca-4c90-a0ce-bb122b1a0582<-5d2d95be-6b28-4ecf-b7b7-7d783f42b699#6:OK,SUCCESS,nextIndex:3,term:2,followerCommit:0
2019-09-24 18:16:26,501 [7c411084-5716-47c5-97f2-dc43e37e1edc@group-C825CE6F0EB5:LeaderElection30] INFO  impl.LeaderElection (LeaderElection.java:askForVotes(182)) - 7c411084-5716-47c5-97f2-dc43e37e1edc@group-C825CE6F0EB5:LeaderElection30: begin an election at term 3 for -1: [c193ce51-f881-48bb-a5d6-6cdb2075116e:192.168.36.84:43582, c3ba2feb-e3c1-413e-bd73-cad472897a56:192.168.36.84:46228, 7c411084-5716-47c5-97f2-dc43e37e1edc:192.168.36.84:35497], old=null
2019-09-24 18:16:26,501 [c193ce51-f881-48bb-a5d6-6cdb2075116e@group-C825CE6F0EB5:LeaderElection31] INFO  impl.LeaderElection (LeaderElection.java:askForVotes(182)) - c193ce51-f881-48bb-a5d6-6cdb2075116e@group-C825CE6F0EB5:LeaderElection31: begin an election at term 3 for -1: [c193ce51-f881-48bb-a5d6-6cdb2075116e:192.168.36.84:43582, c3ba2feb-e3c1-413e-bd73-cad472897a56:192.168.36.84:46228, 7c411084-5716-47c5-97f2-dc43e37e1edc:192.168.36.84:35497], old=null
2019-09-24 18:16:26,501 [c3ba2feb-e3c1-413e-bd73-cad472897a56@group-C825CE6F0EB5:LeaderElection29] INFO  impl.LeaderElection (LeaderElection.java:askForVotes(182)) - c3ba2feb-e3c1-413e-bd73-cad472897a56@group-C825CE6F0EB5:LeaderElection29: begin an election at term 3 for -1: [c193ce51-f881-48bb-a5d6-6cdb2075116e:192.168.36.84:43582, c3ba2feb-e3c1-413e-bd73-cad472897a56:192.168.36.84:46228, 7c411084-5716-47c5-97f2-dc43e37e1edc:192.168.36.84:35497], old=null
2019-09-24 18:16:26,523 [c193ce51-f881-48bb-a5d6-6cdb2075116e@group-C825CE6F0EB5:LeaderElection31] INFO  impl.LeaderElection (LeaderElection.java:logAndReturn(56)) - c193ce51-f881-48bb-a5d6-6cdb2075116e@group-C825CE6F0EB5:LeaderElection31: Election REJECTED; received 2 response(s) [c193ce51-f881-48bb-a5d6-6cdb2075116e<-c3ba2feb-e3c1-413e-bd73-cad472897a56#0:FAIL-t3, c193ce51-f881-48bb-a5d6-6cdb2075116e<-7c411084-5716-47c5-97f2-dc43e37e1edc#0:FAIL-t3] and 0 exception(s); c193ce51-f881-48bb-a5d6-6cdb2075116e@group-C825CE6F0EB5:t3, leader=null, voted=c193ce51-f881-48bb-a5d6-6cdb2075116e, raftlog=c193ce51-f881-48bb-a5d6-6cdb2075116e@group-C825CE6F0EB5-SegmentedRaftLog:OPENED:c-1,f-1,i0, conf=-1: [c193ce51-f881-48bb-a5d6-6cdb2075116e:192.168.36.84:43582, c3ba2feb-e3c1-413e-bd73-cad472897a56:192.168.36.84:46228, 7c411084-5716-47c5-97f2-dc43e37e1edc:192.168.36.84:35497], old=null
2019-09-24 18:16:26,524 [c3ba2feb-e3c1-413e-bd73-cad472897a56@group-C825CE6F0EB5:LeaderElection29] INFO  impl.LeaderElection (LeaderElection.java:logAndReturn(56)) - c3ba2feb-e3c1-413e-bd73-cad472897a56@group-C825CE6F0EB5:LeaderElection29: Election REJECTED; received 2 response(s) [c3ba2feb-e3c1-413e-bd73-cad472897a56<-c193ce51-f881-48bb-a5d6-6cdb2075116e#0:FAIL-t3, c3ba2feb-e3c1-413e-bd73-cad472897a56<-7c411084-5716-47c5-97f2-dc43e37e1edc#0:FAIL-t3] and 0 exception(s); c3ba2feb-e3c1-413e-bd73-cad472897a56@group-C825CE6F0EB5:t3, leader=null, voted=c3ba2feb-e3c1-413e-bd73-cad472897a56, raftlog=c3ba2feb-e3c1-413e-bd73-cad472897a56@group-C825CE6F0EB5-SegmentedRaftLog:OPENED:c-1,f-1,i0, conf=-1: [c193ce51-f881-48bb-a5d6-6cdb2075116e:192.168.36.84:43582, c3ba2feb-e3c1-413e-bd73-cad472897a56:192.168.36.84:46228, 7c411084-5716-47c5-97f2-dc43e37e1edc:192.168.36.84:35497], old=null
2019-09-24 18:16:26,524 [c193ce51-f881-48bb-a5d6-6cdb2075116e@group-C825CE6F0EB5:LeaderElection31] INFO  impl.RaftServerImpl (RaftServerImpl.java:setRole(174)) - c193ce51-f881-48bb-a5d6-6cdb2075116e@group-C825CE6F0EB5: changes role from CANDIDATE to FOLLOWER at term 3 for DISCOVERED_A_NEW_TERM
2019-09-24 18:16:26,526 [c3ba2feb-e3c1-413e-bd73-cad472897a56@group-C825CE6F0EB5:LeaderElection29] INFO  impl.RaftServerImpl (RaftServerImpl.java:setRole(174)) - c3ba2feb-e3c1-413e-bd73-cad472897a56@group-C825CE6F0EB5: changes role from CANDIDATE to FOLLOWER at term 3 for DISCOVERED_A_NEW_TERM
2019-09-24 18:16:26,528 [c3ba2feb-e3c1-413e-bd73-cad472897a56@group-C825CE6F0EB5:LeaderElection29] INFO  impl.RoleInfo (RoleInfo.java:shutdownLeaderElection(134)) - c3ba2feb-e3c1-413e-bd73-cad472897a56: shutdown LeaderElection
2019-09-24 18:16:26,526 [c193ce51-f881-48bb-a5d6-6cdb2075116e@group-C825CE6F0EB5:LeaderElection31] INFO  impl.RoleInfo (RoleInfo.java:shutdownLeaderElection(134)) - c193ce51-f881-48bb-a5d6-6cdb2075116e: shutdown LeaderElection
2019-09-24 18:16:26,528 [c3ba2feb-e3c1-413e-bd73-cad472897a56@group-C825CE6F0EB5:LeaderElection29] INFO  impl.RoleInfo (RoleInfo.java:updateAndGet(143)) - c3ba2feb-e3c1-413e-bd73-cad472897a56: start FollowerState
2019-09-24 18:16:26,528 [7c411084-5716-47c5-97f2-dc43e37e1edc@group-C825CE6F0EB5:LeaderElection30] INFO  impl.LeaderElection (LeaderElection.java:logAndReturn(56)) - 7c411084-5716-47c5-97f2-dc43e37e1edc@group-C825CE6F0EB5:LeaderElection30: Election REJECTED; received 2 response(s) [7c411084-5716-47c5-97f2-dc43e37e1edc<-c193ce51-f881-48bb-a5d6-6cdb2075116e#0:FAIL-t3, 7c411084-5716-47c5-97f2-dc43e37e1edc<-c3ba2feb-e3c1-413e-bd73-cad472897a56#0:FAIL-t3] and 0 exception(s); 7c411084-5716-47c5-97f2-dc43e37e1edc@group-C825CE6F0EB5:t3, leader=null, voted=7c411084-5716-47c5-97f2-dc43e37e1edc, raftlog=7c411084-5716-47c5-97f2-dc43e37e1edc@group-C825CE6F0EB5-SegmentedRaftLog:OPENED:c-1,f-1,i0, conf=-1: [c193ce51-f881-48bb-a5d6-6cdb2075116e:192.168.36.84:43582, c3ba2feb-e3c1-413e-bd73-cad472897a56:192.168.36.84:46228, 7c411084-5716-47c5-97f2-dc43e37e1edc:192.168.36.84:35497], old=null
2019-09-24 18:16:26,529 [c193ce51-f881-48bb-a5d6-6cdb2075116e@group-C825CE6F0EB5:LeaderElection31] INFO  impl.RoleInfo (RoleInfo.java:updateAndGet(143)) - c193ce51-f881-48bb-a5d6-6cdb2075116e: start FollowerState
2019-09-24 18:16:26,529 [7c411084-5716-47c5-97f2-dc43e37e1edc@group-C825CE6F0EB5:LeaderElection30] INFO  impl.RaftServerImpl (RaftServerImpl.java:setRole(174)) - 7c411084-5716-47c5-97f2-dc43e37e1edc@group-C825CE6F0EB5: changes role from CANDIDATE to FOLLOWER at term 3 for DISCOVERED_A_NEW_TERM
2019-09-24 18:16:26,531 [7c411084-5716-47c5-97f2-dc43e37e1edc@group-C825CE6F0EB5:LeaderElection30] INFO  impl.RoleInfo (RoleInfo.java:shutdownLeaderElection(134)) - 7c411084-5716-47c5-97f2-dc43e37e1edc: shutdown LeaderElection
2019-09-24 18:16:26,531 [7c411084-5716-47c5-97f2-dc43e37e1edc@group-C825CE6F0EB5:LeaderElection30] INFO  impl.RoleInfo (RoleInfo.java:updateAndGet(143)) - 7c411084-5716-47c5-97f2-dc43e37e1edc: start FollowerState
2019-09-24 18:16:31,558 [Thread-713] INFO  impl.FollowerState (FollowerState.java:run(106)) - c193ce51-f881-48bb-a5d6-6cdb2075116e:group-C825CE6F0EB5 changes to CANDIDATE, lastRpcTime:5028, electionTimeout:5026ms
2019-09-24 18:16:31,558 [Thread-713] INFO  impl.RoleInfo (RoleInfo.java:shutdownFollowerState(121)) - c193ce51-f881-48bb-a5d6-6cdb2075116e: shutdown FollowerState
2019-09-24 18:16:31,558 [Thread-713] INFO  impl.RaftServerImpl (RaftServerImpl.java:setRole(174)) - c193ce51-f881-48bb-a5d6-6cdb2075116e@group-C825CE6F0EB5: changes role from  FOLLOWER to CANDIDATE at term 3 for changeToCandidate
2019-09-24 18:16:31,559 [Thread-713] INFO  impl.RoleInfo (RoleInfo.java:updateAndGet(143)) - c193ce51-f881-48bb-a5d6-6cdb2075116e: start LeaderElection
2019-09-24 18:16:31,658 [Thread-712] INFO  impl.FollowerState (FollowerState.java:run(106)) - c3ba2feb-e3c1-413e-bd73-cad472897a56:group-C825CE6F0EB5 changes to CANDIDATE, lastRpcTime:5129, electionTimeout:5129ms
2019-09-24 18:16:31,659 [Thread-712] INFO  impl.RoleInfo (RoleInfo.java:shutdownFollowerState(121)) - c3ba2feb-e3c1-413e-bd73-cad472897a56: shutdown FollowerState
2019-09-24 18:16:31,659 [Thread-712] INFO  impl.RaftServerImpl (RaftServerImpl.java:setRole(174)) - c3ba2feb-e3c1-413e-bd73-cad472897a56@group-C825CE6F0EB5: changes role from  FOLLOWER to CANDIDATE at term 3 for changeToCandidate
2019-09-24 18:16:31,659 [Thread-712] INFO  impl.RoleInfo (RoleInfo.java:updateAndGet(143)) - c3ba2feb-e3c1-413e-bd73-cad472897a56: start LeaderElection
2019-09-24 18:16:31,674 [Thread-714] INFO  impl.FollowerState (FollowerState.java:run(106)) - 7c411084-5716-47c5-97f2-dc43e37e1edc:group-C825CE6F0EB5 changes to CANDIDATE, lastRpcTime:5142, electionTimeout:5142ms
2019-09-24 18:16:31,674 [Thread-714] INFO  impl.RoleInfo (RoleInfo.java:shutdownFollowerState(121)) - 7c411084-5716-47c5-97f2-dc43e37e1edc: shutdown FollowerState
2019-09-24 18:16:31,674 [Thread-714] INFO  impl.RaftServerImpl (RaftServerImpl.java:setRole(174)) - 7c411084-5716-47c5-97f2-dc43e37e1edc@group-C825CE6F0EB5: changes role from  FOLLOWER to CANDIDATE at term 3 for changeToCandidate
2019-09-24 18:16:31,674 [Thread-714] INFO  impl.RoleInfo (RoleInfo.java:updateAndGet(143)) - 7c411084-5716-47c5-97f2-dc43e37e1edc: start LeaderElection
2019-09-24 18:16:31,739 [c193ce51-f881-48bb-a5d6-6cdb2075116e@group-C825CE6F0EB5:LeaderElection32] INFO  impl.LeaderElection (LeaderElection.java:askForVotes(182)) - c193ce51-f881-48bb-a5d6-6cdb2075116e@group-C825CE6F0EB5:LeaderElection32: begin an election at term 4 for -1: [c193ce51-f881-48bb-a5d6-6cdb2075116e:192.168.36.84:43582, c3ba2feb-e3c1-413e-bd73-cad472897a56:192.168.36.84:46228, 7c411084-5716-47c5-97f2-dc43e37e1edc:192.168.36.84:35497], old=null
2019-09-24 18:16:31,739 [c3ba2feb-e3c1-413e-bd73-cad472897a56@group-C825CE6F0EB5:LeaderElection33] INFO  impl.LeaderElection (LeaderElection.java:askForVotes(182)) - c3ba2feb-e3c1-413e-bd73-cad472897a56@group-C825CE6F0EB5:LeaderElection33: begin an election at term 4 for -1: [c193ce51-f881-48bb-a5d6-6cdb2075116e:192.168.36.84:43582, c3ba2feb-e3c1-413e-bd73-cad472897a56:192.168.36.84:46228, 7c411084-5716-47c5-97f2-dc43e37e1edc:192.168.36.84:35497], old=null
2019-09-24 18:16:31,739 [7c411084-5716-47c5-97f2-dc43e37e1edc@group-C825CE6F0EB5:LeaderElection34] INFO  impl.LeaderElection (LeaderElection.java:askForVotes(182)) - 7c411084-5716-47c5-97f2-dc43e37e1edc@group-C825CE6F0EB5:LeaderElection34: begin an election at term 4 for -1: [c193ce51-f881-48bb-a5d6-6cdb2075116e:192.168.36.84:43582, c3ba2feb-e3c1-413e-bd73-cad472897a56:192.168.36.84:46228, 7c411084-5716-47c5-97f2-dc43e37e1edc:192.168.36.84:35497], old=null
2019-09-24 18:16:31,761 [c193ce51-f881-48bb-a5d6-6cdb2075116e@group-C825CE6F0EB5:LeaderElection32] INFO  impl.LeaderElection (LeaderElection.java:logAndReturn(56)) - c193ce51-f881-48bb-a5d6-6cdb2075116e@group-C825CE6F0EB5:LeaderElection32: Election REJECTED; received 2 response(s) [c193ce51-f881-48bb-a5d6-6cdb2075116e<-c3ba2feb-e3c1-413e-bd73-cad472897a56#0:FAIL-t4, c193ce51-f881-48bb-a5d6-6cdb2075116e<-7c411084-5716-47c5-97f2-dc43e37e1edc#0:FAIL-t4] and 0 exception(s); c193ce51-f881-48bb-a5d6-6cdb2075116e@group-C825CE6F0EB5:t4, leader=null, voted=c193ce51-f881-48bb-a5d6-6cdb2075116e, raftlog=c193ce51-f881-48bb-a5d6-6cdb2075116e@group-C825CE6F0EB5-SegmentedRaftLog:OPENED:c-1,f-1,i0, conf=-1: [c193ce51-f881-48bb-a5d6-6cdb2075116e:192.168.36.84:43582, c3ba2feb-e3c1-413e-bd73-cad472897a56:192.168.36.84:46228, 7c411084-5716-47c5-97f2-dc43e37e1edc:192.168.36.84:35497], old=null
2019-09-24 18:16:31,762 [c193ce51-f881-48bb-a5d6-6cdb2075116e@group-C825CE6F0EB5:LeaderElection32] INFO  impl.RaftServerImpl (RaftServerImpl.java:setRole(174)) - c193ce51-f881-48bb-a5d6-6cdb2075116e@group-C825CE6F0EB5: changes role from CANDIDATE to FOLLOWER at term 4 for DISCOVERED_A_NEW_TERM
2019-09-24 18:16:31,762 [c193ce51-f881-48bb-a5d6-6cdb2075116e@group-C825CE6F0EB5:LeaderElection32] INFO  impl.RoleInfo (RoleInfo.java:shutdownLeaderElection(134)) - c193ce51-f881-48bb-a5d6-6cdb2075116e: shutdown LeaderElection
2019-09-24 18:16:31,762 [c193ce51-f881-48bb-a5d6-6cdb2075116e@group-C825CE6F0EB5:LeaderElection32] INFO  impl.RoleInfo (RoleInfo.java:updateAndGet(143)) - c193ce51-f881-48bb-a5d6-6cdb2075116e: start FollowerState
2019-09-24 18:16:31,762 [c3ba2feb-e3c1-413e-bd73-cad472897a56@group-C825CE6F0EB5:LeaderElection33] INFO  impl.LeaderElection (LeaderElection.java:logAndReturn(56)) - c3ba2feb-e3c1-413e-bd73-cad472897a56@group-C825CE6F0EB5:LeaderElection33: Election REJECTED; received 2 response(s) [c3ba2feb-e3c1-413e-bd73-cad472897a56<-c193ce51-f881-48bb-a5d6-6cdb2075116e#0:FAIL-t4, c3ba2feb-e3c1-413e-bd73-cad472897a56<-7c411084-5716-47c5-97f2-dc43e37e1edc#0:FAIL-t4] and 0 exception(s); c3ba2feb-e3c1-413e-bd73-cad472897a56@group-C825CE6F0EB5:t4, leader=null, voted=c3ba2feb-e3c1-413e-bd73-cad472897a56, raftlog=c3ba2feb-e3c1-413e-bd73-cad472897a56@group-C825CE6F0EB5-SegmentedRaftLog:OPENED:c-1,f-1,i0, conf=-1: [c193ce51-f881-48bb-a5d6-6cdb2075116e:192.168.36.84:43582, c3ba2feb-e3c1-413e-bd73-cad472897a56:192.168.36.84:46228, 7c411084-5716-47c5-97f2-dc43e37e1edc:192.168.36.84:35497], old=null
2019-09-24 18:16:31,764 [c3ba2feb-e3c1-413e-bd73-cad472897a56@group-C825CE6F0EB5:LeaderElection33] INFO  impl.RaftServerImpl (RaftServerImpl.java:setRole(174)) - c3ba2feb-e3c1-413e-bd73-cad472897a56@group-C825CE6F0EB5: changes role from CANDIDATE to FOLLOWER at term 4 for DISCOVERED_A_NEW_TERM
2019-09-24 18:16:31,764 [c3ba2feb-e3c1-413e-bd73-cad472897a56@group-C825CE6F0EB5:LeaderElection33] INFO  impl.RoleInfo (RoleInfo.java:shutdownLeaderElection(134)) - c3ba2feb-e3c1-413e-bd73-cad472897a56: shutdown LeaderElection
2019-09-24 18:16:31,765 [7c411084-5716-47c5-97f2-dc43e37e1edc@group-C825CE6F0EB5:LeaderElection34] INFO  impl.LeaderElection (LeaderElection.java:logAndReturn(56)) - 7c411084-5716-47c5-97f2-dc43e37e1edc@group-C825CE6F0EB5:LeaderElection34: Election REJECTED; received 2 response(s) [7c411084-5716-47c5-97f2-dc43e37e1edc<-c193ce51-f881-48bb-a5d6-6cdb2075116e#0:FAIL-t4, 7c411084-5716-47c5-97f2-dc43e37e1edc<-c3ba2feb-e3c1-413e-bd73-cad472897a56#0:FAIL-t4] and 0 exception(s); 7c411084-5716-47c5-97f2-dc43e37e1edc@group-C825CE6F0EB5:t4, leader=null, voted=7c411084-5716-47c5-97f2-dc43e37e1edc, raftlog=7c411084-5716-47c5-97f2-dc43e37e1edc@group-C825CE6F0EB5-SegmentedRaftLog:OPENED:c-1,f-1,i0, conf=-1: [c193ce51-f881-48bb-a5d6-6cdb2075116e:192.168.36.84:43582, c3ba2feb-e3c1-413e-bd73-cad472897a56:192.168.36.84:46228, 7c411084-5716-47c5-97f2-dc43e37e1edc:192.168.36.84:35497], old=null
2019-09-24 18:16:31,766 [c3ba2feb-e3c1-413e-bd73-cad472897a56@group-C825CE6F0EB5:LeaderElection33] INFO  impl.RoleInfo (RoleInfo.java:updateAndGet(143)) - c3ba2feb-e3c1-413e-bd73-cad472897a56: start FollowerState
2019-09-24 18:16:31,766 [7c411084-5716-47c5-97f2-dc43e37e1edc@group-C825CE6F0EB5:LeaderElection34] INFO  impl.RaftServerImpl (RaftServerImpl.java:setRole(174)) - 7c411084-5716-47c5-97f2-dc43e37e1edc@group-C825CE6F0EB5: changes role from CANDIDATE to FOLLOWER at term 4 for DISCOVERED_A_NEW_TERM
2019-09-24 18:16:31,768 [7c411084-5716-47c5-97f2-dc43e37e1edc@group-C825CE6F0EB5:LeaderElection34] INFO  impl.RoleInfo (RoleInfo.java:shutdownLeaderElection(134)) - 7c411084-5716-47c5-97f2-dc43e37e1edc: shutdown LeaderElection
2019-09-24 18:16:31,769 [7c411084-5716-47c5-97f2-dc43e37e1edc@group-C825CE6F0EB5:LeaderElection34] INFO  impl.RoleInfo (RoleInfo.java:updateAndGet(143)) - 7c411084-5716-47c5-97f2-dc43e37e1edc: start FollowerState
2019-09-24 18:16:36,806 [Thread-733] INFO  impl.FollowerState (FollowerState.java:run(106)) - 7c411084-5716-47c5-97f2-dc43e37e1edc:group-C825CE6F0EB5 changes to CANDIDATE, lastRpcTime:5036, electionTimeout:5036ms
2019-09-24 18:16:36,808 [Thread-733] INFO  impl.RoleInfo (RoleInfo.java:shutdownFollowerState(121)) - 7c411084-5716-47c5-97f2-dc43e37e1edc: shutdown FollowerState
2019-09-24 18:16:36,809 [Thread-733] INFO  impl.RaftServerImpl (RaftServerImpl.java:setRole(174)) - 7c411084-5716-47c5-97f2-dc43e37e1edc@group-C825CE6F0EB5: changes role from  FOLLOWER to CANDIDATE at term 4 for changeToCandidate
2019-09-24 18:16:36,810 [Thread-733] INFO  impl.RoleInfo (RoleInfo.java:updateAndGet(143)) - 7c411084-5716-47c5-97f2-dc43e37e1edc: start LeaderElection
2019-09-24 18:16:36,816 [Thread-731] INFO  impl.FollowerState (FollowerState.java:run(106)) - c193ce51-f881-48bb-a5d6-6cdb2075116e:group-C825CE6F0EB5 changes to CANDIDATE, lastRpcTime:5053, electionTimeout:5051ms
2019-09-24 18:16:36,816 [Thread-731] INFO  impl.RoleInfo (RoleInfo.java:shutdownFollowerState(121)) - c193ce51-f881-48bb-a5d6-6cdb2075116e: shutdown FollowerState
2019-09-24 18:16:36,816 [Thread-731] INFO  impl.RaftServerImpl (RaftServerImpl.java:setRole(174)) - c193ce51-f881-48bb-a5d6-6cdb2075116e@group-C825CE6F0EB5: changes role from  FOLLOWER to CANDIDATE at term 4 for changeToCandidate
2019-09-24 18:16:36,816 [Thread-731] INFO  impl.RoleInfo (RoleInfo.java:updateAndGet(143)) - c193ce51-f881-48bb-a5d6-6cdb2075116e: start LeaderElection
2019-09-24 18:16:36,846 [Thread-732] INFO  impl.FollowerState (FollowerState.java:run(106)) - c3ba2feb-e3c1-413e-bd73-cad472897a56:group-C825CE6F0EB5 changes to CANDIDATE, lastRpcTime:5079, electionTimeout:5077ms
2019-09-24 18:16:36,846 [Thread-732] INFO  impl.RoleInfo (RoleInfo.java:shutdownFollowerState(121)) - c3ba2feb-e3c1-413e-bd73-cad472897a56: shutdown FollowerState
2019-09-24 18:16:36,846 [Thread-732] INFO  impl.RaftServerImpl (RaftServerImpl.java:setRole(174)) - c3ba2feb-e3c1-413e-bd73-cad472897a56@group-C825CE6F0EB5: changes role from  FOLLOWER to CANDIDATE at term 4 for changeToCandidate
2019-09-24 18:16:36,846 [Thread-732] INFO  impl.RoleInfo (RoleInfo.java:updateAndGet(143)) - c3ba2feb-e3c1-413e-bd73-cad472897a56: start LeaderElection
2019-09-24 18:16:36,906 [7c411084-5716-47c5-97f2-dc43e37e1edc@group-C825CE6F0EB5:LeaderElection35] INFO  impl.LeaderElection (LeaderElection.java:askForVotes(182)) - 7c411084-5716-47c5-97f2-dc43e37e1edc@group-C825CE6F0EB5:LeaderElection35: begin an election at term 5 for -1: [c193ce51-f881-48bb-a5d6-6cdb2075116e:192.168.36.84:43582, c3ba2feb-e3c1-413e-bd73-cad472897a56:192.168.36.84:46228, 7c411084-5716-47c5-97f2-dc43e37e1edc:192.168.36.84:35497], old=null
2019-09-24 18:16:36,906 [c193ce51-f881-48bb-a5d6-6cdb2075116e@group-C825CE6F0EB5:LeaderElection36] INFO  impl.LeaderElection (LeaderElection.java:askForVotes(182)) - c193ce51-f881-48bb-a5d6-6cdb2075116e@group-C825CE6F0EB5:LeaderElection36: begin an election at term 5 for -1: [c193ce51-f881-48bb-a5d6-6cdb2075116e:192.168.36.84:43582, c3ba2feb-e3c1-413e-bd73-cad472897a56:192.168.36.84:46228, 7c411084-5716-47c5-97f2-dc43e37e1edc:192.168.36.84:35497], old=null
2019-09-24 18:16:36,906 [c3ba2feb-e3c1-413e-bd73-cad472897a56@group-C825CE6F0EB5:LeaderElection37] INFO  impl.LeaderElection (LeaderElection.java:askForVotes(182)) - c3ba2feb-e3c1-413e-bd73-cad472897a56@group-C825CE6F0EB5:LeaderElection37: begin an election at term 5 for -1: [c193ce51-f881-48bb-a5d6-6cdb2075116e:192.168.36.84:43582, c3ba2feb-e3c1-413e-bd73-cad472897a56:192.168.36.84:46228, 7c411084-5716-47c5-97f2-dc43e37e1edc:192.168.36.84:35497], old=null
2019-09-24 18:16:36,920 [c193ce51-f881-48bb-a5d6-6cdb2075116e@group-C825CE6F0EB5:LeaderElection36] INFO  impl.LeaderElection (LeaderElection.java:logAndReturn(56)) - c193ce51-f881-48bb-a5d6-6cdb2075116e@group-C825CE6F0EB5:LeaderElection36: Election REJECTED; received 2 response(s) [c193ce51-f881-48bb-a5d6-6cdb2075116e<-c3ba2feb-e3c1-413e-bd73-cad472897a56#0:FAIL-t5, c193ce51-f881-48bb-a5d6-6cdb2075116e<-7c411084-5716-47c5-97f2-dc43e37e1edc#0:FAIL-t5] and 0 exception(s); c193ce51-f881-48bb-a5d6-6cdb2075116e@group-C825CE6F0EB5:t5, leader=null, voted=c193ce51-f881-48bb-a5d6-6cdb2075116e, raftlog=c193ce51-f881-48bb-a5d6-6cdb2075116e@group-C825CE6F0EB5-SegmentedRaftLog:OPENED:c-1,f-1,i0, conf=-1: [c193ce51-f881-48bb-a5d6-6cdb2075116e:192.168.36.84:43582, c3ba2feb-e3c1-413e-bd73-cad472897a56:192.168.36.84:46228, 7c411084-5716-47c5-97f2-dc43e37e1edc:192.168.36.84:35497], old=null
2019-09-24 18:16:36,920 [7c411084-5716-47c5-97f2-dc43e37e1edc@group-C825CE6F0EB5:LeaderElection35] INFO  impl.LeaderElection (LeaderElection.java:logAndReturn(56)) - 7c411084-5716-47c5-97f2-dc43e37e1edc@group-C825CE6F0EB5:LeaderElection35: Election REJECTED; received 2 response(s) [7c411084-5716-47c5-97f2-dc43e37e1edc<-c193ce51-f881-48bb-a5d6-6cdb2075116e#0:FAIL-t5, 7c411084-5716-47c5-97f2-dc43e37e1edc<-c3ba2feb-e3c1-413e-bd73-cad472897a56#0:FAIL-t5] and 0 exception(s); 7c411084-5716-47c5-97f2-dc43e37e1edc@group-C825CE6F0EB5:t5, leader=null, voted=7c411084-5716-47c5-97f2-dc43e37e1edc, raftlog=7c411084-5716-47c5-97f2-dc43e37e1edc@group-C825CE6F0EB5-SegmentedRaftLog:OPENED:c-1,f-1,i0, conf=-1: [c193ce51-f881-48bb-a5d6-6cdb2075116e:192.168.36.84:43582, c3ba2feb-e3c1-413e-bd73-cad472897a56:192.168.36.84:46228, 7c411084-5716-47c5-97f2-dc43e37e1edc:192.168.36.84:35497], old=null
2019-09-24 18:16:36,920 [c193ce51-f881-48bb-a5d6-6cdb2075116e@group-C825CE6F0EB5:LeaderElection36] INFO  impl.RaftServerImpl (RaftServerImpl.java:setRole(174)) - c193ce51-f881-48bb-a5d6-6cdb2075116e@group-C825CE6F0EB5: changes role from CANDIDATE to FOLLOWER at term 5 for DISCOVERED_A_NEW_TERM
2019-09-24 18:16:36,923 [7c411084-5716-47c5-97f2-dc43e37e1edc@group-C825CE6F0EB5:LeaderElection35] INFO  impl.RaftServerImpl (RaftServerImpl.java:setRole(174)) - 7c411084-5716-47c5-97f2-dc43e37e1edc@group-C825CE6F0EB5: changes role from CANDIDATE to FOLLOWER at term 5 for DISCOVERED_A_NEW_TERM
2019-09-24 18:16:36,923 [c193ce51-f881-48bb-a5d6-6cdb2075116e@group-C825CE6F0EB5:LeaderElection36] INFO  impl.RoleInfo (RoleInfo.java:shutdownLeaderElection(134)) - c193ce51-f881-48bb-a5d6-6cdb2075116e: shutdown LeaderElection
2019-09-24 18:16:36,926 [c3ba2feb-e3c1-413e-bd73-cad472897a56@group-C825CE6F0EB5:LeaderElection37] INFO  impl.LeaderElection (LeaderElection.java:logAndReturn(56)) - c3ba2feb-e3c1-413e-bd73-cad472897a56@group-C825CE6F0EB5:LeaderElection37: Election REJECTED; received 2 response(s) [c3ba2feb-e3c1-413e-bd73-cad472897a56<-c193ce51-f881-48bb-a5d6-6cdb2075116e#0:FAIL-t5, c3ba2feb-e3c1-413e-bd73-cad472897a56<-7c411084-5716-47c5-97f2-dc43e37e1edc#0:FAIL-t5] and 0 exception(s); c3ba2feb-e3c1-413e-bd73-cad472897a56@group-C825CE6F0EB5:t5, leader=null, voted=c3ba2feb-e3c1-413e-bd73-cad472897a56, raftlog=c3ba2feb-e3c1-413e-bd73-cad472897a56@group-C825CE6F0EB5-SegmentedRaftLog:OPENED:c-1,f-1,i0, conf=-1: [c193ce51-f881-48bb-a5d6-6cdb2075116e:192.168.36.84:43582, c3ba2feb-e3c1-413e-bd73-cad472897a56:192.168.36.84:46228, 7c411084-5716-47c5-97f2-dc43e37e1edc:192.168.36.84:35497], old=null
2019-09-24 18:16:36,926 [7c411084-5716-47c5-97f2-dc43e37e1edc@group-C825CE6F0EB5:LeaderElection35] INFO  impl.RoleInfo (RoleInfo.java:shutdownLeaderElection(134)) - 7c411084-5716-47c5-97f2-dc43e37e1edc: shutdown LeaderElection
2019-09-24 18:16:36,926 [c3ba2feb-e3c1-413e-bd73-cad472897a56@group-C825CE6F0EB5:LeaderElection37] INFO  impl.RaftServerImpl (RaftServerImpl.java:setRole(174)) - c3ba2feb-e3c1-413e-bd73-cad472897a56@group-C825CE6F0EB5: changes role from CANDIDATE to FOLLOWER at term 5 for DISCOVERED_A_NEW_TERM
2019-09-24 18:16:36,926 [c193ce51-f881-48bb-a5d6-6cdb2075116e@group-C825CE6F0EB5:LeaderElection36] INFO  impl.RoleInfo (RoleInfo.java:updateAndGet(143)) - c193ce51-f881-48bb-a5d6-6cdb2075116e: start FollowerState
2019-09-24 18:16:36,929 [7c411084-5716-47c5-97f2-dc43e37e1edc@group-C825CE6F0EB5:LeaderElection35] INFO  impl.RoleInfo (RoleInfo.java:updateAndGet(143)) - 7c411084-5716-47c5-97f2-dc43e37e1edc: start FollowerState
2019-09-24 18:16:36,929 [c3ba2feb-e3c1-413e-bd73-cad472897a56@group-C825CE6F0EB5:LeaderElection37] INFO  impl.RoleInfo (RoleInfo.java:shutdownLeaderElection(134)) - c3ba2feb-e3c1-413e-bd73-cad472897a56: shutdown LeaderElection
2019-09-24 18:16:36,930 [c3ba2feb-e3c1-413e-bd73-cad472897a56@group-C825CE6F0EB5:LeaderElection37] INFO  impl.RoleInfo (RoleInfo.java:updateAndGet(143)) - c3ba2feb-e3c1-413e-bd73-cad472897a56: start FollowerState
2019-09-24 18:16:37,593 [RatisApplyTransactionExecutor 1] ERROR ratis.ContainerStateMachine (ContainerStateMachine.java:lambda$applyTransaction$6(721)) - gid group-C7BA931E655D : ApplyTransaction failed. cmd CreateContainer logIndex 7 exception {}
java.lang.IllegalArgumentException
	at com.google.common.base.Preconditions.checkArgument(Preconditions.java:72)
	at org.apache.hadoop.ozone.container.keyvalue.KeyValueHandler.handleCreateContainer(KeyValueHandler.java:215)
	at org.apache.hadoop.ozone.container.keyvalue.KeyValueHandler.handle(KeyValueHandler.java:152)
	at org.apache.hadoop.ozone.container.common.impl.HddsDispatcher.dispatchRequest(HddsDispatcher.java:275)
	at org.apache.hadoop.ozone.container.common.impl.HddsDispatcher.dispatch(HddsDispatcher.java:150)
	at org.apache.hadoop.ozone.container.common.transport.server.ratis.ContainerStateMachine.dispatchCommand(ContainerStateMachine.java:401)
	at org.apache.hadoop.ozone.container.common.transport.server.ratis.ContainerStateMachine.runCommand(ContainerStateMachine.java:409)
	at org.apache.hadoop.ozone.container.common.transport.server.ratis.ContainerStateMachine.lambda$applyTransaction$6(ContainerStateMachine.java:719)
	at java.util.concurrent.CompletableFuture$AsyncSupply.run(CompletableFuture.java:1590)
	at java.util.concurrent.ThreadPoolExecutor.runWorker(ThreadPoolExecutor.java:1149)
	at java.util.concurrent.ThreadPoolExecutor$Worker.run(ThreadPoolExecutor.java:624)
	at java.lang.Thread.run(Thread.java:748)
2019-09-24 18:16:37,595 [RatisApplyTransactionExecutor 1] ERROR ratis.ContainerStateMachine (ContainerStateMachine.java:lambda$applyTransaction$6(721)) - gid group-C7BA931E655D : ApplyTransaction failed. cmd CreateContainer logIndex 7 exception {}
java.lang.IllegalArgumentException
	at com.google.common.base.Preconditions.checkArgument(Preconditions.java:72)
	at org.apache.hadoop.ozone.container.keyvalue.KeyValueHandler.handleCreateContainer(KeyValueHandler.java:215)
	at org.apache.hadoop.ozone.container.keyvalue.KeyValueHandler.handle(KeyValueHandler.java:152)
	at org.apache.hadoop.ozone.container.common.impl.HddsDispatcher.dispatchRequest(HddsDispatcher.java:275)
	at org.apache.hadoop.ozone.container.common.impl.HddsDispatcher.dispatch(HddsDispatcher.java:150)
	at org.apache.hadoop.ozone.container.common.transport.server.ratis.ContainerStateMachine.dispatchCommand(ContainerStateMachine.java:401)
	at org.apache.hadoop.ozone.container.common.transport.server.ratis.ContainerStateMachine.runCommand(ContainerStateMachine.java:409)
	at org.apache.hadoop.ozone.container.common.transport.server.ratis.ContainerStateMachine.lambda$applyTransaction$6(ContainerStateMachine.java:719)
	at java.util.concurrent.CompletableFuture$AsyncSupply.run(CompletableFuture.java:1590)
	at java.util.concurrent.ThreadPoolExecutor.runWorker(ThreadPoolExecutor.java:1149)
	at java.util.concurrent.ThreadPoolExecutor$Worker.run(ThreadPoolExecutor.java:624)
	at java.lang.Thread.run(Thread.java:748)
2019-09-24 18:16:37,613 [RatisApplyTransactionExecutor 1] ERROR ratis.ContainerStateMachine (ContainerStateMachine.java:lambda$applyTransaction$6(721)) - gid group-C7BA931E655D : ApplyTransaction failed. cmd CreateContainer logIndex 7 exception {}
java.lang.IllegalArgumentException
	at com.google.common.base.Preconditions.checkArgument(Preconditions.java:72)
	at org.apache.hadoop.ozone.container.keyvalue.KeyValueHandler.handleCreateContainer(KeyValueHandler.java:215)
	at org.apache.hadoop.ozone.container.keyvalue.KeyValueHandler.handle(KeyValueHandler.java:152)
	at org.apache.hadoop.ozone.container.common.impl.HddsDispatcher.dispatchRequest(HddsDispatcher.java:275)
	at org.apache.hadoop.ozone.container.common.impl.HddsDispatcher.dispatch(HddsDispatcher.java:150)
	at org.apache.hadoop.ozone.container.common.transport.server.ratis.ContainerStateMachine.dispatchCommand(ContainerStateMachine.java:401)
	at org.apache.hadoop.ozone.container.common.transport.server.ratis.ContainerStateMachine.runCommand(ContainerStateMachine.java:409)
	at org.apache.hadoop.ozone.container.common.transport.server.ratis.ContainerStateMachine.lambda$applyTransaction$6(ContainerStateMachine.java:719)
	at java.util.concurrent.CompletableFuture$AsyncSupply.run(CompletableFuture.java:1590)
	at java.util.concurrent.ThreadPoolExecutor.runWorker(ThreadPoolExecutor.java:1149)
	at java.util.concurrent.ThreadPoolExecutor$Worker.run(ThreadPoolExecutor.java:624)
	at java.lang.Thread.run(Thread.java:748)
2019-09-24 18:16:42,031 [Thread-752] INFO  impl.FollowerState (FollowerState.java:run(106)) - c3ba2feb-e3c1-413e-bd73-cad472897a56:group-C825CE6F0EB5 changes to CANDIDATE, lastRpcTime:5100, electionTimeout:5100ms
2019-09-24 18:16:42,031 [Thread-752] INFO  impl.RoleInfo (RoleInfo.java:shutdownFollowerState(121)) - c3ba2feb-e3c1-413e-bd73-cad472897a56: shutdown FollowerState
2019-09-24 18:16:42,032 [Thread-752] INFO  impl.RaftServerImpl (RaftServerImpl.java:setRole(174)) - c3ba2feb-e3c1-413e-bd73-cad472897a56@group-C825CE6F0EB5: changes role from  FOLLOWER to CANDIDATE at term 5 for changeToCandidate
2019-09-24 18:16:42,032 [Thread-752] INFO  impl.RoleInfo (RoleInfo.java:updateAndGet(143)) - c3ba2feb-e3c1-413e-bd73-cad472897a56: start LeaderElection
2019-09-24 18:16:42,057 [Thread-751] INFO  impl.FollowerState (FollowerState.java:run(106)) - 7c411084-5716-47c5-97f2-dc43e37e1edc:group-C825CE6F0EB5 changes to CANDIDATE, lastRpcTime:5128, electionTimeout:5127ms
2019-09-24 18:16:42,057 [Thread-751] INFO  impl.RoleInfo (RoleInfo.java:shutdownFollowerState(121)) - 7c411084-5716-47c5-97f2-dc43e37e1edc: shutdown FollowerState
2019-09-24 18:16:42,057 [Thread-751] INFO  impl.RaftServerImpl (RaftServerImpl.java:setRole(174)) - 7c411084-5716-47c5-97f2-dc43e37e1edc@group-C825CE6F0EB5: changes role from  FOLLOWER to CANDIDATE at term 5 for changeToCandidate
2019-09-24 18:16:42,057 [Thread-751] INFO  impl.RoleInfo (RoleInfo.java:updateAndGet(143)) - 7c411084-5716-47c5-97f2-dc43e37e1edc: start LeaderElection
2019-09-24 18:16:42,065 [7c411084-5716-47c5-97f2-dc43e37e1edc@group-C825CE6F0EB5:LeaderElection39] INFO  impl.LeaderElection (LeaderElection.java:askForVotes(182)) - 7c411084-5716-47c5-97f2-dc43e37e1edc@group-C825CE6F0EB5:LeaderElection39: begin an election at term 6 for -1: [c193ce51-f881-48bb-a5d6-6cdb2075116e:192.168.36.84:43582, c3ba2feb-e3c1-413e-bd73-cad472897a56:192.168.36.84:46228, 7c411084-5716-47c5-97f2-dc43e37e1edc:192.168.36.84:35497], old=null
2019-09-24 18:16:42,065 [c3ba2feb-e3c1-413e-bd73-cad472897a56@group-C825CE6F0EB5:LeaderElection38] INFO  impl.LeaderElection (LeaderElection.java:askForVotes(182)) - c3ba2feb-e3c1-413e-bd73-cad472897a56@group-C825CE6F0EB5:LeaderElection38: begin an election at term 6 for -1: [c193ce51-f881-48bb-a5d6-6cdb2075116e:192.168.36.84:43582, c3ba2feb-e3c1-413e-bd73-cad472897a56:192.168.36.84:46228, 7c411084-5716-47c5-97f2-dc43e37e1edc:192.168.36.84:35497], old=null
2019-09-24 18:16:42,072 [grpc-default-executor-2] INFO  impl.RaftServerImpl (RaftServerImpl.java:setRole(174)) - c193ce51-f881-48bb-a5d6-6cdb2075116e@group-C825CE6F0EB5: changes role from  FOLLOWER to FOLLOWER at term 6 for recognizeCandidate:7c411084-5716-47c5-97f2-dc43e37e1edc
2019-09-24 18:16:42,072 [grpc-default-executor-2] INFO  impl.RoleInfo (RoleInfo.java:shutdownFollowerState(121)) - c193ce51-f881-48bb-a5d6-6cdb2075116e: shutdown FollowerState
2019-09-24 18:16:42,073 [grpc-default-executor-2] INFO  impl.RoleInfo (RoleInfo.java:updateAndGet(143)) - c193ce51-f881-48bb-a5d6-6cdb2075116e: start FollowerState
2019-09-24 18:16:42,073 [Thread-750] INFO  impl.FollowerState (FollowerState.java:run(115)) - c193ce51-f881-48bb-a5d6-6cdb2075116e: FollowerState was interrupted: java.lang.InterruptedException: sleep interrupted
2019-09-24 18:16:42,089 [c3ba2feb-e3c1-413e-bd73-cad472897a56@group-C825CE6F0EB5:LeaderElection38] INFO  impl.LeaderElection (LeaderElection.java:logAndReturn(56)) - c3ba2feb-e3c1-413e-bd73-cad472897a56@group-C825CE6F0EB5:LeaderElection38: Election REJECTED; received 2 response(s) [c3ba2feb-e3c1-413e-bd73-cad472897a56<-c193ce51-f881-48bb-a5d6-6cdb2075116e#0:FAIL-t6, c3ba2feb-e3c1-413e-bd73-cad472897a56<-7c411084-5716-47c5-97f2-dc43e37e1edc#0:FAIL-t6] and 0 exception(s); c3ba2feb-e3c1-413e-bd73-cad472897a56@group-C825CE6F0EB5:t6, leader=null, voted=c3ba2feb-e3c1-413e-bd73-cad472897a56, raftlog=c3ba2feb-e3c1-413e-bd73-cad472897a56@group-C825CE6F0EB5-SegmentedRaftLog:OPENED:c-1,f-1,i0, conf=-1: [c193ce51-f881-48bb-a5d6-6cdb2075116e:192.168.36.84:43582, c3ba2feb-e3c1-413e-bd73-cad472897a56:192.168.36.84:46228, 7c411084-5716-47c5-97f2-dc43e37e1edc:192.168.36.84:35497], old=null
2019-09-24 18:16:42,089 [7c411084-5716-47c5-97f2-dc43e37e1edc@group-C825CE6F0EB5:LeaderElection39] INFO  impl.LeaderElection (LeaderElection.java:logAndReturn(56)) - 7c411084-5716-47c5-97f2-dc43e37e1edc@group-C825CE6F0EB5:LeaderElection39: Election PASSED; received 2 response(s) [7c411084-5716-47c5-97f2-dc43e37e1edc<-c193ce51-f881-48bb-a5d6-6cdb2075116e#0:OK-t6, 7c411084-5716-47c5-97f2-dc43e37e1edc<-c3ba2feb-e3c1-413e-bd73-cad472897a56#0:FAIL-t6] and 0 exception(s); 7c411084-5716-47c5-97f2-dc43e37e1edc@group-C825CE6F0EB5:t6, leader=null, voted=7c411084-5716-47c5-97f2-dc43e37e1edc, raftlog=7c411084-5716-47c5-97f2-dc43e37e1edc@group-C825CE6F0EB5-SegmentedRaftLog:OPENED:c-1,f-1,i0, conf=-1: [c193ce51-f881-48bb-a5d6-6cdb2075116e:192.168.36.84:43582, c3ba2feb-e3c1-413e-bd73-cad472897a56:192.168.36.84:46228, 7c411084-5716-47c5-97f2-dc43e37e1edc:192.168.36.84:35497], old=null
2019-09-24 18:16:42,089 [c3ba2feb-e3c1-413e-bd73-cad472897a56@group-C825CE6F0EB5:LeaderElection38] INFO  impl.RaftServerImpl (RaftServerImpl.java:setRole(174)) - c3ba2feb-e3c1-413e-bd73-cad472897a56@group-C825CE6F0EB5: changes role from CANDIDATE to FOLLOWER at term 6 for DISCOVERED_A_NEW_TERM
2019-09-24 18:16:42,093 [c3ba2feb-e3c1-413e-bd73-cad472897a56@group-C825CE6F0EB5:LeaderElection38] INFO  impl.RoleInfo (RoleInfo.java:shutdownLeaderElection(134)) - c3ba2feb-e3c1-413e-bd73-cad472897a56: shutdown LeaderElection
2019-09-24 18:16:42,093 [7c411084-5716-47c5-97f2-dc43e37e1edc@group-C825CE6F0EB5:LeaderElection39] INFO  impl.RoleInfo (RoleInfo.java:shutdownLeaderElection(134)) - 7c411084-5716-47c5-97f2-dc43e37e1edc: shutdown LeaderElection
2019-09-24 18:16:42,095 [c3ba2feb-e3c1-413e-bd73-cad472897a56@group-C825CE6F0EB5:LeaderElection38] INFO  impl.RoleInfo (RoleInfo.java:updateAndGet(143)) - c3ba2feb-e3c1-413e-bd73-cad472897a56: start FollowerState
2019-09-24 18:16:42,095 [7c411084-5716-47c5-97f2-dc43e37e1edc@group-C825CE6F0EB5:LeaderElection39] INFO  impl.RaftServerImpl (RaftServerImpl.java:setRole(174)) - 7c411084-5716-47c5-97f2-dc43e37e1edc@group-C825CE6F0EB5: changes role from CANDIDATE to LEADER at term 6 for changeToLeader
2019-09-24 18:16:42,096 [7c411084-5716-47c5-97f2-dc43e37e1edc@group-C825CE6F0EB5:LeaderElection39] INFO  impl.RaftServerImpl (ServerState.java:setLeader(253)) - 7c411084-5716-47c5-97f2-dc43e37e1edc@group-C825CE6F0EB5: change Leader from null to 7c411084-5716-47c5-97f2-dc43e37e1edc at term 6 for becomeLeader, leader elected after 36722ms
2019-09-24 18:16:42,096 [7c411084-5716-47c5-97f2-dc43e37e1edc@group-C825CE6F0EB5:LeaderElection39] INFO  server.RaftServerConfigKeys (ConfUtils.java:logGet(43)) - raft.server.staging.catchup.gap = 1000 (default)
2019-09-24 18:16:42,096 [7c411084-5716-47c5-97f2-dc43e37e1edc@group-C825CE6F0EB5:LeaderElection39] INFO  server.RaftServerConfigKeys (ConfUtils.java:logGet(43)) - raft.server.rpc.sleep.time = 25ms (default)
2019-09-24 18:16:42,097 [7c411084-5716-47c5-97f2-dc43e37e1edc@group-C825CE6F0EB5:LeaderElection39] INFO  server.RaftServerConfigKeys (ConfUtils.java:logGet(43)) - raft.server.write.element-limit = 4096 (default)
2019-09-24 18:16:42,097 [7c411084-5716-47c5-97f2-dc43e37e1edc@group-C825CE6F0EB5:LeaderElection39] INFO  server.RaftServerConfigKeys (ConfUtils.java:logGet(43)) - raft.server.watch.timeout = 10s (default)
2019-09-24 18:16:42,097 [7c411084-5716-47c5-97f2-dc43e37e1edc@group-C825CE6F0EB5:LeaderElection39] INFO  server.RaftServerConfigKeys (ConfUtils.java:logGet(43)) - raft.server.watch.timeout.denomination = 1s (default)
2019-09-24 18:16:42,097 [7c411084-5716-47c5-97f2-dc43e37e1edc@group-C825CE6F0EB5:LeaderElection39] INFO  server.RaftServerConfigKeys (ConfUtils.java:logGet(43)) - raft.server.watch.element-limit = 65536 (default)
2019-09-24 18:16:42,101 [7c411084-5716-47c5-97f2-dc43e37e1edc@group-C825CE6F0EB5:LeaderElection39] INFO  server.RaftServerConfigKeys (ConfUtils.java:logGet(43)) - raft.server.log.appender.snapshot.chunk.size.max = 16MB (=16777216) (default)
2019-09-24 18:16:42,101 [7c411084-5716-47c5-97f2-dc43e37e1edc@group-C825CE6F0EB5:LeaderElection39] INFO  server.RaftServerConfigKeys (ConfUtils.java:logGet(43)) - raft.server.log.appender.buffer.byte-limit = 33554432 (custom)
2019-09-24 18:16:42,102 [7c411084-5716-47c5-97f2-dc43e37e1edc@group-C825CE6F0EB5:LeaderElection39] INFO  server.RaftServerConfigKeys (ConfUtils.java:logGet(43)) - raft.server.log.appender.buffer.element-limit = 1 (custom)
2019-09-24 18:16:42,102 [7c411084-5716-47c5-97f2-dc43e37e1edc@group-C825CE6F0EB5:LeaderElection39] INFO  grpc.GrpcConfigKeys$Server (ConfUtils.java:logGet(43)) - raft.grpc.server.leader.outstanding.appends.max = 128 (default)
2019-09-24 18:16:42,102 [7c411084-5716-47c5-97f2-dc43e37e1edc@group-C825CE6F0EB5:LeaderElection39] INFO  server.RaftServerConfigKeys (ConfUtils.java:logGet(43)) - raft.server.rpc.request.timeout = 3000ms (default)
2019-09-24 18:16:42,102 [7c411084-5716-47c5-97f2-dc43e37e1edc@group-C825CE6F0EB5:LeaderElection39] INFO  server.RaftServerConfigKeys (ConfUtils.java:logGet(43)) - raft.server.log.appender.install.snapshot.enabled = false (custom)
2019-09-24 18:16:42,103 [7c411084-5716-47c5-97f2-dc43e37e1edc@group-C825CE6F0EB5:LeaderElection39] INFO  server.RaftServerConfigKeys (ConfUtils.java:logGet(43)) - raft.server.log.appender.snapshot.chunk.size.max = 16MB (=16777216) (default)
2019-09-24 18:16:42,103 [7c411084-5716-47c5-97f2-dc43e37e1edc@group-C825CE6F0EB5:LeaderElection39] INFO  server.RaftServerConfigKeys (ConfUtils.java:logGet(43)) - raft.server.log.appender.buffer.byte-limit = 33554432 (custom)
2019-09-24 18:16:42,103 [7c411084-5716-47c5-97f2-dc43e37e1edc@group-C825CE6F0EB5:LeaderElection39] INFO  server.RaftServerConfigKeys (ConfUtils.java:logGet(43)) - raft.server.log.appender.buffer.element-limit = 1 (custom)
2019-09-24 18:16:42,103 [7c411084-5716-47c5-97f2-dc43e37e1edc@group-C825CE6F0EB5:LeaderElection39] INFO  grpc.GrpcConfigKeys$Server (ConfUtils.java:logGet(43)) - raft.grpc.server.leader.outstanding.appends.max = 128 (default)
2019-09-24 18:16:42,104 [7c411084-5716-47c5-97f2-dc43e37e1edc@group-C825CE6F0EB5:LeaderElection39] INFO  server.RaftServerConfigKeys (ConfUtils.java:logGet(43)) - raft.server.rpc.request.timeout = 3000ms (default)
2019-09-24 18:16:42,104 [7c411084-5716-47c5-97f2-dc43e37e1edc@group-C825CE6F0EB5:LeaderElection39] INFO  server.RaftServerConfigKeys (ConfUtils.java:logGet(43)) - raft.server.log.appender.install.snapshot.enabled = false (custom)
2019-09-24 18:16:42,104 [7c411084-5716-47c5-97f2-dc43e37e1edc@group-C825CE6F0EB5:LeaderElection39] INFO  impl.RoleInfo (RoleInfo.java:updateAndGet(143)) - 7c411084-5716-47c5-97f2-dc43e37e1edc: start LeaderState
2019-09-24 18:16:42,104 [7c411084-5716-47c5-97f2-dc43e37e1edc@group-C825CE6F0EB5:LeaderElection39] INFO  segmented.SegmentedRaftLogWorker (SegmentedRaftLogWorker.java:startLogSegment(380)) - 7c411084-5716-47c5-97f2-dc43e37e1edc@group-C825CE6F0EB5-SegmentedRaftLogWorker: Starting segment from index:0
2019-09-24 18:16:42,106 [7c411084-5716-47c5-97f2-dc43e37e1edc@group-C825CE6F0EB5:LeaderElection39] INFO  impl.RaftServerImpl (ServerState.java:setRaftConf(354)) - 7c411084-5716-47c5-97f2-dc43e37e1edc@group-C825CE6F0EB5: set configuration 0: [c193ce51-f881-48bb-a5d6-6cdb2075116e:192.168.36.84:43582, c3ba2feb-e3c1-413e-bd73-cad472897a56:192.168.36.84:46228, 7c411084-5716-47c5-97f2-dc43e37e1edc:192.168.36.84:35497], old=null at 0
2019-09-24 18:16:42,109 [grpc-default-executor-2] INFO  impl.RaftServerImpl (ServerState.java:setLeader(253)) - c193ce51-f881-48bb-a5d6-6cdb2075116e@group-C825CE6F0EB5: change Leader from null to 7c411084-5716-47c5-97f2-dc43e37e1edc at term 6 for appendEntries, leader elected after 36733ms
2019-09-24 18:16:42,109 [grpc-default-executor-3] INFO  impl.RaftServerImpl (ServerState.java:setLeader(253)) - c3ba2feb-e3c1-413e-bd73-cad472897a56@group-C825CE6F0EB5: change Leader from null to 7c411084-5716-47c5-97f2-dc43e37e1edc at term 6 for appendEntries, leader elected after 36735ms
2019-09-24 18:16:42,149 [grpc-default-executor-3] INFO  impl.RaftServerImpl (ServerState.java:setRaftConf(354)) - c3ba2feb-e3c1-413e-bd73-cad472897a56@group-C825CE6F0EB5: set configuration 0: [c193ce51-f881-48bb-a5d6-6cdb2075116e:192.168.36.84:43582, c3ba2feb-e3c1-413e-bd73-cad472897a56:192.168.36.84:46228, 7c411084-5716-47c5-97f2-dc43e37e1edc:192.168.36.84:35497], old=null at 0
2019-09-24 18:16:42,149 [grpc-default-executor-2] INFO  impl.RaftServerImpl (ServerState.java:setRaftConf(354)) - c193ce51-f881-48bb-a5d6-6cdb2075116e@group-C825CE6F0EB5: set configuration 0: [c193ce51-f881-48bb-a5d6-6cdb2075116e:192.168.36.84:43582, c3ba2feb-e3c1-413e-bd73-cad472897a56:192.168.36.84:46228, 7c411084-5716-47c5-97f2-dc43e37e1edc:192.168.36.84:35497], old=null at 0
2019-09-24 18:16:42,149 [grpc-default-executor-3] INFO  segmented.SegmentedRaftLogWorker (SegmentedRaftLogWorker.java:startLogSegment(380)) - c3ba2feb-e3c1-413e-bd73-cad472897a56@group-C825CE6F0EB5-SegmentedRaftLogWorker: Starting segment from index:0
2019-09-24 18:16:42,149 [grpc-default-executor-2] INFO  segmented.SegmentedRaftLogWorker (SegmentedRaftLogWorker.java:startLogSegment(380)) - c193ce51-f881-48bb-a5d6-6cdb2075116e@group-C825CE6F0EB5-SegmentedRaftLogWorker: Starting segment from index:0
2019-09-24 18:16:42,326 [7c411084-5716-47c5-97f2-dc43e37e1edc@group-C825CE6F0EB5-SegmentedRaftLogWorker] INFO  segmented.SegmentedRaftLogWorker (SegmentedRaftLogWorker.java:execute(569)) - 7c411084-5716-47c5-97f2-dc43e37e1edc@group-C825CE6F0EB5-SegmentedRaftLogWorker: created new log segment /workdir/hadoop-ozone/integration-test/target/test-dir/MiniOzoneClusterImpl-2256e15c-84c9-46bf-b493-19471620b231/datanode-1/data/ratis/f686dcbe-2b52-4d7e-b436-c825ce6f0eb5/current/log_inprogress_0
2019-09-24 18:16:42,326 [c3ba2feb-e3c1-413e-bd73-cad472897a56@group-C825CE6F0EB5-SegmentedRaftLogWorker] INFO  segmented.SegmentedRaftLogWorker (SegmentedRaftLogWorker.java:execute(569)) - c3ba2feb-e3c1-413e-bd73-cad472897a56@group-C825CE6F0EB5-SegmentedRaftLogWorker: created new log segment /workdir/hadoop-ozone/integration-test/target/test-dir/MiniOzoneClusterImpl-2256e15c-84c9-46bf-b493-19471620b231/datanode-6/data/ratis/f686dcbe-2b52-4d7e-b436-c825ce6f0eb5/current/log_inprogress_0
2019-09-24 18:16:42,326 [c193ce51-f881-48bb-a5d6-6cdb2075116e@group-C825CE6F0EB5-SegmentedRaftLogWorker] INFO  segmented.SegmentedRaftLogWorker (SegmentedRaftLogWorker.java:execute(569)) - c193ce51-f881-48bb-a5d6-6cdb2075116e@group-C825CE6F0EB5-SegmentedRaftLogWorker: created new log segment /workdir/hadoop-ozone/integration-test/target/test-dir/MiniOzoneClusterImpl-2256e15c-84c9-46bf-b493-19471620b231/datanode-2/data/ratis/f686dcbe-2b52-4d7e-b436-c825ce6f0eb5/current/log_inprogress_0
2019-09-24 18:16:45,148 [java.util.concurrent.ThreadPoolExecutor$Worker@292f2182[State = -1, empty queue]] WARN  server.GrpcLogAppender (GrpcLogAppender.java:timeoutAppendRequest(200)) - 7c411084-5716-47c5-97f2-dc43e37e1edc@group-C825CE6F0EB5->c193ce51-f881-48bb-a5d6-6cdb2075116e-GrpcLogAppender: appendEntries Timeout, request=7c411084-5716-47c5-97f2-dc43e37e1edc->c193ce51-f881-48bb-a5d6-6cdb2075116e#1-t6, previous=(t:0, i:0), leaderCommit=-1, initializing? false, entries: size=1, first=(t:6, i:0), CONFIGURATIONENTRY
2019-09-24 18:16:45,148 [java.util.concurrent.ThreadPoolExecutor$Worker@4b006f19[State = -1, empty queue]] WARN  server.GrpcLogAppender (GrpcLogAppender.java:timeoutAppendRequest(200)) - 7c411084-5716-47c5-97f2-dc43e37e1edc@group-C825CE6F0EB5->c3ba2feb-e3c1-413e-bd73-cad472897a56-GrpcLogAppender: appendEntries Timeout, request=7c411084-5716-47c5-97f2-dc43e37e1edc->c3ba2feb-e3c1-413e-bd73-cad472897a56#1-t6, previous=(t:0, i:0), leaderCommit=-1, initializing? false, entries: size=1, first=(t:6, i:0), CONFIGURATIONENTRY
2019-09-24 18:16:47,514 [grpc-default-executor-1] WARN  server.GrpcLogAppender (GrpcLogAppender.java:onNextImpl(251)) - 7c411084-5716-47c5-97f2-dc43e37e1edc@group-C825CE6F0EB5->c3ba2feb-e3c1-413e-bd73-cad472897a56-AppendLogResponseHandler: Request not found, ignoring reply: 7c411084-5716-47c5-97f2-dc43e37e1edc<-c3ba2feb-e3c1-413e-bd73-cad472897a56#1:OK,SUCCESS,nextIndex:1,term:6,followerCommit:-1
2019-09-24 18:16:47,516 [grpc-default-executor-3] WARN  server.GrpcLogAppender (GrpcLogAppender.java:onNextImpl(251)) - 7c411084-5716-47c5-97f2-dc43e37e1edc@group-C825CE6F0EB5->c193ce51-f881-48bb-a5d6-6cdb2075116e-AppendLogResponseHandler: Request not found, ignoring reply: 7c411084-5716-47c5-97f2-dc43e37e1edc<-c193ce51-f881-48bb-a5d6-6cdb2075116e#1:OK,SUCCESS,nextIndex:1,term:6,followerCommit:-1
2019-09-24 18:17:19,607 [grpc-default-executor-1] INFO  impl.RaftServerProxy (RaftServerProxy.java:remove(95)) - dc518f1e-76ea-446f-acc5-d49b23344d5e: remove    LEADER dc518f1e-76ea-446f-acc5-d49b23344d5e@group-4EE37480353B:t1, leader=dc518f1e-76ea-446f-acc5-d49b23344d5e, voted=dc518f1e-76ea-446f-acc5-d49b23344d5e, raftlog=dc518f1e-76ea-446f-acc5-d49b23344d5e@group-4EE37480353B-SegmentedRaftLog:OPENED:c0,f0,i0, conf=0: [dc518f1e-76ea-446f-acc5-d49b23344d5e:192.168.36.84:45108], old=null RUNNING
2019-09-24 18:17:19,611 [grpc-default-executor-1] INFO  impl.RaftServerImpl (RaftServerImpl.java:lambda$shutdown$3(251)) - dc518f1e-76ea-446f-acc5-d49b23344d5e@group-4EE37480353B: shutdown
2019-09-24 18:17:19,611 [grpc-default-executor-1] INFO  util.JmxRegister (JmxRegister.java:unregister(73)) - Successfully un-registered JMX Bean with object name Ratis:service=RaftServer,group=group-4EE37480353B,id=dc518f1e-76ea-446f-acc5-d49b23344d5e
2019-09-24 18:17:19,612 [grpc-default-executor-1] INFO  impl.RoleInfo (RoleInfo.java:shutdownLeaderState(104)) - dc518f1e-76ea-446f-acc5-d49b23344d5e: shutdown LeaderState
2019-09-24 18:17:19,612 [grpc-default-executor-1] INFO  impl.PendingRequests (PendingRequests.java:sendNotLeaderResponses(202)) - dc518f1e-76ea-446f-acc5-d49b23344d5e-PendingRequests: sendNotLeaderResponses
2019-09-24 18:17:19,615 [grpc-default-executor-1] INFO  impl.StateMachineUpdater (StateMachineUpdater.java:stopAndJoin(125)) - dc518f1e-76ea-446f-acc5-d49b23344d5e@group-4EE37480353B-StateMachineUpdater: set stopIndex = 0
2019-09-24 18:17:19,616 [grpc-default-executor-1] INFO  impl.RaftServerImpl (ServerState.java:close(385)) - dc518f1e-76ea-446f-acc5-d49b23344d5e@group-4EE37480353B: closes. applyIndex: 0
2019-09-24 18:17:19,617 [dc518f1e-76ea-446f-acc5-d49b23344d5e@group-4EE37480353B-SegmentedRaftLogWorker] INFO  segmented.SegmentedRaftLogWorker (SegmentedRaftLogWorker.java:run(313)) - dc518f1e-76ea-446f-acc5-d49b23344d5e@group-4EE37480353B-SegmentedRaftLogWorker was interrupted, exiting. There are 0 tasks remaining in the queue.
2019-09-24 18:17:19,619 [grpc-default-executor-1] INFO  segmented.SegmentedRaftLogWorker (SegmentedRaftLogWorker.java:close(228)) - dc518f1e-76ea-446f-acc5-d49b23344d5e@group-4EE37480353B-SegmentedRaftLogWorker close()
2019-09-24 18:17:32,285 [grpc-default-executor-2] INFO  impl.RaftServerProxy (RaftServerProxy.java:remove(95)) - 7c411084-5716-47c5-97f2-dc43e37e1edc: remove    LEADER 7c411084-5716-47c5-97f2-dc43e37e1edc@group-C825CE6F0EB5:t6, leader=7c411084-5716-47c5-97f2-dc43e37e1edc, voted=7c411084-5716-47c5-97f2-dc43e37e1edc, raftlog=7c411084-5716-47c5-97f2-dc43e37e1edc@group-C825CE6F0EB5-SegmentedRaftLog:OPENED:c0,f0,i0, conf=0: [c193ce51-f881-48bb-a5d6-6cdb2075116e:192.168.36.84:43582, c3ba2feb-e3c1-413e-bd73-cad472897a56:192.168.36.84:46228, 7c411084-5716-47c5-97f2-dc43e37e1edc:192.168.36.84:35497], old=null RUNNING
2019-09-24 18:17:32,286 [grpc-default-executor-2] INFO  impl.RaftServerImpl (RaftServerImpl.java:lambda$shutdown$3(251)) - 7c411084-5716-47c5-97f2-dc43e37e1edc@group-C825CE6F0EB5: shutdown
2019-09-24 18:17:32,287 [grpc-default-executor-2] INFO  util.JmxRegister (JmxRegister.java:unregister(73)) - Successfully un-registered JMX Bean with object name Ratis:service=RaftServer,group=group-C825CE6F0EB5,id=7c411084-5716-47c5-97f2-dc43e37e1edc
2019-09-24 18:17:32,287 [grpc-default-executor-2] INFO  impl.RoleInfo (RoleInfo.java:shutdownLeaderState(104)) - 7c411084-5716-47c5-97f2-dc43e37e1edc: shutdown LeaderState
2019-09-24 18:17:32,295 [grpc-default-executor-2] INFO  impl.PendingRequests (PendingRequests.java:sendNotLeaderResponses(202)) - 7c411084-5716-47c5-97f2-dc43e37e1edc-PendingRequests: sendNotLeaderResponses
2019-09-24 18:17:32,295 [org.apache.ratis.server.impl.LogAppender$AppenderDaemon$$Lambda$586/1927792194@3f71713c] WARN  server.GrpcLogAppender (GrpcLogAppender.java:mayWait(143)) - 7c411084-5716-47c5-97f2-dc43e37e1edc@group-C825CE6F0EB5->c3ba2feb-e3c1-413e-bd73-cad472897a56-GrpcLogAppender: Wait interrupted by java.lang.InterruptedException
2019-09-24 18:17:32,295 [org.apache.ratis.server.impl.LogAppender$AppenderDaemon$$Lambda$586/1927792194@76a4fb30] WARN  server.GrpcLogAppender (GrpcLogAppender.java:mayWait(143)) - 7c411084-5716-47c5-97f2-dc43e37e1edc@group-C825CE6F0EB5->c193ce51-f881-48bb-a5d6-6cdb2075116e-GrpcLogAppender: Wait interrupted by java.lang.InterruptedException
2019-09-24 18:17:32,298 [grpc-default-executor-2] INFO  impl.StateMachineUpdater (StateMachineUpdater.java:stopAndJoin(125)) - 7c411084-5716-47c5-97f2-dc43e37e1edc@group-C825CE6F0EB5-StateMachineUpdater: set stopIndex = 0
2019-09-24 18:17:32,298 [grpc-default-executor-2] INFO  impl.RaftServerImpl (ServerState.java:close(385)) - 7c411084-5716-47c5-97f2-dc43e37e1edc@group-C825CE6F0EB5: closes. applyIndex: 0
2019-09-24 18:17:32,299 [7c411084-5716-47c5-97f2-dc43e37e1edc@group-C825CE6F0EB5-SegmentedRaftLogWorker] INFO  segmented.SegmentedRaftLogWorker (SegmentedRaftLogWorker.java:run(313)) - 7c411084-5716-47c5-97f2-dc43e37e1edc@group-C825CE6F0EB5-SegmentedRaftLogWorker was interrupted, exiting. There are 0 tasks remaining in the queue.
2019-09-24 18:17:32,303 [grpc-default-executor-2] INFO  segmented.SegmentedRaftLogWorker (SegmentedRaftLogWorker.java:close(228)) - 7c411084-5716-47c5-97f2-dc43e37e1edc@group-C825CE6F0EB5-SegmentedRaftLogWorker close()
2019-09-24 18:17:32,308 [grpc-default-executor-3] INFO  server.GrpcServerProtocolService (GrpcServerProtocolService.java:onCompleted(113)) - c3ba2feb-e3c1-413e-bd73-cad472897a56: Completed APPEND_ENTRIES, lastRequest: 7c411084-5716-47c5-97f2-dc43e37e1edc->c3ba2feb-e3c1-413e-bd73-cad472897a56#20-t6, previous=(t:6, i:0), leaderCommit=0, initializing? false, entries: <empty>
2019-09-24 18:17:32,308 [grpc-default-executor-1] INFO  server.GrpcServerProtocolService (GrpcServerProtocolService.java:onCompleted(113)) - c193ce51-f881-48bb-a5d6-6cdb2075116e: Completed APPEND_ENTRIES, lastRequest: 7c411084-5716-47c5-97f2-dc43e37e1edc->c193ce51-f881-48bb-a5d6-6cdb2075116e#20-t6, previous=(t:6, i:0), leaderCommit=0, initializing? false, entries: <empty>
2019-09-24 18:17:32,309 [grpc-default-executor-1] INFO  server.GrpcLogAppender (GrpcLogAppender.java:onCompleted(293)) - 7c411084-5716-47c5-97f2-dc43e37e1edc@group-C825CE6F0EB5->c3ba2feb-e3c1-413e-bd73-cad472897a56-AppendLogResponseHandler: follower responses appendEntries COMPLETED
2019-09-24 18:17:32,309 [grpc-default-executor-3] INFO  server.GrpcLogAppender (GrpcLogAppender.java:onCompleted(293)) - 7c411084-5716-47c5-97f2-dc43e37e1edc@group-C825CE6F0EB5->c193ce51-f881-48bb-a5d6-6cdb2075116e-AppendLogResponseHandler: follower responses appendEntries COMPLETED
2019-09-24 18:17:32,311 [grpc-default-executor-3] INFO  impl.FollowerInfo (FollowerInfo.java:lambda$new$0(51)) - 7c411084-5716-47c5-97f2-dc43e37e1edc@group-C825CE6F0EB5->c193ce51-f881-48bb-a5d6-6cdb2075116e: nextIndex: updateUnconditionally 1 -> 0
2019-09-24 18:17:32,311 [grpc-default-executor-1] INFO  impl.FollowerInfo (FollowerInfo.java:lambda$new$0(51)) - 7c411084-5716-47c5-97f2-dc43e37e1edc@group-C825CE6F0EB5->c3ba2feb-e3c1-413e-bd73-cad472897a56: nextIndex: updateUnconditionally 1 -> 0
2019-09-24 18:17:37,822 [Thread-808] INFO  impl.FollowerState (FollowerState.java:run(106)) - c193ce51-f881-48bb-a5d6-6cdb2075116e:group-C825CE6F0EB5 changes to CANDIDATE, lastRpcTime:7708, electionTimeout:5035ms
2019-09-24 18:17:37,823 [Thread-808] INFO  impl.RoleInfo (RoleInfo.java:shutdownFollowerState(121)) - c193ce51-f881-48bb-a5d6-6cdb2075116e: shutdown FollowerState
2019-09-24 18:17:37,823 [Thread-808] INFO  impl.RaftServerImpl (RaftServerImpl.java:setRole(174)) - c193ce51-f881-48bb-a5d6-6cdb2075116e@group-C825CE6F0EB5: changes role from  FOLLOWER to CANDIDATE at term 6 for changeToCandidate
2019-09-24 18:17:37,823 [Thread-808] INFO  impl.RoleInfo (RoleInfo.java:updateAndGet(143)) - c193ce51-f881-48bb-a5d6-6cdb2075116e: start LeaderElection
2019-09-24 18:17:37,829 [c193ce51-f881-48bb-a5d6-6cdb2075116e@group-C825CE6F0EB5:LeaderElection40] INFO  impl.RaftServerImpl (ServerState.java:setLeader(253)) - c193ce51-f881-48bb-a5d6-6cdb2075116e@group-C825CE6F0EB5: change Leader from 7c411084-5716-47c5-97f2-dc43e37e1edc to null at term 6 for initElection
2019-09-24 18:17:37,844 [c193ce51-f881-48bb-a5d6-6cdb2075116e@group-C825CE6F0EB5:LeaderElection40] INFO  impl.LeaderElection (LeaderElection.java:askForVotes(182)) - c193ce51-f881-48bb-a5d6-6cdb2075116e@group-C825CE6F0EB5:LeaderElection40: begin an election at term 7 for 0: [c193ce51-f881-48bb-a5d6-6cdb2075116e:192.168.36.84:43582, c3ba2feb-e3c1-413e-bd73-cad472897a56:192.168.36.84:46228, 7c411084-5716-47c5-97f2-dc43e37e1edc:192.168.36.84:35497], old=null
2019-09-24 18:17:37,847 [grpc-default-executor-2] INFO  impl.RaftServerImpl (ServerState.java:setLeader(253)) - c3ba2feb-e3c1-413e-bd73-cad472897a56@group-C825CE6F0EB5: change Leader from 7c411084-5716-47c5-97f2-dc43e37e1edc to null at term 7 for updateCurrentTerm
2019-09-24 18:17:37,848 [grpc-default-executor-3] WARN  server.GrpcServerProtocolService (LogUtils.java:warn(136)) - 7c411084-5716-47c5-97f2-dc43e37e1edc: Failed requestVote c193ce51-f881-48bb-a5d6-6cdb2075116e->7c411084-5716-47c5-97f2-dc43e37e1edc#0
org.apache.ratis.protocol.GroupMismatchException: 7c411084-5716-47c5-97f2-dc43e37e1edc: group-C825CE6F0EB5 not found.
	at org.apache.ratis.server.impl.RaftServerProxy$ImplMap.get(RaftServerProxy.java:122)
	at org.apache.ratis.server.impl.RaftServerProxy.getImplFuture(RaftServerProxy.java:269)
	at org.apache.ratis.server.impl.RaftServerProxy.getImpl(RaftServerProxy.java:278)
	at org.apache.ratis.server.impl.RaftServerProxy.getImpl(RaftServerProxy.java:273)
	at org.apache.ratis.server.impl.RaftServerProxy.requestVote(RaftServerProxy.java:443)
	at org.apache.ratis.grpc.server.GrpcServerProtocolService.requestVote(GrpcServerProtocolService.java:142)
	at org.apache.ratis.proto.grpc.RaftServerProtocolServiceGrpc$MethodHandlers.invoke(RaftServerProtocolServiceGrpc.java:319)
	at org.apache.ratis.thirdparty.io.grpc.stub.ServerCalls$UnaryServerCallHandler$UnaryServerCallListener.onHalfClose(ServerCalls.java:171)
	at org.apache.ratis.thirdparty.io.grpc.internal.ServerCallImpl$ServerStreamListenerImpl.halfClosed(ServerCallImpl.java:283)
	at org.apache.ratis.thirdparty.io.grpc.internal.ServerImpl$JumpToApplicationThreadServerStreamListener$1HalfClosed.runInContext(ServerImpl.java:710)
	at org.apache.ratis.thirdparty.io.grpc.internal.ContextRunnable.run(ContextRunnable.java:37)
	at org.apache.ratis.thirdparty.io.grpc.internal.SerializingExecutor.run(SerializingExecutor.java:123)
	at java.util.concurrent.ThreadPoolExecutor.runWorker(ThreadPoolExecutor.java:1149)
	at java.util.concurrent.ThreadPoolExecutor$Worker.run(ThreadPoolExecutor.java:624)
	at java.lang.Thread.run(Thread.java:748)
2019-09-24 18:17:37,848 [grpc-default-executor-2] INFO  impl.RaftServerImpl (RaftServerImpl.java:setRole(174)) - c3ba2feb-e3c1-413e-bd73-cad472897a56@group-C825CE6F0EB5: changes role from  FOLLOWER to FOLLOWER at term 7 for recognizeCandidate:c193ce51-f881-48bb-a5d6-6cdb2075116e
2019-09-24 18:17:37,849 [grpc-default-executor-2] INFO  impl.RoleInfo (RoleInfo.java:shutdownFollowerState(121)) - c3ba2feb-e3c1-413e-bd73-cad472897a56: shutdown FollowerState
2019-09-24 18:17:37,849 [grpc-default-executor-2] INFO  impl.RoleInfo (RoleInfo.java:updateAndGet(143)) - c3ba2feb-e3c1-413e-bd73-cad472897a56: start FollowerState
2019-09-24 18:17:37,849 [Thread-809] INFO  impl.FollowerState (FollowerState.java:run(115)) - c3ba2feb-e3c1-413e-bd73-cad472897a56: FollowerState was interrupted: java.lang.InterruptedException: sleep interrupted
2019-09-24 18:17:37,857 [c193ce51-f881-48bb-a5d6-6cdb2075116e@group-C825CE6F0EB5:LeaderElection40] INFO  impl.LeaderElection (LogUtils.java:infoOrTrace(149)) - c193ce51-f881-48bb-a5d6-6cdb2075116e@group-C825CE6F0EB5:LeaderElection40 got exception when requesting votes: {}
java.util.concurrent.ExecutionException: org.apache.ratis.thirdparty.io.grpc.StatusRuntimeException: INTERNAL: 7c411084-5716-47c5-97f2-dc43e37e1edc: group-C825CE6F0EB5 not found.
	at java.util.concurrent.FutureTask.report(FutureTask.java:122)
	at java.util.concurrent.FutureTask.get(FutureTask.java:192)
	at org.apache.ratis.server.impl.LeaderElection.waitForResults(LeaderElection.java:263)
	at org.apache.ratis.server.impl.LeaderElection.askForVotes(LeaderElection.java:201)
	at org.apache.ratis.server.impl.LeaderElection.run(LeaderElection.java:133)
	at java.lang.Thread.run(Thread.java:748)
Caused by: org.apache.ratis.thirdparty.io.grpc.StatusRuntimeException: INTERNAL: 7c411084-5716-47c5-97f2-dc43e37e1edc: group-C825CE6F0EB5 not found.
	at org.apache.ratis.thirdparty.io.grpc.stub.ClientCalls.toStatusRuntimeException(ClientCalls.java:233)
	at org.apache.ratis.thirdparty.io.grpc.stub.ClientCalls.getUnchecked(ClientCalls.java:214)
	at org.apache.ratis.thirdparty.io.grpc.stub.ClientCalls.blockingUnaryCall(ClientCalls.java:139)
	at org.apache.ratis.proto.grpc.RaftServerProtocolServiceGrpc$RaftServerProtocolServiceBlockingStub.requestVote(RaftServerProtocolServiceGrpc.java:265)
	at org.apache.ratis.grpc.server.GrpcServerProtocolClient.requestVote(GrpcServerProtocolClient.java:90)
	at org.apache.ratis.grpc.server.GrpcService.requestVote(GrpcService.java:204)
	at org.apache.ratis.server.impl.LeaderElection.lambda$submitRequests$1(LeaderElection.java:238)
	at java.util.concurrent.FutureTask.run(FutureTask.java:266)
	at java.util.concurrent.Executors$RunnableAdapter.call(Executors.java:511)
	at java.util.concurrent.FutureTask.run(FutureTask.java:266)
	at java.util.concurrent.ThreadPoolExecutor.runWorker(ThreadPoolExecutor.java:1149)
	at java.util.concurrent.ThreadPoolExecutor$Worker.run(ThreadPoolExecutor.java:624)
	... 1 more
2019-09-24 18:17:38,854 [c193ce51-f881-48bb-a5d6-6cdb2075116e@group-C825CE6F0EB5:LeaderElection40] INFO  impl.LeaderElection (LeaderElection.java:logAndReturn(56)) - c193ce51-f881-48bb-a5d6-6cdb2075116e@group-C825CE6F0EB5:LeaderElection40: Election PASSED; received 1 response(s) [c193ce51-f881-48bb-a5d6-6cdb2075116e<-c3ba2feb-e3c1-413e-bd73-cad472897a56#0:OK-t7] and 1 exception(s); c193ce51-f881-48bb-a5d6-6cdb2075116e@group-C825CE6F0EB5:t7, leader=null, voted=c193ce51-f881-48bb-a5d6-6cdb2075116e, raftlog=c193ce51-f881-48bb-a5d6-6cdb2075116e@group-C825CE6F0EB5-SegmentedRaftLog:OPENED:c0,f0,i0, conf=0: [c193ce51-f881-48bb-a5d6-6cdb2075116e:192.168.36.84:43582, c3ba2feb-e3c1-413e-bd73-cad472897a56:192.168.36.84:46228, 7c411084-5716-47c5-97f2-dc43e37e1edc:192.168.36.84:35497], old=null
2019-09-24 18:17:38,855 [c193ce51-f881-48bb-a5d6-6cdb2075116e@group-C825CE6F0EB5:LeaderElection40] INFO  impl.LeaderElection (LogUtils.java:infoOrTrace(149)) -   Exception 0: {}
java.util.concurrent.ExecutionException: org.apache.ratis.thirdparty.io.grpc.StatusRuntimeException: INTERNAL: 7c411084-5716-47c5-97f2-dc43e37e1edc: group-C825CE6F0EB5 not found.
	at java.util.concurrent.FutureTask.report(FutureTask.java:122)
	at java.util.concurrent.FutureTask.get(FutureTask.java:192)
	at org.apache.ratis.server.impl.LeaderElection.waitForResults(LeaderElection.java:263)
	at org.apache.ratis.server.impl.LeaderElection.askForVotes(LeaderElection.java:201)
	at org.apache.ratis.server.impl.LeaderElection.run(LeaderElection.java:133)
	at java.lang.Thread.run(Thread.java:748)
Caused by: org.apache.ratis.thirdparty.io.grpc.StatusRuntimeException: INTERNAL: 7c411084-5716-47c5-97f2-dc43e37e1edc: group-C825CE6F0EB5 not found.
	at org.apache.ratis.thirdparty.io.grpc.stub.ClientCalls.toStatusRuntimeException(ClientCalls.java:233)
	at org.apache.ratis.thirdparty.io.grpc.stub.ClientCalls.getUnchecked(ClientCalls.java:214)
	at org.apache.ratis.thirdparty.io.grpc.stub.ClientCalls.blockingUnaryCall(ClientCalls.java:139)
	at org.apache.ratis.proto.grpc.RaftServerProtocolServiceGrpc$RaftServerProtocolServiceBlockingStub.requestVote(RaftServerProtocolServiceGrpc.java:265)
	at org.apache.ratis.grpc.server.GrpcServerProtocolClient.requestVote(GrpcServerProtocolClient.java:90)
	at org.apache.ratis.grpc.server.GrpcService.requestVote(GrpcService.java:204)
	at org.apache.ratis.server.impl.LeaderElection.lambda$submitRequests$1(LeaderElection.java:238)
	at java.util.concurrent.FutureTask.run(FutureTask.java:266)
	at java.util.concurrent.Executors$RunnableAdapter.call(Executors.java:511)
	at java.util.concurrent.FutureTask.run(FutureTask.java:266)
	at java.util.concurrent.ThreadPoolExecutor.runWorker(ThreadPoolExecutor.java:1149)
	at java.util.concurrent.ThreadPoolExecutor$Worker.run(ThreadPoolExecutor.java:624)
	... 1 more
2019-09-24 18:17:38,855 [c193ce51-f881-48bb-a5d6-6cdb2075116e@group-C825CE6F0EB5:LeaderElection40] INFO  impl.RoleInfo (RoleInfo.java:shutdownLeaderElection(134)) - c193ce51-f881-48bb-a5d6-6cdb2075116e: shutdown LeaderElection
2019-09-24 18:17:38,856 [c193ce51-f881-48bb-a5d6-6cdb2075116e@group-C825CE6F0EB5:LeaderElection40] INFO  impl.RaftServerImpl (RaftServerImpl.java:setRole(174)) - c193ce51-f881-48bb-a5d6-6cdb2075116e@group-C825CE6F0EB5: changes role from CANDIDATE to LEADER at term 7 for changeToLeader
2019-09-24 18:17:38,856 [c193ce51-f881-48bb-a5d6-6cdb2075116e@group-C825CE6F0EB5:LeaderElection40] INFO  impl.RaftServerImpl (ServerState.java:setLeader(253)) - c193ce51-f881-48bb-a5d6-6cdb2075116e@group-C825CE6F0EB5: change Leader from null to c193ce51-f881-48bb-a5d6-6cdb2075116e at term 7 for becomeLeader, leader elected after 1026ms
2019-09-24 18:17:38,856 [c193ce51-f881-48bb-a5d6-6cdb2075116e@group-C825CE6F0EB5:LeaderElection40] INFO  server.RaftServerConfigKeys (ConfUtils.java:logGet(43)) - raft.server.staging.catchup.gap = 1000 (default)
2019-09-24 18:17:38,857 [c193ce51-f881-48bb-a5d6-6cdb2075116e@group-C825CE6F0EB5:LeaderElection40] INFO  server.RaftServerConfigKeys (ConfUtils.java:logGet(43)) - raft.server.rpc.sleep.time = 25ms (default)
2019-09-24 18:17:38,857 [c193ce51-f881-48bb-a5d6-6cdb2075116e@group-C825CE6F0EB5:LeaderElection40] INFO  server.RaftServerConfigKeys (ConfUtils.java:logGet(43)) - raft.server.write.element-limit = 4096 (default)
2019-09-24 18:17:38,857 [c193ce51-f881-48bb-a5d6-6cdb2075116e@group-C825CE6F0EB5:LeaderElection40] INFO  server.RaftServerConfigKeys (ConfUtils.java:logGet(43)) - raft.server.watch.timeout = 10s (default)
2019-09-24 18:17:38,857 [c193ce51-f881-48bb-a5d6-6cdb2075116e@group-C825CE6F0EB5:LeaderElection40] INFO  server.RaftServerConfigKeys (ConfUtils.java:logGet(43)) - raft.server.watch.timeout.denomination = 1s (default)
2019-09-24 18:17:38,858 [c193ce51-f881-48bb-a5d6-6cdb2075116e@group-C825CE6F0EB5:LeaderElection40] INFO  server.RaftServerConfigKeys (ConfUtils.java:logGet(43)) - raft.server.watch.element-limit = 65536 (default)
2019-09-24 18:17:38,866 [c193ce51-f881-48bb-a5d6-6cdb2075116e@group-C825CE6F0EB5:LeaderElection40] INFO  server.RaftServerConfigKeys (ConfUtils.java:logGet(43)) - raft.server.log.appender.snapshot.chunk.size.max = 16MB (=16777216) (default)
2019-09-24 18:17:38,867 [c193ce51-f881-48bb-a5d6-6cdb2075116e@group-C825CE6F0EB5:LeaderElection40] INFO  server.RaftServerConfigKeys (ConfUtils.java:logGet(43)) - raft.server.log.appender.buffer.byte-limit = 33554432 (custom)
2019-09-24 18:17:38,867 [c193ce51-f881-48bb-a5d6-6cdb2075116e@group-C825CE6F0EB5:LeaderElection40] INFO  server.RaftServerConfigKeys (ConfUtils.java:logGet(43)) - raft.server.log.appender.buffer.element-limit = 1 (custom)
2019-09-24 18:17:38,867 [c193ce51-f881-48bb-a5d6-6cdb2075116e@group-C825CE6F0EB5:LeaderElection40] INFO  grpc.GrpcConfigKeys$Server (ConfUtils.java:logGet(43)) - raft.grpc.server.leader.outstanding.appends.max = 128 (default)
2019-09-24 18:17:38,867 [c193ce51-f881-48bb-a5d6-6cdb2075116e@group-C825CE6F0EB5:LeaderElection40] INFO  server.RaftServerConfigKeys (ConfUtils.java:logGet(43)) - raft.server.rpc.request.timeout = 3000ms (default)
2019-09-24 18:17:38,868 [c193ce51-f881-48bb-a5d6-6cdb2075116e@group-C825CE6F0EB5:LeaderElection40] INFO  server.RaftServerConfigKeys (ConfUtils.java:logGet(43)) - raft.server.log.appender.install.snapshot.enabled = false (custom)
2019-09-24 18:17:38,868 [c193ce51-f881-48bb-a5d6-6cdb2075116e@group-C825CE6F0EB5:LeaderElection40] INFO  server.RaftServerConfigKeys (ConfUtils.java:logGet(43)) - raft.server.log.appender.snapshot.chunk.size.max = 16MB (=16777216) (default)
2019-09-24 18:17:38,868 [c193ce51-f881-48bb-a5d6-6cdb2075116e@group-C825CE6F0EB5:LeaderElection40] INFO  server.RaftServerConfigKeys (ConfUtils.java:logGet(43)) - raft.server.log.appender.buffer.byte-limit = 33554432 (custom)
2019-09-24 18:17:38,868 [c193ce51-f881-48bb-a5d6-6cdb2075116e@group-C825CE6F0EB5:LeaderElection40] INFO  server.RaftServerConfigKeys (ConfUtils.java:logGet(43)) - raft.server.log.appender.buffer.element-limit = 1 (custom)
2019-09-24 18:17:38,868 [c193ce51-f881-48bb-a5d6-6cdb2075116e@group-C825CE6F0EB5:LeaderElection40] INFO  grpc.GrpcConfigKeys$Server (ConfUtils.java:logGet(43)) - raft.grpc.server.leader.outstanding.appends.max = 128 (default)
2019-09-24 18:17:38,869 [c193ce51-f881-48bb-a5d6-6cdb2075116e@group-C825CE6F0EB5:LeaderElection40] INFO  server.RaftServerConfigKeys (ConfUtils.java:logGet(43)) - raft.server.rpc.request.timeout = 3000ms (default)
2019-09-24 18:17:38,869 [c193ce51-f881-48bb-a5d6-6cdb2075116e@group-C825CE6F0EB5:LeaderElection40] INFO  server.RaftServerConfigKeys (ConfUtils.java:logGet(43)) - raft.server.log.appender.install.snapshot.enabled = false (custom)
2019-09-24 18:17:38,869 [c193ce51-f881-48bb-a5d6-6cdb2075116e@group-C825CE6F0EB5:LeaderElection40] INFO  impl.RoleInfo (RoleInfo.java:updateAndGet(143)) - c193ce51-f881-48bb-a5d6-6cdb2075116e: start LeaderState
2019-09-24 18:17:38,870 [c193ce51-f881-48bb-a5d6-6cdb2075116e@group-C825CE6F0EB5:LeaderElection40] INFO  segmented.SegmentedRaftLogWorker (SegmentedRaftLogWorker.java:rollLogSegment(385)) - c193ce51-f881-48bb-a5d6-6cdb2075116e@group-C825CE6F0EB5-SegmentedRaftLogWorker: Rolling segment log-0_0 to index:0
2019-09-24 18:17:38,875 [c193ce51-f881-48bb-a5d6-6cdb2075116e@group-C825CE6F0EB5-SegmentedRaftLogWorker] INFO  segmented.SegmentedRaftLogWorker (SegmentedRaftLogWorker.java:execute(526)) - c193ce51-f881-48bb-a5d6-6cdb2075116e@group-C825CE6F0EB5-SegmentedRaftLogWorker: Rolled log segment from /workdir/hadoop-ozone/integration-test/target/test-dir/MiniOzoneClusterImpl-2256e15c-84c9-46bf-b493-19471620b231/datanode-2/data/ratis/f686dcbe-2b52-4d7e-b436-c825ce6f0eb5/current/log_inprogress_0 to /workdir/hadoop-ozone/integration-test/target/test-dir/MiniOzoneClusterImpl-2256e15c-84c9-46bf-b493-19471620b231/datanode-2/data/ratis/f686dcbe-2b52-4d7e-b436-c825ce6f0eb5/current/log_0-0
2019-09-24 18:17:38,881 [c193ce51-f881-48bb-a5d6-6cdb2075116e@group-C825CE6F0EB5:LeaderElection40] INFO  impl.RaftServerImpl (ServerState.java:setRaftConf(354)) - c193ce51-f881-48bb-a5d6-6cdb2075116e@group-C825CE6F0EB5: set configuration 1: [c193ce51-f881-48bb-a5d6-6cdb2075116e:192.168.36.84:43582, c3ba2feb-e3c1-413e-bd73-cad472897a56:192.168.36.84:46228, 7c411084-5716-47c5-97f2-dc43e37e1edc:192.168.36.84:35497], old=null at 1
2019-09-24 18:17:38,884 [grpc-default-executor-1] INFO  impl.RaftServerImpl (ServerState.java:setLeader(253)) - c3ba2feb-e3c1-413e-bd73-cad472897a56@group-C825CE6F0EB5: change Leader from null to c193ce51-f881-48bb-a5d6-6cdb2075116e at term 7 for appendEntries, leader elected after 1036ms
2019-09-24 18:17:38,921 [grpc-default-executor-1] INFO  impl.RaftServerImpl (ServerState.java:setRaftConf(354)) - c3ba2feb-e3c1-413e-bd73-cad472897a56@group-C825CE6F0EB5: set configuration 1: [c193ce51-f881-48bb-a5d6-6cdb2075116e:192.168.36.84:43582, c3ba2feb-e3c1-413e-bd73-cad472897a56:192.168.36.84:46228, 7c411084-5716-47c5-97f2-dc43e37e1edc:192.168.36.84:35497], old=null at 1
2019-09-24 18:17:38,922 [grpc-default-executor-1] INFO  segmented.SegmentedRaftLogWorker (SegmentedRaftLogWorker.java:rollLogSegment(385)) - c3ba2feb-e3c1-413e-bd73-cad472897a56@group-C825CE6F0EB5-SegmentedRaftLogWorker: Rolling segment log-0_0 to index:0
2019-09-24 18:17:38,923 [c3ba2feb-e3c1-413e-bd73-cad472897a56@group-C825CE6F0EB5-SegmentedRaftLogWorker] INFO  segmented.SegmentedRaftLogWorker (SegmentedRaftLogWorker.java:execute(526)) - c3ba2feb-e3c1-413e-bd73-cad472897a56@group-C825CE6F0EB5-SegmentedRaftLogWorker: Rolled log segment from /workdir/hadoop-ozone/integration-test/target/test-dir/MiniOzoneClusterImpl-2256e15c-84c9-46bf-b493-19471620b231/datanode-6/data/ratis/f686dcbe-2b52-4d7e-b436-c825ce6f0eb5/current/log_inprogress_0 to /workdir/hadoop-ozone/integration-test/target/test-dir/MiniOzoneClusterImpl-2256e15c-84c9-46bf-b493-19471620b231/datanode-6/data/ratis/f686dcbe-2b52-4d7e-b436-c825ce6f0eb5/current/log_0-0
2019-09-24 18:17:40,682 [grpc-default-executor-2] INFO  impl.RaftServerProxy (RaftServerProxy.java:remove(95)) - c3ba2feb-e3c1-413e-bd73-cad472897a56: remove  FOLLOWER c3ba2feb-e3c1-413e-bd73-cad472897a56@group-C825CE6F0EB5:t7, leader=c193ce51-f881-48bb-a5d6-6cdb2075116e, voted=c193ce51-f881-48bb-a5d6-6cdb2075116e, raftlog=c3ba2feb-e3c1-413e-bd73-cad472897a56@group-C825CE6F0EB5-SegmentedRaftLog:OPENED:c0,f0,i1, conf=1: [c193ce51-f881-48bb-a5d6-6cdb2075116e:192.168.36.84:43582, c3ba2feb-e3c1-413e-bd73-cad472897a56:192.168.36.84:46228, 7c411084-5716-47c5-97f2-dc43e37e1edc:192.168.36.84:35497], old=null RUNNING
2019-09-24 18:17:40,683 [grpc-default-executor-2] INFO  impl.RaftServerImpl (RaftServerImpl.java:lambda$shutdown$3(251)) - c3ba2feb-e3c1-413e-bd73-cad472897a56@group-C825CE6F0EB5: shutdown
2019-09-24 18:17:40,683 [grpc-default-executor-2] INFO  util.JmxRegister (JmxRegister.java:unregister(73)) - Successfully un-registered JMX Bean with object name Ratis:service=RaftServer,group=group-C825CE6F0EB5,id=c3ba2feb-e3c1-413e-bd73-cad472897a56
2019-09-24 18:17:40,684 [grpc-default-executor-2] INFO  impl.RoleInfo (RoleInfo.java:shutdownFollowerState(121)) - c3ba2feb-e3c1-413e-bd73-cad472897a56: shutdown FollowerState
2019-09-24 18:17:40,684 [grpc-default-executor-2] INFO  impl.StateMachineUpdater (StateMachineUpdater.java:stopAndJoin(125)) - c3ba2feb-e3c1-413e-bd73-cad472897a56@group-C825CE6F0EB5-StateMachineUpdater: set stopIndex = 0
2019-09-24 18:17:40,684 [Thread-1132] INFO  impl.FollowerState (FollowerState.java:run(115)) - c3ba2feb-e3c1-413e-bd73-cad472897a56: FollowerState was interrupted: java.lang.InterruptedException: sleep interrupted
2019-09-24 18:17:40,690 [grpc-default-executor-2] INFO  impl.RaftServerImpl (ServerState.java:close(385)) - c3ba2feb-e3c1-413e-bd73-cad472897a56@group-C825CE6F0EB5: closes. applyIndex: 0
2019-09-24 18:17:41,883 [java.util.concurrent.ThreadPoolExecutor$Worker@230abd09[State = -1, empty queue]] WARN  server.GrpcLogAppender (GrpcLogAppender.java:timeoutAppendRequest(200)) - c193ce51-f881-48bb-a5d6-6cdb2075116e@group-C825CE6F0EB5->7c411084-5716-47c5-97f2-dc43e37e1edc-GrpcLogAppender: appendEntries Timeout, request=c193ce51-f881-48bb-a5d6-6cdb2075116e->7c411084-5716-47c5-97f2-dc43e37e1edc#0-t7, previous=(t:6, i:0), leaderCommit=0, initializing? false, entries: <empty>
2019-09-24 18:17:41,920 [java.util.concurrent.ThreadPoolExecutor$Worker@5f6c141b[State = -1, empty queue]] WARN  server.GrpcLogAppender (GrpcLogAppender.java:timeoutAppendRequest(200)) - c193ce51-f881-48bb-a5d6-6cdb2075116e@group-C825CE6F0EB5->c3ba2feb-e3c1-413e-bd73-cad472897a56-GrpcLogAppender: appendEntries Timeout, request=c193ce51-f881-48bb-a5d6-6cdb2075116e->c3ba2feb-e3c1-413e-bd73-cad472897a56#1-t7, previous=(t:6, i:0), leaderCommit=0, initializing? false, entries: size=1, first=(t:7, i:1), CONFIGURATIONENTRY
2019-09-24 18:17:43,679 [EventQueue-PipelineReportForPipelineReportHandler] ERROR pipeline.PipelineReportHandler (PipelineReportHandler.java:onMessage(82)) - Could not process pipeline report=pipelineID {
  id: "f686dcbe-2b52-4d7e-b436-c825ce6f0eb5"
}
 from dn=c3ba2feb-e3c1-413e-bd73-cad472897a56{ip: 192.168.36.84, host: pr-hdds-2171-6l6hb-1841322612, networkLocation: /default-rack, certSerialId: null} {}
org.apache.ratis.protocol.TimeoutIOException: deadline exceeded after 2999484071ns
	at org.apache.ratis.grpc.GrpcUtil.tryUnwrapException(GrpcUtil.java:82)
	at org.apache.ratis.grpc.GrpcUtil.unwrapException(GrpcUtil.java:75)
	at org.apache.ratis.grpc.client.GrpcClientProtocolClient.blockingCall(GrpcClientProtocolClient.java:178)
	at org.apache.ratis.grpc.client.GrpcClientProtocolClient.groupAdd(GrpcClientProtocolClient.java:147)
	at org.apache.ratis.grpc.client.GrpcClientRpc.sendRequest(GrpcClientRpc.java:94)
	at org.apache.ratis.client.impl.RaftClientImpl.sendRequest(RaftClientImpl.java:278)
	at org.apache.ratis.client.impl.RaftClientImpl.groupRemove(RaftClientImpl.java:215)
	at org.apache.hadoop.hdds.scm.pipeline.RatisPipelineUtils.destroyPipeline(RatisPipelineUtils.java:97)
	at org.apache.hadoop.hdds.scm.pipeline.PipelineReportHandler.processPipelineReport(PipelineReportHandler.java:100)
	at org.apache.hadoop.hdds.scm.pipeline.PipelineReportHandler.onMessage(PipelineReportHandler.java:80)
	at org.apache.hadoop.hdds.scm.pipeline.PipelineReportHandler.onMessage(PipelineReportHandler.java:44)
	at org.apache.hadoop.hdds.server.events.SingleThreadExecutor.lambda$onMessage$1(SingleThreadExecutor.java:85)
	at java.util.concurrent.ThreadPoolExecutor.runWorker(ThreadPoolExecutor.java:1149)
	at java.util.concurrent.ThreadPoolExecutor$Worker.run(ThreadPoolExecutor.java:624)
	at java.lang.Thread.run(Thread.java:748)
Caused by: org.apache.ratis.thirdparty.io.grpc.StatusRuntimeException: DEADLINE_EXCEEDED: deadline exceeded after 2999484071ns
	at org.apache.ratis.thirdparty.io.grpc.stub.ClientCalls.toStatusRuntimeException(ClientCalls.java:233)
	at org.apache.ratis.thirdparty.io.grpc.stub.ClientCalls.getUnchecked(ClientCalls.java:214)
	at org.apache.ratis.thirdparty.io.grpc.stub.ClientCalls.blockingUnaryCall(ClientCalls.java:139)
	at org.apache.ratis.proto.grpc.AdminProtocolServiceGrpc$AdminProtocolServiceBlockingStub.groupManagement(AdminProtocolServiceGrpc.java:274)
	at org.apache.ratis.grpc.client.GrpcClientProtocolClient.lambda$groupAdd$3(GrpcClientProtocolClient.java:149)
	at org.apache.ratis.grpc.client.GrpcClientProtocolClient.blockingCall(GrpcClientProtocolClient.java:176)
	... 12 more
2019-09-24 18:17:43,691 [grpc-default-executor-1] INFO  impl.RaftServerProxy (RaftServerProxy.java:remove(95)) - c193ce51-f881-48bb-a5d6-6cdb2075116e: remove    LEADER c193ce51-f881-48bb-a5d6-6cdb2075116e@group-C825CE6F0EB5:t7, leader=c193ce51-f881-48bb-a5d6-6cdb2075116e, voted=c193ce51-f881-48bb-a5d6-6cdb2075116e, raftlog=c193ce51-f881-48bb-a5d6-6cdb2075116e@group-C825CE6F0EB5-SegmentedRaftLog:OPENED:c0,f0,i1, conf=1: [c193ce51-f881-48bb-a5d6-6cdb2075116e:192.168.36.84:43582, c3ba2feb-e3c1-413e-bd73-cad472897a56:192.168.36.84:46228, 7c411084-5716-47c5-97f2-dc43e37e1edc:192.168.36.84:35497], old=null RUNNING
2019-09-24 18:17:43,696 [grpc-default-executor-1] INFO  impl.RaftServerImpl (RaftServerImpl.java:lambda$shutdown$3(251)) - c193ce51-f881-48bb-a5d6-6cdb2075116e@group-C825CE6F0EB5: shutdown
2019-09-24 18:17:43,697 [grpc-default-executor-1] INFO  util.JmxRegister (JmxRegister.java:unregister(73)) - Successfully un-registered JMX Bean with object name Ratis:service=RaftServer,group=group-C825CE6F0EB5,id=c193ce51-f881-48bb-a5d6-6cdb2075116e
2019-09-24 18:17:43,697 [grpc-default-executor-1] INFO  impl.RoleInfo (RoleInfo.java:shutdownLeaderState(104)) - c193ce51-f881-48bb-a5d6-6cdb2075116e: shutdown LeaderState
2019-09-24 18:17:43,702 [grpc-default-executor-1] INFO  impl.PendingRequests (PendingRequests.java:sendNotLeaderResponses(202)) - c193ce51-f881-48bb-a5d6-6cdb2075116e-PendingRequests: sendNotLeaderResponses
2019-09-24 18:17:43,702 [org.apache.ratis.server.impl.LogAppender$AppenderDaemon$$Lambda$586/1927792194@4fa1cb1] WARN  server.GrpcLogAppender (GrpcLogAppender.java:mayWait(143)) - c193ce51-f881-48bb-a5d6-6cdb2075116e@group-C825CE6F0EB5->7c411084-5716-47c5-97f2-dc43e37e1edc-GrpcLogAppender: Wait interrupted by java.lang.InterruptedException
2019-09-24 18:17:43,702 [org.apache.ratis.server.impl.LogAppender$AppenderDaemon$$Lambda$586/1927792194@f68ccfd] WARN  server.GrpcLogAppender (GrpcLogAppender.java:mayWait(143)) - c193ce51-f881-48bb-a5d6-6cdb2075116e@group-C825CE6F0EB5->c3ba2feb-e3c1-413e-bd73-cad472897a56-GrpcLogAppender: Wait interrupted by java.lang.InterruptedException
2019-09-24 18:17:43,705 [grpc-default-executor-1] INFO  impl.StateMachineUpdater (StateMachineUpdater.java:stopAndJoin(125)) - c193ce51-f881-48bb-a5d6-6cdb2075116e@group-C825CE6F0EB5-StateMachineUpdater: set stopIndex = 0
2019-09-24 18:17:43,705 [grpc-default-executor-3] INFO  server.GrpcServerProtocolService (GrpcServerProtocolService.java:onCompleted(113)) - 7c411084-5716-47c5-97f2-dc43e37e1edc: Completed APPEND_ENTRIES, lastRequest: c193ce51-f881-48bb-a5d6-6cdb2075116e->7c411084-5716-47c5-97f2-dc43e37e1edc#0-t7, previous=(t:6, i:0), leaderCommit=0, initializing? false, entries: <empty>
2019-09-24 18:17:43,706 [grpc-default-executor-1] INFO  impl.RaftServerImpl (ServerState.java:close(385)) - c193ce51-f881-48bb-a5d6-6cdb2075116e@group-C825CE6F0EB5: closes. applyIndex: 0
2019-09-24 18:17:43,706 [grpc-default-executor-6] INFO  server.GrpcServerProtocolService (GrpcServerProtocolService.java:onCompleted(113)) - c3ba2feb-e3c1-413e-bd73-cad472897a56: Completed APPEND_ENTRIES, lastRequest: c193ce51-f881-48bb-a5d6-6cdb2075116e->c3ba2feb-e3c1-413e-bd73-cad472897a56#2-t7, previous=(t:7, i:1), leaderCommit=0, initializing? false, entries: <empty>
2019-09-24 18:17:43,707 [grpc-default-executor-3] INFO  server.GrpcLogAppender (GrpcLogAppender.java:onCompleted(293)) - c193ce51-f881-48bb-a5d6-6cdb2075116e@group-C825CE6F0EB5->7c411084-5716-47c5-97f2-dc43e37e1edc-AppendLogResponseHandler: follower responses appendEntries COMPLETED
2019-09-24 18:17:43,709 [grpc-default-executor-6] INFO  server.GrpcLogAppender (GrpcLogAppender.java:onCompleted(293)) - c193ce51-f881-48bb-a5d6-6cdb2075116e@group-C825CE6F0EB5->c3ba2feb-e3c1-413e-bd73-cad472897a56-AppendLogResponseHandler: follower responses appendEntries COMPLETED
2019-09-24 18:17:43,710 [grpc-default-executor-3] INFO  impl.FollowerInfo (FollowerInfo.java:lambda$new$0(51)) - c193ce51-f881-48bb-a5d6-6cdb2075116e@group-C825CE6F0EB5->7c411084-5716-47c5-97f2-dc43e37e1edc: nextIndex: updateUnconditionally 1 -> 0
2019-09-24 18:17:43,710 [grpc-default-executor-6] INFO  impl.FollowerInfo (FollowerInfo.java:lambda$new$0(51)) - c193ce51-f881-48bb-a5d6-6cdb2075116e@group-C825CE6F0EB5->c3ba2feb-e3c1-413e-bd73-cad472897a56: nextIndex: updateUnconditionally 2 -> 1
2019-09-24 18:17:43,981 [c193ce51-f881-48bb-a5d6-6cdb2075116e@group-C825CE6F0EB5-SegmentedRaftLogWorker] WARN  segmented.SegmentedRaftLogOutputStream (SegmentedRaftLogOutputStream.java:<init>(77)) - Hit IOException while creating log segment /workdir/hadoop-ozone/integration-test/target/test-dir/MiniOzoneClusterImpl-2256e15c-84c9-46bf-b493-19471620b231/datanode-2/data/ratis/f686dcbe-2b52-4d7e-b436-c825ce6f0eb5/current/log_inprogress_1, delete the partial file.
2019-09-24 18:17:43,981 [c3ba2feb-e3c1-413e-bd73-cad472897a56@group-C825CE6F0EB5-SegmentedRaftLogWorker] WARN  segmented.SegmentedRaftLogOutputStream (SegmentedRaftLogOutputStream.java:<init>(77)) - Hit IOException while creating log segment /workdir/hadoop-ozone/integration-test/target/test-dir/MiniOzoneClusterImpl-2256e15c-84c9-46bf-b493-19471620b231/datanode-6/data/ratis/f686dcbe-2b52-4d7e-b436-c825ce6f0eb5/current/log_inprogress_1, delete the partial file.
2019-09-24 18:17:43,985 [grpc-default-executor-2] INFO  segmented.SegmentedRaftLogWorker (SegmentedRaftLogWorker.java:close(228)) - c3ba2feb-e3c1-413e-bd73-cad472897a56@group-C825CE6F0EB5-SegmentedRaftLogWorker close()
2019-09-24 18:17:43,985 [grpc-default-executor-1] INFO  segmented.SegmentedRaftLogWorker (SegmentedRaftLogWorker.java:close(228)) - c193ce51-f881-48bb-a5d6-6cdb2075116e@group-C825CE6F0EB5-SegmentedRaftLogWorker close()
2019-09-24 18:17:46,687 [EventQueue-PipelineReportForPipelineReportHandler] ERROR pipeline.PipelineReportHandler (PipelineReportHandler.java:onMessage(82)) - Could not process pipeline report=pipelineID {
  id: "f686dcbe-2b52-4d7e-b436-c825ce6f0eb5"
}
 from dn=c193ce51-f881-48bb-a5d6-6cdb2075116e{ip: 192.168.36.84, host: pr-hdds-2171-6l6hb-1841322612, networkLocation: /default-rack, certSerialId: null} {}
org.apache.ratis.protocol.TimeoutIOException: deadline exceeded after 2999664313ns
	at org.apache.ratis.grpc.GrpcUtil.tryUnwrapException(GrpcUtil.java:82)
	at org.apache.ratis.grpc.GrpcUtil.unwrapException(GrpcUtil.java:75)
	at org.apache.ratis.grpc.client.GrpcClientProtocolClient.blockingCall(GrpcClientProtocolClient.java:178)
	at org.apache.ratis.grpc.client.GrpcClientProtocolClient.groupAdd(GrpcClientProtocolClient.java:147)
	at org.apache.ratis.grpc.client.GrpcClientRpc.sendRequest(GrpcClientRpc.java:94)
	at org.apache.ratis.client.impl.RaftClientImpl.sendRequest(RaftClientImpl.java:278)
	at org.apache.ratis.client.impl.RaftClientImpl.groupRemove(RaftClientImpl.java:215)
	at org.apache.hadoop.hdds.scm.pipeline.RatisPipelineUtils.destroyPipeline(RatisPipelineUtils.java:97)
	at org.apache.hadoop.hdds.scm.pipeline.PipelineReportHandler.processPipelineReport(PipelineReportHandler.java:100)
	at org.apache.hadoop.hdds.scm.pipeline.PipelineReportHandler.onMessage(PipelineReportHandler.java:80)
	at org.apache.hadoop.hdds.scm.pipeline.PipelineReportHandler.onMessage(PipelineReportHandler.java:44)
	at org.apache.hadoop.hdds.server.events.SingleThreadExecutor.lambda$onMessage$1(SingleThreadExecutor.java:85)
	at java.util.concurrent.ThreadPoolExecutor.runWorker(ThreadPoolExecutor.java:1149)
	at java.util.concurrent.ThreadPoolExecutor$Worker.run(ThreadPoolExecutor.java:624)
	at java.lang.Thread.run(Thread.java:748)
Caused by: org.apache.ratis.thirdparty.io.grpc.StatusRuntimeException: DEADLINE_EXCEEDED: deadline exceeded after 2999664313ns
	at org.apache.ratis.thirdparty.io.grpc.stub.ClientCalls.toStatusRuntimeException(ClientCalls.java:233)
	at org.apache.ratis.thirdparty.io.grpc.stub.ClientCalls.getUnchecked(ClientCalls.java:214)
	at org.apache.ratis.thirdparty.io.grpc.stub.ClientCalls.blockingUnaryCall(ClientCalls.java:139)
	at org.apache.ratis.proto.grpc.AdminProtocolServiceGrpc$AdminProtocolServiceBlockingStub.groupManagement(AdminProtocolServiceGrpc.java:274)
	at org.apache.ratis.grpc.client.GrpcClientProtocolClient.lambda$groupAdd$3(GrpcClientProtocolClient.java:149)
	at org.apache.ratis.grpc.client.GrpcClientProtocolClient.blockingCall(GrpcClientProtocolClient.java:176)
	... 12 more
2019-09-24 18:17:54,561 [grpc-default-executor-3] INFO  impl.RaftServerProxy (RaftServerProxy.java:addNew(89)) - c3ba2feb-e3c1-413e-bd73-cad472897a56: addNew group-A51021F0AF86:[c3ba2feb-e3c1-413e-bd73-cad472897a56:192.168.36.84:46228] returns group-A51021F0AF86:java.util.concurrent.CompletableFuture@31925186[Not completed]
2019-09-24 18:17:54,564 [pool-177-thread-1] INFO  impl.RaftServerImpl (RaftServerImpl.java:<init>(95)) - c3ba2feb-e3c1-413e-bd73-cad472897a56: new RaftServerImpl for group-A51021F0AF86:[c3ba2feb-e3c1-413e-bd73-cad472897a56:192.168.36.84:46228] with ContainerStateMachine:uninitialized
2019-09-24 18:17:54,564 [pool-177-thread-1] INFO  server.RaftServerConfigKeys (ConfUtils.java:logGet(43)) - raft.server.rpc.timeout.min = 5s (custom)
2019-09-24 18:17:54,564 [pool-177-thread-1] INFO  server.RaftServerConfigKeys (ConfUtils.java:logGet(43)) - raft.server.rpc.timeout.max = 5200ms (custom)
2019-09-24 18:17:54,564 [pool-177-thread-1] INFO  server.RaftServerConfigKeys (ConfUtils.java:logGet(43)) - raft.server.rpcslowness.timeout = 120s (custom)
2019-09-24 18:17:54,564 [pool-177-thread-1] INFO  server.RaftServerConfigKeys (ConfUtils.java:logGet(43)) - raft.server.sleep.deviation.threshold = 300 (default)
2019-09-24 18:17:54,565 [pool-177-thread-1] INFO  server.RaftServerConfigKeys (ConfUtils.java:logGet(43)) - raft.server.log.appender.install.snapshot.enabled = false (custom)
2019-09-24 18:17:54,565 [pool-177-thread-1] INFO  impl.RaftServerImpl (ServerState.java:<init>(103)) - c3ba2feb-e3c1-413e-bd73-cad472897a56@group-A51021F0AF86: ConfigurationManager, init=-1: [c3ba2feb-e3c1-413e-bd73-cad472897a56:192.168.36.84:46228], old=null, confs=<EMPTY_MAP>
2019-09-24 18:17:54,565 [pool-177-thread-1] INFO  server.RaftServerConfigKeys (ConfUtils.java:logGet(43)) - raft.server.storage.dir = [/workdir/hadoop-ozone/integration-test/target/test-dir/MiniOzoneClusterImpl-2256e15c-84c9-46bf-b493-19471620b231/datanode-6/data/ratis] (custom)
2019-09-24 18:17:54,565 [pool-177-thread-1] INFO  storage.RaftStorageDirectory (RaftStorageDirectory.java:analyzeStorage(246)) - The storage directory /workdir/hadoop-ozone/integration-test/target/test-dir/MiniOzoneClusterImpl-2256e15c-84c9-46bf-b493-19471620b231/datanode-6/data/ratis/3ea23a6f-d9bd-4269-bc30-a51021f0af86 does not exist. Creating ...
2019-09-24 18:17:54,579 [pool-177-thread-1] INFO  storage.RaftStorageDirectory (RaftStorageDirectory.java:tryLock(328)) - Lock on /workdir/hadoop-ozone/integration-test/target/test-dir/MiniOzoneClusterImpl-2256e15c-84c9-46bf-b493-19471620b231/datanode-6/data/ratis/3ea23a6f-d9bd-4269-bc30-a51021f0af86/in_use.lock acquired by nodename 15203@pr-hdds-2171-6l6hb-1841322612
2019-09-24 18:17:54,607 [pool-177-thread-1] INFO  storage.RaftStorage (RaftStorage.java:format(72)) - Storage directory /workdir/hadoop-ozone/integration-test/target/test-dir/MiniOzoneClusterImpl-2256e15c-84c9-46bf-b493-19471620b231/datanode-6/data/ratis/3ea23a6f-d9bd-4269-bc30-a51021f0af86 has been successfully formatted.
2019-09-24 18:17:54,607 [pool-177-thread-1] INFO  ratis.ContainerStateMachine (ContainerStateMachine.java:loadSnapshot(230)) - group-A51021F0AF86: The snapshot info is null. Setting the last applied indexto:(t:0, i:~)
2019-09-24 18:17:54,607 [pool-177-thread-1] INFO  server.RaftServerConfigKeys (ConfUtils.java:logGet(43)) - raft.server.notification.no-leader.timeout = 120s (custom)
2019-09-24 18:17:54,607 [pool-177-thread-1] INFO  server.RaftServerConfigKeys (ConfUtils.java:logGet(43)) - raft.server.log.use.memory = false (default)
2019-09-24 18:17:54,608 [pool-177-thread-1] INFO  server.RaftServerConfigKeys (ConfUtils.java:logGet(43)) - raft.server.log.purge.gap = 1000000 (custom)
2019-09-24 18:17:54,608 [pool-177-thread-1] INFO  server.RaftServerConfigKeys (ConfUtils.java:logGet(43)) - raft.server.log.appender.buffer.byte-limit = 33554432 (custom)
2019-09-24 18:17:54,608 [pool-177-thread-1] INFO  server.RaftServerConfigKeys (ConfUtils.java:logGet(43)) - raft.server.log.segment.size.max = 1048576 (custom)
2019-09-24 18:17:54,608 [pool-177-thread-1] INFO  server.RaftServerConfigKeys (ConfUtils.java:logGet(43)) - raft.server.log.segment.cache.num.max = 2 (custom)
2019-09-24 18:17:54,608 [pool-177-thread-1] INFO  segmented.SegmentedRaftLogWorker (SegmentedRaftLogWorker.java:<init>(172)) - new c3ba2feb-e3c1-413e-bd73-cad472897a56@group-A51021F0AF86-SegmentedRaftLogWorker for RaftStorage:Storage Directory /workdir/hadoop-ozone/integration-test/target/test-dir/MiniOzoneClusterImpl-2256e15c-84c9-46bf-b493-19471620b231/datanode-6/data/ratis/3ea23a6f-d9bd-4269-bc30-a51021f0af86
2019-09-24 18:17:54,608 [pool-177-thread-1] INFO  server.RaftServerConfigKeys (ConfUtils.java:logGet(43)) - raft.server.log.queue.byte-limit = 2147483647 (custom)
2019-09-24 18:17:54,609 [pool-177-thread-1] INFO  server.RaftServerConfigKeys (ConfUtils.java:logGet(43)) - raft.server.log.queue.element-limit = 1024 (custom)
2019-09-24 18:17:54,609 [pool-177-thread-1] INFO  server.RaftServerConfigKeys (ConfUtils.java:logGet(43)) - raft.server.log.segment.size.max = 1048576 (custom)
2019-09-24 18:17:54,609 [pool-177-thread-1] INFO  server.RaftServerConfigKeys (ConfUtils.java:logGet(43)) - raft.server.log.preallocated.size = 16384 (custom)
2019-09-24 18:17:54,609 [pool-177-thread-1] INFO  server.RaftServerConfigKeys (ConfUtils.java:logGet(43)) - raft.server.log.write.buffer.size = 33554432 (custom)
2019-09-24 18:17:54,609 [pool-177-thread-1] INFO  server.RaftServerConfigKeys (ConfUtils.java:logGet(43)) - raft.server.log.force.sync.num = 128 (default)
2019-09-24 18:17:54,609 [pool-177-thread-1] INFO  server.RaftServerConfigKeys (ConfUtils.java:logGet(43)) - raft.server.log.statemachine.data.sync = true (default)
2019-09-24 18:17:54,610 [pool-177-thread-1] INFO  server.RaftServerConfigKeys (ConfUtils.java:logGet(43)) - raft.server.log.statemachine.data.sync.timeout = 10s (default)
2019-09-24 18:17:54,610 [pool-177-thread-1] INFO  server.RaftServerConfigKeys (ConfUtils.java:logGet(43)) - raft.server.log.statemachine.data.sync.timeout.retry = -1 (default)
2019-09-24 18:17:54,610 [pool-177-thread-1] INFO  server.RaftServerConfigKeys (ConfUtils.java:logGet(43)) - raft.server.log.statemachine.data.caching.enabled = true (custom)
2019-09-24 18:17:54,610 [pool-177-thread-1] INFO  segmented.SegmentedRaftLogWorker (SegmentedRaftLogWorker.java:lambda$new$0(132)) - c3ba2feb-e3c1-413e-bd73-cad472897a56@group-A51021F0AF86-SegmentedRaftLogWorker: flushIndex: setUnconditionally 0 -> -1
2019-09-24 18:17:54,611 [pool-177-thread-1] INFO  server.RaftServerConfigKeys (ConfUtils.java:logGet(43)) - raft.server.snapshot.auto.trigger.enabled = true (custom)
2019-09-24 18:17:54,611 [pool-177-thread-1] INFO  server.RaftServerConfigKeys (ConfUtils.java:logGet(43)) - raft.server.snapshot.auto.trigger.threshold = 10000 (custom)
2019-09-24 18:17:54,611 [pool-177-thread-1] INFO  server.RaftServerConfigKeys (ConfUtils.java:logGet(43)) - raft.server.snapshot.retention.num.files = 5 (custom)
2019-09-24 18:17:54,611 [pool-177-thread-1] INFO  server.RaftServerConfigKeys (ConfUtils.java:logGet(43)) - raft.server.retrycache.expirytime = 600000ms (custom)
2019-09-24 18:17:54,614 [pool-177-thread-1] INFO  impl.RaftServerImpl (RaftServerImpl.java:start(185)) - c3ba2feb-e3c1-413e-bd73-cad472897a56@group-A51021F0AF86: start as a follower, conf=-1: [c3ba2feb-e3c1-413e-bd73-cad472897a56:192.168.36.84:46228], old=null
2019-09-24 18:17:54,614 [pool-177-thread-1] INFO  impl.RaftServerImpl (RaftServerImpl.java:setRole(174)) - c3ba2feb-e3c1-413e-bd73-cad472897a56@group-A51021F0AF86: changes role from      null to FOLLOWER at term 0 for startAsFollower
2019-09-24 18:17:54,614 [pool-177-thread-1] INFO  impl.RoleInfo (RoleInfo.java:updateAndGet(143)) - c3ba2feb-e3c1-413e-bd73-cad472897a56: start FollowerState
2019-09-24 18:17:54,615 [pool-177-thread-1] INFO  util.JmxRegister (JmxRegister.java:tryRegister(44)) - Successfully registered JMX Bean with object name Ratis:service=RaftServer,group=group-A51021F0AF86,id=c3ba2feb-e3c1-413e-bd73-cad472897a56
2019-09-24 18:17:54,618 [RatisPipelineUtilsThread] INFO  pipeline.PipelineStateManager (PipelineStateManager.java:addPipeline(56)) - Created pipeline Pipeline[ Id: 3ea23a6f-d9bd-4269-bc30-a51021f0af86, Nodes: c3ba2feb-e3c1-413e-bd73-cad472897a56{ip: 192.168.36.84, host: pr-hdds-2171-6l6hb-1841322612, networkLocation: /default-rack, certSerialId: null}, Type:RATIS, Factor:ONE, State:OPEN]
2019-09-24 18:17:54,624 [grpc-default-executor-3] INFO  impl.RaftServerProxy (RaftServerProxy.java:addNew(89)) - dc518f1e-76ea-446f-acc5-d49b23344d5e: addNew group-C9BA36F42A70:[dc518f1e-76ea-446f-acc5-d49b23344d5e:192.168.36.84:45108] returns group-C9BA36F42A70:java.util.concurrent.CompletableFuture@54c0ea3d[Not completed]
2019-09-24 18:17:54,625 [pool-167-thread-1] INFO  impl.RaftServerImpl (RaftServerImpl.java:<init>(95)) - dc518f1e-76ea-446f-acc5-d49b23344d5e: new RaftServerImpl for group-C9BA36F42A70:[dc518f1e-76ea-446f-acc5-d49b23344d5e:192.168.36.84:45108] with ContainerStateMachine:uninitialized
2019-09-24 18:17:54,626 [pool-167-thread-1] INFO  server.RaftServerConfigKeys (ConfUtils.java:logGet(43)) - raft.server.rpc.timeout.min = 5s (custom)
2019-09-24 18:17:54,626 [pool-167-thread-1] INFO  server.RaftServerConfigKeys (ConfUtils.java:logGet(43)) - raft.server.rpc.timeout.max = 5200ms (custom)
2019-09-24 18:17:54,626 [pool-167-thread-1] INFO  server.RaftServerConfigKeys (ConfUtils.java:logGet(43)) - raft.server.rpcslowness.timeout = 120s (custom)
2019-09-24 18:17:54,626 [pool-167-thread-1] INFO  server.RaftServerConfigKeys (ConfUtils.java:logGet(43)) - raft.server.sleep.deviation.threshold = 300 (default)
2019-09-24 18:17:54,626 [pool-167-thread-1] INFO  server.RaftServerConfigKeys (ConfUtils.java:logGet(43)) - raft.server.log.appender.install.snapshot.enabled = false (custom)
2019-09-24 18:17:54,626 [pool-167-thread-1] INFO  impl.RaftServerImpl (ServerState.java:<init>(103)) - dc518f1e-76ea-446f-acc5-d49b23344d5e@group-C9BA36F42A70: ConfigurationManager, init=-1: [dc518f1e-76ea-446f-acc5-d49b23344d5e:192.168.36.84:45108], old=null, confs=<EMPTY_MAP>
2019-09-24 18:17:54,627 [pool-167-thread-1] INFO  server.RaftServerConfigKeys (ConfUtils.java:logGet(43)) - raft.server.storage.dir = [/workdir/hadoop-ozone/integration-test/target/test-dir/MiniOzoneClusterImpl-2256e15c-84c9-46bf-b493-19471620b231/datanode-5/data/ratis] (custom)
2019-09-24 18:17:54,627 [pool-167-thread-1] INFO  storage.RaftStorageDirectory (RaftStorageDirectory.java:analyzeStorage(246)) - The storage directory /workdir/hadoop-ozone/integration-test/target/test-dir/MiniOzoneClusterImpl-2256e15c-84c9-46bf-b493-19471620b231/datanode-5/data/ratis/54428cd4-3590-4e18-bd45-c9ba36f42a70 does not exist. Creating ...
2019-09-24 18:17:54,641 [pool-167-thread-1] INFO  storage.RaftStorageDirectory (RaftStorageDirectory.java:tryLock(328)) - Lock on /workdir/hadoop-ozone/integration-test/target/test-dir/MiniOzoneClusterImpl-2256e15c-84c9-46bf-b493-19471620b231/datanode-5/data/ratis/54428cd4-3590-4e18-bd45-c9ba36f42a70/in_use.lock acquired by nodename 15203@pr-hdds-2171-6l6hb-1841322612
2019-09-24 18:17:54,655 [pool-167-thread-1] INFO  storage.RaftStorage (RaftStorage.java:format(72)) - Storage directory /workdir/hadoop-ozone/integration-test/target/test-dir/MiniOzoneClusterImpl-2256e15c-84c9-46bf-b493-19471620b231/datanode-5/data/ratis/54428cd4-3590-4e18-bd45-c9ba36f42a70 has been successfully formatted.
2019-09-24 18:17:54,655 [pool-167-thread-1] INFO  ratis.ContainerStateMachine (ContainerStateMachine.java:loadSnapshot(230)) - group-C9BA36F42A70: The snapshot info is null. Setting the last applied indexto:(t:0, i:~)
2019-09-24 18:17:54,655 [pool-167-thread-1] INFO  server.RaftServerConfigKeys (ConfUtils.java:logGet(43)) - raft.server.notification.no-leader.timeout = 120s (custom)
2019-09-24 18:17:54,655 [pool-167-thread-1] INFO  server.RaftServerConfigKeys (ConfUtils.java:logGet(43)) - raft.server.log.use.memory = false (default)
2019-09-24 18:17:54,656 [pool-167-thread-1] INFO  server.RaftServerConfigKeys (ConfUtils.java:logGet(43)) - raft.server.log.purge.gap = 1000000 (custom)
2019-09-24 18:17:54,656 [pool-167-thread-1] INFO  server.RaftServerConfigKeys (ConfUtils.java:logGet(43)) - raft.server.log.appender.buffer.byte-limit = 33554432 (custom)
2019-09-24 18:17:54,656 [pool-167-thread-1] INFO  server.RaftServerConfigKeys (ConfUtils.java:logGet(43)) - raft.server.log.segment.size.max = 1048576 (custom)
2019-09-24 18:17:54,656 [pool-167-thread-1] INFO  server.RaftServerConfigKeys (ConfUtils.java:logGet(43)) - raft.server.log.segment.cache.num.max = 2 (custom)
2019-09-24 18:17:54,656 [pool-167-thread-1] INFO  segmented.SegmentedRaftLogWorker (SegmentedRaftLogWorker.java:<init>(172)) - new dc518f1e-76ea-446f-acc5-d49b23344d5e@group-C9BA36F42A70-SegmentedRaftLogWorker for RaftStorage:Storage Directory /workdir/hadoop-ozone/integration-test/target/test-dir/MiniOzoneClusterImpl-2256e15c-84c9-46bf-b493-19471620b231/datanode-5/data/ratis/54428cd4-3590-4e18-bd45-c9ba36f42a70
2019-09-24 18:17:54,656 [pool-167-thread-1] INFO  server.RaftServerConfigKeys (ConfUtils.java:logGet(43)) - raft.server.log.queue.byte-limit = 2147483647 (custom)
2019-09-24 18:17:54,657 [pool-167-thread-1] INFO  server.RaftServerConfigKeys (ConfUtils.java:logGet(43)) - raft.server.log.queue.element-limit = 1024 (custom)
2019-09-24 18:17:54,657 [pool-167-thread-1] INFO  server.RaftServerConfigKeys (ConfUtils.java:logGet(43)) - raft.server.log.segment.size.max = 1048576 (custom)
2019-09-24 18:17:54,657 [pool-167-thread-1] INFO  server.RaftServerConfigKeys (ConfUtils.java:logGet(43)) - raft.server.log.preallocated.size = 16384 (custom)
2019-09-24 18:17:54,657 [pool-167-thread-1] INFO  server.RaftServerConfigKeys (ConfUtils.java:logGet(43)) - raft.server.log.write.buffer.size = 33554432 (custom)
2019-09-24 18:17:54,657 [pool-167-thread-1] INFO  server.RaftServerConfigKeys (ConfUtils.java:logGet(43)) - raft.server.log.force.sync.num = 128 (default)
2019-09-24 18:17:54,657 [pool-167-thread-1] INFO  server.RaftServerConfigKeys (ConfUtils.java:logGet(43)) - raft.server.log.statemachine.data.sync = true (default)
2019-09-24 18:17:54,657 [pool-167-thread-1] INFO  server.RaftServerConfigKeys (ConfUtils.java:logGet(43)) - raft.server.log.statemachine.data.sync.timeout = 10s (default)
2019-09-24 18:17:54,658 [pool-167-thread-1] INFO  server.RaftServerConfigKeys (ConfUtils.java:logGet(43)) - raft.server.log.statemachine.data.sync.timeout.retry = -1 (default)
2019-09-24 18:17:54,658 [pool-167-thread-1] INFO  server.RaftServerConfigKeys (ConfUtils.java:logGet(43)) - raft.server.log.statemachine.data.caching.enabled = true (custom)
2019-09-24 18:17:54,658 [pool-167-thread-1] INFO  segmented.SegmentedRaftLogWorker (SegmentedRaftLogWorker.java:lambda$new$0(132)) - dc518f1e-76ea-446f-acc5-d49b23344d5e@group-C9BA36F42A70-SegmentedRaftLogWorker: flushIndex: setUnconditionally 0 -> -1
2019-09-24 18:17:54,658 [pool-167-thread-1] INFO  server.RaftServerConfigKeys (ConfUtils.java:logGet(43)) - raft.server.snapshot.auto.trigger.enabled = true (custom)
2019-09-24 18:17:54,659 [pool-167-thread-1] INFO  server.RaftServerConfigKeys (ConfUtils.java:logGet(43)) - raft.server.snapshot.auto.trigger.threshold = 10000 (custom)
2019-09-24 18:17:54,659 [pool-167-thread-1] INFO  server.RaftServerConfigKeys (ConfUtils.java:logGet(43)) - raft.server.snapshot.retention.num.files = 5 (custom)
2019-09-24 18:17:54,659 [pool-167-thread-1] INFO  server.RaftServerConfigKeys (ConfUtils.java:logGet(43)) - raft.server.retrycache.expirytime = 600000ms (custom)
2019-09-24 18:17:54,662 [pool-167-thread-1] INFO  impl.RaftServerImpl (RaftServerImpl.java:start(185)) - dc518f1e-76ea-446f-acc5-d49b23344d5e@group-C9BA36F42A70: start as a follower, conf=-1: [dc518f1e-76ea-446f-acc5-d49b23344d5e:192.168.36.84:45108], old=null
2019-09-24 18:17:54,662 [pool-167-thread-1] INFO  impl.RaftServerImpl (RaftServerImpl.java:setRole(174)) - dc518f1e-76ea-446f-acc5-d49b23344d5e@group-C9BA36F42A70: changes role from      null to FOLLOWER at term 0 for startAsFollower
2019-09-24 18:17:54,662 [pool-167-thread-1] INFO  impl.RoleInfo (RoleInfo.java:updateAndGet(143)) - dc518f1e-76ea-446f-acc5-d49b23344d5e: start FollowerState
2019-09-24 18:17:54,662 [pool-167-thread-1] INFO  util.JmxRegister (JmxRegister.java:tryRegister(44)) - Successfully registered JMX Bean with object name Ratis:service=RaftServer,group=group-C9BA36F42A70,id=dc518f1e-76ea-446f-acc5-d49b23344d5e
2019-09-24 18:17:54,664 [RatisPipelineUtilsThread] INFO  pipeline.PipelineStateManager (PipelineStateManager.java:addPipeline(56)) - Created pipeline Pipeline[ Id: 54428cd4-3590-4e18-bd45-c9ba36f42a70, Nodes: dc518f1e-76ea-446f-acc5-d49b23344d5e{ip: 192.168.36.84, host: pr-hdds-2171-6l6hb-1841322612, networkLocation: /default-rack, certSerialId: null}, Type:RATIS, Factor:ONE, State:OPEN]
2019-09-24 18:17:54,686 [grpc-default-executor-3] INFO  impl.RaftServerProxy (RaftServerProxy.java:addNew(89)) - 7c411084-5716-47c5-97f2-dc43e37e1edc: addNew group-93C3789A707A:[c193ce51-f881-48bb-a5d6-6cdb2075116e:192.168.36.84:43582, c3ba2feb-e3c1-413e-bd73-cad472897a56:192.168.36.84:46228, 7c411084-5716-47c5-97f2-dc43e37e1edc:192.168.36.84:35497] returns group-93C3789A707A:java.util.concurrent.CompletableFuture@50606881[Not completed]
2019-09-24 18:17:54,686 [grpc-default-executor-1] INFO  impl.RaftServerProxy (RaftServerProxy.java:addNew(89)) - c3ba2feb-e3c1-413e-bd73-cad472897a56: addNew group-93C3789A707A:[c193ce51-f881-48bb-a5d6-6cdb2075116e:192.168.36.84:43582, c3ba2feb-e3c1-413e-bd73-cad472897a56:192.168.36.84:46228, 7c411084-5716-47c5-97f2-dc43e37e1edc:192.168.36.84:35497] returns group-93C3789A707A:java.util.concurrent.CompletableFuture@1e5a00a[Not completed]
2019-09-24 18:17:54,686 [grpc-default-executor-2] INFO  impl.RaftServerProxy (RaftServerProxy.java:addNew(89)) - c193ce51-f881-48bb-a5d6-6cdb2075116e: addNew group-93C3789A707A:[c193ce51-f881-48bb-a5d6-6cdb2075116e:192.168.36.84:43582, c3ba2feb-e3c1-413e-bd73-cad472897a56:192.168.36.84:46228, 7c411084-5716-47c5-97f2-dc43e37e1edc:192.168.36.84:35497] returns group-93C3789A707A:java.util.concurrent.CompletableFuture@4b9d4217[Not completed]
2019-09-24 18:17:54,688 [pool-177-thread-1] INFO  impl.RaftServerImpl (RaftServerImpl.java:<init>(95)) - c3ba2feb-e3c1-413e-bd73-cad472897a56: new RaftServerImpl for group-93C3789A707A:[c193ce51-f881-48bb-a5d6-6cdb2075116e:192.168.36.84:43582, c3ba2feb-e3c1-413e-bd73-cad472897a56:192.168.36.84:46228, 7c411084-5716-47c5-97f2-dc43e37e1edc:192.168.36.84:35497] with ContainerStateMachine:uninitialized
2019-09-24 18:17:54,688 [pool-177-thread-1] INFO  server.RaftServerConfigKeys (ConfUtils.java:logGet(43)) - raft.server.rpc.timeout.min = 5s (custom)
2019-09-24 18:17:54,688 [pool-177-thread-1] INFO  server.RaftServerConfigKeys (ConfUtils.java:logGet(43)) - raft.server.rpc.timeout.max = 5200ms (custom)
2019-09-24 18:17:54,688 [pool-177-thread-1] INFO  server.RaftServerConfigKeys (ConfUtils.java:logGet(43)) - raft.server.rpcslowness.timeout = 120s (custom)
2019-09-24 18:17:54,688 [pool-177-thread-1] INFO  server.RaftServerConfigKeys (ConfUtils.java:logGet(43)) - raft.server.sleep.deviation.threshold = 300 (default)
2019-09-24 18:17:54,688 [pool-177-thread-1] INFO  server.RaftServerConfigKeys (ConfUtils.java:logGet(43)) - raft.server.log.appender.install.snapshot.enabled = false (custom)
2019-09-24 18:17:54,689 [pool-177-thread-1] INFO  impl.RaftServerImpl (ServerState.java:<init>(103)) - c3ba2feb-e3c1-413e-bd73-cad472897a56@group-93C3789A707A: ConfigurationManager, init=-1: [c193ce51-f881-48bb-a5d6-6cdb2075116e:192.168.36.84:43582, c3ba2feb-e3c1-413e-bd73-cad472897a56:192.168.36.84:46228, 7c411084-5716-47c5-97f2-dc43e37e1edc:192.168.36.84:35497], old=null, confs=<EMPTY_MAP>
2019-09-24 18:17:54,689 [pool-177-thread-1] INFO  server.RaftServerConfigKeys (ConfUtils.java:logGet(43)) - raft.server.storage.dir = [/workdir/hadoop-ozone/integration-test/target/test-dir/MiniOzoneClusterImpl-2256e15c-84c9-46bf-b493-19471620b231/datanode-6/data/ratis] (custom)
2019-09-24 18:17:54,689 [pool-177-thread-1] INFO  storage.RaftStorageDirectory (RaftStorageDirectory.java:analyzeStorage(246)) - The storage directory /workdir/hadoop-ozone/integration-test/target/test-dir/MiniOzoneClusterImpl-2256e15c-84c9-46bf-b493-19471620b231/datanode-6/data/ratis/ebbc7734-7438-4e37-8f68-93c3789a707a does not exist. Creating ...
2019-09-24 18:17:54,689 [pool-137-thread-1] INFO  impl.RaftServerImpl (RaftServerImpl.java:<init>(95)) - c193ce51-f881-48bb-a5d6-6cdb2075116e: new RaftServerImpl for group-93C3789A707A:[c193ce51-f881-48bb-a5d6-6cdb2075116e:192.168.36.84:43582, c3ba2feb-e3c1-413e-bd73-cad472897a56:192.168.36.84:46228, 7c411084-5716-47c5-97f2-dc43e37e1edc:192.168.36.84:35497] with ContainerStateMachine:uninitialized
2019-09-24 18:17:54,690 [pool-137-thread-1] INFO  server.RaftServerConfigKeys (ConfUtils.java:logGet(43)) - raft.server.rpc.timeout.min = 5s (custom)
2019-09-24 18:17:54,690 [pool-137-thread-1] INFO  server.RaftServerConfigKeys (ConfUtils.java:logGet(43)) - raft.server.rpc.timeout.max = 5200ms (custom)
2019-09-24 18:17:54,690 [pool-137-thread-1] INFO  server.RaftServerConfigKeys (ConfUtils.java:logGet(43)) - raft.server.rpcslowness.timeout = 120s (custom)
2019-09-24 18:17:54,690 [pool-137-thread-1] INFO  server.RaftServerConfigKeys (ConfUtils.java:logGet(43)) - raft.server.sleep.deviation.threshold = 300 (default)
2019-09-24 18:17:54,690 [pool-127-thread-1] INFO  impl.RaftServerImpl (RaftServerImpl.java:<init>(95)) - 7c411084-5716-47c5-97f2-dc43e37e1edc: new RaftServerImpl for group-93C3789A707A:[c193ce51-f881-48bb-a5d6-6cdb2075116e:192.168.36.84:43582, c3ba2feb-e3c1-413e-bd73-cad472897a56:192.168.36.84:46228, 7c411084-5716-47c5-97f2-dc43e37e1edc:192.168.36.84:35497] with ContainerStateMachine:uninitialized
2019-09-24 18:17:54,690 [pool-137-thread-1] INFO  server.RaftServerConfigKeys (ConfUtils.java:logGet(43)) - raft.server.log.appender.install.snapshot.enabled = false (custom)
2019-09-24 18:17:54,690 [pool-127-thread-1] INFO  server.RaftServerConfigKeys (ConfUtils.java:logGet(43)) - raft.server.rpc.timeout.min = 5s (custom)
2019-09-24 18:17:54,690 [pool-137-thread-1] INFO  impl.RaftServerImpl (ServerState.java:<init>(103)) - c193ce51-f881-48bb-a5d6-6cdb2075116e@group-93C3789A707A: ConfigurationManager, init=-1: [c193ce51-f881-48bb-a5d6-6cdb2075116e:192.168.36.84:43582, c3ba2feb-e3c1-413e-bd73-cad472897a56:192.168.36.84:46228, 7c411084-5716-47c5-97f2-dc43e37e1edc:192.168.36.84:35497], old=null, confs=<EMPTY_MAP>
2019-09-24 18:17:54,690 [pool-127-thread-1] INFO  server.RaftServerConfigKeys (ConfUtils.java:logGet(43)) - raft.server.rpc.timeout.max = 5200ms (custom)
2019-09-24 18:17:54,690 [pool-137-thread-1] INFO  server.RaftServerConfigKeys (ConfUtils.java:logGet(43)) - raft.server.storage.dir = [/workdir/hadoop-ozone/integration-test/target/test-dir/MiniOzoneClusterImpl-2256e15c-84c9-46bf-b493-19471620b231/datanode-2/data/ratis] (custom)
2019-09-24 18:17:54,690 [pool-127-thread-1] INFO  server.RaftServerConfigKeys (ConfUtils.java:logGet(43)) - raft.server.rpcslowness.timeout = 120s (custom)
2019-09-24 18:17:54,691 [pool-127-thread-1] INFO  server.RaftServerConfigKeys (ConfUtils.java:logGet(43)) - raft.server.sleep.deviation.threshold = 300 (default)
2019-09-24 18:17:54,691 [pool-127-thread-1] INFO  server.RaftServerConfigKeys (ConfUtils.java:logGet(43)) - raft.server.log.appender.install.snapshot.enabled = false (custom)
2019-09-24 18:17:54,691 [pool-127-thread-1] INFO  impl.RaftServerImpl (ServerState.java:<init>(103)) - 7c411084-5716-47c5-97f2-dc43e37e1edc@group-93C3789A707A: ConfigurationManager, init=-1: [c193ce51-f881-48bb-a5d6-6cdb2075116e:192.168.36.84:43582, c3ba2feb-e3c1-413e-bd73-cad472897a56:192.168.36.84:46228, 7c411084-5716-47c5-97f2-dc43e37e1edc:192.168.36.84:35497], old=null, confs=<EMPTY_MAP>
2019-09-24 18:17:54,691 [pool-137-thread-1] INFO  storage.RaftStorageDirectory (RaftStorageDirectory.java:analyzeStorage(246)) - The storage directory /workdir/hadoop-ozone/integration-test/target/test-dir/MiniOzoneClusterImpl-2256e15c-84c9-46bf-b493-19471620b231/datanode-2/data/ratis/ebbc7734-7438-4e37-8f68-93c3789a707a does not exist. Creating ...
2019-09-24 18:17:54,691 [pool-127-thread-1] INFO  server.RaftServerConfigKeys (ConfUtils.java:logGet(43)) - raft.server.storage.dir = [/workdir/hadoop-ozone/integration-test/target/test-dir/MiniOzoneClusterImpl-2256e15c-84c9-46bf-b493-19471620b231/datanode-1/data/ratis] (custom)
2019-09-24 18:17:54,691 [pool-127-thread-1] INFO  storage.RaftStorageDirectory (RaftStorageDirectory.java:analyzeStorage(246)) - The storage directory /workdir/hadoop-ozone/integration-test/target/test-dir/MiniOzoneClusterImpl-2256e15c-84c9-46bf-b493-19471620b231/datanode-1/data/ratis/ebbc7734-7438-4e37-8f68-93c3789a707a does not exist. Creating ...
2019-09-24 18:17:54,730 [pool-127-thread-1] INFO  storage.RaftStorageDirectory (RaftStorageDirectory.java:tryLock(328)) - Lock on /workdir/hadoop-ozone/integration-test/target/test-dir/MiniOzoneClusterImpl-2256e15c-84c9-46bf-b493-19471620b231/datanode-1/data/ratis/ebbc7734-7438-4e37-8f68-93c3789a707a/in_use.lock acquired by nodename 15203@pr-hdds-2171-6l6hb-1841322612
2019-09-24 18:17:54,730 [pool-177-thread-1] INFO  storage.RaftStorageDirectory (RaftStorageDirectory.java:tryLock(328)) - Lock on /workdir/hadoop-ozone/integration-test/target/test-dir/MiniOzoneClusterImpl-2256e15c-84c9-46bf-b493-19471620b231/datanode-6/data/ratis/ebbc7734-7438-4e37-8f68-93c3789a707a/in_use.lock acquired by nodename 15203@pr-hdds-2171-6l6hb-1841322612
2019-09-24 18:17:54,730 [pool-137-thread-1] INFO  storage.RaftStorageDirectory (RaftStorageDirectory.java:tryLock(328)) - Lock on /workdir/hadoop-ozone/integration-test/target/test-dir/MiniOzoneClusterImpl-2256e15c-84c9-46bf-b493-19471620b231/datanode-2/data/ratis/ebbc7734-7438-4e37-8f68-93c3789a707a/in_use.lock acquired by nodename 15203@pr-hdds-2171-6l6hb-1841322612
2019-09-24 18:17:54,743 [pool-177-thread-1] INFO  storage.RaftStorage (RaftStorage.java:format(72)) - Storage directory /workdir/hadoop-ozone/integration-test/target/test-dir/MiniOzoneClusterImpl-2256e15c-84c9-46bf-b493-19471620b231/datanode-6/data/ratis/ebbc7734-7438-4e37-8f68-93c3789a707a has been successfully formatted.
2019-09-24 18:17:54,743 [pool-127-thread-1] INFO  storage.RaftStorage (RaftStorage.java:format(72)) - Storage directory /workdir/hadoop-ozone/integration-test/target/test-dir/MiniOzoneClusterImpl-2256e15c-84c9-46bf-b493-19471620b231/datanode-1/data/ratis/ebbc7734-7438-4e37-8f68-93c3789a707a has been successfully formatted.
2019-09-24 18:17:54,743 [pool-177-thread-1] INFO  ratis.ContainerStateMachine (ContainerStateMachine.java:loadSnapshot(230)) - group-93C3789A707A: The snapshot info is null. Setting the last applied indexto:(t:0, i:~)
2019-09-24 18:17:54,743 [pool-137-thread-1] INFO  storage.RaftStorage (RaftStorage.java:format(72)) - Storage directory /workdir/hadoop-ozone/integration-test/target/test-dir/MiniOzoneClusterImpl-2256e15c-84c9-46bf-b493-19471620b231/datanode-2/data/ratis/ebbc7734-7438-4e37-8f68-93c3789a707a has been successfully formatted.
2019-09-24 18:17:54,743 [pool-127-thread-1] INFO  ratis.ContainerStateMachine (ContainerStateMachine.java:loadSnapshot(230)) - group-93C3789A707A: The snapshot info is null. Setting the last applied indexto:(t:0, i:~)
2019-09-24 18:17:54,743 [pool-177-thread-1] INFO  server.RaftServerConfigKeys (ConfUtils.java:logGet(43)) - raft.server.notification.no-leader.timeout = 120s (custom)
2019-09-24 18:17:54,744 [pool-137-thread-1] INFO  ratis.ContainerStateMachine (ContainerStateMachine.java:loadSnapshot(230)) - group-93C3789A707A: The snapshot info is null. Setting the last applied indexto:(t:0, i:~)
2019-09-24 18:17:54,744 [pool-127-thread-1] INFO  server.RaftServerConfigKeys (ConfUtils.java:logGet(43)) - raft.server.notification.no-leader.timeout = 120s (custom)
2019-09-24 18:17:54,744 [pool-137-thread-1] INFO  server.RaftServerConfigKeys (ConfUtils.java:logGet(43)) - raft.server.notification.no-leader.timeout = 120s (custom)
2019-09-24 18:17:54,744 [pool-177-thread-1] INFO  server.RaftServerConfigKeys (ConfUtils.java:logGet(43)) - raft.server.log.use.memory = false (default)
2019-09-24 18:17:54,744 [pool-137-thread-1] INFO  server.RaftServerConfigKeys (ConfUtils.java:logGet(43)) - raft.server.log.use.memory = false (default)
2019-09-24 18:17:54,744 [pool-127-thread-1] INFO  server.RaftServerConfigKeys (ConfUtils.java:logGet(43)) - raft.server.log.use.memory = false (default)
2019-09-24 18:17:54,744 [pool-137-thread-1] INFO  server.RaftServerConfigKeys (ConfUtils.java:logGet(43)) - raft.server.log.purge.gap = 1000000 (custom)
2019-09-24 18:17:54,744 [pool-177-thread-1] INFO  server.RaftServerConfigKeys (ConfUtils.java:logGet(43)) - raft.server.log.purge.gap = 1000000 (custom)
2019-09-24 18:17:54,745 [pool-137-thread-1] INFO  server.RaftServerConfigKeys (ConfUtils.java:logGet(43)) - raft.server.log.appender.buffer.byte-limit = 33554432 (custom)
2019-09-24 18:17:54,745 [pool-137-thread-1] INFO  server.RaftServerConfigKeys (ConfUtils.java:logGet(43)) - raft.server.log.segment.size.max = 1048576 (custom)
2019-09-24 18:17:54,744 [pool-127-thread-1] INFO  server.RaftServerConfigKeys (ConfUtils.java:logGet(43)) - raft.server.log.purge.gap = 1000000 (custom)
2019-09-24 18:17:54,745 [pool-137-thread-1] INFO  server.RaftServerConfigKeys (ConfUtils.java:logGet(43)) - raft.server.log.segment.cache.num.max = 2 (custom)
2019-09-24 18:17:54,745 [pool-177-thread-1] INFO  server.RaftServerConfigKeys (ConfUtils.java:logGet(43)) - raft.server.log.appender.buffer.byte-limit = 33554432 (custom)
2019-09-24 18:17:54,745 [pool-137-thread-1] INFO  segmented.SegmentedRaftLogWorker (SegmentedRaftLogWorker.java:<init>(172)) - new c193ce51-f881-48bb-a5d6-6cdb2075116e@group-93C3789A707A-SegmentedRaftLogWorker for RaftStorage:Storage Directory /workdir/hadoop-ozone/integration-test/target/test-dir/MiniOzoneClusterImpl-2256e15c-84c9-46bf-b493-19471620b231/datanode-2/data/ratis/ebbc7734-7438-4e37-8f68-93c3789a707a
2019-09-24 18:17:54,745 [pool-127-thread-1] INFO  server.RaftServerConfigKeys (ConfUtils.java:logGet(43)) - raft.server.log.appender.buffer.byte-limit = 33554432 (custom)
2019-09-24 18:17:54,746 [pool-137-thread-1] INFO  server.RaftServerConfigKeys (ConfUtils.java:logGet(43)) - raft.server.log.queue.byte-limit = 2147483647 (custom)
2019-09-24 18:17:54,746 [pool-177-thread-1] INFO  server.RaftServerConfigKeys (ConfUtils.java:logGet(43)) - raft.server.log.segment.size.max = 1048576 (custom)
2019-09-24 18:17:54,746 [pool-137-thread-1] INFO  server.RaftServerConfigKeys (ConfUtils.java:logGet(43)) - raft.server.log.queue.element-limit = 1024 (custom)
2019-09-24 18:17:54,746 [pool-127-thread-1] INFO  server.RaftServerConfigKeys (ConfUtils.java:logGet(43)) - raft.server.log.segment.size.max = 1048576 (custom)
2019-09-24 18:17:54,746 [pool-137-thread-1] INFO  server.RaftServerConfigKeys (ConfUtils.java:logGet(43)) - raft.server.log.segment.size.max = 1048576 (custom)
2019-09-24 18:17:54,746 [pool-137-thread-1] INFO  server.RaftServerConfigKeys (ConfUtils.java:logGet(43)) - raft.server.log.preallocated.size = 16384 (custom)
2019-09-24 18:17:54,746 [pool-177-thread-1] INFO  server.RaftServerConfigKeys (ConfUtils.java:logGet(43)) - raft.server.log.segment.cache.num.max = 2 (custom)
2019-09-24 18:17:54,747 [pool-137-thread-1] INFO  server.RaftServerConfigKeys (ConfUtils.java:logGet(43)) - raft.server.log.write.buffer.size = 33554432 (custom)
2019-09-24 18:17:54,746 [pool-127-thread-1] INFO  server.RaftServerConfigKeys (ConfUtils.java:logGet(43)) - raft.server.log.segment.cache.num.max = 2 (custom)
2019-09-24 18:17:54,747 [pool-137-thread-1] INFO  server.RaftServerConfigKeys (ConfUtils.java:logGet(43)) - raft.server.log.force.sync.num = 128 (default)
2019-09-24 18:17:54,747 [pool-137-thread-1] INFO  server.RaftServerConfigKeys (ConfUtils.java:logGet(43)) - raft.server.log.statemachine.data.sync = true (default)
2019-09-24 18:17:54,747 [pool-177-thread-1] INFO  segmented.SegmentedRaftLogWorker (SegmentedRaftLogWorker.java:<init>(172)) - new c3ba2feb-e3c1-413e-bd73-cad472897a56@group-93C3789A707A-SegmentedRaftLogWorker for RaftStorage:Storage Directory /workdir/hadoop-ozone/integration-test/target/test-dir/MiniOzoneClusterImpl-2256e15c-84c9-46bf-b493-19471620b231/datanode-6/data/ratis/ebbc7734-7438-4e37-8f68-93c3789a707a
2019-09-24 18:17:54,747 [pool-137-thread-1] INFO  server.RaftServerConfigKeys (ConfUtils.java:logGet(43)) - raft.server.log.statemachine.data.sync.timeout = 10s (default)
2019-09-24 18:17:54,748 [pool-137-thread-1] INFO  server.RaftServerConfigKeys (ConfUtils.java:logGet(43)) - raft.server.log.statemachine.data.sync.timeout.retry = -1 (default)
2019-09-24 18:17:54,747 [pool-127-thread-1] INFO  segmented.SegmentedRaftLogWorker (SegmentedRaftLogWorker.java:<init>(172)) - new 7c411084-5716-47c5-97f2-dc43e37e1edc@group-93C3789A707A-SegmentedRaftLogWorker for RaftStorage:Storage Directory /workdir/hadoop-ozone/integration-test/target/test-dir/MiniOzoneClusterImpl-2256e15c-84c9-46bf-b493-19471620b231/datanode-1/data/ratis/ebbc7734-7438-4e37-8f68-93c3789a707a
2019-09-24 18:17:54,748 [pool-137-thread-1] INFO  server.RaftServerConfigKeys (ConfUtils.java:logGet(43)) - raft.server.log.statemachine.data.caching.enabled = true (custom)
2019-09-24 18:17:54,748 [pool-177-thread-1] INFO  server.RaftServerConfigKeys (ConfUtils.java:logGet(43)) - raft.server.log.queue.byte-limit = 2147483647 (custom)
2019-09-24 18:17:54,748 [pool-127-thread-1] INFO  server.RaftServerConfigKeys (ConfUtils.java:logGet(43)) - raft.server.log.queue.byte-limit = 2147483647 (custom)
2019-09-24 18:17:54,748 [pool-137-thread-1] INFO  segmented.SegmentedRaftLogWorker (SegmentedRaftLogWorker.java:lambda$new$0(132)) - c193ce51-f881-48bb-a5d6-6cdb2075116e@group-93C3789A707A-SegmentedRaftLogWorker: flushIndex: setUnconditionally 0 -> -1
2019-09-24 18:17:54,748 [pool-177-thread-1] INFO  server.RaftServerConfigKeys (ConfUtils.java:logGet(43)) - raft.server.log.queue.element-limit = 1024 (custom)
2019-09-24 18:17:54,748 [pool-127-thread-1] INFO  server.RaftServerConfigKeys (ConfUtils.java:logGet(43)) - raft.server.log.queue.element-limit = 1024 (custom)
2019-09-24 18:17:54,749 [pool-177-thread-1] INFO  server.RaftServerConfigKeys (ConfUtils.java:logGet(43)) - raft.server.log.segment.size.max = 1048576 (custom)
2019-09-24 18:17:54,749 [pool-127-thread-1] INFO  server.RaftServerConfigKeys (ConfUtils.java:logGet(43)) - raft.server.log.segment.size.max = 1048576 (custom)
2019-09-24 18:17:54,749 [pool-137-thread-1] INFO  server.RaftServerConfigKeys (ConfUtils.java:logGet(43)) - raft.server.snapshot.auto.trigger.enabled = true (custom)
2019-09-24 18:17:54,749 [pool-127-thread-1] INFO  server.RaftServerConfigKeys (ConfUtils.java:logGet(43)) - raft.server.log.preallocated.size = 16384 (custom)
2019-09-24 18:17:54,749 [pool-177-thread-1] INFO  server.RaftServerConfigKeys (ConfUtils.java:logGet(43)) - raft.server.log.preallocated.size = 16384 (custom)
2019-09-24 18:17:54,749 [pool-127-thread-1] INFO  server.RaftServerConfigKeys (ConfUtils.java:logGet(43)) - raft.server.log.write.buffer.size = 33554432 (custom)
2019-09-24 18:17:54,749 [pool-137-thread-1] INFO  server.RaftServerConfigKeys (ConfUtils.java:logGet(43)) - raft.server.snapshot.auto.trigger.threshold = 10000 (custom)
2019-09-24 18:17:54,749 [pool-127-thread-1] INFO  server.RaftServerConfigKeys (ConfUtils.java:logGet(43)) - raft.server.log.force.sync.num = 128 (default)
2019-09-24 18:17:54,750 [pool-127-thread-1] INFO  server.RaftServerConfigKeys (ConfUtils.java:logGet(43)) - raft.server.log.statemachine.data.sync = true (default)
2019-09-24 18:17:54,749 [pool-177-thread-1] INFO  server.RaftServerConfigKeys (ConfUtils.java:logGet(43)) - raft.server.log.write.buffer.size = 33554432 (custom)
2019-09-24 18:17:54,750 [pool-127-thread-1] INFO  server.RaftServerConfigKeys (ConfUtils.java:logGet(43)) - raft.server.log.statemachine.data.sync.timeout = 10s (default)
2019-09-24 18:17:54,750 [pool-137-thread-1] INFO  server.RaftServerConfigKeys (ConfUtils.java:logGet(43)) - raft.server.snapshot.retention.num.files = 5 (custom)
2019-09-24 18:17:54,750 [pool-127-thread-1] INFO  server.RaftServerConfigKeys (ConfUtils.java:logGet(43)) - raft.server.log.statemachine.data.sync.timeout.retry = -1 (default)
2019-09-24 18:17:54,750 [pool-177-thread-1] INFO  server.RaftServerConfigKeys (ConfUtils.java:logGet(43)) - raft.server.log.force.sync.num = 128 (default)
2019-09-24 18:17:54,750 [pool-127-thread-1] INFO  server.RaftServerConfigKeys (ConfUtils.java:logGet(43)) - raft.server.log.statemachine.data.caching.enabled = true (custom)
2019-09-24 18:17:54,750 [pool-137-thread-1] INFO  server.RaftServerConfigKeys (ConfUtils.java:logGet(43)) - raft.server.retrycache.expirytime = 600000ms (custom)
2019-09-24 18:17:54,750 [pool-177-thread-1] INFO  server.RaftServerConfigKeys (ConfUtils.java:logGet(43)) - raft.server.log.statemachine.data.sync = true (default)
2019-09-24 18:17:54,751 [pool-127-thread-1] INFO  segmented.SegmentedRaftLogWorker (SegmentedRaftLogWorker.java:lambda$new$0(132)) - 7c411084-5716-47c5-97f2-dc43e37e1edc@group-93C3789A707A-SegmentedRaftLogWorker: flushIndex: setUnconditionally 0 -> -1
2019-09-24 18:17:54,751 [pool-177-thread-1] INFO  server.RaftServerConfigKeys (ConfUtils.java:logGet(43)) - raft.server.log.statemachine.data.sync.timeout = 10s (default)
2019-09-24 18:17:54,751 [pool-177-thread-1] INFO  server.RaftServerConfigKeys (ConfUtils.java:logGet(43)) - raft.server.log.statemachine.data.sync.timeout.retry = -1 (default)
2019-09-24 18:17:54,751 [pool-127-thread-1] INFO  server.RaftServerConfigKeys (ConfUtils.java:logGet(43)) - raft.server.snapshot.auto.trigger.enabled = true (custom)
2019-09-24 18:17:54,751 [pool-177-thread-1] INFO  server.RaftServerConfigKeys (ConfUtils.java:logGet(43)) - raft.server.log.statemachine.data.caching.enabled = true (custom)
2019-09-24 18:17:54,751 [pool-127-thread-1] INFO  server.RaftServerConfigKeys (ConfUtils.java:logGet(43)) - raft.server.snapshot.auto.trigger.threshold = 10000 (custom)
2019-09-24 18:17:54,752 [pool-127-thread-1] INFO  server.RaftServerConfigKeys (ConfUtils.java:logGet(43)) - raft.server.snapshot.retention.num.files = 5 (custom)
2019-09-24 18:17:54,752 [pool-177-thread-1] INFO  segmented.SegmentedRaftLogWorker (SegmentedRaftLogWorker.java:lambda$new$0(132)) - c3ba2feb-e3c1-413e-bd73-cad472897a56@group-93C3789A707A-SegmentedRaftLogWorker: flushIndex: setUnconditionally 0 -> -1
2019-09-24 18:17:54,752 [pool-127-thread-1] INFO  server.RaftServerConfigKeys (ConfUtils.java:logGet(43)) - raft.server.retrycache.expirytime = 600000ms (custom)
2019-09-24 18:17:54,752 [pool-177-thread-1] INFO  server.RaftServerConfigKeys (ConfUtils.java:logGet(43)) - raft.server.snapshot.auto.trigger.enabled = true (custom)
2019-09-24 18:17:54,752 [pool-177-thread-1] INFO  server.RaftServerConfigKeys (ConfUtils.java:logGet(43)) - raft.server.snapshot.auto.trigger.threshold = 10000 (custom)
2019-09-24 18:17:54,752 [pool-177-thread-1] INFO  server.RaftServerConfigKeys (ConfUtils.java:logGet(43)) - raft.server.snapshot.retention.num.files = 5 (custom)
2019-09-24 18:17:54,752 [pool-177-thread-1] INFO  server.RaftServerConfigKeys (ConfUtils.java:logGet(43)) - raft.server.retrycache.expirytime = 600000ms (custom)
2019-09-24 18:17:54,754 [pool-137-thread-1] INFO  impl.RaftServerImpl (RaftServerImpl.java:start(185)) - c193ce51-f881-48bb-a5d6-6cdb2075116e@group-93C3789A707A: start as a follower, conf=-1: [c193ce51-f881-48bb-a5d6-6cdb2075116e:192.168.36.84:43582, c3ba2feb-e3c1-413e-bd73-cad472897a56:192.168.36.84:46228, 7c411084-5716-47c5-97f2-dc43e37e1edc:192.168.36.84:35497], old=null
2019-09-24 18:17:54,755 [pool-137-thread-1] INFO  impl.RaftServerImpl (RaftServerImpl.java:setRole(174)) - c193ce51-f881-48bb-a5d6-6cdb2075116e@group-93C3789A707A: changes role from      null to FOLLOWER at term 0 for startAsFollower
2019-09-24 18:17:54,755 [pool-137-thread-1] INFO  impl.RoleInfo (RoleInfo.java:updateAndGet(143)) - c193ce51-f881-48bb-a5d6-6cdb2075116e: start FollowerState
2019-09-24 18:17:54,755 [pool-137-thread-1] INFO  util.JmxRegister (JmxRegister.java:tryRegister(44)) - Successfully registered JMX Bean with object name Ratis:service=RaftServer,group=group-93C3789A707A,id=c193ce51-f881-48bb-a5d6-6cdb2075116e
2019-09-24 18:17:54,756 [pool-127-thread-1] INFO  impl.RaftServerImpl (RaftServerImpl.java:start(185)) - 7c411084-5716-47c5-97f2-dc43e37e1edc@group-93C3789A707A: start as a follower, conf=-1: [c193ce51-f881-48bb-a5d6-6cdb2075116e:192.168.36.84:43582, c3ba2feb-e3c1-413e-bd73-cad472897a56:192.168.36.84:46228, 7c411084-5716-47c5-97f2-dc43e37e1edc:192.168.36.84:35497], old=null
2019-09-24 18:17:54,756 [pool-127-thread-1] INFO  impl.RaftServerImpl (RaftServerImpl.java:setRole(174)) - 7c411084-5716-47c5-97f2-dc43e37e1edc@group-93C3789A707A: changes role from      null to FOLLOWER at term 0 for startAsFollower
2019-09-24 18:17:54,756 [pool-127-thread-1] INFO  impl.RoleInfo (RoleInfo.java:updateAndGet(143)) - 7c411084-5716-47c5-97f2-dc43e37e1edc: start FollowerState
2019-09-24 18:17:54,756 [pool-177-thread-1] INFO  impl.RaftServerImpl (RaftServerImpl.java:start(185)) - c3ba2feb-e3c1-413e-bd73-cad472897a56@group-93C3789A707A: start as a follower, conf=-1: [c193ce51-f881-48bb-a5d6-6cdb2075116e:192.168.36.84:43582, c3ba2feb-e3c1-413e-bd73-cad472897a56:192.168.36.84:46228, 7c411084-5716-47c5-97f2-dc43e37e1edc:192.168.36.84:35497], old=null
2019-09-24 18:17:54,756 [pool-177-thread-1] INFO  impl.RaftServerImpl (RaftServerImpl.java:setRole(174)) - c3ba2feb-e3c1-413e-bd73-cad472897a56@group-93C3789A707A: changes role from      null to FOLLOWER at term 0 for startAsFollower
2019-09-24 18:17:54,756 [pool-127-thread-1] INFO  util.JmxRegister (JmxRegister.java:tryRegister(44)) - Successfully registered JMX Bean with object name Ratis:service=RaftServer,group=group-93C3789A707A,id=7c411084-5716-47c5-97f2-dc43e37e1edc
2019-09-24 18:17:54,756 [pool-177-thread-1] INFO  impl.RoleInfo (RoleInfo.java:updateAndGet(143)) - c3ba2feb-e3c1-413e-bd73-cad472897a56: start FollowerState
2019-09-24 18:17:54,757 [pool-177-thread-1] INFO  util.JmxRegister (JmxRegister.java:tryRegister(44)) - Successfully registered JMX Bean with object name Ratis:service=RaftServer,group=group-93C3789A707A,id=c3ba2feb-e3c1-413e-bd73-cad472897a56
2019-09-24 18:17:54,759 [RatisPipelineUtilsThread] INFO  pipeline.PipelineStateManager (PipelineStateManager.java:addPipeline(56)) - Created pipeline Pipeline[ Id: ebbc7734-7438-4e37-8f68-93c3789a707a, Nodes: 7c411084-5716-47c5-97f2-dc43e37e1edc{ip: 192.168.36.84, host: pr-hdds-2171-6l6hb-1841322612, networkLocation: /default-rack, certSerialId: null}c3ba2feb-e3c1-413e-bd73-cad472897a56{ip: 192.168.36.84, host: pr-hdds-2171-6l6hb-1841322612, networkLocation: /default-rack, certSerialId: null}c193ce51-f881-48bb-a5d6-6cdb2075116e{ip: 192.168.36.84, host: pr-hdds-2171-6l6hb-1841322612, networkLocation: /default-rack, certSerialId: null}, Type:RATIS, Factor:THREE, State:OPEN]
2019-09-24 18:17:59,777 [Thread-1237] INFO  impl.FollowerState (FollowerState.java:run(106)) - c193ce51-f881-48bb-a5d6-6cdb2075116e:group-93C3789A707A changes to CANDIDATE, lastRpcTime:5022, electionTimeout:5022ms
2019-09-24 18:17:59,778 [Thread-1237] INFO  impl.RoleInfo (RoleInfo.java:shutdownFollowerState(121)) - c193ce51-f881-48bb-a5d6-6cdb2075116e: shutdown FollowerState
2019-09-24 18:17:59,778 [Thread-1237] INFO  impl.RaftServerImpl (RaftServerImpl.java:setRole(174)) - c193ce51-f881-48bb-a5d6-6cdb2075116e@group-93C3789A707A: changes role from  FOLLOWER to CANDIDATE at term 0 for changeToCandidate
2019-09-24 18:17:59,778 [Thread-1237] INFO  impl.RoleInfo (RoleInfo.java:updateAndGet(143)) - c193ce51-f881-48bb-a5d6-6cdb2075116e: start LeaderElection
2019-09-24 18:17:59,797 [Thread-1232] INFO  impl.FollowerState (FollowerState.java:run(106)) - dc518f1e-76ea-446f-acc5-d49b23344d5e:group-C9BA36F42A70 changes to CANDIDATE, lastRpcTime:5135, electionTimeout:5135ms
2019-09-24 18:17:59,800 [Thread-1232] INFO  impl.RoleInfo (RoleInfo.java:shutdownFollowerState(121)) - dc518f1e-76ea-446f-acc5-d49b23344d5e: shutdown FollowerState
2019-09-24 18:17:59,800 [Thread-1232] INFO  impl.RaftServerImpl (RaftServerImpl.java:setRole(174)) - dc518f1e-76ea-446f-acc5-d49b23344d5e@group-C9BA36F42A70: changes role from  FOLLOWER to CANDIDATE at term 0 for changeToCandidate
2019-09-24 18:17:59,800 [Thread-1232] INFO  impl.RoleInfo (RoleInfo.java:updateAndGet(143)) - dc518f1e-76ea-446f-acc5-d49b23344d5e: start LeaderElection
2019-09-24 18:17:59,812 [Thread-1229] INFO  impl.FollowerState (FollowerState.java:run(106)) - c3ba2feb-e3c1-413e-bd73-cad472897a56:group-A51021F0AF86 changes to CANDIDATE, lastRpcTime:5197, electionTimeout:5197ms
2019-09-24 18:17:59,812 [Thread-1229] INFO  impl.RoleInfo (RoleInfo.java:shutdownFollowerState(121)) - c3ba2feb-e3c1-413e-bd73-cad472897a56: shutdown FollowerState
2019-09-24 18:17:59,812 [Thread-1229] INFO  impl.RaftServerImpl (RaftServerImpl.java:setRole(174)) - c3ba2feb-e3c1-413e-bd73-cad472897a56@group-A51021F0AF86: changes role from  FOLLOWER to CANDIDATE at term 0 for changeToCandidate
2019-09-24 18:17:59,812 [Thread-1229] INFO  impl.RoleInfo (RoleInfo.java:updateAndGet(143)) - c3ba2feb-e3c1-413e-bd73-cad472897a56: start LeaderElection
2019-09-24 18:17:59,812 [dc518f1e-76ea-446f-acc5-d49b23344d5e@group-C9BA36F42A70:LeaderElection42] INFO  impl.LeaderElection (LeaderElection.java:askForVotes(182)) - dc518f1e-76ea-446f-acc5-d49b23344d5e@group-C9BA36F42A70:LeaderElection42: begin an election at term 1 for -1: [dc518f1e-76ea-446f-acc5-d49b23344d5e:192.168.36.84:45108], old=null
2019-09-24 18:17:59,813 [c193ce51-f881-48bb-a5d6-6cdb2075116e@group-93C3789A707A:LeaderElection41] INFO  impl.LeaderElection (LeaderElection.java:askForVotes(182)) - c193ce51-f881-48bb-a5d6-6cdb2075116e@group-93C3789A707A:LeaderElection41: begin an election at term 1 for -1: [c193ce51-f881-48bb-a5d6-6cdb2075116e:192.168.36.84:43582, c3ba2feb-e3c1-413e-bd73-cad472897a56:192.168.36.84:46228, 7c411084-5716-47c5-97f2-dc43e37e1edc:192.168.36.84:35497], old=null
2019-09-24 18:17:59,813 [dc518f1e-76ea-446f-acc5-d49b23344d5e@group-C9BA36F42A70:LeaderElection42] INFO  impl.RoleInfo (RoleInfo.java:shutdownLeaderElection(134)) - dc518f1e-76ea-446f-acc5-d49b23344d5e: shutdown LeaderElection
2019-09-24 18:17:59,820 [dc518f1e-76ea-446f-acc5-d49b23344d5e@group-C9BA36F42A70:LeaderElection42] INFO  impl.RaftServerImpl (RaftServerImpl.java:setRole(174)) - dc518f1e-76ea-446f-acc5-d49b23344d5e@group-C9BA36F42A70: changes role from CANDIDATE to LEADER at term 1 for changeToLeader
2019-09-24 18:17:59,820 [dc518f1e-76ea-446f-acc5-d49b23344d5e@group-C9BA36F42A70:LeaderElection42] INFO  impl.RaftServerImpl (ServerState.java:setLeader(253)) - dc518f1e-76ea-446f-acc5-d49b23344d5e@group-C9BA36F42A70: change Leader from null to dc518f1e-76ea-446f-acc5-d49b23344d5e at term 1 for becomeLeader, leader elected after 5164ms
2019-09-24 18:17:59,820 [dc518f1e-76ea-446f-acc5-d49b23344d5e@group-C9BA36F42A70:LeaderElection42] INFO  server.RaftServerConfigKeys (ConfUtils.java:logGet(43)) - raft.server.staging.catchup.gap = 1000 (default)
2019-09-24 18:17:59,820 [dc518f1e-76ea-446f-acc5-d49b23344d5e@group-C9BA36F42A70:LeaderElection42] INFO  server.RaftServerConfigKeys (ConfUtils.java:logGet(43)) - raft.server.rpc.sleep.time = 25ms (default)
2019-09-24 18:17:59,820 [dc518f1e-76ea-446f-acc5-d49b23344d5e@group-C9BA36F42A70:LeaderElection42] INFO  server.RaftServerConfigKeys (ConfUtils.java:logGet(43)) - raft.server.write.element-limit = 4096 (default)
2019-09-24 18:17:59,820 [dc518f1e-76ea-446f-acc5-d49b23344d5e@group-C9BA36F42A70:LeaderElection42] INFO  server.RaftServerConfigKeys (ConfUtils.java:logGet(43)) - raft.server.watch.timeout = 10s (default)
2019-09-24 18:17:59,821 [dc518f1e-76ea-446f-acc5-d49b23344d5e@group-C9BA36F42A70:LeaderElection42] INFO  server.RaftServerConfigKeys (ConfUtils.java:logGet(43)) - raft.server.watch.timeout.denomination = 1s (default)
2019-09-24 18:17:59,821 [dc518f1e-76ea-446f-acc5-d49b23344d5e@group-C9BA36F42A70:LeaderElection42] INFO  server.RaftServerConfigKeys (ConfUtils.java:logGet(43)) - raft.server.watch.element-limit = 65536 (default)
2019-09-24 18:17:59,823 [dc518f1e-76ea-446f-acc5-d49b23344d5e@group-C9BA36F42A70:LeaderElection42] INFO  impl.RoleInfo (RoleInfo.java:updateAndGet(143)) - dc518f1e-76ea-446f-acc5-d49b23344d5e: start LeaderState
2019-09-24 18:17:59,823 [dc518f1e-76ea-446f-acc5-d49b23344d5e@group-C9BA36F42A70:LeaderElection42] INFO  segmented.SegmentedRaftLogWorker (SegmentedRaftLogWorker.java:startLogSegment(380)) - dc518f1e-76ea-446f-acc5-d49b23344d5e@group-C9BA36F42A70-SegmentedRaftLogWorker: Starting segment from index:0
2019-09-24 18:17:59,824 [dc518f1e-76ea-446f-acc5-d49b23344d5e@group-C9BA36F42A70:LeaderElection42] INFO  impl.RaftServerImpl (ServerState.java:setRaftConf(354)) - dc518f1e-76ea-446f-acc5-d49b23344d5e@group-C9BA36F42A70: set configuration 0: [dc518f1e-76ea-446f-acc5-d49b23344d5e:192.168.36.84:45108], old=null at 0
2019-09-24 18:17:59,824 [c3ba2feb-e3c1-413e-bd73-cad472897a56@group-A51021F0AF86:LeaderElection43] INFO  impl.LeaderElection (LeaderElection.java:askForVotes(182)) - c3ba2feb-e3c1-413e-bd73-cad472897a56@group-A51021F0AF86:LeaderElection43: begin an election at term 1 for -1: [c3ba2feb-e3c1-413e-bd73-cad472897a56:192.168.36.84:46228], old=null
2019-09-24 18:17:59,824 [c3ba2feb-e3c1-413e-bd73-cad472897a56@group-A51021F0AF86:LeaderElection43] INFO  impl.RoleInfo (RoleInfo.java:shutdownLeaderElection(134)) - c3ba2feb-e3c1-413e-bd73-cad472897a56: shutdown LeaderElection
2019-09-24 18:17:59,824 [c3ba2feb-e3c1-413e-bd73-cad472897a56@group-A51021F0AF86:LeaderElection43] INFO  impl.RaftServerImpl (RaftServerImpl.java:setRole(174)) - c3ba2feb-e3c1-413e-bd73-cad472897a56@group-A51021F0AF86: changes role from CANDIDATE to LEADER at term 1 for changeToLeader
2019-09-24 18:17:59,860 [grpc-default-executor-2] INFO  impl.RaftServerImpl (RaftServerImpl.java:setRole(174)) - c3ba2feb-e3c1-413e-bd73-cad472897a56@group-93C3789A707A: changes role from  FOLLOWER to FOLLOWER at term 1 for recognizeCandidate:c193ce51-f881-48bb-a5d6-6cdb2075116e
2019-09-24 18:17:59,863 [grpc-default-executor-1] INFO  impl.RaftServerImpl (RaftServerImpl.java:setRole(174)) - 7c411084-5716-47c5-97f2-dc43e37e1edc@group-93C3789A707A: changes role from  FOLLOWER to FOLLOWER at term 1 for recognizeCandidate:c193ce51-f881-48bb-a5d6-6cdb2075116e
2019-09-24 18:17:59,863 [grpc-default-executor-1] INFO  impl.RoleInfo (RoleInfo.java:shutdownFollowerState(121)) - 7c411084-5716-47c5-97f2-dc43e37e1edc: shutdown FollowerState
2019-09-24 18:17:59,861 [c3ba2feb-e3c1-413e-bd73-cad472897a56@group-A51021F0AF86:LeaderElection43] INFO  impl.RaftServerImpl (ServerState.java:setLeader(253)) - c3ba2feb-e3c1-413e-bd73-cad472897a56@group-A51021F0AF86: change Leader from null to c3ba2feb-e3c1-413e-bd73-cad472897a56 at term 1 for becomeLeader, leader elected after 5253ms
2019-09-24 18:17:59,863 [Thread-1239] INFO  impl.FollowerState (FollowerState.java:run(115)) - 7c411084-5716-47c5-97f2-dc43e37e1edc: FollowerState was interrupted: java.lang.InterruptedException: sleep interrupted
2019-09-24 18:17:59,863 [grpc-default-executor-1] INFO  impl.RoleInfo (RoleInfo.java:updateAndGet(143)) - 7c411084-5716-47c5-97f2-dc43e37e1edc: start FollowerState
2019-09-24 18:17:59,863 [grpc-default-executor-2] INFO  impl.RoleInfo (RoleInfo.java:shutdownFollowerState(121)) - c3ba2feb-e3c1-413e-bd73-cad472897a56: shutdown FollowerState
2019-09-24 18:17:59,867 [dc518f1e-76ea-446f-acc5-d49b23344d5e@group-C9BA36F42A70-SegmentedRaftLogWorker] INFO  segmented.SegmentedRaftLogWorker (SegmentedRaftLogWorker.java:execute(569)) - dc518f1e-76ea-446f-acc5-d49b23344d5e@group-C9BA36F42A70-SegmentedRaftLogWorker: created new log segment /workdir/hadoop-ozone/integration-test/target/test-dir/MiniOzoneClusterImpl-2256e15c-84c9-46bf-b493-19471620b231/datanode-5/data/ratis/54428cd4-3590-4e18-bd45-c9ba36f42a70/current/log_inprogress_0
2019-09-24 18:17:59,866 [c3ba2feb-e3c1-413e-bd73-cad472897a56@group-A51021F0AF86:LeaderElection43] INFO  server.RaftServerConfigKeys (ConfUtils.java:logGet(43)) - raft.server.staging.catchup.gap = 1000 (default)
2019-09-24 18:17:59,870 [Thread-1240] INFO  impl.FollowerState (FollowerState.java:run(115)) - c3ba2feb-e3c1-413e-bd73-cad472897a56: FollowerState was interrupted: java.lang.InterruptedException: sleep interrupted
2019-09-24 18:17:59,870 [grpc-default-executor-2] INFO  impl.RoleInfo (RoleInfo.java:updateAndGet(143)) - c3ba2feb-e3c1-413e-bd73-cad472897a56: start FollowerState
2019-09-24 18:17:59,870 [c3ba2feb-e3c1-413e-bd73-cad472897a56@group-A51021F0AF86:LeaderElection43] INFO  server.RaftServerConfigKeys (ConfUtils.java:logGet(43)) - raft.server.rpc.sleep.time = 25ms (default)
2019-09-24 18:17:59,873 [c3ba2feb-e3c1-413e-bd73-cad472897a56@group-A51021F0AF86:LeaderElection43] INFO  server.RaftServerConfigKeys (ConfUtils.java:logGet(43)) - raft.server.write.element-limit = 4096 (default)
2019-09-24 18:17:59,873 [c3ba2feb-e3c1-413e-bd73-cad472897a56@group-A51021F0AF86:LeaderElection43] INFO  server.RaftServerConfigKeys (ConfUtils.java:logGet(43)) - raft.server.watch.timeout = 10s (default)
2019-09-24 18:17:59,873 [c3ba2feb-e3c1-413e-bd73-cad472897a56@group-A51021F0AF86:LeaderElection43] INFO  server.RaftServerConfigKeys (ConfUtils.java:logGet(43)) - raft.server.watch.timeout.denomination = 1s (default)
2019-09-24 18:17:59,873 [c3ba2feb-e3c1-413e-bd73-cad472897a56@group-A51021F0AF86:LeaderElection43] INFO  server.RaftServerConfigKeys (ConfUtils.java:logGet(43)) - raft.server.watch.element-limit = 65536 (default)
2019-09-24 18:17:59,876 [c3ba2feb-e3c1-413e-bd73-cad472897a56@group-A51021F0AF86:LeaderElection43] INFO  impl.RoleInfo (RoleInfo.java:updateAndGet(143)) - c3ba2feb-e3c1-413e-bd73-cad472897a56: start LeaderState
2019-09-24 18:17:59,876 [c3ba2feb-e3c1-413e-bd73-cad472897a56@group-A51021F0AF86:LeaderElection43] INFO  segmented.SegmentedRaftLogWorker (SegmentedRaftLogWorker.java:startLogSegment(380)) - c3ba2feb-e3c1-413e-bd73-cad472897a56@group-A51021F0AF86-SegmentedRaftLogWorker: Starting segment from index:0
2019-09-24 18:17:59,877 [c3ba2feb-e3c1-413e-bd73-cad472897a56@group-A51021F0AF86:LeaderElection43] INFO  impl.RaftServerImpl (ServerState.java:setRaftConf(354)) - c3ba2feb-e3c1-413e-bd73-cad472897a56@group-A51021F0AF86: set configuration 0: [c3ba2feb-e3c1-413e-bd73-cad472897a56:192.168.36.84:46228], old=null at 0
2019-09-24 18:18:00,997 [c3ba2feb-e3c1-413e-bd73-cad472897a56@group-A51021F0AF86-SegmentedRaftLogWorker] INFO  segmented.SegmentedRaftLogWorker (SegmentedRaftLogWorker.java:execute(569)) - c3ba2feb-e3c1-413e-bd73-cad472897a56@group-A51021F0AF86-SegmentedRaftLogWorker: created new log segment /workdir/hadoop-ozone/integration-test/target/test-dir/MiniOzoneClusterImpl-2256e15c-84c9-46bf-b493-19471620b231/datanode-6/data/ratis/3ea23a6f-d9bd-4269-bc30-a51021f0af86/current/log_inprogress_0
2019-09-24 18:18:00,998 [c193ce51-f881-48bb-a5d6-6cdb2075116e@group-93C3789A707A:LeaderElection41] INFO  impl.LeaderElection (LeaderElection.java:logAndReturn(56)) - c193ce51-f881-48bb-a5d6-6cdb2075116e@group-93C3789A707A:LeaderElection41: Election PASSED; received 1 response(s) [c193ce51-f881-48bb-a5d6-6cdb2075116e<-c3ba2feb-e3c1-413e-bd73-cad472897a56#0:OK-t1] and 0 exception(s); c193ce51-f881-48bb-a5d6-6cdb2075116e@group-93C3789A707A:t1, leader=null, voted=c193ce51-f881-48bb-a5d6-6cdb2075116e, raftlog=c193ce51-f881-48bb-a5d6-6cdb2075116e@group-93C3789A707A-SegmentedRaftLog:OPENED:c-1,f-1,i0, conf=-1: [c193ce51-f881-48bb-a5d6-6cdb2075116e:192.168.36.84:43582, c3ba2feb-e3c1-413e-bd73-cad472897a56:192.168.36.84:46228, 7c411084-5716-47c5-97f2-dc43e37e1edc:192.168.36.84:35497], old=null
2019-09-24 18:18:00,999 [c193ce51-f881-48bb-a5d6-6cdb2075116e@group-93C3789A707A:LeaderElection41] INFO  impl.RoleInfo (RoleInfo.java:shutdownLeaderElection(134)) - c193ce51-f881-48bb-a5d6-6cdb2075116e: shutdown LeaderElection
2019-09-24 18:18:00,999 [c193ce51-f881-48bb-a5d6-6cdb2075116e@group-93C3789A707A:LeaderElection41] INFO  impl.RaftServerImpl (RaftServerImpl.java:setRole(174)) - c193ce51-f881-48bb-a5d6-6cdb2075116e@group-93C3789A707A: changes role from CANDIDATE to LEADER at term 1 for changeToLeader
2019-09-24 18:18:00,999 [c193ce51-f881-48bb-a5d6-6cdb2075116e@group-93C3789A707A:LeaderElection41] INFO  impl.RaftServerImpl (ServerState.java:setLeader(253)) - c193ce51-f881-48bb-a5d6-6cdb2075116e@group-93C3789A707A: change Leader from null to c193ce51-f881-48bb-a5d6-6cdb2075116e at term 1 for becomeLeader, leader elected after 6255ms
2019-09-24 18:18:00,999 [c193ce51-f881-48bb-a5d6-6cdb2075116e@group-93C3789A707A:LeaderElection41] INFO  server.RaftServerConfigKeys (ConfUtils.java:logGet(43)) - raft.server.staging.catchup.gap = 1000 (default)
2019-09-24 18:18:00,999 [c193ce51-f881-48bb-a5d6-6cdb2075116e@group-93C3789A707A:LeaderElection41] INFO  server.RaftServerConfigKeys (ConfUtils.java:logGet(43)) - raft.server.rpc.sleep.time = 25ms (default)
2019-09-24 18:18:00,999 [c193ce51-f881-48bb-a5d6-6cdb2075116e@group-93C3789A707A:LeaderElection41] INFO  server.RaftServerConfigKeys (ConfUtils.java:logGet(43)) - raft.server.write.element-limit = 4096 (default)
2019-09-24 18:18:01,000 [c193ce51-f881-48bb-a5d6-6cdb2075116e@group-93C3789A707A:LeaderElection41] INFO  server.RaftServerConfigKeys (ConfUtils.java:logGet(43)) - raft.server.watch.timeout = 10s (default)
2019-09-24 18:18:01,000 [c193ce51-f881-48bb-a5d6-6cdb2075116e@group-93C3789A707A:LeaderElection41] INFO  server.RaftServerConfigKeys (ConfUtils.java:logGet(43)) - raft.server.watch.timeout.denomination = 1s (default)
2019-09-24 18:18:01,000 [c193ce51-f881-48bb-a5d6-6cdb2075116e@group-93C3789A707A:LeaderElection41] INFO  server.RaftServerConfigKeys (ConfUtils.java:logGet(43)) - raft.server.watch.element-limit = 65536 (default)
2019-09-24 18:18:01,003 [c193ce51-f881-48bb-a5d6-6cdb2075116e@group-93C3789A707A:LeaderElection41] INFO  server.RaftServerConfigKeys (ConfUtils.java:logGet(43)) - raft.server.log.appender.snapshot.chunk.size.max = 16MB (=16777216) (default)
2019-09-24 18:18:01,003 [c193ce51-f881-48bb-a5d6-6cdb2075116e@group-93C3789A707A:LeaderElection41] INFO  server.RaftServerConfigKeys (ConfUtils.java:logGet(43)) - raft.server.log.appender.buffer.byte-limit = 33554432 (custom)
2019-09-24 18:18:01,003 [c193ce51-f881-48bb-a5d6-6cdb2075116e@group-93C3789A707A:LeaderElection41] INFO  server.RaftServerConfigKeys (ConfUtils.java:logGet(43)) - raft.server.log.appender.buffer.element-limit = 1 (custom)
2019-09-24 18:18:01,004 [c193ce51-f881-48bb-a5d6-6cdb2075116e@group-93C3789A707A:LeaderElection41] INFO  grpc.GrpcConfigKeys$Server (ConfUtils.java:logGet(43)) - raft.grpc.server.leader.outstanding.appends.max = 128 (default)
2019-09-24 18:18:01,004 [c193ce51-f881-48bb-a5d6-6cdb2075116e@group-93C3789A707A:LeaderElection41] INFO  server.RaftServerConfigKeys (ConfUtils.java:logGet(43)) - raft.server.rpc.request.timeout = 3000ms (default)
2019-09-24 18:18:01,004 [c193ce51-f881-48bb-a5d6-6cdb2075116e@group-93C3789A707A:LeaderElection41] INFO  server.RaftServerConfigKeys (ConfUtils.java:logGet(43)) - raft.server.log.appender.install.snapshot.enabled = false (custom)
2019-09-24 18:18:01,004 [c193ce51-f881-48bb-a5d6-6cdb2075116e@group-93C3789A707A:LeaderElection41] INFO  server.RaftServerConfigKeys (ConfUtils.java:logGet(43)) - raft.server.log.appender.snapshot.chunk.size.max = 16MB (=16777216) (default)
2019-09-24 18:18:01,004 [c193ce51-f881-48bb-a5d6-6cdb2075116e@group-93C3789A707A:LeaderElection41] INFO  server.RaftServerConfigKeys (ConfUtils.java:logGet(43)) - raft.server.log.appender.buffer.byte-limit = 33554432 (custom)
2019-09-24 18:18:01,005 [c193ce51-f881-48bb-a5d6-6cdb2075116e@group-93C3789A707A:LeaderElection41] INFO  server.RaftServerConfigKeys (ConfUtils.java:logGet(43)) - raft.server.log.appender.buffer.element-limit = 1 (custom)
2019-09-24 18:18:01,005 [c193ce51-f881-48bb-a5d6-6cdb2075116e@group-93C3789A707A:LeaderElection41] INFO  grpc.GrpcConfigKeys$Server (ConfUtils.java:logGet(43)) - raft.grpc.server.leader.outstanding.appends.max = 128 (default)
2019-09-24 18:18:01,005 [c193ce51-f881-48bb-a5d6-6cdb2075116e@group-93C3789A707A:LeaderElection41] INFO  server.RaftServerConfigKeys (ConfUtils.java:logGet(43)) - raft.server.rpc.request.timeout = 3000ms (default)
2019-09-24 18:18:01,005 [c193ce51-f881-48bb-a5d6-6cdb2075116e@group-93C3789A707A:LeaderElection41] INFO  server.RaftServerConfigKeys (ConfUtils.java:logGet(43)) - raft.server.log.appender.install.snapshot.enabled = false (custom)
2019-09-24 18:18:01,006 [c193ce51-f881-48bb-a5d6-6cdb2075116e@group-93C3789A707A:LeaderElection41] INFO  impl.RoleInfo (RoleInfo.java:updateAndGet(143)) - c193ce51-f881-48bb-a5d6-6cdb2075116e: start LeaderState
2019-09-24 18:18:01,006 [c193ce51-f881-48bb-a5d6-6cdb2075116e@group-93C3789A707A:LeaderElection41] INFO  segmented.SegmentedRaftLogWorker (SegmentedRaftLogWorker.java:startLogSegment(380)) - c193ce51-f881-48bb-a5d6-6cdb2075116e@group-93C3789A707A-SegmentedRaftLogWorker: Starting segment from index:0
2019-09-24 18:18:01,007 [c193ce51-f881-48bb-a5d6-6cdb2075116e@group-93C3789A707A:LeaderElection41] INFO  impl.RaftServerImpl (ServerState.java:setRaftConf(354)) - c193ce51-f881-48bb-a5d6-6cdb2075116e@group-93C3789A707A: set configuration 0: [c193ce51-f881-48bb-a5d6-6cdb2075116e:192.168.36.84:43582, c3ba2feb-e3c1-413e-bd73-cad472897a56:192.168.36.84:46228, 7c411084-5716-47c5-97f2-dc43e37e1edc:192.168.36.84:35497], old=null at 0
2019-09-24 18:18:01,039 [grpc-default-executor-1] INFO  impl.RaftServerImpl (ServerState.java:setLeader(253)) - c3ba2feb-e3c1-413e-bd73-cad472897a56@group-93C3789A707A: change Leader from null to c193ce51-f881-48bb-a5d6-6cdb2075116e at term 1 for appendEntries, leader elected after 6296ms
2019-09-24 18:18:01,043 [grpc-default-executor-1] INFO  impl.RaftServerImpl (ServerState.java:setLeader(253)) - 7c411084-5716-47c5-97f2-dc43e37e1edc@group-93C3789A707A: change Leader from null to c193ce51-f881-48bb-a5d6-6cdb2075116e at term 1 for appendEntries, leader elected after 6299ms
2019-09-24 18:18:01,047 [grpc-default-executor-2] INFO  impl.RaftServerImpl (ServerState.java:setRaftConf(354)) - c3ba2feb-e3c1-413e-bd73-cad472897a56@group-93C3789A707A: set configuration 0: [c193ce51-f881-48bb-a5d6-6cdb2075116e:192.168.36.84:43582, c3ba2feb-e3c1-413e-bd73-cad472897a56:192.168.36.84:46228, 7c411084-5716-47c5-97f2-dc43e37e1edc:192.168.36.84:35497], old=null at 0
2019-09-24 18:18:01,047 [grpc-default-executor-2] INFO  segmented.SegmentedRaftLogWorker (SegmentedRaftLogWorker.java:startLogSegment(380)) - c3ba2feb-e3c1-413e-bd73-cad472897a56@group-93C3789A707A-SegmentedRaftLogWorker: Starting segment from index:0
2019-09-24 18:18:01,047 [grpc-default-executor-1] INFO  impl.RaftServerImpl (ServerState.java:setRaftConf(354)) - 7c411084-5716-47c5-97f2-dc43e37e1edc@group-93C3789A707A: set configuration 0: [c193ce51-f881-48bb-a5d6-6cdb2075116e:192.168.36.84:43582, c3ba2feb-e3c1-413e-bd73-cad472897a56:192.168.36.84:46228, 7c411084-5716-47c5-97f2-dc43e37e1edc:192.168.36.84:35497], old=null at 0
2019-09-24 18:18:01,048 [grpc-default-executor-1] INFO  segmented.SegmentedRaftLogWorker (SegmentedRaftLogWorker.java:startLogSegment(380)) - 7c411084-5716-47c5-97f2-dc43e37e1edc@group-93C3789A707A-SegmentedRaftLogWorker: Starting segment from index:0
2019-09-24 18:18:01,231 [c3ba2feb-e3c1-413e-bd73-cad472897a56@group-93C3789A707A-SegmentedRaftLogWorker] INFO  segmented.SegmentedRaftLogWorker (SegmentedRaftLogWorker.java:execute(569)) - c3ba2feb-e3c1-413e-bd73-cad472897a56@group-93C3789A707A-SegmentedRaftLogWorker: created new log segment /workdir/hadoop-ozone/integration-test/target/test-dir/MiniOzoneClusterImpl-2256e15c-84c9-46bf-b493-19471620b231/datanode-6/data/ratis/ebbc7734-7438-4e37-8f68-93c3789a707a/current/log_inprogress_0
2019-09-24 18:18:01,231 [c193ce51-f881-48bb-a5d6-6cdb2075116e@group-93C3789A707A-SegmentedRaftLogWorker] INFO  segmented.SegmentedRaftLogWorker (SegmentedRaftLogWorker.java:execute(569)) - c193ce51-f881-48bb-a5d6-6cdb2075116e@group-93C3789A707A-SegmentedRaftLogWorker: created new log segment /workdir/hadoop-ozone/integration-test/target/test-dir/MiniOzoneClusterImpl-2256e15c-84c9-46bf-b493-19471620b231/datanode-2/data/ratis/ebbc7734-7438-4e37-8f68-93c3789a707a/current/log_inprogress_0
2019-09-24 18:18:01,231 [7c411084-5716-47c5-97f2-dc43e37e1edc@group-93C3789A707A-SegmentedRaftLogWorker] INFO  segmented.SegmentedRaftLogWorker (SegmentedRaftLogWorker.java:execute(569)) - 7c411084-5716-47c5-97f2-dc43e37e1edc@group-93C3789A707A-SegmentedRaftLogWorker: created new log segment /workdir/hadoop-ozone/integration-test/target/test-dir/MiniOzoneClusterImpl-2256e15c-84c9-46bf-b493-19471620b231/datanode-1/data/ratis/ebbc7734-7438-4e37-8f68-93c3789a707a/current/log_inprogress_0
2019-09-24 18:18:09,864 [main] INFO  ozone.MiniOzoneClusterImpl (MiniOzoneClusterImpl.java:shutdown(314)) - Shutting down the Mini Ozone Cluster
2019-09-24 18:18:09,864 [main] INFO  ozone.MiniOzoneClusterImpl (MiniOzoneClusterImpl.java:stop(330)) - Stopping the Mini Ozone Cluster
2019-09-24 18:18:09,865 [main] INFO  ozone.MiniOzoneClusterImpl (MiniOzoneClusterImpl.java:stopOM(400)) - Stopping the OzoneManager
2019-09-24 18:18:09,865 [main] INFO  ipc.Server (Server.java:stop(3082)) - Stopping server on 37089
2019-09-24 18:18:09,894 [IPC Server listener on 37089] INFO  ipc.Server (Server.java:run(1185)) - Stopping IPC Server listener on 37089
2019-09-24 18:18:09,914 [main] INFO  ratis.OzoneManagerDoubleBuffer (OzoneManagerDoubleBuffer.java:stop(248)) - Stopping OMDoubleBuffer flush thread
2019-09-24 18:18:09,899 [IPC Server Responder] INFO  ipc.Server (Server.java:run(1319)) - Stopping IPC Server Responder
2019-09-24 18:18:09,920 [OMDoubleBufferFlushThread] INFO  ratis.OzoneManagerDoubleBuffer (OzoneManagerDoubleBuffer.java:flushTransactions(191)) - OMDoubleBuffer flush thread OMDoubleBufferFlushThread is interrupted and will exit. OMDoubleBufferFlushThread
2019-09-24 18:18:09,920 [main] INFO  utils.BackgroundService (BackgroundService.java:shutdown(148)) - Shutting down service KeyDeletingService
2019-09-24 18:18:09,923 [main] INFO  handler.ContextHandler (ContextHandler.java:doStop(910)) - Stopped o.e.j.w.WebAppContext@57c00115{/,null,UNAVAILABLE}{/ozoneManager}
2019-09-24 18:18:09,924 [main] INFO  server.AbstractConnector (AbstractConnector.java:doStop(318)) - Stopped ServerConnector@411a5965{HTTP/1.1,[http/1.1]}{0.0.0.0:0}
2019-09-24 18:18:09,924 [main] INFO  handler.ContextHandler (ContextHandler.java:doStop(910)) - Stopped o.e.j.s.ServletContextHandler@30839e44{/static,file:///workdir/hadoop-ozone/integration-test/target/test-classes/webapps/static,UNAVAILABLE}
2019-09-24 18:18:09,924 [main] INFO  handler.ContextHandler (ContextHandler.java:doStop(910)) - Stopped o.e.j.s.ServletContextHandler@138aa3cc{/logs,file:///workdir/hadoop-ozone/integration-test/target/log,UNAVAILABLE}
2019-09-24 18:18:09,928 [main] INFO  ozone.MiniOzoneClusterImpl (MiniOzoneClusterImpl.java:stopDatanodes(377)) - Stopping the HddsDatanodes
2019-09-24 18:18:10,348 [Datanode State Machine Thread - 0] INFO  statemachine.DatanodeStateMachine (DatanodeStateMachine.java:lambda$startDaemon$0(350)) - Ozone container server started.
2019-09-24 18:18:10,605 [Datanode State Machine Thread - 0] INFO  statemachine.DatanodeStateMachine (DatanodeStateMachine.java:lambda$startDaemon$0(350)) - Ozone container server started.
2019-09-24 18:18:14,930 [main] INFO  ozoneimpl.OzoneContainer (OzoneContainer.java:stop(231)) - Attempting to stop container services.
2019-09-24 18:18:14,930 [ForkJoinPool.commonPool-worker-1] INFO  ozoneimpl.OzoneContainer (OzoneContainer.java:stop(231)) - Attempting to stop container services.
2019-09-24 18:18:14,933 [ForkJoinPool.commonPool-worker-1] INFO  impl.RaftServerProxy (RaftServerProxy.java:lambda$close$4(314)) - 7c411084-5716-47c5-97f2-dc43e37e1edc: close
2019-09-24 18:18:14,933 [main] INFO  impl.RaftServerProxy (RaftServerProxy.java:lambda$close$4(314)) - 5d2d95be-6b28-4ecf-b7b7-7d783f42b699: close
2019-09-24 18:18:14,934 [ForkJoinPool.commonPool-worker-1] INFO  impl.RaftServerImpl (RaftServerImpl.java:lambda$shutdown$3(251)) - 7c411084-5716-47c5-97f2-dc43e37e1edc@group-954FA3C9D214: shutdown
2019-09-24 18:18:14,934 [main] INFO  impl.RaftServerImpl (RaftServerImpl.java:lambda$shutdown$3(251)) - 5d2d95be-6b28-4ecf-b7b7-7d783f42b699@group-C7BA931E655D: shutdown
2019-09-24 18:18:14,934 [ForkJoinPool.commonPool-worker-1] INFO  util.JmxRegister (JmxRegister.java:unregister(73)) - Successfully un-registered JMX Bean with object name Ratis:service=RaftServer,group=group-954FA3C9D214,id=7c411084-5716-47c5-97f2-dc43e37e1edc
2019-09-24 18:18:14,934 [main] INFO  util.JmxRegister (JmxRegister.java:unregister(73)) - Successfully un-registered JMX Bean with object name Ratis:service=RaftServer,group=group-C7BA931E655D,id=5d2d95be-6b28-4ecf-b7b7-7d783f42b699
2019-09-24 18:18:14,935 [ForkJoinPool.commonPool-worker-1] INFO  impl.RoleInfo (RoleInfo.java:shutdownLeaderState(104)) - 7c411084-5716-47c5-97f2-dc43e37e1edc: shutdown LeaderState
2019-09-24 18:18:14,935 [main] INFO  impl.RoleInfo (RoleInfo.java:shutdownFollowerState(121)) - 5d2d95be-6b28-4ecf-b7b7-7d783f42b699: shutdown FollowerState
2019-09-24 18:18:14,935 [ForkJoinPool.commonPool-worker-1] INFO  impl.PendingRequests (PendingRequests.java:sendNotLeaderResponses(202)) - 7c411084-5716-47c5-97f2-dc43e37e1edc-PendingRequests: sendNotLeaderResponses
2019-09-24 18:18:14,936 [main] INFO  impl.StateMachineUpdater (StateMachineUpdater.java:stopAndJoin(125)) - 5d2d95be-6b28-4ecf-b7b7-7d783f42b699@group-C7BA931E655D-StateMachineUpdater: set stopIndex = 8
2019-09-24 18:18:14,936 [ForkJoinPool.commonPool-worker-1] INFO  impl.StateMachineUpdater (StateMachineUpdater.java:stopAndJoin(125)) - 7c411084-5716-47c5-97f2-dc43e37e1edc@group-954FA3C9D214-StateMachineUpdater: set stopIndex = 0
2019-09-24 18:18:14,936 [Thread-634] INFO  impl.FollowerState (FollowerState.java:run(115)) - 5d2d95be-6b28-4ecf-b7b7-7d783f42b699: FollowerState was interrupted: java.lang.InterruptedException: sleep interrupted
2019-09-24 18:18:14,936 [5d2d95be-6b28-4ecf-b7b7-7d783f42b699@group-C7BA931E655D-StateMachineUpdater] INFO  ratis.ContainerStateMachine (ContainerStateMachine.java:takeSnapshot(289)) - group-C7BA931E655D: Taking a snapshot at:(t:2, i:6) file /workdir/hadoop-ozone/integration-test/target/test-dir/MiniOzoneClusterImpl-2256e15c-84c9-46bf-b493-19471620b231/datanode-4/data/ratis/3375506e-08d9-485b-94b1-c7ba931e655d/sm/snapshot.2_6
2019-09-24 18:18:14,937 [ForkJoinPool.commonPool-worker-1] INFO  impl.RaftServerImpl (ServerState.java:close(385)) - 7c411084-5716-47c5-97f2-dc43e37e1edc@group-954FA3C9D214: closes. applyIndex: 0
2019-09-24 18:18:14,937 [7c411084-5716-47c5-97f2-dc43e37e1edc@group-954FA3C9D214-SegmentedRaftLogWorker] INFO  segmented.SegmentedRaftLogWorker (SegmentedRaftLogWorker.java:run(313)) - 7c411084-5716-47c5-97f2-dc43e37e1edc@group-954FA3C9D214-SegmentedRaftLogWorker was interrupted, exiting. There are 0 tasks remaining in the queue.
2019-09-24 18:18:14,938 [ForkJoinPool.commonPool-worker-1] INFO  segmented.SegmentedRaftLogWorker (SegmentedRaftLogWorker.java:close(228)) - 7c411084-5716-47c5-97f2-dc43e37e1edc@group-954FA3C9D214-SegmentedRaftLogWorker close()
2019-09-24 18:18:14,943 [ForkJoinPool.commonPool-worker-1] INFO  impl.RaftServerImpl (RaftServerImpl.java:lambda$shutdown$3(251)) - 7c411084-5716-47c5-97f2-dc43e37e1edc@group-93C3789A707A: shutdown
2019-09-24 18:18:14,944 [ForkJoinPool.commonPool-worker-1] INFO  util.JmxRegister (JmxRegister.java:unregister(73)) - Successfully un-registered JMX Bean with object name Ratis:service=RaftServer,group=group-93C3789A707A,id=7c411084-5716-47c5-97f2-dc43e37e1edc
2019-09-24 18:18:14,944 [ForkJoinPool.commonPool-worker-1] INFO  impl.RoleInfo (RoleInfo.java:shutdownFollowerState(121)) - 7c411084-5716-47c5-97f2-dc43e37e1edc: shutdown FollowerState
2019-09-24 18:18:14,944 [ForkJoinPool.commonPool-worker-1] INFO  impl.StateMachineUpdater (StateMachineUpdater.java:stopAndJoin(125)) - 7c411084-5716-47c5-97f2-dc43e37e1edc@group-93C3789A707A-StateMachineUpdater: set stopIndex = 0
2019-09-24 18:18:14,944 [Thread-1273] INFO  impl.FollowerState (FollowerState.java:run(115)) - 7c411084-5716-47c5-97f2-dc43e37e1edc: FollowerState was interrupted: java.lang.InterruptedException: sleep interrupted
2019-09-24 18:18:14,949 [ForkJoinPool.commonPool-worker-1] INFO  impl.RaftServerImpl (ServerState.java:close(385)) - 7c411084-5716-47c5-97f2-dc43e37e1edc@group-93C3789A707A: closes. applyIndex: 0
2019-09-24 18:18:14,949 [7c411084-5716-47c5-97f2-dc43e37e1edc@group-93C3789A707A-SegmentedRaftLogWorker] INFO  segmented.SegmentedRaftLogWorker (SegmentedRaftLogWorker.java:run(313)) - 7c411084-5716-47c5-97f2-dc43e37e1edc@group-93C3789A707A-SegmentedRaftLogWorker was interrupted, exiting. There are 0 tasks remaining in the queue.
2019-09-24 18:18:14,951 [ForkJoinPool.commonPool-worker-1] INFO  segmented.SegmentedRaftLogWorker (SegmentedRaftLogWorker.java:close(228)) - 7c411084-5716-47c5-97f2-dc43e37e1edc@group-93C3789A707A-SegmentedRaftLogWorker close()
2019-09-24 18:18:14,957 [ForkJoinPool.commonPool-worker-1] INFO  server.GrpcService (GrpcService.java:closeImpl(164)) - 7c411084-5716-47c5-97f2-dc43e37e1edc: shutdown server with port 35497 now
2019-09-24 18:18:14,961 [ForkJoinPool.commonPool-worker-1] INFO  server.GrpcService (GrpcService.java:closeImpl(172)) - 7c411084-5716-47c5-97f2-dc43e37e1edc: shutdown server with port 35497 successfully
2019-09-24 18:18:14,963 [grpc-default-executor-1] WARN  server.GrpcLogAppender (LogUtils.java:warn(134)) - c193ce51-f881-48bb-a5d6-6cdb2075116e@group-93C3789A707A->7c411084-5716-47c5-97f2-dc43e37e1edc-AppendLogResponseHandler: Failed appendEntries: org.apache.ratis.thirdparty.io.grpc.StatusRuntimeException: CANCELLED: HTTP/2 error code: CANCEL
Received Rst Stream
2019-09-24 18:18:14,964 [grpc-default-executor-6] WARN  server.GrpcServerProtocolService (LogUtils.java:warn(134)) - 7c411084-5716-47c5-97f2-dc43e37e1edc: installSnapshot onError, lastRequest: c193ce51-f881-48bb-a5d6-6cdb2075116e->7c411084-5716-47c5-97f2-dc43e37e1edc#6-t1, previous=(t:1, i:0), leaderCommit=0, initializing? false, entries: <empty>: org.apache.ratis.thirdparty.io.grpc.StatusRuntimeException: CANCELLED: cancelled before receiving half close
2019-09-24 18:18:14,964 [refreshUsed-/workdir/hadoop-ozone/integration-test/target/test-dir/MiniOzoneClusterImpl-2256e15c-84c9-46bf-b493-19471620b231/datanode-1/data/containers] WARN  fs.CachingGetSpaceUsed (CachingGetSpaceUsed.java:run(183)) - Thread Interrupted waiting to refresh disk information: sleep interrupted
2019-09-24 18:18:14,966 [grpc-default-executor-1] INFO  impl.FollowerInfo (FollowerInfo.java:lambda$new$0(51)) - c193ce51-f881-48bb-a5d6-6cdb2075116e@group-93C3789A707A->7c411084-5716-47c5-97f2-dc43e37e1edc: nextIndex: updateUnconditionally 1 -> 0
2019-09-24 18:18:15,002 [ForkJoinPool.commonPool-worker-1] INFO  utils.BackgroundService (BackgroundService.java:shutdown(148)) - Shutting down service BlockDeletingService
2019-09-24 18:18:15,014 [ForkJoinPool.commonPool-worker-1] INFO  statemachine.DatanodeStateMachine (DatanodeStateMachine.java:stopDaemon(395)) - Ozone container server stopped.
2019-09-24 18:18:15,022 [ForkJoinPool.commonPool-worker-1] INFO  handler.ContextHandler (ContextHandler.java:doStop(910)) - Stopped o.e.j.w.WebAppContext@7d979d34{/,null,UNAVAILABLE}{/hddsDatanode}
2019-09-24 18:18:15,023 [ForkJoinPool.commonPool-worker-1] INFO  server.AbstractConnector (AbstractConnector.java:doStop(318)) - Stopped ServerConnector@350ec690{HTTP/1.1,[http/1.1]}{0.0.0.0:0}
2019-09-24 18:18:15,026 [ForkJoinPool.commonPool-worker-1] INFO  handler.ContextHandler (ContextHandler.java:doStop(910)) - Stopped o.e.j.s.ServletContextHandler@2e7157c7{/static,jar:file:/home/user/.m2/repository/org/apache/hadoop/hadoop-hdds-container-service/0.5.0-SNAPSHOT/hadoop-hdds-container-service-0.5.0-SNAPSHOT.jar!/webapps/static,UNAVAILABLE}
2019-09-24 18:18:15,028 [ForkJoinPool.commonPool-worker-1] INFO  handler.ContextHandler (ContextHandler.java:doStop(910)) - Stopped o.e.j.s.ServletContextHandler@748f93bb{/logs,file:///workdir/hadoop-ozone/integration-test/target/log,UNAVAILABLE}
2019-09-24 18:18:15,371 [Datanode State Machine Thread - 0] INFO  statemachine.DatanodeStateMachine (DatanodeStateMachine.java:lambda$startDaemon$0(350)) - Ozone container server started.
2019-09-24 18:18:15,453 [5d2d95be-6b28-4ecf-b7b7-7d783f42b699@group-C7BA931E655D-StateMachineUpdater] INFO  ratis.ContainerStateMachine (ContainerStateMachine.java:takeSnapshot(300)) - group-C7BA931E655D: Finished taking a snapshot at:(t:2, i:6) file:/workdir/hadoop-ozone/integration-test/target/test-dir/MiniOzoneClusterImpl-2256e15c-84c9-46bf-b493-19471620b231/datanode-4/data/ratis/3375506e-08d9-485b-94b1-c7ba931e655d/sm/snapshot.2_6 time:517
2019-09-24 18:18:15,456 [5d2d95be-6b28-4ecf-b7b7-7d783f42b699@group-C7BA931E655D-StateMachineUpdater] INFO  impl.StateMachineUpdater (StateMachineUpdater.java:takeSnapshot(258)) - 5d2d95be-6b28-4ecf-b7b7-7d783f42b699@group-C7BA931E655D-StateMachineUpdater: Took a snapshot at index 6
2019-09-24 18:18:15,456 [5d2d95be-6b28-4ecf-b7b7-7d783f42b699@group-C7BA931E655D-StateMachineUpdater] INFO  impl.StateMachineUpdater (StateMachineUpdater.java:lambda$new$0(83)) - 5d2d95be-6b28-4ecf-b7b7-7d783f42b699@group-C7BA931E655D-StateMachineUpdater: snapshotIndex: updateIncreasingly -1 -> 6
2019-09-24 18:18:15,464 [5d2d95be-6b28-4ecf-b7b7-7d783f42b699@group-C7BA931E655D-StateMachineUpdater] INFO  ratis.ContainerStateMachine (ContainerStateMachine.java:takeSnapshot(289)) - group-C7BA931E655D: Taking a snapshot at:(t:2, i:6) file /workdir/hadoop-ozone/integration-test/target/test-dir/MiniOzoneClusterImpl-2256e15c-84c9-46bf-b493-19471620b231/datanode-4/data/ratis/3375506e-08d9-485b-94b1-c7ba931e655d/sm/snapshot.2_6
2019-09-24 18:18:15,804 [5d2d95be-6b28-4ecf-b7b7-7d783f42b699@group-C7BA931E655D-StateMachineUpdater] INFO  ratis.ContainerStateMachine (ContainerStateMachine.java:takeSnapshot(300)) - group-C7BA931E655D: Finished taking a snapshot at:(t:2, i:6) file:/workdir/hadoop-ozone/integration-test/target/test-dir/MiniOzoneClusterImpl-2256e15c-84c9-46bf-b493-19471620b231/datanode-4/data/ratis/3375506e-08d9-485b-94b1-c7ba931e655d/sm/snapshot.2_6 time:340
2019-09-24 18:18:15,805 [5d2d95be-6b28-4ecf-b7b7-7d783f42b699@group-C7BA931E655D-StateMachineUpdater] INFO  impl.StateMachineUpdater (StateMachineUpdater.java:takeSnapshot(258)) - 5d2d95be-6b28-4ecf-b7b7-7d783f42b699@group-C7BA931E655D-StateMachineUpdater: Took a snapshot at index 6
2019-09-24 18:18:15,805 [5d2d95be-6b28-4ecf-b7b7-7d783f42b699@group-C7BA931E655D-StateMachineUpdater] INFO  impl.StateMachineUpdater (StateMachineUpdater.java:lambda$new$0(83)) - 5d2d95be-6b28-4ecf-b7b7-7d783f42b699@group-C7BA931E655D-StateMachineUpdater: snapshotIndex: updateIncreasingly 6 -> 6
2019-09-24 18:18:15,805 [main] INFO  impl.RaftServerImpl (ServerState.java:close(385)) - 5d2d95be-6b28-4ecf-b7b7-7d783f42b699@group-C7BA931E655D: closes. applyIndex: 8
2019-09-24 18:18:15,806 [5d2d95be-6b28-4ecf-b7b7-7d783f42b699@group-C7BA931E655D-SegmentedRaftLogWorker] INFO  segmented.SegmentedRaftLogWorker (SegmentedRaftLogWorker.java:run(313)) - 5d2d95be-6b28-4ecf-b7b7-7d783f42b699@group-C7BA931E655D-SegmentedRaftLogWorker was interrupted, exiting. There are 0 tasks remaining in the queue.
2019-09-24 18:18:15,807 [main] INFO  segmented.SegmentedRaftLogWorker (SegmentedRaftLogWorker.java:close(228)) - 5d2d95be-6b28-4ecf-b7b7-7d783f42b699@group-C7BA931E655D-SegmentedRaftLogWorker close()
2019-09-24 18:18:15,810 [main] INFO  impl.RaftServerImpl (RaftServerImpl.java:lambda$shutdown$3(251)) - 5d2d95be-6b28-4ecf-b7b7-7d783f42b699@group-85CAA62505AF: shutdown
2019-09-24 18:18:15,811 [main] INFO  util.JmxRegister (JmxRegister.java:unregister(73)) - Successfully un-registered JMX Bean with object name Ratis:service=RaftServer,group=group-85CAA62505AF,id=5d2d95be-6b28-4ecf-b7b7-7d783f42b699
2019-09-24 18:18:15,811 [main] INFO  impl.RoleInfo (RoleInfo.java:shutdownLeaderState(104)) - 5d2d95be-6b28-4ecf-b7b7-7d783f42b699: shutdown LeaderState
2019-09-24 18:18:15,812 [main] INFO  impl.PendingRequests (PendingRequests.java:sendNotLeaderResponses(202)) - 5d2d95be-6b28-4ecf-b7b7-7d783f42b699-PendingRequests: sendNotLeaderResponses
2019-09-24 18:18:15,813 [main] INFO  impl.StateMachineUpdater (StateMachineUpdater.java:stopAndJoin(125)) - 5d2d95be-6b28-4ecf-b7b7-7d783f42b699@group-85CAA62505AF-StateMachineUpdater: set stopIndex = 0
2019-09-24 18:18:15,813 [main] INFO  impl.RaftServerImpl (ServerState.java:close(385)) - 5d2d95be-6b28-4ecf-b7b7-7d783f42b699@group-85CAA62505AF: closes. applyIndex: 0
2019-09-24 18:18:15,814 [5d2d95be-6b28-4ecf-b7b7-7d783f42b699@group-85CAA62505AF-SegmentedRaftLogWorker] INFO  segmented.SegmentedRaftLogWorker (SegmentedRaftLogWorker.java:run(313)) - 5d2d95be-6b28-4ecf-b7b7-7d783f42b699@group-85CAA62505AF-SegmentedRaftLogWorker was interrupted, exiting. There are 0 tasks remaining in the queue.
2019-09-24 18:18:15,814 [main] INFO  segmented.SegmentedRaftLogWorker (SegmentedRaftLogWorker.java:close(228)) - 5d2d95be-6b28-4ecf-b7b7-7d783f42b699@group-85CAA62505AF-SegmentedRaftLogWorker close()
2019-09-24 18:18:15,817 [main] INFO  server.GrpcService (GrpcService.java:closeImpl(164)) - 5d2d95be-6b28-4ecf-b7b7-7d783f42b699: shutdown server with port 36125 now
2019-09-24 18:18:15,818 [grpc-default-executor-1] WARN  server.GrpcServerProtocolService (LogUtils.java:warn(134)) - 5d2d95be-6b28-4ecf-b7b7-7d783f42b699: installSnapshot onError, lastRequest: 94129c48-23ca-4c90-a0ce-bb122b1a0582->5d2d95be-6b28-4ecf-b7b7-7d783f42b699#57-t2, previous=(t:2, i:8), leaderCommit=8, initializing? false, entries: <empty>: org.apache.ratis.thirdparty.io.grpc.StatusRuntimeException: CANCELLED: cancelled before receiving half close
2019-09-24 18:18:15,818 [main] INFO  server.GrpcService (GrpcService.java:closeImpl(172)) - 5d2d95be-6b28-4ecf-b7b7-7d783f42b699: shutdown server with port 36125 successfully
2019-09-24 18:18:15,825 [grpc-default-executor-3] WARN  server.GrpcLogAppender (LogUtils.java:warn(134)) - 94129c48-23ca-4c90-a0ce-bb122b1a0582@group-C7BA931E655D->5d2d95be-6b28-4ecf-b7b7-7d783f42b699-AppendLogResponseHandler: Failed appendEntries: org.apache.ratis.thirdparty.io.grpc.StatusRuntimeException: CANCELLED: HTTP/2 error code: CANCEL
Received Rst Stream
2019-09-24 18:18:15,825 [grpc-default-executor-3] INFO  impl.FollowerInfo (FollowerInfo.java:lambda$new$0(51)) - 94129c48-23ca-4c90-a0ce-bb122b1a0582@group-C7BA931E655D->5d2d95be-6b28-4ecf-b7b7-7d783f42b699: nextIndex: updateUnconditionally 9 -> 8
2019-09-24 18:18:15,827 [refreshUsed-/workdir/hadoop-ozone/integration-test/target/test-dir/MiniOzoneClusterImpl-2256e15c-84c9-46bf-b493-19471620b231/datanode-4/data/containers] WARN  fs.CachingGetSpaceUsed (CachingGetSpaceUsed.java:run(183)) - Thread Interrupted waiting to refresh disk information: sleep interrupted
2019-09-24 18:18:15,851 [main] INFO  utils.BackgroundService (BackgroundService.java:shutdown(148)) - Shutting down service BlockDeletingService
2019-09-24 18:18:15,858 [main] INFO  statemachine.DatanodeStateMachine (DatanodeStateMachine.java:stopDaemon(395)) - Ozone container server stopped.
2019-09-24 18:18:15,859 [main] INFO  handler.ContextHandler (ContextHandler.java:doStop(910)) - Stopped o.e.j.w.WebAppContext@7affc159{/,null,UNAVAILABLE}{/hddsDatanode}
2019-09-24 18:18:15,861 [main] INFO  server.AbstractConnector (AbstractConnector.java:doStop(318)) - Stopped ServerConnector@1682c08c{HTTP/1.1,[http/1.1]}{0.0.0.0:0}
2019-09-24 18:18:15,861 [main] INFO  handler.ContextHandler (ContextHandler.java:doStop(910)) - Stopped o.e.j.s.ServletContextHandler@7bf01cb{/static,jar:file:/home/user/.m2/repository/org/apache/hadoop/hadoop-hdds-container-service/0.5.0-SNAPSHOT/hadoop-hdds-container-service-0.5.0-SNAPSHOT.jar!/webapps/static,UNAVAILABLE}
2019-09-24 18:18:15,862 [main] INFO  handler.ContextHandler (ContextHandler.java:doStop(910)) - Stopped o.e.j.s.ServletContextHandler@1015a4b9{/logs,file:///workdir/hadoop-ozone/integration-test/target/log,UNAVAILABLE}
2019-09-24 18:18:16,558 [grpc-default-executor-3] WARN  server.GrpcLogAppender (LogUtils.java:warn(134)) - c193ce51-f881-48bb-a5d6-6cdb2075116e@group-93C3789A707A->7c411084-5716-47c5-97f2-dc43e37e1edc-AppendLogResponseHandler: Failed appendEntries: org.apache.ratis.thirdparty.io.grpc.StatusRuntimeException: UNAVAILABLE: io exception
2019-09-24 18:18:16,558 [grpc-default-executor-3] INFO  impl.FollowerInfo (FollowerInfo.java:lambda$new$0(51)) - c193ce51-f881-48bb-a5d6-6cdb2075116e@group-93C3789A707A->7c411084-5716-47c5-97f2-dc43e37e1edc: nextIndex: updateUnconditionally 0 -> 0
2019-09-24 18:18:16,587 [Datanode State Machine Thread - 0] INFO  statemachine.DatanodeStateMachine (DatanodeStateMachine.java:lambda$startDaemon$0(350)) - Ozone container server started.
2019-09-24 18:18:17,732 [grpc-default-executor-6] WARN  server.GrpcLogAppender (LogUtils.java:warn(134)) - 94129c48-23ca-4c90-a0ce-bb122b1a0582@group-C7BA931E655D->5d2d95be-6b28-4ecf-b7b7-7d783f42b699-AppendLogResponseHandler: Failed appendEntries: org.apache.ratis.thirdparty.io.grpc.StatusRuntimeException: UNAVAILABLE: io exception
2019-09-24 18:18:17,732 [grpc-default-executor-6] INFO  impl.FollowerInfo (FollowerInfo.java:lambda$new$0(51)) - 94129c48-23ca-4c90-a0ce-bb122b1a0582@group-C7BA931E655D->5d2d95be-6b28-4ecf-b7b7-7d783f42b699: nextIndex: updateUnconditionally 8 -> 7
2019-09-24 18:18:19,059 [grpc-default-executor-6] WARN  server.GrpcLogAppender (LogUtils.java:warn(134)) - c193ce51-f881-48bb-a5d6-6cdb2075116e@group-93C3789A707A->7c411084-5716-47c5-97f2-dc43e37e1edc-AppendLogResponseHandler: Failed appendEntries: org.apache.ratis.thirdparty.io.grpc.StatusRuntimeException: UNAVAILABLE: io exception
2019-09-24 18:18:19,060 [grpc-default-executor-6] INFO  impl.FollowerInfo (FollowerInfo.java:lambda$new$0(51)) - c193ce51-f881-48bb-a5d6-6cdb2075116e@group-93C3789A707A->7c411084-5716-47c5-97f2-dc43e37e1edc: nextIndex: updateUnconditionally 0 -> 0
2019-09-24 18:18:20,031 [ForkJoinPool.commonPool-worker-1] INFO  ozoneimpl.OzoneContainer (OzoneContainer.java:stop(231)) - Attempting to stop container services.
2019-09-24 18:18:20,033 [ForkJoinPool.commonPool-worker-1] INFO  impl.RaftServerProxy (RaftServerProxy.java:lambda$close$4(314)) - c193ce51-f881-48bb-a5d6-6cdb2075116e: close
2019-09-24 18:18:20,034 [ForkJoinPool.commonPool-worker-1] INFO  impl.RaftServerImpl (RaftServerImpl.java:lambda$shutdown$3(251)) - c193ce51-f881-48bb-a5d6-6cdb2075116e@group-C5068ABD2401: shutdown
2019-09-24 18:18:20,034 [ForkJoinPool.commonPool-worker-1] INFO  util.JmxRegister (JmxRegister.java:unregister(73)) - Successfully un-registered JMX Bean with object name Ratis:service=RaftServer,group=group-C5068ABD2401,id=c193ce51-f881-48bb-a5d6-6cdb2075116e
2019-09-24 18:18:20,035 [ForkJoinPool.commonPool-worker-1] INFO  impl.RoleInfo (RoleInfo.java:shutdownLeaderState(104)) - c193ce51-f881-48bb-a5d6-6cdb2075116e: shutdown LeaderState
2019-09-24 18:18:20,036 [ForkJoinPool.commonPool-worker-1] INFO  impl.PendingRequests (PendingRequests.java:sendNotLeaderResponses(202)) - c193ce51-f881-48bb-a5d6-6cdb2075116e-PendingRequests: sendNotLeaderResponses
2019-09-24 18:18:20,037 [ForkJoinPool.commonPool-worker-1] INFO  impl.StateMachineUpdater (StateMachineUpdater.java:stopAndJoin(125)) - c193ce51-f881-48bb-a5d6-6cdb2075116e@group-C5068ABD2401-StateMachineUpdater: set stopIndex = 0
2019-09-24 18:18:20,038 [ForkJoinPool.commonPool-worker-1] INFO  impl.RaftServerImpl (ServerState.java:close(385)) - c193ce51-f881-48bb-a5d6-6cdb2075116e@group-C5068ABD2401: closes. applyIndex: 0
2019-09-24 18:18:20,039 [c193ce51-f881-48bb-a5d6-6cdb2075116e@group-C5068ABD2401-SegmentedRaftLogWorker] INFO  segmented.SegmentedRaftLogWorker (SegmentedRaftLogWorker.java:run(313)) - c193ce51-f881-48bb-a5d6-6cdb2075116e@group-C5068ABD2401-SegmentedRaftLogWorker was interrupted, exiting. There are 0 tasks remaining in the queue.
2019-09-24 18:18:20,040 [ForkJoinPool.commonPool-worker-1] INFO  segmented.SegmentedRaftLogWorker (SegmentedRaftLogWorker.java:close(228)) - c193ce51-f881-48bb-a5d6-6cdb2075116e@group-C5068ABD2401-SegmentedRaftLogWorker close()
2019-09-24 18:18:20,046 [ForkJoinPool.commonPool-worker-1] INFO  impl.RaftServerImpl (RaftServerImpl.java:lambda$shutdown$3(251)) - c193ce51-f881-48bb-a5d6-6cdb2075116e@group-93C3789A707A: shutdown
2019-09-24 18:18:20,046 [ForkJoinPool.commonPool-worker-1] INFO  util.JmxRegister (JmxRegister.java:unregister(73)) - Successfully un-registered JMX Bean with object name Ratis:service=RaftServer,group=group-93C3789A707A,id=c193ce51-f881-48bb-a5d6-6cdb2075116e
2019-09-24 18:18:20,046 [ForkJoinPool.commonPool-worker-1] INFO  impl.RoleInfo (RoleInfo.java:shutdownLeaderState(104)) - c193ce51-f881-48bb-a5d6-6cdb2075116e: shutdown LeaderState
2019-09-24 18:18:20,051 [ForkJoinPool.commonPool-worker-1] INFO  impl.PendingRequests (PendingRequests.java:sendNotLeaderResponses(202)) - c193ce51-f881-48bb-a5d6-6cdb2075116e-PendingRequests: sendNotLeaderResponses
2019-09-24 18:18:20,051 [org.apache.ratis.server.impl.LogAppender$AppenderDaemon$$Lambda$586/1927792194@489be42d] WARN  server.GrpcLogAppender (GrpcLogAppender.java:mayWait(143)) - c193ce51-f881-48bb-a5d6-6cdb2075116e@group-93C3789A707A->7c411084-5716-47c5-97f2-dc43e37e1edc-GrpcLogAppender: Wait interrupted by java.lang.InterruptedException
2019-09-24 18:18:20,051 [ForkJoinPool.commonPool-worker-1] INFO  impl.StateMachineUpdater (StateMachineUpdater.java:stopAndJoin(125)) - c193ce51-f881-48bb-a5d6-6cdb2075116e@group-93C3789A707A-StateMachineUpdater: set stopIndex = 0
2019-09-24 18:18:20,051 [org.apache.ratis.server.impl.LogAppender$AppenderDaemon$$Lambda$586/1927792194@60ca0883] WARN  server.GrpcLogAppender (GrpcLogAppender.java:mayWait(143)) - c193ce51-f881-48bb-a5d6-6cdb2075116e@group-93C3789A707A->c3ba2feb-e3c1-413e-bd73-cad472897a56-GrpcLogAppender: Wait interrupted by java.lang.InterruptedException
2019-09-24 18:18:20,052 [ForkJoinPool.commonPool-worker-1] INFO  impl.RaftServerImpl (ServerState.java:close(385)) - c193ce51-f881-48bb-a5d6-6cdb2075116e@group-93C3789A707A: closes. applyIndex: 0
2019-09-24 18:18:20,052 [c193ce51-f881-48bb-a5d6-6cdb2075116e@group-93C3789A707A-SegmentedRaftLogWorker] INFO  segmented.SegmentedRaftLogWorker (SegmentedRaftLogWorker.java:run(313)) - c193ce51-f881-48bb-a5d6-6cdb2075116e@group-93C3789A707A-SegmentedRaftLogWorker was interrupted, exiting. There are 0 tasks remaining in the queue.
2019-09-24 18:18:20,055 [ForkJoinPool.commonPool-worker-1] INFO  segmented.SegmentedRaftLogWorker (SegmentedRaftLogWorker.java:close(228)) - c193ce51-f881-48bb-a5d6-6cdb2075116e@group-93C3789A707A-SegmentedRaftLogWorker close()
2019-09-24 18:18:20,068 [ForkJoinPool.commonPool-worker-1] INFO  server.GrpcService (GrpcService.java:closeImpl(164)) - c193ce51-f881-48bb-a5d6-6cdb2075116e: shutdown server with port 43582 now
2019-09-24 18:18:20,070 [grpc-default-executor-6] INFO  server.GrpcServerProtocolService (GrpcServerProtocolService.java:onCompleted(113)) - c3ba2feb-e3c1-413e-bd73-cad472897a56: Completed APPEND_ENTRIES, lastRequest: c193ce51-f881-48bb-a5d6-6cdb2075116e->c3ba2feb-e3c1-413e-bd73-cad472897a56#8-t1, previous=(t:1, i:0), leaderCommit=0, initializing? false, entries: <empty>
2019-09-24 18:18:20,070 [grpc-default-executor-3] INFO  server.GrpcLogAppender (GrpcLogAppender.java:onError(282)) - c193ce51-f881-48bb-a5d6-6cdb2075116e@group-93C3789A707A->c3ba2feb-e3c1-413e-bd73-cad472897a56-GrpcLogAppender is stopped
2019-09-24 18:18:20,071 [ForkJoinPool.commonPool-worker-1] INFO  server.GrpcService (GrpcService.java:closeImpl(172)) - c193ce51-f881-48bb-a5d6-6cdb2075116e: shutdown server with port 43582 successfully
2019-09-24 18:18:20,078 [refreshUsed-/workdir/hadoop-ozone/integration-test/target/test-dir/MiniOzoneClusterImpl-2256e15c-84c9-46bf-b493-19471620b231/datanode-2/data/containers] WARN  fs.CachingGetSpaceUsed (CachingGetSpaceUsed.java:run(183)) - Thread Interrupted waiting to refresh disk information: sleep interrupted
2019-09-24 18:18:20,100 [ForkJoinPool.commonPool-worker-1] INFO  utils.BackgroundService (BackgroundService.java:shutdown(148)) - Shutting down service BlockDeletingService
2019-09-24 18:18:20,105 [ForkJoinPool.commonPool-worker-1] INFO  statemachine.DatanodeStateMachine (DatanodeStateMachine.java:stopDaemon(395)) - Ozone container server stopped.
2019-09-24 18:18:20,111 [ForkJoinPool.commonPool-worker-1] INFO  handler.ContextHandler (ContextHandler.java:doStop(910)) - Stopped o.e.j.w.WebAppContext@51dae791{/,null,UNAVAILABLE}{/hddsDatanode}
2019-09-24 18:18:20,112 [ForkJoinPool.commonPool-worker-1] INFO  server.AbstractConnector (AbstractConnector.java:doStop(318)) - Stopped ServerConnector@688a2c09{HTTP/1.1,[http/1.1]}{0.0.0.0:0}
2019-09-24 18:18:20,114 [ForkJoinPool.commonPool-worker-1] INFO  handler.ContextHandler (ContextHandler.java:doStop(910)) - Stopped o.e.j.s.ServletContextHandler@28369db0{/static,jar:file:/home/user/.m2/repository/org/apache/hadoop/hadoop-hdds-container-service/0.5.0-SNAPSHOT/hadoop-hdds-container-service-0.5.0-SNAPSHOT.jar!/webapps/static,UNAVAILABLE}
2019-09-24 18:18:20,116 [ForkJoinPool.commonPool-worker-1] INFO  handler.ContextHandler (ContextHandler.java:doStop(910)) - Stopped o.e.j.s.ServletContextHandler@655f69da{/logs,file:///workdir/hadoop-ozone/integration-test/target/log,UNAVAILABLE}
2019-09-24 18:18:20,234 [grpc-default-executor-3] WARN  server.GrpcLogAppender (LogUtils.java:warn(134)) - 94129c48-23ca-4c90-a0ce-bb122b1a0582@group-C7BA931E655D->5d2d95be-6b28-4ecf-b7b7-7d783f42b699-AppendLogResponseHandler: Failed appendEntries: org.apache.ratis.thirdparty.io.grpc.StatusRuntimeException: UNAVAILABLE: io exception
2019-09-24 18:18:20,235 [grpc-default-executor-3] INFO  impl.FollowerInfo (FollowerInfo.java:lambda$new$0(51)) - 94129c48-23ca-4c90-a0ce-bb122b1a0582@group-C7BA931E655D->5d2d95be-6b28-4ecf-b7b7-7d783f42b699: nextIndex: updateUnconditionally 7 -> 6
2019-09-24 18:18:20,639 [Datanode State Machine Thread - 0] INFO  statemachine.DatanodeStateMachine (DatanodeStateMachine.java:lambda$startDaemon$0(350)) - Ozone container server started.
2019-09-24 18:18:20,864 [main] INFO  ozoneimpl.OzoneContainer (OzoneContainer.java:stop(231)) - Attempting to stop container services.
2019-09-24 18:18:20,865 [main] INFO  impl.RaftServerProxy (RaftServerProxy.java:lambda$close$4(314)) - 94129c48-23ca-4c90-a0ce-bb122b1a0582: close
2019-09-24 18:18:20,866 [main] INFO  impl.RaftServerImpl (RaftServerImpl.java:lambda$shutdown$3(251)) - 94129c48-23ca-4c90-a0ce-bb122b1a0582@group-C7BA931E655D: shutdown
2019-09-24 18:18:20,867 [main] INFO  util.JmxRegister (JmxRegister.java:unregister(73)) - Successfully un-registered JMX Bean with object name Ratis:service=RaftServer,group=group-C7BA931E655D,id=94129c48-23ca-4c90-a0ce-bb122b1a0582
2019-09-24 18:18:20,867 [main] INFO  impl.RoleInfo (RoleInfo.java:shutdownLeaderState(104)) - 94129c48-23ca-4c90-a0ce-bb122b1a0582: shutdown LeaderState
2019-09-24 18:18:20,872 [main] INFO  impl.PendingRequests (PendingRequests.java:sendNotLeaderResponses(202)) - 94129c48-23ca-4c90-a0ce-bb122b1a0582-PendingRequests: sendNotLeaderResponses
2019-09-24 18:18:20,872 [org.apache.ratis.server.impl.LogAppender$AppenderDaemon$$Lambda$586/1927792194@519fdd8a] WARN  server.GrpcLogAppender (GrpcLogAppender.java:mayWait(143)) - 94129c48-23ca-4c90-a0ce-bb122b1a0582@group-C7BA931E655D->5d2d95be-6b28-4ecf-b7b7-7d783f42b699-GrpcLogAppender: Wait interrupted by java.lang.InterruptedException
2019-09-24 18:18:20,872 [org.apache.ratis.server.impl.LogAppender$AppenderDaemon$$Lambda$586/1927792194@700b22a9] WARN  server.GrpcLogAppender (GrpcLogAppender.java:mayWait(143)) - 94129c48-23ca-4c90-a0ce-bb122b1a0582@group-C7BA931E655D->36b0c052-cff8-4e12-9bf5-4de3d256c6bd-GrpcLogAppender: Wait interrupted by java.lang.InterruptedException
2019-09-24 18:18:20,876 [94129c48-23ca-4c90-a0ce-bb122b1a0582@group-C7BA931E655D-StateMachineUpdater] INFO  ratis.ContainerStateMachine (ContainerStateMachine.java:takeSnapshot(289)) - group-C7BA931E655D: Taking a snapshot at:(t:2, i:6) file /workdir/hadoop-ozone/integration-test/target/test-dir/MiniOzoneClusterImpl-2256e15c-84c9-46bf-b493-19471620b231/datanode-3/data/ratis/3375506e-08d9-485b-94b1-c7ba931e655d/sm/snapshot.2_6
2019-09-24 18:18:20,876 [main] INFO  impl.StateMachineUpdater (StateMachineUpdater.java:stopAndJoin(125)) - 94129c48-23ca-4c90-a0ce-bb122b1a0582@group-C7BA931E655D-StateMachineUpdater: set stopIndex = 8
2019-09-24 18:18:20,877 [grpc-default-executor-3] INFO  server.GrpcServerProtocolService (GrpcServerProtocolService.java:onCompleted(113)) - 36b0c052-cff8-4e12-9bf5-4de3d256c6bd: Completed APPEND_ENTRIES, lastRequest: 94129c48-23ca-4c90-a0ce-bb122b1a0582->36b0c052-cff8-4e12-9bf5-4de3d256c6bd#59-t2, previous=(t:2, i:8), leaderCommit=8, initializing? false, entries: <empty>
2019-09-24 18:18:20,878 [grpc-default-executor-3] INFO  server.GrpcLogAppender (GrpcLogAppender.java:onCompleted(293)) - 94129c48-23ca-4c90-a0ce-bb122b1a0582@group-C7BA931E655D->36b0c052-cff8-4e12-9bf5-4de3d256c6bd-AppendLogResponseHandler: follower responses appendEntries COMPLETED
2019-09-24 18:18:20,878 [grpc-default-executor-3] INFO  impl.FollowerInfo (FollowerInfo.java:lambda$new$0(51)) - 94129c48-23ca-4c90-a0ce-bb122b1a0582@group-C7BA931E655D->36b0c052-cff8-4e12-9bf5-4de3d256c6bd: nextIndex: updateUnconditionally 9 -> 8
2019-09-24 18:18:21,124 [94129c48-23ca-4c90-a0ce-bb122b1a0582@group-C7BA931E655D-StateMachineUpdater] INFO  ratis.ContainerStateMachine (ContainerStateMachine.java:takeSnapshot(300)) - group-C7BA931E655D: Finished taking a snapshot at:(t:2, i:6) file:/workdir/hadoop-ozone/integration-test/target/test-dir/MiniOzoneClusterImpl-2256e15c-84c9-46bf-b493-19471620b231/datanode-3/data/ratis/3375506e-08d9-485b-94b1-c7ba931e655d/sm/snapshot.2_6 time:249
2019-09-24 18:18:21,125 [94129c48-23ca-4c90-a0ce-bb122b1a0582@group-C7BA931E655D-StateMachineUpdater] INFO  impl.StateMachineUpdater (StateMachineUpdater.java:takeSnapshot(258)) - 94129c48-23ca-4c90-a0ce-bb122b1a0582@group-C7BA931E655D-StateMachineUpdater: Took a snapshot at index 6
2019-09-24 18:18:21,125 [94129c48-23ca-4c90-a0ce-bb122b1a0582@group-C7BA931E655D-StateMachineUpdater] INFO  impl.StateMachineUpdater (StateMachineUpdater.java:lambda$new$0(83)) - 94129c48-23ca-4c90-a0ce-bb122b1a0582@group-C7BA931E655D-StateMachineUpdater: snapshotIndex: updateIncreasingly -1 -> 6
2019-09-24 18:18:21,126 [94129c48-23ca-4c90-a0ce-bb122b1a0582@group-C7BA931E655D-StateMachineUpdater] INFO  ratis.ContainerStateMachine (ContainerStateMachine.java:takeSnapshot(289)) - group-C7BA931E655D: Taking a snapshot at:(t:2, i:6) file /workdir/hadoop-ozone/integration-test/target/test-dir/MiniOzoneClusterImpl-2256e15c-84c9-46bf-b493-19471620b231/datanode-3/data/ratis/3375506e-08d9-485b-94b1-c7ba931e655d/sm/snapshot.2_6
2019-09-24 18:18:21,450 [94129c48-23ca-4c90-a0ce-bb122b1a0582@group-C7BA931E655D-StateMachineUpdater] INFO  ratis.ContainerStateMachine (ContainerStateMachine.java:takeSnapshot(300)) - group-C7BA931E655D: Finished taking a snapshot at:(t:2, i:6) file:/workdir/hadoop-ozone/integration-test/target/test-dir/MiniOzoneClusterImpl-2256e15c-84c9-46bf-b493-19471620b231/datanode-3/data/ratis/3375506e-08d9-485b-94b1-c7ba931e655d/sm/snapshot.2_6 time:325
2019-09-24 18:18:21,451 [94129c48-23ca-4c90-a0ce-bb122b1a0582@group-C7BA931E655D-StateMachineUpdater] INFO  impl.StateMachineUpdater (StateMachineUpdater.java:takeSnapshot(258)) - 94129c48-23ca-4c90-a0ce-bb122b1a0582@group-C7BA931E655D-StateMachineUpdater: Took a snapshot at index 6
2019-09-24 18:18:21,451 [94129c48-23ca-4c90-a0ce-bb122b1a0582@group-C7BA931E655D-StateMachineUpdater] INFO  impl.StateMachineUpdater (StateMachineUpdater.java:lambda$new$0(83)) - 94129c48-23ca-4c90-a0ce-bb122b1a0582@group-C7BA931E655D-StateMachineUpdater: snapshotIndex: updateIncreasingly 6 -> 6
2019-09-24 18:18:21,452 [main] INFO  impl.RaftServerImpl (ServerState.java:close(385)) - 94129c48-23ca-4c90-a0ce-bb122b1a0582@group-C7BA931E655D: closes. applyIndex: 8
2019-09-24 18:18:21,452 [94129c48-23ca-4c90-a0ce-bb122b1a0582@group-C7BA931E655D-SegmentedRaftLogWorker] INFO  segmented.SegmentedRaftLogWorker (SegmentedRaftLogWorker.java:run(313)) - 94129c48-23ca-4c90-a0ce-bb122b1a0582@group-C7BA931E655D-SegmentedRaftLogWorker was interrupted, exiting. There are 0 tasks remaining in the queue.
2019-09-24 18:18:21,453 [main] INFO  segmented.SegmentedRaftLogWorker (SegmentedRaftLogWorker.java:close(228)) - 94129c48-23ca-4c90-a0ce-bb122b1a0582@group-C7BA931E655D-SegmentedRaftLogWorker close()
2019-09-24 18:18:21,453 [main] INFO  impl.RaftServerImpl (RaftServerImpl.java:lambda$shutdown$3(251)) - 94129c48-23ca-4c90-a0ce-bb122b1a0582@group-A288B06A88C5: shutdown
2019-09-24 18:18:21,454 [main] INFO  util.JmxRegister (JmxRegister.java:unregister(73)) - Successfully un-registered JMX Bean with object name Ratis:service=RaftServer,group=group-A288B06A88C5,id=94129c48-23ca-4c90-a0ce-bb122b1a0582
2019-09-24 18:18:21,454 [main] INFO  impl.RoleInfo (RoleInfo.java:shutdownLeaderState(104)) - 94129c48-23ca-4c90-a0ce-bb122b1a0582: shutdown LeaderState
2019-09-24 18:18:21,455 [main] INFO  impl.PendingRequests (PendingRequests.java:sendNotLeaderResponses(202)) - 94129c48-23ca-4c90-a0ce-bb122b1a0582-PendingRequests: sendNotLeaderResponses
2019-09-24 18:18:21,455 [main] INFO  impl.StateMachineUpdater (StateMachineUpdater.java:stopAndJoin(125)) - 94129c48-23ca-4c90-a0ce-bb122b1a0582@group-A288B06A88C5-StateMachineUpdater: set stopIndex = 0
2019-09-24 18:18:21,456 [main] INFO  impl.RaftServerImpl (ServerState.java:close(385)) - 94129c48-23ca-4c90-a0ce-bb122b1a0582@group-A288B06A88C5: closes. applyIndex: 0
2019-09-24 18:18:21,456 [94129c48-23ca-4c90-a0ce-bb122b1a0582@group-A288B06A88C5-SegmentedRaftLogWorker] INFO  segmented.SegmentedRaftLogWorker (SegmentedRaftLogWorker.java:run(313)) - 94129c48-23ca-4c90-a0ce-bb122b1a0582@group-A288B06A88C5-SegmentedRaftLogWorker was interrupted, exiting. There are 0 tasks remaining in the queue.
2019-09-24 18:18:21,457 [main] INFO  segmented.SegmentedRaftLogWorker (SegmentedRaftLogWorker.java:close(228)) - 94129c48-23ca-4c90-a0ce-bb122b1a0582@group-A288B06A88C5-SegmentedRaftLogWorker close()
2019-09-24 18:18:21,457 [main] INFO  server.GrpcService (GrpcService.java:closeImpl(164)) - 94129c48-23ca-4c90-a0ce-bb122b1a0582: shutdown server with port 34734 now
2019-09-24 18:18:21,458 [main] INFO  server.GrpcService (GrpcService.java:closeImpl(172)) - 94129c48-23ca-4c90-a0ce-bb122b1a0582: shutdown server with port 34734 successfully
2019-09-24 18:18:21,459 [refreshUsed-/workdir/hadoop-ozone/integration-test/target/test-dir/MiniOzoneClusterImpl-2256e15c-84c9-46bf-b493-19471620b231/datanode-3/data/containers] WARN  fs.CachingGetSpaceUsed (CachingGetSpaceUsed.java:run(183)) - Thread Interrupted waiting to refresh disk information: sleep interrupted
2019-09-24 18:18:21,477 [main] INFO  utils.BackgroundService (BackgroundService.java:shutdown(148)) - Shutting down service BlockDeletingService
2019-09-24 18:18:21,482 [main] INFO  statemachine.DatanodeStateMachine (DatanodeStateMachine.java:stopDaemon(395)) - Ozone container server stopped.
2019-09-24 18:18:21,483 [main] INFO  handler.ContextHandler (ContextHandler.java:doStop(910)) - Stopped o.e.j.w.WebAppContext@5c7dfc05{/,null,UNAVAILABLE}{/hddsDatanode}
2019-09-24 18:18:21,484 [main] INFO  server.AbstractConnector (AbstractConnector.java:doStop(318)) - Stopped ServerConnector@345d053b{HTTP/1.1,[http/1.1]}{0.0.0.0:0}
2019-09-24 18:18:21,485 [main] INFO  handler.ContextHandler (ContextHandler.java:doStop(910)) - Stopped o.e.j.s.ServletContextHandler@3138953b{/static,jar:file:/home/user/.m2/repository/org/apache/hadoop/hadoop-hdds-container-service/0.5.0-SNAPSHOT/hadoop-hdds-container-service-0.5.0-SNAPSHOT.jar!/webapps/static,UNAVAILABLE}
2019-09-24 18:18:21,485 [main] INFO  handler.ContextHandler (ContextHandler.java:doStop(910)) - Stopped o.e.j.s.ServletContextHandler@3667faa8{/logs,file:///workdir/hadoop-ozone/integration-test/target/log,UNAVAILABLE}
2019-09-24 18:18:21,681 [Datanode State Machine Thread - 0] INFO  statemachine.DatanodeStateMachine (DatanodeStateMachine.java:lambda$startDaemon$0(350)) - Ozone container server started.
2019-09-24 18:18:25,121 [ForkJoinPool.commonPool-worker-1] INFO  ozoneimpl.OzoneContainer (OzoneContainer.java:stop(231)) - Attempting to stop container services.
2019-09-24 18:18:25,124 [ForkJoinPool.commonPool-worker-1] INFO  impl.RaftServerProxy (RaftServerProxy.java:lambda$close$4(314)) - 36b0c052-cff8-4e12-9bf5-4de3d256c6bd: close
2019-09-24 18:18:25,125 [ForkJoinPool.commonPool-worker-1] INFO  impl.RaftServerImpl (RaftServerImpl.java:lambda$shutdown$3(251)) - 36b0c052-cff8-4e12-9bf5-4de3d256c6bd@group-C7BA931E655D: shutdown
2019-09-24 18:18:25,125 [ForkJoinPool.commonPool-worker-1] INFO  util.JmxRegister (JmxRegister.java:unregister(73)) - Successfully un-registered JMX Bean with object name Ratis:service=RaftServer,group=group-C7BA931E655D,id=36b0c052-cff8-4e12-9bf5-4de3d256c6bd
2019-09-24 18:18:25,126 [ForkJoinPool.commonPool-worker-1] INFO  impl.RoleInfo (RoleInfo.java:shutdownFollowerState(121)) - 36b0c052-cff8-4e12-9bf5-4de3d256c6bd: shutdown FollowerState
2019-09-24 18:18:25,126 [ForkJoinPool.commonPool-worker-1] INFO  impl.StateMachineUpdater (StateMachineUpdater.java:stopAndJoin(125)) - 36b0c052-cff8-4e12-9bf5-4de3d256c6bd@group-C7BA931E655D-StateMachineUpdater: set stopIndex = 8
2019-09-24 18:18:25,127 [Thread-635] INFO  impl.FollowerState (FollowerState.java:run(115)) - 36b0c052-cff8-4e12-9bf5-4de3d256c6bd: FollowerState was interrupted: java.lang.InterruptedException: sleep interrupted
2019-09-24 18:18:25,127 [36b0c052-cff8-4e12-9bf5-4de3d256c6bd@group-C7BA931E655D-StateMachineUpdater] INFO  ratis.ContainerStateMachine (ContainerStateMachine.java:takeSnapshot(289)) - group-C7BA931E655D: Taking a snapshot at:(t:2, i:6) file /workdir/hadoop-ozone/integration-test/target/test-dir/MiniOzoneClusterImpl-2256e15c-84c9-46bf-b493-19471620b231/datanode-0/data/ratis/3375506e-08d9-485b-94b1-c7ba931e655d/sm/snapshot.2_6
2019-09-24 18:18:25,215 [Thread-1274] INFO  impl.FollowerState (FollowerState.java:run(106)) - c3ba2feb-e3c1-413e-bd73-cad472897a56:group-93C3789A707A changes to CANDIDATE, lastRpcTime:6445, electionTimeout:5065ms
2019-09-24 18:18:25,216 [Thread-1274] INFO  impl.RoleInfo (RoleInfo.java:shutdownFollowerState(121)) - c3ba2feb-e3c1-413e-bd73-cad472897a56: shutdown FollowerState
2019-09-24 18:18:25,217 [Thread-1274] INFO  impl.RaftServerImpl (RaftServerImpl.java:setRole(174)) - c3ba2feb-e3c1-413e-bd73-cad472897a56@group-93C3789A707A: changes role from  FOLLOWER to CANDIDATE at term 1 for changeToCandidate
2019-09-24 18:18:25,217 [Thread-1274] INFO  impl.RoleInfo (RoleInfo.java:updateAndGet(143)) - c3ba2feb-e3c1-413e-bd73-cad472897a56: start LeaderElection
2019-09-24 18:18:25,223 [c3ba2feb-e3c1-413e-bd73-cad472897a56@group-93C3789A707A:LeaderElection44] INFO  impl.RaftServerImpl (ServerState.java:setLeader(253)) - c3ba2feb-e3c1-413e-bd73-cad472897a56@group-93C3789A707A: change Leader from c193ce51-f881-48bb-a5d6-6cdb2075116e to null at term 1 for initElection
2019-09-24 18:18:25,382 [36b0c052-cff8-4e12-9bf5-4de3d256c6bd@group-C7BA931E655D-StateMachineUpdater] INFO  ratis.ContainerStateMachine (ContainerStateMachine.java:takeSnapshot(300)) - group-C7BA931E655D: Finished taking a snapshot at:(t:2, i:6) file:/workdir/hadoop-ozone/integration-test/target/test-dir/MiniOzoneClusterImpl-2256e15c-84c9-46bf-b493-19471620b231/datanode-0/data/ratis/3375506e-08d9-485b-94b1-c7ba931e655d/sm/snapshot.2_6 time:255
2019-09-24 18:18:25,382 [c3ba2feb-e3c1-413e-bd73-cad472897a56@group-93C3789A707A:LeaderElection44] INFO  impl.LeaderElection (LeaderElection.java:askForVotes(182)) - c3ba2feb-e3c1-413e-bd73-cad472897a56@group-93C3789A707A:LeaderElection44: begin an election at term 2 for 0: [c193ce51-f881-48bb-a5d6-6cdb2075116e:192.168.36.84:43582, c3ba2feb-e3c1-413e-bd73-cad472897a56:192.168.36.84:46228, 7c411084-5716-47c5-97f2-dc43e37e1edc:192.168.36.84:35497], old=null
2019-09-24 18:18:25,383 [36b0c052-cff8-4e12-9bf5-4de3d256c6bd@group-C7BA931E655D-StateMachineUpdater] INFO  impl.StateMachineUpdater (StateMachineUpdater.java:takeSnapshot(258)) - 36b0c052-cff8-4e12-9bf5-4de3d256c6bd@group-C7BA931E655D-StateMachineUpdater: Took a snapshot at index 6
2019-09-24 18:18:25,383 [36b0c052-cff8-4e12-9bf5-4de3d256c6bd@group-C7BA931E655D-StateMachineUpdater] INFO  impl.StateMachineUpdater (StateMachineUpdater.java:lambda$new$0(83)) - 36b0c052-cff8-4e12-9bf5-4de3d256c6bd@group-C7BA931E655D-StateMachineUpdater: snapshotIndex: updateIncreasingly -1 -> 6
2019-09-24 18:18:25,384 [36b0c052-cff8-4e12-9bf5-4de3d256c6bd@group-C7BA931E655D-StateMachineUpdater] INFO  ratis.ContainerStateMachine (ContainerStateMachine.java:takeSnapshot(289)) - group-C7BA931E655D: Taking a snapshot at:(t:2, i:6) file /workdir/hadoop-ozone/integration-test/target/test-dir/MiniOzoneClusterImpl-2256e15c-84c9-46bf-b493-19471620b231/datanode-0/data/ratis/3375506e-08d9-485b-94b1-c7ba931e655d/sm/snapshot.2_6
2019-09-24 18:18:25,390 [c3ba2feb-e3c1-413e-bd73-cad472897a56@group-93C3789A707A:LeaderElection44] INFO  impl.LeaderElection (LogUtils.java:infoOrTrace(149)) - c3ba2feb-e3c1-413e-bd73-cad472897a56@group-93C3789A707A:LeaderElection44 got exception when requesting votes: {}
java.util.concurrent.ExecutionException: org.apache.ratis.thirdparty.io.grpc.StatusRuntimeException: UNAVAILABLE: io exception
	at java.util.concurrent.FutureTask.report(FutureTask.java:122)
	at java.util.concurrent.FutureTask.get(FutureTask.java:192)
	at org.apache.ratis.server.impl.LeaderElection.waitForResults(LeaderElection.java:263)
	at org.apache.ratis.server.impl.LeaderElection.askForVotes(LeaderElection.java:201)
	at org.apache.ratis.server.impl.LeaderElection.run(LeaderElection.java:133)
	at java.lang.Thread.run(Thread.java:748)
Caused by: org.apache.ratis.thirdparty.io.grpc.StatusRuntimeException: UNAVAILABLE: io exception
	at org.apache.ratis.thirdparty.io.grpc.stub.ClientCalls.toStatusRuntimeException(ClientCalls.java:233)
	at org.apache.ratis.thirdparty.io.grpc.stub.ClientCalls.getUnchecked(ClientCalls.java:214)
	at org.apache.ratis.thirdparty.io.grpc.stub.ClientCalls.blockingUnaryCall(ClientCalls.java:139)
	at org.apache.ratis.proto.grpc.RaftServerProtocolServiceGrpc$RaftServerProtocolServiceBlockingStub.requestVote(RaftServerProtocolServiceGrpc.java:265)
	at org.apache.ratis.grpc.server.GrpcServerProtocolClient.requestVote(GrpcServerProtocolClient.java:90)
	at org.apache.ratis.grpc.server.GrpcService.requestVote(GrpcService.java:204)
	at org.apache.ratis.server.impl.LeaderElection.lambda$submitRequests$1(LeaderElection.java:238)
	at java.util.concurrent.FutureTask.run(FutureTask.java:266)
	at java.util.concurrent.Executors$RunnableAdapter.call(Executors.java:511)
	at java.util.concurrent.FutureTask.run(FutureTask.java:266)
	at java.util.concurrent.ThreadPoolExecutor.runWorker(ThreadPoolExecutor.java:1149)
	at java.util.concurrent.ThreadPoolExecutor$Worker.run(ThreadPoolExecutor.java:624)
	... 1 more
Caused by: org.apache.ratis.thirdparty.io.netty.channel.AbstractChannel$AnnotatedConnectException: Connection refused: /192.168.36.84:35497
	at sun.nio.ch.SocketChannelImpl.checkConnect(Native Method)
	at sun.nio.ch.SocketChannelImpl.finishConnect(SocketChannelImpl.java:717)
	at org.apache.ratis.thirdparty.io.netty.channel.socket.nio.NioSocketChannel.doFinishConnect(NioSocketChannel.java:327)
	at org.apache.ratis.thirdparty.io.netty.channel.nio.AbstractNioChannel$AbstractNioUnsafe.finishConnect(AbstractNioChannel.java:340)
	at org.apache.ratis.thirdparty.io.netty.channel.nio.NioEventLoop.processSelectedKey(NioEventLoop.java:632)
	at org.apache.ratis.thirdparty.io.netty.channel.nio.NioEventLoop.processSelectedKeysOptimized(NioEventLoop.java:579)
	at org.apache.ratis.thirdparty.io.netty.channel.nio.NioEventLoop.processSelectedKeys(NioEventLoop.java:496)
	at org.apache.ratis.thirdparty.io.netty.channel.nio.NioEventLoop.run(NioEventLoop.java:458)
	at org.apache.ratis.thirdparty.io.netty.util.concurrent.SingleThreadEventExecutor$5.run(SingleThreadEventExecutor.java:897)
	at org.apache.ratis.thirdparty.io.netty.util.concurrent.FastThreadLocalRunnable.run(FastThreadLocalRunnable.java:30)
	... 1 more
Caused by: java.net.ConnectException: Connection refused
	... 11 more
2019-09-24 18:18:25,393 [c3ba2feb-e3c1-413e-bd73-cad472897a56@group-93C3789A707A:LeaderElection44] INFO  impl.LeaderElection (LogUtils.java:infoOrTrace(149)) - c3ba2feb-e3c1-413e-bd73-cad472897a56@group-93C3789A707A:LeaderElection44 got exception when requesting votes: {}
java.util.concurrent.ExecutionException: org.apache.ratis.thirdparty.io.grpc.StatusRuntimeException: UNAVAILABLE: io exception
	at java.util.concurrent.FutureTask.report(FutureTask.java:122)
	at java.util.concurrent.FutureTask.get(FutureTask.java:192)
	at org.apache.ratis.server.impl.LeaderElection.waitForResults(LeaderElection.java:263)
	at org.apache.ratis.server.impl.LeaderElection.askForVotes(LeaderElection.java:201)
	at org.apache.ratis.server.impl.LeaderElection.run(LeaderElection.java:133)
	at java.lang.Thread.run(Thread.java:748)
Caused by: org.apache.ratis.thirdparty.io.grpc.StatusRuntimeException: UNAVAILABLE: io exception
	at org.apache.ratis.thirdparty.io.grpc.stub.ClientCalls.toStatusRuntimeException(ClientCalls.java:233)
	at org.apache.ratis.thirdparty.io.grpc.stub.ClientCalls.getUnchecked(ClientCalls.java:214)
	at org.apache.ratis.thirdparty.io.grpc.stub.ClientCalls.blockingUnaryCall(ClientCalls.java:139)
	at org.apache.ratis.proto.grpc.RaftServerProtocolServiceGrpc$RaftServerProtocolServiceBlockingStub.requestVote(RaftServerProtocolServiceGrpc.java:265)
	at org.apache.ratis.grpc.server.GrpcServerProtocolClient.requestVote(GrpcServerProtocolClient.java:90)
	at org.apache.ratis.grpc.server.GrpcService.requestVote(GrpcService.java:204)
	at org.apache.ratis.server.impl.LeaderElection.lambda$submitRequests$1(LeaderElection.java:238)
	at java.util.concurrent.FutureTask.run(FutureTask.java:266)
	at java.util.concurrent.Executors$RunnableAdapter.call(Executors.java:511)
	at java.util.concurrent.FutureTask.run(FutureTask.java:266)
	at java.util.concurrent.ThreadPoolExecutor.runWorker(ThreadPoolExecutor.java:1149)
	at java.util.concurrent.ThreadPoolExecutor$Worker.run(ThreadPoolExecutor.java:624)
	... 1 more
Caused by: org.apache.ratis.thirdparty.io.netty.channel.AbstractChannel$AnnotatedConnectException: Connection refused: /192.168.36.84:43582
	at sun.nio.ch.SocketChannelImpl.checkConnect(Native Method)
	at sun.nio.ch.SocketChannelImpl.finishConnect(SocketChannelImpl.java:717)
	at org.apache.ratis.thirdparty.io.netty.channel.socket.nio.NioSocketChannel.doFinishConnect(NioSocketChannel.java:327)
	at org.apache.ratis.thirdparty.io.netty.channel.nio.AbstractNioChannel$AbstractNioUnsafe.finishConnect(AbstractNioChannel.java:340)
	at org.apache.ratis.thirdparty.io.netty.channel.nio.NioEventLoop.processSelectedKey(NioEventLoop.java:632)
	at org.apache.ratis.thirdparty.io.netty.channel.nio.NioEventLoop.processSelectedKeysOptimized(NioEventLoop.java:579)
	at org.apache.ratis.thirdparty.io.netty.channel.nio.NioEventLoop.processSelectedKeys(NioEventLoop.java:496)
	at org.apache.ratis.thirdparty.io.netty.channel.nio.NioEventLoop.run(NioEventLoop.java:458)
	at org.apache.ratis.thirdparty.io.netty.util.concurrent.SingleThreadEventExecutor$5.run(SingleThreadEventExecutor.java:897)
	at org.apache.ratis.thirdparty.io.netty.util.concurrent.FastThreadLocalRunnable.run(FastThreadLocalRunnable.java:30)
	... 1 more
Caused by: java.net.ConnectException: Connection refused
	... 11 more
2019-09-24 18:18:25,395 [c3ba2feb-e3c1-413e-bd73-cad472897a56@group-93C3789A707A:LeaderElection44] INFO  impl.LeaderElection (LeaderElection.java:logAndReturn(56)) - c3ba2feb-e3c1-413e-bd73-cad472897a56@group-93C3789A707A:LeaderElection44: Election REJECTED; received 0 response(s) [] and 2 exception(s); c3ba2feb-e3c1-413e-bd73-cad472897a56@group-93C3789A707A:t2, leader=null, voted=c3ba2feb-e3c1-413e-bd73-cad472897a56, raftlog=c3ba2feb-e3c1-413e-bd73-cad472897a56@group-93C3789A707A-SegmentedRaftLog:OPENED:c0,f0,i0, conf=0: [c193ce51-f881-48bb-a5d6-6cdb2075116e:192.168.36.84:43582, c3ba2feb-e3c1-413e-bd73-cad472897a56:192.168.36.84:46228, 7c411084-5716-47c5-97f2-dc43e37e1edc:192.168.36.84:35497], old=null
2019-09-24 18:18:25,396 [c3ba2feb-e3c1-413e-bd73-cad472897a56@group-93C3789A707A:LeaderElection44] INFO  impl.LeaderElection (LogUtils.java:infoOrTrace(149)) -   Exception 0: {}
java.util.concurrent.ExecutionException: org.apache.ratis.thirdparty.io.grpc.StatusRuntimeException: UNAVAILABLE: io exception
	at java.util.concurrent.FutureTask.report(FutureTask.java:122)
	at java.util.concurrent.FutureTask.get(FutureTask.java:192)
	at org.apache.ratis.server.impl.LeaderElection.waitForResults(LeaderElection.java:263)
	at org.apache.ratis.server.impl.LeaderElection.askForVotes(LeaderElection.java:201)
	at org.apache.ratis.server.impl.LeaderElection.run(LeaderElection.java:133)
	at java.lang.Thread.run(Thread.java:748)
Caused by: org.apache.ratis.thirdparty.io.grpc.StatusRuntimeException: UNAVAILABLE: io exception
	at org.apache.ratis.thirdparty.io.grpc.stub.ClientCalls.toStatusRuntimeException(ClientCalls.java:233)
	at org.apache.ratis.thirdparty.io.grpc.stub.ClientCalls.getUnchecked(ClientCalls.java:214)
	at org.apache.ratis.thirdparty.io.grpc.stub.ClientCalls.blockingUnaryCall(ClientCalls.java:139)
	at org.apache.ratis.proto.grpc.RaftServerProtocolServiceGrpc$RaftServerProtocolServiceBlockingStub.requestVote(RaftServerProtocolServiceGrpc.java:265)
	at org.apache.ratis.grpc.server.GrpcServerProtocolClient.requestVote(GrpcServerProtocolClient.java:90)
	at org.apache.ratis.grpc.server.GrpcService.requestVote(GrpcService.java:204)
	at org.apache.ratis.server.impl.LeaderElection.lambda$submitRequests$1(LeaderElection.java:238)
	at java.util.concurrent.FutureTask.run(FutureTask.java:266)
	at java.util.concurrent.Executors$RunnableAdapter.call(Executors.java:511)
	at java.util.concurrent.FutureTask.run(FutureTask.java:266)
	at java.util.concurrent.ThreadPoolExecutor.runWorker(ThreadPoolExecutor.java:1149)
	at java.util.concurrent.ThreadPoolExecutor$Worker.run(ThreadPoolExecutor.java:624)
	... 1 more
Caused by: org.apache.ratis.thirdparty.io.netty.channel.AbstractChannel$AnnotatedConnectException: Connection refused: /192.168.36.84:35497
	at sun.nio.ch.SocketChannelImpl.checkConnect(Native Method)
	at sun.nio.ch.SocketChannelImpl.finishConnect(SocketChannelImpl.java:717)
	at org.apache.ratis.thirdparty.io.netty.channel.socket.nio.NioSocketChannel.doFinishConnect(NioSocketChannel.java:327)
	at org.apache.ratis.thirdparty.io.netty.channel.nio.AbstractNioChannel$AbstractNioUnsafe.finishConnect(AbstractNioChannel.java:340)
	at org.apache.ratis.thirdparty.io.netty.channel.nio.NioEventLoop.processSelectedKey(NioEventLoop.java:632)
	at org.apache.ratis.thirdparty.io.netty.channel.nio.NioEventLoop.processSelectedKeysOptimized(NioEventLoop.java:579)
	at org.apache.ratis.thirdparty.io.netty.channel.nio.NioEventLoop.processSelectedKeys(NioEventLoop.java:496)
	at org.apache.ratis.thirdparty.io.netty.channel.nio.NioEventLoop.run(NioEventLoop.java:458)
	at org.apache.ratis.thirdparty.io.netty.util.concurrent.SingleThreadEventExecutor$5.run(SingleThreadEventExecutor.java:897)
	at org.apache.ratis.thirdparty.io.netty.util.concurrent.FastThreadLocalRunnable.run(FastThreadLocalRunnable.java:30)
	... 1 more
Caused by: java.net.ConnectException: Connection refused
	... 11 more
2019-09-24 18:18:25,396 [c3ba2feb-e3c1-413e-bd73-cad472897a56@group-93C3789A707A:LeaderElection44] INFO  impl.LeaderElection (LogUtils.java:infoOrTrace(149)) -   Exception 1: {}
java.util.concurrent.ExecutionException: org.apache.ratis.thirdparty.io.grpc.StatusRuntimeException: UNAVAILABLE: io exception
	at java.util.concurrent.FutureTask.report(FutureTask.java:122)
	at java.util.concurrent.FutureTask.get(FutureTask.java:192)
	at org.apache.ratis.server.impl.LeaderElection.waitForResults(LeaderElection.java:263)
	at org.apache.ratis.server.impl.LeaderElection.askForVotes(LeaderElection.java:201)
	at org.apache.ratis.server.impl.LeaderElection.run(LeaderElection.java:133)
	at java.lang.Thread.run(Thread.java:748)
Caused by: org.apache.ratis.thirdparty.io.grpc.StatusRuntimeException: UNAVAILABLE: io exception
	at org.apache.ratis.thirdparty.io.grpc.stub.ClientCalls.toStatusRuntimeException(ClientCalls.java:233)
	at org.apache.ratis.thirdparty.io.grpc.stub.ClientCalls.getUnchecked(ClientCalls.java:214)
	at org.apache.ratis.thirdparty.io.grpc.stub.ClientCalls.blockingUnaryCall(ClientCalls.java:139)
	at org.apache.ratis.proto.grpc.RaftServerProtocolServiceGrpc$RaftServerProtocolServiceBlockingStub.requestVote(RaftServerProtocolServiceGrpc.java:265)
	at org.apache.ratis.grpc.server.GrpcServerProtocolClient.requestVote(GrpcServerProtocolClient.java:90)
	at org.apache.ratis.grpc.server.GrpcService.requestVote(GrpcService.java:204)
	at org.apache.ratis.server.impl.LeaderElection.lambda$submitRequests$1(LeaderElection.java:238)
	at java.util.concurrent.FutureTask.run(FutureTask.java:266)
	at java.util.concurrent.Executors$RunnableAdapter.call(Executors.java:511)
	at java.util.concurrent.FutureTask.run(FutureTask.java:266)
	at java.util.concurrent.ThreadPoolExecutor.runWorker(ThreadPoolExecutor.java:1149)
	at java.util.concurrent.ThreadPoolExecutor$Worker.run(ThreadPoolExecutor.java:624)
	... 1 more
Caused by: org.apache.ratis.thirdparty.io.netty.channel.AbstractChannel$AnnotatedConnectException: Connection refused: /192.168.36.84:43582
	at sun.nio.ch.SocketChannelImpl.checkConnect(Native Method)
	at sun.nio.ch.SocketChannelImpl.finishConnect(SocketChannelImpl.java:717)
	at org.apache.ratis.thirdparty.io.netty.channel.socket.nio.NioSocketChannel.doFinishConnect(NioSocketChannel.java:327)
	at org.apache.ratis.thirdparty.io.netty.channel.nio.AbstractNioChannel$AbstractNioUnsafe.finishConnect(AbstractNioChannel.java:340)
	at org.apache.ratis.thirdparty.io.netty.channel.nio.NioEventLoop.processSelectedKey(NioEventLoop.java:632)
	at org.apache.ratis.thirdparty.io.netty.channel.nio.NioEventLoop.processSelectedKeysOptimized(NioEventLoop.java:579)
	at org.apache.ratis.thirdparty.io.netty.channel.nio.NioEventLoop.processSelectedKeys(NioEventLoop.java:496)
	at org.apache.ratis.thirdparty.io.netty.channel.nio.NioEventLoop.run(NioEventLoop.java:458)
	at org.apache.ratis.thirdparty.io.netty.util.concurrent.SingleThreadEventExecutor$5.run(SingleThreadEventExecutor.java:897)
	at org.apache.ratis.thirdparty.io.netty.util.concurrent.FastThreadLocalRunnable.run(FastThreadLocalRunnable.java:30)
	... 1 more
Caused by: java.net.ConnectException: Connection refused
	... 11 more
2019-09-24 18:18:25,397 [c3ba2feb-e3c1-413e-bd73-cad472897a56@group-93C3789A707A:LeaderElection44] INFO  impl.RaftServerImpl (RaftServerImpl.java:setRole(174)) - c3ba2feb-e3c1-413e-bd73-cad472897a56@group-93C3789A707A: changes role from CANDIDATE to FOLLOWER at term 2 for DISCOVERED_A_NEW_TERM
2019-09-24 18:18:25,397 [c3ba2feb-e3c1-413e-bd73-cad472897a56@group-93C3789A707A:LeaderElection44] INFO  impl.RoleInfo (RoleInfo.java:shutdownLeaderElection(134)) - c3ba2feb-e3c1-413e-bd73-cad472897a56: shutdown LeaderElection
2019-09-24 18:18:25,397 [c3ba2feb-e3c1-413e-bd73-cad472897a56@group-93C3789A707A:LeaderElection44] INFO  impl.RoleInfo (RoleInfo.java:updateAndGet(143)) - c3ba2feb-e3c1-413e-bd73-cad472897a56: start FollowerState
2019-09-24 18:18:25,658 [36b0c052-cff8-4e12-9bf5-4de3d256c6bd@group-C7BA931E655D-StateMachineUpdater] INFO  ratis.ContainerStateMachine (ContainerStateMachine.java:takeSnapshot(300)) - group-C7BA931E655D: Finished taking a snapshot at:(t:2, i:6) file:/workdir/hadoop-ozone/integration-test/target/test-dir/MiniOzoneClusterImpl-2256e15c-84c9-46bf-b493-19471620b231/datanode-0/data/ratis/3375506e-08d9-485b-94b1-c7ba931e655d/sm/snapshot.2_6 time:274
2019-09-24 18:18:25,661 [36b0c052-cff8-4e12-9bf5-4de3d256c6bd@group-C7BA931E655D-StateMachineUpdater] INFO  impl.StateMachineUpdater (StateMachineUpdater.java:takeSnapshot(258)) - 36b0c052-cff8-4e12-9bf5-4de3d256c6bd@group-C7BA931E655D-StateMachineUpdater: Took a snapshot at index 6
2019-09-24 18:18:25,661 [36b0c052-cff8-4e12-9bf5-4de3d256c6bd@group-C7BA931E655D-StateMachineUpdater] INFO  impl.StateMachineUpdater (StateMachineUpdater.java:lambda$new$0(83)) - 36b0c052-cff8-4e12-9bf5-4de3d256c6bd@group-C7BA931E655D-StateMachineUpdater: snapshotIndex: updateIncreasingly 6 -> 6
2019-09-24 18:18:25,662 [ForkJoinPool.commonPool-worker-1] INFO  impl.RaftServerImpl (ServerState.java:close(385)) - 36b0c052-cff8-4e12-9bf5-4de3d256c6bd@group-C7BA931E655D: closes. applyIndex: 8
2019-09-24 18:18:25,663 [36b0c052-cff8-4e12-9bf5-4de3d256c6bd@group-C7BA931E655D-SegmentedRaftLogWorker] INFO  segmented.SegmentedRaftLogWorker (SegmentedRaftLogWorker.java:run(313)) - 36b0c052-cff8-4e12-9bf5-4de3d256c6bd@group-C7BA931E655D-SegmentedRaftLogWorker was interrupted, exiting. There are 0 tasks remaining in the queue.
2019-09-24 18:18:25,663 [ForkJoinPool.commonPool-worker-1] INFO  segmented.SegmentedRaftLogWorker (SegmentedRaftLogWorker.java:close(228)) - 36b0c052-cff8-4e12-9bf5-4de3d256c6bd@group-C7BA931E655D-SegmentedRaftLogWorker close()
2019-09-24 18:18:25,664 [ForkJoinPool.commonPool-worker-1] INFO  impl.RaftServerImpl (RaftServerImpl.java:lambda$shutdown$3(251)) - 36b0c052-cff8-4e12-9bf5-4de3d256c6bd@group-B6C20EE9E639: shutdown
2019-09-24 18:18:25,664 [ForkJoinPool.commonPool-worker-1] INFO  util.JmxRegister (JmxRegister.java:unregister(73)) - Successfully un-registered JMX Bean with object name Ratis:service=RaftServer,group=group-B6C20EE9E639,id=36b0c052-cff8-4e12-9bf5-4de3d256c6bd
2019-09-24 18:18:25,664 [ForkJoinPool.commonPool-worker-1] INFO  impl.RoleInfo (RoleInfo.java:shutdownLeaderState(104)) - 36b0c052-cff8-4e12-9bf5-4de3d256c6bd: shutdown LeaderState
2019-09-24 18:18:25,665 [ForkJoinPool.commonPool-worker-1] INFO  impl.PendingRequests (PendingRequests.java:sendNotLeaderResponses(202)) - 36b0c052-cff8-4e12-9bf5-4de3d256c6bd-PendingRequests: sendNotLeaderResponses
2019-09-24 18:18:25,666 [ForkJoinPool.commonPool-worker-1] INFO  impl.StateMachineUpdater (StateMachineUpdater.java:stopAndJoin(125)) - 36b0c052-cff8-4e12-9bf5-4de3d256c6bd@group-B6C20EE9E639-StateMachineUpdater: set stopIndex = 0
2019-09-24 18:18:25,666 [ForkJoinPool.commonPool-worker-1] INFO  impl.RaftServerImpl (ServerState.java:close(385)) - 36b0c052-cff8-4e12-9bf5-4de3d256c6bd@group-B6C20EE9E639: closes. applyIndex: 0
2019-09-24 18:18:25,666 [36b0c052-cff8-4e12-9bf5-4de3d256c6bd@group-B6C20EE9E639-SegmentedRaftLogWorker] INFO  segmented.SegmentedRaftLogWorker (SegmentedRaftLogWorker.java:run(313)) - 36b0c052-cff8-4e12-9bf5-4de3d256c6bd@group-B6C20EE9E639-SegmentedRaftLogWorker was interrupted, exiting. There are 0 tasks remaining in the queue.
2019-09-24 18:18:25,667 [ForkJoinPool.commonPool-worker-1] INFO  segmented.SegmentedRaftLogWorker (SegmentedRaftLogWorker.java:close(228)) - 36b0c052-cff8-4e12-9bf5-4de3d256c6bd@group-B6C20EE9E639-SegmentedRaftLogWorker close()
2019-09-24 18:18:25,667 [ForkJoinPool.commonPool-worker-1] INFO  server.GrpcService (GrpcService.java:closeImpl(164)) - 36b0c052-cff8-4e12-9bf5-4de3d256c6bd: shutdown server with port 41822 now
2019-09-24 18:18:25,672 [ForkJoinPool.commonPool-worker-1] INFO  server.GrpcService (GrpcService.java:closeImpl(172)) - 36b0c052-cff8-4e12-9bf5-4de3d256c6bd: shutdown server with port 41822 successfully
2019-09-24 18:18:25,673 [grpc-default-executor-6] WARN  client.GrpcClientProtocolService (LogUtils.java:warn(134)) - 54-OrderedRequestStreamObserver54: onError: org.apache.ratis.thirdparty.io.grpc.StatusRuntimeException: CANCELLED: cancelled before receiving half close
2019-09-24 18:18:25,678 [refreshUsed-/workdir/hadoop-ozone/integration-test/target/test-dir/MiniOzoneClusterImpl-2256e15c-84c9-46bf-b493-19471620b231/datanode-0/data/containers] WARN  fs.CachingGetSpaceUsed (CachingGetSpaceUsed.java:run(183)) - Thread Interrupted waiting to refresh disk information: sleep interrupted
2019-09-24 18:18:25,699 [ForkJoinPool.commonPool-worker-1] INFO  utils.BackgroundService (BackgroundService.java:shutdown(148)) - Shutting down service BlockDeletingService
2019-09-24 18:18:25,703 [ForkJoinPool.commonPool-worker-1] INFO  statemachine.DatanodeStateMachine (DatanodeStateMachine.java:stopDaemon(395)) - Ozone container server stopped.
2019-09-24 18:18:25,709 [ForkJoinPool.commonPool-worker-1] INFO  handler.ContextHandler (ContextHandler.java:doStop(910)) - Stopped o.e.j.w.WebAppContext@f5ce0bb{/,null,UNAVAILABLE}{/hddsDatanode}
2019-09-24 18:18:25,710 [ForkJoinPool.commonPool-worker-1] INFO  server.AbstractConnector (AbstractConnector.java:doStop(318)) - Stopped ServerConnector@47e51549{HTTP/1.1,[http/1.1]}{0.0.0.0:0}
2019-09-24 18:18:25,717 [ForkJoinPool.commonPool-worker-1] INFO  handler.ContextHandler (ContextHandler.java:doStop(910)) - Stopped o.e.j.s.ServletContextHandler@338766de{/static,jar:file:/home/user/.m2/repository/org/apache/hadoop/hadoop-hdds-container-service/0.5.0-SNAPSHOT/hadoop-hdds-container-service-0.5.0-SNAPSHOT.jar!/webapps/static,UNAVAILABLE}
2019-09-24 18:18:25,717 [ForkJoinPool.commonPool-worker-1] INFO  handler.ContextHandler (ContextHandler.java:doStop(910)) - Stopped o.e.j.s.ServletContextHandler@77f905e3{/logs,file:///workdir/hadoop-ozone/integration-test/target/log,UNAVAILABLE}
2019-09-24 18:18:26,487 [main] INFO  ozoneimpl.OzoneContainer (OzoneContainer.java:stop(231)) - Attempting to stop container services.
2019-09-24 18:18:26,488 [main] INFO  impl.RaftServerProxy (RaftServerProxy.java:lambda$close$4(314)) - c3ba2feb-e3c1-413e-bd73-cad472897a56: close
2019-09-24 18:18:26,488 [main] INFO  impl.RaftServerImpl (RaftServerImpl.java:lambda$shutdown$3(251)) - c3ba2feb-e3c1-413e-bd73-cad472897a56@group-93C3789A707A: shutdown
2019-09-24 18:18:26,488 [main] INFO  util.JmxRegister (JmxRegister.java:unregister(73)) - Successfully un-registered JMX Bean with object name Ratis:service=RaftServer,group=group-93C3789A707A,id=c3ba2feb-e3c1-413e-bd73-cad472897a56
2019-09-24 18:18:26,489 [main] INFO  impl.RoleInfo (RoleInfo.java:shutdownFollowerState(121)) - c3ba2feb-e3c1-413e-bd73-cad472897a56: shutdown FollowerState
2019-09-24 18:18:26,489 [main] INFO  impl.StateMachineUpdater (StateMachineUpdater.java:stopAndJoin(125)) - c3ba2feb-e3c1-413e-bd73-cad472897a56@group-93C3789A707A-StateMachineUpdater: set stopIndex = 0
2019-09-24 18:18:26,489 [Thread-1353] INFO  impl.FollowerState (FollowerState.java:run(115)) - c3ba2feb-e3c1-413e-bd73-cad472897a56: FollowerState was interrupted: java.lang.InterruptedException: sleep interrupted
2019-09-24 18:18:26,489 [main] INFO  impl.RaftServerImpl (ServerState.java:close(385)) - c3ba2feb-e3c1-413e-bd73-cad472897a56@group-93C3789A707A: closes. applyIndex: 0
2019-09-24 18:18:26,491 [c3ba2feb-e3c1-413e-bd73-cad472897a56@group-93C3789A707A-SegmentedRaftLogWorker] INFO  segmented.SegmentedRaftLogWorker (SegmentedRaftLogWorker.java:run(313)) - c3ba2feb-e3c1-413e-bd73-cad472897a56@group-93C3789A707A-SegmentedRaftLogWorker was interrupted, exiting. There are 0 tasks remaining in the queue.
2019-09-24 18:18:26,492 [main] INFO  segmented.SegmentedRaftLogWorker (SegmentedRaftLogWorker.java:close(228)) - c3ba2feb-e3c1-413e-bd73-cad472897a56@group-93C3789A707A-SegmentedRaftLogWorker close()
2019-09-24 18:18:26,494 [main] INFO  impl.RaftServerImpl (RaftServerImpl.java:lambda$shutdown$3(251)) - c3ba2feb-e3c1-413e-bd73-cad472897a56@group-A51021F0AF86: shutdown
2019-09-24 18:18:26,494 [main] INFO  util.JmxRegister (JmxRegister.java:unregister(73)) - Successfully un-registered JMX Bean with object name Ratis:service=RaftServer,group=group-A51021F0AF86,id=c3ba2feb-e3c1-413e-bd73-cad472897a56
2019-09-24 18:18:26,494 [main] INFO  impl.RoleInfo (RoleInfo.java:shutdownLeaderState(104)) - c3ba2feb-e3c1-413e-bd73-cad472897a56: shutdown LeaderState
2019-09-24 18:18:26,494 [main] INFO  impl.PendingRequests (PendingRequests.java:sendNotLeaderResponses(202)) - c3ba2feb-e3c1-413e-bd73-cad472897a56-PendingRequests: sendNotLeaderResponses
2019-09-24 18:18:26,495 [main] INFO  impl.StateMachineUpdater (StateMachineUpdater.java:stopAndJoin(125)) - c3ba2feb-e3c1-413e-bd73-cad472897a56@group-A51021F0AF86-StateMachineUpdater: set stopIndex = 0
2019-09-24 18:18:26,495 [main] INFO  impl.RaftServerImpl (ServerState.java:close(385)) - c3ba2feb-e3c1-413e-bd73-cad472897a56@group-A51021F0AF86: closes. applyIndex: 0
2019-09-24 18:18:26,496 [c3ba2feb-e3c1-413e-bd73-cad472897a56@group-A51021F0AF86-SegmentedRaftLogWorker] INFO  segmented.SegmentedRaftLogWorker (SegmentedRaftLogWorker.java:run(313)) - c3ba2feb-e3c1-413e-bd73-cad472897a56@group-A51021F0AF86-SegmentedRaftLogWorker was interrupted, exiting. There are 0 tasks remaining in the queue.
2019-09-24 18:18:26,497 [main] INFO  segmented.SegmentedRaftLogWorker (SegmentedRaftLogWorker.java:close(228)) - c3ba2feb-e3c1-413e-bd73-cad472897a56@group-A51021F0AF86-SegmentedRaftLogWorker close()
2019-09-24 18:18:26,499 [main] INFO  server.GrpcService (GrpcService.java:closeImpl(164)) - c3ba2feb-e3c1-413e-bd73-cad472897a56: shutdown server with port 46228 now
2019-09-24 18:18:26,500 [main] INFO  server.GrpcService (GrpcService.java:closeImpl(172)) - c3ba2feb-e3c1-413e-bd73-cad472897a56: shutdown server with port 46228 successfully
2019-09-24 18:18:26,502 [refreshUsed-/workdir/hadoop-ozone/integration-test/target/test-dir/MiniOzoneClusterImpl-2256e15c-84c9-46bf-b493-19471620b231/datanode-6/data/containers] WARN  fs.CachingGetSpaceUsed (CachingGetSpaceUsed.java:run(183)) - Thread Interrupted waiting to refresh disk information: sleep interrupted
2019-09-24 18:18:26,521 [main] INFO  utils.BackgroundService (BackgroundService.java:shutdown(148)) - Shutting down service BlockDeletingService
2019-09-24 18:18:26,525 [main] INFO  statemachine.DatanodeStateMachine (DatanodeStateMachine.java:stopDaemon(395)) - Ozone container server stopped.
2019-09-24 18:18:26,526 [main] INFO  handler.ContextHandler (ContextHandler.java:doStop(910)) - Stopped o.e.j.w.WebAppContext@52b46d52{/,null,UNAVAILABLE}{/hddsDatanode}
2019-09-24 18:18:26,526 [main] INFO  server.AbstractConnector (AbstractConnector.java:doStop(318)) - Stopped ServerConnector@7327a447{HTTP/1.1,[http/1.1]}{0.0.0.0:0}
2019-09-24 18:18:26,527 [main] INFO  handler.ContextHandler (ContextHandler.java:doStop(910)) - Stopped o.e.j.s.ServletContextHandler@68d6d775{/static,jar:file:/home/user/.m2/repository/org/apache/hadoop/hadoop-hdds-container-service/0.5.0-SNAPSHOT/hadoop-hdds-container-service-0.5.0-SNAPSHOT.jar!/webapps/static,UNAVAILABLE}
2019-09-24 18:18:26,527 [main] INFO  handler.ContextHandler (ContextHandler.java:doStop(910)) - Stopped o.e.j.s.ServletContextHandler@22c53d82{/logs,file:///workdir/hadoop-ozone/integration-test/target/log,UNAVAILABLE}
2019-09-24 18:18:26,576 [Datanode State Machine Thread - 0] INFO  statemachine.DatanodeStateMachine (DatanodeStateMachine.java:lambda$startDaemon$0(350)) - Ozone container server started.
2019-09-24 18:18:30,721 [ForkJoinPool.commonPool-worker-1] INFO  ozoneimpl.OzoneContainer (OzoneContainer.java:stop(231)) - Attempting to stop container services.
2019-09-24 18:18:30,723 [ForkJoinPool.commonPool-worker-1] INFO  impl.RaftServerProxy (RaftServerProxy.java:lambda$close$4(314)) - dc518f1e-76ea-446f-acc5-d49b23344d5e: close
2019-09-24 18:18:30,724 [ForkJoinPool.commonPool-worker-1] INFO  impl.RaftServerImpl (RaftServerImpl.java:lambda$shutdown$3(251)) - dc518f1e-76ea-446f-acc5-d49b23344d5e@group-C9BA36F42A70: shutdown
2019-09-24 18:18:30,724 [ForkJoinPool.commonPool-worker-1] INFO  util.JmxRegister (JmxRegister.java:unregister(73)) - Successfully un-registered JMX Bean with object name Ratis:service=RaftServer,group=group-C9BA36F42A70,id=dc518f1e-76ea-446f-acc5-d49b23344d5e
2019-09-24 18:18:30,725 [ForkJoinPool.commonPool-worker-1] INFO  impl.RoleInfo (RoleInfo.java:shutdownLeaderState(104)) - dc518f1e-76ea-446f-acc5-d49b23344d5e: shutdown LeaderState
2019-09-24 18:18:30,725 [ForkJoinPool.commonPool-worker-1] INFO  impl.PendingRequests (PendingRequests.java:sendNotLeaderResponses(202)) - dc518f1e-76ea-446f-acc5-d49b23344d5e-PendingRequests: sendNotLeaderResponses
2019-09-24 18:18:30,726 [ForkJoinPool.commonPool-worker-1] INFO  impl.StateMachineUpdater (StateMachineUpdater.java:stopAndJoin(125)) - dc518f1e-76ea-446f-acc5-d49b23344d5e@group-C9BA36F42A70-StateMachineUpdater: set stopIndex = 0
2019-09-24 18:18:30,727 [ForkJoinPool.commonPool-worker-1] INFO  impl.RaftServerImpl (ServerState.java:close(385)) - dc518f1e-76ea-446f-acc5-d49b23344d5e@group-C9BA36F42A70: closes. applyIndex: 0
2019-09-24 18:18:30,729 [dc518f1e-76ea-446f-acc5-d49b23344d5e@group-C9BA36F42A70-SegmentedRaftLogWorker] INFO  segmented.SegmentedRaftLogWorker (SegmentedRaftLogWorker.java:run(313)) - dc518f1e-76ea-446f-acc5-d49b23344d5e@group-C9BA36F42A70-SegmentedRaftLogWorker was interrupted, exiting. There are 0 tasks remaining in the queue.
2019-09-24 18:18:30,733 [ForkJoinPool.commonPool-worker-1] INFO  segmented.SegmentedRaftLogWorker (SegmentedRaftLogWorker.java:close(228)) - dc518f1e-76ea-446f-acc5-d49b23344d5e@group-C9BA36F42A70-SegmentedRaftLogWorker close()
2019-09-24 18:18:30,734 [ForkJoinPool.commonPool-worker-1] INFO  server.GrpcService (GrpcService.java:closeImpl(164)) - dc518f1e-76ea-446f-acc5-d49b23344d5e: shutdown server with port 45108 now
2019-09-24 18:18:30,735 [ForkJoinPool.commonPool-worker-1] INFO  server.GrpcService (GrpcService.java:closeImpl(172)) - dc518f1e-76ea-446f-acc5-d49b23344d5e: shutdown server with port 45108 successfully
2019-09-24 18:18:30,744 [refreshUsed-/workdir/hadoop-ozone/integration-test/target/test-dir/MiniOzoneClusterImpl-2256e15c-84c9-46bf-b493-19471620b231/datanode-5/data/containers] WARN  fs.CachingGetSpaceUsed (CachingGetSpaceUsed.java:run(183)) - Thread Interrupted waiting to refresh disk information: sleep interrupted
2019-09-24 18:18:30,760 [ForkJoinPool.commonPool-worker-1] INFO  utils.BackgroundService (BackgroundService.java:shutdown(148)) - Shutting down service BlockDeletingService
2019-09-24 18:18:30,763 [ForkJoinPool.commonPool-worker-1] INFO  statemachine.DatanodeStateMachine (DatanodeStateMachine.java:stopDaemon(395)) - Ozone container server stopped.
2019-09-24 18:18:30,767 [ForkJoinPool.commonPool-worker-1] INFO  handler.ContextHandler (ContextHandler.java:doStop(910)) - Stopped o.e.j.w.WebAppContext@1e692555{/,null,UNAVAILABLE}{/hddsDatanode}
2019-09-24 18:18:30,769 [ForkJoinPool.commonPool-worker-1] INFO  server.AbstractConnector (AbstractConnector.java:doStop(318)) - Stopped ServerConnector@3ba0ae41{HTTP/1.1,[http/1.1]}{0.0.0.0:0}
2019-09-24 18:18:30,769 [ForkJoinPool.commonPool-worker-1] INFO  handler.ContextHandler (ContextHandler.java:doStop(910)) - Stopped o.e.j.s.ServletContextHandler@36c2d629{/static,jar:file:/home/user/.m2/repository/org/apache/hadoop/hadoop-hdds-container-service/0.5.0-SNAPSHOT/hadoop-hdds-container-service-0.5.0-SNAPSHOT.jar!/webapps/static,UNAVAILABLE}
2019-09-24 18:18:30,770 [ForkJoinPool.commonPool-worker-1] INFO  handler.ContextHandler (ContextHandler.java:doStop(910)) - Stopped o.e.j.s.ServletContextHandler@6c8dbf56{/logs,file:///workdir/hadoop-ozone/integration-test/target/log,UNAVAILABLE}
2019-09-24 18:18:30,771 [main] INFO  ozone.MiniOzoneClusterImpl (MiniOzoneClusterImpl.java:stopSCM(392)) - Stopping the StorageContainerManager
2019-09-24 18:18:30,771 [main] INFO  server.StorageContainerManager (StorageContainerManager.java:stop(808)) - Stopping Replication Manager Service.
2019-09-24 18:18:30,772 [main] INFO  container.ReplicationManager (ReplicationManager.java:stop(203)) - Stopping Replication Monitor Thread.
2019-09-24 18:18:30,772 [main] INFO  server.StorageContainerManager (StorageContainerManager.java:stop(815)) - Stopping Lease Manager of the command watchers
2019-09-24 18:18:30,772 [main] INFO  server.StorageContainerManager (StorageContainerManager.java:stop(822)) - Stopping datanode service RPC server
2019-09-24 18:18:30,772 [main] INFO  server.SCMDatanodeProtocolServer (SCMDatanodeProtocolServer.java:stop(367)) - Stopping the RPC server for DataNodes
2019-09-24 18:18:30,773 [main] INFO  ipc.Server (Server.java:stop(3082)) - Stopping server on 43306
2019-09-24 18:18:30,776 [IPC Server listener on 43306] INFO  ipc.Server (Server.java:run(1185)) - Stopping IPC Server listener on 43306
2019-09-24 18:18:30,776 [IPC Server Responder] INFO  ipc.Server (Server.java:run(1319)) - Stopping IPC Server Responder
2019-09-24 18:18:30,808 [SCM Heartbeat Processing Thread - 0] WARN  node.NodeStateManager (NodeStateManager.java:scheduleNextHealthCheck(646)) - Current Thread is interrupted, shutting down HB processing thread for Node Manager.
2019-09-24 18:18:30,809 [main] INFO  server.StorageContainerManager (StorageContainerManager.java:stop(830)) - Stopping block service RPC server
2019-09-24 18:18:30,810 [main] INFO  server.SCMBlockProtocolServer (SCMBlockProtocolServer.java:stop(155)) - Stopping the RPC server for Block Protocol
2019-09-24 18:18:30,810 [main] INFO  ipc.Server (Server.java:stop(3082)) - Stopping server on 42636
2019-09-24 18:18:30,811 [IPC Server listener on 42636] INFO  ipc.Server (Server.java:run(1185)) - Stopping IPC Server listener on 42636
2019-09-24 18:18:30,812 [main] INFO  server.StorageContainerManager (StorageContainerManager.java:stop(837)) - Stopping the StorageContainerLocationProtocol RPC server
2019-09-24 18:18:30,812 [IPC Server Responder] INFO  ipc.Server (Server.java:run(1319)) - Stopping IPC Server Responder
2019-09-24 18:18:30,812 [main] INFO  server.SCMClientProtocolServer (SCMClientProtocolServer.java:stop(159)) - Stopping the RPC server for Client Protocol
2019-09-24 18:18:30,814 [main] INFO  ipc.Server (Server.java:stop(3082)) - Stopping server on 36464
2019-09-24 18:18:30,816 [IPC Server listener on 36464] INFO  ipc.Server (Server.java:run(1185)) - Stopping IPC Server listener on 36464
2019-09-24 18:18:30,816 [main] INFO  server.StorageContainerManager (StorageContainerManager.java:stop(844)) - Stopping Storage Container Manager HTTP server.
2019-09-24 18:18:30,817 [IPC Server Responder] INFO  ipc.Server (Server.java:run(1319)) - Stopping IPC Server Responder
2019-09-24 18:18:30,818 [main] INFO  handler.ContextHandler (ContextHandler.java:doStop(910)) - Stopped o.e.j.w.WebAppContext@75e27856{/,null,UNAVAILABLE}{/scm}
2019-09-24 18:18:30,819 [main] INFO  server.AbstractConnector (AbstractConnector.java:doStop(318)) - Stopped ServerConnector@6bccd036{HTTP/1.1,[http/1.1]}{0.0.0.0:0}
2019-09-24 18:18:30,819 [main] INFO  handler.ContextHandler (ContextHandler.java:doStop(910)) - Stopped o.e.j.s.ServletContextHandler@43bdaa1b{/static,file:///workdir/hadoop-ozone/integration-test/target/test-classes/webapps/static,UNAVAILABLE}
2019-09-24 18:18:30,819 [main] INFO  handler.ContextHandler (ContextHandler.java:doStop(910)) - Stopped o.e.j.s.ServletContextHandler@2b0dc227{/logs,file:///workdir/hadoop-ozone/integration-test/target/log,UNAVAILABLE}
2019-09-24 18:18:30,820 [main] INFO  server.StorageContainerManager (StorageContainerManager.java:stop(855)) - Stopping Block Manager Service.
2019-09-24 18:18:30,821 [main] INFO  utils.BackgroundService (BackgroundService.java:shutdown(148)) - Shutting down service SCMBlockDeletingService
2019-09-24 18:18:30,821 [main] INFO  utils.BackgroundService (BackgroundService.java:shutdown(148)) - Shutting down service SCMBlockDeletingService
2019-09-24 18:18:30,821 [main] INFO  server.StorageContainerManager (StorageContainerManager.java:stop(877)) - Stopping SCM Event Queue.
2019-09-24 18:18:30,826 [main] INFO  impl.MetricsSystemImpl (MetricsSystemImpl.java:stop(210)) - Stopping XceiverClientMetrics metrics system...
2019-09-24 18:18:30,841 [main] INFO  impl.MetricsSystemImpl (MetricsSystemImpl.java:stop(216)) - XceiverClientMetrics metrics system stopped.
]]></system-out>
    <system-err><![CDATA[Sep 24, 2019 6:18:14 PM org.apache.ratis.thirdparty.io.grpc.internal.SerializingExecutor run
SEVERE: Exception while executing runnable org.apache.ratis.thirdparty.io.grpc.internal.ServerImpl$JumpToApplicationThreadServerStreamListener$1Closed@51b414b7
org.apache.ratis.thirdparty.io.grpc.StatusRuntimeException: CANCELLED: call already cancelled
	at org.apache.ratis.thirdparty.io.grpc.Status.asRuntimeException(Status.java:517)
	at org.apache.ratis.thirdparty.io.grpc.stub.ServerCalls$ServerCallStreamObserverImpl.onCompleted(ServerCalls.java:356)
	at org.apache.ratis.grpc.server.GrpcServerProtocolService$ServerRequestStreamObserver.onError(GrpcServerProtocolService.java:121)
	at org.apache.ratis.thirdparty.io.grpc.stub.ServerCalls$StreamingServerCallHandler$StreamingServerCallListener.onCancel(ServerCalls.java:269)
	at org.apache.ratis.thirdparty.io.grpc.internal.ServerCallImpl$ServerStreamListenerImpl.closed(ServerCallImpl.java:293)
	at org.apache.ratis.thirdparty.io.grpc.internal.ServerImpl$JumpToApplicationThreadServerStreamListener$1Closed.runInContext(ServerImpl.java:741)
	at org.apache.ratis.thirdparty.io.grpc.internal.ContextRunnable.run(ContextRunnable.java:37)
	at org.apache.ratis.thirdparty.io.grpc.internal.SerializingExecutor.run(SerializingExecutor.java:123)
	at java.util.concurrent.ThreadPoolExecutor.runWorker(ThreadPoolExecutor.java:1149)
	at java.util.concurrent.ThreadPoolExecutor$Worker.run(ThreadPoolExecutor.java:624)
	at java.lang.Thread.run(Thread.java:748)

Sep 24, 2019 6:18:15 PM org.apache.ratis.thirdparty.io.grpc.internal.SerializingExecutor run
SEVERE: Exception while executing runnable org.apache.ratis.thirdparty.io.grpc.internal.ServerImpl$JumpToApplicationThreadServerStreamListener$1Closed@11df8647
org.apache.ratis.thirdparty.io.grpc.StatusRuntimeException: CANCELLED: call already cancelled
	at org.apache.ratis.thirdparty.io.grpc.Status.asRuntimeException(Status.java:517)
	at org.apache.ratis.thirdparty.io.grpc.stub.ServerCalls$ServerCallStreamObserverImpl.onCompleted(ServerCalls.java:356)
	at org.apache.ratis.grpc.server.GrpcServerProtocolService$ServerRequestStreamObserver.onError(GrpcServerProtocolService.java:121)
	at org.apache.ratis.thirdparty.io.grpc.stub.ServerCalls$StreamingServerCallHandler$StreamingServerCallListener.onCancel(ServerCalls.java:269)
	at org.apache.ratis.thirdparty.io.grpc.internal.ServerCallImpl$ServerStreamListenerImpl.closed(ServerCallImpl.java:293)
	at org.apache.ratis.thirdparty.io.grpc.internal.ServerImpl$JumpToApplicationThreadServerStreamListener$1Closed.runInContext(ServerImpl.java:741)
	at org.apache.ratis.thirdparty.io.grpc.internal.ContextRunnable.run(ContextRunnable.java:37)
	at org.apache.ratis.thirdparty.io.grpc.internal.SerializingExecutor.run(SerializingExecutor.java:123)
	at java.util.concurrent.ThreadPoolExecutor.runWorker(ThreadPoolExecutor.java:1149)
	at java.util.concurrent.ThreadPoolExecutor$Worker.run(ThreadPoolExecutor.java:624)
	at java.lang.Thread.run(Thread.java:748)

]]></system-err>
  </testcase>
</testsuite>