<?xml version="1.0" encoding="UTF-8"?>
<testsuite xmlns:xsi="http://www.w3.org/2001/XMLSchema-instance" xsi:noNamespaceSchemaLocation="https://maven.apache.org/surefire/maven-surefire-plugin/xsd/surefire-test-report.xsd" name="org.apache.hadoop.hdds.scm.pipeline.TestRatisPipelineCreateAndDestory" time="70.059" tests="2" errors="1" skipped="0" failures="0">
  <properties>
    <property name="awt.toolkit" value="sun.awt.X11.XToolkit"/>
    <property name="file.encoding.pkg" value="sun.io"/>
    <property name="java.specification.version" value="1.8"/>
    <property name="sun.cpu.isalist" value=""/>
    <property name="sun.jnu.encoding" value="UTF-8"/>
    <property name="java.class.path" value="/workdir/hadoop-ozone/integration-test/target/test-classes:/workdir/hadoop-ozone/integration-test/target/classes:/home/user/.m2/repository/org/apache/hadoop/hadoop-ozone-common/0.5.0-SNAPSHOT/hadoop-ozone-common-0.5.0-SNAPSHOT.jar:/home/user/.m2/repository/org/apache/commons/commons-compress/1.4.1/commons-compress-1.4.1.jar:/home/user/.m2/repository/org/tukaani/xz/1.0/xz-1.0.jar:/home/user/.m2/repository/org/apache/hadoop/hadoop-common/3.2.0/hadoop-common-3.2.0.jar:/home/user/.m2/repository/org/apache/hadoop/hadoop-hdfs/3.2.0/hadoop-hdfs-3.2.0.jar:/home/user/.m2/repository/org/apache/hadoop/hadoop-hdfs-client/3.2.0/hadoop-hdfs-client-3.2.0.jar:/home/user/.m2/repository/com/fasterxml/jackson/core/jackson-annotations/2.9.5/jackson-annotations-2.9.5.jar:/home/user/.m2/repository/org/apache/hadoop/hadoop-hdds-common/0.5.0-SNAPSHOT/hadoop-hdds-common-0.5.0-SNAPSHOT.jar:/home/user/.m2/repository/javax/annotation/javax.annotation-api/1.2/javax.annotation-api-1.2.jar:/home/user/.m2/repository/org/apache/ratis/ratis-server/0.4.0-2337318-SNAPSHOT/ratis-server-0.4.0-2337318-SNAPSHOT.jar:/home/user/.m2/repository/org/apache/ratis/ratis-thirdparty-misc/0.2.0/ratis-thirdparty-misc-0.2.0.jar:/home/user/.m2/repository/org/apache/ratis/ratis-proto/0.4.0-2337318-SNAPSHOT/ratis-proto-0.4.0-2337318-SNAPSHOT.jar:/home/user/.m2/repository/org/apache/ratis/ratis-common/0.4.0-2337318-SNAPSHOT/ratis-common-0.4.0-2337318-SNAPSHOT.jar:/home/user/.m2/repository/org/apache/ratis/ratis-client/0.4.0-2337318-SNAPSHOT/ratis-client-0.4.0-2337318-SNAPSHOT.jar:/home/user/.m2/repository/org/apache/ratis/ratis-metrics/0.4.0-2337318-SNAPSHOT/ratis-metrics-0.4.0-2337318-SNAPSHOT.jar:/home/user/.m2/repository/org/apache/ratis/ratis-netty/0.4.0-2337318-SNAPSHOT/ratis-netty-0.4.0-2337318-SNAPSHOT.jar:/home/user/.m2/repository/org/apache/ratis/ratis-grpc/0.4.0-2337318-SNAPSHOT/ratis-grpc-0.4.0-2337318-SNAPSHOT.jar:/home/user/.m2/repository/org/rocksdb/rocksdbjni/6.0.1/rocksdbjni-6.0.1.jar:/home/user/.m2/repository/org/apache/logging/log4j/log4j-api/2.11.0/log4j-api-2.11.0.jar:/home/user/.m2/repository/org/apache/logging/log4j/log4j-core/2.11.0/log4j-core-2.11.0.jar:/home/user/.m2/repository/com/lmax/disruptor/3.4.2/disruptor-3.4.2.jar:/home/user/.m2/repository/org/apache/commons/commons-pool2/2.6.0/commons-pool2-2.6.0.jar:/home/user/.m2/repository/org/bouncycastle/bcpkix-jdk15on/1.60/bcpkix-jdk15on-1.60.jar:/home/user/.m2/repository/commons-validator/commons-validator/1.6/commons-validator-1.6.jar:/home/user/.m2/repository/commons-digester/commons-digester/1.8.1/commons-digester-1.8.1.jar:/home/user/.m2/repository/io/jaegertracing/jaeger-client/0.33.1/jaeger-client-0.33.1.jar:/home/user/.m2/repository/io/jaegertracing/jaeger-thrift/0.33.1/jaeger-thrift-0.33.1.jar:/home/user/.m2/repository/org/apache/thrift/libthrift/0.11.0/libthrift-0.11.0.jar:/home/user/.m2/repository/com/squareup/okhttp3/okhttp/3.9.0/okhttp-3.9.0.jar:/home/user/.m2/repository/com/squareup/okio/okio/1.13.0/okio-1.13.0.jar:/home/user/.m2/repository/io/jaegertracing/jaeger-core/0.33.1/jaeger-core-0.33.1.jar:/home/user/.m2/repository/io/jaegertracing/jaeger-tracerresolver/0.33.1/jaeger-tracerresolver-0.33.1.jar:/home/user/.m2/repository/io/opentracing/contrib/opentracing-tracerresolver/0.1.5/opentracing-tracerresolver-0.1.5.jar:/home/user/.m2/repository/io/opentracing/opentracing-util/0.31.0/opentracing-util-0.31.0.jar:/home/user/.m2/repository/io/opentracing/opentracing-api/0.31.0/opentracing-api-0.31.0.jar:/home/user/.m2/repository/io/opentracing/opentracing-noop/0.31.0/opentracing-noop-0.31.0.jar:/home/user/.m2/repository/org/apache/hadoop/hadoop-hdds-server-framework/0.5.0-SNAPSHOT/hadoop-hdds-server-framework-0.5.0-SNAPSHOT.jar:/home/user/.m2/repository/org/apache/hadoop/hadoop-hdds-container-service/0.5.0-SNAPSHOT/hadoop-hdds-container-service-0.5.0-SNAPSHOT.jar:/home/user/.m2/repository/org/apache/hadoop/hadoop-hdds-client/0.5.0-SNAPSHOT/hadoop-hdds-client-0.5.0-SNAPSHOT.jar:/home/user/.m2/repository/org/apache/hadoop/hadoop-hdds-tools/0.5.0-SNAPSHOT/hadoop-hdds-tools-0.5.0-SNAPSHOT.jar:/home/user/.m2/repository/org/apache/hadoop/hadoop-hdds-server-scm/0.5.0-SNAPSHOT/hadoop-hdds-server-scm-0.5.0-SNAPSHOT.jar:/home/user/.m2/repository/org/apache/hadoop/hadoop-hdds-docs/0.5.0-SNAPSHOT/hadoop-hdds-docs-0.5.0-SNAPSHOT.jar:/home/user/.m2/repository/io/dropwizard/metrics/metrics-core/3.2.4/metrics-core-3.2.4.jar:/home/user/.m2/repository/org/hamcrest/hamcrest-all/1.3/hamcrest-all-1.3.jar:/home/user/.m2/repository/org/bouncycastle/bcprov-jdk15on/1.60/bcprov-jdk15on-1.60.jar:/home/user/.m2/repository/info/picocli/picocli/3.9.6/picocli-3.9.6.jar:/home/user/.m2/repository/com/google/protobuf/protobuf-java/2.5.0/protobuf-java-2.5.0.jar:/home/user/.m2/repository/com/google/guava/guava/11.0.2/guava-11.0.2.jar:/home/user/.m2/repository/org/apache/hadoop/hadoop-ozone-ozone-manager/0.5.0-SNAPSHOT/hadoop-ozone-ozone-manager-0.5.0-SNAPSHOT.jar:/home/user/.m2/repository/org/apache/hadoop/hadoop-minikdc/3.2.0/hadoop-minikdc-3.2.0.jar:/home/user/.m2/repository/commons-io/commons-io/2.5/commons-io-2.5.jar:/home/user/.m2/repository/org/apache/kerby/kerb-simplekdc/1.0.1/kerb-simplekdc-1.0.1.jar:/home/user/.m2/repository/org/apache/kerby/kerb-client/1.0.1/kerb-client-1.0.1.jar:/home/user/.m2/repository/org/apache/kerby/kerby-config/1.0.1/kerby-config-1.0.1.jar:/home/user/.m2/repository/org/apache/kerby/kerb-core/1.0.1/kerb-core-1.0.1.jar:/home/user/.m2/repository/org/apache/kerby/kerby-pkix/1.0.1/kerby-pkix-1.0.1.jar:/home/user/.m2/repository/org/apache/kerby/kerby-asn1/1.0.1/kerby-asn1-1.0.1.jar:/home/user/.m2/repository/org/apache/kerby/kerby-util/1.0.1/kerby-util-1.0.1.jar:/home/user/.m2/repository/org/apache/kerby/kerb-common/1.0.1/kerb-common-1.0.1.jar:/home/user/.m2/repository/org/apache/kerby/kerb-crypto/1.0.1/kerb-crypto-1.0.1.jar:/home/user/.m2/repository/org/apache/kerby/kerb-util/1.0.1/kerb-util-1.0.1.jar:/home/user/.m2/repository/org/apache/kerby/token-provider/1.0.1/token-provider-1.0.1.jar:/home/user/.m2/repository/org/apache/kerby/kerb-admin/1.0.1/kerb-admin-1.0.1.jar:/home/user/.m2/repository/org/apache/kerby/kerb-server/1.0.1/kerb-server-1.0.1.jar:/home/user/.m2/repository/org/apache/kerby/kerb-identity/1.0.1/kerb-identity-1.0.1.jar:/home/user/.m2/repository/org/apache/kerby/kerby-xdr/1.0.1/kerby-xdr-1.0.1.jar:/home/user/.m2/repository/org/slf4j/slf4j-log4j12/1.7.25/slf4j-log4j12-1.7.25.jar:/home/user/.m2/repository/org/apache/hadoop/hadoop-ozone-objectstore-service/0.5.0-SNAPSHOT/hadoop-ozone-objectstore-service-0.5.0-SNAPSHOT.jar:/home/user/.m2/repository/org/apache/hadoop/hadoop-ozone-s3gateway/0.5.0-SNAPSHOT/hadoop-ozone-s3gateway-0.5.0-SNAPSHOT.jar:/home/user/.m2/repository/org/jboss/weld/servlet/weld-servlet/2.4.7.Final/weld-servlet-2.4.7.Final.jar:/home/user/.m2/repository/org/glassfish/jersey/containers/jersey-container-servlet-core/2.27/jersey-container-servlet-core-2.27.jar:/home/user/.m2/repository/org/glassfish/hk2/external/javax.inject/2.5.0-b42/javax.inject-2.5.0-b42.jar:/home/user/.m2/repository/org/glassfish/jersey/core/jersey-common/2.27/jersey-common-2.27.jar:/home/user/.m2/repository/org/glassfish/hk2/osgi-resource-locator/1.0.1/osgi-resource-locator-1.0.1.jar:/home/user/.m2/repository/javax/ws/rs/javax.ws.rs-api/2.1/javax.ws.rs-api-2.1.jar:/home/user/.m2/repository/org/glassfish/jersey/ext/cdi/jersey-cdi1x/2.27/jersey-cdi1x-2.27.jar:/home/user/.m2/repository/org/glassfish/jersey/inject/jersey-hk2/2.27/jersey-hk2-2.27.jar:/home/user/.m2/repository/org/glassfish/hk2/hk2-locator/2.5.0-b42/hk2-locator-2.5.0-b42.jar:/home/user/.m2/repository/org/javassist/javassist/3.22.0-CR2/javassist-3.22.0-CR2.jar:/home/user/.m2/repository/org/glassfish/hk2/hk2-api/2.5.0/hk2-api-2.5.0.jar:/home/user/.m2/repository/org/glassfish/hk2/external/jakarta.inject/2.5.0/jakarta.inject-2.5.0.jar:/home/user/.m2/repository/org/glassfish/hk2/hk2-utils/2.5.0/hk2-utils-2.5.0.jar:/home/user/.m2/repository/jakarta/annotation/jakarta.annotation-api/1.3.4/jakarta.annotation-api-1.3.4.jar:/home/user/.m2/repository/org/glassfish/hk2/external/aopalliance-repackaged/2.5.0/aopalliance-repackaged-2.5.0.jar:/home/user/.m2/repository/com/fasterxml/jackson/dataformat/jackson-dataformat-xml/2.9.0/jackson-dataformat-xml-2.9.0.jar:/home/user/.m2/repository/com/fasterxml/jackson/core/jackson-core/2.9.5/jackson-core-2.9.5.jar:/home/user/.m2/repository/com/fasterxml/jackson/module/jackson-module-jaxb-annotations/2.9.5/jackson-module-jaxb-annotations-2.9.5.jar:/home/user/.m2/repository/javax/enterprise/cdi-api/1.2/cdi-api-1.2.jar:/home/user/.m2/repository/javax/el/javax.el-api/3.0.0/javax.el-api-3.0.0.jar:/home/user/.m2/repository/javax/interceptor/javax.interceptor-api/1.2/javax.interceptor-api-1.2.jar:/home/user/.m2/repository/javax/inject/javax.inject/1/javax.inject-1.jar:/home/user/.m2/repository/com/sun/xml/bind/jaxb-impl/2.3.0.1/jaxb-impl-2.3.0.1.jar:/home/user/.m2/repository/com/sun/xml/bind/jaxb-core/2.3.0.1/jaxb-core-2.3.0.1.jar:/home/user/.m2/repository/javax/xml/bind/jaxb-api/2.3.0/jaxb-api-2.3.0.jar:/home/user/.m2/repository/javax/activation/activation/1.1.1/activation-1.1.1.jar:/home/user/.m2/repository/org/apache/hadoop/hadoop-ozone-csi/0.5.0-SNAPSHOT/hadoop-ozone-csi-0.5.0-SNAPSHOT.jar:/home/user/.m2/repository/com/google/protobuf/protobuf-java-util/3.5.1/protobuf-java-util-3.5.1.jar:/home/user/.m2/repository/org/apache/hadoop/hadoop-hdds-config/0.5.0-SNAPSHOT/hadoop-hdds-config-0.5.0-SNAPSHOT.jar:/home/user/.m2/repository/io/grpc/grpc-netty/1.17.1/grpc-netty-1.17.1.jar:/home/user/.m2/repository/io/grpc/grpc-core/1.17.1/grpc-core-1.17.1.jar:/home/user/.m2/repository/io/grpc/grpc-context/1.17.1/grpc-context-1.17.1.jar:/home/user/.m2/repository/com/google/errorprone/error_prone_annotations/2.2.0/error_prone_annotations-2.2.0.jar:/home/user/.m2/repository/org/codehaus/mojo/animal-sniffer-annotations/1.17/animal-sniffer-annotations-1.17.jar:/home/user/.m2/repository/io/opencensus/opencensus-api/0.17.0/opencensus-api-0.17.0.jar:/home/user/.m2/repository/io/opencensus/opencensus-contrib-grpc-metrics/0.17.0/opencensus-contrib-grpc-metrics-0.17.0.jar:/home/user/.m2/repository/io/netty/netty-codec-http2/4.1.30.Final/netty-codec-http2-4.1.30.Final.jar:/home/user/.m2/repository/io/netty/netty-codec-http/4.1.30.Final/netty-codec-http-4.1.30.Final.jar:/home/user/.m2/repository/io/netty/netty-codec/4.1.30.Final/netty-codec-4.1.30.Final.jar:/home/user/.m2/repository/io/netty/netty-handler/4.1.30.Final/netty-handler-4.1.30.Final.jar:/home/user/.m2/repository/io/netty/netty-handler-proxy/4.1.30.Final/netty-handler-proxy-4.1.30.Final.jar:/home/user/.m2/repository/io/netty/netty-codec-socks/4.1.30.Final/netty-codec-socks-4.1.30.Final.jar:/home/user/.m2/repository/io/netty/netty-transport-native-epoll/4.1.30.Final/netty-transport-native-epoll-4.1.30.Final.jar:/home/user/.m2/repository/io/netty/netty-common/4.1.30.Final/netty-common-4.1.30.Final.jar:/home/user/.m2/repository/io/netty/netty-buffer/4.1.30.Final/netty-buffer-4.1.30.Final.jar:/home/user/.m2/repository/io/netty/netty-transport/4.1.30.Final/netty-transport-4.1.30.Final.jar:/home/user/.m2/repository/io/netty/netty-resolver/4.1.30.Final/netty-resolver-4.1.30.Final.jar:/home/user/.m2/repository/io/netty/netty-transport-native-unix-common/4.1.30.Final/netty-transport-native-unix-common-4.1.30.Final.jar:/home/user/.m2/repository/io/grpc/grpc-protobuf/1.17.1/grpc-protobuf-1.17.1.jar:/home/user/.m2/repository/com/google/api/grpc/proto-google-common-protos/1.0.0/proto-google-common-protos-1.0.0.jar:/home/user/.m2/repository/io/grpc/grpc-protobuf-lite/1.17.1/grpc-protobuf-lite-1.17.1.jar:/home/user/.m2/repository/io/grpc/grpc-stub/1.17.1/grpc-stub-1.17.1.jar:/home/user/.m2/repository/org/apache/hadoop/hadoop-ozone-recon/0.5.0-SNAPSHOT/hadoop-ozone-recon-0.5.0-SNAPSHOT.jar:/home/user/.m2/repository/org/apache/hadoop/hadoop-ozone-reconcodegen/0.5.0-SNAPSHOT/hadoop-ozone-reconcodegen-0.5.0-SNAPSHOT.jar:/home/user/.m2/repository/com/google/inject/extensions/guice-multibindings/4.0/guice-multibindings-4.0.jar:/home/user/.m2/repository/com/google/inject/guice/4.0/guice-4.0.jar:/home/user/.m2/repository/aopalliance/aopalliance/1.0/aopalliance-1.0.jar:/home/user/.m2/repository/com/google/inject/extensions/guice-servlet/4.0/guice-servlet-4.0.jar:/home/user/.m2/repository/org/glassfish/jersey/containers/jersey-container-servlet/2.27/jersey-container-servlet-2.27.jar:/home/user/.m2/repository/org/glassfish/hk2/guice-bridge/2.5.0/guice-bridge-2.5.0.jar:/home/user/.m2/repository/org/glassfish/jersey/core/jersey-server/2.27/jersey-server-2.27.jar:/home/user/.m2/repository/org/glassfish/jersey/core/jersey-client/2.27/jersey-client-2.27.jar:/home/user/.m2/repository/org/glassfish/jersey/media/jersey-media-jaxb/2.27/jersey-media-jaxb-2.27.jar:/home/user/.m2/repository/javax/validation/validation-api/1.1.0.Final/validation-api-1.1.0.Final.jar:/home/user/.m2/repository/org/glassfish/jersey/media/jersey-media-json-jackson/2.27/jersey-media-json-jackson-2.27.jar:/home/user/.m2/repository/org/glassfish/jersey/ext/jersey-entity-filtering/2.27/jersey-entity-filtering-2.27.jar:/home/user/.m2/repository/com/google/inject/extensions/guice-assistedinject/4.0/guice-assistedinject-4.0.jar:/home/user/.m2/repository/org/jooq/jooq/3.11.10/jooq-3.11.10.jar:/home/user/.m2/repository/org/jooq/jooq-meta/3.11.10/jooq-meta-3.11.10.jar:/home/user/.m2/repository/org/jooq/jooq-codegen/3.11.10/jooq-codegen-3.11.10.jar:/home/user/.m2/repository/com/jolbox/bonecp/0.8.0.RELEASE/bonecp-0.8.0.RELEASE.jar:/home/user/.m2/repository/org/xerial/sqlite-jdbc/3.25.2/sqlite-jdbc-3.25.2.jar:/home/user/.m2/repository/org/springframework/spring-jdbc/5.1.3.RELEASE/spring-jdbc-5.1.3.RELEASE.jar:/home/user/.m2/repository/org/springframework/spring-beans/5.1.3.RELEASE/spring-beans-5.1.3.RELEASE.jar:/home/user/.m2/repository/org/springframework/spring-core/5.1.3.RELEASE/spring-core-5.1.3.RELEASE.jar:/home/user/.m2/repository/org/springframework/spring-jcl/5.1.3.RELEASE/spring-jcl-5.1.3.RELEASE.jar:/home/user/.m2/repository/org/springframework/spring-tx/5.1.3.RELEASE/spring-tx-5.1.3.RELEASE.jar:/home/user/.m2/repository/org/apache/hadoop/hadoop-ozone-client/0.5.0-SNAPSHOT/hadoop-ozone-client-0.5.0-SNAPSHOT.jar:/home/user/.m2/repository/commons-lang/commons-lang/2.6/commons-lang-2.6.jar:/home/user/.m2/repository/org/apache/hadoop/hadoop-ozone-ozone-manager/0.5.0-SNAPSHOT/hadoop-ozone-ozone-manager-0.5.0-SNAPSHOT-tests.jar:/home/user/.m2/repository/junit/junit/4.11/junit-4.11.jar:/home/user/.m2/repository/org/hamcrest/hamcrest-core/1.3/hamcrest-core-1.3.jar:/home/user/.m2/repository/org/openjdk/jmh/jmh-core/1.19/jmh-core-1.19.jar:/home/user/.m2/repository/net/sf/jopt-simple/jopt-simple/4.6/jopt-simple-4.6.jar:/home/user/.m2/repository/org/apache/commons/commons-math3/3.1.1/commons-math3-3.1.1.jar:/home/user/.m2/repository/org/openjdk/jmh/jmh-generator-annprocess/1.19/jmh-generator-annprocess-1.19.jar:/home/user/.m2/repository/org/mockito/mockito-all/1.8.5/mockito-all-1.8.5.jar:/home/user/.m2/repository/org/apache/hadoop/hadoop-kms/3.2.0/hadoop-kms-3.2.0.jar:/home/user/.m2/repository/org/apache/hadoop/hadoop-auth/3.2.0/hadoop-auth-3.2.0.jar:/home/user/.m2/repository/com/nimbusds/nimbus-jose-jwt/4.41.1/nimbus-jose-jwt-4.41.1.jar:/home/user/.m2/repository/com/github/stephenc/jcip/jcip-annotations/1.0-1/jcip-annotations-1.0-1.jar:/home/user/.m2/repository/net/minidev/json-smart/2.3/json-smart-2.3.jar:/home/user/.m2/repository/net/minidev/accessors-smart/1.2/accessors-smart-1.2.jar:/home/user/.m2/repository/org/ow2/asm/asm/5.0.4/asm-5.0.4.jar:/home/user/.m2/repository/org/apache/curator/curator-framework/2.12.0/curator-framework-2.12.0.jar:/home/user/.m2/repository/com/sun/jersey/jersey-core/1.19/jersey-core-1.19.jar:/home/user/.m2/repository/javax/ws/rs/jsr311-api/1.1.1/jsr311-api-1.1.1.jar:/home/user/.m2/repository/com/sun/jersey/jersey-server/1.19/jersey-server-1.19.jar:/home/user/.m2/repository/javax/servlet/javax.servlet-api/3.1.0/javax.servlet-api-3.1.0.jar:/home/user/.m2/repository/org/eclipse/jetty/jetty-server/9.3.24.v20180605/jetty-server-9.3.24.v20180605.jar:/home/user/.m2/repository/org/eclipse/jetty/jetty-http/9.3.24.v20180605/jetty-http-9.3.24.v20180605.jar:/home/user/.m2/repository/org/eclipse/jetty/jetty-io/9.3.24.v20180605/jetty-io-9.3.24.v20180605.jar:/home/user/.m2/repository/org/eclipse/jetty/jetty-webapp/9.3.24.v20180605/jetty-webapp-9.3.24.v20180605.jar:/home/user/.m2/repository/org/eclipse/jetty/jetty-xml/9.3.24.v20180605/jetty-xml-9.3.24.v20180605.jar:/home/user/.m2/repository/log4j/log4j/1.2.17/log4j-1.2.17.jar:/home/user/.m2/repository/org/slf4j/slf4j-api/1.7.25/slf4j-api-1.7.25.jar:/home/user/.m2/repository/org/slf4j/jul-to-slf4j/1.7.25/jul-to-slf4j-1.7.25.jar:/home/user/.m2/repository/org/eclipse/jetty/jetty-util/9.3.24.v20180605/jetty-util-9.3.24.v20180605.jar:/home/user/.m2/repository/com/fasterxml/jackson/core/jackson-databind/2.9.5/jackson-databind-2.9.5.jar:/home/user/.m2/repository/org/apache/hadoop/hadoop-kms/3.2.0/hadoop-kms-3.2.0-tests.jar:/home/user/.m2/repository/org/apache/hadoop/hadoop-hdds-server-scm/0.5.0-SNAPSHOT/hadoop-hdds-server-scm-0.5.0-SNAPSHOT-tests.jar:/home/user/.m2/repository/org/apache/hadoop/hadoop-hdds-container-service/0.5.0-SNAPSHOT/hadoop-hdds-container-service-0.5.0-SNAPSHOT-tests.jar:/home/user/.m2/repository/org/yaml/snakeyaml/1.16/snakeyaml-1.16.jar:/home/user/.m2/repository/org/apache/hadoop/hadoop-common/3.2.0/hadoop-common-3.2.0-tests.jar:/home/user/.m2/repository/org/apache/hadoop/hadoop-annotations/3.2.0/hadoop-annotations-3.2.0.jar:/usr/lib/jvm/java-1.8-openjdk/jre/../lib/tools.jar:/home/user/.m2/repository/commons-cli/commons-cli/1.2/commons-cli-1.2.jar:/home/user/.m2/repository/org/apache/httpcomponents/httpclient/4.5.2/httpclient-4.5.2.jar:/home/user/.m2/repository/org/apache/httpcomponents/httpcore/4.4.4/httpcore-4.4.4.jar:/home/user/.m2/repository/commons-codec/commons-codec/1.11/commons-codec-1.11.jar:/home/user/.m2/repository/commons-net/commons-net/3.6/commons-net-3.6.jar:/home/user/.m2/repository/commons-collections/commons-collections/3.2.2/commons-collections-3.2.2.jar:/home/user/.m2/repository/org/eclipse/jetty/jetty-servlet/9.3.24.v20180605/jetty-servlet-9.3.24.v20180605.jar:/home/user/.m2/repository/org/eclipse/jetty/jetty-security/9.3.24.v20180605/jetty-security-9.3.24.v20180605.jar:/home/user/.m2/repository/javax/servlet/jsp/jsp-api/2.1/jsp-api-2.1.jar:/home/user/.m2/repository/com/sun/jersey/jersey-servlet/1.19/jersey-servlet-1.19.jar:/home/user/.m2/repository/com/sun/jersey/jersey-json/1.19/jersey-json-1.19.jar:/home/user/.m2/repository/org/codehaus/jettison/jettison/1.1/jettison-1.1.jar:/home/user/.m2/repository/org/codehaus/jackson/jackson-core-asl/1.9.13/jackson-core-asl-1.9.13.jar:/home/user/.m2/repository/org/codehaus/jackson/jackson-mapper-asl/1.9.13/jackson-mapper-asl-1.9.13.jar:/home/user/.m2/repository/org/codehaus/jackson/jackson-jaxrs/1.9.13/jackson-jaxrs-1.9.13.jar:/home/user/.m2/repository/org/codehaus/jackson/jackson-xc/1.9.13/jackson-xc-1.9.13.jar:/home/user/.m2/repository/commons-logging/commons-logging/1.1.3/commons-logging-1.1.3.jar:/home/user/.m2/repository/commons-beanutils/commons-beanutils/1.9.3/commons-beanutils-1.9.3.jar:/home/user/.m2/repository/org/apache/commons/commons-configuration2/2.1.1/commons-configuration2-2.1.1.jar:/home/user/.m2/repository/org/apache/commons/commons-lang3/3.7/commons-lang3-3.7.jar:/home/user/.m2/repository/org/apache/commons/commons-text/1.4/commons-text-1.4.jar:/home/user/.m2/repository/org/apache/avro/avro/1.7.7/avro-1.7.7.jar:/home/user/.m2/repository/com/thoughtworks/paranamer/paranamer/2.3/paranamer-2.3.jar:/home/user/.m2/repository/org/xerial/snappy/snappy-java/1.0.5/snappy-java-1.0.5.jar:/home/user/.m2/repository/com/google/re2j/re2j/1.1/re2j-1.1.jar:/home/user/.m2/repository/com/google/code/gson/gson/2.2.4/gson-2.2.4.jar:/home/user/.m2/repository/com/jcraft/jsch/0.1.54/jsch-0.1.54.jar:/home/user/.m2/repository/org/apache/curator/curator-client/2.12.0/curator-client-2.12.0.jar:/home/user/.m2/repository/org/apache/curator/curator-recipes/2.12.0/curator-recipes-2.12.0.jar:/home/user/.m2/repository/com/google/code/findbugs/jsr305/3.0.0/jsr305-3.0.0.jar:/home/user/.m2/repository/org/apache/htrace/htrace-core4/4.1.0-incubating/htrace-core4-4.1.0-incubating.jar:/home/user/.m2/repository/org/apache/zookeeper/zookeeper/3.4.13/zookeeper-3.4.13.jar:/home/user/.m2/repository/org/apache/yetus/audience-annotations/0.5.0/audience-annotations-0.5.0.jar:/home/user/.m2/repository/org/codehaus/woodstox/stax2-api/3.1.4/stax2-api-3.1.4.jar:/home/user/.m2/repository/com/fasterxml/woodstox/woodstox-core/5.0.3/woodstox-core-5.0.3.jar:/home/user/.m2/repository/dnsjava/dnsjava/2.1.7/dnsjava-2.1.7.jar:/home/user/.m2/repository/org/apache/hadoop/hadoop-hdfs/3.2.0/hadoop-hdfs-3.2.0-tests.jar:/home/user/.m2/repository/org/eclipse/jetty/jetty-util-ajax/9.3.24.v20180605/jetty-util-ajax-9.3.24.v20180605.jar:/home/user/.m2/repository/commons-daemon/commons-daemon/1.0.13/commons-daemon-1.0.13.jar:/home/user/.m2/repository/io/netty/netty/3.10.5.Final/netty-3.10.5.Final.jar:/home/user/.m2/repository/io/netty/netty-all/4.0.52.Final/netty-all-4.0.52.Final.jar:/home/user/.m2/repository/org/fusesource/leveldbjni/leveldbjni-all/1.8/leveldbjni-all-1.8.jar:"/>
    <property name="java.vm.vendor" value="IcedTea"/>
    <property name="sun.arch.data.model" value="64"/>
    <property name="test.build.dir" value="/workdir/hadoop-ozone/integration-test/target/test-dir"/>
    <property name="test.cache.data" value=""/>
    <property name="java.vendor.url" value="https://icedtea.classpath.org"/>
    <property name="user.timezone" value=""/>
    <property name="java.vm.specification.version" value="1.8"/>
    <property name="os.name" value="Linux"/>
    <property name="test.build.data" value="/workdir/hadoop-ozone/integration-test/target/test-dir"/>
    <property name="user.country" value="US"/>
    <property name="sun.java.launcher" value="SUN_STANDARD"/>
    <property name="sun.boot.library.path" value="/usr/lib/jvm/java-1.8-openjdk/jre/lib/amd64"/>
    <property name="sun.java.command" value="/workdir/hadoop-ozone/integration-test/target/surefire/surefirebooter3927299149219143800.jar /workdir/hadoop-ozone/integration-test/target/surefire 2019-08-21T19-25-56_276-jvmRun1 surefire1951455524005656645tmp surefire_883988361316069801760tmp"/>
    <property name="test" value="!TestMiniChaosOzoneCluster"/>
    <property name="surefire.test.class.path" value="/workdir/hadoop-ozone/integration-test/target/test-classes:/workdir/hadoop-ozone/integration-test/target/classes:/home/user/.m2/repository/org/apache/hadoop/hadoop-ozone-common/0.5.0-SNAPSHOT/hadoop-ozone-common-0.5.0-SNAPSHOT.jar:/home/user/.m2/repository/org/apache/commons/commons-compress/1.4.1/commons-compress-1.4.1.jar:/home/user/.m2/repository/org/tukaani/xz/1.0/xz-1.0.jar:/home/user/.m2/repository/org/apache/hadoop/hadoop-common/3.2.0/hadoop-common-3.2.0.jar:/home/user/.m2/repository/org/apache/hadoop/hadoop-hdfs/3.2.0/hadoop-hdfs-3.2.0.jar:/home/user/.m2/repository/org/apache/hadoop/hadoop-hdfs-client/3.2.0/hadoop-hdfs-client-3.2.0.jar:/home/user/.m2/repository/com/fasterxml/jackson/core/jackson-annotations/2.9.5/jackson-annotations-2.9.5.jar:/home/user/.m2/repository/org/apache/hadoop/hadoop-hdds-common/0.5.0-SNAPSHOT/hadoop-hdds-common-0.5.0-SNAPSHOT.jar:/home/user/.m2/repository/javax/annotation/javax.annotation-api/1.2/javax.annotation-api-1.2.jar:/home/user/.m2/repository/org/apache/ratis/ratis-server/0.4.0-2337318-SNAPSHOT/ratis-server-0.4.0-2337318-SNAPSHOT.jar:/home/user/.m2/repository/org/apache/ratis/ratis-thirdparty-misc/0.2.0/ratis-thirdparty-misc-0.2.0.jar:/home/user/.m2/repository/org/apache/ratis/ratis-proto/0.4.0-2337318-SNAPSHOT/ratis-proto-0.4.0-2337318-SNAPSHOT.jar:/home/user/.m2/repository/org/apache/ratis/ratis-common/0.4.0-2337318-SNAPSHOT/ratis-common-0.4.0-2337318-SNAPSHOT.jar:/home/user/.m2/repository/org/apache/ratis/ratis-client/0.4.0-2337318-SNAPSHOT/ratis-client-0.4.0-2337318-SNAPSHOT.jar:/home/user/.m2/repository/org/apache/ratis/ratis-metrics/0.4.0-2337318-SNAPSHOT/ratis-metrics-0.4.0-2337318-SNAPSHOT.jar:/home/user/.m2/repository/org/apache/ratis/ratis-netty/0.4.0-2337318-SNAPSHOT/ratis-netty-0.4.0-2337318-SNAPSHOT.jar:/home/user/.m2/repository/org/apache/ratis/ratis-grpc/0.4.0-2337318-SNAPSHOT/ratis-grpc-0.4.0-2337318-SNAPSHOT.jar:/home/user/.m2/repository/org/rocksdb/rocksdbjni/6.0.1/rocksdbjni-6.0.1.jar:/home/user/.m2/repository/org/apache/logging/log4j/log4j-api/2.11.0/log4j-api-2.11.0.jar:/home/user/.m2/repository/org/apache/logging/log4j/log4j-core/2.11.0/log4j-core-2.11.0.jar:/home/user/.m2/repository/com/lmax/disruptor/3.4.2/disruptor-3.4.2.jar:/home/user/.m2/repository/org/apache/commons/commons-pool2/2.6.0/commons-pool2-2.6.0.jar:/home/user/.m2/repository/org/bouncycastle/bcpkix-jdk15on/1.60/bcpkix-jdk15on-1.60.jar:/home/user/.m2/repository/commons-validator/commons-validator/1.6/commons-validator-1.6.jar:/home/user/.m2/repository/commons-digester/commons-digester/1.8.1/commons-digester-1.8.1.jar:/home/user/.m2/repository/io/jaegertracing/jaeger-client/0.33.1/jaeger-client-0.33.1.jar:/home/user/.m2/repository/io/jaegertracing/jaeger-thrift/0.33.1/jaeger-thrift-0.33.1.jar:/home/user/.m2/repository/org/apache/thrift/libthrift/0.11.0/libthrift-0.11.0.jar:/home/user/.m2/repository/com/squareup/okhttp3/okhttp/3.9.0/okhttp-3.9.0.jar:/home/user/.m2/repository/com/squareup/okio/okio/1.13.0/okio-1.13.0.jar:/home/user/.m2/repository/io/jaegertracing/jaeger-core/0.33.1/jaeger-core-0.33.1.jar:/home/user/.m2/repository/io/jaegertracing/jaeger-tracerresolver/0.33.1/jaeger-tracerresolver-0.33.1.jar:/home/user/.m2/repository/io/opentracing/contrib/opentracing-tracerresolver/0.1.5/opentracing-tracerresolver-0.1.5.jar:/home/user/.m2/repository/io/opentracing/opentracing-util/0.31.0/opentracing-util-0.31.0.jar:/home/user/.m2/repository/io/opentracing/opentracing-api/0.31.0/opentracing-api-0.31.0.jar:/home/user/.m2/repository/io/opentracing/opentracing-noop/0.31.0/opentracing-noop-0.31.0.jar:/home/user/.m2/repository/org/apache/hadoop/hadoop-hdds-server-framework/0.5.0-SNAPSHOT/hadoop-hdds-server-framework-0.5.0-SNAPSHOT.jar:/home/user/.m2/repository/org/apache/hadoop/hadoop-hdds-container-service/0.5.0-SNAPSHOT/hadoop-hdds-container-service-0.5.0-SNAPSHOT.jar:/home/user/.m2/repository/org/apache/hadoop/hadoop-hdds-client/0.5.0-SNAPSHOT/hadoop-hdds-client-0.5.0-SNAPSHOT.jar:/home/user/.m2/repository/org/apache/hadoop/hadoop-hdds-tools/0.5.0-SNAPSHOT/hadoop-hdds-tools-0.5.0-SNAPSHOT.jar:/home/user/.m2/repository/org/apache/hadoop/hadoop-hdds-server-scm/0.5.0-SNAPSHOT/hadoop-hdds-server-scm-0.5.0-SNAPSHOT.jar:/home/user/.m2/repository/org/apache/hadoop/hadoop-hdds-docs/0.5.0-SNAPSHOT/hadoop-hdds-docs-0.5.0-SNAPSHOT.jar:/home/user/.m2/repository/io/dropwizard/metrics/metrics-core/3.2.4/metrics-core-3.2.4.jar:/home/user/.m2/repository/org/hamcrest/hamcrest-all/1.3/hamcrest-all-1.3.jar:/home/user/.m2/repository/org/bouncycastle/bcprov-jdk15on/1.60/bcprov-jdk15on-1.60.jar:/home/user/.m2/repository/info/picocli/picocli/3.9.6/picocli-3.9.6.jar:/home/user/.m2/repository/com/google/protobuf/protobuf-java/2.5.0/protobuf-java-2.5.0.jar:/home/user/.m2/repository/com/google/guava/guava/11.0.2/guava-11.0.2.jar:/home/user/.m2/repository/org/apache/hadoop/hadoop-ozone-ozone-manager/0.5.0-SNAPSHOT/hadoop-ozone-ozone-manager-0.5.0-SNAPSHOT.jar:/home/user/.m2/repository/org/apache/hadoop/hadoop-minikdc/3.2.0/hadoop-minikdc-3.2.0.jar:/home/user/.m2/repository/commons-io/commons-io/2.5/commons-io-2.5.jar:/home/user/.m2/repository/org/apache/kerby/kerb-simplekdc/1.0.1/kerb-simplekdc-1.0.1.jar:/home/user/.m2/repository/org/apache/kerby/kerb-client/1.0.1/kerb-client-1.0.1.jar:/home/user/.m2/repository/org/apache/kerby/kerby-config/1.0.1/kerby-config-1.0.1.jar:/home/user/.m2/repository/org/apache/kerby/kerb-core/1.0.1/kerb-core-1.0.1.jar:/home/user/.m2/repository/org/apache/kerby/kerby-pkix/1.0.1/kerby-pkix-1.0.1.jar:/home/user/.m2/repository/org/apache/kerby/kerby-asn1/1.0.1/kerby-asn1-1.0.1.jar:/home/user/.m2/repository/org/apache/kerby/kerby-util/1.0.1/kerby-util-1.0.1.jar:/home/user/.m2/repository/org/apache/kerby/kerb-common/1.0.1/kerb-common-1.0.1.jar:/home/user/.m2/repository/org/apache/kerby/kerb-crypto/1.0.1/kerb-crypto-1.0.1.jar:/home/user/.m2/repository/org/apache/kerby/kerb-util/1.0.1/kerb-util-1.0.1.jar:/home/user/.m2/repository/org/apache/kerby/token-provider/1.0.1/token-provider-1.0.1.jar:/home/user/.m2/repository/org/apache/kerby/kerb-admin/1.0.1/kerb-admin-1.0.1.jar:/home/user/.m2/repository/org/apache/kerby/kerb-server/1.0.1/kerb-server-1.0.1.jar:/home/user/.m2/repository/org/apache/kerby/kerb-identity/1.0.1/kerb-identity-1.0.1.jar:/home/user/.m2/repository/org/apache/kerby/kerby-xdr/1.0.1/kerby-xdr-1.0.1.jar:/home/user/.m2/repository/org/slf4j/slf4j-log4j12/1.7.25/slf4j-log4j12-1.7.25.jar:/home/user/.m2/repository/org/apache/hadoop/hadoop-ozone-objectstore-service/0.5.0-SNAPSHOT/hadoop-ozone-objectstore-service-0.5.0-SNAPSHOT.jar:/home/user/.m2/repository/org/apache/hadoop/hadoop-ozone-s3gateway/0.5.0-SNAPSHOT/hadoop-ozone-s3gateway-0.5.0-SNAPSHOT.jar:/home/user/.m2/repository/org/jboss/weld/servlet/weld-servlet/2.4.7.Final/weld-servlet-2.4.7.Final.jar:/home/user/.m2/repository/org/glassfish/jersey/containers/jersey-container-servlet-core/2.27/jersey-container-servlet-core-2.27.jar:/home/user/.m2/repository/org/glassfish/hk2/external/javax.inject/2.5.0-b42/javax.inject-2.5.0-b42.jar:/home/user/.m2/repository/org/glassfish/jersey/core/jersey-common/2.27/jersey-common-2.27.jar:/home/user/.m2/repository/org/glassfish/hk2/osgi-resource-locator/1.0.1/osgi-resource-locator-1.0.1.jar:/home/user/.m2/repository/javax/ws/rs/javax.ws.rs-api/2.1/javax.ws.rs-api-2.1.jar:/home/user/.m2/repository/org/glassfish/jersey/ext/cdi/jersey-cdi1x/2.27/jersey-cdi1x-2.27.jar:/home/user/.m2/repository/org/glassfish/jersey/inject/jersey-hk2/2.27/jersey-hk2-2.27.jar:/home/user/.m2/repository/org/glassfish/hk2/hk2-locator/2.5.0-b42/hk2-locator-2.5.0-b42.jar:/home/user/.m2/repository/org/javassist/javassist/3.22.0-CR2/javassist-3.22.0-CR2.jar:/home/user/.m2/repository/org/glassfish/hk2/hk2-api/2.5.0/hk2-api-2.5.0.jar:/home/user/.m2/repository/org/glassfish/hk2/external/jakarta.inject/2.5.0/jakarta.inject-2.5.0.jar:/home/user/.m2/repository/org/glassfish/hk2/hk2-utils/2.5.0/hk2-utils-2.5.0.jar:/home/user/.m2/repository/jakarta/annotation/jakarta.annotation-api/1.3.4/jakarta.annotation-api-1.3.4.jar:/home/user/.m2/repository/org/glassfish/hk2/external/aopalliance-repackaged/2.5.0/aopalliance-repackaged-2.5.0.jar:/home/user/.m2/repository/com/fasterxml/jackson/dataformat/jackson-dataformat-xml/2.9.0/jackson-dataformat-xml-2.9.0.jar:/home/user/.m2/repository/com/fasterxml/jackson/core/jackson-core/2.9.5/jackson-core-2.9.5.jar:/home/user/.m2/repository/com/fasterxml/jackson/module/jackson-module-jaxb-annotations/2.9.5/jackson-module-jaxb-annotations-2.9.5.jar:/home/user/.m2/repository/javax/enterprise/cdi-api/1.2/cdi-api-1.2.jar:/home/user/.m2/repository/javax/el/javax.el-api/3.0.0/javax.el-api-3.0.0.jar:/home/user/.m2/repository/javax/interceptor/javax.interceptor-api/1.2/javax.interceptor-api-1.2.jar:/home/user/.m2/repository/javax/inject/javax.inject/1/javax.inject-1.jar:/home/user/.m2/repository/com/sun/xml/bind/jaxb-impl/2.3.0.1/jaxb-impl-2.3.0.1.jar:/home/user/.m2/repository/com/sun/xml/bind/jaxb-core/2.3.0.1/jaxb-core-2.3.0.1.jar:/home/user/.m2/repository/javax/xml/bind/jaxb-api/2.3.0/jaxb-api-2.3.0.jar:/home/user/.m2/repository/javax/activation/activation/1.1.1/activation-1.1.1.jar:/home/user/.m2/repository/org/apache/hadoop/hadoop-ozone-csi/0.5.0-SNAPSHOT/hadoop-ozone-csi-0.5.0-SNAPSHOT.jar:/home/user/.m2/repository/com/google/protobuf/protobuf-java-util/3.5.1/protobuf-java-util-3.5.1.jar:/home/user/.m2/repository/org/apache/hadoop/hadoop-hdds-config/0.5.0-SNAPSHOT/hadoop-hdds-config-0.5.0-SNAPSHOT.jar:/home/user/.m2/repository/io/grpc/grpc-netty/1.17.1/grpc-netty-1.17.1.jar:/home/user/.m2/repository/io/grpc/grpc-core/1.17.1/grpc-core-1.17.1.jar:/home/user/.m2/repository/io/grpc/grpc-context/1.17.1/grpc-context-1.17.1.jar:/home/user/.m2/repository/com/google/errorprone/error_prone_annotations/2.2.0/error_prone_annotations-2.2.0.jar:/home/user/.m2/repository/org/codehaus/mojo/animal-sniffer-annotations/1.17/animal-sniffer-annotations-1.17.jar:/home/user/.m2/repository/io/opencensus/opencensus-api/0.17.0/opencensus-api-0.17.0.jar:/home/user/.m2/repository/io/opencensus/opencensus-contrib-grpc-metrics/0.17.0/opencensus-contrib-grpc-metrics-0.17.0.jar:/home/user/.m2/repository/io/netty/netty-codec-http2/4.1.30.Final/netty-codec-http2-4.1.30.Final.jar:/home/user/.m2/repository/io/netty/netty-codec-http/4.1.30.Final/netty-codec-http-4.1.30.Final.jar:/home/user/.m2/repository/io/netty/netty-codec/4.1.30.Final/netty-codec-4.1.30.Final.jar:/home/user/.m2/repository/io/netty/netty-handler/4.1.30.Final/netty-handler-4.1.30.Final.jar:/home/user/.m2/repository/io/netty/netty-handler-proxy/4.1.30.Final/netty-handler-proxy-4.1.30.Final.jar:/home/user/.m2/repository/io/netty/netty-codec-socks/4.1.30.Final/netty-codec-socks-4.1.30.Final.jar:/home/user/.m2/repository/io/netty/netty-transport-native-epoll/4.1.30.Final/netty-transport-native-epoll-4.1.30.Final.jar:/home/user/.m2/repository/io/netty/netty-common/4.1.30.Final/netty-common-4.1.30.Final.jar:/home/user/.m2/repository/io/netty/netty-buffer/4.1.30.Final/netty-buffer-4.1.30.Final.jar:/home/user/.m2/repository/io/netty/netty-transport/4.1.30.Final/netty-transport-4.1.30.Final.jar:/home/user/.m2/repository/io/netty/netty-resolver/4.1.30.Final/netty-resolver-4.1.30.Final.jar:/home/user/.m2/repository/io/netty/netty-transport-native-unix-common/4.1.30.Final/netty-transport-native-unix-common-4.1.30.Final.jar:/home/user/.m2/repository/io/grpc/grpc-protobuf/1.17.1/grpc-protobuf-1.17.1.jar:/home/user/.m2/repository/com/google/api/grpc/proto-google-common-protos/1.0.0/proto-google-common-protos-1.0.0.jar:/home/user/.m2/repository/io/grpc/grpc-protobuf-lite/1.17.1/grpc-protobuf-lite-1.17.1.jar:/home/user/.m2/repository/io/grpc/grpc-stub/1.17.1/grpc-stub-1.17.1.jar:/home/user/.m2/repository/org/apache/hadoop/hadoop-ozone-recon/0.5.0-SNAPSHOT/hadoop-ozone-recon-0.5.0-SNAPSHOT.jar:/home/user/.m2/repository/org/apache/hadoop/hadoop-ozone-reconcodegen/0.5.0-SNAPSHOT/hadoop-ozone-reconcodegen-0.5.0-SNAPSHOT.jar:/home/user/.m2/repository/com/google/inject/extensions/guice-multibindings/4.0/guice-multibindings-4.0.jar:/home/user/.m2/repository/com/google/inject/guice/4.0/guice-4.0.jar:/home/user/.m2/repository/aopalliance/aopalliance/1.0/aopalliance-1.0.jar:/home/user/.m2/repository/com/google/inject/extensions/guice-servlet/4.0/guice-servlet-4.0.jar:/home/user/.m2/repository/org/glassfish/jersey/containers/jersey-container-servlet/2.27/jersey-container-servlet-2.27.jar:/home/user/.m2/repository/org/glassfish/hk2/guice-bridge/2.5.0/guice-bridge-2.5.0.jar:/home/user/.m2/repository/org/glassfish/jersey/core/jersey-server/2.27/jersey-server-2.27.jar:/home/user/.m2/repository/org/glassfish/jersey/core/jersey-client/2.27/jersey-client-2.27.jar:/home/user/.m2/repository/org/glassfish/jersey/media/jersey-media-jaxb/2.27/jersey-media-jaxb-2.27.jar:/home/user/.m2/repository/javax/validation/validation-api/1.1.0.Final/validation-api-1.1.0.Final.jar:/home/user/.m2/repository/org/glassfish/jersey/media/jersey-media-json-jackson/2.27/jersey-media-json-jackson-2.27.jar:/home/user/.m2/repository/org/glassfish/jersey/ext/jersey-entity-filtering/2.27/jersey-entity-filtering-2.27.jar:/home/user/.m2/repository/com/google/inject/extensions/guice-assistedinject/4.0/guice-assistedinject-4.0.jar:/home/user/.m2/repository/org/jooq/jooq/3.11.10/jooq-3.11.10.jar:/home/user/.m2/repository/org/jooq/jooq-meta/3.11.10/jooq-meta-3.11.10.jar:/home/user/.m2/repository/org/jooq/jooq-codegen/3.11.10/jooq-codegen-3.11.10.jar:/home/user/.m2/repository/com/jolbox/bonecp/0.8.0.RELEASE/bonecp-0.8.0.RELEASE.jar:/home/user/.m2/repository/org/xerial/sqlite-jdbc/3.25.2/sqlite-jdbc-3.25.2.jar:/home/user/.m2/repository/org/springframework/spring-jdbc/5.1.3.RELEASE/spring-jdbc-5.1.3.RELEASE.jar:/home/user/.m2/repository/org/springframework/spring-beans/5.1.3.RELEASE/spring-beans-5.1.3.RELEASE.jar:/home/user/.m2/repository/org/springframework/spring-core/5.1.3.RELEASE/spring-core-5.1.3.RELEASE.jar:/home/user/.m2/repository/org/springframework/spring-jcl/5.1.3.RELEASE/spring-jcl-5.1.3.RELEASE.jar:/home/user/.m2/repository/org/springframework/spring-tx/5.1.3.RELEASE/spring-tx-5.1.3.RELEASE.jar:/home/user/.m2/repository/org/apache/hadoop/hadoop-ozone-client/0.5.0-SNAPSHOT/hadoop-ozone-client-0.5.0-SNAPSHOT.jar:/home/user/.m2/repository/commons-lang/commons-lang/2.6/commons-lang-2.6.jar:/home/user/.m2/repository/org/apache/hadoop/hadoop-ozone-ozone-manager/0.5.0-SNAPSHOT/hadoop-ozone-ozone-manager-0.5.0-SNAPSHOT-tests.jar:/home/user/.m2/repository/junit/junit/4.11/junit-4.11.jar:/home/user/.m2/repository/org/hamcrest/hamcrest-core/1.3/hamcrest-core-1.3.jar:/home/user/.m2/repository/org/openjdk/jmh/jmh-core/1.19/jmh-core-1.19.jar:/home/user/.m2/repository/net/sf/jopt-simple/jopt-simple/4.6/jopt-simple-4.6.jar:/home/user/.m2/repository/org/apache/commons/commons-math3/3.1.1/commons-math3-3.1.1.jar:/home/user/.m2/repository/org/openjdk/jmh/jmh-generator-annprocess/1.19/jmh-generator-annprocess-1.19.jar:/home/user/.m2/repository/org/mockito/mockito-all/1.8.5/mockito-all-1.8.5.jar:/home/user/.m2/repository/org/apache/hadoop/hadoop-kms/3.2.0/hadoop-kms-3.2.0.jar:/home/user/.m2/repository/org/apache/hadoop/hadoop-auth/3.2.0/hadoop-auth-3.2.0.jar:/home/user/.m2/repository/com/nimbusds/nimbus-jose-jwt/4.41.1/nimbus-jose-jwt-4.41.1.jar:/home/user/.m2/repository/com/github/stephenc/jcip/jcip-annotations/1.0-1/jcip-annotations-1.0-1.jar:/home/user/.m2/repository/net/minidev/json-smart/2.3/json-smart-2.3.jar:/home/user/.m2/repository/net/minidev/accessors-smart/1.2/accessors-smart-1.2.jar:/home/user/.m2/repository/org/ow2/asm/asm/5.0.4/asm-5.0.4.jar:/home/user/.m2/repository/org/apache/curator/curator-framework/2.12.0/curator-framework-2.12.0.jar:/home/user/.m2/repository/com/sun/jersey/jersey-core/1.19/jersey-core-1.19.jar:/home/user/.m2/repository/javax/ws/rs/jsr311-api/1.1.1/jsr311-api-1.1.1.jar:/home/user/.m2/repository/com/sun/jersey/jersey-server/1.19/jersey-server-1.19.jar:/home/user/.m2/repository/javax/servlet/javax.servlet-api/3.1.0/javax.servlet-api-3.1.0.jar:/home/user/.m2/repository/org/eclipse/jetty/jetty-server/9.3.24.v20180605/jetty-server-9.3.24.v20180605.jar:/home/user/.m2/repository/org/eclipse/jetty/jetty-http/9.3.24.v20180605/jetty-http-9.3.24.v20180605.jar:/home/user/.m2/repository/org/eclipse/jetty/jetty-io/9.3.24.v20180605/jetty-io-9.3.24.v20180605.jar:/home/user/.m2/repository/org/eclipse/jetty/jetty-webapp/9.3.24.v20180605/jetty-webapp-9.3.24.v20180605.jar:/home/user/.m2/repository/org/eclipse/jetty/jetty-xml/9.3.24.v20180605/jetty-xml-9.3.24.v20180605.jar:/home/user/.m2/repository/log4j/log4j/1.2.17/log4j-1.2.17.jar:/home/user/.m2/repository/org/slf4j/slf4j-api/1.7.25/slf4j-api-1.7.25.jar:/home/user/.m2/repository/org/slf4j/jul-to-slf4j/1.7.25/jul-to-slf4j-1.7.25.jar:/home/user/.m2/repository/org/eclipse/jetty/jetty-util/9.3.24.v20180605/jetty-util-9.3.24.v20180605.jar:/home/user/.m2/repository/com/fasterxml/jackson/core/jackson-databind/2.9.5/jackson-databind-2.9.5.jar:/home/user/.m2/repository/org/apache/hadoop/hadoop-kms/3.2.0/hadoop-kms-3.2.0-tests.jar:/home/user/.m2/repository/org/apache/hadoop/hadoop-hdds-server-scm/0.5.0-SNAPSHOT/hadoop-hdds-server-scm-0.5.0-SNAPSHOT-tests.jar:/home/user/.m2/repository/org/apache/hadoop/hadoop-hdds-container-service/0.5.0-SNAPSHOT/hadoop-hdds-container-service-0.5.0-SNAPSHOT-tests.jar:/home/user/.m2/repository/org/yaml/snakeyaml/1.16/snakeyaml-1.16.jar:/home/user/.m2/repository/org/apache/hadoop/hadoop-common/3.2.0/hadoop-common-3.2.0-tests.jar:/home/user/.m2/repository/org/apache/hadoop/hadoop-annotations/3.2.0/hadoop-annotations-3.2.0.jar:/usr/lib/jvm/java-1.8-openjdk/jre/../lib/tools.jar:/home/user/.m2/repository/commons-cli/commons-cli/1.2/commons-cli-1.2.jar:/home/user/.m2/repository/org/apache/httpcomponents/httpclient/4.5.2/httpclient-4.5.2.jar:/home/user/.m2/repository/org/apache/httpcomponents/httpcore/4.4.4/httpcore-4.4.4.jar:/home/user/.m2/repository/commons-codec/commons-codec/1.11/commons-codec-1.11.jar:/home/user/.m2/repository/commons-net/commons-net/3.6/commons-net-3.6.jar:/home/user/.m2/repository/commons-collections/commons-collections/3.2.2/commons-collections-3.2.2.jar:/home/user/.m2/repository/org/eclipse/jetty/jetty-servlet/9.3.24.v20180605/jetty-servlet-9.3.24.v20180605.jar:/home/user/.m2/repository/org/eclipse/jetty/jetty-security/9.3.24.v20180605/jetty-security-9.3.24.v20180605.jar:/home/user/.m2/repository/javax/servlet/jsp/jsp-api/2.1/jsp-api-2.1.jar:/home/user/.m2/repository/com/sun/jersey/jersey-servlet/1.19/jersey-servlet-1.19.jar:/home/user/.m2/repository/com/sun/jersey/jersey-json/1.19/jersey-json-1.19.jar:/home/user/.m2/repository/org/codehaus/jettison/jettison/1.1/jettison-1.1.jar:/home/user/.m2/repository/org/codehaus/jackson/jackson-core-asl/1.9.13/jackson-core-asl-1.9.13.jar:/home/user/.m2/repository/org/codehaus/jackson/jackson-mapper-asl/1.9.13/jackson-mapper-asl-1.9.13.jar:/home/user/.m2/repository/org/codehaus/jackson/jackson-jaxrs/1.9.13/jackson-jaxrs-1.9.13.jar:/home/user/.m2/repository/org/codehaus/jackson/jackson-xc/1.9.13/jackson-xc-1.9.13.jar:/home/user/.m2/repository/commons-logging/commons-logging/1.1.3/commons-logging-1.1.3.jar:/home/user/.m2/repository/commons-beanutils/commons-beanutils/1.9.3/commons-beanutils-1.9.3.jar:/home/user/.m2/repository/org/apache/commons/commons-configuration2/2.1.1/commons-configuration2-2.1.1.jar:/home/user/.m2/repository/org/apache/commons/commons-lang3/3.7/commons-lang3-3.7.jar:/home/user/.m2/repository/org/apache/commons/commons-text/1.4/commons-text-1.4.jar:/home/user/.m2/repository/org/apache/avro/avro/1.7.7/avro-1.7.7.jar:/home/user/.m2/repository/com/thoughtworks/paranamer/paranamer/2.3/paranamer-2.3.jar:/home/user/.m2/repository/org/xerial/snappy/snappy-java/1.0.5/snappy-java-1.0.5.jar:/home/user/.m2/repository/com/google/re2j/re2j/1.1/re2j-1.1.jar:/home/user/.m2/repository/com/google/code/gson/gson/2.2.4/gson-2.2.4.jar:/home/user/.m2/repository/com/jcraft/jsch/0.1.54/jsch-0.1.54.jar:/home/user/.m2/repository/org/apache/curator/curator-client/2.12.0/curator-client-2.12.0.jar:/home/user/.m2/repository/org/apache/curator/curator-recipes/2.12.0/curator-recipes-2.12.0.jar:/home/user/.m2/repository/com/google/code/findbugs/jsr305/3.0.0/jsr305-3.0.0.jar:/home/user/.m2/repository/org/apache/htrace/htrace-core4/4.1.0-incubating/htrace-core4-4.1.0-incubating.jar:/home/user/.m2/repository/org/apache/zookeeper/zookeeper/3.4.13/zookeeper-3.4.13.jar:/home/user/.m2/repository/org/apache/yetus/audience-annotations/0.5.0/audience-annotations-0.5.0.jar:/home/user/.m2/repository/org/codehaus/woodstox/stax2-api/3.1.4/stax2-api-3.1.4.jar:/home/user/.m2/repository/com/fasterxml/woodstox/woodstox-core/5.0.3/woodstox-core-5.0.3.jar:/home/user/.m2/repository/dnsjava/dnsjava/2.1.7/dnsjava-2.1.7.jar:/home/user/.m2/repository/org/apache/hadoop/hadoop-hdfs/3.2.0/hadoop-hdfs-3.2.0-tests.jar:/home/user/.m2/repository/org/eclipse/jetty/jetty-util-ajax/9.3.24.v20180605/jetty-util-ajax-9.3.24.v20180605.jar:/home/user/.m2/repository/commons-daemon/commons-daemon/1.0.13/commons-daemon-1.0.13.jar:/home/user/.m2/repository/io/netty/netty/3.10.5.Final/netty-3.10.5.Final.jar:/home/user/.m2/repository/io/netty/netty-all/4.0.52.Final/netty-all-4.0.52.Final.jar:/home/user/.m2/repository/org/fusesource/leveldbjni/leveldbjni-all/1.8/leveldbjni-all-1.8.jar:"/>
    <property name="sun.cpu.endian" value="little"/>
    <property name="user.home" value="/home/user"/>
    <property name="user.language" value="en"/>
    <property name="java.specification.vendor" value="Oracle Corporation"/>
    <property name="java.home" value="/usr/lib/jvm/java-1.8-openjdk/jre"/>
    <property name="java.security.krb5.conf" value="/workdir/hadoop-ozone/integration-test/target/test-classes/krb5.conf"/>
    <property name="basedir" value="/workdir/hadoop-ozone/integration-test"/>
    <property name="file.separator" value="/"/>
    <property name="line.separator" value="&#10;"/>
    <property name="java.vm.specification.vendor" value="Oracle Corporation"/>
    <property name="java.specification.name" value="Java Platform API Specification"/>
    <property name="java.awt.graphicsenv" value="sun.awt.X11GraphicsEnvironment"/>
    <property name="surefire.real.class.path" value="/workdir/hadoop-ozone/integration-test/target/surefire/surefirebooter3927299149219143800.jar"/>
    <property name="hadoop.log.dir" value="/workdir/hadoop-ozone/integration-test/target/log"/>
    <property name="sun.boot.class.path" value="/usr/lib/jvm/java-1.8-openjdk/jre/lib/resources.jar:/usr/lib/jvm/java-1.8-openjdk/jre/lib/rt.jar:/usr/lib/jvm/java-1.8-openjdk/jre/lib/sunrsasign.jar:/usr/lib/jvm/java-1.8-openjdk/jre/lib/jsse.jar:/usr/lib/jvm/java-1.8-openjdk/jre/lib/jce.jar:/usr/lib/jvm/java-1.8-openjdk/jre/lib/charsets.jar:/usr/lib/jvm/java-1.8-openjdk/jre/lib/jfr.jar:/usr/lib/jvm/java-1.8-openjdk/jre/classes"/>
    <property name="sun.management.compiler" value="HotSpot 64-Bit Tiered Compilers"/>
    <property name="java.runtime.version" value="1.8.0_212-b04"/>
    <property name="java.net.preferIPv4Stack" value="true"/>
    <property name="user.name" value="jenkins1000"/>
    <property name="path.separator" value=":"/>
    <property name="java.security.egd" value="file:///dev/urandom"/>
    <property name="os.version" value="3.10.0-957.12.2.el7.x86_64"/>
    <property name="java.endorsed.dirs" value="/usr/lib/jvm/java-1.8-openjdk/jre/lib/endorsed"/>
    <property name="java.runtime.name" value="OpenJDK Runtime Environment"/>
    <property name="file.encoding" value="UTF-8"/>
    <property name="java.vm.name" value="OpenJDK 64-Bit Server VM"/>
    <property name="test.build.webapps" value=""/>
    <property name="localRepository" value="/home/user/.m2/repository"/>
    <property name="java.vendor.url.bug" value="https://icedtea.classpath.org/bugzilla"/>
    <property name="java.io.tmpdir" value="/tmp"/>
    <property name="require.test.libhadoop" value=""/>
    <property name="java.version" value="1.8.0_212"/>
    <property name="user.dir" value="/workdir/hadoop-ozone/integration-test"/>
    <property name="os.arch" value="amd64"/>
    <property name="java.vm.specification.name" value="Java Virtual Machine Specification"/>
    <property name="test.build.classes" value="/workdir/hadoop-ozone/integration-test/target/test-classes"/>
    <property name="java.awt.printerjob" value="sun.print.PSPrinterJob"/>
    <property name="sun.os.patch.level" value="unknown"/>
    <property name="hadoop.tmp.dir" value="/workdir/hadoop-ozone/integration-test/target/tmp"/>
    <property name="java.library.path" value="/usr/lib/jvm/java-1.8-openjdk/jre/lib/amd64/server:/usr/lib/jvm/java-1.8-openjdk/jre/lib/amd64:/usr/lib/jvm/java-1.8-openjdk/jre/../lib/amd64:/workdir/hadoop-ozone/integration-test/target/native/target/usr/local/lib:/workdir/hadoop-ozone/integration-test/../../hadoop-common-project/hadoop-common/target/native/target/usr/local/lib:/usr/java/packages/lib/amd64:/usr/lib64:/lib64:/lib:/usr/lib"/>
    <property name="java.vm.info" value="mixed mode"/>
    <property name="java.vendor" value="IcedTea"/>
    <property name="java.vm.version" value="25.212-b04"/>
    <property name="java.ext.dirs" value="/usr/lib/jvm/java-1.8-openjdk/jre/lib/ext:/usr/java/packages/lib/ext"/>
    <property name="sun.io.unicode.encoding" value="UnicodeLittle"/>
    <property name="java.class.version" value="52.0"/>
  </properties>
  <testcase name="testAutomaticPipelineCreationOnPipelineDestroy" classname="org.apache.hadoop.hdds.scm.pipeline.TestRatisPipelineCreateAndDestory" time="29.456"/>
  <testcase name="testPipelineCreationOnNodeRestart" classname="org.apache.hadoop.hdds.scm.pipeline.TestRatisPipelineCreateAndDestory" time="40.396">
    <error message="test timed out after 30000 milliseconds" type="java.lang.Exception">java.lang.Exception: test timed out after 30000 milliseconds
	at java.lang.Thread.sleep(Native Method)
	at org.apache.hadoop.test.GenericTestUtils.waitFor(GenericTestUtils.java:382)
	at org.apache.hadoop.hdds.scm.pipeline.TestRatisPipelineCreateAndDestory.waitForPipelines(TestRatisPipelineCreateAndDestory.java:126)
	at org.apache.hadoop.hdds.scm.pipeline.TestRatisPipelineCreateAndDestory.testPipelineCreationOnNodeRestart(TestRatisPipelineCreateAndDestory.java:121)
	at sun.reflect.NativeMethodAccessorImpl.invoke0(Native Method)
	at sun.reflect.NativeMethodAccessorImpl.invoke(NativeMethodAccessorImpl.java:62)
	at sun.reflect.DelegatingMethodAccessorImpl.invoke(DelegatingMethodAccessorImpl.java:43)
	at java.lang.reflect.Method.invoke(Method.java:498)
	at org.junit.runners.model.FrameworkMethod$1.runReflectiveCall(FrameworkMethod.java:47)
	at org.junit.internal.runners.model.ReflectiveCallable.run(ReflectiveCallable.java:12)
	at org.junit.runners.model.FrameworkMethod.invokeExplosively(FrameworkMethod.java:44)
	at org.junit.internal.runners.statements.InvokeMethod.evaluate(InvokeMethod.java:17)
	at org.junit.internal.runners.statements.FailOnTimeout$StatementThread.run(FailOnTimeout.java:74)
</error>
    <system-out><![CDATA[2019-08-21 20:56:58,604 [Thread-334] WARN  server.ServerUtils (ServerUtils.java:getScmDbDir(145)) - ozone.scm.db.dirs is not configured. We recommend adding this setting. Falling back to ozone.metadata.dirs instead.
2019-08-21 20:56:58,620 [Thread-334] WARN  server.ServerUtils (ServerUtils.java:getScmDbDir(145)) - ozone.scm.db.dirs is not configured. We recommend adding this setting. Falling back to ozone.metadata.dirs instead.
2019-08-21 20:56:58,621 [Thread-334] WARN  server.ServerUtils (ServerUtils.java:getScmDbDir(145)) - ozone.scm.db.dirs is not configured. We recommend adding this setting. Falling back to ozone.metadata.dirs instead.
2019-08-21 20:56:58,621 [Thread-334] INFO  db.DBStoreBuilder (DBStoreBuilder.java:addTable(110)) - using custom profile for table: deletedBlocks
2019-08-21 20:56:58,621 [Thread-334] INFO  db.DBStoreBuilder (DBStoreBuilder.java:processTables(161)) - Using default column profile:DBProfile.DISK for Table:deletedBlocks
2019-08-21 20:56:58,622 [Thread-334] INFO  db.DBStoreBuilder (DBStoreBuilder.java:addTable(110)) - using custom profile for table: validCerts
2019-08-21 20:56:58,622 [Thread-334] INFO  db.DBStoreBuilder (DBStoreBuilder.java:processTables(161)) - Using default column profile:DBProfile.DISK for Table:validCerts
2019-08-21 20:56:58,622 [Thread-334] INFO  db.DBStoreBuilder (DBStoreBuilder.java:addTable(110)) - using custom profile for table: revokedCerts
2019-08-21 20:56:58,622 [Thread-334] INFO  db.DBStoreBuilder (DBStoreBuilder.java:processTables(161)) - Using default column profile:DBProfile.DISK for Table:revokedCerts
2019-08-21 20:56:58,623 [Thread-334] INFO  db.DBStoreBuilder (DBStoreBuilder.java:addTable(110)) - using custom profile for table: default
2019-08-21 20:56:58,623 [Thread-334] INFO  db.DBStoreBuilder (DBStoreBuilder.java:processTables(167)) - Using default column profile:DBProfile.DISK for Table:default
2019-08-21 20:56:58,623 [Thread-334] INFO  db.DBStoreBuilder (DBStoreBuilder.java:getDbProfile(198)) - Using default options. DBProfile.DISK
2019-08-21 20:56:58,879 [Thread-334] INFO  net.NodeSchemaLoader (NodeSchemaLoader.java:loadSchemaFromFile(125)) - Loading file from sun.misc.CompoundEnumeration@57daff71
2019-08-21 20:56:58,879 [Thread-334] INFO  net.NodeSchemaLoader (NodeSchemaLoader.java:loadSchema(171)) - Loading network topology layer schema file
2019-08-21 20:56:58,886 [Thread-334] INFO  node.SCMNodeManager (SCMNodeManager.java:<init>(121)) - Entering startup safe mode.
2019-08-21 20:56:58,888 [Thread-334] INFO  algorithms.ContainerPlacementPolicyFactory (ContainerPlacementPolicyFactory.java:getPolicy(55)) - Create container placement policy of type org.apache.hadoop.hdds.scm.container.placement.algorithms.SCMContainerPlacementRandom
2019-08-21 20:56:58,888 [Thread-334] WARN  server.ServerUtils (ServerUtils.java:getScmDbDir(145)) - ozone.scm.db.dirs is not configured. We recommend adding this setting. Falling back to ozone.metadata.dirs instead.
2019-08-21 20:56:58,954 [Thread-334] INFO  pipeline.SCMPipelineManager (SCMPipelineManager.java:initializePipelineState(126)) - No pipeline exists in current db
2019-08-21 20:56:58,954 [Thread-334] WARN  server.ServerUtils (ServerUtils.java:getScmDbDir(145)) - ozone.scm.db.dirs is not configured. We recommend adding this setting. Falling back to ozone.metadata.dirs instead.
2019-08-21 20:56:59,029 [Thread-334] WARN  events.EventQueue (EventQueue.java:fireEvent(175)) - No event handler registered for event TypedEvent{payloadType=SafeModeStatus, name='SafeModeStatus'}
2019-08-21 20:56:59,031 [Thread-334] INFO  ipc.CallQueueManager (CallQueueManager.java:<init>(84)) - Using callQueue: class java.util.concurrent.LinkedBlockingQueue, queueCapacity: 2000, scheduler: class org.apache.hadoop.ipc.DefaultRpcScheduler, ipcBackoff: false.
2019-08-21 20:56:59,032 [Socket Reader #1 for port 45955] INFO  ipc.Server (Server.java:run(1074)) - Starting Socket Reader #1 for port 45955
2019-08-21 20:56:59,035 [Thread-334] INFO  ipc.CallQueueManager (CallQueueManager.java:<init>(84)) - Using callQueue: class java.util.concurrent.LinkedBlockingQueue, queueCapacity: 2000, scheduler: class org.apache.hadoop.ipc.DefaultRpcScheduler, ipcBackoff: false.
2019-08-21 20:56:59,035 [Socket Reader #1 for port 44231] INFO  ipc.Server (Server.java:run(1074)) - Starting Socket Reader #1 for port 44231
2019-08-21 20:56:59,037 [Thread-334] INFO  ipc.CallQueueManager (CallQueueManager.java:<init>(84)) - Using callQueue: class java.util.concurrent.LinkedBlockingQueue, queueCapacity: 2000, scheduler: class org.apache.hadoop.ipc.DefaultRpcScheduler, ipcBackoff: false.
2019-08-21 20:56:59,038 [Socket Reader #1 for port 38882] INFO  ipc.Server (Server.java:run(1074)) - Starting Socket Reader #1 for port 38882
2019-08-21 20:56:59,041 [Thread-334] INFO  hdfs.DFSUtil (DFSUtil.java:httpServerTemplateForNNAndJN(1641)) - Starting Web-server for scm at: http://0.0.0.0:0
2019-08-21 20:56:59,044 [Thread-334] INFO  server.AuthenticationFilter (AuthenticationFilter.java:constructSecretProvider(240)) - Unable to initialize FileSignerSecretProvider, falling back to use random secrets.
2019-08-21 20:56:59,045 [Thread-334] WARN  http.HttpRequestLog (HttpRequestLog.java:getRequestLog(97)) - Jetty request log can only be enabled using Log4j
2019-08-21 20:56:59,048 [Thread-334] INFO  http.HttpServer2 (HttpServer2.java:addGlobalFilter(975)) - Added global filter 'safety' (class=org.apache.hadoop.http.HttpServer2$QuotingInputFilter)
2019-08-21 20:56:59,049 [Thread-334] INFO  http.HttpServer2 (HttpServer2.java:addFilter(948)) - Added filter static_user_filter (class=org.apache.hadoop.http.lib.StaticUserWebFilter$StaticUserFilter) to context scm
2019-08-21 20:56:59,049 [Thread-334] INFO  http.HttpServer2 (HttpServer2.java:addFilter(958)) - Added filter static_user_filter (class=org.apache.hadoop.http.lib.StaticUserWebFilter$StaticUserFilter) to context static
2019-08-21 20:56:59,049 [Thread-334] INFO  http.HttpServer2 (HttpServer2.java:addFilter(958)) - Added filter static_user_filter (class=org.apache.hadoop.http.lib.StaticUserWebFilter$StaticUserFilter) to context logs
2019-08-21 20:56:59,053 [Thread-334] INFO  server.StorageContainerManager (StorageContainerManager.java:start(759)) - StorageContainerLocationProtocol RPC server is listening at /0.0.0.0:38882
2019-08-21 20:56:59,056 [Thread-334] WARN  impl.MetricsConfig (MetricsConfig.java:loadFirst(134)) - Cannot locate configuration: tried hadoop-metrics2-storagecontainermanager.properties,hadoop-metrics2.properties
2019-08-21 20:56:59,057 [Thread-334] INFO  impl.MetricsSystemImpl (MetricsSystemImpl.java:startTimer(374)) - Scheduled Metric snapshot period at 10 second(s).
2019-08-21 20:56:59,057 [Thread-334] INFO  impl.MetricsSystemImpl (MetricsSystemImpl.java:start(191)) - StorageContainerManager metrics system started
2019-08-21 20:56:59,117 [Thread-334] INFO  server.SCMClientProtocolServer (SCMClientProtocolServer.java:start(151)) - RPC server for Client  is listening at /0.0.0.0:38882
2019-08-21 20:56:59,118 [IPC Server Responder] INFO  ipc.Server (Server.java:run(1314)) - IPC Server Responder: starting
2019-08-21 20:56:59,118 [IPC Server listener on 38882] INFO  ipc.Server (Server.java:run(1153)) - IPC Server listener on 38882: starting
2019-08-21 20:56:59,121 [Thread-334] INFO  server.StorageContainerManager (StorageContainerManager.java:start(769)) - ScmBlockLocationProtocol RPC server is listening at /0.0.0.0:44231
2019-08-21 20:56:59,121 [Thread-334] INFO  server.SCMBlockProtocolServer (SCMBlockProtocolServer.java:start(140)) - RPC server for Block Protocol is listening at /0.0.0.0:44231
2019-08-21 20:56:59,121 [IPC Server Responder] INFO  ipc.Server (Server.java:run(1314)) - IPC Server Responder: starting
2019-08-21 20:56:59,122 [IPC Server listener on 44231] INFO  ipc.Server (Server.java:run(1153)) - IPC Server listener on 44231: starting
2019-08-21 20:56:59,125 [Thread-334] INFO  server.StorageContainerManager (StorageContainerManager.java:start(773)) - ScmDatanodeProtocl RPC server is listening at /0.0.0.0:45955
2019-08-21 20:56:59,125 [Thread-334] INFO  server.SCMDatanodeProtocolServer (SCMDatanodeProtocolServer.java:start(191)) - RPC server for DataNodes is listening at /0.0.0.0:45955
2019-08-21 20:56:59,126 [IPC Server Responder] INFO  ipc.Server (Server.java:run(1314)) - IPC Server Responder: starting
2019-08-21 20:56:59,126 [IPC Server listener on 45955] INFO  ipc.Server (Server.java:run(1153)) - IPC Server listener on 45955: starting
2019-08-21 20:56:59,130 [Thread-334] INFO  http.HttpServer2 (HttpServer2.java:bindListener(1191)) - Jetty bound to port 34993
2019-08-21 20:56:59,130 [Thread-334] INFO  server.Server (Server.java:doStart(351)) - jetty-9.3.24.v20180605, build timestamp: 2018-06-05T17:11:56Z, git hash: 84205aa28f11a4f31f2a3b86d1bba2cc8ab69827
2019-08-21 20:56:59,132 [Thread-334] INFO  handler.ContextHandler (ContextHandler.java:doStart(781)) - Started o.e.j.s.ServletContextHandler@60e3f42d{/logs,file:///workdir/hadoop-ozone/integration-test/target/log,AVAILABLE}
2019-08-21 20:56:59,133 [Thread-334] INFO  handler.ContextHandler (ContextHandler.java:doStart(781)) - Started o.e.j.s.ServletContextHandler@1384dec7{/static,file:///workdir/hadoop-ozone/integration-test/target/test-classes/webapps/static,AVAILABLE}
2019-08-21 20:56:59,139 [Thread-334] INFO  handler.ContextHandler (ContextHandler.java:doStart(781)) - Started o.e.j.w.WebAppContext@34da392e{/,file:///workdir/hadoop-ozone/integration-test/target/test-classes/webapps/scm/,AVAILABLE}{/scm}
2019-08-21 20:56:59,139 [Thread-334] INFO  server.AbstractConnector (AbstractConnector.java:doStart(278)) - Started ServerConnector@50b17802{HTTP/1.1,[http/1.1]}{0.0.0.0:34993}
2019-08-21 20:56:59,140 [Thread-334] INFO  server.Server (Server.java:doStart(419)) - Started @30560ms
2019-08-21 20:56:59,141 [Thread-334] INFO  server.BaseHttpServer (BaseHttpServer.java:updateConnectorAddress(213)) - HTTP server of SCM is listening at http://0.0.0.0:34993
2019-08-21 20:56:59,142 [Thread-334] WARN  server.ServerUtils (ServerUtils.java:getDBPath(222)) - ozone.om.db.dirs is not configured. We recommend adding this setting. Falling back to ozone.metadata.dirs instead.
2019-08-21 20:56:59,142 [org.apache.hadoop.util.JvmPauseMonitor$Monitor@7bfd0ff6] INFO  util.JvmPauseMonitor (JvmPauseMonitor.java:run(188)) - Starting JVM pause monitor
2019-08-21 20:56:59,157 [Thread-334] WARN  server.ServerUtils (ServerUtils.java:getDBPath(222)) - ozone.om.db.dirs is not configured. We recommend adding this setting. Falling back to ozone.metadata.dirs instead.
2019-08-21 20:56:59,157 [Thread-334] WARN  server.ServerUtils (ServerUtils.java:getDBPath(222)) - ozone.om.db.dirs is not configured. We recommend adding this setting. Falling back to ozone.metadata.dirs instead.
2019-08-21 20:56:59,158 [Thread-334] INFO  om.OzoneManager (OzoneManager.java:setOMNodeDetails(648)) - OM Service ID is not set. Setting it to the default ID: omServiceIdDefault
2019-08-21 20:56:59,158 [Thread-334] INFO  om.OzoneManager (OzoneManager.java:setOMNodeDetails(654)) - OM Node ID is not set. Setting it to the OmStorage's OmID: 7e0c4550-5640-4303-885b-3b8018f3c355
2019-08-21 20:56:59,158 [Thread-334] INFO  om.OzoneManager (OzoneManager.java:loadOMHAConfigs(605)) - Found matching OM address with OMServiceId: null, OMNodeId: null, RPC Address: localhost:0 and Ratis port: 9872
2019-08-21 20:56:59,164 | INFO  | SCMAudit | user=jenkins1000 | ip=192.168.5.165 | op=GET_SCM_INFO null | ret=SUCCESS |  
2019-08-21 20:56:59,167 [Thread-334] WARN  server.ServerUtils (ServerUtils.java:getDBPath(222)) - ozone.om.db.dirs is not configured. We recommend adding this setting. Falling back to ozone.metadata.dirs instead.
2019-08-21 20:56:59,168 [Thread-334] INFO  db.DBStoreBuilder (DBStoreBuilder.java:addTable(110)) - using custom profile for table: userTable
2019-08-21 20:56:59,168 [Thread-334] INFO  db.DBStoreBuilder (DBStoreBuilder.java:processTables(161)) - Using default column profile:DBProfile.DISK for Table:userTable
2019-08-21 20:56:59,168 [Thread-334] INFO  db.DBStoreBuilder (DBStoreBuilder.java:addTable(110)) - using custom profile for table: volumeTable
2019-08-21 20:56:59,168 [Thread-334] INFO  db.DBStoreBuilder (DBStoreBuilder.java:processTables(161)) - Using default column profile:DBProfile.DISK for Table:volumeTable
2019-08-21 20:56:59,169 [Thread-334] INFO  db.DBStoreBuilder (DBStoreBuilder.java:addTable(110)) - using custom profile for table: bucketTable
2019-08-21 20:56:59,169 [Thread-334] INFO  db.DBStoreBuilder (DBStoreBuilder.java:processTables(161)) - Using default column profile:DBProfile.DISK for Table:bucketTable
2019-08-21 20:56:59,169 [Thread-334] INFO  db.DBStoreBuilder (DBStoreBuilder.java:addTable(110)) - using custom profile for table: keyTable
2019-08-21 20:56:59,169 [Thread-334] INFO  db.DBStoreBuilder (DBStoreBuilder.java:processTables(161)) - Using default column profile:DBProfile.DISK for Table:keyTable
2019-08-21 20:56:59,169 [Thread-334] INFO  db.DBStoreBuilder (DBStoreBuilder.java:addTable(110)) - using custom profile for table: deletedTable
2019-08-21 20:56:59,170 [Thread-334] INFO  db.DBStoreBuilder (DBStoreBuilder.java:processTables(161)) - Using default column profile:DBProfile.DISK for Table:deletedTable
2019-08-21 20:56:59,170 [Thread-334] INFO  db.DBStoreBuilder (DBStoreBuilder.java:addTable(110)) - using custom profile for table: openKeyTable
2019-08-21 20:56:59,170 [Thread-334] INFO  db.DBStoreBuilder (DBStoreBuilder.java:processTables(161)) - Using default column profile:DBProfile.DISK for Table:openKeyTable
2019-08-21 20:56:59,170 [Thread-334] INFO  db.DBStoreBuilder (DBStoreBuilder.java:addTable(110)) - using custom profile for table: s3Table
2019-08-21 20:56:59,170 [Thread-334] INFO  db.DBStoreBuilder (DBStoreBuilder.java:processTables(161)) - Using default column profile:DBProfile.DISK for Table:s3Table
2019-08-21 20:56:59,171 [Thread-334] INFO  db.DBStoreBuilder (DBStoreBuilder.java:addTable(110)) - using custom profile for table: multipartInfoTable
2019-08-21 20:56:59,171 [Thread-334] INFO  db.DBStoreBuilder (DBStoreBuilder.java:processTables(161)) - Using default column profile:DBProfile.DISK for Table:multipartInfoTable
2019-08-21 20:56:59,171 [Thread-334] INFO  db.DBStoreBuilder (DBStoreBuilder.java:addTable(110)) - using custom profile for table: dTokenTable
2019-08-21 20:56:59,171 [Thread-334] INFO  db.DBStoreBuilder (DBStoreBuilder.java:processTables(161)) - Using default column profile:DBProfile.DISK for Table:dTokenTable
2019-08-21 20:56:59,171 [Thread-334] INFO  db.DBStoreBuilder (DBStoreBuilder.java:addTable(110)) - using custom profile for table: s3SecretTable
2019-08-21 20:56:59,172 [Thread-334] INFO  db.DBStoreBuilder (DBStoreBuilder.java:processTables(161)) - Using default column profile:DBProfile.DISK for Table:s3SecretTable
2019-08-21 20:56:59,172 [Thread-334] INFO  db.DBStoreBuilder (DBStoreBuilder.java:addTable(110)) - using custom profile for table: prefixTable
2019-08-21 20:56:59,172 [Thread-334] INFO  db.DBStoreBuilder (DBStoreBuilder.java:processTables(161)) - Using default column profile:DBProfile.DISK for Table:prefixTable
2019-08-21 20:56:59,172 [Thread-334] INFO  db.DBStoreBuilder (DBStoreBuilder.java:addTable(110)) - using custom profile for table: default
2019-08-21 20:56:59,172 [Thread-334] INFO  db.DBStoreBuilder (DBStoreBuilder.java:processTables(167)) - Using default column profile:DBProfile.DISK for Table:default
2019-08-21 20:56:59,173 [Thread-334] INFO  db.DBStoreBuilder (DBStoreBuilder.java:getDbProfile(198)) - Using default options. DBProfile.DISK
2019-08-21 20:57:00,093 [Thread-334] INFO  ipc.CallQueueManager (CallQueueManager.java:<init>(84)) - Using callQueue: class java.util.concurrent.LinkedBlockingQueue, queueCapacity: 2000, scheduler: class org.apache.hadoop.ipc.DefaultRpcScheduler, ipcBackoff: false.
2019-08-21 20:57:00,095 [Socket Reader #1 for port 35081] INFO  ipc.Server (Server.java:run(1074)) - Starting Socket Reader #1 for port 35081
2019-08-21 20:57:00,112 [Thread-334] INFO  om.OzoneManager (OzoneManager.java:start(1259)) - OzoneManager RPC server is listening at localhost/127.0.0.1:35081
2019-08-21 20:57:00,113 [Thread-334] INFO  impl.MetricsSystemImpl (MetricsSystemImpl.java:init(158)) - OzoneManager metrics system started (again)
2019-08-21 20:57:00,113 [IPC Server Responder] INFO  ipc.Server (Server.java:run(1314)) - IPC Server Responder: starting
2019-08-21 20:57:00,114 [IPC Server listener on 35081] INFO  ipc.Server (Server.java:run(1153)) - IPC Server listener on 35081: starting
2019-08-21 20:57:00,119 [Thread-334] INFO  hdfs.DFSUtil (DFSUtil.java:httpServerTemplateForNNAndJN(1641)) - Starting Web-server for ozoneManager at: http://0.0.0.0:0
2019-08-21 20:57:00,121 [Thread-334] INFO  server.AuthenticationFilter (AuthenticationFilter.java:constructSecretProvider(240)) - Unable to initialize FileSignerSecretProvider, falling back to use random secrets.
2019-08-21 20:57:00,122 [Thread-334] WARN  http.HttpRequestLog (HttpRequestLog.java:getRequestLog(97)) - Jetty request log can only be enabled using Log4j
2019-08-21 20:57:00,123 [Thread-334] INFO  http.HttpServer2 (HttpServer2.java:addGlobalFilter(975)) - Added global filter 'safety' (class=org.apache.hadoop.http.HttpServer2$QuotingInputFilter)
2019-08-21 20:57:00,124 [Thread-334] INFO  http.HttpServer2 (HttpServer2.java:addFilter(948)) - Added filter static_user_filter (class=org.apache.hadoop.http.lib.StaticUserWebFilter$StaticUserFilter) to context ozoneManager
2019-08-21 20:57:00,124 [Thread-334] INFO  http.HttpServer2 (HttpServer2.java:addFilter(958)) - Added filter static_user_filter (class=org.apache.hadoop.http.lib.StaticUserWebFilter$StaticUserFilter) to context static
2019-08-21 20:57:00,124 [Thread-334] INFO  http.HttpServer2 (HttpServer2.java:addFilter(958)) - Added filter static_user_filter (class=org.apache.hadoop.http.lib.StaticUserWebFilter$StaticUserFilter) to context logs
2019-08-21 20:57:00,125 [Thread-334] INFO  http.HttpServer2 (HttpServer2.java:bindListener(1191)) - Jetty bound to port 34570
2019-08-21 20:57:00,125 [Thread-334] INFO  server.Server (Server.java:doStart(351)) - jetty-9.3.24.v20180605, build timestamp: 2018-06-05T17:11:56Z, git hash: 84205aa28f11a4f31f2a3b86d1bba2cc8ab69827
2019-08-21 20:57:00,128 [Thread-334] INFO  handler.ContextHandler (ContextHandler.java:doStart(781)) - Started o.e.j.s.ServletContextHandler@4a2d2288{/logs,file:///workdir/hadoop-ozone/integration-test/target/log,AVAILABLE}
2019-08-21 20:57:00,128 [Thread-334] INFO  handler.ContextHandler (ContextHandler.java:doStart(781)) - Started o.e.j.s.ServletContextHandler@6b252826{/static,file:///workdir/hadoop-ozone/integration-test/target/test-classes/webapps/static,AVAILABLE}
2019-08-21 20:57:00,133 [Thread-334] INFO  handler.ContextHandler (ContextHandler.java:doStart(781)) - Started o.e.j.w.WebAppContext@74c576d7{/,file:///workdir/hadoop-ozone/integration-test/target/test-classes/webapps/ozoneManager/,AVAILABLE}{/ozoneManager}
2019-08-21 20:57:00,134 [Thread-334] INFO  server.AbstractConnector (AbstractConnector.java:doStart(278)) - Started ServerConnector@278f6742{HTTP/1.1,[http/1.1]}{0.0.0.0:34570}
2019-08-21 20:57:00,134 [Thread-334] INFO  server.Server (Server.java:doStart(419)) - Started @31554ms
2019-08-21 20:57:00,135 [Thread-334] INFO  server.BaseHttpServer (BaseHttpServer.java:updateConnectorAddress(213)) - HTTP server of OZONEMANAGER is listening at http://0.0.0.0:34570
2019-08-21 20:57:00,144 [Thread-334] INFO  impl.MetricsSystemImpl (MetricsSystemImpl.java:init(158)) - HddsDatanode metrics system started (again)
2019-08-21 20:57:00,146 [Thread-334] INFO  ozone.HddsDatanodeService (HddsDatanodeService.java:start(184)) - HddsDatanodeService host:pr-hdds-1347-9b9ps-3331872021 ip:192.168.5.165
2019-08-21 20:57:00,155 [Thread-334] INFO  volume.HddsVolume (HddsVolume.java:<init>(176)) - Creating Volume: /workdir/hadoop-ozone/integration-test/target/test-dir/MiniOzoneClusterImpl-d93be911-e5ce-4644-bc64-a6ecf0977318/datanode-0/data/containers/hdds of  storage type : DISK and capacity : 1482555576320
2019-08-21 20:57:00,155 [Thread-334] INFO  volume.VolumeSet (VolumeSet.java:initializeVolumeSet(170)) - Added Volume : /workdir/hadoop-ozone/integration-test/target/test-dir/MiniOzoneClusterImpl-d93be911-e5ce-4644-bc64-a6ecf0977318/datanode-0/data/containers/hdds to VolumeSet
2019-08-21 20:57:00,155 [Thread-334] INFO  volume.ThrottledAsyncChecker (ThrottledAsyncChecker.java:schedule(140)) - Scheduling a check for org.apache.hadoop.ozone.container.common.volume.HddsVolume@42f7cd1
2019-08-21 20:57:00,156 [Thread-334] INFO  volume.HddsVolumeChecker (HddsVolumeChecker.java:checkAllVolumes(203)) - Scheduled health check for volume org.apache.hadoop.ozone.container.common.volume.HddsVolume@42f7cd1
2019-08-21 20:57:00,174 [Thread-334] INFO  impl.RaftServerProxy (ConfUtils.java:logGet(43)) - raft.rpc.type = GRPC (default)
2019-08-21 20:57:00,174 [Thread-334] INFO  grpc.GrpcFactory (GrpcFactory.java:checkPooledByteBufAllocatorUseCacheForAllThreads(45)) - PERFORMANCE WARNING: useCacheForAllThreads is true that may cause Netty to create a lot garbage objects and, as a result, trigger GC.
	It is recommended to disable useCacheForAllThreads by setting -Dorg.apache.ratis.thirdparty.io.netty.allocator.useCacheForAllThreads=false in command line.
2019-08-21 20:57:00,174 [Thread-334] INFO  grpc.GrpcConfigKeys$Server (ConfUtils.java:logGet(43)) - raft.grpc.server.port = 0 (default)
2019-08-21 20:57:00,175 [Thread-334] INFO  server.GrpcService (ConfUtils.java:logGet(43)) - raft.grpc.message.size.max = 33570816 (custom)
2019-08-21 20:57:00,175 [Thread-334] INFO  server.RaftServerConfigKeys (ConfUtils.java:logGet(43)) - raft.server.log.appender.buffer.byte-limit = 33554432 (custom)
2019-08-21 20:57:00,175 [Thread-334] INFO  server.GrpcService (ConfUtils.java:logGet(43)) - raft.grpc.flow.control.window = 1MB (=1048576) (default)
2019-08-21 20:57:00,176 [Thread-334] INFO  server.RaftServerConfigKeys (ConfUtils.java:logGet(43)) - raft.server.rpc.request.timeout = 3000ms (default)
2019-08-21 20:57:00,176 [Thread-334] INFO  server.RaftServerConfigKeys (ConfUtils.java:logGet(43)) - raft.server.storage.dir = [/workdir/hadoop-ozone/integration-test/target/test-dir/MiniOzoneClusterImpl-d93be911-e5ce-4644-bc64-a6ecf0977318/datanode-0/data/ratis] (custom)
2019-08-21 20:57:00,177 [Thread-334] INFO  replication.SimpleContainerDownloader (SimpleContainerDownloader.java:<init>(72)) - Starting container downloader service to copy containers to replicate.
2019-08-21 20:57:00,178 [Thread-334] INFO  hdfs.DFSUtil (DFSUtil.java:httpServerTemplateForNNAndJN(1641)) - Starting Web-server for hddsDatanode at: http://0.0.0.0:0
2019-08-21 20:57:00,180 [Thread-334] INFO  server.AuthenticationFilter (AuthenticationFilter.java:constructSecretProvider(240)) - Unable to initialize FileSignerSecretProvider, falling back to use random secrets.
2019-08-21 20:57:00,180 [Thread-334] WARN  http.HttpRequestLog (HttpRequestLog.java:getRequestLog(97)) - Jetty request log can only be enabled using Log4j
2019-08-21 20:57:00,182 [Thread-334] INFO  http.HttpServer2 (HttpServer2.java:addGlobalFilter(975)) - Added global filter 'safety' (class=org.apache.hadoop.http.HttpServer2$QuotingInputFilter)
2019-08-21 20:57:00,183 [Thread-334] INFO  http.HttpServer2 (HttpServer2.java:addFilter(948)) - Added filter static_user_filter (class=org.apache.hadoop.http.lib.StaticUserWebFilter$StaticUserFilter) to context hddsDatanode
2019-08-21 20:57:00,183 [Thread-334] INFO  http.HttpServer2 (HttpServer2.java:addFilter(958)) - Added filter static_user_filter (class=org.apache.hadoop.http.lib.StaticUserWebFilter$StaticUserFilter) to context logs
2019-08-21 20:57:00,183 [Thread-334] INFO  http.HttpServer2 (HttpServer2.java:addFilter(958)) - Added filter static_user_filter (class=org.apache.hadoop.http.lib.StaticUserWebFilter$StaticUserFilter) to context static
2019-08-21 20:57:00,184 [Thread-334] INFO  http.HttpServer2 (HttpServer2.java:bindListener(1191)) - Jetty bound to port 33359
2019-08-21 20:57:00,184 [Thread-334] INFO  server.Server (Server.java:doStart(351)) - jetty-9.3.24.v20180605, build timestamp: 2018-06-05T17:11:56Z, git hash: 84205aa28f11a4f31f2a3b86d1bba2cc8ab69827
2019-08-21 20:57:00,186 [Thread-334] INFO  handler.ContextHandler (ContextHandler.java:doStart(781)) - Started o.e.j.s.ServletContextHandler@447611d0{/logs,file:///workdir/hadoop-ozone/integration-test/target/log,AVAILABLE}
2019-08-21 20:57:00,187 [Thread-334] INFO  handler.ContextHandler (ContextHandler.java:doStart(781)) - Started o.e.j.s.ServletContextHandler@1b442109{/static,jar:file:/home/user/.m2/repository/org/apache/hadoop/hadoop-hdds-container-service/0.5.0-SNAPSHOT/hadoop-hdds-container-service-0.5.0-SNAPSHOT.jar!/webapps/static,AVAILABLE}
2019-08-21 20:57:00,217 [Thread-334] INFO  handler.ContextHandler (ContextHandler.java:doStart(781)) - Started o.e.j.w.WebAppContext@3a63d72e{/,file:///tmp/jetty-0.0.0.0-33359-hddsDatanode-_-any-2197824416211919601.dir/webapp/,AVAILABLE}{/hddsDatanode}
2019-08-21 20:57:00,217 [Thread-334] INFO  server.AbstractConnector (AbstractConnector.java:doStart(278)) - Started ServerConnector@5ab64daa{HTTP/1.1,[http/1.1]}{0.0.0.0:33359}
2019-08-21 20:57:00,218 [Thread-334] INFO  server.Server (Server.java:doStart(419)) - Started @31638ms
2019-08-21 20:57:00,219 [Thread-334] INFO  server.BaseHttpServer (BaseHttpServer.java:updateConnectorAddress(213)) - HTTP server of HDDSDATANODE is listening at http://0.0.0.0:33359
2019-08-21 20:57:00,400 | INFO  | ObjectStoreRestHttpServer | Listening HDDS REST traffic on /0.0.0.0:43251 |  
2019-08-21 20:57:00,400 [Thread-334] INFO  ozone.HddsDatanodeService (HddsDatanodeService.java:startPlugins(395)) - Started plug-in org.apache.hadoop.ozone.web.OzoneHddsDatanodeService@4cd38582
2019-08-21 20:57:00,400 [Thread-334] INFO  impl.MetricsSystemImpl (MetricsSystemImpl.java:init(158)) - HddsDatanode metrics system started (again)
2019-08-21 20:57:00,403 [org.apache.hadoop.util.JvmPauseMonitor$Monitor@5c0cb7c6] INFO  util.JvmPauseMonitor (JvmPauseMonitor.java:run(188)) - Starting JVM pause monitor
2019-08-21 20:57:00,403 [Thread-334] INFO  ozone.HddsDatanodeService (HddsDatanodeService.java:start(184)) - HddsDatanodeService host:pr-hdds-1347-9b9ps-3331872021 ip:192.168.5.165
2019-08-21 20:57:00,406 [Datanode State Machine Thread - 0] INFO  datanode.InitDatanodeState (InitDatanodeState.java:persistContainerDatanodeDetails(140)) - DatanodeDetails is persisted to /workdir/hadoop-ozone/integration-test/target/test-dir/MiniOzoneClusterImpl-d93be911-e5ce-4644-bc64-a6ecf0977318/datanode-0/meta/datanode.id
2019-08-21 20:57:00,410 [Thread-334] INFO  volume.HddsVolume (HddsVolume.java:<init>(176)) - Creating Volume: /workdir/hadoop-ozone/integration-test/target/test-dir/MiniOzoneClusterImpl-d93be911-e5ce-4644-bc64-a6ecf0977318/datanode-1/data/containers/hdds of  storage type : DISK and capacity : 1482555576320
2019-08-21 20:57:00,410 [Thread-334] INFO  volume.VolumeSet (VolumeSet.java:initializeVolumeSet(170)) - Added Volume : /workdir/hadoop-ozone/integration-test/target/test-dir/MiniOzoneClusterImpl-d93be911-e5ce-4644-bc64-a6ecf0977318/datanode-1/data/containers/hdds to VolumeSet
2019-08-21 20:57:00,411 [Thread-334] INFO  volume.ThrottledAsyncChecker (ThrottledAsyncChecker.java:schedule(140)) - Scheduling a check for org.apache.hadoop.ozone.container.common.volume.HddsVolume@77c49dce
2019-08-21 20:57:00,411 [Thread-334] INFO  volume.HddsVolumeChecker (HddsVolumeChecker.java:checkAllVolumes(203)) - Scheduled health check for volume org.apache.hadoop.ozone.container.common.volume.HddsVolume@77c49dce
2019-08-21 20:57:00,432 [Thread-334] INFO  impl.RaftServerProxy (ConfUtils.java:logGet(43)) - raft.rpc.type = GRPC (default)
2019-08-21 20:57:00,433 [Thread-334] INFO  grpc.GrpcFactory (GrpcFactory.java:checkPooledByteBufAllocatorUseCacheForAllThreads(45)) - PERFORMANCE WARNING: useCacheForAllThreads is true that may cause Netty to create a lot garbage objects and, as a result, trigger GC.
	It is recommended to disable useCacheForAllThreads by setting -Dorg.apache.ratis.thirdparty.io.netty.allocator.useCacheForAllThreads=false in command line.
2019-08-21 20:57:00,433 [Thread-334] INFO  grpc.GrpcConfigKeys$Server (ConfUtils.java:logGet(43)) - raft.grpc.server.port = 0 (default)
2019-08-21 20:57:00,433 [Thread-334] INFO  server.GrpcService (ConfUtils.java:logGet(43)) - raft.grpc.message.size.max = 33570816 (custom)
2019-08-21 20:57:00,433 [Thread-334] INFO  server.RaftServerConfigKeys (ConfUtils.java:logGet(43)) - raft.server.log.appender.buffer.byte-limit = 33554432 (custom)
2019-08-21 20:57:00,433 [Thread-334] INFO  server.GrpcService (ConfUtils.java:logGet(43)) - raft.grpc.flow.control.window = 1MB (=1048576) (default)
2019-08-21 20:57:00,434 [Thread-334] INFO  server.RaftServerConfigKeys (ConfUtils.java:logGet(43)) - raft.server.rpc.request.timeout = 3000ms (default)
2019-08-21 20:57:00,434 [Thread-334] INFO  server.RaftServerConfigKeys (ConfUtils.java:logGet(43)) - raft.server.storage.dir = [/workdir/hadoop-ozone/integration-test/target/test-dir/MiniOzoneClusterImpl-d93be911-e5ce-4644-bc64-a6ecf0977318/datanode-1/data/ratis] (custom)
2019-08-21 20:57:00,435 [Thread-334] INFO  replication.SimpleContainerDownloader (SimpleContainerDownloader.java:<init>(72)) - Starting container downloader service to copy containers to replicate.
2019-08-21 20:57:00,436 [Thread-334] INFO  hdfs.DFSUtil (DFSUtil.java:httpServerTemplateForNNAndJN(1641)) - Starting Web-server for hddsDatanode at: http://0.0.0.0:0
2019-08-21 20:57:00,438 [Thread-334] INFO  server.AuthenticationFilter (AuthenticationFilter.java:constructSecretProvider(240)) - Unable to initialize FileSignerSecretProvider, falling back to use random secrets.
2019-08-21 20:57:00,438 [Thread-334] WARN  http.HttpRequestLog (HttpRequestLog.java:getRequestLog(97)) - Jetty request log can only be enabled using Log4j
2019-08-21 20:57:00,440 [Thread-334] INFO  http.HttpServer2 (HttpServer2.java:addGlobalFilter(975)) - Added global filter 'safety' (class=org.apache.hadoop.http.HttpServer2$QuotingInputFilter)
2019-08-21 20:57:00,441 [Thread-334] INFO  http.HttpServer2 (HttpServer2.java:addFilter(948)) - Added filter static_user_filter (class=org.apache.hadoop.http.lib.StaticUserWebFilter$StaticUserFilter) to context hddsDatanode
2019-08-21 20:57:00,442 [Thread-334] INFO  http.HttpServer2 (HttpServer2.java:addFilter(958)) - Added filter static_user_filter (class=org.apache.hadoop.http.lib.StaticUserWebFilter$StaticUserFilter) to context static
2019-08-21 20:57:00,442 [Thread-334] INFO  http.HttpServer2 (HttpServer2.java:addFilter(958)) - Added filter static_user_filter (class=org.apache.hadoop.http.lib.StaticUserWebFilter$StaticUserFilter) to context logs
2019-08-21 20:57:00,443 [Thread-334] INFO  http.HttpServer2 (HttpServer2.java:bindListener(1191)) - Jetty bound to port 34925
2019-08-21 20:57:00,443 [Thread-334] INFO  server.Server (Server.java:doStart(351)) - jetty-9.3.24.v20180605, build timestamp: 2018-06-05T17:11:56Z, git hash: 84205aa28f11a4f31f2a3b86d1bba2cc8ab69827
2019-08-21 20:57:00,445 [Thread-334] INFO  handler.ContextHandler (ContextHandler.java:doStart(781)) - Started o.e.j.s.ServletContextHandler@59d08286{/logs,file:///workdir/hadoop-ozone/integration-test/target/log,AVAILABLE}
2019-08-21 20:57:00,445 [Thread-334] INFO  handler.ContextHandler (ContextHandler.java:doStart(781)) - Started o.e.j.s.ServletContextHandler@14d4d994{/static,jar:file:/home/user/.m2/repository/org/apache/hadoop/hadoop-hdds-container-service/0.5.0-SNAPSHOT/hadoop-hdds-container-service-0.5.0-SNAPSHOT.jar!/webapps/static,AVAILABLE}
2019-08-21 20:57:00,475 [Thread-334] INFO  handler.ContextHandler (ContextHandler.java:doStart(781)) - Started o.e.j.w.WebAppContext@13ae76ed{/,file:///tmp/jetty-0.0.0.0-34925-hddsDatanode-_-any-4834663524997332329.dir/webapp/,AVAILABLE}{/hddsDatanode}
2019-08-21 20:57:00,476 [Thread-334] INFO  server.AbstractConnector (AbstractConnector.java:doStart(278)) - Started ServerConnector@59007072{HTTP/1.1,[http/1.1]}{0.0.0.0:34925}
2019-08-21 20:57:00,477 [Thread-334] INFO  server.Server (Server.java:doStart(419)) - Started @31897ms
2019-08-21 20:57:00,478 [Thread-334] INFO  server.BaseHttpServer (BaseHttpServer.java:updateConnectorAddress(213)) - HTTP server of HDDSDATANODE is listening at http://0.0.0.0:34925
2019-08-21 20:57:00,646 | INFO  | ObjectStoreRestHttpServer | Listening HDDS REST traffic on /0.0.0.0:41909 |  
2019-08-21 20:57:00,646 [Thread-334] INFO  ozone.HddsDatanodeService (HddsDatanodeService.java:startPlugins(395)) - Started plug-in org.apache.hadoop.ozone.web.OzoneHddsDatanodeService@6b5f5c04
2019-08-21 20:57:00,646 [Thread-334] INFO  impl.MetricsSystemImpl (MetricsSystemImpl.java:init(158)) - HddsDatanode metrics system started (again)
2019-08-21 20:57:00,650 [org.apache.hadoop.util.JvmPauseMonitor$Monitor@4d9c05e6] INFO  util.JvmPauseMonitor (JvmPauseMonitor.java:run(188)) - Starting JVM pause monitor
2019-08-21 20:57:00,650 [Thread-334] INFO  ozone.HddsDatanodeService (HddsDatanodeService.java:start(184)) - HddsDatanodeService host:pr-hdds-1347-9b9ps-3331872021 ip:192.168.5.165
2019-08-21 20:57:00,652 [Datanode State Machine Thread - 0] INFO  datanode.InitDatanodeState (InitDatanodeState.java:persistContainerDatanodeDetails(140)) - DatanodeDetails is persisted to /workdir/hadoop-ozone/integration-test/target/test-dir/MiniOzoneClusterImpl-d93be911-e5ce-4644-bc64-a6ecf0977318/datanode-1/meta/datanode.id
2019-08-21 20:57:00,657 [Thread-334] INFO  volume.HddsVolume (HddsVolume.java:<init>(176)) - Creating Volume: /workdir/hadoop-ozone/integration-test/target/test-dir/MiniOzoneClusterImpl-d93be911-e5ce-4644-bc64-a6ecf0977318/datanode-2/data/containers/hdds of  storage type : DISK and capacity : 1482555576320
2019-08-21 20:57:00,657 [Thread-334] INFO  volume.VolumeSet (VolumeSet.java:initializeVolumeSet(170)) - Added Volume : /workdir/hadoop-ozone/integration-test/target/test-dir/MiniOzoneClusterImpl-d93be911-e5ce-4644-bc64-a6ecf0977318/datanode-2/data/containers/hdds to VolumeSet
2019-08-21 20:57:00,658 [Thread-334] INFO  volume.ThrottledAsyncChecker (ThrottledAsyncChecker.java:schedule(140)) - Scheduling a check for org.apache.hadoop.ozone.container.common.volume.HddsVolume@6a54140a
2019-08-21 20:57:00,658 [Thread-334] INFO  volume.HddsVolumeChecker (HddsVolumeChecker.java:checkAllVolumes(203)) - Scheduled health check for volume org.apache.hadoop.ozone.container.common.volume.HddsVolume@6a54140a
2019-08-21 20:57:00,678 [Thread-334] INFO  impl.RaftServerProxy (ConfUtils.java:logGet(43)) - raft.rpc.type = GRPC (default)
2019-08-21 20:57:00,678 [Thread-334] INFO  grpc.GrpcFactory (GrpcFactory.java:checkPooledByteBufAllocatorUseCacheForAllThreads(45)) - PERFORMANCE WARNING: useCacheForAllThreads is true that may cause Netty to create a lot garbage objects and, as a result, trigger GC.
	It is recommended to disable useCacheForAllThreads by setting -Dorg.apache.ratis.thirdparty.io.netty.allocator.useCacheForAllThreads=false in command line.
2019-08-21 20:57:00,678 [Thread-334] INFO  grpc.GrpcConfigKeys$Server (ConfUtils.java:logGet(43)) - raft.grpc.server.port = 0 (default)
2019-08-21 20:57:00,678 [Thread-334] INFO  server.GrpcService (ConfUtils.java:logGet(43)) - raft.grpc.message.size.max = 33570816 (custom)
2019-08-21 20:57:00,678 [Thread-334] INFO  server.RaftServerConfigKeys (ConfUtils.java:logGet(43)) - raft.server.log.appender.buffer.byte-limit = 33554432 (custom)
2019-08-21 20:57:00,679 [Thread-334] INFO  server.GrpcService (ConfUtils.java:logGet(43)) - raft.grpc.flow.control.window = 1MB (=1048576) (default)
2019-08-21 20:57:00,679 [Thread-334] INFO  server.RaftServerConfigKeys (ConfUtils.java:logGet(43)) - raft.server.rpc.request.timeout = 3000ms (default)
2019-08-21 20:57:00,679 [Thread-334] INFO  server.RaftServerConfigKeys (ConfUtils.java:logGet(43)) - raft.server.storage.dir = [/workdir/hadoop-ozone/integration-test/target/test-dir/MiniOzoneClusterImpl-d93be911-e5ce-4644-bc64-a6ecf0977318/datanode-2/data/ratis] (custom)
2019-08-21 20:57:00,680 [Thread-334] INFO  replication.SimpleContainerDownloader (SimpleContainerDownloader.java:<init>(72)) - Starting container downloader service to copy containers to replicate.
2019-08-21 20:57:00,681 [Thread-334] INFO  hdfs.DFSUtil (DFSUtil.java:httpServerTemplateForNNAndJN(1641)) - Starting Web-server for hddsDatanode at: http://0.0.0.0:0
2019-08-21 20:57:00,682 [Thread-334] INFO  server.AuthenticationFilter (AuthenticationFilter.java:constructSecretProvider(240)) - Unable to initialize FileSignerSecretProvider, falling back to use random secrets.
2019-08-21 20:57:00,683 [Thread-334] WARN  http.HttpRequestLog (HttpRequestLog.java:getRequestLog(97)) - Jetty request log can only be enabled using Log4j
2019-08-21 20:57:00,685 [Thread-334] INFO  http.HttpServer2 (HttpServer2.java:addGlobalFilter(975)) - Added global filter 'safety' (class=org.apache.hadoop.http.HttpServer2$QuotingInputFilter)
2019-08-21 20:57:00,685 [Thread-334] INFO  http.HttpServer2 (HttpServer2.java:addFilter(948)) - Added filter static_user_filter (class=org.apache.hadoop.http.lib.StaticUserWebFilter$StaticUserFilter) to context hddsDatanode
2019-08-21 20:57:00,686 [Thread-334] INFO  http.HttpServer2 (HttpServer2.java:addFilter(958)) - Added filter static_user_filter (class=org.apache.hadoop.http.lib.StaticUserWebFilter$StaticUserFilter) to context static
2019-08-21 20:57:00,686 [Thread-334] INFO  http.HttpServer2 (HttpServer2.java:addFilter(958)) - Added filter static_user_filter (class=org.apache.hadoop.http.lib.StaticUserWebFilter$StaticUserFilter) to context logs
2019-08-21 20:57:00,686 [Thread-334] INFO  http.HttpServer2 (HttpServer2.java:bindListener(1191)) - Jetty bound to port 37343
2019-08-21 20:57:00,686 [Thread-334] INFO  server.Server (Server.java:doStart(351)) - jetty-9.3.24.v20180605, build timestamp: 2018-06-05T17:11:56Z, git hash: 84205aa28f11a4f31f2a3b86d1bba2cc8ab69827
2019-08-21 20:57:00,688 [Thread-334] INFO  handler.ContextHandler (ContextHandler.java:doStart(781)) - Started o.e.j.s.ServletContextHandler@4db60f4{/logs,file:///workdir/hadoop-ozone/integration-test/target/log,AVAILABLE}
2019-08-21 20:57:00,689 [Thread-334] INFO  handler.ContextHandler (ContextHandler.java:doStart(781)) - Started o.e.j.s.ServletContextHandler@75f90a23{/static,jar:file:/home/user/.m2/repository/org/apache/hadoop/hadoop-hdds-container-service/0.5.0-SNAPSHOT/hadoop-hdds-container-service-0.5.0-SNAPSHOT.jar!/webapps/static,AVAILABLE}
2019-08-21 20:57:00,716 [Thread-334] INFO  handler.ContextHandler (ContextHandler.java:doStart(781)) - Started o.e.j.w.WebAppContext@6aa18028{/,file:///tmp/jetty-0.0.0.0-37343-hddsDatanode-_-any-2401757273090563743.dir/webapp/,AVAILABLE}{/hddsDatanode}
2019-08-21 20:57:00,716 [Thread-334] INFO  server.AbstractConnector (AbstractConnector.java:doStart(278)) - Started ServerConnector@325d1dc7{HTTP/1.1,[http/1.1]}{0.0.0.0:37343}
2019-08-21 20:57:00,717 [Thread-334] INFO  server.Server (Server.java:doStart(419)) - Started @32137ms
2019-08-21 20:57:00,718 [Thread-334] INFO  server.BaseHttpServer (BaseHttpServer.java:updateConnectorAddress(213)) - HTTP server of HDDSDATANODE is listening at http://0.0.0.0:37343
2019-08-21 20:57:00,856 | INFO  | ObjectStoreRestHttpServer | Listening HDDS REST traffic on /0.0.0.0:42366 |  
2019-08-21 20:57:00,856 [Thread-334] INFO  ozone.HddsDatanodeService (HddsDatanodeService.java:startPlugins(395)) - Started plug-in org.apache.hadoop.ozone.web.OzoneHddsDatanodeService@7a3602cb
2019-08-21 20:57:00,857 [Thread-334] INFO  ozone.MiniOzoneClusterImpl (MiniOzoneClusterImpl.java:lambda$waitForClusterToBeReady$0(142)) - Waiting for cluster to be ready. Got 0 of 3 DN Heartbeats.
2019-08-21 20:57:00,859 [org.apache.hadoop.util.JvmPauseMonitor$Monitor@218b33c9] INFO  util.JvmPauseMonitor (JvmPauseMonitor.java:run(188)) - Starting JVM pause monitor
2019-08-21 20:57:00,862 [Datanode State Machine Thread - 0] INFO  datanode.InitDatanodeState (InitDatanodeState.java:persistContainerDatanodeDetails(140)) - DatanodeDetails is persisted to /workdir/hadoop-ozone/integration-test/target/test-dir/MiniOzoneClusterImpl-d93be911-e5ce-4644-bc64-a6ecf0977318/datanode-2/meta/datanode.id
2019-08-21 20:57:01,858 [Thread-334] INFO  ozone.MiniOzoneClusterImpl (MiniOzoneClusterImpl.java:lambda$waitForClusterToBeReady$0(142)) - Waiting for cluster to be ready. Got 0 of 3 DN Heartbeats.
2019-08-21 20:57:02,408 | INFO  | SCMAudit | user=jenkins1000 | ip=192.168.5.165 | op=GET_VERSION null | ret=SUCCESS |  
2019-08-21 20:57:02,424 [Datanode State Machine Thread - 0] INFO  ozoneimpl.OzoneContainer (OzoneContainer.java:start(186)) - Attempting to start container services.
2019-08-21 20:57:02,427 [Datanode State Machine Thread - 0] INFO  ozoneimpl.OzoneContainer (OzoneContainer.java:startContainerScrub(160)) - Background container scrubber has been disabled by hdds.containerscrub.enabled
2019-08-21 20:57:02,427 [Datanode State Machine Thread - 0] INFO  ratis.XceiverServerRatis (XceiverServerRatis.java:start(404)) - Starting XceiverServerRatis b625f10f-96c1-4aa8-a736-6a0ae2c5cd47 at port 0
2019-08-21 20:57:02,434 [Datanode State Machine Thread - 0] INFO  impl.RaftServerProxy (RaftServerProxy.java:lambda$start$3(299)) - b625f10f-96c1-4aa8-a736-6a0ae2c5cd47: start RPC server
2019-08-21 20:57:02,436 [Datanode State Machine Thread - 0] INFO  server.GrpcService (GrpcService.java:startImpl(149)) - b625f10f-96c1-4aa8-a736-6a0ae2c5cd47: GrpcService started, listening on 0.0.0.0/0.0.0.0:35979
2019-08-21 20:57:02,437 [Datanode State Machine Thread - 0] INFO  ratis.XceiverServerRatis (XceiverServerRatis.java:start(414)) - XceiverServerRatis b625f10f-96c1-4aa8-a736-6a0ae2c5cd47 is started using port 35979
2019-08-21 20:57:02,437 [Datanode State Machine Thread - 0] INFO  server.XceiverServerGrpc (XceiverServerGrpc.java:start(161)) - XceiverServerGrpc b625f10f-96c1-4aa8-a736-6a0ae2c5cd47 is started using port 43420
2019-08-21 20:57:02,652 | INFO  | SCMAudit | user=jenkins1000 | ip=192.168.5.165 | op=GET_VERSION null | ret=SUCCESS |  
2019-08-21 20:57:02,679 [Datanode State Machine Thread - 0] INFO  ozoneimpl.OzoneContainer (OzoneContainer.java:start(186)) - Attempting to start container services.
2019-08-21 20:57:02,679 [Datanode State Machine Thread - 0] INFO  ozoneimpl.OzoneContainer (OzoneContainer.java:startContainerScrub(160)) - Background container scrubber has been disabled by hdds.containerscrub.enabled
2019-08-21 20:57:02,679 [Datanode State Machine Thread - 0] INFO  ratis.XceiverServerRatis (XceiverServerRatis.java:start(404)) - Starting XceiverServerRatis a012690b-0000-4e4f-94e2-81cdbc8d1e43 at port 0
2019-08-21 20:57:02,689 [Datanode State Machine Thread - 0] INFO  impl.RaftServerProxy (RaftServerProxy.java:lambda$start$3(299)) - a012690b-0000-4e4f-94e2-81cdbc8d1e43: start RPC server
2019-08-21 20:57:02,690 [Datanode State Machine Thread - 0] INFO  server.GrpcService (GrpcService.java:startImpl(149)) - a012690b-0000-4e4f-94e2-81cdbc8d1e43: GrpcService started, listening on 0.0.0.0/0.0.0.0:41338
2019-08-21 20:57:02,690 [Datanode State Machine Thread - 0] INFO  ratis.XceiverServerRatis (XceiverServerRatis.java:start(414)) - XceiverServerRatis a012690b-0000-4e4f-94e2-81cdbc8d1e43 is started using port 41338
2019-08-21 20:57:02,692 [Datanode State Machine Thread - 0] INFO  server.XceiverServerGrpc (XceiverServerGrpc.java:start(161)) - XceiverServerGrpc a012690b-0000-4e4f-94e2-81cdbc8d1e43 is started using port 42655
2019-08-21 20:57:02,858 [Thread-334] INFO  ozone.MiniOzoneClusterImpl (MiniOzoneClusterImpl.java:lambda$waitForClusterToBeReady$0(142)) - Waiting for cluster to be ready. Got 0 of 3 DN Heartbeats.
2019-08-21 20:57:02,861 | INFO  | SCMAudit | user=jenkins1000 | ip=192.168.5.165 | op=GET_VERSION null | ret=SUCCESS |  
2019-08-21 20:57:02,887 [Datanode State Machine Thread - 0] INFO  ozoneimpl.OzoneContainer (OzoneContainer.java:start(186)) - Attempting to start container services.
2019-08-21 20:57:02,887 [Datanode State Machine Thread - 0] INFO  ozoneimpl.OzoneContainer (OzoneContainer.java:startContainerScrub(160)) - Background container scrubber has been disabled by hdds.containerscrub.enabled
2019-08-21 20:57:02,888 [Datanode State Machine Thread - 0] INFO  ratis.XceiverServerRatis (XceiverServerRatis.java:start(404)) - Starting XceiverServerRatis eea39f38-c3f6-433c-b3e8-04d870fd166b at port 0
2019-08-21 20:57:02,894 [Datanode State Machine Thread - 0] INFO  impl.RaftServerProxy (RaftServerProxy.java:lambda$start$3(299)) - eea39f38-c3f6-433c-b3e8-04d870fd166b: start RPC server
2019-08-21 20:57:02,896 [Datanode State Machine Thread - 0] INFO  server.GrpcService (GrpcService.java:startImpl(149)) - eea39f38-c3f6-433c-b3e8-04d870fd166b: GrpcService started, listening on 0.0.0.0/0.0.0.0:43414
2019-08-21 20:57:02,896 [Datanode State Machine Thread - 0] INFO  ratis.XceiverServerRatis (XceiverServerRatis.java:start(414)) - XceiverServerRatis eea39f38-c3f6-433c-b3e8-04d870fd166b is started using port 43414
2019-08-21 20:57:02,896 [Datanode State Machine Thread - 0] INFO  server.XceiverServerGrpc (XceiverServerGrpc.java:start(161)) - XceiverServerGrpc eea39f38-c3f6-433c-b3e8-04d870fd166b is started using port 45246
2019-08-21 20:57:03,859 [Thread-334] INFO  ozone.MiniOzoneClusterImpl (MiniOzoneClusterImpl.java:lambda$waitForClusterToBeReady$0(142)) - Waiting for cluster to be ready. Got 0 of 3 DN Heartbeats.
2019-08-21 20:57:04,409 [IPC Server handler 0 on 45955] INFO  net.NetworkTopology (NetworkTopologyImpl.java:add(110)) - Added a new node: /default-rack/b625f10f-96c1-4aa8-a736-6a0ae2c5cd47
2019-08-21 20:57:04,411 [IPC Server handler 0 on 45955] INFO  node.SCMNodeManager (SCMNodeManager.java:register(273)) - Registered Data node : b625f10f-96c1-4aa8-a736-6a0ae2c5cd47{ip: 192.168.5.165, host: pr-hdds-1347-9b9ps-3331872021, networkLocation: /default-rack, certSerialId: null}
2019-08-21 20:57:04,413 [EventQueue-NodeRegistrationContainerReportForDataNodeSafeModeRule] INFO  safemode.SCMSafeModeManager (DataNodeSafeModeRule.java:process(71)) - SCM in safe mode. 1 DataNodes registered, 1 required.
2019-08-21 20:57:04,414 [EventQueue-NodeRegistrationContainerReportForDataNodeSafeModeRule] INFO  safemode.SCMSafeModeManager (SCMSafeModeManager.java:validateSafeModeExitRules(177)) - ScmSafeModeManager, all rules are successfully validated
2019-08-21 20:57:04,414 [EventQueue-NodeRegistrationContainerReportForDataNodeSafeModeRule] INFO  safemode.SCMSafeModeManager (SCMSafeModeManager.java:exitSafeMode(193)) - SCM exiting safe mode.
2019-08-21 20:57:04,414 | INFO  | SCMAudit | user=jenkins1000 | ip=192.168.5.165 | op=REGISTER {datanodeDetails=b625f10f-96c1-4aa8-a736-6a0ae2c5cd47{ip: 192.168.5.165, host: pr-hdds-1347-9b9ps-3331872021, networkLocation: /default-rack, certSerialId: null}} | ret=SUCCESS |  
2019-08-21 20:57:04,436 [grpc-default-executor-0] INFO  impl.RaftServerProxy (RaftServerProxy.java:addNew(89)) - b625f10f-96c1-4aa8-a736-6a0ae2c5cd47: addNew group-DEEFF3A4C9B5:[b625f10f-96c1-4aa8-a736-6a0ae2c5cd47:192.168.5.165:35979] returns group-DEEFF3A4C9B5:java.util.concurrent.CompletableFuture@6523b44c[Not completed]
2019-08-21 20:57:04,438 [pool-113-thread-1] INFO  impl.RaftServerImpl (RaftServerImpl.java:<init>(93)) - b625f10f-96c1-4aa8-a736-6a0ae2c5cd47: new RaftServerImpl for group-DEEFF3A4C9B5:[b625f10f-96c1-4aa8-a736-6a0ae2c5cd47:192.168.5.165:35979] with ContainerStateMachine:uninitialized
2019-08-21 20:57:04,438 [pool-113-thread-1] INFO  server.RaftServerConfigKeys (ConfUtils.java:logGet(43)) - raft.server.rpc.timeout.min = 5s (custom)
2019-08-21 20:57:04,438 [pool-113-thread-1] INFO  server.RaftServerConfigKeys (ConfUtils.java:logGet(43)) - raft.server.rpc.timeout.max = 5200ms (custom)
2019-08-21 20:57:04,439 [pool-113-thread-1] INFO  server.RaftServerConfigKeys (ConfUtils.java:logGet(43)) - raft.server.rpcslowness.timeout = 120s (custom)
2019-08-21 20:57:04,439 [pool-113-thread-1] INFO  server.RaftServerConfigKeys (ConfUtils.java:logGet(43)) - raft.server.sleep.deviation.threshold = 300 (default)
2019-08-21 20:57:04,439 [pool-113-thread-1] INFO  server.RaftServerConfigKeys (ConfUtils.java:logGet(43)) - raft.server.log.appender.install.snapshot.enabled = false (custom)
2019-08-21 20:57:04,439 [pool-113-thread-1] INFO  impl.RaftServerImpl (ServerState.java:<init>(105)) - b625f10f-96c1-4aa8-a736-6a0ae2c5cd47:group-DEEFF3A4C9B5 ConfigurationManager, init=-1: [b625f10f-96c1-4aa8-a736-6a0ae2c5cd47:192.168.5.165:35979], old=null, confs=<EMPTY_MAP>
2019-08-21 20:57:04,439 [pool-113-thread-1] INFO  server.RaftServerConfigKeys (ConfUtils.java:logGet(43)) - raft.server.storage.dir = [/workdir/hadoop-ozone/integration-test/target/test-dir/MiniOzoneClusterImpl-d93be911-e5ce-4644-bc64-a6ecf0977318/datanode-0/data/ratis] (custom)
2019-08-21 20:57:04,440 [pool-113-thread-1] INFO  storage.RaftStorageDirectory (RaftStorageDirectory.java:analyzeStorage(246)) - The storage directory /workdir/hadoop-ozone/integration-test/target/test-dir/MiniOzoneClusterImpl-d93be911-e5ce-4644-bc64-a6ecf0977318/datanode-0/data/ratis/7843bab9-8e28-4ad6-a0e4-deeff3a4c9b5 does not exist. Creating ...
2019-08-21 20:57:04,452 [pool-113-thread-1] INFO  storage.RaftStorageDirectory (RaftStorageDirectory.java:tryLock(328)) - Lock on /workdir/hadoop-ozone/integration-test/target/test-dir/MiniOzoneClusterImpl-d93be911-e5ce-4644-bc64-a6ecf0977318/datanode-0/data/ratis/7843bab9-8e28-4ad6-a0e4-deeff3a4c9b5/in_use.lock acquired by nodename 21025@pr-hdds-1347-9b9ps-3331872021
2019-08-21 20:57:04,467 [pool-113-thread-1] INFO  storage.RaftStorage (RaftStorage.java:format(72)) - Storage directory /workdir/hadoop-ozone/integration-test/target/test-dir/MiniOzoneClusterImpl-d93be911-e5ce-4644-bc64-a6ecf0977318/datanode-0/data/ratis/7843bab9-8e28-4ad6-a0e4-deeff3a4c9b5 has been successfully formatted.
2019-08-21 20:57:04,467 [pool-113-thread-1] INFO  ratis.ContainerStateMachine (ContainerStateMachine.java:loadSnapshot(226)) - group-DEEFF3A4C9B5: The snapshot info is null. Setting the last applied indexto:(t:0, i:~)
2019-08-21 20:57:04,467 [pool-113-thread-1] INFO  server.RaftServerConfigKeys (ConfUtils.java:logGet(43)) - raft.server.leader.election.timeout = 120s (custom)
2019-08-21 20:57:04,468 [pool-113-thread-1] INFO  server.RaftServerConfigKeys (ConfUtils.java:logGet(43)) - raft.server.log.use.memory = false (default)
2019-08-21 20:57:04,468 [pool-113-thread-1] INFO  server.RaftServerConfigKeys (ConfUtils.java:logGet(43)) - raft.server.log.purge.gap = 1000000 (custom)
2019-08-21 20:57:04,468 [pool-113-thread-1] INFO  server.RaftServerConfigKeys (ConfUtils.java:logGet(43)) - raft.server.log.appender.buffer.byte-limit = 33554432 (custom)
2019-08-21 20:57:04,468 [pool-113-thread-1] INFO  server.RaftServerConfigKeys (ConfUtils.java:logGet(43)) - raft.server.log.segment.size.max = 1048576 (custom)
2019-08-21 20:57:04,468 [pool-113-thread-1] INFO  server.RaftServerConfigKeys (ConfUtils.java:logGet(43)) - raft.server.log.segment.cache.num.max = 2 (custom)
2019-08-21 20:57:04,468 [pool-113-thread-1] INFO  segmented.SegmentedRaftLogWorker (SegmentedRaftLogWorker.java:<init>(172)) - new b625f10f-96c1-4aa8-a736-6a0ae2c5cd47-SegmentedRaftLogWorker:Storage Directory /workdir/hadoop-ozone/integration-test/target/test-dir/MiniOzoneClusterImpl-d93be911-e5ce-4644-bc64-a6ecf0977318/datanode-0/data/ratis/7843bab9-8e28-4ad6-a0e4-deeff3a4c9b5 for RaftStorage:Storage Directory /workdir/hadoop-ozone/integration-test/target/test-dir/MiniOzoneClusterImpl-d93be911-e5ce-4644-bc64-a6ecf0977318/datanode-0/data/ratis/7843bab9-8e28-4ad6-a0e4-deeff3a4c9b5
2019-08-21 20:57:04,469 [pool-113-thread-1] INFO  server.RaftServerConfigKeys (ConfUtils.java:logGet(43)) - raft.server.log.queue.byte-limit = 2147483647 (custom)
2019-08-21 20:57:04,469 [pool-113-thread-1] INFO  server.RaftServerConfigKeys (ConfUtils.java:logGet(43)) - raft.server.log.queue.element-limit = 1024 (custom)
2019-08-21 20:57:04,469 [pool-113-thread-1] INFO  server.RaftServerConfigKeys (ConfUtils.java:logGet(43)) - raft.server.log.segment.size.max = 1048576 (custom)
2019-08-21 20:57:04,469 [pool-113-thread-1] INFO  server.RaftServerConfigKeys (ConfUtils.java:logGet(43)) - raft.server.log.preallocated.size = 16384 (custom)
2019-08-21 20:57:04,469 [pool-113-thread-1] INFO  server.RaftServerConfigKeys (ConfUtils.java:logGet(43)) - raft.server.log.write.buffer.size = 33554432 (custom)
2019-08-21 20:57:04,469 [pool-113-thread-1] INFO  server.RaftServerConfigKeys (ConfUtils.java:logGet(43)) - raft.server.log.force.sync.num = 128 (default)
2019-08-21 20:57:04,470 [pool-113-thread-1] INFO  server.RaftServerConfigKeys (ConfUtils.java:logGet(43)) - raft.server.log.statemachine.data.sync = true (default)
2019-08-21 20:57:04,470 [pool-113-thread-1] INFO  server.RaftServerConfigKeys (ConfUtils.java:logGet(43)) - raft.server.log.statemachine.data.sync.timeout = 10s (default)
2019-08-21 20:57:04,470 [pool-113-thread-1] INFO  server.RaftServerConfigKeys (ConfUtils.java:logGet(43)) - raft.server.log.statemachine.data.sync.timeout.retry = -1 (default)
2019-08-21 20:57:04,470 [pool-113-thread-1] INFO  server.RaftServerConfigKeys (ConfUtils.java:logGet(43)) - raft.server.log.statemachine.data.caching.enabled = true (custom)
2019-08-21 20:57:04,471 [pool-113-thread-1] INFO  segmented.SegmentedRaftLogWorker (SegmentedRaftLogWorker.java:lambda$new$0(132)) - b625f10f-96c1-4aa8-a736-6a0ae2c5cd47-SegmentedRaftLogWorker:Storage Directory /workdir/hadoop-ozone/integration-test/target/test-dir/MiniOzoneClusterImpl-d93be911-e5ce-4644-bc64-a6ecf0977318/datanode-0/data/ratis/7843bab9-8e28-4ad6-a0e4-deeff3a4c9b5: flushIndex: setUnconditionally 0 -> -1
2019-08-21 20:57:04,471 [pool-113-thread-1] INFO  server.RaftServerConfigKeys (ConfUtils.java:logGet(43)) - raft.server.snapshot.auto.trigger.enabled = true (custom)
2019-08-21 20:57:04,471 [pool-113-thread-1] INFO  server.RaftServerConfigKeys (ConfUtils.java:logGet(43)) - raft.server.snapshot.auto.trigger.threshold = 10000 (custom)
2019-08-21 20:57:04,471 [pool-113-thread-1] INFO  server.RaftServerConfigKeys (ConfUtils.java:logGet(43)) - raft.server.retrycache.expirytime = 600000ms (custom)
2019-08-21 20:57:04,472 [pool-113-thread-1] INFO  impl.RaftServerImpl (RaftServerImpl.java:start(180)) - b625f10f-96c1-4aa8-a736-6a0ae2c5cd47: start group-DEEFF3A4C9B5
2019-08-21 20:57:04,472 [pool-113-thread-1] INFO  impl.RaftServerImpl (RaftServerImpl.java:setRole(171)) - b625f10f-96c1-4aa8-a736-6a0ae2c5cd47:group-DEEFF3A4C9B5 changes role from null to FOLLOWER at term 0 for startAsFollower
2019-08-21 20:57:04,472 [pool-113-thread-1] INFO  impl.RoleInfo (RoleInfo.java:updateAndGet(143)) - b625f10f-96c1-4aa8-a736-6a0ae2c5cd47: start FollowerState
2019-08-21 20:57:04,473 [pool-113-thread-1] INFO  util.JmxRegister (JmxRegister.java:tryRegister(44)) - Successfully registered JMX Bean with object name Ratis:service=RaftServer,group=group-DEEFF3A4C9B5,id=b625f10f-96c1-4aa8-a736-6a0ae2c5cd47
2019-08-21 20:57:04,478 [RatisPipelineUtilsThread] INFO  pipeline.PipelineStateManager (PipelineStateManager.java:addPipeline(56)) - Created pipeline Pipeline[ Id: 7843bab9-8e28-4ad6-a0e4-deeff3a4c9b5, Nodes: b625f10f-96c1-4aa8-a736-6a0ae2c5cd47{ip: 192.168.5.165, host: pr-hdds-1347-9b9ps-3331872021, networkLocation: /default-rack, certSerialId: null}, Type:RATIS, Factor:ONE, State:OPEN]
2019-08-21 20:57:04,652 [IPC Server handler 1 on 45955] INFO  net.NetworkTopology (NetworkTopologyImpl.java:add(110)) - Added a new node: /default-rack/a012690b-0000-4e4f-94e2-81cdbc8d1e43
2019-08-21 20:57:04,652 [IPC Server handler 1 on 45955] INFO  node.SCMNodeManager (SCMNodeManager.java:register(273)) - Registered Data node : a012690b-0000-4e4f-94e2-81cdbc8d1e43{ip: 192.168.5.165, host: pr-hdds-1347-9b9ps-3331872021, networkLocation: /default-rack, certSerialId: null}
2019-08-21 20:57:04,653 | INFO  | SCMAudit | user=jenkins1000 | ip=192.168.5.165 | op=REGISTER {datanodeDetails=a012690b-0000-4e4f-94e2-81cdbc8d1e43{ip: 192.168.5.165, host: pr-hdds-1347-9b9ps-3331872021, networkLocation: /default-rack, certSerialId: null}} | ret=SUCCESS |  
2019-08-21 20:57:04,665 [grpc-default-executor-0] INFO  impl.RaftServerProxy (RaftServerProxy.java:addNew(89)) - a012690b-0000-4e4f-94e2-81cdbc8d1e43: addNew group-95DB22F52BC2:[a012690b-0000-4e4f-94e2-81cdbc8d1e43:192.168.5.165:41338] returns group-95DB22F52BC2:java.util.concurrent.CompletableFuture@7df50125[Not completed]
2019-08-21 20:57:04,666 [pool-124-thread-1] INFO  impl.RaftServerImpl (RaftServerImpl.java:<init>(93)) - a012690b-0000-4e4f-94e2-81cdbc8d1e43: new RaftServerImpl for group-95DB22F52BC2:[a012690b-0000-4e4f-94e2-81cdbc8d1e43:192.168.5.165:41338] with ContainerStateMachine:uninitialized
2019-08-21 20:57:04,667 [pool-124-thread-1] INFO  server.RaftServerConfigKeys (ConfUtils.java:logGet(43)) - raft.server.rpc.timeout.min = 5s (custom)
2019-08-21 20:57:04,667 [pool-124-thread-1] INFO  server.RaftServerConfigKeys (ConfUtils.java:logGet(43)) - raft.server.rpc.timeout.max = 5200ms (custom)
2019-08-21 20:57:04,667 [pool-124-thread-1] INFO  server.RaftServerConfigKeys (ConfUtils.java:logGet(43)) - raft.server.rpcslowness.timeout = 120s (custom)
2019-08-21 20:57:04,667 [pool-124-thread-1] INFO  server.RaftServerConfigKeys (ConfUtils.java:logGet(43)) - raft.server.sleep.deviation.threshold = 300 (default)
2019-08-21 20:57:04,667 [pool-124-thread-1] INFO  server.RaftServerConfigKeys (ConfUtils.java:logGet(43)) - raft.server.log.appender.install.snapshot.enabled = false (custom)
2019-08-21 20:57:04,668 [pool-124-thread-1] INFO  impl.RaftServerImpl (ServerState.java:<init>(105)) - a012690b-0000-4e4f-94e2-81cdbc8d1e43:group-95DB22F52BC2 ConfigurationManager, init=-1: [a012690b-0000-4e4f-94e2-81cdbc8d1e43:192.168.5.165:41338], old=null, confs=<EMPTY_MAP>
2019-08-21 20:57:04,668 [pool-124-thread-1] INFO  server.RaftServerConfigKeys (ConfUtils.java:logGet(43)) - raft.server.storage.dir = [/workdir/hadoop-ozone/integration-test/target/test-dir/MiniOzoneClusterImpl-d93be911-e5ce-4644-bc64-a6ecf0977318/datanode-1/data/ratis] (custom)
2019-08-21 20:57:04,668 [pool-124-thread-1] INFO  storage.RaftStorageDirectory (RaftStorageDirectory.java:analyzeStorage(246)) - The storage directory /workdir/hadoop-ozone/integration-test/target/test-dir/MiniOzoneClusterImpl-d93be911-e5ce-4644-bc64-a6ecf0977318/datanode-1/data/ratis/e4e00cde-618a-4476-bc5b-95db22f52bc2 does not exist. Creating ...
2019-08-21 20:57:04,681 [pool-124-thread-1] INFO  storage.RaftStorageDirectory (RaftStorageDirectory.java:tryLock(328)) - Lock on /workdir/hadoop-ozone/integration-test/target/test-dir/MiniOzoneClusterImpl-d93be911-e5ce-4644-bc64-a6ecf0977318/datanode-1/data/ratis/e4e00cde-618a-4476-bc5b-95db22f52bc2/in_use.lock acquired by nodename 21025@pr-hdds-1347-9b9ps-3331872021
2019-08-21 20:57:04,694 [pool-124-thread-1] INFO  storage.RaftStorage (RaftStorage.java:format(72)) - Storage directory /workdir/hadoop-ozone/integration-test/target/test-dir/MiniOzoneClusterImpl-d93be911-e5ce-4644-bc64-a6ecf0977318/datanode-1/data/ratis/e4e00cde-618a-4476-bc5b-95db22f52bc2 has been successfully formatted.
2019-08-21 20:57:04,695 [pool-124-thread-1] INFO  ratis.ContainerStateMachine (ContainerStateMachine.java:loadSnapshot(226)) - group-95DB22F52BC2: The snapshot info is null. Setting the last applied indexto:(t:0, i:~)
2019-08-21 20:57:04,695 [pool-124-thread-1] INFO  server.RaftServerConfigKeys (ConfUtils.java:logGet(43)) - raft.server.leader.election.timeout = 120s (custom)
2019-08-21 20:57:04,695 [pool-124-thread-1] INFO  server.RaftServerConfigKeys (ConfUtils.java:logGet(43)) - raft.server.log.use.memory = false (default)
2019-08-21 20:57:04,695 [pool-124-thread-1] INFO  server.RaftServerConfigKeys (ConfUtils.java:logGet(43)) - raft.server.log.purge.gap = 1000000 (custom)
2019-08-21 20:57:04,695 [pool-124-thread-1] INFO  server.RaftServerConfigKeys (ConfUtils.java:logGet(43)) - raft.server.log.appender.buffer.byte-limit = 33554432 (custom)
2019-08-21 20:57:04,696 [pool-124-thread-1] INFO  server.RaftServerConfigKeys (ConfUtils.java:logGet(43)) - raft.server.log.segment.size.max = 1048576 (custom)
2019-08-21 20:57:04,696 [pool-124-thread-1] INFO  server.RaftServerConfigKeys (ConfUtils.java:logGet(43)) - raft.server.log.segment.cache.num.max = 2 (custom)
2019-08-21 20:57:04,696 [pool-124-thread-1] INFO  segmented.SegmentedRaftLogWorker (SegmentedRaftLogWorker.java:<init>(172)) - new a012690b-0000-4e4f-94e2-81cdbc8d1e43-SegmentedRaftLogWorker:Storage Directory /workdir/hadoop-ozone/integration-test/target/test-dir/MiniOzoneClusterImpl-d93be911-e5ce-4644-bc64-a6ecf0977318/datanode-1/data/ratis/e4e00cde-618a-4476-bc5b-95db22f52bc2 for RaftStorage:Storage Directory /workdir/hadoop-ozone/integration-test/target/test-dir/MiniOzoneClusterImpl-d93be911-e5ce-4644-bc64-a6ecf0977318/datanode-1/data/ratis/e4e00cde-618a-4476-bc5b-95db22f52bc2
2019-08-21 20:57:04,696 [pool-124-thread-1] INFO  server.RaftServerConfigKeys (ConfUtils.java:logGet(43)) - raft.server.log.queue.byte-limit = 2147483647 (custom)
2019-08-21 20:57:04,697 [pool-124-thread-1] INFO  server.RaftServerConfigKeys (ConfUtils.java:logGet(43)) - raft.server.log.queue.element-limit = 1024 (custom)
2019-08-21 20:57:04,697 [pool-124-thread-1] INFO  server.RaftServerConfigKeys (ConfUtils.java:logGet(43)) - raft.server.log.segment.size.max = 1048576 (custom)
2019-08-21 20:57:04,697 [pool-124-thread-1] INFO  server.RaftServerConfigKeys (ConfUtils.java:logGet(43)) - raft.server.log.preallocated.size = 16384 (custom)
2019-08-21 20:57:04,697 [pool-124-thread-1] INFO  server.RaftServerConfigKeys (ConfUtils.java:logGet(43)) - raft.server.log.write.buffer.size = 33554432 (custom)
2019-08-21 20:57:04,697 [pool-124-thread-1] INFO  server.RaftServerConfigKeys (ConfUtils.java:logGet(43)) - raft.server.log.force.sync.num = 128 (default)
2019-08-21 20:57:04,698 [pool-124-thread-1] INFO  server.RaftServerConfigKeys (ConfUtils.java:logGet(43)) - raft.server.log.statemachine.data.sync = true (default)
2019-08-21 20:57:04,698 [pool-124-thread-1] INFO  server.RaftServerConfigKeys (ConfUtils.java:logGet(43)) - raft.server.log.statemachine.data.sync.timeout = 10s (default)
2019-08-21 20:57:04,698 [pool-124-thread-1] INFO  server.RaftServerConfigKeys (ConfUtils.java:logGet(43)) - raft.server.log.statemachine.data.sync.timeout.retry = -1 (default)
2019-08-21 20:57:04,698 [pool-124-thread-1] INFO  server.RaftServerConfigKeys (ConfUtils.java:logGet(43)) - raft.server.log.statemachine.data.caching.enabled = true (custom)
2019-08-21 20:57:04,699 [pool-124-thread-1] INFO  segmented.SegmentedRaftLogWorker (SegmentedRaftLogWorker.java:lambda$new$0(132)) - a012690b-0000-4e4f-94e2-81cdbc8d1e43-SegmentedRaftLogWorker:Storage Directory /workdir/hadoop-ozone/integration-test/target/test-dir/MiniOzoneClusterImpl-d93be911-e5ce-4644-bc64-a6ecf0977318/datanode-1/data/ratis/e4e00cde-618a-4476-bc5b-95db22f52bc2: flushIndex: setUnconditionally 0 -> -1
2019-08-21 20:57:04,699 [pool-124-thread-1] INFO  server.RaftServerConfigKeys (ConfUtils.java:logGet(43)) - raft.server.snapshot.auto.trigger.enabled = true (custom)
2019-08-21 20:57:04,700 [pool-124-thread-1] INFO  server.RaftServerConfigKeys (ConfUtils.java:logGet(43)) - raft.server.snapshot.auto.trigger.threshold = 10000 (custom)
2019-08-21 20:57:04,700 [pool-124-thread-1] INFO  server.RaftServerConfigKeys (ConfUtils.java:logGet(43)) - raft.server.retrycache.expirytime = 600000ms (custom)
2019-08-21 20:57:04,700 [pool-124-thread-1] INFO  impl.RaftServerImpl (RaftServerImpl.java:start(180)) - a012690b-0000-4e4f-94e2-81cdbc8d1e43: start group-95DB22F52BC2
2019-08-21 20:57:04,700 [pool-124-thread-1] INFO  impl.RaftServerImpl (RaftServerImpl.java:setRole(171)) - a012690b-0000-4e4f-94e2-81cdbc8d1e43:group-95DB22F52BC2 changes role from null to FOLLOWER at term 0 for startAsFollower
2019-08-21 20:57:04,701 [pool-124-thread-1] INFO  impl.RoleInfo (RoleInfo.java:updateAndGet(143)) - a012690b-0000-4e4f-94e2-81cdbc8d1e43: start FollowerState
2019-08-21 20:57:04,708 [pool-124-thread-1] INFO  util.JmxRegister (JmxRegister.java:tryRegister(44)) - Successfully registered JMX Bean with object name Ratis:service=RaftServer,group=group-95DB22F52BC2,id=a012690b-0000-4e4f-94e2-81cdbc8d1e43
2019-08-21 20:57:04,719 [RatisPipelineUtilsThread] INFO  pipeline.PipelineStateManager (PipelineStateManager.java:addPipeline(56)) - Created pipeline Pipeline[ Id: e4e00cde-618a-4476-bc5b-95db22f52bc2, Nodes: a012690b-0000-4e4f-94e2-81cdbc8d1e43{ip: 192.168.5.165, host: pr-hdds-1347-9b9ps-3331872021, networkLocation: /default-rack, certSerialId: null}, Type:RATIS, Factor:ONE, State:OPEN]
2019-08-21 20:57:04,859 [Thread-334] INFO  ozone.MiniOzoneClusterImpl (MiniOzoneClusterImpl.java:lambda$waitForClusterToBeReady$0(142)) - Waiting for cluster to be ready. Got 2 of 3 DN Heartbeats.
2019-08-21 20:57:04,861 [IPC Server handler 2 on 45955] INFO  net.NetworkTopology (NetworkTopologyImpl.java:add(110)) - Added a new node: /default-rack/eea39f38-c3f6-433c-b3e8-04d870fd166b
2019-08-21 20:57:04,861 [IPC Server handler 2 on 45955] INFO  node.SCMNodeManager (SCMNodeManager.java:register(273)) - Registered Data node : eea39f38-c3f6-433c-b3e8-04d870fd166b{ip: 192.168.5.165, host: pr-hdds-1347-9b9ps-3331872021, networkLocation: /default-rack, certSerialId: null}
2019-08-21 20:57:04,864 | INFO  | SCMAudit | user=jenkins1000 | ip=192.168.5.165 | op=REGISTER {datanodeDetails=eea39f38-c3f6-433c-b3e8-04d870fd166b{ip: 192.168.5.165, host: pr-hdds-1347-9b9ps-3331872021, networkLocation: /default-rack, certSerialId: null}} | ret=SUCCESS |  
2019-08-21 20:57:04,874 [grpc-default-executor-0] INFO  impl.RaftServerProxy (RaftServerProxy.java:addNew(89)) - eea39f38-c3f6-433c-b3e8-04d870fd166b: addNew group-0B584E06629C:[eea39f38-c3f6-433c-b3e8-04d870fd166b:192.168.5.165:43414] returns group-0B584E06629C:java.util.concurrent.CompletableFuture@33586a4f[Not completed]
2019-08-21 20:57:04,878 [pool-135-thread-1] INFO  impl.RaftServerImpl (RaftServerImpl.java:<init>(93)) - eea39f38-c3f6-433c-b3e8-04d870fd166b: new RaftServerImpl for group-0B584E06629C:[eea39f38-c3f6-433c-b3e8-04d870fd166b:192.168.5.165:43414] with ContainerStateMachine:uninitialized
2019-08-21 20:57:04,878 [pool-135-thread-1] INFO  server.RaftServerConfigKeys (ConfUtils.java:logGet(43)) - raft.server.rpc.timeout.min = 5s (custom)
2019-08-21 20:57:04,878 [pool-135-thread-1] INFO  server.RaftServerConfigKeys (ConfUtils.java:logGet(43)) - raft.server.rpc.timeout.max = 5200ms (custom)
2019-08-21 20:57:04,878 [pool-135-thread-1] INFO  server.RaftServerConfigKeys (ConfUtils.java:logGet(43)) - raft.server.rpcslowness.timeout = 120s (custom)
2019-08-21 20:57:04,879 [pool-135-thread-1] INFO  server.RaftServerConfigKeys (ConfUtils.java:logGet(43)) - raft.server.sleep.deviation.threshold = 300 (default)
2019-08-21 20:57:04,879 [pool-135-thread-1] INFO  server.RaftServerConfigKeys (ConfUtils.java:logGet(43)) - raft.server.log.appender.install.snapshot.enabled = false (custom)
2019-08-21 20:57:04,879 [pool-135-thread-1] INFO  impl.RaftServerImpl (ServerState.java:<init>(105)) - eea39f38-c3f6-433c-b3e8-04d870fd166b:group-0B584E06629C ConfigurationManager, init=-1: [eea39f38-c3f6-433c-b3e8-04d870fd166b:192.168.5.165:43414], old=null, confs=<EMPTY_MAP>
2019-08-21 20:57:04,879 [pool-135-thread-1] INFO  server.RaftServerConfigKeys (ConfUtils.java:logGet(43)) - raft.server.storage.dir = [/workdir/hadoop-ozone/integration-test/target/test-dir/MiniOzoneClusterImpl-d93be911-e5ce-4644-bc64-a6ecf0977318/datanode-2/data/ratis] (custom)
2019-08-21 20:57:04,880 [pool-135-thread-1] INFO  storage.RaftStorageDirectory (RaftStorageDirectory.java:analyzeStorage(246)) - The storage directory /workdir/hadoop-ozone/integration-test/target/test-dir/MiniOzoneClusterImpl-d93be911-e5ce-4644-bc64-a6ecf0977318/datanode-2/data/ratis/39180633-8a23-44aa-94be-0b584e06629c does not exist. Creating ...
2019-08-21 20:57:04,893 [pool-135-thread-1] INFO  storage.RaftStorageDirectory (RaftStorageDirectory.java:tryLock(328)) - Lock on /workdir/hadoop-ozone/integration-test/target/test-dir/MiniOzoneClusterImpl-d93be911-e5ce-4644-bc64-a6ecf0977318/datanode-2/data/ratis/39180633-8a23-44aa-94be-0b584e06629c/in_use.lock acquired by nodename 21025@pr-hdds-1347-9b9ps-3331872021
2019-08-21 20:57:04,906 [pool-135-thread-1] INFO  storage.RaftStorage (RaftStorage.java:format(72)) - Storage directory /workdir/hadoop-ozone/integration-test/target/test-dir/MiniOzoneClusterImpl-d93be911-e5ce-4644-bc64-a6ecf0977318/datanode-2/data/ratis/39180633-8a23-44aa-94be-0b584e06629c has been successfully formatted.
2019-08-21 20:57:04,906 [pool-135-thread-1] INFO  ratis.ContainerStateMachine (ContainerStateMachine.java:loadSnapshot(226)) - group-0B584E06629C: The snapshot info is null. Setting the last applied indexto:(t:0, i:~)
2019-08-21 20:57:04,907 [pool-135-thread-1] INFO  server.RaftServerConfigKeys (ConfUtils.java:logGet(43)) - raft.server.leader.election.timeout = 120s (custom)
2019-08-21 20:57:04,907 [pool-135-thread-1] INFO  server.RaftServerConfigKeys (ConfUtils.java:logGet(43)) - raft.server.log.use.memory = false (default)
2019-08-21 20:57:04,907 [pool-135-thread-1] INFO  server.RaftServerConfigKeys (ConfUtils.java:logGet(43)) - raft.server.log.purge.gap = 1000000 (custom)
2019-08-21 20:57:04,907 [pool-135-thread-1] INFO  server.RaftServerConfigKeys (ConfUtils.java:logGet(43)) - raft.server.log.appender.buffer.byte-limit = 33554432 (custom)
2019-08-21 20:57:04,907 [pool-135-thread-1] INFO  server.RaftServerConfigKeys (ConfUtils.java:logGet(43)) - raft.server.log.segment.size.max = 1048576 (custom)
2019-08-21 20:57:04,908 [pool-135-thread-1] INFO  server.RaftServerConfigKeys (ConfUtils.java:logGet(43)) - raft.server.log.segment.cache.num.max = 2 (custom)
2019-08-21 20:57:04,908 [pool-135-thread-1] INFO  segmented.SegmentedRaftLogWorker (SegmentedRaftLogWorker.java:<init>(172)) - new eea39f38-c3f6-433c-b3e8-04d870fd166b-SegmentedRaftLogWorker:Storage Directory /workdir/hadoop-ozone/integration-test/target/test-dir/MiniOzoneClusterImpl-d93be911-e5ce-4644-bc64-a6ecf0977318/datanode-2/data/ratis/39180633-8a23-44aa-94be-0b584e06629c for RaftStorage:Storage Directory /workdir/hadoop-ozone/integration-test/target/test-dir/MiniOzoneClusterImpl-d93be911-e5ce-4644-bc64-a6ecf0977318/datanode-2/data/ratis/39180633-8a23-44aa-94be-0b584e06629c
2019-08-21 20:57:04,908 [pool-135-thread-1] INFO  server.RaftServerConfigKeys (ConfUtils.java:logGet(43)) - raft.server.log.queue.byte-limit = 2147483647 (custom)
2019-08-21 20:57:04,908 [pool-135-thread-1] INFO  server.RaftServerConfigKeys (ConfUtils.java:logGet(43)) - raft.server.log.queue.element-limit = 1024 (custom)
2019-08-21 20:57:04,909 [pool-135-thread-1] INFO  server.RaftServerConfigKeys (ConfUtils.java:logGet(43)) - raft.server.log.segment.size.max = 1048576 (custom)
2019-08-21 20:57:04,909 [pool-135-thread-1] INFO  server.RaftServerConfigKeys (ConfUtils.java:logGet(43)) - raft.server.log.preallocated.size = 16384 (custom)
2019-08-21 20:57:04,909 [pool-135-thread-1] INFO  server.RaftServerConfigKeys (ConfUtils.java:logGet(43)) - raft.server.log.write.buffer.size = 33554432 (custom)
2019-08-21 20:57:04,909 [pool-135-thread-1] INFO  server.RaftServerConfigKeys (ConfUtils.java:logGet(43)) - raft.server.log.force.sync.num = 128 (default)
2019-08-21 20:57:04,910 [pool-135-thread-1] INFO  server.RaftServerConfigKeys (ConfUtils.java:logGet(43)) - raft.server.log.statemachine.data.sync = true (default)
2019-08-21 20:57:04,910 [pool-135-thread-1] INFO  server.RaftServerConfigKeys (ConfUtils.java:logGet(43)) - raft.server.log.statemachine.data.sync.timeout = 10s (default)
2019-08-21 20:57:04,910 [pool-135-thread-1] INFO  server.RaftServerConfigKeys (ConfUtils.java:logGet(43)) - raft.server.log.statemachine.data.sync.timeout.retry = -1 (default)
2019-08-21 20:57:04,910 [pool-135-thread-1] INFO  server.RaftServerConfigKeys (ConfUtils.java:logGet(43)) - raft.server.log.statemachine.data.caching.enabled = true (custom)
2019-08-21 20:57:04,911 [pool-135-thread-1] INFO  segmented.SegmentedRaftLogWorker (SegmentedRaftLogWorker.java:lambda$new$0(132)) - eea39f38-c3f6-433c-b3e8-04d870fd166b-SegmentedRaftLogWorker:Storage Directory /workdir/hadoop-ozone/integration-test/target/test-dir/MiniOzoneClusterImpl-d93be911-e5ce-4644-bc64-a6ecf0977318/datanode-2/data/ratis/39180633-8a23-44aa-94be-0b584e06629c: flushIndex: setUnconditionally 0 -> -1
2019-08-21 20:57:04,911 [pool-135-thread-1] INFO  server.RaftServerConfigKeys (ConfUtils.java:logGet(43)) - raft.server.snapshot.auto.trigger.enabled = true (custom)
2019-08-21 20:57:04,912 [pool-135-thread-1] INFO  server.RaftServerConfigKeys (ConfUtils.java:logGet(43)) - raft.server.snapshot.auto.trigger.threshold = 10000 (custom)
2019-08-21 20:57:04,912 [pool-135-thread-1] INFO  server.RaftServerConfigKeys (ConfUtils.java:logGet(43)) - raft.server.retrycache.expirytime = 600000ms (custom)
2019-08-21 20:57:04,912 [pool-135-thread-1] INFO  impl.RaftServerImpl (RaftServerImpl.java:start(180)) - eea39f38-c3f6-433c-b3e8-04d870fd166b: start group-0B584E06629C
2019-08-21 20:57:04,912 [pool-135-thread-1] INFO  impl.RaftServerImpl (RaftServerImpl.java:setRole(171)) - eea39f38-c3f6-433c-b3e8-04d870fd166b:group-0B584E06629C changes role from null to FOLLOWER at term 0 for startAsFollower
2019-08-21 20:57:04,913 [pool-135-thread-1] INFO  impl.RoleInfo (RoleInfo.java:updateAndGet(143)) - eea39f38-c3f6-433c-b3e8-04d870fd166b: start FollowerState
2019-08-21 20:57:04,914 [pool-135-thread-1] INFO  util.JmxRegister (JmxRegister.java:tryRegister(44)) - Successfully registered JMX Bean with object name Ratis:service=RaftServer,group=group-0B584E06629C,id=eea39f38-c3f6-433c-b3e8-04d870fd166b
2019-08-21 20:57:04,919 [RatisPipelineUtilsThread] INFO  pipeline.PipelineStateManager (PipelineStateManager.java:addPipeline(56)) - Created pipeline Pipeline[ Id: 39180633-8a23-44aa-94be-0b584e06629c, Nodes: eea39f38-c3f6-433c-b3e8-04d870fd166b{ip: 192.168.5.165, host: pr-hdds-1347-9b9ps-3331872021, networkLocation: /default-rack, certSerialId: null}, Type:RATIS, Factor:ONE, State:OPEN]
2019-08-21 20:57:04,944 [grpc-default-executor-2] INFO  impl.RaftServerProxy (RaftServerProxy.java:addNew(89)) - b625f10f-96c1-4aa8-a736-6a0ae2c5cd47: addNew group-029BAC6D135A:[a012690b-0000-4e4f-94e2-81cdbc8d1e43:192.168.5.165:41338, eea39f38-c3f6-433c-b3e8-04d870fd166b:192.168.5.165:43414, b625f10f-96c1-4aa8-a736-6a0ae2c5cd47:192.168.5.165:35979] returns group-029BAC6D135A:java.util.concurrent.CompletableFuture@48ac60dd[Not completed]
2019-08-21 20:57:04,944 [grpc-default-executor-1] INFO  impl.RaftServerProxy (RaftServerProxy.java:addNew(89)) - eea39f38-c3f6-433c-b3e8-04d870fd166b: addNew group-029BAC6D135A:[a012690b-0000-4e4f-94e2-81cdbc8d1e43:192.168.5.165:41338, eea39f38-c3f6-433c-b3e8-04d870fd166b:192.168.5.165:43414, b625f10f-96c1-4aa8-a736-6a0ae2c5cd47:192.168.5.165:35979] returns group-029BAC6D135A:java.util.concurrent.CompletableFuture@4ea45676[Not completed]
2019-08-21 20:57:04,945 [grpc-default-executor-1] INFO  impl.RaftServerProxy (RaftServerProxy.java:addNew(89)) - a012690b-0000-4e4f-94e2-81cdbc8d1e43: addNew group-029BAC6D135A:[a012690b-0000-4e4f-94e2-81cdbc8d1e43:192.168.5.165:41338, eea39f38-c3f6-433c-b3e8-04d870fd166b:192.168.5.165:43414, b625f10f-96c1-4aa8-a736-6a0ae2c5cd47:192.168.5.165:35979] returns group-029BAC6D135A:java.util.concurrent.CompletableFuture@2eb769b9[Not completed]
2019-08-21 20:57:04,946 [pool-113-thread-1] INFO  impl.RaftServerImpl (RaftServerImpl.java:<init>(93)) - b625f10f-96c1-4aa8-a736-6a0ae2c5cd47: new RaftServerImpl for group-029BAC6D135A:[a012690b-0000-4e4f-94e2-81cdbc8d1e43:192.168.5.165:41338, eea39f38-c3f6-433c-b3e8-04d870fd166b:192.168.5.165:43414, b625f10f-96c1-4aa8-a736-6a0ae2c5cd47:192.168.5.165:35979] with ContainerStateMachine:uninitialized
2019-08-21 20:57:04,946 [pool-113-thread-1] INFO  server.RaftServerConfigKeys (ConfUtils.java:logGet(43)) - raft.server.rpc.timeout.min = 5s (custom)
2019-08-21 20:57:04,946 [pool-113-thread-1] INFO  server.RaftServerConfigKeys (ConfUtils.java:logGet(43)) - raft.server.rpc.timeout.max = 5200ms (custom)
2019-08-21 20:57:04,946 [pool-124-thread-1] INFO  impl.RaftServerImpl (RaftServerImpl.java:<init>(93)) - a012690b-0000-4e4f-94e2-81cdbc8d1e43: new RaftServerImpl for group-029BAC6D135A:[a012690b-0000-4e4f-94e2-81cdbc8d1e43:192.168.5.165:41338, eea39f38-c3f6-433c-b3e8-04d870fd166b:192.168.5.165:43414, b625f10f-96c1-4aa8-a736-6a0ae2c5cd47:192.168.5.165:35979] with ContainerStateMachine:uninitialized
2019-08-21 20:57:04,947 [pool-113-thread-1] INFO  server.RaftServerConfigKeys (ConfUtils.java:logGet(43)) - raft.server.rpcslowness.timeout = 120s (custom)
2019-08-21 20:57:04,947 [pool-124-thread-1] INFO  server.RaftServerConfigKeys (ConfUtils.java:logGet(43)) - raft.server.rpc.timeout.min = 5s (custom)
2019-08-21 20:57:04,947 [pool-113-thread-1] INFO  server.RaftServerConfigKeys (ConfUtils.java:logGet(43)) - raft.server.sleep.deviation.threshold = 300 (default)
2019-08-21 20:57:04,947 [pool-124-thread-1] INFO  server.RaftServerConfigKeys (ConfUtils.java:logGet(43)) - raft.server.rpc.timeout.max = 5200ms (custom)
2019-08-21 20:57:04,947 [pool-113-thread-1] INFO  server.RaftServerConfigKeys (ConfUtils.java:logGet(43)) - raft.server.log.appender.install.snapshot.enabled = false (custom)
2019-08-21 20:57:04,947 [pool-124-thread-1] INFO  server.RaftServerConfigKeys (ConfUtils.java:logGet(43)) - raft.server.rpcslowness.timeout = 120s (custom)
2019-08-21 20:57:04,948 [pool-113-thread-1] INFO  impl.RaftServerImpl (ServerState.java:<init>(105)) - b625f10f-96c1-4aa8-a736-6a0ae2c5cd47:group-029BAC6D135A ConfigurationManager, init=-1: [a012690b-0000-4e4f-94e2-81cdbc8d1e43:192.168.5.165:41338, eea39f38-c3f6-433c-b3e8-04d870fd166b:192.168.5.165:43414, b625f10f-96c1-4aa8-a736-6a0ae2c5cd47:192.168.5.165:35979], old=null, confs=<EMPTY_MAP>
2019-08-21 20:57:04,948 [pool-124-thread-1] INFO  server.RaftServerConfigKeys (ConfUtils.java:logGet(43)) - raft.server.sleep.deviation.threshold = 300 (default)
2019-08-21 20:57:04,948 [pool-135-thread-1] INFO  impl.RaftServerImpl (RaftServerImpl.java:<init>(93)) - eea39f38-c3f6-433c-b3e8-04d870fd166b: new RaftServerImpl for group-029BAC6D135A:[a012690b-0000-4e4f-94e2-81cdbc8d1e43:192.168.5.165:41338, eea39f38-c3f6-433c-b3e8-04d870fd166b:192.168.5.165:43414, b625f10f-96c1-4aa8-a736-6a0ae2c5cd47:192.168.5.165:35979] with ContainerStateMachine:uninitialized
2019-08-21 20:57:04,948 [pool-113-thread-1] INFO  server.RaftServerConfigKeys (ConfUtils.java:logGet(43)) - raft.server.storage.dir = [/workdir/hadoop-ozone/integration-test/target/test-dir/MiniOzoneClusterImpl-d93be911-e5ce-4644-bc64-a6ecf0977318/datanode-0/data/ratis] (custom)
2019-08-21 20:57:04,948 [pool-124-thread-1] INFO  server.RaftServerConfigKeys (ConfUtils.java:logGet(43)) - raft.server.log.appender.install.snapshot.enabled = false (custom)
2019-08-21 20:57:04,948 [pool-135-thread-1] INFO  server.RaftServerConfigKeys (ConfUtils.java:logGet(43)) - raft.server.rpc.timeout.min = 5s (custom)
2019-08-21 20:57:04,948 [pool-124-thread-1] INFO  impl.RaftServerImpl (ServerState.java:<init>(105)) - a012690b-0000-4e4f-94e2-81cdbc8d1e43:group-029BAC6D135A ConfigurationManager, init=-1: [a012690b-0000-4e4f-94e2-81cdbc8d1e43:192.168.5.165:41338, eea39f38-c3f6-433c-b3e8-04d870fd166b:192.168.5.165:43414, b625f10f-96c1-4aa8-a736-6a0ae2c5cd47:192.168.5.165:35979], old=null, confs=<EMPTY_MAP>
2019-08-21 20:57:04,948 [pool-113-thread-1] INFO  storage.RaftStorageDirectory (RaftStorageDirectory.java:analyzeStorage(246)) - The storage directory /workdir/hadoop-ozone/integration-test/target/test-dir/MiniOzoneClusterImpl-d93be911-e5ce-4644-bc64-a6ecf0977318/datanode-0/data/ratis/5dad979d-a387-4dfb-8e76-029bac6d135a does not exist. Creating ...
2019-08-21 20:57:04,948 [pool-135-thread-1] INFO  server.RaftServerConfigKeys (ConfUtils.java:logGet(43)) - raft.server.rpc.timeout.max = 5200ms (custom)
2019-08-21 20:57:04,949 [pool-124-thread-1] INFO  server.RaftServerConfigKeys (ConfUtils.java:logGet(43)) - raft.server.storage.dir = [/workdir/hadoop-ozone/integration-test/target/test-dir/MiniOzoneClusterImpl-d93be911-e5ce-4644-bc64-a6ecf0977318/datanode-1/data/ratis] (custom)
2019-08-21 20:57:04,949 [pool-135-thread-1] INFO  server.RaftServerConfigKeys (ConfUtils.java:logGet(43)) - raft.server.rpcslowness.timeout = 120s (custom)
2019-08-21 20:57:04,949 [pool-135-thread-1] INFO  server.RaftServerConfigKeys (ConfUtils.java:logGet(43)) - raft.server.sleep.deviation.threshold = 300 (default)
2019-08-21 20:57:04,949 [pool-124-thread-1] INFO  storage.RaftStorageDirectory (RaftStorageDirectory.java:analyzeStorage(246)) - The storage directory /workdir/hadoop-ozone/integration-test/target/test-dir/MiniOzoneClusterImpl-d93be911-e5ce-4644-bc64-a6ecf0977318/datanode-1/data/ratis/5dad979d-a387-4dfb-8e76-029bac6d135a does not exist. Creating ...
2019-08-21 20:57:04,949 [pool-135-thread-1] INFO  server.RaftServerConfigKeys (ConfUtils.java:logGet(43)) - raft.server.log.appender.install.snapshot.enabled = false (custom)
2019-08-21 20:57:04,949 [pool-135-thread-1] INFO  impl.RaftServerImpl (ServerState.java:<init>(105)) - eea39f38-c3f6-433c-b3e8-04d870fd166b:group-029BAC6D135A ConfigurationManager, init=-1: [a012690b-0000-4e4f-94e2-81cdbc8d1e43:192.168.5.165:41338, eea39f38-c3f6-433c-b3e8-04d870fd166b:192.168.5.165:43414, b625f10f-96c1-4aa8-a736-6a0ae2c5cd47:192.168.5.165:35979], old=null, confs=<EMPTY_MAP>
2019-08-21 20:57:04,950 [pool-135-thread-1] INFO  server.RaftServerConfigKeys (ConfUtils.java:logGet(43)) - raft.server.storage.dir = [/workdir/hadoop-ozone/integration-test/target/test-dir/MiniOzoneClusterImpl-d93be911-e5ce-4644-bc64-a6ecf0977318/datanode-2/data/ratis] (custom)
2019-08-21 20:57:04,950 [pool-135-thread-1] INFO  storage.RaftStorageDirectory (RaftStorageDirectory.java:analyzeStorage(246)) - The storage directory /workdir/hadoop-ozone/integration-test/target/test-dir/MiniOzoneClusterImpl-d93be911-e5ce-4644-bc64-a6ecf0977318/datanode-2/data/ratis/5dad979d-a387-4dfb-8e76-029bac6d135a does not exist. Creating ...
2019-08-21 20:57:04,974 [pool-135-thread-1] INFO  storage.RaftStorageDirectory (RaftStorageDirectory.java:tryLock(328)) - Lock on /workdir/hadoop-ozone/integration-test/target/test-dir/MiniOzoneClusterImpl-d93be911-e5ce-4644-bc64-a6ecf0977318/datanode-2/data/ratis/5dad979d-a387-4dfb-8e76-029bac6d135a/in_use.lock acquired by nodename 21025@pr-hdds-1347-9b9ps-3331872021
2019-08-21 20:57:04,974 [pool-113-thread-1] INFO  storage.RaftStorageDirectory (RaftStorageDirectory.java:tryLock(328)) - Lock on /workdir/hadoop-ozone/integration-test/target/test-dir/MiniOzoneClusterImpl-d93be911-e5ce-4644-bc64-a6ecf0977318/datanode-0/data/ratis/5dad979d-a387-4dfb-8e76-029bac6d135a/in_use.lock acquired by nodename 21025@pr-hdds-1347-9b9ps-3331872021
2019-08-21 20:57:04,974 [pool-124-thread-1] INFO  storage.RaftStorageDirectory (RaftStorageDirectory.java:tryLock(328)) - Lock on /workdir/hadoop-ozone/integration-test/target/test-dir/MiniOzoneClusterImpl-d93be911-e5ce-4644-bc64-a6ecf0977318/datanode-1/data/ratis/5dad979d-a387-4dfb-8e76-029bac6d135a/in_use.lock acquired by nodename 21025@pr-hdds-1347-9b9ps-3331872021
2019-08-21 20:57:04,999 [pool-124-thread-1] INFO  storage.RaftStorage (RaftStorage.java:format(72)) - Storage directory /workdir/hadoop-ozone/integration-test/target/test-dir/MiniOzoneClusterImpl-d93be911-e5ce-4644-bc64-a6ecf0977318/datanode-1/data/ratis/5dad979d-a387-4dfb-8e76-029bac6d135a has been successfully formatted.
2019-08-21 20:57:05,000 [pool-124-thread-1] INFO  ratis.ContainerStateMachine (ContainerStateMachine.java:loadSnapshot(226)) - group-029BAC6D135A: The snapshot info is null. Setting the last applied indexto:(t:0, i:~)
2019-08-21 20:57:05,000 [pool-124-thread-1] INFO  server.RaftServerConfigKeys (ConfUtils.java:logGet(43)) - raft.server.leader.election.timeout = 120s (custom)
2019-08-21 20:57:05,000 [pool-124-thread-1] INFO  server.RaftServerConfigKeys (ConfUtils.java:logGet(43)) - raft.server.log.use.memory = false (default)
2019-08-21 20:57:05,001 [pool-124-thread-1] INFO  server.RaftServerConfigKeys (ConfUtils.java:logGet(43)) - raft.server.log.purge.gap = 1000000 (custom)
2019-08-21 20:57:05,001 [pool-124-thread-1] INFO  server.RaftServerConfigKeys (ConfUtils.java:logGet(43)) - raft.server.log.appender.buffer.byte-limit = 33554432 (custom)
2019-08-21 20:57:05,001 [pool-124-thread-1] INFO  server.RaftServerConfigKeys (ConfUtils.java:logGet(43)) - raft.server.log.segment.size.max = 1048576 (custom)
2019-08-21 20:57:05,001 [pool-124-thread-1] INFO  server.RaftServerConfigKeys (ConfUtils.java:logGet(43)) - raft.server.log.segment.cache.num.max = 2 (custom)
2019-08-21 20:57:05,001 [pool-124-thread-1] INFO  segmented.SegmentedRaftLogWorker (SegmentedRaftLogWorker.java:<init>(172)) - new a012690b-0000-4e4f-94e2-81cdbc8d1e43-SegmentedRaftLogWorker:Storage Directory /workdir/hadoop-ozone/integration-test/target/test-dir/MiniOzoneClusterImpl-d93be911-e5ce-4644-bc64-a6ecf0977318/datanode-1/data/ratis/5dad979d-a387-4dfb-8e76-029bac6d135a for RaftStorage:Storage Directory /workdir/hadoop-ozone/integration-test/target/test-dir/MiniOzoneClusterImpl-d93be911-e5ce-4644-bc64-a6ecf0977318/datanode-1/data/ratis/5dad979d-a387-4dfb-8e76-029bac6d135a
2019-08-21 20:57:05,002 [pool-124-thread-1] INFO  server.RaftServerConfigKeys (ConfUtils.java:logGet(43)) - raft.server.log.queue.byte-limit = 2147483647 (custom)
2019-08-21 20:57:05,002 [pool-124-thread-1] INFO  server.RaftServerConfigKeys (ConfUtils.java:logGet(43)) - raft.server.log.queue.element-limit = 1024 (custom)
2019-08-21 20:57:05,002 [pool-124-thread-1] INFO  server.RaftServerConfigKeys (ConfUtils.java:logGet(43)) - raft.server.log.segment.size.max = 1048576 (custom)
2019-08-21 20:57:05,002 [pool-124-thread-1] INFO  server.RaftServerConfigKeys (ConfUtils.java:logGet(43)) - raft.server.log.preallocated.size = 16384 (custom)
2019-08-21 20:57:05,002 [pool-113-thread-1] INFO  storage.RaftStorage (RaftStorage.java:format(72)) - Storage directory /workdir/hadoop-ozone/integration-test/target/test-dir/MiniOzoneClusterImpl-d93be911-e5ce-4644-bc64-a6ecf0977318/datanode-0/data/ratis/5dad979d-a387-4dfb-8e76-029bac6d135a has been successfully formatted.
2019-08-21 20:57:05,003 [pool-135-thread-1] INFO  storage.RaftStorage (RaftStorage.java:format(72)) - Storage directory /workdir/hadoop-ozone/integration-test/target/test-dir/MiniOzoneClusterImpl-d93be911-e5ce-4644-bc64-a6ecf0977318/datanode-2/data/ratis/5dad979d-a387-4dfb-8e76-029bac6d135a has been successfully formatted.
2019-08-21 20:57:05,003 [pool-124-thread-1] INFO  server.RaftServerConfigKeys (ConfUtils.java:logGet(43)) - raft.server.log.write.buffer.size = 33554432 (custom)
2019-08-21 20:57:05,003 [pool-113-thread-1] INFO  ratis.ContainerStateMachine (ContainerStateMachine.java:loadSnapshot(226)) - group-029BAC6D135A: The snapshot info is null. Setting the last applied indexto:(t:0, i:~)
2019-08-21 20:57:05,003 [pool-135-thread-1] INFO  ratis.ContainerStateMachine (ContainerStateMachine.java:loadSnapshot(226)) - group-029BAC6D135A: The snapshot info is null. Setting the last applied indexto:(t:0, i:~)
2019-08-21 20:57:05,004 [pool-113-thread-1] INFO  server.RaftServerConfigKeys (ConfUtils.java:logGet(43)) - raft.server.leader.election.timeout = 120s (custom)
2019-08-21 20:57:05,004 [pool-135-thread-1] INFO  server.RaftServerConfigKeys (ConfUtils.java:logGet(43)) - raft.server.leader.election.timeout = 120s (custom)
2019-08-21 20:57:05,004 [pool-124-thread-1] INFO  server.RaftServerConfigKeys (ConfUtils.java:logGet(43)) - raft.server.log.force.sync.num = 128 (default)
2019-08-21 20:57:05,004 [pool-113-thread-1] INFO  server.RaftServerConfigKeys (ConfUtils.java:logGet(43)) - raft.server.log.use.memory = false (default)
2019-08-21 20:57:05,004 [pool-135-thread-1] INFO  server.RaftServerConfigKeys (ConfUtils.java:logGet(43)) - raft.server.log.use.memory = false (default)
2019-08-21 20:57:05,004 [pool-124-thread-1] INFO  server.RaftServerConfigKeys (ConfUtils.java:logGet(43)) - raft.server.log.statemachine.data.sync = true (default)
2019-08-21 20:57:05,004 [pool-113-thread-1] INFO  server.RaftServerConfigKeys (ConfUtils.java:logGet(43)) - raft.server.log.purge.gap = 1000000 (custom)
2019-08-21 20:57:05,004 [pool-135-thread-1] INFO  server.RaftServerConfigKeys (ConfUtils.java:logGet(43)) - raft.server.log.purge.gap = 1000000 (custom)
2019-08-21 20:57:05,005 [pool-135-thread-1] INFO  server.RaftServerConfigKeys (ConfUtils.java:logGet(43)) - raft.server.log.appender.buffer.byte-limit = 33554432 (custom)
2019-08-21 20:57:05,005 [pool-135-thread-1] INFO  server.RaftServerConfigKeys (ConfUtils.java:logGet(43)) - raft.server.log.segment.size.max = 1048576 (custom)
2019-08-21 20:57:05,005 [pool-135-thread-1] INFO  server.RaftServerConfigKeys (ConfUtils.java:logGet(43)) - raft.server.log.segment.cache.num.max = 2 (custom)
2019-08-21 20:57:05,005 [pool-124-thread-1] INFO  server.RaftServerConfigKeys (ConfUtils.java:logGet(43)) - raft.server.log.statemachine.data.sync.timeout = 10s (default)
2019-08-21 20:57:05,005 [pool-113-thread-1] INFO  server.RaftServerConfigKeys (ConfUtils.java:logGet(43)) - raft.server.log.appender.buffer.byte-limit = 33554432 (custom)
2019-08-21 20:57:05,006 [pool-124-thread-1] INFO  server.RaftServerConfigKeys (ConfUtils.java:logGet(43)) - raft.server.log.statemachine.data.sync.timeout.retry = -1 (default)
2019-08-21 20:57:05,006 [pool-135-thread-1] INFO  segmented.SegmentedRaftLogWorker (SegmentedRaftLogWorker.java:<init>(172)) - new eea39f38-c3f6-433c-b3e8-04d870fd166b-SegmentedRaftLogWorker:Storage Directory /workdir/hadoop-ozone/integration-test/target/test-dir/MiniOzoneClusterImpl-d93be911-e5ce-4644-bc64-a6ecf0977318/datanode-2/data/ratis/5dad979d-a387-4dfb-8e76-029bac6d135a for RaftStorage:Storage Directory /workdir/hadoop-ozone/integration-test/target/test-dir/MiniOzoneClusterImpl-d93be911-e5ce-4644-bc64-a6ecf0977318/datanode-2/data/ratis/5dad979d-a387-4dfb-8e76-029bac6d135a
2019-08-21 20:57:05,006 [pool-124-thread-1] INFO  server.RaftServerConfigKeys (ConfUtils.java:logGet(43)) - raft.server.log.statemachine.data.caching.enabled = true (custom)
2019-08-21 20:57:05,006 [pool-135-thread-1] INFO  server.RaftServerConfigKeys (ConfUtils.java:logGet(43)) - raft.server.log.queue.byte-limit = 2147483647 (custom)
2019-08-21 20:57:05,006 [pool-113-thread-1] INFO  server.RaftServerConfigKeys (ConfUtils.java:logGet(43)) - raft.server.log.segment.size.max = 1048576 (custom)
2019-08-21 20:57:05,007 [pool-124-thread-1] INFO  segmented.SegmentedRaftLogWorker (SegmentedRaftLogWorker.java:lambda$new$0(132)) - a012690b-0000-4e4f-94e2-81cdbc8d1e43-SegmentedRaftLogWorker:Storage Directory /workdir/hadoop-ozone/integration-test/target/test-dir/MiniOzoneClusterImpl-d93be911-e5ce-4644-bc64-a6ecf0977318/datanode-1/data/ratis/5dad979d-a387-4dfb-8e76-029bac6d135a: flushIndex: setUnconditionally 0 -> -1
2019-08-21 20:57:05,007 [pool-135-thread-1] INFO  server.RaftServerConfigKeys (ConfUtils.java:logGet(43)) - raft.server.log.queue.element-limit = 1024 (custom)
2019-08-21 20:57:05,007 [pool-113-thread-1] INFO  server.RaftServerConfigKeys (ConfUtils.java:logGet(43)) - raft.server.log.segment.cache.num.max = 2 (custom)
2019-08-21 20:57:05,007 [pool-135-thread-1] INFO  server.RaftServerConfigKeys (ConfUtils.java:logGet(43)) - raft.server.log.segment.size.max = 1048576 (custom)
2019-08-21 20:57:05,007 [pool-113-thread-1] INFO  segmented.SegmentedRaftLogWorker (SegmentedRaftLogWorker.java:<init>(172)) - new b625f10f-96c1-4aa8-a736-6a0ae2c5cd47-SegmentedRaftLogWorker:Storage Directory /workdir/hadoop-ozone/integration-test/target/test-dir/MiniOzoneClusterImpl-d93be911-e5ce-4644-bc64-a6ecf0977318/datanode-0/data/ratis/5dad979d-a387-4dfb-8e76-029bac6d135a for RaftStorage:Storage Directory /workdir/hadoop-ozone/integration-test/target/test-dir/MiniOzoneClusterImpl-d93be911-e5ce-4644-bc64-a6ecf0977318/datanode-0/data/ratis/5dad979d-a387-4dfb-8e76-029bac6d135a
2019-08-21 20:57:05,007 [pool-124-thread-1] INFO  server.RaftServerConfigKeys (ConfUtils.java:logGet(43)) - raft.server.snapshot.auto.trigger.enabled = true (custom)
2019-08-21 20:57:05,007 [pool-113-thread-1] INFO  server.RaftServerConfigKeys (ConfUtils.java:logGet(43)) - raft.server.log.queue.byte-limit = 2147483647 (custom)
2019-08-21 20:57:05,007 [pool-135-thread-1] INFO  server.RaftServerConfigKeys (ConfUtils.java:logGet(43)) - raft.server.log.preallocated.size = 16384 (custom)
2019-08-21 20:57:05,008 [pool-113-thread-1] INFO  server.RaftServerConfigKeys (ConfUtils.java:logGet(43)) - raft.server.log.queue.element-limit = 1024 (custom)
2019-08-21 20:57:05,008 [pool-124-thread-1] INFO  server.RaftServerConfigKeys (ConfUtils.java:logGet(43)) - raft.server.snapshot.auto.trigger.threshold = 10000 (custom)
2019-08-21 20:57:05,008 [pool-113-thread-1] INFO  server.RaftServerConfigKeys (ConfUtils.java:logGet(43)) - raft.server.log.segment.size.max = 1048576 (custom)
2019-08-21 20:57:05,008 [pool-135-thread-1] INFO  server.RaftServerConfigKeys (ConfUtils.java:logGet(43)) - raft.server.log.write.buffer.size = 33554432 (custom)
2019-08-21 20:57:05,008 [pool-113-thread-1] INFO  server.RaftServerConfigKeys (ConfUtils.java:logGet(43)) - raft.server.log.preallocated.size = 16384 (custom)
2019-08-21 20:57:05,008 [pool-124-thread-1] INFO  server.RaftServerConfigKeys (ConfUtils.java:logGet(43)) - raft.server.retrycache.expirytime = 600000ms (custom)
2019-08-21 20:57:05,009 [pool-113-thread-1] INFO  server.RaftServerConfigKeys (ConfUtils.java:logGet(43)) - raft.server.log.write.buffer.size = 33554432 (custom)
2019-08-21 20:57:05,009 [pool-124-thread-1] INFO  impl.RaftServerImpl (RaftServerImpl.java:start(180)) - a012690b-0000-4e4f-94e2-81cdbc8d1e43: start group-029BAC6D135A
2019-08-21 20:57:05,008 [pool-135-thread-1] INFO  server.RaftServerConfigKeys (ConfUtils.java:logGet(43)) - raft.server.log.force.sync.num = 128 (default)
2019-08-21 20:57:05,009 [pool-124-thread-1] INFO  impl.RaftServerImpl (RaftServerImpl.java:setRole(171)) - a012690b-0000-4e4f-94e2-81cdbc8d1e43:group-029BAC6D135A changes role from null to FOLLOWER at term 0 for startAsFollower
2019-08-21 20:57:05,009 [pool-113-thread-1] INFO  server.RaftServerConfigKeys (ConfUtils.java:logGet(43)) - raft.server.log.force.sync.num = 128 (default)
2019-08-21 20:57:05,009 [pool-124-thread-1] INFO  impl.RoleInfo (RoleInfo.java:updateAndGet(143)) - a012690b-0000-4e4f-94e2-81cdbc8d1e43: start FollowerState
2019-08-21 20:57:05,009 [pool-135-thread-1] INFO  server.RaftServerConfigKeys (ConfUtils.java:logGet(43)) - raft.server.log.statemachine.data.sync = true (default)
2019-08-21 20:57:05,009 [pool-113-thread-1] INFO  server.RaftServerConfigKeys (ConfUtils.java:logGet(43)) - raft.server.log.statemachine.data.sync = true (default)
2019-08-21 20:57:05,010 [pool-135-thread-1] INFO  server.RaftServerConfigKeys (ConfUtils.java:logGet(43)) - raft.server.log.statemachine.data.sync.timeout = 10s (default)
2019-08-21 20:57:05,010 [pool-124-thread-1] INFO  util.JmxRegister (JmxRegister.java:tryRegister(44)) - Successfully registered JMX Bean with object name Ratis:service=RaftServer,group=group-029BAC6D135A,id=a012690b-0000-4e4f-94e2-81cdbc8d1e43
2019-08-21 20:57:05,010 [pool-113-thread-1] INFO  server.RaftServerConfigKeys (ConfUtils.java:logGet(43)) - raft.server.log.statemachine.data.sync.timeout = 10s (default)
2019-08-21 20:57:05,010 [pool-135-thread-1] INFO  server.RaftServerConfigKeys (ConfUtils.java:logGet(43)) - raft.server.log.statemachine.data.sync.timeout.retry = -1 (default)
2019-08-21 20:57:05,010 [pool-113-thread-1] INFO  server.RaftServerConfigKeys (ConfUtils.java:logGet(43)) - raft.server.log.statemachine.data.sync.timeout.retry = -1 (default)
2019-08-21 20:57:05,011 [pool-135-thread-1] INFO  server.RaftServerConfigKeys (ConfUtils.java:logGet(43)) - raft.server.log.statemachine.data.caching.enabled = true (custom)
2019-08-21 20:57:05,011 [pool-113-thread-1] INFO  server.RaftServerConfigKeys (ConfUtils.java:logGet(43)) - raft.server.log.statemachine.data.caching.enabled = true (custom)
2019-08-21 20:57:05,011 [pool-135-thread-1] INFO  segmented.SegmentedRaftLogWorker (SegmentedRaftLogWorker.java:lambda$new$0(132)) - eea39f38-c3f6-433c-b3e8-04d870fd166b-SegmentedRaftLogWorker:Storage Directory /workdir/hadoop-ozone/integration-test/target/test-dir/MiniOzoneClusterImpl-d93be911-e5ce-4644-bc64-a6ecf0977318/datanode-2/data/ratis/5dad979d-a387-4dfb-8e76-029bac6d135a: flushIndex: setUnconditionally 0 -> -1
2019-08-21 20:57:05,011 [pool-113-thread-1] INFO  segmented.SegmentedRaftLogWorker (SegmentedRaftLogWorker.java:lambda$new$0(132)) - b625f10f-96c1-4aa8-a736-6a0ae2c5cd47-SegmentedRaftLogWorker:Storage Directory /workdir/hadoop-ozone/integration-test/target/test-dir/MiniOzoneClusterImpl-d93be911-e5ce-4644-bc64-a6ecf0977318/datanode-0/data/ratis/5dad979d-a387-4dfb-8e76-029bac6d135a: flushIndex: setUnconditionally 0 -> -1
2019-08-21 20:57:05,011 [pool-135-thread-1] INFO  server.RaftServerConfigKeys (ConfUtils.java:logGet(43)) - raft.server.snapshot.auto.trigger.enabled = true (custom)
2019-08-21 20:57:05,013 [pool-113-thread-1] INFO  server.RaftServerConfigKeys (ConfUtils.java:logGet(43)) - raft.server.snapshot.auto.trigger.enabled = true (custom)
2019-08-21 20:57:05,013 [pool-135-thread-1] INFO  server.RaftServerConfigKeys (ConfUtils.java:logGet(43)) - raft.server.snapshot.auto.trigger.threshold = 10000 (custom)
2019-08-21 20:57:05,013 [pool-113-thread-1] INFO  server.RaftServerConfigKeys (ConfUtils.java:logGet(43)) - raft.server.snapshot.auto.trigger.threshold = 10000 (custom)
2019-08-21 20:57:05,013 [pool-135-thread-1] INFO  server.RaftServerConfigKeys (ConfUtils.java:logGet(43)) - raft.server.retrycache.expirytime = 600000ms (custom)
2019-08-21 20:57:05,013 [pool-113-thread-1] INFO  server.RaftServerConfigKeys (ConfUtils.java:logGet(43)) - raft.server.retrycache.expirytime = 600000ms (custom)
2019-08-21 20:57:05,013 [pool-135-thread-1] INFO  impl.RaftServerImpl (RaftServerImpl.java:start(180)) - eea39f38-c3f6-433c-b3e8-04d870fd166b: start group-029BAC6D135A
2019-08-21 20:57:05,014 [pool-113-thread-1] INFO  impl.RaftServerImpl (RaftServerImpl.java:start(180)) - b625f10f-96c1-4aa8-a736-6a0ae2c5cd47: start group-029BAC6D135A
2019-08-21 20:57:05,014 [pool-135-thread-1] INFO  impl.RaftServerImpl (RaftServerImpl.java:setRole(171)) - eea39f38-c3f6-433c-b3e8-04d870fd166b:group-029BAC6D135A changes role from null to FOLLOWER at term 0 for startAsFollower
2019-08-21 20:57:05,014 [pool-113-thread-1] INFO  impl.RaftServerImpl (RaftServerImpl.java:setRole(171)) - b625f10f-96c1-4aa8-a736-6a0ae2c5cd47:group-029BAC6D135A changes role from null to FOLLOWER at term 0 for startAsFollower
2019-08-21 20:57:05,014 [pool-135-thread-1] INFO  impl.RoleInfo (RoleInfo.java:updateAndGet(143)) - eea39f38-c3f6-433c-b3e8-04d870fd166b: start FollowerState
2019-08-21 20:57:05,014 [pool-113-thread-1] INFO  impl.RoleInfo (RoleInfo.java:updateAndGet(143)) - b625f10f-96c1-4aa8-a736-6a0ae2c5cd47: start FollowerState
2019-08-21 20:57:05,014 [pool-135-thread-1] INFO  util.JmxRegister (JmxRegister.java:tryRegister(44)) - Successfully registered JMX Bean with object name Ratis:service=RaftServer,group=group-029BAC6D135A,id=eea39f38-c3f6-433c-b3e8-04d870fd166b
2019-08-21 20:57:05,014 [pool-113-thread-1] INFO  util.JmxRegister (JmxRegister.java:tryRegister(44)) - Successfully registered JMX Bean with object name Ratis:service=RaftServer,group=group-029BAC6D135A,id=b625f10f-96c1-4aa8-a736-6a0ae2c5cd47
2019-08-21 20:57:05,020 [RatisPipelineUtilsThread] INFO  pipeline.PipelineStateManager (PipelineStateManager.java:addPipeline(56)) - Created pipeline Pipeline[ Id: 5dad979d-a387-4dfb-8e76-029bac6d135a, Nodes: a012690b-0000-4e4f-94e2-81cdbc8d1e43{ip: 192.168.5.165, host: pr-hdds-1347-9b9ps-3331872021, networkLocation: /default-rack, certSerialId: null}eea39f38-c3f6-433c-b3e8-04d870fd166b{ip: 192.168.5.165, host: pr-hdds-1347-9b9ps-3331872021, networkLocation: /default-rack, certSerialId: null}b625f10f-96c1-4aa8-a736-6a0ae2c5cd47{ip: 192.168.5.165, host: pr-hdds-1347-9b9ps-3331872021, networkLocation: /default-rack, certSerialId: null}, Type:RATIS, Factor:THREE, State:OPEN]
2019-08-21 20:57:05,860 [Thread-334] INFO  ozone.MiniOzoneClusterImpl (MiniOzoneClusterImpl.java:lambda$waitForClusterToBeReady$0(142)) - Cluster is ready. Got 3 of 3 DN Heartbeats.
2019-08-21 20:57:05,861 [Thread-334] INFO  datanode.ObjectStoreHandler (ObjectStoreHandler.java:close(155)) - Closing ObjectStoreHandler.
2019-08-21 20:57:05,861 [Thread-334] INFO  ozone.HddsDatanodeService (HddsDatanodeService.java:stop(451)) - Stopped plug-in org.apache.hadoop.ozone.web.OzoneHddsDatanodeService@4cd38582
2019-08-21 20:57:06,403 [Datanode State Machine Thread - 0] INFO  statemachine.DatanodeStateMachine (DatanodeStateMachine.java:lambda$startDaemon$0(350)) - Ozone container server started.
2019-08-21 20:57:06,652 | INFO  | SCMAudit | user=jenkins1000 | ip=192.168.5.165 | op=SEND_HEARTBEAT {datanodeUUID=a012690b-0000-4e4f-94e2-81cdbc8d1e43, command=[]} | ret=SUCCESS |  
2019-08-21 20:57:06,861 | INFO  | SCMAudit | user=jenkins1000 | ip=192.168.5.165 | op=SEND_HEARTBEAT {datanodeUUID=eea39f38-c3f6-433c-b3e8-04d870fd166b, command=[]} | ret=SUCCESS |  
2019-08-21 20:57:07,416 [Thread-506] INFO  container.ReplicationManager (ReplicationManager.java:start(152)) - Starting Replication Monitor Thread.
2019-08-21 20:57:07,418 [ReplicationMonitor] INFO  container.ReplicationManager (ReplicationManager.java:run(215)) - Replication Monitor Thread took 0 milliseconds for processing 0 containers.
2019-08-21 20:57:07,652 | INFO  | SCMAudit | user=jenkins1000 | ip=192.168.5.165 | op=SEND_HEARTBEAT {datanodeUUID=a012690b-0000-4e4f-94e2-81cdbc8d1e43, command=[]} | ret=SUCCESS |  
2019-08-21 20:57:07,861 | INFO  | SCMAudit | user=jenkins1000 | ip=192.168.5.165 | op=SEND_HEARTBEAT {datanodeUUID=eea39f38-c3f6-433c-b3e8-04d870fd166b, command=[]} | ret=SUCCESS |  
2019-08-21 20:57:08,652 | INFO  | SCMAudit | user=jenkins1000 | ip=192.168.5.165 | op=SEND_HEARTBEAT {datanodeUUID=a012690b-0000-4e4f-94e2-81cdbc8d1e43, command=[]} | ret=SUCCESS |  
2019-08-21 20:57:08,861 | INFO  | SCMAudit | user=jenkins1000 | ip=192.168.5.165 | op=SEND_HEARTBEAT {datanodeUUID=eea39f38-c3f6-433c-b3e8-04d870fd166b, command=[]} | ret=SUCCESS |  
2019-08-21 20:57:09,597 [Thread-508] INFO  impl.FollowerState (FollowerState.java:run(106)) - b625f10f-96c1-4aa8-a736-6a0ae2c5cd47:group-DEEFF3A4C9B5 changes to CANDIDATE, lastRpcTime:5124, electionTimeout:5124ms
2019-08-21 20:57:09,597 [Thread-508] INFO  impl.RoleInfo (RoleInfo.java:shutdownFollowerState(121)) - b625f10f-96c1-4aa8-a736-6a0ae2c5cd47: shutdown FollowerState
2019-08-21 20:57:09,598 [Thread-508] INFO  impl.RaftServerImpl (RaftServerImpl.java:setRole(171)) - b625f10f-96c1-4aa8-a736-6a0ae2c5cd47:group-DEEFF3A4C9B5 changes role from FOLLOWER to CANDIDATE at term 0 for changeToCandidate
2019-08-21 20:57:09,598 [Thread-508] INFO  impl.RoleInfo (RoleInfo.java:updateAndGet(143)) - b625f10f-96c1-4aa8-a736-6a0ae2c5cd47: start LeaderElection
2019-08-21 20:57:09,624 [b625f10f-96c1-4aa8-a736-6a0ae2c5cd47:group-DEEFF3A4C9B5:LeaderElection14] INFO  impl.LeaderElection (LeaderElection.java:askForVotes(181)) - b625f10f-96c1-4aa8-a736-6a0ae2c5cd47:group-DEEFF3A4C9B5:LeaderElection14: begin an election at term 1 for -1: [b625f10f-96c1-4aa8-a736-6a0ae2c5cd47:192.168.5.165:35979], old=null
2019-08-21 20:57:09,625 [b625f10f-96c1-4aa8-a736-6a0ae2c5cd47:group-DEEFF3A4C9B5:LeaderElection14] INFO  impl.RoleInfo (RoleInfo.java:shutdownLeaderElection(134)) - b625f10f-96c1-4aa8-a736-6a0ae2c5cd47: shutdown LeaderElection
2019-08-21 20:57:09,625 [b625f10f-96c1-4aa8-a736-6a0ae2c5cd47:group-DEEFF3A4C9B5:LeaderElection14] INFO  impl.RaftServerImpl (RaftServerImpl.java:setRole(171)) - b625f10f-96c1-4aa8-a736-6a0ae2c5cd47:group-DEEFF3A4C9B5 changes role from CANDIDATE to LEADER at term 1 for changeToLeader
2019-08-21 20:57:09,625 [b625f10f-96c1-4aa8-a736-6a0ae2c5cd47:group-DEEFF3A4C9B5:LeaderElection14] INFO  impl.RaftServerImpl (ServerState.java:setLeader(263)) - b625f10f-96c1-4aa8-a736-6a0ae2c5cd47:group-DEEFF3A4C9B5 change Leader from null to b625f10f-96c1-4aa8-a736-6a0ae2c5cd47 at term 1 for becomeLeader, leader elected after 5157ms
2019-08-21 20:57:09,625 [b625f10f-96c1-4aa8-a736-6a0ae2c5cd47:group-DEEFF3A4C9B5:LeaderElection14] INFO  server.RaftServerConfigKeys (ConfUtils.java:logGet(43)) - raft.server.staging.catchup.gap = 1000 (default)
2019-08-21 20:57:09,625 [b625f10f-96c1-4aa8-a736-6a0ae2c5cd47:group-DEEFF3A4C9B5:LeaderElection14] INFO  server.RaftServerConfigKeys (ConfUtils.java:logGet(43)) - raft.server.rpc.sleep.time = 25ms (default)
2019-08-21 20:57:09,626 [b625f10f-96c1-4aa8-a736-6a0ae2c5cd47:group-DEEFF3A4C9B5:LeaderElection14] INFO  server.RaftServerConfigKeys (ConfUtils.java:logGet(43)) - raft.server.write.element-limit = 4096 (default)
2019-08-21 20:57:09,626 [b625f10f-96c1-4aa8-a736-6a0ae2c5cd47:group-DEEFF3A4C9B5:LeaderElection14] INFO  server.RaftServerConfigKeys (ConfUtils.java:logGet(43)) - raft.server.watch.timeout = 10s (default)
2019-08-21 20:57:09,626 [b625f10f-96c1-4aa8-a736-6a0ae2c5cd47:group-DEEFF3A4C9B5:LeaderElection14] INFO  server.RaftServerConfigKeys (ConfUtils.java:logGet(43)) - raft.server.watch.timeout.denomination = 1s (default)
2019-08-21 20:57:09,626 [b625f10f-96c1-4aa8-a736-6a0ae2c5cd47:group-DEEFF3A4C9B5:LeaderElection14] INFO  server.RaftServerConfigKeys (ConfUtils.java:logGet(43)) - raft.server.watch.element-limit = 65536 (default)
2019-08-21 20:57:09,627 [b625f10f-96c1-4aa8-a736-6a0ae2c5cd47:group-DEEFF3A4C9B5:LeaderElection14] INFO  impl.RoleInfo (RoleInfo.java:updateAndGet(143)) - b625f10f-96c1-4aa8-a736-6a0ae2c5cd47: start LeaderState
2019-08-21 20:57:09,627 [b625f10f-96c1-4aa8-a736-6a0ae2c5cd47:group-DEEFF3A4C9B5:LeaderElection14] INFO  segmented.SegmentedRaftLogWorker (SegmentedRaftLogWorker.java:startLogSegment(380)) - b625f10f-96c1-4aa8-a736-6a0ae2c5cd47-SegmentedRaftLogWorker:Storage Directory /workdir/hadoop-ozone/integration-test/target/test-dir/MiniOzoneClusterImpl-d93be911-e5ce-4644-bc64-a6ecf0977318/datanode-0/data/ratis/7843bab9-8e28-4ad6-a0e4-deeff3a4c9b5: Starting segment from index:0
2019-08-21 20:57:09,628 [b625f10f-96c1-4aa8-a736-6a0ae2c5cd47:group-DEEFF3A4C9B5:LeaderElection14] INFO  impl.RaftServerImpl (ServerState.java:setRaftConf(361)) - b625f10f-96c1-4aa8-a736-6a0ae2c5cd47:group-DEEFF3A4C9B5 set configuration 0: [b625f10f-96c1-4aa8-a736-6a0ae2c5cd47:192.168.5.165:35979], old=null at 0
2019-08-21 20:57:09,652 | INFO  | SCMAudit | user=jenkins1000 | ip=192.168.5.165 | op=SEND_HEARTBEAT {datanodeUUID=a012690b-0000-4e4f-94e2-81cdbc8d1e43, command=[]} | ret=SUCCESS |  
2019-08-21 20:57:09,671 [b625f10f-96c1-4aa8-a736-6a0ae2c5cd47-SegmentedRaftLogWorker:Storage Directory /workdir/hadoop-ozone/integration-test/target/test-dir/MiniOzoneClusterImpl-d93be911-e5ce-4644-bc64-a6ecf0977318/datanode-0/data/ratis/7843bab9-8e28-4ad6-a0e4-deeff3a4c9b5] INFO  segmented.SegmentedRaftLogWorker (SegmentedRaftLogWorker.java:execute(569)) - b625f10f-96c1-4aa8-a736-6a0ae2c5cd47-SegmentedRaftLogWorker:Storage Directory /workdir/hadoop-ozone/integration-test/target/test-dir/MiniOzoneClusterImpl-d93be911-e5ce-4644-bc64-a6ecf0977318/datanode-0/data/ratis/7843bab9-8e28-4ad6-a0e4-deeff3a4c9b5: created new log segment /workdir/hadoop-ozone/integration-test/target/test-dir/MiniOzoneClusterImpl-d93be911-e5ce-4644-bc64-a6ecf0977318/datanode-0/data/ratis/7843bab9-8e28-4ad6-a0e4-deeff3a4c9b5/current/log_inprogress_0
2019-08-21 20:57:09,860 | INFO  | SCMAudit | user=jenkins1000 | ip=192.168.5.165 | op=SEND_HEARTBEAT {datanodeUUID=eea39f38-c3f6-433c-b3e8-04d870fd166b, command=[]} | ret=SUCCESS |  
2019-08-21 20:57:09,889 [EventQueue-StaleNodeForStaleNodeHandler] INFO  node.StaleNodeHandler (StaleNodeHandler.java:onMessage(58)) - Datanode b625f10f-96c1-4aa8-a736-6a0ae2c5cd47{ip: 192.168.5.165, host: pr-hdds-1347-9b9ps-3331872021, networkLocation: /default-rack, certSerialId: null} moved to stale state. Finalizing its pipelines [PipelineID=5dad979d-a387-4dfb-8e76-029bac6d135a, PipelineID=7843bab9-8e28-4ad6-a0e4-deeff3a4c9b5]
2019-08-21 20:57:09,890 [EventQueue-StaleNodeForStaleNodeHandler] INFO  pipeline.SCMPipelineManager (SCMPipelineManager.java:finalizeAndDestroyPipeline(309)) - destroying pipeline:Pipeline[ Id: 5dad979d-a387-4dfb-8e76-029bac6d135a, Nodes: a012690b-0000-4e4f-94e2-81cdbc8d1e43{ip: 192.168.5.165, host: pr-hdds-1347-9b9ps-3331872021, networkLocation: /default-rack, certSerialId: null}eea39f38-c3f6-433c-b3e8-04d870fd166b{ip: 192.168.5.165, host: pr-hdds-1347-9b9ps-3331872021, networkLocation: /default-rack, certSerialId: null}b625f10f-96c1-4aa8-a736-6a0ae2c5cd47{ip: 192.168.5.165, host: pr-hdds-1347-9b9ps-3331872021, networkLocation: /default-rack, certSerialId: null}, Type:RATIS, Factor:THREE, State:OPEN]
2019-08-21 20:57:09,890 [EventQueue-StaleNodeForStaleNodeHandler] INFO  pipeline.PipelineStateManager (PipelineStateManager.java:finalizePipeline(123)) - Pipeline Pipeline[ Id: 5dad979d-a387-4dfb-8e76-029bac6d135a, Nodes: a012690b-0000-4e4f-94e2-81cdbc8d1e43{ip: 192.168.5.165, host: pr-hdds-1347-9b9ps-3331872021, networkLocation: /default-rack, certSerialId: null}eea39f38-c3f6-433c-b3e8-04d870fd166b{ip: 192.168.5.165, host: pr-hdds-1347-9b9ps-3331872021, networkLocation: /default-rack, certSerialId: null}b625f10f-96c1-4aa8-a736-6a0ae2c5cd47{ip: 192.168.5.165, host: pr-hdds-1347-9b9ps-3331872021, networkLocation: /default-rack, certSerialId: null}, Type:RATIS, Factor:THREE, State:CLOSED] moved to CLOSED state
2019-08-21 20:57:09,890 [Thread-511] INFO  impl.FollowerState (FollowerState.java:run(106)) - a012690b-0000-4e4f-94e2-81cdbc8d1e43:group-95DB22F52BC2 changes to CANDIDATE, lastRpcTime:5189, electionTimeout:5189ms
2019-08-21 20:57:09,890 [Thread-511] INFO  impl.RoleInfo (RoleInfo.java:shutdownFollowerState(121)) - a012690b-0000-4e4f-94e2-81cdbc8d1e43: shutdown FollowerState
2019-08-21 20:57:09,891 [Thread-511] INFO  impl.RaftServerImpl (RaftServerImpl.java:setRole(171)) - a012690b-0000-4e4f-94e2-81cdbc8d1e43:group-95DB22F52BC2 changes role from FOLLOWER to CANDIDATE at term 0 for changeToCandidate
2019-08-21 20:57:09,891 [Thread-511] INFO  impl.RoleInfo (RoleInfo.java:updateAndGet(143)) - a012690b-0000-4e4f-94e2-81cdbc8d1e43: start LeaderElection
2019-08-21 20:57:09,901 [EventQueue-StaleNodeForStaleNodeHandler] INFO  pipeline.SCMPipelineManager (SCMPipelineManager.java:finalizeAndDestroyPipeline(309)) - destroying pipeline:Pipeline[ Id: 7843bab9-8e28-4ad6-a0e4-deeff3a4c9b5, Nodes: b625f10f-96c1-4aa8-a736-6a0ae2c5cd47{ip: 192.168.5.165, host: pr-hdds-1347-9b9ps-3331872021, networkLocation: /default-rack, certSerialId: null}, Type:RATIS, Factor:ONE, State:OPEN]
2019-08-21 20:57:09,901 [EventQueue-StaleNodeForStaleNodeHandler] INFO  pipeline.PipelineStateManager (PipelineStateManager.java:finalizePipeline(123)) - Pipeline Pipeline[ Id: 7843bab9-8e28-4ad6-a0e4-deeff3a4c9b5, Nodes: b625f10f-96c1-4aa8-a736-6a0ae2c5cd47{ip: 192.168.5.165, host: pr-hdds-1347-9b9ps-3331872021, networkLocation: /default-rack, certSerialId: null}, Type:RATIS, Factor:ONE, State:CLOSED] moved to CLOSED state
2019-08-21 20:57:09,913 [a012690b-0000-4e4f-94e2-81cdbc8d1e43:group-95DB22F52BC2:LeaderElection15] INFO  impl.LeaderElection (LeaderElection.java:askForVotes(181)) - a012690b-0000-4e4f-94e2-81cdbc8d1e43:group-95DB22F52BC2:LeaderElection15: begin an election at term 1 for -1: [a012690b-0000-4e4f-94e2-81cdbc8d1e43:192.168.5.165:41338], old=null
2019-08-21 20:57:09,914 [a012690b-0000-4e4f-94e2-81cdbc8d1e43:group-95DB22F52BC2:LeaderElection15] INFO  impl.RoleInfo (RoleInfo.java:shutdownLeaderElection(134)) - a012690b-0000-4e4f-94e2-81cdbc8d1e43: shutdown LeaderElection
2019-08-21 20:57:09,914 [a012690b-0000-4e4f-94e2-81cdbc8d1e43:group-95DB22F52BC2:LeaderElection15] INFO  impl.RaftServerImpl (RaftServerImpl.java:setRole(171)) - a012690b-0000-4e4f-94e2-81cdbc8d1e43:group-95DB22F52BC2 changes role from CANDIDATE to LEADER at term 1 for changeToLeader
2019-08-21 20:57:09,914 [a012690b-0000-4e4f-94e2-81cdbc8d1e43:group-95DB22F52BC2:LeaderElection15] INFO  impl.RaftServerImpl (ServerState.java:setLeader(263)) - a012690b-0000-4e4f-94e2-81cdbc8d1e43:group-95DB22F52BC2 change Leader from null to a012690b-0000-4e4f-94e2-81cdbc8d1e43 at term 1 for becomeLeader, leader elected after 5218ms
2019-08-21 20:57:09,914 [a012690b-0000-4e4f-94e2-81cdbc8d1e43:group-95DB22F52BC2:LeaderElection15] INFO  server.RaftServerConfigKeys (ConfUtils.java:logGet(43)) - raft.server.staging.catchup.gap = 1000 (default)
2019-08-21 20:57:09,914 [a012690b-0000-4e4f-94e2-81cdbc8d1e43:group-95DB22F52BC2:LeaderElection15] INFO  server.RaftServerConfigKeys (ConfUtils.java:logGet(43)) - raft.server.rpc.sleep.time = 25ms (default)
2019-08-21 20:57:09,915 [a012690b-0000-4e4f-94e2-81cdbc8d1e43:group-95DB22F52BC2:LeaderElection15] INFO  server.RaftServerConfigKeys (ConfUtils.java:logGet(43)) - raft.server.write.element-limit = 4096 (default)
2019-08-21 20:57:09,915 [a012690b-0000-4e4f-94e2-81cdbc8d1e43:group-95DB22F52BC2:LeaderElection15] INFO  server.RaftServerConfigKeys (ConfUtils.java:logGet(43)) - raft.server.watch.timeout = 10s (default)
2019-08-21 20:57:09,915 [a012690b-0000-4e4f-94e2-81cdbc8d1e43:group-95DB22F52BC2:LeaderElection15] INFO  server.RaftServerConfigKeys (ConfUtils.java:logGet(43)) - raft.server.watch.timeout.denomination = 1s (default)
2019-08-21 20:57:09,915 [a012690b-0000-4e4f-94e2-81cdbc8d1e43:group-95DB22F52BC2:LeaderElection15] INFO  server.RaftServerConfigKeys (ConfUtils.java:logGet(43)) - raft.server.watch.element-limit = 65536 (default)
2019-08-21 20:57:09,915 [a012690b-0000-4e4f-94e2-81cdbc8d1e43:group-95DB22F52BC2:LeaderElection15] INFO  impl.RoleInfo (RoleInfo.java:updateAndGet(143)) - a012690b-0000-4e4f-94e2-81cdbc8d1e43: start LeaderState
2019-08-21 20:57:09,916 [a012690b-0000-4e4f-94e2-81cdbc8d1e43:group-95DB22F52BC2:LeaderElection15] INFO  segmented.SegmentedRaftLogWorker (SegmentedRaftLogWorker.java:startLogSegment(380)) - a012690b-0000-4e4f-94e2-81cdbc8d1e43-SegmentedRaftLogWorker:Storage Directory /workdir/hadoop-ozone/integration-test/target/test-dir/MiniOzoneClusterImpl-d93be911-e5ce-4644-bc64-a6ecf0977318/datanode-1/data/ratis/e4e00cde-618a-4476-bc5b-95db22f52bc2: Starting segment from index:0
2019-08-21 20:57:09,917 [a012690b-0000-4e4f-94e2-81cdbc8d1e43:group-95DB22F52BC2:LeaderElection15] INFO  impl.RaftServerImpl (ServerState.java:setRaftConf(361)) - a012690b-0000-4e4f-94e2-81cdbc8d1e43:group-95DB22F52BC2 set configuration 0: [a012690b-0000-4e4f-94e2-81cdbc8d1e43:192.168.5.165:41338], old=null at 0
2019-08-21 20:57:09,979 [a012690b-0000-4e4f-94e2-81cdbc8d1e43-SegmentedRaftLogWorker:Storage Directory /workdir/hadoop-ozone/integration-test/target/test-dir/MiniOzoneClusterImpl-d93be911-e5ce-4644-bc64-a6ecf0977318/datanode-1/data/ratis/e4e00cde-618a-4476-bc5b-95db22f52bc2] INFO  segmented.SegmentedRaftLogWorker (SegmentedRaftLogWorker.java:execute(569)) - a012690b-0000-4e4f-94e2-81cdbc8d1e43-SegmentedRaftLogWorker:Storage Directory /workdir/hadoop-ozone/integration-test/target/test-dir/MiniOzoneClusterImpl-d93be911-e5ce-4644-bc64-a6ecf0977318/datanode-1/data/ratis/e4e00cde-618a-4476-bc5b-95db22f52bc2: created new log segment /workdir/hadoop-ozone/integration-test/target/test-dir/MiniOzoneClusterImpl-d93be911-e5ce-4644-bc64-a6ecf0977318/datanode-1/data/ratis/e4e00cde-618a-4476-bc5b-95db22f52bc2/current/log_inprogress_0
2019-08-21 20:57:09,987 [Thread-514] INFO  impl.FollowerState (FollowerState.java:run(106)) - eea39f38-c3f6-433c-b3e8-04d870fd166b:group-0B584E06629C changes to CANDIDATE, lastRpcTime:5073, electionTimeout:5073ms
2019-08-21 20:57:09,987 [Thread-514] INFO  impl.RoleInfo (RoleInfo.java:shutdownFollowerState(121)) - eea39f38-c3f6-433c-b3e8-04d870fd166b: shutdown FollowerState
2019-08-21 20:57:09,987 [Thread-514] INFO  impl.RaftServerImpl (RaftServerImpl.java:setRole(171)) - eea39f38-c3f6-433c-b3e8-04d870fd166b:group-0B584E06629C changes role from FOLLOWER to CANDIDATE at term 0 for changeToCandidate
2019-08-21 20:57:09,987 [Thread-514] INFO  impl.RoleInfo (RoleInfo.java:updateAndGet(143)) - eea39f38-c3f6-433c-b3e8-04d870fd166b: start LeaderElection
2019-08-21 20:57:10,004 [eea39f38-c3f6-433c-b3e8-04d870fd166b:group-0B584E06629C:LeaderElection16] INFO  impl.LeaderElection (LeaderElection.java:askForVotes(181)) - eea39f38-c3f6-433c-b3e8-04d870fd166b:group-0B584E06629C:LeaderElection16: begin an election at term 1 for -1: [eea39f38-c3f6-433c-b3e8-04d870fd166b:192.168.5.165:43414], old=null
2019-08-21 20:57:10,004 [eea39f38-c3f6-433c-b3e8-04d870fd166b:group-0B584E06629C:LeaderElection16] INFO  impl.RoleInfo (RoleInfo.java:shutdownLeaderElection(134)) - eea39f38-c3f6-433c-b3e8-04d870fd166b: shutdown LeaderElection
2019-08-21 20:57:10,004 [eea39f38-c3f6-433c-b3e8-04d870fd166b:group-0B584E06629C:LeaderElection16] INFO  impl.RaftServerImpl (RaftServerImpl.java:setRole(171)) - eea39f38-c3f6-433c-b3e8-04d870fd166b:group-0B584E06629C changes role from CANDIDATE to LEADER at term 1 for changeToLeader
2019-08-21 20:57:10,005 [eea39f38-c3f6-433c-b3e8-04d870fd166b:group-0B584E06629C:LeaderElection16] INFO  impl.RaftServerImpl (ServerState.java:setLeader(263)) - eea39f38-c3f6-433c-b3e8-04d870fd166b:group-0B584E06629C change Leader from null to eea39f38-c3f6-433c-b3e8-04d870fd166b at term 1 for becomeLeader, leader elected after 5097ms
2019-08-21 20:57:10,005 [eea39f38-c3f6-433c-b3e8-04d870fd166b:group-0B584E06629C:LeaderElection16] INFO  server.RaftServerConfigKeys (ConfUtils.java:logGet(43)) - raft.server.staging.catchup.gap = 1000 (default)
2019-08-21 20:57:10,005 [eea39f38-c3f6-433c-b3e8-04d870fd166b:group-0B584E06629C:LeaderElection16] INFO  server.RaftServerConfigKeys (ConfUtils.java:logGet(43)) - raft.server.rpc.sleep.time = 25ms (default)
2019-08-21 20:57:10,005 [eea39f38-c3f6-433c-b3e8-04d870fd166b:group-0B584E06629C:LeaderElection16] INFO  server.RaftServerConfigKeys (ConfUtils.java:logGet(43)) - raft.server.write.element-limit = 4096 (default)
2019-08-21 20:57:10,005 [eea39f38-c3f6-433c-b3e8-04d870fd166b:group-0B584E06629C:LeaderElection16] INFO  server.RaftServerConfigKeys (ConfUtils.java:logGet(43)) - raft.server.watch.timeout = 10s (default)
2019-08-21 20:57:10,006 [eea39f38-c3f6-433c-b3e8-04d870fd166b:group-0B584E06629C:LeaderElection16] INFO  server.RaftServerConfigKeys (ConfUtils.java:logGet(43)) - raft.server.watch.timeout.denomination = 1s (default)
2019-08-21 20:57:10,006 [eea39f38-c3f6-433c-b3e8-04d870fd166b:group-0B584E06629C:LeaderElection16] INFO  server.RaftServerConfigKeys (ConfUtils.java:logGet(43)) - raft.server.watch.element-limit = 65536 (default)
2019-08-21 20:57:10,006 [eea39f38-c3f6-433c-b3e8-04d870fd166b:group-0B584E06629C:LeaderElection16] INFO  impl.RoleInfo (RoleInfo.java:updateAndGet(143)) - eea39f38-c3f6-433c-b3e8-04d870fd166b: start LeaderState
2019-08-21 20:57:10,006 [eea39f38-c3f6-433c-b3e8-04d870fd166b:group-0B584E06629C:LeaderElection16] INFO  segmented.SegmentedRaftLogWorker (SegmentedRaftLogWorker.java:startLogSegment(380)) - eea39f38-c3f6-433c-b3e8-04d870fd166b-SegmentedRaftLogWorker:Storage Directory /workdir/hadoop-ozone/integration-test/target/test-dir/MiniOzoneClusterImpl-d93be911-e5ce-4644-bc64-a6ecf0977318/datanode-2/data/ratis/39180633-8a23-44aa-94be-0b584e06629c: Starting segment from index:0
2019-08-21 20:57:10,007 [eea39f38-c3f6-433c-b3e8-04d870fd166b:group-0B584E06629C:LeaderElection16] INFO  impl.RaftServerImpl (ServerState.java:setRaftConf(361)) - eea39f38-c3f6-433c-b3e8-04d870fd166b:group-0B584E06629C set configuration 0: [eea39f38-c3f6-433c-b3e8-04d870fd166b:192.168.5.165:43414], old=null at 0
2019-08-21 20:57:10,046 [Thread-522] INFO  impl.FollowerState (FollowerState.java:run(106)) - b625f10f-96c1-4aa8-a736-6a0ae2c5cd47:group-029BAC6D135A changes to CANDIDATE, lastRpcTime:5032, electionTimeout:5031ms
2019-08-21 20:57:10,046 [Thread-522] INFO  impl.RoleInfo (RoleInfo.java:shutdownFollowerState(121)) - b625f10f-96c1-4aa8-a736-6a0ae2c5cd47: shutdown FollowerState
2019-08-21 20:57:10,046 [Thread-522] INFO  impl.RaftServerImpl (RaftServerImpl.java:setRole(171)) - b625f10f-96c1-4aa8-a736-6a0ae2c5cd47:group-029BAC6D135A changes role from FOLLOWER to CANDIDATE at term 0 for changeToCandidate
2019-08-21 20:57:10,047 [Thread-522] INFO  impl.RoleInfo (RoleInfo.java:updateAndGet(143)) - b625f10f-96c1-4aa8-a736-6a0ae2c5cd47: start LeaderElection
2019-08-21 20:57:10,071 [eea39f38-c3f6-433c-b3e8-04d870fd166b-SegmentedRaftLogWorker:Storage Directory /workdir/hadoop-ozone/integration-test/target/test-dir/MiniOzoneClusterImpl-d93be911-e5ce-4644-bc64-a6ecf0977318/datanode-2/data/ratis/39180633-8a23-44aa-94be-0b584e06629c] INFO  segmented.SegmentedRaftLogWorker (SegmentedRaftLogWorker.java:execute(569)) - eea39f38-c3f6-433c-b3e8-04d870fd166b-SegmentedRaftLogWorker:Storage Directory /workdir/hadoop-ozone/integration-test/target/test-dir/MiniOzoneClusterImpl-d93be911-e5ce-4644-bc64-a6ecf0977318/datanode-2/data/ratis/39180633-8a23-44aa-94be-0b584e06629c: created new log segment /workdir/hadoop-ozone/integration-test/target/test-dir/MiniOzoneClusterImpl-d93be911-e5ce-4644-bc64-a6ecf0977318/datanode-2/data/ratis/39180633-8a23-44aa-94be-0b584e06629c/current/log_inprogress_0
2019-08-21 20:57:10,071 [b625f10f-96c1-4aa8-a736-6a0ae2c5cd47:group-029BAC6D135A:LeaderElection17] INFO  impl.LeaderElection (LeaderElection.java:askForVotes(181)) - b625f10f-96c1-4aa8-a736-6a0ae2c5cd47:group-029BAC6D135A:LeaderElection17: begin an election at term 1 for -1: [a012690b-0000-4e4f-94e2-81cdbc8d1e43:192.168.5.165:41338, eea39f38-c3f6-433c-b3e8-04d870fd166b:192.168.5.165:43414, b625f10f-96c1-4aa8-a736-6a0ae2c5cd47:192.168.5.165:35979], old=null
2019-08-21 20:57:10,082 [grpc-default-executor-1] INFO  impl.RaftServerImpl (RaftServerImpl.java:setRole(171)) - eea39f38-c3f6-433c-b3e8-04d870fd166b:group-029BAC6D135A changes role from FOLLOWER to FOLLOWER at term 1 for recognizeCandidate:b625f10f-96c1-4aa8-a736-6a0ae2c5cd47
2019-08-21 20:57:10,082 [grpc-default-executor-0] INFO  impl.RaftServerImpl (RaftServerImpl.java:setRole(171)) - a012690b-0000-4e4f-94e2-81cdbc8d1e43:group-029BAC6D135A changes role from FOLLOWER to FOLLOWER at term 1 for recognizeCandidate:b625f10f-96c1-4aa8-a736-6a0ae2c5cd47
2019-08-21 20:57:10,083 [grpc-default-executor-1] INFO  impl.RoleInfo (RoleInfo.java:shutdownFollowerState(121)) - eea39f38-c3f6-433c-b3e8-04d870fd166b: shutdown FollowerState
2019-08-21 20:57:10,083 [grpc-default-executor-0] INFO  impl.RoleInfo (RoleInfo.java:shutdownFollowerState(121)) - a012690b-0000-4e4f-94e2-81cdbc8d1e43: shutdown FollowerState
2019-08-21 20:57:10,083 [Thread-521] INFO  impl.FollowerState (FollowerState.java:run(114)) - eea39f38-c3f6-433c-b3e8-04d870fd166b: FollowerState was interrupted: java.lang.InterruptedException: sleep interrupted
2019-08-21 20:57:10,083 [grpc-default-executor-1] INFO  impl.RoleInfo (RoleInfo.java:updateAndGet(143)) - eea39f38-c3f6-433c-b3e8-04d870fd166b: start FollowerState
2019-08-21 20:57:10,084 [grpc-default-executor-0] INFO  impl.RoleInfo (RoleInfo.java:updateAndGet(143)) - a012690b-0000-4e4f-94e2-81cdbc8d1e43: start FollowerState
2019-08-21 20:57:10,084 [Thread-517] INFO  impl.FollowerState (FollowerState.java:run(114)) - a012690b-0000-4e4f-94e2-81cdbc8d1e43: FollowerState was interrupted: java.lang.InterruptedException: sleep interrupted
2019-08-21 20:57:10,106 [b625f10f-96c1-4aa8-a736-6a0ae2c5cd47:group-029BAC6D135A:LeaderElection17] INFO  impl.LeaderElection (LeaderElection.java:logAndReturn(56)) - b625f10f-96c1-4aa8-a736-6a0ae2c5cd47:group-029BAC6D135A:LeaderElection17: Election PASSED; received 1 response(s) [b625f10f-96c1-4aa8-a736-6a0ae2c5cd47<-eea39f38-c3f6-433c-b3e8-04d870fd166b#0:OK-t1] and 0 exception(s); b625f10f-96c1-4aa8-a736-6a0ae2c5cd47:t1, leader=null, voted=b625f10f-96c1-4aa8-a736-6a0ae2c5cd47, raftlog=b625f10f-96c1-4aa8-a736-6a0ae2c5cd47-SegmentedRaftLog:OPENED:c-1,f-1,i0, conf=-1: [a012690b-0000-4e4f-94e2-81cdbc8d1e43:192.168.5.165:41338, eea39f38-c3f6-433c-b3e8-04d870fd166b:192.168.5.165:43414, b625f10f-96c1-4aa8-a736-6a0ae2c5cd47:192.168.5.165:35979], old=null
2019-08-21 20:57:10,106 [b625f10f-96c1-4aa8-a736-6a0ae2c5cd47:group-029BAC6D135A:LeaderElection17] INFO  impl.RoleInfo (RoleInfo.java:shutdownLeaderElection(134)) - b625f10f-96c1-4aa8-a736-6a0ae2c5cd47: shutdown LeaderElection
2019-08-21 20:57:10,107 [b625f10f-96c1-4aa8-a736-6a0ae2c5cd47:group-029BAC6D135A:LeaderElection17] INFO  impl.RaftServerImpl (RaftServerImpl.java:setRole(171)) - b625f10f-96c1-4aa8-a736-6a0ae2c5cd47:group-029BAC6D135A changes role from CANDIDATE to LEADER at term 1 for changeToLeader
2019-08-21 20:57:10,108 [b625f10f-96c1-4aa8-a736-6a0ae2c5cd47:group-029BAC6D135A:LeaderElection17] INFO  impl.RaftServerImpl (ServerState.java:setLeader(263)) - b625f10f-96c1-4aa8-a736-6a0ae2c5cd47:group-029BAC6D135A change Leader from null to b625f10f-96c1-4aa8-a736-6a0ae2c5cd47 at term 1 for becomeLeader, leader elected after 5104ms
2019-08-21 20:57:10,108 [b625f10f-96c1-4aa8-a736-6a0ae2c5cd47:group-029BAC6D135A:LeaderElection17] INFO  server.RaftServerConfigKeys (ConfUtils.java:logGet(43)) - raft.server.staging.catchup.gap = 1000 (default)
2019-08-21 20:57:10,108 [b625f10f-96c1-4aa8-a736-6a0ae2c5cd47:group-029BAC6D135A:LeaderElection17] INFO  server.RaftServerConfigKeys (ConfUtils.java:logGet(43)) - raft.server.rpc.sleep.time = 25ms (default)
2019-08-21 20:57:10,108 [b625f10f-96c1-4aa8-a736-6a0ae2c5cd47:group-029BAC6D135A:LeaderElection17] INFO  server.RaftServerConfigKeys (ConfUtils.java:logGet(43)) - raft.server.write.element-limit = 4096 (default)
2019-08-21 20:57:10,109 [b625f10f-96c1-4aa8-a736-6a0ae2c5cd47:group-029BAC6D135A:LeaderElection17] INFO  server.RaftServerConfigKeys (ConfUtils.java:logGet(43)) - raft.server.watch.timeout = 10s (default)
2019-08-21 20:57:10,109 [b625f10f-96c1-4aa8-a736-6a0ae2c5cd47:group-029BAC6D135A:LeaderElection17] INFO  server.RaftServerConfigKeys (ConfUtils.java:logGet(43)) - raft.server.watch.timeout.denomination = 1s (default)
2019-08-21 20:57:10,109 [b625f10f-96c1-4aa8-a736-6a0ae2c5cd47:group-029BAC6D135A:LeaderElection17] INFO  server.RaftServerConfigKeys (ConfUtils.java:logGet(43)) - raft.server.watch.element-limit = 65536 (default)
2019-08-21 20:57:10,109 [b625f10f-96c1-4aa8-a736-6a0ae2c5cd47:group-029BAC6D135A:LeaderElection17] INFO  server.RaftServerConfigKeys (ConfUtils.java:logGet(43)) - raft.server.log.appender.snapshot.chunk.size.max = 16MB (=16777216) (default)
2019-08-21 20:57:10,110 [b625f10f-96c1-4aa8-a736-6a0ae2c5cd47:group-029BAC6D135A:LeaderElection17] INFO  server.RaftServerConfigKeys (ConfUtils.java:logGet(43)) - raft.server.log.appender.buffer.byte-limit = 33554432 (custom)
2019-08-21 20:57:10,110 [b625f10f-96c1-4aa8-a736-6a0ae2c5cd47:group-029BAC6D135A:LeaderElection17] INFO  server.RaftServerConfigKeys (ConfUtils.java:logGet(43)) - raft.server.log.appender.buffer.element-limit = 1 (custom)
2019-08-21 20:57:10,110 [b625f10f-96c1-4aa8-a736-6a0ae2c5cd47:group-029BAC6D135A:LeaderElection17] INFO  grpc.GrpcConfigKeys$Server (ConfUtils.java:logGet(43)) - raft.grpc.server.leader.outstanding.appends.max = 128 (default)
2019-08-21 20:57:10,110 [b625f10f-96c1-4aa8-a736-6a0ae2c5cd47:group-029BAC6D135A:LeaderElection17] INFO  server.RaftServerConfigKeys (ConfUtils.java:logGet(43)) - raft.server.rpc.request.timeout = 3000ms (default)
2019-08-21 20:57:10,111 [b625f10f-96c1-4aa8-a736-6a0ae2c5cd47:group-029BAC6D135A:LeaderElection17] INFO  server.RaftServerConfigKeys (ConfUtils.java:logGet(43)) - raft.server.log.appender.install.snapshot.enabled = false (custom)
2019-08-21 20:57:10,111 [b625f10f-96c1-4aa8-a736-6a0ae2c5cd47:group-029BAC6D135A:LeaderElection17] INFO  server.RaftServerConfigKeys (ConfUtils.java:logGet(43)) - raft.server.log.appender.snapshot.chunk.size.max = 16MB (=16777216) (default)
2019-08-21 20:57:10,111 [b625f10f-96c1-4aa8-a736-6a0ae2c5cd47:group-029BAC6D135A:LeaderElection17] INFO  server.RaftServerConfigKeys (ConfUtils.java:logGet(43)) - raft.server.log.appender.buffer.byte-limit = 33554432 (custom)
2019-08-21 20:57:10,111 [b625f10f-96c1-4aa8-a736-6a0ae2c5cd47:group-029BAC6D135A:LeaderElection17] INFO  server.RaftServerConfigKeys (ConfUtils.java:logGet(43)) - raft.server.log.appender.buffer.element-limit = 1 (custom)
2019-08-21 20:57:10,112 [b625f10f-96c1-4aa8-a736-6a0ae2c5cd47:group-029BAC6D135A:LeaderElection17] INFO  grpc.GrpcConfigKeys$Server (ConfUtils.java:logGet(43)) - raft.grpc.server.leader.outstanding.appends.max = 128 (default)
2019-08-21 20:57:10,112 [b625f10f-96c1-4aa8-a736-6a0ae2c5cd47:group-029BAC6D135A:LeaderElection17] INFO  server.RaftServerConfigKeys (ConfUtils.java:logGet(43)) - raft.server.rpc.request.timeout = 3000ms (default)
2019-08-21 20:57:10,112 [b625f10f-96c1-4aa8-a736-6a0ae2c5cd47:group-029BAC6D135A:LeaderElection17] INFO  server.RaftServerConfigKeys (ConfUtils.java:logGet(43)) - raft.server.log.appender.install.snapshot.enabled = false (custom)
2019-08-21 20:57:10,112 [b625f10f-96c1-4aa8-a736-6a0ae2c5cd47:group-029BAC6D135A:LeaderElection17] INFO  impl.RoleInfo (RoleInfo.java:updateAndGet(143)) - b625f10f-96c1-4aa8-a736-6a0ae2c5cd47: start LeaderState
2019-08-21 20:57:10,113 [b625f10f-96c1-4aa8-a736-6a0ae2c5cd47:group-029BAC6D135A:LeaderElection17] INFO  segmented.SegmentedRaftLogWorker (SegmentedRaftLogWorker.java:startLogSegment(380)) - b625f10f-96c1-4aa8-a736-6a0ae2c5cd47-SegmentedRaftLogWorker:Storage Directory /workdir/hadoop-ozone/integration-test/target/test-dir/MiniOzoneClusterImpl-d93be911-e5ce-4644-bc64-a6ecf0977318/datanode-0/data/ratis/5dad979d-a387-4dfb-8e76-029bac6d135a: Starting segment from index:0
2019-08-21 20:57:10,113 [b625f10f-96c1-4aa8-a736-6a0ae2c5cd47:group-029BAC6D135A:LeaderElection17] INFO  impl.RaftServerImpl (ServerState.java:setRaftConf(361)) - b625f10f-96c1-4aa8-a736-6a0ae2c5cd47:group-029BAC6D135A set configuration 0: [a012690b-0000-4e4f-94e2-81cdbc8d1e43:192.168.5.165:41338, eea39f38-c3f6-433c-b3e8-04d870fd166b:192.168.5.165:43414, b625f10f-96c1-4aa8-a736-6a0ae2c5cd47:192.168.5.165:35979], old=null at 0
2019-08-21 20:57:10,157 [grpc-default-executor-0] INFO  impl.RaftServerImpl (ServerState.java:setLeader(263)) - a012690b-0000-4e4f-94e2-81cdbc8d1e43:group-029BAC6D135A change Leader from null to b625f10f-96c1-4aa8-a736-6a0ae2c5cd47 at term 1 for appendEntries, leader elected after 5156ms
2019-08-21 20:57:10,157 [grpc-default-executor-1] INFO  impl.RaftServerImpl (ServerState.java:setLeader(263)) - eea39f38-c3f6-433c-b3e8-04d870fd166b:group-029BAC6D135A change Leader from null to b625f10f-96c1-4aa8-a736-6a0ae2c5cd47 at term 1 for appendEntries, leader elected after 5153ms
2019-08-21 20:57:10,164 [grpc-default-executor-1] INFO  impl.RaftServerImpl (ServerState.java:setRaftConf(361)) - eea39f38-c3f6-433c-b3e8-04d870fd166b:group-029BAC6D135A set configuration 0: [a012690b-0000-4e4f-94e2-81cdbc8d1e43:192.168.5.165:41338, eea39f38-c3f6-433c-b3e8-04d870fd166b:192.168.5.165:43414, b625f10f-96c1-4aa8-a736-6a0ae2c5cd47:192.168.5.165:35979], old=null at 0
2019-08-21 20:57:10,165 [grpc-default-executor-1] INFO  segmented.SegmentedRaftLogWorker (SegmentedRaftLogWorker.java:startLogSegment(380)) - eea39f38-c3f6-433c-b3e8-04d870fd166b-SegmentedRaftLogWorker:Storage Directory /workdir/hadoop-ozone/integration-test/target/test-dir/MiniOzoneClusterImpl-d93be911-e5ce-4644-bc64-a6ecf0977318/datanode-2/data/ratis/5dad979d-a387-4dfb-8e76-029bac6d135a: Starting segment from index:0
2019-08-21 20:57:10,165 [grpc-default-executor-0] INFO  impl.RaftServerImpl (ServerState.java:setRaftConf(361)) - a012690b-0000-4e4f-94e2-81cdbc8d1e43:group-029BAC6D135A set configuration 0: [a012690b-0000-4e4f-94e2-81cdbc8d1e43:192.168.5.165:41338, eea39f38-c3f6-433c-b3e8-04d870fd166b:192.168.5.165:43414, b625f10f-96c1-4aa8-a736-6a0ae2c5cd47:192.168.5.165:35979], old=null at 0
2019-08-21 20:57:10,166 [grpc-default-executor-0] INFO  segmented.SegmentedRaftLogWorker (SegmentedRaftLogWorker.java:startLogSegment(380)) - a012690b-0000-4e4f-94e2-81cdbc8d1e43-SegmentedRaftLogWorker:Storage Directory /workdir/hadoop-ozone/integration-test/target/test-dir/MiniOzoneClusterImpl-d93be911-e5ce-4644-bc64-a6ecf0977318/datanode-1/data/ratis/5dad979d-a387-4dfb-8e76-029bac6d135a: Starting segment from index:0
2019-08-21 20:57:10,177 [b625f10f-96c1-4aa8-a736-6a0ae2c5cd47-SegmentedRaftLogWorker:Storage Directory /workdir/hadoop-ozone/integration-test/target/test-dir/MiniOzoneClusterImpl-d93be911-e5ce-4644-bc64-a6ecf0977318/datanode-0/data/ratis/5dad979d-a387-4dfb-8e76-029bac6d135a] INFO  segmented.SegmentedRaftLogWorker (SegmentedRaftLogWorker.java:execute(569)) - b625f10f-96c1-4aa8-a736-6a0ae2c5cd47-SegmentedRaftLogWorker:Storage Directory /workdir/hadoop-ozone/integration-test/target/test-dir/MiniOzoneClusterImpl-d93be911-e5ce-4644-bc64-a6ecf0977318/datanode-0/data/ratis/5dad979d-a387-4dfb-8e76-029bac6d135a: created new log segment /workdir/hadoop-ozone/integration-test/target/test-dir/MiniOzoneClusterImpl-d93be911-e5ce-4644-bc64-a6ecf0977318/datanode-0/data/ratis/5dad979d-a387-4dfb-8e76-029bac6d135a/current/log_inprogress_0
2019-08-21 20:57:10,219 [eea39f38-c3f6-433c-b3e8-04d870fd166b-SegmentedRaftLogWorker:Storage Directory /workdir/hadoop-ozone/integration-test/target/test-dir/MiniOzoneClusterImpl-d93be911-e5ce-4644-bc64-a6ecf0977318/datanode-2/data/ratis/5dad979d-a387-4dfb-8e76-029bac6d135a] INFO  segmented.SegmentedRaftLogWorker (SegmentedRaftLogWorker.java:execute(569)) - eea39f38-c3f6-433c-b3e8-04d870fd166b-SegmentedRaftLogWorker:Storage Directory /workdir/hadoop-ozone/integration-test/target/test-dir/MiniOzoneClusterImpl-d93be911-e5ce-4644-bc64-a6ecf0977318/datanode-2/data/ratis/5dad979d-a387-4dfb-8e76-029bac6d135a: created new log segment /workdir/hadoop-ozone/integration-test/target/test-dir/MiniOzoneClusterImpl-d93be911-e5ce-4644-bc64-a6ecf0977318/datanode-2/data/ratis/5dad979d-a387-4dfb-8e76-029bac6d135a/current/log_inprogress_0
2019-08-21 20:57:10,219 [a012690b-0000-4e4f-94e2-81cdbc8d1e43-SegmentedRaftLogWorker:Storage Directory /workdir/hadoop-ozone/integration-test/target/test-dir/MiniOzoneClusterImpl-d93be911-e5ce-4644-bc64-a6ecf0977318/datanode-1/data/ratis/5dad979d-a387-4dfb-8e76-029bac6d135a] INFO  segmented.SegmentedRaftLogWorker (SegmentedRaftLogWorker.java:execute(569)) - a012690b-0000-4e4f-94e2-81cdbc8d1e43-SegmentedRaftLogWorker:Storage Directory /workdir/hadoop-ozone/integration-test/target/test-dir/MiniOzoneClusterImpl-d93be911-e5ce-4644-bc64-a6ecf0977318/datanode-1/data/ratis/5dad979d-a387-4dfb-8e76-029bac6d135a: created new log segment /workdir/hadoop-ozone/integration-test/target/test-dir/MiniOzoneClusterImpl-d93be911-e5ce-4644-bc64-a6ecf0977318/datanode-1/data/ratis/5dad979d-a387-4dfb-8e76-029bac6d135a/current/log_inprogress_0
2019-08-21 20:57:10,652 | INFO  | SCMAudit | user=jenkins1000 | ip=192.168.5.165 | op=SEND_HEARTBEAT {datanodeUUID=a012690b-0000-4e4f-94e2-81cdbc8d1e43, command=[]} | ret=SUCCESS |  
2019-08-21 20:57:10,861 | INFO  | SCMAudit | user=jenkins1000 | ip=192.168.5.165 | op=SEND_HEARTBEAT {datanodeUUID=eea39f38-c3f6-433c-b3e8-04d870fd166b, command=[]} | ret=SUCCESS |  
2019-08-21 20:57:10,863 [Thread-334] INFO  ozoneimpl.OzoneContainer (OzoneContainer.java:stop(199)) - Attempting to stop container services.
2019-08-21 20:57:10,863 [Thread-334] INFO  impl.RaftServerProxy (RaftServerProxy.java:lambda$close$4(314)) - b625f10f-96c1-4aa8-a736-6a0ae2c5cd47: close
2019-08-21 20:57:10,864 [Thread-334] INFO  impl.RaftServerImpl (RaftServerImpl.java:lambda$shutdown$3(245)) - b625f10f-96c1-4aa8-a736-6a0ae2c5cd47: shutdown group-029BAC6D135A
2019-08-21 20:57:10,864 [ForkJoinPool.commonPool-worker-1] INFO  impl.RaftServerImpl (RaftServerImpl.java:lambda$shutdown$3(245)) - b625f10f-96c1-4aa8-a736-6a0ae2c5cd47: shutdown group-DEEFF3A4C9B5
2019-08-21 20:57:10,864 [Thread-334] INFO  util.JmxRegister (JmxRegister.java:unregister(73)) - Successfully un-registered JMX Bean with object name Ratis:service=RaftServer,group=group-029BAC6D135A,id=b625f10f-96c1-4aa8-a736-6a0ae2c5cd47
2019-08-21 20:57:10,864 [ForkJoinPool.commonPool-worker-1] INFO  util.JmxRegister (JmxRegister.java:unregister(73)) - Successfully un-registered JMX Bean with object name Ratis:service=RaftServer,group=group-DEEFF3A4C9B5,id=b625f10f-96c1-4aa8-a736-6a0ae2c5cd47
2019-08-21 20:57:10,865 [Thread-334] INFO  impl.RoleInfo (RoleInfo.java:shutdownLeaderState(104)) - b625f10f-96c1-4aa8-a736-6a0ae2c5cd47: shutdown LeaderState
2019-08-21 20:57:10,865 [ForkJoinPool.commonPool-worker-1] INFO  impl.RoleInfo (RoleInfo.java:shutdownLeaderState(104)) - b625f10f-96c1-4aa8-a736-6a0ae2c5cd47: shutdown LeaderState
2019-08-21 20:57:10,869 [Thread-334] INFO  impl.PendingRequests (PendingRequests.java:sendNotLeaderResponses(202)) - b625f10f-96c1-4aa8-a736-6a0ae2c5cd47-PendingRequests: sendNotLeaderResponses
2019-08-21 20:57:10,869 [org.apache.ratis.server.impl.LogAppender$AppenderDaemon$$Lambda$408/1348378720@69a5a3b7] WARN  server.GrpcLogAppender (GrpcLogAppender.java:mayWait(143)) - GrpcLogAppender(b625f10f-96c1-4aa8-a736-6a0ae2c5cd47->eea39f38-c3f6-433c-b3e8-04d870fd166b): Wait interrupted by java.lang.InterruptedException
2019-08-21 20:57:10,869 [Thread-334] INFO  impl.StateMachineUpdater (StateMachineUpdater.java:stopAndJoin(115)) - StateMachineUpdater:b625f10f-96c1-4aa8-a736-6a0ae2c5cd47:group-029BAC6D135A: set stopIndex = 0
2019-08-21 20:57:10,869 [org.apache.ratis.server.impl.LogAppender$AppenderDaemon$$Lambda$408/1348378720@2ca72847] WARN  server.GrpcLogAppender (GrpcLogAppender.java:mayWait(143)) - GrpcLogAppender(b625f10f-96c1-4aa8-a736-6a0ae2c5cd47->a012690b-0000-4e4f-94e2-81cdbc8d1e43): Wait interrupted by java.lang.InterruptedException
2019-08-21 20:57:10,869 [ForkJoinPool.commonPool-worker-1] INFO  impl.PendingRequests (PendingRequests.java:sendNotLeaderResponses(202)) - b625f10f-96c1-4aa8-a736-6a0ae2c5cd47-PendingRequests: sendNotLeaderResponses
2019-08-21 20:57:10,873 [Thread-334] INFO  impl.RaftServerImpl (ServerState.java:close(394)) - b625f10f-96c1-4aa8-a736-6a0ae2c5cd47:group-029BAC6D135A closes. The last applied log index is 0
2019-08-21 20:57:10,874 [ForkJoinPool.commonPool-worker-1] INFO  impl.StateMachineUpdater (StateMachineUpdater.java:stopAndJoin(115)) - StateMachineUpdater:b625f10f-96c1-4aa8-a736-6a0ae2c5cd47:group-DEEFF3A4C9B5: set stopIndex = 0
2019-08-21 20:57:10,875 [grpc-default-executor-0] INFO  server.GrpcServerProtocolService (GrpcServerProtocolService.java:onCompleted(104)) - eea39f38-c3f6-433c-b3e8-04d870fd166b: appendEntries completed
2019-08-21 20:57:10,881 [grpc-default-executor-1] INFO  server.GrpcServerProtocolService (GrpcServerProtocolService.java:onCompleted(104)) - a012690b-0000-4e4f-94e2-81cdbc8d1e43: appendEntries completed
2019-08-21 20:57:10,881 [ForkJoinPool.commonPool-worker-1] INFO  impl.RaftServerImpl (ServerState.java:close(394)) - b625f10f-96c1-4aa8-a736-6a0ae2c5cd47:group-DEEFF3A4C9B5 closes. The last applied log index is 0
2019-08-21 20:57:10,881 [b625f10f-96c1-4aa8-a736-6a0ae2c5cd47-SegmentedRaftLogWorker:Storage Directory /workdir/hadoop-ozone/integration-test/target/test-dir/MiniOzoneClusterImpl-d93be911-e5ce-4644-bc64-a6ecf0977318/datanode-0/data/ratis/5dad979d-a387-4dfb-8e76-029bac6d135a] INFO  segmented.SegmentedRaftLogWorker (SegmentedRaftLogWorker.java:run(313)) - b625f10f-96c1-4aa8-a736-6a0ae2c5cd47-SegmentedRaftLogWorker:Storage Directory /workdir/hadoop-ozone/integration-test/target/test-dir/MiniOzoneClusterImpl-d93be911-e5ce-4644-bc64-a6ecf0977318/datanode-0/data/ratis/5dad979d-a387-4dfb-8e76-029bac6d135a was interrupted, exiting. There are 0 tasks remaining in the queue.
2019-08-21 20:57:10,882 [b625f10f-96c1-4aa8-a736-6a0ae2c5cd47-SegmentedRaftLogWorker:Storage Directory /workdir/hadoop-ozone/integration-test/target/test-dir/MiniOzoneClusterImpl-d93be911-e5ce-4644-bc64-a6ecf0977318/datanode-0/data/ratis/7843bab9-8e28-4ad6-a0e4-deeff3a4c9b5] INFO  segmented.SegmentedRaftLogWorker (SegmentedRaftLogWorker.java:run(313)) - b625f10f-96c1-4aa8-a736-6a0ae2c5cd47-SegmentedRaftLogWorker:Storage Directory /workdir/hadoop-ozone/integration-test/target/test-dir/MiniOzoneClusterImpl-d93be911-e5ce-4644-bc64-a6ecf0977318/datanode-0/data/ratis/7843bab9-8e28-4ad6-a0e4-deeff3a4c9b5 was interrupted, exiting. There are 0 tasks remaining in the queue.
2019-08-21 20:57:10,883 [Thread-334] INFO  segmented.SegmentedRaftLogWorker (SegmentedRaftLogWorker.java:close(228)) - b625f10f-96c1-4aa8-a736-6a0ae2c5cd47-SegmentedRaftLogWorker:Storage Directory /workdir/hadoop-ozone/integration-test/target/test-dir/MiniOzoneClusterImpl-d93be911-e5ce-4644-bc64-a6ecf0977318/datanode-0/data/ratis/5dad979d-a387-4dfb-8e76-029bac6d135a close()
2019-08-21 20:57:10,885 [grpc-default-executor-0] INFO  server.GrpcLogAppender (GrpcLogAppender.java:onCompleted(292)) - b625f10f-96c1-4aa8-a736-6a0ae2c5cd47->a012690b-0000-4e4f-94e2-81cdbc8d1e43: follower responses appendEntries COMPLETED
2019-08-21 20:57:10,885 [grpc-default-executor-1] INFO  server.GrpcLogAppender (GrpcLogAppender.java:onCompleted(292)) - b625f10f-96c1-4aa8-a736-6a0ae2c5cd47->eea39f38-c3f6-433c-b3e8-04d870fd166b: follower responses appendEntries COMPLETED
2019-08-21 20:57:10,885 [ForkJoinPool.commonPool-worker-1] INFO  segmented.SegmentedRaftLogWorker (SegmentedRaftLogWorker.java:close(228)) - b625f10f-96c1-4aa8-a736-6a0ae2c5cd47-SegmentedRaftLogWorker:Storage Directory /workdir/hadoop-ozone/integration-test/target/test-dir/MiniOzoneClusterImpl-d93be911-e5ce-4644-bc64-a6ecf0977318/datanode-0/data/ratis/7843bab9-8e28-4ad6-a0e4-deeff3a4c9b5 close()
2019-08-21 20:57:10,890 [grpc-default-executor-1] INFO  impl.FollowerInfo (FollowerInfo.java:lambda$new$0(50)) - b625f10f-96c1-4aa8-a736-6a0ae2c5cd47->eea39f38-c3f6-433c-b3e8-04d870fd166b: nextIndex: updateUnconditionally 1 -> 0
2019-08-21 20:57:10,897 [Thread-334] INFO  server.GrpcService (GrpcService.java:closeImpl(155)) - b625f10f-96c1-4aa8-a736-6a0ae2c5cd47: shutdown server with port 35979 now
2019-08-21 20:57:10,890 [grpc-default-executor-0] INFO  impl.FollowerInfo (FollowerInfo.java:lambda$new$0(50)) - b625f10f-96c1-4aa8-a736-6a0ae2c5cd47->a012690b-0000-4e4f-94e2-81cdbc8d1e43: nextIndex: updateUnconditionally 1 -> 0
2019-08-21 20:57:10,901 [Thread-334] INFO  server.GrpcService (GrpcService.java:closeImpl(163)) - b625f10f-96c1-4aa8-a736-6a0ae2c5cd47: shutdown server with port 35979 successfully
2019-08-21 20:57:10,902 [Thread-334] INFO  utils.BackgroundService (BackgroundService.java:shutdown(148)) - Shutting down service BlockDeletingService
2019-08-21 20:57:10,903 [refreshUsed-/workdir/hadoop-ozone/integration-test/target/test-dir/MiniOzoneClusterImpl-d93be911-e5ce-4644-bc64-a6ecf0977318/datanode-0/data/containers] WARN  fs.CachingGetSpaceUsed (CachingGetSpaceUsed.java:run(183)) - Thread Interrupted waiting to refresh disk information: sleep interrupted
2019-08-21 20:57:10,932 [Thread-334] INFO  statemachine.DatanodeStateMachine (DatanodeStateMachine.java:stopDaemon(395)) - Ozone container server stopped.
2019-08-21 20:57:10,933 [Thread-334] INFO  handler.ContextHandler (ContextHandler.java:doStop(910)) - Stopped o.e.j.w.WebAppContext@3a63d72e{/,null,UNAVAILABLE}{/hddsDatanode}
2019-08-21 20:57:10,934 [Thread-334] INFO  server.AbstractConnector (AbstractConnector.java:doStop(318)) - Stopped ServerConnector@5ab64daa{HTTP/1.1,[http/1.1]}{0.0.0.0:0}
2019-08-21 20:57:10,935 [Thread-334] INFO  handler.ContextHandler (ContextHandler.java:doStop(910)) - Stopped o.e.j.s.ServletContextHandler@1b442109{/static,jar:file:/home/user/.m2/repository/org/apache/hadoop/hadoop-hdds-container-service/0.5.0-SNAPSHOT/hadoop-hdds-container-service-0.5.0-SNAPSHOT.jar!/webapps/static,UNAVAILABLE}
2019-08-21 20:57:10,935 [Thread-334] INFO  handler.ContextHandler (ContextHandler.java:doStop(910)) - Stopped o.e.j.s.ServletContextHandler@447611d0{/logs,file:///workdir/hadoop-ozone/integration-test/target/log,UNAVAILABLE}
2019-08-21 20:57:10,936 [Thread-334] INFO  datanode.ObjectStoreHandler (ObjectStoreHandler.java:close(155)) - Closing ObjectStoreHandler.
2019-08-21 20:57:10,937 [Thread-334] INFO  ozone.HddsDatanodeService (HddsDatanodeService.java:stop(451)) - Stopped plug-in org.apache.hadoop.ozone.web.OzoneHddsDatanodeService@6b5f5c04
2019-08-21 20:57:11,650 [Datanode State Machine Thread - 0] INFO  statemachine.DatanodeStateMachine (DatanodeStateMachine.java:lambda$startDaemon$0(350)) - Ozone container server started.
2019-08-21 20:57:11,861 | INFO  | SCMAudit | user=jenkins1000 | ip=192.168.5.165 | op=SEND_HEARTBEAT {datanodeUUID=eea39f38-c3f6-433c-b3e8-04d870fd166b, command=[]} | ret=SUCCESS |  
2019-08-21 20:57:12,861 | INFO  | SCMAudit | user=jenkins1000 | ip=192.168.5.165 | op=SEND_HEARTBEAT {datanodeUUID=eea39f38-c3f6-433c-b3e8-04d870fd166b, command=[]} | ret=SUCCESS |  
2019-08-21 20:57:13,862 | INFO  | SCMAudit | user=jenkins1000 | ip=192.168.5.165 | op=SEND_HEARTBEAT {datanodeUUID=eea39f38-c3f6-433c-b3e8-04d870fd166b, command=[]} | ret=SUCCESS |  
2019-08-21 20:57:14,862 | INFO  | SCMAudit | user=jenkins1000 | ip=192.168.5.165 | op=SEND_HEARTBEAT {datanodeUUID=eea39f38-c3f6-433c-b3e8-04d870fd166b, command=[]} | ret=SUCCESS |  
2019-08-21 20:57:15,863 | INFO  | SCMAudit | user=jenkins1000 | ip=192.168.5.165 | op=SEND_HEARTBEAT {datanodeUUID=eea39f38-c3f6-433c-b3e8-04d870fd166b, command=[]} | ret=SUCCESS |  
2019-08-21 20:57:15,892 [EventQueue-StaleNodeForStaleNodeHandler] INFO  node.StaleNodeHandler (StaleNodeHandler.java:onMessage(58)) - Datanode a012690b-0000-4e4f-94e2-81cdbc8d1e43{ip: 192.168.5.165, host: pr-hdds-1347-9b9ps-3331872021, networkLocation: /default-rack, certSerialId: null} moved to stale state. Finalizing its pipelines [PipelineID=e4e00cde-618a-4476-bc5b-95db22f52bc2, PipelineID=5dad979d-a387-4dfb-8e76-029bac6d135a]
2019-08-21 20:57:15,892 [EventQueue-StaleNodeForStaleNodeHandler] INFO  pipeline.SCMPipelineManager (SCMPipelineManager.java:finalizeAndDestroyPipeline(309)) - destroying pipeline:Pipeline[ Id: e4e00cde-618a-4476-bc5b-95db22f52bc2, Nodes: a012690b-0000-4e4f-94e2-81cdbc8d1e43{ip: 192.168.5.165, host: pr-hdds-1347-9b9ps-3331872021, networkLocation: /default-rack, certSerialId: null}, Type:RATIS, Factor:ONE, State:OPEN]
2019-08-21 20:57:15,892 [EventQueue-StaleNodeForStaleNodeHandler] INFO  pipeline.PipelineStateManager (PipelineStateManager.java:finalizePipeline(123)) - Pipeline Pipeline[ Id: e4e00cde-618a-4476-bc5b-95db22f52bc2, Nodes: a012690b-0000-4e4f-94e2-81cdbc8d1e43{ip: 192.168.5.165, host: pr-hdds-1347-9b9ps-3331872021, networkLocation: /default-rack, certSerialId: null}, Type:RATIS, Factor:ONE, State:CLOSED] moved to CLOSED state
2019-08-21 20:57:15,893 [EventQueue-StaleNodeForStaleNodeHandler] INFO  pipeline.SCMPipelineManager (SCMPipelineManager.java:finalizeAndDestroyPipeline(309)) - destroying pipeline:Pipeline[ Id: 5dad979d-a387-4dfb-8e76-029bac6d135a, Nodes: a012690b-0000-4e4f-94e2-81cdbc8d1e43{ip: 192.168.5.165, host: pr-hdds-1347-9b9ps-3331872021, networkLocation: /default-rack, certSerialId: null}eea39f38-c3f6-433c-b3e8-04d870fd166b{ip: 192.168.5.165, host: pr-hdds-1347-9b9ps-3331872021, networkLocation: /default-rack, certSerialId: null}b625f10f-96c1-4aa8-a736-6a0ae2c5cd47{ip: 192.168.5.165, host: pr-hdds-1347-9b9ps-3331872021, networkLocation: /default-rack, certSerialId: null}, Type:RATIS, Factor:THREE, State:CLOSED]
2019-08-21 20:57:15,938 [Thread-334] INFO  ozoneimpl.OzoneContainer (OzoneContainer.java:stop(199)) - Attempting to stop container services.
2019-08-21 20:57:15,938 [Thread-334] INFO  impl.RaftServerProxy (RaftServerProxy.java:lambda$close$4(314)) - a012690b-0000-4e4f-94e2-81cdbc8d1e43: close
2019-08-21 20:57:15,939 [Thread-334] INFO  impl.RaftServerImpl (RaftServerImpl.java:lambda$shutdown$3(245)) - a012690b-0000-4e4f-94e2-81cdbc8d1e43: shutdown group-95DB22F52BC2
2019-08-21 20:57:15,939 [Thread-334] INFO  util.JmxRegister (JmxRegister.java:unregister(73)) - Successfully un-registered JMX Bean with object name Ratis:service=RaftServer,group=group-95DB22F52BC2,id=a012690b-0000-4e4f-94e2-81cdbc8d1e43
2019-08-21 20:57:15,940 [Thread-334] INFO  impl.RoleInfo (RoleInfo.java:shutdownLeaderState(104)) - a012690b-0000-4e4f-94e2-81cdbc8d1e43: shutdown LeaderState
2019-08-21 20:57:15,940 [Thread-334] INFO  impl.PendingRequests (PendingRequests.java:sendNotLeaderResponses(202)) - a012690b-0000-4e4f-94e2-81cdbc8d1e43-PendingRequests: sendNotLeaderResponses
2019-08-21 20:57:15,940 [Thread-334] INFO  impl.StateMachineUpdater (StateMachineUpdater.java:stopAndJoin(115)) - StateMachineUpdater:a012690b-0000-4e4f-94e2-81cdbc8d1e43:group-95DB22F52BC2: set stopIndex = 0
2019-08-21 20:57:15,941 [Thread-334] INFO  impl.RaftServerImpl (ServerState.java:close(394)) - a012690b-0000-4e4f-94e2-81cdbc8d1e43:group-95DB22F52BC2 closes. The last applied log index is 0
2019-08-21 20:57:15,941 [a012690b-0000-4e4f-94e2-81cdbc8d1e43-SegmentedRaftLogWorker:Storage Directory /workdir/hadoop-ozone/integration-test/target/test-dir/MiniOzoneClusterImpl-d93be911-e5ce-4644-bc64-a6ecf0977318/datanode-1/data/ratis/e4e00cde-618a-4476-bc5b-95db22f52bc2] INFO  segmented.SegmentedRaftLogWorker (SegmentedRaftLogWorker.java:run(313)) - a012690b-0000-4e4f-94e2-81cdbc8d1e43-SegmentedRaftLogWorker:Storage Directory /workdir/hadoop-ozone/integration-test/target/test-dir/MiniOzoneClusterImpl-d93be911-e5ce-4644-bc64-a6ecf0977318/datanode-1/data/ratis/e4e00cde-618a-4476-bc5b-95db22f52bc2 was interrupted, exiting. There are 0 tasks remaining in the queue.
2019-08-21 20:57:15,944 [Thread-334] INFO  segmented.SegmentedRaftLogWorker (SegmentedRaftLogWorker.java:close(228)) - a012690b-0000-4e4f-94e2-81cdbc8d1e43-SegmentedRaftLogWorker:Storage Directory /workdir/hadoop-ozone/integration-test/target/test-dir/MiniOzoneClusterImpl-d93be911-e5ce-4644-bc64-a6ecf0977318/datanode-1/data/ratis/e4e00cde-618a-4476-bc5b-95db22f52bc2 close()
2019-08-21 20:57:15,945 [Thread-334] INFO  impl.RaftServerImpl (RaftServerImpl.java:lambda$shutdown$3(245)) - a012690b-0000-4e4f-94e2-81cdbc8d1e43: shutdown group-029BAC6D135A
2019-08-21 20:57:15,946 [Thread-334] INFO  util.JmxRegister (JmxRegister.java:unregister(73)) - Successfully un-registered JMX Bean with object name Ratis:service=RaftServer,group=group-029BAC6D135A,id=a012690b-0000-4e4f-94e2-81cdbc8d1e43
2019-08-21 20:57:15,946 [Thread-334] INFO  impl.RoleInfo (RoleInfo.java:shutdownFollowerState(121)) - a012690b-0000-4e4f-94e2-81cdbc8d1e43: shutdown FollowerState
2019-08-21 20:57:15,946 [Thread-334] INFO  impl.StateMachineUpdater (StateMachineUpdater.java:stopAndJoin(115)) - StateMachineUpdater:a012690b-0000-4e4f-94e2-81cdbc8d1e43:group-029BAC6D135A: set stopIndex = -1
2019-08-21 20:57:15,946 [Thread-537] INFO  impl.FollowerState (FollowerState.java:run(114)) - a012690b-0000-4e4f-94e2-81cdbc8d1e43: FollowerState was interrupted: java.lang.InterruptedException: sleep interrupted
2019-08-21 20:57:15,947 [Thread-334] INFO  impl.RaftServerImpl (ServerState.java:close(394)) - a012690b-0000-4e4f-94e2-81cdbc8d1e43:group-029BAC6D135A closes. The last applied log index is -1
2019-08-21 20:57:15,948 [a012690b-0000-4e4f-94e2-81cdbc8d1e43-SegmentedRaftLogWorker:Storage Directory /workdir/hadoop-ozone/integration-test/target/test-dir/MiniOzoneClusterImpl-d93be911-e5ce-4644-bc64-a6ecf0977318/datanode-1/data/ratis/5dad979d-a387-4dfb-8e76-029bac6d135a] INFO  segmented.SegmentedRaftLogWorker (SegmentedRaftLogWorker.java:run(313)) - a012690b-0000-4e4f-94e2-81cdbc8d1e43-SegmentedRaftLogWorker:Storage Directory /workdir/hadoop-ozone/integration-test/target/test-dir/MiniOzoneClusterImpl-d93be911-e5ce-4644-bc64-a6ecf0977318/datanode-1/data/ratis/5dad979d-a387-4dfb-8e76-029bac6d135a was interrupted, exiting. There are 0 tasks remaining in the queue.
2019-08-21 20:57:15,949 [Thread-334] INFO  segmented.SegmentedRaftLogWorker (SegmentedRaftLogWorker.java:close(228)) - a012690b-0000-4e4f-94e2-81cdbc8d1e43-SegmentedRaftLogWorker:Storage Directory /workdir/hadoop-ozone/integration-test/target/test-dir/MiniOzoneClusterImpl-d93be911-e5ce-4644-bc64-a6ecf0977318/datanode-1/data/ratis/5dad979d-a387-4dfb-8e76-029bac6d135a close()
2019-08-21 20:57:15,951 [Thread-334] INFO  server.GrpcService (GrpcService.java:closeImpl(155)) - a012690b-0000-4e4f-94e2-81cdbc8d1e43: shutdown server with port 41338 now
2019-08-21 20:57:15,951 [Thread-334] INFO  server.GrpcService (GrpcService.java:closeImpl(163)) - a012690b-0000-4e4f-94e2-81cdbc8d1e43: shutdown server with port 41338 successfully
2019-08-21 20:57:15,952 [Thread-334] INFO  utils.BackgroundService (BackgroundService.java:shutdown(148)) - Shutting down service BlockDeletingService
2019-08-21 20:57:15,953 [refreshUsed-/workdir/hadoop-ozone/integration-test/target/test-dir/MiniOzoneClusterImpl-d93be911-e5ce-4644-bc64-a6ecf0977318/datanode-1/data/containers] WARN  fs.CachingGetSpaceUsed (CachingGetSpaceUsed.java:run(183)) - Thread Interrupted waiting to refresh disk information: sleep interrupted
2019-08-21 20:57:15,974 [Thread-334] INFO  statemachine.DatanodeStateMachine (DatanodeStateMachine.java:stopDaemon(395)) - Ozone container server stopped.
2019-08-21 20:57:15,975 [Thread-334] INFO  handler.ContextHandler (ContextHandler.java:doStop(910)) - Stopped o.e.j.w.WebAppContext@13ae76ed{/,null,UNAVAILABLE}{/hddsDatanode}
2019-08-21 20:57:15,976 [Thread-334] INFO  server.AbstractConnector (AbstractConnector.java:doStop(318)) - Stopped ServerConnector@59007072{HTTP/1.1,[http/1.1]}{0.0.0.0:0}
2019-08-21 20:57:15,977 [Thread-334] INFO  handler.ContextHandler (ContextHandler.java:doStop(910)) - Stopped o.e.j.s.ServletContextHandler@14d4d994{/static,jar:file:/home/user/.m2/repository/org/apache/hadoop/hadoop-hdds-container-service/0.5.0-SNAPSHOT/hadoop-hdds-container-service-0.5.0-SNAPSHOT.jar!/webapps/static,UNAVAILABLE}
2019-08-21 20:57:15,977 [Thread-334] INFO  handler.ContextHandler (ContextHandler.java:doStop(910)) - Stopped o.e.j.s.ServletContextHandler@59d08286{/logs,file:///workdir/hadoop-ozone/integration-test/target/log,UNAVAILABLE}
2019-08-21 20:57:15,978 [Thread-334] INFO  datanode.ObjectStoreHandler (ObjectStoreHandler.java:close(155)) - Closing ObjectStoreHandler.
2019-08-21 20:57:15,979 [Thread-334] INFO  ozone.HddsDatanodeService (HddsDatanodeService.java:stop(451)) - Stopped plug-in org.apache.hadoop.ozone.web.OzoneHddsDatanodeService@7a3602cb
2019-08-21 20:57:16,861 [Datanode State Machine Thread - 0] INFO  statemachine.DatanodeStateMachine (DatanodeStateMachine.java:lambda$startDaemon$0(350)) - Ozone container server started.
2019-08-21 20:57:20,230 [Thread-536] INFO  impl.FollowerState (FollowerState.java:run(106)) - eea39f38-c3f6-433c-b3e8-04d870fd166b:group-029BAC6D135A changes to CANDIDATE, lastRpcTime:9998, electionTimeout:5091ms
2019-08-21 20:57:20,230 [Thread-536] INFO  impl.RoleInfo (RoleInfo.java:shutdownFollowerState(121)) - eea39f38-c3f6-433c-b3e8-04d870fd166b: shutdown FollowerState
2019-08-21 20:57:20,231 [Thread-536] INFO  impl.RaftServerImpl (RaftServerImpl.java:setRole(171)) - eea39f38-c3f6-433c-b3e8-04d870fd166b:group-029BAC6D135A changes role from FOLLOWER to CANDIDATE at term 1 for changeToCandidate
2019-08-21 20:57:20,231 [Thread-536] INFO  impl.RoleInfo (RoleInfo.java:updateAndGet(143)) - eea39f38-c3f6-433c-b3e8-04d870fd166b: start LeaderElection
2019-08-21 20:57:20,233 [eea39f38-c3f6-433c-b3e8-04d870fd166b:group-029BAC6D135A:LeaderElection18] INFO  impl.RaftServerImpl (ServerState.java:setLeader(263)) - eea39f38-c3f6-433c-b3e8-04d870fd166b:group-029BAC6D135A change Leader from b625f10f-96c1-4aa8-a736-6a0ae2c5cd47 to null at term 1 for initElection
2019-08-21 20:57:20,261 [eea39f38-c3f6-433c-b3e8-04d870fd166b:group-029BAC6D135A:LeaderElection18] INFO  impl.LeaderElection (LeaderElection.java:askForVotes(181)) - eea39f38-c3f6-433c-b3e8-04d870fd166b:group-029BAC6D135A:LeaderElection18: begin an election at term 2 for 0: [a012690b-0000-4e4f-94e2-81cdbc8d1e43:192.168.5.165:41338, eea39f38-c3f6-433c-b3e8-04d870fd166b:192.168.5.165:43414, b625f10f-96c1-4aa8-a736-6a0ae2c5cd47:192.168.5.165:35979], old=null
2019-08-21 20:57:20,266 [eea39f38-c3f6-433c-b3e8-04d870fd166b:group-029BAC6D135A:LeaderElection18] INFO  impl.LeaderElection (LogUtils.java:infoOrTrace(149)) - eea39f38-c3f6-433c-b3e8-04d870fd166b:group-029BAC6D135A:LeaderElection18 got exception when requesting votes: {}
java.util.concurrent.ExecutionException: org.apache.ratis.thirdparty.io.grpc.StatusRuntimeException: UNAVAILABLE: io exception
	at java.util.concurrent.FutureTask.report(FutureTask.java:122)
	at java.util.concurrent.FutureTask.get(FutureTask.java:192)
	at org.apache.ratis.server.impl.LeaderElection.waitForResults(LeaderElection.java:262)
	at org.apache.ratis.server.impl.LeaderElection.askForVotes(LeaderElection.java:200)
	at org.apache.ratis.server.impl.LeaderElection.run(LeaderElection.java:130)
	at java.lang.Thread.run(Thread.java:748)
Caused by: org.apache.ratis.thirdparty.io.grpc.StatusRuntimeException: UNAVAILABLE: io exception
	at org.apache.ratis.thirdparty.io.grpc.stub.ClientCalls.toStatusRuntimeException(ClientCalls.java:233)
	at org.apache.ratis.thirdparty.io.grpc.stub.ClientCalls.getUnchecked(ClientCalls.java:214)
	at org.apache.ratis.thirdparty.io.grpc.stub.ClientCalls.blockingUnaryCall(ClientCalls.java:139)
	at org.apache.ratis.proto.grpc.RaftServerProtocolServiceGrpc$RaftServerProtocolServiceBlockingStub.requestVote(RaftServerProtocolServiceGrpc.java:265)
	at org.apache.ratis.grpc.server.GrpcServerProtocolClient.requestVote(GrpcServerProtocolClient.java:83)
	at org.apache.ratis.grpc.server.GrpcService.requestVote(GrpcService.java:195)
	at org.apache.ratis.server.impl.LeaderElection.lambda$submitRequests$1(LeaderElection.java:237)
	at java.util.concurrent.FutureTask.run(FutureTask.java:266)
	at java.util.concurrent.Executors$RunnableAdapter.call(Executors.java:511)
	at java.util.concurrent.FutureTask.run(FutureTask.java:266)
	at java.util.concurrent.ThreadPoolExecutor.runWorker(ThreadPoolExecutor.java:1149)
	at java.util.concurrent.ThreadPoolExecutor$Worker.run(ThreadPoolExecutor.java:624)
	... 1 more
Caused by: org.apache.ratis.thirdparty.io.netty.channel.AbstractChannel$AnnotatedConnectException: Connection refused: /192.168.5.165:35979
	at sun.nio.ch.SocketChannelImpl.checkConnect(Native Method)
	at sun.nio.ch.SocketChannelImpl.finishConnect(SocketChannelImpl.java:717)
	at org.apache.ratis.thirdparty.io.netty.channel.socket.nio.NioSocketChannel.doFinishConnect(NioSocketChannel.java:327)
	at org.apache.ratis.thirdparty.io.netty.channel.nio.AbstractNioChannel$AbstractNioUnsafe.finishConnect(AbstractNioChannel.java:340)
	at org.apache.ratis.thirdparty.io.netty.channel.nio.NioEventLoop.processSelectedKey(NioEventLoop.java:632)
	at org.apache.ratis.thirdparty.io.netty.channel.nio.NioEventLoop.processSelectedKeysOptimized(NioEventLoop.java:579)
	at org.apache.ratis.thirdparty.io.netty.channel.nio.NioEventLoop.processSelectedKeys(NioEventLoop.java:496)
	at org.apache.ratis.thirdparty.io.netty.channel.nio.NioEventLoop.run(NioEventLoop.java:458)
	at org.apache.ratis.thirdparty.io.netty.util.concurrent.SingleThreadEventExecutor$5.run(SingleThreadEventExecutor.java:897)
	at org.apache.ratis.thirdparty.io.netty.util.concurrent.FastThreadLocalRunnable.run(FastThreadLocalRunnable.java:30)
	... 1 more
Caused by: java.net.ConnectException: Connection refused
	... 11 more
2019-08-21 20:57:20,268 [eea39f38-c3f6-433c-b3e8-04d870fd166b:group-029BAC6D135A:LeaderElection18] INFO  impl.LeaderElection (LogUtils.java:infoOrTrace(149)) - eea39f38-c3f6-433c-b3e8-04d870fd166b:group-029BAC6D135A:LeaderElection18 got exception when requesting votes: {}
java.util.concurrent.ExecutionException: org.apache.ratis.thirdparty.io.grpc.StatusRuntimeException: UNAVAILABLE: io exception
	at java.util.concurrent.FutureTask.report(FutureTask.java:122)
	at java.util.concurrent.FutureTask.get(FutureTask.java:192)
	at org.apache.ratis.server.impl.LeaderElection.waitForResults(LeaderElection.java:262)
	at org.apache.ratis.server.impl.LeaderElection.askForVotes(LeaderElection.java:200)
	at org.apache.ratis.server.impl.LeaderElection.run(LeaderElection.java:130)
	at java.lang.Thread.run(Thread.java:748)
Caused by: org.apache.ratis.thirdparty.io.grpc.StatusRuntimeException: UNAVAILABLE: io exception
	at org.apache.ratis.thirdparty.io.grpc.stub.ClientCalls.toStatusRuntimeException(ClientCalls.java:233)
	at org.apache.ratis.thirdparty.io.grpc.stub.ClientCalls.getUnchecked(ClientCalls.java:214)
	at org.apache.ratis.thirdparty.io.grpc.stub.ClientCalls.blockingUnaryCall(ClientCalls.java:139)
	at org.apache.ratis.proto.grpc.RaftServerProtocolServiceGrpc$RaftServerProtocolServiceBlockingStub.requestVote(RaftServerProtocolServiceGrpc.java:265)
	at org.apache.ratis.grpc.server.GrpcServerProtocolClient.requestVote(GrpcServerProtocolClient.java:83)
	at org.apache.ratis.grpc.server.GrpcService.requestVote(GrpcService.java:195)
	at org.apache.ratis.server.impl.LeaderElection.lambda$submitRequests$1(LeaderElection.java:237)
	at java.util.concurrent.FutureTask.run(FutureTask.java:266)
	at java.util.concurrent.Executors$RunnableAdapter.call(Executors.java:511)
	at java.util.concurrent.FutureTask.run(FutureTask.java:266)
	at java.util.concurrent.ThreadPoolExecutor.runWorker(ThreadPoolExecutor.java:1149)
	at java.util.concurrent.ThreadPoolExecutor$Worker.run(ThreadPoolExecutor.java:624)
	... 1 more
Caused by: org.apache.ratis.thirdparty.io.netty.channel.AbstractChannel$AnnotatedConnectException: Connection refused: /192.168.5.165:41338
	at sun.nio.ch.SocketChannelImpl.checkConnect(Native Method)
	at sun.nio.ch.SocketChannelImpl.finishConnect(SocketChannelImpl.java:717)
	at org.apache.ratis.thirdparty.io.netty.channel.socket.nio.NioSocketChannel.doFinishConnect(NioSocketChannel.java:327)
	at org.apache.ratis.thirdparty.io.netty.channel.nio.AbstractNioChannel$AbstractNioUnsafe.finishConnect(AbstractNioChannel.java:340)
	at org.apache.ratis.thirdparty.io.netty.channel.nio.NioEventLoop.processSelectedKey(NioEventLoop.java:632)
	at org.apache.ratis.thirdparty.io.netty.channel.nio.NioEventLoop.processSelectedKeysOptimized(NioEventLoop.java:579)
	at org.apache.ratis.thirdparty.io.netty.channel.nio.NioEventLoop.processSelectedKeys(NioEventLoop.java:496)
	at org.apache.ratis.thirdparty.io.netty.channel.nio.NioEventLoop.run(NioEventLoop.java:458)
	at org.apache.ratis.thirdparty.io.netty.util.concurrent.SingleThreadEventExecutor$5.run(SingleThreadEventExecutor.java:897)
	at org.apache.ratis.thirdparty.io.netty.util.concurrent.FastThreadLocalRunnable.run(FastThreadLocalRunnable.java:30)
	... 1 more
Caused by: java.net.ConnectException: Connection refused
	... 11 more
2019-08-21 20:57:20,270 [eea39f38-c3f6-433c-b3e8-04d870fd166b:group-029BAC6D135A:LeaderElection18] INFO  impl.LeaderElection (LeaderElection.java:logAndReturn(56)) - eea39f38-c3f6-433c-b3e8-04d870fd166b:group-029BAC6D135A:LeaderElection18: Election REJECTED; received 0 response(s) [] and 2 exception(s); eea39f38-c3f6-433c-b3e8-04d870fd166b:t2, leader=null, voted=eea39f38-c3f6-433c-b3e8-04d870fd166b, raftlog=eea39f38-c3f6-433c-b3e8-04d870fd166b-SegmentedRaftLog:OPENED:c-1,f0,i0, conf=0: [a012690b-0000-4e4f-94e2-81cdbc8d1e43:192.168.5.165:41338, eea39f38-c3f6-433c-b3e8-04d870fd166b:192.168.5.165:43414, b625f10f-96c1-4aa8-a736-6a0ae2c5cd47:192.168.5.165:35979], old=null
2019-08-21 20:57:20,270 [eea39f38-c3f6-433c-b3e8-04d870fd166b:group-029BAC6D135A:LeaderElection18] INFO  impl.LeaderElection (LogUtils.java:infoOrTrace(149)) -   Exception 0: {}
java.util.concurrent.ExecutionException: org.apache.ratis.thirdparty.io.grpc.StatusRuntimeException: UNAVAILABLE: io exception
	at java.util.concurrent.FutureTask.report(FutureTask.java:122)
	at java.util.concurrent.FutureTask.get(FutureTask.java:192)
	at org.apache.ratis.server.impl.LeaderElection.waitForResults(LeaderElection.java:262)
	at org.apache.ratis.server.impl.LeaderElection.askForVotes(LeaderElection.java:200)
	at org.apache.ratis.server.impl.LeaderElection.run(LeaderElection.java:130)
	at java.lang.Thread.run(Thread.java:748)
Caused by: org.apache.ratis.thirdparty.io.grpc.StatusRuntimeException: UNAVAILABLE: io exception
	at org.apache.ratis.thirdparty.io.grpc.stub.ClientCalls.toStatusRuntimeException(ClientCalls.java:233)
	at org.apache.ratis.thirdparty.io.grpc.stub.ClientCalls.getUnchecked(ClientCalls.java:214)
	at org.apache.ratis.thirdparty.io.grpc.stub.ClientCalls.blockingUnaryCall(ClientCalls.java:139)
	at org.apache.ratis.proto.grpc.RaftServerProtocolServiceGrpc$RaftServerProtocolServiceBlockingStub.requestVote(RaftServerProtocolServiceGrpc.java:265)
	at org.apache.ratis.grpc.server.GrpcServerProtocolClient.requestVote(GrpcServerProtocolClient.java:83)
	at org.apache.ratis.grpc.server.GrpcService.requestVote(GrpcService.java:195)
	at org.apache.ratis.server.impl.LeaderElection.lambda$submitRequests$1(LeaderElection.java:237)
	at java.util.concurrent.FutureTask.run(FutureTask.java:266)
	at java.util.concurrent.Executors$RunnableAdapter.call(Executors.java:511)
	at java.util.concurrent.FutureTask.run(FutureTask.java:266)
	at java.util.concurrent.ThreadPoolExecutor.runWorker(ThreadPoolExecutor.java:1149)
	at java.util.concurrent.ThreadPoolExecutor$Worker.run(ThreadPoolExecutor.java:624)
	... 1 more
Caused by: org.apache.ratis.thirdparty.io.netty.channel.AbstractChannel$AnnotatedConnectException: Connection refused: /192.168.5.165:35979
	at sun.nio.ch.SocketChannelImpl.checkConnect(Native Method)
	at sun.nio.ch.SocketChannelImpl.finishConnect(SocketChannelImpl.java:717)
	at org.apache.ratis.thirdparty.io.netty.channel.socket.nio.NioSocketChannel.doFinishConnect(NioSocketChannel.java:327)
	at org.apache.ratis.thirdparty.io.netty.channel.nio.AbstractNioChannel$AbstractNioUnsafe.finishConnect(AbstractNioChannel.java:340)
	at org.apache.ratis.thirdparty.io.netty.channel.nio.NioEventLoop.processSelectedKey(NioEventLoop.java:632)
	at org.apache.ratis.thirdparty.io.netty.channel.nio.NioEventLoop.processSelectedKeysOptimized(NioEventLoop.java:579)
	at org.apache.ratis.thirdparty.io.netty.channel.nio.NioEventLoop.processSelectedKeys(NioEventLoop.java:496)
	at org.apache.ratis.thirdparty.io.netty.channel.nio.NioEventLoop.run(NioEventLoop.java:458)
	at org.apache.ratis.thirdparty.io.netty.util.concurrent.SingleThreadEventExecutor$5.run(SingleThreadEventExecutor.java:897)
	at org.apache.ratis.thirdparty.io.netty.util.concurrent.FastThreadLocalRunnable.run(FastThreadLocalRunnable.java:30)
	... 1 more
Caused by: java.net.ConnectException: Connection refused
	... 11 more
2019-08-21 20:57:20,271 [eea39f38-c3f6-433c-b3e8-04d870fd166b:group-029BAC6D135A:LeaderElection18] INFO  impl.LeaderElection (LogUtils.java:infoOrTrace(149)) -   Exception 1: {}
java.util.concurrent.ExecutionException: org.apache.ratis.thirdparty.io.grpc.StatusRuntimeException: UNAVAILABLE: io exception
	at java.util.concurrent.FutureTask.report(FutureTask.java:122)
	at java.util.concurrent.FutureTask.get(FutureTask.java:192)
	at org.apache.ratis.server.impl.LeaderElection.waitForResults(LeaderElection.java:262)
	at org.apache.ratis.server.impl.LeaderElection.askForVotes(LeaderElection.java:200)
	at org.apache.ratis.server.impl.LeaderElection.run(LeaderElection.java:130)
	at java.lang.Thread.run(Thread.java:748)
Caused by: org.apache.ratis.thirdparty.io.grpc.StatusRuntimeException: UNAVAILABLE: io exception
	at org.apache.ratis.thirdparty.io.grpc.stub.ClientCalls.toStatusRuntimeException(ClientCalls.java:233)
	at org.apache.ratis.thirdparty.io.grpc.stub.ClientCalls.getUnchecked(ClientCalls.java:214)
	at org.apache.ratis.thirdparty.io.grpc.stub.ClientCalls.blockingUnaryCall(ClientCalls.java:139)
	at org.apache.ratis.proto.grpc.RaftServerProtocolServiceGrpc$RaftServerProtocolServiceBlockingStub.requestVote(RaftServerProtocolServiceGrpc.java:265)
	at org.apache.ratis.grpc.server.GrpcServerProtocolClient.requestVote(GrpcServerProtocolClient.java:83)
	at org.apache.ratis.grpc.server.GrpcService.requestVote(GrpcService.java:195)
	at org.apache.ratis.server.impl.LeaderElection.lambda$submitRequests$1(LeaderElection.java:237)
	at java.util.concurrent.FutureTask.run(FutureTask.java:266)
	at java.util.concurrent.Executors$RunnableAdapter.call(Executors.java:511)
	at java.util.concurrent.FutureTask.run(FutureTask.java:266)
	at java.util.concurrent.ThreadPoolExecutor.runWorker(ThreadPoolExecutor.java:1149)
	at java.util.concurrent.ThreadPoolExecutor$Worker.run(ThreadPoolExecutor.java:624)
	... 1 more
Caused by: org.apache.ratis.thirdparty.io.netty.channel.AbstractChannel$AnnotatedConnectException: Connection refused: /192.168.5.165:41338
	at sun.nio.ch.SocketChannelImpl.checkConnect(Native Method)
	at sun.nio.ch.SocketChannelImpl.finishConnect(SocketChannelImpl.java:717)
	at org.apache.ratis.thirdparty.io.netty.channel.socket.nio.NioSocketChannel.doFinishConnect(NioSocketChannel.java:327)
	at org.apache.ratis.thirdparty.io.netty.channel.nio.AbstractNioChannel$AbstractNioUnsafe.finishConnect(AbstractNioChannel.java:340)
	at org.apache.ratis.thirdparty.io.netty.channel.nio.NioEventLoop.processSelectedKey(NioEventLoop.java:632)
	at org.apache.ratis.thirdparty.io.netty.channel.nio.NioEventLoop.processSelectedKeysOptimized(NioEventLoop.java:579)
	at org.apache.ratis.thirdparty.io.netty.channel.nio.NioEventLoop.processSelectedKeys(NioEventLoop.java:496)
	at org.apache.ratis.thirdparty.io.netty.channel.nio.NioEventLoop.run(NioEventLoop.java:458)
	at org.apache.ratis.thirdparty.io.netty.util.concurrent.SingleThreadEventExecutor$5.run(SingleThreadEventExecutor.java:897)
	at org.apache.ratis.thirdparty.io.netty.util.concurrent.FastThreadLocalRunnable.run(FastThreadLocalRunnable.java:30)
	... 1 more
Caused by: java.net.ConnectException: Connection refused
	... 11 more
2019-08-21 20:57:20,271 [eea39f38-c3f6-433c-b3e8-04d870fd166b:group-029BAC6D135A:LeaderElection18] INFO  impl.RaftServerImpl (RaftServerImpl.java:setRole(171)) - eea39f38-c3f6-433c-b3e8-04d870fd166b:group-029BAC6D135A changes role from CANDIDATE to FOLLOWER at term 2 for DISCOVERED_A_NEW_TERM
2019-08-21 20:57:20,272 [eea39f38-c3f6-433c-b3e8-04d870fd166b:group-029BAC6D135A:LeaderElection18] INFO  impl.RoleInfo (RoleInfo.java:shutdownLeaderElection(134)) - eea39f38-c3f6-433c-b3e8-04d870fd166b: shutdown LeaderElection
2019-08-21 20:57:20,272 [eea39f38-c3f6-433c-b3e8-04d870fd166b:group-029BAC6D135A:LeaderElection18] INFO  impl.RoleInfo (RoleInfo.java:updateAndGet(143)) - eea39f38-c3f6-433c-b3e8-04d870fd166b: start FollowerState
2019-08-21 20:57:20,893 [EventQueue-StaleNodeForStaleNodeHandler] INFO  node.StaleNodeHandler (StaleNodeHandler.java:onMessage(58)) - Datanode eea39f38-c3f6-433c-b3e8-04d870fd166b{ip: 192.168.5.165, host: pr-hdds-1347-9b9ps-3331872021, networkLocation: /default-rack, certSerialId: null} moved to stale state. Finalizing its pipelines [PipelineID=5dad979d-a387-4dfb-8e76-029bac6d135a, PipelineID=39180633-8a23-44aa-94be-0b584e06629c]
2019-08-21 20:57:20,894 [EventQueue-StaleNodeForStaleNodeHandler] INFO  pipeline.SCMPipelineManager (SCMPipelineManager.java:finalizeAndDestroyPipeline(309)) - destroying pipeline:Pipeline[ Id: 5dad979d-a387-4dfb-8e76-029bac6d135a, Nodes: a012690b-0000-4e4f-94e2-81cdbc8d1e43{ip: 192.168.5.165, host: pr-hdds-1347-9b9ps-3331872021, networkLocation: /default-rack, certSerialId: null}eea39f38-c3f6-433c-b3e8-04d870fd166b{ip: 192.168.5.165, host: pr-hdds-1347-9b9ps-3331872021, networkLocation: /default-rack, certSerialId: null}b625f10f-96c1-4aa8-a736-6a0ae2c5cd47{ip: 192.168.5.165, host: pr-hdds-1347-9b9ps-3331872021, networkLocation: /default-rack, certSerialId: null}, Type:RATIS, Factor:THREE, State:CLOSED]
2019-08-21 20:57:20,894 [EventQueue-StaleNodeForStaleNodeHandler] INFO  pipeline.SCMPipelineManager (SCMPipelineManager.java:finalizeAndDestroyPipeline(309)) - destroying pipeline:Pipeline[ Id: 39180633-8a23-44aa-94be-0b584e06629c, Nodes: eea39f38-c3f6-433c-b3e8-04d870fd166b{ip: 192.168.5.165, host: pr-hdds-1347-9b9ps-3331872021, networkLocation: /default-rack, certSerialId: null}, Type:RATIS, Factor:ONE, State:OPEN]
2019-08-21 20:57:20,894 [EventQueue-StaleNodeForStaleNodeHandler] INFO  pipeline.PipelineStateManager (PipelineStateManager.java:finalizePipeline(123)) - Pipeline Pipeline[ Id: 39180633-8a23-44aa-94be-0b584e06629c, Nodes: eea39f38-c3f6-433c-b3e8-04d870fd166b{ip: 192.168.5.165, host: pr-hdds-1347-9b9ps-3331872021, networkLocation: /default-rack, certSerialId: null}, Type:RATIS, Factor:ONE, State:CLOSED] moved to CLOSED state
2019-08-21 20:57:20,980 [Thread-334] INFO  ozoneimpl.OzoneContainer (OzoneContainer.java:stop(199)) - Attempting to stop container services.
2019-08-21 20:57:20,980 [Thread-334] INFO  impl.RaftServerProxy (RaftServerProxy.java:lambda$close$4(314)) - eea39f38-c3f6-433c-b3e8-04d870fd166b: close
2019-08-21 20:57:20,981 [Thread-334] INFO  impl.RaftServerImpl (RaftServerImpl.java:lambda$shutdown$3(245)) - eea39f38-c3f6-433c-b3e8-04d870fd166b: shutdown group-029BAC6D135A
2019-08-21 20:57:20,981 [ForkJoinPool.commonPool-worker-1] INFO  impl.RaftServerImpl (RaftServerImpl.java:lambda$shutdown$3(245)) - eea39f38-c3f6-433c-b3e8-04d870fd166b: shutdown group-0B584E06629C
2019-08-21 20:57:20,981 [Thread-334] INFO  util.JmxRegister (JmxRegister.java:unregister(73)) - Successfully un-registered JMX Bean with object name Ratis:service=RaftServer,group=group-029BAC6D135A,id=eea39f38-c3f6-433c-b3e8-04d870fd166b
2019-08-21 20:57:20,982 [ForkJoinPool.commonPool-worker-1] INFO  util.JmxRegister (JmxRegister.java:unregister(73)) - Successfully un-registered JMX Bean with object name Ratis:service=RaftServer,group=group-0B584E06629C,id=eea39f38-c3f6-433c-b3e8-04d870fd166b
2019-08-21 20:57:20,982 [Thread-334] INFO  impl.RoleInfo (RoleInfo.java:shutdownFollowerState(121)) - eea39f38-c3f6-433c-b3e8-04d870fd166b: shutdown FollowerState
2019-08-21 20:57:20,982 [ForkJoinPool.commonPool-worker-1] INFO  impl.RoleInfo (RoleInfo.java:shutdownLeaderState(104)) - eea39f38-c3f6-433c-b3e8-04d870fd166b: shutdown LeaderState
2019-08-21 20:57:20,983 [Thread-334] INFO  impl.StateMachineUpdater (StateMachineUpdater.java:stopAndJoin(115)) - StateMachineUpdater:eea39f38-c3f6-433c-b3e8-04d870fd166b:group-029BAC6D135A: set stopIndex = -1
2019-08-21 20:57:20,983 [Thread-334] INFO  impl.RaftServerImpl (ServerState.java:close(394)) - eea39f38-c3f6-433c-b3e8-04d870fd166b:group-029BAC6D135A closes. The last applied log index is -1
2019-08-21 20:57:20,983 [ForkJoinPool.commonPool-worker-1] INFO  impl.PendingRequests (PendingRequests.java:sendNotLeaderResponses(202)) - eea39f38-c3f6-433c-b3e8-04d870fd166b-PendingRequests: sendNotLeaderResponses
2019-08-21 20:57:20,983 [Thread-550] INFO  impl.FollowerState (FollowerState.java:run(114)) - eea39f38-c3f6-433c-b3e8-04d870fd166b: FollowerState was interrupted: java.lang.InterruptedException: sleep interrupted
2019-08-21 20:57:20,984 [ForkJoinPool.commonPool-worker-1] INFO  impl.StateMachineUpdater (StateMachineUpdater.java:stopAndJoin(115)) - StateMachineUpdater:eea39f38-c3f6-433c-b3e8-04d870fd166b:group-0B584E06629C: set stopIndex = 0
2019-08-21 20:57:20,986 [ForkJoinPool.commonPool-worker-1] INFO  impl.RaftServerImpl (ServerState.java:close(394)) - eea39f38-c3f6-433c-b3e8-04d870fd166b:group-0B584E06629C closes. The last applied log index is 0
2019-08-21 20:57:20,984 [eea39f38-c3f6-433c-b3e8-04d870fd166b-SegmentedRaftLogWorker:Storage Directory /workdir/hadoop-ozone/integration-test/target/test-dir/MiniOzoneClusterImpl-d93be911-e5ce-4644-bc64-a6ecf0977318/datanode-2/data/ratis/5dad979d-a387-4dfb-8e76-029bac6d135a] INFO  segmented.SegmentedRaftLogWorker (SegmentedRaftLogWorker.java:run(313)) - eea39f38-c3f6-433c-b3e8-04d870fd166b-SegmentedRaftLogWorker:Storage Directory /workdir/hadoop-ozone/integration-test/target/test-dir/MiniOzoneClusterImpl-d93be911-e5ce-4644-bc64-a6ecf0977318/datanode-2/data/ratis/5dad979d-a387-4dfb-8e76-029bac6d135a was interrupted, exiting. There are 0 tasks remaining in the queue.
2019-08-21 20:57:20,986 [eea39f38-c3f6-433c-b3e8-04d870fd166b-SegmentedRaftLogWorker:Storage Directory /workdir/hadoop-ozone/integration-test/target/test-dir/MiniOzoneClusterImpl-d93be911-e5ce-4644-bc64-a6ecf0977318/datanode-2/data/ratis/39180633-8a23-44aa-94be-0b584e06629c] INFO  segmented.SegmentedRaftLogWorker (SegmentedRaftLogWorker.java:run(313)) - eea39f38-c3f6-433c-b3e8-04d870fd166b-SegmentedRaftLogWorker:Storage Directory /workdir/hadoop-ozone/integration-test/target/test-dir/MiniOzoneClusterImpl-d93be911-e5ce-4644-bc64-a6ecf0977318/datanode-2/data/ratis/39180633-8a23-44aa-94be-0b584e06629c was interrupted, exiting. There are 0 tasks remaining in the queue.
2019-08-21 20:57:20,988 [Thread-334] INFO  segmented.SegmentedRaftLogWorker (SegmentedRaftLogWorker.java:close(228)) - eea39f38-c3f6-433c-b3e8-04d870fd166b-SegmentedRaftLogWorker:Storage Directory /workdir/hadoop-ozone/integration-test/target/test-dir/MiniOzoneClusterImpl-d93be911-e5ce-4644-bc64-a6ecf0977318/datanode-2/data/ratis/5dad979d-a387-4dfb-8e76-029bac6d135a close()
2019-08-21 20:57:20,988 [ForkJoinPool.commonPool-worker-1] INFO  segmented.SegmentedRaftLogWorker (SegmentedRaftLogWorker.java:close(228)) - eea39f38-c3f6-433c-b3e8-04d870fd166b-SegmentedRaftLogWorker:Storage Directory /workdir/hadoop-ozone/integration-test/target/test-dir/MiniOzoneClusterImpl-d93be911-e5ce-4644-bc64-a6ecf0977318/datanode-2/data/ratis/39180633-8a23-44aa-94be-0b584e06629c close()
2019-08-21 20:57:20,991 [Thread-334] INFO  server.GrpcService (GrpcService.java:closeImpl(155)) - eea39f38-c3f6-433c-b3e8-04d870fd166b: shutdown server with port 43414 now
2019-08-21 20:57:20,993 [Thread-334] INFO  server.GrpcService (GrpcService.java:closeImpl(163)) - eea39f38-c3f6-433c-b3e8-04d870fd166b: shutdown server with port 43414 successfully
2019-08-21 20:57:20,995 [Thread-334] INFO  utils.BackgroundService (BackgroundService.java:shutdown(148)) - Shutting down service BlockDeletingService
2019-08-21 20:57:20,996 [refreshUsed-/workdir/hadoop-ozone/integration-test/target/test-dir/MiniOzoneClusterImpl-d93be911-e5ce-4644-bc64-a6ecf0977318/datanode-2/data/containers] WARN  fs.CachingGetSpaceUsed (CachingGetSpaceUsed.java:run(183)) - Thread Interrupted waiting to refresh disk information: sleep interrupted
2019-08-21 20:57:21,016 [Thread-334] INFO  statemachine.DatanodeStateMachine (DatanodeStateMachine.java:stopDaemon(395)) - Ozone container server stopped.
2019-08-21 20:57:21,017 [Thread-334] INFO  handler.ContextHandler (ContextHandler.java:doStop(910)) - Stopped o.e.j.w.WebAppContext@6aa18028{/,null,UNAVAILABLE}{/hddsDatanode}
2019-08-21 20:57:21,018 [Thread-334] INFO  server.AbstractConnector (AbstractConnector.java:doStop(318)) - Stopped ServerConnector@325d1dc7{HTTP/1.1,[http/1.1]}{0.0.0.0:0}
2019-08-21 20:57:21,018 [Thread-334] INFO  handler.ContextHandler (ContextHandler.java:doStop(910)) - Stopped o.e.j.s.ServletContextHandler@75f90a23{/static,jar:file:/home/user/.m2/repository/org/apache/hadoop/hadoop-hdds-container-service/0.5.0-SNAPSHOT/hadoop-hdds-container-service-0.5.0-SNAPSHOT.jar!/webapps/static,UNAVAILABLE}
2019-08-21 20:57:21,019 [Thread-334] INFO  handler.ContextHandler (ContextHandler.java:doStop(910)) - Stopped o.e.j.s.ServletContextHandler@4db60f4{/logs,file:///workdir/hadoop-ozone/integration-test/target/log,UNAVAILABLE}
2019-08-21 20:57:21,023 [Thread-334] INFO  impl.MetricsSystemImpl (MetricsSystemImpl.java:init(158)) - HddsDatanode metrics system started (again)
2019-08-21 20:57:21,066 [Thread-334] INFO  ozone.HddsDatanodeService (HddsDatanodeService.java:start(184)) - HddsDatanodeService host:pr-hdds-1347-9b9ps-3331872021 ip:192.168.5.165
2019-08-21 20:57:21,069 [Thread-334] INFO  volume.VolumeUsage (VolumeUsage.java:loadScmUsed(144)) - Cached ScmUsed found for /workdir/hadoop-ozone/integration-test/target/test-dir/MiniOzoneClusterImpl-d93be911-e5ce-4644-bc64-a6ecf0977318/datanode-0/data/containers : 4096 
2019-08-21 20:57:21,069 [Thread-334] INFO  volume.HddsVolume (HddsVolume.java:<init>(176)) - Creating Volume: /workdir/hadoop-ozone/integration-test/target/test-dir/MiniOzoneClusterImpl-d93be911-e5ce-4644-bc64-a6ecf0977318/datanode-0/data/containers/hdds of  storage type : DISK and capacity : 1482555576320
2019-08-21 20:57:21,069 [Thread-334] INFO  volume.VolumeSet (VolumeSet.java:initializeVolumeSet(170)) - Added Volume : /workdir/hadoop-ozone/integration-test/target/test-dir/MiniOzoneClusterImpl-d93be911-e5ce-4644-bc64-a6ecf0977318/datanode-0/data/containers/hdds to VolumeSet
2019-08-21 20:57:21,070 [Thread-334] INFO  volume.ThrottledAsyncChecker (ThrottledAsyncChecker.java:schedule(140)) - Scheduling a check for org.apache.hadoop.ozone.container.common.volume.HddsVolume@1ac56d43
2019-08-21 20:57:21,070 [Thread-334] INFO  volume.HddsVolumeChecker (HddsVolumeChecker.java:checkAllVolumes(203)) - Scheduled health check for volume org.apache.hadoop.ozone.container.common.volume.HddsVolume@1ac56d43
2019-08-21 20:57:21,093 [Thread-334] INFO  impl.RaftServerProxy (ConfUtils.java:logGet(43)) - raft.rpc.type = GRPC (default)
2019-08-21 20:57:21,093 [Thread-334] INFO  grpc.GrpcFactory (GrpcFactory.java:checkPooledByteBufAllocatorUseCacheForAllThreads(45)) - PERFORMANCE WARNING: useCacheForAllThreads is true that may cause Netty to create a lot garbage objects and, as a result, trigger GC.
	It is recommended to disable useCacheForAllThreads by setting -Dorg.apache.ratis.thirdparty.io.netty.allocator.useCacheForAllThreads=false in command line.
2019-08-21 20:57:21,093 [Thread-334] INFO  grpc.GrpcConfigKeys$Server (ConfUtils.java:logGet(43)) - raft.grpc.server.port = 35979 (custom)
2019-08-21 20:57:21,094 [Thread-334] INFO  server.GrpcService (ConfUtils.java:logGet(43)) - raft.grpc.message.size.max = 33570816 (custom)
2019-08-21 20:57:21,094 [Thread-334] INFO  server.RaftServerConfigKeys (ConfUtils.java:logGet(43)) - raft.server.log.appender.buffer.byte-limit = 33554432 (custom)
2019-08-21 20:57:21,094 [Thread-334] INFO  server.GrpcService (ConfUtils.java:logGet(43)) - raft.grpc.flow.control.window = 1MB (=1048576) (default)
2019-08-21 20:57:21,094 [Thread-334] INFO  server.RaftServerConfigKeys (ConfUtils.java:logGet(43)) - raft.server.rpc.request.timeout = 3000ms (default)
2019-08-21 20:57:21,095 [Thread-334] INFO  server.RaftServerConfigKeys (ConfUtils.java:logGet(43)) - raft.server.storage.dir = [/workdir/hadoop-ozone/integration-test/target/test-dir/MiniOzoneClusterImpl-d93be911-e5ce-4644-bc64-a6ecf0977318/datanode-0/data/ratis] (custom)
2019-08-21 20:57:21,095 [Thread-334] INFO  impl.RaftServerProxy (RaftServerProxy.java:lambda$null$0(191)) - b625f10f-96c1-4aa8-a736-6a0ae2c5cd47: found a subdirectory /workdir/hadoop-ozone/integration-test/target/test-dir/MiniOzoneClusterImpl-d93be911-e5ce-4644-bc64-a6ecf0977318/datanode-0/data/ratis/7843bab9-8e28-4ad6-a0e4-deeff3a4c9b5
2019-08-21 20:57:21,096 [Thread-334] INFO  impl.RaftServerProxy (RaftServerProxy.java:addNew(89)) - b625f10f-96c1-4aa8-a736-6a0ae2c5cd47: addNew group-DEEFF3A4C9B5:[] returns group-DEEFF3A4C9B5:java.util.concurrent.CompletableFuture@1dd4b9e5[Not completed]
2019-08-21 20:57:21,096 [Thread-334] INFO  impl.RaftServerProxy (RaftServerProxy.java:lambda$null$0(191)) - b625f10f-96c1-4aa8-a736-6a0ae2c5cd47: found a subdirectory /workdir/hadoop-ozone/integration-test/target/test-dir/MiniOzoneClusterImpl-d93be911-e5ce-4644-bc64-a6ecf0977318/datanode-0/data/ratis/5dad979d-a387-4dfb-8e76-029bac6d135a
2019-08-21 20:57:21,097 [Thread-334] INFO  impl.RaftServerProxy (RaftServerProxy.java:addNew(89)) - b625f10f-96c1-4aa8-a736-6a0ae2c5cd47: addNew group-029BAC6D135A:[] returns group-029BAC6D135A:java.util.concurrent.CompletableFuture@6406e20b[Not completed]
2019-08-21 20:57:21,097 [Thread-334] INFO  replication.SimpleContainerDownloader (SimpleContainerDownloader.java:<init>(72)) - Starting container downloader service to copy containers to replicate.
2019-08-21 20:57:21,098 [pool-148-thread-1] INFO  impl.RaftServerImpl (RaftServerImpl.java:<init>(93)) - b625f10f-96c1-4aa8-a736-6a0ae2c5cd47: new RaftServerImpl for group-DEEFF3A4C9B5:[] with ContainerStateMachine:uninitialized
2019-08-21 20:57:21,098 [pool-148-thread-1] INFO  server.RaftServerConfigKeys (ConfUtils.java:logGet(43)) - raft.server.rpc.timeout.min = 5s (custom)
2019-08-21 20:57:21,098 [Thread-334] INFO  hdfs.DFSUtil (DFSUtil.java:httpServerTemplateForNNAndJN(1641)) - Starting Web-server for hddsDatanode at: http://0.0.0.0:33359
2019-08-21 20:57:21,098 [pool-148-thread-1] INFO  server.RaftServerConfigKeys (ConfUtils.java:logGet(43)) - raft.server.rpc.timeout.max = 5200ms (custom)
2019-08-21 20:57:21,099 [pool-148-thread-1] INFO  server.RaftServerConfigKeys (ConfUtils.java:logGet(43)) - raft.server.rpcslowness.timeout = 120s (custom)
2019-08-21 20:57:21,099 [pool-148-thread-1] INFO  server.RaftServerConfigKeys (ConfUtils.java:logGet(43)) - raft.server.sleep.deviation.threshold = 300 (default)
2019-08-21 20:57:21,099 [pool-148-thread-1] INFO  server.RaftServerConfigKeys (ConfUtils.java:logGet(43)) - raft.server.log.appender.install.snapshot.enabled = false (custom)
2019-08-21 20:57:21,099 [pool-148-thread-1] INFO  impl.RaftServerImpl (ServerState.java:<init>(105)) - b625f10f-96c1-4aa8-a736-6a0ae2c5cd47:group-DEEFF3A4C9B5 ConfigurationManager, init=-1: [], old=null, confs=<EMPTY_MAP>
2019-08-21 20:57:21,100 [pool-148-thread-1] INFO  server.RaftServerConfigKeys (ConfUtils.java:logGet(43)) - raft.server.storage.dir = [/workdir/hadoop-ozone/integration-test/target/test-dir/MiniOzoneClusterImpl-d93be911-e5ce-4644-bc64-a6ecf0977318/datanode-0/data/ratis] (custom)
2019-08-21 20:57:21,101 [Thread-334] INFO  server.AuthenticationFilter (AuthenticationFilter.java:constructSecretProvider(240)) - Unable to initialize FileSignerSecretProvider, falling back to use random secrets.
2019-08-21 20:57:21,101 [Thread-334] WARN  http.HttpRequestLog (HttpRequestLog.java:getRequestLog(97)) - Jetty request log can only be enabled using Log4j
2019-08-21 20:57:21,104 [Thread-334] INFO  http.HttpServer2 (HttpServer2.java:addGlobalFilter(975)) - Added global filter 'safety' (class=org.apache.hadoop.http.HttpServer2$QuotingInputFilter)
2019-08-21 20:57:21,105 [Thread-334] INFO  http.HttpServer2 (HttpServer2.java:addFilter(948)) - Added filter static_user_filter (class=org.apache.hadoop.http.lib.StaticUserWebFilter$StaticUserFilter) to context hddsDatanode
2019-08-21 20:57:21,105 [Thread-334] INFO  http.HttpServer2 (HttpServer2.java:addFilter(958)) - Added filter static_user_filter (class=org.apache.hadoop.http.lib.StaticUserWebFilter$StaticUserFilter) to context static
2019-08-21 20:57:21,105 [Thread-334] INFO  http.HttpServer2 (HttpServer2.java:addFilter(958)) - Added filter static_user_filter (class=org.apache.hadoop.http.lib.StaticUserWebFilter$StaticUserFilter) to context logs
2019-08-21 20:57:21,106 [Thread-334] INFO  http.HttpServer2 (HttpServer2.java:bindListener(1191)) - Jetty bound to port 33359
2019-08-21 20:57:21,106 [Thread-334] INFO  server.Server (Server.java:doStart(351)) - jetty-9.3.24.v20180605, build timestamp: 2018-06-05T17:11:56Z, git hash: 84205aa28f11a4f31f2a3b86d1bba2cc8ab69827
2019-08-21 20:57:21,109 [Thread-334] INFO  handler.ContextHandler (ContextHandler.java:doStart(781)) - Started o.e.j.s.ServletContextHandler@4d9b7890{/logs,file:///workdir/hadoop-ozone/integration-test/target/log,AVAILABLE}
2019-08-21 20:57:21,110 [Thread-334] INFO  handler.ContextHandler (ContextHandler.java:doStart(781)) - Started o.e.j.s.ServletContextHandler@33c3190b{/static,jar:file:/home/user/.m2/repository/org/apache/hadoop/hadoop-hdds-container-service/0.5.0-SNAPSHOT/hadoop-hdds-container-service-0.5.0-SNAPSHOT.jar!/webapps/static,AVAILABLE}
2019-08-21 20:57:21,114 [pool-148-thread-1] INFO  storage.RaftStorageDirectory (RaftStorageDirectory.java:tryLock(328)) - Lock on /workdir/hadoop-ozone/integration-test/target/test-dir/MiniOzoneClusterImpl-d93be911-e5ce-4644-bc64-a6ecf0977318/datanode-0/data/ratis/7843bab9-8e28-4ad6-a0e4-deeff3a4c9b5/in_use.lock acquired by nodename 21025@pr-hdds-1347-9b9ps-3331872021
2019-08-21 20:57:21,115 [pool-148-thread-1] INFO  ratis.ContainerStateMachine (ContainerStateMachine.java:loadSnapshot(226)) - group-DEEFF3A4C9B5: The snapshot info is null. Setting the last applied indexto:(t:0, i:~)
2019-08-21 20:57:21,115 [pool-148-thread-1] INFO  server.RaftServerConfigKeys (ConfUtils.java:logGet(43)) - raft.server.leader.election.timeout = 120s (custom)
2019-08-21 20:57:21,116 [pool-148-thread-1] INFO  server.RaftServerConfigKeys (ConfUtils.java:logGet(43)) - raft.server.log.use.memory = false (default)
2019-08-21 20:57:21,116 [pool-148-thread-1] INFO  server.RaftServerConfigKeys (ConfUtils.java:logGet(43)) - raft.server.log.purge.gap = 1000000 (custom)
2019-08-21 20:57:21,116 [pool-148-thread-1] INFO  server.RaftServerConfigKeys (ConfUtils.java:logGet(43)) - raft.server.log.appender.buffer.byte-limit = 33554432 (custom)
2019-08-21 20:57:21,116 [pool-148-thread-1] INFO  server.RaftServerConfigKeys (ConfUtils.java:logGet(43)) - raft.server.log.segment.size.max = 1048576 (custom)
2019-08-21 20:57:21,116 [pool-148-thread-1] INFO  server.RaftServerConfigKeys (ConfUtils.java:logGet(43)) - raft.server.log.segment.cache.num.max = 2 (custom)
2019-08-21 20:57:21,116 [pool-148-thread-1] INFO  segmented.SegmentedRaftLogWorker (SegmentedRaftLogWorker.java:<init>(172)) - new b625f10f-96c1-4aa8-a736-6a0ae2c5cd47-SegmentedRaftLogWorker:Storage Directory /workdir/hadoop-ozone/integration-test/target/test-dir/MiniOzoneClusterImpl-d93be911-e5ce-4644-bc64-a6ecf0977318/datanode-0/data/ratis/7843bab9-8e28-4ad6-a0e4-deeff3a4c9b5 for RaftStorage:Storage Directory /workdir/hadoop-ozone/integration-test/target/test-dir/MiniOzoneClusterImpl-d93be911-e5ce-4644-bc64-a6ecf0977318/datanode-0/data/ratis/7843bab9-8e28-4ad6-a0e4-deeff3a4c9b5
2019-08-21 20:57:21,117 [pool-148-thread-1] INFO  server.RaftServerConfigKeys (ConfUtils.java:logGet(43)) - raft.server.log.queue.byte-limit = 2147483647 (custom)
2019-08-21 20:57:21,117 [pool-148-thread-1] INFO  server.RaftServerConfigKeys (ConfUtils.java:logGet(43)) - raft.server.log.queue.element-limit = 1024 (custom)
2019-08-21 20:57:21,117 [pool-148-thread-1] INFO  server.RaftServerConfigKeys (ConfUtils.java:logGet(43)) - raft.server.log.segment.size.max = 1048576 (custom)
2019-08-21 20:57:21,117 [pool-148-thread-1] INFO  server.RaftServerConfigKeys (ConfUtils.java:logGet(43)) - raft.server.log.preallocated.size = 16384 (custom)
2019-08-21 20:57:21,117 [pool-148-thread-1] INFO  server.RaftServerConfigKeys (ConfUtils.java:logGet(43)) - raft.server.log.write.buffer.size = 33554432 (custom)
2019-08-21 20:57:21,118 [pool-148-thread-1] INFO  server.RaftServerConfigKeys (ConfUtils.java:logGet(43)) - raft.server.log.force.sync.num = 128 (default)
2019-08-21 20:57:21,118 [pool-148-thread-1] INFO  server.RaftServerConfigKeys (ConfUtils.java:logGet(43)) - raft.server.log.statemachine.data.sync = true (default)
2019-08-21 20:57:21,118 [pool-148-thread-1] INFO  server.RaftServerConfigKeys (ConfUtils.java:logGet(43)) - raft.server.log.statemachine.data.sync.timeout = 10s (default)
2019-08-21 20:57:21,118 [pool-148-thread-1] INFO  server.RaftServerConfigKeys (ConfUtils.java:logGet(43)) - raft.server.log.statemachine.data.sync.timeout.retry = -1 (default)
2019-08-21 20:57:21,118 [pool-148-thread-1] INFO  server.RaftServerConfigKeys (ConfUtils.java:logGet(43)) - raft.server.log.statemachine.data.caching.enabled = true (custom)
2019-08-21 20:57:21,126 [pool-148-thread-1] INFO  impl.RaftServerImpl (ServerState.java:setRaftConf(361)) - b625f10f-96c1-4aa8-a736-6a0ae2c5cd47:group-DEEFF3A4C9B5 set configuration 0: [b625f10f-96c1-4aa8-a736-6a0ae2c5cd47:192.168.5.165:35979], old=null at 0
2019-08-21 20:57:21,127 [pool-148-thread-1] INFO  segmented.LogSegment (LogSegment.java:loadSegment(145)) - Successfully read 1 entries from segment file /workdir/hadoop-ozone/integration-test/target/test-dir/MiniOzoneClusterImpl-d93be911-e5ce-4644-bc64-a6ecf0977318/datanode-0/data/ratis/7843bab9-8e28-4ad6-a0e4-deeff3a4c9b5/current/log_inprogress_0
2019-08-21 20:57:21,128 [pool-148-thread-1] INFO  segmented.SegmentedRaftLogWorker (SegmentedRaftLogWorker.java:lambda$new$0(132)) - b625f10f-96c1-4aa8-a736-6a0ae2c5cd47-SegmentedRaftLogWorker:Storage Directory /workdir/hadoop-ozone/integration-test/target/test-dir/MiniOzoneClusterImpl-d93be911-e5ce-4644-bc64-a6ecf0977318/datanode-0/data/ratis/7843bab9-8e28-4ad6-a0e4-deeff3a4c9b5: flushIndex: setUnconditionally 0 -> 0
2019-08-21 20:57:21,155 [Thread-334] INFO  handler.ContextHandler (ContextHandler.java:doStart(781)) - Started o.e.j.w.WebAppContext@1abdd44a{/,file:///tmp/jetty-0.0.0.0-33359-hddsDatanode-_-any-2897148809986914594.dir/webapp/,AVAILABLE}{/hddsDatanode}
2019-08-21 20:57:21,156 [Thread-334] INFO  server.AbstractConnector (AbstractConnector.java:doStart(278)) - Started ServerConnector@39cdbe20{HTTP/1.1,[http/1.1]}{0.0.0.0:33359}
2019-08-21 20:57:21,163 [Thread-334] INFO  server.Server (Server.java:doStart(419)) - Started @52583ms
2019-08-21 20:57:21,163 [pool-148-thread-1] INFO  server.RaftServerConfigKeys (ConfUtils.java:logGet(43)) - raft.server.snapshot.auto.trigger.enabled = true (custom)
2019-08-21 20:57:21,163 [pool-148-thread-1] INFO  server.RaftServerConfigKeys (ConfUtils.java:logGet(43)) - raft.server.snapshot.auto.trigger.threshold = 10000 (custom)
2019-08-21 20:57:21,163 [pool-148-thread-1] INFO  server.RaftServerConfigKeys (ConfUtils.java:logGet(43)) - raft.server.retrycache.expirytime = 600000ms (custom)
2019-08-21 20:57:21,164 [Thread-334] INFO  server.BaseHttpServer (BaseHttpServer.java:updateConnectorAddress(213)) - HTTP server of HDDSDATANODE is listening at http://0.0.0.0:33359
2019-08-21 20:57:21,165 [pool-148-thread-1] INFO  impl.RaftServerImpl (RaftServerImpl.java:<init>(93)) - b625f10f-96c1-4aa8-a736-6a0ae2c5cd47: new RaftServerImpl for group-029BAC6D135A:[] with ContainerStateMachine:uninitialized
2019-08-21 20:57:21,165 [pool-148-thread-1] INFO  server.RaftServerConfigKeys (ConfUtils.java:logGet(43)) - raft.server.rpc.timeout.min = 5s (custom)
2019-08-21 20:57:21,165 [pool-148-thread-1] INFO  server.RaftServerConfigKeys (ConfUtils.java:logGet(43)) - raft.server.rpc.timeout.max = 5200ms (custom)
2019-08-21 20:57:21,165 [pool-148-thread-1] INFO  server.RaftServerConfigKeys (ConfUtils.java:logGet(43)) - raft.server.rpcslowness.timeout = 120s (custom)
2019-08-21 20:57:21,165 [pool-148-thread-1] INFO  server.RaftServerConfigKeys (ConfUtils.java:logGet(43)) - raft.server.sleep.deviation.threshold = 300 (default)
2019-08-21 20:57:21,165 [pool-148-thread-1] INFO  server.RaftServerConfigKeys (ConfUtils.java:logGet(43)) - raft.server.log.appender.install.snapshot.enabled = false (custom)
2019-08-21 20:57:21,166 [pool-148-thread-1] INFO  impl.RaftServerImpl (ServerState.java:<init>(105)) - b625f10f-96c1-4aa8-a736-6a0ae2c5cd47:group-029BAC6D135A ConfigurationManager, init=-1: [], old=null, confs=<EMPTY_MAP>
2019-08-21 20:57:21,166 [pool-148-thread-1] INFO  server.RaftServerConfigKeys (ConfUtils.java:logGet(43)) - raft.server.storage.dir = [/workdir/hadoop-ozone/integration-test/target/test-dir/MiniOzoneClusterImpl-d93be911-e5ce-4644-bc64-a6ecf0977318/datanode-0/data/ratis] (custom)
2019-08-21 20:57:21,178 [pool-148-thread-1] INFO  storage.RaftStorageDirectory (RaftStorageDirectory.java:tryLock(328)) - Lock on /workdir/hadoop-ozone/integration-test/target/test-dir/MiniOzoneClusterImpl-d93be911-e5ce-4644-bc64-a6ecf0977318/datanode-0/data/ratis/5dad979d-a387-4dfb-8e76-029bac6d135a/in_use.lock acquired by nodename 21025@pr-hdds-1347-9b9ps-3331872021
2019-08-21 20:57:21,178 [pool-148-thread-1] INFO  ratis.ContainerStateMachine (ContainerStateMachine.java:loadSnapshot(226)) - group-029BAC6D135A: The snapshot info is null. Setting the last applied indexto:(t:0, i:~)
2019-08-21 20:57:21,179 [pool-148-thread-1] INFO  server.RaftServerConfigKeys (ConfUtils.java:logGet(43)) - raft.server.leader.election.timeout = 120s (custom)
2019-08-21 20:57:21,179 [pool-148-thread-1] INFO  server.RaftServerConfigKeys (ConfUtils.java:logGet(43)) - raft.server.log.use.memory = false (default)
2019-08-21 20:57:21,179 [pool-148-thread-1] INFO  server.RaftServerConfigKeys (ConfUtils.java:logGet(43)) - raft.server.log.purge.gap = 1000000 (custom)
2019-08-21 20:57:21,179 [pool-148-thread-1] INFO  server.RaftServerConfigKeys (ConfUtils.java:logGet(43)) - raft.server.log.appender.buffer.byte-limit = 33554432 (custom)
2019-08-21 20:57:21,179 [pool-148-thread-1] INFO  server.RaftServerConfigKeys (ConfUtils.java:logGet(43)) - raft.server.log.segment.size.max = 1048576 (custom)
2019-08-21 20:57:21,179 [pool-148-thread-1] INFO  server.RaftServerConfigKeys (ConfUtils.java:logGet(43)) - raft.server.log.segment.cache.num.max = 2 (custom)
2019-08-21 20:57:21,179 [pool-148-thread-1] INFO  segmented.SegmentedRaftLogWorker (SegmentedRaftLogWorker.java:<init>(172)) - new b625f10f-96c1-4aa8-a736-6a0ae2c5cd47-SegmentedRaftLogWorker:Storage Directory /workdir/hadoop-ozone/integration-test/target/test-dir/MiniOzoneClusterImpl-d93be911-e5ce-4644-bc64-a6ecf0977318/datanode-0/data/ratis/5dad979d-a387-4dfb-8e76-029bac6d135a for RaftStorage:Storage Directory /workdir/hadoop-ozone/integration-test/target/test-dir/MiniOzoneClusterImpl-d93be911-e5ce-4644-bc64-a6ecf0977318/datanode-0/data/ratis/5dad979d-a387-4dfb-8e76-029bac6d135a
2019-08-21 20:57:21,179 [pool-148-thread-1] INFO  server.RaftServerConfigKeys (ConfUtils.java:logGet(43)) - raft.server.log.queue.byte-limit = 2147483647 (custom)
2019-08-21 20:57:21,180 [pool-148-thread-1] INFO  server.RaftServerConfigKeys (ConfUtils.java:logGet(43)) - raft.server.log.queue.element-limit = 1024 (custom)
2019-08-21 20:57:21,180 [pool-148-thread-1] INFO  server.RaftServerConfigKeys (ConfUtils.java:logGet(43)) - raft.server.log.segment.size.max = 1048576 (custom)
2019-08-21 20:57:21,180 [pool-148-thread-1] INFO  server.RaftServerConfigKeys (ConfUtils.java:logGet(43)) - raft.server.log.preallocated.size = 16384 (custom)
2019-08-21 20:57:21,180 [pool-148-thread-1] INFO  server.RaftServerConfigKeys (ConfUtils.java:logGet(43)) - raft.server.log.write.buffer.size = 33554432 (custom)
2019-08-21 20:57:21,180 [pool-148-thread-1] INFO  server.RaftServerConfigKeys (ConfUtils.java:logGet(43)) - raft.server.log.force.sync.num = 128 (default)
2019-08-21 20:57:21,180 [pool-148-thread-1] INFO  server.RaftServerConfigKeys (ConfUtils.java:logGet(43)) - raft.server.log.statemachine.data.sync = true (default)
2019-08-21 20:57:21,181 [pool-148-thread-1] INFO  server.RaftServerConfigKeys (ConfUtils.java:logGet(43)) - raft.server.log.statemachine.data.sync.timeout = 10s (default)
2019-08-21 20:57:21,181 [pool-148-thread-1] INFO  server.RaftServerConfigKeys (ConfUtils.java:logGet(43)) - raft.server.log.statemachine.data.sync.timeout.retry = -1 (default)
2019-08-21 20:57:21,181 [pool-148-thread-1] INFO  server.RaftServerConfigKeys (ConfUtils.java:logGet(43)) - raft.server.log.statemachine.data.caching.enabled = true (custom)
2019-08-21 20:57:21,182 [pool-148-thread-1] INFO  impl.RaftServerImpl (ServerState.java:setRaftConf(361)) - b625f10f-96c1-4aa8-a736-6a0ae2c5cd47:group-029BAC6D135A set configuration 0: [a012690b-0000-4e4f-94e2-81cdbc8d1e43:192.168.5.165:41338, eea39f38-c3f6-433c-b3e8-04d870fd166b:192.168.5.165:43414, b625f10f-96c1-4aa8-a736-6a0ae2c5cd47:192.168.5.165:35979], old=null at 0
2019-08-21 20:57:21,182 [pool-148-thread-1] INFO  segmented.LogSegment (LogSegment.java:loadSegment(145)) - Successfully read 1 entries from segment file /workdir/hadoop-ozone/integration-test/target/test-dir/MiniOzoneClusterImpl-d93be911-e5ce-4644-bc64-a6ecf0977318/datanode-0/data/ratis/5dad979d-a387-4dfb-8e76-029bac6d135a/current/log_inprogress_0
2019-08-21 20:57:21,182 [pool-148-thread-1] INFO  segmented.SegmentedRaftLogWorker (SegmentedRaftLogWorker.java:lambda$new$0(132)) - b625f10f-96c1-4aa8-a736-6a0ae2c5cd47-SegmentedRaftLogWorker:Storage Directory /workdir/hadoop-ozone/integration-test/target/test-dir/MiniOzoneClusterImpl-d93be911-e5ce-4644-bc64-a6ecf0977318/datanode-0/data/ratis/5dad979d-a387-4dfb-8e76-029bac6d135a: flushIndex: setUnconditionally 0 -> 0
2019-08-21 20:57:21,210 [pool-148-thread-1] INFO  server.RaftServerConfigKeys (ConfUtils.java:logGet(43)) - raft.server.snapshot.auto.trigger.enabled = true (custom)
2019-08-21 20:57:21,210 [pool-148-thread-1] INFO  server.RaftServerConfigKeys (ConfUtils.java:logGet(43)) - raft.server.snapshot.auto.trigger.threshold = 10000 (custom)
2019-08-21 20:57:21,210 [pool-148-thread-1] INFO  server.RaftServerConfigKeys (ConfUtils.java:logGet(43)) - raft.server.retrycache.expirytime = 600000ms (custom)
2019-08-21 20:57:21,329 | INFO  | ObjectStoreRestHttpServer | Listening HDDS REST traffic on /0.0.0.0:40620 |  
2019-08-21 20:57:21,329 [Thread-334] INFO  ozone.HddsDatanodeService (HddsDatanodeService.java:startPlugins(395)) - Started plug-in org.apache.hadoop.ozone.web.OzoneHddsDatanodeService@4c5303bc
2019-08-21 20:57:21,332 [Thread-334] INFO  impl.MetricsSystemImpl (MetricsSystemImpl.java:init(158)) - HddsDatanode metrics system started (again)
2019-08-21 20:57:21,332 [org.apache.hadoop.util.JvmPauseMonitor$Monitor@31d1af82] INFO  util.JvmPauseMonitor (JvmPauseMonitor.java:run(188)) - Starting JVM pause monitor
2019-08-21 20:57:21,336 [Thread-334] INFO  ozone.HddsDatanodeService (HddsDatanodeService.java:start(184)) - HddsDatanodeService host:pr-hdds-1347-9b9ps-3331872021 ip:192.168.5.165
2019-08-21 20:57:21,338 [Thread-334] INFO  volume.VolumeUsage (VolumeUsage.java:loadScmUsed(144)) - Cached ScmUsed found for /workdir/hadoop-ozone/integration-test/target/test-dir/MiniOzoneClusterImpl-d93be911-e5ce-4644-bc64-a6ecf0977318/datanode-1/data/containers : 4096 
2019-08-21 20:57:21,338 [Thread-334] INFO  volume.HddsVolume (HddsVolume.java:<init>(176)) - Creating Volume: /workdir/hadoop-ozone/integration-test/target/test-dir/MiniOzoneClusterImpl-d93be911-e5ce-4644-bc64-a6ecf0977318/datanode-1/data/containers/hdds of  storage type : DISK and capacity : 1482555576320
2019-08-21 20:57:21,339 [Thread-334] INFO  volume.VolumeSet (VolumeSet.java:initializeVolumeSet(170)) - Added Volume : /workdir/hadoop-ozone/integration-test/target/test-dir/MiniOzoneClusterImpl-d93be911-e5ce-4644-bc64-a6ecf0977318/datanode-1/data/containers/hdds to VolumeSet
2019-08-21 20:57:21,339 [Thread-334] INFO  volume.ThrottledAsyncChecker (ThrottledAsyncChecker.java:schedule(140)) - Scheduling a check for org.apache.hadoop.ozone.container.common.volume.HddsVolume@6abcce53
2019-08-21 20:57:21,339 [Thread-334] INFO  volume.HddsVolumeChecker (HddsVolumeChecker.java:checkAllVolumes(203)) - Scheduled health check for volume org.apache.hadoop.ozone.container.common.volume.HddsVolume@6abcce53
2019-08-21 20:57:21,357 [Thread-334] INFO  impl.RaftServerProxy (ConfUtils.java:logGet(43)) - raft.rpc.type = GRPC (default)
2019-08-21 20:57:21,357 [Thread-334] INFO  grpc.GrpcFactory (GrpcFactory.java:checkPooledByteBufAllocatorUseCacheForAllThreads(45)) - PERFORMANCE WARNING: useCacheForAllThreads is true that may cause Netty to create a lot garbage objects and, as a result, trigger GC.
	It is recommended to disable useCacheForAllThreads by setting -Dorg.apache.ratis.thirdparty.io.netty.allocator.useCacheForAllThreads=false in command line.
2019-08-21 20:57:21,357 [Thread-334] INFO  grpc.GrpcConfigKeys$Server (ConfUtils.java:logGet(43)) - raft.grpc.server.port = 41338 (custom)
2019-08-21 20:57:21,357 [Thread-334] INFO  server.GrpcService (ConfUtils.java:logGet(43)) - raft.grpc.message.size.max = 33570816 (custom)
2019-08-21 20:57:21,358 [Thread-334] INFO  server.RaftServerConfigKeys (ConfUtils.java:logGet(43)) - raft.server.log.appender.buffer.byte-limit = 33554432 (custom)
2019-08-21 20:57:21,358 [Thread-334] INFO  server.GrpcService (ConfUtils.java:logGet(43)) - raft.grpc.flow.control.window = 1MB (=1048576) (default)
2019-08-21 20:57:21,358 [Thread-334] INFO  server.RaftServerConfigKeys (ConfUtils.java:logGet(43)) - raft.server.rpc.request.timeout = 3000ms (default)
2019-08-21 20:57:21,358 [Thread-334] INFO  server.RaftServerConfigKeys (ConfUtils.java:logGet(43)) - raft.server.storage.dir = [/workdir/hadoop-ozone/integration-test/target/test-dir/MiniOzoneClusterImpl-d93be911-e5ce-4644-bc64-a6ecf0977318/datanode-1/data/ratis] (custom)
2019-08-21 20:57:21,359 [Thread-334] INFO  impl.RaftServerProxy (RaftServerProxy.java:lambda$null$0(191)) - a012690b-0000-4e4f-94e2-81cdbc8d1e43: found a subdirectory /workdir/hadoop-ozone/integration-test/target/test-dir/MiniOzoneClusterImpl-d93be911-e5ce-4644-bc64-a6ecf0977318/datanode-1/data/ratis/5dad979d-a387-4dfb-8e76-029bac6d135a
2019-08-21 20:57:21,359 [Thread-334] INFO  impl.RaftServerProxy (RaftServerProxy.java:addNew(89)) - a012690b-0000-4e4f-94e2-81cdbc8d1e43: addNew group-029BAC6D135A:[] returns group-029BAC6D135A:java.util.concurrent.CompletableFuture@50771b0c[Not completed]
2019-08-21 20:57:21,359 [Thread-334] INFO  impl.RaftServerProxy (RaftServerProxy.java:lambda$null$0(191)) - a012690b-0000-4e4f-94e2-81cdbc8d1e43: found a subdirectory /workdir/hadoop-ozone/integration-test/target/test-dir/MiniOzoneClusterImpl-d93be911-e5ce-4644-bc64-a6ecf0977318/datanode-1/data/ratis/e4e00cde-618a-4476-bc5b-95db22f52bc2
2019-08-21 20:57:21,359 [Thread-334] INFO  impl.RaftServerProxy (RaftServerProxy.java:addNew(89)) - a012690b-0000-4e4f-94e2-81cdbc8d1e43: addNew group-95DB22F52BC2:[] returns group-95DB22F52BC2:java.util.concurrent.CompletableFuture@2fecdca6[Not completed]
2019-08-21 20:57:21,360 [Thread-334] INFO  replication.SimpleContainerDownloader (SimpleContainerDownloader.java:<init>(72)) - Starting container downloader service to copy containers to replicate.
2019-08-21 20:57:21,361 [Thread-334] INFO  hdfs.DFSUtil (DFSUtil.java:httpServerTemplateForNNAndJN(1641)) - Starting Web-server for hddsDatanode at: http://0.0.0.0:34925
2019-08-21 20:57:21,362 [pool-159-thread-1] INFO  impl.RaftServerImpl (RaftServerImpl.java:<init>(93)) - a012690b-0000-4e4f-94e2-81cdbc8d1e43: new RaftServerImpl for group-029BAC6D135A:[] with ContainerStateMachine:uninitialized
2019-08-21 20:57:21,362 [pool-159-thread-1] INFO  server.RaftServerConfigKeys (ConfUtils.java:logGet(43)) - raft.server.rpc.timeout.min = 5s (custom)
2019-08-21 20:57:21,362 [Thread-334] INFO  server.AuthenticationFilter (AuthenticationFilter.java:constructSecretProvider(240)) - Unable to initialize FileSignerSecretProvider, falling back to use random secrets.
2019-08-21 20:57:21,362 [pool-159-thread-1] INFO  server.RaftServerConfigKeys (ConfUtils.java:logGet(43)) - raft.server.rpc.timeout.max = 5200ms (custom)
2019-08-21 20:57:21,363 [pool-159-thread-1] INFO  server.RaftServerConfigKeys (ConfUtils.java:logGet(43)) - raft.server.rpcslowness.timeout = 120s (custom)
2019-08-21 20:57:21,363 [Thread-334] WARN  http.HttpRequestLog (HttpRequestLog.java:getRequestLog(97)) - Jetty request log can only be enabled using Log4j
2019-08-21 20:57:21,363 [pool-159-thread-1] INFO  server.RaftServerConfigKeys (ConfUtils.java:logGet(43)) - raft.server.sleep.deviation.threshold = 300 (default)
2019-08-21 20:57:21,363 [pool-159-thread-1] INFO  server.RaftServerConfigKeys (ConfUtils.java:logGet(43)) - raft.server.log.appender.install.snapshot.enabled = false (custom)
2019-08-21 20:57:21,363 [pool-159-thread-1] INFO  impl.RaftServerImpl (ServerState.java:<init>(105)) - a012690b-0000-4e4f-94e2-81cdbc8d1e43:group-029BAC6D135A ConfigurationManager, init=-1: [], old=null, confs=<EMPTY_MAP>
2019-08-21 20:57:21,364 [pool-159-thread-1] INFO  server.RaftServerConfigKeys (ConfUtils.java:logGet(43)) - raft.server.storage.dir = [/workdir/hadoop-ozone/integration-test/target/test-dir/MiniOzoneClusterImpl-d93be911-e5ce-4644-bc64-a6ecf0977318/datanode-1/data/ratis] (custom)
2019-08-21 20:57:21,365 [Thread-334] INFO  http.HttpServer2 (HttpServer2.java:addGlobalFilter(975)) - Added global filter 'safety' (class=org.apache.hadoop.http.HttpServer2$QuotingInputFilter)
2019-08-21 20:57:21,365 [Thread-334] INFO  http.HttpServer2 (HttpServer2.java:addFilter(948)) - Added filter static_user_filter (class=org.apache.hadoop.http.lib.StaticUserWebFilter$StaticUserFilter) to context hddsDatanode
2019-08-21 20:57:21,365 [Thread-334] INFO  http.HttpServer2 (HttpServer2.java:addFilter(958)) - Added filter static_user_filter (class=org.apache.hadoop.http.lib.StaticUserWebFilter$StaticUserFilter) to context static
2019-08-21 20:57:21,365 [Thread-334] INFO  http.HttpServer2 (HttpServer2.java:addFilter(958)) - Added filter static_user_filter (class=org.apache.hadoop.http.lib.StaticUserWebFilter$StaticUserFilter) to context logs
2019-08-21 20:57:21,366 [Thread-334] INFO  http.HttpServer2 (HttpServer2.java:bindListener(1191)) - Jetty bound to port 34925
2019-08-21 20:57:21,366 [Thread-334] INFO  server.Server (Server.java:doStart(351)) - jetty-9.3.24.v20180605, build timestamp: 2018-06-05T17:11:56Z, git hash: 84205aa28f11a4f31f2a3b86d1bba2cc8ab69827
2019-08-21 20:57:21,368 [Thread-334] INFO  handler.ContextHandler (ContextHandler.java:doStart(781)) - Started o.e.j.s.ServletContextHandler@75767478{/logs,file:///workdir/hadoop-ozone/integration-test/target/log,AVAILABLE}
2019-08-21 20:57:21,368 [Thread-334] INFO  handler.ContextHandler (ContextHandler.java:doStart(781)) - Started o.e.j.s.ServletContextHandler@3b6fd0c2{/static,jar:file:/home/user/.m2/repository/org/apache/hadoop/hadoop-hdds-container-service/0.5.0-SNAPSHOT/hadoop-hdds-container-service-0.5.0-SNAPSHOT.jar!/webapps/static,AVAILABLE}
2019-08-21 20:57:21,377 [pool-159-thread-1] INFO  storage.RaftStorageDirectory (RaftStorageDirectory.java:tryLock(328)) - Lock on /workdir/hadoop-ozone/integration-test/target/test-dir/MiniOzoneClusterImpl-d93be911-e5ce-4644-bc64-a6ecf0977318/datanode-1/data/ratis/5dad979d-a387-4dfb-8e76-029bac6d135a/in_use.lock acquired by nodename 21025@pr-hdds-1347-9b9ps-3331872021
2019-08-21 20:57:21,377 [pool-159-thread-1] INFO  ratis.ContainerStateMachine (ContainerStateMachine.java:loadSnapshot(226)) - group-029BAC6D135A: The snapshot info is null. Setting the last applied indexto:(t:0, i:~)
2019-08-21 20:57:21,378 [pool-159-thread-1] INFO  server.RaftServerConfigKeys (ConfUtils.java:logGet(43)) - raft.server.leader.election.timeout = 120s (custom)
2019-08-21 20:57:21,378 [pool-159-thread-1] INFO  server.RaftServerConfigKeys (ConfUtils.java:logGet(43)) - raft.server.log.use.memory = false (default)
2019-08-21 20:57:21,378 [pool-159-thread-1] INFO  server.RaftServerConfigKeys (ConfUtils.java:logGet(43)) - raft.server.log.purge.gap = 1000000 (custom)
2019-08-21 20:57:21,378 [pool-159-thread-1] INFO  server.RaftServerConfigKeys (ConfUtils.java:logGet(43)) - raft.server.log.appender.buffer.byte-limit = 33554432 (custom)
2019-08-21 20:57:21,378 [pool-159-thread-1] INFO  server.RaftServerConfigKeys (ConfUtils.java:logGet(43)) - raft.server.log.segment.size.max = 1048576 (custom)
2019-08-21 20:57:21,379 [pool-159-thread-1] INFO  server.RaftServerConfigKeys (ConfUtils.java:logGet(43)) - raft.server.log.segment.cache.num.max = 2 (custom)
2019-08-21 20:57:21,379 [pool-159-thread-1] INFO  segmented.SegmentedRaftLogWorker (SegmentedRaftLogWorker.java:<init>(172)) - new a012690b-0000-4e4f-94e2-81cdbc8d1e43-SegmentedRaftLogWorker:Storage Directory /workdir/hadoop-ozone/integration-test/target/test-dir/MiniOzoneClusterImpl-d93be911-e5ce-4644-bc64-a6ecf0977318/datanode-1/data/ratis/5dad979d-a387-4dfb-8e76-029bac6d135a for RaftStorage:Storage Directory /workdir/hadoop-ozone/integration-test/target/test-dir/MiniOzoneClusterImpl-d93be911-e5ce-4644-bc64-a6ecf0977318/datanode-1/data/ratis/5dad979d-a387-4dfb-8e76-029bac6d135a
2019-08-21 20:57:21,379 [pool-159-thread-1] INFO  server.RaftServerConfigKeys (ConfUtils.java:logGet(43)) - raft.server.log.queue.byte-limit = 2147483647 (custom)
2019-08-21 20:57:21,379 [pool-159-thread-1] INFO  server.RaftServerConfigKeys (ConfUtils.java:logGet(43)) - raft.server.log.queue.element-limit = 1024 (custom)
2019-08-21 20:57:21,379 [pool-159-thread-1] INFO  server.RaftServerConfigKeys (ConfUtils.java:logGet(43)) - raft.server.log.segment.size.max = 1048576 (custom)
2019-08-21 20:57:21,380 [pool-159-thread-1] INFO  server.RaftServerConfigKeys (ConfUtils.java:logGet(43)) - raft.server.log.preallocated.size = 16384 (custom)
2019-08-21 20:57:21,380 [pool-159-thread-1] INFO  server.RaftServerConfigKeys (ConfUtils.java:logGet(43)) - raft.server.log.write.buffer.size = 33554432 (custom)
2019-08-21 20:57:21,380 [pool-159-thread-1] INFO  server.RaftServerConfigKeys (ConfUtils.java:logGet(43)) - raft.server.log.force.sync.num = 128 (default)
2019-08-21 20:57:21,380 [pool-159-thread-1] INFO  server.RaftServerConfigKeys (ConfUtils.java:logGet(43)) - raft.server.log.statemachine.data.sync = true (default)
2019-08-21 20:57:21,380 [pool-159-thread-1] INFO  server.RaftServerConfigKeys (ConfUtils.java:logGet(43)) - raft.server.log.statemachine.data.sync.timeout = 10s (default)
2019-08-21 20:57:21,381 [pool-159-thread-1] INFO  server.RaftServerConfigKeys (ConfUtils.java:logGet(43)) - raft.server.log.statemachine.data.sync.timeout.retry = -1 (default)
2019-08-21 20:57:21,381 [pool-159-thread-1] INFO  server.RaftServerConfigKeys (ConfUtils.java:logGet(43)) - raft.server.log.statemachine.data.caching.enabled = true (custom)
2019-08-21 20:57:21,382 [pool-159-thread-1] INFO  impl.RaftServerImpl (ServerState.java:setRaftConf(361)) - a012690b-0000-4e4f-94e2-81cdbc8d1e43:group-029BAC6D135A set configuration 0: [a012690b-0000-4e4f-94e2-81cdbc8d1e43:192.168.5.165:41338, eea39f38-c3f6-433c-b3e8-04d870fd166b:192.168.5.165:43414, b625f10f-96c1-4aa8-a736-6a0ae2c5cd47:192.168.5.165:35979], old=null at 0
2019-08-21 20:57:21,382 [pool-159-thread-1] INFO  segmented.LogSegment (LogSegment.java:loadSegment(145)) - Successfully read 1 entries from segment file /workdir/hadoop-ozone/integration-test/target/test-dir/MiniOzoneClusterImpl-d93be911-e5ce-4644-bc64-a6ecf0977318/datanode-1/data/ratis/5dad979d-a387-4dfb-8e76-029bac6d135a/current/log_inprogress_0
2019-08-21 20:57:21,383 [pool-159-thread-1] INFO  segmented.SegmentedRaftLogWorker (SegmentedRaftLogWorker.java:lambda$new$0(132)) - a012690b-0000-4e4f-94e2-81cdbc8d1e43-SegmentedRaftLogWorker:Storage Directory /workdir/hadoop-ozone/integration-test/target/test-dir/MiniOzoneClusterImpl-d93be911-e5ce-4644-bc64-a6ecf0977318/datanode-1/data/ratis/5dad979d-a387-4dfb-8e76-029bac6d135a: flushIndex: setUnconditionally 0 -> 0
2019-08-21 20:57:21,397 [Thread-334] INFO  handler.ContextHandler (ContextHandler.java:doStart(781)) - Started o.e.j.w.WebAppContext@58f6ab05{/,file:///tmp/jetty-0.0.0.0-34925-hddsDatanode-_-any-3964846327352988445.dir/webapp/,AVAILABLE}{/hddsDatanode}
2019-08-21 20:57:21,398 [Thread-334] INFO  server.AbstractConnector (AbstractConnector.java:doStart(278)) - Started ServerConnector@350339fb{HTTP/1.1,[http/1.1]}{0.0.0.0:34925}
2019-08-21 20:57:21,420 [pool-159-thread-1] INFO  server.RaftServerConfigKeys (ConfUtils.java:logGet(43)) - raft.server.snapshot.auto.trigger.enabled = true (custom)
2019-08-21 20:57:21,420 [Thread-334] INFO  server.Server (Server.java:doStart(419)) - Started @52840ms
2019-08-21 20:57:21,420 [pool-159-thread-1] INFO  server.RaftServerConfigKeys (ConfUtils.java:logGet(43)) - raft.server.snapshot.auto.trigger.threshold = 10000 (custom)
2019-08-21 20:57:21,420 [pool-159-thread-1] INFO  server.RaftServerConfigKeys (ConfUtils.java:logGet(43)) - raft.server.retrycache.expirytime = 600000ms (custom)
2019-08-21 20:57:21,421 [Thread-334] INFO  server.BaseHttpServer (BaseHttpServer.java:updateConnectorAddress(213)) - HTTP server of HDDSDATANODE is listening at http://0.0.0.0:34925
2019-08-21 20:57:21,423 [pool-159-thread-1] INFO  impl.RaftServerImpl (RaftServerImpl.java:<init>(93)) - a012690b-0000-4e4f-94e2-81cdbc8d1e43: new RaftServerImpl for group-95DB22F52BC2:[] with ContainerStateMachine:uninitialized
2019-08-21 20:57:21,423 [pool-159-thread-1] INFO  server.RaftServerConfigKeys (ConfUtils.java:logGet(43)) - raft.server.rpc.timeout.min = 5s (custom)
2019-08-21 20:57:21,423 [pool-159-thread-1] INFO  server.RaftServerConfigKeys (ConfUtils.java:logGet(43)) - raft.server.rpc.timeout.max = 5200ms (custom)
2019-08-21 20:57:21,423 [pool-159-thread-1] INFO  server.RaftServerConfigKeys (ConfUtils.java:logGet(43)) - raft.server.rpcslowness.timeout = 120s (custom)
2019-08-21 20:57:21,423 [pool-159-thread-1] INFO  server.RaftServerConfigKeys (ConfUtils.java:logGet(43)) - raft.server.sleep.deviation.threshold = 300 (default)
2019-08-21 20:57:21,424 [pool-159-thread-1] INFO  server.RaftServerConfigKeys (ConfUtils.java:logGet(43)) - raft.server.log.appender.install.snapshot.enabled = false (custom)
2019-08-21 20:57:21,424 [pool-159-thread-1] INFO  impl.RaftServerImpl (ServerState.java:<init>(105)) - a012690b-0000-4e4f-94e2-81cdbc8d1e43:group-95DB22F52BC2 ConfigurationManager, init=-1: [], old=null, confs=<EMPTY_MAP>
2019-08-21 20:57:21,424 [pool-159-thread-1] INFO  server.RaftServerConfigKeys (ConfUtils.java:logGet(43)) - raft.server.storage.dir = [/workdir/hadoop-ozone/integration-test/target/test-dir/MiniOzoneClusterImpl-d93be911-e5ce-4644-bc64-a6ecf0977318/datanode-1/data/ratis] (custom)
2019-08-21 20:57:21,436 [pool-159-thread-1] INFO  storage.RaftStorageDirectory (RaftStorageDirectory.java:tryLock(328)) - Lock on /workdir/hadoop-ozone/integration-test/target/test-dir/MiniOzoneClusterImpl-d93be911-e5ce-4644-bc64-a6ecf0977318/datanode-1/data/ratis/e4e00cde-618a-4476-bc5b-95db22f52bc2/in_use.lock acquired by nodename 21025@pr-hdds-1347-9b9ps-3331872021
2019-08-21 20:57:21,437 [pool-159-thread-1] INFO  ratis.ContainerStateMachine (ContainerStateMachine.java:loadSnapshot(226)) - group-95DB22F52BC2: The snapshot info is null. Setting the last applied indexto:(t:0, i:~)
2019-08-21 20:57:21,437 [pool-159-thread-1] INFO  server.RaftServerConfigKeys (ConfUtils.java:logGet(43)) - raft.server.leader.election.timeout = 120s (custom)
2019-08-21 20:57:21,437 [pool-159-thread-1] INFO  server.RaftServerConfigKeys (ConfUtils.java:logGet(43)) - raft.server.log.use.memory = false (default)
2019-08-21 20:57:21,437 [pool-159-thread-1] INFO  server.RaftServerConfigKeys (ConfUtils.java:logGet(43)) - raft.server.log.purge.gap = 1000000 (custom)
2019-08-21 20:57:21,438 [pool-159-thread-1] INFO  server.RaftServerConfigKeys (ConfUtils.java:logGet(43)) - raft.server.log.appender.buffer.byte-limit = 33554432 (custom)
2019-08-21 20:57:21,438 [pool-159-thread-1] INFO  server.RaftServerConfigKeys (ConfUtils.java:logGet(43)) - raft.server.log.segment.size.max = 1048576 (custom)
2019-08-21 20:57:21,438 [pool-159-thread-1] INFO  server.RaftServerConfigKeys (ConfUtils.java:logGet(43)) - raft.server.log.segment.cache.num.max = 2 (custom)
2019-08-21 20:57:21,438 [pool-159-thread-1] INFO  segmented.SegmentedRaftLogWorker (SegmentedRaftLogWorker.java:<init>(172)) - new a012690b-0000-4e4f-94e2-81cdbc8d1e43-SegmentedRaftLogWorker:Storage Directory /workdir/hadoop-ozone/integration-test/target/test-dir/MiniOzoneClusterImpl-d93be911-e5ce-4644-bc64-a6ecf0977318/datanode-1/data/ratis/e4e00cde-618a-4476-bc5b-95db22f52bc2 for RaftStorage:Storage Directory /workdir/hadoop-ozone/integration-test/target/test-dir/MiniOzoneClusterImpl-d93be911-e5ce-4644-bc64-a6ecf0977318/datanode-1/data/ratis/e4e00cde-618a-4476-bc5b-95db22f52bc2
2019-08-21 20:57:21,438 [pool-159-thread-1] INFO  server.RaftServerConfigKeys (ConfUtils.java:logGet(43)) - raft.server.log.queue.byte-limit = 2147483647 (custom)
2019-08-21 20:57:21,438 [pool-159-thread-1] INFO  server.RaftServerConfigKeys (ConfUtils.java:logGet(43)) - raft.server.log.queue.element-limit = 1024 (custom)
2019-08-21 20:57:21,438 [pool-159-thread-1] INFO  server.RaftServerConfigKeys (ConfUtils.java:logGet(43)) - raft.server.log.segment.size.max = 1048576 (custom)
2019-08-21 20:57:21,438 [pool-159-thread-1] INFO  server.RaftServerConfigKeys (ConfUtils.java:logGet(43)) - raft.server.log.preallocated.size = 16384 (custom)
2019-08-21 20:57:21,439 [pool-159-thread-1] INFO  server.RaftServerConfigKeys (ConfUtils.java:logGet(43)) - raft.server.log.write.buffer.size = 33554432 (custom)
2019-08-21 20:57:21,439 [pool-159-thread-1] INFO  server.RaftServerConfigKeys (ConfUtils.java:logGet(43)) - raft.server.log.force.sync.num = 128 (default)
2019-08-21 20:57:21,439 [pool-159-thread-1] INFO  server.RaftServerConfigKeys (ConfUtils.java:logGet(43)) - raft.server.log.statemachine.data.sync = true (default)
2019-08-21 20:57:21,439 [pool-159-thread-1] INFO  server.RaftServerConfigKeys (ConfUtils.java:logGet(43)) - raft.server.log.statemachine.data.sync.timeout = 10s (default)
2019-08-21 20:57:21,439 [pool-159-thread-1] INFO  server.RaftServerConfigKeys (ConfUtils.java:logGet(43)) - raft.server.log.statemachine.data.sync.timeout.retry = -1 (default)
2019-08-21 20:57:21,439 [pool-159-thread-1] INFO  server.RaftServerConfigKeys (ConfUtils.java:logGet(43)) - raft.server.log.statemachine.data.caching.enabled = true (custom)
2019-08-21 20:57:21,440 [pool-159-thread-1] INFO  impl.RaftServerImpl (ServerState.java:setRaftConf(361)) - a012690b-0000-4e4f-94e2-81cdbc8d1e43:group-95DB22F52BC2 set configuration 0: [a012690b-0000-4e4f-94e2-81cdbc8d1e43:192.168.5.165:41338], old=null at 0
2019-08-21 20:57:21,440 [pool-159-thread-1] INFO  segmented.LogSegment (LogSegment.java:loadSegment(145)) - Successfully read 1 entries from segment file /workdir/hadoop-ozone/integration-test/target/test-dir/MiniOzoneClusterImpl-d93be911-e5ce-4644-bc64-a6ecf0977318/datanode-1/data/ratis/e4e00cde-618a-4476-bc5b-95db22f52bc2/current/log_inprogress_0
2019-08-21 20:57:21,440 [pool-159-thread-1] INFO  segmented.SegmentedRaftLogWorker (SegmentedRaftLogWorker.java:lambda$new$0(132)) - a012690b-0000-4e4f-94e2-81cdbc8d1e43-SegmentedRaftLogWorker:Storage Directory /workdir/hadoop-ozone/integration-test/target/test-dir/MiniOzoneClusterImpl-d93be911-e5ce-4644-bc64-a6ecf0977318/datanode-1/data/ratis/e4e00cde-618a-4476-bc5b-95db22f52bc2: flushIndex: setUnconditionally 0 -> 0
2019-08-21 20:57:21,466 [pool-159-thread-1] INFO  server.RaftServerConfigKeys (ConfUtils.java:logGet(43)) - raft.server.snapshot.auto.trigger.enabled = true (custom)
2019-08-21 20:57:21,466 [pool-159-thread-1] INFO  server.RaftServerConfigKeys (ConfUtils.java:logGet(43)) - raft.server.snapshot.auto.trigger.threshold = 10000 (custom)
2019-08-21 20:57:21,466 [pool-159-thread-1] INFO  server.RaftServerConfigKeys (ConfUtils.java:logGet(43)) - raft.server.retrycache.expirytime = 600000ms (custom)
2019-08-21 20:57:21,562 | INFO  | ObjectStoreRestHttpServer | Listening HDDS REST traffic on /0.0.0.0:41780 |  
2019-08-21 20:57:21,562 [Thread-334] INFO  ozone.HddsDatanodeService (HddsDatanodeService.java:startPlugins(395)) - Started plug-in org.apache.hadoop.ozone.web.OzoneHddsDatanodeService@428a3dea
2019-08-21 20:57:21,564 [Thread-334] INFO  impl.MetricsSystemImpl (MetricsSystemImpl.java:init(158)) - HddsDatanode metrics system started (again)
2019-08-21 20:57:21,565 [org.apache.hadoop.util.JvmPauseMonitor$Monitor@7ac74464] INFO  util.JvmPauseMonitor (JvmPauseMonitor.java:run(188)) - Starting JVM pause monitor
2019-08-21 20:57:21,568 [Thread-334] INFO  ozone.HddsDatanodeService (HddsDatanodeService.java:start(184)) - HddsDatanodeService host:pr-hdds-1347-9b9ps-3331872021 ip:192.168.5.165
2019-08-21 20:57:21,570 [Thread-334] INFO  volume.VolumeUsage (VolumeUsage.java:loadScmUsed(144)) - Cached ScmUsed found for /workdir/hadoop-ozone/integration-test/target/test-dir/MiniOzoneClusterImpl-d93be911-e5ce-4644-bc64-a6ecf0977318/datanode-2/data/containers : 4096 
2019-08-21 20:57:21,570 [Thread-334] INFO  volume.HddsVolume (HddsVolume.java:<init>(176)) - Creating Volume: /workdir/hadoop-ozone/integration-test/target/test-dir/MiniOzoneClusterImpl-d93be911-e5ce-4644-bc64-a6ecf0977318/datanode-2/data/containers/hdds of  storage type : DISK and capacity : 1482555576320
2019-08-21 20:57:21,571 [Thread-334] INFO  volume.VolumeSet (VolumeSet.java:initializeVolumeSet(170)) - Added Volume : /workdir/hadoop-ozone/integration-test/target/test-dir/MiniOzoneClusterImpl-d93be911-e5ce-4644-bc64-a6ecf0977318/datanode-2/data/containers/hdds to VolumeSet
2019-08-21 20:57:21,571 [Thread-334] INFO  volume.ThrottledAsyncChecker (ThrottledAsyncChecker.java:schedule(140)) - Scheduling a check for org.apache.hadoop.ozone.container.common.volume.HddsVolume@4598487f
2019-08-21 20:57:21,571 [Thread-334] INFO  volume.HddsVolumeChecker (HddsVolumeChecker.java:checkAllVolumes(203)) - Scheduled health check for volume org.apache.hadoop.ozone.container.common.volume.HddsVolume@4598487f
2019-08-21 20:57:21,585 [Thread-334] INFO  impl.RaftServerProxy (ConfUtils.java:logGet(43)) - raft.rpc.type = GRPC (default)
2019-08-21 20:57:21,585 [Thread-334] INFO  grpc.GrpcFactory (GrpcFactory.java:checkPooledByteBufAllocatorUseCacheForAllThreads(45)) - PERFORMANCE WARNING: useCacheForAllThreads is true that may cause Netty to create a lot garbage objects and, as a result, trigger GC.
	It is recommended to disable useCacheForAllThreads by setting -Dorg.apache.ratis.thirdparty.io.netty.allocator.useCacheForAllThreads=false in command line.
2019-08-21 20:57:21,585 [Thread-334] INFO  grpc.GrpcConfigKeys$Server (ConfUtils.java:logGet(43)) - raft.grpc.server.port = 43414 (custom)
2019-08-21 20:57:21,585 [Thread-334] INFO  server.GrpcService (ConfUtils.java:logGet(43)) - raft.grpc.message.size.max = 33570816 (custom)
2019-08-21 20:57:21,585 [Thread-334] INFO  server.RaftServerConfigKeys (ConfUtils.java:logGet(43)) - raft.server.log.appender.buffer.byte-limit = 33554432 (custom)
2019-08-21 20:57:21,586 [Thread-334] INFO  server.GrpcService (ConfUtils.java:logGet(43)) - raft.grpc.flow.control.window = 1MB (=1048576) (default)
2019-08-21 20:57:21,586 [Thread-334] INFO  server.RaftServerConfigKeys (ConfUtils.java:logGet(43)) - raft.server.rpc.request.timeout = 3000ms (default)
2019-08-21 20:57:21,586 [Thread-334] INFO  server.RaftServerConfigKeys (ConfUtils.java:logGet(43)) - raft.server.storage.dir = [/workdir/hadoop-ozone/integration-test/target/test-dir/MiniOzoneClusterImpl-d93be911-e5ce-4644-bc64-a6ecf0977318/datanode-2/data/ratis] (custom)
2019-08-21 20:57:21,586 [Thread-334] INFO  impl.RaftServerProxy (RaftServerProxy.java:lambda$null$0(191)) - eea39f38-c3f6-433c-b3e8-04d870fd166b: found a subdirectory /workdir/hadoop-ozone/integration-test/target/test-dir/MiniOzoneClusterImpl-d93be911-e5ce-4644-bc64-a6ecf0977318/datanode-2/data/ratis/5dad979d-a387-4dfb-8e76-029bac6d135a
2019-08-21 20:57:21,587 [Thread-334] INFO  impl.RaftServerProxy (RaftServerProxy.java:addNew(89)) - eea39f38-c3f6-433c-b3e8-04d870fd166b: addNew group-029BAC6D135A:[] returns group-029BAC6D135A:java.util.concurrent.CompletableFuture@1a082da6[Not completed]
2019-08-21 20:57:21,587 [Thread-334] INFO  impl.RaftServerProxy (RaftServerProxy.java:lambda$null$0(191)) - eea39f38-c3f6-433c-b3e8-04d870fd166b: found a subdirectory /workdir/hadoop-ozone/integration-test/target/test-dir/MiniOzoneClusterImpl-d93be911-e5ce-4644-bc64-a6ecf0977318/datanode-2/data/ratis/39180633-8a23-44aa-94be-0b584e06629c
2019-08-21 20:57:21,587 [Thread-334] INFO  impl.RaftServerProxy (RaftServerProxy.java:addNew(89)) - eea39f38-c3f6-433c-b3e8-04d870fd166b: addNew group-0B584E06629C:[] returns group-0B584E06629C:java.util.concurrent.CompletableFuture@2f538667[Not completed]
2019-08-21 20:57:21,588 [Thread-334] INFO  replication.SimpleContainerDownloader (SimpleContainerDownloader.java:<init>(72)) - Starting container downloader service to copy containers to replicate.
2019-08-21 20:57:21,588 [pool-170-thread-1] INFO  impl.RaftServerImpl (RaftServerImpl.java:<init>(93)) - eea39f38-c3f6-433c-b3e8-04d870fd166b: new RaftServerImpl for group-029BAC6D135A:[] with ContainerStateMachine:uninitialized
2019-08-21 20:57:21,589 [pool-170-thread-1] INFO  server.RaftServerConfigKeys (ConfUtils.java:logGet(43)) - raft.server.rpc.timeout.min = 5s (custom)
2019-08-21 20:57:21,589 [pool-170-thread-1] INFO  server.RaftServerConfigKeys (ConfUtils.java:logGet(43)) - raft.server.rpc.timeout.max = 5200ms (custom)
2019-08-21 20:57:21,589 [Thread-334] INFO  hdfs.DFSUtil (DFSUtil.java:httpServerTemplateForNNAndJN(1641)) - Starting Web-server for hddsDatanode at: http://0.0.0.0:37343
2019-08-21 20:57:21,589 [pool-170-thread-1] INFO  server.RaftServerConfigKeys (ConfUtils.java:logGet(43)) - raft.server.rpcslowness.timeout = 120s (custom)
2019-08-21 20:57:21,589 [pool-170-thread-1] INFO  server.RaftServerConfigKeys (ConfUtils.java:logGet(43)) - raft.server.sleep.deviation.threshold = 300 (default)
2019-08-21 20:57:21,589 [pool-170-thread-1] INFO  server.RaftServerConfigKeys (ConfUtils.java:logGet(43)) - raft.server.log.appender.install.snapshot.enabled = false (custom)
2019-08-21 20:57:21,590 [pool-170-thread-1] INFO  impl.RaftServerImpl (ServerState.java:<init>(105)) - eea39f38-c3f6-433c-b3e8-04d870fd166b:group-029BAC6D135A ConfigurationManager, init=-1: [], old=null, confs=<EMPTY_MAP>
2019-08-21 20:57:21,590 [pool-170-thread-1] INFO  server.RaftServerConfigKeys (ConfUtils.java:logGet(43)) - raft.server.storage.dir = [/workdir/hadoop-ozone/integration-test/target/test-dir/MiniOzoneClusterImpl-d93be911-e5ce-4644-bc64-a6ecf0977318/datanode-2/data/ratis] (custom)
2019-08-21 20:57:21,592 [Thread-334] INFO  server.AuthenticationFilter (AuthenticationFilter.java:constructSecretProvider(240)) - Unable to initialize FileSignerSecretProvider, falling back to use random secrets.
2019-08-21 20:57:21,593 [Thread-334] WARN  http.HttpRequestLog (HttpRequestLog.java:getRequestLog(97)) - Jetty request log can only be enabled using Log4j
2019-08-21 20:57:21,595 [Thread-334] INFO  http.HttpServer2 (HttpServer2.java:addGlobalFilter(975)) - Added global filter 'safety' (class=org.apache.hadoop.http.HttpServer2$QuotingInputFilter)
2019-08-21 20:57:21,596 [Thread-334] INFO  http.HttpServer2 (HttpServer2.java:addFilter(948)) - Added filter static_user_filter (class=org.apache.hadoop.http.lib.StaticUserWebFilter$StaticUserFilter) to context hddsDatanode
2019-08-21 20:57:21,597 [Thread-334] INFO  http.HttpServer2 (HttpServer2.java:addFilter(958)) - Added filter static_user_filter (class=org.apache.hadoop.http.lib.StaticUserWebFilter$StaticUserFilter) to context logs
2019-08-21 20:57:21,597 [Thread-334] INFO  http.HttpServer2 (HttpServer2.java:addFilter(958)) - Added filter static_user_filter (class=org.apache.hadoop.http.lib.StaticUserWebFilter$StaticUserFilter) to context static
2019-08-21 20:57:21,598 [Thread-334] INFO  http.HttpServer2 (HttpServer2.java:bindListener(1191)) - Jetty bound to port 37343
2019-08-21 20:57:21,598 [Thread-334] INFO  server.Server (Server.java:doStart(351)) - jetty-9.3.24.v20180605, build timestamp: 2018-06-05T17:11:56Z, git hash: 84205aa28f11a4f31f2a3b86d1bba2cc8ab69827
2019-08-21 20:57:21,601 [Thread-334] INFO  handler.ContextHandler (ContextHandler.java:doStart(781)) - Started o.e.j.s.ServletContextHandler@6686b5b1{/logs,file:///workdir/hadoop-ozone/integration-test/target/log,AVAILABLE}
2019-08-21 20:57:21,602 [Thread-334] INFO  handler.ContextHandler (ContextHandler.java:doStart(781)) - Started o.e.j.s.ServletContextHandler@27c83c75{/static,jar:file:/home/user/.m2/repository/org/apache/hadoop/hadoop-hdds-container-service/0.5.0-SNAPSHOT/hadoop-hdds-container-service-0.5.0-SNAPSHOT.jar!/webapps/static,AVAILABLE}
2019-08-21 20:57:21,603 [pool-170-thread-1] INFO  storage.RaftStorageDirectory (RaftStorageDirectory.java:tryLock(328)) - Lock on /workdir/hadoop-ozone/integration-test/target/test-dir/MiniOzoneClusterImpl-d93be911-e5ce-4644-bc64-a6ecf0977318/datanode-2/data/ratis/5dad979d-a387-4dfb-8e76-029bac6d135a/in_use.lock acquired by nodename 21025@pr-hdds-1347-9b9ps-3331872021
2019-08-21 20:57:21,603 [pool-170-thread-1] INFO  ratis.ContainerStateMachine (ContainerStateMachine.java:loadSnapshot(226)) - group-029BAC6D135A: The snapshot info is null. Setting the last applied indexto:(t:0, i:~)
2019-08-21 20:57:21,604 [pool-170-thread-1] INFO  server.RaftServerConfigKeys (ConfUtils.java:logGet(43)) - raft.server.leader.election.timeout = 120s (custom)
2019-08-21 20:57:21,604 [pool-170-thread-1] INFO  server.RaftServerConfigKeys (ConfUtils.java:logGet(43)) - raft.server.log.use.memory = false (default)
2019-08-21 20:57:21,604 [pool-170-thread-1] INFO  server.RaftServerConfigKeys (ConfUtils.java:logGet(43)) - raft.server.log.purge.gap = 1000000 (custom)
2019-08-21 20:57:21,604 [pool-170-thread-1] INFO  server.RaftServerConfigKeys (ConfUtils.java:logGet(43)) - raft.server.log.appender.buffer.byte-limit = 33554432 (custom)
2019-08-21 20:57:21,604 [pool-170-thread-1] INFO  server.RaftServerConfigKeys (ConfUtils.java:logGet(43)) - raft.server.log.segment.size.max = 1048576 (custom)
2019-08-21 20:57:21,604 [pool-170-thread-1] INFO  server.RaftServerConfigKeys (ConfUtils.java:logGet(43)) - raft.server.log.segment.cache.num.max = 2 (custom)
2019-08-21 20:57:21,605 [pool-170-thread-1] INFO  segmented.SegmentedRaftLogWorker (SegmentedRaftLogWorker.java:<init>(172)) - new eea39f38-c3f6-433c-b3e8-04d870fd166b-SegmentedRaftLogWorker:Storage Directory /workdir/hadoop-ozone/integration-test/target/test-dir/MiniOzoneClusterImpl-d93be911-e5ce-4644-bc64-a6ecf0977318/datanode-2/data/ratis/5dad979d-a387-4dfb-8e76-029bac6d135a for RaftStorage:Storage Directory /workdir/hadoop-ozone/integration-test/target/test-dir/MiniOzoneClusterImpl-d93be911-e5ce-4644-bc64-a6ecf0977318/datanode-2/data/ratis/5dad979d-a387-4dfb-8e76-029bac6d135a
2019-08-21 20:57:21,605 [pool-170-thread-1] INFO  server.RaftServerConfigKeys (ConfUtils.java:logGet(43)) - raft.server.log.queue.byte-limit = 2147483647 (custom)
2019-08-21 20:57:21,605 [pool-170-thread-1] INFO  server.RaftServerConfigKeys (ConfUtils.java:logGet(43)) - raft.server.log.queue.element-limit = 1024 (custom)
2019-08-21 20:57:21,605 [pool-170-thread-1] INFO  server.RaftServerConfigKeys (ConfUtils.java:logGet(43)) - raft.server.log.segment.size.max = 1048576 (custom)
2019-08-21 20:57:21,605 [pool-170-thread-1] INFO  server.RaftServerConfigKeys (ConfUtils.java:logGet(43)) - raft.server.log.preallocated.size = 16384 (custom)
2019-08-21 20:57:21,606 [pool-170-thread-1] INFO  server.RaftServerConfigKeys (ConfUtils.java:logGet(43)) - raft.server.log.write.buffer.size = 33554432 (custom)
2019-08-21 20:57:21,606 [pool-170-thread-1] INFO  server.RaftServerConfigKeys (ConfUtils.java:logGet(43)) - raft.server.log.force.sync.num = 128 (default)
2019-08-21 20:57:21,606 [pool-170-thread-1] INFO  server.RaftServerConfigKeys (ConfUtils.java:logGet(43)) - raft.server.log.statemachine.data.sync = true (default)
2019-08-21 20:57:21,606 [pool-170-thread-1] INFO  server.RaftServerConfigKeys (ConfUtils.java:logGet(43)) - raft.server.log.statemachine.data.sync.timeout = 10s (default)
2019-08-21 20:57:21,606 [pool-170-thread-1] INFO  server.RaftServerConfigKeys (ConfUtils.java:logGet(43)) - raft.server.log.statemachine.data.sync.timeout.retry = -1 (default)
2019-08-21 20:57:21,607 [pool-170-thread-1] INFO  server.RaftServerConfigKeys (ConfUtils.java:logGet(43)) - raft.server.log.statemachine.data.caching.enabled = true (custom)
2019-08-21 20:57:21,608 [pool-170-thread-1] INFO  impl.RaftServerImpl (ServerState.java:setRaftConf(361)) - eea39f38-c3f6-433c-b3e8-04d870fd166b:group-029BAC6D135A set configuration 0: [a012690b-0000-4e4f-94e2-81cdbc8d1e43:192.168.5.165:41338, eea39f38-c3f6-433c-b3e8-04d870fd166b:192.168.5.165:43414, b625f10f-96c1-4aa8-a736-6a0ae2c5cd47:192.168.5.165:35979], old=null at 0
2019-08-21 20:57:21,608 [pool-170-thread-1] INFO  segmented.LogSegment (LogSegment.java:loadSegment(145)) - Successfully read 1 entries from segment file /workdir/hadoop-ozone/integration-test/target/test-dir/MiniOzoneClusterImpl-d93be911-e5ce-4644-bc64-a6ecf0977318/datanode-2/data/ratis/5dad979d-a387-4dfb-8e76-029bac6d135a/current/log_inprogress_0
2019-08-21 20:57:21,608 [pool-170-thread-1] INFO  segmented.SegmentedRaftLogWorker (SegmentedRaftLogWorker.java:lambda$new$0(132)) - eea39f38-c3f6-433c-b3e8-04d870fd166b-SegmentedRaftLogWorker:Storage Directory /workdir/hadoop-ozone/integration-test/target/test-dir/MiniOzoneClusterImpl-d93be911-e5ce-4644-bc64-a6ecf0977318/datanode-2/data/ratis/5dad979d-a387-4dfb-8e76-029bac6d135a: flushIndex: setUnconditionally 0 -> 0
2019-08-21 20:57:21,642 [pool-170-thread-1] INFO  server.RaftServerConfigKeys (ConfUtils.java:logGet(43)) - raft.server.snapshot.auto.trigger.enabled = true (custom)
2019-08-21 20:57:21,643 [pool-170-thread-1] INFO  server.RaftServerConfigKeys (ConfUtils.java:logGet(43)) - raft.server.snapshot.auto.trigger.threshold = 10000 (custom)
2019-08-21 20:57:21,643 [pool-170-thread-1] INFO  server.RaftServerConfigKeys (ConfUtils.java:logGet(43)) - raft.server.retrycache.expirytime = 600000ms (custom)
2019-08-21 20:57:21,644 [pool-170-thread-1] INFO  impl.RaftServerImpl (RaftServerImpl.java:<init>(93)) - eea39f38-c3f6-433c-b3e8-04d870fd166b: new RaftServerImpl for group-0B584E06629C:[] with ContainerStateMachine:uninitialized
2019-08-21 20:57:21,645 [pool-170-thread-1] INFO  server.RaftServerConfigKeys (ConfUtils.java:logGet(43)) - raft.server.rpc.timeout.min = 5s (custom)
2019-08-21 20:57:21,645 [pool-170-thread-1] INFO  server.RaftServerConfigKeys (ConfUtils.java:logGet(43)) - raft.server.rpc.timeout.max = 5200ms (custom)
2019-08-21 20:57:21,645 [pool-170-thread-1] INFO  server.RaftServerConfigKeys (ConfUtils.java:logGet(43)) - raft.server.rpcslowness.timeout = 120s (custom)
2019-08-21 20:57:21,645 [pool-170-thread-1] INFO  server.RaftServerConfigKeys (ConfUtils.java:logGet(43)) - raft.server.sleep.deviation.threshold = 300 (default)
2019-08-21 20:57:21,645 [pool-170-thread-1] INFO  server.RaftServerConfigKeys (ConfUtils.java:logGet(43)) - raft.server.log.appender.install.snapshot.enabled = false (custom)
2019-08-21 20:57:21,645 [pool-170-thread-1] INFO  impl.RaftServerImpl (ServerState.java:<init>(105)) - eea39f38-c3f6-433c-b3e8-04d870fd166b:group-0B584E06629C ConfigurationManager, init=-1: [], old=null, confs=<EMPTY_MAP>
2019-08-21 20:57:21,645 [pool-170-thread-1] INFO  server.RaftServerConfigKeys (ConfUtils.java:logGet(43)) - raft.server.storage.dir = [/workdir/hadoop-ozone/integration-test/target/test-dir/MiniOzoneClusterImpl-d93be911-e5ce-4644-bc64-a6ecf0977318/datanode-2/data/ratis] (custom)
2019-08-21 20:57:21,646 [Thread-334] INFO  handler.ContextHandler (ContextHandler.java:doStart(781)) - Started o.e.j.w.WebAppContext@797cf38c{/,file:///tmp/jetty-0.0.0.0-37343-hddsDatanode-_-any-3741929273103219461.dir/webapp/,AVAILABLE}{/hddsDatanode}
2019-08-21 20:57:21,647 [Thread-334] INFO  server.AbstractConnector (AbstractConnector.java:doStart(278)) - Started ServerConnector@4bf6cf10{HTTP/1.1,[http/1.1]}{0.0.0.0:37343}
2019-08-21 20:57:21,648 [Thread-334] INFO  server.Server (Server.java:doStart(419)) - Started @53068ms
2019-08-21 20:57:21,649 [Thread-334] INFO  server.BaseHttpServer (BaseHttpServer.java:updateConnectorAddress(213)) - HTTP server of HDDSDATANODE is listening at http://0.0.0.0:37343
2019-08-21 20:57:21,658 [pool-170-thread-1] INFO  storage.RaftStorageDirectory (RaftStorageDirectory.java:tryLock(328)) - Lock on /workdir/hadoop-ozone/integration-test/target/test-dir/MiniOzoneClusterImpl-d93be911-e5ce-4644-bc64-a6ecf0977318/datanode-2/data/ratis/39180633-8a23-44aa-94be-0b584e06629c/in_use.lock acquired by nodename 21025@pr-hdds-1347-9b9ps-3331872021
2019-08-21 20:57:21,659 [pool-170-thread-1] INFO  ratis.ContainerStateMachine (ContainerStateMachine.java:loadSnapshot(226)) - group-0B584E06629C: The snapshot info is null. Setting the last applied indexto:(t:0, i:~)
2019-08-21 20:57:21,659 [pool-170-thread-1] INFO  server.RaftServerConfigKeys (ConfUtils.java:logGet(43)) - raft.server.leader.election.timeout = 120s (custom)
2019-08-21 20:57:21,659 [pool-170-thread-1] INFO  server.RaftServerConfigKeys (ConfUtils.java:logGet(43)) - raft.server.log.use.memory = false (default)
2019-08-21 20:57:21,659 [pool-170-thread-1] INFO  server.RaftServerConfigKeys (ConfUtils.java:logGet(43)) - raft.server.log.purge.gap = 1000000 (custom)
2019-08-21 20:57:21,659 [pool-170-thread-1] INFO  server.RaftServerConfigKeys (ConfUtils.java:logGet(43)) - raft.server.log.appender.buffer.byte-limit = 33554432 (custom)
2019-08-21 20:57:21,659 [pool-170-thread-1] INFO  server.RaftServerConfigKeys (ConfUtils.java:logGet(43)) - raft.server.log.segment.size.max = 1048576 (custom)
2019-08-21 20:57:21,659 [pool-170-thread-1] INFO  server.RaftServerConfigKeys (ConfUtils.java:logGet(43)) - raft.server.log.segment.cache.num.max = 2 (custom)
2019-08-21 20:57:21,660 [pool-170-thread-1] INFO  segmented.SegmentedRaftLogWorker (SegmentedRaftLogWorker.java:<init>(172)) - new eea39f38-c3f6-433c-b3e8-04d870fd166b-SegmentedRaftLogWorker:Storage Directory /workdir/hadoop-ozone/integration-test/target/test-dir/MiniOzoneClusterImpl-d93be911-e5ce-4644-bc64-a6ecf0977318/datanode-2/data/ratis/39180633-8a23-44aa-94be-0b584e06629c for RaftStorage:Storage Directory /workdir/hadoop-ozone/integration-test/target/test-dir/MiniOzoneClusterImpl-d93be911-e5ce-4644-bc64-a6ecf0977318/datanode-2/data/ratis/39180633-8a23-44aa-94be-0b584e06629c
2019-08-21 20:57:21,660 [pool-170-thread-1] INFO  server.RaftServerConfigKeys (ConfUtils.java:logGet(43)) - raft.server.log.queue.byte-limit = 2147483647 (custom)
2019-08-21 20:57:21,660 [pool-170-thread-1] INFO  server.RaftServerConfigKeys (ConfUtils.java:logGet(43)) - raft.server.log.queue.element-limit = 1024 (custom)
2019-08-21 20:57:21,660 [pool-170-thread-1] INFO  server.RaftServerConfigKeys (ConfUtils.java:logGet(43)) - raft.server.log.segment.size.max = 1048576 (custom)
2019-08-21 20:57:21,660 [pool-170-thread-1] INFO  server.RaftServerConfigKeys (ConfUtils.java:logGet(43)) - raft.server.log.preallocated.size = 16384 (custom)
2019-08-21 20:57:21,660 [pool-170-thread-1] INFO  server.RaftServerConfigKeys (ConfUtils.java:logGet(43)) - raft.server.log.write.buffer.size = 33554432 (custom)
2019-08-21 20:57:21,660 [pool-170-thread-1] INFO  server.RaftServerConfigKeys (ConfUtils.java:logGet(43)) - raft.server.log.force.sync.num = 128 (default)
2019-08-21 20:57:21,660 [pool-170-thread-1] INFO  server.RaftServerConfigKeys (ConfUtils.java:logGet(43)) - raft.server.log.statemachine.data.sync = true (default)
2019-08-21 20:57:21,661 [pool-170-thread-1] INFO  server.RaftServerConfigKeys (ConfUtils.java:logGet(43)) - raft.server.log.statemachine.data.sync.timeout = 10s (default)
2019-08-21 20:57:21,661 [pool-170-thread-1] INFO  server.RaftServerConfigKeys (ConfUtils.java:logGet(43)) - raft.server.log.statemachine.data.sync.timeout.retry = -1 (default)
2019-08-21 20:57:21,661 [pool-170-thread-1] INFO  server.RaftServerConfigKeys (ConfUtils.java:logGet(43)) - raft.server.log.statemachine.data.caching.enabled = true (custom)
2019-08-21 20:57:21,662 [pool-170-thread-1] INFO  impl.RaftServerImpl (ServerState.java:setRaftConf(361)) - eea39f38-c3f6-433c-b3e8-04d870fd166b:group-0B584E06629C set configuration 0: [eea39f38-c3f6-433c-b3e8-04d870fd166b:192.168.5.165:43414], old=null at 0
2019-08-21 20:57:21,662 [pool-170-thread-1] INFO  segmented.LogSegment (LogSegment.java:loadSegment(145)) - Successfully read 1 entries from segment file /workdir/hadoop-ozone/integration-test/target/test-dir/MiniOzoneClusterImpl-d93be911-e5ce-4644-bc64-a6ecf0977318/datanode-2/data/ratis/39180633-8a23-44aa-94be-0b584e06629c/current/log_inprogress_0
2019-08-21 20:57:21,662 [pool-170-thread-1] INFO  segmented.SegmentedRaftLogWorker (SegmentedRaftLogWorker.java:lambda$new$0(132)) - eea39f38-c3f6-433c-b3e8-04d870fd166b-SegmentedRaftLogWorker:Storage Directory /workdir/hadoop-ozone/integration-test/target/test-dir/MiniOzoneClusterImpl-d93be911-e5ce-4644-bc64-a6ecf0977318/datanode-2/data/ratis/39180633-8a23-44aa-94be-0b584e06629c: flushIndex: setUnconditionally 0 -> 0
2019-08-21 20:57:21,691 [pool-170-thread-1] INFO  server.RaftServerConfigKeys (ConfUtils.java:logGet(43)) - raft.server.snapshot.auto.trigger.enabled = true (custom)
2019-08-21 20:57:21,691 [pool-170-thread-1] INFO  server.RaftServerConfigKeys (ConfUtils.java:logGet(43)) - raft.server.snapshot.auto.trigger.threshold = 10000 (custom)
2019-08-21 20:57:21,691 [pool-170-thread-1] INFO  server.RaftServerConfigKeys (ConfUtils.java:logGet(43)) - raft.server.retrycache.expirytime = 600000ms (custom)
2019-08-21 20:57:22,054 | INFO  | ObjectStoreRestHttpServer | Listening HDDS REST traffic on /0.0.0.0:45745 |  
2019-08-21 20:57:22,055 [Thread-334] INFO  ozone.HddsDatanodeService (HddsDatanodeService.java:startPlugins(395)) - Started plug-in org.apache.hadoop.ozone.web.OzoneHddsDatanodeService@61eaf3ea
2019-08-21 20:57:22,055 [Thread-334] INFO  pipeline.SCMPipelineManager (SCMPipelineManager.java:finalizeAndDestroyPipeline(309)) - destroying pipeline:Pipeline[ Id: 5dad979d-a387-4dfb-8e76-029bac6d135a, Nodes: a012690b-0000-4e4f-94e2-81cdbc8d1e43{ip: 192.168.5.165, host: pr-hdds-1347-9b9ps-3331872021, networkLocation: /default-rack, certSerialId: null}eea39f38-c3f6-433c-b3e8-04d870fd166b{ip: 192.168.5.165, host: pr-hdds-1347-9b9ps-3331872021, networkLocation: /default-rack, certSerialId: null}b625f10f-96c1-4aa8-a736-6a0ae2c5cd47{ip: 192.168.5.165, host: pr-hdds-1347-9b9ps-3331872021, networkLocation: /default-rack, certSerialId: null}, Type:RATIS, Factor:THREE, State:OPEN]
2019-08-21 20:57:22,057 [org.apache.hadoop.util.JvmPauseMonitor$Monitor@1ffd5cae] INFO  util.JvmPauseMonitor (JvmPauseMonitor.java:run(188)) - Starting JVM pause monitor
2019-08-21 20:57:22,064 [Thread-334] WARN  pipeline.RatisPipelineUtils (RatisPipelineUtils.java:destroyPipeline(66)) - Pipeline destroy failed for pipeline=PipelineID=5dad979d-a387-4dfb-8e76-029bac6d135a dn=a012690b-0000-4e4f-94e2-81cdbc8d1e43{ip: 192.168.5.165, host: pr-hdds-1347-9b9ps-3331872021, networkLocation: /default-rack, certSerialId: null}
2019-08-21 20:57:22,067 [Thread-334] WARN  pipeline.RatisPipelineUtils (RatisPipelineUtils.java:destroyPipeline(66)) - Pipeline destroy failed for pipeline=PipelineID=5dad979d-a387-4dfb-8e76-029bac6d135a dn=eea39f38-c3f6-433c-b3e8-04d870fd166b{ip: 192.168.5.165, host: pr-hdds-1347-9b9ps-3331872021, networkLocation: /default-rack, certSerialId: null}
2019-08-21 20:57:22,070 [Thread-334] WARN  pipeline.RatisPipelineUtils (RatisPipelineUtils.java:destroyPipeline(66)) - Pipeline destroy failed for pipeline=PipelineID=5dad979d-a387-4dfb-8e76-029bac6d135a dn=b625f10f-96c1-4aa8-a736-6a0ae2c5cd47{ip: 192.168.5.165, host: pr-hdds-1347-9b9ps-3331872021, networkLocation: /default-rack, certSerialId: null}
2019-08-21 20:57:22,070 [Thread-334] INFO  pipeline.PipelineStateManager (PipelineStateManager.java:removePipeline(108)) - Pipeline Pipeline[ Id: 5dad979d-a387-4dfb-8e76-029bac6d135a, Nodes: a012690b-0000-4e4f-94e2-81cdbc8d1e43{ip: 192.168.5.165, host: pr-hdds-1347-9b9ps-3331872021, networkLocation: /default-rack, certSerialId: null}eea39f38-c3f6-433c-b3e8-04d870fd166b{ip: 192.168.5.165, host: pr-hdds-1347-9b9ps-3331872021, networkLocation: /default-rack, certSerialId: null}b625f10f-96c1-4aa8-a736-6a0ae2c5cd47{ip: 192.168.5.165, host: pr-hdds-1347-9b9ps-3331872021, networkLocation: /default-rack, certSerialId: null}, Type:RATIS, Factor:THREE, State:CLOSED] removed from db
2019-08-21 20:57:23,333 | INFO  | SCMAudit | user=jenkins1000 | ip=192.168.5.165 | op=GET_VERSION null | ret=SUCCESS |  
2019-08-21 20:57:23,334 [Datanode State Machine Thread - 0] INFO  ozoneimpl.OzoneContainer (OzoneContainer.java:start(186)) - Attempting to start container services.
2019-08-21 20:57:23,335 [Datanode State Machine Thread - 0] INFO  ozoneimpl.OzoneContainer (OzoneContainer.java:startContainerScrub(160)) - Background container scrubber has been disabled by hdds.containerscrub.enabled
2019-08-21 20:57:23,335 [Datanode State Machine Thread - 0] INFO  ratis.XceiverServerRatis (XceiverServerRatis.java:start(404)) - Starting XceiverServerRatis b625f10f-96c1-4aa8-a736-6a0ae2c5cd47 at port 35979
2019-08-21 20:57:23,346 [Datanode State Machine Thread - 0] INFO  impl.RaftServerImpl (RaftServerImpl.java:start(180)) - b625f10f-96c1-4aa8-a736-6a0ae2c5cd47: start group-DEEFF3A4C9B5
2019-08-21 20:57:23,346 [ForkJoinPool.commonPool-worker-0] INFO  impl.RaftServerImpl (RaftServerImpl.java:start(180)) - b625f10f-96c1-4aa8-a736-6a0ae2c5cd47: start group-029BAC6D135A
2019-08-21 20:57:23,348 [Datanode State Machine Thread - 0] INFO  impl.RaftServerImpl (RaftServerImpl.java:setRole(171)) - b625f10f-96c1-4aa8-a736-6a0ae2c5cd47:group-DEEFF3A4C9B5 changes role from null to FOLLOWER at term 1 for startAsFollower
2019-08-21 20:57:23,349 [ForkJoinPool.commonPool-worker-0] INFO  impl.RaftServerImpl (RaftServerImpl.java:setRole(171)) - b625f10f-96c1-4aa8-a736-6a0ae2c5cd47:group-029BAC6D135A changes role from null to FOLLOWER at term 1 for startAsFollower
2019-08-21 20:57:23,349 [Datanode State Machine Thread - 0] INFO  impl.RoleInfo (RoleInfo.java:updateAndGet(143)) - b625f10f-96c1-4aa8-a736-6a0ae2c5cd47: start FollowerState
2019-08-21 20:57:23,349 [ForkJoinPool.commonPool-worker-0] INFO  impl.RoleInfo (RoleInfo.java:updateAndGet(143)) - b625f10f-96c1-4aa8-a736-6a0ae2c5cd47: start FollowerState
2019-08-21 20:57:23,351 [Datanode State Machine Thread - 0] INFO  util.JmxRegister (JmxRegister.java:tryRegister(44)) - Successfully registered JMX Bean with object name Ratis:service=RaftServer,group=group-DEEFF3A4C9B5,id=b625f10f-96c1-4aa8-a736-6a0ae2c5cd47
2019-08-21 20:57:23,351 [ForkJoinPool.commonPool-worker-0] INFO  util.JmxRegister (JmxRegister.java:tryRegister(44)) - Successfully registered JMX Bean with object name Ratis:service=RaftServer,group=group-029BAC6D135A,id=b625f10f-96c1-4aa8-a736-6a0ae2c5cd47
2019-08-21 20:57:23,351 [Datanode State Machine Thread - 0] INFO  impl.RaftServerProxy (RaftServerProxy.java:lambda$start$3(299)) - b625f10f-96c1-4aa8-a736-6a0ae2c5cd47: start RPC server
2019-08-21 20:57:23,354 [Datanode State Machine Thread - 0] INFO  server.GrpcService (GrpcService.java:startImpl(149)) - b625f10f-96c1-4aa8-a736-6a0ae2c5cd47: GrpcService started, listening on 0.0.0.0/0.0.0.0:35979
2019-08-21 20:57:23,565 | INFO  | SCMAudit | user=jenkins1000 | ip=192.168.5.165 | op=GET_VERSION null | ret=SUCCESS |  
2019-08-21 20:57:23,567 [Datanode State Machine Thread - 0] INFO  ozoneimpl.OzoneContainer (OzoneContainer.java:start(186)) - Attempting to start container services.
2019-08-21 20:57:23,567 [Datanode State Machine Thread - 0] INFO  ozoneimpl.OzoneContainer (OzoneContainer.java:startContainerScrub(160)) - Background container scrubber has been disabled by hdds.containerscrub.enabled
2019-08-21 20:57:23,567 [Datanode State Machine Thread - 0] INFO  ratis.XceiverServerRatis (XceiverServerRatis.java:start(404)) - Starting XceiverServerRatis a012690b-0000-4e4f-94e2-81cdbc8d1e43 at port 41338
2019-08-21 20:57:23,577 [Datanode State Machine Thread - 0] INFO  impl.RaftServerImpl (RaftServerImpl.java:start(180)) - a012690b-0000-4e4f-94e2-81cdbc8d1e43: start group-029BAC6D135A
2019-08-21 20:57:23,577 [ForkJoinPool.commonPool-worker-0] INFO  impl.RaftServerImpl (RaftServerImpl.java:start(180)) - a012690b-0000-4e4f-94e2-81cdbc8d1e43: start group-95DB22F52BC2
2019-08-21 20:57:23,579 [Datanode State Machine Thread - 0] INFO  impl.RaftServerImpl (RaftServerImpl.java:setRole(171)) - a012690b-0000-4e4f-94e2-81cdbc8d1e43:group-029BAC6D135A changes role from null to FOLLOWER at term 1 for startAsFollower
2019-08-21 20:57:23,580 [ForkJoinPool.commonPool-worker-0] INFO  impl.RaftServerImpl (RaftServerImpl.java:setRole(171)) - a012690b-0000-4e4f-94e2-81cdbc8d1e43:group-95DB22F52BC2 changes role from null to FOLLOWER at term 1 for startAsFollower
2019-08-21 20:57:23,581 [Datanode State Machine Thread - 0] INFO  impl.RoleInfo (RoleInfo.java:updateAndGet(143)) - a012690b-0000-4e4f-94e2-81cdbc8d1e43: start FollowerState
2019-08-21 20:57:23,581 [ForkJoinPool.commonPool-worker-0] INFO  impl.RoleInfo (RoleInfo.java:updateAndGet(143)) - a012690b-0000-4e4f-94e2-81cdbc8d1e43: start FollowerState
2019-08-21 20:57:23,582 [Datanode State Machine Thread - 0] INFO  util.JmxRegister (JmxRegister.java:tryRegister(44)) - Successfully registered JMX Bean with object name Ratis:service=RaftServer,group=group-029BAC6D135A,id=a012690b-0000-4e4f-94e2-81cdbc8d1e43
2019-08-21 20:57:23,582 [ForkJoinPool.commonPool-worker-0] INFO  util.JmxRegister (JmxRegister.java:tryRegister(44)) - Successfully registered JMX Bean with object name Ratis:service=RaftServer,group=group-95DB22F52BC2,id=a012690b-0000-4e4f-94e2-81cdbc8d1e43
2019-08-21 20:57:23,582 [Datanode State Machine Thread - 0] INFO  impl.RaftServerProxy (RaftServerProxy.java:lambda$start$3(299)) - a012690b-0000-4e4f-94e2-81cdbc8d1e43: start RPC server
2019-08-21 20:57:23,583 [Datanode State Machine Thread - 0] INFO  server.GrpcService (GrpcService.java:startImpl(149)) - a012690b-0000-4e4f-94e2-81cdbc8d1e43: GrpcService started, listening on 0.0.0.0/0.0.0.0:41338
2019-08-21 20:57:24,058 | INFO  | SCMAudit | user=jenkins1000 | ip=192.168.5.165 | op=GET_VERSION null | ret=SUCCESS |  
2019-08-21 20:57:24,060 [Datanode State Machine Thread - 0] INFO  ozoneimpl.OzoneContainer (OzoneContainer.java:start(186)) - Attempting to start container services.
2019-08-21 20:57:24,060 [Datanode State Machine Thread - 0] INFO  ozoneimpl.OzoneContainer (OzoneContainer.java:startContainerScrub(160)) - Background container scrubber has been disabled by hdds.containerscrub.enabled
2019-08-21 20:57:24,060 [Datanode State Machine Thread - 0] INFO  ratis.XceiverServerRatis (XceiverServerRatis.java:start(404)) - Starting XceiverServerRatis eea39f38-c3f6-433c-b3e8-04d870fd166b at port 43414
2019-08-21 20:57:24,069 [Datanode State Machine Thread - 0] INFO  impl.RaftServerImpl (RaftServerImpl.java:start(180)) - eea39f38-c3f6-433c-b3e8-04d870fd166b: start group-0B584E06629C
2019-08-21 20:57:24,069 [ForkJoinPool.commonPool-worker-0] INFO  impl.RaftServerImpl (RaftServerImpl.java:start(180)) - eea39f38-c3f6-433c-b3e8-04d870fd166b: start group-029BAC6D135A
2019-08-21 20:57:24,070 [Datanode State Machine Thread - 0] INFO  impl.RaftServerImpl (RaftServerImpl.java:setRole(171)) - eea39f38-c3f6-433c-b3e8-04d870fd166b:group-0B584E06629C changes role from null to FOLLOWER at term 1 for startAsFollower
2019-08-21 20:57:24,071 [ForkJoinPool.commonPool-worker-0] INFO  impl.RaftServerImpl (RaftServerImpl.java:setRole(171)) - eea39f38-c3f6-433c-b3e8-04d870fd166b:group-029BAC6D135A changes role from null to FOLLOWER at term 2 for startAsFollower
2019-08-21 20:57:24,071 [Datanode State Machine Thread - 0] INFO  impl.RoleInfo (RoleInfo.java:updateAndGet(143)) - eea39f38-c3f6-433c-b3e8-04d870fd166b: start FollowerState
2019-08-21 20:57:24,071 [ForkJoinPool.commonPool-worker-0] INFO  impl.RoleInfo (RoleInfo.java:updateAndGet(143)) - eea39f38-c3f6-433c-b3e8-04d870fd166b: start FollowerState
2019-08-21 20:57:24,072 [Datanode State Machine Thread - 0] INFO  util.JmxRegister (JmxRegister.java:tryRegister(44)) - Successfully registered JMX Bean with object name Ratis:service=RaftServer,group=group-0B584E06629C,id=eea39f38-c3f6-433c-b3e8-04d870fd166b
2019-08-21 20:57:24,072 [ForkJoinPool.commonPool-worker-0] INFO  util.JmxRegister (JmxRegister.java:tryRegister(44)) - Successfully registered JMX Bean with object name Ratis:service=RaftServer,group=group-029BAC6D135A,id=eea39f38-c3f6-433c-b3e8-04d870fd166b
2019-08-21 20:57:24,072 [Datanode State Machine Thread - 0] INFO  impl.RaftServerProxy (RaftServerProxy.java:lambda$start$3(299)) - eea39f38-c3f6-433c-b3e8-04d870fd166b: start RPC server
2019-08-21 20:57:24,073 [Datanode State Machine Thread - 0] INFO  server.GrpcService (GrpcService.java:startImpl(149)) - eea39f38-c3f6-433c-b3e8-04d870fd166b: GrpcService started, listening on 0.0.0.0/0.0.0.0:43414
2019-08-21 20:57:25,339 | INFO  | SCMAudit | user=jenkins1000 | ip=192.168.5.165 | op=REGISTER {datanodeDetails=b625f10f-96c1-4aa8-a736-6a0ae2c5cd47{ip: 192.168.5.165, host: pr-hdds-1347-9b9ps-3331872021, networkLocation: /default-rack, certSerialId: null}} | ret=SUCCESS |  
2019-08-21 20:57:25,352 [grpc-default-executor-0] INFO  impl.RaftServerProxy (RaftServerProxy.java:remove(95)) - b625f10f-96c1-4aa8-a736-6a0ae2c5cd47: remove FOLLOWER group-029BAC6D135A b625f10f-96c1-4aa8-a736-6a0ae2c5cd47:t1, leader=null, voted=b625f10f-96c1-4aa8-a736-6a0ae2c5cd47, raftlog=b625f10f-96c1-4aa8-a736-6a0ae2c5cd47-SegmentedRaftLog:OPENED:c-1,f0,i0, conf=0: [a012690b-0000-4e4f-94e2-81cdbc8d1e43:192.168.5.165:41338, eea39f38-c3f6-433c-b3e8-04d870fd166b:192.168.5.165:43414, b625f10f-96c1-4aa8-a736-6a0ae2c5cd47:192.168.5.165:35979], old=null RUNNING
2019-08-21 20:57:25,352 [grpc-default-executor-0] INFO  impl.RaftServerImpl (RaftServerImpl.java:lambda$shutdown$3(245)) - b625f10f-96c1-4aa8-a736-6a0ae2c5cd47: shutdown group-029BAC6D135A
2019-08-21 20:57:25,353 [grpc-default-executor-0] INFO  util.JmxRegister (JmxRegister.java:unregister(73)) - Successfully un-registered JMX Bean with object name Ratis:service=RaftServer,group=group-029BAC6D135A,id=b625f10f-96c1-4aa8-a736-6a0ae2c5cd47
2019-08-21 20:57:25,353 [grpc-default-executor-0] INFO  impl.RoleInfo (RoleInfo.java:shutdownFollowerState(121)) - b625f10f-96c1-4aa8-a736-6a0ae2c5cd47: shutdown FollowerState
2019-08-21 20:57:25,353 [grpc-default-executor-0] INFO  impl.StateMachineUpdater (StateMachineUpdater.java:stopAndJoin(115)) - StateMachineUpdater:b625f10f-96c1-4aa8-a736-6a0ae2c5cd47:group-029BAC6D135A: set stopIndex = -1
2019-08-21 20:57:25,353 [Thread-600] INFO  impl.FollowerState (FollowerState.java:run(114)) - b625f10f-96c1-4aa8-a736-6a0ae2c5cd47: FollowerState was interrupted: java.lang.InterruptedException: sleep interrupted
2019-08-21 20:57:25,353 [grpc-default-executor-0] INFO  impl.RaftServerImpl (ServerState.java:close(394)) - b625f10f-96c1-4aa8-a736-6a0ae2c5cd47:group-029BAC6D135A closes. The last applied log index is -1
2019-08-21 20:57:25,357 [b625f10f-96c1-4aa8-a736-6a0ae2c5cd47-SegmentedRaftLogWorker:Storage Directory /workdir/hadoop-ozone/integration-test/target/test-dir/MiniOzoneClusterImpl-d93be911-e5ce-4644-bc64-a6ecf0977318/datanode-0/data/ratis/5dad979d-a387-4dfb-8e76-029bac6d135a] INFO  segmented.SegmentedRaftLogWorker (SegmentedRaftLogWorker.java:run(313)) - b625f10f-96c1-4aa8-a736-6a0ae2c5cd47-SegmentedRaftLogWorker:Storage Directory /workdir/hadoop-ozone/integration-test/target/test-dir/MiniOzoneClusterImpl-d93be911-e5ce-4644-bc64-a6ecf0977318/datanode-0/data/ratis/5dad979d-a387-4dfb-8e76-029bac6d135a was interrupted, exiting. There are 0 tasks remaining in the queue.
2019-08-21 20:57:25,358 [grpc-default-executor-0] INFO  segmented.SegmentedRaftLogWorker (SegmentedRaftLogWorker.java:close(228)) - b625f10f-96c1-4aa8-a736-6a0ae2c5cd47-SegmentedRaftLogWorker:Storage Directory /workdir/hadoop-ozone/integration-test/target/test-dir/MiniOzoneClusterImpl-d93be911-e5ce-4644-bc64-a6ecf0977318/datanode-0/data/ratis/5dad979d-a387-4dfb-8e76-029bac6d135a close()
2019-08-21 20:57:25,567 | INFO  | SCMAudit | user=jenkins1000 | ip=192.168.5.165 | op=REGISTER {datanodeDetails=a012690b-0000-4e4f-94e2-81cdbc8d1e43{ip: 192.168.5.165, host: pr-hdds-1347-9b9ps-3331872021, networkLocation: /default-rack, certSerialId: null}} | ret=SUCCESS |  
2019-08-21 20:57:25,575 [grpc-default-executor-0] INFO  impl.RaftServerProxy (RaftServerProxy.java:remove(95)) - a012690b-0000-4e4f-94e2-81cdbc8d1e43: remove FOLLOWER group-029BAC6D135A a012690b-0000-4e4f-94e2-81cdbc8d1e43:t1, leader=null, voted=b625f10f-96c1-4aa8-a736-6a0ae2c5cd47, raftlog=a012690b-0000-4e4f-94e2-81cdbc8d1e43-SegmentedRaftLog:OPENED:c-1,f0,i0, conf=0: [a012690b-0000-4e4f-94e2-81cdbc8d1e43:192.168.5.165:41338, eea39f38-c3f6-433c-b3e8-04d870fd166b:192.168.5.165:43414, b625f10f-96c1-4aa8-a736-6a0ae2c5cd47:192.168.5.165:35979], old=null RUNNING
2019-08-21 20:57:25,575 [grpc-default-executor-0] INFO  impl.RaftServerImpl (RaftServerImpl.java:lambda$shutdown$3(245)) - a012690b-0000-4e4f-94e2-81cdbc8d1e43: shutdown group-029BAC6D135A
2019-08-21 20:57:25,576 [grpc-default-executor-0] INFO  util.JmxRegister (JmxRegister.java:unregister(73)) - Successfully un-registered JMX Bean with object name Ratis:service=RaftServer,group=group-029BAC6D135A,id=a012690b-0000-4e4f-94e2-81cdbc8d1e43
2019-08-21 20:57:25,576 [grpc-default-executor-0] INFO  impl.RoleInfo (RoleInfo.java:shutdownFollowerState(121)) - a012690b-0000-4e4f-94e2-81cdbc8d1e43: shutdown FollowerState
2019-08-21 20:57:25,576 [grpc-default-executor-0] INFO  impl.StateMachineUpdater (StateMachineUpdater.java:stopAndJoin(115)) - StateMachineUpdater:a012690b-0000-4e4f-94e2-81cdbc8d1e43:group-029BAC6D135A: set stopIndex = -1
2019-08-21 20:57:25,577 [Thread-601] INFO  impl.FollowerState (FollowerState.java:run(114)) - a012690b-0000-4e4f-94e2-81cdbc8d1e43: FollowerState was interrupted: java.lang.InterruptedException: sleep interrupted
2019-08-21 20:57:25,577 [grpc-default-executor-0] INFO  impl.RaftServerImpl (ServerState.java:close(394)) - a012690b-0000-4e4f-94e2-81cdbc8d1e43:group-029BAC6D135A closes. The last applied log index is -1
2019-08-21 20:57:25,580 [a012690b-0000-4e4f-94e2-81cdbc8d1e43-SegmentedRaftLogWorker:Storage Directory /workdir/hadoop-ozone/integration-test/target/test-dir/MiniOzoneClusterImpl-d93be911-e5ce-4644-bc64-a6ecf0977318/datanode-1/data/ratis/5dad979d-a387-4dfb-8e76-029bac6d135a] INFO  segmented.SegmentedRaftLogWorker (SegmentedRaftLogWorker.java:run(313)) - a012690b-0000-4e4f-94e2-81cdbc8d1e43-SegmentedRaftLogWorker:Storage Directory /workdir/hadoop-ozone/integration-test/target/test-dir/MiniOzoneClusterImpl-d93be911-e5ce-4644-bc64-a6ecf0977318/datanode-1/data/ratis/5dad979d-a387-4dfb-8e76-029bac6d135a was interrupted, exiting. There are 0 tasks remaining in the queue.
2019-08-21 20:57:25,581 [grpc-default-executor-0] INFO  segmented.SegmentedRaftLogWorker (SegmentedRaftLogWorker.java:close(228)) - a012690b-0000-4e4f-94e2-81cdbc8d1e43-SegmentedRaftLogWorker:Storage Directory /workdir/hadoop-ozone/integration-test/target/test-dir/MiniOzoneClusterImpl-d93be911-e5ce-4644-bc64-a6ecf0977318/datanode-1/data/ratis/5dad979d-a387-4dfb-8e76-029bac6d135a close()
2019-08-21 20:57:26,060 | INFO  | SCMAudit | user=jenkins1000 | ip=192.168.5.165 | op=REGISTER {datanodeDetails=eea39f38-c3f6-433c-b3e8-04d870fd166b{ip: 192.168.5.165, host: pr-hdds-1347-9b9ps-3331872021, networkLocation: /default-rack, certSerialId: null}} | ret=SUCCESS |  
2019-08-21 20:57:26,068 [grpc-default-executor-0] INFO  impl.RaftServerProxy (RaftServerProxy.java:remove(95)) - eea39f38-c3f6-433c-b3e8-04d870fd166b: remove FOLLOWER group-029BAC6D135A eea39f38-c3f6-433c-b3e8-04d870fd166b:t2, leader=null, voted=eea39f38-c3f6-433c-b3e8-04d870fd166b, raftlog=eea39f38-c3f6-433c-b3e8-04d870fd166b-SegmentedRaftLog:OPENED:c-1,f0,i0, conf=0: [a012690b-0000-4e4f-94e2-81cdbc8d1e43:192.168.5.165:41338, eea39f38-c3f6-433c-b3e8-04d870fd166b:192.168.5.165:43414, b625f10f-96c1-4aa8-a736-6a0ae2c5cd47:192.168.5.165:35979], old=null RUNNING
2019-08-21 20:57:26,068 [grpc-default-executor-0] INFO  impl.RaftServerImpl (RaftServerImpl.java:lambda$shutdown$3(245)) - eea39f38-c3f6-433c-b3e8-04d870fd166b: shutdown group-029BAC6D135A
2019-08-21 20:57:26,069 [grpc-default-executor-0] INFO  util.JmxRegister (JmxRegister.java:unregister(73)) - Successfully un-registered JMX Bean with object name Ratis:service=RaftServer,group=group-029BAC6D135A,id=eea39f38-c3f6-433c-b3e8-04d870fd166b
2019-08-21 20:57:26,069 [grpc-default-executor-0] INFO  impl.RoleInfo (RoleInfo.java:shutdownFollowerState(121)) - eea39f38-c3f6-433c-b3e8-04d870fd166b: shutdown FollowerState
2019-08-21 20:57:26,069 [grpc-default-executor-0] INFO  impl.StateMachineUpdater (StateMachineUpdater.java:stopAndJoin(115)) - StateMachineUpdater:eea39f38-c3f6-433c-b3e8-04d870fd166b:group-029BAC6D135A: set stopIndex = -1
2019-08-21 20:57:26,069 [Thread-604] INFO  impl.FollowerState (FollowerState.java:run(114)) - eea39f38-c3f6-433c-b3e8-04d870fd166b: FollowerState was interrupted: java.lang.InterruptedException: sleep interrupted
2019-08-21 20:57:26,069 [grpc-default-executor-0] INFO  impl.RaftServerImpl (ServerState.java:close(394)) - eea39f38-c3f6-433c-b3e8-04d870fd166b:group-029BAC6D135A closes. The last applied log index is -1
2019-08-21 20:57:26,071 [eea39f38-c3f6-433c-b3e8-04d870fd166b-SegmentedRaftLogWorker:Storage Directory /workdir/hadoop-ozone/integration-test/target/test-dir/MiniOzoneClusterImpl-d93be911-e5ce-4644-bc64-a6ecf0977318/datanode-2/data/ratis/5dad979d-a387-4dfb-8e76-029bac6d135a] INFO  segmented.SegmentedRaftLogWorker (SegmentedRaftLogWorker.java:run(313)) - eea39f38-c3f6-433c-b3e8-04d870fd166b-SegmentedRaftLogWorker:Storage Directory /workdir/hadoop-ozone/integration-test/target/test-dir/MiniOzoneClusterImpl-d93be911-e5ce-4644-bc64-a6ecf0977318/datanode-2/data/ratis/5dad979d-a387-4dfb-8e76-029bac6d135a was interrupted, exiting. There are 0 tasks remaining in the queue.
2019-08-21 20:57:26,074 [grpc-default-executor-0] INFO  segmented.SegmentedRaftLogWorker (SegmentedRaftLogWorker.java:close(228)) - eea39f38-c3f6-433c-b3e8-04d870fd166b-SegmentedRaftLogWorker:Storage Directory /workdir/hadoop-ozone/integration-test/target/test-dir/MiniOzoneClusterImpl-d93be911-e5ce-4644-bc64-a6ecf0977318/datanode-2/data/ratis/5dad979d-a387-4dfb-8e76-029bac6d135a close()
2019-08-21 20:57:27,333 | INFO  | SCMAudit | user=jenkins1000 | ip=192.168.5.165 | op=SEND_HEARTBEAT {datanodeUUID=b625f10f-96c1-4aa8-a736-6a0ae2c5cd47, command=[]} | ret=SUCCESS |  
2019-08-21 20:57:27,565 | INFO  | SCMAudit | user=jenkins1000 | ip=192.168.5.165 | op=SEND_HEARTBEAT {datanodeUUID=a012690b-0000-4e4f-94e2-81cdbc8d1e43, command=[]} | ret=SUCCESS |  
2019-08-21 20:57:27,927 [grpc-default-executor-0] INFO  impl.RaftServerProxy (RaftServerProxy.java:addNew(89)) - a012690b-0000-4e4f-94e2-81cdbc8d1e43: addNew group-1D2DE2F9D438:[a012690b-0000-4e4f-94e2-81cdbc8d1e43:192.168.5.165:41338] returns group-1D2DE2F9D438:java.util.concurrent.CompletableFuture@1ec2cc7e[Not completed]
2019-08-21 20:57:27,929 [pool-159-thread-1] INFO  impl.RaftServerImpl (RaftServerImpl.java:<init>(93)) - a012690b-0000-4e4f-94e2-81cdbc8d1e43: new RaftServerImpl for group-1D2DE2F9D438:[a012690b-0000-4e4f-94e2-81cdbc8d1e43:192.168.5.165:41338] with ContainerStateMachine:uninitialized
2019-08-21 20:57:27,929 [pool-159-thread-1] INFO  server.RaftServerConfigKeys (ConfUtils.java:logGet(43)) - raft.server.rpc.timeout.min = 5s (custom)
2019-08-21 20:57:27,929 [pool-159-thread-1] INFO  server.RaftServerConfigKeys (ConfUtils.java:logGet(43)) - raft.server.rpc.timeout.max = 5200ms (custom)
2019-08-21 20:57:27,929 [pool-159-thread-1] INFO  server.RaftServerConfigKeys (ConfUtils.java:logGet(43)) - raft.server.rpcslowness.timeout = 120s (custom)
2019-08-21 20:57:27,930 [pool-159-thread-1] INFO  server.RaftServerConfigKeys (ConfUtils.java:logGet(43)) - raft.server.sleep.deviation.threshold = 300 (default)
2019-08-21 20:57:27,930 [pool-159-thread-1] INFO  server.RaftServerConfigKeys (ConfUtils.java:logGet(43)) - raft.server.log.appender.install.snapshot.enabled = false (custom)
2019-08-21 20:57:27,930 [pool-159-thread-1] INFO  impl.RaftServerImpl (ServerState.java:<init>(105)) - a012690b-0000-4e4f-94e2-81cdbc8d1e43:group-1D2DE2F9D438 ConfigurationManager, init=-1: [a012690b-0000-4e4f-94e2-81cdbc8d1e43:192.168.5.165:41338], old=null, confs=<EMPTY_MAP>
2019-08-21 20:57:27,930 [pool-159-thread-1] INFO  server.RaftServerConfigKeys (ConfUtils.java:logGet(43)) - raft.server.storage.dir = [/workdir/hadoop-ozone/integration-test/target/test-dir/MiniOzoneClusterImpl-d93be911-e5ce-4644-bc64-a6ecf0977318/datanode-1/data/ratis] (custom)
2019-08-21 20:57:27,931 [pool-159-thread-1] INFO  storage.RaftStorageDirectory (RaftStorageDirectory.java:analyzeStorage(246)) - The storage directory /workdir/hadoop-ozone/integration-test/target/test-dir/MiniOzoneClusterImpl-d93be911-e5ce-4644-bc64-a6ecf0977318/datanode-1/data/ratis/b59d3fae-b685-4898-8e64-1d2de2f9d438 does not exist. Creating ...
2019-08-21 20:57:27,945 [pool-159-thread-1] INFO  storage.RaftStorageDirectory (RaftStorageDirectory.java:tryLock(328)) - Lock on /workdir/hadoop-ozone/integration-test/target/test-dir/MiniOzoneClusterImpl-d93be911-e5ce-4644-bc64-a6ecf0977318/datanode-1/data/ratis/b59d3fae-b685-4898-8e64-1d2de2f9d438/in_use.lock acquired by nodename 21025@pr-hdds-1347-9b9ps-3331872021
2019-08-21 20:57:27,958 [pool-159-thread-1] INFO  storage.RaftStorage (RaftStorage.java:format(72)) - Storage directory /workdir/hadoop-ozone/integration-test/target/test-dir/MiniOzoneClusterImpl-d93be911-e5ce-4644-bc64-a6ecf0977318/datanode-1/data/ratis/b59d3fae-b685-4898-8e64-1d2de2f9d438 has been successfully formatted.
2019-08-21 20:57:27,958 [pool-159-thread-1] INFO  ratis.ContainerStateMachine (ContainerStateMachine.java:loadSnapshot(226)) - group-1D2DE2F9D438: The snapshot info is null. Setting the last applied indexto:(t:0, i:~)
2019-08-21 20:57:27,958 [pool-159-thread-1] INFO  server.RaftServerConfigKeys (ConfUtils.java:logGet(43)) - raft.server.leader.election.timeout = 120s (custom)
2019-08-21 20:57:27,958 [pool-159-thread-1] INFO  server.RaftServerConfigKeys (ConfUtils.java:logGet(43)) - raft.server.log.use.memory = false (default)
2019-08-21 20:57:27,958 [pool-159-thread-1] INFO  server.RaftServerConfigKeys (ConfUtils.java:logGet(43)) - raft.server.log.purge.gap = 1000000 (custom)
2019-08-21 20:57:27,959 [pool-159-thread-1] INFO  server.RaftServerConfigKeys (ConfUtils.java:logGet(43)) - raft.server.log.appender.buffer.byte-limit = 33554432 (custom)
2019-08-21 20:57:27,959 [pool-159-thread-1] INFO  server.RaftServerConfigKeys (ConfUtils.java:logGet(43)) - raft.server.log.segment.size.max = 1048576 (custom)
2019-08-21 20:57:27,959 [pool-159-thread-1] INFO  server.RaftServerConfigKeys (ConfUtils.java:logGet(43)) - raft.server.log.segment.cache.num.max = 2 (custom)
2019-08-21 20:57:27,959 [pool-159-thread-1] INFO  segmented.SegmentedRaftLogWorker (SegmentedRaftLogWorker.java:<init>(172)) - new a012690b-0000-4e4f-94e2-81cdbc8d1e43-SegmentedRaftLogWorker:Storage Directory /workdir/hadoop-ozone/integration-test/target/test-dir/MiniOzoneClusterImpl-d93be911-e5ce-4644-bc64-a6ecf0977318/datanode-1/data/ratis/b59d3fae-b685-4898-8e64-1d2de2f9d438 for RaftStorage:Storage Directory /workdir/hadoop-ozone/integration-test/target/test-dir/MiniOzoneClusterImpl-d93be911-e5ce-4644-bc64-a6ecf0977318/datanode-1/data/ratis/b59d3fae-b685-4898-8e64-1d2de2f9d438
2019-08-21 20:57:27,959 [pool-159-thread-1] INFO  server.RaftServerConfigKeys (ConfUtils.java:logGet(43)) - raft.server.log.queue.byte-limit = 2147483647 (custom)
2019-08-21 20:57:27,959 [pool-159-thread-1] INFO  server.RaftServerConfigKeys (ConfUtils.java:logGet(43)) - raft.server.log.queue.element-limit = 1024 (custom)
2019-08-21 20:57:27,960 [pool-159-thread-1] INFO  server.RaftServerConfigKeys (ConfUtils.java:logGet(43)) - raft.server.log.segment.size.max = 1048576 (custom)
2019-08-21 20:57:27,960 [pool-159-thread-1] INFO  server.RaftServerConfigKeys (ConfUtils.java:logGet(43)) - raft.server.log.preallocated.size = 16384 (custom)
2019-08-21 20:57:27,960 [pool-159-thread-1] INFO  server.RaftServerConfigKeys (ConfUtils.java:logGet(43)) - raft.server.log.write.buffer.size = 33554432 (custom)
2019-08-21 20:57:27,960 [pool-159-thread-1] INFO  server.RaftServerConfigKeys (ConfUtils.java:logGet(43)) - raft.server.log.force.sync.num = 128 (default)
2019-08-21 20:57:27,960 [pool-159-thread-1] INFO  server.RaftServerConfigKeys (ConfUtils.java:logGet(43)) - raft.server.log.statemachine.data.sync = true (default)
2019-08-21 20:57:27,960 [pool-159-thread-1] INFO  server.RaftServerConfigKeys (ConfUtils.java:logGet(43)) - raft.server.log.statemachine.data.sync.timeout = 10s (default)
2019-08-21 20:57:27,960 [pool-159-thread-1] INFO  server.RaftServerConfigKeys (ConfUtils.java:logGet(43)) - raft.server.log.statemachine.data.sync.timeout.retry = -1 (default)
2019-08-21 20:57:27,960 [pool-159-thread-1] INFO  server.RaftServerConfigKeys (ConfUtils.java:logGet(43)) - raft.server.log.statemachine.data.caching.enabled = true (custom)
2019-08-21 20:57:27,961 [pool-159-thread-1] INFO  segmented.SegmentedRaftLogWorker (SegmentedRaftLogWorker.java:lambda$new$0(132)) - a012690b-0000-4e4f-94e2-81cdbc8d1e43-SegmentedRaftLogWorker:Storage Directory /workdir/hadoop-ozone/integration-test/target/test-dir/MiniOzoneClusterImpl-d93be911-e5ce-4644-bc64-a6ecf0977318/datanode-1/data/ratis/b59d3fae-b685-4898-8e64-1d2de2f9d438: flushIndex: setUnconditionally 0 -> -1
2019-08-21 20:57:27,961 [pool-159-thread-1] INFO  server.RaftServerConfigKeys (ConfUtils.java:logGet(43)) - raft.server.snapshot.auto.trigger.enabled = true (custom)
2019-08-21 20:57:27,961 [pool-159-thread-1] INFO  server.RaftServerConfigKeys (ConfUtils.java:logGet(43)) - raft.server.snapshot.auto.trigger.threshold = 10000 (custom)
2019-08-21 20:57:27,961 [pool-159-thread-1] INFO  server.RaftServerConfigKeys (ConfUtils.java:logGet(43)) - raft.server.retrycache.expirytime = 600000ms (custom)
2019-08-21 20:57:27,962 [pool-159-thread-1] INFO  impl.RaftServerImpl (RaftServerImpl.java:start(180)) - a012690b-0000-4e4f-94e2-81cdbc8d1e43: start group-1D2DE2F9D438
2019-08-21 20:57:27,962 [pool-159-thread-1] INFO  impl.RaftServerImpl (RaftServerImpl.java:setRole(171)) - a012690b-0000-4e4f-94e2-81cdbc8d1e43:group-1D2DE2F9D438 changes role from null to FOLLOWER at term 0 for startAsFollower
2019-08-21 20:57:27,962 [pool-159-thread-1] INFO  impl.RoleInfo (RoleInfo.java:updateAndGet(143)) - a012690b-0000-4e4f-94e2-81cdbc8d1e43: start FollowerState
2019-08-21 20:57:27,963 [pool-159-thread-1] INFO  util.JmxRegister (JmxRegister.java:tryRegister(44)) - Successfully registered JMX Bean with object name Ratis:service=RaftServer,group=group-1D2DE2F9D438,id=a012690b-0000-4e4f-94e2-81cdbc8d1e43
2019-08-21 20:57:27,969 [RatisPipelineUtilsThread] INFO  pipeline.PipelineStateManager (PipelineStateManager.java:addPipeline(56)) - Created pipeline Pipeline[ Id: b59d3fae-b685-4898-8e64-1d2de2f9d438, Nodes: a012690b-0000-4e4f-94e2-81cdbc8d1e43{ip: 192.168.5.165, host: pr-hdds-1347-9b9ps-3331872021, networkLocation: /default-rack, certSerialId: null}, Type:RATIS, Factor:ONE, State:OPEN]
2019-08-21 20:57:27,977 [grpc-default-executor-0] INFO  impl.RaftServerProxy (RaftServerProxy.java:addNew(89)) - b625f10f-96c1-4aa8-a736-6a0ae2c5cd47: addNew group-CF0159B4AACC:[b625f10f-96c1-4aa8-a736-6a0ae2c5cd47:192.168.5.165:35979] returns group-CF0159B4AACC:java.util.concurrent.CompletableFuture@4f88dcb1[Not completed]
2019-08-21 20:57:27,979 [pool-148-thread-1] INFO  impl.RaftServerImpl (RaftServerImpl.java:<init>(93)) - b625f10f-96c1-4aa8-a736-6a0ae2c5cd47: new RaftServerImpl for group-CF0159B4AACC:[b625f10f-96c1-4aa8-a736-6a0ae2c5cd47:192.168.5.165:35979] with ContainerStateMachine:uninitialized
2019-08-21 20:57:27,979 [pool-148-thread-1] INFO  server.RaftServerConfigKeys (ConfUtils.java:logGet(43)) - raft.server.rpc.timeout.min = 5s (custom)
2019-08-21 20:57:27,979 [pool-148-thread-1] INFO  server.RaftServerConfigKeys (ConfUtils.java:logGet(43)) - raft.server.rpc.timeout.max = 5200ms (custom)
2019-08-21 20:57:27,979 [pool-148-thread-1] INFO  server.RaftServerConfigKeys (ConfUtils.java:logGet(43)) - raft.server.rpcslowness.timeout = 120s (custom)
2019-08-21 20:57:27,979 [pool-148-thread-1] INFO  server.RaftServerConfigKeys (ConfUtils.java:logGet(43)) - raft.server.sleep.deviation.threshold = 300 (default)
2019-08-21 20:57:27,979 [pool-148-thread-1] INFO  server.RaftServerConfigKeys (ConfUtils.java:logGet(43)) - raft.server.log.appender.install.snapshot.enabled = false (custom)
2019-08-21 20:57:27,979 [pool-148-thread-1] INFO  impl.RaftServerImpl (ServerState.java:<init>(105)) - b625f10f-96c1-4aa8-a736-6a0ae2c5cd47:group-CF0159B4AACC ConfigurationManager, init=-1: [b625f10f-96c1-4aa8-a736-6a0ae2c5cd47:192.168.5.165:35979], old=null, confs=<EMPTY_MAP>
2019-08-21 20:57:27,980 [pool-148-thread-1] INFO  server.RaftServerConfigKeys (ConfUtils.java:logGet(43)) - raft.server.storage.dir = [/workdir/hadoop-ozone/integration-test/target/test-dir/MiniOzoneClusterImpl-d93be911-e5ce-4644-bc64-a6ecf0977318/datanode-0/data/ratis] (custom)
2019-08-21 20:57:27,980 [pool-148-thread-1] INFO  storage.RaftStorageDirectory (RaftStorageDirectory.java:analyzeStorage(246)) - The storage directory /workdir/hadoop-ozone/integration-test/target/test-dir/MiniOzoneClusterImpl-d93be911-e5ce-4644-bc64-a6ecf0977318/datanode-0/data/ratis/23a7ea3a-7fc8-4ddd-9c7b-cf0159b4aacc does not exist. Creating ...
2019-08-21 20:57:27,994 [pool-148-thread-1] INFO  storage.RaftStorageDirectory (RaftStorageDirectory.java:tryLock(328)) - Lock on /workdir/hadoop-ozone/integration-test/target/test-dir/MiniOzoneClusterImpl-d93be911-e5ce-4644-bc64-a6ecf0977318/datanode-0/data/ratis/23a7ea3a-7fc8-4ddd-9c7b-cf0159b4aacc/in_use.lock acquired by nodename 21025@pr-hdds-1347-9b9ps-3331872021
2019-08-21 20:57:28,007 [pool-148-thread-1] INFO  storage.RaftStorage (RaftStorage.java:format(72)) - Storage directory /workdir/hadoop-ozone/integration-test/target/test-dir/MiniOzoneClusterImpl-d93be911-e5ce-4644-bc64-a6ecf0977318/datanode-0/data/ratis/23a7ea3a-7fc8-4ddd-9c7b-cf0159b4aacc has been successfully formatted.
2019-08-21 20:57:28,007 [pool-148-thread-1] INFO  ratis.ContainerStateMachine (ContainerStateMachine.java:loadSnapshot(226)) - group-CF0159B4AACC: The snapshot info is null. Setting the last applied indexto:(t:0, i:~)
2019-08-21 20:57:28,007 [pool-148-thread-1] INFO  server.RaftServerConfigKeys (ConfUtils.java:logGet(43)) - raft.server.leader.election.timeout = 120s (custom)
2019-08-21 20:57:28,007 [pool-148-thread-1] INFO  server.RaftServerConfigKeys (ConfUtils.java:logGet(43)) - raft.server.log.use.memory = false (default)
2019-08-21 20:57:28,007 [pool-148-thread-1] INFO  server.RaftServerConfigKeys (ConfUtils.java:logGet(43)) - raft.server.log.purge.gap = 1000000 (custom)
2019-08-21 20:57:28,007 [pool-148-thread-1] INFO  server.RaftServerConfigKeys (ConfUtils.java:logGet(43)) - raft.server.log.appender.buffer.byte-limit = 33554432 (custom)
2019-08-21 20:57:28,007 [pool-148-thread-1] INFO  server.RaftServerConfigKeys (ConfUtils.java:logGet(43)) - raft.server.log.segment.size.max = 1048576 (custom)
2019-08-21 20:57:28,007 [pool-148-thread-1] INFO  server.RaftServerConfigKeys (ConfUtils.java:logGet(43)) - raft.server.log.segment.cache.num.max = 2 (custom)
2019-08-21 20:57:28,008 [pool-148-thread-1] INFO  segmented.SegmentedRaftLogWorker (SegmentedRaftLogWorker.java:<init>(172)) - new b625f10f-96c1-4aa8-a736-6a0ae2c5cd47-SegmentedRaftLogWorker:Storage Directory /workdir/hadoop-ozone/integration-test/target/test-dir/MiniOzoneClusterImpl-d93be911-e5ce-4644-bc64-a6ecf0977318/datanode-0/data/ratis/23a7ea3a-7fc8-4ddd-9c7b-cf0159b4aacc for RaftStorage:Storage Directory /workdir/hadoop-ozone/integration-test/target/test-dir/MiniOzoneClusterImpl-d93be911-e5ce-4644-bc64-a6ecf0977318/datanode-0/data/ratis/23a7ea3a-7fc8-4ddd-9c7b-cf0159b4aacc
2019-08-21 20:57:28,008 [pool-148-thread-1] INFO  server.RaftServerConfigKeys (ConfUtils.java:logGet(43)) - raft.server.log.queue.byte-limit = 2147483647 (custom)
2019-08-21 20:57:28,008 [pool-148-thread-1] INFO  server.RaftServerConfigKeys (ConfUtils.java:logGet(43)) - raft.server.log.queue.element-limit = 1024 (custom)
2019-08-21 20:57:28,008 [pool-148-thread-1] INFO  server.RaftServerConfigKeys (ConfUtils.java:logGet(43)) - raft.server.log.segment.size.max = 1048576 (custom)
2019-08-21 20:57:28,008 [pool-148-thread-1] INFO  server.RaftServerConfigKeys (ConfUtils.java:logGet(43)) - raft.server.log.preallocated.size = 16384 (custom)
2019-08-21 20:57:28,008 [pool-148-thread-1] INFO  server.RaftServerConfigKeys (ConfUtils.java:logGet(43)) - raft.server.log.write.buffer.size = 33554432 (custom)
2019-08-21 20:57:28,008 [pool-148-thread-1] INFO  server.RaftServerConfigKeys (ConfUtils.java:logGet(43)) - raft.server.log.force.sync.num = 128 (default)
2019-08-21 20:57:28,009 [pool-148-thread-1] INFO  server.RaftServerConfigKeys (ConfUtils.java:logGet(43)) - raft.server.log.statemachine.data.sync = true (default)
2019-08-21 20:57:28,009 [pool-148-thread-1] INFO  server.RaftServerConfigKeys (ConfUtils.java:logGet(43)) - raft.server.log.statemachine.data.sync.timeout = 10s (default)
2019-08-21 20:57:28,009 [pool-148-thread-1] INFO  server.RaftServerConfigKeys (ConfUtils.java:logGet(43)) - raft.server.log.statemachine.data.sync.timeout.retry = -1 (default)
2019-08-21 20:57:28,009 [pool-148-thread-1] INFO  server.RaftServerConfigKeys (ConfUtils.java:logGet(43)) - raft.server.log.statemachine.data.caching.enabled = true (custom)
2019-08-21 20:57:28,009 [pool-148-thread-1] INFO  segmented.SegmentedRaftLogWorker (SegmentedRaftLogWorker.java:lambda$new$0(132)) - b625f10f-96c1-4aa8-a736-6a0ae2c5cd47-SegmentedRaftLogWorker:Storage Directory /workdir/hadoop-ozone/integration-test/target/test-dir/MiniOzoneClusterImpl-d93be911-e5ce-4644-bc64-a6ecf0977318/datanode-0/data/ratis/23a7ea3a-7fc8-4ddd-9c7b-cf0159b4aacc: flushIndex: setUnconditionally 0 -> -1
2019-08-21 20:57:28,010 [pool-148-thread-1] INFO  server.RaftServerConfigKeys (ConfUtils.java:logGet(43)) - raft.server.snapshot.auto.trigger.enabled = true (custom)
2019-08-21 20:57:28,010 [pool-148-thread-1] INFO  server.RaftServerConfigKeys (ConfUtils.java:logGet(43)) - raft.server.snapshot.auto.trigger.threshold = 10000 (custom)
2019-08-21 20:57:28,010 [pool-148-thread-1] INFO  server.RaftServerConfigKeys (ConfUtils.java:logGet(43)) - raft.server.retrycache.expirytime = 600000ms (custom)
2019-08-21 20:57:28,010 [pool-148-thread-1] INFO  impl.RaftServerImpl (RaftServerImpl.java:start(180)) - b625f10f-96c1-4aa8-a736-6a0ae2c5cd47: start group-CF0159B4AACC
2019-08-21 20:57:28,010 [pool-148-thread-1] INFO  impl.RaftServerImpl (RaftServerImpl.java:setRole(171)) - b625f10f-96c1-4aa8-a736-6a0ae2c5cd47:group-CF0159B4AACC changes role from null to FOLLOWER at term 0 for startAsFollower
2019-08-21 20:57:28,010 [pool-148-thread-1] INFO  impl.RoleInfo (RoleInfo.java:updateAndGet(143)) - b625f10f-96c1-4aa8-a736-6a0ae2c5cd47: start FollowerState
2019-08-21 20:57:28,011 [pool-148-thread-1] INFO  util.JmxRegister (JmxRegister.java:tryRegister(44)) - Successfully registered JMX Bean with object name Ratis:service=RaftServer,group=group-CF0159B4AACC,id=b625f10f-96c1-4aa8-a736-6a0ae2c5cd47
2019-08-21 20:57:28,015 [RatisPipelineUtilsThread] INFO  pipeline.PipelineStateManager (PipelineStateManager.java:addPipeline(56)) - Created pipeline Pipeline[ Id: 23a7ea3a-7fc8-4ddd-9c7b-cf0159b4aacc, Nodes: b625f10f-96c1-4aa8-a736-6a0ae2c5cd47{ip: 192.168.5.165, host: pr-hdds-1347-9b9ps-3331872021, networkLocation: /default-rack, certSerialId: null}, Type:RATIS, Factor:ONE, State:OPEN]
2019-08-21 20:57:28,060 | INFO  | SCMAudit | user=jenkins1000 | ip=192.168.5.165 | op=SEND_HEARTBEAT {datanodeUUID=eea39f38-c3f6-433c-b3e8-04d870fd166b, command=[]} | ret=SUCCESS |  
2019-08-21 20:57:28,333 | INFO  | SCMAudit | user=jenkins1000 | ip=192.168.5.165 | op=SEND_HEARTBEAT {datanodeUUID=b625f10f-96c1-4aa8-a736-6a0ae2c5cd47, command=[]} | ret=SUCCESS |  
2019-08-21 20:57:28,526 [Thread-599] INFO  impl.FollowerState (FollowerState.java:run(106)) - b625f10f-96c1-4aa8-a736-6a0ae2c5cd47:group-DEEFF3A4C9B5 changes to CANDIDATE, lastRpcTime:5176, electionTimeout:5176ms
2019-08-21 20:57:28,526 [Thread-599] INFO  impl.RoleInfo (RoleInfo.java:shutdownFollowerState(121)) - b625f10f-96c1-4aa8-a736-6a0ae2c5cd47: shutdown FollowerState
2019-08-21 20:57:28,526 [Thread-599] INFO  impl.RaftServerImpl (RaftServerImpl.java:setRole(171)) - b625f10f-96c1-4aa8-a736-6a0ae2c5cd47:group-DEEFF3A4C9B5 changes role from FOLLOWER to CANDIDATE at term 1 for changeToCandidate
2019-08-21 20:57:28,526 [Thread-599] INFO  impl.RoleInfo (RoleInfo.java:updateAndGet(143)) - b625f10f-96c1-4aa8-a736-6a0ae2c5cd47: start LeaderElection
2019-08-21 20:57:28,542 [b625f10f-96c1-4aa8-a736-6a0ae2c5cd47:group-DEEFF3A4C9B5:LeaderElection19] INFO  impl.LeaderElection (LeaderElection.java:askForVotes(181)) - b625f10f-96c1-4aa8-a736-6a0ae2c5cd47:group-DEEFF3A4C9B5:LeaderElection19: begin an election at term 2 for 0: [b625f10f-96c1-4aa8-a736-6a0ae2c5cd47:192.168.5.165:35979], old=null
2019-08-21 20:57:28,543 [b625f10f-96c1-4aa8-a736-6a0ae2c5cd47:group-DEEFF3A4C9B5:LeaderElection19] INFO  impl.RoleInfo (RoleInfo.java:shutdownLeaderElection(134)) - b625f10f-96c1-4aa8-a736-6a0ae2c5cd47: shutdown LeaderElection
2019-08-21 20:57:28,543 [b625f10f-96c1-4aa8-a736-6a0ae2c5cd47:group-DEEFF3A4C9B5:LeaderElection19] INFO  impl.RaftServerImpl (RaftServerImpl.java:setRole(171)) - b625f10f-96c1-4aa8-a736-6a0ae2c5cd47:group-DEEFF3A4C9B5 changes role from CANDIDATE to LEADER at term 2 for changeToLeader
2019-08-21 20:57:28,543 [b625f10f-96c1-4aa8-a736-6a0ae2c5cd47:group-DEEFF3A4C9B5:LeaderElection19] INFO  impl.RaftServerImpl (ServerState.java:setLeader(263)) - b625f10f-96c1-4aa8-a736-6a0ae2c5cd47:group-DEEFF3A4C9B5 change Leader from null to b625f10f-96c1-4aa8-a736-6a0ae2c5cd47 at term 2 for becomeLeader, leader elected after 7427ms
2019-08-21 20:57:28,543 [b625f10f-96c1-4aa8-a736-6a0ae2c5cd47:group-DEEFF3A4C9B5:LeaderElection19] INFO  server.RaftServerConfigKeys (ConfUtils.java:logGet(43)) - raft.server.staging.catchup.gap = 1000 (default)
2019-08-21 20:57:28,543 [b625f10f-96c1-4aa8-a736-6a0ae2c5cd47:group-DEEFF3A4C9B5:LeaderElection19] INFO  server.RaftServerConfigKeys (ConfUtils.java:logGet(43)) - raft.server.rpc.sleep.time = 25ms (default)
2019-08-21 20:57:28,544 [b625f10f-96c1-4aa8-a736-6a0ae2c5cd47:group-DEEFF3A4C9B5:LeaderElection19] INFO  server.RaftServerConfigKeys (ConfUtils.java:logGet(43)) - raft.server.write.element-limit = 4096 (default)
2019-08-21 20:57:28,544 [b625f10f-96c1-4aa8-a736-6a0ae2c5cd47:group-DEEFF3A4C9B5:LeaderElection19] INFO  server.RaftServerConfigKeys (ConfUtils.java:logGet(43)) - raft.server.watch.timeout = 10s (default)
2019-08-21 20:57:28,544 [b625f10f-96c1-4aa8-a736-6a0ae2c5cd47:group-DEEFF3A4C9B5:LeaderElection19] INFO  server.RaftServerConfigKeys (ConfUtils.java:logGet(43)) - raft.server.watch.timeout.denomination = 1s (default)
2019-08-21 20:57:28,544 [b625f10f-96c1-4aa8-a736-6a0ae2c5cd47:group-DEEFF3A4C9B5:LeaderElection19] INFO  server.RaftServerConfigKeys (ConfUtils.java:logGet(43)) - raft.server.watch.element-limit = 65536 (default)
2019-08-21 20:57:28,545 [b625f10f-96c1-4aa8-a736-6a0ae2c5cd47:group-DEEFF3A4C9B5:LeaderElection19] INFO  impl.RoleInfo (RoleInfo.java:updateAndGet(143)) - b625f10f-96c1-4aa8-a736-6a0ae2c5cd47: start LeaderState
2019-08-21 20:57:28,545 [b625f10f-96c1-4aa8-a736-6a0ae2c5cd47:group-DEEFF3A4C9B5:LeaderElection19] INFO  segmented.SegmentedRaftLogWorker (SegmentedRaftLogWorker.java:rollLogSegment(385)) - b625f10f-96c1-4aa8-a736-6a0ae2c5cd47-SegmentedRaftLogWorker:Storage Directory /workdir/hadoop-ozone/integration-test/target/test-dir/MiniOzoneClusterImpl-d93be911-e5ce-4644-bc64-a6ecf0977318/datanode-0/data/ratis/7843bab9-8e28-4ad6-a0e4-deeff3a4c9b5: Rolling segment log-0_0 to index:0
2019-08-21 20:57:28,550 [b625f10f-96c1-4aa8-a736-6a0ae2c5cd47-SegmentedRaftLogWorker:Storage Directory /workdir/hadoop-ozone/integration-test/target/test-dir/MiniOzoneClusterImpl-d93be911-e5ce-4644-bc64-a6ecf0977318/datanode-0/data/ratis/7843bab9-8e28-4ad6-a0e4-deeff3a4c9b5] INFO  segmented.SegmentedRaftLogWorker (SegmentedRaftLogWorker.java:execute(526)) - b625f10f-96c1-4aa8-a736-6a0ae2c5cd47-SegmentedRaftLogWorker:Storage Directory /workdir/hadoop-ozone/integration-test/target/test-dir/MiniOzoneClusterImpl-d93be911-e5ce-4644-bc64-a6ecf0977318/datanode-0/data/ratis/7843bab9-8e28-4ad6-a0e4-deeff3a4c9b5: Rolled log segment from /workdir/hadoop-ozone/integration-test/target/test-dir/MiniOzoneClusterImpl-d93be911-e5ce-4644-bc64-a6ecf0977318/datanode-0/data/ratis/7843bab9-8e28-4ad6-a0e4-deeff3a4c9b5/current/log_inprogress_0 to /workdir/hadoop-ozone/integration-test/target/test-dir/MiniOzoneClusterImpl-d93be911-e5ce-4644-bc64-a6ecf0977318/datanode-0/data/ratis/7843bab9-8e28-4ad6-a0e4-deeff3a4c9b5/current/log_0-0
2019-08-21 20:57:28,554 [b625f10f-96c1-4aa8-a736-6a0ae2c5cd47:group-DEEFF3A4C9B5:LeaderElection19] INFO  impl.RaftServerImpl (ServerState.java:setRaftConf(361)) - b625f10f-96c1-4aa8-a736-6a0ae2c5cd47:group-DEEFF3A4C9B5 set configuration 1: [b625f10f-96c1-4aa8-a736-6a0ae2c5cd47:192.168.5.165:35979], old=null at 1
2019-08-21 20:57:28,565 | INFO  | SCMAudit | user=jenkins1000 | ip=192.168.5.165 | op=SEND_HEARTBEAT {datanodeUUID=a012690b-0000-4e4f-94e2-81cdbc8d1e43, command=[]} | ret=SUCCESS |  
2019-08-21 20:57:28,589 [main] INFO  ozone.MiniOzoneClusterImpl (MiniOzoneClusterImpl.java:shutdown(321)) - Shutting down the Mini Ozone Cluster
2019-08-21 20:57:28,589 | INFO  | SCMAudit | user=null | ip=null | op=GET_SCM_INFO null | ret=SUCCESS |  
2019-08-21 20:57:28,589 [main] INFO  ozone.MiniOzoneClusterImpl (MiniOzoneClusterImpl.java:stop(336)) - Stopping the Mini Ozone Cluster
2019-08-21 20:57:28,590 [main] INFO  ozone.MiniOzoneClusterImpl (MiniOzoneClusterImpl.java:stop(338)) - Stopping the OzoneManager
2019-08-21 20:57:28,591 [main] INFO  ipc.Server (Server.java:stop(3082)) - Stopping server on 35081
2019-08-21 20:57:28,599 [IPC Server listener on 35081] INFO  ipc.Server (Server.java:run(1185)) - Stopping IPC Server listener on 35081
2019-08-21 20:57:28,601 [IPC Server Responder] INFO  ipc.Server (Server.java:run(1319)) - Stopping IPC Server Responder
2019-08-21 20:57:28,601 [main] INFO  ratis.OzoneManagerDoubleBuffer (OzoneManagerDoubleBuffer.java:stop(248)) - Stopping OMDoubleBuffer flush thread
2019-08-21 20:57:28,610 [OMDoubleBufferFlushThread] INFO  ratis.OzoneManagerDoubleBuffer (OzoneManagerDoubleBuffer.java:flushTransactions(191)) - OMDoubleBuffer flush thread OMDoubleBufferFlushThread is interrupted and will exit. OMDoubleBufferFlushThread
2019-08-21 20:57:28,612 [b625f10f-96c1-4aa8-a736-6a0ae2c5cd47-SegmentedRaftLogWorker:Storage Directory /workdir/hadoop-ozone/integration-test/target/test-dir/MiniOzoneClusterImpl-d93be911-e5ce-4644-bc64-a6ecf0977318/datanode-0/data/ratis/7843bab9-8e28-4ad6-a0e4-deeff3a4c9b5] INFO  segmented.SegmentedRaftLogWorker (SegmentedRaftLogWorker.java:execute(569)) - b625f10f-96c1-4aa8-a736-6a0ae2c5cd47-SegmentedRaftLogWorker:Storage Directory /workdir/hadoop-ozone/integration-test/target/test-dir/MiniOzoneClusterImpl-d93be911-e5ce-4644-bc64-a6ecf0977318/datanode-0/data/ratis/7843bab9-8e28-4ad6-a0e4-deeff3a4c9b5: created new log segment /workdir/hadoop-ozone/integration-test/target/test-dir/MiniOzoneClusterImpl-d93be911-e5ce-4644-bc64-a6ecf0977318/datanode-0/data/ratis/7843bab9-8e28-4ad6-a0e4-deeff3a4c9b5/current/log_inprogress_1
2019-08-21 20:57:28,612 [main] INFO  utils.BackgroundService (BackgroundService.java:shutdown(148)) - Shutting down service KeyDeletingService
2019-08-21 20:57:28,616 [main] INFO  handler.ContextHandler (ContextHandler.java:doStop(910)) - Stopped o.e.j.w.WebAppContext@74c576d7{/,null,UNAVAILABLE}{/ozoneManager}
2019-08-21 20:57:28,616 [main] INFO  server.AbstractConnector (AbstractConnector.java:doStop(318)) - Stopped ServerConnector@278f6742{HTTP/1.1,[http/1.1]}{0.0.0.0:0}
2019-08-21 20:57:28,618 [main] INFO  handler.ContextHandler (ContextHandler.java:doStop(910)) - Stopped o.e.j.s.ServletContextHandler@6b252826{/static,file:///workdir/hadoop-ozone/integration-test/target/test-classes/webapps/static,UNAVAILABLE}
2019-08-21 20:57:28,619 [main] INFO  handler.ContextHandler (ContextHandler.java:doStop(910)) - Stopped o.e.j.s.ServletContextHandler@4a2d2288{/logs,file:///workdir/hadoop-ozone/integration-test/target/log,UNAVAILABLE}
2019-08-21 20:57:28,621 [Thread-602] INFO  impl.FollowerState (FollowerState.java:run(106)) - a012690b-0000-4e4f-94e2-81cdbc8d1e43:group-95DB22F52BC2 changes to CANDIDATE, lastRpcTime:5040, electionTimeout:5039ms
2019-08-21 20:57:28,621 [Thread-602] INFO  impl.RoleInfo (RoleInfo.java:shutdownFollowerState(121)) - a012690b-0000-4e4f-94e2-81cdbc8d1e43: shutdown FollowerState
2019-08-21 20:57:28,622 [Thread-602] INFO  impl.RaftServerImpl (RaftServerImpl.java:setRole(171)) - a012690b-0000-4e4f-94e2-81cdbc8d1e43:group-95DB22F52BC2 changes role from FOLLOWER to CANDIDATE at term 1 for changeToCandidate
2019-08-21 20:57:28,622 [main] INFO  ozone.MiniOzoneClusterImpl (MiniOzoneClusterImpl.java:stop(344)) - Shutting the HddsDatanodes
2019-08-21 20:57:28,622 [Thread-602] INFO  impl.RoleInfo (RoleInfo.java:updateAndGet(143)) - a012690b-0000-4e4f-94e2-81cdbc8d1e43: start LeaderElection
2019-08-21 20:57:28,623 [ForkJoinPool.commonPool-worker-1] INFO  datanode.ObjectStoreHandler (ObjectStoreHandler.java:close(155)) - Closing ObjectStoreHandler.
2019-08-21 20:57:28,623 [main] INFO  datanode.ObjectStoreHandler (ObjectStoreHandler.java:close(155)) - Closing ObjectStoreHandler.
2019-08-21 20:57:28,627 [ForkJoinPool.commonPool-worker-1] INFO  ozone.HddsDatanodeService (HddsDatanodeService.java:stop(451)) - Stopped plug-in org.apache.hadoop.ozone.web.OzoneHddsDatanodeService@4c5303bc
2019-08-21 20:57:28,627 [main] INFO  ozone.HddsDatanodeService (HddsDatanodeService.java:stop(451)) - Stopped plug-in org.apache.hadoop.ozone.web.OzoneHddsDatanodeService@428a3dea
2019-08-21 20:57:28,652 [a012690b-0000-4e4f-94e2-81cdbc8d1e43:group-95DB22F52BC2:LeaderElection20] INFO  impl.LeaderElection (LeaderElection.java:askForVotes(181)) - a012690b-0000-4e4f-94e2-81cdbc8d1e43:group-95DB22F52BC2:LeaderElection20: begin an election at term 2 for 0: [a012690b-0000-4e4f-94e2-81cdbc8d1e43:192.168.5.165:41338], old=null
2019-08-21 20:57:28,652 [a012690b-0000-4e4f-94e2-81cdbc8d1e43:group-95DB22F52BC2:LeaderElection20] INFO  impl.RoleInfo (RoleInfo.java:shutdownLeaderElection(134)) - a012690b-0000-4e4f-94e2-81cdbc8d1e43: shutdown LeaderElection
2019-08-21 20:57:28,652 [a012690b-0000-4e4f-94e2-81cdbc8d1e43:group-95DB22F52BC2:LeaderElection20] INFO  impl.RaftServerImpl (RaftServerImpl.java:setRole(171)) - a012690b-0000-4e4f-94e2-81cdbc8d1e43:group-95DB22F52BC2 changes role from CANDIDATE to LEADER at term 2 for changeToLeader
2019-08-21 20:57:28,652 [a012690b-0000-4e4f-94e2-81cdbc8d1e43:group-95DB22F52BC2:LeaderElection20] INFO  impl.RaftServerImpl (ServerState.java:setLeader(263)) - a012690b-0000-4e4f-94e2-81cdbc8d1e43:group-95DB22F52BC2 change Leader from null to a012690b-0000-4e4f-94e2-81cdbc8d1e43 at term 2 for becomeLeader, leader elected after 7215ms
2019-08-21 20:57:28,652 [a012690b-0000-4e4f-94e2-81cdbc8d1e43:group-95DB22F52BC2:LeaderElection20] INFO  server.RaftServerConfigKeys (ConfUtils.java:logGet(43)) - raft.server.staging.catchup.gap = 1000 (default)
2019-08-21 20:57:28,652 [a012690b-0000-4e4f-94e2-81cdbc8d1e43:group-95DB22F52BC2:LeaderElection20] INFO  server.RaftServerConfigKeys (ConfUtils.java:logGet(43)) - raft.server.rpc.sleep.time = 25ms (default)
2019-08-21 20:57:28,653 [a012690b-0000-4e4f-94e2-81cdbc8d1e43:group-95DB22F52BC2:LeaderElection20] INFO  server.RaftServerConfigKeys (ConfUtils.java:logGet(43)) - raft.server.write.element-limit = 4096 (default)
2019-08-21 20:57:28,653 [a012690b-0000-4e4f-94e2-81cdbc8d1e43:group-95DB22F52BC2:LeaderElection20] INFO  server.RaftServerConfigKeys (ConfUtils.java:logGet(43)) - raft.server.watch.timeout = 10s (default)
2019-08-21 20:57:28,653 [a012690b-0000-4e4f-94e2-81cdbc8d1e43:group-95DB22F52BC2:LeaderElection20] INFO  server.RaftServerConfigKeys (ConfUtils.java:logGet(43)) - raft.server.watch.timeout.denomination = 1s (default)
2019-08-21 20:57:28,653 [a012690b-0000-4e4f-94e2-81cdbc8d1e43:group-95DB22F52BC2:LeaderElection20] INFO  server.RaftServerConfigKeys (ConfUtils.java:logGet(43)) - raft.server.watch.element-limit = 65536 (default)
2019-08-21 20:57:28,653 [a012690b-0000-4e4f-94e2-81cdbc8d1e43:group-95DB22F52BC2:LeaderElection20] INFO  impl.RoleInfo (RoleInfo.java:updateAndGet(143)) - a012690b-0000-4e4f-94e2-81cdbc8d1e43: start LeaderState
2019-08-21 20:57:28,653 [a012690b-0000-4e4f-94e2-81cdbc8d1e43:group-95DB22F52BC2:LeaderElection20] INFO  segmented.SegmentedRaftLogWorker (SegmentedRaftLogWorker.java:rollLogSegment(385)) - a012690b-0000-4e4f-94e2-81cdbc8d1e43-SegmentedRaftLogWorker:Storage Directory /workdir/hadoop-ozone/integration-test/target/test-dir/MiniOzoneClusterImpl-d93be911-e5ce-4644-bc64-a6ecf0977318/datanode-1/data/ratis/e4e00cde-618a-4476-bc5b-95db22f52bc2: Rolling segment log-0_0 to index:0
2019-08-21 20:57:28,655 [a012690b-0000-4e4f-94e2-81cdbc8d1e43:group-95DB22F52BC2:LeaderElection20] INFO  impl.RaftServerImpl (ServerState.java:setRaftConf(361)) - a012690b-0000-4e4f-94e2-81cdbc8d1e43:group-95DB22F52BC2 set configuration 1: [a012690b-0000-4e4f-94e2-81cdbc8d1e43:192.168.5.165:41338], old=null at 1
2019-08-21 20:57:28,656 [a012690b-0000-4e4f-94e2-81cdbc8d1e43-SegmentedRaftLogWorker:Storage Directory /workdir/hadoop-ozone/integration-test/target/test-dir/MiniOzoneClusterImpl-d93be911-e5ce-4644-bc64-a6ecf0977318/datanode-1/data/ratis/e4e00cde-618a-4476-bc5b-95db22f52bc2] INFO  segmented.SegmentedRaftLogWorker (SegmentedRaftLogWorker.java:execute(526)) - a012690b-0000-4e4f-94e2-81cdbc8d1e43-SegmentedRaftLogWorker:Storage Directory /workdir/hadoop-ozone/integration-test/target/test-dir/MiniOzoneClusterImpl-d93be911-e5ce-4644-bc64-a6ecf0977318/datanode-1/data/ratis/e4e00cde-618a-4476-bc5b-95db22f52bc2: Rolled log segment from /workdir/hadoop-ozone/integration-test/target/test-dir/MiniOzoneClusterImpl-d93be911-e5ce-4644-bc64-a6ecf0977318/datanode-1/data/ratis/e4e00cde-618a-4476-bc5b-95db22f52bc2/current/log_inprogress_0 to /workdir/hadoop-ozone/integration-test/target/test-dir/MiniOzoneClusterImpl-d93be911-e5ce-4644-bc64-a6ecf0977318/datanode-1/data/ratis/e4e00cde-618a-4476-bc5b-95db22f52bc2/current/log_0-0
2019-08-21 20:57:28,709 [a012690b-0000-4e4f-94e2-81cdbc8d1e43-SegmentedRaftLogWorker:Storage Directory /workdir/hadoop-ozone/integration-test/target/test-dir/MiniOzoneClusterImpl-d93be911-e5ce-4644-bc64-a6ecf0977318/datanode-1/data/ratis/e4e00cde-618a-4476-bc5b-95db22f52bc2] INFO  segmented.SegmentedRaftLogWorker (SegmentedRaftLogWorker.java:execute(569)) - a012690b-0000-4e4f-94e2-81cdbc8d1e43-SegmentedRaftLogWorker:Storage Directory /workdir/hadoop-ozone/integration-test/target/test-dir/MiniOzoneClusterImpl-d93be911-e5ce-4644-bc64-a6ecf0977318/datanode-1/data/ratis/e4e00cde-618a-4476-bc5b-95db22f52bc2: created new log segment /workdir/hadoop-ozone/integration-test/target/test-dir/MiniOzoneClusterImpl-d93be911-e5ce-4644-bc64-a6ecf0977318/datanode-1/data/ratis/e4e00cde-618a-4476-bc5b-95db22f52bc2/current/log_inprogress_1
2019-08-21 20:57:28,922 [grpc-default-executor-0] INFO  impl.RaftServerProxy (RaftServerProxy.java:addNew(89)) - eea39f38-c3f6-433c-b3e8-04d870fd166b: addNew group-1B9887C85370:[eea39f38-c3f6-433c-b3e8-04d870fd166b:192.168.5.165:43414] returns group-1B9887C85370:java.util.concurrent.CompletableFuture@2e8d6c3c[Not completed]
2019-08-21 20:57:28,923 [pool-170-thread-1] INFO  impl.RaftServerImpl (RaftServerImpl.java:<init>(93)) - eea39f38-c3f6-433c-b3e8-04d870fd166b: new RaftServerImpl for group-1B9887C85370:[eea39f38-c3f6-433c-b3e8-04d870fd166b:192.168.5.165:43414] with ContainerStateMachine:uninitialized
2019-08-21 20:57:28,924 [pool-170-thread-1] INFO  server.RaftServerConfigKeys (ConfUtils.java:logGet(43)) - raft.server.rpc.timeout.min = 5s (custom)
2019-08-21 20:57:28,924 [pool-170-thread-1] INFO  server.RaftServerConfigKeys (ConfUtils.java:logGet(43)) - raft.server.rpc.timeout.max = 5200ms (custom)
2019-08-21 20:57:28,924 [pool-170-thread-1] INFO  server.RaftServerConfigKeys (ConfUtils.java:logGet(43)) - raft.server.rpcslowness.timeout = 120s (custom)
2019-08-21 20:57:28,924 [pool-170-thread-1] INFO  server.RaftServerConfigKeys (ConfUtils.java:logGet(43)) - raft.server.sleep.deviation.threshold = 300 (default)
2019-08-21 20:57:28,924 [pool-170-thread-1] INFO  server.RaftServerConfigKeys (ConfUtils.java:logGet(43)) - raft.server.log.appender.install.snapshot.enabled = false (custom)
2019-08-21 20:57:28,924 [pool-170-thread-1] INFO  impl.RaftServerImpl (ServerState.java:<init>(105)) - eea39f38-c3f6-433c-b3e8-04d870fd166b:group-1B9887C85370 ConfigurationManager, init=-1: [eea39f38-c3f6-433c-b3e8-04d870fd166b:192.168.5.165:43414], old=null, confs=<EMPTY_MAP>
2019-08-21 20:57:28,925 [pool-170-thread-1] INFO  server.RaftServerConfigKeys (ConfUtils.java:logGet(43)) - raft.server.storage.dir = [/workdir/hadoop-ozone/integration-test/target/test-dir/MiniOzoneClusterImpl-d93be911-e5ce-4644-bc64-a6ecf0977318/datanode-2/data/ratis] (custom)
2019-08-21 20:57:28,925 [pool-170-thread-1] INFO  storage.RaftStorageDirectory (RaftStorageDirectory.java:analyzeStorage(246)) - The storage directory /workdir/hadoop-ozone/integration-test/target/test-dir/MiniOzoneClusterImpl-d93be911-e5ce-4644-bc64-a6ecf0977318/datanode-2/data/ratis/6e078b3b-3b35-4734-bb86-1b9887c85370 does not exist. Creating ...
2019-08-21 20:57:28,950 [pool-170-thread-1] INFO  storage.RaftStorageDirectory (RaftStorageDirectory.java:tryLock(328)) - Lock on /workdir/hadoop-ozone/integration-test/target/test-dir/MiniOzoneClusterImpl-d93be911-e5ce-4644-bc64-a6ecf0977318/datanode-2/data/ratis/6e078b3b-3b35-4734-bb86-1b9887c85370/in_use.lock acquired by nodename 21025@pr-hdds-1347-9b9ps-3331872021
2019-08-21 20:57:28,963 [pool-170-thread-1] INFO  storage.RaftStorage (RaftStorage.java:format(72)) - Storage directory /workdir/hadoop-ozone/integration-test/target/test-dir/MiniOzoneClusterImpl-d93be911-e5ce-4644-bc64-a6ecf0977318/datanode-2/data/ratis/6e078b3b-3b35-4734-bb86-1b9887c85370 has been successfully formatted.
2019-08-21 20:57:28,964 [pool-170-thread-1] INFO  ratis.ContainerStateMachine (ContainerStateMachine.java:loadSnapshot(226)) - group-1B9887C85370: The snapshot info is null. Setting the last applied indexto:(t:0, i:~)
2019-08-21 20:57:28,964 [pool-170-thread-1] INFO  server.RaftServerConfigKeys (ConfUtils.java:logGet(43)) - raft.server.leader.election.timeout = 120s (custom)
2019-08-21 20:57:28,964 [pool-170-thread-1] INFO  server.RaftServerConfigKeys (ConfUtils.java:logGet(43)) - raft.server.log.use.memory = false (default)
2019-08-21 20:57:28,965 [pool-170-thread-1] INFO  server.RaftServerConfigKeys (ConfUtils.java:logGet(43)) - raft.server.log.purge.gap = 1000000 (custom)
2019-08-21 20:57:28,965 [pool-170-thread-1] INFO  server.RaftServerConfigKeys (ConfUtils.java:logGet(43)) - raft.server.log.appender.buffer.byte-limit = 33554432 (custom)
2019-08-21 20:57:28,965 [pool-170-thread-1] INFO  server.RaftServerConfigKeys (ConfUtils.java:logGet(43)) - raft.server.log.segment.size.max = 1048576 (custom)
2019-08-21 20:57:28,965 [pool-170-thread-1] INFO  server.RaftServerConfigKeys (ConfUtils.java:logGet(43)) - raft.server.log.segment.cache.num.max = 2 (custom)
2019-08-21 20:57:28,965 [pool-170-thread-1] INFO  segmented.SegmentedRaftLogWorker (SegmentedRaftLogWorker.java:<init>(172)) - new eea39f38-c3f6-433c-b3e8-04d870fd166b-SegmentedRaftLogWorker:Storage Directory /workdir/hadoop-ozone/integration-test/target/test-dir/MiniOzoneClusterImpl-d93be911-e5ce-4644-bc64-a6ecf0977318/datanode-2/data/ratis/6e078b3b-3b35-4734-bb86-1b9887c85370 for RaftStorage:Storage Directory /workdir/hadoop-ozone/integration-test/target/test-dir/MiniOzoneClusterImpl-d93be911-e5ce-4644-bc64-a6ecf0977318/datanode-2/data/ratis/6e078b3b-3b35-4734-bb86-1b9887c85370
2019-08-21 20:57:28,965 [pool-170-thread-1] INFO  server.RaftServerConfigKeys (ConfUtils.java:logGet(43)) - raft.server.log.queue.byte-limit = 2147483647 (custom)
2019-08-21 20:57:28,966 [pool-170-thread-1] INFO  server.RaftServerConfigKeys (ConfUtils.java:logGet(43)) - raft.server.log.queue.element-limit = 1024 (custom)
2019-08-21 20:57:28,966 [pool-170-thread-1] INFO  server.RaftServerConfigKeys (ConfUtils.java:logGet(43)) - raft.server.log.segment.size.max = 1048576 (custom)
2019-08-21 20:57:28,966 [pool-170-thread-1] INFO  server.RaftServerConfigKeys (ConfUtils.java:logGet(43)) - raft.server.log.preallocated.size = 16384 (custom)
2019-08-21 20:57:28,966 [pool-170-thread-1] INFO  server.RaftServerConfigKeys (ConfUtils.java:logGet(43)) - raft.server.log.write.buffer.size = 33554432 (custom)
2019-08-21 20:57:28,966 [pool-170-thread-1] INFO  server.RaftServerConfigKeys (ConfUtils.java:logGet(43)) - raft.server.log.force.sync.num = 128 (default)
2019-08-21 20:57:28,966 [pool-170-thread-1] INFO  server.RaftServerConfigKeys (ConfUtils.java:logGet(43)) - raft.server.log.statemachine.data.sync = true (default)
2019-08-21 20:57:28,967 [pool-170-thread-1] INFO  server.RaftServerConfigKeys (ConfUtils.java:logGet(43)) - raft.server.log.statemachine.data.sync.timeout = 10s (default)
2019-08-21 20:57:28,967 [pool-170-thread-1] INFO  server.RaftServerConfigKeys (ConfUtils.java:logGet(43)) - raft.server.log.statemachine.data.sync.timeout.retry = -1 (default)
2019-08-21 20:57:28,967 [pool-170-thread-1] INFO  server.RaftServerConfigKeys (ConfUtils.java:logGet(43)) - raft.server.log.statemachine.data.caching.enabled = true (custom)
2019-08-21 20:57:28,967 [pool-170-thread-1] INFO  segmented.SegmentedRaftLogWorker (SegmentedRaftLogWorker.java:lambda$new$0(132)) - eea39f38-c3f6-433c-b3e8-04d870fd166b-SegmentedRaftLogWorker:Storage Directory /workdir/hadoop-ozone/integration-test/target/test-dir/MiniOzoneClusterImpl-d93be911-e5ce-4644-bc64-a6ecf0977318/datanode-2/data/ratis/6e078b3b-3b35-4734-bb86-1b9887c85370: flushIndex: setUnconditionally 0 -> -1
2019-08-21 20:57:28,968 [pool-170-thread-1] INFO  server.RaftServerConfigKeys (ConfUtils.java:logGet(43)) - raft.server.snapshot.auto.trigger.enabled = true (custom)
2019-08-21 20:57:28,968 [pool-170-thread-1] INFO  server.RaftServerConfigKeys (ConfUtils.java:logGet(43)) - raft.server.snapshot.auto.trigger.threshold = 10000 (custom)
2019-08-21 20:57:28,968 [pool-170-thread-1] INFO  server.RaftServerConfigKeys (ConfUtils.java:logGet(43)) - raft.server.retrycache.expirytime = 600000ms (custom)
2019-08-21 20:57:28,968 [pool-170-thread-1] INFO  impl.RaftServerImpl (RaftServerImpl.java:start(180)) - eea39f38-c3f6-433c-b3e8-04d870fd166b: start group-1B9887C85370
2019-08-21 20:57:28,968 [pool-170-thread-1] INFO  impl.RaftServerImpl (RaftServerImpl.java:setRole(171)) - eea39f38-c3f6-433c-b3e8-04d870fd166b:group-1B9887C85370 changes role from null to FOLLOWER at term 0 for startAsFollower
2019-08-21 20:57:28,968 [pool-170-thread-1] INFO  impl.RoleInfo (RoleInfo.java:updateAndGet(143)) - eea39f38-c3f6-433c-b3e8-04d870fd166b: start FollowerState
2019-08-21 20:57:28,969 [pool-170-thread-1] INFO  util.JmxRegister (JmxRegister.java:tryRegister(44)) - Successfully registered JMX Bean with object name Ratis:service=RaftServer,group=group-1B9887C85370,id=eea39f38-c3f6-433c-b3e8-04d870fd166b
2019-08-21 20:57:28,975 [RatisPipelineUtilsThread] INFO  pipeline.PipelineStateManager (PipelineStateManager.java:addPipeline(56)) - Created pipeline Pipeline[ Id: 6e078b3b-3b35-4734-bb86-1b9887c85370, Nodes: eea39f38-c3f6-433c-b3e8-04d870fd166b{ip: 192.168.5.165, host: pr-hdds-1347-9b9ps-3331872021, networkLocation: /default-rack, certSerialId: null}, Type:RATIS, Factor:ONE, State:OPEN]
2019-08-21 20:57:28,987 [grpc-default-executor-2] INFO  impl.RaftServerProxy (RaftServerProxy.java:addNew(89)) - eea39f38-c3f6-433c-b3e8-04d870fd166b: addNew group-6CE3E5F5F715:[a012690b-0000-4e4f-94e2-81cdbc8d1e43:192.168.5.165:41338, eea39f38-c3f6-433c-b3e8-04d870fd166b:192.168.5.165:43414, b625f10f-96c1-4aa8-a736-6a0ae2c5cd47:192.168.5.165:35979] returns group-6CE3E5F5F715:java.util.concurrent.CompletableFuture@4736d790[Not completed]
2019-08-21 20:57:28,987 [grpc-default-executor-1] INFO  impl.RaftServerProxy (RaftServerProxy.java:addNew(89)) - a012690b-0000-4e4f-94e2-81cdbc8d1e43: addNew group-6CE3E5F5F715:[a012690b-0000-4e4f-94e2-81cdbc8d1e43:192.168.5.165:41338, eea39f38-c3f6-433c-b3e8-04d870fd166b:192.168.5.165:43414, b625f10f-96c1-4aa8-a736-6a0ae2c5cd47:192.168.5.165:35979] returns group-6CE3E5F5F715:java.util.concurrent.CompletableFuture@5ee6d717[Not completed]
2019-08-21 20:57:28,988 [pool-170-thread-1] INFO  impl.RaftServerImpl (RaftServerImpl.java:<init>(93)) - eea39f38-c3f6-433c-b3e8-04d870fd166b: new RaftServerImpl for group-6CE3E5F5F715:[a012690b-0000-4e4f-94e2-81cdbc8d1e43:192.168.5.165:41338, eea39f38-c3f6-433c-b3e8-04d870fd166b:192.168.5.165:43414, b625f10f-96c1-4aa8-a736-6a0ae2c5cd47:192.168.5.165:35979] with ContainerStateMachine:uninitialized
2019-08-21 20:57:28,989 [pool-170-thread-1] INFO  server.RaftServerConfigKeys (ConfUtils.java:logGet(43)) - raft.server.rpc.timeout.min = 5s (custom)
2019-08-21 20:57:28,989 [pool-170-thread-1] INFO  server.RaftServerConfigKeys (ConfUtils.java:logGet(43)) - raft.server.rpc.timeout.max = 5200ms (custom)
2019-08-21 20:57:28,989 [pool-170-thread-1] INFO  server.RaftServerConfigKeys (ConfUtils.java:logGet(43)) - raft.server.rpcslowness.timeout = 120s (custom)
2019-08-21 20:57:28,989 [grpc-default-executor-1] INFO  impl.RaftServerProxy (RaftServerProxy.java:addNew(89)) - b625f10f-96c1-4aa8-a736-6a0ae2c5cd47: addNew group-6CE3E5F5F715:[a012690b-0000-4e4f-94e2-81cdbc8d1e43:192.168.5.165:41338, eea39f38-c3f6-433c-b3e8-04d870fd166b:192.168.5.165:43414, b625f10f-96c1-4aa8-a736-6a0ae2c5cd47:192.168.5.165:35979] returns group-6CE3E5F5F715:java.util.concurrent.CompletableFuture@1be442af[Not completed]
2019-08-21 20:57:28,989 [pool-170-thread-1] INFO  server.RaftServerConfigKeys (ConfUtils.java:logGet(43)) - raft.server.sleep.deviation.threshold = 300 (default)
2019-08-21 20:57:28,990 [pool-170-thread-1] INFO  server.RaftServerConfigKeys (ConfUtils.java:logGet(43)) - raft.server.log.appender.install.snapshot.enabled = false (custom)
2019-08-21 20:57:28,990 [pool-159-thread-1] INFO  impl.RaftServerImpl (RaftServerImpl.java:<init>(93)) - a012690b-0000-4e4f-94e2-81cdbc8d1e43: new RaftServerImpl for group-6CE3E5F5F715:[a012690b-0000-4e4f-94e2-81cdbc8d1e43:192.168.5.165:41338, eea39f38-c3f6-433c-b3e8-04d870fd166b:192.168.5.165:43414, b625f10f-96c1-4aa8-a736-6a0ae2c5cd47:192.168.5.165:35979] with ContainerStateMachine:uninitialized
2019-08-21 20:57:28,990 [pool-170-thread-1] INFO  impl.RaftServerImpl (ServerState.java:<init>(105)) - eea39f38-c3f6-433c-b3e8-04d870fd166b:group-6CE3E5F5F715 ConfigurationManager, init=-1: [a012690b-0000-4e4f-94e2-81cdbc8d1e43:192.168.5.165:41338, eea39f38-c3f6-433c-b3e8-04d870fd166b:192.168.5.165:43414, b625f10f-96c1-4aa8-a736-6a0ae2c5cd47:192.168.5.165:35979], old=null, confs=<EMPTY_MAP>
2019-08-21 20:57:28,990 [pool-159-thread-1] INFO  server.RaftServerConfigKeys (ConfUtils.java:logGet(43)) - raft.server.rpc.timeout.min = 5s (custom)
2019-08-21 20:57:28,990 [pool-170-thread-1] INFO  server.RaftServerConfigKeys (ConfUtils.java:logGet(43)) - raft.server.storage.dir = [/workdir/hadoop-ozone/integration-test/target/test-dir/MiniOzoneClusterImpl-d93be911-e5ce-4644-bc64-a6ecf0977318/datanode-2/data/ratis] (custom)
2019-08-21 20:57:28,990 [pool-159-thread-1] INFO  server.RaftServerConfigKeys (ConfUtils.java:logGet(43)) - raft.server.rpc.timeout.max = 5200ms (custom)
2019-08-21 20:57:28,990 [pool-148-thread-1] INFO  impl.RaftServerImpl (RaftServerImpl.java:<init>(93)) - b625f10f-96c1-4aa8-a736-6a0ae2c5cd47: new RaftServerImpl for group-6CE3E5F5F715:[a012690b-0000-4e4f-94e2-81cdbc8d1e43:192.168.5.165:41338, eea39f38-c3f6-433c-b3e8-04d870fd166b:192.168.5.165:43414, b625f10f-96c1-4aa8-a736-6a0ae2c5cd47:192.168.5.165:35979] with ContainerStateMachine:uninitialized
2019-08-21 20:57:28,991 [pool-159-thread-1] INFO  server.RaftServerConfigKeys (ConfUtils.java:logGet(43)) - raft.server.rpcslowness.timeout = 120s (custom)
2019-08-21 20:57:28,991 [pool-170-thread-1] INFO  storage.RaftStorageDirectory (RaftStorageDirectory.java:analyzeStorage(246)) - The storage directory /workdir/hadoop-ozone/integration-test/target/test-dir/MiniOzoneClusterImpl-d93be911-e5ce-4644-bc64-a6ecf0977318/datanode-2/data/ratis/346087e6-e7b0-48bd-8226-6ce3e5f5f715 does not exist. Creating ...
2019-08-21 20:57:28,991 [pool-159-thread-1] INFO  server.RaftServerConfigKeys (ConfUtils.java:logGet(43)) - raft.server.sleep.deviation.threshold = 300 (default)
2019-08-21 20:57:28,991 [pool-159-thread-1] INFO  server.RaftServerConfigKeys (ConfUtils.java:logGet(43)) - raft.server.log.appender.install.snapshot.enabled = false (custom)
2019-08-21 20:57:28,991 [pool-148-thread-1] INFO  server.RaftServerConfigKeys (ConfUtils.java:logGet(43)) - raft.server.rpc.timeout.min = 5s (custom)
2019-08-21 20:57:28,992 [pool-159-thread-1] INFO  impl.RaftServerImpl (ServerState.java:<init>(105)) - a012690b-0000-4e4f-94e2-81cdbc8d1e43:group-6CE3E5F5F715 ConfigurationManager, init=-1: [a012690b-0000-4e4f-94e2-81cdbc8d1e43:192.168.5.165:41338, eea39f38-c3f6-433c-b3e8-04d870fd166b:192.168.5.165:43414, b625f10f-96c1-4aa8-a736-6a0ae2c5cd47:192.168.5.165:35979], old=null, confs=<EMPTY_MAP>
2019-08-21 20:57:28,992 [pool-148-thread-1] INFO  server.RaftServerConfigKeys (ConfUtils.java:logGet(43)) - raft.server.rpc.timeout.max = 5200ms (custom)
2019-08-21 20:57:28,992 [pool-159-thread-1] INFO  server.RaftServerConfigKeys (ConfUtils.java:logGet(43)) - raft.server.storage.dir = [/workdir/hadoop-ozone/integration-test/target/test-dir/MiniOzoneClusterImpl-d93be911-e5ce-4644-bc64-a6ecf0977318/datanode-1/data/ratis] (custom)
2019-08-21 20:57:28,992 [pool-148-thread-1] INFO  server.RaftServerConfigKeys (ConfUtils.java:logGet(43)) - raft.server.rpcslowness.timeout = 120s (custom)
2019-08-21 20:57:28,992 [pool-148-thread-1] INFO  server.RaftServerConfigKeys (ConfUtils.java:logGet(43)) - raft.server.sleep.deviation.threshold = 300 (default)
2019-08-21 20:57:28,993 [pool-159-thread-1] INFO  storage.RaftStorageDirectory (RaftStorageDirectory.java:analyzeStorage(246)) - The storage directory /workdir/hadoop-ozone/integration-test/target/test-dir/MiniOzoneClusterImpl-d93be911-e5ce-4644-bc64-a6ecf0977318/datanode-1/data/ratis/346087e6-e7b0-48bd-8226-6ce3e5f5f715 does not exist. Creating ...
2019-08-21 20:57:28,993 [pool-148-thread-1] INFO  server.RaftServerConfigKeys (ConfUtils.java:logGet(43)) - raft.server.log.appender.install.snapshot.enabled = false (custom)
2019-08-21 20:57:28,993 [pool-148-thread-1] INFO  impl.RaftServerImpl (ServerState.java:<init>(105)) - b625f10f-96c1-4aa8-a736-6a0ae2c5cd47:group-6CE3E5F5F715 ConfigurationManager, init=-1: [a012690b-0000-4e4f-94e2-81cdbc8d1e43:192.168.5.165:41338, eea39f38-c3f6-433c-b3e8-04d870fd166b:192.168.5.165:43414, b625f10f-96c1-4aa8-a736-6a0ae2c5cd47:192.168.5.165:35979], old=null, confs=<EMPTY_MAP>
2019-08-21 20:57:28,993 [pool-148-thread-1] INFO  server.RaftServerConfigKeys (ConfUtils.java:logGet(43)) - raft.server.storage.dir = [/workdir/hadoop-ozone/integration-test/target/test-dir/MiniOzoneClusterImpl-d93be911-e5ce-4644-bc64-a6ecf0977318/datanode-0/data/ratis] (custom)
2019-08-21 20:57:28,994 [pool-148-thread-1] INFO  storage.RaftStorageDirectory (RaftStorageDirectory.java:analyzeStorage(246)) - The storage directory /workdir/hadoop-ozone/integration-test/target/test-dir/MiniOzoneClusterImpl-d93be911-e5ce-4644-bc64-a6ecf0977318/datanode-0/data/ratis/346087e6-e7b0-48bd-8226-6ce3e5f5f715 does not exist. Creating ...
2019-08-21 20:57:29,016 [pool-159-thread-1] INFO  storage.RaftStorageDirectory (RaftStorageDirectory.java:tryLock(328)) - Lock on /workdir/hadoop-ozone/integration-test/target/test-dir/MiniOzoneClusterImpl-d93be911-e5ce-4644-bc64-a6ecf0977318/datanode-1/data/ratis/346087e6-e7b0-48bd-8226-6ce3e5f5f715/in_use.lock acquired by nodename 21025@pr-hdds-1347-9b9ps-3331872021
2019-08-21 20:57:29,017 [pool-148-thread-1] INFO  storage.RaftStorageDirectory (RaftStorageDirectory.java:tryLock(328)) - Lock on /workdir/hadoop-ozone/integration-test/target/test-dir/MiniOzoneClusterImpl-d93be911-e5ce-4644-bc64-a6ecf0977318/datanode-0/data/ratis/346087e6-e7b0-48bd-8226-6ce3e5f5f715/in_use.lock acquired by nodename 21025@pr-hdds-1347-9b9ps-3331872021
2019-08-21 20:57:29,016 [pool-170-thread-1] INFO  storage.RaftStorageDirectory (RaftStorageDirectory.java:tryLock(328)) - Lock on /workdir/hadoop-ozone/integration-test/target/test-dir/MiniOzoneClusterImpl-d93be911-e5ce-4644-bc64-a6ecf0977318/datanode-2/data/ratis/346087e6-e7b0-48bd-8226-6ce3e5f5f715/in_use.lock acquired by nodename 21025@pr-hdds-1347-9b9ps-3331872021
2019-08-21 20:57:29,030 [pool-159-thread-1] INFO  storage.RaftStorage (RaftStorage.java:format(72)) - Storage directory /workdir/hadoop-ozone/integration-test/target/test-dir/MiniOzoneClusterImpl-d93be911-e5ce-4644-bc64-a6ecf0977318/datanode-1/data/ratis/346087e6-e7b0-48bd-8226-6ce3e5f5f715 has been successfully formatted.
2019-08-21 20:57:29,031 [pool-170-thread-1] INFO  storage.RaftStorage (RaftStorage.java:format(72)) - Storage directory /workdir/hadoop-ozone/integration-test/target/test-dir/MiniOzoneClusterImpl-d93be911-e5ce-4644-bc64-a6ecf0977318/datanode-2/data/ratis/346087e6-e7b0-48bd-8226-6ce3e5f5f715 has been successfully formatted.
2019-08-21 20:57:29,031 [pool-148-thread-1] INFO  storage.RaftStorage (RaftStorage.java:format(72)) - Storage directory /workdir/hadoop-ozone/integration-test/target/test-dir/MiniOzoneClusterImpl-d93be911-e5ce-4644-bc64-a6ecf0977318/datanode-0/data/ratis/346087e6-e7b0-48bd-8226-6ce3e5f5f715 has been successfully formatted.
2019-08-21 20:57:29,031 [pool-170-thread-1] INFO  ratis.ContainerStateMachine (ContainerStateMachine.java:loadSnapshot(226)) - group-6CE3E5F5F715: The snapshot info is null. Setting the last applied indexto:(t:0, i:~)
2019-08-21 20:57:29,031 [pool-148-thread-1] INFO  ratis.ContainerStateMachine (ContainerStateMachine.java:loadSnapshot(226)) - group-6CE3E5F5F715: The snapshot info is null. Setting the last applied indexto:(t:0, i:~)
2019-08-21 20:57:29,031 [pool-159-thread-1] INFO  ratis.ContainerStateMachine (ContainerStateMachine.java:loadSnapshot(226)) - group-6CE3E5F5F715: The snapshot info is null. Setting the last applied indexto:(t:0, i:~)
2019-08-21 20:57:29,031 [pool-148-thread-1] INFO  server.RaftServerConfigKeys (ConfUtils.java:logGet(43)) - raft.server.leader.election.timeout = 120s (custom)
2019-08-21 20:57:29,031 [pool-170-thread-1] INFO  server.RaftServerConfigKeys (ConfUtils.java:logGet(43)) - raft.server.leader.election.timeout = 120s (custom)
2019-08-21 20:57:29,032 [pool-148-thread-1] INFO  server.RaftServerConfigKeys (ConfUtils.java:logGet(43)) - raft.server.log.use.memory = false (default)
2019-08-21 20:57:29,032 [pool-159-thread-1] INFO  server.RaftServerConfigKeys (ConfUtils.java:logGet(43)) - raft.server.leader.election.timeout = 120s (custom)
2019-08-21 20:57:29,032 [pool-148-thread-1] INFO  server.RaftServerConfigKeys (ConfUtils.java:logGet(43)) - raft.server.log.purge.gap = 1000000 (custom)
2019-08-21 20:57:29,032 [pool-148-thread-1] INFO  server.RaftServerConfigKeys (ConfUtils.java:logGet(43)) - raft.server.log.appender.buffer.byte-limit = 33554432 (custom)
2019-08-21 20:57:29,032 [pool-170-thread-1] INFO  server.RaftServerConfigKeys (ConfUtils.java:logGet(43)) - raft.server.log.use.memory = false (default)
2019-08-21 20:57:29,033 [pool-148-thread-1] INFO  server.RaftServerConfigKeys (ConfUtils.java:logGet(43)) - raft.server.log.segment.size.max = 1048576 (custom)
2019-08-21 20:57:29,032 [pool-159-thread-1] INFO  server.RaftServerConfigKeys (ConfUtils.java:logGet(43)) - raft.server.log.use.memory = false (default)
2019-08-21 20:57:29,033 [pool-148-thread-1] INFO  server.RaftServerConfigKeys (ConfUtils.java:logGet(43)) - raft.server.log.segment.cache.num.max = 2 (custom)
2019-08-21 20:57:29,033 [pool-170-thread-1] INFO  server.RaftServerConfigKeys (ConfUtils.java:logGet(43)) - raft.server.log.purge.gap = 1000000 (custom)
2019-08-21 20:57:29,033 [pool-148-thread-1] INFO  segmented.SegmentedRaftLogWorker (SegmentedRaftLogWorker.java:<init>(172)) - new b625f10f-96c1-4aa8-a736-6a0ae2c5cd47-SegmentedRaftLogWorker:Storage Directory /workdir/hadoop-ozone/integration-test/target/test-dir/MiniOzoneClusterImpl-d93be911-e5ce-4644-bc64-a6ecf0977318/datanode-0/data/ratis/346087e6-e7b0-48bd-8226-6ce3e5f5f715 for RaftStorage:Storage Directory /workdir/hadoop-ozone/integration-test/target/test-dir/MiniOzoneClusterImpl-d93be911-e5ce-4644-bc64-a6ecf0977318/datanode-0/data/ratis/346087e6-e7b0-48bd-8226-6ce3e5f5f715
2019-08-21 20:57:29,033 [pool-159-thread-1] INFO  server.RaftServerConfigKeys (ConfUtils.java:logGet(43)) - raft.server.log.purge.gap = 1000000 (custom)
2019-08-21 20:57:29,034 [pool-148-thread-1] INFO  server.RaftServerConfigKeys (ConfUtils.java:logGet(43)) - raft.server.log.queue.byte-limit = 2147483647 (custom)
2019-08-21 20:57:29,034 [pool-170-thread-1] INFO  server.RaftServerConfigKeys (ConfUtils.java:logGet(43)) - raft.server.log.appender.buffer.byte-limit = 33554432 (custom)
2019-08-21 20:57:29,034 [pool-148-thread-1] INFO  server.RaftServerConfigKeys (ConfUtils.java:logGet(43)) - raft.server.log.queue.element-limit = 1024 (custom)
2019-08-21 20:57:29,034 [pool-159-thread-1] INFO  server.RaftServerConfigKeys (ConfUtils.java:logGet(43)) - raft.server.log.appender.buffer.byte-limit = 33554432 (custom)
2019-08-21 20:57:29,034 [pool-148-thread-1] INFO  server.RaftServerConfigKeys (ConfUtils.java:logGet(43)) - raft.server.log.segment.size.max = 1048576 (custom)
2019-08-21 20:57:29,034 [pool-170-thread-1] INFO  server.RaftServerConfigKeys (ConfUtils.java:logGet(43)) - raft.server.log.segment.size.max = 1048576 (custom)
2019-08-21 20:57:29,035 [pool-148-thread-1] INFO  server.RaftServerConfigKeys (ConfUtils.java:logGet(43)) - raft.server.log.preallocated.size = 16384 (custom)
2019-08-21 20:57:29,035 [pool-159-thread-1] INFO  server.RaftServerConfigKeys (ConfUtils.java:logGet(43)) - raft.server.log.segment.size.max = 1048576 (custom)
2019-08-21 20:57:29,035 [pool-148-thread-1] INFO  server.RaftServerConfigKeys (ConfUtils.java:logGet(43)) - raft.server.log.write.buffer.size = 33554432 (custom)
2019-08-21 20:57:29,035 [pool-170-thread-1] INFO  server.RaftServerConfigKeys (ConfUtils.java:logGet(43)) - raft.server.log.segment.cache.num.max = 2 (custom)
2019-08-21 20:57:29,036 [pool-148-thread-1] INFO  server.RaftServerConfigKeys (ConfUtils.java:logGet(43)) - raft.server.log.force.sync.num = 128 (default)
2019-08-21 20:57:29,035 [pool-159-thread-1] INFO  server.RaftServerConfigKeys (ConfUtils.java:logGet(43)) - raft.server.log.segment.cache.num.max = 2 (custom)
2019-08-21 20:57:29,036 [pool-148-thread-1] INFO  server.RaftServerConfigKeys (ConfUtils.java:logGet(43)) - raft.server.log.statemachine.data.sync = true (default)
2019-08-21 20:57:29,036 [pool-170-thread-1] INFO  segmented.SegmentedRaftLogWorker (SegmentedRaftLogWorker.java:<init>(172)) - new eea39f38-c3f6-433c-b3e8-04d870fd166b-SegmentedRaftLogWorker:Storage Directory /workdir/hadoop-ozone/integration-test/target/test-dir/MiniOzoneClusterImpl-d93be911-e5ce-4644-bc64-a6ecf0977318/datanode-2/data/ratis/346087e6-e7b0-48bd-8226-6ce3e5f5f715 for RaftStorage:Storage Directory /workdir/hadoop-ozone/integration-test/target/test-dir/MiniOzoneClusterImpl-d93be911-e5ce-4644-bc64-a6ecf0977318/datanode-2/data/ratis/346087e6-e7b0-48bd-8226-6ce3e5f5f715
2019-08-21 20:57:29,037 [pool-148-thread-1] INFO  server.RaftServerConfigKeys (ConfUtils.java:logGet(43)) - raft.server.log.statemachine.data.sync.timeout = 10s (default)
2019-08-21 20:57:29,036 [pool-159-thread-1] INFO  segmented.SegmentedRaftLogWorker (SegmentedRaftLogWorker.java:<init>(172)) - new a012690b-0000-4e4f-94e2-81cdbc8d1e43-SegmentedRaftLogWorker:Storage Directory /workdir/hadoop-ozone/integration-test/target/test-dir/MiniOzoneClusterImpl-d93be911-e5ce-4644-bc64-a6ecf0977318/datanode-1/data/ratis/346087e6-e7b0-48bd-8226-6ce3e5f5f715 for RaftStorage:Storage Directory /workdir/hadoop-ozone/integration-test/target/test-dir/MiniOzoneClusterImpl-d93be911-e5ce-4644-bc64-a6ecf0977318/datanode-1/data/ratis/346087e6-e7b0-48bd-8226-6ce3e5f5f715
2019-08-21 20:57:29,037 [pool-148-thread-1] INFO  server.RaftServerConfigKeys (ConfUtils.java:logGet(43)) - raft.server.log.statemachine.data.sync.timeout.retry = -1 (default)
2019-08-21 20:57:29,037 [pool-170-thread-1] INFO  server.RaftServerConfigKeys (ConfUtils.java:logGet(43)) - raft.server.log.queue.byte-limit = 2147483647 (custom)
2019-08-21 20:57:29,037 [pool-148-thread-1] INFO  server.RaftServerConfigKeys (ConfUtils.java:logGet(43)) - raft.server.log.statemachine.data.caching.enabled = true (custom)
2019-08-21 20:57:29,037 [pool-159-thread-1] INFO  server.RaftServerConfigKeys (ConfUtils.java:logGet(43)) - raft.server.log.queue.byte-limit = 2147483647 (custom)
2019-08-21 20:57:29,038 [pool-170-thread-1] INFO  server.RaftServerConfigKeys (ConfUtils.java:logGet(43)) - raft.server.log.queue.element-limit = 1024 (custom)
2019-08-21 20:57:29,038 [pool-159-thread-1] INFO  server.RaftServerConfigKeys (ConfUtils.java:logGet(43)) - raft.server.log.queue.element-limit = 1024 (custom)
2019-08-21 20:57:29,038 [pool-148-thread-1] INFO  segmented.SegmentedRaftLogWorker (SegmentedRaftLogWorker.java:lambda$new$0(132)) - b625f10f-96c1-4aa8-a736-6a0ae2c5cd47-SegmentedRaftLogWorker:Storage Directory /workdir/hadoop-ozone/integration-test/target/test-dir/MiniOzoneClusterImpl-d93be911-e5ce-4644-bc64-a6ecf0977318/datanode-0/data/ratis/346087e6-e7b0-48bd-8226-6ce3e5f5f715: flushIndex: setUnconditionally 0 -> -1
2019-08-21 20:57:29,038 [pool-159-thread-1] INFO  server.RaftServerConfigKeys (ConfUtils.java:logGet(43)) - raft.server.log.segment.size.max = 1048576 (custom)
2019-08-21 20:57:29,038 [pool-170-thread-1] INFO  server.RaftServerConfigKeys (ConfUtils.java:logGet(43)) - raft.server.log.segment.size.max = 1048576 (custom)
2019-08-21 20:57:29,039 [pool-148-thread-1] INFO  server.RaftServerConfigKeys (ConfUtils.java:logGet(43)) - raft.server.snapshot.auto.trigger.enabled = true (custom)
2019-08-21 20:57:29,039 [pool-159-thread-1] INFO  server.RaftServerConfigKeys (ConfUtils.java:logGet(43)) - raft.server.log.preallocated.size = 16384 (custom)
2019-08-21 20:57:29,039 [pool-148-thread-1] INFO  server.RaftServerConfigKeys (ConfUtils.java:logGet(43)) - raft.server.snapshot.auto.trigger.threshold = 10000 (custom)
2019-08-21 20:57:29,039 [pool-170-thread-1] INFO  server.RaftServerConfigKeys (ConfUtils.java:logGet(43)) - raft.server.log.preallocated.size = 16384 (custom)
2019-08-21 20:57:29,040 [pool-148-thread-1] INFO  server.RaftServerConfigKeys (ConfUtils.java:logGet(43)) - raft.server.retrycache.expirytime = 600000ms (custom)
2019-08-21 20:57:29,039 [pool-159-thread-1] INFO  server.RaftServerConfigKeys (ConfUtils.java:logGet(43)) - raft.server.log.write.buffer.size = 33554432 (custom)
2019-08-21 20:57:29,040 [pool-148-thread-1] INFO  impl.RaftServerImpl (RaftServerImpl.java:start(180)) - b625f10f-96c1-4aa8-a736-6a0ae2c5cd47: start group-6CE3E5F5F715
2019-08-21 20:57:29,040 [pool-170-thread-1] INFO  server.RaftServerConfigKeys (ConfUtils.java:logGet(43)) - raft.server.log.write.buffer.size = 33554432 (custom)
2019-08-21 20:57:29,040 [pool-148-thread-1] INFO  impl.RaftServerImpl (RaftServerImpl.java:setRole(171)) - b625f10f-96c1-4aa8-a736-6a0ae2c5cd47:group-6CE3E5F5F715 changes role from null to FOLLOWER at term 0 for startAsFollower
2019-08-21 20:57:29,040 [pool-159-thread-1] INFO  server.RaftServerConfigKeys (ConfUtils.java:logGet(43)) - raft.server.log.force.sync.num = 128 (default)
2019-08-21 20:57:29,041 [pool-148-thread-1] INFO  impl.RoleInfo (RoleInfo.java:updateAndGet(143)) - b625f10f-96c1-4aa8-a736-6a0ae2c5cd47: start FollowerState
2019-08-21 20:57:29,041 [pool-170-thread-1] INFO  server.RaftServerConfigKeys (ConfUtils.java:logGet(43)) - raft.server.log.force.sync.num = 128 (default)
2019-08-21 20:57:29,041 [pool-159-thread-1] INFO  server.RaftServerConfigKeys (ConfUtils.java:logGet(43)) - raft.server.log.statemachine.data.sync = true (default)
2019-08-21 20:57:29,041 [pool-170-thread-1] INFO  server.RaftServerConfigKeys (ConfUtils.java:logGet(43)) - raft.server.log.statemachine.data.sync = true (default)
2019-08-21 20:57:29,042 [pool-159-thread-1] INFO  server.RaftServerConfigKeys (ConfUtils.java:logGet(43)) - raft.server.log.statemachine.data.sync.timeout = 10s (default)
2019-08-21 20:57:29,042 [pool-148-thread-1] INFO  util.JmxRegister (JmxRegister.java:tryRegister(44)) - Successfully registered JMX Bean with object name Ratis:service=RaftServer,group=group-6CE3E5F5F715,id=b625f10f-96c1-4aa8-a736-6a0ae2c5cd47
2019-08-21 20:57:29,042 [pool-159-thread-1] INFO  server.RaftServerConfigKeys (ConfUtils.java:logGet(43)) - raft.server.log.statemachine.data.sync.timeout.retry = -1 (default)
2019-08-21 20:57:29,042 [pool-170-thread-1] INFO  server.RaftServerConfigKeys (ConfUtils.java:logGet(43)) - raft.server.log.statemachine.data.sync.timeout = 10s (default)
2019-08-21 20:57:29,042 [pool-159-thread-1] INFO  server.RaftServerConfigKeys (ConfUtils.java:logGet(43)) - raft.server.log.statemachine.data.caching.enabled = true (custom)
2019-08-21 20:57:29,043 [pool-170-thread-1] INFO  server.RaftServerConfigKeys (ConfUtils.java:logGet(43)) - raft.server.log.statemachine.data.sync.timeout.retry = -1 (default)
2019-08-21 20:57:29,043 [pool-170-thread-1] INFO  server.RaftServerConfigKeys (ConfUtils.java:logGet(43)) - raft.server.log.statemachine.data.caching.enabled = true (custom)
2019-08-21 20:57:29,043 [pool-159-thread-1] INFO  segmented.SegmentedRaftLogWorker (SegmentedRaftLogWorker.java:lambda$new$0(132)) - a012690b-0000-4e4f-94e2-81cdbc8d1e43-SegmentedRaftLogWorker:Storage Directory /workdir/hadoop-ozone/integration-test/target/test-dir/MiniOzoneClusterImpl-d93be911-e5ce-4644-bc64-a6ecf0977318/datanode-1/data/ratis/346087e6-e7b0-48bd-8226-6ce3e5f5f715: flushIndex: setUnconditionally 0 -> -1
2019-08-21 20:57:29,043 [pool-170-thread-1] INFO  segmented.SegmentedRaftLogWorker (SegmentedRaftLogWorker.java:lambda$new$0(132)) - eea39f38-c3f6-433c-b3e8-04d870fd166b-SegmentedRaftLogWorker:Storage Directory /workdir/hadoop-ozone/integration-test/target/test-dir/MiniOzoneClusterImpl-d93be911-e5ce-4644-bc64-a6ecf0977318/datanode-2/data/ratis/346087e6-e7b0-48bd-8226-6ce3e5f5f715: flushIndex: setUnconditionally 0 -> -1
2019-08-21 20:57:29,044 [pool-159-thread-1] INFO  server.RaftServerConfigKeys (ConfUtils.java:logGet(43)) - raft.server.snapshot.auto.trigger.enabled = true (custom)
2019-08-21 20:57:29,045 [pool-159-thread-1] INFO  server.RaftServerConfigKeys (ConfUtils.java:logGet(43)) - raft.server.snapshot.auto.trigger.threshold = 10000 (custom)
2019-08-21 20:57:29,045 [pool-170-thread-1] INFO  server.RaftServerConfigKeys (ConfUtils.java:logGet(43)) - raft.server.snapshot.auto.trigger.enabled = true (custom)
2019-08-21 20:57:29,046 [pool-170-thread-1] INFO  server.RaftServerConfigKeys (ConfUtils.java:logGet(43)) - raft.server.snapshot.auto.trigger.threshold = 10000 (custom)
2019-08-21 20:57:29,046 [pool-159-thread-1] INFO  server.RaftServerConfigKeys (ConfUtils.java:logGet(43)) - raft.server.retrycache.expirytime = 600000ms (custom)
2019-08-21 20:57:29,046 [pool-170-thread-1] INFO  server.RaftServerConfigKeys (ConfUtils.java:logGet(43)) - raft.server.retrycache.expirytime = 600000ms (custom)
2019-08-21 20:57:29,046 [pool-159-thread-1] INFO  impl.RaftServerImpl (RaftServerImpl.java:start(180)) - a012690b-0000-4e4f-94e2-81cdbc8d1e43: start group-6CE3E5F5F715
2019-08-21 20:57:29,046 [pool-170-thread-1] INFO  impl.RaftServerImpl (RaftServerImpl.java:start(180)) - eea39f38-c3f6-433c-b3e8-04d870fd166b: start group-6CE3E5F5F715
2019-08-21 20:57:29,046 [pool-159-thread-1] INFO  impl.RaftServerImpl (RaftServerImpl.java:setRole(171)) - a012690b-0000-4e4f-94e2-81cdbc8d1e43:group-6CE3E5F5F715 changes role from null to FOLLOWER at term 0 for startAsFollower
2019-08-21 20:57:29,047 [pool-170-thread-1] INFO  impl.RaftServerImpl (RaftServerImpl.java:setRole(171)) - eea39f38-c3f6-433c-b3e8-04d870fd166b:group-6CE3E5F5F715 changes role from null to FOLLOWER at term 0 for startAsFollower
2019-08-21 20:57:29,047 [pool-159-thread-1] INFO  impl.RoleInfo (RoleInfo.java:updateAndGet(143)) - a012690b-0000-4e4f-94e2-81cdbc8d1e43: start FollowerState
2019-08-21 20:57:29,047 [pool-170-thread-1] INFO  impl.RoleInfo (RoleInfo.java:updateAndGet(143)) - eea39f38-c3f6-433c-b3e8-04d870fd166b: start FollowerState
2019-08-21 20:57:29,048 [pool-159-thread-1] INFO  util.JmxRegister (JmxRegister.java:tryRegister(44)) - Successfully registered JMX Bean with object name Ratis:service=RaftServer,group=group-6CE3E5F5F715,id=a012690b-0000-4e4f-94e2-81cdbc8d1e43
2019-08-21 20:57:29,048 [pool-170-thread-1] INFO  util.JmxRegister (JmxRegister.java:tryRegister(44)) - Successfully registered JMX Bean with object name Ratis:service=RaftServer,group=group-6CE3E5F5F715,id=eea39f38-c3f6-433c-b3e8-04d870fd166b
2019-08-21 20:57:29,054 [RatisPipelineUtilsThread] INFO  pipeline.PipelineStateManager (PipelineStateManager.java:addPipeline(56)) - Created pipeline Pipeline[ Id: 346087e6-e7b0-48bd-8226-6ce3e5f5f715, Nodes: a012690b-0000-4e4f-94e2-81cdbc8d1e43{ip: 192.168.5.165, host: pr-hdds-1347-9b9ps-3331872021, networkLocation: /default-rack, certSerialId: null}eea39f38-c3f6-433c-b3e8-04d870fd166b{ip: 192.168.5.165, host: pr-hdds-1347-9b9ps-3331872021, networkLocation: /default-rack, certSerialId: null}b625f10f-96c1-4aa8-a736-6a0ae2c5cd47{ip: 192.168.5.165, host: pr-hdds-1347-9b9ps-3331872021, networkLocation: /default-rack, certSerialId: null}, Type:RATIS, Factor:THREE, State:OPEN]
2019-08-21 20:57:29,060 | INFO  | SCMAudit | user=jenkins1000 | ip=192.168.5.165 | op=SEND_HEARTBEAT {datanodeUUID=eea39f38-c3f6-433c-b3e8-04d870fd166b, command=[]} | ret=SUCCESS |  
2019-08-21 20:57:29,187 [Thread-603] INFO  impl.FollowerState (FollowerState.java:run(106)) - eea39f38-c3f6-433c-b3e8-04d870fd166b:group-0B584E06629C changes to CANDIDATE, lastRpcTime:5115, electionTimeout:5115ms
2019-08-21 20:57:29,187 [Thread-603] INFO  impl.RoleInfo (RoleInfo.java:shutdownFollowerState(121)) - eea39f38-c3f6-433c-b3e8-04d870fd166b: shutdown FollowerState
2019-08-21 20:57:29,187 [Thread-603] INFO  impl.RaftServerImpl (RaftServerImpl.java:setRole(171)) - eea39f38-c3f6-433c-b3e8-04d870fd166b:group-0B584E06629C changes role from FOLLOWER to CANDIDATE at term 1 for changeToCandidate
2019-08-21 20:57:29,187 [Thread-603] INFO  impl.RoleInfo (RoleInfo.java:updateAndGet(143)) - eea39f38-c3f6-433c-b3e8-04d870fd166b: start LeaderElection
2019-08-21 20:57:29,216 [eea39f38-c3f6-433c-b3e8-04d870fd166b:group-0B584E06629C:LeaderElection21] INFO  impl.LeaderElection (LeaderElection.java:askForVotes(181)) - eea39f38-c3f6-433c-b3e8-04d870fd166b:group-0B584E06629C:LeaderElection21: begin an election at term 2 for 0: [eea39f38-c3f6-433c-b3e8-04d870fd166b:192.168.5.165:43414], old=null
2019-08-21 20:57:29,216 [eea39f38-c3f6-433c-b3e8-04d870fd166b:group-0B584E06629C:LeaderElection21] INFO  impl.RoleInfo (RoleInfo.java:shutdownLeaderElection(134)) - eea39f38-c3f6-433c-b3e8-04d870fd166b: shutdown LeaderElection
2019-08-21 20:57:29,216 [eea39f38-c3f6-433c-b3e8-04d870fd166b:group-0B584E06629C:LeaderElection21] INFO  impl.RaftServerImpl (RaftServerImpl.java:setRole(171)) - eea39f38-c3f6-433c-b3e8-04d870fd166b:group-0B584E06629C changes role from CANDIDATE to LEADER at term 2 for changeToLeader
2019-08-21 20:57:29,216 [eea39f38-c3f6-433c-b3e8-04d870fd166b:group-0B584E06629C:LeaderElection21] INFO  impl.RaftServerImpl (ServerState.java:setLeader(263)) - eea39f38-c3f6-433c-b3e8-04d870fd166b:group-0B584E06629C change Leader from null to eea39f38-c3f6-433c-b3e8-04d870fd166b at term 2 for becomeLeader, leader elected after 7557ms
2019-08-21 20:57:29,216 [eea39f38-c3f6-433c-b3e8-04d870fd166b:group-0B584E06629C:LeaderElection21] INFO  server.RaftServerConfigKeys (ConfUtils.java:logGet(43)) - raft.server.staging.catchup.gap = 1000 (default)
2019-08-21 20:57:29,217 [eea39f38-c3f6-433c-b3e8-04d870fd166b:group-0B584E06629C:LeaderElection21] INFO  server.RaftServerConfigKeys (ConfUtils.java:logGet(43)) - raft.server.rpc.sleep.time = 25ms (default)
2019-08-21 20:57:29,217 [eea39f38-c3f6-433c-b3e8-04d870fd166b:group-0B584E06629C:LeaderElection21] INFO  server.RaftServerConfigKeys (ConfUtils.java:logGet(43)) - raft.server.write.element-limit = 4096 (default)
2019-08-21 20:57:29,217 [eea39f38-c3f6-433c-b3e8-04d870fd166b:group-0B584E06629C:LeaderElection21] INFO  server.RaftServerConfigKeys (ConfUtils.java:logGet(43)) - raft.server.watch.timeout = 10s (default)
2019-08-21 20:57:29,217 [eea39f38-c3f6-433c-b3e8-04d870fd166b:group-0B584E06629C:LeaderElection21] INFO  server.RaftServerConfigKeys (ConfUtils.java:logGet(43)) - raft.server.watch.timeout.denomination = 1s (default)
2019-08-21 20:57:29,217 [eea39f38-c3f6-433c-b3e8-04d870fd166b:group-0B584E06629C:LeaderElection21] INFO  server.RaftServerConfigKeys (ConfUtils.java:logGet(43)) - raft.server.watch.element-limit = 65536 (default)
2019-08-21 20:57:29,217 [eea39f38-c3f6-433c-b3e8-04d870fd166b:group-0B584E06629C:LeaderElection21] INFO  impl.RoleInfo (RoleInfo.java:updateAndGet(143)) - eea39f38-c3f6-433c-b3e8-04d870fd166b: start LeaderState
2019-08-21 20:57:29,218 [eea39f38-c3f6-433c-b3e8-04d870fd166b:group-0B584E06629C:LeaderElection21] INFO  segmented.SegmentedRaftLogWorker (SegmentedRaftLogWorker.java:rollLogSegment(385)) - eea39f38-c3f6-433c-b3e8-04d870fd166b-SegmentedRaftLogWorker:Storage Directory /workdir/hadoop-ozone/integration-test/target/test-dir/MiniOzoneClusterImpl-d93be911-e5ce-4644-bc64-a6ecf0977318/datanode-2/data/ratis/39180633-8a23-44aa-94be-0b584e06629c: Rolling segment log-0_0 to index:0
2019-08-21 20:57:29,219 [eea39f38-c3f6-433c-b3e8-04d870fd166b:group-0B584E06629C:LeaderElection21] INFO  impl.RaftServerImpl (ServerState.java:setRaftConf(361)) - eea39f38-c3f6-433c-b3e8-04d870fd166b:group-0B584E06629C set configuration 1: [eea39f38-c3f6-433c-b3e8-04d870fd166b:192.168.5.165:43414], old=null at 1
2019-08-21 20:57:29,219 [eea39f38-c3f6-433c-b3e8-04d870fd166b-SegmentedRaftLogWorker:Storage Directory /workdir/hadoop-ozone/integration-test/target/test-dir/MiniOzoneClusterImpl-d93be911-e5ce-4644-bc64-a6ecf0977318/datanode-2/data/ratis/39180633-8a23-44aa-94be-0b584e06629c] INFO  segmented.SegmentedRaftLogWorker (SegmentedRaftLogWorker.java:execute(526)) - eea39f38-c3f6-433c-b3e8-04d870fd166b-SegmentedRaftLogWorker:Storage Directory /workdir/hadoop-ozone/integration-test/target/test-dir/MiniOzoneClusterImpl-d93be911-e5ce-4644-bc64-a6ecf0977318/datanode-2/data/ratis/39180633-8a23-44aa-94be-0b584e06629c: Rolled log segment from /workdir/hadoop-ozone/integration-test/target/test-dir/MiniOzoneClusterImpl-d93be911-e5ce-4644-bc64-a6ecf0977318/datanode-2/data/ratis/39180633-8a23-44aa-94be-0b584e06629c/current/log_inprogress_0 to /workdir/hadoop-ozone/integration-test/target/test-dir/MiniOzoneClusterImpl-d93be911-e5ce-4644-bc64-a6ecf0977318/datanode-2/data/ratis/39180633-8a23-44aa-94be-0b584e06629c/current/log_0-0
2019-08-21 20:57:29,275 [eea39f38-c3f6-433c-b3e8-04d870fd166b-SegmentedRaftLogWorker:Storage Directory /workdir/hadoop-ozone/integration-test/target/test-dir/MiniOzoneClusterImpl-d93be911-e5ce-4644-bc64-a6ecf0977318/datanode-2/data/ratis/39180633-8a23-44aa-94be-0b584e06629c] INFO  segmented.SegmentedRaftLogWorker (SegmentedRaftLogWorker.java:execute(569)) - eea39f38-c3f6-433c-b3e8-04d870fd166b-SegmentedRaftLogWorker:Storage Directory /workdir/hadoop-ozone/integration-test/target/test-dir/MiniOzoneClusterImpl-d93be911-e5ce-4644-bc64-a6ecf0977318/datanode-2/data/ratis/39180633-8a23-44aa-94be-0b584e06629c: created new log segment /workdir/hadoop-ozone/integration-test/target/test-dir/MiniOzoneClusterImpl-d93be911-e5ce-4644-bc64-a6ecf0977318/datanode-2/data/ratis/39180633-8a23-44aa-94be-0b584e06629c/current/log_inprogress_1
2019-08-21 20:57:29,331 [Datanode State Machine Thread - 0] INFO  statemachine.DatanodeStateMachine (DatanodeStateMachine.java:lambda$startDaemon$0(350)) - Ozone container server started.
2019-08-21 20:57:29,564 [Datanode State Machine Thread - 0] INFO  statemachine.DatanodeStateMachine (DatanodeStateMachine.java:lambda$startDaemon$0(350)) - Ozone container server started.
2019-08-21 20:57:30,060 | INFO  | SCMAudit | user=jenkins1000 | ip=192.168.5.165 | op=SEND_HEARTBEAT {datanodeUUID=eea39f38-c3f6-433c-b3e8-04d870fd166b, command=[]} | ret=SUCCESS |  
2019-08-21 20:57:31,060 | INFO  | SCMAudit | user=jenkins1000 | ip=192.168.5.165 | op=SEND_HEARTBEAT {datanodeUUID=eea39f38-c3f6-433c-b3e8-04d870fd166b, command=[]} | ret=SUCCESS |  
2019-08-21 20:57:32,060 | INFO  | SCMAudit | user=jenkins1000 | ip=192.168.5.165 | op=SEND_HEARTBEAT {datanodeUUID=eea39f38-c3f6-433c-b3e8-04d870fd166b, command=[]} | ret=SUCCESS |  
2019-08-21 20:57:32,967 [Thread-610] INFO  impl.FollowerState (FollowerState.java:run(106)) - a012690b-0000-4e4f-94e2-81cdbc8d1e43:group-1D2DE2F9D438 changes to CANDIDATE, lastRpcTime:5004, electionTimeout:5004ms
2019-08-21 20:57:32,967 [Thread-610] INFO  impl.RoleInfo (RoleInfo.java:shutdownFollowerState(121)) - a012690b-0000-4e4f-94e2-81cdbc8d1e43: shutdown FollowerState
2019-08-21 20:57:32,967 [Thread-610] INFO  impl.RaftServerImpl (RaftServerImpl.java:setRole(171)) - a012690b-0000-4e4f-94e2-81cdbc8d1e43:group-1D2DE2F9D438 changes role from FOLLOWER to CANDIDATE at term 0 for changeToCandidate
2019-08-21 20:57:32,968 [Thread-610] INFO  impl.RoleInfo (RoleInfo.java:updateAndGet(143)) - a012690b-0000-4e4f-94e2-81cdbc8d1e43: start LeaderElection
2019-08-21 20:57:32,998 [a012690b-0000-4e4f-94e2-81cdbc8d1e43:group-1D2DE2F9D438:LeaderElection22] INFO  impl.LeaderElection (LeaderElection.java:askForVotes(181)) - a012690b-0000-4e4f-94e2-81cdbc8d1e43:group-1D2DE2F9D438:LeaderElection22: begin an election at term 1 for -1: [a012690b-0000-4e4f-94e2-81cdbc8d1e43:192.168.5.165:41338], old=null
2019-08-21 20:57:32,998 [a012690b-0000-4e4f-94e2-81cdbc8d1e43:group-1D2DE2F9D438:LeaderElection22] INFO  impl.RoleInfo (RoleInfo.java:shutdownLeaderElection(134)) - a012690b-0000-4e4f-94e2-81cdbc8d1e43: shutdown LeaderElection
2019-08-21 20:57:32,998 [a012690b-0000-4e4f-94e2-81cdbc8d1e43:group-1D2DE2F9D438:LeaderElection22] INFO  impl.RaftServerImpl (RaftServerImpl.java:setRole(171)) - a012690b-0000-4e4f-94e2-81cdbc8d1e43:group-1D2DE2F9D438 changes role from CANDIDATE to LEADER at term 1 for changeToLeader
2019-08-21 20:57:32,999 [a012690b-0000-4e4f-94e2-81cdbc8d1e43:group-1D2DE2F9D438:LeaderElection22] INFO  impl.RaftServerImpl (ServerState.java:setLeader(263)) - a012690b-0000-4e4f-94e2-81cdbc8d1e43:group-1D2DE2F9D438 change Leader from null to a012690b-0000-4e4f-94e2-81cdbc8d1e43 at term 1 for becomeLeader, leader elected after 5040ms
2019-08-21 20:57:32,999 [a012690b-0000-4e4f-94e2-81cdbc8d1e43:group-1D2DE2F9D438:LeaderElection22] INFO  server.RaftServerConfigKeys (ConfUtils.java:logGet(43)) - raft.server.staging.catchup.gap = 1000 (default)
2019-08-21 20:57:32,999 [a012690b-0000-4e4f-94e2-81cdbc8d1e43:group-1D2DE2F9D438:LeaderElection22] INFO  server.RaftServerConfigKeys (ConfUtils.java:logGet(43)) - raft.server.rpc.sleep.time = 25ms (default)
2019-08-21 20:57:32,999 [a012690b-0000-4e4f-94e2-81cdbc8d1e43:group-1D2DE2F9D438:LeaderElection22] INFO  server.RaftServerConfigKeys (ConfUtils.java:logGet(43)) - raft.server.write.element-limit = 4096 (default)
2019-08-21 20:57:32,999 [a012690b-0000-4e4f-94e2-81cdbc8d1e43:group-1D2DE2F9D438:LeaderElection22] INFO  server.RaftServerConfigKeys (ConfUtils.java:logGet(43)) - raft.server.watch.timeout = 10s (default)
2019-08-21 20:57:33,000 [a012690b-0000-4e4f-94e2-81cdbc8d1e43:group-1D2DE2F9D438:LeaderElection22] INFO  server.RaftServerConfigKeys (ConfUtils.java:logGet(43)) - raft.server.watch.timeout.denomination = 1s (default)
2019-08-21 20:57:33,000 [a012690b-0000-4e4f-94e2-81cdbc8d1e43:group-1D2DE2F9D438:LeaderElection22] INFO  server.RaftServerConfigKeys (ConfUtils.java:logGet(43)) - raft.server.watch.element-limit = 65536 (default)
2019-08-21 20:57:33,000 [a012690b-0000-4e4f-94e2-81cdbc8d1e43:group-1D2DE2F9D438:LeaderElection22] INFO  impl.RoleInfo (RoleInfo.java:updateAndGet(143)) - a012690b-0000-4e4f-94e2-81cdbc8d1e43: start LeaderState
2019-08-21 20:57:33,000 [a012690b-0000-4e4f-94e2-81cdbc8d1e43:group-1D2DE2F9D438:LeaderElection22] INFO  segmented.SegmentedRaftLogWorker (SegmentedRaftLogWorker.java:startLogSegment(380)) - a012690b-0000-4e4f-94e2-81cdbc8d1e43-SegmentedRaftLogWorker:Storage Directory /workdir/hadoop-ozone/integration-test/target/test-dir/MiniOzoneClusterImpl-d93be911-e5ce-4644-bc64-a6ecf0977318/datanode-1/data/ratis/b59d3fae-b685-4898-8e64-1d2de2f9d438: Starting segment from index:0
2019-08-21 20:57:33,001 [a012690b-0000-4e4f-94e2-81cdbc8d1e43:group-1D2DE2F9D438:LeaderElection22] INFO  impl.RaftServerImpl (ServerState.java:setRaftConf(361)) - a012690b-0000-4e4f-94e2-81cdbc8d1e43:group-1D2DE2F9D438 set configuration 0: [a012690b-0000-4e4f-94e2-81cdbc8d1e43:192.168.5.165:41338], old=null at 0
2019-08-21 20:57:33,059 [a012690b-0000-4e4f-94e2-81cdbc8d1e43-SegmentedRaftLogWorker:Storage Directory /workdir/hadoop-ozone/integration-test/target/test-dir/MiniOzoneClusterImpl-d93be911-e5ce-4644-bc64-a6ecf0977318/datanode-1/data/ratis/b59d3fae-b685-4898-8e64-1d2de2f9d438] INFO  segmented.SegmentedRaftLogWorker (SegmentedRaftLogWorker.java:execute(569)) - a012690b-0000-4e4f-94e2-81cdbc8d1e43-SegmentedRaftLogWorker:Storage Directory /workdir/hadoop-ozone/integration-test/target/test-dir/MiniOzoneClusterImpl-d93be911-e5ce-4644-bc64-a6ecf0977318/datanode-1/data/ratis/b59d3fae-b685-4898-8e64-1d2de2f9d438: created new log segment /workdir/hadoop-ozone/integration-test/target/test-dir/MiniOzoneClusterImpl-d93be911-e5ce-4644-bc64-a6ecf0977318/datanode-1/data/ratis/b59d3fae-b685-4898-8e64-1d2de2f9d438/current/log_inprogress_0
2019-08-21 20:57:33,060 [Thread-613] INFO  impl.FollowerState (FollowerState.java:run(106)) - b625f10f-96c1-4aa8-a736-6a0ae2c5cd47:group-CF0159B4AACC changes to CANDIDATE, lastRpcTime:5049, electionTimeout:5049ms
2019-08-21 20:57:33,060 [Thread-613] INFO  impl.RoleInfo (RoleInfo.java:shutdownFollowerState(121)) - b625f10f-96c1-4aa8-a736-6a0ae2c5cd47: shutdown FollowerState
2019-08-21 20:57:33,060 [Thread-613] INFO  impl.RaftServerImpl (RaftServerImpl.java:setRole(171)) - b625f10f-96c1-4aa8-a736-6a0ae2c5cd47:group-CF0159B4AACC changes role from FOLLOWER to CANDIDATE at term 0 for changeToCandidate
2019-08-21 20:57:33,060 [Thread-613] INFO  impl.RoleInfo (RoleInfo.java:updateAndGet(143)) - b625f10f-96c1-4aa8-a736-6a0ae2c5cd47: start LeaderElection
2019-08-21 20:57:33,060 | INFO  | SCMAudit | user=jenkins1000 | ip=192.168.5.165 | op=SEND_HEARTBEAT {datanodeUUID=eea39f38-c3f6-433c-b3e8-04d870fd166b, command=[]} | ret=SUCCESS |  
2019-08-21 20:57:33,072 [b625f10f-96c1-4aa8-a736-6a0ae2c5cd47:group-CF0159B4AACC:LeaderElection23] INFO  impl.LeaderElection (LeaderElection.java:askForVotes(181)) - b625f10f-96c1-4aa8-a736-6a0ae2c5cd47:group-CF0159B4AACC:LeaderElection23: begin an election at term 1 for -1: [b625f10f-96c1-4aa8-a736-6a0ae2c5cd47:192.168.5.165:35979], old=null
2019-08-21 20:57:33,072 [b625f10f-96c1-4aa8-a736-6a0ae2c5cd47:group-CF0159B4AACC:LeaderElection23] INFO  impl.RoleInfo (RoleInfo.java:shutdownLeaderElection(134)) - b625f10f-96c1-4aa8-a736-6a0ae2c5cd47: shutdown LeaderElection
2019-08-21 20:57:33,072 [b625f10f-96c1-4aa8-a736-6a0ae2c5cd47:group-CF0159B4AACC:LeaderElection23] INFO  impl.RaftServerImpl (RaftServerImpl.java:setRole(171)) - b625f10f-96c1-4aa8-a736-6a0ae2c5cd47:group-CF0159B4AACC changes role from CANDIDATE to LEADER at term 1 for changeToLeader
2019-08-21 20:57:33,073 [b625f10f-96c1-4aa8-a736-6a0ae2c5cd47:group-CF0159B4AACC:LeaderElection23] INFO  impl.RaftServerImpl (ServerState.java:setLeader(263)) - b625f10f-96c1-4aa8-a736-6a0ae2c5cd47:group-CF0159B4AACC change Leader from null to b625f10f-96c1-4aa8-a736-6a0ae2c5cd47 at term 1 for becomeLeader, leader elected after 5065ms
2019-08-21 20:57:33,073 [b625f10f-96c1-4aa8-a736-6a0ae2c5cd47:group-CF0159B4AACC:LeaderElection23] INFO  server.RaftServerConfigKeys (ConfUtils.java:logGet(43)) - raft.server.staging.catchup.gap = 1000 (default)
2019-08-21 20:57:33,073 [b625f10f-96c1-4aa8-a736-6a0ae2c5cd47:group-CF0159B4AACC:LeaderElection23] INFO  server.RaftServerConfigKeys (ConfUtils.java:logGet(43)) - raft.server.rpc.sleep.time = 25ms (default)
2019-08-21 20:57:33,073 [b625f10f-96c1-4aa8-a736-6a0ae2c5cd47:group-CF0159B4AACC:LeaderElection23] INFO  server.RaftServerConfigKeys (ConfUtils.java:logGet(43)) - raft.server.write.element-limit = 4096 (default)
2019-08-21 20:57:33,073 [b625f10f-96c1-4aa8-a736-6a0ae2c5cd47:group-CF0159B4AACC:LeaderElection23] INFO  server.RaftServerConfigKeys (ConfUtils.java:logGet(43)) - raft.server.watch.timeout = 10s (default)
2019-08-21 20:57:33,074 [b625f10f-96c1-4aa8-a736-6a0ae2c5cd47:group-CF0159B4AACC:LeaderElection23] INFO  server.RaftServerConfigKeys (ConfUtils.java:logGet(43)) - raft.server.watch.timeout.denomination = 1s (default)
2019-08-21 20:57:33,074 [b625f10f-96c1-4aa8-a736-6a0ae2c5cd47:group-CF0159B4AACC:LeaderElection23] INFO  server.RaftServerConfigKeys (ConfUtils.java:logGet(43)) - raft.server.watch.element-limit = 65536 (default)
2019-08-21 20:57:33,074 [b625f10f-96c1-4aa8-a736-6a0ae2c5cd47:group-CF0159B4AACC:LeaderElection23] INFO  impl.RoleInfo (RoleInfo.java:updateAndGet(143)) - b625f10f-96c1-4aa8-a736-6a0ae2c5cd47: start LeaderState
2019-08-21 20:57:33,074 [b625f10f-96c1-4aa8-a736-6a0ae2c5cd47:group-CF0159B4AACC:LeaderElection23] INFO  segmented.SegmentedRaftLogWorker (SegmentedRaftLogWorker.java:startLogSegment(380)) - b625f10f-96c1-4aa8-a736-6a0ae2c5cd47-SegmentedRaftLogWorker:Storage Directory /workdir/hadoop-ozone/integration-test/target/test-dir/MiniOzoneClusterImpl-d93be911-e5ce-4644-bc64-a6ecf0977318/datanode-0/data/ratis/23a7ea3a-7fc8-4ddd-9c7b-cf0159b4aacc: Starting segment from index:0
2019-08-21 20:57:33,075 [b625f10f-96c1-4aa8-a736-6a0ae2c5cd47:group-CF0159B4AACC:LeaderElection23] INFO  impl.RaftServerImpl (ServerState.java:setRaftConf(361)) - b625f10f-96c1-4aa8-a736-6a0ae2c5cd47:group-CF0159B4AACC set configuration 0: [b625f10f-96c1-4aa8-a736-6a0ae2c5cd47:192.168.5.165:35979], old=null at 0
2019-08-21 20:57:33,124 [b625f10f-96c1-4aa8-a736-6a0ae2c5cd47-SegmentedRaftLogWorker:Storage Directory /workdir/hadoop-ozone/integration-test/target/test-dir/MiniOzoneClusterImpl-d93be911-e5ce-4644-bc64-a6ecf0977318/datanode-0/data/ratis/23a7ea3a-7fc8-4ddd-9c7b-cf0159b4aacc] INFO  segmented.SegmentedRaftLogWorker (SegmentedRaftLogWorker.java:execute(569)) - b625f10f-96c1-4aa8-a736-6a0ae2c5cd47-SegmentedRaftLogWorker:Storage Directory /workdir/hadoop-ozone/integration-test/target/test-dir/MiniOzoneClusterImpl-d93be911-e5ce-4644-bc64-a6ecf0977318/datanode-0/data/ratis/23a7ea3a-7fc8-4ddd-9c7b-cf0159b4aacc: created new log segment /workdir/hadoop-ozone/integration-test/target/test-dir/MiniOzoneClusterImpl-d93be911-e5ce-4644-bc64-a6ecf0977318/datanode-0/data/ratis/23a7ea3a-7fc8-4ddd-9c7b-cf0159b4aacc/current/log_inprogress_0
2019-08-21 20:57:33,628 [main] INFO  ozoneimpl.OzoneContainer (OzoneContainer.java:stop(199)) - Attempting to stop container services.
2019-08-21 20:57:33,628 [ForkJoinPool.commonPool-worker-1] INFO  ozoneimpl.OzoneContainer (OzoneContainer.java:stop(199)) - Attempting to stop container services.
2019-08-21 20:57:33,629 [main] INFO  impl.RaftServerProxy (RaftServerProxy.java:lambda$close$4(314)) - a012690b-0000-4e4f-94e2-81cdbc8d1e43: close
2019-08-21 20:57:33,629 [ForkJoinPool.commonPool-worker-1] INFO  impl.RaftServerProxy (RaftServerProxy.java:lambda$close$4(314)) - b625f10f-96c1-4aa8-a736-6a0ae2c5cd47: close
2019-08-21 20:57:33,629 [main] INFO  impl.RaftServerImpl (RaftServerImpl.java:lambda$shutdown$3(245)) - a012690b-0000-4e4f-94e2-81cdbc8d1e43: shutdown group-95DB22F52BC2
2019-08-21 20:57:33,629 [ForkJoinPool.commonPool-worker-1] INFO  impl.RaftServerImpl (RaftServerImpl.java:lambda$shutdown$3(245)) - b625f10f-96c1-4aa8-a736-6a0ae2c5cd47: shutdown group-CF0159B4AACC
2019-08-21 20:57:33,630 [main] INFO  util.JmxRegister (JmxRegister.java:unregister(73)) - Successfully un-registered JMX Bean with object name Ratis:service=RaftServer,group=group-95DB22F52BC2,id=a012690b-0000-4e4f-94e2-81cdbc8d1e43
2019-08-21 20:57:33,630 [ForkJoinPool.commonPool-worker-1] INFO  util.JmxRegister (JmxRegister.java:unregister(73)) - Successfully un-registered JMX Bean with object name Ratis:service=RaftServer,group=group-CF0159B4AACC,id=b625f10f-96c1-4aa8-a736-6a0ae2c5cd47
2019-08-21 20:57:33,630 [main] INFO  impl.RoleInfo (RoleInfo.java:shutdownLeaderState(104)) - a012690b-0000-4e4f-94e2-81cdbc8d1e43: shutdown LeaderState
2019-08-21 20:57:33,631 [ForkJoinPool.commonPool-worker-1] INFO  impl.RoleInfo (RoleInfo.java:shutdownLeaderState(104)) - b625f10f-96c1-4aa8-a736-6a0ae2c5cd47: shutdown LeaderState
2019-08-21 20:57:33,631 [main] INFO  impl.PendingRequests (PendingRequests.java:sendNotLeaderResponses(202)) - a012690b-0000-4e4f-94e2-81cdbc8d1e43-PendingRequests: sendNotLeaderResponses
2019-08-21 20:57:33,631 [ForkJoinPool.commonPool-worker-1] INFO  impl.PendingRequests (PendingRequests.java:sendNotLeaderResponses(202)) - b625f10f-96c1-4aa8-a736-6a0ae2c5cd47-PendingRequests: sendNotLeaderResponses
2019-08-21 20:57:33,637 [main] INFO  impl.StateMachineUpdater (StateMachineUpdater.java:stopAndJoin(115)) - StateMachineUpdater:a012690b-0000-4e4f-94e2-81cdbc8d1e43:group-95DB22F52BC2: set stopIndex = 2
2019-08-21 20:57:33,638 [main] INFO  impl.RaftServerImpl (ServerState.java:close(394)) - a012690b-0000-4e4f-94e2-81cdbc8d1e43:group-95DB22F52BC2 closes. The last applied log index is 2
2019-08-21 20:57:33,638 [ForkJoinPool.commonPool-worker-1] INFO  impl.StateMachineUpdater (StateMachineUpdater.java:stopAndJoin(115)) - StateMachineUpdater:b625f10f-96c1-4aa8-a736-6a0ae2c5cd47:group-CF0159B4AACC: set stopIndex = 0
2019-08-21 20:57:33,639 [ForkJoinPool.commonPool-worker-1] INFO  impl.RaftServerImpl (ServerState.java:close(394)) - b625f10f-96c1-4aa8-a736-6a0ae2c5cd47:group-CF0159B4AACC closes. The last applied log index is 0
2019-08-21 20:57:33,639 [a012690b-0000-4e4f-94e2-81cdbc8d1e43-SegmentedRaftLogWorker:Storage Directory /workdir/hadoop-ozone/integration-test/target/test-dir/MiniOzoneClusterImpl-d93be911-e5ce-4644-bc64-a6ecf0977318/datanode-1/data/ratis/e4e00cde-618a-4476-bc5b-95db22f52bc2] INFO  segmented.SegmentedRaftLogWorker (SegmentedRaftLogWorker.java:run(313)) - a012690b-0000-4e4f-94e2-81cdbc8d1e43-SegmentedRaftLogWorker:Storage Directory /workdir/hadoop-ozone/integration-test/target/test-dir/MiniOzoneClusterImpl-d93be911-e5ce-4644-bc64-a6ecf0977318/datanode-1/data/ratis/e4e00cde-618a-4476-bc5b-95db22f52bc2 was interrupted, exiting. There are 0 tasks remaining in the queue.
2019-08-21 20:57:33,639 [b625f10f-96c1-4aa8-a736-6a0ae2c5cd47-SegmentedRaftLogWorker:Storage Directory /workdir/hadoop-ozone/integration-test/target/test-dir/MiniOzoneClusterImpl-d93be911-e5ce-4644-bc64-a6ecf0977318/datanode-0/data/ratis/23a7ea3a-7fc8-4ddd-9c7b-cf0159b4aacc] INFO  segmented.SegmentedRaftLogWorker (SegmentedRaftLogWorker.java:run(313)) - b625f10f-96c1-4aa8-a736-6a0ae2c5cd47-SegmentedRaftLogWorker:Storage Directory /workdir/hadoop-ozone/integration-test/target/test-dir/MiniOzoneClusterImpl-d93be911-e5ce-4644-bc64-a6ecf0977318/datanode-0/data/ratis/23a7ea3a-7fc8-4ddd-9c7b-cf0159b4aacc was interrupted, exiting. There are 0 tasks remaining in the queue.
2019-08-21 20:57:33,642 [main] INFO  segmented.SegmentedRaftLogWorker (SegmentedRaftLogWorker.java:close(228)) - a012690b-0000-4e4f-94e2-81cdbc8d1e43-SegmentedRaftLogWorker:Storage Directory /workdir/hadoop-ozone/integration-test/target/test-dir/MiniOzoneClusterImpl-d93be911-e5ce-4644-bc64-a6ecf0977318/datanode-1/data/ratis/e4e00cde-618a-4476-bc5b-95db22f52bc2 close()
2019-08-21 20:57:33,642 [ForkJoinPool.commonPool-worker-1] INFO  segmented.SegmentedRaftLogWorker (SegmentedRaftLogWorker.java:close(228)) - b625f10f-96c1-4aa8-a736-6a0ae2c5cd47-SegmentedRaftLogWorker:Storage Directory /workdir/hadoop-ozone/integration-test/target/test-dir/MiniOzoneClusterImpl-d93be911-e5ce-4644-bc64-a6ecf0977318/datanode-0/data/ratis/23a7ea3a-7fc8-4ddd-9c7b-cf0159b4aacc close()
2019-08-21 20:57:33,645 [main] INFO  impl.RaftServerImpl (RaftServerImpl.java:lambda$shutdown$3(245)) - a012690b-0000-4e4f-94e2-81cdbc8d1e43: shutdown group-1D2DE2F9D438
2019-08-21 20:57:33,647 [ForkJoinPool.commonPool-worker-1] INFO  impl.RaftServerImpl (RaftServerImpl.java:lambda$shutdown$3(245)) - b625f10f-96c1-4aa8-a736-6a0ae2c5cd47: shutdown group-DEEFF3A4C9B5
2019-08-21 20:57:33,648 [main] INFO  util.JmxRegister (JmxRegister.java:unregister(73)) - Successfully un-registered JMX Bean with object name Ratis:service=RaftServer,group=group-1D2DE2F9D438,id=a012690b-0000-4e4f-94e2-81cdbc8d1e43
2019-08-21 20:57:33,649 [main] INFO  impl.RoleInfo (RoleInfo.java:shutdownLeaderState(104)) - a012690b-0000-4e4f-94e2-81cdbc8d1e43: shutdown LeaderState
2019-08-21 20:57:33,648 [ForkJoinPool.commonPool-worker-1] INFO  util.JmxRegister (JmxRegister.java:unregister(73)) - Successfully un-registered JMX Bean with object name Ratis:service=RaftServer,group=group-DEEFF3A4C9B5,id=b625f10f-96c1-4aa8-a736-6a0ae2c5cd47
2019-08-21 20:57:33,649 [main] INFO  impl.PendingRequests (PendingRequests.java:sendNotLeaderResponses(202)) - a012690b-0000-4e4f-94e2-81cdbc8d1e43-PendingRequests: sendNotLeaderResponses
2019-08-21 20:57:33,649 [ForkJoinPool.commonPool-worker-1] INFO  impl.RoleInfo (RoleInfo.java:shutdownLeaderState(104)) - b625f10f-96c1-4aa8-a736-6a0ae2c5cd47: shutdown LeaderState
2019-08-21 20:57:33,650 [main] INFO  impl.StateMachineUpdater (StateMachineUpdater.java:stopAndJoin(115)) - StateMachineUpdater:a012690b-0000-4e4f-94e2-81cdbc8d1e43:group-1D2DE2F9D438: set stopIndex = 0
2019-08-21 20:57:33,650 [ForkJoinPool.commonPool-worker-1] INFO  impl.PendingRequests (PendingRequests.java:sendNotLeaderResponses(202)) - b625f10f-96c1-4aa8-a736-6a0ae2c5cd47-PendingRequests: sendNotLeaderResponses
2019-08-21 20:57:33,650 [main] INFO  impl.RaftServerImpl (ServerState.java:close(394)) - a012690b-0000-4e4f-94e2-81cdbc8d1e43:group-1D2DE2F9D438 closes. The last applied log index is 0
2019-08-21 20:57:33,655 [ForkJoinPool.commonPool-worker-1] INFO  impl.StateMachineUpdater (StateMachineUpdater.java:stopAndJoin(115)) - StateMachineUpdater:b625f10f-96c1-4aa8-a736-6a0ae2c5cd47:group-DEEFF3A4C9B5: set stopIndex = 2
2019-08-21 20:57:33,655 [a012690b-0000-4e4f-94e2-81cdbc8d1e43-SegmentedRaftLogWorker:Storage Directory /workdir/hadoop-ozone/integration-test/target/test-dir/MiniOzoneClusterImpl-d93be911-e5ce-4644-bc64-a6ecf0977318/datanode-1/data/ratis/b59d3fae-b685-4898-8e64-1d2de2f9d438] INFO  segmented.SegmentedRaftLogWorker (SegmentedRaftLogWorker.java:run(313)) - a012690b-0000-4e4f-94e2-81cdbc8d1e43-SegmentedRaftLogWorker:Storage Directory /workdir/hadoop-ozone/integration-test/target/test-dir/MiniOzoneClusterImpl-d93be911-e5ce-4644-bc64-a6ecf0977318/datanode-1/data/ratis/b59d3fae-b685-4898-8e64-1d2de2f9d438 was interrupted, exiting. There are 0 tasks remaining in the queue.
2019-08-21 20:57:33,656 [ForkJoinPool.commonPool-worker-1] INFO  impl.RaftServerImpl (ServerState.java:close(394)) - b625f10f-96c1-4aa8-a736-6a0ae2c5cd47:group-DEEFF3A4C9B5 closes. The last applied log index is 2
2019-08-21 20:57:33,657 [main] INFO  segmented.SegmentedRaftLogWorker (SegmentedRaftLogWorker.java:close(228)) - a012690b-0000-4e4f-94e2-81cdbc8d1e43-SegmentedRaftLogWorker:Storage Directory /workdir/hadoop-ozone/integration-test/target/test-dir/MiniOzoneClusterImpl-d93be911-e5ce-4644-bc64-a6ecf0977318/datanode-1/data/ratis/b59d3fae-b685-4898-8e64-1d2de2f9d438 close()
2019-08-21 20:57:33,657 [b625f10f-96c1-4aa8-a736-6a0ae2c5cd47-SegmentedRaftLogWorker:Storage Directory /workdir/hadoop-ozone/integration-test/target/test-dir/MiniOzoneClusterImpl-d93be911-e5ce-4644-bc64-a6ecf0977318/datanode-0/data/ratis/7843bab9-8e28-4ad6-a0e4-deeff3a4c9b5] INFO  segmented.SegmentedRaftLogWorker (SegmentedRaftLogWorker.java:run(313)) - b625f10f-96c1-4aa8-a736-6a0ae2c5cd47-SegmentedRaftLogWorker:Storage Directory /workdir/hadoop-ozone/integration-test/target/test-dir/MiniOzoneClusterImpl-d93be911-e5ce-4644-bc64-a6ecf0977318/datanode-0/data/ratis/7843bab9-8e28-4ad6-a0e4-deeff3a4c9b5 was interrupted, exiting. There are 0 tasks remaining in the queue.
2019-08-21 20:57:33,660 [main] INFO  impl.RaftServerImpl (RaftServerImpl.java:lambda$shutdown$3(245)) - a012690b-0000-4e4f-94e2-81cdbc8d1e43: shutdown group-6CE3E5F5F715
2019-08-21 20:57:33,661 [ForkJoinPool.commonPool-worker-1] INFO  segmented.SegmentedRaftLogWorker (SegmentedRaftLogWorker.java:close(228)) - b625f10f-96c1-4aa8-a736-6a0ae2c5cd47-SegmentedRaftLogWorker:Storage Directory /workdir/hadoop-ozone/integration-test/target/test-dir/MiniOzoneClusterImpl-d93be911-e5ce-4644-bc64-a6ecf0977318/datanode-0/data/ratis/7843bab9-8e28-4ad6-a0e4-deeff3a4c9b5 close()
2019-08-21 20:57:33,661 [main] INFO  util.JmxRegister (JmxRegister.java:unregister(73)) - Successfully un-registered JMX Bean with object name Ratis:service=RaftServer,group=group-6CE3E5F5F715,id=a012690b-0000-4e4f-94e2-81cdbc8d1e43
2019-08-21 20:57:33,664 [ForkJoinPool.commonPool-worker-1] INFO  impl.RaftServerImpl (RaftServerImpl.java:lambda$shutdown$3(245)) - b625f10f-96c1-4aa8-a736-6a0ae2c5cd47: shutdown group-6CE3E5F5F715
2019-08-21 20:57:33,664 [main] INFO  impl.RoleInfo (RoleInfo.java:shutdownFollowerState(121)) - a012690b-0000-4e4f-94e2-81cdbc8d1e43: shutdown FollowerState
2019-08-21 20:57:33,664 [ForkJoinPool.commonPool-worker-1] INFO  util.JmxRegister (JmxRegister.java:unregister(73)) - Successfully un-registered JMX Bean with object name Ratis:service=RaftServer,group=group-6CE3E5F5F715,id=b625f10f-96c1-4aa8-a736-6a0ae2c5cd47
2019-08-21 20:57:33,665 [Thread-627] INFO  impl.FollowerState (FollowerState.java:run(114)) - a012690b-0000-4e4f-94e2-81cdbc8d1e43: FollowerState was interrupted: java.lang.InterruptedException: sleep interrupted
2019-08-21 20:57:33,665 [main] INFO  impl.StateMachineUpdater (StateMachineUpdater.java:stopAndJoin(115)) - StateMachineUpdater:a012690b-0000-4e4f-94e2-81cdbc8d1e43:group-6CE3E5F5F715: set stopIndex = -1
2019-08-21 20:57:33,665 [ForkJoinPool.commonPool-worker-1] INFO  impl.RoleInfo (RoleInfo.java:shutdownFollowerState(121)) - b625f10f-96c1-4aa8-a736-6a0ae2c5cd47: shutdown FollowerState
2019-08-21 20:57:33,667 [main] INFO  impl.RaftServerImpl (ServerState.java:close(394)) - a012690b-0000-4e4f-94e2-81cdbc8d1e43:group-6CE3E5F5F715 closes. The last applied log index is -1
2019-08-21 20:57:33,667 [Thread-623] INFO  impl.FollowerState (FollowerState.java:run(114)) - b625f10f-96c1-4aa8-a736-6a0ae2c5cd47: FollowerState was interrupted: java.lang.InterruptedException: sleep interrupted
2019-08-21 20:57:33,667 [a012690b-0000-4e4f-94e2-81cdbc8d1e43-SegmentedRaftLogWorker:Storage Directory /workdir/hadoop-ozone/integration-test/target/test-dir/MiniOzoneClusterImpl-d93be911-e5ce-4644-bc64-a6ecf0977318/datanode-1/data/ratis/346087e6-e7b0-48bd-8226-6ce3e5f5f715] INFO  segmented.SegmentedRaftLogWorker (SegmentedRaftLogWorker.java:run(313)) - a012690b-0000-4e4f-94e2-81cdbc8d1e43-SegmentedRaftLogWorker:Storage Directory /workdir/hadoop-ozone/integration-test/target/test-dir/MiniOzoneClusterImpl-d93be911-e5ce-4644-bc64-a6ecf0977318/datanode-1/data/ratis/346087e6-e7b0-48bd-8226-6ce3e5f5f715 was interrupted, exiting. There are 0 tasks remaining in the queue.
2019-08-21 20:57:33,667 [ForkJoinPool.commonPool-worker-1] INFO  impl.StateMachineUpdater (StateMachineUpdater.java:stopAndJoin(115)) - StateMachineUpdater:b625f10f-96c1-4aa8-a736-6a0ae2c5cd47:group-6CE3E5F5F715: set stopIndex = -1
2019-08-21 20:57:33,669 [main] INFO  segmented.SegmentedRaftLogWorker (SegmentedRaftLogWorker.java:close(228)) - a012690b-0000-4e4f-94e2-81cdbc8d1e43-SegmentedRaftLogWorker:Storage Directory /workdir/hadoop-ozone/integration-test/target/test-dir/MiniOzoneClusterImpl-d93be911-e5ce-4644-bc64-a6ecf0977318/datanode-1/data/ratis/346087e6-e7b0-48bd-8226-6ce3e5f5f715 close()
2019-08-21 20:57:33,669 [ForkJoinPool.commonPool-worker-1] INFO  impl.RaftServerImpl (ServerState.java:close(394)) - b625f10f-96c1-4aa8-a736-6a0ae2c5cd47:group-6CE3E5F5F715 closes. The last applied log index is -1
2019-08-21 20:57:33,671 [main] INFO  server.GrpcService (GrpcService.java:closeImpl(155)) - a012690b-0000-4e4f-94e2-81cdbc8d1e43: shutdown server with port 41338 now
2019-08-21 20:57:33,672 [b625f10f-96c1-4aa8-a736-6a0ae2c5cd47-SegmentedRaftLogWorker:Storage Directory /workdir/hadoop-ozone/integration-test/target/test-dir/MiniOzoneClusterImpl-d93be911-e5ce-4644-bc64-a6ecf0977318/datanode-0/data/ratis/346087e6-e7b0-48bd-8226-6ce3e5f5f715] INFO  segmented.SegmentedRaftLogWorker (SegmentedRaftLogWorker.java:run(313)) - b625f10f-96c1-4aa8-a736-6a0ae2c5cd47-SegmentedRaftLogWorker:Storage Directory /workdir/hadoop-ozone/integration-test/target/test-dir/MiniOzoneClusterImpl-d93be911-e5ce-4644-bc64-a6ecf0977318/datanode-0/data/ratis/346087e6-e7b0-48bd-8226-6ce3e5f5f715 was interrupted, exiting. There are 0 tasks remaining in the queue.
2019-08-21 20:57:33,672 [ForkJoinPool.commonPool-worker-1] INFO  segmented.SegmentedRaftLogWorker (SegmentedRaftLogWorker.java:close(228)) - b625f10f-96c1-4aa8-a736-6a0ae2c5cd47-SegmentedRaftLogWorker:Storage Directory /workdir/hadoop-ozone/integration-test/target/test-dir/MiniOzoneClusterImpl-d93be911-e5ce-4644-bc64-a6ecf0977318/datanode-0/data/ratis/346087e6-e7b0-48bd-8226-6ce3e5f5f715 close()
2019-08-21 20:57:33,672 [main] INFO  server.GrpcService (GrpcService.java:closeImpl(163)) - a012690b-0000-4e4f-94e2-81cdbc8d1e43: shutdown server with port 41338 successfully
2019-08-21 20:57:33,674 [ForkJoinPool.commonPool-worker-1] INFO  server.GrpcService (GrpcService.java:closeImpl(155)) - b625f10f-96c1-4aa8-a736-6a0ae2c5cd47: shutdown server with port 35979 now
2019-08-21 20:57:33,677 [ForkJoinPool.commonPool-worker-1] INFO  server.GrpcService (GrpcService.java:closeImpl(163)) - b625f10f-96c1-4aa8-a736-6a0ae2c5cd47: shutdown server with port 35979 successfully
2019-08-21 20:57:33,677 [main] INFO  utils.BackgroundService (BackgroundService.java:shutdown(148)) - Shutting down service BlockDeletingService
2019-08-21 20:57:33,678 [ForkJoinPool.commonPool-worker-1] INFO  utils.BackgroundService (BackgroundService.java:shutdown(148)) - Shutting down service BlockDeletingService
2019-08-21 20:57:33,681 [refreshUsed-/workdir/hadoop-ozone/integration-test/target/test-dir/MiniOzoneClusterImpl-d93be911-e5ce-4644-bc64-a6ecf0977318/datanode-1/data/containers] WARN  fs.CachingGetSpaceUsed (CachingGetSpaceUsed.java:run(183)) - Thread Interrupted waiting to refresh disk information: sleep interrupted
2019-08-21 20:57:33,682 [refreshUsed-/workdir/hadoop-ozone/integration-test/target/test-dir/MiniOzoneClusterImpl-d93be911-e5ce-4644-bc64-a6ecf0977318/datanode-0/data/containers] WARN  fs.CachingGetSpaceUsed (CachingGetSpaceUsed.java:run(183)) - Thread Interrupted waiting to refresh disk information: sleep interrupted
2019-08-21 20:57:33,696 [ForkJoinPool.commonPool-worker-1] INFO  statemachine.DatanodeStateMachine (DatanodeStateMachine.java:stopDaemon(395)) - Ozone container server stopped.
2019-08-21 20:57:33,700 [ForkJoinPool.commonPool-worker-1] INFO  handler.ContextHandler (ContextHandler.java:doStop(910)) - Stopped o.e.j.w.WebAppContext@1abdd44a{/,null,UNAVAILABLE}{/hddsDatanode}
2019-08-21 20:57:33,701 [ForkJoinPool.commonPool-worker-1] INFO  server.AbstractConnector (AbstractConnector.java:doStop(318)) - Stopped ServerConnector@39cdbe20{HTTP/1.1,[http/1.1]}{0.0.0.0:33359}
2019-08-21 20:57:33,702 [ForkJoinPool.commonPool-worker-1] INFO  handler.ContextHandler (ContextHandler.java:doStop(910)) - Stopped o.e.j.s.ServletContextHandler@33c3190b{/static,jar:file:/home/user/.m2/repository/org/apache/hadoop/hadoop-hdds-container-service/0.5.0-SNAPSHOT/hadoop-hdds-container-service-0.5.0-SNAPSHOT.jar!/webapps/static,UNAVAILABLE}
2019-08-21 20:57:33,703 [ForkJoinPool.commonPool-worker-1] INFO  handler.ContextHandler (ContextHandler.java:doStop(910)) - Stopped o.e.j.s.ServletContextHandler@4d9b7890{/logs,file:///workdir/hadoop-ozone/integration-test/target/log,UNAVAILABLE}
2019-08-21 20:57:33,704 [ForkJoinPool.commonPool-worker-1] INFO  datanode.ObjectStoreHandler (ObjectStoreHandler.java:close(155)) - Closing ObjectStoreHandler.
2019-08-21 20:57:33,704 [ForkJoinPool.commonPool-worker-1] INFO  ozone.HddsDatanodeService (HddsDatanodeService.java:stop(451)) - Stopped plug-in org.apache.hadoop.ozone.web.OzoneHddsDatanodeService@61eaf3ea
2019-08-21 20:57:33,709 [main] INFO  statemachine.DatanodeStateMachine (DatanodeStateMachine.java:stopDaemon(395)) - Ozone container server stopped.
2019-08-21 20:57:33,712 [main] INFO  handler.ContextHandler (ContextHandler.java:doStop(910)) - Stopped o.e.j.w.WebAppContext@58f6ab05{/,null,UNAVAILABLE}{/hddsDatanode}
2019-08-21 20:57:33,713 [main] INFO  server.AbstractConnector (AbstractConnector.java:doStop(318)) - Stopped ServerConnector@350339fb{HTTP/1.1,[http/1.1]}{0.0.0.0:34925}
2019-08-21 20:57:33,714 [main] INFO  handler.ContextHandler (ContextHandler.java:doStop(910)) - Stopped o.e.j.s.ServletContextHandler@3b6fd0c2{/static,jar:file:/home/user/.m2/repository/org/apache/hadoop/hadoop-hdds-container-service/0.5.0-SNAPSHOT/hadoop-hdds-container-service-0.5.0-SNAPSHOT.jar!/webapps/static,UNAVAILABLE}
2019-08-21 20:57:33,715 [main] INFO  handler.ContextHandler (ContextHandler.java:doStop(910)) - Stopped o.e.j.s.ServletContextHandler@75767478{/logs,file:///workdir/hadoop-ozone/integration-test/target/log,UNAVAILABLE}
2019-08-21 20:57:33,914 [EventQueue-StaleNodeForStaleNodeHandler] INFO  node.StaleNodeHandler (StaleNodeHandler.java:onMessage(58)) - Datanode a012690b-0000-4e4f-94e2-81cdbc8d1e43{ip: 192.168.5.165, host: pr-hdds-1347-9b9ps-3331872021, networkLocation: /default-rack, certSerialId: null} moved to stale state. Finalizing its pipelines [PipelineID=e4e00cde-618a-4476-bc5b-95db22f52bc2, PipelineID=b59d3fae-b685-4898-8e64-1d2de2f9d438, PipelineID=346087e6-e7b0-48bd-8226-6ce3e5f5f715]
2019-08-21 20:57:33,915 [EventQueue-StaleNodeForStaleNodeHandler] INFO  pipeline.SCMPipelineManager (SCMPipelineManager.java:finalizeAndDestroyPipeline(309)) - destroying pipeline:Pipeline[ Id: e4e00cde-618a-4476-bc5b-95db22f52bc2, Nodes: a012690b-0000-4e4f-94e2-81cdbc8d1e43{ip: 192.168.5.165, host: pr-hdds-1347-9b9ps-3331872021, networkLocation: /default-rack, certSerialId: null}, Type:RATIS, Factor:ONE, State:CLOSED]
2019-08-21 20:57:33,915 [EventQueue-StaleNodeForStaleNodeHandler] INFO  pipeline.SCMPipelineManager (SCMPipelineManager.java:finalizeAndDestroyPipeline(309)) - destroying pipeline:Pipeline[ Id: b59d3fae-b685-4898-8e64-1d2de2f9d438, Nodes: a012690b-0000-4e4f-94e2-81cdbc8d1e43{ip: 192.168.5.165, host: pr-hdds-1347-9b9ps-3331872021, networkLocation: /default-rack, certSerialId: null}, Type:RATIS, Factor:ONE, State:OPEN]
2019-08-21 20:57:33,916 [EventQueue-StaleNodeForStaleNodeHandler] INFO  pipeline.PipelineStateManager (PipelineStateManager.java:finalizePipeline(123)) - Pipeline Pipeline[ Id: b59d3fae-b685-4898-8e64-1d2de2f9d438, Nodes: a012690b-0000-4e4f-94e2-81cdbc8d1e43{ip: 192.168.5.165, host: pr-hdds-1347-9b9ps-3331872021, networkLocation: /default-rack, certSerialId: null}, Type:RATIS, Factor:ONE, State:CLOSED] moved to CLOSED state
2019-08-21 20:57:33,916 [EventQueue-StaleNodeForStaleNodeHandler] INFO  pipeline.SCMPipelineManager (SCMPipelineManager.java:finalizeAndDestroyPipeline(309)) - destroying pipeline:Pipeline[ Id: 346087e6-e7b0-48bd-8226-6ce3e5f5f715, Nodes: a012690b-0000-4e4f-94e2-81cdbc8d1e43{ip: 192.168.5.165, host: pr-hdds-1347-9b9ps-3331872021, networkLocation: /default-rack, certSerialId: null}eea39f38-c3f6-433c-b3e8-04d870fd166b{ip: 192.168.5.165, host: pr-hdds-1347-9b9ps-3331872021, networkLocation: /default-rack, certSerialId: null}b625f10f-96c1-4aa8-a736-6a0ae2c5cd47{ip: 192.168.5.165, host: pr-hdds-1347-9b9ps-3331872021, networkLocation: /default-rack, certSerialId: null}, Type:RATIS, Factor:THREE, State:OPEN]
2019-08-21 20:57:33,916 [EventQueue-StaleNodeForStaleNodeHandler] INFO  pipeline.PipelineStateManager (PipelineStateManager.java:finalizePipeline(123)) - Pipeline Pipeline[ Id: 346087e6-e7b0-48bd-8226-6ce3e5f5f715, Nodes: a012690b-0000-4e4f-94e2-81cdbc8d1e43{ip: 192.168.5.165, host: pr-hdds-1347-9b9ps-3331872021, networkLocation: /default-rack, certSerialId: null}eea39f38-c3f6-433c-b3e8-04d870fd166b{ip: 192.168.5.165, host: pr-hdds-1347-9b9ps-3331872021, networkLocation: /default-rack, certSerialId: null}b625f10f-96c1-4aa8-a736-6a0ae2c5cd47{ip: 192.168.5.165, host: pr-hdds-1347-9b9ps-3331872021, networkLocation: /default-rack, certSerialId: null}, Type:RATIS, Factor:THREE, State:CLOSED] moved to CLOSED state
2019-08-21 20:57:33,916 [EventQueue-StaleNodeForStaleNodeHandler] INFO  node.StaleNodeHandler (StaleNodeHandler.java:onMessage(58)) - Datanode b625f10f-96c1-4aa8-a736-6a0ae2c5cd47{ip: 192.168.5.165, host: pr-hdds-1347-9b9ps-3331872021, networkLocation: /default-rack, certSerialId: null} moved to stale state. Finalizing its pipelines [PipelineID=23a7ea3a-7fc8-4ddd-9c7b-cf0159b4aacc, PipelineID=7843bab9-8e28-4ad6-a0e4-deeff3a4c9b5, PipelineID=346087e6-e7b0-48bd-8226-6ce3e5f5f715]
2019-08-21 20:57:33,917 [EventQueue-StaleNodeForStaleNodeHandler] INFO  pipeline.SCMPipelineManager (SCMPipelineManager.java:finalizeAndDestroyPipeline(309)) - destroying pipeline:Pipeline[ Id: 23a7ea3a-7fc8-4ddd-9c7b-cf0159b4aacc, Nodes: b625f10f-96c1-4aa8-a736-6a0ae2c5cd47{ip: 192.168.5.165, host: pr-hdds-1347-9b9ps-3331872021, networkLocation: /default-rack, certSerialId: null}, Type:RATIS, Factor:ONE, State:OPEN]
2019-08-21 20:57:33,917 [EventQueue-StaleNodeForStaleNodeHandler] INFO  pipeline.PipelineStateManager (PipelineStateManager.java:finalizePipeline(123)) - Pipeline Pipeline[ Id: 23a7ea3a-7fc8-4ddd-9c7b-cf0159b4aacc, Nodes: b625f10f-96c1-4aa8-a736-6a0ae2c5cd47{ip: 192.168.5.165, host: pr-hdds-1347-9b9ps-3331872021, networkLocation: /default-rack, certSerialId: null}, Type:RATIS, Factor:ONE, State:CLOSED] moved to CLOSED state
2019-08-21 20:57:33,917 [EventQueue-StaleNodeForStaleNodeHandler] INFO  pipeline.SCMPipelineManager (SCMPipelineManager.java:finalizeAndDestroyPipeline(309)) - destroying pipeline:Pipeline[ Id: 7843bab9-8e28-4ad6-a0e4-deeff3a4c9b5, Nodes: b625f10f-96c1-4aa8-a736-6a0ae2c5cd47{ip: 192.168.5.165, host: pr-hdds-1347-9b9ps-3331872021, networkLocation: /default-rack, certSerialId: null}, Type:RATIS, Factor:ONE, State:CLOSED]
2019-08-21 20:57:33,918 [EventQueue-StaleNodeForStaleNodeHandler] INFO  pipeline.SCMPipelineManager (SCMPipelineManager.java:finalizeAndDestroyPipeline(309)) - destroying pipeline:Pipeline[ Id: 346087e6-e7b0-48bd-8226-6ce3e5f5f715, Nodes: a012690b-0000-4e4f-94e2-81cdbc8d1e43{ip: 192.168.5.165, host: pr-hdds-1347-9b9ps-3331872021, networkLocation: /default-rack, certSerialId: null}eea39f38-c3f6-433c-b3e8-04d870fd166b{ip: 192.168.5.165, host: pr-hdds-1347-9b9ps-3331872021, networkLocation: /default-rack, certSerialId: null}b625f10f-96c1-4aa8-a736-6a0ae2c5cd47{ip: 192.168.5.165, host: pr-hdds-1347-9b9ps-3331872021, networkLocation: /default-rack, certSerialId: null}, Type:RATIS, Factor:THREE, State:CLOSED]
2019-08-21 20:57:34,058 [Datanode State Machine Thread - 0] INFO  statemachine.DatanodeStateMachine (DatanodeStateMachine.java:lambda$startDaemon$0(350)) - Ozone container server started.
2019-08-21 20:57:34,132 [Thread-620] INFO  impl.FollowerState (FollowerState.java:run(106)) - eea39f38-c3f6-433c-b3e8-04d870fd166b:group-1B9887C85370 changes to CANDIDATE, lastRpcTime:5163, electionTimeout:5163ms
2019-08-21 20:57:34,132 [Thread-620] INFO  impl.RoleInfo (RoleInfo.java:shutdownFollowerState(121)) - eea39f38-c3f6-433c-b3e8-04d870fd166b: shutdown FollowerState
2019-08-21 20:57:34,133 [Thread-620] INFO  impl.RaftServerImpl (RaftServerImpl.java:setRole(171)) - eea39f38-c3f6-433c-b3e8-04d870fd166b:group-1B9887C85370 changes role from FOLLOWER to CANDIDATE at term 0 for changeToCandidate
2019-08-21 20:57:34,133 [Thread-620] INFO  impl.RoleInfo (RoleInfo.java:updateAndGet(143)) - eea39f38-c3f6-433c-b3e8-04d870fd166b: start LeaderElection
2019-08-21 20:57:34,163 [eea39f38-c3f6-433c-b3e8-04d870fd166b:group-1B9887C85370:LeaderElection24] INFO  impl.LeaderElection (LeaderElection.java:askForVotes(181)) - eea39f38-c3f6-433c-b3e8-04d870fd166b:group-1B9887C85370:LeaderElection24: begin an election at term 1 for -1: [eea39f38-c3f6-433c-b3e8-04d870fd166b:192.168.5.165:43414], old=null
2019-08-21 20:57:34,163 [eea39f38-c3f6-433c-b3e8-04d870fd166b:group-1B9887C85370:LeaderElection24] INFO  impl.RoleInfo (RoleInfo.java:shutdownLeaderElection(134)) - eea39f38-c3f6-433c-b3e8-04d870fd166b: shutdown LeaderElection
2019-08-21 20:57:34,163 [eea39f38-c3f6-433c-b3e8-04d870fd166b:group-1B9887C85370:LeaderElection24] INFO  impl.RaftServerImpl (RaftServerImpl.java:setRole(171)) - eea39f38-c3f6-433c-b3e8-04d870fd166b:group-1B9887C85370 changes role from CANDIDATE to LEADER at term 1 for changeToLeader
2019-08-21 20:57:34,163 [eea39f38-c3f6-433c-b3e8-04d870fd166b:group-1B9887C85370:LeaderElection24] INFO  impl.RaftServerImpl (ServerState.java:setLeader(263)) - eea39f38-c3f6-433c-b3e8-04d870fd166b:group-1B9887C85370 change Leader from null to eea39f38-c3f6-433c-b3e8-04d870fd166b at term 1 for becomeLeader, leader elected after 5199ms
2019-08-21 20:57:34,164 [eea39f38-c3f6-433c-b3e8-04d870fd166b:group-1B9887C85370:LeaderElection24] INFO  server.RaftServerConfigKeys (ConfUtils.java:logGet(43)) - raft.server.staging.catchup.gap = 1000 (default)
2019-08-21 20:57:34,164 [eea39f38-c3f6-433c-b3e8-04d870fd166b:group-1B9887C85370:LeaderElection24] INFO  server.RaftServerConfigKeys (ConfUtils.java:logGet(43)) - raft.server.rpc.sleep.time = 25ms (default)
2019-08-21 20:57:34,164 [eea39f38-c3f6-433c-b3e8-04d870fd166b:group-1B9887C85370:LeaderElection24] INFO  server.RaftServerConfigKeys (ConfUtils.java:logGet(43)) - raft.server.write.element-limit = 4096 (default)
2019-08-21 20:57:34,164 [eea39f38-c3f6-433c-b3e8-04d870fd166b:group-1B9887C85370:LeaderElection24] INFO  server.RaftServerConfigKeys (ConfUtils.java:logGet(43)) - raft.server.watch.timeout = 10s (default)
2019-08-21 20:57:34,164 [eea39f38-c3f6-433c-b3e8-04d870fd166b:group-1B9887C85370:LeaderElection24] INFO  server.RaftServerConfigKeys (ConfUtils.java:logGet(43)) - raft.server.watch.timeout.denomination = 1s (default)
2019-08-21 20:57:34,165 [eea39f38-c3f6-433c-b3e8-04d870fd166b:group-1B9887C85370:LeaderElection24] INFO  server.RaftServerConfigKeys (ConfUtils.java:logGet(43)) - raft.server.watch.element-limit = 65536 (default)
2019-08-21 20:57:34,165 [eea39f38-c3f6-433c-b3e8-04d870fd166b:group-1B9887C85370:LeaderElection24] INFO  impl.RoleInfo (RoleInfo.java:updateAndGet(143)) - eea39f38-c3f6-433c-b3e8-04d870fd166b: start LeaderState
2019-08-21 20:57:34,165 [eea39f38-c3f6-433c-b3e8-04d870fd166b:group-1B9887C85370:LeaderElection24] INFO  segmented.SegmentedRaftLogWorker (SegmentedRaftLogWorker.java:startLogSegment(380)) - eea39f38-c3f6-433c-b3e8-04d870fd166b-SegmentedRaftLogWorker:Storage Directory /workdir/hadoop-ozone/integration-test/target/test-dir/MiniOzoneClusterImpl-d93be911-e5ce-4644-bc64-a6ecf0977318/datanode-2/data/ratis/6e078b3b-3b35-4734-bb86-1b9887c85370: Starting segment from index:0
2019-08-21 20:57:34,166 [eea39f38-c3f6-433c-b3e8-04d870fd166b:group-1B9887C85370:LeaderElection24] INFO  impl.RaftServerImpl (ServerState.java:setRaftConf(361)) - eea39f38-c3f6-433c-b3e8-04d870fd166b:group-1B9887C85370 set configuration 0: [eea39f38-c3f6-433c-b3e8-04d870fd166b:192.168.5.165:43414], old=null at 0
2019-08-21 20:57:34,208 [eea39f38-c3f6-433c-b3e8-04d870fd166b-SegmentedRaftLogWorker:Storage Directory /workdir/hadoop-ozone/integration-test/target/test-dir/MiniOzoneClusterImpl-d93be911-e5ce-4644-bc64-a6ecf0977318/datanode-2/data/ratis/6e078b3b-3b35-4734-bb86-1b9887c85370] INFO  segmented.SegmentedRaftLogWorker (SegmentedRaftLogWorker.java:execute(569)) - eea39f38-c3f6-433c-b3e8-04d870fd166b-SegmentedRaftLogWorker:Storage Directory /workdir/hadoop-ozone/integration-test/target/test-dir/MiniOzoneClusterImpl-d93be911-e5ce-4644-bc64-a6ecf0977318/datanode-2/data/ratis/6e078b3b-3b35-4734-bb86-1b9887c85370: created new log segment /workdir/hadoop-ozone/integration-test/target/test-dir/MiniOzoneClusterImpl-d93be911-e5ce-4644-bc64-a6ecf0977318/datanode-2/data/ratis/6e078b3b-3b35-4734-bb86-1b9887c85370/current/log_inprogress_0
2019-08-21 20:57:34,216 [Thread-628] INFO  impl.FollowerState (FollowerState.java:run(106)) - eea39f38-c3f6-433c-b3e8-04d870fd166b:group-6CE3E5F5F715 changes to CANDIDATE, lastRpcTime:5168, electionTimeout:5168ms
2019-08-21 20:57:34,216 [Thread-628] INFO  impl.RoleInfo (RoleInfo.java:shutdownFollowerState(121)) - eea39f38-c3f6-433c-b3e8-04d870fd166b: shutdown FollowerState
2019-08-21 20:57:34,216 [Thread-628] INFO  impl.RaftServerImpl (RaftServerImpl.java:setRole(171)) - eea39f38-c3f6-433c-b3e8-04d870fd166b:group-6CE3E5F5F715 changes role from FOLLOWER to CANDIDATE at term 0 for changeToCandidate
2019-08-21 20:57:34,216 [Thread-628] INFO  impl.RoleInfo (RoleInfo.java:updateAndGet(143)) - eea39f38-c3f6-433c-b3e8-04d870fd166b: start LeaderElection
2019-08-21 20:57:34,232 [eea39f38-c3f6-433c-b3e8-04d870fd166b:group-6CE3E5F5F715:LeaderElection25] INFO  impl.LeaderElection (LeaderElection.java:askForVotes(181)) - eea39f38-c3f6-433c-b3e8-04d870fd166b:group-6CE3E5F5F715:LeaderElection25: begin an election at term 1 for -1: [a012690b-0000-4e4f-94e2-81cdbc8d1e43:192.168.5.165:41338, eea39f38-c3f6-433c-b3e8-04d870fd166b:192.168.5.165:43414, b625f10f-96c1-4aa8-a736-6a0ae2c5cd47:192.168.5.165:35979], old=null
2019-08-21 20:57:34,237 [eea39f38-c3f6-433c-b3e8-04d870fd166b:group-6CE3E5F5F715:LeaderElection25] INFO  impl.LeaderElection (LogUtils.java:infoOrTrace(149)) - eea39f38-c3f6-433c-b3e8-04d870fd166b:group-6CE3E5F5F715:LeaderElection25 got exception when requesting votes: {}
java.util.concurrent.ExecutionException: org.apache.ratis.thirdparty.io.grpc.StatusRuntimeException: UNAVAILABLE: io exception
	at java.util.concurrent.FutureTask.report(FutureTask.java:122)
	at java.util.concurrent.FutureTask.get(FutureTask.java:192)
	at org.apache.ratis.server.impl.LeaderElection.waitForResults(LeaderElection.java:262)
	at org.apache.ratis.server.impl.LeaderElection.askForVotes(LeaderElection.java:200)
	at org.apache.ratis.server.impl.LeaderElection.run(LeaderElection.java:130)
	at java.lang.Thread.run(Thread.java:748)
Caused by: org.apache.ratis.thirdparty.io.grpc.StatusRuntimeException: UNAVAILABLE: io exception
	at org.apache.ratis.thirdparty.io.grpc.stub.ClientCalls.toStatusRuntimeException(ClientCalls.java:233)
	at org.apache.ratis.thirdparty.io.grpc.stub.ClientCalls.getUnchecked(ClientCalls.java:214)
	at org.apache.ratis.thirdparty.io.grpc.stub.ClientCalls.blockingUnaryCall(ClientCalls.java:139)
	at org.apache.ratis.proto.grpc.RaftServerProtocolServiceGrpc$RaftServerProtocolServiceBlockingStub.requestVote(RaftServerProtocolServiceGrpc.java:265)
	at org.apache.ratis.grpc.server.GrpcServerProtocolClient.requestVote(GrpcServerProtocolClient.java:83)
	at org.apache.ratis.grpc.server.GrpcService.requestVote(GrpcService.java:195)
	at org.apache.ratis.server.impl.LeaderElection.lambda$submitRequests$1(LeaderElection.java:237)
	at java.util.concurrent.FutureTask.run(FutureTask.java:266)
	at java.util.concurrent.Executors$RunnableAdapter.call(Executors.java:511)
	at java.util.concurrent.FutureTask.run(FutureTask.java:266)
	at java.util.concurrent.ThreadPoolExecutor.runWorker(ThreadPoolExecutor.java:1149)
	at java.util.concurrent.ThreadPoolExecutor$Worker.run(ThreadPoolExecutor.java:624)
	... 1 more
Caused by: org.apache.ratis.thirdparty.io.netty.channel.AbstractChannel$AnnotatedConnectException: Connection refused: /192.168.5.165:41338
	at sun.nio.ch.SocketChannelImpl.checkConnect(Native Method)
	at sun.nio.ch.SocketChannelImpl.finishConnect(SocketChannelImpl.java:717)
	at org.apache.ratis.thirdparty.io.netty.channel.socket.nio.NioSocketChannel.doFinishConnect(NioSocketChannel.java:327)
	at org.apache.ratis.thirdparty.io.netty.channel.nio.AbstractNioChannel$AbstractNioUnsafe.finishConnect(AbstractNioChannel.java:340)
	at org.apache.ratis.thirdparty.io.netty.channel.nio.NioEventLoop.processSelectedKey(NioEventLoop.java:632)
	at org.apache.ratis.thirdparty.io.netty.channel.nio.NioEventLoop.processSelectedKeysOptimized(NioEventLoop.java:579)
	at org.apache.ratis.thirdparty.io.netty.channel.nio.NioEventLoop.processSelectedKeys(NioEventLoop.java:496)
	at org.apache.ratis.thirdparty.io.netty.channel.nio.NioEventLoop.run(NioEventLoop.java:458)
	at org.apache.ratis.thirdparty.io.netty.util.concurrent.SingleThreadEventExecutor$5.run(SingleThreadEventExecutor.java:897)
	at org.apache.ratis.thirdparty.io.netty.util.concurrent.FastThreadLocalRunnable.run(FastThreadLocalRunnable.java:30)
	... 1 more
Caused by: java.net.ConnectException: Connection refused
	... 11 more
2019-08-21 20:57:34,238 [eea39f38-c3f6-433c-b3e8-04d870fd166b:group-6CE3E5F5F715:LeaderElection25] INFO  impl.LeaderElection (LogUtils.java:infoOrTrace(149)) - eea39f38-c3f6-433c-b3e8-04d870fd166b:group-6CE3E5F5F715:LeaderElection25 got exception when requesting votes: {}
java.util.concurrent.ExecutionException: org.apache.ratis.thirdparty.io.grpc.StatusRuntimeException: UNAVAILABLE: io exception
	at java.util.concurrent.FutureTask.report(FutureTask.java:122)
	at java.util.concurrent.FutureTask.get(FutureTask.java:192)
	at org.apache.ratis.server.impl.LeaderElection.waitForResults(LeaderElection.java:262)
	at org.apache.ratis.server.impl.LeaderElection.askForVotes(LeaderElection.java:200)
	at org.apache.ratis.server.impl.LeaderElection.run(LeaderElection.java:130)
	at java.lang.Thread.run(Thread.java:748)
Caused by: org.apache.ratis.thirdparty.io.grpc.StatusRuntimeException: UNAVAILABLE: io exception
	at org.apache.ratis.thirdparty.io.grpc.stub.ClientCalls.toStatusRuntimeException(ClientCalls.java:233)
	at org.apache.ratis.thirdparty.io.grpc.stub.ClientCalls.getUnchecked(ClientCalls.java:214)
	at org.apache.ratis.thirdparty.io.grpc.stub.ClientCalls.blockingUnaryCall(ClientCalls.java:139)
	at org.apache.ratis.proto.grpc.RaftServerProtocolServiceGrpc$RaftServerProtocolServiceBlockingStub.requestVote(RaftServerProtocolServiceGrpc.java:265)
	at org.apache.ratis.grpc.server.GrpcServerProtocolClient.requestVote(GrpcServerProtocolClient.java:83)
	at org.apache.ratis.grpc.server.GrpcService.requestVote(GrpcService.java:195)
	at org.apache.ratis.server.impl.LeaderElection.lambda$submitRequests$1(LeaderElection.java:237)
	at java.util.concurrent.FutureTask.run(FutureTask.java:266)
	at java.util.concurrent.Executors$RunnableAdapter.call(Executors.java:511)
	at java.util.concurrent.FutureTask.run(FutureTask.java:266)
	at java.util.concurrent.ThreadPoolExecutor.runWorker(ThreadPoolExecutor.java:1149)
	at java.util.concurrent.ThreadPoolExecutor$Worker.run(ThreadPoolExecutor.java:624)
	... 1 more
Caused by: org.apache.ratis.thirdparty.io.netty.channel.AbstractChannel$AnnotatedConnectException: Connection refused: /192.168.5.165:35979
	at sun.nio.ch.SocketChannelImpl.checkConnect(Native Method)
	at sun.nio.ch.SocketChannelImpl.finishConnect(SocketChannelImpl.java:717)
	at org.apache.ratis.thirdparty.io.netty.channel.socket.nio.NioSocketChannel.doFinishConnect(NioSocketChannel.java:327)
	at org.apache.ratis.thirdparty.io.netty.channel.nio.AbstractNioChannel$AbstractNioUnsafe.finishConnect(AbstractNioChannel.java:340)
	at org.apache.ratis.thirdparty.io.netty.channel.nio.NioEventLoop.processSelectedKey(NioEventLoop.java:632)
	at org.apache.ratis.thirdparty.io.netty.channel.nio.NioEventLoop.processSelectedKeysOptimized(NioEventLoop.java:579)
	at org.apache.ratis.thirdparty.io.netty.channel.nio.NioEventLoop.processSelectedKeys(NioEventLoop.java:496)
	at org.apache.ratis.thirdparty.io.netty.channel.nio.NioEventLoop.run(NioEventLoop.java:458)
	at org.apache.ratis.thirdparty.io.netty.util.concurrent.SingleThreadEventExecutor$5.run(SingleThreadEventExecutor.java:897)
	at org.apache.ratis.thirdparty.io.netty.util.concurrent.FastThreadLocalRunnable.run(FastThreadLocalRunnable.java:30)
	... 1 more
Caused by: java.net.ConnectException: Connection refused
	... 11 more
2019-08-21 20:57:34,239 [eea39f38-c3f6-433c-b3e8-04d870fd166b:group-6CE3E5F5F715:LeaderElection25] INFO  impl.LeaderElection (LeaderElection.java:logAndReturn(56)) - eea39f38-c3f6-433c-b3e8-04d870fd166b:group-6CE3E5F5F715:LeaderElection25: Election REJECTED; received 0 response(s) [] and 2 exception(s); eea39f38-c3f6-433c-b3e8-04d870fd166b:t1, leader=null, voted=eea39f38-c3f6-433c-b3e8-04d870fd166b, raftlog=eea39f38-c3f6-433c-b3e8-04d870fd166b-SegmentedRaftLog:OPENED:c-1,f-1,i0, conf=-1: [a012690b-0000-4e4f-94e2-81cdbc8d1e43:192.168.5.165:41338, eea39f38-c3f6-433c-b3e8-04d870fd166b:192.168.5.165:43414, b625f10f-96c1-4aa8-a736-6a0ae2c5cd47:192.168.5.165:35979], old=null
2019-08-21 20:57:34,239 [eea39f38-c3f6-433c-b3e8-04d870fd166b:group-6CE3E5F5F715:LeaderElection25] INFO  impl.LeaderElection (LogUtils.java:infoOrTrace(149)) -   Exception 0: {}
java.util.concurrent.ExecutionException: org.apache.ratis.thirdparty.io.grpc.StatusRuntimeException: UNAVAILABLE: io exception
	at java.util.concurrent.FutureTask.report(FutureTask.java:122)
	at java.util.concurrent.FutureTask.get(FutureTask.java:192)
	at org.apache.ratis.server.impl.LeaderElection.waitForResults(LeaderElection.java:262)
	at org.apache.ratis.server.impl.LeaderElection.askForVotes(LeaderElection.java:200)
	at org.apache.ratis.server.impl.LeaderElection.run(LeaderElection.java:130)
	at java.lang.Thread.run(Thread.java:748)
Caused by: org.apache.ratis.thirdparty.io.grpc.StatusRuntimeException: UNAVAILABLE: io exception
	at org.apache.ratis.thirdparty.io.grpc.stub.ClientCalls.toStatusRuntimeException(ClientCalls.java:233)
	at org.apache.ratis.thirdparty.io.grpc.stub.ClientCalls.getUnchecked(ClientCalls.java:214)
	at org.apache.ratis.thirdparty.io.grpc.stub.ClientCalls.blockingUnaryCall(ClientCalls.java:139)
	at org.apache.ratis.proto.grpc.RaftServerProtocolServiceGrpc$RaftServerProtocolServiceBlockingStub.requestVote(RaftServerProtocolServiceGrpc.java:265)
	at org.apache.ratis.grpc.server.GrpcServerProtocolClient.requestVote(GrpcServerProtocolClient.java:83)
	at org.apache.ratis.grpc.server.GrpcService.requestVote(GrpcService.java:195)
	at org.apache.ratis.server.impl.LeaderElection.lambda$submitRequests$1(LeaderElection.java:237)
	at java.util.concurrent.FutureTask.run(FutureTask.java:266)
	at java.util.concurrent.Executors$RunnableAdapter.call(Executors.java:511)
	at java.util.concurrent.FutureTask.run(FutureTask.java:266)
	at java.util.concurrent.ThreadPoolExecutor.runWorker(ThreadPoolExecutor.java:1149)
	at java.util.concurrent.ThreadPoolExecutor$Worker.run(ThreadPoolExecutor.java:624)
	... 1 more
Caused by: org.apache.ratis.thirdparty.io.netty.channel.AbstractChannel$AnnotatedConnectException: Connection refused: /192.168.5.165:41338
	at sun.nio.ch.SocketChannelImpl.checkConnect(Native Method)
	at sun.nio.ch.SocketChannelImpl.finishConnect(SocketChannelImpl.java:717)
	at org.apache.ratis.thirdparty.io.netty.channel.socket.nio.NioSocketChannel.doFinishConnect(NioSocketChannel.java:327)
	at org.apache.ratis.thirdparty.io.netty.channel.nio.AbstractNioChannel$AbstractNioUnsafe.finishConnect(AbstractNioChannel.java:340)
	at org.apache.ratis.thirdparty.io.netty.channel.nio.NioEventLoop.processSelectedKey(NioEventLoop.java:632)
	at org.apache.ratis.thirdparty.io.netty.channel.nio.NioEventLoop.processSelectedKeysOptimized(NioEventLoop.java:579)
	at org.apache.ratis.thirdparty.io.netty.channel.nio.NioEventLoop.processSelectedKeys(NioEventLoop.java:496)
	at org.apache.ratis.thirdparty.io.netty.channel.nio.NioEventLoop.run(NioEventLoop.java:458)
	at org.apache.ratis.thirdparty.io.netty.util.concurrent.SingleThreadEventExecutor$5.run(SingleThreadEventExecutor.java:897)
	at org.apache.ratis.thirdparty.io.netty.util.concurrent.FastThreadLocalRunnable.run(FastThreadLocalRunnable.java:30)
	... 1 more
Caused by: java.net.ConnectException: Connection refused
	... 11 more
2019-08-21 20:57:34,239 [eea39f38-c3f6-433c-b3e8-04d870fd166b:group-6CE3E5F5F715:LeaderElection25] INFO  impl.LeaderElection (LogUtils.java:infoOrTrace(149)) -   Exception 1: {}
java.util.concurrent.ExecutionException: org.apache.ratis.thirdparty.io.grpc.StatusRuntimeException: UNAVAILABLE: io exception
	at java.util.concurrent.FutureTask.report(FutureTask.java:122)
	at java.util.concurrent.FutureTask.get(FutureTask.java:192)
	at org.apache.ratis.server.impl.LeaderElection.waitForResults(LeaderElection.java:262)
	at org.apache.ratis.server.impl.LeaderElection.askForVotes(LeaderElection.java:200)
	at org.apache.ratis.server.impl.LeaderElection.run(LeaderElection.java:130)
	at java.lang.Thread.run(Thread.java:748)
Caused by: org.apache.ratis.thirdparty.io.grpc.StatusRuntimeException: UNAVAILABLE: io exception
	at org.apache.ratis.thirdparty.io.grpc.stub.ClientCalls.toStatusRuntimeException(ClientCalls.java:233)
	at org.apache.ratis.thirdparty.io.grpc.stub.ClientCalls.getUnchecked(ClientCalls.java:214)
	at org.apache.ratis.thirdparty.io.grpc.stub.ClientCalls.blockingUnaryCall(ClientCalls.java:139)
	at org.apache.ratis.proto.grpc.RaftServerProtocolServiceGrpc$RaftServerProtocolServiceBlockingStub.requestVote(RaftServerProtocolServiceGrpc.java:265)
	at org.apache.ratis.grpc.server.GrpcServerProtocolClient.requestVote(GrpcServerProtocolClient.java:83)
	at org.apache.ratis.grpc.server.GrpcService.requestVote(GrpcService.java:195)
	at org.apache.ratis.server.impl.LeaderElection.lambda$submitRequests$1(LeaderElection.java:237)
	at java.util.concurrent.FutureTask.run(FutureTask.java:266)
	at java.util.concurrent.Executors$RunnableAdapter.call(Executors.java:511)
	at java.util.concurrent.FutureTask.run(FutureTask.java:266)
	at java.util.concurrent.ThreadPoolExecutor.runWorker(ThreadPoolExecutor.java:1149)
	at java.util.concurrent.ThreadPoolExecutor$Worker.run(ThreadPoolExecutor.java:624)
	... 1 more
Caused by: org.apache.ratis.thirdparty.io.netty.channel.AbstractChannel$AnnotatedConnectException: Connection refused: /192.168.5.165:35979
	at sun.nio.ch.SocketChannelImpl.checkConnect(Native Method)
	at sun.nio.ch.SocketChannelImpl.finishConnect(SocketChannelImpl.java:717)
	at org.apache.ratis.thirdparty.io.netty.channel.socket.nio.NioSocketChannel.doFinishConnect(NioSocketChannel.java:327)
	at org.apache.ratis.thirdparty.io.netty.channel.nio.AbstractNioChannel$AbstractNioUnsafe.finishConnect(AbstractNioChannel.java:340)
	at org.apache.ratis.thirdparty.io.netty.channel.nio.NioEventLoop.processSelectedKey(NioEventLoop.java:632)
	at org.apache.ratis.thirdparty.io.netty.channel.nio.NioEventLoop.processSelectedKeysOptimized(NioEventLoop.java:579)
	at org.apache.ratis.thirdparty.io.netty.channel.nio.NioEventLoop.processSelectedKeys(NioEventLoop.java:496)
	at org.apache.ratis.thirdparty.io.netty.channel.nio.NioEventLoop.run(NioEventLoop.java:458)
	at org.apache.ratis.thirdparty.io.netty.util.concurrent.SingleThreadEventExecutor$5.run(SingleThreadEventExecutor.java:897)
	at org.apache.ratis.thirdparty.io.netty.util.concurrent.FastThreadLocalRunnable.run(FastThreadLocalRunnable.java:30)
	... 1 more
Caused by: java.net.ConnectException: Connection refused
	... 11 more
2019-08-21 20:57:34,239 [eea39f38-c3f6-433c-b3e8-04d870fd166b:group-6CE3E5F5F715:LeaderElection25] INFO  impl.RaftServerImpl (RaftServerImpl.java:setRole(171)) - eea39f38-c3f6-433c-b3e8-04d870fd166b:group-6CE3E5F5F715 changes role from CANDIDATE to FOLLOWER at term 1 for DISCOVERED_A_NEW_TERM
2019-08-21 20:57:34,240 [eea39f38-c3f6-433c-b3e8-04d870fd166b:group-6CE3E5F5F715:LeaderElection25] INFO  impl.RoleInfo (RoleInfo.java:shutdownLeaderElection(134)) - eea39f38-c3f6-433c-b3e8-04d870fd166b: shutdown LeaderElection
2019-08-21 20:57:34,240 [eea39f38-c3f6-433c-b3e8-04d870fd166b:group-6CE3E5F5F715:LeaderElection25] INFO  impl.RoleInfo (RoleInfo.java:updateAndGet(143)) - eea39f38-c3f6-433c-b3e8-04d870fd166b: start FollowerState
2019-08-21 20:57:38,705 [ForkJoinPool.commonPool-worker-1] INFO  ozoneimpl.OzoneContainer (OzoneContainer.java:stop(199)) - Attempting to stop container services.
2019-08-21 20:57:38,706 [ForkJoinPool.commonPool-worker-1] INFO  impl.RaftServerProxy (RaftServerProxy.java:lambda$close$4(314)) - eea39f38-c3f6-433c-b3e8-04d870fd166b: close
2019-08-21 20:57:38,706 [ForkJoinPool.commonPool-worker-1] INFO  impl.RaftServerImpl (RaftServerImpl.java:lambda$shutdown$3(245)) - eea39f38-c3f6-433c-b3e8-04d870fd166b: shutdown group-1B9887C85370
2019-08-21 20:57:38,706 [ForkJoinPool.commonPool-worker-1] INFO  util.JmxRegister (JmxRegister.java:unregister(73)) - Successfully un-registered JMX Bean with object name Ratis:service=RaftServer,group=group-1B9887C85370,id=eea39f38-c3f6-433c-b3e8-04d870fd166b
2019-08-21 20:57:38,707 [ForkJoinPool.commonPool-worker-1] INFO  impl.RoleInfo (RoleInfo.java:shutdownLeaderState(104)) - eea39f38-c3f6-433c-b3e8-04d870fd166b: shutdown LeaderState
2019-08-21 20:57:38,707 [ForkJoinPool.commonPool-worker-1] INFO  impl.PendingRequests (PendingRequests.java:sendNotLeaderResponses(202)) - eea39f38-c3f6-433c-b3e8-04d870fd166b-PendingRequests: sendNotLeaderResponses
2019-08-21 20:57:38,708 [ForkJoinPool.commonPool-worker-1] INFO  impl.StateMachineUpdater (StateMachineUpdater.java:stopAndJoin(115)) - StateMachineUpdater:eea39f38-c3f6-433c-b3e8-04d870fd166b:group-1B9887C85370: set stopIndex = 0
2019-08-21 20:57:38,708 [ForkJoinPool.commonPool-worker-1] INFO  impl.RaftServerImpl (ServerState.java:close(394)) - eea39f38-c3f6-433c-b3e8-04d870fd166b:group-1B9887C85370 closes. The last applied log index is 0
2019-08-21 20:57:38,708 [eea39f38-c3f6-433c-b3e8-04d870fd166b-SegmentedRaftLogWorker:Storage Directory /workdir/hadoop-ozone/integration-test/target/test-dir/MiniOzoneClusterImpl-d93be911-e5ce-4644-bc64-a6ecf0977318/datanode-2/data/ratis/6e078b3b-3b35-4734-bb86-1b9887c85370] INFO  segmented.SegmentedRaftLogWorker (SegmentedRaftLogWorker.java:run(313)) - eea39f38-c3f6-433c-b3e8-04d870fd166b-SegmentedRaftLogWorker:Storage Directory /workdir/hadoop-ozone/integration-test/target/test-dir/MiniOzoneClusterImpl-d93be911-e5ce-4644-bc64-a6ecf0977318/datanode-2/data/ratis/6e078b3b-3b35-4734-bb86-1b9887c85370 was interrupted, exiting. There are 0 tasks remaining in the queue.
2019-08-21 20:57:38,713 [ForkJoinPool.commonPool-worker-1] INFO  segmented.SegmentedRaftLogWorker (SegmentedRaftLogWorker.java:close(228)) - eea39f38-c3f6-433c-b3e8-04d870fd166b-SegmentedRaftLogWorker:Storage Directory /workdir/hadoop-ozone/integration-test/target/test-dir/MiniOzoneClusterImpl-d93be911-e5ce-4644-bc64-a6ecf0977318/datanode-2/data/ratis/6e078b3b-3b35-4734-bb86-1b9887c85370 close()
2019-08-21 20:57:38,714 [ForkJoinPool.commonPool-worker-1] INFO  impl.RaftServerImpl (RaftServerImpl.java:lambda$shutdown$3(245)) - eea39f38-c3f6-433c-b3e8-04d870fd166b: shutdown group-0B584E06629C
2019-08-21 20:57:38,715 [ForkJoinPool.commonPool-worker-1] INFO  util.JmxRegister (JmxRegister.java:unregister(73)) - Successfully un-registered JMX Bean with object name Ratis:service=RaftServer,group=group-0B584E06629C,id=eea39f38-c3f6-433c-b3e8-04d870fd166b
2019-08-21 20:57:38,715 [ForkJoinPool.commonPool-worker-1] INFO  impl.RoleInfo (RoleInfo.java:shutdownLeaderState(104)) - eea39f38-c3f6-433c-b3e8-04d870fd166b: shutdown LeaderState
2019-08-21 20:57:38,715 [ForkJoinPool.commonPool-worker-1] INFO  impl.PendingRequests (PendingRequests.java:sendNotLeaderResponses(202)) - eea39f38-c3f6-433c-b3e8-04d870fd166b-PendingRequests: sendNotLeaderResponses
2019-08-21 20:57:38,719 [ForkJoinPool.commonPool-worker-1] INFO  impl.StateMachineUpdater (StateMachineUpdater.java:stopAndJoin(115)) - StateMachineUpdater:eea39f38-c3f6-433c-b3e8-04d870fd166b:group-0B584E06629C: set stopIndex = 2
2019-08-21 20:57:38,719 [ForkJoinPool.commonPool-worker-1] INFO  impl.RaftServerImpl (ServerState.java:close(394)) - eea39f38-c3f6-433c-b3e8-04d870fd166b:group-0B584E06629C closes. The last applied log index is 2
2019-08-21 20:57:38,720 [eea39f38-c3f6-433c-b3e8-04d870fd166b-SegmentedRaftLogWorker:Storage Directory /workdir/hadoop-ozone/integration-test/target/test-dir/MiniOzoneClusterImpl-d93be911-e5ce-4644-bc64-a6ecf0977318/datanode-2/data/ratis/39180633-8a23-44aa-94be-0b584e06629c] INFO  segmented.SegmentedRaftLogWorker (SegmentedRaftLogWorker.java:run(313)) - eea39f38-c3f6-433c-b3e8-04d870fd166b-SegmentedRaftLogWorker:Storage Directory /workdir/hadoop-ozone/integration-test/target/test-dir/MiniOzoneClusterImpl-d93be911-e5ce-4644-bc64-a6ecf0977318/datanode-2/data/ratis/39180633-8a23-44aa-94be-0b584e06629c was interrupted, exiting. There are 0 tasks remaining in the queue.
2019-08-21 20:57:38,720 [ForkJoinPool.commonPool-worker-1] INFO  segmented.SegmentedRaftLogWorker (SegmentedRaftLogWorker.java:close(228)) - eea39f38-c3f6-433c-b3e8-04d870fd166b-SegmentedRaftLogWorker:Storage Directory /workdir/hadoop-ozone/integration-test/target/test-dir/MiniOzoneClusterImpl-d93be911-e5ce-4644-bc64-a6ecf0977318/datanode-2/data/ratis/39180633-8a23-44aa-94be-0b584e06629c close()
2019-08-21 20:57:38,721 [ForkJoinPool.commonPool-worker-1] INFO  impl.RaftServerImpl (RaftServerImpl.java:lambda$shutdown$3(245)) - eea39f38-c3f6-433c-b3e8-04d870fd166b: shutdown group-6CE3E5F5F715
2019-08-21 20:57:38,722 [ForkJoinPool.commonPool-worker-1] INFO  util.JmxRegister (JmxRegister.java:unregister(73)) - Successfully un-registered JMX Bean with object name Ratis:service=RaftServer,group=group-6CE3E5F5F715,id=eea39f38-c3f6-433c-b3e8-04d870fd166b
2019-08-21 20:57:38,722 [ForkJoinPool.commonPool-worker-1] INFO  impl.RoleInfo (RoleInfo.java:shutdownFollowerState(121)) - eea39f38-c3f6-433c-b3e8-04d870fd166b: shutdown FollowerState
2019-08-21 20:57:38,722 [ForkJoinPool.commonPool-worker-1] INFO  impl.StateMachineUpdater (StateMachineUpdater.java:stopAndJoin(115)) - StateMachineUpdater:eea39f38-c3f6-433c-b3e8-04d870fd166b:group-6CE3E5F5F715: set stopIndex = -1
2019-08-21 20:57:38,722 [Thread-642] INFO  impl.FollowerState (FollowerState.java:run(114)) - eea39f38-c3f6-433c-b3e8-04d870fd166b: FollowerState was interrupted: java.lang.InterruptedException: sleep interrupted
2019-08-21 20:57:38,723 [ForkJoinPool.commonPool-worker-1] INFO  impl.RaftServerImpl (ServerState.java:close(394)) - eea39f38-c3f6-433c-b3e8-04d870fd166b:group-6CE3E5F5F715 closes. The last applied log index is -1
2019-08-21 20:57:38,724 [eea39f38-c3f6-433c-b3e8-04d870fd166b-SegmentedRaftLogWorker:Storage Directory /workdir/hadoop-ozone/integration-test/target/test-dir/MiniOzoneClusterImpl-d93be911-e5ce-4644-bc64-a6ecf0977318/datanode-2/data/ratis/346087e6-e7b0-48bd-8226-6ce3e5f5f715] INFO  segmented.SegmentedRaftLogWorker (SegmentedRaftLogWorker.java:run(313)) - eea39f38-c3f6-433c-b3e8-04d870fd166b-SegmentedRaftLogWorker:Storage Directory /workdir/hadoop-ozone/integration-test/target/test-dir/MiniOzoneClusterImpl-d93be911-e5ce-4644-bc64-a6ecf0977318/datanode-2/data/ratis/346087e6-e7b0-48bd-8226-6ce3e5f5f715 was interrupted, exiting. There are 0 tasks remaining in the queue.
2019-08-21 20:57:38,724 [ForkJoinPool.commonPool-worker-1] INFO  segmented.SegmentedRaftLogWorker (SegmentedRaftLogWorker.java:close(228)) - eea39f38-c3f6-433c-b3e8-04d870fd166b-SegmentedRaftLogWorker:Storage Directory /workdir/hadoop-ozone/integration-test/target/test-dir/MiniOzoneClusterImpl-d93be911-e5ce-4644-bc64-a6ecf0977318/datanode-2/data/ratis/346087e6-e7b0-48bd-8226-6ce3e5f5f715 close()
2019-08-21 20:57:38,725 [ForkJoinPool.commonPool-worker-1] INFO  server.GrpcService (GrpcService.java:closeImpl(155)) - eea39f38-c3f6-433c-b3e8-04d870fd166b: shutdown server with port 43414 now
2019-08-21 20:57:38,729 [ForkJoinPool.commonPool-worker-1] INFO  server.GrpcService (GrpcService.java:closeImpl(163)) - eea39f38-c3f6-433c-b3e8-04d870fd166b: shutdown server with port 43414 successfully
2019-08-21 20:57:38,731 [ForkJoinPool.commonPool-worker-1] INFO  utils.BackgroundService (BackgroundService.java:shutdown(148)) - Shutting down service BlockDeletingService
2019-08-21 20:57:38,735 [refreshUsed-/workdir/hadoop-ozone/integration-test/target/test-dir/MiniOzoneClusterImpl-d93be911-e5ce-4644-bc64-a6ecf0977318/datanode-2/data/containers] WARN  fs.CachingGetSpaceUsed (CachingGetSpaceUsed.java:run(183)) - Thread Interrupted waiting to refresh disk information: sleep interrupted
2019-08-21 20:57:38,752 [ForkJoinPool.commonPool-worker-1] INFO  statemachine.DatanodeStateMachine (DatanodeStateMachine.java:stopDaemon(395)) - Ozone container server stopped.
2019-08-21 20:57:38,766 [ForkJoinPool.commonPool-worker-1] INFO  handler.ContextHandler (ContextHandler.java:doStop(910)) - Stopped o.e.j.w.WebAppContext@797cf38c{/,null,UNAVAILABLE}{/hddsDatanode}
2019-08-21 20:57:38,767 [ForkJoinPool.commonPool-worker-1] INFO  server.AbstractConnector (AbstractConnector.java:doStop(318)) - Stopped ServerConnector@4bf6cf10{HTTP/1.1,[http/1.1]}{0.0.0.0:37343}
2019-08-21 20:57:38,768 [ForkJoinPool.commonPool-worker-1] INFO  handler.ContextHandler (ContextHandler.java:doStop(910)) - Stopped o.e.j.s.ServletContextHandler@27c83c75{/static,jar:file:/home/user/.m2/repository/org/apache/hadoop/hadoop-hdds-container-service/0.5.0-SNAPSHOT/hadoop-hdds-container-service-0.5.0-SNAPSHOT.jar!/webapps/static,UNAVAILABLE}
2019-08-21 20:57:38,769 [ForkJoinPool.commonPool-worker-1] INFO  handler.ContextHandler (ContextHandler.java:doStop(910)) - Stopped o.e.j.s.ServletContextHandler@6686b5b1{/logs,file:///workdir/hadoop-ozone/integration-test/target/log,UNAVAILABLE}
2019-08-21 20:57:38,771 [main] INFO  ozone.MiniOzoneClusterImpl (MiniOzoneClusterImpl.java:stop(353)) - Stopping the StorageContainerManager
2019-08-21 20:57:38,771 [main] INFO  server.StorageContainerManager (StorageContainerManager.java:stop(797)) - Stopping Replication Manager Service.
2019-08-21 20:57:38,771 [main] INFO  container.ReplicationManager (ReplicationManager.java:stop(193)) - Stopping Replication Monitor Thread.
2019-08-21 20:57:38,772 [main] INFO  server.StorageContainerManager (StorageContainerManager.java:stop(804)) - Stopping Lease Manager of the command watchers
2019-08-21 20:57:38,772 [main] INFO  server.StorageContainerManager (StorageContainerManager.java:stop(811)) - Stopping datanode service RPC server
2019-08-21 20:57:38,772 [main] INFO  server.SCMDatanodeProtocolServer (SCMDatanodeProtocolServer.java:stop(367)) - Stopping the RPC server for DataNodes
2019-08-21 20:57:38,773 [main] INFO  ipc.Server (Server.java:stop(3082)) - Stopping server on 45955
2019-08-21 20:57:38,775 [IPC Server listener on 45955] INFO  ipc.Server (Server.java:run(1185)) - Stopping IPC Server listener on 45955
2019-08-21 20:57:38,775 [IPC Server Responder] INFO  ipc.Server (Server.java:run(1319)) - Stopping IPC Server Responder
2019-08-21 20:57:38,916 [SCM Heartbeat Processing Thread - 0] WARN  node.NodeStateManager (NodeStateManager.java:scheduleNextHealthCheck(646)) - Current Thread is interrupted, shutting down HB processing thread for Node Manager.
2019-08-21 20:57:38,916 [EventQueue-StaleNodeForStaleNodeHandler] INFO  node.StaleNodeHandler (StaleNodeHandler.java:onMessage(58)) - Datanode eea39f38-c3f6-433c-b3e8-04d870fd166b{ip: 192.168.5.165, host: pr-hdds-1347-9b9ps-3331872021, networkLocation: /default-rack, certSerialId: null} moved to stale state. Finalizing its pipelines [PipelineID=6e078b3b-3b35-4734-bb86-1b9887c85370, PipelineID=39180633-8a23-44aa-94be-0b584e06629c, PipelineID=346087e6-e7b0-48bd-8226-6ce3e5f5f715]
2019-08-21 20:57:38,916 [main] INFO  server.StorageContainerManager (StorageContainerManager.java:stop(819)) - Stopping block service RPC server
2019-08-21 20:57:38,917 [main] INFO  server.SCMBlockProtocolServer (SCMBlockProtocolServer.java:stop(148)) - Stopping the RPC server for Block Protocol
2019-08-21 20:57:38,917 [EventQueue-StaleNodeForStaleNodeHandler] INFO  pipeline.SCMPipelineManager (SCMPipelineManager.java:finalizeAndDestroyPipeline(309)) - destroying pipeline:Pipeline[ Id: 6e078b3b-3b35-4734-bb86-1b9887c85370, Nodes: eea39f38-c3f6-433c-b3e8-04d870fd166b{ip: 192.168.5.165, host: pr-hdds-1347-9b9ps-3331872021, networkLocation: /default-rack, certSerialId: null}, Type:RATIS, Factor:ONE, State:OPEN]
2019-08-21 20:57:38,918 [main] INFO  ipc.Server (Server.java:stop(3082)) - Stopping server on 44231
2019-08-21 20:57:38,918 [EventQueue-StaleNodeForStaleNodeHandler] INFO  pipeline.PipelineStateManager (PipelineStateManager.java:finalizePipeline(123)) - Pipeline Pipeline[ Id: 6e078b3b-3b35-4734-bb86-1b9887c85370, Nodes: eea39f38-c3f6-433c-b3e8-04d870fd166b{ip: 192.168.5.165, host: pr-hdds-1347-9b9ps-3331872021, networkLocation: /default-rack, certSerialId: null}, Type:RATIS, Factor:ONE, State:CLOSED] moved to CLOSED state
2019-08-21 20:57:38,920 [EventQueue-StaleNodeForStaleNodeHandler] INFO  pipeline.SCMPipelineManager (SCMPipelineManager.java:finalizeAndDestroyPipeline(309)) - destroying pipeline:Pipeline[ Id: 39180633-8a23-44aa-94be-0b584e06629c, Nodes: eea39f38-c3f6-433c-b3e8-04d870fd166b{ip: 192.168.5.165, host: pr-hdds-1347-9b9ps-3331872021, networkLocation: /default-rack, certSerialId: null}, Type:RATIS, Factor:ONE, State:CLOSED]
2019-08-21 20:57:38,920 [main] INFO  server.StorageContainerManager (StorageContainerManager.java:stop(826)) - Stopping the StorageContainerLocationProtocol RPC server
2019-08-21 20:57:38,920 [main] INFO  server.SCMClientProtocolServer (SCMClientProtocolServer.java:stop(159)) - Stopping the RPC server for Client Protocol
2019-08-21 20:57:38,920 [IPC Server Responder] INFO  ipc.Server (Server.java:run(1319)) - Stopping IPC Server Responder
2019-08-21 20:57:38,920 [IPC Server listener on 44231] INFO  ipc.Server (Server.java:run(1185)) - Stopping IPC Server listener on 44231
2019-08-21 20:57:38,921 [main] INFO  ipc.Server (Server.java:stop(3082)) - Stopping server on 38882
2019-08-21 20:57:38,920 [EventQueue-StaleNodeForStaleNodeHandler] INFO  pipeline.SCMPipelineManager (SCMPipelineManager.java:finalizeAndDestroyPipeline(309)) - destroying pipeline:Pipeline[ Id: 346087e6-e7b0-48bd-8226-6ce3e5f5f715, Nodes: a012690b-0000-4e4f-94e2-81cdbc8d1e43{ip: 192.168.5.165, host: pr-hdds-1347-9b9ps-3331872021, networkLocation: /default-rack, certSerialId: null}eea39f38-c3f6-433c-b3e8-04d870fd166b{ip: 192.168.5.165, host: pr-hdds-1347-9b9ps-3331872021, networkLocation: /default-rack, certSerialId: null}b625f10f-96c1-4aa8-a736-6a0ae2c5cd47{ip: 192.168.5.165, host: pr-hdds-1347-9b9ps-3331872021, networkLocation: /default-rack, certSerialId: null}, Type:RATIS, Factor:THREE, State:CLOSED]
2019-08-21 20:57:38,925 [IPC Server listener on 38882] INFO  ipc.Server (Server.java:run(1185)) - Stopping IPC Server listener on 38882
2019-08-21 20:57:38,925 [IPC Server Responder] INFO  ipc.Server (Server.java:run(1319)) - Stopping IPC Server Responder
2019-08-21 20:57:38,925 [main] INFO  server.StorageContainerManager (StorageContainerManager.java:stop(833)) - Stopping Storage Container Manager HTTP server.
2019-08-21 20:57:38,928 [main] INFO  handler.ContextHandler (ContextHandler.java:doStop(910)) - Stopped o.e.j.w.WebAppContext@34da392e{/,null,UNAVAILABLE}{/scm}
2019-08-21 20:57:38,928 [main] INFO  server.AbstractConnector (AbstractConnector.java:doStop(318)) - Stopped ServerConnector@50b17802{HTTP/1.1,[http/1.1]}{0.0.0.0:0}
2019-08-21 20:57:38,929 [main] INFO  handler.ContextHandler (ContextHandler.java:doStop(910)) - Stopped o.e.j.s.ServletContextHandler@1384dec7{/static,file:///workdir/hadoop-ozone/integration-test/target/test-classes/webapps/static,UNAVAILABLE}
2019-08-21 20:57:38,930 [main] INFO  handler.ContextHandler (ContextHandler.java:doStop(910)) - Stopped o.e.j.s.ServletContextHandler@60e3f42d{/logs,file:///workdir/hadoop-ozone/integration-test/target/log,UNAVAILABLE}
2019-08-21 20:57:38,935 [main] INFO  server.StorageContainerManager (StorageContainerManager.java:stop(844)) - Stopping Block Manager Service.
2019-08-21 20:57:38,936 [main] INFO  utils.BackgroundService (BackgroundService.java:shutdown(148)) - Shutting down service SCMBlockDeletingService
2019-08-21 20:57:38,937 [main] INFO  utils.BackgroundService (BackgroundService.java:shutdown(148)) - Shutting down service SCMBlockDeletingService
2019-08-21 20:57:38,939 [main] INFO  server.StorageContainerManager (StorageContainerManager.java:stop(866)) - Stopping SCM Event Queue.
2019-08-21 20:57:38,947 [main] INFO  impl.MetricsSystemImpl (MetricsSystemImpl.java:stop(210)) - Stopping HddsDatanode metrics system...
2019-08-21 20:57:38,954 [main] INFO  impl.MetricsSystemImpl (MetricsSystemImpl.java:stop(216)) - HddsDatanode metrics system stopped.
]]></system-out>
    <system-err><![CDATA[Aug 21, 2019 8:57:00 PM com.sun.jersey.server.impl.application.WebApplicationImpl _initiate
INFO: Initiating Jersey application, version 'Jersey: 1.19 02/11/2015 03:25 AM'
Aug 21, 2019 8:57:00 PM com.sun.jersey.server.impl.application.WebApplicationImpl _initiate
INFO: Initiating Jersey application, version 'Jersey: 1.19 02/11/2015 03:25 AM'
Aug 21, 2019 8:57:00 PM com.sun.jersey.server.impl.application.WebApplicationImpl _initiate
INFO: Initiating Jersey application, version 'Jersey: 1.19 02/11/2015 03:25 AM'
Aug 21, 2019 8:57:21 PM com.sun.jersey.server.impl.application.WebApplicationImpl _initiate
INFO: Initiating Jersey application, version 'Jersey: 1.19 02/11/2015 03:25 AM'
Aug 21, 2019 8:57:21 PM com.sun.jersey.server.impl.application.WebApplicationImpl _initiate
INFO: Initiating Jersey application, version 'Jersey: 1.19 02/11/2015 03:25 AM'
Aug 21, 2019 8:57:21 PM com.sun.jersey.server.impl.application.WebApplicationImpl _initiate
INFO: Initiating Jersey application, version 'Jersey: 1.19 02/11/2015 03:25 AM'
]]></system-err>
  </testcase>
</testsuite>