<?xml version="1.0" encoding="UTF-8"?>
<testsuite xmlns:xsi="http://www.w3.org/2001/XMLSchema-instance" xsi:noNamespaceSchemaLocation="https://maven.apache.org/surefire/maven-surefire-plugin/xsd/surefire-test-report.xsd" name="org.apache.hadoop.ozone.client.rpc.TestOzoneClientRetriesOnException" time="412.108" tests="2" errors="1" skipped="0" failures="0">
  <properties>
    <property name="awt.toolkit" value="sun.awt.X11.XToolkit"/>
    <property name="file.encoding.pkg" value="sun.io"/>
    <property name="java.specification.version" value="1.8"/>
    <property name="sun.cpu.isalist" value=""/>
    <property name="sun.jnu.encoding" value="UTF-8"/>
    <property name="java.class.path" value="/workdir/hadoop-ozone/integration-test/target/test-classes:/workdir/hadoop-ozone/integration-test/target/classes:/home/user/.m2/repository/org/apache/hadoop/hadoop-ozone-common/0.5.0-SNAPSHOT/hadoop-ozone-common-0.5.0-SNAPSHOT.jar:/home/user/.m2/repository/org/apache/commons/commons-compress/1.4.1/commons-compress-1.4.1.jar:/home/user/.m2/repository/org/tukaani/xz/1.0/xz-1.0.jar:/home/user/.m2/repository/org/apache/hadoop/hadoop-common/3.2.0/hadoop-common-3.2.0.jar:/home/user/.m2/repository/org/apache/hadoop/hadoop-hdfs/3.2.0/hadoop-hdfs-3.2.0.jar:/home/user/.m2/repository/org/apache/hadoop/hadoop-hdfs-client/3.2.0/hadoop-hdfs-client-3.2.0.jar:/home/user/.m2/repository/com/fasterxml/jackson/core/jackson-annotations/2.9.5/jackson-annotations-2.9.5.jar:/home/user/.m2/repository/org/apache/hadoop/hadoop-hdds-common/0.5.0-SNAPSHOT/hadoop-hdds-common-0.5.0-SNAPSHOT.jar:/home/user/.m2/repository/javax/annotation/javax.annotation-api/1.2/javax.annotation-api-1.2.jar:/home/user/.m2/repository/org/apache/ratis/ratis-server/0.4.0-2337318-SNAPSHOT/ratis-server-0.4.0-2337318-SNAPSHOT.jar:/home/user/.m2/repository/org/apache/ratis/ratis-thirdparty-misc/0.2.0/ratis-thirdparty-misc-0.2.0.jar:/home/user/.m2/repository/org/apache/ratis/ratis-proto/0.4.0-2337318-SNAPSHOT/ratis-proto-0.4.0-2337318-SNAPSHOT.jar:/home/user/.m2/repository/org/apache/ratis/ratis-common/0.4.0-2337318-SNAPSHOT/ratis-common-0.4.0-2337318-SNAPSHOT.jar:/home/user/.m2/repository/org/apache/ratis/ratis-client/0.4.0-2337318-SNAPSHOT/ratis-client-0.4.0-2337318-SNAPSHOT.jar:/home/user/.m2/repository/org/apache/ratis/ratis-metrics/0.4.0-2337318-SNAPSHOT/ratis-metrics-0.4.0-2337318-SNAPSHOT.jar:/home/user/.m2/repository/org/apache/ratis/ratis-netty/0.4.0-2337318-SNAPSHOT/ratis-netty-0.4.0-2337318-SNAPSHOT.jar:/home/user/.m2/repository/org/apache/ratis/ratis-grpc/0.4.0-2337318-SNAPSHOT/ratis-grpc-0.4.0-2337318-SNAPSHOT.jar:/home/user/.m2/repository/org/rocksdb/rocksdbjni/6.0.1/rocksdbjni-6.0.1.jar:/home/user/.m2/repository/org/apache/logging/log4j/log4j-api/2.11.0/log4j-api-2.11.0.jar:/home/user/.m2/repository/org/apache/logging/log4j/log4j-core/2.11.0/log4j-core-2.11.0.jar:/home/user/.m2/repository/com/lmax/disruptor/3.4.2/disruptor-3.4.2.jar:/home/user/.m2/repository/org/apache/commons/commons-pool2/2.6.0/commons-pool2-2.6.0.jar:/home/user/.m2/repository/org/bouncycastle/bcpkix-jdk15on/1.60/bcpkix-jdk15on-1.60.jar:/home/user/.m2/repository/commons-validator/commons-validator/1.6/commons-validator-1.6.jar:/home/user/.m2/repository/commons-digester/commons-digester/1.8.1/commons-digester-1.8.1.jar:/home/user/.m2/repository/io/jaegertracing/jaeger-client/0.33.1/jaeger-client-0.33.1.jar:/home/user/.m2/repository/io/jaegertracing/jaeger-thrift/0.33.1/jaeger-thrift-0.33.1.jar:/home/user/.m2/repository/org/apache/thrift/libthrift/0.11.0/libthrift-0.11.0.jar:/home/user/.m2/repository/com/squareup/okhttp3/okhttp/3.9.0/okhttp-3.9.0.jar:/home/user/.m2/repository/com/squareup/okio/okio/1.13.0/okio-1.13.0.jar:/home/user/.m2/repository/io/jaegertracing/jaeger-core/0.33.1/jaeger-core-0.33.1.jar:/home/user/.m2/repository/io/jaegertracing/jaeger-tracerresolver/0.33.1/jaeger-tracerresolver-0.33.1.jar:/home/user/.m2/repository/io/opentracing/contrib/opentracing-tracerresolver/0.1.5/opentracing-tracerresolver-0.1.5.jar:/home/user/.m2/repository/io/opentracing/opentracing-util/0.31.0/opentracing-util-0.31.0.jar:/home/user/.m2/repository/io/opentracing/opentracing-api/0.31.0/opentracing-api-0.31.0.jar:/home/user/.m2/repository/io/opentracing/opentracing-noop/0.31.0/opentracing-noop-0.31.0.jar:/home/user/.m2/repository/org/apache/hadoop/hadoop-hdds-server-framework/0.5.0-SNAPSHOT/hadoop-hdds-server-framework-0.5.0-SNAPSHOT.jar:/home/user/.m2/repository/org/apache/hadoop/hadoop-hdds-container-service/0.5.0-SNAPSHOT/hadoop-hdds-container-service-0.5.0-SNAPSHOT.jar:/home/user/.m2/repository/org/apache/hadoop/hadoop-hdds-client/0.5.0-SNAPSHOT/hadoop-hdds-client-0.5.0-SNAPSHOT.jar:/home/user/.m2/repository/org/apache/hadoop/hadoop-hdds-tools/0.5.0-SNAPSHOT/hadoop-hdds-tools-0.5.0-SNAPSHOT.jar:/home/user/.m2/repository/org/apache/hadoop/hadoop-hdds-server-scm/0.5.0-SNAPSHOT/hadoop-hdds-server-scm-0.5.0-SNAPSHOT.jar:/home/user/.m2/repository/org/apache/hadoop/hadoop-hdds-docs/0.5.0-SNAPSHOT/hadoop-hdds-docs-0.5.0-SNAPSHOT.jar:/home/user/.m2/repository/io/dropwizard/metrics/metrics-core/3.2.4/metrics-core-3.2.4.jar:/home/user/.m2/repository/org/hamcrest/hamcrest-all/1.3/hamcrest-all-1.3.jar:/home/user/.m2/repository/org/bouncycastle/bcprov-jdk15on/1.60/bcprov-jdk15on-1.60.jar:/home/user/.m2/repository/info/picocli/picocli/3.9.6/picocli-3.9.6.jar:/home/user/.m2/repository/com/google/protobuf/protobuf-java/2.5.0/protobuf-java-2.5.0.jar:/home/user/.m2/repository/com/google/guava/guava/11.0.2/guava-11.0.2.jar:/home/user/.m2/repository/org/apache/hadoop/hadoop-ozone-ozone-manager/0.5.0-SNAPSHOT/hadoop-ozone-ozone-manager-0.5.0-SNAPSHOT.jar:/home/user/.m2/repository/org/apache/hadoop/hadoop-minikdc/3.2.0/hadoop-minikdc-3.2.0.jar:/home/user/.m2/repository/commons-io/commons-io/2.5/commons-io-2.5.jar:/home/user/.m2/repository/org/apache/kerby/kerb-simplekdc/1.0.1/kerb-simplekdc-1.0.1.jar:/home/user/.m2/repository/org/apache/kerby/kerb-client/1.0.1/kerb-client-1.0.1.jar:/home/user/.m2/repository/org/apache/kerby/kerby-config/1.0.1/kerby-config-1.0.1.jar:/home/user/.m2/repository/org/apache/kerby/kerb-core/1.0.1/kerb-core-1.0.1.jar:/home/user/.m2/repository/org/apache/kerby/kerby-pkix/1.0.1/kerby-pkix-1.0.1.jar:/home/user/.m2/repository/org/apache/kerby/kerby-asn1/1.0.1/kerby-asn1-1.0.1.jar:/home/user/.m2/repository/org/apache/kerby/kerby-util/1.0.1/kerby-util-1.0.1.jar:/home/user/.m2/repository/org/apache/kerby/kerb-common/1.0.1/kerb-common-1.0.1.jar:/home/user/.m2/repository/org/apache/kerby/kerb-crypto/1.0.1/kerb-crypto-1.0.1.jar:/home/user/.m2/repository/org/apache/kerby/kerb-util/1.0.1/kerb-util-1.0.1.jar:/home/user/.m2/repository/org/apache/kerby/token-provider/1.0.1/token-provider-1.0.1.jar:/home/user/.m2/repository/org/apache/kerby/kerb-admin/1.0.1/kerb-admin-1.0.1.jar:/home/user/.m2/repository/org/apache/kerby/kerb-server/1.0.1/kerb-server-1.0.1.jar:/home/user/.m2/repository/org/apache/kerby/kerb-identity/1.0.1/kerb-identity-1.0.1.jar:/home/user/.m2/repository/org/apache/kerby/kerby-xdr/1.0.1/kerby-xdr-1.0.1.jar:/home/user/.m2/repository/org/slf4j/slf4j-log4j12/1.7.25/slf4j-log4j12-1.7.25.jar:/home/user/.m2/repository/org/apache/hadoop/hadoop-ozone-s3gateway/0.5.0-SNAPSHOT/hadoop-ozone-s3gateway-0.5.0-SNAPSHOT.jar:/home/user/.m2/repository/org/jboss/weld/servlet/weld-servlet/2.4.7.Final/weld-servlet-2.4.7.Final.jar:/home/user/.m2/repository/org/glassfish/jersey/containers/jersey-container-servlet-core/2.27/jersey-container-servlet-core-2.27.jar:/home/user/.m2/repository/org/glassfish/hk2/external/javax.inject/2.5.0-b42/javax.inject-2.5.0-b42.jar:/home/user/.m2/repository/org/glassfish/jersey/core/jersey-common/2.27/jersey-common-2.27.jar:/home/user/.m2/repository/org/glassfish/hk2/osgi-resource-locator/1.0.1/osgi-resource-locator-1.0.1.jar:/home/user/.m2/repository/javax/ws/rs/javax.ws.rs-api/2.1/javax.ws.rs-api-2.1.jar:/home/user/.m2/repository/org/glassfish/jersey/ext/cdi/jersey-cdi1x/2.27/jersey-cdi1x-2.27.jar:/home/user/.m2/repository/org/glassfish/jersey/inject/jersey-hk2/2.27/jersey-hk2-2.27.jar:/home/user/.m2/repository/org/glassfish/hk2/hk2-locator/2.5.0-b42/hk2-locator-2.5.0-b42.jar:/home/user/.m2/repository/org/javassist/javassist/3.22.0-CR2/javassist-3.22.0-CR2.jar:/home/user/.m2/repository/org/glassfish/hk2/hk2-api/2.5.0/hk2-api-2.5.0.jar:/home/user/.m2/repository/org/glassfish/hk2/external/jakarta.inject/2.5.0/jakarta.inject-2.5.0.jar:/home/user/.m2/repository/org/glassfish/hk2/hk2-utils/2.5.0/hk2-utils-2.5.0.jar:/home/user/.m2/repository/jakarta/annotation/jakarta.annotation-api/1.3.4/jakarta.annotation-api-1.3.4.jar:/home/user/.m2/repository/org/glassfish/hk2/external/aopalliance-repackaged/2.5.0/aopalliance-repackaged-2.5.0.jar:/home/user/.m2/repository/com/fasterxml/jackson/dataformat/jackson-dataformat-xml/2.9.0/jackson-dataformat-xml-2.9.0.jar:/home/user/.m2/repository/com/fasterxml/jackson/core/jackson-core/2.9.5/jackson-core-2.9.5.jar:/home/user/.m2/repository/com/fasterxml/jackson/module/jackson-module-jaxb-annotations/2.9.5/jackson-module-jaxb-annotations-2.9.5.jar:/home/user/.m2/repository/javax/enterprise/cdi-api/1.2/cdi-api-1.2.jar:/home/user/.m2/repository/javax/el/javax.el-api/3.0.0/javax.el-api-3.0.0.jar:/home/user/.m2/repository/javax/interceptor/javax.interceptor-api/1.2/javax.interceptor-api-1.2.jar:/home/user/.m2/repository/javax/inject/javax.inject/1/javax.inject-1.jar:/home/user/.m2/repository/com/sun/xml/bind/jaxb-impl/2.3.0.1/jaxb-impl-2.3.0.1.jar:/home/user/.m2/repository/com/sun/xml/bind/jaxb-core/2.3.0.1/jaxb-core-2.3.0.1.jar:/home/user/.m2/repository/javax/xml/bind/jaxb-api/2.3.0/jaxb-api-2.3.0.jar:/home/user/.m2/repository/javax/activation/activation/1.1.1/activation-1.1.1.jar:/home/user/.m2/repository/org/apache/hadoop/hadoop-ozone-csi/0.5.0-SNAPSHOT/hadoop-ozone-csi-0.5.0-SNAPSHOT.jar:/home/user/.m2/repository/com/google/protobuf/protobuf-java-util/3.5.1/protobuf-java-util-3.5.1.jar:/home/user/.m2/repository/org/apache/hadoop/hadoop-hdds-config/0.5.0-SNAPSHOT/hadoop-hdds-config-0.5.0-SNAPSHOT.jar:/home/user/.m2/repository/io/grpc/grpc-netty/1.17.1/grpc-netty-1.17.1.jar:/home/user/.m2/repository/io/grpc/grpc-core/1.17.1/grpc-core-1.17.1.jar:/home/user/.m2/repository/io/grpc/grpc-context/1.17.1/grpc-context-1.17.1.jar:/home/user/.m2/repository/com/google/errorprone/error_prone_annotations/2.2.0/error_prone_annotations-2.2.0.jar:/home/user/.m2/repository/org/codehaus/mojo/animal-sniffer-annotations/1.17/animal-sniffer-annotations-1.17.jar:/home/user/.m2/repository/io/opencensus/opencensus-api/0.17.0/opencensus-api-0.17.0.jar:/home/user/.m2/repository/io/opencensus/opencensus-contrib-grpc-metrics/0.17.0/opencensus-contrib-grpc-metrics-0.17.0.jar:/home/user/.m2/repository/io/netty/netty-codec-http2/4.1.30.Final/netty-codec-http2-4.1.30.Final.jar:/home/user/.m2/repository/io/netty/netty-codec-http/4.1.30.Final/netty-codec-http-4.1.30.Final.jar:/home/user/.m2/repository/io/netty/netty-codec/4.1.30.Final/netty-codec-4.1.30.Final.jar:/home/user/.m2/repository/io/netty/netty-handler/4.1.30.Final/netty-handler-4.1.30.Final.jar:/home/user/.m2/repository/io/netty/netty-handler-proxy/4.1.30.Final/netty-handler-proxy-4.1.30.Final.jar:/home/user/.m2/repository/io/netty/netty-codec-socks/4.1.30.Final/netty-codec-socks-4.1.30.Final.jar:/home/user/.m2/repository/io/netty/netty-transport-native-epoll/4.1.30.Final/netty-transport-native-epoll-4.1.30.Final.jar:/home/user/.m2/repository/io/netty/netty-common/4.1.30.Final/netty-common-4.1.30.Final.jar:/home/user/.m2/repository/io/netty/netty-buffer/4.1.30.Final/netty-buffer-4.1.30.Final.jar:/home/user/.m2/repository/io/netty/netty-transport/4.1.30.Final/netty-transport-4.1.30.Final.jar:/home/user/.m2/repository/io/netty/netty-resolver/4.1.30.Final/netty-resolver-4.1.30.Final.jar:/home/user/.m2/repository/io/netty/netty-transport-native-unix-common/4.1.30.Final/netty-transport-native-unix-common-4.1.30.Final.jar:/home/user/.m2/repository/io/grpc/grpc-protobuf/1.17.1/grpc-protobuf-1.17.1.jar:/home/user/.m2/repository/com/google/api/grpc/proto-google-common-protos/1.0.0/proto-google-common-protos-1.0.0.jar:/home/user/.m2/repository/io/grpc/grpc-protobuf-lite/1.17.1/grpc-protobuf-lite-1.17.1.jar:/home/user/.m2/repository/io/grpc/grpc-stub/1.17.1/grpc-stub-1.17.1.jar:/home/user/.m2/repository/org/apache/hadoop/hadoop-ozone-recon/0.5.0-SNAPSHOT/hadoop-ozone-recon-0.5.0-SNAPSHOT.jar:/home/user/.m2/repository/org/apache/hadoop/hadoop-ozone-reconcodegen/0.5.0-SNAPSHOT/hadoop-ozone-reconcodegen-0.5.0-SNAPSHOT.jar:/home/user/.m2/repository/com/google/inject/extensions/guice-multibindings/4.0/guice-multibindings-4.0.jar:/home/user/.m2/repository/com/google/inject/guice/4.0/guice-4.0.jar:/home/user/.m2/repository/aopalliance/aopalliance/1.0/aopalliance-1.0.jar:/home/user/.m2/repository/com/google/inject/extensions/guice-servlet/4.0/guice-servlet-4.0.jar:/home/user/.m2/repository/org/glassfish/jersey/containers/jersey-container-servlet/2.27/jersey-container-servlet-2.27.jar:/home/user/.m2/repository/org/glassfish/hk2/guice-bridge/2.5.0/guice-bridge-2.5.0.jar:/home/user/.m2/repository/org/glassfish/jersey/core/jersey-server/2.27/jersey-server-2.27.jar:/home/user/.m2/repository/org/glassfish/jersey/core/jersey-client/2.27/jersey-client-2.27.jar:/home/user/.m2/repository/org/glassfish/jersey/media/jersey-media-jaxb/2.27/jersey-media-jaxb-2.27.jar:/home/user/.m2/repository/javax/validation/validation-api/1.1.0.Final/validation-api-1.1.0.Final.jar:/home/user/.m2/repository/org/glassfish/jersey/media/jersey-media-json-jackson/2.27/jersey-media-json-jackson-2.27.jar:/home/user/.m2/repository/org/glassfish/jersey/ext/jersey-entity-filtering/2.27/jersey-entity-filtering-2.27.jar:/home/user/.m2/repository/com/google/inject/extensions/guice-assistedinject/4.0/guice-assistedinject-4.0.jar:/home/user/.m2/repository/org/jooq/jooq/3.11.10/jooq-3.11.10.jar:/home/user/.m2/repository/org/jooq/jooq-meta/3.11.10/jooq-meta-3.11.10.jar:/home/user/.m2/repository/org/jooq/jooq-codegen/3.11.10/jooq-codegen-3.11.10.jar:/home/user/.m2/repository/com/jolbox/bonecp/0.8.0.RELEASE/bonecp-0.8.0.RELEASE.jar:/home/user/.m2/repository/org/xerial/sqlite-jdbc/3.25.2/sqlite-jdbc-3.25.2.jar:/home/user/.m2/repository/org/springframework/spring-jdbc/5.1.3.RELEASE/spring-jdbc-5.1.3.RELEASE.jar:/home/user/.m2/repository/org/springframework/spring-beans/5.1.3.RELEASE/spring-beans-5.1.3.RELEASE.jar:/home/user/.m2/repository/org/springframework/spring-core/5.1.3.RELEASE/spring-core-5.1.3.RELEASE.jar:/home/user/.m2/repository/org/springframework/spring-jcl/5.1.3.RELEASE/spring-jcl-5.1.3.RELEASE.jar:/home/user/.m2/repository/org/springframework/spring-tx/5.1.3.RELEASE/spring-tx-5.1.3.RELEASE.jar:/home/user/.m2/repository/org/apache/hadoop/hadoop-ozone-client/0.5.0-SNAPSHOT/hadoop-ozone-client-0.5.0-SNAPSHOT.jar:/home/user/.m2/repository/commons-lang/commons-lang/2.6/commons-lang-2.6.jar:/home/user/.m2/repository/org/apache/hadoop/hadoop-ozone-ozone-manager/0.5.0-SNAPSHOT/hadoop-ozone-ozone-manager-0.5.0-SNAPSHOT-tests.jar:/home/user/.m2/repository/junit/junit/4.11/junit-4.11.jar:/home/user/.m2/repository/org/hamcrest/hamcrest-core/1.3/hamcrest-core-1.3.jar:/home/user/.m2/repository/org/openjdk/jmh/jmh-core/1.19/jmh-core-1.19.jar:/home/user/.m2/repository/net/sf/jopt-simple/jopt-simple/4.6/jopt-simple-4.6.jar:/home/user/.m2/repository/org/apache/commons/commons-math3/3.1.1/commons-math3-3.1.1.jar:/home/user/.m2/repository/org/openjdk/jmh/jmh-generator-annprocess/1.19/jmh-generator-annprocess-1.19.jar:/home/user/.m2/repository/org/mockito/mockito-all/1.8.5/mockito-all-1.8.5.jar:/home/user/.m2/repository/org/apache/hadoop/hadoop-kms/3.2.0/hadoop-kms-3.2.0.jar:/home/user/.m2/repository/org/apache/hadoop/hadoop-auth/3.2.0/hadoop-auth-3.2.0.jar:/home/user/.m2/repository/com/nimbusds/nimbus-jose-jwt/4.41.1/nimbus-jose-jwt-4.41.1.jar:/home/user/.m2/repository/com/github/stephenc/jcip/jcip-annotations/1.0-1/jcip-annotations-1.0-1.jar:/home/user/.m2/repository/net/minidev/json-smart/2.3/json-smart-2.3.jar:/home/user/.m2/repository/net/minidev/accessors-smart/1.2/accessors-smart-1.2.jar:/home/user/.m2/repository/org/ow2/asm/asm/5.0.4/asm-5.0.4.jar:/home/user/.m2/repository/org/apache/curator/curator-framework/2.12.0/curator-framework-2.12.0.jar:/home/user/.m2/repository/com/sun/jersey/jersey-core/1.19/jersey-core-1.19.jar:/home/user/.m2/repository/javax/ws/rs/jsr311-api/1.1.1/jsr311-api-1.1.1.jar:/home/user/.m2/repository/com/sun/jersey/jersey-server/1.19/jersey-server-1.19.jar:/home/user/.m2/repository/javax/servlet/javax.servlet-api/3.1.0/javax.servlet-api-3.1.0.jar:/home/user/.m2/repository/org/eclipse/jetty/jetty-server/9.3.24.v20180605/jetty-server-9.3.24.v20180605.jar:/home/user/.m2/repository/org/eclipse/jetty/jetty-http/9.3.24.v20180605/jetty-http-9.3.24.v20180605.jar:/home/user/.m2/repository/org/eclipse/jetty/jetty-io/9.3.24.v20180605/jetty-io-9.3.24.v20180605.jar:/home/user/.m2/repository/org/eclipse/jetty/jetty-webapp/9.3.24.v20180605/jetty-webapp-9.3.24.v20180605.jar:/home/user/.m2/repository/org/eclipse/jetty/jetty-xml/9.3.24.v20180605/jetty-xml-9.3.24.v20180605.jar:/home/user/.m2/repository/log4j/log4j/1.2.17/log4j-1.2.17.jar:/home/user/.m2/repository/org/slf4j/slf4j-api/1.7.25/slf4j-api-1.7.25.jar:/home/user/.m2/repository/org/slf4j/jul-to-slf4j/1.7.25/jul-to-slf4j-1.7.25.jar:/home/user/.m2/repository/org/eclipse/jetty/jetty-util/9.3.24.v20180605/jetty-util-9.3.24.v20180605.jar:/home/user/.m2/repository/com/fasterxml/jackson/core/jackson-databind/2.9.5/jackson-databind-2.9.5.jar:/home/user/.m2/repository/org/apache/hadoop/hadoop-kms/3.2.0/hadoop-kms-3.2.0-tests.jar:/home/user/.m2/repository/org/apache/hadoop/hadoop-hdds-server-scm/0.5.0-SNAPSHOT/hadoop-hdds-server-scm-0.5.0-SNAPSHOT-tests.jar:/home/user/.m2/repository/org/apache/hadoop/hadoop-hdds-container-service/0.5.0-SNAPSHOT/hadoop-hdds-container-service-0.5.0-SNAPSHOT-tests.jar:/home/user/.m2/repository/org/yaml/snakeyaml/1.16/snakeyaml-1.16.jar:/home/user/.m2/repository/org/apache/hadoop/hadoop-common/3.2.0/hadoop-common-3.2.0-tests.jar:/home/user/.m2/repository/org/apache/hadoop/hadoop-annotations/3.2.0/hadoop-annotations-3.2.0.jar:/usr/lib/jvm/java-1.8-openjdk/jre/../lib/tools.jar:/home/user/.m2/repository/commons-cli/commons-cli/1.2/commons-cli-1.2.jar:/home/user/.m2/repository/org/apache/httpcomponents/httpclient/4.5.2/httpclient-4.5.2.jar:/home/user/.m2/repository/org/apache/httpcomponents/httpcore/4.4.4/httpcore-4.4.4.jar:/home/user/.m2/repository/commons-codec/commons-codec/1.11/commons-codec-1.11.jar:/home/user/.m2/repository/commons-net/commons-net/3.6/commons-net-3.6.jar:/home/user/.m2/repository/commons-collections/commons-collections/3.2.2/commons-collections-3.2.2.jar:/home/user/.m2/repository/org/eclipse/jetty/jetty-servlet/9.3.24.v20180605/jetty-servlet-9.3.24.v20180605.jar:/home/user/.m2/repository/org/eclipse/jetty/jetty-security/9.3.24.v20180605/jetty-security-9.3.24.v20180605.jar:/home/user/.m2/repository/javax/servlet/jsp/jsp-api/2.1/jsp-api-2.1.jar:/home/user/.m2/repository/com/sun/jersey/jersey-servlet/1.19/jersey-servlet-1.19.jar:/home/user/.m2/repository/com/sun/jersey/jersey-json/1.19/jersey-json-1.19.jar:/home/user/.m2/repository/org/codehaus/jettison/jettison/1.1/jettison-1.1.jar:/home/user/.m2/repository/org/codehaus/jackson/jackson-core-asl/1.9.13/jackson-core-asl-1.9.13.jar:/home/user/.m2/repository/org/codehaus/jackson/jackson-mapper-asl/1.9.13/jackson-mapper-asl-1.9.13.jar:/home/user/.m2/repository/org/codehaus/jackson/jackson-jaxrs/1.9.13/jackson-jaxrs-1.9.13.jar:/home/user/.m2/repository/org/codehaus/jackson/jackson-xc/1.9.13/jackson-xc-1.9.13.jar:/home/user/.m2/repository/commons-logging/commons-logging/1.1.3/commons-logging-1.1.3.jar:/home/user/.m2/repository/commons-beanutils/commons-beanutils/1.9.3/commons-beanutils-1.9.3.jar:/home/user/.m2/repository/org/apache/commons/commons-configuration2/2.1.1/commons-configuration2-2.1.1.jar:/home/user/.m2/repository/org/apache/commons/commons-lang3/3.7/commons-lang3-3.7.jar:/home/user/.m2/repository/org/apache/commons/commons-text/1.4/commons-text-1.4.jar:/home/user/.m2/repository/org/apache/avro/avro/1.7.7/avro-1.7.7.jar:/home/user/.m2/repository/com/thoughtworks/paranamer/paranamer/2.3/paranamer-2.3.jar:/home/user/.m2/repository/org/xerial/snappy/snappy-java/1.0.5/snappy-java-1.0.5.jar:/home/user/.m2/repository/com/google/re2j/re2j/1.1/re2j-1.1.jar:/home/user/.m2/repository/com/google/code/gson/gson/2.2.4/gson-2.2.4.jar:/home/user/.m2/repository/com/jcraft/jsch/0.1.54/jsch-0.1.54.jar:/home/user/.m2/repository/org/apache/curator/curator-client/2.12.0/curator-client-2.12.0.jar:/home/user/.m2/repository/org/apache/curator/curator-recipes/2.12.0/curator-recipes-2.12.0.jar:/home/user/.m2/repository/com/google/code/findbugs/jsr305/3.0.0/jsr305-3.0.0.jar:/home/user/.m2/repository/org/apache/htrace/htrace-core4/4.1.0-incubating/htrace-core4-4.1.0-incubating.jar:/home/user/.m2/repository/org/apache/zookeeper/zookeeper/3.4.13/zookeeper-3.4.13.jar:/home/user/.m2/repository/org/apache/yetus/audience-annotations/0.5.0/audience-annotations-0.5.0.jar:/home/user/.m2/repository/org/codehaus/woodstox/stax2-api/3.1.4/stax2-api-3.1.4.jar:/home/user/.m2/repository/com/fasterxml/woodstox/woodstox-core/5.0.3/woodstox-core-5.0.3.jar:/home/user/.m2/repository/dnsjava/dnsjava/2.1.7/dnsjava-2.1.7.jar:/home/user/.m2/repository/org/apache/hadoop/hadoop-hdfs/3.2.0/hadoop-hdfs-3.2.0-tests.jar:/home/user/.m2/repository/org/eclipse/jetty/jetty-util-ajax/9.3.24.v20180605/jetty-util-ajax-9.3.24.v20180605.jar:/home/user/.m2/repository/commons-daemon/commons-daemon/1.0.13/commons-daemon-1.0.13.jar:/home/user/.m2/repository/io/netty/netty/3.10.5.Final/netty-3.10.5.Final.jar:/home/user/.m2/repository/io/netty/netty-all/4.0.52.Final/netty-all-4.0.52.Final.jar:/home/user/.m2/repository/org/fusesource/leveldbjni/leveldbjni-all/1.8/leveldbjni-all-1.8.jar:"/>
    <property name="java.vm.vendor" value="IcedTea"/>
    <property name="sun.arch.data.model" value="64"/>
    <property name="test.build.dir" value="/workdir/hadoop-ozone/integration-test/target/test-dir"/>
    <property name="test.cache.data" value=""/>
    <property name="java.vendor.url" value="https://icedtea.classpath.org"/>
    <property name="user.timezone" value=""/>
    <property name="java.vm.specification.version" value="1.8"/>
    <property name="os.name" value="Linux"/>
    <property name="test.build.data" value="/workdir/hadoop-ozone/integration-test/target/test-dir"/>
    <property name="user.country" value="US"/>
    <property name="sun.java.launcher" value="SUN_STANDARD"/>
    <property name="sun.boot.library.path" value="/usr/lib/jvm/java-1.8-openjdk/jre/lib/amd64"/>
    <property name="sun.java.command" value="/workdir/hadoop-ozone/integration-test/target/surefire/surefirebooter4364873186776406684.jar /workdir/hadoop-ozone/integration-test/target/surefire 2019-08-29T08-47-44_952-jvmRun1 surefire246611494725033472tmp surefire_385171007032778989968tmp"/>
    <property name="test" value="!TestMiniChaosOzoneCluster"/>
    <property name="surefire.test.class.path" value="/workdir/hadoop-ozone/integration-test/target/test-classes:/workdir/hadoop-ozone/integration-test/target/classes:/home/user/.m2/repository/org/apache/hadoop/hadoop-ozone-common/0.5.0-SNAPSHOT/hadoop-ozone-common-0.5.0-SNAPSHOT.jar:/home/user/.m2/repository/org/apache/commons/commons-compress/1.4.1/commons-compress-1.4.1.jar:/home/user/.m2/repository/org/tukaani/xz/1.0/xz-1.0.jar:/home/user/.m2/repository/org/apache/hadoop/hadoop-common/3.2.0/hadoop-common-3.2.0.jar:/home/user/.m2/repository/org/apache/hadoop/hadoop-hdfs/3.2.0/hadoop-hdfs-3.2.0.jar:/home/user/.m2/repository/org/apache/hadoop/hadoop-hdfs-client/3.2.0/hadoop-hdfs-client-3.2.0.jar:/home/user/.m2/repository/com/fasterxml/jackson/core/jackson-annotations/2.9.5/jackson-annotations-2.9.5.jar:/home/user/.m2/repository/org/apache/hadoop/hadoop-hdds-common/0.5.0-SNAPSHOT/hadoop-hdds-common-0.5.0-SNAPSHOT.jar:/home/user/.m2/repository/javax/annotation/javax.annotation-api/1.2/javax.annotation-api-1.2.jar:/home/user/.m2/repository/org/apache/ratis/ratis-server/0.4.0-2337318-SNAPSHOT/ratis-server-0.4.0-2337318-SNAPSHOT.jar:/home/user/.m2/repository/org/apache/ratis/ratis-thirdparty-misc/0.2.0/ratis-thirdparty-misc-0.2.0.jar:/home/user/.m2/repository/org/apache/ratis/ratis-proto/0.4.0-2337318-SNAPSHOT/ratis-proto-0.4.0-2337318-SNAPSHOT.jar:/home/user/.m2/repository/org/apache/ratis/ratis-common/0.4.0-2337318-SNAPSHOT/ratis-common-0.4.0-2337318-SNAPSHOT.jar:/home/user/.m2/repository/org/apache/ratis/ratis-client/0.4.0-2337318-SNAPSHOT/ratis-client-0.4.0-2337318-SNAPSHOT.jar:/home/user/.m2/repository/org/apache/ratis/ratis-metrics/0.4.0-2337318-SNAPSHOT/ratis-metrics-0.4.0-2337318-SNAPSHOT.jar:/home/user/.m2/repository/org/apache/ratis/ratis-netty/0.4.0-2337318-SNAPSHOT/ratis-netty-0.4.0-2337318-SNAPSHOT.jar:/home/user/.m2/repository/org/apache/ratis/ratis-grpc/0.4.0-2337318-SNAPSHOT/ratis-grpc-0.4.0-2337318-SNAPSHOT.jar:/home/user/.m2/repository/org/rocksdb/rocksdbjni/6.0.1/rocksdbjni-6.0.1.jar:/home/user/.m2/repository/org/apache/logging/log4j/log4j-api/2.11.0/log4j-api-2.11.0.jar:/home/user/.m2/repository/org/apache/logging/log4j/log4j-core/2.11.0/log4j-core-2.11.0.jar:/home/user/.m2/repository/com/lmax/disruptor/3.4.2/disruptor-3.4.2.jar:/home/user/.m2/repository/org/apache/commons/commons-pool2/2.6.0/commons-pool2-2.6.0.jar:/home/user/.m2/repository/org/bouncycastle/bcpkix-jdk15on/1.60/bcpkix-jdk15on-1.60.jar:/home/user/.m2/repository/commons-validator/commons-validator/1.6/commons-validator-1.6.jar:/home/user/.m2/repository/commons-digester/commons-digester/1.8.1/commons-digester-1.8.1.jar:/home/user/.m2/repository/io/jaegertracing/jaeger-client/0.33.1/jaeger-client-0.33.1.jar:/home/user/.m2/repository/io/jaegertracing/jaeger-thrift/0.33.1/jaeger-thrift-0.33.1.jar:/home/user/.m2/repository/org/apache/thrift/libthrift/0.11.0/libthrift-0.11.0.jar:/home/user/.m2/repository/com/squareup/okhttp3/okhttp/3.9.0/okhttp-3.9.0.jar:/home/user/.m2/repository/com/squareup/okio/okio/1.13.0/okio-1.13.0.jar:/home/user/.m2/repository/io/jaegertracing/jaeger-core/0.33.1/jaeger-core-0.33.1.jar:/home/user/.m2/repository/io/jaegertracing/jaeger-tracerresolver/0.33.1/jaeger-tracerresolver-0.33.1.jar:/home/user/.m2/repository/io/opentracing/contrib/opentracing-tracerresolver/0.1.5/opentracing-tracerresolver-0.1.5.jar:/home/user/.m2/repository/io/opentracing/opentracing-util/0.31.0/opentracing-util-0.31.0.jar:/home/user/.m2/repository/io/opentracing/opentracing-api/0.31.0/opentracing-api-0.31.0.jar:/home/user/.m2/repository/io/opentracing/opentracing-noop/0.31.0/opentracing-noop-0.31.0.jar:/home/user/.m2/repository/org/apache/hadoop/hadoop-hdds-server-framework/0.5.0-SNAPSHOT/hadoop-hdds-server-framework-0.5.0-SNAPSHOT.jar:/home/user/.m2/repository/org/apache/hadoop/hadoop-hdds-container-service/0.5.0-SNAPSHOT/hadoop-hdds-container-service-0.5.0-SNAPSHOT.jar:/home/user/.m2/repository/org/apache/hadoop/hadoop-hdds-client/0.5.0-SNAPSHOT/hadoop-hdds-client-0.5.0-SNAPSHOT.jar:/home/user/.m2/repository/org/apache/hadoop/hadoop-hdds-tools/0.5.0-SNAPSHOT/hadoop-hdds-tools-0.5.0-SNAPSHOT.jar:/home/user/.m2/repository/org/apache/hadoop/hadoop-hdds-server-scm/0.5.0-SNAPSHOT/hadoop-hdds-server-scm-0.5.0-SNAPSHOT.jar:/home/user/.m2/repository/org/apache/hadoop/hadoop-hdds-docs/0.5.0-SNAPSHOT/hadoop-hdds-docs-0.5.0-SNAPSHOT.jar:/home/user/.m2/repository/io/dropwizard/metrics/metrics-core/3.2.4/metrics-core-3.2.4.jar:/home/user/.m2/repository/org/hamcrest/hamcrest-all/1.3/hamcrest-all-1.3.jar:/home/user/.m2/repository/org/bouncycastle/bcprov-jdk15on/1.60/bcprov-jdk15on-1.60.jar:/home/user/.m2/repository/info/picocli/picocli/3.9.6/picocli-3.9.6.jar:/home/user/.m2/repository/com/google/protobuf/protobuf-java/2.5.0/protobuf-java-2.5.0.jar:/home/user/.m2/repository/com/google/guava/guava/11.0.2/guava-11.0.2.jar:/home/user/.m2/repository/org/apache/hadoop/hadoop-ozone-ozone-manager/0.5.0-SNAPSHOT/hadoop-ozone-ozone-manager-0.5.0-SNAPSHOT.jar:/home/user/.m2/repository/org/apache/hadoop/hadoop-minikdc/3.2.0/hadoop-minikdc-3.2.0.jar:/home/user/.m2/repository/commons-io/commons-io/2.5/commons-io-2.5.jar:/home/user/.m2/repository/org/apache/kerby/kerb-simplekdc/1.0.1/kerb-simplekdc-1.0.1.jar:/home/user/.m2/repository/org/apache/kerby/kerb-client/1.0.1/kerb-client-1.0.1.jar:/home/user/.m2/repository/org/apache/kerby/kerby-config/1.0.1/kerby-config-1.0.1.jar:/home/user/.m2/repository/org/apache/kerby/kerb-core/1.0.1/kerb-core-1.0.1.jar:/home/user/.m2/repository/org/apache/kerby/kerby-pkix/1.0.1/kerby-pkix-1.0.1.jar:/home/user/.m2/repository/org/apache/kerby/kerby-asn1/1.0.1/kerby-asn1-1.0.1.jar:/home/user/.m2/repository/org/apache/kerby/kerby-util/1.0.1/kerby-util-1.0.1.jar:/home/user/.m2/repository/org/apache/kerby/kerb-common/1.0.1/kerb-common-1.0.1.jar:/home/user/.m2/repository/org/apache/kerby/kerb-crypto/1.0.1/kerb-crypto-1.0.1.jar:/home/user/.m2/repository/org/apache/kerby/kerb-util/1.0.1/kerb-util-1.0.1.jar:/home/user/.m2/repository/org/apache/kerby/token-provider/1.0.1/token-provider-1.0.1.jar:/home/user/.m2/repository/org/apache/kerby/kerb-admin/1.0.1/kerb-admin-1.0.1.jar:/home/user/.m2/repository/org/apache/kerby/kerb-server/1.0.1/kerb-server-1.0.1.jar:/home/user/.m2/repository/org/apache/kerby/kerb-identity/1.0.1/kerb-identity-1.0.1.jar:/home/user/.m2/repository/org/apache/kerby/kerby-xdr/1.0.1/kerby-xdr-1.0.1.jar:/home/user/.m2/repository/org/slf4j/slf4j-log4j12/1.7.25/slf4j-log4j12-1.7.25.jar:/home/user/.m2/repository/org/apache/hadoop/hadoop-ozone-s3gateway/0.5.0-SNAPSHOT/hadoop-ozone-s3gateway-0.5.0-SNAPSHOT.jar:/home/user/.m2/repository/org/jboss/weld/servlet/weld-servlet/2.4.7.Final/weld-servlet-2.4.7.Final.jar:/home/user/.m2/repository/org/glassfish/jersey/containers/jersey-container-servlet-core/2.27/jersey-container-servlet-core-2.27.jar:/home/user/.m2/repository/org/glassfish/hk2/external/javax.inject/2.5.0-b42/javax.inject-2.5.0-b42.jar:/home/user/.m2/repository/org/glassfish/jersey/core/jersey-common/2.27/jersey-common-2.27.jar:/home/user/.m2/repository/org/glassfish/hk2/osgi-resource-locator/1.0.1/osgi-resource-locator-1.0.1.jar:/home/user/.m2/repository/javax/ws/rs/javax.ws.rs-api/2.1/javax.ws.rs-api-2.1.jar:/home/user/.m2/repository/org/glassfish/jersey/ext/cdi/jersey-cdi1x/2.27/jersey-cdi1x-2.27.jar:/home/user/.m2/repository/org/glassfish/jersey/inject/jersey-hk2/2.27/jersey-hk2-2.27.jar:/home/user/.m2/repository/org/glassfish/hk2/hk2-locator/2.5.0-b42/hk2-locator-2.5.0-b42.jar:/home/user/.m2/repository/org/javassist/javassist/3.22.0-CR2/javassist-3.22.0-CR2.jar:/home/user/.m2/repository/org/glassfish/hk2/hk2-api/2.5.0/hk2-api-2.5.0.jar:/home/user/.m2/repository/org/glassfish/hk2/external/jakarta.inject/2.5.0/jakarta.inject-2.5.0.jar:/home/user/.m2/repository/org/glassfish/hk2/hk2-utils/2.5.0/hk2-utils-2.5.0.jar:/home/user/.m2/repository/jakarta/annotation/jakarta.annotation-api/1.3.4/jakarta.annotation-api-1.3.4.jar:/home/user/.m2/repository/org/glassfish/hk2/external/aopalliance-repackaged/2.5.0/aopalliance-repackaged-2.5.0.jar:/home/user/.m2/repository/com/fasterxml/jackson/dataformat/jackson-dataformat-xml/2.9.0/jackson-dataformat-xml-2.9.0.jar:/home/user/.m2/repository/com/fasterxml/jackson/core/jackson-core/2.9.5/jackson-core-2.9.5.jar:/home/user/.m2/repository/com/fasterxml/jackson/module/jackson-module-jaxb-annotations/2.9.5/jackson-module-jaxb-annotations-2.9.5.jar:/home/user/.m2/repository/javax/enterprise/cdi-api/1.2/cdi-api-1.2.jar:/home/user/.m2/repository/javax/el/javax.el-api/3.0.0/javax.el-api-3.0.0.jar:/home/user/.m2/repository/javax/interceptor/javax.interceptor-api/1.2/javax.interceptor-api-1.2.jar:/home/user/.m2/repository/javax/inject/javax.inject/1/javax.inject-1.jar:/home/user/.m2/repository/com/sun/xml/bind/jaxb-impl/2.3.0.1/jaxb-impl-2.3.0.1.jar:/home/user/.m2/repository/com/sun/xml/bind/jaxb-core/2.3.0.1/jaxb-core-2.3.0.1.jar:/home/user/.m2/repository/javax/xml/bind/jaxb-api/2.3.0/jaxb-api-2.3.0.jar:/home/user/.m2/repository/javax/activation/activation/1.1.1/activation-1.1.1.jar:/home/user/.m2/repository/org/apache/hadoop/hadoop-ozone-csi/0.5.0-SNAPSHOT/hadoop-ozone-csi-0.5.0-SNAPSHOT.jar:/home/user/.m2/repository/com/google/protobuf/protobuf-java-util/3.5.1/protobuf-java-util-3.5.1.jar:/home/user/.m2/repository/org/apache/hadoop/hadoop-hdds-config/0.5.0-SNAPSHOT/hadoop-hdds-config-0.5.0-SNAPSHOT.jar:/home/user/.m2/repository/io/grpc/grpc-netty/1.17.1/grpc-netty-1.17.1.jar:/home/user/.m2/repository/io/grpc/grpc-core/1.17.1/grpc-core-1.17.1.jar:/home/user/.m2/repository/io/grpc/grpc-context/1.17.1/grpc-context-1.17.1.jar:/home/user/.m2/repository/com/google/errorprone/error_prone_annotations/2.2.0/error_prone_annotations-2.2.0.jar:/home/user/.m2/repository/org/codehaus/mojo/animal-sniffer-annotations/1.17/animal-sniffer-annotations-1.17.jar:/home/user/.m2/repository/io/opencensus/opencensus-api/0.17.0/opencensus-api-0.17.0.jar:/home/user/.m2/repository/io/opencensus/opencensus-contrib-grpc-metrics/0.17.0/opencensus-contrib-grpc-metrics-0.17.0.jar:/home/user/.m2/repository/io/netty/netty-codec-http2/4.1.30.Final/netty-codec-http2-4.1.30.Final.jar:/home/user/.m2/repository/io/netty/netty-codec-http/4.1.30.Final/netty-codec-http-4.1.30.Final.jar:/home/user/.m2/repository/io/netty/netty-codec/4.1.30.Final/netty-codec-4.1.30.Final.jar:/home/user/.m2/repository/io/netty/netty-handler/4.1.30.Final/netty-handler-4.1.30.Final.jar:/home/user/.m2/repository/io/netty/netty-handler-proxy/4.1.30.Final/netty-handler-proxy-4.1.30.Final.jar:/home/user/.m2/repository/io/netty/netty-codec-socks/4.1.30.Final/netty-codec-socks-4.1.30.Final.jar:/home/user/.m2/repository/io/netty/netty-transport-native-epoll/4.1.30.Final/netty-transport-native-epoll-4.1.30.Final.jar:/home/user/.m2/repository/io/netty/netty-common/4.1.30.Final/netty-common-4.1.30.Final.jar:/home/user/.m2/repository/io/netty/netty-buffer/4.1.30.Final/netty-buffer-4.1.30.Final.jar:/home/user/.m2/repository/io/netty/netty-transport/4.1.30.Final/netty-transport-4.1.30.Final.jar:/home/user/.m2/repository/io/netty/netty-resolver/4.1.30.Final/netty-resolver-4.1.30.Final.jar:/home/user/.m2/repository/io/netty/netty-transport-native-unix-common/4.1.30.Final/netty-transport-native-unix-common-4.1.30.Final.jar:/home/user/.m2/repository/io/grpc/grpc-protobuf/1.17.1/grpc-protobuf-1.17.1.jar:/home/user/.m2/repository/com/google/api/grpc/proto-google-common-protos/1.0.0/proto-google-common-protos-1.0.0.jar:/home/user/.m2/repository/io/grpc/grpc-protobuf-lite/1.17.1/grpc-protobuf-lite-1.17.1.jar:/home/user/.m2/repository/io/grpc/grpc-stub/1.17.1/grpc-stub-1.17.1.jar:/home/user/.m2/repository/org/apache/hadoop/hadoop-ozone-recon/0.5.0-SNAPSHOT/hadoop-ozone-recon-0.5.0-SNAPSHOT.jar:/home/user/.m2/repository/org/apache/hadoop/hadoop-ozone-reconcodegen/0.5.0-SNAPSHOT/hadoop-ozone-reconcodegen-0.5.0-SNAPSHOT.jar:/home/user/.m2/repository/com/google/inject/extensions/guice-multibindings/4.0/guice-multibindings-4.0.jar:/home/user/.m2/repository/com/google/inject/guice/4.0/guice-4.0.jar:/home/user/.m2/repository/aopalliance/aopalliance/1.0/aopalliance-1.0.jar:/home/user/.m2/repository/com/google/inject/extensions/guice-servlet/4.0/guice-servlet-4.0.jar:/home/user/.m2/repository/org/glassfish/jersey/containers/jersey-container-servlet/2.27/jersey-container-servlet-2.27.jar:/home/user/.m2/repository/org/glassfish/hk2/guice-bridge/2.5.0/guice-bridge-2.5.0.jar:/home/user/.m2/repository/org/glassfish/jersey/core/jersey-server/2.27/jersey-server-2.27.jar:/home/user/.m2/repository/org/glassfish/jersey/core/jersey-client/2.27/jersey-client-2.27.jar:/home/user/.m2/repository/org/glassfish/jersey/media/jersey-media-jaxb/2.27/jersey-media-jaxb-2.27.jar:/home/user/.m2/repository/javax/validation/validation-api/1.1.0.Final/validation-api-1.1.0.Final.jar:/home/user/.m2/repository/org/glassfish/jersey/media/jersey-media-json-jackson/2.27/jersey-media-json-jackson-2.27.jar:/home/user/.m2/repository/org/glassfish/jersey/ext/jersey-entity-filtering/2.27/jersey-entity-filtering-2.27.jar:/home/user/.m2/repository/com/google/inject/extensions/guice-assistedinject/4.0/guice-assistedinject-4.0.jar:/home/user/.m2/repository/org/jooq/jooq/3.11.10/jooq-3.11.10.jar:/home/user/.m2/repository/org/jooq/jooq-meta/3.11.10/jooq-meta-3.11.10.jar:/home/user/.m2/repository/org/jooq/jooq-codegen/3.11.10/jooq-codegen-3.11.10.jar:/home/user/.m2/repository/com/jolbox/bonecp/0.8.0.RELEASE/bonecp-0.8.0.RELEASE.jar:/home/user/.m2/repository/org/xerial/sqlite-jdbc/3.25.2/sqlite-jdbc-3.25.2.jar:/home/user/.m2/repository/org/springframework/spring-jdbc/5.1.3.RELEASE/spring-jdbc-5.1.3.RELEASE.jar:/home/user/.m2/repository/org/springframework/spring-beans/5.1.3.RELEASE/spring-beans-5.1.3.RELEASE.jar:/home/user/.m2/repository/org/springframework/spring-core/5.1.3.RELEASE/spring-core-5.1.3.RELEASE.jar:/home/user/.m2/repository/org/springframework/spring-jcl/5.1.3.RELEASE/spring-jcl-5.1.3.RELEASE.jar:/home/user/.m2/repository/org/springframework/spring-tx/5.1.3.RELEASE/spring-tx-5.1.3.RELEASE.jar:/home/user/.m2/repository/org/apache/hadoop/hadoop-ozone-client/0.5.0-SNAPSHOT/hadoop-ozone-client-0.5.0-SNAPSHOT.jar:/home/user/.m2/repository/commons-lang/commons-lang/2.6/commons-lang-2.6.jar:/home/user/.m2/repository/org/apache/hadoop/hadoop-ozone-ozone-manager/0.5.0-SNAPSHOT/hadoop-ozone-ozone-manager-0.5.0-SNAPSHOT-tests.jar:/home/user/.m2/repository/junit/junit/4.11/junit-4.11.jar:/home/user/.m2/repository/org/hamcrest/hamcrest-core/1.3/hamcrest-core-1.3.jar:/home/user/.m2/repository/org/openjdk/jmh/jmh-core/1.19/jmh-core-1.19.jar:/home/user/.m2/repository/net/sf/jopt-simple/jopt-simple/4.6/jopt-simple-4.6.jar:/home/user/.m2/repository/org/apache/commons/commons-math3/3.1.1/commons-math3-3.1.1.jar:/home/user/.m2/repository/org/openjdk/jmh/jmh-generator-annprocess/1.19/jmh-generator-annprocess-1.19.jar:/home/user/.m2/repository/org/mockito/mockito-all/1.8.5/mockito-all-1.8.5.jar:/home/user/.m2/repository/org/apache/hadoop/hadoop-kms/3.2.0/hadoop-kms-3.2.0.jar:/home/user/.m2/repository/org/apache/hadoop/hadoop-auth/3.2.0/hadoop-auth-3.2.0.jar:/home/user/.m2/repository/com/nimbusds/nimbus-jose-jwt/4.41.1/nimbus-jose-jwt-4.41.1.jar:/home/user/.m2/repository/com/github/stephenc/jcip/jcip-annotations/1.0-1/jcip-annotations-1.0-1.jar:/home/user/.m2/repository/net/minidev/json-smart/2.3/json-smart-2.3.jar:/home/user/.m2/repository/net/minidev/accessors-smart/1.2/accessors-smart-1.2.jar:/home/user/.m2/repository/org/ow2/asm/asm/5.0.4/asm-5.0.4.jar:/home/user/.m2/repository/org/apache/curator/curator-framework/2.12.0/curator-framework-2.12.0.jar:/home/user/.m2/repository/com/sun/jersey/jersey-core/1.19/jersey-core-1.19.jar:/home/user/.m2/repository/javax/ws/rs/jsr311-api/1.1.1/jsr311-api-1.1.1.jar:/home/user/.m2/repository/com/sun/jersey/jersey-server/1.19/jersey-server-1.19.jar:/home/user/.m2/repository/javax/servlet/javax.servlet-api/3.1.0/javax.servlet-api-3.1.0.jar:/home/user/.m2/repository/org/eclipse/jetty/jetty-server/9.3.24.v20180605/jetty-server-9.3.24.v20180605.jar:/home/user/.m2/repository/org/eclipse/jetty/jetty-http/9.3.24.v20180605/jetty-http-9.3.24.v20180605.jar:/home/user/.m2/repository/org/eclipse/jetty/jetty-io/9.3.24.v20180605/jetty-io-9.3.24.v20180605.jar:/home/user/.m2/repository/org/eclipse/jetty/jetty-webapp/9.3.24.v20180605/jetty-webapp-9.3.24.v20180605.jar:/home/user/.m2/repository/org/eclipse/jetty/jetty-xml/9.3.24.v20180605/jetty-xml-9.3.24.v20180605.jar:/home/user/.m2/repository/log4j/log4j/1.2.17/log4j-1.2.17.jar:/home/user/.m2/repository/org/slf4j/slf4j-api/1.7.25/slf4j-api-1.7.25.jar:/home/user/.m2/repository/org/slf4j/jul-to-slf4j/1.7.25/jul-to-slf4j-1.7.25.jar:/home/user/.m2/repository/org/eclipse/jetty/jetty-util/9.3.24.v20180605/jetty-util-9.3.24.v20180605.jar:/home/user/.m2/repository/com/fasterxml/jackson/core/jackson-databind/2.9.5/jackson-databind-2.9.5.jar:/home/user/.m2/repository/org/apache/hadoop/hadoop-kms/3.2.0/hadoop-kms-3.2.0-tests.jar:/home/user/.m2/repository/org/apache/hadoop/hadoop-hdds-server-scm/0.5.0-SNAPSHOT/hadoop-hdds-server-scm-0.5.0-SNAPSHOT-tests.jar:/home/user/.m2/repository/org/apache/hadoop/hadoop-hdds-container-service/0.5.0-SNAPSHOT/hadoop-hdds-container-service-0.5.0-SNAPSHOT-tests.jar:/home/user/.m2/repository/org/yaml/snakeyaml/1.16/snakeyaml-1.16.jar:/home/user/.m2/repository/org/apache/hadoop/hadoop-common/3.2.0/hadoop-common-3.2.0-tests.jar:/home/user/.m2/repository/org/apache/hadoop/hadoop-annotations/3.2.0/hadoop-annotations-3.2.0.jar:/usr/lib/jvm/java-1.8-openjdk/jre/../lib/tools.jar:/home/user/.m2/repository/commons-cli/commons-cli/1.2/commons-cli-1.2.jar:/home/user/.m2/repository/org/apache/httpcomponents/httpclient/4.5.2/httpclient-4.5.2.jar:/home/user/.m2/repository/org/apache/httpcomponents/httpcore/4.4.4/httpcore-4.4.4.jar:/home/user/.m2/repository/commons-codec/commons-codec/1.11/commons-codec-1.11.jar:/home/user/.m2/repository/commons-net/commons-net/3.6/commons-net-3.6.jar:/home/user/.m2/repository/commons-collections/commons-collections/3.2.2/commons-collections-3.2.2.jar:/home/user/.m2/repository/org/eclipse/jetty/jetty-servlet/9.3.24.v20180605/jetty-servlet-9.3.24.v20180605.jar:/home/user/.m2/repository/org/eclipse/jetty/jetty-security/9.3.24.v20180605/jetty-security-9.3.24.v20180605.jar:/home/user/.m2/repository/javax/servlet/jsp/jsp-api/2.1/jsp-api-2.1.jar:/home/user/.m2/repository/com/sun/jersey/jersey-servlet/1.19/jersey-servlet-1.19.jar:/home/user/.m2/repository/com/sun/jersey/jersey-json/1.19/jersey-json-1.19.jar:/home/user/.m2/repository/org/codehaus/jettison/jettison/1.1/jettison-1.1.jar:/home/user/.m2/repository/org/codehaus/jackson/jackson-core-asl/1.9.13/jackson-core-asl-1.9.13.jar:/home/user/.m2/repository/org/codehaus/jackson/jackson-mapper-asl/1.9.13/jackson-mapper-asl-1.9.13.jar:/home/user/.m2/repository/org/codehaus/jackson/jackson-jaxrs/1.9.13/jackson-jaxrs-1.9.13.jar:/home/user/.m2/repository/org/codehaus/jackson/jackson-xc/1.9.13/jackson-xc-1.9.13.jar:/home/user/.m2/repository/commons-logging/commons-logging/1.1.3/commons-logging-1.1.3.jar:/home/user/.m2/repository/commons-beanutils/commons-beanutils/1.9.3/commons-beanutils-1.9.3.jar:/home/user/.m2/repository/org/apache/commons/commons-configuration2/2.1.1/commons-configuration2-2.1.1.jar:/home/user/.m2/repository/org/apache/commons/commons-lang3/3.7/commons-lang3-3.7.jar:/home/user/.m2/repository/org/apache/commons/commons-text/1.4/commons-text-1.4.jar:/home/user/.m2/repository/org/apache/avro/avro/1.7.7/avro-1.7.7.jar:/home/user/.m2/repository/com/thoughtworks/paranamer/paranamer/2.3/paranamer-2.3.jar:/home/user/.m2/repository/org/xerial/snappy/snappy-java/1.0.5/snappy-java-1.0.5.jar:/home/user/.m2/repository/com/google/re2j/re2j/1.1/re2j-1.1.jar:/home/user/.m2/repository/com/google/code/gson/gson/2.2.4/gson-2.2.4.jar:/home/user/.m2/repository/com/jcraft/jsch/0.1.54/jsch-0.1.54.jar:/home/user/.m2/repository/org/apache/curator/curator-client/2.12.0/curator-client-2.12.0.jar:/home/user/.m2/repository/org/apache/curator/curator-recipes/2.12.0/curator-recipes-2.12.0.jar:/home/user/.m2/repository/com/google/code/findbugs/jsr305/3.0.0/jsr305-3.0.0.jar:/home/user/.m2/repository/org/apache/htrace/htrace-core4/4.1.0-incubating/htrace-core4-4.1.0-incubating.jar:/home/user/.m2/repository/org/apache/zookeeper/zookeeper/3.4.13/zookeeper-3.4.13.jar:/home/user/.m2/repository/org/apache/yetus/audience-annotations/0.5.0/audience-annotations-0.5.0.jar:/home/user/.m2/repository/org/codehaus/woodstox/stax2-api/3.1.4/stax2-api-3.1.4.jar:/home/user/.m2/repository/com/fasterxml/woodstox/woodstox-core/5.0.3/woodstox-core-5.0.3.jar:/home/user/.m2/repository/dnsjava/dnsjava/2.1.7/dnsjava-2.1.7.jar:/home/user/.m2/repository/org/apache/hadoop/hadoop-hdfs/3.2.0/hadoop-hdfs-3.2.0-tests.jar:/home/user/.m2/repository/org/eclipse/jetty/jetty-util-ajax/9.3.24.v20180605/jetty-util-ajax-9.3.24.v20180605.jar:/home/user/.m2/repository/commons-daemon/commons-daemon/1.0.13/commons-daemon-1.0.13.jar:/home/user/.m2/repository/io/netty/netty/3.10.5.Final/netty-3.10.5.Final.jar:/home/user/.m2/repository/io/netty/netty-all/4.0.52.Final/netty-all-4.0.52.Final.jar:/home/user/.m2/repository/org/fusesource/leveldbjni/leveldbjni-all/1.8/leveldbjni-all-1.8.jar:"/>
    <property name="sun.cpu.endian" value="little"/>
    <property name="user.home" value="/home/user"/>
    <property name="user.language" value="en"/>
    <property name="java.specification.vendor" value="Oracle Corporation"/>
    <property name="java.home" value="/usr/lib/jvm/java-1.8-openjdk/jre"/>
    <property name="java.security.krb5.conf" value="/workdir/hadoop-ozone/integration-test/target/test-classes/krb5.conf"/>
    <property name="basedir" value="/workdir/hadoop-ozone/integration-test"/>
    <property name="file.separator" value="/"/>
    <property name="line.separator" value="&#10;"/>
    <property name="java.vm.specification.vendor" value="Oracle Corporation"/>
    <property name="java.specification.name" value="Java Platform API Specification"/>
    <property name="java.awt.graphicsenv" value="sun.awt.X11GraphicsEnvironment"/>
    <property name="surefire.real.class.path" value="/workdir/hadoop-ozone/integration-test/target/surefire/surefirebooter4364873186776406684.jar"/>
    <property name="hadoop.log.dir" value="/workdir/hadoop-ozone/integration-test/target/log"/>
    <property name="sun.boot.class.path" value="/usr/lib/jvm/java-1.8-openjdk/jre/lib/resources.jar:/usr/lib/jvm/java-1.8-openjdk/jre/lib/rt.jar:/usr/lib/jvm/java-1.8-openjdk/jre/lib/sunrsasign.jar:/usr/lib/jvm/java-1.8-openjdk/jre/lib/jsse.jar:/usr/lib/jvm/java-1.8-openjdk/jre/lib/jce.jar:/usr/lib/jvm/java-1.8-openjdk/jre/lib/charsets.jar:/usr/lib/jvm/java-1.8-openjdk/jre/lib/jfr.jar:/usr/lib/jvm/java-1.8-openjdk/jre/classes"/>
    <property name="sun.management.compiler" value="HotSpot 64-Bit Tiered Compilers"/>
    <property name="java.runtime.version" value="1.8.0_212-b04"/>
    <property name="java.net.preferIPv4Stack" value="true"/>
    <property name="user.name" value="jenkins1000"/>
    <property name="path.separator" value=":"/>
    <property name="java.security.egd" value="file:///dev/urandom"/>
    <property name="os.version" value="3.10.0-957.12.2.el7.x86_64"/>
    <property name="java.endorsed.dirs" value="/usr/lib/jvm/java-1.8-openjdk/jre/lib/endorsed"/>
    <property name="java.runtime.name" value="OpenJDK Runtime Environment"/>
    <property name="file.encoding" value="UTF-8"/>
    <property name="java.vm.name" value="OpenJDK 64-Bit Server VM"/>
    <property name="test.build.webapps" value=""/>
    <property name="localRepository" value="/home/user/.m2/repository"/>
    <property name="java.vendor.url.bug" value="https://icedtea.classpath.org/bugzilla"/>
    <property name="java.io.tmpdir" value="/tmp"/>
    <property name="require.test.libhadoop" value=""/>
    <property name="java.version" value="1.8.0_212"/>
    <property name="user.dir" value="/workdir/hadoop-ozone/integration-test"/>
    <property name="os.arch" value="amd64"/>
    <property name="java.vm.specification.name" value="Java Virtual Machine Specification"/>
    <property name="test.build.classes" value="/workdir/hadoop-ozone/integration-test/target/test-classes"/>
    <property name="java.awt.printerjob" value="sun.print.PSPrinterJob"/>
    <property name="sun.os.patch.level" value="unknown"/>
    <property name="hadoop.tmp.dir" value="/workdir/hadoop-ozone/integration-test/target/tmp"/>
    <property name="java.library.path" value="/usr/lib/jvm/java-1.8-openjdk/jre/lib/amd64/server:/usr/lib/jvm/java-1.8-openjdk/jre/lib/amd64:/usr/lib/jvm/java-1.8-openjdk/jre/../lib/amd64:/workdir/hadoop-ozone/integration-test/target/native/target/usr/local/lib:/workdir/hadoop-ozone/integration-test/../../hadoop-common-project/hadoop-common/target/native/target/usr/local/lib:/usr/java/packages/lib/amd64:/usr/lib64:/lib64:/lib:/usr/lib"/>
    <property name="java.vm.info" value="mixed mode"/>
    <property name="java.vendor" value="IcedTea"/>
    <property name="java.vm.version" value="25.212-b04"/>
    <property name="java.ext.dirs" value="/usr/lib/jvm/java-1.8-openjdk/jre/lib/ext:/usr/java/packages/lib/ext"/>
    <property name="sun.io.unicode.encoding" value="UnicodeLittle"/>
    <property name="java.class.version" value="52.0"/>
  </properties>
  <testcase name="testGroupMismatchExceptionHandling" classname="org.apache.hadoop.ozone.client.rpc.TestOzoneClientRetriesOnException" time="51.174"/>
  <testcase name="testMaxRetriesByOzoneClient" classname="org.apache.hadoop.ozone.client.rpc.TestOzoneClientRetriesOnException" time="360.689">
    <error message="Failed to command cmdType: CreateContainer&#10;containerID: 1&#10;datanodeUuid: &quot;129cf440-9aa6-4f56-b440-e84d0b76b9e5&quot;&#10;createContainer {&#10;}&#10;" type="java.io.IOException">java.io.IOException: 
Failed to command cmdType: CreateContainer
containerID: 1
datanodeUuid: "129cf440-9aa6-4f56-b440-e84d0b76b9e5"
createContainer {
}

	at org.apache.hadoop.hdds.scm.XceiverClientSpi.sendCommand(XceiverClientSpi.java:113)
	at org.apache.hadoop.ozone.client.rpc.TestOzoneClientRetriesOnException.testMaxRetriesByOzoneClient(TestOzoneClientRetriesOnException.java:190)
	at sun.reflect.NativeMethodAccessorImpl.invoke0(Native Method)
	at sun.reflect.NativeMethodAccessorImpl.invoke(NativeMethodAccessorImpl.java:62)
	at sun.reflect.DelegatingMethodAccessorImpl.invoke(DelegatingMethodAccessorImpl.java:43)
	at java.lang.reflect.Method.invoke(Method.java:498)
	at org.junit.runners.model.FrameworkMethod$1.runReflectiveCall(FrameworkMethod.java:47)
	at org.junit.internal.runners.model.ReflectiveCallable.run(ReflectiveCallable.java:12)
	at org.junit.runners.model.FrameworkMethod.invokeExplosively(FrameworkMethod.java:44)
	at org.junit.internal.runners.statements.InvokeMethod.evaluate(InvokeMethod.java:17)
	at org.junit.internal.runners.statements.RunBefores.evaluate(RunBefores.java:26)
	at org.junit.internal.runners.statements.RunAfters.evaluate(RunAfters.java:27)
	at org.junit.runners.ParentRunner.runLeaf(ParentRunner.java:271)
	at org.junit.runners.BlockJUnit4ClassRunner.runChild(BlockJUnit4ClassRunner.java:70)
	at org.junit.runners.BlockJUnit4ClassRunner.runChild(BlockJUnit4ClassRunner.java:50)
	at org.junit.runners.ParentRunner$3.run(ParentRunner.java:238)
	at org.junit.runners.ParentRunner$1.schedule(ParentRunner.java:63)
	at org.junit.runners.ParentRunner.runChildren(ParentRunner.java:236)
	at org.junit.runners.ParentRunner.access$000(ParentRunner.java:53)
	at org.junit.runners.ParentRunner$2.evaluate(ParentRunner.java:229)
	at org.junit.runners.ParentRunner.run(ParentRunner.java:309)
	at org.apache.maven.surefire.junit4.JUnit4Provider.execute(JUnit4Provider.java:365)
	at org.apache.maven.surefire.junit4.JUnit4Provider.executeWithRerun(JUnit4Provider.java:273)
	at org.apache.maven.surefire.junit4.JUnit4Provider.executeTestSet(JUnit4Provider.java:238)
	at org.apache.maven.surefire.junit4.JUnit4Provider.invoke(JUnit4Provider.java:159)
	at org.apache.maven.surefire.booter.ForkedBooter.invokeProviderInSameClassLoader(ForkedBooter.java:384)
	at org.apache.maven.surefire.booter.ForkedBooter.runSuitesInProcess(ForkedBooter.java:345)
	at org.apache.maven.surefire.booter.ForkedBooter.execute(ForkedBooter.java:126)
	at org.apache.maven.surefire.booter.ForkedBooter.main(ForkedBooter.java:418)
Caused by: java.util.concurrent.ExecutionException: org.apache.ratis.protocol.RaftRetryFailureException: Failed RaftClientRequest:client-166A520B6E3C->31202bf3-e3ef-401b-98b9-369e6d4f3507@group-7FC7981111D6, cid=45, seq=3*, RW, org.apache.hadoop.hdds.scm.XceiverClientRatis$$Lambda$329/218688965@a29b508 for 180 attempts with RetryLimited(maxAttempts=180, sleepTime=1000ms)
	at java.util.concurrent.CompletableFuture.reportGet(CompletableFuture.java:357)
	at java.util.concurrent.CompletableFuture.get(CompletableFuture.java:1895)
	at org.apache.hadoop.hdds.scm.XceiverClientSpi.sendCommand(XceiverClientSpi.java:110)
	... 28 more
Caused by: org.apache.ratis.protocol.RaftRetryFailureException: Failed RaftClientRequest:client-166A520B6E3C->31202bf3-e3ef-401b-98b9-369e6d4f3507@group-7FC7981111D6, cid=45, seq=3*, RW, org.apache.hadoop.hdds.scm.XceiverClientRatis$$Lambda$329/218688965@a29b508 for 180 attempts with RetryLimited(maxAttempts=180, sleepTime=1000ms)
	at org.apache.ratis.client.impl.RaftClientImpl.noMoreRetries(RaftClientImpl.java:272)
	at org.apache.ratis.client.impl.OrderedAsync.handleAsyncRetryFailure(OrderedAsync.java:138)
	at org.apache.ratis.client.impl.OrderedAsync.lambda$sendRequest$10(OrderedAsync.java:230)
	at java.util.concurrent.CompletableFuture.uniExceptionally(CompletableFuture.java:870)
	at java.util.concurrent.CompletableFuture$UniExceptionally.tryFire(CompletableFuture.java:852)
	at java.util.concurrent.CompletableFuture.postComplete(CompletableFuture.java:474)
	at java.util.concurrent.CompletableFuture.completeExceptionally(CompletableFuture.java:1977)
	at org.apache.ratis.grpc.client.GrpcClientProtocolClient$AsyncStreamObservers.completeReplyExceptionally(GrpcClientProtocolClient.java:330)
	at org.apache.ratis.grpc.client.GrpcClientProtocolClient$AsyncStreamObservers.access$000(GrpcClientProtocolClient.java:246)
	at org.apache.ratis.grpc.client.GrpcClientProtocolClient$AsyncStreamObservers$1.onNext(GrpcClientProtocolClient.java:258)
	at org.apache.ratis.grpc.client.GrpcClientProtocolClient$AsyncStreamObservers$1.onNext(GrpcClientProtocolClient.java:249)
	at org.apache.ratis.thirdparty.io.grpc.stub.ClientCalls$StreamObserverToCallListenerAdapter.onMessage(ClientCalls.java:421)
	at org.apache.ratis.thirdparty.io.grpc.ForwardingClientCallListener.onMessage(ForwardingClientCallListener.java:33)
	at org.apache.ratis.thirdparty.io.grpc.ForwardingClientCallListener.onMessage(ForwardingClientCallListener.java:33)
	at org.apache.ratis.thirdparty.io.grpc.internal.ClientCallImpl$ClientStreamListenerImpl$1MessagesAvailable.runInContext(ClientCallImpl.java:519)
	at org.apache.ratis.thirdparty.io.grpc.internal.ContextRunnable.run(ContextRunnable.java:37)
	at org.apache.ratis.thirdparty.io.grpc.internal.SerializingExecutor.run(SerializingExecutor.java:123)
	at java.util.concurrent.ThreadPoolExecutor.runWorker(ThreadPoolExecutor.java:1149)
	at java.util.concurrent.ThreadPoolExecutor$Worker.run(ThreadPoolExecutor.java:624)
	at java.lang.Thread.run(Thread.java:748)
Caused by: org.apache.ratis.protocol.NotLeaderException: Server 31202bf3-e3ef-401b-98b9-369e6d4f3507 is not the leader (c8986603-afcd-4cf8-afcf-c6b45c0b43cc:192.168.69.87:46863). Request must be sent to leader.
	at org.apache.ratis.client.impl.ClientProtoUtils.toRaftClientReply(ClientProtoUtils.java:242)
	at org.apache.ratis.grpc.client.GrpcClientProtocolClient$AsyncStreamObservers$1.onNext(GrpcClientProtocolClient.java:254)
	... 10 more
</error>
    <system-out><![CDATA[2019-08-29 09:37:34,863 [main] WARN  server.ServerUtils (ServerUtils.java:getScmDbDir(145)) - ozone.scm.db.dirs is not configured. We recommend adding this setting. Falling back to ozone.metadata.dirs instead.
2019-08-29 09:37:34,935 [main] WARN  server.ServerUtils (ServerUtils.java:getScmDbDir(145)) - ozone.scm.db.dirs is not configured. We recommend adding this setting. Falling back to ozone.metadata.dirs instead.
2019-08-29 09:37:34,936 [main] WARN  server.ServerUtils (ServerUtils.java:getScmDbDir(145)) - ozone.scm.db.dirs is not configured. We recommend adding this setting. Falling back to ozone.metadata.dirs instead.
2019-08-29 09:37:34,937 [main] INFO  db.DBStoreBuilder (DBStoreBuilder.java:addTable(110)) - using custom profile for table: deletedBlocks
2019-08-29 09:37:34,937 [main] INFO  db.DBStoreBuilder (DBStoreBuilder.java:processTables(161)) - Using default column profile:DBProfile.DISK for Table:deletedBlocks
2019-08-29 09:37:34,937 [main] INFO  db.DBStoreBuilder (DBStoreBuilder.java:addTable(110)) - using custom profile for table: validCerts
2019-08-29 09:37:34,938 [main] INFO  db.DBStoreBuilder (DBStoreBuilder.java:processTables(161)) - Using default column profile:DBProfile.DISK for Table:validCerts
2019-08-29 09:37:34,938 [main] INFO  db.DBStoreBuilder (DBStoreBuilder.java:addTable(110)) - using custom profile for table: revokedCerts
2019-08-29 09:37:34,938 [main] INFO  db.DBStoreBuilder (DBStoreBuilder.java:processTables(161)) - Using default column profile:DBProfile.DISK for Table:revokedCerts
2019-08-29 09:37:34,939 [main] INFO  db.DBStoreBuilder (DBStoreBuilder.java:addTable(110)) - using custom profile for table: default
2019-08-29 09:37:34,939 [main] INFO  db.DBStoreBuilder (DBStoreBuilder.java:processTables(167)) - Using default column profile:DBProfile.DISK for Table:default
2019-08-29 09:37:34,939 [main] INFO  db.DBStoreBuilder (DBStoreBuilder.java:getDbProfile(198)) - Using default options. DBProfile.DISK
2019-08-29 09:37:35,440 [main] INFO  net.NodeSchemaLoader (NodeSchemaLoader.java:loadSchemaFromFile(125)) - Loading file from sun.misc.CompoundEnumeration@52b46d52
2019-08-29 09:37:35,440 [main] INFO  net.NodeSchemaLoader (NodeSchemaLoader.java:loadSchema(171)) - Loading network topology layer schema file
2019-08-29 09:37:35,444 [main] WARN  server.ServerUtils (ServerUtils.java:sanitizeUserArgs(70)) - ozone.scm.stale.node.interval value = 300000 is larger than max = 100000 based on the key value of ozone.scm.heartbeat.thread.interval, reset to the max value 100000.
2019-08-29 09:37:35,445 [main] WARN  server.ServerUtils (ServerUtils.java:sanitizeUserArgs(70)) - ozone.scm.stale.node.interval value = 300000 is larger than max = 100000 based on the key value of ozone.scm.heartbeat.thread.interval, reset to the max value 100000.
2019-08-29 09:37:35,445 [main] INFO  node.SCMNodeManager (SCMNodeManager.java:<init>(114)) - Entering startup safe mode.
2019-08-29 09:37:35,446 [main] INFO  algorithms.ContainerPlacementPolicyFactory (ContainerPlacementPolicyFactory.java:getPolicy(55)) - Create container placement policy of type org.apache.hadoop.hdds.scm.container.placement.algorithms.SCMContainerPlacementRandom
2019-08-29 09:37:35,446 [main] WARN  server.ServerUtils (ServerUtils.java:getScmDbDir(145)) - ozone.scm.db.dirs is not configured. We recommend adding this setting. Falling back to ozone.metadata.dirs instead.
2019-08-29 09:37:35,640 [main] INFO  pipeline.SCMPipelineManager (SCMPipelineManager.java:initializePipelineState(126)) - No pipeline exists in current db
2019-08-29 09:37:35,640 [main] WARN  server.ServerUtils (ServerUtils.java:getScmDbDir(145)) - ozone.scm.db.dirs is not configured. We recommend adding this setting. Falling back to ozone.metadata.dirs instead.
2019-08-29 09:37:35,821 [main] WARN  events.EventQueue (EventQueue.java:fireEvent(183)) - No event handler registered for event TypedEvent{payloadType=SafeModeStatus, name='SafeModeStatus'}
2019-08-29 09:37:35,822 [main] INFO  ipc.CallQueueManager (CallQueueManager.java:<init>(84)) - Using callQueue: class java.util.concurrent.LinkedBlockingQueue, queueCapacity: 2000, scheduler: class org.apache.hadoop.ipc.DefaultRpcScheduler, ipcBackoff: false.
2019-08-29 09:37:35,823 [Socket Reader #1 for port 33562] INFO  ipc.Server (Server.java:run(1074)) - Starting Socket Reader #1 for port 33562
2019-08-29 09:37:35,825 [main] INFO  ipc.CallQueueManager (CallQueueManager.java:<init>(84)) - Using callQueue: class java.util.concurrent.LinkedBlockingQueue, queueCapacity: 2000, scheduler: class org.apache.hadoop.ipc.DefaultRpcScheduler, ipcBackoff: false.
2019-08-29 09:37:35,827 [Socket Reader #1 for port 41599] INFO  ipc.Server (Server.java:run(1074)) - Starting Socket Reader #1 for port 41599
2019-08-29 09:37:35,828 [main] INFO  ipc.CallQueueManager (CallQueueManager.java:<init>(84)) - Using callQueue: class java.util.concurrent.LinkedBlockingQueue, queueCapacity: 2000, scheduler: class org.apache.hadoop.ipc.DefaultRpcScheduler, ipcBackoff: false.
2019-08-29 09:37:35,829 [Socket Reader #1 for port 46190] INFO  ipc.Server (Server.java:run(1074)) - Starting Socket Reader #1 for port 46190
2019-08-29 09:37:35,832 [main] INFO  hdfs.DFSUtil (DFSUtil.java:httpServerTemplateForNNAndJN(1641)) - Starting Web-server for scm at: http://0.0.0.0:0
2019-08-29 09:37:35,835 [main] INFO  server.AuthenticationFilter (AuthenticationFilter.java:constructSecretProvider(240)) - Unable to initialize FileSignerSecretProvider, falling back to use random secrets.
2019-08-29 09:37:35,836 [main] WARN  http.HttpRequestLog (HttpRequestLog.java:getRequestLog(97)) - Jetty request log can only be enabled using Log4j
2019-08-29 09:37:35,839 [main] INFO  http.HttpServer2 (HttpServer2.java:addGlobalFilter(975)) - Added global filter 'safety' (class=org.apache.hadoop.http.HttpServer2$QuotingInputFilter)
2019-08-29 09:37:35,840 [main] INFO  http.HttpServer2 (HttpServer2.java:addFilter(948)) - Added filter static_user_filter (class=org.apache.hadoop.http.lib.StaticUserWebFilter$StaticUserFilter) to context scm
2019-08-29 09:37:35,840 [main] INFO  http.HttpServer2 (HttpServer2.java:addFilter(958)) - Added filter static_user_filter (class=org.apache.hadoop.http.lib.StaticUserWebFilter$StaticUserFilter) to context static
2019-08-29 09:37:35,840 [main] INFO  http.HttpServer2 (HttpServer2.java:addFilter(958)) - Added filter static_user_filter (class=org.apache.hadoop.http.lib.StaticUserWebFilter$StaticUserFilter) to context logs
2019-08-29 09:37:35,844 [main] INFO  server.StorageContainerManager (StorageContainerManager.java:start(759)) - StorageContainerLocationProtocol RPC server is listening at /0.0.0.0:46190
2019-08-29 09:37:35,847 [main] WARN  impl.MetricsConfig (MetricsConfig.java:loadFirst(134)) - Cannot locate configuration: tried hadoop-metrics2-storagecontainermanager.properties,hadoop-metrics2.properties
2019-08-29 09:37:35,849 [main] INFO  impl.MetricsSystemImpl (MetricsSystemImpl.java:startTimer(374)) - Scheduled Metric snapshot period at 10 second(s).
2019-08-29 09:37:35,849 [main] INFO  impl.MetricsSystemImpl (MetricsSystemImpl.java:start(191)) - StorageContainerManager metrics system started
2019-08-29 09:37:35,871 [main] WARN  impl.MetricsSystemImpl (MetricsSystemImpl.java:register(276)) - Sink prometheus already exists!
2019-08-29 09:37:35,890 [main] INFO  server.SCMClientProtocolServer (SCMClientProtocolServer.java:start(151)) - RPC server for Client  is listening at /0.0.0.0:46190
2019-08-29 09:37:35,890 [IPC Server Responder] INFO  ipc.Server (Server.java:run(1314)) - IPC Server Responder: starting
2019-08-29 09:37:35,890 [IPC Server listener on 46190] INFO  ipc.Server (Server.java:run(1153)) - IPC Server listener on 46190: starting
2019-08-29 09:37:35,894 [main] INFO  server.StorageContainerManager (StorageContainerManager.java:start(769)) - ScmBlockLocationProtocol RPC server is listening at /0.0.0.0:41599
2019-08-29 09:37:35,895 [main] INFO  server.SCMBlockProtocolServer (SCMBlockProtocolServer.java:start(146)) - RPC server for Block Protocol is listening at /0.0.0.0:41599
2019-08-29 09:37:35,896 [IPC Server listener on 41599] INFO  ipc.Server (Server.java:run(1153)) - IPC Server listener on 41599: starting
2019-08-29 09:37:35,896 [IPC Server Responder] INFO  ipc.Server (Server.java:run(1314)) - IPC Server Responder: starting
2019-08-29 09:37:35,899 [main] INFO  server.StorageContainerManager (StorageContainerManager.java:start(773)) - ScmDatanodeProtocl RPC server is listening at /0.0.0.0:33562
2019-08-29 09:37:35,900 [main] INFO  server.SCMDatanodeProtocolServer (SCMDatanodeProtocolServer.java:start(191)) - RPC server for DataNodes is listening at /0.0.0.0:33562
2019-08-29 09:37:35,900 [IPC Server Responder] INFO  ipc.Server (Server.java:run(1314)) - IPC Server Responder: starting
2019-08-29 09:37:35,900 [IPC Server listener on 33562] INFO  ipc.Server (Server.java:run(1153)) - IPC Server listener on 33562: starting
2019-08-29 09:37:35,904 [main] INFO  http.HttpServer2 (HttpServer2.java:bindListener(1191)) - Jetty bound to port 38573
2019-08-29 09:37:35,904 [main] INFO  server.Server (Server.java:doStart(351)) - jetty-9.3.24.v20180605, build timestamp: 2018-06-05T17:11:56Z, git hash: 84205aa28f11a4f31f2a3b86d1bba2cc8ab69827
2019-08-29 09:37:35,907 [main] INFO  handler.ContextHandler (ContextHandler.java:doStart(781)) - Started o.e.j.s.ServletContextHandler@68f6e55d{/logs,file:///workdir/hadoop-ozone/integration-test/target/log,AVAILABLE}
2019-08-29 09:37:35,907 [main] INFO  handler.ContextHandler (ContextHandler.java:doStart(781)) - Started o.e.j.s.ServletContextHandler@1835dc92{/static,file:///workdir/hadoop-ozone/integration-test/target/test-classes/webapps/static,AVAILABLE}
2019-08-29 09:37:35,913 [main] INFO  handler.ContextHandler (ContextHandler.java:doStart(781)) - Started o.e.j.w.WebAppContext@7112ce6{/,file:///workdir/hadoop-ozone/integration-test/target/test-classes/webapps/scm/,AVAILABLE}{/scm}
2019-08-29 09:37:35,913 [main] INFO  server.AbstractConnector (AbstractConnector.java:doStart(278)) - Started ServerConnector@558b4942{HTTP/1.1,[http/1.1]}{0.0.0.0:38573}
2019-08-29 09:37:35,914 [main] INFO  server.Server (Server.java:doStart(419)) - Started @52803ms
2019-08-29 09:37:35,914 [main] WARN  impl.MetricsSystemImpl (MetricsSystemImpl.java:register(276)) - Sink prometheus already exists!
2019-08-29 09:37:35,915 [main] INFO  server.BaseHttpServer (BaseHttpServer.java:updateConnectorAddress(215)) - HTTP server of SCM is listening at http://0.0.0.0:38573
2019-08-29 09:37:35,916 [main] WARN  server.ServerUtils (ServerUtils.java:getDBPath(222)) - ozone.om.db.dirs is not configured. We recommend adding this setting. Falling back to ozone.metadata.dirs instead.
2019-08-29 09:37:35,916 [org.apache.hadoop.util.JvmPauseMonitor$Monitor@70025b99] INFO  util.JvmPauseMonitor (JvmPauseMonitor.java:run(188)) - Starting JVM pause monitor
2019-08-29 09:37:35,941 [main] WARN  server.ServerUtils (ServerUtils.java:getDBPath(222)) - ozone.om.db.dirs is not configured. We recommend adding this setting. Falling back to ozone.metadata.dirs instead.
2019-08-29 09:37:35,941 [main] WARN  server.ServerUtils (ServerUtils.java:getDBPath(222)) - ozone.om.db.dirs is not configured. We recommend adding this setting. Falling back to ozone.metadata.dirs instead.
2019-08-29 09:37:35,942 [main] INFO  om.OzoneManager (OzoneManager.java:setOMNodeDetails(652)) - OM Service ID is not set. Setting it to the default ID: omServiceIdDefault
2019-08-29 09:37:35,942 [main] INFO  om.OzoneManager (OzoneManager.java:setOMNodeDetails(658)) - OM Node ID is not set. Setting it to the OmStorage's OmID: c3afee7d-2dc0-4105-9106-b01e4a9ca307
2019-08-29 09:37:35,942 [main] INFO  om.OzoneManager (OzoneManager.java:loadOMHAConfigs(609)) - Found matching OM address with OMServiceId: null, OMNodeId: null, RPC Address: localhost:0 and Ratis port: 9872
2019-08-29 09:37:35,948 | INFO  | SCMAudit | user=jenkins1000 | ip=192.168.69.87 | op=GET_SCM_INFO null | ret=SUCCESS |  
2019-08-29 09:37:35,951 [main] WARN  server.ServerUtils (ServerUtils.java:getDBPath(222)) - ozone.om.db.dirs is not configured. We recommend adding this setting. Falling back to ozone.metadata.dirs instead.
2019-08-29 09:37:35,951 [main] INFO  db.DBStoreBuilder (DBStoreBuilder.java:addTable(110)) - using custom profile for table: userTable
2019-08-29 09:37:35,952 [main] INFO  db.DBStoreBuilder (DBStoreBuilder.java:processTables(161)) - Using default column profile:DBProfile.DISK for Table:userTable
2019-08-29 09:37:35,952 [main] INFO  db.DBStoreBuilder (DBStoreBuilder.java:addTable(110)) - using custom profile for table: volumeTable
2019-08-29 09:37:35,952 [main] INFO  db.DBStoreBuilder (DBStoreBuilder.java:processTables(161)) - Using default column profile:DBProfile.DISK for Table:volumeTable
2019-08-29 09:37:35,953 [main] INFO  db.DBStoreBuilder (DBStoreBuilder.java:addTable(110)) - using custom profile for table: bucketTable
2019-08-29 09:37:35,953 [main] INFO  db.DBStoreBuilder (DBStoreBuilder.java:processTables(161)) - Using default column profile:DBProfile.DISK for Table:bucketTable
2019-08-29 09:37:35,953 [main] INFO  db.DBStoreBuilder (DBStoreBuilder.java:addTable(110)) - using custom profile for table: keyTable
2019-08-29 09:37:35,953 [main] INFO  db.DBStoreBuilder (DBStoreBuilder.java:processTables(161)) - Using default column profile:DBProfile.DISK for Table:keyTable
2019-08-29 09:37:35,954 [main] INFO  db.DBStoreBuilder (DBStoreBuilder.java:addTable(110)) - using custom profile for table: deletedTable
2019-08-29 09:37:35,954 [main] INFO  db.DBStoreBuilder (DBStoreBuilder.java:processTables(161)) - Using default column profile:DBProfile.DISK for Table:deletedTable
2019-08-29 09:37:35,954 [main] INFO  db.DBStoreBuilder (DBStoreBuilder.java:addTable(110)) - using custom profile for table: openKeyTable
2019-08-29 09:37:35,954 [main] INFO  db.DBStoreBuilder (DBStoreBuilder.java:processTables(161)) - Using default column profile:DBProfile.DISK for Table:openKeyTable
2019-08-29 09:37:35,954 [main] INFO  db.DBStoreBuilder (DBStoreBuilder.java:addTable(110)) - using custom profile for table: s3Table
2019-08-29 09:37:35,955 [main] INFO  db.DBStoreBuilder (DBStoreBuilder.java:processTables(161)) - Using default column profile:DBProfile.DISK for Table:s3Table
2019-08-29 09:37:35,955 [main] INFO  db.DBStoreBuilder (DBStoreBuilder.java:addTable(110)) - using custom profile for table: multipartInfoTable
2019-08-29 09:37:35,955 [main] INFO  db.DBStoreBuilder (DBStoreBuilder.java:processTables(161)) - Using default column profile:DBProfile.DISK for Table:multipartInfoTable
2019-08-29 09:37:35,955 [main] INFO  db.DBStoreBuilder (DBStoreBuilder.java:addTable(110)) - using custom profile for table: dTokenTable
2019-08-29 09:37:35,955 [main] INFO  db.DBStoreBuilder (DBStoreBuilder.java:processTables(161)) - Using default column profile:DBProfile.DISK for Table:dTokenTable
2019-08-29 09:37:35,956 [main] INFO  db.DBStoreBuilder (DBStoreBuilder.java:addTable(110)) - using custom profile for table: s3SecretTable
2019-08-29 09:37:35,956 [main] INFO  db.DBStoreBuilder (DBStoreBuilder.java:processTables(161)) - Using default column profile:DBProfile.DISK for Table:s3SecretTable
2019-08-29 09:37:35,956 [main] INFO  db.DBStoreBuilder (DBStoreBuilder.java:addTable(110)) - using custom profile for table: prefixTable
2019-08-29 09:37:35,956 [main] INFO  db.DBStoreBuilder (DBStoreBuilder.java:processTables(161)) - Using default column profile:DBProfile.DISK for Table:prefixTable
2019-08-29 09:37:35,956 [main] INFO  db.DBStoreBuilder (DBStoreBuilder.java:addTable(110)) - using custom profile for table: default
2019-08-29 09:37:35,957 [main] INFO  db.DBStoreBuilder (DBStoreBuilder.java:processTables(167)) - Using default column profile:DBProfile.DISK for Table:default
2019-08-29 09:37:35,957 [main] INFO  db.DBStoreBuilder (DBStoreBuilder.java:getDbProfile(198)) - Using default options. DBProfile.DISK
2019-08-29 09:37:36,977 [main] INFO  ipc.CallQueueManager (CallQueueManager.java:<init>(84)) - Using callQueue: class java.util.concurrent.LinkedBlockingQueue, queueCapacity: 2000, scheduler: class org.apache.hadoop.ipc.DefaultRpcScheduler, ipcBackoff: false.
2019-08-29 09:37:36,979 [Socket Reader #1 for port 46698] INFO  ipc.Server (Server.java:run(1074)) - Starting Socket Reader #1 for port 46698
2019-08-29 09:37:37,004 [main] INFO  om.OzoneManager (OzoneManager.java:start(1266)) - OzoneManager RPC server is listening at localhost/127.0.0.1:46698
2019-08-29 09:37:37,004 [main] INFO  impl.MetricsSystemImpl (MetricsSystemImpl.java:init(158)) - OzoneManager metrics system started (again)
2019-08-29 09:37:37,005 [IPC Server Responder] INFO  ipc.Server (Server.java:run(1314)) - IPC Server Responder: starting
2019-08-29 09:37:37,006 [IPC Server listener on 46698] INFO  ipc.Server (Server.java:run(1153)) - IPC Server listener on 46698: starting
2019-08-29 09:37:37,012 [main] INFO  hdfs.DFSUtil (DFSUtil.java:httpServerTemplateForNNAndJN(1641)) - Starting Web-server for ozoneManager at: http://0.0.0.0:0
2019-08-29 09:37:37,013 [main] INFO  server.AuthenticationFilter (AuthenticationFilter.java:constructSecretProvider(240)) - Unable to initialize FileSignerSecretProvider, falling back to use random secrets.
2019-08-29 09:37:37,014 [main] WARN  http.HttpRequestLog (HttpRequestLog.java:getRequestLog(97)) - Jetty request log can only be enabled using Log4j
2019-08-29 09:37:37,016 [main] INFO  http.HttpServer2 (HttpServer2.java:addGlobalFilter(975)) - Added global filter 'safety' (class=org.apache.hadoop.http.HttpServer2$QuotingInputFilter)
2019-08-29 09:37:37,017 [main] INFO  http.HttpServer2 (HttpServer2.java:addFilter(948)) - Added filter static_user_filter (class=org.apache.hadoop.http.lib.StaticUserWebFilter$StaticUserFilter) to context ozoneManager
2019-08-29 09:37:37,017 [main] INFO  http.HttpServer2 (HttpServer2.java:addFilter(958)) - Added filter static_user_filter (class=org.apache.hadoop.http.lib.StaticUserWebFilter$StaticUserFilter) to context static
2019-08-29 09:37:37,017 [main] INFO  http.HttpServer2 (HttpServer2.java:addFilter(958)) - Added filter static_user_filter (class=org.apache.hadoop.http.lib.StaticUserWebFilter$StaticUserFilter) to context logs
2019-08-29 09:37:37,018 [main] INFO  http.HttpServer2 (HttpServer2.java:bindListener(1191)) - Jetty bound to port 42446
2019-08-29 09:37:37,019 [main] INFO  server.Server (Server.java:doStart(351)) - jetty-9.3.24.v20180605, build timestamp: 2018-06-05T17:11:56Z, git hash: 84205aa28f11a4f31f2a3b86d1bba2cc8ab69827
2019-08-29 09:37:37,021 [main] INFO  handler.ContextHandler (ContextHandler.java:doStart(781)) - Started o.e.j.s.ServletContextHandler@69d3cf7e{/logs,file:///workdir/hadoop-ozone/integration-test/target/log,AVAILABLE}
2019-08-29 09:37:37,021 [main] INFO  handler.ContextHandler (ContextHandler.java:doStart(781)) - Started o.e.j.s.ServletContextHandler@1984212d{/static,file:///workdir/hadoop-ozone/integration-test/target/test-classes/webapps/static,AVAILABLE}
2019-08-29 09:37:37,027 [main] INFO  handler.ContextHandler (ContextHandler.java:doStart(781)) - Started o.e.j.w.WebAppContext@3f96f020{/,file:///workdir/hadoop-ozone/integration-test/target/test-classes/webapps/ozoneManager/,AVAILABLE}{/ozoneManager}
2019-08-29 09:37:37,028 [main] INFO  server.AbstractConnector (AbstractConnector.java:doStart(278)) - Started ServerConnector@32eae6f2{HTTP/1.1,[http/1.1]}{0.0.0.0:42446}
2019-08-29 09:37:37,029 [main] INFO  server.Server (Server.java:doStart(419)) - Started @53918ms
2019-08-29 09:37:37,029 [main] WARN  impl.MetricsSystemImpl (MetricsSystemImpl.java:register(276)) - Sink prometheus already exists!
2019-08-29 09:37:37,030 [main] INFO  server.BaseHttpServer (BaseHttpServer.java:updateConnectorAddress(215)) - HTTP server of OZONEMANAGER is listening at http://0.0.0.0:42446
2019-08-29 09:37:37,050 [main] INFO  impl.MetricsSystemImpl (MetricsSystemImpl.java:init(158)) - HddsDatanode metrics system started (again)
2019-08-29 09:37:37,053 [main] INFO  ozone.HddsDatanodeService (HddsDatanodeService.java:start(184)) - HddsDatanodeService host:pr-hdds-1935-5tjgs-3847141534 ip:192.168.69.87
2019-08-29 09:37:37,064 [main] INFO  volume.HddsVolume (HddsVolume.java:<init>(176)) - Creating Volume: /workdir/hadoop-ozone/integration-test/target/test-dir/MiniOzoneClusterImpl-8d4b26b1-34eb-45e8-b83f-edf1f00bc316/datanode-0/data/containers/hdds of  storage type : DISK and capacity : 1482555576320
2019-08-29 09:37:37,065 [main] INFO  volume.VolumeSet (VolumeSet.java:initializeVolumeSet(170)) - Added Volume : /workdir/hadoop-ozone/integration-test/target/test-dir/MiniOzoneClusterImpl-8d4b26b1-34eb-45e8-b83f-edf1f00bc316/datanode-0/data/containers/hdds to VolumeSet
2019-08-29 09:37:37,065 [main] INFO  volume.ThrottledAsyncChecker (ThrottledAsyncChecker.java:schedule(140)) - Scheduling a check for org.apache.hadoop.ozone.container.common.volume.HddsVolume@53ce2392
2019-08-29 09:37:37,066 [main] INFO  volume.HddsVolumeChecker (HddsVolumeChecker.java:checkAllVolumes(203)) - Scheduled health check for volume org.apache.hadoop.ozone.container.common.volume.HddsVolume@53ce2392
2019-08-29 09:37:37,081 [main] INFO  impl.RaftServerProxy (ConfUtils.java:logGet(43)) - raft.rpc.type = GRPC (default)
2019-08-29 09:37:37,081 [main] INFO  grpc.GrpcFactory (GrpcFactory.java:checkPooledByteBufAllocatorUseCacheForAllThreads(45)) - PERFORMANCE WARNING: useCacheForAllThreads is true that may cause Netty to create a lot garbage objects and, as a result, trigger GC.
	It is recommended to disable useCacheForAllThreads by setting -Dorg.apache.ratis.thirdparty.io.netty.allocator.useCacheForAllThreads=false in command line.
2019-08-29 09:37:37,081 [main] INFO  grpc.GrpcConfigKeys$Server (ConfUtils.java:logGet(43)) - raft.grpc.server.port = 0 (default)
2019-08-29 09:37:37,081 [main] INFO  server.GrpcService (ConfUtils.java:logGet(43)) - raft.grpc.message.size.max = 33570816 (custom)
2019-08-29 09:37:37,082 [main] INFO  server.RaftServerConfigKeys (ConfUtils.java:logGet(43)) - raft.server.log.appender.buffer.byte-limit = 33554432 (custom)
2019-08-29 09:37:37,082 [main] INFO  server.GrpcService (ConfUtils.java:logGet(43)) - raft.grpc.flow.control.window = 1MB (=1048576) (default)
2019-08-29 09:37:37,082 [main] INFO  server.RaftServerConfigKeys (ConfUtils.java:logGet(43)) - raft.server.rpc.request.timeout = 3000ms (default)
2019-08-29 09:37:37,083 [main] INFO  server.RaftServerConfigKeys (ConfUtils.java:logGet(43)) - raft.server.storage.dir = [/workdir/hadoop-ozone/integration-test/target/test-dir/MiniOzoneClusterImpl-8d4b26b1-34eb-45e8-b83f-edf1f00bc316/datanode-0/data/ratis] (custom)
2019-08-29 09:37:37,085 [main] INFO  hdfs.DFSUtil (DFSUtil.java:httpServerTemplateForNNAndJN(1641)) - Starting Web-server for hddsDatanode at: http://0.0.0.0:0
2019-08-29 09:37:37,087 [main] INFO  server.AuthenticationFilter (AuthenticationFilter.java:constructSecretProvider(240)) - Unable to initialize FileSignerSecretProvider, falling back to use random secrets.
2019-08-29 09:37:37,087 [main] WARN  http.HttpRequestLog (HttpRequestLog.java:getRequestLog(97)) - Jetty request log can only be enabled using Log4j
2019-08-29 09:37:37,089 [main] INFO  http.HttpServer2 (HttpServer2.java:addGlobalFilter(975)) - Added global filter 'safety' (class=org.apache.hadoop.http.HttpServer2$QuotingInputFilter)
2019-08-29 09:37:37,089 [main] INFO  http.HttpServer2 (HttpServer2.java:addFilter(948)) - Added filter static_user_filter (class=org.apache.hadoop.http.lib.StaticUserWebFilter$StaticUserFilter) to context hddsDatanode
2019-08-29 09:37:37,089 [main] INFO  http.HttpServer2 (HttpServer2.java:addFilter(958)) - Added filter static_user_filter (class=org.apache.hadoop.http.lib.StaticUserWebFilter$StaticUserFilter) to context logs
2019-08-29 09:37:37,090 [main] INFO  http.HttpServer2 (HttpServer2.java:addFilter(958)) - Added filter static_user_filter (class=org.apache.hadoop.http.lib.StaticUserWebFilter$StaticUserFilter) to context static
2019-08-29 09:37:37,090 [main] INFO  http.HttpServer2 (HttpServer2.java:bindListener(1191)) - Jetty bound to port 45442
2019-08-29 09:37:37,090 [main] INFO  server.Server (Server.java:doStart(351)) - jetty-9.3.24.v20180605, build timestamp: 2018-06-05T17:11:56Z, git hash: 84205aa28f11a4f31f2a3b86d1bba2cc8ab69827
2019-08-29 09:37:37,092 [main] INFO  handler.ContextHandler (ContextHandler.java:doStart(781)) - Started o.e.j.s.ServletContextHandler@5649d11a{/logs,file:///workdir/hadoop-ozone/integration-test/target/log,AVAILABLE}
2019-08-29 09:37:37,093 [main] INFO  handler.ContextHandler (ContextHandler.java:doStart(781)) - Started o.e.j.s.ServletContextHandler@27443560{/static,jar:file:/home/user/.m2/repository/org/apache/hadoop/hadoop-hdds-container-service/0.5.0-SNAPSHOT/hadoop-hdds-container-service-0.5.0-SNAPSHOT.jar!/webapps/static,AVAILABLE}
2019-08-29 09:37:37,125 [main] INFO  handler.ContextHandler (ContextHandler.java:doStart(781)) - Started o.e.j.w.WebAppContext@12c0c0b3{/,file:///tmp/jetty-0.0.0.0-45442-hddsDatanode-_-any-2592790800517688426.dir/webapp/,AVAILABLE}{/hddsDatanode}
2019-08-29 09:37:37,126 [main] INFO  server.AbstractConnector (AbstractConnector.java:doStart(278)) - Started ServerConnector@5a97b17c{HTTP/1.1,[http/1.1]}{0.0.0.0:45442}
2019-08-29 09:37:37,127 [main] INFO  server.Server (Server.java:doStart(419)) - Started @54016ms
2019-08-29 09:37:37,128 [main] WARN  impl.MetricsSystemImpl (MetricsSystemImpl.java:register(276)) - Sink prometheus already exists!
2019-08-29 09:37:37,129 [main] INFO  server.BaseHttpServer (BaseHttpServer.java:updateConnectorAddress(215)) - HTTP server of HDDSDATANODE is listening at http://0.0.0.0:45442
2019-08-29 09:37:37,129 [main] INFO  impl.MetricsSystemImpl (MetricsSystemImpl.java:init(158)) - HddsDatanode metrics system started (again)
2019-08-29 09:37:37,133 [org.apache.hadoop.util.JvmPauseMonitor$Monitor@6290777a] INFO  util.JvmPauseMonitor (JvmPauseMonitor.java:run(188)) - Starting JVM pause monitor
2019-08-29 09:37:37,134 [main] INFO  ozone.HddsDatanodeService (HddsDatanodeService.java:start(184)) - HddsDatanodeService host:pr-hdds-1935-5tjgs-3847141534 ip:192.168.69.87
2019-08-29 09:37:37,136 [Datanode State Machine Thread - 0] INFO  datanode.InitDatanodeState (InitDatanodeState.java:persistContainerDatanodeDetails(140)) - DatanodeDetails is persisted to /workdir/hadoop-ozone/integration-test/target/test-dir/MiniOzoneClusterImpl-8d4b26b1-34eb-45e8-b83f-edf1f00bc316/datanode-0/meta/datanode.id
2019-08-29 09:37:37,141 [main] INFO  volume.HddsVolume (HddsVolume.java:<init>(176)) - Creating Volume: /workdir/hadoop-ozone/integration-test/target/test-dir/MiniOzoneClusterImpl-8d4b26b1-34eb-45e8-b83f-edf1f00bc316/datanode-1/data/containers/hdds of  storage type : DISK and capacity : 1482555576320
2019-08-29 09:37:37,142 [main] INFO  volume.VolumeSet (VolumeSet.java:initializeVolumeSet(170)) - Added Volume : /workdir/hadoop-ozone/integration-test/target/test-dir/MiniOzoneClusterImpl-8d4b26b1-34eb-45e8-b83f-edf1f00bc316/datanode-1/data/containers/hdds to VolumeSet
2019-08-29 09:37:37,142 [main] INFO  volume.ThrottledAsyncChecker (ThrottledAsyncChecker.java:schedule(140)) - Scheduling a check for org.apache.hadoop.ozone.container.common.volume.HddsVolume@5dcd0cdf
2019-08-29 09:37:37,142 [main] INFO  volume.HddsVolumeChecker (HddsVolumeChecker.java:checkAllVolumes(203)) - Scheduled health check for volume org.apache.hadoop.ozone.container.common.volume.HddsVolume@5dcd0cdf
2019-08-29 09:37:37,160 [main] INFO  impl.RaftServerProxy (ConfUtils.java:logGet(43)) - raft.rpc.type = GRPC (default)
2019-08-29 09:37:37,161 [main] INFO  grpc.GrpcFactory (GrpcFactory.java:checkPooledByteBufAllocatorUseCacheForAllThreads(45)) - PERFORMANCE WARNING: useCacheForAllThreads is true that may cause Netty to create a lot garbage objects and, as a result, trigger GC.
	It is recommended to disable useCacheForAllThreads by setting -Dorg.apache.ratis.thirdparty.io.netty.allocator.useCacheForAllThreads=false in command line.
2019-08-29 09:37:37,161 [main] INFO  grpc.GrpcConfigKeys$Server (ConfUtils.java:logGet(43)) - raft.grpc.server.port = 0 (default)
2019-08-29 09:37:37,161 [main] INFO  server.GrpcService (ConfUtils.java:logGet(43)) - raft.grpc.message.size.max = 33570816 (custom)
2019-08-29 09:37:37,161 [main] INFO  server.RaftServerConfigKeys (ConfUtils.java:logGet(43)) - raft.server.log.appender.buffer.byte-limit = 33554432 (custom)
2019-08-29 09:37:37,162 [main] INFO  server.GrpcService (ConfUtils.java:logGet(43)) - raft.grpc.flow.control.window = 1MB (=1048576) (default)
2019-08-29 09:37:37,162 [main] INFO  server.RaftServerConfigKeys (ConfUtils.java:logGet(43)) - raft.server.rpc.request.timeout = 3000ms (default)
2019-08-29 09:37:37,163 [main] INFO  server.RaftServerConfigKeys (ConfUtils.java:logGet(43)) - raft.server.storage.dir = [/workdir/hadoop-ozone/integration-test/target/test-dir/MiniOzoneClusterImpl-8d4b26b1-34eb-45e8-b83f-edf1f00bc316/datanode-1/data/ratis] (custom)
2019-08-29 09:37:37,164 [main] INFO  hdfs.DFSUtil (DFSUtil.java:httpServerTemplateForNNAndJN(1641)) - Starting Web-server for hddsDatanode at: http://0.0.0.0:0
2019-08-29 09:37:37,166 [main] INFO  server.AuthenticationFilter (AuthenticationFilter.java:constructSecretProvider(240)) - Unable to initialize FileSignerSecretProvider, falling back to use random secrets.
2019-08-29 09:37:37,167 [main] WARN  http.HttpRequestLog (HttpRequestLog.java:getRequestLog(97)) - Jetty request log can only be enabled using Log4j
2019-08-29 09:37:37,170 [main] INFO  http.HttpServer2 (HttpServer2.java:addGlobalFilter(975)) - Added global filter 'safety' (class=org.apache.hadoop.http.HttpServer2$QuotingInputFilter)
2019-08-29 09:37:37,171 [main] INFO  http.HttpServer2 (HttpServer2.java:addFilter(948)) - Added filter static_user_filter (class=org.apache.hadoop.http.lib.StaticUserWebFilter$StaticUserFilter) to context hddsDatanode
2019-08-29 09:37:37,171 [main] INFO  http.HttpServer2 (HttpServer2.java:addFilter(958)) - Added filter static_user_filter (class=org.apache.hadoop.http.lib.StaticUserWebFilter$StaticUserFilter) to context static
2019-08-29 09:37:37,172 [main] INFO  http.HttpServer2 (HttpServer2.java:addFilter(958)) - Added filter static_user_filter (class=org.apache.hadoop.http.lib.StaticUserWebFilter$StaticUserFilter) to context logs
2019-08-29 09:37:37,173 [main] INFO  http.HttpServer2 (HttpServer2.java:bindListener(1191)) - Jetty bound to port 36062
2019-08-29 09:37:37,173 [main] INFO  server.Server (Server.java:doStart(351)) - jetty-9.3.24.v20180605, build timestamp: 2018-06-05T17:11:56Z, git hash: 84205aa28f11a4f31f2a3b86d1bba2cc8ab69827
2019-08-29 09:37:37,176 [main] INFO  handler.ContextHandler (ContextHandler.java:doStart(781)) - Started o.e.j.s.ServletContextHandler@fe87ddd{/logs,file:///workdir/hadoop-ozone/integration-test/target/log,AVAILABLE}
2019-08-29 09:37:37,176 [main] INFO  handler.ContextHandler (ContextHandler.java:doStart(781)) - Started o.e.j.s.ServletContextHandler@7c281eb8{/static,jar:file:/home/user/.m2/repository/org/apache/hadoop/hadoop-hdds-container-service/0.5.0-SNAPSHOT/hadoop-hdds-container-service-0.5.0-SNAPSHOT.jar!/webapps/static,AVAILABLE}
2019-08-29 09:37:37,221 [main] INFO  handler.ContextHandler (ContextHandler.java:doStart(781)) - Started o.e.j.w.WebAppContext@37348491{/,file:///tmp/jetty-0.0.0.0-36062-hddsDatanode-_-any-3039136536935130397.dir/webapp/,AVAILABLE}{/hddsDatanode}
2019-08-29 09:37:37,222 [main] INFO  server.AbstractConnector (AbstractConnector.java:doStart(278)) - Started ServerConnector@76e3b45b{HTTP/1.1,[http/1.1]}{0.0.0.0:36062}
2019-08-29 09:37:37,224 [main] INFO  server.Server (Server.java:doStart(419)) - Started @54113ms
2019-08-29 09:37:37,224 [main] WARN  impl.MetricsSystemImpl (MetricsSystemImpl.java:register(276)) - Sink prometheus already exists!
2019-08-29 09:37:37,225 [main] INFO  server.BaseHttpServer (BaseHttpServer.java:updateConnectorAddress(215)) - HTTP server of HDDSDATANODE is listening at http://0.0.0.0:36062
2019-08-29 09:37:37,226 [main] INFO  impl.MetricsSystemImpl (MetricsSystemImpl.java:init(158)) - HddsDatanode metrics system started (again)
2019-08-29 09:37:37,231 [org.apache.hadoop.util.JvmPauseMonitor$Monitor@776b40c1] INFO  util.JvmPauseMonitor (JvmPauseMonitor.java:run(188)) - Starting JVM pause monitor
2019-08-29 09:37:37,232 [main] INFO  ozone.HddsDatanodeService (HddsDatanodeService.java:start(184)) - HddsDatanodeService host:pr-hdds-1935-5tjgs-3847141534 ip:192.168.69.87
2019-08-29 09:37:37,233 [Datanode State Machine Thread - 0] INFO  datanode.InitDatanodeState (InitDatanodeState.java:persistContainerDatanodeDetails(140)) - DatanodeDetails is persisted to /workdir/hadoop-ozone/integration-test/target/test-dir/MiniOzoneClusterImpl-8d4b26b1-34eb-45e8-b83f-edf1f00bc316/datanode-1/meta/datanode.id
2019-08-29 09:37:37,240 [main] INFO  volume.HddsVolume (HddsVolume.java:<init>(176)) - Creating Volume: /workdir/hadoop-ozone/integration-test/target/test-dir/MiniOzoneClusterImpl-8d4b26b1-34eb-45e8-b83f-edf1f00bc316/datanode-2/data/containers/hdds of  storage type : DISK and capacity : 1482555576320
2019-08-29 09:37:37,240 [main] INFO  volume.VolumeSet (VolumeSet.java:initializeVolumeSet(170)) - Added Volume : /workdir/hadoop-ozone/integration-test/target/test-dir/MiniOzoneClusterImpl-8d4b26b1-34eb-45e8-b83f-edf1f00bc316/datanode-2/data/containers/hdds to VolumeSet
2019-08-29 09:37:37,241 [main] INFO  volume.ThrottledAsyncChecker (ThrottledAsyncChecker.java:schedule(140)) - Scheduling a check for org.apache.hadoop.ozone.container.common.volume.HddsVolume@6e60f18
2019-08-29 09:37:37,242 [main] INFO  volume.HddsVolumeChecker (HddsVolumeChecker.java:checkAllVolumes(203)) - Scheduled health check for volume org.apache.hadoop.ozone.container.common.volume.HddsVolume@6e60f18
2019-08-29 09:37:37,264 [main] INFO  impl.RaftServerProxy (ConfUtils.java:logGet(43)) - raft.rpc.type = GRPC (default)
2019-08-29 09:37:37,264 [main] INFO  grpc.GrpcFactory (GrpcFactory.java:checkPooledByteBufAllocatorUseCacheForAllThreads(45)) - PERFORMANCE WARNING: useCacheForAllThreads is true that may cause Netty to create a lot garbage objects and, as a result, trigger GC.
	It is recommended to disable useCacheForAllThreads by setting -Dorg.apache.ratis.thirdparty.io.netty.allocator.useCacheForAllThreads=false in command line.
2019-08-29 09:37:37,265 [main] INFO  grpc.GrpcConfigKeys$Server (ConfUtils.java:logGet(43)) - raft.grpc.server.port = 0 (default)
2019-08-29 09:37:37,265 [main] INFO  server.GrpcService (ConfUtils.java:logGet(43)) - raft.grpc.message.size.max = 33570816 (custom)
2019-08-29 09:37:37,265 [main] INFO  server.RaftServerConfigKeys (ConfUtils.java:logGet(43)) - raft.server.log.appender.buffer.byte-limit = 33554432 (custom)
2019-08-29 09:37:37,266 [main] INFO  server.GrpcService (ConfUtils.java:logGet(43)) - raft.grpc.flow.control.window = 1MB (=1048576) (default)
2019-08-29 09:37:37,266 [main] INFO  server.RaftServerConfigKeys (ConfUtils.java:logGet(43)) - raft.server.rpc.request.timeout = 3000ms (default)
2019-08-29 09:37:37,267 [main] INFO  server.RaftServerConfigKeys (ConfUtils.java:logGet(43)) - raft.server.storage.dir = [/workdir/hadoop-ozone/integration-test/target/test-dir/MiniOzoneClusterImpl-8d4b26b1-34eb-45e8-b83f-edf1f00bc316/datanode-2/data/ratis] (custom)
2019-08-29 09:37:37,269 [main] INFO  hdfs.DFSUtil (DFSUtil.java:httpServerTemplateForNNAndJN(1641)) - Starting Web-server for hddsDatanode at: http://0.0.0.0:0
2019-08-29 09:37:37,270 [main] INFO  server.AuthenticationFilter (AuthenticationFilter.java:constructSecretProvider(240)) - Unable to initialize FileSignerSecretProvider, falling back to use random secrets.
2019-08-29 09:37:37,271 [main] WARN  http.HttpRequestLog (HttpRequestLog.java:getRequestLog(97)) - Jetty request log can only be enabled using Log4j
2019-08-29 09:37:37,273 [main] INFO  http.HttpServer2 (HttpServer2.java:addGlobalFilter(975)) - Added global filter 'safety' (class=org.apache.hadoop.http.HttpServer2$QuotingInputFilter)
2019-08-29 09:37:37,275 [main] INFO  http.HttpServer2 (HttpServer2.java:addFilter(948)) - Added filter static_user_filter (class=org.apache.hadoop.http.lib.StaticUserWebFilter$StaticUserFilter) to context hddsDatanode
2019-08-29 09:37:37,275 [main] INFO  http.HttpServer2 (HttpServer2.java:addFilter(958)) - Added filter static_user_filter (class=org.apache.hadoop.http.lib.StaticUserWebFilter$StaticUserFilter) to context static
2019-08-29 09:37:37,275 [main] INFO  http.HttpServer2 (HttpServer2.java:addFilter(958)) - Added filter static_user_filter (class=org.apache.hadoop.http.lib.StaticUserWebFilter$StaticUserFilter) to context logs
2019-08-29 09:37:37,276 [main] INFO  http.HttpServer2 (HttpServer2.java:bindListener(1191)) - Jetty bound to port 42904
2019-08-29 09:37:37,277 [main] INFO  server.Server (Server.java:doStart(351)) - jetty-9.3.24.v20180605, build timestamp: 2018-06-05T17:11:56Z, git hash: 84205aa28f11a4f31f2a3b86d1bba2cc8ab69827
2019-08-29 09:37:37,279 [main] INFO  handler.ContextHandler (ContextHandler.java:doStart(781)) - Started o.e.j.s.ServletContextHandler@3e28fee1{/logs,file:///workdir/hadoop-ozone/integration-test/target/log,AVAILABLE}
2019-08-29 09:37:37,279 [main] INFO  handler.ContextHandler (ContextHandler.java:doStart(781)) - Started o.e.j.s.ServletContextHandler@3b332962{/static,jar:file:/home/user/.m2/repository/org/apache/hadoop/hadoop-hdds-container-service/0.5.0-SNAPSHOT/hadoop-hdds-container-service-0.5.0-SNAPSHOT.jar!/webapps/static,AVAILABLE}
2019-08-29 09:37:37,315 [main] INFO  handler.ContextHandler (ContextHandler.java:doStart(781)) - Started o.e.j.w.WebAppContext@3135bf25{/,file:///tmp/jetty-0.0.0.0-42904-hddsDatanode-_-any-9123993189525746326.dir/webapp/,AVAILABLE}{/hddsDatanode}
2019-08-29 09:37:37,315 [main] INFO  server.AbstractConnector (AbstractConnector.java:doStart(278)) - Started ServerConnector@22ad1bae{HTTP/1.1,[http/1.1]}{0.0.0.0:42904}
2019-08-29 09:37:37,317 [main] INFO  server.Server (Server.java:doStart(419)) - Started @54206ms
2019-08-29 09:37:37,317 [main] WARN  impl.MetricsSystemImpl (MetricsSystemImpl.java:register(276)) - Sink prometheus already exists!
2019-08-29 09:37:37,318 [main] INFO  server.BaseHttpServer (BaseHttpServer.java:updateConnectorAddress(215)) - HTTP server of HDDSDATANODE is listening at http://0.0.0.0:42904
2019-08-29 09:37:37,319 [main] INFO  impl.MetricsSystemImpl (MetricsSystemImpl.java:init(158)) - HddsDatanode metrics system started (again)
2019-08-29 09:37:37,324 [org.apache.hadoop.util.JvmPauseMonitor$Monitor@73d479ae] INFO  util.JvmPauseMonitor (JvmPauseMonitor.java:run(188)) - Starting JVM pause monitor
2019-08-29 09:37:37,325 [main] INFO  ozone.HddsDatanodeService (HddsDatanodeService.java:start(184)) - HddsDatanodeService host:pr-hdds-1935-5tjgs-3847141534 ip:192.168.69.87
2019-08-29 09:37:37,326 [Datanode State Machine Thread - 0] INFO  datanode.InitDatanodeState (InitDatanodeState.java:persistContainerDatanodeDetails(140)) - DatanodeDetails is persisted to /workdir/hadoop-ozone/integration-test/target/test-dir/MiniOzoneClusterImpl-8d4b26b1-34eb-45e8-b83f-edf1f00bc316/datanode-2/meta/datanode.id
2019-08-29 09:37:37,333 [main] INFO  volume.HddsVolume (HddsVolume.java:<init>(176)) - Creating Volume: /workdir/hadoop-ozone/integration-test/target/test-dir/MiniOzoneClusterImpl-8d4b26b1-34eb-45e8-b83f-edf1f00bc316/datanode-3/data/containers/hdds of  storage type : DISK and capacity : 1482555576320
2019-08-29 09:37:37,333 [main] INFO  volume.VolumeSet (VolumeSet.java:initializeVolumeSet(170)) - Added Volume : /workdir/hadoop-ozone/integration-test/target/test-dir/MiniOzoneClusterImpl-8d4b26b1-34eb-45e8-b83f-edf1f00bc316/datanode-3/data/containers/hdds to VolumeSet
2019-08-29 09:37:37,334 [main] INFO  volume.ThrottledAsyncChecker (ThrottledAsyncChecker.java:schedule(140)) - Scheduling a check for org.apache.hadoop.ozone.container.common.volume.HddsVolume@2eda072
2019-08-29 09:37:37,334 [main] INFO  volume.HddsVolumeChecker (HddsVolumeChecker.java:checkAllVolumes(203)) - Scheduled health check for volume org.apache.hadoop.ozone.container.common.volume.HddsVolume@2eda072
2019-08-29 09:37:37,360 [main] INFO  impl.RaftServerProxy (ConfUtils.java:logGet(43)) - raft.rpc.type = GRPC (default)
2019-08-29 09:37:37,361 [main] INFO  grpc.GrpcFactory (GrpcFactory.java:checkPooledByteBufAllocatorUseCacheForAllThreads(45)) - PERFORMANCE WARNING: useCacheForAllThreads is true that may cause Netty to create a lot garbage objects and, as a result, trigger GC.
	It is recommended to disable useCacheForAllThreads by setting -Dorg.apache.ratis.thirdparty.io.netty.allocator.useCacheForAllThreads=false in command line.
2019-08-29 09:37:37,361 [main] INFO  grpc.GrpcConfigKeys$Server (ConfUtils.java:logGet(43)) - raft.grpc.server.port = 0 (default)
2019-08-29 09:37:37,361 [main] INFO  server.GrpcService (ConfUtils.java:logGet(43)) - raft.grpc.message.size.max = 33570816 (custom)
2019-08-29 09:37:37,362 [main] INFO  server.RaftServerConfigKeys (ConfUtils.java:logGet(43)) - raft.server.log.appender.buffer.byte-limit = 33554432 (custom)
2019-08-29 09:37:37,362 [main] INFO  server.GrpcService (ConfUtils.java:logGet(43)) - raft.grpc.flow.control.window = 1MB (=1048576) (default)
2019-08-29 09:37:37,362 [main] INFO  server.RaftServerConfigKeys (ConfUtils.java:logGet(43)) - raft.server.rpc.request.timeout = 3000ms (default)
2019-08-29 09:37:37,363 [main] INFO  server.RaftServerConfigKeys (ConfUtils.java:logGet(43)) - raft.server.storage.dir = [/workdir/hadoop-ozone/integration-test/target/test-dir/MiniOzoneClusterImpl-8d4b26b1-34eb-45e8-b83f-edf1f00bc316/datanode-3/data/ratis] (custom)
2019-08-29 09:37:37,365 [main] INFO  hdfs.DFSUtil (DFSUtil.java:httpServerTemplateForNNAndJN(1641)) - Starting Web-server for hddsDatanode at: http://0.0.0.0:0
2019-08-29 09:37:37,366 [main] INFO  server.AuthenticationFilter (AuthenticationFilter.java:constructSecretProvider(240)) - Unable to initialize FileSignerSecretProvider, falling back to use random secrets.
2019-08-29 09:37:37,367 [main] WARN  http.HttpRequestLog (HttpRequestLog.java:getRequestLog(97)) - Jetty request log can only be enabled using Log4j
2019-08-29 09:37:37,369 [main] INFO  http.HttpServer2 (HttpServer2.java:addGlobalFilter(975)) - Added global filter 'safety' (class=org.apache.hadoop.http.HttpServer2$QuotingInputFilter)
2019-08-29 09:37:37,370 [main] INFO  http.HttpServer2 (HttpServer2.java:addFilter(948)) - Added filter static_user_filter (class=org.apache.hadoop.http.lib.StaticUserWebFilter$StaticUserFilter) to context hddsDatanode
2019-08-29 09:37:37,370 [main] INFO  http.HttpServer2 (HttpServer2.java:addFilter(958)) - Added filter static_user_filter (class=org.apache.hadoop.http.lib.StaticUserWebFilter$StaticUserFilter) to context static
2019-08-29 09:37:37,370 [main] INFO  http.HttpServer2 (HttpServer2.java:addFilter(958)) - Added filter static_user_filter (class=org.apache.hadoop.http.lib.StaticUserWebFilter$StaticUserFilter) to context logs
2019-08-29 09:37:37,371 [main] INFO  http.HttpServer2 (HttpServer2.java:bindListener(1191)) - Jetty bound to port 45588
2019-08-29 09:37:37,371 [main] INFO  server.Server (Server.java:doStart(351)) - jetty-9.3.24.v20180605, build timestamp: 2018-06-05T17:11:56Z, git hash: 84205aa28f11a4f31f2a3b86d1bba2cc8ab69827
2019-08-29 09:37:37,373 [main] INFO  handler.ContextHandler (ContextHandler.java:doStart(781)) - Started o.e.j.s.ServletContextHandler@62f11ebb{/logs,file:///workdir/hadoop-ozone/integration-test/target/log,AVAILABLE}
2019-08-29 09:37:37,374 [main] INFO  handler.ContextHandler (ContextHandler.java:doStart(781)) - Started o.e.j.s.ServletContextHandler@580fd26b{/static,jar:file:/home/user/.m2/repository/org/apache/hadoop/hadoop-hdds-container-service/0.5.0-SNAPSHOT/hadoop-hdds-container-service-0.5.0-SNAPSHOT.jar!/webapps/static,AVAILABLE}
2019-08-29 09:37:37,410 [main] INFO  handler.ContextHandler (ContextHandler.java:doStart(781)) - Started o.e.j.w.WebAppContext@4cfa83f9{/,file:///tmp/jetty-0.0.0.0-45588-hddsDatanode-_-any-520506781744496885.dir/webapp/,AVAILABLE}{/hddsDatanode}
2019-08-29 09:37:37,411 [main] INFO  server.AbstractConnector (AbstractConnector.java:doStart(278)) - Started ServerConnector@321ca237{HTTP/1.1,[http/1.1]}{0.0.0.0:45588}
2019-08-29 09:37:37,413 [main] INFO  server.Server (Server.java:doStart(419)) - Started @54302ms
2019-08-29 09:37:37,413 [main] WARN  impl.MetricsSystemImpl (MetricsSystemImpl.java:register(276)) - Sink prometheus already exists!
2019-08-29 09:37:37,414 [main] INFO  server.BaseHttpServer (BaseHttpServer.java:updateConnectorAddress(215)) - HTTP server of HDDSDATANODE is listening at http://0.0.0.0:45588
2019-08-29 09:37:37,415 [main] INFO  impl.MetricsSystemImpl (MetricsSystemImpl.java:init(158)) - HddsDatanode metrics system started (again)
2019-08-29 09:37:37,420 [org.apache.hadoop.util.JvmPauseMonitor$Monitor@25aba258] INFO  util.JvmPauseMonitor (JvmPauseMonitor.java:run(188)) - Starting JVM pause monitor
2019-08-29 09:37:37,421 [main] INFO  ozone.HddsDatanodeService (HddsDatanodeService.java:start(184)) - HddsDatanodeService host:pr-hdds-1935-5tjgs-3847141534 ip:192.168.69.87
2019-08-29 09:37:37,423 [Datanode State Machine Thread - 0] INFO  datanode.InitDatanodeState (InitDatanodeState.java:persistContainerDatanodeDetails(140)) - DatanodeDetails is persisted to /workdir/hadoop-ozone/integration-test/target/test-dir/MiniOzoneClusterImpl-8d4b26b1-34eb-45e8-b83f-edf1f00bc316/datanode-3/meta/datanode.id
2019-08-29 09:37:37,428 [main] INFO  volume.HddsVolume (HddsVolume.java:<init>(176)) - Creating Volume: /workdir/hadoop-ozone/integration-test/target/test-dir/MiniOzoneClusterImpl-8d4b26b1-34eb-45e8-b83f-edf1f00bc316/datanode-4/data/containers/hdds of  storage type : DISK and capacity : 1482555576320
2019-08-29 09:37:37,429 [main] INFO  volume.VolumeSet (VolumeSet.java:initializeVolumeSet(170)) - Added Volume : /workdir/hadoop-ozone/integration-test/target/test-dir/MiniOzoneClusterImpl-8d4b26b1-34eb-45e8-b83f-edf1f00bc316/datanode-4/data/containers/hdds to VolumeSet
2019-08-29 09:37:37,429 [main] INFO  volume.ThrottledAsyncChecker (ThrottledAsyncChecker.java:schedule(140)) - Scheduling a check for org.apache.hadoop.ozone.container.common.volume.HddsVolume@5b5b59
2019-08-29 09:37:37,430 [main] INFO  volume.HddsVolumeChecker (HddsVolumeChecker.java:checkAllVolumes(203)) - Scheduled health check for volume org.apache.hadoop.ozone.container.common.volume.HddsVolume@5b5b59
2019-08-29 09:37:37,447 [main] INFO  impl.RaftServerProxy (ConfUtils.java:logGet(43)) - raft.rpc.type = GRPC (default)
2019-08-29 09:37:37,447 [main] INFO  grpc.GrpcFactory (GrpcFactory.java:checkPooledByteBufAllocatorUseCacheForAllThreads(45)) - PERFORMANCE WARNING: useCacheForAllThreads is true that may cause Netty to create a lot garbage objects and, as a result, trigger GC.
	It is recommended to disable useCacheForAllThreads by setting -Dorg.apache.ratis.thirdparty.io.netty.allocator.useCacheForAllThreads=false in command line.
2019-08-29 09:37:37,447 [main] INFO  grpc.GrpcConfigKeys$Server (ConfUtils.java:logGet(43)) - raft.grpc.server.port = 0 (default)
2019-08-29 09:37:37,448 [main] INFO  server.GrpcService (ConfUtils.java:logGet(43)) - raft.grpc.message.size.max = 33570816 (custom)
2019-08-29 09:37:37,448 [main] INFO  server.RaftServerConfigKeys (ConfUtils.java:logGet(43)) - raft.server.log.appender.buffer.byte-limit = 33554432 (custom)
2019-08-29 09:37:37,448 [main] INFO  server.GrpcService (ConfUtils.java:logGet(43)) - raft.grpc.flow.control.window = 1MB (=1048576) (default)
2019-08-29 09:37:37,448 [main] INFO  server.RaftServerConfigKeys (ConfUtils.java:logGet(43)) - raft.server.rpc.request.timeout = 3000ms (default)
2019-08-29 09:37:37,449 [main] INFO  server.RaftServerConfigKeys (ConfUtils.java:logGet(43)) - raft.server.storage.dir = [/workdir/hadoop-ozone/integration-test/target/test-dir/MiniOzoneClusterImpl-8d4b26b1-34eb-45e8-b83f-edf1f00bc316/datanode-4/data/ratis] (custom)
2019-08-29 09:37:37,450 [main] INFO  hdfs.DFSUtil (DFSUtil.java:httpServerTemplateForNNAndJN(1641)) - Starting Web-server for hddsDatanode at: http://0.0.0.0:0
2019-08-29 09:37:37,453 [main] INFO  server.AuthenticationFilter (AuthenticationFilter.java:constructSecretProvider(240)) - Unable to initialize FileSignerSecretProvider, falling back to use random secrets.
2019-08-29 09:37:37,454 [main] WARN  http.HttpRequestLog (HttpRequestLog.java:getRequestLog(97)) - Jetty request log can only be enabled using Log4j
2019-08-29 09:37:37,456 [main] INFO  http.HttpServer2 (HttpServer2.java:addGlobalFilter(975)) - Added global filter 'safety' (class=org.apache.hadoop.http.HttpServer2$QuotingInputFilter)
2019-08-29 09:37:37,457 [main] INFO  http.HttpServer2 (HttpServer2.java:addFilter(948)) - Added filter static_user_filter (class=org.apache.hadoop.http.lib.StaticUserWebFilter$StaticUserFilter) to context hddsDatanode
2019-08-29 09:37:37,457 [main] INFO  http.HttpServer2 (HttpServer2.java:addFilter(958)) - Added filter static_user_filter (class=org.apache.hadoop.http.lib.StaticUserWebFilter$StaticUserFilter) to context static
2019-08-29 09:37:37,458 [main] INFO  http.HttpServer2 (HttpServer2.java:addFilter(958)) - Added filter static_user_filter (class=org.apache.hadoop.http.lib.StaticUserWebFilter$StaticUserFilter) to context logs
2019-08-29 09:37:37,459 [main] INFO  http.HttpServer2 (HttpServer2.java:bindListener(1191)) - Jetty bound to port 40489
2019-08-29 09:37:37,459 [main] INFO  server.Server (Server.java:doStart(351)) - jetty-9.3.24.v20180605, build timestamp: 2018-06-05T17:11:56Z, git hash: 84205aa28f11a4f31f2a3b86d1bba2cc8ab69827
2019-08-29 09:37:37,462 [main] INFO  handler.ContextHandler (ContextHandler.java:doStart(781)) - Started o.e.j.s.ServletContextHandler@74834afd{/logs,file:///workdir/hadoop-ozone/integration-test/target/log,AVAILABLE}
2019-08-29 09:37:37,462 [main] INFO  handler.ContextHandler (ContextHandler.java:doStart(781)) - Started o.e.j.s.ServletContextHandler@d499c13{/static,jar:file:/home/user/.m2/repository/org/apache/hadoop/hadoop-hdds-container-service/0.5.0-SNAPSHOT/hadoop-hdds-container-service-0.5.0-SNAPSHOT.jar!/webapps/static,AVAILABLE}
2019-08-29 09:37:37,502 [main] INFO  handler.ContextHandler (ContextHandler.java:doStart(781)) - Started o.e.j.w.WebAppContext@297c9a9b{/,file:///tmp/jetty-0.0.0.0-40489-hddsDatanode-_-any-6506170105615988743.dir/webapp/,AVAILABLE}{/hddsDatanode}
2019-08-29 09:37:37,503 [main] INFO  server.AbstractConnector (AbstractConnector.java:doStart(278)) - Started ServerConnector@20999517{HTTP/1.1,[http/1.1]}{0.0.0.0:40489}
2019-08-29 09:37:37,504 [main] INFO  server.Server (Server.java:doStart(419)) - Started @54393ms
2019-08-29 09:37:37,505 [main] WARN  impl.MetricsSystemImpl (MetricsSystemImpl.java:register(276)) - Sink prometheus already exists!
2019-08-29 09:37:37,506 [main] INFO  server.BaseHttpServer (BaseHttpServer.java:updateConnectorAddress(215)) - HTTP server of HDDSDATANODE is listening at http://0.0.0.0:40489
2019-08-29 09:37:37,506 [main] INFO  impl.MetricsSystemImpl (MetricsSystemImpl.java:init(158)) - HddsDatanode metrics system started (again)
2019-08-29 09:37:37,512 [org.apache.hadoop.util.JvmPauseMonitor$Monitor@7ed9cc09] INFO  util.JvmPauseMonitor (JvmPauseMonitor.java:run(188)) - Starting JVM pause monitor
2019-08-29 09:37:37,513 [main] INFO  ozone.HddsDatanodeService (HddsDatanodeService.java:start(184)) - HddsDatanodeService host:pr-hdds-1935-5tjgs-3847141534 ip:192.168.69.87
2019-08-29 09:37:37,513 [Datanode State Machine Thread - 0] INFO  datanode.InitDatanodeState (InitDatanodeState.java:persistContainerDatanodeDetails(140)) - DatanodeDetails is persisted to /workdir/hadoop-ozone/integration-test/target/test-dir/MiniOzoneClusterImpl-8d4b26b1-34eb-45e8-b83f-edf1f00bc316/datanode-4/meta/datanode.id
2019-08-29 09:37:37,520 [main] INFO  volume.HddsVolume (HddsVolume.java:<init>(176)) - Creating Volume: /workdir/hadoop-ozone/integration-test/target/test-dir/MiniOzoneClusterImpl-8d4b26b1-34eb-45e8-b83f-edf1f00bc316/datanode-5/data/containers/hdds of  storage type : DISK and capacity : 1482555576320
2019-08-29 09:37:37,520 [main] INFO  volume.VolumeSet (VolumeSet.java:initializeVolumeSet(170)) - Added Volume : /workdir/hadoop-ozone/integration-test/target/test-dir/MiniOzoneClusterImpl-8d4b26b1-34eb-45e8-b83f-edf1f00bc316/datanode-5/data/containers/hdds to VolumeSet
2019-08-29 09:37:37,520 [main] INFO  volume.ThrottledAsyncChecker (ThrottledAsyncChecker.java:schedule(140)) - Scheduling a check for org.apache.hadoop.ozone.container.common.volume.HddsVolume@6cbbb9c4
2019-08-29 09:37:37,521 [main] INFO  volume.HddsVolumeChecker (HddsVolumeChecker.java:checkAllVolumes(203)) - Scheduled health check for volume org.apache.hadoop.ozone.container.common.volume.HddsVolume@6cbbb9c4
2019-08-29 09:37:37,539 [main] INFO  impl.RaftServerProxy (ConfUtils.java:logGet(43)) - raft.rpc.type = GRPC (default)
2019-08-29 09:37:37,539 [main] INFO  grpc.GrpcFactory (GrpcFactory.java:checkPooledByteBufAllocatorUseCacheForAllThreads(45)) - PERFORMANCE WARNING: useCacheForAllThreads is true that may cause Netty to create a lot garbage objects and, as a result, trigger GC.
	It is recommended to disable useCacheForAllThreads by setting -Dorg.apache.ratis.thirdparty.io.netty.allocator.useCacheForAllThreads=false in command line.
2019-08-29 09:37:37,540 [main] INFO  grpc.GrpcConfigKeys$Server (ConfUtils.java:logGet(43)) - raft.grpc.server.port = 0 (default)
2019-08-29 09:37:37,540 [main] INFO  server.GrpcService (ConfUtils.java:logGet(43)) - raft.grpc.message.size.max = 33570816 (custom)
2019-08-29 09:37:37,540 [main] INFO  server.RaftServerConfigKeys (ConfUtils.java:logGet(43)) - raft.server.log.appender.buffer.byte-limit = 33554432 (custom)
2019-08-29 09:37:37,540 [main] INFO  server.GrpcService (ConfUtils.java:logGet(43)) - raft.grpc.flow.control.window = 1MB (=1048576) (default)
2019-08-29 09:37:37,540 [main] INFO  server.RaftServerConfigKeys (ConfUtils.java:logGet(43)) - raft.server.rpc.request.timeout = 3000ms (default)
2019-08-29 09:37:37,541 [main] INFO  server.RaftServerConfigKeys (ConfUtils.java:logGet(43)) - raft.server.storage.dir = [/workdir/hadoop-ozone/integration-test/target/test-dir/MiniOzoneClusterImpl-8d4b26b1-34eb-45e8-b83f-edf1f00bc316/datanode-5/data/ratis] (custom)
2019-08-29 09:37:37,543 [main] INFO  hdfs.DFSUtil (DFSUtil.java:httpServerTemplateForNNAndJN(1641)) - Starting Web-server for hddsDatanode at: http://0.0.0.0:0
2019-08-29 09:37:37,544 [main] INFO  server.AuthenticationFilter (AuthenticationFilter.java:constructSecretProvider(240)) - Unable to initialize FileSignerSecretProvider, falling back to use random secrets.
2019-08-29 09:37:37,544 [main] WARN  http.HttpRequestLog (HttpRequestLog.java:getRequestLog(97)) - Jetty request log can only be enabled using Log4j
2019-08-29 09:37:37,546 [main] INFO  http.HttpServer2 (HttpServer2.java:addGlobalFilter(975)) - Added global filter 'safety' (class=org.apache.hadoop.http.HttpServer2$QuotingInputFilter)
2019-08-29 09:37:37,547 [main] INFO  http.HttpServer2 (HttpServer2.java:addFilter(948)) - Added filter static_user_filter (class=org.apache.hadoop.http.lib.StaticUserWebFilter$StaticUserFilter) to context hddsDatanode
2019-08-29 09:37:37,547 [main] INFO  http.HttpServer2 (HttpServer2.java:addFilter(958)) - Added filter static_user_filter (class=org.apache.hadoop.http.lib.StaticUserWebFilter$StaticUserFilter) to context logs
2019-08-29 09:37:37,547 [main] INFO  http.HttpServer2 (HttpServer2.java:addFilter(958)) - Added filter static_user_filter (class=org.apache.hadoop.http.lib.StaticUserWebFilter$StaticUserFilter) to context static
2019-08-29 09:37:37,548 [main] INFO  http.HttpServer2 (HttpServer2.java:bindListener(1191)) - Jetty bound to port 45844
2019-08-29 09:37:37,548 [main] INFO  server.Server (Server.java:doStart(351)) - jetty-9.3.24.v20180605, build timestamp: 2018-06-05T17:11:56Z, git hash: 84205aa28f11a4f31f2a3b86d1bba2cc8ab69827
2019-08-29 09:37:37,550 [main] INFO  handler.ContextHandler (ContextHandler.java:doStart(781)) - Started o.e.j.s.ServletContextHandler@3fcee3d9{/logs,file:///workdir/hadoop-ozone/integration-test/target/log,AVAILABLE}
2019-08-29 09:37:37,551 [main] INFO  handler.ContextHandler (ContextHandler.java:doStart(781)) - Started o.e.j.s.ServletContextHandler@760487aa{/static,jar:file:/home/user/.m2/repository/org/apache/hadoop/hadoop-hdds-container-service/0.5.0-SNAPSHOT/hadoop-hdds-container-service-0.5.0-SNAPSHOT.jar!/webapps/static,AVAILABLE}
2019-08-29 09:37:37,581 [main] INFO  handler.ContextHandler (ContextHandler.java:doStart(781)) - Started o.e.j.w.WebAppContext@54e43bfe{/,file:///tmp/jetty-0.0.0.0-45844-hddsDatanode-_-any-133279649006175830.dir/webapp/,AVAILABLE}{/hddsDatanode}
2019-08-29 09:37:37,582 [main] INFO  server.AbstractConnector (AbstractConnector.java:doStart(278)) - Started ServerConnector@106b014e{HTTP/1.1,[http/1.1]}{0.0.0.0:45844}
2019-08-29 09:37:37,584 [main] INFO  server.Server (Server.java:doStart(419)) - Started @54473ms
2019-08-29 09:37:37,584 [main] WARN  impl.MetricsSystemImpl (MetricsSystemImpl.java:register(276)) - Sink prometheus already exists!
2019-08-29 09:37:37,584 [main] INFO  server.BaseHttpServer (BaseHttpServer.java:updateConnectorAddress(215)) - HTTP server of HDDSDATANODE is listening at http://0.0.0.0:45844
2019-08-29 09:37:37,585 [main] INFO  impl.MetricsSystemImpl (MetricsSystemImpl.java:init(158)) - HddsDatanode metrics system started (again)
2019-08-29 09:37:37,590 [org.apache.hadoop.util.JvmPauseMonitor$Monitor@61cd92f2] INFO  util.JvmPauseMonitor (JvmPauseMonitor.java:run(188)) - Starting JVM pause monitor
2019-08-29 09:37:37,590 [main] INFO  ozone.HddsDatanodeService (HddsDatanodeService.java:start(184)) - HddsDatanodeService host:pr-hdds-1935-5tjgs-3847141534 ip:192.168.69.87
2019-08-29 09:37:37,591 [Datanode State Machine Thread - 0] INFO  datanode.InitDatanodeState (InitDatanodeState.java:persistContainerDatanodeDetails(140)) - DatanodeDetails is persisted to /workdir/hadoop-ozone/integration-test/target/test-dir/MiniOzoneClusterImpl-8d4b26b1-34eb-45e8-b83f-edf1f00bc316/datanode-5/meta/datanode.id
2019-08-29 09:37:37,597 [main] INFO  volume.HddsVolume (HddsVolume.java:<init>(176)) - Creating Volume: /workdir/hadoop-ozone/integration-test/target/test-dir/MiniOzoneClusterImpl-8d4b26b1-34eb-45e8-b83f-edf1f00bc316/datanode-6/data/containers/hdds of  storage type : DISK and capacity : 1482555576320
2019-08-29 09:37:37,598 [main] INFO  volume.VolumeSet (VolumeSet.java:initializeVolumeSet(170)) - Added Volume : /workdir/hadoop-ozone/integration-test/target/test-dir/MiniOzoneClusterImpl-8d4b26b1-34eb-45e8-b83f-edf1f00bc316/datanode-6/data/containers/hdds to VolumeSet
2019-08-29 09:37:37,598 [main] INFO  volume.ThrottledAsyncChecker (ThrottledAsyncChecker.java:schedule(140)) - Scheduling a check for org.apache.hadoop.ozone.container.common.volume.HddsVolume@3290b1a6
2019-08-29 09:37:37,598 [main] INFO  volume.HddsVolumeChecker (HddsVolumeChecker.java:checkAllVolumes(203)) - Scheduled health check for volume org.apache.hadoop.ozone.container.common.volume.HddsVolume@3290b1a6
2019-08-29 09:37:37,613 [main] INFO  impl.RaftServerProxy (ConfUtils.java:logGet(43)) - raft.rpc.type = GRPC (default)
2019-08-29 09:37:37,613 [main] INFO  grpc.GrpcFactory (GrpcFactory.java:checkPooledByteBufAllocatorUseCacheForAllThreads(45)) - PERFORMANCE WARNING: useCacheForAllThreads is true that may cause Netty to create a lot garbage objects and, as a result, trigger GC.
	It is recommended to disable useCacheForAllThreads by setting -Dorg.apache.ratis.thirdparty.io.netty.allocator.useCacheForAllThreads=false in command line.
2019-08-29 09:37:37,613 [main] INFO  grpc.GrpcConfigKeys$Server (ConfUtils.java:logGet(43)) - raft.grpc.server.port = 0 (default)
2019-08-29 09:37:37,613 [main] INFO  server.GrpcService (ConfUtils.java:logGet(43)) - raft.grpc.message.size.max = 33570816 (custom)
2019-08-29 09:37:37,613 [main] INFO  server.RaftServerConfigKeys (ConfUtils.java:logGet(43)) - raft.server.log.appender.buffer.byte-limit = 33554432 (custom)
2019-08-29 09:37:37,614 [main] INFO  server.GrpcService (ConfUtils.java:logGet(43)) - raft.grpc.flow.control.window = 1MB (=1048576) (default)
2019-08-29 09:37:37,614 [main] INFO  server.RaftServerConfigKeys (ConfUtils.java:logGet(43)) - raft.server.rpc.request.timeout = 3000ms (default)
2019-08-29 09:37:37,614 [main] INFO  server.RaftServerConfigKeys (ConfUtils.java:logGet(43)) - raft.server.storage.dir = [/workdir/hadoop-ozone/integration-test/target/test-dir/MiniOzoneClusterImpl-8d4b26b1-34eb-45e8-b83f-edf1f00bc316/datanode-6/data/ratis] (custom)
2019-08-29 09:37:37,616 [main] INFO  hdfs.DFSUtil (DFSUtil.java:httpServerTemplateForNNAndJN(1641)) - Starting Web-server for hddsDatanode at: http://0.0.0.0:0
2019-08-29 09:37:37,618 [main] INFO  server.AuthenticationFilter (AuthenticationFilter.java:constructSecretProvider(240)) - Unable to initialize FileSignerSecretProvider, falling back to use random secrets.
2019-08-29 09:37:37,618 [main] WARN  http.HttpRequestLog (HttpRequestLog.java:getRequestLog(97)) - Jetty request log can only be enabled using Log4j
2019-08-29 09:37:37,620 [main] INFO  http.HttpServer2 (HttpServer2.java:addGlobalFilter(975)) - Added global filter 'safety' (class=org.apache.hadoop.http.HttpServer2$QuotingInputFilter)
2019-08-29 09:37:37,621 [main] INFO  http.HttpServer2 (HttpServer2.java:addFilter(948)) - Added filter static_user_filter (class=org.apache.hadoop.http.lib.StaticUserWebFilter$StaticUserFilter) to context hddsDatanode
2019-08-29 09:37:37,621 [main] INFO  http.HttpServer2 (HttpServer2.java:addFilter(958)) - Added filter static_user_filter (class=org.apache.hadoop.http.lib.StaticUserWebFilter$StaticUserFilter) to context logs
2019-08-29 09:37:37,621 [main] INFO  http.HttpServer2 (HttpServer2.java:addFilter(958)) - Added filter static_user_filter (class=org.apache.hadoop.http.lib.StaticUserWebFilter$StaticUserFilter) to context static
2019-08-29 09:37:37,622 [main] INFO  http.HttpServer2 (HttpServer2.java:bindListener(1191)) - Jetty bound to port 41666
2019-08-29 09:37:37,622 [main] INFO  server.Server (Server.java:doStart(351)) - jetty-9.3.24.v20180605, build timestamp: 2018-06-05T17:11:56Z, git hash: 84205aa28f11a4f31f2a3b86d1bba2cc8ab69827
2019-08-29 09:37:37,624 [main] INFO  handler.ContextHandler (ContextHandler.java:doStart(781)) - Started o.e.j.s.ServletContextHandler@5df63359{/logs,file:///workdir/hadoop-ozone/integration-test/target/log,AVAILABLE}
2019-08-29 09:37:37,625 [main] INFO  handler.ContextHandler (ContextHandler.java:doStart(781)) - Started o.e.j.s.ServletContextHandler@5b39a3e6{/static,jar:file:/home/user/.m2/repository/org/apache/hadoop/hadoop-hdds-container-service/0.5.0-SNAPSHOT/hadoop-hdds-container-service-0.5.0-SNAPSHOT.jar!/webapps/static,AVAILABLE}
2019-08-29 09:37:37,656 [main] INFO  handler.ContextHandler (ContextHandler.java:doStart(781)) - Started o.e.j.w.WebAppContext@62765aec{/,file:///tmp/jetty-0.0.0.0-41666-hddsDatanode-_-any-3369337864002882697.dir/webapp/,AVAILABLE}{/hddsDatanode}
2019-08-29 09:37:37,656 [main] INFO  server.AbstractConnector (AbstractConnector.java:doStart(278)) - Started ServerConnector@6f5bd362{HTTP/1.1,[http/1.1]}{0.0.0.0:41666}
2019-08-29 09:37:37,658 [main] INFO  server.Server (Server.java:doStart(419)) - Started @54547ms
2019-08-29 09:37:37,658 [main] WARN  impl.MetricsSystemImpl (MetricsSystemImpl.java:register(276)) - Sink prometheus already exists!
2019-08-29 09:37:37,659 [main] INFO  server.BaseHttpServer (BaseHttpServer.java:updateConnectorAddress(215)) - HTTP server of HDDSDATANODE is listening at http://0.0.0.0:41666
2019-08-29 09:37:37,660 [main] INFO  ozone.MiniOzoneClusterImpl (MiniOzoneClusterImpl.java:lambda$waitForClusterToBeReady$0(140)) - Waiting for cluster to be ready. Got 0 of 7 DN Heartbeats.
2019-08-29 09:37:37,663 [org.apache.hadoop.util.JvmPauseMonitor$Monitor@451f2b5] INFO  util.JvmPauseMonitor (JvmPauseMonitor.java:run(188)) - Starting JVM pause monitor
2019-08-29 09:37:37,664 [Datanode State Machine Thread - 0] INFO  datanode.InitDatanodeState (InitDatanodeState.java:persistContainerDatanodeDetails(140)) - DatanodeDetails is persisted to /workdir/hadoop-ozone/integration-test/target/test-dir/MiniOzoneClusterImpl-8d4b26b1-34eb-45e8-b83f-edf1f00bc316/datanode-6/meta/datanode.id
2019-08-29 09:37:38,662 [main] INFO  ozone.MiniOzoneClusterImpl (MiniOzoneClusterImpl.java:lambda$waitForClusterToBeReady$0(140)) - Waiting for cluster to be ready. Got 0 of 7 DN Heartbeats.
2019-08-29 09:37:39,139 | INFO  | SCMAudit | user=jenkins1000 | ip=192.168.69.87 | op=GET_VERSION null | ret=SUCCESS |  
2019-08-29 09:37:39,160 [Datanode State Machine Thread - 0] INFO  ozoneimpl.OzoneContainer (OzoneContainer.java:start(201)) - Attempting to start container services.
2019-08-29 09:37:39,163 [Datanode State Machine Thread - 0] INFO  ozoneimpl.OzoneContainer (OzoneContainer.java:startContainerScrub(175)) - Background container scrubber has been disabled by hdds.containerscrub.enabled
2019-08-29 09:37:39,163 [Datanode State Machine Thread - 0] INFO  ratis.XceiverServerRatis (XceiverServerRatis.java:start(393)) - Starting XceiverServerRatis 44638b28-be06-4149-9a11-87ab58c8e022 at port 0
2019-08-29 09:37:39,170 [Datanode State Machine Thread - 0] INFO  impl.RaftServerProxy (RaftServerProxy.java:lambda$start$3(299)) - 44638b28-be06-4149-9a11-87ab58c8e022: start RPC server
2019-08-29 09:37:39,172 [Datanode State Machine Thread - 0] INFO  server.GrpcService (GrpcService.java:startImpl(149)) - 44638b28-be06-4149-9a11-87ab58c8e022: GrpcService started, listening on 0.0.0.0/0.0.0.0:35910
2019-08-29 09:37:39,173 [Datanode State Machine Thread - 0] INFO  ratis.XceiverServerRatis (XceiverServerRatis.java:start(403)) - XceiverServerRatis 44638b28-be06-4149-9a11-87ab58c8e022 is started using port 35910
2019-08-29 09:37:39,173 [Datanode State Machine Thread - 0] INFO  server.XceiverServerGrpc (XceiverServerGrpc.java:start(163)) - XceiverServerGrpc 44638b28-be06-4149-9a11-87ab58c8e022 is started using port 41512
2019-08-29 09:37:39,233 | INFO  | SCMAudit | user=jenkins1000 | ip=192.168.69.87 | op=GET_VERSION null | ret=SUCCESS |  
2019-08-29 09:37:39,260 [Datanode State Machine Thread - 0] INFO  ozoneimpl.OzoneContainer (OzoneContainer.java:start(201)) - Attempting to start container services.
2019-08-29 09:37:39,263 [Datanode State Machine Thread - 0] INFO  ozoneimpl.OzoneContainer (OzoneContainer.java:startContainerScrub(175)) - Background container scrubber has been disabled by hdds.containerscrub.enabled
2019-08-29 09:37:39,263 [Datanode State Machine Thread - 0] INFO  ratis.XceiverServerRatis (XceiverServerRatis.java:start(393)) - Starting XceiverServerRatis 73941da8-7b3a-43e7-8aff-0a9367598152 at port 0
2019-08-29 09:37:39,271 [Datanode State Machine Thread - 0] INFO  impl.RaftServerProxy (RaftServerProxy.java:lambda$start$3(299)) - 73941da8-7b3a-43e7-8aff-0a9367598152: start RPC server
2019-08-29 09:37:39,272 [Datanode State Machine Thread - 0] INFO  server.GrpcService (GrpcService.java:startImpl(149)) - 73941da8-7b3a-43e7-8aff-0a9367598152: GrpcService started, listening on 0.0.0.0/0.0.0.0:35513
2019-08-29 09:37:39,272 [Datanode State Machine Thread - 0] INFO  ratis.XceiverServerRatis (XceiverServerRatis.java:start(403)) - XceiverServerRatis 73941da8-7b3a-43e7-8aff-0a9367598152 is started using port 35513
2019-08-29 09:37:39,274 [Datanode State Machine Thread - 0] INFO  server.XceiverServerGrpc (XceiverServerGrpc.java:start(163)) - XceiverServerGrpc 73941da8-7b3a-43e7-8aff-0a9367598152 is started using port 38299
2019-08-29 09:37:39,324 | INFO  | SCMAudit | user=jenkins1000 | ip=192.168.69.87 | op=GET_VERSION null | ret=SUCCESS |  
2019-08-29 09:37:39,352 [Datanode State Machine Thread - 0] INFO  ozoneimpl.OzoneContainer (OzoneContainer.java:start(201)) - Attempting to start container services.
2019-08-29 09:37:39,362 [Datanode State Machine Thread - 0] INFO  ozoneimpl.OzoneContainer (OzoneContainer.java:startContainerScrub(175)) - Background container scrubber has been disabled by hdds.containerscrub.enabled
2019-08-29 09:37:39,362 [Datanode State Machine Thread - 0] INFO  ratis.XceiverServerRatis (XceiverServerRatis.java:start(393)) - Starting XceiverServerRatis c6f9d398-2eae-4a63-879f-a1d1bc55d1b3 at port 0
2019-08-29 09:37:39,370 [Datanode State Machine Thread - 0] INFO  impl.RaftServerProxy (RaftServerProxy.java:lambda$start$3(299)) - c6f9d398-2eae-4a63-879f-a1d1bc55d1b3: start RPC server
2019-08-29 09:37:39,378 [Datanode State Machine Thread - 0] INFO  server.GrpcService (GrpcService.java:startImpl(149)) - c6f9d398-2eae-4a63-879f-a1d1bc55d1b3: GrpcService started, listening on 0.0.0.0/0.0.0.0:43466
2019-08-29 09:37:39,378 [Datanode State Machine Thread - 0] INFO  ratis.XceiverServerRatis (XceiverServerRatis.java:start(403)) - XceiverServerRatis c6f9d398-2eae-4a63-879f-a1d1bc55d1b3 is started using port 43466
2019-08-29 09:37:39,385 [Datanode State Machine Thread - 0] INFO  server.XceiverServerGrpc (XceiverServerGrpc.java:start(163)) - XceiverServerGrpc c6f9d398-2eae-4a63-879f-a1d1bc55d1b3 is started using port 37072
2019-08-29 09:37:39,422 | INFO  | SCMAudit | user=jenkins1000 | ip=192.168.69.87 | op=GET_VERSION null | ret=SUCCESS |  
2019-08-29 09:37:39,436 [Datanode State Machine Thread - 0] INFO  ozoneimpl.OzoneContainer (OzoneContainer.java:start(201)) - Attempting to start container services.
2019-08-29 09:37:39,436 [Datanode State Machine Thread - 0] INFO  ozoneimpl.OzoneContainer (OzoneContainer.java:startContainerScrub(175)) - Background container scrubber has been disabled by hdds.containerscrub.enabled
2019-08-29 09:37:39,436 [Datanode State Machine Thread - 0] INFO  ratis.XceiverServerRatis (XceiverServerRatis.java:start(393)) - Starting XceiverServerRatis 129cf440-9aa6-4f56-b440-e84d0b76b9e5 at port 0
2019-08-29 09:37:39,443 [Datanode State Machine Thread - 0] INFO  impl.RaftServerProxy (RaftServerProxy.java:lambda$start$3(299)) - 129cf440-9aa6-4f56-b440-e84d0b76b9e5: start RPC server
2019-08-29 09:37:39,444 [Datanode State Machine Thread - 0] INFO  server.GrpcService (GrpcService.java:startImpl(149)) - 129cf440-9aa6-4f56-b440-e84d0b76b9e5: GrpcService started, listening on 0.0.0.0/0.0.0.0:40781
2019-08-29 09:37:39,445 [Datanode State Machine Thread - 0] INFO  ratis.XceiverServerRatis (XceiverServerRatis.java:start(403)) - XceiverServerRatis 129cf440-9aa6-4f56-b440-e84d0b76b9e5 is started using port 40781
2019-08-29 09:37:39,447 [Datanode State Machine Thread - 0] INFO  server.XceiverServerGrpc (XceiverServerGrpc.java:start(163)) - XceiverServerGrpc 129cf440-9aa6-4f56-b440-e84d0b76b9e5 is started using port 41015
2019-08-29 09:37:39,514 | INFO  | SCMAudit | user=jenkins1000 | ip=192.168.69.87 | op=GET_VERSION null | ret=SUCCESS |  
2019-08-29 09:37:39,536 [Datanode State Machine Thread - 0] INFO  ozoneimpl.OzoneContainer (OzoneContainer.java:start(201)) - Attempting to start container services.
2019-08-29 09:37:39,536 [Datanode State Machine Thread - 0] INFO  ozoneimpl.OzoneContainer (OzoneContainer.java:startContainerScrub(175)) - Background container scrubber has been disabled by hdds.containerscrub.enabled
2019-08-29 09:37:39,537 [Datanode State Machine Thread - 0] INFO  ratis.XceiverServerRatis (XceiverServerRatis.java:start(393)) - Starting XceiverServerRatis 7a2e5536-d576-4bf3-9dec-9e4177d66979 at port 0
2019-08-29 09:37:39,546 [Datanode State Machine Thread - 0] INFO  impl.RaftServerProxy (RaftServerProxy.java:lambda$start$3(299)) - 7a2e5536-d576-4bf3-9dec-9e4177d66979: start RPC server
2019-08-29 09:37:39,547 [Datanode State Machine Thread - 0] INFO  server.GrpcService (GrpcService.java:startImpl(149)) - 7a2e5536-d576-4bf3-9dec-9e4177d66979: GrpcService started, listening on 0.0.0.0/0.0.0.0:35893
2019-08-29 09:37:39,548 [Datanode State Machine Thread - 0] INFO  ratis.XceiverServerRatis (XceiverServerRatis.java:start(403)) - XceiverServerRatis 7a2e5536-d576-4bf3-9dec-9e4177d66979 is started using port 35893
2019-08-29 09:37:39,550 [Datanode State Machine Thread - 0] INFO  server.XceiverServerGrpc (XceiverServerGrpc.java:start(163)) - XceiverServerGrpc 7a2e5536-d576-4bf3-9dec-9e4177d66979 is started using port 37289
2019-08-29 09:37:39,591 | INFO  | SCMAudit | user=jenkins1000 | ip=192.168.69.87 | op=GET_VERSION null | ret=SUCCESS |  
2019-08-29 09:37:39,617 [Datanode State Machine Thread - 0] INFO  ozoneimpl.OzoneContainer (OzoneContainer.java:start(201)) - Attempting to start container services.
2019-08-29 09:37:39,618 [Datanode State Machine Thread - 0] INFO  ozoneimpl.OzoneContainer (OzoneContainer.java:startContainerScrub(175)) - Background container scrubber has been disabled by hdds.containerscrub.enabled
2019-08-29 09:37:39,618 [Datanode State Machine Thread - 0] INFO  ratis.XceiverServerRatis (XceiverServerRatis.java:start(393)) - Starting XceiverServerRatis c8986603-afcd-4cf8-afcf-c6b45c0b43cc at port 0
2019-08-29 09:37:39,625 [Datanode State Machine Thread - 0] INFO  impl.RaftServerProxy (RaftServerProxy.java:lambda$start$3(299)) - c8986603-afcd-4cf8-afcf-c6b45c0b43cc: start RPC server
2019-08-29 09:37:39,626 [Datanode State Machine Thread - 0] INFO  server.GrpcService (GrpcService.java:startImpl(149)) - c8986603-afcd-4cf8-afcf-c6b45c0b43cc: GrpcService started, listening on 0.0.0.0/0.0.0.0:46863
2019-08-29 09:37:39,626 [Datanode State Machine Thread - 0] INFO  ratis.XceiverServerRatis (XceiverServerRatis.java:start(403)) - XceiverServerRatis c8986603-afcd-4cf8-afcf-c6b45c0b43cc is started using port 46863
2019-08-29 09:37:39,629 [Datanode State Machine Thread - 0] INFO  server.XceiverServerGrpc (XceiverServerGrpc.java:start(163)) - XceiverServerGrpc c8986603-afcd-4cf8-afcf-c6b45c0b43cc is started using port 38805
2019-08-29 09:37:39,663 [main] INFO  ozone.MiniOzoneClusterImpl (MiniOzoneClusterImpl.java:lambda$waitForClusterToBeReady$0(140)) - Waiting for cluster to be ready. Got 0 of 7 DN Heartbeats.
2019-08-29 09:37:39,664 | INFO  | SCMAudit | user=jenkins1000 | ip=192.168.69.87 | op=GET_VERSION null | ret=SUCCESS |  
2019-08-29 09:37:39,688 [Datanode State Machine Thread - 0] INFO  ozoneimpl.OzoneContainer (OzoneContainer.java:start(201)) - Attempting to start container services.
2019-08-29 09:37:39,688 [Datanode State Machine Thread - 0] INFO  ozoneimpl.OzoneContainer (OzoneContainer.java:startContainerScrub(175)) - Background container scrubber has been disabled by hdds.containerscrub.enabled
2019-08-29 09:37:39,688 [Datanode State Machine Thread - 0] INFO  ratis.XceiverServerRatis (XceiverServerRatis.java:start(393)) - Starting XceiverServerRatis 31202bf3-e3ef-401b-98b9-369e6d4f3507 at port 0
2019-08-29 09:37:39,693 [Datanode State Machine Thread - 0] INFO  impl.RaftServerProxy (RaftServerProxy.java:lambda$start$3(299)) - 31202bf3-e3ef-401b-98b9-369e6d4f3507: start RPC server
2019-08-29 09:37:39,694 [Datanode State Machine Thread - 0] INFO  server.GrpcService (GrpcService.java:startImpl(149)) - 31202bf3-e3ef-401b-98b9-369e6d4f3507: GrpcService started, listening on 0.0.0.0/0.0.0.0:43586
2019-08-29 09:37:39,695 [Datanode State Machine Thread - 0] INFO  ratis.XceiverServerRatis (XceiverServerRatis.java:start(403)) - XceiverServerRatis 31202bf3-e3ef-401b-98b9-369e6d4f3507 is started using port 43586
2019-08-29 09:37:39,695 [Datanode State Machine Thread - 0] INFO  server.XceiverServerGrpc (XceiverServerGrpc.java:start(163)) - XceiverServerGrpc 31202bf3-e3ef-401b-98b9-369e6d4f3507 is started using port 44048
2019-08-29 09:37:40,663 [main] INFO  ozone.MiniOzoneClusterImpl (MiniOzoneClusterImpl.java:lambda$waitForClusterToBeReady$0(140)) - Waiting for cluster to be ready. Got 0 of 7 DN Heartbeats.
2019-08-29 09:37:41,138 [IPC Server handler 0 on 33562] INFO  net.NetworkTopology (NetworkTopologyImpl.java:add(110)) - Added a new node: /default-rack/44638b28-be06-4149-9a11-87ab58c8e022
2019-08-29 09:37:41,140 [IPC Server handler 0 on 33562] INFO  node.SCMNodeManager (SCMNodeManager.java:register(266)) - Registered Data node : 44638b28-be06-4149-9a11-87ab58c8e022{ip: 192.168.69.87, host: pr-hdds-1935-5tjgs-3847141534, networkLocation: /default-rack, certSerialId: null}
2019-08-29 09:37:41,141 [EventQueue-NodeRegistrationContainerReportForDataNodeSafeModeRule] INFO  safemode.SCMSafeModeManager (DataNodeSafeModeRule.java:process(71)) - SCM in safe mode. 1 DataNodes registered, 1 required.
2019-08-29 09:37:41,142 [EventQueue-NodeRegistrationContainerReportForDataNodeSafeModeRule] INFO  safemode.SCMSafeModeManager (SCMSafeModeManager.java:validateSafeModeExitRules(177)) - ScmSafeModeManager, all rules are successfully validated
2019-08-29 09:37:41,142 [EventQueue-NodeRegistrationContainerReportForDataNodeSafeModeRule] INFO  safemode.SCMSafeModeManager (SCMSafeModeManager.java:exitSafeMode(193)) - SCM exiting safe mode.
2019-08-29 09:37:41,142 | INFO  | SCMAudit | user=jenkins1000 | ip=192.168.69.87 | op=REGISTER {datanodeDetails=44638b28-be06-4149-9a11-87ab58c8e022{ip: 192.168.69.87, host: pr-hdds-1935-5tjgs-3847141534, networkLocation: /default-rack, certSerialId: null}} | ret=SUCCESS |  
2019-08-29 09:37:41,166 [grpc-default-executor-1] INFO  impl.RaftServerProxy (RaftServerProxy.java:addNew(89)) - 44638b28-be06-4149-9a11-87ab58c8e022: addNew group-E7121F887599:[44638b28-be06-4149-9a11-87ab58c8e022:192.168.69.87:35910] returns group-E7121F887599:java.util.concurrent.CompletableFuture@47e4b9d3[Not completed]
2019-08-29 09:37:41,169 [pool-119-thread-1] INFO  impl.RaftServerImpl (RaftServerImpl.java:<init>(93)) - 44638b28-be06-4149-9a11-87ab58c8e022: new RaftServerImpl for group-E7121F887599:[44638b28-be06-4149-9a11-87ab58c8e022:192.168.69.87:35910] with ContainerStateMachine:uninitialized
2019-08-29 09:37:41,170 [pool-119-thread-1] INFO  server.RaftServerConfigKeys (ConfUtils.java:logGet(43)) - raft.server.rpc.timeout.min = 5s (custom)
2019-08-29 09:37:41,170 [pool-119-thread-1] INFO  server.RaftServerConfigKeys (ConfUtils.java:logGet(43)) - raft.server.rpc.timeout.max = 5200ms (custom)
2019-08-29 09:37:41,170 [pool-119-thread-1] INFO  server.RaftServerConfigKeys (ConfUtils.java:logGet(43)) - raft.server.rpcslowness.timeout = 120s (custom)
2019-08-29 09:37:41,170 [pool-119-thread-1] INFO  server.RaftServerConfigKeys (ConfUtils.java:logGet(43)) - raft.server.sleep.deviation.threshold = 300 (default)
2019-08-29 09:37:41,170 [pool-119-thread-1] INFO  server.RaftServerConfigKeys (ConfUtils.java:logGet(43)) - raft.server.log.appender.install.snapshot.enabled = false (custom)
2019-08-29 09:37:41,170 [pool-119-thread-1] INFO  impl.RaftServerImpl (ServerState.java:<init>(105)) - 44638b28-be06-4149-9a11-87ab58c8e022:group-E7121F887599 ConfigurationManager, init=-1: [44638b28-be06-4149-9a11-87ab58c8e022:192.168.69.87:35910], old=null, confs=<EMPTY_MAP>
2019-08-29 09:37:41,171 [pool-119-thread-1] INFO  server.RaftServerConfigKeys (ConfUtils.java:logGet(43)) - raft.server.storage.dir = [/workdir/hadoop-ozone/integration-test/target/test-dir/MiniOzoneClusterImpl-8d4b26b1-34eb-45e8-b83f-edf1f00bc316/datanode-0/data/ratis] (custom)
2019-08-29 09:37:41,171 [pool-119-thread-1] INFO  storage.RaftStorageDirectory (RaftStorageDirectory.java:analyzeStorage(246)) - The storage directory /workdir/hadoop-ozone/integration-test/target/test-dir/MiniOzoneClusterImpl-8d4b26b1-34eb-45e8-b83f-edf1f00bc316/datanode-0/data/ratis/4fb73182-3f5e-4c93-9f0f-e7121f887599 does not exist. Creating ...
2019-08-29 09:37:41,190 [pool-119-thread-1] INFO  storage.RaftStorageDirectory (RaftStorageDirectory.java:tryLock(328)) - Lock on /workdir/hadoop-ozone/integration-test/target/test-dir/MiniOzoneClusterImpl-8d4b26b1-34eb-45e8-b83f-edf1f00bc316/datanode-0/data/ratis/4fb73182-3f5e-4c93-9f0f-e7121f887599/in_use.lock acquired by nodename 7910@pr-hdds-1935-5tjgs-3847141534
2019-08-29 09:37:41,209 [pool-119-thread-1] INFO  storage.RaftStorage (RaftStorage.java:format(72)) - Storage directory /workdir/hadoop-ozone/integration-test/target/test-dir/MiniOzoneClusterImpl-8d4b26b1-34eb-45e8-b83f-edf1f00bc316/datanode-0/data/ratis/4fb73182-3f5e-4c93-9f0f-e7121f887599 has been successfully formatted.
2019-08-29 09:37:41,210 [pool-119-thread-1] INFO  ratis.ContainerStateMachine (ContainerStateMachine.java:loadSnapshot(227)) - group-E7121F887599: The snapshot info is null. Setting the last applied indexto:(t:0, i:~)
2019-08-29 09:37:41,210 [pool-119-thread-1] INFO  server.RaftServerConfigKeys (ConfUtils.java:logGet(43)) - raft.server.leader.election.timeout = 120s (custom)
2019-08-29 09:37:41,210 [pool-119-thread-1] INFO  server.RaftServerConfigKeys (ConfUtils.java:logGet(43)) - raft.server.log.use.memory = false (default)
2019-08-29 09:37:41,210 [pool-119-thread-1] INFO  server.RaftServerConfigKeys (ConfUtils.java:logGet(43)) - raft.server.log.purge.gap = 1000000 (custom)
2019-08-29 09:37:41,210 [pool-119-thread-1] INFO  server.RaftServerConfigKeys (ConfUtils.java:logGet(43)) - raft.server.log.appender.buffer.byte-limit = 33554432 (custom)
2019-08-29 09:37:41,210 [pool-119-thread-1] INFO  server.RaftServerConfigKeys (ConfUtils.java:logGet(43)) - raft.server.log.segment.size.max = 1048576 (custom)
2019-08-29 09:37:41,210 [pool-119-thread-1] INFO  server.RaftServerConfigKeys (ConfUtils.java:logGet(43)) - raft.server.log.segment.cache.num.max = 2 (custom)
2019-08-29 09:37:41,211 [pool-119-thread-1] INFO  segmented.SegmentedRaftLogWorker (SegmentedRaftLogWorker.java:<init>(172)) - new 44638b28-be06-4149-9a11-87ab58c8e022-SegmentedRaftLogWorker:Storage Directory /workdir/hadoop-ozone/integration-test/target/test-dir/MiniOzoneClusterImpl-8d4b26b1-34eb-45e8-b83f-edf1f00bc316/datanode-0/data/ratis/4fb73182-3f5e-4c93-9f0f-e7121f887599 for RaftStorage:Storage Directory /workdir/hadoop-ozone/integration-test/target/test-dir/MiniOzoneClusterImpl-8d4b26b1-34eb-45e8-b83f-edf1f00bc316/datanode-0/data/ratis/4fb73182-3f5e-4c93-9f0f-e7121f887599
2019-08-29 09:37:41,211 [pool-119-thread-1] INFO  server.RaftServerConfigKeys (ConfUtils.java:logGet(43)) - raft.server.log.queue.byte-limit = 2147483647 (custom)
2019-08-29 09:37:41,211 [pool-119-thread-1] INFO  server.RaftServerConfigKeys (ConfUtils.java:logGet(43)) - raft.server.log.queue.element-limit = 1024 (custom)
2019-08-29 09:37:41,211 [pool-119-thread-1] INFO  server.RaftServerConfigKeys (ConfUtils.java:logGet(43)) - raft.server.log.segment.size.max = 1048576 (custom)
2019-08-29 09:37:41,211 [pool-119-thread-1] INFO  server.RaftServerConfigKeys (ConfUtils.java:logGet(43)) - raft.server.log.preallocated.size = 16384 (custom)
2019-08-29 09:37:41,212 [pool-119-thread-1] INFO  server.RaftServerConfigKeys (ConfUtils.java:logGet(43)) - raft.server.log.write.buffer.size = 33554432 (custom)
2019-08-29 09:37:41,212 [pool-119-thread-1] INFO  server.RaftServerConfigKeys (ConfUtils.java:logGet(43)) - raft.server.log.force.sync.num = 128 (default)
2019-08-29 09:37:41,212 [pool-119-thread-1] INFO  server.RaftServerConfigKeys (ConfUtils.java:logGet(43)) - raft.server.log.statemachine.data.sync = true (default)
2019-08-29 09:37:41,212 [pool-119-thread-1] INFO  server.RaftServerConfigKeys (ConfUtils.java:logGet(43)) - raft.server.log.statemachine.data.sync.timeout = 10s (default)
2019-08-29 09:37:41,212 [pool-119-thread-1] INFO  server.RaftServerConfigKeys (ConfUtils.java:logGet(43)) - raft.server.log.statemachine.data.sync.timeout.retry = -1 (default)
2019-08-29 09:37:41,212 [pool-119-thread-1] INFO  server.RaftServerConfigKeys (ConfUtils.java:logGet(43)) - raft.server.log.statemachine.data.caching.enabled = true (custom)
2019-08-29 09:37:41,213 [pool-119-thread-1] INFO  segmented.SegmentedRaftLogWorker (SegmentedRaftLogWorker.java:lambda$new$0(132)) - 44638b28-be06-4149-9a11-87ab58c8e022-SegmentedRaftLogWorker:Storage Directory /workdir/hadoop-ozone/integration-test/target/test-dir/MiniOzoneClusterImpl-8d4b26b1-34eb-45e8-b83f-edf1f00bc316/datanode-0/data/ratis/4fb73182-3f5e-4c93-9f0f-e7121f887599: flushIndex: setUnconditionally 0 -> -1
2019-08-29 09:37:41,213 [pool-119-thread-1] INFO  server.RaftServerConfigKeys (ConfUtils.java:logGet(43)) - raft.server.snapshot.auto.trigger.enabled = true (custom)
2019-08-29 09:37:41,213 [pool-119-thread-1] INFO  server.RaftServerConfigKeys (ConfUtils.java:logGet(43)) - raft.server.snapshot.auto.trigger.threshold = 10000 (custom)
2019-08-29 09:37:41,213 [pool-119-thread-1] INFO  server.RaftServerConfigKeys (ConfUtils.java:logGet(43)) - raft.server.retrycache.expirytime = 600000ms (custom)
2019-08-29 09:37:41,214 [pool-119-thread-1] INFO  impl.RaftServerImpl (RaftServerImpl.java:start(180)) - 44638b28-be06-4149-9a11-87ab58c8e022: start group-E7121F887599
2019-08-29 09:37:41,214 [pool-119-thread-1] INFO  impl.RaftServerImpl (RaftServerImpl.java:setRole(171)) - 44638b28-be06-4149-9a11-87ab58c8e022:group-E7121F887599 changes role from null to FOLLOWER at term 0 for startAsFollower
2019-08-29 09:37:41,214 [pool-119-thread-1] INFO  impl.RoleInfo (RoleInfo.java:updateAndGet(143)) - 44638b28-be06-4149-9a11-87ab58c8e022: start FollowerState
2019-08-29 09:37:41,214 [pool-119-thread-1] INFO  util.JmxRegister (JmxRegister.java:tryRegister(44)) - Successfully registered JMX Bean with object name Ratis:service=RaftServer,group=group-E7121F887599,id=44638b28-be06-4149-9a11-87ab58c8e022
2019-08-29 09:37:41,218 [RatisPipelineUtilsThread] INFO  pipeline.PipelineStateManager (PipelineStateManager.java:addPipeline(56)) - Created pipeline Pipeline[ Id: 4fb73182-3f5e-4c93-9f0f-e7121f887599, Nodes: 44638b28-be06-4149-9a11-87ab58c8e022{ip: 192.168.69.87, host: pr-hdds-1935-5tjgs-3847141534, networkLocation: /default-rack, certSerialId: null}, Type:RATIS, Factor:ONE, State:OPEN]
2019-08-29 09:37:41,233 [IPC Server handler 1 on 33562] INFO  net.NetworkTopology (NetworkTopologyImpl.java:add(110)) - Added a new node: /default-rack/73941da8-7b3a-43e7-8aff-0a9367598152
2019-08-29 09:37:41,233 [IPC Server handler 1 on 33562] INFO  node.SCMNodeManager (SCMNodeManager.java:register(266)) - Registered Data node : 73941da8-7b3a-43e7-8aff-0a9367598152{ip: 192.168.69.87, host: pr-hdds-1935-5tjgs-3847141534, networkLocation: /default-rack, certSerialId: null}
2019-08-29 09:37:41,234 | INFO  | SCMAudit | user=jenkins1000 | ip=192.168.69.87 | op=REGISTER {datanodeDetails=73941da8-7b3a-43e7-8aff-0a9367598152{ip: 192.168.69.87, host: pr-hdds-1935-5tjgs-3847141534, networkLocation: /default-rack, certSerialId: null}} | ret=SUCCESS |  
2019-08-29 09:37:41,244 [grpc-default-executor-1] INFO  impl.RaftServerProxy (RaftServerProxy.java:addNew(89)) - 73941da8-7b3a-43e7-8aff-0a9367598152: addNew group-B2FAECEF5E9E:[73941da8-7b3a-43e7-8aff-0a9367598152:192.168.69.87:35513] returns group-B2FAECEF5E9E:java.util.concurrent.CompletableFuture@2e81e459[Not completed]
2019-08-29 09:37:41,246 [pool-129-thread-1] INFO  impl.RaftServerImpl (RaftServerImpl.java:<init>(93)) - 73941da8-7b3a-43e7-8aff-0a9367598152: new RaftServerImpl for group-B2FAECEF5E9E:[73941da8-7b3a-43e7-8aff-0a9367598152:192.168.69.87:35513] with ContainerStateMachine:uninitialized
2019-08-29 09:37:41,246 [pool-129-thread-1] INFO  server.RaftServerConfigKeys (ConfUtils.java:logGet(43)) - raft.server.rpc.timeout.min = 5s (custom)
2019-08-29 09:37:41,246 [pool-129-thread-1] INFO  server.RaftServerConfigKeys (ConfUtils.java:logGet(43)) - raft.server.rpc.timeout.max = 5200ms (custom)
2019-08-29 09:37:41,246 [pool-129-thread-1] INFO  server.RaftServerConfigKeys (ConfUtils.java:logGet(43)) - raft.server.rpcslowness.timeout = 120s (custom)
2019-08-29 09:37:41,246 [pool-129-thread-1] INFO  server.RaftServerConfigKeys (ConfUtils.java:logGet(43)) - raft.server.sleep.deviation.threshold = 300 (default)
2019-08-29 09:37:41,246 [pool-129-thread-1] INFO  server.RaftServerConfigKeys (ConfUtils.java:logGet(43)) - raft.server.log.appender.install.snapshot.enabled = false (custom)
2019-08-29 09:37:41,246 [pool-129-thread-1] INFO  impl.RaftServerImpl (ServerState.java:<init>(105)) - 73941da8-7b3a-43e7-8aff-0a9367598152:group-B2FAECEF5E9E ConfigurationManager, init=-1: [73941da8-7b3a-43e7-8aff-0a9367598152:192.168.69.87:35513], old=null, confs=<EMPTY_MAP>
2019-08-29 09:37:41,246 [pool-129-thread-1] INFO  server.RaftServerConfigKeys (ConfUtils.java:logGet(43)) - raft.server.storage.dir = [/workdir/hadoop-ozone/integration-test/target/test-dir/MiniOzoneClusterImpl-8d4b26b1-34eb-45e8-b83f-edf1f00bc316/datanode-1/data/ratis] (custom)
2019-08-29 09:37:41,247 [pool-129-thread-1] INFO  storage.RaftStorageDirectory (RaftStorageDirectory.java:analyzeStorage(246)) - The storage directory /workdir/hadoop-ozone/integration-test/target/test-dir/MiniOzoneClusterImpl-8d4b26b1-34eb-45e8-b83f-edf1f00bc316/datanode-1/data/ratis/7b45bb2a-6f02-4803-9f71-b2faecef5e9e does not exist. Creating ...
2019-08-29 09:37:41,267 [pool-129-thread-1] INFO  storage.RaftStorageDirectory (RaftStorageDirectory.java:tryLock(328)) - Lock on /workdir/hadoop-ozone/integration-test/target/test-dir/MiniOzoneClusterImpl-8d4b26b1-34eb-45e8-b83f-edf1f00bc316/datanode-1/data/ratis/7b45bb2a-6f02-4803-9f71-b2faecef5e9e/in_use.lock acquired by nodename 7910@pr-hdds-1935-5tjgs-3847141534
2019-08-29 09:37:41,298 [pool-129-thread-1] INFO  storage.RaftStorage (RaftStorage.java:format(72)) - Storage directory /workdir/hadoop-ozone/integration-test/target/test-dir/MiniOzoneClusterImpl-8d4b26b1-34eb-45e8-b83f-edf1f00bc316/datanode-1/data/ratis/7b45bb2a-6f02-4803-9f71-b2faecef5e9e has been successfully formatted.
2019-08-29 09:37:41,299 [pool-129-thread-1] INFO  ratis.ContainerStateMachine (ContainerStateMachine.java:loadSnapshot(227)) - group-B2FAECEF5E9E: The snapshot info is null. Setting the last applied indexto:(t:0, i:~)
2019-08-29 09:37:41,299 [pool-129-thread-1] INFO  server.RaftServerConfigKeys (ConfUtils.java:logGet(43)) - raft.server.leader.election.timeout = 120s (custom)
2019-08-29 09:37:41,299 [pool-129-thread-1] INFO  server.RaftServerConfigKeys (ConfUtils.java:logGet(43)) - raft.server.log.use.memory = false (default)
2019-08-29 09:37:41,300 [pool-129-thread-1] INFO  server.RaftServerConfigKeys (ConfUtils.java:logGet(43)) - raft.server.log.purge.gap = 1000000 (custom)
2019-08-29 09:37:41,300 [pool-129-thread-1] INFO  server.RaftServerConfigKeys (ConfUtils.java:logGet(43)) - raft.server.log.appender.buffer.byte-limit = 33554432 (custom)
2019-08-29 09:37:41,300 [pool-129-thread-1] INFO  server.RaftServerConfigKeys (ConfUtils.java:logGet(43)) - raft.server.log.segment.size.max = 1048576 (custom)
2019-08-29 09:37:41,300 [pool-129-thread-1] INFO  server.RaftServerConfigKeys (ConfUtils.java:logGet(43)) - raft.server.log.segment.cache.num.max = 2 (custom)
2019-08-29 09:37:41,300 [pool-129-thread-1] INFO  segmented.SegmentedRaftLogWorker (SegmentedRaftLogWorker.java:<init>(172)) - new 73941da8-7b3a-43e7-8aff-0a9367598152-SegmentedRaftLogWorker:Storage Directory /workdir/hadoop-ozone/integration-test/target/test-dir/MiniOzoneClusterImpl-8d4b26b1-34eb-45e8-b83f-edf1f00bc316/datanode-1/data/ratis/7b45bb2a-6f02-4803-9f71-b2faecef5e9e for RaftStorage:Storage Directory /workdir/hadoop-ozone/integration-test/target/test-dir/MiniOzoneClusterImpl-8d4b26b1-34eb-45e8-b83f-edf1f00bc316/datanode-1/data/ratis/7b45bb2a-6f02-4803-9f71-b2faecef5e9e
2019-08-29 09:37:41,301 [pool-129-thread-1] INFO  server.RaftServerConfigKeys (ConfUtils.java:logGet(43)) - raft.server.log.queue.byte-limit = 2147483647 (custom)
2019-08-29 09:37:41,301 [pool-129-thread-1] INFO  server.RaftServerConfigKeys (ConfUtils.java:logGet(43)) - raft.server.log.queue.element-limit = 1024 (custom)
2019-08-29 09:37:41,301 [pool-129-thread-1] INFO  server.RaftServerConfigKeys (ConfUtils.java:logGet(43)) - raft.server.log.segment.size.max = 1048576 (custom)
2019-08-29 09:37:41,301 [pool-129-thread-1] INFO  server.RaftServerConfigKeys (ConfUtils.java:logGet(43)) - raft.server.log.preallocated.size = 16384 (custom)
2019-08-29 09:37:41,302 [pool-129-thread-1] INFO  server.RaftServerConfigKeys (ConfUtils.java:logGet(43)) - raft.server.log.write.buffer.size = 33554432 (custom)
2019-08-29 09:37:41,302 [pool-129-thread-1] INFO  server.RaftServerConfigKeys (ConfUtils.java:logGet(43)) - raft.server.log.force.sync.num = 128 (default)
2019-08-29 09:37:41,302 [pool-129-thread-1] INFO  server.RaftServerConfigKeys (ConfUtils.java:logGet(43)) - raft.server.log.statemachine.data.sync = true (default)
2019-08-29 09:37:41,302 [pool-129-thread-1] INFO  server.RaftServerConfigKeys (ConfUtils.java:logGet(43)) - raft.server.log.statemachine.data.sync.timeout = 10s (default)
2019-08-29 09:37:41,302 [pool-129-thread-1] INFO  server.RaftServerConfigKeys (ConfUtils.java:logGet(43)) - raft.server.log.statemachine.data.sync.timeout.retry = -1 (default)
2019-08-29 09:37:41,303 [pool-129-thread-1] INFO  server.RaftServerConfigKeys (ConfUtils.java:logGet(43)) - raft.server.log.statemachine.data.caching.enabled = true (custom)
2019-08-29 09:37:41,303 [pool-129-thread-1] INFO  segmented.SegmentedRaftLogWorker (SegmentedRaftLogWorker.java:lambda$new$0(132)) - 73941da8-7b3a-43e7-8aff-0a9367598152-SegmentedRaftLogWorker:Storage Directory /workdir/hadoop-ozone/integration-test/target/test-dir/MiniOzoneClusterImpl-8d4b26b1-34eb-45e8-b83f-edf1f00bc316/datanode-1/data/ratis/7b45bb2a-6f02-4803-9f71-b2faecef5e9e: flushIndex: setUnconditionally 0 -> -1
2019-08-29 09:37:41,304 [pool-129-thread-1] INFO  server.RaftServerConfigKeys (ConfUtils.java:logGet(43)) - raft.server.snapshot.auto.trigger.enabled = true (custom)
2019-08-29 09:37:41,304 [pool-129-thread-1] INFO  server.RaftServerConfigKeys (ConfUtils.java:logGet(43)) - raft.server.snapshot.auto.trigger.threshold = 10000 (custom)
2019-08-29 09:37:41,304 [pool-129-thread-1] INFO  server.RaftServerConfigKeys (ConfUtils.java:logGet(43)) - raft.server.retrycache.expirytime = 600000ms (custom)
2019-08-29 09:37:41,304 [pool-129-thread-1] INFO  impl.RaftServerImpl (RaftServerImpl.java:start(180)) - 73941da8-7b3a-43e7-8aff-0a9367598152: start group-B2FAECEF5E9E
2019-08-29 09:37:41,304 [pool-129-thread-1] INFO  impl.RaftServerImpl (RaftServerImpl.java:setRole(171)) - 73941da8-7b3a-43e7-8aff-0a9367598152:group-B2FAECEF5E9E changes role from null to FOLLOWER at term 0 for startAsFollower
2019-08-29 09:37:41,305 [pool-129-thread-1] INFO  impl.RoleInfo (RoleInfo.java:updateAndGet(143)) - 73941da8-7b3a-43e7-8aff-0a9367598152: start FollowerState
2019-08-29 09:37:41,305 [pool-129-thread-1] INFO  util.JmxRegister (JmxRegister.java:tryRegister(44)) - Successfully registered JMX Bean with object name Ratis:service=RaftServer,group=group-B2FAECEF5E9E,id=73941da8-7b3a-43e7-8aff-0a9367598152
2019-08-29 09:37:41,308 [RatisPipelineUtilsThread] INFO  pipeline.PipelineStateManager (PipelineStateManager.java:addPipeline(56)) - Created pipeline Pipeline[ Id: 7b45bb2a-6f02-4803-9f71-b2faecef5e9e, Nodes: 73941da8-7b3a-43e7-8aff-0a9367598152{ip: 192.168.69.87, host: pr-hdds-1935-5tjgs-3847141534, networkLocation: /default-rack, certSerialId: null}, Type:RATIS, Factor:ONE, State:OPEN]
2019-08-29 09:37:41,325 [IPC Server handler 2 on 33562] INFO  net.NetworkTopology (NetworkTopologyImpl.java:add(110)) - Added a new node: /default-rack/c6f9d398-2eae-4a63-879f-a1d1bc55d1b3
2019-08-29 09:37:41,325 [IPC Server handler 2 on 33562] INFO  node.SCMNodeManager (SCMNodeManager.java:register(266)) - Registered Data node : c6f9d398-2eae-4a63-879f-a1d1bc55d1b3{ip: 192.168.69.87, host: pr-hdds-1935-5tjgs-3847141534, networkLocation: /default-rack, certSerialId: null}
2019-08-29 09:37:41,326 | INFO  | SCMAudit | user=jenkins1000 | ip=192.168.69.87 | op=REGISTER {datanodeDetails=c6f9d398-2eae-4a63-879f-a1d1bc55d1b3{ip: 192.168.69.87, host: pr-hdds-1935-5tjgs-3847141534, networkLocation: /default-rack, certSerialId: null}} | ret=SUCCESS |  
2019-08-29 09:37:41,335 [grpc-default-executor-1] INFO  impl.RaftServerProxy (RaftServerProxy.java:addNew(89)) - c6f9d398-2eae-4a63-879f-a1d1bc55d1b3: addNew group-3E314FC7B474:[c6f9d398-2eae-4a63-879f-a1d1bc55d1b3:192.168.69.87:43466] returns group-3E314FC7B474:java.util.concurrent.CompletableFuture@67318e19[Not completed]
2019-08-29 09:37:41,341 [pool-139-thread-1] INFO  impl.RaftServerImpl (RaftServerImpl.java:<init>(93)) - c6f9d398-2eae-4a63-879f-a1d1bc55d1b3: new RaftServerImpl for group-3E314FC7B474:[c6f9d398-2eae-4a63-879f-a1d1bc55d1b3:192.168.69.87:43466] with ContainerStateMachine:uninitialized
2019-08-29 09:37:41,341 [pool-139-thread-1] INFO  server.RaftServerConfigKeys (ConfUtils.java:logGet(43)) - raft.server.rpc.timeout.min = 5s (custom)
2019-08-29 09:37:41,341 [pool-139-thread-1] INFO  server.RaftServerConfigKeys (ConfUtils.java:logGet(43)) - raft.server.rpc.timeout.max = 5200ms (custom)
2019-08-29 09:37:41,341 [pool-139-thread-1] INFO  server.RaftServerConfigKeys (ConfUtils.java:logGet(43)) - raft.server.rpcslowness.timeout = 120s (custom)
2019-08-29 09:37:41,341 [pool-139-thread-1] INFO  server.RaftServerConfigKeys (ConfUtils.java:logGet(43)) - raft.server.sleep.deviation.threshold = 300 (default)
2019-08-29 09:37:41,342 [pool-139-thread-1] INFO  server.RaftServerConfigKeys (ConfUtils.java:logGet(43)) - raft.server.log.appender.install.snapshot.enabled = false (custom)
2019-08-29 09:37:41,342 [pool-139-thread-1] INFO  impl.RaftServerImpl (ServerState.java:<init>(105)) - c6f9d398-2eae-4a63-879f-a1d1bc55d1b3:group-3E314FC7B474 ConfigurationManager, init=-1: [c6f9d398-2eae-4a63-879f-a1d1bc55d1b3:192.168.69.87:43466], old=null, confs=<EMPTY_MAP>
2019-08-29 09:37:41,342 [pool-139-thread-1] INFO  server.RaftServerConfigKeys (ConfUtils.java:logGet(43)) - raft.server.storage.dir = [/workdir/hadoop-ozone/integration-test/target/test-dir/MiniOzoneClusterImpl-8d4b26b1-34eb-45e8-b83f-edf1f00bc316/datanode-2/data/ratis] (custom)
2019-08-29 09:37:41,342 [pool-139-thread-1] INFO  storage.RaftStorageDirectory (RaftStorageDirectory.java:analyzeStorage(246)) - The storage directory /workdir/hadoop-ozone/integration-test/target/test-dir/MiniOzoneClusterImpl-8d4b26b1-34eb-45e8-b83f-edf1f00bc316/datanode-2/data/ratis/443e555e-0492-4289-9882-3e314fc7b474 does not exist. Creating ...
2019-08-29 09:37:41,366 [pool-139-thread-1] INFO  storage.RaftStorageDirectory (RaftStorageDirectory.java:tryLock(328)) - Lock on /workdir/hadoop-ozone/integration-test/target/test-dir/MiniOzoneClusterImpl-8d4b26b1-34eb-45e8-b83f-edf1f00bc316/datanode-2/data/ratis/443e555e-0492-4289-9882-3e314fc7b474/in_use.lock acquired by nodename 7910@pr-hdds-1935-5tjgs-3847141534
2019-08-29 09:37:41,383 [pool-139-thread-1] INFO  storage.RaftStorage (RaftStorage.java:format(72)) - Storage directory /workdir/hadoop-ozone/integration-test/target/test-dir/MiniOzoneClusterImpl-8d4b26b1-34eb-45e8-b83f-edf1f00bc316/datanode-2/data/ratis/443e555e-0492-4289-9882-3e314fc7b474 has been successfully formatted.
2019-08-29 09:37:41,384 [pool-139-thread-1] INFO  ratis.ContainerStateMachine (ContainerStateMachine.java:loadSnapshot(227)) - group-3E314FC7B474: The snapshot info is null. Setting the last applied indexto:(t:0, i:~)
2019-08-29 09:37:41,384 [pool-139-thread-1] INFO  server.RaftServerConfigKeys (ConfUtils.java:logGet(43)) - raft.server.leader.election.timeout = 120s (custom)
2019-08-29 09:37:41,384 [pool-139-thread-1] INFO  server.RaftServerConfigKeys (ConfUtils.java:logGet(43)) - raft.server.log.use.memory = false (default)
2019-08-29 09:37:41,385 [pool-139-thread-1] INFO  server.RaftServerConfigKeys (ConfUtils.java:logGet(43)) - raft.server.log.purge.gap = 1000000 (custom)
2019-08-29 09:37:41,385 [pool-139-thread-1] INFO  server.RaftServerConfigKeys (ConfUtils.java:logGet(43)) - raft.server.log.appender.buffer.byte-limit = 33554432 (custom)
2019-08-29 09:37:41,385 [pool-139-thread-1] INFO  server.RaftServerConfigKeys (ConfUtils.java:logGet(43)) - raft.server.log.segment.size.max = 1048576 (custom)
2019-08-29 09:37:41,385 [pool-139-thread-1] INFO  server.RaftServerConfigKeys (ConfUtils.java:logGet(43)) - raft.server.log.segment.cache.num.max = 2 (custom)
2019-08-29 09:37:41,385 [pool-139-thread-1] INFO  segmented.SegmentedRaftLogWorker (SegmentedRaftLogWorker.java:<init>(172)) - new c6f9d398-2eae-4a63-879f-a1d1bc55d1b3-SegmentedRaftLogWorker:Storage Directory /workdir/hadoop-ozone/integration-test/target/test-dir/MiniOzoneClusterImpl-8d4b26b1-34eb-45e8-b83f-edf1f00bc316/datanode-2/data/ratis/443e555e-0492-4289-9882-3e314fc7b474 for RaftStorage:Storage Directory /workdir/hadoop-ozone/integration-test/target/test-dir/MiniOzoneClusterImpl-8d4b26b1-34eb-45e8-b83f-edf1f00bc316/datanode-2/data/ratis/443e555e-0492-4289-9882-3e314fc7b474
2019-08-29 09:37:41,386 [pool-139-thread-1] INFO  server.RaftServerConfigKeys (ConfUtils.java:logGet(43)) - raft.server.log.queue.byte-limit = 2147483647 (custom)
2019-08-29 09:37:41,386 [pool-139-thread-1] INFO  server.RaftServerConfigKeys (ConfUtils.java:logGet(43)) - raft.server.log.queue.element-limit = 1024 (custom)
2019-08-29 09:37:41,386 [pool-139-thread-1] INFO  server.RaftServerConfigKeys (ConfUtils.java:logGet(43)) - raft.server.log.segment.size.max = 1048576 (custom)
2019-08-29 09:37:41,386 [pool-139-thread-1] INFO  server.RaftServerConfigKeys (ConfUtils.java:logGet(43)) - raft.server.log.preallocated.size = 16384 (custom)
2019-08-29 09:37:41,386 [pool-139-thread-1] INFO  server.RaftServerConfigKeys (ConfUtils.java:logGet(43)) - raft.server.log.write.buffer.size = 33554432 (custom)
2019-08-29 09:37:41,386 [pool-139-thread-1] INFO  server.RaftServerConfigKeys (ConfUtils.java:logGet(43)) - raft.server.log.force.sync.num = 128 (default)
2019-08-29 09:37:41,386 [pool-139-thread-1] INFO  server.RaftServerConfigKeys (ConfUtils.java:logGet(43)) - raft.server.log.statemachine.data.sync = true (default)
2019-08-29 09:37:41,387 [pool-139-thread-1] INFO  server.RaftServerConfigKeys (ConfUtils.java:logGet(43)) - raft.server.log.statemachine.data.sync.timeout = 10s (default)
2019-08-29 09:37:41,387 [pool-139-thread-1] INFO  server.RaftServerConfigKeys (ConfUtils.java:logGet(43)) - raft.server.log.statemachine.data.sync.timeout.retry = -1 (default)
2019-08-29 09:37:41,387 [pool-139-thread-1] INFO  server.RaftServerConfigKeys (ConfUtils.java:logGet(43)) - raft.server.log.statemachine.data.caching.enabled = true (custom)
2019-08-29 09:37:41,387 [pool-139-thread-1] INFO  segmented.SegmentedRaftLogWorker (SegmentedRaftLogWorker.java:lambda$new$0(132)) - c6f9d398-2eae-4a63-879f-a1d1bc55d1b3-SegmentedRaftLogWorker:Storage Directory /workdir/hadoop-ozone/integration-test/target/test-dir/MiniOzoneClusterImpl-8d4b26b1-34eb-45e8-b83f-edf1f00bc316/datanode-2/data/ratis/443e555e-0492-4289-9882-3e314fc7b474: flushIndex: setUnconditionally 0 -> -1
2019-08-29 09:37:41,388 [pool-139-thread-1] INFO  server.RaftServerConfigKeys (ConfUtils.java:logGet(43)) - raft.server.snapshot.auto.trigger.enabled = true (custom)
2019-08-29 09:37:41,388 [pool-139-thread-1] INFO  server.RaftServerConfigKeys (ConfUtils.java:logGet(43)) - raft.server.snapshot.auto.trigger.threshold = 10000 (custom)
2019-08-29 09:37:41,388 [pool-139-thread-1] INFO  server.RaftServerConfigKeys (ConfUtils.java:logGet(43)) - raft.server.retrycache.expirytime = 600000ms (custom)
2019-08-29 09:37:41,388 [pool-139-thread-1] INFO  impl.RaftServerImpl (RaftServerImpl.java:start(180)) - c6f9d398-2eae-4a63-879f-a1d1bc55d1b3: start group-3E314FC7B474
2019-08-29 09:37:41,388 [pool-139-thread-1] INFO  impl.RaftServerImpl (RaftServerImpl.java:setRole(171)) - c6f9d398-2eae-4a63-879f-a1d1bc55d1b3:group-3E314FC7B474 changes role from null to FOLLOWER at term 0 for startAsFollower
2019-08-29 09:37:41,388 [pool-139-thread-1] INFO  impl.RoleInfo (RoleInfo.java:updateAndGet(143)) - c6f9d398-2eae-4a63-879f-a1d1bc55d1b3: start FollowerState
2019-08-29 09:37:41,389 [pool-139-thread-1] INFO  util.JmxRegister (JmxRegister.java:tryRegister(44)) - Successfully registered JMX Bean with object name Ratis:service=RaftServer,group=group-3E314FC7B474,id=c6f9d398-2eae-4a63-879f-a1d1bc55d1b3
2019-08-29 09:37:41,391 [RatisPipelineUtilsThread] INFO  pipeline.PipelineStateManager (PipelineStateManager.java:addPipeline(56)) - Created pipeline Pipeline[ Id: 443e555e-0492-4289-9882-3e314fc7b474, Nodes: c6f9d398-2eae-4a63-879f-a1d1bc55d1b3{ip: 192.168.69.87, host: pr-hdds-1935-5tjgs-3847141534, networkLocation: /default-rack, certSerialId: null}, Type:RATIS, Factor:ONE, State:OPEN]
2019-08-29 09:37:41,414 [grpc-default-executor-4] INFO  impl.RaftServerProxy (RaftServerProxy.java:addNew(89)) - c6f9d398-2eae-4a63-879f-a1d1bc55d1b3: addNew group-42F22E341F84:[73941da8-7b3a-43e7-8aff-0a9367598152:192.168.69.87:35513, c6f9d398-2eae-4a63-879f-a1d1bc55d1b3:192.168.69.87:43466, 44638b28-be06-4149-9a11-87ab58c8e022:192.168.69.87:35910] returns group-42F22E341F84:java.util.concurrent.CompletableFuture@5a220791[Not completed]
2019-08-29 09:37:41,414 [grpc-default-executor-0] INFO  impl.RaftServerProxy (RaftServerProxy.java:addNew(89)) - 73941da8-7b3a-43e7-8aff-0a9367598152: addNew group-42F22E341F84:[73941da8-7b3a-43e7-8aff-0a9367598152:192.168.69.87:35513, c6f9d398-2eae-4a63-879f-a1d1bc55d1b3:192.168.69.87:43466, 44638b28-be06-4149-9a11-87ab58c8e022:192.168.69.87:35910] returns group-42F22E341F84:java.util.concurrent.CompletableFuture@44dba978[Not completed]
2019-08-29 09:37:41,414 [grpc-default-executor-1] INFO  impl.RaftServerProxy (RaftServerProxy.java:addNew(89)) - 44638b28-be06-4149-9a11-87ab58c8e022: addNew group-42F22E341F84:[73941da8-7b3a-43e7-8aff-0a9367598152:192.168.69.87:35513, c6f9d398-2eae-4a63-879f-a1d1bc55d1b3:192.168.69.87:43466, 44638b28-be06-4149-9a11-87ab58c8e022:192.168.69.87:35910] returns group-42F22E341F84:java.util.concurrent.CompletableFuture@452aad15[Not completed]
2019-08-29 09:37:41,415 [pool-119-thread-1] INFO  impl.RaftServerImpl (RaftServerImpl.java:<init>(93)) - 44638b28-be06-4149-9a11-87ab58c8e022: new RaftServerImpl for group-42F22E341F84:[73941da8-7b3a-43e7-8aff-0a9367598152:192.168.69.87:35513, c6f9d398-2eae-4a63-879f-a1d1bc55d1b3:192.168.69.87:43466, 44638b28-be06-4149-9a11-87ab58c8e022:192.168.69.87:35910] with ContainerStateMachine:uninitialized
2019-08-29 09:37:41,416 [pool-119-thread-1] INFO  server.RaftServerConfigKeys (ConfUtils.java:logGet(43)) - raft.server.rpc.timeout.min = 5s (custom)
2019-08-29 09:37:41,416 [pool-119-thread-1] INFO  server.RaftServerConfigKeys (ConfUtils.java:logGet(43)) - raft.server.rpc.timeout.max = 5200ms (custom)
2019-08-29 09:37:41,416 [pool-119-thread-1] INFO  server.RaftServerConfigKeys (ConfUtils.java:logGet(43)) - raft.server.rpcslowness.timeout = 120s (custom)
2019-08-29 09:37:41,416 [pool-119-thread-1] INFO  server.RaftServerConfigKeys (ConfUtils.java:logGet(43)) - raft.server.sleep.deviation.threshold = 300 (default)
2019-08-29 09:37:41,416 [pool-119-thread-1] INFO  server.RaftServerConfigKeys (ConfUtils.java:logGet(43)) - raft.server.log.appender.install.snapshot.enabled = false (custom)
2019-08-29 09:37:41,416 [pool-119-thread-1] INFO  impl.RaftServerImpl (ServerState.java:<init>(105)) - 44638b28-be06-4149-9a11-87ab58c8e022:group-42F22E341F84 ConfigurationManager, init=-1: [73941da8-7b3a-43e7-8aff-0a9367598152:192.168.69.87:35513, c6f9d398-2eae-4a63-879f-a1d1bc55d1b3:192.168.69.87:43466, 44638b28-be06-4149-9a11-87ab58c8e022:192.168.69.87:35910], old=null, confs=<EMPTY_MAP>
2019-08-29 09:37:41,416 [pool-119-thread-1] INFO  server.RaftServerConfigKeys (ConfUtils.java:logGet(43)) - raft.server.storage.dir = [/workdir/hadoop-ozone/integration-test/target/test-dir/MiniOzoneClusterImpl-8d4b26b1-34eb-45e8-b83f-edf1f00bc316/datanode-0/data/ratis] (custom)
2019-08-29 09:37:41,417 [pool-119-thread-1] INFO  storage.RaftStorageDirectory (RaftStorageDirectory.java:analyzeStorage(246)) - The storage directory /workdir/hadoop-ozone/integration-test/target/test-dir/MiniOzoneClusterImpl-8d4b26b1-34eb-45e8-b83f-edf1f00bc316/datanode-0/data/ratis/3065c512-b51a-4cdc-990b-42f22e341f84 does not exist. Creating ...
2019-08-29 09:37:41,417 [pool-139-thread-1] INFO  impl.RaftServerImpl (RaftServerImpl.java:<init>(93)) - c6f9d398-2eae-4a63-879f-a1d1bc55d1b3: new RaftServerImpl for group-42F22E341F84:[73941da8-7b3a-43e7-8aff-0a9367598152:192.168.69.87:35513, c6f9d398-2eae-4a63-879f-a1d1bc55d1b3:192.168.69.87:43466, 44638b28-be06-4149-9a11-87ab58c8e022:192.168.69.87:35910] with ContainerStateMachine:uninitialized
2019-08-29 09:37:41,417 [pool-139-thread-1] INFO  server.RaftServerConfigKeys (ConfUtils.java:logGet(43)) - raft.server.rpc.timeout.min = 5s (custom)
2019-08-29 09:37:41,417 [pool-129-thread-1] INFO  impl.RaftServerImpl (RaftServerImpl.java:<init>(93)) - 73941da8-7b3a-43e7-8aff-0a9367598152: new RaftServerImpl for group-42F22E341F84:[73941da8-7b3a-43e7-8aff-0a9367598152:192.168.69.87:35513, c6f9d398-2eae-4a63-879f-a1d1bc55d1b3:192.168.69.87:43466, 44638b28-be06-4149-9a11-87ab58c8e022:192.168.69.87:35910] with ContainerStateMachine:uninitialized
2019-08-29 09:37:41,417 [pool-139-thread-1] INFO  server.RaftServerConfigKeys (ConfUtils.java:logGet(43)) - raft.server.rpc.timeout.max = 5200ms (custom)
2019-08-29 09:37:41,417 [pool-129-thread-1] INFO  server.RaftServerConfigKeys (ConfUtils.java:logGet(43)) - raft.server.rpc.timeout.min = 5s (custom)
2019-08-29 09:37:41,418 [pool-139-thread-1] INFO  server.RaftServerConfigKeys (ConfUtils.java:logGet(43)) - raft.server.rpcslowness.timeout = 120s (custom)
2019-08-29 09:37:41,418 [pool-129-thread-1] INFO  server.RaftServerConfigKeys (ConfUtils.java:logGet(43)) - raft.server.rpc.timeout.max = 5200ms (custom)
2019-08-29 09:37:41,418 [pool-139-thread-1] INFO  server.RaftServerConfigKeys (ConfUtils.java:logGet(43)) - raft.server.sleep.deviation.threshold = 300 (default)
2019-08-29 09:37:41,418 [pool-129-thread-1] INFO  server.RaftServerConfigKeys (ConfUtils.java:logGet(43)) - raft.server.rpcslowness.timeout = 120s (custom)
2019-08-29 09:37:41,418 [pool-139-thread-1] INFO  server.RaftServerConfigKeys (ConfUtils.java:logGet(43)) - raft.server.log.appender.install.snapshot.enabled = false (custom)
2019-08-29 09:37:41,418 [pool-129-thread-1] INFO  server.RaftServerConfigKeys (ConfUtils.java:logGet(43)) - raft.server.sleep.deviation.threshold = 300 (default)
2019-08-29 09:37:41,418 [pool-129-thread-1] INFO  server.RaftServerConfigKeys (ConfUtils.java:logGet(43)) - raft.server.log.appender.install.snapshot.enabled = false (custom)
2019-08-29 09:37:41,418 [pool-139-thread-1] INFO  impl.RaftServerImpl (ServerState.java:<init>(105)) - c6f9d398-2eae-4a63-879f-a1d1bc55d1b3:group-42F22E341F84 ConfigurationManager, init=-1: [73941da8-7b3a-43e7-8aff-0a9367598152:192.168.69.87:35513, c6f9d398-2eae-4a63-879f-a1d1bc55d1b3:192.168.69.87:43466, 44638b28-be06-4149-9a11-87ab58c8e022:192.168.69.87:35910], old=null, confs=<EMPTY_MAP>
2019-08-29 09:37:41,418 [pool-129-thread-1] INFO  impl.RaftServerImpl (ServerState.java:<init>(105)) - 73941da8-7b3a-43e7-8aff-0a9367598152:group-42F22E341F84 ConfigurationManager, init=-1: [73941da8-7b3a-43e7-8aff-0a9367598152:192.168.69.87:35513, c6f9d398-2eae-4a63-879f-a1d1bc55d1b3:192.168.69.87:43466, 44638b28-be06-4149-9a11-87ab58c8e022:192.168.69.87:35910], old=null, confs=<EMPTY_MAP>
2019-08-29 09:37:41,419 [pool-139-thread-1] INFO  server.RaftServerConfigKeys (ConfUtils.java:logGet(43)) - raft.server.storage.dir = [/workdir/hadoop-ozone/integration-test/target/test-dir/MiniOzoneClusterImpl-8d4b26b1-34eb-45e8-b83f-edf1f00bc316/datanode-2/data/ratis] (custom)
2019-08-29 09:37:41,419 [pool-129-thread-1] INFO  server.RaftServerConfigKeys (ConfUtils.java:logGet(43)) - raft.server.storage.dir = [/workdir/hadoop-ozone/integration-test/target/test-dir/MiniOzoneClusterImpl-8d4b26b1-34eb-45e8-b83f-edf1f00bc316/datanode-1/data/ratis] (custom)
2019-08-29 09:37:41,419 [pool-129-thread-1] INFO  storage.RaftStorageDirectory (RaftStorageDirectory.java:analyzeStorage(246)) - The storage directory /workdir/hadoop-ozone/integration-test/target/test-dir/MiniOzoneClusterImpl-8d4b26b1-34eb-45e8-b83f-edf1f00bc316/datanode-1/data/ratis/3065c512-b51a-4cdc-990b-42f22e341f84 does not exist. Creating ...
2019-08-29 09:37:41,419 [pool-139-thread-1] INFO  storage.RaftStorageDirectory (RaftStorageDirectory.java:analyzeStorage(246)) - The storage directory /workdir/hadoop-ozone/integration-test/target/test-dir/MiniOzoneClusterImpl-8d4b26b1-34eb-45e8-b83f-edf1f00bc316/datanode-2/data/ratis/3065c512-b51a-4cdc-990b-42f22e341f84 does not exist. Creating ...
2019-08-29 09:37:41,422 [IPC Server handler 3 on 33562] INFO  net.NetworkTopology (NetworkTopologyImpl.java:add(110)) - Added a new node: /default-rack/129cf440-9aa6-4f56-b440-e84d0b76b9e5
2019-08-29 09:37:41,422 [IPC Server handler 3 on 33562] INFO  node.SCMNodeManager (SCMNodeManager.java:register(266)) - Registered Data node : 129cf440-9aa6-4f56-b440-e84d0b76b9e5{ip: 192.168.69.87, host: pr-hdds-1935-5tjgs-3847141534, networkLocation: /default-rack, certSerialId: null}
2019-08-29 09:37:41,423 | INFO  | SCMAudit | user=jenkins1000 | ip=192.168.69.87 | op=REGISTER {datanodeDetails=129cf440-9aa6-4f56-b440-e84d0b76b9e5{ip: 192.168.69.87, host: pr-hdds-1935-5tjgs-3847141534, networkLocation: /default-rack, certSerialId: null}} | ret=SUCCESS |  
2019-08-29 09:37:41,443 [pool-129-thread-1] INFO  storage.RaftStorageDirectory (RaftStorageDirectory.java:tryLock(328)) - Lock on /workdir/hadoop-ozone/integration-test/target/test-dir/MiniOzoneClusterImpl-8d4b26b1-34eb-45e8-b83f-edf1f00bc316/datanode-1/data/ratis/3065c512-b51a-4cdc-990b-42f22e341f84/in_use.lock acquired by nodename 7910@pr-hdds-1935-5tjgs-3847141534
2019-08-29 09:37:41,443 [pool-139-thread-1] INFO  storage.RaftStorageDirectory (RaftStorageDirectory.java:tryLock(328)) - Lock on /workdir/hadoop-ozone/integration-test/target/test-dir/MiniOzoneClusterImpl-8d4b26b1-34eb-45e8-b83f-edf1f00bc316/datanode-2/data/ratis/3065c512-b51a-4cdc-990b-42f22e341f84/in_use.lock acquired by nodename 7910@pr-hdds-1935-5tjgs-3847141534
2019-08-29 09:37:41,443 [pool-119-thread-1] INFO  storage.RaftStorageDirectory (RaftStorageDirectory.java:tryLock(328)) - Lock on /workdir/hadoop-ozone/integration-test/target/test-dir/MiniOzoneClusterImpl-8d4b26b1-34eb-45e8-b83f-edf1f00bc316/datanode-0/data/ratis/3065c512-b51a-4cdc-990b-42f22e341f84/in_use.lock acquired by nodename 7910@pr-hdds-1935-5tjgs-3847141534
2019-08-29 09:37:41,481 [pool-129-thread-1] INFO  storage.RaftStorage (RaftStorage.java:format(72)) - Storage directory /workdir/hadoop-ozone/integration-test/target/test-dir/MiniOzoneClusterImpl-8d4b26b1-34eb-45e8-b83f-edf1f00bc316/datanode-1/data/ratis/3065c512-b51a-4cdc-990b-42f22e341f84 has been successfully formatted.
2019-08-29 09:37:41,481 [pool-139-thread-1] INFO  storage.RaftStorage (RaftStorage.java:format(72)) - Storage directory /workdir/hadoop-ozone/integration-test/target/test-dir/MiniOzoneClusterImpl-8d4b26b1-34eb-45e8-b83f-edf1f00bc316/datanode-2/data/ratis/3065c512-b51a-4cdc-990b-42f22e341f84 has been successfully formatted.
2019-08-29 09:37:41,481 [pool-119-thread-1] INFO  storage.RaftStorage (RaftStorage.java:format(72)) - Storage directory /workdir/hadoop-ozone/integration-test/target/test-dir/MiniOzoneClusterImpl-8d4b26b1-34eb-45e8-b83f-edf1f00bc316/datanode-0/data/ratis/3065c512-b51a-4cdc-990b-42f22e341f84 has been successfully formatted.
2019-08-29 09:37:41,481 [pool-129-thread-1] INFO  ratis.ContainerStateMachine (ContainerStateMachine.java:loadSnapshot(227)) - group-42F22E341F84: The snapshot info is null. Setting the last applied indexto:(t:0, i:~)
2019-08-29 09:37:41,481 [pool-139-thread-1] INFO  ratis.ContainerStateMachine (ContainerStateMachine.java:loadSnapshot(227)) - group-42F22E341F84: The snapshot info is null. Setting the last applied indexto:(t:0, i:~)
2019-08-29 09:37:41,482 [pool-129-thread-1] INFO  server.RaftServerConfigKeys (ConfUtils.java:logGet(43)) - raft.server.leader.election.timeout = 120s (custom)
2019-08-29 09:37:41,482 [pool-119-thread-1] INFO  ratis.ContainerStateMachine (ContainerStateMachine.java:loadSnapshot(227)) - group-42F22E341F84: The snapshot info is null. Setting the last applied indexto:(t:0, i:~)
2019-08-29 09:37:41,482 [pool-129-thread-1] INFO  server.RaftServerConfigKeys (ConfUtils.java:logGet(43)) - raft.server.log.use.memory = false (default)
2019-08-29 09:37:41,482 [pool-139-thread-1] INFO  server.RaftServerConfigKeys (ConfUtils.java:logGet(43)) - raft.server.leader.election.timeout = 120s (custom)
2019-08-29 09:37:41,482 [pool-129-thread-1] INFO  server.RaftServerConfigKeys (ConfUtils.java:logGet(43)) - raft.server.log.purge.gap = 1000000 (custom)
2019-08-29 09:37:41,482 [pool-119-thread-1] INFO  server.RaftServerConfigKeys (ConfUtils.java:logGet(43)) - raft.server.leader.election.timeout = 120s (custom)
2019-08-29 09:37:41,482 [pool-129-thread-1] INFO  server.RaftServerConfigKeys (ConfUtils.java:logGet(43)) - raft.server.log.appender.buffer.byte-limit = 33554432 (custom)
2019-08-29 09:37:41,482 [pool-139-thread-1] INFO  server.RaftServerConfigKeys (ConfUtils.java:logGet(43)) - raft.server.log.use.memory = false (default)
2019-08-29 09:37:41,483 [pool-129-thread-1] INFO  server.RaftServerConfigKeys (ConfUtils.java:logGet(43)) - raft.server.log.segment.size.max = 1048576 (custom)
2019-08-29 09:37:41,483 [pool-119-thread-1] INFO  server.RaftServerConfigKeys (ConfUtils.java:logGet(43)) - raft.server.log.use.memory = false (default)
2019-08-29 09:37:41,483 [pool-129-thread-1] INFO  server.RaftServerConfigKeys (ConfUtils.java:logGet(43)) - raft.server.log.segment.cache.num.max = 2 (custom)
2019-08-29 09:37:41,483 [pool-139-thread-1] INFO  server.RaftServerConfigKeys (ConfUtils.java:logGet(43)) - raft.server.log.purge.gap = 1000000 (custom)
2019-08-29 09:37:41,483 [pool-129-thread-1] INFO  segmented.SegmentedRaftLogWorker (SegmentedRaftLogWorker.java:<init>(172)) - new 73941da8-7b3a-43e7-8aff-0a9367598152-SegmentedRaftLogWorker:Storage Directory /workdir/hadoop-ozone/integration-test/target/test-dir/MiniOzoneClusterImpl-8d4b26b1-34eb-45e8-b83f-edf1f00bc316/datanode-1/data/ratis/3065c512-b51a-4cdc-990b-42f22e341f84 for RaftStorage:Storage Directory /workdir/hadoop-ozone/integration-test/target/test-dir/MiniOzoneClusterImpl-8d4b26b1-34eb-45e8-b83f-edf1f00bc316/datanode-1/data/ratis/3065c512-b51a-4cdc-990b-42f22e341f84
2019-08-29 09:37:41,483 [pool-119-thread-1] INFO  server.RaftServerConfigKeys (ConfUtils.java:logGet(43)) - raft.server.log.purge.gap = 1000000 (custom)
2019-08-29 09:37:41,483 [pool-129-thread-1] INFO  server.RaftServerConfigKeys (ConfUtils.java:logGet(43)) - raft.server.log.queue.byte-limit = 2147483647 (custom)
2019-08-29 09:37:41,483 [pool-139-thread-1] INFO  server.RaftServerConfigKeys (ConfUtils.java:logGet(43)) - raft.server.log.appender.buffer.byte-limit = 33554432 (custom)
2019-08-29 09:37:41,483 [pool-129-thread-1] INFO  server.RaftServerConfigKeys (ConfUtils.java:logGet(43)) - raft.server.log.queue.element-limit = 1024 (custom)
2019-08-29 09:37:41,483 [pool-119-thread-1] INFO  server.RaftServerConfigKeys (ConfUtils.java:logGet(43)) - raft.server.log.appender.buffer.byte-limit = 33554432 (custom)
2019-08-29 09:37:41,484 [pool-129-thread-1] INFO  server.RaftServerConfigKeys (ConfUtils.java:logGet(43)) - raft.server.log.segment.size.max = 1048576 (custom)
2019-08-29 09:37:41,484 [pool-139-thread-1] INFO  server.RaftServerConfigKeys (ConfUtils.java:logGet(43)) - raft.server.log.segment.size.max = 1048576 (custom)
2019-08-29 09:37:41,484 [pool-129-thread-1] INFO  server.RaftServerConfigKeys (ConfUtils.java:logGet(43)) - raft.server.log.preallocated.size = 16384 (custom)
2019-08-29 09:37:41,484 [pool-119-thread-1] INFO  server.RaftServerConfigKeys (ConfUtils.java:logGet(43)) - raft.server.log.segment.size.max = 1048576 (custom)
2019-08-29 09:37:41,484 [pool-129-thread-1] INFO  server.RaftServerConfigKeys (ConfUtils.java:logGet(43)) - raft.server.log.write.buffer.size = 33554432 (custom)
2019-08-29 09:37:41,484 [pool-139-thread-1] INFO  server.RaftServerConfigKeys (ConfUtils.java:logGet(43)) - raft.server.log.segment.cache.num.max = 2 (custom)
2019-08-29 09:37:41,484 [pool-129-thread-1] INFO  server.RaftServerConfigKeys (ConfUtils.java:logGet(43)) - raft.server.log.force.sync.num = 128 (default)
2019-08-29 09:37:41,484 [pool-119-thread-1] INFO  server.RaftServerConfigKeys (ConfUtils.java:logGet(43)) - raft.server.log.segment.cache.num.max = 2 (custom)
2019-08-29 09:37:41,485 [pool-129-thread-1] INFO  server.RaftServerConfigKeys (ConfUtils.java:logGet(43)) - raft.server.log.statemachine.data.sync = true (default)
2019-08-29 09:37:41,485 [pool-139-thread-1] INFO  segmented.SegmentedRaftLogWorker (SegmentedRaftLogWorker.java:<init>(172)) - new c6f9d398-2eae-4a63-879f-a1d1bc55d1b3-SegmentedRaftLogWorker:Storage Directory /workdir/hadoop-ozone/integration-test/target/test-dir/MiniOzoneClusterImpl-8d4b26b1-34eb-45e8-b83f-edf1f00bc316/datanode-2/data/ratis/3065c512-b51a-4cdc-990b-42f22e341f84 for RaftStorage:Storage Directory /workdir/hadoop-ozone/integration-test/target/test-dir/MiniOzoneClusterImpl-8d4b26b1-34eb-45e8-b83f-edf1f00bc316/datanode-2/data/ratis/3065c512-b51a-4cdc-990b-42f22e341f84
2019-08-29 09:37:41,485 [pool-129-thread-1] INFO  server.RaftServerConfigKeys (ConfUtils.java:logGet(43)) - raft.server.log.statemachine.data.sync.timeout = 10s (default)
2019-08-29 09:37:41,485 [pool-119-thread-1] INFO  segmented.SegmentedRaftLogWorker (SegmentedRaftLogWorker.java:<init>(172)) - new 44638b28-be06-4149-9a11-87ab58c8e022-SegmentedRaftLogWorker:Storage Directory /workdir/hadoop-ozone/integration-test/target/test-dir/MiniOzoneClusterImpl-8d4b26b1-34eb-45e8-b83f-edf1f00bc316/datanode-0/data/ratis/3065c512-b51a-4cdc-990b-42f22e341f84 for RaftStorage:Storage Directory /workdir/hadoop-ozone/integration-test/target/test-dir/MiniOzoneClusterImpl-8d4b26b1-34eb-45e8-b83f-edf1f00bc316/datanode-0/data/ratis/3065c512-b51a-4cdc-990b-42f22e341f84
2019-08-29 09:37:41,485 [pool-129-thread-1] INFO  server.RaftServerConfigKeys (ConfUtils.java:logGet(43)) - raft.server.log.statemachine.data.sync.timeout.retry = -1 (default)
2019-08-29 09:37:41,485 [pool-139-thread-1] INFO  server.RaftServerConfigKeys (ConfUtils.java:logGet(43)) - raft.server.log.queue.byte-limit = 2147483647 (custom)
2019-08-29 09:37:41,485 [pool-129-thread-1] INFO  server.RaftServerConfigKeys (ConfUtils.java:logGet(43)) - raft.server.log.statemachine.data.caching.enabled = true (custom)
2019-08-29 09:37:41,485 [pool-119-thread-1] INFO  server.RaftServerConfigKeys (ConfUtils.java:logGet(43)) - raft.server.log.queue.byte-limit = 2147483647 (custom)
2019-08-29 09:37:41,485 [pool-139-thread-1] INFO  server.RaftServerConfigKeys (ConfUtils.java:logGet(43)) - raft.server.log.queue.element-limit = 1024 (custom)
2019-08-29 09:37:41,486 [pool-129-thread-1] INFO  segmented.SegmentedRaftLogWorker (SegmentedRaftLogWorker.java:lambda$new$0(132)) - 73941da8-7b3a-43e7-8aff-0a9367598152-SegmentedRaftLogWorker:Storage Directory /workdir/hadoop-ozone/integration-test/target/test-dir/MiniOzoneClusterImpl-8d4b26b1-34eb-45e8-b83f-edf1f00bc316/datanode-1/data/ratis/3065c512-b51a-4cdc-990b-42f22e341f84: flushIndex: setUnconditionally 0 -> -1
2019-08-29 09:37:41,486 [pool-119-thread-1] INFO  server.RaftServerConfigKeys (ConfUtils.java:logGet(43)) - raft.server.log.queue.element-limit = 1024 (custom)
2019-08-29 09:37:41,486 [pool-139-thread-1] INFO  server.RaftServerConfigKeys (ConfUtils.java:logGet(43)) - raft.server.log.segment.size.max = 1048576 (custom)
2019-08-29 09:37:41,486 [pool-129-thread-1] INFO  server.RaftServerConfigKeys (ConfUtils.java:logGet(43)) - raft.server.snapshot.auto.trigger.enabled = true (custom)
2019-08-29 09:37:41,486 [pool-119-thread-1] INFO  server.RaftServerConfigKeys (ConfUtils.java:logGet(43)) - raft.server.log.segment.size.max = 1048576 (custom)
2019-08-29 09:37:41,486 [pool-129-thread-1] INFO  server.RaftServerConfigKeys (ConfUtils.java:logGet(43)) - raft.server.snapshot.auto.trigger.threshold = 10000 (custom)
2019-08-29 09:37:41,486 [pool-139-thread-1] INFO  server.RaftServerConfigKeys (ConfUtils.java:logGet(43)) - raft.server.log.preallocated.size = 16384 (custom)
2019-08-29 09:37:41,486 [pool-129-thread-1] INFO  server.RaftServerConfigKeys (ConfUtils.java:logGet(43)) - raft.server.retrycache.expirytime = 600000ms (custom)
2019-08-29 09:37:41,486 [pool-119-thread-1] INFO  server.RaftServerConfigKeys (ConfUtils.java:logGet(43)) - raft.server.log.preallocated.size = 16384 (custom)
2019-08-29 09:37:41,487 [pool-139-thread-1] INFO  server.RaftServerConfigKeys (ConfUtils.java:logGet(43)) - raft.server.log.write.buffer.size = 33554432 (custom)
2019-08-29 09:37:41,487 [pool-129-thread-1] INFO  impl.RaftServerImpl (RaftServerImpl.java:start(180)) - 73941da8-7b3a-43e7-8aff-0a9367598152: start group-42F22E341F84
2019-08-29 09:37:41,487 [pool-119-thread-1] INFO  server.RaftServerConfigKeys (ConfUtils.java:logGet(43)) - raft.server.log.write.buffer.size = 33554432 (custom)
2019-08-29 09:37:41,487 [pool-129-thread-1] INFO  impl.RaftServerImpl (RaftServerImpl.java:setRole(171)) - 73941da8-7b3a-43e7-8aff-0a9367598152:group-42F22E341F84 changes role from null to FOLLOWER at term 0 for startAsFollower
2019-08-29 09:37:41,487 [pool-139-thread-1] INFO  server.RaftServerConfigKeys (ConfUtils.java:logGet(43)) - raft.server.log.force.sync.num = 128 (default)
2019-08-29 09:37:41,487 [pool-129-thread-1] INFO  impl.RoleInfo (RoleInfo.java:updateAndGet(143)) - 73941da8-7b3a-43e7-8aff-0a9367598152: start FollowerState
2019-08-29 09:37:41,487 [pool-119-thread-1] INFO  server.RaftServerConfigKeys (ConfUtils.java:logGet(43)) - raft.server.log.force.sync.num = 128 (default)
2019-08-29 09:37:41,487 [pool-139-thread-1] INFO  server.RaftServerConfigKeys (ConfUtils.java:logGet(43)) - raft.server.log.statemachine.data.sync = true (default)
2019-08-29 09:37:41,488 [pool-119-thread-1] INFO  server.RaftServerConfigKeys (ConfUtils.java:logGet(43)) - raft.server.log.statemachine.data.sync = true (default)
2019-08-29 09:37:41,499 [pool-129-thread-1] INFO  util.JmxRegister (JmxRegister.java:tryRegister(44)) - Successfully registered JMX Bean with object name Ratis:service=RaftServer,group=group-42F22E341F84,id=73941da8-7b3a-43e7-8aff-0a9367598152
2019-08-29 09:37:41,488 [pool-139-thread-1] INFO  server.RaftServerConfigKeys (ConfUtils.java:logGet(43)) - raft.server.log.statemachine.data.sync.timeout = 10s (default)
2019-08-29 09:37:41,499 [pool-119-thread-1] INFO  server.RaftServerConfigKeys (ConfUtils.java:logGet(43)) - raft.server.log.statemachine.data.sync.timeout = 10s (default)
2019-08-29 09:37:41,500 [pool-139-thread-1] INFO  server.RaftServerConfigKeys (ConfUtils.java:logGet(43)) - raft.server.log.statemachine.data.sync.timeout.retry = -1 (default)
2019-08-29 09:37:41,505 [pool-119-thread-1] INFO  server.RaftServerConfigKeys (ConfUtils.java:logGet(43)) - raft.server.log.statemachine.data.sync.timeout.retry = -1 (default)
2019-08-29 09:37:41,506 [pool-139-thread-1] INFO  server.RaftServerConfigKeys (ConfUtils.java:logGet(43)) - raft.server.log.statemachine.data.caching.enabled = true (custom)
2019-08-29 09:37:41,506 [pool-119-thread-1] INFO  server.RaftServerConfigKeys (ConfUtils.java:logGet(43)) - raft.server.log.statemachine.data.caching.enabled = true (custom)
2019-08-29 09:37:41,506 [pool-139-thread-1] INFO  segmented.SegmentedRaftLogWorker (SegmentedRaftLogWorker.java:lambda$new$0(132)) - c6f9d398-2eae-4a63-879f-a1d1bc55d1b3-SegmentedRaftLogWorker:Storage Directory /workdir/hadoop-ozone/integration-test/target/test-dir/MiniOzoneClusterImpl-8d4b26b1-34eb-45e8-b83f-edf1f00bc316/datanode-2/data/ratis/3065c512-b51a-4cdc-990b-42f22e341f84: flushIndex: setUnconditionally 0 -> -1
2019-08-29 09:37:41,506 [pool-119-thread-1] INFO  segmented.SegmentedRaftLogWorker (SegmentedRaftLogWorker.java:lambda$new$0(132)) - 44638b28-be06-4149-9a11-87ab58c8e022-SegmentedRaftLogWorker:Storage Directory /workdir/hadoop-ozone/integration-test/target/test-dir/MiniOzoneClusterImpl-8d4b26b1-34eb-45e8-b83f-edf1f00bc316/datanode-0/data/ratis/3065c512-b51a-4cdc-990b-42f22e341f84: flushIndex: setUnconditionally 0 -> -1
2019-08-29 09:37:41,507 [pool-139-thread-1] INFO  server.RaftServerConfigKeys (ConfUtils.java:logGet(43)) - raft.server.snapshot.auto.trigger.enabled = true (custom)
2019-08-29 09:37:41,507 [pool-139-thread-1] INFO  server.RaftServerConfigKeys (ConfUtils.java:logGet(43)) - raft.server.snapshot.auto.trigger.threshold = 10000 (custom)
2019-08-29 09:37:41,507 [pool-119-thread-1] INFO  server.RaftServerConfigKeys (ConfUtils.java:logGet(43)) - raft.server.snapshot.auto.trigger.enabled = true (custom)
2019-08-29 09:37:41,507 [pool-139-thread-1] INFO  server.RaftServerConfigKeys (ConfUtils.java:logGet(43)) - raft.server.retrycache.expirytime = 600000ms (custom)
2019-08-29 09:37:41,507 [pool-119-thread-1] INFO  server.RaftServerConfigKeys (ConfUtils.java:logGet(43)) - raft.server.snapshot.auto.trigger.threshold = 10000 (custom)
2019-08-29 09:37:41,507 [pool-139-thread-1] INFO  impl.RaftServerImpl (RaftServerImpl.java:start(180)) - c6f9d398-2eae-4a63-879f-a1d1bc55d1b3: start group-42F22E341F84
2019-08-29 09:37:41,507 [pool-119-thread-1] INFO  server.RaftServerConfigKeys (ConfUtils.java:logGet(43)) - raft.server.retrycache.expirytime = 600000ms (custom)
2019-08-29 09:37:41,507 [pool-139-thread-1] INFO  impl.RaftServerImpl (RaftServerImpl.java:setRole(171)) - c6f9d398-2eae-4a63-879f-a1d1bc55d1b3:group-42F22E341F84 changes role from null to FOLLOWER at term 0 for startAsFollower
2019-08-29 09:37:41,508 [pool-119-thread-1] INFO  impl.RaftServerImpl (RaftServerImpl.java:start(180)) - 44638b28-be06-4149-9a11-87ab58c8e022: start group-42F22E341F84
2019-08-29 09:37:41,508 [pool-139-thread-1] INFO  impl.RoleInfo (RoleInfo.java:updateAndGet(143)) - c6f9d398-2eae-4a63-879f-a1d1bc55d1b3: start FollowerState
2019-08-29 09:37:41,508 [pool-119-thread-1] INFO  impl.RaftServerImpl (RaftServerImpl.java:setRole(171)) - 44638b28-be06-4149-9a11-87ab58c8e022:group-42F22E341F84 changes role from null to FOLLOWER at term 0 for startAsFollower
2019-08-29 09:37:41,508 [pool-119-thread-1] INFO  impl.RoleInfo (RoleInfo.java:updateAndGet(143)) - 44638b28-be06-4149-9a11-87ab58c8e022: start FollowerState
2019-08-29 09:37:41,508 [pool-139-thread-1] INFO  util.JmxRegister (JmxRegister.java:tryRegister(44)) - Successfully registered JMX Bean with object name Ratis:service=RaftServer,group=group-42F22E341F84,id=c6f9d398-2eae-4a63-879f-a1d1bc55d1b3
2019-08-29 09:37:41,509 [pool-119-thread-1] INFO  util.JmxRegister (JmxRegister.java:tryRegister(44)) - Successfully registered JMX Bean with object name Ratis:service=RaftServer,group=group-42F22E341F84,id=44638b28-be06-4149-9a11-87ab58c8e022
2019-08-29 09:37:41,511 [RatisPipelineUtilsThread] INFO  pipeline.PipelineStateManager (PipelineStateManager.java:addPipeline(56)) - Created pipeline Pipeline[ Id: 3065c512-b51a-4cdc-990b-42f22e341f84, Nodes: 44638b28-be06-4149-9a11-87ab58c8e022{ip: 192.168.69.87, host: pr-hdds-1935-5tjgs-3847141534, networkLocation: /default-rack, certSerialId: null}c6f9d398-2eae-4a63-879f-a1d1bc55d1b3{ip: 192.168.69.87, host: pr-hdds-1935-5tjgs-3847141534, networkLocation: /default-rack, certSerialId: null}73941da8-7b3a-43e7-8aff-0a9367598152{ip: 192.168.69.87, host: pr-hdds-1935-5tjgs-3847141534, networkLocation: /default-rack, certSerialId: null}, Type:RATIS, Factor:THREE, State:OPEN]
2019-08-29 09:37:41,514 [IPC Server handler 4 on 33562] INFO  net.NetworkTopology (NetworkTopologyImpl.java:add(110)) - Added a new node: /default-rack/7a2e5536-d576-4bf3-9dec-9e4177d66979
2019-08-29 09:37:41,514 [IPC Server handler 4 on 33562] INFO  node.SCMNodeManager (SCMNodeManager.java:register(266)) - Registered Data node : 7a2e5536-d576-4bf3-9dec-9e4177d66979{ip: 192.168.69.87, host: pr-hdds-1935-5tjgs-3847141534, networkLocation: /default-rack, certSerialId: null}
2019-08-29 09:37:41,521 | INFO  | SCMAudit | user=jenkins1000 | ip=192.168.69.87 | op=REGISTER {datanodeDetails=7a2e5536-d576-4bf3-9dec-9e4177d66979{ip: 192.168.69.87, host: pr-hdds-1935-5tjgs-3847141534, networkLocation: /default-rack, certSerialId: null}} | ret=SUCCESS |  
2019-08-29 09:37:41,529 [grpc-default-executor-0] INFO  impl.RaftServerProxy (RaftServerProxy.java:addNew(89)) - 129cf440-9aa6-4f56-b440-e84d0b76b9e5: addNew group-F405A42019E2:[129cf440-9aa6-4f56-b440-e84d0b76b9e5:192.168.69.87:40781] returns group-F405A42019E2:java.util.concurrent.CompletableFuture@5083e7ab[Not completed]
2019-08-29 09:37:41,534 [pool-149-thread-1] INFO  impl.RaftServerImpl (RaftServerImpl.java:<init>(93)) - 129cf440-9aa6-4f56-b440-e84d0b76b9e5: new RaftServerImpl for group-F405A42019E2:[129cf440-9aa6-4f56-b440-e84d0b76b9e5:192.168.69.87:40781] with ContainerStateMachine:uninitialized
2019-08-29 09:37:41,534 [pool-149-thread-1] INFO  server.RaftServerConfigKeys (ConfUtils.java:logGet(43)) - raft.server.rpc.timeout.min = 5s (custom)
2019-08-29 09:37:41,534 [pool-149-thread-1] INFO  server.RaftServerConfigKeys (ConfUtils.java:logGet(43)) - raft.server.rpc.timeout.max = 5200ms (custom)
2019-08-29 09:37:41,534 [pool-149-thread-1] INFO  server.RaftServerConfigKeys (ConfUtils.java:logGet(43)) - raft.server.rpcslowness.timeout = 120s (custom)
2019-08-29 09:37:41,534 [pool-149-thread-1] INFO  server.RaftServerConfigKeys (ConfUtils.java:logGet(43)) - raft.server.sleep.deviation.threshold = 300 (default)
2019-08-29 09:37:41,535 [pool-149-thread-1] INFO  server.RaftServerConfigKeys (ConfUtils.java:logGet(43)) - raft.server.log.appender.install.snapshot.enabled = false (custom)
2019-08-29 09:37:41,535 [pool-149-thread-1] INFO  impl.RaftServerImpl (ServerState.java:<init>(105)) - 129cf440-9aa6-4f56-b440-e84d0b76b9e5:group-F405A42019E2 ConfigurationManager, init=-1: [129cf440-9aa6-4f56-b440-e84d0b76b9e5:192.168.69.87:40781], old=null, confs=<EMPTY_MAP>
2019-08-29 09:37:41,535 [pool-149-thread-1] INFO  server.RaftServerConfigKeys (ConfUtils.java:logGet(43)) - raft.server.storage.dir = [/workdir/hadoop-ozone/integration-test/target/test-dir/MiniOzoneClusterImpl-8d4b26b1-34eb-45e8-b83f-edf1f00bc316/datanode-3/data/ratis] (custom)
2019-08-29 09:37:41,535 [pool-149-thread-1] INFO  storage.RaftStorageDirectory (RaftStorageDirectory.java:analyzeStorage(246)) - The storage directory /workdir/hadoop-ozone/integration-test/target/test-dir/MiniOzoneClusterImpl-8d4b26b1-34eb-45e8-b83f-edf1f00bc316/datanode-3/data/ratis/70aec9db-4698-4652-b29a-f405a42019e2 does not exist. Creating ...
2019-08-29 09:37:41,571 [pool-149-thread-1] INFO  storage.RaftStorageDirectory (RaftStorageDirectory.java:tryLock(328)) - Lock on /workdir/hadoop-ozone/integration-test/target/test-dir/MiniOzoneClusterImpl-8d4b26b1-34eb-45e8-b83f-edf1f00bc316/datanode-3/data/ratis/70aec9db-4698-4652-b29a-f405a42019e2/in_use.lock acquired by nodename 7910@pr-hdds-1935-5tjgs-3847141534
2019-08-29 09:37:41,590 [pool-149-thread-1] INFO  storage.RaftStorage (RaftStorage.java:format(72)) - Storage directory /workdir/hadoop-ozone/integration-test/target/test-dir/MiniOzoneClusterImpl-8d4b26b1-34eb-45e8-b83f-edf1f00bc316/datanode-3/data/ratis/70aec9db-4698-4652-b29a-f405a42019e2 has been successfully formatted.
2019-08-29 09:37:41,590 [pool-149-thread-1] INFO  ratis.ContainerStateMachine (ContainerStateMachine.java:loadSnapshot(227)) - group-F405A42019E2: The snapshot info is null. Setting the last applied indexto:(t:0, i:~)
2019-08-29 09:37:41,591 [pool-149-thread-1] INFO  server.RaftServerConfigKeys (ConfUtils.java:logGet(43)) - raft.server.leader.election.timeout = 120s (custom)
2019-08-29 09:37:41,591 [pool-149-thread-1] INFO  server.RaftServerConfigKeys (ConfUtils.java:logGet(43)) - raft.server.log.use.memory = false (default)
2019-08-29 09:37:41,591 [IPC Server handler 5 on 33562] INFO  net.NetworkTopology (NetworkTopologyImpl.java:add(110)) - Added a new node: /default-rack/c8986603-afcd-4cf8-afcf-c6b45c0b43cc
2019-08-29 09:37:41,591 [pool-149-thread-1] INFO  server.RaftServerConfigKeys (ConfUtils.java:logGet(43)) - raft.server.log.purge.gap = 1000000 (custom)
2019-08-29 09:37:41,591 [IPC Server handler 5 on 33562] INFO  node.SCMNodeManager (SCMNodeManager.java:register(266)) - Registered Data node : c8986603-afcd-4cf8-afcf-c6b45c0b43cc{ip: 192.168.69.87, host: pr-hdds-1935-5tjgs-3847141534, networkLocation: /default-rack, certSerialId: null}
2019-08-29 09:37:41,591 [pool-149-thread-1] INFO  server.RaftServerConfigKeys (ConfUtils.java:logGet(43)) - raft.server.log.appender.buffer.byte-limit = 33554432 (custom)
2019-08-29 09:37:41,591 [pool-149-thread-1] INFO  server.RaftServerConfigKeys (ConfUtils.java:logGet(43)) - raft.server.log.segment.size.max = 1048576 (custom)
2019-08-29 09:37:41,591 | INFO  | SCMAudit | user=jenkins1000 | ip=192.168.69.87 | op=REGISTER {datanodeDetails=c8986603-afcd-4cf8-afcf-c6b45c0b43cc{ip: 192.168.69.87, host: pr-hdds-1935-5tjgs-3847141534, networkLocation: /default-rack, certSerialId: null}} | ret=SUCCESS |  
2019-08-29 09:37:41,591 [pool-149-thread-1] INFO  server.RaftServerConfigKeys (ConfUtils.java:logGet(43)) - raft.server.log.segment.cache.num.max = 2 (custom)
2019-08-29 09:37:41,592 [pool-149-thread-1] INFO  segmented.SegmentedRaftLogWorker (SegmentedRaftLogWorker.java:<init>(172)) - new 129cf440-9aa6-4f56-b440-e84d0b76b9e5-SegmentedRaftLogWorker:Storage Directory /workdir/hadoop-ozone/integration-test/target/test-dir/MiniOzoneClusterImpl-8d4b26b1-34eb-45e8-b83f-edf1f00bc316/datanode-3/data/ratis/70aec9db-4698-4652-b29a-f405a42019e2 for RaftStorage:Storage Directory /workdir/hadoop-ozone/integration-test/target/test-dir/MiniOzoneClusterImpl-8d4b26b1-34eb-45e8-b83f-edf1f00bc316/datanode-3/data/ratis/70aec9db-4698-4652-b29a-f405a42019e2
2019-08-29 09:37:41,592 [pool-149-thread-1] INFO  server.RaftServerConfigKeys (ConfUtils.java:logGet(43)) - raft.server.log.queue.byte-limit = 2147483647 (custom)
2019-08-29 09:37:41,592 [pool-149-thread-1] INFO  server.RaftServerConfigKeys (ConfUtils.java:logGet(43)) - raft.server.log.queue.element-limit = 1024 (custom)
2019-08-29 09:37:41,592 [pool-149-thread-1] INFO  server.RaftServerConfigKeys (ConfUtils.java:logGet(43)) - raft.server.log.segment.size.max = 1048576 (custom)
2019-08-29 09:37:41,592 [pool-149-thread-1] INFO  server.RaftServerConfigKeys (ConfUtils.java:logGet(43)) - raft.server.log.preallocated.size = 16384 (custom)
2019-08-29 09:37:41,592 [pool-149-thread-1] INFO  server.RaftServerConfigKeys (ConfUtils.java:logGet(43)) - raft.server.log.write.buffer.size = 33554432 (custom)
2019-08-29 09:37:41,592 [pool-149-thread-1] INFO  server.RaftServerConfigKeys (ConfUtils.java:logGet(43)) - raft.server.log.force.sync.num = 128 (default)
2019-08-29 09:37:41,592 [pool-149-thread-1] INFO  server.RaftServerConfigKeys (ConfUtils.java:logGet(43)) - raft.server.log.statemachine.data.sync = true (default)
2019-08-29 09:37:41,593 [pool-149-thread-1] INFO  server.RaftServerConfigKeys (ConfUtils.java:logGet(43)) - raft.server.log.statemachine.data.sync.timeout = 10s (default)
2019-08-29 09:37:41,593 [pool-149-thread-1] INFO  server.RaftServerConfigKeys (ConfUtils.java:logGet(43)) - raft.server.log.statemachine.data.sync.timeout.retry = -1 (default)
2019-08-29 09:37:41,593 [pool-149-thread-1] INFO  server.RaftServerConfigKeys (ConfUtils.java:logGet(43)) - raft.server.log.statemachine.data.caching.enabled = true (custom)
2019-08-29 09:37:41,593 [pool-149-thread-1] INFO  segmented.SegmentedRaftLogWorker (SegmentedRaftLogWorker.java:lambda$new$0(132)) - 129cf440-9aa6-4f56-b440-e84d0b76b9e5-SegmentedRaftLogWorker:Storage Directory /workdir/hadoop-ozone/integration-test/target/test-dir/MiniOzoneClusterImpl-8d4b26b1-34eb-45e8-b83f-edf1f00bc316/datanode-3/data/ratis/70aec9db-4698-4652-b29a-f405a42019e2: flushIndex: setUnconditionally 0 -> -1
2019-08-29 09:37:41,593 [pool-149-thread-1] INFO  server.RaftServerConfigKeys (ConfUtils.java:logGet(43)) - raft.server.snapshot.auto.trigger.enabled = true (custom)
2019-08-29 09:37:41,593 [pool-149-thread-1] INFO  server.RaftServerConfigKeys (ConfUtils.java:logGet(43)) - raft.server.snapshot.auto.trigger.threshold = 10000 (custom)
2019-08-29 09:37:41,594 [pool-149-thread-1] INFO  server.RaftServerConfigKeys (ConfUtils.java:logGet(43)) - raft.server.retrycache.expirytime = 600000ms (custom)
2019-08-29 09:37:41,594 [pool-149-thread-1] INFO  impl.RaftServerImpl (RaftServerImpl.java:start(180)) - 129cf440-9aa6-4f56-b440-e84d0b76b9e5: start group-F405A42019E2
2019-08-29 09:37:41,594 [pool-149-thread-1] INFO  impl.RaftServerImpl (RaftServerImpl.java:setRole(171)) - 129cf440-9aa6-4f56-b440-e84d0b76b9e5:group-F405A42019E2 changes role from null to FOLLOWER at term 0 for startAsFollower
2019-08-29 09:37:41,594 [pool-149-thread-1] INFO  impl.RoleInfo (RoleInfo.java:updateAndGet(143)) - 129cf440-9aa6-4f56-b440-e84d0b76b9e5: start FollowerState
2019-08-29 09:37:41,594 [pool-149-thread-1] INFO  util.JmxRegister (JmxRegister.java:tryRegister(44)) - Successfully registered JMX Bean with object name Ratis:service=RaftServer,group=group-F405A42019E2,id=129cf440-9aa6-4f56-b440-e84d0b76b9e5
2019-08-29 09:37:41,596 [RatisPipelineUtilsThread] INFO  pipeline.PipelineStateManager (PipelineStateManager.java:addPipeline(56)) - Created pipeline Pipeline[ Id: 70aec9db-4698-4652-b29a-f405a42019e2, Nodes: 129cf440-9aa6-4f56-b440-e84d0b76b9e5{ip: 192.168.69.87, host: pr-hdds-1935-5tjgs-3847141534, networkLocation: /default-rack, certSerialId: null}, Type:RATIS, Factor:ONE, State:OPEN]
2019-08-29 09:37:41,606 [grpc-default-executor-0] INFO  impl.RaftServerProxy (RaftServerProxy.java:addNew(89)) - c8986603-afcd-4cf8-afcf-c6b45c0b43cc: addNew group-7FD0E6C08BE2:[c8986603-afcd-4cf8-afcf-c6b45c0b43cc:192.168.69.87:46863] returns group-7FD0E6C08BE2:java.util.concurrent.CompletableFuture@c50538b[Not completed]
2019-08-29 09:37:41,610 [pool-169-thread-1] INFO  impl.RaftServerImpl (RaftServerImpl.java:<init>(93)) - c8986603-afcd-4cf8-afcf-c6b45c0b43cc: new RaftServerImpl for group-7FD0E6C08BE2:[c8986603-afcd-4cf8-afcf-c6b45c0b43cc:192.168.69.87:46863] with ContainerStateMachine:uninitialized
2019-08-29 09:37:41,610 [pool-169-thread-1] INFO  server.RaftServerConfigKeys (ConfUtils.java:logGet(43)) - raft.server.rpc.timeout.min = 5s (custom)
2019-08-29 09:37:41,610 [pool-169-thread-1] INFO  server.RaftServerConfigKeys (ConfUtils.java:logGet(43)) - raft.server.rpc.timeout.max = 5200ms (custom)
2019-08-29 09:37:41,610 [pool-169-thread-1] INFO  server.RaftServerConfigKeys (ConfUtils.java:logGet(43)) - raft.server.rpcslowness.timeout = 120s (custom)
2019-08-29 09:37:41,610 [pool-169-thread-1] INFO  server.RaftServerConfigKeys (ConfUtils.java:logGet(43)) - raft.server.sleep.deviation.threshold = 300 (default)
2019-08-29 09:37:41,610 [pool-169-thread-1] INFO  server.RaftServerConfigKeys (ConfUtils.java:logGet(43)) - raft.server.log.appender.install.snapshot.enabled = false (custom)
2019-08-29 09:37:41,610 [pool-169-thread-1] INFO  impl.RaftServerImpl (ServerState.java:<init>(105)) - c8986603-afcd-4cf8-afcf-c6b45c0b43cc:group-7FD0E6C08BE2 ConfigurationManager, init=-1: [c8986603-afcd-4cf8-afcf-c6b45c0b43cc:192.168.69.87:46863], old=null, confs=<EMPTY_MAP>
2019-08-29 09:37:41,610 [pool-169-thread-1] INFO  server.RaftServerConfigKeys (ConfUtils.java:logGet(43)) - raft.server.storage.dir = [/workdir/hadoop-ozone/integration-test/target/test-dir/MiniOzoneClusterImpl-8d4b26b1-34eb-45e8-b83f-edf1f00bc316/datanode-5/data/ratis] (custom)
2019-08-29 09:37:41,611 [pool-169-thread-1] INFO  storage.RaftStorageDirectory (RaftStorageDirectory.java:analyzeStorage(246)) - The storage directory /workdir/hadoop-ozone/integration-test/target/test-dir/MiniOzoneClusterImpl-8d4b26b1-34eb-45e8-b83f-edf1f00bc316/datanode-5/data/ratis/53074ead-eefe-4da2-b49b-7fd0e6c08be2 does not exist. Creating ...
2019-08-29 09:37:41,645 [pool-169-thread-1] INFO  storage.RaftStorageDirectory (RaftStorageDirectory.java:tryLock(328)) - Lock on /workdir/hadoop-ozone/integration-test/target/test-dir/MiniOzoneClusterImpl-8d4b26b1-34eb-45e8-b83f-edf1f00bc316/datanode-5/data/ratis/53074ead-eefe-4da2-b49b-7fd0e6c08be2/in_use.lock acquired by nodename 7910@pr-hdds-1935-5tjgs-3847141534
2019-08-29 09:37:41,661 [pool-169-thread-1] INFO  storage.RaftStorage (RaftStorage.java:format(72)) - Storage directory /workdir/hadoop-ozone/integration-test/target/test-dir/MiniOzoneClusterImpl-8d4b26b1-34eb-45e8-b83f-edf1f00bc316/datanode-5/data/ratis/53074ead-eefe-4da2-b49b-7fd0e6c08be2 has been successfully formatted.
2019-08-29 09:37:41,661 [pool-169-thread-1] INFO  ratis.ContainerStateMachine (ContainerStateMachine.java:loadSnapshot(227)) - group-7FD0E6C08BE2: The snapshot info is null. Setting the last applied indexto:(t:0, i:~)
2019-08-29 09:37:41,661 [pool-169-thread-1] INFO  server.RaftServerConfigKeys (ConfUtils.java:logGet(43)) - raft.server.leader.election.timeout = 120s (custom)
2019-08-29 09:37:41,661 [pool-169-thread-1] INFO  server.RaftServerConfigKeys (ConfUtils.java:logGet(43)) - raft.server.log.use.memory = false (default)
2019-08-29 09:37:41,661 [pool-169-thread-1] INFO  server.RaftServerConfigKeys (ConfUtils.java:logGet(43)) - raft.server.log.purge.gap = 1000000 (custom)
2019-08-29 09:37:41,662 [pool-169-thread-1] INFO  server.RaftServerConfigKeys (ConfUtils.java:logGet(43)) - raft.server.log.appender.buffer.byte-limit = 33554432 (custom)
2019-08-29 09:37:41,662 [pool-169-thread-1] INFO  server.RaftServerConfigKeys (ConfUtils.java:logGet(43)) - raft.server.log.segment.size.max = 1048576 (custom)
2019-08-29 09:37:41,662 [pool-169-thread-1] INFO  server.RaftServerConfigKeys (ConfUtils.java:logGet(43)) - raft.server.log.segment.cache.num.max = 2 (custom)
2019-08-29 09:37:41,662 [pool-169-thread-1] INFO  segmented.SegmentedRaftLogWorker (SegmentedRaftLogWorker.java:<init>(172)) - new c8986603-afcd-4cf8-afcf-c6b45c0b43cc-SegmentedRaftLogWorker:Storage Directory /workdir/hadoop-ozone/integration-test/target/test-dir/MiniOzoneClusterImpl-8d4b26b1-34eb-45e8-b83f-edf1f00bc316/datanode-5/data/ratis/53074ead-eefe-4da2-b49b-7fd0e6c08be2 for RaftStorage:Storage Directory /workdir/hadoop-ozone/integration-test/target/test-dir/MiniOzoneClusterImpl-8d4b26b1-34eb-45e8-b83f-edf1f00bc316/datanode-5/data/ratis/53074ead-eefe-4da2-b49b-7fd0e6c08be2
2019-08-29 09:37:41,662 [pool-169-thread-1] INFO  server.RaftServerConfigKeys (ConfUtils.java:logGet(43)) - raft.server.log.queue.byte-limit = 2147483647 (custom)
2019-08-29 09:37:41,662 [pool-169-thread-1] INFO  server.RaftServerConfigKeys (ConfUtils.java:logGet(43)) - raft.server.log.queue.element-limit = 1024 (custom)
2019-08-29 09:37:41,663 [pool-169-thread-1] INFO  server.RaftServerConfigKeys (ConfUtils.java:logGet(43)) - raft.server.log.segment.size.max = 1048576 (custom)
2019-08-29 09:37:41,663 [pool-169-thread-1] INFO  server.RaftServerConfigKeys (ConfUtils.java:logGet(43)) - raft.server.log.preallocated.size = 16384 (custom)
2019-08-29 09:37:41,663 [pool-169-thread-1] INFO  server.RaftServerConfigKeys (ConfUtils.java:logGet(43)) - raft.server.log.write.buffer.size = 33554432 (custom)
2019-08-29 09:37:41,663 [pool-169-thread-1] INFO  server.RaftServerConfigKeys (ConfUtils.java:logGet(43)) - raft.server.log.force.sync.num = 128 (default)
2019-08-29 09:37:41,663 [pool-169-thread-1] INFO  server.RaftServerConfigKeys (ConfUtils.java:logGet(43)) - raft.server.log.statemachine.data.sync = true (default)
2019-08-29 09:37:41,663 [pool-169-thread-1] INFO  server.RaftServerConfigKeys (ConfUtils.java:logGet(43)) - raft.server.log.statemachine.data.sync.timeout = 10s (default)
2019-08-29 09:37:41,663 [pool-169-thread-1] INFO  server.RaftServerConfigKeys (ConfUtils.java:logGet(43)) - raft.server.log.statemachine.data.sync.timeout.retry = -1 (default)
2019-08-29 09:37:41,664 [pool-169-thread-1] INFO  server.RaftServerConfigKeys (ConfUtils.java:logGet(43)) - raft.server.log.statemachine.data.caching.enabled = true (custom)
2019-08-29 09:37:41,664 [IPC Server handler 6 on 33562] INFO  net.NetworkTopology (NetworkTopologyImpl.java:add(110)) - Added a new node: /default-rack/31202bf3-e3ef-401b-98b9-369e6d4f3507
2019-08-29 09:37:41,664 [pool-169-thread-1] INFO  segmented.SegmentedRaftLogWorker (SegmentedRaftLogWorker.java:lambda$new$0(132)) - c8986603-afcd-4cf8-afcf-c6b45c0b43cc-SegmentedRaftLogWorker:Storage Directory /workdir/hadoop-ozone/integration-test/target/test-dir/MiniOzoneClusterImpl-8d4b26b1-34eb-45e8-b83f-edf1f00bc316/datanode-5/data/ratis/53074ead-eefe-4da2-b49b-7fd0e6c08be2: flushIndex: setUnconditionally 0 -> -1
2019-08-29 09:37:41,664 [main] INFO  ozone.MiniOzoneClusterImpl (MiniOzoneClusterImpl.java:lambda$waitForClusterToBeReady$0(140)) - Cluster is ready. Got 7 of 7 DN Heartbeats.
2019-08-29 09:37:41,664 [pool-169-thread-1] INFO  server.RaftServerConfigKeys (ConfUtils.java:logGet(43)) - raft.server.snapshot.auto.trigger.enabled = true (custom)
2019-08-29 09:37:41,664 [IPC Server handler 6 on 33562] INFO  node.SCMNodeManager (SCMNodeManager.java:register(266)) - Registered Data node : 31202bf3-e3ef-401b-98b9-369e6d4f3507{ip: 192.168.69.87, host: pr-hdds-1935-5tjgs-3847141534, networkLocation: /default-rack, certSerialId: null}
2019-08-29 09:37:41,664 [pool-169-thread-1] INFO  server.RaftServerConfigKeys (ConfUtils.java:logGet(43)) - raft.server.snapshot.auto.trigger.threshold = 10000 (custom)
2019-08-29 09:37:41,665 | INFO  | SCMAudit | user=jenkins1000 | ip=192.168.69.87 | op=REGISTER {datanodeDetails=31202bf3-e3ef-401b-98b9-369e6d4f3507{ip: 192.168.69.87, host: pr-hdds-1935-5tjgs-3847141534, networkLocation: /default-rack, certSerialId: null}} | ret=SUCCESS |  
2019-08-29 09:37:41,665 [pool-169-thread-1] INFO  server.RaftServerConfigKeys (ConfUtils.java:logGet(43)) - raft.server.retrycache.expirytime = 600000ms (custom)
2019-08-29 09:37:41,665 [pool-169-thread-1] INFO  impl.RaftServerImpl (RaftServerImpl.java:start(180)) - c8986603-afcd-4cf8-afcf-c6b45c0b43cc: start group-7FD0E6C08BE2
2019-08-29 09:37:41,665 [pool-169-thread-1] INFO  impl.RaftServerImpl (RaftServerImpl.java:setRole(171)) - c8986603-afcd-4cf8-afcf-c6b45c0b43cc:group-7FD0E6C08BE2 changes role from null to FOLLOWER at term 0 for startAsFollower
2019-08-29 09:37:41,665 [pool-169-thread-1] INFO  impl.RoleInfo (RoleInfo.java:updateAndGet(143)) - c8986603-afcd-4cf8-afcf-c6b45c0b43cc: start FollowerState
2019-08-29 09:37:41,666 [pool-169-thread-1] INFO  util.JmxRegister (JmxRegister.java:tryRegister(44)) - Successfully registered JMX Bean with object name Ratis:service=RaftServer,group=group-7FD0E6C08BE2,id=c8986603-afcd-4cf8-afcf-c6b45c0b43cc
2019-08-29 09:37:41,671 [RatisPipelineUtilsThread] INFO  pipeline.PipelineStateManager (PipelineStateManager.java:addPipeline(56)) - Created pipeline Pipeline[ Id: 53074ead-eefe-4da2-b49b-7fd0e6c08be2, Nodes: c8986603-afcd-4cf8-afcf-c6b45c0b43cc{ip: 192.168.69.87, host: pr-hdds-1935-5tjgs-3847141534, networkLocation: /default-rack, certSerialId: null}, Type:RATIS, Factor:ONE, State:OPEN]
2019-08-29 09:37:41,685 [grpc-default-executor-0] INFO  impl.RaftServerProxy (RaftServerProxy.java:addNew(89)) - 31202bf3-e3ef-401b-98b9-369e6d4f3507: addNew group-E5CDC7B6C10C:[31202bf3-e3ef-401b-98b9-369e6d4f3507:192.168.69.87:43586] returns group-E5CDC7B6C10C:java.util.concurrent.CompletableFuture@79a117c[Not completed]
2019-08-29 09:37:41,686 [main] INFO  rpc.RpcClient (RpcClient.java:createVolume(293)) - Creating Volume: testblockoutputstreamwithretries, with jenkins1000 as owner.
2019-08-29 09:37:41,690 [pool-179-thread-1] INFO  impl.RaftServerImpl (RaftServerImpl.java:<init>(93)) - 31202bf3-e3ef-401b-98b9-369e6d4f3507: new RaftServerImpl for group-E5CDC7B6C10C:[31202bf3-e3ef-401b-98b9-369e6d4f3507:192.168.69.87:43586] with ContainerStateMachine:uninitialized
2019-08-29 09:37:41,690 [pool-179-thread-1] INFO  server.RaftServerConfigKeys (ConfUtils.java:logGet(43)) - raft.server.rpc.timeout.min = 5s (custom)
2019-08-29 09:37:41,690 [pool-179-thread-1] INFO  server.RaftServerConfigKeys (ConfUtils.java:logGet(43)) - raft.server.rpc.timeout.max = 5200ms (custom)
2019-08-29 09:37:41,690 [pool-179-thread-1] INFO  server.RaftServerConfigKeys (ConfUtils.java:logGet(43)) - raft.server.rpcslowness.timeout = 120s (custom)
2019-08-29 09:37:41,691 [pool-179-thread-1] INFO  server.RaftServerConfigKeys (ConfUtils.java:logGet(43)) - raft.server.sleep.deviation.threshold = 300 (default)
2019-08-29 09:37:41,691 [pool-179-thread-1] INFO  server.RaftServerConfigKeys (ConfUtils.java:logGet(43)) - raft.server.log.appender.install.snapshot.enabled = false (custom)
2019-08-29 09:37:41,691 [pool-179-thread-1] INFO  impl.RaftServerImpl (ServerState.java:<init>(105)) - 31202bf3-e3ef-401b-98b9-369e6d4f3507:group-E5CDC7B6C10C ConfigurationManager, init=-1: [31202bf3-e3ef-401b-98b9-369e6d4f3507:192.168.69.87:43586], old=null, confs=<EMPTY_MAP>
2019-08-29 09:37:41,691 [pool-179-thread-1] INFO  server.RaftServerConfigKeys (ConfUtils.java:logGet(43)) - raft.server.storage.dir = [/workdir/hadoop-ozone/integration-test/target/test-dir/MiniOzoneClusterImpl-8d4b26b1-34eb-45e8-b83f-edf1f00bc316/datanode-6/data/ratis] (custom)
2019-08-29 09:37:41,691 [pool-179-thread-1] INFO  storage.RaftStorageDirectory (RaftStorageDirectory.java:analyzeStorage(246)) - The storage directory /workdir/hadoop-ozone/integration-test/target/test-dir/MiniOzoneClusterImpl-8d4b26b1-34eb-45e8-b83f-edf1f00bc316/datanode-6/data/ratis/1d7d1579-ef8d-4ae8-8b18-e5cdc7b6c10c does not exist. Creating ...
2019-08-29 09:37:41,694 | INFO  | OMAudit | user=jenkins1000 | ip=127.0.0.1 | op=CREATE_VOLUME {admin=jenkins1000, owner=jenkins1000, volume=testblockoutputstreamwithretries, creationTime=1567071461691, quotaInBytes=1152921504606846976} | ret=SUCCESS |  
2019-08-29 09:37:41,702 | INFO  | OMAudit | user=jenkins1000 | ip=127.0.0.1 | op=READ_VOLUME {volume=testblockoutputstreamwithretries} | ret=SUCCESS |  
2019-08-29 09:37:41,703 [main] INFO  rpc.RpcClient (RpcClient.java:createBucket(432)) - Creating Bucket: testblockoutputstreamwithretries/testblockoutputstreamwithretries, with Versioning false and Storage Type set to DISK and Encryption set to false 
2019-08-29 09:37:41,704 [pool-179-thread-1] INFO  storage.RaftStorageDirectory (RaftStorageDirectory.java:tryLock(328)) - Lock on /workdir/hadoop-ozone/integration-test/target/test-dir/MiniOzoneClusterImpl-8d4b26b1-34eb-45e8-b83f-edf1f00bc316/datanode-6/data/ratis/1d7d1579-ef8d-4ae8-8b18-e5cdc7b6c10c/in_use.lock acquired by nodename 7910@pr-hdds-1935-5tjgs-3847141534
2019-08-29 09:37:41,706 | INFO  | OMAudit | user=jenkins1000 | ip=127.0.0.1 | op=CREATE_BUCKET {volume=testblockoutputstreamwithretries, bucket=testblockoutputstreamwithretries, acls=[user:jenkins1000:a[ACCESS], group:default:a[ACCESS]], isVersionEnabled=false, storageType=DISK, creationTime=0} | ret=SUCCESS |  
2019-08-29 09:37:41,708 | INFO  | OMAudit | user=jenkins1000 | ip=127.0.0.1 | op=READ_VOLUME {volume=testblockoutputstreamwithretries} | ret=SUCCESS |  
2019-08-29 09:37:41,709 | INFO  | OMAudit | user=jenkins1000 | ip=127.0.0.1 | op=READ_BUCKET {volume=testblockoutputstreamwithretries, bucket=testblockoutputstreamwithretries} | ret=SUCCESS |  
2019-08-29 09:37:41,727 [pool-179-thread-1] INFO  storage.RaftStorage (RaftStorage.java:format(72)) - Storage directory /workdir/hadoop-ozone/integration-test/target/test-dir/MiniOzoneClusterImpl-8d4b26b1-34eb-45e8-b83f-edf1f00bc316/datanode-6/data/ratis/1d7d1579-ef8d-4ae8-8b18-e5cdc7b6c10c has been successfully formatted.
2019-08-29 09:37:41,727 [pool-179-thread-1] INFO  ratis.ContainerStateMachine (ContainerStateMachine.java:loadSnapshot(227)) - group-E5CDC7B6C10C: The snapshot info is null. Setting the last applied indexto:(t:0, i:~)
2019-08-29 09:37:41,728 [pool-179-thread-1] INFO  server.RaftServerConfigKeys (ConfUtils.java:logGet(43)) - raft.server.leader.election.timeout = 120s (custom)
2019-08-29 09:37:41,728 [pool-179-thread-1] INFO  server.RaftServerConfigKeys (ConfUtils.java:logGet(43)) - raft.server.log.use.memory = false (default)
2019-08-29 09:37:41,728 [pool-179-thread-1] INFO  server.RaftServerConfigKeys (ConfUtils.java:logGet(43)) - raft.server.log.purge.gap = 1000000 (custom)
2019-08-29 09:37:41,728 [pool-179-thread-1] INFO  server.RaftServerConfigKeys (ConfUtils.java:logGet(43)) - raft.server.log.appender.buffer.byte-limit = 33554432 (custom)
2019-08-29 09:37:41,728 [pool-179-thread-1] INFO  server.RaftServerConfigKeys (ConfUtils.java:logGet(43)) - raft.server.log.segment.size.max = 1048576 (custom)
2019-08-29 09:37:41,728 [pool-179-thread-1] INFO  server.RaftServerConfigKeys (ConfUtils.java:logGet(43)) - raft.server.log.segment.cache.num.max = 2 (custom)
2019-08-29 09:37:41,728 [pool-179-thread-1] INFO  segmented.SegmentedRaftLogWorker (SegmentedRaftLogWorker.java:<init>(172)) - new 31202bf3-e3ef-401b-98b9-369e6d4f3507-SegmentedRaftLogWorker:Storage Directory /workdir/hadoop-ozone/integration-test/target/test-dir/MiniOzoneClusterImpl-8d4b26b1-34eb-45e8-b83f-edf1f00bc316/datanode-6/data/ratis/1d7d1579-ef8d-4ae8-8b18-e5cdc7b6c10c for RaftStorage:Storage Directory /workdir/hadoop-ozone/integration-test/target/test-dir/MiniOzoneClusterImpl-8d4b26b1-34eb-45e8-b83f-edf1f00bc316/datanode-6/data/ratis/1d7d1579-ef8d-4ae8-8b18-e5cdc7b6c10c
2019-08-29 09:37:41,729 [pool-179-thread-1] INFO  server.RaftServerConfigKeys (ConfUtils.java:logGet(43)) - raft.server.log.queue.byte-limit = 2147483647 (custom)
2019-08-29 09:37:41,729 [pool-179-thread-1] INFO  server.RaftServerConfigKeys (ConfUtils.java:logGet(43)) - raft.server.log.queue.element-limit = 1024 (custom)
2019-08-29 09:37:41,729 [pool-179-thread-1] INFO  server.RaftServerConfigKeys (ConfUtils.java:logGet(43)) - raft.server.log.segment.size.max = 1048576 (custom)
2019-08-29 09:37:41,729 [pool-179-thread-1] INFO  server.RaftServerConfigKeys (ConfUtils.java:logGet(43)) - raft.server.log.preallocated.size = 16384 (custom)
2019-08-29 09:37:41,730 [pool-179-thread-1] INFO  server.RaftServerConfigKeys (ConfUtils.java:logGet(43)) - raft.server.log.write.buffer.size = 33554432 (custom)
2019-08-29 09:37:41,730 [pool-179-thread-1] INFO  server.RaftServerConfigKeys (ConfUtils.java:logGet(43)) - raft.server.log.force.sync.num = 128 (default)
2019-08-29 09:37:41,730 [pool-179-thread-1] INFO  server.RaftServerConfigKeys (ConfUtils.java:logGet(43)) - raft.server.log.statemachine.data.sync = true (default)
2019-08-29 09:37:41,730 [pool-179-thread-1] INFO  server.RaftServerConfigKeys (ConfUtils.java:logGet(43)) - raft.server.log.statemachine.data.sync.timeout = 10s (default)
2019-08-29 09:37:41,730 [pool-179-thread-1] INFO  server.RaftServerConfigKeys (ConfUtils.java:logGet(43)) - raft.server.log.statemachine.data.sync.timeout.retry = -1 (default)
2019-08-29 09:37:41,730 [pool-179-thread-1] INFO  server.RaftServerConfigKeys (ConfUtils.java:logGet(43)) - raft.server.log.statemachine.data.caching.enabled = true (custom)
2019-08-29 09:37:41,731 [pool-179-thread-1] INFO  segmented.SegmentedRaftLogWorker (SegmentedRaftLogWorker.java:lambda$new$0(132)) - 31202bf3-e3ef-401b-98b9-369e6d4f3507-SegmentedRaftLogWorker:Storage Directory /workdir/hadoop-ozone/integration-test/target/test-dir/MiniOzoneClusterImpl-8d4b26b1-34eb-45e8-b83f-edf1f00bc316/datanode-6/data/ratis/1d7d1579-ef8d-4ae8-8b18-e5cdc7b6c10c: flushIndex: setUnconditionally 0 -> -1
2019-08-29 09:37:41,731 [pool-179-thread-1] INFO  server.RaftServerConfigKeys (ConfUtils.java:logGet(43)) - raft.server.snapshot.auto.trigger.enabled = true (custom)
2019-08-29 09:37:41,731 [pool-179-thread-1] INFO  server.RaftServerConfigKeys (ConfUtils.java:logGet(43)) - raft.server.snapshot.auto.trigger.threshold = 10000 (custom)
2019-08-29 09:37:41,731 [pool-179-thread-1] INFO  server.RaftServerConfigKeys (ConfUtils.java:logGet(43)) - raft.server.retrycache.expirytime = 600000ms (custom)
2019-08-29 09:37:41,732 [pool-179-thread-1] INFO  impl.RaftServerImpl (RaftServerImpl.java:start(180)) - 31202bf3-e3ef-401b-98b9-369e6d4f3507: start group-E5CDC7B6C10C
2019-08-29 09:37:41,732 [pool-179-thread-1] INFO  impl.RaftServerImpl (RaftServerImpl.java:setRole(171)) - 31202bf3-e3ef-401b-98b9-369e6d4f3507:group-E5CDC7B6C10C changes role from null to FOLLOWER at term 0 for startAsFollower
2019-08-29 09:37:41,732 [pool-179-thread-1] INFO  impl.RoleInfo (RoleInfo.java:updateAndGet(143)) - 31202bf3-e3ef-401b-98b9-369e6d4f3507: start FollowerState
2019-08-29 09:37:41,732 [pool-179-thread-1] INFO  util.JmxRegister (JmxRegister.java:tryRegister(44)) - Successfully registered JMX Bean with object name Ratis:service=RaftServer,group=group-E5CDC7B6C10C,id=31202bf3-e3ef-401b-98b9-369e6d4f3507
2019-08-29 09:37:41,735 [RatisPipelineUtilsThread] INFO  pipeline.PipelineStateManager (PipelineStateManager.java:addPipeline(56)) - Created pipeline Pipeline[ Id: 1d7d1579-ef8d-4ae8-8b18-e5cdc7b6c10c, Nodes: 31202bf3-e3ef-401b-98b9-369e6d4f3507{ip: 192.168.69.87, host: pr-hdds-1935-5tjgs-3847141534, networkLocation: /default-rack, certSerialId: null}, Type:RATIS, Factor:ONE, State:OPEN]
2019-08-29 09:37:41,746 [grpc-default-executor-0] INFO  impl.RaftServerProxy (RaftServerProxy.java:addNew(89)) - 7a2e5536-d576-4bf3-9dec-9e4177d66979: addNew group-469E11588AA2:[7a2e5536-d576-4bf3-9dec-9e4177d66979:192.168.69.87:35893] returns group-469E11588AA2:java.util.concurrent.CompletableFuture@2358d608[Not completed]
2019-08-29 09:37:41,752 [pool-159-thread-1] INFO  impl.RaftServerImpl (RaftServerImpl.java:<init>(93)) - 7a2e5536-d576-4bf3-9dec-9e4177d66979: new RaftServerImpl for group-469E11588AA2:[7a2e5536-d576-4bf3-9dec-9e4177d66979:192.168.69.87:35893] with ContainerStateMachine:uninitialized
2019-08-29 09:37:41,752 [pool-159-thread-1] INFO  server.RaftServerConfigKeys (ConfUtils.java:logGet(43)) - raft.server.rpc.timeout.min = 5s (custom)
2019-08-29 09:37:41,752 [pool-159-thread-1] INFO  server.RaftServerConfigKeys (ConfUtils.java:logGet(43)) - raft.server.rpc.timeout.max = 5200ms (custom)
2019-08-29 09:37:41,752 [pool-159-thread-1] INFO  server.RaftServerConfigKeys (ConfUtils.java:logGet(43)) - raft.server.rpcslowness.timeout = 120s (custom)
2019-08-29 09:37:41,753 [pool-159-thread-1] INFO  server.RaftServerConfigKeys (ConfUtils.java:logGet(43)) - raft.server.sleep.deviation.threshold = 300 (default)
2019-08-29 09:37:41,753 [pool-159-thread-1] INFO  server.RaftServerConfigKeys (ConfUtils.java:logGet(43)) - raft.server.log.appender.install.snapshot.enabled = false (custom)
2019-08-29 09:37:41,753 [pool-159-thread-1] INFO  impl.RaftServerImpl (ServerState.java:<init>(105)) - 7a2e5536-d576-4bf3-9dec-9e4177d66979:group-469E11588AA2 ConfigurationManager, init=-1: [7a2e5536-d576-4bf3-9dec-9e4177d66979:192.168.69.87:35893], old=null, confs=<EMPTY_MAP>
2019-08-29 09:37:41,753 [pool-159-thread-1] INFO  server.RaftServerConfigKeys (ConfUtils.java:logGet(43)) - raft.server.storage.dir = [/workdir/hadoop-ozone/integration-test/target/test-dir/MiniOzoneClusterImpl-8d4b26b1-34eb-45e8-b83f-edf1f00bc316/datanode-4/data/ratis] (custom)
2019-08-29 09:37:41,753 [pool-159-thread-1] INFO  storage.RaftStorageDirectory (RaftStorageDirectory.java:analyzeStorage(246)) - The storage directory /workdir/hadoop-ozone/integration-test/target/test-dir/MiniOzoneClusterImpl-8d4b26b1-34eb-45e8-b83f-edf1f00bc316/datanode-4/data/ratis/89374ca0-fc40-44a4-b8c1-469e11588aa2 does not exist. Creating ...
2019-08-29 09:37:41,785 [pool-159-thread-1] INFO  storage.RaftStorageDirectory (RaftStorageDirectory.java:tryLock(328)) - Lock on /workdir/hadoop-ozone/integration-test/target/test-dir/MiniOzoneClusterImpl-8d4b26b1-34eb-45e8-b83f-edf1f00bc316/datanode-4/data/ratis/89374ca0-fc40-44a4-b8c1-469e11588aa2/in_use.lock acquired by nodename 7910@pr-hdds-1935-5tjgs-3847141534
2019-08-29 09:37:41,801 [pool-159-thread-1] INFO  storage.RaftStorage (RaftStorage.java:format(72)) - Storage directory /workdir/hadoop-ozone/integration-test/target/test-dir/MiniOzoneClusterImpl-8d4b26b1-34eb-45e8-b83f-edf1f00bc316/datanode-4/data/ratis/89374ca0-fc40-44a4-b8c1-469e11588aa2 has been successfully formatted.
2019-08-29 09:37:41,801 [pool-159-thread-1] INFO  ratis.ContainerStateMachine (ContainerStateMachine.java:loadSnapshot(227)) - group-469E11588AA2: The snapshot info is null. Setting the last applied indexto:(t:0, i:~)
2019-08-29 09:37:41,801 [pool-159-thread-1] INFO  server.RaftServerConfigKeys (ConfUtils.java:logGet(43)) - raft.server.leader.election.timeout = 120s (custom)
2019-08-29 09:37:41,801 [pool-159-thread-1] INFO  server.RaftServerConfigKeys (ConfUtils.java:logGet(43)) - raft.server.log.use.memory = false (default)
2019-08-29 09:37:41,802 [pool-159-thread-1] INFO  server.RaftServerConfigKeys (ConfUtils.java:logGet(43)) - raft.server.log.purge.gap = 1000000 (custom)
2019-08-29 09:37:41,802 [pool-159-thread-1] INFO  server.RaftServerConfigKeys (ConfUtils.java:logGet(43)) - raft.server.log.appender.buffer.byte-limit = 33554432 (custom)
2019-08-29 09:37:41,802 [pool-159-thread-1] INFO  server.RaftServerConfigKeys (ConfUtils.java:logGet(43)) - raft.server.log.segment.size.max = 1048576 (custom)
2019-08-29 09:37:41,802 [pool-159-thread-1] INFO  server.RaftServerConfigKeys (ConfUtils.java:logGet(43)) - raft.server.log.segment.cache.num.max = 2 (custom)
2019-08-29 09:37:41,802 [pool-159-thread-1] INFO  segmented.SegmentedRaftLogWorker (SegmentedRaftLogWorker.java:<init>(172)) - new 7a2e5536-d576-4bf3-9dec-9e4177d66979-SegmentedRaftLogWorker:Storage Directory /workdir/hadoop-ozone/integration-test/target/test-dir/MiniOzoneClusterImpl-8d4b26b1-34eb-45e8-b83f-edf1f00bc316/datanode-4/data/ratis/89374ca0-fc40-44a4-b8c1-469e11588aa2 for RaftStorage:Storage Directory /workdir/hadoop-ozone/integration-test/target/test-dir/MiniOzoneClusterImpl-8d4b26b1-34eb-45e8-b83f-edf1f00bc316/datanode-4/data/ratis/89374ca0-fc40-44a4-b8c1-469e11588aa2
2019-08-29 09:37:41,802 [pool-159-thread-1] INFO  server.RaftServerConfigKeys (ConfUtils.java:logGet(43)) - raft.server.log.queue.byte-limit = 2147483647 (custom)
2019-08-29 09:37:41,803 [pool-159-thread-1] INFO  server.RaftServerConfigKeys (ConfUtils.java:logGet(43)) - raft.server.log.queue.element-limit = 1024 (custom)
2019-08-29 09:37:41,803 [pool-159-thread-1] INFO  server.RaftServerConfigKeys (ConfUtils.java:logGet(43)) - raft.server.log.segment.size.max = 1048576 (custom)
2019-08-29 09:37:41,803 [pool-159-thread-1] INFO  server.RaftServerConfigKeys (ConfUtils.java:logGet(43)) - raft.server.log.preallocated.size = 16384 (custom)
2019-08-29 09:37:41,803 [pool-159-thread-1] INFO  server.RaftServerConfigKeys (ConfUtils.java:logGet(43)) - raft.server.log.write.buffer.size = 33554432 (custom)
2019-08-29 09:37:41,803 [pool-159-thread-1] INFO  server.RaftServerConfigKeys (ConfUtils.java:logGet(43)) - raft.server.log.force.sync.num = 128 (default)
2019-08-29 09:37:41,804 [pool-159-thread-1] INFO  server.RaftServerConfigKeys (ConfUtils.java:logGet(43)) - raft.server.log.statemachine.data.sync = true (default)
2019-08-29 09:37:41,804 [pool-159-thread-1] INFO  server.RaftServerConfigKeys (ConfUtils.java:logGet(43)) - raft.server.log.statemachine.data.sync.timeout = 10s (default)
2019-08-29 09:37:41,804 [pool-159-thread-1] INFO  server.RaftServerConfigKeys (ConfUtils.java:logGet(43)) - raft.server.log.statemachine.data.sync.timeout.retry = -1 (default)
2019-08-29 09:37:41,804 [pool-159-thread-1] INFO  server.RaftServerConfigKeys (ConfUtils.java:logGet(43)) - raft.server.log.statemachine.data.caching.enabled = true (custom)
2019-08-29 09:37:41,813 [pool-159-thread-1] INFO  segmented.SegmentedRaftLogWorker (SegmentedRaftLogWorker.java:lambda$new$0(132)) - 7a2e5536-d576-4bf3-9dec-9e4177d66979-SegmentedRaftLogWorker:Storage Directory /workdir/hadoop-ozone/integration-test/target/test-dir/MiniOzoneClusterImpl-8d4b26b1-34eb-45e8-b83f-edf1f00bc316/datanode-4/data/ratis/89374ca0-fc40-44a4-b8c1-469e11588aa2: flushIndex: setUnconditionally 0 -> -1
2019-08-29 09:37:41,813 [pool-159-thread-1] INFO  server.RaftServerConfigKeys (ConfUtils.java:logGet(43)) - raft.server.snapshot.auto.trigger.enabled = true (custom)
2019-08-29 09:37:41,813 [pool-159-thread-1] INFO  server.RaftServerConfigKeys (ConfUtils.java:logGet(43)) - raft.server.snapshot.auto.trigger.threshold = 10000 (custom)
2019-08-29 09:37:41,814 [pool-159-thread-1] INFO  server.RaftServerConfigKeys (ConfUtils.java:logGet(43)) - raft.server.retrycache.expirytime = 600000ms (custom)
2019-08-29 09:37:41,814 [pool-159-thread-1] INFO  impl.RaftServerImpl (RaftServerImpl.java:start(180)) - 7a2e5536-d576-4bf3-9dec-9e4177d66979: start group-469E11588AA2
2019-08-29 09:37:41,814 [pool-159-thread-1] INFO  impl.RaftServerImpl (RaftServerImpl.java:setRole(171)) - 7a2e5536-d576-4bf3-9dec-9e4177d66979:group-469E11588AA2 changes role from null to FOLLOWER at term 0 for startAsFollower
2019-08-29 09:37:41,814 [pool-159-thread-1] INFO  impl.RoleInfo (RoleInfo.java:updateAndGet(143)) - 7a2e5536-d576-4bf3-9dec-9e4177d66979: start FollowerState
2019-08-29 09:37:41,815 [pool-159-thread-1] INFO  util.JmxRegister (JmxRegister.java:tryRegister(44)) - Successfully registered JMX Bean with object name Ratis:service=RaftServer,group=group-469E11588AA2,id=7a2e5536-d576-4bf3-9dec-9e4177d66979
2019-08-29 09:37:41,818 [RatisPipelineUtilsThread] INFO  pipeline.PipelineStateManager (PipelineStateManager.java:addPipeline(56)) - Created pipeline Pipeline[ Id: 89374ca0-fc40-44a4-b8c1-469e11588aa2, Nodes: 7a2e5536-d576-4bf3-9dec-9e4177d66979{ip: 192.168.69.87, host: pr-hdds-1935-5tjgs-3847141534, networkLocation: /default-rack, certSerialId: null}, Type:RATIS, Factor:ONE, State:OPEN]
2019-08-29 09:37:41,828 [grpc-default-executor-1] INFO  impl.RaftServerProxy (RaftServerProxy.java:addNew(89)) - 129cf440-9aa6-4f56-b440-e84d0b76b9e5: addNew group-7FC7981111D6:[c8986603-afcd-4cf8-afcf-c6b45c0b43cc:192.168.69.87:46863, 129cf440-9aa6-4f56-b440-e84d0b76b9e5:192.168.69.87:40781, 31202bf3-e3ef-401b-98b9-369e6d4f3507:192.168.69.87:43586] returns group-7FC7981111D6:java.util.concurrent.CompletableFuture@4517248d[Not completed]
2019-08-29 09:37:41,828 [grpc-default-executor-0] INFO  impl.RaftServerProxy (RaftServerProxy.java:addNew(89)) - 31202bf3-e3ef-401b-98b9-369e6d4f3507: addNew group-7FC7981111D6:[c8986603-afcd-4cf8-afcf-c6b45c0b43cc:192.168.69.87:46863, 129cf440-9aa6-4f56-b440-e84d0b76b9e5:192.168.69.87:40781, 31202bf3-e3ef-401b-98b9-369e6d4f3507:192.168.69.87:43586] returns group-7FC7981111D6:java.util.concurrent.CompletableFuture@3b396adc[Not completed]
2019-08-29 09:37:41,828 [grpc-default-executor-4] INFO  impl.RaftServerProxy (RaftServerProxy.java:addNew(89)) - c8986603-afcd-4cf8-afcf-c6b45c0b43cc: addNew group-7FC7981111D6:[c8986603-afcd-4cf8-afcf-c6b45c0b43cc:192.168.69.87:46863, 129cf440-9aa6-4f56-b440-e84d0b76b9e5:192.168.69.87:40781, 31202bf3-e3ef-401b-98b9-369e6d4f3507:192.168.69.87:43586] returns group-7FC7981111D6:java.util.concurrent.CompletableFuture@1b1f0daa[Not completed]
2019-08-29 09:37:41,829 [pool-149-thread-1] INFO  impl.RaftServerImpl (RaftServerImpl.java:<init>(93)) - 129cf440-9aa6-4f56-b440-e84d0b76b9e5: new RaftServerImpl for group-7FC7981111D6:[c8986603-afcd-4cf8-afcf-c6b45c0b43cc:192.168.69.87:46863, 129cf440-9aa6-4f56-b440-e84d0b76b9e5:192.168.69.87:40781, 31202bf3-e3ef-401b-98b9-369e6d4f3507:192.168.69.87:43586] with ContainerStateMachine:uninitialized
2019-08-29 09:37:41,830 [pool-149-thread-1] INFO  server.RaftServerConfigKeys (ConfUtils.java:logGet(43)) - raft.server.rpc.timeout.min = 5s (custom)
2019-08-29 09:37:41,830 [pool-149-thread-1] INFO  server.RaftServerConfigKeys (ConfUtils.java:logGet(43)) - raft.server.rpc.timeout.max = 5200ms (custom)
2019-08-29 09:37:41,830 [pool-149-thread-1] INFO  server.RaftServerConfigKeys (ConfUtils.java:logGet(43)) - raft.server.rpcslowness.timeout = 120s (custom)
2019-08-29 09:37:41,830 [pool-179-thread-1] INFO  impl.RaftServerImpl (RaftServerImpl.java:<init>(93)) - 31202bf3-e3ef-401b-98b9-369e6d4f3507: new RaftServerImpl for group-7FC7981111D6:[c8986603-afcd-4cf8-afcf-c6b45c0b43cc:192.168.69.87:46863, 129cf440-9aa6-4f56-b440-e84d0b76b9e5:192.168.69.87:40781, 31202bf3-e3ef-401b-98b9-369e6d4f3507:192.168.69.87:43586] with ContainerStateMachine:uninitialized
2019-08-29 09:37:41,830 [pool-149-thread-1] INFO  server.RaftServerConfigKeys (ConfUtils.java:logGet(43)) - raft.server.sleep.deviation.threshold = 300 (default)
2019-08-29 09:37:41,830 [pool-179-thread-1] INFO  server.RaftServerConfigKeys (ConfUtils.java:logGet(43)) - raft.server.rpc.timeout.min = 5s (custom)
2019-08-29 09:37:41,830 [pool-169-thread-1] INFO  impl.RaftServerImpl (RaftServerImpl.java:<init>(93)) - c8986603-afcd-4cf8-afcf-c6b45c0b43cc: new RaftServerImpl for group-7FC7981111D6:[c8986603-afcd-4cf8-afcf-c6b45c0b43cc:192.168.69.87:46863, 129cf440-9aa6-4f56-b440-e84d0b76b9e5:192.168.69.87:40781, 31202bf3-e3ef-401b-98b9-369e6d4f3507:192.168.69.87:43586] with ContainerStateMachine:uninitialized
2019-08-29 09:37:41,830 [pool-149-thread-1] INFO  server.RaftServerConfigKeys (ConfUtils.java:logGet(43)) - raft.server.log.appender.install.snapshot.enabled = false (custom)
2019-08-29 09:37:41,831 [pool-169-thread-1] INFO  server.RaftServerConfigKeys (ConfUtils.java:logGet(43)) - raft.server.rpc.timeout.min = 5s (custom)
2019-08-29 09:37:41,830 [pool-179-thread-1] INFO  server.RaftServerConfigKeys (ConfUtils.java:logGet(43)) - raft.server.rpc.timeout.max = 5200ms (custom)
2019-08-29 09:37:41,831 [pool-169-thread-1] INFO  server.RaftServerConfigKeys (ConfUtils.java:logGet(43)) - raft.server.rpc.timeout.max = 5200ms (custom)
2019-08-29 09:37:41,831 [pool-149-thread-1] INFO  impl.RaftServerImpl (ServerState.java:<init>(105)) - 129cf440-9aa6-4f56-b440-e84d0b76b9e5:group-7FC7981111D6 ConfigurationManager, init=-1: [c8986603-afcd-4cf8-afcf-c6b45c0b43cc:192.168.69.87:46863, 129cf440-9aa6-4f56-b440-e84d0b76b9e5:192.168.69.87:40781, 31202bf3-e3ef-401b-98b9-369e6d4f3507:192.168.69.87:43586], old=null, confs=<EMPTY_MAP>
2019-08-29 09:37:41,831 [pool-169-thread-1] INFO  server.RaftServerConfigKeys (ConfUtils.java:logGet(43)) - raft.server.rpcslowness.timeout = 120s (custom)
2019-08-29 09:37:41,831 [pool-179-thread-1] INFO  server.RaftServerConfigKeys (ConfUtils.java:logGet(43)) - raft.server.rpcslowness.timeout = 120s (custom)
2019-08-29 09:37:41,831 [pool-149-thread-1] INFO  server.RaftServerConfigKeys (ConfUtils.java:logGet(43)) - raft.server.storage.dir = [/workdir/hadoop-ozone/integration-test/target/test-dir/MiniOzoneClusterImpl-8d4b26b1-34eb-45e8-b83f-edf1f00bc316/datanode-3/data/ratis] (custom)
2019-08-29 09:37:41,831 [pool-169-thread-1] INFO  server.RaftServerConfigKeys (ConfUtils.java:logGet(43)) - raft.server.sleep.deviation.threshold = 300 (default)
2019-08-29 09:37:41,831 [pool-179-thread-1] INFO  server.RaftServerConfigKeys (ConfUtils.java:logGet(43)) - raft.server.sleep.deviation.threshold = 300 (default)
2019-08-29 09:37:41,831 [pool-169-thread-1] INFO  server.RaftServerConfigKeys (ConfUtils.java:logGet(43)) - raft.server.log.appender.install.snapshot.enabled = false (custom)
2019-08-29 09:37:41,831 [pool-179-thread-1] INFO  server.RaftServerConfigKeys (ConfUtils.java:logGet(43)) - raft.server.log.appender.install.snapshot.enabled = false (custom)
2019-08-29 09:37:41,832 [pool-149-thread-1] INFO  storage.RaftStorageDirectory (RaftStorageDirectory.java:analyzeStorage(246)) - The storage directory /workdir/hadoop-ozone/integration-test/target/test-dir/MiniOzoneClusterImpl-8d4b26b1-34eb-45e8-b83f-edf1f00bc316/datanode-3/data/ratis/c64043b4-2a5c-471c-abac-7fc7981111d6 does not exist. Creating ...
2019-08-29 09:37:41,832 [pool-169-thread-1] INFO  impl.RaftServerImpl (ServerState.java:<init>(105)) - c8986603-afcd-4cf8-afcf-c6b45c0b43cc:group-7FC7981111D6 ConfigurationManager, init=-1: [c8986603-afcd-4cf8-afcf-c6b45c0b43cc:192.168.69.87:46863, 129cf440-9aa6-4f56-b440-e84d0b76b9e5:192.168.69.87:40781, 31202bf3-e3ef-401b-98b9-369e6d4f3507:192.168.69.87:43586], old=null, confs=<EMPTY_MAP>
2019-08-29 09:37:41,832 [pool-179-thread-1] INFO  impl.RaftServerImpl (ServerState.java:<init>(105)) - 31202bf3-e3ef-401b-98b9-369e6d4f3507:group-7FC7981111D6 ConfigurationManager, init=-1: [c8986603-afcd-4cf8-afcf-c6b45c0b43cc:192.168.69.87:46863, 129cf440-9aa6-4f56-b440-e84d0b76b9e5:192.168.69.87:40781, 31202bf3-e3ef-401b-98b9-369e6d4f3507:192.168.69.87:43586], old=null, confs=<EMPTY_MAP>
2019-08-29 09:37:41,832 [pool-169-thread-1] INFO  server.RaftServerConfigKeys (ConfUtils.java:logGet(43)) - raft.server.storage.dir = [/workdir/hadoop-ozone/integration-test/target/test-dir/MiniOzoneClusterImpl-8d4b26b1-34eb-45e8-b83f-edf1f00bc316/datanode-5/data/ratis] (custom)
2019-08-29 09:37:41,832 [pool-179-thread-1] INFO  server.RaftServerConfigKeys (ConfUtils.java:logGet(43)) - raft.server.storage.dir = [/workdir/hadoop-ozone/integration-test/target/test-dir/MiniOzoneClusterImpl-8d4b26b1-34eb-45e8-b83f-edf1f00bc316/datanode-6/data/ratis] (custom)
2019-08-29 09:37:41,832 [pool-169-thread-1] INFO  storage.RaftStorageDirectory (RaftStorageDirectory.java:analyzeStorage(246)) - The storage directory /workdir/hadoop-ozone/integration-test/target/test-dir/MiniOzoneClusterImpl-8d4b26b1-34eb-45e8-b83f-edf1f00bc316/datanode-5/data/ratis/c64043b4-2a5c-471c-abac-7fc7981111d6 does not exist. Creating ...
2019-08-29 09:37:41,832 [pool-179-thread-1] INFO  storage.RaftStorageDirectory (RaftStorageDirectory.java:analyzeStorage(246)) - The storage directory /workdir/hadoop-ozone/integration-test/target/test-dir/MiniOzoneClusterImpl-8d4b26b1-34eb-45e8-b83f-edf1f00bc316/datanode-6/data/ratis/c64043b4-2a5c-471c-abac-7fc7981111d6 does not exist. Creating ...
2019-08-29 09:37:41,854 [pool-169-thread-1] INFO  storage.RaftStorageDirectory (RaftStorageDirectory.java:tryLock(328)) - Lock on /workdir/hadoop-ozone/integration-test/target/test-dir/MiniOzoneClusterImpl-8d4b26b1-34eb-45e8-b83f-edf1f00bc316/datanode-5/data/ratis/c64043b4-2a5c-471c-abac-7fc7981111d6/in_use.lock acquired by nodename 7910@pr-hdds-1935-5tjgs-3847141534
2019-08-29 09:37:41,854 [pool-149-thread-1] INFO  storage.RaftStorageDirectory (RaftStorageDirectory.java:tryLock(328)) - Lock on /workdir/hadoop-ozone/integration-test/target/test-dir/MiniOzoneClusterImpl-8d4b26b1-34eb-45e8-b83f-edf1f00bc316/datanode-3/data/ratis/c64043b4-2a5c-471c-abac-7fc7981111d6/in_use.lock acquired by nodename 7910@pr-hdds-1935-5tjgs-3847141534
2019-08-29 09:37:41,854 [pool-179-thread-1] INFO  storage.RaftStorageDirectory (RaftStorageDirectory.java:tryLock(328)) - Lock on /workdir/hadoop-ozone/integration-test/target/test-dir/MiniOzoneClusterImpl-8d4b26b1-34eb-45e8-b83f-edf1f00bc316/datanode-6/data/ratis/c64043b4-2a5c-471c-abac-7fc7981111d6/in_use.lock acquired by nodename 7910@pr-hdds-1935-5tjgs-3847141534
2019-08-29 09:37:41,885 [pool-179-thread-1] INFO  storage.RaftStorage (RaftStorage.java:format(72)) - Storage directory /workdir/hadoop-ozone/integration-test/target/test-dir/MiniOzoneClusterImpl-8d4b26b1-34eb-45e8-b83f-edf1f00bc316/datanode-6/data/ratis/c64043b4-2a5c-471c-abac-7fc7981111d6 has been successfully formatted.
2019-08-29 09:37:41,885 [pool-149-thread-1] INFO  storage.RaftStorage (RaftStorage.java:format(72)) - Storage directory /workdir/hadoop-ozone/integration-test/target/test-dir/MiniOzoneClusterImpl-8d4b26b1-34eb-45e8-b83f-edf1f00bc316/datanode-3/data/ratis/c64043b4-2a5c-471c-abac-7fc7981111d6 has been successfully formatted.
2019-08-29 09:37:41,885 [pool-169-thread-1] INFO  storage.RaftStorage (RaftStorage.java:format(72)) - Storage directory /workdir/hadoop-ozone/integration-test/target/test-dir/MiniOzoneClusterImpl-8d4b26b1-34eb-45e8-b83f-edf1f00bc316/datanode-5/data/ratis/c64043b4-2a5c-471c-abac-7fc7981111d6 has been successfully formatted.
2019-08-29 09:37:41,886 [pool-149-thread-1] INFO  ratis.ContainerStateMachine (ContainerStateMachine.java:loadSnapshot(227)) - group-7FC7981111D6: The snapshot info is null. Setting the last applied indexto:(t:0, i:~)
2019-08-29 09:37:41,886 [pool-169-thread-1] INFO  ratis.ContainerStateMachine (ContainerStateMachine.java:loadSnapshot(227)) - group-7FC7981111D6: The snapshot info is null. Setting the last applied indexto:(t:0, i:~)
2019-08-29 09:37:41,886 [pool-179-thread-1] INFO  ratis.ContainerStateMachine (ContainerStateMachine.java:loadSnapshot(227)) - group-7FC7981111D6: The snapshot info is null. Setting the last applied indexto:(t:0, i:~)
2019-08-29 09:37:41,886 [pool-169-thread-1] INFO  server.RaftServerConfigKeys (ConfUtils.java:logGet(43)) - raft.server.leader.election.timeout = 120s (custom)
2019-08-29 09:37:41,886 [pool-149-thread-1] INFO  server.RaftServerConfigKeys (ConfUtils.java:logGet(43)) - raft.server.leader.election.timeout = 120s (custom)
2019-08-29 09:37:41,886 [pool-169-thread-1] INFO  server.RaftServerConfigKeys (ConfUtils.java:logGet(43)) - raft.server.log.use.memory = false (default)
2019-08-29 09:37:41,886 [pool-179-thread-1] INFO  server.RaftServerConfigKeys (ConfUtils.java:logGet(43)) - raft.server.leader.election.timeout = 120s (custom)
2019-08-29 09:37:41,887 [pool-169-thread-1] INFO  server.RaftServerConfigKeys (ConfUtils.java:logGet(43)) - raft.server.log.purge.gap = 1000000 (custom)
2019-08-29 09:37:41,886 [pool-149-thread-1] INFO  server.RaftServerConfigKeys (ConfUtils.java:logGet(43)) - raft.server.log.use.memory = false (default)
2019-08-29 09:37:41,887 [pool-169-thread-1] INFO  server.RaftServerConfigKeys (ConfUtils.java:logGet(43)) - raft.server.log.appender.buffer.byte-limit = 33554432 (custom)
2019-08-29 09:37:41,887 [pool-179-thread-1] INFO  server.RaftServerConfigKeys (ConfUtils.java:logGet(43)) - raft.server.log.use.memory = false (default)
2019-08-29 09:37:41,887 [pool-169-thread-1] INFO  server.RaftServerConfigKeys (ConfUtils.java:logGet(43)) - raft.server.log.segment.size.max = 1048576 (custom)
2019-08-29 09:37:41,887 [pool-149-thread-1] INFO  server.RaftServerConfigKeys (ConfUtils.java:logGet(43)) - raft.server.log.purge.gap = 1000000 (custom)
2019-08-29 09:37:41,887 [pool-169-thread-1] INFO  server.RaftServerConfigKeys (ConfUtils.java:logGet(43)) - raft.server.log.segment.cache.num.max = 2 (custom)
2019-08-29 09:37:41,887 [pool-179-thread-1] INFO  server.RaftServerConfigKeys (ConfUtils.java:logGet(43)) - raft.server.log.purge.gap = 1000000 (custom)
2019-08-29 09:37:41,888 [pool-169-thread-1] INFO  segmented.SegmentedRaftLogWorker (SegmentedRaftLogWorker.java:<init>(172)) - new c8986603-afcd-4cf8-afcf-c6b45c0b43cc-SegmentedRaftLogWorker:Storage Directory /workdir/hadoop-ozone/integration-test/target/test-dir/MiniOzoneClusterImpl-8d4b26b1-34eb-45e8-b83f-edf1f00bc316/datanode-5/data/ratis/c64043b4-2a5c-471c-abac-7fc7981111d6 for RaftStorage:Storage Directory /workdir/hadoop-ozone/integration-test/target/test-dir/MiniOzoneClusterImpl-8d4b26b1-34eb-45e8-b83f-edf1f00bc316/datanode-5/data/ratis/c64043b4-2a5c-471c-abac-7fc7981111d6
2019-08-29 09:37:41,887 [pool-149-thread-1] INFO  server.RaftServerConfigKeys (ConfUtils.java:logGet(43)) - raft.server.log.appender.buffer.byte-limit = 33554432 (custom)
2019-08-29 09:37:41,888 [pool-169-thread-1] INFO  server.RaftServerConfigKeys (ConfUtils.java:logGet(43)) - raft.server.log.queue.byte-limit = 2147483647 (custom)
2019-08-29 09:37:41,888 [pool-179-thread-1] INFO  server.RaftServerConfigKeys (ConfUtils.java:logGet(43)) - raft.server.log.appender.buffer.byte-limit = 33554432 (custom)
2019-08-29 09:37:41,888 [pool-169-thread-1] INFO  server.RaftServerConfigKeys (ConfUtils.java:logGet(43)) - raft.server.log.queue.element-limit = 1024 (custom)
2019-08-29 09:37:41,888 [pool-149-thread-1] INFO  server.RaftServerConfigKeys (ConfUtils.java:logGet(43)) - raft.server.log.segment.size.max = 1048576 (custom)
2019-08-29 09:37:41,888 [pool-169-thread-1] INFO  server.RaftServerConfigKeys (ConfUtils.java:logGet(43)) - raft.server.log.segment.size.max = 1048576 (custom)
2019-08-29 09:37:41,888 [pool-179-thread-1] INFO  server.RaftServerConfigKeys (ConfUtils.java:logGet(43)) - raft.server.log.segment.size.max = 1048576 (custom)
2019-08-29 09:37:41,888 [pool-169-thread-1] INFO  server.RaftServerConfigKeys (ConfUtils.java:logGet(43)) - raft.server.log.preallocated.size = 16384 (custom)
2019-08-29 09:37:41,888 [pool-149-thread-1] INFO  server.RaftServerConfigKeys (ConfUtils.java:logGet(43)) - raft.server.log.segment.cache.num.max = 2 (custom)
2019-08-29 09:37:41,889 [pool-169-thread-1] INFO  server.RaftServerConfigKeys (ConfUtils.java:logGet(43)) - raft.server.log.write.buffer.size = 33554432 (custom)
2019-08-29 09:37:41,889 [pool-179-thread-1] INFO  server.RaftServerConfigKeys (ConfUtils.java:logGet(43)) - raft.server.log.segment.cache.num.max = 2 (custom)
2019-08-29 09:37:41,889 [pool-169-thread-1] INFO  server.RaftServerConfigKeys (ConfUtils.java:logGet(43)) - raft.server.log.force.sync.num = 128 (default)
2019-08-29 09:37:41,889 [pool-149-thread-1] INFO  segmented.SegmentedRaftLogWorker (SegmentedRaftLogWorker.java:<init>(172)) - new 129cf440-9aa6-4f56-b440-e84d0b76b9e5-SegmentedRaftLogWorker:Storage Directory /workdir/hadoop-ozone/integration-test/target/test-dir/MiniOzoneClusterImpl-8d4b26b1-34eb-45e8-b83f-edf1f00bc316/datanode-3/data/ratis/c64043b4-2a5c-471c-abac-7fc7981111d6 for RaftStorage:Storage Directory /workdir/hadoop-ozone/integration-test/target/test-dir/MiniOzoneClusterImpl-8d4b26b1-34eb-45e8-b83f-edf1f00bc316/datanode-3/data/ratis/c64043b4-2a5c-471c-abac-7fc7981111d6
2019-08-29 09:37:41,889 [pool-169-thread-1] INFO  server.RaftServerConfigKeys (ConfUtils.java:logGet(43)) - raft.server.log.statemachine.data.sync = true (default)
2019-08-29 09:37:41,889 [pool-179-thread-1] INFO  segmented.SegmentedRaftLogWorker (SegmentedRaftLogWorker.java:<init>(172)) - new 31202bf3-e3ef-401b-98b9-369e6d4f3507-SegmentedRaftLogWorker:Storage Directory /workdir/hadoop-ozone/integration-test/target/test-dir/MiniOzoneClusterImpl-8d4b26b1-34eb-45e8-b83f-edf1f00bc316/datanode-6/data/ratis/c64043b4-2a5c-471c-abac-7fc7981111d6 for RaftStorage:Storage Directory /workdir/hadoop-ozone/integration-test/target/test-dir/MiniOzoneClusterImpl-8d4b26b1-34eb-45e8-b83f-edf1f00bc316/datanode-6/data/ratis/c64043b4-2a5c-471c-abac-7fc7981111d6
2019-08-29 09:37:41,889 [pool-169-thread-1] INFO  server.RaftServerConfigKeys (ConfUtils.java:logGet(43)) - raft.server.log.statemachine.data.sync.timeout = 10s (default)
2019-08-29 09:37:41,889 [pool-149-thread-1] INFO  server.RaftServerConfigKeys (ConfUtils.java:logGet(43)) - raft.server.log.queue.byte-limit = 2147483647 (custom)
2019-08-29 09:37:41,890 [pool-169-thread-1] INFO  server.RaftServerConfigKeys (ConfUtils.java:logGet(43)) - raft.server.log.statemachine.data.sync.timeout.retry = -1 (default)
2019-08-29 09:37:41,890 [pool-179-thread-1] INFO  server.RaftServerConfigKeys (ConfUtils.java:logGet(43)) - raft.server.log.queue.byte-limit = 2147483647 (custom)
2019-08-29 09:37:41,890 [pool-169-thread-1] INFO  server.RaftServerConfigKeys (ConfUtils.java:logGet(43)) - raft.server.log.statemachine.data.caching.enabled = true (custom)
2019-08-29 09:37:41,890 [pool-149-thread-1] INFO  server.RaftServerConfigKeys (ConfUtils.java:logGet(43)) - raft.server.log.queue.element-limit = 1024 (custom)
2019-08-29 09:37:41,890 [pool-179-thread-1] INFO  server.RaftServerConfigKeys (ConfUtils.java:logGet(43)) - raft.server.log.queue.element-limit = 1024 (custom)
2019-08-29 09:37:41,890 [pool-169-thread-1] INFO  segmented.SegmentedRaftLogWorker (SegmentedRaftLogWorker.java:lambda$new$0(132)) - c8986603-afcd-4cf8-afcf-c6b45c0b43cc-SegmentedRaftLogWorker:Storage Directory /workdir/hadoop-ozone/integration-test/target/test-dir/MiniOzoneClusterImpl-8d4b26b1-34eb-45e8-b83f-edf1f00bc316/datanode-5/data/ratis/c64043b4-2a5c-471c-abac-7fc7981111d6: flushIndex: setUnconditionally 0 -> -1
2019-08-29 09:37:41,890 [pool-179-thread-1] INFO  server.RaftServerConfigKeys (ConfUtils.java:logGet(43)) - raft.server.log.segment.size.max = 1048576 (custom)
2019-08-29 09:37:41,890 [pool-149-thread-1] INFO  server.RaftServerConfigKeys (ConfUtils.java:logGet(43)) - raft.server.log.segment.size.max = 1048576 (custom)
2019-08-29 09:37:41,891 [pool-169-thread-1] INFO  server.RaftServerConfigKeys (ConfUtils.java:logGet(43)) - raft.server.snapshot.auto.trigger.enabled = true (custom)
2019-08-29 09:37:41,891 [pool-179-thread-1] INFO  server.RaftServerConfigKeys (ConfUtils.java:logGet(43)) - raft.server.log.preallocated.size = 16384 (custom)
2019-08-29 09:37:41,891 [pool-169-thread-1] INFO  server.RaftServerConfigKeys (ConfUtils.java:logGet(43)) - raft.server.snapshot.auto.trigger.threshold = 10000 (custom)
2019-08-29 09:37:41,891 [pool-149-thread-1] INFO  server.RaftServerConfigKeys (ConfUtils.java:logGet(43)) - raft.server.log.preallocated.size = 16384 (custom)
2019-08-29 09:37:41,891 [pool-179-thread-1] INFO  server.RaftServerConfigKeys (ConfUtils.java:logGet(43)) - raft.server.log.write.buffer.size = 33554432 (custom)
2019-08-29 09:37:41,891 [pool-169-thread-1] INFO  server.RaftServerConfigKeys (ConfUtils.java:logGet(43)) - raft.server.retrycache.expirytime = 600000ms (custom)
2019-08-29 09:37:41,891 [pool-149-thread-1] INFO  server.RaftServerConfigKeys (ConfUtils.java:logGet(43)) - raft.server.log.write.buffer.size = 33554432 (custom)
2019-08-29 09:37:41,892 [pool-169-thread-1] INFO  impl.RaftServerImpl (RaftServerImpl.java:start(180)) - c8986603-afcd-4cf8-afcf-c6b45c0b43cc: start group-7FC7981111D6
2019-08-29 09:37:41,891 [pool-179-thread-1] INFO  server.RaftServerConfigKeys (ConfUtils.java:logGet(43)) - raft.server.log.force.sync.num = 128 (default)
2019-08-29 09:37:41,892 [pool-169-thread-1] INFO  impl.RaftServerImpl (RaftServerImpl.java:setRole(171)) - c8986603-afcd-4cf8-afcf-c6b45c0b43cc:group-7FC7981111D6 changes role from null to FOLLOWER at term 0 for startAsFollower
2019-08-29 09:37:41,892 [pool-149-thread-1] INFO  server.RaftServerConfigKeys (ConfUtils.java:logGet(43)) - raft.server.log.force.sync.num = 128 (default)
2019-08-29 09:37:41,892 [pool-169-thread-1] INFO  impl.RoleInfo (RoleInfo.java:updateAndGet(143)) - c8986603-afcd-4cf8-afcf-c6b45c0b43cc: start FollowerState
2019-08-29 09:37:41,892 [pool-179-thread-1] INFO  server.RaftServerConfigKeys (ConfUtils.java:logGet(43)) - raft.server.log.statemachine.data.sync = true (default)
2019-08-29 09:37:41,893 [pool-149-thread-1] INFO  server.RaftServerConfigKeys (ConfUtils.java:logGet(43)) - raft.server.log.statemachine.data.sync = true (default)
2019-08-29 09:37:41,893 [pool-179-thread-1] INFO  server.RaftServerConfigKeys (ConfUtils.java:logGet(43)) - raft.server.log.statemachine.data.sync.timeout = 10s (default)
2019-08-29 09:37:41,893 [pool-149-thread-1] INFO  server.RaftServerConfigKeys (ConfUtils.java:logGet(43)) - raft.server.log.statemachine.data.sync.timeout = 10s (default)
2019-08-29 09:37:41,893 [pool-169-thread-1] INFO  util.JmxRegister (JmxRegister.java:tryRegister(44)) - Successfully registered JMX Bean with object name Ratis:service=RaftServer,group=group-7FC7981111D6,id=c8986603-afcd-4cf8-afcf-c6b45c0b43cc
2019-08-29 09:37:41,893 [pool-149-thread-1] INFO  server.RaftServerConfigKeys (ConfUtils.java:logGet(43)) - raft.server.log.statemachine.data.sync.timeout.retry = -1 (default)
2019-08-29 09:37:41,893 [pool-179-thread-1] INFO  server.RaftServerConfigKeys (ConfUtils.java:logGet(43)) - raft.server.log.statemachine.data.sync.timeout.retry = -1 (default)
2019-08-29 09:37:41,894 [pool-149-thread-1] INFO  server.RaftServerConfigKeys (ConfUtils.java:logGet(43)) - raft.server.log.statemachine.data.caching.enabled = true (custom)
2019-08-29 09:37:41,894 [pool-179-thread-1] INFO  server.RaftServerConfigKeys (ConfUtils.java:logGet(43)) - raft.server.log.statemachine.data.caching.enabled = true (custom)
2019-08-29 09:37:41,894 [pool-149-thread-1] INFO  segmented.SegmentedRaftLogWorker (SegmentedRaftLogWorker.java:lambda$new$0(132)) - 129cf440-9aa6-4f56-b440-e84d0b76b9e5-SegmentedRaftLogWorker:Storage Directory /workdir/hadoop-ozone/integration-test/target/test-dir/MiniOzoneClusterImpl-8d4b26b1-34eb-45e8-b83f-edf1f00bc316/datanode-3/data/ratis/c64043b4-2a5c-471c-abac-7fc7981111d6: flushIndex: setUnconditionally 0 -> -1
2019-08-29 09:37:41,894 [pool-179-thread-1] INFO  segmented.SegmentedRaftLogWorker (SegmentedRaftLogWorker.java:lambda$new$0(132)) - 31202bf3-e3ef-401b-98b9-369e6d4f3507-SegmentedRaftLogWorker:Storage Directory /workdir/hadoop-ozone/integration-test/target/test-dir/MiniOzoneClusterImpl-8d4b26b1-34eb-45e8-b83f-edf1f00bc316/datanode-6/data/ratis/c64043b4-2a5c-471c-abac-7fc7981111d6: flushIndex: setUnconditionally 0 -> -1
2019-08-29 09:37:41,895 [pool-149-thread-1] INFO  server.RaftServerConfigKeys (ConfUtils.java:logGet(43)) - raft.server.snapshot.auto.trigger.enabled = true (custom)
2019-08-29 09:37:41,895 [pool-179-thread-1] INFO  server.RaftServerConfigKeys (ConfUtils.java:logGet(43)) - raft.server.snapshot.auto.trigger.enabled = true (custom)
2019-08-29 09:37:41,895 [pool-149-thread-1] INFO  server.RaftServerConfigKeys (ConfUtils.java:logGet(43)) - raft.server.snapshot.auto.trigger.threshold = 10000 (custom)
2019-08-29 09:37:41,895 [pool-179-thread-1] INFO  server.RaftServerConfigKeys (ConfUtils.java:logGet(43)) - raft.server.snapshot.auto.trigger.threshold = 10000 (custom)
2019-08-29 09:37:41,895 [pool-149-thread-1] INFO  server.RaftServerConfigKeys (ConfUtils.java:logGet(43)) - raft.server.retrycache.expirytime = 600000ms (custom)
2019-08-29 09:37:41,895 [pool-179-thread-1] INFO  server.RaftServerConfigKeys (ConfUtils.java:logGet(43)) - raft.server.retrycache.expirytime = 600000ms (custom)
2019-08-29 09:37:41,896 [pool-149-thread-1] INFO  impl.RaftServerImpl (RaftServerImpl.java:start(180)) - 129cf440-9aa6-4f56-b440-e84d0b76b9e5: start group-7FC7981111D6
2019-08-29 09:37:41,896 [pool-179-thread-1] INFO  impl.RaftServerImpl (RaftServerImpl.java:start(180)) - 31202bf3-e3ef-401b-98b9-369e6d4f3507: start group-7FC7981111D6
2019-08-29 09:37:41,896 [pool-179-thread-1] INFO  impl.RaftServerImpl (RaftServerImpl.java:setRole(171)) - 31202bf3-e3ef-401b-98b9-369e6d4f3507:group-7FC7981111D6 changes role from null to FOLLOWER at term 0 for startAsFollower
2019-08-29 09:37:41,896 [pool-149-thread-1] INFO  impl.RaftServerImpl (RaftServerImpl.java:setRole(171)) - 129cf440-9aa6-4f56-b440-e84d0b76b9e5:group-7FC7981111D6 changes role from null to FOLLOWER at term 0 for startAsFollower
2019-08-29 09:37:41,896 [pool-179-thread-1] INFO  impl.RoleInfo (RoleInfo.java:updateAndGet(143)) - 31202bf3-e3ef-401b-98b9-369e6d4f3507: start FollowerState
2019-08-29 09:37:41,896 [pool-149-thread-1] INFO  impl.RoleInfo (RoleInfo.java:updateAndGet(143)) - 129cf440-9aa6-4f56-b440-e84d0b76b9e5: start FollowerState
2019-08-29 09:37:41,896 [pool-179-thread-1] INFO  util.JmxRegister (JmxRegister.java:tryRegister(44)) - Successfully registered JMX Bean with object name Ratis:service=RaftServer,group=group-7FC7981111D6,id=31202bf3-e3ef-401b-98b9-369e6d4f3507
2019-08-29 09:37:41,896 [pool-149-thread-1] INFO  util.JmxRegister (JmxRegister.java:tryRegister(44)) - Successfully registered JMX Bean with object name Ratis:service=RaftServer,group=group-7FC7981111D6,id=129cf440-9aa6-4f56-b440-e84d0b76b9e5
2019-08-29 09:37:41,899 [RatisPipelineUtilsThread] INFO  pipeline.PipelineStateManager (PipelineStateManager.java:addPipeline(56)) - Created pipeline Pipeline[ Id: c64043b4-2a5c-471c-abac-7fc7981111d6, Nodes: 129cf440-9aa6-4f56-b440-e84d0b76b9e5{ip: 192.168.69.87, host: pr-hdds-1935-5tjgs-3847141534, networkLocation: /default-rack, certSerialId: null}c8986603-afcd-4cf8-afcf-c6b45c0b43cc{ip: 192.168.69.87, host: pr-hdds-1935-5tjgs-3847141534, networkLocation: /default-rack, certSerialId: null}31202bf3-e3ef-401b-98b9-369e6d4f3507{ip: 192.168.69.87, host: pr-hdds-1935-5tjgs-3847141534, networkLocation: /default-rack, certSerialId: null}, Type:RATIS, Factor:THREE, State:OPEN]
2019-08-29 09:37:41,905 | INFO  | SCMAudit | user=jenkins1000 | ip=192.168.69.87 | op=ALLOCATE_BLOCK {owner=c3afee7d-2dc0-4105-9106-b01e4a9ca307, size=800, type=RATIS, factor=THREE} | ret=SUCCESS |  
2019-08-29 09:37:41,907 | INFO  | OMAudit | user=jenkins1000 | ip=127.0.0.1 | op=ALLOCATE_KEY {volume=testblockoutputstreamwithretries, bucket=testblockoutputstreamwithretries, key=326899ac-1cee-427c-a7cd-0a90938cc75a, dataSize=3200, replicationType=RATIS, replicationFactor=THREE, keyLocationInfo=null} | ret=SUCCESS |  
2019-08-29 09:37:41,919 [grpc-default-executor-4] INFO  client.GrpcClientProtocolClient (GrpcClientProtocolClient.java:onNext(255)) - client-ECF995498F0C->129cf440-9aa6-4f56-b440-e84d0b76b9e5: receive RaftClientReply:client-ECF995498F0C->129cf440-9aa6-4f56-b440-e84d0b76b9e5@group-7FC7981111D6, cid=42, FAILED org.apache.ratis.protocol.NotLeaderException: Server 129cf440-9aa6-4f56-b440-e84d0b76b9e5 is not the leader (null). Request must be sent to leader., logIndex=0, commits[129cf440-9aa6-4f56-b440-e84d0b76b9e5:c-1]
2019-08-29 09:37:42,957 [grpc-default-executor-0] INFO  client.GrpcClientProtocolClient (GrpcClientProtocolClient.java:onNext(255)) - client-ECF995498F0C->c8986603-afcd-4cf8-afcf-c6b45c0b43cc: receive RaftClientReply:client-ECF995498F0C->c8986603-afcd-4cf8-afcf-c6b45c0b43cc@group-7FC7981111D6, cid=42, FAILED org.apache.ratis.protocol.NotLeaderException: Server c8986603-afcd-4cf8-afcf-c6b45c0b43cc is not the leader (null). Request must be sent to leader., logIndex=0, commits[c8986603-afcd-4cf8-afcf-c6b45c0b43cc:c-1]
2019-08-29 09:37:43,135 | INFO  | SCMAudit | user=jenkins1000 | ip=192.168.69.87 | op=SEND_HEARTBEAT {datanodeUUID=44638b28-be06-4149-9a11-87ab58c8e022, command=[]} | ret=SUCCESS |  
2019-08-29 09:37:43,233 | INFO  | SCMAudit | user=jenkins1000 | ip=192.168.69.87 | op=SEND_HEARTBEAT {datanodeUUID=73941da8-7b3a-43e7-8aff-0a9367598152, command=[]} | ret=SUCCESS |  
2019-08-29 09:37:43,325 | INFO  | SCMAudit | user=jenkins1000 | ip=192.168.69.87 | op=SEND_HEARTBEAT {datanodeUUID=c6f9d398-2eae-4a63-879f-a1d1bc55d1b3, command=[]} | ret=SUCCESS |  
2019-08-29 09:37:43,422 | INFO  | SCMAudit | user=jenkins1000 | ip=192.168.69.87 | op=SEND_HEARTBEAT {datanodeUUID=129cf440-9aa6-4f56-b440-e84d0b76b9e5, command=[]} | ret=SUCCESS |  
2019-08-29 09:37:43,514 | INFO  | SCMAudit | user=jenkins1000 | ip=192.168.69.87 | op=SEND_HEARTBEAT {datanodeUUID=7a2e5536-d576-4bf3-9dec-9e4177d66979, command=[]} | ret=SUCCESS |  
2019-08-29 09:37:43,591 | INFO  | SCMAudit | user=jenkins1000 | ip=192.168.69.87 | op=SEND_HEARTBEAT {datanodeUUID=c8986603-afcd-4cf8-afcf-c6b45c0b43cc, command=[]} | ret=SUCCESS |  
2019-08-29 09:37:43,664 | INFO  | SCMAudit | user=jenkins1000 | ip=192.168.69.87 | op=SEND_HEARTBEAT {datanodeUUID=31202bf3-e3ef-401b-98b9-369e6d4f3507, command=[]} | ret=SUCCESS |  
2019-08-29 09:37:43,983 [grpc-default-executor-0] INFO  client.GrpcClientProtocolClient (GrpcClientProtocolClient.java:onNext(255)) - client-ECF995498F0C->31202bf3-e3ef-401b-98b9-369e6d4f3507: receive RaftClientReply:client-ECF995498F0C->31202bf3-e3ef-401b-98b9-369e6d4f3507@group-7FC7981111D6, cid=42, FAILED org.apache.ratis.protocol.NotLeaderException: Server 31202bf3-e3ef-401b-98b9-369e6d4f3507 is not the leader (null). Request must be sent to leader., logIndex=0, commits[31202bf3-e3ef-401b-98b9-369e6d4f3507:c-1]
2019-08-29 09:37:44,135 | INFO  | SCMAudit | user=jenkins1000 | ip=192.168.69.87 | op=SEND_HEARTBEAT {datanodeUUID=44638b28-be06-4149-9a11-87ab58c8e022, command=[]} | ret=SUCCESS |  
2019-08-29 09:37:44,203 [Thread-742] INFO  container.ReplicationManager (ReplicationManager.java:start(162)) - Starting Replication Monitor Thread.
2019-08-29 09:37:44,205 [ReplicationMonitor] INFO  container.ReplicationManager (ReplicationManager.java:run(225)) - Replication Monitor Thread took 0 milliseconds for processing 3 containers.
2019-08-29 09:37:44,234 | INFO  | SCMAudit | user=jenkins1000 | ip=192.168.69.87 | op=SEND_HEARTBEAT {datanodeUUID=73941da8-7b3a-43e7-8aff-0a9367598152, command=[]} | ret=SUCCESS |  
2019-08-29 09:37:44,325 | INFO  | SCMAudit | user=jenkins1000 | ip=192.168.69.87 | op=SEND_HEARTBEAT {datanodeUUID=c6f9d398-2eae-4a63-879f-a1d1bc55d1b3, command=[]} | ret=SUCCESS |  
2019-08-29 09:37:44,422 | INFO  | SCMAudit | user=jenkins1000 | ip=192.168.69.87 | op=SEND_HEARTBEAT {datanodeUUID=129cf440-9aa6-4f56-b440-e84d0b76b9e5, command=[]} | ret=SUCCESS |  
2019-08-29 09:37:44,514 | INFO  | SCMAudit | user=jenkins1000 | ip=192.168.69.87 | op=SEND_HEARTBEAT {datanodeUUID=7a2e5536-d576-4bf3-9dec-9e4177d66979, command=[]} | ret=SUCCESS |  
2019-08-29 09:37:44,591 | INFO  | SCMAudit | user=jenkins1000 | ip=192.168.69.87 | op=SEND_HEARTBEAT {datanodeUUID=c8986603-afcd-4cf8-afcf-c6b45c0b43cc, command=[]} | ret=SUCCESS |  
2019-08-29 09:37:44,664 | INFO  | SCMAudit | user=jenkins1000 | ip=192.168.69.87 | op=SEND_HEARTBEAT {datanodeUUID=31202bf3-e3ef-401b-98b9-369e6d4f3507, command=[]} | ret=SUCCESS |  
2019-08-29 09:37:45,001 [grpc-default-executor-4] INFO  client.GrpcClientProtocolClient (GrpcClientProtocolClient.java:onNext(255)) - client-ECF995498F0C->c8986603-afcd-4cf8-afcf-c6b45c0b43cc: receive RaftClientReply:client-ECF995498F0C->c8986603-afcd-4cf8-afcf-c6b45c0b43cc@group-7FC7981111D6, cid=42, FAILED org.apache.ratis.protocol.NotLeaderException: Server c8986603-afcd-4cf8-afcf-c6b45c0b43cc is not the leader (null). Request must be sent to leader., logIndex=0, commits[c8986603-afcd-4cf8-afcf-c6b45c0b43cc:c-1]
2019-08-29 09:37:45,135 | INFO  | SCMAudit | user=jenkins1000 | ip=192.168.69.87 | op=SEND_HEARTBEAT {datanodeUUID=44638b28-be06-4149-9a11-87ab58c8e022, command=[]} | ret=SUCCESS |  
2019-08-29 09:37:45,235 | INFO  | SCMAudit | user=jenkins1000 | ip=192.168.69.87 | op=SEND_HEARTBEAT {datanodeUUID=73941da8-7b3a-43e7-8aff-0a9367598152, command=[]} | ret=SUCCESS |  
2019-08-29 09:37:45,325 | INFO  | SCMAudit | user=jenkins1000 | ip=192.168.69.87 | op=SEND_HEARTBEAT {datanodeUUID=c6f9d398-2eae-4a63-879f-a1d1bc55d1b3, command=[]} | ret=SUCCESS |  
2019-08-29 09:37:45,422 | INFO  | SCMAudit | user=jenkins1000 | ip=192.168.69.87 | op=SEND_HEARTBEAT {datanodeUUID=129cf440-9aa6-4f56-b440-e84d0b76b9e5, command=[]} | ret=SUCCESS |  
2019-08-29 09:37:45,515 | INFO  | SCMAudit | user=jenkins1000 | ip=192.168.69.87 | op=SEND_HEARTBEAT {datanodeUUID=7a2e5536-d576-4bf3-9dec-9e4177d66979, command=[]} | ret=SUCCESS |  
2019-08-29 09:37:45,592 | INFO  | SCMAudit | user=jenkins1000 | ip=192.168.69.87 | op=SEND_HEARTBEAT {datanodeUUID=c8986603-afcd-4cf8-afcf-c6b45c0b43cc, command=[]} | ret=SUCCESS |  
2019-08-29 09:37:45,664 | INFO  | SCMAudit | user=jenkins1000 | ip=192.168.69.87 | op=SEND_HEARTBEAT {datanodeUUID=31202bf3-e3ef-401b-98b9-369e6d4f3507, command=[]} | ret=SUCCESS |  
2019-08-29 09:37:46,018 [grpc-default-executor-4] INFO  client.GrpcClientProtocolClient (GrpcClientProtocolClient.java:onNext(255)) - client-ECF995498F0C->129cf440-9aa6-4f56-b440-e84d0b76b9e5: receive RaftClientReply:client-ECF995498F0C->129cf440-9aa6-4f56-b440-e84d0b76b9e5@group-7FC7981111D6, cid=42, FAILED org.apache.ratis.protocol.NotLeaderException: Server 129cf440-9aa6-4f56-b440-e84d0b76b9e5 is not the leader (null). Request must be sent to leader., logIndex=0, commits[129cf440-9aa6-4f56-b440-e84d0b76b9e5:c-1]
2019-08-29 09:37:46,135 | INFO  | SCMAudit | user=jenkins1000 | ip=192.168.69.87 | op=SEND_HEARTBEAT {datanodeUUID=44638b28-be06-4149-9a11-87ab58c8e022, command=[]} | ret=SUCCESS |  
2019-08-29 09:37:46,235 | INFO  | SCMAudit | user=jenkins1000 | ip=192.168.69.87 | op=SEND_HEARTBEAT {datanodeUUID=73941da8-7b3a-43e7-8aff-0a9367598152, command=[]} | ret=SUCCESS |  
2019-08-29 09:37:46,325 | INFO  | SCMAudit | user=jenkins1000 | ip=192.168.69.87 | op=SEND_HEARTBEAT {datanodeUUID=c6f9d398-2eae-4a63-879f-a1d1bc55d1b3, command=[]} | ret=SUCCESS |  
2019-08-29 09:37:46,342 [Thread-744] INFO  impl.FollowerState (FollowerState.java:run(106)) - 44638b28-be06-4149-9a11-87ab58c8e022:group-E7121F887599 changes to CANDIDATE, lastRpcTime:5127, electionTimeout:5127ms
2019-08-29 09:37:46,342 [Thread-744] INFO  impl.RoleInfo (RoleInfo.java:shutdownFollowerState(121)) - 44638b28-be06-4149-9a11-87ab58c8e022: shutdown FollowerState
2019-08-29 09:37:46,342 [Thread-744] INFO  impl.RaftServerImpl (RaftServerImpl.java:setRole(171)) - 44638b28-be06-4149-9a11-87ab58c8e022:group-E7121F887599 changes role from FOLLOWER to CANDIDATE at term 0 for changeToCandidate
2019-08-29 09:37:46,342 [Thread-744] INFO  impl.RoleInfo (RoleInfo.java:updateAndGet(143)) - 44638b28-be06-4149-9a11-87ab58c8e022: start LeaderElection
2019-08-29 09:37:46,372 [44638b28-be06-4149-9a11-87ab58c8e022:group-E7121F887599:LeaderElection18] INFO  impl.LeaderElection (LeaderElection.java:askForVotes(181)) - 44638b28-be06-4149-9a11-87ab58c8e022:group-E7121F887599:LeaderElection18: begin an election at term 1 for -1: [44638b28-be06-4149-9a11-87ab58c8e022:192.168.69.87:35910], old=null
2019-08-29 09:37:46,372 [44638b28-be06-4149-9a11-87ab58c8e022:group-E7121F887599:LeaderElection18] INFO  impl.RoleInfo (RoleInfo.java:shutdownLeaderElection(134)) - 44638b28-be06-4149-9a11-87ab58c8e022: shutdown LeaderElection
2019-08-29 09:37:46,372 [44638b28-be06-4149-9a11-87ab58c8e022:group-E7121F887599:LeaderElection18] INFO  impl.RaftServerImpl (RaftServerImpl.java:setRole(171)) - 44638b28-be06-4149-9a11-87ab58c8e022:group-E7121F887599 changes role from CANDIDATE to LEADER at term 1 for changeToLeader
2019-08-29 09:37:46,372 [44638b28-be06-4149-9a11-87ab58c8e022:group-E7121F887599:LeaderElection18] INFO  impl.RaftServerImpl (ServerState.java:setLeader(263)) - 44638b28-be06-4149-9a11-87ab58c8e022:group-E7121F887599 change Leader from null to 44638b28-be06-4149-9a11-87ab58c8e022 at term 1 for becomeLeader, leader elected after 5162ms
2019-08-29 09:37:46,375 [44638b28-be06-4149-9a11-87ab58c8e022:group-E7121F887599:LeaderElection18] INFO  server.RaftServerConfigKeys (ConfUtils.java:logGet(43)) - raft.server.staging.catchup.gap = 1000 (default)
2019-08-29 09:37:46,375 [44638b28-be06-4149-9a11-87ab58c8e022:group-E7121F887599:LeaderElection18] INFO  server.RaftServerConfigKeys (ConfUtils.java:logGet(43)) - raft.server.rpc.sleep.time = 25ms (default)
2019-08-29 09:37:46,375 [44638b28-be06-4149-9a11-87ab58c8e022:group-E7121F887599:LeaderElection18] INFO  server.RaftServerConfigKeys (ConfUtils.java:logGet(43)) - raft.server.write.element-limit = 4096 (default)
2019-08-29 09:37:46,376 [44638b28-be06-4149-9a11-87ab58c8e022:group-E7121F887599:LeaderElection18] INFO  server.RaftServerConfigKeys (ConfUtils.java:logGet(43)) - raft.server.watch.timeout = 10s (default)
2019-08-29 09:37:46,376 [44638b28-be06-4149-9a11-87ab58c8e022:group-E7121F887599:LeaderElection18] INFO  server.RaftServerConfigKeys (ConfUtils.java:logGet(43)) - raft.server.watch.timeout.denomination = 1s (default)
2019-08-29 09:37:46,376 [44638b28-be06-4149-9a11-87ab58c8e022:group-E7121F887599:LeaderElection18] INFO  server.RaftServerConfigKeys (ConfUtils.java:logGet(43)) - raft.server.watch.element-limit = 65536 (default)
2019-08-29 09:37:46,377 [44638b28-be06-4149-9a11-87ab58c8e022:group-E7121F887599:LeaderElection18] INFO  impl.RoleInfo (RoleInfo.java:updateAndGet(143)) - 44638b28-be06-4149-9a11-87ab58c8e022: start LeaderState
2019-08-29 09:37:46,377 [44638b28-be06-4149-9a11-87ab58c8e022:group-E7121F887599:LeaderElection18] INFO  segmented.SegmentedRaftLogWorker (SegmentedRaftLogWorker.java:startLogSegment(380)) - 44638b28-be06-4149-9a11-87ab58c8e022-SegmentedRaftLogWorker:Storage Directory /workdir/hadoop-ozone/integration-test/target/test-dir/MiniOzoneClusterImpl-8d4b26b1-34eb-45e8-b83f-edf1f00bc316/datanode-0/data/ratis/4fb73182-3f5e-4c93-9f0f-e7121f887599: Starting segment from index:0
2019-08-29 09:37:46,378 [44638b28-be06-4149-9a11-87ab58c8e022:group-E7121F887599:LeaderElection18] INFO  impl.RaftServerImpl (ServerState.java:setRaftConf(361)) - 44638b28-be06-4149-9a11-87ab58c8e022:group-E7121F887599 set configuration 0: [44638b28-be06-4149-9a11-87ab58c8e022:192.168.69.87:35910], old=null at 0
2019-08-29 09:37:46,422 | INFO  | SCMAudit | user=jenkins1000 | ip=192.168.69.87 | op=SEND_HEARTBEAT {datanodeUUID=129cf440-9aa6-4f56-b440-e84d0b76b9e5, command=[]} | ret=SUCCESS |  
2019-08-29 09:37:46,430 [44638b28-be06-4149-9a11-87ab58c8e022-SegmentedRaftLogWorker:Storage Directory /workdir/hadoop-ozone/integration-test/target/test-dir/MiniOzoneClusterImpl-8d4b26b1-34eb-45e8-b83f-edf1f00bc316/datanode-0/data/ratis/4fb73182-3f5e-4c93-9f0f-e7121f887599] INFO  segmented.SegmentedRaftLogWorker (SegmentedRaftLogWorker.java:execute(569)) - 44638b28-be06-4149-9a11-87ab58c8e022-SegmentedRaftLogWorker:Storage Directory /workdir/hadoop-ozone/integration-test/target/test-dir/MiniOzoneClusterImpl-8d4b26b1-34eb-45e8-b83f-edf1f00bc316/datanode-0/data/ratis/4fb73182-3f5e-4c93-9f0f-e7121f887599: created new log segment /workdir/hadoop-ozone/integration-test/target/test-dir/MiniOzoneClusterImpl-8d4b26b1-34eb-45e8-b83f-edf1f00bc316/datanode-0/data/ratis/4fb73182-3f5e-4c93-9f0f-e7121f887599/current/log_inprogress_0
2019-08-29 09:37:46,448 [Thread-747] INFO  impl.FollowerState (FollowerState.java:run(106)) - 73941da8-7b3a-43e7-8aff-0a9367598152:group-B2FAECEF5E9E changes to CANDIDATE, lastRpcTime:5143, electionTimeout:5143ms
2019-08-29 09:37:46,448 [Thread-747] INFO  impl.RoleInfo (RoleInfo.java:shutdownFollowerState(121)) - 73941da8-7b3a-43e7-8aff-0a9367598152: shutdown FollowerState
2019-08-29 09:37:46,448 [Thread-747] INFO  impl.RaftServerImpl (RaftServerImpl.java:setRole(171)) - 73941da8-7b3a-43e7-8aff-0a9367598152:group-B2FAECEF5E9E changes role from FOLLOWER to CANDIDATE at term 0 for changeToCandidate
2019-08-29 09:37:46,448 [Thread-747] INFO  impl.RoleInfo (RoleInfo.java:updateAndGet(143)) - 73941da8-7b3a-43e7-8aff-0a9367598152: start LeaderElection
2019-08-29 09:37:46,473 [73941da8-7b3a-43e7-8aff-0a9367598152:group-B2FAECEF5E9E:LeaderElection19] INFO  impl.LeaderElection (LeaderElection.java:askForVotes(181)) - 73941da8-7b3a-43e7-8aff-0a9367598152:group-B2FAECEF5E9E:LeaderElection19: begin an election at term 1 for -1: [73941da8-7b3a-43e7-8aff-0a9367598152:192.168.69.87:35513], old=null
2019-08-29 09:37:46,473 [73941da8-7b3a-43e7-8aff-0a9367598152:group-B2FAECEF5E9E:LeaderElection19] INFO  impl.RoleInfo (RoleInfo.java:shutdownLeaderElection(134)) - 73941da8-7b3a-43e7-8aff-0a9367598152: shutdown LeaderElection
2019-08-29 09:37:46,473 [73941da8-7b3a-43e7-8aff-0a9367598152:group-B2FAECEF5E9E:LeaderElection19] INFO  impl.RaftServerImpl (RaftServerImpl.java:setRole(171)) - 73941da8-7b3a-43e7-8aff-0a9367598152:group-B2FAECEF5E9E changes role from CANDIDATE to LEADER at term 1 for changeToLeader
2019-08-29 09:37:46,473 [73941da8-7b3a-43e7-8aff-0a9367598152:group-B2FAECEF5E9E:LeaderElection19] INFO  impl.RaftServerImpl (ServerState.java:setLeader(263)) - 73941da8-7b3a-43e7-8aff-0a9367598152:group-B2FAECEF5E9E change Leader from null to 73941da8-7b3a-43e7-8aff-0a9367598152 at term 1 for becomeLeader, leader elected after 5174ms
2019-08-29 09:37:46,475 [73941da8-7b3a-43e7-8aff-0a9367598152:group-B2FAECEF5E9E:LeaderElection19] INFO  server.RaftServerConfigKeys (ConfUtils.java:logGet(43)) - raft.server.staging.catchup.gap = 1000 (default)
2019-08-29 09:37:46,475 [73941da8-7b3a-43e7-8aff-0a9367598152:group-B2FAECEF5E9E:LeaderElection19] INFO  server.RaftServerConfigKeys (ConfUtils.java:logGet(43)) - raft.server.rpc.sleep.time = 25ms (default)
2019-08-29 09:37:46,475 [73941da8-7b3a-43e7-8aff-0a9367598152:group-B2FAECEF5E9E:LeaderElection19] INFO  server.RaftServerConfigKeys (ConfUtils.java:logGet(43)) - raft.server.write.element-limit = 4096 (default)
2019-08-29 09:37:46,475 [73941da8-7b3a-43e7-8aff-0a9367598152:group-B2FAECEF5E9E:LeaderElection19] INFO  server.RaftServerConfigKeys (ConfUtils.java:logGet(43)) - raft.server.watch.timeout = 10s (default)
2019-08-29 09:37:46,476 [73941da8-7b3a-43e7-8aff-0a9367598152:group-B2FAECEF5E9E:LeaderElection19] INFO  server.RaftServerConfigKeys (ConfUtils.java:logGet(43)) - raft.server.watch.timeout.denomination = 1s (default)
2019-08-29 09:37:46,476 [73941da8-7b3a-43e7-8aff-0a9367598152:group-B2FAECEF5E9E:LeaderElection19] INFO  server.RaftServerConfigKeys (ConfUtils.java:logGet(43)) - raft.server.watch.element-limit = 65536 (default)
2019-08-29 09:37:46,476 [73941da8-7b3a-43e7-8aff-0a9367598152:group-B2FAECEF5E9E:LeaderElection19] INFO  impl.RoleInfo (RoleInfo.java:updateAndGet(143)) - 73941da8-7b3a-43e7-8aff-0a9367598152: start LeaderState
2019-08-29 09:37:46,476 [73941da8-7b3a-43e7-8aff-0a9367598152:group-B2FAECEF5E9E:LeaderElection19] INFO  segmented.SegmentedRaftLogWorker (SegmentedRaftLogWorker.java:startLogSegment(380)) - 73941da8-7b3a-43e7-8aff-0a9367598152-SegmentedRaftLogWorker:Storage Directory /workdir/hadoop-ozone/integration-test/target/test-dir/MiniOzoneClusterImpl-8d4b26b1-34eb-45e8-b83f-edf1f00bc316/datanode-1/data/ratis/7b45bb2a-6f02-4803-9f71-b2faecef5e9e: Starting segment from index:0
2019-08-29 09:37:46,477 [73941da8-7b3a-43e7-8aff-0a9367598152:group-B2FAECEF5E9E:LeaderElection19] INFO  impl.RaftServerImpl (ServerState.java:setRaftConf(361)) - 73941da8-7b3a-43e7-8aff-0a9367598152:group-B2FAECEF5E9E set configuration 0: [73941da8-7b3a-43e7-8aff-0a9367598152:192.168.69.87:35513], old=null at 0
2019-08-29 09:37:46,514 [Thread-753] INFO  impl.FollowerState (FollowerState.java:run(106)) - 73941da8-7b3a-43e7-8aff-0a9367598152:group-42F22E341F84 changes to CANDIDATE, lastRpcTime:5026, electionTimeout:5004ms
2019-08-29 09:37:46,514 [Thread-753] INFO  impl.RoleInfo (RoleInfo.java:shutdownFollowerState(121)) - 73941da8-7b3a-43e7-8aff-0a9367598152: shutdown FollowerState
2019-08-29 09:37:46,514 [Thread-753] INFO  impl.RaftServerImpl (RaftServerImpl.java:setRole(171)) - 73941da8-7b3a-43e7-8aff-0a9367598152:group-42F22E341F84 changes role from FOLLOWER to CANDIDATE at term 0 for changeToCandidate
2019-08-29 09:37:46,514 [Thread-753] INFO  impl.RoleInfo (RoleInfo.java:updateAndGet(143)) - 73941da8-7b3a-43e7-8aff-0a9367598152: start LeaderElection
2019-08-29 09:37:46,521 | INFO  | SCMAudit | user=jenkins1000 | ip=192.168.69.87 | op=SEND_HEARTBEAT {datanodeUUID=7a2e5536-d576-4bf3-9dec-9e4177d66979, command=[]} | ret=SUCCESS |  
2019-08-29 09:37:46,531 [73941da8-7b3a-43e7-8aff-0a9367598152-SegmentedRaftLogWorker:Storage Directory /workdir/hadoop-ozone/integration-test/target/test-dir/MiniOzoneClusterImpl-8d4b26b1-34eb-45e8-b83f-edf1f00bc316/datanode-1/data/ratis/7b45bb2a-6f02-4803-9f71-b2faecef5e9e] INFO  segmented.SegmentedRaftLogWorker (SegmentedRaftLogWorker.java:execute(569)) - 73941da8-7b3a-43e7-8aff-0a9367598152-SegmentedRaftLogWorker:Storage Directory /workdir/hadoop-ozone/integration-test/target/test-dir/MiniOzoneClusterImpl-8d4b26b1-34eb-45e8-b83f-edf1f00bc316/datanode-1/data/ratis/7b45bb2a-6f02-4803-9f71-b2faecef5e9e: created new log segment /workdir/hadoop-ozone/integration-test/target/test-dir/MiniOzoneClusterImpl-8d4b26b1-34eb-45e8-b83f-edf1f00bc316/datanode-1/data/ratis/7b45bb2a-6f02-4803-9f71-b2faecef5e9e/current/log_inprogress_0
2019-08-29 09:37:46,537 [Thread-750] INFO  impl.FollowerState (FollowerState.java:run(106)) - c6f9d398-2eae-4a63-879f-a1d1bc55d1b3:group-3E314FC7B474 changes to CANDIDATE, lastRpcTime:5148, electionTimeout:5148ms
2019-08-29 09:37:46,537 [Thread-750] INFO  impl.RoleInfo (RoleInfo.java:shutdownFollowerState(121)) - c6f9d398-2eae-4a63-879f-a1d1bc55d1b3: shutdown FollowerState
2019-08-29 09:37:46,537 [Thread-750] INFO  impl.RaftServerImpl (RaftServerImpl.java:setRole(171)) - c6f9d398-2eae-4a63-879f-a1d1bc55d1b3:group-3E314FC7B474 changes role from FOLLOWER to CANDIDATE at term 0 for changeToCandidate
2019-08-29 09:37:46,537 [Thread-750] INFO  impl.RoleInfo (RoleInfo.java:updateAndGet(143)) - c6f9d398-2eae-4a63-879f-a1d1bc55d1b3: start LeaderElection
2019-08-29 09:37:46,548 [73941da8-7b3a-43e7-8aff-0a9367598152:group-42F22E341F84:LeaderElection20] INFO  impl.LeaderElection (LeaderElection.java:askForVotes(181)) - 73941da8-7b3a-43e7-8aff-0a9367598152:group-42F22E341F84:LeaderElection20: begin an election at term 1 for -1: [73941da8-7b3a-43e7-8aff-0a9367598152:192.168.69.87:35513, c6f9d398-2eae-4a63-879f-a1d1bc55d1b3:192.168.69.87:43466, 44638b28-be06-4149-9a11-87ab58c8e022:192.168.69.87:35910], old=null
2019-08-29 09:37:46,555 [grpc-default-executor-0] INFO  impl.RaftServerImpl (RaftServerImpl.java:setRole(171)) - c6f9d398-2eae-4a63-879f-a1d1bc55d1b3:group-42F22E341F84 changes role from FOLLOWER to FOLLOWER at term 1 for recognizeCandidate:73941da8-7b3a-43e7-8aff-0a9367598152
2019-08-29 09:37:46,555 [grpc-default-executor-4] INFO  impl.RaftServerImpl (RaftServerImpl.java:setRole(171)) - 44638b28-be06-4149-9a11-87ab58c8e022:group-42F22E341F84 changes role from FOLLOWER to FOLLOWER at term 1 for recognizeCandidate:73941da8-7b3a-43e7-8aff-0a9367598152
2019-08-29 09:37:46,556 [grpc-default-executor-0] INFO  impl.RoleInfo (RoleInfo.java:shutdownFollowerState(121)) - c6f9d398-2eae-4a63-879f-a1d1bc55d1b3: shutdown FollowerState
2019-08-29 09:37:46,556 [grpc-default-executor-4] INFO  impl.RoleInfo (RoleInfo.java:shutdownFollowerState(121)) - 44638b28-be06-4149-9a11-87ab58c8e022: shutdown FollowerState
2019-08-29 09:37:46,556 [Thread-757] INFO  impl.FollowerState (FollowerState.java:run(114)) - c6f9d398-2eae-4a63-879f-a1d1bc55d1b3: FollowerState was interrupted: java.lang.InterruptedException: sleep interrupted
2019-08-29 09:37:46,556 [Thread-758] INFO  impl.FollowerState (FollowerState.java:run(114)) - 44638b28-be06-4149-9a11-87ab58c8e022: FollowerState was interrupted: java.lang.InterruptedException: sleep interrupted
2019-08-29 09:37:46,556 [grpc-default-executor-0] INFO  impl.RoleInfo (RoleInfo.java:updateAndGet(143)) - c6f9d398-2eae-4a63-879f-a1d1bc55d1b3: start FollowerState
2019-08-29 09:37:46,556 [grpc-default-executor-4] INFO  impl.RoleInfo (RoleInfo.java:updateAndGet(143)) - 44638b28-be06-4149-9a11-87ab58c8e022: start FollowerState
2019-08-29 09:37:46,582 [c6f9d398-2eae-4a63-879f-a1d1bc55d1b3:group-3E314FC7B474:LeaderElection21] INFO  impl.LeaderElection (LeaderElection.java:askForVotes(181)) - c6f9d398-2eae-4a63-879f-a1d1bc55d1b3:group-3E314FC7B474:LeaderElection21: begin an election at term 1 for -1: [c6f9d398-2eae-4a63-879f-a1d1bc55d1b3:192.168.69.87:43466], old=null
2019-08-29 09:37:46,583 [c6f9d398-2eae-4a63-879f-a1d1bc55d1b3:group-3E314FC7B474:LeaderElection21] INFO  impl.RoleInfo (RoleInfo.java:shutdownLeaderElection(134)) - c6f9d398-2eae-4a63-879f-a1d1bc55d1b3: shutdown LeaderElection
2019-08-29 09:37:46,583 [c6f9d398-2eae-4a63-879f-a1d1bc55d1b3:group-3E314FC7B474:LeaderElection21] INFO  impl.RaftServerImpl (RaftServerImpl.java:setRole(171)) - c6f9d398-2eae-4a63-879f-a1d1bc55d1b3:group-3E314FC7B474 changes role from CANDIDATE to LEADER at term 1 for changeToLeader
2019-08-29 09:37:46,583 [c6f9d398-2eae-4a63-879f-a1d1bc55d1b3:group-3E314FC7B474:LeaderElection21] INFO  impl.RaftServerImpl (ServerState.java:setLeader(263)) - c6f9d398-2eae-4a63-879f-a1d1bc55d1b3:group-3E314FC7B474 change Leader from null to c6f9d398-2eae-4a63-879f-a1d1bc55d1b3 at term 1 for becomeLeader, leader elected after 5198ms
2019-08-29 09:37:46,591 [c6f9d398-2eae-4a63-879f-a1d1bc55d1b3:group-3E314FC7B474:LeaderElection21] INFO  server.RaftServerConfigKeys (ConfUtils.java:logGet(43)) - raft.server.staging.catchup.gap = 1000 (default)
2019-08-29 09:37:46,591 [c6f9d398-2eae-4a63-879f-a1d1bc55d1b3:group-3E314FC7B474:LeaderElection21] INFO  server.RaftServerConfigKeys (ConfUtils.java:logGet(43)) - raft.server.rpc.sleep.time = 25ms (default)
2019-08-29 09:37:46,591 [c6f9d398-2eae-4a63-879f-a1d1bc55d1b3:group-3E314FC7B474:LeaderElection21] INFO  server.RaftServerConfigKeys (ConfUtils.java:logGet(43)) - raft.server.write.element-limit = 4096 (default)
2019-08-29 09:37:46,592 [c6f9d398-2eae-4a63-879f-a1d1bc55d1b3:group-3E314FC7B474:LeaderElection21] INFO  server.RaftServerConfigKeys (ConfUtils.java:logGet(43)) - raft.server.watch.timeout = 10s (default)
2019-08-29 09:37:46,592 [c6f9d398-2eae-4a63-879f-a1d1bc55d1b3:group-3E314FC7B474:LeaderElection21] INFO  server.RaftServerConfigKeys (ConfUtils.java:logGet(43)) - raft.server.watch.timeout.denomination = 1s (default)
2019-08-29 09:37:46,592 [c6f9d398-2eae-4a63-879f-a1d1bc55d1b3:group-3E314FC7B474:LeaderElection21] INFO  server.RaftServerConfigKeys (ConfUtils.java:logGet(43)) - raft.server.watch.element-limit = 65536 (default)
2019-08-29 09:37:46,592 [c6f9d398-2eae-4a63-879f-a1d1bc55d1b3:group-3E314FC7B474:LeaderElection21] INFO  impl.RoleInfo (RoleInfo.java:updateAndGet(143)) - c6f9d398-2eae-4a63-879f-a1d1bc55d1b3: start LeaderState
2019-08-29 09:37:46,592 [c6f9d398-2eae-4a63-879f-a1d1bc55d1b3:group-3E314FC7B474:LeaderElection21] INFO  segmented.SegmentedRaftLogWorker (SegmentedRaftLogWorker.java:startLogSegment(380)) - c6f9d398-2eae-4a63-879f-a1d1bc55d1b3-SegmentedRaftLogWorker:Storage Directory /workdir/hadoop-ozone/integration-test/target/test-dir/MiniOzoneClusterImpl-8d4b26b1-34eb-45e8-b83f-edf1f00bc316/datanode-2/data/ratis/443e555e-0492-4289-9882-3e314fc7b474: Starting segment from index:0
2019-08-29 09:37:46,593 [73941da8-7b3a-43e7-8aff-0a9367598152:group-42F22E341F84:LeaderElection20] INFO  impl.LeaderElection (LeaderElection.java:logAndReturn(56)) - 73941da8-7b3a-43e7-8aff-0a9367598152:group-42F22E341F84:LeaderElection20: Election PASSED; received 1 response(s) [73941da8-7b3a-43e7-8aff-0a9367598152<-c6f9d398-2eae-4a63-879f-a1d1bc55d1b3#0:OK-t1] and 0 exception(s); 73941da8-7b3a-43e7-8aff-0a9367598152:t1, leader=null, voted=73941da8-7b3a-43e7-8aff-0a9367598152, raftlog=73941da8-7b3a-43e7-8aff-0a9367598152-SegmentedRaftLog:OPENED:c-1,f-1,i0, conf=-1: [73941da8-7b3a-43e7-8aff-0a9367598152:192.168.69.87:35513, c6f9d398-2eae-4a63-879f-a1d1bc55d1b3:192.168.69.87:43466, 44638b28-be06-4149-9a11-87ab58c8e022:192.168.69.87:35910], old=null
2019-08-29 09:37:46,593 [c6f9d398-2eae-4a63-879f-a1d1bc55d1b3:group-3E314FC7B474:LeaderElection21] INFO  impl.RaftServerImpl (ServerState.java:setRaftConf(361)) - c6f9d398-2eae-4a63-879f-a1d1bc55d1b3:group-3E314FC7B474 set configuration 0: [c6f9d398-2eae-4a63-879f-a1d1bc55d1b3:192.168.69.87:43466], old=null at 0
2019-08-29 09:37:46,596 | INFO  | SCMAudit | user=jenkins1000 | ip=192.168.69.87 | op=SEND_HEARTBEAT {datanodeUUID=c8986603-afcd-4cf8-afcf-c6b45c0b43cc, command=[]} | ret=SUCCESS |  
2019-08-29 09:37:46,596 [73941da8-7b3a-43e7-8aff-0a9367598152:group-42F22E341F84:LeaderElection20] INFO  impl.RoleInfo (RoleInfo.java:shutdownLeaderElection(134)) - 73941da8-7b3a-43e7-8aff-0a9367598152: shutdown LeaderElection
2019-08-29 09:37:46,629 [73941da8-7b3a-43e7-8aff-0a9367598152:group-42F22E341F84:LeaderElection20] INFO  impl.RaftServerImpl (RaftServerImpl.java:setRole(171)) - 73941da8-7b3a-43e7-8aff-0a9367598152:group-42F22E341F84 changes role from CANDIDATE to LEADER at term 1 for changeToLeader
2019-08-29 09:37:46,629 [73941da8-7b3a-43e7-8aff-0a9367598152:group-42F22E341F84:LeaderElection20] INFO  impl.RaftServerImpl (ServerState.java:setLeader(263)) - 73941da8-7b3a-43e7-8aff-0a9367598152:group-42F22E341F84 change Leader from null to 73941da8-7b3a-43e7-8aff-0a9367598152 at term 1 for becomeLeader, leader elected after 5147ms
2019-08-29 09:37:46,629 [73941da8-7b3a-43e7-8aff-0a9367598152:group-42F22E341F84:LeaderElection20] INFO  server.RaftServerConfigKeys (ConfUtils.java:logGet(43)) - raft.server.staging.catchup.gap = 1000 (default)
2019-08-29 09:37:46,629 [73941da8-7b3a-43e7-8aff-0a9367598152:group-42F22E341F84:LeaderElection20] INFO  server.RaftServerConfigKeys (ConfUtils.java:logGet(43)) - raft.server.rpc.sleep.time = 25ms (default)
2019-08-29 09:37:46,630 [73941da8-7b3a-43e7-8aff-0a9367598152:group-42F22E341F84:LeaderElection20] INFO  server.RaftServerConfigKeys (ConfUtils.java:logGet(43)) - raft.server.write.element-limit = 4096 (default)
2019-08-29 09:37:46,630 [73941da8-7b3a-43e7-8aff-0a9367598152:group-42F22E341F84:LeaderElection20] INFO  server.RaftServerConfigKeys (ConfUtils.java:logGet(43)) - raft.server.watch.timeout = 10s (default)
2019-08-29 09:37:46,630 [73941da8-7b3a-43e7-8aff-0a9367598152:group-42F22E341F84:LeaderElection20] INFO  server.RaftServerConfigKeys (ConfUtils.java:logGet(43)) - raft.server.watch.timeout.denomination = 1s (default)
2019-08-29 09:37:46,630 [73941da8-7b3a-43e7-8aff-0a9367598152:group-42F22E341F84:LeaderElection20] INFO  server.RaftServerConfigKeys (ConfUtils.java:logGet(43)) - raft.server.watch.element-limit = 65536 (default)
2019-08-29 09:37:46,631 [73941da8-7b3a-43e7-8aff-0a9367598152:group-42F22E341F84:LeaderElection20] INFO  server.RaftServerConfigKeys (ConfUtils.java:logGet(43)) - raft.server.log.appender.snapshot.chunk.size.max = 16MB (=16777216) (default)
2019-08-29 09:37:46,631 [73941da8-7b3a-43e7-8aff-0a9367598152:group-42F22E341F84:LeaderElection20] INFO  server.RaftServerConfigKeys (ConfUtils.java:logGet(43)) - raft.server.log.appender.buffer.byte-limit = 33554432 (custom)
2019-08-29 09:37:46,631 [73941da8-7b3a-43e7-8aff-0a9367598152:group-42F22E341F84:LeaderElection20] INFO  server.RaftServerConfigKeys (ConfUtils.java:logGet(43)) - raft.server.log.appender.buffer.element-limit = 1 (custom)
2019-08-29 09:37:46,631 [73941da8-7b3a-43e7-8aff-0a9367598152:group-42F22E341F84:LeaderElection20] INFO  grpc.GrpcConfigKeys$Server (ConfUtils.java:logGet(43)) - raft.grpc.server.leader.outstanding.appends.max = 128 (default)
2019-08-29 09:37:46,632 [73941da8-7b3a-43e7-8aff-0a9367598152:group-42F22E341F84:LeaderElection20] INFO  server.RaftServerConfigKeys (ConfUtils.java:logGet(43)) - raft.server.rpc.request.timeout = 3000ms (default)
2019-08-29 09:37:46,632 [73941da8-7b3a-43e7-8aff-0a9367598152:group-42F22E341F84:LeaderElection20] INFO  server.RaftServerConfigKeys (ConfUtils.java:logGet(43)) - raft.server.log.appender.install.snapshot.enabled = false (custom)
2019-08-29 09:37:46,632 [73941da8-7b3a-43e7-8aff-0a9367598152:group-42F22E341F84:LeaderElection20] INFO  server.RaftServerConfigKeys (ConfUtils.java:logGet(43)) - raft.server.log.appender.snapshot.chunk.size.max = 16MB (=16777216) (default)
2019-08-29 09:37:46,632 [73941da8-7b3a-43e7-8aff-0a9367598152:group-42F22E341F84:LeaderElection20] INFO  server.RaftServerConfigKeys (ConfUtils.java:logGet(43)) - raft.server.log.appender.buffer.byte-limit = 33554432 (custom)
2019-08-29 09:37:46,632 [73941da8-7b3a-43e7-8aff-0a9367598152:group-42F22E341F84:LeaderElection20] INFO  server.RaftServerConfigKeys (ConfUtils.java:logGet(43)) - raft.server.log.appender.buffer.element-limit = 1 (custom)
2019-08-29 09:37:46,633 [73941da8-7b3a-43e7-8aff-0a9367598152:group-42F22E341F84:LeaderElection20] INFO  grpc.GrpcConfigKeys$Server (ConfUtils.java:logGet(43)) - raft.grpc.server.leader.outstanding.appends.max = 128 (default)
2019-08-29 09:37:46,633 [73941da8-7b3a-43e7-8aff-0a9367598152:group-42F22E341F84:LeaderElection20] INFO  server.RaftServerConfigKeys (ConfUtils.java:logGet(43)) - raft.server.rpc.request.timeout = 3000ms (default)
2019-08-29 09:37:46,633 [73941da8-7b3a-43e7-8aff-0a9367598152:group-42F22E341F84:LeaderElection20] INFO  server.RaftServerConfigKeys (ConfUtils.java:logGet(43)) - raft.server.log.appender.install.snapshot.enabled = false (custom)
2019-08-29 09:37:46,633 [73941da8-7b3a-43e7-8aff-0a9367598152:group-42F22E341F84:LeaderElection20] INFO  impl.RoleInfo (RoleInfo.java:updateAndGet(143)) - 73941da8-7b3a-43e7-8aff-0a9367598152: start LeaderState
2019-08-29 09:37:46,634 [73941da8-7b3a-43e7-8aff-0a9367598152:group-42F22E341F84:LeaderElection20] INFO  segmented.SegmentedRaftLogWorker (SegmentedRaftLogWorker.java:startLogSegment(380)) - 73941da8-7b3a-43e7-8aff-0a9367598152-SegmentedRaftLogWorker:Storage Directory /workdir/hadoop-ozone/integration-test/target/test-dir/MiniOzoneClusterImpl-8d4b26b1-34eb-45e8-b83f-edf1f00bc316/datanode-1/data/ratis/3065c512-b51a-4cdc-990b-42f22e341f84: Starting segment from index:0
2019-08-29 09:37:46,635 [73941da8-7b3a-43e7-8aff-0a9367598152:group-42F22E341F84:LeaderElection20] INFO  impl.RaftServerImpl (ServerState.java:setRaftConf(361)) - 73941da8-7b3a-43e7-8aff-0a9367598152:group-42F22E341F84 set configuration 0: [73941da8-7b3a-43e7-8aff-0a9367598152:192.168.69.87:35513, c6f9d398-2eae-4a63-879f-a1d1bc55d1b3:192.168.69.87:43466, 44638b28-be06-4149-9a11-87ab58c8e022:192.168.69.87:35910], old=null at 0
2019-08-29 09:37:46,643 [grpc-default-executor-0] INFO  impl.RaftServerImpl (ServerState.java:setLeader(263)) - 44638b28-be06-4149-9a11-87ab58c8e022:group-42F22E341F84 change Leader from null to 73941da8-7b3a-43e7-8aff-0a9367598152 at term 1 for appendEntries, leader elected after 5160ms
2019-08-29 09:37:46,680 [grpc-default-executor-4] INFO  impl.RaftServerImpl (ServerState.java:setLeader(263)) - c6f9d398-2eae-4a63-879f-a1d1bc55d1b3:group-42F22E341F84 change Leader from null to 73941da8-7b3a-43e7-8aff-0a9367598152 at term 1 for appendEntries, leader elected after 5197ms
2019-08-29 09:37:46,680 [c6f9d398-2eae-4a63-879f-a1d1bc55d1b3-SegmentedRaftLogWorker:Storage Directory /workdir/hadoop-ozone/integration-test/target/test-dir/MiniOzoneClusterImpl-8d4b26b1-34eb-45e8-b83f-edf1f00bc316/datanode-2/data/ratis/443e555e-0492-4289-9882-3e314fc7b474] INFO  segmented.SegmentedRaftLogWorker (SegmentedRaftLogWorker.java:execute(569)) - c6f9d398-2eae-4a63-879f-a1d1bc55d1b3-SegmentedRaftLogWorker:Storage Directory /workdir/hadoop-ozone/integration-test/target/test-dir/MiniOzoneClusterImpl-8d4b26b1-34eb-45e8-b83f-edf1f00bc316/datanode-2/data/ratis/443e555e-0492-4289-9882-3e314fc7b474: created new log segment /workdir/hadoop-ozone/integration-test/target/test-dir/MiniOzoneClusterImpl-8d4b26b1-34eb-45e8-b83f-edf1f00bc316/datanode-2/data/ratis/443e555e-0492-4289-9882-3e314fc7b474/current/log_inprogress_0
2019-08-29 09:37:46,682 | INFO  | SCMAudit | user=jenkins1000 | ip=192.168.69.87 | op=SEND_HEARTBEAT {datanodeUUID=31202bf3-e3ef-401b-98b9-369e6d4f3507, command=[]} | ret=SUCCESS |  
2019-08-29 09:37:46,684 [grpc-default-executor-4] INFO  impl.RaftServerImpl (ServerState.java:setRaftConf(361)) - 44638b28-be06-4149-9a11-87ab58c8e022:group-42F22E341F84 set configuration 0: [73941da8-7b3a-43e7-8aff-0a9367598152:192.168.69.87:35513, c6f9d398-2eae-4a63-879f-a1d1bc55d1b3:192.168.69.87:43466, 44638b28-be06-4149-9a11-87ab58c8e022:192.168.69.87:35910], old=null at 0
2019-08-29 09:37:46,684 [grpc-default-executor-0] INFO  impl.RaftServerImpl (ServerState.java:setRaftConf(361)) - c6f9d398-2eae-4a63-879f-a1d1bc55d1b3:group-42F22E341F84 set configuration 0: [73941da8-7b3a-43e7-8aff-0a9367598152:192.168.69.87:35513, c6f9d398-2eae-4a63-879f-a1d1bc55d1b3:192.168.69.87:43466, 44638b28-be06-4149-9a11-87ab58c8e022:192.168.69.87:35910], old=null at 0
2019-08-29 09:37:46,684 [grpc-default-executor-4] INFO  segmented.SegmentedRaftLogWorker (SegmentedRaftLogWorker.java:startLogSegment(380)) - 44638b28-be06-4149-9a11-87ab58c8e022-SegmentedRaftLogWorker:Storage Directory /workdir/hadoop-ozone/integration-test/target/test-dir/MiniOzoneClusterImpl-8d4b26b1-34eb-45e8-b83f-edf1f00bc316/datanode-0/data/ratis/3065c512-b51a-4cdc-990b-42f22e341f84: Starting segment from index:0
2019-08-29 09:37:46,684 [grpc-default-executor-0] INFO  segmented.SegmentedRaftLogWorker (SegmentedRaftLogWorker.java:startLogSegment(380)) - c6f9d398-2eae-4a63-879f-a1d1bc55d1b3-SegmentedRaftLogWorker:Storage Directory /workdir/hadoop-ozone/integration-test/target/test-dir/MiniOzoneClusterImpl-8d4b26b1-34eb-45e8-b83f-edf1f00bc316/datanode-2/data/ratis/3065c512-b51a-4cdc-990b-42f22e341f84: Starting segment from index:0
2019-08-29 09:37:46,700 [73941da8-7b3a-43e7-8aff-0a9367598152-SegmentedRaftLogWorker:Storage Directory /workdir/hadoop-ozone/integration-test/target/test-dir/MiniOzoneClusterImpl-8d4b26b1-34eb-45e8-b83f-edf1f00bc316/datanode-1/data/ratis/3065c512-b51a-4cdc-990b-42f22e341f84] INFO  segmented.SegmentedRaftLogWorker (SegmentedRaftLogWorker.java:execute(569)) - 73941da8-7b3a-43e7-8aff-0a9367598152-SegmentedRaftLogWorker:Storage Directory /workdir/hadoop-ozone/integration-test/target/test-dir/MiniOzoneClusterImpl-8d4b26b1-34eb-45e8-b83f-edf1f00bc316/datanode-1/data/ratis/3065c512-b51a-4cdc-990b-42f22e341f84: created new log segment /workdir/hadoop-ozone/integration-test/target/test-dir/MiniOzoneClusterImpl-8d4b26b1-34eb-45e8-b83f-edf1f00bc316/datanode-1/data/ratis/3065c512-b51a-4cdc-990b-42f22e341f84/current/log_inprogress_0
2019-08-29 09:37:46,751 [c6f9d398-2eae-4a63-879f-a1d1bc55d1b3-SegmentedRaftLogWorker:Storage Directory /workdir/hadoop-ozone/integration-test/target/test-dir/MiniOzoneClusterImpl-8d4b26b1-34eb-45e8-b83f-edf1f00bc316/datanode-2/data/ratis/3065c512-b51a-4cdc-990b-42f22e341f84] INFO  segmented.SegmentedRaftLogWorker (SegmentedRaftLogWorker.java:execute(569)) - c6f9d398-2eae-4a63-879f-a1d1bc55d1b3-SegmentedRaftLogWorker:Storage Directory /workdir/hadoop-ozone/integration-test/target/test-dir/MiniOzoneClusterImpl-8d4b26b1-34eb-45e8-b83f-edf1f00bc316/datanode-2/data/ratis/3065c512-b51a-4cdc-990b-42f22e341f84: created new log segment /workdir/hadoop-ozone/integration-test/target/test-dir/MiniOzoneClusterImpl-8d4b26b1-34eb-45e8-b83f-edf1f00bc316/datanode-2/data/ratis/3065c512-b51a-4cdc-990b-42f22e341f84/current/log_inprogress_0
2019-08-29 09:37:46,751 [44638b28-be06-4149-9a11-87ab58c8e022-SegmentedRaftLogWorker:Storage Directory /workdir/hadoop-ozone/integration-test/target/test-dir/MiniOzoneClusterImpl-8d4b26b1-34eb-45e8-b83f-edf1f00bc316/datanode-0/data/ratis/3065c512-b51a-4cdc-990b-42f22e341f84] INFO  segmented.SegmentedRaftLogWorker (SegmentedRaftLogWorker.java:execute(569)) - 44638b28-be06-4149-9a11-87ab58c8e022-SegmentedRaftLogWorker:Storage Directory /workdir/hadoop-ozone/integration-test/target/test-dir/MiniOzoneClusterImpl-8d4b26b1-34eb-45e8-b83f-edf1f00bc316/datanode-0/data/ratis/3065c512-b51a-4cdc-990b-42f22e341f84: created new log segment /workdir/hadoop-ozone/integration-test/target/test-dir/MiniOzoneClusterImpl-8d4b26b1-34eb-45e8-b83f-edf1f00bc316/datanode-0/data/ratis/3065c512-b51a-4cdc-990b-42f22e341f84/current/log_inprogress_0
2019-08-29 09:37:46,782 [Thread-762] INFO  impl.FollowerState (FollowerState.java:run(106)) - 129cf440-9aa6-4f56-b440-e84d0b76b9e5:group-F405A42019E2 changes to CANDIDATE, lastRpcTime:5188, electionTimeout:5188ms
2019-08-29 09:37:46,783 [Thread-762] INFO  impl.RoleInfo (RoleInfo.java:shutdownFollowerState(121)) - 129cf440-9aa6-4f56-b440-e84d0b76b9e5: shutdown FollowerState
2019-08-29 09:37:46,783 [Thread-762] INFO  impl.RaftServerImpl (RaftServerImpl.java:setRole(171)) - 129cf440-9aa6-4f56-b440-e84d0b76b9e5:group-F405A42019E2 changes role from FOLLOWER to CANDIDATE at term 0 for changeToCandidate
2019-08-29 09:37:46,783 [Thread-762] INFO  impl.RoleInfo (RoleInfo.java:updateAndGet(143)) - 129cf440-9aa6-4f56-b440-e84d0b76b9e5: start LeaderElection
2019-08-29 09:37:46,818 [129cf440-9aa6-4f56-b440-e84d0b76b9e5:group-F405A42019E2:LeaderElection22] INFO  impl.LeaderElection (LeaderElection.java:askForVotes(181)) - 129cf440-9aa6-4f56-b440-e84d0b76b9e5:group-F405A42019E2:LeaderElection22: begin an election at term 1 for -1: [129cf440-9aa6-4f56-b440-e84d0b76b9e5:192.168.69.87:40781], old=null
2019-08-29 09:37:46,818 [129cf440-9aa6-4f56-b440-e84d0b76b9e5:group-F405A42019E2:LeaderElection22] INFO  impl.RoleInfo (RoleInfo.java:shutdownLeaderElection(134)) - 129cf440-9aa6-4f56-b440-e84d0b76b9e5: shutdown LeaderElection
2019-08-29 09:37:46,819 [129cf440-9aa6-4f56-b440-e84d0b76b9e5:group-F405A42019E2:LeaderElection22] INFO  impl.RaftServerImpl (RaftServerImpl.java:setRole(171)) - 129cf440-9aa6-4f56-b440-e84d0b76b9e5:group-F405A42019E2 changes role from CANDIDATE to LEADER at term 1 for changeToLeader
2019-08-29 09:37:46,819 [129cf440-9aa6-4f56-b440-e84d0b76b9e5:group-F405A42019E2:LeaderElection22] INFO  impl.RaftServerImpl (ServerState.java:setLeader(263)) - 129cf440-9aa6-4f56-b440-e84d0b76b9e5:group-F405A42019E2 change Leader from null to 129cf440-9aa6-4f56-b440-e84d0b76b9e5 at term 1 for becomeLeader, leader elected after 5228ms
2019-08-29 09:37:46,821 [129cf440-9aa6-4f56-b440-e84d0b76b9e5:group-F405A42019E2:LeaderElection22] INFO  server.RaftServerConfigKeys (ConfUtils.java:logGet(43)) - raft.server.staging.catchup.gap = 1000 (default)
2019-08-29 09:37:46,821 [Thread-773] INFO  impl.FollowerState (FollowerState.java:run(106)) - 7a2e5536-d576-4bf3-9dec-9e4177d66979:group-469E11588AA2 changes to CANDIDATE, lastRpcTime:5006, electionTimeout:5005ms
2019-08-29 09:37:46,821 [129cf440-9aa6-4f56-b440-e84d0b76b9e5:group-F405A42019E2:LeaderElection22] INFO  server.RaftServerConfigKeys (ConfUtils.java:logGet(43)) - raft.server.rpc.sleep.time = 25ms (default)
2019-08-29 09:37:46,821 [Thread-773] INFO  impl.RoleInfo (RoleInfo.java:shutdownFollowerState(121)) - 7a2e5536-d576-4bf3-9dec-9e4177d66979: shutdown FollowerState
2019-08-29 09:37:46,821 [129cf440-9aa6-4f56-b440-e84d0b76b9e5:group-F405A42019E2:LeaderElection22] INFO  server.RaftServerConfigKeys (ConfUtils.java:logGet(43)) - raft.server.write.element-limit = 4096 (default)
2019-08-29 09:37:46,822 [Thread-773] INFO  impl.RaftServerImpl (RaftServerImpl.java:setRole(171)) - 7a2e5536-d576-4bf3-9dec-9e4177d66979:group-469E11588AA2 changes role from FOLLOWER to CANDIDATE at term 0 for changeToCandidate
2019-08-29 09:37:46,822 [129cf440-9aa6-4f56-b440-e84d0b76b9e5:group-F405A42019E2:LeaderElection22] INFO  server.RaftServerConfigKeys (ConfUtils.java:logGet(43)) - raft.server.watch.timeout = 10s (default)
2019-08-29 09:37:46,822 [Thread-773] INFO  impl.RoleInfo (RoleInfo.java:updateAndGet(143)) - 7a2e5536-d576-4bf3-9dec-9e4177d66979: start LeaderElection
2019-08-29 09:37:46,822 [129cf440-9aa6-4f56-b440-e84d0b76b9e5:group-F405A42019E2:LeaderElection22] INFO  server.RaftServerConfigKeys (ConfUtils.java:logGet(43)) - raft.server.watch.timeout.denomination = 1s (default)
2019-08-29 09:37:46,822 [129cf440-9aa6-4f56-b440-e84d0b76b9e5:group-F405A42019E2:LeaderElection22] INFO  server.RaftServerConfigKeys (ConfUtils.java:logGet(43)) - raft.server.watch.element-limit = 65536 (default)
2019-08-29 09:37:46,826 [129cf440-9aa6-4f56-b440-e84d0b76b9e5:group-F405A42019E2:LeaderElection22] INFO  impl.RoleInfo (RoleInfo.java:updateAndGet(143)) - 129cf440-9aa6-4f56-b440-e84d0b76b9e5: start LeaderState
2019-08-29 09:37:46,827 [129cf440-9aa6-4f56-b440-e84d0b76b9e5:group-F405A42019E2:LeaderElection22] INFO  segmented.SegmentedRaftLogWorker (SegmentedRaftLogWorker.java:startLogSegment(380)) - 129cf440-9aa6-4f56-b440-e84d0b76b9e5-SegmentedRaftLogWorker:Storage Directory /workdir/hadoop-ozone/integration-test/target/test-dir/MiniOzoneClusterImpl-8d4b26b1-34eb-45e8-b83f-edf1f00bc316/datanode-3/data/ratis/70aec9db-4698-4652-b29a-f405a42019e2: Starting segment from index:0
2019-08-29 09:37:46,827 [129cf440-9aa6-4f56-b440-e84d0b76b9e5:group-F405A42019E2:LeaderElection22] INFO  impl.RaftServerImpl (ServerState.java:setRaftConf(361)) - 129cf440-9aa6-4f56-b440-e84d0b76b9e5:group-F405A42019E2 set configuration 0: [129cf440-9aa6-4f56-b440-e84d0b76b9e5:192.168.69.87:40781], old=null at 0
2019-08-29 09:37:46,861 [Thread-765] INFO  impl.FollowerState (FollowerState.java:run(106)) - c8986603-afcd-4cf8-afcf-c6b45c0b43cc:group-7FD0E6C08BE2 changes to CANDIDATE, lastRpcTime:5196, electionTimeout:5181ms
2019-08-29 09:37:46,862 [Thread-765] INFO  impl.RoleInfo (RoleInfo.java:shutdownFollowerState(121)) - c8986603-afcd-4cf8-afcf-c6b45c0b43cc: shutdown FollowerState
2019-08-29 09:37:46,862 [7a2e5536-d576-4bf3-9dec-9e4177d66979:group-469E11588AA2:LeaderElection23] INFO  impl.LeaderElection (LeaderElection.java:askForVotes(181)) - 7a2e5536-d576-4bf3-9dec-9e4177d66979:group-469E11588AA2:LeaderElection23: begin an election at term 1 for -1: [7a2e5536-d576-4bf3-9dec-9e4177d66979:192.168.69.87:35893], old=null
2019-08-29 09:37:46,862 [Thread-765] INFO  impl.RaftServerImpl (RaftServerImpl.java:setRole(171)) - c8986603-afcd-4cf8-afcf-c6b45c0b43cc:group-7FD0E6C08BE2 changes role from FOLLOWER to CANDIDATE at term 0 for changeToCandidate
2019-08-29 09:37:46,862 [7a2e5536-d576-4bf3-9dec-9e4177d66979:group-469E11588AA2:LeaderElection23] INFO  impl.RoleInfo (RoleInfo.java:shutdownLeaderElection(134)) - 7a2e5536-d576-4bf3-9dec-9e4177d66979: shutdown LeaderElection
2019-08-29 09:37:46,862 [Thread-765] INFO  impl.RoleInfo (RoleInfo.java:updateAndGet(143)) - c8986603-afcd-4cf8-afcf-c6b45c0b43cc: start LeaderElection
2019-08-29 09:37:46,862 [7a2e5536-d576-4bf3-9dec-9e4177d66979:group-469E11588AA2:LeaderElection23] INFO  impl.RaftServerImpl (RaftServerImpl.java:setRole(171)) - 7a2e5536-d576-4bf3-9dec-9e4177d66979:group-469E11588AA2 changes role from CANDIDATE to LEADER at term 1 for changeToLeader
2019-08-29 09:37:46,862 [7a2e5536-d576-4bf3-9dec-9e4177d66979:group-469E11588AA2:LeaderElection23] INFO  impl.RaftServerImpl (ServerState.java:setLeader(263)) - 7a2e5536-d576-4bf3-9dec-9e4177d66979:group-469E11588AA2 change Leader from null to 7a2e5536-d576-4bf3-9dec-9e4177d66979 at term 1 for becomeLeader, leader elected after 5060ms
2019-08-29 09:37:46,866 [7a2e5536-d576-4bf3-9dec-9e4177d66979:group-469E11588AA2:LeaderElection23] INFO  server.RaftServerConfigKeys (ConfUtils.java:logGet(43)) - raft.server.staging.catchup.gap = 1000 (default)
2019-08-29 09:37:46,869 [7a2e5536-d576-4bf3-9dec-9e4177d66979:group-469E11588AA2:LeaderElection23] INFO  server.RaftServerConfigKeys (ConfUtils.java:logGet(43)) - raft.server.rpc.sleep.time = 25ms (default)
2019-08-29 09:37:46,869 [7a2e5536-d576-4bf3-9dec-9e4177d66979:group-469E11588AA2:LeaderElection23] INFO  server.RaftServerConfigKeys (ConfUtils.java:logGet(43)) - raft.server.write.element-limit = 4096 (default)
2019-08-29 09:37:46,869 [7a2e5536-d576-4bf3-9dec-9e4177d66979:group-469E11588AA2:LeaderElection23] INFO  server.RaftServerConfigKeys (ConfUtils.java:logGet(43)) - raft.server.watch.timeout = 10s (default)
2019-08-29 09:37:46,869 [7a2e5536-d576-4bf3-9dec-9e4177d66979:group-469E11588AA2:LeaderElection23] INFO  server.RaftServerConfigKeys (ConfUtils.java:logGet(43)) - raft.server.watch.timeout.denomination = 1s (default)
2019-08-29 09:37:46,869 [7a2e5536-d576-4bf3-9dec-9e4177d66979:group-469E11588AA2:LeaderElection23] INFO  server.RaftServerConfigKeys (ConfUtils.java:logGet(43)) - raft.server.watch.element-limit = 65536 (default)
2019-08-29 09:37:46,869 [7a2e5536-d576-4bf3-9dec-9e4177d66979:group-469E11588AA2:LeaderElection23] INFO  impl.RoleInfo (RoleInfo.java:updateAndGet(143)) - 7a2e5536-d576-4bf3-9dec-9e4177d66979: start LeaderState
2019-08-29 09:37:46,870 [7a2e5536-d576-4bf3-9dec-9e4177d66979:group-469E11588AA2:LeaderElection23] INFO  segmented.SegmentedRaftLogWorker (SegmentedRaftLogWorker.java:startLogSegment(380)) - 7a2e5536-d576-4bf3-9dec-9e4177d66979-SegmentedRaftLogWorker:Storage Directory /workdir/hadoop-ozone/integration-test/target/test-dir/MiniOzoneClusterImpl-8d4b26b1-34eb-45e8-b83f-edf1f00bc316/datanode-4/data/ratis/89374ca0-fc40-44a4-b8c1-469e11588aa2: Starting segment from index:0
2019-08-29 09:37:46,870 [7a2e5536-d576-4bf3-9dec-9e4177d66979:group-469E11588AA2:LeaderElection23] INFO  impl.RaftServerImpl (ServerState.java:setRaftConf(361)) - 7a2e5536-d576-4bf3-9dec-9e4177d66979:group-469E11588AA2 set configuration 0: [7a2e5536-d576-4bf3-9dec-9e4177d66979:192.168.69.87:35893], old=null at 0
2019-08-29 09:37:46,906 [c8986603-afcd-4cf8-afcf-c6b45c0b43cc:group-7FD0E6C08BE2:LeaderElection24] INFO  impl.LeaderElection (LeaderElection.java:askForVotes(181)) - c8986603-afcd-4cf8-afcf-c6b45c0b43cc:group-7FD0E6C08BE2:LeaderElection24: begin an election at term 1 for -1: [c8986603-afcd-4cf8-afcf-c6b45c0b43cc:192.168.69.87:46863], old=null
2019-08-29 09:37:46,906 [c8986603-afcd-4cf8-afcf-c6b45c0b43cc:group-7FD0E6C08BE2:LeaderElection24] INFO  impl.RoleInfo (RoleInfo.java:shutdownLeaderElection(134)) - c8986603-afcd-4cf8-afcf-c6b45c0b43cc: shutdown LeaderElection
2019-08-29 09:37:46,906 [c8986603-afcd-4cf8-afcf-c6b45c0b43cc:group-7FD0E6C08BE2:LeaderElection24] INFO  impl.RaftServerImpl (RaftServerImpl.java:setRole(171)) - c8986603-afcd-4cf8-afcf-c6b45c0b43cc:group-7FD0E6C08BE2 changes role from CANDIDATE to LEADER at term 1 for changeToLeader
2019-08-29 09:37:46,906 [c8986603-afcd-4cf8-afcf-c6b45c0b43cc:group-7FD0E6C08BE2:LeaderElection24] INFO  impl.RaftServerImpl (ServerState.java:setLeader(263)) - c8986603-afcd-4cf8-afcf-c6b45c0b43cc:group-7FD0E6C08BE2 change Leader from null to c8986603-afcd-4cf8-afcf-c6b45c0b43cc at term 1 for becomeLeader, leader elected after 5245ms
2019-08-29 09:37:46,909 [c8986603-afcd-4cf8-afcf-c6b45c0b43cc:group-7FD0E6C08BE2:LeaderElection24] INFO  server.RaftServerConfigKeys (ConfUtils.java:logGet(43)) - raft.server.staging.catchup.gap = 1000 (default)
2019-08-29 09:37:46,909 [c8986603-afcd-4cf8-afcf-c6b45c0b43cc:group-7FD0E6C08BE2:LeaderElection24] INFO  server.RaftServerConfigKeys (ConfUtils.java:logGet(43)) - raft.server.rpc.sleep.time = 25ms (default)
2019-08-29 09:37:46,910 [c8986603-afcd-4cf8-afcf-c6b45c0b43cc:group-7FD0E6C08BE2:LeaderElection24] INFO  server.RaftServerConfigKeys (ConfUtils.java:logGet(43)) - raft.server.write.element-limit = 4096 (default)
2019-08-29 09:37:46,910 [c8986603-afcd-4cf8-afcf-c6b45c0b43cc:group-7FD0E6C08BE2:LeaderElection24] INFO  server.RaftServerConfigKeys (ConfUtils.java:logGet(43)) - raft.server.watch.timeout = 10s (default)
2019-08-29 09:37:46,910 [c8986603-afcd-4cf8-afcf-c6b45c0b43cc:group-7FD0E6C08BE2:LeaderElection24] INFO  server.RaftServerConfigKeys (ConfUtils.java:logGet(43)) - raft.server.watch.timeout.denomination = 1s (default)
2019-08-29 09:37:46,910 [c8986603-afcd-4cf8-afcf-c6b45c0b43cc:group-7FD0E6C08BE2:LeaderElection24] INFO  server.RaftServerConfigKeys (ConfUtils.java:logGet(43)) - raft.server.watch.element-limit = 65536 (default)
2019-08-29 09:37:46,910 [129cf440-9aa6-4f56-b440-e84d0b76b9e5-SegmentedRaftLogWorker:Storage Directory /workdir/hadoop-ozone/integration-test/target/test-dir/MiniOzoneClusterImpl-8d4b26b1-34eb-45e8-b83f-edf1f00bc316/datanode-3/data/ratis/70aec9db-4698-4652-b29a-f405a42019e2] INFO  segmented.SegmentedRaftLogWorker (SegmentedRaftLogWorker.java:execute(569)) - 129cf440-9aa6-4f56-b440-e84d0b76b9e5-SegmentedRaftLogWorker:Storage Directory /workdir/hadoop-ozone/integration-test/target/test-dir/MiniOzoneClusterImpl-8d4b26b1-34eb-45e8-b83f-edf1f00bc316/datanode-3/data/ratis/70aec9db-4698-4652-b29a-f405a42019e2: created new log segment /workdir/hadoop-ozone/integration-test/target/test-dir/MiniOzoneClusterImpl-8d4b26b1-34eb-45e8-b83f-edf1f00bc316/datanode-3/data/ratis/70aec9db-4698-4652-b29a-f405a42019e2/current/log_inprogress_0
2019-08-29 09:37:46,910 [c8986603-afcd-4cf8-afcf-c6b45c0b43cc:group-7FD0E6C08BE2:LeaderElection24] INFO  impl.RoleInfo (RoleInfo.java:updateAndGet(143)) - c8986603-afcd-4cf8-afcf-c6b45c0b43cc: start LeaderState
2019-08-29 09:37:46,911 [c8986603-afcd-4cf8-afcf-c6b45c0b43cc:group-7FD0E6C08BE2:LeaderElection24] INFO  segmented.SegmentedRaftLogWorker (SegmentedRaftLogWorker.java:startLogSegment(380)) - c8986603-afcd-4cf8-afcf-c6b45c0b43cc-SegmentedRaftLogWorker:Storage Directory /workdir/hadoop-ozone/integration-test/target/test-dir/MiniOzoneClusterImpl-8d4b26b1-34eb-45e8-b83f-edf1f00bc316/datanode-5/data/ratis/53074ead-eefe-4da2-b49b-7fd0e6c08be2: Starting segment from index:0
2019-08-29 09:37:46,911 [c8986603-afcd-4cf8-afcf-c6b45c0b43cc:group-7FD0E6C08BE2:LeaderElection24] INFO  impl.RaftServerImpl (ServerState.java:setRaftConf(361)) - c8986603-afcd-4cf8-afcf-c6b45c0b43cc:group-7FD0E6C08BE2 set configuration 0: [c8986603-afcd-4cf8-afcf-c6b45c0b43cc:192.168.69.87:46863], old=null at 0
2019-08-29 09:37:46,914 [Thread-770] INFO  impl.FollowerState (FollowerState.java:run(106)) - 31202bf3-e3ef-401b-98b9-369e6d4f3507:group-E5CDC7B6C10C changes to CANDIDATE, lastRpcTime:5182, electionTimeout:5182ms
2019-08-29 09:37:46,915 [Thread-770] INFO  impl.RoleInfo (RoleInfo.java:shutdownFollowerState(121)) - 31202bf3-e3ef-401b-98b9-369e6d4f3507: shutdown FollowerState
2019-08-29 09:37:46,915 [Thread-770] INFO  impl.RaftServerImpl (RaftServerImpl.java:setRole(171)) - 31202bf3-e3ef-401b-98b9-369e6d4f3507:group-E5CDC7B6C10C changes role from FOLLOWER to CANDIDATE at term 0 for changeToCandidate
2019-08-29 09:37:46,915 [Thread-770] INFO  impl.RoleInfo (RoleInfo.java:updateAndGet(143)) - 31202bf3-e3ef-401b-98b9-369e6d4f3507: start LeaderElection
2019-08-29 09:37:46,928 [7a2e5536-d576-4bf3-9dec-9e4177d66979-SegmentedRaftLogWorker:Storage Directory /workdir/hadoop-ozone/integration-test/target/test-dir/MiniOzoneClusterImpl-8d4b26b1-34eb-45e8-b83f-edf1f00bc316/datanode-4/data/ratis/89374ca0-fc40-44a4-b8c1-469e11588aa2] INFO  segmented.SegmentedRaftLogWorker (SegmentedRaftLogWorker.java:execute(569)) - 7a2e5536-d576-4bf3-9dec-9e4177d66979-SegmentedRaftLogWorker:Storage Directory /workdir/hadoop-ozone/integration-test/target/test-dir/MiniOzoneClusterImpl-8d4b26b1-34eb-45e8-b83f-edf1f00bc316/datanode-4/data/ratis/89374ca0-fc40-44a4-b8c1-469e11588aa2: created new log segment /workdir/hadoop-ozone/integration-test/target/test-dir/MiniOzoneClusterImpl-8d4b26b1-34eb-45e8-b83f-edf1f00bc316/datanode-4/data/ratis/89374ca0-fc40-44a4-b8c1-469e11588aa2/current/log_inprogress_0
2019-08-29 09:37:46,945 [31202bf3-e3ef-401b-98b9-369e6d4f3507:group-E5CDC7B6C10C:LeaderElection25] INFO  impl.LeaderElection (LeaderElection.java:askForVotes(181)) - 31202bf3-e3ef-401b-98b9-369e6d4f3507:group-E5CDC7B6C10C:LeaderElection25: begin an election at term 1 for -1: [31202bf3-e3ef-401b-98b9-369e6d4f3507:192.168.69.87:43586], old=null
2019-08-29 09:37:46,946 [31202bf3-e3ef-401b-98b9-369e6d4f3507:group-E5CDC7B6C10C:LeaderElection25] INFO  impl.RoleInfo (RoleInfo.java:shutdownLeaderElection(134)) - 31202bf3-e3ef-401b-98b9-369e6d4f3507: shutdown LeaderElection
2019-08-29 09:37:46,946 [31202bf3-e3ef-401b-98b9-369e6d4f3507:group-E5CDC7B6C10C:LeaderElection25] INFO  impl.RaftServerImpl (RaftServerImpl.java:setRole(171)) - 31202bf3-e3ef-401b-98b9-369e6d4f3507:group-E5CDC7B6C10C changes role from CANDIDATE to LEADER at term 1 for changeToLeader
2019-08-29 09:37:46,946 [31202bf3-e3ef-401b-98b9-369e6d4f3507:group-E5CDC7B6C10C:LeaderElection25] INFO  impl.RaftServerImpl (ServerState.java:setLeader(263)) - 31202bf3-e3ef-401b-98b9-369e6d4f3507:group-E5CDC7B6C10C change Leader from null to 31202bf3-e3ef-401b-98b9-369e6d4f3507 at term 1 for becomeLeader, leader elected after 5218ms
2019-08-29 09:37:46,953 [31202bf3-e3ef-401b-98b9-369e6d4f3507:group-E5CDC7B6C10C:LeaderElection25] INFO  server.RaftServerConfigKeys (ConfUtils.java:logGet(43)) - raft.server.staging.catchup.gap = 1000 (default)
2019-08-29 09:37:46,953 [31202bf3-e3ef-401b-98b9-369e6d4f3507:group-E5CDC7B6C10C:LeaderElection25] INFO  server.RaftServerConfigKeys (ConfUtils.java:logGet(43)) - raft.server.rpc.sleep.time = 25ms (default)
2019-08-29 09:37:46,954 [31202bf3-e3ef-401b-98b9-369e6d4f3507:group-E5CDC7B6C10C:LeaderElection25] INFO  server.RaftServerConfigKeys (ConfUtils.java:logGet(43)) - raft.server.write.element-limit = 4096 (default)
2019-08-29 09:37:46,954 [31202bf3-e3ef-401b-98b9-369e6d4f3507:group-E5CDC7B6C10C:LeaderElection25] INFO  server.RaftServerConfigKeys (ConfUtils.java:logGet(43)) - raft.server.watch.timeout = 10s (default)
2019-08-29 09:37:46,954 [31202bf3-e3ef-401b-98b9-369e6d4f3507:group-E5CDC7B6C10C:LeaderElection25] INFO  server.RaftServerConfigKeys (ConfUtils.java:logGet(43)) - raft.server.watch.timeout.denomination = 1s (default)
2019-08-29 09:37:46,954 [31202bf3-e3ef-401b-98b9-369e6d4f3507:group-E5CDC7B6C10C:LeaderElection25] INFO  server.RaftServerConfigKeys (ConfUtils.java:logGet(43)) - raft.server.watch.element-limit = 65536 (default)
2019-08-29 09:37:46,954 [31202bf3-e3ef-401b-98b9-369e6d4f3507:group-E5CDC7B6C10C:LeaderElection25] INFO  impl.RoleInfo (RoleInfo.java:updateAndGet(143)) - 31202bf3-e3ef-401b-98b9-369e6d4f3507: start LeaderState
2019-08-29 09:37:46,954 [31202bf3-e3ef-401b-98b9-369e6d4f3507:group-E5CDC7B6C10C:LeaderElection25] INFO  segmented.SegmentedRaftLogWorker (SegmentedRaftLogWorker.java:startLogSegment(380)) - 31202bf3-e3ef-401b-98b9-369e6d4f3507-SegmentedRaftLogWorker:Storage Directory /workdir/hadoop-ozone/integration-test/target/test-dir/MiniOzoneClusterImpl-8d4b26b1-34eb-45e8-b83f-edf1f00bc316/datanode-6/data/ratis/1d7d1579-ef8d-4ae8-8b18-e5cdc7b6c10c: Starting segment from index:0
2019-08-29 09:37:46,955 [31202bf3-e3ef-401b-98b9-369e6d4f3507:group-E5CDC7B6C10C:LeaderElection25] INFO  impl.RaftServerImpl (ServerState.java:setRaftConf(361)) - 31202bf3-e3ef-401b-98b9-369e6d4f3507:group-E5CDC7B6C10C set configuration 0: [31202bf3-e3ef-401b-98b9-369e6d4f3507:192.168.69.87:43586], old=null at 0
2019-08-29 09:37:46,984 [c8986603-afcd-4cf8-afcf-c6b45c0b43cc-SegmentedRaftLogWorker:Storage Directory /workdir/hadoop-ozone/integration-test/target/test-dir/MiniOzoneClusterImpl-8d4b26b1-34eb-45e8-b83f-edf1f00bc316/datanode-5/data/ratis/53074ead-eefe-4da2-b49b-7fd0e6c08be2] INFO  segmented.SegmentedRaftLogWorker (SegmentedRaftLogWorker.java:execute(569)) - c8986603-afcd-4cf8-afcf-c6b45c0b43cc-SegmentedRaftLogWorker:Storage Directory /workdir/hadoop-ozone/integration-test/target/test-dir/MiniOzoneClusterImpl-8d4b26b1-34eb-45e8-b83f-edf1f00bc316/datanode-5/data/ratis/53074ead-eefe-4da2-b49b-7fd0e6c08be2: created new log segment /workdir/hadoop-ozone/integration-test/target/test-dir/MiniOzoneClusterImpl-8d4b26b1-34eb-45e8-b83f-edf1f00bc316/datanode-5/data/ratis/53074ead-eefe-4da2-b49b-7fd0e6c08be2/current/log_inprogress_0
2019-08-29 09:37:46,996 [31202bf3-e3ef-401b-98b9-369e6d4f3507-SegmentedRaftLogWorker:Storage Directory /workdir/hadoop-ozone/integration-test/target/test-dir/MiniOzoneClusterImpl-8d4b26b1-34eb-45e8-b83f-edf1f00bc316/datanode-6/data/ratis/1d7d1579-ef8d-4ae8-8b18-e5cdc7b6c10c] INFO  segmented.SegmentedRaftLogWorker (SegmentedRaftLogWorker.java:execute(569)) - 31202bf3-e3ef-401b-98b9-369e6d4f3507-SegmentedRaftLogWorker:Storage Directory /workdir/hadoop-ozone/integration-test/target/test-dir/MiniOzoneClusterImpl-8d4b26b1-34eb-45e8-b83f-edf1f00bc316/datanode-6/data/ratis/1d7d1579-ef8d-4ae8-8b18-e5cdc7b6c10c: created new log segment /workdir/hadoop-ozone/integration-test/target/test-dir/MiniOzoneClusterImpl-8d4b26b1-34eb-45e8-b83f-edf1f00bc316/datanode-6/data/ratis/1d7d1579-ef8d-4ae8-8b18-e5cdc7b6c10c/current/log_inprogress_0
2019-08-29 09:37:47,038 [grpc-default-executor-4] INFO  client.GrpcClientProtocolClient (GrpcClientProtocolClient.java:onNext(255)) - client-ECF995498F0C->31202bf3-e3ef-401b-98b9-369e6d4f3507: receive RaftClientReply:client-ECF995498F0C->31202bf3-e3ef-401b-98b9-369e6d4f3507@group-7FC7981111D6, cid=42, FAILED org.apache.ratis.protocol.NotLeaderException: Server 31202bf3-e3ef-401b-98b9-369e6d4f3507 is not the leader (null). Request must be sent to leader., logIndex=0, commits[31202bf3-e3ef-401b-98b9-369e6d4f3507:c-1]
2019-08-29 09:37:47,072 [Thread-780] INFO  impl.FollowerState (FollowerState.java:run(106)) - 31202bf3-e3ef-401b-98b9-369e6d4f3507:group-7FC7981111D6 changes to CANDIDATE, lastRpcTime:5176, electionTimeout:5176ms
2019-08-29 09:37:47,072 [Thread-780] INFO  impl.RoleInfo (RoleInfo.java:shutdownFollowerState(121)) - 31202bf3-e3ef-401b-98b9-369e6d4f3507: shutdown FollowerState
2019-08-29 09:37:47,073 [Thread-780] INFO  impl.RaftServerImpl (RaftServerImpl.java:setRole(171)) - 31202bf3-e3ef-401b-98b9-369e6d4f3507:group-7FC7981111D6 changes role from FOLLOWER to CANDIDATE at term 0 for changeToCandidate
2019-08-29 09:37:47,073 [Thread-780] INFO  impl.RoleInfo (RoleInfo.java:updateAndGet(143)) - 31202bf3-e3ef-401b-98b9-369e6d4f3507: start LeaderElection
2019-08-29 09:37:47,078 [Thread-781] INFO  impl.FollowerState (FollowerState.java:run(106)) - 129cf440-9aa6-4f56-b440-e84d0b76b9e5:group-7FC7981111D6 changes to CANDIDATE, lastRpcTime:5182, electionTimeout:5182ms
2019-08-29 09:37:47,079 [Thread-781] INFO  impl.RoleInfo (RoleInfo.java:shutdownFollowerState(121)) - 129cf440-9aa6-4f56-b440-e84d0b76b9e5: shutdown FollowerState
2019-08-29 09:37:47,079 [Thread-781] INFO  impl.RaftServerImpl (RaftServerImpl.java:setRole(171)) - 129cf440-9aa6-4f56-b440-e84d0b76b9e5:group-7FC7981111D6 changes role from FOLLOWER to CANDIDATE at term 0 for changeToCandidate
2019-08-29 09:37:47,079 [Thread-781] INFO  impl.RoleInfo (RoleInfo.java:updateAndGet(143)) - 129cf440-9aa6-4f56-b440-e84d0b76b9e5: start LeaderElection
2019-08-29 09:37:47,084 [Thread-776] INFO  impl.FollowerState (FollowerState.java:run(106)) - c8986603-afcd-4cf8-afcf-c6b45c0b43cc:group-7FC7981111D6 changes to CANDIDATE, lastRpcTime:5191, electionTimeout:5191ms
2019-08-29 09:37:47,084 [Thread-776] INFO  impl.RoleInfo (RoleInfo.java:shutdownFollowerState(121)) - c8986603-afcd-4cf8-afcf-c6b45c0b43cc: shutdown FollowerState
2019-08-29 09:37:47,084 [Thread-776] INFO  impl.RaftServerImpl (RaftServerImpl.java:setRole(171)) - c8986603-afcd-4cf8-afcf-c6b45c0b43cc:group-7FC7981111D6 changes role from FOLLOWER to CANDIDATE at term 0 for changeToCandidate
2019-08-29 09:37:47,084 [Thread-776] INFO  impl.RoleInfo (RoleInfo.java:updateAndGet(143)) - c8986603-afcd-4cf8-afcf-c6b45c0b43cc: start LeaderElection
2019-08-29 09:37:47,105 [129cf440-9aa6-4f56-b440-e84d0b76b9e5:group-7FC7981111D6:LeaderElection27] INFO  impl.LeaderElection (LeaderElection.java:askForVotes(181)) - 129cf440-9aa6-4f56-b440-e84d0b76b9e5:group-7FC7981111D6:LeaderElection27: begin an election at term 1 for -1: [c8986603-afcd-4cf8-afcf-c6b45c0b43cc:192.168.69.87:46863, 129cf440-9aa6-4f56-b440-e84d0b76b9e5:192.168.69.87:40781, 31202bf3-e3ef-401b-98b9-369e6d4f3507:192.168.69.87:43586], old=null
2019-08-29 09:37:47,105 [c8986603-afcd-4cf8-afcf-c6b45c0b43cc:group-7FC7981111D6:LeaderElection28] INFO  impl.LeaderElection (LeaderElection.java:askForVotes(181)) - c8986603-afcd-4cf8-afcf-c6b45c0b43cc:group-7FC7981111D6:LeaderElection28: begin an election at term 1 for -1: [c8986603-afcd-4cf8-afcf-c6b45c0b43cc:192.168.69.87:46863, 129cf440-9aa6-4f56-b440-e84d0b76b9e5:192.168.69.87:40781, 31202bf3-e3ef-401b-98b9-369e6d4f3507:192.168.69.87:43586], old=null
2019-08-29 09:37:47,105 [31202bf3-e3ef-401b-98b9-369e6d4f3507:group-7FC7981111D6:LeaderElection26] INFO  impl.LeaderElection (LeaderElection.java:askForVotes(181)) - 31202bf3-e3ef-401b-98b9-369e6d4f3507:group-7FC7981111D6:LeaderElection26: begin an election at term 1 for -1: [c8986603-afcd-4cf8-afcf-c6b45c0b43cc:192.168.69.87:46863, 129cf440-9aa6-4f56-b440-e84d0b76b9e5:192.168.69.87:40781, 31202bf3-e3ef-401b-98b9-369e6d4f3507:192.168.69.87:43586], old=null
2019-08-29 09:37:47,113 [c8986603-afcd-4cf8-afcf-c6b45c0b43cc:group-7FC7981111D6:LeaderElection28] INFO  impl.LeaderElection (LeaderElection.java:logAndReturn(56)) - c8986603-afcd-4cf8-afcf-c6b45c0b43cc:group-7FC7981111D6:LeaderElection28: Election REJECTED; received 2 response(s) [c8986603-afcd-4cf8-afcf-c6b45c0b43cc<-129cf440-9aa6-4f56-b440-e84d0b76b9e5#0:FAIL-t1, c8986603-afcd-4cf8-afcf-c6b45c0b43cc<-31202bf3-e3ef-401b-98b9-369e6d4f3507#0:FAIL-t1] and 0 exception(s); c8986603-afcd-4cf8-afcf-c6b45c0b43cc:t1, leader=null, voted=c8986603-afcd-4cf8-afcf-c6b45c0b43cc, raftlog=c8986603-afcd-4cf8-afcf-c6b45c0b43cc-SegmentedRaftLog:OPENED:c-1,f-1,i0, conf=-1: [c8986603-afcd-4cf8-afcf-c6b45c0b43cc:192.168.69.87:46863, 129cf440-9aa6-4f56-b440-e84d0b76b9e5:192.168.69.87:40781, 31202bf3-e3ef-401b-98b9-369e6d4f3507:192.168.69.87:43586], old=null
2019-08-29 09:37:47,114 [c8986603-afcd-4cf8-afcf-c6b45c0b43cc:group-7FC7981111D6:LeaderElection28] INFO  impl.RaftServerImpl (RaftServerImpl.java:setRole(171)) - c8986603-afcd-4cf8-afcf-c6b45c0b43cc:group-7FC7981111D6 changes role from CANDIDATE to FOLLOWER at term 1 for DISCOVERED_A_NEW_TERM
2019-08-29 09:37:47,114 [c8986603-afcd-4cf8-afcf-c6b45c0b43cc:group-7FC7981111D6:LeaderElection28] INFO  impl.RoleInfo (RoleInfo.java:shutdownLeaderElection(134)) - c8986603-afcd-4cf8-afcf-c6b45c0b43cc: shutdown LeaderElection
2019-08-29 09:37:47,114 [c8986603-afcd-4cf8-afcf-c6b45c0b43cc:group-7FC7981111D6:LeaderElection28] INFO  impl.RoleInfo (RoleInfo.java:updateAndGet(143)) - c8986603-afcd-4cf8-afcf-c6b45c0b43cc: start FollowerState
2019-08-29 09:37:47,114 [129cf440-9aa6-4f56-b440-e84d0b76b9e5:group-7FC7981111D6:LeaderElection27] INFO  impl.LeaderElection (LeaderElection.java:logAndReturn(56)) - 129cf440-9aa6-4f56-b440-e84d0b76b9e5:group-7FC7981111D6:LeaderElection27: Election REJECTED; received 2 response(s) [129cf440-9aa6-4f56-b440-e84d0b76b9e5<-c8986603-afcd-4cf8-afcf-c6b45c0b43cc#0:FAIL-t1, 129cf440-9aa6-4f56-b440-e84d0b76b9e5<-31202bf3-e3ef-401b-98b9-369e6d4f3507#0:FAIL-t1] and 0 exception(s); 129cf440-9aa6-4f56-b440-e84d0b76b9e5:t1, leader=null, voted=129cf440-9aa6-4f56-b440-e84d0b76b9e5, raftlog=129cf440-9aa6-4f56-b440-e84d0b76b9e5-SegmentedRaftLog:OPENED:c-1,f-1,i0, conf=-1: [c8986603-afcd-4cf8-afcf-c6b45c0b43cc:192.168.69.87:46863, 129cf440-9aa6-4f56-b440-e84d0b76b9e5:192.168.69.87:40781, 31202bf3-e3ef-401b-98b9-369e6d4f3507:192.168.69.87:43586], old=null
2019-08-29 09:37:47,114 [129cf440-9aa6-4f56-b440-e84d0b76b9e5:group-7FC7981111D6:LeaderElection27] INFO  impl.RaftServerImpl (RaftServerImpl.java:setRole(171)) - 129cf440-9aa6-4f56-b440-e84d0b76b9e5:group-7FC7981111D6 changes role from CANDIDATE to FOLLOWER at term 1 for DISCOVERED_A_NEW_TERM
2019-08-29 09:37:47,114 [129cf440-9aa6-4f56-b440-e84d0b76b9e5:group-7FC7981111D6:LeaderElection27] INFO  impl.RoleInfo (RoleInfo.java:shutdownLeaderElection(134)) - 129cf440-9aa6-4f56-b440-e84d0b76b9e5: shutdown LeaderElection
2019-08-29 09:37:47,115 [129cf440-9aa6-4f56-b440-e84d0b76b9e5:group-7FC7981111D6:LeaderElection27] INFO  impl.RoleInfo (RoleInfo.java:updateAndGet(143)) - 129cf440-9aa6-4f56-b440-e84d0b76b9e5: start FollowerState
2019-08-29 09:37:47,115 [31202bf3-e3ef-401b-98b9-369e6d4f3507:group-7FC7981111D6:LeaderElection26] INFO  impl.LeaderElection (LeaderElection.java:logAndReturn(56)) - 31202bf3-e3ef-401b-98b9-369e6d4f3507:group-7FC7981111D6:LeaderElection26: Election REJECTED; received 2 response(s) [31202bf3-e3ef-401b-98b9-369e6d4f3507<-c8986603-afcd-4cf8-afcf-c6b45c0b43cc#0:FAIL-t1, 31202bf3-e3ef-401b-98b9-369e6d4f3507<-129cf440-9aa6-4f56-b440-e84d0b76b9e5#0:FAIL-t1] and 0 exception(s); 31202bf3-e3ef-401b-98b9-369e6d4f3507:t1, leader=null, voted=31202bf3-e3ef-401b-98b9-369e6d4f3507, raftlog=31202bf3-e3ef-401b-98b9-369e6d4f3507-SegmentedRaftLog:OPENED:c-1,f-1,i0, conf=-1: [c8986603-afcd-4cf8-afcf-c6b45c0b43cc:192.168.69.87:46863, 129cf440-9aa6-4f56-b440-e84d0b76b9e5:192.168.69.87:40781, 31202bf3-e3ef-401b-98b9-369e6d4f3507:192.168.69.87:43586], old=null
2019-08-29 09:37:47,115 [31202bf3-e3ef-401b-98b9-369e6d4f3507:group-7FC7981111D6:LeaderElection26] INFO  impl.RaftServerImpl (RaftServerImpl.java:setRole(171)) - 31202bf3-e3ef-401b-98b9-369e6d4f3507:group-7FC7981111D6 changes role from CANDIDATE to FOLLOWER at term 1 for DISCOVERED_A_NEW_TERM
2019-08-29 09:37:47,115 [31202bf3-e3ef-401b-98b9-369e6d4f3507:group-7FC7981111D6:LeaderElection26] INFO  impl.RoleInfo (RoleInfo.java:shutdownLeaderElection(134)) - 31202bf3-e3ef-401b-98b9-369e6d4f3507: shutdown LeaderElection
2019-08-29 09:37:47,115 [31202bf3-e3ef-401b-98b9-369e6d4f3507:group-7FC7981111D6:LeaderElection26] INFO  impl.RoleInfo (RoleInfo.java:updateAndGet(143)) - 31202bf3-e3ef-401b-98b9-369e6d4f3507: start FollowerState
2019-08-29 09:37:47,136 | INFO  | SCMAudit | user=jenkins1000 | ip=192.168.69.87 | op=SEND_HEARTBEAT {datanodeUUID=44638b28-be06-4149-9a11-87ab58c8e022, command=[]} | ret=SUCCESS |  
2019-08-29 09:37:47,235 | INFO  | SCMAudit | user=jenkins1000 | ip=192.168.69.87 | op=SEND_HEARTBEAT {datanodeUUID=73941da8-7b3a-43e7-8aff-0a9367598152, command=[]} | ret=SUCCESS |  
2019-08-29 09:37:47,325 | INFO  | SCMAudit | user=jenkins1000 | ip=192.168.69.87 | op=SEND_HEARTBEAT {datanodeUUID=c6f9d398-2eae-4a63-879f-a1d1bc55d1b3, command=[]} | ret=SUCCESS |  
2019-08-29 09:37:47,422 | INFO  | SCMAudit | user=jenkins1000 | ip=192.168.69.87 | op=SEND_HEARTBEAT {datanodeUUID=129cf440-9aa6-4f56-b440-e84d0b76b9e5, command=[]} | ret=SUCCESS |  
2019-08-29 09:37:47,516 | INFO  | SCMAudit | user=jenkins1000 | ip=192.168.69.87 | op=SEND_HEARTBEAT {datanodeUUID=7a2e5536-d576-4bf3-9dec-9e4177d66979, command=[]} | ret=SUCCESS |  
2019-08-29 09:37:47,592 | INFO  | SCMAudit | user=jenkins1000 | ip=192.168.69.87 | op=SEND_HEARTBEAT {datanodeUUID=c8986603-afcd-4cf8-afcf-c6b45c0b43cc, command=[]} | ret=SUCCESS |  
2019-08-29 09:37:47,680 | INFO  | SCMAudit | user=jenkins1000 | ip=192.168.69.87 | op=SEND_HEARTBEAT {datanodeUUID=31202bf3-e3ef-401b-98b9-369e6d4f3507, command=[]} | ret=SUCCESS |  
2019-08-29 09:37:48,056 [grpc-default-executor-3] INFO  client.GrpcClientProtocolClient (GrpcClientProtocolClient.java:onNext(255)) - client-ECF995498F0C->129cf440-9aa6-4f56-b440-e84d0b76b9e5: receive RaftClientReply:client-ECF995498F0C->129cf440-9aa6-4f56-b440-e84d0b76b9e5@group-7FC7981111D6, cid=42, FAILED org.apache.ratis.protocol.NotLeaderException: Server 129cf440-9aa6-4f56-b440-e84d0b76b9e5 is not the leader (null). Request must be sent to leader., logIndex=0, commits[129cf440-9aa6-4f56-b440-e84d0b76b9e5:c-1]
2019-08-29 09:37:48,135 | INFO  | SCMAudit | user=jenkins1000 | ip=192.168.69.87 | op=SEND_HEARTBEAT {datanodeUUID=44638b28-be06-4149-9a11-87ab58c8e022, command=[]} | ret=SUCCESS |  
2019-08-29 09:37:48,234 | INFO  | SCMAudit | user=jenkins1000 | ip=192.168.69.87 | op=SEND_HEARTBEAT {datanodeUUID=73941da8-7b3a-43e7-8aff-0a9367598152, command=[]} | ret=SUCCESS |  
2019-08-29 09:37:48,324 | INFO  | SCMAudit | user=jenkins1000 | ip=192.168.69.87 | op=SEND_HEARTBEAT {datanodeUUID=c6f9d398-2eae-4a63-879f-a1d1bc55d1b3, command=[]} | ret=SUCCESS |  
2019-08-29 09:37:48,421 | INFO  | SCMAudit | user=jenkins1000 | ip=192.168.69.87 | op=SEND_HEARTBEAT {datanodeUUID=129cf440-9aa6-4f56-b440-e84d0b76b9e5, command=[]} | ret=SUCCESS |  
2019-08-29 09:37:48,516 | INFO  | SCMAudit | user=jenkins1000 | ip=192.168.69.87 | op=SEND_HEARTBEAT {datanodeUUID=7a2e5536-d576-4bf3-9dec-9e4177d66979, command=[]} | ret=SUCCESS |  
2019-08-29 09:37:48,592 | INFO  | SCMAudit | user=jenkins1000 | ip=192.168.69.87 | op=SEND_HEARTBEAT {datanodeUUID=c8986603-afcd-4cf8-afcf-c6b45c0b43cc, command=[]} | ret=SUCCESS |  
2019-08-29 09:37:48,681 | INFO  | SCMAudit | user=jenkins1000 | ip=192.168.69.87 | op=SEND_HEARTBEAT {datanodeUUID=31202bf3-e3ef-401b-98b9-369e6d4f3507, command=[]} | ret=SUCCESS |  
2019-08-29 09:37:49,073 [grpc-default-executor-2] INFO  client.GrpcClientProtocolClient (GrpcClientProtocolClient.java:onNext(255)) - client-ECF995498F0C->c8986603-afcd-4cf8-afcf-c6b45c0b43cc: receive RaftClientReply:client-ECF995498F0C->c8986603-afcd-4cf8-afcf-c6b45c0b43cc@group-7FC7981111D6, cid=42, FAILED org.apache.ratis.protocol.NotLeaderException: Server c8986603-afcd-4cf8-afcf-c6b45c0b43cc is not the leader (null). Request must be sent to leader., logIndex=0, commits[c8986603-afcd-4cf8-afcf-c6b45c0b43cc:c-1]
2019-08-29 09:37:49,134 | INFO  | SCMAudit | user=jenkins1000 | ip=192.168.69.87 | op=SEND_HEARTBEAT {datanodeUUID=44638b28-be06-4149-9a11-87ab58c8e022, command=[]} | ret=SUCCESS |  
2019-08-29 09:37:49,234 | INFO  | SCMAudit | user=jenkins1000 | ip=192.168.69.87 | op=SEND_HEARTBEAT {datanodeUUID=73941da8-7b3a-43e7-8aff-0a9367598152, command=[]} | ret=SUCCESS |  
2019-08-29 09:37:49,325 | INFO  | SCMAudit | user=jenkins1000 | ip=192.168.69.87 | op=SEND_HEARTBEAT {datanodeUUID=c6f9d398-2eae-4a63-879f-a1d1bc55d1b3, command=[]} | ret=SUCCESS |  
2019-08-29 09:37:49,422 | INFO  | SCMAudit | user=jenkins1000 | ip=192.168.69.87 | op=SEND_HEARTBEAT {datanodeUUID=129cf440-9aa6-4f56-b440-e84d0b76b9e5, command=[]} | ret=SUCCESS |  
2019-08-29 09:37:49,517 | INFO  | SCMAudit | user=jenkins1000 | ip=192.168.69.87 | op=SEND_HEARTBEAT {datanodeUUID=7a2e5536-d576-4bf3-9dec-9e4177d66979, command=[]} | ret=SUCCESS |  
2019-08-29 09:37:49,593 | INFO  | SCMAudit | user=jenkins1000 | ip=192.168.69.87 | op=SEND_HEARTBEAT {datanodeUUID=c8986603-afcd-4cf8-afcf-c6b45c0b43cc, command=[]} | ret=SUCCESS |  
2019-08-29 09:37:49,682 | INFO  | SCMAudit | user=jenkins1000 | ip=192.168.69.87 | op=SEND_HEARTBEAT {datanodeUUID=31202bf3-e3ef-401b-98b9-369e6d4f3507, command=[]} | ret=SUCCESS |  
2019-08-29 09:37:50,091 [grpc-default-executor-2] INFO  client.GrpcClientProtocolClient (GrpcClientProtocolClient.java:onNext(255)) - client-ECF995498F0C->31202bf3-e3ef-401b-98b9-369e6d4f3507: receive RaftClientReply:client-ECF995498F0C->31202bf3-e3ef-401b-98b9-369e6d4f3507@group-7FC7981111D6, cid=42, FAILED org.apache.ratis.protocol.NotLeaderException: Server 31202bf3-e3ef-401b-98b9-369e6d4f3507 is not the leader (null). Request must be sent to leader., logIndex=0, commits[31202bf3-e3ef-401b-98b9-369e6d4f3507:c-1]
2019-08-29 09:37:50,102 [grpc-default-worker-ELG-3-3] WARN  nio.NioEventLoop (NioEventLoop.java:select(786)) - Selector.select() returned prematurely {} times in a row; rebuilding Selector {}.
2019-08-29 09:37:50,103 [grpc-default-worker-ELG-3-3] INFO  nio.NioEventLoop (NioEventLoop.java:rebuildSelector0(396)) - Migrated 3 channel(s) to the new Selector.
2019-08-29 09:37:50,134 | INFO  | SCMAudit | user=jenkins1000 | ip=192.168.69.87 | op=SEND_HEARTBEAT {datanodeUUID=44638b28-be06-4149-9a11-87ab58c8e022, command=[]} | ret=SUCCESS |  
2019-08-29 09:37:50,235 | INFO  | SCMAudit | user=jenkins1000 | ip=192.168.69.87 | op=SEND_HEARTBEAT {datanodeUUID=73941da8-7b3a-43e7-8aff-0a9367598152, command=[]} | ret=SUCCESS |  
2019-08-29 09:37:50,325 | INFO  | SCMAudit | user=jenkins1000 | ip=192.168.69.87 | op=SEND_HEARTBEAT {datanodeUUID=c6f9d398-2eae-4a63-879f-a1d1bc55d1b3, command=[]} | ret=SUCCESS |  
2019-08-29 09:37:50,422 | INFO  | SCMAudit | user=jenkins1000 | ip=192.168.69.87 | op=SEND_HEARTBEAT {datanodeUUID=129cf440-9aa6-4f56-b440-e84d0b76b9e5, command=[]} | ret=SUCCESS |  
2019-08-29 09:37:50,518 | INFO  | SCMAudit | user=jenkins1000 | ip=192.168.69.87 | op=SEND_HEARTBEAT {datanodeUUID=7a2e5536-d576-4bf3-9dec-9e4177d66979, command=[]} | ret=SUCCESS |  
2019-08-29 09:37:50,594 | INFO  | SCMAudit | user=jenkins1000 | ip=192.168.69.87 | op=SEND_HEARTBEAT {datanodeUUID=c8986603-afcd-4cf8-afcf-c6b45c0b43cc, command=[]} | ret=SUCCESS |  
2019-08-29 09:37:50,682 | INFO  | SCMAudit | user=jenkins1000 | ip=192.168.69.87 | op=SEND_HEARTBEAT {datanodeUUID=31202bf3-e3ef-401b-98b9-369e6d4f3507, command=[]} | ret=SUCCESS |  
2019-08-29 09:37:51,108 [grpc-default-executor-3] INFO  client.GrpcClientProtocolClient (GrpcClientProtocolClient.java:onNext(255)) - client-ECF995498F0C->c8986603-afcd-4cf8-afcf-c6b45c0b43cc: receive RaftClientReply:client-ECF995498F0C->c8986603-afcd-4cf8-afcf-c6b45c0b43cc@group-7FC7981111D6, cid=42, FAILED org.apache.ratis.protocol.NotLeaderException: Server c8986603-afcd-4cf8-afcf-c6b45c0b43cc is not the leader (null). Request must be sent to leader., logIndex=0, commits[c8986603-afcd-4cf8-afcf-c6b45c0b43cc:c-1]
2019-08-29 09:37:51,135 | INFO  | SCMAudit | user=jenkins1000 | ip=192.168.69.87 | op=SEND_HEARTBEAT {datanodeUUID=44638b28-be06-4149-9a11-87ab58c8e022, command=[]} | ret=SUCCESS |  
2019-08-29 09:37:51,235 | INFO  | SCMAudit | user=jenkins1000 | ip=192.168.69.87 | op=SEND_HEARTBEAT {datanodeUUID=73941da8-7b3a-43e7-8aff-0a9367598152, command=[]} | ret=SUCCESS |  
2019-08-29 09:37:51,324 | INFO  | SCMAudit | user=jenkins1000 | ip=192.168.69.87 | op=SEND_HEARTBEAT {datanodeUUID=c6f9d398-2eae-4a63-879f-a1d1bc55d1b3, command=[]} | ret=SUCCESS |  
2019-08-29 09:37:51,421 | INFO  | SCMAudit | user=jenkins1000 | ip=192.168.69.87 | op=SEND_HEARTBEAT {datanodeUUID=129cf440-9aa6-4f56-b440-e84d0b76b9e5, command=[]} | ret=SUCCESS |  
2019-08-29 09:37:51,518 | INFO  | SCMAudit | user=jenkins1000 | ip=192.168.69.87 | op=SEND_HEARTBEAT {datanodeUUID=7a2e5536-d576-4bf3-9dec-9e4177d66979, command=[]} | ret=SUCCESS |  
2019-08-29 09:37:51,593 | INFO  | SCMAudit | user=jenkins1000 | ip=192.168.69.87 | op=SEND_HEARTBEAT {datanodeUUID=c8986603-afcd-4cf8-afcf-c6b45c0b43cc, command=[]} | ret=SUCCESS |  
2019-08-29 09:37:51,683 | INFO  | SCMAudit | user=jenkins1000 | ip=192.168.69.87 | op=SEND_HEARTBEAT {datanodeUUID=31202bf3-e3ef-401b-98b9-369e6d4f3507, command=[]} | ret=SUCCESS |  
2019-08-29 09:37:52,130 [grpc-default-executor-3] INFO  client.GrpcClientProtocolClient (GrpcClientProtocolClient.java:onNext(255)) - client-ECF995498F0C->129cf440-9aa6-4f56-b440-e84d0b76b9e5: receive RaftClientReply:client-ECF995498F0C->129cf440-9aa6-4f56-b440-e84d0b76b9e5@group-7FC7981111D6, cid=42, FAILED org.apache.ratis.protocol.NotLeaderException: Server 129cf440-9aa6-4f56-b440-e84d0b76b9e5 is not the leader (null). Request must be sent to leader., logIndex=0, commits[129cf440-9aa6-4f56-b440-e84d0b76b9e5:c-1]
2019-08-29 09:37:52,143 | INFO  | SCMAudit | user=jenkins1000 | ip=192.168.69.87 | op=SEND_HEARTBEAT {datanodeUUID=44638b28-be06-4149-9a11-87ab58c8e022, command=[]} | ret=SUCCESS |  
2019-08-29 09:37:52,197 [Thread-840] INFO  impl.FollowerState (FollowerState.java:run(106)) - c8986603-afcd-4cf8-afcf-c6b45c0b43cc:group-7FC7981111D6 changes to CANDIDATE, lastRpcTime:5082, electionTimeout:5082ms
2019-08-29 09:37:52,197 [Thread-840] INFO  impl.RoleInfo (RoleInfo.java:shutdownFollowerState(121)) - c8986603-afcd-4cf8-afcf-c6b45c0b43cc: shutdown FollowerState
2019-08-29 09:37:52,197 [Thread-840] INFO  impl.RaftServerImpl (RaftServerImpl.java:setRole(171)) - c8986603-afcd-4cf8-afcf-c6b45c0b43cc:group-7FC7981111D6 changes role from FOLLOWER to CANDIDATE at term 1 for changeToCandidate
2019-08-29 09:37:52,197 [Thread-840] INFO  impl.RoleInfo (RoleInfo.java:updateAndGet(143)) - c8986603-afcd-4cf8-afcf-c6b45c0b43cc: start LeaderElection
2019-08-29 09:37:52,234 | INFO  | SCMAudit | user=jenkins1000 | ip=192.168.69.87 | op=SEND_HEARTBEAT {datanodeUUID=73941da8-7b3a-43e7-8aff-0a9367598152, command=[]} | ret=SUCCESS |  
2019-08-29 09:37:52,243 [Thread-842] INFO  impl.FollowerState (FollowerState.java:run(106)) - 31202bf3-e3ef-401b-98b9-369e6d4f3507:group-7FC7981111D6 changes to CANDIDATE, lastRpcTime:5127, electionTimeout:5127ms
2019-08-29 09:37:52,243 [Thread-842] INFO  impl.RoleInfo (RoleInfo.java:shutdownFollowerState(121)) - 31202bf3-e3ef-401b-98b9-369e6d4f3507: shutdown FollowerState
2019-08-29 09:37:52,243 [Thread-842] INFO  impl.RaftServerImpl (RaftServerImpl.java:setRole(171)) - 31202bf3-e3ef-401b-98b9-369e6d4f3507:group-7FC7981111D6 changes role from FOLLOWER to CANDIDATE at term 1 for changeToCandidate
2019-08-29 09:37:52,244 [Thread-842] INFO  impl.RoleInfo (RoleInfo.java:updateAndGet(143)) - 31202bf3-e3ef-401b-98b9-369e6d4f3507: start LeaderElection
2019-08-29 09:37:52,264 [c8986603-afcd-4cf8-afcf-c6b45c0b43cc:group-7FC7981111D6:LeaderElection29] INFO  impl.LeaderElection (LeaderElection.java:askForVotes(181)) - c8986603-afcd-4cf8-afcf-c6b45c0b43cc:group-7FC7981111D6:LeaderElection29: begin an election at term 2 for -1: [c8986603-afcd-4cf8-afcf-c6b45c0b43cc:192.168.69.87:46863, 129cf440-9aa6-4f56-b440-e84d0b76b9e5:192.168.69.87:40781, 31202bf3-e3ef-401b-98b9-369e6d4f3507:192.168.69.87:43586], old=null
2019-08-29 09:37:52,268 [grpc-default-executor-2] INFO  impl.RaftServerImpl (RaftServerImpl.java:setRole(171)) - 129cf440-9aa6-4f56-b440-e84d0b76b9e5:group-7FC7981111D6 changes role from FOLLOWER to FOLLOWER at term 2 for recognizeCandidate:c8986603-afcd-4cf8-afcf-c6b45c0b43cc
2019-08-29 09:37:52,268 [grpc-default-executor-2] INFO  impl.RoleInfo (RoleInfo.java:shutdownFollowerState(121)) - 129cf440-9aa6-4f56-b440-e84d0b76b9e5: shutdown FollowerState
2019-08-29 09:37:52,268 [grpc-default-executor-2] INFO  impl.RoleInfo (RoleInfo.java:updateAndGet(143)) - 129cf440-9aa6-4f56-b440-e84d0b76b9e5: start FollowerState
2019-08-29 09:37:52,268 [Thread-841] INFO  impl.FollowerState (FollowerState.java:run(114)) - 129cf440-9aa6-4f56-b440-e84d0b76b9e5: FollowerState was interrupted: java.lang.InterruptedException: sleep interrupted
2019-08-29 09:37:52,272 [31202bf3-e3ef-401b-98b9-369e6d4f3507:group-7FC7981111D6:LeaderElection30] INFO  impl.LeaderElection (LeaderElection.java:askForVotes(181)) - 31202bf3-e3ef-401b-98b9-369e6d4f3507:group-7FC7981111D6:LeaderElection30: begin an election at term 2 for -1: [c8986603-afcd-4cf8-afcf-c6b45c0b43cc:192.168.69.87:46863, 129cf440-9aa6-4f56-b440-e84d0b76b9e5:192.168.69.87:40781, 31202bf3-e3ef-401b-98b9-369e6d4f3507:192.168.69.87:43586], old=null
2019-08-29 09:37:52,290 [31202bf3-e3ef-401b-98b9-369e6d4f3507:group-7FC7981111D6:LeaderElection30] INFO  impl.LeaderElection (LeaderElection.java:logAndReturn(56)) - 31202bf3-e3ef-401b-98b9-369e6d4f3507:group-7FC7981111D6:LeaderElection30: Election REJECTED; received 2 response(s) [31202bf3-e3ef-401b-98b9-369e6d4f3507<-c8986603-afcd-4cf8-afcf-c6b45c0b43cc#0:FAIL-t2, 31202bf3-e3ef-401b-98b9-369e6d4f3507<-129cf440-9aa6-4f56-b440-e84d0b76b9e5#0:FAIL-t2] and 0 exception(s); 31202bf3-e3ef-401b-98b9-369e6d4f3507:t2, leader=null, voted=31202bf3-e3ef-401b-98b9-369e6d4f3507, raftlog=31202bf3-e3ef-401b-98b9-369e6d4f3507-SegmentedRaftLog:OPENED:c-1,f-1,i0, conf=-1: [c8986603-afcd-4cf8-afcf-c6b45c0b43cc:192.168.69.87:46863, 129cf440-9aa6-4f56-b440-e84d0b76b9e5:192.168.69.87:40781, 31202bf3-e3ef-401b-98b9-369e6d4f3507:192.168.69.87:43586], old=null
2019-08-29 09:37:52,290 [c8986603-afcd-4cf8-afcf-c6b45c0b43cc:group-7FC7981111D6:LeaderElection29] INFO  impl.LeaderElection (LeaderElection.java:logAndReturn(56)) - c8986603-afcd-4cf8-afcf-c6b45c0b43cc:group-7FC7981111D6:LeaderElection29: Election PASSED; received 2 response(s) [c8986603-afcd-4cf8-afcf-c6b45c0b43cc<-129cf440-9aa6-4f56-b440-e84d0b76b9e5#0:OK-t2, c8986603-afcd-4cf8-afcf-c6b45c0b43cc<-31202bf3-e3ef-401b-98b9-369e6d4f3507#0:FAIL-t2] and 0 exception(s); c8986603-afcd-4cf8-afcf-c6b45c0b43cc:t2, leader=null, voted=c8986603-afcd-4cf8-afcf-c6b45c0b43cc, raftlog=c8986603-afcd-4cf8-afcf-c6b45c0b43cc-SegmentedRaftLog:OPENED:c-1,f-1,i0, conf=-1: [c8986603-afcd-4cf8-afcf-c6b45c0b43cc:192.168.69.87:46863, 129cf440-9aa6-4f56-b440-e84d0b76b9e5:192.168.69.87:40781, 31202bf3-e3ef-401b-98b9-369e6d4f3507:192.168.69.87:43586], old=null
2019-08-29 09:37:52,291 [31202bf3-e3ef-401b-98b9-369e6d4f3507:group-7FC7981111D6:LeaderElection30] INFO  impl.RaftServerImpl (RaftServerImpl.java:setRole(171)) - 31202bf3-e3ef-401b-98b9-369e6d4f3507:group-7FC7981111D6 changes role from CANDIDATE to FOLLOWER at term 2 for DISCOVERED_A_NEW_TERM
2019-08-29 09:37:52,291 [c8986603-afcd-4cf8-afcf-c6b45c0b43cc:group-7FC7981111D6:LeaderElection29] INFO  impl.RoleInfo (RoleInfo.java:shutdownLeaderElection(134)) - c8986603-afcd-4cf8-afcf-c6b45c0b43cc: shutdown LeaderElection
2019-08-29 09:37:52,291 [31202bf3-e3ef-401b-98b9-369e6d4f3507:group-7FC7981111D6:LeaderElection30] INFO  impl.RoleInfo (RoleInfo.java:shutdownLeaderElection(134)) - 31202bf3-e3ef-401b-98b9-369e6d4f3507: shutdown LeaderElection
2019-08-29 09:37:52,291 [c8986603-afcd-4cf8-afcf-c6b45c0b43cc:group-7FC7981111D6:LeaderElection29] INFO  impl.RaftServerImpl (RaftServerImpl.java:setRole(171)) - c8986603-afcd-4cf8-afcf-c6b45c0b43cc:group-7FC7981111D6 changes role from CANDIDATE to LEADER at term 2 for changeToLeader
2019-08-29 09:37:52,291 [31202bf3-e3ef-401b-98b9-369e6d4f3507:group-7FC7981111D6:LeaderElection30] INFO  impl.RoleInfo (RoleInfo.java:updateAndGet(143)) - 31202bf3-e3ef-401b-98b9-369e6d4f3507: start FollowerState
2019-08-29 09:37:52,291 [c8986603-afcd-4cf8-afcf-c6b45c0b43cc:group-7FC7981111D6:LeaderElection29] INFO  impl.RaftServerImpl (ServerState.java:setLeader(263)) - c8986603-afcd-4cf8-afcf-c6b45c0b43cc:group-7FC7981111D6 change Leader from null to c8986603-afcd-4cf8-afcf-c6b45c0b43cc at term 2 for becomeLeader, leader elected after 10405ms
2019-08-29 09:37:52,292 [c8986603-afcd-4cf8-afcf-c6b45c0b43cc:group-7FC7981111D6:LeaderElection29] INFO  server.RaftServerConfigKeys (ConfUtils.java:logGet(43)) - raft.server.staging.catchup.gap = 1000 (default)
2019-08-29 09:37:52,292 [c8986603-afcd-4cf8-afcf-c6b45c0b43cc:group-7FC7981111D6:LeaderElection29] INFO  server.RaftServerConfigKeys (ConfUtils.java:logGet(43)) - raft.server.rpc.sleep.time = 25ms (default)
2019-08-29 09:37:52,292 [c8986603-afcd-4cf8-afcf-c6b45c0b43cc:group-7FC7981111D6:LeaderElection29] INFO  server.RaftServerConfigKeys (ConfUtils.java:logGet(43)) - raft.server.write.element-limit = 4096 (default)
2019-08-29 09:37:52,292 [c8986603-afcd-4cf8-afcf-c6b45c0b43cc:group-7FC7981111D6:LeaderElection29] INFO  server.RaftServerConfigKeys (ConfUtils.java:logGet(43)) - raft.server.watch.timeout = 10s (default)
2019-08-29 09:37:52,293 [c8986603-afcd-4cf8-afcf-c6b45c0b43cc:group-7FC7981111D6:LeaderElection29] INFO  server.RaftServerConfigKeys (ConfUtils.java:logGet(43)) - raft.server.watch.timeout.denomination = 1s (default)
2019-08-29 09:37:52,293 [c8986603-afcd-4cf8-afcf-c6b45c0b43cc:group-7FC7981111D6:LeaderElection29] INFO  server.RaftServerConfigKeys (ConfUtils.java:logGet(43)) - raft.server.watch.element-limit = 65536 (default)
2019-08-29 09:37:52,293 [c8986603-afcd-4cf8-afcf-c6b45c0b43cc:group-7FC7981111D6:LeaderElection29] INFO  server.RaftServerConfigKeys (ConfUtils.java:logGet(43)) - raft.server.log.appender.snapshot.chunk.size.max = 16MB (=16777216) (default)
2019-08-29 09:37:52,293 [c8986603-afcd-4cf8-afcf-c6b45c0b43cc:group-7FC7981111D6:LeaderElection29] INFO  server.RaftServerConfigKeys (ConfUtils.java:logGet(43)) - raft.server.log.appender.buffer.byte-limit = 33554432 (custom)
2019-08-29 09:37:52,294 [c8986603-afcd-4cf8-afcf-c6b45c0b43cc:group-7FC7981111D6:LeaderElection29] INFO  server.RaftServerConfigKeys (ConfUtils.java:logGet(43)) - raft.server.log.appender.buffer.element-limit = 1 (custom)
2019-08-29 09:37:52,294 [c8986603-afcd-4cf8-afcf-c6b45c0b43cc:group-7FC7981111D6:LeaderElection29] INFO  grpc.GrpcConfigKeys$Server (ConfUtils.java:logGet(43)) - raft.grpc.server.leader.outstanding.appends.max = 128 (default)
2019-08-29 09:37:52,294 [c8986603-afcd-4cf8-afcf-c6b45c0b43cc:group-7FC7981111D6:LeaderElection29] INFO  server.RaftServerConfigKeys (ConfUtils.java:logGet(43)) - raft.server.rpc.request.timeout = 3000ms (default)
2019-08-29 09:37:52,294 [c8986603-afcd-4cf8-afcf-c6b45c0b43cc:group-7FC7981111D6:LeaderElection29] INFO  server.RaftServerConfigKeys (ConfUtils.java:logGet(43)) - raft.server.log.appender.install.snapshot.enabled = false (custom)
2019-08-29 09:37:52,294 [c8986603-afcd-4cf8-afcf-c6b45c0b43cc:group-7FC7981111D6:LeaderElection29] INFO  server.RaftServerConfigKeys (ConfUtils.java:logGet(43)) - raft.server.log.appender.snapshot.chunk.size.max = 16MB (=16777216) (default)
2019-08-29 09:37:52,295 [c8986603-afcd-4cf8-afcf-c6b45c0b43cc:group-7FC7981111D6:LeaderElection29] INFO  server.RaftServerConfigKeys (ConfUtils.java:logGet(43)) - raft.server.log.appender.buffer.byte-limit = 33554432 (custom)
2019-08-29 09:37:52,295 [c8986603-afcd-4cf8-afcf-c6b45c0b43cc:group-7FC7981111D6:LeaderElection29] INFO  server.RaftServerConfigKeys (ConfUtils.java:logGet(43)) - raft.server.log.appender.buffer.element-limit = 1 (custom)
2019-08-29 09:37:52,295 [c8986603-afcd-4cf8-afcf-c6b45c0b43cc:group-7FC7981111D6:LeaderElection29] INFO  grpc.GrpcConfigKeys$Server (ConfUtils.java:logGet(43)) - raft.grpc.server.leader.outstanding.appends.max = 128 (default)
2019-08-29 09:37:52,295 [c8986603-afcd-4cf8-afcf-c6b45c0b43cc:group-7FC7981111D6:LeaderElection29] INFO  server.RaftServerConfigKeys (ConfUtils.java:logGet(43)) - raft.server.rpc.request.timeout = 3000ms (default)
2019-08-29 09:37:52,295 [c8986603-afcd-4cf8-afcf-c6b45c0b43cc:group-7FC7981111D6:LeaderElection29] INFO  server.RaftServerConfigKeys (ConfUtils.java:logGet(43)) - raft.server.log.appender.install.snapshot.enabled = false (custom)
2019-08-29 09:37:52,296 [c8986603-afcd-4cf8-afcf-c6b45c0b43cc:group-7FC7981111D6:LeaderElection29] INFO  impl.RoleInfo (RoleInfo.java:updateAndGet(143)) - c8986603-afcd-4cf8-afcf-c6b45c0b43cc: start LeaderState
2019-08-29 09:37:52,296 [c8986603-afcd-4cf8-afcf-c6b45c0b43cc:group-7FC7981111D6:LeaderElection29] INFO  segmented.SegmentedRaftLogWorker (SegmentedRaftLogWorker.java:startLogSegment(380)) - c8986603-afcd-4cf8-afcf-c6b45c0b43cc-SegmentedRaftLogWorker:Storage Directory /workdir/hadoop-ozone/integration-test/target/test-dir/MiniOzoneClusterImpl-8d4b26b1-34eb-45e8-b83f-edf1f00bc316/datanode-5/data/ratis/c64043b4-2a5c-471c-abac-7fc7981111d6: Starting segment from index:0
2019-08-29 09:37:52,297 [c8986603-afcd-4cf8-afcf-c6b45c0b43cc:group-7FC7981111D6:LeaderElection29] INFO  impl.RaftServerImpl (ServerState.java:setRaftConf(361)) - c8986603-afcd-4cf8-afcf-c6b45c0b43cc:group-7FC7981111D6 set configuration 0: [c8986603-afcd-4cf8-afcf-c6b45c0b43cc:192.168.69.87:46863, 129cf440-9aa6-4f56-b440-e84d0b76b9e5:192.168.69.87:40781, 31202bf3-e3ef-401b-98b9-369e6d4f3507:192.168.69.87:43586], old=null at 0
2019-08-29 09:37:52,299 [grpc-default-executor-2] INFO  impl.RaftServerImpl (ServerState.java:setLeader(263)) - 129cf440-9aa6-4f56-b440-e84d0b76b9e5:group-7FC7981111D6 change Leader from null to c8986603-afcd-4cf8-afcf-c6b45c0b43cc at term 2 for appendEntries, leader elected after 10413ms
2019-08-29 09:37:52,299 [grpc-default-executor-5] INFO  impl.RaftServerImpl (ServerState.java:setLeader(263)) - 31202bf3-e3ef-401b-98b9-369e6d4f3507:group-7FC7981111D6 change Leader from null to c8986603-afcd-4cf8-afcf-c6b45c0b43cc at term 2 for appendEntries, leader elected after 10412ms
2019-08-29 09:37:52,302 [grpc-default-executor-5] INFO  impl.RaftServerImpl (ServerState.java:setRaftConf(361)) - 129cf440-9aa6-4f56-b440-e84d0b76b9e5:group-7FC7981111D6 set configuration 0: [c8986603-afcd-4cf8-afcf-c6b45c0b43cc:192.168.69.87:46863, 129cf440-9aa6-4f56-b440-e84d0b76b9e5:192.168.69.87:40781, 31202bf3-e3ef-401b-98b9-369e6d4f3507:192.168.69.87:43586], old=null at 0
2019-08-29 09:37:52,302 [grpc-default-executor-2] INFO  impl.RaftServerImpl (ServerState.java:setRaftConf(361)) - 31202bf3-e3ef-401b-98b9-369e6d4f3507:group-7FC7981111D6 set configuration 0: [c8986603-afcd-4cf8-afcf-c6b45c0b43cc:192.168.69.87:46863, 129cf440-9aa6-4f56-b440-e84d0b76b9e5:192.168.69.87:40781, 31202bf3-e3ef-401b-98b9-369e6d4f3507:192.168.69.87:43586], old=null at 0
2019-08-29 09:37:52,302 [grpc-default-executor-5] INFO  segmented.SegmentedRaftLogWorker (SegmentedRaftLogWorker.java:startLogSegment(380)) - 129cf440-9aa6-4f56-b440-e84d0b76b9e5-SegmentedRaftLogWorker:Storage Directory /workdir/hadoop-ozone/integration-test/target/test-dir/MiniOzoneClusterImpl-8d4b26b1-34eb-45e8-b83f-edf1f00bc316/datanode-3/data/ratis/c64043b4-2a5c-471c-abac-7fc7981111d6: Starting segment from index:0
2019-08-29 09:37:52,302 [grpc-default-executor-2] INFO  segmented.SegmentedRaftLogWorker (SegmentedRaftLogWorker.java:startLogSegment(380)) - 31202bf3-e3ef-401b-98b9-369e6d4f3507-SegmentedRaftLogWorker:Storage Directory /workdir/hadoop-ozone/integration-test/target/test-dir/MiniOzoneClusterImpl-8d4b26b1-34eb-45e8-b83f-edf1f00bc316/datanode-6/data/ratis/c64043b4-2a5c-471c-abac-7fc7981111d6: Starting segment from index:0
2019-08-29 09:37:52,324 | INFO  | SCMAudit | user=jenkins1000 | ip=192.168.69.87 | op=SEND_HEARTBEAT {datanodeUUID=c6f9d398-2eae-4a63-879f-a1d1bc55d1b3, command=[]} | ret=SUCCESS |  
2019-08-29 09:37:52,351 [31202bf3-e3ef-401b-98b9-369e6d4f3507-SegmentedRaftLogWorker:Storage Directory /workdir/hadoop-ozone/integration-test/target/test-dir/MiniOzoneClusterImpl-8d4b26b1-34eb-45e8-b83f-edf1f00bc316/datanode-6/data/ratis/c64043b4-2a5c-471c-abac-7fc7981111d6] INFO  segmented.SegmentedRaftLogWorker (SegmentedRaftLogWorker.java:execute(569)) - 31202bf3-e3ef-401b-98b9-369e6d4f3507-SegmentedRaftLogWorker:Storage Directory /workdir/hadoop-ozone/integration-test/target/test-dir/MiniOzoneClusterImpl-8d4b26b1-34eb-45e8-b83f-edf1f00bc316/datanode-6/data/ratis/c64043b4-2a5c-471c-abac-7fc7981111d6: created new log segment /workdir/hadoop-ozone/integration-test/target/test-dir/MiniOzoneClusterImpl-8d4b26b1-34eb-45e8-b83f-edf1f00bc316/datanode-6/data/ratis/c64043b4-2a5c-471c-abac-7fc7981111d6/current/log_inprogress_0
2019-08-29 09:37:52,351 [129cf440-9aa6-4f56-b440-e84d0b76b9e5-SegmentedRaftLogWorker:Storage Directory /workdir/hadoop-ozone/integration-test/target/test-dir/MiniOzoneClusterImpl-8d4b26b1-34eb-45e8-b83f-edf1f00bc316/datanode-3/data/ratis/c64043b4-2a5c-471c-abac-7fc7981111d6] INFO  segmented.SegmentedRaftLogWorker (SegmentedRaftLogWorker.java:execute(569)) - 129cf440-9aa6-4f56-b440-e84d0b76b9e5-SegmentedRaftLogWorker:Storage Directory /workdir/hadoop-ozone/integration-test/target/test-dir/MiniOzoneClusterImpl-8d4b26b1-34eb-45e8-b83f-edf1f00bc316/datanode-3/data/ratis/c64043b4-2a5c-471c-abac-7fc7981111d6: created new log segment /workdir/hadoop-ozone/integration-test/target/test-dir/MiniOzoneClusterImpl-8d4b26b1-34eb-45e8-b83f-edf1f00bc316/datanode-3/data/ratis/c64043b4-2a5c-471c-abac-7fc7981111d6/current/log_inprogress_0
2019-08-29 09:37:52,351 [c8986603-afcd-4cf8-afcf-c6b45c0b43cc-SegmentedRaftLogWorker:Storage Directory /workdir/hadoop-ozone/integration-test/target/test-dir/MiniOzoneClusterImpl-8d4b26b1-34eb-45e8-b83f-edf1f00bc316/datanode-5/data/ratis/c64043b4-2a5c-471c-abac-7fc7981111d6] INFO  segmented.SegmentedRaftLogWorker (SegmentedRaftLogWorker.java:execute(569)) - c8986603-afcd-4cf8-afcf-c6b45c0b43cc-SegmentedRaftLogWorker:Storage Directory /workdir/hadoop-ozone/integration-test/target/test-dir/MiniOzoneClusterImpl-8d4b26b1-34eb-45e8-b83f-edf1f00bc316/datanode-5/data/ratis/c64043b4-2a5c-471c-abac-7fc7981111d6: created new log segment /workdir/hadoop-ozone/integration-test/target/test-dir/MiniOzoneClusterImpl-8d4b26b1-34eb-45e8-b83f-edf1f00bc316/datanode-5/data/ratis/c64043b4-2a5c-471c-abac-7fc7981111d6/current/log_inprogress_0
2019-08-29 09:37:52,421 | INFO  | SCMAudit | user=jenkins1000 | ip=192.168.69.87 | op=SEND_HEARTBEAT {datanodeUUID=129cf440-9aa6-4f56-b440-e84d0b76b9e5, command=[]} | ret=SUCCESS |  
2019-08-29 09:37:52,517 | INFO  | SCMAudit | user=jenkins1000 | ip=192.168.69.87 | op=SEND_HEARTBEAT {datanodeUUID=7a2e5536-d576-4bf3-9dec-9e4177d66979, command=[]} | ret=SUCCESS |  
2019-08-29 09:37:52,594 | INFO  | SCMAudit | user=jenkins1000 | ip=192.168.69.87 | op=SEND_HEARTBEAT {datanodeUUID=c8986603-afcd-4cf8-afcf-c6b45c0b43cc, command=[]} | ret=SUCCESS |  
2019-08-29 09:37:52,683 | INFO  | SCMAudit | user=jenkins1000 | ip=192.168.69.87 | op=SEND_HEARTBEAT {datanodeUUID=31202bf3-e3ef-401b-98b9-369e6d4f3507, command=[]} | ret=SUCCESS |  
2019-08-29 09:37:53,139 | INFO  | SCMAudit | user=jenkins1000 | ip=192.168.69.87 | op=SEND_HEARTBEAT {datanodeUUID=44638b28-be06-4149-9a11-87ab58c8e022, command=[]} | ret=SUCCESS |  
2019-08-29 09:37:53,148 [grpc-default-executor-5] INFO  client.GrpcClientProtocolClient (GrpcClientProtocolClient.java:onNext(255)) - client-ECF995498F0C->31202bf3-e3ef-401b-98b9-369e6d4f3507: receive RaftClientReply:client-ECF995498F0C->31202bf3-e3ef-401b-98b9-369e6d4f3507@group-7FC7981111D6, cid=42, FAILED org.apache.ratis.protocol.NotLeaderException: Server 31202bf3-e3ef-401b-98b9-369e6d4f3507 is not the leader (c8986603-afcd-4cf8-afcf-c6b45c0b43cc:192.168.69.87:46863). Request must be sent to leader., logIndex=0, commits[31202bf3-e3ef-401b-98b9-369e6d4f3507:c-1, c8986603-afcd-4cf8-afcf-c6b45c0b43cc:c-1, 129cf440-9aa6-4f56-b440-e84d0b76b9e5:c-1]
2019-08-29 09:37:53,234 | INFO  | SCMAudit | user=jenkins1000 | ip=192.168.69.87 | op=SEND_HEARTBEAT {datanodeUUID=73941da8-7b3a-43e7-8aff-0a9367598152, command=[]} | ret=SUCCESS |  
2019-08-29 09:37:53,325 | INFO  | SCMAudit | user=jenkins1000 | ip=192.168.69.87 | op=SEND_HEARTBEAT {datanodeUUID=c6f9d398-2eae-4a63-879f-a1d1bc55d1b3, command=[]} | ret=SUCCESS |  
2019-08-29 09:37:53,340 | INFO  | DNAudit | user=null | ip=null | op=CREATE_CONTAINER {containerID=1, containerType=KeyValueContainer} | ret=SUCCESS |  
2019-08-29 09:37:53,345 | INFO  | SCMAudit | user=jenkins1000 | ip=192.168.69.87 | op=SEND_HEARTBEAT {datanodeUUID=c8986603-afcd-4cf8-afcf-c6b45c0b43cc, command=[]} | ret=SUCCESS |  
2019-08-29 09:37:53,346 [grpc-default-executor-2] INFO  client.GrpcClientProtocolClient (GrpcClientProtocolClient.java:onNext(255)) - client-ECF995498F0C->c8986603-afcd-4cf8-afcf-c6b45c0b43cc: receive RaftClientReply:client-ECF995498F0C->c8986603-afcd-4cf8-afcf-c6b45c0b43cc@group-7FC7981111D6, cid=42, SUCCESS, logIndex=1, commits[c8986603-afcd-4cf8-afcf-c6b45c0b43cc:c2, 129cf440-9aa6-4f56-b440-e84d0b76b9e5:c1, 31202bf3-e3ef-401b-98b9-369e6d4f3507:c1]
2019-08-29 09:37:53,368 [grpc-default-executor-5] INFO  client.GrpcClientProtocolClient (GrpcClientProtocolClient.java:onNext(255)) - client-166A520B6E3C->129cf440-9aa6-4f56-b440-e84d0b76b9e5: receive RaftClientReply:client-166A520B6E3C->129cf440-9aa6-4f56-b440-e84d0b76b9e5@group-7FC7981111D6, cid=43, FAILED org.apache.ratis.protocol.NotLeaderException: Server 129cf440-9aa6-4f56-b440-e84d0b76b9e5 is not the leader (c8986603-afcd-4cf8-afcf-c6b45c0b43cc:192.168.69.87:46863). Request must be sent to leader., logIndex=0, commits[129cf440-9aa6-4f56-b440-e84d0b76b9e5:c1, c8986603-afcd-4cf8-afcf-c6b45c0b43cc:c1, 31202bf3-e3ef-401b-98b9-369e6d4f3507:c0]
2019-08-29 09:37:53,407 | INFO  | DNAudit | user=null | ip=null | op=CREATE_CONTAINER {containerID=1, containerType=KeyValueContainer} | ret=SUCCESS |  
2019-08-29 09:37:53,407 | INFO  | DNAudit | user=null | ip=null | op=CREATE_CONTAINER {containerID=1, containerType=KeyValueContainer} | ret=SUCCESS |  
2019-08-29 09:37:53,409 | INFO  | SCMAudit | user=jenkins1000 | ip=192.168.69.87 | op=SEND_HEARTBEAT {datanodeUUID=129cf440-9aa6-4f56-b440-e84d0b76b9e5, command=[]} | ret=SUCCESS |  
2019-08-29 09:37:53,409 | INFO  | SCMAudit | user=jenkins1000 | ip=192.168.69.87 | op=SEND_HEARTBEAT {datanodeUUID=31202bf3-e3ef-401b-98b9-369e6d4f3507, command=[]} | ret=SUCCESS |  
2019-08-29 09:37:53,518 | INFO  | SCMAudit | user=jenkins1000 | ip=192.168.69.87 | op=SEND_HEARTBEAT {datanodeUUID=7a2e5536-d576-4bf3-9dec-9e4177d66979, command=[]} | ret=SUCCESS |  
2019-08-29 09:37:53,538 | INFO  | DNAudit | user=null | ip=null | op=CREATE_CONTAINER {containerID=2, containerType=KeyValueContainer} | ret=SUCCESS |  
2019-08-29 09:37:53,545 | INFO  | SCMAudit | user=jenkins1000 | ip=192.168.69.87 | op=SEND_HEARTBEAT {datanodeUUID=c8986603-afcd-4cf8-afcf-c6b45c0b43cc, command=[]} | ret=SUCCESS |  
2019-08-29 09:37:53,546 [grpc-default-executor-2] INFO  client.GrpcClientProtocolClient (GrpcClientProtocolClient.java:onNext(255)) - client-166A520B6E3C->c8986603-afcd-4cf8-afcf-c6b45c0b43cc: receive RaftClientReply:client-166A520B6E3C->c8986603-afcd-4cf8-afcf-c6b45c0b43cc@group-7FC7981111D6, cid=43, SUCCESS, logIndex=3, commits[c8986603-afcd-4cf8-afcf-c6b45c0b43cc:c4, 129cf440-9aa6-4f56-b440-e84d0b76b9e5:c3, 31202bf3-e3ef-401b-98b9-369e6d4f3507:c3]
2019-08-29 09:37:53,565 | INFO  | DNAudit | user=null | ip=null | op=CREATE_CONTAINER {containerID=2, containerType=KeyValueContainer} | ret=SUCCESS |  
2019-08-29 09:37:53,569 | INFO  | SCMAudit | user=jenkins1000 | ip=192.168.69.87 | op=SEND_HEARTBEAT {datanodeUUID=129cf440-9aa6-4f56-b440-e84d0b76b9e5, command=[]} | ret=SUCCESS |  
2019-08-29 09:37:53,584 | INFO  | DNAudit | user=null | ip=null | op=CREATE_CONTAINER {containerID=2, containerType=KeyValueContainer} | ret=SUCCESS |  
2019-08-29 09:37:53,588 | INFO  | SCMAudit | user=jenkins1000 | ip=192.168.69.87 | op=SEND_HEARTBEAT {datanodeUUID=31202bf3-e3ef-401b-98b9-369e6d4f3507, command=[]} | ret=SUCCESS |  
2019-08-29 09:37:53,745 | INFO  | DNAudit | user=null | ip=null | op=CREATE_CONTAINER {containerID=3, containerType=KeyValueContainer} | ret=SUCCESS |  
2019-08-29 09:37:53,750 | INFO  | SCMAudit | user=jenkins1000 | ip=192.168.69.87 | op=SEND_HEARTBEAT {datanodeUUID=c8986603-afcd-4cf8-afcf-c6b45c0b43cc, command=[]} | ret=SUCCESS |  
2019-08-29 09:37:53,752 [grpc-default-executor-2] INFO  client.GrpcClientProtocolClient (GrpcClientProtocolClient.java:onNext(255)) - client-166A520B6E3C->c8986603-afcd-4cf8-afcf-c6b45c0b43cc: receive RaftClientReply:client-166A520B6E3C->c8986603-afcd-4cf8-afcf-c6b45c0b43cc@group-7FC7981111D6, cid=44, SUCCESS, logIndex=5, commits[c8986603-afcd-4cf8-afcf-c6b45c0b43cc:c6, 129cf440-9aa6-4f56-b440-e84d0b76b9e5:c5, 31202bf3-e3ef-401b-98b9-369e6d4f3507:c5]
2019-08-29 09:37:53,779 | INFO  | DNAudit | user=null | ip=null | op=CREATE_CONTAINER {containerID=3, containerType=KeyValueContainer} | ret=SUCCESS |  
2019-08-29 09:37:53,779 | INFO  | DNAudit | user=null | ip=null | op=CREATE_CONTAINER {containerID=3, containerType=KeyValueContainer} | ret=SUCCESS |  
2019-08-29 09:37:53,780 | INFO  | SCMAudit | user=jenkins1000 | ip=192.168.69.87 | op=SEND_HEARTBEAT {datanodeUUID=31202bf3-e3ef-401b-98b9-369e6d4f3507, command=[]} | ret=SUCCESS |  
2019-08-29 09:37:53,780 | INFO  | SCMAudit | user=jenkins1000 | ip=192.168.69.87 | op=SEND_HEARTBEAT {datanodeUUID=129cf440-9aa6-4f56-b440-e84d0b76b9e5, command=[]} | ret=SUCCESS |  
2019-08-29 09:37:54,139 | INFO  | SCMAudit | user=jenkins1000 | ip=192.168.69.87 | op=SEND_HEARTBEAT {datanodeUUID=44638b28-be06-4149-9a11-87ab58c8e022, command=[]} | ret=SUCCESS |  
2019-08-29 09:37:54,234 | INFO  | SCMAudit | user=jenkins1000 | ip=192.168.69.87 | op=SEND_HEARTBEAT {datanodeUUID=73941da8-7b3a-43e7-8aff-0a9367598152, command=[]} | ret=SUCCESS |  
2019-08-29 09:37:54,325 | INFO  | SCMAudit | user=jenkins1000 | ip=192.168.69.87 | op=SEND_HEARTBEAT {datanodeUUID=c6f9d398-2eae-4a63-879f-a1d1bc55d1b3, command=[]} | ret=SUCCESS |  
2019-08-29 09:37:54,518 | INFO  | SCMAudit | user=jenkins1000 | ip=192.168.69.87 | op=SEND_HEARTBEAT {datanodeUUID=7a2e5536-d576-4bf3-9dec-9e4177d66979, command=[]} | ret=SUCCESS |  
2019-08-29 09:37:54,747 | INFO  | SCMAudit | user=jenkins1000 | ip=192.168.69.87 | op=SEND_HEARTBEAT {datanodeUUID=c8986603-afcd-4cf8-afcf-c6b45c0b43cc, command=[]} | ret=SUCCESS |  
2019-08-29 09:37:54,780 | INFO  | SCMAudit | user=jenkins1000 | ip=192.168.69.87 | op=SEND_HEARTBEAT {datanodeUUID=31202bf3-e3ef-401b-98b9-369e6d4f3507, command=[]} | ret=SUCCESS |  
2019-08-29 09:37:54,780 | INFO  | SCMAudit | user=jenkins1000 | ip=192.168.69.87 | op=SEND_HEARTBEAT {datanodeUUID=129cf440-9aa6-4f56-b440-e84d0b76b9e5, command=[]} | ret=SUCCESS |  
2019-08-29 09:37:55,140 | INFO  | SCMAudit | user=jenkins1000 | ip=192.168.69.87 | op=SEND_HEARTBEAT {datanodeUUID=44638b28-be06-4149-9a11-87ab58c8e022, command=[]} | ret=SUCCESS |  
2019-08-29 09:37:55,235 | INFO  | SCMAudit | user=jenkins1000 | ip=192.168.69.87 | op=SEND_HEARTBEAT {datanodeUUID=73941da8-7b3a-43e7-8aff-0a9367598152, command=[]} | ret=SUCCESS |  
2019-08-29 09:37:55,325 | INFO  | SCMAudit | user=jenkins1000 | ip=192.168.69.87 | op=SEND_HEARTBEAT {datanodeUUID=c6f9d398-2eae-4a63-879f-a1d1bc55d1b3, command=[]} | ret=SUCCESS |  
2019-08-29 09:37:55,518 | INFO  | SCMAudit | user=jenkins1000 | ip=192.168.69.87 | op=SEND_HEARTBEAT {datanodeUUID=7a2e5536-d576-4bf3-9dec-9e4177d66979, command=[]} | ret=SUCCESS |  
2019-08-29 09:37:55,747 | INFO  | SCMAudit | user=jenkins1000 | ip=192.168.69.87 | op=SEND_HEARTBEAT {datanodeUUID=c8986603-afcd-4cf8-afcf-c6b45c0b43cc, command=[]} | ret=SUCCESS |  
2019-08-29 09:37:55,779 | INFO  | SCMAudit | user=jenkins1000 | ip=192.168.69.87 | op=SEND_HEARTBEAT {datanodeUUID=129cf440-9aa6-4f56-b440-e84d0b76b9e5, command=[]} | ret=SUCCESS |  
2019-08-29 09:37:55,779 | INFO  | SCMAudit | user=jenkins1000 | ip=192.168.69.87 | op=SEND_HEARTBEAT {datanodeUUID=31202bf3-e3ef-401b-98b9-369e6d4f3507, command=[]} | ret=SUCCESS |  
2019-08-29 09:37:56,139 | INFO  | SCMAudit | user=jenkins1000 | ip=192.168.69.87 | op=SEND_HEARTBEAT {datanodeUUID=44638b28-be06-4149-9a11-87ab58c8e022, command=[]} | ret=SUCCESS |  
2019-08-29 09:37:56,236 | INFO  | SCMAudit | user=jenkins1000 | ip=192.168.69.87 | op=SEND_HEARTBEAT {datanodeUUID=73941da8-7b3a-43e7-8aff-0a9367598152, command=[]} | ret=SUCCESS |  
2019-08-29 09:37:56,325 | INFO  | SCMAudit | user=jenkins1000 | ip=192.168.69.87 | op=SEND_HEARTBEAT {datanodeUUID=c6f9d398-2eae-4a63-879f-a1d1bc55d1b3, command=[]} | ret=SUCCESS |  
2019-08-29 09:37:56,519 | INFO  | SCMAudit | user=jenkins1000 | ip=192.168.69.87 | op=SEND_HEARTBEAT {datanodeUUID=7a2e5536-d576-4bf3-9dec-9e4177d66979, command=[]} | ret=SUCCESS |  
2019-08-29 09:37:56,748 | INFO  | SCMAudit | user=jenkins1000 | ip=192.168.69.87 | op=SEND_HEARTBEAT {datanodeUUID=c8986603-afcd-4cf8-afcf-c6b45c0b43cc, command=[]} | ret=SUCCESS |  
2019-08-29 09:37:56,779 | INFO  | SCMAudit | user=jenkins1000 | ip=192.168.69.87 | op=SEND_HEARTBEAT {datanodeUUID=31202bf3-e3ef-401b-98b9-369e6d4f3507, command=[]} | ret=SUCCESS |  
2019-08-29 09:37:56,780 | INFO  | SCMAudit | user=jenkins1000 | ip=192.168.69.87 | op=SEND_HEARTBEAT {datanodeUUID=129cf440-9aa6-4f56-b440-e84d0b76b9e5, command=[]} | ret=SUCCESS |  
2019-08-29 09:37:57,138 | INFO  | SCMAudit | user=jenkins1000 | ip=192.168.69.87 | op=SEND_HEARTBEAT {datanodeUUID=44638b28-be06-4149-9a11-87ab58c8e022, command=[]} | ret=SUCCESS |  
2019-08-29 09:37:57,237 | INFO  | SCMAudit | user=jenkins1000 | ip=192.168.69.87 | op=SEND_HEARTBEAT {datanodeUUID=73941da8-7b3a-43e7-8aff-0a9367598152, command=[]} | ret=SUCCESS |  
2019-08-29 09:37:57,324 | INFO  | SCMAudit | user=jenkins1000 | ip=192.168.69.87 | op=SEND_HEARTBEAT {datanodeUUID=c6f9d398-2eae-4a63-879f-a1d1bc55d1b3, command=[]} | ret=SUCCESS |  
2019-08-29 09:37:57,519 | INFO  | SCMAudit | user=jenkins1000 | ip=192.168.69.87 | op=SEND_HEARTBEAT {datanodeUUID=7a2e5536-d576-4bf3-9dec-9e4177d66979, command=[]} | ret=SUCCESS |  
2019-08-29 09:37:57,748 | INFO  | SCMAudit | user=jenkins1000 | ip=192.168.69.87 | op=SEND_HEARTBEAT {datanodeUUID=c8986603-afcd-4cf8-afcf-c6b45c0b43cc, command=[]} | ret=SUCCESS |  
2019-08-29 09:37:57,779 | INFO  | SCMAudit | user=jenkins1000 | ip=192.168.69.87 | op=SEND_HEARTBEAT {datanodeUUID=129cf440-9aa6-4f56-b440-e84d0b76b9e5, command=[]} | ret=SUCCESS |  
2019-08-29 09:37:57,779 | INFO  | SCMAudit | user=jenkins1000 | ip=192.168.69.87 | op=SEND_HEARTBEAT {datanodeUUID=31202bf3-e3ef-401b-98b9-369e6d4f3507, command=[]} | ret=SUCCESS |  
2019-08-29 09:37:58,138 | INFO  | SCMAudit | user=jenkins1000 | ip=192.168.69.87 | op=SEND_HEARTBEAT {datanodeUUID=44638b28-be06-4149-9a11-87ab58c8e022, command=[]} | ret=SUCCESS |  
2019-08-29 09:37:58,237 | INFO  | SCMAudit | user=jenkins1000 | ip=192.168.69.87 | op=SEND_HEARTBEAT {datanodeUUID=73941da8-7b3a-43e7-8aff-0a9367598152, command=[]} | ret=SUCCESS |  
2019-08-29 09:37:58,325 | INFO  | SCMAudit | user=jenkins1000 | ip=192.168.69.87 | op=SEND_HEARTBEAT {datanodeUUID=c6f9d398-2eae-4a63-879f-a1d1bc55d1b3, command=[]} | ret=SUCCESS |  
2019-08-29 09:37:58,519 | INFO  | SCMAudit | user=jenkins1000 | ip=192.168.69.87 | op=SEND_HEARTBEAT {datanodeUUID=7a2e5536-d576-4bf3-9dec-9e4177d66979, command=[]} | ret=SUCCESS |  
2019-08-29 09:37:58,748 | INFO  | SCMAudit | user=jenkins1000 | ip=192.168.69.87 | op=SEND_HEARTBEAT {datanodeUUID=c8986603-afcd-4cf8-afcf-c6b45c0b43cc, command=[]} | ret=SUCCESS |  
2019-08-29 09:37:58,779 | INFO  | SCMAudit | user=jenkins1000 | ip=192.168.69.87 | op=SEND_HEARTBEAT {datanodeUUID=129cf440-9aa6-4f56-b440-e84d0b76b9e5, command=[]} | ret=SUCCESS |  
2019-08-29 09:37:58,779 | INFO  | SCMAudit | user=jenkins1000 | ip=192.168.69.87 | op=SEND_HEARTBEAT {datanodeUUID=31202bf3-e3ef-401b-98b9-369e6d4f3507, command=[]} | ret=SUCCESS |  
2019-08-29 09:37:58,798 [grpc-default-executor-2] INFO  client.GrpcClientProtocolClient (GrpcClientProtocolClient.java:onNext(255)) - client-166A520B6E3C->129cf440-9aa6-4f56-b440-e84d0b76b9e5: receive RaftClientReply:client-166A520B6E3C->129cf440-9aa6-4f56-b440-e84d0b76b9e5@group-7FC7981111D6, cid=45, FAILED org.apache.ratis.protocol.NotLeaderException: Server 129cf440-9aa6-4f56-b440-e84d0b76b9e5 is not the leader (c8986603-afcd-4cf8-afcf-c6b45c0b43cc:192.168.69.87:46863). Request must be sent to leader., logIndex=0, commits[129cf440-9aa6-4f56-b440-e84d0b76b9e5:c8, c8986603-afcd-4cf8-afcf-c6b45c0b43cc:c8, 31202bf3-e3ef-401b-98b9-369e6d4f3507:c8]
2019-08-29 09:37:59,139 | INFO  | SCMAudit | user=jenkins1000 | ip=192.168.69.87 | op=SEND_HEARTBEAT {datanodeUUID=44638b28-be06-4149-9a11-87ab58c8e022, command=[]} | ret=SUCCESS |  
2019-08-29 09:37:59,237 | INFO  | SCMAudit | user=jenkins1000 | ip=192.168.69.87 | op=SEND_HEARTBEAT {datanodeUUID=73941da8-7b3a-43e7-8aff-0a9367598152, command=[]} | ret=SUCCESS |  
2019-08-29 09:37:59,325 | INFO  | SCMAudit | user=jenkins1000 | ip=192.168.69.87 | op=SEND_HEARTBEAT {datanodeUUID=c6f9d398-2eae-4a63-879f-a1d1bc55d1b3, command=[]} | ret=SUCCESS |  
2019-08-29 09:37:59,519 | INFO  | SCMAudit | user=jenkins1000 | ip=192.168.69.87 | op=SEND_HEARTBEAT {datanodeUUID=7a2e5536-d576-4bf3-9dec-9e4177d66979, command=[]} | ret=SUCCESS |  
2019-08-29 09:37:59,748 | INFO  | SCMAudit | user=jenkins1000 | ip=192.168.69.87 | op=SEND_HEARTBEAT {datanodeUUID=c8986603-afcd-4cf8-afcf-c6b45c0b43cc, command=[]} | ret=SUCCESS |  
2019-08-29 09:37:59,779 | INFO  | SCMAudit | user=jenkins1000 | ip=192.168.69.87 | op=SEND_HEARTBEAT {datanodeUUID=129cf440-9aa6-4f56-b440-e84d0b76b9e5, command=[]} | ret=SUCCESS |  
2019-08-29 09:37:59,779 | INFO  | SCMAudit | user=jenkins1000 | ip=192.168.69.87 | op=SEND_HEARTBEAT {datanodeUUID=31202bf3-e3ef-401b-98b9-369e6d4f3507, command=[]} | ret=SUCCESS |  
2019-08-29 09:38:00,139 | INFO  | SCMAudit | user=jenkins1000 | ip=192.168.69.87 | op=SEND_HEARTBEAT {datanodeUUID=44638b28-be06-4149-9a11-87ab58c8e022, command=[]} | ret=SUCCESS |  
2019-08-29 09:38:00,237 | INFO  | SCMAudit | user=jenkins1000 | ip=192.168.69.87 | op=SEND_HEARTBEAT {datanodeUUID=73941da8-7b3a-43e7-8aff-0a9367598152, command=[]} | ret=SUCCESS |  
2019-08-29 09:38:00,325 | INFO  | SCMAudit | user=jenkins1000 | ip=192.168.69.87 | op=SEND_HEARTBEAT {datanodeUUID=c6f9d398-2eae-4a63-879f-a1d1bc55d1b3, command=[]} | ret=SUCCESS |  
2019-08-29 09:38:00,518 | INFO  | SCMAudit | user=jenkins1000 | ip=192.168.69.87 | op=SEND_HEARTBEAT {datanodeUUID=7a2e5536-d576-4bf3-9dec-9e4177d66979, command=[]} | ret=SUCCESS |  
2019-08-29 09:38:00,747 | INFO  | SCMAudit | user=jenkins1000 | ip=192.168.69.87 | op=SEND_HEARTBEAT {datanodeUUID=c8986603-afcd-4cf8-afcf-c6b45c0b43cc, command=[]} | ret=SUCCESS |  
2019-08-29 09:38:00,779 | INFO  | SCMAudit | user=jenkins1000 | ip=192.168.69.87 | op=SEND_HEARTBEAT {datanodeUUID=31202bf3-e3ef-401b-98b9-369e6d4f3507, command=[]} | ret=SUCCESS |  
2019-08-29 09:38:00,779 | INFO  | SCMAudit | user=jenkins1000 | ip=192.168.69.87 | op=SEND_HEARTBEAT {datanodeUUID=129cf440-9aa6-4f56-b440-e84d0b76b9e5, command=[]} | ret=SUCCESS |  
2019-08-29 09:38:01,139 | INFO  | SCMAudit | user=jenkins1000 | ip=192.168.69.87 | op=SEND_HEARTBEAT {datanodeUUID=44638b28-be06-4149-9a11-87ab58c8e022, command=[]} | ret=SUCCESS |  
2019-08-29 09:38:01,237 | INFO  | SCMAudit | user=jenkins1000 | ip=192.168.69.87 | op=SEND_HEARTBEAT {datanodeUUID=73941da8-7b3a-43e7-8aff-0a9367598152, command=[]} | ret=SUCCESS |  
2019-08-29 09:38:01,324 | INFO  | SCMAudit | user=jenkins1000 | ip=192.168.69.87 | op=SEND_HEARTBEAT {datanodeUUID=c6f9d398-2eae-4a63-879f-a1d1bc55d1b3, command=[]} | ret=SUCCESS |  
2019-08-29 09:38:01,518 | INFO  | SCMAudit | user=jenkins1000 | ip=192.168.69.87 | op=SEND_HEARTBEAT {datanodeUUID=7a2e5536-d576-4bf3-9dec-9e4177d66979, command=[]} | ret=SUCCESS |  
2019-08-29 09:38:01,747 | INFO  | SCMAudit | user=jenkins1000 | ip=192.168.69.87 | op=SEND_HEARTBEAT {datanodeUUID=c8986603-afcd-4cf8-afcf-c6b45c0b43cc, command=[]} | ret=SUCCESS |  
2019-08-29 09:38:01,779 | INFO  | SCMAudit | user=jenkins1000 | ip=192.168.69.87 | op=SEND_HEARTBEAT {datanodeUUID=129cf440-9aa6-4f56-b440-e84d0b76b9e5, command=[]} | ret=SUCCESS |  
2019-08-29 09:38:01,779 | INFO  | SCMAudit | user=jenkins1000 | ip=192.168.69.87 | op=SEND_HEARTBEAT {datanodeUUID=31202bf3-e3ef-401b-98b9-369e6d4f3507, command=[]} | ret=SUCCESS |  
2019-08-29 09:38:02,138 | INFO  | SCMAudit | user=jenkins1000 | ip=192.168.69.87 | op=SEND_HEARTBEAT {datanodeUUID=44638b28-be06-4149-9a11-87ab58c8e022, command=[]} | ret=SUCCESS |  
2019-08-29 09:38:02,237 | INFO  | SCMAudit | user=jenkins1000 | ip=192.168.69.87 | op=SEND_HEARTBEAT {datanodeUUID=73941da8-7b3a-43e7-8aff-0a9367598152, command=[]} | ret=SUCCESS |  
2019-08-29 09:38:02,324 | INFO  | SCMAudit | user=jenkins1000 | ip=192.168.69.87 | op=SEND_HEARTBEAT {datanodeUUID=c6f9d398-2eae-4a63-879f-a1d1bc55d1b3, command=[]} | ret=SUCCESS |  
2019-08-29 09:38:02,519 | INFO  | SCMAudit | user=jenkins1000 | ip=192.168.69.87 | op=SEND_HEARTBEAT {datanodeUUID=7a2e5536-d576-4bf3-9dec-9e4177d66979, command=[]} | ret=SUCCESS |  
2019-08-29 09:38:02,748 | INFO  | SCMAudit | user=jenkins1000 | ip=192.168.69.87 | op=SEND_HEARTBEAT {datanodeUUID=c8986603-afcd-4cf8-afcf-c6b45c0b43cc, command=[]} | ret=SUCCESS |  
2019-08-29 09:38:02,780 | INFO  | SCMAudit | user=jenkins1000 | ip=192.168.69.87 | op=SEND_HEARTBEAT {datanodeUUID=129cf440-9aa6-4f56-b440-e84d0b76b9e5, command=[]} | ret=SUCCESS |  
2019-08-29 09:38:02,780 | INFO  | SCMAudit | user=jenkins1000 | ip=192.168.69.87 | op=SEND_HEARTBEAT {datanodeUUID=31202bf3-e3ef-401b-98b9-369e6d4f3507, command=[]} | ret=SUCCESS |  
2019-08-29 09:38:03,138 | INFO  | SCMAudit | user=jenkins1000 | ip=192.168.69.87 | op=SEND_HEARTBEAT {datanodeUUID=44638b28-be06-4149-9a11-87ab58c8e022, command=[]} | ret=SUCCESS |  
2019-08-29 09:38:03,237 | INFO  | SCMAudit | user=jenkins1000 | ip=192.168.69.87 | op=SEND_HEARTBEAT {datanodeUUID=73941da8-7b3a-43e7-8aff-0a9367598152, command=[]} | ret=SUCCESS |  
2019-08-29 09:38:03,325 | INFO  | SCMAudit | user=jenkins1000 | ip=192.168.69.87 | op=SEND_HEARTBEAT {datanodeUUID=c6f9d398-2eae-4a63-879f-a1d1bc55d1b3, command=[]} | ret=SUCCESS |  
2019-08-29 09:38:03,519 | INFO  | SCMAudit | user=jenkins1000 | ip=192.168.69.87 | op=SEND_HEARTBEAT {datanodeUUID=7a2e5536-d576-4bf3-9dec-9e4177d66979, command=[]} | ret=SUCCESS |  
2019-08-29 09:38:03,747 | INFO  | SCMAudit | user=jenkins1000 | ip=192.168.69.87 | op=SEND_HEARTBEAT {datanodeUUID=c8986603-afcd-4cf8-afcf-c6b45c0b43cc, command=[]} | ret=SUCCESS |  
2019-08-29 09:38:03,779 | INFO  | SCMAudit | user=jenkins1000 | ip=192.168.69.87 | op=SEND_HEARTBEAT {datanodeUUID=129cf440-9aa6-4f56-b440-e84d0b76b9e5, command=[]} | ret=SUCCESS |  
2019-08-29 09:38:03,779 | INFO  | SCMAudit | user=jenkins1000 | ip=192.168.69.87 | op=SEND_HEARTBEAT {datanodeUUID=31202bf3-e3ef-401b-98b9-369e6d4f3507, command=[]} | ret=SUCCESS |  
2019-08-29 09:38:03,842 [grpc-default-executor-5] INFO  client.GrpcClientProtocolClient (GrpcClientProtocolClient.java:onNext(255)) - client-166A520B6E3C->129cf440-9aa6-4f56-b440-e84d0b76b9e5: receive RaftClientReply:client-166A520B6E3C->129cf440-9aa6-4f56-b440-e84d0b76b9e5@group-7FC7981111D6, cid=45, FAILED org.apache.ratis.protocol.NotLeaderException: Server 129cf440-9aa6-4f56-b440-e84d0b76b9e5 is not the leader (c8986603-afcd-4cf8-afcf-c6b45c0b43cc:192.168.69.87:46863). Request must be sent to leader., logIndex=0, commits[129cf440-9aa6-4f56-b440-e84d0b76b9e5:c8, c8986603-afcd-4cf8-afcf-c6b45c0b43cc:c8, 31202bf3-e3ef-401b-98b9-369e6d4f3507:c8]
2019-08-29 09:38:04,138 | INFO  | SCMAudit | user=jenkins1000 | ip=192.168.69.87 | op=SEND_HEARTBEAT {datanodeUUID=44638b28-be06-4149-9a11-87ab58c8e022, command=[]} | ret=SUCCESS |  
2019-08-29 09:38:04,237 | INFO  | SCMAudit | user=jenkins1000 | ip=192.168.69.87 | op=SEND_HEARTBEAT {datanodeUUID=73941da8-7b3a-43e7-8aff-0a9367598152, command=[]} | ret=SUCCESS |  
2019-08-29 09:38:04,326 | INFO  | SCMAudit | user=jenkins1000 | ip=192.168.69.87 | op=SEND_HEARTBEAT {datanodeUUID=c6f9d398-2eae-4a63-879f-a1d1bc55d1b3, command=[]} | ret=SUCCESS |  
2019-08-29 09:38:04,519 | INFO  | SCMAudit | user=jenkins1000 | ip=192.168.69.87 | op=SEND_HEARTBEAT {datanodeUUID=7a2e5536-d576-4bf3-9dec-9e4177d66979, command=[]} | ret=SUCCESS |  
2019-08-29 09:38:04,748 | INFO  | SCMAudit | user=jenkins1000 | ip=192.168.69.87 | op=SEND_HEARTBEAT {datanodeUUID=c8986603-afcd-4cf8-afcf-c6b45c0b43cc, command=[]} | ret=SUCCESS |  
2019-08-29 09:38:04,779 | INFO  | SCMAudit | user=jenkins1000 | ip=192.168.69.87 | op=SEND_HEARTBEAT {datanodeUUID=31202bf3-e3ef-401b-98b9-369e6d4f3507, command=[]} | ret=SUCCESS |  
2019-08-29 09:38:04,780 | INFO  | SCMAudit | user=jenkins1000 | ip=192.168.69.87 | op=SEND_HEARTBEAT {datanodeUUID=129cf440-9aa6-4f56-b440-e84d0b76b9e5, command=[]} | ret=SUCCESS |  
2019-08-29 09:38:05,138 | INFO  | SCMAudit | user=jenkins1000 | ip=192.168.69.87 | op=SEND_HEARTBEAT {datanodeUUID=44638b28-be06-4149-9a11-87ab58c8e022, command=[]} | ret=SUCCESS |  
2019-08-29 09:38:05,237 | INFO  | SCMAudit | user=jenkins1000 | ip=192.168.69.87 | op=SEND_HEARTBEAT {datanodeUUID=73941da8-7b3a-43e7-8aff-0a9367598152, command=[]} | ret=SUCCESS |  
2019-08-29 09:38:05,327 | INFO  | SCMAudit | user=jenkins1000 | ip=192.168.69.87 | op=SEND_HEARTBEAT {datanodeUUID=c6f9d398-2eae-4a63-879f-a1d1bc55d1b3, command=[]} | ret=SUCCESS |  
2019-08-29 09:38:05,519 | INFO  | SCMAudit | user=jenkins1000 | ip=192.168.69.87 | op=SEND_HEARTBEAT {datanodeUUID=7a2e5536-d576-4bf3-9dec-9e4177d66979, command=[]} | ret=SUCCESS |  
2019-08-29 09:38:05,748 | INFO  | SCMAudit | user=jenkins1000 | ip=192.168.69.87 | op=SEND_HEARTBEAT {datanodeUUID=c8986603-afcd-4cf8-afcf-c6b45c0b43cc, command=[]} | ret=SUCCESS |  
2019-08-29 09:38:05,779 | INFO  | SCMAudit | user=jenkins1000 | ip=192.168.69.87 | op=SEND_HEARTBEAT {datanodeUUID=129cf440-9aa6-4f56-b440-e84d0b76b9e5, command=[]} | ret=SUCCESS |  
2019-08-29 09:38:05,780 | INFO  | SCMAudit | user=jenkins1000 | ip=192.168.69.87 | op=SEND_HEARTBEAT {datanodeUUID=31202bf3-e3ef-401b-98b9-369e6d4f3507, command=[]} | ret=SUCCESS |  
2019-08-29 09:38:06,139 | INFO  | SCMAudit | user=jenkins1000 | ip=192.168.69.87 | op=SEND_HEARTBEAT {datanodeUUID=44638b28-be06-4149-9a11-87ab58c8e022, command=[]} | ret=SUCCESS |  
2019-08-29 09:38:06,236 | INFO  | SCMAudit | user=jenkins1000 | ip=192.168.69.87 | op=SEND_HEARTBEAT {datanodeUUID=73941da8-7b3a-43e7-8aff-0a9367598152, command=[]} | ret=SUCCESS |  
2019-08-29 09:38:06,326 | INFO  | SCMAudit | user=jenkins1000 | ip=192.168.69.87 | op=SEND_HEARTBEAT {datanodeUUID=c6f9d398-2eae-4a63-879f-a1d1bc55d1b3, command=[]} | ret=SUCCESS |  
2019-08-29 09:38:06,519 | INFO  | SCMAudit | user=jenkins1000 | ip=192.168.69.87 | op=SEND_HEARTBEAT {datanodeUUID=7a2e5536-d576-4bf3-9dec-9e4177d66979, command=[]} | ret=SUCCESS |  
2019-08-29 09:38:06,748 | INFO  | SCMAudit | user=jenkins1000 | ip=192.168.69.87 | op=SEND_HEARTBEAT {datanodeUUID=c8986603-afcd-4cf8-afcf-c6b45c0b43cc, command=[]} | ret=SUCCESS |  
2019-08-29 09:38:06,779 | INFO  | SCMAudit | user=jenkins1000 | ip=192.168.69.87 | op=SEND_HEARTBEAT {datanodeUUID=31202bf3-e3ef-401b-98b9-369e6d4f3507, command=[]} | ret=SUCCESS |  
2019-08-29 09:38:06,780 | INFO  | SCMAudit | user=jenkins1000 | ip=192.168.69.87 | op=SEND_HEARTBEAT {datanodeUUID=129cf440-9aa6-4f56-b440-e84d0b76b9e5, command=[]} | ret=SUCCESS |  
2019-08-29 09:38:07,139 | INFO  | SCMAudit | user=jenkins1000 | ip=192.168.69.87 | op=SEND_HEARTBEAT {datanodeUUID=44638b28-be06-4149-9a11-87ab58c8e022, command=[]} | ret=SUCCESS |  
2019-08-29 09:38:07,237 | INFO  | SCMAudit | user=jenkins1000 | ip=192.168.69.87 | op=SEND_HEARTBEAT {datanodeUUID=73941da8-7b3a-43e7-8aff-0a9367598152, command=[]} | ret=SUCCESS |  
2019-08-29 09:38:07,326 | INFO  | SCMAudit | user=jenkins1000 | ip=192.168.69.87 | op=SEND_HEARTBEAT {datanodeUUID=c6f9d398-2eae-4a63-879f-a1d1bc55d1b3, command=[]} | ret=SUCCESS |  
2019-08-29 09:38:07,519 | INFO  | SCMAudit | user=jenkins1000 | ip=192.168.69.87 | op=SEND_HEARTBEAT {datanodeUUID=7a2e5536-d576-4bf3-9dec-9e4177d66979, command=[]} | ret=SUCCESS |  
2019-08-29 09:38:07,748 | INFO  | SCMAudit | user=jenkins1000 | ip=192.168.69.87 | op=SEND_HEARTBEAT {datanodeUUID=c8986603-afcd-4cf8-afcf-c6b45c0b43cc, command=[]} | ret=SUCCESS |  
2019-08-29 09:38:07,779 | INFO  | SCMAudit | user=jenkins1000 | ip=192.168.69.87 | op=SEND_HEARTBEAT {datanodeUUID=31202bf3-e3ef-401b-98b9-369e6d4f3507, command=[]} | ret=SUCCESS |  
2019-08-29 09:38:07,779 | INFO  | SCMAudit | user=jenkins1000 | ip=192.168.69.87 | op=SEND_HEARTBEAT {datanodeUUID=129cf440-9aa6-4f56-b440-e84d0b76b9e5, command=[]} | ret=SUCCESS |  
2019-08-29 09:38:08,138 | INFO  | SCMAudit | user=jenkins1000 | ip=192.168.69.87 | op=SEND_HEARTBEAT {datanodeUUID=44638b28-be06-4149-9a11-87ab58c8e022, command=[]} | ret=SUCCESS |  
2019-08-29 09:38:08,239 | INFO  | SCMAudit | user=jenkins1000 | ip=192.168.69.87 | op=SEND_HEARTBEAT {datanodeUUID=73941da8-7b3a-43e7-8aff-0a9367598152, command=[]} | ret=SUCCESS |  
2019-08-29 09:38:08,327 | INFO  | SCMAudit | user=jenkins1000 | ip=192.168.69.87 | op=SEND_HEARTBEAT {datanodeUUID=c6f9d398-2eae-4a63-879f-a1d1bc55d1b3, command=[]} | ret=SUCCESS |  
2019-08-29 09:38:08,519 | INFO  | SCMAudit | user=jenkins1000 | ip=192.168.69.87 | op=SEND_HEARTBEAT {datanodeUUID=7a2e5536-d576-4bf3-9dec-9e4177d66979, command=[]} | ret=SUCCESS |  
2019-08-29 09:38:08,748 | INFO  | SCMAudit | user=jenkins1000 | ip=192.168.69.87 | op=SEND_HEARTBEAT {datanodeUUID=c8986603-afcd-4cf8-afcf-c6b45c0b43cc, command=[]} | ret=SUCCESS |  
2019-08-29 09:38:08,779 | INFO  | SCMAudit | user=jenkins1000 | ip=192.168.69.87 | op=SEND_HEARTBEAT {datanodeUUID=129cf440-9aa6-4f56-b440-e84d0b76b9e5, command=[]} | ret=SUCCESS |  
2019-08-29 09:38:08,780 | INFO  | SCMAudit | user=jenkins1000 | ip=192.168.69.87 | op=SEND_HEARTBEAT {datanodeUUID=31202bf3-e3ef-401b-98b9-369e6d4f3507, command=[]} | ret=SUCCESS |  
2019-08-29 09:38:08,886 [grpc-default-executor-5] INFO  client.GrpcClientProtocolClient (GrpcClientProtocolClient.java:onNext(255)) - client-166A520B6E3C->31202bf3-e3ef-401b-98b9-369e6d4f3507: receive RaftClientReply:client-166A520B6E3C->31202bf3-e3ef-401b-98b9-369e6d4f3507@group-7FC7981111D6, cid=45, FAILED org.apache.ratis.protocol.NotLeaderException: Server 31202bf3-e3ef-401b-98b9-369e6d4f3507 is not the leader (c8986603-afcd-4cf8-afcf-c6b45c0b43cc:192.168.69.87:46863). Request must be sent to leader., logIndex=0, commits[31202bf3-e3ef-401b-98b9-369e6d4f3507:c8, c8986603-afcd-4cf8-afcf-c6b45c0b43cc:c8, 129cf440-9aa6-4f56-b440-e84d0b76b9e5:c8]
2019-08-29 09:38:09,138 | INFO  | SCMAudit | user=jenkins1000 | ip=192.168.69.87 | op=SEND_HEARTBEAT {datanodeUUID=44638b28-be06-4149-9a11-87ab58c8e022, command=[]} | ret=SUCCESS |  
2019-08-29 09:38:09,238 | INFO  | SCMAudit | user=jenkins1000 | ip=192.168.69.87 | op=SEND_HEARTBEAT {datanodeUUID=73941da8-7b3a-43e7-8aff-0a9367598152, command=[]} | ret=SUCCESS |  
2019-08-29 09:38:09,327 | INFO  | SCMAudit | user=jenkins1000 | ip=192.168.69.87 | op=SEND_HEARTBEAT {datanodeUUID=c6f9d398-2eae-4a63-879f-a1d1bc55d1b3, command=[]} | ret=SUCCESS |  
2019-08-29 09:38:09,553 | INFO  | SCMAudit | user=jenkins1000 | ip=192.168.69.87 | op=SEND_HEARTBEAT {datanodeUUID=7a2e5536-d576-4bf3-9dec-9e4177d66979, command=[]} | ret=SUCCESS |  
2019-08-29 09:38:09,747 | INFO  | SCMAudit | user=jenkins1000 | ip=192.168.69.87 | op=SEND_HEARTBEAT {datanodeUUID=c8986603-afcd-4cf8-afcf-c6b45c0b43cc, command=[]} | ret=SUCCESS |  
2019-08-29 09:38:09,779 | INFO  | SCMAudit | user=jenkins1000 | ip=192.168.69.87 | op=SEND_HEARTBEAT {datanodeUUID=31202bf3-e3ef-401b-98b9-369e6d4f3507, command=[]} | ret=SUCCESS |  
2019-08-29 09:38:09,780 | INFO  | SCMAudit | user=jenkins1000 | ip=192.168.69.87 | op=SEND_HEARTBEAT {datanodeUUID=129cf440-9aa6-4f56-b440-e84d0b76b9e5, command=[]} | ret=SUCCESS |  
2019-08-29 09:38:10,139 | INFO  | SCMAudit | user=jenkins1000 | ip=192.168.69.87 | op=SEND_HEARTBEAT {datanodeUUID=44638b28-be06-4149-9a11-87ab58c8e022, command=[]} | ret=SUCCESS |  
2019-08-29 09:38:10,237 | INFO  | SCMAudit | user=jenkins1000 | ip=192.168.69.87 | op=SEND_HEARTBEAT {datanodeUUID=73941da8-7b3a-43e7-8aff-0a9367598152, command=[]} | ret=SUCCESS |  
2019-08-29 09:38:10,327 | INFO  | SCMAudit | user=jenkins1000 | ip=192.168.69.87 | op=SEND_HEARTBEAT {datanodeUUID=c6f9d398-2eae-4a63-879f-a1d1bc55d1b3, command=[]} | ret=SUCCESS |  
2019-08-29 09:38:10,520 | INFO  | SCMAudit | user=jenkins1000 | ip=192.168.69.87 | op=SEND_HEARTBEAT {datanodeUUID=7a2e5536-d576-4bf3-9dec-9e4177d66979, command=[]} | ret=SUCCESS |  
2019-08-29 09:38:10,748 | INFO  | SCMAudit | user=jenkins1000 | ip=192.168.69.87 | op=SEND_HEARTBEAT {datanodeUUID=c8986603-afcd-4cf8-afcf-c6b45c0b43cc, command=[]} | ret=SUCCESS |  
2019-08-29 09:38:10,779 | INFO  | SCMAudit | user=jenkins1000 | ip=192.168.69.87 | op=SEND_HEARTBEAT {datanodeUUID=129cf440-9aa6-4f56-b440-e84d0b76b9e5, command=[]} | ret=SUCCESS |  
2019-08-29 09:38:10,779 | INFO  | SCMAudit | user=jenkins1000 | ip=192.168.69.87 | op=SEND_HEARTBEAT {datanodeUUID=31202bf3-e3ef-401b-98b9-369e6d4f3507, command=[]} | ret=SUCCESS |  
2019-08-29 09:38:11,140 | INFO  | SCMAudit | user=jenkins1000 | ip=192.168.69.87 | op=SEND_HEARTBEAT {datanodeUUID=44638b28-be06-4149-9a11-87ab58c8e022, command=[]} | ret=SUCCESS |  
2019-08-29 09:38:11,237 | INFO  | SCMAudit | user=jenkins1000 | ip=192.168.69.87 | op=SEND_HEARTBEAT {datanodeUUID=73941da8-7b3a-43e7-8aff-0a9367598152, command=[]} | ret=SUCCESS |  
2019-08-29 09:38:11,326 | INFO  | SCMAudit | user=jenkins1000 | ip=192.168.69.87 | op=SEND_HEARTBEAT {datanodeUUID=c6f9d398-2eae-4a63-879f-a1d1bc55d1b3, command=[]} | ret=SUCCESS |  
2019-08-29 09:38:11,520 | INFO  | SCMAudit | user=jenkins1000 | ip=192.168.69.87 | op=SEND_HEARTBEAT {datanodeUUID=7a2e5536-d576-4bf3-9dec-9e4177d66979, command=[]} | ret=SUCCESS |  
2019-08-29 09:38:11,748 | INFO  | SCMAudit | user=jenkins1000 | ip=192.168.69.87 | op=SEND_HEARTBEAT {datanodeUUID=c8986603-afcd-4cf8-afcf-c6b45c0b43cc, command=[]} | ret=SUCCESS |  
2019-08-29 09:38:11,779 | INFO  | SCMAudit | user=jenkins1000 | ip=192.168.69.87 | op=SEND_HEARTBEAT {datanodeUUID=31202bf3-e3ef-401b-98b9-369e6d4f3507, command=[]} | ret=SUCCESS |  
2019-08-29 09:38:11,780 | INFO  | SCMAudit | user=jenkins1000 | ip=192.168.69.87 | op=SEND_HEARTBEAT {datanodeUUID=129cf440-9aa6-4f56-b440-e84d0b76b9e5, command=[]} | ret=SUCCESS |  
2019-08-29 09:38:12,139 | INFO  | SCMAudit | user=jenkins1000 | ip=192.168.69.87 | op=SEND_HEARTBEAT {datanodeUUID=44638b28-be06-4149-9a11-87ab58c8e022, command=[]} | ret=SUCCESS |  
2019-08-29 09:38:12,238 | INFO  | SCMAudit | user=jenkins1000 | ip=192.168.69.87 | op=SEND_HEARTBEAT {datanodeUUID=73941da8-7b3a-43e7-8aff-0a9367598152, command=[]} | ret=SUCCESS |  
2019-08-29 09:38:12,327 | INFO  | SCMAudit | user=jenkins1000 | ip=192.168.69.87 | op=SEND_HEARTBEAT {datanodeUUID=c6f9d398-2eae-4a63-879f-a1d1bc55d1b3, command=[]} | ret=SUCCESS |  
2019-08-29 09:38:12,520 | INFO  | SCMAudit | user=jenkins1000 | ip=192.168.69.87 | op=SEND_HEARTBEAT {datanodeUUID=7a2e5536-d576-4bf3-9dec-9e4177d66979, command=[]} | ret=SUCCESS |  
2019-08-29 09:38:12,748 | INFO  | SCMAudit | user=jenkins1000 | ip=192.168.69.87 | op=SEND_HEARTBEAT {datanodeUUID=c8986603-afcd-4cf8-afcf-c6b45c0b43cc, command=[]} | ret=SUCCESS |  
2019-08-29 09:38:12,780 | INFO  | SCMAudit | user=jenkins1000 | ip=192.168.69.87 | op=SEND_HEARTBEAT {datanodeUUID=31202bf3-e3ef-401b-98b9-369e6d4f3507, command=[]} | ret=SUCCESS |  
2019-08-29 09:38:12,780 | INFO  | SCMAudit | user=jenkins1000 | ip=192.168.69.87 | op=SEND_HEARTBEAT {datanodeUUID=129cf440-9aa6-4f56-b440-e84d0b76b9e5, command=[]} | ret=SUCCESS |  
2019-08-29 09:38:13,140 | INFO  | SCMAudit | user=jenkins1000 | ip=192.168.69.87 | op=SEND_HEARTBEAT {datanodeUUID=44638b28-be06-4149-9a11-87ab58c8e022, command=[]} | ret=SUCCESS |  
2019-08-29 09:38:13,238 | INFO  | SCMAudit | user=jenkins1000 | ip=192.168.69.87 | op=SEND_HEARTBEAT {datanodeUUID=73941da8-7b3a-43e7-8aff-0a9367598152, command=[]} | ret=SUCCESS |  
2019-08-29 09:38:13,328 | INFO  | SCMAudit | user=jenkins1000 | ip=192.168.69.87 | op=SEND_HEARTBEAT {datanodeUUID=c6f9d398-2eae-4a63-879f-a1d1bc55d1b3, command=[]} | ret=SUCCESS |  
2019-08-29 09:38:13,520 | INFO  | SCMAudit | user=jenkins1000 | ip=192.168.69.87 | op=SEND_HEARTBEAT {datanodeUUID=7a2e5536-d576-4bf3-9dec-9e4177d66979, command=[]} | ret=SUCCESS |  
2019-08-29 09:38:13,748 | INFO  | SCMAudit | user=jenkins1000 | ip=192.168.69.87 | op=SEND_HEARTBEAT {datanodeUUID=c8986603-afcd-4cf8-afcf-c6b45c0b43cc, command=[]} | ret=SUCCESS |  
2019-08-29 09:38:13,781 | INFO  | SCMAudit | user=jenkins1000 | ip=192.168.69.87 | op=SEND_HEARTBEAT {datanodeUUID=31202bf3-e3ef-401b-98b9-369e6d4f3507, command=[]} | ret=SUCCESS |  
2019-08-29 09:38:13,781 | INFO  | SCMAudit | user=jenkins1000 | ip=192.168.69.87 | op=SEND_HEARTBEAT {datanodeUUID=129cf440-9aa6-4f56-b440-e84d0b76b9e5, command=[]} | ret=SUCCESS |  
2019-08-29 09:38:13,926 [grpc-default-executor-5] INFO  client.GrpcClientProtocolClient (GrpcClientProtocolClient.java:onNext(255)) - client-166A520B6E3C->31202bf3-e3ef-401b-98b9-369e6d4f3507: receive RaftClientReply:client-166A520B6E3C->31202bf3-e3ef-401b-98b9-369e6d4f3507@group-7FC7981111D6, cid=45, FAILED org.apache.ratis.protocol.NotLeaderException: Server 31202bf3-e3ef-401b-98b9-369e6d4f3507 is not the leader (c8986603-afcd-4cf8-afcf-c6b45c0b43cc:192.168.69.87:46863). Request must be sent to leader., logIndex=0, commits[31202bf3-e3ef-401b-98b9-369e6d4f3507:c8, c8986603-afcd-4cf8-afcf-c6b45c0b43cc:c8, 129cf440-9aa6-4f56-b440-e84d0b76b9e5:c8]
2019-08-29 09:38:14,140 | INFO  | SCMAudit | user=jenkins1000 | ip=192.168.69.87 | op=SEND_HEARTBEAT {datanodeUUID=44638b28-be06-4149-9a11-87ab58c8e022, command=[]} | ret=SUCCESS |  
2019-08-29 09:38:14,237 | INFO  | SCMAudit | user=jenkins1000 | ip=192.168.69.87 | op=SEND_HEARTBEAT {datanodeUUID=73941da8-7b3a-43e7-8aff-0a9367598152, command=[]} | ret=SUCCESS |  
2019-08-29 09:38:14,327 | INFO  | SCMAudit | user=jenkins1000 | ip=192.168.69.87 | op=SEND_HEARTBEAT {datanodeUUID=c6f9d398-2eae-4a63-879f-a1d1bc55d1b3, command=[]} | ret=SUCCESS |  
2019-08-29 09:38:14,520 | INFO  | SCMAudit | user=jenkins1000 | ip=192.168.69.87 | op=SEND_HEARTBEAT {datanodeUUID=7a2e5536-d576-4bf3-9dec-9e4177d66979, command=[]} | ret=SUCCESS |  
2019-08-29 09:38:14,747 | INFO  | SCMAudit | user=jenkins1000 | ip=192.168.69.87 | op=SEND_HEARTBEAT {datanodeUUID=c8986603-afcd-4cf8-afcf-c6b45c0b43cc, command=[]} | ret=SUCCESS |  
2019-08-29 09:38:14,780 | INFO  | SCMAudit | user=jenkins1000 | ip=192.168.69.87 | op=SEND_HEARTBEAT {datanodeUUID=31202bf3-e3ef-401b-98b9-369e6d4f3507, command=[]} | ret=SUCCESS |  
2019-08-29 09:38:14,780 | INFO  | SCMAudit | user=jenkins1000 | ip=192.168.69.87 | op=SEND_HEARTBEAT {datanodeUUID=129cf440-9aa6-4f56-b440-e84d0b76b9e5, command=[]} | ret=SUCCESS |  
2019-08-29 09:38:15,141 | INFO  | SCMAudit | user=jenkins1000 | ip=192.168.69.87 | op=SEND_HEARTBEAT {datanodeUUID=44638b28-be06-4149-9a11-87ab58c8e022, command=[]} | ret=SUCCESS |  
2019-08-29 09:38:15,237 | INFO  | SCMAudit | user=jenkins1000 | ip=192.168.69.87 | op=SEND_HEARTBEAT {datanodeUUID=73941da8-7b3a-43e7-8aff-0a9367598152, command=[]} | ret=SUCCESS |  
2019-08-29 09:38:15,327 | INFO  | SCMAudit | user=jenkins1000 | ip=192.168.69.87 | op=SEND_HEARTBEAT {datanodeUUID=c6f9d398-2eae-4a63-879f-a1d1bc55d1b3, command=[]} | ret=SUCCESS |  
2019-08-29 09:38:15,519 | INFO  | SCMAudit | user=jenkins1000 | ip=192.168.69.87 | op=SEND_HEARTBEAT {datanodeUUID=7a2e5536-d576-4bf3-9dec-9e4177d66979, command=[]} | ret=SUCCESS |  
2019-08-29 09:38:15,747 | INFO  | SCMAudit | user=jenkins1000 | ip=192.168.69.87 | op=SEND_HEARTBEAT {datanodeUUID=c8986603-afcd-4cf8-afcf-c6b45c0b43cc, command=[]} | ret=SUCCESS |  
2019-08-29 09:38:15,781 | INFO  | SCMAudit | user=jenkins1000 | ip=192.168.69.87 | op=SEND_HEARTBEAT {datanodeUUID=31202bf3-e3ef-401b-98b9-369e6d4f3507, command=[]} | ret=SUCCESS |  
2019-08-29 09:38:15,781 | INFO  | SCMAudit | user=jenkins1000 | ip=192.168.69.87 | op=SEND_HEARTBEAT {datanodeUUID=129cf440-9aa6-4f56-b440-e84d0b76b9e5, command=[]} | ret=SUCCESS |  
2019-08-29 09:38:16,142 | INFO  | SCMAudit | user=jenkins1000 | ip=192.168.69.87 | op=SEND_HEARTBEAT {datanodeUUID=44638b28-be06-4149-9a11-87ab58c8e022, command=[]} | ret=SUCCESS |  
2019-08-29 09:38:16,237 | INFO  | SCMAudit | user=jenkins1000 | ip=192.168.69.87 | op=SEND_HEARTBEAT {datanodeUUID=73941da8-7b3a-43e7-8aff-0a9367598152, command=[]} | ret=SUCCESS |  
2019-08-29 09:38:16,328 | INFO  | SCMAudit | user=jenkins1000 | ip=192.168.69.87 | op=SEND_HEARTBEAT {datanodeUUID=c6f9d398-2eae-4a63-879f-a1d1bc55d1b3, command=[]} | ret=SUCCESS |  
2019-08-29 09:38:16,519 | INFO  | SCMAudit | user=jenkins1000 | ip=192.168.69.87 | op=SEND_HEARTBEAT {datanodeUUID=7a2e5536-d576-4bf3-9dec-9e4177d66979, command=[]} | ret=SUCCESS |  
2019-08-29 09:38:16,748 | INFO  | SCMAudit | user=jenkins1000 | ip=192.168.69.87 | op=SEND_HEARTBEAT {datanodeUUID=c8986603-afcd-4cf8-afcf-c6b45c0b43cc, command=[]} | ret=SUCCESS |  
2019-08-29 09:38:16,781 | INFO  | SCMAudit | user=jenkins1000 | ip=192.168.69.87 | op=SEND_HEARTBEAT {datanodeUUID=31202bf3-e3ef-401b-98b9-369e6d4f3507, command=[]} | ret=SUCCESS |  
2019-08-29 09:38:16,781 | INFO  | SCMAudit | user=jenkins1000 | ip=192.168.69.87 | op=SEND_HEARTBEAT {datanodeUUID=129cf440-9aa6-4f56-b440-e84d0b76b9e5, command=[]} | ret=SUCCESS |  
2019-08-29 09:38:17,141 | INFO  | SCMAudit | user=jenkins1000 | ip=192.168.69.87 | op=SEND_HEARTBEAT {datanodeUUID=44638b28-be06-4149-9a11-87ab58c8e022, command=[]} | ret=SUCCESS |  
2019-08-29 09:38:17,238 | INFO  | SCMAudit | user=jenkins1000 | ip=192.168.69.87 | op=SEND_HEARTBEAT {datanodeUUID=73941da8-7b3a-43e7-8aff-0a9367598152, command=[]} | ret=SUCCESS |  
2019-08-29 09:38:17,327 | INFO  | SCMAudit | user=jenkins1000 | ip=192.168.69.87 | op=SEND_HEARTBEAT {datanodeUUID=c6f9d398-2eae-4a63-879f-a1d1bc55d1b3, command=[]} | ret=SUCCESS |  
2019-08-29 09:38:17,520 | INFO  | SCMAudit | user=jenkins1000 | ip=192.168.69.87 | op=SEND_HEARTBEAT {datanodeUUID=7a2e5536-d576-4bf3-9dec-9e4177d66979, command=[]} | ret=SUCCESS |  
2019-08-29 09:38:17,749 | INFO  | SCMAudit | user=jenkins1000 | ip=192.168.69.87 | op=SEND_HEARTBEAT {datanodeUUID=c8986603-afcd-4cf8-afcf-c6b45c0b43cc, command=[]} | ret=SUCCESS |  
2019-08-29 09:38:17,781 | INFO  | SCMAudit | user=jenkins1000 | ip=192.168.69.87 | op=SEND_HEARTBEAT {datanodeUUID=129cf440-9aa6-4f56-b440-e84d0b76b9e5, command=[]} | ret=SUCCESS |  
2019-08-29 09:38:17,782 | INFO  | SCMAudit | user=jenkins1000 | ip=192.168.69.87 | op=SEND_HEARTBEAT {datanodeUUID=31202bf3-e3ef-401b-98b9-369e6d4f3507, command=[]} | ret=SUCCESS |  
2019-08-29 09:38:18,142 | INFO  | SCMAudit | user=jenkins1000 | ip=192.168.69.87 | op=SEND_HEARTBEAT {datanodeUUID=44638b28-be06-4149-9a11-87ab58c8e022, command=[]} | ret=SUCCESS |  
2019-08-29 09:38:18,239 | INFO  | SCMAudit | user=jenkins1000 | ip=192.168.69.87 | op=SEND_HEARTBEAT {datanodeUUID=73941da8-7b3a-43e7-8aff-0a9367598152, command=[]} | ret=SUCCESS |  
2019-08-29 09:38:18,328 | INFO  | SCMAudit | user=jenkins1000 | ip=192.168.69.87 | op=SEND_HEARTBEAT {datanodeUUID=c6f9d398-2eae-4a63-879f-a1d1bc55d1b3, command=[]} | ret=SUCCESS |  
2019-08-29 09:38:18,520 | INFO  | SCMAudit | user=jenkins1000 | ip=192.168.69.87 | op=SEND_HEARTBEAT {datanodeUUID=7a2e5536-d576-4bf3-9dec-9e4177d66979, command=[]} | ret=SUCCESS |  
2019-08-29 09:38:18,748 | INFO  | SCMAudit | user=jenkins1000 | ip=192.168.69.87 | op=SEND_HEARTBEAT {datanodeUUID=c8986603-afcd-4cf8-afcf-c6b45c0b43cc, command=[]} | ret=SUCCESS |  
2019-08-29 09:38:18,782 | INFO  | SCMAudit | user=jenkins1000 | ip=192.168.69.87 | op=SEND_HEARTBEAT {datanodeUUID=129cf440-9aa6-4f56-b440-e84d0b76b9e5, command=[]} | ret=SUCCESS |  
2019-08-29 09:38:18,782 | INFO  | SCMAudit | user=jenkins1000 | ip=192.168.69.87 | op=SEND_HEARTBEAT {datanodeUUID=31202bf3-e3ef-401b-98b9-369e6d4f3507, command=[]} | ret=SUCCESS |  
2019-08-29 09:38:18,981 [grpc-default-executor-5] INFO  client.GrpcClientProtocolClient (GrpcClientProtocolClient.java:onNext(255)) - client-166A520B6E3C->31202bf3-e3ef-401b-98b9-369e6d4f3507: receive RaftClientReply:client-166A520B6E3C->31202bf3-e3ef-401b-98b9-369e6d4f3507@group-7FC7981111D6, cid=45, FAILED org.apache.ratis.protocol.NotLeaderException: Server 31202bf3-e3ef-401b-98b9-369e6d4f3507 is not the leader (c8986603-afcd-4cf8-afcf-c6b45c0b43cc:192.168.69.87:46863). Request must be sent to leader., logIndex=0, commits[31202bf3-e3ef-401b-98b9-369e6d4f3507:c8, c8986603-afcd-4cf8-afcf-c6b45c0b43cc:c8, 129cf440-9aa6-4f56-b440-e84d0b76b9e5:c8]
2019-08-29 09:38:19,143 | INFO  | SCMAudit | user=jenkins1000 | ip=192.168.69.87 | op=SEND_HEARTBEAT {datanodeUUID=44638b28-be06-4149-9a11-87ab58c8e022, command=[]} | ret=SUCCESS |  
2019-08-29 09:38:19,239 | INFO  | SCMAudit | user=jenkins1000 | ip=192.168.69.87 | op=SEND_HEARTBEAT {datanodeUUID=73941da8-7b3a-43e7-8aff-0a9367598152, command=[]} | ret=SUCCESS |  
2019-08-29 09:38:19,329 | INFO  | SCMAudit | user=jenkins1000 | ip=192.168.69.87 | op=SEND_HEARTBEAT {datanodeUUID=c6f9d398-2eae-4a63-879f-a1d1bc55d1b3, command=[]} | ret=SUCCESS |  
2019-08-29 09:38:19,519 | INFO  | SCMAudit | user=jenkins1000 | ip=192.168.69.87 | op=SEND_HEARTBEAT {datanodeUUID=7a2e5536-d576-4bf3-9dec-9e4177d66979, command=[]} | ret=SUCCESS |  
2019-08-29 09:38:19,748 | INFO  | SCMAudit | user=jenkins1000 | ip=192.168.69.87 | op=SEND_HEARTBEAT {datanodeUUID=c8986603-afcd-4cf8-afcf-c6b45c0b43cc, command=[]} | ret=SUCCESS |  
2019-08-29 09:38:19,781 | INFO  | SCMAudit | user=jenkins1000 | ip=192.168.69.87 | op=SEND_HEARTBEAT {datanodeUUID=129cf440-9aa6-4f56-b440-e84d0b76b9e5, command=[]} | ret=SUCCESS |  
2019-08-29 09:38:19,782 | INFO  | SCMAudit | user=jenkins1000 | ip=192.168.69.87 | op=SEND_HEARTBEAT {datanodeUUID=31202bf3-e3ef-401b-98b9-369e6d4f3507, command=[]} | ret=SUCCESS |  
2019-08-29 09:38:20,143 | INFO  | SCMAudit | user=jenkins1000 | ip=192.168.69.87 | op=SEND_HEARTBEAT {datanodeUUID=44638b28-be06-4149-9a11-87ab58c8e022, command=[]} | ret=SUCCESS |  
2019-08-29 09:38:20,238 | INFO  | SCMAudit | user=jenkins1000 | ip=192.168.69.87 | op=SEND_HEARTBEAT {datanodeUUID=73941da8-7b3a-43e7-8aff-0a9367598152, command=[]} | ret=SUCCESS |  
2019-08-29 09:38:20,328 | INFO  | SCMAudit | user=jenkins1000 | ip=192.168.69.87 | op=SEND_HEARTBEAT {datanodeUUID=c6f9d398-2eae-4a63-879f-a1d1bc55d1b3, command=[]} | ret=SUCCESS |  
2019-08-29 09:38:20,519 | INFO  | SCMAudit | user=jenkins1000 | ip=192.168.69.87 | op=SEND_HEARTBEAT {datanodeUUID=7a2e5536-d576-4bf3-9dec-9e4177d66979, command=[]} | ret=SUCCESS |  
2019-08-29 09:38:20,750 | INFO  | SCMAudit | user=jenkins1000 | ip=192.168.69.87 | op=SEND_HEARTBEAT {datanodeUUID=c8986603-afcd-4cf8-afcf-c6b45c0b43cc, command=[]} | ret=SUCCESS |  
2019-08-29 09:38:20,782 | INFO  | SCMAudit | user=jenkins1000 | ip=192.168.69.87 | op=SEND_HEARTBEAT {datanodeUUID=129cf440-9aa6-4f56-b440-e84d0b76b9e5, command=[]} | ret=SUCCESS |  
2019-08-29 09:38:20,783 | INFO  | SCMAudit | user=jenkins1000 | ip=192.168.69.87 | op=SEND_HEARTBEAT {datanodeUUID=31202bf3-e3ef-401b-98b9-369e6d4f3507, command=[]} | ret=SUCCESS |  
2019-08-29 09:38:21,143 | INFO  | SCMAudit | user=jenkins1000 | ip=192.168.69.87 | op=SEND_HEARTBEAT {datanodeUUID=44638b28-be06-4149-9a11-87ab58c8e022, command=[]} | ret=SUCCESS |  
2019-08-29 09:38:21,239 | INFO  | SCMAudit | user=jenkins1000 | ip=192.168.69.87 | op=SEND_HEARTBEAT {datanodeUUID=73941da8-7b3a-43e7-8aff-0a9367598152, command=[]} | ret=SUCCESS |  
2019-08-29 09:38:21,328 | INFO  | SCMAudit | user=jenkins1000 | ip=192.168.69.87 | op=SEND_HEARTBEAT {datanodeUUID=c6f9d398-2eae-4a63-879f-a1d1bc55d1b3, command=[]} | ret=SUCCESS |  
2019-08-29 09:38:21,520 | INFO  | SCMAudit | user=jenkins1000 | ip=192.168.69.87 | op=SEND_HEARTBEAT {datanodeUUID=7a2e5536-d576-4bf3-9dec-9e4177d66979, command=[]} | ret=SUCCESS |  
2019-08-29 09:38:21,750 | INFO  | SCMAudit | user=jenkins1000 | ip=192.168.69.87 | op=SEND_HEARTBEAT {datanodeUUID=c8986603-afcd-4cf8-afcf-c6b45c0b43cc, command=[]} | ret=SUCCESS |  
2019-08-29 09:38:21,782 | INFO  | SCMAudit | user=jenkins1000 | ip=192.168.69.87 | op=SEND_HEARTBEAT {datanodeUUID=129cf440-9aa6-4f56-b440-e84d0b76b9e5, command=[]} | ret=SUCCESS |  
2019-08-29 09:38:21,782 | INFO  | SCMAudit | user=jenkins1000 | ip=192.168.69.87 | op=SEND_HEARTBEAT {datanodeUUID=31202bf3-e3ef-401b-98b9-369e6d4f3507, command=[]} | ret=SUCCESS |  
2019-08-29 09:38:22,142 | INFO  | SCMAudit | user=jenkins1000 | ip=192.168.69.87 | op=SEND_HEARTBEAT {datanodeUUID=44638b28-be06-4149-9a11-87ab58c8e022, command=[]} | ret=SUCCESS |  
2019-08-29 09:38:22,239 | INFO  | SCMAudit | user=jenkins1000 | ip=192.168.69.87 | op=SEND_HEARTBEAT {datanodeUUID=73941da8-7b3a-43e7-8aff-0a9367598152, command=[]} | ret=SUCCESS |  
2019-08-29 09:38:22,328 | INFO  | SCMAudit | user=jenkins1000 | ip=192.168.69.87 | op=SEND_HEARTBEAT {datanodeUUID=c6f9d398-2eae-4a63-879f-a1d1bc55d1b3, command=[]} | ret=SUCCESS |  
2019-08-29 09:38:22,519 | INFO  | SCMAudit | user=jenkins1000 | ip=192.168.69.87 | op=SEND_HEARTBEAT {datanodeUUID=7a2e5536-d576-4bf3-9dec-9e4177d66979, command=[]} | ret=SUCCESS |  
2019-08-29 09:38:22,749 | INFO  | SCMAudit | user=jenkins1000 | ip=192.168.69.87 | op=SEND_HEARTBEAT {datanodeUUID=c8986603-afcd-4cf8-afcf-c6b45c0b43cc, command=[]} | ret=SUCCESS |  
2019-08-29 09:38:22,782 | INFO  | SCMAudit | user=jenkins1000 | ip=192.168.69.87 | op=SEND_HEARTBEAT {datanodeUUID=31202bf3-e3ef-401b-98b9-369e6d4f3507, command=[]} | ret=SUCCESS |  
2019-08-29 09:38:22,782 | INFO  | SCMAudit | user=jenkins1000 | ip=192.168.69.87 | op=SEND_HEARTBEAT {datanodeUUID=129cf440-9aa6-4f56-b440-e84d0b76b9e5, command=[]} | ret=SUCCESS |  
2019-08-29 09:38:23,142 | INFO  | SCMAudit | user=jenkins1000 | ip=192.168.69.87 | op=SEND_HEARTBEAT {datanodeUUID=44638b28-be06-4149-9a11-87ab58c8e022, command=[]} | ret=SUCCESS |  
2019-08-29 09:38:23,239 | INFO  | SCMAudit | user=jenkins1000 | ip=192.168.69.87 | op=SEND_HEARTBEAT {datanodeUUID=73941da8-7b3a-43e7-8aff-0a9367598152, command=[]} | ret=SUCCESS |  
2019-08-29 09:38:23,329 | INFO  | SCMAudit | user=jenkins1000 | ip=192.168.69.87 | op=SEND_HEARTBEAT {datanodeUUID=c6f9d398-2eae-4a63-879f-a1d1bc55d1b3, command=[]} | ret=SUCCESS |  
2019-08-29 09:38:23,520 | INFO  | SCMAudit | user=jenkins1000 | ip=192.168.69.87 | op=SEND_HEARTBEAT {datanodeUUID=7a2e5536-d576-4bf3-9dec-9e4177d66979, command=[]} | ret=SUCCESS |  
2019-08-29 09:38:23,749 | INFO  | SCMAudit | user=jenkins1000 | ip=192.168.69.87 | op=SEND_HEARTBEAT {datanodeUUID=c8986603-afcd-4cf8-afcf-c6b45c0b43cc, command=[]} | ret=SUCCESS |  
2019-08-29 09:38:23,782 | INFO  | SCMAudit | user=jenkins1000 | ip=192.168.69.87 | op=SEND_HEARTBEAT {datanodeUUID=31202bf3-e3ef-401b-98b9-369e6d4f3507, command=[]} | ret=SUCCESS |  
2019-08-29 09:38:23,782 | INFO  | SCMAudit | user=jenkins1000 | ip=192.168.69.87 | op=SEND_HEARTBEAT {datanodeUUID=129cf440-9aa6-4f56-b440-e84d0b76b9e5, command=[]} | ret=SUCCESS |  
2019-08-29 09:38:24,021 [grpc-default-executor-5] INFO  client.GrpcClientProtocolClient (GrpcClientProtocolClient.java:onNext(255)) - client-166A520B6E3C->31202bf3-e3ef-401b-98b9-369e6d4f3507: receive RaftClientReply:client-166A520B6E3C->31202bf3-e3ef-401b-98b9-369e6d4f3507@group-7FC7981111D6, cid=45, FAILED org.apache.ratis.protocol.NotLeaderException: Server 31202bf3-e3ef-401b-98b9-369e6d4f3507 is not the leader (c8986603-afcd-4cf8-afcf-c6b45c0b43cc:192.168.69.87:46863). Request must be sent to leader., logIndex=0, commits[31202bf3-e3ef-401b-98b9-369e6d4f3507:c8, c8986603-afcd-4cf8-afcf-c6b45c0b43cc:c8, 129cf440-9aa6-4f56-b440-e84d0b76b9e5:c8]
2019-08-29 09:38:24,143 | INFO  | SCMAudit | user=jenkins1000 | ip=192.168.69.87 | op=SEND_HEARTBEAT {datanodeUUID=44638b28-be06-4149-9a11-87ab58c8e022, command=[]} | ret=SUCCESS |  
2019-08-29 09:38:24,240 | INFO  | SCMAudit | user=jenkins1000 | ip=192.168.69.87 | op=SEND_HEARTBEAT {datanodeUUID=73941da8-7b3a-43e7-8aff-0a9367598152, command=[]} | ret=SUCCESS |  
2019-08-29 09:38:24,328 | INFO  | SCMAudit | user=jenkins1000 | ip=192.168.69.87 | op=SEND_HEARTBEAT {datanodeUUID=c6f9d398-2eae-4a63-879f-a1d1bc55d1b3, command=[]} | ret=SUCCESS |  
2019-08-29 09:38:24,521 | INFO  | SCMAudit | user=jenkins1000 | ip=192.168.69.87 | op=SEND_HEARTBEAT {datanodeUUID=7a2e5536-d576-4bf3-9dec-9e4177d66979, command=[]} | ret=SUCCESS |  
2019-08-29 09:38:24,750 | INFO  | SCMAudit | user=jenkins1000 | ip=192.168.69.87 | op=SEND_HEARTBEAT {datanodeUUID=c8986603-afcd-4cf8-afcf-c6b45c0b43cc, command=[]} | ret=SUCCESS |  
2019-08-29 09:38:24,782 | INFO  | SCMAudit | user=jenkins1000 | ip=192.168.69.87 | op=SEND_HEARTBEAT {datanodeUUID=129cf440-9aa6-4f56-b440-e84d0b76b9e5, command=[]} | ret=SUCCESS |  
2019-08-29 09:38:24,782 | INFO  | SCMAudit | user=jenkins1000 | ip=192.168.69.87 | op=SEND_HEARTBEAT {datanodeUUID=31202bf3-e3ef-401b-98b9-369e6d4f3507, command=[]} | ret=SUCCESS |  
2019-08-29 09:38:25,142 | INFO  | SCMAudit | user=jenkins1000 | ip=192.168.69.87 | op=SEND_HEARTBEAT {datanodeUUID=44638b28-be06-4149-9a11-87ab58c8e022, command=[]} | ret=SUCCESS |  
2019-08-29 09:38:25,239 | INFO  | SCMAudit | user=jenkins1000 | ip=192.168.69.87 | op=SEND_HEARTBEAT {datanodeUUID=73941da8-7b3a-43e7-8aff-0a9367598152, command=[]} | ret=SUCCESS |  
2019-08-29 09:38:25,329 | INFO  | SCMAudit | user=jenkins1000 | ip=192.168.69.87 | op=SEND_HEARTBEAT {datanodeUUID=c6f9d398-2eae-4a63-879f-a1d1bc55d1b3, command=[]} | ret=SUCCESS |  
2019-08-29 09:38:25,521 | INFO  | SCMAudit | user=jenkins1000 | ip=192.168.69.87 | op=SEND_HEARTBEAT {datanodeUUID=7a2e5536-d576-4bf3-9dec-9e4177d66979, command=[]} | ret=SUCCESS |  
2019-08-29 09:38:25,750 | INFO  | SCMAudit | user=jenkins1000 | ip=192.168.69.87 | op=SEND_HEARTBEAT {datanodeUUID=c8986603-afcd-4cf8-afcf-c6b45c0b43cc, command=[]} | ret=SUCCESS |  
2019-08-29 09:38:25,782 | INFO  | SCMAudit | user=jenkins1000 | ip=192.168.69.87 | op=SEND_HEARTBEAT {datanodeUUID=31202bf3-e3ef-401b-98b9-369e6d4f3507, command=[]} | ret=SUCCESS |  
2019-08-29 09:38:25,782 | INFO  | SCMAudit | user=jenkins1000 | ip=192.168.69.87 | op=SEND_HEARTBEAT {datanodeUUID=129cf440-9aa6-4f56-b440-e84d0b76b9e5, command=[]} | ret=SUCCESS |  
2019-08-29 09:38:26,142 | INFO  | SCMAudit | user=jenkins1000 | ip=192.168.69.87 | op=SEND_HEARTBEAT {datanodeUUID=44638b28-be06-4149-9a11-87ab58c8e022, command=[]} | ret=SUCCESS |  
2019-08-29 09:38:26,240 | INFO  | SCMAudit | user=jenkins1000 | ip=192.168.69.87 | op=SEND_HEARTBEAT {datanodeUUID=73941da8-7b3a-43e7-8aff-0a9367598152, command=[]} | ret=SUCCESS |  
2019-08-29 09:38:26,329 | INFO  | SCMAudit | user=jenkins1000 | ip=192.168.69.87 | op=SEND_HEARTBEAT {datanodeUUID=c6f9d398-2eae-4a63-879f-a1d1bc55d1b3, command=[]} | ret=SUCCESS |  
2019-08-29 09:38:26,522 | INFO  | SCMAudit | user=jenkins1000 | ip=192.168.69.87 | op=SEND_HEARTBEAT {datanodeUUID=7a2e5536-d576-4bf3-9dec-9e4177d66979, command=[]} | ret=SUCCESS |  
2019-08-29 09:38:26,749 | INFO  | SCMAudit | user=jenkins1000 | ip=192.168.69.87 | op=SEND_HEARTBEAT {datanodeUUID=c8986603-afcd-4cf8-afcf-c6b45c0b43cc, command=[]} | ret=SUCCESS |  
2019-08-29 09:38:26,782 | INFO  | SCMAudit | user=jenkins1000 | ip=192.168.69.87 | op=SEND_HEARTBEAT {datanodeUUID=31202bf3-e3ef-401b-98b9-369e6d4f3507, command=[]} | ret=SUCCESS |  
2019-08-29 09:38:26,782 | INFO  | SCMAudit | user=jenkins1000 | ip=192.168.69.87 | op=SEND_HEARTBEAT {datanodeUUID=129cf440-9aa6-4f56-b440-e84d0b76b9e5, command=[]} | ret=SUCCESS |  
2019-08-29 09:38:27,143 | INFO  | SCMAudit | user=jenkins1000 | ip=192.168.69.87 | op=SEND_HEARTBEAT {datanodeUUID=44638b28-be06-4149-9a11-87ab58c8e022, command=[]} | ret=SUCCESS |  
2019-08-29 09:38:27,239 | INFO  | SCMAudit | user=jenkins1000 | ip=192.168.69.87 | op=SEND_HEARTBEAT {datanodeUUID=73941da8-7b3a-43e7-8aff-0a9367598152, command=[]} | ret=SUCCESS |  
2019-08-29 09:38:27,329 | INFO  | SCMAudit | user=jenkins1000 | ip=192.168.69.87 | op=SEND_HEARTBEAT {datanodeUUID=c6f9d398-2eae-4a63-879f-a1d1bc55d1b3, command=[]} | ret=SUCCESS |  
2019-08-29 09:38:27,523 | INFO  | SCMAudit | user=jenkins1000 | ip=192.168.69.87 | op=SEND_HEARTBEAT {datanodeUUID=7a2e5536-d576-4bf3-9dec-9e4177d66979, command=[]} | ret=SUCCESS |  
2019-08-29 09:38:27,749 | INFO  | SCMAudit | user=jenkins1000 | ip=192.168.69.87 | op=SEND_HEARTBEAT {datanodeUUID=c8986603-afcd-4cf8-afcf-c6b45c0b43cc, command=[]} | ret=SUCCESS |  
2019-08-29 09:38:27,783 | INFO  | SCMAudit | user=jenkins1000 | ip=192.168.69.87 | op=SEND_HEARTBEAT {datanodeUUID=31202bf3-e3ef-401b-98b9-369e6d4f3507, command=[]} | ret=SUCCESS |  
2019-08-29 09:38:27,783 | INFO  | SCMAudit | user=jenkins1000 | ip=192.168.69.87 | op=SEND_HEARTBEAT {datanodeUUID=129cf440-9aa6-4f56-b440-e84d0b76b9e5, command=[]} | ret=SUCCESS |  
2019-08-29 09:38:28,142 | INFO  | SCMAudit | user=jenkins1000 | ip=192.168.69.87 | op=SEND_HEARTBEAT {datanodeUUID=44638b28-be06-4149-9a11-87ab58c8e022, command=[]} | ret=SUCCESS |  
2019-08-29 09:38:28,239 | INFO  | SCMAudit | user=jenkins1000 | ip=192.168.69.87 | op=SEND_HEARTBEAT {datanodeUUID=73941da8-7b3a-43e7-8aff-0a9367598152, command=[]} | ret=SUCCESS |  
2019-08-29 09:38:28,330 | INFO  | SCMAudit | user=jenkins1000 | ip=192.168.69.87 | op=SEND_HEARTBEAT {datanodeUUID=c6f9d398-2eae-4a63-879f-a1d1bc55d1b3, command=[]} | ret=SUCCESS |  
2019-08-29 09:38:28,522 | INFO  | SCMAudit | user=jenkins1000 | ip=192.168.69.87 | op=SEND_HEARTBEAT {datanodeUUID=7a2e5536-d576-4bf3-9dec-9e4177d66979, command=[]} | ret=SUCCESS |  
2019-08-29 09:38:28,750 | INFO  | SCMAudit | user=jenkins1000 | ip=192.168.69.87 | op=SEND_HEARTBEAT {datanodeUUID=c8986603-afcd-4cf8-afcf-c6b45c0b43cc, command=[]} | ret=SUCCESS |  
2019-08-29 09:38:28,784 | INFO  | SCMAudit | user=jenkins1000 | ip=192.168.69.87 | op=SEND_HEARTBEAT {datanodeUUID=129cf440-9aa6-4f56-b440-e84d0b76b9e5, command=[]} | ret=SUCCESS |  
2019-08-29 09:38:28,784 | INFO  | SCMAudit | user=jenkins1000 | ip=192.168.69.87 | op=SEND_HEARTBEAT {datanodeUUID=31202bf3-e3ef-401b-98b9-369e6d4f3507, command=[]} | ret=SUCCESS |  
2019-08-29 09:38:29,060 [grpc-default-executor-5] INFO  client.GrpcClientProtocolClient (GrpcClientProtocolClient.java:onNext(255)) - client-166A520B6E3C->129cf440-9aa6-4f56-b440-e84d0b76b9e5: receive RaftClientReply:client-166A520B6E3C->129cf440-9aa6-4f56-b440-e84d0b76b9e5@group-7FC7981111D6, cid=45, FAILED org.apache.ratis.protocol.NotLeaderException: Server 129cf440-9aa6-4f56-b440-e84d0b76b9e5 is not the leader (c8986603-afcd-4cf8-afcf-c6b45c0b43cc:192.168.69.87:46863). Request must be sent to leader., logIndex=0, commits[129cf440-9aa6-4f56-b440-e84d0b76b9e5:c8, c8986603-afcd-4cf8-afcf-c6b45c0b43cc:c8, 31202bf3-e3ef-401b-98b9-369e6d4f3507:c8]
2019-08-29 09:38:29,143 | INFO  | SCMAudit | user=jenkins1000 | ip=192.168.69.87 | op=SEND_HEARTBEAT {datanodeUUID=44638b28-be06-4149-9a11-87ab58c8e022, command=[]} | ret=SUCCESS |  
2019-08-29 09:38:29,239 | INFO  | SCMAudit | user=jenkins1000 | ip=192.168.69.87 | op=SEND_HEARTBEAT {datanodeUUID=73941da8-7b3a-43e7-8aff-0a9367598152, command=[]} | ret=SUCCESS |  
2019-08-29 09:38:29,329 | INFO  | SCMAudit | user=jenkins1000 | ip=192.168.69.87 | op=SEND_HEARTBEAT {datanodeUUID=c6f9d398-2eae-4a63-879f-a1d1bc55d1b3, command=[]} | ret=SUCCESS |  
2019-08-29 09:38:29,522 | INFO  | SCMAudit | user=jenkins1000 | ip=192.168.69.87 | op=SEND_HEARTBEAT {datanodeUUID=7a2e5536-d576-4bf3-9dec-9e4177d66979, command=[]} | ret=SUCCESS |  
2019-08-29 09:38:29,749 | INFO  | SCMAudit | user=jenkins1000 | ip=192.168.69.87 | op=SEND_HEARTBEAT {datanodeUUID=c8986603-afcd-4cf8-afcf-c6b45c0b43cc, command=[]} | ret=SUCCESS |  
2019-08-29 09:38:29,784 | INFO  | SCMAudit | user=jenkins1000 | ip=192.168.69.87 | op=SEND_HEARTBEAT {datanodeUUID=31202bf3-e3ef-401b-98b9-369e6d4f3507, command=[]} | ret=SUCCESS |  
2019-08-29 09:38:29,784 | INFO  | SCMAudit | user=jenkins1000 | ip=192.168.69.87 | op=SEND_HEARTBEAT {datanodeUUID=129cf440-9aa6-4f56-b440-e84d0b76b9e5, command=[]} | ret=SUCCESS |  
2019-08-29 09:38:30,144 | INFO  | SCMAudit | user=jenkins1000 | ip=192.168.69.87 | op=SEND_HEARTBEAT {datanodeUUID=44638b28-be06-4149-9a11-87ab58c8e022, command=[]} | ret=SUCCESS |  
2019-08-29 09:38:30,239 | INFO  | SCMAudit | user=jenkins1000 | ip=192.168.69.87 | op=SEND_HEARTBEAT {datanodeUUID=73941da8-7b3a-43e7-8aff-0a9367598152, command=[]} | ret=SUCCESS |  
2019-08-29 09:38:30,330 | INFO  | SCMAudit | user=jenkins1000 | ip=192.168.69.87 | op=SEND_HEARTBEAT {datanodeUUID=c6f9d398-2eae-4a63-879f-a1d1bc55d1b3, command=[]} | ret=SUCCESS |  
2019-08-29 09:38:30,523 | INFO  | SCMAudit | user=jenkins1000 | ip=192.168.69.87 | op=SEND_HEARTBEAT {datanodeUUID=7a2e5536-d576-4bf3-9dec-9e4177d66979, command=[]} | ret=SUCCESS |  
2019-08-29 09:38:30,749 | INFO  | SCMAudit | user=jenkins1000 | ip=192.168.69.87 | op=SEND_HEARTBEAT {datanodeUUID=c8986603-afcd-4cf8-afcf-c6b45c0b43cc, command=[]} | ret=SUCCESS |  
2019-08-29 09:38:30,783 | INFO  | SCMAudit | user=jenkins1000 | ip=192.168.69.87 | op=SEND_HEARTBEAT {datanodeUUID=31202bf3-e3ef-401b-98b9-369e6d4f3507, command=[]} | ret=SUCCESS |  
2019-08-29 09:38:30,783 | INFO  | SCMAudit | user=jenkins1000 | ip=192.168.69.87 | op=SEND_HEARTBEAT {datanodeUUID=129cf440-9aa6-4f56-b440-e84d0b76b9e5, command=[]} | ret=SUCCESS |  
2019-08-29 09:38:31,145 | INFO  | SCMAudit | user=jenkins1000 | ip=192.168.69.87 | op=SEND_HEARTBEAT {datanodeUUID=44638b28-be06-4149-9a11-87ab58c8e022, command=[]} | ret=SUCCESS |  
2019-08-29 09:38:31,239 | INFO  | SCMAudit | user=jenkins1000 | ip=192.168.69.87 | op=SEND_HEARTBEAT {datanodeUUID=73941da8-7b3a-43e7-8aff-0a9367598152, command=[]} | ret=SUCCESS |  
2019-08-29 09:38:31,331 | INFO  | SCMAudit | user=jenkins1000 | ip=192.168.69.87 | op=SEND_HEARTBEAT {datanodeUUID=c6f9d398-2eae-4a63-879f-a1d1bc55d1b3, command=[]} | ret=SUCCESS |  
2019-08-29 09:38:31,523 | INFO  | SCMAudit | user=jenkins1000 | ip=192.168.69.87 | op=SEND_HEARTBEAT {datanodeUUID=7a2e5536-d576-4bf3-9dec-9e4177d66979, command=[]} | ret=SUCCESS |  
2019-08-29 09:38:31,749 | INFO  | SCMAudit | user=jenkins1000 | ip=192.168.69.87 | op=SEND_HEARTBEAT {datanodeUUID=c8986603-afcd-4cf8-afcf-c6b45c0b43cc, command=[]} | ret=SUCCESS |  
2019-08-29 09:38:31,784 | INFO  | SCMAudit | user=jenkins1000 | ip=192.168.69.87 | op=SEND_HEARTBEAT {datanodeUUID=31202bf3-e3ef-401b-98b9-369e6d4f3507, command=[]} | ret=SUCCESS |  
2019-08-29 09:38:31,784 | INFO  | SCMAudit | user=jenkins1000 | ip=192.168.69.87 | op=SEND_HEARTBEAT {datanodeUUID=129cf440-9aa6-4f56-b440-e84d0b76b9e5, command=[]} | ret=SUCCESS |  
2019-08-29 09:38:32,144 | INFO  | SCMAudit | user=jenkins1000 | ip=192.168.69.87 | op=SEND_HEARTBEAT {datanodeUUID=44638b28-be06-4149-9a11-87ab58c8e022, command=[]} | ret=SUCCESS |  
2019-08-29 09:38:32,240 | INFO  | SCMAudit | user=jenkins1000 | ip=192.168.69.87 | op=SEND_HEARTBEAT {datanodeUUID=73941da8-7b3a-43e7-8aff-0a9367598152, command=[]} | ret=SUCCESS |  
2019-08-29 09:38:32,330 | INFO  | SCMAudit | user=jenkins1000 | ip=192.168.69.87 | op=SEND_HEARTBEAT {datanodeUUID=c6f9d398-2eae-4a63-879f-a1d1bc55d1b3, command=[]} | ret=SUCCESS |  
2019-08-29 09:38:32,523 | INFO  | SCMAudit | user=jenkins1000 | ip=192.168.69.87 | op=SEND_HEARTBEAT {datanodeUUID=7a2e5536-d576-4bf3-9dec-9e4177d66979, command=[]} | ret=SUCCESS |  
2019-08-29 09:38:32,749 | INFO  | SCMAudit | user=jenkins1000 | ip=192.168.69.87 | op=SEND_HEARTBEAT {datanodeUUID=c8986603-afcd-4cf8-afcf-c6b45c0b43cc, command=[]} | ret=SUCCESS |  
2019-08-29 09:38:32,783 | INFO  | SCMAudit | user=jenkins1000 | ip=192.168.69.87 | op=SEND_HEARTBEAT {datanodeUUID=31202bf3-e3ef-401b-98b9-369e6d4f3507, command=[]} | ret=SUCCESS |  
2019-08-29 09:38:32,784 | INFO  | SCMAudit | user=jenkins1000 | ip=192.168.69.87 | op=SEND_HEARTBEAT {datanodeUUID=129cf440-9aa6-4f56-b440-e84d0b76b9e5, command=[]} | ret=SUCCESS |  
2019-08-29 09:38:33,145 | INFO  | SCMAudit | user=jenkins1000 | ip=192.168.69.87 | op=SEND_HEARTBEAT {datanodeUUID=44638b28-be06-4149-9a11-87ab58c8e022, command=[]} | ret=SUCCESS |  
2019-08-29 09:38:33,239 | INFO  | SCMAudit | user=jenkins1000 | ip=192.168.69.87 | op=SEND_HEARTBEAT {datanodeUUID=73941da8-7b3a-43e7-8aff-0a9367598152, command=[]} | ret=SUCCESS |  
2019-08-29 09:38:33,331 | INFO  | SCMAudit | user=jenkins1000 | ip=192.168.69.87 | op=SEND_HEARTBEAT {datanodeUUID=c6f9d398-2eae-4a63-879f-a1d1bc55d1b3, command=[]} | ret=SUCCESS |  
2019-08-29 09:38:33,523 | INFO  | SCMAudit | user=jenkins1000 | ip=192.168.69.87 | op=SEND_HEARTBEAT {datanodeUUID=7a2e5536-d576-4bf3-9dec-9e4177d66979, command=[]} | ret=SUCCESS |  
2019-08-29 09:38:33,749 | INFO  | SCMAudit | user=jenkins1000 | ip=192.168.69.87 | op=SEND_HEARTBEAT {datanodeUUID=c8986603-afcd-4cf8-afcf-c6b45c0b43cc, command=[]} | ret=SUCCESS |  
2019-08-29 09:38:33,784 | INFO  | SCMAudit | user=jenkins1000 | ip=192.168.69.87 | op=SEND_HEARTBEAT {datanodeUUID=31202bf3-e3ef-401b-98b9-369e6d4f3507, command=[]} | ret=SUCCESS |  
2019-08-29 09:38:33,784 | INFO  | SCMAudit | user=jenkins1000 | ip=192.168.69.87 | op=SEND_HEARTBEAT {datanodeUUID=129cf440-9aa6-4f56-b440-e84d0b76b9e5, command=[]} | ret=SUCCESS |  
2019-08-29 09:38:34,098 [grpc-default-executor-2] INFO  client.GrpcClientProtocolClient (GrpcClientProtocolClient.java:onNext(255)) - client-166A520B6E3C->129cf440-9aa6-4f56-b440-e84d0b76b9e5: receive RaftClientReply:client-166A520B6E3C->129cf440-9aa6-4f56-b440-e84d0b76b9e5@group-7FC7981111D6, cid=45, FAILED org.apache.ratis.protocol.NotLeaderException: Server 129cf440-9aa6-4f56-b440-e84d0b76b9e5 is not the leader (c8986603-afcd-4cf8-afcf-c6b45c0b43cc:192.168.69.87:46863). Request must be sent to leader., logIndex=0, commits[129cf440-9aa6-4f56-b440-e84d0b76b9e5:c8, c8986603-afcd-4cf8-afcf-c6b45c0b43cc:c8, 31202bf3-e3ef-401b-98b9-369e6d4f3507:c8]
2019-08-29 09:38:34,144 | INFO  | SCMAudit | user=jenkins1000 | ip=192.168.69.87 | op=SEND_HEARTBEAT {datanodeUUID=44638b28-be06-4149-9a11-87ab58c8e022, command=[]} | ret=SUCCESS |  
2019-08-29 09:38:34,239 | INFO  | SCMAudit | user=jenkins1000 | ip=192.168.69.87 | op=SEND_HEARTBEAT {datanodeUUID=73941da8-7b3a-43e7-8aff-0a9367598152, command=[]} | ret=SUCCESS |  
2019-08-29 09:38:34,330 | INFO  | SCMAudit | user=jenkins1000 | ip=192.168.69.87 | op=SEND_HEARTBEAT {datanodeUUID=c6f9d398-2eae-4a63-879f-a1d1bc55d1b3, command=[]} | ret=SUCCESS |  
2019-08-29 09:38:34,524 | INFO  | SCMAudit | user=jenkins1000 | ip=192.168.69.87 | op=SEND_HEARTBEAT {datanodeUUID=7a2e5536-d576-4bf3-9dec-9e4177d66979, command=[]} | ret=SUCCESS |  
2019-08-29 09:38:34,750 | INFO  | SCMAudit | user=jenkins1000 | ip=192.168.69.87 | op=SEND_HEARTBEAT {datanodeUUID=c8986603-afcd-4cf8-afcf-c6b45c0b43cc, command=[]} | ret=SUCCESS |  
2019-08-29 09:38:34,784 | INFO  | SCMAudit | user=jenkins1000 | ip=192.168.69.87 | op=SEND_HEARTBEAT {datanodeUUID=31202bf3-e3ef-401b-98b9-369e6d4f3507, command=[]} | ret=SUCCESS |  
2019-08-29 09:38:34,784 | INFO  | SCMAudit | user=jenkins1000 | ip=192.168.69.87 | op=SEND_HEARTBEAT {datanodeUUID=129cf440-9aa6-4f56-b440-e84d0b76b9e5, command=[]} | ret=SUCCESS |  
2019-08-29 09:38:35,145 | INFO  | SCMAudit | user=jenkins1000 | ip=192.168.69.87 | op=SEND_HEARTBEAT {datanodeUUID=44638b28-be06-4149-9a11-87ab58c8e022, command=[]} | ret=SUCCESS |  
2019-08-29 09:38:35,240 | INFO  | SCMAudit | user=jenkins1000 | ip=192.168.69.87 | op=SEND_HEARTBEAT {datanodeUUID=73941da8-7b3a-43e7-8aff-0a9367598152, command=[]} | ret=SUCCESS |  
2019-08-29 09:38:35,331 | INFO  | SCMAudit | user=jenkins1000 | ip=192.168.69.87 | op=SEND_HEARTBEAT {datanodeUUID=c6f9d398-2eae-4a63-879f-a1d1bc55d1b3, command=[]} | ret=SUCCESS |  
2019-08-29 09:38:35,524 | INFO  | SCMAudit | user=jenkins1000 | ip=192.168.69.87 | op=SEND_HEARTBEAT {datanodeUUID=7a2e5536-d576-4bf3-9dec-9e4177d66979, command=[]} | ret=SUCCESS |  
2019-08-29 09:38:35,749 | INFO  | SCMAudit | user=jenkins1000 | ip=192.168.69.87 | op=SEND_HEARTBEAT {datanodeUUID=c8986603-afcd-4cf8-afcf-c6b45c0b43cc, command=[]} | ret=SUCCESS |  
2019-08-29 09:38:35,783 | INFO  | SCMAudit | user=jenkins1000 | ip=192.168.69.87 | op=SEND_HEARTBEAT {datanodeUUID=31202bf3-e3ef-401b-98b9-369e6d4f3507, command=[]} | ret=SUCCESS |  
2019-08-29 09:38:35,784 | INFO  | SCMAudit | user=jenkins1000 | ip=192.168.69.87 | op=SEND_HEARTBEAT {datanodeUUID=129cf440-9aa6-4f56-b440-e84d0b76b9e5, command=[]} | ret=SUCCESS |  
2019-08-29 09:38:36,145 | INFO  | SCMAudit | user=jenkins1000 | ip=192.168.69.87 | op=SEND_HEARTBEAT {datanodeUUID=44638b28-be06-4149-9a11-87ab58c8e022, command=[]} | ret=SUCCESS |  
2019-08-29 09:38:36,240 | INFO  | SCMAudit | user=jenkins1000 | ip=192.168.69.87 | op=SEND_HEARTBEAT {datanodeUUID=73941da8-7b3a-43e7-8aff-0a9367598152, command=[]} | ret=SUCCESS |  
2019-08-29 09:38:36,331 | INFO  | SCMAudit | user=jenkins1000 | ip=192.168.69.87 | op=SEND_HEARTBEAT {datanodeUUID=c6f9d398-2eae-4a63-879f-a1d1bc55d1b3, command=[]} | ret=SUCCESS |  
2019-08-29 09:38:36,523 | INFO  | SCMAudit | user=jenkins1000 | ip=192.168.69.87 | op=SEND_HEARTBEAT {datanodeUUID=7a2e5536-d576-4bf3-9dec-9e4177d66979, command=[]} | ret=SUCCESS |  
2019-08-29 09:38:36,750 | INFO  | SCMAudit | user=jenkins1000 | ip=192.168.69.87 | op=SEND_HEARTBEAT {datanodeUUID=c8986603-afcd-4cf8-afcf-c6b45c0b43cc, command=[]} | ret=SUCCESS |  
2019-08-29 09:38:36,783 | INFO  | SCMAudit | user=jenkins1000 | ip=192.168.69.87 | op=SEND_HEARTBEAT {datanodeUUID=31202bf3-e3ef-401b-98b9-369e6d4f3507, command=[]} | ret=SUCCESS |  
2019-08-29 09:38:36,785 | INFO  | SCMAudit | user=jenkins1000 | ip=192.168.69.87 | op=SEND_HEARTBEAT {datanodeUUID=129cf440-9aa6-4f56-b440-e84d0b76b9e5, command=[]} | ret=SUCCESS |  
2019-08-29 09:38:37,147 | INFO  | SCMAudit | user=jenkins1000 | ip=192.168.69.87 | op=SEND_HEARTBEAT {datanodeUUID=44638b28-be06-4149-9a11-87ab58c8e022, command=[]} | ret=SUCCESS |  
2019-08-29 09:38:37,241 | INFO  | SCMAudit | user=jenkins1000 | ip=192.168.69.87 | op=SEND_HEARTBEAT {datanodeUUID=73941da8-7b3a-43e7-8aff-0a9367598152, command=[]} | ret=SUCCESS |  
2019-08-29 09:38:37,330 | INFO  | SCMAudit | user=jenkins1000 | ip=192.168.69.87 | op=SEND_HEARTBEAT {datanodeUUID=c6f9d398-2eae-4a63-879f-a1d1bc55d1b3, command=[]} | ret=SUCCESS |  
2019-08-29 09:38:37,524 | INFO  | SCMAudit | user=jenkins1000 | ip=192.168.69.87 | op=SEND_HEARTBEAT {datanodeUUID=7a2e5536-d576-4bf3-9dec-9e4177d66979, command=[]} | ret=SUCCESS |  
2019-08-29 09:38:37,750 | INFO  | SCMAudit | user=jenkins1000 | ip=192.168.69.87 | op=SEND_HEARTBEAT {datanodeUUID=c8986603-afcd-4cf8-afcf-c6b45c0b43cc, command=[]} | ret=SUCCESS |  
2019-08-29 09:38:37,784 | INFO  | SCMAudit | user=jenkins1000 | ip=192.168.69.87 | op=SEND_HEARTBEAT {datanodeUUID=31202bf3-e3ef-401b-98b9-369e6d4f3507, command=[]} | ret=SUCCESS |  
2019-08-29 09:38:37,785 | INFO  | SCMAudit | user=jenkins1000 | ip=192.168.69.87 | op=SEND_HEARTBEAT {datanodeUUID=129cf440-9aa6-4f56-b440-e84d0b76b9e5, command=[]} | ret=SUCCESS |  
2019-08-29 09:38:38,144 | INFO  | SCMAudit | user=jenkins1000 | ip=192.168.69.87 | op=SEND_HEARTBEAT {datanodeUUID=44638b28-be06-4149-9a11-87ab58c8e022, command=[]} | ret=SUCCESS |  
2019-08-29 09:38:38,241 | INFO  | SCMAudit | user=jenkins1000 | ip=192.168.69.87 | op=SEND_HEARTBEAT {datanodeUUID=73941da8-7b3a-43e7-8aff-0a9367598152, command=[]} | ret=SUCCESS |  
2019-08-29 09:38:38,331 | INFO  | SCMAudit | user=jenkins1000 | ip=192.168.69.87 | op=SEND_HEARTBEAT {datanodeUUID=c6f9d398-2eae-4a63-879f-a1d1bc55d1b3, command=[]} | ret=SUCCESS |  
2019-08-29 09:38:38,524 | INFO  | SCMAudit | user=jenkins1000 | ip=192.168.69.87 | op=SEND_HEARTBEAT {datanodeUUID=7a2e5536-d576-4bf3-9dec-9e4177d66979, command=[]} | ret=SUCCESS |  
2019-08-29 09:38:38,749 | INFO  | SCMAudit | user=jenkins1000 | ip=192.168.69.87 | op=SEND_HEARTBEAT {datanodeUUID=c8986603-afcd-4cf8-afcf-c6b45c0b43cc, command=[]} | ret=SUCCESS |  
2019-08-29 09:38:38,783 | INFO  | SCMAudit | user=jenkins1000 | ip=192.168.69.87 | op=SEND_HEARTBEAT {datanodeUUID=31202bf3-e3ef-401b-98b9-369e6d4f3507, command=[]} | ret=SUCCESS |  
2019-08-29 09:38:38,785 | INFO  | SCMAudit | user=jenkins1000 | ip=192.168.69.87 | op=SEND_HEARTBEAT {datanodeUUID=129cf440-9aa6-4f56-b440-e84d0b76b9e5, command=[]} | ret=SUCCESS |  
2019-08-29 09:38:39,130 [grpc-default-executor-2] INFO  client.GrpcClientProtocolClient (GrpcClientProtocolClient.java:onNext(255)) - client-166A520B6E3C->31202bf3-e3ef-401b-98b9-369e6d4f3507: receive RaftClientReply:client-166A520B6E3C->31202bf3-e3ef-401b-98b9-369e6d4f3507@group-7FC7981111D6, cid=45, FAILED org.apache.ratis.protocol.NotLeaderException: Server 31202bf3-e3ef-401b-98b9-369e6d4f3507 is not the leader (c8986603-afcd-4cf8-afcf-c6b45c0b43cc:192.168.69.87:46863). Request must be sent to leader., logIndex=0, commits[31202bf3-e3ef-401b-98b9-369e6d4f3507:c8, c8986603-afcd-4cf8-afcf-c6b45c0b43cc:c8, 129cf440-9aa6-4f56-b440-e84d0b76b9e5:c8]
2019-08-29 09:38:39,145 | INFO  | SCMAudit | user=jenkins1000 | ip=192.168.69.87 | op=SEND_HEARTBEAT {datanodeUUID=44638b28-be06-4149-9a11-87ab58c8e022, command=[]} | ret=SUCCESS |  
2019-08-29 09:38:39,241 | INFO  | SCMAudit | user=jenkins1000 | ip=192.168.69.87 | op=SEND_HEARTBEAT {datanodeUUID=73941da8-7b3a-43e7-8aff-0a9367598152, command=[]} | ret=SUCCESS |  
2019-08-29 09:38:39,331 | INFO  | SCMAudit | user=jenkins1000 | ip=192.168.69.87 | op=SEND_HEARTBEAT {datanodeUUID=c6f9d398-2eae-4a63-879f-a1d1bc55d1b3, command=[]} | ret=SUCCESS |  
2019-08-29 09:38:39,523 | INFO  | SCMAudit | user=jenkins1000 | ip=192.168.69.87 | op=SEND_HEARTBEAT {datanodeUUID=7a2e5536-d576-4bf3-9dec-9e4177d66979, command=[]} | ret=SUCCESS |  
2019-08-29 09:38:39,750 | INFO  | SCMAudit | user=jenkins1000 | ip=192.168.69.87 | op=SEND_HEARTBEAT {datanodeUUID=c8986603-afcd-4cf8-afcf-c6b45c0b43cc, command=[]} | ret=SUCCESS |  
2019-08-29 09:38:39,783 | INFO  | SCMAudit | user=jenkins1000 | ip=192.168.69.87 | op=SEND_HEARTBEAT {datanodeUUID=31202bf3-e3ef-401b-98b9-369e6d4f3507, command=[]} | ret=SUCCESS |  
2019-08-29 09:38:39,785 | INFO  | SCMAudit | user=jenkins1000 | ip=192.168.69.87 | op=SEND_HEARTBEAT {datanodeUUID=129cf440-9aa6-4f56-b440-e84d0b76b9e5, command=[]} | ret=SUCCESS |  
2019-08-29 09:38:40,144 | INFO  | SCMAudit | user=jenkins1000 | ip=192.168.69.87 | op=SEND_HEARTBEAT {datanodeUUID=44638b28-be06-4149-9a11-87ab58c8e022, command=[]} | ret=SUCCESS |  
2019-08-29 09:38:40,242 | INFO  | SCMAudit | user=jenkins1000 | ip=192.168.69.87 | op=SEND_HEARTBEAT {datanodeUUID=73941da8-7b3a-43e7-8aff-0a9367598152, command=[]} | ret=SUCCESS |  
2019-08-29 09:38:40,332 | INFO  | SCMAudit | user=jenkins1000 | ip=192.168.69.87 | op=SEND_HEARTBEAT {datanodeUUID=c6f9d398-2eae-4a63-879f-a1d1bc55d1b3, command=[]} | ret=SUCCESS |  
2019-08-29 09:38:40,523 | INFO  | SCMAudit | user=jenkins1000 | ip=192.168.69.87 | op=SEND_HEARTBEAT {datanodeUUID=7a2e5536-d576-4bf3-9dec-9e4177d66979, command=[]} | ret=SUCCESS |  
2019-08-29 09:38:40,750 | INFO  | SCMAudit | user=jenkins1000 | ip=192.168.69.87 | op=SEND_HEARTBEAT {datanodeUUID=c8986603-afcd-4cf8-afcf-c6b45c0b43cc, command=[]} | ret=SUCCESS |  
2019-08-29 09:38:40,783 | INFO  | SCMAudit | user=jenkins1000 | ip=192.168.69.87 | op=SEND_HEARTBEAT {datanodeUUID=31202bf3-e3ef-401b-98b9-369e6d4f3507, command=[]} | ret=SUCCESS |  
2019-08-29 09:38:40,785 | INFO  | SCMAudit | user=jenkins1000 | ip=192.168.69.87 | op=SEND_HEARTBEAT {datanodeUUID=129cf440-9aa6-4f56-b440-e84d0b76b9e5, command=[]} | ret=SUCCESS |  
2019-08-29 09:38:41,145 | INFO  | SCMAudit | user=jenkins1000 | ip=192.168.69.87 | op=SEND_HEARTBEAT {datanodeUUID=44638b28-be06-4149-9a11-87ab58c8e022, command=[]} | ret=SUCCESS |  
2019-08-29 09:38:41,242 | INFO  | SCMAudit | user=jenkins1000 | ip=192.168.69.87 | op=SEND_HEARTBEAT {datanodeUUID=73941da8-7b3a-43e7-8aff-0a9367598152, command=[]} | ret=SUCCESS |  
2019-08-29 09:38:41,331 | INFO  | SCMAudit | user=jenkins1000 | ip=192.168.69.87 | op=SEND_HEARTBEAT {datanodeUUID=c6f9d398-2eae-4a63-879f-a1d1bc55d1b3, command=[]} | ret=SUCCESS |  
2019-08-29 09:38:41,524 | INFO  | SCMAudit | user=jenkins1000 | ip=192.168.69.87 | op=SEND_HEARTBEAT {datanodeUUID=7a2e5536-d576-4bf3-9dec-9e4177d66979, command=[]} | ret=SUCCESS |  
2019-08-29 09:38:41,750 | INFO  | SCMAudit | user=jenkins1000 | ip=192.168.69.87 | op=SEND_HEARTBEAT {datanodeUUID=c8986603-afcd-4cf8-afcf-c6b45c0b43cc, command=[]} | ret=SUCCESS |  
2019-08-29 09:38:41,784 | INFO  | SCMAudit | user=jenkins1000 | ip=192.168.69.87 | op=SEND_HEARTBEAT {datanodeUUID=31202bf3-e3ef-401b-98b9-369e6d4f3507, command=[]} | ret=SUCCESS |  
2019-08-29 09:38:41,787 | INFO  | SCMAudit | user=jenkins1000 | ip=192.168.69.87 | op=SEND_HEARTBEAT {datanodeUUID=129cf440-9aa6-4f56-b440-e84d0b76b9e5, command=[]} | ret=SUCCESS |  
2019-08-29 09:38:42,146 | INFO  | SCMAudit | user=jenkins1000 | ip=192.168.69.87 | op=SEND_HEARTBEAT {datanodeUUID=44638b28-be06-4149-9a11-87ab58c8e022, command=[]} | ret=SUCCESS |  
2019-08-29 09:38:42,243 | INFO  | SCMAudit | user=jenkins1000 | ip=192.168.69.87 | op=SEND_HEARTBEAT {datanodeUUID=73941da8-7b3a-43e7-8aff-0a9367598152, command=[]} | ret=SUCCESS |  
2019-08-29 09:38:42,331 | INFO  | SCMAudit | user=jenkins1000 | ip=192.168.69.87 | op=SEND_HEARTBEAT {datanodeUUID=c6f9d398-2eae-4a63-879f-a1d1bc55d1b3, command=[]} | ret=SUCCESS |  
2019-08-29 09:38:42,523 | INFO  | SCMAudit | user=jenkins1000 | ip=192.168.69.87 | op=SEND_HEARTBEAT {datanodeUUID=7a2e5536-d576-4bf3-9dec-9e4177d66979, command=[]} | ret=SUCCESS |  
2019-08-29 09:38:42,751 | INFO  | SCMAudit | user=jenkins1000 | ip=192.168.69.87 | op=SEND_HEARTBEAT {datanodeUUID=c8986603-afcd-4cf8-afcf-c6b45c0b43cc, command=[]} | ret=SUCCESS |  
2019-08-29 09:38:42,783 | INFO  | SCMAudit | user=jenkins1000 | ip=192.168.69.87 | op=SEND_HEARTBEAT {datanodeUUID=31202bf3-e3ef-401b-98b9-369e6d4f3507, command=[]} | ret=SUCCESS |  
2019-08-29 09:38:42,786 | INFO  | SCMAudit | user=jenkins1000 | ip=192.168.69.87 | op=SEND_HEARTBEAT {datanodeUUID=129cf440-9aa6-4f56-b440-e84d0b76b9e5, command=[]} | ret=SUCCESS |  
2019-08-29 09:38:43,149 | INFO  | SCMAudit | user=jenkins1000 | ip=192.168.69.87 | op=SEND_HEARTBEAT {datanodeUUID=44638b28-be06-4149-9a11-87ab58c8e022, command=[]} | ret=SUCCESS |  
2019-08-29 09:38:43,243 | INFO  | SCMAudit | user=jenkins1000 | ip=192.168.69.87 | op=SEND_HEARTBEAT {datanodeUUID=73941da8-7b3a-43e7-8aff-0a9367598152, command=[]} | ret=SUCCESS |  
2019-08-29 09:38:43,331 | INFO  | SCMAudit | user=jenkins1000 | ip=192.168.69.87 | op=SEND_HEARTBEAT {datanodeUUID=c6f9d398-2eae-4a63-879f-a1d1bc55d1b3, command=[]} | ret=SUCCESS |  
2019-08-29 09:38:43,523 | INFO  | SCMAudit | user=jenkins1000 | ip=192.168.69.87 | op=SEND_HEARTBEAT {datanodeUUID=7a2e5536-d576-4bf3-9dec-9e4177d66979, command=[]} | ret=SUCCESS |  
2019-08-29 09:38:43,751 | INFO  | SCMAudit | user=jenkins1000 | ip=192.168.69.87 | op=SEND_HEARTBEAT {datanodeUUID=c8986603-afcd-4cf8-afcf-c6b45c0b43cc, command=[]} | ret=SUCCESS |  
2019-08-29 09:38:43,784 | INFO  | SCMAudit | user=jenkins1000 | ip=192.168.69.87 | op=SEND_HEARTBEAT {datanodeUUID=31202bf3-e3ef-401b-98b9-369e6d4f3507, command=[]} | ret=SUCCESS |  
2019-08-29 09:38:43,786 | INFO  | SCMAudit | user=jenkins1000 | ip=192.168.69.87 | op=SEND_HEARTBEAT {datanodeUUID=129cf440-9aa6-4f56-b440-e84d0b76b9e5, command=[]} | ret=SUCCESS |  
2019-08-29 09:38:44,147 | INFO  | SCMAudit | user=jenkins1000 | ip=192.168.69.87 | op=SEND_HEARTBEAT {datanodeUUID=44638b28-be06-4149-9a11-87ab58c8e022, command=[]} | ret=SUCCESS |  
2019-08-29 09:38:44,167 [grpc-default-executor-2] INFO  client.GrpcClientProtocolClient (GrpcClientProtocolClient.java:onNext(255)) - client-166A520B6E3C->31202bf3-e3ef-401b-98b9-369e6d4f3507: receive RaftClientReply:client-166A520B6E3C->31202bf3-e3ef-401b-98b9-369e6d4f3507@group-7FC7981111D6, cid=45, FAILED org.apache.ratis.protocol.NotLeaderException: Server 31202bf3-e3ef-401b-98b9-369e6d4f3507 is not the leader (c8986603-afcd-4cf8-afcf-c6b45c0b43cc:192.168.69.87:46863). Request must be sent to leader., logIndex=0, commits[31202bf3-e3ef-401b-98b9-369e6d4f3507:c8, c8986603-afcd-4cf8-afcf-c6b45c0b43cc:c8, 129cf440-9aa6-4f56-b440-e84d0b76b9e5:c8]
2019-08-29 09:38:44,243 | INFO  | SCMAudit | user=jenkins1000 | ip=192.168.69.87 | op=SEND_HEARTBEAT {datanodeUUID=73941da8-7b3a-43e7-8aff-0a9367598152, command=[]} | ret=SUCCESS |  
2019-08-29 09:38:44,332 | INFO  | SCMAudit | user=jenkins1000 | ip=192.168.69.87 | op=SEND_HEARTBEAT {datanodeUUID=c6f9d398-2eae-4a63-879f-a1d1bc55d1b3, command=[]} | ret=SUCCESS |  
2019-08-29 09:38:44,524 | INFO  | SCMAudit | user=jenkins1000 | ip=192.168.69.87 | op=SEND_HEARTBEAT {datanodeUUID=7a2e5536-d576-4bf3-9dec-9e4177d66979, command=[]} | ret=SUCCESS |  
2019-08-29 09:38:44,751 | INFO  | SCMAudit | user=jenkins1000 | ip=192.168.69.87 | op=SEND_HEARTBEAT {datanodeUUID=c8986603-afcd-4cf8-afcf-c6b45c0b43cc, command=[]} | ret=SUCCESS |  
2019-08-29 09:38:44,783 | INFO  | SCMAudit | user=jenkins1000 | ip=192.168.69.87 | op=SEND_HEARTBEAT {datanodeUUID=31202bf3-e3ef-401b-98b9-369e6d4f3507, command=[]} | ret=SUCCESS |  
2019-08-29 09:38:44,786 | INFO  | SCMAudit | user=jenkins1000 | ip=192.168.69.87 | op=SEND_HEARTBEAT {datanodeUUID=129cf440-9aa6-4f56-b440-e84d0b76b9e5, command=[]} | ret=SUCCESS |  
2019-08-29 09:38:45,147 | INFO  | SCMAudit | user=jenkins1000 | ip=192.168.69.87 | op=SEND_HEARTBEAT {datanodeUUID=44638b28-be06-4149-9a11-87ab58c8e022, command=[]} | ret=SUCCESS |  
2019-08-29 09:38:45,245 | INFO  | SCMAudit | user=jenkins1000 | ip=192.168.69.87 | op=SEND_HEARTBEAT {datanodeUUID=73941da8-7b3a-43e7-8aff-0a9367598152, command=[]} | ret=SUCCESS |  
2019-08-29 09:38:45,331 | INFO  | SCMAudit | user=jenkins1000 | ip=192.168.69.87 | op=SEND_HEARTBEAT {datanodeUUID=c6f9d398-2eae-4a63-879f-a1d1bc55d1b3, command=[]} | ret=SUCCESS |  
2019-08-29 09:38:45,693 | INFO  | SCMAudit | user=jenkins1000 | ip=192.168.69.87 | op=SEND_HEARTBEAT {datanodeUUID=7a2e5536-d576-4bf3-9dec-9e4177d66979, command=[]} | ret=SUCCESS |  
2019-08-29 09:38:45,752 | INFO  | SCMAudit | user=jenkins1000 | ip=192.168.69.87 | op=SEND_HEARTBEAT {datanodeUUID=c8986603-afcd-4cf8-afcf-c6b45c0b43cc, command=[]} | ret=SUCCESS |  
2019-08-29 09:38:45,801 | INFO  | SCMAudit | user=jenkins1000 | ip=192.168.69.87 | op=SEND_HEARTBEAT {datanodeUUID=31202bf3-e3ef-401b-98b9-369e6d4f3507, command=[]} | ret=SUCCESS |  
2019-08-29 09:38:45,802 | INFO  | SCMAudit | user=jenkins1000 | ip=192.168.69.87 | op=SEND_HEARTBEAT {datanodeUUID=129cf440-9aa6-4f56-b440-e84d0b76b9e5, command=[]} | ret=SUCCESS |  
2019-08-29 09:38:46,147 | INFO  | SCMAudit | user=jenkins1000 | ip=192.168.69.87 | op=SEND_HEARTBEAT {datanodeUUID=44638b28-be06-4149-9a11-87ab58c8e022, command=[]} | ret=SUCCESS |  
2019-08-29 09:38:46,244 | INFO  | SCMAudit | user=jenkins1000 | ip=192.168.69.87 | op=SEND_HEARTBEAT {datanodeUUID=73941da8-7b3a-43e7-8aff-0a9367598152, command=[]} | ret=SUCCESS |  
2019-08-29 09:38:46,331 | INFO  | SCMAudit | user=jenkins1000 | ip=192.168.69.87 | op=SEND_HEARTBEAT {datanodeUUID=c6f9d398-2eae-4a63-879f-a1d1bc55d1b3, command=[]} | ret=SUCCESS |  
2019-08-29 09:38:46,524 | INFO  | SCMAudit | user=jenkins1000 | ip=192.168.69.87 | op=SEND_HEARTBEAT {datanodeUUID=7a2e5536-d576-4bf3-9dec-9e4177d66979, command=[]} | ret=SUCCESS |  
2019-08-29 09:38:46,751 | INFO  | SCMAudit | user=jenkins1000 | ip=192.168.69.87 | op=SEND_HEARTBEAT {datanodeUUID=c8986603-afcd-4cf8-afcf-c6b45c0b43cc, command=[]} | ret=SUCCESS |  
2019-08-29 09:38:46,786 | INFO  | SCMAudit | user=jenkins1000 | ip=192.168.69.87 | op=SEND_HEARTBEAT {datanodeUUID=31202bf3-e3ef-401b-98b9-369e6d4f3507, command=[]} | ret=SUCCESS |  
2019-08-29 09:38:46,793 | INFO  | SCMAudit | user=jenkins1000 | ip=192.168.69.87 | op=SEND_HEARTBEAT {datanodeUUID=129cf440-9aa6-4f56-b440-e84d0b76b9e5, command=[]} | ret=SUCCESS |  
2019-08-29 09:38:47,148 | INFO  | SCMAudit | user=jenkins1000 | ip=192.168.69.87 | op=SEND_HEARTBEAT {datanodeUUID=44638b28-be06-4149-9a11-87ab58c8e022, command=[]} | ret=SUCCESS |  
2019-08-29 09:38:47,245 | INFO  | SCMAudit | user=jenkins1000 | ip=192.168.69.87 | op=SEND_HEARTBEAT {datanodeUUID=73941da8-7b3a-43e7-8aff-0a9367598152, command=[]} | ret=SUCCESS |  
2019-08-29 09:38:47,331 | INFO  | SCMAudit | user=jenkins1000 | ip=192.168.69.87 | op=SEND_HEARTBEAT {datanodeUUID=c6f9d398-2eae-4a63-879f-a1d1bc55d1b3, command=[]} | ret=SUCCESS |  
2019-08-29 09:38:47,523 | INFO  | SCMAudit | user=jenkins1000 | ip=192.168.69.87 | op=SEND_HEARTBEAT {datanodeUUID=7a2e5536-d576-4bf3-9dec-9e4177d66979, command=[]} | ret=SUCCESS |  
2019-08-29 09:38:47,751 | INFO  | SCMAudit | user=jenkins1000 | ip=192.168.69.87 | op=SEND_HEARTBEAT {datanodeUUID=c8986603-afcd-4cf8-afcf-c6b45c0b43cc, command=[]} | ret=SUCCESS |  
2019-08-29 09:38:47,786 | INFO  | SCMAudit | user=jenkins1000 | ip=192.168.69.87 | op=SEND_HEARTBEAT {datanodeUUID=31202bf3-e3ef-401b-98b9-369e6d4f3507, command=[]} | ret=SUCCESS |  
2019-08-29 09:38:47,794 | INFO  | SCMAudit | user=jenkins1000 | ip=192.168.69.87 | op=SEND_HEARTBEAT {datanodeUUID=129cf440-9aa6-4f56-b440-e84d0b76b9e5, command=[]} | ret=SUCCESS |  
2019-08-29 09:38:48,148 | INFO  | SCMAudit | user=jenkins1000 | ip=192.168.69.87 | op=SEND_HEARTBEAT {datanodeUUID=44638b28-be06-4149-9a11-87ab58c8e022, command=[]} | ret=SUCCESS |  
2019-08-29 09:38:48,244 | INFO  | SCMAudit | user=jenkins1000 | ip=192.168.69.87 | op=SEND_HEARTBEAT {datanodeUUID=73941da8-7b3a-43e7-8aff-0a9367598152, command=[]} | ret=SUCCESS |  
2019-08-29 09:38:48,332 | INFO  | SCMAudit | user=jenkins1000 | ip=192.168.69.87 | op=SEND_HEARTBEAT {datanodeUUID=c6f9d398-2eae-4a63-879f-a1d1bc55d1b3, command=[]} | ret=SUCCESS |  
2019-08-29 09:38:48,524 | INFO  | SCMAudit | user=jenkins1000 | ip=192.168.69.87 | op=SEND_HEARTBEAT {datanodeUUID=7a2e5536-d576-4bf3-9dec-9e4177d66979, command=[]} | ret=SUCCESS |  
2019-08-29 09:38:48,752 | INFO  | SCMAudit | user=jenkins1000 | ip=192.168.69.87 | op=SEND_HEARTBEAT {datanodeUUID=c8986603-afcd-4cf8-afcf-c6b45c0b43cc, command=[]} | ret=SUCCESS |  
2019-08-29 09:38:48,786 | INFO  | SCMAudit | user=jenkins1000 | ip=192.168.69.87 | op=SEND_HEARTBEAT {datanodeUUID=31202bf3-e3ef-401b-98b9-369e6d4f3507, command=[]} | ret=SUCCESS |  
2019-08-29 09:38:48,793 | INFO  | SCMAudit | user=jenkins1000 | ip=192.168.69.87 | op=SEND_HEARTBEAT {datanodeUUID=129cf440-9aa6-4f56-b440-e84d0b76b9e5, command=[]} | ret=SUCCESS |  
2019-08-29 09:38:49,149 | INFO  | SCMAudit | user=jenkins1000 | ip=192.168.69.87 | op=SEND_HEARTBEAT {datanodeUUID=44638b28-be06-4149-9a11-87ab58c8e022, command=[]} | ret=SUCCESS |  
2019-08-29 09:38:49,200 [grpc-default-executor-5] INFO  client.GrpcClientProtocolClient (GrpcClientProtocolClient.java:onNext(255)) - client-166A520B6E3C->31202bf3-e3ef-401b-98b9-369e6d4f3507: receive RaftClientReply:client-166A520B6E3C->31202bf3-e3ef-401b-98b9-369e6d4f3507@group-7FC7981111D6, cid=45, FAILED org.apache.ratis.protocol.NotLeaderException: Server 31202bf3-e3ef-401b-98b9-369e6d4f3507 is not the leader (c8986603-afcd-4cf8-afcf-c6b45c0b43cc:192.168.69.87:46863). Request must be sent to leader., logIndex=0, commits[31202bf3-e3ef-401b-98b9-369e6d4f3507:c8, c8986603-afcd-4cf8-afcf-c6b45c0b43cc:c8, 129cf440-9aa6-4f56-b440-e84d0b76b9e5:c8]
2019-08-29 09:38:49,245 | INFO  | SCMAudit | user=jenkins1000 | ip=192.168.69.87 | op=SEND_HEARTBEAT {datanodeUUID=73941da8-7b3a-43e7-8aff-0a9367598152, command=[]} | ret=SUCCESS |  
2019-08-29 09:38:49,332 | INFO  | SCMAudit | user=jenkins1000 | ip=192.168.69.87 | op=SEND_HEARTBEAT {datanodeUUID=c6f9d398-2eae-4a63-879f-a1d1bc55d1b3, command=[]} | ret=SUCCESS |  
2019-08-29 09:38:49,523 | INFO  | SCMAudit | user=jenkins1000 | ip=192.168.69.87 | op=SEND_HEARTBEAT {datanodeUUID=7a2e5536-d576-4bf3-9dec-9e4177d66979, command=[]} | ret=SUCCESS |  
2019-08-29 09:38:49,770 | INFO  | SCMAudit | user=jenkins1000 | ip=192.168.69.87 | op=SEND_HEARTBEAT {datanodeUUID=c8986603-afcd-4cf8-afcf-c6b45c0b43cc, command=[]} | ret=SUCCESS |  
2019-08-29 09:38:49,786 | INFO  | SCMAudit | user=jenkins1000 | ip=192.168.69.87 | op=SEND_HEARTBEAT {datanodeUUID=31202bf3-e3ef-401b-98b9-369e6d4f3507, command=[]} | ret=SUCCESS |  
2019-08-29 09:38:49,795 | INFO  | SCMAudit | user=jenkins1000 | ip=192.168.69.87 | op=SEND_HEARTBEAT {datanodeUUID=129cf440-9aa6-4f56-b440-e84d0b76b9e5, command=[]} | ret=SUCCESS |  
2019-08-29 09:38:50,148 | INFO  | SCMAudit | user=jenkins1000 | ip=192.168.69.87 | op=SEND_HEARTBEAT {datanodeUUID=44638b28-be06-4149-9a11-87ab58c8e022, command=[]} | ret=SUCCESS |  
2019-08-29 09:38:50,244 | INFO  | SCMAudit | user=jenkins1000 | ip=192.168.69.87 | op=SEND_HEARTBEAT {datanodeUUID=73941da8-7b3a-43e7-8aff-0a9367598152, command=[]} | ret=SUCCESS |  
2019-08-29 09:38:50,332 | INFO  | SCMAudit | user=jenkins1000 | ip=192.168.69.87 | op=SEND_HEARTBEAT {datanodeUUID=c6f9d398-2eae-4a63-879f-a1d1bc55d1b3, command=[]} | ret=SUCCESS |  
2019-08-29 09:38:50,524 | INFO  | SCMAudit | user=jenkins1000 | ip=192.168.69.87 | op=SEND_HEARTBEAT {datanodeUUID=7a2e5536-d576-4bf3-9dec-9e4177d66979, command=[]} | ret=SUCCESS |  
2019-08-29 09:38:50,751 | INFO  | SCMAudit | user=jenkins1000 | ip=192.168.69.87 | op=SEND_HEARTBEAT {datanodeUUID=c8986603-afcd-4cf8-afcf-c6b45c0b43cc, command=[]} | ret=SUCCESS |  
2019-08-29 09:38:50,787 | INFO  | SCMAudit | user=jenkins1000 | ip=192.168.69.87 | op=SEND_HEARTBEAT {datanodeUUID=31202bf3-e3ef-401b-98b9-369e6d4f3507, command=[]} | ret=SUCCESS |  
2019-08-29 09:38:50,795 | INFO  | SCMAudit | user=jenkins1000 | ip=192.168.69.87 | op=SEND_HEARTBEAT {datanodeUUID=129cf440-9aa6-4f56-b440-e84d0b76b9e5, command=[]} | ret=SUCCESS |  
2019-08-29 09:38:51,148 | INFO  | SCMAudit | user=jenkins1000 | ip=192.168.69.87 | op=SEND_HEARTBEAT {datanodeUUID=44638b28-be06-4149-9a11-87ab58c8e022, command=[]} | ret=SUCCESS |  
2019-08-29 09:38:51,244 | INFO  | SCMAudit | user=jenkins1000 | ip=192.168.69.87 | op=SEND_HEARTBEAT {datanodeUUID=73941da8-7b3a-43e7-8aff-0a9367598152, command=[]} | ret=SUCCESS |  
2019-08-29 09:38:51,332 | INFO  | SCMAudit | user=jenkins1000 | ip=192.168.69.87 | op=SEND_HEARTBEAT {datanodeUUID=c6f9d398-2eae-4a63-879f-a1d1bc55d1b3, command=[]} | ret=SUCCESS |  
2019-08-29 09:38:51,524 | INFO  | SCMAudit | user=jenkins1000 | ip=192.168.69.87 | op=SEND_HEARTBEAT {datanodeUUID=7a2e5536-d576-4bf3-9dec-9e4177d66979, command=[]} | ret=SUCCESS |  
2019-08-29 09:38:51,751 | INFO  | SCMAudit | user=jenkins1000 | ip=192.168.69.87 | op=SEND_HEARTBEAT {datanodeUUID=c8986603-afcd-4cf8-afcf-c6b45c0b43cc, command=[]} | ret=SUCCESS |  
2019-08-29 09:38:51,786 | INFO  | SCMAudit | user=jenkins1000 | ip=192.168.69.87 | op=SEND_HEARTBEAT {datanodeUUID=31202bf3-e3ef-401b-98b9-369e6d4f3507, command=[]} | ret=SUCCESS |  
2019-08-29 09:38:51,795 | INFO  | SCMAudit | user=jenkins1000 | ip=192.168.69.87 | op=SEND_HEARTBEAT {datanodeUUID=129cf440-9aa6-4f56-b440-e84d0b76b9e5, command=[]} | ret=SUCCESS |  
2019-08-29 09:38:52,149 | INFO  | SCMAudit | user=jenkins1000 | ip=192.168.69.87 | op=SEND_HEARTBEAT {datanodeUUID=44638b28-be06-4149-9a11-87ab58c8e022, command=[]} | ret=SUCCESS |  
2019-08-29 09:38:52,244 | INFO  | SCMAudit | user=jenkins1000 | ip=192.168.69.87 | op=SEND_HEARTBEAT {datanodeUUID=73941da8-7b3a-43e7-8aff-0a9367598152, command=[]} | ret=SUCCESS |  
2019-08-29 09:38:52,332 | INFO  | SCMAudit | user=jenkins1000 | ip=192.168.69.87 | op=SEND_HEARTBEAT {datanodeUUID=c6f9d398-2eae-4a63-879f-a1d1bc55d1b3, command=[]} | ret=SUCCESS |  
2019-08-29 09:38:52,524 | INFO  | SCMAudit | user=jenkins1000 | ip=192.168.69.87 | op=SEND_HEARTBEAT {datanodeUUID=7a2e5536-d576-4bf3-9dec-9e4177d66979, command=[]} | ret=SUCCESS |  
2019-08-29 09:38:52,752 | INFO  | SCMAudit | user=jenkins1000 | ip=192.168.69.87 | op=SEND_HEARTBEAT {datanodeUUID=c8986603-afcd-4cf8-afcf-c6b45c0b43cc, command=[]} | ret=SUCCESS |  
2019-08-29 09:38:52,786 | INFO  | SCMAudit | user=jenkins1000 | ip=192.168.69.87 | op=SEND_HEARTBEAT {datanodeUUID=31202bf3-e3ef-401b-98b9-369e6d4f3507, command=[]} | ret=SUCCESS |  
2019-08-29 09:38:52,795 | INFO  | SCMAudit | user=jenkins1000 | ip=192.168.69.87 | op=SEND_HEARTBEAT {datanodeUUID=129cf440-9aa6-4f56-b440-e84d0b76b9e5, command=[]} | ret=SUCCESS |  
2019-08-29 09:38:53,149 | INFO  | SCMAudit | user=jenkins1000 | ip=192.168.69.87 | op=SEND_HEARTBEAT {datanodeUUID=44638b28-be06-4149-9a11-87ab58c8e022, command=[]} | ret=SUCCESS |  
2019-08-29 09:38:53,245 | INFO  | SCMAudit | user=jenkins1000 | ip=192.168.69.87 | op=SEND_HEARTBEAT {datanodeUUID=73941da8-7b3a-43e7-8aff-0a9367598152, command=[]} | ret=SUCCESS |  
2019-08-29 09:38:53,333 | INFO  | SCMAudit | user=jenkins1000 | ip=192.168.69.87 | op=SEND_HEARTBEAT {datanodeUUID=c6f9d398-2eae-4a63-879f-a1d1bc55d1b3, command=[]} | ret=SUCCESS |  
2019-08-29 09:38:53,524 | INFO  | SCMAudit | user=jenkins1000 | ip=192.168.69.87 | op=SEND_HEARTBEAT {datanodeUUID=7a2e5536-d576-4bf3-9dec-9e4177d66979, command=[]} | ret=SUCCESS |  
2019-08-29 09:38:53,752 | INFO  | SCMAudit | user=jenkins1000 | ip=192.168.69.87 | op=SEND_HEARTBEAT {datanodeUUID=c8986603-afcd-4cf8-afcf-c6b45c0b43cc, command=[]} | ret=SUCCESS |  
2019-08-29 09:38:53,786 | INFO  | SCMAudit | user=jenkins1000 | ip=192.168.69.87 | op=SEND_HEARTBEAT {datanodeUUID=31202bf3-e3ef-401b-98b9-369e6d4f3507, command=[]} | ret=SUCCESS |  
2019-08-29 09:38:53,795 | INFO  | SCMAudit | user=jenkins1000 | ip=192.168.69.87 | op=SEND_HEARTBEAT {datanodeUUID=129cf440-9aa6-4f56-b440-e84d0b76b9e5, command=[]} | ret=SUCCESS |  
2019-08-29 09:38:54,150 | INFO  | SCMAudit | user=jenkins1000 | ip=192.168.69.87 | op=SEND_HEARTBEAT {datanodeUUID=44638b28-be06-4149-9a11-87ab58c8e022, command=[]} | ret=SUCCESS |  
2019-08-29 09:38:54,243 [grpc-default-executor-2] INFO  client.GrpcClientProtocolClient (GrpcClientProtocolClient.java:onNext(255)) - client-166A520B6E3C->129cf440-9aa6-4f56-b440-e84d0b76b9e5: receive RaftClientReply:client-166A520B6E3C->129cf440-9aa6-4f56-b440-e84d0b76b9e5@group-7FC7981111D6, cid=45, FAILED org.apache.ratis.protocol.NotLeaderException: Server 129cf440-9aa6-4f56-b440-e84d0b76b9e5 is not the leader (c8986603-afcd-4cf8-afcf-c6b45c0b43cc:192.168.69.87:46863). Request must be sent to leader., logIndex=0, commits[129cf440-9aa6-4f56-b440-e84d0b76b9e5:c8, c8986603-afcd-4cf8-afcf-c6b45c0b43cc:c8, 31202bf3-e3ef-401b-98b9-369e6d4f3507:c8]
2019-08-29 09:38:54,271 | INFO  | SCMAudit | user=jenkins1000 | ip=192.168.69.87 | op=SEND_HEARTBEAT {datanodeUUID=73941da8-7b3a-43e7-8aff-0a9367598152, command=[]} | ret=SUCCESS |  
2019-08-29 09:38:54,332 | INFO  | SCMAudit | user=jenkins1000 | ip=192.168.69.87 | op=SEND_HEARTBEAT {datanodeUUID=c6f9d398-2eae-4a63-879f-a1d1bc55d1b3, command=[]} | ret=SUCCESS |  
2019-08-29 09:38:54,525 | INFO  | SCMAudit | user=jenkins1000 | ip=192.168.69.87 | op=SEND_HEARTBEAT {datanodeUUID=7a2e5536-d576-4bf3-9dec-9e4177d66979, command=[]} | ret=SUCCESS |  
2019-08-29 09:38:54,753 | INFO  | SCMAudit | user=jenkins1000 | ip=192.168.69.87 | op=SEND_HEARTBEAT {datanodeUUID=c8986603-afcd-4cf8-afcf-c6b45c0b43cc, command=[]} | ret=SUCCESS |  
2019-08-29 09:38:54,787 | INFO  | SCMAudit | user=jenkins1000 | ip=192.168.69.87 | op=SEND_HEARTBEAT {datanodeUUID=31202bf3-e3ef-401b-98b9-369e6d4f3507, command=[]} | ret=SUCCESS |  
2019-08-29 09:38:54,795 | INFO  | SCMAudit | user=jenkins1000 | ip=192.168.69.87 | op=SEND_HEARTBEAT {datanodeUUID=129cf440-9aa6-4f56-b440-e84d0b76b9e5, command=[]} | ret=SUCCESS |  
2019-08-29 09:38:55,149 | INFO  | SCMAudit | user=jenkins1000 | ip=192.168.69.87 | op=SEND_HEARTBEAT {datanodeUUID=44638b28-be06-4149-9a11-87ab58c8e022, command=[]} | ret=SUCCESS |  
2019-08-29 09:38:55,262 | INFO  | SCMAudit | user=jenkins1000 | ip=192.168.69.87 | op=SEND_HEARTBEAT {datanodeUUID=73941da8-7b3a-43e7-8aff-0a9367598152, command=[]} | ret=SUCCESS |  
2019-08-29 09:38:55,333 | INFO  | SCMAudit | user=jenkins1000 | ip=192.168.69.87 | op=SEND_HEARTBEAT {datanodeUUID=c6f9d398-2eae-4a63-879f-a1d1bc55d1b3, command=[]} | ret=SUCCESS |  
2019-08-29 09:38:55,524 | INFO  | SCMAudit | user=jenkins1000 | ip=192.168.69.87 | op=SEND_HEARTBEAT {datanodeUUID=7a2e5536-d576-4bf3-9dec-9e4177d66979, command=[]} | ret=SUCCESS |  
2019-08-29 09:38:55,752 | INFO  | SCMAudit | user=jenkins1000 | ip=192.168.69.87 | op=SEND_HEARTBEAT {datanodeUUID=c8986603-afcd-4cf8-afcf-c6b45c0b43cc, command=[]} | ret=SUCCESS |  
2019-08-29 09:38:55,787 | INFO  | SCMAudit | user=jenkins1000 | ip=192.168.69.87 | op=SEND_HEARTBEAT {datanodeUUID=31202bf3-e3ef-401b-98b9-369e6d4f3507, command=[]} | ret=SUCCESS |  
2019-08-29 09:38:55,795 | INFO  | SCMAudit | user=jenkins1000 | ip=192.168.69.87 | op=SEND_HEARTBEAT {datanodeUUID=129cf440-9aa6-4f56-b440-e84d0b76b9e5, command=[]} | ret=SUCCESS |  
2019-08-29 09:38:56,150 | INFO  | SCMAudit | user=jenkins1000 | ip=192.168.69.87 | op=SEND_HEARTBEAT {datanodeUUID=44638b28-be06-4149-9a11-87ab58c8e022, command=[]} | ret=SUCCESS |  
2019-08-29 09:38:56,262 | INFO  | SCMAudit | user=jenkins1000 | ip=192.168.69.87 | op=SEND_HEARTBEAT {datanodeUUID=73941da8-7b3a-43e7-8aff-0a9367598152, command=[]} | ret=SUCCESS |  
2019-08-29 09:38:56,333 | INFO  | SCMAudit | user=jenkins1000 | ip=192.168.69.87 | op=SEND_HEARTBEAT {datanodeUUID=c6f9d398-2eae-4a63-879f-a1d1bc55d1b3, command=[]} | ret=SUCCESS |  
2019-08-29 09:38:56,524 | INFO  | SCMAudit | user=jenkins1000 | ip=192.168.69.87 | op=SEND_HEARTBEAT {datanodeUUID=7a2e5536-d576-4bf3-9dec-9e4177d66979, command=[]} | ret=SUCCESS |  
2019-08-29 09:38:56,752 | INFO  | SCMAudit | user=jenkins1000 | ip=192.168.69.87 | op=SEND_HEARTBEAT {datanodeUUID=c8986603-afcd-4cf8-afcf-c6b45c0b43cc, command=[]} | ret=SUCCESS |  
2019-08-29 09:38:56,788 | INFO  | SCMAudit | user=jenkins1000 | ip=192.168.69.87 | op=SEND_HEARTBEAT {datanodeUUID=31202bf3-e3ef-401b-98b9-369e6d4f3507, command=[]} | ret=SUCCESS |  
2019-08-29 09:38:56,795 | INFO  | SCMAudit | user=jenkins1000 | ip=192.168.69.87 | op=SEND_HEARTBEAT {datanodeUUID=129cf440-9aa6-4f56-b440-e84d0b76b9e5, command=[]} | ret=SUCCESS |  
2019-08-29 09:38:57,150 | INFO  | SCMAudit | user=jenkins1000 | ip=192.168.69.87 | op=SEND_HEARTBEAT {datanodeUUID=44638b28-be06-4149-9a11-87ab58c8e022, command=[]} | ret=SUCCESS |  
2019-08-29 09:38:57,263 | INFO  | SCMAudit | user=jenkins1000 | ip=192.168.69.87 | op=SEND_HEARTBEAT {datanodeUUID=73941da8-7b3a-43e7-8aff-0a9367598152, command=[]} | ret=SUCCESS |  
2019-08-29 09:38:57,334 | INFO  | SCMAudit | user=jenkins1000 | ip=192.168.69.87 | op=SEND_HEARTBEAT {datanodeUUID=c6f9d398-2eae-4a63-879f-a1d1bc55d1b3, command=[]} | ret=SUCCESS |  
2019-08-29 09:38:57,524 | INFO  | SCMAudit | user=jenkins1000 | ip=192.168.69.87 | op=SEND_HEARTBEAT {datanodeUUID=7a2e5536-d576-4bf3-9dec-9e4177d66979, command=[]} | ret=SUCCESS |  
2019-08-29 09:38:57,752 | INFO  | SCMAudit | user=jenkins1000 | ip=192.168.69.87 | op=SEND_HEARTBEAT {datanodeUUID=c8986603-afcd-4cf8-afcf-c6b45c0b43cc, command=[]} | ret=SUCCESS |  
2019-08-29 09:38:57,787 | INFO  | SCMAudit | user=jenkins1000 | ip=192.168.69.87 | op=SEND_HEARTBEAT {datanodeUUID=31202bf3-e3ef-401b-98b9-369e6d4f3507, command=[]} | ret=SUCCESS |  
2019-08-29 09:38:57,795 | INFO  | SCMAudit | user=jenkins1000 | ip=192.168.69.87 | op=SEND_HEARTBEAT {datanodeUUID=129cf440-9aa6-4f56-b440-e84d0b76b9e5, command=[]} | ret=SUCCESS |  
2019-08-29 09:38:58,151 | INFO  | SCMAudit | user=jenkins1000 | ip=192.168.69.87 | op=SEND_HEARTBEAT {datanodeUUID=44638b28-be06-4149-9a11-87ab58c8e022, command=[]} | ret=SUCCESS |  
2019-08-29 09:38:58,263 | INFO  | SCMAudit | user=jenkins1000 | ip=192.168.69.87 | op=SEND_HEARTBEAT {datanodeUUID=73941da8-7b3a-43e7-8aff-0a9367598152, command=[]} | ret=SUCCESS |  
2019-08-29 09:38:58,333 | INFO  | SCMAudit | user=jenkins1000 | ip=192.168.69.87 | op=SEND_HEARTBEAT {datanodeUUID=c6f9d398-2eae-4a63-879f-a1d1bc55d1b3, command=[]} | ret=SUCCESS |  
2019-08-29 09:38:58,524 | INFO  | SCMAudit | user=jenkins1000 | ip=192.168.69.87 | op=SEND_HEARTBEAT {datanodeUUID=7a2e5536-d576-4bf3-9dec-9e4177d66979, command=[]} | ret=SUCCESS |  
2019-08-29 09:38:58,752 | INFO  | SCMAudit | user=jenkins1000 | ip=192.168.69.87 | op=SEND_HEARTBEAT {datanodeUUID=c8986603-afcd-4cf8-afcf-c6b45c0b43cc, command=[]} | ret=SUCCESS |  
2019-08-29 09:38:58,788 | INFO  | SCMAudit | user=jenkins1000 | ip=192.168.69.87 | op=SEND_HEARTBEAT {datanodeUUID=31202bf3-e3ef-401b-98b9-369e6d4f3507, command=[]} | ret=SUCCESS |  
2019-08-29 09:38:58,795 | INFO  | SCMAudit | user=jenkins1000 | ip=192.168.69.87 | op=SEND_HEARTBEAT {datanodeUUID=129cf440-9aa6-4f56-b440-e84d0b76b9e5, command=[]} | ret=SUCCESS |  
2019-08-29 09:38:59,150 | INFO  | SCMAudit | user=jenkins1000 | ip=192.168.69.87 | op=SEND_HEARTBEAT {datanodeUUID=44638b28-be06-4149-9a11-87ab58c8e022, command=[]} | ret=SUCCESS |  
2019-08-29 09:38:59,264 | INFO  | SCMAudit | user=jenkins1000 | ip=192.168.69.87 | op=SEND_HEARTBEAT {datanodeUUID=73941da8-7b3a-43e7-8aff-0a9367598152, command=[]} | ret=SUCCESS |  
2019-08-29 09:38:59,311 [grpc-default-executor-2] INFO  client.GrpcClientProtocolClient (GrpcClientProtocolClient.java:onNext(255)) - client-166A520B6E3C->31202bf3-e3ef-401b-98b9-369e6d4f3507: receive RaftClientReply:client-166A520B6E3C->31202bf3-e3ef-401b-98b9-369e6d4f3507@group-7FC7981111D6, cid=45, FAILED org.apache.ratis.protocol.NotLeaderException: Server 31202bf3-e3ef-401b-98b9-369e6d4f3507 is not the leader (c8986603-afcd-4cf8-afcf-c6b45c0b43cc:192.168.69.87:46863). Request must be sent to leader., logIndex=0, commits[31202bf3-e3ef-401b-98b9-369e6d4f3507:c8, c8986603-afcd-4cf8-afcf-c6b45c0b43cc:c8, 129cf440-9aa6-4f56-b440-e84d0b76b9e5:c8]
2019-08-29 09:38:59,333 | INFO  | SCMAudit | user=jenkins1000 | ip=192.168.69.87 | op=SEND_HEARTBEAT {datanodeUUID=c6f9d398-2eae-4a63-879f-a1d1bc55d1b3, command=[]} | ret=SUCCESS |  
2019-08-29 09:38:59,525 | INFO  | SCMAudit | user=jenkins1000 | ip=192.168.69.87 | op=SEND_HEARTBEAT {datanodeUUID=7a2e5536-d576-4bf3-9dec-9e4177d66979, command=[]} | ret=SUCCESS |  
2019-08-29 09:38:59,753 | INFO  | SCMAudit | user=jenkins1000 | ip=192.168.69.87 | op=SEND_HEARTBEAT {datanodeUUID=c8986603-afcd-4cf8-afcf-c6b45c0b43cc, command=[]} | ret=SUCCESS |  
2019-08-29 09:38:59,787 | INFO  | SCMAudit | user=jenkins1000 | ip=192.168.69.87 | op=SEND_HEARTBEAT {datanodeUUID=31202bf3-e3ef-401b-98b9-369e6d4f3507, command=[]} | ret=SUCCESS |  
2019-08-29 09:38:59,795 | INFO  | SCMAudit | user=jenkins1000 | ip=192.168.69.87 | op=SEND_HEARTBEAT {datanodeUUID=129cf440-9aa6-4f56-b440-e84d0b76b9e5, command=[]} | ret=SUCCESS |  
2019-08-29 09:39:00,151 | INFO  | SCMAudit | user=jenkins1000 | ip=192.168.69.87 | op=SEND_HEARTBEAT {datanodeUUID=44638b28-be06-4149-9a11-87ab58c8e022, command=[]} | ret=SUCCESS |  
2019-08-29 09:39:00,263 | INFO  | SCMAudit | user=jenkins1000 | ip=192.168.69.87 | op=SEND_HEARTBEAT {datanodeUUID=73941da8-7b3a-43e7-8aff-0a9367598152, command=[]} | ret=SUCCESS |  
2019-08-29 09:39:00,334 | INFO  | SCMAudit | user=jenkins1000 | ip=192.168.69.87 | op=SEND_HEARTBEAT {datanodeUUID=c6f9d398-2eae-4a63-879f-a1d1bc55d1b3, command=[]} | ret=SUCCESS |  
2019-08-29 09:39:00,524 | INFO  | SCMAudit | user=jenkins1000 | ip=192.168.69.87 | op=SEND_HEARTBEAT {datanodeUUID=7a2e5536-d576-4bf3-9dec-9e4177d66979, command=[]} | ret=SUCCESS |  
2019-08-29 09:39:00,752 | INFO  | SCMAudit | user=jenkins1000 | ip=192.168.69.87 | op=SEND_HEARTBEAT {datanodeUUID=c8986603-afcd-4cf8-afcf-c6b45c0b43cc, command=[]} | ret=SUCCESS |  
2019-08-29 09:39:00,787 | INFO  | SCMAudit | user=jenkins1000 | ip=192.168.69.87 | op=SEND_HEARTBEAT {datanodeUUID=31202bf3-e3ef-401b-98b9-369e6d4f3507, command=[]} | ret=SUCCESS |  
2019-08-29 09:39:00,795 | INFO  | SCMAudit | user=jenkins1000 | ip=192.168.69.87 | op=SEND_HEARTBEAT {datanodeUUID=129cf440-9aa6-4f56-b440-e84d0b76b9e5, command=[]} | ret=SUCCESS |  
2019-08-29 09:39:01,150 | INFO  | SCMAudit | user=jenkins1000 | ip=192.168.69.87 | op=SEND_HEARTBEAT {datanodeUUID=44638b28-be06-4149-9a11-87ab58c8e022, command=[]} | ret=SUCCESS |  
2019-08-29 09:39:01,263 | INFO  | SCMAudit | user=jenkins1000 | ip=192.168.69.87 | op=SEND_HEARTBEAT {datanodeUUID=73941da8-7b3a-43e7-8aff-0a9367598152, command=[]} | ret=SUCCESS |  
2019-08-29 09:39:01,334 | INFO  | SCMAudit | user=jenkins1000 | ip=192.168.69.87 | op=SEND_HEARTBEAT {datanodeUUID=c6f9d398-2eae-4a63-879f-a1d1bc55d1b3, command=[]} | ret=SUCCESS |  
2019-08-29 09:39:01,524 | INFO  | SCMAudit | user=jenkins1000 | ip=192.168.69.87 | op=SEND_HEARTBEAT {datanodeUUID=7a2e5536-d576-4bf3-9dec-9e4177d66979, command=[]} | ret=SUCCESS |  
2019-08-29 09:39:01,752 | INFO  | SCMAudit | user=jenkins1000 | ip=192.168.69.87 | op=SEND_HEARTBEAT {datanodeUUID=c8986603-afcd-4cf8-afcf-c6b45c0b43cc, command=[]} | ret=SUCCESS |  
2019-08-29 09:39:01,787 | INFO  | SCMAudit | user=jenkins1000 | ip=192.168.69.87 | op=SEND_HEARTBEAT {datanodeUUID=31202bf3-e3ef-401b-98b9-369e6d4f3507, command=[]} | ret=SUCCESS |  
2019-08-29 09:39:01,795 | INFO  | SCMAudit | user=jenkins1000 | ip=192.168.69.87 | op=SEND_HEARTBEAT {datanodeUUID=129cf440-9aa6-4f56-b440-e84d0b76b9e5, command=[]} | ret=SUCCESS |  
2019-08-29 09:39:02,151 | INFO  | SCMAudit | user=jenkins1000 | ip=192.168.69.87 | op=SEND_HEARTBEAT {datanodeUUID=44638b28-be06-4149-9a11-87ab58c8e022, command=[]} | ret=SUCCESS |  
2019-08-29 09:39:02,264 | INFO  | SCMAudit | user=jenkins1000 | ip=192.168.69.87 | op=SEND_HEARTBEAT {datanodeUUID=73941da8-7b3a-43e7-8aff-0a9367598152, command=[]} | ret=SUCCESS |  
2019-08-29 09:39:02,334 | INFO  | SCMAudit | user=jenkins1000 | ip=192.168.69.87 | op=SEND_HEARTBEAT {datanodeUUID=c6f9d398-2eae-4a63-879f-a1d1bc55d1b3, command=[]} | ret=SUCCESS |  
2019-08-29 09:39:02,525 | INFO  | SCMAudit | user=jenkins1000 | ip=192.168.69.87 | op=SEND_HEARTBEAT {datanodeUUID=7a2e5536-d576-4bf3-9dec-9e4177d66979, command=[]} | ret=SUCCESS |  
2019-08-29 09:39:02,752 | INFO  | SCMAudit | user=jenkins1000 | ip=192.168.69.87 | op=SEND_HEARTBEAT {datanodeUUID=c8986603-afcd-4cf8-afcf-c6b45c0b43cc, command=[]} | ret=SUCCESS |  
2019-08-29 09:39:02,788 | INFO  | SCMAudit | user=jenkins1000 | ip=192.168.69.87 | op=SEND_HEARTBEAT {datanodeUUID=31202bf3-e3ef-401b-98b9-369e6d4f3507, command=[]} | ret=SUCCESS |  
2019-08-29 09:39:02,795 | INFO  | SCMAudit | user=jenkins1000 | ip=192.168.69.87 | op=SEND_HEARTBEAT {datanodeUUID=129cf440-9aa6-4f56-b440-e84d0b76b9e5, command=[]} | ret=SUCCESS |  
2019-08-29 09:39:03,150 | INFO  | SCMAudit | user=jenkins1000 | ip=192.168.69.87 | op=SEND_HEARTBEAT {datanodeUUID=44638b28-be06-4149-9a11-87ab58c8e022, command=[]} | ret=SUCCESS |  
2019-08-29 09:39:03,263 | INFO  | SCMAudit | user=jenkins1000 | ip=192.168.69.87 | op=SEND_HEARTBEAT {datanodeUUID=73941da8-7b3a-43e7-8aff-0a9367598152, command=[]} | ret=SUCCESS |  
2019-08-29 09:39:03,337 | INFO  | SCMAudit | user=jenkins1000 | ip=192.168.69.87 | op=SEND_HEARTBEAT {datanodeUUID=c6f9d398-2eae-4a63-879f-a1d1bc55d1b3, command=[]} | ret=SUCCESS |  
2019-08-29 09:39:03,525 | INFO  | SCMAudit | user=jenkins1000 | ip=192.168.69.87 | op=SEND_HEARTBEAT {datanodeUUID=7a2e5536-d576-4bf3-9dec-9e4177d66979, command=[]} | ret=SUCCESS |  
2019-08-29 09:39:03,753 | INFO  | SCMAudit | user=jenkins1000 | ip=192.168.69.87 | op=SEND_HEARTBEAT {datanodeUUID=c8986603-afcd-4cf8-afcf-c6b45c0b43cc, command=[]} | ret=SUCCESS |  
2019-08-29 09:39:03,787 | INFO  | SCMAudit | user=jenkins1000 | ip=192.168.69.87 | op=SEND_HEARTBEAT {datanodeUUID=31202bf3-e3ef-401b-98b9-369e6d4f3507, command=[]} | ret=SUCCESS |  
2019-08-29 09:39:03,795 | INFO  | SCMAudit | user=jenkins1000 | ip=192.168.69.87 | op=SEND_HEARTBEAT {datanodeUUID=129cf440-9aa6-4f56-b440-e84d0b76b9e5, command=[]} | ret=SUCCESS |  
2019-08-29 09:39:04,150 | INFO  | SCMAudit | user=jenkins1000 | ip=192.168.69.87 | op=SEND_HEARTBEAT {datanodeUUID=44638b28-be06-4149-9a11-87ab58c8e022, command=[]} | ret=SUCCESS |  
2019-08-29 09:39:04,264 | INFO  | SCMAudit | user=jenkins1000 | ip=192.168.69.87 | op=SEND_HEARTBEAT {datanodeUUID=73941da8-7b3a-43e7-8aff-0a9367598152, command=[]} | ret=SUCCESS |  
2019-08-29 09:39:04,336 | INFO  | SCMAudit | user=jenkins1000 | ip=192.168.69.87 | op=SEND_HEARTBEAT {datanodeUUID=c6f9d398-2eae-4a63-879f-a1d1bc55d1b3, command=[]} | ret=SUCCESS |  
2019-08-29 09:39:04,350 [grpc-default-executor-5] INFO  client.GrpcClientProtocolClient (GrpcClientProtocolClient.java:onNext(255)) - client-166A520B6E3C->129cf440-9aa6-4f56-b440-e84d0b76b9e5: receive RaftClientReply:client-166A520B6E3C->129cf440-9aa6-4f56-b440-e84d0b76b9e5@group-7FC7981111D6, cid=45, FAILED org.apache.ratis.protocol.NotLeaderException: Server 129cf440-9aa6-4f56-b440-e84d0b76b9e5 is not the leader (c8986603-afcd-4cf8-afcf-c6b45c0b43cc:192.168.69.87:46863). Request must be sent to leader., logIndex=0, commits[129cf440-9aa6-4f56-b440-e84d0b76b9e5:c8, c8986603-afcd-4cf8-afcf-c6b45c0b43cc:c8, 31202bf3-e3ef-401b-98b9-369e6d4f3507:c8]
2019-08-29 09:39:04,525 | INFO  | SCMAudit | user=jenkins1000 | ip=192.168.69.87 | op=SEND_HEARTBEAT {datanodeUUID=7a2e5536-d576-4bf3-9dec-9e4177d66979, command=[]} | ret=SUCCESS |  
2019-08-29 09:39:04,753 | INFO  | SCMAudit | user=jenkins1000 | ip=192.168.69.87 | op=SEND_HEARTBEAT {datanodeUUID=c8986603-afcd-4cf8-afcf-c6b45c0b43cc, command=[]} | ret=SUCCESS |  
2019-08-29 09:39:04,787 | INFO  | SCMAudit | user=jenkins1000 | ip=192.168.69.87 | op=SEND_HEARTBEAT {datanodeUUID=31202bf3-e3ef-401b-98b9-369e6d4f3507, command=[]} | ret=SUCCESS |  
2019-08-29 09:39:04,795 | INFO  | SCMAudit | user=jenkins1000 | ip=192.168.69.87 | op=SEND_HEARTBEAT {datanodeUUID=129cf440-9aa6-4f56-b440-e84d0b76b9e5, command=[]} | ret=SUCCESS |  
2019-08-29 09:39:05,150 | INFO  | SCMAudit | user=jenkins1000 | ip=192.168.69.87 | op=SEND_HEARTBEAT {datanodeUUID=44638b28-be06-4149-9a11-87ab58c8e022, command=[]} | ret=SUCCESS |  
2019-08-29 09:39:05,263 | INFO  | SCMAudit | user=jenkins1000 | ip=192.168.69.87 | op=SEND_HEARTBEAT {datanodeUUID=73941da8-7b3a-43e7-8aff-0a9367598152, command=[]} | ret=SUCCESS |  
2019-08-29 09:39:05,336 | INFO  | SCMAudit | user=jenkins1000 | ip=192.168.69.87 | op=SEND_HEARTBEAT {datanodeUUID=c6f9d398-2eae-4a63-879f-a1d1bc55d1b3, command=[]} | ret=SUCCESS |  
2019-08-29 09:39:05,525 | INFO  | SCMAudit | user=jenkins1000 | ip=192.168.69.87 | op=SEND_HEARTBEAT {datanodeUUID=7a2e5536-d576-4bf3-9dec-9e4177d66979, command=[]} | ret=SUCCESS |  
2019-08-29 09:39:05,753 | INFO  | SCMAudit | user=jenkins1000 | ip=192.168.69.87 | op=SEND_HEARTBEAT {datanodeUUID=c8986603-afcd-4cf8-afcf-c6b45c0b43cc, command=[]} | ret=SUCCESS |  
2019-08-29 09:39:05,787 | INFO  | SCMAudit | user=jenkins1000 | ip=192.168.69.87 | op=SEND_HEARTBEAT {datanodeUUID=31202bf3-e3ef-401b-98b9-369e6d4f3507, command=[]} | ret=SUCCESS |  
2019-08-29 09:39:05,795 | INFO  | SCMAudit | user=jenkins1000 | ip=192.168.69.87 | op=SEND_HEARTBEAT {datanodeUUID=129cf440-9aa6-4f56-b440-e84d0b76b9e5, command=[]} | ret=SUCCESS |  
2019-08-29 09:39:06,150 | INFO  | SCMAudit | user=jenkins1000 | ip=192.168.69.87 | op=SEND_HEARTBEAT {datanodeUUID=44638b28-be06-4149-9a11-87ab58c8e022, command=[]} | ret=SUCCESS |  
2019-08-29 09:39:06,264 | INFO  | SCMAudit | user=jenkins1000 | ip=192.168.69.87 | op=SEND_HEARTBEAT {datanodeUUID=73941da8-7b3a-43e7-8aff-0a9367598152, command=[]} | ret=SUCCESS |  
2019-08-29 09:39:06,337 | INFO  | SCMAudit | user=jenkins1000 | ip=192.168.69.87 | op=SEND_HEARTBEAT {datanodeUUID=c6f9d398-2eae-4a63-879f-a1d1bc55d1b3, command=[]} | ret=SUCCESS |  
2019-08-29 09:39:06,526 | INFO  | SCMAudit | user=jenkins1000 | ip=192.168.69.87 | op=SEND_HEARTBEAT {datanodeUUID=7a2e5536-d576-4bf3-9dec-9e4177d66979, command=[]} | ret=SUCCESS |  
2019-08-29 09:39:06,753 | INFO  | SCMAudit | user=jenkins1000 | ip=192.168.69.87 | op=SEND_HEARTBEAT {datanodeUUID=c8986603-afcd-4cf8-afcf-c6b45c0b43cc, command=[]} | ret=SUCCESS |  
2019-08-29 09:39:06,788 | INFO  | SCMAudit | user=jenkins1000 | ip=192.168.69.87 | op=SEND_HEARTBEAT {datanodeUUID=31202bf3-e3ef-401b-98b9-369e6d4f3507, command=[]} | ret=SUCCESS |  
2019-08-29 09:39:06,795 | INFO  | SCMAudit | user=jenkins1000 | ip=192.168.69.87 | op=SEND_HEARTBEAT {datanodeUUID=129cf440-9aa6-4f56-b440-e84d0b76b9e5, command=[]} | ret=SUCCESS |  
2019-08-29 09:39:07,150 | INFO  | SCMAudit | user=jenkins1000 | ip=192.168.69.87 | op=SEND_HEARTBEAT {datanodeUUID=44638b28-be06-4149-9a11-87ab58c8e022, command=[]} | ret=SUCCESS |  
2019-08-29 09:39:07,263 | INFO  | SCMAudit | user=jenkins1000 | ip=192.168.69.87 | op=SEND_HEARTBEAT {datanodeUUID=73941da8-7b3a-43e7-8aff-0a9367598152, command=[]} | ret=SUCCESS |  
2019-08-29 09:39:07,336 | INFO  | SCMAudit | user=jenkins1000 | ip=192.168.69.87 | op=SEND_HEARTBEAT {datanodeUUID=c6f9d398-2eae-4a63-879f-a1d1bc55d1b3, command=[]} | ret=SUCCESS |  
2019-08-29 09:39:07,525 | INFO  | SCMAudit | user=jenkins1000 | ip=192.168.69.87 | op=SEND_HEARTBEAT {datanodeUUID=7a2e5536-d576-4bf3-9dec-9e4177d66979, command=[]} | ret=SUCCESS |  
2019-08-29 09:39:07,754 | INFO  | SCMAudit | user=jenkins1000 | ip=192.168.69.87 | op=SEND_HEARTBEAT {datanodeUUID=c8986603-afcd-4cf8-afcf-c6b45c0b43cc, command=[]} | ret=SUCCESS |  
2019-08-29 09:39:07,787 | INFO  | SCMAudit | user=jenkins1000 | ip=192.168.69.87 | op=SEND_HEARTBEAT {datanodeUUID=31202bf3-e3ef-401b-98b9-369e6d4f3507, command=[]} | ret=SUCCESS |  
2019-08-29 09:39:07,795 | INFO  | SCMAudit | user=jenkins1000 | ip=192.168.69.87 | op=SEND_HEARTBEAT {datanodeUUID=129cf440-9aa6-4f56-b440-e84d0b76b9e5, command=[]} | ret=SUCCESS |  
2019-08-29 09:39:08,151 | INFO  | SCMAudit | user=jenkins1000 | ip=192.168.69.87 | op=SEND_HEARTBEAT {datanodeUUID=44638b28-be06-4149-9a11-87ab58c8e022, command=[]} | ret=SUCCESS |  
2019-08-29 09:39:08,263 | INFO  | SCMAudit | user=jenkins1000 | ip=192.168.69.87 | op=SEND_HEARTBEAT {datanodeUUID=73941da8-7b3a-43e7-8aff-0a9367598152, command=[]} | ret=SUCCESS |  
2019-08-29 09:39:08,336 | INFO  | SCMAudit | user=jenkins1000 | ip=192.168.69.87 | op=SEND_HEARTBEAT {datanodeUUID=c6f9d398-2eae-4a63-879f-a1d1bc55d1b3, command=[]} | ret=SUCCESS |  
2019-08-29 09:39:08,526 | INFO  | SCMAudit | user=jenkins1000 | ip=192.168.69.87 | op=SEND_HEARTBEAT {datanodeUUID=7a2e5536-d576-4bf3-9dec-9e4177d66979, command=[]} | ret=SUCCESS |  
2019-08-29 09:39:08,753 | INFO  | SCMAudit | user=jenkins1000 | ip=192.168.69.87 | op=SEND_HEARTBEAT {datanodeUUID=c8986603-afcd-4cf8-afcf-c6b45c0b43cc, command=[]} | ret=SUCCESS |  
2019-08-29 09:39:08,787 | INFO  | SCMAudit | user=jenkins1000 | ip=192.168.69.87 | op=SEND_HEARTBEAT {datanodeUUID=31202bf3-e3ef-401b-98b9-369e6d4f3507, command=[]} | ret=SUCCESS |  
2019-08-29 09:39:08,797 | INFO  | SCMAudit | user=jenkins1000 | ip=192.168.69.87 | op=SEND_HEARTBEAT {datanodeUUID=129cf440-9aa6-4f56-b440-e84d0b76b9e5, command=[]} | ret=SUCCESS |  
2019-08-29 09:39:09,155 | INFO  | SCMAudit | user=jenkins1000 | ip=192.168.69.87 | op=SEND_HEARTBEAT {datanodeUUID=44638b28-be06-4149-9a11-87ab58c8e022, command=[]} | ret=SUCCESS |  
2019-08-29 09:39:09,264 | INFO  | SCMAudit | user=jenkins1000 | ip=192.168.69.87 | op=SEND_HEARTBEAT {datanodeUUID=73941da8-7b3a-43e7-8aff-0a9367598152, command=[]} | ret=SUCCESS |  
2019-08-29 09:39:09,336 | INFO  | SCMAudit | user=jenkins1000 | ip=192.168.69.87 | op=SEND_HEARTBEAT {datanodeUUID=c6f9d398-2eae-4a63-879f-a1d1bc55d1b3, command=[]} | ret=SUCCESS |  
2019-08-29 09:39:09,398 [grpc-default-executor-2] INFO  client.GrpcClientProtocolClient (GrpcClientProtocolClient.java:onNext(255)) - client-166A520B6E3C->129cf440-9aa6-4f56-b440-e84d0b76b9e5: receive RaftClientReply:client-166A520B6E3C->129cf440-9aa6-4f56-b440-e84d0b76b9e5@group-7FC7981111D6, cid=45, FAILED org.apache.ratis.protocol.NotLeaderException: Server 129cf440-9aa6-4f56-b440-e84d0b76b9e5 is not the leader (c8986603-afcd-4cf8-afcf-c6b45c0b43cc:192.168.69.87:46863). Request must be sent to leader., logIndex=0, commits[129cf440-9aa6-4f56-b440-e84d0b76b9e5:c8, c8986603-afcd-4cf8-afcf-c6b45c0b43cc:c8, 31202bf3-e3ef-401b-98b9-369e6d4f3507:c8]
2019-08-29 09:39:09,526 | INFO  | SCMAudit | user=jenkins1000 | ip=192.168.69.87 | op=SEND_HEARTBEAT {datanodeUUID=7a2e5536-d576-4bf3-9dec-9e4177d66979, command=[]} | ret=SUCCESS |  
2019-08-29 09:39:09,753 | INFO  | SCMAudit | user=jenkins1000 | ip=192.168.69.87 | op=SEND_HEARTBEAT {datanodeUUID=c8986603-afcd-4cf8-afcf-c6b45c0b43cc, command=[]} | ret=SUCCESS |  
2019-08-29 09:39:09,788 | INFO  | SCMAudit | user=jenkins1000 | ip=192.168.69.87 | op=SEND_HEARTBEAT {datanodeUUID=31202bf3-e3ef-401b-98b9-369e6d4f3507, command=[]} | ret=SUCCESS |  
2019-08-29 09:39:09,797 | INFO  | SCMAudit | user=jenkins1000 | ip=192.168.69.87 | op=SEND_HEARTBEAT {datanodeUUID=129cf440-9aa6-4f56-b440-e84d0b76b9e5, command=[]} | ret=SUCCESS |  
2019-08-29 09:39:10,152 | INFO  | SCMAudit | user=jenkins1000 | ip=192.168.69.87 | op=SEND_HEARTBEAT {datanodeUUID=44638b28-be06-4149-9a11-87ab58c8e022, command=[]} | ret=SUCCESS |  
2019-08-29 09:39:10,264 | INFO  | SCMAudit | user=jenkins1000 | ip=192.168.69.87 | op=SEND_HEARTBEAT {datanodeUUID=73941da8-7b3a-43e7-8aff-0a9367598152, command=[]} | ret=SUCCESS |  
2019-08-29 09:39:10,336 | INFO  | SCMAudit | user=jenkins1000 | ip=192.168.69.87 | op=SEND_HEARTBEAT {datanodeUUID=c6f9d398-2eae-4a63-879f-a1d1bc55d1b3, command=[]} | ret=SUCCESS |  
2019-08-29 09:39:10,526 | INFO  | SCMAudit | user=jenkins1000 | ip=192.168.69.87 | op=SEND_HEARTBEAT {datanodeUUID=7a2e5536-d576-4bf3-9dec-9e4177d66979, command=[]} | ret=SUCCESS |  
2019-08-29 09:39:10,754 | INFO  | SCMAudit | user=jenkins1000 | ip=192.168.69.87 | op=SEND_HEARTBEAT {datanodeUUID=c8986603-afcd-4cf8-afcf-c6b45c0b43cc, command=[]} | ret=SUCCESS |  
2019-08-29 09:39:10,788 | INFO  | SCMAudit | user=jenkins1000 | ip=192.168.69.87 | op=SEND_HEARTBEAT {datanodeUUID=31202bf3-e3ef-401b-98b9-369e6d4f3507, command=[]} | ret=SUCCESS |  
2019-08-29 09:39:10,797 | INFO  | SCMAudit | user=jenkins1000 | ip=192.168.69.87 | op=SEND_HEARTBEAT {datanodeUUID=129cf440-9aa6-4f56-b440-e84d0b76b9e5, command=[]} | ret=SUCCESS |  
2019-08-29 09:39:11,152 | INFO  | SCMAudit | user=jenkins1000 | ip=192.168.69.87 | op=SEND_HEARTBEAT {datanodeUUID=44638b28-be06-4149-9a11-87ab58c8e022, command=[]} | ret=SUCCESS |  
2019-08-29 09:39:11,265 | INFO  | SCMAudit | user=jenkins1000 | ip=192.168.69.87 | op=SEND_HEARTBEAT {datanodeUUID=73941da8-7b3a-43e7-8aff-0a9367598152, command=[]} | ret=SUCCESS |  
2019-08-29 09:39:11,336 | INFO  | SCMAudit | user=jenkins1000 | ip=192.168.69.87 | op=SEND_HEARTBEAT {datanodeUUID=c6f9d398-2eae-4a63-879f-a1d1bc55d1b3, command=[]} | ret=SUCCESS |  
2019-08-29 09:39:11,526 | INFO  | SCMAudit | user=jenkins1000 | ip=192.168.69.87 | op=SEND_HEARTBEAT {datanodeUUID=7a2e5536-d576-4bf3-9dec-9e4177d66979, command=[]} | ret=SUCCESS |  
2019-08-29 09:39:11,754 | INFO  | SCMAudit | user=jenkins1000 | ip=192.168.69.87 | op=SEND_HEARTBEAT {datanodeUUID=c8986603-afcd-4cf8-afcf-c6b45c0b43cc, command=[]} | ret=SUCCESS |  
2019-08-29 09:39:11,788 | INFO  | SCMAudit | user=jenkins1000 | ip=192.168.69.87 | op=SEND_HEARTBEAT {datanodeUUID=31202bf3-e3ef-401b-98b9-369e6d4f3507, command=[]} | ret=SUCCESS |  
2019-08-29 09:39:11,797 | INFO  | SCMAudit | user=jenkins1000 | ip=192.168.69.87 | op=SEND_HEARTBEAT {datanodeUUID=129cf440-9aa6-4f56-b440-e84d0b76b9e5, command=[]} | ret=SUCCESS |  
2019-08-29 09:39:12,153 | INFO  | SCMAudit | user=jenkins1000 | ip=192.168.69.87 | op=SEND_HEARTBEAT {datanodeUUID=44638b28-be06-4149-9a11-87ab58c8e022, command=[]} | ret=SUCCESS |  
2019-08-29 09:39:12,264 | INFO  | SCMAudit | user=jenkins1000 | ip=192.168.69.87 | op=SEND_HEARTBEAT {datanodeUUID=73941da8-7b3a-43e7-8aff-0a9367598152, command=[]} | ret=SUCCESS |  
2019-08-29 09:39:12,336 | INFO  | SCMAudit | user=jenkins1000 | ip=192.168.69.87 | op=SEND_HEARTBEAT {datanodeUUID=c6f9d398-2eae-4a63-879f-a1d1bc55d1b3, command=[]} | ret=SUCCESS |  
2019-08-29 09:39:12,526 | INFO  | SCMAudit | user=jenkins1000 | ip=192.168.69.87 | op=SEND_HEARTBEAT {datanodeUUID=7a2e5536-d576-4bf3-9dec-9e4177d66979, command=[]} | ret=SUCCESS |  
2019-08-29 09:39:12,754 | INFO  | SCMAudit | user=jenkins1000 | ip=192.168.69.87 | op=SEND_HEARTBEAT {datanodeUUID=c8986603-afcd-4cf8-afcf-c6b45c0b43cc, command=[]} | ret=SUCCESS |  
2019-08-29 09:39:12,788 | INFO  | SCMAudit | user=jenkins1000 | ip=192.168.69.87 | op=SEND_HEARTBEAT {datanodeUUID=31202bf3-e3ef-401b-98b9-369e6d4f3507, command=[]} | ret=SUCCESS |  
2019-08-29 09:39:12,797 | INFO  | SCMAudit | user=jenkins1000 | ip=192.168.69.87 | op=SEND_HEARTBEAT {datanodeUUID=129cf440-9aa6-4f56-b440-e84d0b76b9e5, command=[]} | ret=SUCCESS |  
2019-08-29 09:39:13,152 | INFO  | SCMAudit | user=jenkins1000 | ip=192.168.69.87 | op=SEND_HEARTBEAT {datanodeUUID=44638b28-be06-4149-9a11-87ab58c8e022, command=[]} | ret=SUCCESS |  
2019-08-29 09:39:13,264 | INFO  | SCMAudit | user=jenkins1000 | ip=192.168.69.87 | op=SEND_HEARTBEAT {datanodeUUID=73941da8-7b3a-43e7-8aff-0a9367598152, command=[]} | ret=SUCCESS |  
2019-08-29 09:39:13,336 | INFO  | SCMAudit | user=jenkins1000 | ip=192.168.69.87 | op=SEND_HEARTBEAT {datanodeUUID=c6f9d398-2eae-4a63-879f-a1d1bc55d1b3, command=[]} | ret=SUCCESS |  
2019-08-29 09:39:13,527 | INFO  | SCMAudit | user=jenkins1000 | ip=192.168.69.87 | op=SEND_HEARTBEAT {datanodeUUID=7a2e5536-d576-4bf3-9dec-9e4177d66979, command=[]} | ret=SUCCESS |  
2019-08-29 09:39:13,755 | INFO  | SCMAudit | user=jenkins1000 | ip=192.168.69.87 | op=SEND_HEARTBEAT {datanodeUUID=c8986603-afcd-4cf8-afcf-c6b45c0b43cc, command=[]} | ret=SUCCESS |  
2019-08-29 09:39:13,788 | INFO  | SCMAudit | user=jenkins1000 | ip=192.168.69.87 | op=SEND_HEARTBEAT {datanodeUUID=31202bf3-e3ef-401b-98b9-369e6d4f3507, command=[]} | ret=SUCCESS |  
2019-08-29 09:39:13,798 | INFO  | SCMAudit | user=jenkins1000 | ip=192.168.69.87 | op=SEND_HEARTBEAT {datanodeUUID=129cf440-9aa6-4f56-b440-e84d0b76b9e5, command=[]} | ret=SUCCESS |  
2019-08-29 09:39:14,153 | INFO  | SCMAudit | user=jenkins1000 | ip=192.168.69.87 | op=SEND_HEARTBEAT {datanodeUUID=44638b28-be06-4149-9a11-87ab58c8e022, command=[]} | ret=SUCCESS |  
2019-08-29 09:39:14,264 | INFO  | SCMAudit | user=jenkins1000 | ip=192.168.69.87 | op=SEND_HEARTBEAT {datanodeUUID=73941da8-7b3a-43e7-8aff-0a9367598152, command=[]} | ret=SUCCESS |  
2019-08-29 09:39:14,336 | INFO  | SCMAudit | user=jenkins1000 | ip=192.168.69.87 | op=SEND_HEARTBEAT {datanodeUUID=c6f9d398-2eae-4a63-879f-a1d1bc55d1b3, command=[]} | ret=SUCCESS |  
2019-08-29 09:39:14,446 [grpc-default-executor-6] INFO  client.GrpcClientProtocolClient (GrpcClientProtocolClient.java:onNext(255)) - client-166A520B6E3C->31202bf3-e3ef-401b-98b9-369e6d4f3507: receive RaftClientReply:client-166A520B6E3C->31202bf3-e3ef-401b-98b9-369e6d4f3507@group-7FC7981111D6, cid=45, FAILED org.apache.ratis.protocol.NotLeaderException: Server 31202bf3-e3ef-401b-98b9-369e6d4f3507 is not the leader (c8986603-afcd-4cf8-afcf-c6b45c0b43cc:192.168.69.87:46863). Request must be sent to leader., logIndex=0, commits[31202bf3-e3ef-401b-98b9-369e6d4f3507:c8, c8986603-afcd-4cf8-afcf-c6b45c0b43cc:c8, 129cf440-9aa6-4f56-b440-e84d0b76b9e5:c8]
2019-08-29 09:39:14,526 | INFO  | SCMAudit | user=jenkins1000 | ip=192.168.69.87 | op=SEND_HEARTBEAT {datanodeUUID=7a2e5536-d576-4bf3-9dec-9e4177d66979, command=[]} | ret=SUCCESS |  
2019-08-29 09:39:14,754 | INFO  | SCMAudit | user=jenkins1000 | ip=192.168.69.87 | op=SEND_HEARTBEAT {datanodeUUID=c8986603-afcd-4cf8-afcf-c6b45c0b43cc, command=[]} | ret=SUCCESS |  
2019-08-29 09:39:14,789 | INFO  | SCMAudit | user=jenkins1000 | ip=192.168.69.87 | op=SEND_HEARTBEAT {datanodeUUID=31202bf3-e3ef-401b-98b9-369e6d4f3507, command=[]} | ret=SUCCESS |  
2019-08-29 09:39:14,797 | INFO  | SCMAudit | user=jenkins1000 | ip=192.168.69.87 | op=SEND_HEARTBEAT {datanodeUUID=129cf440-9aa6-4f56-b440-e84d0b76b9e5, command=[]} | ret=SUCCESS |  
2019-08-29 09:39:15,153 | INFO  | SCMAudit | user=jenkins1000 | ip=192.168.69.87 | op=SEND_HEARTBEAT {datanodeUUID=44638b28-be06-4149-9a11-87ab58c8e022, command=[]} | ret=SUCCESS |  
2019-08-29 09:39:15,264 | INFO  | SCMAudit | user=jenkins1000 | ip=192.168.69.87 | op=SEND_HEARTBEAT {datanodeUUID=73941da8-7b3a-43e7-8aff-0a9367598152, command=[]} | ret=SUCCESS |  
2019-08-29 09:39:15,336 | INFO  | SCMAudit | user=jenkins1000 | ip=192.168.69.87 | op=SEND_HEARTBEAT {datanodeUUID=c6f9d398-2eae-4a63-879f-a1d1bc55d1b3, command=[]} | ret=SUCCESS |  
2019-08-29 09:39:15,527 | INFO  | SCMAudit | user=jenkins1000 | ip=192.168.69.87 | op=SEND_HEARTBEAT {datanodeUUID=7a2e5536-d576-4bf3-9dec-9e4177d66979, command=[]} | ret=SUCCESS |  
2019-08-29 09:39:15,755 | INFO  | SCMAudit | user=jenkins1000 | ip=192.168.69.87 | op=SEND_HEARTBEAT {datanodeUUID=c8986603-afcd-4cf8-afcf-c6b45c0b43cc, command=[]} | ret=SUCCESS |  
2019-08-29 09:39:15,789 | INFO  | SCMAudit | user=jenkins1000 | ip=192.168.69.87 | op=SEND_HEARTBEAT {datanodeUUID=31202bf3-e3ef-401b-98b9-369e6d4f3507, command=[]} | ret=SUCCESS |  
2019-08-29 09:39:15,805 | INFO  | SCMAudit | user=jenkins1000 | ip=192.168.69.87 | op=SEND_HEARTBEAT {datanodeUUID=129cf440-9aa6-4f56-b440-e84d0b76b9e5, command=[]} | ret=SUCCESS |  
2019-08-29 09:39:16,153 | INFO  | SCMAudit | user=jenkins1000 | ip=192.168.69.87 | op=SEND_HEARTBEAT {datanodeUUID=44638b28-be06-4149-9a11-87ab58c8e022, command=[]} | ret=SUCCESS |  
2019-08-29 09:39:16,264 | INFO  | SCMAudit | user=jenkins1000 | ip=192.168.69.87 | op=SEND_HEARTBEAT {datanodeUUID=73941da8-7b3a-43e7-8aff-0a9367598152, command=[]} | ret=SUCCESS |  
2019-08-29 09:39:16,337 | INFO  | SCMAudit | user=jenkins1000 | ip=192.168.69.87 | op=SEND_HEARTBEAT {datanodeUUID=c6f9d398-2eae-4a63-879f-a1d1bc55d1b3, command=[]} | ret=SUCCESS |  
2019-08-29 09:39:16,526 | INFO  | SCMAudit | user=jenkins1000 | ip=192.168.69.87 | op=SEND_HEARTBEAT {datanodeUUID=7a2e5536-d576-4bf3-9dec-9e4177d66979, command=[]} | ret=SUCCESS |  
2019-08-29 09:39:16,754 | INFO  | SCMAudit | user=jenkins1000 | ip=192.168.69.87 | op=SEND_HEARTBEAT {datanodeUUID=c8986603-afcd-4cf8-afcf-c6b45c0b43cc, command=[]} | ret=SUCCESS |  
2019-08-29 09:39:16,789 | INFO  | SCMAudit | user=jenkins1000 | ip=192.168.69.87 | op=SEND_HEARTBEAT {datanodeUUID=31202bf3-e3ef-401b-98b9-369e6d4f3507, command=[]} | ret=SUCCESS |  
2019-08-29 09:39:16,809 | INFO  | SCMAudit | user=jenkins1000 | ip=192.168.69.87 | op=SEND_HEARTBEAT {datanodeUUID=129cf440-9aa6-4f56-b440-e84d0b76b9e5, command=[]} | ret=SUCCESS |  
2019-08-29 09:39:17,153 | INFO  | SCMAudit | user=jenkins1000 | ip=192.168.69.87 | op=SEND_HEARTBEAT {datanodeUUID=44638b28-be06-4149-9a11-87ab58c8e022, command=[]} | ret=SUCCESS |  
2019-08-29 09:39:17,264 | INFO  | SCMAudit | user=jenkins1000 | ip=192.168.69.87 | op=SEND_HEARTBEAT {datanodeUUID=73941da8-7b3a-43e7-8aff-0a9367598152, command=[]} | ret=SUCCESS |  
2019-08-29 09:39:17,336 | INFO  | SCMAudit | user=jenkins1000 | ip=192.168.69.87 | op=SEND_HEARTBEAT {datanodeUUID=c6f9d398-2eae-4a63-879f-a1d1bc55d1b3, command=[]} | ret=SUCCESS |  
2019-08-29 09:39:17,527 | INFO  | SCMAudit | user=jenkins1000 | ip=192.168.69.87 | op=SEND_HEARTBEAT {datanodeUUID=7a2e5536-d576-4bf3-9dec-9e4177d66979, command=[]} | ret=SUCCESS |  
2019-08-29 09:39:17,755 | INFO  | SCMAudit | user=jenkins1000 | ip=192.168.69.87 | op=SEND_HEARTBEAT {datanodeUUID=c8986603-afcd-4cf8-afcf-c6b45c0b43cc, command=[]} | ret=SUCCESS |  
2019-08-29 09:39:17,790 | INFO  | SCMAudit | user=jenkins1000 | ip=192.168.69.87 | op=SEND_HEARTBEAT {datanodeUUID=31202bf3-e3ef-401b-98b9-369e6d4f3507, command=[]} | ret=SUCCESS |  
2019-08-29 09:39:17,810 | INFO  | SCMAudit | user=jenkins1000 | ip=192.168.69.87 | op=SEND_HEARTBEAT {datanodeUUID=129cf440-9aa6-4f56-b440-e84d0b76b9e5, command=[]} | ret=SUCCESS |  
2019-08-29 09:39:18,154 | INFO  | SCMAudit | user=jenkins1000 | ip=192.168.69.87 | op=SEND_HEARTBEAT {datanodeUUID=44638b28-be06-4149-9a11-87ab58c8e022, command=[]} | ret=SUCCESS |  
2019-08-29 09:39:18,264 | INFO  | SCMAudit | user=jenkins1000 | ip=192.168.69.87 | op=SEND_HEARTBEAT {datanodeUUID=73941da8-7b3a-43e7-8aff-0a9367598152, command=[]} | ret=SUCCESS |  
2019-08-29 09:39:18,337 | INFO  | SCMAudit | user=jenkins1000 | ip=192.168.69.87 | op=SEND_HEARTBEAT {datanodeUUID=c6f9d398-2eae-4a63-879f-a1d1bc55d1b3, command=[]} | ret=SUCCESS |  
2019-08-29 09:39:18,526 | INFO  | SCMAudit | user=jenkins1000 | ip=192.168.69.87 | op=SEND_HEARTBEAT {datanodeUUID=7a2e5536-d576-4bf3-9dec-9e4177d66979, command=[]} | ret=SUCCESS |  
2019-08-29 09:39:18,754 | INFO  | SCMAudit | user=jenkins1000 | ip=192.168.69.87 | op=SEND_HEARTBEAT {datanodeUUID=c8986603-afcd-4cf8-afcf-c6b45c0b43cc, command=[]} | ret=SUCCESS |  
2019-08-29 09:39:18,790 | INFO  | SCMAudit | user=jenkins1000 | ip=192.168.69.87 | op=SEND_HEARTBEAT {datanodeUUID=31202bf3-e3ef-401b-98b9-369e6d4f3507, command=[]} | ret=SUCCESS |  
2019-08-29 09:39:18,810 | INFO  | SCMAudit | user=jenkins1000 | ip=192.168.69.87 | op=SEND_HEARTBEAT {datanodeUUID=129cf440-9aa6-4f56-b440-e84d0b76b9e5, command=[]} | ret=SUCCESS |  
2019-08-29 09:39:19,153 | INFO  | SCMAudit | user=jenkins1000 | ip=192.168.69.87 | op=SEND_HEARTBEAT {datanodeUUID=44638b28-be06-4149-9a11-87ab58c8e022, command=[]} | ret=SUCCESS |  
2019-08-29 09:39:19,264 | INFO  | SCMAudit | user=jenkins1000 | ip=192.168.69.87 | op=SEND_HEARTBEAT {datanodeUUID=73941da8-7b3a-43e7-8aff-0a9367598152, command=[]} | ret=SUCCESS |  
2019-08-29 09:39:19,336 | INFO  | SCMAudit | user=jenkins1000 | ip=192.168.69.87 | op=SEND_HEARTBEAT {datanodeUUID=c6f9d398-2eae-4a63-879f-a1d1bc55d1b3, command=[]} | ret=SUCCESS |  
2019-08-29 09:39:19,485 [grpc-default-executor-2] INFO  client.GrpcClientProtocolClient (GrpcClientProtocolClient.java:onNext(255)) - client-166A520B6E3C->129cf440-9aa6-4f56-b440-e84d0b76b9e5: receive RaftClientReply:client-166A520B6E3C->129cf440-9aa6-4f56-b440-e84d0b76b9e5@group-7FC7981111D6, cid=45, FAILED org.apache.ratis.protocol.NotLeaderException: Server 129cf440-9aa6-4f56-b440-e84d0b76b9e5 is not the leader (c8986603-afcd-4cf8-afcf-c6b45c0b43cc:192.168.69.87:46863). Request must be sent to leader., logIndex=0, commits[129cf440-9aa6-4f56-b440-e84d0b76b9e5:c8, c8986603-afcd-4cf8-afcf-c6b45c0b43cc:c8, 31202bf3-e3ef-401b-98b9-369e6d4f3507:c8]
2019-08-29 09:39:19,526 | INFO  | SCMAudit | user=jenkins1000 | ip=192.168.69.87 | op=SEND_HEARTBEAT {datanodeUUID=7a2e5536-d576-4bf3-9dec-9e4177d66979, command=[]} | ret=SUCCESS |  
2019-08-29 09:39:19,754 | INFO  | SCMAudit | user=jenkins1000 | ip=192.168.69.87 | op=SEND_HEARTBEAT {datanodeUUID=c8986603-afcd-4cf8-afcf-c6b45c0b43cc, command=[]} | ret=SUCCESS |  
2019-08-29 09:39:19,790 | INFO  | SCMAudit | user=jenkins1000 | ip=192.168.69.87 | op=SEND_HEARTBEAT {datanodeUUID=31202bf3-e3ef-401b-98b9-369e6d4f3507, command=[]} | ret=SUCCESS |  
2019-08-29 09:39:19,810 | INFO  | SCMAudit | user=jenkins1000 | ip=192.168.69.87 | op=SEND_HEARTBEAT {datanodeUUID=129cf440-9aa6-4f56-b440-e84d0b76b9e5, command=[]} | ret=SUCCESS |  
2019-08-29 09:39:20,153 | INFO  | SCMAudit | user=jenkins1000 | ip=192.168.69.87 | op=SEND_HEARTBEAT {datanodeUUID=44638b28-be06-4149-9a11-87ab58c8e022, command=[]} | ret=SUCCESS |  
2019-08-29 09:39:20,264 | INFO  | SCMAudit | user=jenkins1000 | ip=192.168.69.87 | op=SEND_HEARTBEAT {datanodeUUID=73941da8-7b3a-43e7-8aff-0a9367598152, command=[]} | ret=SUCCESS |  
2019-08-29 09:39:20,337 | INFO  | SCMAudit | user=jenkins1000 | ip=192.168.69.87 | op=SEND_HEARTBEAT {datanodeUUID=c6f9d398-2eae-4a63-879f-a1d1bc55d1b3, command=[]} | ret=SUCCESS |  
2019-08-29 09:39:20,526 | INFO  | SCMAudit | user=jenkins1000 | ip=192.168.69.87 | op=SEND_HEARTBEAT {datanodeUUID=7a2e5536-d576-4bf3-9dec-9e4177d66979, command=[]} | ret=SUCCESS |  
2019-08-29 09:39:20,754 | INFO  | SCMAudit | user=jenkins1000 | ip=192.168.69.87 | op=SEND_HEARTBEAT {datanodeUUID=c8986603-afcd-4cf8-afcf-c6b45c0b43cc, command=[]} | ret=SUCCESS |  
2019-08-29 09:39:20,790 | INFO  | SCMAudit | user=jenkins1000 | ip=192.168.69.87 | op=SEND_HEARTBEAT {datanodeUUID=31202bf3-e3ef-401b-98b9-369e6d4f3507, command=[]} | ret=SUCCESS |  
2019-08-29 09:39:20,810 | INFO  | SCMAudit | user=jenkins1000 | ip=192.168.69.87 | op=SEND_HEARTBEAT {datanodeUUID=129cf440-9aa6-4f56-b440-e84d0b76b9e5, command=[]} | ret=SUCCESS |  
2019-08-29 09:39:21,154 | INFO  | SCMAudit | user=jenkins1000 | ip=192.168.69.87 | op=SEND_HEARTBEAT {datanodeUUID=44638b28-be06-4149-9a11-87ab58c8e022, command=[]} | ret=SUCCESS |  
2019-08-29 09:39:21,264 | INFO  | SCMAudit | user=jenkins1000 | ip=192.168.69.87 | op=SEND_HEARTBEAT {datanodeUUID=73941da8-7b3a-43e7-8aff-0a9367598152, command=[]} | ret=SUCCESS |  
2019-08-29 09:39:21,336 | INFO  | SCMAudit | user=jenkins1000 | ip=192.168.69.87 | op=SEND_HEARTBEAT {datanodeUUID=c6f9d398-2eae-4a63-879f-a1d1bc55d1b3, command=[]} | ret=SUCCESS |  
2019-08-29 09:39:21,526 | INFO  | SCMAudit | user=jenkins1000 | ip=192.168.69.87 | op=SEND_HEARTBEAT {datanodeUUID=7a2e5536-d576-4bf3-9dec-9e4177d66979, command=[]} | ret=SUCCESS |  
2019-08-29 09:39:21,755 | INFO  | SCMAudit | user=jenkins1000 | ip=192.168.69.87 | op=SEND_HEARTBEAT {datanodeUUID=c8986603-afcd-4cf8-afcf-c6b45c0b43cc, command=[]} | ret=SUCCESS |  
2019-08-29 09:39:21,791 | INFO  | SCMAudit | user=jenkins1000 | ip=192.168.69.87 | op=SEND_HEARTBEAT {datanodeUUID=31202bf3-e3ef-401b-98b9-369e6d4f3507, command=[]} | ret=SUCCESS |  
2019-08-29 09:39:21,810 | INFO  | SCMAudit | user=jenkins1000 | ip=192.168.69.87 | op=SEND_HEARTBEAT {datanodeUUID=129cf440-9aa6-4f56-b440-e84d0b76b9e5, command=[]} | ret=SUCCESS |  
2019-08-29 09:39:22,153 | INFO  | SCMAudit | user=jenkins1000 | ip=192.168.69.87 | op=SEND_HEARTBEAT {datanodeUUID=44638b28-be06-4149-9a11-87ab58c8e022, command=[]} | ret=SUCCESS |  
2019-08-29 09:39:22,264 | INFO  | SCMAudit | user=jenkins1000 | ip=192.168.69.87 | op=SEND_HEARTBEAT {datanodeUUID=73941da8-7b3a-43e7-8aff-0a9367598152, command=[]} | ret=SUCCESS |  
2019-08-29 09:39:22,337 | INFO  | SCMAudit | user=jenkins1000 | ip=192.168.69.87 | op=SEND_HEARTBEAT {datanodeUUID=c6f9d398-2eae-4a63-879f-a1d1bc55d1b3, command=[]} | ret=SUCCESS |  
2019-08-29 09:39:22,527 | INFO  | SCMAudit | user=jenkins1000 | ip=192.168.69.87 | op=SEND_HEARTBEAT {datanodeUUID=7a2e5536-d576-4bf3-9dec-9e4177d66979, command=[]} | ret=SUCCESS |  
2019-08-29 09:39:22,755 | INFO  | SCMAudit | user=jenkins1000 | ip=192.168.69.87 | op=SEND_HEARTBEAT {datanodeUUID=c8986603-afcd-4cf8-afcf-c6b45c0b43cc, command=[]} | ret=SUCCESS |  
2019-08-29 09:39:22,791 | INFO  | SCMAudit | user=jenkins1000 | ip=192.168.69.87 | op=SEND_HEARTBEAT {datanodeUUID=31202bf3-e3ef-401b-98b9-369e6d4f3507, command=[]} | ret=SUCCESS |  
2019-08-29 09:39:22,810 | INFO  | SCMAudit | user=jenkins1000 | ip=192.168.69.87 | op=SEND_HEARTBEAT {datanodeUUID=129cf440-9aa6-4f56-b440-e84d0b76b9e5, command=[]} | ret=SUCCESS |  
2019-08-29 09:39:23,153 | INFO  | SCMAudit | user=jenkins1000 | ip=192.168.69.87 | op=SEND_HEARTBEAT {datanodeUUID=44638b28-be06-4149-9a11-87ab58c8e022, command=[]} | ret=SUCCESS |  
2019-08-29 09:39:23,264 | INFO  | SCMAudit | user=jenkins1000 | ip=192.168.69.87 | op=SEND_HEARTBEAT {datanodeUUID=73941da8-7b3a-43e7-8aff-0a9367598152, command=[]} | ret=SUCCESS |  
2019-08-29 09:39:23,336 | INFO  | SCMAudit | user=jenkins1000 | ip=192.168.69.87 | op=SEND_HEARTBEAT {datanodeUUID=c6f9d398-2eae-4a63-879f-a1d1bc55d1b3, command=[]} | ret=SUCCESS |  
2019-08-29 09:39:23,527 | INFO  | SCMAudit | user=jenkins1000 | ip=192.168.69.87 | op=SEND_HEARTBEAT {datanodeUUID=7a2e5536-d576-4bf3-9dec-9e4177d66979, command=[]} | ret=SUCCESS |  
2019-08-29 09:39:23,755 | INFO  | SCMAudit | user=jenkins1000 | ip=192.168.69.87 | op=SEND_HEARTBEAT {datanodeUUID=c8986603-afcd-4cf8-afcf-c6b45c0b43cc, command=[]} | ret=SUCCESS |  
2019-08-29 09:39:23,791 | INFO  | SCMAudit | user=jenkins1000 | ip=192.168.69.87 | op=SEND_HEARTBEAT {datanodeUUID=31202bf3-e3ef-401b-98b9-369e6d4f3507, command=[]} | ret=SUCCESS |  
2019-08-29 09:39:23,810 | INFO  | SCMAudit | user=jenkins1000 | ip=192.168.69.87 | op=SEND_HEARTBEAT {datanodeUUID=129cf440-9aa6-4f56-b440-e84d0b76b9e5, command=[]} | ret=SUCCESS |  
2019-08-29 09:39:24,154 | INFO  | SCMAudit | user=jenkins1000 | ip=192.168.69.87 | op=SEND_HEARTBEAT {datanodeUUID=44638b28-be06-4149-9a11-87ab58c8e022, command=[]} | ret=SUCCESS |  
2019-08-29 09:39:24,264 | INFO  | SCMAudit | user=jenkins1000 | ip=192.168.69.87 | op=SEND_HEARTBEAT {datanodeUUID=73941da8-7b3a-43e7-8aff-0a9367598152, command=[]} | ret=SUCCESS |  
2019-08-29 09:39:24,336 | INFO  | SCMAudit | user=jenkins1000 | ip=192.168.69.87 | op=SEND_HEARTBEAT {datanodeUUID=c6f9d398-2eae-4a63-879f-a1d1bc55d1b3, command=[]} | ret=SUCCESS |  
2019-08-29 09:39:24,528 | INFO  | SCMAudit | user=jenkins1000 | ip=192.168.69.87 | op=SEND_HEARTBEAT {datanodeUUID=7a2e5536-d576-4bf3-9dec-9e4177d66979, command=[]} | ret=SUCCESS |  
2019-08-29 09:39:24,529 [grpc-default-executor-2] INFO  client.GrpcClientProtocolClient (GrpcClientProtocolClient.java:onNext(255)) - client-166A520B6E3C->129cf440-9aa6-4f56-b440-e84d0b76b9e5: receive RaftClientReply:client-166A520B6E3C->129cf440-9aa6-4f56-b440-e84d0b76b9e5@group-7FC7981111D6, cid=45, FAILED org.apache.ratis.protocol.NotLeaderException: Server 129cf440-9aa6-4f56-b440-e84d0b76b9e5 is not the leader (c8986603-afcd-4cf8-afcf-c6b45c0b43cc:192.168.69.87:46863). Request must be sent to leader., logIndex=0, commits[129cf440-9aa6-4f56-b440-e84d0b76b9e5:c8, c8986603-afcd-4cf8-afcf-c6b45c0b43cc:c8, 31202bf3-e3ef-401b-98b9-369e6d4f3507:c8]
2019-08-29 09:39:24,755 | INFO  | SCMAudit | user=jenkins1000 | ip=192.168.69.87 | op=SEND_HEARTBEAT {datanodeUUID=c8986603-afcd-4cf8-afcf-c6b45c0b43cc, command=[]} | ret=SUCCESS |  
2019-08-29 09:39:24,791 | INFO  | SCMAudit | user=jenkins1000 | ip=192.168.69.87 | op=SEND_HEARTBEAT {datanodeUUID=31202bf3-e3ef-401b-98b9-369e6d4f3507, command=[]} | ret=SUCCESS |  
2019-08-29 09:39:24,810 | INFO  | SCMAudit | user=jenkins1000 | ip=192.168.69.87 | op=SEND_HEARTBEAT {datanodeUUID=129cf440-9aa6-4f56-b440-e84d0b76b9e5, command=[]} | ret=SUCCESS |  
2019-08-29 09:39:25,154 | INFO  | SCMAudit | user=jenkins1000 | ip=192.168.69.87 | op=SEND_HEARTBEAT {datanodeUUID=44638b28-be06-4149-9a11-87ab58c8e022, command=[]} | ret=SUCCESS |  
2019-08-29 09:39:25,264 | INFO  | SCMAudit | user=jenkins1000 | ip=192.168.69.87 | op=SEND_HEARTBEAT {datanodeUUID=73941da8-7b3a-43e7-8aff-0a9367598152, command=[]} | ret=SUCCESS |  
2019-08-29 09:39:25,337 | INFO  | SCMAudit | user=jenkins1000 | ip=192.168.69.87 | op=SEND_HEARTBEAT {datanodeUUID=c6f9d398-2eae-4a63-879f-a1d1bc55d1b3, command=[]} | ret=SUCCESS |  
2019-08-29 09:39:25,528 | INFO  | SCMAudit | user=jenkins1000 | ip=192.168.69.87 | op=SEND_HEARTBEAT {datanodeUUID=7a2e5536-d576-4bf3-9dec-9e4177d66979, command=[]} | ret=SUCCESS |  
2019-08-29 09:39:25,755 | INFO  | SCMAudit | user=jenkins1000 | ip=192.168.69.87 | op=SEND_HEARTBEAT {datanodeUUID=c8986603-afcd-4cf8-afcf-c6b45c0b43cc, command=[]} | ret=SUCCESS |  
2019-08-29 09:39:25,791 | INFO  | SCMAudit | user=jenkins1000 | ip=192.168.69.87 | op=SEND_HEARTBEAT {datanodeUUID=31202bf3-e3ef-401b-98b9-369e6d4f3507, command=[]} | ret=SUCCESS |  
2019-08-29 09:39:25,810 | INFO  | SCMAudit | user=jenkins1000 | ip=192.168.69.87 | op=SEND_HEARTBEAT {datanodeUUID=129cf440-9aa6-4f56-b440-e84d0b76b9e5, command=[]} | ret=SUCCESS |  
2019-08-29 09:39:26,154 | INFO  | SCMAudit | user=jenkins1000 | ip=192.168.69.87 | op=SEND_HEARTBEAT {datanodeUUID=44638b28-be06-4149-9a11-87ab58c8e022, command=[]} | ret=SUCCESS |  
2019-08-29 09:39:26,264 | INFO  | SCMAudit | user=jenkins1000 | ip=192.168.69.87 | op=SEND_HEARTBEAT {datanodeUUID=73941da8-7b3a-43e7-8aff-0a9367598152, command=[]} | ret=SUCCESS |  
2019-08-29 09:39:26,336 | INFO  | SCMAudit | user=jenkins1000 | ip=192.168.69.87 | op=SEND_HEARTBEAT {datanodeUUID=c6f9d398-2eae-4a63-879f-a1d1bc55d1b3, command=[]} | ret=SUCCESS |  
2019-08-29 09:39:26,529 | INFO  | SCMAudit | user=jenkins1000 | ip=192.168.69.87 | op=SEND_HEARTBEAT {datanodeUUID=7a2e5536-d576-4bf3-9dec-9e4177d66979, command=[]} | ret=SUCCESS |  
2019-08-29 09:39:26,755 | INFO  | SCMAudit | user=jenkins1000 | ip=192.168.69.87 | op=SEND_HEARTBEAT {datanodeUUID=c8986603-afcd-4cf8-afcf-c6b45c0b43cc, command=[]} | ret=SUCCESS |  
2019-08-29 09:39:26,792 | INFO  | SCMAudit | user=jenkins1000 | ip=192.168.69.87 | op=SEND_HEARTBEAT {datanodeUUID=31202bf3-e3ef-401b-98b9-369e6d4f3507, command=[]} | ret=SUCCESS |  
2019-08-29 09:39:26,810 | INFO  | SCMAudit | user=jenkins1000 | ip=192.168.69.87 | op=SEND_HEARTBEAT {datanodeUUID=129cf440-9aa6-4f56-b440-e84d0b76b9e5, command=[]} | ret=SUCCESS |  
2019-08-29 09:39:27,154 | INFO  | SCMAudit | user=jenkins1000 | ip=192.168.69.87 | op=SEND_HEARTBEAT {datanodeUUID=44638b28-be06-4149-9a11-87ab58c8e022, command=[]} | ret=SUCCESS |  
2019-08-29 09:39:27,265 | INFO  | SCMAudit | user=jenkins1000 | ip=192.168.69.87 | op=SEND_HEARTBEAT {datanodeUUID=73941da8-7b3a-43e7-8aff-0a9367598152, command=[]} | ret=SUCCESS |  
2019-08-29 09:39:27,336 | INFO  | SCMAudit | user=jenkins1000 | ip=192.168.69.87 | op=SEND_HEARTBEAT {datanodeUUID=c6f9d398-2eae-4a63-879f-a1d1bc55d1b3, command=[]} | ret=SUCCESS |  
2019-08-29 09:39:27,528 | INFO  | SCMAudit | user=jenkins1000 | ip=192.168.69.87 | op=SEND_HEARTBEAT {datanodeUUID=7a2e5536-d576-4bf3-9dec-9e4177d66979, command=[]} | ret=SUCCESS |  
2019-08-29 09:39:27,755 | INFO  | SCMAudit | user=jenkins1000 | ip=192.168.69.87 | op=SEND_HEARTBEAT {datanodeUUID=c8986603-afcd-4cf8-afcf-c6b45c0b43cc, command=[]} | ret=SUCCESS |  
2019-08-29 09:39:27,792 | INFO  | SCMAudit | user=jenkins1000 | ip=192.168.69.87 | op=SEND_HEARTBEAT {datanodeUUID=31202bf3-e3ef-401b-98b9-369e6d4f3507, command=[]} | ret=SUCCESS |  
2019-08-29 09:39:27,812 | INFO  | SCMAudit | user=jenkins1000 | ip=192.168.69.87 | op=SEND_HEARTBEAT {datanodeUUID=129cf440-9aa6-4f56-b440-e84d0b76b9e5, command=[]} | ret=SUCCESS |  
2019-08-29 09:39:28,155 | INFO  | SCMAudit | user=jenkins1000 | ip=192.168.69.87 | op=SEND_HEARTBEAT {datanodeUUID=44638b28-be06-4149-9a11-87ab58c8e022, command=[]} | ret=SUCCESS |  
2019-08-29 09:39:28,264 | INFO  | SCMAudit | user=jenkins1000 | ip=192.168.69.87 | op=SEND_HEARTBEAT {datanodeUUID=73941da8-7b3a-43e7-8aff-0a9367598152, command=[]} | ret=SUCCESS |  
2019-08-29 09:39:28,337 | INFO  | SCMAudit | user=jenkins1000 | ip=192.168.69.87 | op=SEND_HEARTBEAT {datanodeUUID=c6f9d398-2eae-4a63-879f-a1d1bc55d1b3, command=[]} | ret=SUCCESS |  
2019-08-29 09:39:28,528 | INFO  | SCMAudit | user=jenkins1000 | ip=192.168.69.87 | op=SEND_HEARTBEAT {datanodeUUID=7a2e5536-d576-4bf3-9dec-9e4177d66979, command=[]} | ret=SUCCESS |  
2019-08-29 09:39:28,756 | INFO  | SCMAudit | user=jenkins1000 | ip=192.168.69.87 | op=SEND_HEARTBEAT {datanodeUUID=c8986603-afcd-4cf8-afcf-c6b45c0b43cc, command=[]} | ret=SUCCESS |  
2019-08-29 09:39:28,793 | INFO  | SCMAudit | user=jenkins1000 | ip=192.168.69.87 | op=SEND_HEARTBEAT {datanodeUUID=31202bf3-e3ef-401b-98b9-369e6d4f3507, command=[]} | ret=SUCCESS |  
2019-08-29 09:39:28,812 | INFO  | SCMAudit | user=jenkins1000 | ip=192.168.69.87 | op=SEND_HEARTBEAT {datanodeUUID=129cf440-9aa6-4f56-b440-e84d0b76b9e5, command=[]} | ret=SUCCESS |  
2019-08-29 09:39:29,154 | INFO  | SCMAudit | user=jenkins1000 | ip=192.168.69.87 | op=SEND_HEARTBEAT {datanodeUUID=44638b28-be06-4149-9a11-87ab58c8e022, command=[]} | ret=SUCCESS |  
2019-08-29 09:39:29,264 | INFO  | SCMAudit | user=jenkins1000 | ip=192.168.69.87 | op=SEND_HEARTBEAT {datanodeUUID=73941da8-7b3a-43e7-8aff-0a9367598152, command=[]} | ret=SUCCESS |  
2019-08-29 09:39:29,337 | INFO  | SCMAudit | user=jenkins1000 | ip=192.168.69.87 | op=SEND_HEARTBEAT {datanodeUUID=c6f9d398-2eae-4a63-879f-a1d1bc55d1b3, command=[]} | ret=SUCCESS |  
2019-08-29 09:39:29,529 | INFO  | SCMAudit | user=jenkins1000 | ip=192.168.69.87 | op=SEND_HEARTBEAT {datanodeUUID=7a2e5536-d576-4bf3-9dec-9e4177d66979, command=[]} | ret=SUCCESS |  
2019-08-29 09:39:29,574 [grpc-default-executor-6] INFO  client.GrpcClientProtocolClient (GrpcClientProtocolClient.java:onNext(255)) - client-166A520B6E3C->31202bf3-e3ef-401b-98b9-369e6d4f3507: receive RaftClientReply:client-166A520B6E3C->31202bf3-e3ef-401b-98b9-369e6d4f3507@group-7FC7981111D6, cid=45, FAILED org.apache.ratis.protocol.NotLeaderException: Server 31202bf3-e3ef-401b-98b9-369e6d4f3507 is not the leader (c8986603-afcd-4cf8-afcf-c6b45c0b43cc:192.168.69.87:46863). Request must be sent to leader., logIndex=0, commits[31202bf3-e3ef-401b-98b9-369e6d4f3507:c8, c8986603-afcd-4cf8-afcf-c6b45c0b43cc:c8, 129cf440-9aa6-4f56-b440-e84d0b76b9e5:c8]
2019-08-29 09:39:29,756 | INFO  | SCMAudit | user=jenkins1000 | ip=192.168.69.87 | op=SEND_HEARTBEAT {datanodeUUID=c8986603-afcd-4cf8-afcf-c6b45c0b43cc, command=[]} | ret=SUCCESS |  
2019-08-29 09:39:29,792 | INFO  | SCMAudit | user=jenkins1000 | ip=192.168.69.87 | op=SEND_HEARTBEAT {datanodeUUID=31202bf3-e3ef-401b-98b9-369e6d4f3507, command=[]} | ret=SUCCESS |  
2019-08-29 09:39:29,812 | INFO  | SCMAudit | user=jenkins1000 | ip=192.168.69.87 | op=SEND_HEARTBEAT {datanodeUUID=129cf440-9aa6-4f56-b440-e84d0b76b9e5, command=[]} | ret=SUCCESS |  
2019-08-29 09:39:30,154 | INFO  | SCMAudit | user=jenkins1000 | ip=192.168.69.87 | op=SEND_HEARTBEAT {datanodeUUID=44638b28-be06-4149-9a11-87ab58c8e022, command=[]} | ret=SUCCESS |  
2019-08-29 09:39:30,264 | INFO  | SCMAudit | user=jenkins1000 | ip=192.168.69.87 | op=SEND_HEARTBEAT {datanodeUUID=73941da8-7b3a-43e7-8aff-0a9367598152, command=[]} | ret=SUCCESS |  
2019-08-29 09:39:30,338 | INFO  | SCMAudit | user=jenkins1000 | ip=192.168.69.87 | op=SEND_HEARTBEAT {datanodeUUID=c6f9d398-2eae-4a63-879f-a1d1bc55d1b3, command=[]} | ret=SUCCESS |  
2019-08-29 09:39:30,528 | INFO  | SCMAudit | user=jenkins1000 | ip=192.168.69.87 | op=SEND_HEARTBEAT {datanodeUUID=7a2e5536-d576-4bf3-9dec-9e4177d66979, command=[]} | ret=SUCCESS |  
2019-08-29 09:39:30,757 | INFO  | SCMAudit | user=jenkins1000 | ip=192.168.69.87 | op=SEND_HEARTBEAT {datanodeUUID=c8986603-afcd-4cf8-afcf-c6b45c0b43cc, command=[]} | ret=SUCCESS |  
2019-08-29 09:39:30,792 | INFO  | SCMAudit | user=jenkins1000 | ip=192.168.69.87 | op=SEND_HEARTBEAT {datanodeUUID=31202bf3-e3ef-401b-98b9-369e6d4f3507, command=[]} | ret=SUCCESS |  
2019-08-29 09:39:30,812 | INFO  | SCMAudit | user=jenkins1000 | ip=192.168.69.87 | op=SEND_HEARTBEAT {datanodeUUID=129cf440-9aa6-4f56-b440-e84d0b76b9e5, command=[]} | ret=SUCCESS |  
2019-08-29 09:39:31,155 | INFO  | SCMAudit | user=jenkins1000 | ip=192.168.69.87 | op=SEND_HEARTBEAT {datanodeUUID=44638b28-be06-4149-9a11-87ab58c8e022, command=[]} | ret=SUCCESS |  
2019-08-29 09:39:31,265 | INFO  | SCMAudit | user=jenkins1000 | ip=192.168.69.87 | op=SEND_HEARTBEAT {datanodeUUID=73941da8-7b3a-43e7-8aff-0a9367598152, command=[]} | ret=SUCCESS |  
2019-08-29 09:39:31,337 | INFO  | SCMAudit | user=jenkins1000 | ip=192.168.69.87 | op=SEND_HEARTBEAT {datanodeUUID=c6f9d398-2eae-4a63-879f-a1d1bc55d1b3, command=[]} | ret=SUCCESS |  
2019-08-29 09:39:31,528 | INFO  | SCMAudit | user=jenkins1000 | ip=192.168.69.87 | op=SEND_HEARTBEAT {datanodeUUID=7a2e5536-d576-4bf3-9dec-9e4177d66979, command=[]} | ret=SUCCESS |  
2019-08-29 09:39:31,757 | INFO  | SCMAudit | user=jenkins1000 | ip=192.168.69.87 | op=SEND_HEARTBEAT {datanodeUUID=c8986603-afcd-4cf8-afcf-c6b45c0b43cc, command=[]} | ret=SUCCESS |  
2019-08-29 09:39:31,793 | INFO  | SCMAudit | user=jenkins1000 | ip=192.168.69.87 | op=SEND_HEARTBEAT {datanodeUUID=31202bf3-e3ef-401b-98b9-369e6d4f3507, command=[]} | ret=SUCCESS |  
2019-08-29 09:39:31,812 | INFO  | SCMAudit | user=jenkins1000 | ip=192.168.69.87 | op=SEND_HEARTBEAT {datanodeUUID=129cf440-9aa6-4f56-b440-e84d0b76b9e5, command=[]} | ret=SUCCESS |  
2019-08-29 09:39:32,154 | INFO  | SCMAudit | user=jenkins1000 | ip=192.168.69.87 | op=SEND_HEARTBEAT {datanodeUUID=44638b28-be06-4149-9a11-87ab58c8e022, command=[]} | ret=SUCCESS |  
2019-08-29 09:39:32,264 | INFO  | SCMAudit | user=jenkins1000 | ip=192.168.69.87 | op=SEND_HEARTBEAT {datanodeUUID=73941da8-7b3a-43e7-8aff-0a9367598152, command=[]} | ret=SUCCESS |  
2019-08-29 09:39:32,337 | INFO  | SCMAudit | user=jenkins1000 | ip=192.168.69.87 | op=SEND_HEARTBEAT {datanodeUUID=c6f9d398-2eae-4a63-879f-a1d1bc55d1b3, command=[]} | ret=SUCCESS |  
2019-08-29 09:39:32,529 | INFO  | SCMAudit | user=jenkins1000 | ip=192.168.69.87 | op=SEND_HEARTBEAT {datanodeUUID=7a2e5536-d576-4bf3-9dec-9e4177d66979, command=[]} | ret=SUCCESS |  
2019-08-29 09:39:32,757 | INFO  | SCMAudit | user=jenkins1000 | ip=192.168.69.87 | op=SEND_HEARTBEAT {datanodeUUID=c8986603-afcd-4cf8-afcf-c6b45c0b43cc, command=[]} | ret=SUCCESS |  
2019-08-29 09:39:32,792 | INFO  | SCMAudit | user=jenkins1000 | ip=192.168.69.87 | op=SEND_HEARTBEAT {datanodeUUID=31202bf3-e3ef-401b-98b9-369e6d4f3507, command=[]} | ret=SUCCESS |  
2019-08-29 09:39:32,812 | INFO  | SCMAudit | user=jenkins1000 | ip=192.168.69.87 | op=SEND_HEARTBEAT {datanodeUUID=129cf440-9aa6-4f56-b440-e84d0b76b9e5, command=[]} | ret=SUCCESS |  
2019-08-29 09:39:33,155 | INFO  | SCMAudit | user=jenkins1000 | ip=192.168.69.87 | op=SEND_HEARTBEAT {datanodeUUID=44638b28-be06-4149-9a11-87ab58c8e022, command=[]} | ret=SUCCESS |  
2019-08-29 09:39:33,264 | INFO  | SCMAudit | user=jenkins1000 | ip=192.168.69.87 | op=SEND_HEARTBEAT {datanodeUUID=73941da8-7b3a-43e7-8aff-0a9367598152, command=[]} | ret=SUCCESS |  
2019-08-29 09:39:33,337 | INFO  | SCMAudit | user=jenkins1000 | ip=192.168.69.87 | op=SEND_HEARTBEAT {datanodeUUID=c6f9d398-2eae-4a63-879f-a1d1bc55d1b3, command=[]} | ret=SUCCESS |  
2019-08-29 09:39:33,529 | INFO  | SCMAudit | user=jenkins1000 | ip=192.168.69.87 | op=SEND_HEARTBEAT {datanodeUUID=7a2e5536-d576-4bf3-9dec-9e4177d66979, command=[]} | ret=SUCCESS |  
2019-08-29 09:39:33,758 | INFO  | SCMAudit | user=jenkins1000 | ip=192.168.69.87 | op=SEND_HEARTBEAT {datanodeUUID=c8986603-afcd-4cf8-afcf-c6b45c0b43cc, command=[]} | ret=SUCCESS |  
2019-08-29 09:39:33,792 | INFO  | SCMAudit | user=jenkins1000 | ip=192.168.69.87 | op=SEND_HEARTBEAT {datanodeUUID=31202bf3-e3ef-401b-98b9-369e6d4f3507, command=[]} | ret=SUCCESS |  
2019-08-29 09:39:33,812 | INFO  | SCMAudit | user=jenkins1000 | ip=192.168.69.87 | op=SEND_HEARTBEAT {datanodeUUID=129cf440-9aa6-4f56-b440-e84d0b76b9e5, command=[]} | ret=SUCCESS |  
2019-08-29 09:39:34,154 | INFO  | SCMAudit | user=jenkins1000 | ip=192.168.69.87 | op=SEND_HEARTBEAT {datanodeUUID=44638b28-be06-4149-9a11-87ab58c8e022, command=[]} | ret=SUCCESS |  
2019-08-29 09:39:34,265 | INFO  | SCMAudit | user=jenkins1000 | ip=192.168.69.87 | op=SEND_HEARTBEAT {datanodeUUID=73941da8-7b3a-43e7-8aff-0a9367598152, command=[]} | ret=SUCCESS |  
2019-08-29 09:39:34,337 | INFO  | SCMAudit | user=jenkins1000 | ip=192.168.69.87 | op=SEND_HEARTBEAT {datanodeUUID=c6f9d398-2eae-4a63-879f-a1d1bc55d1b3, command=[]} | ret=SUCCESS |  
2019-08-29 09:39:34,529 | INFO  | SCMAudit | user=jenkins1000 | ip=192.168.69.87 | op=SEND_HEARTBEAT {datanodeUUID=7a2e5536-d576-4bf3-9dec-9e4177d66979, command=[]} | ret=SUCCESS |  
2019-08-29 09:39:34,631 [grpc-default-executor-2] INFO  client.GrpcClientProtocolClient (GrpcClientProtocolClient.java:onNext(255)) - client-166A520B6E3C->129cf440-9aa6-4f56-b440-e84d0b76b9e5: receive RaftClientReply:client-166A520B6E3C->129cf440-9aa6-4f56-b440-e84d0b76b9e5@group-7FC7981111D6, cid=45, FAILED org.apache.ratis.protocol.NotLeaderException: Server 129cf440-9aa6-4f56-b440-e84d0b76b9e5 is not the leader (c8986603-afcd-4cf8-afcf-c6b45c0b43cc:192.168.69.87:46863). Request must be sent to leader., logIndex=0, commits[129cf440-9aa6-4f56-b440-e84d0b76b9e5:c8, c8986603-afcd-4cf8-afcf-c6b45c0b43cc:c8, 31202bf3-e3ef-401b-98b9-369e6d4f3507:c8]
2019-08-29 09:39:34,757 | INFO  | SCMAudit | user=jenkins1000 | ip=192.168.69.87 | op=SEND_HEARTBEAT {datanodeUUID=c8986603-afcd-4cf8-afcf-c6b45c0b43cc, command=[]} | ret=SUCCESS |  
2019-08-29 09:39:34,792 | INFO  | SCMAudit | user=jenkins1000 | ip=192.168.69.87 | op=SEND_HEARTBEAT {datanodeUUID=31202bf3-e3ef-401b-98b9-369e6d4f3507, command=[]} | ret=SUCCESS |  
2019-08-29 09:39:34,812 | INFO  | SCMAudit | user=jenkins1000 | ip=192.168.69.87 | op=SEND_HEARTBEAT {datanodeUUID=129cf440-9aa6-4f56-b440-e84d0b76b9e5, command=[]} | ret=SUCCESS |  
2019-08-29 09:39:35,154 | INFO  | SCMAudit | user=jenkins1000 | ip=192.168.69.87 | op=SEND_HEARTBEAT {datanodeUUID=44638b28-be06-4149-9a11-87ab58c8e022, command=[]} | ret=SUCCESS |  
2019-08-29 09:39:35,264 | INFO  | SCMAudit | user=jenkins1000 | ip=192.168.69.87 | op=SEND_HEARTBEAT {datanodeUUID=73941da8-7b3a-43e7-8aff-0a9367598152, command=[]} | ret=SUCCESS |  
2019-08-29 09:39:35,337 | INFO  | SCMAudit | user=jenkins1000 | ip=192.168.69.87 | op=SEND_HEARTBEAT {datanodeUUID=c6f9d398-2eae-4a63-879f-a1d1bc55d1b3, command=[]} | ret=SUCCESS |  
2019-08-29 09:39:35,529 | INFO  | SCMAudit | user=jenkins1000 | ip=192.168.69.87 | op=SEND_HEARTBEAT {datanodeUUID=7a2e5536-d576-4bf3-9dec-9e4177d66979, command=[]} | ret=SUCCESS |  
2019-08-29 09:39:35,757 | INFO  | SCMAudit | user=jenkins1000 | ip=192.168.69.87 | op=SEND_HEARTBEAT {datanodeUUID=c8986603-afcd-4cf8-afcf-c6b45c0b43cc, command=[]} | ret=SUCCESS |  
2019-08-29 09:39:35,793 | INFO  | SCMAudit | user=jenkins1000 | ip=192.168.69.87 | op=SEND_HEARTBEAT {datanodeUUID=31202bf3-e3ef-401b-98b9-369e6d4f3507, command=[]} | ret=SUCCESS |  
2019-08-29 09:39:35,812 | INFO  | SCMAudit | user=jenkins1000 | ip=192.168.69.87 | op=SEND_HEARTBEAT {datanodeUUID=129cf440-9aa6-4f56-b440-e84d0b76b9e5, command=[]} | ret=SUCCESS |  
2019-08-29 09:39:36,154 | INFO  | SCMAudit | user=jenkins1000 | ip=192.168.69.87 | op=SEND_HEARTBEAT {datanodeUUID=44638b28-be06-4149-9a11-87ab58c8e022, command=[]} | ret=SUCCESS |  
2019-08-29 09:39:36,264 | INFO  | SCMAudit | user=jenkins1000 | ip=192.168.69.87 | op=SEND_HEARTBEAT {datanodeUUID=73941da8-7b3a-43e7-8aff-0a9367598152, command=[]} | ret=SUCCESS |  
2019-08-29 09:39:36,337 | INFO  | SCMAudit | user=jenkins1000 | ip=192.168.69.87 | op=SEND_HEARTBEAT {datanodeUUID=c6f9d398-2eae-4a63-879f-a1d1bc55d1b3, command=[]} | ret=SUCCESS |  
2019-08-29 09:39:36,529 | INFO  | SCMAudit | user=jenkins1000 | ip=192.168.69.87 | op=SEND_HEARTBEAT {datanodeUUID=7a2e5536-d576-4bf3-9dec-9e4177d66979, command=[]} | ret=SUCCESS |  
2019-08-29 09:39:36,757 | INFO  | SCMAudit | user=jenkins1000 | ip=192.168.69.87 | op=SEND_HEARTBEAT {datanodeUUID=c8986603-afcd-4cf8-afcf-c6b45c0b43cc, command=[]} | ret=SUCCESS |  
2019-08-29 09:39:36,793 | INFO  | SCMAudit | user=jenkins1000 | ip=192.168.69.87 | op=SEND_HEARTBEAT {datanodeUUID=31202bf3-e3ef-401b-98b9-369e6d4f3507, command=[]} | ret=SUCCESS |  
2019-08-29 09:39:36,812 | INFO  | SCMAudit | user=jenkins1000 | ip=192.168.69.87 | op=SEND_HEARTBEAT {datanodeUUID=129cf440-9aa6-4f56-b440-e84d0b76b9e5, command=[]} | ret=SUCCESS |  
2019-08-29 09:39:37,155 | INFO  | SCMAudit | user=jenkins1000 | ip=192.168.69.87 | op=SEND_HEARTBEAT {datanodeUUID=44638b28-be06-4149-9a11-87ab58c8e022, command=[]} | ret=SUCCESS |  
2019-08-29 09:39:37,265 | INFO  | SCMAudit | user=jenkins1000 | ip=192.168.69.87 | op=SEND_HEARTBEAT {datanodeUUID=73941da8-7b3a-43e7-8aff-0a9367598152, command=[]} | ret=SUCCESS |  
2019-08-29 09:39:37,338 | INFO  | SCMAudit | user=jenkins1000 | ip=192.168.69.87 | op=SEND_HEARTBEAT {datanodeUUID=c6f9d398-2eae-4a63-879f-a1d1bc55d1b3, command=[]} | ret=SUCCESS |  
2019-08-29 09:39:37,529 | INFO  | SCMAudit | user=jenkins1000 | ip=192.168.69.87 | op=SEND_HEARTBEAT {datanodeUUID=7a2e5536-d576-4bf3-9dec-9e4177d66979, command=[]} | ret=SUCCESS |  
2019-08-29 09:39:37,758 | INFO  | SCMAudit | user=jenkins1000 | ip=192.168.69.87 | op=SEND_HEARTBEAT {datanodeUUID=c8986603-afcd-4cf8-afcf-c6b45c0b43cc, command=[]} | ret=SUCCESS |  
2019-08-29 09:39:37,793 | INFO  | SCMAudit | user=jenkins1000 | ip=192.168.69.87 | op=SEND_HEARTBEAT {datanodeUUID=31202bf3-e3ef-401b-98b9-369e6d4f3507, command=[]} | ret=SUCCESS |  
2019-08-29 09:39:37,812 | INFO  | SCMAudit | user=jenkins1000 | ip=192.168.69.87 | op=SEND_HEARTBEAT {datanodeUUID=129cf440-9aa6-4f56-b440-e84d0b76b9e5, command=[]} | ret=SUCCESS |  
2019-08-29 09:39:38,154 | INFO  | SCMAudit | user=jenkins1000 | ip=192.168.69.87 | op=SEND_HEARTBEAT {datanodeUUID=44638b28-be06-4149-9a11-87ab58c8e022, command=[]} | ret=SUCCESS |  
2019-08-29 09:39:38,264 | INFO  | SCMAudit | user=jenkins1000 | ip=192.168.69.87 | op=SEND_HEARTBEAT {datanodeUUID=73941da8-7b3a-43e7-8aff-0a9367598152, command=[]} | ret=SUCCESS |  
2019-08-29 09:39:38,337 | INFO  | SCMAudit | user=jenkins1000 | ip=192.168.69.87 | op=SEND_HEARTBEAT {datanodeUUID=c6f9d398-2eae-4a63-879f-a1d1bc55d1b3, command=[]} | ret=SUCCESS |  
2019-08-29 09:39:38,530 | INFO  | SCMAudit | user=jenkins1000 | ip=192.168.69.87 | op=SEND_HEARTBEAT {datanodeUUID=7a2e5536-d576-4bf3-9dec-9e4177d66979, command=[]} | ret=SUCCESS |  
2019-08-29 09:39:38,757 | INFO  | SCMAudit | user=jenkins1000 | ip=192.168.69.87 | op=SEND_HEARTBEAT {datanodeUUID=c8986603-afcd-4cf8-afcf-c6b45c0b43cc, command=[]} | ret=SUCCESS |  
2019-08-29 09:39:38,793 | INFO  | SCMAudit | user=jenkins1000 | ip=192.168.69.87 | op=SEND_HEARTBEAT {datanodeUUID=31202bf3-e3ef-401b-98b9-369e6d4f3507, command=[]} | ret=SUCCESS |  
2019-08-29 09:39:38,812 | INFO  | SCMAudit | user=jenkins1000 | ip=192.168.69.87 | op=SEND_HEARTBEAT {datanodeUUID=129cf440-9aa6-4f56-b440-e84d0b76b9e5, command=[]} | ret=SUCCESS |  
2019-08-29 09:39:39,155 | INFO  | SCMAudit | user=jenkins1000 | ip=192.168.69.87 | op=SEND_HEARTBEAT {datanodeUUID=44638b28-be06-4149-9a11-87ab58c8e022, command=[]} | ret=SUCCESS |  
2019-08-29 09:39:39,264 | INFO  | SCMAudit | user=jenkins1000 | ip=192.168.69.87 | op=SEND_HEARTBEAT {datanodeUUID=73941da8-7b3a-43e7-8aff-0a9367598152, command=[]} | ret=SUCCESS |  
2019-08-29 09:39:39,337 | INFO  | SCMAudit | user=jenkins1000 | ip=192.168.69.87 | op=SEND_HEARTBEAT {datanodeUUID=c6f9d398-2eae-4a63-879f-a1d1bc55d1b3, command=[]} | ret=SUCCESS |  
2019-08-29 09:39:39,529 | INFO  | SCMAudit | user=jenkins1000 | ip=192.168.69.87 | op=SEND_HEARTBEAT {datanodeUUID=7a2e5536-d576-4bf3-9dec-9e4177d66979, command=[]} | ret=SUCCESS |  
2019-08-29 09:39:39,663 [grpc-default-executor-2] INFO  client.GrpcClientProtocolClient (GrpcClientProtocolClient.java:onNext(255)) - client-166A520B6E3C->31202bf3-e3ef-401b-98b9-369e6d4f3507: receive RaftClientReply:client-166A520B6E3C->31202bf3-e3ef-401b-98b9-369e6d4f3507@group-7FC7981111D6, cid=45, FAILED org.apache.ratis.protocol.NotLeaderException: Server 31202bf3-e3ef-401b-98b9-369e6d4f3507 is not the leader (c8986603-afcd-4cf8-afcf-c6b45c0b43cc:192.168.69.87:46863). Request must be sent to leader., logIndex=0, commits[31202bf3-e3ef-401b-98b9-369e6d4f3507:c8, c8986603-afcd-4cf8-afcf-c6b45c0b43cc:c8, 129cf440-9aa6-4f56-b440-e84d0b76b9e5:c8]
2019-08-29 09:39:39,758 | INFO  | SCMAudit | user=jenkins1000 | ip=192.168.69.87 | op=SEND_HEARTBEAT {datanodeUUID=c8986603-afcd-4cf8-afcf-c6b45c0b43cc, command=[]} | ret=SUCCESS |  
2019-08-29 09:39:39,794 | INFO  | SCMAudit | user=jenkins1000 | ip=192.168.69.87 | op=SEND_HEARTBEAT {datanodeUUID=31202bf3-e3ef-401b-98b9-369e6d4f3507, command=[]} | ret=SUCCESS |  
2019-08-29 09:39:39,812 | INFO  | SCMAudit | user=jenkins1000 | ip=192.168.69.87 | op=SEND_HEARTBEAT {datanodeUUID=129cf440-9aa6-4f56-b440-e84d0b76b9e5, command=[]} | ret=SUCCESS |  
2019-08-29 09:39:40,154 | INFO  | SCMAudit | user=jenkins1000 | ip=192.168.69.87 | op=SEND_HEARTBEAT {datanodeUUID=44638b28-be06-4149-9a11-87ab58c8e022, command=[]} | ret=SUCCESS |  
2019-08-29 09:39:40,265 | INFO  | SCMAudit | user=jenkins1000 | ip=192.168.69.87 | op=SEND_HEARTBEAT {datanodeUUID=73941da8-7b3a-43e7-8aff-0a9367598152, command=[]} | ret=SUCCESS |  
2019-08-29 09:39:40,338 | INFO  | SCMAudit | user=jenkins1000 | ip=192.168.69.87 | op=SEND_HEARTBEAT {datanodeUUID=c6f9d398-2eae-4a63-879f-a1d1bc55d1b3, command=[]} | ret=SUCCESS |  
2019-08-29 09:39:40,529 | INFO  | SCMAudit | user=jenkins1000 | ip=192.168.69.87 | op=SEND_HEARTBEAT {datanodeUUID=7a2e5536-d576-4bf3-9dec-9e4177d66979, command=[]} | ret=SUCCESS |  
2019-08-29 09:39:40,757 | INFO  | SCMAudit | user=jenkins1000 | ip=192.168.69.87 | op=SEND_HEARTBEAT {datanodeUUID=c8986603-afcd-4cf8-afcf-c6b45c0b43cc, command=[]} | ret=SUCCESS |  
2019-08-29 09:39:40,793 | INFO  | SCMAudit | user=jenkins1000 | ip=192.168.69.87 | op=SEND_HEARTBEAT {datanodeUUID=31202bf3-e3ef-401b-98b9-369e6d4f3507, command=[]} | ret=SUCCESS |  
2019-08-29 09:39:40,813 | INFO  | SCMAudit | user=jenkins1000 | ip=192.168.69.87 | op=SEND_HEARTBEAT {datanodeUUID=129cf440-9aa6-4f56-b440-e84d0b76b9e5, command=[]} | ret=SUCCESS |  
2019-08-29 09:39:41,154 | INFO  | SCMAudit | user=jenkins1000 | ip=192.168.69.87 | op=SEND_HEARTBEAT {datanodeUUID=44638b28-be06-4149-9a11-87ab58c8e022, command=[]} | ret=SUCCESS |  
2019-08-29 09:39:41,264 | INFO  | SCMAudit | user=jenkins1000 | ip=192.168.69.87 | op=SEND_HEARTBEAT {datanodeUUID=73941da8-7b3a-43e7-8aff-0a9367598152, command=[]} | ret=SUCCESS |  
2019-08-29 09:39:41,337 | INFO  | SCMAudit | user=jenkins1000 | ip=192.168.69.87 | op=SEND_HEARTBEAT {datanodeUUID=c6f9d398-2eae-4a63-879f-a1d1bc55d1b3, command=[]} | ret=SUCCESS |  
2019-08-29 09:39:41,529 | INFO  | SCMAudit | user=jenkins1000 | ip=192.168.69.87 | op=SEND_HEARTBEAT {datanodeUUID=7a2e5536-d576-4bf3-9dec-9e4177d66979, command=[]} | ret=SUCCESS |  
2019-08-29 09:39:41,757 | INFO  | SCMAudit | user=jenkins1000 | ip=192.168.69.87 | op=SEND_HEARTBEAT {datanodeUUID=c8986603-afcd-4cf8-afcf-c6b45c0b43cc, command=[]} | ret=SUCCESS |  
2019-08-29 09:39:41,793 | INFO  | SCMAudit | user=jenkins1000 | ip=192.168.69.87 | op=SEND_HEARTBEAT {datanodeUUID=31202bf3-e3ef-401b-98b9-369e6d4f3507, command=[]} | ret=SUCCESS |  
2019-08-29 09:39:41,812 | INFO  | SCMAudit | user=jenkins1000 | ip=192.168.69.87 | op=SEND_HEARTBEAT {datanodeUUID=129cf440-9aa6-4f56-b440-e84d0b76b9e5, command=[]} | ret=SUCCESS |  
2019-08-29 09:39:42,154 | INFO  | SCMAudit | user=jenkins1000 | ip=192.168.69.87 | op=SEND_HEARTBEAT {datanodeUUID=44638b28-be06-4149-9a11-87ab58c8e022, command=[]} | ret=SUCCESS |  
2019-08-29 09:39:42,264 | INFO  | SCMAudit | user=jenkins1000 | ip=192.168.69.87 | op=SEND_HEARTBEAT {datanodeUUID=73941da8-7b3a-43e7-8aff-0a9367598152, command=[]} | ret=SUCCESS |  
2019-08-29 09:39:42,337 | INFO  | SCMAudit | user=jenkins1000 | ip=192.168.69.87 | op=SEND_HEARTBEAT {datanodeUUID=c6f9d398-2eae-4a63-879f-a1d1bc55d1b3, command=[]} | ret=SUCCESS |  
2019-08-29 09:39:42,529 | INFO  | SCMAudit | user=jenkins1000 | ip=192.168.69.87 | op=SEND_HEARTBEAT {datanodeUUID=7a2e5536-d576-4bf3-9dec-9e4177d66979, command=[]} | ret=SUCCESS |  
2019-08-29 09:39:42,758 | INFO  | SCMAudit | user=jenkins1000 | ip=192.168.69.87 | op=SEND_HEARTBEAT {datanodeUUID=c8986603-afcd-4cf8-afcf-c6b45c0b43cc, command=[]} | ret=SUCCESS |  
2019-08-29 09:39:42,794 | INFO  | SCMAudit | user=jenkins1000 | ip=192.168.69.87 | op=SEND_HEARTBEAT {datanodeUUID=31202bf3-e3ef-401b-98b9-369e6d4f3507, command=[]} | ret=SUCCESS |  
2019-08-29 09:39:42,812 | INFO  | SCMAudit | user=jenkins1000 | ip=192.168.69.87 | op=SEND_HEARTBEAT {datanodeUUID=129cf440-9aa6-4f56-b440-e84d0b76b9e5, command=[]} | ret=SUCCESS |  
2019-08-29 09:39:43,155 | INFO  | SCMAudit | user=jenkins1000 | ip=192.168.69.87 | op=SEND_HEARTBEAT {datanodeUUID=44638b28-be06-4149-9a11-87ab58c8e022, command=[]} | ret=SUCCESS |  
2019-08-29 09:39:43,265 | INFO  | SCMAudit | user=jenkins1000 | ip=192.168.69.87 | op=SEND_HEARTBEAT {datanodeUUID=73941da8-7b3a-43e7-8aff-0a9367598152, command=[]} | ret=SUCCESS |  
2019-08-29 09:39:43,338 | INFO  | SCMAudit | user=jenkins1000 | ip=192.168.69.87 | op=SEND_HEARTBEAT {datanodeUUID=c6f9d398-2eae-4a63-879f-a1d1bc55d1b3, command=[]} | ret=SUCCESS |  
2019-08-29 09:39:43,530 | INFO  | SCMAudit | user=jenkins1000 | ip=192.168.69.87 | op=SEND_HEARTBEAT {datanodeUUID=7a2e5536-d576-4bf3-9dec-9e4177d66979, command=[]} | ret=SUCCESS |  
2019-08-29 09:39:43,757 | INFO  | SCMAudit | user=jenkins1000 | ip=192.168.69.87 | op=SEND_HEARTBEAT {datanodeUUID=c8986603-afcd-4cf8-afcf-c6b45c0b43cc, command=[]} | ret=SUCCESS |  
2019-08-29 09:39:43,794 | INFO  | SCMAudit | user=jenkins1000 | ip=192.168.69.87 | op=SEND_HEARTBEAT {datanodeUUID=31202bf3-e3ef-401b-98b9-369e6d4f3507, command=[]} | ret=SUCCESS |  
2019-08-29 09:39:43,812 | INFO  | SCMAudit | user=jenkins1000 | ip=192.168.69.87 | op=SEND_HEARTBEAT {datanodeUUID=129cf440-9aa6-4f56-b440-e84d0b76b9e5, command=[]} | ret=SUCCESS |  
2019-08-29 09:39:44,154 | INFO  | SCMAudit | user=jenkins1000 | ip=192.168.69.87 | op=SEND_HEARTBEAT {datanodeUUID=44638b28-be06-4149-9a11-87ab58c8e022, command=[]} | ret=SUCCESS |  
2019-08-29 09:39:44,265 | INFO  | SCMAudit | user=jenkins1000 | ip=192.168.69.87 | op=SEND_HEARTBEAT {datanodeUUID=73941da8-7b3a-43e7-8aff-0a9367598152, command=[]} | ret=SUCCESS |  
2019-08-29 09:39:44,337 | INFO  | SCMAudit | user=jenkins1000 | ip=192.168.69.87 | op=SEND_HEARTBEAT {datanodeUUID=c6f9d398-2eae-4a63-879f-a1d1bc55d1b3, command=[]} | ret=SUCCESS |  
2019-08-29 09:39:44,530 | INFO  | SCMAudit | user=jenkins1000 | ip=192.168.69.87 | op=SEND_HEARTBEAT {datanodeUUID=7a2e5536-d576-4bf3-9dec-9e4177d66979, command=[]} | ret=SUCCESS |  
2019-08-29 09:39:44,697 [grpc-default-executor-2] INFO  client.GrpcClientProtocolClient (GrpcClientProtocolClient.java:onNext(255)) - client-166A520B6E3C->31202bf3-e3ef-401b-98b9-369e6d4f3507: receive RaftClientReply:client-166A520B6E3C->31202bf3-e3ef-401b-98b9-369e6d4f3507@group-7FC7981111D6, cid=45, FAILED org.apache.ratis.protocol.NotLeaderException: Server 31202bf3-e3ef-401b-98b9-369e6d4f3507 is not the leader (c8986603-afcd-4cf8-afcf-c6b45c0b43cc:192.168.69.87:46863). Request must be sent to leader., logIndex=0, commits[31202bf3-e3ef-401b-98b9-369e6d4f3507:c8, c8986603-afcd-4cf8-afcf-c6b45c0b43cc:c8, 129cf440-9aa6-4f56-b440-e84d0b76b9e5:c8]
2019-08-29 09:39:44,758 | INFO  | SCMAudit | user=jenkins1000 | ip=192.168.69.87 | op=SEND_HEARTBEAT {datanodeUUID=c8986603-afcd-4cf8-afcf-c6b45c0b43cc, command=[]} | ret=SUCCESS |  
2019-08-29 09:39:44,794 | INFO  | SCMAudit | user=jenkins1000 | ip=192.168.69.87 | op=SEND_HEARTBEAT {datanodeUUID=31202bf3-e3ef-401b-98b9-369e6d4f3507, command=[]} | ret=SUCCESS |  
2019-08-29 09:39:44,813 | INFO  | SCMAudit | user=jenkins1000 | ip=192.168.69.87 | op=SEND_HEARTBEAT {datanodeUUID=129cf440-9aa6-4f56-b440-e84d0b76b9e5, command=[]} | ret=SUCCESS |  
2019-08-29 09:39:45,154 | INFO  | SCMAudit | user=jenkins1000 | ip=192.168.69.87 | op=SEND_HEARTBEAT {datanodeUUID=44638b28-be06-4149-9a11-87ab58c8e022, command=[]} | ret=SUCCESS |  
2019-08-29 09:39:45,265 | INFO  | SCMAudit | user=jenkins1000 | ip=192.168.69.87 | op=SEND_HEARTBEAT {datanodeUUID=73941da8-7b3a-43e7-8aff-0a9367598152, command=[]} | ret=SUCCESS |  
2019-08-29 09:39:45,337 | INFO  | SCMAudit | user=jenkins1000 | ip=192.168.69.87 | op=SEND_HEARTBEAT {datanodeUUID=c6f9d398-2eae-4a63-879f-a1d1bc55d1b3, command=[]} | ret=SUCCESS |  
2019-08-29 09:39:45,530 | INFO  | SCMAudit | user=jenkins1000 | ip=192.168.69.87 | op=SEND_HEARTBEAT {datanodeUUID=7a2e5536-d576-4bf3-9dec-9e4177d66979, command=[]} | ret=SUCCESS |  
2019-08-29 09:39:45,757 | INFO  | SCMAudit | user=jenkins1000 | ip=192.168.69.87 | op=SEND_HEARTBEAT {datanodeUUID=c8986603-afcd-4cf8-afcf-c6b45c0b43cc, command=[]} | ret=SUCCESS |  
2019-08-29 09:39:45,794 | INFO  | SCMAudit | user=jenkins1000 | ip=192.168.69.87 | op=SEND_HEARTBEAT {datanodeUUID=31202bf3-e3ef-401b-98b9-369e6d4f3507, command=[]} | ret=SUCCESS |  
2019-08-29 09:39:45,813 | INFO  | SCMAudit | user=jenkins1000 | ip=192.168.69.87 | op=SEND_HEARTBEAT {datanodeUUID=129cf440-9aa6-4f56-b440-e84d0b76b9e5, command=[]} | ret=SUCCESS |  
2019-08-29 09:39:46,154 | INFO  | SCMAudit | user=jenkins1000 | ip=192.168.69.87 | op=SEND_HEARTBEAT {datanodeUUID=44638b28-be06-4149-9a11-87ab58c8e022, command=[]} | ret=SUCCESS |  
2019-08-29 09:39:46,265 | INFO  | SCMAudit | user=jenkins1000 | ip=192.168.69.87 | op=SEND_HEARTBEAT {datanodeUUID=73941da8-7b3a-43e7-8aff-0a9367598152, command=[]} | ret=SUCCESS |  
2019-08-29 09:39:46,337 | INFO  | SCMAudit | user=jenkins1000 | ip=192.168.69.87 | op=SEND_HEARTBEAT {datanodeUUID=c6f9d398-2eae-4a63-879f-a1d1bc55d1b3, command=[]} | ret=SUCCESS |  
2019-08-29 09:39:46,531 | INFO  | SCMAudit | user=jenkins1000 | ip=192.168.69.87 | op=SEND_HEARTBEAT {datanodeUUID=7a2e5536-d576-4bf3-9dec-9e4177d66979, command=[]} | ret=SUCCESS |  
2019-08-29 09:39:46,758 | INFO  | SCMAudit | user=jenkins1000 | ip=192.168.69.87 | op=SEND_HEARTBEAT {datanodeUUID=c8986603-afcd-4cf8-afcf-c6b45c0b43cc, command=[]} | ret=SUCCESS |  
2019-08-29 09:39:46,794 | INFO  | SCMAudit | user=jenkins1000 | ip=192.168.69.87 | op=SEND_HEARTBEAT {datanodeUUID=31202bf3-e3ef-401b-98b9-369e6d4f3507, command=[]} | ret=SUCCESS |  
2019-08-29 09:39:46,813 | INFO  | SCMAudit | user=jenkins1000 | ip=192.168.69.87 | op=SEND_HEARTBEAT {datanodeUUID=129cf440-9aa6-4f56-b440-e84d0b76b9e5, command=[]} | ret=SUCCESS |  
2019-08-29 09:39:47,154 | INFO  | SCMAudit | user=jenkins1000 | ip=192.168.69.87 | op=SEND_HEARTBEAT {datanodeUUID=44638b28-be06-4149-9a11-87ab58c8e022, command=[]} | ret=SUCCESS |  
2019-08-29 09:39:47,265 | INFO  | SCMAudit | user=jenkins1000 | ip=192.168.69.87 | op=SEND_HEARTBEAT {datanodeUUID=73941da8-7b3a-43e7-8aff-0a9367598152, command=[]} | ret=SUCCESS |  
2019-08-29 09:39:47,337 | INFO  | SCMAudit | user=jenkins1000 | ip=192.168.69.87 | op=SEND_HEARTBEAT {datanodeUUID=c6f9d398-2eae-4a63-879f-a1d1bc55d1b3, command=[]} | ret=SUCCESS |  
2019-08-29 09:39:47,530 | INFO  | SCMAudit | user=jenkins1000 | ip=192.168.69.87 | op=SEND_HEARTBEAT {datanodeUUID=7a2e5536-d576-4bf3-9dec-9e4177d66979, command=[]} | ret=SUCCESS |  
2019-08-29 09:39:47,757 | INFO  | SCMAudit | user=jenkins1000 | ip=192.168.69.87 | op=SEND_HEARTBEAT {datanodeUUID=c8986603-afcd-4cf8-afcf-c6b45c0b43cc, command=[]} | ret=SUCCESS |  
2019-08-29 09:39:47,795 | INFO  | SCMAudit | user=jenkins1000 | ip=192.168.69.87 | op=SEND_HEARTBEAT {datanodeUUID=31202bf3-e3ef-401b-98b9-369e6d4f3507, command=[]} | ret=SUCCESS |  
2019-08-29 09:39:47,813 | INFO  | SCMAudit | user=jenkins1000 | ip=192.168.69.87 | op=SEND_HEARTBEAT {datanodeUUID=129cf440-9aa6-4f56-b440-e84d0b76b9e5, command=[]} | ret=SUCCESS |  
2019-08-29 09:39:48,154 | INFO  | SCMAudit | user=jenkins1000 | ip=192.168.69.87 | op=SEND_HEARTBEAT {datanodeUUID=44638b28-be06-4149-9a11-87ab58c8e022, command=[]} | ret=SUCCESS |  
2019-08-29 09:39:48,266 | INFO  | SCMAudit | user=jenkins1000 | ip=192.168.69.87 | op=SEND_HEARTBEAT {datanodeUUID=73941da8-7b3a-43e7-8aff-0a9367598152, command=[]} | ret=SUCCESS |  
2019-08-29 09:39:48,338 | INFO  | SCMAudit | user=jenkins1000 | ip=192.168.69.87 | op=SEND_HEARTBEAT {datanodeUUID=c6f9d398-2eae-4a63-879f-a1d1bc55d1b3, command=[]} | ret=SUCCESS |  
2019-08-29 09:39:48,530 | INFO  | SCMAudit | user=jenkins1000 | ip=192.168.69.87 | op=SEND_HEARTBEAT {datanodeUUID=7a2e5536-d576-4bf3-9dec-9e4177d66979, command=[]} | ret=SUCCESS |  
2019-08-29 09:39:48,757 | INFO  | SCMAudit | user=jenkins1000 | ip=192.168.69.87 | op=SEND_HEARTBEAT {datanodeUUID=c8986603-afcd-4cf8-afcf-c6b45c0b43cc, command=[]} | ret=SUCCESS |  
2019-08-29 09:39:48,795 | INFO  | SCMAudit | user=jenkins1000 | ip=192.168.69.87 | op=SEND_HEARTBEAT {datanodeUUID=31202bf3-e3ef-401b-98b9-369e6d4f3507, command=[]} | ret=SUCCESS |  
2019-08-29 09:39:48,813 | INFO  | SCMAudit | user=jenkins1000 | ip=192.168.69.87 | op=SEND_HEARTBEAT {datanodeUUID=129cf440-9aa6-4f56-b440-e84d0b76b9e5, command=[]} | ret=SUCCESS |  
2019-08-29 09:39:49,154 | INFO  | SCMAudit | user=jenkins1000 | ip=192.168.69.87 | op=SEND_HEARTBEAT {datanodeUUID=44638b28-be06-4149-9a11-87ab58c8e022, command=[]} | ret=SUCCESS |  
2019-08-29 09:39:49,266 | INFO  | SCMAudit | user=jenkins1000 | ip=192.168.69.87 | op=SEND_HEARTBEAT {datanodeUUID=73941da8-7b3a-43e7-8aff-0a9367598152, command=[]} | ret=SUCCESS |  
2019-08-29 09:39:49,337 | INFO  | SCMAudit | user=jenkins1000 | ip=192.168.69.87 | op=SEND_HEARTBEAT {datanodeUUID=c6f9d398-2eae-4a63-879f-a1d1bc55d1b3, command=[]} | ret=SUCCESS |  
2019-08-29 09:39:49,530 | INFO  | SCMAudit | user=jenkins1000 | ip=192.168.69.87 | op=SEND_HEARTBEAT {datanodeUUID=7a2e5536-d576-4bf3-9dec-9e4177d66979, command=[]} | ret=SUCCESS |  
2019-08-29 09:39:49,743 [grpc-default-executor-2] INFO  client.GrpcClientProtocolClient (GrpcClientProtocolClient.java:onNext(255)) - client-166A520B6E3C->129cf440-9aa6-4f56-b440-e84d0b76b9e5: receive RaftClientReply:client-166A520B6E3C->129cf440-9aa6-4f56-b440-e84d0b76b9e5@group-7FC7981111D6, cid=45, FAILED org.apache.ratis.protocol.NotLeaderException: Server 129cf440-9aa6-4f56-b440-e84d0b76b9e5 is not the leader (c8986603-afcd-4cf8-afcf-c6b45c0b43cc:192.168.69.87:46863). Request must be sent to leader., logIndex=0, commits[129cf440-9aa6-4f56-b440-e84d0b76b9e5:c8, c8986603-afcd-4cf8-afcf-c6b45c0b43cc:c8, 31202bf3-e3ef-401b-98b9-369e6d4f3507:c8]
2019-08-29 09:39:49,758 | INFO  | SCMAudit | user=jenkins1000 | ip=192.168.69.87 | op=SEND_HEARTBEAT {datanodeUUID=c8986603-afcd-4cf8-afcf-c6b45c0b43cc, command=[]} | ret=SUCCESS |  
2019-08-29 09:39:49,795 | INFO  | SCMAudit | user=jenkins1000 | ip=192.168.69.87 | op=SEND_HEARTBEAT {datanodeUUID=31202bf3-e3ef-401b-98b9-369e6d4f3507, command=[]} | ret=SUCCESS |  
2019-08-29 09:39:49,813 | INFO  | SCMAudit | user=jenkins1000 | ip=192.168.69.87 | op=SEND_HEARTBEAT {datanodeUUID=129cf440-9aa6-4f56-b440-e84d0b76b9e5, command=[]} | ret=SUCCESS |  
2019-08-29 09:39:50,155 | INFO  | SCMAudit | user=jenkins1000 | ip=192.168.69.87 | op=SEND_HEARTBEAT {datanodeUUID=44638b28-be06-4149-9a11-87ab58c8e022, command=[]} | ret=SUCCESS |  
2019-08-29 09:39:50,266 | INFO  | SCMAudit | user=jenkins1000 | ip=192.168.69.87 | op=SEND_HEARTBEAT {datanodeUUID=73941da8-7b3a-43e7-8aff-0a9367598152, command=[]} | ret=SUCCESS |  
2019-08-29 09:39:50,337 | INFO  | SCMAudit | user=jenkins1000 | ip=192.168.69.87 | op=SEND_HEARTBEAT {datanodeUUID=c6f9d398-2eae-4a63-879f-a1d1bc55d1b3, command=[]} | ret=SUCCESS |  
2019-08-29 09:39:50,531 | INFO  | SCMAudit | user=jenkins1000 | ip=192.168.69.87 | op=SEND_HEARTBEAT {datanodeUUID=7a2e5536-d576-4bf3-9dec-9e4177d66979, command=[]} | ret=SUCCESS |  
2019-08-29 09:39:50,757 | INFO  | SCMAudit | user=jenkins1000 | ip=192.168.69.87 | op=SEND_HEARTBEAT {datanodeUUID=c8986603-afcd-4cf8-afcf-c6b45c0b43cc, command=[]} | ret=SUCCESS |  
2019-08-29 09:39:50,795 | INFO  | SCMAudit | user=jenkins1000 | ip=192.168.69.87 | op=SEND_HEARTBEAT {datanodeUUID=31202bf3-e3ef-401b-98b9-369e6d4f3507, command=[]} | ret=SUCCESS |  
2019-08-29 09:39:50,813 | INFO  | SCMAudit | user=jenkins1000 | ip=192.168.69.87 | op=SEND_HEARTBEAT {datanodeUUID=129cf440-9aa6-4f56-b440-e84d0b76b9e5, command=[]} | ret=SUCCESS |  
2019-08-29 09:39:51,154 | INFO  | SCMAudit | user=jenkins1000 | ip=192.168.69.87 | op=SEND_HEARTBEAT {datanodeUUID=44638b28-be06-4149-9a11-87ab58c8e022, command=[]} | ret=SUCCESS |  
2019-08-29 09:39:51,266 | INFO  | SCMAudit | user=jenkins1000 | ip=192.168.69.87 | op=SEND_HEARTBEAT {datanodeUUID=73941da8-7b3a-43e7-8aff-0a9367598152, command=[]} | ret=SUCCESS |  
2019-08-29 09:39:51,337 | INFO  | SCMAudit | user=jenkins1000 | ip=192.168.69.87 | op=SEND_HEARTBEAT {datanodeUUID=c6f9d398-2eae-4a63-879f-a1d1bc55d1b3, command=[]} | ret=SUCCESS |  
2019-08-29 09:39:51,531 | INFO  | SCMAudit | user=jenkins1000 | ip=192.168.69.87 | op=SEND_HEARTBEAT {datanodeUUID=7a2e5536-d576-4bf3-9dec-9e4177d66979, command=[]} | ret=SUCCESS |  
2019-08-29 09:39:51,759 | INFO  | SCMAudit | user=jenkins1000 | ip=192.168.69.87 | op=SEND_HEARTBEAT {datanodeUUID=c8986603-afcd-4cf8-afcf-c6b45c0b43cc, command=[]} | ret=SUCCESS |  
2019-08-29 09:39:51,795 | INFO  | SCMAudit | user=jenkins1000 | ip=192.168.69.87 | op=SEND_HEARTBEAT {datanodeUUID=31202bf3-e3ef-401b-98b9-369e6d4f3507, command=[]} | ret=SUCCESS |  
2019-08-29 09:39:51,813 | INFO  | SCMAudit | user=jenkins1000 | ip=192.168.69.87 | op=SEND_HEARTBEAT {datanodeUUID=129cf440-9aa6-4f56-b440-e84d0b76b9e5, command=[]} | ret=SUCCESS |  
2019-08-29 09:39:52,154 | INFO  | SCMAudit | user=jenkins1000 | ip=192.168.69.87 | op=SEND_HEARTBEAT {datanodeUUID=44638b28-be06-4149-9a11-87ab58c8e022, command=[]} | ret=SUCCESS |  
2019-08-29 09:39:52,266 | INFO  | SCMAudit | user=jenkins1000 | ip=192.168.69.87 | op=SEND_HEARTBEAT {datanodeUUID=73941da8-7b3a-43e7-8aff-0a9367598152, command=[]} | ret=SUCCESS |  
2019-08-29 09:39:52,338 | INFO  | SCMAudit | user=jenkins1000 | ip=192.168.69.87 | op=SEND_HEARTBEAT {datanodeUUID=c6f9d398-2eae-4a63-879f-a1d1bc55d1b3, command=[]} | ret=SUCCESS |  
2019-08-29 09:39:52,531 | INFO  | SCMAudit | user=jenkins1000 | ip=192.168.69.87 | op=SEND_HEARTBEAT {datanodeUUID=7a2e5536-d576-4bf3-9dec-9e4177d66979, command=[]} | ret=SUCCESS |  
2019-08-29 09:39:52,759 | INFO  | SCMAudit | user=jenkins1000 | ip=192.168.69.87 | op=SEND_HEARTBEAT {datanodeUUID=c8986603-afcd-4cf8-afcf-c6b45c0b43cc, command=[]} | ret=SUCCESS |  
2019-08-29 09:39:52,795 | INFO  | SCMAudit | user=jenkins1000 | ip=192.168.69.87 | op=SEND_HEARTBEAT {datanodeUUID=31202bf3-e3ef-401b-98b9-369e6d4f3507, command=[]} | ret=SUCCESS |  
2019-08-29 09:39:52,813 | INFO  | SCMAudit | user=jenkins1000 | ip=192.168.69.87 | op=SEND_HEARTBEAT {datanodeUUID=129cf440-9aa6-4f56-b440-e84d0b76b9e5, command=[]} | ret=SUCCESS |  
2019-08-29 09:39:53,155 | INFO  | SCMAudit | user=jenkins1000 | ip=192.168.69.87 | op=SEND_HEARTBEAT {datanodeUUID=44638b28-be06-4149-9a11-87ab58c8e022, command=[]} | ret=SUCCESS |  
2019-08-29 09:39:53,267 | INFO  | SCMAudit | user=jenkins1000 | ip=192.168.69.87 | op=SEND_HEARTBEAT {datanodeUUID=73941da8-7b3a-43e7-8aff-0a9367598152, command=[]} | ret=SUCCESS |  
2019-08-29 09:39:53,337 | INFO  | SCMAudit | user=jenkins1000 | ip=192.168.69.87 | op=SEND_HEARTBEAT {datanodeUUID=c6f9d398-2eae-4a63-879f-a1d1bc55d1b3, command=[]} | ret=SUCCESS |  
2019-08-29 09:39:53,532 | INFO  | SCMAudit | user=jenkins1000 | ip=192.168.69.87 | op=SEND_HEARTBEAT {datanodeUUID=7a2e5536-d576-4bf3-9dec-9e4177d66979, command=[]} | ret=SUCCESS |  
2019-08-29 09:39:53,761 | INFO  | SCMAudit | user=jenkins1000 | ip=192.168.69.87 | op=SEND_HEARTBEAT {datanodeUUID=c8986603-afcd-4cf8-afcf-c6b45c0b43cc, command=[]} | ret=SUCCESS |  
2019-08-29 09:39:53,795 | INFO  | SCMAudit | user=jenkins1000 | ip=192.168.69.87 | op=SEND_HEARTBEAT {datanodeUUID=31202bf3-e3ef-401b-98b9-369e6d4f3507, command=[]} | ret=SUCCESS |  
2019-08-29 09:39:53,813 | INFO  | SCMAudit | user=jenkins1000 | ip=192.168.69.87 | op=SEND_HEARTBEAT {datanodeUUID=129cf440-9aa6-4f56-b440-e84d0b76b9e5, command=[]} | ret=SUCCESS |  
2019-08-29 09:39:54,154 | INFO  | SCMAudit | user=jenkins1000 | ip=192.168.69.87 | op=SEND_HEARTBEAT {datanodeUUID=44638b28-be06-4149-9a11-87ab58c8e022, command=[]} | ret=SUCCESS |  
2019-08-29 09:39:54,266 | INFO  | SCMAudit | user=jenkins1000 | ip=192.168.69.87 | op=SEND_HEARTBEAT {datanodeUUID=73941da8-7b3a-43e7-8aff-0a9367598152, command=[]} | ret=SUCCESS |  
2019-08-29 09:39:54,337 | INFO  | SCMAudit | user=jenkins1000 | ip=192.168.69.87 | op=SEND_HEARTBEAT {datanodeUUID=c6f9d398-2eae-4a63-879f-a1d1bc55d1b3, command=[]} | ret=SUCCESS |  
2019-08-29 09:39:54,532 | INFO  | SCMAudit | user=jenkins1000 | ip=192.168.69.87 | op=SEND_HEARTBEAT {datanodeUUID=7a2e5536-d576-4bf3-9dec-9e4177d66979, command=[]} | ret=SUCCESS |  
2019-08-29 09:39:54,760 | INFO  | SCMAudit | user=jenkins1000 | ip=192.168.69.87 | op=SEND_HEARTBEAT {datanodeUUID=c8986603-afcd-4cf8-afcf-c6b45c0b43cc, command=[]} | ret=SUCCESS |  
2019-08-29 09:39:54,776 [grpc-default-executor-2] INFO  client.GrpcClientProtocolClient (GrpcClientProtocolClient.java:onNext(255)) - client-166A520B6E3C->129cf440-9aa6-4f56-b440-e84d0b76b9e5: receive RaftClientReply:client-166A520B6E3C->129cf440-9aa6-4f56-b440-e84d0b76b9e5@group-7FC7981111D6, cid=45, FAILED org.apache.ratis.protocol.NotLeaderException: Server 129cf440-9aa6-4f56-b440-e84d0b76b9e5 is not the leader (c8986603-afcd-4cf8-afcf-c6b45c0b43cc:192.168.69.87:46863). Request must be sent to leader., logIndex=0, commits[129cf440-9aa6-4f56-b440-e84d0b76b9e5:c8, c8986603-afcd-4cf8-afcf-c6b45c0b43cc:c8, 31202bf3-e3ef-401b-98b9-369e6d4f3507:c8]
2019-08-29 09:39:54,796 | INFO  | SCMAudit | user=jenkins1000 | ip=192.168.69.87 | op=SEND_HEARTBEAT {datanodeUUID=31202bf3-e3ef-401b-98b9-369e6d4f3507, command=[]} | ret=SUCCESS |  
2019-08-29 09:39:54,813 | INFO  | SCMAudit | user=jenkins1000 | ip=192.168.69.87 | op=SEND_HEARTBEAT {datanodeUUID=129cf440-9aa6-4f56-b440-e84d0b76b9e5, command=[]} | ret=SUCCESS |  
2019-08-29 09:39:55,154 | INFO  | SCMAudit | user=jenkins1000 | ip=192.168.69.87 | op=SEND_HEARTBEAT {datanodeUUID=44638b28-be06-4149-9a11-87ab58c8e022, command=[]} | ret=SUCCESS |  
2019-08-29 09:39:55,266 | INFO  | SCMAudit | user=jenkins1000 | ip=192.168.69.87 | op=SEND_HEARTBEAT {datanodeUUID=73941da8-7b3a-43e7-8aff-0a9367598152, command=[]} | ret=SUCCESS |  
2019-08-29 09:39:55,338 | INFO  | SCMAudit | user=jenkins1000 | ip=192.168.69.87 | op=SEND_HEARTBEAT {datanodeUUID=c6f9d398-2eae-4a63-879f-a1d1bc55d1b3, command=[]} | ret=SUCCESS |  
2019-08-29 09:39:55,532 | INFO  | SCMAudit | user=jenkins1000 | ip=192.168.69.87 | op=SEND_HEARTBEAT {datanodeUUID=7a2e5536-d576-4bf3-9dec-9e4177d66979, command=[]} | ret=SUCCESS |  
2019-08-29 09:39:55,759 | INFO  | SCMAudit | user=jenkins1000 | ip=192.168.69.87 | op=SEND_HEARTBEAT {datanodeUUID=c8986603-afcd-4cf8-afcf-c6b45c0b43cc, command=[]} | ret=SUCCESS |  
2019-08-29 09:39:55,796 | INFO  | SCMAudit | user=jenkins1000 | ip=192.168.69.87 | op=SEND_HEARTBEAT {datanodeUUID=31202bf3-e3ef-401b-98b9-369e6d4f3507, command=[]} | ret=SUCCESS |  
2019-08-29 09:39:55,813 | INFO  | SCMAudit | user=jenkins1000 | ip=192.168.69.87 | op=SEND_HEARTBEAT {datanodeUUID=129cf440-9aa6-4f56-b440-e84d0b76b9e5, command=[]} | ret=SUCCESS |  
2019-08-29 09:39:56,154 | INFO  | SCMAudit | user=jenkins1000 | ip=192.168.69.87 | op=SEND_HEARTBEAT {datanodeUUID=44638b28-be06-4149-9a11-87ab58c8e022, command=[]} | ret=SUCCESS |  
2019-08-29 09:39:56,266 | INFO  | SCMAudit | user=jenkins1000 | ip=192.168.69.87 | op=SEND_HEARTBEAT {datanodeUUID=73941da8-7b3a-43e7-8aff-0a9367598152, command=[]} | ret=SUCCESS |  
2019-08-29 09:39:56,338 | INFO  | SCMAudit | user=jenkins1000 | ip=192.168.69.87 | op=SEND_HEARTBEAT {datanodeUUID=c6f9d398-2eae-4a63-879f-a1d1bc55d1b3, command=[]} | ret=SUCCESS |  
2019-08-29 09:39:56,533 | INFO  | SCMAudit | user=jenkins1000 | ip=192.168.69.87 | op=SEND_HEARTBEAT {datanodeUUID=7a2e5536-d576-4bf3-9dec-9e4177d66979, command=[]} | ret=SUCCESS |  
2019-08-29 09:39:56,759 | INFO  | SCMAudit | user=jenkins1000 | ip=192.168.69.87 | op=SEND_HEARTBEAT {datanodeUUID=c8986603-afcd-4cf8-afcf-c6b45c0b43cc, command=[]} | ret=SUCCESS |  
2019-08-29 09:39:56,796 | INFO  | SCMAudit | user=jenkins1000 | ip=192.168.69.87 | op=SEND_HEARTBEAT {datanodeUUID=31202bf3-e3ef-401b-98b9-369e6d4f3507, command=[]} | ret=SUCCESS |  
2019-08-29 09:39:56,813 | INFO  | SCMAudit | user=jenkins1000 | ip=192.168.69.87 | op=SEND_HEARTBEAT {datanodeUUID=129cf440-9aa6-4f56-b440-e84d0b76b9e5, command=[]} | ret=SUCCESS |  
2019-08-29 09:39:57,154 | INFO  | SCMAudit | user=jenkins1000 | ip=192.168.69.87 | op=SEND_HEARTBEAT {datanodeUUID=44638b28-be06-4149-9a11-87ab58c8e022, command=[]} | ret=SUCCESS |  
2019-08-29 09:39:57,267 | INFO  | SCMAudit | user=jenkins1000 | ip=192.168.69.87 | op=SEND_HEARTBEAT {datanodeUUID=73941da8-7b3a-43e7-8aff-0a9367598152, command=[]} | ret=SUCCESS |  
2019-08-29 09:39:57,339 | INFO  | SCMAudit | user=jenkins1000 | ip=192.168.69.87 | op=SEND_HEARTBEAT {datanodeUUID=c6f9d398-2eae-4a63-879f-a1d1bc55d1b3, command=[]} | ret=SUCCESS |  
2019-08-29 09:39:57,532 | INFO  | SCMAudit | user=jenkins1000 | ip=192.168.69.87 | op=SEND_HEARTBEAT {datanodeUUID=7a2e5536-d576-4bf3-9dec-9e4177d66979, command=[]} | ret=SUCCESS |  
2019-08-29 09:39:57,760 | INFO  | SCMAudit | user=jenkins1000 | ip=192.168.69.87 | op=SEND_HEARTBEAT {datanodeUUID=c8986603-afcd-4cf8-afcf-c6b45c0b43cc, command=[]} | ret=SUCCESS |  
2019-08-29 09:39:57,796 | INFO  | SCMAudit | user=jenkins1000 | ip=192.168.69.87 | op=SEND_HEARTBEAT {datanodeUUID=31202bf3-e3ef-401b-98b9-369e6d4f3507, command=[]} | ret=SUCCESS |  
2019-08-29 09:39:57,813 | INFO  | SCMAudit | user=jenkins1000 | ip=192.168.69.87 | op=SEND_HEARTBEAT {datanodeUUID=129cf440-9aa6-4f56-b440-e84d0b76b9e5, command=[]} | ret=SUCCESS |  
2019-08-29 09:39:58,155 | INFO  | SCMAudit | user=jenkins1000 | ip=192.168.69.87 | op=SEND_HEARTBEAT {datanodeUUID=44638b28-be06-4149-9a11-87ab58c8e022, command=[]} | ret=SUCCESS |  
2019-08-29 09:39:58,266 | INFO  | SCMAudit | user=jenkins1000 | ip=192.168.69.87 | op=SEND_HEARTBEAT {datanodeUUID=73941da8-7b3a-43e7-8aff-0a9367598152, command=[]} | ret=SUCCESS |  
2019-08-29 09:39:58,338 | INFO  | SCMAudit | user=jenkins1000 | ip=192.168.69.87 | op=SEND_HEARTBEAT {datanodeUUID=c6f9d398-2eae-4a63-879f-a1d1bc55d1b3, command=[]} | ret=SUCCESS |  
2019-08-29 09:39:58,532 | INFO  | SCMAudit | user=jenkins1000 | ip=192.168.69.87 | op=SEND_HEARTBEAT {datanodeUUID=7a2e5536-d576-4bf3-9dec-9e4177d66979, command=[]} | ret=SUCCESS |  
2019-08-29 09:39:58,760 | INFO  | SCMAudit | user=jenkins1000 | ip=192.168.69.87 | op=SEND_HEARTBEAT {datanodeUUID=c8986603-afcd-4cf8-afcf-c6b45c0b43cc, command=[]} | ret=SUCCESS |  
2019-08-29 09:39:58,796 | INFO  | SCMAudit | user=jenkins1000 | ip=192.168.69.87 | op=SEND_HEARTBEAT {datanodeUUID=31202bf3-e3ef-401b-98b9-369e6d4f3507, command=[]} | ret=SUCCESS |  
2019-08-29 09:39:58,814 | INFO  | SCMAudit | user=jenkins1000 | ip=192.168.69.87 | op=SEND_HEARTBEAT {datanodeUUID=129cf440-9aa6-4f56-b440-e84d0b76b9e5, command=[]} | ret=SUCCESS |  
2019-08-29 09:39:59,154 | INFO  | SCMAudit | user=jenkins1000 | ip=192.168.69.87 | op=SEND_HEARTBEAT {datanodeUUID=44638b28-be06-4149-9a11-87ab58c8e022, command=[]} | ret=SUCCESS |  
2019-08-29 09:39:59,266 | INFO  | SCMAudit | user=jenkins1000 | ip=192.168.69.87 | op=SEND_HEARTBEAT {datanodeUUID=73941da8-7b3a-43e7-8aff-0a9367598152, command=[]} | ret=SUCCESS |  
2019-08-29 09:39:59,338 | INFO  | SCMAudit | user=jenkins1000 | ip=192.168.69.87 | op=SEND_HEARTBEAT {datanodeUUID=c6f9d398-2eae-4a63-879f-a1d1bc55d1b3, command=[]} | ret=SUCCESS |  
2019-08-29 09:39:59,533 | INFO  | SCMAudit | user=jenkins1000 | ip=192.168.69.87 | op=SEND_HEARTBEAT {datanodeUUID=7a2e5536-d576-4bf3-9dec-9e4177d66979, command=[]} | ret=SUCCESS |  
2019-08-29 09:39:59,761 | INFO  | SCMAudit | user=jenkins1000 | ip=192.168.69.87 | op=SEND_HEARTBEAT {datanodeUUID=c8986603-afcd-4cf8-afcf-c6b45c0b43cc, command=[]} | ret=SUCCESS |  
2019-08-29 09:39:59,796 | INFO  | SCMAudit | user=jenkins1000 | ip=192.168.69.87 | op=SEND_HEARTBEAT {datanodeUUID=31202bf3-e3ef-401b-98b9-369e6d4f3507, command=[]} | ret=SUCCESS |  
2019-08-29 09:39:59,811 [grpc-default-executor-2] INFO  client.GrpcClientProtocolClient (GrpcClientProtocolClient.java:onNext(255)) - client-166A520B6E3C->31202bf3-e3ef-401b-98b9-369e6d4f3507: receive RaftClientReply:client-166A520B6E3C->31202bf3-e3ef-401b-98b9-369e6d4f3507@group-7FC7981111D6, cid=45, FAILED org.apache.ratis.protocol.NotLeaderException: Server 31202bf3-e3ef-401b-98b9-369e6d4f3507 is not the leader (c8986603-afcd-4cf8-afcf-c6b45c0b43cc:192.168.69.87:46863). Request must be sent to leader., logIndex=0, commits[31202bf3-e3ef-401b-98b9-369e6d4f3507:c8, c8986603-afcd-4cf8-afcf-c6b45c0b43cc:c8, 129cf440-9aa6-4f56-b440-e84d0b76b9e5:c8]
2019-08-29 09:39:59,819 | INFO  | SCMAudit | user=jenkins1000 | ip=192.168.69.87 | op=SEND_HEARTBEAT {datanodeUUID=129cf440-9aa6-4f56-b440-e84d0b76b9e5, command=[]} | ret=SUCCESS |  
2019-08-29 09:40:00,155 | INFO  | SCMAudit | user=jenkins1000 | ip=192.168.69.87 | op=SEND_HEARTBEAT {datanodeUUID=44638b28-be06-4149-9a11-87ab58c8e022, command=[]} | ret=SUCCESS |  
2019-08-29 09:40:00,267 | INFO  | SCMAudit | user=jenkins1000 | ip=192.168.69.87 | op=SEND_HEARTBEAT {datanodeUUID=73941da8-7b3a-43e7-8aff-0a9367598152, command=[]} | ret=SUCCESS |  
2019-08-29 09:40:00,339 | INFO  | SCMAudit | user=jenkins1000 | ip=192.168.69.87 | op=SEND_HEARTBEAT {datanodeUUID=c6f9d398-2eae-4a63-879f-a1d1bc55d1b3, command=[]} | ret=SUCCESS |  
2019-08-29 09:40:00,534 | INFO  | SCMAudit | user=jenkins1000 | ip=192.168.69.87 | op=SEND_HEARTBEAT {datanodeUUID=7a2e5536-d576-4bf3-9dec-9e4177d66979, command=[]} | ret=SUCCESS |  
2019-08-29 09:40:00,762 | INFO  | SCMAudit | user=jenkins1000 | ip=192.168.69.87 | op=SEND_HEARTBEAT {datanodeUUID=c8986603-afcd-4cf8-afcf-c6b45c0b43cc, command=[]} | ret=SUCCESS |  
2019-08-29 09:40:00,796 | INFO  | SCMAudit | user=jenkins1000 | ip=192.168.69.87 | op=SEND_HEARTBEAT {datanodeUUID=31202bf3-e3ef-401b-98b9-369e6d4f3507, command=[]} | ret=SUCCESS |  
2019-08-29 09:40:00,815 | INFO  | SCMAudit | user=jenkins1000 | ip=192.168.69.87 | op=SEND_HEARTBEAT {datanodeUUID=129cf440-9aa6-4f56-b440-e84d0b76b9e5, command=[]} | ret=SUCCESS |  
2019-08-29 09:40:01,154 | INFO  | SCMAudit | user=jenkins1000 | ip=192.168.69.87 | op=SEND_HEARTBEAT {datanodeUUID=44638b28-be06-4149-9a11-87ab58c8e022, command=[]} | ret=SUCCESS |  
2019-08-29 09:40:01,266 | INFO  | SCMAudit | user=jenkins1000 | ip=192.168.69.87 | op=SEND_HEARTBEAT {datanodeUUID=73941da8-7b3a-43e7-8aff-0a9367598152, command=[]} | ret=SUCCESS |  
2019-08-29 09:40:01,339 | INFO  | SCMAudit | user=jenkins1000 | ip=192.168.69.87 | op=SEND_HEARTBEAT {datanodeUUID=c6f9d398-2eae-4a63-879f-a1d1bc55d1b3, command=[]} | ret=SUCCESS |  
2019-08-29 09:40:01,533 | INFO  | SCMAudit | user=jenkins1000 | ip=192.168.69.87 | op=SEND_HEARTBEAT {datanodeUUID=7a2e5536-d576-4bf3-9dec-9e4177d66979, command=[]} | ret=SUCCESS |  
2019-08-29 09:40:01,761 | INFO  | SCMAudit | user=jenkins1000 | ip=192.168.69.87 | op=SEND_HEARTBEAT {datanodeUUID=c8986603-afcd-4cf8-afcf-c6b45c0b43cc, command=[]} | ret=SUCCESS |  
2019-08-29 09:40:01,797 | INFO  | SCMAudit | user=jenkins1000 | ip=192.168.69.87 | op=SEND_HEARTBEAT {datanodeUUID=31202bf3-e3ef-401b-98b9-369e6d4f3507, command=[]} | ret=SUCCESS |  
2019-08-29 09:40:01,815 | INFO  | SCMAudit | user=jenkins1000 | ip=192.168.69.87 | op=SEND_HEARTBEAT {datanodeUUID=129cf440-9aa6-4f56-b440-e84d0b76b9e5, command=[]} | ret=SUCCESS |  
2019-08-29 09:40:02,154 | INFO  | SCMAudit | user=jenkins1000 | ip=192.168.69.87 | op=SEND_HEARTBEAT {datanodeUUID=44638b28-be06-4149-9a11-87ab58c8e022, command=[]} | ret=SUCCESS |  
2019-08-29 09:40:02,266 | INFO  | SCMAudit | user=jenkins1000 | ip=192.168.69.87 | op=SEND_HEARTBEAT {datanodeUUID=73941da8-7b3a-43e7-8aff-0a9367598152, command=[]} | ret=SUCCESS |  
2019-08-29 09:40:02,340 | INFO  | SCMAudit | user=jenkins1000 | ip=192.168.69.87 | op=SEND_HEARTBEAT {datanodeUUID=c6f9d398-2eae-4a63-879f-a1d1bc55d1b3, command=[]} | ret=SUCCESS |  
2019-08-29 09:40:02,534 | INFO  | SCMAudit | user=jenkins1000 | ip=192.168.69.87 | op=SEND_HEARTBEAT {datanodeUUID=7a2e5536-d576-4bf3-9dec-9e4177d66979, command=[]} | ret=SUCCESS |  
2019-08-29 09:40:02,761 | INFO  | SCMAudit | user=jenkins1000 | ip=192.168.69.87 | op=SEND_HEARTBEAT {datanodeUUID=c8986603-afcd-4cf8-afcf-c6b45c0b43cc, command=[]} | ret=SUCCESS |  
2019-08-29 09:40:02,797 | INFO  | SCMAudit | user=jenkins1000 | ip=192.168.69.87 | op=SEND_HEARTBEAT {datanodeUUID=31202bf3-e3ef-401b-98b9-369e6d4f3507, command=[]} | ret=SUCCESS |  
2019-08-29 09:40:02,815 | INFO  | SCMAudit | user=jenkins1000 | ip=192.168.69.87 | op=SEND_HEARTBEAT {datanodeUUID=129cf440-9aa6-4f56-b440-e84d0b76b9e5, command=[]} | ret=SUCCESS |  
2019-08-29 09:40:03,155 | INFO  | SCMAudit | user=jenkins1000 | ip=192.168.69.87 | op=SEND_HEARTBEAT {datanodeUUID=44638b28-be06-4149-9a11-87ab58c8e022, command=[]} | ret=SUCCESS |  
2019-08-29 09:40:03,267 | INFO  | SCMAudit | user=jenkins1000 | ip=192.168.69.87 | op=SEND_HEARTBEAT {datanodeUUID=73941da8-7b3a-43e7-8aff-0a9367598152, command=[]} | ret=SUCCESS |  
2019-08-29 09:40:03,339 | INFO  | SCMAudit | user=jenkins1000 | ip=192.168.69.87 | op=SEND_HEARTBEAT {datanodeUUID=c6f9d398-2eae-4a63-879f-a1d1bc55d1b3, command=[]} | ret=SUCCESS |  
2019-08-29 09:40:03,533 | INFO  | SCMAudit | user=jenkins1000 | ip=192.168.69.87 | op=SEND_HEARTBEAT {datanodeUUID=7a2e5536-d576-4bf3-9dec-9e4177d66979, command=[]} | ret=SUCCESS |  
2019-08-29 09:40:03,762 | INFO  | SCMAudit | user=jenkins1000 | ip=192.168.69.87 | op=SEND_HEARTBEAT {datanodeUUID=c8986603-afcd-4cf8-afcf-c6b45c0b43cc, command=[]} | ret=SUCCESS |  
2019-08-29 09:40:03,797 | INFO  | SCMAudit | user=jenkins1000 | ip=192.168.69.87 | op=SEND_HEARTBEAT {datanodeUUID=31202bf3-e3ef-401b-98b9-369e6d4f3507, command=[]} | ret=SUCCESS |  
2019-08-29 09:40:03,815 | INFO  | SCMAudit | user=jenkins1000 | ip=192.168.69.87 | op=SEND_HEARTBEAT {datanodeUUID=129cf440-9aa6-4f56-b440-e84d0b76b9e5, command=[]} | ret=SUCCESS |  
2019-08-29 09:40:04,155 | INFO  | SCMAudit | user=jenkins1000 | ip=192.168.69.87 | op=SEND_HEARTBEAT {datanodeUUID=44638b28-be06-4149-9a11-87ab58c8e022, command=[]} | ret=SUCCESS |  
2019-08-29 09:40:04,267 | INFO  | SCMAudit | user=jenkins1000 | ip=192.168.69.87 | op=SEND_HEARTBEAT {datanodeUUID=73941da8-7b3a-43e7-8aff-0a9367598152, command=[]} | ret=SUCCESS |  
2019-08-29 09:40:04,339 | INFO  | SCMAudit | user=jenkins1000 | ip=192.168.69.87 | op=SEND_HEARTBEAT {datanodeUUID=c6f9d398-2eae-4a63-879f-a1d1bc55d1b3, command=[]} | ret=SUCCESS |  
2019-08-29 09:40:04,534 | INFO  | SCMAudit | user=jenkins1000 | ip=192.168.69.87 | op=SEND_HEARTBEAT {datanodeUUID=7a2e5536-d576-4bf3-9dec-9e4177d66979, command=[]} | ret=SUCCESS |  
2019-08-29 09:40:04,761 | INFO  | SCMAudit | user=jenkins1000 | ip=192.168.69.87 | op=SEND_HEARTBEAT {datanodeUUID=c8986603-afcd-4cf8-afcf-c6b45c0b43cc, command=[]} | ret=SUCCESS |  
2019-08-29 09:40:04,797 | INFO  | SCMAudit | user=jenkins1000 | ip=192.168.69.87 | op=SEND_HEARTBEAT {datanodeUUID=31202bf3-e3ef-401b-98b9-369e6d4f3507, command=[]} | ret=SUCCESS |  
2019-08-29 09:40:04,815 | INFO  | SCMAudit | user=jenkins1000 | ip=192.168.69.87 | op=SEND_HEARTBEAT {datanodeUUID=129cf440-9aa6-4f56-b440-e84d0b76b9e5, command=[]} | ret=SUCCESS |  
2019-08-29 09:40:04,845 [grpc-default-executor-6] INFO  client.GrpcClientProtocolClient (GrpcClientProtocolClient.java:onNext(255)) - client-166A520B6E3C->129cf440-9aa6-4f56-b440-e84d0b76b9e5: receive RaftClientReply:client-166A520B6E3C->129cf440-9aa6-4f56-b440-e84d0b76b9e5@group-7FC7981111D6, cid=45, FAILED org.apache.ratis.protocol.NotLeaderException: Server 129cf440-9aa6-4f56-b440-e84d0b76b9e5 is not the leader (c8986603-afcd-4cf8-afcf-c6b45c0b43cc:192.168.69.87:46863). Request must be sent to leader., logIndex=0, commits[129cf440-9aa6-4f56-b440-e84d0b76b9e5:c8, c8986603-afcd-4cf8-afcf-c6b45c0b43cc:c8, 31202bf3-e3ef-401b-98b9-369e6d4f3507:c8]
2019-08-29 09:40:05,155 | INFO  | SCMAudit | user=jenkins1000 | ip=192.168.69.87 | op=SEND_HEARTBEAT {datanodeUUID=44638b28-be06-4149-9a11-87ab58c8e022, command=[]} | ret=SUCCESS |  
2019-08-29 09:40:05,267 | INFO  | SCMAudit | user=jenkins1000 | ip=192.168.69.87 | op=SEND_HEARTBEAT {datanodeUUID=73941da8-7b3a-43e7-8aff-0a9367598152, command=[]} | ret=SUCCESS |  
2019-08-29 09:40:05,339 | INFO  | SCMAudit | user=jenkins1000 | ip=192.168.69.87 | op=SEND_HEARTBEAT {datanodeUUID=c6f9d398-2eae-4a63-879f-a1d1bc55d1b3, command=[]} | ret=SUCCESS |  
2019-08-29 09:40:05,533 | INFO  | SCMAudit | user=jenkins1000 | ip=192.168.69.87 | op=SEND_HEARTBEAT {datanodeUUID=7a2e5536-d576-4bf3-9dec-9e4177d66979, command=[]} | ret=SUCCESS |  
2019-08-29 09:40:05,762 | INFO  | SCMAudit | user=jenkins1000 | ip=192.168.69.87 | op=SEND_HEARTBEAT {datanodeUUID=c8986603-afcd-4cf8-afcf-c6b45c0b43cc, command=[]} | ret=SUCCESS |  
2019-08-29 09:40:05,797 | INFO  | SCMAudit | user=jenkins1000 | ip=192.168.69.87 | op=SEND_HEARTBEAT {datanodeUUID=31202bf3-e3ef-401b-98b9-369e6d4f3507, command=[]} | ret=SUCCESS |  
2019-08-29 09:40:05,815 | INFO  | SCMAudit | user=jenkins1000 | ip=192.168.69.87 | op=SEND_HEARTBEAT {datanodeUUID=129cf440-9aa6-4f56-b440-e84d0b76b9e5, command=[]} | ret=SUCCESS |  
2019-08-29 09:40:06,156 | INFO  | SCMAudit | user=jenkins1000 | ip=192.168.69.87 | op=SEND_HEARTBEAT {datanodeUUID=44638b28-be06-4149-9a11-87ab58c8e022, command=[]} | ret=SUCCESS |  
2019-08-29 09:40:06,268 | INFO  | SCMAudit | user=jenkins1000 | ip=192.168.69.87 | op=SEND_HEARTBEAT {datanodeUUID=73941da8-7b3a-43e7-8aff-0a9367598152, command=[]} | ret=SUCCESS |  
2019-08-29 09:40:06,340 | INFO  | SCMAudit | user=jenkins1000 | ip=192.168.69.87 | op=SEND_HEARTBEAT {datanodeUUID=c6f9d398-2eae-4a63-879f-a1d1bc55d1b3, command=[]} | ret=SUCCESS |  
2019-08-29 09:40:06,533 | INFO  | SCMAudit | user=jenkins1000 | ip=192.168.69.87 | op=SEND_HEARTBEAT {datanodeUUID=7a2e5536-d576-4bf3-9dec-9e4177d66979, command=[]} | ret=SUCCESS |  
2019-08-29 09:40:06,761 | INFO  | SCMAudit | user=jenkins1000 | ip=192.168.69.87 | op=SEND_HEARTBEAT {datanodeUUID=c8986603-afcd-4cf8-afcf-c6b45c0b43cc, command=[]} | ret=SUCCESS |  
2019-08-29 09:40:06,798 | INFO  | SCMAudit | user=jenkins1000 | ip=192.168.69.87 | op=SEND_HEARTBEAT {datanodeUUID=31202bf3-e3ef-401b-98b9-369e6d4f3507, command=[]} | ret=SUCCESS |  
2019-08-29 09:40:06,815 | INFO  | SCMAudit | user=jenkins1000 | ip=192.168.69.87 | op=SEND_HEARTBEAT {datanodeUUID=129cf440-9aa6-4f56-b440-e84d0b76b9e5, command=[]} | ret=SUCCESS |  
2019-08-29 09:40:07,155 | INFO  | SCMAudit | user=jenkins1000 | ip=192.168.69.87 | op=SEND_HEARTBEAT {datanodeUUID=44638b28-be06-4149-9a11-87ab58c8e022, command=[]} | ret=SUCCESS |  
2019-08-29 09:40:07,267 | INFO  | SCMAudit | user=jenkins1000 | ip=192.168.69.87 | op=SEND_HEARTBEAT {datanodeUUID=73941da8-7b3a-43e7-8aff-0a9367598152, command=[]} | ret=SUCCESS |  
2019-08-29 09:40:07,339 | INFO  | SCMAudit | user=jenkins1000 | ip=192.168.69.87 | op=SEND_HEARTBEAT {datanodeUUID=c6f9d398-2eae-4a63-879f-a1d1bc55d1b3, command=[]} | ret=SUCCESS |  
2019-08-29 09:40:07,534 | INFO  | SCMAudit | user=jenkins1000 | ip=192.168.69.87 | op=SEND_HEARTBEAT {datanodeUUID=7a2e5536-d576-4bf3-9dec-9e4177d66979, command=[]} | ret=SUCCESS |  
2019-08-29 09:40:07,761 | INFO  | SCMAudit | user=jenkins1000 | ip=192.168.69.87 | op=SEND_HEARTBEAT {datanodeUUID=c8986603-afcd-4cf8-afcf-c6b45c0b43cc, command=[]} | ret=SUCCESS |  
2019-08-29 09:40:07,798 | INFO  | SCMAudit | user=jenkins1000 | ip=192.168.69.87 | op=SEND_HEARTBEAT {datanodeUUID=31202bf3-e3ef-401b-98b9-369e6d4f3507, command=[]} | ret=SUCCESS |  
2019-08-29 09:40:07,815 | INFO  | SCMAudit | user=jenkins1000 | ip=192.168.69.87 | op=SEND_HEARTBEAT {datanodeUUID=129cf440-9aa6-4f56-b440-e84d0b76b9e5, command=[]} | ret=SUCCESS |  
2019-08-29 09:40:08,155 | INFO  | SCMAudit | user=jenkins1000 | ip=192.168.69.87 | op=SEND_HEARTBEAT {datanodeUUID=44638b28-be06-4149-9a11-87ab58c8e022, command=[]} | ret=SUCCESS |  
2019-08-29 09:40:08,267 | INFO  | SCMAudit | user=jenkins1000 | ip=192.168.69.87 | op=SEND_HEARTBEAT {datanodeUUID=73941da8-7b3a-43e7-8aff-0a9367598152, command=[]} | ret=SUCCESS |  
2019-08-29 09:40:08,339 | INFO  | SCMAudit | user=jenkins1000 | ip=192.168.69.87 | op=SEND_HEARTBEAT {datanodeUUID=c6f9d398-2eae-4a63-879f-a1d1bc55d1b3, command=[]} | ret=SUCCESS |  
2019-08-29 09:40:08,533 | INFO  | SCMAudit | user=jenkins1000 | ip=192.168.69.87 | op=SEND_HEARTBEAT {datanodeUUID=7a2e5536-d576-4bf3-9dec-9e4177d66979, command=[]} | ret=SUCCESS |  
2019-08-29 09:40:08,762 | INFO  | SCMAudit | user=jenkins1000 | ip=192.168.69.87 | op=SEND_HEARTBEAT {datanodeUUID=c8986603-afcd-4cf8-afcf-c6b45c0b43cc, command=[]} | ret=SUCCESS |  
2019-08-29 09:40:08,798 | INFO  | SCMAudit | user=jenkins1000 | ip=192.168.69.87 | op=SEND_HEARTBEAT {datanodeUUID=31202bf3-e3ef-401b-98b9-369e6d4f3507, command=[]} | ret=SUCCESS |  
2019-08-29 09:40:08,815 | INFO  | SCMAudit | user=jenkins1000 | ip=192.168.69.87 | op=SEND_HEARTBEAT {datanodeUUID=129cf440-9aa6-4f56-b440-e84d0b76b9e5, command=[]} | ret=SUCCESS |  
2019-08-29 09:40:09,156 | INFO  | SCMAudit | user=jenkins1000 | ip=192.168.69.87 | op=SEND_HEARTBEAT {datanodeUUID=44638b28-be06-4149-9a11-87ab58c8e022, command=[]} | ret=SUCCESS |  
2019-08-29 09:40:09,267 | INFO  | SCMAudit | user=jenkins1000 | ip=192.168.69.87 | op=SEND_HEARTBEAT {datanodeUUID=73941da8-7b3a-43e7-8aff-0a9367598152, command=[]} | ret=SUCCESS |  
2019-08-29 09:40:09,339 | INFO  | SCMAudit | user=jenkins1000 | ip=192.168.69.87 | op=SEND_HEARTBEAT {datanodeUUID=c6f9d398-2eae-4a63-879f-a1d1bc55d1b3, command=[]} | ret=SUCCESS |  
2019-08-29 09:40:09,534 | INFO  | SCMAudit | user=jenkins1000 | ip=192.168.69.87 | op=SEND_HEARTBEAT {datanodeUUID=7a2e5536-d576-4bf3-9dec-9e4177d66979, command=[]} | ret=SUCCESS |  
2019-08-29 09:40:09,762 | INFO  | SCMAudit | user=jenkins1000 | ip=192.168.69.87 | op=SEND_HEARTBEAT {datanodeUUID=c8986603-afcd-4cf8-afcf-c6b45c0b43cc, command=[]} | ret=SUCCESS |  
2019-08-29 09:40:09,798 | INFO  | SCMAudit | user=jenkins1000 | ip=192.168.69.87 | op=SEND_HEARTBEAT {datanodeUUID=31202bf3-e3ef-401b-98b9-369e6d4f3507, command=[]} | ret=SUCCESS |  
2019-08-29 09:40:09,815 | INFO  | SCMAudit | user=jenkins1000 | ip=192.168.69.87 | op=SEND_HEARTBEAT {datanodeUUID=129cf440-9aa6-4f56-b440-e84d0b76b9e5, command=[]} | ret=SUCCESS |  
2019-08-29 09:40:09,898 [grpc-default-executor-6] INFO  client.GrpcClientProtocolClient (GrpcClientProtocolClient.java:onNext(255)) - client-166A520B6E3C->129cf440-9aa6-4f56-b440-e84d0b76b9e5: receive RaftClientReply:client-166A520B6E3C->129cf440-9aa6-4f56-b440-e84d0b76b9e5@group-7FC7981111D6, cid=45, FAILED org.apache.ratis.protocol.NotLeaderException: Server 129cf440-9aa6-4f56-b440-e84d0b76b9e5 is not the leader (c8986603-afcd-4cf8-afcf-c6b45c0b43cc:192.168.69.87:46863). Request must be sent to leader., logIndex=0, commits[129cf440-9aa6-4f56-b440-e84d0b76b9e5:c8, c8986603-afcd-4cf8-afcf-c6b45c0b43cc:c8, 31202bf3-e3ef-401b-98b9-369e6d4f3507:c8]
2019-08-29 09:40:10,156 | INFO  | SCMAudit | user=jenkins1000 | ip=192.168.69.87 | op=SEND_HEARTBEAT {datanodeUUID=44638b28-be06-4149-9a11-87ab58c8e022, command=[]} | ret=SUCCESS |  
2019-08-29 09:40:10,267 | INFO  | SCMAudit | user=jenkins1000 | ip=192.168.69.87 | op=SEND_HEARTBEAT {datanodeUUID=73941da8-7b3a-43e7-8aff-0a9367598152, command=[]} | ret=SUCCESS |  
2019-08-29 09:40:10,340 | INFO  | SCMAudit | user=jenkins1000 | ip=192.168.69.87 | op=SEND_HEARTBEAT {datanodeUUID=c6f9d398-2eae-4a63-879f-a1d1bc55d1b3, command=[]} | ret=SUCCESS |  
2019-08-29 09:40:10,533 | INFO  | SCMAudit | user=jenkins1000 | ip=192.168.69.87 | op=SEND_HEARTBEAT {datanodeUUID=7a2e5536-d576-4bf3-9dec-9e4177d66979, command=[]} | ret=SUCCESS |  
2019-08-29 09:40:10,763 | INFO  | SCMAudit | user=jenkins1000 | ip=192.168.69.87 | op=SEND_HEARTBEAT {datanodeUUID=c8986603-afcd-4cf8-afcf-c6b45c0b43cc, command=[]} | ret=SUCCESS |  
2019-08-29 09:40:10,798 | INFO  | SCMAudit | user=jenkins1000 | ip=192.168.69.87 | op=SEND_HEARTBEAT {datanodeUUID=31202bf3-e3ef-401b-98b9-369e6d4f3507, command=[]} | ret=SUCCESS |  
2019-08-29 09:40:10,816 | INFO  | SCMAudit | user=jenkins1000 | ip=192.168.69.87 | op=SEND_HEARTBEAT {datanodeUUID=129cf440-9aa6-4f56-b440-e84d0b76b9e5, command=[]} | ret=SUCCESS |  
2019-08-29 09:40:11,155 | INFO  | SCMAudit | user=jenkins1000 | ip=192.168.69.87 | op=SEND_HEARTBEAT {datanodeUUID=44638b28-be06-4149-9a11-87ab58c8e022, command=[]} | ret=SUCCESS |  
2019-08-29 09:40:11,267 | INFO  | SCMAudit | user=jenkins1000 | ip=192.168.69.87 | op=SEND_HEARTBEAT {datanodeUUID=73941da8-7b3a-43e7-8aff-0a9367598152, command=[]} | ret=SUCCESS |  
2019-08-29 09:40:11,339 | INFO  | SCMAudit | user=jenkins1000 | ip=192.168.69.87 | op=SEND_HEARTBEAT {datanodeUUID=c6f9d398-2eae-4a63-879f-a1d1bc55d1b3, command=[]} | ret=SUCCESS |  
2019-08-29 09:40:11,533 | INFO  | SCMAudit | user=jenkins1000 | ip=192.168.69.87 | op=SEND_HEARTBEAT {datanodeUUID=7a2e5536-d576-4bf3-9dec-9e4177d66979, command=[]} | ret=SUCCESS |  
2019-08-29 09:40:11,762 | INFO  | SCMAudit | user=jenkins1000 | ip=192.168.69.87 | op=SEND_HEARTBEAT {datanodeUUID=c8986603-afcd-4cf8-afcf-c6b45c0b43cc, command=[]} | ret=SUCCESS |  
2019-08-29 09:40:11,798 | INFO  | SCMAudit | user=jenkins1000 | ip=192.168.69.87 | op=SEND_HEARTBEAT {datanodeUUID=31202bf3-e3ef-401b-98b9-369e6d4f3507, command=[]} | ret=SUCCESS |  
2019-08-29 09:40:11,816 | INFO  | SCMAudit | user=jenkins1000 | ip=192.168.69.87 | op=SEND_HEARTBEAT {datanodeUUID=129cf440-9aa6-4f56-b440-e84d0b76b9e5, command=[]} | ret=SUCCESS |  
2019-08-29 09:40:12,155 | INFO  | SCMAudit | user=jenkins1000 | ip=192.168.69.87 | op=SEND_HEARTBEAT {datanodeUUID=44638b28-be06-4149-9a11-87ab58c8e022, command=[]} | ret=SUCCESS |  
2019-08-29 09:40:12,268 | INFO  | SCMAudit | user=jenkins1000 | ip=192.168.69.87 | op=SEND_HEARTBEAT {datanodeUUID=73941da8-7b3a-43e7-8aff-0a9367598152, command=[]} | ret=SUCCESS |  
2019-08-29 09:40:12,339 | INFO  | SCMAudit | user=jenkins1000 | ip=192.168.69.87 | op=SEND_HEARTBEAT {datanodeUUID=c6f9d398-2eae-4a63-879f-a1d1bc55d1b3, command=[]} | ret=SUCCESS |  
2019-08-29 09:40:12,533 | INFO  | SCMAudit | user=jenkins1000 | ip=192.168.69.87 | op=SEND_HEARTBEAT {datanodeUUID=7a2e5536-d576-4bf3-9dec-9e4177d66979, command=[]} | ret=SUCCESS |  
2019-08-29 09:40:12,763 | INFO  | SCMAudit | user=jenkins1000 | ip=192.168.69.87 | op=SEND_HEARTBEAT {datanodeUUID=c8986603-afcd-4cf8-afcf-c6b45c0b43cc, command=[]} | ret=SUCCESS |  
2019-08-29 09:40:12,798 | INFO  | SCMAudit | user=jenkins1000 | ip=192.168.69.87 | op=SEND_HEARTBEAT {datanodeUUID=31202bf3-e3ef-401b-98b9-369e6d4f3507, command=[]} | ret=SUCCESS |  
2019-08-29 09:40:12,816 | INFO  | SCMAudit | user=jenkins1000 | ip=192.168.69.87 | op=SEND_HEARTBEAT {datanodeUUID=129cf440-9aa6-4f56-b440-e84d0b76b9e5, command=[]} | ret=SUCCESS |  
2019-08-29 09:40:13,155 | INFO  | SCMAudit | user=jenkins1000 | ip=192.168.69.87 | op=SEND_HEARTBEAT {datanodeUUID=44638b28-be06-4149-9a11-87ab58c8e022, command=[]} | ret=SUCCESS |  
2019-08-29 09:40:13,267 | INFO  | SCMAudit | user=jenkins1000 | ip=192.168.69.87 | op=SEND_HEARTBEAT {datanodeUUID=73941da8-7b3a-43e7-8aff-0a9367598152, command=[]} | ret=SUCCESS |  
2019-08-29 09:40:13,340 | INFO  | SCMAudit | user=jenkins1000 | ip=192.168.69.87 | op=SEND_HEARTBEAT {datanodeUUID=c6f9d398-2eae-4a63-879f-a1d1bc55d1b3, command=[]} | ret=SUCCESS |  
2019-08-29 09:40:13,534 | INFO  | SCMAudit | user=jenkins1000 | ip=192.168.69.87 | op=SEND_HEARTBEAT {datanodeUUID=7a2e5536-d576-4bf3-9dec-9e4177d66979, command=[]} | ret=SUCCESS |  
2019-08-29 09:40:13,762 | INFO  | SCMAudit | user=jenkins1000 | ip=192.168.69.87 | op=SEND_HEARTBEAT {datanodeUUID=c8986603-afcd-4cf8-afcf-c6b45c0b43cc, command=[]} | ret=SUCCESS |  
2019-08-29 09:40:13,798 | INFO  | SCMAudit | user=jenkins1000 | ip=192.168.69.87 | op=SEND_HEARTBEAT {datanodeUUID=31202bf3-e3ef-401b-98b9-369e6d4f3507, command=[]} | ret=SUCCESS |  
2019-08-29 09:40:13,816 | INFO  | SCMAudit | user=jenkins1000 | ip=192.168.69.87 | op=SEND_HEARTBEAT {datanodeUUID=129cf440-9aa6-4f56-b440-e84d0b76b9e5, command=[]} | ret=SUCCESS |  
2019-08-29 09:40:14,155 | INFO  | SCMAudit | user=jenkins1000 | ip=192.168.69.87 | op=SEND_HEARTBEAT {datanodeUUID=44638b28-be06-4149-9a11-87ab58c8e022, command=[]} | ret=SUCCESS |  
2019-08-29 09:40:14,267 | INFO  | SCMAudit | user=jenkins1000 | ip=192.168.69.87 | op=SEND_HEARTBEAT {datanodeUUID=73941da8-7b3a-43e7-8aff-0a9367598152, command=[]} | ret=SUCCESS |  
2019-08-29 09:40:14,341 | INFO  | SCMAudit | user=jenkins1000 | ip=192.168.69.87 | op=SEND_HEARTBEAT {datanodeUUID=c6f9d398-2eae-4a63-879f-a1d1bc55d1b3, command=[]} | ret=SUCCESS |  
2019-08-29 09:40:14,533 | INFO  | SCMAudit | user=jenkins1000 | ip=192.168.69.87 | op=SEND_HEARTBEAT {datanodeUUID=7a2e5536-d576-4bf3-9dec-9e4177d66979, command=[]} | ret=SUCCESS |  
2019-08-29 09:40:14,762 | INFO  | SCMAudit | user=jenkins1000 | ip=192.168.69.87 | op=SEND_HEARTBEAT {datanodeUUID=c8986603-afcd-4cf8-afcf-c6b45c0b43cc, command=[]} | ret=SUCCESS |  
2019-08-29 09:40:14,799 | INFO  | SCMAudit | user=jenkins1000 | ip=192.168.69.87 | op=SEND_HEARTBEAT {datanodeUUID=31202bf3-e3ef-401b-98b9-369e6d4f3507, command=[]} | ret=SUCCESS |  
2019-08-29 09:40:14,816 | INFO  | SCMAudit | user=jenkins1000 | ip=192.168.69.87 | op=SEND_HEARTBEAT {datanodeUUID=129cf440-9aa6-4f56-b440-e84d0b76b9e5, command=[]} | ret=SUCCESS |  
2019-08-29 09:40:14,946 [grpc-default-executor-2] INFO  client.GrpcClientProtocolClient (GrpcClientProtocolClient.java:onNext(255)) - client-166A520B6E3C->31202bf3-e3ef-401b-98b9-369e6d4f3507: receive RaftClientReply:client-166A520B6E3C->31202bf3-e3ef-401b-98b9-369e6d4f3507@group-7FC7981111D6, cid=45, FAILED org.apache.ratis.protocol.NotLeaderException: Server 31202bf3-e3ef-401b-98b9-369e6d4f3507 is not the leader (c8986603-afcd-4cf8-afcf-c6b45c0b43cc:192.168.69.87:46863). Request must be sent to leader., logIndex=0, commits[31202bf3-e3ef-401b-98b9-369e6d4f3507:c8, c8986603-afcd-4cf8-afcf-c6b45c0b43cc:c8, 129cf440-9aa6-4f56-b440-e84d0b76b9e5:c8]
2019-08-29 09:40:15,155 | INFO  | SCMAudit | user=jenkins1000 | ip=192.168.69.87 | op=SEND_HEARTBEAT {datanodeUUID=44638b28-be06-4149-9a11-87ab58c8e022, command=[]} | ret=SUCCESS |  
2019-08-29 09:40:15,267 | INFO  | SCMAudit | user=jenkins1000 | ip=192.168.69.87 | op=SEND_HEARTBEAT {datanodeUUID=73941da8-7b3a-43e7-8aff-0a9367598152, command=[]} | ret=SUCCESS |  
2019-08-29 09:40:15,341 | INFO  | SCMAudit | user=jenkins1000 | ip=192.168.69.87 | op=SEND_HEARTBEAT {datanodeUUID=c6f9d398-2eae-4a63-879f-a1d1bc55d1b3, command=[]} | ret=SUCCESS |  
2019-08-29 09:40:15,534 | INFO  | SCMAudit | user=jenkins1000 | ip=192.168.69.87 | op=SEND_HEARTBEAT {datanodeUUID=7a2e5536-d576-4bf3-9dec-9e4177d66979, command=[]} | ret=SUCCESS |  
2019-08-29 09:40:15,763 | INFO  | SCMAudit | user=jenkins1000 | ip=192.168.69.87 | op=SEND_HEARTBEAT {datanodeUUID=c8986603-afcd-4cf8-afcf-c6b45c0b43cc, command=[]} | ret=SUCCESS |  
2019-08-29 09:40:15,799 | INFO  | SCMAudit | user=jenkins1000 | ip=192.168.69.87 | op=SEND_HEARTBEAT {datanodeUUID=31202bf3-e3ef-401b-98b9-369e6d4f3507, command=[]} | ret=SUCCESS |  
2019-08-29 09:40:15,816 | INFO  | SCMAudit | user=jenkins1000 | ip=192.168.69.87 | op=SEND_HEARTBEAT {datanodeUUID=129cf440-9aa6-4f56-b440-e84d0b76b9e5, command=[]} | ret=SUCCESS |  
2019-08-29 09:40:16,156 | INFO  | SCMAudit | user=jenkins1000 | ip=192.168.69.87 | op=SEND_HEARTBEAT {datanodeUUID=44638b28-be06-4149-9a11-87ab58c8e022, command=[]} | ret=SUCCESS |  
2019-08-29 09:40:16,268 | INFO  | SCMAudit | user=jenkins1000 | ip=192.168.69.87 | op=SEND_HEARTBEAT {datanodeUUID=73941da8-7b3a-43e7-8aff-0a9367598152, command=[]} | ret=SUCCESS |  
2019-08-29 09:40:16,341 | INFO  | SCMAudit | user=jenkins1000 | ip=192.168.69.87 | op=SEND_HEARTBEAT {datanodeUUID=c6f9d398-2eae-4a63-879f-a1d1bc55d1b3, command=[]} | ret=SUCCESS |  
2019-08-29 09:40:16,533 | INFO  | SCMAudit | user=jenkins1000 | ip=192.168.69.87 | op=SEND_HEARTBEAT {datanodeUUID=7a2e5536-d576-4bf3-9dec-9e4177d66979, command=[]} | ret=SUCCESS |  
2019-08-29 09:40:16,762 | INFO  | SCMAudit | user=jenkins1000 | ip=192.168.69.87 | op=SEND_HEARTBEAT {datanodeUUID=c8986603-afcd-4cf8-afcf-c6b45c0b43cc, command=[]} | ret=SUCCESS |  
2019-08-29 09:40:16,799 | INFO  | SCMAudit | user=jenkins1000 | ip=192.168.69.87 | op=SEND_HEARTBEAT {datanodeUUID=31202bf3-e3ef-401b-98b9-369e6d4f3507, command=[]} | ret=SUCCESS |  
2019-08-29 09:40:16,816 | INFO  | SCMAudit | user=jenkins1000 | ip=192.168.69.87 | op=SEND_HEARTBEAT {datanodeUUID=129cf440-9aa6-4f56-b440-e84d0b76b9e5, command=[]} | ret=SUCCESS |  
2019-08-29 09:40:17,156 | INFO  | SCMAudit | user=jenkins1000 | ip=192.168.69.87 | op=SEND_HEARTBEAT {datanodeUUID=44638b28-be06-4149-9a11-87ab58c8e022, command=[]} | ret=SUCCESS |  
2019-08-29 09:40:17,267 | INFO  | SCMAudit | user=jenkins1000 | ip=192.168.69.87 | op=SEND_HEARTBEAT {datanodeUUID=73941da8-7b3a-43e7-8aff-0a9367598152, command=[]} | ret=SUCCESS |  
2019-08-29 09:40:17,342 | INFO  | SCMAudit | user=jenkins1000 | ip=192.168.69.87 | op=SEND_HEARTBEAT {datanodeUUID=c6f9d398-2eae-4a63-879f-a1d1bc55d1b3, command=[]} | ret=SUCCESS |  
2019-08-29 09:40:17,533 | INFO  | SCMAudit | user=jenkins1000 | ip=192.168.69.87 | op=SEND_HEARTBEAT {datanodeUUID=7a2e5536-d576-4bf3-9dec-9e4177d66979, command=[]} | ret=SUCCESS |  
2019-08-29 09:40:17,762 | INFO  | SCMAudit | user=jenkins1000 | ip=192.168.69.87 | op=SEND_HEARTBEAT {datanodeUUID=c8986603-afcd-4cf8-afcf-c6b45c0b43cc, command=[]} | ret=SUCCESS |  
2019-08-29 09:40:17,800 | INFO  | SCMAudit | user=jenkins1000 | ip=192.168.69.87 | op=SEND_HEARTBEAT {datanodeUUID=31202bf3-e3ef-401b-98b9-369e6d4f3507, command=[]} | ret=SUCCESS |  
2019-08-29 09:40:17,816 | INFO  | SCMAudit | user=jenkins1000 | ip=192.168.69.87 | op=SEND_HEARTBEAT {datanodeUUID=129cf440-9aa6-4f56-b440-e84d0b76b9e5, command=[]} | ret=SUCCESS |  
2019-08-29 09:40:18,157 | INFO  | SCMAudit | user=jenkins1000 | ip=192.168.69.87 | op=SEND_HEARTBEAT {datanodeUUID=44638b28-be06-4149-9a11-87ab58c8e022, command=[]} | ret=SUCCESS |  
2019-08-29 09:40:18,267 | INFO  | SCMAudit | user=jenkins1000 | ip=192.168.69.87 | op=SEND_HEARTBEAT {datanodeUUID=73941da8-7b3a-43e7-8aff-0a9367598152, command=[]} | ret=SUCCESS |  
2019-08-29 09:40:18,342 | INFO  | SCMAudit | user=jenkins1000 | ip=192.168.69.87 | op=SEND_HEARTBEAT {datanodeUUID=c6f9d398-2eae-4a63-879f-a1d1bc55d1b3, command=[]} | ret=SUCCESS |  
2019-08-29 09:40:18,534 | INFO  | SCMAudit | user=jenkins1000 | ip=192.168.69.87 | op=SEND_HEARTBEAT {datanodeUUID=7a2e5536-d576-4bf3-9dec-9e4177d66979, command=[]} | ret=SUCCESS |  
2019-08-29 09:40:18,763 | INFO  | SCMAudit | user=jenkins1000 | ip=192.168.69.87 | op=SEND_HEARTBEAT {datanodeUUID=c8986603-afcd-4cf8-afcf-c6b45c0b43cc, command=[]} | ret=SUCCESS |  
2019-08-29 09:40:18,800 | INFO  | SCMAudit | user=jenkins1000 | ip=192.168.69.87 | op=SEND_HEARTBEAT {datanodeUUID=31202bf3-e3ef-401b-98b9-369e6d4f3507, command=[]} | ret=SUCCESS |  
2019-08-29 09:40:18,816 | INFO  | SCMAudit | user=jenkins1000 | ip=192.168.69.87 | op=SEND_HEARTBEAT {datanodeUUID=129cf440-9aa6-4f56-b440-e84d0b76b9e5, command=[]} | ret=SUCCESS |  
2019-08-29 09:40:19,157 | INFO  | SCMAudit | user=jenkins1000 | ip=192.168.69.87 | op=SEND_HEARTBEAT {datanodeUUID=44638b28-be06-4149-9a11-87ab58c8e022, command=[]} | ret=SUCCESS |  
2019-08-29 09:40:19,268 | INFO  | SCMAudit | user=jenkins1000 | ip=192.168.69.87 | op=SEND_HEARTBEAT {datanodeUUID=73941da8-7b3a-43e7-8aff-0a9367598152, command=[]} | ret=SUCCESS |  
2019-08-29 09:40:19,342 | INFO  | SCMAudit | user=jenkins1000 | ip=192.168.69.87 | op=SEND_HEARTBEAT {datanodeUUID=c6f9d398-2eae-4a63-879f-a1d1bc55d1b3, command=[]} | ret=SUCCESS |  
2019-08-29 09:40:19,534 | INFO  | SCMAudit | user=jenkins1000 | ip=192.168.69.87 | op=SEND_HEARTBEAT {datanodeUUID=7a2e5536-d576-4bf3-9dec-9e4177d66979, command=[]} | ret=SUCCESS |  
2019-08-29 09:40:19,763 | INFO  | SCMAudit | user=jenkins1000 | ip=192.168.69.87 | op=SEND_HEARTBEAT {datanodeUUID=c8986603-afcd-4cf8-afcf-c6b45c0b43cc, command=[]} | ret=SUCCESS |  
2019-08-29 09:40:19,800 | INFO  | SCMAudit | user=jenkins1000 | ip=192.168.69.87 | op=SEND_HEARTBEAT {datanodeUUID=31202bf3-e3ef-401b-98b9-369e6d4f3507, command=[]} | ret=SUCCESS |  
2019-08-29 09:40:19,816 | INFO  | SCMAudit | user=jenkins1000 | ip=192.168.69.87 | op=SEND_HEARTBEAT {datanodeUUID=129cf440-9aa6-4f56-b440-e84d0b76b9e5, command=[]} | ret=SUCCESS |  
2019-08-29 09:40:19,987 [grpc-default-executor-6] INFO  client.GrpcClientProtocolClient (GrpcClientProtocolClient.java:onNext(255)) - client-166A520B6E3C->129cf440-9aa6-4f56-b440-e84d0b76b9e5: receive RaftClientReply:client-166A520B6E3C->129cf440-9aa6-4f56-b440-e84d0b76b9e5@group-7FC7981111D6, cid=45, FAILED org.apache.ratis.protocol.NotLeaderException: Server 129cf440-9aa6-4f56-b440-e84d0b76b9e5 is not the leader (c8986603-afcd-4cf8-afcf-c6b45c0b43cc:192.168.69.87:46863). Request must be sent to leader., logIndex=0, commits[129cf440-9aa6-4f56-b440-e84d0b76b9e5:c8, c8986603-afcd-4cf8-afcf-c6b45c0b43cc:c8, 31202bf3-e3ef-401b-98b9-369e6d4f3507:c8]
2019-08-29 09:40:20,157 | INFO  | SCMAudit | user=jenkins1000 | ip=192.168.69.87 | op=SEND_HEARTBEAT {datanodeUUID=44638b28-be06-4149-9a11-87ab58c8e022, command=[]} | ret=SUCCESS |  
2019-08-29 09:40:20,267 | INFO  | SCMAudit | user=jenkins1000 | ip=192.168.69.87 | op=SEND_HEARTBEAT {datanodeUUID=73941da8-7b3a-43e7-8aff-0a9367598152, command=[]} | ret=SUCCESS |  
2019-08-29 09:40:20,343 | INFO  | SCMAudit | user=jenkins1000 | ip=192.168.69.87 | op=SEND_HEARTBEAT {datanodeUUID=c6f9d398-2eae-4a63-879f-a1d1bc55d1b3, command=[]} | ret=SUCCESS |  
2019-08-29 09:40:20,535 | INFO  | SCMAudit | user=jenkins1000 | ip=192.168.69.87 | op=SEND_HEARTBEAT {datanodeUUID=7a2e5536-d576-4bf3-9dec-9e4177d66979, command=[]} | ret=SUCCESS |  
2019-08-29 09:40:20,764 | INFO  | SCMAudit | user=jenkins1000 | ip=192.168.69.87 | op=SEND_HEARTBEAT {datanodeUUID=c8986603-afcd-4cf8-afcf-c6b45c0b43cc, command=[]} | ret=SUCCESS |  
2019-08-29 09:40:20,800 | INFO  | SCMAudit | user=jenkins1000 | ip=192.168.69.87 | op=SEND_HEARTBEAT {datanodeUUID=31202bf3-e3ef-401b-98b9-369e6d4f3507, command=[]} | ret=SUCCESS |  
2019-08-29 09:40:20,816 | INFO  | SCMAudit | user=jenkins1000 | ip=192.168.69.87 | op=SEND_HEARTBEAT {datanodeUUID=129cf440-9aa6-4f56-b440-e84d0b76b9e5, command=[]} | ret=SUCCESS |  
2019-08-29 09:40:21,157 | INFO  | SCMAudit | user=jenkins1000 | ip=192.168.69.87 | op=SEND_HEARTBEAT {datanodeUUID=44638b28-be06-4149-9a11-87ab58c8e022, command=[]} | ret=SUCCESS |  
2019-08-29 09:40:21,267 | INFO  | SCMAudit | user=jenkins1000 | ip=192.168.69.87 | op=SEND_HEARTBEAT {datanodeUUID=73941da8-7b3a-43e7-8aff-0a9367598152, command=[]} | ret=SUCCESS |  
2019-08-29 09:40:21,342 | INFO  | SCMAudit | user=jenkins1000 | ip=192.168.69.87 | op=SEND_HEARTBEAT {datanodeUUID=c6f9d398-2eae-4a63-879f-a1d1bc55d1b3, command=[]} | ret=SUCCESS |  
2019-08-29 09:40:21,534 | INFO  | SCMAudit | user=jenkins1000 | ip=192.168.69.87 | op=SEND_HEARTBEAT {datanodeUUID=7a2e5536-d576-4bf3-9dec-9e4177d66979, command=[]} | ret=SUCCESS |  
2019-08-29 09:40:21,764 | INFO  | SCMAudit | user=jenkins1000 | ip=192.168.69.87 | op=SEND_HEARTBEAT {datanodeUUID=c8986603-afcd-4cf8-afcf-c6b45c0b43cc, command=[]} | ret=SUCCESS |  
2019-08-29 09:40:21,801 | INFO  | SCMAudit | user=jenkins1000 | ip=192.168.69.87 | op=SEND_HEARTBEAT {datanodeUUID=31202bf3-e3ef-401b-98b9-369e6d4f3507, command=[]} | ret=SUCCESS |  
2019-08-29 09:40:21,816 | INFO  | SCMAudit | user=jenkins1000 | ip=192.168.69.87 | op=SEND_HEARTBEAT {datanodeUUID=129cf440-9aa6-4f56-b440-e84d0b76b9e5, command=[]} | ret=SUCCESS |  
2019-08-29 09:40:22,157 | INFO  | SCMAudit | user=jenkins1000 | ip=192.168.69.87 | op=SEND_HEARTBEAT {datanodeUUID=44638b28-be06-4149-9a11-87ab58c8e022, command=[]} | ret=SUCCESS |  
2019-08-29 09:40:22,268 | INFO  | SCMAudit | user=jenkins1000 | ip=192.168.69.87 | op=SEND_HEARTBEAT {datanodeUUID=73941da8-7b3a-43e7-8aff-0a9367598152, command=[]} | ret=SUCCESS |  
2019-08-29 09:40:22,342 | INFO  | SCMAudit | user=jenkins1000 | ip=192.168.69.87 | op=SEND_HEARTBEAT {datanodeUUID=c6f9d398-2eae-4a63-879f-a1d1bc55d1b3, command=[]} | ret=SUCCESS |  
2019-08-29 09:40:22,534 | INFO  | SCMAudit | user=jenkins1000 | ip=192.168.69.87 | op=SEND_HEARTBEAT {datanodeUUID=7a2e5536-d576-4bf3-9dec-9e4177d66979, command=[]} | ret=SUCCESS |  
2019-08-29 09:40:22,764 | INFO  | SCMAudit | user=jenkins1000 | ip=192.168.69.87 | op=SEND_HEARTBEAT {datanodeUUID=c8986603-afcd-4cf8-afcf-c6b45c0b43cc, command=[]} | ret=SUCCESS |  
2019-08-29 09:40:22,800 | INFO  | SCMAudit | user=jenkins1000 | ip=192.168.69.87 | op=SEND_HEARTBEAT {datanodeUUID=31202bf3-e3ef-401b-98b9-369e6d4f3507, command=[]} | ret=SUCCESS |  
2019-08-29 09:40:22,816 | INFO  | SCMAudit | user=jenkins1000 | ip=192.168.69.87 | op=SEND_HEARTBEAT {datanodeUUID=129cf440-9aa6-4f56-b440-e84d0b76b9e5, command=[]} | ret=SUCCESS |  
2019-08-29 09:40:23,157 | INFO  | SCMAudit | user=jenkins1000 | ip=192.168.69.87 | op=SEND_HEARTBEAT {datanodeUUID=44638b28-be06-4149-9a11-87ab58c8e022, command=[]} | ret=SUCCESS |  
2019-08-29 09:40:23,267 | INFO  | SCMAudit | user=jenkins1000 | ip=192.168.69.87 | op=SEND_HEARTBEAT {datanodeUUID=73941da8-7b3a-43e7-8aff-0a9367598152, command=[]} | ret=SUCCESS |  
2019-08-29 09:40:23,342 | INFO  | SCMAudit | user=jenkins1000 | ip=192.168.69.87 | op=SEND_HEARTBEAT {datanodeUUID=c6f9d398-2eae-4a63-879f-a1d1bc55d1b3, command=[]} | ret=SUCCESS |  
2019-08-29 09:40:23,535 | INFO  | SCMAudit | user=jenkins1000 | ip=192.168.69.87 | op=SEND_HEARTBEAT {datanodeUUID=7a2e5536-d576-4bf3-9dec-9e4177d66979, command=[]} | ret=SUCCESS |  
2019-08-29 09:40:23,765 | INFO  | SCMAudit | user=jenkins1000 | ip=192.168.69.87 | op=SEND_HEARTBEAT {datanodeUUID=c8986603-afcd-4cf8-afcf-c6b45c0b43cc, command=[]} | ret=SUCCESS |  
2019-08-29 09:40:23,800 | INFO  | SCMAudit | user=jenkins1000 | ip=192.168.69.87 | op=SEND_HEARTBEAT {datanodeUUID=31202bf3-e3ef-401b-98b9-369e6d4f3507, command=[]} | ret=SUCCESS |  
2019-08-29 09:40:23,816 | INFO  | SCMAudit | user=jenkins1000 | ip=192.168.69.87 | op=SEND_HEARTBEAT {datanodeUUID=129cf440-9aa6-4f56-b440-e84d0b76b9e5, command=[]} | ret=SUCCESS |  
2019-08-29 09:40:24,157 | INFO  | SCMAudit | user=jenkins1000 | ip=192.168.69.87 | op=SEND_HEARTBEAT {datanodeUUID=44638b28-be06-4149-9a11-87ab58c8e022, command=[]} | ret=SUCCESS |  
2019-08-29 09:40:24,267 | INFO  | SCMAudit | user=jenkins1000 | ip=192.168.69.87 | op=SEND_HEARTBEAT {datanodeUUID=73941da8-7b3a-43e7-8aff-0a9367598152, command=[]} | ret=SUCCESS |  
2019-08-29 09:40:24,343 | INFO  | SCMAudit | user=jenkins1000 | ip=192.168.69.87 | op=SEND_HEARTBEAT {datanodeUUID=c6f9d398-2eae-4a63-879f-a1d1bc55d1b3, command=[]} | ret=SUCCESS |  
2019-08-29 09:40:24,534 | INFO  | SCMAudit | user=jenkins1000 | ip=192.168.69.87 | op=SEND_HEARTBEAT {datanodeUUID=7a2e5536-d576-4bf3-9dec-9e4177d66979, command=[]} | ret=SUCCESS |  
2019-08-29 09:40:24,765 | INFO  | SCMAudit | user=jenkins1000 | ip=192.168.69.87 | op=SEND_HEARTBEAT {datanodeUUID=c8986603-afcd-4cf8-afcf-c6b45c0b43cc, command=[]} | ret=SUCCESS |  
2019-08-29 09:40:24,800 | INFO  | SCMAudit | user=jenkins1000 | ip=192.168.69.87 | op=SEND_HEARTBEAT {datanodeUUID=31202bf3-e3ef-401b-98b9-369e6d4f3507, command=[]} | ret=SUCCESS |  
2019-08-29 09:40:24,816 | INFO  | SCMAudit | user=jenkins1000 | ip=192.168.69.87 | op=SEND_HEARTBEAT {datanodeUUID=129cf440-9aa6-4f56-b440-e84d0b76b9e5, command=[]} | ret=SUCCESS |  
2019-08-29 09:40:25,019 [grpc-default-executor-6] INFO  client.GrpcClientProtocolClient (GrpcClientProtocolClient.java:onNext(255)) - client-166A520B6E3C->129cf440-9aa6-4f56-b440-e84d0b76b9e5: receive RaftClientReply:client-166A520B6E3C->129cf440-9aa6-4f56-b440-e84d0b76b9e5@group-7FC7981111D6, cid=45, FAILED org.apache.ratis.protocol.NotLeaderException: Server 129cf440-9aa6-4f56-b440-e84d0b76b9e5 is not the leader (c8986603-afcd-4cf8-afcf-c6b45c0b43cc:192.168.69.87:46863). Request must be sent to leader., logIndex=0, commits[129cf440-9aa6-4f56-b440-e84d0b76b9e5:c8, c8986603-afcd-4cf8-afcf-c6b45c0b43cc:c8, 31202bf3-e3ef-401b-98b9-369e6d4f3507:c8]
2019-08-29 09:40:25,157 | INFO  | SCMAudit | user=jenkins1000 | ip=192.168.69.87 | op=SEND_HEARTBEAT {datanodeUUID=44638b28-be06-4149-9a11-87ab58c8e022, command=[]} | ret=SUCCESS |  
2019-08-29 09:40:25,267 | INFO  | SCMAudit | user=jenkins1000 | ip=192.168.69.87 | op=SEND_HEARTBEAT {datanodeUUID=73941da8-7b3a-43e7-8aff-0a9367598152, command=[]} | ret=SUCCESS |  
2019-08-29 09:40:25,342 | INFO  | SCMAudit | user=jenkins1000 | ip=192.168.69.87 | op=SEND_HEARTBEAT {datanodeUUID=c6f9d398-2eae-4a63-879f-a1d1bc55d1b3, command=[]} | ret=SUCCESS |  
2019-08-29 09:40:25,534 | INFO  | SCMAudit | user=jenkins1000 | ip=192.168.69.87 | op=SEND_HEARTBEAT {datanodeUUID=7a2e5536-d576-4bf3-9dec-9e4177d66979, command=[]} | ret=SUCCESS |  
2019-08-29 09:40:25,766 | INFO  | SCMAudit | user=jenkins1000 | ip=192.168.69.87 | op=SEND_HEARTBEAT {datanodeUUID=c8986603-afcd-4cf8-afcf-c6b45c0b43cc, command=[]} | ret=SUCCESS |  
2019-08-29 09:40:25,800 | INFO  | SCMAudit | user=jenkins1000 | ip=192.168.69.87 | op=SEND_HEARTBEAT {datanodeUUID=31202bf3-e3ef-401b-98b9-369e6d4f3507, command=[]} | ret=SUCCESS |  
2019-08-29 09:40:25,816 | INFO  | SCMAudit | user=jenkins1000 | ip=192.168.69.87 | op=SEND_HEARTBEAT {datanodeUUID=129cf440-9aa6-4f56-b440-e84d0b76b9e5, command=[]} | ret=SUCCESS |  
2019-08-29 09:40:26,158 | INFO  | SCMAudit | user=jenkins1000 | ip=192.168.69.87 | op=SEND_HEARTBEAT {datanodeUUID=44638b28-be06-4149-9a11-87ab58c8e022, command=[]} | ret=SUCCESS |  
2019-08-29 09:40:26,267 | INFO  | SCMAudit | user=jenkins1000 | ip=192.168.69.87 | op=SEND_HEARTBEAT {datanodeUUID=73941da8-7b3a-43e7-8aff-0a9367598152, command=[]} | ret=SUCCESS |  
2019-08-29 09:40:26,343 | INFO  | SCMAudit | user=jenkins1000 | ip=192.168.69.87 | op=SEND_HEARTBEAT {datanodeUUID=c6f9d398-2eae-4a63-879f-a1d1bc55d1b3, command=[]} | ret=SUCCESS |  
2019-08-29 09:40:26,534 | INFO  | SCMAudit | user=jenkins1000 | ip=192.168.69.87 | op=SEND_HEARTBEAT {datanodeUUID=7a2e5536-d576-4bf3-9dec-9e4177d66979, command=[]} | ret=SUCCESS |  
2019-08-29 09:40:26,765 | INFO  | SCMAudit | user=jenkins1000 | ip=192.168.69.87 | op=SEND_HEARTBEAT {datanodeUUID=c8986603-afcd-4cf8-afcf-c6b45c0b43cc, command=[]} | ret=SUCCESS |  
2019-08-29 09:40:26,800 | INFO  | SCMAudit | user=jenkins1000 | ip=192.168.69.87 | op=SEND_HEARTBEAT {datanodeUUID=31202bf3-e3ef-401b-98b9-369e6d4f3507, command=[]} | ret=SUCCESS |  
2019-08-29 09:40:26,816 | INFO  | SCMAudit | user=jenkins1000 | ip=192.168.69.87 | op=SEND_HEARTBEAT {datanodeUUID=129cf440-9aa6-4f56-b440-e84d0b76b9e5, command=[]} | ret=SUCCESS |  
2019-08-29 09:40:27,157 | INFO  | SCMAudit | user=jenkins1000 | ip=192.168.69.87 | op=SEND_HEARTBEAT {datanodeUUID=44638b28-be06-4149-9a11-87ab58c8e022, command=[]} | ret=SUCCESS |  
2019-08-29 09:40:27,268 | INFO  | SCMAudit | user=jenkins1000 | ip=192.168.69.87 | op=SEND_HEARTBEAT {datanodeUUID=73941da8-7b3a-43e7-8aff-0a9367598152, command=[]} | ret=SUCCESS |  
2019-08-29 09:40:27,343 | INFO  | SCMAudit | user=jenkins1000 | ip=192.168.69.87 | op=SEND_HEARTBEAT {datanodeUUID=c6f9d398-2eae-4a63-879f-a1d1bc55d1b3, command=[]} | ret=SUCCESS |  
2019-08-29 09:40:27,535 | INFO  | SCMAudit | user=jenkins1000 | ip=192.168.69.87 | op=SEND_HEARTBEAT {datanodeUUID=7a2e5536-d576-4bf3-9dec-9e4177d66979, command=[]} | ret=SUCCESS |  
2019-08-29 09:40:27,766 | INFO  | SCMAudit | user=jenkins1000 | ip=192.168.69.87 | op=SEND_HEARTBEAT {datanodeUUID=c8986603-afcd-4cf8-afcf-c6b45c0b43cc, command=[]} | ret=SUCCESS |  
2019-08-29 09:40:27,800 | INFO  | SCMAudit | user=jenkins1000 | ip=192.168.69.87 | op=SEND_HEARTBEAT {datanodeUUID=31202bf3-e3ef-401b-98b9-369e6d4f3507, command=[]} | ret=SUCCESS |  
2019-08-29 09:40:27,816 | INFO  | SCMAudit | user=jenkins1000 | ip=192.168.69.87 | op=SEND_HEARTBEAT {datanodeUUID=129cf440-9aa6-4f56-b440-e84d0b76b9e5, command=[]} | ret=SUCCESS |  
2019-08-29 09:40:28,157 | INFO  | SCMAudit | user=jenkins1000 | ip=192.168.69.87 | op=SEND_HEARTBEAT {datanodeUUID=44638b28-be06-4149-9a11-87ab58c8e022, command=[]} | ret=SUCCESS |  
2019-08-29 09:40:28,268 | INFO  | SCMAudit | user=jenkins1000 | ip=192.168.69.87 | op=SEND_HEARTBEAT {datanodeUUID=73941da8-7b3a-43e7-8aff-0a9367598152, command=[]} | ret=SUCCESS |  
2019-08-29 09:40:28,343 | INFO  | SCMAudit | user=jenkins1000 | ip=192.168.69.87 | op=SEND_HEARTBEAT {datanodeUUID=c6f9d398-2eae-4a63-879f-a1d1bc55d1b3, command=[]} | ret=SUCCESS |  
2019-08-29 09:40:28,534 | INFO  | SCMAudit | user=jenkins1000 | ip=192.168.69.87 | op=SEND_HEARTBEAT {datanodeUUID=7a2e5536-d576-4bf3-9dec-9e4177d66979, command=[]} | ret=SUCCESS |  
2019-08-29 09:40:28,765 | INFO  | SCMAudit | user=jenkins1000 | ip=192.168.69.87 | op=SEND_HEARTBEAT {datanodeUUID=c8986603-afcd-4cf8-afcf-c6b45c0b43cc, command=[]} | ret=SUCCESS |  
2019-08-29 09:40:28,801 | INFO  | SCMAudit | user=jenkins1000 | ip=192.168.69.87 | op=SEND_HEARTBEAT {datanodeUUID=31202bf3-e3ef-401b-98b9-369e6d4f3507, command=[]} | ret=SUCCESS |  
2019-08-29 09:40:28,816 | INFO  | SCMAudit | user=jenkins1000 | ip=192.168.69.87 | op=SEND_HEARTBEAT {datanodeUUID=129cf440-9aa6-4f56-b440-e84d0b76b9e5, command=[]} | ret=SUCCESS |  
2019-08-29 09:40:29,158 | INFO  | SCMAudit | user=jenkins1000 | ip=192.168.69.87 | op=SEND_HEARTBEAT {datanodeUUID=44638b28-be06-4149-9a11-87ab58c8e022, command=[]} | ret=SUCCESS |  
2019-08-29 09:40:29,268 | INFO  | SCMAudit | user=jenkins1000 | ip=192.168.69.87 | op=SEND_HEARTBEAT {datanodeUUID=73941da8-7b3a-43e7-8aff-0a9367598152, command=[]} | ret=SUCCESS |  
2019-08-29 09:40:29,343 | INFO  | SCMAudit | user=jenkins1000 | ip=192.168.69.87 | op=SEND_HEARTBEAT {datanodeUUID=c6f9d398-2eae-4a63-879f-a1d1bc55d1b3, command=[]} | ret=SUCCESS |  
2019-08-29 09:40:29,534 | INFO  | SCMAudit | user=jenkins1000 | ip=192.168.69.87 | op=SEND_HEARTBEAT {datanodeUUID=7a2e5536-d576-4bf3-9dec-9e4177d66979, command=[]} | ret=SUCCESS |  
2019-08-29 09:40:29,766 | INFO  | SCMAudit | user=jenkins1000 | ip=192.168.69.87 | op=SEND_HEARTBEAT {datanodeUUID=c8986603-afcd-4cf8-afcf-c6b45c0b43cc, command=[]} | ret=SUCCESS |  
2019-08-29 09:40:29,801 | INFO  | SCMAudit | user=jenkins1000 | ip=192.168.69.87 | op=SEND_HEARTBEAT {datanodeUUID=31202bf3-e3ef-401b-98b9-369e6d4f3507, command=[]} | ret=SUCCESS |  
2019-08-29 09:40:29,816 | INFO  | SCMAudit | user=jenkins1000 | ip=192.168.69.87 | op=SEND_HEARTBEAT {datanodeUUID=129cf440-9aa6-4f56-b440-e84d0b76b9e5, command=[]} | ret=SUCCESS |  
2019-08-29 09:40:30,058 [grpc-default-executor-2] INFO  client.GrpcClientProtocolClient (GrpcClientProtocolClient.java:onNext(255)) - client-166A520B6E3C->31202bf3-e3ef-401b-98b9-369e6d4f3507: receive RaftClientReply:client-166A520B6E3C->31202bf3-e3ef-401b-98b9-369e6d4f3507@group-7FC7981111D6, cid=45, FAILED org.apache.ratis.protocol.NotLeaderException: Server 31202bf3-e3ef-401b-98b9-369e6d4f3507 is not the leader (c8986603-afcd-4cf8-afcf-c6b45c0b43cc:192.168.69.87:46863). Request must be sent to leader., logIndex=0, commits[31202bf3-e3ef-401b-98b9-369e6d4f3507:c8, c8986603-afcd-4cf8-afcf-c6b45c0b43cc:c8, 129cf440-9aa6-4f56-b440-e84d0b76b9e5:c8]
2019-08-29 09:40:30,157 | INFO  | SCMAudit | user=jenkins1000 | ip=192.168.69.87 | op=SEND_HEARTBEAT {datanodeUUID=44638b28-be06-4149-9a11-87ab58c8e022, command=[]} | ret=SUCCESS |  
2019-08-29 09:40:30,268 | INFO  | SCMAudit | user=jenkins1000 | ip=192.168.69.87 | op=SEND_HEARTBEAT {datanodeUUID=73941da8-7b3a-43e7-8aff-0a9367598152, command=[]} | ret=SUCCESS |  
2019-08-29 09:40:30,344 | INFO  | SCMAudit | user=jenkins1000 | ip=192.168.69.87 | op=SEND_HEARTBEAT {datanodeUUID=c6f9d398-2eae-4a63-879f-a1d1bc55d1b3, command=[]} | ret=SUCCESS |  
2019-08-29 09:40:30,534 | INFO  | SCMAudit | user=jenkins1000 | ip=192.168.69.87 | op=SEND_HEARTBEAT {datanodeUUID=7a2e5536-d576-4bf3-9dec-9e4177d66979, command=[]} | ret=SUCCESS |  
2019-08-29 09:40:30,765 | INFO  | SCMAudit | user=jenkins1000 | ip=192.168.69.87 | op=SEND_HEARTBEAT {datanodeUUID=c8986603-afcd-4cf8-afcf-c6b45c0b43cc, command=[]} | ret=SUCCESS |  
2019-08-29 09:40:30,801 | INFO  | SCMAudit | user=jenkins1000 | ip=192.168.69.87 | op=SEND_HEARTBEAT {datanodeUUID=31202bf3-e3ef-401b-98b9-369e6d4f3507, command=[]} | ret=SUCCESS |  
2019-08-29 09:40:30,817 | INFO  | SCMAudit | user=jenkins1000 | ip=192.168.69.87 | op=SEND_HEARTBEAT {datanodeUUID=129cf440-9aa6-4f56-b440-e84d0b76b9e5, command=[]} | ret=SUCCESS |  
2019-08-29 09:40:31,157 | INFO  | SCMAudit | user=jenkins1000 | ip=192.168.69.87 | op=SEND_HEARTBEAT {datanodeUUID=44638b28-be06-4149-9a11-87ab58c8e022, command=[]} | ret=SUCCESS |  
2019-08-29 09:40:31,269 | INFO  | SCMAudit | user=jenkins1000 | ip=192.168.69.87 | op=SEND_HEARTBEAT {datanodeUUID=73941da8-7b3a-43e7-8aff-0a9367598152, command=[]} | ret=SUCCESS |  
2019-08-29 09:40:31,343 | INFO  | SCMAudit | user=jenkins1000 | ip=192.168.69.87 | op=SEND_HEARTBEAT {datanodeUUID=c6f9d398-2eae-4a63-879f-a1d1bc55d1b3, command=[]} | ret=SUCCESS |  
2019-08-29 09:40:31,534 | INFO  | SCMAudit | user=jenkins1000 | ip=192.168.69.87 | op=SEND_HEARTBEAT {datanodeUUID=7a2e5536-d576-4bf3-9dec-9e4177d66979, command=[]} | ret=SUCCESS |  
2019-08-29 09:40:31,765 | INFO  | SCMAudit | user=jenkins1000 | ip=192.168.69.87 | op=SEND_HEARTBEAT {datanodeUUID=c8986603-afcd-4cf8-afcf-c6b45c0b43cc, command=[]} | ret=SUCCESS |  
2019-08-29 09:40:31,801 | INFO  | SCMAudit | user=jenkins1000 | ip=192.168.69.87 | op=SEND_HEARTBEAT {datanodeUUID=31202bf3-e3ef-401b-98b9-369e6d4f3507, command=[]} | ret=SUCCESS |  
2019-08-29 09:40:31,816 | INFO  | SCMAudit | user=jenkins1000 | ip=192.168.69.87 | op=SEND_HEARTBEAT {datanodeUUID=129cf440-9aa6-4f56-b440-e84d0b76b9e5, command=[]} | ret=SUCCESS |  
2019-08-29 09:40:32,157 | INFO  | SCMAudit | user=jenkins1000 | ip=192.168.69.87 | op=SEND_HEARTBEAT {datanodeUUID=44638b28-be06-4149-9a11-87ab58c8e022, command=[]} | ret=SUCCESS |  
2019-08-29 09:40:32,269 | INFO  | SCMAudit | user=jenkins1000 | ip=192.168.69.87 | op=SEND_HEARTBEAT {datanodeUUID=73941da8-7b3a-43e7-8aff-0a9367598152, command=[]} | ret=SUCCESS |  
2019-08-29 09:40:32,343 | INFO  | SCMAudit | user=jenkins1000 | ip=192.168.69.87 | op=SEND_HEARTBEAT {datanodeUUID=c6f9d398-2eae-4a63-879f-a1d1bc55d1b3, command=[]} | ret=SUCCESS |  
2019-08-29 09:40:32,535 | INFO  | SCMAudit | user=jenkins1000 | ip=192.168.69.87 | op=SEND_HEARTBEAT {datanodeUUID=7a2e5536-d576-4bf3-9dec-9e4177d66979, command=[]} | ret=SUCCESS |  
2019-08-29 09:40:32,765 | INFO  | SCMAudit | user=jenkins1000 | ip=192.168.69.87 | op=SEND_HEARTBEAT {datanodeUUID=c8986603-afcd-4cf8-afcf-c6b45c0b43cc, command=[]} | ret=SUCCESS |  
2019-08-29 09:40:32,802 | INFO  | SCMAudit | user=jenkins1000 | ip=192.168.69.87 | op=SEND_HEARTBEAT {datanodeUUID=31202bf3-e3ef-401b-98b9-369e6d4f3507, command=[]} | ret=SUCCESS |  
2019-08-29 09:40:32,816 | INFO  | SCMAudit | user=jenkins1000 | ip=192.168.69.87 | op=SEND_HEARTBEAT {datanodeUUID=129cf440-9aa6-4f56-b440-e84d0b76b9e5, command=[]} | ret=SUCCESS |  
2019-08-29 09:40:33,158 | INFO  | SCMAudit | user=jenkins1000 | ip=192.168.69.87 | op=SEND_HEARTBEAT {datanodeUUID=44638b28-be06-4149-9a11-87ab58c8e022, command=[]} | ret=SUCCESS |  
2019-08-29 09:40:33,269 | INFO  | SCMAudit | user=jenkins1000 | ip=192.168.69.87 | op=SEND_HEARTBEAT {datanodeUUID=73941da8-7b3a-43e7-8aff-0a9367598152, command=[]} | ret=SUCCESS |  
2019-08-29 09:40:33,343 | INFO  | SCMAudit | user=jenkins1000 | ip=192.168.69.87 | op=SEND_HEARTBEAT {datanodeUUID=c6f9d398-2eae-4a63-879f-a1d1bc55d1b3, command=[]} | ret=SUCCESS |  
2019-08-29 09:40:33,534 | INFO  | SCMAudit | user=jenkins1000 | ip=192.168.69.87 | op=SEND_HEARTBEAT {datanodeUUID=7a2e5536-d576-4bf3-9dec-9e4177d66979, command=[]} | ret=SUCCESS |  
2019-08-29 09:40:33,765 | INFO  | SCMAudit | user=jenkins1000 | ip=192.168.69.87 | op=SEND_HEARTBEAT {datanodeUUID=c8986603-afcd-4cf8-afcf-c6b45c0b43cc, command=[]} | ret=SUCCESS |  
2019-08-29 09:40:33,802 | INFO  | SCMAudit | user=jenkins1000 | ip=192.168.69.87 | op=SEND_HEARTBEAT {datanodeUUID=31202bf3-e3ef-401b-98b9-369e6d4f3507, command=[]} | ret=SUCCESS |  
2019-08-29 09:40:33,816 | INFO  | SCMAudit | user=jenkins1000 | ip=192.168.69.87 | op=SEND_HEARTBEAT {datanodeUUID=129cf440-9aa6-4f56-b440-e84d0b76b9e5, command=[]} | ret=SUCCESS |  
2019-08-29 09:40:34,158 | INFO  | SCMAudit | user=jenkins1000 | ip=192.168.69.87 | op=SEND_HEARTBEAT {datanodeUUID=44638b28-be06-4149-9a11-87ab58c8e022, command=[]} | ret=SUCCESS |  
2019-08-29 09:40:34,270 | INFO  | SCMAudit | user=jenkins1000 | ip=192.168.69.87 | op=SEND_HEARTBEAT {datanodeUUID=73941da8-7b3a-43e7-8aff-0a9367598152, command=[]} | ret=SUCCESS |  
2019-08-29 09:40:34,343 | INFO  | SCMAudit | user=jenkins1000 | ip=192.168.69.87 | op=SEND_HEARTBEAT {datanodeUUID=c6f9d398-2eae-4a63-879f-a1d1bc55d1b3, command=[]} | ret=SUCCESS |  
2019-08-29 09:40:34,534 | INFO  | SCMAudit | user=jenkins1000 | ip=192.168.69.87 | op=SEND_HEARTBEAT {datanodeUUID=7a2e5536-d576-4bf3-9dec-9e4177d66979, command=[]} | ret=SUCCESS |  
2019-08-29 09:40:34,766 | INFO  | SCMAudit | user=jenkins1000 | ip=192.168.69.87 | op=SEND_HEARTBEAT {datanodeUUID=c8986603-afcd-4cf8-afcf-c6b45c0b43cc, command=[]} | ret=SUCCESS |  
2019-08-29 09:40:34,802 | INFO  | SCMAudit | user=jenkins1000 | ip=192.168.69.87 | op=SEND_HEARTBEAT {datanodeUUID=31202bf3-e3ef-401b-98b9-369e6d4f3507, command=[]} | ret=SUCCESS |  
2019-08-29 09:40:34,816 | INFO  | SCMAudit | user=jenkins1000 | ip=192.168.69.87 | op=SEND_HEARTBEAT {datanodeUUID=129cf440-9aa6-4f56-b440-e84d0b76b9e5, command=[]} | ret=SUCCESS |  
2019-08-29 09:40:35,093 [grpc-default-executor-2] INFO  client.GrpcClientProtocolClient (GrpcClientProtocolClient.java:onNext(255)) - client-166A520B6E3C->129cf440-9aa6-4f56-b440-e84d0b76b9e5: receive RaftClientReply:client-166A520B6E3C->129cf440-9aa6-4f56-b440-e84d0b76b9e5@group-7FC7981111D6, cid=45, FAILED org.apache.ratis.protocol.NotLeaderException: Server 129cf440-9aa6-4f56-b440-e84d0b76b9e5 is not the leader (c8986603-afcd-4cf8-afcf-c6b45c0b43cc:192.168.69.87:46863). Request must be sent to leader., logIndex=0, commits[129cf440-9aa6-4f56-b440-e84d0b76b9e5:c8, c8986603-afcd-4cf8-afcf-c6b45c0b43cc:c8, 31202bf3-e3ef-401b-98b9-369e6d4f3507:c8]
2019-08-29 09:40:35,159 | INFO  | SCMAudit | user=jenkins1000 | ip=192.168.69.87 | op=SEND_HEARTBEAT {datanodeUUID=44638b28-be06-4149-9a11-87ab58c8e022, command=[]} | ret=SUCCESS |  
2019-08-29 09:40:35,269 | INFO  | SCMAudit | user=jenkins1000 | ip=192.168.69.87 | op=SEND_HEARTBEAT {datanodeUUID=73941da8-7b3a-43e7-8aff-0a9367598152, command=[]} | ret=SUCCESS |  
2019-08-29 09:40:35,344 | INFO  | SCMAudit | user=jenkins1000 | ip=192.168.69.87 | op=SEND_HEARTBEAT {datanodeUUID=c6f9d398-2eae-4a63-879f-a1d1bc55d1b3, command=[]} | ret=SUCCESS |  
2019-08-29 09:40:35,534 | INFO  | SCMAudit | user=jenkins1000 | ip=192.168.69.87 | op=SEND_HEARTBEAT {datanodeUUID=7a2e5536-d576-4bf3-9dec-9e4177d66979, command=[]} | ret=SUCCESS |  
2019-08-29 09:40:35,766 | INFO  | SCMAudit | user=jenkins1000 | ip=192.168.69.87 | op=SEND_HEARTBEAT {datanodeUUID=c8986603-afcd-4cf8-afcf-c6b45c0b43cc, command=[]} | ret=SUCCESS |  
2019-08-29 09:40:35,803 | INFO  | SCMAudit | user=jenkins1000 | ip=192.168.69.87 | op=SEND_HEARTBEAT {datanodeUUID=31202bf3-e3ef-401b-98b9-369e6d4f3507, command=[]} | ret=SUCCESS |  
2019-08-29 09:40:35,816 | INFO  | SCMAudit | user=jenkins1000 | ip=192.168.69.87 | op=SEND_HEARTBEAT {datanodeUUID=129cf440-9aa6-4f56-b440-e84d0b76b9e5, command=[]} | ret=SUCCESS |  
2019-08-29 09:40:36,158 | INFO  | SCMAudit | user=jenkins1000 | ip=192.168.69.87 | op=SEND_HEARTBEAT {datanodeUUID=44638b28-be06-4149-9a11-87ab58c8e022, command=[]} | ret=SUCCESS |  
2019-08-29 09:40:36,269 | INFO  | SCMAudit | user=jenkins1000 | ip=192.168.69.87 | op=SEND_HEARTBEAT {datanodeUUID=73941da8-7b3a-43e7-8aff-0a9367598152, command=[]} | ret=SUCCESS |  
2019-08-29 09:40:36,344 | INFO  | SCMAudit | user=jenkins1000 | ip=192.168.69.87 | op=SEND_HEARTBEAT {datanodeUUID=c6f9d398-2eae-4a63-879f-a1d1bc55d1b3, command=[]} | ret=SUCCESS |  
2019-08-29 09:40:36,534 | INFO  | SCMAudit | user=jenkins1000 | ip=192.168.69.87 | op=SEND_HEARTBEAT {datanodeUUID=7a2e5536-d576-4bf3-9dec-9e4177d66979, command=[]} | ret=SUCCESS |  
2019-08-29 09:40:36,767 | INFO  | SCMAudit | user=jenkins1000 | ip=192.168.69.87 | op=SEND_HEARTBEAT {datanodeUUID=c8986603-afcd-4cf8-afcf-c6b45c0b43cc, command=[]} | ret=SUCCESS |  
2019-08-29 09:40:36,803 | INFO  | SCMAudit | user=jenkins1000 | ip=192.168.69.87 | op=SEND_HEARTBEAT {datanodeUUID=31202bf3-e3ef-401b-98b9-369e6d4f3507, command=[]} | ret=SUCCESS |  
2019-08-29 09:40:36,816 | INFO  | SCMAudit | user=jenkins1000 | ip=192.168.69.87 | op=SEND_HEARTBEAT {datanodeUUID=129cf440-9aa6-4f56-b440-e84d0b76b9e5, command=[]} | ret=SUCCESS |  
2019-08-29 09:40:37,158 | INFO  | SCMAudit | user=jenkins1000 | ip=192.168.69.87 | op=SEND_HEARTBEAT {datanodeUUID=44638b28-be06-4149-9a11-87ab58c8e022, command=[]} | ret=SUCCESS |  
2019-08-29 09:40:37,270 | INFO  | SCMAudit | user=jenkins1000 | ip=192.168.69.87 | op=SEND_HEARTBEAT {datanodeUUID=73941da8-7b3a-43e7-8aff-0a9367598152, command=[]} | ret=SUCCESS |  
2019-08-29 09:40:37,345 | INFO  | SCMAudit | user=jenkins1000 | ip=192.168.69.87 | op=SEND_HEARTBEAT {datanodeUUID=c6f9d398-2eae-4a63-879f-a1d1bc55d1b3, command=[]} | ret=SUCCESS |  
2019-08-29 09:40:37,535 | INFO  | SCMAudit | user=jenkins1000 | ip=192.168.69.87 | op=SEND_HEARTBEAT {datanodeUUID=7a2e5536-d576-4bf3-9dec-9e4177d66979, command=[]} | ret=SUCCESS |  
2019-08-29 09:40:37,767 | INFO  | SCMAudit | user=jenkins1000 | ip=192.168.69.87 | op=SEND_HEARTBEAT {datanodeUUID=c8986603-afcd-4cf8-afcf-c6b45c0b43cc, command=[]} | ret=SUCCESS |  
2019-08-29 09:40:37,805 | INFO  | SCMAudit | user=jenkins1000 | ip=192.168.69.87 | op=SEND_HEARTBEAT {datanodeUUID=31202bf3-e3ef-401b-98b9-369e6d4f3507, command=[]} | ret=SUCCESS |  
2019-08-29 09:40:37,817 | INFO  | SCMAudit | user=jenkins1000 | ip=192.168.69.87 | op=SEND_HEARTBEAT {datanodeUUID=129cf440-9aa6-4f56-b440-e84d0b76b9e5, command=[]} | ret=SUCCESS |  
2019-08-29 09:40:38,159 | INFO  | SCMAudit | user=jenkins1000 | ip=192.168.69.87 | op=SEND_HEARTBEAT {datanodeUUID=44638b28-be06-4149-9a11-87ab58c8e022, command=[]} | ret=SUCCESS |  
2019-08-29 09:40:38,269 | INFO  | SCMAudit | user=jenkins1000 | ip=192.168.69.87 | op=SEND_HEARTBEAT {datanodeUUID=73941da8-7b3a-43e7-8aff-0a9367598152, command=[]} | ret=SUCCESS |  
2019-08-29 09:40:38,344 | INFO  | SCMAudit | user=jenkins1000 | ip=192.168.69.87 | op=SEND_HEARTBEAT {datanodeUUID=c6f9d398-2eae-4a63-879f-a1d1bc55d1b3, command=[]} | ret=SUCCESS |  
2019-08-29 09:40:38,535 | INFO  | SCMAudit | user=jenkins1000 | ip=192.168.69.87 | op=SEND_HEARTBEAT {datanodeUUID=7a2e5536-d576-4bf3-9dec-9e4177d66979, command=[]} | ret=SUCCESS |  
2019-08-29 09:40:38,766 | INFO  | SCMAudit | user=jenkins1000 | ip=192.168.69.87 | op=SEND_HEARTBEAT {datanodeUUID=c8986603-afcd-4cf8-afcf-c6b45c0b43cc, command=[]} | ret=SUCCESS |  
2019-08-29 09:40:38,804 | INFO  | SCMAudit | user=jenkins1000 | ip=192.168.69.87 | op=SEND_HEARTBEAT {datanodeUUID=31202bf3-e3ef-401b-98b9-369e6d4f3507, command=[]} | ret=SUCCESS |  
2019-08-29 09:40:38,816 | INFO  | SCMAudit | user=jenkins1000 | ip=192.168.69.87 | op=SEND_HEARTBEAT {datanodeUUID=129cf440-9aa6-4f56-b440-e84d0b76b9e5, command=[]} | ret=SUCCESS |  
2019-08-29 09:40:39,158 | INFO  | SCMAudit | user=jenkins1000 | ip=192.168.69.87 | op=SEND_HEARTBEAT {datanodeUUID=44638b28-be06-4149-9a11-87ab58c8e022, command=[]} | ret=SUCCESS |  
2019-08-29 09:40:39,270 | INFO  | SCMAudit | user=jenkins1000 | ip=192.168.69.87 | op=SEND_HEARTBEAT {datanodeUUID=73941da8-7b3a-43e7-8aff-0a9367598152, command=[]} | ret=SUCCESS |  
2019-08-29 09:40:39,344 | INFO  | SCMAudit | user=jenkins1000 | ip=192.168.69.87 | op=SEND_HEARTBEAT {datanodeUUID=c6f9d398-2eae-4a63-879f-a1d1bc55d1b3, command=[]} | ret=SUCCESS |  
2019-08-29 09:40:39,536 | INFO  | SCMAudit | user=jenkins1000 | ip=192.168.69.87 | op=SEND_HEARTBEAT {datanodeUUID=7a2e5536-d576-4bf3-9dec-9e4177d66979, command=[]} | ret=SUCCESS |  
2019-08-29 09:40:39,767 | INFO  | SCMAudit | user=jenkins1000 | ip=192.168.69.87 | op=SEND_HEARTBEAT {datanodeUUID=c8986603-afcd-4cf8-afcf-c6b45c0b43cc, command=[]} | ret=SUCCESS |  
2019-08-29 09:40:39,803 | INFO  | SCMAudit | user=jenkins1000 | ip=192.168.69.87 | op=SEND_HEARTBEAT {datanodeUUID=31202bf3-e3ef-401b-98b9-369e6d4f3507, command=[]} | ret=SUCCESS |  
2019-08-29 09:40:39,816 | INFO  | SCMAudit | user=jenkins1000 | ip=192.168.69.87 | op=SEND_HEARTBEAT {datanodeUUID=129cf440-9aa6-4f56-b440-e84d0b76b9e5, command=[]} | ret=SUCCESS |  
2019-08-29 09:40:40,131 [grpc-default-executor-2] INFO  client.GrpcClientProtocolClient (GrpcClientProtocolClient.java:onNext(255)) - client-166A520B6E3C->129cf440-9aa6-4f56-b440-e84d0b76b9e5: receive RaftClientReply:client-166A520B6E3C->129cf440-9aa6-4f56-b440-e84d0b76b9e5@group-7FC7981111D6, cid=45, FAILED org.apache.ratis.protocol.NotLeaderException: Server 129cf440-9aa6-4f56-b440-e84d0b76b9e5 is not the leader (c8986603-afcd-4cf8-afcf-c6b45c0b43cc:192.168.69.87:46863). Request must be sent to leader., logIndex=0, commits[129cf440-9aa6-4f56-b440-e84d0b76b9e5:c8, c8986603-afcd-4cf8-afcf-c6b45c0b43cc:c8, 31202bf3-e3ef-401b-98b9-369e6d4f3507:c8]
2019-08-29 09:40:40,158 | INFO  | SCMAudit | user=jenkins1000 | ip=192.168.69.87 | op=SEND_HEARTBEAT {datanodeUUID=44638b28-be06-4149-9a11-87ab58c8e022, command=[]} | ret=SUCCESS |  
2019-08-29 09:40:40,270 | INFO  | SCMAudit | user=jenkins1000 | ip=192.168.69.87 | op=SEND_HEARTBEAT {datanodeUUID=73941da8-7b3a-43e7-8aff-0a9367598152, command=[]} | ret=SUCCESS |  
2019-08-29 09:40:40,344 | INFO  | SCMAudit | user=jenkins1000 | ip=192.168.69.87 | op=SEND_HEARTBEAT {datanodeUUID=c6f9d398-2eae-4a63-879f-a1d1bc55d1b3, command=[]} | ret=SUCCESS |  
2019-08-29 09:40:40,536 | INFO  | SCMAudit | user=jenkins1000 | ip=192.168.69.87 | op=SEND_HEARTBEAT {datanodeUUID=7a2e5536-d576-4bf3-9dec-9e4177d66979, command=[]} | ret=SUCCESS |  
2019-08-29 09:40:40,766 | INFO  | SCMAudit | user=jenkins1000 | ip=192.168.69.87 | op=SEND_HEARTBEAT {datanodeUUID=c8986603-afcd-4cf8-afcf-c6b45c0b43cc, command=[]} | ret=SUCCESS |  
2019-08-29 09:40:40,803 | INFO  | SCMAudit | user=jenkins1000 | ip=192.168.69.87 | op=SEND_HEARTBEAT {datanodeUUID=31202bf3-e3ef-401b-98b9-369e6d4f3507, command=[]} | ret=SUCCESS |  
2019-08-29 09:40:40,816 | INFO  | SCMAudit | user=jenkins1000 | ip=192.168.69.87 | op=SEND_HEARTBEAT {datanodeUUID=129cf440-9aa6-4f56-b440-e84d0b76b9e5, command=[]} | ret=SUCCESS |  
2019-08-29 09:40:41,158 | INFO  | SCMAudit | user=jenkins1000 | ip=192.168.69.87 | op=SEND_HEARTBEAT {datanodeUUID=44638b28-be06-4149-9a11-87ab58c8e022, command=[]} | ret=SUCCESS |  
2019-08-29 09:40:41,270 | INFO  | SCMAudit | user=jenkins1000 | ip=192.168.69.87 | op=SEND_HEARTBEAT {datanodeUUID=73941da8-7b3a-43e7-8aff-0a9367598152, command=[]} | ret=SUCCESS |  
2019-08-29 09:40:41,345 | INFO  | SCMAudit | user=jenkins1000 | ip=192.168.69.87 | op=SEND_HEARTBEAT {datanodeUUID=c6f9d398-2eae-4a63-879f-a1d1bc55d1b3, command=[]} | ret=SUCCESS |  
2019-08-29 09:40:41,537 | INFO  | SCMAudit | user=jenkins1000 | ip=192.168.69.87 | op=SEND_HEARTBEAT {datanodeUUID=7a2e5536-d576-4bf3-9dec-9e4177d66979, command=[]} | ret=SUCCESS |  
2019-08-29 09:40:41,766 | INFO  | SCMAudit | user=jenkins1000 | ip=192.168.69.87 | op=SEND_HEARTBEAT {datanodeUUID=c8986603-afcd-4cf8-afcf-c6b45c0b43cc, command=[]} | ret=SUCCESS |  
2019-08-29 09:40:41,804 | INFO  | SCMAudit | user=jenkins1000 | ip=192.168.69.87 | op=SEND_HEARTBEAT {datanodeUUID=31202bf3-e3ef-401b-98b9-369e6d4f3507, command=[]} | ret=SUCCESS |  
2019-08-29 09:40:41,816 | INFO  | SCMAudit | user=jenkins1000 | ip=192.168.69.87 | op=SEND_HEARTBEAT {datanodeUUID=129cf440-9aa6-4f56-b440-e84d0b76b9e5, command=[]} | ret=SUCCESS |  
2019-08-29 09:40:42,159 | INFO  | SCMAudit | user=jenkins1000 | ip=192.168.69.87 | op=SEND_HEARTBEAT {datanodeUUID=44638b28-be06-4149-9a11-87ab58c8e022, command=[]} | ret=SUCCESS |  
2019-08-29 09:40:42,271 | INFO  | SCMAudit | user=jenkins1000 | ip=192.168.69.87 | op=SEND_HEARTBEAT {datanodeUUID=73941da8-7b3a-43e7-8aff-0a9367598152, command=[]} | ret=SUCCESS |  
2019-08-29 09:40:42,344 | INFO  | SCMAudit | user=jenkins1000 | ip=192.168.69.87 | op=SEND_HEARTBEAT {datanodeUUID=c6f9d398-2eae-4a63-879f-a1d1bc55d1b3, command=[]} | ret=SUCCESS |  
2019-08-29 09:40:42,536 | INFO  | SCMAudit | user=jenkins1000 | ip=192.168.69.87 | op=SEND_HEARTBEAT {datanodeUUID=7a2e5536-d576-4bf3-9dec-9e4177d66979, command=[]} | ret=SUCCESS |  
2019-08-29 09:40:42,767 | INFO  | SCMAudit | user=jenkins1000 | ip=192.168.69.87 | op=SEND_HEARTBEAT {datanodeUUID=c8986603-afcd-4cf8-afcf-c6b45c0b43cc, command=[]} | ret=SUCCESS |  
2019-08-29 09:40:42,803 | INFO  | SCMAudit | user=jenkins1000 | ip=192.168.69.87 | op=SEND_HEARTBEAT {datanodeUUID=31202bf3-e3ef-401b-98b9-369e6d4f3507, command=[]} | ret=SUCCESS |  
2019-08-29 09:40:42,817 | INFO  | SCMAudit | user=jenkins1000 | ip=192.168.69.87 | op=SEND_HEARTBEAT {datanodeUUID=129cf440-9aa6-4f56-b440-e84d0b76b9e5, command=[]} | ret=SUCCESS |  
2019-08-29 09:40:43,159 | INFO  | SCMAudit | user=jenkins1000 | ip=192.168.69.87 | op=SEND_HEARTBEAT {datanodeUUID=44638b28-be06-4149-9a11-87ab58c8e022, command=[]} | ret=SUCCESS |  
2019-08-29 09:40:43,271 | INFO  | SCMAudit | user=jenkins1000 | ip=192.168.69.87 | op=SEND_HEARTBEAT {datanodeUUID=73941da8-7b3a-43e7-8aff-0a9367598152, command=[]} | ret=SUCCESS |  
2019-08-29 09:40:43,345 | INFO  | SCMAudit | user=jenkins1000 | ip=192.168.69.87 | op=SEND_HEARTBEAT {datanodeUUID=c6f9d398-2eae-4a63-879f-a1d1bc55d1b3, command=[]} | ret=SUCCESS |  
2019-08-29 09:40:43,536 | INFO  | SCMAudit | user=jenkins1000 | ip=192.168.69.87 | op=SEND_HEARTBEAT {datanodeUUID=7a2e5536-d576-4bf3-9dec-9e4177d66979, command=[]} | ret=SUCCESS |  
2019-08-29 09:40:43,766 | INFO  | SCMAudit | user=jenkins1000 | ip=192.168.69.87 | op=SEND_HEARTBEAT {datanodeUUID=c8986603-afcd-4cf8-afcf-c6b45c0b43cc, command=[]} | ret=SUCCESS |  
2019-08-29 09:40:43,803 | INFO  | SCMAudit | user=jenkins1000 | ip=192.168.69.87 | op=SEND_HEARTBEAT {datanodeUUID=31202bf3-e3ef-401b-98b9-369e6d4f3507, command=[]} | ret=SUCCESS |  
2019-08-29 09:40:43,816 | INFO  | SCMAudit | user=jenkins1000 | ip=192.168.69.87 | op=SEND_HEARTBEAT {datanodeUUID=129cf440-9aa6-4f56-b440-e84d0b76b9e5, command=[]} | ret=SUCCESS |  
2019-08-29 09:40:44,170 | INFO  | SCMAudit | user=jenkins1000 | ip=192.168.69.87 | op=SEND_HEARTBEAT {datanodeUUID=44638b28-be06-4149-9a11-87ab58c8e022, command=[]} | ret=SUCCESS |  
2019-08-29 09:40:44,271 | INFO  | SCMAudit | user=jenkins1000 | ip=192.168.69.87 | op=SEND_HEARTBEAT {datanodeUUID=73941da8-7b3a-43e7-8aff-0a9367598152, command=[]} | ret=SUCCESS |  
2019-08-29 09:40:44,344 | INFO  | SCMAudit | user=jenkins1000 | ip=192.168.69.87 | op=SEND_HEARTBEAT {datanodeUUID=c6f9d398-2eae-4a63-879f-a1d1bc55d1b3, command=[]} | ret=SUCCESS |  
2019-08-29 09:40:44,537 | INFO  | SCMAudit | user=jenkins1000 | ip=192.168.69.87 | op=SEND_HEARTBEAT {datanodeUUID=7a2e5536-d576-4bf3-9dec-9e4177d66979, command=[]} | ret=SUCCESS |  
2019-08-29 09:40:44,766 | INFO  | SCMAudit | user=jenkins1000 | ip=192.168.69.87 | op=SEND_HEARTBEAT {datanodeUUID=c8986603-afcd-4cf8-afcf-c6b45c0b43cc, command=[]} | ret=SUCCESS |  
2019-08-29 09:40:44,804 | INFO  | SCMAudit | user=jenkins1000 | ip=192.168.69.87 | op=SEND_HEARTBEAT {datanodeUUID=31202bf3-e3ef-401b-98b9-369e6d4f3507, command=[]} | ret=SUCCESS |  
2019-08-29 09:40:44,816 | INFO  | SCMAudit | user=jenkins1000 | ip=192.168.69.87 | op=SEND_HEARTBEAT {datanodeUUID=129cf440-9aa6-4f56-b440-e84d0b76b9e5, command=[]} | ret=SUCCESS |  
2019-08-29 09:40:45,169 | INFO  | SCMAudit | user=jenkins1000 | ip=192.168.69.87 | op=SEND_HEARTBEAT {datanodeUUID=44638b28-be06-4149-9a11-87ab58c8e022, command=[]} | ret=SUCCESS |  
2019-08-29 09:40:45,177 [grpc-default-executor-2] INFO  client.GrpcClientProtocolClient (GrpcClientProtocolClient.java:onNext(255)) - client-166A520B6E3C->31202bf3-e3ef-401b-98b9-369e6d4f3507: receive RaftClientReply:client-166A520B6E3C->31202bf3-e3ef-401b-98b9-369e6d4f3507@group-7FC7981111D6, cid=45, FAILED org.apache.ratis.protocol.NotLeaderException: Server 31202bf3-e3ef-401b-98b9-369e6d4f3507 is not the leader (c8986603-afcd-4cf8-afcf-c6b45c0b43cc:192.168.69.87:46863). Request must be sent to leader., logIndex=0, commits[31202bf3-e3ef-401b-98b9-369e6d4f3507:c8, c8986603-afcd-4cf8-afcf-c6b45c0b43cc:c8, 129cf440-9aa6-4f56-b440-e84d0b76b9e5:c8]
2019-08-29 09:40:45,271 | INFO  | SCMAudit | user=jenkins1000 | ip=192.168.69.87 | op=SEND_HEARTBEAT {datanodeUUID=73941da8-7b3a-43e7-8aff-0a9367598152, command=[]} | ret=SUCCESS |  
2019-08-29 09:40:45,344 | INFO  | SCMAudit | user=jenkins1000 | ip=192.168.69.87 | op=SEND_HEARTBEAT {datanodeUUID=c6f9d398-2eae-4a63-879f-a1d1bc55d1b3, command=[]} | ret=SUCCESS |  
2019-08-29 09:40:45,536 | INFO  | SCMAudit | user=jenkins1000 | ip=192.168.69.87 | op=SEND_HEARTBEAT {datanodeUUID=7a2e5536-d576-4bf3-9dec-9e4177d66979, command=[]} | ret=SUCCESS |  
2019-08-29 09:40:45,766 | INFO  | SCMAudit | user=jenkins1000 | ip=192.168.69.87 | op=SEND_HEARTBEAT {datanodeUUID=c8986603-afcd-4cf8-afcf-c6b45c0b43cc, command=[]} | ret=SUCCESS |  
2019-08-29 09:40:45,803 | INFO  | SCMAudit | user=jenkins1000 | ip=192.168.69.87 | op=SEND_HEARTBEAT {datanodeUUID=31202bf3-e3ef-401b-98b9-369e6d4f3507, command=[]} | ret=SUCCESS |  
2019-08-29 09:40:45,816 | INFO  | SCMAudit | user=jenkins1000 | ip=192.168.69.87 | op=SEND_HEARTBEAT {datanodeUUID=129cf440-9aa6-4f56-b440-e84d0b76b9e5, command=[]} | ret=SUCCESS |  
2019-08-29 09:40:46,169 | INFO  | SCMAudit | user=jenkins1000 | ip=192.168.69.87 | op=SEND_HEARTBEAT {datanodeUUID=44638b28-be06-4149-9a11-87ab58c8e022, command=[]} | ret=SUCCESS |  
2019-08-29 09:40:46,271 | INFO  | SCMAudit | user=jenkins1000 | ip=192.168.69.87 | op=SEND_HEARTBEAT {datanodeUUID=73941da8-7b3a-43e7-8aff-0a9367598152, command=[]} | ret=SUCCESS |  
2019-08-29 09:40:46,344 | INFO  | SCMAudit | user=jenkins1000 | ip=192.168.69.87 | op=SEND_HEARTBEAT {datanodeUUID=c6f9d398-2eae-4a63-879f-a1d1bc55d1b3, command=[]} | ret=SUCCESS |  
2019-08-29 09:40:46,536 | INFO  | SCMAudit | user=jenkins1000 | ip=192.168.69.87 | op=SEND_HEARTBEAT {datanodeUUID=7a2e5536-d576-4bf3-9dec-9e4177d66979, command=[]} | ret=SUCCESS |  
2019-08-29 09:40:46,766 | INFO  | SCMAudit | user=jenkins1000 | ip=192.168.69.87 | op=SEND_HEARTBEAT {datanodeUUID=c8986603-afcd-4cf8-afcf-c6b45c0b43cc, command=[]} | ret=SUCCESS |  
2019-08-29 09:40:46,803 | INFO  | SCMAudit | user=jenkins1000 | ip=192.168.69.87 | op=SEND_HEARTBEAT {datanodeUUID=31202bf3-e3ef-401b-98b9-369e6d4f3507, command=[]} | ret=SUCCESS |  
2019-08-29 09:40:46,817 | INFO  | SCMAudit | user=jenkins1000 | ip=192.168.69.87 | op=SEND_HEARTBEAT {datanodeUUID=129cf440-9aa6-4f56-b440-e84d0b76b9e5, command=[]} | ret=SUCCESS |  
2019-08-29 09:40:47,169 | INFO  | SCMAudit | user=jenkins1000 | ip=192.168.69.87 | op=SEND_HEARTBEAT {datanodeUUID=44638b28-be06-4149-9a11-87ab58c8e022, command=[]} | ret=SUCCESS |  
2019-08-29 09:40:47,271 | INFO  | SCMAudit | user=jenkins1000 | ip=192.168.69.87 | op=SEND_HEARTBEAT {datanodeUUID=73941da8-7b3a-43e7-8aff-0a9367598152, command=[]} | ret=SUCCESS |  
2019-08-29 09:40:47,344 | INFO  | SCMAudit | user=jenkins1000 | ip=192.168.69.87 | op=SEND_HEARTBEAT {datanodeUUID=c6f9d398-2eae-4a63-879f-a1d1bc55d1b3, command=[]} | ret=SUCCESS |  
2019-08-29 09:40:47,537 | INFO  | SCMAudit | user=jenkins1000 | ip=192.168.69.87 | op=SEND_HEARTBEAT {datanodeUUID=7a2e5536-d576-4bf3-9dec-9e4177d66979, command=[]} | ret=SUCCESS |  
2019-08-29 09:40:47,767 | INFO  | SCMAudit | user=jenkins1000 | ip=192.168.69.87 | op=SEND_HEARTBEAT {datanodeUUID=c8986603-afcd-4cf8-afcf-c6b45c0b43cc, command=[]} | ret=SUCCESS |  
2019-08-29 09:40:47,803 | INFO  | SCMAudit | user=jenkins1000 | ip=192.168.69.87 | op=SEND_HEARTBEAT {datanodeUUID=31202bf3-e3ef-401b-98b9-369e6d4f3507, command=[]} | ret=SUCCESS |  
2019-08-29 09:40:47,817 | INFO  | SCMAudit | user=jenkins1000 | ip=192.168.69.87 | op=SEND_HEARTBEAT {datanodeUUID=129cf440-9aa6-4f56-b440-e84d0b76b9e5, command=[]} | ret=SUCCESS |  
2019-08-29 09:40:48,169 | INFO  | SCMAudit | user=jenkins1000 | ip=192.168.69.87 | op=SEND_HEARTBEAT {datanodeUUID=44638b28-be06-4149-9a11-87ab58c8e022, command=[]} | ret=SUCCESS |  
2019-08-29 09:40:48,271 | INFO  | SCMAudit | user=jenkins1000 | ip=192.168.69.87 | op=SEND_HEARTBEAT {datanodeUUID=73941da8-7b3a-43e7-8aff-0a9367598152, command=[]} | ret=SUCCESS |  
2019-08-29 09:40:48,346 | INFO  | SCMAudit | user=jenkins1000 | ip=192.168.69.87 | op=SEND_HEARTBEAT {datanodeUUID=c6f9d398-2eae-4a63-879f-a1d1bc55d1b3, command=[]} | ret=SUCCESS |  
2019-08-29 09:40:48,536 | INFO  | SCMAudit | user=jenkins1000 | ip=192.168.69.87 | op=SEND_HEARTBEAT {datanodeUUID=7a2e5536-d576-4bf3-9dec-9e4177d66979, command=[]} | ret=SUCCESS |  
2019-08-29 09:40:48,766 | INFO  | SCMAudit | user=jenkins1000 | ip=192.168.69.87 | op=SEND_HEARTBEAT {datanodeUUID=c8986603-afcd-4cf8-afcf-c6b45c0b43cc, command=[]} | ret=SUCCESS |  
2019-08-29 09:40:48,803 | INFO  | SCMAudit | user=jenkins1000 | ip=192.168.69.87 | op=SEND_HEARTBEAT {datanodeUUID=31202bf3-e3ef-401b-98b9-369e6d4f3507, command=[]} | ret=SUCCESS |  
2019-08-29 09:40:48,817 | INFO  | SCMAudit | user=jenkins1000 | ip=192.168.69.87 | op=SEND_HEARTBEAT {datanodeUUID=129cf440-9aa6-4f56-b440-e84d0b76b9e5, command=[]} | ret=SUCCESS |  
2019-08-29 09:40:49,169 | INFO  | SCMAudit | user=jenkins1000 | ip=192.168.69.87 | op=SEND_HEARTBEAT {datanodeUUID=44638b28-be06-4149-9a11-87ab58c8e022, command=[]} | ret=SUCCESS |  
2019-08-29 09:40:49,273 | INFO  | SCMAudit | user=jenkins1000 | ip=192.168.69.87 | op=SEND_HEARTBEAT {datanodeUUID=73941da8-7b3a-43e7-8aff-0a9367598152, command=[]} | ret=SUCCESS |  
2019-08-29 09:40:49,349 | INFO  | SCMAudit | user=jenkins1000 | ip=192.168.69.87 | op=SEND_HEARTBEAT {datanodeUUID=c6f9d398-2eae-4a63-879f-a1d1bc55d1b3, command=[]} | ret=SUCCESS |  
2019-08-29 09:40:49,536 | INFO  | SCMAudit | user=jenkins1000 | ip=192.168.69.87 | op=SEND_HEARTBEAT {datanodeUUID=7a2e5536-d576-4bf3-9dec-9e4177d66979, command=[]} | ret=SUCCESS |  
2019-08-29 09:40:49,766 | INFO  | SCMAudit | user=jenkins1000 | ip=192.168.69.87 | op=SEND_HEARTBEAT {datanodeUUID=c8986603-afcd-4cf8-afcf-c6b45c0b43cc, command=[]} | ret=SUCCESS |  
2019-08-29 09:40:49,803 | INFO  | SCMAudit | user=jenkins1000 | ip=192.168.69.87 | op=SEND_HEARTBEAT {datanodeUUID=31202bf3-e3ef-401b-98b9-369e6d4f3507, command=[]} | ret=SUCCESS |  
2019-08-29 09:40:49,817 | INFO  | SCMAudit | user=jenkins1000 | ip=192.168.69.87 | op=SEND_HEARTBEAT {datanodeUUID=129cf440-9aa6-4f56-b440-e84d0b76b9e5, command=[]} | ret=SUCCESS |  
2019-08-29 09:40:50,170 | INFO  | SCMAudit | user=jenkins1000 | ip=192.168.69.87 | op=SEND_HEARTBEAT {datanodeUUID=44638b28-be06-4149-9a11-87ab58c8e022, command=[]} | ret=SUCCESS |  
2019-08-29 09:40:50,209 [grpc-default-executor-6] INFO  client.GrpcClientProtocolClient (GrpcClientProtocolClient.java:onNext(255)) - client-166A520B6E3C->31202bf3-e3ef-401b-98b9-369e6d4f3507: receive RaftClientReply:client-166A520B6E3C->31202bf3-e3ef-401b-98b9-369e6d4f3507@group-7FC7981111D6, cid=45, FAILED org.apache.ratis.protocol.NotLeaderException: Server 31202bf3-e3ef-401b-98b9-369e6d4f3507 is not the leader (c8986603-afcd-4cf8-afcf-c6b45c0b43cc:192.168.69.87:46863). Request must be sent to leader., logIndex=0, commits[31202bf3-e3ef-401b-98b9-369e6d4f3507:c8, c8986603-afcd-4cf8-afcf-c6b45c0b43cc:c8, 129cf440-9aa6-4f56-b440-e84d0b76b9e5:c8]
2019-08-29 09:40:50,272 | INFO  | SCMAudit | user=jenkins1000 | ip=192.168.69.87 | op=SEND_HEARTBEAT {datanodeUUID=73941da8-7b3a-43e7-8aff-0a9367598152, command=[]} | ret=SUCCESS |  
2019-08-29 09:40:50,346 | INFO  | SCMAudit | user=jenkins1000 | ip=192.168.69.87 | op=SEND_HEARTBEAT {datanodeUUID=c6f9d398-2eae-4a63-879f-a1d1bc55d1b3, command=[]} | ret=SUCCESS |  
2019-08-29 09:40:50,537 | INFO  | SCMAudit | user=jenkins1000 | ip=192.168.69.87 | op=SEND_HEARTBEAT {datanodeUUID=7a2e5536-d576-4bf3-9dec-9e4177d66979, command=[]} | ret=SUCCESS |  
2019-08-29 09:40:50,766 | INFO  | SCMAudit | user=jenkins1000 | ip=192.168.69.87 | op=SEND_HEARTBEAT {datanodeUUID=c8986603-afcd-4cf8-afcf-c6b45c0b43cc, command=[]} | ret=SUCCESS |  
2019-08-29 09:40:50,803 | INFO  | SCMAudit | user=jenkins1000 | ip=192.168.69.87 | op=SEND_HEARTBEAT {datanodeUUID=31202bf3-e3ef-401b-98b9-369e6d4f3507, command=[]} | ret=SUCCESS |  
2019-08-29 09:40:50,817 | INFO  | SCMAudit | user=jenkins1000 | ip=192.168.69.87 | op=SEND_HEARTBEAT {datanodeUUID=129cf440-9aa6-4f56-b440-e84d0b76b9e5, command=[]} | ret=SUCCESS |  
2019-08-29 09:40:51,169 | INFO  | SCMAudit | user=jenkins1000 | ip=192.168.69.87 | op=SEND_HEARTBEAT {datanodeUUID=44638b28-be06-4149-9a11-87ab58c8e022, command=[]} | ret=SUCCESS |  
2019-08-29 09:40:51,272 | INFO  | SCMAudit | user=jenkins1000 | ip=192.168.69.87 | op=SEND_HEARTBEAT {datanodeUUID=73941da8-7b3a-43e7-8aff-0a9367598152, command=[]} | ret=SUCCESS |  
2019-08-29 09:40:51,346 | INFO  | SCMAudit | user=jenkins1000 | ip=192.168.69.87 | op=SEND_HEARTBEAT {datanodeUUID=c6f9d398-2eae-4a63-879f-a1d1bc55d1b3, command=[]} | ret=SUCCESS |  
2019-08-29 09:40:51,536 | INFO  | SCMAudit | user=jenkins1000 | ip=192.168.69.87 | op=SEND_HEARTBEAT {datanodeUUID=7a2e5536-d576-4bf3-9dec-9e4177d66979, command=[]} | ret=SUCCESS |  
2019-08-29 09:40:51,766 | INFO  | SCMAudit | user=jenkins1000 | ip=192.168.69.87 | op=SEND_HEARTBEAT {datanodeUUID=c8986603-afcd-4cf8-afcf-c6b45c0b43cc, command=[]} | ret=SUCCESS |  
2019-08-29 09:40:51,803 | INFO  | SCMAudit | user=jenkins1000 | ip=192.168.69.87 | op=SEND_HEARTBEAT {datanodeUUID=31202bf3-e3ef-401b-98b9-369e6d4f3507, command=[]} | ret=SUCCESS |  
2019-08-29 09:40:51,817 | INFO  | SCMAudit | user=jenkins1000 | ip=192.168.69.87 | op=SEND_HEARTBEAT {datanodeUUID=129cf440-9aa6-4f56-b440-e84d0b76b9e5, command=[]} | ret=SUCCESS |  
2019-08-29 09:40:52,169 | INFO  | SCMAudit | user=jenkins1000 | ip=192.168.69.87 | op=SEND_HEARTBEAT {datanodeUUID=44638b28-be06-4149-9a11-87ab58c8e022, command=[]} | ret=SUCCESS |  
2019-08-29 09:40:52,272 | INFO  | SCMAudit | user=jenkins1000 | ip=192.168.69.87 | op=SEND_HEARTBEAT {datanodeUUID=73941da8-7b3a-43e7-8aff-0a9367598152, command=[]} | ret=SUCCESS |  
2019-08-29 09:40:52,346 | INFO  | SCMAudit | user=jenkins1000 | ip=192.168.69.87 | op=SEND_HEARTBEAT {datanodeUUID=c6f9d398-2eae-4a63-879f-a1d1bc55d1b3, command=[]} | ret=SUCCESS |  
2019-08-29 09:40:52,536 | INFO  | SCMAudit | user=jenkins1000 | ip=192.168.69.87 | op=SEND_HEARTBEAT {datanodeUUID=7a2e5536-d576-4bf3-9dec-9e4177d66979, command=[]} | ret=SUCCESS |  
2019-08-29 09:40:52,766 | INFO  | SCMAudit | user=jenkins1000 | ip=192.168.69.87 | op=SEND_HEARTBEAT {datanodeUUID=c8986603-afcd-4cf8-afcf-c6b45c0b43cc, command=[]} | ret=SUCCESS |  
2019-08-29 09:40:52,804 | INFO  | SCMAudit | user=jenkins1000 | ip=192.168.69.87 | op=SEND_HEARTBEAT {datanodeUUID=31202bf3-e3ef-401b-98b9-369e6d4f3507, command=[]} | ret=SUCCESS |  
2019-08-29 09:40:52,817 | INFO  | SCMAudit | user=jenkins1000 | ip=192.168.69.87 | op=SEND_HEARTBEAT {datanodeUUID=129cf440-9aa6-4f56-b440-e84d0b76b9e5, command=[]} | ret=SUCCESS |  
2019-08-29 09:40:53,169 | INFO  | SCMAudit | user=jenkins1000 | ip=192.168.69.87 | op=SEND_HEARTBEAT {datanodeUUID=44638b28-be06-4149-9a11-87ab58c8e022, command=[]} | ret=SUCCESS |  
2019-08-29 09:40:53,273 | INFO  | SCMAudit | user=jenkins1000 | ip=192.168.69.87 | op=SEND_HEARTBEAT {datanodeUUID=73941da8-7b3a-43e7-8aff-0a9367598152, command=[]} | ret=SUCCESS |  
2019-08-29 09:40:53,347 | INFO  | SCMAudit | user=jenkins1000 | ip=192.168.69.87 | op=SEND_HEARTBEAT {datanodeUUID=c6f9d398-2eae-4a63-879f-a1d1bc55d1b3, command=[]} | ret=SUCCESS |  
2019-08-29 09:40:53,536 | INFO  | SCMAudit | user=jenkins1000 | ip=192.168.69.87 | op=SEND_HEARTBEAT {datanodeUUID=7a2e5536-d576-4bf3-9dec-9e4177d66979, command=[]} | ret=SUCCESS |  
2019-08-29 09:40:53,766 | INFO  | SCMAudit | user=jenkins1000 | ip=192.168.69.87 | op=SEND_HEARTBEAT {datanodeUUID=c8986603-afcd-4cf8-afcf-c6b45c0b43cc, command=[]} | ret=SUCCESS |  
2019-08-29 09:40:53,804 | INFO  | SCMAudit | user=jenkins1000 | ip=192.168.69.87 | op=SEND_HEARTBEAT {datanodeUUID=31202bf3-e3ef-401b-98b9-369e6d4f3507, command=[]} | ret=SUCCESS |  
2019-08-29 09:40:53,817 | INFO  | SCMAudit | user=jenkins1000 | ip=192.168.69.87 | op=SEND_HEARTBEAT {datanodeUUID=129cf440-9aa6-4f56-b440-e84d0b76b9e5, command=[]} | ret=SUCCESS |  
2019-08-29 09:40:54,169 | INFO  | SCMAudit | user=jenkins1000 | ip=192.168.69.87 | op=SEND_HEARTBEAT {datanodeUUID=44638b28-be06-4149-9a11-87ab58c8e022, command=[]} | ret=SUCCESS |  
2019-08-29 09:40:54,273 | INFO  | SCMAudit | user=jenkins1000 | ip=192.168.69.87 | op=SEND_HEARTBEAT {datanodeUUID=73941da8-7b3a-43e7-8aff-0a9367598152, command=[]} | ret=SUCCESS |  
2019-08-29 09:40:54,346 | INFO  | SCMAudit | user=jenkins1000 | ip=192.168.69.87 | op=SEND_HEARTBEAT {datanodeUUID=c6f9d398-2eae-4a63-879f-a1d1bc55d1b3, command=[]} | ret=SUCCESS |  
2019-08-29 09:40:54,536 | INFO  | SCMAudit | user=jenkins1000 | ip=192.168.69.87 | op=SEND_HEARTBEAT {datanodeUUID=7a2e5536-d576-4bf3-9dec-9e4177d66979, command=[]} | ret=SUCCESS |  
2019-08-29 09:40:54,766 | INFO  | SCMAudit | user=jenkins1000 | ip=192.168.69.87 | op=SEND_HEARTBEAT {datanodeUUID=c8986603-afcd-4cf8-afcf-c6b45c0b43cc, command=[]} | ret=SUCCESS |  
2019-08-29 09:40:54,804 | INFO  | SCMAudit | user=jenkins1000 | ip=192.168.69.87 | op=SEND_HEARTBEAT {datanodeUUID=31202bf3-e3ef-401b-98b9-369e6d4f3507, command=[]} | ret=SUCCESS |  
2019-08-29 09:40:54,818 | INFO  | SCMAudit | user=jenkins1000 | ip=192.168.69.87 | op=SEND_HEARTBEAT {datanodeUUID=129cf440-9aa6-4f56-b440-e84d0b76b9e5, command=[]} | ret=SUCCESS |  
2019-08-29 09:40:55,170 | INFO  | SCMAudit | user=jenkins1000 | ip=192.168.69.87 | op=SEND_HEARTBEAT {datanodeUUID=44638b28-be06-4149-9a11-87ab58c8e022, command=[]} | ret=SUCCESS |  
2019-08-29 09:40:55,250 [grpc-default-executor-6] INFO  client.GrpcClientProtocolClient (GrpcClientProtocolClient.java:onNext(255)) - client-166A520B6E3C->31202bf3-e3ef-401b-98b9-369e6d4f3507: receive RaftClientReply:client-166A520B6E3C->31202bf3-e3ef-401b-98b9-369e6d4f3507@group-7FC7981111D6, cid=45, FAILED org.apache.ratis.protocol.NotLeaderException: Server 31202bf3-e3ef-401b-98b9-369e6d4f3507 is not the leader (c8986603-afcd-4cf8-afcf-c6b45c0b43cc:192.168.69.87:46863). Request must be sent to leader., logIndex=0, commits[31202bf3-e3ef-401b-98b9-369e6d4f3507:c8, c8986603-afcd-4cf8-afcf-c6b45c0b43cc:c8, 129cf440-9aa6-4f56-b440-e84d0b76b9e5:c8]
2019-08-29 09:40:55,273 | INFO  | SCMAudit | user=jenkins1000 | ip=192.168.69.87 | op=SEND_HEARTBEAT {datanodeUUID=73941da8-7b3a-43e7-8aff-0a9367598152, command=[]} | ret=SUCCESS |  
2019-08-29 09:40:55,346 | INFO  | SCMAudit | user=jenkins1000 | ip=192.168.69.87 | op=SEND_HEARTBEAT {datanodeUUID=c6f9d398-2eae-4a63-879f-a1d1bc55d1b3, command=[]} | ret=SUCCESS |  
2019-08-29 09:40:55,536 | INFO  | SCMAudit | user=jenkins1000 | ip=192.168.69.87 | op=SEND_HEARTBEAT {datanodeUUID=7a2e5536-d576-4bf3-9dec-9e4177d66979, command=[]} | ret=SUCCESS |  
2019-08-29 09:40:55,767 | INFO  | SCMAudit | user=jenkins1000 | ip=192.168.69.87 | op=SEND_HEARTBEAT {datanodeUUID=c8986603-afcd-4cf8-afcf-c6b45c0b43cc, command=[]} | ret=SUCCESS |  
2019-08-29 09:40:55,804 | INFO  | SCMAudit | user=jenkins1000 | ip=192.168.69.87 | op=SEND_HEARTBEAT {datanodeUUID=31202bf3-e3ef-401b-98b9-369e6d4f3507, command=[]} | ret=SUCCESS |  
2019-08-29 09:40:55,817 | INFO  | SCMAudit | user=jenkins1000 | ip=192.168.69.87 | op=SEND_HEARTBEAT {datanodeUUID=129cf440-9aa6-4f56-b440-e84d0b76b9e5, command=[]} | ret=SUCCESS |  
2019-08-29 09:40:56,169 | INFO  | SCMAudit | user=jenkins1000 | ip=192.168.69.87 | op=SEND_HEARTBEAT {datanodeUUID=44638b28-be06-4149-9a11-87ab58c8e022, command=[]} | ret=SUCCESS |  
2019-08-29 09:40:56,273 | INFO  | SCMAudit | user=jenkins1000 | ip=192.168.69.87 | op=SEND_HEARTBEAT {datanodeUUID=73941da8-7b3a-43e7-8aff-0a9367598152, command=[]} | ret=SUCCESS |  
2019-08-29 09:40:56,346 | INFO  | SCMAudit | user=jenkins1000 | ip=192.168.69.87 | op=SEND_HEARTBEAT {datanodeUUID=c6f9d398-2eae-4a63-879f-a1d1bc55d1b3, command=[]} | ret=SUCCESS |  
2019-08-29 09:40:56,536 | INFO  | SCMAudit | user=jenkins1000 | ip=192.168.69.87 | op=SEND_HEARTBEAT {datanodeUUID=7a2e5536-d576-4bf3-9dec-9e4177d66979, command=[]} | ret=SUCCESS |  
2019-08-29 09:40:56,767 | INFO  | SCMAudit | user=jenkins1000 | ip=192.168.69.87 | op=SEND_HEARTBEAT {datanodeUUID=c8986603-afcd-4cf8-afcf-c6b45c0b43cc, command=[]} | ret=SUCCESS |  
2019-08-29 09:40:56,804 | INFO  | SCMAudit | user=jenkins1000 | ip=192.168.69.87 | op=SEND_HEARTBEAT {datanodeUUID=31202bf3-e3ef-401b-98b9-369e6d4f3507, command=[]} | ret=SUCCESS |  
2019-08-29 09:40:56,817 | INFO  | SCMAudit | user=jenkins1000 | ip=192.168.69.87 | op=SEND_HEARTBEAT {datanodeUUID=129cf440-9aa6-4f56-b440-e84d0b76b9e5, command=[]} | ret=SUCCESS |  
2019-08-29 09:40:57,169 | INFO  | SCMAudit | user=jenkins1000 | ip=192.168.69.87 | op=SEND_HEARTBEAT {datanodeUUID=44638b28-be06-4149-9a11-87ab58c8e022, command=[]} | ret=SUCCESS |  
2019-08-29 09:40:57,273 | INFO  | SCMAudit | user=jenkins1000 | ip=192.168.69.87 | op=SEND_HEARTBEAT {datanodeUUID=73941da8-7b3a-43e7-8aff-0a9367598152, command=[]} | ret=SUCCESS |  
2019-08-29 09:40:57,346 | INFO  | SCMAudit | user=jenkins1000 | ip=192.168.69.87 | op=SEND_HEARTBEAT {datanodeUUID=c6f9d398-2eae-4a63-879f-a1d1bc55d1b3, command=[]} | ret=SUCCESS |  
2019-08-29 09:40:57,536 | INFO  | SCMAudit | user=jenkins1000 | ip=192.168.69.87 | op=SEND_HEARTBEAT {datanodeUUID=7a2e5536-d576-4bf3-9dec-9e4177d66979, command=[]} | ret=SUCCESS |  
2019-08-29 09:40:57,767 | INFO  | SCMAudit | user=jenkins1000 | ip=192.168.69.87 | op=SEND_HEARTBEAT {datanodeUUID=c8986603-afcd-4cf8-afcf-c6b45c0b43cc, command=[]} | ret=SUCCESS |  
2019-08-29 09:40:57,804 | INFO  | SCMAudit | user=jenkins1000 | ip=192.168.69.87 | op=SEND_HEARTBEAT {datanodeUUID=31202bf3-e3ef-401b-98b9-369e6d4f3507, command=[]} | ret=SUCCESS |  
2019-08-29 09:40:57,817 | INFO  | SCMAudit | user=jenkins1000 | ip=192.168.69.87 | op=SEND_HEARTBEAT {datanodeUUID=129cf440-9aa6-4f56-b440-e84d0b76b9e5, command=[]} | ret=SUCCESS |  
2019-08-29 09:40:58,169 | INFO  | SCMAudit | user=jenkins1000 | ip=192.168.69.87 | op=SEND_HEARTBEAT {datanodeUUID=44638b28-be06-4149-9a11-87ab58c8e022, command=[]} | ret=SUCCESS |  
2019-08-29 09:40:58,273 | INFO  | SCMAudit | user=jenkins1000 | ip=192.168.69.87 | op=SEND_HEARTBEAT {datanodeUUID=73941da8-7b3a-43e7-8aff-0a9367598152, command=[]} | ret=SUCCESS |  
2019-08-29 09:40:58,347 | INFO  | SCMAudit | user=jenkins1000 | ip=192.168.69.87 | op=SEND_HEARTBEAT {datanodeUUID=c6f9d398-2eae-4a63-879f-a1d1bc55d1b3, command=[]} | ret=SUCCESS |  
2019-08-29 09:40:58,536 | INFO  | SCMAudit | user=jenkins1000 | ip=192.168.69.87 | op=SEND_HEARTBEAT {datanodeUUID=7a2e5536-d576-4bf3-9dec-9e4177d66979, command=[]} | ret=SUCCESS |  
2019-08-29 09:40:58,767 | INFO  | SCMAudit | user=jenkins1000 | ip=192.168.69.87 | op=SEND_HEARTBEAT {datanodeUUID=c8986603-afcd-4cf8-afcf-c6b45c0b43cc, command=[]} | ret=SUCCESS |  
2019-08-29 09:40:58,804 | INFO  | SCMAudit | user=jenkins1000 | ip=192.168.69.87 | op=SEND_HEARTBEAT {datanodeUUID=31202bf3-e3ef-401b-98b9-369e6d4f3507, command=[]} | ret=SUCCESS |  
2019-08-29 09:40:58,817 | INFO  | SCMAudit | user=jenkins1000 | ip=192.168.69.87 | op=SEND_HEARTBEAT {datanodeUUID=129cf440-9aa6-4f56-b440-e84d0b76b9e5, command=[]} | ret=SUCCESS |  
2019-08-29 09:40:59,169 | INFO  | SCMAudit | user=jenkins1000 | ip=192.168.69.87 | op=SEND_HEARTBEAT {datanodeUUID=44638b28-be06-4149-9a11-87ab58c8e022, command=[]} | ret=SUCCESS |  
2019-08-29 09:40:59,273 | INFO  | SCMAudit | user=jenkins1000 | ip=192.168.69.87 | op=SEND_HEARTBEAT {datanodeUUID=73941da8-7b3a-43e7-8aff-0a9367598152, command=[]} | ret=SUCCESS |  
2019-08-29 09:40:59,346 | INFO  | SCMAudit | user=jenkins1000 | ip=192.168.69.87 | op=SEND_HEARTBEAT {datanodeUUID=c6f9d398-2eae-4a63-879f-a1d1bc55d1b3, command=[]} | ret=SUCCESS |  
2019-08-29 09:40:59,536 | INFO  | SCMAudit | user=jenkins1000 | ip=192.168.69.87 | op=SEND_HEARTBEAT {datanodeUUID=7a2e5536-d576-4bf3-9dec-9e4177d66979, command=[]} | ret=SUCCESS |  
2019-08-29 09:40:59,767 | INFO  | SCMAudit | user=jenkins1000 | ip=192.168.69.87 | op=SEND_HEARTBEAT {datanodeUUID=c8986603-afcd-4cf8-afcf-c6b45c0b43cc, command=[]} | ret=SUCCESS |  
2019-08-29 09:40:59,805 | INFO  | SCMAudit | user=jenkins1000 | ip=192.168.69.87 | op=SEND_HEARTBEAT {datanodeUUID=31202bf3-e3ef-401b-98b9-369e6d4f3507, command=[]} | ret=SUCCESS |  
2019-08-29 09:40:59,817 | INFO  | SCMAudit | user=jenkins1000 | ip=192.168.69.87 | op=SEND_HEARTBEAT {datanodeUUID=129cf440-9aa6-4f56-b440-e84d0b76b9e5, command=[]} | ret=SUCCESS |  
2019-08-29 09:41:00,170 | INFO  | SCMAudit | user=jenkins1000 | ip=192.168.69.87 | op=SEND_HEARTBEAT {datanodeUUID=44638b28-be06-4149-9a11-87ab58c8e022, command=[]} | ret=SUCCESS |  
2019-08-29 09:41:00,274 | INFO  | SCMAudit | user=jenkins1000 | ip=192.168.69.87 | op=SEND_HEARTBEAT {datanodeUUID=73941da8-7b3a-43e7-8aff-0a9367598152, command=[]} | ret=SUCCESS |  
2019-08-29 09:41:00,284 [grpc-default-executor-6] INFO  client.GrpcClientProtocolClient (GrpcClientProtocolClient.java:onNext(255)) - client-166A520B6E3C->31202bf3-e3ef-401b-98b9-369e6d4f3507: receive RaftClientReply:client-166A520B6E3C->31202bf3-e3ef-401b-98b9-369e6d4f3507@group-7FC7981111D6, cid=45, FAILED org.apache.ratis.protocol.NotLeaderException: Server 31202bf3-e3ef-401b-98b9-369e6d4f3507 is not the leader (c8986603-afcd-4cf8-afcf-c6b45c0b43cc:192.168.69.87:46863). Request must be sent to leader., logIndex=0, commits[31202bf3-e3ef-401b-98b9-369e6d4f3507:c8, c8986603-afcd-4cf8-afcf-c6b45c0b43cc:c8, 129cf440-9aa6-4f56-b440-e84d0b76b9e5:c8]
2019-08-29 09:41:00,346 | INFO  | SCMAudit | user=jenkins1000 | ip=192.168.69.87 | op=SEND_HEARTBEAT {datanodeUUID=c6f9d398-2eae-4a63-879f-a1d1bc55d1b3, command=[]} | ret=SUCCESS |  
2019-08-29 09:41:00,537 | INFO  | SCMAudit | user=jenkins1000 | ip=192.168.69.87 | op=SEND_HEARTBEAT {datanodeUUID=7a2e5536-d576-4bf3-9dec-9e4177d66979, command=[]} | ret=SUCCESS |  
2019-08-29 09:41:00,768 | INFO  | SCMAudit | user=jenkins1000 | ip=192.168.69.87 | op=SEND_HEARTBEAT {datanodeUUID=c8986603-afcd-4cf8-afcf-c6b45c0b43cc, command=[]} | ret=SUCCESS |  
2019-08-29 09:41:00,804 | INFO  | SCMAudit | user=jenkins1000 | ip=192.168.69.87 | op=SEND_HEARTBEAT {datanodeUUID=31202bf3-e3ef-401b-98b9-369e6d4f3507, command=[]} | ret=SUCCESS |  
2019-08-29 09:41:00,817 | INFO  | SCMAudit | user=jenkins1000 | ip=192.168.69.87 | op=SEND_HEARTBEAT {datanodeUUID=129cf440-9aa6-4f56-b440-e84d0b76b9e5, command=[]} | ret=SUCCESS |  
2019-08-29 09:41:01,169 | INFO  | SCMAudit | user=jenkins1000 | ip=192.168.69.87 | op=SEND_HEARTBEAT {datanodeUUID=44638b28-be06-4149-9a11-87ab58c8e022, command=[]} | ret=SUCCESS |  
2019-08-29 09:41:01,273 | INFO  | SCMAudit | user=jenkins1000 | ip=192.168.69.87 | op=SEND_HEARTBEAT {datanodeUUID=73941da8-7b3a-43e7-8aff-0a9367598152, command=[]} | ret=SUCCESS |  
2019-08-29 09:41:01,347 | INFO  | SCMAudit | user=jenkins1000 | ip=192.168.69.87 | op=SEND_HEARTBEAT {datanodeUUID=c6f9d398-2eae-4a63-879f-a1d1bc55d1b3, command=[]} | ret=SUCCESS |  
2019-08-29 09:41:01,537 | INFO  | SCMAudit | user=jenkins1000 | ip=192.168.69.87 | op=SEND_HEARTBEAT {datanodeUUID=7a2e5536-d576-4bf3-9dec-9e4177d66979, command=[]} | ret=SUCCESS |  
2019-08-29 09:41:01,767 | INFO  | SCMAudit | user=jenkins1000 | ip=192.168.69.87 | op=SEND_HEARTBEAT {datanodeUUID=c8986603-afcd-4cf8-afcf-c6b45c0b43cc, command=[]} | ret=SUCCESS |  
2019-08-29 09:41:01,804 | INFO  | SCMAudit | user=jenkins1000 | ip=192.168.69.87 | op=SEND_HEARTBEAT {datanodeUUID=31202bf3-e3ef-401b-98b9-369e6d4f3507, command=[]} | ret=SUCCESS |  
2019-08-29 09:41:01,817 | INFO  | SCMAudit | user=jenkins1000 | ip=192.168.69.87 | op=SEND_HEARTBEAT {datanodeUUID=129cf440-9aa6-4f56-b440-e84d0b76b9e5, command=[]} | ret=SUCCESS |  
2019-08-29 09:41:02,169 | INFO  | SCMAudit | user=jenkins1000 | ip=192.168.69.87 | op=SEND_HEARTBEAT {datanodeUUID=44638b28-be06-4149-9a11-87ab58c8e022, command=[]} | ret=SUCCESS |  
2019-08-29 09:41:02,273 | INFO  | SCMAudit | user=jenkins1000 | ip=192.168.69.87 | op=SEND_HEARTBEAT {datanodeUUID=73941da8-7b3a-43e7-8aff-0a9367598152, command=[]} | ret=SUCCESS |  
2019-08-29 09:41:02,346 | INFO  | SCMAudit | user=jenkins1000 | ip=192.168.69.87 | op=SEND_HEARTBEAT {datanodeUUID=c6f9d398-2eae-4a63-879f-a1d1bc55d1b3, command=[]} | ret=SUCCESS |  
2019-08-29 09:41:02,537 | INFO  | SCMAudit | user=jenkins1000 | ip=192.168.69.87 | op=SEND_HEARTBEAT {datanodeUUID=7a2e5536-d576-4bf3-9dec-9e4177d66979, command=[]} | ret=SUCCESS |  
2019-08-29 09:41:02,767 | INFO  | SCMAudit | user=jenkins1000 | ip=192.168.69.87 | op=SEND_HEARTBEAT {datanodeUUID=c8986603-afcd-4cf8-afcf-c6b45c0b43cc, command=[]} | ret=SUCCESS |  
2019-08-29 09:41:02,804 | INFO  | SCMAudit | user=jenkins1000 | ip=192.168.69.87 | op=SEND_HEARTBEAT {datanodeUUID=31202bf3-e3ef-401b-98b9-369e6d4f3507, command=[]} | ret=SUCCESS |  
2019-08-29 09:41:02,817 | INFO  | SCMAudit | user=jenkins1000 | ip=192.168.69.87 | op=SEND_HEARTBEAT {datanodeUUID=129cf440-9aa6-4f56-b440-e84d0b76b9e5, command=[]} | ret=SUCCESS |  
2019-08-29 09:41:03,170 | INFO  | SCMAudit | user=jenkins1000 | ip=192.168.69.87 | op=SEND_HEARTBEAT {datanodeUUID=44638b28-be06-4149-9a11-87ab58c8e022, command=[]} | ret=SUCCESS |  
2019-08-29 09:41:03,274 | INFO  | SCMAudit | user=jenkins1000 | ip=192.168.69.87 | op=SEND_HEARTBEAT {datanodeUUID=73941da8-7b3a-43e7-8aff-0a9367598152, command=[]} | ret=SUCCESS |  
2019-08-29 09:41:03,346 | INFO  | SCMAudit | user=jenkins1000 | ip=192.168.69.87 | op=SEND_HEARTBEAT {datanodeUUID=c6f9d398-2eae-4a63-879f-a1d1bc55d1b3, command=[]} | ret=SUCCESS |  
2019-08-29 09:41:03,537 | INFO  | SCMAudit | user=jenkins1000 | ip=192.168.69.87 | op=SEND_HEARTBEAT {datanodeUUID=7a2e5536-d576-4bf3-9dec-9e4177d66979, command=[]} | ret=SUCCESS |  
2019-08-29 09:41:03,767 | INFO  | SCMAudit | user=jenkins1000 | ip=192.168.69.87 | op=SEND_HEARTBEAT {datanodeUUID=c8986603-afcd-4cf8-afcf-c6b45c0b43cc, command=[]} | ret=SUCCESS |  
2019-08-29 09:41:03,804 | INFO  | SCMAudit | user=jenkins1000 | ip=192.168.69.87 | op=SEND_HEARTBEAT {datanodeUUID=31202bf3-e3ef-401b-98b9-369e6d4f3507, command=[]} | ret=SUCCESS |  
2019-08-29 09:41:03,817 | INFO  | SCMAudit | user=jenkins1000 | ip=192.168.69.87 | op=SEND_HEARTBEAT {datanodeUUID=129cf440-9aa6-4f56-b440-e84d0b76b9e5, command=[]} | ret=SUCCESS |  
2019-08-29 09:41:04,169 | INFO  | SCMAudit | user=jenkins1000 | ip=192.168.69.87 | op=SEND_HEARTBEAT {datanodeUUID=44638b28-be06-4149-9a11-87ab58c8e022, command=[]} | ret=SUCCESS |  
2019-08-29 09:41:04,273 | INFO  | SCMAudit | user=jenkins1000 | ip=192.168.69.87 | op=SEND_HEARTBEAT {datanodeUUID=73941da8-7b3a-43e7-8aff-0a9367598152, command=[]} | ret=SUCCESS |  
2019-08-29 09:41:04,347 | INFO  | SCMAudit | user=jenkins1000 | ip=192.168.69.87 | op=SEND_HEARTBEAT {datanodeUUID=c6f9d398-2eae-4a63-879f-a1d1bc55d1b3, command=[]} | ret=SUCCESS |  
2019-08-29 09:41:04,537 | INFO  | SCMAudit | user=jenkins1000 | ip=192.168.69.87 | op=SEND_HEARTBEAT {datanodeUUID=7a2e5536-d576-4bf3-9dec-9e4177d66979, command=[]} | ret=SUCCESS |  
2019-08-29 09:41:04,767 | INFO  | SCMAudit | user=jenkins1000 | ip=192.168.69.87 | op=SEND_HEARTBEAT {datanodeUUID=c8986603-afcd-4cf8-afcf-c6b45c0b43cc, command=[]} | ret=SUCCESS |  
2019-08-29 09:41:04,805 | INFO  | SCMAudit | user=jenkins1000 | ip=192.168.69.87 | op=SEND_HEARTBEAT {datanodeUUID=31202bf3-e3ef-401b-98b9-369e6d4f3507, command=[]} | ret=SUCCESS |  
2019-08-29 09:41:04,817 | INFO  | SCMAudit | user=jenkins1000 | ip=192.168.69.87 | op=SEND_HEARTBEAT {datanodeUUID=129cf440-9aa6-4f56-b440-e84d0b76b9e5, command=[]} | ret=SUCCESS |  
2019-08-29 09:41:05,169 | INFO  | SCMAudit | user=jenkins1000 | ip=192.168.69.87 | op=SEND_HEARTBEAT {datanodeUUID=44638b28-be06-4149-9a11-87ab58c8e022, command=[]} | ret=SUCCESS |  
2019-08-29 09:41:05,273 | INFO  | SCMAudit | user=jenkins1000 | ip=192.168.69.87 | op=SEND_HEARTBEAT {datanodeUUID=73941da8-7b3a-43e7-8aff-0a9367598152, command=[]} | ret=SUCCESS |  
2019-08-29 09:41:05,320 [grpc-default-executor-6] INFO  client.GrpcClientProtocolClient (GrpcClientProtocolClient.java:onNext(255)) - client-166A520B6E3C->31202bf3-e3ef-401b-98b9-369e6d4f3507: receive RaftClientReply:client-166A520B6E3C->31202bf3-e3ef-401b-98b9-369e6d4f3507@group-7FC7981111D6, cid=45, FAILED org.apache.ratis.protocol.NotLeaderException: Server 31202bf3-e3ef-401b-98b9-369e6d4f3507 is not the leader (c8986603-afcd-4cf8-afcf-c6b45c0b43cc:192.168.69.87:46863). Request must be sent to leader., logIndex=0, commits[31202bf3-e3ef-401b-98b9-369e6d4f3507:c8, c8986603-afcd-4cf8-afcf-c6b45c0b43cc:c8, 129cf440-9aa6-4f56-b440-e84d0b76b9e5:c8]
2019-08-29 09:41:05,346 | INFO  | SCMAudit | user=jenkins1000 | ip=192.168.69.87 | op=SEND_HEARTBEAT {datanodeUUID=c6f9d398-2eae-4a63-879f-a1d1bc55d1b3, command=[]} | ret=SUCCESS |  
2019-08-29 09:41:05,538 | INFO  | SCMAudit | user=jenkins1000 | ip=192.168.69.87 | op=SEND_HEARTBEAT {datanodeUUID=7a2e5536-d576-4bf3-9dec-9e4177d66979, command=[]} | ret=SUCCESS |  
2019-08-29 09:41:05,768 | INFO  | SCMAudit | user=jenkins1000 | ip=192.168.69.87 | op=SEND_HEARTBEAT {datanodeUUID=c8986603-afcd-4cf8-afcf-c6b45c0b43cc, command=[]} | ret=SUCCESS |  
2019-08-29 09:41:05,805 | INFO  | SCMAudit | user=jenkins1000 | ip=192.168.69.87 | op=SEND_HEARTBEAT {datanodeUUID=31202bf3-e3ef-401b-98b9-369e6d4f3507, command=[]} | ret=SUCCESS |  
2019-08-29 09:41:05,817 | INFO  | SCMAudit | user=jenkins1000 | ip=192.168.69.87 | op=SEND_HEARTBEAT {datanodeUUID=129cf440-9aa6-4f56-b440-e84d0b76b9e5, command=[]} | ret=SUCCESS |  
2019-08-29 09:41:06,170 | INFO  | SCMAudit | user=jenkins1000 | ip=192.168.69.87 | op=SEND_HEARTBEAT {datanodeUUID=44638b28-be06-4149-9a11-87ab58c8e022, command=[]} | ret=SUCCESS |  
2019-08-29 09:41:06,274 | INFO  | SCMAudit | user=jenkins1000 | ip=192.168.69.87 | op=SEND_HEARTBEAT {datanodeUUID=73941da8-7b3a-43e7-8aff-0a9367598152, command=[]} | ret=SUCCESS |  
2019-08-29 09:41:06,346 | INFO  | SCMAudit | user=jenkins1000 | ip=192.168.69.87 | op=SEND_HEARTBEAT {datanodeUUID=c6f9d398-2eae-4a63-879f-a1d1bc55d1b3, command=[]} | ret=SUCCESS |  
2019-08-29 09:41:06,538 | INFO  | SCMAudit | user=jenkins1000 | ip=192.168.69.87 | op=SEND_HEARTBEAT {datanodeUUID=7a2e5536-d576-4bf3-9dec-9e4177d66979, command=[]} | ret=SUCCESS |  
2019-08-29 09:41:06,767 | INFO  | SCMAudit | user=jenkins1000 | ip=192.168.69.87 | op=SEND_HEARTBEAT {datanodeUUID=c8986603-afcd-4cf8-afcf-c6b45c0b43cc, command=[]} | ret=SUCCESS |  
2019-08-29 09:41:06,806 | INFO  | SCMAudit | user=jenkins1000 | ip=192.168.69.87 | op=SEND_HEARTBEAT {datanodeUUID=31202bf3-e3ef-401b-98b9-369e6d4f3507, command=[]} | ret=SUCCESS |  
2019-08-29 09:41:06,817 | INFO  | SCMAudit | user=jenkins1000 | ip=192.168.69.87 | op=SEND_HEARTBEAT {datanodeUUID=129cf440-9aa6-4f56-b440-e84d0b76b9e5, command=[]} | ret=SUCCESS |  
2019-08-29 09:41:07,169 | INFO  | SCMAudit | user=jenkins1000 | ip=192.168.69.87 | op=SEND_HEARTBEAT {datanodeUUID=44638b28-be06-4149-9a11-87ab58c8e022, command=[]} | ret=SUCCESS |  
2019-08-29 09:41:07,273 | INFO  | SCMAudit | user=jenkins1000 | ip=192.168.69.87 | op=SEND_HEARTBEAT {datanodeUUID=73941da8-7b3a-43e7-8aff-0a9367598152, command=[]} | ret=SUCCESS |  
2019-08-29 09:41:07,347 | INFO  | SCMAudit | user=jenkins1000 | ip=192.168.69.87 | op=SEND_HEARTBEAT {datanodeUUID=c6f9d398-2eae-4a63-879f-a1d1bc55d1b3, command=[]} | ret=SUCCESS |  
2019-08-29 09:41:07,538 | INFO  | SCMAudit | user=jenkins1000 | ip=192.168.69.87 | op=SEND_HEARTBEAT {datanodeUUID=7a2e5536-d576-4bf3-9dec-9e4177d66979, command=[]} | ret=SUCCESS |  
2019-08-29 09:41:07,767 | INFO  | SCMAudit | user=jenkins1000 | ip=192.168.69.87 | op=SEND_HEARTBEAT {datanodeUUID=c8986603-afcd-4cf8-afcf-c6b45c0b43cc, command=[]} | ret=SUCCESS |  
2019-08-29 09:41:07,805 | INFO  | SCMAudit | user=jenkins1000 | ip=192.168.69.87 | op=SEND_HEARTBEAT {datanodeUUID=31202bf3-e3ef-401b-98b9-369e6d4f3507, command=[]} | ret=SUCCESS |  
2019-08-29 09:41:07,817 | INFO  | SCMAudit | user=jenkins1000 | ip=192.168.69.87 | op=SEND_HEARTBEAT {datanodeUUID=129cf440-9aa6-4f56-b440-e84d0b76b9e5, command=[]} | ret=SUCCESS |  
2019-08-29 09:41:08,169 | INFO  | SCMAudit | user=jenkins1000 | ip=192.168.69.87 | op=SEND_HEARTBEAT {datanodeUUID=44638b28-be06-4149-9a11-87ab58c8e022, command=[]} | ret=SUCCESS |  
2019-08-29 09:41:08,273 | INFO  | SCMAudit | user=jenkins1000 | ip=192.168.69.87 | op=SEND_HEARTBEAT {datanodeUUID=73941da8-7b3a-43e7-8aff-0a9367598152, command=[]} | ret=SUCCESS |  
2019-08-29 09:41:08,346 | INFO  | SCMAudit | user=jenkins1000 | ip=192.168.69.87 | op=SEND_HEARTBEAT {datanodeUUID=c6f9d398-2eae-4a63-879f-a1d1bc55d1b3, command=[]} | ret=SUCCESS |  
2019-08-29 09:41:08,538 | INFO  | SCMAudit | user=jenkins1000 | ip=192.168.69.87 | op=SEND_HEARTBEAT {datanodeUUID=7a2e5536-d576-4bf3-9dec-9e4177d66979, command=[]} | ret=SUCCESS |  
2019-08-29 09:41:08,767 | INFO  | SCMAudit | user=jenkins1000 | ip=192.168.69.87 | op=SEND_HEARTBEAT {datanodeUUID=c8986603-afcd-4cf8-afcf-c6b45c0b43cc, command=[]} | ret=SUCCESS |  
2019-08-29 09:41:08,806 | INFO  | SCMAudit | user=jenkins1000 | ip=192.168.69.87 | op=SEND_HEARTBEAT {datanodeUUID=31202bf3-e3ef-401b-98b9-369e6d4f3507, command=[]} | ret=SUCCESS |  
2019-08-29 09:41:08,817 | INFO  | SCMAudit | user=jenkins1000 | ip=192.168.69.87 | op=SEND_HEARTBEAT {datanodeUUID=129cf440-9aa6-4f56-b440-e84d0b76b9e5, command=[]} | ret=SUCCESS |  
2019-08-29 09:41:09,170 | INFO  | SCMAudit | user=jenkins1000 | ip=192.168.69.87 | op=SEND_HEARTBEAT {datanodeUUID=44638b28-be06-4149-9a11-87ab58c8e022, command=[]} | ret=SUCCESS |  
2019-08-29 09:41:09,273 | INFO  | SCMAudit | user=jenkins1000 | ip=192.168.69.87 | op=SEND_HEARTBEAT {datanodeUUID=73941da8-7b3a-43e7-8aff-0a9367598152, command=[]} | ret=SUCCESS |  
2019-08-29 09:41:09,346 | INFO  | SCMAudit | user=jenkins1000 | ip=192.168.69.87 | op=SEND_HEARTBEAT {datanodeUUID=c6f9d398-2eae-4a63-879f-a1d1bc55d1b3, command=[]} | ret=SUCCESS |  
2019-08-29 09:41:09,539 | INFO  | SCMAudit | user=jenkins1000 | ip=192.168.69.87 | op=SEND_HEARTBEAT {datanodeUUID=7a2e5536-d576-4bf3-9dec-9e4177d66979, command=[]} | ret=SUCCESS |  
2019-08-29 09:41:09,768 | INFO  | SCMAudit | user=jenkins1000 | ip=192.168.69.87 | op=SEND_HEARTBEAT {datanodeUUID=c8986603-afcd-4cf8-afcf-c6b45c0b43cc, command=[]} | ret=SUCCESS |  
2019-08-29 09:41:09,805 | INFO  | SCMAudit | user=jenkins1000 | ip=192.168.69.87 | op=SEND_HEARTBEAT {datanodeUUID=31202bf3-e3ef-401b-98b9-369e6d4f3507, command=[]} | ret=SUCCESS |  
2019-08-29 09:41:09,818 | INFO  | SCMAudit | user=jenkins1000 | ip=192.168.69.87 | op=SEND_HEARTBEAT {datanodeUUID=129cf440-9aa6-4f56-b440-e84d0b76b9e5, command=[]} | ret=SUCCESS |  
2019-08-29 09:41:10,169 | INFO  | SCMAudit | user=jenkins1000 | ip=192.168.69.87 | op=SEND_HEARTBEAT {datanodeUUID=44638b28-be06-4149-9a11-87ab58c8e022, command=[]} | ret=SUCCESS |  
2019-08-29 09:41:10,274 | INFO  | SCMAudit | user=jenkins1000 | ip=192.168.69.87 | op=SEND_HEARTBEAT {datanodeUUID=73941da8-7b3a-43e7-8aff-0a9367598152, command=[]} | ret=SUCCESS |  
2019-08-29 09:41:10,346 | INFO  | SCMAudit | user=jenkins1000 | ip=192.168.69.87 | op=SEND_HEARTBEAT {datanodeUUID=c6f9d398-2eae-4a63-879f-a1d1bc55d1b3, command=[]} | ret=SUCCESS |  
2019-08-29 09:41:10,354 [grpc-default-executor-6] INFO  client.GrpcClientProtocolClient (GrpcClientProtocolClient.java:onNext(255)) - client-166A520B6E3C->31202bf3-e3ef-401b-98b9-369e6d4f3507: receive RaftClientReply:client-166A520B6E3C->31202bf3-e3ef-401b-98b9-369e6d4f3507@group-7FC7981111D6, cid=45, FAILED org.apache.ratis.protocol.NotLeaderException: Server 31202bf3-e3ef-401b-98b9-369e6d4f3507 is not the leader (c8986603-afcd-4cf8-afcf-c6b45c0b43cc:192.168.69.87:46863). Request must be sent to leader., logIndex=0, commits[31202bf3-e3ef-401b-98b9-369e6d4f3507:c8, c8986603-afcd-4cf8-afcf-c6b45c0b43cc:c8, 129cf440-9aa6-4f56-b440-e84d0b76b9e5:c8]
2019-08-29 09:41:10,539 | INFO  | SCMAudit | user=jenkins1000 | ip=192.168.69.87 | op=SEND_HEARTBEAT {datanodeUUID=7a2e5536-d576-4bf3-9dec-9e4177d66979, command=[]} | ret=SUCCESS |  
2019-08-29 09:41:10,768 | INFO  | SCMAudit | user=jenkins1000 | ip=192.168.69.87 | op=SEND_HEARTBEAT {datanodeUUID=c8986603-afcd-4cf8-afcf-c6b45c0b43cc, command=[]} | ret=SUCCESS |  
2019-08-29 09:41:10,805 | INFO  | SCMAudit | user=jenkins1000 | ip=192.168.69.87 | op=SEND_HEARTBEAT {datanodeUUID=31202bf3-e3ef-401b-98b9-369e6d4f3507, command=[]} | ret=SUCCESS |  
2019-08-29 09:41:10,818 | INFO  | SCMAudit | user=jenkins1000 | ip=192.168.69.87 | op=SEND_HEARTBEAT {datanodeUUID=129cf440-9aa6-4f56-b440-e84d0b76b9e5, command=[]} | ret=SUCCESS |  
2019-08-29 09:41:11,170 | INFO  | SCMAudit | user=jenkins1000 | ip=192.168.69.87 | op=SEND_HEARTBEAT {datanodeUUID=44638b28-be06-4149-9a11-87ab58c8e022, command=[]} | ret=SUCCESS |  
2019-08-29 09:41:11,274 | INFO  | SCMAudit | user=jenkins1000 | ip=192.168.69.87 | op=SEND_HEARTBEAT {datanodeUUID=73941da8-7b3a-43e7-8aff-0a9367598152, command=[]} | ret=SUCCESS |  
2019-08-29 09:41:11,346 | INFO  | SCMAudit | user=jenkins1000 | ip=192.168.69.87 | op=SEND_HEARTBEAT {datanodeUUID=c6f9d398-2eae-4a63-879f-a1d1bc55d1b3, command=[]} | ret=SUCCESS |  
2019-08-29 09:41:11,539 | INFO  | SCMAudit | user=jenkins1000 | ip=192.168.69.87 | op=SEND_HEARTBEAT {datanodeUUID=7a2e5536-d576-4bf3-9dec-9e4177d66979, command=[]} | ret=SUCCESS |  
2019-08-29 09:41:11,768 | INFO  | SCMAudit | user=jenkins1000 | ip=192.168.69.87 | op=SEND_HEARTBEAT {datanodeUUID=c8986603-afcd-4cf8-afcf-c6b45c0b43cc, command=[]} | ret=SUCCESS |  
2019-08-29 09:41:11,806 | INFO  | SCMAudit | user=jenkins1000 | ip=192.168.69.87 | op=SEND_HEARTBEAT {datanodeUUID=31202bf3-e3ef-401b-98b9-369e6d4f3507, command=[]} | ret=SUCCESS |  
2019-08-29 09:41:11,818 | INFO  | SCMAudit | user=jenkins1000 | ip=192.168.69.87 | op=SEND_HEARTBEAT {datanodeUUID=129cf440-9aa6-4f56-b440-e84d0b76b9e5, command=[]} | ret=SUCCESS |  
2019-08-29 09:41:12,169 | INFO  | SCMAudit | user=jenkins1000 | ip=192.168.69.87 | op=SEND_HEARTBEAT {datanodeUUID=44638b28-be06-4149-9a11-87ab58c8e022, command=[]} | ret=SUCCESS |  
2019-08-29 09:41:12,275 | INFO  | SCMAudit | user=jenkins1000 | ip=192.168.69.87 | op=SEND_HEARTBEAT {datanodeUUID=73941da8-7b3a-43e7-8aff-0a9367598152, command=[]} | ret=SUCCESS |  
2019-08-29 09:41:12,347 | INFO  | SCMAudit | user=jenkins1000 | ip=192.168.69.87 | op=SEND_HEARTBEAT {datanodeUUID=c6f9d398-2eae-4a63-879f-a1d1bc55d1b3, command=[]} | ret=SUCCESS |  
2019-08-29 09:41:12,539 | INFO  | SCMAudit | user=jenkins1000 | ip=192.168.69.87 | op=SEND_HEARTBEAT {datanodeUUID=7a2e5536-d576-4bf3-9dec-9e4177d66979, command=[]} | ret=SUCCESS |  
2019-08-29 09:41:12,769 | INFO  | SCMAudit | user=jenkins1000 | ip=192.168.69.87 | op=SEND_HEARTBEAT {datanodeUUID=c8986603-afcd-4cf8-afcf-c6b45c0b43cc, command=[]} | ret=SUCCESS |  
2019-08-29 09:41:12,805 | INFO  | SCMAudit | user=jenkins1000 | ip=192.168.69.87 | op=SEND_HEARTBEAT {datanodeUUID=31202bf3-e3ef-401b-98b9-369e6d4f3507, command=[]} | ret=SUCCESS |  
2019-08-29 09:41:12,818 | INFO  | SCMAudit | user=jenkins1000 | ip=192.168.69.87 | op=SEND_HEARTBEAT {datanodeUUID=129cf440-9aa6-4f56-b440-e84d0b76b9e5, command=[]} | ret=SUCCESS |  
2019-08-29 09:41:13,169 | INFO  | SCMAudit | user=jenkins1000 | ip=192.168.69.87 | op=SEND_HEARTBEAT {datanodeUUID=44638b28-be06-4149-9a11-87ab58c8e022, command=[]} | ret=SUCCESS |  
2019-08-29 09:41:13,274 | INFO  | SCMAudit | user=jenkins1000 | ip=192.168.69.87 | op=SEND_HEARTBEAT {datanodeUUID=73941da8-7b3a-43e7-8aff-0a9367598152, command=[]} | ret=SUCCESS |  
2019-08-29 09:41:13,348 | INFO  | SCMAudit | user=jenkins1000 | ip=192.168.69.87 | op=SEND_HEARTBEAT {datanodeUUID=c6f9d398-2eae-4a63-879f-a1d1bc55d1b3, command=[]} | ret=SUCCESS |  
2019-08-29 09:41:13,539 | INFO  | SCMAudit | user=jenkins1000 | ip=192.168.69.87 | op=SEND_HEARTBEAT {datanodeUUID=7a2e5536-d576-4bf3-9dec-9e4177d66979, command=[]} | ret=SUCCESS |  
2019-08-29 09:41:13,769 | INFO  | SCMAudit | user=jenkins1000 | ip=192.168.69.87 | op=SEND_HEARTBEAT {datanodeUUID=c8986603-afcd-4cf8-afcf-c6b45c0b43cc, command=[]} | ret=SUCCESS |  
2019-08-29 09:41:13,805 | INFO  | SCMAudit | user=jenkins1000 | ip=192.168.69.87 | op=SEND_HEARTBEAT {datanodeUUID=31202bf3-e3ef-401b-98b9-369e6d4f3507, command=[]} | ret=SUCCESS |  
2019-08-29 09:41:13,818 | INFO  | SCMAudit | user=jenkins1000 | ip=192.168.69.87 | op=SEND_HEARTBEAT {datanodeUUID=129cf440-9aa6-4f56-b440-e84d0b76b9e5, command=[]} | ret=SUCCESS |  
2019-08-29 09:41:14,170 | INFO  | SCMAudit | user=jenkins1000 | ip=192.168.69.87 | op=SEND_HEARTBEAT {datanodeUUID=44638b28-be06-4149-9a11-87ab58c8e022, command=[]} | ret=SUCCESS |  
2019-08-29 09:41:14,274 | INFO  | SCMAudit | user=jenkins1000 | ip=192.168.69.87 | op=SEND_HEARTBEAT {datanodeUUID=73941da8-7b3a-43e7-8aff-0a9367598152, command=[]} | ret=SUCCESS |  
2019-08-29 09:41:14,348 | INFO  | SCMAudit | user=jenkins1000 | ip=192.168.69.87 | op=SEND_HEARTBEAT {datanodeUUID=c6f9d398-2eae-4a63-879f-a1d1bc55d1b3, command=[]} | ret=SUCCESS |  
2019-08-29 09:41:14,540 | INFO  | SCMAudit | user=jenkins1000 | ip=192.168.69.87 | op=SEND_HEARTBEAT {datanodeUUID=7a2e5536-d576-4bf3-9dec-9e4177d66979, command=[]} | ret=SUCCESS |  
2019-08-29 09:41:14,769 | INFO  | SCMAudit | user=jenkins1000 | ip=192.168.69.87 | op=SEND_HEARTBEAT {datanodeUUID=c8986603-afcd-4cf8-afcf-c6b45c0b43cc, command=[]} | ret=SUCCESS |  
2019-08-29 09:41:14,805 | INFO  | SCMAudit | user=jenkins1000 | ip=192.168.69.87 | op=SEND_HEARTBEAT {datanodeUUID=31202bf3-e3ef-401b-98b9-369e6d4f3507, command=[]} | ret=SUCCESS |  
2019-08-29 09:41:14,818 | INFO  | SCMAudit | user=jenkins1000 | ip=192.168.69.87 | op=SEND_HEARTBEAT {datanodeUUID=129cf440-9aa6-4f56-b440-e84d0b76b9e5, command=[]} | ret=SUCCESS |  
2019-08-29 09:41:15,170 | INFO  | SCMAudit | user=jenkins1000 | ip=192.168.69.87 | op=SEND_HEARTBEAT {datanodeUUID=44638b28-be06-4149-9a11-87ab58c8e022, command=[]} | ret=SUCCESS |  
2019-08-29 09:41:15,274 | INFO  | SCMAudit | user=jenkins1000 | ip=192.168.69.87 | op=SEND_HEARTBEAT {datanodeUUID=73941da8-7b3a-43e7-8aff-0a9367598152, command=[]} | ret=SUCCESS |  
2019-08-29 09:41:15,348 | INFO  | SCMAudit | user=jenkins1000 | ip=192.168.69.87 | op=SEND_HEARTBEAT {datanodeUUID=c6f9d398-2eae-4a63-879f-a1d1bc55d1b3, command=[]} | ret=SUCCESS |  
2019-08-29 09:41:15,389 [grpc-default-executor-6] INFO  client.GrpcClientProtocolClient (GrpcClientProtocolClient.java:onNext(255)) - client-166A520B6E3C->31202bf3-e3ef-401b-98b9-369e6d4f3507: receive RaftClientReply:client-166A520B6E3C->31202bf3-e3ef-401b-98b9-369e6d4f3507@group-7FC7981111D6, cid=45, FAILED org.apache.ratis.protocol.NotLeaderException: Server 31202bf3-e3ef-401b-98b9-369e6d4f3507 is not the leader (c8986603-afcd-4cf8-afcf-c6b45c0b43cc:192.168.69.87:46863). Request must be sent to leader., logIndex=0, commits[31202bf3-e3ef-401b-98b9-369e6d4f3507:c8, c8986603-afcd-4cf8-afcf-c6b45c0b43cc:c8, 129cf440-9aa6-4f56-b440-e84d0b76b9e5:c8]
2019-08-29 09:41:15,539 | INFO  | SCMAudit | user=jenkins1000 | ip=192.168.69.87 | op=SEND_HEARTBEAT {datanodeUUID=7a2e5536-d576-4bf3-9dec-9e4177d66979, command=[]} | ret=SUCCESS |  
2019-08-29 09:41:15,769 | INFO  | SCMAudit | user=jenkins1000 | ip=192.168.69.87 | op=SEND_HEARTBEAT {datanodeUUID=c8986603-afcd-4cf8-afcf-c6b45c0b43cc, command=[]} | ret=SUCCESS |  
2019-08-29 09:41:15,805 | INFO  | SCMAudit | user=jenkins1000 | ip=192.168.69.87 | op=SEND_HEARTBEAT {datanodeUUID=31202bf3-e3ef-401b-98b9-369e6d4f3507, command=[]} | ret=SUCCESS |  
2019-08-29 09:41:15,818 | INFO  | SCMAudit | user=jenkins1000 | ip=192.168.69.87 | op=SEND_HEARTBEAT {datanodeUUID=129cf440-9aa6-4f56-b440-e84d0b76b9e5, command=[]} | ret=SUCCESS |  
2019-08-29 09:41:16,170 | INFO  | SCMAudit | user=jenkins1000 | ip=192.168.69.87 | op=SEND_HEARTBEAT {datanodeUUID=44638b28-be06-4149-9a11-87ab58c8e022, command=[]} | ret=SUCCESS |  
2019-08-29 09:41:16,275 | INFO  | SCMAudit | user=jenkins1000 | ip=192.168.69.87 | op=SEND_HEARTBEAT {datanodeUUID=73941da8-7b3a-43e7-8aff-0a9367598152, command=[]} | ret=SUCCESS |  
2019-08-29 09:41:16,348 | INFO  | SCMAudit | user=jenkins1000 | ip=192.168.69.87 | op=SEND_HEARTBEAT {datanodeUUID=c6f9d398-2eae-4a63-879f-a1d1bc55d1b3, command=[]} | ret=SUCCESS |  
2019-08-29 09:41:16,539 | INFO  | SCMAudit | user=jenkins1000 | ip=192.168.69.87 | op=SEND_HEARTBEAT {datanodeUUID=7a2e5536-d576-4bf3-9dec-9e4177d66979, command=[]} | ret=SUCCESS |  
2019-08-29 09:41:16,770 | INFO  | SCMAudit | user=jenkins1000 | ip=192.168.69.87 | op=SEND_HEARTBEAT {datanodeUUID=c8986603-afcd-4cf8-afcf-c6b45c0b43cc, command=[]} | ret=SUCCESS |  
2019-08-29 09:41:16,806 | INFO  | SCMAudit | user=jenkins1000 | ip=192.168.69.87 | op=SEND_HEARTBEAT {datanodeUUID=31202bf3-e3ef-401b-98b9-369e6d4f3507, command=[]} | ret=SUCCESS |  
2019-08-29 09:41:16,818 | INFO  | SCMAudit | user=jenkins1000 | ip=192.168.69.87 | op=SEND_HEARTBEAT {datanodeUUID=129cf440-9aa6-4f56-b440-e84d0b76b9e5, command=[]} | ret=SUCCESS |  
2019-08-29 09:41:17,170 | INFO  | SCMAudit | user=jenkins1000 | ip=192.168.69.87 | op=SEND_HEARTBEAT {datanodeUUID=44638b28-be06-4149-9a11-87ab58c8e022, command=[]} | ret=SUCCESS |  
2019-08-29 09:41:17,275 | INFO  | SCMAudit | user=jenkins1000 | ip=192.168.69.87 | op=SEND_HEARTBEAT {datanodeUUID=73941da8-7b3a-43e7-8aff-0a9367598152, command=[]} | ret=SUCCESS |  
2019-08-29 09:41:17,349 | INFO  | SCMAudit | user=jenkins1000 | ip=192.168.69.87 | op=SEND_HEARTBEAT {datanodeUUID=c6f9d398-2eae-4a63-879f-a1d1bc55d1b3, command=[]} | ret=SUCCESS |  
2019-08-29 09:41:17,539 | INFO  | SCMAudit | user=jenkins1000 | ip=192.168.69.87 | op=SEND_HEARTBEAT {datanodeUUID=7a2e5536-d576-4bf3-9dec-9e4177d66979, command=[]} | ret=SUCCESS |  
2019-08-29 09:41:17,771 | INFO  | SCMAudit | user=jenkins1000 | ip=192.168.69.87 | op=SEND_HEARTBEAT {datanodeUUID=c8986603-afcd-4cf8-afcf-c6b45c0b43cc, command=[]} | ret=SUCCESS |  
2019-08-29 09:41:17,807 | INFO  | SCMAudit | user=jenkins1000 | ip=192.168.69.87 | op=SEND_HEARTBEAT {datanodeUUID=31202bf3-e3ef-401b-98b9-369e6d4f3507, command=[]} | ret=SUCCESS |  
2019-08-29 09:41:17,818 | INFO  | SCMAudit | user=jenkins1000 | ip=192.168.69.87 | op=SEND_HEARTBEAT {datanodeUUID=129cf440-9aa6-4f56-b440-e84d0b76b9e5, command=[]} | ret=SUCCESS |  
2019-08-29 09:41:18,171 | INFO  | SCMAudit | user=jenkins1000 | ip=192.168.69.87 | op=SEND_HEARTBEAT {datanodeUUID=44638b28-be06-4149-9a11-87ab58c8e022, command=[]} | ret=SUCCESS |  
2019-08-29 09:41:18,275 | INFO  | SCMAudit | user=jenkins1000 | ip=192.168.69.87 | op=SEND_HEARTBEAT {datanodeUUID=73941da8-7b3a-43e7-8aff-0a9367598152, command=[]} | ret=SUCCESS |  
2019-08-29 09:41:18,349 | INFO  | SCMAudit | user=jenkins1000 | ip=192.168.69.87 | op=SEND_HEARTBEAT {datanodeUUID=c6f9d398-2eae-4a63-879f-a1d1bc55d1b3, command=[]} | ret=SUCCESS |  
2019-08-29 09:41:18,539 | INFO  | SCMAudit | user=jenkins1000 | ip=192.168.69.87 | op=SEND_HEARTBEAT {datanodeUUID=7a2e5536-d576-4bf3-9dec-9e4177d66979, command=[]} | ret=SUCCESS |  
2019-08-29 09:41:18,771 | INFO  | SCMAudit | user=jenkins1000 | ip=192.168.69.87 | op=SEND_HEARTBEAT {datanodeUUID=c8986603-afcd-4cf8-afcf-c6b45c0b43cc, command=[]} | ret=SUCCESS |  
2019-08-29 09:41:18,807 | INFO  | SCMAudit | user=jenkins1000 | ip=192.168.69.87 | op=SEND_HEARTBEAT {datanodeUUID=31202bf3-e3ef-401b-98b9-369e6d4f3507, command=[]} | ret=SUCCESS |  
2019-08-29 09:41:18,818 | INFO  | SCMAudit | user=jenkins1000 | ip=192.168.69.87 | op=SEND_HEARTBEAT {datanodeUUID=129cf440-9aa6-4f56-b440-e84d0b76b9e5, command=[]} | ret=SUCCESS |  
2019-08-29 09:41:19,171 | INFO  | SCMAudit | user=jenkins1000 | ip=192.168.69.87 | op=SEND_HEARTBEAT {datanodeUUID=44638b28-be06-4149-9a11-87ab58c8e022, command=[]} | ret=SUCCESS |  
2019-08-29 09:41:19,276 | INFO  | SCMAudit | user=jenkins1000 | ip=192.168.69.87 | op=SEND_HEARTBEAT {datanodeUUID=73941da8-7b3a-43e7-8aff-0a9367598152, command=[]} | ret=SUCCESS |  
2019-08-29 09:41:19,349 | INFO  | SCMAudit | user=jenkins1000 | ip=192.168.69.87 | op=SEND_HEARTBEAT {datanodeUUID=c6f9d398-2eae-4a63-879f-a1d1bc55d1b3, command=[]} | ret=SUCCESS |  
2019-08-29 09:41:19,540 | INFO  | SCMAudit | user=jenkins1000 | ip=192.168.69.87 | op=SEND_HEARTBEAT {datanodeUUID=7a2e5536-d576-4bf3-9dec-9e4177d66979, command=[]} | ret=SUCCESS |  
2019-08-29 09:41:19,771 | INFO  | SCMAudit | user=jenkins1000 | ip=192.168.69.87 | op=SEND_HEARTBEAT {datanodeUUID=c8986603-afcd-4cf8-afcf-c6b45c0b43cc, command=[]} | ret=SUCCESS |  
2019-08-29 09:41:19,807 | INFO  | SCMAudit | user=jenkins1000 | ip=192.168.69.87 | op=SEND_HEARTBEAT {datanodeUUID=31202bf3-e3ef-401b-98b9-369e6d4f3507, command=[]} | ret=SUCCESS |  
2019-08-29 09:41:19,819 | INFO  | SCMAudit | user=jenkins1000 | ip=192.168.69.87 | op=SEND_HEARTBEAT {datanodeUUID=129cf440-9aa6-4f56-b440-e84d0b76b9e5, command=[]} | ret=SUCCESS |  
2019-08-29 09:41:20,171 | INFO  | SCMAudit | user=jenkins1000 | ip=192.168.69.87 | op=SEND_HEARTBEAT {datanodeUUID=44638b28-be06-4149-9a11-87ab58c8e022, command=[]} | ret=SUCCESS |  
2019-08-29 09:41:20,275 | INFO  | SCMAudit | user=jenkins1000 | ip=192.168.69.87 | op=SEND_HEARTBEAT {datanodeUUID=73941da8-7b3a-43e7-8aff-0a9367598152, command=[]} | ret=SUCCESS |  
2019-08-29 09:41:20,350 | INFO  | SCMAudit | user=jenkins1000 | ip=192.168.69.87 | op=SEND_HEARTBEAT {datanodeUUID=c6f9d398-2eae-4a63-879f-a1d1bc55d1b3, command=[]} | ret=SUCCESS |  
2019-08-29 09:41:20,424 [grpc-default-executor-6] INFO  client.GrpcClientProtocolClient (GrpcClientProtocolClient.java:onNext(255)) - client-166A520B6E3C->129cf440-9aa6-4f56-b440-e84d0b76b9e5: receive RaftClientReply:client-166A520B6E3C->129cf440-9aa6-4f56-b440-e84d0b76b9e5@group-7FC7981111D6, cid=45, FAILED org.apache.ratis.protocol.NotLeaderException: Server 129cf440-9aa6-4f56-b440-e84d0b76b9e5 is not the leader (c8986603-afcd-4cf8-afcf-c6b45c0b43cc:192.168.69.87:46863). Request must be sent to leader., logIndex=0, commits[129cf440-9aa6-4f56-b440-e84d0b76b9e5:c8, c8986603-afcd-4cf8-afcf-c6b45c0b43cc:c8, 31202bf3-e3ef-401b-98b9-369e6d4f3507:c8]
2019-08-29 09:41:20,539 | INFO  | SCMAudit | user=jenkins1000 | ip=192.168.69.87 | op=SEND_HEARTBEAT {datanodeUUID=7a2e5536-d576-4bf3-9dec-9e4177d66979, command=[]} | ret=SUCCESS |  
2019-08-29 09:41:20,771 | INFO  | SCMAudit | user=jenkins1000 | ip=192.168.69.87 | op=SEND_HEARTBEAT {datanodeUUID=c8986603-afcd-4cf8-afcf-c6b45c0b43cc, command=[]} | ret=SUCCESS |  
2019-08-29 09:41:20,807 | INFO  | SCMAudit | user=jenkins1000 | ip=192.168.69.87 | op=SEND_HEARTBEAT {datanodeUUID=31202bf3-e3ef-401b-98b9-369e6d4f3507, command=[]} | ret=SUCCESS |  
2019-08-29 09:41:20,820 | INFO  | SCMAudit | user=jenkins1000 | ip=192.168.69.87 | op=SEND_HEARTBEAT {datanodeUUID=129cf440-9aa6-4f56-b440-e84d0b76b9e5, command=[]} | ret=SUCCESS |  
2019-08-29 09:41:21,172 | INFO  | SCMAudit | user=jenkins1000 | ip=192.168.69.87 | op=SEND_HEARTBEAT {datanodeUUID=44638b28-be06-4149-9a11-87ab58c8e022, command=[]} | ret=SUCCESS |  
2019-08-29 09:41:21,275 | INFO  | SCMAudit | user=jenkins1000 | ip=192.168.69.87 | op=SEND_HEARTBEAT {datanodeUUID=73941da8-7b3a-43e7-8aff-0a9367598152, command=[]} | ret=SUCCESS |  
2019-08-29 09:41:21,350 | INFO  | SCMAudit | user=jenkins1000 | ip=192.168.69.87 | op=SEND_HEARTBEAT {datanodeUUID=c6f9d398-2eae-4a63-879f-a1d1bc55d1b3, command=[]} | ret=SUCCESS |  
2019-08-29 09:41:21,539 | INFO  | SCMAudit | user=jenkins1000 | ip=192.168.69.87 | op=SEND_HEARTBEAT {datanodeUUID=7a2e5536-d576-4bf3-9dec-9e4177d66979, command=[]} | ret=SUCCESS |  
2019-08-29 09:41:21,772 | INFO  | SCMAudit | user=jenkins1000 | ip=192.168.69.87 | op=SEND_HEARTBEAT {datanodeUUID=c8986603-afcd-4cf8-afcf-c6b45c0b43cc, command=[]} | ret=SUCCESS |  
2019-08-29 09:41:21,807 | INFO  | SCMAudit | user=jenkins1000 | ip=192.168.69.87 | op=SEND_HEARTBEAT {datanodeUUID=31202bf3-e3ef-401b-98b9-369e6d4f3507, command=[]} | ret=SUCCESS |  
2019-08-29 09:41:21,819 | INFO  | SCMAudit | user=jenkins1000 | ip=192.168.69.87 | op=SEND_HEARTBEAT {datanodeUUID=129cf440-9aa6-4f56-b440-e84d0b76b9e5, command=[]} | ret=SUCCESS |  
2019-08-29 09:41:22,171 | INFO  | SCMAudit | user=jenkins1000 | ip=192.168.69.87 | op=SEND_HEARTBEAT {datanodeUUID=44638b28-be06-4149-9a11-87ab58c8e022, command=[]} | ret=SUCCESS |  
2019-08-29 09:41:22,275 | INFO  | SCMAudit | user=jenkins1000 | ip=192.168.69.87 | op=SEND_HEARTBEAT {datanodeUUID=73941da8-7b3a-43e7-8aff-0a9367598152, command=[]} | ret=SUCCESS |  
2019-08-29 09:41:22,350 | INFO  | SCMAudit | user=jenkins1000 | ip=192.168.69.87 | op=SEND_HEARTBEAT {datanodeUUID=c6f9d398-2eae-4a63-879f-a1d1bc55d1b3, command=[]} | ret=SUCCESS |  
2019-08-29 09:41:22,539 | INFO  | SCMAudit | user=jenkins1000 | ip=192.168.69.87 | op=SEND_HEARTBEAT {datanodeUUID=7a2e5536-d576-4bf3-9dec-9e4177d66979, command=[]} | ret=SUCCESS |  
2019-08-29 09:41:22,772 | INFO  | SCMAudit | user=jenkins1000 | ip=192.168.69.87 | op=SEND_HEARTBEAT {datanodeUUID=c8986603-afcd-4cf8-afcf-c6b45c0b43cc, command=[]} | ret=SUCCESS |  
2019-08-29 09:41:22,807 | INFO  | SCMAudit | user=jenkins1000 | ip=192.168.69.87 | op=SEND_HEARTBEAT {datanodeUUID=31202bf3-e3ef-401b-98b9-369e6d4f3507, command=[]} | ret=SUCCESS |  
2019-08-29 09:41:22,819 | INFO  | SCMAudit | user=jenkins1000 | ip=192.168.69.87 | op=SEND_HEARTBEAT {datanodeUUID=129cf440-9aa6-4f56-b440-e84d0b76b9e5, command=[]} | ret=SUCCESS |  
2019-08-29 09:41:23,171 | INFO  | SCMAudit | user=jenkins1000 | ip=192.168.69.87 | op=SEND_HEARTBEAT {datanodeUUID=44638b28-be06-4149-9a11-87ab58c8e022, command=[]} | ret=SUCCESS |  
2019-08-29 09:41:23,276 | INFO  | SCMAudit | user=jenkins1000 | ip=192.168.69.87 | op=SEND_HEARTBEAT {datanodeUUID=73941da8-7b3a-43e7-8aff-0a9367598152, command=[]} | ret=SUCCESS |  
2019-08-29 09:41:23,351 | INFO  | SCMAudit | user=jenkins1000 | ip=192.168.69.87 | op=SEND_HEARTBEAT {datanodeUUID=c6f9d398-2eae-4a63-879f-a1d1bc55d1b3, command=[]} | ret=SUCCESS |  
2019-08-29 09:41:23,540 | INFO  | SCMAudit | user=jenkins1000 | ip=192.168.69.87 | op=SEND_HEARTBEAT {datanodeUUID=7a2e5536-d576-4bf3-9dec-9e4177d66979, command=[]} | ret=SUCCESS |  
2019-08-29 09:41:23,772 | INFO  | SCMAudit | user=jenkins1000 | ip=192.168.69.87 | op=SEND_HEARTBEAT {datanodeUUID=c8986603-afcd-4cf8-afcf-c6b45c0b43cc, command=[]} | ret=SUCCESS |  
2019-08-29 09:41:23,808 | INFO  | SCMAudit | user=jenkins1000 | ip=192.168.69.87 | op=SEND_HEARTBEAT {datanodeUUID=31202bf3-e3ef-401b-98b9-369e6d4f3507, command=[]} | ret=SUCCESS |  
2019-08-29 09:41:23,819 | INFO  | SCMAudit | user=jenkins1000 | ip=192.168.69.87 | op=SEND_HEARTBEAT {datanodeUUID=129cf440-9aa6-4f56-b440-e84d0b76b9e5, command=[]} | ret=SUCCESS |  
2019-08-29 09:41:24,172 | INFO  | SCMAudit | user=jenkins1000 | ip=192.168.69.87 | op=SEND_HEARTBEAT {datanodeUUID=44638b28-be06-4149-9a11-87ab58c8e022, command=[]} | ret=SUCCESS |  
2019-08-29 09:41:24,275 | INFO  | SCMAudit | user=jenkins1000 | ip=192.168.69.87 | op=SEND_HEARTBEAT {datanodeUUID=73941da8-7b3a-43e7-8aff-0a9367598152, command=[]} | ret=SUCCESS |  
2019-08-29 09:41:24,351 | INFO  | SCMAudit | user=jenkins1000 | ip=192.168.69.87 | op=SEND_HEARTBEAT {datanodeUUID=c6f9d398-2eae-4a63-879f-a1d1bc55d1b3, command=[]} | ret=SUCCESS |  
2019-08-29 09:41:24,539 | INFO  | SCMAudit | user=jenkins1000 | ip=192.168.69.87 | op=SEND_HEARTBEAT {datanodeUUID=7a2e5536-d576-4bf3-9dec-9e4177d66979, command=[]} | ret=SUCCESS |  
2019-08-29 09:41:24,772 | INFO  | SCMAudit | user=jenkins1000 | ip=192.168.69.87 | op=SEND_HEARTBEAT {datanodeUUID=c8986603-afcd-4cf8-afcf-c6b45c0b43cc, command=[]} | ret=SUCCESS |  
2019-08-29 09:41:24,807 | INFO  | SCMAudit | user=jenkins1000 | ip=192.168.69.87 | op=SEND_HEARTBEAT {datanodeUUID=31202bf3-e3ef-401b-98b9-369e6d4f3507, command=[]} | ret=SUCCESS |  
2019-08-29 09:41:24,819 | INFO  | SCMAudit | user=jenkins1000 | ip=192.168.69.87 | op=SEND_HEARTBEAT {datanodeUUID=129cf440-9aa6-4f56-b440-e84d0b76b9e5, command=[]} | ret=SUCCESS |  
2019-08-29 09:41:25,172 | INFO  | SCMAudit | user=jenkins1000 | ip=192.168.69.87 | op=SEND_HEARTBEAT {datanodeUUID=44638b28-be06-4149-9a11-87ab58c8e022, command=[]} | ret=SUCCESS |  
2019-08-29 09:41:25,275 | INFO  | SCMAudit | user=jenkins1000 | ip=192.168.69.87 | op=SEND_HEARTBEAT {datanodeUUID=73941da8-7b3a-43e7-8aff-0a9367598152, command=[]} | ret=SUCCESS |  
2019-08-29 09:41:25,352 | INFO  | SCMAudit | user=jenkins1000 | ip=192.168.69.87 | op=SEND_HEARTBEAT {datanodeUUID=c6f9d398-2eae-4a63-879f-a1d1bc55d1b3, command=[]} | ret=SUCCESS |  
2019-08-29 09:41:25,486 [grpc-default-executor-2] INFO  client.GrpcClientProtocolClient (GrpcClientProtocolClient.java:onNext(255)) - client-166A520B6E3C->31202bf3-e3ef-401b-98b9-369e6d4f3507: receive RaftClientReply:client-166A520B6E3C->31202bf3-e3ef-401b-98b9-369e6d4f3507@group-7FC7981111D6, cid=45, FAILED org.apache.ratis.protocol.NotLeaderException: Server 31202bf3-e3ef-401b-98b9-369e6d4f3507 is not the leader (c8986603-afcd-4cf8-afcf-c6b45c0b43cc:192.168.69.87:46863). Request must be sent to leader., logIndex=0, commits[31202bf3-e3ef-401b-98b9-369e6d4f3507:c8, c8986603-afcd-4cf8-afcf-c6b45c0b43cc:c8, 129cf440-9aa6-4f56-b440-e84d0b76b9e5:c8]
2019-08-29 09:41:25,539 | INFO  | SCMAudit | user=jenkins1000 | ip=192.168.69.87 | op=SEND_HEARTBEAT {datanodeUUID=7a2e5536-d576-4bf3-9dec-9e4177d66979, command=[]} | ret=SUCCESS |  
2019-08-29 09:41:25,772 | INFO  | SCMAudit | user=jenkins1000 | ip=192.168.69.87 | op=SEND_HEARTBEAT {datanodeUUID=c8986603-afcd-4cf8-afcf-c6b45c0b43cc, command=[]} | ret=SUCCESS |  
2019-08-29 09:41:25,807 | INFO  | SCMAudit | user=jenkins1000 | ip=192.168.69.87 | op=SEND_HEARTBEAT {datanodeUUID=31202bf3-e3ef-401b-98b9-369e6d4f3507, command=[]} | ret=SUCCESS |  
2019-08-29 09:41:25,819 | INFO  | SCMAudit | user=jenkins1000 | ip=192.168.69.87 | op=SEND_HEARTBEAT {datanodeUUID=129cf440-9aa6-4f56-b440-e84d0b76b9e5, command=[]} | ret=SUCCESS |  
2019-08-29 09:41:26,172 | INFO  | SCMAudit | user=jenkins1000 | ip=192.168.69.87 | op=SEND_HEARTBEAT {datanodeUUID=44638b28-be06-4149-9a11-87ab58c8e022, command=[]} | ret=SUCCESS |  
2019-08-29 09:41:26,275 | INFO  | SCMAudit | user=jenkins1000 | ip=192.168.69.87 | op=SEND_HEARTBEAT {datanodeUUID=73941da8-7b3a-43e7-8aff-0a9367598152, command=[]} | ret=SUCCESS |  
2019-08-29 09:41:26,351 | INFO  | SCMAudit | user=jenkins1000 | ip=192.168.69.87 | op=SEND_HEARTBEAT {datanodeUUID=c6f9d398-2eae-4a63-879f-a1d1bc55d1b3, command=[]} | ret=SUCCESS |  
2019-08-29 09:41:26,539 | INFO  | SCMAudit | user=jenkins1000 | ip=192.168.69.87 | op=SEND_HEARTBEAT {datanodeUUID=7a2e5536-d576-4bf3-9dec-9e4177d66979, command=[]} | ret=SUCCESS |  
2019-08-29 09:41:26,772 | INFO  | SCMAudit | user=jenkins1000 | ip=192.168.69.87 | op=SEND_HEARTBEAT {datanodeUUID=c8986603-afcd-4cf8-afcf-c6b45c0b43cc, command=[]} | ret=SUCCESS |  
2019-08-29 09:41:26,808 | INFO  | SCMAudit | user=jenkins1000 | ip=192.168.69.87 | op=SEND_HEARTBEAT {datanodeUUID=31202bf3-e3ef-401b-98b9-369e6d4f3507, command=[]} | ret=SUCCESS |  
2019-08-29 09:41:26,819 | INFO  | SCMAudit | user=jenkins1000 | ip=192.168.69.87 | op=SEND_HEARTBEAT {datanodeUUID=129cf440-9aa6-4f56-b440-e84d0b76b9e5, command=[]} | ret=SUCCESS |  
2019-08-29 09:41:27,173 | INFO  | SCMAudit | user=jenkins1000 | ip=192.168.69.87 | op=SEND_HEARTBEAT {datanodeUUID=44638b28-be06-4149-9a11-87ab58c8e022, command=[]} | ret=SUCCESS |  
2019-08-29 09:41:27,275 | INFO  | SCMAudit | user=jenkins1000 | ip=192.168.69.87 | op=SEND_HEARTBEAT {datanodeUUID=73941da8-7b3a-43e7-8aff-0a9367598152, command=[]} | ret=SUCCESS |  
2019-08-29 09:41:27,351 | INFO  | SCMAudit | user=jenkins1000 | ip=192.168.69.87 | op=SEND_HEARTBEAT {datanodeUUID=c6f9d398-2eae-4a63-879f-a1d1bc55d1b3, command=[]} | ret=SUCCESS |  
2019-08-29 09:41:27,540 | INFO  | SCMAudit | user=jenkins1000 | ip=192.168.69.87 | op=SEND_HEARTBEAT {datanodeUUID=7a2e5536-d576-4bf3-9dec-9e4177d66979, command=[]} | ret=SUCCESS |  
2019-08-29 09:41:27,774 | INFO  | SCMAudit | user=jenkins1000 | ip=192.168.69.87 | op=SEND_HEARTBEAT {datanodeUUID=c8986603-afcd-4cf8-afcf-c6b45c0b43cc, command=[]} | ret=SUCCESS |  
2019-08-29 09:41:27,807 | INFO  | SCMAudit | user=jenkins1000 | ip=192.168.69.87 | op=SEND_HEARTBEAT {datanodeUUID=31202bf3-e3ef-401b-98b9-369e6d4f3507, command=[]} | ret=SUCCESS |  
2019-08-29 09:41:27,819 | INFO  | SCMAudit | user=jenkins1000 | ip=192.168.69.87 | op=SEND_HEARTBEAT {datanodeUUID=129cf440-9aa6-4f56-b440-e84d0b76b9e5, command=[]} | ret=SUCCESS |  
2019-08-29 09:41:28,173 | INFO  | SCMAudit | user=jenkins1000 | ip=192.168.69.87 | op=SEND_HEARTBEAT {datanodeUUID=44638b28-be06-4149-9a11-87ab58c8e022, command=[]} | ret=SUCCESS |  
2019-08-29 09:41:28,276 | INFO  | SCMAudit | user=jenkins1000 | ip=192.168.69.87 | op=SEND_HEARTBEAT {datanodeUUID=73941da8-7b3a-43e7-8aff-0a9367598152, command=[]} | ret=SUCCESS |  
2019-08-29 09:41:28,352 | INFO  | SCMAudit | user=jenkins1000 | ip=192.168.69.87 | op=SEND_HEARTBEAT {datanodeUUID=c6f9d398-2eae-4a63-879f-a1d1bc55d1b3, command=[]} | ret=SUCCESS |  
2019-08-29 09:41:28,539 | INFO  | SCMAudit | user=jenkins1000 | ip=192.168.69.87 | op=SEND_HEARTBEAT {datanodeUUID=7a2e5536-d576-4bf3-9dec-9e4177d66979, command=[]} | ret=SUCCESS |  
2019-08-29 09:41:28,774 | INFO  | SCMAudit | user=jenkins1000 | ip=192.168.69.87 | op=SEND_HEARTBEAT {datanodeUUID=c8986603-afcd-4cf8-afcf-c6b45c0b43cc, command=[]} | ret=SUCCESS |  
2019-08-29 09:41:28,807 | INFO  | SCMAudit | user=jenkins1000 | ip=192.168.69.87 | op=SEND_HEARTBEAT {datanodeUUID=31202bf3-e3ef-401b-98b9-369e6d4f3507, command=[]} | ret=SUCCESS |  
2019-08-29 09:41:28,819 | INFO  | SCMAudit | user=jenkins1000 | ip=192.168.69.87 | op=SEND_HEARTBEAT {datanodeUUID=129cf440-9aa6-4f56-b440-e84d0b76b9e5, command=[]} | ret=SUCCESS |  
2019-08-29 09:41:29,173 | INFO  | SCMAudit | user=jenkins1000 | ip=192.168.69.87 | op=SEND_HEARTBEAT {datanodeUUID=44638b28-be06-4149-9a11-87ab58c8e022, command=[]} | ret=SUCCESS |  
2019-08-29 09:41:29,276 | INFO  | SCMAudit | user=jenkins1000 | ip=192.168.69.87 | op=SEND_HEARTBEAT {datanodeUUID=73941da8-7b3a-43e7-8aff-0a9367598152, command=[]} | ret=SUCCESS |  
2019-08-29 09:41:29,351 | INFO  | SCMAudit | user=jenkins1000 | ip=192.168.69.87 | op=SEND_HEARTBEAT {datanodeUUID=c6f9d398-2eae-4a63-879f-a1d1bc55d1b3, command=[]} | ret=SUCCESS |  
2019-08-29 09:41:29,539 | INFO  | SCMAudit | user=jenkins1000 | ip=192.168.69.87 | op=SEND_HEARTBEAT {datanodeUUID=7a2e5536-d576-4bf3-9dec-9e4177d66979, command=[]} | ret=SUCCESS |  
2019-08-29 09:41:29,774 | INFO  | SCMAudit | user=jenkins1000 | ip=192.168.69.87 | op=SEND_HEARTBEAT {datanodeUUID=c8986603-afcd-4cf8-afcf-c6b45c0b43cc, command=[]} | ret=SUCCESS |  
2019-08-29 09:41:29,808 | INFO  | SCMAudit | user=jenkins1000 | ip=192.168.69.87 | op=SEND_HEARTBEAT {datanodeUUID=31202bf3-e3ef-401b-98b9-369e6d4f3507, command=[]} | ret=SUCCESS |  
2019-08-29 09:41:29,819 | INFO  | SCMAudit | user=jenkins1000 | ip=192.168.69.87 | op=SEND_HEARTBEAT {datanodeUUID=129cf440-9aa6-4f56-b440-e84d0b76b9e5, command=[]} | ret=SUCCESS |  
2019-08-29 09:41:30,173 | INFO  | SCMAudit | user=jenkins1000 | ip=192.168.69.87 | op=SEND_HEARTBEAT {datanodeUUID=44638b28-be06-4149-9a11-87ab58c8e022, command=[]} | ret=SUCCESS |  
2019-08-29 09:41:30,277 | INFO  | SCMAudit | user=jenkins1000 | ip=192.168.69.87 | op=SEND_HEARTBEAT {datanodeUUID=73941da8-7b3a-43e7-8aff-0a9367598152, command=[]} | ret=SUCCESS |  
2019-08-29 09:41:30,351 | INFO  | SCMAudit | user=jenkins1000 | ip=192.168.69.87 | op=SEND_HEARTBEAT {datanodeUUID=c6f9d398-2eae-4a63-879f-a1d1bc55d1b3, command=[]} | ret=SUCCESS |  
2019-08-29 09:41:30,526 [grpc-default-executor-6] INFO  client.GrpcClientProtocolClient (GrpcClientProtocolClient.java:onNext(255)) - client-166A520B6E3C->31202bf3-e3ef-401b-98b9-369e6d4f3507: receive RaftClientReply:client-166A520B6E3C->31202bf3-e3ef-401b-98b9-369e6d4f3507@group-7FC7981111D6, cid=45, FAILED org.apache.ratis.protocol.NotLeaderException: Server 31202bf3-e3ef-401b-98b9-369e6d4f3507 is not the leader (c8986603-afcd-4cf8-afcf-c6b45c0b43cc:192.168.69.87:46863). Request must be sent to leader., logIndex=0, commits[31202bf3-e3ef-401b-98b9-369e6d4f3507:c8, c8986603-afcd-4cf8-afcf-c6b45c0b43cc:c8, 129cf440-9aa6-4f56-b440-e84d0b76b9e5:c8]
2019-08-29 09:41:30,539 | INFO  | SCMAudit | user=jenkins1000 | ip=192.168.69.87 | op=SEND_HEARTBEAT {datanodeUUID=7a2e5536-d576-4bf3-9dec-9e4177d66979, command=[]} | ret=SUCCESS |  
2019-08-29 09:41:30,775 | INFO  | SCMAudit | user=jenkins1000 | ip=192.168.69.87 | op=SEND_HEARTBEAT {datanodeUUID=c8986603-afcd-4cf8-afcf-c6b45c0b43cc, command=[]} | ret=SUCCESS |  
2019-08-29 09:41:30,807 | INFO  | SCMAudit | user=jenkins1000 | ip=192.168.69.87 | op=SEND_HEARTBEAT {datanodeUUID=31202bf3-e3ef-401b-98b9-369e6d4f3507, command=[]} | ret=SUCCESS |  
2019-08-29 09:41:30,819 | INFO  | SCMAudit | user=jenkins1000 | ip=192.168.69.87 | op=SEND_HEARTBEAT {datanodeUUID=129cf440-9aa6-4f56-b440-e84d0b76b9e5, command=[]} | ret=SUCCESS |  
2019-08-29 09:41:31,173 | INFO  | SCMAudit | user=jenkins1000 | ip=192.168.69.87 | op=SEND_HEARTBEAT {datanodeUUID=44638b28-be06-4149-9a11-87ab58c8e022, command=[]} | ret=SUCCESS |  
2019-08-29 09:41:31,276 | INFO  | SCMAudit | user=jenkins1000 | ip=192.168.69.87 | op=SEND_HEARTBEAT {datanodeUUID=73941da8-7b3a-43e7-8aff-0a9367598152, command=[]} | ret=SUCCESS |  
2019-08-29 09:41:31,352 | INFO  | SCMAudit | user=jenkins1000 | ip=192.168.69.87 | op=SEND_HEARTBEAT {datanodeUUID=c6f9d398-2eae-4a63-879f-a1d1bc55d1b3, command=[]} | ret=SUCCESS |  
2019-08-29 09:41:31,540 | INFO  | SCMAudit | user=jenkins1000 | ip=192.168.69.87 | op=SEND_HEARTBEAT {datanodeUUID=7a2e5536-d576-4bf3-9dec-9e4177d66979, command=[]} | ret=SUCCESS |  
2019-08-29 09:41:31,775 | INFO  | SCMAudit | user=jenkins1000 | ip=192.168.69.87 | op=SEND_HEARTBEAT {datanodeUUID=c8986603-afcd-4cf8-afcf-c6b45c0b43cc, command=[]} | ret=SUCCESS |  
2019-08-29 09:41:31,807 | INFO  | SCMAudit | user=jenkins1000 | ip=192.168.69.87 | op=SEND_HEARTBEAT {datanodeUUID=31202bf3-e3ef-401b-98b9-369e6d4f3507, command=[]} | ret=SUCCESS |  
2019-08-29 09:41:31,819 | INFO  | SCMAudit | user=jenkins1000 | ip=192.168.69.87 | op=SEND_HEARTBEAT {datanodeUUID=129cf440-9aa6-4f56-b440-e84d0b76b9e5, command=[]} | ret=SUCCESS |  
2019-08-29 09:41:32,174 | INFO  | SCMAudit | user=jenkins1000 | ip=192.168.69.87 | op=SEND_HEARTBEAT {datanodeUUID=44638b28-be06-4149-9a11-87ab58c8e022, command=[]} | ret=SUCCESS |  
2019-08-29 09:41:32,276 | INFO  | SCMAudit | user=jenkins1000 | ip=192.168.69.87 | op=SEND_HEARTBEAT {datanodeUUID=73941da8-7b3a-43e7-8aff-0a9367598152, command=[]} | ret=SUCCESS |  
2019-08-29 09:41:32,352 | INFO  | SCMAudit | user=jenkins1000 | ip=192.168.69.87 | op=SEND_HEARTBEAT {datanodeUUID=c6f9d398-2eae-4a63-879f-a1d1bc55d1b3, command=[]} | ret=SUCCESS |  
2019-08-29 09:41:32,541 | INFO  | SCMAudit | user=jenkins1000 | ip=192.168.69.87 | op=SEND_HEARTBEAT {datanodeUUID=7a2e5536-d576-4bf3-9dec-9e4177d66979, command=[]} | ret=SUCCESS |  
2019-08-29 09:41:32,775 | INFO  | SCMAudit | user=jenkins1000 | ip=192.168.69.87 | op=SEND_HEARTBEAT {datanodeUUID=c8986603-afcd-4cf8-afcf-c6b45c0b43cc, command=[]} | ret=SUCCESS |  
2019-08-29 09:41:32,807 | INFO  | SCMAudit | user=jenkins1000 | ip=192.168.69.87 | op=SEND_HEARTBEAT {datanodeUUID=31202bf3-e3ef-401b-98b9-369e6d4f3507, command=[]} | ret=SUCCESS |  
2019-08-29 09:41:32,820 | INFO  | SCMAudit | user=jenkins1000 | ip=192.168.69.87 | op=SEND_HEARTBEAT {datanodeUUID=129cf440-9aa6-4f56-b440-e84d0b76b9e5, command=[]} | ret=SUCCESS |  
2019-08-29 09:41:33,173 | INFO  | SCMAudit | user=jenkins1000 | ip=192.168.69.87 | op=SEND_HEARTBEAT {datanodeUUID=44638b28-be06-4149-9a11-87ab58c8e022, command=[]} | ret=SUCCESS |  
2019-08-29 09:41:33,276 | INFO  | SCMAudit | user=jenkins1000 | ip=192.168.69.87 | op=SEND_HEARTBEAT {datanodeUUID=73941da8-7b3a-43e7-8aff-0a9367598152, command=[]} | ret=SUCCESS |  
2019-08-29 09:41:33,354 | INFO  | SCMAudit | user=jenkins1000 | ip=192.168.69.87 | op=SEND_HEARTBEAT {datanodeUUID=c6f9d398-2eae-4a63-879f-a1d1bc55d1b3, command=[]} | ret=SUCCESS |  
2019-08-29 09:41:33,541 | INFO  | SCMAudit | user=jenkins1000 | ip=192.168.69.87 | op=SEND_HEARTBEAT {datanodeUUID=7a2e5536-d576-4bf3-9dec-9e4177d66979, command=[]} | ret=SUCCESS |  
2019-08-29 09:41:33,775 | INFO  | SCMAudit | user=jenkins1000 | ip=192.168.69.87 | op=SEND_HEARTBEAT {datanodeUUID=c8986603-afcd-4cf8-afcf-c6b45c0b43cc, command=[]} | ret=SUCCESS |  
2019-08-29 09:41:33,808 | INFO  | SCMAudit | user=jenkins1000 | ip=192.168.69.87 | op=SEND_HEARTBEAT {datanodeUUID=31202bf3-e3ef-401b-98b9-369e6d4f3507, command=[]} | ret=SUCCESS |  
2019-08-29 09:41:33,819 | INFO  | SCMAudit | user=jenkins1000 | ip=192.168.69.87 | op=SEND_HEARTBEAT {datanodeUUID=129cf440-9aa6-4f56-b440-e84d0b76b9e5, command=[]} | ret=SUCCESS |  
2019-08-29 09:41:34,173 | INFO  | SCMAudit | user=jenkins1000 | ip=192.168.69.87 | op=SEND_HEARTBEAT {datanodeUUID=44638b28-be06-4149-9a11-87ab58c8e022, command=[]} | ret=SUCCESS |  
2019-08-29 09:41:34,276 | INFO  | SCMAudit | user=jenkins1000 | ip=192.168.69.87 | op=SEND_HEARTBEAT {datanodeUUID=73941da8-7b3a-43e7-8aff-0a9367598152, command=[]} | ret=SUCCESS |  
2019-08-29 09:41:34,354 | INFO  | SCMAudit | user=jenkins1000 | ip=192.168.69.87 | op=SEND_HEARTBEAT {datanodeUUID=c6f9d398-2eae-4a63-879f-a1d1bc55d1b3, command=[]} | ret=SUCCESS |  
2019-08-29 09:41:34,559 | INFO  | SCMAudit | user=jenkins1000 | ip=192.168.69.87 | op=SEND_HEARTBEAT {datanodeUUID=7a2e5536-d576-4bf3-9dec-9e4177d66979, command=[]} | ret=SUCCESS |  
2019-08-29 09:41:34,775 | INFO  | SCMAudit | user=jenkins1000 | ip=192.168.69.87 | op=SEND_HEARTBEAT {datanodeUUID=c8986603-afcd-4cf8-afcf-c6b45c0b43cc, command=[]} | ret=SUCCESS |  
2019-08-29 09:41:34,808 | INFO  | SCMAudit | user=jenkins1000 | ip=192.168.69.87 | op=SEND_HEARTBEAT {datanodeUUID=31202bf3-e3ef-401b-98b9-369e6d4f3507, command=[]} | ret=SUCCESS |  
2019-08-29 09:41:34,820 | INFO  | SCMAudit | user=jenkins1000 | ip=192.168.69.87 | op=SEND_HEARTBEAT {datanodeUUID=129cf440-9aa6-4f56-b440-e84d0b76b9e5, command=[]} | ret=SUCCESS |  
2019-08-29 09:41:35,173 | INFO  | SCMAudit | user=jenkins1000 | ip=192.168.69.87 | op=SEND_HEARTBEAT {datanodeUUID=44638b28-be06-4149-9a11-87ab58c8e022, command=[]} | ret=SUCCESS |  
2019-08-29 09:41:35,277 | INFO  | SCMAudit | user=jenkins1000 | ip=192.168.69.87 | op=SEND_HEARTBEAT {datanodeUUID=73941da8-7b3a-43e7-8aff-0a9367598152, command=[]} | ret=SUCCESS |  
2019-08-29 09:41:35,353 | INFO  | SCMAudit | user=jenkins1000 | ip=192.168.69.87 | op=SEND_HEARTBEAT {datanodeUUID=c6f9d398-2eae-4a63-879f-a1d1bc55d1b3, command=[]} | ret=SUCCESS |  
2019-08-29 09:41:35,541 | INFO  | SCMAudit | user=jenkins1000 | ip=192.168.69.87 | op=SEND_HEARTBEAT {datanodeUUID=7a2e5536-d576-4bf3-9dec-9e4177d66979, command=[]} | ret=SUCCESS |  
2019-08-29 09:41:35,582 [grpc-default-executor-7] INFO  client.GrpcClientProtocolClient (GrpcClientProtocolClient.java:onNext(255)) - client-166A520B6E3C->31202bf3-e3ef-401b-98b9-369e6d4f3507: receive RaftClientReply:client-166A520B6E3C->31202bf3-e3ef-401b-98b9-369e6d4f3507@group-7FC7981111D6, cid=45, FAILED org.apache.ratis.protocol.NotLeaderException: Server 31202bf3-e3ef-401b-98b9-369e6d4f3507 is not the leader (c8986603-afcd-4cf8-afcf-c6b45c0b43cc:192.168.69.87:46863). Request must be sent to leader., logIndex=0, commits[31202bf3-e3ef-401b-98b9-369e6d4f3507:c8, c8986603-afcd-4cf8-afcf-c6b45c0b43cc:c8, 129cf440-9aa6-4f56-b440-e84d0b76b9e5:c8]
2019-08-29 09:41:35,776 | INFO  | SCMAudit | user=jenkins1000 | ip=192.168.69.87 | op=SEND_HEARTBEAT {datanodeUUID=c8986603-afcd-4cf8-afcf-c6b45c0b43cc, command=[]} | ret=SUCCESS |  
2019-08-29 09:41:35,808 | INFO  | SCMAudit | user=jenkins1000 | ip=192.168.69.87 | op=SEND_HEARTBEAT {datanodeUUID=31202bf3-e3ef-401b-98b9-369e6d4f3507, command=[]} | ret=SUCCESS |  
2019-08-29 09:41:35,820 | INFO  | SCMAudit | user=jenkins1000 | ip=192.168.69.87 | op=SEND_HEARTBEAT {datanodeUUID=129cf440-9aa6-4f56-b440-e84d0b76b9e5, command=[]} | ret=SUCCESS |  
2019-08-29 09:41:36,174 | INFO  | SCMAudit | user=jenkins1000 | ip=192.168.69.87 | op=SEND_HEARTBEAT {datanodeUUID=44638b28-be06-4149-9a11-87ab58c8e022, command=[]} | ret=SUCCESS |  
2019-08-29 09:41:36,276 | INFO  | SCMAudit | user=jenkins1000 | ip=192.168.69.87 | op=SEND_HEARTBEAT {datanodeUUID=73941da8-7b3a-43e7-8aff-0a9367598152, command=[]} | ret=SUCCESS |  
2019-08-29 09:41:36,353 | INFO  | SCMAudit | user=jenkins1000 | ip=192.168.69.87 | op=SEND_HEARTBEAT {datanodeUUID=c6f9d398-2eae-4a63-879f-a1d1bc55d1b3, command=[]} | ret=SUCCESS |  
2019-08-29 09:41:36,542 | INFO  | SCMAudit | user=jenkins1000 | ip=192.168.69.87 | op=SEND_HEARTBEAT {datanodeUUID=7a2e5536-d576-4bf3-9dec-9e4177d66979, command=[]} | ret=SUCCESS |  
2019-08-29 09:41:36,775 | INFO  | SCMAudit | user=jenkins1000 | ip=192.168.69.87 | op=SEND_HEARTBEAT {datanodeUUID=c8986603-afcd-4cf8-afcf-c6b45c0b43cc, command=[]} | ret=SUCCESS |  
2019-08-29 09:41:36,808 | INFO  | SCMAudit | user=jenkins1000 | ip=192.168.69.87 | op=SEND_HEARTBEAT {datanodeUUID=31202bf3-e3ef-401b-98b9-369e6d4f3507, command=[]} | ret=SUCCESS |  
2019-08-29 09:41:36,820 | INFO  | SCMAudit | user=jenkins1000 | ip=192.168.69.87 | op=SEND_HEARTBEAT {datanodeUUID=129cf440-9aa6-4f56-b440-e84d0b76b9e5, command=[]} | ret=SUCCESS |  
2019-08-29 09:41:37,174 | INFO  | SCMAudit | user=jenkins1000 | ip=192.168.69.87 | op=SEND_HEARTBEAT {datanodeUUID=44638b28-be06-4149-9a11-87ab58c8e022, command=[]} | ret=SUCCESS |  
2019-08-29 09:41:37,276 | INFO  | SCMAudit | user=jenkins1000 | ip=192.168.69.87 | op=SEND_HEARTBEAT {datanodeUUID=73941da8-7b3a-43e7-8aff-0a9367598152, command=[]} | ret=SUCCESS |  
2019-08-29 09:41:37,353 | INFO  | SCMAudit | user=jenkins1000 | ip=192.168.69.87 | op=SEND_HEARTBEAT {datanodeUUID=c6f9d398-2eae-4a63-879f-a1d1bc55d1b3, command=[]} | ret=SUCCESS |  
2019-08-29 09:41:37,542 | INFO  | SCMAudit | user=jenkins1000 | ip=192.168.69.87 | op=SEND_HEARTBEAT {datanodeUUID=7a2e5536-d576-4bf3-9dec-9e4177d66979, command=[]} | ret=SUCCESS |  
2019-08-29 09:41:37,775 | INFO  | SCMAudit | user=jenkins1000 | ip=192.168.69.87 | op=SEND_HEARTBEAT {datanodeUUID=c8986603-afcd-4cf8-afcf-c6b45c0b43cc, command=[]} | ret=SUCCESS |  
2019-08-29 09:41:37,809 | INFO  | SCMAudit | user=jenkins1000 | ip=192.168.69.87 | op=SEND_HEARTBEAT {datanodeUUID=31202bf3-e3ef-401b-98b9-369e6d4f3507, command=[]} | ret=SUCCESS |  
2019-08-29 09:41:37,821 | INFO  | SCMAudit | user=jenkins1000 | ip=192.168.69.87 | op=SEND_HEARTBEAT {datanodeUUID=129cf440-9aa6-4f56-b440-e84d0b76b9e5, command=[]} | ret=SUCCESS |  
2019-08-29 09:41:38,175 | INFO  | SCMAudit | user=jenkins1000 | ip=192.168.69.87 | op=SEND_HEARTBEAT {datanodeUUID=44638b28-be06-4149-9a11-87ab58c8e022, command=[]} | ret=SUCCESS |  
2019-08-29 09:41:38,277 | INFO  | SCMAudit | user=jenkins1000 | ip=192.168.69.87 | op=SEND_HEARTBEAT {datanodeUUID=73941da8-7b3a-43e7-8aff-0a9367598152, command=[]} | ret=SUCCESS |  
2019-08-29 09:41:38,354 | INFO  | SCMAudit | user=jenkins1000 | ip=192.168.69.87 | op=SEND_HEARTBEAT {datanodeUUID=c6f9d398-2eae-4a63-879f-a1d1bc55d1b3, command=[]} | ret=SUCCESS |  
2019-08-29 09:41:38,542 | INFO  | SCMAudit | user=jenkins1000 | ip=192.168.69.87 | op=SEND_HEARTBEAT {datanodeUUID=7a2e5536-d576-4bf3-9dec-9e4177d66979, command=[]} | ret=SUCCESS |  
2019-08-29 09:41:38,775 | INFO  | SCMAudit | user=jenkins1000 | ip=192.168.69.87 | op=SEND_HEARTBEAT {datanodeUUID=c8986603-afcd-4cf8-afcf-c6b45c0b43cc, command=[]} | ret=SUCCESS |  
2019-08-29 09:41:38,808 | INFO  | SCMAudit | user=jenkins1000 | ip=192.168.69.87 | op=SEND_HEARTBEAT {datanodeUUID=31202bf3-e3ef-401b-98b9-369e6d4f3507, command=[]} | ret=SUCCESS |  
2019-08-29 09:41:38,821 | INFO  | SCMAudit | user=jenkins1000 | ip=192.168.69.87 | op=SEND_HEARTBEAT {datanodeUUID=129cf440-9aa6-4f56-b440-e84d0b76b9e5, command=[]} | ret=SUCCESS |  
2019-08-29 09:41:39,175 | INFO  | SCMAudit | user=jenkins1000 | ip=192.168.69.87 | op=SEND_HEARTBEAT {datanodeUUID=44638b28-be06-4149-9a11-87ab58c8e022, command=[]} | ret=SUCCESS |  
2019-08-29 09:41:39,277 | INFO  | SCMAudit | user=jenkins1000 | ip=192.168.69.87 | op=SEND_HEARTBEAT {datanodeUUID=73941da8-7b3a-43e7-8aff-0a9367598152, command=[]} | ret=SUCCESS |  
2019-08-29 09:41:39,354 | INFO  | SCMAudit | user=jenkins1000 | ip=192.168.69.87 | op=SEND_HEARTBEAT {datanodeUUID=c6f9d398-2eae-4a63-879f-a1d1bc55d1b3, command=[]} | ret=SUCCESS |  
2019-08-29 09:41:39,543 | INFO  | SCMAudit | user=jenkins1000 | ip=192.168.69.87 | op=SEND_HEARTBEAT {datanodeUUID=7a2e5536-d576-4bf3-9dec-9e4177d66979, command=[]} | ret=SUCCESS |  
2019-08-29 09:41:39,776 | INFO  | SCMAudit | user=jenkins1000 | ip=192.168.69.87 | op=SEND_HEARTBEAT {datanodeUUID=c8986603-afcd-4cf8-afcf-c6b45c0b43cc, command=[]} | ret=SUCCESS |  
2019-08-29 09:41:39,808 | INFO  | SCMAudit | user=jenkins1000 | ip=192.168.69.87 | op=SEND_HEARTBEAT {datanodeUUID=31202bf3-e3ef-401b-98b9-369e6d4f3507, command=[]} | ret=SUCCESS |  
2019-08-29 09:41:39,821 | INFO  | SCMAudit | user=jenkins1000 | ip=192.168.69.87 | op=SEND_HEARTBEAT {datanodeUUID=129cf440-9aa6-4f56-b440-e84d0b76b9e5, command=[]} | ret=SUCCESS |  
2019-08-29 09:41:40,175 | INFO  | SCMAudit | user=jenkins1000 | ip=192.168.69.87 | op=SEND_HEARTBEAT {datanodeUUID=44638b28-be06-4149-9a11-87ab58c8e022, command=[]} | ret=SUCCESS |  
2019-08-29 09:41:40,277 | INFO  | SCMAudit | user=jenkins1000 | ip=192.168.69.87 | op=SEND_HEARTBEAT {datanodeUUID=73941da8-7b3a-43e7-8aff-0a9367598152, command=[]} | ret=SUCCESS |  
2019-08-29 09:41:40,355 | INFO  | SCMAudit | user=jenkins1000 | ip=192.168.69.87 | op=SEND_HEARTBEAT {datanodeUUID=c6f9d398-2eae-4a63-879f-a1d1bc55d1b3, command=[]} | ret=SUCCESS |  
2019-08-29 09:41:40,542 | INFO  | SCMAudit | user=jenkins1000 | ip=192.168.69.87 | op=SEND_HEARTBEAT {datanodeUUID=7a2e5536-d576-4bf3-9dec-9e4177d66979, command=[]} | ret=SUCCESS |  
2019-08-29 09:41:40,613 [grpc-default-executor-6] INFO  client.GrpcClientProtocolClient (GrpcClientProtocolClient.java:onNext(255)) - client-166A520B6E3C->31202bf3-e3ef-401b-98b9-369e6d4f3507: receive RaftClientReply:client-166A520B6E3C->31202bf3-e3ef-401b-98b9-369e6d4f3507@group-7FC7981111D6, cid=45, FAILED org.apache.ratis.protocol.NotLeaderException: Server 31202bf3-e3ef-401b-98b9-369e6d4f3507 is not the leader (c8986603-afcd-4cf8-afcf-c6b45c0b43cc:192.168.69.87:46863). Request must be sent to leader., logIndex=0, commits[31202bf3-e3ef-401b-98b9-369e6d4f3507:c8, c8986603-afcd-4cf8-afcf-c6b45c0b43cc:c8, 129cf440-9aa6-4f56-b440-e84d0b76b9e5:c8]
2019-08-29 09:41:40,776 | INFO  | SCMAudit | user=jenkins1000 | ip=192.168.69.87 | op=SEND_HEARTBEAT {datanodeUUID=c8986603-afcd-4cf8-afcf-c6b45c0b43cc, command=[]} | ret=SUCCESS |  
2019-08-29 09:41:40,808 | INFO  | SCMAudit | user=jenkins1000 | ip=192.168.69.87 | op=SEND_HEARTBEAT {datanodeUUID=31202bf3-e3ef-401b-98b9-369e6d4f3507, command=[]} | ret=SUCCESS |  
2019-08-29 09:41:40,821 | INFO  | SCMAudit | user=jenkins1000 | ip=192.168.69.87 | op=SEND_HEARTBEAT {datanodeUUID=129cf440-9aa6-4f56-b440-e84d0b76b9e5, command=[]} | ret=SUCCESS |  
2019-08-29 09:41:41,175 | INFO  | SCMAudit | user=jenkins1000 | ip=192.168.69.87 | op=SEND_HEARTBEAT {datanodeUUID=44638b28-be06-4149-9a11-87ab58c8e022, command=[]} | ret=SUCCESS |  
2019-08-29 09:41:41,277 | INFO  | SCMAudit | user=jenkins1000 | ip=192.168.69.87 | op=SEND_HEARTBEAT {datanodeUUID=73941da8-7b3a-43e7-8aff-0a9367598152, command=[]} | ret=SUCCESS |  
2019-08-29 09:41:41,355 | INFO  | SCMAudit | user=jenkins1000 | ip=192.168.69.87 | op=SEND_HEARTBEAT {datanodeUUID=c6f9d398-2eae-4a63-879f-a1d1bc55d1b3, command=[]} | ret=SUCCESS |  
2019-08-29 09:41:41,542 | INFO  | SCMAudit | user=jenkins1000 | ip=192.168.69.87 | op=SEND_HEARTBEAT {datanodeUUID=7a2e5536-d576-4bf3-9dec-9e4177d66979, command=[]} | ret=SUCCESS |  
2019-08-29 09:41:41,776 | INFO  | SCMAudit | user=jenkins1000 | ip=192.168.69.87 | op=SEND_HEARTBEAT {datanodeUUID=c8986603-afcd-4cf8-afcf-c6b45c0b43cc, command=[]} | ret=SUCCESS |  
2019-08-29 09:41:41,808 | INFO  | SCMAudit | user=jenkins1000 | ip=192.168.69.87 | op=SEND_HEARTBEAT {datanodeUUID=31202bf3-e3ef-401b-98b9-369e6d4f3507, command=[]} | ret=SUCCESS |  
2019-08-29 09:41:41,822 | INFO  | SCMAudit | user=jenkins1000 | ip=192.168.69.87 | op=SEND_HEARTBEAT {datanodeUUID=129cf440-9aa6-4f56-b440-e84d0b76b9e5, command=[]} | ret=SUCCESS |  
2019-08-29 09:41:42,176 | INFO  | SCMAudit | user=jenkins1000 | ip=192.168.69.87 | op=SEND_HEARTBEAT {datanodeUUID=44638b28-be06-4149-9a11-87ab58c8e022, command=[]} | ret=SUCCESS |  
2019-08-29 09:41:42,278 | INFO  | SCMAudit | user=jenkins1000 | ip=192.168.69.87 | op=SEND_HEARTBEAT {datanodeUUID=73941da8-7b3a-43e7-8aff-0a9367598152, command=[]} | ret=SUCCESS |  
2019-08-29 09:41:42,355 | INFO  | SCMAudit | user=jenkins1000 | ip=192.168.69.87 | op=SEND_HEARTBEAT {datanodeUUID=c6f9d398-2eae-4a63-879f-a1d1bc55d1b3, command=[]} | ret=SUCCESS |  
2019-08-29 09:41:42,542 | INFO  | SCMAudit | user=jenkins1000 | ip=192.168.69.87 | op=SEND_HEARTBEAT {datanodeUUID=7a2e5536-d576-4bf3-9dec-9e4177d66979, command=[]} | ret=SUCCESS |  
2019-08-29 09:41:42,776 | INFO  | SCMAudit | user=jenkins1000 | ip=192.168.69.87 | op=SEND_HEARTBEAT {datanodeUUID=c8986603-afcd-4cf8-afcf-c6b45c0b43cc, command=[]} | ret=SUCCESS |  
2019-08-29 09:41:42,808 | INFO  | SCMAudit | user=jenkins1000 | ip=192.168.69.87 | op=SEND_HEARTBEAT {datanodeUUID=31202bf3-e3ef-401b-98b9-369e6d4f3507, command=[]} | ret=SUCCESS |  
2019-08-29 09:41:42,822 | INFO  | SCMAudit | user=jenkins1000 | ip=192.168.69.87 | op=SEND_HEARTBEAT {datanodeUUID=129cf440-9aa6-4f56-b440-e84d0b76b9e5, command=[]} | ret=SUCCESS |  
2019-08-29 09:41:43,175 | INFO  | SCMAudit | user=jenkins1000 | ip=192.168.69.87 | op=SEND_HEARTBEAT {datanodeUUID=44638b28-be06-4149-9a11-87ab58c8e022, command=[]} | ret=SUCCESS |  
2019-08-29 09:41:43,278 | INFO  | SCMAudit | user=jenkins1000 | ip=192.168.69.87 | op=SEND_HEARTBEAT {datanodeUUID=73941da8-7b3a-43e7-8aff-0a9367598152, command=[]} | ret=SUCCESS |  
2019-08-29 09:41:43,356 | INFO  | SCMAudit | user=jenkins1000 | ip=192.168.69.87 | op=SEND_HEARTBEAT {datanodeUUID=c6f9d398-2eae-4a63-879f-a1d1bc55d1b3, command=[]} | ret=SUCCESS |  
2019-08-29 09:41:43,542 | INFO  | SCMAudit | user=jenkins1000 | ip=192.168.69.87 | op=SEND_HEARTBEAT {datanodeUUID=7a2e5536-d576-4bf3-9dec-9e4177d66979, command=[]} | ret=SUCCESS |  
2019-08-29 09:41:43,776 | INFO  | SCMAudit | user=jenkins1000 | ip=192.168.69.87 | op=SEND_HEARTBEAT {datanodeUUID=c8986603-afcd-4cf8-afcf-c6b45c0b43cc, command=[]} | ret=SUCCESS |  
2019-08-29 09:41:43,808 | INFO  | SCMAudit | user=jenkins1000 | ip=192.168.69.87 | op=SEND_HEARTBEAT {datanodeUUID=31202bf3-e3ef-401b-98b9-369e6d4f3507, command=[]} | ret=SUCCESS |  
2019-08-29 09:41:43,822 | INFO  | SCMAudit | user=jenkins1000 | ip=192.168.69.87 | op=SEND_HEARTBEAT {datanodeUUID=129cf440-9aa6-4f56-b440-e84d0b76b9e5, command=[]} | ret=SUCCESS |  
2019-08-29 09:41:44,175 | INFO  | SCMAudit | user=jenkins1000 | ip=192.168.69.87 | op=SEND_HEARTBEAT {datanodeUUID=44638b28-be06-4149-9a11-87ab58c8e022, command=[]} | ret=SUCCESS |  
2019-08-29 09:41:44,278 | INFO  | SCMAudit | user=jenkins1000 | ip=192.168.69.87 | op=SEND_HEARTBEAT {datanodeUUID=73941da8-7b3a-43e7-8aff-0a9367598152, command=[]} | ret=SUCCESS |  
2019-08-29 09:41:44,356 | INFO  | SCMAudit | user=jenkins1000 | ip=192.168.69.87 | op=SEND_HEARTBEAT {datanodeUUID=c6f9d398-2eae-4a63-879f-a1d1bc55d1b3, command=[]} | ret=SUCCESS |  
2019-08-29 09:41:44,542 | INFO  | SCMAudit | user=jenkins1000 | ip=192.168.69.87 | op=SEND_HEARTBEAT {datanodeUUID=7a2e5536-d576-4bf3-9dec-9e4177d66979, command=[]} | ret=SUCCESS |  
2019-08-29 09:41:44,776 | INFO  | SCMAudit | user=jenkins1000 | ip=192.168.69.87 | op=SEND_HEARTBEAT {datanodeUUID=c8986603-afcd-4cf8-afcf-c6b45c0b43cc, command=[]} | ret=SUCCESS |  
2019-08-29 09:41:44,808 | INFO  | SCMAudit | user=jenkins1000 | ip=192.168.69.87 | op=SEND_HEARTBEAT {datanodeUUID=31202bf3-e3ef-401b-98b9-369e6d4f3507, command=[]} | ret=SUCCESS |  
2019-08-29 09:41:44,822 | INFO  | SCMAudit | user=jenkins1000 | ip=192.168.69.87 | op=SEND_HEARTBEAT {datanodeUUID=129cf440-9aa6-4f56-b440-e84d0b76b9e5, command=[]} | ret=SUCCESS |  
2019-08-29 09:41:45,175 | INFO  | SCMAudit | user=jenkins1000 | ip=192.168.69.87 | op=SEND_HEARTBEAT {datanodeUUID=44638b28-be06-4149-9a11-87ab58c8e022, command=[]} | ret=SUCCESS |  
2019-08-29 09:41:45,278 | INFO  | SCMAudit | user=jenkins1000 | ip=192.168.69.87 | op=SEND_HEARTBEAT {datanodeUUID=73941da8-7b3a-43e7-8aff-0a9367598152, command=[]} | ret=SUCCESS |  
2019-08-29 09:41:45,356 | INFO  | SCMAudit | user=jenkins1000 | ip=192.168.69.87 | op=SEND_HEARTBEAT {datanodeUUID=c6f9d398-2eae-4a63-879f-a1d1bc55d1b3, command=[]} | ret=SUCCESS |  
2019-08-29 09:41:45,543 | INFO  | SCMAudit | user=jenkins1000 | ip=192.168.69.87 | op=SEND_HEARTBEAT {datanodeUUID=7a2e5536-d576-4bf3-9dec-9e4177d66979, command=[]} | ret=SUCCESS |  
2019-08-29 09:41:45,649 [grpc-default-executor-7] INFO  client.GrpcClientProtocolClient (GrpcClientProtocolClient.java:onNext(255)) - client-166A520B6E3C->129cf440-9aa6-4f56-b440-e84d0b76b9e5: receive RaftClientReply:client-166A520B6E3C->129cf440-9aa6-4f56-b440-e84d0b76b9e5@group-7FC7981111D6, cid=45, FAILED org.apache.ratis.protocol.NotLeaderException: Server 129cf440-9aa6-4f56-b440-e84d0b76b9e5 is not the leader (c8986603-afcd-4cf8-afcf-c6b45c0b43cc:192.168.69.87:46863). Request must be sent to leader., logIndex=0, commits[129cf440-9aa6-4f56-b440-e84d0b76b9e5:c8, c8986603-afcd-4cf8-afcf-c6b45c0b43cc:c8, 31202bf3-e3ef-401b-98b9-369e6d4f3507:c8]
2019-08-29 09:41:45,776 | INFO  | SCMAudit | user=jenkins1000 | ip=192.168.69.87 | op=SEND_HEARTBEAT {datanodeUUID=c8986603-afcd-4cf8-afcf-c6b45c0b43cc, command=[]} | ret=SUCCESS |  
2019-08-29 09:41:45,808 | INFO  | SCMAudit | user=jenkins1000 | ip=192.168.69.87 | op=SEND_HEARTBEAT {datanodeUUID=31202bf3-e3ef-401b-98b9-369e6d4f3507, command=[]} | ret=SUCCESS |  
2019-08-29 09:41:45,822 | INFO  | SCMAudit | user=jenkins1000 | ip=192.168.69.87 | op=SEND_HEARTBEAT {datanodeUUID=129cf440-9aa6-4f56-b440-e84d0b76b9e5, command=[]} | ret=SUCCESS |  
2019-08-29 09:41:46,175 | INFO  | SCMAudit | user=jenkins1000 | ip=192.168.69.87 | op=SEND_HEARTBEAT {datanodeUUID=44638b28-be06-4149-9a11-87ab58c8e022, command=[]} | ret=SUCCESS |  
2019-08-29 09:41:46,279 | INFO  | SCMAudit | user=jenkins1000 | ip=192.168.69.87 | op=SEND_HEARTBEAT {datanodeUUID=73941da8-7b3a-43e7-8aff-0a9367598152, command=[]} | ret=SUCCESS |  
2019-08-29 09:41:46,356 | INFO  | SCMAudit | user=jenkins1000 | ip=192.168.69.87 | op=SEND_HEARTBEAT {datanodeUUID=c6f9d398-2eae-4a63-879f-a1d1bc55d1b3, command=[]} | ret=SUCCESS |  
2019-08-29 09:41:46,543 | INFO  | SCMAudit | user=jenkins1000 | ip=192.168.69.87 | op=SEND_HEARTBEAT {datanodeUUID=7a2e5536-d576-4bf3-9dec-9e4177d66979, command=[]} | ret=SUCCESS |  
2019-08-29 09:41:46,776 | INFO  | SCMAudit | user=jenkins1000 | ip=192.168.69.87 | op=SEND_HEARTBEAT {datanodeUUID=c8986603-afcd-4cf8-afcf-c6b45c0b43cc, command=[]} | ret=SUCCESS |  
2019-08-29 09:41:46,808 | INFO  | SCMAudit | user=jenkins1000 | ip=192.168.69.87 | op=SEND_HEARTBEAT {datanodeUUID=31202bf3-e3ef-401b-98b9-369e6d4f3507, command=[]} | ret=SUCCESS |  
2019-08-29 09:41:46,822 | INFO  | SCMAudit | user=jenkins1000 | ip=192.168.69.87 | op=SEND_HEARTBEAT {datanodeUUID=129cf440-9aa6-4f56-b440-e84d0b76b9e5, command=[]} | ret=SUCCESS |  
2019-08-29 09:41:47,175 | INFO  | SCMAudit | user=jenkins1000 | ip=192.168.69.87 | op=SEND_HEARTBEAT {datanodeUUID=44638b28-be06-4149-9a11-87ab58c8e022, command=[]} | ret=SUCCESS |  
2019-08-29 09:41:47,278 | INFO  | SCMAudit | user=jenkins1000 | ip=192.168.69.87 | op=SEND_HEARTBEAT {datanodeUUID=73941da8-7b3a-43e7-8aff-0a9367598152, command=[]} | ret=SUCCESS |  
2019-08-29 09:41:47,357 | INFO  | SCMAudit | user=jenkins1000 | ip=192.168.69.87 | op=SEND_HEARTBEAT {datanodeUUID=c6f9d398-2eae-4a63-879f-a1d1bc55d1b3, command=[]} | ret=SUCCESS |  
2019-08-29 09:41:47,543 | INFO  | SCMAudit | user=jenkins1000 | ip=192.168.69.87 | op=SEND_HEARTBEAT {datanodeUUID=7a2e5536-d576-4bf3-9dec-9e4177d66979, command=[]} | ret=SUCCESS |  
2019-08-29 09:41:47,777 | INFO  | SCMAudit | user=jenkins1000 | ip=192.168.69.87 | op=SEND_HEARTBEAT {datanodeUUID=c8986603-afcd-4cf8-afcf-c6b45c0b43cc, command=[]} | ret=SUCCESS |  
2019-08-29 09:41:47,808 | INFO  | SCMAudit | user=jenkins1000 | ip=192.168.69.87 | op=SEND_HEARTBEAT {datanodeUUID=31202bf3-e3ef-401b-98b9-369e6d4f3507, command=[]} | ret=SUCCESS |  
2019-08-29 09:41:47,822 | INFO  | SCMAudit | user=jenkins1000 | ip=192.168.69.87 | op=SEND_HEARTBEAT {datanodeUUID=129cf440-9aa6-4f56-b440-e84d0b76b9e5, command=[]} | ret=SUCCESS |  
2019-08-29 09:41:48,176 | INFO  | SCMAudit | user=jenkins1000 | ip=192.168.69.87 | op=SEND_HEARTBEAT {datanodeUUID=44638b28-be06-4149-9a11-87ab58c8e022, command=[]} | ret=SUCCESS |  
2019-08-29 09:41:48,278 | INFO  | SCMAudit | user=jenkins1000 | ip=192.168.69.87 | op=SEND_HEARTBEAT {datanodeUUID=73941da8-7b3a-43e7-8aff-0a9367598152, command=[]} | ret=SUCCESS |  
2019-08-29 09:41:48,356 | INFO  | SCMAudit | user=jenkins1000 | ip=192.168.69.87 | op=SEND_HEARTBEAT {datanodeUUID=c6f9d398-2eae-4a63-879f-a1d1bc55d1b3, command=[]} | ret=SUCCESS |  
2019-08-29 09:41:48,544 | INFO  | SCMAudit | user=jenkins1000 | ip=192.168.69.87 | op=SEND_HEARTBEAT {datanodeUUID=7a2e5536-d576-4bf3-9dec-9e4177d66979, command=[]} | ret=SUCCESS |  
2019-08-29 09:41:48,776 | INFO  | SCMAudit | user=jenkins1000 | ip=192.168.69.87 | op=SEND_HEARTBEAT {datanodeUUID=c8986603-afcd-4cf8-afcf-c6b45c0b43cc, command=[]} | ret=SUCCESS |  
2019-08-29 09:41:48,809 | INFO  | SCMAudit | user=jenkins1000 | ip=192.168.69.87 | op=SEND_HEARTBEAT {datanodeUUID=31202bf3-e3ef-401b-98b9-369e6d4f3507, command=[]} | ret=SUCCESS |  
2019-08-29 09:41:48,822 | INFO  | SCMAudit | user=jenkins1000 | ip=192.168.69.87 | op=SEND_HEARTBEAT {datanodeUUID=129cf440-9aa6-4f56-b440-e84d0b76b9e5, command=[]} | ret=SUCCESS |  
2019-08-29 09:41:49,175 | INFO  | SCMAudit | user=jenkins1000 | ip=192.168.69.87 | op=SEND_HEARTBEAT {datanodeUUID=44638b28-be06-4149-9a11-87ab58c8e022, command=[]} | ret=SUCCESS |  
2019-08-29 09:41:49,278 | INFO  | SCMAudit | user=jenkins1000 | ip=192.168.69.87 | op=SEND_HEARTBEAT {datanodeUUID=73941da8-7b3a-43e7-8aff-0a9367598152, command=[]} | ret=SUCCESS |  
2019-08-29 09:41:49,357 | INFO  | SCMAudit | user=jenkins1000 | ip=192.168.69.87 | op=SEND_HEARTBEAT {datanodeUUID=c6f9d398-2eae-4a63-879f-a1d1bc55d1b3, command=[]} | ret=SUCCESS |  
2019-08-29 09:41:49,543 | INFO  | SCMAudit | user=jenkins1000 | ip=192.168.69.87 | op=SEND_HEARTBEAT {datanodeUUID=7a2e5536-d576-4bf3-9dec-9e4177d66979, command=[]} | ret=SUCCESS |  
2019-08-29 09:41:49,776 | INFO  | SCMAudit | user=jenkins1000 | ip=192.168.69.87 | op=SEND_HEARTBEAT {datanodeUUID=c8986603-afcd-4cf8-afcf-c6b45c0b43cc, command=[]} | ret=SUCCESS |  
2019-08-29 09:41:49,809 | INFO  | SCMAudit | user=jenkins1000 | ip=192.168.69.87 | op=SEND_HEARTBEAT {datanodeUUID=31202bf3-e3ef-401b-98b9-369e6d4f3507, command=[]} | ret=SUCCESS |  
2019-08-29 09:41:49,823 | INFO  | SCMAudit | user=jenkins1000 | ip=192.168.69.87 | op=SEND_HEARTBEAT {datanodeUUID=129cf440-9aa6-4f56-b440-e84d0b76b9e5, command=[]} | ret=SUCCESS |  
2019-08-29 09:41:50,175 | INFO  | SCMAudit | user=jenkins1000 | ip=192.168.69.87 | op=SEND_HEARTBEAT {datanodeUUID=44638b28-be06-4149-9a11-87ab58c8e022, command=[]} | ret=SUCCESS |  
2019-08-29 09:41:50,279 | INFO  | SCMAudit | user=jenkins1000 | ip=192.168.69.87 | op=SEND_HEARTBEAT {datanodeUUID=73941da8-7b3a-43e7-8aff-0a9367598152, command=[]} | ret=SUCCESS |  
2019-08-29 09:41:50,356 | INFO  | SCMAudit | user=jenkins1000 | ip=192.168.69.87 | op=SEND_HEARTBEAT {datanodeUUID=c6f9d398-2eae-4a63-879f-a1d1bc55d1b3, command=[]} | ret=SUCCESS |  
2019-08-29 09:41:50,543 | INFO  | SCMAudit | user=jenkins1000 | ip=192.168.69.87 | op=SEND_HEARTBEAT {datanodeUUID=7a2e5536-d576-4bf3-9dec-9e4177d66979, command=[]} | ret=SUCCESS |  
2019-08-29 09:41:50,695 [grpc-default-executor-7] INFO  client.GrpcClientProtocolClient (GrpcClientProtocolClient.java:onNext(255)) - client-166A520B6E3C->31202bf3-e3ef-401b-98b9-369e6d4f3507: receive RaftClientReply:client-166A520B6E3C->31202bf3-e3ef-401b-98b9-369e6d4f3507@group-7FC7981111D6, cid=45, FAILED org.apache.ratis.protocol.NotLeaderException: Server 31202bf3-e3ef-401b-98b9-369e6d4f3507 is not the leader (c8986603-afcd-4cf8-afcf-c6b45c0b43cc:192.168.69.87:46863). Request must be sent to leader., logIndex=0, commits[31202bf3-e3ef-401b-98b9-369e6d4f3507:c8, c8986603-afcd-4cf8-afcf-c6b45c0b43cc:c8, 129cf440-9aa6-4f56-b440-e84d0b76b9e5:c8]
2019-08-29 09:41:50,776 | INFO  | SCMAudit | user=jenkins1000 | ip=192.168.69.87 | op=SEND_HEARTBEAT {datanodeUUID=c8986603-afcd-4cf8-afcf-c6b45c0b43cc, command=[]} | ret=SUCCESS |  
2019-08-29 09:41:50,810 | INFO  | SCMAudit | user=jenkins1000 | ip=192.168.69.87 | op=SEND_HEARTBEAT {datanodeUUID=31202bf3-e3ef-401b-98b9-369e6d4f3507, command=[]} | ret=SUCCESS |  
2019-08-29 09:41:50,822 | INFO  | SCMAudit | user=jenkins1000 | ip=192.168.69.87 | op=SEND_HEARTBEAT {datanodeUUID=129cf440-9aa6-4f56-b440-e84d0b76b9e5, command=[]} | ret=SUCCESS |  
2019-08-29 09:41:51,175 | INFO  | SCMAudit | user=jenkins1000 | ip=192.168.69.87 | op=SEND_HEARTBEAT {datanodeUUID=44638b28-be06-4149-9a11-87ab58c8e022, command=[]} | ret=SUCCESS |  
2019-08-29 09:41:51,278 | INFO  | SCMAudit | user=jenkins1000 | ip=192.168.69.87 | op=SEND_HEARTBEAT {datanodeUUID=73941da8-7b3a-43e7-8aff-0a9367598152, command=[]} | ret=SUCCESS |  
2019-08-29 09:41:51,356 | INFO  | SCMAudit | user=jenkins1000 | ip=192.168.69.87 | op=SEND_HEARTBEAT {datanodeUUID=c6f9d398-2eae-4a63-879f-a1d1bc55d1b3, command=[]} | ret=SUCCESS |  
2019-08-29 09:41:51,543 | INFO  | SCMAudit | user=jenkins1000 | ip=192.168.69.87 | op=SEND_HEARTBEAT {datanodeUUID=7a2e5536-d576-4bf3-9dec-9e4177d66979, command=[]} | ret=SUCCESS |  
2019-08-29 09:41:51,776 | INFO  | SCMAudit | user=jenkins1000 | ip=192.168.69.87 | op=SEND_HEARTBEAT {datanodeUUID=c8986603-afcd-4cf8-afcf-c6b45c0b43cc, command=[]} | ret=SUCCESS |  
2019-08-29 09:41:51,810 | INFO  | SCMAudit | user=jenkins1000 | ip=192.168.69.87 | op=SEND_HEARTBEAT {datanodeUUID=31202bf3-e3ef-401b-98b9-369e6d4f3507, command=[]} | ret=SUCCESS |  
2019-08-29 09:41:51,823 | INFO  | SCMAudit | user=jenkins1000 | ip=192.168.69.87 | op=SEND_HEARTBEAT {datanodeUUID=129cf440-9aa6-4f56-b440-e84d0b76b9e5, command=[]} | ret=SUCCESS |  
2019-08-29 09:41:52,176 | INFO  | SCMAudit | user=jenkins1000 | ip=192.168.69.87 | op=SEND_HEARTBEAT {datanodeUUID=44638b28-be06-4149-9a11-87ab58c8e022, command=[]} | ret=SUCCESS |  
2019-08-29 09:41:52,278 | INFO  | SCMAudit | user=jenkins1000 | ip=192.168.69.87 | op=SEND_HEARTBEAT {datanodeUUID=73941da8-7b3a-43e7-8aff-0a9367598152, command=[]} | ret=SUCCESS |  
2019-08-29 09:41:52,357 | INFO  | SCMAudit | user=jenkins1000 | ip=192.168.69.87 | op=SEND_HEARTBEAT {datanodeUUID=c6f9d398-2eae-4a63-879f-a1d1bc55d1b3, command=[]} | ret=SUCCESS |  
2019-08-29 09:41:52,543 | INFO  | SCMAudit | user=jenkins1000 | ip=192.168.69.87 | op=SEND_HEARTBEAT {datanodeUUID=7a2e5536-d576-4bf3-9dec-9e4177d66979, command=[]} | ret=SUCCESS |  
2019-08-29 09:41:52,776 | INFO  | SCMAudit | user=jenkins1000 | ip=192.168.69.87 | op=SEND_HEARTBEAT {datanodeUUID=c8986603-afcd-4cf8-afcf-c6b45c0b43cc, command=[]} | ret=SUCCESS |  
2019-08-29 09:41:52,810 | INFO  | SCMAudit | user=jenkins1000 | ip=192.168.69.87 | op=SEND_HEARTBEAT {datanodeUUID=31202bf3-e3ef-401b-98b9-369e6d4f3507, command=[]} | ret=SUCCESS |  
2019-08-29 09:41:52,824 | INFO  | SCMAudit | user=jenkins1000 | ip=192.168.69.87 | op=SEND_HEARTBEAT {datanodeUUID=129cf440-9aa6-4f56-b440-e84d0b76b9e5, command=[]} | ret=SUCCESS |  
2019-08-29 09:41:53,176 | INFO  | SCMAudit | user=jenkins1000 | ip=192.168.69.87 | op=SEND_HEARTBEAT {datanodeUUID=44638b28-be06-4149-9a11-87ab58c8e022, command=[]} | ret=SUCCESS |  
2019-08-29 09:41:53,278 | INFO  | SCMAudit | user=jenkins1000 | ip=192.168.69.87 | op=SEND_HEARTBEAT {datanodeUUID=73941da8-7b3a-43e7-8aff-0a9367598152, command=[]} | ret=SUCCESS |  
2019-08-29 09:41:53,357 | INFO  | SCMAudit | user=jenkins1000 | ip=192.168.69.87 | op=SEND_HEARTBEAT {datanodeUUID=c6f9d398-2eae-4a63-879f-a1d1bc55d1b3, command=[]} | ret=SUCCESS |  
2019-08-29 09:41:53,544 | INFO  | SCMAudit | user=jenkins1000 | ip=192.168.69.87 | op=SEND_HEARTBEAT {datanodeUUID=7a2e5536-d576-4bf3-9dec-9e4177d66979, command=[]} | ret=SUCCESS |  
2019-08-29 09:41:53,776 | INFO  | SCMAudit | user=jenkins1000 | ip=192.168.69.87 | op=SEND_HEARTBEAT {datanodeUUID=c8986603-afcd-4cf8-afcf-c6b45c0b43cc, command=[]} | ret=SUCCESS |  
2019-08-29 09:41:53,810 | INFO  | SCMAudit | user=jenkins1000 | ip=192.168.69.87 | op=SEND_HEARTBEAT {datanodeUUID=31202bf3-e3ef-401b-98b9-369e6d4f3507, command=[]} | ret=SUCCESS |  
2019-08-29 09:41:53,825 | INFO  | SCMAudit | user=jenkins1000 | ip=192.168.69.87 | op=SEND_HEARTBEAT {datanodeUUID=129cf440-9aa6-4f56-b440-e84d0b76b9e5, command=[]} | ret=SUCCESS |  
2019-08-29 09:41:54,176 | INFO  | SCMAudit | user=jenkins1000 | ip=192.168.69.87 | op=SEND_HEARTBEAT {datanodeUUID=44638b28-be06-4149-9a11-87ab58c8e022, command=[]} | ret=SUCCESS |  
2019-08-29 09:41:54,278 | INFO  | SCMAudit | user=jenkins1000 | ip=192.168.69.87 | op=SEND_HEARTBEAT {datanodeUUID=73941da8-7b3a-43e7-8aff-0a9367598152, command=[]} | ret=SUCCESS |  
2019-08-29 09:41:54,357 | INFO  | SCMAudit | user=jenkins1000 | ip=192.168.69.87 | op=SEND_HEARTBEAT {datanodeUUID=c6f9d398-2eae-4a63-879f-a1d1bc55d1b3, command=[]} | ret=SUCCESS |  
2019-08-29 09:41:54,543 | INFO  | SCMAudit | user=jenkins1000 | ip=192.168.69.87 | op=SEND_HEARTBEAT {datanodeUUID=7a2e5536-d576-4bf3-9dec-9e4177d66979, command=[]} | ret=SUCCESS |  
2019-08-29 09:41:54,777 | INFO  | SCMAudit | user=jenkins1000 | ip=192.168.69.87 | op=SEND_HEARTBEAT {datanodeUUID=c8986603-afcd-4cf8-afcf-c6b45c0b43cc, command=[]} | ret=SUCCESS |  
2019-08-29 09:41:54,811 | INFO  | SCMAudit | user=jenkins1000 | ip=192.168.69.87 | op=SEND_HEARTBEAT {datanodeUUID=31202bf3-e3ef-401b-98b9-369e6d4f3507, command=[]} | ret=SUCCESS |  
2019-08-29 09:41:54,825 | INFO  | SCMAudit | user=jenkins1000 | ip=192.168.69.87 | op=SEND_HEARTBEAT {datanodeUUID=129cf440-9aa6-4f56-b440-e84d0b76b9e5, command=[]} | ret=SUCCESS |  
2019-08-29 09:41:55,176 | INFO  | SCMAudit | user=jenkins1000 | ip=192.168.69.87 | op=SEND_HEARTBEAT {datanodeUUID=44638b28-be06-4149-9a11-87ab58c8e022, command=[]} | ret=SUCCESS |  
2019-08-29 09:41:55,279 | INFO  | SCMAudit | user=jenkins1000 | ip=192.168.69.87 | op=SEND_HEARTBEAT {datanodeUUID=73941da8-7b3a-43e7-8aff-0a9367598152, command=[]} | ret=SUCCESS |  
2019-08-29 09:41:55,358 | INFO  | SCMAudit | user=jenkins1000 | ip=192.168.69.87 | op=SEND_HEARTBEAT {datanodeUUID=c6f9d398-2eae-4a63-879f-a1d1bc55d1b3, command=[]} | ret=SUCCESS |  
2019-08-29 09:41:55,543 | INFO  | SCMAudit | user=jenkins1000 | ip=192.168.69.87 | op=SEND_HEARTBEAT {datanodeUUID=7a2e5536-d576-4bf3-9dec-9e4177d66979, command=[]} | ret=SUCCESS |  
2019-08-29 09:41:55,725 [grpc-default-executor-6] INFO  client.GrpcClientProtocolClient (GrpcClientProtocolClient.java:onNext(255)) - client-166A520B6E3C->129cf440-9aa6-4f56-b440-e84d0b76b9e5: receive RaftClientReply:client-166A520B6E3C->129cf440-9aa6-4f56-b440-e84d0b76b9e5@group-7FC7981111D6, cid=45, FAILED org.apache.ratis.protocol.NotLeaderException: Server 129cf440-9aa6-4f56-b440-e84d0b76b9e5 is not the leader (c8986603-afcd-4cf8-afcf-c6b45c0b43cc:192.168.69.87:46863). Request must be sent to leader., logIndex=0, commits[129cf440-9aa6-4f56-b440-e84d0b76b9e5:c8, c8986603-afcd-4cf8-afcf-c6b45c0b43cc:c8, 31202bf3-e3ef-401b-98b9-369e6d4f3507:c8]
2019-08-29 09:41:55,777 | INFO  | SCMAudit | user=jenkins1000 | ip=192.168.69.87 | op=SEND_HEARTBEAT {datanodeUUID=c8986603-afcd-4cf8-afcf-c6b45c0b43cc, command=[]} | ret=SUCCESS |  
2019-08-29 09:41:55,812 | INFO  | SCMAudit | user=jenkins1000 | ip=192.168.69.87 | op=SEND_HEARTBEAT {datanodeUUID=31202bf3-e3ef-401b-98b9-369e6d4f3507, command=[]} | ret=SUCCESS |  
2019-08-29 09:41:55,825 | INFO  | SCMAudit | user=jenkins1000 | ip=192.168.69.87 | op=SEND_HEARTBEAT {datanodeUUID=129cf440-9aa6-4f56-b440-e84d0b76b9e5, command=[]} | ret=SUCCESS |  
2019-08-29 09:41:56,177 | INFO  | SCMAudit | user=jenkins1000 | ip=192.168.69.87 | op=SEND_HEARTBEAT {datanodeUUID=44638b28-be06-4149-9a11-87ab58c8e022, command=[]} | ret=SUCCESS |  
2019-08-29 09:41:56,279 | INFO  | SCMAudit | user=jenkins1000 | ip=192.168.69.87 | op=SEND_HEARTBEAT {datanodeUUID=73941da8-7b3a-43e7-8aff-0a9367598152, command=[]} | ret=SUCCESS |  
2019-08-29 09:41:56,358 | INFO  | SCMAudit | user=jenkins1000 | ip=192.168.69.87 | op=SEND_HEARTBEAT {datanodeUUID=c6f9d398-2eae-4a63-879f-a1d1bc55d1b3, command=[]} | ret=SUCCESS |  
2019-08-29 09:41:56,543 | INFO  | SCMAudit | user=jenkins1000 | ip=192.168.69.87 | op=SEND_HEARTBEAT {datanodeUUID=7a2e5536-d576-4bf3-9dec-9e4177d66979, command=[]} | ret=SUCCESS |  
2019-08-29 09:41:56,777 | INFO  | SCMAudit | user=jenkins1000 | ip=192.168.69.87 | op=SEND_HEARTBEAT {datanodeUUID=c8986603-afcd-4cf8-afcf-c6b45c0b43cc, command=[]} | ret=SUCCESS |  
2019-08-29 09:41:56,812 | INFO  | SCMAudit | user=jenkins1000 | ip=192.168.69.87 | op=SEND_HEARTBEAT {datanodeUUID=31202bf3-e3ef-401b-98b9-369e6d4f3507, command=[]} | ret=SUCCESS |  
2019-08-29 09:41:56,825 | INFO  | SCMAudit | user=jenkins1000 | ip=192.168.69.87 | op=SEND_HEARTBEAT {datanodeUUID=129cf440-9aa6-4f56-b440-e84d0b76b9e5, command=[]} | ret=SUCCESS |  
2019-08-29 09:41:57,176 | INFO  | SCMAudit | user=jenkins1000 | ip=192.168.69.87 | op=SEND_HEARTBEAT {datanodeUUID=44638b28-be06-4149-9a11-87ab58c8e022, command=[]} | ret=SUCCESS |  
2019-08-29 09:41:57,279 | INFO  | SCMAudit | user=jenkins1000 | ip=192.168.69.87 | op=SEND_HEARTBEAT {datanodeUUID=73941da8-7b3a-43e7-8aff-0a9367598152, command=[]} | ret=SUCCESS |  
2019-08-29 09:41:57,358 | INFO  | SCMAudit | user=jenkins1000 | ip=192.168.69.87 | op=SEND_HEARTBEAT {datanodeUUID=c6f9d398-2eae-4a63-879f-a1d1bc55d1b3, command=[]} | ret=SUCCESS |  
2019-08-29 09:41:57,543 | INFO  | SCMAudit | user=jenkins1000 | ip=192.168.69.87 | op=SEND_HEARTBEAT {datanodeUUID=7a2e5536-d576-4bf3-9dec-9e4177d66979, command=[]} | ret=SUCCESS |  
2019-08-29 09:41:57,778 | INFO  | SCMAudit | user=jenkins1000 | ip=192.168.69.87 | op=SEND_HEARTBEAT {datanodeUUID=c8986603-afcd-4cf8-afcf-c6b45c0b43cc, command=[]} | ret=SUCCESS |  
2019-08-29 09:41:57,812 | INFO  | SCMAudit | user=jenkins1000 | ip=192.168.69.87 | op=SEND_HEARTBEAT {datanodeUUID=31202bf3-e3ef-401b-98b9-369e6d4f3507, command=[]} | ret=SUCCESS |  
2019-08-29 09:41:57,825 | INFO  | SCMAudit | user=jenkins1000 | ip=192.168.69.87 | op=SEND_HEARTBEAT {datanodeUUID=129cf440-9aa6-4f56-b440-e84d0b76b9e5, command=[]} | ret=SUCCESS |  
2019-08-29 09:41:58,176 | INFO  | SCMAudit | user=jenkins1000 | ip=192.168.69.87 | op=SEND_HEARTBEAT {datanodeUUID=44638b28-be06-4149-9a11-87ab58c8e022, command=[]} | ret=SUCCESS |  
2019-08-29 09:41:58,279 | INFO  | SCMAudit | user=jenkins1000 | ip=192.168.69.87 | op=SEND_HEARTBEAT {datanodeUUID=73941da8-7b3a-43e7-8aff-0a9367598152, command=[]} | ret=SUCCESS |  
2019-08-29 09:41:58,359 | INFO  | SCMAudit | user=jenkins1000 | ip=192.168.69.87 | op=SEND_HEARTBEAT {datanodeUUID=c6f9d398-2eae-4a63-879f-a1d1bc55d1b3, command=[]} | ret=SUCCESS |  
2019-08-29 09:41:58,544 | INFO  | SCMAudit | user=jenkins1000 | ip=192.168.69.87 | op=SEND_HEARTBEAT {datanodeUUID=7a2e5536-d576-4bf3-9dec-9e4177d66979, command=[]} | ret=SUCCESS |  
2019-08-29 09:41:58,778 | INFO  | SCMAudit | user=jenkins1000 | ip=192.168.69.87 | op=SEND_HEARTBEAT {datanodeUUID=c8986603-afcd-4cf8-afcf-c6b45c0b43cc, command=[]} | ret=SUCCESS |  
2019-08-29 09:41:58,812 | INFO  | SCMAudit | user=jenkins1000 | ip=192.168.69.87 | op=SEND_HEARTBEAT {datanodeUUID=31202bf3-e3ef-401b-98b9-369e6d4f3507, command=[]} | ret=SUCCESS |  
2019-08-29 09:41:58,827 | INFO  | SCMAudit | user=jenkins1000 | ip=192.168.69.87 | op=SEND_HEARTBEAT {datanodeUUID=129cf440-9aa6-4f56-b440-e84d0b76b9e5, command=[]} | ret=SUCCESS |  
2019-08-29 09:41:59,176 | INFO  | SCMAudit | user=jenkins1000 | ip=192.168.69.87 | op=SEND_HEARTBEAT {datanodeUUID=44638b28-be06-4149-9a11-87ab58c8e022, command=[]} | ret=SUCCESS |  
2019-08-29 09:41:59,280 | INFO  | SCMAudit | user=jenkins1000 | ip=192.168.69.87 | op=SEND_HEARTBEAT {datanodeUUID=73941da8-7b3a-43e7-8aff-0a9367598152, command=[]} | ret=SUCCESS |  
2019-08-29 09:41:59,358 | INFO  | SCMAudit | user=jenkins1000 | ip=192.168.69.87 | op=SEND_HEARTBEAT {datanodeUUID=c6f9d398-2eae-4a63-879f-a1d1bc55d1b3, command=[]} | ret=SUCCESS |  
2019-08-29 09:41:59,544 | INFO  | SCMAudit | user=jenkins1000 | ip=192.168.69.87 | op=SEND_HEARTBEAT {datanodeUUID=7a2e5536-d576-4bf3-9dec-9e4177d66979, command=[]} | ret=SUCCESS |  
2019-08-29 09:41:59,778 | INFO  | SCMAudit | user=jenkins1000 | ip=192.168.69.87 | op=SEND_HEARTBEAT {datanodeUUID=c8986603-afcd-4cf8-afcf-c6b45c0b43cc, command=[]} | ret=SUCCESS |  
2019-08-29 09:41:59,813 | INFO  | SCMAudit | user=jenkins1000 | ip=192.168.69.87 | op=SEND_HEARTBEAT {datanodeUUID=31202bf3-e3ef-401b-98b9-369e6d4f3507, command=[]} | ret=SUCCESS |  
2019-08-29 09:41:59,826 | INFO  | SCMAudit | user=jenkins1000 | ip=192.168.69.87 | op=SEND_HEARTBEAT {datanodeUUID=129cf440-9aa6-4f56-b440-e84d0b76b9e5, command=[]} | ret=SUCCESS |  
2019-08-29 09:42:00,176 | INFO  | SCMAudit | user=jenkins1000 | ip=192.168.69.87 | op=SEND_HEARTBEAT {datanodeUUID=44638b28-be06-4149-9a11-87ab58c8e022, command=[]} | ret=SUCCESS |  
2019-08-29 09:42:00,280 | INFO  | SCMAudit | user=jenkins1000 | ip=192.168.69.87 | op=SEND_HEARTBEAT {datanodeUUID=73941da8-7b3a-43e7-8aff-0a9367598152, command=[]} | ret=SUCCESS |  
2019-08-29 09:42:00,358 | INFO  | SCMAudit | user=jenkins1000 | ip=192.168.69.87 | op=SEND_HEARTBEAT {datanodeUUID=c6f9d398-2eae-4a63-879f-a1d1bc55d1b3, command=[]} | ret=SUCCESS |  
2019-08-29 09:42:00,544 | INFO  | SCMAudit | user=jenkins1000 | ip=192.168.69.87 | op=SEND_HEARTBEAT {datanodeUUID=7a2e5536-d576-4bf3-9dec-9e4177d66979, command=[]} | ret=SUCCESS |  
2019-08-29 09:42:00,775 [grpc-default-executor-7] INFO  client.GrpcClientProtocolClient (GrpcClientProtocolClient.java:onNext(255)) - client-166A520B6E3C->31202bf3-e3ef-401b-98b9-369e6d4f3507: receive RaftClientReply:client-166A520B6E3C->31202bf3-e3ef-401b-98b9-369e6d4f3507@group-7FC7981111D6, cid=45, FAILED org.apache.ratis.protocol.NotLeaderException: Server 31202bf3-e3ef-401b-98b9-369e6d4f3507 is not the leader (c8986603-afcd-4cf8-afcf-c6b45c0b43cc:192.168.69.87:46863). Request must be sent to leader., logIndex=0, commits[31202bf3-e3ef-401b-98b9-369e6d4f3507:c8, c8986603-afcd-4cf8-afcf-c6b45c0b43cc:c8, 129cf440-9aa6-4f56-b440-e84d0b76b9e5:c8]
2019-08-29 09:42:00,786 | INFO  | SCMAudit | user=jenkins1000 | ip=192.168.69.87 | op=SEND_HEARTBEAT {datanodeUUID=c8986603-afcd-4cf8-afcf-c6b45c0b43cc, command=[]} | ret=SUCCESS |  
2019-08-29 09:42:00,813 | INFO  | SCMAudit | user=jenkins1000 | ip=192.168.69.87 | op=SEND_HEARTBEAT {datanodeUUID=31202bf3-e3ef-401b-98b9-369e6d4f3507, command=[]} | ret=SUCCESS |  
2019-08-29 09:42:00,826 | INFO  | SCMAudit | user=jenkins1000 | ip=192.168.69.87 | op=SEND_HEARTBEAT {datanodeUUID=129cf440-9aa6-4f56-b440-e84d0b76b9e5, command=[]} | ret=SUCCESS |  
2019-08-29 09:42:01,176 | INFO  | SCMAudit | user=jenkins1000 | ip=192.168.69.87 | op=SEND_HEARTBEAT {datanodeUUID=44638b28-be06-4149-9a11-87ab58c8e022, command=[]} | ret=SUCCESS |  
2019-08-29 09:42:01,280 | INFO  | SCMAudit | user=jenkins1000 | ip=192.168.69.87 | op=SEND_HEARTBEAT {datanodeUUID=73941da8-7b3a-43e7-8aff-0a9367598152, command=[]} | ret=SUCCESS |  
2019-08-29 09:42:01,359 | INFO  | SCMAudit | user=jenkins1000 | ip=192.168.69.87 | op=SEND_HEARTBEAT {datanodeUUID=c6f9d398-2eae-4a63-879f-a1d1bc55d1b3, command=[]} | ret=SUCCESS |  
2019-08-29 09:42:01,545 | INFO  | SCMAudit | user=jenkins1000 | ip=192.168.69.87 | op=SEND_HEARTBEAT {datanodeUUID=7a2e5536-d576-4bf3-9dec-9e4177d66979, command=[]} | ret=SUCCESS |  
2019-08-29 09:42:01,783 | INFO  | SCMAudit | user=jenkins1000 | ip=192.168.69.87 | op=SEND_HEARTBEAT {datanodeUUID=c8986603-afcd-4cf8-afcf-c6b45c0b43cc, command=[]} | ret=SUCCESS |  
2019-08-29 09:42:01,813 | INFO  | SCMAudit | user=jenkins1000 | ip=192.168.69.87 | op=SEND_HEARTBEAT {datanodeUUID=31202bf3-e3ef-401b-98b9-369e6d4f3507, command=[]} | ret=SUCCESS |  
2019-08-29 09:42:01,826 | INFO  | SCMAudit | user=jenkins1000 | ip=192.168.69.87 | op=SEND_HEARTBEAT {datanodeUUID=129cf440-9aa6-4f56-b440-e84d0b76b9e5, command=[]} | ret=SUCCESS |  
2019-08-29 09:42:02,177 | INFO  | SCMAudit | user=jenkins1000 | ip=192.168.69.87 | op=SEND_HEARTBEAT {datanodeUUID=44638b28-be06-4149-9a11-87ab58c8e022, command=[]} | ret=SUCCESS |  
2019-08-29 09:42:02,280 | INFO  | SCMAudit | user=jenkins1000 | ip=192.168.69.87 | op=SEND_HEARTBEAT {datanodeUUID=73941da8-7b3a-43e7-8aff-0a9367598152, command=[]} | ret=SUCCESS |  
2019-08-29 09:42:02,358 | INFO  | SCMAudit | user=jenkins1000 | ip=192.168.69.87 | op=SEND_HEARTBEAT {datanodeUUID=c6f9d398-2eae-4a63-879f-a1d1bc55d1b3, command=[]} | ret=SUCCESS |  
2019-08-29 09:42:02,544 | INFO  | SCMAudit | user=jenkins1000 | ip=192.168.69.87 | op=SEND_HEARTBEAT {datanodeUUID=7a2e5536-d576-4bf3-9dec-9e4177d66979, command=[]} | ret=SUCCESS |  
2019-08-29 09:42:02,783 | INFO  | SCMAudit | user=jenkins1000 | ip=192.168.69.87 | op=SEND_HEARTBEAT {datanodeUUID=c8986603-afcd-4cf8-afcf-c6b45c0b43cc, command=[]} | ret=SUCCESS |  
2019-08-29 09:42:02,813 | INFO  | SCMAudit | user=jenkins1000 | ip=192.168.69.87 | op=SEND_HEARTBEAT {datanodeUUID=31202bf3-e3ef-401b-98b9-369e6d4f3507, command=[]} | ret=SUCCESS |  
2019-08-29 09:42:02,826 | INFO  | SCMAudit | user=jenkins1000 | ip=192.168.69.87 | op=SEND_HEARTBEAT {datanodeUUID=129cf440-9aa6-4f56-b440-e84d0b76b9e5, command=[]} | ret=SUCCESS |  
2019-08-29 09:42:03,177 | INFO  | SCMAudit | user=jenkins1000 | ip=192.168.69.87 | op=SEND_HEARTBEAT {datanodeUUID=44638b28-be06-4149-9a11-87ab58c8e022, command=[]} | ret=SUCCESS |  
2019-08-29 09:42:03,281 | INFO  | SCMAudit | user=jenkins1000 | ip=192.168.69.87 | op=SEND_HEARTBEAT {datanodeUUID=73941da8-7b3a-43e7-8aff-0a9367598152, command=[]} | ret=SUCCESS |  
2019-08-29 09:42:03,359 | INFO  | SCMAudit | user=jenkins1000 | ip=192.168.69.87 | op=SEND_HEARTBEAT {datanodeUUID=c6f9d398-2eae-4a63-879f-a1d1bc55d1b3, command=[]} | ret=SUCCESS |  
2019-08-29 09:42:03,544 | INFO  | SCMAudit | user=jenkins1000 | ip=192.168.69.87 | op=SEND_HEARTBEAT {datanodeUUID=7a2e5536-d576-4bf3-9dec-9e4177d66979, command=[]} | ret=SUCCESS |  
2019-08-29 09:42:03,784 | INFO  | SCMAudit | user=jenkins1000 | ip=192.168.69.87 | op=SEND_HEARTBEAT {datanodeUUID=c8986603-afcd-4cf8-afcf-c6b45c0b43cc, command=[]} | ret=SUCCESS |  
2019-08-29 09:42:03,813 | INFO  | SCMAudit | user=jenkins1000 | ip=192.168.69.87 | op=SEND_HEARTBEAT {datanodeUUID=31202bf3-e3ef-401b-98b9-369e6d4f3507, command=[]} | ret=SUCCESS |  
2019-08-29 09:42:03,826 | INFO  | SCMAudit | user=jenkins1000 | ip=192.168.69.87 | op=SEND_HEARTBEAT {datanodeUUID=129cf440-9aa6-4f56-b440-e84d0b76b9e5, command=[]} | ret=SUCCESS |  
2019-08-29 09:42:04,177 | INFO  | SCMAudit | user=jenkins1000 | ip=192.168.69.87 | op=SEND_HEARTBEAT {datanodeUUID=44638b28-be06-4149-9a11-87ab58c8e022, command=[]} | ret=SUCCESS |  
2019-08-29 09:42:04,281 | INFO  | SCMAudit | user=jenkins1000 | ip=192.168.69.87 | op=SEND_HEARTBEAT {datanodeUUID=73941da8-7b3a-43e7-8aff-0a9367598152, command=[]} | ret=SUCCESS |  
2019-08-29 09:42:04,358 | INFO  | SCMAudit | user=jenkins1000 | ip=192.168.69.87 | op=SEND_HEARTBEAT {datanodeUUID=c6f9d398-2eae-4a63-879f-a1d1bc55d1b3, command=[]} | ret=SUCCESS |  
2019-08-29 09:42:04,544 | INFO  | SCMAudit | user=jenkins1000 | ip=192.168.69.87 | op=SEND_HEARTBEAT {datanodeUUID=7a2e5536-d576-4bf3-9dec-9e4177d66979, command=[]} | ret=SUCCESS |  
2019-08-29 09:42:04,784 | INFO  | SCMAudit | user=jenkins1000 | ip=192.168.69.87 | op=SEND_HEARTBEAT {datanodeUUID=c8986603-afcd-4cf8-afcf-c6b45c0b43cc, command=[]} | ret=SUCCESS |  
2019-08-29 09:42:04,813 | INFO  | SCMAudit | user=jenkins1000 | ip=192.168.69.87 | op=SEND_HEARTBEAT {datanodeUUID=31202bf3-e3ef-401b-98b9-369e6d4f3507, command=[]} | ret=SUCCESS |  
2019-08-29 09:42:04,826 | INFO  | SCMAudit | user=jenkins1000 | ip=192.168.69.87 | op=SEND_HEARTBEAT {datanodeUUID=129cf440-9aa6-4f56-b440-e84d0b76b9e5, command=[]} | ret=SUCCESS |  
2019-08-29 09:42:05,178 | INFO  | SCMAudit | user=jenkins1000 | ip=192.168.69.87 | op=SEND_HEARTBEAT {datanodeUUID=44638b28-be06-4149-9a11-87ab58c8e022, command=[]} | ret=SUCCESS |  
2019-08-29 09:42:05,281 | INFO  | SCMAudit | user=jenkins1000 | ip=192.168.69.87 | op=SEND_HEARTBEAT {datanodeUUID=73941da8-7b3a-43e7-8aff-0a9367598152, command=[]} | ret=SUCCESS |  
2019-08-29 09:42:05,358 | INFO  | SCMAudit | user=jenkins1000 | ip=192.168.69.87 | op=SEND_HEARTBEAT {datanodeUUID=c6f9d398-2eae-4a63-879f-a1d1bc55d1b3, command=[]} | ret=SUCCESS |  
2019-08-29 09:42:05,544 | INFO  | SCMAudit | user=jenkins1000 | ip=192.168.69.87 | op=SEND_HEARTBEAT {datanodeUUID=7a2e5536-d576-4bf3-9dec-9e4177d66979, command=[]} | ret=SUCCESS |  
2019-08-29 09:42:05,785 | INFO  | SCMAudit | user=jenkins1000 | ip=192.168.69.87 | op=SEND_HEARTBEAT {datanodeUUID=c8986603-afcd-4cf8-afcf-c6b45c0b43cc, command=[]} | ret=SUCCESS |  
2019-08-29 09:42:05,813 | INFO  | SCMAudit | user=jenkins1000 | ip=192.168.69.87 | op=SEND_HEARTBEAT {datanodeUUID=31202bf3-e3ef-401b-98b9-369e6d4f3507, command=[]} | ret=SUCCESS |  
2019-08-29 09:42:05,814 [grpc-default-executor-7] INFO  client.GrpcClientProtocolClient (GrpcClientProtocolClient.java:onNext(255)) - client-166A520B6E3C->31202bf3-e3ef-401b-98b9-369e6d4f3507: receive RaftClientReply:client-166A520B6E3C->31202bf3-e3ef-401b-98b9-369e6d4f3507@group-7FC7981111D6, cid=45, FAILED org.apache.ratis.protocol.NotLeaderException: Server 31202bf3-e3ef-401b-98b9-369e6d4f3507 is not the leader (c8986603-afcd-4cf8-afcf-c6b45c0b43cc:192.168.69.87:46863). Request must be sent to leader., logIndex=0, commits[31202bf3-e3ef-401b-98b9-369e6d4f3507:c8, c8986603-afcd-4cf8-afcf-c6b45c0b43cc:c8, 129cf440-9aa6-4f56-b440-e84d0b76b9e5:c8]
2019-08-29 09:42:05,826 | INFO  | SCMAudit | user=jenkins1000 | ip=192.168.69.87 | op=SEND_HEARTBEAT {datanodeUUID=129cf440-9aa6-4f56-b440-e84d0b76b9e5, command=[]} | ret=SUCCESS |  
2019-08-29 09:42:06,177 | INFO  | SCMAudit | user=jenkins1000 | ip=192.168.69.87 | op=SEND_HEARTBEAT {datanodeUUID=44638b28-be06-4149-9a11-87ab58c8e022, command=[]} | ret=SUCCESS |  
2019-08-29 09:42:06,281 | INFO  | SCMAudit | user=jenkins1000 | ip=192.168.69.87 | op=SEND_HEARTBEAT {datanodeUUID=73941da8-7b3a-43e7-8aff-0a9367598152, command=[]} | ret=SUCCESS |  
2019-08-29 09:42:06,359 | INFO  | SCMAudit | user=jenkins1000 | ip=192.168.69.87 | op=SEND_HEARTBEAT {datanodeUUID=c6f9d398-2eae-4a63-879f-a1d1bc55d1b3, command=[]} | ret=SUCCESS |  
2019-08-29 09:42:06,544 | INFO  | SCMAudit | user=jenkins1000 | ip=192.168.69.87 | op=SEND_HEARTBEAT {datanodeUUID=7a2e5536-d576-4bf3-9dec-9e4177d66979, command=[]} | ret=SUCCESS |  
2019-08-29 09:42:06,785 | INFO  | SCMAudit | user=jenkins1000 | ip=192.168.69.87 | op=SEND_HEARTBEAT {datanodeUUID=c8986603-afcd-4cf8-afcf-c6b45c0b43cc, command=[]} | ret=SUCCESS |  
2019-08-29 09:42:06,813 | INFO  | SCMAudit | user=jenkins1000 | ip=192.168.69.87 | op=SEND_HEARTBEAT {datanodeUUID=31202bf3-e3ef-401b-98b9-369e6d4f3507, command=[]} | ret=SUCCESS |  
2019-08-29 09:42:06,837 | INFO  | SCMAudit | user=jenkins1000 | ip=192.168.69.87 | op=SEND_HEARTBEAT {datanodeUUID=129cf440-9aa6-4f56-b440-e84d0b76b9e5, command=[]} | ret=SUCCESS |  
2019-08-29 09:42:07,177 | INFO  | SCMAudit | user=jenkins1000 | ip=192.168.69.87 | op=SEND_HEARTBEAT {datanodeUUID=44638b28-be06-4149-9a11-87ab58c8e022, command=[]} | ret=SUCCESS |  
2019-08-29 09:42:07,281 | INFO  | SCMAudit | user=jenkins1000 | ip=192.168.69.87 | op=SEND_HEARTBEAT {datanodeUUID=73941da8-7b3a-43e7-8aff-0a9367598152, command=[]} | ret=SUCCESS |  
2019-08-29 09:42:07,358 | INFO  | SCMAudit | user=jenkins1000 | ip=192.168.69.87 | op=SEND_HEARTBEAT {datanodeUUID=c6f9d398-2eae-4a63-879f-a1d1bc55d1b3, command=[]} | ret=SUCCESS |  
2019-08-29 09:42:07,544 | INFO  | SCMAudit | user=jenkins1000 | ip=192.168.69.87 | op=SEND_HEARTBEAT {datanodeUUID=7a2e5536-d576-4bf3-9dec-9e4177d66979, command=[]} | ret=SUCCESS |  
2019-08-29 09:42:07,785 | INFO  | SCMAudit | user=jenkins1000 | ip=192.168.69.87 | op=SEND_HEARTBEAT {datanodeUUID=c8986603-afcd-4cf8-afcf-c6b45c0b43cc, command=[]} | ret=SUCCESS |  
2019-08-29 09:42:07,813 | INFO  | SCMAudit | user=jenkins1000 | ip=192.168.69.87 | op=SEND_HEARTBEAT {datanodeUUID=31202bf3-e3ef-401b-98b9-369e6d4f3507, command=[]} | ret=SUCCESS |  
2019-08-29 09:42:07,826 | INFO  | SCMAudit | user=jenkins1000 | ip=192.168.69.87 | op=SEND_HEARTBEAT {datanodeUUID=129cf440-9aa6-4f56-b440-e84d0b76b9e5, command=[]} | ret=SUCCESS |  
2019-08-29 09:42:08,177 | INFO  | SCMAudit | user=jenkins1000 | ip=192.168.69.87 | op=SEND_HEARTBEAT {datanodeUUID=44638b28-be06-4149-9a11-87ab58c8e022, command=[]} | ret=SUCCESS |  
2019-08-29 09:42:08,282 | INFO  | SCMAudit | user=jenkins1000 | ip=192.168.69.87 | op=SEND_HEARTBEAT {datanodeUUID=73941da8-7b3a-43e7-8aff-0a9367598152, command=[]} | ret=SUCCESS |  
2019-08-29 09:42:08,358 | INFO  | SCMAudit | user=jenkins1000 | ip=192.168.69.87 | op=SEND_HEARTBEAT {datanodeUUID=c6f9d398-2eae-4a63-879f-a1d1bc55d1b3, command=[]} | ret=SUCCESS |  
2019-08-29 09:42:08,544 | INFO  | SCMAudit | user=jenkins1000 | ip=192.168.69.87 | op=SEND_HEARTBEAT {datanodeUUID=7a2e5536-d576-4bf3-9dec-9e4177d66979, command=[]} | ret=SUCCESS |  
2019-08-29 09:42:08,788 | INFO  | SCMAudit | user=jenkins1000 | ip=192.168.69.87 | op=SEND_HEARTBEAT {datanodeUUID=c8986603-afcd-4cf8-afcf-c6b45c0b43cc, command=[]} | ret=SUCCESS |  
2019-08-29 09:42:08,813 | INFO  | SCMAudit | user=jenkins1000 | ip=192.168.69.87 | op=SEND_HEARTBEAT {datanodeUUID=31202bf3-e3ef-401b-98b9-369e6d4f3507, command=[]} | ret=SUCCESS |  
2019-08-29 09:42:08,826 | INFO  | SCMAudit | user=jenkins1000 | ip=192.168.69.87 | op=SEND_HEARTBEAT {datanodeUUID=129cf440-9aa6-4f56-b440-e84d0b76b9e5, command=[]} | ret=SUCCESS |  
2019-08-29 09:42:09,178 | INFO  | SCMAudit | user=jenkins1000 | ip=192.168.69.87 | op=SEND_HEARTBEAT {datanodeUUID=44638b28-be06-4149-9a11-87ab58c8e022, command=[]} | ret=SUCCESS |  
2019-08-29 09:42:09,283 | INFO  | SCMAudit | user=jenkins1000 | ip=192.168.69.87 | op=SEND_HEARTBEAT {datanodeUUID=73941da8-7b3a-43e7-8aff-0a9367598152, command=[]} | ret=SUCCESS |  
2019-08-29 09:42:09,358 | INFO  | SCMAudit | user=jenkins1000 | ip=192.168.69.87 | op=SEND_HEARTBEAT {datanodeUUID=c6f9d398-2eae-4a63-879f-a1d1bc55d1b3, command=[]} | ret=SUCCESS |  
2019-08-29 09:42:09,545 | INFO  | SCMAudit | user=jenkins1000 | ip=192.168.69.87 | op=SEND_HEARTBEAT {datanodeUUID=7a2e5536-d576-4bf3-9dec-9e4177d66979, command=[]} | ret=SUCCESS |  
2019-08-29 09:42:09,786 | INFO  | SCMAudit | user=jenkins1000 | ip=192.168.69.87 | op=SEND_HEARTBEAT {datanodeUUID=c8986603-afcd-4cf8-afcf-c6b45c0b43cc, command=[]} | ret=SUCCESS |  
2019-08-29 09:42:09,814 | INFO  | SCMAudit | user=jenkins1000 | ip=192.168.69.87 | op=SEND_HEARTBEAT {datanodeUUID=31202bf3-e3ef-401b-98b9-369e6d4f3507, command=[]} | ret=SUCCESS |  
2019-08-29 09:42:09,826 | INFO  | SCMAudit | user=jenkins1000 | ip=192.168.69.87 | op=SEND_HEARTBEAT {datanodeUUID=129cf440-9aa6-4f56-b440-e84d0b76b9e5, command=[]} | ret=SUCCESS |  
2019-08-29 09:42:10,177 | INFO  | SCMAudit | user=jenkins1000 | ip=192.168.69.87 | op=SEND_HEARTBEAT {datanodeUUID=44638b28-be06-4149-9a11-87ab58c8e022, command=[]} | ret=SUCCESS |  
2019-08-29 09:42:10,283 | INFO  | SCMAudit | user=jenkins1000 | ip=192.168.69.87 | op=SEND_HEARTBEAT {datanodeUUID=73941da8-7b3a-43e7-8aff-0a9367598152, command=[]} | ret=SUCCESS |  
2019-08-29 09:42:10,358 | INFO  | SCMAudit | user=jenkins1000 | ip=192.168.69.87 | op=SEND_HEARTBEAT {datanodeUUID=c6f9d398-2eae-4a63-879f-a1d1bc55d1b3, command=[]} | ret=SUCCESS |  
2019-08-29 09:42:10,544 | INFO  | SCMAudit | user=jenkins1000 | ip=192.168.69.87 | op=SEND_HEARTBEAT {datanodeUUID=7a2e5536-d576-4bf3-9dec-9e4177d66979, command=[]} | ret=SUCCESS |  
2019-08-29 09:42:10,787 | INFO  | SCMAudit | user=jenkins1000 | ip=192.168.69.87 | op=SEND_HEARTBEAT {datanodeUUID=c8986603-afcd-4cf8-afcf-c6b45c0b43cc, command=[]} | ret=SUCCESS |  
2019-08-29 09:42:10,815 | INFO  | SCMAudit | user=jenkins1000 | ip=192.168.69.87 | op=SEND_HEARTBEAT {datanodeUUID=31202bf3-e3ef-401b-98b9-369e6d4f3507, command=[]} | ret=SUCCESS |  
2019-08-29 09:42:10,826 | INFO  | SCMAudit | user=jenkins1000 | ip=192.168.69.87 | op=SEND_HEARTBEAT {datanodeUUID=129cf440-9aa6-4f56-b440-e84d0b76b9e5, command=[]} | ret=SUCCESS |  
2019-08-29 09:42:10,852 [grpc-default-executor-7] INFO  client.GrpcClientProtocolClient (GrpcClientProtocolClient.java:onNext(255)) - client-166A520B6E3C->129cf440-9aa6-4f56-b440-e84d0b76b9e5: receive RaftClientReply:client-166A520B6E3C->129cf440-9aa6-4f56-b440-e84d0b76b9e5@group-7FC7981111D6, cid=45, FAILED org.apache.ratis.protocol.NotLeaderException: Server 129cf440-9aa6-4f56-b440-e84d0b76b9e5 is not the leader (c8986603-afcd-4cf8-afcf-c6b45c0b43cc:192.168.69.87:46863). Request must be sent to leader., logIndex=0, commits[129cf440-9aa6-4f56-b440-e84d0b76b9e5:c8, c8986603-afcd-4cf8-afcf-c6b45c0b43cc:c8, 31202bf3-e3ef-401b-98b9-369e6d4f3507:c8]
2019-08-29 09:42:11,177 | INFO  | SCMAudit | user=jenkins1000 | ip=192.168.69.87 | op=SEND_HEARTBEAT {datanodeUUID=44638b28-be06-4149-9a11-87ab58c8e022, command=[]} | ret=SUCCESS |  
2019-08-29 09:42:11,284 | INFO  | SCMAudit | user=jenkins1000 | ip=192.168.69.87 | op=SEND_HEARTBEAT {datanodeUUID=73941da8-7b3a-43e7-8aff-0a9367598152, command=[]} | ret=SUCCESS |  
2019-08-29 09:42:11,359 | INFO  | SCMAudit | user=jenkins1000 | ip=192.168.69.87 | op=SEND_HEARTBEAT {datanodeUUID=c6f9d398-2eae-4a63-879f-a1d1bc55d1b3, command=[]} | ret=SUCCESS |  
2019-08-29 09:42:11,544 | INFO  | SCMAudit | user=jenkins1000 | ip=192.168.69.87 | op=SEND_HEARTBEAT {datanodeUUID=7a2e5536-d576-4bf3-9dec-9e4177d66979, command=[]} | ret=SUCCESS |  
2019-08-29 09:42:11,787 | INFO  | SCMAudit | user=jenkins1000 | ip=192.168.69.87 | op=SEND_HEARTBEAT {datanodeUUID=c8986603-afcd-4cf8-afcf-c6b45c0b43cc, command=[]} | ret=SUCCESS |  
2019-08-29 09:42:11,815 | INFO  | SCMAudit | user=jenkins1000 | ip=192.168.69.87 | op=SEND_HEARTBEAT {datanodeUUID=31202bf3-e3ef-401b-98b9-369e6d4f3507, command=[]} | ret=SUCCESS |  
2019-08-29 09:42:11,827 | INFO  | SCMAudit | user=jenkins1000 | ip=192.168.69.87 | op=SEND_HEARTBEAT {datanodeUUID=129cf440-9aa6-4f56-b440-e84d0b76b9e5, command=[]} | ret=SUCCESS |  
2019-08-29 09:42:12,178 | INFO  | SCMAudit | user=jenkins1000 | ip=192.168.69.87 | op=SEND_HEARTBEAT {datanodeUUID=44638b28-be06-4149-9a11-87ab58c8e022, command=[]} | ret=SUCCESS |  
2019-08-29 09:42:12,283 | INFO  | SCMAudit | user=jenkins1000 | ip=192.168.69.87 | op=SEND_HEARTBEAT {datanodeUUID=73941da8-7b3a-43e7-8aff-0a9367598152, command=[]} | ret=SUCCESS |  
2019-08-29 09:42:12,359 | INFO  | SCMAudit | user=jenkins1000 | ip=192.168.69.87 | op=SEND_HEARTBEAT {datanodeUUID=c6f9d398-2eae-4a63-879f-a1d1bc55d1b3, command=[]} | ret=SUCCESS |  
2019-08-29 09:42:12,544 | INFO  | SCMAudit | user=jenkins1000 | ip=192.168.69.87 | op=SEND_HEARTBEAT {datanodeUUID=7a2e5536-d576-4bf3-9dec-9e4177d66979, command=[]} | ret=SUCCESS |  
2019-08-29 09:42:12,787 | INFO  | SCMAudit | user=jenkins1000 | ip=192.168.69.87 | op=SEND_HEARTBEAT {datanodeUUID=c8986603-afcd-4cf8-afcf-c6b45c0b43cc, command=[]} | ret=SUCCESS |  
2019-08-29 09:42:12,815 | INFO  | SCMAudit | user=jenkins1000 | ip=192.168.69.87 | op=SEND_HEARTBEAT {datanodeUUID=31202bf3-e3ef-401b-98b9-369e6d4f3507, command=[]} | ret=SUCCESS |  
2019-08-29 09:42:12,826 | INFO  | SCMAudit | user=jenkins1000 | ip=192.168.69.87 | op=SEND_HEARTBEAT {datanodeUUID=129cf440-9aa6-4f56-b440-e84d0b76b9e5, command=[]} | ret=SUCCESS |  
2019-08-29 09:42:13,177 | INFO  | SCMAudit | user=jenkins1000 | ip=192.168.69.87 | op=SEND_HEARTBEAT {datanodeUUID=44638b28-be06-4149-9a11-87ab58c8e022, command=[]} | ret=SUCCESS |  
2019-08-29 09:42:13,283 | INFO  | SCMAudit | user=jenkins1000 | ip=192.168.69.87 | op=SEND_HEARTBEAT {datanodeUUID=73941da8-7b3a-43e7-8aff-0a9367598152, command=[]} | ret=SUCCESS |  
2019-08-29 09:42:13,360 | INFO  | SCMAudit | user=jenkins1000 | ip=192.168.69.87 | op=SEND_HEARTBEAT {datanodeUUID=c6f9d398-2eae-4a63-879f-a1d1bc55d1b3, command=[]} | ret=SUCCESS |  
2019-08-29 09:42:13,544 | INFO  | SCMAudit | user=jenkins1000 | ip=192.168.69.87 | op=SEND_HEARTBEAT {datanodeUUID=7a2e5536-d576-4bf3-9dec-9e4177d66979, command=[]} | ret=SUCCESS |  
2019-08-29 09:42:13,787 | INFO  | SCMAudit | user=jenkins1000 | ip=192.168.69.87 | op=SEND_HEARTBEAT {datanodeUUID=c8986603-afcd-4cf8-afcf-c6b45c0b43cc, command=[]} | ret=SUCCESS |  
2019-08-29 09:42:13,815 | INFO  | SCMAudit | user=jenkins1000 | ip=192.168.69.87 | op=SEND_HEARTBEAT {datanodeUUID=31202bf3-e3ef-401b-98b9-369e6d4f3507, command=[]} | ret=SUCCESS |  
2019-08-29 09:42:13,826 | INFO  | SCMAudit | user=jenkins1000 | ip=192.168.69.87 | op=SEND_HEARTBEAT {datanodeUUID=129cf440-9aa6-4f56-b440-e84d0b76b9e5, command=[]} | ret=SUCCESS |  
2019-08-29 09:42:14,177 | INFO  | SCMAudit | user=jenkins1000 | ip=192.168.69.87 | op=SEND_HEARTBEAT {datanodeUUID=44638b28-be06-4149-9a11-87ab58c8e022, command=[]} | ret=SUCCESS |  
2019-08-29 09:42:14,283 | INFO  | SCMAudit | user=jenkins1000 | ip=192.168.69.87 | op=SEND_HEARTBEAT {datanodeUUID=73941da8-7b3a-43e7-8aff-0a9367598152, command=[]} | ret=SUCCESS |  
2019-08-29 09:42:14,360 | INFO  | SCMAudit | user=jenkins1000 | ip=192.168.69.87 | op=SEND_HEARTBEAT {datanodeUUID=c6f9d398-2eae-4a63-879f-a1d1bc55d1b3, command=[]} | ret=SUCCESS |  
2019-08-29 09:42:14,544 | INFO  | SCMAudit | user=jenkins1000 | ip=192.168.69.87 | op=SEND_HEARTBEAT {datanodeUUID=7a2e5536-d576-4bf3-9dec-9e4177d66979, command=[]} | ret=SUCCESS |  
2019-08-29 09:42:14,787 | INFO  | SCMAudit | user=jenkins1000 | ip=192.168.69.87 | op=SEND_HEARTBEAT {datanodeUUID=c8986603-afcd-4cf8-afcf-c6b45c0b43cc, command=[]} | ret=SUCCESS |  
2019-08-29 09:42:14,815 | INFO  | SCMAudit | user=jenkins1000 | ip=192.168.69.87 | op=SEND_HEARTBEAT {datanodeUUID=31202bf3-e3ef-401b-98b9-369e6d4f3507, command=[]} | ret=SUCCESS |  
2019-08-29 09:42:14,826 | INFO  | SCMAudit | user=jenkins1000 | ip=192.168.69.87 | op=SEND_HEARTBEAT {datanodeUUID=129cf440-9aa6-4f56-b440-e84d0b76b9e5, command=[]} | ret=SUCCESS |  
2019-08-29 09:42:15,177 | INFO  | SCMAudit | user=jenkins1000 | ip=192.168.69.87 | op=SEND_HEARTBEAT {datanodeUUID=44638b28-be06-4149-9a11-87ab58c8e022, command=[]} | ret=SUCCESS |  
2019-08-29 09:42:15,283 | INFO  | SCMAudit | user=jenkins1000 | ip=192.168.69.87 | op=SEND_HEARTBEAT {datanodeUUID=73941da8-7b3a-43e7-8aff-0a9367598152, command=[]} | ret=SUCCESS |  
2019-08-29 09:42:15,360 | INFO  | SCMAudit | user=jenkins1000 | ip=192.168.69.87 | op=SEND_HEARTBEAT {datanodeUUID=c6f9d398-2eae-4a63-879f-a1d1bc55d1b3, command=[]} | ret=SUCCESS |  
2019-08-29 09:42:15,545 | INFO  | SCMAudit | user=jenkins1000 | ip=192.168.69.87 | op=SEND_HEARTBEAT {datanodeUUID=7a2e5536-d576-4bf3-9dec-9e4177d66979, command=[]} | ret=SUCCESS |  
2019-08-29 09:42:15,788 | INFO  | SCMAudit | user=jenkins1000 | ip=192.168.69.87 | op=SEND_HEARTBEAT {datanodeUUID=c8986603-afcd-4cf8-afcf-c6b45c0b43cc, command=[]} | ret=SUCCESS |  
2019-08-29 09:42:15,816 | INFO  | SCMAudit | user=jenkins1000 | ip=192.168.69.87 | op=SEND_HEARTBEAT {datanodeUUID=31202bf3-e3ef-401b-98b9-369e6d4f3507, command=[]} | ret=SUCCESS |  
2019-08-29 09:42:15,826 | INFO  | SCMAudit | user=jenkins1000 | ip=192.168.69.87 | op=SEND_HEARTBEAT {datanodeUUID=129cf440-9aa6-4f56-b440-e84d0b76b9e5, command=[]} | ret=SUCCESS |  
2019-08-29 09:42:15,902 [grpc-default-executor-6] INFO  client.GrpcClientProtocolClient (GrpcClientProtocolClient.java:onNext(255)) - client-166A520B6E3C->31202bf3-e3ef-401b-98b9-369e6d4f3507: receive RaftClientReply:client-166A520B6E3C->31202bf3-e3ef-401b-98b9-369e6d4f3507@group-7FC7981111D6, cid=45, FAILED org.apache.ratis.protocol.NotLeaderException: Server 31202bf3-e3ef-401b-98b9-369e6d4f3507 is not the leader (c8986603-afcd-4cf8-afcf-c6b45c0b43cc:192.168.69.87:46863). Request must be sent to leader., logIndex=0, commits[31202bf3-e3ef-401b-98b9-369e6d4f3507:c8, c8986603-afcd-4cf8-afcf-c6b45c0b43cc:c8, 129cf440-9aa6-4f56-b440-e84d0b76b9e5:c8]
2019-08-29 09:42:16,177 | INFO  | SCMAudit | user=jenkins1000 | ip=192.168.69.87 | op=SEND_HEARTBEAT {datanodeUUID=44638b28-be06-4149-9a11-87ab58c8e022, command=[]} | ret=SUCCESS |  
2019-08-29 09:42:16,283 | INFO  | SCMAudit | user=jenkins1000 | ip=192.168.69.87 | op=SEND_HEARTBEAT {datanodeUUID=73941da8-7b3a-43e7-8aff-0a9367598152, command=[]} | ret=SUCCESS |  
2019-08-29 09:42:16,360 | INFO  | SCMAudit | user=jenkins1000 | ip=192.168.69.87 | op=SEND_HEARTBEAT {datanodeUUID=c6f9d398-2eae-4a63-879f-a1d1bc55d1b3, command=[]} | ret=SUCCESS |  
2019-08-29 09:42:16,544 | INFO  | SCMAudit | user=jenkins1000 | ip=192.168.69.87 | op=SEND_HEARTBEAT {datanodeUUID=7a2e5536-d576-4bf3-9dec-9e4177d66979, command=[]} | ret=SUCCESS |  
2019-08-29 09:42:16,788 | INFO  | SCMAudit | user=jenkins1000 | ip=192.168.69.87 | op=SEND_HEARTBEAT {datanodeUUID=c8986603-afcd-4cf8-afcf-c6b45c0b43cc, command=[]} | ret=SUCCESS |  
2019-08-29 09:42:16,815 | INFO  | SCMAudit | user=jenkins1000 | ip=192.168.69.87 | op=SEND_HEARTBEAT {datanodeUUID=31202bf3-e3ef-401b-98b9-369e6d4f3507, command=[]} | ret=SUCCESS |  
2019-08-29 09:42:16,826 | INFO  | SCMAudit | user=jenkins1000 | ip=192.168.69.87 | op=SEND_HEARTBEAT {datanodeUUID=129cf440-9aa6-4f56-b440-e84d0b76b9e5, command=[]} | ret=SUCCESS |  
2019-08-29 09:42:17,178 | INFO  | SCMAudit | user=jenkins1000 | ip=192.168.69.87 | op=SEND_HEARTBEAT {datanodeUUID=44638b28-be06-4149-9a11-87ab58c8e022, command=[]} | ret=SUCCESS |  
2019-08-29 09:42:17,283 | INFO  | SCMAudit | user=jenkins1000 | ip=192.168.69.87 | op=SEND_HEARTBEAT {datanodeUUID=73941da8-7b3a-43e7-8aff-0a9367598152, command=[]} | ret=SUCCESS |  
2019-08-29 09:42:17,360 | INFO  | SCMAudit | user=jenkins1000 | ip=192.168.69.87 | op=SEND_HEARTBEAT {datanodeUUID=c6f9d398-2eae-4a63-879f-a1d1bc55d1b3, command=[]} | ret=SUCCESS |  
2019-08-29 09:42:17,545 | INFO  | SCMAudit | user=jenkins1000 | ip=192.168.69.87 | op=SEND_HEARTBEAT {datanodeUUID=7a2e5536-d576-4bf3-9dec-9e4177d66979, command=[]} | ret=SUCCESS |  
2019-08-29 09:42:17,787 | INFO  | SCMAudit | user=jenkins1000 | ip=192.168.69.87 | op=SEND_HEARTBEAT {datanodeUUID=c8986603-afcd-4cf8-afcf-c6b45c0b43cc, command=[]} | ret=SUCCESS |  
2019-08-29 09:42:17,815 | INFO  | SCMAudit | user=jenkins1000 | ip=192.168.69.87 | op=SEND_HEARTBEAT {datanodeUUID=31202bf3-e3ef-401b-98b9-369e6d4f3507, command=[]} | ret=SUCCESS |  
2019-08-29 09:42:17,826 | INFO  | SCMAudit | user=jenkins1000 | ip=192.168.69.87 | op=SEND_HEARTBEAT {datanodeUUID=129cf440-9aa6-4f56-b440-e84d0b76b9e5, command=[]} | ret=SUCCESS |  
2019-08-29 09:42:18,178 | INFO  | SCMAudit | user=jenkins1000 | ip=192.168.69.87 | op=SEND_HEARTBEAT {datanodeUUID=44638b28-be06-4149-9a11-87ab58c8e022, command=[]} | ret=SUCCESS |  
2019-08-29 09:42:18,283 | INFO  | SCMAudit | user=jenkins1000 | ip=192.168.69.87 | op=SEND_HEARTBEAT {datanodeUUID=73941da8-7b3a-43e7-8aff-0a9367598152, command=[]} | ret=SUCCESS |  
2019-08-29 09:42:18,360 | INFO  | SCMAudit | user=jenkins1000 | ip=192.168.69.87 | op=SEND_HEARTBEAT {datanodeUUID=c6f9d398-2eae-4a63-879f-a1d1bc55d1b3, command=[]} | ret=SUCCESS |  
2019-08-29 09:42:18,544 | INFO  | SCMAudit | user=jenkins1000 | ip=192.168.69.87 | op=SEND_HEARTBEAT {datanodeUUID=7a2e5536-d576-4bf3-9dec-9e4177d66979, command=[]} | ret=SUCCESS |  
2019-08-29 09:42:18,787 | INFO  | SCMAudit | user=jenkins1000 | ip=192.168.69.87 | op=SEND_HEARTBEAT {datanodeUUID=c8986603-afcd-4cf8-afcf-c6b45c0b43cc, command=[]} | ret=SUCCESS |  
2019-08-29 09:42:18,816 | INFO  | SCMAudit | user=jenkins1000 | ip=192.168.69.87 | op=SEND_HEARTBEAT {datanodeUUID=31202bf3-e3ef-401b-98b9-369e6d4f3507, command=[]} | ret=SUCCESS |  
2019-08-29 09:42:18,826 | INFO  | SCMAudit | user=jenkins1000 | ip=192.168.69.87 | op=SEND_HEARTBEAT {datanodeUUID=129cf440-9aa6-4f56-b440-e84d0b76b9e5, command=[]} | ret=SUCCESS |  
2019-08-29 09:42:19,178 | INFO  | SCMAudit | user=jenkins1000 | ip=192.168.69.87 | op=SEND_HEARTBEAT {datanodeUUID=44638b28-be06-4149-9a11-87ab58c8e022, command=[]} | ret=SUCCESS |  
2019-08-29 09:42:19,284 | INFO  | SCMAudit | user=jenkins1000 | ip=192.168.69.87 | op=SEND_HEARTBEAT {datanodeUUID=73941da8-7b3a-43e7-8aff-0a9367598152, command=[]} | ret=SUCCESS |  
2019-08-29 09:42:19,360 | INFO  | SCMAudit | user=jenkins1000 | ip=192.168.69.87 | op=SEND_HEARTBEAT {datanodeUUID=c6f9d398-2eae-4a63-879f-a1d1bc55d1b3, command=[]} | ret=SUCCESS |  
2019-08-29 09:42:19,544 | INFO  | SCMAudit | user=jenkins1000 | ip=192.168.69.87 | op=SEND_HEARTBEAT {datanodeUUID=7a2e5536-d576-4bf3-9dec-9e4177d66979, command=[]} | ret=SUCCESS |  
2019-08-29 09:42:19,788 | INFO  | SCMAudit | user=jenkins1000 | ip=192.168.69.87 | op=SEND_HEARTBEAT {datanodeUUID=c8986603-afcd-4cf8-afcf-c6b45c0b43cc, command=[]} | ret=SUCCESS |  
2019-08-29 09:42:19,816 | INFO  | SCMAudit | user=jenkins1000 | ip=192.168.69.87 | op=SEND_HEARTBEAT {datanodeUUID=31202bf3-e3ef-401b-98b9-369e6d4f3507, command=[]} | ret=SUCCESS |  
2019-08-29 09:42:19,826 | INFO  | SCMAudit | user=jenkins1000 | ip=192.168.69.87 | op=SEND_HEARTBEAT {datanodeUUID=129cf440-9aa6-4f56-b440-e84d0b76b9e5, command=[]} | ret=SUCCESS |  
2019-08-29 09:42:20,179 | INFO  | SCMAudit | user=jenkins1000 | ip=192.168.69.87 | op=SEND_HEARTBEAT {datanodeUUID=44638b28-be06-4149-9a11-87ab58c8e022, command=[]} | ret=SUCCESS |  
2019-08-29 09:42:20,283 | INFO  | SCMAudit | user=jenkins1000 | ip=192.168.69.87 | op=SEND_HEARTBEAT {datanodeUUID=73941da8-7b3a-43e7-8aff-0a9367598152, command=[]} | ret=SUCCESS |  
2019-08-29 09:42:20,361 | INFO  | SCMAudit | user=jenkins1000 | ip=192.168.69.87 | op=SEND_HEARTBEAT {datanodeUUID=c6f9d398-2eae-4a63-879f-a1d1bc55d1b3, command=[]} | ret=SUCCESS |  
2019-08-29 09:42:20,544 | INFO  | SCMAudit | user=jenkins1000 | ip=192.168.69.87 | op=SEND_HEARTBEAT {datanodeUUID=7a2e5536-d576-4bf3-9dec-9e4177d66979, command=[]} | ret=SUCCESS |  
2019-08-29 09:42:20,787 | INFO  | SCMAudit | user=jenkins1000 | ip=192.168.69.87 | op=SEND_HEARTBEAT {datanodeUUID=c8986603-afcd-4cf8-afcf-c6b45c0b43cc, command=[]} | ret=SUCCESS |  
2019-08-29 09:42:20,816 | INFO  | SCMAudit | user=jenkins1000 | ip=192.168.69.87 | op=SEND_HEARTBEAT {datanodeUUID=31202bf3-e3ef-401b-98b9-369e6d4f3507, command=[]} | ret=SUCCESS |  
2019-08-29 09:42:20,826 | INFO  | SCMAudit | user=jenkins1000 | ip=192.168.69.87 | op=SEND_HEARTBEAT {datanodeUUID=129cf440-9aa6-4f56-b440-e84d0b76b9e5, command=[]} | ret=SUCCESS |  
2019-08-29 09:42:20,940 [grpc-default-executor-7] INFO  client.GrpcClientProtocolClient (GrpcClientProtocolClient.java:onNext(255)) - client-166A520B6E3C->31202bf3-e3ef-401b-98b9-369e6d4f3507: receive RaftClientReply:client-166A520B6E3C->31202bf3-e3ef-401b-98b9-369e6d4f3507@group-7FC7981111D6, cid=45, FAILED org.apache.ratis.protocol.NotLeaderException: Server 31202bf3-e3ef-401b-98b9-369e6d4f3507 is not the leader (c8986603-afcd-4cf8-afcf-c6b45c0b43cc:192.168.69.87:46863). Request must be sent to leader., logIndex=0, commits[31202bf3-e3ef-401b-98b9-369e6d4f3507:c8, c8986603-afcd-4cf8-afcf-c6b45c0b43cc:c8, 129cf440-9aa6-4f56-b440-e84d0b76b9e5:c8]
2019-08-29 09:42:21,178 | INFO  | SCMAudit | user=jenkins1000 | ip=192.168.69.87 | op=SEND_HEARTBEAT {datanodeUUID=44638b28-be06-4149-9a11-87ab58c8e022, command=[]} | ret=SUCCESS |  
2019-08-29 09:42:21,283 | INFO  | SCMAudit | user=jenkins1000 | ip=192.168.69.87 | op=SEND_HEARTBEAT {datanodeUUID=73941da8-7b3a-43e7-8aff-0a9367598152, command=[]} | ret=SUCCESS |  
2019-08-29 09:42:21,360 | INFO  | SCMAudit | user=jenkins1000 | ip=192.168.69.87 | op=SEND_HEARTBEAT {datanodeUUID=c6f9d398-2eae-4a63-879f-a1d1bc55d1b3, command=[]} | ret=SUCCESS |  
2019-08-29 09:42:21,545 | INFO  | SCMAudit | user=jenkins1000 | ip=192.168.69.87 | op=SEND_HEARTBEAT {datanodeUUID=7a2e5536-d576-4bf3-9dec-9e4177d66979, command=[]} | ret=SUCCESS |  
2019-08-29 09:42:21,787 | INFO  | SCMAudit | user=jenkins1000 | ip=192.168.69.87 | op=SEND_HEARTBEAT {datanodeUUID=c8986603-afcd-4cf8-afcf-c6b45c0b43cc, command=[]} | ret=SUCCESS |  
2019-08-29 09:42:21,816 | INFO  | SCMAudit | user=jenkins1000 | ip=192.168.69.87 | op=SEND_HEARTBEAT {datanodeUUID=31202bf3-e3ef-401b-98b9-369e6d4f3507, command=[]} | ret=SUCCESS |  
2019-08-29 09:42:21,827 | INFO  | SCMAudit | user=jenkins1000 | ip=192.168.69.87 | op=SEND_HEARTBEAT {datanodeUUID=129cf440-9aa6-4f56-b440-e84d0b76b9e5, command=[]} | ret=SUCCESS |  
2019-08-29 09:42:22,179 | INFO  | SCMAudit | user=jenkins1000 | ip=192.168.69.87 | op=SEND_HEARTBEAT {datanodeUUID=44638b28-be06-4149-9a11-87ab58c8e022, command=[]} | ret=SUCCESS |  
2019-08-29 09:42:22,284 | INFO  | SCMAudit | user=jenkins1000 | ip=192.168.69.87 | op=SEND_HEARTBEAT {datanodeUUID=73941da8-7b3a-43e7-8aff-0a9367598152, command=[]} | ret=SUCCESS |  
2019-08-29 09:42:22,360 | INFO  | SCMAudit | user=jenkins1000 | ip=192.168.69.87 | op=SEND_HEARTBEAT {datanodeUUID=c6f9d398-2eae-4a63-879f-a1d1bc55d1b3, command=[]} | ret=SUCCESS |  
2019-08-29 09:42:22,545 | INFO  | SCMAudit | user=jenkins1000 | ip=192.168.69.87 | op=SEND_HEARTBEAT {datanodeUUID=7a2e5536-d576-4bf3-9dec-9e4177d66979, command=[]} | ret=SUCCESS |  
2019-08-29 09:42:22,788 | INFO  | SCMAudit | user=jenkins1000 | ip=192.168.69.87 | op=SEND_HEARTBEAT {datanodeUUID=c8986603-afcd-4cf8-afcf-c6b45c0b43cc, command=[]} | ret=SUCCESS |  
2019-08-29 09:42:22,816 | INFO  | SCMAudit | user=jenkins1000 | ip=192.168.69.87 | op=SEND_HEARTBEAT {datanodeUUID=31202bf3-e3ef-401b-98b9-369e6d4f3507, command=[]} | ret=SUCCESS |  
2019-08-29 09:42:22,828 | INFO  | SCMAudit | user=jenkins1000 | ip=192.168.69.87 | op=SEND_HEARTBEAT {datanodeUUID=129cf440-9aa6-4f56-b440-e84d0b76b9e5, command=[]} | ret=SUCCESS |  
2019-08-29 09:42:23,179 | INFO  | SCMAudit | user=jenkins1000 | ip=192.168.69.87 | op=SEND_HEARTBEAT {datanodeUUID=44638b28-be06-4149-9a11-87ab58c8e022, command=[]} | ret=SUCCESS |  
2019-08-29 09:42:23,283 | INFO  | SCMAudit | user=jenkins1000 | ip=192.168.69.87 | op=SEND_HEARTBEAT {datanodeUUID=73941da8-7b3a-43e7-8aff-0a9367598152, command=[]} | ret=SUCCESS |  
2019-08-29 09:42:23,360 | INFO  | SCMAudit | user=jenkins1000 | ip=192.168.69.87 | op=SEND_HEARTBEAT {datanodeUUID=c6f9d398-2eae-4a63-879f-a1d1bc55d1b3, command=[]} | ret=SUCCESS |  
2019-08-29 09:42:23,545 | INFO  | SCMAudit | user=jenkins1000 | ip=192.168.69.87 | op=SEND_HEARTBEAT {datanodeUUID=7a2e5536-d576-4bf3-9dec-9e4177d66979, command=[]} | ret=SUCCESS |  
2019-08-29 09:42:23,788 | INFO  | SCMAudit | user=jenkins1000 | ip=192.168.69.87 | op=SEND_HEARTBEAT {datanodeUUID=c8986603-afcd-4cf8-afcf-c6b45c0b43cc, command=[]} | ret=SUCCESS |  
2019-08-29 09:42:23,817 | INFO  | SCMAudit | user=jenkins1000 | ip=192.168.69.87 | op=SEND_HEARTBEAT {datanodeUUID=31202bf3-e3ef-401b-98b9-369e6d4f3507, command=[]} | ret=SUCCESS |  
2019-08-29 09:42:23,828 | INFO  | SCMAudit | user=jenkins1000 | ip=192.168.69.87 | op=SEND_HEARTBEAT {datanodeUUID=129cf440-9aa6-4f56-b440-e84d0b76b9e5, command=[]} | ret=SUCCESS |  
2019-08-29 09:42:24,179 | INFO  | SCMAudit | user=jenkins1000 | ip=192.168.69.87 | op=SEND_HEARTBEAT {datanodeUUID=44638b28-be06-4149-9a11-87ab58c8e022, command=[]} | ret=SUCCESS |  
2019-08-29 09:42:24,283 | INFO  | SCMAudit | user=jenkins1000 | ip=192.168.69.87 | op=SEND_HEARTBEAT {datanodeUUID=73941da8-7b3a-43e7-8aff-0a9367598152, command=[]} | ret=SUCCESS |  
2019-08-29 09:42:24,361 | INFO  | SCMAudit | user=jenkins1000 | ip=192.168.69.87 | op=SEND_HEARTBEAT {datanodeUUID=c6f9d398-2eae-4a63-879f-a1d1bc55d1b3, command=[]} | ret=SUCCESS |  
2019-08-29 09:42:24,545 | INFO  | SCMAudit | user=jenkins1000 | ip=192.168.69.87 | op=SEND_HEARTBEAT {datanodeUUID=7a2e5536-d576-4bf3-9dec-9e4177d66979, command=[]} | ret=SUCCESS |  
2019-08-29 09:42:24,789 | INFO  | SCMAudit | user=jenkins1000 | ip=192.168.69.87 | op=SEND_HEARTBEAT {datanodeUUID=c8986603-afcd-4cf8-afcf-c6b45c0b43cc, command=[]} | ret=SUCCESS |  
2019-08-29 09:42:24,816 | INFO  | SCMAudit | user=jenkins1000 | ip=192.168.69.87 | op=SEND_HEARTBEAT {datanodeUUID=31202bf3-e3ef-401b-98b9-369e6d4f3507, command=[]} | ret=SUCCESS |  
2019-08-29 09:42:24,828 | INFO  | SCMAudit | user=jenkins1000 | ip=192.168.69.87 | op=SEND_HEARTBEAT {datanodeUUID=129cf440-9aa6-4f56-b440-e84d0b76b9e5, command=[]} | ret=SUCCESS |  
2019-08-29 09:42:25,180 | INFO  | SCMAudit | user=jenkins1000 | ip=192.168.69.87 | op=SEND_HEARTBEAT {datanodeUUID=44638b28-be06-4149-9a11-87ab58c8e022, command=[]} | ret=SUCCESS |  
2019-08-29 09:42:25,284 | INFO  | SCMAudit | user=jenkins1000 | ip=192.168.69.87 | op=SEND_HEARTBEAT {datanodeUUID=73941da8-7b3a-43e7-8aff-0a9367598152, command=[]} | ret=SUCCESS |  
2019-08-29 09:42:25,360 | INFO  | SCMAudit | user=jenkins1000 | ip=192.168.69.87 | op=SEND_HEARTBEAT {datanodeUUID=c6f9d398-2eae-4a63-879f-a1d1bc55d1b3, command=[]} | ret=SUCCESS |  
2019-08-29 09:42:25,545 | INFO  | SCMAudit | user=jenkins1000 | ip=192.168.69.87 | op=SEND_HEARTBEAT {datanodeUUID=7a2e5536-d576-4bf3-9dec-9e4177d66979, command=[]} | ret=SUCCESS |  
2019-08-29 09:42:25,788 | INFO  | SCMAudit | user=jenkins1000 | ip=192.168.69.87 | op=SEND_HEARTBEAT {datanodeUUID=c8986603-afcd-4cf8-afcf-c6b45c0b43cc, command=[]} | ret=SUCCESS |  
2019-08-29 09:42:25,816 | INFO  | SCMAudit | user=jenkins1000 | ip=192.168.69.87 | op=SEND_HEARTBEAT {datanodeUUID=31202bf3-e3ef-401b-98b9-369e6d4f3507, command=[]} | ret=SUCCESS |  
2019-08-29 09:42:25,828 | INFO  | SCMAudit | user=jenkins1000 | ip=192.168.69.87 | op=SEND_HEARTBEAT {datanodeUUID=129cf440-9aa6-4f56-b440-e84d0b76b9e5, command=[]} | ret=SUCCESS |  
2019-08-29 09:42:25,968 [grpc-default-executor-6] INFO  client.GrpcClientProtocolClient (GrpcClientProtocolClient.java:onNext(255)) - client-166A520B6E3C->129cf440-9aa6-4f56-b440-e84d0b76b9e5: receive RaftClientReply:client-166A520B6E3C->129cf440-9aa6-4f56-b440-e84d0b76b9e5@group-7FC7981111D6, cid=45, FAILED org.apache.ratis.protocol.NotLeaderException: Server 129cf440-9aa6-4f56-b440-e84d0b76b9e5 is not the leader (c8986603-afcd-4cf8-afcf-c6b45c0b43cc:192.168.69.87:46863). Request must be sent to leader., logIndex=0, commits[129cf440-9aa6-4f56-b440-e84d0b76b9e5:c8, c8986603-afcd-4cf8-afcf-c6b45c0b43cc:c8, 31202bf3-e3ef-401b-98b9-369e6d4f3507:c8]
2019-08-29 09:42:26,179 | INFO  | SCMAudit | user=jenkins1000 | ip=192.168.69.87 | op=SEND_HEARTBEAT {datanodeUUID=44638b28-be06-4149-9a11-87ab58c8e022, command=[]} | ret=SUCCESS |  
2019-08-29 09:42:26,284 | INFO  | SCMAudit | user=jenkins1000 | ip=192.168.69.87 | op=SEND_HEARTBEAT {datanodeUUID=73941da8-7b3a-43e7-8aff-0a9367598152, command=[]} | ret=SUCCESS |  
2019-08-29 09:42:26,360 | INFO  | SCMAudit | user=jenkins1000 | ip=192.168.69.87 | op=SEND_HEARTBEAT {datanodeUUID=c6f9d398-2eae-4a63-879f-a1d1bc55d1b3, command=[]} | ret=SUCCESS |  
2019-08-29 09:42:26,546 | INFO  | SCMAudit | user=jenkins1000 | ip=192.168.69.87 | op=SEND_HEARTBEAT {datanodeUUID=7a2e5536-d576-4bf3-9dec-9e4177d66979, command=[]} | ret=SUCCESS |  
2019-08-29 09:42:26,788 | INFO  | SCMAudit | user=jenkins1000 | ip=192.168.69.87 | op=SEND_HEARTBEAT {datanodeUUID=c8986603-afcd-4cf8-afcf-c6b45c0b43cc, command=[]} | ret=SUCCESS |  
2019-08-29 09:42:26,818 | INFO  | SCMAudit | user=jenkins1000 | ip=192.168.69.87 | op=SEND_HEARTBEAT {datanodeUUID=31202bf3-e3ef-401b-98b9-369e6d4f3507, command=[]} | ret=SUCCESS |  
2019-08-29 09:42:26,828 | INFO  | SCMAudit | user=jenkins1000 | ip=192.168.69.87 | op=SEND_HEARTBEAT {datanodeUUID=129cf440-9aa6-4f56-b440-e84d0b76b9e5, command=[]} | ret=SUCCESS |  
2019-08-29 09:42:27,180 | INFO  | SCMAudit | user=jenkins1000 | ip=192.168.69.87 | op=SEND_HEARTBEAT {datanodeUUID=44638b28-be06-4149-9a11-87ab58c8e022, command=[]} | ret=SUCCESS |  
2019-08-29 09:42:27,284 | INFO  | SCMAudit | user=jenkins1000 | ip=192.168.69.87 | op=SEND_HEARTBEAT {datanodeUUID=73941da8-7b3a-43e7-8aff-0a9367598152, command=[]} | ret=SUCCESS |  
2019-08-29 09:42:27,360 | INFO  | SCMAudit | user=jenkins1000 | ip=192.168.69.87 | op=SEND_HEARTBEAT {datanodeUUID=c6f9d398-2eae-4a63-879f-a1d1bc55d1b3, command=[]} | ret=SUCCESS |  
2019-08-29 09:42:27,545 | INFO  | SCMAudit | user=jenkins1000 | ip=192.168.69.87 | op=SEND_HEARTBEAT {datanodeUUID=7a2e5536-d576-4bf3-9dec-9e4177d66979, command=[]} | ret=SUCCESS |  
2019-08-29 09:42:27,788 | INFO  | SCMAudit | user=jenkins1000 | ip=192.168.69.87 | op=SEND_HEARTBEAT {datanodeUUID=c8986603-afcd-4cf8-afcf-c6b45c0b43cc, command=[]} | ret=SUCCESS |  
2019-08-29 09:42:27,816 | INFO  | SCMAudit | user=jenkins1000 | ip=192.168.69.87 | op=SEND_HEARTBEAT {datanodeUUID=31202bf3-e3ef-401b-98b9-369e6d4f3507, command=[]} | ret=SUCCESS |  
2019-08-29 09:42:27,829 | INFO  | SCMAudit | user=jenkins1000 | ip=192.168.69.87 | op=SEND_HEARTBEAT {datanodeUUID=129cf440-9aa6-4f56-b440-e84d0b76b9e5, command=[]} | ret=SUCCESS |  
2019-08-29 09:42:28,179 | INFO  | SCMAudit | user=jenkins1000 | ip=192.168.69.87 | op=SEND_HEARTBEAT {datanodeUUID=44638b28-be06-4149-9a11-87ab58c8e022, command=[]} | ret=SUCCESS |  
2019-08-29 09:42:28,284 | INFO  | SCMAudit | user=jenkins1000 | ip=192.168.69.87 | op=SEND_HEARTBEAT {datanodeUUID=73941da8-7b3a-43e7-8aff-0a9367598152, command=[]} | ret=SUCCESS |  
2019-08-29 09:42:28,361 | INFO  | SCMAudit | user=jenkins1000 | ip=192.168.69.87 | op=SEND_HEARTBEAT {datanodeUUID=c6f9d398-2eae-4a63-879f-a1d1bc55d1b3, command=[]} | ret=SUCCESS |  
2019-08-29 09:42:28,545 | INFO  | SCMAudit | user=jenkins1000 | ip=192.168.69.87 | op=SEND_HEARTBEAT {datanodeUUID=7a2e5536-d576-4bf3-9dec-9e4177d66979, command=[]} | ret=SUCCESS |  
2019-08-29 09:42:28,792 | INFO  | SCMAudit | user=jenkins1000 | ip=192.168.69.87 | op=SEND_HEARTBEAT {datanodeUUID=c8986603-afcd-4cf8-afcf-c6b45c0b43cc, command=[]} | ret=SUCCESS |  
2019-08-29 09:42:28,817 | INFO  | SCMAudit | user=jenkins1000 | ip=192.168.69.87 | op=SEND_HEARTBEAT {datanodeUUID=31202bf3-e3ef-401b-98b9-369e6d4f3507, command=[]} | ret=SUCCESS |  
2019-08-29 09:42:28,828 | INFO  | SCMAudit | user=jenkins1000 | ip=192.168.69.87 | op=SEND_HEARTBEAT {datanodeUUID=129cf440-9aa6-4f56-b440-e84d0b76b9e5, command=[]} | ret=SUCCESS |  
2019-08-29 09:42:29,179 | INFO  | SCMAudit | user=jenkins1000 | ip=192.168.69.87 | op=SEND_HEARTBEAT {datanodeUUID=44638b28-be06-4149-9a11-87ab58c8e022, command=[]} | ret=SUCCESS |  
2019-08-29 09:42:29,285 | INFO  | SCMAudit | user=jenkins1000 | ip=192.168.69.87 | op=SEND_HEARTBEAT {datanodeUUID=73941da8-7b3a-43e7-8aff-0a9367598152, command=[]} | ret=SUCCESS |  
2019-08-29 09:42:29,362 | INFO  | SCMAudit | user=jenkins1000 | ip=192.168.69.87 | op=SEND_HEARTBEAT {datanodeUUID=c6f9d398-2eae-4a63-879f-a1d1bc55d1b3, command=[]} | ret=SUCCESS |  
2019-08-29 09:42:29,545 | INFO  | SCMAudit | user=jenkins1000 | ip=192.168.69.87 | op=SEND_HEARTBEAT {datanodeUUID=7a2e5536-d576-4bf3-9dec-9e4177d66979, command=[]} | ret=SUCCESS |  
2019-08-29 09:42:29,788 | INFO  | SCMAudit | user=jenkins1000 | ip=192.168.69.87 | op=SEND_HEARTBEAT {datanodeUUID=c8986603-afcd-4cf8-afcf-c6b45c0b43cc, command=[]} | ret=SUCCESS |  
2019-08-29 09:42:29,816 | INFO  | SCMAudit | user=jenkins1000 | ip=192.168.69.87 | op=SEND_HEARTBEAT {datanodeUUID=31202bf3-e3ef-401b-98b9-369e6d4f3507, command=[]} | ret=SUCCESS |  
2019-08-29 09:42:29,828 | INFO  | SCMAudit | user=jenkins1000 | ip=192.168.69.87 | op=SEND_HEARTBEAT {datanodeUUID=129cf440-9aa6-4f56-b440-e84d0b76b9e5, command=[]} | ret=SUCCESS |  
2019-08-29 09:42:30,179 | INFO  | SCMAudit | user=jenkins1000 | ip=192.168.69.87 | op=SEND_HEARTBEAT {datanodeUUID=44638b28-be06-4149-9a11-87ab58c8e022, command=[]} | ret=SUCCESS |  
2019-08-29 09:42:30,284 | INFO  | SCMAudit | user=jenkins1000 | ip=192.168.69.87 | op=SEND_HEARTBEAT {datanodeUUID=73941da8-7b3a-43e7-8aff-0a9367598152, command=[]} | ret=SUCCESS |  
2019-08-29 09:42:30,362 | INFO  | SCMAudit | user=jenkins1000 | ip=192.168.69.87 | op=SEND_HEARTBEAT {datanodeUUID=c6f9d398-2eae-4a63-879f-a1d1bc55d1b3, command=[]} | ret=SUCCESS |  
2019-08-29 09:42:30,546 | INFO  | SCMAudit | user=jenkins1000 | ip=192.168.69.87 | op=SEND_HEARTBEAT {datanodeUUID=7a2e5536-d576-4bf3-9dec-9e4177d66979, command=[]} | ret=SUCCESS |  
2019-08-29 09:42:30,789 | INFO  | SCMAudit | user=jenkins1000 | ip=192.168.69.87 | op=SEND_HEARTBEAT {datanodeUUID=c8986603-afcd-4cf8-afcf-c6b45c0b43cc, command=[]} | ret=SUCCESS |  
2019-08-29 09:42:30,817 | INFO  | SCMAudit | user=jenkins1000 | ip=192.168.69.87 | op=SEND_HEARTBEAT {datanodeUUID=31202bf3-e3ef-401b-98b9-369e6d4f3507, command=[]} | ret=SUCCESS |  
2019-08-29 09:42:30,828 | INFO  | SCMAudit | user=jenkins1000 | ip=192.168.69.87 | op=SEND_HEARTBEAT {datanodeUUID=129cf440-9aa6-4f56-b440-e84d0b76b9e5, command=[]} | ret=SUCCESS |  
2019-08-29 09:42:31,002 [grpc-default-executor-6] INFO  client.GrpcClientProtocolClient (GrpcClientProtocolClient.java:onNext(255)) - client-166A520B6E3C->129cf440-9aa6-4f56-b440-e84d0b76b9e5: receive RaftClientReply:client-166A520B6E3C->129cf440-9aa6-4f56-b440-e84d0b76b9e5@group-7FC7981111D6, cid=45, FAILED org.apache.ratis.protocol.NotLeaderException: Server 129cf440-9aa6-4f56-b440-e84d0b76b9e5 is not the leader (c8986603-afcd-4cf8-afcf-c6b45c0b43cc:192.168.69.87:46863). Request must be sent to leader., logIndex=0, commits[129cf440-9aa6-4f56-b440-e84d0b76b9e5:c8, c8986603-afcd-4cf8-afcf-c6b45c0b43cc:c8, 31202bf3-e3ef-401b-98b9-369e6d4f3507:c8]
2019-08-29 09:42:31,180 | INFO  | SCMAudit | user=jenkins1000 | ip=192.168.69.87 | op=SEND_HEARTBEAT {datanodeUUID=44638b28-be06-4149-9a11-87ab58c8e022, command=[]} | ret=SUCCESS |  
2019-08-29 09:42:31,284 | INFO  | SCMAudit | user=jenkins1000 | ip=192.168.69.87 | op=SEND_HEARTBEAT {datanodeUUID=73941da8-7b3a-43e7-8aff-0a9367598152, command=[]} | ret=SUCCESS |  
2019-08-29 09:42:31,362 | INFO  | SCMAudit | user=jenkins1000 | ip=192.168.69.87 | op=SEND_HEARTBEAT {datanodeUUID=c6f9d398-2eae-4a63-879f-a1d1bc55d1b3, command=[]} | ret=SUCCESS |  
2019-08-29 09:42:31,545 | INFO  | SCMAudit | user=jenkins1000 | ip=192.168.69.87 | op=SEND_HEARTBEAT {datanodeUUID=7a2e5536-d576-4bf3-9dec-9e4177d66979, command=[]} | ret=SUCCESS |  
2019-08-29 09:42:31,789 | INFO  | SCMAudit | user=jenkins1000 | ip=192.168.69.87 | op=SEND_HEARTBEAT {datanodeUUID=c8986603-afcd-4cf8-afcf-c6b45c0b43cc, command=[]} | ret=SUCCESS |  
2019-08-29 09:42:31,816 | INFO  | SCMAudit | user=jenkins1000 | ip=192.168.69.87 | op=SEND_HEARTBEAT {datanodeUUID=31202bf3-e3ef-401b-98b9-369e6d4f3507, command=[]} | ret=SUCCESS |  
2019-08-29 09:42:31,828 | INFO  | SCMAudit | user=jenkins1000 | ip=192.168.69.87 | op=SEND_HEARTBEAT {datanodeUUID=129cf440-9aa6-4f56-b440-e84d0b76b9e5, command=[]} | ret=SUCCESS |  
2019-08-29 09:42:32,180 | INFO  | SCMAudit | user=jenkins1000 | ip=192.168.69.87 | op=SEND_HEARTBEAT {datanodeUUID=44638b28-be06-4149-9a11-87ab58c8e022, command=[]} | ret=SUCCESS |  
2019-08-29 09:42:32,285 | INFO  | SCMAudit | user=jenkins1000 | ip=192.168.69.87 | op=SEND_HEARTBEAT {datanodeUUID=73941da8-7b3a-43e7-8aff-0a9367598152, command=[]} | ret=SUCCESS |  
2019-08-29 09:42:32,362 | INFO  | SCMAudit | user=jenkins1000 | ip=192.168.69.87 | op=SEND_HEARTBEAT {datanodeUUID=c6f9d398-2eae-4a63-879f-a1d1bc55d1b3, command=[]} | ret=SUCCESS |  
2019-08-29 09:42:32,545 | INFO  | SCMAudit | user=jenkins1000 | ip=192.168.69.87 | op=SEND_HEARTBEAT {datanodeUUID=7a2e5536-d576-4bf3-9dec-9e4177d66979, command=[]} | ret=SUCCESS |  
2019-08-29 09:42:32,789 | INFO  | SCMAudit | user=jenkins1000 | ip=192.168.69.87 | op=SEND_HEARTBEAT {datanodeUUID=c8986603-afcd-4cf8-afcf-c6b45c0b43cc, command=[]} | ret=SUCCESS |  
2019-08-29 09:42:32,816 | INFO  | SCMAudit | user=jenkins1000 | ip=192.168.69.87 | op=SEND_HEARTBEAT {datanodeUUID=31202bf3-e3ef-401b-98b9-369e6d4f3507, command=[]} | ret=SUCCESS |  
2019-08-29 09:42:32,828 | INFO  | SCMAudit | user=jenkins1000 | ip=192.168.69.87 | op=SEND_HEARTBEAT {datanodeUUID=129cf440-9aa6-4f56-b440-e84d0b76b9e5, command=[]} | ret=SUCCESS |  
2019-08-29 09:42:33,180 | INFO  | SCMAudit | user=jenkins1000 | ip=192.168.69.87 | op=SEND_HEARTBEAT {datanodeUUID=44638b28-be06-4149-9a11-87ab58c8e022, command=[]} | ret=SUCCESS |  
2019-08-29 09:42:33,284 | INFO  | SCMAudit | user=jenkins1000 | ip=192.168.69.87 | op=SEND_HEARTBEAT {datanodeUUID=73941da8-7b3a-43e7-8aff-0a9367598152, command=[]} | ret=SUCCESS |  
2019-08-29 09:42:33,363 | INFO  | SCMAudit | user=jenkins1000 | ip=192.168.69.87 | op=SEND_HEARTBEAT {datanodeUUID=c6f9d398-2eae-4a63-879f-a1d1bc55d1b3, command=[]} | ret=SUCCESS |  
2019-08-29 09:42:33,545 | INFO  | SCMAudit | user=jenkins1000 | ip=192.168.69.87 | op=SEND_HEARTBEAT {datanodeUUID=7a2e5536-d576-4bf3-9dec-9e4177d66979, command=[]} | ret=SUCCESS |  
2019-08-29 09:42:33,789 | INFO  | SCMAudit | user=jenkins1000 | ip=192.168.69.87 | op=SEND_HEARTBEAT {datanodeUUID=c8986603-afcd-4cf8-afcf-c6b45c0b43cc, command=[]} | ret=SUCCESS |  
2019-08-29 09:42:33,816 | INFO  | SCMAudit | user=jenkins1000 | ip=192.168.69.87 | op=SEND_HEARTBEAT {datanodeUUID=31202bf3-e3ef-401b-98b9-369e6d4f3507, command=[]} | ret=SUCCESS |  
2019-08-29 09:42:33,828 | INFO  | SCMAudit | user=jenkins1000 | ip=192.168.69.87 | op=SEND_HEARTBEAT {datanodeUUID=129cf440-9aa6-4f56-b440-e84d0b76b9e5, command=[]} | ret=SUCCESS |  
2019-08-29 09:42:34,180 | INFO  | SCMAudit | user=jenkins1000 | ip=192.168.69.87 | op=SEND_HEARTBEAT {datanodeUUID=44638b28-be06-4149-9a11-87ab58c8e022, command=[]} | ret=SUCCESS |  
2019-08-29 09:42:34,284 | INFO  | SCMAudit | user=jenkins1000 | ip=192.168.69.87 | op=SEND_HEARTBEAT {datanodeUUID=73941da8-7b3a-43e7-8aff-0a9367598152, command=[]} | ret=SUCCESS |  
2019-08-29 09:42:34,362 | INFO  | SCMAudit | user=jenkins1000 | ip=192.168.69.87 | op=SEND_HEARTBEAT {datanodeUUID=c6f9d398-2eae-4a63-879f-a1d1bc55d1b3, command=[]} | ret=SUCCESS |  
2019-08-29 09:42:34,545 | INFO  | SCMAudit | user=jenkins1000 | ip=192.168.69.87 | op=SEND_HEARTBEAT {datanodeUUID=7a2e5536-d576-4bf3-9dec-9e4177d66979, command=[]} | ret=SUCCESS |  
2019-08-29 09:42:34,789 | INFO  | SCMAudit | user=jenkins1000 | ip=192.168.69.87 | op=SEND_HEARTBEAT {datanodeUUID=c8986603-afcd-4cf8-afcf-c6b45c0b43cc, command=[]} | ret=SUCCESS |  
2019-08-29 09:42:34,816 | INFO  | SCMAudit | user=jenkins1000 | ip=192.168.69.87 | op=SEND_HEARTBEAT {datanodeUUID=31202bf3-e3ef-401b-98b9-369e6d4f3507, command=[]} | ret=SUCCESS |  
2019-08-29 09:42:34,828 | INFO  | SCMAudit | user=jenkins1000 | ip=192.168.69.87 | op=SEND_HEARTBEAT {datanodeUUID=129cf440-9aa6-4f56-b440-e84d0b76b9e5, command=[]} | ret=SUCCESS |  
2019-08-29 09:42:35,180 | INFO  | SCMAudit | user=jenkins1000 | ip=192.168.69.87 | op=SEND_HEARTBEAT {datanodeUUID=44638b28-be06-4149-9a11-87ab58c8e022, command=[]} | ret=SUCCESS |  
2019-08-29 09:42:35,284 | INFO  | SCMAudit | user=jenkins1000 | ip=192.168.69.87 | op=SEND_HEARTBEAT {datanodeUUID=73941da8-7b3a-43e7-8aff-0a9367598152, command=[]} | ret=SUCCESS |  
2019-08-29 09:42:35,362 | INFO  | SCMAudit | user=jenkins1000 | ip=192.168.69.87 | op=SEND_HEARTBEAT {datanodeUUID=c6f9d398-2eae-4a63-879f-a1d1bc55d1b3, command=[]} | ret=SUCCESS |  
2019-08-29 09:42:35,545 | INFO  | SCMAudit | user=jenkins1000 | ip=192.168.69.87 | op=SEND_HEARTBEAT {datanodeUUID=7a2e5536-d576-4bf3-9dec-9e4177d66979, command=[]} | ret=SUCCESS |  
2019-08-29 09:42:35,789 | INFO  | SCMAudit | user=jenkins1000 | ip=192.168.69.87 | op=SEND_HEARTBEAT {datanodeUUID=c8986603-afcd-4cf8-afcf-c6b45c0b43cc, command=[]} | ret=SUCCESS |  
2019-08-29 09:42:35,816 | INFO  | SCMAudit | user=jenkins1000 | ip=192.168.69.87 | op=SEND_HEARTBEAT {datanodeUUID=31202bf3-e3ef-401b-98b9-369e6d4f3507, command=[]} | ret=SUCCESS |  
2019-08-29 09:42:35,828 | INFO  | SCMAudit | user=jenkins1000 | ip=192.168.69.87 | op=SEND_HEARTBEAT {datanodeUUID=129cf440-9aa6-4f56-b440-e84d0b76b9e5, command=[]} | ret=SUCCESS |  
2019-08-29 09:42:36,043 [grpc-default-executor-7] INFO  client.GrpcClientProtocolClient (GrpcClientProtocolClient.java:onNext(255)) - client-166A520B6E3C->31202bf3-e3ef-401b-98b9-369e6d4f3507: receive RaftClientReply:client-166A520B6E3C->31202bf3-e3ef-401b-98b9-369e6d4f3507@group-7FC7981111D6, cid=45, FAILED org.apache.ratis.protocol.NotLeaderException: Server 31202bf3-e3ef-401b-98b9-369e6d4f3507 is not the leader (c8986603-afcd-4cf8-afcf-c6b45c0b43cc:192.168.69.87:46863). Request must be sent to leader., logIndex=0, commits[31202bf3-e3ef-401b-98b9-369e6d4f3507:c8, c8986603-afcd-4cf8-afcf-c6b45c0b43cc:c8, 129cf440-9aa6-4f56-b440-e84d0b76b9e5:c8]
2019-08-29 09:42:36,181 | INFO  | SCMAudit | user=jenkins1000 | ip=192.168.69.87 | op=SEND_HEARTBEAT {datanodeUUID=44638b28-be06-4149-9a11-87ab58c8e022, command=[]} | ret=SUCCESS |  
2019-08-29 09:42:36,284 | INFO  | SCMAudit | user=jenkins1000 | ip=192.168.69.87 | op=SEND_HEARTBEAT {datanodeUUID=73941da8-7b3a-43e7-8aff-0a9367598152, command=[]} | ret=SUCCESS |  
2019-08-29 09:42:36,362 | INFO  | SCMAudit | user=jenkins1000 | ip=192.168.69.87 | op=SEND_HEARTBEAT {datanodeUUID=c6f9d398-2eae-4a63-879f-a1d1bc55d1b3, command=[]} | ret=SUCCESS |  
2019-08-29 09:42:36,546 | INFO  | SCMAudit | user=jenkins1000 | ip=192.168.69.87 | op=SEND_HEARTBEAT {datanodeUUID=7a2e5536-d576-4bf3-9dec-9e4177d66979, command=[]} | ret=SUCCESS |  
2019-08-29 09:42:36,790 | INFO  | SCMAudit | user=jenkins1000 | ip=192.168.69.87 | op=SEND_HEARTBEAT {datanodeUUID=c8986603-afcd-4cf8-afcf-c6b45c0b43cc, command=[]} | ret=SUCCESS |  
2019-08-29 09:42:36,816 | INFO  | SCMAudit | user=jenkins1000 | ip=192.168.69.87 | op=SEND_HEARTBEAT {datanodeUUID=31202bf3-e3ef-401b-98b9-369e6d4f3507, command=[]} | ret=SUCCESS |  
2019-08-29 09:42:36,828 | INFO  | SCMAudit | user=jenkins1000 | ip=192.168.69.87 | op=SEND_HEARTBEAT {datanodeUUID=129cf440-9aa6-4f56-b440-e84d0b76b9e5, command=[]} | ret=SUCCESS |  
2019-08-29 09:42:37,181 | INFO  | SCMAudit | user=jenkins1000 | ip=192.168.69.87 | op=SEND_HEARTBEAT {datanodeUUID=44638b28-be06-4149-9a11-87ab58c8e022, command=[]} | ret=SUCCESS |  
2019-08-29 09:42:37,285 | INFO  | SCMAudit | user=jenkins1000 | ip=192.168.69.87 | op=SEND_HEARTBEAT {datanodeUUID=73941da8-7b3a-43e7-8aff-0a9367598152, command=[]} | ret=SUCCESS |  
2019-08-29 09:42:37,362 | INFO  | SCMAudit | user=jenkins1000 | ip=192.168.69.87 | op=SEND_HEARTBEAT {datanodeUUID=c6f9d398-2eae-4a63-879f-a1d1bc55d1b3, command=[]} | ret=SUCCESS |  
2019-08-29 09:42:37,546 | INFO  | SCMAudit | user=jenkins1000 | ip=192.168.69.87 | op=SEND_HEARTBEAT {datanodeUUID=7a2e5536-d576-4bf3-9dec-9e4177d66979, command=[]} | ret=SUCCESS |  
2019-08-29 09:42:37,790 | INFO  | SCMAudit | user=jenkins1000 | ip=192.168.69.87 | op=SEND_HEARTBEAT {datanodeUUID=c8986603-afcd-4cf8-afcf-c6b45c0b43cc, command=[]} | ret=SUCCESS |  
2019-08-29 09:42:37,817 | INFO  | SCMAudit | user=jenkins1000 | ip=192.168.69.87 | op=SEND_HEARTBEAT {datanodeUUID=31202bf3-e3ef-401b-98b9-369e6d4f3507, command=[]} | ret=SUCCESS |  
2019-08-29 09:42:37,828 | INFO  | SCMAudit | user=jenkins1000 | ip=192.168.69.87 | op=SEND_HEARTBEAT {datanodeUUID=129cf440-9aa6-4f56-b440-e84d0b76b9e5, command=[]} | ret=SUCCESS |  
2019-08-29 09:42:38,182 | INFO  | SCMAudit | user=jenkins1000 | ip=192.168.69.87 | op=SEND_HEARTBEAT {datanodeUUID=44638b28-be06-4149-9a11-87ab58c8e022, command=[]} | ret=SUCCESS |  
2019-08-29 09:42:38,285 | INFO  | SCMAudit | user=jenkins1000 | ip=192.168.69.87 | op=SEND_HEARTBEAT {datanodeUUID=73941da8-7b3a-43e7-8aff-0a9367598152, command=[]} | ret=SUCCESS |  
2019-08-29 09:42:38,363 | INFO  | SCMAudit | user=jenkins1000 | ip=192.168.69.87 | op=SEND_HEARTBEAT {datanodeUUID=c6f9d398-2eae-4a63-879f-a1d1bc55d1b3, command=[]} | ret=SUCCESS |  
2019-08-29 09:42:38,546 | INFO  | SCMAudit | user=jenkins1000 | ip=192.168.69.87 | op=SEND_HEARTBEAT {datanodeUUID=7a2e5536-d576-4bf3-9dec-9e4177d66979, command=[]} | ret=SUCCESS |  
2019-08-29 09:42:38,790 | INFO  | SCMAudit | user=jenkins1000 | ip=192.168.69.87 | op=SEND_HEARTBEAT {datanodeUUID=c8986603-afcd-4cf8-afcf-c6b45c0b43cc, command=[]} | ret=SUCCESS |  
2019-08-29 09:42:38,816 | INFO  | SCMAudit | user=jenkins1000 | ip=192.168.69.87 | op=SEND_HEARTBEAT {datanodeUUID=31202bf3-e3ef-401b-98b9-369e6d4f3507, command=[]} | ret=SUCCESS |  
2019-08-29 09:42:38,828 | INFO  | SCMAudit | user=jenkins1000 | ip=192.168.69.87 | op=SEND_HEARTBEAT {datanodeUUID=129cf440-9aa6-4f56-b440-e84d0b76b9e5, command=[]} | ret=SUCCESS |  
2019-08-29 09:42:39,181 | INFO  | SCMAudit | user=jenkins1000 | ip=192.168.69.87 | op=SEND_HEARTBEAT {datanodeUUID=44638b28-be06-4149-9a11-87ab58c8e022, command=[]} | ret=SUCCESS |  
2019-08-29 09:42:39,285 | INFO  | SCMAudit | user=jenkins1000 | ip=192.168.69.87 | op=SEND_HEARTBEAT {datanodeUUID=73941da8-7b3a-43e7-8aff-0a9367598152, command=[]} | ret=SUCCESS |  
2019-08-29 09:42:39,362 | INFO  | SCMAudit | user=jenkins1000 | ip=192.168.69.87 | op=SEND_HEARTBEAT {datanodeUUID=c6f9d398-2eae-4a63-879f-a1d1bc55d1b3, command=[]} | ret=SUCCESS |  
2019-08-29 09:42:39,546 | INFO  | SCMAudit | user=jenkins1000 | ip=192.168.69.87 | op=SEND_HEARTBEAT {datanodeUUID=7a2e5536-d576-4bf3-9dec-9e4177d66979, command=[]} | ret=SUCCESS |  
2019-08-29 09:42:39,790 | INFO  | SCMAudit | user=jenkins1000 | ip=192.168.69.87 | op=SEND_HEARTBEAT {datanodeUUID=c8986603-afcd-4cf8-afcf-c6b45c0b43cc, command=[]} | ret=SUCCESS |  
2019-08-29 09:42:39,816 | INFO  | SCMAudit | user=jenkins1000 | ip=192.168.69.87 | op=SEND_HEARTBEAT {datanodeUUID=31202bf3-e3ef-401b-98b9-369e6d4f3507, command=[]} | ret=SUCCESS |  
2019-08-29 09:42:39,828 | INFO  | SCMAudit | user=jenkins1000 | ip=192.168.69.87 | op=SEND_HEARTBEAT {datanodeUUID=129cf440-9aa6-4f56-b440-e84d0b76b9e5, command=[]} | ret=SUCCESS |  
2019-08-29 09:42:40,181 | INFO  | SCMAudit | user=jenkins1000 | ip=192.168.69.87 | op=SEND_HEARTBEAT {datanodeUUID=44638b28-be06-4149-9a11-87ab58c8e022, command=[]} | ret=SUCCESS |  
2019-08-29 09:42:40,285 | INFO  | SCMAudit | user=jenkins1000 | ip=192.168.69.87 | op=SEND_HEARTBEAT {datanodeUUID=73941da8-7b3a-43e7-8aff-0a9367598152, command=[]} | ret=SUCCESS |  
2019-08-29 09:42:40,363 | INFO  | SCMAudit | user=jenkins1000 | ip=192.168.69.87 | op=SEND_HEARTBEAT {datanodeUUID=c6f9d398-2eae-4a63-879f-a1d1bc55d1b3, command=[]} | ret=SUCCESS |  
2019-08-29 09:42:40,547 | INFO  | SCMAudit | user=jenkins1000 | ip=192.168.69.87 | op=SEND_HEARTBEAT {datanodeUUID=7a2e5536-d576-4bf3-9dec-9e4177d66979, command=[]} | ret=SUCCESS |  
2019-08-29 09:42:40,790 | INFO  | SCMAudit | user=jenkins1000 | ip=192.168.69.87 | op=SEND_HEARTBEAT {datanodeUUID=c8986603-afcd-4cf8-afcf-c6b45c0b43cc, command=[]} | ret=SUCCESS |  
2019-08-29 09:42:40,816 | INFO  | SCMAudit | user=jenkins1000 | ip=192.168.69.87 | op=SEND_HEARTBEAT {datanodeUUID=31202bf3-e3ef-401b-98b9-369e6d4f3507, command=[]} | ret=SUCCESS |  
2019-08-29 09:42:40,828 | INFO  | SCMAudit | user=jenkins1000 | ip=192.168.69.87 | op=SEND_HEARTBEAT {datanodeUUID=129cf440-9aa6-4f56-b440-e84d0b76b9e5, command=[]} | ret=SUCCESS |  
2019-08-29 09:42:41,087 [grpc-default-executor-7] INFO  client.GrpcClientProtocolClient (GrpcClientProtocolClient.java:onNext(255)) - client-166A520B6E3C->31202bf3-e3ef-401b-98b9-369e6d4f3507: receive RaftClientReply:client-166A520B6E3C->31202bf3-e3ef-401b-98b9-369e6d4f3507@group-7FC7981111D6, cid=45, FAILED org.apache.ratis.protocol.NotLeaderException: Server 31202bf3-e3ef-401b-98b9-369e6d4f3507 is not the leader (c8986603-afcd-4cf8-afcf-c6b45c0b43cc:192.168.69.87:46863). Request must be sent to leader., logIndex=0, commits[31202bf3-e3ef-401b-98b9-369e6d4f3507:c8, c8986603-afcd-4cf8-afcf-c6b45c0b43cc:c8, 129cf440-9aa6-4f56-b440-e84d0b76b9e5:c8]
2019-08-29 09:42:41,181 | INFO  | SCMAudit | user=jenkins1000 | ip=192.168.69.87 | op=SEND_HEARTBEAT {datanodeUUID=44638b28-be06-4149-9a11-87ab58c8e022, command=[]} | ret=SUCCESS |  
2019-08-29 09:42:41,285 | INFO  | SCMAudit | user=jenkins1000 | ip=192.168.69.87 | op=SEND_HEARTBEAT {datanodeUUID=73941da8-7b3a-43e7-8aff-0a9367598152, command=[]} | ret=SUCCESS |  
2019-08-29 09:42:41,362 | INFO  | SCMAudit | user=jenkins1000 | ip=192.168.69.87 | op=SEND_HEARTBEAT {datanodeUUID=c6f9d398-2eae-4a63-879f-a1d1bc55d1b3, command=[]} | ret=SUCCESS |  
2019-08-29 09:42:41,546 | INFO  | SCMAudit | user=jenkins1000 | ip=192.168.69.87 | op=SEND_HEARTBEAT {datanodeUUID=7a2e5536-d576-4bf3-9dec-9e4177d66979, command=[]} | ret=SUCCESS |  
2019-08-29 09:42:41,790 | INFO  | SCMAudit | user=jenkins1000 | ip=192.168.69.87 | op=SEND_HEARTBEAT {datanodeUUID=c8986603-afcd-4cf8-afcf-c6b45c0b43cc, command=[]} | ret=SUCCESS |  
2019-08-29 09:42:41,816 | INFO  | SCMAudit | user=jenkins1000 | ip=192.168.69.87 | op=SEND_HEARTBEAT {datanodeUUID=31202bf3-e3ef-401b-98b9-369e6d4f3507, command=[]} | ret=SUCCESS |  
2019-08-29 09:42:41,828 | INFO  | SCMAudit | user=jenkins1000 | ip=192.168.69.87 | op=SEND_HEARTBEAT {datanodeUUID=129cf440-9aa6-4f56-b440-e84d0b76b9e5, command=[]} | ret=SUCCESS |  
2019-08-29 09:42:42,181 | INFO  | SCMAudit | user=jenkins1000 | ip=192.168.69.87 | op=SEND_HEARTBEAT {datanodeUUID=44638b28-be06-4149-9a11-87ab58c8e022, command=[]} | ret=SUCCESS |  
2019-08-29 09:42:42,286 | INFO  | SCMAudit | user=jenkins1000 | ip=192.168.69.87 | op=SEND_HEARTBEAT {datanodeUUID=73941da8-7b3a-43e7-8aff-0a9367598152, command=[]} | ret=SUCCESS |  
2019-08-29 09:42:42,362 | INFO  | SCMAudit | user=jenkins1000 | ip=192.168.69.87 | op=SEND_HEARTBEAT {datanodeUUID=c6f9d398-2eae-4a63-879f-a1d1bc55d1b3, command=[]} | ret=SUCCESS |  
2019-08-29 09:42:42,546 | INFO  | SCMAudit | user=jenkins1000 | ip=192.168.69.87 | op=SEND_HEARTBEAT {datanodeUUID=7a2e5536-d576-4bf3-9dec-9e4177d66979, command=[]} | ret=SUCCESS |  
2019-08-29 09:42:42,790 | INFO  | SCMAudit | user=jenkins1000 | ip=192.168.69.87 | op=SEND_HEARTBEAT {datanodeUUID=c8986603-afcd-4cf8-afcf-c6b45c0b43cc, command=[]} | ret=SUCCESS |  
2019-08-29 09:42:42,816 | INFO  | SCMAudit | user=jenkins1000 | ip=192.168.69.87 | op=SEND_HEARTBEAT {datanodeUUID=31202bf3-e3ef-401b-98b9-369e6d4f3507, command=[]} | ret=SUCCESS |  
2019-08-29 09:42:42,828 | INFO  | SCMAudit | user=jenkins1000 | ip=192.168.69.87 | op=SEND_HEARTBEAT {datanodeUUID=129cf440-9aa6-4f56-b440-e84d0b76b9e5, command=[]} | ret=SUCCESS |  
2019-08-29 09:42:43,181 | INFO  | SCMAudit | user=jenkins1000 | ip=192.168.69.87 | op=SEND_HEARTBEAT {datanodeUUID=44638b28-be06-4149-9a11-87ab58c8e022, command=[]} | ret=SUCCESS |  
2019-08-29 09:42:43,285 | INFO  | SCMAudit | user=jenkins1000 | ip=192.168.69.87 | op=SEND_HEARTBEAT {datanodeUUID=73941da8-7b3a-43e7-8aff-0a9367598152, command=[]} | ret=SUCCESS |  
2019-08-29 09:42:43,362 | INFO  | SCMAudit | user=jenkins1000 | ip=192.168.69.87 | op=SEND_HEARTBEAT {datanodeUUID=c6f9d398-2eae-4a63-879f-a1d1bc55d1b3, command=[]} | ret=SUCCESS |  
2019-08-29 09:42:43,546 | INFO  | SCMAudit | user=jenkins1000 | ip=192.168.69.87 | op=SEND_HEARTBEAT {datanodeUUID=7a2e5536-d576-4bf3-9dec-9e4177d66979, command=[]} | ret=SUCCESS |  
2019-08-29 09:42:43,790 | INFO  | SCMAudit | user=jenkins1000 | ip=192.168.69.87 | op=SEND_HEARTBEAT {datanodeUUID=c8986603-afcd-4cf8-afcf-c6b45c0b43cc, command=[]} | ret=SUCCESS |  
2019-08-29 09:42:43,818 | INFO  | SCMAudit | user=jenkins1000 | ip=192.168.69.87 | op=SEND_HEARTBEAT {datanodeUUID=31202bf3-e3ef-401b-98b9-369e6d4f3507, command=[]} | ret=SUCCESS |  
2019-08-29 09:42:43,828 | INFO  | SCMAudit | user=jenkins1000 | ip=192.168.69.87 | op=SEND_HEARTBEAT {datanodeUUID=129cf440-9aa6-4f56-b440-e84d0b76b9e5, command=[]} | ret=SUCCESS |  
2019-08-29 09:42:44,181 | INFO  | SCMAudit | user=jenkins1000 | ip=192.168.69.87 | op=SEND_HEARTBEAT {datanodeUUID=44638b28-be06-4149-9a11-87ab58c8e022, command=[]} | ret=SUCCESS |  
2019-08-29 09:42:44,206 [ReplicationMonitor] INFO  container.ReplicationManager (ReplicationManager.java:run(225)) - Replication Monitor Thread took 1 milliseconds for processing 3 containers.
2019-08-29 09:42:44,285 | INFO  | SCMAudit | user=jenkins1000 | ip=192.168.69.87 | op=SEND_HEARTBEAT {datanodeUUID=73941da8-7b3a-43e7-8aff-0a9367598152, command=[]} | ret=SUCCESS |  
2019-08-29 09:42:44,363 | INFO  | SCMAudit | user=jenkins1000 | ip=192.168.69.87 | op=SEND_HEARTBEAT {datanodeUUID=c6f9d398-2eae-4a63-879f-a1d1bc55d1b3, command=[]} | ret=SUCCESS |  
2019-08-29 09:42:44,546 | INFO  | SCMAudit | user=jenkins1000 | ip=192.168.69.87 | op=SEND_HEARTBEAT {datanodeUUID=7a2e5536-d576-4bf3-9dec-9e4177d66979, command=[]} | ret=SUCCESS |  
2019-08-29 09:42:44,790 | INFO  | SCMAudit | user=jenkins1000 | ip=192.168.69.87 | op=SEND_HEARTBEAT {datanodeUUID=c8986603-afcd-4cf8-afcf-c6b45c0b43cc, command=[]} | ret=SUCCESS |  
2019-08-29 09:42:44,817 | INFO  | SCMAudit | user=jenkins1000 | ip=192.168.69.87 | op=SEND_HEARTBEAT {datanodeUUID=31202bf3-e3ef-401b-98b9-369e6d4f3507, command=[]} | ret=SUCCESS |  
2019-08-29 09:42:44,828 | INFO  | SCMAudit | user=jenkins1000 | ip=192.168.69.87 | op=SEND_HEARTBEAT {datanodeUUID=129cf440-9aa6-4f56-b440-e84d0b76b9e5, command=[]} | ret=SUCCESS |  
2019-08-29 09:42:45,183 | INFO  | SCMAudit | user=jenkins1000 | ip=192.168.69.87 | op=SEND_HEARTBEAT {datanodeUUID=44638b28-be06-4149-9a11-87ab58c8e022, command=[]} | ret=SUCCESS |  
2019-08-29 09:42:45,285 | INFO  | SCMAudit | user=jenkins1000 | ip=192.168.69.87 | op=SEND_HEARTBEAT {datanodeUUID=73941da8-7b3a-43e7-8aff-0a9367598152, command=[]} | ret=SUCCESS |  
2019-08-29 09:42:45,363 | INFO  | SCMAudit | user=jenkins1000 | ip=192.168.69.87 | op=SEND_HEARTBEAT {datanodeUUID=c6f9d398-2eae-4a63-879f-a1d1bc55d1b3, command=[]} | ret=SUCCESS |  
2019-08-29 09:42:45,546 | INFO  | SCMAudit | user=jenkins1000 | ip=192.168.69.87 | op=SEND_HEARTBEAT {datanodeUUID=7a2e5536-d576-4bf3-9dec-9e4177d66979, command=[]} | ret=SUCCESS |  
2019-08-29 09:42:45,791 | INFO  | SCMAudit | user=jenkins1000 | ip=192.168.69.87 | op=SEND_HEARTBEAT {datanodeUUID=c8986603-afcd-4cf8-afcf-c6b45c0b43cc, command=[]} | ret=SUCCESS |  
2019-08-29 09:42:45,836 | INFO  | SCMAudit | user=jenkins1000 | ip=192.168.69.87 | op=SEND_HEARTBEAT {datanodeUUID=129cf440-9aa6-4f56-b440-e84d0b76b9e5, command=[]} | ret=SUCCESS |  
2019-08-29 09:42:45,836 | INFO  | SCMAudit | user=jenkins1000 | ip=192.168.69.87 | op=SEND_HEARTBEAT {datanodeUUID=31202bf3-e3ef-401b-98b9-369e6d4f3507, command=[]} | ret=SUCCESS |  
2019-08-29 09:42:46,119 [grpc-default-executor-7] INFO  client.GrpcClientProtocolClient (GrpcClientProtocolClient.java:onNext(255)) - client-166A520B6E3C->31202bf3-e3ef-401b-98b9-369e6d4f3507: receive RaftClientReply:client-166A520B6E3C->31202bf3-e3ef-401b-98b9-369e6d4f3507@group-7FC7981111D6, cid=45, FAILED org.apache.ratis.protocol.NotLeaderException: Server 31202bf3-e3ef-401b-98b9-369e6d4f3507 is not the leader (c8986603-afcd-4cf8-afcf-c6b45c0b43cc:192.168.69.87:46863). Request must be sent to leader., logIndex=0, commits[31202bf3-e3ef-401b-98b9-369e6d4f3507:c8, c8986603-afcd-4cf8-afcf-c6b45c0b43cc:c8, 129cf440-9aa6-4f56-b440-e84d0b76b9e5:c8]
2019-08-29 09:42:46,183 | INFO  | SCMAudit | user=jenkins1000 | ip=192.168.69.87 | op=SEND_HEARTBEAT {datanodeUUID=44638b28-be06-4149-9a11-87ab58c8e022, command=[]} | ret=SUCCESS |  
2019-08-29 09:42:46,285 | INFO  | SCMAudit | user=jenkins1000 | ip=192.168.69.87 | op=SEND_HEARTBEAT {datanodeUUID=73941da8-7b3a-43e7-8aff-0a9367598152, command=[]} | ret=SUCCESS |  
2019-08-29 09:42:46,363 | INFO  | SCMAudit | user=jenkins1000 | ip=192.168.69.87 | op=SEND_HEARTBEAT {datanodeUUID=c6f9d398-2eae-4a63-879f-a1d1bc55d1b3, command=[]} | ret=SUCCESS |  
2019-08-29 09:42:46,546 | INFO  | SCMAudit | user=jenkins1000 | ip=192.168.69.87 | op=SEND_HEARTBEAT {datanodeUUID=7a2e5536-d576-4bf3-9dec-9e4177d66979, command=[]} | ret=SUCCESS |  
2019-08-29 09:42:46,792 | INFO  | SCMAudit | user=jenkins1000 | ip=192.168.69.87 | op=SEND_HEARTBEAT {datanodeUUID=c8986603-afcd-4cf8-afcf-c6b45c0b43cc, command=[]} | ret=SUCCESS |  
2019-08-29 09:42:46,817 | INFO  | SCMAudit | user=jenkins1000 | ip=192.168.69.87 | op=SEND_HEARTBEAT {datanodeUUID=31202bf3-e3ef-401b-98b9-369e6d4f3507, command=[]} | ret=SUCCESS |  
2019-08-29 09:42:46,828 | INFO  | SCMAudit | user=jenkins1000 | ip=192.168.69.87 | op=SEND_HEARTBEAT {datanodeUUID=129cf440-9aa6-4f56-b440-e84d0b76b9e5, command=[]} | ret=SUCCESS |  
2019-08-29 09:42:47,183 | INFO  | SCMAudit | user=jenkins1000 | ip=192.168.69.87 | op=SEND_HEARTBEAT {datanodeUUID=44638b28-be06-4149-9a11-87ab58c8e022, command=[]} | ret=SUCCESS |  
2019-08-29 09:42:47,285 | INFO  | SCMAudit | user=jenkins1000 | ip=192.168.69.87 | op=SEND_HEARTBEAT {datanodeUUID=73941da8-7b3a-43e7-8aff-0a9367598152, command=[]} | ret=SUCCESS |  
2019-08-29 09:42:47,363 | INFO  | SCMAudit | user=jenkins1000 | ip=192.168.69.87 | op=SEND_HEARTBEAT {datanodeUUID=c6f9d398-2eae-4a63-879f-a1d1bc55d1b3, command=[]} | ret=SUCCESS |  
2019-08-29 09:42:47,547 | INFO  | SCMAudit | user=jenkins1000 | ip=192.168.69.87 | op=SEND_HEARTBEAT {datanodeUUID=7a2e5536-d576-4bf3-9dec-9e4177d66979, command=[]} | ret=SUCCESS |  
2019-08-29 09:42:47,792 | INFO  | SCMAudit | user=jenkins1000 | ip=192.168.69.87 | op=SEND_HEARTBEAT {datanodeUUID=c8986603-afcd-4cf8-afcf-c6b45c0b43cc, command=[]} | ret=SUCCESS |  
2019-08-29 09:42:47,817 | INFO  | SCMAudit | user=jenkins1000 | ip=192.168.69.87 | op=SEND_HEARTBEAT {datanodeUUID=31202bf3-e3ef-401b-98b9-369e6d4f3507, command=[]} | ret=SUCCESS |  
2019-08-29 09:42:47,830 | INFO  | SCMAudit | user=jenkins1000 | ip=192.168.69.87 | op=SEND_HEARTBEAT {datanodeUUID=129cf440-9aa6-4f56-b440-e84d0b76b9e5, command=[]} | ret=SUCCESS |  
2019-08-29 09:42:48,184 | INFO  | SCMAudit | user=jenkins1000 | ip=192.168.69.87 | op=SEND_HEARTBEAT {datanodeUUID=44638b28-be06-4149-9a11-87ab58c8e022, command=[]} | ret=SUCCESS |  
2019-08-29 09:42:48,285 | INFO  | SCMAudit | user=jenkins1000 | ip=192.168.69.87 | op=SEND_HEARTBEAT {datanodeUUID=73941da8-7b3a-43e7-8aff-0a9367598152, command=[]} | ret=SUCCESS |  
2019-08-29 09:42:48,364 | INFO  | SCMAudit | user=jenkins1000 | ip=192.168.69.87 | op=SEND_HEARTBEAT {datanodeUUID=c6f9d398-2eae-4a63-879f-a1d1bc55d1b3, command=[]} | ret=SUCCESS |  
2019-08-29 09:42:48,546 | INFO  | SCMAudit | user=jenkins1000 | ip=192.168.69.87 | op=SEND_HEARTBEAT {datanodeUUID=7a2e5536-d576-4bf3-9dec-9e4177d66979, command=[]} | ret=SUCCESS |  
2019-08-29 09:42:48,792 | INFO  | SCMAudit | user=jenkins1000 | ip=192.168.69.87 | op=SEND_HEARTBEAT {datanodeUUID=c8986603-afcd-4cf8-afcf-c6b45c0b43cc, command=[]} | ret=SUCCESS |  
2019-08-29 09:42:48,817 | INFO  | SCMAudit | user=jenkins1000 | ip=192.168.69.87 | op=SEND_HEARTBEAT {datanodeUUID=31202bf3-e3ef-401b-98b9-369e6d4f3507, command=[]} | ret=SUCCESS |  
2019-08-29 09:42:48,829 | INFO  | SCMAudit | user=jenkins1000 | ip=192.168.69.87 | op=SEND_HEARTBEAT {datanodeUUID=129cf440-9aa6-4f56-b440-e84d0b76b9e5, command=[]} | ret=SUCCESS |  
2019-08-29 09:42:49,184 | INFO  | SCMAudit | user=jenkins1000 | ip=192.168.69.87 | op=SEND_HEARTBEAT {datanodeUUID=44638b28-be06-4149-9a11-87ab58c8e022, command=[]} | ret=SUCCESS |  
2019-08-29 09:42:49,286 | INFO  | SCMAudit | user=jenkins1000 | ip=192.168.69.87 | op=SEND_HEARTBEAT {datanodeUUID=73941da8-7b3a-43e7-8aff-0a9367598152, command=[]} | ret=SUCCESS |  
2019-08-29 09:42:49,363 | INFO  | SCMAudit | user=jenkins1000 | ip=192.168.69.87 | op=SEND_HEARTBEAT {datanodeUUID=c6f9d398-2eae-4a63-879f-a1d1bc55d1b3, command=[]} | ret=SUCCESS |  
2019-08-29 09:42:49,546 | INFO  | SCMAudit | user=jenkins1000 | ip=192.168.69.87 | op=SEND_HEARTBEAT {datanodeUUID=7a2e5536-d576-4bf3-9dec-9e4177d66979, command=[]} | ret=SUCCESS |  
2019-08-29 09:42:49,792 | INFO  | SCMAudit | user=jenkins1000 | ip=192.168.69.87 | op=SEND_HEARTBEAT {datanodeUUID=c8986603-afcd-4cf8-afcf-c6b45c0b43cc, command=[]} | ret=SUCCESS |  
2019-08-29 09:42:49,817 | INFO  | SCMAudit | user=jenkins1000 | ip=192.168.69.87 | op=SEND_HEARTBEAT {datanodeUUID=31202bf3-e3ef-401b-98b9-369e6d4f3507, command=[]} | ret=SUCCESS |  
2019-08-29 09:42:49,830 | INFO  | SCMAudit | user=jenkins1000 | ip=192.168.69.87 | op=SEND_HEARTBEAT {datanodeUUID=129cf440-9aa6-4f56-b440-e84d0b76b9e5, command=[]} | ret=SUCCESS |  
2019-08-29 09:42:50,184 | INFO  | SCMAudit | user=jenkins1000 | ip=192.168.69.87 | op=SEND_HEARTBEAT {datanodeUUID=44638b28-be06-4149-9a11-87ab58c8e022, command=[]} | ret=SUCCESS |  
2019-08-29 09:42:50,286 | INFO  | SCMAudit | user=jenkins1000 | ip=192.168.69.87 | op=SEND_HEARTBEAT {datanodeUUID=73941da8-7b3a-43e7-8aff-0a9367598152, command=[]} | ret=SUCCESS |  
2019-08-29 09:42:50,363 | INFO  | SCMAudit | user=jenkins1000 | ip=192.168.69.87 | op=SEND_HEARTBEAT {datanodeUUID=c6f9d398-2eae-4a63-879f-a1d1bc55d1b3, command=[]} | ret=SUCCESS |  
2019-08-29 09:42:50,546 | INFO  | SCMAudit | user=jenkins1000 | ip=192.168.69.87 | op=SEND_HEARTBEAT {datanodeUUID=7a2e5536-d576-4bf3-9dec-9e4177d66979, command=[]} | ret=SUCCESS |  
2019-08-29 09:42:50,792 | INFO  | SCMAudit | user=jenkins1000 | ip=192.168.69.87 | op=SEND_HEARTBEAT {datanodeUUID=c8986603-afcd-4cf8-afcf-c6b45c0b43cc, command=[]} | ret=SUCCESS |  
2019-08-29 09:42:50,818 | INFO  | SCMAudit | user=jenkins1000 | ip=192.168.69.87 | op=SEND_HEARTBEAT {datanodeUUID=31202bf3-e3ef-401b-98b9-369e6d4f3507, command=[]} | ret=SUCCESS |  
2019-08-29 09:42:50,830 | INFO  | SCMAudit | user=jenkins1000 | ip=192.168.69.87 | op=SEND_HEARTBEAT {datanodeUUID=129cf440-9aa6-4f56-b440-e84d0b76b9e5, command=[]} | ret=SUCCESS |  
2019-08-29 09:42:51,152 [grpc-default-executor-6] INFO  client.GrpcClientProtocolClient (GrpcClientProtocolClient.java:onNext(255)) - client-166A520B6E3C->31202bf3-e3ef-401b-98b9-369e6d4f3507: receive RaftClientReply:client-166A520B6E3C->31202bf3-e3ef-401b-98b9-369e6d4f3507@group-7FC7981111D6, cid=45, FAILED org.apache.ratis.protocol.NotLeaderException: Server 31202bf3-e3ef-401b-98b9-369e6d4f3507 is not the leader (c8986603-afcd-4cf8-afcf-c6b45c0b43cc:192.168.69.87:46863). Request must be sent to leader., logIndex=0, commits[31202bf3-e3ef-401b-98b9-369e6d4f3507:c8, c8986603-afcd-4cf8-afcf-c6b45c0b43cc:c8, 129cf440-9aa6-4f56-b440-e84d0b76b9e5:c8]
2019-08-29 09:42:51,184 | INFO  | SCMAudit | user=jenkins1000 | ip=192.168.69.87 | op=SEND_HEARTBEAT {datanodeUUID=44638b28-be06-4149-9a11-87ab58c8e022, command=[]} | ret=SUCCESS |  
2019-08-29 09:42:51,286 | INFO  | SCMAudit | user=jenkins1000 | ip=192.168.69.87 | op=SEND_HEARTBEAT {datanodeUUID=73941da8-7b3a-43e7-8aff-0a9367598152, command=[]} | ret=SUCCESS |  
2019-08-29 09:42:51,363 | INFO  | SCMAudit | user=jenkins1000 | ip=192.168.69.87 | op=SEND_HEARTBEAT {datanodeUUID=c6f9d398-2eae-4a63-879f-a1d1bc55d1b3, command=[]} | ret=SUCCESS |  
2019-08-29 09:42:51,547 | INFO  | SCMAudit | user=jenkins1000 | ip=192.168.69.87 | op=SEND_HEARTBEAT {datanodeUUID=7a2e5536-d576-4bf3-9dec-9e4177d66979, command=[]} | ret=SUCCESS |  
2019-08-29 09:42:51,793 | INFO  | SCMAudit | user=jenkins1000 | ip=192.168.69.87 | op=SEND_HEARTBEAT {datanodeUUID=c8986603-afcd-4cf8-afcf-c6b45c0b43cc, command=[]} | ret=SUCCESS |  
2019-08-29 09:42:51,817 | INFO  | SCMAudit | user=jenkins1000 | ip=192.168.69.87 | op=SEND_HEARTBEAT {datanodeUUID=31202bf3-e3ef-401b-98b9-369e6d4f3507, command=[]} | ret=SUCCESS |  
2019-08-29 09:42:51,830 | INFO  | SCMAudit | user=jenkins1000 | ip=192.168.69.87 | op=SEND_HEARTBEAT {datanodeUUID=129cf440-9aa6-4f56-b440-e84d0b76b9e5, command=[]} | ret=SUCCESS |  
2019-08-29 09:42:52,184 | INFO  | SCMAudit | user=jenkins1000 | ip=192.168.69.87 | op=SEND_HEARTBEAT {datanodeUUID=44638b28-be06-4149-9a11-87ab58c8e022, command=[]} | ret=SUCCESS |  
2019-08-29 09:42:52,286 | INFO  | SCMAudit | user=jenkins1000 | ip=192.168.69.87 | op=SEND_HEARTBEAT {datanodeUUID=73941da8-7b3a-43e7-8aff-0a9367598152, command=[]} | ret=SUCCESS |  
2019-08-29 09:42:52,364 | INFO  | SCMAudit | user=jenkins1000 | ip=192.168.69.87 | op=SEND_HEARTBEAT {datanodeUUID=c6f9d398-2eae-4a63-879f-a1d1bc55d1b3, command=[]} | ret=SUCCESS |  
2019-08-29 09:42:52,546 | INFO  | SCMAudit | user=jenkins1000 | ip=192.168.69.87 | op=SEND_HEARTBEAT {datanodeUUID=7a2e5536-d576-4bf3-9dec-9e4177d66979, command=[]} | ret=SUCCESS |  
2019-08-29 09:42:52,793 | INFO  | SCMAudit | user=jenkins1000 | ip=192.168.69.87 | op=SEND_HEARTBEAT {datanodeUUID=c8986603-afcd-4cf8-afcf-c6b45c0b43cc, command=[]} | ret=SUCCESS |  
2019-08-29 09:42:52,817 | INFO  | SCMAudit | user=jenkins1000 | ip=192.168.69.87 | op=SEND_HEARTBEAT {datanodeUUID=31202bf3-e3ef-401b-98b9-369e6d4f3507, command=[]} | ret=SUCCESS |  
2019-08-29 09:42:52,830 | INFO  | SCMAudit | user=jenkins1000 | ip=192.168.69.87 | op=SEND_HEARTBEAT {datanodeUUID=129cf440-9aa6-4f56-b440-e84d0b76b9e5, command=[]} | ret=SUCCESS |  
2019-08-29 09:42:53,184 | INFO  | SCMAudit | user=jenkins1000 | ip=192.168.69.87 | op=SEND_HEARTBEAT {datanodeUUID=44638b28-be06-4149-9a11-87ab58c8e022, command=[]} | ret=SUCCESS |  
2019-08-29 09:42:53,287 | INFO  | SCMAudit | user=jenkins1000 | ip=192.168.69.87 | op=SEND_HEARTBEAT {datanodeUUID=73941da8-7b3a-43e7-8aff-0a9367598152, command=[]} | ret=SUCCESS |  
2019-08-29 09:42:53,363 | INFO  | SCMAudit | user=jenkins1000 | ip=192.168.69.87 | op=SEND_HEARTBEAT {datanodeUUID=c6f9d398-2eae-4a63-879f-a1d1bc55d1b3, command=[]} | ret=SUCCESS |  
2019-08-29 09:42:53,546 | INFO  | SCMAudit | user=jenkins1000 | ip=192.168.69.87 | op=SEND_HEARTBEAT {datanodeUUID=7a2e5536-d576-4bf3-9dec-9e4177d66979, command=[]} | ret=SUCCESS |  
2019-08-29 09:42:53,794 | INFO  | SCMAudit | user=jenkins1000 | ip=192.168.69.87 | op=SEND_HEARTBEAT {datanodeUUID=c8986603-afcd-4cf8-afcf-c6b45c0b43cc, command=[]} | ret=SUCCESS |  
2019-08-29 09:42:53,818 | INFO  | SCMAudit | user=jenkins1000 | ip=192.168.69.87 | op=SEND_HEARTBEAT {datanodeUUID=31202bf3-e3ef-401b-98b9-369e6d4f3507, command=[]} | ret=SUCCESS |  
2019-08-29 09:42:53,830 | INFO  | SCMAudit | user=jenkins1000 | ip=192.168.69.87 | op=SEND_HEARTBEAT {datanodeUUID=129cf440-9aa6-4f56-b440-e84d0b76b9e5, command=[]} | ret=SUCCESS |  
2019-08-29 09:42:54,184 | INFO  | SCMAudit | user=jenkins1000 | ip=192.168.69.87 | op=SEND_HEARTBEAT {datanodeUUID=44638b28-be06-4149-9a11-87ab58c8e022, command=[]} | ret=SUCCESS |  
2019-08-29 09:42:54,287 | INFO  | SCMAudit | user=jenkins1000 | ip=192.168.69.87 | op=SEND_HEARTBEAT {datanodeUUID=73941da8-7b3a-43e7-8aff-0a9367598152, command=[]} | ret=SUCCESS |  
2019-08-29 09:42:54,363 | INFO  | SCMAudit | user=jenkins1000 | ip=192.168.69.87 | op=SEND_HEARTBEAT {datanodeUUID=c6f9d398-2eae-4a63-879f-a1d1bc55d1b3, command=[]} | ret=SUCCESS |  
2019-08-29 09:42:54,546 | INFO  | SCMAudit | user=jenkins1000 | ip=192.168.69.87 | op=SEND_HEARTBEAT {datanodeUUID=7a2e5536-d576-4bf3-9dec-9e4177d66979, command=[]} | ret=SUCCESS |  
2019-08-29 09:42:54,795 | INFO  | SCMAudit | user=jenkins1000 | ip=192.168.69.87 | op=SEND_HEARTBEAT {datanodeUUID=c8986603-afcd-4cf8-afcf-c6b45c0b43cc, command=[]} | ret=SUCCESS |  
2019-08-29 09:42:54,818 | INFO  | SCMAudit | user=jenkins1000 | ip=192.168.69.87 | op=SEND_HEARTBEAT {datanodeUUID=31202bf3-e3ef-401b-98b9-369e6d4f3507, command=[]} | ret=SUCCESS |  
2019-08-29 09:42:54,830 | INFO  | SCMAudit | user=jenkins1000 | ip=192.168.69.87 | op=SEND_HEARTBEAT {datanodeUUID=129cf440-9aa6-4f56-b440-e84d0b76b9e5, command=[]} | ret=SUCCESS |  
2019-08-29 09:42:55,184 | INFO  | SCMAudit | user=jenkins1000 | ip=192.168.69.87 | op=SEND_HEARTBEAT {datanodeUUID=44638b28-be06-4149-9a11-87ab58c8e022, command=[]} | ret=SUCCESS |  
2019-08-29 09:42:55,287 | INFO  | SCMAudit | user=jenkins1000 | ip=192.168.69.87 | op=SEND_HEARTBEAT {datanodeUUID=73941da8-7b3a-43e7-8aff-0a9367598152, command=[]} | ret=SUCCESS |  
2019-08-29 09:42:55,364 | INFO  | SCMAudit | user=jenkins1000 | ip=192.168.69.87 | op=SEND_HEARTBEAT {datanodeUUID=c6f9d398-2eae-4a63-879f-a1d1bc55d1b3, command=[]} | ret=SUCCESS |  
2019-08-29 09:42:55,546 | INFO  | SCMAudit | user=jenkins1000 | ip=192.168.69.87 | op=SEND_HEARTBEAT {datanodeUUID=7a2e5536-d576-4bf3-9dec-9e4177d66979, command=[]} | ret=SUCCESS |  
2019-08-29 09:42:55,794 | INFO  | SCMAudit | user=jenkins1000 | ip=192.168.69.87 | op=SEND_HEARTBEAT {datanodeUUID=c8986603-afcd-4cf8-afcf-c6b45c0b43cc, command=[]} | ret=SUCCESS |  
2019-08-29 09:42:55,818 | INFO  | SCMAudit | user=jenkins1000 | ip=192.168.69.87 | op=SEND_HEARTBEAT {datanodeUUID=31202bf3-e3ef-401b-98b9-369e6d4f3507, command=[]} | ret=SUCCESS |  
2019-08-29 09:42:55,831 | INFO  | SCMAudit | user=jenkins1000 | ip=192.168.69.87 | op=SEND_HEARTBEAT {datanodeUUID=129cf440-9aa6-4f56-b440-e84d0b76b9e5, command=[]} | ret=SUCCESS |  
2019-08-29 09:42:56,184 | INFO  | SCMAudit | user=jenkins1000 | ip=192.168.69.87 | op=SEND_HEARTBEAT {datanodeUUID=44638b28-be06-4149-9a11-87ab58c8e022, command=[]} | ret=SUCCESS |  
2019-08-29 09:42:56,190 [grpc-default-executor-7] INFO  client.GrpcClientProtocolClient (GrpcClientProtocolClient.java:onNext(255)) - client-166A520B6E3C->31202bf3-e3ef-401b-98b9-369e6d4f3507: receive RaftClientReply:client-166A520B6E3C->31202bf3-e3ef-401b-98b9-369e6d4f3507@group-7FC7981111D6, cid=45, FAILED org.apache.ratis.protocol.NotLeaderException: Server 31202bf3-e3ef-401b-98b9-369e6d4f3507 is not the leader (c8986603-afcd-4cf8-afcf-c6b45c0b43cc:192.168.69.87:46863). Request must be sent to leader., logIndex=0, commits[31202bf3-e3ef-401b-98b9-369e6d4f3507:c8, c8986603-afcd-4cf8-afcf-c6b45c0b43cc:c8, 129cf440-9aa6-4f56-b440-e84d0b76b9e5:c8]
2019-08-29 09:42:56,198 [main] INFO  ozone.MiniOzoneClusterImpl (MiniOzoneClusterImpl.java:shutdown(307)) - Shutting down the Mini Ozone Cluster
2019-08-29 09:42:56,199 | INFO  | SCMAudit | user=null | ip=null | op=GET_SCM_INFO null | ret=SUCCESS |  
2019-08-29 09:42:56,199 [main] INFO  ozone.MiniOzoneClusterImpl (MiniOzoneClusterImpl.java:stop(322)) - Stopping the Mini Ozone Cluster
2019-08-29 09:42:56,199 [main] INFO  ozone.MiniOzoneClusterImpl (MiniOzoneClusterImpl.java:stop(324)) - Stopping the OzoneManager
2019-08-29 09:42:56,199 [main] INFO  ipc.Server (Server.java:stop(3082)) - Stopping server on 46698
2019-08-29 09:42:56,213 [IPC Server listener on 46698] INFO  ipc.Server (Server.java:run(1185)) - Stopping IPC Server listener on 46698
2019-08-29 09:42:56,216 [main] INFO  ratis.OzoneManagerDoubleBuffer (OzoneManagerDoubleBuffer.java:stop(248)) - Stopping OMDoubleBuffer flush thread
2019-08-29 09:42:56,223 [IPC Server Responder] INFO  ipc.Server (Server.java:run(1319)) - Stopping IPC Server Responder
2019-08-29 09:42:56,227 [OMDoubleBufferFlushThread] INFO  ratis.OzoneManagerDoubleBuffer (OzoneManagerDoubleBuffer.java:flushTransactions(191)) - OMDoubleBuffer flush thread OMDoubleBufferFlushThread is interrupted and will exit. OMDoubleBufferFlushThread
2019-08-29 09:42:56,242 [main] INFO  utils.BackgroundService (BackgroundService.java:shutdown(148)) - Shutting down service KeyDeletingService
2019-08-29 09:42:56,245 [main] INFO  handler.ContextHandler (ContextHandler.java:doStop(910)) - Stopped o.e.j.w.WebAppContext@3f96f020{/,null,UNAVAILABLE}{/ozoneManager}
2019-08-29 09:42:56,246 [main] INFO  server.AbstractConnector (AbstractConnector.java:doStop(318)) - Stopped ServerConnector@32eae6f2{HTTP/1.1,[http/1.1]}{0.0.0.0:0}
2019-08-29 09:42:56,246 [main] INFO  handler.ContextHandler (ContextHandler.java:doStop(910)) - Stopped o.e.j.s.ServletContextHandler@1984212d{/static,file:///workdir/hadoop-ozone/integration-test/target/test-classes/webapps/static,UNAVAILABLE}
2019-08-29 09:42:56,246 [main] INFO  handler.ContextHandler (ContextHandler.java:doStop(910)) - Stopped o.e.j.s.ServletContextHandler@69d3cf7e{/logs,file:///workdir/hadoop-ozone/integration-test/target/log,UNAVAILABLE}
2019-08-29 09:42:56,249 [main] INFO  ozone.MiniOzoneClusterImpl (MiniOzoneClusterImpl.java:stop(330)) - Shutting the HddsDatanodes
2019-08-29 09:42:56,287 [Datanode State Machine Thread - 0] INFO  statemachine.DatanodeStateMachine (DatanodeStateMachine.java:lambda$startDaemon$0(350)) - Ozone container server started.
2019-08-29 09:42:56,365 | INFO  | SCMAudit | user=jenkins1000 | ip=192.168.69.87 | op=SEND_HEARTBEAT {datanodeUUID=c6f9d398-2eae-4a63-879f-a1d1bc55d1b3, command=[]} | ret=SUCCESS |  
2019-08-29 09:42:56,546 [Datanode State Machine Thread - 0] INFO  statemachine.DatanodeStateMachine (DatanodeStateMachine.java:lambda$startDaemon$0(350)) - Ozone container server started.
2019-08-29 09:42:56,794 | INFO  | SCMAudit | user=jenkins1000 | ip=192.168.69.87 | op=SEND_HEARTBEAT {datanodeUUID=c8986603-afcd-4cf8-afcf-c6b45c0b43cc, command=[]} | ret=SUCCESS |  
2019-08-29 09:42:56,818 | INFO  | SCMAudit | user=jenkins1000 | ip=192.168.69.87 | op=SEND_HEARTBEAT {datanodeUUID=31202bf3-e3ef-401b-98b9-369e6d4f3507, command=[]} | ret=SUCCESS |  
2019-08-29 09:42:56,831 | INFO  | SCMAudit | user=jenkins1000 | ip=192.168.69.87 | op=SEND_HEARTBEAT {datanodeUUID=129cf440-9aa6-4f56-b440-e84d0b76b9e5, command=[]} | ret=SUCCESS |  
2019-08-29 09:42:57,184 | INFO  | SCMAudit | user=jenkins1000 | ip=192.168.69.87 | op=SEND_HEARTBEAT {datanodeUUID=44638b28-be06-4149-9a11-87ab58c8e022, command=[]} | ret=SUCCESS |  
2019-08-29 09:42:57,365 | INFO  | SCMAudit | user=jenkins1000 | ip=192.168.69.87 | op=SEND_HEARTBEAT {datanodeUUID=c6f9d398-2eae-4a63-879f-a1d1bc55d1b3, command=[]} | ret=SUCCESS |  
2019-08-29 09:42:57,795 | INFO  | SCMAudit | user=jenkins1000 | ip=192.168.69.87 | op=SEND_HEARTBEAT {datanodeUUID=c8986603-afcd-4cf8-afcf-c6b45c0b43cc, command=[]} | ret=SUCCESS |  
2019-08-29 09:42:57,818 | INFO  | SCMAudit | user=jenkins1000 | ip=192.168.69.87 | op=SEND_HEARTBEAT {datanodeUUID=31202bf3-e3ef-401b-98b9-369e6d4f3507, command=[]} | ret=SUCCESS |  
2019-08-29 09:42:57,832 | INFO  | SCMAudit | user=jenkins1000 | ip=192.168.69.87 | op=SEND_HEARTBEAT {datanodeUUID=129cf440-9aa6-4f56-b440-e84d0b76b9e5, command=[]} | ret=SUCCESS |  
2019-08-29 09:42:58,185 | INFO  | SCMAudit | user=jenkins1000 | ip=192.168.69.87 | op=SEND_HEARTBEAT {datanodeUUID=44638b28-be06-4149-9a11-87ab58c8e022, command=[]} | ret=SUCCESS |  
2019-08-29 09:42:58,365 | INFO  | SCMAudit | user=jenkins1000 | ip=192.168.69.87 | op=SEND_HEARTBEAT {datanodeUUID=c6f9d398-2eae-4a63-879f-a1d1bc55d1b3, command=[]} | ret=SUCCESS |  
2019-08-29 09:42:58,794 | INFO  | SCMAudit | user=jenkins1000 | ip=192.168.69.87 | op=SEND_HEARTBEAT {datanodeUUID=c8986603-afcd-4cf8-afcf-c6b45c0b43cc, command=[]} | ret=SUCCESS |  
2019-08-29 09:42:58,818 | INFO  | SCMAudit | user=jenkins1000 | ip=192.168.69.87 | op=SEND_HEARTBEAT {datanodeUUID=31202bf3-e3ef-401b-98b9-369e6d4f3507, command=[]} | ret=SUCCESS |  
2019-08-29 09:42:58,832 | INFO  | SCMAudit | user=jenkins1000 | ip=192.168.69.87 | op=SEND_HEARTBEAT {datanodeUUID=129cf440-9aa6-4f56-b440-e84d0b76b9e5, command=[]} | ret=SUCCESS |  
2019-08-29 09:42:59,185 | INFO  | SCMAudit | user=jenkins1000 | ip=192.168.69.87 | op=SEND_HEARTBEAT {datanodeUUID=44638b28-be06-4149-9a11-87ab58c8e022, command=[]} | ret=SUCCESS |  
2019-08-29 09:42:59,366 | INFO  | SCMAudit | user=jenkins1000 | ip=192.168.69.87 | op=SEND_HEARTBEAT {datanodeUUID=c6f9d398-2eae-4a63-879f-a1d1bc55d1b3, command=[]} | ret=SUCCESS |  
2019-08-29 09:42:59,794 | INFO  | SCMAudit | user=jenkins1000 | ip=192.168.69.87 | op=SEND_HEARTBEAT {datanodeUUID=c8986603-afcd-4cf8-afcf-c6b45c0b43cc, command=[]} | ret=SUCCESS |  
2019-08-29 09:42:59,818 | INFO  | SCMAudit | user=jenkins1000 | ip=192.168.69.87 | op=SEND_HEARTBEAT {datanodeUUID=31202bf3-e3ef-401b-98b9-369e6d4f3507, command=[]} | ret=SUCCESS |  
2019-08-29 09:42:59,832 | INFO  | SCMAudit | user=jenkins1000 | ip=192.168.69.87 | op=SEND_HEARTBEAT {datanodeUUID=129cf440-9aa6-4f56-b440-e84d0b76b9e5, command=[]} | ret=SUCCESS |  
2019-08-29 09:43:00,188 | INFO  | SCMAudit | user=jenkins1000 | ip=192.168.69.87 | op=SEND_HEARTBEAT {datanodeUUID=44638b28-be06-4149-9a11-87ab58c8e022, command=[]} | ret=SUCCESS |  
2019-08-29 09:43:00,365 | INFO  | SCMAudit | user=jenkins1000 | ip=192.168.69.87 | op=SEND_HEARTBEAT {datanodeUUID=c6f9d398-2eae-4a63-879f-a1d1bc55d1b3, command=[]} | ret=SUCCESS |  
2019-08-29 09:43:00,794 | INFO  | SCMAudit | user=jenkins1000 | ip=192.168.69.87 | op=SEND_HEARTBEAT {datanodeUUID=c8986603-afcd-4cf8-afcf-c6b45c0b43cc, command=[]} | ret=SUCCESS |  
2019-08-29 09:43:00,818 | INFO  | SCMAudit | user=jenkins1000 | ip=192.168.69.87 | op=SEND_HEARTBEAT {datanodeUUID=31202bf3-e3ef-401b-98b9-369e6d4f3507, command=[]} | ret=SUCCESS |  
2019-08-29 09:43:00,832 | INFO  | SCMAudit | user=jenkins1000 | ip=192.168.69.87 | op=SEND_HEARTBEAT {datanodeUUID=129cf440-9aa6-4f56-b440-e84d0b76b9e5, command=[]} | ret=SUCCESS |  
2019-08-29 09:43:01,185 | INFO  | SCMAudit | user=jenkins1000 | ip=192.168.69.87 | op=SEND_HEARTBEAT {datanodeUUID=44638b28-be06-4149-9a11-87ab58c8e022, command=[]} | ret=SUCCESS |  
2019-08-29 09:43:01,251 [main] INFO  ozoneimpl.OzoneContainer (OzoneContainer.java:stop(215)) - Attempting to stop container services.
2019-08-29 09:43:01,251 [ForkJoinPool.commonPool-worker-1] INFO  ozoneimpl.OzoneContainer (OzoneContainer.java:stop(215)) - Attempting to stop container services.
2019-08-29 09:43:01,251 [main] INFO  impl.RaftServerProxy (RaftServerProxy.java:lambda$close$4(314)) - 7a2e5536-d576-4bf3-9dec-9e4177d66979: close
2019-08-29 09:43:01,252 [ForkJoinPool.commonPool-worker-1] INFO  impl.RaftServerProxy (RaftServerProxy.java:lambda$close$4(314)) - 73941da8-7b3a-43e7-8aff-0a9367598152: close
2019-08-29 09:43:01,252 [main] INFO  impl.RaftServerImpl (RaftServerImpl.java:lambda$shutdown$3(245)) - 7a2e5536-d576-4bf3-9dec-9e4177d66979: shutdown group-469E11588AA2
2019-08-29 09:43:01,252 [ForkJoinPool.commonPool-worker-1] INFO  impl.RaftServerImpl (RaftServerImpl.java:lambda$shutdown$3(245)) - 73941da8-7b3a-43e7-8aff-0a9367598152: shutdown group-B2FAECEF5E9E
2019-08-29 09:43:01,253 [main] INFO  util.JmxRegister (JmxRegister.java:unregister(73)) - Successfully un-registered JMX Bean with object name Ratis:service=RaftServer,group=group-469E11588AA2,id=7a2e5536-d576-4bf3-9dec-9e4177d66979
2019-08-29 09:43:01,254 [main] INFO  impl.RoleInfo (RoleInfo.java:shutdownLeaderState(104)) - 7a2e5536-d576-4bf3-9dec-9e4177d66979: shutdown LeaderState
2019-08-29 09:43:01,253 [ForkJoinPool.commonPool-worker-1] INFO  util.JmxRegister (JmxRegister.java:unregister(73)) - Successfully un-registered JMX Bean with object name Ratis:service=RaftServer,group=group-B2FAECEF5E9E,id=73941da8-7b3a-43e7-8aff-0a9367598152
2019-08-29 09:43:01,255 [main] INFO  impl.PendingRequests (PendingRequests.java:sendNotLeaderResponses(202)) - 7a2e5536-d576-4bf3-9dec-9e4177d66979-PendingRequests: sendNotLeaderResponses
2019-08-29 09:43:01,255 [ForkJoinPool.commonPool-worker-1] INFO  impl.RoleInfo (RoleInfo.java:shutdownLeaderState(104)) - 73941da8-7b3a-43e7-8aff-0a9367598152: shutdown LeaderState
2019-08-29 09:43:01,256 [ForkJoinPool.commonPool-worker-1] INFO  impl.PendingRequests (PendingRequests.java:sendNotLeaderResponses(202)) - 73941da8-7b3a-43e7-8aff-0a9367598152-PendingRequests: sendNotLeaderResponses
2019-08-29 09:43:01,256 [main] INFO  impl.StateMachineUpdater (StateMachineUpdater.java:stopAndJoin(115)) - StateMachineUpdater:7a2e5536-d576-4bf3-9dec-9e4177d66979:group-469E11588AA2: set stopIndex = 0
2019-08-29 09:43:01,257 [main] INFO  impl.RaftServerImpl (ServerState.java:close(394)) - 7a2e5536-d576-4bf3-9dec-9e4177d66979:group-469E11588AA2 closes. The last applied log index is 0
2019-08-29 09:43:01,257 [ForkJoinPool.commonPool-worker-1] INFO  impl.StateMachineUpdater (StateMachineUpdater.java:stopAndJoin(115)) - StateMachineUpdater:73941da8-7b3a-43e7-8aff-0a9367598152:group-B2FAECEF5E9E: set stopIndex = 0
2019-08-29 09:43:01,258 [7a2e5536-d576-4bf3-9dec-9e4177d66979-SegmentedRaftLogWorker:Storage Directory /workdir/hadoop-ozone/integration-test/target/test-dir/MiniOzoneClusterImpl-8d4b26b1-34eb-45e8-b83f-edf1f00bc316/datanode-4/data/ratis/89374ca0-fc40-44a4-b8c1-469e11588aa2] INFO  segmented.SegmentedRaftLogWorker (SegmentedRaftLogWorker.java:run(313)) - 7a2e5536-d576-4bf3-9dec-9e4177d66979-SegmentedRaftLogWorker:Storage Directory /workdir/hadoop-ozone/integration-test/target/test-dir/MiniOzoneClusterImpl-8d4b26b1-34eb-45e8-b83f-edf1f00bc316/datanode-4/data/ratis/89374ca0-fc40-44a4-b8c1-469e11588aa2 was interrupted, exiting. There are 0 tasks remaining in the queue.
2019-08-29 09:43:01,258 [ForkJoinPool.commonPool-worker-1] INFO  impl.RaftServerImpl (ServerState.java:close(394)) - 73941da8-7b3a-43e7-8aff-0a9367598152:group-B2FAECEF5E9E closes. The last applied log index is 0
2019-08-29 09:43:01,261 [73941da8-7b3a-43e7-8aff-0a9367598152-SegmentedRaftLogWorker:Storage Directory /workdir/hadoop-ozone/integration-test/target/test-dir/MiniOzoneClusterImpl-8d4b26b1-34eb-45e8-b83f-edf1f00bc316/datanode-1/data/ratis/7b45bb2a-6f02-4803-9f71-b2faecef5e9e] INFO  segmented.SegmentedRaftLogWorker (SegmentedRaftLogWorker.java:run(313)) - 73941da8-7b3a-43e7-8aff-0a9367598152-SegmentedRaftLogWorker:Storage Directory /workdir/hadoop-ozone/integration-test/target/test-dir/MiniOzoneClusterImpl-8d4b26b1-34eb-45e8-b83f-edf1f00bc316/datanode-1/data/ratis/7b45bb2a-6f02-4803-9f71-b2faecef5e9e was interrupted, exiting. There are 0 tasks remaining in the queue.
2019-08-29 09:43:01,284 [ForkJoinPool.commonPool-worker-1] INFO  segmented.SegmentedRaftLogWorker (SegmentedRaftLogWorker.java:close(228)) - 73941da8-7b3a-43e7-8aff-0a9367598152-SegmentedRaftLogWorker:Storage Directory /workdir/hadoop-ozone/integration-test/target/test-dir/MiniOzoneClusterImpl-8d4b26b1-34eb-45e8-b83f-edf1f00bc316/datanode-1/data/ratis/7b45bb2a-6f02-4803-9f71-b2faecef5e9e close()
2019-08-29 09:43:01,284 [main] INFO  segmented.SegmentedRaftLogWorker (SegmentedRaftLogWorker.java:close(228)) - 7a2e5536-d576-4bf3-9dec-9e4177d66979-SegmentedRaftLogWorker:Storage Directory /workdir/hadoop-ozone/integration-test/target/test-dir/MiniOzoneClusterImpl-8d4b26b1-34eb-45e8-b83f-edf1f00bc316/datanode-4/data/ratis/89374ca0-fc40-44a4-b8c1-469e11588aa2 close()
2019-08-29 09:43:01,288 [ForkJoinPool.commonPool-worker-1] INFO  impl.RaftServerImpl (RaftServerImpl.java:lambda$shutdown$3(245)) - 73941da8-7b3a-43e7-8aff-0a9367598152: shutdown group-42F22E341F84
2019-08-29 09:43:01,293 [main] INFO  server.GrpcService (GrpcService.java:closeImpl(155)) - 7a2e5536-d576-4bf3-9dec-9e4177d66979: shutdown server with port 35893 now
2019-08-29 09:43:01,293 [ForkJoinPool.commonPool-worker-1] INFO  util.JmxRegister (JmxRegister.java:unregister(73)) - Successfully un-registered JMX Bean with object name Ratis:service=RaftServer,group=group-42F22E341F84,id=73941da8-7b3a-43e7-8aff-0a9367598152
2019-08-29 09:43:01,296 [main] INFO  server.GrpcService (GrpcService.java:closeImpl(163)) - 7a2e5536-d576-4bf3-9dec-9e4177d66979: shutdown server with port 35893 successfully
2019-08-29 09:43:01,296 [ForkJoinPool.commonPool-worker-1] INFO  impl.RoleInfo (RoleInfo.java:shutdownLeaderState(104)) - 73941da8-7b3a-43e7-8aff-0a9367598152: shutdown LeaderState
2019-08-29 09:43:01,301 [ForkJoinPool.commonPool-worker-1] INFO  impl.PendingRequests (PendingRequests.java:sendNotLeaderResponses(202)) - 73941da8-7b3a-43e7-8aff-0a9367598152-PendingRequests: sendNotLeaderResponses
2019-08-29 09:43:01,301 [org.apache.ratis.server.impl.LogAppender$AppenderDaemon$$Lambda$493/1592680695@71aeb93d] WARN  server.GrpcLogAppender (GrpcLogAppender.java:mayWait(143)) - GrpcLogAppender(73941da8-7b3a-43e7-8aff-0a9367598152->c6f9d398-2eae-4a63-879f-a1d1bc55d1b3): Wait interrupted by java.lang.InterruptedException
2019-08-29 09:43:01,301 [org.apache.ratis.server.impl.LogAppender$AppenderDaemon$$Lambda$493/1592680695@34ac296c] WARN  server.GrpcLogAppender (GrpcLogAppender.java:mayWait(143)) - GrpcLogAppender(73941da8-7b3a-43e7-8aff-0a9367598152->44638b28-be06-4149-9a11-87ab58c8e022): Wait interrupted by java.lang.InterruptedException
2019-08-29 09:43:01,302 [ForkJoinPool.commonPool-worker-1] INFO  impl.StateMachineUpdater (StateMachineUpdater.java:stopAndJoin(115)) - StateMachineUpdater:73941da8-7b3a-43e7-8aff-0a9367598152:group-42F22E341F84: set stopIndex = 0
2019-08-29 09:43:01,303 [grpc-default-executor-7] INFO  server.GrpcServerProtocolService (GrpcServerProtocolService.java:onCompleted(104)) - 44638b28-be06-4149-9a11-87ab58c8e022: appendEntries completed
2019-08-29 09:43:01,302 [refreshUsed-/workdir/hadoop-ozone/integration-test/target/test-dir/MiniOzoneClusterImpl-8d4b26b1-34eb-45e8-b83f-edf1f00bc316/datanode-4/data/containers] WARN  fs.CachingGetSpaceUsed (CachingGetSpaceUsed.java:run(183)) - Thread Interrupted waiting to refresh disk information: sleep interrupted
2019-08-29 09:43:01,302 [grpc-default-executor-6] INFO  server.GrpcServerProtocolService (GrpcServerProtocolService.java:onCompleted(104)) - c6f9d398-2eae-4a63-879f-a1d1bc55d1b3: appendEntries completed
2019-08-29 09:43:01,303 [ForkJoinPool.commonPool-worker-1] INFO  impl.RaftServerImpl (ServerState.java:close(394)) - 73941da8-7b3a-43e7-8aff-0a9367598152:group-42F22E341F84 closes. The last applied log index is 0
2019-08-29 09:43:01,303 [grpc-default-executor-7] INFO  server.GrpcLogAppender (GrpcLogAppender.java:onCompleted(292)) - 73941da8-7b3a-43e7-8aff-0a9367598152->44638b28-be06-4149-9a11-87ab58c8e022: follower responses appendEntries COMPLETED
2019-08-29 09:43:01,304 [grpc-default-executor-6] INFO  server.GrpcLogAppender (GrpcLogAppender.java:onCompleted(292)) - 73941da8-7b3a-43e7-8aff-0a9367598152->c6f9d398-2eae-4a63-879f-a1d1bc55d1b3: follower responses appendEntries COMPLETED
2019-08-29 09:43:01,304 [73941da8-7b3a-43e7-8aff-0a9367598152-SegmentedRaftLogWorker:Storage Directory /workdir/hadoop-ozone/integration-test/target/test-dir/MiniOzoneClusterImpl-8d4b26b1-34eb-45e8-b83f-edf1f00bc316/datanode-1/data/ratis/3065c512-b51a-4cdc-990b-42f22e341f84] INFO  segmented.SegmentedRaftLogWorker (SegmentedRaftLogWorker.java:run(313)) - 73941da8-7b3a-43e7-8aff-0a9367598152-SegmentedRaftLogWorker:Storage Directory /workdir/hadoop-ozone/integration-test/target/test-dir/MiniOzoneClusterImpl-8d4b26b1-34eb-45e8-b83f-edf1f00bc316/datanode-1/data/ratis/3065c512-b51a-4cdc-990b-42f22e341f84 was interrupted, exiting. There are 0 tasks remaining in the queue.
2019-08-29 09:43:01,309 [grpc-default-executor-6] INFO  impl.FollowerInfo (FollowerInfo.java:lambda$new$0(50)) - 73941da8-7b3a-43e7-8aff-0a9367598152->c6f9d398-2eae-4a63-879f-a1d1bc55d1b3: nextIndex: updateUnconditionally 1 -> 0
2019-08-29 09:43:01,311 [grpc-default-executor-7] INFO  impl.FollowerInfo (FollowerInfo.java:lambda$new$0(50)) - 73941da8-7b3a-43e7-8aff-0a9367598152->44638b28-be06-4149-9a11-87ab58c8e022: nextIndex: updateUnconditionally 1 -> 0
2019-08-29 09:43:01,317 [ForkJoinPool.commonPool-worker-1] INFO  segmented.SegmentedRaftLogWorker (SegmentedRaftLogWorker.java:close(228)) - 73941da8-7b3a-43e7-8aff-0a9367598152-SegmentedRaftLogWorker:Storage Directory /workdir/hadoop-ozone/integration-test/target/test-dir/MiniOzoneClusterImpl-8d4b26b1-34eb-45e8-b83f-edf1f00bc316/datanode-1/data/ratis/3065c512-b51a-4cdc-990b-42f22e341f84 close()
2019-08-29 09:43:01,322 [ForkJoinPool.commonPool-worker-1] INFO  server.GrpcService (GrpcService.java:closeImpl(155)) - 73941da8-7b3a-43e7-8aff-0a9367598152: shutdown server with port 35513 now
2019-08-29 09:43:01,322 [ForkJoinPool.commonPool-worker-1] INFO  server.GrpcService (GrpcService.java:closeImpl(163)) - 73941da8-7b3a-43e7-8aff-0a9367598152: shutdown server with port 35513 successfully
2019-08-29 09:43:01,324 [refreshUsed-/workdir/hadoop-ozone/integration-test/target/test-dir/MiniOzoneClusterImpl-8d4b26b1-34eb-45e8-b83f-edf1f00bc316/datanode-1/data/containers] WARN  fs.CachingGetSpaceUsed (CachingGetSpaceUsed.java:run(183)) - Thread Interrupted waiting to refresh disk information: sleep interrupted
2019-08-29 09:43:01,336 [main] INFO  utils.BackgroundService (BackgroundService.java:shutdown(148)) - Shutting down service BlockDeletingService
2019-08-29 09:43:01,342 [main] INFO  statemachine.DatanodeStateMachine (DatanodeStateMachine.java:stopDaemon(395)) - Ozone container server stopped.
2019-08-29 09:43:01,344 [main] INFO  handler.ContextHandler (ContextHandler.java:doStop(910)) - Stopped o.e.j.w.WebAppContext@297c9a9b{/,null,UNAVAILABLE}{/hddsDatanode}
2019-08-29 09:43:01,344 [ForkJoinPool.commonPool-worker-1] INFO  utils.BackgroundService (BackgroundService.java:shutdown(148)) - Shutting down service BlockDeletingService
2019-08-29 09:43:01,345 [main] INFO  server.AbstractConnector (AbstractConnector.java:doStop(318)) - Stopped ServerConnector@20999517{HTTP/1.1,[http/1.1]}{0.0.0.0:0}
2019-08-29 09:43:01,352 [ForkJoinPool.commonPool-worker-1] INFO  statemachine.DatanodeStateMachine (DatanodeStateMachine.java:stopDaemon(395)) - Ozone container server stopped.
2019-08-29 09:43:01,353 [main] INFO  handler.ContextHandler (ContextHandler.java:doStop(910)) - Stopped o.e.j.s.ServletContextHandler@d499c13{/static,jar:file:/home/user/.m2/repository/org/apache/hadoop/hadoop-hdds-container-service/0.5.0-SNAPSHOT/hadoop-hdds-container-service-0.5.0-SNAPSHOT.jar!/webapps/static,UNAVAILABLE}
2019-08-29 09:43:01,358 [main] INFO  handler.ContextHandler (ContextHandler.java:doStop(910)) - Stopped o.e.j.s.ServletContextHandler@74834afd{/logs,file:///workdir/hadoop-ozone/integration-test/target/log,UNAVAILABLE}
2019-08-29 09:43:01,360 [ForkJoinPool.commonPool-worker-1] INFO  handler.ContextHandler (ContextHandler.java:doStop(910)) - Stopped o.e.j.w.WebAppContext@37348491{/,null,UNAVAILABLE}{/hddsDatanode}
2019-08-29 09:43:01,361 [ForkJoinPool.commonPool-worker-1] INFO  server.AbstractConnector (AbstractConnector.java:doStop(318)) - Stopped ServerConnector@76e3b45b{HTTP/1.1,[http/1.1]}{0.0.0.0:0}
2019-08-29 09:43:01,363 [ForkJoinPool.commonPool-worker-1] INFO  handler.ContextHandler (ContextHandler.java:doStop(910)) - Stopped o.e.j.s.ServletContextHandler@7c281eb8{/static,jar:file:/home/user/.m2/repository/org/apache/hadoop/hadoop-hdds-container-service/0.5.0-SNAPSHOT/hadoop-hdds-container-service-0.5.0-SNAPSHOT.jar!/webapps/static,UNAVAILABLE}
2019-08-29 09:43:01,365 [ForkJoinPool.commonPool-worker-1] INFO  handler.ContextHandler (ContextHandler.java:doStop(910)) - Stopped o.e.j.s.ServletContextHandler@fe87ddd{/logs,file:///workdir/hadoop-ozone/integration-test/target/log,UNAVAILABLE}
2019-08-29 09:43:01,365 | INFO  | SCMAudit | user=jenkins1000 | ip=192.168.69.87 | op=SEND_HEARTBEAT {datanodeUUID=c6f9d398-2eae-4a63-879f-a1d1bc55d1b3, command=[]} | ret=SUCCESS |  
2019-08-29 09:43:01,794 | INFO  | SCMAudit | user=jenkins1000 | ip=192.168.69.87 | op=SEND_HEARTBEAT {datanodeUUID=c8986603-afcd-4cf8-afcf-c6b45c0b43cc, command=[]} | ret=SUCCESS |  
2019-08-29 09:43:01,819 | INFO  | SCMAudit | user=jenkins1000 | ip=192.168.69.87 | op=SEND_HEARTBEAT {datanodeUUID=31202bf3-e3ef-401b-98b9-369e6d4f3507, command=[]} | ret=SUCCESS |  
2019-08-29 09:43:01,832 [Datanode State Machine Thread - 0] INFO  statemachine.DatanodeStateMachine (DatanodeStateMachine.java:lambda$startDaemon$0(350)) - Ozone container server started.
2019-08-29 09:43:02,185 | INFO  | SCMAudit | user=jenkins1000 | ip=192.168.69.87 | op=SEND_HEARTBEAT {datanodeUUID=44638b28-be06-4149-9a11-87ab58c8e022, command=[]} | ret=SUCCESS |  
2019-08-29 09:43:02,368 | INFO  | SCMAudit | user=jenkins1000 | ip=192.168.69.87 | op=SEND_HEARTBEAT {datanodeUUID=c6f9d398-2eae-4a63-879f-a1d1bc55d1b3, command=[]} | ret=SUCCESS |  
2019-08-29 09:43:02,795 | INFO  | SCMAudit | user=jenkins1000 | ip=192.168.69.87 | op=SEND_HEARTBEAT {datanodeUUID=c8986603-afcd-4cf8-afcf-c6b45c0b43cc, command=[]} | ret=SUCCESS |  
2019-08-29 09:43:02,819 | INFO  | SCMAudit | user=jenkins1000 | ip=192.168.69.87 | op=SEND_HEARTBEAT {datanodeUUID=31202bf3-e3ef-401b-98b9-369e6d4f3507, command=[]} | ret=SUCCESS |  
2019-08-29 09:43:03,185 | INFO  | SCMAudit | user=jenkins1000 | ip=192.168.69.87 | op=SEND_HEARTBEAT {datanodeUUID=44638b28-be06-4149-9a11-87ab58c8e022, command=[]} | ret=SUCCESS |  
2019-08-29 09:43:03,368 | INFO  | SCMAudit | user=jenkins1000 | ip=192.168.69.87 | op=SEND_HEARTBEAT {datanodeUUID=c6f9d398-2eae-4a63-879f-a1d1bc55d1b3, command=[]} | ret=SUCCESS |  
2019-08-29 09:43:03,795 | INFO  | SCMAudit | user=jenkins1000 | ip=192.168.69.87 | op=SEND_HEARTBEAT {datanodeUUID=c8986603-afcd-4cf8-afcf-c6b45c0b43cc, command=[]} | ret=SUCCESS |  
2019-08-29 09:43:03,819 | INFO  | SCMAudit | user=jenkins1000 | ip=192.168.69.87 | op=SEND_HEARTBEAT {datanodeUUID=31202bf3-e3ef-401b-98b9-369e6d4f3507, command=[]} | ret=SUCCESS |  
2019-08-29 09:43:04,185 | INFO  | SCMAudit | user=jenkins1000 | ip=192.168.69.87 | op=SEND_HEARTBEAT {datanodeUUID=44638b28-be06-4149-9a11-87ab58c8e022, command=[]} | ret=SUCCESS |  
2019-08-29 09:43:04,368 | INFO  | SCMAudit | user=jenkins1000 | ip=192.168.69.87 | op=SEND_HEARTBEAT {datanodeUUID=c6f9d398-2eae-4a63-879f-a1d1bc55d1b3, command=[]} | ret=SUCCESS |  
2019-08-29 09:43:04,795 | INFO  | SCMAudit | user=jenkins1000 | ip=192.168.69.87 | op=SEND_HEARTBEAT {datanodeUUID=c8986603-afcd-4cf8-afcf-c6b45c0b43cc, command=[]} | ret=SUCCESS |  
2019-08-29 09:43:04,819 | INFO  | SCMAudit | user=jenkins1000 | ip=192.168.69.87 | op=SEND_HEARTBEAT {datanodeUUID=31202bf3-e3ef-401b-98b9-369e6d4f3507, command=[]} | ret=SUCCESS |  
2019-08-29 09:43:05,185 | INFO  | SCMAudit | user=jenkins1000 | ip=192.168.69.87 | op=SEND_HEARTBEAT {datanodeUUID=44638b28-be06-4149-9a11-87ab58c8e022, command=[]} | ret=SUCCESS |  
2019-08-29 09:43:05,369 | INFO  | SCMAudit | user=jenkins1000 | ip=192.168.69.87 | op=SEND_HEARTBEAT {datanodeUUID=c6f9d398-2eae-4a63-879f-a1d1bc55d1b3, command=[]} | ret=SUCCESS |  
2019-08-29 09:43:05,796 | INFO  | SCMAudit | user=jenkins1000 | ip=192.168.69.87 | op=SEND_HEARTBEAT {datanodeUUID=c8986603-afcd-4cf8-afcf-c6b45c0b43cc, command=[]} | ret=SUCCESS |  
2019-08-29 09:43:05,819 | INFO  | SCMAudit | user=jenkins1000 | ip=192.168.69.87 | op=SEND_HEARTBEAT {datanodeUUID=31202bf3-e3ef-401b-98b9-369e6d4f3507, command=[]} | ret=SUCCESS |  
2019-08-29 09:43:06,185 | INFO  | SCMAudit | user=jenkins1000 | ip=192.168.69.87 | op=SEND_HEARTBEAT {datanodeUUID=44638b28-be06-4149-9a11-87ab58c8e022, command=[]} | ret=SUCCESS |  
2019-08-29 09:43:06,361 [main] INFO  ozoneimpl.OzoneContainer (OzoneContainer.java:stop(215)) - Attempting to stop container services.
2019-08-29 09:43:06,362 [main] INFO  impl.RaftServerProxy (RaftServerProxy.java:lambda$close$4(314)) - 129cf440-9aa6-4f56-b440-e84d0b76b9e5: close
2019-08-29 09:43:06,362 [main] INFO  impl.RaftServerImpl (RaftServerImpl.java:lambda$shutdown$3(245)) - 129cf440-9aa6-4f56-b440-e84d0b76b9e5: shutdown group-F405A42019E2
2019-08-29 09:43:06,363 [main] INFO  util.JmxRegister (JmxRegister.java:unregister(73)) - Successfully un-registered JMX Bean with object name Ratis:service=RaftServer,group=group-F405A42019E2,id=129cf440-9aa6-4f56-b440-e84d0b76b9e5
2019-08-29 09:43:06,363 [main] INFO  impl.RoleInfo (RoleInfo.java:shutdownLeaderState(104)) - 129cf440-9aa6-4f56-b440-e84d0b76b9e5: shutdown LeaderState
2019-08-29 09:43:06,363 [main] INFO  impl.PendingRequests (PendingRequests.java:sendNotLeaderResponses(202)) - 129cf440-9aa6-4f56-b440-e84d0b76b9e5-PendingRequests: sendNotLeaderResponses
2019-08-29 09:43:06,363 [main] INFO  impl.StateMachineUpdater (StateMachineUpdater.java:stopAndJoin(115)) - StateMachineUpdater:129cf440-9aa6-4f56-b440-e84d0b76b9e5:group-F405A42019E2: set stopIndex = 0
2019-08-29 09:43:06,364 [main] INFO  impl.RaftServerImpl (ServerState.java:close(394)) - 129cf440-9aa6-4f56-b440-e84d0b76b9e5:group-F405A42019E2 closes. The last applied log index is 0
2019-08-29 09:43:06,365 [129cf440-9aa6-4f56-b440-e84d0b76b9e5-SegmentedRaftLogWorker:Storage Directory /workdir/hadoop-ozone/integration-test/target/test-dir/MiniOzoneClusterImpl-8d4b26b1-34eb-45e8-b83f-edf1f00bc316/datanode-3/data/ratis/70aec9db-4698-4652-b29a-f405a42019e2] INFO  segmented.SegmentedRaftLogWorker (SegmentedRaftLogWorker.java:run(313)) - 129cf440-9aa6-4f56-b440-e84d0b76b9e5-SegmentedRaftLogWorker:Storage Directory /workdir/hadoop-ozone/integration-test/target/test-dir/MiniOzoneClusterImpl-8d4b26b1-34eb-45e8-b83f-edf1f00bc316/datanode-3/data/ratis/70aec9db-4698-4652-b29a-f405a42019e2 was interrupted, exiting. There are 0 tasks remaining in the queue.
2019-08-29 09:43:06,366 [main] INFO  segmented.SegmentedRaftLogWorker (SegmentedRaftLogWorker.java:close(228)) - 129cf440-9aa6-4f56-b440-e84d0b76b9e5-SegmentedRaftLogWorker:Storage Directory /workdir/hadoop-ozone/integration-test/target/test-dir/MiniOzoneClusterImpl-8d4b26b1-34eb-45e8-b83f-edf1f00bc316/datanode-3/data/ratis/70aec9db-4698-4652-b29a-f405a42019e2 close()
2019-08-29 09:43:06,367 [ForkJoinPool.commonPool-worker-1] INFO  ozoneimpl.OzoneContainer (OzoneContainer.java:stop(215)) - Attempting to stop container services.
2019-08-29 09:43:06,366 [Datanode State Machine Thread - 0] INFO  statemachine.DatanodeStateMachine (DatanodeStateMachine.java:lambda$startDaemon$0(350)) - Ozone container server started.
2019-08-29 09:43:06,375 [ForkJoinPool.commonPool-worker-1] INFO  impl.RaftServerProxy (RaftServerProxy.java:lambda$close$4(314)) - c6f9d398-2eae-4a63-879f-a1d1bc55d1b3: close
2019-08-29 09:43:06,374 [main] INFO  impl.RaftServerImpl (RaftServerImpl.java:lambda$shutdown$3(245)) - 129cf440-9aa6-4f56-b440-e84d0b76b9e5: shutdown group-7FC7981111D6
2019-08-29 09:43:06,375 [ForkJoinPool.commonPool-worker-1] INFO  impl.RaftServerImpl (RaftServerImpl.java:lambda$shutdown$3(245)) - c6f9d398-2eae-4a63-879f-a1d1bc55d1b3: shutdown group-42F22E341F84
2019-08-29 09:43:06,375 [main] INFO  util.JmxRegister (JmxRegister.java:unregister(73)) - Successfully un-registered JMX Bean with object name Ratis:service=RaftServer,group=group-7FC7981111D6,id=129cf440-9aa6-4f56-b440-e84d0b76b9e5
2019-08-29 09:43:06,376 [main] INFO  impl.RoleInfo (RoleInfo.java:shutdownFollowerState(121)) - 129cf440-9aa6-4f56-b440-e84d0b76b9e5: shutdown FollowerState
2019-08-29 09:43:06,376 [main] INFO  impl.StateMachineUpdater (StateMachineUpdater.java:stopAndJoin(115)) - StateMachineUpdater:129cf440-9aa6-4f56-b440-e84d0b76b9e5:group-7FC7981111D6: set stopIndex = 8
2019-08-29 09:43:06,375 [ForkJoinPool.commonPool-worker-1] INFO  util.JmxRegister (JmxRegister.java:unregister(73)) - Successfully un-registered JMX Bean with object name Ratis:service=RaftServer,group=group-42F22E341F84,id=c6f9d398-2eae-4a63-879f-a1d1bc55d1b3
2019-08-29 09:43:06,376 [StateMachineUpdater:129cf440-9aa6-4f56-b440-e84d0b76b9e5:group-7FC7981111D6] INFO  ratis.ContainerStateMachine (ContainerStateMachine.java:takeSnapshot(284)) - group-7FC7981111D6: Taking a snapshot at:(t:2, i:6) file /workdir/hadoop-ozone/integration-test/target/test-dir/MiniOzoneClusterImpl-8d4b26b1-34eb-45e8-b83f-edf1f00bc316/datanode-3/data/ratis/c64043b4-2a5c-471c-abac-7fc7981111d6/sm/snapshot.2_6
2019-08-29 09:43:06,376 [Thread-866] INFO  impl.FollowerState (FollowerState.java:run(114)) - 129cf440-9aa6-4f56-b440-e84d0b76b9e5: FollowerState was interrupted: java.lang.InterruptedException: sleep interrupted
2019-08-29 09:43:06,377 [ForkJoinPool.commonPool-worker-1] INFO  impl.RoleInfo (RoleInfo.java:shutdownFollowerState(121)) - c6f9d398-2eae-4a63-879f-a1d1bc55d1b3: shutdown FollowerState
2019-08-29 09:43:06,379 [ForkJoinPool.commonPool-worker-1] INFO  impl.StateMachineUpdater (StateMachineUpdater.java:stopAndJoin(115)) - StateMachineUpdater:c6f9d398-2eae-4a63-879f-a1d1bc55d1b3:group-42F22E341F84: set stopIndex = 0
2019-08-29 09:43:06,379 [Thread-808] INFO  impl.FollowerState (FollowerState.java:run(114)) - c6f9d398-2eae-4a63-879f-a1d1bc55d1b3: FollowerState was interrupted: java.lang.InterruptedException: sleep interrupted
2019-08-29 09:43:06,379 [ForkJoinPool.commonPool-worker-1] INFO  impl.RaftServerImpl (ServerState.java:close(394)) - c6f9d398-2eae-4a63-879f-a1d1bc55d1b3:group-42F22E341F84 closes. The last applied log index is 0
2019-08-29 09:43:06,381 [c6f9d398-2eae-4a63-879f-a1d1bc55d1b3-SegmentedRaftLogWorker:Storage Directory /workdir/hadoop-ozone/integration-test/target/test-dir/MiniOzoneClusterImpl-8d4b26b1-34eb-45e8-b83f-edf1f00bc316/datanode-2/data/ratis/3065c512-b51a-4cdc-990b-42f22e341f84] INFO  segmented.SegmentedRaftLogWorker (SegmentedRaftLogWorker.java:run(313)) - c6f9d398-2eae-4a63-879f-a1d1bc55d1b3-SegmentedRaftLogWorker:Storage Directory /workdir/hadoop-ozone/integration-test/target/test-dir/MiniOzoneClusterImpl-8d4b26b1-34eb-45e8-b83f-edf1f00bc316/datanode-2/data/ratis/3065c512-b51a-4cdc-990b-42f22e341f84 was interrupted, exiting. There are 0 tasks remaining in the queue.
2019-08-29 09:43:06,401 [ForkJoinPool.commonPool-worker-1] INFO  segmented.SegmentedRaftLogWorker (SegmentedRaftLogWorker.java:close(228)) - c6f9d398-2eae-4a63-879f-a1d1bc55d1b3-SegmentedRaftLogWorker:Storage Directory /workdir/hadoop-ozone/integration-test/target/test-dir/MiniOzoneClusterImpl-8d4b26b1-34eb-45e8-b83f-edf1f00bc316/datanode-2/data/ratis/3065c512-b51a-4cdc-990b-42f22e341f84 close()
2019-08-29 09:43:06,403 [StateMachineUpdater:129cf440-9aa6-4f56-b440-e84d0b76b9e5:group-7FC7981111D6] INFO  ratis.ContainerStateMachine (ContainerStateMachine.java:takeSnapshot(295)) - group-7FC7981111D6: Finished taking a snapshot at:(t:2, i:6) file:/workdir/hadoop-ozone/integration-test/target/test-dir/MiniOzoneClusterImpl-8d4b26b1-34eb-45e8-b83f-edf1f00bc316/datanode-3/data/ratis/c64043b4-2a5c-471c-abac-7fc7981111d6/sm/snapshot.2_6 time:26
2019-08-29 09:43:06,403 [ForkJoinPool.commonPool-worker-1] INFO  impl.RaftServerImpl (RaftServerImpl.java:lambda$shutdown$3(245)) - c6f9d398-2eae-4a63-879f-a1d1bc55d1b3: shutdown group-3E314FC7B474
2019-08-29 09:43:06,403 [StateMachineUpdater:129cf440-9aa6-4f56-b440-e84d0b76b9e5:group-7FC7981111D6] INFO  impl.StateMachineUpdater (StateMachineUpdater.java:takeSnapshot(242)) - StateMachineUpdater:129cf440-9aa6-4f56-b440-e84d0b76b9e5:group-7FC7981111D6: Took a snapshot at index 6
2019-08-29 09:43:06,403 [ForkJoinPool.commonPool-worker-1] INFO  util.JmxRegister (JmxRegister.java:unregister(73)) - Successfully un-registered JMX Bean with object name Ratis:service=RaftServer,group=group-3E314FC7B474,id=c6f9d398-2eae-4a63-879f-a1d1bc55d1b3
2019-08-29 09:43:06,403 [StateMachineUpdater:129cf440-9aa6-4f56-b440-e84d0b76b9e5:group-7FC7981111D6] INFO  impl.StateMachineUpdater (StateMachineUpdater.java:lambda$new$0(80)) - StateMachineUpdater:129cf440-9aa6-4f56-b440-e84d0b76b9e5:group-7FC7981111D6: snapshotIndex: updateIncreasingly -1 -> 6
2019-08-29 09:43:06,403 [ForkJoinPool.commonPool-worker-1] INFO  impl.RoleInfo (RoleInfo.java:shutdownLeaderState(104)) - c6f9d398-2eae-4a63-879f-a1d1bc55d1b3: shutdown LeaderState
2019-08-29 09:43:06,404 [ForkJoinPool.commonPool-worker-1] INFO  impl.PendingRequests (PendingRequests.java:sendNotLeaderResponses(202)) - c6f9d398-2eae-4a63-879f-a1d1bc55d1b3-PendingRequests: sendNotLeaderResponses
2019-08-29 09:43:06,404 [main] INFO  impl.RaftServerImpl (ServerState.java:close(394)) - 129cf440-9aa6-4f56-b440-e84d0b76b9e5:group-7FC7981111D6 closes. The last applied log index is 8
2019-08-29 09:43:06,404 [ForkJoinPool.commonPool-worker-1] INFO  impl.StateMachineUpdater (StateMachineUpdater.java:stopAndJoin(115)) - StateMachineUpdater:c6f9d398-2eae-4a63-879f-a1d1bc55d1b3:group-3E314FC7B474: set stopIndex = 0
2019-08-29 09:43:06,404 [129cf440-9aa6-4f56-b440-e84d0b76b9e5-SegmentedRaftLogWorker:Storage Directory /workdir/hadoop-ozone/integration-test/target/test-dir/MiniOzoneClusterImpl-8d4b26b1-34eb-45e8-b83f-edf1f00bc316/datanode-3/data/ratis/c64043b4-2a5c-471c-abac-7fc7981111d6] INFO  segmented.SegmentedRaftLogWorker (SegmentedRaftLogWorker.java:run(313)) - 129cf440-9aa6-4f56-b440-e84d0b76b9e5-SegmentedRaftLogWorker:Storage Directory /workdir/hadoop-ozone/integration-test/target/test-dir/MiniOzoneClusterImpl-8d4b26b1-34eb-45e8-b83f-edf1f00bc316/datanode-3/data/ratis/c64043b4-2a5c-471c-abac-7fc7981111d6 was interrupted, exiting. There are 0 tasks remaining in the queue.
2019-08-29 09:43:06,405 [ForkJoinPool.commonPool-worker-1] INFO  impl.RaftServerImpl (ServerState.java:close(394)) - c6f9d398-2eae-4a63-879f-a1d1bc55d1b3:group-3E314FC7B474 closes. The last applied log index is 0
2019-08-29 09:43:06,406 [main] INFO  segmented.SegmentedRaftLogWorker (SegmentedRaftLogWorker.java:close(228)) - 129cf440-9aa6-4f56-b440-e84d0b76b9e5-SegmentedRaftLogWorker:Storage Directory /workdir/hadoop-ozone/integration-test/target/test-dir/MiniOzoneClusterImpl-8d4b26b1-34eb-45e8-b83f-edf1f00bc316/datanode-3/data/ratis/c64043b4-2a5c-471c-abac-7fc7981111d6 close()
2019-08-29 09:43:06,406 [c6f9d398-2eae-4a63-879f-a1d1bc55d1b3-SegmentedRaftLogWorker:Storage Directory /workdir/hadoop-ozone/integration-test/target/test-dir/MiniOzoneClusterImpl-8d4b26b1-34eb-45e8-b83f-edf1f00bc316/datanode-2/data/ratis/443e555e-0492-4289-9882-3e314fc7b474] INFO  segmented.SegmentedRaftLogWorker (SegmentedRaftLogWorker.java:run(313)) - c6f9d398-2eae-4a63-879f-a1d1bc55d1b3-SegmentedRaftLogWorker:Storage Directory /workdir/hadoop-ozone/integration-test/target/test-dir/MiniOzoneClusterImpl-8d4b26b1-34eb-45e8-b83f-edf1f00bc316/datanode-2/data/ratis/443e555e-0492-4289-9882-3e314fc7b474 was interrupted, exiting. There are 0 tasks remaining in the queue.
2019-08-29 09:43:06,408 [main] INFO  server.GrpcService (GrpcService.java:closeImpl(155)) - 129cf440-9aa6-4f56-b440-e84d0b76b9e5: shutdown server with port 40781 now
2019-08-29 09:43:06,412 [ForkJoinPool.commonPool-worker-1] INFO  segmented.SegmentedRaftLogWorker (SegmentedRaftLogWorker.java:close(228)) - c6f9d398-2eae-4a63-879f-a1d1bc55d1b3-SegmentedRaftLogWorker:Storage Directory /workdir/hadoop-ozone/integration-test/target/test-dir/MiniOzoneClusterImpl-8d4b26b1-34eb-45e8-b83f-edf1f00bc316/datanode-2/data/ratis/443e555e-0492-4289-9882-3e314fc7b474 close()
2019-08-29 09:43:06,416 [ForkJoinPool.commonPool-worker-1] INFO  server.GrpcService (GrpcService.java:closeImpl(155)) - c6f9d398-2eae-4a63-879f-a1d1bc55d1b3: shutdown server with port 43466 now
2019-08-29 09:43:06,416 [grpc-default-executor-7] WARN  server.GrpcServerProtocolService (LogUtils.java:warn(134)) - 129cf440-9aa6-4f56-b440-e84d0b76b9e5: appendEntries onError: org.apache.ratis.thirdparty.io.grpc.StatusRuntimeException: CANCELLED: cancelled before receiving half close
2019-08-29 09:43:06,416 [ForkJoinPool.commonPool-worker-1] INFO  server.GrpcService (GrpcService.java:closeImpl(163)) - c6f9d398-2eae-4a63-879f-a1d1bc55d1b3: shutdown server with port 43466 successfully
2019-08-29 09:43:06,416 [main] INFO  server.GrpcService (GrpcService.java:closeImpl(163)) - 129cf440-9aa6-4f56-b440-e84d0b76b9e5: shutdown server with port 40781 successfully
2019-08-29 09:43:06,418 [grpc-default-executor-8] WARN  server.GrpcLogAppender (LogUtils.java:warn(134)) - c8986603-afcd-4cf8-afcf-c6b45c0b43cc->129cf440-9aa6-4f56-b440-e84d0b76b9e5: Failed appendEntries: org.apache.ratis.thirdparty.io.grpc.StatusRuntimeException: CANCELLED: HTTP/2 error code: CANCEL
Received Rst Stream
2019-08-29 09:43:06,419 [refreshUsed-/workdir/hadoop-ozone/integration-test/target/test-dir/MiniOzoneClusterImpl-8d4b26b1-34eb-45e8-b83f-edf1f00bc316/datanode-2/data/containers] WARN  fs.CachingGetSpaceUsed (CachingGetSpaceUsed.java:run(183)) - Thread Interrupted waiting to refresh disk information: sleep interrupted
2019-08-29 09:43:06,419 [grpc-default-executor-8] INFO  impl.FollowerInfo (FollowerInfo.java:lambda$new$0(50)) - c8986603-afcd-4cf8-afcf-c6b45c0b43cc->129cf440-9aa6-4f56-b440-e84d0b76b9e5: nextIndex: updateUnconditionally 9 -> 8
2019-08-29 09:43:06,420 [refreshUsed-/workdir/hadoop-ozone/integration-test/target/test-dir/MiniOzoneClusterImpl-8d4b26b1-34eb-45e8-b83f-edf1f00bc316/datanode-3/data/containers] WARN  fs.CachingGetSpaceUsed (CachingGetSpaceUsed.java:run(183)) - Thread Interrupted waiting to refresh disk information: sleep interrupted
2019-08-29 09:43:06,436 [ForkJoinPool.commonPool-worker-1] INFO  utils.BackgroundService (BackgroundService.java:shutdown(148)) - Shutting down service BlockDeletingService
2019-08-29 09:43:06,440 [ForkJoinPool.commonPool-worker-1] INFO  statemachine.DatanodeStateMachine (DatanodeStateMachine.java:stopDaemon(395)) - Ozone container server stopped.
2019-08-29 09:43:06,444 [main] INFO  utils.BackgroundService (BackgroundService.java:shutdown(148)) - Shutting down service BlockDeletingService
2019-08-29 09:43:06,444 [ForkJoinPool.commonPool-worker-1] INFO  handler.ContextHandler (ContextHandler.java:doStop(910)) - Stopped o.e.j.w.WebAppContext@3135bf25{/,null,UNAVAILABLE}{/hddsDatanode}
2019-08-29 09:43:06,445 [ForkJoinPool.commonPool-worker-1] INFO  server.AbstractConnector (AbstractConnector.java:doStop(318)) - Stopped ServerConnector@22ad1bae{HTTP/1.1,[http/1.1]}{0.0.0.0:0}
2019-08-29 09:43:06,448 [ForkJoinPool.commonPool-worker-1] INFO  handler.ContextHandler (ContextHandler.java:doStop(910)) - Stopped o.e.j.s.ServletContextHandler@3b332962{/static,jar:file:/home/user/.m2/repository/org/apache/hadoop/hadoop-hdds-container-service/0.5.0-SNAPSHOT/hadoop-hdds-container-service-0.5.0-SNAPSHOT.jar!/webapps/static,UNAVAILABLE}
2019-08-29 09:43:06,449 [main] INFO  statemachine.DatanodeStateMachine (DatanodeStateMachine.java:stopDaemon(395)) - Ozone container server stopped.
2019-08-29 09:43:06,450 [ForkJoinPool.commonPool-worker-1] INFO  handler.ContextHandler (ContextHandler.java:doStop(910)) - Stopped o.e.j.s.ServletContextHandler@3e28fee1{/logs,file:///workdir/hadoop-ozone/integration-test/target/log,UNAVAILABLE}
2019-08-29 09:43:06,451 [main] INFO  handler.ContextHandler (ContextHandler.java:doStop(910)) - Stopped o.e.j.w.WebAppContext@4cfa83f9{/,null,UNAVAILABLE}{/hddsDatanode}
2019-08-29 09:43:06,452 [main] INFO  server.AbstractConnector (AbstractConnector.java:doStop(318)) - Stopped ServerConnector@321ca237{HTTP/1.1,[http/1.1]}{0.0.0.0:0}
2019-08-29 09:43:06,452 [main] INFO  handler.ContextHandler (ContextHandler.java:doStop(910)) - Stopped o.e.j.s.ServletContextHandler@580fd26b{/static,jar:file:/home/user/.m2/repository/org/apache/hadoop/hadoop-hdds-container-service/0.5.0-SNAPSHOT/hadoop-hdds-container-service-0.5.0-SNAPSHOT.jar!/webapps/static,UNAVAILABLE}
2019-08-29 09:43:06,453 [main] INFO  handler.ContextHandler (ContextHandler.java:doStop(910)) - Stopped o.e.j.s.ServletContextHandler@62f11ebb{/logs,file:///workdir/hadoop-ozone/integration-test/target/log,UNAVAILABLE}
2019-08-29 09:43:06,610 [grpc-default-executor-7] WARN  server.GrpcLogAppender (LogUtils.java:warn(134)) - c8986603-afcd-4cf8-afcf-c6b45c0b43cc->129cf440-9aa6-4f56-b440-e84d0b76b9e5: Failed appendEntries: org.apache.ratis.thirdparty.io.grpc.StatusRuntimeException: UNAVAILABLE: io exception
2019-08-29 09:43:06,614 [grpc-default-executor-7] INFO  impl.FollowerInfo (FollowerInfo.java:lambda$new$0(50)) - c8986603-afcd-4cf8-afcf-c6b45c0b43cc->129cf440-9aa6-4f56-b440-e84d0b76b9e5: nextIndex: updateUnconditionally 8 -> 7
2019-08-29 09:43:06,795 | INFO  | SCMAudit | user=jenkins1000 | ip=192.168.69.87 | op=SEND_HEARTBEAT {datanodeUUID=c8986603-afcd-4cf8-afcf-c6b45c0b43cc, command=[]} | ret=SUCCESS |  
2019-08-29 09:43:06,819 [Datanode State Machine Thread - 0] INFO  statemachine.DatanodeStateMachine (DatanodeStateMachine.java:lambda$startDaemon$0(350)) - Ozone container server started.
2019-08-29 09:43:07,185 [Datanode State Machine Thread - 0] INFO  statemachine.DatanodeStateMachine (DatanodeStateMachine.java:lambda$startDaemon$0(350)) - Ozone container server started.
2019-08-29 09:43:07,795 | INFO  | SCMAudit | user=jenkins1000 | ip=192.168.69.87 | op=SEND_HEARTBEAT {datanodeUUID=c8986603-afcd-4cf8-afcf-c6b45c0b43cc, command=[]} | ret=SUCCESS |  
2019-08-29 09:43:08,101 [Thread-809] INFO  impl.FollowerState (FollowerState.java:run(106)) - 44638b28-be06-4149-9a11-87ab58c8e022:group-42F22E341F84 changes to CANDIDATE, lastRpcTime:8505, electionTimeout:5158ms
2019-08-29 09:43:08,101 [Thread-809] INFO  impl.RoleInfo (RoleInfo.java:shutdownFollowerState(121)) - 44638b28-be06-4149-9a11-87ab58c8e022: shutdown FollowerState
2019-08-29 09:43:08,101 [Thread-809] INFO  impl.RaftServerImpl (RaftServerImpl.java:setRole(171)) - 44638b28-be06-4149-9a11-87ab58c8e022:group-42F22E341F84 changes role from FOLLOWER to CANDIDATE at term 1 for changeToCandidate
2019-08-29 09:43:08,101 [Thread-809] INFO  impl.RoleInfo (RoleInfo.java:updateAndGet(143)) - 44638b28-be06-4149-9a11-87ab58c8e022: start LeaderElection
2019-08-29 09:43:08,107 [44638b28-be06-4149-9a11-87ab58c8e022:group-42F22E341F84:LeaderElection31] INFO  impl.RaftServerImpl (ServerState.java:setLeader(263)) - 44638b28-be06-4149-9a11-87ab58c8e022:group-42F22E341F84 change Leader from 73941da8-7b3a-43e7-8aff-0a9367598152 to null at term 1 for initElection
2019-08-29 09:43:08,138 [44638b28-be06-4149-9a11-87ab58c8e022:group-42F22E341F84:LeaderElection31] INFO  impl.LeaderElection (LeaderElection.java:askForVotes(181)) - 44638b28-be06-4149-9a11-87ab58c8e022:group-42F22E341F84:LeaderElection31: begin an election at term 2 for 0: [73941da8-7b3a-43e7-8aff-0a9367598152:192.168.69.87:35513, c6f9d398-2eae-4a63-879f-a1d1bc55d1b3:192.168.69.87:43466, 44638b28-be06-4149-9a11-87ab58c8e022:192.168.69.87:35910], old=null
2019-08-29 09:43:08,145 [44638b28-be06-4149-9a11-87ab58c8e022:group-42F22E341F84:LeaderElection31] INFO  impl.LeaderElection (LogUtils.java:infoOrTrace(149)) - 44638b28-be06-4149-9a11-87ab58c8e022:group-42F22E341F84:LeaderElection31 got exception when requesting votes: {}
java.util.concurrent.ExecutionException: org.apache.ratis.thirdparty.io.grpc.StatusRuntimeException: UNAVAILABLE: io exception
	at java.util.concurrent.FutureTask.report(FutureTask.java:122)
	at java.util.concurrent.FutureTask.get(FutureTask.java:192)
	at org.apache.ratis.server.impl.LeaderElection.waitForResults(LeaderElection.java:262)
	at org.apache.ratis.server.impl.LeaderElection.askForVotes(LeaderElection.java:200)
	at org.apache.ratis.server.impl.LeaderElection.run(LeaderElection.java:130)
	at java.lang.Thread.run(Thread.java:748)
Caused by: org.apache.ratis.thirdparty.io.grpc.StatusRuntimeException: UNAVAILABLE: io exception
	at org.apache.ratis.thirdparty.io.grpc.stub.ClientCalls.toStatusRuntimeException(ClientCalls.java:233)
	at org.apache.ratis.thirdparty.io.grpc.stub.ClientCalls.getUnchecked(ClientCalls.java:214)
	at org.apache.ratis.thirdparty.io.grpc.stub.ClientCalls.blockingUnaryCall(ClientCalls.java:139)
	at org.apache.ratis.proto.grpc.RaftServerProtocolServiceGrpc$RaftServerProtocolServiceBlockingStub.requestVote(RaftServerProtocolServiceGrpc.java:265)
	at org.apache.ratis.grpc.server.GrpcServerProtocolClient.requestVote(GrpcServerProtocolClient.java:83)
	at org.apache.ratis.grpc.server.GrpcService.requestVote(GrpcService.java:195)
	at org.apache.ratis.server.impl.LeaderElection.lambda$submitRequests$1(LeaderElection.java:237)
	at java.util.concurrent.FutureTask.run(FutureTask.java:266)
	at java.util.concurrent.Executors$RunnableAdapter.call(Executors.java:511)
	at java.util.concurrent.FutureTask.run(FutureTask.java:266)
	at java.util.concurrent.ThreadPoolExecutor.runWorker(ThreadPoolExecutor.java:1149)
	at java.util.concurrent.ThreadPoolExecutor$Worker.run(ThreadPoolExecutor.java:624)
	... 1 more
Caused by: org.apache.ratis.thirdparty.io.netty.channel.AbstractChannel$AnnotatedConnectException: Connection refused: /192.168.69.87:35513
	at sun.nio.ch.SocketChannelImpl.checkConnect(Native Method)
	at sun.nio.ch.SocketChannelImpl.finishConnect(SocketChannelImpl.java:717)
	at org.apache.ratis.thirdparty.io.netty.channel.socket.nio.NioSocketChannel.doFinishConnect(NioSocketChannel.java:327)
	at org.apache.ratis.thirdparty.io.netty.channel.nio.AbstractNioChannel$AbstractNioUnsafe.finishConnect(AbstractNioChannel.java:340)
	at org.apache.ratis.thirdparty.io.netty.channel.nio.NioEventLoop.processSelectedKey(NioEventLoop.java:632)
	at org.apache.ratis.thirdparty.io.netty.channel.nio.NioEventLoop.processSelectedKeysOptimized(NioEventLoop.java:579)
	at org.apache.ratis.thirdparty.io.netty.channel.nio.NioEventLoop.processSelectedKeys(NioEventLoop.java:496)
	at org.apache.ratis.thirdparty.io.netty.channel.nio.NioEventLoop.run(NioEventLoop.java:458)
	at org.apache.ratis.thirdparty.io.netty.util.concurrent.SingleThreadEventExecutor$5.run(SingleThreadEventExecutor.java:897)
	at org.apache.ratis.thirdparty.io.netty.util.concurrent.FastThreadLocalRunnable.run(FastThreadLocalRunnable.java:30)
	... 1 more
Caused by: java.net.ConnectException: Connection refused
	... 11 more
2019-08-29 09:43:08,149 [44638b28-be06-4149-9a11-87ab58c8e022:group-42F22E341F84:LeaderElection31] INFO  impl.LeaderElection (LogUtils.java:infoOrTrace(149)) - 44638b28-be06-4149-9a11-87ab58c8e022:group-42F22E341F84:LeaderElection31 got exception when requesting votes: {}
java.util.concurrent.ExecutionException: org.apache.ratis.thirdparty.io.grpc.StatusRuntimeException: UNAVAILABLE: io exception
	at java.util.concurrent.FutureTask.report(FutureTask.java:122)
	at java.util.concurrent.FutureTask.get(FutureTask.java:192)
	at org.apache.ratis.server.impl.LeaderElection.waitForResults(LeaderElection.java:262)
	at org.apache.ratis.server.impl.LeaderElection.askForVotes(LeaderElection.java:200)
	at org.apache.ratis.server.impl.LeaderElection.run(LeaderElection.java:130)
	at java.lang.Thread.run(Thread.java:748)
Caused by: org.apache.ratis.thirdparty.io.grpc.StatusRuntimeException: UNAVAILABLE: io exception
	at org.apache.ratis.thirdparty.io.grpc.stub.ClientCalls.toStatusRuntimeException(ClientCalls.java:233)
	at org.apache.ratis.thirdparty.io.grpc.stub.ClientCalls.getUnchecked(ClientCalls.java:214)
	at org.apache.ratis.thirdparty.io.grpc.stub.ClientCalls.blockingUnaryCall(ClientCalls.java:139)
	at org.apache.ratis.proto.grpc.RaftServerProtocolServiceGrpc$RaftServerProtocolServiceBlockingStub.requestVote(RaftServerProtocolServiceGrpc.java:265)
	at org.apache.ratis.grpc.server.GrpcServerProtocolClient.requestVote(GrpcServerProtocolClient.java:83)
	at org.apache.ratis.grpc.server.GrpcService.requestVote(GrpcService.java:195)
	at org.apache.ratis.server.impl.LeaderElection.lambda$submitRequests$1(LeaderElection.java:237)
	at java.util.concurrent.FutureTask.run(FutureTask.java:266)
	at java.util.concurrent.Executors$RunnableAdapter.call(Executors.java:511)
	at java.util.concurrent.FutureTask.run(FutureTask.java:266)
	at java.util.concurrent.ThreadPoolExecutor.runWorker(ThreadPoolExecutor.java:1149)
	at java.util.concurrent.ThreadPoolExecutor$Worker.run(ThreadPoolExecutor.java:624)
	... 1 more
Caused by: org.apache.ratis.thirdparty.io.netty.channel.AbstractChannel$AnnotatedConnectException: Connection refused: /192.168.69.87:43466
	at sun.nio.ch.SocketChannelImpl.checkConnect(Native Method)
	at sun.nio.ch.SocketChannelImpl.finishConnect(SocketChannelImpl.java:717)
	at org.apache.ratis.thirdparty.io.netty.channel.socket.nio.NioSocketChannel.doFinishConnect(NioSocketChannel.java:327)
	at org.apache.ratis.thirdparty.io.netty.channel.nio.AbstractNioChannel$AbstractNioUnsafe.finishConnect(AbstractNioChannel.java:340)
	at org.apache.ratis.thirdparty.io.netty.channel.nio.NioEventLoop.processSelectedKey(NioEventLoop.java:632)
	at org.apache.ratis.thirdparty.io.netty.channel.nio.NioEventLoop.processSelectedKeysOptimized(NioEventLoop.java:579)
	at org.apache.ratis.thirdparty.io.netty.channel.nio.NioEventLoop.processSelectedKeys(NioEventLoop.java:496)
	at org.apache.ratis.thirdparty.io.netty.channel.nio.NioEventLoop.run(NioEventLoop.java:458)
	at org.apache.ratis.thirdparty.io.netty.util.concurrent.SingleThreadEventExecutor$5.run(SingleThreadEventExecutor.java:897)
	at org.apache.ratis.thirdparty.io.netty.util.concurrent.FastThreadLocalRunnable.run(FastThreadLocalRunnable.java:30)
	... 1 more
Caused by: java.net.ConnectException: Connection refused
	... 11 more
2019-08-29 09:43:08,151 [44638b28-be06-4149-9a11-87ab58c8e022:group-42F22E341F84:LeaderElection31] INFO  impl.LeaderElection (LeaderElection.java:logAndReturn(56)) - 44638b28-be06-4149-9a11-87ab58c8e022:group-42F22E341F84:LeaderElection31: Election REJECTED; received 0 response(s) [] and 2 exception(s); 44638b28-be06-4149-9a11-87ab58c8e022:t2, leader=null, voted=44638b28-be06-4149-9a11-87ab58c8e022, raftlog=44638b28-be06-4149-9a11-87ab58c8e022-SegmentedRaftLog:OPENED:c0,f0,i0, conf=0: [73941da8-7b3a-43e7-8aff-0a9367598152:192.168.69.87:35513, c6f9d398-2eae-4a63-879f-a1d1bc55d1b3:192.168.69.87:43466, 44638b28-be06-4149-9a11-87ab58c8e022:192.168.69.87:35910], old=null
2019-08-29 09:43:08,152 [44638b28-be06-4149-9a11-87ab58c8e022:group-42F22E341F84:LeaderElection31] INFO  impl.LeaderElection (LogUtils.java:infoOrTrace(149)) -   Exception 0: {}
java.util.concurrent.ExecutionException: org.apache.ratis.thirdparty.io.grpc.StatusRuntimeException: UNAVAILABLE: io exception
	at java.util.concurrent.FutureTask.report(FutureTask.java:122)
	at java.util.concurrent.FutureTask.get(FutureTask.java:192)
	at org.apache.ratis.server.impl.LeaderElection.waitForResults(LeaderElection.java:262)
	at org.apache.ratis.server.impl.LeaderElection.askForVotes(LeaderElection.java:200)
	at org.apache.ratis.server.impl.LeaderElection.run(LeaderElection.java:130)
	at java.lang.Thread.run(Thread.java:748)
Caused by: org.apache.ratis.thirdparty.io.grpc.StatusRuntimeException: UNAVAILABLE: io exception
	at org.apache.ratis.thirdparty.io.grpc.stub.ClientCalls.toStatusRuntimeException(ClientCalls.java:233)
	at org.apache.ratis.thirdparty.io.grpc.stub.ClientCalls.getUnchecked(ClientCalls.java:214)
	at org.apache.ratis.thirdparty.io.grpc.stub.ClientCalls.blockingUnaryCall(ClientCalls.java:139)
	at org.apache.ratis.proto.grpc.RaftServerProtocolServiceGrpc$RaftServerProtocolServiceBlockingStub.requestVote(RaftServerProtocolServiceGrpc.java:265)
	at org.apache.ratis.grpc.server.GrpcServerProtocolClient.requestVote(GrpcServerProtocolClient.java:83)
	at org.apache.ratis.grpc.server.GrpcService.requestVote(GrpcService.java:195)
	at org.apache.ratis.server.impl.LeaderElection.lambda$submitRequests$1(LeaderElection.java:237)
	at java.util.concurrent.FutureTask.run(FutureTask.java:266)
	at java.util.concurrent.Executors$RunnableAdapter.call(Executors.java:511)
	at java.util.concurrent.FutureTask.run(FutureTask.java:266)
	at java.util.concurrent.ThreadPoolExecutor.runWorker(ThreadPoolExecutor.java:1149)
	at java.util.concurrent.ThreadPoolExecutor$Worker.run(ThreadPoolExecutor.java:624)
	... 1 more
Caused by: org.apache.ratis.thirdparty.io.netty.channel.AbstractChannel$AnnotatedConnectException: Connection refused: /192.168.69.87:35513
	at sun.nio.ch.SocketChannelImpl.checkConnect(Native Method)
	at sun.nio.ch.SocketChannelImpl.finishConnect(SocketChannelImpl.java:717)
	at org.apache.ratis.thirdparty.io.netty.channel.socket.nio.NioSocketChannel.doFinishConnect(NioSocketChannel.java:327)
	at org.apache.ratis.thirdparty.io.netty.channel.nio.AbstractNioChannel$AbstractNioUnsafe.finishConnect(AbstractNioChannel.java:340)
	at org.apache.ratis.thirdparty.io.netty.channel.nio.NioEventLoop.processSelectedKey(NioEventLoop.java:632)
	at org.apache.ratis.thirdparty.io.netty.channel.nio.NioEventLoop.processSelectedKeysOptimized(NioEventLoop.java:579)
	at org.apache.ratis.thirdparty.io.netty.channel.nio.NioEventLoop.processSelectedKeys(NioEventLoop.java:496)
	at org.apache.ratis.thirdparty.io.netty.channel.nio.NioEventLoop.run(NioEventLoop.java:458)
	at org.apache.ratis.thirdparty.io.netty.util.concurrent.SingleThreadEventExecutor$5.run(SingleThreadEventExecutor.java:897)
	at org.apache.ratis.thirdparty.io.netty.util.concurrent.FastThreadLocalRunnable.run(FastThreadLocalRunnable.java:30)
	... 1 more
Caused by: java.net.ConnectException: Connection refused
	... 11 more
2019-08-29 09:43:08,152 [44638b28-be06-4149-9a11-87ab58c8e022:group-42F22E341F84:LeaderElection31] INFO  impl.LeaderElection (LogUtils.java:infoOrTrace(149)) -   Exception 1: {}
java.util.concurrent.ExecutionException: org.apache.ratis.thirdparty.io.grpc.StatusRuntimeException: UNAVAILABLE: io exception
	at java.util.concurrent.FutureTask.report(FutureTask.java:122)
	at java.util.concurrent.FutureTask.get(FutureTask.java:192)
	at org.apache.ratis.server.impl.LeaderElection.waitForResults(LeaderElection.java:262)
	at org.apache.ratis.server.impl.LeaderElection.askForVotes(LeaderElection.java:200)
	at org.apache.ratis.server.impl.LeaderElection.run(LeaderElection.java:130)
	at java.lang.Thread.run(Thread.java:748)
Caused by: org.apache.ratis.thirdparty.io.grpc.StatusRuntimeException: UNAVAILABLE: io exception
	at org.apache.ratis.thirdparty.io.grpc.stub.ClientCalls.toStatusRuntimeException(ClientCalls.java:233)
	at org.apache.ratis.thirdparty.io.grpc.stub.ClientCalls.getUnchecked(ClientCalls.java:214)
	at org.apache.ratis.thirdparty.io.grpc.stub.ClientCalls.blockingUnaryCall(ClientCalls.java:139)
	at org.apache.ratis.proto.grpc.RaftServerProtocolServiceGrpc$RaftServerProtocolServiceBlockingStub.requestVote(RaftServerProtocolServiceGrpc.java:265)
	at org.apache.ratis.grpc.server.GrpcServerProtocolClient.requestVote(GrpcServerProtocolClient.java:83)
	at org.apache.ratis.grpc.server.GrpcService.requestVote(GrpcService.java:195)
	at org.apache.ratis.server.impl.LeaderElection.lambda$submitRequests$1(LeaderElection.java:237)
	at java.util.concurrent.FutureTask.run(FutureTask.java:266)
	at java.util.concurrent.Executors$RunnableAdapter.call(Executors.java:511)
	at java.util.concurrent.FutureTask.run(FutureTask.java:266)
	at java.util.concurrent.ThreadPoolExecutor.runWorker(ThreadPoolExecutor.java:1149)
	at java.util.concurrent.ThreadPoolExecutor$Worker.run(ThreadPoolExecutor.java:624)
	... 1 more
Caused by: org.apache.ratis.thirdparty.io.netty.channel.AbstractChannel$AnnotatedConnectException: Connection refused: /192.168.69.87:43466
	at sun.nio.ch.SocketChannelImpl.checkConnect(Native Method)
	at sun.nio.ch.SocketChannelImpl.finishConnect(SocketChannelImpl.java:717)
	at org.apache.ratis.thirdparty.io.netty.channel.socket.nio.NioSocketChannel.doFinishConnect(NioSocketChannel.java:327)
	at org.apache.ratis.thirdparty.io.netty.channel.nio.AbstractNioChannel$AbstractNioUnsafe.finishConnect(AbstractNioChannel.java:340)
	at org.apache.ratis.thirdparty.io.netty.channel.nio.NioEventLoop.processSelectedKey(NioEventLoop.java:632)
	at org.apache.ratis.thirdparty.io.netty.channel.nio.NioEventLoop.processSelectedKeysOptimized(NioEventLoop.java:579)
	at org.apache.ratis.thirdparty.io.netty.channel.nio.NioEventLoop.processSelectedKeys(NioEventLoop.java:496)
	at org.apache.ratis.thirdparty.io.netty.channel.nio.NioEventLoop.run(NioEventLoop.java:458)
	at org.apache.ratis.thirdparty.io.netty.util.concurrent.SingleThreadEventExecutor$5.run(SingleThreadEventExecutor.java:897)
	at org.apache.ratis.thirdparty.io.netty.util.concurrent.FastThreadLocalRunnable.run(FastThreadLocalRunnable.java:30)
	... 1 more
Caused by: java.net.ConnectException: Connection refused
	... 11 more
2019-08-29 09:43:08,153 [44638b28-be06-4149-9a11-87ab58c8e022:group-42F22E341F84:LeaderElection31] INFO  impl.RaftServerImpl (RaftServerImpl.java:setRole(171)) - 44638b28-be06-4149-9a11-87ab58c8e022:group-42F22E341F84 changes role from CANDIDATE to FOLLOWER at term 2 for DISCOVERED_A_NEW_TERM
2019-08-29 09:43:08,153 [44638b28-be06-4149-9a11-87ab58c8e022:group-42F22E341F84:LeaderElection31] INFO  impl.RoleInfo (RoleInfo.java:shutdownLeaderElection(134)) - 44638b28-be06-4149-9a11-87ab58c8e022: shutdown LeaderElection
2019-08-29 09:43:08,153 [44638b28-be06-4149-9a11-87ab58c8e022:group-42F22E341F84:LeaderElection31] INFO  impl.RoleInfo (RoleInfo.java:updateAndGet(143)) - 44638b28-be06-4149-9a11-87ab58c8e022: start FollowerState
2019-08-29 09:43:08,795 | INFO  | SCMAudit | user=jenkins1000 | ip=192.168.69.87 | op=SEND_HEARTBEAT {datanodeUUID=c8986603-afcd-4cf8-afcf-c6b45c0b43cc, command=[]} | ret=SUCCESS |  
2019-08-29 09:43:09,111 [grpc-default-executor-8] WARN  server.GrpcLogAppender (LogUtils.java:warn(134)) - c8986603-afcd-4cf8-afcf-c6b45c0b43cc->129cf440-9aa6-4f56-b440-e84d0b76b9e5: Failed appendEntries: org.apache.ratis.thirdparty.io.grpc.StatusRuntimeException: UNAVAILABLE: io exception
2019-08-29 09:43:09,112 [grpc-default-executor-8] INFO  impl.FollowerInfo (FollowerInfo.java:lambda$new$0(50)) - c8986603-afcd-4cf8-afcf-c6b45c0b43cc->129cf440-9aa6-4f56-b440-e84d0b76b9e5: nextIndex: updateUnconditionally 7 -> 6
2019-08-29 09:43:09,796 | INFO  | SCMAudit | user=jenkins1000 | ip=192.168.69.87 | op=SEND_HEARTBEAT {datanodeUUID=c8986603-afcd-4cf8-afcf-c6b45c0b43cc, command=[]} | ret=SUCCESS |  
2019-08-29 09:43:10,796 | INFO  | SCMAudit | user=jenkins1000 | ip=192.168.69.87 | op=SEND_HEARTBEAT {datanodeUUID=c8986603-afcd-4cf8-afcf-c6b45c0b43cc, command=[]} | ret=SUCCESS |  
2019-08-29 09:43:11,452 [ForkJoinPool.commonPool-worker-1] INFO  ozoneimpl.OzoneContainer (OzoneContainer.java:stop(215)) - Attempting to stop container services.
2019-08-29 09:43:11,452 [ForkJoinPool.commonPool-worker-1] INFO  impl.RaftServerProxy (RaftServerProxy.java:lambda$close$4(314)) - 44638b28-be06-4149-9a11-87ab58c8e022: close
2019-08-29 09:43:11,453 [ForkJoinPool.commonPool-worker-1] INFO  impl.RaftServerImpl (RaftServerImpl.java:lambda$shutdown$3(245)) - 44638b28-be06-4149-9a11-87ab58c8e022: shutdown group-E7121F887599
2019-08-29 09:43:11,453 [ForkJoinPool.commonPool-worker-1] INFO  util.JmxRegister (JmxRegister.java:unregister(73)) - Successfully un-registered JMX Bean with object name Ratis:service=RaftServer,group=group-E7121F887599,id=44638b28-be06-4149-9a11-87ab58c8e022
2019-08-29 09:43:11,453 [ForkJoinPool.commonPool-worker-1] INFO  impl.RoleInfo (RoleInfo.java:shutdownLeaderState(104)) - 44638b28-be06-4149-9a11-87ab58c8e022: shutdown LeaderState
2019-08-29 09:43:11,453 [ForkJoinPool.commonPool-worker-1] INFO  impl.PendingRequests (PendingRequests.java:sendNotLeaderResponses(202)) - 44638b28-be06-4149-9a11-87ab58c8e022-PendingRequests: sendNotLeaderResponses
2019-08-29 09:43:11,454 [ForkJoinPool.commonPool-worker-1] INFO  impl.StateMachineUpdater (StateMachineUpdater.java:stopAndJoin(115)) - StateMachineUpdater:44638b28-be06-4149-9a11-87ab58c8e022:group-E7121F887599: set stopIndex = 0
2019-08-29 09:43:11,454 [main] INFO  ozoneimpl.OzoneContainer (OzoneContainer.java:stop(215)) - Attempting to stop container services.
2019-08-29 09:43:11,454 [ForkJoinPool.commonPool-worker-1] INFO  impl.RaftServerImpl (ServerState.java:close(394)) - 44638b28-be06-4149-9a11-87ab58c8e022:group-E7121F887599 closes. The last applied log index is 0
2019-08-29 09:43:11,455 [main] INFO  impl.RaftServerProxy (RaftServerProxy.java:lambda$close$4(314)) - 31202bf3-e3ef-401b-98b9-369e6d4f3507: close
2019-08-29 09:43:11,455 [44638b28-be06-4149-9a11-87ab58c8e022-SegmentedRaftLogWorker:Storage Directory /workdir/hadoop-ozone/integration-test/target/test-dir/MiniOzoneClusterImpl-8d4b26b1-34eb-45e8-b83f-edf1f00bc316/datanode-0/data/ratis/4fb73182-3f5e-4c93-9f0f-e7121f887599] INFO  segmented.SegmentedRaftLogWorker (SegmentedRaftLogWorker.java:run(313)) - 44638b28-be06-4149-9a11-87ab58c8e022-SegmentedRaftLogWorker:Storage Directory /workdir/hadoop-ozone/integration-test/target/test-dir/MiniOzoneClusterImpl-8d4b26b1-34eb-45e8-b83f-edf1f00bc316/datanode-0/data/ratis/4fb73182-3f5e-4c93-9f0f-e7121f887599 was interrupted, exiting. There are 0 tasks remaining in the queue.
2019-08-29 09:43:11,455 [main] INFO  impl.RaftServerImpl (RaftServerImpl.java:lambda$shutdown$3(245)) - 31202bf3-e3ef-401b-98b9-369e6d4f3507: shutdown group-7FC7981111D6
2019-08-29 09:43:11,457 [ForkJoinPool.commonPool-worker-1] INFO  segmented.SegmentedRaftLogWorker (SegmentedRaftLogWorker.java:close(228)) - 44638b28-be06-4149-9a11-87ab58c8e022-SegmentedRaftLogWorker:Storage Directory /workdir/hadoop-ozone/integration-test/target/test-dir/MiniOzoneClusterImpl-8d4b26b1-34eb-45e8-b83f-edf1f00bc316/datanode-0/data/ratis/4fb73182-3f5e-4c93-9f0f-e7121f887599 close()
2019-08-29 09:43:11,457 [main] INFO  util.JmxRegister (JmxRegister.java:unregister(73)) - Successfully un-registered JMX Bean with object name Ratis:service=RaftServer,group=group-7FC7981111D6,id=31202bf3-e3ef-401b-98b9-369e6d4f3507
2019-08-29 09:43:11,458 [ForkJoinPool.commonPool-worker-1] INFO  impl.RaftServerImpl (RaftServerImpl.java:lambda$shutdown$3(245)) - 44638b28-be06-4149-9a11-87ab58c8e022: shutdown group-42F22E341F84
2019-08-29 09:43:11,458 [main] INFO  impl.RoleInfo (RoleInfo.java:shutdownFollowerState(121)) - 31202bf3-e3ef-401b-98b9-369e6d4f3507: shutdown FollowerState
2019-08-29 09:43:11,459 [ForkJoinPool.commonPool-worker-1] INFO  util.JmxRegister (JmxRegister.java:unregister(73)) - Successfully un-registered JMX Bean with object name Ratis:service=RaftServer,group=group-42F22E341F84,id=44638b28-be06-4149-9a11-87ab58c8e022
2019-08-29 09:43:11,459 [StateMachineUpdater:31202bf3-e3ef-401b-98b9-369e6d4f3507:group-7FC7981111D6] INFO  ratis.ContainerStateMachine (ContainerStateMachine.java:takeSnapshot(284)) - group-7FC7981111D6: Taking a snapshot at:(t:2, i:6) file /workdir/hadoop-ozone/integration-test/target/test-dir/MiniOzoneClusterImpl-8d4b26b1-34eb-45e8-b83f-edf1f00bc316/datanode-6/data/ratis/c64043b4-2a5c-471c-abac-7fc7981111d6/sm/snapshot.2_6
2019-08-29 09:43:11,459 [Thread-869] INFO  impl.FollowerState (FollowerState.java:run(114)) - 31202bf3-e3ef-401b-98b9-369e6d4f3507: FollowerState was interrupted: java.lang.InterruptedException: sleep interrupted
2019-08-29 09:43:11,459 [main] INFO  impl.StateMachineUpdater (StateMachineUpdater.java:stopAndJoin(115)) - StateMachineUpdater:31202bf3-e3ef-401b-98b9-369e6d4f3507:group-7FC7981111D6: set stopIndex = 8
2019-08-29 09:43:11,459 [ForkJoinPool.commonPool-worker-1] INFO  impl.RoleInfo (RoleInfo.java:shutdownFollowerState(121)) - 44638b28-be06-4149-9a11-87ab58c8e022: shutdown FollowerState
2019-08-29 09:43:11,460 [ForkJoinPool.commonPool-worker-1] INFO  impl.StateMachineUpdater (StateMachineUpdater.java:stopAndJoin(115)) - StateMachineUpdater:44638b28-be06-4149-9a11-87ab58c8e022:group-42F22E341F84: set stopIndex = 0
2019-08-29 09:43:11,460 [Thread-1816] INFO  impl.FollowerState (FollowerState.java:run(114)) - 44638b28-be06-4149-9a11-87ab58c8e022: FollowerState was interrupted: java.lang.InterruptedException: sleep interrupted
2019-08-29 09:43:11,461 [ForkJoinPool.commonPool-worker-1] INFO  impl.RaftServerImpl (ServerState.java:close(394)) - 44638b28-be06-4149-9a11-87ab58c8e022:group-42F22E341F84 closes. The last applied log index is 0
2019-08-29 09:43:11,462 [44638b28-be06-4149-9a11-87ab58c8e022-SegmentedRaftLogWorker:Storage Directory /workdir/hadoop-ozone/integration-test/target/test-dir/MiniOzoneClusterImpl-8d4b26b1-34eb-45e8-b83f-edf1f00bc316/datanode-0/data/ratis/3065c512-b51a-4cdc-990b-42f22e341f84] INFO  segmented.SegmentedRaftLogWorker (SegmentedRaftLogWorker.java:run(313)) - 44638b28-be06-4149-9a11-87ab58c8e022-SegmentedRaftLogWorker:Storage Directory /workdir/hadoop-ozone/integration-test/target/test-dir/MiniOzoneClusterImpl-8d4b26b1-34eb-45e8-b83f-edf1f00bc316/datanode-0/data/ratis/3065c512-b51a-4cdc-990b-42f22e341f84 was interrupted, exiting. There are 0 tasks remaining in the queue.
2019-08-29 09:43:11,463 [ForkJoinPool.commonPool-worker-1] INFO  segmented.SegmentedRaftLogWorker (SegmentedRaftLogWorker.java:close(228)) - 44638b28-be06-4149-9a11-87ab58c8e022-SegmentedRaftLogWorker:Storage Directory /workdir/hadoop-ozone/integration-test/target/test-dir/MiniOzoneClusterImpl-8d4b26b1-34eb-45e8-b83f-edf1f00bc316/datanode-0/data/ratis/3065c512-b51a-4cdc-990b-42f22e341f84 close()
2019-08-29 09:43:11,464 [ForkJoinPool.commonPool-worker-1] INFO  server.GrpcService (GrpcService.java:closeImpl(155)) - 44638b28-be06-4149-9a11-87ab58c8e022: shutdown server with port 35910 now
2019-08-29 09:43:11,466 [ForkJoinPool.commonPool-worker-1] INFO  server.GrpcService (GrpcService.java:closeImpl(163)) - 44638b28-be06-4149-9a11-87ab58c8e022: shutdown server with port 35910 successfully
2019-08-29 09:43:11,470 [refreshUsed-/workdir/hadoop-ozone/integration-test/target/test-dir/MiniOzoneClusterImpl-8d4b26b1-34eb-45e8-b83f-edf1f00bc316/datanode-0/data/containers] WARN  fs.CachingGetSpaceUsed (CachingGetSpaceUsed.java:run(183)) - Thread Interrupted waiting to refresh disk information: sleep interrupted
2019-08-29 09:43:11,487 [ForkJoinPool.commonPool-worker-1] INFO  utils.BackgroundService (BackgroundService.java:shutdown(148)) - Shutting down service BlockDeletingService
2019-08-29 09:43:11,491 [ForkJoinPool.commonPool-worker-1] INFO  statemachine.DatanodeStateMachine (DatanodeStateMachine.java:stopDaemon(395)) - Ozone container server stopped.
2019-08-29 09:43:11,495 [ForkJoinPool.commonPool-worker-1] INFO  handler.ContextHandler (ContextHandler.java:doStop(910)) - Stopped o.e.j.w.WebAppContext@12c0c0b3{/,null,UNAVAILABLE}{/hddsDatanode}
2019-08-29 09:43:11,496 [ForkJoinPool.commonPool-worker-1] INFO  server.AbstractConnector (AbstractConnector.java:doStop(318)) - Stopped ServerConnector@5a97b17c{HTTP/1.1,[http/1.1]}{0.0.0.0:0}
2019-08-29 09:43:11,500 [ForkJoinPool.commonPool-worker-1] INFO  handler.ContextHandler (ContextHandler.java:doStop(910)) - Stopped o.e.j.s.ServletContextHandler@27443560{/static,jar:file:/home/user/.m2/repository/org/apache/hadoop/hadoop-hdds-container-service/0.5.0-SNAPSHOT/hadoop-hdds-container-service-0.5.0-SNAPSHOT.jar!/webapps/static,UNAVAILABLE}
2019-08-29 09:43:11,500 [ForkJoinPool.commonPool-worker-1] INFO  handler.ContextHandler (ContextHandler.java:doStop(910)) - Stopped o.e.j.s.ServletContextHandler@5649d11a{/logs,file:///workdir/hadoop-ozone/integration-test/target/log,UNAVAILABLE}
2019-08-29 09:43:11,611 [grpc-default-executor-7] WARN  server.GrpcLogAppender (LogUtils.java:warn(134)) - c8986603-afcd-4cf8-afcf-c6b45c0b43cc->129cf440-9aa6-4f56-b440-e84d0b76b9e5: Failed appendEntries: org.apache.ratis.thirdparty.io.grpc.StatusRuntimeException: UNAVAILABLE: io exception
2019-08-29 09:43:11,613 [grpc-default-executor-7] INFO  impl.FollowerInfo (FollowerInfo.java:lambda$new$0(50)) - c8986603-afcd-4cf8-afcf-c6b45c0b43cc->129cf440-9aa6-4f56-b440-e84d0b76b9e5: nextIndex: updateUnconditionally 6 -> 5
2019-08-29 09:43:11,795 [Datanode State Machine Thread - 0] INFO  statemachine.DatanodeStateMachine (DatanodeStateMachine.java:lambda$startDaemon$0(350)) - Ozone container server started.
2019-08-29 09:43:14,113 [grpc-default-executor-6] WARN  server.GrpcLogAppender (LogUtils.java:warn(134)) - c8986603-afcd-4cf8-afcf-c6b45c0b43cc->129cf440-9aa6-4f56-b440-e84d0b76b9e5: Failed appendEntries: org.apache.ratis.thirdparty.io.grpc.StatusRuntimeException: UNAVAILABLE: io exception
2019-08-29 09:43:14,115 [grpc-default-executor-6] INFO  impl.FollowerInfo (FollowerInfo.java:lambda$new$0(50)) - c8986603-afcd-4cf8-afcf-c6b45c0b43cc->129cf440-9aa6-4f56-b440-e84d0b76b9e5: nextIndex: updateUnconditionally 5 -> 4
2019-08-29 09:43:14,611 [java.util.concurrent.ThreadPoolExecutor$Worker@48c25ac8[State = -1, empty queue]] WARN  server.GrpcLogAppender (GrpcLogAppender.java:timeoutAppendRequest(200)) - GrpcLogAppender(c8986603-afcd-4cf8-afcf-c6b45c0b43cc->31202bf3-e3ef-401b-98b9-369e6d4f3507): appendEntries Timeout, request=c8986603-afcd-4cf8-afcf-c6b45c0b43cc->31202bf3-e3ef-401b-98b9-369e6d4f3507#136-t2, previous=(t:2, i:8), leaderCommit=8, initializing? false, entries: <empty>
2019-08-29 09:43:16,502 [ForkJoinPool.commonPool-worker-1] INFO  ozoneimpl.OzoneContainer (OzoneContainer.java:stop(215)) - Attempting to stop container services.
2019-08-29 09:43:16,503 [ForkJoinPool.commonPool-worker-1] INFO  impl.RaftServerProxy (RaftServerProxy.java:lambda$close$4(314)) - c8986603-afcd-4cf8-afcf-c6b45c0b43cc: close
2019-08-29 09:43:16,503 [ForkJoinPool.commonPool-worker-1] INFO  impl.RaftServerImpl (RaftServerImpl.java:lambda$shutdown$3(245)) - c8986603-afcd-4cf8-afcf-c6b45c0b43cc: shutdown group-7FC7981111D6
2019-08-29 09:43:16,503 [ForkJoinPool.commonPool-worker-1] INFO  util.JmxRegister (JmxRegister.java:unregister(73)) - Successfully un-registered JMX Bean with object name Ratis:service=RaftServer,group=group-7FC7981111D6,id=c8986603-afcd-4cf8-afcf-c6b45c0b43cc
2019-08-29 09:43:16,504 [ForkJoinPool.commonPool-worker-1] INFO  impl.RoleInfo (RoleInfo.java:shutdownLeaderState(104)) - c8986603-afcd-4cf8-afcf-c6b45c0b43cc: shutdown LeaderState
2019-08-29 09:43:16,507 [ForkJoinPool.commonPool-worker-1] INFO  impl.PendingRequests (PendingRequests.java:sendNotLeaderResponses(202)) - c8986603-afcd-4cf8-afcf-c6b45c0b43cc-PendingRequests: sendNotLeaderResponses
2019-08-29 09:43:16,507 [org.apache.ratis.server.impl.LogAppender$AppenderDaemon$$Lambda$493/1592680695@2f4e5179] WARN  server.GrpcLogAppender (GrpcLogAppender.java:mayWait(143)) - GrpcLogAppender(c8986603-afcd-4cf8-afcf-c6b45c0b43cc->31202bf3-e3ef-401b-98b9-369e6d4f3507): Wait interrupted by java.lang.InterruptedException
2019-08-29 09:43:16,507 [org.apache.ratis.server.impl.LogAppender$AppenderDaemon$$Lambda$493/1592680695@6a4cc254] WARN  server.GrpcLogAppender (GrpcLogAppender.java:mayWait(143)) - GrpcLogAppender(c8986603-afcd-4cf8-afcf-c6b45c0b43cc->129cf440-9aa6-4f56-b440-e84d0b76b9e5): Wait interrupted by java.lang.InterruptedException
2019-08-29 09:43:16,511 [grpc-default-executor-6] INFO  server.GrpcServerProtocolService (GrpcServerProtocolService.java:onCompleted(104)) - 31202bf3-e3ef-401b-98b9-369e6d4f3507: appendEntries completed
2019-08-29 09:43:16,511 [ForkJoinPool.commonPool-worker-1] INFO  impl.StateMachineUpdater (StateMachineUpdater.java:stopAndJoin(115)) - StateMachineUpdater:c8986603-afcd-4cf8-afcf-c6b45c0b43cc:group-7FC7981111D6: set stopIndex = 8
2019-08-29 09:43:16,512 [StateMachineUpdater:c8986603-afcd-4cf8-afcf-c6b45c0b43cc:group-7FC7981111D6] INFO  ratis.ContainerStateMachine (ContainerStateMachine.java:takeSnapshot(284)) - group-7FC7981111D6: Taking a snapshot at:(t:2, i:6) file /workdir/hadoop-ozone/integration-test/target/test-dir/MiniOzoneClusterImpl-8d4b26b1-34eb-45e8-b83f-edf1f00bc316/datanode-5/data/ratis/c64043b4-2a5c-471c-abac-7fc7981111d6/sm/snapshot.2_6
2019-08-29 09:43:16,512 [grpc-default-executor-6] INFO  server.GrpcLogAppender (GrpcLogAppender.java:onCompleted(292)) - c8986603-afcd-4cf8-afcf-c6b45c0b43cc->31202bf3-e3ef-401b-98b9-369e6d4f3507: follower responses appendEntries COMPLETED
2019-08-29 09:43:16,513 [grpc-default-executor-6] INFO  impl.FollowerInfo (FollowerInfo.java:lambda$new$0(50)) - c8986603-afcd-4cf8-afcf-c6b45c0b43cc->31202bf3-e3ef-401b-98b9-369e6d4f3507: nextIndex: updateUnconditionally 9 -> 8
2019-08-29 09:43:35,346 [StateMachineUpdater:31202bf3-e3ef-401b-98b9-369e6d4f3507:group-7FC7981111D6] INFO  ratis.ContainerStateMachine (ContainerStateMachine.java:takeSnapshot(295)) - group-7FC7981111D6: Finished taking a snapshot at:(t:2, i:6) file:/workdir/hadoop-ozone/integration-test/target/test-dir/MiniOzoneClusterImpl-8d4b26b1-34eb-45e8-b83f-edf1f00bc316/datanode-6/data/ratis/c64043b4-2a5c-471c-abac-7fc7981111d6/sm/snapshot.2_6 time:23887
2019-08-29 09:43:35,347 [StateMachineUpdater:31202bf3-e3ef-401b-98b9-369e6d4f3507:group-7FC7981111D6] INFO  impl.StateMachineUpdater (StateMachineUpdater.java:takeSnapshot(242)) - StateMachineUpdater:31202bf3-e3ef-401b-98b9-369e6d4f3507:group-7FC7981111D6: Took a snapshot at index 6
2019-08-29 09:43:35,346 [StateMachineUpdater:c8986603-afcd-4cf8-afcf-c6b45c0b43cc:group-7FC7981111D6] INFO  ratis.ContainerStateMachine (ContainerStateMachine.java:takeSnapshot(295)) - group-7FC7981111D6: Finished taking a snapshot at:(t:2, i:6) file:/workdir/hadoop-ozone/integration-test/target/test-dir/MiniOzoneClusterImpl-8d4b26b1-34eb-45e8-b83f-edf1f00bc316/datanode-5/data/ratis/c64043b4-2a5c-471c-abac-7fc7981111d6/sm/snapshot.2_6 time:18835
2019-08-29 09:43:35,347 [StateMachineUpdater:31202bf3-e3ef-401b-98b9-369e6d4f3507:group-7FC7981111D6] INFO  impl.StateMachineUpdater (StateMachineUpdater.java:lambda$new$0(80)) - StateMachineUpdater:31202bf3-e3ef-401b-98b9-369e6d4f3507:group-7FC7981111D6: snapshotIndex: updateIncreasingly -1 -> 6
2019-08-29 09:43:35,347 [StateMachineUpdater:c8986603-afcd-4cf8-afcf-c6b45c0b43cc:group-7FC7981111D6] INFO  impl.StateMachineUpdater (StateMachineUpdater.java:takeSnapshot(242)) - StateMachineUpdater:c8986603-afcd-4cf8-afcf-c6b45c0b43cc:group-7FC7981111D6: Took a snapshot at index 6
2019-08-29 09:43:35,347 [StateMachineUpdater:c8986603-afcd-4cf8-afcf-c6b45c0b43cc:group-7FC7981111D6] INFO  impl.StateMachineUpdater (StateMachineUpdater.java:lambda$new$0(80)) - StateMachineUpdater:c8986603-afcd-4cf8-afcf-c6b45c0b43cc:group-7FC7981111D6: snapshotIndex: updateIncreasingly -1 -> 6
2019-08-29 09:43:35,347 [main] INFO  impl.RaftServerImpl (ServerState.java:close(394)) - 31202bf3-e3ef-401b-98b9-369e6d4f3507:group-7FC7981111D6 closes. The last applied log index is 8
2019-08-29 09:43:35,348 [ForkJoinPool.commonPool-worker-1] INFO  impl.RaftServerImpl (ServerState.java:close(394)) - c8986603-afcd-4cf8-afcf-c6b45c0b43cc:group-7FC7981111D6 closes. The last applied log index is 8
2019-08-29 09:43:35,349 [31202bf3-e3ef-401b-98b9-369e6d4f3507-SegmentedRaftLogWorker:Storage Directory /workdir/hadoop-ozone/integration-test/target/test-dir/MiniOzoneClusterImpl-8d4b26b1-34eb-45e8-b83f-edf1f00bc316/datanode-6/data/ratis/c64043b4-2a5c-471c-abac-7fc7981111d6] INFO  segmented.SegmentedRaftLogWorker (SegmentedRaftLogWorker.java:run(313)) - 31202bf3-e3ef-401b-98b9-369e6d4f3507-SegmentedRaftLogWorker:Storage Directory /workdir/hadoop-ozone/integration-test/target/test-dir/MiniOzoneClusterImpl-8d4b26b1-34eb-45e8-b83f-edf1f00bc316/datanode-6/data/ratis/c64043b4-2a5c-471c-abac-7fc7981111d6 was interrupted, exiting. There are 0 tasks remaining in the queue.
2019-08-29 09:43:35,349 [c8986603-afcd-4cf8-afcf-c6b45c0b43cc-SegmentedRaftLogWorker:Storage Directory /workdir/hadoop-ozone/integration-test/target/test-dir/MiniOzoneClusterImpl-8d4b26b1-34eb-45e8-b83f-edf1f00bc316/datanode-5/data/ratis/c64043b4-2a5c-471c-abac-7fc7981111d6] INFO  segmented.SegmentedRaftLogWorker (SegmentedRaftLogWorker.java:run(313)) - c8986603-afcd-4cf8-afcf-c6b45c0b43cc-SegmentedRaftLogWorker:Storage Directory /workdir/hadoop-ozone/integration-test/target/test-dir/MiniOzoneClusterImpl-8d4b26b1-34eb-45e8-b83f-edf1f00bc316/datanode-5/data/ratis/c64043b4-2a5c-471c-abac-7fc7981111d6 was interrupted, exiting. There are 0 tasks remaining in the queue.
2019-08-29 09:43:35,357 [ForkJoinPool.commonPool-worker-1] INFO  segmented.SegmentedRaftLogWorker (SegmentedRaftLogWorker.java:close(228)) - c8986603-afcd-4cf8-afcf-c6b45c0b43cc-SegmentedRaftLogWorker:Storage Directory /workdir/hadoop-ozone/integration-test/target/test-dir/MiniOzoneClusterImpl-8d4b26b1-34eb-45e8-b83f-edf1f00bc316/datanode-5/data/ratis/c64043b4-2a5c-471c-abac-7fc7981111d6 close()
2019-08-29 09:43:35,357 [main] INFO  segmented.SegmentedRaftLogWorker (SegmentedRaftLogWorker.java:close(228)) - 31202bf3-e3ef-401b-98b9-369e6d4f3507-SegmentedRaftLogWorker:Storage Directory /workdir/hadoop-ozone/integration-test/target/test-dir/MiniOzoneClusterImpl-8d4b26b1-34eb-45e8-b83f-edf1f00bc316/datanode-6/data/ratis/c64043b4-2a5c-471c-abac-7fc7981111d6 close()
2019-08-29 09:43:35,358 [ForkJoinPool.commonPool-worker-1] INFO  impl.RaftServerImpl (RaftServerImpl.java:lambda$shutdown$3(245)) - c8986603-afcd-4cf8-afcf-c6b45c0b43cc: shutdown group-7FD0E6C08BE2
2019-08-29 09:43:35,359 [main] INFO  impl.RaftServerImpl (RaftServerImpl.java:lambda$shutdown$3(245)) - 31202bf3-e3ef-401b-98b9-369e6d4f3507: shutdown group-E5CDC7B6C10C
2019-08-29 09:43:35,359 [ForkJoinPool.commonPool-worker-1] INFO  util.JmxRegister (JmxRegister.java:unregister(73)) - Successfully un-registered JMX Bean with object name Ratis:service=RaftServer,group=group-7FD0E6C08BE2,id=c8986603-afcd-4cf8-afcf-c6b45c0b43cc
2019-08-29 09:43:35,359 [main] INFO  util.JmxRegister (JmxRegister.java:unregister(73)) - Successfully un-registered JMX Bean with object name Ratis:service=RaftServer,group=group-E5CDC7B6C10C,id=31202bf3-e3ef-401b-98b9-369e6d4f3507
2019-08-29 09:43:35,360 [ForkJoinPool.commonPool-worker-1] INFO  impl.RoleInfo (RoleInfo.java:shutdownLeaderState(104)) - c8986603-afcd-4cf8-afcf-c6b45c0b43cc: shutdown LeaderState
2019-08-29 09:43:35,360 [main] INFO  impl.RoleInfo (RoleInfo.java:shutdownLeaderState(104)) - 31202bf3-e3ef-401b-98b9-369e6d4f3507: shutdown LeaderState
2019-08-29 09:43:35,360 [ForkJoinPool.commonPool-worker-1] INFO  impl.PendingRequests (PendingRequests.java:sendNotLeaderResponses(202)) - c8986603-afcd-4cf8-afcf-c6b45c0b43cc-PendingRequests: sendNotLeaderResponses
2019-08-29 09:43:35,361 [main] INFO  impl.PendingRequests (PendingRequests.java:sendNotLeaderResponses(202)) - 31202bf3-e3ef-401b-98b9-369e6d4f3507-PendingRequests: sendNotLeaderResponses
2019-08-29 09:43:35,361 [ForkJoinPool.commonPool-worker-1] INFO  impl.StateMachineUpdater (StateMachineUpdater.java:stopAndJoin(115)) - StateMachineUpdater:c8986603-afcd-4cf8-afcf-c6b45c0b43cc:group-7FD0E6C08BE2: set stopIndex = 0
2019-08-29 09:43:35,362 [main] INFO  impl.StateMachineUpdater (StateMachineUpdater.java:stopAndJoin(115)) - StateMachineUpdater:31202bf3-e3ef-401b-98b9-369e6d4f3507:group-E5CDC7B6C10C: set stopIndex = 0
2019-08-29 09:43:35,362 [ForkJoinPool.commonPool-worker-1] INFO  impl.RaftServerImpl (ServerState.java:close(394)) - c8986603-afcd-4cf8-afcf-c6b45c0b43cc:group-7FD0E6C08BE2 closes. The last applied log index is 0
2019-08-29 09:43:35,363 [main] INFO  impl.RaftServerImpl (ServerState.java:close(394)) - 31202bf3-e3ef-401b-98b9-369e6d4f3507:group-E5CDC7B6C10C closes. The last applied log index is 0
2019-08-29 09:43:35,363 [c8986603-afcd-4cf8-afcf-c6b45c0b43cc-SegmentedRaftLogWorker:Storage Directory /workdir/hadoop-ozone/integration-test/target/test-dir/MiniOzoneClusterImpl-8d4b26b1-34eb-45e8-b83f-edf1f00bc316/datanode-5/data/ratis/53074ead-eefe-4da2-b49b-7fd0e6c08be2] INFO  segmented.SegmentedRaftLogWorker (SegmentedRaftLogWorker.java:run(313)) - c8986603-afcd-4cf8-afcf-c6b45c0b43cc-SegmentedRaftLogWorker:Storage Directory /workdir/hadoop-ozone/integration-test/target/test-dir/MiniOzoneClusterImpl-8d4b26b1-34eb-45e8-b83f-edf1f00bc316/datanode-5/data/ratis/53074ead-eefe-4da2-b49b-7fd0e6c08be2 was interrupted, exiting. There are 0 tasks remaining in the queue.
2019-08-29 09:43:35,364 [31202bf3-e3ef-401b-98b9-369e6d4f3507-SegmentedRaftLogWorker:Storage Directory /workdir/hadoop-ozone/integration-test/target/test-dir/MiniOzoneClusterImpl-8d4b26b1-34eb-45e8-b83f-edf1f00bc316/datanode-6/data/ratis/1d7d1579-ef8d-4ae8-8b18-e5cdc7b6c10c] INFO  segmented.SegmentedRaftLogWorker (SegmentedRaftLogWorker.java:run(313)) - 31202bf3-e3ef-401b-98b9-369e6d4f3507-SegmentedRaftLogWorker:Storage Directory /workdir/hadoop-ozone/integration-test/target/test-dir/MiniOzoneClusterImpl-8d4b26b1-34eb-45e8-b83f-edf1f00bc316/datanode-6/data/ratis/1d7d1579-ef8d-4ae8-8b18-e5cdc7b6c10c was interrupted, exiting. There are 0 tasks remaining in the queue.
2019-08-29 09:43:35,364 [ForkJoinPool.commonPool-worker-1] INFO  segmented.SegmentedRaftLogWorker (SegmentedRaftLogWorker.java:close(228)) - c8986603-afcd-4cf8-afcf-c6b45c0b43cc-SegmentedRaftLogWorker:Storage Directory /workdir/hadoop-ozone/integration-test/target/test-dir/MiniOzoneClusterImpl-8d4b26b1-34eb-45e8-b83f-edf1f00bc316/datanode-5/data/ratis/53074ead-eefe-4da2-b49b-7fd0e6c08be2 close()
2019-08-29 09:43:35,364 [main] INFO  segmented.SegmentedRaftLogWorker (SegmentedRaftLogWorker.java:close(228)) - 31202bf3-e3ef-401b-98b9-369e6d4f3507-SegmentedRaftLogWorker:Storage Directory /workdir/hadoop-ozone/integration-test/target/test-dir/MiniOzoneClusterImpl-8d4b26b1-34eb-45e8-b83f-edf1f00bc316/datanode-6/data/ratis/1d7d1579-ef8d-4ae8-8b18-e5cdc7b6c10c close()
2019-08-29 09:43:35,364 [ForkJoinPool.commonPool-worker-1] INFO  server.GrpcService (GrpcService.java:closeImpl(155)) - c8986603-afcd-4cf8-afcf-c6b45c0b43cc: shutdown server with port 46863 now
2019-08-29 09:43:35,365 [main] INFO  server.GrpcService (GrpcService.java:closeImpl(155)) - 31202bf3-e3ef-401b-98b9-369e6d4f3507: shutdown server with port 43586 now
2019-08-29 09:43:35,366 [ForkJoinPool.commonPool-worker-1] INFO  server.GrpcService (GrpcService.java:closeImpl(163)) - c8986603-afcd-4cf8-afcf-c6b45c0b43cc: shutdown server with port 46863 successfully
2019-08-29 09:43:35,366 [main] INFO  server.GrpcService (GrpcService.java:closeImpl(163)) - 31202bf3-e3ef-401b-98b9-369e6d4f3507: shutdown server with port 43586 successfully
2019-08-29 09:43:35,366 [grpc-default-executor-7] WARN  client.GrpcClientProtocolService (LogUtils.java:warn(134)) - 39-OrderedRequestStreamObserver39: onError: org.apache.ratis.thirdparty.io.grpc.StatusRuntimeException: CANCELLED: cancelled before receiving half close
2019-08-29 09:43:35,369 [refreshUsed-/workdir/hadoop-ozone/integration-test/target/test-dir/MiniOzoneClusterImpl-8d4b26b1-34eb-45e8-b83f-edf1f00bc316/datanode-6/data/containers] WARN  fs.CachingGetSpaceUsed (CachingGetSpaceUsed.java:run(183)) - Thread Interrupted waiting to refresh disk information: sleep interrupted
2019-08-29 09:43:35,369 [refreshUsed-/workdir/hadoop-ozone/integration-test/target/test-dir/MiniOzoneClusterImpl-8d4b26b1-34eb-45e8-b83f-edf1f00bc316/datanode-5/data/containers] WARN  fs.CachingGetSpaceUsed (CachingGetSpaceUsed.java:run(183)) - Thread Interrupted waiting to refresh disk information: sleep interrupted
2019-08-29 09:43:35,388 [ForkJoinPool.commonPool-worker-1] INFO  utils.BackgroundService (BackgroundService.java:shutdown(148)) - Shutting down service BlockDeletingService
2019-08-29 09:43:35,390 [main] INFO  utils.BackgroundService (BackgroundService.java:shutdown(148)) - Shutting down service BlockDeletingService
2019-08-29 09:43:35,392 [ForkJoinPool.commonPool-worker-1] INFO  statemachine.DatanodeStateMachine (DatanodeStateMachine.java:stopDaemon(395)) - Ozone container server stopped.
2019-08-29 09:43:35,396 [main] INFO  statemachine.DatanodeStateMachine (DatanodeStateMachine.java:stopDaemon(395)) - Ozone container server stopped.
2019-08-29 09:43:35,396 [ForkJoinPool.commonPool-worker-1] INFO  handler.ContextHandler (ContextHandler.java:doStop(910)) - Stopped o.e.j.w.WebAppContext@54e43bfe{/,null,UNAVAILABLE}{/hddsDatanode}
2019-08-29 09:43:35,397 [main] INFO  handler.ContextHandler (ContextHandler.java:doStop(910)) - Stopped o.e.j.w.WebAppContext@62765aec{/,null,UNAVAILABLE}{/hddsDatanode}
2019-08-29 09:43:35,397 [ForkJoinPool.commonPool-worker-1] INFO  server.AbstractConnector (AbstractConnector.java:doStop(318)) - Stopped ServerConnector@106b014e{HTTP/1.1,[http/1.1]}{0.0.0.0:0}
2019-08-29 09:43:35,397 [ForkJoinPool.commonPool-worker-1] INFO  handler.ContextHandler (ContextHandler.java:doStop(910)) - Stopped o.e.j.s.ServletContextHandler@760487aa{/static,jar:file:/home/user/.m2/repository/org/apache/hadoop/hadoop-hdds-container-service/0.5.0-SNAPSHOT/hadoop-hdds-container-service-0.5.0-SNAPSHOT.jar!/webapps/static,UNAVAILABLE}
2019-08-29 09:43:35,398 [main] INFO  server.AbstractConnector (AbstractConnector.java:doStop(318)) - Stopped ServerConnector@6f5bd362{HTTP/1.1,[http/1.1]}{0.0.0.0:0}
2019-08-29 09:43:35,398 [ForkJoinPool.commonPool-worker-1] INFO  handler.ContextHandler (ContextHandler.java:doStop(910)) - Stopped o.e.j.s.ServletContextHandler@3fcee3d9{/logs,file:///workdir/hadoop-ozone/integration-test/target/log,UNAVAILABLE}
2019-08-29 09:43:35,398 [main] INFO  handler.ContextHandler (ContextHandler.java:doStop(910)) - Stopped o.e.j.s.ServletContextHandler@5b39a3e6{/static,jar:file:/home/user/.m2/repository/org/apache/hadoop/hadoop-hdds-container-service/0.5.0-SNAPSHOT/hadoop-hdds-container-service-0.5.0-SNAPSHOT.jar!/webapps/static,UNAVAILABLE}
2019-08-29 09:43:35,399 [main] INFO  handler.ContextHandler (ContextHandler.java:doStop(910)) - Stopped o.e.j.s.ServletContextHandler@5df63359{/logs,file:///workdir/hadoop-ozone/integration-test/target/log,UNAVAILABLE}
2019-08-29 09:43:35,400 [main] INFO  ozone.MiniOzoneClusterImpl (MiniOzoneClusterImpl.java:stop(339)) - Stopping the StorageContainerManager
2019-08-29 09:43:35,400 [main] INFO  server.StorageContainerManager (StorageContainerManager.java:stop(797)) - Stopping Replication Manager Service.
2019-08-29 09:43:35,400 [main] INFO  container.ReplicationManager (ReplicationManager.java:stop(203)) - Stopping Replication Monitor Thread.
2019-08-29 09:43:35,400 [main] INFO  server.StorageContainerManager (StorageContainerManager.java:stop(804)) - Stopping Lease Manager of the command watchers
2019-08-29 09:43:35,401 [main] INFO  server.StorageContainerManager (StorageContainerManager.java:stop(811)) - Stopping datanode service RPC server
2019-08-29 09:43:35,401 [main] INFO  server.SCMDatanodeProtocolServer (SCMDatanodeProtocolServer.java:stop(367)) - Stopping the RPC server for DataNodes
2019-08-29 09:43:35,401 [main] INFO  ipc.Server (Server.java:stop(3082)) - Stopping server on 33562
2019-08-29 09:43:35,403 [IPC Server listener on 33562] INFO  ipc.Server (Server.java:run(1185)) - Stopping IPC Server listener on 33562
2019-08-29 09:43:35,403 [IPC Server Responder] INFO  ipc.Server (Server.java:run(1319)) - Stopping IPC Server Responder
2019-08-29 09:43:35,404 [SCM Heartbeat Processing Thread - 0] WARN  node.NodeStateManager (NodeStateManager.java:scheduleNextHealthCheck(646)) - Current Thread is interrupted, shutting down HB processing thread for Node Manager.
2019-08-29 09:43:35,405 [main] INFO  server.StorageContainerManager (StorageContainerManager.java:stop(819)) - Stopping block service RPC server
2019-08-29 09:43:35,405 [main] INFO  server.SCMBlockProtocolServer (SCMBlockProtocolServer.java:stop(155)) - Stopping the RPC server for Block Protocol
2019-08-29 09:43:35,405 [main] INFO  ipc.Server (Server.java:stop(3082)) - Stopping server on 41599
2019-08-29 09:43:35,408 [IPC Server listener on 41599] INFO  ipc.Server (Server.java:run(1185)) - Stopping IPC Server listener on 41599
2019-08-29 09:43:35,408 [IPC Server Responder] INFO  ipc.Server (Server.java:run(1319)) - Stopping IPC Server Responder
2019-08-29 09:43:35,408 [main] INFO  server.StorageContainerManager (StorageContainerManager.java:stop(826)) - Stopping the StorageContainerLocationProtocol RPC server
2019-08-29 09:43:35,409 [main] INFO  server.SCMClientProtocolServer (SCMClientProtocolServer.java:stop(159)) - Stopping the RPC server for Client Protocol
2019-08-29 09:43:35,409 [main] INFO  ipc.Server (Server.java:stop(3082)) - Stopping server on 46190
2019-08-29 09:43:35,411 [IPC Server listener on 46190] INFO  ipc.Server (Server.java:run(1185)) - Stopping IPC Server listener on 46190
2019-08-29 09:43:35,412 [main] INFO  server.StorageContainerManager (StorageContainerManager.java:stop(833)) - Stopping Storage Container Manager HTTP server.
2019-08-29 09:43:35,412 [IPC Server Responder] INFO  ipc.Server (Server.java:run(1319)) - Stopping IPC Server Responder
2019-08-29 09:43:35,413 [main] INFO  handler.ContextHandler (ContextHandler.java:doStop(910)) - Stopped o.e.j.w.WebAppContext@7112ce6{/,null,UNAVAILABLE}{/scm}
2019-08-29 09:43:35,414 [main] INFO  server.AbstractConnector (AbstractConnector.java:doStop(318)) - Stopped ServerConnector@558b4942{HTTP/1.1,[http/1.1]}{0.0.0.0:0}
2019-08-29 09:43:35,414 [main] INFO  handler.ContextHandler (ContextHandler.java:doStop(910)) - Stopped o.e.j.s.ServletContextHandler@1835dc92{/static,file:///workdir/hadoop-ozone/integration-test/target/test-classes/webapps/static,UNAVAILABLE}
2019-08-29 09:43:35,414 [main] INFO  handler.ContextHandler (ContextHandler.java:doStop(910)) - Stopped o.e.j.s.ServletContextHandler@68f6e55d{/logs,file:///workdir/hadoop-ozone/integration-test/target/log,UNAVAILABLE}
2019-08-29 09:43:35,415 [main] INFO  server.StorageContainerManager (StorageContainerManager.java:stop(844)) - Stopping Block Manager Service.
2019-08-29 09:43:35,415 [main] INFO  utils.BackgroundService (BackgroundService.java:shutdown(148)) - Shutting down service SCMBlockDeletingService
2019-08-29 09:43:35,415 [main] INFO  utils.BackgroundService (BackgroundService.java:shutdown(148)) - Shutting down service SCMBlockDeletingService
2019-08-29 09:43:35,416 [main] INFO  server.StorageContainerManager (StorageContainerManager.java:stop(866)) - Stopping SCM Event Queue.
2019-08-29 09:43:35,429 [main] INFO  impl.MetricsSystemImpl (MetricsSystemImpl.java:stop(210)) - Stopping HddsDatanode metrics system...
2019-08-29 09:43:35,433 [main] INFO  impl.MetricsSystemImpl (MetricsSystemImpl.java:stop(216)) - HddsDatanode metrics system stopped.
]]></system-out>
  </testcase>
</testsuite>