<?xml version="1.0" encoding="UTF-8"?>
<testsuite xmlns:xsi="http://www.w3.org/2001/XMLSchema-instance" xsi:noNamespaceSchemaLocation="https://maven.apache.org/surefire/maven-surefire-plugin/xsd/surefire-test-report.xsd" name="org.apache.hadoop.ozone.client.rpc.TestBlockOutputStreamWithFailures" time="691.687" tests="8" errors="0" skipped="0" failures="2">
  <properties>
    <property name="awt.toolkit" value="sun.awt.X11.XToolkit"/>
    <property name="file.encoding.pkg" value="sun.io"/>
    <property name="java.specification.version" value="1.8"/>
    <property name="sun.cpu.isalist" value=""/>
    <property name="sun.jnu.encoding" value="UTF-8"/>
    <property name="java.class.path" value="/workdir/hadoop-ozone/integration-test/target/test-classes:/workdir/hadoop-ozone/integration-test/target/classes:/home/user/.m2/repository/org/apache/hadoop/hadoop-ozone-common/0.5.0-SNAPSHOT/hadoop-ozone-common-0.5.0-SNAPSHOT.jar:/home/user/.m2/repository/org/apache/commons/commons-compress/1.4.1/commons-compress-1.4.1.jar:/home/user/.m2/repository/org/tukaani/xz/1.0/xz-1.0.jar:/home/user/.m2/repository/org/apache/hadoop/hadoop-common/3.2.0/hadoop-common-3.2.0.jar:/home/user/.m2/repository/org/apache/hadoop/hadoop-hdfs/3.2.0/hadoop-hdfs-3.2.0.jar:/home/user/.m2/repository/org/apache/hadoop/hadoop-hdfs-client/3.2.0/hadoop-hdfs-client-3.2.0.jar:/home/user/.m2/repository/com/fasterxml/jackson/core/jackson-annotations/2.9.5/jackson-annotations-2.9.5.jar:/home/user/.m2/repository/org/apache/hadoop/hadoop-hdds-common/0.5.0-SNAPSHOT/hadoop-hdds-common-0.5.0-SNAPSHOT.jar:/home/user/.m2/repository/javax/annotation/javax.annotation-api/1.2/javax.annotation-api-1.2.jar:/home/user/.m2/repository/org/apache/ratis/ratis-server/0.4.0-2337318-SNAPSHOT/ratis-server-0.4.0-2337318-SNAPSHOT.jar:/home/user/.m2/repository/org/apache/ratis/ratis-thirdparty-misc/0.2.0/ratis-thirdparty-misc-0.2.0.jar:/home/user/.m2/repository/org/apache/ratis/ratis-proto/0.4.0-2337318-SNAPSHOT/ratis-proto-0.4.0-2337318-SNAPSHOT.jar:/home/user/.m2/repository/org/apache/ratis/ratis-common/0.4.0-2337318-SNAPSHOT/ratis-common-0.4.0-2337318-SNAPSHOT.jar:/home/user/.m2/repository/org/apache/ratis/ratis-client/0.4.0-2337318-SNAPSHOT/ratis-client-0.4.0-2337318-SNAPSHOT.jar:/home/user/.m2/repository/org/apache/ratis/ratis-metrics/0.4.0-2337318-SNAPSHOT/ratis-metrics-0.4.0-2337318-SNAPSHOT.jar:/home/user/.m2/repository/org/apache/ratis/ratis-netty/0.4.0-2337318-SNAPSHOT/ratis-netty-0.4.0-2337318-SNAPSHOT.jar:/home/user/.m2/repository/org/apache/ratis/ratis-grpc/0.4.0-2337318-SNAPSHOT/ratis-grpc-0.4.0-2337318-SNAPSHOT.jar:/home/user/.m2/repository/org/rocksdb/rocksdbjni/6.0.1/rocksdbjni-6.0.1.jar:/home/user/.m2/repository/org/apache/logging/log4j/log4j-api/2.11.0/log4j-api-2.11.0.jar:/home/user/.m2/repository/org/apache/logging/log4j/log4j-core/2.11.0/log4j-core-2.11.0.jar:/home/user/.m2/repository/com/lmax/disruptor/3.4.2/disruptor-3.4.2.jar:/home/user/.m2/repository/org/apache/commons/commons-pool2/2.6.0/commons-pool2-2.6.0.jar:/home/user/.m2/repository/org/bouncycastle/bcpkix-jdk15on/1.60/bcpkix-jdk15on-1.60.jar:/home/user/.m2/repository/commons-validator/commons-validator/1.6/commons-validator-1.6.jar:/home/user/.m2/repository/commons-digester/commons-digester/1.8.1/commons-digester-1.8.1.jar:/home/user/.m2/repository/io/jaegertracing/jaeger-client/0.33.1/jaeger-client-0.33.1.jar:/home/user/.m2/repository/io/jaegertracing/jaeger-thrift/0.33.1/jaeger-thrift-0.33.1.jar:/home/user/.m2/repository/org/apache/thrift/libthrift/0.11.0/libthrift-0.11.0.jar:/home/user/.m2/repository/com/squareup/okhttp3/okhttp/3.9.0/okhttp-3.9.0.jar:/home/user/.m2/repository/com/squareup/okio/okio/1.13.0/okio-1.13.0.jar:/home/user/.m2/repository/io/jaegertracing/jaeger-core/0.33.1/jaeger-core-0.33.1.jar:/home/user/.m2/repository/io/jaegertracing/jaeger-tracerresolver/0.33.1/jaeger-tracerresolver-0.33.1.jar:/home/user/.m2/repository/io/opentracing/contrib/opentracing-tracerresolver/0.1.5/opentracing-tracerresolver-0.1.5.jar:/home/user/.m2/repository/io/opentracing/opentracing-util/0.31.0/opentracing-util-0.31.0.jar:/home/user/.m2/repository/io/opentracing/opentracing-api/0.31.0/opentracing-api-0.31.0.jar:/home/user/.m2/repository/io/opentracing/opentracing-noop/0.31.0/opentracing-noop-0.31.0.jar:/home/user/.m2/repository/org/apache/hadoop/hadoop-hdds-server-framework/0.5.0-SNAPSHOT/hadoop-hdds-server-framework-0.5.0-SNAPSHOT.jar:/home/user/.m2/repository/org/apache/hadoop/hadoop-hdds-container-service/0.5.0-SNAPSHOT/hadoop-hdds-container-service-0.5.0-SNAPSHOT.jar:/home/user/.m2/repository/org/apache/hadoop/hadoop-hdds-client/0.5.0-SNAPSHOT/hadoop-hdds-client-0.5.0-SNAPSHOT.jar:/home/user/.m2/repository/org/apache/hadoop/hadoop-hdds-tools/0.5.0-SNAPSHOT/hadoop-hdds-tools-0.5.0-SNAPSHOT.jar:/home/user/.m2/repository/org/apache/hadoop/hadoop-hdds-server-scm/0.5.0-SNAPSHOT/hadoop-hdds-server-scm-0.5.0-SNAPSHOT.jar:/home/user/.m2/repository/org/apache/hadoop/hadoop-hdds-docs/0.5.0-SNAPSHOT/hadoop-hdds-docs-0.5.0-SNAPSHOT.jar:/home/user/.m2/repository/io/dropwizard/metrics/metrics-core/3.2.4/metrics-core-3.2.4.jar:/home/user/.m2/repository/org/hamcrest/hamcrest-all/1.3/hamcrest-all-1.3.jar:/home/user/.m2/repository/org/bouncycastle/bcprov-jdk15on/1.60/bcprov-jdk15on-1.60.jar:/home/user/.m2/repository/info/picocli/picocli/3.9.6/picocli-3.9.6.jar:/home/user/.m2/repository/com/google/protobuf/protobuf-java/2.5.0/protobuf-java-2.5.0.jar:/home/user/.m2/repository/com/google/guava/guava/11.0.2/guava-11.0.2.jar:/home/user/.m2/repository/org/apache/hadoop/hadoop-ozone-ozone-manager/0.5.0-SNAPSHOT/hadoop-ozone-ozone-manager-0.5.0-SNAPSHOT.jar:/home/user/.m2/repository/org/apache/hadoop/hadoop-minikdc/3.2.0/hadoop-minikdc-3.2.0.jar:/home/user/.m2/repository/commons-io/commons-io/2.5/commons-io-2.5.jar:/home/user/.m2/repository/org/apache/kerby/kerb-simplekdc/1.0.1/kerb-simplekdc-1.0.1.jar:/home/user/.m2/repository/org/apache/kerby/kerb-client/1.0.1/kerb-client-1.0.1.jar:/home/user/.m2/repository/org/apache/kerby/kerby-config/1.0.1/kerby-config-1.0.1.jar:/home/user/.m2/repository/org/apache/kerby/kerb-core/1.0.1/kerb-core-1.0.1.jar:/home/user/.m2/repository/org/apache/kerby/kerby-pkix/1.0.1/kerby-pkix-1.0.1.jar:/home/user/.m2/repository/org/apache/kerby/kerby-asn1/1.0.1/kerby-asn1-1.0.1.jar:/home/user/.m2/repository/org/apache/kerby/kerby-util/1.0.1/kerby-util-1.0.1.jar:/home/user/.m2/repository/org/apache/kerby/kerb-common/1.0.1/kerb-common-1.0.1.jar:/home/user/.m2/repository/org/apache/kerby/kerb-crypto/1.0.1/kerb-crypto-1.0.1.jar:/home/user/.m2/repository/org/apache/kerby/kerb-util/1.0.1/kerb-util-1.0.1.jar:/home/user/.m2/repository/org/apache/kerby/token-provider/1.0.1/token-provider-1.0.1.jar:/home/user/.m2/repository/org/apache/kerby/kerb-admin/1.0.1/kerb-admin-1.0.1.jar:/home/user/.m2/repository/org/apache/kerby/kerb-server/1.0.1/kerb-server-1.0.1.jar:/home/user/.m2/repository/org/apache/kerby/kerb-identity/1.0.1/kerb-identity-1.0.1.jar:/home/user/.m2/repository/org/apache/kerby/kerby-xdr/1.0.1/kerby-xdr-1.0.1.jar:/home/user/.m2/repository/org/slf4j/slf4j-log4j12/1.7.25/slf4j-log4j12-1.7.25.jar:/home/user/.m2/repository/org/apache/hadoop/hadoop-ozone-s3gateway/0.5.0-SNAPSHOT/hadoop-ozone-s3gateway-0.5.0-SNAPSHOT.jar:/home/user/.m2/repository/org/jboss/weld/servlet/weld-servlet/2.4.7.Final/weld-servlet-2.4.7.Final.jar:/home/user/.m2/repository/org/glassfish/jersey/containers/jersey-container-servlet-core/2.27/jersey-container-servlet-core-2.27.jar:/home/user/.m2/repository/org/glassfish/hk2/external/javax.inject/2.5.0-b42/javax.inject-2.5.0-b42.jar:/home/user/.m2/repository/org/glassfish/jersey/core/jersey-common/2.27/jersey-common-2.27.jar:/home/user/.m2/repository/org/glassfish/hk2/osgi-resource-locator/1.0.1/osgi-resource-locator-1.0.1.jar:/home/user/.m2/repository/javax/ws/rs/javax.ws.rs-api/2.1/javax.ws.rs-api-2.1.jar:/home/user/.m2/repository/org/glassfish/jersey/ext/cdi/jersey-cdi1x/2.27/jersey-cdi1x-2.27.jar:/home/user/.m2/repository/org/glassfish/jersey/inject/jersey-hk2/2.27/jersey-hk2-2.27.jar:/home/user/.m2/repository/org/glassfish/hk2/hk2-locator/2.5.0-b42/hk2-locator-2.5.0-b42.jar:/home/user/.m2/repository/org/javassist/javassist/3.22.0-CR2/javassist-3.22.0-CR2.jar:/home/user/.m2/repository/org/glassfish/hk2/hk2-api/2.5.0/hk2-api-2.5.0.jar:/home/user/.m2/repository/org/glassfish/hk2/external/jakarta.inject/2.5.0/jakarta.inject-2.5.0.jar:/home/user/.m2/repository/org/glassfish/hk2/hk2-utils/2.5.0/hk2-utils-2.5.0.jar:/home/user/.m2/repository/jakarta/annotation/jakarta.annotation-api/1.3.4/jakarta.annotation-api-1.3.4.jar:/home/user/.m2/repository/org/glassfish/hk2/external/aopalliance-repackaged/2.5.0/aopalliance-repackaged-2.5.0.jar:/home/user/.m2/repository/com/fasterxml/jackson/dataformat/jackson-dataformat-xml/2.9.0/jackson-dataformat-xml-2.9.0.jar:/home/user/.m2/repository/com/fasterxml/jackson/core/jackson-core/2.9.5/jackson-core-2.9.5.jar:/home/user/.m2/repository/com/fasterxml/jackson/module/jackson-module-jaxb-annotations/2.9.5/jackson-module-jaxb-annotations-2.9.5.jar:/home/user/.m2/repository/javax/enterprise/cdi-api/1.2/cdi-api-1.2.jar:/home/user/.m2/repository/javax/el/javax.el-api/3.0.0/javax.el-api-3.0.0.jar:/home/user/.m2/repository/javax/interceptor/javax.interceptor-api/1.2/javax.interceptor-api-1.2.jar:/home/user/.m2/repository/javax/inject/javax.inject/1/javax.inject-1.jar:/home/user/.m2/repository/com/sun/xml/bind/jaxb-impl/2.3.0.1/jaxb-impl-2.3.0.1.jar:/home/user/.m2/repository/com/sun/xml/bind/jaxb-core/2.3.0.1/jaxb-core-2.3.0.1.jar:/home/user/.m2/repository/javax/xml/bind/jaxb-api/2.3.0/jaxb-api-2.3.0.jar:/home/user/.m2/repository/javax/activation/activation/1.1.1/activation-1.1.1.jar:/home/user/.m2/repository/org/apache/hadoop/hadoop-ozone-csi/0.5.0-SNAPSHOT/hadoop-ozone-csi-0.5.0-SNAPSHOT.jar:/home/user/.m2/repository/com/google/protobuf/protobuf-java-util/3.5.1/protobuf-java-util-3.5.1.jar:/home/user/.m2/repository/org/apache/hadoop/hadoop-hdds-config/0.5.0-SNAPSHOT/hadoop-hdds-config-0.5.0-SNAPSHOT.jar:/home/user/.m2/repository/io/grpc/grpc-netty/1.17.1/grpc-netty-1.17.1.jar:/home/user/.m2/repository/io/grpc/grpc-core/1.17.1/grpc-core-1.17.1.jar:/home/user/.m2/repository/io/grpc/grpc-context/1.17.1/grpc-context-1.17.1.jar:/home/user/.m2/repository/com/google/errorprone/error_prone_annotations/2.2.0/error_prone_annotations-2.2.0.jar:/home/user/.m2/repository/org/codehaus/mojo/animal-sniffer-annotations/1.17/animal-sniffer-annotations-1.17.jar:/home/user/.m2/repository/io/opencensus/opencensus-api/0.17.0/opencensus-api-0.17.0.jar:/home/user/.m2/repository/io/opencensus/opencensus-contrib-grpc-metrics/0.17.0/opencensus-contrib-grpc-metrics-0.17.0.jar:/home/user/.m2/repository/io/netty/netty-codec-http2/4.1.30.Final/netty-codec-http2-4.1.30.Final.jar:/home/user/.m2/repository/io/netty/netty-codec-http/4.1.30.Final/netty-codec-http-4.1.30.Final.jar:/home/user/.m2/repository/io/netty/netty-codec/4.1.30.Final/netty-codec-4.1.30.Final.jar:/home/user/.m2/repository/io/netty/netty-handler/4.1.30.Final/netty-handler-4.1.30.Final.jar:/home/user/.m2/repository/io/netty/netty-handler-proxy/4.1.30.Final/netty-handler-proxy-4.1.30.Final.jar:/home/user/.m2/repository/io/netty/netty-codec-socks/4.1.30.Final/netty-codec-socks-4.1.30.Final.jar:/home/user/.m2/repository/io/netty/netty-transport-native-epoll/4.1.30.Final/netty-transport-native-epoll-4.1.30.Final.jar:/home/user/.m2/repository/io/netty/netty-common/4.1.30.Final/netty-common-4.1.30.Final.jar:/home/user/.m2/repository/io/netty/netty-buffer/4.1.30.Final/netty-buffer-4.1.30.Final.jar:/home/user/.m2/repository/io/netty/netty-transport/4.1.30.Final/netty-transport-4.1.30.Final.jar:/home/user/.m2/repository/io/netty/netty-resolver/4.1.30.Final/netty-resolver-4.1.30.Final.jar:/home/user/.m2/repository/io/netty/netty-transport-native-unix-common/4.1.30.Final/netty-transport-native-unix-common-4.1.30.Final.jar:/home/user/.m2/repository/io/grpc/grpc-protobuf/1.17.1/grpc-protobuf-1.17.1.jar:/home/user/.m2/repository/com/google/api/grpc/proto-google-common-protos/1.0.0/proto-google-common-protos-1.0.0.jar:/home/user/.m2/repository/io/grpc/grpc-protobuf-lite/1.17.1/grpc-protobuf-lite-1.17.1.jar:/home/user/.m2/repository/io/grpc/grpc-stub/1.17.1/grpc-stub-1.17.1.jar:/home/user/.m2/repository/org/apache/hadoop/hadoop-ozone-recon/0.5.0-SNAPSHOT/hadoop-ozone-recon-0.5.0-SNAPSHOT.jar:/home/user/.m2/repository/org/apache/hadoop/hadoop-ozone-reconcodegen/0.5.0-SNAPSHOT/hadoop-ozone-reconcodegen-0.5.0-SNAPSHOT.jar:/home/user/.m2/repository/com/google/inject/extensions/guice-multibindings/4.0/guice-multibindings-4.0.jar:/home/user/.m2/repository/com/google/inject/guice/4.0/guice-4.0.jar:/home/user/.m2/repository/aopalliance/aopalliance/1.0/aopalliance-1.0.jar:/home/user/.m2/repository/com/google/inject/extensions/guice-servlet/4.0/guice-servlet-4.0.jar:/home/user/.m2/repository/org/glassfish/jersey/containers/jersey-container-servlet/2.27/jersey-container-servlet-2.27.jar:/home/user/.m2/repository/org/glassfish/hk2/guice-bridge/2.5.0/guice-bridge-2.5.0.jar:/home/user/.m2/repository/org/glassfish/jersey/core/jersey-server/2.27/jersey-server-2.27.jar:/home/user/.m2/repository/org/glassfish/jersey/core/jersey-client/2.27/jersey-client-2.27.jar:/home/user/.m2/repository/org/glassfish/jersey/media/jersey-media-jaxb/2.27/jersey-media-jaxb-2.27.jar:/home/user/.m2/repository/javax/validation/validation-api/1.1.0.Final/validation-api-1.1.0.Final.jar:/home/user/.m2/repository/org/glassfish/jersey/media/jersey-media-json-jackson/2.27/jersey-media-json-jackson-2.27.jar:/home/user/.m2/repository/org/glassfish/jersey/ext/jersey-entity-filtering/2.27/jersey-entity-filtering-2.27.jar:/home/user/.m2/repository/com/google/inject/extensions/guice-assistedinject/4.0/guice-assistedinject-4.0.jar:/home/user/.m2/repository/org/jooq/jooq/3.11.10/jooq-3.11.10.jar:/home/user/.m2/repository/org/jooq/jooq-meta/3.11.10/jooq-meta-3.11.10.jar:/home/user/.m2/repository/org/jooq/jooq-codegen/3.11.10/jooq-codegen-3.11.10.jar:/home/user/.m2/repository/com/jolbox/bonecp/0.8.0.RELEASE/bonecp-0.8.0.RELEASE.jar:/home/user/.m2/repository/org/xerial/sqlite-jdbc/3.25.2/sqlite-jdbc-3.25.2.jar:/home/user/.m2/repository/org/springframework/spring-jdbc/5.1.3.RELEASE/spring-jdbc-5.1.3.RELEASE.jar:/home/user/.m2/repository/org/springframework/spring-beans/5.1.3.RELEASE/spring-beans-5.1.3.RELEASE.jar:/home/user/.m2/repository/org/springframework/spring-core/5.1.3.RELEASE/spring-core-5.1.3.RELEASE.jar:/home/user/.m2/repository/org/springframework/spring-jcl/5.1.3.RELEASE/spring-jcl-5.1.3.RELEASE.jar:/home/user/.m2/repository/org/springframework/spring-tx/5.1.3.RELEASE/spring-tx-5.1.3.RELEASE.jar:/home/user/.m2/repository/org/apache/hadoop/hadoop-ozone-client/0.5.0-SNAPSHOT/hadoop-ozone-client-0.5.0-SNAPSHOT.jar:/home/user/.m2/repository/commons-lang/commons-lang/2.6/commons-lang-2.6.jar:/home/user/.m2/repository/org/apache/hadoop/hadoop-ozone-ozone-manager/0.5.0-SNAPSHOT/hadoop-ozone-ozone-manager-0.5.0-SNAPSHOT-tests.jar:/home/user/.m2/repository/junit/junit/4.11/junit-4.11.jar:/home/user/.m2/repository/org/hamcrest/hamcrest-core/1.3/hamcrest-core-1.3.jar:/home/user/.m2/repository/org/openjdk/jmh/jmh-core/1.19/jmh-core-1.19.jar:/home/user/.m2/repository/net/sf/jopt-simple/jopt-simple/4.6/jopt-simple-4.6.jar:/home/user/.m2/repository/org/apache/commons/commons-math3/3.1.1/commons-math3-3.1.1.jar:/home/user/.m2/repository/org/openjdk/jmh/jmh-generator-annprocess/1.19/jmh-generator-annprocess-1.19.jar:/home/user/.m2/repository/org/mockito/mockito-all/1.8.5/mockito-all-1.8.5.jar:/home/user/.m2/repository/org/apache/hadoop/hadoop-kms/3.2.0/hadoop-kms-3.2.0.jar:/home/user/.m2/repository/org/apache/hadoop/hadoop-auth/3.2.0/hadoop-auth-3.2.0.jar:/home/user/.m2/repository/com/nimbusds/nimbus-jose-jwt/4.41.1/nimbus-jose-jwt-4.41.1.jar:/home/user/.m2/repository/com/github/stephenc/jcip/jcip-annotations/1.0-1/jcip-annotations-1.0-1.jar:/home/user/.m2/repository/net/minidev/json-smart/2.3/json-smart-2.3.jar:/home/user/.m2/repository/net/minidev/accessors-smart/1.2/accessors-smart-1.2.jar:/home/user/.m2/repository/org/ow2/asm/asm/5.0.4/asm-5.0.4.jar:/home/user/.m2/repository/org/apache/curator/curator-framework/2.12.0/curator-framework-2.12.0.jar:/home/user/.m2/repository/com/sun/jersey/jersey-core/1.19/jersey-core-1.19.jar:/home/user/.m2/repository/javax/ws/rs/jsr311-api/1.1.1/jsr311-api-1.1.1.jar:/home/user/.m2/repository/com/sun/jersey/jersey-server/1.19/jersey-server-1.19.jar:/home/user/.m2/repository/javax/servlet/javax.servlet-api/3.1.0/javax.servlet-api-3.1.0.jar:/home/user/.m2/repository/org/eclipse/jetty/jetty-server/9.3.24.v20180605/jetty-server-9.3.24.v20180605.jar:/home/user/.m2/repository/org/eclipse/jetty/jetty-http/9.3.24.v20180605/jetty-http-9.3.24.v20180605.jar:/home/user/.m2/repository/org/eclipse/jetty/jetty-io/9.3.24.v20180605/jetty-io-9.3.24.v20180605.jar:/home/user/.m2/repository/org/eclipse/jetty/jetty-webapp/9.3.24.v20180605/jetty-webapp-9.3.24.v20180605.jar:/home/user/.m2/repository/org/eclipse/jetty/jetty-xml/9.3.24.v20180605/jetty-xml-9.3.24.v20180605.jar:/home/user/.m2/repository/log4j/log4j/1.2.17/log4j-1.2.17.jar:/home/user/.m2/repository/org/slf4j/slf4j-api/1.7.25/slf4j-api-1.7.25.jar:/home/user/.m2/repository/org/slf4j/jul-to-slf4j/1.7.25/jul-to-slf4j-1.7.25.jar:/home/user/.m2/repository/org/eclipse/jetty/jetty-util/9.3.24.v20180605/jetty-util-9.3.24.v20180605.jar:/home/user/.m2/repository/com/fasterxml/jackson/core/jackson-databind/2.9.5/jackson-databind-2.9.5.jar:/home/user/.m2/repository/org/apache/hadoop/hadoop-kms/3.2.0/hadoop-kms-3.2.0-tests.jar:/home/user/.m2/repository/org/apache/hadoop/hadoop-hdds-server-scm/0.5.0-SNAPSHOT/hadoop-hdds-server-scm-0.5.0-SNAPSHOT-tests.jar:/home/user/.m2/repository/org/apache/hadoop/hadoop-hdds-container-service/0.5.0-SNAPSHOT/hadoop-hdds-container-service-0.5.0-SNAPSHOT-tests.jar:/home/user/.m2/repository/org/yaml/snakeyaml/1.16/snakeyaml-1.16.jar:/home/user/.m2/repository/org/apache/hadoop/hadoop-common/3.2.0/hadoop-common-3.2.0-tests.jar:/home/user/.m2/repository/org/apache/hadoop/hadoop-annotations/3.2.0/hadoop-annotations-3.2.0.jar:/usr/lib/jvm/java-1.8-openjdk/jre/../lib/tools.jar:/home/user/.m2/repository/commons-cli/commons-cli/1.2/commons-cli-1.2.jar:/home/user/.m2/repository/org/apache/httpcomponents/httpclient/4.5.2/httpclient-4.5.2.jar:/home/user/.m2/repository/org/apache/httpcomponents/httpcore/4.4.4/httpcore-4.4.4.jar:/home/user/.m2/repository/commons-codec/commons-codec/1.11/commons-codec-1.11.jar:/home/user/.m2/repository/commons-net/commons-net/3.6/commons-net-3.6.jar:/home/user/.m2/repository/commons-collections/commons-collections/3.2.2/commons-collections-3.2.2.jar:/home/user/.m2/repository/org/eclipse/jetty/jetty-servlet/9.3.24.v20180605/jetty-servlet-9.3.24.v20180605.jar:/home/user/.m2/repository/org/eclipse/jetty/jetty-security/9.3.24.v20180605/jetty-security-9.3.24.v20180605.jar:/home/user/.m2/repository/javax/servlet/jsp/jsp-api/2.1/jsp-api-2.1.jar:/home/user/.m2/repository/com/sun/jersey/jersey-servlet/1.19/jersey-servlet-1.19.jar:/home/user/.m2/repository/com/sun/jersey/jersey-json/1.19/jersey-json-1.19.jar:/home/user/.m2/repository/org/codehaus/jettison/jettison/1.1/jettison-1.1.jar:/home/user/.m2/repository/org/codehaus/jackson/jackson-core-asl/1.9.13/jackson-core-asl-1.9.13.jar:/home/user/.m2/repository/org/codehaus/jackson/jackson-mapper-asl/1.9.13/jackson-mapper-asl-1.9.13.jar:/home/user/.m2/repository/org/codehaus/jackson/jackson-jaxrs/1.9.13/jackson-jaxrs-1.9.13.jar:/home/user/.m2/repository/org/codehaus/jackson/jackson-xc/1.9.13/jackson-xc-1.9.13.jar:/home/user/.m2/repository/commons-logging/commons-logging/1.1.3/commons-logging-1.1.3.jar:/home/user/.m2/repository/commons-beanutils/commons-beanutils/1.9.3/commons-beanutils-1.9.3.jar:/home/user/.m2/repository/org/apache/commons/commons-configuration2/2.1.1/commons-configuration2-2.1.1.jar:/home/user/.m2/repository/org/apache/commons/commons-lang3/3.7/commons-lang3-3.7.jar:/home/user/.m2/repository/org/apache/commons/commons-text/1.4/commons-text-1.4.jar:/home/user/.m2/repository/org/apache/avro/avro/1.7.7/avro-1.7.7.jar:/home/user/.m2/repository/com/thoughtworks/paranamer/paranamer/2.3/paranamer-2.3.jar:/home/user/.m2/repository/org/xerial/snappy/snappy-java/1.0.5/snappy-java-1.0.5.jar:/home/user/.m2/repository/com/google/re2j/re2j/1.1/re2j-1.1.jar:/home/user/.m2/repository/com/google/code/gson/gson/2.2.4/gson-2.2.4.jar:/home/user/.m2/repository/com/jcraft/jsch/0.1.54/jsch-0.1.54.jar:/home/user/.m2/repository/org/apache/curator/curator-client/2.12.0/curator-client-2.12.0.jar:/home/user/.m2/repository/org/apache/curator/curator-recipes/2.12.0/curator-recipes-2.12.0.jar:/home/user/.m2/repository/com/google/code/findbugs/jsr305/3.0.0/jsr305-3.0.0.jar:/home/user/.m2/repository/org/apache/htrace/htrace-core4/4.1.0-incubating/htrace-core4-4.1.0-incubating.jar:/home/user/.m2/repository/org/apache/zookeeper/zookeeper/3.4.13/zookeeper-3.4.13.jar:/home/user/.m2/repository/org/apache/yetus/audience-annotations/0.5.0/audience-annotations-0.5.0.jar:/home/user/.m2/repository/org/codehaus/woodstox/stax2-api/3.1.4/stax2-api-3.1.4.jar:/home/user/.m2/repository/com/fasterxml/woodstox/woodstox-core/5.0.3/woodstox-core-5.0.3.jar:/home/user/.m2/repository/dnsjava/dnsjava/2.1.7/dnsjava-2.1.7.jar:/home/user/.m2/repository/org/apache/hadoop/hadoop-hdfs/3.2.0/hadoop-hdfs-3.2.0-tests.jar:/home/user/.m2/repository/org/eclipse/jetty/jetty-util-ajax/9.3.24.v20180605/jetty-util-ajax-9.3.24.v20180605.jar:/home/user/.m2/repository/commons-daemon/commons-daemon/1.0.13/commons-daemon-1.0.13.jar:/home/user/.m2/repository/io/netty/netty/3.10.5.Final/netty-3.10.5.Final.jar:/home/user/.m2/repository/io/netty/netty-all/4.0.52.Final/netty-all-4.0.52.Final.jar:/home/user/.m2/repository/org/fusesource/leveldbjni/leveldbjni-all/1.8/leveldbjni-all-1.8.jar:"/>
    <property name="java.vm.vendor" value="IcedTea"/>
    <property name="sun.arch.data.model" value="64"/>
    <property name="test.build.dir" value="/workdir/hadoop-ozone/integration-test/target/test-dir"/>
    <property name="test.cache.data" value=""/>
    <property name="java.vendor.url" value="https://icedtea.classpath.org"/>
    <property name="user.timezone" value=""/>
    <property name="java.vm.specification.version" value="1.8"/>
    <property name="os.name" value="Linux"/>
    <property name="test.build.data" value="/workdir/hadoop-ozone/integration-test/target/test-dir"/>
    <property name="user.country" value="US"/>
    <property name="sun.java.launcher" value="SUN_STANDARD"/>
    <property name="sun.boot.library.path" value="/usr/lib/jvm/java-1.8-openjdk/jre/lib/amd64"/>
    <property name="sun.java.command" value="/workdir/hadoop-ozone/integration-test/target/surefire/surefirebooter4470386284920741356.jar /workdir/hadoop-ozone/integration-test/target/surefire 2019-08-29T08-47-44_952-jvmRun1 surefire9195336969216117117tmp surefire_20803775650962892030tmp"/>
    <property name="test" value="!TestMiniChaosOzoneCluster"/>
    <property name="surefire.test.class.path" value="/workdir/hadoop-ozone/integration-test/target/test-classes:/workdir/hadoop-ozone/integration-test/target/classes:/home/user/.m2/repository/org/apache/hadoop/hadoop-ozone-common/0.5.0-SNAPSHOT/hadoop-ozone-common-0.5.0-SNAPSHOT.jar:/home/user/.m2/repository/org/apache/commons/commons-compress/1.4.1/commons-compress-1.4.1.jar:/home/user/.m2/repository/org/tukaani/xz/1.0/xz-1.0.jar:/home/user/.m2/repository/org/apache/hadoop/hadoop-common/3.2.0/hadoop-common-3.2.0.jar:/home/user/.m2/repository/org/apache/hadoop/hadoop-hdfs/3.2.0/hadoop-hdfs-3.2.0.jar:/home/user/.m2/repository/org/apache/hadoop/hadoop-hdfs-client/3.2.0/hadoop-hdfs-client-3.2.0.jar:/home/user/.m2/repository/com/fasterxml/jackson/core/jackson-annotations/2.9.5/jackson-annotations-2.9.5.jar:/home/user/.m2/repository/org/apache/hadoop/hadoop-hdds-common/0.5.0-SNAPSHOT/hadoop-hdds-common-0.5.0-SNAPSHOT.jar:/home/user/.m2/repository/javax/annotation/javax.annotation-api/1.2/javax.annotation-api-1.2.jar:/home/user/.m2/repository/org/apache/ratis/ratis-server/0.4.0-2337318-SNAPSHOT/ratis-server-0.4.0-2337318-SNAPSHOT.jar:/home/user/.m2/repository/org/apache/ratis/ratis-thirdparty-misc/0.2.0/ratis-thirdparty-misc-0.2.0.jar:/home/user/.m2/repository/org/apache/ratis/ratis-proto/0.4.0-2337318-SNAPSHOT/ratis-proto-0.4.0-2337318-SNAPSHOT.jar:/home/user/.m2/repository/org/apache/ratis/ratis-common/0.4.0-2337318-SNAPSHOT/ratis-common-0.4.0-2337318-SNAPSHOT.jar:/home/user/.m2/repository/org/apache/ratis/ratis-client/0.4.0-2337318-SNAPSHOT/ratis-client-0.4.0-2337318-SNAPSHOT.jar:/home/user/.m2/repository/org/apache/ratis/ratis-metrics/0.4.0-2337318-SNAPSHOT/ratis-metrics-0.4.0-2337318-SNAPSHOT.jar:/home/user/.m2/repository/org/apache/ratis/ratis-netty/0.4.0-2337318-SNAPSHOT/ratis-netty-0.4.0-2337318-SNAPSHOT.jar:/home/user/.m2/repository/org/apache/ratis/ratis-grpc/0.4.0-2337318-SNAPSHOT/ratis-grpc-0.4.0-2337318-SNAPSHOT.jar:/home/user/.m2/repository/org/rocksdb/rocksdbjni/6.0.1/rocksdbjni-6.0.1.jar:/home/user/.m2/repository/org/apache/logging/log4j/log4j-api/2.11.0/log4j-api-2.11.0.jar:/home/user/.m2/repository/org/apache/logging/log4j/log4j-core/2.11.0/log4j-core-2.11.0.jar:/home/user/.m2/repository/com/lmax/disruptor/3.4.2/disruptor-3.4.2.jar:/home/user/.m2/repository/org/apache/commons/commons-pool2/2.6.0/commons-pool2-2.6.0.jar:/home/user/.m2/repository/org/bouncycastle/bcpkix-jdk15on/1.60/bcpkix-jdk15on-1.60.jar:/home/user/.m2/repository/commons-validator/commons-validator/1.6/commons-validator-1.6.jar:/home/user/.m2/repository/commons-digester/commons-digester/1.8.1/commons-digester-1.8.1.jar:/home/user/.m2/repository/io/jaegertracing/jaeger-client/0.33.1/jaeger-client-0.33.1.jar:/home/user/.m2/repository/io/jaegertracing/jaeger-thrift/0.33.1/jaeger-thrift-0.33.1.jar:/home/user/.m2/repository/org/apache/thrift/libthrift/0.11.0/libthrift-0.11.0.jar:/home/user/.m2/repository/com/squareup/okhttp3/okhttp/3.9.0/okhttp-3.9.0.jar:/home/user/.m2/repository/com/squareup/okio/okio/1.13.0/okio-1.13.0.jar:/home/user/.m2/repository/io/jaegertracing/jaeger-core/0.33.1/jaeger-core-0.33.1.jar:/home/user/.m2/repository/io/jaegertracing/jaeger-tracerresolver/0.33.1/jaeger-tracerresolver-0.33.1.jar:/home/user/.m2/repository/io/opentracing/contrib/opentracing-tracerresolver/0.1.5/opentracing-tracerresolver-0.1.5.jar:/home/user/.m2/repository/io/opentracing/opentracing-util/0.31.0/opentracing-util-0.31.0.jar:/home/user/.m2/repository/io/opentracing/opentracing-api/0.31.0/opentracing-api-0.31.0.jar:/home/user/.m2/repository/io/opentracing/opentracing-noop/0.31.0/opentracing-noop-0.31.0.jar:/home/user/.m2/repository/org/apache/hadoop/hadoop-hdds-server-framework/0.5.0-SNAPSHOT/hadoop-hdds-server-framework-0.5.0-SNAPSHOT.jar:/home/user/.m2/repository/org/apache/hadoop/hadoop-hdds-container-service/0.5.0-SNAPSHOT/hadoop-hdds-container-service-0.5.0-SNAPSHOT.jar:/home/user/.m2/repository/org/apache/hadoop/hadoop-hdds-client/0.5.0-SNAPSHOT/hadoop-hdds-client-0.5.0-SNAPSHOT.jar:/home/user/.m2/repository/org/apache/hadoop/hadoop-hdds-tools/0.5.0-SNAPSHOT/hadoop-hdds-tools-0.5.0-SNAPSHOT.jar:/home/user/.m2/repository/org/apache/hadoop/hadoop-hdds-server-scm/0.5.0-SNAPSHOT/hadoop-hdds-server-scm-0.5.0-SNAPSHOT.jar:/home/user/.m2/repository/org/apache/hadoop/hadoop-hdds-docs/0.5.0-SNAPSHOT/hadoop-hdds-docs-0.5.0-SNAPSHOT.jar:/home/user/.m2/repository/io/dropwizard/metrics/metrics-core/3.2.4/metrics-core-3.2.4.jar:/home/user/.m2/repository/org/hamcrest/hamcrest-all/1.3/hamcrest-all-1.3.jar:/home/user/.m2/repository/org/bouncycastle/bcprov-jdk15on/1.60/bcprov-jdk15on-1.60.jar:/home/user/.m2/repository/info/picocli/picocli/3.9.6/picocli-3.9.6.jar:/home/user/.m2/repository/com/google/protobuf/protobuf-java/2.5.0/protobuf-java-2.5.0.jar:/home/user/.m2/repository/com/google/guava/guava/11.0.2/guava-11.0.2.jar:/home/user/.m2/repository/org/apache/hadoop/hadoop-ozone-ozone-manager/0.5.0-SNAPSHOT/hadoop-ozone-ozone-manager-0.5.0-SNAPSHOT.jar:/home/user/.m2/repository/org/apache/hadoop/hadoop-minikdc/3.2.0/hadoop-minikdc-3.2.0.jar:/home/user/.m2/repository/commons-io/commons-io/2.5/commons-io-2.5.jar:/home/user/.m2/repository/org/apache/kerby/kerb-simplekdc/1.0.1/kerb-simplekdc-1.0.1.jar:/home/user/.m2/repository/org/apache/kerby/kerb-client/1.0.1/kerb-client-1.0.1.jar:/home/user/.m2/repository/org/apache/kerby/kerby-config/1.0.1/kerby-config-1.0.1.jar:/home/user/.m2/repository/org/apache/kerby/kerb-core/1.0.1/kerb-core-1.0.1.jar:/home/user/.m2/repository/org/apache/kerby/kerby-pkix/1.0.1/kerby-pkix-1.0.1.jar:/home/user/.m2/repository/org/apache/kerby/kerby-asn1/1.0.1/kerby-asn1-1.0.1.jar:/home/user/.m2/repository/org/apache/kerby/kerby-util/1.0.1/kerby-util-1.0.1.jar:/home/user/.m2/repository/org/apache/kerby/kerb-common/1.0.1/kerb-common-1.0.1.jar:/home/user/.m2/repository/org/apache/kerby/kerb-crypto/1.0.1/kerb-crypto-1.0.1.jar:/home/user/.m2/repository/org/apache/kerby/kerb-util/1.0.1/kerb-util-1.0.1.jar:/home/user/.m2/repository/org/apache/kerby/token-provider/1.0.1/token-provider-1.0.1.jar:/home/user/.m2/repository/org/apache/kerby/kerb-admin/1.0.1/kerb-admin-1.0.1.jar:/home/user/.m2/repository/org/apache/kerby/kerb-server/1.0.1/kerb-server-1.0.1.jar:/home/user/.m2/repository/org/apache/kerby/kerb-identity/1.0.1/kerb-identity-1.0.1.jar:/home/user/.m2/repository/org/apache/kerby/kerby-xdr/1.0.1/kerby-xdr-1.0.1.jar:/home/user/.m2/repository/org/slf4j/slf4j-log4j12/1.7.25/slf4j-log4j12-1.7.25.jar:/home/user/.m2/repository/org/apache/hadoop/hadoop-ozone-s3gateway/0.5.0-SNAPSHOT/hadoop-ozone-s3gateway-0.5.0-SNAPSHOT.jar:/home/user/.m2/repository/org/jboss/weld/servlet/weld-servlet/2.4.7.Final/weld-servlet-2.4.7.Final.jar:/home/user/.m2/repository/org/glassfish/jersey/containers/jersey-container-servlet-core/2.27/jersey-container-servlet-core-2.27.jar:/home/user/.m2/repository/org/glassfish/hk2/external/javax.inject/2.5.0-b42/javax.inject-2.5.0-b42.jar:/home/user/.m2/repository/org/glassfish/jersey/core/jersey-common/2.27/jersey-common-2.27.jar:/home/user/.m2/repository/org/glassfish/hk2/osgi-resource-locator/1.0.1/osgi-resource-locator-1.0.1.jar:/home/user/.m2/repository/javax/ws/rs/javax.ws.rs-api/2.1/javax.ws.rs-api-2.1.jar:/home/user/.m2/repository/org/glassfish/jersey/ext/cdi/jersey-cdi1x/2.27/jersey-cdi1x-2.27.jar:/home/user/.m2/repository/org/glassfish/jersey/inject/jersey-hk2/2.27/jersey-hk2-2.27.jar:/home/user/.m2/repository/org/glassfish/hk2/hk2-locator/2.5.0-b42/hk2-locator-2.5.0-b42.jar:/home/user/.m2/repository/org/javassist/javassist/3.22.0-CR2/javassist-3.22.0-CR2.jar:/home/user/.m2/repository/org/glassfish/hk2/hk2-api/2.5.0/hk2-api-2.5.0.jar:/home/user/.m2/repository/org/glassfish/hk2/external/jakarta.inject/2.5.0/jakarta.inject-2.5.0.jar:/home/user/.m2/repository/org/glassfish/hk2/hk2-utils/2.5.0/hk2-utils-2.5.0.jar:/home/user/.m2/repository/jakarta/annotation/jakarta.annotation-api/1.3.4/jakarta.annotation-api-1.3.4.jar:/home/user/.m2/repository/org/glassfish/hk2/external/aopalliance-repackaged/2.5.0/aopalliance-repackaged-2.5.0.jar:/home/user/.m2/repository/com/fasterxml/jackson/dataformat/jackson-dataformat-xml/2.9.0/jackson-dataformat-xml-2.9.0.jar:/home/user/.m2/repository/com/fasterxml/jackson/core/jackson-core/2.9.5/jackson-core-2.9.5.jar:/home/user/.m2/repository/com/fasterxml/jackson/module/jackson-module-jaxb-annotations/2.9.5/jackson-module-jaxb-annotations-2.9.5.jar:/home/user/.m2/repository/javax/enterprise/cdi-api/1.2/cdi-api-1.2.jar:/home/user/.m2/repository/javax/el/javax.el-api/3.0.0/javax.el-api-3.0.0.jar:/home/user/.m2/repository/javax/interceptor/javax.interceptor-api/1.2/javax.interceptor-api-1.2.jar:/home/user/.m2/repository/javax/inject/javax.inject/1/javax.inject-1.jar:/home/user/.m2/repository/com/sun/xml/bind/jaxb-impl/2.3.0.1/jaxb-impl-2.3.0.1.jar:/home/user/.m2/repository/com/sun/xml/bind/jaxb-core/2.3.0.1/jaxb-core-2.3.0.1.jar:/home/user/.m2/repository/javax/xml/bind/jaxb-api/2.3.0/jaxb-api-2.3.0.jar:/home/user/.m2/repository/javax/activation/activation/1.1.1/activation-1.1.1.jar:/home/user/.m2/repository/org/apache/hadoop/hadoop-ozone-csi/0.5.0-SNAPSHOT/hadoop-ozone-csi-0.5.0-SNAPSHOT.jar:/home/user/.m2/repository/com/google/protobuf/protobuf-java-util/3.5.1/protobuf-java-util-3.5.1.jar:/home/user/.m2/repository/org/apache/hadoop/hadoop-hdds-config/0.5.0-SNAPSHOT/hadoop-hdds-config-0.5.0-SNAPSHOT.jar:/home/user/.m2/repository/io/grpc/grpc-netty/1.17.1/grpc-netty-1.17.1.jar:/home/user/.m2/repository/io/grpc/grpc-core/1.17.1/grpc-core-1.17.1.jar:/home/user/.m2/repository/io/grpc/grpc-context/1.17.1/grpc-context-1.17.1.jar:/home/user/.m2/repository/com/google/errorprone/error_prone_annotations/2.2.0/error_prone_annotations-2.2.0.jar:/home/user/.m2/repository/org/codehaus/mojo/animal-sniffer-annotations/1.17/animal-sniffer-annotations-1.17.jar:/home/user/.m2/repository/io/opencensus/opencensus-api/0.17.0/opencensus-api-0.17.0.jar:/home/user/.m2/repository/io/opencensus/opencensus-contrib-grpc-metrics/0.17.0/opencensus-contrib-grpc-metrics-0.17.0.jar:/home/user/.m2/repository/io/netty/netty-codec-http2/4.1.30.Final/netty-codec-http2-4.1.30.Final.jar:/home/user/.m2/repository/io/netty/netty-codec-http/4.1.30.Final/netty-codec-http-4.1.30.Final.jar:/home/user/.m2/repository/io/netty/netty-codec/4.1.30.Final/netty-codec-4.1.30.Final.jar:/home/user/.m2/repository/io/netty/netty-handler/4.1.30.Final/netty-handler-4.1.30.Final.jar:/home/user/.m2/repository/io/netty/netty-handler-proxy/4.1.30.Final/netty-handler-proxy-4.1.30.Final.jar:/home/user/.m2/repository/io/netty/netty-codec-socks/4.1.30.Final/netty-codec-socks-4.1.30.Final.jar:/home/user/.m2/repository/io/netty/netty-transport-native-epoll/4.1.30.Final/netty-transport-native-epoll-4.1.30.Final.jar:/home/user/.m2/repository/io/netty/netty-common/4.1.30.Final/netty-common-4.1.30.Final.jar:/home/user/.m2/repository/io/netty/netty-buffer/4.1.30.Final/netty-buffer-4.1.30.Final.jar:/home/user/.m2/repository/io/netty/netty-transport/4.1.30.Final/netty-transport-4.1.30.Final.jar:/home/user/.m2/repository/io/netty/netty-resolver/4.1.30.Final/netty-resolver-4.1.30.Final.jar:/home/user/.m2/repository/io/netty/netty-transport-native-unix-common/4.1.30.Final/netty-transport-native-unix-common-4.1.30.Final.jar:/home/user/.m2/repository/io/grpc/grpc-protobuf/1.17.1/grpc-protobuf-1.17.1.jar:/home/user/.m2/repository/com/google/api/grpc/proto-google-common-protos/1.0.0/proto-google-common-protos-1.0.0.jar:/home/user/.m2/repository/io/grpc/grpc-protobuf-lite/1.17.1/grpc-protobuf-lite-1.17.1.jar:/home/user/.m2/repository/io/grpc/grpc-stub/1.17.1/grpc-stub-1.17.1.jar:/home/user/.m2/repository/org/apache/hadoop/hadoop-ozone-recon/0.5.0-SNAPSHOT/hadoop-ozone-recon-0.5.0-SNAPSHOT.jar:/home/user/.m2/repository/org/apache/hadoop/hadoop-ozone-reconcodegen/0.5.0-SNAPSHOT/hadoop-ozone-reconcodegen-0.5.0-SNAPSHOT.jar:/home/user/.m2/repository/com/google/inject/extensions/guice-multibindings/4.0/guice-multibindings-4.0.jar:/home/user/.m2/repository/com/google/inject/guice/4.0/guice-4.0.jar:/home/user/.m2/repository/aopalliance/aopalliance/1.0/aopalliance-1.0.jar:/home/user/.m2/repository/com/google/inject/extensions/guice-servlet/4.0/guice-servlet-4.0.jar:/home/user/.m2/repository/org/glassfish/jersey/containers/jersey-container-servlet/2.27/jersey-container-servlet-2.27.jar:/home/user/.m2/repository/org/glassfish/hk2/guice-bridge/2.5.0/guice-bridge-2.5.0.jar:/home/user/.m2/repository/org/glassfish/jersey/core/jersey-server/2.27/jersey-server-2.27.jar:/home/user/.m2/repository/org/glassfish/jersey/core/jersey-client/2.27/jersey-client-2.27.jar:/home/user/.m2/repository/org/glassfish/jersey/media/jersey-media-jaxb/2.27/jersey-media-jaxb-2.27.jar:/home/user/.m2/repository/javax/validation/validation-api/1.1.0.Final/validation-api-1.1.0.Final.jar:/home/user/.m2/repository/org/glassfish/jersey/media/jersey-media-json-jackson/2.27/jersey-media-json-jackson-2.27.jar:/home/user/.m2/repository/org/glassfish/jersey/ext/jersey-entity-filtering/2.27/jersey-entity-filtering-2.27.jar:/home/user/.m2/repository/com/google/inject/extensions/guice-assistedinject/4.0/guice-assistedinject-4.0.jar:/home/user/.m2/repository/org/jooq/jooq/3.11.10/jooq-3.11.10.jar:/home/user/.m2/repository/org/jooq/jooq-meta/3.11.10/jooq-meta-3.11.10.jar:/home/user/.m2/repository/org/jooq/jooq-codegen/3.11.10/jooq-codegen-3.11.10.jar:/home/user/.m2/repository/com/jolbox/bonecp/0.8.0.RELEASE/bonecp-0.8.0.RELEASE.jar:/home/user/.m2/repository/org/xerial/sqlite-jdbc/3.25.2/sqlite-jdbc-3.25.2.jar:/home/user/.m2/repository/org/springframework/spring-jdbc/5.1.3.RELEASE/spring-jdbc-5.1.3.RELEASE.jar:/home/user/.m2/repository/org/springframework/spring-beans/5.1.3.RELEASE/spring-beans-5.1.3.RELEASE.jar:/home/user/.m2/repository/org/springframework/spring-core/5.1.3.RELEASE/spring-core-5.1.3.RELEASE.jar:/home/user/.m2/repository/org/springframework/spring-jcl/5.1.3.RELEASE/spring-jcl-5.1.3.RELEASE.jar:/home/user/.m2/repository/org/springframework/spring-tx/5.1.3.RELEASE/spring-tx-5.1.3.RELEASE.jar:/home/user/.m2/repository/org/apache/hadoop/hadoop-ozone-client/0.5.0-SNAPSHOT/hadoop-ozone-client-0.5.0-SNAPSHOT.jar:/home/user/.m2/repository/commons-lang/commons-lang/2.6/commons-lang-2.6.jar:/home/user/.m2/repository/org/apache/hadoop/hadoop-ozone-ozone-manager/0.5.0-SNAPSHOT/hadoop-ozone-ozone-manager-0.5.0-SNAPSHOT-tests.jar:/home/user/.m2/repository/junit/junit/4.11/junit-4.11.jar:/home/user/.m2/repository/org/hamcrest/hamcrest-core/1.3/hamcrest-core-1.3.jar:/home/user/.m2/repository/org/openjdk/jmh/jmh-core/1.19/jmh-core-1.19.jar:/home/user/.m2/repository/net/sf/jopt-simple/jopt-simple/4.6/jopt-simple-4.6.jar:/home/user/.m2/repository/org/apache/commons/commons-math3/3.1.1/commons-math3-3.1.1.jar:/home/user/.m2/repository/org/openjdk/jmh/jmh-generator-annprocess/1.19/jmh-generator-annprocess-1.19.jar:/home/user/.m2/repository/org/mockito/mockito-all/1.8.5/mockito-all-1.8.5.jar:/home/user/.m2/repository/org/apache/hadoop/hadoop-kms/3.2.0/hadoop-kms-3.2.0.jar:/home/user/.m2/repository/org/apache/hadoop/hadoop-auth/3.2.0/hadoop-auth-3.2.0.jar:/home/user/.m2/repository/com/nimbusds/nimbus-jose-jwt/4.41.1/nimbus-jose-jwt-4.41.1.jar:/home/user/.m2/repository/com/github/stephenc/jcip/jcip-annotations/1.0-1/jcip-annotations-1.0-1.jar:/home/user/.m2/repository/net/minidev/json-smart/2.3/json-smart-2.3.jar:/home/user/.m2/repository/net/minidev/accessors-smart/1.2/accessors-smart-1.2.jar:/home/user/.m2/repository/org/ow2/asm/asm/5.0.4/asm-5.0.4.jar:/home/user/.m2/repository/org/apache/curator/curator-framework/2.12.0/curator-framework-2.12.0.jar:/home/user/.m2/repository/com/sun/jersey/jersey-core/1.19/jersey-core-1.19.jar:/home/user/.m2/repository/javax/ws/rs/jsr311-api/1.1.1/jsr311-api-1.1.1.jar:/home/user/.m2/repository/com/sun/jersey/jersey-server/1.19/jersey-server-1.19.jar:/home/user/.m2/repository/javax/servlet/javax.servlet-api/3.1.0/javax.servlet-api-3.1.0.jar:/home/user/.m2/repository/org/eclipse/jetty/jetty-server/9.3.24.v20180605/jetty-server-9.3.24.v20180605.jar:/home/user/.m2/repository/org/eclipse/jetty/jetty-http/9.3.24.v20180605/jetty-http-9.3.24.v20180605.jar:/home/user/.m2/repository/org/eclipse/jetty/jetty-io/9.3.24.v20180605/jetty-io-9.3.24.v20180605.jar:/home/user/.m2/repository/org/eclipse/jetty/jetty-webapp/9.3.24.v20180605/jetty-webapp-9.3.24.v20180605.jar:/home/user/.m2/repository/org/eclipse/jetty/jetty-xml/9.3.24.v20180605/jetty-xml-9.3.24.v20180605.jar:/home/user/.m2/repository/log4j/log4j/1.2.17/log4j-1.2.17.jar:/home/user/.m2/repository/org/slf4j/slf4j-api/1.7.25/slf4j-api-1.7.25.jar:/home/user/.m2/repository/org/slf4j/jul-to-slf4j/1.7.25/jul-to-slf4j-1.7.25.jar:/home/user/.m2/repository/org/eclipse/jetty/jetty-util/9.3.24.v20180605/jetty-util-9.3.24.v20180605.jar:/home/user/.m2/repository/com/fasterxml/jackson/core/jackson-databind/2.9.5/jackson-databind-2.9.5.jar:/home/user/.m2/repository/org/apache/hadoop/hadoop-kms/3.2.0/hadoop-kms-3.2.0-tests.jar:/home/user/.m2/repository/org/apache/hadoop/hadoop-hdds-server-scm/0.5.0-SNAPSHOT/hadoop-hdds-server-scm-0.5.0-SNAPSHOT-tests.jar:/home/user/.m2/repository/org/apache/hadoop/hadoop-hdds-container-service/0.5.0-SNAPSHOT/hadoop-hdds-container-service-0.5.0-SNAPSHOT-tests.jar:/home/user/.m2/repository/org/yaml/snakeyaml/1.16/snakeyaml-1.16.jar:/home/user/.m2/repository/org/apache/hadoop/hadoop-common/3.2.0/hadoop-common-3.2.0-tests.jar:/home/user/.m2/repository/org/apache/hadoop/hadoop-annotations/3.2.0/hadoop-annotations-3.2.0.jar:/usr/lib/jvm/java-1.8-openjdk/jre/../lib/tools.jar:/home/user/.m2/repository/commons-cli/commons-cli/1.2/commons-cli-1.2.jar:/home/user/.m2/repository/org/apache/httpcomponents/httpclient/4.5.2/httpclient-4.5.2.jar:/home/user/.m2/repository/org/apache/httpcomponents/httpcore/4.4.4/httpcore-4.4.4.jar:/home/user/.m2/repository/commons-codec/commons-codec/1.11/commons-codec-1.11.jar:/home/user/.m2/repository/commons-net/commons-net/3.6/commons-net-3.6.jar:/home/user/.m2/repository/commons-collections/commons-collections/3.2.2/commons-collections-3.2.2.jar:/home/user/.m2/repository/org/eclipse/jetty/jetty-servlet/9.3.24.v20180605/jetty-servlet-9.3.24.v20180605.jar:/home/user/.m2/repository/org/eclipse/jetty/jetty-security/9.3.24.v20180605/jetty-security-9.3.24.v20180605.jar:/home/user/.m2/repository/javax/servlet/jsp/jsp-api/2.1/jsp-api-2.1.jar:/home/user/.m2/repository/com/sun/jersey/jersey-servlet/1.19/jersey-servlet-1.19.jar:/home/user/.m2/repository/com/sun/jersey/jersey-json/1.19/jersey-json-1.19.jar:/home/user/.m2/repository/org/codehaus/jettison/jettison/1.1/jettison-1.1.jar:/home/user/.m2/repository/org/codehaus/jackson/jackson-core-asl/1.9.13/jackson-core-asl-1.9.13.jar:/home/user/.m2/repository/org/codehaus/jackson/jackson-mapper-asl/1.9.13/jackson-mapper-asl-1.9.13.jar:/home/user/.m2/repository/org/codehaus/jackson/jackson-jaxrs/1.9.13/jackson-jaxrs-1.9.13.jar:/home/user/.m2/repository/org/codehaus/jackson/jackson-xc/1.9.13/jackson-xc-1.9.13.jar:/home/user/.m2/repository/commons-logging/commons-logging/1.1.3/commons-logging-1.1.3.jar:/home/user/.m2/repository/commons-beanutils/commons-beanutils/1.9.3/commons-beanutils-1.9.3.jar:/home/user/.m2/repository/org/apache/commons/commons-configuration2/2.1.1/commons-configuration2-2.1.1.jar:/home/user/.m2/repository/org/apache/commons/commons-lang3/3.7/commons-lang3-3.7.jar:/home/user/.m2/repository/org/apache/commons/commons-text/1.4/commons-text-1.4.jar:/home/user/.m2/repository/org/apache/avro/avro/1.7.7/avro-1.7.7.jar:/home/user/.m2/repository/com/thoughtworks/paranamer/paranamer/2.3/paranamer-2.3.jar:/home/user/.m2/repository/org/xerial/snappy/snappy-java/1.0.5/snappy-java-1.0.5.jar:/home/user/.m2/repository/com/google/re2j/re2j/1.1/re2j-1.1.jar:/home/user/.m2/repository/com/google/code/gson/gson/2.2.4/gson-2.2.4.jar:/home/user/.m2/repository/com/jcraft/jsch/0.1.54/jsch-0.1.54.jar:/home/user/.m2/repository/org/apache/curator/curator-client/2.12.0/curator-client-2.12.0.jar:/home/user/.m2/repository/org/apache/curator/curator-recipes/2.12.0/curator-recipes-2.12.0.jar:/home/user/.m2/repository/com/google/code/findbugs/jsr305/3.0.0/jsr305-3.0.0.jar:/home/user/.m2/repository/org/apache/htrace/htrace-core4/4.1.0-incubating/htrace-core4-4.1.0-incubating.jar:/home/user/.m2/repository/org/apache/zookeeper/zookeeper/3.4.13/zookeeper-3.4.13.jar:/home/user/.m2/repository/org/apache/yetus/audience-annotations/0.5.0/audience-annotations-0.5.0.jar:/home/user/.m2/repository/org/codehaus/woodstox/stax2-api/3.1.4/stax2-api-3.1.4.jar:/home/user/.m2/repository/com/fasterxml/woodstox/woodstox-core/5.0.3/woodstox-core-5.0.3.jar:/home/user/.m2/repository/dnsjava/dnsjava/2.1.7/dnsjava-2.1.7.jar:/home/user/.m2/repository/org/apache/hadoop/hadoop-hdfs/3.2.0/hadoop-hdfs-3.2.0-tests.jar:/home/user/.m2/repository/org/eclipse/jetty/jetty-util-ajax/9.3.24.v20180605/jetty-util-ajax-9.3.24.v20180605.jar:/home/user/.m2/repository/commons-daemon/commons-daemon/1.0.13/commons-daemon-1.0.13.jar:/home/user/.m2/repository/io/netty/netty/3.10.5.Final/netty-3.10.5.Final.jar:/home/user/.m2/repository/io/netty/netty-all/4.0.52.Final/netty-all-4.0.52.Final.jar:/home/user/.m2/repository/org/fusesource/leveldbjni/leveldbjni-all/1.8/leveldbjni-all-1.8.jar:"/>
    <property name="sun.cpu.endian" value="little"/>
    <property name="user.home" value="/home/user"/>
    <property name="user.language" value="en"/>
    <property name="java.specification.vendor" value="Oracle Corporation"/>
    <property name="java.home" value="/usr/lib/jvm/java-1.8-openjdk/jre"/>
    <property name="java.security.krb5.conf" value="/workdir/hadoop-ozone/integration-test/target/test-classes/krb5.conf"/>
    <property name="basedir" value="/workdir/hadoop-ozone/integration-test"/>
    <property name="file.separator" value="/"/>
    <property name="line.separator" value="&#10;"/>
    <property name="java.vm.specification.vendor" value="Oracle Corporation"/>
    <property name="java.specification.name" value="Java Platform API Specification"/>
    <property name="java.awt.graphicsenv" value="sun.awt.X11GraphicsEnvironment"/>
    <property name="surefire.real.class.path" value="/workdir/hadoop-ozone/integration-test/target/surefire/surefirebooter4470386284920741356.jar"/>
    <property name="hadoop.log.dir" value="/workdir/hadoop-ozone/integration-test/target/log"/>
    <property name="sun.boot.class.path" value="/usr/lib/jvm/java-1.8-openjdk/jre/lib/resources.jar:/usr/lib/jvm/java-1.8-openjdk/jre/lib/rt.jar:/usr/lib/jvm/java-1.8-openjdk/jre/lib/sunrsasign.jar:/usr/lib/jvm/java-1.8-openjdk/jre/lib/jsse.jar:/usr/lib/jvm/java-1.8-openjdk/jre/lib/jce.jar:/usr/lib/jvm/java-1.8-openjdk/jre/lib/charsets.jar:/usr/lib/jvm/java-1.8-openjdk/jre/lib/jfr.jar:/usr/lib/jvm/java-1.8-openjdk/jre/classes"/>
    <property name="sun.management.compiler" value="HotSpot 64-Bit Tiered Compilers"/>
    <property name="java.runtime.version" value="1.8.0_212-b04"/>
    <property name="java.net.preferIPv4Stack" value="true"/>
    <property name="user.name" value="jenkins1000"/>
    <property name="path.separator" value=":"/>
    <property name="java.security.egd" value="file:///dev/urandom"/>
    <property name="os.version" value="3.10.0-957.12.2.el7.x86_64"/>
    <property name="java.endorsed.dirs" value="/usr/lib/jvm/java-1.8-openjdk/jre/lib/endorsed"/>
    <property name="java.runtime.name" value="OpenJDK Runtime Environment"/>
    <property name="file.encoding" value="UTF-8"/>
    <property name="java.vm.name" value="OpenJDK 64-Bit Server VM"/>
    <property name="test.build.webapps" value=""/>
    <property name="localRepository" value="/home/user/.m2/repository"/>
    <property name="java.vendor.url.bug" value="https://icedtea.classpath.org/bugzilla"/>
    <property name="java.io.tmpdir" value="/tmp"/>
    <property name="require.test.libhadoop" value=""/>
    <property name="java.version" value="1.8.0_212"/>
    <property name="user.dir" value="/workdir/hadoop-ozone/integration-test"/>
    <property name="os.arch" value="amd64"/>
    <property name="java.vm.specification.name" value="Java Virtual Machine Specification"/>
    <property name="test.build.classes" value="/workdir/hadoop-ozone/integration-test/target/test-classes"/>
    <property name="java.awt.printerjob" value="sun.print.PSPrinterJob"/>
    <property name="sun.os.patch.level" value="unknown"/>
    <property name="hadoop.tmp.dir" value="/workdir/hadoop-ozone/integration-test/target/tmp"/>
    <property name="java.library.path" value="/usr/lib/jvm/java-1.8-openjdk/jre/lib/amd64/server:/usr/lib/jvm/java-1.8-openjdk/jre/lib/amd64:/usr/lib/jvm/java-1.8-openjdk/jre/../lib/amd64:/workdir/hadoop-ozone/integration-test/target/native/target/usr/local/lib:/workdir/hadoop-ozone/integration-test/../../hadoop-common-project/hadoop-common/target/native/target/usr/local/lib:/usr/java/packages/lib/amd64:/usr/lib64:/lib64:/lib:/usr/lib"/>
    <property name="java.vm.info" value="mixed mode"/>
    <property name="java.vendor" value="IcedTea"/>
    <property name="java.vm.version" value="25.212-b04"/>
    <property name="java.ext.dirs" value="/usr/lib/jvm/java-1.8-openjdk/jre/lib/ext:/usr/java/packages/lib/ext"/>
    <property name="sun.io.unicode.encoding" value="UnicodeLittle"/>
    <property name="java.class.version" value="52.0"/>
  </properties>
  <testcase name="test2DatanodesFailure" classname="org.apache.hadoop.ozone.client.rpc.TestBlockOutputStreamWithFailures" time="49.926">
    <failure message="expected:&lt;5&gt; but was:&lt;6&gt;" type="java.lang.AssertionError"><![CDATA[java.lang.AssertionError: expected:<5> but was:<6>
	at org.junit.Assert.fail(Assert.java:88)
	at org.junit.Assert.failNotEquals(Assert.java:743)
	at org.junit.Assert.assertEquals(Assert.java:118)
	at org.junit.Assert.assertEquals(Assert.java:555)
	at org.junit.Assert.assertEquals(Assert.java:542)
	at org.apache.hadoop.ozone.client.rpc.TestBlockOutputStreamWithFailures.test2DatanodesFailure(TestBlockOutputStreamWithFailures.java:467)
	at sun.reflect.NativeMethodAccessorImpl.invoke0(Native Method)
	at sun.reflect.NativeMethodAccessorImpl.invoke(NativeMethodAccessorImpl.java:62)
	at sun.reflect.DelegatingMethodAccessorImpl.invoke(DelegatingMethodAccessorImpl.java:43)
	at java.lang.reflect.Method.invoke(Method.java:498)
	at org.junit.runners.model.FrameworkMethod$1.runReflectiveCall(FrameworkMethod.java:47)
	at org.junit.internal.runners.model.ReflectiveCallable.run(ReflectiveCallable.java:12)
	at org.junit.runners.model.FrameworkMethod.invokeExplosively(FrameworkMethod.java:44)
	at org.junit.internal.runners.statements.InvokeMethod.evaluate(InvokeMethod.java:17)
	at org.junit.internal.runners.statements.RunBefores.evaluate(RunBefores.java:26)
	at org.junit.internal.runners.statements.RunAfters.evaluate(RunAfters.java:27)
	at org.junit.runners.ParentRunner.runLeaf(ParentRunner.java:271)
	at org.junit.runners.BlockJUnit4ClassRunner.runChild(BlockJUnit4ClassRunner.java:70)
	at org.junit.runners.BlockJUnit4ClassRunner.runChild(BlockJUnit4ClassRunner.java:50)
	at org.junit.runners.ParentRunner$3.run(ParentRunner.java:238)
	at org.junit.runners.ParentRunner$1.schedule(ParentRunner.java:63)
	at org.junit.runners.ParentRunner.runChildren(ParentRunner.java:236)
	at org.junit.runners.ParentRunner.access$000(ParentRunner.java:53)
	at org.junit.runners.ParentRunner$2.evaluate(ParentRunner.java:229)
	at org.junit.runners.ParentRunner.run(ParentRunner.java:309)
	at org.apache.maven.surefire.junit4.JUnit4Provider.execute(JUnit4Provider.java:365)
	at org.apache.maven.surefire.junit4.JUnit4Provider.executeWithRerun(JUnit4Provider.java:273)
	at org.apache.maven.surefire.junit4.JUnit4Provider.executeTestSet(JUnit4Provider.java:238)
	at org.apache.maven.surefire.junit4.JUnit4Provider.invoke(JUnit4Provider.java:159)
	at org.apache.maven.surefire.booter.ForkedBooter.invokeProviderInSameClassLoader(ForkedBooter.java:384)
	at org.apache.maven.surefire.booter.ForkedBooter.runSuitesInProcess(ForkedBooter.java:345)
	at org.apache.maven.surefire.booter.ForkedBooter.execute(ForkedBooter.java:126)
	at org.apache.maven.surefire.booter.ForkedBooter.main(ForkedBooter.java:418)
]]></failure>
    <system-out><![CDATA[2019-08-29 08:59:19,192 [main] WARN  server.ServerUtils (ServerUtils.java:getScmDbDir(145)) - ozone.scm.db.dirs is not configured. We recommend adding this setting. Falling back to ozone.metadata.dirs instead.
2019-08-29 08:59:19,301 [main] WARN  server.ServerUtils (ServerUtils.java:getScmDbDir(145)) - ozone.scm.db.dirs is not configured. We recommend adding this setting. Falling back to ozone.metadata.dirs instead.
2019-08-29 08:59:19,305 [main] WARN  server.ServerUtils (ServerUtils.java:getScmDbDir(145)) - ozone.scm.db.dirs is not configured. We recommend adding this setting. Falling back to ozone.metadata.dirs instead.
2019-08-29 08:59:19,325 [main] INFO  util.log (Log.java:initialized(192)) - Logging initialized @910ms
2019-08-29 08:59:19,428 [main] INFO  db.DBStoreBuilder (DBStoreBuilder.java:addTable(110)) - using custom profile for table: deletedBlocks
2019-08-29 08:59:19,429 [main] INFO  db.DBStoreBuilder (DBStoreBuilder.java:processTables(161)) - Using default column profile:DBProfile.DISK for Table:deletedBlocks
2019-08-29 08:59:19,429 [main] INFO  db.DBStoreBuilder (DBStoreBuilder.java:addTable(110)) - using custom profile for table: validCerts
2019-08-29 08:59:19,429 [main] INFO  db.DBStoreBuilder (DBStoreBuilder.java:processTables(161)) - Using default column profile:DBProfile.DISK for Table:validCerts
2019-08-29 08:59:19,430 [main] INFO  db.DBStoreBuilder (DBStoreBuilder.java:addTable(110)) - using custom profile for table: revokedCerts
2019-08-29 08:59:19,430 [main] INFO  db.DBStoreBuilder (DBStoreBuilder.java:processTables(161)) - Using default column profile:DBProfile.DISK for Table:revokedCerts
2019-08-29 08:59:19,446 [main] INFO  db.DBStoreBuilder (DBStoreBuilder.java:addTable(110)) - using custom profile for table: default
2019-08-29 08:59:19,446 [main] INFO  db.DBStoreBuilder (DBStoreBuilder.java:processTables(167)) - Using default column profile:DBProfile.DISK for Table:default
2019-08-29 08:59:19,449 [main] INFO  db.DBStoreBuilder (DBStoreBuilder.java:getDbProfile(198)) - Using default options. DBProfile.DISK
2019-08-29 08:59:20,002 [main] INFO  net.NodeSchemaLoader (NodeSchemaLoader.java:loadSchemaFromFile(125)) - Loading file from sun.misc.CompoundEnumeration@368f2016
2019-08-29 08:59:20,004 [main] INFO  net.NodeSchemaLoader (NodeSchemaLoader.java:loadSchema(171)) - Loading network topology layer schema file
2019-08-29 08:59:20,078 [main] INFO  node.SCMNodeManager (SCMNodeManager.java:<init>(114)) - Entering startup safe mode.
2019-08-29 08:59:20,152 [main] INFO  algorithms.ContainerPlacementPolicyFactory (ContainerPlacementPolicyFactory.java:getPolicy(55)) - Create container placement policy of type org.apache.hadoop.hdds.scm.container.placement.algorithms.SCMContainerPlacementRandom
2019-08-29 08:59:20,166 [main] WARN  server.ServerUtils (ServerUtils.java:getScmDbDir(145)) - ozone.scm.db.dirs is not configured. We recommend adding this setting. Falling back to ozone.metadata.dirs instead.
2019-08-29 08:59:20,358 [main] INFO  pipeline.SCMPipelineManager (SCMPipelineManager.java:initializePipelineState(126)) - No pipeline exists in current db
2019-08-29 08:59:20,361 [main] WARN  server.ServerUtils (ServerUtils.java:getScmDbDir(145)) - ozone.scm.db.dirs is not configured. We recommend adding this setting. Falling back to ozone.metadata.dirs instead.
2019-08-29 08:59:20,590 [main] WARN  events.EventQueue (EventQueue.java:fireEvent(183)) - No event handler registered for event TypedEvent{payloadType=SafeModeStatus, name='SafeModeStatus'}
2019-08-29 08:59:21,343 [main] INFO  ipc.CallQueueManager (CallQueueManager.java:<init>(84)) - Using callQueue: class java.util.concurrent.LinkedBlockingQueue, queueCapacity: 2000, scheduler: class org.apache.hadoop.ipc.DefaultRpcScheduler, ipcBackoff: false.
2019-08-29 08:59:21,371 [Socket Reader #1 for port 38280] INFO  ipc.Server (Server.java:run(1074)) - Starting Socket Reader #1 for port 38280
2019-08-29 08:59:21,399 [main] INFO  ipc.CallQueueManager (CallQueueManager.java:<init>(84)) - Using callQueue: class java.util.concurrent.LinkedBlockingQueue, queueCapacity: 2000, scheduler: class org.apache.hadoop.ipc.DefaultRpcScheduler, ipcBackoff: false.
2019-08-29 08:59:21,399 [Socket Reader #1 for port 46461] INFO  ipc.Server (Server.java:run(1074)) - Starting Socket Reader #1 for port 46461
2019-08-29 08:59:21,409 [main] INFO  ipc.CallQueueManager (CallQueueManager.java:<init>(84)) - Using callQueue: class java.util.concurrent.LinkedBlockingQueue, queueCapacity: 2000, scheduler: class org.apache.hadoop.ipc.DefaultRpcScheduler, ipcBackoff: false.
2019-08-29 08:59:21,410 [Socket Reader #1 for port 44392] INFO  ipc.Server (Server.java:run(1074)) - Starting Socket Reader #1 for port 44392
2019-08-29 08:59:21,432 [main] INFO  hdfs.DFSUtil (DFSUtil.java:httpServerTemplateForNNAndJN(1641)) - Starting Web-server for scm at: http://0.0.0.0:0
2019-08-29 08:59:21,597 [main] INFO  server.AuthenticationFilter (AuthenticationFilter.java:constructSecretProvider(240)) - Unable to initialize FileSignerSecretProvider, falling back to use random secrets.
2019-08-29 08:59:21,606 [main] WARN  http.HttpRequestLog (HttpRequestLog.java:getRequestLog(97)) - Jetty request log can only be enabled using Log4j
2019-08-29 08:59:21,615 [main] INFO  http.HttpServer2 (HttpServer2.java:addGlobalFilter(975)) - Added global filter 'safety' (class=org.apache.hadoop.http.HttpServer2$QuotingInputFilter)
2019-08-29 08:59:21,618 [main] INFO  http.HttpServer2 (HttpServer2.java:addFilter(948)) - Added filter static_user_filter (class=org.apache.hadoop.http.lib.StaticUserWebFilter$StaticUserFilter) to context scm
2019-08-29 08:59:21,618 [main] INFO  http.HttpServer2 (HttpServer2.java:addFilter(958)) - Added filter static_user_filter (class=org.apache.hadoop.http.lib.StaticUserWebFilter$StaticUserFilter) to context logs
2019-08-29 08:59:21,619 [main] INFO  http.HttpServer2 (HttpServer2.java:addFilter(958)) - Added filter static_user_filter (class=org.apache.hadoop.http.lib.StaticUserWebFilter$StaticUserFilter) to context static
2019-08-29 08:59:21,649 [main] INFO  server.StorageContainerManager (StorageContainerManager.java:start(759)) - StorageContainerLocationProtocol RPC server is listening at /0.0.0.0:44392
2019-08-29 08:59:21,715 [main] WARN  impl.MetricsConfig (MetricsConfig.java:loadFirst(134)) - Cannot locate configuration: tried hadoop-metrics2-storagecontainermanager.properties,hadoop-metrics2.properties
2019-08-29 08:59:21,728 [main] INFO  impl.MetricsSystemImpl (MetricsSystemImpl.java:startTimer(374)) - Scheduled Metric snapshot period at 10 second(s).
2019-08-29 08:59:21,729 [main] INFO  impl.MetricsSystemImpl (MetricsSystemImpl.java:start(191)) - StorageContainerManager metrics system started
2019-08-29 08:59:21,985 [main] INFO  server.SCMClientProtocolServer (SCMClientProtocolServer.java:start(151)) - RPC server for Client  is listening at /0.0.0.0:44392
2019-08-29 08:59:21,986 [IPC Server Responder] INFO  ipc.Server (Server.java:run(1314)) - IPC Server Responder: starting
2019-08-29 08:59:21,986 [IPC Server listener on 44392] INFO  ipc.Server (Server.java:run(1153)) - IPC Server listener on 44392: starting
2019-08-29 08:59:21,988 [main] INFO  server.StorageContainerManager (StorageContainerManager.java:start(769)) - ScmBlockLocationProtocol RPC server is listening at /0.0.0.0:46461
2019-08-29 08:59:21,990 [main] INFO  server.SCMBlockProtocolServer (SCMBlockProtocolServer.java:start(146)) - RPC server for Block Protocol is listening at /0.0.0.0:46461
2019-08-29 08:59:21,990 [IPC Server Responder] INFO  ipc.Server (Server.java:run(1314)) - IPC Server Responder: starting
2019-08-29 08:59:21,990 [IPC Server listener on 46461] INFO  ipc.Server (Server.java:run(1153)) - IPC Server listener on 46461: starting
2019-08-29 08:59:21,992 [main] INFO  server.StorageContainerManager (StorageContainerManager.java:start(773)) - ScmDatanodeProtocl RPC server is listening at /0.0.0.0:38280
2019-08-29 08:59:21,992 [main] INFO  server.SCMDatanodeProtocolServer (SCMDatanodeProtocolServer.java:start(191)) - RPC server for DataNodes is listening at /0.0.0.0:38280
2019-08-29 08:59:21,993 [IPC Server Responder] INFO  ipc.Server (Server.java:run(1314)) - IPC Server Responder: starting
2019-08-29 08:59:21,993 [IPC Server listener on 38280] INFO  ipc.Server (Server.java:run(1153)) - IPC Server listener on 38280: starting
2019-08-29 08:59:21,996 [main] INFO  http.HttpServer2 (HttpServer2.java:bindListener(1191)) - Jetty bound to port 32785
2019-08-29 08:59:21,998 [main] INFO  server.Server (Server.java:doStart(351)) - jetty-9.3.24.v20180605, build timestamp: 2018-06-05T17:11:56Z, git hash: 84205aa28f11a4f31f2a3b86d1bba2cc8ab69827
2019-08-29 08:59:22,037 [main] INFO  handler.ContextHandler (ContextHandler.java:doStart(781)) - Started o.e.j.s.ServletContextHandler@5c8eee0f{/logs,file:///workdir/hadoop-ozone/integration-test/target/log,AVAILABLE}
2019-08-29 08:59:22,038 [main] INFO  handler.ContextHandler (ContextHandler.java:doStart(781)) - Started o.e.j.s.ServletContextHandler@26425897{/static,file:///workdir/hadoop-ozone/integration-test/target/test-classes/webapps/static,AVAILABLE}
2019-08-29 08:59:22,069 [main] INFO  handler.ContextHandler (ContextHandler.java:doStart(781)) - Started o.e.j.w.WebAppContext@733037{/,file:///workdir/hadoop-ozone/integration-test/target/test-classes/webapps/scm/,AVAILABLE}{/scm}
2019-08-29 08:59:22,075 [main] INFO  server.AbstractConnector (AbstractConnector.java:doStart(278)) - Started ServerConnector@50b8ae8d{HTTP/1.1,[http/1.1]}{0.0.0.0:32785}
2019-08-29 08:59:22,075 [main] INFO  server.Server (Server.java:doStart(419)) - Started @3661ms
2019-08-29 08:59:22,078 [main] INFO  impl.MetricsSinkAdapter (MetricsSinkAdapter.java:start(204)) - Sink prometheus started
2019-08-29 08:59:22,078 [main] INFO  impl.MetricsSystemImpl (MetricsSystemImpl.java:registerSink(301)) - Registered sink prometheus
2019-08-29 08:59:22,079 [main] INFO  server.BaseHttpServer (BaseHttpServer.java:updateConnectorAddress(215)) - HTTP server of SCM is listening at http://0.0.0.0:32785
2019-08-29 08:59:22,085 [org.apache.hadoop.util.JvmPauseMonitor$Monitor@10b3df93] INFO  util.JvmPauseMonitor (JvmPauseMonitor.java:run(188)) - Starting JVM pause monitor
2019-08-29 08:59:22,090 [main] WARN  server.ServerUtils (ServerUtils.java:getDBPath(222)) - ozone.om.db.dirs is not configured. We recommend adding this setting. Falling back to ozone.metadata.dirs instead.
2019-08-29 08:59:22,242 [main] WARN  server.ServerUtils (ServerUtils.java:getDBPath(222)) - ozone.om.db.dirs is not configured. We recommend adding this setting. Falling back to ozone.metadata.dirs instead.
2019-08-29 08:59:22,243 [main] WARN  server.ServerUtils (ServerUtils.java:getDBPath(222)) - ozone.om.db.dirs is not configured. We recommend adding this setting. Falling back to ozone.metadata.dirs instead.
2019-08-29 08:59:22,244 [main] INFO  om.OzoneManager (OzoneManager.java:setOMNodeDetails(652)) - OM Service ID is not set. Setting it to the default ID: omServiceIdDefault
2019-08-29 08:59:22,244 [main] INFO  om.OzoneManager (OzoneManager.java:setOMNodeDetails(658)) - OM Node ID is not set. Setting it to the OmStorage's OmID: 9b132f42-fe20-4fc6-a120-07c80485ff7c
2019-08-29 08:59:22,245 [main] INFO  om.OzoneManager (OzoneManager.java:loadOMHAConfigs(609)) - Found matching OM address with OMServiceId: null, OMNodeId: null, RPC Address: localhost:0 and Ratis port: 9872
2019-08-29 08:59:22,492 | INFO  | SCMAudit | user=jenkins1000 | ip=192.168.69.87 | op=GET_SCM_INFO null | ret=SUCCESS |  
2019-08-29 08:59:22,967 [main] WARN  server.ServerUtils (ServerUtils.java:getDBPath(222)) - ozone.om.db.dirs is not configured. We recommend adding this setting. Falling back to ozone.metadata.dirs instead.
2019-08-29 08:59:22,975 [main] INFO  db.DBStoreBuilder (DBStoreBuilder.java:addTable(110)) - using custom profile for table: userTable
2019-08-29 08:59:22,975 [main] INFO  db.DBStoreBuilder (DBStoreBuilder.java:processTables(161)) - Using default column profile:DBProfile.DISK for Table:userTable
2019-08-29 08:59:22,975 [main] INFO  db.DBStoreBuilder (DBStoreBuilder.java:addTable(110)) - using custom profile for table: volumeTable
2019-08-29 08:59:22,975 [main] INFO  db.DBStoreBuilder (DBStoreBuilder.java:processTables(161)) - Using default column profile:DBProfile.DISK for Table:volumeTable
2019-08-29 08:59:22,976 [main] INFO  db.DBStoreBuilder (DBStoreBuilder.java:addTable(110)) - using custom profile for table: bucketTable
2019-08-29 08:59:22,976 [main] INFO  db.DBStoreBuilder (DBStoreBuilder.java:processTables(161)) - Using default column profile:DBProfile.DISK for Table:bucketTable
2019-08-29 08:59:22,976 [main] INFO  db.DBStoreBuilder (DBStoreBuilder.java:addTable(110)) - using custom profile for table: keyTable
2019-08-29 08:59:22,976 [main] INFO  db.DBStoreBuilder (DBStoreBuilder.java:processTables(161)) - Using default column profile:DBProfile.DISK for Table:keyTable
2019-08-29 08:59:22,977 [main] INFO  db.DBStoreBuilder (DBStoreBuilder.java:addTable(110)) - using custom profile for table: deletedTable
2019-08-29 08:59:22,977 [main] INFO  db.DBStoreBuilder (DBStoreBuilder.java:processTables(161)) - Using default column profile:DBProfile.DISK for Table:deletedTable
2019-08-29 08:59:22,977 [main] INFO  db.DBStoreBuilder (DBStoreBuilder.java:addTable(110)) - using custom profile for table: openKeyTable
2019-08-29 08:59:22,977 [main] INFO  db.DBStoreBuilder (DBStoreBuilder.java:processTables(161)) - Using default column profile:DBProfile.DISK for Table:openKeyTable
2019-08-29 08:59:22,977 [main] INFO  db.DBStoreBuilder (DBStoreBuilder.java:addTable(110)) - using custom profile for table: s3Table
2019-08-29 08:59:22,978 [main] INFO  db.DBStoreBuilder (DBStoreBuilder.java:processTables(161)) - Using default column profile:DBProfile.DISK for Table:s3Table
2019-08-29 08:59:22,978 [main] INFO  db.DBStoreBuilder (DBStoreBuilder.java:addTable(110)) - using custom profile for table: multipartInfoTable
2019-08-29 08:59:22,978 [main] INFO  db.DBStoreBuilder (DBStoreBuilder.java:processTables(161)) - Using default column profile:DBProfile.DISK for Table:multipartInfoTable
2019-08-29 08:59:22,978 [main] INFO  db.DBStoreBuilder (DBStoreBuilder.java:addTable(110)) - using custom profile for table: dTokenTable
2019-08-29 08:59:22,979 [main] INFO  db.DBStoreBuilder (DBStoreBuilder.java:processTables(161)) - Using default column profile:DBProfile.DISK for Table:dTokenTable
2019-08-29 08:59:22,979 [main] INFO  db.DBStoreBuilder (DBStoreBuilder.java:addTable(110)) - using custom profile for table: s3SecretTable
2019-08-29 08:59:22,979 [main] INFO  db.DBStoreBuilder (DBStoreBuilder.java:processTables(161)) - Using default column profile:DBProfile.DISK for Table:s3SecretTable
2019-08-29 08:59:22,979 [main] INFO  db.DBStoreBuilder (DBStoreBuilder.java:addTable(110)) - using custom profile for table: prefixTable
2019-08-29 08:59:22,980 [main] INFO  db.DBStoreBuilder (DBStoreBuilder.java:processTables(161)) - Using default column profile:DBProfile.DISK for Table:prefixTable
2019-08-29 08:59:22,980 [main] INFO  db.DBStoreBuilder (DBStoreBuilder.java:addTable(110)) - using custom profile for table: default
2019-08-29 08:59:22,980 [main] INFO  db.DBStoreBuilder (DBStoreBuilder.java:processTables(167)) - Using default column profile:DBProfile.DISK for Table:default
2019-08-29 08:59:22,980 [main] INFO  db.DBStoreBuilder (DBStoreBuilder.java:getDbProfile(198)) - Using default options. DBProfile.DISK
2019-08-29 08:59:24,792 [main] INFO  ipc.CallQueueManager (CallQueueManager.java:<init>(84)) - Using callQueue: class java.util.concurrent.LinkedBlockingQueue, queueCapacity: 2000, scheduler: class org.apache.hadoop.ipc.DefaultRpcScheduler, ipcBackoff: false.
2019-08-29 08:59:24,793 [Socket Reader #1 for port 42695] INFO  ipc.Server (Server.java:run(1074)) - Starting Socket Reader #1 for port 42695
2019-08-29 08:59:24,812 [main] INFO  om.OzoneManager (OzoneManager.java:start(1266)) - OzoneManager RPC server is listening at localhost/127.0.0.1:42695
2019-08-29 08:59:24,812 [main] INFO  impl.MetricsSystemImpl (MetricsSystemImpl.java:init(158)) - OzoneManager metrics system started (again)
2019-08-29 08:59:24,814 [IPC Server Responder] INFO  ipc.Server (Server.java:run(1314)) - IPC Server Responder: starting
2019-08-29 08:59:24,815 [IPC Server listener on 42695] INFO  ipc.Server (Server.java:run(1153)) - IPC Server listener on 42695: starting
2019-08-29 08:59:24,823 [main] INFO  hdfs.DFSUtil (DFSUtil.java:httpServerTemplateForNNAndJN(1641)) - Starting Web-server for ozoneManager at: http://0.0.0.0:0
2019-08-29 08:59:24,828 [main] INFO  server.AuthenticationFilter (AuthenticationFilter.java:constructSecretProvider(240)) - Unable to initialize FileSignerSecretProvider, falling back to use random secrets.
2019-08-29 08:59:24,829 [main] WARN  http.HttpRequestLog (HttpRequestLog.java:getRequestLog(97)) - Jetty request log can only be enabled using Log4j
2019-08-29 08:59:24,831 [main] INFO  http.HttpServer2 (HttpServer2.java:addGlobalFilter(975)) - Added global filter 'safety' (class=org.apache.hadoop.http.HttpServer2$QuotingInputFilter)
2019-08-29 08:59:24,832 [main] INFO  http.HttpServer2 (HttpServer2.java:addFilter(948)) - Added filter static_user_filter (class=org.apache.hadoop.http.lib.StaticUserWebFilter$StaticUserFilter) to context ozoneManager
2019-08-29 08:59:24,832 [main] INFO  http.HttpServer2 (HttpServer2.java:addFilter(958)) - Added filter static_user_filter (class=org.apache.hadoop.http.lib.StaticUserWebFilter$StaticUserFilter) to context logs
2019-08-29 08:59:24,832 [main] INFO  http.HttpServer2 (HttpServer2.java:addFilter(958)) - Added filter static_user_filter (class=org.apache.hadoop.http.lib.StaticUserWebFilter$StaticUserFilter) to context static
2019-08-29 08:59:24,835 [main] INFO  http.HttpServer2 (HttpServer2.java:bindListener(1191)) - Jetty bound to port 37245
2019-08-29 08:59:24,835 [main] INFO  server.Server (Server.java:doStart(351)) - jetty-9.3.24.v20180605, build timestamp: 2018-06-05T17:11:56Z, git hash: 84205aa28f11a4f31f2a3b86d1bba2cc8ab69827
2019-08-29 08:59:24,837 [main] INFO  handler.ContextHandler (ContextHandler.java:doStart(781)) - Started o.e.j.s.ServletContextHandler@aac3f4e{/logs,file:///workdir/hadoop-ozone/integration-test/target/log,AVAILABLE}
2019-08-29 08:59:24,838 [main] INFO  handler.ContextHandler (ContextHandler.java:doStart(781)) - Started o.e.j.s.ServletContextHandler@2df3c564{/static,file:///workdir/hadoop-ozone/integration-test/target/test-classes/webapps/static,AVAILABLE}
2019-08-29 08:59:24,843 [main] INFO  handler.ContextHandler (ContextHandler.java:doStart(781)) - Started o.e.j.w.WebAppContext@5fb7183b{/,file:///workdir/hadoop-ozone/integration-test/target/test-classes/webapps/ozoneManager/,AVAILABLE}{/ozoneManager}
2019-08-29 08:59:24,844 [main] INFO  server.AbstractConnector (AbstractConnector.java:doStart(278)) - Started ServerConnector@476a736d{HTTP/1.1,[http/1.1]}{0.0.0.0:37245}
2019-08-29 08:59:24,845 [main] INFO  server.Server (Server.java:doStart(419)) - Started @6430ms
2019-08-29 08:59:24,845 [main] WARN  impl.MetricsSystemImpl (MetricsSystemImpl.java:register(276)) - Sink prometheus already exists!
2019-08-29 08:59:24,846 [main] INFO  server.BaseHttpServer (BaseHttpServer.java:updateConnectorAddress(215)) - HTTP server of OZONEMANAGER is listening at http://0.0.0.0:37245
2019-08-29 08:59:25,028 [main] INFO  impl.MetricsSystemImpl (MetricsSystemImpl.java:init(158)) - HddsDatanode metrics system started (again)
2019-08-29 08:59:25,072 [main] INFO  ozone.HddsDatanodeService (HddsDatanodeService.java:start(184)) - HddsDatanodeService host:pr-hdds-1935-5tjgs-3847141534 ip:192.168.69.87
2019-08-29 08:59:25,102 [main] INFO  volume.HddsVolume (HddsVolume.java:<init>(176)) - Creating Volume: /workdir/hadoop-ozone/integration-test/target/test-dir/MiniOzoneClusterImpl-23210f21-26b4-4673-833f-61feb255c217/datanode-0/data/containers/hdds of  storage type : DISK and capacity : 1482555576320
2019-08-29 08:59:25,104 [main] INFO  volume.VolumeSet (VolumeSet.java:initializeVolumeSet(170)) - Added Volume : /workdir/hadoop-ozone/integration-test/target/test-dir/MiniOzoneClusterImpl-23210f21-26b4-4673-833f-61feb255c217/datanode-0/data/containers/hdds to VolumeSet
2019-08-29 08:59:25,108 [main] INFO  volume.ThrottledAsyncChecker (ThrottledAsyncChecker.java:schedule(140)) - Scheduling a check for org.apache.hadoop.ozone.container.common.volume.HddsVolume@3f1ddac2
2019-08-29 08:59:25,125 [main] INFO  volume.HddsVolumeChecker (HddsVolumeChecker.java:checkAllVolumes(203)) - Scheduled health check for volume org.apache.hadoop.ozone.container.common.volume.HddsVolume@3f1ddac2
2019-08-29 08:59:25,222 [main] INFO  impl.RaftServerProxy (ConfUtils.java:logGet(43)) - raft.rpc.type = GRPC (default)
2019-08-29 08:59:25,287 [main] INFO  grpc.GrpcFactory (GrpcFactory.java:checkPooledByteBufAllocatorUseCacheForAllThreads(45)) - PERFORMANCE WARNING: useCacheForAllThreads is true that may cause Netty to create a lot garbage objects and, as a result, trigger GC.
	It is recommended to disable useCacheForAllThreads by setting -Dorg.apache.ratis.thirdparty.io.netty.allocator.useCacheForAllThreads=false in command line.
2019-08-29 08:59:25,292 [main] INFO  grpc.GrpcConfigKeys$Server (ConfUtils.java:logGet(43)) - raft.grpc.server.port = 0 (default)
2019-08-29 08:59:25,293 [main] INFO  server.GrpcService (ConfUtils.java:logGet(43)) - raft.grpc.message.size.max = 33570816 (custom)
2019-08-29 08:59:25,295 [main] INFO  server.RaftServerConfigKeys (ConfUtils.java:logGet(43)) - raft.server.log.appender.buffer.byte-limit = 33554432 (custom)
2019-08-29 08:59:25,296 [main] INFO  server.GrpcService (ConfUtils.java:logGet(43)) - raft.grpc.flow.control.window = 1MB (=1048576) (default)
2019-08-29 08:59:25,296 [main] INFO  server.RaftServerConfigKeys (ConfUtils.java:logGet(43)) - raft.server.rpc.request.timeout = 3000ms (default)
2019-08-29 08:59:25,456 [main] INFO  server.RaftServerConfigKeys (ConfUtils.java:logGet(43)) - raft.server.storage.dir = [/workdir/hadoop-ozone/integration-test/target/test-dir/MiniOzoneClusterImpl-23210f21-26b4-4673-833f-61feb255c217/datanode-0/data/ratis] (custom)
2019-08-29 08:59:25,516 [main] INFO  hdfs.DFSUtil (DFSUtil.java:httpServerTemplateForNNAndJN(1641)) - Starting Web-server for hddsDatanode at: http://0.0.0.0:0
2019-08-29 08:59:25,518 [main] INFO  server.AuthenticationFilter (AuthenticationFilter.java:constructSecretProvider(240)) - Unable to initialize FileSignerSecretProvider, falling back to use random secrets.
2019-08-29 08:59:25,518 [main] WARN  http.HttpRequestLog (HttpRequestLog.java:getRequestLog(97)) - Jetty request log can only be enabled using Log4j
2019-08-29 08:59:25,520 [main] INFO  http.HttpServer2 (HttpServer2.java:addGlobalFilter(975)) - Added global filter 'safety' (class=org.apache.hadoop.http.HttpServer2$QuotingInputFilter)
2019-08-29 08:59:25,521 [main] INFO  http.HttpServer2 (HttpServer2.java:addFilter(948)) - Added filter static_user_filter (class=org.apache.hadoop.http.lib.StaticUserWebFilter$StaticUserFilter) to context hddsDatanode
2019-08-29 08:59:25,521 [main] INFO  http.HttpServer2 (HttpServer2.java:addFilter(958)) - Added filter static_user_filter (class=org.apache.hadoop.http.lib.StaticUserWebFilter$StaticUserFilter) to context logs
2019-08-29 08:59:25,521 [main] INFO  http.HttpServer2 (HttpServer2.java:addFilter(958)) - Added filter static_user_filter (class=org.apache.hadoop.http.lib.StaticUserWebFilter$StaticUserFilter) to context static
2019-08-29 08:59:25,522 [main] INFO  http.HttpServer2 (HttpServer2.java:bindListener(1191)) - Jetty bound to port 34798
2019-08-29 08:59:25,522 [main] INFO  server.Server (Server.java:doStart(351)) - jetty-9.3.24.v20180605, build timestamp: 2018-06-05T17:11:56Z, git hash: 84205aa28f11a4f31f2a3b86d1bba2cc8ab69827
2019-08-29 08:59:25,524 [main] INFO  handler.ContextHandler (ContextHandler.java:doStart(781)) - Started o.e.j.s.ServletContextHandler@74170687{/logs,file:///workdir/hadoop-ozone/integration-test/target/log,AVAILABLE}
2019-08-29 08:59:25,525 [main] INFO  handler.ContextHandler (ContextHandler.java:doStart(781)) - Started o.e.j.s.ServletContextHandler@3d96fa9e{/static,jar:file:/home/user/.m2/repository/org/apache/hadoop/hadoop-hdds-container-service/0.5.0-SNAPSHOT/hadoop-hdds-container-service-0.5.0-SNAPSHOT.jar!/webapps/static,AVAILABLE}
2019-08-29 08:59:25,558 [main] INFO  handler.ContextHandler (ContextHandler.java:doStart(781)) - Started o.e.j.w.WebAppContext@254f906e{/,file:///tmp/jetty-0.0.0.0-34798-hddsDatanode-_-any-5408224845270292826.dir/webapp/,AVAILABLE}{/hddsDatanode}
2019-08-29 08:59:25,560 [main] INFO  server.AbstractConnector (AbstractConnector.java:doStart(278)) - Started ServerConnector@3d0035d2{HTTP/1.1,[http/1.1]}{0.0.0.0:34798}
2019-08-29 08:59:25,560 [main] INFO  server.Server (Server.java:doStart(419)) - Started @7146ms
2019-08-29 08:59:25,561 [main] WARN  impl.MetricsSystemImpl (MetricsSystemImpl.java:register(276)) - Sink prometheus already exists!
2019-08-29 08:59:25,562 [main] INFO  server.BaseHttpServer (BaseHttpServer.java:updateConnectorAddress(215)) - HTTP server of HDDSDATANODE is listening at http://0.0.0.0:34798
2019-08-29 08:59:25,564 [main] INFO  impl.MetricsSystemImpl (MetricsSystemImpl.java:init(158)) - HddsDatanode metrics system started (again)
2019-08-29 08:59:25,567 [main] INFO  ozone.HddsDatanodeService (HddsDatanodeService.java:start(184)) - HddsDatanodeService host:pr-hdds-1935-5tjgs-3847141534 ip:192.168.69.87
2019-08-29 08:59:25,568 [org.apache.hadoop.util.JvmPauseMonitor$Monitor@b008908] INFO  util.JvmPauseMonitor (JvmPauseMonitor.java:run(188)) - Starting JVM pause monitor
2019-08-29 08:59:25,578 [main] INFO  volume.HddsVolume (HddsVolume.java:<init>(176)) - Creating Volume: /workdir/hadoop-ozone/integration-test/target/test-dir/MiniOzoneClusterImpl-23210f21-26b4-4673-833f-61feb255c217/datanode-1/data/containers/hdds of  storage type : DISK and capacity : 1482555576320
2019-08-29 08:59:25,584 [main] INFO  volume.VolumeSet (VolumeSet.java:initializeVolumeSet(170)) - Added Volume : /workdir/hadoop-ozone/integration-test/target/test-dir/MiniOzoneClusterImpl-23210f21-26b4-4673-833f-61feb255c217/datanode-1/data/containers/hdds to VolumeSet
2019-08-29 08:59:25,585 [main] INFO  volume.ThrottledAsyncChecker (ThrottledAsyncChecker.java:schedule(140)) - Scheduling a check for org.apache.hadoop.ozone.container.common.volume.HddsVolume@3b920bdc
2019-08-29 08:59:25,585 [main] INFO  volume.HddsVolumeChecker (HddsVolumeChecker.java:checkAllVolumes(203)) - Scheduled health check for volume org.apache.hadoop.ozone.container.common.volume.HddsVolume@3b920bdc
2019-08-29 08:59:25,600 [main] INFO  impl.RaftServerProxy (ConfUtils.java:logGet(43)) - raft.rpc.type = GRPC (default)
2019-08-29 08:59:25,601 [main] INFO  grpc.GrpcFactory (GrpcFactory.java:checkPooledByteBufAllocatorUseCacheForAllThreads(45)) - PERFORMANCE WARNING: useCacheForAllThreads is true that may cause Netty to create a lot garbage objects and, as a result, trigger GC.
	It is recommended to disable useCacheForAllThreads by setting -Dorg.apache.ratis.thirdparty.io.netty.allocator.useCacheForAllThreads=false in command line.
2019-08-29 08:59:25,601 [main] INFO  grpc.GrpcConfigKeys$Server (ConfUtils.java:logGet(43)) - raft.grpc.server.port = 0 (default)
2019-08-29 08:59:25,601 [main] INFO  server.GrpcService (ConfUtils.java:logGet(43)) - raft.grpc.message.size.max = 33570816 (custom)
2019-08-29 08:59:25,602 [main] INFO  server.RaftServerConfigKeys (ConfUtils.java:logGet(43)) - raft.server.log.appender.buffer.byte-limit = 33554432 (custom)
2019-08-29 08:59:25,602 [main] INFO  server.GrpcService (ConfUtils.java:logGet(43)) - raft.grpc.flow.control.window = 1MB (=1048576) (default)
2019-08-29 08:59:25,602 [main] INFO  server.RaftServerConfigKeys (ConfUtils.java:logGet(43)) - raft.server.rpc.request.timeout = 3000ms (default)
2019-08-29 08:59:25,603 [main] INFO  server.RaftServerConfigKeys (ConfUtils.java:logGet(43)) - raft.server.storage.dir = [/workdir/hadoop-ozone/integration-test/target/test-dir/MiniOzoneClusterImpl-23210f21-26b4-4673-833f-61feb255c217/datanode-1/data/ratis] (custom)
2019-08-29 08:59:25,604 [main] INFO  hdfs.DFSUtil (DFSUtil.java:httpServerTemplateForNNAndJN(1641)) - Starting Web-server for hddsDatanode at: http://0.0.0.0:0
2019-08-29 08:59:25,606 [main] INFO  server.AuthenticationFilter (AuthenticationFilter.java:constructSecretProvider(240)) - Unable to initialize FileSignerSecretProvider, falling back to use random secrets.
2019-08-29 08:59:25,607 [main] WARN  http.HttpRequestLog (HttpRequestLog.java:getRequestLog(97)) - Jetty request log can only be enabled using Log4j
2019-08-29 08:59:25,608 [main] INFO  http.HttpServer2 (HttpServer2.java:addGlobalFilter(975)) - Added global filter 'safety' (class=org.apache.hadoop.http.HttpServer2$QuotingInputFilter)
2019-08-29 08:59:25,609 [main] INFO  http.HttpServer2 (HttpServer2.java:addFilter(948)) - Added filter static_user_filter (class=org.apache.hadoop.http.lib.StaticUserWebFilter$StaticUserFilter) to context hddsDatanode
2019-08-29 08:59:25,609 [main] INFO  http.HttpServer2 (HttpServer2.java:addFilter(958)) - Added filter static_user_filter (class=org.apache.hadoop.http.lib.StaticUserWebFilter$StaticUserFilter) to context static
2019-08-29 08:59:25,609 [main] INFO  http.HttpServer2 (HttpServer2.java:addFilter(958)) - Added filter static_user_filter (class=org.apache.hadoop.http.lib.StaticUserWebFilter$StaticUserFilter) to context logs
2019-08-29 08:59:25,610 [main] INFO  http.HttpServer2 (HttpServer2.java:bindListener(1191)) - Jetty bound to port 41604
2019-08-29 08:59:25,610 [main] INFO  server.Server (Server.java:doStart(351)) - jetty-9.3.24.v20180605, build timestamp: 2018-06-05T17:11:56Z, git hash: 84205aa28f11a4f31f2a3b86d1bba2cc8ab69827
2019-08-29 08:59:25,614 [main] INFO  handler.ContextHandler (ContextHandler.java:doStart(781)) - Started o.e.j.s.ServletContextHandler@58434b19{/logs,file:///workdir/hadoop-ozone/integration-test/target/log,AVAILABLE}
2019-08-29 08:59:25,615 [main] INFO  handler.ContextHandler (ContextHandler.java:doStart(781)) - Started o.e.j.s.ServletContextHandler@7dbe2ebf{/static,jar:file:/home/user/.m2/repository/org/apache/hadoop/hadoop-hdds-container-service/0.5.0-SNAPSHOT/hadoop-hdds-container-service-0.5.0-SNAPSHOT.jar!/webapps/static,AVAILABLE}
2019-08-29 08:59:25,653 [main] INFO  handler.ContextHandler (ContextHandler.java:doStart(781)) - Started o.e.j.w.WebAppContext@3c74aa0d{/,file:///tmp/jetty-0.0.0.0-41604-hddsDatanode-_-any-6718407486208433471.dir/webapp/,AVAILABLE}{/hddsDatanode}
2019-08-29 08:59:25,654 [main] INFO  server.AbstractConnector (AbstractConnector.java:doStart(278)) - Started ServerConnector@6c841199{HTTP/1.1,[http/1.1]}{0.0.0.0:41604}
2019-08-29 08:59:25,654 [main] INFO  server.Server (Server.java:doStart(419)) - Started @7240ms
2019-08-29 08:59:25,655 [main] WARN  impl.MetricsSystemImpl (MetricsSystemImpl.java:register(276)) - Sink prometheus already exists!
2019-08-29 08:59:25,656 [main] INFO  server.BaseHttpServer (BaseHttpServer.java:updateConnectorAddress(215)) - HTTP server of HDDSDATANODE is listening at http://0.0.0.0:41604
2019-08-29 08:59:25,657 [main] INFO  impl.MetricsSystemImpl (MetricsSystemImpl.java:init(158)) - HddsDatanode metrics system started (again)
2019-08-29 08:59:25,659 [org.apache.hadoop.util.JvmPauseMonitor$Monitor@652eda0e] INFO  util.JvmPauseMonitor (JvmPauseMonitor.java:run(188)) - Starting JVM pause monitor
2019-08-29 08:59:25,661 [main] INFO  ozone.HddsDatanodeService (HddsDatanodeService.java:start(184)) - HddsDatanodeService host:pr-hdds-1935-5tjgs-3847141534 ip:192.168.69.87
2019-08-29 08:59:25,668 [main] INFO  volume.HddsVolume (HddsVolume.java:<init>(176)) - Creating Volume: /workdir/hadoop-ozone/integration-test/target/test-dir/MiniOzoneClusterImpl-23210f21-26b4-4673-833f-61feb255c217/datanode-2/data/containers/hdds of  storage type : DISK and capacity : 1482555576320
2019-08-29 08:59:25,678 [main] INFO  volume.VolumeSet (VolumeSet.java:initializeVolumeSet(170)) - Added Volume : /workdir/hadoop-ozone/integration-test/target/test-dir/MiniOzoneClusterImpl-23210f21-26b4-4673-833f-61feb255c217/datanode-2/data/containers/hdds to VolumeSet
2019-08-29 08:59:25,679 [main] INFO  volume.ThrottledAsyncChecker (ThrottledAsyncChecker.java:schedule(140)) - Scheduling a check for org.apache.hadoop.ozone.container.common.volume.HddsVolume@75181b50
2019-08-29 08:59:25,679 [Datanode State Machine Thread - 0] INFO  datanode.InitDatanodeState (InitDatanodeState.java:persistContainerDatanodeDetails(140)) - DatanodeDetails is persisted to /workdir/hadoop-ozone/integration-test/target/test-dir/MiniOzoneClusterImpl-23210f21-26b4-4673-833f-61feb255c217/datanode-0/meta/datanode.id
2019-08-29 08:59:25,679 [main] INFO  volume.HddsVolumeChecker (HddsVolumeChecker.java:checkAllVolumes(203)) - Scheduled health check for volume org.apache.hadoop.ozone.container.common.volume.HddsVolume@75181b50
2019-08-29 08:59:25,682 [Datanode State Machine Thread - 0] INFO  datanode.InitDatanodeState (InitDatanodeState.java:persistContainerDatanodeDetails(140)) - DatanodeDetails is persisted to /workdir/hadoop-ozone/integration-test/target/test-dir/MiniOzoneClusterImpl-23210f21-26b4-4673-833f-61feb255c217/datanode-1/meta/datanode.id
2019-08-29 08:59:25,696 [main] INFO  impl.RaftServerProxy (ConfUtils.java:logGet(43)) - raft.rpc.type = GRPC (default)
2019-08-29 08:59:25,696 [main] INFO  grpc.GrpcFactory (GrpcFactory.java:checkPooledByteBufAllocatorUseCacheForAllThreads(45)) - PERFORMANCE WARNING: useCacheForAllThreads is true that may cause Netty to create a lot garbage objects and, as a result, trigger GC.
	It is recommended to disable useCacheForAllThreads by setting -Dorg.apache.ratis.thirdparty.io.netty.allocator.useCacheForAllThreads=false in command line.
2019-08-29 08:59:25,696 [main] INFO  grpc.GrpcConfigKeys$Server (ConfUtils.java:logGet(43)) - raft.grpc.server.port = 0 (default)
2019-08-29 08:59:25,697 [main] INFO  server.GrpcService (ConfUtils.java:logGet(43)) - raft.grpc.message.size.max = 33570816 (custom)
2019-08-29 08:59:25,697 [main] INFO  server.RaftServerConfigKeys (ConfUtils.java:logGet(43)) - raft.server.log.appender.buffer.byte-limit = 33554432 (custom)
2019-08-29 08:59:25,697 [main] INFO  server.GrpcService (ConfUtils.java:logGet(43)) - raft.grpc.flow.control.window = 1MB (=1048576) (default)
2019-08-29 08:59:25,697 [main] INFO  server.RaftServerConfigKeys (ConfUtils.java:logGet(43)) - raft.server.rpc.request.timeout = 3000ms (default)
2019-08-29 08:59:25,698 [main] INFO  server.RaftServerConfigKeys (ConfUtils.java:logGet(43)) - raft.server.storage.dir = [/workdir/hadoop-ozone/integration-test/target/test-dir/MiniOzoneClusterImpl-23210f21-26b4-4673-833f-61feb255c217/datanode-2/data/ratis] (custom)
2019-08-29 08:59:25,700 [main] INFO  hdfs.DFSUtil (DFSUtil.java:httpServerTemplateForNNAndJN(1641)) - Starting Web-server for hddsDatanode at: http://0.0.0.0:0
2019-08-29 08:59:25,702 [main] INFO  server.AuthenticationFilter (AuthenticationFilter.java:constructSecretProvider(240)) - Unable to initialize FileSignerSecretProvider, falling back to use random secrets.
2019-08-29 08:59:25,702 [main] WARN  http.HttpRequestLog (HttpRequestLog.java:getRequestLog(97)) - Jetty request log can only be enabled using Log4j
2019-08-29 08:59:25,704 [main] INFO  http.HttpServer2 (HttpServer2.java:addGlobalFilter(975)) - Added global filter 'safety' (class=org.apache.hadoop.http.HttpServer2$QuotingInputFilter)
2019-08-29 08:59:25,704 [main] INFO  http.HttpServer2 (HttpServer2.java:addFilter(948)) - Added filter static_user_filter (class=org.apache.hadoop.http.lib.StaticUserWebFilter$StaticUserFilter) to context hddsDatanode
2019-08-29 08:59:25,705 [main] INFO  http.HttpServer2 (HttpServer2.java:addFilter(958)) - Added filter static_user_filter (class=org.apache.hadoop.http.lib.StaticUserWebFilter$StaticUserFilter) to context logs
2019-08-29 08:59:25,705 [main] INFO  http.HttpServer2 (HttpServer2.java:addFilter(958)) - Added filter static_user_filter (class=org.apache.hadoop.http.lib.StaticUserWebFilter$StaticUserFilter) to context static
2019-08-29 08:59:25,705 [main] INFO  http.HttpServer2 (HttpServer2.java:bindListener(1191)) - Jetty bound to port 37385
2019-08-29 08:59:25,706 [main] INFO  server.Server (Server.java:doStart(351)) - jetty-9.3.24.v20180605, build timestamp: 2018-06-05T17:11:56Z, git hash: 84205aa28f11a4f31f2a3b86d1bba2cc8ab69827
2019-08-29 08:59:25,708 [main] INFO  handler.ContextHandler (ContextHandler.java:doStart(781)) - Started o.e.j.s.ServletContextHandler@6e7c351d{/logs,file:///workdir/hadoop-ozone/integration-test/target/log,AVAILABLE}
2019-08-29 08:59:25,708 [main] INFO  handler.ContextHandler (ContextHandler.java:doStart(781)) - Started o.e.j.s.ServletContextHandler@45cec376{/static,jar:file:/home/user/.m2/repository/org/apache/hadoop/hadoop-hdds-container-service/0.5.0-SNAPSHOT/hadoop-hdds-container-service-0.5.0-SNAPSHOT.jar!/webapps/static,AVAILABLE}
2019-08-29 08:59:25,738 [main] INFO  handler.ContextHandler (ContextHandler.java:doStart(781)) - Started o.e.j.w.WebAppContext@23f86d8a{/,file:///tmp/jetty-0.0.0.0-37385-hddsDatanode-_-any-5118942214972085234.dir/webapp/,AVAILABLE}{/hddsDatanode}
2019-08-29 08:59:25,738 [main] INFO  server.AbstractConnector (AbstractConnector.java:doStart(278)) - Started ServerConnector@2264ea32{HTTP/1.1,[http/1.1]}{0.0.0.0:37385}
2019-08-29 08:59:25,740 [main] INFO  server.Server (Server.java:doStart(419)) - Started @7325ms
2019-08-29 08:59:25,740 [main] WARN  impl.MetricsSystemImpl (MetricsSystemImpl.java:register(276)) - Sink prometheus already exists!
2019-08-29 08:59:25,742 [main] INFO  server.BaseHttpServer (BaseHttpServer.java:updateConnectorAddress(215)) - HTTP server of HDDSDATANODE is listening at http://0.0.0.0:37385
2019-08-29 08:59:25,742 [main] INFO  impl.MetricsSystemImpl (MetricsSystemImpl.java:init(158)) - HddsDatanode metrics system started (again)
2019-08-29 08:59:25,744 [org.apache.hadoop.util.JvmPauseMonitor$Monitor@6e263419] INFO  util.JvmPauseMonitor (JvmPauseMonitor.java:run(188)) - Starting JVM pause monitor
2019-08-29 08:59:25,745 [main] INFO  ozone.HddsDatanodeService (HddsDatanodeService.java:start(184)) - HddsDatanodeService host:pr-hdds-1935-5tjgs-3847141534 ip:192.168.69.87
2019-08-29 08:59:25,753 [main] INFO  volume.HddsVolume (HddsVolume.java:<init>(176)) - Creating Volume: /workdir/hadoop-ozone/integration-test/target/test-dir/MiniOzoneClusterImpl-23210f21-26b4-4673-833f-61feb255c217/datanode-3/data/containers/hdds of  storage type : DISK and capacity : 1482555576320
2019-08-29 08:59:25,753 [main] INFO  volume.VolumeSet (VolumeSet.java:initializeVolumeSet(170)) - Added Volume : /workdir/hadoop-ozone/integration-test/target/test-dir/MiniOzoneClusterImpl-23210f21-26b4-4673-833f-61feb255c217/datanode-3/data/containers/hdds to VolumeSet
2019-08-29 08:59:25,753 [main] INFO  volume.ThrottledAsyncChecker (ThrottledAsyncChecker.java:schedule(140)) - Scheduling a check for org.apache.hadoop.ozone.container.common.volume.HddsVolume@4bd51d3e
2019-08-29 08:59:25,754 [main] INFO  volume.HddsVolumeChecker (HddsVolumeChecker.java:checkAllVolumes(203)) - Scheduled health check for volume org.apache.hadoop.ozone.container.common.volume.HddsVolume@4bd51d3e
2019-08-29 08:59:25,755 [Datanode State Machine Thread - 0] INFO  datanode.InitDatanodeState (InitDatanodeState.java:persistContainerDatanodeDetails(140)) - DatanodeDetails is persisted to /workdir/hadoop-ozone/integration-test/target/test-dir/MiniOzoneClusterImpl-23210f21-26b4-4673-833f-61feb255c217/datanode-2/meta/datanode.id
2019-08-29 08:59:25,769 [main] INFO  impl.RaftServerProxy (ConfUtils.java:logGet(43)) - raft.rpc.type = GRPC (default)
2019-08-29 08:59:25,769 [main] INFO  grpc.GrpcFactory (GrpcFactory.java:checkPooledByteBufAllocatorUseCacheForAllThreads(45)) - PERFORMANCE WARNING: useCacheForAllThreads is true that may cause Netty to create a lot garbage objects and, as a result, trigger GC.
	It is recommended to disable useCacheForAllThreads by setting -Dorg.apache.ratis.thirdparty.io.netty.allocator.useCacheForAllThreads=false in command line.
2019-08-29 08:59:25,770 [main] INFO  grpc.GrpcConfigKeys$Server (ConfUtils.java:logGet(43)) - raft.grpc.server.port = 0 (default)
2019-08-29 08:59:25,770 [main] INFO  server.GrpcService (ConfUtils.java:logGet(43)) - raft.grpc.message.size.max = 33570816 (custom)
2019-08-29 08:59:25,770 [main] INFO  server.RaftServerConfigKeys (ConfUtils.java:logGet(43)) - raft.server.log.appender.buffer.byte-limit = 33554432 (custom)
2019-08-29 08:59:25,770 [main] INFO  server.GrpcService (ConfUtils.java:logGet(43)) - raft.grpc.flow.control.window = 1MB (=1048576) (default)
2019-08-29 08:59:25,771 [main] INFO  server.RaftServerConfigKeys (ConfUtils.java:logGet(43)) - raft.server.rpc.request.timeout = 3000ms (default)
2019-08-29 08:59:25,771 [main] INFO  server.RaftServerConfigKeys (ConfUtils.java:logGet(43)) - raft.server.storage.dir = [/workdir/hadoop-ozone/integration-test/target/test-dir/MiniOzoneClusterImpl-23210f21-26b4-4673-833f-61feb255c217/datanode-3/data/ratis] (custom)
2019-08-29 08:59:25,773 [main] INFO  hdfs.DFSUtil (DFSUtil.java:httpServerTemplateForNNAndJN(1641)) - Starting Web-server for hddsDatanode at: http://0.0.0.0:0
2019-08-29 08:59:25,774 [main] INFO  server.AuthenticationFilter (AuthenticationFilter.java:constructSecretProvider(240)) - Unable to initialize FileSignerSecretProvider, falling back to use random secrets.
2019-08-29 08:59:25,775 [main] WARN  http.HttpRequestLog (HttpRequestLog.java:getRequestLog(97)) - Jetty request log can only be enabled using Log4j
2019-08-29 08:59:25,776 [main] INFO  http.HttpServer2 (HttpServer2.java:addGlobalFilter(975)) - Added global filter 'safety' (class=org.apache.hadoop.http.HttpServer2$QuotingInputFilter)
2019-08-29 08:59:25,777 [main] INFO  http.HttpServer2 (HttpServer2.java:addFilter(948)) - Added filter static_user_filter (class=org.apache.hadoop.http.lib.StaticUserWebFilter$StaticUserFilter) to context hddsDatanode
2019-08-29 08:59:25,778 [main] INFO  http.HttpServer2 (HttpServer2.java:addFilter(958)) - Added filter static_user_filter (class=org.apache.hadoop.http.lib.StaticUserWebFilter$StaticUserFilter) to context logs
2019-08-29 08:59:25,778 [main] INFO  http.HttpServer2 (HttpServer2.java:addFilter(958)) - Added filter static_user_filter (class=org.apache.hadoop.http.lib.StaticUserWebFilter$StaticUserFilter) to context static
2019-08-29 08:59:25,779 [main] INFO  http.HttpServer2 (HttpServer2.java:bindListener(1191)) - Jetty bound to port 33119
2019-08-29 08:59:25,779 [main] INFO  server.Server (Server.java:doStart(351)) - jetty-9.3.24.v20180605, build timestamp: 2018-06-05T17:11:56Z, git hash: 84205aa28f11a4f31f2a3b86d1bba2cc8ab69827
2019-08-29 08:59:25,784 [main] INFO  handler.ContextHandler (ContextHandler.java:doStart(781)) - Started o.e.j.s.ServletContextHandler@5d497a91{/logs,file:///workdir/hadoop-ozone/integration-test/target/log,AVAILABLE}
2019-08-29 08:59:25,784 [main] INFO  handler.ContextHandler (ContextHandler.java:doStart(781)) - Started o.e.j.s.ServletContextHandler@1c8f6a90{/static,jar:file:/home/user/.m2/repository/org/apache/hadoop/hadoop-hdds-container-service/0.5.0-SNAPSHOT/hadoop-hdds-container-service-0.5.0-SNAPSHOT.jar!/webapps/static,AVAILABLE}
2019-08-29 08:59:25,815 [main] INFO  handler.ContextHandler (ContextHandler.java:doStart(781)) - Started o.e.j.w.WebAppContext@4a7fd0c9{/,file:///tmp/jetty-0.0.0.0-33119-hddsDatanode-_-any-5643513851254575317.dir/webapp/,AVAILABLE}{/hddsDatanode}
2019-08-29 08:59:25,815 [main] INFO  server.AbstractConnector (AbstractConnector.java:doStart(278)) - Started ServerConnector@18578491{HTTP/1.1,[http/1.1]}{0.0.0.0:33119}
2019-08-29 08:59:25,818 [main] INFO  server.Server (Server.java:doStart(419)) - Started @7403ms
2019-08-29 08:59:25,818 [main] WARN  impl.MetricsSystemImpl (MetricsSystemImpl.java:register(276)) - Sink prometheus already exists!
2019-08-29 08:59:25,819 [main] INFO  server.BaseHttpServer (BaseHttpServer.java:updateConnectorAddress(215)) - HTTP server of HDDSDATANODE is listening at http://0.0.0.0:33119
2019-08-29 08:59:25,819 [main] INFO  impl.MetricsSystemImpl (MetricsSystemImpl.java:init(158)) - HddsDatanode metrics system started (again)
2019-08-29 08:59:25,822 [org.apache.hadoop.util.JvmPauseMonitor$Monitor@764f401f] INFO  util.JvmPauseMonitor (JvmPauseMonitor.java:run(188)) - Starting JVM pause monitor
2019-08-29 08:59:25,823 [main] INFO  ozone.HddsDatanodeService (HddsDatanodeService.java:start(184)) - HddsDatanodeService host:pr-hdds-1935-5tjgs-3847141534 ip:192.168.69.87
2019-08-29 08:59:25,824 [Datanode State Machine Thread - 0] INFO  datanode.InitDatanodeState (InitDatanodeState.java:persistContainerDatanodeDetails(140)) - DatanodeDetails is persisted to /workdir/hadoop-ozone/integration-test/target/test-dir/MiniOzoneClusterImpl-23210f21-26b4-4673-833f-61feb255c217/datanode-3/meta/datanode.id
2019-08-29 08:59:25,830 [main] INFO  volume.HddsVolume (HddsVolume.java:<init>(176)) - Creating Volume: /workdir/hadoop-ozone/integration-test/target/test-dir/MiniOzoneClusterImpl-23210f21-26b4-4673-833f-61feb255c217/datanode-4/data/containers/hdds of  storage type : DISK and capacity : 1482555576320
2019-08-29 08:59:25,831 [main] INFO  volume.VolumeSet (VolumeSet.java:initializeVolumeSet(170)) - Added Volume : /workdir/hadoop-ozone/integration-test/target/test-dir/MiniOzoneClusterImpl-23210f21-26b4-4673-833f-61feb255c217/datanode-4/data/containers/hdds to VolumeSet
2019-08-29 08:59:25,831 [main] INFO  volume.ThrottledAsyncChecker (ThrottledAsyncChecker.java:schedule(140)) - Scheduling a check for org.apache.hadoop.ozone.container.common.volume.HddsVolume@435cc7f9
2019-08-29 08:59:25,832 [main] INFO  volume.HddsVolumeChecker (HddsVolumeChecker.java:checkAllVolumes(203)) - Scheduled health check for volume org.apache.hadoop.ozone.container.common.volume.HddsVolume@435cc7f9
2019-08-29 08:59:25,849 [main] INFO  impl.RaftServerProxy (ConfUtils.java:logGet(43)) - raft.rpc.type = GRPC (default)
2019-08-29 08:59:25,849 [main] INFO  grpc.GrpcFactory (GrpcFactory.java:checkPooledByteBufAllocatorUseCacheForAllThreads(45)) - PERFORMANCE WARNING: useCacheForAllThreads is true that may cause Netty to create a lot garbage objects and, as a result, trigger GC.
	It is recommended to disable useCacheForAllThreads by setting -Dorg.apache.ratis.thirdparty.io.netty.allocator.useCacheForAllThreads=false in command line.
2019-08-29 08:59:25,849 [main] INFO  grpc.GrpcConfigKeys$Server (ConfUtils.java:logGet(43)) - raft.grpc.server.port = 0 (default)
2019-08-29 08:59:25,849 [main] INFO  server.GrpcService (ConfUtils.java:logGet(43)) - raft.grpc.message.size.max = 33570816 (custom)
2019-08-29 08:59:25,850 [main] INFO  server.RaftServerConfigKeys (ConfUtils.java:logGet(43)) - raft.server.log.appender.buffer.byte-limit = 33554432 (custom)
2019-08-29 08:59:25,850 [main] INFO  server.GrpcService (ConfUtils.java:logGet(43)) - raft.grpc.flow.control.window = 1MB (=1048576) (default)
2019-08-29 08:59:25,850 [main] INFO  server.RaftServerConfigKeys (ConfUtils.java:logGet(43)) - raft.server.rpc.request.timeout = 3000ms (default)
2019-08-29 08:59:25,851 [main] INFO  server.RaftServerConfigKeys (ConfUtils.java:logGet(43)) - raft.server.storage.dir = [/workdir/hadoop-ozone/integration-test/target/test-dir/MiniOzoneClusterImpl-23210f21-26b4-4673-833f-61feb255c217/datanode-4/data/ratis] (custom)
2019-08-29 08:59:25,852 [main] INFO  hdfs.DFSUtil (DFSUtil.java:httpServerTemplateForNNAndJN(1641)) - Starting Web-server for hddsDatanode at: http://0.0.0.0:0
2019-08-29 08:59:25,854 [main] INFO  server.AuthenticationFilter (AuthenticationFilter.java:constructSecretProvider(240)) - Unable to initialize FileSignerSecretProvider, falling back to use random secrets.
2019-08-29 08:59:25,854 [main] WARN  http.HttpRequestLog (HttpRequestLog.java:getRequestLog(97)) - Jetty request log can only be enabled using Log4j
2019-08-29 08:59:25,856 [main] INFO  http.HttpServer2 (HttpServer2.java:addGlobalFilter(975)) - Added global filter 'safety' (class=org.apache.hadoop.http.HttpServer2$QuotingInputFilter)
2019-08-29 08:59:25,856 [main] INFO  http.HttpServer2 (HttpServer2.java:addFilter(948)) - Added filter static_user_filter (class=org.apache.hadoop.http.lib.StaticUserWebFilter$StaticUserFilter) to context hddsDatanode
2019-08-29 08:59:25,857 [main] INFO  http.HttpServer2 (HttpServer2.java:addFilter(958)) - Added filter static_user_filter (class=org.apache.hadoop.http.lib.StaticUserWebFilter$StaticUserFilter) to context logs
2019-08-29 08:59:25,857 [main] INFO  http.HttpServer2 (HttpServer2.java:addFilter(958)) - Added filter static_user_filter (class=org.apache.hadoop.http.lib.StaticUserWebFilter$StaticUserFilter) to context static
2019-08-29 08:59:25,857 [main] INFO  http.HttpServer2 (HttpServer2.java:bindListener(1191)) - Jetty bound to port 43091
2019-08-29 08:59:25,858 [main] INFO  server.Server (Server.java:doStart(351)) - jetty-9.3.24.v20180605, build timestamp: 2018-06-05T17:11:56Z, git hash: 84205aa28f11a4f31f2a3b86d1bba2cc8ab69827
2019-08-29 08:59:25,860 [main] INFO  handler.ContextHandler (ContextHandler.java:doStart(781)) - Started o.e.j.s.ServletContextHandler@cda6019{/logs,file:///workdir/hadoop-ozone/integration-test/target/log,AVAILABLE}
2019-08-29 08:59:25,860 [main] INFO  handler.ContextHandler (ContextHandler.java:doStart(781)) - Started o.e.j.s.ServletContextHandler@4012d5bc{/static,jar:file:/home/user/.m2/repository/org/apache/hadoop/hadoop-hdds-container-service/0.5.0-SNAPSHOT/hadoop-hdds-container-service-0.5.0-SNAPSHOT.jar!/webapps/static,AVAILABLE}
2019-08-29 08:59:25,889 [main] INFO  handler.ContextHandler (ContextHandler.java:doStart(781)) - Started o.e.j.w.WebAppContext@2da66a44{/,file:///tmp/jetty-0.0.0.0-43091-hddsDatanode-_-any-6259886117591619994.dir/webapp/,AVAILABLE}{/hddsDatanode}
2019-08-29 08:59:25,891 [main] INFO  server.AbstractConnector (AbstractConnector.java:doStart(278)) - Started ServerConnector@527fc8e{HTTP/1.1,[http/1.1]}{0.0.0.0:43091}
2019-08-29 08:59:25,891 [main] INFO  server.Server (Server.java:doStart(419)) - Started @7477ms
2019-08-29 08:59:25,891 [main] WARN  impl.MetricsSystemImpl (MetricsSystemImpl.java:register(276)) - Sink prometheus already exists!
2019-08-29 08:59:25,892 [main] INFO  server.BaseHttpServer (BaseHttpServer.java:updateConnectorAddress(215)) - HTTP server of HDDSDATANODE is listening at http://0.0.0.0:43091
2019-08-29 08:59:25,893 [main] INFO  impl.MetricsSystemImpl (MetricsSystemImpl.java:init(158)) - HddsDatanode metrics system started (again)
2019-08-29 08:59:25,895 [org.apache.hadoop.util.JvmPauseMonitor$Monitor@30dea10e] INFO  util.JvmPauseMonitor (JvmPauseMonitor.java:run(188)) - Starting JVM pause monitor
2019-08-29 08:59:25,897 [main] INFO  ozone.HddsDatanodeService (HddsDatanodeService.java:start(184)) - HddsDatanodeService host:pr-hdds-1935-5tjgs-3847141534 ip:192.168.69.87
2019-08-29 08:59:25,898 [Datanode State Machine Thread - 0] INFO  datanode.InitDatanodeState (InitDatanodeState.java:persistContainerDatanodeDetails(140)) - DatanodeDetails is persisted to /workdir/hadoop-ozone/integration-test/target/test-dir/MiniOzoneClusterImpl-23210f21-26b4-4673-833f-61feb255c217/datanode-4/meta/datanode.id
2019-08-29 08:59:25,903 [main] INFO  volume.HddsVolume (HddsVolume.java:<init>(176)) - Creating Volume: /workdir/hadoop-ozone/integration-test/target/test-dir/MiniOzoneClusterImpl-23210f21-26b4-4673-833f-61feb255c217/datanode-5/data/containers/hdds of  storage type : DISK and capacity : 1482555576320
2019-08-29 08:59:25,903 [main] INFO  volume.VolumeSet (VolumeSet.java:initializeVolumeSet(170)) - Added Volume : /workdir/hadoop-ozone/integration-test/target/test-dir/MiniOzoneClusterImpl-23210f21-26b4-4673-833f-61feb255c217/datanode-5/data/containers/hdds to VolumeSet
2019-08-29 08:59:25,903 [main] INFO  volume.ThrottledAsyncChecker (ThrottledAsyncChecker.java:schedule(140)) - Scheduling a check for org.apache.hadoop.ozone.container.common.volume.HddsVolume@5e0ec41f
2019-08-29 08:59:25,904 [main] INFO  volume.HddsVolumeChecker (HddsVolumeChecker.java:checkAllVolumes(203)) - Scheduled health check for volume org.apache.hadoop.ozone.container.common.volume.HddsVolume@5e0ec41f
2019-08-29 08:59:25,921 [main] INFO  impl.RaftServerProxy (ConfUtils.java:logGet(43)) - raft.rpc.type = GRPC (default)
2019-08-29 08:59:25,921 [main] INFO  grpc.GrpcFactory (GrpcFactory.java:checkPooledByteBufAllocatorUseCacheForAllThreads(45)) - PERFORMANCE WARNING: useCacheForAllThreads is true that may cause Netty to create a lot garbage objects and, as a result, trigger GC.
	It is recommended to disable useCacheForAllThreads by setting -Dorg.apache.ratis.thirdparty.io.netty.allocator.useCacheForAllThreads=false in command line.
2019-08-29 08:59:25,921 [main] INFO  grpc.GrpcConfigKeys$Server (ConfUtils.java:logGet(43)) - raft.grpc.server.port = 0 (default)
2019-08-29 08:59:25,921 [main] INFO  server.GrpcService (ConfUtils.java:logGet(43)) - raft.grpc.message.size.max = 33570816 (custom)
2019-08-29 08:59:25,922 [main] INFO  server.RaftServerConfigKeys (ConfUtils.java:logGet(43)) - raft.server.log.appender.buffer.byte-limit = 33554432 (custom)
2019-08-29 08:59:25,922 [main] INFO  server.GrpcService (ConfUtils.java:logGet(43)) - raft.grpc.flow.control.window = 1MB (=1048576) (default)
2019-08-29 08:59:25,922 [main] INFO  server.RaftServerConfigKeys (ConfUtils.java:logGet(43)) - raft.server.rpc.request.timeout = 3000ms (default)
2019-08-29 08:59:25,923 [main] INFO  server.RaftServerConfigKeys (ConfUtils.java:logGet(43)) - raft.server.storage.dir = [/workdir/hadoop-ozone/integration-test/target/test-dir/MiniOzoneClusterImpl-23210f21-26b4-4673-833f-61feb255c217/datanode-5/data/ratis] (custom)
2019-08-29 08:59:25,924 [main] INFO  hdfs.DFSUtil (DFSUtil.java:httpServerTemplateForNNAndJN(1641)) - Starting Web-server for hddsDatanode at: http://0.0.0.0:0
2019-08-29 08:59:25,926 [main] INFO  server.AuthenticationFilter (AuthenticationFilter.java:constructSecretProvider(240)) - Unable to initialize FileSignerSecretProvider, falling back to use random secrets.
2019-08-29 08:59:25,926 [main] WARN  http.HttpRequestLog (HttpRequestLog.java:getRequestLog(97)) - Jetty request log can only be enabled using Log4j
2019-08-29 08:59:25,928 [main] INFO  http.HttpServer2 (HttpServer2.java:addGlobalFilter(975)) - Added global filter 'safety' (class=org.apache.hadoop.http.HttpServer2$QuotingInputFilter)
2019-08-29 08:59:25,928 [main] INFO  http.HttpServer2 (HttpServer2.java:addFilter(948)) - Added filter static_user_filter (class=org.apache.hadoop.http.lib.StaticUserWebFilter$StaticUserFilter) to context hddsDatanode
2019-08-29 08:59:25,929 [main] INFO  http.HttpServer2 (HttpServer2.java:addFilter(958)) - Added filter static_user_filter (class=org.apache.hadoop.http.lib.StaticUserWebFilter$StaticUserFilter) to context static
2019-08-29 08:59:25,929 [main] INFO  http.HttpServer2 (HttpServer2.java:addFilter(958)) - Added filter static_user_filter (class=org.apache.hadoop.http.lib.StaticUserWebFilter$StaticUserFilter) to context logs
2019-08-29 08:59:25,929 [main] INFO  http.HttpServer2 (HttpServer2.java:bindListener(1191)) - Jetty bound to port 44038
2019-08-29 08:59:25,930 [main] INFO  server.Server (Server.java:doStart(351)) - jetty-9.3.24.v20180605, build timestamp: 2018-06-05T17:11:56Z, git hash: 84205aa28f11a4f31f2a3b86d1bba2cc8ab69827
2019-08-29 08:59:25,932 [main] INFO  handler.ContextHandler (ContextHandler.java:doStart(781)) - Started o.e.j.s.ServletContextHandler@7f1ef916{/logs,file:///workdir/hadoop-ozone/integration-test/target/log,AVAILABLE}
2019-08-29 08:59:25,932 [main] INFO  handler.ContextHandler (ContextHandler.java:doStart(781)) - Started o.e.j.s.ServletContextHandler@64aad809{/static,jar:file:/home/user/.m2/repository/org/apache/hadoop/hadoop-hdds-container-service/0.5.0-SNAPSHOT/hadoop-hdds-container-service-0.5.0-SNAPSHOT.jar!/webapps/static,AVAILABLE}
2019-08-29 08:59:25,962 [main] INFO  handler.ContextHandler (ContextHandler.java:doStart(781)) - Started o.e.j.w.WebAppContext@354e7004{/,file:///tmp/jetty-0.0.0.0-44038-hddsDatanode-_-any-8849812698779738500.dir/webapp/,AVAILABLE}{/hddsDatanode}
2019-08-29 08:59:25,963 [main] INFO  server.AbstractConnector (AbstractConnector.java:doStart(278)) - Started ServerConnector@22ebccb9{HTTP/1.1,[http/1.1]}{0.0.0.0:44038}
2019-08-29 08:59:25,964 [main] INFO  server.Server (Server.java:doStart(419)) - Started @7549ms
2019-08-29 08:59:25,964 [main] WARN  impl.MetricsSystemImpl (MetricsSystemImpl.java:register(276)) - Sink prometheus already exists!
2019-08-29 08:59:25,965 [main] INFO  server.BaseHttpServer (BaseHttpServer.java:updateConnectorAddress(215)) - HTTP server of HDDSDATANODE is listening at http://0.0.0.0:44038
2019-08-29 08:59:25,965 [main] INFO  impl.MetricsSystemImpl (MetricsSystemImpl.java:init(158)) - HddsDatanode metrics system started (again)
2019-08-29 08:59:25,968 [org.apache.hadoop.util.JvmPauseMonitor$Monitor@5214289] INFO  util.JvmPauseMonitor (JvmPauseMonitor.java:run(188)) - Starting JVM pause monitor
2019-08-29 08:59:25,969 [main] INFO  ozone.HddsDatanodeService (HddsDatanodeService.java:start(184)) - HddsDatanodeService host:pr-hdds-1935-5tjgs-3847141534 ip:192.168.69.87
2019-08-29 08:59:25,980 [main] INFO  volume.HddsVolume (HddsVolume.java:<init>(176)) - Creating Volume: /workdir/hadoop-ozone/integration-test/target/test-dir/MiniOzoneClusterImpl-23210f21-26b4-4673-833f-61feb255c217/datanode-6/data/containers/hdds of  storage type : DISK and capacity : 1482555576320
2019-08-29 08:59:25,980 [main] INFO  volume.VolumeSet (VolumeSet.java:initializeVolumeSet(170)) - Added Volume : /workdir/hadoop-ozone/integration-test/target/test-dir/MiniOzoneClusterImpl-23210f21-26b4-4673-833f-61feb255c217/datanode-6/data/containers/hdds to VolumeSet
2019-08-29 08:59:25,981 [Datanode State Machine Thread - 0] INFO  datanode.InitDatanodeState (InitDatanodeState.java:persistContainerDatanodeDetails(140)) - DatanodeDetails is persisted to /workdir/hadoop-ozone/integration-test/target/test-dir/MiniOzoneClusterImpl-23210f21-26b4-4673-833f-61feb255c217/datanode-5/meta/datanode.id
2019-08-29 08:59:25,981 [main] INFO  volume.ThrottledAsyncChecker (ThrottledAsyncChecker.java:schedule(140)) - Scheduling a check for org.apache.hadoop.ozone.container.common.volume.HddsVolume@63dfada0
2019-08-29 08:59:25,981 [main] INFO  volume.HddsVolumeChecker (HddsVolumeChecker.java:checkAllVolumes(203)) - Scheduled health check for volume org.apache.hadoop.ozone.container.common.volume.HddsVolume@63dfada0
2019-08-29 08:59:25,995 [main] INFO  impl.RaftServerProxy (ConfUtils.java:logGet(43)) - raft.rpc.type = GRPC (default)
2019-08-29 08:59:25,996 [main] INFO  grpc.GrpcFactory (GrpcFactory.java:checkPooledByteBufAllocatorUseCacheForAllThreads(45)) - PERFORMANCE WARNING: useCacheForAllThreads is true that may cause Netty to create a lot garbage objects and, as a result, trigger GC.
	It is recommended to disable useCacheForAllThreads by setting -Dorg.apache.ratis.thirdparty.io.netty.allocator.useCacheForAllThreads=false in command line.
2019-08-29 08:59:25,996 [main] INFO  grpc.GrpcConfigKeys$Server (ConfUtils.java:logGet(43)) - raft.grpc.server.port = 0 (default)
2019-08-29 08:59:25,996 [main] INFO  server.GrpcService (ConfUtils.java:logGet(43)) - raft.grpc.message.size.max = 33570816 (custom)
2019-08-29 08:59:25,996 [main] INFO  server.RaftServerConfigKeys (ConfUtils.java:logGet(43)) - raft.server.log.appender.buffer.byte-limit = 33554432 (custom)
2019-08-29 08:59:25,997 [main] INFO  server.GrpcService (ConfUtils.java:logGet(43)) - raft.grpc.flow.control.window = 1MB (=1048576) (default)
2019-08-29 08:59:25,997 [main] INFO  server.RaftServerConfigKeys (ConfUtils.java:logGet(43)) - raft.server.rpc.request.timeout = 3000ms (default)
2019-08-29 08:59:25,998 [main] INFO  server.RaftServerConfigKeys (ConfUtils.java:logGet(43)) - raft.server.storage.dir = [/workdir/hadoop-ozone/integration-test/target/test-dir/MiniOzoneClusterImpl-23210f21-26b4-4673-833f-61feb255c217/datanode-6/data/ratis] (custom)
2019-08-29 08:59:25,999 [main] INFO  hdfs.DFSUtil (DFSUtil.java:httpServerTemplateForNNAndJN(1641)) - Starting Web-server for hddsDatanode at: http://0.0.0.0:0
2019-08-29 08:59:26,001 [main] INFO  server.AuthenticationFilter (AuthenticationFilter.java:constructSecretProvider(240)) - Unable to initialize FileSignerSecretProvider, falling back to use random secrets.
2019-08-29 08:59:26,001 [main] WARN  http.HttpRequestLog (HttpRequestLog.java:getRequestLog(97)) - Jetty request log can only be enabled using Log4j
2019-08-29 08:59:26,003 [main] INFO  http.HttpServer2 (HttpServer2.java:addGlobalFilter(975)) - Added global filter 'safety' (class=org.apache.hadoop.http.HttpServer2$QuotingInputFilter)
2019-08-29 08:59:26,004 [main] INFO  http.HttpServer2 (HttpServer2.java:addFilter(948)) - Added filter static_user_filter (class=org.apache.hadoop.http.lib.StaticUserWebFilter$StaticUserFilter) to context hddsDatanode
2019-08-29 08:59:26,004 [main] INFO  http.HttpServer2 (HttpServer2.java:addFilter(958)) - Added filter static_user_filter (class=org.apache.hadoop.http.lib.StaticUserWebFilter$StaticUserFilter) to context logs
2019-08-29 08:59:26,004 [main] INFO  http.HttpServer2 (HttpServer2.java:addFilter(958)) - Added filter static_user_filter (class=org.apache.hadoop.http.lib.StaticUserWebFilter$StaticUserFilter) to context static
2019-08-29 08:59:26,005 [main] INFO  http.HttpServer2 (HttpServer2.java:bindListener(1191)) - Jetty bound to port 36038
2019-08-29 08:59:26,005 [main] INFO  server.Server (Server.java:doStart(351)) - jetty-9.3.24.v20180605, build timestamp: 2018-06-05T17:11:56Z, git hash: 84205aa28f11a4f31f2a3b86d1bba2cc8ab69827
2019-08-29 08:59:26,007 [main] INFO  handler.ContextHandler (ContextHandler.java:doStart(781)) - Started o.e.j.s.ServletContextHandler@78b612c6{/logs,file:///workdir/hadoop-ozone/integration-test/target/log,AVAILABLE}
2019-08-29 08:59:26,008 [main] INFO  handler.ContextHandler (ContextHandler.java:doStart(781)) - Started o.e.j.s.ServletContextHandler@22752544{/static,jar:file:/home/user/.m2/repository/org/apache/hadoop/hadoop-hdds-container-service/0.5.0-SNAPSHOT/hadoop-hdds-container-service-0.5.0-SNAPSHOT.jar!/webapps/static,AVAILABLE}
2019-08-29 08:59:26,040 [main] INFO  handler.ContextHandler (ContextHandler.java:doStart(781)) - Started o.e.j.w.WebAppContext@6c101cc1{/,file:///tmp/jetty-0.0.0.0-36038-hddsDatanode-_-any-4788174127436515115.dir/webapp/,AVAILABLE}{/hddsDatanode}
2019-08-29 08:59:26,041 [main] INFO  server.AbstractConnector (AbstractConnector.java:doStart(278)) - Started ServerConnector@7d0d91a1{HTTP/1.1,[http/1.1]}{0.0.0.0:36038}
2019-08-29 08:59:26,041 [main] INFO  server.Server (Server.java:doStart(419)) - Started @7627ms
2019-08-29 08:59:26,042 [main] WARN  impl.MetricsSystemImpl (MetricsSystemImpl.java:register(276)) - Sink prometheus already exists!
2019-08-29 08:59:26,043 [main] INFO  server.BaseHttpServer (BaseHttpServer.java:updateConnectorAddress(215)) - HTTP server of HDDSDATANODE is listening at http://0.0.0.0:36038
2019-08-29 08:59:26,045 [main] INFO  ozone.MiniOzoneClusterImpl (MiniOzoneClusterImpl.java:lambda$waitForClusterToBeReady$0(140)) - Waiting for cluster to be ready. Got 0 of 7 DN Heartbeats.
2019-08-29 08:59:26,046 [org.apache.hadoop.util.JvmPauseMonitor$Monitor@4ec46042] INFO  util.JvmPauseMonitor (JvmPauseMonitor.java:run(188)) - Starting JVM pause monitor
2019-08-29 08:59:26,048 [Datanode State Machine Thread - 0] INFO  datanode.InitDatanodeState (InitDatanodeState.java:persistContainerDatanodeDetails(140)) - DatanodeDetails is persisted to /workdir/hadoop-ozone/integration-test/target/test-dir/MiniOzoneClusterImpl-23210f21-26b4-4673-833f-61feb255c217/datanode-6/meta/datanode.id
2019-08-29 08:59:27,045 [main] INFO  ozone.MiniOzoneClusterImpl (MiniOzoneClusterImpl.java:lambda$waitForClusterToBeReady$0(140)) - Waiting for cluster to be ready. Got 0 of 7 DN Heartbeats.
2019-08-29 08:59:27,590 | INFO  | SCMAudit | user=jenkins1000 | ip=192.168.69.87 | op=GET_VERSION null | ret=SUCCESS |  
2019-08-29 08:59:27,642 [Datanode State Machine Thread - 0] INFO  ozoneimpl.OzoneContainer (OzoneContainer.java:start(201)) - Attempting to start container services.
2019-08-29 08:59:27,644 [Datanode State Machine Thread - 0] INFO  ozoneimpl.OzoneContainer (OzoneContainer.java:startContainerScrub(175)) - Background container scrubber has been disabled by hdds.containerscrub.enabled
2019-08-29 08:59:27,645 [Datanode State Machine Thread - 0] INFO  ratis.XceiverServerRatis (XceiverServerRatis.java:start(393)) - Starting XceiverServerRatis 6fa28f14-8f40-4547-905f-1fc4e9e7d51e at port 0
2019-08-29 08:59:27,662 | INFO  | SCMAudit | user=jenkins1000 | ip=192.168.69.87 | op=GET_VERSION null | ret=SUCCESS |  
2019-08-29 08:59:27,673 [Datanode State Machine Thread - 0] INFO  impl.RaftServerProxy (RaftServerProxy.java:lambda$start$3(299)) - 6fa28f14-8f40-4547-905f-1fc4e9e7d51e: start RPC server
2019-08-29 08:59:27,701 [Datanode State Machine Thread - 0] INFO  ozoneimpl.OzoneContainer (OzoneContainer.java:start(201)) - Attempting to start container services.
2019-08-29 08:59:27,704 [Datanode State Machine Thread - 0] INFO  ozoneimpl.OzoneContainer (OzoneContainer.java:startContainerScrub(175)) - Background container scrubber has been disabled by hdds.containerscrub.enabled
2019-08-29 08:59:27,704 [Datanode State Machine Thread - 0] INFO  ratis.XceiverServerRatis (XceiverServerRatis.java:start(393)) - Starting XceiverServerRatis 2e835111-926f-4ebf-9fdc-c8ae7690dcd1 at port 0
2019-08-29 08:59:27,714 [Datanode State Machine Thread - 0] INFO  impl.RaftServerProxy (RaftServerProxy.java:lambda$start$3(299)) - 2e835111-926f-4ebf-9fdc-c8ae7690dcd1: start RPC server
2019-08-29 08:59:27,747 | INFO  | SCMAudit | user=jenkins1000 | ip=192.168.69.87 | op=GET_VERSION null | ret=SUCCESS |  
2019-08-29 08:59:27,779 [Datanode State Machine Thread - 0] INFO  ozoneimpl.OzoneContainer (OzoneContainer.java:start(201)) - Attempting to start container services.
2019-08-29 08:59:27,783 [Datanode State Machine Thread - 0] INFO  ozoneimpl.OzoneContainer (OzoneContainer.java:startContainerScrub(175)) - Background container scrubber has been disabled by hdds.containerscrub.enabled
2019-08-29 08:59:27,784 [Datanode State Machine Thread - 0] INFO  ratis.XceiverServerRatis (XceiverServerRatis.java:start(393)) - Starting XceiverServerRatis e7e7da8c-f939-4fb3-bc52-3a5bf046eb23 at port 0
2019-08-29 08:59:27,790 [Datanode State Machine Thread - 0] INFO  impl.RaftServerProxy (RaftServerProxy.java:lambda$start$3(299)) - e7e7da8c-f939-4fb3-bc52-3a5bf046eb23: start RPC server
2019-08-29 08:59:27,824 | INFO  | SCMAudit | user=jenkins1000 | ip=192.168.69.87 | op=GET_VERSION null | ret=SUCCESS |  
2019-08-29 08:59:27,826 [Datanode State Machine Thread - 0] INFO  server.GrpcService (GrpcService.java:startImpl(149)) - 6fa28f14-8f40-4547-905f-1fc4e9e7d51e: GrpcService started, listening on 0.0.0.0/0.0.0.0:38879
2019-08-29 08:59:27,826 [Datanode State Machine Thread - 0] INFO  server.GrpcService (GrpcService.java:startImpl(149)) - e7e7da8c-f939-4fb3-bc52-3a5bf046eb23: GrpcService started, listening on 0.0.0.0/0.0.0.0:34945
2019-08-29 08:59:27,826 [Datanode State Machine Thread - 0] INFO  server.GrpcService (GrpcService.java:startImpl(149)) - 2e835111-926f-4ebf-9fdc-c8ae7690dcd1: GrpcService started, listening on 0.0.0.0/0.0.0.0:38883
2019-08-29 08:59:27,827 [Datanode State Machine Thread - 0] INFO  ratis.XceiverServerRatis (XceiverServerRatis.java:start(403)) - XceiverServerRatis e7e7da8c-f939-4fb3-bc52-3a5bf046eb23 is started using port 34945
2019-08-29 08:59:27,827 [Datanode State Machine Thread - 0] INFO  ratis.XceiverServerRatis (XceiverServerRatis.java:start(403)) - XceiverServerRatis 6fa28f14-8f40-4547-905f-1fc4e9e7d51e is started using port 38879
2019-08-29 08:59:27,827 [Datanode State Machine Thread - 0] INFO  ratis.XceiverServerRatis (XceiverServerRatis.java:start(403)) - XceiverServerRatis 2e835111-926f-4ebf-9fdc-c8ae7690dcd1 is started using port 38883
2019-08-29 08:59:27,833 [Datanode State Machine Thread - 0] INFO  server.XceiverServerGrpc (XceiverServerGrpc.java:start(163)) - XceiverServerGrpc 2e835111-926f-4ebf-9fdc-c8ae7690dcd1 is started using port 42560
2019-08-29 08:59:27,833 [Datanode State Machine Thread - 0] INFO  server.XceiverServerGrpc (XceiverServerGrpc.java:start(163)) - XceiverServerGrpc 6fa28f14-8f40-4547-905f-1fc4e9e7d51e is started using port 43184
2019-08-29 08:59:27,833 [Datanode State Machine Thread - 0] INFO  server.XceiverServerGrpc (XceiverServerGrpc.java:start(163)) - XceiverServerGrpc e7e7da8c-f939-4fb3-bc52-3a5bf046eb23 is started using port 35572
2019-08-29 08:59:27,871 [Datanode State Machine Thread - 0] INFO  ozoneimpl.OzoneContainer (OzoneContainer.java:start(201)) - Attempting to start container services.
2019-08-29 08:59:27,871 [Datanode State Machine Thread - 0] INFO  ozoneimpl.OzoneContainer (OzoneContainer.java:startContainerScrub(175)) - Background container scrubber has been disabled by hdds.containerscrub.enabled
2019-08-29 08:59:27,871 [Datanode State Machine Thread - 0] INFO  ratis.XceiverServerRatis (XceiverServerRatis.java:start(393)) - Starting XceiverServerRatis 8c7a60c7-f0e0-4151-b0ba-03bf13d5dd84 at port 0
2019-08-29 08:59:27,877 [Datanode State Machine Thread - 0] INFO  impl.RaftServerProxy (RaftServerProxy.java:lambda$start$3(299)) - 8c7a60c7-f0e0-4151-b0ba-03bf13d5dd84: start RPC server
2019-08-29 08:59:27,880 [Datanode State Machine Thread - 0] INFO  server.GrpcService (GrpcService.java:startImpl(149)) - 8c7a60c7-f0e0-4151-b0ba-03bf13d5dd84: GrpcService started, listening on 0.0.0.0/0.0.0.0:34562
2019-08-29 08:59:27,880 [Datanode State Machine Thread - 0] INFO  ratis.XceiverServerRatis (XceiverServerRatis.java:start(403)) - XceiverServerRatis 8c7a60c7-f0e0-4151-b0ba-03bf13d5dd84 is started using port 34562
2019-08-29 08:59:27,881 [Datanode State Machine Thread - 0] INFO  server.XceiverServerGrpc (XceiverServerGrpc.java:start(163)) - XceiverServerGrpc 8c7a60c7-f0e0-4151-b0ba-03bf13d5dd84 is started using port 39253
2019-08-29 08:59:27,898 | INFO  | SCMAudit | user=jenkins1000 | ip=192.168.69.87 | op=GET_VERSION null | ret=SUCCESS |  
2019-08-29 08:59:27,923 [Datanode State Machine Thread - 0] INFO  ozoneimpl.OzoneContainer (OzoneContainer.java:start(201)) - Attempting to start container services.
2019-08-29 08:59:27,923 [Datanode State Machine Thread - 0] INFO  ozoneimpl.OzoneContainer (OzoneContainer.java:startContainerScrub(175)) - Background container scrubber has been disabled by hdds.containerscrub.enabled
2019-08-29 08:59:27,923 [Datanode State Machine Thread - 0] INFO  ratis.XceiverServerRatis (XceiverServerRatis.java:start(393)) - Starting XceiverServerRatis ff00a4c4-a8e1-4318-a8ca-04f99219f100 at port 0
2019-08-29 08:59:27,931 [Datanode State Machine Thread - 0] INFO  impl.RaftServerProxy (RaftServerProxy.java:lambda$start$3(299)) - ff00a4c4-a8e1-4318-a8ca-04f99219f100: start RPC server
2019-08-29 08:59:27,935 [Datanode State Machine Thread - 0] INFO  server.GrpcService (GrpcService.java:startImpl(149)) - ff00a4c4-a8e1-4318-a8ca-04f99219f100: GrpcService started, listening on 0.0.0.0/0.0.0.0:41640
2019-08-29 08:59:27,935 [Datanode State Machine Thread - 0] INFO  ratis.XceiverServerRatis (XceiverServerRatis.java:start(403)) - XceiverServerRatis ff00a4c4-a8e1-4318-a8ca-04f99219f100 is started using port 41640
2019-08-29 08:59:27,938 [Datanode State Machine Thread - 0] INFO  server.XceiverServerGrpc (XceiverServerGrpc.java:start(163)) - XceiverServerGrpc ff00a4c4-a8e1-4318-a8ca-04f99219f100 is started using port 39123
2019-08-29 08:59:27,970 | INFO  | SCMAudit | user=jenkins1000 | ip=192.168.69.87 | op=GET_VERSION null | ret=SUCCESS |  
2019-08-29 08:59:27,985 [Datanode State Machine Thread - 0] INFO  ozoneimpl.OzoneContainer (OzoneContainer.java:start(201)) - Attempting to start container services.
2019-08-29 08:59:27,985 [Datanode State Machine Thread - 0] INFO  ozoneimpl.OzoneContainer (OzoneContainer.java:startContainerScrub(175)) - Background container scrubber has been disabled by hdds.containerscrub.enabled
2019-08-29 08:59:27,985 [Datanode State Machine Thread - 0] INFO  ratis.XceiverServerRatis (XceiverServerRatis.java:start(393)) - Starting XceiverServerRatis 6be14348-cf2d-4abb-94f1-e8c77b81db27 at port 0
2019-08-29 08:59:27,993 [Datanode State Machine Thread - 0] INFO  impl.RaftServerProxy (RaftServerProxy.java:lambda$start$3(299)) - 6be14348-cf2d-4abb-94f1-e8c77b81db27: start RPC server
2019-08-29 08:59:27,998 [Datanode State Machine Thread - 0] INFO  server.GrpcService (GrpcService.java:startImpl(149)) - 6be14348-cf2d-4abb-94f1-e8c77b81db27: GrpcService started, listening on 0.0.0.0/0.0.0.0:35157
2019-08-29 08:59:27,998 [Datanode State Machine Thread - 0] INFO  ratis.XceiverServerRatis (XceiverServerRatis.java:start(403)) - XceiverServerRatis 6be14348-cf2d-4abb-94f1-e8c77b81db27 is started using port 35157
2019-08-29 08:59:28,000 [Datanode State Machine Thread - 0] INFO  server.XceiverServerGrpc (XceiverServerGrpc.java:start(163)) - XceiverServerGrpc 6be14348-cf2d-4abb-94f1-e8c77b81db27 is started using port 37003
2019-08-29 08:59:28,046 [main] INFO  ozone.MiniOzoneClusterImpl (MiniOzoneClusterImpl.java:lambda$waitForClusterToBeReady$0(140)) - Waiting for cluster to be ready. Got 0 of 7 DN Heartbeats.
2019-08-29 08:59:28,049 | INFO  | SCMAudit | user=jenkins1000 | ip=192.168.69.87 | op=GET_VERSION null | ret=SUCCESS |  
2019-08-29 08:59:28,088 [Datanode State Machine Thread - 0] INFO  ozoneimpl.OzoneContainer (OzoneContainer.java:start(201)) - Attempting to start container services.
2019-08-29 08:59:28,089 [Datanode State Machine Thread - 0] INFO  ozoneimpl.OzoneContainer (OzoneContainer.java:startContainerScrub(175)) - Background container scrubber has been disabled by hdds.containerscrub.enabled
2019-08-29 08:59:28,089 [Datanode State Machine Thread - 0] INFO  ratis.XceiverServerRatis (XceiverServerRatis.java:start(393)) - Starting XceiverServerRatis 591368fd-0e23-4e2a-b1d4-68a6dfc1d9a5 at port 0
2019-08-29 08:59:28,097 [Datanode State Machine Thread - 0] INFO  impl.RaftServerProxy (RaftServerProxy.java:lambda$start$3(299)) - 591368fd-0e23-4e2a-b1d4-68a6dfc1d9a5: start RPC server
2019-08-29 08:59:28,101 [Datanode State Machine Thread - 0] INFO  server.GrpcService (GrpcService.java:startImpl(149)) - 591368fd-0e23-4e2a-b1d4-68a6dfc1d9a5: GrpcService started, listening on 0.0.0.0/0.0.0.0:37589
2019-08-29 08:59:28,101 [Datanode State Machine Thread - 0] INFO  ratis.XceiverServerRatis (XceiverServerRatis.java:start(403)) - XceiverServerRatis 591368fd-0e23-4e2a-b1d4-68a6dfc1d9a5 is started using port 37589
2019-08-29 08:59:28,104 [Datanode State Machine Thread - 0] INFO  server.XceiverServerGrpc (XceiverServerGrpc.java:start(163)) - XceiverServerGrpc 591368fd-0e23-4e2a-b1d4-68a6dfc1d9a5 is started using port 37116
2019-08-29 08:59:29,048 [main] INFO  ozone.MiniOzoneClusterImpl (MiniOzoneClusterImpl.java:lambda$waitForClusterToBeReady$0(140)) - Waiting for cluster to be ready. Got 0 of 7 DN Heartbeats.
2019-08-29 08:59:29,602 [IPC Server handler 3 on 38280] INFO  net.NetworkTopology (NetworkTopologyImpl.java:add(110)) - Added a new node: /default-rack/6fa28f14-8f40-4547-905f-1fc4e9e7d51e
2019-08-29 08:59:29,603 [IPC Server handler 3 on 38280] INFO  node.SCMNodeManager (SCMNodeManager.java:register(266)) - Registered Data node : 6fa28f14-8f40-4547-905f-1fc4e9e7d51e{ip: 192.168.69.87, host: pr-hdds-1935-5tjgs-3847141534, networkLocation: /default-rack, certSerialId: null}
2019-08-29 08:59:29,609 [EventQueue-NodeRegistrationContainerReportForDataNodeSafeModeRule] INFO  safemode.SCMSafeModeManager (DataNodeSafeModeRule.java:process(71)) - SCM in safe mode. 1 DataNodes registered, 1 required.
2019-08-29 08:59:29,610 [EventQueue-NodeRegistrationContainerReportForDataNodeSafeModeRule] INFO  safemode.SCMSafeModeManager (SCMSafeModeManager.java:validateSafeModeExitRules(177)) - ScmSafeModeManager, all rules are successfully validated
2019-08-29 08:59:29,610 [EventQueue-NodeRegistrationContainerReportForDataNodeSafeModeRule] INFO  safemode.SCMSafeModeManager (SCMSafeModeManager.java:exitSafeMode(193)) - SCM exiting safe mode.
2019-08-29 08:59:29,618 | INFO  | SCMAudit | user=jenkins1000 | ip=192.168.69.87 | op=REGISTER {datanodeDetails=6fa28f14-8f40-4547-905f-1fc4e9e7d51e{ip: 192.168.69.87, host: pr-hdds-1935-5tjgs-3847141534, networkLocation: /default-rack, certSerialId: null}} | ret=SUCCESS |  
2019-08-29 08:59:29,664 [IPC Server handler 1 on 38280] INFO  net.NetworkTopology (NetworkTopologyImpl.java:add(110)) - Added a new node: /default-rack/2e835111-926f-4ebf-9fdc-c8ae7690dcd1
2019-08-29 08:59:29,664 [IPC Server handler 1 on 38280] INFO  node.SCMNodeManager (SCMNodeManager.java:register(266)) - Registered Data node : 2e835111-926f-4ebf-9fdc-c8ae7690dcd1{ip: 192.168.69.87, host: pr-hdds-1935-5tjgs-3847141534, networkLocation: /default-rack, certSerialId: null}
2019-08-29 08:59:29,664 | INFO  | SCMAudit | user=jenkins1000 | ip=192.168.69.87 | op=REGISTER {datanodeDetails=2e835111-926f-4ebf-9fdc-c8ae7690dcd1{ip: 192.168.69.87, host: pr-hdds-1935-5tjgs-3847141534, networkLocation: /default-rack, certSerialId: null}} | ret=SUCCESS |  
2019-08-29 08:59:29,749 [IPC Server handler 2 on 38280] INFO  net.NetworkTopology (NetworkTopologyImpl.java:add(110)) - Added a new node: /default-rack/e7e7da8c-f939-4fb3-bc52-3a5bf046eb23
2019-08-29 08:59:29,749 [IPC Server handler 2 on 38280] INFO  node.SCMNodeManager (SCMNodeManager.java:register(266)) - Registered Data node : e7e7da8c-f939-4fb3-bc52-3a5bf046eb23{ip: 192.168.69.87, host: pr-hdds-1935-5tjgs-3847141534, networkLocation: /default-rack, certSerialId: null}
2019-08-29 08:59:29,749 | INFO  | SCMAudit | user=jenkins1000 | ip=192.168.69.87 | op=REGISTER {datanodeDetails=e7e7da8c-f939-4fb3-bc52-3a5bf046eb23{ip: 192.168.69.87, host: pr-hdds-1935-5tjgs-3847141534, networkLocation: /default-rack, certSerialId: null}} | ret=SUCCESS |  
2019-08-29 08:59:29,827 [IPC Server handler 4 on 38280] INFO  net.NetworkTopology (NetworkTopologyImpl.java:add(110)) - Added a new node: /default-rack/8c7a60c7-f0e0-4151-b0ba-03bf13d5dd84
2019-08-29 08:59:29,827 [IPC Server handler 4 on 38280] INFO  node.SCMNodeManager (SCMNodeManager.java:register(266)) - Registered Data node : 8c7a60c7-f0e0-4151-b0ba-03bf13d5dd84{ip: 192.168.69.87, host: pr-hdds-1935-5tjgs-3847141534, networkLocation: /default-rack, certSerialId: null}
2019-08-29 08:59:29,827 | INFO  | SCMAudit | user=jenkins1000 | ip=192.168.69.87 | op=REGISTER {datanodeDetails=8c7a60c7-f0e0-4151-b0ba-03bf13d5dd84{ip: 192.168.69.87, host: pr-hdds-1935-5tjgs-3847141534, networkLocation: /default-rack, certSerialId: null}} | ret=SUCCESS |  
2019-08-29 08:59:29,899 [IPC Server handler 5 on 38280] INFO  net.NetworkTopology (NetworkTopologyImpl.java:add(110)) - Added a new node: /default-rack/ff00a4c4-a8e1-4318-a8ca-04f99219f100
2019-08-29 08:59:29,899 [IPC Server handler 5 on 38280] INFO  node.SCMNodeManager (SCMNodeManager.java:register(266)) - Registered Data node : ff00a4c4-a8e1-4318-a8ca-04f99219f100{ip: 192.168.69.87, host: pr-hdds-1935-5tjgs-3847141534, networkLocation: /default-rack, certSerialId: null}
2019-08-29 08:59:29,899 | INFO  | SCMAudit | user=jenkins1000 | ip=192.168.69.87 | op=REGISTER {datanodeDetails=ff00a4c4-a8e1-4318-a8ca-04f99219f100{ip: 192.168.69.87, host: pr-hdds-1935-5tjgs-3847141534, networkLocation: /default-rack, certSerialId: null}} | ret=SUCCESS |  
2019-08-29 08:59:29,973 [IPC Server handler 17 on 38280] INFO  net.NetworkTopology (NetworkTopologyImpl.java:add(110)) - Added a new node: /default-rack/6be14348-cf2d-4abb-94f1-e8c77b81db27
2019-08-29 08:59:29,974 [IPC Server handler 17 on 38280] INFO  node.SCMNodeManager (SCMNodeManager.java:register(266)) - Registered Data node : 6be14348-cf2d-4abb-94f1-e8c77b81db27{ip: 192.168.69.87, host: pr-hdds-1935-5tjgs-3847141534, networkLocation: /default-rack, certSerialId: null}
2019-08-29 08:59:29,974 | INFO  | SCMAudit | user=jenkins1000 | ip=192.168.69.87 | op=REGISTER {datanodeDetails=6be14348-cf2d-4abb-94f1-e8c77b81db27{ip: 192.168.69.87, host: pr-hdds-1935-5tjgs-3847141534, networkLocation: /default-rack, certSerialId: null}} | ret=SUCCESS |  
2019-08-29 08:59:30,049 [main] INFO  ozone.MiniOzoneClusterImpl (MiniOzoneClusterImpl.java:lambda$waitForClusterToBeReady$0(140)) - Waiting for cluster to be ready. Got 6 of 7 DN Heartbeats.
2019-08-29 08:59:30,050 [IPC Server handler 3 on 38280] INFO  net.NetworkTopology (NetworkTopologyImpl.java:add(110)) - Added a new node: /default-rack/591368fd-0e23-4e2a-b1d4-68a6dfc1d9a5
2019-08-29 08:59:30,051 [IPC Server handler 3 on 38280] INFO  node.SCMNodeManager (SCMNodeManager.java:register(266)) - Registered Data node : 591368fd-0e23-4e2a-b1d4-68a6dfc1d9a5{ip: 192.168.69.87, host: pr-hdds-1935-5tjgs-3847141534, networkLocation: /default-rack, certSerialId: null}
2019-08-29 08:59:30,051 | INFO  | SCMAudit | user=jenkins1000 | ip=192.168.69.87 | op=REGISTER {datanodeDetails=591368fd-0e23-4e2a-b1d4-68a6dfc1d9a5{ip: 192.168.69.87, host: pr-hdds-1935-5tjgs-3847141534, networkLocation: /default-rack, certSerialId: null}} | ret=SUCCESS |  
2019-08-29 08:59:30,116 [grpc-default-executor-0] INFO  impl.RaftServerProxy (RaftServerProxy.java:addNew(89)) - 6fa28f14-8f40-4547-905f-1fc4e9e7d51e: addNew group-FA20004B800A:[6fa28f14-8f40-4547-905f-1fc4e9e7d51e:192.168.69.87:38879] returns group-FA20004B800A:java.util.concurrent.CompletableFuture@7f920887[Not completed]
2019-08-29 08:59:30,132 [pool-27-thread-1] INFO  impl.RaftServerImpl (RaftServerImpl.java:<init>(93)) - 6fa28f14-8f40-4547-905f-1fc4e9e7d51e: new RaftServerImpl for group-FA20004B800A:[6fa28f14-8f40-4547-905f-1fc4e9e7d51e:192.168.69.87:38879] with ContainerStateMachine:uninitialized
2019-08-29 08:59:30,134 [pool-27-thread-1] INFO  server.RaftServerConfigKeys (ConfUtils.java:logGet(43)) - raft.server.rpc.timeout.min = 5s (custom)
2019-08-29 08:59:30,135 [pool-27-thread-1] INFO  server.RaftServerConfigKeys (ConfUtils.java:logGet(43)) - raft.server.rpc.timeout.max = 5200ms (custom)
2019-08-29 08:59:30,135 [pool-27-thread-1] INFO  server.RaftServerConfigKeys (ConfUtils.java:logGet(43)) - raft.server.rpcslowness.timeout = 120s (custom)
2019-08-29 08:59:30,136 [pool-27-thread-1] INFO  server.RaftServerConfigKeys (ConfUtils.java:logGet(43)) - raft.server.sleep.deviation.threshold = 300 (default)
2019-08-29 08:59:30,136 [pool-27-thread-1] INFO  server.RaftServerConfigKeys (ConfUtils.java:logGet(43)) - raft.server.log.appender.install.snapshot.enabled = false (custom)
2019-08-29 08:59:30,143 [pool-27-thread-1] INFO  impl.RaftServerImpl (ServerState.java:<init>(105)) - 6fa28f14-8f40-4547-905f-1fc4e9e7d51e:group-FA20004B800A ConfigurationManager, init=-1: [6fa28f14-8f40-4547-905f-1fc4e9e7d51e:192.168.69.87:38879], old=null, confs=<EMPTY_MAP>
2019-08-29 08:59:30,143 [pool-27-thread-1] INFO  server.RaftServerConfigKeys (ConfUtils.java:logGet(43)) - raft.server.storage.dir = [/workdir/hadoop-ozone/integration-test/target/test-dir/MiniOzoneClusterImpl-23210f21-26b4-4673-833f-61feb255c217/datanode-0/data/ratis] (custom)
2019-08-29 08:59:30,150 [pool-27-thread-1] INFO  storage.RaftStorageDirectory (RaftStorageDirectory.java:analyzeStorage(246)) - The storage directory /workdir/hadoop-ozone/integration-test/target/test-dir/MiniOzoneClusterImpl-23210f21-26b4-4673-833f-61feb255c217/datanode-0/data/ratis/bf9e481e-72ca-4660-9bcf-fa20004b800a does not exist. Creating ...
2019-08-29 08:59:30,180 [pool-27-thread-1] INFO  storage.RaftStorageDirectory (RaftStorageDirectory.java:tryLock(328)) - Lock on /workdir/hadoop-ozone/integration-test/target/test-dir/MiniOzoneClusterImpl-23210f21-26b4-4673-833f-61feb255c217/datanode-0/data/ratis/bf9e481e-72ca-4660-9bcf-fa20004b800a/in_use.lock acquired by nodename 17121@pr-hdds-1935-5tjgs-3847141534
2019-08-29 08:59:30,222 [pool-27-thread-1] INFO  storage.RaftStorage (RaftStorage.java:format(72)) - Storage directory /workdir/hadoop-ozone/integration-test/target/test-dir/MiniOzoneClusterImpl-23210f21-26b4-4673-833f-61feb255c217/datanode-0/data/ratis/bf9e481e-72ca-4660-9bcf-fa20004b800a has been successfully formatted.
2019-08-29 08:59:30,224 [pool-27-thread-1] INFO  ratis.ContainerStateMachine (ContainerStateMachine.java:loadSnapshot(227)) - group-FA20004B800A: The snapshot info is null. Setting the last applied indexto:(t:0, i:~)
2019-08-29 08:59:30,225 [pool-27-thread-1] INFO  server.RaftServerConfigKeys (ConfUtils.java:logGet(43)) - raft.server.leader.election.timeout = 120s (custom)
2019-08-29 08:59:30,226 [pool-27-thread-1] INFO  server.RaftServerConfigKeys (ConfUtils.java:logGet(43)) - raft.server.log.use.memory = false (default)
2019-08-29 08:59:30,231 [pool-27-thread-1] INFO  server.RaftServerConfigKeys (ConfUtils.java:logGet(43)) - raft.server.log.purge.gap = 1000000 (custom)
2019-08-29 08:59:30,231 [pool-27-thread-1] INFO  server.RaftServerConfigKeys (ConfUtils.java:logGet(43)) - raft.server.log.appender.buffer.byte-limit = 33554432 (custom)
2019-08-29 08:59:30,232 [pool-27-thread-1] INFO  server.RaftServerConfigKeys (ConfUtils.java:logGet(43)) - raft.server.log.segment.size.max = 1048576 (custom)
2019-08-29 08:59:30,235 [pool-27-thread-1] INFO  server.RaftServerConfigKeys (ConfUtils.java:logGet(43)) - raft.server.log.segment.cache.num.max = 2 (custom)
2019-08-29 08:59:30,240 [pool-27-thread-1] INFO  segmented.SegmentedRaftLogWorker (SegmentedRaftLogWorker.java:<init>(172)) - new 6fa28f14-8f40-4547-905f-1fc4e9e7d51e-SegmentedRaftLogWorker:Storage Directory /workdir/hadoop-ozone/integration-test/target/test-dir/MiniOzoneClusterImpl-23210f21-26b4-4673-833f-61feb255c217/datanode-0/data/ratis/bf9e481e-72ca-4660-9bcf-fa20004b800a for RaftStorage:Storage Directory /workdir/hadoop-ozone/integration-test/target/test-dir/MiniOzoneClusterImpl-23210f21-26b4-4673-833f-61feb255c217/datanode-0/data/ratis/bf9e481e-72ca-4660-9bcf-fa20004b800a
2019-08-29 08:59:30,251 [pool-27-thread-1] INFO  server.RaftServerConfigKeys (ConfUtils.java:logGet(43)) - raft.server.log.queue.byte-limit = 2147483647 (custom)
2019-08-29 08:59:30,252 [pool-27-thread-1] INFO  server.RaftServerConfigKeys (ConfUtils.java:logGet(43)) - raft.server.log.queue.element-limit = 1024 (custom)
2019-08-29 08:59:30,256 [pool-27-thread-1] INFO  server.RaftServerConfigKeys (ConfUtils.java:logGet(43)) - raft.server.log.segment.size.max = 1048576 (custom)
2019-08-29 08:59:30,256 [pool-27-thread-1] INFO  server.RaftServerConfigKeys (ConfUtils.java:logGet(43)) - raft.server.log.preallocated.size = 16384 (custom)
2019-08-29 08:59:30,257 [pool-27-thread-1] INFO  server.RaftServerConfigKeys (ConfUtils.java:logGet(43)) - raft.server.log.write.buffer.size = 33554432 (custom)
2019-08-29 08:59:30,257 [pool-27-thread-1] INFO  server.RaftServerConfigKeys (ConfUtils.java:logGet(43)) - raft.server.log.force.sync.num = 128 (default)
2019-08-29 08:59:30,258 [pool-27-thread-1] INFO  server.RaftServerConfigKeys (ConfUtils.java:logGet(43)) - raft.server.log.statemachine.data.sync = true (default)
2019-08-29 08:59:30,258 [pool-27-thread-1] INFO  server.RaftServerConfigKeys (ConfUtils.java:logGet(43)) - raft.server.log.statemachine.data.sync.timeout = 10s (default)
2019-08-29 08:59:30,259 [pool-27-thread-1] INFO  server.RaftServerConfigKeys (ConfUtils.java:logGet(43)) - raft.server.log.statemachine.data.sync.timeout.retry = -1 (default)
2019-08-29 08:59:30,267 [pool-27-thread-1] INFO  server.RaftServerConfigKeys (ConfUtils.java:logGet(43)) - raft.server.log.statemachine.data.caching.enabled = true (custom)
2019-08-29 08:59:30,271 [pool-27-thread-1] INFO  segmented.SegmentedRaftLogWorker (SegmentedRaftLogWorker.java:lambda$new$0(132)) - 6fa28f14-8f40-4547-905f-1fc4e9e7d51e-SegmentedRaftLogWorker:Storage Directory /workdir/hadoop-ozone/integration-test/target/test-dir/MiniOzoneClusterImpl-23210f21-26b4-4673-833f-61feb255c217/datanode-0/data/ratis/bf9e481e-72ca-4660-9bcf-fa20004b800a: flushIndex: setUnconditionally 0 -> -1
2019-08-29 08:59:30,275 [pool-27-thread-1] INFO  server.RaftServerConfigKeys (ConfUtils.java:logGet(43)) - raft.server.snapshot.auto.trigger.enabled = true (custom)
2019-08-29 08:59:30,276 [pool-27-thread-1] INFO  server.RaftServerConfigKeys (ConfUtils.java:logGet(43)) - raft.server.snapshot.auto.trigger.threshold = 10000 (custom)
2019-08-29 08:59:30,276 [pool-27-thread-1] INFO  server.RaftServerConfigKeys (ConfUtils.java:logGet(43)) - raft.server.retrycache.expirytime = 600000ms (custom)
2019-08-29 08:59:30,296 [pool-27-thread-1] INFO  impl.RaftServerImpl (RaftServerImpl.java:start(180)) - 6fa28f14-8f40-4547-905f-1fc4e9e7d51e: start group-FA20004B800A
2019-08-29 08:59:30,297 [pool-27-thread-1] INFO  impl.RaftServerImpl (RaftServerImpl.java:setRole(171)) - 6fa28f14-8f40-4547-905f-1fc4e9e7d51e:group-FA20004B800A changes role from null to FOLLOWER at term 0 for startAsFollower
2019-08-29 08:59:30,298 [pool-27-thread-1] INFO  impl.RoleInfo (RoleInfo.java:updateAndGet(143)) - 6fa28f14-8f40-4547-905f-1fc4e9e7d51e: start FollowerState
2019-08-29 08:59:30,300 [pool-27-thread-1] INFO  util.JmxRegister (JmxRegister.java:tryRegister(44)) - Successfully registered JMX Bean with object name Ratis:service=RaftServer,group=group-FA20004B800A,id=6fa28f14-8f40-4547-905f-1fc4e9e7d51e
2019-08-29 08:59:30,411 [RatisPipelineUtilsThread] INFO  pipeline.PipelineStateManager (PipelineStateManager.java:addPipeline(56)) - Created pipeline Pipeline[ Id: bf9e481e-72ca-4660-9bcf-fa20004b800a, Nodes: 6fa28f14-8f40-4547-905f-1fc4e9e7d51e{ip: 192.168.69.87, host: pr-hdds-1935-5tjgs-3847141534, networkLocation: /default-rack, certSerialId: null}, Type:RATIS, Factor:ONE, State:OPEN]
2019-08-29 08:59:30,435 [grpc-default-executor-0] INFO  impl.RaftServerProxy (RaftServerProxy.java:addNew(89)) - 2e835111-926f-4ebf-9fdc-c8ae7690dcd1: addNew group-FC606CC4F5B3:[2e835111-926f-4ebf-9fdc-c8ae7690dcd1:192.168.69.87:38883] returns group-FC606CC4F5B3:java.util.concurrent.CompletableFuture@712bd992[Not completed]
2019-08-29 08:59:30,474 [pool-37-thread-1] INFO  impl.RaftServerImpl (RaftServerImpl.java:<init>(93)) - 2e835111-926f-4ebf-9fdc-c8ae7690dcd1: new RaftServerImpl for group-FC606CC4F5B3:[2e835111-926f-4ebf-9fdc-c8ae7690dcd1:192.168.69.87:38883] with ContainerStateMachine:uninitialized
2019-08-29 08:59:30,476 [pool-37-thread-1] INFO  server.RaftServerConfigKeys (ConfUtils.java:logGet(43)) - raft.server.rpc.timeout.min = 5s (custom)
2019-08-29 08:59:30,476 [pool-37-thread-1] INFO  server.RaftServerConfigKeys (ConfUtils.java:logGet(43)) - raft.server.rpc.timeout.max = 5200ms (custom)
2019-08-29 08:59:30,476 [pool-37-thread-1] INFO  server.RaftServerConfigKeys (ConfUtils.java:logGet(43)) - raft.server.rpcslowness.timeout = 120s (custom)
2019-08-29 08:59:30,476 [pool-37-thread-1] INFO  server.RaftServerConfigKeys (ConfUtils.java:logGet(43)) - raft.server.sleep.deviation.threshold = 300 (default)
2019-08-29 08:59:30,477 [pool-37-thread-1] INFO  server.RaftServerConfigKeys (ConfUtils.java:logGet(43)) - raft.server.log.appender.install.snapshot.enabled = false (custom)
2019-08-29 08:59:30,477 [pool-37-thread-1] INFO  impl.RaftServerImpl (ServerState.java:<init>(105)) - 2e835111-926f-4ebf-9fdc-c8ae7690dcd1:group-FC606CC4F5B3 ConfigurationManager, init=-1: [2e835111-926f-4ebf-9fdc-c8ae7690dcd1:192.168.69.87:38883], old=null, confs=<EMPTY_MAP>
2019-08-29 08:59:30,477 [pool-37-thread-1] INFO  server.RaftServerConfigKeys (ConfUtils.java:logGet(43)) - raft.server.storage.dir = [/workdir/hadoop-ozone/integration-test/target/test-dir/MiniOzoneClusterImpl-23210f21-26b4-4673-833f-61feb255c217/datanode-1/data/ratis] (custom)
2019-08-29 08:59:30,478 [pool-37-thread-1] INFO  storage.RaftStorageDirectory (RaftStorageDirectory.java:analyzeStorage(246)) - The storage directory /workdir/hadoop-ozone/integration-test/target/test-dir/MiniOzoneClusterImpl-23210f21-26b4-4673-833f-61feb255c217/datanode-1/data/ratis/43aee6ff-9e39-48fc-9d4b-fc606cc4f5b3 does not exist. Creating ...
2019-08-29 08:59:30,701 [pool-37-thread-1] INFO  storage.RaftStorageDirectory (RaftStorageDirectory.java:tryLock(328)) - Lock on /workdir/hadoop-ozone/integration-test/target/test-dir/MiniOzoneClusterImpl-23210f21-26b4-4673-833f-61feb255c217/datanode-1/data/ratis/43aee6ff-9e39-48fc-9d4b-fc606cc4f5b3/in_use.lock acquired by nodename 17121@pr-hdds-1935-5tjgs-3847141534
2019-08-29 08:59:30,776 [pool-37-thread-1] INFO  storage.RaftStorage (RaftStorage.java:format(72)) - Storage directory /workdir/hadoop-ozone/integration-test/target/test-dir/MiniOzoneClusterImpl-23210f21-26b4-4673-833f-61feb255c217/datanode-1/data/ratis/43aee6ff-9e39-48fc-9d4b-fc606cc4f5b3 has been successfully formatted.
2019-08-29 08:59:30,779 [pool-37-thread-1] INFO  ratis.ContainerStateMachine (ContainerStateMachine.java:loadSnapshot(227)) - group-FC606CC4F5B3: The snapshot info is null. Setting the last applied indexto:(t:0, i:~)
2019-08-29 08:59:30,781 [pool-37-thread-1] INFO  server.RaftServerConfigKeys (ConfUtils.java:logGet(43)) - raft.server.leader.election.timeout = 120s (custom)
2019-08-29 08:59:30,781 [pool-37-thread-1] INFO  server.RaftServerConfigKeys (ConfUtils.java:logGet(43)) - raft.server.log.use.memory = false (default)
2019-08-29 08:59:30,781 [pool-37-thread-1] INFO  server.RaftServerConfigKeys (ConfUtils.java:logGet(43)) - raft.server.log.purge.gap = 1000000 (custom)
2019-08-29 08:59:30,781 [pool-37-thread-1] INFO  server.RaftServerConfigKeys (ConfUtils.java:logGet(43)) - raft.server.log.appender.buffer.byte-limit = 33554432 (custom)
2019-08-29 08:59:30,781 [pool-37-thread-1] INFO  server.RaftServerConfigKeys (ConfUtils.java:logGet(43)) - raft.server.log.segment.size.max = 1048576 (custom)
2019-08-29 08:59:30,782 [pool-37-thread-1] INFO  server.RaftServerConfigKeys (ConfUtils.java:logGet(43)) - raft.server.log.segment.cache.num.max = 2 (custom)
2019-08-29 08:59:30,782 [pool-37-thread-1] INFO  segmented.SegmentedRaftLogWorker (SegmentedRaftLogWorker.java:<init>(172)) - new 2e835111-926f-4ebf-9fdc-c8ae7690dcd1-SegmentedRaftLogWorker:Storage Directory /workdir/hadoop-ozone/integration-test/target/test-dir/MiniOzoneClusterImpl-23210f21-26b4-4673-833f-61feb255c217/datanode-1/data/ratis/43aee6ff-9e39-48fc-9d4b-fc606cc4f5b3 for RaftStorage:Storage Directory /workdir/hadoop-ozone/integration-test/target/test-dir/MiniOzoneClusterImpl-23210f21-26b4-4673-833f-61feb255c217/datanode-1/data/ratis/43aee6ff-9e39-48fc-9d4b-fc606cc4f5b3
2019-08-29 08:59:30,784 [pool-37-thread-1] INFO  server.RaftServerConfigKeys (ConfUtils.java:logGet(43)) - raft.server.log.queue.byte-limit = 2147483647 (custom)
2019-08-29 08:59:30,784 [pool-37-thread-1] INFO  server.RaftServerConfigKeys (ConfUtils.java:logGet(43)) - raft.server.log.queue.element-limit = 1024 (custom)
2019-08-29 08:59:30,784 [pool-37-thread-1] INFO  server.RaftServerConfigKeys (ConfUtils.java:logGet(43)) - raft.server.log.segment.size.max = 1048576 (custom)
2019-08-29 08:59:30,784 [pool-37-thread-1] INFO  server.RaftServerConfigKeys (ConfUtils.java:logGet(43)) - raft.server.log.preallocated.size = 16384 (custom)
2019-08-29 08:59:30,785 [pool-37-thread-1] INFO  server.RaftServerConfigKeys (ConfUtils.java:logGet(43)) - raft.server.log.write.buffer.size = 33554432 (custom)
2019-08-29 08:59:30,785 [pool-37-thread-1] INFO  server.RaftServerConfigKeys (ConfUtils.java:logGet(43)) - raft.server.log.force.sync.num = 128 (default)
2019-08-29 08:59:30,785 [pool-37-thread-1] INFO  server.RaftServerConfigKeys (ConfUtils.java:logGet(43)) - raft.server.log.statemachine.data.sync = true (default)
2019-08-29 08:59:30,785 [pool-37-thread-1] INFO  server.RaftServerConfigKeys (ConfUtils.java:logGet(43)) - raft.server.log.statemachine.data.sync.timeout = 10s (default)
2019-08-29 08:59:30,785 [pool-37-thread-1] INFO  server.RaftServerConfigKeys (ConfUtils.java:logGet(43)) - raft.server.log.statemachine.data.sync.timeout.retry = -1 (default)
2019-08-29 08:59:30,785 [pool-37-thread-1] INFO  server.RaftServerConfigKeys (ConfUtils.java:logGet(43)) - raft.server.log.statemachine.data.caching.enabled = true (custom)
2019-08-29 08:59:30,786 [pool-37-thread-1] INFO  segmented.SegmentedRaftLogWorker (SegmentedRaftLogWorker.java:lambda$new$0(132)) - 2e835111-926f-4ebf-9fdc-c8ae7690dcd1-SegmentedRaftLogWorker:Storage Directory /workdir/hadoop-ozone/integration-test/target/test-dir/MiniOzoneClusterImpl-23210f21-26b4-4673-833f-61feb255c217/datanode-1/data/ratis/43aee6ff-9e39-48fc-9d4b-fc606cc4f5b3: flushIndex: setUnconditionally 0 -> -1
2019-08-29 08:59:30,786 [pool-37-thread-1] INFO  server.RaftServerConfigKeys (ConfUtils.java:logGet(43)) - raft.server.snapshot.auto.trigger.enabled = true (custom)
2019-08-29 08:59:30,786 [pool-37-thread-1] INFO  server.RaftServerConfigKeys (ConfUtils.java:logGet(43)) - raft.server.snapshot.auto.trigger.threshold = 10000 (custom)
2019-08-29 08:59:30,787 [pool-37-thread-1] INFO  server.RaftServerConfigKeys (ConfUtils.java:logGet(43)) - raft.server.retrycache.expirytime = 600000ms (custom)
2019-08-29 08:59:30,787 [pool-37-thread-1] INFO  impl.RaftServerImpl (RaftServerImpl.java:start(180)) - 2e835111-926f-4ebf-9fdc-c8ae7690dcd1: start group-FC606CC4F5B3
2019-08-29 08:59:30,787 [pool-37-thread-1] INFO  impl.RaftServerImpl (RaftServerImpl.java:setRole(171)) - 2e835111-926f-4ebf-9fdc-c8ae7690dcd1:group-FC606CC4F5B3 changes role from null to FOLLOWER at term 0 for startAsFollower
2019-08-29 08:59:30,787 [pool-37-thread-1] INFO  impl.RoleInfo (RoleInfo.java:updateAndGet(143)) - 2e835111-926f-4ebf-9fdc-c8ae7690dcd1: start FollowerState
2019-08-29 08:59:30,790 [pool-37-thread-1] INFO  util.JmxRegister (JmxRegister.java:tryRegister(44)) - Successfully registered JMX Bean with object name Ratis:service=RaftServer,group=group-FC606CC4F5B3,id=2e835111-926f-4ebf-9fdc-c8ae7690dcd1
2019-08-29 08:59:30,808 [RatisPipelineUtilsThread] INFO  pipeline.PipelineStateManager (PipelineStateManager.java:addPipeline(56)) - Created pipeline Pipeline[ Id: 43aee6ff-9e39-48fc-9d4b-fc606cc4f5b3, Nodes: 2e835111-926f-4ebf-9fdc-c8ae7690dcd1{ip: 192.168.69.87, host: pr-hdds-1935-5tjgs-3847141534, networkLocation: /default-rack, certSerialId: null}, Type:RATIS, Factor:ONE, State:OPEN]
2019-08-29 08:59:30,836 [grpc-default-executor-0] INFO  impl.RaftServerProxy (RaftServerProxy.java:addNew(89)) - 591368fd-0e23-4e2a-b1d4-68a6dfc1d9a5: addNew group-D379BB62F798:[591368fd-0e23-4e2a-b1d4-68a6dfc1d9a5:192.168.69.87:37589] returns group-D379BB62F798:java.util.concurrent.CompletableFuture@2e39a8b8[Not completed]
2019-08-29 08:59:30,857 [pool-87-thread-1] INFO  impl.RaftServerImpl (RaftServerImpl.java:<init>(93)) - 591368fd-0e23-4e2a-b1d4-68a6dfc1d9a5: new RaftServerImpl for group-D379BB62F798:[591368fd-0e23-4e2a-b1d4-68a6dfc1d9a5:192.168.69.87:37589] with ContainerStateMachine:uninitialized
2019-08-29 08:59:30,857 [pool-87-thread-1] INFO  server.RaftServerConfigKeys (ConfUtils.java:logGet(43)) - raft.server.rpc.timeout.min = 5s (custom)
2019-08-29 08:59:30,857 [pool-87-thread-1] INFO  server.RaftServerConfigKeys (ConfUtils.java:logGet(43)) - raft.server.rpc.timeout.max = 5200ms (custom)
2019-08-29 08:59:30,858 [pool-87-thread-1] INFO  server.RaftServerConfigKeys (ConfUtils.java:logGet(43)) - raft.server.rpcslowness.timeout = 120s (custom)
2019-08-29 08:59:30,858 [pool-87-thread-1] INFO  server.RaftServerConfigKeys (ConfUtils.java:logGet(43)) - raft.server.sleep.deviation.threshold = 300 (default)
2019-08-29 08:59:30,858 [pool-87-thread-1] INFO  server.RaftServerConfigKeys (ConfUtils.java:logGet(43)) - raft.server.log.appender.install.snapshot.enabled = false (custom)
2019-08-29 08:59:30,858 [pool-87-thread-1] INFO  impl.RaftServerImpl (ServerState.java:<init>(105)) - 591368fd-0e23-4e2a-b1d4-68a6dfc1d9a5:group-D379BB62F798 ConfigurationManager, init=-1: [591368fd-0e23-4e2a-b1d4-68a6dfc1d9a5:192.168.69.87:37589], old=null, confs=<EMPTY_MAP>
2019-08-29 08:59:30,859 [pool-87-thread-1] INFO  server.RaftServerConfigKeys (ConfUtils.java:logGet(43)) - raft.server.storage.dir = [/workdir/hadoop-ozone/integration-test/target/test-dir/MiniOzoneClusterImpl-23210f21-26b4-4673-833f-61feb255c217/datanode-6/data/ratis] (custom)
2019-08-29 08:59:30,859 [pool-87-thread-1] INFO  storage.RaftStorageDirectory (RaftStorageDirectory.java:analyzeStorage(246)) - The storage directory /workdir/hadoop-ozone/integration-test/target/test-dir/MiniOzoneClusterImpl-23210f21-26b4-4673-833f-61feb255c217/datanode-6/data/ratis/39f568a1-6865-44c6-99a5-d379bb62f798 does not exist. Creating ...
2019-08-29 08:59:30,888 [pool-87-thread-1] INFO  storage.RaftStorageDirectory (RaftStorageDirectory.java:tryLock(328)) - Lock on /workdir/hadoop-ozone/integration-test/target/test-dir/MiniOzoneClusterImpl-23210f21-26b4-4673-833f-61feb255c217/datanode-6/data/ratis/39f568a1-6865-44c6-99a5-d379bb62f798/in_use.lock acquired by nodename 17121@pr-hdds-1935-5tjgs-3847141534
2019-08-29 08:59:30,931 [pool-87-thread-1] INFO  storage.RaftStorage (RaftStorage.java:format(72)) - Storage directory /workdir/hadoop-ozone/integration-test/target/test-dir/MiniOzoneClusterImpl-23210f21-26b4-4673-833f-61feb255c217/datanode-6/data/ratis/39f568a1-6865-44c6-99a5-d379bb62f798 has been successfully formatted.
2019-08-29 08:59:30,932 [pool-87-thread-1] INFO  ratis.ContainerStateMachine (ContainerStateMachine.java:loadSnapshot(227)) - group-D379BB62F798: The snapshot info is null. Setting the last applied indexto:(t:0, i:~)
2019-08-29 08:59:30,932 [pool-87-thread-1] INFO  server.RaftServerConfigKeys (ConfUtils.java:logGet(43)) - raft.server.leader.election.timeout = 120s (custom)
2019-08-29 08:59:30,932 [pool-87-thread-1] INFO  server.RaftServerConfigKeys (ConfUtils.java:logGet(43)) - raft.server.log.use.memory = false (default)
2019-08-29 08:59:30,933 [pool-87-thread-1] INFO  server.RaftServerConfigKeys (ConfUtils.java:logGet(43)) - raft.server.log.purge.gap = 1000000 (custom)
2019-08-29 08:59:30,933 [pool-87-thread-1] INFO  server.RaftServerConfigKeys (ConfUtils.java:logGet(43)) - raft.server.log.appender.buffer.byte-limit = 33554432 (custom)
2019-08-29 08:59:30,933 [pool-87-thread-1] INFO  server.RaftServerConfigKeys (ConfUtils.java:logGet(43)) - raft.server.log.segment.size.max = 1048576 (custom)
2019-08-29 08:59:30,933 [pool-87-thread-1] INFO  server.RaftServerConfigKeys (ConfUtils.java:logGet(43)) - raft.server.log.segment.cache.num.max = 2 (custom)
2019-08-29 08:59:30,934 [pool-87-thread-1] INFO  segmented.SegmentedRaftLogWorker (SegmentedRaftLogWorker.java:<init>(172)) - new 591368fd-0e23-4e2a-b1d4-68a6dfc1d9a5-SegmentedRaftLogWorker:Storage Directory /workdir/hadoop-ozone/integration-test/target/test-dir/MiniOzoneClusterImpl-23210f21-26b4-4673-833f-61feb255c217/datanode-6/data/ratis/39f568a1-6865-44c6-99a5-d379bb62f798 for RaftStorage:Storage Directory /workdir/hadoop-ozone/integration-test/target/test-dir/MiniOzoneClusterImpl-23210f21-26b4-4673-833f-61feb255c217/datanode-6/data/ratis/39f568a1-6865-44c6-99a5-d379bb62f798
2019-08-29 08:59:30,934 [pool-87-thread-1] INFO  server.RaftServerConfigKeys (ConfUtils.java:logGet(43)) - raft.server.log.queue.byte-limit = 2147483647 (custom)
2019-08-29 08:59:30,934 [pool-87-thread-1] INFO  server.RaftServerConfigKeys (ConfUtils.java:logGet(43)) - raft.server.log.queue.element-limit = 1024 (custom)
2019-08-29 08:59:30,935 [pool-87-thread-1] INFO  server.RaftServerConfigKeys (ConfUtils.java:logGet(43)) - raft.server.log.segment.size.max = 1048576 (custom)
2019-08-29 08:59:30,935 [pool-87-thread-1] INFO  server.RaftServerConfigKeys (ConfUtils.java:logGet(43)) - raft.server.log.preallocated.size = 16384 (custom)
2019-08-29 08:59:30,935 [pool-87-thread-1] INFO  server.RaftServerConfigKeys (ConfUtils.java:logGet(43)) - raft.server.log.write.buffer.size = 33554432 (custom)
2019-08-29 08:59:30,935 [pool-87-thread-1] INFO  server.RaftServerConfigKeys (ConfUtils.java:logGet(43)) - raft.server.log.force.sync.num = 128 (default)
2019-08-29 08:59:30,936 [pool-87-thread-1] INFO  server.RaftServerConfigKeys (ConfUtils.java:logGet(43)) - raft.server.log.statemachine.data.sync = true (default)
2019-08-29 08:59:30,936 [pool-87-thread-1] INFO  server.RaftServerConfigKeys (ConfUtils.java:logGet(43)) - raft.server.log.statemachine.data.sync.timeout = 10s (default)
2019-08-29 08:59:30,936 [pool-87-thread-1] INFO  server.RaftServerConfigKeys (ConfUtils.java:logGet(43)) - raft.server.log.statemachine.data.sync.timeout.retry = -1 (default)
2019-08-29 08:59:30,937 [pool-87-thread-1] INFO  server.RaftServerConfigKeys (ConfUtils.java:logGet(43)) - raft.server.log.statemachine.data.caching.enabled = true (custom)
2019-08-29 08:59:30,937 [pool-87-thread-1] INFO  segmented.SegmentedRaftLogWorker (SegmentedRaftLogWorker.java:lambda$new$0(132)) - 591368fd-0e23-4e2a-b1d4-68a6dfc1d9a5-SegmentedRaftLogWorker:Storage Directory /workdir/hadoop-ozone/integration-test/target/test-dir/MiniOzoneClusterImpl-23210f21-26b4-4673-833f-61feb255c217/datanode-6/data/ratis/39f568a1-6865-44c6-99a5-d379bb62f798: flushIndex: setUnconditionally 0 -> -1
2019-08-29 08:59:30,938 [pool-87-thread-1] INFO  server.RaftServerConfigKeys (ConfUtils.java:logGet(43)) - raft.server.snapshot.auto.trigger.enabled = true (custom)
2019-08-29 08:59:30,938 [pool-87-thread-1] INFO  server.RaftServerConfigKeys (ConfUtils.java:logGet(43)) - raft.server.snapshot.auto.trigger.threshold = 10000 (custom)
2019-08-29 08:59:30,938 [pool-87-thread-1] INFO  server.RaftServerConfigKeys (ConfUtils.java:logGet(43)) - raft.server.retrycache.expirytime = 600000ms (custom)
2019-08-29 08:59:30,938 [pool-87-thread-1] INFO  impl.RaftServerImpl (RaftServerImpl.java:start(180)) - 591368fd-0e23-4e2a-b1d4-68a6dfc1d9a5: start group-D379BB62F798
2019-08-29 08:59:30,939 [pool-87-thread-1] INFO  impl.RaftServerImpl (RaftServerImpl.java:setRole(171)) - 591368fd-0e23-4e2a-b1d4-68a6dfc1d9a5:group-D379BB62F798 changes role from null to FOLLOWER at term 0 for startAsFollower
2019-08-29 08:59:30,939 [pool-87-thread-1] INFO  impl.RoleInfo (RoleInfo.java:updateAndGet(143)) - 591368fd-0e23-4e2a-b1d4-68a6dfc1d9a5: start FollowerState
2019-08-29 08:59:30,939 [pool-87-thread-1] INFO  util.JmxRegister (JmxRegister.java:tryRegister(44)) - Successfully registered JMX Bean with object name Ratis:service=RaftServer,group=group-D379BB62F798,id=591368fd-0e23-4e2a-b1d4-68a6dfc1d9a5
2019-08-29 08:59:30,952 [RatisPipelineUtilsThread] INFO  pipeline.PipelineStateManager (PipelineStateManager.java:addPipeline(56)) - Created pipeline Pipeline[ Id: 39f568a1-6865-44c6-99a5-d379bb62f798, Nodes: 591368fd-0e23-4e2a-b1d4-68a6dfc1d9a5{ip: 192.168.69.87, host: pr-hdds-1935-5tjgs-3847141534, networkLocation: /default-rack, certSerialId: null}, Type:RATIS, Factor:ONE, State:OPEN]
2019-08-29 08:59:30,971 [grpc-default-executor-0] INFO  impl.RaftServerProxy (RaftServerProxy.java:addNew(89)) - ff00a4c4-a8e1-4318-a8ca-04f99219f100: addNew group-8624CF351A48:[ff00a4c4-a8e1-4318-a8ca-04f99219f100:192.168.69.87:41640] returns group-8624CF351A48:java.util.concurrent.CompletableFuture@f8e922b[Not completed]
2019-08-29 08:59:30,976 [pool-67-thread-1] INFO  impl.RaftServerImpl (RaftServerImpl.java:<init>(93)) - ff00a4c4-a8e1-4318-a8ca-04f99219f100: new RaftServerImpl for group-8624CF351A48:[ff00a4c4-a8e1-4318-a8ca-04f99219f100:192.168.69.87:41640] with ContainerStateMachine:uninitialized
2019-08-29 08:59:30,976 [pool-67-thread-1] INFO  server.RaftServerConfigKeys (ConfUtils.java:logGet(43)) - raft.server.rpc.timeout.min = 5s (custom)
2019-08-29 08:59:30,976 [pool-67-thread-1] INFO  server.RaftServerConfigKeys (ConfUtils.java:logGet(43)) - raft.server.rpc.timeout.max = 5200ms (custom)
2019-08-29 08:59:30,976 [pool-67-thread-1] INFO  server.RaftServerConfigKeys (ConfUtils.java:logGet(43)) - raft.server.rpcslowness.timeout = 120s (custom)
2019-08-29 08:59:30,976 [pool-67-thread-1] INFO  server.RaftServerConfigKeys (ConfUtils.java:logGet(43)) - raft.server.sleep.deviation.threshold = 300 (default)
2019-08-29 08:59:30,976 [pool-67-thread-1] INFO  server.RaftServerConfigKeys (ConfUtils.java:logGet(43)) - raft.server.log.appender.install.snapshot.enabled = false (custom)
2019-08-29 08:59:30,976 [pool-67-thread-1] INFO  impl.RaftServerImpl (ServerState.java:<init>(105)) - ff00a4c4-a8e1-4318-a8ca-04f99219f100:group-8624CF351A48 ConfigurationManager, init=-1: [ff00a4c4-a8e1-4318-a8ca-04f99219f100:192.168.69.87:41640], old=null, confs=<EMPTY_MAP>
2019-08-29 08:59:30,976 [pool-67-thread-1] INFO  server.RaftServerConfigKeys (ConfUtils.java:logGet(43)) - raft.server.storage.dir = [/workdir/hadoop-ozone/integration-test/target/test-dir/MiniOzoneClusterImpl-23210f21-26b4-4673-833f-61feb255c217/datanode-4/data/ratis] (custom)
2019-08-29 08:59:30,977 [pool-67-thread-1] INFO  storage.RaftStorageDirectory (RaftStorageDirectory.java:analyzeStorage(246)) - The storage directory /workdir/hadoop-ozone/integration-test/target/test-dir/MiniOzoneClusterImpl-23210f21-26b4-4673-833f-61feb255c217/datanode-4/data/ratis/dbd23112-f712-47c7-81f0-8624cf351a48 does not exist. Creating ...
2019-08-29 08:59:31,015 [pool-67-thread-1] INFO  storage.RaftStorageDirectory (RaftStorageDirectory.java:tryLock(328)) - Lock on /workdir/hadoop-ozone/integration-test/target/test-dir/MiniOzoneClusterImpl-23210f21-26b4-4673-833f-61feb255c217/datanode-4/data/ratis/dbd23112-f712-47c7-81f0-8624cf351a48/in_use.lock acquired by nodename 17121@pr-hdds-1935-5tjgs-3847141534
2019-08-29 08:59:31,050 [main] INFO  ozone.MiniOzoneClusterImpl (MiniOzoneClusterImpl.java:lambda$waitForClusterToBeReady$0(140)) - Cluster is ready. Got 7 of 7 DN Heartbeats.
2019-08-29 08:59:31,062 [pool-67-thread-1] INFO  storage.RaftStorage (RaftStorage.java:format(72)) - Storage directory /workdir/hadoop-ozone/integration-test/target/test-dir/MiniOzoneClusterImpl-23210f21-26b4-4673-833f-61feb255c217/datanode-4/data/ratis/dbd23112-f712-47c7-81f0-8624cf351a48 has been successfully formatted.
2019-08-29 08:59:31,063 [pool-67-thread-1] INFO  ratis.ContainerStateMachine (ContainerStateMachine.java:loadSnapshot(227)) - group-8624CF351A48: The snapshot info is null. Setting the last applied indexto:(t:0, i:~)
2019-08-29 08:59:31,063 [pool-67-thread-1] INFO  server.RaftServerConfigKeys (ConfUtils.java:logGet(43)) - raft.server.leader.election.timeout = 120s (custom)
2019-08-29 08:59:31,063 [pool-67-thread-1] INFO  server.RaftServerConfigKeys (ConfUtils.java:logGet(43)) - raft.server.log.use.memory = false (default)
2019-08-29 08:59:31,063 [pool-67-thread-1] INFO  server.RaftServerConfigKeys (ConfUtils.java:logGet(43)) - raft.server.log.purge.gap = 1000000 (custom)
2019-08-29 08:59:31,063 [pool-67-thread-1] INFO  server.RaftServerConfigKeys (ConfUtils.java:logGet(43)) - raft.server.log.appender.buffer.byte-limit = 33554432 (custom)
2019-08-29 08:59:31,064 [pool-67-thread-1] INFO  server.RaftServerConfigKeys (ConfUtils.java:logGet(43)) - raft.server.log.segment.size.max = 1048576 (custom)
2019-08-29 08:59:31,064 [pool-67-thread-1] INFO  server.RaftServerConfigKeys (ConfUtils.java:logGet(43)) - raft.server.log.segment.cache.num.max = 2 (custom)
2019-08-29 08:59:31,064 [pool-67-thread-1] INFO  segmented.SegmentedRaftLogWorker (SegmentedRaftLogWorker.java:<init>(172)) - new ff00a4c4-a8e1-4318-a8ca-04f99219f100-SegmentedRaftLogWorker:Storage Directory /workdir/hadoop-ozone/integration-test/target/test-dir/MiniOzoneClusterImpl-23210f21-26b4-4673-833f-61feb255c217/datanode-4/data/ratis/dbd23112-f712-47c7-81f0-8624cf351a48 for RaftStorage:Storage Directory /workdir/hadoop-ozone/integration-test/target/test-dir/MiniOzoneClusterImpl-23210f21-26b4-4673-833f-61feb255c217/datanode-4/data/ratis/dbd23112-f712-47c7-81f0-8624cf351a48
2019-08-29 08:59:31,064 [pool-67-thread-1] INFO  server.RaftServerConfigKeys (ConfUtils.java:logGet(43)) - raft.server.log.queue.byte-limit = 2147483647 (custom)
2019-08-29 08:59:31,064 [pool-67-thread-1] INFO  server.RaftServerConfigKeys (ConfUtils.java:logGet(43)) - raft.server.log.queue.element-limit = 1024 (custom)
2019-08-29 08:59:31,065 [pool-67-thread-1] INFO  server.RaftServerConfigKeys (ConfUtils.java:logGet(43)) - raft.server.log.segment.size.max = 1048576 (custom)
2019-08-29 08:59:31,065 [pool-67-thread-1] INFO  server.RaftServerConfigKeys (ConfUtils.java:logGet(43)) - raft.server.log.preallocated.size = 16384 (custom)
2019-08-29 08:59:31,065 [pool-67-thread-1] INFO  server.RaftServerConfigKeys (ConfUtils.java:logGet(43)) - raft.server.log.write.buffer.size = 33554432 (custom)
2019-08-29 08:59:31,065 [pool-67-thread-1] INFO  server.RaftServerConfigKeys (ConfUtils.java:logGet(43)) - raft.server.log.force.sync.num = 128 (default)
2019-08-29 08:59:31,065 [pool-67-thread-1] INFO  server.RaftServerConfigKeys (ConfUtils.java:logGet(43)) - raft.server.log.statemachine.data.sync = true (default)
2019-08-29 08:59:31,066 [pool-67-thread-1] INFO  server.RaftServerConfigKeys (ConfUtils.java:logGet(43)) - raft.server.log.statemachine.data.sync.timeout = 10s (default)
2019-08-29 08:59:31,066 [pool-67-thread-1] INFO  server.RaftServerConfigKeys (ConfUtils.java:logGet(43)) - raft.server.log.statemachine.data.sync.timeout.retry = -1 (default)
2019-08-29 08:59:31,066 [pool-67-thread-1] INFO  server.RaftServerConfigKeys (ConfUtils.java:logGet(43)) - raft.server.log.statemachine.data.caching.enabled = true (custom)
2019-08-29 08:59:31,066 [pool-67-thread-1] INFO  segmented.SegmentedRaftLogWorker (SegmentedRaftLogWorker.java:lambda$new$0(132)) - ff00a4c4-a8e1-4318-a8ca-04f99219f100-SegmentedRaftLogWorker:Storage Directory /workdir/hadoop-ozone/integration-test/target/test-dir/MiniOzoneClusterImpl-23210f21-26b4-4673-833f-61feb255c217/datanode-4/data/ratis/dbd23112-f712-47c7-81f0-8624cf351a48: flushIndex: setUnconditionally 0 -> -1
2019-08-29 08:59:31,067 [pool-67-thread-1] INFO  server.RaftServerConfigKeys (ConfUtils.java:logGet(43)) - raft.server.snapshot.auto.trigger.enabled = true (custom)
2019-08-29 08:59:31,067 [pool-67-thread-1] INFO  server.RaftServerConfigKeys (ConfUtils.java:logGet(43)) - raft.server.snapshot.auto.trigger.threshold = 10000 (custom)
2019-08-29 08:59:31,067 [pool-67-thread-1] INFO  server.RaftServerConfigKeys (ConfUtils.java:logGet(43)) - raft.server.retrycache.expirytime = 600000ms (custom)
2019-08-29 08:59:31,067 [pool-67-thread-1] INFO  impl.RaftServerImpl (RaftServerImpl.java:start(180)) - ff00a4c4-a8e1-4318-a8ca-04f99219f100: start group-8624CF351A48
2019-08-29 08:59:31,068 [pool-67-thread-1] INFO  impl.RaftServerImpl (RaftServerImpl.java:setRole(171)) - ff00a4c4-a8e1-4318-a8ca-04f99219f100:group-8624CF351A48 changes role from null to FOLLOWER at term 0 for startAsFollower
2019-08-29 08:59:31,068 [pool-67-thread-1] INFO  impl.RoleInfo (RoleInfo.java:updateAndGet(143)) - ff00a4c4-a8e1-4318-a8ca-04f99219f100: start FollowerState
2019-08-29 08:59:31,068 [pool-67-thread-1] INFO  util.JmxRegister (JmxRegister.java:tryRegister(44)) - Successfully registered JMX Bean with object name Ratis:service=RaftServer,group=group-8624CF351A48,id=ff00a4c4-a8e1-4318-a8ca-04f99219f100
2019-08-29 08:59:31,079 [RatisPipelineUtilsThread] INFO  pipeline.PipelineStateManager (PipelineStateManager.java:addPipeline(56)) - Created pipeline Pipeline[ Id: dbd23112-f712-47c7-81f0-8624cf351a48, Nodes: ff00a4c4-a8e1-4318-a8ca-04f99219f100{ip: 192.168.69.87, host: pr-hdds-1935-5tjgs-3847141534, networkLocation: /default-rack, certSerialId: null}, Type:RATIS, Factor:ONE, State:OPEN]
2019-08-29 08:59:31,101 [grpc-default-executor-0] INFO  impl.RaftServerProxy (RaftServerProxy.java:addNew(89)) - 8c7a60c7-f0e0-4151-b0ba-03bf13d5dd84: addNew group-2A7DA628B955:[8c7a60c7-f0e0-4151-b0ba-03bf13d5dd84:192.168.69.87:34562] returns group-2A7DA628B955:java.util.concurrent.CompletableFuture@67e610e0[Not completed]
2019-08-29 08:59:31,106 [pool-57-thread-1] INFO  impl.RaftServerImpl (RaftServerImpl.java:<init>(93)) - 8c7a60c7-f0e0-4151-b0ba-03bf13d5dd84: new RaftServerImpl for group-2A7DA628B955:[8c7a60c7-f0e0-4151-b0ba-03bf13d5dd84:192.168.69.87:34562] with ContainerStateMachine:uninitialized
2019-08-29 08:59:31,106 [pool-57-thread-1] INFO  server.RaftServerConfigKeys (ConfUtils.java:logGet(43)) - raft.server.rpc.timeout.min = 5s (custom)
2019-08-29 08:59:31,106 [pool-57-thread-1] INFO  server.RaftServerConfigKeys (ConfUtils.java:logGet(43)) - raft.server.rpc.timeout.max = 5200ms (custom)
2019-08-29 08:59:31,106 [pool-57-thread-1] INFO  server.RaftServerConfigKeys (ConfUtils.java:logGet(43)) - raft.server.rpcslowness.timeout = 120s (custom)
2019-08-29 08:59:31,106 [pool-57-thread-1] INFO  server.RaftServerConfigKeys (ConfUtils.java:logGet(43)) - raft.server.sleep.deviation.threshold = 300 (default)
2019-08-29 08:59:31,106 [pool-57-thread-1] INFO  server.RaftServerConfigKeys (ConfUtils.java:logGet(43)) - raft.server.log.appender.install.snapshot.enabled = false (custom)
2019-08-29 08:59:31,107 [pool-57-thread-1] INFO  impl.RaftServerImpl (ServerState.java:<init>(105)) - 8c7a60c7-f0e0-4151-b0ba-03bf13d5dd84:group-2A7DA628B955 ConfigurationManager, init=-1: [8c7a60c7-f0e0-4151-b0ba-03bf13d5dd84:192.168.69.87:34562], old=null, confs=<EMPTY_MAP>
2019-08-29 08:59:31,107 [pool-57-thread-1] INFO  server.RaftServerConfigKeys (ConfUtils.java:logGet(43)) - raft.server.storage.dir = [/workdir/hadoop-ozone/integration-test/target/test-dir/MiniOzoneClusterImpl-23210f21-26b4-4673-833f-61feb255c217/datanode-3/data/ratis] (custom)
2019-08-29 08:59:31,107 [pool-57-thread-1] INFO  storage.RaftStorageDirectory (RaftStorageDirectory.java:analyzeStorage(246)) - The storage directory /workdir/hadoop-ozone/integration-test/target/test-dir/MiniOzoneClusterImpl-23210f21-26b4-4673-833f-61feb255c217/datanode-3/data/ratis/24db94ab-14f9-48be-8963-2a7da628b955 does not exist. Creating ...
2019-08-29 08:59:31,153 [pool-57-thread-1] INFO  storage.RaftStorageDirectory (RaftStorageDirectory.java:tryLock(328)) - Lock on /workdir/hadoop-ozone/integration-test/target/test-dir/MiniOzoneClusterImpl-23210f21-26b4-4673-833f-61feb255c217/datanode-3/data/ratis/24db94ab-14f9-48be-8963-2a7da628b955/in_use.lock acquired by nodename 17121@pr-hdds-1935-5tjgs-3847141534
2019-08-29 08:59:31,243 [pool-57-thread-1] INFO  storage.RaftStorage (RaftStorage.java:format(72)) - Storage directory /workdir/hadoop-ozone/integration-test/target/test-dir/MiniOzoneClusterImpl-23210f21-26b4-4673-833f-61feb255c217/datanode-3/data/ratis/24db94ab-14f9-48be-8963-2a7da628b955 has been successfully formatted.
2019-08-29 08:59:31,243 [pool-57-thread-1] INFO  ratis.ContainerStateMachine (ContainerStateMachine.java:loadSnapshot(227)) - group-2A7DA628B955: The snapshot info is null. Setting the last applied indexto:(t:0, i:~)
2019-08-29 08:59:31,244 [pool-57-thread-1] INFO  server.RaftServerConfigKeys (ConfUtils.java:logGet(43)) - raft.server.leader.election.timeout = 120s (custom)
2019-08-29 08:59:31,244 [pool-57-thread-1] INFO  server.RaftServerConfigKeys (ConfUtils.java:logGet(43)) - raft.server.log.use.memory = false (default)
2019-08-29 08:59:31,244 [pool-57-thread-1] INFO  server.RaftServerConfigKeys (ConfUtils.java:logGet(43)) - raft.server.log.purge.gap = 1000000 (custom)
2019-08-29 08:59:31,244 [pool-57-thread-1] INFO  server.RaftServerConfigKeys (ConfUtils.java:logGet(43)) - raft.server.log.appender.buffer.byte-limit = 33554432 (custom)
2019-08-29 08:59:31,244 [pool-57-thread-1] INFO  server.RaftServerConfigKeys (ConfUtils.java:logGet(43)) - raft.server.log.segment.size.max = 1048576 (custom)
2019-08-29 08:59:31,245 [pool-57-thread-1] INFO  server.RaftServerConfigKeys (ConfUtils.java:logGet(43)) - raft.server.log.segment.cache.num.max = 2 (custom)
2019-08-29 08:59:31,245 [pool-57-thread-1] INFO  segmented.SegmentedRaftLogWorker (SegmentedRaftLogWorker.java:<init>(172)) - new 8c7a60c7-f0e0-4151-b0ba-03bf13d5dd84-SegmentedRaftLogWorker:Storage Directory /workdir/hadoop-ozone/integration-test/target/test-dir/MiniOzoneClusterImpl-23210f21-26b4-4673-833f-61feb255c217/datanode-3/data/ratis/24db94ab-14f9-48be-8963-2a7da628b955 for RaftStorage:Storage Directory /workdir/hadoop-ozone/integration-test/target/test-dir/MiniOzoneClusterImpl-23210f21-26b4-4673-833f-61feb255c217/datanode-3/data/ratis/24db94ab-14f9-48be-8963-2a7da628b955
2019-08-29 08:59:31,245 [pool-57-thread-1] INFO  server.RaftServerConfigKeys (ConfUtils.java:logGet(43)) - raft.server.log.queue.byte-limit = 2147483647 (custom)
2019-08-29 08:59:31,245 [pool-57-thread-1] INFO  server.RaftServerConfigKeys (ConfUtils.java:logGet(43)) - raft.server.log.queue.element-limit = 1024 (custom)
2019-08-29 08:59:31,246 [pool-57-thread-1] INFO  server.RaftServerConfigKeys (ConfUtils.java:logGet(43)) - raft.server.log.segment.size.max = 1048576 (custom)
2019-08-29 08:59:31,246 [pool-57-thread-1] INFO  server.RaftServerConfigKeys (ConfUtils.java:logGet(43)) - raft.server.log.preallocated.size = 16384 (custom)
2019-08-29 08:59:31,246 [pool-57-thread-1] INFO  server.RaftServerConfigKeys (ConfUtils.java:logGet(43)) - raft.server.log.write.buffer.size = 33554432 (custom)
2019-08-29 08:59:31,246 [pool-57-thread-1] INFO  server.RaftServerConfigKeys (ConfUtils.java:logGet(43)) - raft.server.log.force.sync.num = 128 (default)
2019-08-29 08:59:31,247 [pool-57-thread-1] INFO  server.RaftServerConfigKeys (ConfUtils.java:logGet(43)) - raft.server.log.statemachine.data.sync = true (default)
2019-08-29 08:59:31,247 [pool-57-thread-1] INFO  server.RaftServerConfigKeys (ConfUtils.java:logGet(43)) - raft.server.log.statemachine.data.sync.timeout = 10s (default)
2019-08-29 08:59:31,247 [pool-57-thread-1] INFO  server.RaftServerConfigKeys (ConfUtils.java:logGet(43)) - raft.server.log.statemachine.data.sync.timeout.retry = -1 (default)
2019-08-29 08:59:31,247 [pool-57-thread-1] INFO  server.RaftServerConfigKeys (ConfUtils.java:logGet(43)) - raft.server.log.statemachine.data.caching.enabled = true (custom)
2019-08-29 08:59:31,248 [pool-57-thread-1] INFO  segmented.SegmentedRaftLogWorker (SegmentedRaftLogWorker.java:lambda$new$0(132)) - 8c7a60c7-f0e0-4151-b0ba-03bf13d5dd84-SegmentedRaftLogWorker:Storage Directory /workdir/hadoop-ozone/integration-test/target/test-dir/MiniOzoneClusterImpl-23210f21-26b4-4673-833f-61feb255c217/datanode-3/data/ratis/24db94ab-14f9-48be-8963-2a7da628b955: flushIndex: setUnconditionally 0 -> -1
2019-08-29 08:59:31,248 [pool-57-thread-1] INFO  server.RaftServerConfigKeys (ConfUtils.java:logGet(43)) - raft.server.snapshot.auto.trigger.enabled = true (custom)
2019-08-29 08:59:31,248 [pool-57-thread-1] INFO  server.RaftServerConfigKeys (ConfUtils.java:logGet(43)) - raft.server.snapshot.auto.trigger.threshold = 10000 (custom)
2019-08-29 08:59:31,249 [pool-57-thread-1] INFO  server.RaftServerConfigKeys (ConfUtils.java:logGet(43)) - raft.server.retrycache.expirytime = 600000ms (custom)
2019-08-29 08:59:31,249 [pool-57-thread-1] INFO  impl.RaftServerImpl (RaftServerImpl.java:start(180)) - 8c7a60c7-f0e0-4151-b0ba-03bf13d5dd84: start group-2A7DA628B955
2019-08-29 08:59:31,249 [pool-57-thread-1] INFO  impl.RaftServerImpl (RaftServerImpl.java:setRole(171)) - 8c7a60c7-f0e0-4151-b0ba-03bf13d5dd84:group-2A7DA628B955 changes role from null to FOLLOWER at term 0 for startAsFollower
2019-08-29 08:59:31,249 [pool-57-thread-1] INFO  impl.RoleInfo (RoleInfo.java:updateAndGet(143)) - 8c7a60c7-f0e0-4151-b0ba-03bf13d5dd84: start FollowerState
2019-08-29 08:59:31,250 [pool-57-thread-1] INFO  util.JmxRegister (JmxRegister.java:tryRegister(44)) - Successfully registered JMX Bean with object name Ratis:service=RaftServer,group=group-2A7DA628B955,id=8c7a60c7-f0e0-4151-b0ba-03bf13d5dd84
2019-08-29 08:59:31,261 [RatisPipelineUtilsThread] INFO  pipeline.PipelineStateManager (PipelineStateManager.java:addPipeline(56)) - Created pipeline Pipeline[ Id: 24db94ab-14f9-48be-8963-2a7da628b955, Nodes: 8c7a60c7-f0e0-4151-b0ba-03bf13d5dd84{ip: 192.168.69.87, host: pr-hdds-1935-5tjgs-3847141534, networkLocation: /default-rack, certSerialId: null}, Type:RATIS, Factor:ONE, State:OPEN]
2019-08-29 08:59:31,281 [grpc-default-executor-0] INFO  impl.RaftServerProxy (RaftServerProxy.java:addNew(89)) - e7e7da8c-f939-4fb3-bc52-3a5bf046eb23: addNew group-28D0C83DCA8E:[e7e7da8c-f939-4fb3-bc52-3a5bf046eb23:192.168.69.87:34945] returns group-28D0C83DCA8E:java.util.concurrent.CompletableFuture@3f545a8b[Not completed]
2019-08-29 08:59:31,284 [pool-47-thread-1] INFO  impl.RaftServerImpl (RaftServerImpl.java:<init>(93)) - e7e7da8c-f939-4fb3-bc52-3a5bf046eb23: new RaftServerImpl for group-28D0C83DCA8E:[e7e7da8c-f939-4fb3-bc52-3a5bf046eb23:192.168.69.87:34945] with ContainerStateMachine:uninitialized
2019-08-29 08:59:31,284 [pool-47-thread-1] INFO  server.RaftServerConfigKeys (ConfUtils.java:logGet(43)) - raft.server.rpc.timeout.min = 5s (custom)
2019-08-29 08:59:31,285 [pool-47-thread-1] INFO  server.RaftServerConfigKeys (ConfUtils.java:logGet(43)) - raft.server.rpc.timeout.max = 5200ms (custom)
2019-08-29 08:59:31,285 [pool-47-thread-1] INFO  server.RaftServerConfigKeys (ConfUtils.java:logGet(43)) - raft.server.rpcslowness.timeout = 120s (custom)
2019-08-29 08:59:31,285 [pool-47-thread-1] INFO  server.RaftServerConfigKeys (ConfUtils.java:logGet(43)) - raft.server.sleep.deviation.threshold = 300 (default)
2019-08-29 08:59:31,285 [pool-47-thread-1] INFO  server.RaftServerConfigKeys (ConfUtils.java:logGet(43)) - raft.server.log.appender.install.snapshot.enabled = false (custom)
2019-08-29 08:59:31,285 [pool-47-thread-1] INFO  impl.RaftServerImpl (ServerState.java:<init>(105)) - e7e7da8c-f939-4fb3-bc52-3a5bf046eb23:group-28D0C83DCA8E ConfigurationManager, init=-1: [e7e7da8c-f939-4fb3-bc52-3a5bf046eb23:192.168.69.87:34945], old=null, confs=<EMPTY_MAP>
2019-08-29 08:59:31,285 [pool-47-thread-1] INFO  server.RaftServerConfigKeys (ConfUtils.java:logGet(43)) - raft.server.storage.dir = [/workdir/hadoop-ozone/integration-test/target/test-dir/MiniOzoneClusterImpl-23210f21-26b4-4673-833f-61feb255c217/datanode-2/data/ratis] (custom)
2019-08-29 08:59:31,286 [pool-47-thread-1] INFO  storage.RaftStorageDirectory (RaftStorageDirectory.java:analyzeStorage(246)) - The storage directory /workdir/hadoop-ozone/integration-test/target/test-dir/MiniOzoneClusterImpl-23210f21-26b4-4673-833f-61feb255c217/datanode-2/data/ratis/69468dec-2655-4b0f-9b8b-28d0c83dca8e does not exist. Creating ...
2019-08-29 08:59:31,310 [pool-47-thread-1] INFO  storage.RaftStorageDirectory (RaftStorageDirectory.java:tryLock(328)) - Lock on /workdir/hadoop-ozone/integration-test/target/test-dir/MiniOzoneClusterImpl-23210f21-26b4-4673-833f-61feb255c217/datanode-2/data/ratis/69468dec-2655-4b0f-9b8b-28d0c83dca8e/in_use.lock acquired by nodename 17121@pr-hdds-1935-5tjgs-3847141534
2019-08-29 08:59:31,367 [pool-47-thread-1] INFO  storage.RaftStorage (RaftStorage.java:format(72)) - Storage directory /workdir/hadoop-ozone/integration-test/target/test-dir/MiniOzoneClusterImpl-23210f21-26b4-4673-833f-61feb255c217/datanode-2/data/ratis/69468dec-2655-4b0f-9b8b-28d0c83dca8e has been successfully formatted.
2019-08-29 08:59:31,367 [pool-47-thread-1] INFO  ratis.ContainerStateMachine (ContainerStateMachine.java:loadSnapshot(227)) - group-28D0C83DCA8E: The snapshot info is null. Setting the last applied indexto:(t:0, i:~)
2019-08-29 08:59:31,368 [pool-47-thread-1] INFO  server.RaftServerConfigKeys (ConfUtils.java:logGet(43)) - raft.server.leader.election.timeout = 120s (custom)
2019-08-29 08:59:31,368 [pool-47-thread-1] INFO  server.RaftServerConfigKeys (ConfUtils.java:logGet(43)) - raft.server.log.use.memory = false (default)
2019-08-29 08:59:31,368 [pool-47-thread-1] INFO  server.RaftServerConfigKeys (ConfUtils.java:logGet(43)) - raft.server.log.purge.gap = 1000000 (custom)
2019-08-29 08:59:31,368 [pool-47-thread-1] INFO  server.RaftServerConfigKeys (ConfUtils.java:logGet(43)) - raft.server.log.appender.buffer.byte-limit = 33554432 (custom)
2019-08-29 08:59:31,368 [pool-47-thread-1] INFO  server.RaftServerConfigKeys (ConfUtils.java:logGet(43)) - raft.server.log.segment.size.max = 1048576 (custom)
2019-08-29 08:59:31,369 [pool-47-thread-1] INFO  server.RaftServerConfigKeys (ConfUtils.java:logGet(43)) - raft.server.log.segment.cache.num.max = 2 (custom)
2019-08-29 08:59:31,369 [pool-47-thread-1] INFO  segmented.SegmentedRaftLogWorker (SegmentedRaftLogWorker.java:<init>(172)) - new e7e7da8c-f939-4fb3-bc52-3a5bf046eb23-SegmentedRaftLogWorker:Storage Directory /workdir/hadoop-ozone/integration-test/target/test-dir/MiniOzoneClusterImpl-23210f21-26b4-4673-833f-61feb255c217/datanode-2/data/ratis/69468dec-2655-4b0f-9b8b-28d0c83dca8e for RaftStorage:Storage Directory /workdir/hadoop-ozone/integration-test/target/test-dir/MiniOzoneClusterImpl-23210f21-26b4-4673-833f-61feb255c217/datanode-2/data/ratis/69468dec-2655-4b0f-9b8b-28d0c83dca8e
2019-08-29 08:59:31,369 [pool-47-thread-1] INFO  server.RaftServerConfigKeys (ConfUtils.java:logGet(43)) - raft.server.log.queue.byte-limit = 2147483647 (custom)
2019-08-29 08:59:31,369 [pool-47-thread-1] INFO  server.RaftServerConfigKeys (ConfUtils.java:logGet(43)) - raft.server.log.queue.element-limit = 1024 (custom)
2019-08-29 08:59:31,370 [pool-47-thread-1] INFO  server.RaftServerConfigKeys (ConfUtils.java:logGet(43)) - raft.server.log.segment.size.max = 1048576 (custom)
2019-08-29 08:59:31,370 [pool-47-thread-1] INFO  server.RaftServerConfigKeys (ConfUtils.java:logGet(43)) - raft.server.log.preallocated.size = 16384 (custom)
2019-08-29 08:59:31,370 [pool-47-thread-1] INFO  server.RaftServerConfigKeys (ConfUtils.java:logGet(43)) - raft.server.log.write.buffer.size = 33554432 (custom)
2019-08-29 08:59:31,370 [pool-47-thread-1] INFO  server.RaftServerConfigKeys (ConfUtils.java:logGet(43)) - raft.server.log.force.sync.num = 128 (default)
2019-08-29 08:59:31,370 [pool-47-thread-1] INFO  server.RaftServerConfigKeys (ConfUtils.java:logGet(43)) - raft.server.log.statemachine.data.sync = true (default)
2019-08-29 08:59:31,371 [pool-47-thread-1] INFO  server.RaftServerConfigKeys (ConfUtils.java:logGet(43)) - raft.server.log.statemachine.data.sync.timeout = 10s (default)
2019-08-29 08:59:31,371 [pool-47-thread-1] INFO  server.RaftServerConfigKeys (ConfUtils.java:logGet(43)) - raft.server.log.statemachine.data.sync.timeout.retry = -1 (default)
2019-08-29 08:59:31,371 [pool-47-thread-1] INFO  server.RaftServerConfigKeys (ConfUtils.java:logGet(43)) - raft.server.log.statemachine.data.caching.enabled = true (custom)
2019-08-29 08:59:31,372 [pool-47-thread-1] INFO  segmented.SegmentedRaftLogWorker (SegmentedRaftLogWorker.java:lambda$new$0(132)) - e7e7da8c-f939-4fb3-bc52-3a5bf046eb23-SegmentedRaftLogWorker:Storage Directory /workdir/hadoop-ozone/integration-test/target/test-dir/MiniOzoneClusterImpl-23210f21-26b4-4673-833f-61feb255c217/datanode-2/data/ratis/69468dec-2655-4b0f-9b8b-28d0c83dca8e: flushIndex: setUnconditionally 0 -> -1
2019-08-29 08:59:31,372 [pool-47-thread-1] INFO  server.RaftServerConfigKeys (ConfUtils.java:logGet(43)) - raft.server.snapshot.auto.trigger.enabled = true (custom)
2019-08-29 08:59:31,372 [pool-47-thread-1] INFO  server.RaftServerConfigKeys (ConfUtils.java:logGet(43)) - raft.server.snapshot.auto.trigger.threshold = 10000 (custom)
2019-08-29 08:59:31,373 [pool-47-thread-1] INFO  server.RaftServerConfigKeys (ConfUtils.java:logGet(43)) - raft.server.retrycache.expirytime = 600000ms (custom)
2019-08-29 08:59:31,373 [pool-47-thread-1] INFO  impl.RaftServerImpl (RaftServerImpl.java:start(180)) - e7e7da8c-f939-4fb3-bc52-3a5bf046eb23: start group-28D0C83DCA8E
2019-08-29 08:59:31,373 [pool-47-thread-1] INFO  impl.RaftServerImpl (RaftServerImpl.java:setRole(171)) - e7e7da8c-f939-4fb3-bc52-3a5bf046eb23:group-28D0C83DCA8E changes role from null to FOLLOWER at term 0 for startAsFollower
2019-08-29 08:59:31,373 [pool-47-thread-1] INFO  impl.RoleInfo (RoleInfo.java:updateAndGet(143)) - e7e7da8c-f939-4fb3-bc52-3a5bf046eb23: start FollowerState
2019-08-29 08:59:31,374 [pool-47-thread-1] INFO  util.JmxRegister (JmxRegister.java:tryRegister(44)) - Successfully registered JMX Bean with object name Ratis:service=RaftServer,group=group-28D0C83DCA8E,id=e7e7da8c-f939-4fb3-bc52-3a5bf046eb23
2019-08-29 08:59:31,387 [RatisPipelineUtilsThread] INFO  pipeline.PipelineStateManager (PipelineStateManager.java:addPipeline(56)) - Created pipeline Pipeline[ Id: 69468dec-2655-4b0f-9b8b-28d0c83dca8e, Nodes: e7e7da8c-f939-4fb3-bc52-3a5bf046eb23{ip: 192.168.69.87, host: pr-hdds-1935-5tjgs-3847141534, networkLocation: /default-rack, certSerialId: null}, Type:RATIS, Factor:ONE, State:OPEN]
2019-08-29 08:59:31,403 [grpc-default-executor-0] INFO  impl.RaftServerProxy (RaftServerProxy.java:addNew(89)) - 6be14348-cf2d-4abb-94f1-e8c77b81db27: addNew group-5D416124E70D:[6be14348-cf2d-4abb-94f1-e8c77b81db27:192.168.69.87:35157] returns group-5D416124E70D:java.util.concurrent.CompletableFuture@47ee8b01[Not completed]
2019-08-29 08:59:31,407 [pool-77-thread-1] INFO  impl.RaftServerImpl (RaftServerImpl.java:<init>(93)) - 6be14348-cf2d-4abb-94f1-e8c77b81db27: new RaftServerImpl for group-5D416124E70D:[6be14348-cf2d-4abb-94f1-e8c77b81db27:192.168.69.87:35157] with ContainerStateMachine:uninitialized
2019-08-29 08:59:31,408 [pool-77-thread-1] INFO  server.RaftServerConfigKeys (ConfUtils.java:logGet(43)) - raft.server.rpc.timeout.min = 5s (custom)
2019-08-29 08:59:31,408 [pool-77-thread-1] INFO  server.RaftServerConfigKeys (ConfUtils.java:logGet(43)) - raft.server.rpc.timeout.max = 5200ms (custom)
2019-08-29 08:59:31,408 [pool-77-thread-1] INFO  server.RaftServerConfigKeys (ConfUtils.java:logGet(43)) - raft.server.rpcslowness.timeout = 120s (custom)
2019-08-29 08:59:31,408 [pool-77-thread-1] INFO  server.RaftServerConfigKeys (ConfUtils.java:logGet(43)) - raft.server.sleep.deviation.threshold = 300 (default)
2019-08-29 08:59:31,408 [pool-77-thread-1] INFO  server.RaftServerConfigKeys (ConfUtils.java:logGet(43)) - raft.server.log.appender.install.snapshot.enabled = false (custom)
2019-08-29 08:59:31,409 [pool-77-thread-1] INFO  impl.RaftServerImpl (ServerState.java:<init>(105)) - 6be14348-cf2d-4abb-94f1-e8c77b81db27:group-5D416124E70D ConfigurationManager, init=-1: [6be14348-cf2d-4abb-94f1-e8c77b81db27:192.168.69.87:35157], old=null, confs=<EMPTY_MAP>
2019-08-29 08:59:31,409 [pool-77-thread-1] INFO  server.RaftServerConfigKeys (ConfUtils.java:logGet(43)) - raft.server.storage.dir = [/workdir/hadoop-ozone/integration-test/target/test-dir/MiniOzoneClusterImpl-23210f21-26b4-4673-833f-61feb255c217/datanode-5/data/ratis] (custom)
2019-08-29 08:59:31,409 [pool-77-thread-1] INFO  storage.RaftStorageDirectory (RaftStorageDirectory.java:analyzeStorage(246)) - The storage directory /workdir/hadoop-ozone/integration-test/target/test-dir/MiniOzoneClusterImpl-23210f21-26b4-4673-833f-61feb255c217/datanode-5/data/ratis/fd638a81-606f-4675-abc2-5d416124e70d does not exist. Creating ...
2019-08-29 08:59:31,480 [pool-77-thread-1] INFO  storage.RaftStorageDirectory (RaftStorageDirectory.java:tryLock(328)) - Lock on /workdir/hadoop-ozone/integration-test/target/test-dir/MiniOzoneClusterImpl-23210f21-26b4-4673-833f-61feb255c217/datanode-5/data/ratis/fd638a81-606f-4675-abc2-5d416124e70d/in_use.lock acquired by nodename 17121@pr-hdds-1935-5tjgs-3847141534
2019-08-29 08:59:31,503 [pool-77-thread-1] INFO  storage.RaftStorage (RaftStorage.java:format(72)) - Storage directory /workdir/hadoop-ozone/integration-test/target/test-dir/MiniOzoneClusterImpl-23210f21-26b4-4673-833f-61feb255c217/datanode-5/data/ratis/fd638a81-606f-4675-abc2-5d416124e70d has been successfully formatted.
2019-08-29 08:59:31,504 [pool-77-thread-1] INFO  ratis.ContainerStateMachine (ContainerStateMachine.java:loadSnapshot(227)) - group-5D416124E70D: The snapshot info is null. Setting the last applied indexto:(t:0, i:~)
2019-08-29 08:59:31,504 [pool-77-thread-1] INFO  server.RaftServerConfigKeys (ConfUtils.java:logGet(43)) - raft.server.leader.election.timeout = 120s (custom)
2019-08-29 08:59:31,504 [pool-77-thread-1] INFO  server.RaftServerConfigKeys (ConfUtils.java:logGet(43)) - raft.server.log.use.memory = false (default)
2019-08-29 08:59:31,504 [pool-77-thread-1] INFO  server.RaftServerConfigKeys (ConfUtils.java:logGet(43)) - raft.server.log.purge.gap = 1000000 (custom)
2019-08-29 08:59:31,504 [pool-77-thread-1] INFO  server.RaftServerConfigKeys (ConfUtils.java:logGet(43)) - raft.server.log.appender.buffer.byte-limit = 33554432 (custom)
2019-08-29 08:59:31,504 [pool-77-thread-1] INFO  server.RaftServerConfigKeys (ConfUtils.java:logGet(43)) - raft.server.log.segment.size.max = 1048576 (custom)
2019-08-29 08:59:31,504 [pool-77-thread-1] INFO  server.RaftServerConfigKeys (ConfUtils.java:logGet(43)) - raft.server.log.segment.cache.num.max = 2 (custom)
2019-08-29 08:59:31,505 [pool-77-thread-1] INFO  segmented.SegmentedRaftLogWorker (SegmentedRaftLogWorker.java:<init>(172)) - new 6be14348-cf2d-4abb-94f1-e8c77b81db27-SegmentedRaftLogWorker:Storage Directory /workdir/hadoop-ozone/integration-test/target/test-dir/MiniOzoneClusterImpl-23210f21-26b4-4673-833f-61feb255c217/datanode-5/data/ratis/fd638a81-606f-4675-abc2-5d416124e70d for RaftStorage:Storage Directory /workdir/hadoop-ozone/integration-test/target/test-dir/MiniOzoneClusterImpl-23210f21-26b4-4673-833f-61feb255c217/datanode-5/data/ratis/fd638a81-606f-4675-abc2-5d416124e70d
2019-08-29 08:59:31,505 [pool-77-thread-1] INFO  server.RaftServerConfigKeys (ConfUtils.java:logGet(43)) - raft.server.log.queue.byte-limit = 2147483647 (custom)
2019-08-29 08:59:31,505 [pool-77-thread-1] INFO  server.RaftServerConfigKeys (ConfUtils.java:logGet(43)) - raft.server.log.queue.element-limit = 1024 (custom)
2019-08-29 08:59:31,510 [pool-77-thread-1] INFO  server.RaftServerConfigKeys (ConfUtils.java:logGet(43)) - raft.server.log.segment.size.max = 1048576 (custom)
2019-08-29 08:59:31,511 [pool-77-thread-1] INFO  server.RaftServerConfigKeys (ConfUtils.java:logGet(43)) - raft.server.log.preallocated.size = 16384 (custom)
2019-08-29 08:59:31,511 [pool-77-thread-1] INFO  server.RaftServerConfigKeys (ConfUtils.java:logGet(43)) - raft.server.log.write.buffer.size = 33554432 (custom)
2019-08-29 08:59:31,511 [pool-77-thread-1] INFO  server.RaftServerConfigKeys (ConfUtils.java:logGet(43)) - raft.server.log.force.sync.num = 128 (default)
2019-08-29 08:59:31,511 [pool-77-thread-1] INFO  server.RaftServerConfigKeys (ConfUtils.java:logGet(43)) - raft.server.log.statemachine.data.sync = true (default)
2019-08-29 08:59:31,511 [pool-77-thread-1] INFO  server.RaftServerConfigKeys (ConfUtils.java:logGet(43)) - raft.server.log.statemachine.data.sync.timeout = 10s (default)
2019-08-29 08:59:31,511 [pool-77-thread-1] INFO  server.RaftServerConfigKeys (ConfUtils.java:logGet(43)) - raft.server.log.statemachine.data.sync.timeout.retry = -1 (default)
2019-08-29 08:59:31,511 [pool-77-thread-1] INFO  server.RaftServerConfigKeys (ConfUtils.java:logGet(43)) - raft.server.log.statemachine.data.caching.enabled = true (custom)
2019-08-29 08:59:31,512 [pool-77-thread-1] INFO  segmented.SegmentedRaftLogWorker (SegmentedRaftLogWorker.java:lambda$new$0(132)) - 6be14348-cf2d-4abb-94f1-e8c77b81db27-SegmentedRaftLogWorker:Storage Directory /workdir/hadoop-ozone/integration-test/target/test-dir/MiniOzoneClusterImpl-23210f21-26b4-4673-833f-61feb255c217/datanode-5/data/ratis/fd638a81-606f-4675-abc2-5d416124e70d: flushIndex: setUnconditionally 0 -> -1
2019-08-29 08:59:31,512 [pool-77-thread-1] INFO  server.RaftServerConfigKeys (ConfUtils.java:logGet(43)) - raft.server.snapshot.auto.trigger.enabled = true (custom)
2019-08-29 08:59:31,512 [pool-77-thread-1] INFO  server.RaftServerConfigKeys (ConfUtils.java:logGet(43)) - raft.server.snapshot.auto.trigger.threshold = 10000 (custom)
2019-08-29 08:59:31,512 [pool-77-thread-1] INFO  server.RaftServerConfigKeys (ConfUtils.java:logGet(43)) - raft.server.retrycache.expirytime = 600000ms (custom)
2019-08-29 08:59:31,512 [pool-77-thread-1] INFO  impl.RaftServerImpl (RaftServerImpl.java:start(180)) - 6be14348-cf2d-4abb-94f1-e8c77b81db27: start group-5D416124E70D
2019-08-29 08:59:31,513 [pool-77-thread-1] INFO  impl.RaftServerImpl (RaftServerImpl.java:setRole(171)) - 6be14348-cf2d-4abb-94f1-e8c77b81db27:group-5D416124E70D changes role from null to FOLLOWER at term 0 for startAsFollower
2019-08-29 08:59:31,513 [pool-77-thread-1] INFO  impl.RoleInfo (RoleInfo.java:updateAndGet(143)) - 6be14348-cf2d-4abb-94f1-e8c77b81db27: start FollowerState
2019-08-29 08:59:31,513 [pool-77-thread-1] INFO  util.JmxRegister (JmxRegister.java:tryRegister(44)) - Successfully registered JMX Bean with object name Ratis:service=RaftServer,group=group-5D416124E70D,id=6be14348-cf2d-4abb-94f1-e8c77b81db27
2019-08-29 08:59:31,524 [main] INFO  rpc.RpcClient (RpcClient.java:createVolume(293)) - Creating Volume: testblockoutputstream, with jenkins1000 as owner.
2019-08-29 08:59:31,527 [RatisPipelineUtilsThread] INFO  pipeline.PipelineStateManager (PipelineStateManager.java:addPipeline(56)) - Created pipeline Pipeline[ Id: fd638a81-606f-4675-abc2-5d416124e70d, Nodes: 6be14348-cf2d-4abb-94f1-e8c77b81db27{ip: 192.168.69.87, host: pr-hdds-1935-5tjgs-3847141534, networkLocation: /default-rack, certSerialId: null}, Type:RATIS, Factor:ONE, State:OPEN]
2019-08-29 08:59:31,555 [grpc-default-executor-1] INFO  impl.RaftServerProxy (RaftServerProxy.java:addNew(89)) - 591368fd-0e23-4e2a-b1d4-68a6dfc1d9a5: addNew group-9512E3222F2A:[6fa28f14-8f40-4547-905f-1fc4e9e7d51e:192.168.69.87:38879, 2e835111-926f-4ebf-9fdc-c8ae7690dcd1:192.168.69.87:38883, 591368fd-0e23-4e2a-b1d4-68a6dfc1d9a5:192.168.69.87:37589] returns group-9512E3222F2A:java.util.concurrent.CompletableFuture@415bbe72[Not completed]
2019-08-29 08:59:31,556 [grpc-default-executor-2] INFO  impl.RaftServerProxy (RaftServerProxy.java:addNew(89)) - 6fa28f14-8f40-4547-905f-1fc4e9e7d51e: addNew group-9512E3222F2A:[6fa28f14-8f40-4547-905f-1fc4e9e7d51e:192.168.69.87:38879, 2e835111-926f-4ebf-9fdc-c8ae7690dcd1:192.168.69.87:38883, 591368fd-0e23-4e2a-b1d4-68a6dfc1d9a5:192.168.69.87:37589] returns group-9512E3222F2A:java.util.concurrent.CompletableFuture@2725991f[Not completed]
2019-08-29 08:59:31,556 [grpc-default-executor-0] INFO  impl.RaftServerProxy (RaftServerProxy.java:addNew(89)) - 2e835111-926f-4ebf-9fdc-c8ae7690dcd1: addNew group-9512E3222F2A:[6fa28f14-8f40-4547-905f-1fc4e9e7d51e:192.168.69.87:38879, 2e835111-926f-4ebf-9fdc-c8ae7690dcd1:192.168.69.87:38883, 591368fd-0e23-4e2a-b1d4-68a6dfc1d9a5:192.168.69.87:37589] returns group-9512E3222F2A:java.util.concurrent.CompletableFuture@230cb81e[Not completed]
2019-08-29 08:59:31,557 [pool-87-thread-1] INFO  impl.RaftServerImpl (RaftServerImpl.java:<init>(93)) - 591368fd-0e23-4e2a-b1d4-68a6dfc1d9a5: new RaftServerImpl for group-9512E3222F2A:[6fa28f14-8f40-4547-905f-1fc4e9e7d51e:192.168.69.87:38879, 2e835111-926f-4ebf-9fdc-c8ae7690dcd1:192.168.69.87:38883, 591368fd-0e23-4e2a-b1d4-68a6dfc1d9a5:192.168.69.87:37589] with ContainerStateMachine:uninitialized
2019-08-29 08:59:31,557 [pool-87-thread-1] INFO  server.RaftServerConfigKeys (ConfUtils.java:logGet(43)) - raft.server.rpc.timeout.min = 5s (custom)
2019-08-29 08:59:31,558 [pool-87-thread-1] INFO  server.RaftServerConfigKeys (ConfUtils.java:logGet(43)) - raft.server.rpc.timeout.max = 5200ms (custom)
2019-08-29 08:59:31,558 [pool-87-thread-1] INFO  server.RaftServerConfigKeys (ConfUtils.java:logGet(43)) - raft.server.rpcslowness.timeout = 120s (custom)
2019-08-29 08:59:31,558 [pool-87-thread-1] INFO  server.RaftServerConfigKeys (ConfUtils.java:logGet(43)) - raft.server.sleep.deviation.threshold = 300 (default)
2019-08-29 08:59:31,558 [pool-87-thread-1] INFO  server.RaftServerConfigKeys (ConfUtils.java:logGet(43)) - raft.server.log.appender.install.snapshot.enabled = false (custom)
2019-08-29 08:59:31,558 [pool-37-thread-1] INFO  impl.RaftServerImpl (RaftServerImpl.java:<init>(93)) - 2e835111-926f-4ebf-9fdc-c8ae7690dcd1: new RaftServerImpl for group-9512E3222F2A:[6fa28f14-8f40-4547-905f-1fc4e9e7d51e:192.168.69.87:38879, 2e835111-926f-4ebf-9fdc-c8ae7690dcd1:192.168.69.87:38883, 591368fd-0e23-4e2a-b1d4-68a6dfc1d9a5:192.168.69.87:37589] with ContainerStateMachine:uninitialized
2019-08-29 08:59:31,558 [pool-87-thread-1] INFO  impl.RaftServerImpl (ServerState.java:<init>(105)) - 591368fd-0e23-4e2a-b1d4-68a6dfc1d9a5:group-9512E3222F2A ConfigurationManager, init=-1: [6fa28f14-8f40-4547-905f-1fc4e9e7d51e:192.168.69.87:38879, 2e835111-926f-4ebf-9fdc-c8ae7690dcd1:192.168.69.87:38883, 591368fd-0e23-4e2a-b1d4-68a6dfc1d9a5:192.168.69.87:37589], old=null, confs=<EMPTY_MAP>
2019-08-29 08:59:31,558 [pool-37-thread-1] INFO  server.RaftServerConfigKeys (ConfUtils.java:logGet(43)) - raft.server.rpc.timeout.min = 5s (custom)
2019-08-29 08:59:31,558 [pool-87-thread-1] INFO  server.RaftServerConfigKeys (ConfUtils.java:logGet(43)) - raft.server.storage.dir = [/workdir/hadoop-ozone/integration-test/target/test-dir/MiniOzoneClusterImpl-23210f21-26b4-4673-833f-61feb255c217/datanode-6/data/ratis] (custom)
2019-08-29 08:59:31,558 [pool-37-thread-1] INFO  server.RaftServerConfigKeys (ConfUtils.java:logGet(43)) - raft.server.rpc.timeout.max = 5200ms (custom)
2019-08-29 08:59:31,558 [pool-37-thread-1] INFO  server.RaftServerConfigKeys (ConfUtils.java:logGet(43)) - raft.server.rpcslowness.timeout = 120s (custom)
2019-08-29 08:59:31,559 [pool-37-thread-1] INFO  server.RaftServerConfigKeys (ConfUtils.java:logGet(43)) - raft.server.sleep.deviation.threshold = 300 (default)
2019-08-29 08:59:31,559 [pool-87-thread-1] INFO  storage.RaftStorageDirectory (RaftStorageDirectory.java:analyzeStorage(246)) - The storage directory /workdir/hadoop-ozone/integration-test/target/test-dir/MiniOzoneClusterImpl-23210f21-26b4-4673-833f-61feb255c217/datanode-6/data/ratis/89dbf652-46bc-4340-aefe-9512e3222f2a does not exist. Creating ...
2019-08-29 08:59:31,559 [pool-27-thread-1] INFO  impl.RaftServerImpl (RaftServerImpl.java:<init>(93)) - 6fa28f14-8f40-4547-905f-1fc4e9e7d51e: new RaftServerImpl for group-9512E3222F2A:[6fa28f14-8f40-4547-905f-1fc4e9e7d51e:192.168.69.87:38879, 2e835111-926f-4ebf-9fdc-c8ae7690dcd1:192.168.69.87:38883, 591368fd-0e23-4e2a-b1d4-68a6dfc1d9a5:192.168.69.87:37589] with ContainerStateMachine:uninitialized
2019-08-29 08:59:31,559 [pool-37-thread-1] INFO  server.RaftServerConfigKeys (ConfUtils.java:logGet(43)) - raft.server.log.appender.install.snapshot.enabled = false (custom)
2019-08-29 08:59:31,559 [pool-27-thread-1] INFO  server.RaftServerConfigKeys (ConfUtils.java:logGet(43)) - raft.server.rpc.timeout.min = 5s (custom)
2019-08-29 08:59:31,559 [pool-37-thread-1] INFO  impl.RaftServerImpl (ServerState.java:<init>(105)) - 2e835111-926f-4ebf-9fdc-c8ae7690dcd1:group-9512E3222F2A ConfigurationManager, init=-1: [6fa28f14-8f40-4547-905f-1fc4e9e7d51e:192.168.69.87:38879, 2e835111-926f-4ebf-9fdc-c8ae7690dcd1:192.168.69.87:38883, 591368fd-0e23-4e2a-b1d4-68a6dfc1d9a5:192.168.69.87:37589], old=null, confs=<EMPTY_MAP>
2019-08-29 08:59:31,559 [pool-27-thread-1] INFO  server.RaftServerConfigKeys (ConfUtils.java:logGet(43)) - raft.server.rpc.timeout.max = 5200ms (custom)
2019-08-29 08:59:31,559 [pool-37-thread-1] INFO  server.RaftServerConfigKeys (ConfUtils.java:logGet(43)) - raft.server.storage.dir = [/workdir/hadoop-ozone/integration-test/target/test-dir/MiniOzoneClusterImpl-23210f21-26b4-4673-833f-61feb255c217/datanode-1/data/ratis] (custom)
2019-08-29 08:59:31,559 [pool-27-thread-1] INFO  server.RaftServerConfigKeys (ConfUtils.java:logGet(43)) - raft.server.rpcslowness.timeout = 120s (custom)
2019-08-29 08:59:31,559 [pool-27-thread-1] INFO  server.RaftServerConfigKeys (ConfUtils.java:logGet(43)) - raft.server.sleep.deviation.threshold = 300 (default)
2019-08-29 08:59:31,559 [pool-27-thread-1] INFO  server.RaftServerConfigKeys (ConfUtils.java:logGet(43)) - raft.server.log.appender.install.snapshot.enabled = false (custom)
2019-08-29 08:59:31,560 [pool-37-thread-1] INFO  storage.RaftStorageDirectory (RaftStorageDirectory.java:analyzeStorage(246)) - The storage directory /workdir/hadoop-ozone/integration-test/target/test-dir/MiniOzoneClusterImpl-23210f21-26b4-4673-833f-61feb255c217/datanode-1/data/ratis/89dbf652-46bc-4340-aefe-9512e3222f2a does not exist. Creating ...
2019-08-29 08:59:31,560 [pool-27-thread-1] INFO  impl.RaftServerImpl (ServerState.java:<init>(105)) - 6fa28f14-8f40-4547-905f-1fc4e9e7d51e:group-9512E3222F2A ConfigurationManager, init=-1: [6fa28f14-8f40-4547-905f-1fc4e9e7d51e:192.168.69.87:38879, 2e835111-926f-4ebf-9fdc-c8ae7690dcd1:192.168.69.87:38883, 591368fd-0e23-4e2a-b1d4-68a6dfc1d9a5:192.168.69.87:37589], old=null, confs=<EMPTY_MAP>
2019-08-29 08:59:31,560 [pool-27-thread-1] INFO  server.RaftServerConfigKeys (ConfUtils.java:logGet(43)) - raft.server.storage.dir = [/workdir/hadoop-ozone/integration-test/target/test-dir/MiniOzoneClusterImpl-23210f21-26b4-4673-833f-61feb255c217/datanode-0/data/ratis] (custom)
2019-08-29 08:59:31,560 [pool-27-thread-1] INFO  storage.RaftStorageDirectory (RaftStorageDirectory.java:analyzeStorage(246)) - The storage directory /workdir/hadoop-ozone/integration-test/target/test-dir/MiniOzoneClusterImpl-23210f21-26b4-4673-833f-61feb255c217/datanode-0/data/ratis/89dbf652-46bc-4340-aefe-9512e3222f2a does not exist. Creating ...
2019-08-29 08:59:31,581 | INFO  | SCMAudit | user=jenkins1000 | ip=192.168.69.87 | op=SEND_HEARTBEAT {datanodeUUID=6fa28f14-8f40-4547-905f-1fc4e9e7d51e, command=[]} | ret=SUCCESS |  
2019-08-29 08:59:31,596 | INFO  | OMAudit | user=jenkins1000 | ip=127.0.0.1 | op=CREATE_VOLUME {admin=jenkins1000, owner=jenkins1000, volume=testblockoutputstream, creationTime=1567069171562, quotaInBytes=1152921504606846976} | ret=SUCCESS |  
2019-08-29 08:59:31,610 | INFO  | OMAudit | user=jenkins1000 | ip=127.0.0.1 | op=READ_VOLUME {volume=testblockoutputstream} | ret=SUCCESS |  
2019-08-29 08:59:31,615 [pool-87-thread-1] INFO  storage.RaftStorageDirectory (RaftStorageDirectory.java:tryLock(328)) - Lock on /workdir/hadoop-ozone/integration-test/target/test-dir/MiniOzoneClusterImpl-23210f21-26b4-4673-833f-61feb255c217/datanode-6/data/ratis/89dbf652-46bc-4340-aefe-9512e3222f2a/in_use.lock acquired by nodename 17121@pr-hdds-1935-5tjgs-3847141534
2019-08-29 08:59:31,615 [pool-27-thread-1] INFO  storage.RaftStorageDirectory (RaftStorageDirectory.java:tryLock(328)) - Lock on /workdir/hadoop-ozone/integration-test/target/test-dir/MiniOzoneClusterImpl-23210f21-26b4-4673-833f-61feb255c217/datanode-0/data/ratis/89dbf652-46bc-4340-aefe-9512e3222f2a/in_use.lock acquired by nodename 17121@pr-hdds-1935-5tjgs-3847141534
2019-08-29 08:59:31,615 [pool-37-thread-1] INFO  storage.RaftStorageDirectory (RaftStorageDirectory.java:tryLock(328)) - Lock on /workdir/hadoop-ozone/integration-test/target/test-dir/MiniOzoneClusterImpl-23210f21-26b4-4673-833f-61feb255c217/datanode-1/data/ratis/89dbf652-46bc-4340-aefe-9512e3222f2a/in_use.lock acquired by nodename 17121@pr-hdds-1935-5tjgs-3847141534
2019-08-29 08:59:31,618 [main] INFO  rpc.RpcClient (RpcClient.java:createBucket(432)) - Creating Bucket: testblockoutputstream/testblockoutputstream, with Versioning false and Storage Type set to DISK and Encryption set to false 
2019-08-29 08:59:31,646 | INFO  | OMAudit | user=jenkins1000 | ip=127.0.0.1 | op=CREATE_BUCKET {volume=testblockoutputstream, bucket=testblockoutputstream, acls=[user:jenkins1000:a[ACCESS], group:default:a[ACCESS]], isVersionEnabled=false, storageType=DISK, creationTime=0} | ret=SUCCESS |  
2019-08-29 08:59:31,648 [main] INFO  impl.MetricsSystemImpl (MetricsSystemImpl.java:init(158)) - XceiverClientMetrics metrics system started (again)
2019-08-29 08:59:31,656 [pool-37-thread-1] INFO  storage.RaftStorage (RaftStorage.java:format(72)) - Storage directory /workdir/hadoop-ozone/integration-test/target/test-dir/MiniOzoneClusterImpl-23210f21-26b4-4673-833f-61feb255c217/datanode-1/data/ratis/89dbf652-46bc-4340-aefe-9512e3222f2a has been successfully formatted.
2019-08-29 08:59:31,656 [pool-27-thread-1] INFO  storage.RaftStorage (RaftStorage.java:format(72)) - Storage directory /workdir/hadoop-ozone/integration-test/target/test-dir/MiniOzoneClusterImpl-23210f21-26b4-4673-833f-61feb255c217/datanode-0/data/ratis/89dbf652-46bc-4340-aefe-9512e3222f2a has been successfully formatted.
2019-08-29 08:59:31,656 [pool-87-thread-1] INFO  storage.RaftStorage (RaftStorage.java:format(72)) - Storage directory /workdir/hadoop-ozone/integration-test/target/test-dir/MiniOzoneClusterImpl-23210f21-26b4-4673-833f-61feb255c217/datanode-6/data/ratis/89dbf652-46bc-4340-aefe-9512e3222f2a has been successfully formatted.
2019-08-29 08:59:31,657 [pool-37-thread-1] INFO  ratis.ContainerStateMachine (ContainerStateMachine.java:loadSnapshot(227)) - group-9512E3222F2A: The snapshot info is null. Setting the last applied indexto:(t:0, i:~)
2019-08-29 08:59:31,657 [pool-27-thread-1] INFO  ratis.ContainerStateMachine (ContainerStateMachine.java:loadSnapshot(227)) - group-9512E3222F2A: The snapshot info is null. Setting the last applied indexto:(t:0, i:~)
2019-08-29 08:59:31,657 [pool-37-thread-1] INFO  server.RaftServerConfigKeys (ConfUtils.java:logGet(43)) - raft.server.leader.election.timeout = 120s (custom)
2019-08-29 08:59:31,657 [pool-87-thread-1] INFO  ratis.ContainerStateMachine (ContainerStateMachine.java:loadSnapshot(227)) - group-9512E3222F2A: The snapshot info is null. Setting the last applied indexto:(t:0, i:~)
2019-08-29 08:59:31,657 | INFO  | OMAudit | user=jenkins1000 | ip=127.0.0.1 | op=READ_VOLUME {volume=testblockoutputstream} | ret=SUCCESS |  
2019-08-29 08:59:31,657 [pool-37-thread-1] INFO  server.RaftServerConfigKeys (ConfUtils.java:logGet(43)) - raft.server.log.use.memory = false (default)
2019-08-29 08:59:31,657 [pool-87-thread-1] INFO  server.RaftServerConfigKeys (ConfUtils.java:logGet(43)) - raft.server.leader.election.timeout = 120s (custom)
2019-08-29 08:59:31,657 [pool-27-thread-1] INFO  server.RaftServerConfigKeys (ConfUtils.java:logGet(43)) - raft.server.leader.election.timeout = 120s (custom)
2019-08-29 08:59:31,657 [pool-87-thread-1] INFO  server.RaftServerConfigKeys (ConfUtils.java:logGet(43)) - raft.server.log.use.memory = false (default)
2019-08-29 08:59:31,657 [pool-37-thread-1] INFO  server.RaftServerConfigKeys (ConfUtils.java:logGet(43)) - raft.server.log.purge.gap = 1000000 (custom)
2019-08-29 08:59:31,658 [pool-87-thread-1] INFO  server.RaftServerConfigKeys (ConfUtils.java:logGet(43)) - raft.server.log.purge.gap = 1000000 (custom)
2019-08-29 08:59:31,657 [pool-27-thread-1] INFO  server.RaftServerConfigKeys (ConfUtils.java:logGet(43)) - raft.server.log.use.memory = false (default)
2019-08-29 08:59:31,658 [pool-87-thread-1] INFO  server.RaftServerConfigKeys (ConfUtils.java:logGet(43)) - raft.server.log.appender.buffer.byte-limit = 33554432 (custom)
2019-08-29 08:59:31,658 [pool-37-thread-1] INFO  server.RaftServerConfigKeys (ConfUtils.java:logGet(43)) - raft.server.log.appender.buffer.byte-limit = 33554432 (custom)
2019-08-29 08:59:31,658 [pool-87-thread-1] INFO  server.RaftServerConfigKeys (ConfUtils.java:logGet(43)) - raft.server.log.segment.size.max = 1048576 (custom)
2019-08-29 08:59:31,658 [pool-27-thread-1] INFO  server.RaftServerConfigKeys (ConfUtils.java:logGet(43)) - raft.server.log.purge.gap = 1000000 (custom)
2019-08-29 08:59:31,658 [pool-87-thread-1] INFO  server.RaftServerConfigKeys (ConfUtils.java:logGet(43)) - raft.server.log.segment.cache.num.max = 2 (custom)
2019-08-29 08:59:31,658 [pool-37-thread-1] INFO  server.RaftServerConfigKeys (ConfUtils.java:logGet(43)) - raft.server.log.segment.size.max = 1048576 (custom)
2019-08-29 08:59:31,658 [pool-87-thread-1] INFO  segmented.SegmentedRaftLogWorker (SegmentedRaftLogWorker.java:<init>(172)) - new 591368fd-0e23-4e2a-b1d4-68a6dfc1d9a5-SegmentedRaftLogWorker:Storage Directory /workdir/hadoop-ozone/integration-test/target/test-dir/MiniOzoneClusterImpl-23210f21-26b4-4673-833f-61feb255c217/datanode-6/data/ratis/89dbf652-46bc-4340-aefe-9512e3222f2a for RaftStorage:Storage Directory /workdir/hadoop-ozone/integration-test/target/test-dir/MiniOzoneClusterImpl-23210f21-26b4-4673-833f-61feb255c217/datanode-6/data/ratis/89dbf652-46bc-4340-aefe-9512e3222f2a
2019-08-29 08:59:31,658 [pool-27-thread-1] INFO  server.RaftServerConfigKeys (ConfUtils.java:logGet(43)) - raft.server.log.appender.buffer.byte-limit = 33554432 (custom)
2019-08-29 08:59:31,659 [pool-87-thread-1] INFO  server.RaftServerConfigKeys (ConfUtils.java:logGet(43)) - raft.server.log.queue.byte-limit = 2147483647 (custom)
2019-08-29 08:59:31,658 [pool-37-thread-1] INFO  server.RaftServerConfigKeys (ConfUtils.java:logGet(43)) - raft.server.log.segment.cache.num.max = 2 (custom)
2019-08-29 08:59:31,660 [pool-87-thread-1] INFO  server.RaftServerConfigKeys (ConfUtils.java:logGet(43)) - raft.server.log.queue.element-limit = 1024 (custom)
2019-08-29 08:59:31,660 [pool-27-thread-1] INFO  server.RaftServerConfigKeys (ConfUtils.java:logGet(43)) - raft.server.log.segment.size.max = 1048576 (custom)
2019-08-29 08:59:31,660 [pool-87-thread-1] INFO  server.RaftServerConfigKeys (ConfUtils.java:logGet(43)) - raft.server.log.segment.size.max = 1048576 (custom)
2019-08-29 08:59:31,660 [pool-37-thread-1] INFO  segmented.SegmentedRaftLogWorker (SegmentedRaftLogWorker.java:<init>(172)) - new 2e835111-926f-4ebf-9fdc-c8ae7690dcd1-SegmentedRaftLogWorker:Storage Directory /workdir/hadoop-ozone/integration-test/target/test-dir/MiniOzoneClusterImpl-23210f21-26b4-4673-833f-61feb255c217/datanode-1/data/ratis/89dbf652-46bc-4340-aefe-9512e3222f2a for RaftStorage:Storage Directory /workdir/hadoop-ozone/integration-test/target/test-dir/MiniOzoneClusterImpl-23210f21-26b4-4673-833f-61feb255c217/datanode-1/data/ratis/89dbf652-46bc-4340-aefe-9512e3222f2a
2019-08-29 08:59:31,660 [pool-87-thread-1] INFO  server.RaftServerConfigKeys (ConfUtils.java:logGet(43)) - raft.server.log.preallocated.size = 16384 (custom)
2019-08-29 08:59:31,660 [pool-27-thread-1] INFO  server.RaftServerConfigKeys (ConfUtils.java:logGet(43)) - raft.server.log.segment.cache.num.max = 2 (custom)
2019-08-29 08:59:31,661 [pool-87-thread-1] INFO  server.RaftServerConfigKeys (ConfUtils.java:logGet(43)) - raft.server.log.write.buffer.size = 33554432 (custom)
2019-08-29 08:59:31,661 [pool-37-thread-1] INFO  server.RaftServerConfigKeys (ConfUtils.java:logGet(43)) - raft.server.log.queue.byte-limit = 2147483647 (custom)
2019-08-29 08:59:31,662 [pool-87-thread-1] INFO  server.RaftServerConfigKeys (ConfUtils.java:logGet(43)) - raft.server.log.force.sync.num = 128 (default)
2019-08-29 08:59:31,662 [pool-27-thread-1] INFO  segmented.SegmentedRaftLogWorker (SegmentedRaftLogWorker.java:<init>(172)) - new 6fa28f14-8f40-4547-905f-1fc4e9e7d51e-SegmentedRaftLogWorker:Storage Directory /workdir/hadoop-ozone/integration-test/target/test-dir/MiniOzoneClusterImpl-23210f21-26b4-4673-833f-61feb255c217/datanode-0/data/ratis/89dbf652-46bc-4340-aefe-9512e3222f2a for RaftStorage:Storage Directory /workdir/hadoop-ozone/integration-test/target/test-dir/MiniOzoneClusterImpl-23210f21-26b4-4673-833f-61feb255c217/datanode-0/data/ratis/89dbf652-46bc-4340-aefe-9512e3222f2a
2019-08-29 08:59:31,664 [pool-87-thread-1] INFO  server.RaftServerConfigKeys (ConfUtils.java:logGet(43)) - raft.server.log.statemachine.data.sync = true (default)
2019-08-29 08:59:31,662 [pool-37-thread-1] INFO  server.RaftServerConfigKeys (ConfUtils.java:logGet(43)) - raft.server.log.queue.element-limit = 1024 (custom)
2019-08-29 08:59:31,665 [pool-87-thread-1] INFO  server.RaftServerConfigKeys (ConfUtils.java:logGet(43)) - raft.server.log.statemachine.data.sync.timeout = 10s (default)
2019-08-29 08:59:31,664 [pool-27-thread-1] INFO  server.RaftServerConfigKeys (ConfUtils.java:logGet(43)) - raft.server.log.queue.byte-limit = 2147483647 (custom)
2019-08-29 08:59:31,665 [pool-87-thread-1] INFO  server.RaftServerConfigKeys (ConfUtils.java:logGet(43)) - raft.server.log.statemachine.data.sync.timeout.retry = -1 (default)
2019-08-29 08:59:31,665 [pool-37-thread-1] INFO  server.RaftServerConfigKeys (ConfUtils.java:logGet(43)) - raft.server.log.segment.size.max = 1048576 (custom)
2019-08-29 08:59:31,665 | INFO  | SCMAudit | user=jenkins1000 | ip=192.168.69.87 | op=SEND_HEARTBEAT {datanodeUUID=2e835111-926f-4ebf-9fdc-c8ae7690dcd1, command=[]} | ret=SUCCESS |  
2019-08-29 08:59:31,665 [pool-87-thread-1] INFO  server.RaftServerConfigKeys (ConfUtils.java:logGet(43)) - raft.server.log.statemachine.data.caching.enabled = true (custom)
2019-08-29 08:59:31,665 [pool-27-thread-1] INFO  server.RaftServerConfigKeys (ConfUtils.java:logGet(43)) - raft.server.log.queue.element-limit = 1024 (custom)
2019-08-29 08:59:31,665 [pool-37-thread-1] INFO  server.RaftServerConfigKeys (ConfUtils.java:logGet(43)) - raft.server.log.preallocated.size = 16384 (custom)
2019-08-29 08:59:31,666 [pool-87-thread-1] INFO  segmented.SegmentedRaftLogWorker (SegmentedRaftLogWorker.java:lambda$new$0(132)) - 591368fd-0e23-4e2a-b1d4-68a6dfc1d9a5-SegmentedRaftLogWorker:Storage Directory /workdir/hadoop-ozone/integration-test/target/test-dir/MiniOzoneClusterImpl-23210f21-26b4-4673-833f-61feb255c217/datanode-6/data/ratis/89dbf652-46bc-4340-aefe-9512e3222f2a: flushIndex: setUnconditionally 0 -> -1
2019-08-29 08:59:31,666 [pool-27-thread-1] INFO  server.RaftServerConfigKeys (ConfUtils.java:logGet(43)) - raft.server.log.segment.size.max = 1048576 (custom)
2019-08-29 08:59:31,666 [pool-87-thread-1] INFO  server.RaftServerConfigKeys (ConfUtils.java:logGet(43)) - raft.server.snapshot.auto.trigger.enabled = true (custom)
2019-08-29 08:59:31,666 [pool-87-thread-1] INFO  server.RaftServerConfigKeys (ConfUtils.java:logGet(43)) - raft.server.snapshot.auto.trigger.threshold = 10000 (custom)
2019-08-29 08:59:31,666 [pool-37-thread-1] INFO  server.RaftServerConfigKeys (ConfUtils.java:logGet(43)) - raft.server.log.write.buffer.size = 33554432 (custom)
2019-08-29 08:59:31,748 [pool-87-thread-1] INFO  server.RaftServerConfigKeys (ConfUtils.java:logGet(43)) - raft.server.retrycache.expirytime = 600000ms (custom)
2019-08-29 08:59:31,748 | INFO  | OMAudit | user=jenkins1000 | ip=127.0.0.1 | op=READ_BUCKET {volume=testblockoutputstream, bucket=testblockoutputstream} | ret=SUCCESS |  
2019-08-29 08:59:31,666 [pool-27-thread-1] INFO  server.RaftServerConfigKeys (ConfUtils.java:logGet(43)) - raft.server.log.preallocated.size = 16384 (custom)
2019-08-29 08:59:31,748 [pool-37-thread-1] INFO  server.RaftServerConfigKeys (ConfUtils.java:logGet(43)) - raft.server.log.force.sync.num = 128 (default)
2019-08-29 08:59:31,749 [pool-87-thread-1] INFO  impl.RaftServerImpl (RaftServerImpl.java:start(180)) - 591368fd-0e23-4e2a-b1d4-68a6dfc1d9a5: start group-9512E3222F2A
2019-08-29 08:59:31,749 [pool-27-thread-1] INFO  server.RaftServerConfigKeys (ConfUtils.java:logGet(43)) - raft.server.log.write.buffer.size = 33554432 (custom)
2019-08-29 08:59:31,750 [pool-87-thread-1] INFO  impl.RaftServerImpl (RaftServerImpl.java:setRole(171)) - 591368fd-0e23-4e2a-b1d4-68a6dfc1d9a5:group-9512E3222F2A changes role from null to FOLLOWER at term 0 for startAsFollower
2019-08-29 08:59:31,750 | INFO  | SCMAudit | user=jenkins1000 | ip=192.168.69.87 | op=SEND_HEARTBEAT {datanodeUUID=e7e7da8c-f939-4fb3-bc52-3a5bf046eb23, command=[]} | ret=SUCCESS |  
2019-08-29 08:59:31,749 [pool-37-thread-1] INFO  server.RaftServerConfigKeys (ConfUtils.java:logGet(43)) - raft.server.log.statemachine.data.sync = true (default)
2019-08-29 08:59:31,750 [pool-87-thread-1] INFO  impl.RoleInfo (RoleInfo.java:updateAndGet(143)) - 591368fd-0e23-4e2a-b1d4-68a6dfc1d9a5: start FollowerState
2019-08-29 08:59:31,750 [pool-27-thread-1] INFO  server.RaftServerConfigKeys (ConfUtils.java:logGet(43)) - raft.server.log.force.sync.num = 128 (default)
2019-08-29 08:59:31,750 [pool-37-thread-1] INFO  server.RaftServerConfigKeys (ConfUtils.java:logGet(43)) - raft.server.log.statemachine.data.sync.timeout = 10s (default)
2019-08-29 08:59:31,750 [pool-27-thread-1] INFO  server.RaftServerConfigKeys (ConfUtils.java:logGet(43)) - raft.server.log.statemachine.data.sync = true (default)
2019-08-29 08:59:31,750 [pool-37-thread-1] INFO  server.RaftServerConfigKeys (ConfUtils.java:logGet(43)) - raft.server.log.statemachine.data.sync.timeout.retry = -1 (default)
2019-08-29 08:59:31,751 [pool-87-thread-1] INFO  util.JmxRegister (JmxRegister.java:tryRegister(44)) - Successfully registered JMX Bean with object name Ratis:service=RaftServer,group=group-9512E3222F2A,id=591368fd-0e23-4e2a-b1d4-68a6dfc1d9a5
2019-08-29 08:59:31,751 [pool-27-thread-1] INFO  server.RaftServerConfigKeys (ConfUtils.java:logGet(43)) - raft.server.log.statemachine.data.sync.timeout = 10s (default)
2019-08-29 08:59:31,751 [pool-37-thread-1] INFO  server.RaftServerConfigKeys (ConfUtils.java:logGet(43)) - raft.server.log.statemachine.data.caching.enabled = true (custom)
2019-08-29 08:59:31,751 [pool-27-thread-1] INFO  server.RaftServerConfigKeys (ConfUtils.java:logGet(43)) - raft.server.log.statemachine.data.sync.timeout.retry = -1 (default)
2019-08-29 08:59:31,751 [pool-27-thread-1] INFO  server.RaftServerConfigKeys (ConfUtils.java:logGet(43)) - raft.server.log.statemachine.data.caching.enabled = true (custom)
2019-08-29 08:59:31,751 [pool-37-thread-1] INFO  segmented.SegmentedRaftLogWorker (SegmentedRaftLogWorker.java:lambda$new$0(132)) - 2e835111-926f-4ebf-9fdc-c8ae7690dcd1-SegmentedRaftLogWorker:Storage Directory /workdir/hadoop-ozone/integration-test/target/test-dir/MiniOzoneClusterImpl-23210f21-26b4-4673-833f-61feb255c217/datanode-1/data/ratis/89dbf652-46bc-4340-aefe-9512e3222f2a: flushIndex: setUnconditionally 0 -> -1
2019-08-29 08:59:31,752 [pool-27-thread-1] INFO  segmented.SegmentedRaftLogWorker (SegmentedRaftLogWorker.java:lambda$new$0(132)) - 6fa28f14-8f40-4547-905f-1fc4e9e7d51e-SegmentedRaftLogWorker:Storage Directory /workdir/hadoop-ozone/integration-test/target/test-dir/MiniOzoneClusterImpl-23210f21-26b4-4673-833f-61feb255c217/datanode-0/data/ratis/89dbf652-46bc-4340-aefe-9512e3222f2a: flushIndex: setUnconditionally 0 -> -1
2019-08-29 08:59:31,752 [pool-37-thread-1] INFO  server.RaftServerConfigKeys (ConfUtils.java:logGet(43)) - raft.server.snapshot.auto.trigger.enabled = true (custom)
2019-08-29 08:59:31,752 [pool-27-thread-1] INFO  server.RaftServerConfigKeys (ConfUtils.java:logGet(43)) - raft.server.snapshot.auto.trigger.enabled = true (custom)
2019-08-29 08:59:31,752 [pool-37-thread-1] INFO  server.RaftServerConfigKeys (ConfUtils.java:logGet(43)) - raft.server.snapshot.auto.trigger.threshold = 10000 (custom)
2019-08-29 08:59:31,752 [pool-27-thread-1] INFO  server.RaftServerConfigKeys (ConfUtils.java:logGet(43)) - raft.server.snapshot.auto.trigger.threshold = 10000 (custom)
2019-08-29 08:59:31,752 [pool-37-thread-1] INFO  server.RaftServerConfigKeys (ConfUtils.java:logGet(43)) - raft.server.retrycache.expirytime = 600000ms (custom)
2019-08-29 08:59:31,754 [pool-27-thread-1] INFO  server.RaftServerConfigKeys (ConfUtils.java:logGet(43)) - raft.server.retrycache.expirytime = 600000ms (custom)
2019-08-29 08:59:31,754 [pool-37-thread-1] INFO  impl.RaftServerImpl (RaftServerImpl.java:start(180)) - 2e835111-926f-4ebf-9fdc-c8ae7690dcd1: start group-9512E3222F2A
2019-08-29 08:59:31,754 [pool-27-thread-1] INFO  impl.RaftServerImpl (RaftServerImpl.java:start(180)) - 6fa28f14-8f40-4547-905f-1fc4e9e7d51e: start group-9512E3222F2A
2019-08-29 08:59:31,754 [pool-37-thread-1] INFO  impl.RaftServerImpl (RaftServerImpl.java:setRole(171)) - 2e835111-926f-4ebf-9fdc-c8ae7690dcd1:group-9512E3222F2A changes role from null to FOLLOWER at term 0 for startAsFollower
2019-08-29 08:59:31,754 [pool-27-thread-1] INFO  impl.RaftServerImpl (RaftServerImpl.java:setRole(171)) - 6fa28f14-8f40-4547-905f-1fc4e9e7d51e:group-9512E3222F2A changes role from null to FOLLOWER at term 0 for startAsFollower
2019-08-29 08:59:31,756 [pool-37-thread-1] INFO  impl.RoleInfo (RoleInfo.java:updateAndGet(143)) - 2e835111-926f-4ebf-9fdc-c8ae7690dcd1: start FollowerState
2019-08-29 08:59:31,756 [pool-27-thread-1] INFO  impl.RoleInfo (RoleInfo.java:updateAndGet(143)) - 6fa28f14-8f40-4547-905f-1fc4e9e7d51e: start FollowerState
2019-08-29 08:59:31,769 [pool-37-thread-1] INFO  util.JmxRegister (JmxRegister.java:tryRegister(44)) - Successfully registered JMX Bean with object name Ratis:service=RaftServer,group=group-9512E3222F2A,id=2e835111-926f-4ebf-9fdc-c8ae7690dcd1
2019-08-29 08:59:31,769 [pool-27-thread-1] INFO  util.JmxRegister (JmxRegister.java:tryRegister(44)) - Successfully registered JMX Bean with object name Ratis:service=RaftServer,group=group-9512E3222F2A,id=6fa28f14-8f40-4547-905f-1fc4e9e7d51e
2019-08-29 08:59:31,812 [RatisPipelineUtilsThread] INFO  pipeline.PipelineStateManager (PipelineStateManager.java:addPipeline(56)) - Created pipeline Pipeline[ Id: 89dbf652-46bc-4340-aefe-9512e3222f2a, Nodes: 2e835111-926f-4ebf-9fdc-c8ae7690dcd1{ip: 192.168.69.87, host: pr-hdds-1935-5tjgs-3847141534, networkLocation: /default-rack, certSerialId: null}591368fd-0e23-4e2a-b1d4-68a6dfc1d9a5{ip: 192.168.69.87, host: pr-hdds-1935-5tjgs-3847141534, networkLocation: /default-rack, certSerialId: null}6fa28f14-8f40-4547-905f-1fc4e9e7d51e{ip: 192.168.69.87, host: pr-hdds-1935-5tjgs-3847141534, networkLocation: /default-rack, certSerialId: null}, Type:RATIS, Factor:THREE, State:OPEN]
2019-08-29 08:59:31,828 | INFO  | SCMAudit | user=jenkins1000 | ip=192.168.69.87 | op=SEND_HEARTBEAT {datanodeUUID=8c7a60c7-f0e0-4151-b0ba-03bf13d5dd84, command=[]} | ret=SUCCESS |  
2019-08-29 08:59:31,867 [grpc-default-executor-1] INFO  impl.RaftServerProxy (RaftServerProxy.java:addNew(89)) - 8c7a60c7-f0e0-4151-b0ba-03bf13d5dd84: addNew group-78E57C937A0A:[8c7a60c7-f0e0-4151-b0ba-03bf13d5dd84:192.168.69.87:34562, ff00a4c4-a8e1-4318-a8ca-04f99219f100:192.168.69.87:41640, e7e7da8c-f939-4fb3-bc52-3a5bf046eb23:192.168.69.87:34945] returns group-78E57C937A0A:java.util.concurrent.CompletableFuture@5187f671[Not completed]
2019-08-29 08:59:31,867 [grpc-default-executor-2] INFO  impl.RaftServerProxy (RaftServerProxy.java:addNew(89)) - e7e7da8c-f939-4fb3-bc52-3a5bf046eb23: addNew group-78E57C937A0A:[8c7a60c7-f0e0-4151-b0ba-03bf13d5dd84:192.168.69.87:34562, ff00a4c4-a8e1-4318-a8ca-04f99219f100:192.168.69.87:41640, e7e7da8c-f939-4fb3-bc52-3a5bf046eb23:192.168.69.87:34945] returns group-78E57C937A0A:java.util.concurrent.CompletableFuture@202bdb3e[Not completed]
2019-08-29 08:59:31,867 [grpc-default-executor-0] INFO  impl.RaftServerProxy (RaftServerProxy.java:addNew(89)) - ff00a4c4-a8e1-4318-a8ca-04f99219f100: addNew group-78E57C937A0A:[8c7a60c7-f0e0-4151-b0ba-03bf13d5dd84:192.168.69.87:34562, ff00a4c4-a8e1-4318-a8ca-04f99219f100:192.168.69.87:41640, e7e7da8c-f939-4fb3-bc52-3a5bf046eb23:192.168.69.87:34945] returns group-78E57C937A0A:java.util.concurrent.CompletableFuture@580e9e88[Not completed]
2019-08-29 08:59:31,908 | INFO  | SCMAudit | user=jenkins1000 | ip=192.168.69.87 | op=SEND_HEARTBEAT {datanodeUUID=ff00a4c4-a8e1-4318-a8ca-04f99219f100, command=[]} | ret=SUCCESS |  
2019-08-29 08:59:31,981 | INFO  | SCMAudit | user=jenkins1000 | ip=192.168.69.87 | op=SEND_HEARTBEAT {datanodeUUID=6be14348-cf2d-4abb-94f1-e8c77b81db27, command=[]} | ret=SUCCESS |  
2019-08-29 08:59:31,983 [pool-67-thread-1] INFO  impl.RaftServerImpl (RaftServerImpl.java:<init>(93)) - ff00a4c4-a8e1-4318-a8ca-04f99219f100: new RaftServerImpl for group-78E57C937A0A:[8c7a60c7-f0e0-4151-b0ba-03bf13d5dd84:192.168.69.87:34562, ff00a4c4-a8e1-4318-a8ca-04f99219f100:192.168.69.87:41640, e7e7da8c-f939-4fb3-bc52-3a5bf046eb23:192.168.69.87:34945] with ContainerStateMachine:uninitialized
2019-08-29 08:59:31,983 [pool-67-thread-1] INFO  server.RaftServerConfigKeys (ConfUtils.java:logGet(43)) - raft.server.rpc.timeout.min = 5s (custom)
2019-08-29 08:59:31,983 [pool-67-thread-1] INFO  server.RaftServerConfigKeys (ConfUtils.java:logGet(43)) - raft.server.rpc.timeout.max = 5200ms (custom)
2019-08-29 08:59:31,983 [pool-67-thread-1] INFO  server.RaftServerConfigKeys (ConfUtils.java:logGet(43)) - raft.server.rpcslowness.timeout = 120s (custom)
2019-08-29 08:59:31,983 [pool-67-thread-1] INFO  server.RaftServerConfigKeys (ConfUtils.java:logGet(43)) - raft.server.sleep.deviation.threshold = 300 (default)
2019-08-29 08:59:31,983 [pool-67-thread-1] INFO  server.RaftServerConfigKeys (ConfUtils.java:logGet(43)) - raft.server.log.appender.install.snapshot.enabled = false (custom)
2019-08-29 08:59:31,983 [pool-67-thread-1] INFO  impl.RaftServerImpl (ServerState.java:<init>(105)) - ff00a4c4-a8e1-4318-a8ca-04f99219f100:group-78E57C937A0A ConfigurationManager, init=-1: [8c7a60c7-f0e0-4151-b0ba-03bf13d5dd84:192.168.69.87:34562, ff00a4c4-a8e1-4318-a8ca-04f99219f100:192.168.69.87:41640, e7e7da8c-f939-4fb3-bc52-3a5bf046eb23:192.168.69.87:34945], old=null, confs=<EMPTY_MAP>
2019-08-29 08:59:31,984 [pool-57-thread-1] INFO  impl.RaftServerImpl (RaftServerImpl.java:<init>(93)) - 8c7a60c7-f0e0-4151-b0ba-03bf13d5dd84: new RaftServerImpl for group-78E57C937A0A:[8c7a60c7-f0e0-4151-b0ba-03bf13d5dd84:192.168.69.87:34562, ff00a4c4-a8e1-4318-a8ca-04f99219f100:192.168.69.87:41640, e7e7da8c-f939-4fb3-bc52-3a5bf046eb23:192.168.69.87:34945] with ContainerStateMachine:uninitialized
2019-08-29 08:59:31,984 [pool-67-thread-1] INFO  server.RaftServerConfigKeys (ConfUtils.java:logGet(43)) - raft.server.storage.dir = [/workdir/hadoop-ozone/integration-test/target/test-dir/MiniOzoneClusterImpl-23210f21-26b4-4673-833f-61feb255c217/datanode-4/data/ratis] (custom)
2019-08-29 08:59:31,984 [pool-57-thread-1] INFO  server.RaftServerConfigKeys (ConfUtils.java:logGet(43)) - raft.server.rpc.timeout.min = 5s (custom)
2019-08-29 08:59:31,984 [pool-57-thread-1] INFO  server.RaftServerConfigKeys (ConfUtils.java:logGet(43)) - raft.server.rpc.timeout.max = 5200ms (custom)
2019-08-29 08:59:31,984 [pool-67-thread-1] INFO  storage.RaftStorageDirectory (RaftStorageDirectory.java:analyzeStorage(246)) - The storage directory /workdir/hadoop-ozone/integration-test/target/test-dir/MiniOzoneClusterImpl-23210f21-26b4-4673-833f-61feb255c217/datanode-4/data/ratis/67cc15bc-57c0-4674-be86-78e57c937a0a does not exist. Creating ...
2019-08-29 08:59:31,984 [pool-57-thread-1] INFO  server.RaftServerConfigKeys (ConfUtils.java:logGet(43)) - raft.server.rpcslowness.timeout = 120s (custom)
2019-08-29 08:59:31,984 [pool-47-thread-1] INFO  impl.RaftServerImpl (RaftServerImpl.java:<init>(93)) - e7e7da8c-f939-4fb3-bc52-3a5bf046eb23: new RaftServerImpl for group-78E57C937A0A:[8c7a60c7-f0e0-4151-b0ba-03bf13d5dd84:192.168.69.87:34562, ff00a4c4-a8e1-4318-a8ca-04f99219f100:192.168.69.87:41640, e7e7da8c-f939-4fb3-bc52-3a5bf046eb23:192.168.69.87:34945] with ContainerStateMachine:uninitialized
2019-08-29 08:59:31,984 [pool-57-thread-1] INFO  server.RaftServerConfigKeys (ConfUtils.java:logGet(43)) - raft.server.sleep.deviation.threshold = 300 (default)
2019-08-29 08:59:31,984 [pool-47-thread-1] INFO  server.RaftServerConfigKeys (ConfUtils.java:logGet(43)) - raft.server.rpc.timeout.min = 5s (custom)
2019-08-29 08:59:31,984 [pool-57-thread-1] INFO  server.RaftServerConfigKeys (ConfUtils.java:logGet(43)) - raft.server.log.appender.install.snapshot.enabled = false (custom)
2019-08-29 08:59:31,985 [pool-57-thread-1] INFO  impl.RaftServerImpl (ServerState.java:<init>(105)) - 8c7a60c7-f0e0-4151-b0ba-03bf13d5dd84:group-78E57C937A0A ConfigurationManager, init=-1: [8c7a60c7-f0e0-4151-b0ba-03bf13d5dd84:192.168.69.87:34562, ff00a4c4-a8e1-4318-a8ca-04f99219f100:192.168.69.87:41640, e7e7da8c-f939-4fb3-bc52-3a5bf046eb23:192.168.69.87:34945], old=null, confs=<EMPTY_MAP>
2019-08-29 08:59:31,985 [pool-47-thread-1] INFO  server.RaftServerConfigKeys (ConfUtils.java:logGet(43)) - raft.server.rpc.timeout.max = 5200ms (custom)
2019-08-29 08:59:31,985 [pool-57-thread-1] INFO  server.RaftServerConfigKeys (ConfUtils.java:logGet(43)) - raft.server.storage.dir = [/workdir/hadoop-ozone/integration-test/target/test-dir/MiniOzoneClusterImpl-23210f21-26b4-4673-833f-61feb255c217/datanode-3/data/ratis] (custom)
2019-08-29 08:59:31,985 [pool-47-thread-1] INFO  server.RaftServerConfigKeys (ConfUtils.java:logGet(43)) - raft.server.rpcslowness.timeout = 120s (custom)
2019-08-29 08:59:31,985 [pool-47-thread-1] INFO  server.RaftServerConfigKeys (ConfUtils.java:logGet(43)) - raft.server.sleep.deviation.threshold = 300 (default)
2019-08-29 08:59:31,985 [pool-47-thread-1] INFO  server.RaftServerConfigKeys (ConfUtils.java:logGet(43)) - raft.server.log.appender.install.snapshot.enabled = false (custom)
2019-08-29 08:59:31,985 [pool-57-thread-1] INFO  storage.RaftStorageDirectory (RaftStorageDirectory.java:analyzeStorage(246)) - The storage directory /workdir/hadoop-ozone/integration-test/target/test-dir/MiniOzoneClusterImpl-23210f21-26b4-4673-833f-61feb255c217/datanode-3/data/ratis/67cc15bc-57c0-4674-be86-78e57c937a0a does not exist. Creating ...
2019-08-29 08:59:31,985 [pool-47-thread-1] INFO  impl.RaftServerImpl (ServerState.java:<init>(105)) - e7e7da8c-f939-4fb3-bc52-3a5bf046eb23:group-78E57C937A0A ConfigurationManager, init=-1: [8c7a60c7-f0e0-4151-b0ba-03bf13d5dd84:192.168.69.87:34562, ff00a4c4-a8e1-4318-a8ca-04f99219f100:192.168.69.87:41640, e7e7da8c-f939-4fb3-bc52-3a5bf046eb23:192.168.69.87:34945], old=null, confs=<EMPTY_MAP>
2019-08-29 08:59:31,986 [pool-47-thread-1] INFO  server.RaftServerConfigKeys (ConfUtils.java:logGet(43)) - raft.server.storage.dir = [/workdir/hadoop-ozone/integration-test/target/test-dir/MiniOzoneClusterImpl-23210f21-26b4-4673-833f-61feb255c217/datanode-2/data/ratis] (custom)
2019-08-29 08:59:31,986 [pool-47-thread-1] INFO  storage.RaftStorageDirectory (RaftStorageDirectory.java:analyzeStorage(246)) - The storage directory /workdir/hadoop-ozone/integration-test/target/test-dir/MiniOzoneClusterImpl-23210f21-26b4-4673-833f-61feb255c217/datanode-2/data/ratis/67cc15bc-57c0-4674-be86-78e57c937a0a does not exist. Creating ...
2019-08-29 08:59:32,004 [pool-47-thread-1] INFO  storage.RaftStorageDirectory (RaftStorageDirectory.java:tryLock(328)) - Lock on /workdir/hadoop-ozone/integration-test/target/test-dir/MiniOzoneClusterImpl-23210f21-26b4-4673-833f-61feb255c217/datanode-2/data/ratis/67cc15bc-57c0-4674-be86-78e57c937a0a/in_use.lock acquired by nodename 17121@pr-hdds-1935-5tjgs-3847141534
2019-08-29 08:59:32,004 [pool-57-thread-1] INFO  storage.RaftStorageDirectory (RaftStorageDirectory.java:tryLock(328)) - Lock on /workdir/hadoop-ozone/integration-test/target/test-dir/MiniOzoneClusterImpl-23210f21-26b4-4673-833f-61feb255c217/datanode-3/data/ratis/67cc15bc-57c0-4674-be86-78e57c937a0a/in_use.lock acquired by nodename 17121@pr-hdds-1935-5tjgs-3847141534
2019-08-29 08:59:32,004 [pool-67-thread-1] INFO  storage.RaftStorageDirectory (RaftStorageDirectory.java:tryLock(328)) - Lock on /workdir/hadoop-ozone/integration-test/target/test-dir/MiniOzoneClusterImpl-23210f21-26b4-4673-833f-61feb255c217/datanode-4/data/ratis/67cc15bc-57c0-4674-be86-78e57c937a0a/in_use.lock acquired by nodename 17121@pr-hdds-1935-5tjgs-3847141534
2019-08-29 08:59:32,030 [pool-57-thread-1] INFO  storage.RaftStorage (RaftStorage.java:format(72)) - Storage directory /workdir/hadoop-ozone/integration-test/target/test-dir/MiniOzoneClusterImpl-23210f21-26b4-4673-833f-61feb255c217/datanode-3/data/ratis/67cc15bc-57c0-4674-be86-78e57c937a0a has been successfully formatted.
2019-08-29 08:59:32,030 [pool-47-thread-1] INFO  storage.RaftStorage (RaftStorage.java:format(72)) - Storage directory /workdir/hadoop-ozone/integration-test/target/test-dir/MiniOzoneClusterImpl-23210f21-26b4-4673-833f-61feb255c217/datanode-2/data/ratis/67cc15bc-57c0-4674-be86-78e57c937a0a has been successfully formatted.
2019-08-29 08:59:32,030 [pool-67-thread-1] INFO  storage.RaftStorage (RaftStorage.java:format(72)) - Storage directory /workdir/hadoop-ozone/integration-test/target/test-dir/MiniOzoneClusterImpl-23210f21-26b4-4673-833f-61feb255c217/datanode-4/data/ratis/67cc15bc-57c0-4674-be86-78e57c937a0a has been successfully formatted.
2019-08-29 08:59:32,030 [pool-47-thread-1] INFO  ratis.ContainerStateMachine (ContainerStateMachine.java:loadSnapshot(227)) - group-78E57C937A0A: The snapshot info is null. Setting the last applied indexto:(t:0, i:~)
2019-08-29 08:59:32,030 [pool-57-thread-1] INFO  ratis.ContainerStateMachine (ContainerStateMachine.java:loadSnapshot(227)) - group-78E57C937A0A: The snapshot info is null. Setting the last applied indexto:(t:0, i:~)
2019-08-29 08:59:32,030 [pool-47-thread-1] INFO  server.RaftServerConfigKeys (ConfUtils.java:logGet(43)) - raft.server.leader.election.timeout = 120s (custom)
2019-08-29 08:59:32,030 [pool-67-thread-1] INFO  ratis.ContainerStateMachine (ContainerStateMachine.java:loadSnapshot(227)) - group-78E57C937A0A: The snapshot info is null. Setting the last applied indexto:(t:0, i:~)
2019-08-29 08:59:32,030 [pool-47-thread-1] INFO  server.RaftServerConfigKeys (ConfUtils.java:logGet(43)) - raft.server.log.use.memory = false (default)
2019-08-29 08:59:32,030 [pool-57-thread-1] INFO  server.RaftServerConfigKeys (ConfUtils.java:logGet(43)) - raft.server.leader.election.timeout = 120s (custom)
2019-08-29 08:59:32,031 [pool-47-thread-1] INFO  server.RaftServerConfigKeys (ConfUtils.java:logGet(43)) - raft.server.log.purge.gap = 1000000 (custom)
2019-08-29 08:59:32,031 [pool-67-thread-1] INFO  server.RaftServerConfigKeys (ConfUtils.java:logGet(43)) - raft.server.leader.election.timeout = 120s (custom)
2019-08-29 08:59:32,031 [pool-47-thread-1] INFO  server.RaftServerConfigKeys (ConfUtils.java:logGet(43)) - raft.server.log.appender.buffer.byte-limit = 33554432 (custom)
2019-08-29 08:59:32,031 [pool-57-thread-1] INFO  server.RaftServerConfigKeys (ConfUtils.java:logGet(43)) - raft.server.log.use.memory = false (default)
2019-08-29 08:59:32,031 [pool-47-thread-1] INFO  server.RaftServerConfigKeys (ConfUtils.java:logGet(43)) - raft.server.log.segment.size.max = 1048576 (custom)
2019-08-29 08:59:32,031 [pool-67-thread-1] INFO  server.RaftServerConfigKeys (ConfUtils.java:logGet(43)) - raft.server.log.use.memory = false (default)
2019-08-29 08:59:32,031 [pool-47-thread-1] INFO  server.RaftServerConfigKeys (ConfUtils.java:logGet(43)) - raft.server.log.segment.cache.num.max = 2 (custom)
2019-08-29 08:59:32,031 [pool-57-thread-1] INFO  server.RaftServerConfigKeys (ConfUtils.java:logGet(43)) - raft.server.log.purge.gap = 1000000 (custom)
2019-08-29 08:59:32,031 [pool-47-thread-1] INFO  segmented.SegmentedRaftLogWorker (SegmentedRaftLogWorker.java:<init>(172)) - new e7e7da8c-f939-4fb3-bc52-3a5bf046eb23-SegmentedRaftLogWorker:Storage Directory /workdir/hadoop-ozone/integration-test/target/test-dir/MiniOzoneClusterImpl-23210f21-26b4-4673-833f-61feb255c217/datanode-2/data/ratis/67cc15bc-57c0-4674-be86-78e57c937a0a for RaftStorage:Storage Directory /workdir/hadoop-ozone/integration-test/target/test-dir/MiniOzoneClusterImpl-23210f21-26b4-4673-833f-61feb255c217/datanode-2/data/ratis/67cc15bc-57c0-4674-be86-78e57c937a0a
2019-08-29 08:59:32,031 [pool-67-thread-1] INFO  server.RaftServerConfigKeys (ConfUtils.java:logGet(43)) - raft.server.log.purge.gap = 1000000 (custom)
2019-08-29 08:59:32,032 [pool-47-thread-1] INFO  server.RaftServerConfigKeys (ConfUtils.java:logGet(43)) - raft.server.log.queue.byte-limit = 2147483647 (custom)
2019-08-29 08:59:32,032 [pool-57-thread-1] INFO  server.RaftServerConfigKeys (ConfUtils.java:logGet(43)) - raft.server.log.appender.buffer.byte-limit = 33554432 (custom)
2019-08-29 08:59:32,034 [pool-47-thread-1] INFO  server.RaftServerConfigKeys (ConfUtils.java:logGet(43)) - raft.server.log.queue.element-limit = 1024 (custom)
2019-08-29 08:59:32,032 [pool-67-thread-1] INFO  server.RaftServerConfigKeys (ConfUtils.java:logGet(43)) - raft.server.log.appender.buffer.byte-limit = 33554432 (custom)
2019-08-29 08:59:32,034 [pool-57-thread-1] INFO  server.RaftServerConfigKeys (ConfUtils.java:logGet(43)) - raft.server.log.segment.size.max = 1048576 (custom)
2019-08-29 08:59:32,034 [pool-47-thread-1] INFO  server.RaftServerConfigKeys (ConfUtils.java:logGet(43)) - raft.server.log.segment.size.max = 1048576 (custom)
2019-08-29 08:59:32,035 [pool-57-thread-1] INFO  server.RaftServerConfigKeys (ConfUtils.java:logGet(43)) - raft.server.log.segment.cache.num.max = 2 (custom)
2019-08-29 08:59:32,034 [pool-67-thread-1] INFO  server.RaftServerConfigKeys (ConfUtils.java:logGet(43)) - raft.server.log.segment.size.max = 1048576 (custom)
2019-08-29 08:59:32,035 [pool-57-thread-1] INFO  segmented.SegmentedRaftLogWorker (SegmentedRaftLogWorker.java:<init>(172)) - new 8c7a60c7-f0e0-4151-b0ba-03bf13d5dd84-SegmentedRaftLogWorker:Storage Directory /workdir/hadoop-ozone/integration-test/target/test-dir/MiniOzoneClusterImpl-23210f21-26b4-4673-833f-61feb255c217/datanode-3/data/ratis/67cc15bc-57c0-4674-be86-78e57c937a0a for RaftStorage:Storage Directory /workdir/hadoop-ozone/integration-test/target/test-dir/MiniOzoneClusterImpl-23210f21-26b4-4673-833f-61feb255c217/datanode-3/data/ratis/67cc15bc-57c0-4674-be86-78e57c937a0a
2019-08-29 08:59:32,035 [pool-47-thread-1] INFO  server.RaftServerConfigKeys (ConfUtils.java:logGet(43)) - raft.server.log.preallocated.size = 16384 (custom)
2019-08-29 08:59:32,035 [pool-57-thread-1] INFO  server.RaftServerConfigKeys (ConfUtils.java:logGet(43)) - raft.server.log.queue.byte-limit = 2147483647 (custom)
2019-08-29 08:59:32,035 [pool-67-thread-1] INFO  server.RaftServerConfigKeys (ConfUtils.java:logGet(43)) - raft.server.log.segment.cache.num.max = 2 (custom)
2019-08-29 08:59:32,037 [pool-57-thread-1] INFO  server.RaftServerConfigKeys (ConfUtils.java:logGet(43)) - raft.server.log.queue.element-limit = 1024 (custom)
2019-08-29 08:59:32,035 [pool-47-thread-1] INFO  server.RaftServerConfigKeys (ConfUtils.java:logGet(43)) - raft.server.log.write.buffer.size = 33554432 (custom)
2019-08-29 08:59:32,037 [pool-57-thread-1] INFO  server.RaftServerConfigKeys (ConfUtils.java:logGet(43)) - raft.server.log.segment.size.max = 1048576 (custom)
2019-08-29 08:59:32,037 [pool-67-thread-1] INFO  segmented.SegmentedRaftLogWorker (SegmentedRaftLogWorker.java:<init>(172)) - new ff00a4c4-a8e1-4318-a8ca-04f99219f100-SegmentedRaftLogWorker:Storage Directory /workdir/hadoop-ozone/integration-test/target/test-dir/MiniOzoneClusterImpl-23210f21-26b4-4673-833f-61feb255c217/datanode-4/data/ratis/67cc15bc-57c0-4674-be86-78e57c937a0a for RaftStorage:Storage Directory /workdir/hadoop-ozone/integration-test/target/test-dir/MiniOzoneClusterImpl-23210f21-26b4-4673-833f-61feb255c217/datanode-4/data/ratis/67cc15bc-57c0-4674-be86-78e57c937a0a
2019-08-29 08:59:32,037 [pool-57-thread-1] INFO  server.RaftServerConfigKeys (ConfUtils.java:logGet(43)) - raft.server.log.preallocated.size = 16384 (custom)
2019-08-29 08:59:32,037 [pool-47-thread-1] INFO  server.RaftServerConfigKeys (ConfUtils.java:logGet(43)) - raft.server.log.force.sync.num = 128 (default)
2019-08-29 08:59:32,037 [pool-57-thread-1] INFO  server.RaftServerConfigKeys (ConfUtils.java:logGet(43)) - raft.server.log.write.buffer.size = 33554432 (custom)
2019-08-29 08:59:32,037 [pool-67-thread-1] INFO  server.RaftServerConfigKeys (ConfUtils.java:logGet(43)) - raft.server.log.queue.byte-limit = 2147483647 (custom)
2019-08-29 08:59:32,039 [pool-57-thread-1] INFO  server.RaftServerConfigKeys (ConfUtils.java:logGet(43)) - raft.server.log.force.sync.num = 128 (default)
2019-08-29 08:59:32,039 [pool-47-thread-1] INFO  server.RaftServerConfigKeys (ConfUtils.java:logGet(43)) - raft.server.log.statemachine.data.sync = true (default)
2019-08-29 08:59:32,039 [pool-57-thread-1] INFO  server.RaftServerConfigKeys (ConfUtils.java:logGet(43)) - raft.server.log.statemachine.data.sync = true (default)
2019-08-29 08:59:32,039 [pool-67-thread-1] INFO  server.RaftServerConfigKeys (ConfUtils.java:logGet(43)) - raft.server.log.queue.element-limit = 1024 (custom)
2019-08-29 08:59:32,039 [pool-57-thread-1] INFO  server.RaftServerConfigKeys (ConfUtils.java:logGet(43)) - raft.server.log.statemachine.data.sync.timeout = 10s (default)
2019-08-29 08:59:32,039 [pool-47-thread-1] INFO  server.RaftServerConfigKeys (ConfUtils.java:logGet(43)) - raft.server.log.statemachine.data.sync.timeout = 10s (default)
2019-08-29 08:59:32,039 [pool-57-thread-1] INFO  server.RaftServerConfigKeys (ConfUtils.java:logGet(43)) - raft.server.log.statemachine.data.sync.timeout.retry = -1 (default)
2019-08-29 08:59:32,039 [pool-67-thread-1] INFO  server.RaftServerConfigKeys (ConfUtils.java:logGet(43)) - raft.server.log.segment.size.max = 1048576 (custom)
2019-08-29 08:59:32,040 [pool-57-thread-1] INFO  server.RaftServerConfigKeys (ConfUtils.java:logGet(43)) - raft.server.log.statemachine.data.caching.enabled = true (custom)
2019-08-29 08:59:32,039 [pool-47-thread-1] INFO  server.RaftServerConfigKeys (ConfUtils.java:logGet(43)) - raft.server.log.statemachine.data.sync.timeout.retry = -1 (default)
2019-08-29 08:59:32,040 [pool-67-thread-1] INFO  server.RaftServerConfigKeys (ConfUtils.java:logGet(43)) - raft.server.log.preallocated.size = 16384 (custom)
2019-08-29 08:59:32,040 [pool-57-thread-1] INFO  segmented.SegmentedRaftLogWorker (SegmentedRaftLogWorker.java:lambda$new$0(132)) - 8c7a60c7-f0e0-4151-b0ba-03bf13d5dd84-SegmentedRaftLogWorker:Storage Directory /workdir/hadoop-ozone/integration-test/target/test-dir/MiniOzoneClusterImpl-23210f21-26b4-4673-833f-61feb255c217/datanode-3/data/ratis/67cc15bc-57c0-4674-be86-78e57c937a0a: flushIndex: setUnconditionally 0 -> -1
2019-08-29 08:59:32,040 [pool-47-thread-1] INFO  server.RaftServerConfigKeys (ConfUtils.java:logGet(43)) - raft.server.log.statemachine.data.caching.enabled = true (custom)
2019-08-29 08:59:32,040 [pool-67-thread-1] INFO  server.RaftServerConfigKeys (ConfUtils.java:logGet(43)) - raft.server.log.write.buffer.size = 33554432 (custom)
2019-08-29 08:59:32,040 [pool-57-thread-1] INFO  server.RaftServerConfigKeys (ConfUtils.java:logGet(43)) - raft.server.snapshot.auto.trigger.enabled = true (custom)
2019-08-29 08:59:32,040 [pool-67-thread-1] INFO  server.RaftServerConfigKeys (ConfUtils.java:logGet(43)) - raft.server.log.force.sync.num = 128 (default)
2019-08-29 08:59:32,040 [pool-47-thread-1] INFO  segmented.SegmentedRaftLogWorker (SegmentedRaftLogWorker.java:lambda$new$0(132)) - e7e7da8c-f939-4fb3-bc52-3a5bf046eb23-SegmentedRaftLogWorker:Storage Directory /workdir/hadoop-ozone/integration-test/target/test-dir/MiniOzoneClusterImpl-23210f21-26b4-4673-833f-61feb255c217/datanode-2/data/ratis/67cc15bc-57c0-4674-be86-78e57c937a0a: flushIndex: setUnconditionally 0 -> -1
2019-08-29 08:59:32,041 [pool-67-thread-1] INFO  server.RaftServerConfigKeys (ConfUtils.java:logGet(43)) - raft.server.log.statemachine.data.sync = true (default)
2019-08-29 08:59:32,040 [pool-57-thread-1] INFO  server.RaftServerConfigKeys (ConfUtils.java:logGet(43)) - raft.server.snapshot.auto.trigger.threshold = 10000 (custom)
2019-08-29 08:59:32,041 [pool-67-thread-1] INFO  server.RaftServerConfigKeys (ConfUtils.java:logGet(43)) - raft.server.log.statemachine.data.sync.timeout = 10s (default)
2019-08-29 08:59:32,041 [pool-47-thread-1] INFO  server.RaftServerConfigKeys (ConfUtils.java:logGet(43)) - raft.server.snapshot.auto.trigger.enabled = true (custom)
2019-08-29 08:59:32,041 [pool-67-thread-1] INFO  server.RaftServerConfigKeys (ConfUtils.java:logGet(43)) - raft.server.log.statemachine.data.sync.timeout.retry = -1 (default)
2019-08-29 08:59:32,041 [pool-57-thread-1] INFO  server.RaftServerConfigKeys (ConfUtils.java:logGet(43)) - raft.server.retrycache.expirytime = 600000ms (custom)
2019-08-29 08:59:32,041 [pool-47-thread-1] INFO  server.RaftServerConfigKeys (ConfUtils.java:logGet(43)) - raft.server.snapshot.auto.trigger.threshold = 10000 (custom)
2019-08-29 08:59:32,041 [pool-67-thread-1] INFO  server.RaftServerConfigKeys (ConfUtils.java:logGet(43)) - raft.server.log.statemachine.data.caching.enabled = true (custom)
2019-08-29 08:59:32,041 [pool-47-thread-1] INFO  server.RaftServerConfigKeys (ConfUtils.java:logGet(43)) - raft.server.retrycache.expirytime = 600000ms (custom)
2019-08-29 08:59:32,041 [pool-57-thread-1] INFO  impl.RaftServerImpl (RaftServerImpl.java:start(180)) - 8c7a60c7-f0e0-4151-b0ba-03bf13d5dd84: start group-78E57C937A0A
2019-08-29 08:59:32,042 [pool-47-thread-1] INFO  impl.RaftServerImpl (RaftServerImpl.java:start(180)) - e7e7da8c-f939-4fb3-bc52-3a5bf046eb23: start group-78E57C937A0A
2019-08-29 08:59:32,042 [pool-57-thread-1] INFO  impl.RaftServerImpl (RaftServerImpl.java:setRole(171)) - 8c7a60c7-f0e0-4151-b0ba-03bf13d5dd84:group-78E57C937A0A changes role from null to FOLLOWER at term 0 for startAsFollower
2019-08-29 08:59:32,042 [pool-67-thread-1] INFO  segmented.SegmentedRaftLogWorker (SegmentedRaftLogWorker.java:lambda$new$0(132)) - ff00a4c4-a8e1-4318-a8ca-04f99219f100-SegmentedRaftLogWorker:Storage Directory /workdir/hadoop-ozone/integration-test/target/test-dir/MiniOzoneClusterImpl-23210f21-26b4-4673-833f-61feb255c217/datanode-4/data/ratis/67cc15bc-57c0-4674-be86-78e57c937a0a: flushIndex: setUnconditionally 0 -> -1
2019-08-29 08:59:32,042 [pool-57-thread-1] INFO  impl.RoleInfo (RoleInfo.java:updateAndGet(143)) - 8c7a60c7-f0e0-4151-b0ba-03bf13d5dd84: start FollowerState
2019-08-29 08:59:32,042 [pool-47-thread-1] INFO  impl.RaftServerImpl (RaftServerImpl.java:setRole(171)) - e7e7da8c-f939-4fb3-bc52-3a5bf046eb23:group-78E57C937A0A changes role from null to FOLLOWER at term 0 for startAsFollower
2019-08-29 08:59:32,042 [pool-67-thread-1] INFO  server.RaftServerConfigKeys (ConfUtils.java:logGet(43)) - raft.server.snapshot.auto.trigger.enabled = true (custom)
2019-08-29 08:59:32,042 [pool-47-thread-1] INFO  impl.RoleInfo (RoleInfo.java:updateAndGet(143)) - e7e7da8c-f939-4fb3-bc52-3a5bf046eb23: start FollowerState
2019-08-29 08:59:32,042 [pool-67-thread-1] INFO  server.RaftServerConfigKeys (ConfUtils.java:logGet(43)) - raft.server.snapshot.auto.trigger.threshold = 10000 (custom)
2019-08-29 08:59:32,042 [pool-57-thread-1] INFO  util.JmxRegister (JmxRegister.java:tryRegister(44)) - Successfully registered JMX Bean with object name Ratis:service=RaftServer,group=group-78E57C937A0A,id=8c7a60c7-f0e0-4151-b0ba-03bf13d5dd84
2019-08-29 08:59:32,043 [pool-67-thread-1] INFO  server.RaftServerConfigKeys (ConfUtils.java:logGet(43)) - raft.server.retrycache.expirytime = 600000ms (custom)
2019-08-29 08:59:32,043 [pool-67-thread-1] INFO  impl.RaftServerImpl (RaftServerImpl.java:start(180)) - ff00a4c4-a8e1-4318-a8ca-04f99219f100: start group-78E57C937A0A
2019-08-29 08:59:32,043 [pool-47-thread-1] INFO  util.JmxRegister (JmxRegister.java:tryRegister(44)) - Successfully registered JMX Bean with object name Ratis:service=RaftServer,group=group-78E57C937A0A,id=e7e7da8c-f939-4fb3-bc52-3a5bf046eb23
2019-08-29 08:59:32,043 [pool-67-thread-1] INFO  impl.RaftServerImpl (RaftServerImpl.java:setRole(171)) - ff00a4c4-a8e1-4318-a8ca-04f99219f100:group-78E57C937A0A changes role from null to FOLLOWER at term 0 for startAsFollower
2019-08-29 08:59:32,043 [pool-67-thread-1] INFO  impl.RoleInfo (RoleInfo.java:updateAndGet(143)) - ff00a4c4-a8e1-4318-a8ca-04f99219f100: start FollowerState
2019-08-29 08:59:32,044 [pool-67-thread-1] INFO  util.JmxRegister (JmxRegister.java:tryRegister(44)) - Successfully registered JMX Bean with object name Ratis:service=RaftServer,group=group-78E57C937A0A,id=ff00a4c4-a8e1-4318-a8ca-04f99219f100
2019-08-29 08:59:32,056 | INFO  | SCMAudit | user=jenkins1000 | ip=192.168.69.87 | op=SEND_HEARTBEAT {datanodeUUID=591368fd-0e23-4e2a-b1d4-68a6dfc1d9a5, command=[]} | ret=SUCCESS |  
2019-08-29 08:59:32,059 [RatisPipelineUtilsThread] INFO  pipeline.PipelineStateManager (PipelineStateManager.java:addPipeline(56)) - Created pipeline Pipeline[ Id: 67cc15bc-57c0-4674-be86-78e57c937a0a, Nodes: ff00a4c4-a8e1-4318-a8ca-04f99219f100{ip: 192.168.69.87, host: pr-hdds-1935-5tjgs-3847141534, networkLocation: /default-rack, certSerialId: null}8c7a60c7-f0e0-4151-b0ba-03bf13d5dd84{ip: 192.168.69.87, host: pr-hdds-1935-5tjgs-3847141534, networkLocation: /default-rack, certSerialId: null}e7e7da8c-f939-4fb3-bc52-3a5bf046eb23{ip: 192.168.69.87, host: pr-hdds-1935-5tjgs-3847141534, networkLocation: /default-rack, certSerialId: null}, Type:RATIS, Factor:THREE, State:OPEN]
2019-08-29 08:59:32,107 | INFO  | SCMAudit | user=jenkins1000 | ip=192.168.69.87 | op=ALLOCATE_BLOCK {owner=9b132f42-fe20-4fc6-a120-07c80485ff7c, size=800, type=RATIS, factor=THREE} | ret=SUCCESS |  
2019-08-29 08:59:32,126 | INFO  | OMAudit | user=jenkins1000 | ip=127.0.0.1 | op=ALLOCATE_KEY {volume=testblockoutputstream, bucket=testblockoutputstream, key=a1c5db10-e054-4928-a6a3-c43c470d13f6, dataSize=0, replicationType=RATIS, replicationFactor=THREE, keyLocationInfo=null} | ret=SUCCESS |  
2019-08-29 08:59:32,571 | INFO  | SCMAudit | user=jenkins1000 | ip=192.168.69.87 | op=SEND_HEARTBEAT {datanodeUUID=6fa28f14-8f40-4547-905f-1fc4e9e7d51e, command=[]} | ret=SUCCESS |  
2019-08-29 08:59:32,588 [grpc-default-executor-0] INFO  client.GrpcClientProtocolClient (GrpcClientProtocolClient.java:onNext(255)) - client-5A4EA94FE93C->ff00a4c4-a8e1-4318-a8ca-04f99219f100: receive RaftClientReply:client-5A4EA94FE93C->ff00a4c4-a8e1-4318-a8ca-04f99219f100@group-78E57C937A0A, cid=13, FAILED org.apache.ratis.protocol.NotLeaderException: Server ff00a4c4-a8e1-4318-a8ca-04f99219f100 is not the leader (null). Request must be sent to leader., logIndex=0, commits[ff00a4c4-a8e1-4318-a8ca-04f99219f100:c-1]
2019-08-29 08:59:32,614 [Thread-238] INFO  container.ReplicationManager (ReplicationManager.java:start(162)) - Starting Replication Monitor Thread.
2019-08-29 08:59:32,619 [ReplicationMonitor] INFO  container.ReplicationManager (ReplicationManager.java:run(225)) - Replication Monitor Thread took 3 milliseconds for processing 1 containers.
2019-08-29 08:59:32,665 | INFO  | SCMAudit | user=jenkins1000 | ip=192.168.69.87 | op=SEND_HEARTBEAT {datanodeUUID=2e835111-926f-4ebf-9fdc-c8ae7690dcd1, command=[]} | ret=SUCCESS |  
2019-08-29 08:59:32,750 | INFO  | SCMAudit | user=jenkins1000 | ip=192.168.69.87 | op=SEND_HEARTBEAT {datanodeUUID=e7e7da8c-f939-4fb3-bc52-3a5bf046eb23, command=[]} | ret=SUCCESS |  
2019-08-29 08:59:32,828 | INFO  | SCMAudit | user=jenkins1000 | ip=192.168.69.87 | op=SEND_HEARTBEAT {datanodeUUID=8c7a60c7-f0e0-4151-b0ba-03bf13d5dd84, command=[]} | ret=SUCCESS |  
2019-08-29 08:59:32,899 | INFO  | SCMAudit | user=jenkins1000 | ip=192.168.69.87 | op=SEND_HEARTBEAT {datanodeUUID=ff00a4c4-a8e1-4318-a8ca-04f99219f100, command=[]} | ret=SUCCESS |  
2019-08-29 08:59:32,974 | INFO  | SCMAudit | user=jenkins1000 | ip=192.168.69.87 | op=SEND_HEARTBEAT {datanodeUUID=6be14348-cf2d-4abb-94f1-e8c77b81db27, command=[]} | ret=SUCCESS |  
2019-08-29 08:59:33,052 | INFO  | SCMAudit | user=jenkins1000 | ip=192.168.69.87 | op=SEND_HEARTBEAT {datanodeUUID=591368fd-0e23-4e2a-b1d4-68a6dfc1d9a5, command=[]} | ret=SUCCESS |  
2019-08-29 08:59:33,571 | INFO  | SCMAudit | user=jenkins1000 | ip=192.168.69.87 | op=SEND_HEARTBEAT {datanodeUUID=6fa28f14-8f40-4547-905f-1fc4e9e7d51e, command=[]} | ret=SUCCESS |  
2019-08-29 08:59:33,626 [grpc-default-executor-2] INFO  client.GrpcClientProtocolClient (GrpcClientProtocolClient.java:onNext(255)) - client-5A4EA94FE93C->e7e7da8c-f939-4fb3-bc52-3a5bf046eb23: receive RaftClientReply:client-5A4EA94FE93C->e7e7da8c-f939-4fb3-bc52-3a5bf046eb23@group-78E57C937A0A, cid=13, FAILED org.apache.ratis.protocol.NotLeaderException: Server e7e7da8c-f939-4fb3-bc52-3a5bf046eb23 is not the leader (null). Request must be sent to leader., logIndex=0, commits[e7e7da8c-f939-4fb3-bc52-3a5bf046eb23:c-1]
2019-08-29 08:59:33,664 | INFO  | SCMAudit | user=jenkins1000 | ip=192.168.69.87 | op=SEND_HEARTBEAT {datanodeUUID=2e835111-926f-4ebf-9fdc-c8ae7690dcd1, command=[]} | ret=SUCCESS |  
2019-08-29 08:59:33,764 | INFO  | SCMAudit | user=jenkins1000 | ip=192.168.69.87 | op=SEND_HEARTBEAT {datanodeUUID=e7e7da8c-f939-4fb3-bc52-3a5bf046eb23, command=[]} | ret=SUCCESS |  
2019-08-29 08:59:33,825 | INFO  | SCMAudit | user=jenkins1000 | ip=192.168.69.87 | op=SEND_HEARTBEAT {datanodeUUID=8c7a60c7-f0e0-4151-b0ba-03bf13d5dd84, command=[]} | ret=SUCCESS |  
2019-08-29 08:59:33,897 | INFO  | SCMAudit | user=jenkins1000 | ip=192.168.69.87 | op=SEND_HEARTBEAT {datanodeUUID=ff00a4c4-a8e1-4318-a8ca-04f99219f100, command=[]} | ret=SUCCESS |  
2019-08-29 08:59:33,972 | INFO  | SCMAudit | user=jenkins1000 | ip=192.168.69.87 | op=SEND_HEARTBEAT {datanodeUUID=6be14348-cf2d-4abb-94f1-e8c77b81db27, command=[]} | ret=SUCCESS |  
2019-08-29 08:59:34,050 | INFO  | SCMAudit | user=jenkins1000 | ip=192.168.69.87 | op=SEND_HEARTBEAT {datanodeUUID=591368fd-0e23-4e2a-b1d4-68a6dfc1d9a5, command=[]} | ret=SUCCESS |  
2019-08-29 08:59:34,569 | INFO  | SCMAudit | user=jenkins1000 | ip=192.168.69.87 | op=SEND_HEARTBEAT {datanodeUUID=6fa28f14-8f40-4547-905f-1fc4e9e7d51e, command=[]} | ret=SUCCESS |  
2019-08-29 08:59:34,646 [grpc-default-executor-0] INFO  client.GrpcClientProtocolClient (GrpcClientProtocolClient.java:onNext(255)) - client-5A4EA94FE93C->ff00a4c4-a8e1-4318-a8ca-04f99219f100: receive RaftClientReply:client-5A4EA94FE93C->ff00a4c4-a8e1-4318-a8ca-04f99219f100@group-78E57C937A0A, cid=13, FAILED org.apache.ratis.protocol.NotLeaderException: Server ff00a4c4-a8e1-4318-a8ca-04f99219f100 is not the leader (null). Request must be sent to leader., logIndex=0, commits[ff00a4c4-a8e1-4318-a8ca-04f99219f100:c-1]
2019-08-29 08:59:34,662 | INFO  | SCMAudit | user=jenkins1000 | ip=192.168.69.87 | op=SEND_HEARTBEAT {datanodeUUID=2e835111-926f-4ebf-9fdc-c8ae7690dcd1, command=[]} | ret=SUCCESS |  
2019-08-29 08:59:34,747 | INFO  | SCMAudit | user=jenkins1000 | ip=192.168.69.87 | op=SEND_HEARTBEAT {datanodeUUID=e7e7da8c-f939-4fb3-bc52-3a5bf046eb23, command=[]} | ret=SUCCESS |  
2019-08-29 08:59:34,825 | INFO  | SCMAudit | user=jenkins1000 | ip=192.168.69.87 | op=SEND_HEARTBEAT {datanodeUUID=8c7a60c7-f0e0-4151-b0ba-03bf13d5dd84, command=[]} | ret=SUCCESS |  
2019-08-29 08:59:34,897 | INFO  | SCMAudit | user=jenkins1000 | ip=192.168.69.87 | op=SEND_HEARTBEAT {datanodeUUID=ff00a4c4-a8e1-4318-a8ca-04f99219f100, command=[]} | ret=SUCCESS |  
2019-08-29 08:59:34,973 | INFO  | SCMAudit | user=jenkins1000 | ip=192.168.69.87 | op=SEND_HEARTBEAT {datanodeUUID=6be14348-cf2d-4abb-94f1-e8c77b81db27, command=[]} | ret=SUCCESS |  
2019-08-29 08:59:35,050 | INFO  | SCMAudit | user=jenkins1000 | ip=192.168.69.87 | op=SEND_HEARTBEAT {datanodeUUID=591368fd-0e23-4e2a-b1d4-68a6dfc1d9a5, command=[]} | ret=SUCCESS |  
2019-08-29 08:59:35,457 [Thread-240] INFO  impl.FollowerState (FollowerState.java:run(106)) - 6fa28f14-8f40-4547-905f-1fc4e9e7d51e:group-FA20004B800A changes to CANDIDATE, lastRpcTime:5158, electionTimeout:5158ms
2019-08-29 08:59:35,460 [Thread-240] INFO  impl.RoleInfo (RoleInfo.java:shutdownFollowerState(121)) - 6fa28f14-8f40-4547-905f-1fc4e9e7d51e: shutdown FollowerState
2019-08-29 08:59:35,460 [Thread-240] INFO  impl.RaftServerImpl (RaftServerImpl.java:setRole(171)) - 6fa28f14-8f40-4547-905f-1fc4e9e7d51e:group-FA20004B800A changes role from FOLLOWER to CANDIDATE at term 0 for changeToCandidate
2019-08-29 08:59:35,466 [Thread-240] INFO  impl.RoleInfo (RoleInfo.java:updateAndGet(143)) - 6fa28f14-8f40-4547-905f-1fc4e9e7d51e: start LeaderElection
2019-08-29 08:59:35,518 [6fa28f14-8f40-4547-905f-1fc4e9e7d51e:group-FA20004B800A:LeaderElection1] INFO  impl.LeaderElection (LeaderElection.java:askForVotes(181)) - 6fa28f14-8f40-4547-905f-1fc4e9e7d51e:group-FA20004B800A:LeaderElection1: begin an election at term 1 for -1: [6fa28f14-8f40-4547-905f-1fc4e9e7d51e:192.168.69.87:38879], old=null
2019-08-29 08:59:35,523 [6fa28f14-8f40-4547-905f-1fc4e9e7d51e:group-FA20004B800A:LeaderElection1] INFO  impl.RoleInfo (RoleInfo.java:shutdownLeaderElection(134)) - 6fa28f14-8f40-4547-905f-1fc4e9e7d51e: shutdown LeaderElection
2019-08-29 08:59:35,524 [6fa28f14-8f40-4547-905f-1fc4e9e7d51e:group-FA20004B800A:LeaderElection1] INFO  impl.RaftServerImpl (RaftServerImpl.java:setRole(171)) - 6fa28f14-8f40-4547-905f-1fc4e9e7d51e:group-FA20004B800A changes role from CANDIDATE to LEADER at term 1 for changeToLeader
2019-08-29 08:59:35,524 [6fa28f14-8f40-4547-905f-1fc4e9e7d51e:group-FA20004B800A:LeaderElection1] INFO  impl.RaftServerImpl (ServerState.java:setLeader(263)) - 6fa28f14-8f40-4547-905f-1fc4e9e7d51e:group-FA20004B800A change Leader from null to 6fa28f14-8f40-4547-905f-1fc4e9e7d51e at term 1 for becomeLeader, leader elected after 5299ms
2019-08-29 08:59:35,534 [6fa28f14-8f40-4547-905f-1fc4e9e7d51e:group-FA20004B800A:LeaderElection1] INFO  server.RaftServerConfigKeys (ConfUtils.java:logGet(43)) - raft.server.staging.catchup.gap = 1000 (default)
2019-08-29 08:59:35,534 [6fa28f14-8f40-4547-905f-1fc4e9e7d51e:group-FA20004B800A:LeaderElection1] INFO  server.RaftServerConfigKeys (ConfUtils.java:logGet(43)) - raft.server.rpc.sleep.time = 25ms (default)
2019-08-29 08:59:35,538 [6fa28f14-8f40-4547-905f-1fc4e9e7d51e:group-FA20004B800A:LeaderElection1] INFO  server.RaftServerConfigKeys (ConfUtils.java:logGet(43)) - raft.server.write.element-limit = 4096 (default)
2019-08-29 08:59:35,541 [6fa28f14-8f40-4547-905f-1fc4e9e7d51e:group-FA20004B800A:LeaderElection1] INFO  server.RaftServerConfigKeys (ConfUtils.java:logGet(43)) - raft.server.watch.timeout = 10s (default)
2019-08-29 08:59:35,541 [6fa28f14-8f40-4547-905f-1fc4e9e7d51e:group-FA20004B800A:LeaderElection1] INFO  server.RaftServerConfigKeys (ConfUtils.java:logGet(43)) - raft.server.watch.timeout.denomination = 1s (default)
2019-08-29 08:59:35,542 [6fa28f14-8f40-4547-905f-1fc4e9e7d51e:group-FA20004B800A:LeaderElection1] INFO  server.RaftServerConfigKeys (ConfUtils.java:logGet(43)) - raft.server.watch.element-limit = 65536 (default)
2019-08-29 08:59:35,551 [6fa28f14-8f40-4547-905f-1fc4e9e7d51e:group-FA20004B800A:LeaderElection1] INFO  impl.RoleInfo (RoleInfo.java:updateAndGet(143)) - 6fa28f14-8f40-4547-905f-1fc4e9e7d51e: start LeaderState
2019-08-29 08:59:35,569 | INFO  | SCMAudit | user=jenkins1000 | ip=192.168.69.87 | op=SEND_HEARTBEAT {datanodeUUID=6fa28f14-8f40-4547-905f-1fc4e9e7d51e, command=[]} | ret=SUCCESS |  
2019-08-29 08:59:35,576 [6fa28f14-8f40-4547-905f-1fc4e9e7d51e:group-FA20004B800A:LeaderElection1] INFO  segmented.SegmentedRaftLogWorker (SegmentedRaftLogWorker.java:startLogSegment(380)) - 6fa28f14-8f40-4547-905f-1fc4e9e7d51e-SegmentedRaftLogWorker:Storage Directory /workdir/hadoop-ozone/integration-test/target/test-dir/MiniOzoneClusterImpl-23210f21-26b4-4673-833f-61feb255c217/datanode-0/data/ratis/bf9e481e-72ca-4660-9bcf-fa20004b800a: Starting segment from index:0
2019-08-29 08:59:35,585 [6fa28f14-8f40-4547-905f-1fc4e9e7d51e:group-FA20004B800A:LeaderElection1] INFO  impl.RaftServerImpl (ServerState.java:setRaftConf(361)) - 6fa28f14-8f40-4547-905f-1fc4e9e7d51e:group-FA20004B800A set configuration 0: [6fa28f14-8f40-4547-905f-1fc4e9e7d51e:192.168.69.87:38879], old=null at 0
2019-08-29 08:59:35,664 | INFO  | SCMAudit | user=jenkins1000 | ip=192.168.69.87 | op=SEND_HEARTBEAT {datanodeUUID=2e835111-926f-4ebf-9fdc-c8ae7690dcd1, command=[]} | ret=SUCCESS |  
2019-08-29 08:59:35,664 [grpc-default-executor-0] INFO  client.GrpcClientProtocolClient (GrpcClientProtocolClient.java:onNext(255)) - client-5A4EA94FE93C->8c7a60c7-f0e0-4151-b0ba-03bf13d5dd84: receive RaftClientReply:client-5A4EA94FE93C->8c7a60c7-f0e0-4151-b0ba-03bf13d5dd84@group-78E57C937A0A, cid=13, FAILED org.apache.ratis.protocol.NotLeaderException: Server 8c7a60c7-f0e0-4151-b0ba-03bf13d5dd84 is not the leader (null). Request must be sent to leader., logIndex=0, commits[8c7a60c7-f0e0-4151-b0ba-03bf13d5dd84:c-1]
2019-08-29 08:59:35,748 | INFO  | SCMAudit | user=jenkins1000 | ip=192.168.69.87 | op=SEND_HEARTBEAT {datanodeUUID=e7e7da8c-f939-4fb3-bc52-3a5bf046eb23, command=[]} | ret=SUCCESS |  
2019-08-29 08:59:35,801 [6fa28f14-8f40-4547-905f-1fc4e9e7d51e-SegmentedRaftLogWorker:Storage Directory /workdir/hadoop-ozone/integration-test/target/test-dir/MiniOzoneClusterImpl-23210f21-26b4-4673-833f-61feb255c217/datanode-0/data/ratis/bf9e481e-72ca-4660-9bcf-fa20004b800a] INFO  segmented.SegmentedRaftLogWorker (SegmentedRaftLogWorker.java:execute(569)) - 6fa28f14-8f40-4547-905f-1fc4e9e7d51e-SegmentedRaftLogWorker:Storage Directory /workdir/hadoop-ozone/integration-test/target/test-dir/MiniOzoneClusterImpl-23210f21-26b4-4673-833f-61feb255c217/datanode-0/data/ratis/bf9e481e-72ca-4660-9bcf-fa20004b800a: created new log segment /workdir/hadoop-ozone/integration-test/target/test-dir/MiniOzoneClusterImpl-23210f21-26b4-4673-833f-61feb255c217/datanode-0/data/ratis/bf9e481e-72ca-4660-9bcf-fa20004b800a/current/log_inprogress_0
2019-08-29 08:59:35,825 | INFO  | SCMAudit | user=jenkins1000 | ip=192.168.69.87 | op=SEND_HEARTBEAT {datanodeUUID=8c7a60c7-f0e0-4151-b0ba-03bf13d5dd84, command=[]} | ret=SUCCESS |  
2019-08-29 08:59:35,890 [Thread-243] INFO  impl.FollowerState (FollowerState.java:run(106)) - 2e835111-926f-4ebf-9fdc-c8ae7690dcd1:group-FC606CC4F5B3 changes to CANDIDATE, lastRpcTime:5102, electionTimeout:5100ms
2019-08-29 08:59:35,893 [Thread-243] INFO  impl.RoleInfo (RoleInfo.java:shutdownFollowerState(121)) - 2e835111-926f-4ebf-9fdc-c8ae7690dcd1: shutdown FollowerState
2019-08-29 08:59:35,894 [Thread-243] INFO  impl.RaftServerImpl (RaftServerImpl.java:setRole(171)) - 2e835111-926f-4ebf-9fdc-c8ae7690dcd1:group-FC606CC4F5B3 changes role from FOLLOWER to CANDIDATE at term 0 for changeToCandidate
2019-08-29 08:59:35,894 [Thread-243] INFO  impl.RoleInfo (RoleInfo.java:updateAndGet(143)) - 2e835111-926f-4ebf-9fdc-c8ae7690dcd1: start LeaderElection
2019-08-29 08:59:35,900 | INFO  | SCMAudit | user=jenkins1000 | ip=192.168.69.87 | op=SEND_HEARTBEAT {datanodeUUID=ff00a4c4-a8e1-4318-a8ca-04f99219f100, command=[]} | ret=SUCCESS |  
2019-08-29 08:59:35,910 [2e835111-926f-4ebf-9fdc-c8ae7690dcd1:group-FC606CC4F5B3:LeaderElection2] INFO  impl.LeaderElection (LeaderElection.java:askForVotes(181)) - 2e835111-926f-4ebf-9fdc-c8ae7690dcd1:group-FC606CC4F5B3:LeaderElection2: begin an election at term 1 for -1: [2e835111-926f-4ebf-9fdc-c8ae7690dcd1:192.168.69.87:38883], old=null
2019-08-29 08:59:35,924 [2e835111-926f-4ebf-9fdc-c8ae7690dcd1:group-FC606CC4F5B3:LeaderElection2] INFO  impl.RoleInfo (RoleInfo.java:shutdownLeaderElection(134)) - 2e835111-926f-4ebf-9fdc-c8ae7690dcd1: shutdown LeaderElection
2019-08-29 08:59:35,924 [2e835111-926f-4ebf-9fdc-c8ae7690dcd1:group-FC606CC4F5B3:LeaderElection2] INFO  impl.RaftServerImpl (RaftServerImpl.java:setRole(171)) - 2e835111-926f-4ebf-9fdc-c8ae7690dcd1:group-FC606CC4F5B3 changes role from CANDIDATE to LEADER at term 1 for changeToLeader
2019-08-29 08:59:35,924 [2e835111-926f-4ebf-9fdc-c8ae7690dcd1:group-FC606CC4F5B3:LeaderElection2] INFO  impl.RaftServerImpl (ServerState.java:setLeader(263)) - 2e835111-926f-4ebf-9fdc-c8ae7690dcd1:group-FC606CC4F5B3 change Leader from null to 2e835111-926f-4ebf-9fdc-c8ae7690dcd1 at term 1 for becomeLeader, leader elected after 5143ms
2019-08-29 08:59:35,926 [2e835111-926f-4ebf-9fdc-c8ae7690dcd1:group-FC606CC4F5B3:LeaderElection2] INFO  server.RaftServerConfigKeys (ConfUtils.java:logGet(43)) - raft.server.staging.catchup.gap = 1000 (default)
2019-08-29 08:59:35,926 [2e835111-926f-4ebf-9fdc-c8ae7690dcd1:group-FC606CC4F5B3:LeaderElection2] INFO  server.RaftServerConfigKeys (ConfUtils.java:logGet(43)) - raft.server.rpc.sleep.time = 25ms (default)
2019-08-29 08:59:35,926 [2e835111-926f-4ebf-9fdc-c8ae7690dcd1:group-FC606CC4F5B3:LeaderElection2] INFO  server.RaftServerConfigKeys (ConfUtils.java:logGet(43)) - raft.server.write.element-limit = 4096 (default)
2019-08-29 08:59:35,926 [2e835111-926f-4ebf-9fdc-c8ae7690dcd1:group-FC606CC4F5B3:LeaderElection2] INFO  server.RaftServerConfigKeys (ConfUtils.java:logGet(43)) - raft.server.watch.timeout = 10s (default)
2019-08-29 08:59:35,926 [2e835111-926f-4ebf-9fdc-c8ae7690dcd1:group-FC606CC4F5B3:LeaderElection2] INFO  server.RaftServerConfigKeys (ConfUtils.java:logGet(43)) - raft.server.watch.timeout.denomination = 1s (default)
2019-08-29 08:59:35,926 [2e835111-926f-4ebf-9fdc-c8ae7690dcd1:group-FC606CC4F5B3:LeaderElection2] INFO  server.RaftServerConfigKeys (ConfUtils.java:logGet(43)) - raft.server.watch.element-limit = 65536 (default)
2019-08-29 08:59:35,927 [2e835111-926f-4ebf-9fdc-c8ae7690dcd1:group-FC606CC4F5B3:LeaderElection2] INFO  impl.RoleInfo (RoleInfo.java:updateAndGet(143)) - 2e835111-926f-4ebf-9fdc-c8ae7690dcd1: start LeaderState
2019-08-29 08:59:35,927 [2e835111-926f-4ebf-9fdc-c8ae7690dcd1:group-FC606CC4F5B3:LeaderElection2] INFO  segmented.SegmentedRaftLogWorker (SegmentedRaftLogWorker.java:startLogSegment(380)) - 2e835111-926f-4ebf-9fdc-c8ae7690dcd1-SegmentedRaftLogWorker:Storage Directory /workdir/hadoop-ozone/integration-test/target/test-dir/MiniOzoneClusterImpl-23210f21-26b4-4673-833f-61feb255c217/datanode-1/data/ratis/43aee6ff-9e39-48fc-9d4b-fc606cc4f5b3: Starting segment from index:0
2019-08-29 08:59:35,927 [2e835111-926f-4ebf-9fdc-c8ae7690dcd1:group-FC606CC4F5B3:LeaderElection2] INFO  impl.RaftServerImpl (ServerState.java:setRaftConf(361)) - 2e835111-926f-4ebf-9fdc-c8ae7690dcd1:group-FC606CC4F5B3 set configuration 0: [2e835111-926f-4ebf-9fdc-c8ae7690dcd1:192.168.69.87:38883], old=null at 0
2019-08-29 08:59:35,973 | INFO  | SCMAudit | user=jenkins1000 | ip=192.168.69.87 | op=SEND_HEARTBEAT {datanodeUUID=6be14348-cf2d-4abb-94f1-e8c77b81db27, command=[]} | ret=SUCCESS |  
2019-08-29 08:59:35,992 [2e835111-926f-4ebf-9fdc-c8ae7690dcd1-SegmentedRaftLogWorker:Storage Directory /workdir/hadoop-ozone/integration-test/target/test-dir/MiniOzoneClusterImpl-23210f21-26b4-4673-833f-61feb255c217/datanode-1/data/ratis/43aee6ff-9e39-48fc-9d4b-fc606cc4f5b3] INFO  segmented.SegmentedRaftLogWorker (SegmentedRaftLogWorker.java:execute(569)) - 2e835111-926f-4ebf-9fdc-c8ae7690dcd1-SegmentedRaftLogWorker:Storage Directory /workdir/hadoop-ozone/integration-test/target/test-dir/MiniOzoneClusterImpl-23210f21-26b4-4673-833f-61feb255c217/datanode-1/data/ratis/43aee6ff-9e39-48fc-9d4b-fc606cc4f5b3: created new log segment /workdir/hadoop-ozone/integration-test/target/test-dir/MiniOzoneClusterImpl-23210f21-26b4-4673-833f-61feb255c217/datanode-1/data/ratis/43aee6ff-9e39-48fc-9d4b-fc606cc4f5b3/current/log_inprogress_0
2019-08-29 08:59:36,021 [Thread-246] INFO  impl.FollowerState (FollowerState.java:run(106)) - 591368fd-0e23-4e2a-b1d4-68a6dfc1d9a5:group-D379BB62F798 changes to CANDIDATE, lastRpcTime:5082, electionTimeout:5082ms
2019-08-29 08:59:36,022 [Thread-246] INFO  impl.RoleInfo (RoleInfo.java:shutdownFollowerState(121)) - 591368fd-0e23-4e2a-b1d4-68a6dfc1d9a5: shutdown FollowerState
2019-08-29 08:59:36,022 [Thread-246] INFO  impl.RaftServerImpl (RaftServerImpl.java:setRole(171)) - 591368fd-0e23-4e2a-b1d4-68a6dfc1d9a5:group-D379BB62F798 changes role from FOLLOWER to CANDIDATE at term 0 for changeToCandidate
2019-08-29 08:59:36,022 [Thread-246] INFO  impl.RoleInfo (RoleInfo.java:updateAndGet(143)) - 591368fd-0e23-4e2a-b1d4-68a6dfc1d9a5: start LeaderElection
2019-08-29 08:59:36,051 | INFO  | SCMAudit | user=jenkins1000 | ip=192.168.69.87 | op=SEND_HEARTBEAT {datanodeUUID=591368fd-0e23-4e2a-b1d4-68a6dfc1d9a5, command=[]} | ret=SUCCESS |  
2019-08-29 08:59:36,051 [591368fd-0e23-4e2a-b1d4-68a6dfc1d9a5:group-D379BB62F798:LeaderElection3] INFO  impl.LeaderElection (LeaderElection.java:askForVotes(181)) - 591368fd-0e23-4e2a-b1d4-68a6dfc1d9a5:group-D379BB62F798:LeaderElection3: begin an election at term 1 for -1: [591368fd-0e23-4e2a-b1d4-68a6dfc1d9a5:192.168.69.87:37589], old=null
2019-08-29 08:59:36,054 [591368fd-0e23-4e2a-b1d4-68a6dfc1d9a5:group-D379BB62F798:LeaderElection3] INFO  impl.RoleInfo (RoleInfo.java:shutdownLeaderElection(134)) - 591368fd-0e23-4e2a-b1d4-68a6dfc1d9a5: shutdown LeaderElection
2019-08-29 08:59:36,054 [591368fd-0e23-4e2a-b1d4-68a6dfc1d9a5:group-D379BB62F798:LeaderElection3] INFO  impl.RaftServerImpl (RaftServerImpl.java:setRole(171)) - 591368fd-0e23-4e2a-b1d4-68a6dfc1d9a5:group-D379BB62F798 changes role from CANDIDATE to LEADER at term 1 for changeToLeader
2019-08-29 08:59:36,054 [591368fd-0e23-4e2a-b1d4-68a6dfc1d9a5:group-D379BB62F798:LeaderElection3] INFO  impl.RaftServerImpl (ServerState.java:setLeader(263)) - 591368fd-0e23-4e2a-b1d4-68a6dfc1d9a5:group-D379BB62F798 change Leader from null to 591368fd-0e23-4e2a-b1d4-68a6dfc1d9a5 at term 1 for becomeLeader, leader elected after 5122ms
2019-08-29 08:59:36,055 [591368fd-0e23-4e2a-b1d4-68a6dfc1d9a5:group-D379BB62F798:LeaderElection3] INFO  server.RaftServerConfigKeys (ConfUtils.java:logGet(43)) - raft.server.staging.catchup.gap = 1000 (default)
2019-08-29 08:59:36,056 [591368fd-0e23-4e2a-b1d4-68a6dfc1d9a5:group-D379BB62F798:LeaderElection3] INFO  server.RaftServerConfigKeys (ConfUtils.java:logGet(43)) - raft.server.rpc.sleep.time = 25ms (default)
2019-08-29 08:59:36,056 [591368fd-0e23-4e2a-b1d4-68a6dfc1d9a5:group-D379BB62F798:LeaderElection3] INFO  server.RaftServerConfigKeys (ConfUtils.java:logGet(43)) - raft.server.write.element-limit = 4096 (default)
2019-08-29 08:59:36,056 [591368fd-0e23-4e2a-b1d4-68a6dfc1d9a5:group-D379BB62F798:LeaderElection3] INFO  server.RaftServerConfigKeys (ConfUtils.java:logGet(43)) - raft.server.watch.timeout = 10s (default)
2019-08-29 08:59:36,056 [591368fd-0e23-4e2a-b1d4-68a6dfc1d9a5:group-D379BB62F798:LeaderElection3] INFO  server.RaftServerConfigKeys (ConfUtils.java:logGet(43)) - raft.server.watch.timeout.denomination = 1s (default)
2019-08-29 08:59:36,056 [591368fd-0e23-4e2a-b1d4-68a6dfc1d9a5:group-D379BB62F798:LeaderElection3] INFO  server.RaftServerConfigKeys (ConfUtils.java:logGet(43)) - raft.server.watch.element-limit = 65536 (default)
2019-08-29 08:59:36,057 [591368fd-0e23-4e2a-b1d4-68a6dfc1d9a5:group-D379BB62F798:LeaderElection3] INFO  impl.RoleInfo (RoleInfo.java:updateAndGet(143)) - 591368fd-0e23-4e2a-b1d4-68a6dfc1d9a5: start LeaderState
2019-08-29 08:59:36,057 [591368fd-0e23-4e2a-b1d4-68a6dfc1d9a5:group-D379BB62F798:LeaderElection3] INFO  segmented.SegmentedRaftLogWorker (SegmentedRaftLogWorker.java:startLogSegment(380)) - 591368fd-0e23-4e2a-b1d4-68a6dfc1d9a5-SegmentedRaftLogWorker:Storage Directory /workdir/hadoop-ozone/integration-test/target/test-dir/MiniOzoneClusterImpl-23210f21-26b4-4673-833f-61feb255c217/datanode-6/data/ratis/39f568a1-6865-44c6-99a5-d379bb62f798: Starting segment from index:0
2019-08-29 08:59:36,058 [591368fd-0e23-4e2a-b1d4-68a6dfc1d9a5:group-D379BB62F798:LeaderElection3] INFO  impl.RaftServerImpl (ServerState.java:setRaftConf(361)) - 591368fd-0e23-4e2a-b1d4-68a6dfc1d9a5:group-D379BB62F798 set configuration 0: [591368fd-0e23-4e2a-b1d4-68a6dfc1d9a5:192.168.69.87:37589], old=null at 0
2019-08-29 08:59:36,110 [591368fd-0e23-4e2a-b1d4-68a6dfc1d9a5-SegmentedRaftLogWorker:Storage Directory /workdir/hadoop-ozone/integration-test/target/test-dir/MiniOzoneClusterImpl-23210f21-26b4-4673-833f-61feb255c217/datanode-6/data/ratis/39f568a1-6865-44c6-99a5-d379bb62f798] INFO  segmented.SegmentedRaftLogWorker (SegmentedRaftLogWorker.java:execute(569)) - 591368fd-0e23-4e2a-b1d4-68a6dfc1d9a5-SegmentedRaftLogWorker:Storage Directory /workdir/hadoop-ozone/integration-test/target/test-dir/MiniOzoneClusterImpl-23210f21-26b4-4673-833f-61feb255c217/datanode-6/data/ratis/39f568a1-6865-44c6-99a5-d379bb62f798: created new log segment /workdir/hadoop-ozone/integration-test/target/test-dir/MiniOzoneClusterImpl-23210f21-26b4-4673-833f-61feb255c217/datanode-6/data/ratis/39f568a1-6865-44c6-99a5-d379bb62f798/current/log_inprogress_0
2019-08-29 08:59:36,156 [Thread-249] INFO  impl.FollowerState (FollowerState.java:run(106)) - ff00a4c4-a8e1-4318-a8ca-04f99219f100:group-8624CF351A48 changes to CANDIDATE, lastRpcTime:5088, electionTimeout:5088ms
2019-08-29 08:59:36,156 [Thread-249] INFO  impl.RoleInfo (RoleInfo.java:shutdownFollowerState(121)) - ff00a4c4-a8e1-4318-a8ca-04f99219f100: shutdown FollowerState
2019-08-29 08:59:36,157 [Thread-249] INFO  impl.RaftServerImpl (RaftServerImpl.java:setRole(171)) - ff00a4c4-a8e1-4318-a8ca-04f99219f100:group-8624CF351A48 changes role from FOLLOWER to CANDIDATE at term 0 for changeToCandidate
2019-08-29 08:59:36,157 [Thread-249] INFO  impl.RoleInfo (RoleInfo.java:updateAndGet(143)) - ff00a4c4-a8e1-4318-a8ca-04f99219f100: start LeaderElection
2019-08-29 08:59:36,226 [ff00a4c4-a8e1-4318-a8ca-04f99219f100:group-8624CF351A48:LeaderElection4] INFO  impl.LeaderElection (LeaderElection.java:askForVotes(181)) - ff00a4c4-a8e1-4318-a8ca-04f99219f100:group-8624CF351A48:LeaderElection4: begin an election at term 1 for -1: [ff00a4c4-a8e1-4318-a8ca-04f99219f100:192.168.69.87:41640], old=null
2019-08-29 08:59:36,229 [ff00a4c4-a8e1-4318-a8ca-04f99219f100:group-8624CF351A48:LeaderElection4] INFO  impl.RoleInfo (RoleInfo.java:shutdownLeaderElection(134)) - ff00a4c4-a8e1-4318-a8ca-04f99219f100: shutdown LeaderElection
2019-08-29 08:59:36,229 [ff00a4c4-a8e1-4318-a8ca-04f99219f100:group-8624CF351A48:LeaderElection4] INFO  impl.RaftServerImpl (RaftServerImpl.java:setRole(171)) - ff00a4c4-a8e1-4318-a8ca-04f99219f100:group-8624CF351A48 changes role from CANDIDATE to LEADER at term 1 for changeToLeader
2019-08-29 08:59:36,229 [ff00a4c4-a8e1-4318-a8ca-04f99219f100:group-8624CF351A48:LeaderElection4] INFO  impl.RaftServerImpl (ServerState.java:setLeader(263)) - ff00a4c4-a8e1-4318-a8ca-04f99219f100:group-8624CF351A48 change Leader from null to ff00a4c4-a8e1-4318-a8ca-04f99219f100 at term 1 for becomeLeader, leader elected after 5166ms
2019-08-29 08:59:36,231 [ff00a4c4-a8e1-4318-a8ca-04f99219f100:group-8624CF351A48:LeaderElection4] INFO  server.RaftServerConfigKeys (ConfUtils.java:logGet(43)) - raft.server.staging.catchup.gap = 1000 (default)
2019-08-29 08:59:36,232 [ff00a4c4-a8e1-4318-a8ca-04f99219f100:group-8624CF351A48:LeaderElection4] INFO  server.RaftServerConfigKeys (ConfUtils.java:logGet(43)) - raft.server.rpc.sleep.time = 25ms (default)
2019-08-29 08:59:36,232 [ff00a4c4-a8e1-4318-a8ca-04f99219f100:group-8624CF351A48:LeaderElection4] INFO  server.RaftServerConfigKeys (ConfUtils.java:logGet(43)) - raft.server.write.element-limit = 4096 (default)
2019-08-29 08:59:36,232 [ff00a4c4-a8e1-4318-a8ca-04f99219f100:group-8624CF351A48:LeaderElection4] INFO  server.RaftServerConfigKeys (ConfUtils.java:logGet(43)) - raft.server.watch.timeout = 10s (default)
2019-08-29 08:59:36,232 [ff00a4c4-a8e1-4318-a8ca-04f99219f100:group-8624CF351A48:LeaderElection4] INFO  server.RaftServerConfigKeys (ConfUtils.java:logGet(43)) - raft.server.watch.timeout.denomination = 1s (default)
2019-08-29 08:59:36,232 [ff00a4c4-a8e1-4318-a8ca-04f99219f100:group-8624CF351A48:LeaderElection4] INFO  server.RaftServerConfigKeys (ConfUtils.java:logGet(43)) - raft.server.watch.element-limit = 65536 (default)
2019-08-29 08:59:36,233 [ff00a4c4-a8e1-4318-a8ca-04f99219f100:group-8624CF351A48:LeaderElection4] INFO  impl.RoleInfo (RoleInfo.java:updateAndGet(143)) - ff00a4c4-a8e1-4318-a8ca-04f99219f100: start LeaderState
2019-08-29 08:59:36,233 [ff00a4c4-a8e1-4318-a8ca-04f99219f100:group-8624CF351A48:LeaderElection4] INFO  segmented.SegmentedRaftLogWorker (SegmentedRaftLogWorker.java:startLogSegment(380)) - ff00a4c4-a8e1-4318-a8ca-04f99219f100-SegmentedRaftLogWorker:Storage Directory /workdir/hadoop-ozone/integration-test/target/test-dir/MiniOzoneClusterImpl-23210f21-26b4-4673-833f-61feb255c217/datanode-4/data/ratis/dbd23112-f712-47c7-81f0-8624cf351a48: Starting segment from index:0
2019-08-29 08:59:36,234 [ff00a4c4-a8e1-4318-a8ca-04f99219f100:group-8624CF351A48:LeaderElection4] INFO  impl.RaftServerImpl (ServerState.java:setRaftConf(361)) - ff00a4c4-a8e1-4318-a8ca-04f99219f100:group-8624CF351A48 set configuration 0: [ff00a4c4-a8e1-4318-a8ca-04f99219f100:192.168.69.87:41640], old=null at 0
2019-08-29 08:59:36,288 [Thread-253] INFO  impl.FollowerState (FollowerState.java:run(106)) - 8c7a60c7-f0e0-4151-b0ba-03bf13d5dd84:group-2A7DA628B955 changes to CANDIDATE, lastRpcTime:5038, electionTimeout:5038ms
2019-08-29 08:59:36,288 [Thread-253] INFO  impl.RoleInfo (RoleInfo.java:shutdownFollowerState(121)) - 8c7a60c7-f0e0-4151-b0ba-03bf13d5dd84: shutdown FollowerState
2019-08-29 08:59:36,288 [Thread-253] INFO  impl.RaftServerImpl (RaftServerImpl.java:setRole(171)) - 8c7a60c7-f0e0-4151-b0ba-03bf13d5dd84:group-2A7DA628B955 changes role from FOLLOWER to CANDIDATE at term 0 for changeToCandidate
2019-08-29 08:59:36,288 [Thread-253] INFO  impl.RoleInfo (RoleInfo.java:updateAndGet(143)) - 8c7a60c7-f0e0-4151-b0ba-03bf13d5dd84: start LeaderElection
2019-08-29 08:59:36,302 [ff00a4c4-a8e1-4318-a8ca-04f99219f100-SegmentedRaftLogWorker:Storage Directory /workdir/hadoop-ozone/integration-test/target/test-dir/MiniOzoneClusterImpl-23210f21-26b4-4673-833f-61feb255c217/datanode-4/data/ratis/dbd23112-f712-47c7-81f0-8624cf351a48] INFO  segmented.SegmentedRaftLogWorker (SegmentedRaftLogWorker.java:execute(569)) - ff00a4c4-a8e1-4318-a8ca-04f99219f100-SegmentedRaftLogWorker:Storage Directory /workdir/hadoop-ozone/integration-test/target/test-dir/MiniOzoneClusterImpl-23210f21-26b4-4673-833f-61feb255c217/datanode-4/data/ratis/dbd23112-f712-47c7-81f0-8624cf351a48: created new log segment /workdir/hadoop-ozone/integration-test/target/test-dir/MiniOzoneClusterImpl-23210f21-26b4-4673-833f-61feb255c217/datanode-4/data/ratis/dbd23112-f712-47c7-81f0-8624cf351a48/current/log_inprogress_0
2019-08-29 08:59:36,319 [8c7a60c7-f0e0-4151-b0ba-03bf13d5dd84:group-2A7DA628B955:LeaderElection5] INFO  impl.LeaderElection (LeaderElection.java:askForVotes(181)) - 8c7a60c7-f0e0-4151-b0ba-03bf13d5dd84:group-2A7DA628B955:LeaderElection5: begin an election at term 1 for -1: [8c7a60c7-f0e0-4151-b0ba-03bf13d5dd84:192.168.69.87:34562], old=null
2019-08-29 08:59:36,320 [8c7a60c7-f0e0-4151-b0ba-03bf13d5dd84:group-2A7DA628B955:LeaderElection5] INFO  impl.RoleInfo (RoleInfo.java:shutdownLeaderElection(134)) - 8c7a60c7-f0e0-4151-b0ba-03bf13d5dd84: shutdown LeaderElection
2019-08-29 08:59:36,320 [8c7a60c7-f0e0-4151-b0ba-03bf13d5dd84:group-2A7DA628B955:LeaderElection5] INFO  impl.RaftServerImpl (RaftServerImpl.java:setRole(171)) - 8c7a60c7-f0e0-4151-b0ba-03bf13d5dd84:group-2A7DA628B955 changes role from CANDIDATE to LEADER at term 1 for changeToLeader
2019-08-29 08:59:36,320 [8c7a60c7-f0e0-4151-b0ba-03bf13d5dd84:group-2A7DA628B955:LeaderElection5] INFO  impl.RaftServerImpl (ServerState.java:setLeader(263)) - 8c7a60c7-f0e0-4151-b0ba-03bf13d5dd84:group-2A7DA628B955 change Leader from null to 8c7a60c7-f0e0-4151-b0ba-03bf13d5dd84 at term 1 for becomeLeader, leader elected after 5076ms
2019-08-29 08:59:36,322 [8c7a60c7-f0e0-4151-b0ba-03bf13d5dd84:group-2A7DA628B955:LeaderElection5] INFO  server.RaftServerConfigKeys (ConfUtils.java:logGet(43)) - raft.server.staging.catchup.gap = 1000 (default)
2019-08-29 08:59:36,322 [8c7a60c7-f0e0-4151-b0ba-03bf13d5dd84:group-2A7DA628B955:LeaderElection5] INFO  server.RaftServerConfigKeys (ConfUtils.java:logGet(43)) - raft.server.rpc.sleep.time = 25ms (default)
2019-08-29 08:59:36,323 [8c7a60c7-f0e0-4151-b0ba-03bf13d5dd84:group-2A7DA628B955:LeaderElection5] INFO  server.RaftServerConfigKeys (ConfUtils.java:logGet(43)) - raft.server.write.element-limit = 4096 (default)
2019-08-29 08:59:36,323 [8c7a60c7-f0e0-4151-b0ba-03bf13d5dd84:group-2A7DA628B955:LeaderElection5] INFO  server.RaftServerConfigKeys (ConfUtils.java:logGet(43)) - raft.server.watch.timeout = 10s (default)
2019-08-29 08:59:36,323 [8c7a60c7-f0e0-4151-b0ba-03bf13d5dd84:group-2A7DA628B955:LeaderElection5] INFO  server.RaftServerConfigKeys (ConfUtils.java:logGet(43)) - raft.server.watch.timeout.denomination = 1s (default)
2019-08-29 08:59:36,323 [8c7a60c7-f0e0-4151-b0ba-03bf13d5dd84:group-2A7DA628B955:LeaderElection5] INFO  server.RaftServerConfigKeys (ConfUtils.java:logGet(43)) - raft.server.watch.element-limit = 65536 (default)
2019-08-29 08:59:36,323 [8c7a60c7-f0e0-4151-b0ba-03bf13d5dd84:group-2A7DA628B955:LeaderElection5] INFO  impl.RoleInfo (RoleInfo.java:updateAndGet(143)) - 8c7a60c7-f0e0-4151-b0ba-03bf13d5dd84: start LeaderState
2019-08-29 08:59:36,324 [8c7a60c7-f0e0-4151-b0ba-03bf13d5dd84:group-2A7DA628B955:LeaderElection5] INFO  segmented.SegmentedRaftLogWorker (SegmentedRaftLogWorker.java:startLogSegment(380)) - 8c7a60c7-f0e0-4151-b0ba-03bf13d5dd84-SegmentedRaftLogWorker:Storage Directory /workdir/hadoop-ozone/integration-test/target/test-dir/MiniOzoneClusterImpl-23210f21-26b4-4673-833f-61feb255c217/datanode-3/data/ratis/24db94ab-14f9-48be-8963-2a7da628b955: Starting segment from index:0
2019-08-29 08:59:36,324 [8c7a60c7-f0e0-4151-b0ba-03bf13d5dd84:group-2A7DA628B955:LeaderElection5] INFO  impl.RaftServerImpl (ServerState.java:setRaftConf(361)) - 8c7a60c7-f0e0-4151-b0ba-03bf13d5dd84:group-2A7DA628B955 set configuration 0: [8c7a60c7-f0e0-4151-b0ba-03bf13d5dd84:192.168.69.87:34562], old=null at 0
2019-08-29 08:59:36,379 [8c7a60c7-f0e0-4151-b0ba-03bf13d5dd84-SegmentedRaftLogWorker:Storage Directory /workdir/hadoop-ozone/integration-test/target/test-dir/MiniOzoneClusterImpl-23210f21-26b4-4673-833f-61feb255c217/datanode-3/data/ratis/24db94ab-14f9-48be-8963-2a7da628b955] INFO  segmented.SegmentedRaftLogWorker (SegmentedRaftLogWorker.java:execute(569)) - 8c7a60c7-f0e0-4151-b0ba-03bf13d5dd84-SegmentedRaftLogWorker:Storage Directory /workdir/hadoop-ozone/integration-test/target/test-dir/MiniOzoneClusterImpl-23210f21-26b4-4673-833f-61feb255c217/datanode-3/data/ratis/24db94ab-14f9-48be-8963-2a7da628b955: created new log segment /workdir/hadoop-ozone/integration-test/target/test-dir/MiniOzoneClusterImpl-23210f21-26b4-4673-833f-61feb255c217/datanode-3/data/ratis/24db94ab-14f9-48be-8963-2a7da628b955/current/log_inprogress_0
2019-08-29 08:59:36,519 [Thread-261] INFO  impl.FollowerState (FollowerState.java:run(106)) - 6be14348-cf2d-4abb-94f1-e8c77b81db27:group-5D416124E70D changes to CANDIDATE, lastRpcTime:5006, electionTimeout:5006ms
2019-08-29 08:59:36,519 [Thread-261] INFO  impl.RoleInfo (RoleInfo.java:shutdownFollowerState(121)) - 6be14348-cf2d-4abb-94f1-e8c77b81db27: shutdown FollowerState
2019-08-29 08:59:36,520 [Thread-261] INFO  impl.RaftServerImpl (RaftServerImpl.java:setRole(171)) - 6be14348-cf2d-4abb-94f1-e8c77b81db27:group-5D416124E70D changes role from FOLLOWER to CANDIDATE at term 0 for changeToCandidate
2019-08-29 08:59:36,520 [Thread-261] INFO  impl.RoleInfo (RoleInfo.java:updateAndGet(143)) - 6be14348-cf2d-4abb-94f1-e8c77b81db27: start LeaderElection
2019-08-29 08:59:36,555 [Thread-256] INFO  impl.FollowerState (FollowerState.java:run(106)) - e7e7da8c-f939-4fb3-bc52-3a5bf046eb23:group-28D0C83DCA8E changes to CANDIDATE, lastRpcTime:5181, electionTimeout:5181ms
2019-08-29 08:59:36,558 [Thread-256] INFO  impl.RoleInfo (RoleInfo.java:shutdownFollowerState(121)) - e7e7da8c-f939-4fb3-bc52-3a5bf046eb23: shutdown FollowerState
2019-08-29 08:59:36,559 [Thread-256] INFO  impl.RaftServerImpl (RaftServerImpl.java:setRole(171)) - e7e7da8c-f939-4fb3-bc52-3a5bf046eb23:group-28D0C83DCA8E changes role from FOLLOWER to CANDIDATE at term 0 for changeToCandidate
2019-08-29 08:59:36,559 [Thread-256] INFO  impl.RoleInfo (RoleInfo.java:updateAndGet(143)) - e7e7da8c-f939-4fb3-bc52-3a5bf046eb23: start LeaderElection
2019-08-29 08:59:36,569 | INFO  | SCMAudit | user=jenkins1000 | ip=192.168.69.87 | op=SEND_HEARTBEAT {datanodeUUID=6fa28f14-8f40-4547-905f-1fc4e9e7d51e, command=[]} | ret=SUCCESS |  
2019-08-29 08:59:36,589 [6be14348-cf2d-4abb-94f1-e8c77b81db27:group-5D416124E70D:LeaderElection6] INFO  impl.LeaderElection (LeaderElection.java:askForVotes(181)) - 6be14348-cf2d-4abb-94f1-e8c77b81db27:group-5D416124E70D:LeaderElection6: begin an election at term 1 for -1: [6be14348-cf2d-4abb-94f1-e8c77b81db27:192.168.69.87:35157], old=null
2019-08-29 08:59:36,589 [e7e7da8c-f939-4fb3-bc52-3a5bf046eb23:group-28D0C83DCA8E:LeaderElection7] INFO  impl.LeaderElection (LeaderElection.java:askForVotes(181)) - e7e7da8c-f939-4fb3-bc52-3a5bf046eb23:group-28D0C83DCA8E:LeaderElection7: begin an election at term 1 for -1: [e7e7da8c-f939-4fb3-bc52-3a5bf046eb23:192.168.69.87:34945], old=null
2019-08-29 08:59:36,589 [6be14348-cf2d-4abb-94f1-e8c77b81db27:group-5D416124E70D:LeaderElection6] INFO  impl.RoleInfo (RoleInfo.java:shutdownLeaderElection(134)) - 6be14348-cf2d-4abb-94f1-e8c77b81db27: shutdown LeaderElection
2019-08-29 08:59:36,589 [e7e7da8c-f939-4fb3-bc52-3a5bf046eb23:group-28D0C83DCA8E:LeaderElection7] INFO  impl.RoleInfo (RoleInfo.java:shutdownLeaderElection(134)) - e7e7da8c-f939-4fb3-bc52-3a5bf046eb23: shutdown LeaderElection
2019-08-29 08:59:36,589 [6be14348-cf2d-4abb-94f1-e8c77b81db27:group-5D416124E70D:LeaderElection6] INFO  impl.RaftServerImpl (RaftServerImpl.java:setRole(171)) - 6be14348-cf2d-4abb-94f1-e8c77b81db27:group-5D416124E70D changes role from CANDIDATE to LEADER at term 1 for changeToLeader
2019-08-29 08:59:36,589 [e7e7da8c-f939-4fb3-bc52-3a5bf046eb23:group-28D0C83DCA8E:LeaderElection7] INFO  impl.RaftServerImpl (RaftServerImpl.java:setRole(171)) - e7e7da8c-f939-4fb3-bc52-3a5bf046eb23:group-28D0C83DCA8E changes role from CANDIDATE to LEADER at term 1 for changeToLeader
2019-08-29 08:59:36,589 [6be14348-cf2d-4abb-94f1-e8c77b81db27:group-5D416124E70D:LeaderElection6] INFO  impl.RaftServerImpl (ServerState.java:setLeader(263)) - 6be14348-cf2d-4abb-94f1-e8c77b81db27:group-5D416124E70D change Leader from null to 6be14348-cf2d-4abb-94f1-e8c77b81db27 at term 1 for becomeLeader, leader elected after 5085ms
2019-08-29 08:59:36,589 [e7e7da8c-f939-4fb3-bc52-3a5bf046eb23:group-28D0C83DCA8E:LeaderElection7] INFO  impl.RaftServerImpl (ServerState.java:setLeader(263)) - e7e7da8c-f939-4fb3-bc52-3a5bf046eb23:group-28D0C83DCA8E change Leader from null to e7e7da8c-f939-4fb3-bc52-3a5bf046eb23 at term 1 for becomeLeader, leader elected after 5221ms
2019-08-29 08:59:36,591 [6be14348-cf2d-4abb-94f1-e8c77b81db27:group-5D416124E70D:LeaderElection6] INFO  server.RaftServerConfigKeys (ConfUtils.java:logGet(43)) - raft.server.staging.catchup.gap = 1000 (default)
2019-08-29 08:59:36,592 [e7e7da8c-f939-4fb3-bc52-3a5bf046eb23:group-28D0C83DCA8E:LeaderElection7] INFO  server.RaftServerConfigKeys (ConfUtils.java:logGet(43)) - raft.server.staging.catchup.gap = 1000 (default)
2019-08-29 08:59:36,593 [6be14348-cf2d-4abb-94f1-e8c77b81db27:group-5D416124E70D:LeaderElection6] INFO  server.RaftServerConfigKeys (ConfUtils.java:logGet(43)) - raft.server.rpc.sleep.time = 25ms (default)
2019-08-29 08:59:36,593 [e7e7da8c-f939-4fb3-bc52-3a5bf046eb23:group-28D0C83DCA8E:LeaderElection7] INFO  server.RaftServerConfigKeys (ConfUtils.java:logGet(43)) - raft.server.rpc.sleep.time = 25ms (default)
2019-08-29 08:59:36,593 [6be14348-cf2d-4abb-94f1-e8c77b81db27:group-5D416124E70D:LeaderElection6] INFO  server.RaftServerConfigKeys (ConfUtils.java:logGet(43)) - raft.server.write.element-limit = 4096 (default)
2019-08-29 08:59:36,593 [e7e7da8c-f939-4fb3-bc52-3a5bf046eb23:group-28D0C83DCA8E:LeaderElection7] INFO  server.RaftServerConfigKeys (ConfUtils.java:logGet(43)) - raft.server.write.element-limit = 4096 (default)
2019-08-29 08:59:36,593 [6be14348-cf2d-4abb-94f1-e8c77b81db27:group-5D416124E70D:LeaderElection6] INFO  server.RaftServerConfigKeys (ConfUtils.java:logGet(43)) - raft.server.watch.timeout = 10s (default)
2019-08-29 08:59:36,593 [e7e7da8c-f939-4fb3-bc52-3a5bf046eb23:group-28D0C83DCA8E:LeaderElection7] INFO  server.RaftServerConfigKeys (ConfUtils.java:logGet(43)) - raft.server.watch.timeout = 10s (default)
2019-08-29 08:59:36,593 [6be14348-cf2d-4abb-94f1-e8c77b81db27:group-5D416124E70D:LeaderElection6] INFO  server.RaftServerConfigKeys (ConfUtils.java:logGet(43)) - raft.server.watch.timeout.denomination = 1s (default)
2019-08-29 08:59:36,593 [e7e7da8c-f939-4fb3-bc52-3a5bf046eb23:group-28D0C83DCA8E:LeaderElection7] INFO  server.RaftServerConfigKeys (ConfUtils.java:logGet(43)) - raft.server.watch.timeout.denomination = 1s (default)
2019-08-29 08:59:36,594 [6be14348-cf2d-4abb-94f1-e8c77b81db27:group-5D416124E70D:LeaderElection6] INFO  server.RaftServerConfigKeys (ConfUtils.java:logGet(43)) - raft.server.watch.element-limit = 65536 (default)
2019-08-29 08:59:36,594 [e7e7da8c-f939-4fb3-bc52-3a5bf046eb23:group-28D0C83DCA8E:LeaderElection7] INFO  server.RaftServerConfigKeys (ConfUtils.java:logGet(43)) - raft.server.watch.element-limit = 65536 (default)
2019-08-29 08:59:36,594 [6be14348-cf2d-4abb-94f1-e8c77b81db27:group-5D416124E70D:LeaderElection6] INFO  impl.RoleInfo (RoleInfo.java:updateAndGet(143)) - 6be14348-cf2d-4abb-94f1-e8c77b81db27: start LeaderState
2019-08-29 08:59:36,594 [e7e7da8c-f939-4fb3-bc52-3a5bf046eb23:group-28D0C83DCA8E:LeaderElection7] INFO  impl.RoleInfo (RoleInfo.java:updateAndGet(143)) - e7e7da8c-f939-4fb3-bc52-3a5bf046eb23: start LeaderState
2019-08-29 08:59:36,594 [6be14348-cf2d-4abb-94f1-e8c77b81db27:group-5D416124E70D:LeaderElection6] INFO  segmented.SegmentedRaftLogWorker (SegmentedRaftLogWorker.java:startLogSegment(380)) - 6be14348-cf2d-4abb-94f1-e8c77b81db27-SegmentedRaftLogWorker:Storage Directory /workdir/hadoop-ozone/integration-test/target/test-dir/MiniOzoneClusterImpl-23210f21-26b4-4673-833f-61feb255c217/datanode-5/data/ratis/fd638a81-606f-4675-abc2-5d416124e70d: Starting segment from index:0
2019-08-29 08:59:36,594 [e7e7da8c-f939-4fb3-bc52-3a5bf046eb23:group-28D0C83DCA8E:LeaderElection7] INFO  segmented.SegmentedRaftLogWorker (SegmentedRaftLogWorker.java:startLogSegment(380)) - e7e7da8c-f939-4fb3-bc52-3a5bf046eb23-SegmentedRaftLogWorker:Storage Directory /workdir/hadoop-ozone/integration-test/target/test-dir/MiniOzoneClusterImpl-23210f21-26b4-4673-833f-61feb255c217/datanode-2/data/ratis/69468dec-2655-4b0f-9b8b-28d0c83dca8e: Starting segment from index:0
2019-08-29 08:59:36,595 [6be14348-cf2d-4abb-94f1-e8c77b81db27:group-5D416124E70D:LeaderElection6] INFO  impl.RaftServerImpl (ServerState.java:setRaftConf(361)) - 6be14348-cf2d-4abb-94f1-e8c77b81db27:group-5D416124E70D set configuration 0: [6be14348-cf2d-4abb-94f1-e8c77b81db27:192.168.69.87:35157], old=null at 0
2019-08-29 08:59:36,629 [e7e7da8c-f939-4fb3-bc52-3a5bf046eb23:group-28D0C83DCA8E:LeaderElection7] INFO  impl.RaftServerImpl (ServerState.java:setRaftConf(361)) - e7e7da8c-f939-4fb3-bc52-3a5bf046eb23:group-28D0C83DCA8E set configuration 0: [e7e7da8c-f939-4fb3-bc52-3a5bf046eb23:192.168.69.87:34945], old=null at 0
2019-08-29 08:59:36,657 [6be14348-cf2d-4abb-94f1-e8c77b81db27-SegmentedRaftLogWorker:Storage Directory /workdir/hadoop-ozone/integration-test/target/test-dir/MiniOzoneClusterImpl-23210f21-26b4-4673-833f-61feb255c217/datanode-5/data/ratis/fd638a81-606f-4675-abc2-5d416124e70d] INFO  segmented.SegmentedRaftLogWorker (SegmentedRaftLogWorker.java:execute(569)) - 6be14348-cf2d-4abb-94f1-e8c77b81db27-SegmentedRaftLogWorker:Storage Directory /workdir/hadoop-ozone/integration-test/target/test-dir/MiniOzoneClusterImpl-23210f21-26b4-4673-833f-61feb255c217/datanode-5/data/ratis/fd638a81-606f-4675-abc2-5d416124e70d: created new log segment /workdir/hadoop-ozone/integration-test/target/test-dir/MiniOzoneClusterImpl-23210f21-26b4-4673-833f-61feb255c217/datanode-5/data/ratis/fd638a81-606f-4675-abc2-5d416124e70d/current/log_inprogress_0
2019-08-29 08:59:36,664 | INFO  | SCMAudit | user=jenkins1000 | ip=192.168.69.87 | op=SEND_HEARTBEAT {datanodeUUID=2e835111-926f-4ebf-9fdc-c8ae7690dcd1, command=[]} | ret=SUCCESS |  
2019-08-29 08:59:36,683 [grpc-default-executor-0] INFO  client.GrpcClientProtocolClient (GrpcClientProtocolClient.java:onNext(255)) - client-5A4EA94FE93C->e7e7da8c-f939-4fb3-bc52-3a5bf046eb23: receive RaftClientReply:client-5A4EA94FE93C->e7e7da8c-f939-4fb3-bc52-3a5bf046eb23@group-78E57C937A0A, cid=13, FAILED org.apache.ratis.protocol.NotLeaderException: Server e7e7da8c-f939-4fb3-bc52-3a5bf046eb23 is not the leader (null). Request must be sent to leader., logIndex=0, commits[e7e7da8c-f939-4fb3-bc52-3a5bf046eb23:c-1]
2019-08-29 08:59:36,707 [e7e7da8c-f939-4fb3-bc52-3a5bf046eb23-SegmentedRaftLogWorker:Storage Directory /workdir/hadoop-ozone/integration-test/target/test-dir/MiniOzoneClusterImpl-23210f21-26b4-4673-833f-61feb255c217/datanode-2/data/ratis/69468dec-2655-4b0f-9b8b-28d0c83dca8e] INFO  segmented.SegmentedRaftLogWorker (SegmentedRaftLogWorker.java:execute(569)) - e7e7da8c-f939-4fb3-bc52-3a5bf046eb23-SegmentedRaftLogWorker:Storage Directory /workdir/hadoop-ozone/integration-test/target/test-dir/MiniOzoneClusterImpl-23210f21-26b4-4673-833f-61feb255c217/datanode-2/data/ratis/69468dec-2655-4b0f-9b8b-28d0c83dca8e: created new log segment /workdir/hadoop-ozone/integration-test/target/test-dir/MiniOzoneClusterImpl-23210f21-26b4-4673-833f-61feb255c217/datanode-2/data/ratis/69468dec-2655-4b0f-9b8b-28d0c83dca8e/current/log_inprogress_0
2019-08-29 08:59:36,748 | INFO  | SCMAudit | user=jenkins1000 | ip=192.168.69.87 | op=SEND_HEARTBEAT {datanodeUUID=e7e7da8c-f939-4fb3-bc52-3a5bf046eb23, command=[]} | ret=SUCCESS |  
2019-08-29 08:59:36,798 [Thread-268] INFO  impl.FollowerState (FollowerState.java:run(106)) - 2e835111-926f-4ebf-9fdc-c8ae7690dcd1:group-9512E3222F2A changes to CANDIDATE, lastRpcTime:5042, electionTimeout:5042ms
2019-08-29 08:59:36,801 [Thread-268] INFO  impl.RoleInfo (RoleInfo.java:shutdownFollowerState(121)) - 2e835111-926f-4ebf-9fdc-c8ae7690dcd1: shutdown FollowerState
2019-08-29 08:59:36,801 [Thread-268] INFO  impl.RaftServerImpl (RaftServerImpl.java:setRole(171)) - 2e835111-926f-4ebf-9fdc-c8ae7690dcd1:group-9512E3222F2A changes role from FOLLOWER to CANDIDATE at term 0 for changeToCandidate
2019-08-29 08:59:36,802 [Thread-268] INFO  impl.RoleInfo (RoleInfo.java:updateAndGet(143)) - 2e835111-926f-4ebf-9fdc-c8ae7690dcd1: start LeaderElection
2019-08-29 08:59:36,810 [Thread-269] INFO  impl.FollowerState (FollowerState.java:run(106)) - 6fa28f14-8f40-4547-905f-1fc4e9e7d51e:group-9512E3222F2A changes to CANDIDATE, lastRpcTime:5054, electionTimeout:5047ms
2019-08-29 08:59:36,812 [Thread-269] INFO  impl.RoleInfo (RoleInfo.java:shutdownFollowerState(121)) - 6fa28f14-8f40-4547-905f-1fc4e9e7d51e: shutdown FollowerState
2019-08-29 08:59:36,812 [Thread-269] INFO  impl.RaftServerImpl (RaftServerImpl.java:setRole(171)) - 6fa28f14-8f40-4547-905f-1fc4e9e7d51e:group-9512E3222F2A changes role from FOLLOWER to CANDIDATE at term 0 for changeToCandidate
2019-08-29 08:59:36,812 [Thread-269] INFO  impl.RoleInfo (RoleInfo.java:updateAndGet(143)) - 6fa28f14-8f40-4547-905f-1fc4e9e7d51e: start LeaderElection
2019-08-29 08:59:36,825 | INFO  | SCMAudit | user=jenkins1000 | ip=192.168.69.87 | op=SEND_HEARTBEAT {datanodeUUID=8c7a60c7-f0e0-4151-b0ba-03bf13d5dd84, command=[]} | ret=SUCCESS |  
2019-08-29 08:59:36,846 [6fa28f14-8f40-4547-905f-1fc4e9e7d51e:group-9512E3222F2A:LeaderElection9] INFO  impl.LeaderElection (LeaderElection.java:askForVotes(181)) - 6fa28f14-8f40-4547-905f-1fc4e9e7d51e:group-9512E3222F2A:LeaderElection9: begin an election at term 1 for -1: [6fa28f14-8f40-4547-905f-1fc4e9e7d51e:192.168.69.87:38879, 2e835111-926f-4ebf-9fdc-c8ae7690dcd1:192.168.69.87:38883, 591368fd-0e23-4e2a-b1d4-68a6dfc1d9a5:192.168.69.87:37589], old=null
2019-08-29 08:59:36,846 [2e835111-926f-4ebf-9fdc-c8ae7690dcd1:group-9512E3222F2A:LeaderElection8] INFO  impl.LeaderElection (LeaderElection.java:askForVotes(181)) - 2e835111-926f-4ebf-9fdc-c8ae7690dcd1:group-9512E3222F2A:LeaderElection8: begin an election at term 1 for -1: [6fa28f14-8f40-4547-905f-1fc4e9e7d51e:192.168.69.87:38879, 2e835111-926f-4ebf-9fdc-c8ae7690dcd1:192.168.69.87:38883, 591368fd-0e23-4e2a-b1d4-68a6dfc1d9a5:192.168.69.87:37589], old=null
2019-08-29 08:59:36,886 [Thread-264] INFO  impl.FollowerState (FollowerState.java:run(106)) - 591368fd-0e23-4e2a-b1d4-68a6dfc1d9a5:group-9512E3222F2A changes to CANDIDATE, lastRpcTime:5136, electionTimeout:5131ms
2019-08-29 08:59:36,887 [Thread-264] INFO  impl.RoleInfo (RoleInfo.java:shutdownFollowerState(121)) - 591368fd-0e23-4e2a-b1d4-68a6dfc1d9a5: shutdown FollowerState
2019-08-29 08:59:36,887 [Thread-264] INFO  impl.RaftServerImpl (RaftServerImpl.java:setRole(171)) - 591368fd-0e23-4e2a-b1d4-68a6dfc1d9a5:group-9512E3222F2A changes role from FOLLOWER to CANDIDATE at term 0 for changeToCandidate
2019-08-29 08:59:36,887 [Thread-264] INFO  impl.RoleInfo (RoleInfo.java:updateAndGet(143)) - 591368fd-0e23-4e2a-b1d4-68a6dfc1d9a5: start LeaderElection
2019-08-29 08:59:36,892 [grpc-default-executor-0] INFO  impl.RaftServerImpl (RaftServerImpl.java:setRole(171)) - 591368fd-0e23-4e2a-b1d4-68a6dfc1d9a5:group-9512E3222F2A changes role from CANDIDATE to FOLLOWER at term 1 for recognizeCandidate:2e835111-926f-4ebf-9fdc-c8ae7690dcd1
2019-08-29 08:59:36,892 [grpc-default-executor-0] INFO  impl.RoleInfo (RoleInfo.java:shutdownLeaderElection(134)) - 591368fd-0e23-4e2a-b1d4-68a6dfc1d9a5: shutdown LeaderElection
2019-08-29 08:59:36,893 [grpc-default-executor-0] INFO  impl.RoleInfo (RoleInfo.java:updateAndGet(143)) - 591368fd-0e23-4e2a-b1d4-68a6dfc1d9a5: start FollowerState
2019-08-29 08:59:36,909 | INFO  | SCMAudit | user=jenkins1000 | ip=192.168.69.87 | op=SEND_HEARTBEAT {datanodeUUID=ff00a4c4-a8e1-4318-a8ca-04f99219f100, command=[]} | ret=SUCCESS |  
2019-08-29 08:59:36,923 [2e835111-926f-4ebf-9fdc-c8ae7690dcd1:group-9512E3222F2A:LeaderElection8] INFO  impl.LeaderElection (LeaderElection.java:logAndReturn(56)) - 2e835111-926f-4ebf-9fdc-c8ae7690dcd1:group-9512E3222F2A:LeaderElection8: Election REJECTED; received 2 response(s) [2e835111-926f-4ebf-9fdc-c8ae7690dcd1<-6fa28f14-8f40-4547-905f-1fc4e9e7d51e#0:FAIL-t1, 2e835111-926f-4ebf-9fdc-c8ae7690dcd1<-591368fd-0e23-4e2a-b1d4-68a6dfc1d9a5#0:FAIL-t1] and 0 exception(s); 2e835111-926f-4ebf-9fdc-c8ae7690dcd1:t1, leader=null, voted=2e835111-926f-4ebf-9fdc-c8ae7690dcd1, raftlog=2e835111-926f-4ebf-9fdc-c8ae7690dcd1-SegmentedRaftLog:OPENED:c-1,f-1,i0, conf=-1: [6fa28f14-8f40-4547-905f-1fc4e9e7d51e:192.168.69.87:38879, 2e835111-926f-4ebf-9fdc-c8ae7690dcd1:192.168.69.87:38883, 591368fd-0e23-4e2a-b1d4-68a6dfc1d9a5:192.168.69.87:37589], old=null
2019-08-29 08:59:36,923 [2e835111-926f-4ebf-9fdc-c8ae7690dcd1:group-9512E3222F2A:LeaderElection8] INFO  impl.RaftServerImpl (RaftServerImpl.java:setRole(171)) - 2e835111-926f-4ebf-9fdc-c8ae7690dcd1:group-9512E3222F2A changes role from CANDIDATE to FOLLOWER at term 1 for DISCOVERED_A_NEW_TERM
2019-08-29 08:59:36,923 [2e835111-926f-4ebf-9fdc-c8ae7690dcd1:group-9512E3222F2A:LeaderElection8] INFO  impl.RoleInfo (RoleInfo.java:shutdownLeaderElection(134)) - 2e835111-926f-4ebf-9fdc-c8ae7690dcd1: shutdown LeaderElection
2019-08-29 08:59:36,926 [2e835111-926f-4ebf-9fdc-c8ae7690dcd1:group-9512E3222F2A:LeaderElection8] INFO  impl.RoleInfo (RoleInfo.java:updateAndGet(143)) - 2e835111-926f-4ebf-9fdc-c8ae7690dcd1: start FollowerState
2019-08-29 08:59:36,949 [591368fd-0e23-4e2a-b1d4-68a6dfc1d9a5:group-9512E3222F2A:LeaderElection10] INFO  impl.LeaderElection (LeaderElection.java:askForVotes(181)) - 591368fd-0e23-4e2a-b1d4-68a6dfc1d9a5:group-9512E3222F2A:LeaderElection10: begin an election at term 2 for -1: [6fa28f14-8f40-4547-905f-1fc4e9e7d51e:192.168.69.87:38879, 2e835111-926f-4ebf-9fdc-c8ae7690dcd1:192.168.69.87:38883, 591368fd-0e23-4e2a-b1d4-68a6dfc1d9a5:192.168.69.87:37589], old=null
2019-08-29 08:59:36,952 [591368fd-0e23-4e2a-b1d4-68a6dfc1d9a5:group-9512E3222F2A:LeaderElection10] INFO  impl.LeaderElection (LeaderElection.java:logAndReturn(56)) - 591368fd-0e23-4e2a-b1d4-68a6dfc1d9a5:group-9512E3222F2A:LeaderElection10: Election REJECTED; received 0 response(s) [] and 0 exception(s); 591368fd-0e23-4e2a-b1d4-68a6dfc1d9a5:t2, leader=null, voted=591368fd-0e23-4e2a-b1d4-68a6dfc1d9a5, raftlog=591368fd-0e23-4e2a-b1d4-68a6dfc1d9a5-SegmentedRaftLog:OPENED:c-1,f-1,i0, conf=-1: [6fa28f14-8f40-4547-905f-1fc4e9e7d51e:192.168.69.87:38879, 2e835111-926f-4ebf-9fdc-c8ae7690dcd1:192.168.69.87:38883, 591368fd-0e23-4e2a-b1d4-68a6dfc1d9a5:192.168.69.87:37589], old=null
2019-08-29 08:59:36,957 [6fa28f14-8f40-4547-905f-1fc4e9e7d51e:group-9512E3222F2A:LeaderElection9] INFO  impl.LeaderElection (LeaderElection.java:logAndReturn(56)) - 6fa28f14-8f40-4547-905f-1fc4e9e7d51e:group-9512E3222F2A:LeaderElection9: Election DISCOVERED_A_NEW_TERM; received 2 response(s) [6fa28f14-8f40-4547-905f-1fc4e9e7d51e<-2e835111-926f-4ebf-9fdc-c8ae7690dcd1#0:FAIL-t1, 6fa28f14-8f40-4547-905f-1fc4e9e7d51e<-591368fd-0e23-4e2a-b1d4-68a6dfc1d9a5#0:FAIL-t2] and 0 exception(s); 6fa28f14-8f40-4547-905f-1fc4e9e7d51e:t1, leader=null, voted=6fa28f14-8f40-4547-905f-1fc4e9e7d51e, raftlog=6fa28f14-8f40-4547-905f-1fc4e9e7d51e-SegmentedRaftLog:OPENED:c-1,f-1,i0, conf=-1: [6fa28f14-8f40-4547-905f-1fc4e9e7d51e:192.168.69.87:38879, 2e835111-926f-4ebf-9fdc-c8ae7690dcd1:192.168.69.87:38883, 591368fd-0e23-4e2a-b1d4-68a6dfc1d9a5:192.168.69.87:37589], old=null
2019-08-29 08:59:36,957 [6fa28f14-8f40-4547-905f-1fc4e9e7d51e:group-9512E3222F2A:LeaderElection9] INFO  impl.RaftServerImpl (RaftServerImpl.java:setRole(171)) - 6fa28f14-8f40-4547-905f-1fc4e9e7d51e:group-9512E3222F2A changes role from CANDIDATE to FOLLOWER at term 2 for DISCOVERED_A_NEW_TERM
2019-08-29 08:59:36,961 [6fa28f14-8f40-4547-905f-1fc4e9e7d51e:group-9512E3222F2A:LeaderElection9] INFO  impl.RoleInfo (RoleInfo.java:shutdownLeaderElection(134)) - 6fa28f14-8f40-4547-905f-1fc4e9e7d51e: shutdown LeaderElection
2019-08-29 08:59:36,961 [6fa28f14-8f40-4547-905f-1fc4e9e7d51e:group-9512E3222F2A:LeaderElection9] INFO  impl.RoleInfo (RoleInfo.java:updateAndGet(143)) - 6fa28f14-8f40-4547-905f-1fc4e9e7d51e: start FollowerState
2019-08-29 08:59:36,967 [grpc-default-executor-1] INFO  impl.RaftServerImpl (RaftServerImpl.java:setRole(171)) - 2e835111-926f-4ebf-9fdc-c8ae7690dcd1:group-9512E3222F2A changes role from FOLLOWER to FOLLOWER at term 2 for recognizeCandidate:591368fd-0e23-4e2a-b1d4-68a6dfc1d9a5
2019-08-29 08:59:36,969 [grpc-default-executor-1] INFO  impl.RoleInfo (RoleInfo.java:shutdownFollowerState(121)) - 2e835111-926f-4ebf-9fdc-c8ae7690dcd1: shutdown FollowerState
2019-08-29 08:59:36,969 [grpc-default-executor-1] INFO  impl.RoleInfo (RoleInfo.java:updateAndGet(143)) - 2e835111-926f-4ebf-9fdc-c8ae7690dcd1: start FollowerState
2019-08-29 08:59:36,969 [Thread-319] INFO  impl.FollowerState (FollowerState.java:run(114)) - 2e835111-926f-4ebf-9fdc-c8ae7690dcd1: FollowerState was interrupted: java.lang.InterruptedException: sleep interrupted
2019-08-29 08:59:36,979 | INFO  | SCMAudit | user=jenkins1000 | ip=192.168.69.87 | op=SEND_HEARTBEAT {datanodeUUID=6be14348-cf2d-4abb-94f1-e8c77b81db27, command=[]} | ret=SUCCESS |  
2019-08-29 08:59:36,980 [grpc-default-executor-0] INFO  impl.RaftServerImpl (RaftServerImpl.java:setRole(171)) - 6fa28f14-8f40-4547-905f-1fc4e9e7d51e:group-9512E3222F2A changes role from FOLLOWER to FOLLOWER at term 2 for recognizeCandidate:591368fd-0e23-4e2a-b1d4-68a6dfc1d9a5
2019-08-29 08:59:36,982 [grpc-default-executor-0] INFO  impl.RoleInfo (RoleInfo.java:shutdownFollowerState(121)) - 6fa28f14-8f40-4547-905f-1fc4e9e7d51e: shutdown FollowerState
2019-08-29 08:59:36,982 [grpc-default-executor-0] INFO  impl.RoleInfo (RoleInfo.java:updateAndGet(143)) - 6fa28f14-8f40-4547-905f-1fc4e9e7d51e: start FollowerState
2019-08-29 08:59:36,982 [Thread-322] INFO  impl.FollowerState (FollowerState.java:run(114)) - 6fa28f14-8f40-4547-905f-1fc4e9e7d51e: FollowerState was interrupted: java.lang.InterruptedException: sleep interrupted
2019-08-29 08:59:37,047 [Thread-274] INFO  impl.FollowerState (FollowerState.java:run(106)) - 8c7a60c7-f0e0-4151-b0ba-03bf13d5dd84:group-78E57C937A0A changes to CANDIDATE, lastRpcTime:5005, electionTimeout:5005ms
2019-08-29 08:59:37,048 [Thread-274] INFO  impl.RoleInfo (RoleInfo.java:shutdownFollowerState(121)) - 8c7a60c7-f0e0-4151-b0ba-03bf13d5dd84: shutdown FollowerState
2019-08-29 08:59:37,048 [Thread-274] INFO  impl.RaftServerImpl (RaftServerImpl.java:setRole(171)) - 8c7a60c7-f0e0-4151-b0ba-03bf13d5dd84:group-78E57C937A0A changes role from FOLLOWER to CANDIDATE at term 0 for changeToCandidate
2019-08-29 08:59:37,048 [Thread-274] INFO  impl.RoleInfo (RoleInfo.java:updateAndGet(143)) - 8c7a60c7-f0e0-4151-b0ba-03bf13d5dd84: start LeaderElection
2019-08-29 08:59:37,053 | INFO  | SCMAudit | user=jenkins1000 | ip=192.168.69.87 | op=SEND_HEARTBEAT {datanodeUUID=591368fd-0e23-4e2a-b1d4-68a6dfc1d9a5, command=[]} | ret=SUCCESS |  
2019-08-29 08:59:37,079 [8c7a60c7-f0e0-4151-b0ba-03bf13d5dd84:group-78E57C937A0A:LeaderElection11] INFO  impl.LeaderElection (LeaderElection.java:askForVotes(181)) - 8c7a60c7-f0e0-4151-b0ba-03bf13d5dd84:group-78E57C937A0A:LeaderElection11: begin an election at term 1 for -1: [8c7a60c7-f0e0-4151-b0ba-03bf13d5dd84:192.168.69.87:34562, ff00a4c4-a8e1-4318-a8ca-04f99219f100:192.168.69.87:41640, e7e7da8c-f939-4fb3-bc52-3a5bf046eb23:192.168.69.87:34945], old=null
2019-08-29 08:59:37,090 [grpc-default-executor-0] INFO  impl.RaftServerImpl (RaftServerImpl.java:setRole(171)) - e7e7da8c-f939-4fb3-bc52-3a5bf046eb23:group-78E57C937A0A changes role from FOLLOWER to FOLLOWER at term 1 for recognizeCandidate:8c7a60c7-f0e0-4151-b0ba-03bf13d5dd84
2019-08-29 08:59:37,090 [grpc-default-executor-0] INFO  impl.RoleInfo (RoleInfo.java:shutdownFollowerState(121)) - e7e7da8c-f939-4fb3-bc52-3a5bf046eb23: shutdown FollowerState
2019-08-29 08:59:37,092 [grpc-default-executor-1] INFO  impl.RaftServerImpl (RaftServerImpl.java:setRole(171)) - ff00a4c4-a8e1-4318-a8ca-04f99219f100:group-78E57C937A0A changes role from FOLLOWER to FOLLOWER at term 1 for recognizeCandidate:8c7a60c7-f0e0-4151-b0ba-03bf13d5dd84
2019-08-29 08:59:37,092 [grpc-default-executor-0] INFO  impl.RoleInfo (RoleInfo.java:updateAndGet(143)) - e7e7da8c-f939-4fb3-bc52-3a5bf046eb23: start FollowerState
2019-08-29 08:59:37,093 [grpc-default-executor-1] INFO  impl.RoleInfo (RoleInfo.java:shutdownFollowerState(121)) - ff00a4c4-a8e1-4318-a8ca-04f99219f100: shutdown FollowerState
2019-08-29 08:59:37,092 [Thread-275] INFO  impl.FollowerState (FollowerState.java:run(114)) - e7e7da8c-f939-4fb3-bc52-3a5bf046eb23: FollowerState was interrupted: java.lang.InterruptedException: sleep interrupted
2019-08-29 08:59:37,093 [grpc-default-executor-1] INFO  impl.RoleInfo (RoleInfo.java:updateAndGet(143)) - ff00a4c4-a8e1-4318-a8ca-04f99219f100: start FollowerState
2019-08-29 08:59:37,093 [Thread-278] INFO  impl.FollowerState (FollowerState.java:run(114)) - ff00a4c4-a8e1-4318-a8ca-04f99219f100: FollowerState was interrupted: java.lang.InterruptedException: sleep interrupted
2019-08-29 08:59:37,120 [8c7a60c7-f0e0-4151-b0ba-03bf13d5dd84:group-78E57C937A0A:LeaderElection11] INFO  impl.LeaderElection (LeaderElection.java:logAndReturn(56)) - 8c7a60c7-f0e0-4151-b0ba-03bf13d5dd84:group-78E57C937A0A:LeaderElection11: Election PASSED; received 1 response(s) [8c7a60c7-f0e0-4151-b0ba-03bf13d5dd84<-e7e7da8c-f939-4fb3-bc52-3a5bf046eb23#0:OK-t1] and 0 exception(s); 8c7a60c7-f0e0-4151-b0ba-03bf13d5dd84:t1, leader=null, voted=8c7a60c7-f0e0-4151-b0ba-03bf13d5dd84, raftlog=8c7a60c7-f0e0-4151-b0ba-03bf13d5dd84-SegmentedRaftLog:OPENED:c-1,f-1,i0, conf=-1: [8c7a60c7-f0e0-4151-b0ba-03bf13d5dd84:192.168.69.87:34562, ff00a4c4-a8e1-4318-a8ca-04f99219f100:192.168.69.87:41640, e7e7da8c-f939-4fb3-bc52-3a5bf046eb23:192.168.69.87:34945], old=null
2019-08-29 08:59:37,120 [8c7a60c7-f0e0-4151-b0ba-03bf13d5dd84:group-78E57C937A0A:LeaderElection11] INFO  impl.RoleInfo (RoleInfo.java:shutdownLeaderElection(134)) - 8c7a60c7-f0e0-4151-b0ba-03bf13d5dd84: shutdown LeaderElection
2019-08-29 08:59:37,120 [8c7a60c7-f0e0-4151-b0ba-03bf13d5dd84:group-78E57C937A0A:LeaderElection11] INFO  impl.RaftServerImpl (RaftServerImpl.java:setRole(171)) - 8c7a60c7-f0e0-4151-b0ba-03bf13d5dd84:group-78E57C937A0A changes role from CANDIDATE to LEADER at term 1 for changeToLeader
2019-08-29 08:59:37,122 [8c7a60c7-f0e0-4151-b0ba-03bf13d5dd84:group-78E57C937A0A:LeaderElection11] INFO  impl.RaftServerImpl (ServerState.java:setLeader(263)) - 8c7a60c7-f0e0-4151-b0ba-03bf13d5dd84:group-78E57C937A0A change Leader from null to 8c7a60c7-f0e0-4151-b0ba-03bf13d5dd84 at term 1 for becomeLeader, leader elected after 5091ms
2019-08-29 08:59:37,122 [8c7a60c7-f0e0-4151-b0ba-03bf13d5dd84:group-78E57C937A0A:LeaderElection11] INFO  server.RaftServerConfigKeys (ConfUtils.java:logGet(43)) - raft.server.staging.catchup.gap = 1000 (default)
2019-08-29 08:59:37,122 [8c7a60c7-f0e0-4151-b0ba-03bf13d5dd84:group-78E57C937A0A:LeaderElection11] INFO  server.RaftServerConfigKeys (ConfUtils.java:logGet(43)) - raft.server.rpc.sleep.time = 25ms (default)
2019-08-29 08:59:37,122 [8c7a60c7-f0e0-4151-b0ba-03bf13d5dd84:group-78E57C937A0A:LeaderElection11] INFO  server.RaftServerConfigKeys (ConfUtils.java:logGet(43)) - raft.server.write.element-limit = 4096 (default)
2019-08-29 08:59:37,122 [8c7a60c7-f0e0-4151-b0ba-03bf13d5dd84:group-78E57C937A0A:LeaderElection11] INFO  server.RaftServerConfigKeys (ConfUtils.java:logGet(43)) - raft.server.watch.timeout = 10s (default)
2019-08-29 08:59:37,122 [8c7a60c7-f0e0-4151-b0ba-03bf13d5dd84:group-78E57C937A0A:LeaderElection11] INFO  server.RaftServerConfigKeys (ConfUtils.java:logGet(43)) - raft.server.watch.timeout.denomination = 1s (default)
2019-08-29 08:59:37,123 [8c7a60c7-f0e0-4151-b0ba-03bf13d5dd84:group-78E57C937A0A:LeaderElection11] INFO  server.RaftServerConfigKeys (ConfUtils.java:logGet(43)) - raft.server.watch.element-limit = 65536 (default)
2019-08-29 08:59:37,125 [8c7a60c7-f0e0-4151-b0ba-03bf13d5dd84:group-78E57C937A0A:LeaderElection11] INFO  server.RaftServerConfigKeys (ConfUtils.java:logGet(43)) - raft.server.log.appender.snapshot.chunk.size.max = 16MB (=16777216) (default)
2019-08-29 08:59:37,125 [8c7a60c7-f0e0-4151-b0ba-03bf13d5dd84:group-78E57C937A0A:LeaderElection11] INFO  server.RaftServerConfigKeys (ConfUtils.java:logGet(43)) - raft.server.log.appender.buffer.byte-limit = 33554432 (custom)
2019-08-29 08:59:37,125 [8c7a60c7-f0e0-4151-b0ba-03bf13d5dd84:group-78E57C937A0A:LeaderElection11] INFO  server.RaftServerConfigKeys (ConfUtils.java:logGet(43)) - raft.server.log.appender.buffer.element-limit = 1 (custom)
2019-08-29 08:59:37,128 [8c7a60c7-f0e0-4151-b0ba-03bf13d5dd84:group-78E57C937A0A:LeaderElection11] INFO  grpc.GrpcConfigKeys$Server (ConfUtils.java:logGet(43)) - raft.grpc.server.leader.outstanding.appends.max = 128 (default)
2019-08-29 08:59:37,128 [8c7a60c7-f0e0-4151-b0ba-03bf13d5dd84:group-78E57C937A0A:LeaderElection11] INFO  server.RaftServerConfigKeys (ConfUtils.java:logGet(43)) - raft.server.rpc.request.timeout = 3000ms (default)
2019-08-29 08:59:37,128 [8c7a60c7-f0e0-4151-b0ba-03bf13d5dd84:group-78E57C937A0A:LeaderElection11] INFO  server.RaftServerConfigKeys (ConfUtils.java:logGet(43)) - raft.server.log.appender.install.snapshot.enabled = false (custom)
2019-08-29 08:59:37,128 [8c7a60c7-f0e0-4151-b0ba-03bf13d5dd84:group-78E57C937A0A:LeaderElection11] INFO  server.RaftServerConfigKeys (ConfUtils.java:logGet(43)) - raft.server.log.appender.snapshot.chunk.size.max = 16MB (=16777216) (default)
2019-08-29 08:59:37,128 [8c7a60c7-f0e0-4151-b0ba-03bf13d5dd84:group-78E57C937A0A:LeaderElection11] INFO  server.RaftServerConfigKeys (ConfUtils.java:logGet(43)) - raft.server.log.appender.buffer.byte-limit = 33554432 (custom)
2019-08-29 08:59:37,129 [8c7a60c7-f0e0-4151-b0ba-03bf13d5dd84:group-78E57C937A0A:LeaderElection11] INFO  server.RaftServerConfigKeys (ConfUtils.java:logGet(43)) - raft.server.log.appender.buffer.element-limit = 1 (custom)
2019-08-29 08:59:37,129 [8c7a60c7-f0e0-4151-b0ba-03bf13d5dd84:group-78E57C937A0A:LeaderElection11] INFO  grpc.GrpcConfigKeys$Server (ConfUtils.java:logGet(43)) - raft.grpc.server.leader.outstanding.appends.max = 128 (default)
2019-08-29 08:59:37,129 [8c7a60c7-f0e0-4151-b0ba-03bf13d5dd84:group-78E57C937A0A:LeaderElection11] INFO  server.RaftServerConfigKeys (ConfUtils.java:logGet(43)) - raft.server.rpc.request.timeout = 3000ms (default)
2019-08-29 08:59:37,129 [8c7a60c7-f0e0-4151-b0ba-03bf13d5dd84:group-78E57C937A0A:LeaderElection11] INFO  server.RaftServerConfigKeys (ConfUtils.java:logGet(43)) - raft.server.log.appender.install.snapshot.enabled = false (custom)
2019-08-29 08:59:37,130 [8c7a60c7-f0e0-4151-b0ba-03bf13d5dd84:group-78E57C937A0A:LeaderElection11] INFO  impl.RoleInfo (RoleInfo.java:updateAndGet(143)) - 8c7a60c7-f0e0-4151-b0ba-03bf13d5dd84: start LeaderState
2019-08-29 08:59:37,130 [8c7a60c7-f0e0-4151-b0ba-03bf13d5dd84:group-78E57C937A0A:LeaderElection11] INFO  segmented.SegmentedRaftLogWorker (SegmentedRaftLogWorker.java:startLogSegment(380)) - 8c7a60c7-f0e0-4151-b0ba-03bf13d5dd84-SegmentedRaftLogWorker:Storage Directory /workdir/hadoop-ozone/integration-test/target/test-dir/MiniOzoneClusterImpl-23210f21-26b4-4673-833f-61feb255c217/datanode-3/data/ratis/67cc15bc-57c0-4674-be86-78e57c937a0a: Starting segment from index:0
2019-08-29 08:59:37,131 [8c7a60c7-f0e0-4151-b0ba-03bf13d5dd84:group-78E57C937A0A:LeaderElection11] INFO  impl.RaftServerImpl (ServerState.java:setRaftConf(361)) - 8c7a60c7-f0e0-4151-b0ba-03bf13d5dd84:group-78E57C937A0A set configuration 0: [8c7a60c7-f0e0-4151-b0ba-03bf13d5dd84:192.168.69.87:34562, ff00a4c4-a8e1-4318-a8ca-04f99219f100:192.168.69.87:41640, e7e7da8c-f939-4fb3-bc52-3a5bf046eb23:192.168.69.87:34945], old=null at 0
2019-08-29 08:59:37,188 [8c7a60c7-f0e0-4151-b0ba-03bf13d5dd84-SegmentedRaftLogWorker:Storage Directory /workdir/hadoop-ozone/integration-test/target/test-dir/MiniOzoneClusterImpl-23210f21-26b4-4673-833f-61feb255c217/datanode-3/data/ratis/67cc15bc-57c0-4674-be86-78e57c937a0a] INFO  segmented.SegmentedRaftLogWorker (SegmentedRaftLogWorker.java:execute(569)) - 8c7a60c7-f0e0-4151-b0ba-03bf13d5dd84-SegmentedRaftLogWorker:Storage Directory /workdir/hadoop-ozone/integration-test/target/test-dir/MiniOzoneClusterImpl-23210f21-26b4-4673-833f-61feb255c217/datanode-3/data/ratis/67cc15bc-57c0-4674-be86-78e57c937a0a: created new log segment /workdir/hadoop-ozone/integration-test/target/test-dir/MiniOzoneClusterImpl-23210f21-26b4-4673-833f-61feb255c217/datanode-3/data/ratis/67cc15bc-57c0-4674-be86-78e57c937a0a/current/log_inprogress_0
2019-08-29 08:59:37,194 [grpc-default-executor-0] INFO  impl.RaftServerImpl (ServerState.java:setLeader(263)) - ff00a4c4-a8e1-4318-a8ca-04f99219f100:group-78E57C937A0A change Leader from null to 8c7a60c7-f0e0-4151-b0ba-03bf13d5dd84 at term 1 for appendEntries, leader elected after 5163ms
2019-08-29 08:59:37,194 [grpc-default-executor-1] INFO  impl.RaftServerImpl (ServerState.java:setLeader(263)) - e7e7da8c-f939-4fb3-bc52-3a5bf046eb23:group-78E57C937A0A change Leader from null to 8c7a60c7-f0e0-4151-b0ba-03bf13d5dd84 at term 1 for appendEntries, leader elected after 5162ms
2019-08-29 08:59:37,227 [grpc-default-executor-0] INFO  impl.RaftServerImpl (ServerState.java:setRaftConf(361)) - ff00a4c4-a8e1-4318-a8ca-04f99219f100:group-78E57C937A0A set configuration 0: [8c7a60c7-f0e0-4151-b0ba-03bf13d5dd84:192.168.69.87:34562, ff00a4c4-a8e1-4318-a8ca-04f99219f100:192.168.69.87:41640, e7e7da8c-f939-4fb3-bc52-3a5bf046eb23:192.168.69.87:34945], old=null at 0
2019-08-29 08:59:37,227 [grpc-default-executor-1] INFO  impl.RaftServerImpl (ServerState.java:setRaftConf(361)) - e7e7da8c-f939-4fb3-bc52-3a5bf046eb23:group-78E57C937A0A set configuration 0: [8c7a60c7-f0e0-4151-b0ba-03bf13d5dd84:192.168.69.87:34562, ff00a4c4-a8e1-4318-a8ca-04f99219f100:192.168.69.87:41640, e7e7da8c-f939-4fb3-bc52-3a5bf046eb23:192.168.69.87:34945], old=null at 0
2019-08-29 08:59:37,228 [grpc-default-executor-0] INFO  segmented.SegmentedRaftLogWorker (SegmentedRaftLogWorker.java:startLogSegment(380)) - ff00a4c4-a8e1-4318-a8ca-04f99219f100-SegmentedRaftLogWorker:Storage Directory /workdir/hadoop-ozone/integration-test/target/test-dir/MiniOzoneClusterImpl-23210f21-26b4-4673-833f-61feb255c217/datanode-4/data/ratis/67cc15bc-57c0-4674-be86-78e57c937a0a: Starting segment from index:0
2019-08-29 08:59:37,228 [grpc-default-executor-1] INFO  segmented.SegmentedRaftLogWorker (SegmentedRaftLogWorker.java:startLogSegment(380)) - e7e7da8c-f939-4fb3-bc52-3a5bf046eb23-SegmentedRaftLogWorker:Storage Directory /workdir/hadoop-ozone/integration-test/target/test-dir/MiniOzoneClusterImpl-23210f21-26b4-4673-833f-61feb255c217/datanode-2/data/ratis/67cc15bc-57c0-4674-be86-78e57c937a0a: Starting segment from index:0
2019-08-29 08:59:37,287 [e7e7da8c-f939-4fb3-bc52-3a5bf046eb23-SegmentedRaftLogWorker:Storage Directory /workdir/hadoop-ozone/integration-test/target/test-dir/MiniOzoneClusterImpl-23210f21-26b4-4673-833f-61feb255c217/datanode-2/data/ratis/67cc15bc-57c0-4674-be86-78e57c937a0a] INFO  segmented.SegmentedRaftLogWorker (SegmentedRaftLogWorker.java:execute(569)) - e7e7da8c-f939-4fb3-bc52-3a5bf046eb23-SegmentedRaftLogWorker:Storage Directory /workdir/hadoop-ozone/integration-test/target/test-dir/MiniOzoneClusterImpl-23210f21-26b4-4673-833f-61feb255c217/datanode-2/data/ratis/67cc15bc-57c0-4674-be86-78e57c937a0a: created new log segment /workdir/hadoop-ozone/integration-test/target/test-dir/MiniOzoneClusterImpl-23210f21-26b4-4673-833f-61feb255c217/datanode-2/data/ratis/67cc15bc-57c0-4674-be86-78e57c937a0a/current/log_inprogress_0
2019-08-29 08:59:37,304 [ff00a4c4-a8e1-4318-a8ca-04f99219f100-SegmentedRaftLogWorker:Storage Directory /workdir/hadoop-ozone/integration-test/target/test-dir/MiniOzoneClusterImpl-23210f21-26b4-4673-833f-61feb255c217/datanode-4/data/ratis/67cc15bc-57c0-4674-be86-78e57c937a0a] INFO  segmented.SegmentedRaftLogWorker (SegmentedRaftLogWorker.java:execute(569)) - ff00a4c4-a8e1-4318-a8ca-04f99219f100-SegmentedRaftLogWorker:Storage Directory /workdir/hadoop-ozone/integration-test/target/test-dir/MiniOzoneClusterImpl-23210f21-26b4-4673-833f-61feb255c217/datanode-4/data/ratis/67cc15bc-57c0-4674-be86-78e57c937a0a: created new log segment /workdir/hadoop-ozone/integration-test/target/test-dir/MiniOzoneClusterImpl-23210f21-26b4-4673-833f-61feb255c217/datanode-4/data/ratis/67cc15bc-57c0-4674-be86-78e57c937a0a/current/log_inprogress_0
2019-08-29 08:59:37,569 | INFO  | SCMAudit | user=jenkins1000 | ip=192.168.69.87 | op=SEND_HEARTBEAT {datanodeUUID=6fa28f14-8f40-4547-905f-1fc4e9e7d51e, command=[]} | ret=SUCCESS |  
2019-08-29 08:59:37,664 | INFO  | SCMAudit | user=jenkins1000 | ip=192.168.69.87 | op=SEND_HEARTBEAT {datanodeUUID=2e835111-926f-4ebf-9fdc-c8ae7690dcd1, command=[]} | ret=SUCCESS |  
2019-08-29 08:59:37,748 | INFO  | SCMAudit | user=jenkins1000 | ip=192.168.69.87 | op=SEND_HEARTBEAT {datanodeUUID=e7e7da8c-f939-4fb3-bc52-3a5bf046eb23, command=[]} | ret=SUCCESS |  
2019-08-29 08:59:37,826 | INFO  | SCMAudit | user=jenkins1000 | ip=192.168.69.87 | op=SEND_HEARTBEAT {datanodeUUID=8c7a60c7-f0e0-4151-b0ba-03bf13d5dd84, command=[]} | ret=SUCCESS |  
2019-08-29 08:59:37,899 | INFO  | SCMAudit | user=jenkins1000 | ip=192.168.69.87 | op=SEND_HEARTBEAT {datanodeUUID=ff00a4c4-a8e1-4318-a8ca-04f99219f100, command=[]} | ret=SUCCESS |  
2019-08-29 08:59:37,974 | INFO  | SCMAudit | user=jenkins1000 | ip=192.168.69.87 | op=SEND_HEARTBEAT {datanodeUUID=6be14348-cf2d-4abb-94f1-e8c77b81db27, command=[]} | ret=SUCCESS |  
2019-08-29 08:59:38,052 | INFO  | SCMAudit | user=jenkins1000 | ip=192.168.69.87 | op=SEND_HEARTBEAT {datanodeUUID=591368fd-0e23-4e2a-b1d4-68a6dfc1d9a5, command=[]} | ret=SUCCESS |  
2019-08-29 08:59:38,569 | INFO  | SCMAudit | user=jenkins1000 | ip=192.168.69.87 | op=SEND_HEARTBEAT {datanodeUUID=6fa28f14-8f40-4547-905f-1fc4e9e7d51e, command=[]} | ret=SUCCESS |  
2019-08-29 08:59:38,665 | INFO  | SCMAudit | user=jenkins1000 | ip=192.168.69.87 | op=SEND_HEARTBEAT {datanodeUUID=2e835111-926f-4ebf-9fdc-c8ae7690dcd1, command=[]} | ret=SUCCESS |  
2019-08-29 08:59:38,748 | INFO  | SCMAudit | user=jenkins1000 | ip=192.168.69.87 | op=SEND_HEARTBEAT {datanodeUUID=e7e7da8c-f939-4fb3-bc52-3a5bf046eb23, command=[]} | ret=SUCCESS |  
2019-08-29 08:59:38,826 | INFO  | SCMAudit | user=jenkins1000 | ip=192.168.69.87 | op=SEND_HEARTBEAT {datanodeUUID=8c7a60c7-f0e0-4151-b0ba-03bf13d5dd84, command=[]} | ret=SUCCESS |  
2019-08-29 08:59:38,869 | INFO  | SCMAudit | user=jenkins1000 | ip=192.168.69.87 | op=SEND_HEARTBEAT {datanodeUUID=8c7a60c7-f0e0-4151-b0ba-03bf13d5dd84, command=[]} | ret=SUCCESS |  
2019-08-29 08:59:38,898 | INFO  | DNAudit | user=null | ip=null | op=WRITE_CHUNK {blockData=conID: 1 locID: 102699445263073281 bcsId: 0} | ret=SUCCESS |  
2019-08-29 08:59:38,899 | INFO  | SCMAudit | user=jenkins1000 | ip=192.168.69.87 | op=SEND_HEARTBEAT {datanodeUUID=ff00a4c4-a8e1-4318-a8ca-04f99219f100, command=[]} | ret=SUCCESS |  
2019-08-29 08:59:38,916 | INFO  | DNAudit | user=null | ip=null | op=WRITE_CHUNK {blockData=conID: 1 locID: 102699445263073281 bcsId: 0} | ret=SUCCESS |  
2019-08-29 08:59:38,916 | INFO  | DNAudit | user=null | ip=null | op=WRITE_CHUNK {blockData=conID: 1 locID: 102699445263073281 bcsId: 0} | ret=SUCCESS |  
2019-08-29 08:59:38,917 | INFO  | SCMAudit | user=jenkins1000 | ip=192.168.69.87 | op=SEND_HEARTBEAT {datanodeUUID=e7e7da8c-f939-4fb3-bc52-3a5bf046eb23, command=[]} | ret=SUCCESS |  
2019-08-29 08:59:38,917 | INFO  | SCMAudit | user=jenkins1000 | ip=192.168.69.87 | op=SEND_HEARTBEAT {datanodeUUID=ff00a4c4-a8e1-4318-a8ca-04f99219f100, command=[]} | ret=SUCCESS |  
2019-08-29 08:59:38,936 | INFO  | DNAudit | user=null | ip=null | op=WRITE_CHUNK {blockData=conID: 1 locID: 102699445263073281 bcsId: 0} | ret=SUCCESS |  
2019-08-29 08:59:38,945 [grpc-default-executor-0] INFO  client.GrpcClientProtocolClient (GrpcClientProtocolClient.java:onNext(255)) - client-5A4EA94FE93C->8c7a60c7-f0e0-4151-b0ba-03bf13d5dd84: receive RaftClientReply:client-5A4EA94FE93C->8c7a60c7-f0e0-4151-b0ba-03bf13d5dd84@group-78E57C937A0A, cid=13, SUCCESS, logIndex=1, commits[8c7a60c7-f0e0-4151-b0ba-03bf13d5dd84:c1, ff00a4c4-a8e1-4318-a8ca-04f99219f100:c0, e7e7da8c-f939-4fb3-bc52-3a5bf046eb23:c0]
2019-08-29 08:59:38,955 | INFO  | DNAudit | user=null | ip=null | op=WRITE_CHUNK {blockData=conID: 1 locID: 102699445263073281 bcsId: 0} | ret=SUCCESS |  
2019-08-29 08:59:38,955 | INFO  | DNAudit | user=null | ip=null | op=WRITE_CHUNK {blockData=conID: 1 locID: 102699445263073281 bcsId: 0} | ret=SUCCESS |  
2019-08-29 08:59:38,956 | INFO  | DNAudit | user=null | ip=null | op=WRITE_CHUNK {blockData=conID: 1 locID: 102699445263073281 bcsId: 0} | ret=SUCCESS |  
2019-08-29 08:59:38,959 | INFO  | DNAudit | user=null | ip=null | op=WRITE_CHUNK {blockData=conID: 1 locID: 102699445263073281 bcsId: 0} | ret=SUCCESS |  
2019-08-29 08:59:38,962 | INFO  | DNAudit | user=null | ip=null | op=WRITE_CHUNK {blockData=conID: 1 locID: 102699445263073281 bcsId: 0} | ret=SUCCESS |  
2019-08-29 08:59:38,963 | INFO  | DNAudit | user=null | ip=null | op=WRITE_CHUNK {blockData=conID: 1 locID: 102699445263073281 bcsId: 0} | ret=SUCCESS |  
2019-08-29 08:59:38,966 | INFO  | DNAudit | user=null | ip=null | op=WRITE_CHUNK {blockData=conID: 1 locID: 102699445263073281 bcsId: 0} | ret=SUCCESS |  
2019-08-29 08:59:38,967 | INFO  | DNAudit | user=null | ip=null | op=WRITE_CHUNK {blockData=conID: 1 locID: 102699445263073281 bcsId: 0} | ret=SUCCESS |  
2019-08-29 08:59:38,967 | INFO  | DNAudit | user=null | ip=null | op=WRITE_CHUNK {blockData=conID: 1 locID: 102699445263073281 bcsId: 0} | ret=SUCCESS |  
2019-08-29 08:59:38,970 | INFO  | DNAudit | user=null | ip=null | op=WRITE_CHUNK {blockData=conID: 1 locID: 102699445263073281 bcsId: 0} | ret=SUCCESS |  
2019-08-29 08:59:38,970 | INFO  | DNAudit | user=null | ip=null | op=WRITE_CHUNK {blockData=conID: 1 locID: 102699445263073281 bcsId: 0} | ret=SUCCESS |  
2019-08-29 08:59:38,972 | INFO  | DNAudit | user=null | ip=null | op=WRITE_CHUNK {blockData=conID: 1 locID: 102699445263073281 bcsId: 0} | ret=SUCCESS |  
2019-08-29 08:59:38,975 | INFO  | SCMAudit | user=jenkins1000 | ip=192.168.69.87 | op=SEND_HEARTBEAT {datanodeUUID=6be14348-cf2d-4abb-94f1-e8c77b81db27, command=[]} | ret=SUCCESS |  
2019-08-29 08:59:38,978 [grpc-default-executor-1] INFO  client.GrpcClientProtocolClient (GrpcClientProtocolClient.java:onNext(255)) - client-5A4EA94FE93C->8c7a60c7-f0e0-4151-b0ba-03bf13d5dd84: receive RaftClientReply:client-5A4EA94FE93C->8c7a60c7-f0e0-4151-b0ba-03bf13d5dd84@group-78E57C937A0A, cid=14, SUCCESS, logIndex=3, commits[8c7a60c7-f0e0-4151-b0ba-03bf13d5dd84:c3, ff00a4c4-a8e1-4318-a8ca-04f99219f100:c1, e7e7da8c-f939-4fb3-bc52-3a5bf046eb23:c2]
2019-08-29 08:59:39,005 | INFO  | DNAudit | user=null | ip=null | op=WRITE_CHUNK {blockData=conID: 1 locID: 102699445263073281 bcsId: 0} | ret=SUCCESS |  
2019-08-29 08:59:39,005 | INFO  | DNAudit | user=null | ip=null | op=WRITE_CHUNK {blockData=conID: 1 locID: 102699445263073281 bcsId: 0} | ret=SUCCESS |  
2019-08-29 08:59:39,053 | INFO  | SCMAudit | user=jenkins1000 | ip=192.168.69.87 | op=SEND_HEARTBEAT {datanodeUUID=591368fd-0e23-4e2a-b1d4-68a6dfc1d9a5, command=[]} | ret=SUCCESS |  
2019-08-29 08:59:39,123 | INFO  | DNAudit | user=null | ip=null | op=PUT_BLOCK {blockData=[blockId=conID: 1 locID: 102699445263073281 bcsId: 0,size=200]} | ret=SUCCESS |  
2019-08-29 08:59:39,127 | INFO  | DNAudit | user=null | ip=null | op=WRITE_CHUNK {blockData=conID: 1 locID: 102699445263073281 bcsId: 0} | ret=SUCCESS |  
2019-08-29 08:59:39,127 | INFO  | DNAudit | user=null | ip=null | op=WRITE_CHUNK {blockData=conID: 1 locID: 102699445263073281 bcsId: 0} | ret=SUCCESS |  
2019-08-29 08:59:39,130 [grpc-default-executor-3] INFO  client.GrpcClientProtocolClient (GrpcClientProtocolClient.java:onNext(255)) - client-5A4EA94FE93C->8c7a60c7-f0e0-4151-b0ba-03bf13d5dd84: receive RaftClientReply:client-5A4EA94FE93C->8c7a60c7-f0e0-4151-b0ba-03bf13d5dd84@group-78E57C937A0A, cid=15, SUCCESS, logIndex=4, commits[8c7a60c7-f0e0-4151-b0ba-03bf13d5dd84:c12, ff00a4c4-a8e1-4318-a8ca-04f99219f100:c7, e7e7da8c-f939-4fb3-bc52-3a5bf046eb23:c7]
2019-08-29 08:59:39,132 [grpc-default-executor-3] INFO  client.GrpcClientProtocolClient (GrpcClientProtocolClient.java:onNext(255)) - client-5A4EA94FE93C->8c7a60c7-f0e0-4151-b0ba-03bf13d5dd84: receive RaftClientReply:client-5A4EA94FE93C->8c7a60c7-f0e0-4151-b0ba-03bf13d5dd84@group-78E57C937A0A, cid=16, SUCCESS, logIndex=5, commits[8c7a60c7-f0e0-4151-b0ba-03bf13d5dd84:c12, ff00a4c4-a8e1-4318-a8ca-04f99219f100:c7, e7e7da8c-f939-4fb3-bc52-3a5bf046eb23:c7]
2019-08-29 08:59:39,133 [grpc-default-executor-3] INFO  client.GrpcClientProtocolClient (GrpcClientProtocolClient.java:onNext(255)) - client-5A4EA94FE93C->8c7a60c7-f0e0-4151-b0ba-03bf13d5dd84: receive RaftClientReply:client-5A4EA94FE93C->8c7a60c7-f0e0-4151-b0ba-03bf13d5dd84@group-78E57C937A0A, cid=17, SUCCESS, logIndex=6, commits[8c7a60c7-f0e0-4151-b0ba-03bf13d5dd84:c12, ff00a4c4-a8e1-4318-a8ca-04f99219f100:c7, e7e7da8c-f939-4fb3-bc52-3a5bf046eb23:c7]
2019-08-29 08:59:39,218 | INFO  | DNAudit | user=null | ip=null | op=PUT_BLOCK {blockData=[blockId=conID: 1 locID: 102699445263073281 bcsId: 0,size=200]} | ret=SUCCESS |  
2019-08-29 08:59:39,233 | INFO  | DNAudit | user=null | ip=null | op=WRITE_CHUNK {blockData=conID: 1 locID: 102699445263073281 bcsId: 0} | ret=SUCCESS |  
2019-08-29 08:59:39,233 | INFO  | DNAudit | user=null | ip=null | op=WRITE_CHUNK {blockData=conID: 1 locID: 102699445263073281 bcsId: 0} | ret=SUCCESS |  
2019-08-29 08:59:39,412 | INFO  | DNAudit | user=null | ip=null | op=PUT_BLOCK {blockData=[blockId=conID: 1 locID: 102699445263073281 bcsId: 0,size=400]} | ret=SUCCESS |  
2019-08-29 08:59:39,412 | INFO  | DNAudit | user=null | ip=null | op=PUT_BLOCK {blockData=[blockId=conID: 1 locID: 102699445263073281 bcsId: 0,size=400]} | ret=SUCCESS |  
2019-08-29 08:59:39,415 [grpc-default-executor-3] INFO  client.GrpcClientProtocolClient (GrpcClientProtocolClient.java:onNext(255)) - client-5A4EA94FE93C->8c7a60c7-f0e0-4151-b0ba-03bf13d5dd84: receive RaftClientReply:client-5A4EA94FE93C->8c7a60c7-f0e0-4151-b0ba-03bf13d5dd84@group-78E57C937A0A, cid=18, SUCCESS, logIndex=7, commits[8c7a60c7-f0e0-4151-b0ba-03bf13d5dd84:c12, ff00a4c4-a8e1-4318-a8ca-04f99219f100:c7, e7e7da8c-f939-4fb3-bc52-3a5bf046eb23:c7]
2019-08-29 08:59:39,433 | INFO  | DNAudit | user=null | ip=null | op=WRITE_CHUNK {blockData=conID: 1 locID: 102699445263073281 bcsId: 7} | ret=SUCCESS |  
2019-08-29 08:59:39,436 | INFO  | DNAudit | user=null | ip=null | op=WRITE_CHUNK {blockData=conID: 1 locID: 102699445263073281 bcsId: 7} | ret=SUCCESS |  
2019-08-29 08:59:39,436 | INFO  | DNAudit | user=null | ip=null | op=WRITE_CHUNK {blockData=conID: 1 locID: 102699445263073281 bcsId: 7} | ret=SUCCESS |  
2019-08-29 08:59:39,450 | INFO  | DNAudit | user=null | ip=null | op=PUT_BLOCK {blockData=[blockId=conID: 1 locID: 102699445263073281 bcsId: 0,size=200]} | ret=SUCCESS |  
2019-08-29 08:59:39,451 | INFO  | DNAudit | user=null | ip=null | op=WRITE_CHUNK {blockData=conID: 1 locID: 102699445263073281 bcsId: 0} | ret=SUCCESS |  
2019-08-29 08:59:39,451 | INFO  | DNAudit | user=null | ip=null | op=WRITE_CHUNK {blockData=conID: 1 locID: 102699445263073281 bcsId: 0} | ret=SUCCESS |  
2019-08-29 08:59:39,452 | INFO  | DNAudit | user=null | ip=null | op=PUT_BLOCK {blockData=[blockId=conID: 1 locID: 102699445263073281 bcsId: 0,size=400]} | ret=SUCCESS |  
2019-08-29 08:59:39,473 | INFO  | DNAudit | user=null | ip=null | op=WRITE_CHUNK {blockData=conID: 1 locID: 102699445263073281 bcsId: 7} | ret=SUCCESS |  
2019-08-29 08:59:39,475 [grpc-default-executor-1] INFO  client.GrpcClientProtocolClient (GrpcClientProtocolClient.java:onNext(255)) - client-5A4EA94FE93C->8c7a60c7-f0e0-4151-b0ba-03bf13d5dd84: receive RaftClientReply:client-5A4EA94FE93C->8c7a60c7-f0e0-4151-b0ba-03bf13d5dd84@group-78E57C937A0A, cid=19, SUCCESS, logIndex=13, commits[8c7a60c7-f0e0-4151-b0ba-03bf13d5dd84:c13, ff00a4c4-a8e1-4318-a8ca-04f99219f100:c12, e7e7da8c-f939-4fb3-bc52-3a5bf046eb23:c12]
2019-08-29 08:59:39,481 | INFO  | DNAudit | user=null | ip=null | op=PUT_BLOCK {blockData=[blockId=conID: 1 locID: 102699445263073281 bcsId: 0,size=450]} | ret=SUCCESS |  
2019-08-29 08:59:39,481 | INFO  | DNAudit | user=null | ip=null | op=WRITE_CHUNK {blockData=conID: 1 locID: 102699445263073281 bcsId: 7} | ret=SUCCESS |  
2019-08-29 08:59:39,481 | INFO  | DNAudit | user=null | ip=null | op=WRITE_CHUNK {blockData=conID: 1 locID: 102699445263073281 bcsId: 7} | ret=SUCCESS |  
2019-08-29 08:59:39,482 [grpc-default-executor-1] INFO  client.GrpcClientProtocolClient (GrpcClientProtocolClient.java:onNext(255)) - client-5A4EA94FE93C->8c7a60c7-f0e0-4151-b0ba-03bf13d5dd84: receive RaftClientReply:client-5A4EA94FE93C->8c7a60c7-f0e0-4151-b0ba-03bf13d5dd84@group-78E57C937A0A, cid=20, SUCCESS, logIndex=14, commits[8c7a60c7-f0e0-4151-b0ba-03bf13d5dd84:c14, ff00a4c4-a8e1-4318-a8ca-04f99219f100:c12, e7e7da8c-f939-4fb3-bc52-3a5bf046eb23:c12]
2019-08-29 08:59:39,568 | INFO  | SCMAudit | user=jenkins1000 | ip=192.168.69.87 | op=SEND_HEARTBEAT {datanodeUUID=6fa28f14-8f40-4547-905f-1fc4e9e7d51e, command=[]} | ret=SUCCESS |  
2019-08-29 08:59:39,665 | INFO  | SCMAudit | user=jenkins1000 | ip=192.168.69.87 | op=SEND_HEARTBEAT {datanodeUUID=2e835111-926f-4ebf-9fdc-c8ae7690dcd1, command=[]} | ret=SUCCESS |  
2019-08-29 08:59:39,854 | INFO  | SCMAudit | user=jenkins1000 | ip=192.168.69.87 | op=SEND_HEARTBEAT {datanodeUUID=8c7a60c7-f0e0-4151-b0ba-03bf13d5dd84, command=[]} | ret=SUCCESS |  
2019-08-29 08:59:39,913 | INFO  | SCMAudit | user=jenkins1000 | ip=192.168.69.87 | op=SEND_HEARTBEAT {datanodeUUID=e7e7da8c-f939-4fb3-bc52-3a5bf046eb23, command=[]} | ret=SUCCESS |  
2019-08-29 08:59:39,914 | INFO  | SCMAudit | user=jenkins1000 | ip=192.168.69.87 | op=SEND_HEARTBEAT {datanodeUUID=ff00a4c4-a8e1-4318-a8ca-04f99219f100, command=[]} | ret=SUCCESS |  
2019-08-29 08:59:39,973 | INFO  | SCMAudit | user=jenkins1000 | ip=192.168.69.87 | op=SEND_HEARTBEAT {datanodeUUID=6be14348-cf2d-4abb-94f1-e8c77b81db27, command=[]} | ret=SUCCESS |  
2019-08-29 08:59:40,052 | INFO  | SCMAudit | user=jenkins1000 | ip=192.168.69.87 | op=SEND_HEARTBEAT {datanodeUUID=591368fd-0e23-4e2a-b1d4-68a6dfc1d9a5, command=[]} | ret=SUCCESS |  
2019-08-29 08:59:40,509 [main] WARN  scm.XceiverClientRatis (XceiverClientRatis.java:watchForCommit(262)) - 3 way commit failed on pipeline Pipeline[ Id: 67cc15bc-57c0-4674-be86-78e57c937a0a, Nodes: ff00a4c4-a8e1-4318-a8ca-04f99219f100{ip: 192.168.69.87, host: pr-hdds-1935-5tjgs-3847141534, networkLocation: /default-rack, certSerialId: null}8c7a60c7-f0e0-4151-b0ba-03bf13d5dd84{ip: 192.168.69.87, host: pr-hdds-1935-5tjgs-3847141534, networkLocation: /default-rack, certSerialId: null}e7e7da8c-f939-4fb3-bc52-3a5bf046eb23{ip: 192.168.69.87, host: pr-hdds-1935-5tjgs-3847141534, networkLocation: /default-rack, certSerialId: null}, Type:RATIS, Factor:THREE, State:OPEN]
java.util.concurrent.TimeoutException
	at java.util.concurrent.CompletableFuture.timedGet(CompletableFuture.java:1771)
	at java.util.concurrent.CompletableFuture.get(CompletableFuture.java:1915)
	at org.apache.hadoop.hdds.scm.XceiverClientRatis.watchForCommit(XceiverClientRatis.java:259)
	at org.apache.hadoop.hdds.scm.storage.CommitWatcher.watchForCommit(CommitWatcher.java:194)
	at org.apache.hadoop.hdds.scm.storage.CommitWatcher.watchOnLastIndex(CommitWatcher.java:157)
	at org.apache.hadoop.hdds.scm.storage.BlockOutputStream.watchForCommit(BlockOutputStream.java:347)
	at org.apache.hadoop.hdds.scm.storage.BlockOutputStream.handleFlush(BlockOutputStream.java:479)
	at org.apache.hadoop.hdds.scm.storage.BlockOutputStream.flush(BlockOutputStream.java:428)
	at org.apache.hadoop.ozone.client.io.BlockOutputStreamEntry.flush(BlockOutputStreamEntry.java:136)
	at org.apache.hadoop.ozone.client.io.KeyOutputStream.handleFlushOrClose(KeyOutputStream.java:442)
	at org.apache.hadoop.ozone.client.io.KeyOutputStream.flush(KeyOutputStream.java:396)
	at org.apache.hadoop.ozone.client.io.OzoneOutputStream.flush(OzoneOutputStream.java:54)
	at org.apache.hadoop.ozone.client.rpc.TestBlockOutputStreamWithFailures.test2DatanodesFailure(TestBlockOutputStreamWithFailures.java:461)
	at sun.reflect.NativeMethodAccessorImpl.invoke0(Native Method)
	at sun.reflect.NativeMethodAccessorImpl.invoke(NativeMethodAccessorImpl.java:62)
	at sun.reflect.DelegatingMethodAccessorImpl.invoke(DelegatingMethodAccessorImpl.java:43)
	at java.lang.reflect.Method.invoke(Method.java:498)
	at org.junit.runners.model.FrameworkMethod$1.runReflectiveCall(FrameworkMethod.java:47)
	at org.junit.internal.runners.model.ReflectiveCallable.run(ReflectiveCallable.java:12)
	at org.junit.runners.model.FrameworkMethod.invokeExplosively(FrameworkMethod.java:44)
	at org.junit.internal.runners.statements.InvokeMethod.evaluate(InvokeMethod.java:17)
	at org.junit.internal.runners.statements.RunBefores.evaluate(RunBefores.java:26)
	at org.junit.internal.runners.statements.RunAfters.evaluate(RunAfters.java:27)
	at org.junit.runners.ParentRunner.runLeaf(ParentRunner.java:271)
	at org.junit.runners.BlockJUnit4ClassRunner.runChild(BlockJUnit4ClassRunner.java:70)
	at org.junit.runners.BlockJUnit4ClassRunner.runChild(BlockJUnit4ClassRunner.java:50)
	at org.junit.runners.ParentRunner$3.run(ParentRunner.java:238)
	at org.junit.runners.ParentRunner$1.schedule(ParentRunner.java:63)
	at org.junit.runners.ParentRunner.runChildren(ParentRunner.java:236)
	at org.junit.runners.ParentRunner.access$000(ParentRunner.java:53)
	at org.junit.runners.ParentRunner$2.evaluate(ParentRunner.java:229)
	at org.junit.runners.ParentRunner.run(ParentRunner.java:309)
	at org.apache.maven.surefire.junit4.JUnit4Provider.execute(JUnit4Provider.java:365)
	at org.apache.maven.surefire.junit4.JUnit4Provider.executeWithRerun(JUnit4Provider.java:273)
	at org.apache.maven.surefire.junit4.JUnit4Provider.executeTestSet(JUnit4Provider.java:238)
	at org.apache.maven.surefire.junit4.JUnit4Provider.invoke(JUnit4Provider.java:159)
	at org.apache.maven.surefire.booter.ForkedBooter.invokeProviderInSameClassLoader(ForkedBooter.java:384)
	at org.apache.maven.surefire.booter.ForkedBooter.runSuitesInProcess(ForkedBooter.java:345)
	at org.apache.maven.surefire.booter.ForkedBooter.execute(ForkedBooter.java:126)
	at org.apache.maven.surefire.booter.ForkedBooter.main(ForkedBooter.java:418)
2019-08-29 08:59:40,569 | INFO  | SCMAudit | user=jenkins1000 | ip=192.168.69.87 | op=SEND_HEARTBEAT {datanodeUUID=6fa28f14-8f40-4547-905f-1fc4e9e7d51e, command=[]} | ret=SUCCESS |  
2019-08-29 08:59:40,665 | INFO  | SCMAudit | user=jenkins1000 | ip=192.168.69.87 | op=SEND_HEARTBEAT {datanodeUUID=2e835111-926f-4ebf-9fdc-c8ae7690dcd1, command=[]} | ret=SUCCESS |  
2019-08-29 08:59:40,854 | INFO  | SCMAudit | user=jenkins1000 | ip=192.168.69.87 | op=SEND_HEARTBEAT {datanodeUUID=8c7a60c7-f0e0-4151-b0ba-03bf13d5dd84, command=[]} | ret=SUCCESS |  
2019-08-29 08:59:40,914 | INFO  | SCMAudit | user=jenkins1000 | ip=192.168.69.87 | op=SEND_HEARTBEAT {datanodeUUID=e7e7da8c-f939-4fb3-bc52-3a5bf046eb23, command=[]} | ret=SUCCESS |  
2019-08-29 08:59:40,914 | INFO  | SCMAudit | user=jenkins1000 | ip=192.168.69.87 | op=SEND_HEARTBEAT {datanodeUUID=ff00a4c4-a8e1-4318-a8ca-04f99219f100, command=[]} | ret=SUCCESS |  
2019-08-29 08:59:40,974 | INFO  | SCMAudit | user=jenkins1000 | ip=192.168.69.87 | op=SEND_HEARTBEAT {datanodeUUID=6be14348-cf2d-4abb-94f1-e8c77b81db27, command=[]} | ret=SUCCESS |  
2019-08-29 08:59:41,052 | INFO  | SCMAudit | user=jenkins1000 | ip=192.168.69.87 | op=SEND_HEARTBEAT {datanodeUUID=591368fd-0e23-4e2a-b1d4-68a6dfc1d9a5, command=[]} | ret=SUCCESS |  
2019-08-29 08:59:41,514 [main] WARN  storage.CommitWatcher (CommitWatcher.java:watchForCommit(203)) - watchForCommit failed for index 14
java.util.concurrent.TimeoutException
	at java.util.concurrent.CompletableFuture.timedGet(CompletableFuture.java:1771)
	at java.util.concurrent.CompletableFuture.get(CompletableFuture.java:1915)
	at org.apache.hadoop.hdds.scm.XceiverClientRatis.watchForCommit(XceiverClientRatis.java:268)
	at org.apache.hadoop.hdds.scm.storage.CommitWatcher.watchForCommit(CommitWatcher.java:194)
	at org.apache.hadoop.hdds.scm.storage.CommitWatcher.watchOnLastIndex(CommitWatcher.java:157)
	at org.apache.hadoop.hdds.scm.storage.BlockOutputStream.watchForCommit(BlockOutputStream.java:347)
	at org.apache.hadoop.hdds.scm.storage.BlockOutputStream.handleFlush(BlockOutputStream.java:479)
	at org.apache.hadoop.hdds.scm.storage.BlockOutputStream.flush(BlockOutputStream.java:428)
	at org.apache.hadoop.ozone.client.io.BlockOutputStreamEntry.flush(BlockOutputStreamEntry.java:136)
	at org.apache.hadoop.ozone.client.io.KeyOutputStream.handleFlushOrClose(KeyOutputStream.java:442)
	at org.apache.hadoop.ozone.client.io.KeyOutputStream.flush(KeyOutputStream.java:396)
	at org.apache.hadoop.ozone.client.io.OzoneOutputStream.flush(OzoneOutputStream.java:54)
	at org.apache.hadoop.ozone.client.rpc.TestBlockOutputStreamWithFailures.test2DatanodesFailure(TestBlockOutputStreamWithFailures.java:461)
	at sun.reflect.NativeMethodAccessorImpl.invoke0(Native Method)
	at sun.reflect.NativeMethodAccessorImpl.invoke(NativeMethodAccessorImpl.java:62)
	at sun.reflect.DelegatingMethodAccessorImpl.invoke(DelegatingMethodAccessorImpl.java:43)
	at java.lang.reflect.Method.invoke(Method.java:498)
	at org.junit.runners.model.FrameworkMethod$1.runReflectiveCall(FrameworkMethod.java:47)
	at org.junit.internal.runners.model.ReflectiveCallable.run(ReflectiveCallable.java:12)
	at org.junit.runners.model.FrameworkMethod.invokeExplosively(FrameworkMethod.java:44)
	at org.junit.internal.runners.statements.InvokeMethod.evaluate(InvokeMethod.java:17)
	at org.junit.internal.runners.statements.RunBefores.evaluate(RunBefores.java:26)
	at org.junit.internal.runners.statements.RunAfters.evaluate(RunAfters.java:27)
	at org.junit.runners.ParentRunner.runLeaf(ParentRunner.java:271)
	at org.junit.runners.BlockJUnit4ClassRunner.runChild(BlockJUnit4ClassRunner.java:70)
	at org.junit.runners.BlockJUnit4ClassRunner.runChild(BlockJUnit4ClassRunner.java:50)
	at org.junit.runners.ParentRunner$3.run(ParentRunner.java:238)
	at org.junit.runners.ParentRunner$1.schedule(ParentRunner.java:63)
	at org.junit.runners.ParentRunner.runChildren(ParentRunner.java:236)
	at org.junit.runners.ParentRunner.access$000(ParentRunner.java:53)
	at org.junit.runners.ParentRunner$2.evaluate(ParentRunner.java:229)
	at org.junit.runners.ParentRunner.run(ParentRunner.java:309)
	at org.apache.maven.surefire.junit4.JUnit4Provider.execute(JUnit4Provider.java:365)
	at org.apache.maven.surefire.junit4.JUnit4Provider.executeWithRerun(JUnit4Provider.java:273)
	at org.apache.maven.surefire.junit4.JUnit4Provider.executeTestSet(JUnit4Provider.java:238)
	at org.apache.maven.surefire.junit4.JUnit4Provider.invoke(JUnit4Provider.java:159)
	at org.apache.maven.surefire.booter.ForkedBooter.invokeProviderInSameClassLoader(ForkedBooter.java:384)
	at org.apache.maven.surefire.booter.ForkedBooter.runSuitesInProcess(ForkedBooter.java:345)
	at org.apache.maven.surefire.booter.ForkedBooter.execute(ForkedBooter.java:126)
	at org.apache.maven.surefire.booter.ForkedBooter.main(ForkedBooter.java:418)
2019-08-29 08:59:41,516 [main] WARN  io.KeyOutputStream (KeyOutputStream.java:handleException(276)) - Encountered exception java.io.IOException: Unexpected Storage Container Exception: java.io.IOException: Unexpected Storage Container Exception: java.util.concurrent.TimeoutException on the pipeline Pipeline[ Id: 67cc15bc-57c0-4674-be86-78e57c937a0a, Nodes: ff00a4c4-a8e1-4318-a8ca-04f99219f100{ip: 192.168.69.87, host: pr-hdds-1935-5tjgs-3847141534, networkLocation: /default-rack, certSerialId: null}8c7a60c7-f0e0-4151-b0ba-03bf13d5dd84{ip: 192.168.69.87, host: pr-hdds-1935-5tjgs-3847141534, networkLocation: /default-rack, certSerialId: null}e7e7da8c-f939-4fb3-bc52-3a5bf046eb23{ip: 192.168.69.87, host: pr-hdds-1935-5tjgs-3847141534, networkLocation: /default-rack, certSerialId: null}, Type:RATIS, Factor:THREE, State:OPEN]. The last committed block length is 400, uncommitted data length is 50 retry count 0
2019-08-29 08:59:41,530 | INFO  | SCMAudit | user=jenkins1000 | ip=192.168.69.87 | op=ALLOCATE_BLOCK {owner=9b132f42-fe20-4fc6-a120-07c80485ff7c, size=800, type=RATIS, factor=THREE} | ret=SUCCESS |  
2019-08-29 08:59:41,532 | INFO  | OMAudit | user=jenkins1000 | ip=127.0.0.1 | op=ALLOCATE_BLOCK {volume=testblockoutputstream, bucket=testblockoutputstream, key=a1c5db10-e054-4928-a6a3-c43c470d13f6, dataSize=0, replicationType=null, replicationFactor=null, keyLocationInfo=null, clientID=102699445244264448} | ret=SUCCESS |  
2019-08-29 08:59:41,557 [grpc-default-executor-1] INFO  client.GrpcClientProtocolClient (GrpcClientProtocolClient.java:onNext(255)) - client-8DB38F8EF612->2e835111-926f-4ebf-9fdc-c8ae7690dcd1: receive RaftClientReply:client-8DB38F8EF612->2e835111-926f-4ebf-9fdc-c8ae7690dcd1@group-9512E3222F2A, cid=23, FAILED org.apache.ratis.protocol.NotLeaderException: Server 2e835111-926f-4ebf-9fdc-c8ae7690dcd1 is not the leader (null). Request must be sent to leader., logIndex=0, commits[2e835111-926f-4ebf-9fdc-c8ae7690dcd1:c-1]
2019-08-29 08:59:41,569 | INFO  | SCMAudit | user=jenkins1000 | ip=192.168.69.87 | op=SEND_HEARTBEAT {datanodeUUID=6fa28f14-8f40-4547-905f-1fc4e9e7d51e, command=[]} | ret=SUCCESS |  
2019-08-29 08:59:41,664 | INFO  | SCMAudit | user=jenkins1000 | ip=192.168.69.87 | op=SEND_HEARTBEAT {datanodeUUID=2e835111-926f-4ebf-9fdc-c8ae7690dcd1, command=[]} | ret=SUCCESS |  
2019-08-29 08:59:41,861 | INFO  | SCMAudit | user=jenkins1000 | ip=192.168.69.87 | op=SEND_HEARTBEAT {datanodeUUID=8c7a60c7-f0e0-4151-b0ba-03bf13d5dd84, command=[]} | ret=SUCCESS |  
2019-08-29 08:59:41,914 | INFO  | SCMAudit | user=jenkins1000 | ip=192.168.69.87 | op=SEND_HEARTBEAT {datanodeUUID=e7e7da8c-f939-4fb3-bc52-3a5bf046eb23, command=[]} | ret=SUCCESS |  
2019-08-29 08:59:41,915 | INFO  | SCMAudit | user=jenkins1000 | ip=192.168.69.87 | op=SEND_HEARTBEAT {datanodeUUID=ff00a4c4-a8e1-4318-a8ca-04f99219f100, command=[]} | ret=SUCCESS |  
2019-08-29 08:59:41,974 | INFO  | SCMAudit | user=jenkins1000 | ip=192.168.69.87 | op=SEND_HEARTBEAT {datanodeUUID=6be14348-cf2d-4abb-94f1-e8c77b81db27, command=[]} | ret=SUCCESS |  
2019-08-29 08:59:41,994 | INFO  | DNAudit | user=null | ip=null | op=PUT_BLOCK {blockData=[blockId=conID: 1 locID: 102699445263073281 bcsId: 0,size=450]} | ret=SUCCESS |  
2019-08-29 08:59:41,994 | INFO  | DNAudit | user=null | ip=null | op=PUT_BLOCK {blockData=[blockId=conID: 1 locID: 102699445263073281 bcsId: 0,size=450]} | ret=SUCCESS |  
2019-08-29 08:59:41,996 [grpc-default-executor-3] INFO  client.GrpcClientProtocolClient (GrpcClientProtocolClient.java:onNext(255)) - client-5A4EA94FE93C->8c7a60c7-f0e0-4151-b0ba-03bf13d5dd84: receive RaftClientReply:client-5A4EA94FE93C->8c7a60c7-f0e0-4151-b0ba-03bf13d5dd84@group-78E57C937A0A, cid=21, SUCCESS, logIndex=0, commits[8c7a60c7-f0e0-4151-b0ba-03bf13d5dd84:c16, ff00a4c4-a8e1-4318-a8ca-04f99219f100:c16, e7e7da8c-f939-4fb3-bc52-3a5bf046eb23:c16]
2019-08-29 08:59:41,998 [grpc-default-executor-3] INFO  client.GrpcClientProtocolClient (GrpcClientProtocolClient.java:onNext(255)) - client-5A4EA94FE93C->8c7a60c7-f0e0-4151-b0ba-03bf13d5dd84: receive RaftClientReply:client-5A4EA94FE93C->8c7a60c7-f0e0-4151-b0ba-03bf13d5dd84@group-78E57C937A0A, cid=22, SUCCESS, logIndex=0, commits[8c7a60c7-f0e0-4151-b0ba-03bf13d5dd84:c16, ff00a4c4-a8e1-4318-a8ca-04f99219f100:c16, e7e7da8c-f939-4fb3-bc52-3a5bf046eb23:c16]
2019-08-29 08:59:42,002 [Thread-323] INFO  impl.FollowerState (FollowerState.java:run(106)) - 2e835111-926f-4ebf-9fdc-c8ae7690dcd1:group-9512E3222F2A changes to CANDIDATE, lastRpcTime:5033, electionTimeout:5024ms
2019-08-29 08:59:42,003 [Thread-323] INFO  impl.RoleInfo (RoleInfo.java:shutdownFollowerState(121)) - 2e835111-926f-4ebf-9fdc-c8ae7690dcd1: shutdown FollowerState
2019-08-29 08:59:42,004 [Thread-323] INFO  impl.RaftServerImpl (RaftServerImpl.java:setRole(171)) - 2e835111-926f-4ebf-9fdc-c8ae7690dcd1:group-9512E3222F2A changes role from FOLLOWER to CANDIDATE at term 2 for changeToCandidate
2019-08-29 08:59:42,004 [Thread-323] INFO  impl.RoleInfo (RoleInfo.java:updateAndGet(143)) - 2e835111-926f-4ebf-9fdc-c8ae7690dcd1: start LeaderElection
2019-08-29 08:59:42,006 [Thread-324] INFO  impl.FollowerState (FollowerState.java:run(106)) - 6fa28f14-8f40-4547-905f-1fc4e9e7d51e:group-9512E3222F2A changes to CANDIDATE, lastRpcTime:5023, electionTimeout:5021ms
2019-08-29 08:59:42,006 [Thread-324] INFO  impl.RoleInfo (RoleInfo.java:shutdownFollowerState(121)) - 6fa28f14-8f40-4547-905f-1fc4e9e7d51e: shutdown FollowerState
2019-08-29 08:59:42,006 [Thread-324] INFO  impl.RaftServerImpl (RaftServerImpl.java:setRole(171)) - 6fa28f14-8f40-4547-905f-1fc4e9e7d51e:group-9512E3222F2A changes role from FOLLOWER to CANDIDATE at term 2 for changeToCandidate
2019-08-29 08:59:42,006 [Thread-324] INFO  impl.RoleInfo (RoleInfo.java:updateAndGet(143)) - 6fa28f14-8f40-4547-905f-1fc4e9e7d51e: start LeaderElection
2019-08-29 08:59:42,006 [Thread-318] INFO  impl.FollowerState (FollowerState.java:run(106)) - 591368fd-0e23-4e2a-b1d4-68a6dfc1d9a5:group-9512E3222F2A changes to CANDIDATE, lastRpcTime:5113, electionTimeout:5113ms
2019-08-29 08:59:42,007 [Thread-318] INFO  impl.RoleInfo (RoleInfo.java:shutdownFollowerState(121)) - 591368fd-0e23-4e2a-b1d4-68a6dfc1d9a5: shutdown FollowerState
2019-08-29 08:59:42,008 [Thread-318] INFO  impl.RaftServerImpl (RaftServerImpl.java:setRole(171)) - 591368fd-0e23-4e2a-b1d4-68a6dfc1d9a5:group-9512E3222F2A changes role from FOLLOWER to CANDIDATE at term 2 for changeToCandidate
2019-08-29 08:59:42,008 [Thread-318] INFO  impl.RoleInfo (RoleInfo.java:updateAndGet(143)) - 591368fd-0e23-4e2a-b1d4-68a6dfc1d9a5: start LeaderElection
2019-08-29 08:59:42,029 [2e835111-926f-4ebf-9fdc-c8ae7690dcd1:group-9512E3222F2A:LeaderElection12] INFO  impl.LeaderElection (LeaderElection.java:askForVotes(181)) - 2e835111-926f-4ebf-9fdc-c8ae7690dcd1:group-9512E3222F2A:LeaderElection12: begin an election at term 3 for -1: [6fa28f14-8f40-4547-905f-1fc4e9e7d51e:192.168.69.87:38879, 2e835111-926f-4ebf-9fdc-c8ae7690dcd1:192.168.69.87:38883, 591368fd-0e23-4e2a-b1d4-68a6dfc1d9a5:192.168.69.87:37589], old=null
2019-08-29 08:59:42,029 [591368fd-0e23-4e2a-b1d4-68a6dfc1d9a5:group-9512E3222F2A:LeaderElection14] INFO  impl.LeaderElection (LeaderElection.java:askForVotes(181)) - 591368fd-0e23-4e2a-b1d4-68a6dfc1d9a5:group-9512E3222F2A:LeaderElection14: begin an election at term 3 for -1: [6fa28f14-8f40-4547-905f-1fc4e9e7d51e:192.168.69.87:38879, 2e835111-926f-4ebf-9fdc-c8ae7690dcd1:192.168.69.87:38883, 591368fd-0e23-4e2a-b1d4-68a6dfc1d9a5:192.168.69.87:37589], old=null
2019-08-29 08:59:42,029 [6fa28f14-8f40-4547-905f-1fc4e9e7d51e:group-9512E3222F2A:LeaderElection13] INFO  impl.LeaderElection (LeaderElection.java:askForVotes(181)) - 6fa28f14-8f40-4547-905f-1fc4e9e7d51e:group-9512E3222F2A:LeaderElection13: begin an election at term 3 for -1: [6fa28f14-8f40-4547-905f-1fc4e9e7d51e:192.168.69.87:38879, 2e835111-926f-4ebf-9fdc-c8ae7690dcd1:192.168.69.87:38883, 591368fd-0e23-4e2a-b1d4-68a6dfc1d9a5:192.168.69.87:37589], old=null
2019-08-29 08:59:42,047 [591368fd-0e23-4e2a-b1d4-68a6dfc1d9a5:group-9512E3222F2A:LeaderElection14] INFO  impl.LeaderElection (LeaderElection.java:logAndReturn(56)) - 591368fd-0e23-4e2a-b1d4-68a6dfc1d9a5:group-9512E3222F2A:LeaderElection14: Election REJECTED; received 2 response(s) [591368fd-0e23-4e2a-b1d4-68a6dfc1d9a5<-6fa28f14-8f40-4547-905f-1fc4e9e7d51e#0:FAIL-t3, 591368fd-0e23-4e2a-b1d4-68a6dfc1d9a5<-2e835111-926f-4ebf-9fdc-c8ae7690dcd1#0:FAIL-t3] and 0 exception(s); 591368fd-0e23-4e2a-b1d4-68a6dfc1d9a5:t3, leader=null, voted=591368fd-0e23-4e2a-b1d4-68a6dfc1d9a5, raftlog=591368fd-0e23-4e2a-b1d4-68a6dfc1d9a5-SegmentedRaftLog:OPENED:c-1,f-1,i0, conf=-1: [6fa28f14-8f40-4547-905f-1fc4e9e7d51e:192.168.69.87:38879, 2e835111-926f-4ebf-9fdc-c8ae7690dcd1:192.168.69.87:38883, 591368fd-0e23-4e2a-b1d4-68a6dfc1d9a5:192.168.69.87:37589], old=null
2019-08-29 08:59:42,047 [591368fd-0e23-4e2a-b1d4-68a6dfc1d9a5:group-9512E3222F2A:LeaderElection14] INFO  impl.RaftServerImpl (RaftServerImpl.java:setRole(171)) - 591368fd-0e23-4e2a-b1d4-68a6dfc1d9a5:group-9512E3222F2A changes role from CANDIDATE to FOLLOWER at term 3 for DISCOVERED_A_NEW_TERM
2019-08-29 08:59:42,054 [591368fd-0e23-4e2a-b1d4-68a6dfc1d9a5:group-9512E3222F2A:LeaderElection14] INFO  impl.RoleInfo (RoleInfo.java:shutdownLeaderElection(134)) - 591368fd-0e23-4e2a-b1d4-68a6dfc1d9a5: shutdown LeaderElection
2019-08-29 08:59:42,054 [6fa28f14-8f40-4547-905f-1fc4e9e7d51e:group-9512E3222F2A:LeaderElection13] INFO  impl.LeaderElection (LeaderElection.java:logAndReturn(56)) - 6fa28f14-8f40-4547-905f-1fc4e9e7d51e:group-9512E3222F2A:LeaderElection13: Election REJECTED; received 2 response(s) [6fa28f14-8f40-4547-905f-1fc4e9e7d51e<-2e835111-926f-4ebf-9fdc-c8ae7690dcd1#0:FAIL-t3, 6fa28f14-8f40-4547-905f-1fc4e9e7d51e<-591368fd-0e23-4e2a-b1d4-68a6dfc1d9a5#0:FAIL-t3] and 0 exception(s); 6fa28f14-8f40-4547-905f-1fc4e9e7d51e:t3, leader=null, voted=6fa28f14-8f40-4547-905f-1fc4e9e7d51e, raftlog=6fa28f14-8f40-4547-905f-1fc4e9e7d51e-SegmentedRaftLog:OPENED:c-1,f-1,i0, conf=-1: [6fa28f14-8f40-4547-905f-1fc4e9e7d51e:192.168.69.87:38879, 2e835111-926f-4ebf-9fdc-c8ae7690dcd1:192.168.69.87:38883, 591368fd-0e23-4e2a-b1d4-68a6dfc1d9a5:192.168.69.87:37589], old=null
2019-08-29 08:59:42,056 [6fa28f14-8f40-4547-905f-1fc4e9e7d51e:group-9512E3222F2A:LeaderElection13] INFO  impl.RaftServerImpl (RaftServerImpl.java:setRole(171)) - 6fa28f14-8f40-4547-905f-1fc4e9e7d51e:group-9512E3222F2A changes role from CANDIDATE to FOLLOWER at term 3 for DISCOVERED_A_NEW_TERM
2019-08-29 08:59:42,056 [591368fd-0e23-4e2a-b1d4-68a6dfc1d9a5:group-9512E3222F2A:LeaderElection14] INFO  impl.RoleInfo (RoleInfo.java:updateAndGet(143)) - 591368fd-0e23-4e2a-b1d4-68a6dfc1d9a5: start FollowerState
2019-08-29 08:59:42,057 [2e835111-926f-4ebf-9fdc-c8ae7690dcd1:group-9512E3222F2A:LeaderElection12] INFO  impl.LeaderElection (LeaderElection.java:logAndReturn(56)) - 2e835111-926f-4ebf-9fdc-c8ae7690dcd1:group-9512E3222F2A:LeaderElection12: Election REJECTED; received 2 response(s) [2e835111-926f-4ebf-9fdc-c8ae7690dcd1<-6fa28f14-8f40-4547-905f-1fc4e9e7d51e#0:FAIL-t3, 2e835111-926f-4ebf-9fdc-c8ae7690dcd1<-591368fd-0e23-4e2a-b1d4-68a6dfc1d9a5#0:FAIL-t3] and 0 exception(s); 2e835111-926f-4ebf-9fdc-c8ae7690dcd1:t3, leader=null, voted=2e835111-926f-4ebf-9fdc-c8ae7690dcd1, raftlog=2e835111-926f-4ebf-9fdc-c8ae7690dcd1-SegmentedRaftLog:OPENED:c-1,f-1,i0, conf=-1: [6fa28f14-8f40-4547-905f-1fc4e9e7d51e:192.168.69.87:38879, 2e835111-926f-4ebf-9fdc-c8ae7690dcd1:192.168.69.87:38883, 591368fd-0e23-4e2a-b1d4-68a6dfc1d9a5:192.168.69.87:37589], old=null
2019-08-29 08:59:42,059 | INFO  | SCMAudit | user=jenkins1000 | ip=192.168.69.87 | op=SEND_HEARTBEAT {datanodeUUID=591368fd-0e23-4e2a-b1d4-68a6dfc1d9a5, command=[]} | ret=SUCCESS |  
2019-08-29 08:59:42,056 [6fa28f14-8f40-4547-905f-1fc4e9e7d51e:group-9512E3222F2A:LeaderElection13] INFO  impl.RoleInfo (RoleInfo.java:shutdownLeaderElection(134)) - 6fa28f14-8f40-4547-905f-1fc4e9e7d51e: shutdown LeaderElection
2019-08-29 08:59:42,059 [2e835111-926f-4ebf-9fdc-c8ae7690dcd1:group-9512E3222F2A:LeaderElection12] INFO  impl.RaftServerImpl (RaftServerImpl.java:setRole(171)) - 2e835111-926f-4ebf-9fdc-c8ae7690dcd1:group-9512E3222F2A changes role from CANDIDATE to FOLLOWER at term 3 for DISCOVERED_A_NEW_TERM
2019-08-29 08:59:42,066 [2e835111-926f-4ebf-9fdc-c8ae7690dcd1:group-9512E3222F2A:LeaderElection12] INFO  impl.RoleInfo (RoleInfo.java:shutdownLeaderElection(134)) - 2e835111-926f-4ebf-9fdc-c8ae7690dcd1: shutdown LeaderElection
2019-08-29 08:59:42,066 [6fa28f14-8f40-4547-905f-1fc4e9e7d51e:group-9512E3222F2A:LeaderElection13] INFO  impl.RoleInfo (RoleInfo.java:updateAndGet(143)) - 6fa28f14-8f40-4547-905f-1fc4e9e7d51e: start FollowerState
2019-08-29 08:59:42,066 [2e835111-926f-4ebf-9fdc-c8ae7690dcd1:group-9512E3222F2A:LeaderElection12] INFO  impl.RoleInfo (RoleInfo.java:updateAndGet(143)) - 2e835111-926f-4ebf-9fdc-c8ae7690dcd1: start FollowerState
2019-08-29 08:59:42,573 | INFO  | SCMAudit | user=jenkins1000 | ip=192.168.69.87 | op=SEND_HEARTBEAT {datanodeUUID=6fa28f14-8f40-4547-905f-1fc4e9e7d51e, command=[]} | ret=SUCCESS |  
2019-08-29 08:59:42,584 [grpc-default-executor-2] INFO  client.GrpcClientProtocolClient (GrpcClientProtocolClient.java:onNext(255)) - client-8DB38F8EF612->6fa28f14-8f40-4547-905f-1fc4e9e7d51e: receive RaftClientReply:client-8DB38F8EF612->6fa28f14-8f40-4547-905f-1fc4e9e7d51e@group-9512E3222F2A, cid=23, FAILED org.apache.ratis.protocol.NotLeaderException: Server 6fa28f14-8f40-4547-905f-1fc4e9e7d51e is not the leader (null). Request must be sent to leader., logIndex=0, commits[6fa28f14-8f40-4547-905f-1fc4e9e7d51e:c-1]
2019-08-29 08:59:42,664 | INFO  | SCMAudit | user=jenkins1000 | ip=192.168.69.87 | op=SEND_HEARTBEAT {datanodeUUID=2e835111-926f-4ebf-9fdc-c8ae7690dcd1, command=[]} | ret=SUCCESS |  
2019-08-29 08:59:42,859 | INFO  | SCMAudit | user=jenkins1000 | ip=192.168.69.87 | op=SEND_HEARTBEAT {datanodeUUID=8c7a60c7-f0e0-4151-b0ba-03bf13d5dd84, command=[]} | ret=SUCCESS |  
2019-08-29 08:59:42,914 | INFO  | SCMAudit | user=jenkins1000 | ip=192.168.69.87 | op=SEND_HEARTBEAT {datanodeUUID=e7e7da8c-f939-4fb3-bc52-3a5bf046eb23, command=[]} | ret=SUCCESS |  
2019-08-29 08:59:42,915 | INFO  | SCMAudit | user=jenkins1000 | ip=192.168.69.87 | op=SEND_HEARTBEAT {datanodeUUID=ff00a4c4-a8e1-4318-a8ca-04f99219f100, command=[]} | ret=SUCCESS |  
2019-08-29 08:59:42,975 | INFO  | SCMAudit | user=jenkins1000 | ip=192.168.69.87 | op=SEND_HEARTBEAT {datanodeUUID=6be14348-cf2d-4abb-94f1-e8c77b81db27, command=[]} | ret=SUCCESS |  
2019-08-29 08:59:43,056 | INFO  | SCMAudit | user=jenkins1000 | ip=192.168.69.87 | op=SEND_HEARTBEAT {datanodeUUID=591368fd-0e23-4e2a-b1d4-68a6dfc1d9a5, command=[]} | ret=SUCCESS |  
2019-08-29 08:59:43,572 | INFO  | SCMAudit | user=jenkins1000 | ip=192.168.69.87 | op=SEND_HEARTBEAT {datanodeUUID=6fa28f14-8f40-4547-905f-1fc4e9e7d51e, command=[]} | ret=SUCCESS |  
2019-08-29 08:59:43,612 [grpc-default-executor-2] INFO  client.GrpcClientProtocolClient (GrpcClientProtocolClient.java:onNext(255)) - client-8DB38F8EF612->2e835111-926f-4ebf-9fdc-c8ae7690dcd1: receive RaftClientReply:client-8DB38F8EF612->2e835111-926f-4ebf-9fdc-c8ae7690dcd1@group-9512E3222F2A, cid=23, FAILED org.apache.ratis.protocol.NotLeaderException: Server 2e835111-926f-4ebf-9fdc-c8ae7690dcd1 is not the leader (null). Request must be sent to leader., logIndex=0, commits[2e835111-926f-4ebf-9fdc-c8ae7690dcd1:c-1]
2019-08-29 08:59:43,665 | INFO  | SCMAudit | user=jenkins1000 | ip=192.168.69.87 | op=SEND_HEARTBEAT {datanodeUUID=2e835111-926f-4ebf-9fdc-c8ae7690dcd1, command=[]} | ret=SUCCESS |  
2019-08-29 08:59:43,860 | INFO  | SCMAudit | user=jenkins1000 | ip=192.168.69.87 | op=SEND_HEARTBEAT {datanodeUUID=8c7a60c7-f0e0-4151-b0ba-03bf13d5dd84, command=[]} | ret=SUCCESS |  
2019-08-29 08:59:43,914 | INFO  | SCMAudit | user=jenkins1000 | ip=192.168.69.87 | op=SEND_HEARTBEAT {datanodeUUID=e7e7da8c-f939-4fb3-bc52-3a5bf046eb23, command=[]} | ret=SUCCESS |  
2019-08-29 08:59:43,916 | INFO  | SCMAudit | user=jenkins1000 | ip=192.168.69.87 | op=SEND_HEARTBEAT {datanodeUUID=ff00a4c4-a8e1-4318-a8ca-04f99219f100, command=[]} | ret=SUCCESS |  
2019-08-29 08:59:43,975 | INFO  | SCMAudit | user=jenkins1000 | ip=192.168.69.87 | op=SEND_HEARTBEAT {datanodeUUID=6be14348-cf2d-4abb-94f1-e8c77b81db27, command=[]} | ret=SUCCESS |  
2019-08-29 08:59:44,056 | INFO  | SCMAudit | user=jenkins1000 | ip=192.168.69.87 | op=SEND_HEARTBEAT {datanodeUUID=591368fd-0e23-4e2a-b1d4-68a6dfc1d9a5, command=[]} | ret=SUCCESS |  
2019-08-29 08:59:44,569 | INFO  | SCMAudit | user=jenkins1000 | ip=192.168.69.87 | op=SEND_HEARTBEAT {datanodeUUID=6fa28f14-8f40-4547-905f-1fc4e9e7d51e, command=[]} | ret=SUCCESS |  
2019-08-29 08:59:44,632 [grpc-default-executor-2] INFO  client.GrpcClientProtocolClient (GrpcClientProtocolClient.java:onNext(255)) - client-8DB38F8EF612->591368fd-0e23-4e2a-b1d4-68a6dfc1d9a5: receive RaftClientReply:client-8DB38F8EF612->591368fd-0e23-4e2a-b1d4-68a6dfc1d9a5@group-9512E3222F2A, cid=23, FAILED org.apache.ratis.protocol.NotLeaderException: Server 591368fd-0e23-4e2a-b1d4-68a6dfc1d9a5 is not the leader (null). Request must be sent to leader., logIndex=0, commits[591368fd-0e23-4e2a-b1d4-68a6dfc1d9a5:c-1]
2019-08-29 08:59:44,665 | INFO  | SCMAudit | user=jenkins1000 | ip=192.168.69.87 | op=SEND_HEARTBEAT {datanodeUUID=2e835111-926f-4ebf-9fdc-c8ae7690dcd1, command=[]} | ret=SUCCESS |  
2019-08-29 08:59:44,859 | INFO  | SCMAudit | user=jenkins1000 | ip=192.168.69.87 | op=SEND_HEARTBEAT {datanodeUUID=8c7a60c7-f0e0-4151-b0ba-03bf13d5dd84, command=[]} | ret=SUCCESS |  
2019-08-29 08:59:44,914 | INFO  | SCMAudit | user=jenkins1000 | ip=192.168.69.87 | op=SEND_HEARTBEAT {datanodeUUID=e7e7da8c-f939-4fb3-bc52-3a5bf046eb23, command=[]} | ret=SUCCESS |  
2019-08-29 08:59:44,915 | INFO  | SCMAudit | user=jenkins1000 | ip=192.168.69.87 | op=SEND_HEARTBEAT {datanodeUUID=ff00a4c4-a8e1-4318-a8ca-04f99219f100, command=[]} | ret=SUCCESS |  
2019-08-29 08:59:44,974 | INFO  | SCMAudit | user=jenkins1000 | ip=192.168.69.87 | op=SEND_HEARTBEAT {datanodeUUID=6be14348-cf2d-4abb-94f1-e8c77b81db27, command=[]} | ret=SUCCESS |  
2019-08-29 08:59:45,057 | INFO  | SCMAudit | user=jenkins1000 | ip=192.168.69.87 | op=SEND_HEARTBEAT {datanodeUUID=591368fd-0e23-4e2a-b1d4-68a6dfc1d9a5, command=[]} | ret=SUCCESS |  
2019-08-29 08:59:45,569 | INFO  | SCMAudit | user=jenkins1000 | ip=192.168.69.87 | op=SEND_HEARTBEAT {datanodeUUID=6fa28f14-8f40-4547-905f-1fc4e9e7d51e, command=[]} | ret=SUCCESS |  
2019-08-29 08:59:45,653 [grpc-default-executor-1] INFO  client.GrpcClientProtocolClient (GrpcClientProtocolClient.java:onNext(255)) - client-8DB38F8EF612->6fa28f14-8f40-4547-905f-1fc4e9e7d51e: receive RaftClientReply:client-8DB38F8EF612->6fa28f14-8f40-4547-905f-1fc4e9e7d51e@group-9512E3222F2A, cid=23, FAILED org.apache.ratis.protocol.NotLeaderException: Server 6fa28f14-8f40-4547-905f-1fc4e9e7d51e is not the leader (null). Request must be sent to leader., logIndex=0, commits[6fa28f14-8f40-4547-905f-1fc4e9e7d51e:c-1]
2019-08-29 08:59:45,665 | INFO  | SCMAudit | user=jenkins1000 | ip=192.168.69.87 | op=SEND_HEARTBEAT {datanodeUUID=2e835111-926f-4ebf-9fdc-c8ae7690dcd1, command=[]} | ret=SUCCESS |  
2019-08-29 08:59:45,859 | INFO  | SCMAudit | user=jenkins1000 | ip=192.168.69.87 | op=SEND_HEARTBEAT {datanodeUUID=8c7a60c7-f0e0-4151-b0ba-03bf13d5dd84, command=[]} | ret=SUCCESS |  
2019-08-29 08:59:45,914 | INFO  | SCMAudit | user=jenkins1000 | ip=192.168.69.87 | op=SEND_HEARTBEAT {datanodeUUID=e7e7da8c-f939-4fb3-bc52-3a5bf046eb23, command=[]} | ret=SUCCESS |  
2019-08-29 08:59:45,915 | INFO  | SCMAudit | user=jenkins1000 | ip=192.168.69.87 | op=SEND_HEARTBEAT {datanodeUUID=ff00a4c4-a8e1-4318-a8ca-04f99219f100, command=[]} | ret=SUCCESS |  
2019-08-29 08:59:45,974 | INFO  | SCMAudit | user=jenkins1000 | ip=192.168.69.87 | op=SEND_HEARTBEAT {datanodeUUID=6be14348-cf2d-4abb-94f1-e8c77b81db27, command=[]} | ret=SUCCESS |  
2019-08-29 08:59:46,056 | INFO  | SCMAudit | user=jenkins1000 | ip=192.168.69.87 | op=SEND_HEARTBEAT {datanodeUUID=591368fd-0e23-4e2a-b1d4-68a6dfc1d9a5, command=[]} | ret=SUCCESS |  
2019-08-29 08:59:46,569 | INFO  | SCMAudit | user=jenkins1000 | ip=192.168.69.87 | op=SEND_HEARTBEAT {datanodeUUID=6fa28f14-8f40-4547-905f-1fc4e9e7d51e, command=[]} | ret=SUCCESS |  
2019-08-29 08:59:46,665 | INFO  | SCMAudit | user=jenkins1000 | ip=192.168.69.87 | op=SEND_HEARTBEAT {datanodeUUID=2e835111-926f-4ebf-9fdc-c8ae7690dcd1, command=[]} | ret=SUCCESS |  
2019-08-29 08:59:46,669 [grpc-default-executor-1] INFO  client.GrpcClientProtocolClient (GrpcClientProtocolClient.java:onNext(255)) - client-8DB38F8EF612->2e835111-926f-4ebf-9fdc-c8ae7690dcd1: receive RaftClientReply:client-8DB38F8EF612->2e835111-926f-4ebf-9fdc-c8ae7690dcd1@group-9512E3222F2A, cid=23, FAILED org.apache.ratis.protocol.NotLeaderException: Server 2e835111-926f-4ebf-9fdc-c8ae7690dcd1 is not the leader (null). Request must be sent to leader., logIndex=0, commits[2e835111-926f-4ebf-9fdc-c8ae7690dcd1:c-1]
2019-08-29 08:59:46,859 | INFO  | SCMAudit | user=jenkins1000 | ip=192.168.69.87 | op=SEND_HEARTBEAT {datanodeUUID=8c7a60c7-f0e0-4151-b0ba-03bf13d5dd84, command=[]} | ret=SUCCESS |  
2019-08-29 08:59:46,914 | INFO  | SCMAudit | user=jenkins1000 | ip=192.168.69.87 | op=SEND_HEARTBEAT {datanodeUUID=e7e7da8c-f939-4fb3-bc52-3a5bf046eb23, command=[]} | ret=SUCCESS |  
2019-08-29 08:59:46,916 | INFO  | SCMAudit | user=jenkins1000 | ip=192.168.69.87 | op=SEND_HEARTBEAT {datanodeUUID=ff00a4c4-a8e1-4318-a8ca-04f99219f100, command=[]} | ret=SUCCESS |  
2019-08-29 08:59:46,974 | INFO  | SCMAudit | user=jenkins1000 | ip=192.168.69.87 | op=SEND_HEARTBEAT {datanodeUUID=6be14348-cf2d-4abb-94f1-e8c77b81db27, command=[]} | ret=SUCCESS |  
2019-08-29 08:59:47,056 | INFO  | SCMAudit | user=jenkins1000 | ip=192.168.69.87 | op=SEND_HEARTBEAT {datanodeUUID=591368fd-0e23-4e2a-b1d4-68a6dfc1d9a5, command=[]} | ret=SUCCESS |  
2019-08-29 08:59:47,114 [Thread-411] INFO  impl.FollowerState (FollowerState.java:run(106)) - 2e835111-926f-4ebf-9fdc-c8ae7690dcd1:group-9512E3222F2A changes to CANDIDATE, lastRpcTime:5048, electionTimeout:5048ms
2019-08-29 08:59:47,115 [Thread-411] INFO  impl.RoleInfo (RoleInfo.java:shutdownFollowerState(121)) - 2e835111-926f-4ebf-9fdc-c8ae7690dcd1: shutdown FollowerState
2019-08-29 08:59:47,115 [Thread-411] INFO  impl.RaftServerImpl (RaftServerImpl.java:setRole(171)) - 2e835111-926f-4ebf-9fdc-c8ae7690dcd1:group-9512E3222F2A changes role from FOLLOWER to CANDIDATE at term 3 for changeToCandidate
2019-08-29 08:59:47,115 [Thread-411] INFO  impl.RoleInfo (RoleInfo.java:updateAndGet(143)) - 2e835111-926f-4ebf-9fdc-c8ae7690dcd1: start LeaderElection
2019-08-29 08:59:47,122 [Thread-409] INFO  impl.FollowerState (FollowerState.java:run(106)) - 591368fd-0e23-4e2a-b1d4-68a6dfc1d9a5:group-9512E3222F2A changes to CANDIDATE, lastRpcTime:5065, electionTimeout:5063ms
2019-08-29 08:59:47,122 [Thread-409] INFO  impl.RoleInfo (RoleInfo.java:shutdownFollowerState(121)) - 591368fd-0e23-4e2a-b1d4-68a6dfc1d9a5: shutdown FollowerState
2019-08-29 08:59:47,122 [Thread-409] INFO  impl.RaftServerImpl (RaftServerImpl.java:setRole(171)) - 591368fd-0e23-4e2a-b1d4-68a6dfc1d9a5:group-9512E3222F2A changes role from FOLLOWER to CANDIDATE at term 3 for changeToCandidate
2019-08-29 08:59:47,122 [Thread-409] INFO  impl.RoleInfo (RoleInfo.java:updateAndGet(143)) - 591368fd-0e23-4e2a-b1d4-68a6dfc1d9a5: start LeaderElection
2019-08-29 08:59:47,138 [2e835111-926f-4ebf-9fdc-c8ae7690dcd1:group-9512E3222F2A:LeaderElection15] INFO  impl.LeaderElection (LeaderElection.java:askForVotes(181)) - 2e835111-926f-4ebf-9fdc-c8ae7690dcd1:group-9512E3222F2A:LeaderElection15: begin an election at term 4 for -1: [6fa28f14-8f40-4547-905f-1fc4e9e7d51e:192.168.69.87:38879, 2e835111-926f-4ebf-9fdc-c8ae7690dcd1:192.168.69.87:38883, 591368fd-0e23-4e2a-b1d4-68a6dfc1d9a5:192.168.69.87:37589], old=null
2019-08-29 08:59:47,144 [grpc-default-executor-2] INFO  impl.RaftServerImpl (RaftServerImpl.java:setRole(171)) - 6fa28f14-8f40-4547-905f-1fc4e9e7d51e:group-9512E3222F2A changes role from FOLLOWER to FOLLOWER at term 4 for recognizeCandidate:2e835111-926f-4ebf-9fdc-c8ae7690dcd1
2019-08-29 08:59:47,144 [grpc-default-executor-2] INFO  impl.RoleInfo (RoleInfo.java:shutdownFollowerState(121)) - 6fa28f14-8f40-4547-905f-1fc4e9e7d51e: shutdown FollowerState
2019-08-29 08:59:47,144 [Thread-410] INFO  impl.FollowerState (FollowerState.java:run(114)) - 6fa28f14-8f40-4547-905f-1fc4e9e7d51e: FollowerState was interrupted: java.lang.InterruptedException: sleep interrupted
2019-08-29 08:59:47,145 [grpc-default-executor-2] INFO  impl.RoleInfo (RoleInfo.java:updateAndGet(143)) - 6fa28f14-8f40-4547-905f-1fc4e9e7d51e: start FollowerState
2019-08-29 08:59:47,155 [591368fd-0e23-4e2a-b1d4-68a6dfc1d9a5:group-9512E3222F2A:LeaderElection16] INFO  impl.LeaderElection (LeaderElection.java:askForVotes(181)) - 591368fd-0e23-4e2a-b1d4-68a6dfc1d9a5:group-9512E3222F2A:LeaderElection16: begin an election at term 4 for -1: [6fa28f14-8f40-4547-905f-1fc4e9e7d51e:192.168.69.87:38879, 2e835111-926f-4ebf-9fdc-c8ae7690dcd1:192.168.69.87:38883, 591368fd-0e23-4e2a-b1d4-68a6dfc1d9a5:192.168.69.87:37589], old=null
2019-08-29 08:59:47,176 [2e835111-926f-4ebf-9fdc-c8ae7690dcd1:group-9512E3222F2A:LeaderElection15] INFO  impl.LeaderElection (LeaderElection.java:logAndReturn(56)) - 2e835111-926f-4ebf-9fdc-c8ae7690dcd1:group-9512E3222F2A:LeaderElection15: Election PASSED; received 2 response(s) [2e835111-926f-4ebf-9fdc-c8ae7690dcd1<-6fa28f14-8f40-4547-905f-1fc4e9e7d51e#0:OK-t4, 2e835111-926f-4ebf-9fdc-c8ae7690dcd1<-591368fd-0e23-4e2a-b1d4-68a6dfc1d9a5#0:FAIL-t4] and 0 exception(s); 2e835111-926f-4ebf-9fdc-c8ae7690dcd1:t4, leader=null, voted=2e835111-926f-4ebf-9fdc-c8ae7690dcd1, raftlog=2e835111-926f-4ebf-9fdc-c8ae7690dcd1-SegmentedRaftLog:OPENED:c-1,f-1,i0, conf=-1: [6fa28f14-8f40-4547-905f-1fc4e9e7d51e:192.168.69.87:38879, 2e835111-926f-4ebf-9fdc-c8ae7690dcd1:192.168.69.87:38883, 591368fd-0e23-4e2a-b1d4-68a6dfc1d9a5:192.168.69.87:37589], old=null
2019-08-29 08:59:47,176 [591368fd-0e23-4e2a-b1d4-68a6dfc1d9a5:group-9512E3222F2A:LeaderElection16] INFO  impl.LeaderElection (LeaderElection.java:logAndReturn(56)) - 591368fd-0e23-4e2a-b1d4-68a6dfc1d9a5:group-9512E3222F2A:LeaderElection16: Election REJECTED; received 2 response(s) [591368fd-0e23-4e2a-b1d4-68a6dfc1d9a5<-6fa28f14-8f40-4547-905f-1fc4e9e7d51e#0:FAIL-t4, 591368fd-0e23-4e2a-b1d4-68a6dfc1d9a5<-2e835111-926f-4ebf-9fdc-c8ae7690dcd1#0:FAIL-t4] and 0 exception(s); 591368fd-0e23-4e2a-b1d4-68a6dfc1d9a5:t4, leader=null, voted=591368fd-0e23-4e2a-b1d4-68a6dfc1d9a5, raftlog=591368fd-0e23-4e2a-b1d4-68a6dfc1d9a5-SegmentedRaftLog:OPENED:c-1,f-1,i0, conf=-1: [6fa28f14-8f40-4547-905f-1fc4e9e7d51e:192.168.69.87:38879, 2e835111-926f-4ebf-9fdc-c8ae7690dcd1:192.168.69.87:38883, 591368fd-0e23-4e2a-b1d4-68a6dfc1d9a5:192.168.69.87:37589], old=null
2019-08-29 08:59:47,176 [2e835111-926f-4ebf-9fdc-c8ae7690dcd1:group-9512E3222F2A:LeaderElection15] INFO  impl.RoleInfo (RoleInfo.java:shutdownLeaderElection(134)) - 2e835111-926f-4ebf-9fdc-c8ae7690dcd1: shutdown LeaderElection
2019-08-29 08:59:47,183 [591368fd-0e23-4e2a-b1d4-68a6dfc1d9a5:group-9512E3222F2A:LeaderElection16] INFO  impl.RaftServerImpl (RaftServerImpl.java:setRole(171)) - 591368fd-0e23-4e2a-b1d4-68a6dfc1d9a5:group-9512E3222F2A changes role from CANDIDATE to FOLLOWER at term 4 for DISCOVERED_A_NEW_TERM
2019-08-29 08:59:47,183 [2e835111-926f-4ebf-9fdc-c8ae7690dcd1:group-9512E3222F2A:LeaderElection15] INFO  impl.RaftServerImpl (RaftServerImpl.java:setRole(171)) - 2e835111-926f-4ebf-9fdc-c8ae7690dcd1:group-9512E3222F2A changes role from CANDIDATE to LEADER at term 4 for changeToLeader
2019-08-29 08:59:47,184 [591368fd-0e23-4e2a-b1d4-68a6dfc1d9a5:group-9512E3222F2A:LeaderElection16] INFO  impl.RoleInfo (RoleInfo.java:shutdownLeaderElection(134)) - 591368fd-0e23-4e2a-b1d4-68a6dfc1d9a5: shutdown LeaderElection
2019-08-29 08:59:47,184 [2e835111-926f-4ebf-9fdc-c8ae7690dcd1:group-9512E3222F2A:LeaderElection15] INFO  impl.RaftServerImpl (ServerState.java:setLeader(263)) - 2e835111-926f-4ebf-9fdc-c8ae7690dcd1:group-9512E3222F2A change Leader from null to 2e835111-926f-4ebf-9fdc-c8ae7690dcd1 at term 4 for becomeLeader, leader elected after 15526ms
2019-08-29 08:59:47,184 [591368fd-0e23-4e2a-b1d4-68a6dfc1d9a5:group-9512E3222F2A:LeaderElection16] INFO  impl.RoleInfo (RoleInfo.java:updateAndGet(143)) - 591368fd-0e23-4e2a-b1d4-68a6dfc1d9a5: start FollowerState
2019-08-29 08:59:47,184 [2e835111-926f-4ebf-9fdc-c8ae7690dcd1:group-9512E3222F2A:LeaderElection15] INFO  server.RaftServerConfigKeys (ConfUtils.java:logGet(43)) - raft.server.staging.catchup.gap = 1000 (default)
2019-08-29 08:59:47,186 [2e835111-926f-4ebf-9fdc-c8ae7690dcd1:group-9512E3222F2A:LeaderElection15] INFO  server.RaftServerConfigKeys (ConfUtils.java:logGet(43)) - raft.server.rpc.sleep.time = 25ms (default)
2019-08-29 08:59:47,186 [2e835111-926f-4ebf-9fdc-c8ae7690dcd1:group-9512E3222F2A:LeaderElection15] INFO  server.RaftServerConfigKeys (ConfUtils.java:logGet(43)) - raft.server.write.element-limit = 4096 (default)
2019-08-29 08:59:47,187 [2e835111-926f-4ebf-9fdc-c8ae7690dcd1:group-9512E3222F2A:LeaderElection15] INFO  server.RaftServerConfigKeys (ConfUtils.java:logGet(43)) - raft.server.watch.timeout = 10s (default)
2019-08-29 08:59:47,187 [2e835111-926f-4ebf-9fdc-c8ae7690dcd1:group-9512E3222F2A:LeaderElection15] INFO  server.RaftServerConfigKeys (ConfUtils.java:logGet(43)) - raft.server.watch.timeout.denomination = 1s (default)
2019-08-29 08:59:47,187 [2e835111-926f-4ebf-9fdc-c8ae7690dcd1:group-9512E3222F2A:LeaderElection15] INFO  server.RaftServerConfigKeys (ConfUtils.java:logGet(43)) - raft.server.watch.element-limit = 65536 (default)
2019-08-29 08:59:47,187 [2e835111-926f-4ebf-9fdc-c8ae7690dcd1:group-9512E3222F2A:LeaderElection15] INFO  server.RaftServerConfigKeys (ConfUtils.java:logGet(43)) - raft.server.log.appender.snapshot.chunk.size.max = 16MB (=16777216) (default)
2019-08-29 08:59:47,187 [2e835111-926f-4ebf-9fdc-c8ae7690dcd1:group-9512E3222F2A:LeaderElection15] INFO  server.RaftServerConfigKeys (ConfUtils.java:logGet(43)) - raft.server.log.appender.buffer.byte-limit = 33554432 (custom)
2019-08-29 08:59:47,188 [2e835111-926f-4ebf-9fdc-c8ae7690dcd1:group-9512E3222F2A:LeaderElection15] INFO  server.RaftServerConfigKeys (ConfUtils.java:logGet(43)) - raft.server.log.appender.buffer.element-limit = 1 (custom)
2019-08-29 08:59:47,188 [2e835111-926f-4ebf-9fdc-c8ae7690dcd1:group-9512E3222F2A:LeaderElection15] INFO  grpc.GrpcConfigKeys$Server (ConfUtils.java:logGet(43)) - raft.grpc.server.leader.outstanding.appends.max = 128 (default)
2019-08-29 08:59:47,190 [2e835111-926f-4ebf-9fdc-c8ae7690dcd1:group-9512E3222F2A:LeaderElection15] INFO  server.RaftServerConfigKeys (ConfUtils.java:logGet(43)) - raft.server.rpc.request.timeout = 3000ms (default)
2019-08-29 08:59:47,190 [2e835111-926f-4ebf-9fdc-c8ae7690dcd1:group-9512E3222F2A:LeaderElection15] INFO  server.RaftServerConfigKeys (ConfUtils.java:logGet(43)) - raft.server.log.appender.install.snapshot.enabled = false (custom)
2019-08-29 08:59:47,190 [2e835111-926f-4ebf-9fdc-c8ae7690dcd1:group-9512E3222F2A:LeaderElection15] INFO  server.RaftServerConfigKeys (ConfUtils.java:logGet(43)) - raft.server.log.appender.snapshot.chunk.size.max = 16MB (=16777216) (default)
2019-08-29 08:59:47,190 [2e835111-926f-4ebf-9fdc-c8ae7690dcd1:group-9512E3222F2A:LeaderElection15] INFO  server.RaftServerConfigKeys (ConfUtils.java:logGet(43)) - raft.server.log.appender.buffer.byte-limit = 33554432 (custom)
2019-08-29 08:59:47,190 [2e835111-926f-4ebf-9fdc-c8ae7690dcd1:group-9512E3222F2A:LeaderElection15] INFO  server.RaftServerConfigKeys (ConfUtils.java:logGet(43)) - raft.server.log.appender.buffer.element-limit = 1 (custom)
2019-08-29 08:59:47,191 [2e835111-926f-4ebf-9fdc-c8ae7690dcd1:group-9512E3222F2A:LeaderElection15] INFO  grpc.GrpcConfigKeys$Server (ConfUtils.java:logGet(43)) - raft.grpc.server.leader.outstanding.appends.max = 128 (default)
2019-08-29 08:59:47,191 [2e835111-926f-4ebf-9fdc-c8ae7690dcd1:group-9512E3222F2A:LeaderElection15] INFO  server.RaftServerConfigKeys (ConfUtils.java:logGet(43)) - raft.server.rpc.request.timeout = 3000ms (default)
2019-08-29 08:59:47,191 [2e835111-926f-4ebf-9fdc-c8ae7690dcd1:group-9512E3222F2A:LeaderElection15] INFO  server.RaftServerConfigKeys (ConfUtils.java:logGet(43)) - raft.server.log.appender.install.snapshot.enabled = false (custom)
2019-08-29 08:59:47,191 [2e835111-926f-4ebf-9fdc-c8ae7690dcd1:group-9512E3222F2A:LeaderElection15] INFO  impl.RoleInfo (RoleInfo.java:updateAndGet(143)) - 2e835111-926f-4ebf-9fdc-c8ae7690dcd1: start LeaderState
2019-08-29 08:59:47,192 [2e835111-926f-4ebf-9fdc-c8ae7690dcd1:group-9512E3222F2A:LeaderElection15] INFO  segmented.SegmentedRaftLogWorker (SegmentedRaftLogWorker.java:startLogSegment(380)) - 2e835111-926f-4ebf-9fdc-c8ae7690dcd1-SegmentedRaftLogWorker:Storage Directory /workdir/hadoop-ozone/integration-test/target/test-dir/MiniOzoneClusterImpl-23210f21-26b4-4673-833f-61feb255c217/datanode-1/data/ratis/89dbf652-46bc-4340-aefe-9512e3222f2a: Starting segment from index:0
2019-08-29 08:59:47,192 [2e835111-926f-4ebf-9fdc-c8ae7690dcd1:group-9512E3222F2A:LeaderElection15] INFO  impl.RaftServerImpl (ServerState.java:setRaftConf(361)) - 2e835111-926f-4ebf-9fdc-c8ae7690dcd1:group-9512E3222F2A set configuration 0: [6fa28f14-8f40-4547-905f-1fc4e9e7d51e:192.168.69.87:38879, 2e835111-926f-4ebf-9fdc-c8ae7690dcd1:192.168.69.87:38883, 591368fd-0e23-4e2a-b1d4-68a6dfc1d9a5:192.168.69.87:37589], old=null at 0
2019-08-29 08:59:47,196 [grpc-default-executor-1] INFO  impl.RaftServerImpl (ServerState.java:setLeader(263)) - 6fa28f14-8f40-4547-905f-1fc4e9e7d51e:group-9512E3222F2A change Leader from null to 2e835111-926f-4ebf-9fdc-c8ae7690dcd1 at term 4 for appendEntries, leader elected after 15539ms
2019-08-29 08:59:47,197 [grpc-default-executor-2] INFO  impl.RaftServerImpl (ServerState.java:setLeader(263)) - 591368fd-0e23-4e2a-b1d4-68a6dfc1d9a5:group-9512E3222F2A change Leader from null to 2e835111-926f-4ebf-9fdc-c8ae7690dcd1 at term 4 for appendEntries, leader elected after 15539ms
2019-08-29 08:59:47,200 [grpc-default-executor-1] INFO  impl.RaftServerImpl (ServerState.java:setRaftConf(361)) - 591368fd-0e23-4e2a-b1d4-68a6dfc1d9a5:group-9512E3222F2A set configuration 0: [6fa28f14-8f40-4547-905f-1fc4e9e7d51e:192.168.69.87:38879, 2e835111-926f-4ebf-9fdc-c8ae7690dcd1:192.168.69.87:38883, 591368fd-0e23-4e2a-b1d4-68a6dfc1d9a5:192.168.69.87:37589], old=null at 0
2019-08-29 08:59:47,201 [grpc-default-executor-1] INFO  segmented.SegmentedRaftLogWorker (SegmentedRaftLogWorker.java:startLogSegment(380)) - 591368fd-0e23-4e2a-b1d4-68a6dfc1d9a5-SegmentedRaftLogWorker:Storage Directory /workdir/hadoop-ozone/integration-test/target/test-dir/MiniOzoneClusterImpl-23210f21-26b4-4673-833f-61feb255c217/datanode-6/data/ratis/89dbf652-46bc-4340-aefe-9512e3222f2a: Starting segment from index:0
2019-08-29 08:59:47,201 [grpc-default-executor-2] INFO  impl.RaftServerImpl (ServerState.java:setRaftConf(361)) - 6fa28f14-8f40-4547-905f-1fc4e9e7d51e:group-9512E3222F2A set configuration 0: [6fa28f14-8f40-4547-905f-1fc4e9e7d51e:192.168.69.87:38879, 2e835111-926f-4ebf-9fdc-c8ae7690dcd1:192.168.69.87:38883, 591368fd-0e23-4e2a-b1d4-68a6dfc1d9a5:192.168.69.87:37589], old=null at 0
2019-08-29 08:59:47,201 [grpc-default-executor-2] INFO  segmented.SegmentedRaftLogWorker (SegmentedRaftLogWorker.java:startLogSegment(380)) - 6fa28f14-8f40-4547-905f-1fc4e9e7d51e-SegmentedRaftLogWorker:Storage Directory /workdir/hadoop-ozone/integration-test/target/test-dir/MiniOzoneClusterImpl-23210f21-26b4-4673-833f-61feb255c217/datanode-0/data/ratis/89dbf652-46bc-4340-aefe-9512e3222f2a: Starting segment from index:0
2019-08-29 08:59:47,255 [2e835111-926f-4ebf-9fdc-c8ae7690dcd1-SegmentedRaftLogWorker:Storage Directory /workdir/hadoop-ozone/integration-test/target/test-dir/MiniOzoneClusterImpl-23210f21-26b4-4673-833f-61feb255c217/datanode-1/data/ratis/89dbf652-46bc-4340-aefe-9512e3222f2a] INFO  segmented.SegmentedRaftLogWorker (SegmentedRaftLogWorker.java:execute(569)) - 2e835111-926f-4ebf-9fdc-c8ae7690dcd1-SegmentedRaftLogWorker:Storage Directory /workdir/hadoop-ozone/integration-test/target/test-dir/MiniOzoneClusterImpl-23210f21-26b4-4673-833f-61feb255c217/datanode-1/data/ratis/89dbf652-46bc-4340-aefe-9512e3222f2a: created new log segment /workdir/hadoop-ozone/integration-test/target/test-dir/MiniOzoneClusterImpl-23210f21-26b4-4673-833f-61feb255c217/datanode-1/data/ratis/89dbf652-46bc-4340-aefe-9512e3222f2a/current/log_inprogress_0
2019-08-29 08:59:47,305 [591368fd-0e23-4e2a-b1d4-68a6dfc1d9a5-SegmentedRaftLogWorker:Storage Directory /workdir/hadoop-ozone/integration-test/target/test-dir/MiniOzoneClusterImpl-23210f21-26b4-4673-833f-61feb255c217/datanode-6/data/ratis/89dbf652-46bc-4340-aefe-9512e3222f2a] INFO  segmented.SegmentedRaftLogWorker (SegmentedRaftLogWorker.java:execute(569)) - 591368fd-0e23-4e2a-b1d4-68a6dfc1d9a5-SegmentedRaftLogWorker:Storage Directory /workdir/hadoop-ozone/integration-test/target/test-dir/MiniOzoneClusterImpl-23210f21-26b4-4673-833f-61feb255c217/datanode-6/data/ratis/89dbf652-46bc-4340-aefe-9512e3222f2a: created new log segment /workdir/hadoop-ozone/integration-test/target/test-dir/MiniOzoneClusterImpl-23210f21-26b4-4673-833f-61feb255c217/datanode-6/data/ratis/89dbf652-46bc-4340-aefe-9512e3222f2a/current/log_inprogress_0
2019-08-29 08:59:47,306 [6fa28f14-8f40-4547-905f-1fc4e9e7d51e-SegmentedRaftLogWorker:Storage Directory /workdir/hadoop-ozone/integration-test/target/test-dir/MiniOzoneClusterImpl-23210f21-26b4-4673-833f-61feb255c217/datanode-0/data/ratis/89dbf652-46bc-4340-aefe-9512e3222f2a] INFO  segmented.SegmentedRaftLogWorker (SegmentedRaftLogWorker.java:execute(569)) - 6fa28f14-8f40-4547-905f-1fc4e9e7d51e-SegmentedRaftLogWorker:Storage Directory /workdir/hadoop-ozone/integration-test/target/test-dir/MiniOzoneClusterImpl-23210f21-26b4-4673-833f-61feb255c217/datanode-0/data/ratis/89dbf652-46bc-4340-aefe-9512e3222f2a: created new log segment /workdir/hadoop-ozone/integration-test/target/test-dir/MiniOzoneClusterImpl-23210f21-26b4-4673-833f-61feb255c217/datanode-0/data/ratis/89dbf652-46bc-4340-aefe-9512e3222f2a/current/log_inprogress_0
2019-08-29 08:59:47,570 | INFO  | SCMAudit | user=jenkins1000 | ip=192.168.69.87 | op=SEND_HEARTBEAT {datanodeUUID=6fa28f14-8f40-4547-905f-1fc4e9e7d51e, command=[]} | ret=SUCCESS |  
2019-08-29 08:59:47,665 | INFO  | SCMAudit | user=jenkins1000 | ip=192.168.69.87 | op=SEND_HEARTBEAT {datanodeUUID=2e835111-926f-4ebf-9fdc-c8ae7690dcd1, command=[]} | ret=SUCCESS |  
2019-08-29 08:59:47,686 [grpc-default-executor-1] INFO  client.GrpcClientProtocolClient (GrpcClientProtocolClient.java:onNext(255)) - client-8DB38F8EF612->591368fd-0e23-4e2a-b1d4-68a6dfc1d9a5: receive RaftClientReply:client-8DB38F8EF612->591368fd-0e23-4e2a-b1d4-68a6dfc1d9a5@group-9512E3222F2A, cid=23, FAILED org.apache.ratis.protocol.NotLeaderException: Server 591368fd-0e23-4e2a-b1d4-68a6dfc1d9a5 is not the leader (2e835111-926f-4ebf-9fdc-c8ae7690dcd1:192.168.69.87:38883). Request must be sent to leader., logIndex=0, commits[591368fd-0e23-4e2a-b1d4-68a6dfc1d9a5:c-1, 6fa28f14-8f40-4547-905f-1fc4e9e7d51e:c-1, 2e835111-926f-4ebf-9fdc-c8ae7690dcd1:c-1]
2019-08-29 08:59:47,860 | INFO  | SCMAudit | user=jenkins1000 | ip=192.168.69.87 | op=SEND_HEARTBEAT {datanodeUUID=8c7a60c7-f0e0-4151-b0ba-03bf13d5dd84, command=[]} | ret=SUCCESS |  
2019-08-29 08:59:47,913 | INFO  | SCMAudit | user=jenkins1000 | ip=192.168.69.87 | op=SEND_HEARTBEAT {datanodeUUID=e7e7da8c-f939-4fb3-bc52-3a5bf046eb23, command=[]} | ret=SUCCESS |  
2019-08-29 08:59:47,916 | INFO  | SCMAudit | user=jenkins1000 | ip=192.168.69.87 | op=SEND_HEARTBEAT {datanodeUUID=ff00a4c4-a8e1-4318-a8ca-04f99219f100, command=[]} | ret=SUCCESS |  
2019-08-29 08:59:47,944 | INFO  | DNAudit | user=null | ip=null | op=WRITE_CHUNK {blockData=conID: 2 locID: 102699445880750082 bcsId: 0} | ret=SUCCESS |  
2019-08-29 08:59:47,944 | INFO  | SCMAudit | user=jenkins1000 | ip=192.168.69.87 | op=SEND_HEARTBEAT {datanodeUUID=2e835111-926f-4ebf-9fdc-c8ae7690dcd1, command=[]} | ret=SUCCESS |  
2019-08-29 08:59:47,975 | INFO  | SCMAudit | user=jenkins1000 | ip=192.168.69.87 | op=SEND_HEARTBEAT {datanodeUUID=6be14348-cf2d-4abb-94f1-e8c77b81db27, command=[]} | ret=SUCCESS |  
2019-08-29 08:59:47,980 | INFO  | DNAudit | user=null | ip=null | op=WRITE_CHUNK {blockData=conID: 2 locID: 102699445880750082 bcsId: 0} | ret=SUCCESS |  
2019-08-29 08:59:47,980 | INFO  | SCMAudit | user=jenkins1000 | ip=192.168.69.87 | op=SEND_HEARTBEAT {datanodeUUID=591368fd-0e23-4e2a-b1d4-68a6dfc1d9a5, command=[]} | ret=SUCCESS |  
2019-08-29 08:59:47,992 | INFO  | DNAudit | user=null | ip=null | op=WRITE_CHUNK {blockData=conID: 2 locID: 102699445880750082 bcsId: 0} | ret=SUCCESS |  
2019-08-29 08:59:48,000 [grpc-default-executor-2] INFO  client.GrpcClientProtocolClient (GrpcClientProtocolClient.java:onNext(255)) - client-8DB38F8EF612->2e835111-926f-4ebf-9fdc-c8ae7690dcd1: receive RaftClientReply:client-8DB38F8EF612->2e835111-926f-4ebf-9fdc-c8ae7690dcd1@group-9512E3222F2A, cid=23, SUCCESS, logIndex=1, commits[2e835111-926f-4ebf-9fdc-c8ae7690dcd1:c1, 6fa28f14-8f40-4547-905f-1fc4e9e7d51e:c-1, 591368fd-0e23-4e2a-b1d4-68a6dfc1d9a5:c0]
2019-08-29 08:59:48,012 | INFO  | DNAudit | user=null | ip=null | op=WRITE_CHUNK {blockData=conID: 2 locID: 102699445880750082 bcsId: 0} | ret=SUCCESS |  
2019-08-29 08:59:48,012 | INFO  | DNAudit | user=null | ip=null | op=WRITE_CHUNK {blockData=conID: 2 locID: 102699445880750082 bcsId: 0} | ret=SUCCESS |  
2019-08-29 08:59:48,013 | INFO  | SCMAudit | user=jenkins1000 | ip=192.168.69.87 | op=SEND_HEARTBEAT {datanodeUUID=6fa28f14-8f40-4547-905f-1fc4e9e7d51e, command=[]} | ret=SUCCESS |  
2019-08-29 08:59:48,016 | INFO  | DNAudit | user=null | ip=null | op=WRITE_CHUNK {blockData=conID: 2 locID: 102699445880750082 bcsId: 0} | ret=SUCCESS |  
2019-08-29 08:59:48,147 | INFO  | DNAudit | user=null | ip=null | op=PUT_BLOCK {blockData=[blockId=conID: 2 locID: 102699445880750082 bcsId: 0,size=50]} | ret=SUCCESS |  
2019-08-29 08:59:48,152 [grpc-default-executor-2] INFO  client.GrpcClientProtocolClient (GrpcClientProtocolClient.java:onNext(255)) - client-8DB38F8EF612->2e835111-926f-4ebf-9fdc-c8ae7690dcd1: receive RaftClientReply:client-8DB38F8EF612->2e835111-926f-4ebf-9fdc-c8ae7690dcd1@group-9512E3222F2A, cid=24, SUCCESS, logIndex=3, commits[2e835111-926f-4ebf-9fdc-c8ae7690dcd1:c4, 6fa28f14-8f40-4547-905f-1fc4e9e7d51e:c3, 591368fd-0e23-4e2a-b1d4-68a6dfc1d9a5:c3]
2019-08-29 08:59:48,154 [main] INFO  ozone.MiniOzoneClusterImpl (MiniOzoneClusterImpl.java:shutdown(307)) - Shutting down the Mini Ozone Cluster
2019-08-29 08:59:48,155 | INFO  | SCMAudit | user=null | ip=null | op=GET_SCM_INFO null | ret=SUCCESS |  
2019-08-29 08:59:48,155 [main] INFO  ozone.MiniOzoneClusterImpl (MiniOzoneClusterImpl.java:stop(322)) - Stopping the Mini Ozone Cluster
2019-08-29 08:59:48,155 [main] INFO  ozone.MiniOzoneClusterImpl (MiniOzoneClusterImpl.java:stop(324)) - Stopping the OzoneManager
2019-08-29 08:59:48,155 [main] INFO  ipc.Server (Server.java:stop(3082)) - Stopping server on 42695
2019-08-29 08:59:48,163 [IPC Server listener on 42695] INFO  ipc.Server (Server.java:run(1185)) - Stopping IPC Server listener on 42695
2019-08-29 08:59:48,163 [IPC Server Responder] INFO  ipc.Server (Server.java:run(1319)) - Stopping IPC Server Responder
2019-08-29 08:59:48,163 [main] INFO  ratis.OzoneManagerDoubleBuffer (OzoneManagerDoubleBuffer.java:stop(248)) - Stopping OMDoubleBuffer flush thread
2019-08-29 08:59:48,176 [OMDoubleBufferFlushThread] INFO  ratis.OzoneManagerDoubleBuffer (OzoneManagerDoubleBuffer.java:flushTransactions(191)) - OMDoubleBuffer flush thread OMDoubleBufferFlushThread is interrupted and will exit. OMDoubleBufferFlushThread
2019-08-29 08:59:48,183 [main] INFO  utils.BackgroundService (BackgroundService.java:shutdown(148)) - Shutting down service KeyDeletingService
2019-08-29 08:59:48,187 [main] INFO  handler.ContextHandler (ContextHandler.java:doStop(910)) - Stopped o.e.j.w.WebAppContext@5fb7183b{/,null,UNAVAILABLE}{/ozoneManager}
2019-08-29 08:59:48,192 [main] INFO  server.AbstractConnector (AbstractConnector.java:doStop(318)) - Stopped ServerConnector@476a736d{HTTP/1.1,[http/1.1]}{0.0.0.0:0}
2019-08-29 08:59:48,192 [main] INFO  handler.ContextHandler (ContextHandler.java:doStop(910)) - Stopped o.e.j.s.ServletContextHandler@2df3c564{/static,file:///workdir/hadoop-ozone/integration-test/target/test-classes/webapps/static,UNAVAILABLE}
2019-08-29 08:59:48,193 [main] INFO  handler.ContextHandler (ContextHandler.java:doStop(910)) - Stopped o.e.j.s.ServletContextHandler@aac3f4e{/logs,file:///workdir/hadoop-ozone/integration-test/target/log,UNAVAILABLE}
2019-08-29 08:59:48,197 [main] INFO  ozone.MiniOzoneClusterImpl (MiniOzoneClusterImpl.java:stop(330)) - Shutting the HddsDatanodes
2019-08-29 08:59:48,277 | INFO  | DNAudit | user=null | ip=null | op=PUT_BLOCK {blockData=[blockId=conID: 2 locID: 102699445880750082 bcsId: 0,size=50]} | ret=SUCCESS |  
2019-08-29 08:59:48,370 | INFO  | DNAudit | user=null | ip=null | op=PUT_BLOCK {blockData=[blockId=conID: 2 locID: 102699445880750082 bcsId: 0,size=50]} | ret=SUCCESS |  
2019-08-29 08:59:48,860 | INFO  | SCMAudit | user=jenkins1000 | ip=192.168.69.87 | op=SEND_HEARTBEAT {datanodeUUID=8c7a60c7-f0e0-4151-b0ba-03bf13d5dd84, command=[]} | ret=SUCCESS |  
2019-08-29 08:59:48,914 | INFO  | SCMAudit | user=jenkins1000 | ip=192.168.69.87 | op=SEND_HEARTBEAT {datanodeUUID=e7e7da8c-f939-4fb3-bc52-3a5bf046eb23, command=[]} | ret=SUCCESS |  
2019-08-29 08:59:48,915 [Datanode State Machine Thread - 0] INFO  statemachine.DatanodeStateMachine (DatanodeStateMachine.java:lambda$startDaemon$0(350)) - Ozone container server started.
2019-08-29 08:59:48,944 [Datanode State Machine Thread - 0] INFO  statemachine.DatanodeStateMachine (DatanodeStateMachine.java:lambda$startDaemon$0(350)) - Ozone container server started.
2019-08-29 08:59:48,975 | INFO  | SCMAudit | user=jenkins1000 | ip=192.168.69.87 | op=SEND_HEARTBEAT {datanodeUUID=6be14348-cf2d-4abb-94f1-e8c77b81db27, command=[]} | ret=SUCCESS |  
2019-08-29 08:59:48,980 | INFO  | SCMAudit | user=jenkins1000 | ip=192.168.69.87 | op=SEND_HEARTBEAT {datanodeUUID=591368fd-0e23-4e2a-b1d4-68a6dfc1d9a5, command=[]} | ret=SUCCESS |  
2019-08-29 08:59:49,013 | INFO  | SCMAudit | user=jenkins1000 | ip=192.168.69.87 | op=SEND_HEARTBEAT {datanodeUUID=6fa28f14-8f40-4547-905f-1fc4e9e7d51e, command=[]} | ret=SUCCESS |  
2019-08-29 08:59:49,860 | INFO  | SCMAudit | user=jenkins1000 | ip=192.168.69.87 | op=SEND_HEARTBEAT {datanodeUUID=8c7a60c7-f0e0-4151-b0ba-03bf13d5dd84, command=[]} | ret=SUCCESS |  
2019-08-29 08:59:49,914 | INFO  | SCMAudit | user=jenkins1000 | ip=192.168.69.87 | op=SEND_HEARTBEAT {datanodeUUID=e7e7da8c-f939-4fb3-bc52-3a5bf046eb23, command=[]} | ret=SUCCESS |  
2019-08-29 08:59:49,975 | INFO  | SCMAudit | user=jenkins1000 | ip=192.168.69.87 | op=SEND_HEARTBEAT {datanodeUUID=6be14348-cf2d-4abb-94f1-e8c77b81db27, command=[]} | ret=SUCCESS |  
2019-08-29 08:59:49,980 | INFO  | SCMAudit | user=jenkins1000 | ip=192.168.69.87 | op=SEND_HEARTBEAT {datanodeUUID=591368fd-0e23-4e2a-b1d4-68a6dfc1d9a5, command=[]} | ret=SUCCESS |  
2019-08-29 08:59:50,012 | INFO  | SCMAudit | user=jenkins1000 | ip=192.168.69.87 | op=SEND_HEARTBEAT {datanodeUUID=6fa28f14-8f40-4547-905f-1fc4e9e7d51e, command=[]} | ret=SUCCESS |  
2019-08-29 08:59:50,860 | INFO  | SCMAudit | user=jenkins1000 | ip=192.168.69.87 | op=SEND_HEARTBEAT {datanodeUUID=8c7a60c7-f0e0-4151-b0ba-03bf13d5dd84, command=[]} | ret=SUCCESS |  
2019-08-29 08:59:50,914 | INFO  | SCMAudit | user=jenkins1000 | ip=192.168.69.87 | op=SEND_HEARTBEAT {datanodeUUID=e7e7da8c-f939-4fb3-bc52-3a5bf046eb23, command=[]} | ret=SUCCESS |  
2019-08-29 08:59:50,975 | INFO  | SCMAudit | user=jenkins1000 | ip=192.168.69.87 | op=SEND_HEARTBEAT {datanodeUUID=6be14348-cf2d-4abb-94f1-e8c77b81db27, command=[]} | ret=SUCCESS |  
2019-08-29 08:59:50,981 | INFO  | SCMAudit | user=jenkins1000 | ip=192.168.69.87 | op=SEND_HEARTBEAT {datanodeUUID=591368fd-0e23-4e2a-b1d4-68a6dfc1d9a5, command=[]} | ret=SUCCESS |  
2019-08-29 08:59:51,013 | INFO  | SCMAudit | user=jenkins1000 | ip=192.168.69.87 | op=SEND_HEARTBEAT {datanodeUUID=6fa28f14-8f40-4547-905f-1fc4e9e7d51e, command=[]} | ret=SUCCESS |  
2019-08-29 08:59:51,860 | INFO  | SCMAudit | user=jenkins1000 | ip=192.168.69.87 | op=SEND_HEARTBEAT {datanodeUUID=8c7a60c7-f0e0-4151-b0ba-03bf13d5dd84, command=[]} | ret=SUCCESS |  
2019-08-29 08:59:51,913 | INFO  | SCMAudit | user=jenkins1000 | ip=192.168.69.87 | op=SEND_HEARTBEAT {datanodeUUID=e7e7da8c-f939-4fb3-bc52-3a5bf046eb23, command=[]} | ret=SUCCESS |  
2019-08-29 08:59:51,975 | INFO  | SCMAudit | user=jenkins1000 | ip=192.168.69.87 | op=SEND_HEARTBEAT {datanodeUUID=6be14348-cf2d-4abb-94f1-e8c77b81db27, command=[]} | ret=SUCCESS |  
2019-08-29 08:59:51,980 | INFO  | SCMAudit | user=jenkins1000 | ip=192.168.69.87 | op=SEND_HEARTBEAT {datanodeUUID=591368fd-0e23-4e2a-b1d4-68a6dfc1d9a5, command=[]} | ret=SUCCESS |  
2019-08-29 08:59:52,012 | INFO  | SCMAudit | user=jenkins1000 | ip=192.168.69.87 | op=SEND_HEARTBEAT {datanodeUUID=6fa28f14-8f40-4547-905f-1fc4e9e7d51e, command=[]} | ret=SUCCESS |  
2019-08-29 08:59:52,860 | INFO  | SCMAudit | user=jenkins1000 | ip=192.168.69.87 | op=SEND_HEARTBEAT {datanodeUUID=8c7a60c7-f0e0-4151-b0ba-03bf13d5dd84, command=[]} | ret=SUCCESS |  
2019-08-29 08:59:52,913 | INFO  | SCMAudit | user=jenkins1000 | ip=192.168.69.87 | op=SEND_HEARTBEAT {datanodeUUID=e7e7da8c-f939-4fb3-bc52-3a5bf046eb23, command=[]} | ret=SUCCESS |  
2019-08-29 08:59:52,974 | INFO  | SCMAudit | user=jenkins1000 | ip=192.168.69.87 | op=SEND_HEARTBEAT {datanodeUUID=6be14348-cf2d-4abb-94f1-e8c77b81db27, command=[]} | ret=SUCCESS |  
2019-08-29 08:59:52,980 | INFO  | SCMAudit | user=jenkins1000 | ip=192.168.69.87 | op=SEND_HEARTBEAT {datanodeUUID=591368fd-0e23-4e2a-b1d4-68a6dfc1d9a5, command=[]} | ret=SUCCESS |  
2019-08-29 08:59:52,990 [EventQueue-StaleNodeForStaleNodeHandler] INFO  node.StaleNodeHandler (StaleNodeHandler.java:onMessage(58)) - Datanode 2e835111-926f-4ebf-9fdc-c8ae7690dcd1{ip: 192.168.69.87, host: pr-hdds-1935-5tjgs-3847141534, networkLocation: /default-rack, certSerialId: null} moved to stale state. Finalizing its pipelines [PipelineID=89dbf652-46bc-4340-aefe-9512e3222f2a, PipelineID=43aee6ff-9e39-48fc-9d4b-fc606cc4f5b3]
2019-08-29 08:59:52,991 [EventQueue-StaleNodeForStaleNodeHandler] INFO  pipeline.SCMPipelineManager (SCMPipelineManager.java:finalizeAndDestroyPipeline(309)) - destroying pipeline:Pipeline[ Id: 89dbf652-46bc-4340-aefe-9512e3222f2a, Nodes: 2e835111-926f-4ebf-9fdc-c8ae7690dcd1{ip: 192.168.69.87, host: pr-hdds-1935-5tjgs-3847141534, networkLocation: /default-rack, certSerialId: null}591368fd-0e23-4e2a-b1d4-68a6dfc1d9a5{ip: 192.168.69.87, host: pr-hdds-1935-5tjgs-3847141534, networkLocation: /default-rack, certSerialId: null}6fa28f14-8f40-4547-905f-1fc4e9e7d51e{ip: 192.168.69.87, host: pr-hdds-1935-5tjgs-3847141534, networkLocation: /default-rack, certSerialId: null}, Type:RATIS, Factor:THREE, State:OPEN]
2019-08-29 08:59:52,992 [EventQueue-StaleNodeForStaleNodeHandler] INFO  pipeline.PipelineStateManager (PipelineStateManager.java:finalizePipeline(123)) - Pipeline Pipeline[ Id: 89dbf652-46bc-4340-aefe-9512e3222f2a, Nodes: 2e835111-926f-4ebf-9fdc-c8ae7690dcd1{ip: 192.168.69.87, host: pr-hdds-1935-5tjgs-3847141534, networkLocation: /default-rack, certSerialId: null}591368fd-0e23-4e2a-b1d4-68a6dfc1d9a5{ip: 192.168.69.87, host: pr-hdds-1935-5tjgs-3847141534, networkLocation: /default-rack, certSerialId: null}6fa28f14-8f40-4547-905f-1fc4e9e7d51e{ip: 192.168.69.87, host: pr-hdds-1935-5tjgs-3847141534, networkLocation: /default-rack, certSerialId: null}, Type:RATIS, Factor:THREE, State:CLOSED] moved to CLOSED state
2019-08-29 08:59:52,992 [EventQueue-CloseContainerForCloseContainerEventHandler] INFO  container.CloseContainerEventHandler (CloseContainerEventHandler.java:onMessage(61)) - Close container Event triggered for container : #2
2019-08-29 08:59:52,993 [EventQueue-StaleNodeForStaleNodeHandler] INFO  pipeline.SCMPipelineManager (SCMPipelineManager.java:finalizeAndDestroyPipeline(309)) - destroying pipeline:Pipeline[ Id: 43aee6ff-9e39-48fc-9d4b-fc606cc4f5b3, Nodes: 2e835111-926f-4ebf-9fdc-c8ae7690dcd1{ip: 192.168.69.87, host: pr-hdds-1935-5tjgs-3847141534, networkLocation: /default-rack, certSerialId: null}, Type:RATIS, Factor:ONE, State:OPEN]
2019-08-29 08:59:52,993 [EventQueue-StaleNodeForStaleNodeHandler] INFO  pipeline.PipelineStateManager (PipelineStateManager.java:finalizePipeline(123)) - Pipeline Pipeline[ Id: 43aee6ff-9e39-48fc-9d4b-fc606cc4f5b3, Nodes: 2e835111-926f-4ebf-9fdc-c8ae7690dcd1{ip: 192.168.69.87, host: pr-hdds-1935-5tjgs-3847141534, networkLocation: /default-rack, certSerialId: null}, Type:RATIS, Factor:ONE, State:CLOSED] moved to CLOSED state
2019-08-29 08:59:52,993 [EventQueue-StaleNodeForStaleNodeHandler] INFO  node.StaleNodeHandler (StaleNodeHandler.java:onMessage(58)) - Datanode ff00a4c4-a8e1-4318-a8ca-04f99219f100{ip: 192.168.69.87, host: pr-hdds-1935-5tjgs-3847141534, networkLocation: /default-rack, certSerialId: null} moved to stale state. Finalizing its pipelines [PipelineID=dbd23112-f712-47c7-81f0-8624cf351a48, PipelineID=67cc15bc-57c0-4674-be86-78e57c937a0a]
2019-08-29 08:59:52,993 [EventQueue-StaleNodeForStaleNodeHandler] INFO  pipeline.SCMPipelineManager (SCMPipelineManager.java:finalizeAndDestroyPipeline(309)) - destroying pipeline:Pipeline[ Id: dbd23112-f712-47c7-81f0-8624cf351a48, Nodes: ff00a4c4-a8e1-4318-a8ca-04f99219f100{ip: 192.168.69.87, host: pr-hdds-1935-5tjgs-3847141534, networkLocation: /default-rack, certSerialId: null}, Type:RATIS, Factor:ONE, State:OPEN]
2019-08-29 08:59:52,993 [EventQueue-StaleNodeForStaleNodeHandler] INFO  pipeline.PipelineStateManager (PipelineStateManager.java:finalizePipeline(123)) - Pipeline Pipeline[ Id: dbd23112-f712-47c7-81f0-8624cf351a48, Nodes: ff00a4c4-a8e1-4318-a8ca-04f99219f100{ip: 192.168.69.87, host: pr-hdds-1935-5tjgs-3847141534, networkLocation: /default-rack, certSerialId: null}, Type:RATIS, Factor:ONE, State:CLOSED] moved to CLOSED state
2019-08-29 08:59:52,993 [EventQueue-StaleNodeForStaleNodeHandler] INFO  pipeline.SCMPipelineManager (SCMPipelineManager.java:finalizeAndDestroyPipeline(309)) - destroying pipeline:Pipeline[ Id: 67cc15bc-57c0-4674-be86-78e57c937a0a, Nodes: ff00a4c4-a8e1-4318-a8ca-04f99219f100{ip: 192.168.69.87, host: pr-hdds-1935-5tjgs-3847141534, networkLocation: /default-rack, certSerialId: null}8c7a60c7-f0e0-4151-b0ba-03bf13d5dd84{ip: 192.168.69.87, host: pr-hdds-1935-5tjgs-3847141534, networkLocation: /default-rack, certSerialId: null}e7e7da8c-f939-4fb3-bc52-3a5bf046eb23{ip: 192.168.69.87, host: pr-hdds-1935-5tjgs-3847141534, networkLocation: /default-rack, certSerialId: null}, Type:RATIS, Factor:THREE, State:OPEN]
2019-08-29 08:59:52,994 [EventQueue-StaleNodeForStaleNodeHandler] INFO  pipeline.PipelineStateManager (PipelineStateManager.java:finalizePipeline(123)) - Pipeline Pipeline[ Id: 67cc15bc-57c0-4674-be86-78e57c937a0a, Nodes: ff00a4c4-a8e1-4318-a8ca-04f99219f100{ip: 192.168.69.87, host: pr-hdds-1935-5tjgs-3847141534, networkLocation: /default-rack, certSerialId: null}8c7a60c7-f0e0-4151-b0ba-03bf13d5dd84{ip: 192.168.69.87, host: pr-hdds-1935-5tjgs-3847141534, networkLocation: /default-rack, certSerialId: null}e7e7da8c-f939-4fb3-bc52-3a5bf046eb23{ip: 192.168.69.87, host: pr-hdds-1935-5tjgs-3847141534, networkLocation: /default-rack, certSerialId: null}, Type:RATIS, Factor:THREE, State:CLOSED] moved to CLOSED state
2019-08-29 08:59:53,012 | INFO  | SCMAudit | user=jenkins1000 | ip=192.168.69.87 | op=SEND_HEARTBEAT {datanodeUUID=6fa28f14-8f40-4547-905f-1fc4e9e7d51e, command=[]} | ret=SUCCESS |  
2019-08-29 08:59:53,106 [EventQueue-CloseContainerForCloseContainerEventHandler] INFO  container.CloseContainerEventHandler (CloseContainerEventHandler.java:onMessage(61)) - Close container Event triggered for container : #1
2019-08-29 08:59:53,199 [ForkJoinPool.commonPool-worker-0] INFO  ozoneimpl.OzoneContainer (OzoneContainer.java:stop(215)) - Attempting to stop container services.
2019-08-29 08:59:53,199 [main] INFO  ozoneimpl.OzoneContainer (OzoneContainer.java:stop(215)) - Attempting to stop container services.
2019-08-29 08:59:53,200 [main] INFO  impl.RaftServerProxy (RaftServerProxy.java:lambda$close$4(314)) - ff00a4c4-a8e1-4318-a8ca-04f99219f100: close
2019-08-29 08:59:53,200 [ForkJoinPool.commonPool-worker-0] INFO  impl.RaftServerProxy (RaftServerProxy.java:lambda$close$4(314)) - 2e835111-926f-4ebf-9fdc-c8ae7690dcd1: close
2019-08-29 08:59:53,201 [main] INFO  impl.RaftServerImpl (RaftServerImpl.java:lambda$shutdown$3(245)) - ff00a4c4-a8e1-4318-a8ca-04f99219f100: shutdown group-8624CF351A48
2019-08-29 08:59:53,201 [ForkJoinPool.commonPool-worker-0] INFO  impl.RaftServerImpl (RaftServerImpl.java:lambda$shutdown$3(245)) - 2e835111-926f-4ebf-9fdc-c8ae7690dcd1: shutdown group-9512E3222F2A
2019-08-29 08:59:53,201 [main] INFO  util.JmxRegister (JmxRegister.java:unregister(73)) - Successfully un-registered JMX Bean with object name Ratis:service=RaftServer,group=group-8624CF351A48,id=ff00a4c4-a8e1-4318-a8ca-04f99219f100
2019-08-29 08:59:53,202 [ForkJoinPool.commonPool-worker-0] INFO  util.JmxRegister (JmxRegister.java:unregister(73)) - Successfully un-registered JMX Bean with object name Ratis:service=RaftServer,group=group-9512E3222F2A,id=2e835111-926f-4ebf-9fdc-c8ae7690dcd1
2019-08-29 08:59:53,202 [main] INFO  impl.RoleInfo (RoleInfo.java:shutdownLeaderState(104)) - ff00a4c4-a8e1-4318-a8ca-04f99219f100: shutdown LeaderState
2019-08-29 08:59:53,202 [ForkJoinPool.commonPool-worker-0] INFO  impl.RoleInfo (RoleInfo.java:shutdownLeaderState(104)) - 2e835111-926f-4ebf-9fdc-c8ae7690dcd1: shutdown LeaderState
2019-08-29 08:59:53,203 [main] INFO  impl.PendingRequests (PendingRequests.java:sendNotLeaderResponses(202)) - ff00a4c4-a8e1-4318-a8ca-04f99219f100-PendingRequests: sendNotLeaderResponses
2019-08-29 08:59:53,207 [org.apache.ratis.server.impl.LogAppender$AppenderDaemon$$Lambda$473/1125142838@e1653ac] WARN  server.GrpcLogAppender (GrpcLogAppender.java:mayWait(143)) - GrpcLogAppender(2e835111-926f-4ebf-9fdc-c8ae7690dcd1->6fa28f14-8f40-4547-905f-1fc4e9e7d51e): Wait interrupted by java.lang.InterruptedException
2019-08-29 08:59:53,207 [org.apache.ratis.server.impl.LogAppender$AppenderDaemon$$Lambda$473/1125142838@4b14cc0a] WARN  server.GrpcLogAppender (GrpcLogAppender.java:mayWait(143)) - GrpcLogAppender(2e835111-926f-4ebf-9fdc-c8ae7690dcd1->591368fd-0e23-4e2a-b1d4-68a6dfc1d9a5): Wait interrupted by java.lang.InterruptedException
2019-08-29 08:59:53,206 [ForkJoinPool.commonPool-worker-0] INFO  impl.PendingRequests (PendingRequests.java:sendNotLeaderResponses(202)) - 2e835111-926f-4ebf-9fdc-c8ae7690dcd1-PendingRequests: sendNotLeaderResponses
2019-08-29 08:59:53,212 [grpc-default-executor-2] INFO  server.GrpcServerProtocolService (GrpcServerProtocolService.java:onCompleted(104)) - 591368fd-0e23-4e2a-b1d4-68a6dfc1d9a5: appendEntries completed
2019-08-29 08:59:53,212 [grpc-default-executor-4] INFO  server.GrpcServerProtocolService (GrpcServerProtocolService.java:onCompleted(104)) - 6fa28f14-8f40-4547-905f-1fc4e9e7d51e: appendEntries completed
2019-08-29 08:59:53,214 [main] INFO  impl.StateMachineUpdater (StateMachineUpdater.java:stopAndJoin(115)) - StateMachineUpdater:ff00a4c4-a8e1-4318-a8ca-04f99219f100:group-8624CF351A48: set stopIndex = 0
2019-08-29 08:59:53,216 [main] INFO  impl.RaftServerImpl (ServerState.java:close(394)) - ff00a4c4-a8e1-4318-a8ca-04f99219f100:group-8624CF351A48 closes. The last applied log index is 0
2019-08-29 08:59:53,216 [grpc-default-executor-2] INFO  server.GrpcLogAppender (GrpcLogAppender.java:onCompleted(292)) - 2e835111-926f-4ebf-9fdc-c8ae7690dcd1->591368fd-0e23-4e2a-b1d4-68a6dfc1d9a5: follower responses appendEntries COMPLETED
2019-08-29 08:59:53,230 [grpc-default-executor-4] INFO  server.GrpcLogAppender (GrpcLogAppender.java:onCompleted(292)) - 2e835111-926f-4ebf-9fdc-c8ae7690dcd1->6fa28f14-8f40-4547-905f-1fc4e9e7d51e: follower responses appendEntries COMPLETED
2019-08-29 08:59:53,235 [grpc-default-executor-2] INFO  impl.FollowerInfo (FollowerInfo.java:lambda$new$0(50)) - 2e835111-926f-4ebf-9fdc-c8ae7690dcd1->591368fd-0e23-4e2a-b1d4-68a6dfc1d9a5: nextIndex: updateUnconditionally 5 -> 4
2019-08-29 08:59:53,238 [grpc-default-executor-4] INFO  impl.FollowerInfo (FollowerInfo.java:lambda$new$0(50)) - 2e835111-926f-4ebf-9fdc-c8ae7690dcd1->6fa28f14-8f40-4547-905f-1fc4e9e7d51e: nextIndex: updateUnconditionally 5 -> 4
2019-08-29 08:59:53,241 [StateMachineUpdater:2e835111-926f-4ebf-9fdc-c8ae7690dcd1:group-9512E3222F2A] INFO  ratis.ContainerStateMachine (ContainerStateMachine.java:takeSnapshot(284)) - group-9512E3222F2A: Taking a snapshot at:(t:4, i:4) file /workdir/hadoop-ozone/integration-test/target/test-dir/MiniOzoneClusterImpl-23210f21-26b4-4673-833f-61feb255c217/datanode-1/data/ratis/89dbf652-46bc-4340-aefe-9512e3222f2a/sm/snapshot.4_4
2019-08-29 08:59:53,240 [ForkJoinPool.commonPool-worker-0] INFO  impl.StateMachineUpdater (StateMachineUpdater.java:stopAndJoin(115)) - StateMachineUpdater:2e835111-926f-4ebf-9fdc-c8ae7690dcd1:group-9512E3222F2A: set stopIndex = 4
2019-08-29 08:59:53,242 [ff00a4c4-a8e1-4318-a8ca-04f99219f100-SegmentedRaftLogWorker:Storage Directory /workdir/hadoop-ozone/integration-test/target/test-dir/MiniOzoneClusterImpl-23210f21-26b4-4673-833f-61feb255c217/datanode-4/data/ratis/dbd23112-f712-47c7-81f0-8624cf351a48] INFO  segmented.SegmentedRaftLogWorker (SegmentedRaftLogWorker.java:run(313)) - ff00a4c4-a8e1-4318-a8ca-04f99219f100-SegmentedRaftLogWorker:Storage Directory /workdir/hadoop-ozone/integration-test/target/test-dir/MiniOzoneClusterImpl-23210f21-26b4-4673-833f-61feb255c217/datanode-4/data/ratis/dbd23112-f712-47c7-81f0-8624cf351a48 was interrupted, exiting. There are 0 tasks remaining in the queue.
2019-08-29 08:59:53,243 [main] INFO  segmented.SegmentedRaftLogWorker (SegmentedRaftLogWorker.java:close(228)) - ff00a4c4-a8e1-4318-a8ca-04f99219f100-SegmentedRaftLogWorker:Storage Directory /workdir/hadoop-ozone/integration-test/target/test-dir/MiniOzoneClusterImpl-23210f21-26b4-4673-833f-61feb255c217/datanode-4/data/ratis/dbd23112-f712-47c7-81f0-8624cf351a48 close()
2019-08-29 08:59:53,246 [main] INFO  impl.RaftServerImpl (RaftServerImpl.java:lambda$shutdown$3(245)) - ff00a4c4-a8e1-4318-a8ca-04f99219f100: shutdown group-78E57C937A0A
2019-08-29 08:59:53,247 [main] INFO  util.JmxRegister (JmxRegister.java:unregister(73)) - Successfully un-registered JMX Bean with object name Ratis:service=RaftServer,group=group-78E57C937A0A,id=ff00a4c4-a8e1-4318-a8ca-04f99219f100
2019-08-29 08:59:53,247 [main] INFO  impl.RoleInfo (RoleInfo.java:shutdownFollowerState(121)) - ff00a4c4-a8e1-4318-a8ca-04f99219f100: shutdown FollowerState
2019-08-29 08:59:53,247 [main] INFO  impl.StateMachineUpdater (StateMachineUpdater.java:stopAndJoin(115)) - StateMachineUpdater:ff00a4c4-a8e1-4318-a8ca-04f99219f100:group-78E57C937A0A: set stopIndex = 16
2019-08-29 08:59:53,247 [StateMachineUpdater:ff00a4c4-a8e1-4318-a8ca-04f99219f100:group-78E57C937A0A] INFO  ratis.ContainerStateMachine (ContainerStateMachine.java:takeSnapshot(284)) - group-78E57C937A0A: Taking a snapshot at:(t:1, i:16) file /workdir/hadoop-ozone/integration-test/target/test-dir/MiniOzoneClusterImpl-23210f21-26b4-4673-833f-61feb255c217/datanode-4/data/ratis/67cc15bc-57c0-4674-be86-78e57c937a0a/sm/snapshot.1_16
2019-08-29 08:59:53,247 [Thread-329] INFO  impl.FollowerState (FollowerState.java:run(114)) - ff00a4c4-a8e1-4318-a8ca-04f99219f100: FollowerState was interrupted: java.lang.InterruptedException: sleep interrupted
2019-08-29 08:59:53,356 [StateMachineUpdater:ff00a4c4-a8e1-4318-a8ca-04f99219f100:group-78E57C937A0A] INFO  ratis.ContainerStateMachine (ContainerStateMachine.java:takeSnapshot(295)) - group-78E57C937A0A: Finished taking a snapshot at:(t:1, i:16) file:/workdir/hadoop-ozone/integration-test/target/test-dir/MiniOzoneClusterImpl-23210f21-26b4-4673-833f-61feb255c217/datanode-4/data/ratis/67cc15bc-57c0-4674-be86-78e57c937a0a/sm/snapshot.1_16 time:108
2019-08-29 08:59:53,356 [StateMachineUpdater:2e835111-926f-4ebf-9fdc-c8ae7690dcd1:group-9512E3222F2A] INFO  ratis.ContainerStateMachine (ContainerStateMachine.java:takeSnapshot(295)) - group-9512E3222F2A: Finished taking a snapshot at:(t:4, i:4) file:/workdir/hadoop-ozone/integration-test/target/test-dir/MiniOzoneClusterImpl-23210f21-26b4-4673-833f-61feb255c217/datanode-1/data/ratis/89dbf652-46bc-4340-aefe-9512e3222f2a/sm/snapshot.4_4 time:116
2019-08-29 08:59:53,356 [StateMachineUpdater:ff00a4c4-a8e1-4318-a8ca-04f99219f100:group-78E57C937A0A] INFO  impl.StateMachineUpdater (StateMachineUpdater.java:takeSnapshot(242)) - StateMachineUpdater:ff00a4c4-a8e1-4318-a8ca-04f99219f100:group-78E57C937A0A: Took a snapshot at index 16
2019-08-29 08:59:53,356 [StateMachineUpdater:2e835111-926f-4ebf-9fdc-c8ae7690dcd1:group-9512E3222F2A] INFO  impl.StateMachineUpdater (StateMachineUpdater.java:takeSnapshot(242)) - StateMachineUpdater:2e835111-926f-4ebf-9fdc-c8ae7690dcd1:group-9512E3222F2A: Took a snapshot at index 4
2019-08-29 08:59:53,356 [StateMachineUpdater:ff00a4c4-a8e1-4318-a8ca-04f99219f100:group-78E57C937A0A] INFO  impl.StateMachineUpdater (StateMachineUpdater.java:lambda$new$0(80)) - StateMachineUpdater:ff00a4c4-a8e1-4318-a8ca-04f99219f100:group-78E57C937A0A: snapshotIndex: updateIncreasingly -1 -> 16
2019-08-29 08:59:53,356 [StateMachineUpdater:2e835111-926f-4ebf-9fdc-c8ae7690dcd1:group-9512E3222F2A] INFO  impl.StateMachineUpdater (StateMachineUpdater.java:lambda$new$0(80)) - StateMachineUpdater:2e835111-926f-4ebf-9fdc-c8ae7690dcd1:group-9512E3222F2A: snapshotIndex: updateIncreasingly -1 -> 4
2019-08-29 08:59:53,362 [ForkJoinPool.commonPool-worker-0] INFO  impl.RaftServerImpl (ServerState.java:close(394)) - 2e835111-926f-4ebf-9fdc-c8ae7690dcd1:group-9512E3222F2A closes. The last applied log index is 4
2019-08-29 08:59:53,362 [main] INFO  impl.RaftServerImpl (ServerState.java:close(394)) - ff00a4c4-a8e1-4318-a8ca-04f99219f100:group-78E57C937A0A closes. The last applied log index is 16
2019-08-29 08:59:53,363 [2e835111-926f-4ebf-9fdc-c8ae7690dcd1-SegmentedRaftLogWorker:Storage Directory /workdir/hadoop-ozone/integration-test/target/test-dir/MiniOzoneClusterImpl-23210f21-26b4-4673-833f-61feb255c217/datanode-1/data/ratis/89dbf652-46bc-4340-aefe-9512e3222f2a] INFO  segmented.SegmentedRaftLogWorker (SegmentedRaftLogWorker.java:run(313)) - 2e835111-926f-4ebf-9fdc-c8ae7690dcd1-SegmentedRaftLogWorker:Storage Directory /workdir/hadoop-ozone/integration-test/target/test-dir/MiniOzoneClusterImpl-23210f21-26b4-4673-833f-61feb255c217/datanode-1/data/ratis/89dbf652-46bc-4340-aefe-9512e3222f2a was interrupted, exiting. There are 0 tasks remaining in the queue.
2019-08-29 08:59:53,363 [ff00a4c4-a8e1-4318-a8ca-04f99219f100-SegmentedRaftLogWorker:Storage Directory /workdir/hadoop-ozone/integration-test/target/test-dir/MiniOzoneClusterImpl-23210f21-26b4-4673-833f-61feb255c217/datanode-4/data/ratis/67cc15bc-57c0-4674-be86-78e57c937a0a] INFO  segmented.SegmentedRaftLogWorker (SegmentedRaftLogWorker.java:run(313)) - ff00a4c4-a8e1-4318-a8ca-04f99219f100-SegmentedRaftLogWorker:Storage Directory /workdir/hadoop-ozone/integration-test/target/test-dir/MiniOzoneClusterImpl-23210f21-26b4-4673-833f-61feb255c217/datanode-4/data/ratis/67cc15bc-57c0-4674-be86-78e57c937a0a was interrupted, exiting. There are 0 tasks remaining in the queue.
2019-08-29 08:59:53,389 [main] INFO  segmented.SegmentedRaftLogWorker (SegmentedRaftLogWorker.java:close(228)) - ff00a4c4-a8e1-4318-a8ca-04f99219f100-SegmentedRaftLogWorker:Storage Directory /workdir/hadoop-ozone/integration-test/target/test-dir/MiniOzoneClusterImpl-23210f21-26b4-4673-833f-61feb255c217/datanode-4/data/ratis/67cc15bc-57c0-4674-be86-78e57c937a0a close()
2019-08-29 08:59:53,389 [ForkJoinPool.commonPool-worker-0] INFO  segmented.SegmentedRaftLogWorker (SegmentedRaftLogWorker.java:close(228)) - 2e835111-926f-4ebf-9fdc-c8ae7690dcd1-SegmentedRaftLogWorker:Storage Directory /workdir/hadoop-ozone/integration-test/target/test-dir/MiniOzoneClusterImpl-23210f21-26b4-4673-833f-61feb255c217/datanode-1/data/ratis/89dbf652-46bc-4340-aefe-9512e3222f2a close()
2019-08-29 08:59:53,393 [main] INFO  server.GrpcService (GrpcService.java:closeImpl(155)) - ff00a4c4-a8e1-4318-a8ca-04f99219f100: shutdown server with port 41640 now
2019-08-29 08:59:53,399 [ForkJoinPool.commonPool-worker-0] INFO  impl.RaftServerImpl (RaftServerImpl.java:lambda$shutdown$3(245)) - 2e835111-926f-4ebf-9fdc-c8ae7690dcd1: shutdown group-FC606CC4F5B3
2019-08-29 08:59:53,400 [ForkJoinPool.commonPool-worker-0] INFO  util.JmxRegister (JmxRegister.java:unregister(73)) - Successfully un-registered JMX Bean with object name Ratis:service=RaftServer,group=group-FC606CC4F5B3,id=2e835111-926f-4ebf-9fdc-c8ae7690dcd1
2019-08-29 08:59:53,400 [ForkJoinPool.commonPool-worker-0] INFO  impl.RoleInfo (RoleInfo.java:shutdownLeaderState(104)) - 2e835111-926f-4ebf-9fdc-c8ae7690dcd1: shutdown LeaderState
2019-08-29 08:59:53,400 [ForkJoinPool.commonPool-worker-0] INFO  impl.PendingRequests (PendingRequests.java:sendNotLeaderResponses(202)) - 2e835111-926f-4ebf-9fdc-c8ae7690dcd1-PendingRequests: sendNotLeaderResponses
2019-08-29 08:59:53,401 [ForkJoinPool.commonPool-worker-0] INFO  impl.StateMachineUpdater (StateMachineUpdater.java:stopAndJoin(115)) - StateMachineUpdater:2e835111-926f-4ebf-9fdc-c8ae7690dcd1:group-FC606CC4F5B3: set stopIndex = 0
2019-08-29 08:59:53,401 [ForkJoinPool.commonPool-worker-0] INFO  impl.RaftServerImpl (ServerState.java:close(394)) - 2e835111-926f-4ebf-9fdc-c8ae7690dcd1:group-FC606CC4F5B3 closes. The last applied log index is 0
2019-08-29 08:59:53,401 [2e835111-926f-4ebf-9fdc-c8ae7690dcd1-SegmentedRaftLogWorker:Storage Directory /workdir/hadoop-ozone/integration-test/target/test-dir/MiniOzoneClusterImpl-23210f21-26b4-4673-833f-61feb255c217/datanode-1/data/ratis/43aee6ff-9e39-48fc-9d4b-fc606cc4f5b3] INFO  segmented.SegmentedRaftLogWorker (SegmentedRaftLogWorker.java:run(313)) - 2e835111-926f-4ebf-9fdc-c8ae7690dcd1-SegmentedRaftLogWorker:Storage Directory /workdir/hadoop-ozone/integration-test/target/test-dir/MiniOzoneClusterImpl-23210f21-26b4-4673-833f-61feb255c217/datanode-1/data/ratis/43aee6ff-9e39-48fc-9d4b-fc606cc4f5b3 was interrupted, exiting. There are 0 tasks remaining in the queue.
2019-08-29 08:59:53,403 [ForkJoinPool.commonPool-worker-0] INFO  segmented.SegmentedRaftLogWorker (SegmentedRaftLogWorker.java:close(228)) - 2e835111-926f-4ebf-9fdc-c8ae7690dcd1-SegmentedRaftLogWorker:Storage Directory /workdir/hadoop-ozone/integration-test/target/test-dir/MiniOzoneClusterImpl-23210f21-26b4-4673-833f-61feb255c217/datanode-1/data/ratis/43aee6ff-9e39-48fc-9d4b-fc606cc4f5b3 close()
2019-08-29 08:59:53,405 [ForkJoinPool.commonPool-worker-0] INFO  server.GrpcService (GrpcService.java:closeImpl(155)) - 2e835111-926f-4ebf-9fdc-c8ae7690dcd1: shutdown server with port 38883 now
2019-08-29 08:59:53,406 [main] INFO  server.GrpcService (GrpcService.java:closeImpl(163)) - ff00a4c4-a8e1-4318-a8ca-04f99219f100: shutdown server with port 41640 successfully
2019-08-29 08:59:53,406 [grpc-default-executor-4] WARN  server.GrpcServerProtocolService (LogUtils.java:warn(134)) - ff00a4c4-a8e1-4318-a8ca-04f99219f100: appendEntries onError: org.apache.ratis.thirdparty.io.grpc.StatusRuntimeException: CANCELLED: cancelled before receiving half close
2019-08-29 08:59:53,406 [ForkJoinPool.commonPool-worker-0] INFO  server.GrpcService (GrpcService.java:closeImpl(163)) - 2e835111-926f-4ebf-9fdc-c8ae7690dcd1: shutdown server with port 38883 successfully
2019-08-29 08:59:53,407 [grpc-default-executor-3] WARN  server.GrpcLogAppender (LogUtils.java:warn(134)) - 8c7a60c7-f0e0-4151-b0ba-03bf13d5dd84->ff00a4c4-a8e1-4318-a8ca-04f99219f100: Failed appendEntries: org.apache.ratis.thirdparty.io.grpc.StatusRuntimeException: CANCELLED: HTTP/2 error code: CANCEL
Received Rst Stream
2019-08-29 08:59:53,409 [grpc-default-executor-3] INFO  impl.FollowerInfo (FollowerInfo.java:lambda$new$0(50)) - 8c7a60c7-f0e0-4151-b0ba-03bf13d5dd84->ff00a4c4-a8e1-4318-a8ca-04f99219f100: nextIndex: updateUnconditionally 17 -> 16
2019-08-29 08:59:53,411 [refreshUsed-/workdir/hadoop-ozone/integration-test/target/test-dir/MiniOzoneClusterImpl-23210f21-26b4-4673-833f-61feb255c217/datanode-1/data/containers] WARN  fs.CachingGetSpaceUsed (CachingGetSpaceUsed.java:run(183)) - Thread Interrupted waiting to refresh disk information: sleep interrupted
2019-08-29 08:59:53,412 [refreshUsed-/workdir/hadoop-ozone/integration-test/target/test-dir/MiniOzoneClusterImpl-23210f21-26b4-4673-833f-61feb255c217/datanode-4/data/containers] WARN  fs.CachingGetSpaceUsed (CachingGetSpaceUsed.java:run(183)) - Thread Interrupted waiting to refresh disk information: sleep interrupted
2019-08-29 08:59:53,435 [main] INFO  utils.BackgroundService (BackgroundService.java:shutdown(148)) - Shutting down service BlockDeletingService
2019-08-29 08:59:53,439 [ForkJoinPool.commonPool-worker-0] INFO  utils.BackgroundService (BackgroundService.java:shutdown(148)) - Shutting down service BlockDeletingService
2019-08-29 08:59:53,442 [main] INFO  statemachine.DatanodeStateMachine (DatanodeStateMachine.java:stopDaemon(395)) - Ozone container server stopped.
2019-08-29 08:59:53,448 [ForkJoinPool.commonPool-worker-0] INFO  statemachine.DatanodeStateMachine (DatanodeStateMachine.java:stopDaemon(395)) - Ozone container server stopped.
2019-08-29 08:59:53,451 [main] INFO  handler.ContextHandler (ContextHandler.java:doStop(910)) - Stopped o.e.j.w.WebAppContext@2da66a44{/,null,UNAVAILABLE}{/hddsDatanode}
2019-08-29 08:59:53,452 [ForkJoinPool.commonPool-worker-0] INFO  handler.ContextHandler (ContextHandler.java:doStop(910)) - Stopped o.e.j.w.WebAppContext@3c74aa0d{/,null,UNAVAILABLE}{/hddsDatanode}
2019-08-29 08:59:53,453 [main] INFO  server.AbstractConnector (AbstractConnector.java:doStop(318)) - Stopped ServerConnector@527fc8e{HTTP/1.1,[http/1.1]}{0.0.0.0:0}
2019-08-29 08:59:53,453 [ForkJoinPool.commonPool-worker-0] INFO  server.AbstractConnector (AbstractConnector.java:doStop(318)) - Stopped ServerConnector@6c841199{HTTP/1.1,[http/1.1]}{0.0.0.0:0}
2019-08-29 08:59:53,453 [main] INFO  handler.ContextHandler (ContextHandler.java:doStop(910)) - Stopped o.e.j.s.ServletContextHandler@4012d5bc{/static,jar:file:/home/user/.m2/repository/org/apache/hadoop/hadoop-hdds-container-service/0.5.0-SNAPSHOT/hadoop-hdds-container-service-0.5.0-SNAPSHOT.jar!/webapps/static,UNAVAILABLE}
2019-08-29 08:59:53,455 [ForkJoinPool.commonPool-worker-0] INFO  handler.ContextHandler (ContextHandler.java:doStop(910)) - Stopped o.e.j.s.ServletContextHandler@7dbe2ebf{/static,jar:file:/home/user/.m2/repository/org/apache/hadoop/hadoop-hdds-container-service/0.5.0-SNAPSHOT/hadoop-hdds-container-service-0.5.0-SNAPSHOT.jar!/webapps/static,UNAVAILABLE}
2019-08-29 08:59:53,455 [main] INFO  handler.ContextHandler (ContextHandler.java:doStop(910)) - Stopped o.e.j.s.ServletContextHandler@cda6019{/logs,file:///workdir/hadoop-ozone/integration-test/target/log,UNAVAILABLE}
2019-08-29 08:59:53,457 [ForkJoinPool.commonPool-worker-0] INFO  handler.ContextHandler (ContextHandler.java:doStop(910)) - Stopped o.e.j.s.ServletContextHandler@58434b19{/logs,file:///workdir/hadoop-ozone/integration-test/target/log,UNAVAILABLE}
2019-08-29 08:59:53,858 [Datanode State Machine Thread - 0] INFO  statemachine.DatanodeStateMachine (DatanodeStateMachine.java:lambda$startDaemon$0(350)) - Ozone container server started.
2019-08-29 08:59:53,913 [Datanode State Machine Thread - 0] INFO  statemachine.DatanodeStateMachine (DatanodeStateMachine.java:lambda$startDaemon$0(350)) - Ozone container server started.
2019-08-29 08:59:53,974 | INFO  | SCMAudit | user=jenkins1000 | ip=192.168.69.87 | op=SEND_HEARTBEAT {datanodeUUID=6be14348-cf2d-4abb-94f1-e8c77b81db27, command=[]} | ret=SUCCESS |  
2019-08-29 08:59:54,013 | INFO  | SCMAudit | user=jenkins1000 | ip=192.168.69.87 | op=SEND_HEARTBEAT {datanodeUUID=6fa28f14-8f40-4547-905f-1fc4e9e7d51e, command=[commandType: closeContainerCommand closeContainerCommandProto { containerID: 2 pipelineID { id: "89dbf652-46bc-4340-aefe-9512e3222f2a" } cmdId: 2 force: false } ]} | ret=SUCCESS |  
2019-08-29 08:59:54,013 | INFO  | SCMAudit | user=jenkins1000 | ip=192.168.69.87 | op=SEND_HEARTBEAT {datanodeUUID=591368fd-0e23-4e2a-b1d4-68a6dfc1d9a5, command=[commandType: closeContainerCommand closeContainerCommandProto { containerID: 2 pipelineID { id: "89dbf652-46bc-4340-aefe-9512e3222f2a" } cmdId: 2 force: false } ]} | ret=SUCCESS |  
2019-08-29 08:59:54,517 [grpc-default-executor-3] WARN  server.GrpcLogAppender (LogUtils.java:warn(134)) - 8c7a60c7-f0e0-4151-b0ba-03bf13d5dd84->ff00a4c4-a8e1-4318-a8ca-04f99219f100: Failed appendEntries: org.apache.ratis.thirdparty.io.grpc.StatusRuntimeException: UNAVAILABLE: io exception
2019-08-29 08:59:54,519 [grpc-default-executor-3] INFO  impl.FollowerInfo (FollowerInfo.java:lambda$new$0(50)) - 8c7a60c7-f0e0-4151-b0ba-03bf13d5dd84->ff00a4c4-a8e1-4318-a8ca-04f99219f100: nextIndex: updateUnconditionally 16 -> 15
2019-08-29 08:59:54,974 | INFO  | SCMAudit | user=jenkins1000 | ip=192.168.69.87 | op=SEND_HEARTBEAT {datanodeUUID=6be14348-cf2d-4abb-94f1-e8c77b81db27, command=[]} | ret=SUCCESS |  
2019-08-29 08:59:54,981 | INFO  | SCMAudit | user=jenkins1000 | ip=192.168.69.87 | op=SEND_HEARTBEAT {datanodeUUID=591368fd-0e23-4e2a-b1d4-68a6dfc1d9a5, command=[]} | ret=SUCCESS |  
2019-08-29 08:59:55,013 | INFO  | SCMAudit | user=jenkins1000 | ip=192.168.69.87 | op=SEND_HEARTBEAT {datanodeUUID=6fa28f14-8f40-4547-905f-1fc4e9e7d51e, command=[]} | ret=SUCCESS |  
2019-08-29 08:59:55,975 | INFO  | SCMAudit | user=jenkins1000 | ip=192.168.69.87 | op=SEND_HEARTBEAT {datanodeUUID=6be14348-cf2d-4abb-94f1-e8c77b81db27, command=[]} | ret=SUCCESS |  
2019-08-29 08:59:55,982 | INFO  | SCMAudit | user=jenkins1000 | ip=192.168.69.87 | op=SEND_HEARTBEAT {datanodeUUID=591368fd-0e23-4e2a-b1d4-68a6dfc1d9a5, command=[]} | ret=SUCCESS |  
2019-08-29 08:59:56,014 | INFO  | SCMAudit | user=jenkins1000 | ip=192.168.69.87 | op=SEND_HEARTBEAT {datanodeUUID=6fa28f14-8f40-4547-905f-1fc4e9e7d51e, command=[]} | ret=SUCCESS |  
2019-08-29 08:59:56,168 | INFO  | SCMAudit | user=jenkins1000 | ip=192.168.69.87 | op=SEND_HEARTBEAT {datanodeUUID=6fa28f14-8f40-4547-905f-1fc4e9e7d51e, command=[]} | ret=SUCCESS |  
2019-08-29 08:59:56,168 | INFO  | SCMAudit | user=jenkins1000 | ip=192.168.69.87 | op=SEND_HEARTBEAT {datanodeUUID=591368fd-0e23-4e2a-b1d4-68a6dfc1d9a5, command=[]} | ret=SUCCESS |  
2019-08-29 08:59:56,976 | INFO  | SCMAudit | user=jenkins1000 | ip=192.168.69.87 | op=SEND_HEARTBEAT {datanodeUUID=6be14348-cf2d-4abb-94f1-e8c77b81db27, command=[]} | ret=SUCCESS |  
2019-08-29 08:59:57,015 [grpc-default-executor-3] WARN  server.GrpcLogAppender (LogUtils.java:warn(134)) - 8c7a60c7-f0e0-4151-b0ba-03bf13d5dd84->ff00a4c4-a8e1-4318-a8ca-04f99219f100: Failed appendEntries: org.apache.ratis.thirdparty.io.grpc.StatusRuntimeException: UNAVAILABLE: io exception
2019-08-29 08:59:57,017 [grpc-default-executor-3] INFO  impl.FollowerInfo (FollowerInfo.java:lambda$new$0(50)) - 8c7a60c7-f0e0-4151-b0ba-03bf13d5dd84->ff00a4c4-a8e1-4318-a8ca-04f99219f100: nextIndex: updateUnconditionally 15 -> 14
2019-08-29 08:59:57,168 | INFO  | SCMAudit | user=jenkins1000 | ip=192.168.69.87 | op=SEND_HEARTBEAT {datanodeUUID=6fa28f14-8f40-4547-905f-1fc4e9e7d51e, command=[]} | ret=SUCCESS |  
2019-08-29 08:59:57,168 | INFO  | SCMAudit | user=jenkins1000 | ip=192.168.69.87 | op=SEND_HEARTBEAT {datanodeUUID=591368fd-0e23-4e2a-b1d4-68a6dfc1d9a5, command=[]} | ret=SUCCESS |  
2019-08-29 08:59:57,900 [EventQueue-StaleNodeForStaleNodeHandler] INFO  node.StaleNodeHandler (StaleNodeHandler.java:onMessage(58)) - Datanode 8c7a60c7-f0e0-4151-b0ba-03bf13d5dd84{ip: 192.168.69.87, host: pr-hdds-1935-5tjgs-3847141534, networkLocation: /default-rack, certSerialId: null} moved to stale state. Finalizing its pipelines [PipelineID=24db94ab-14f9-48be-8963-2a7da628b955, PipelineID=67cc15bc-57c0-4674-be86-78e57c937a0a]
2019-08-29 08:59:57,901 [EventQueue-StaleNodeForStaleNodeHandler] INFO  pipeline.SCMPipelineManager (SCMPipelineManager.java:finalizeAndDestroyPipeline(309)) - destroying pipeline:Pipeline[ Id: 24db94ab-14f9-48be-8963-2a7da628b955, Nodes: 8c7a60c7-f0e0-4151-b0ba-03bf13d5dd84{ip: 192.168.69.87, host: pr-hdds-1935-5tjgs-3847141534, networkLocation: /default-rack, certSerialId: null}, Type:RATIS, Factor:ONE, State:OPEN]
2019-08-29 08:59:57,901 [EventQueue-StaleNodeForStaleNodeHandler] INFO  pipeline.PipelineStateManager (PipelineStateManager.java:finalizePipeline(123)) - Pipeline Pipeline[ Id: 24db94ab-14f9-48be-8963-2a7da628b955, Nodes: 8c7a60c7-f0e0-4151-b0ba-03bf13d5dd84{ip: 192.168.69.87, host: pr-hdds-1935-5tjgs-3847141534, networkLocation: /default-rack, certSerialId: null}, Type:RATIS, Factor:ONE, State:CLOSED] moved to CLOSED state
2019-08-29 08:59:57,901 [EventQueue-StaleNodeForStaleNodeHandler] INFO  pipeline.SCMPipelineManager (SCMPipelineManager.java:finalizeAndDestroyPipeline(309)) - destroying pipeline:Pipeline[ Id: 67cc15bc-57c0-4674-be86-78e57c937a0a, Nodes: ff00a4c4-a8e1-4318-a8ca-04f99219f100{ip: 192.168.69.87, host: pr-hdds-1935-5tjgs-3847141534, networkLocation: /default-rack, certSerialId: null}8c7a60c7-f0e0-4151-b0ba-03bf13d5dd84{ip: 192.168.69.87, host: pr-hdds-1935-5tjgs-3847141534, networkLocation: /default-rack, certSerialId: null}e7e7da8c-f939-4fb3-bc52-3a5bf046eb23{ip: 192.168.69.87, host: pr-hdds-1935-5tjgs-3847141534, networkLocation: /default-rack, certSerialId: null}, Type:RATIS, Factor:THREE, State:CLOSED]
2019-08-29 08:59:57,976 | INFO  | SCMAudit | user=jenkins1000 | ip=192.168.69.87 | op=SEND_HEARTBEAT {datanodeUUID=6be14348-cf2d-4abb-94f1-e8c77b81db27, command=[]} | ret=SUCCESS |  
2019-08-29 08:59:58,001 [EventQueue-StaleNodeForStaleNodeHandler] INFO  node.StaleNodeHandler (StaleNodeHandler.java:onMessage(58)) - Datanode e7e7da8c-f939-4fb3-bc52-3a5bf046eb23{ip: 192.168.69.87, host: pr-hdds-1935-5tjgs-3847141534, networkLocation: /default-rack, certSerialId: null} moved to stale state. Finalizing its pipelines [PipelineID=69468dec-2655-4b0f-9b8b-28d0c83dca8e, PipelineID=67cc15bc-57c0-4674-be86-78e57c937a0a]
2019-08-29 08:59:58,001 [EventQueue-StaleNodeForStaleNodeHandler] INFO  pipeline.SCMPipelineManager (SCMPipelineManager.java:finalizeAndDestroyPipeline(309)) - destroying pipeline:Pipeline[ Id: 69468dec-2655-4b0f-9b8b-28d0c83dca8e, Nodes: e7e7da8c-f939-4fb3-bc52-3a5bf046eb23{ip: 192.168.69.87, host: pr-hdds-1935-5tjgs-3847141534, networkLocation: /default-rack, certSerialId: null}, Type:RATIS, Factor:ONE, State:OPEN]
2019-08-29 08:59:58,001 [EventQueue-StaleNodeForStaleNodeHandler] INFO  pipeline.PipelineStateManager (PipelineStateManager.java:finalizePipeline(123)) - Pipeline Pipeline[ Id: 69468dec-2655-4b0f-9b8b-28d0c83dca8e, Nodes: e7e7da8c-f939-4fb3-bc52-3a5bf046eb23{ip: 192.168.69.87, host: pr-hdds-1935-5tjgs-3847141534, networkLocation: /default-rack, certSerialId: null}, Type:RATIS, Factor:ONE, State:CLOSED] moved to CLOSED state
2019-08-29 08:59:58,002 [EventQueue-StaleNodeForStaleNodeHandler] INFO  pipeline.SCMPipelineManager (SCMPipelineManager.java:finalizeAndDestroyPipeline(309)) - destroying pipeline:Pipeline[ Id: 67cc15bc-57c0-4674-be86-78e57c937a0a, Nodes: ff00a4c4-a8e1-4318-a8ca-04f99219f100{ip: 192.168.69.87, host: pr-hdds-1935-5tjgs-3847141534, networkLocation: /default-rack, certSerialId: null}8c7a60c7-f0e0-4151-b0ba-03bf13d5dd84{ip: 192.168.69.87, host: pr-hdds-1935-5tjgs-3847141534, networkLocation: /default-rack, certSerialId: null}e7e7da8c-f939-4fb3-bc52-3a5bf046eb23{ip: 192.168.69.87, host: pr-hdds-1935-5tjgs-3847141534, networkLocation: /default-rack, certSerialId: null}, Type:RATIS, Factor:THREE, State:CLOSED]
2019-08-29 08:59:58,168 | INFO  | SCMAudit | user=jenkins1000 | ip=192.168.69.87 | op=SEND_HEARTBEAT {datanodeUUID=6fa28f14-8f40-4547-905f-1fc4e9e7d51e, command=[]} | ret=SUCCESS |  
2019-08-29 08:59:58,169 | INFO  | SCMAudit | user=jenkins1000 | ip=192.168.69.87 | op=SEND_HEARTBEAT {datanodeUUID=591368fd-0e23-4e2a-b1d4-68a6dfc1d9a5, command=[]} | ret=SUCCESS |  
2019-08-29 08:59:58,460 [main] INFO  ozoneimpl.OzoneContainer (OzoneContainer.java:stop(215)) - Attempting to stop container services.
2019-08-29 08:59:58,461 [main] INFO  impl.RaftServerProxy (RaftServerProxy.java:lambda$close$4(314)) - 8c7a60c7-f0e0-4151-b0ba-03bf13d5dd84: close
2019-08-29 08:59:58,461 [main] INFO  impl.RaftServerImpl (RaftServerImpl.java:lambda$shutdown$3(245)) - 8c7a60c7-f0e0-4151-b0ba-03bf13d5dd84: shutdown group-2A7DA628B955
2019-08-29 08:59:58,462 [main] INFO  util.JmxRegister (JmxRegister.java:unregister(73)) - Successfully un-registered JMX Bean with object name Ratis:service=RaftServer,group=group-2A7DA628B955,id=8c7a60c7-f0e0-4151-b0ba-03bf13d5dd84
2019-08-29 08:59:58,462 [main] INFO  impl.RoleInfo (RoleInfo.java:shutdownLeaderState(104)) - 8c7a60c7-f0e0-4151-b0ba-03bf13d5dd84: shutdown LeaderState
2019-08-29 08:59:58,463 [main] INFO  impl.PendingRequests (PendingRequests.java:sendNotLeaderResponses(202)) - 8c7a60c7-f0e0-4151-b0ba-03bf13d5dd84-PendingRequests: sendNotLeaderResponses
2019-08-29 08:59:58,463 [ForkJoinPool.commonPool-worker-0] INFO  ozoneimpl.OzoneContainer (OzoneContainer.java:stop(215)) - Attempting to stop container services.
2019-08-29 08:59:58,463 [main] INFO  impl.StateMachineUpdater (StateMachineUpdater.java:stopAndJoin(115)) - StateMachineUpdater:8c7a60c7-f0e0-4151-b0ba-03bf13d5dd84:group-2A7DA628B955: set stopIndex = 0
2019-08-29 08:59:58,464 [ForkJoinPool.commonPool-worker-0] INFO  impl.RaftServerProxy (RaftServerProxy.java:lambda$close$4(314)) - e7e7da8c-f939-4fb3-bc52-3a5bf046eb23: close
2019-08-29 08:59:58,464 [main] INFO  impl.RaftServerImpl (ServerState.java:close(394)) - 8c7a60c7-f0e0-4151-b0ba-03bf13d5dd84:group-2A7DA628B955 closes. The last applied log index is 0
2019-08-29 08:59:58,464 [ForkJoinPool.commonPool-worker-0] INFO  impl.RaftServerImpl (RaftServerImpl.java:lambda$shutdown$3(245)) - e7e7da8c-f939-4fb3-bc52-3a5bf046eb23: shutdown group-28D0C83DCA8E
2019-08-29 08:59:58,465 [8c7a60c7-f0e0-4151-b0ba-03bf13d5dd84-SegmentedRaftLogWorker:Storage Directory /workdir/hadoop-ozone/integration-test/target/test-dir/MiniOzoneClusterImpl-23210f21-26b4-4673-833f-61feb255c217/datanode-3/data/ratis/24db94ab-14f9-48be-8963-2a7da628b955] INFO  segmented.SegmentedRaftLogWorker (SegmentedRaftLogWorker.java:run(313)) - 8c7a60c7-f0e0-4151-b0ba-03bf13d5dd84-SegmentedRaftLogWorker:Storage Directory /workdir/hadoop-ozone/integration-test/target/test-dir/MiniOzoneClusterImpl-23210f21-26b4-4673-833f-61feb255c217/datanode-3/data/ratis/24db94ab-14f9-48be-8963-2a7da628b955 was interrupted, exiting. There are 0 tasks remaining in the queue.
2019-08-29 08:59:58,465 [ForkJoinPool.commonPool-worker-0] INFO  util.JmxRegister (JmxRegister.java:unregister(73)) - Successfully un-registered JMX Bean with object name Ratis:service=RaftServer,group=group-28D0C83DCA8E,id=e7e7da8c-f939-4fb3-bc52-3a5bf046eb23
2019-08-29 08:59:58,467 [main] INFO  segmented.SegmentedRaftLogWorker (SegmentedRaftLogWorker.java:close(228)) - 8c7a60c7-f0e0-4151-b0ba-03bf13d5dd84-SegmentedRaftLogWorker:Storage Directory /workdir/hadoop-ozone/integration-test/target/test-dir/MiniOzoneClusterImpl-23210f21-26b4-4673-833f-61feb255c217/datanode-3/data/ratis/24db94ab-14f9-48be-8963-2a7da628b955 close()
2019-08-29 08:59:58,468 [ForkJoinPool.commonPool-worker-0] INFO  impl.RoleInfo (RoleInfo.java:shutdownLeaderState(104)) - e7e7da8c-f939-4fb3-bc52-3a5bf046eb23: shutdown LeaderState
2019-08-29 08:59:58,471 [main] INFO  impl.RaftServerImpl (RaftServerImpl.java:lambda$shutdown$3(245)) - 8c7a60c7-f0e0-4151-b0ba-03bf13d5dd84: shutdown group-78E57C937A0A
2019-08-29 08:59:58,471 [ForkJoinPool.commonPool-worker-0] INFO  impl.PendingRequests (PendingRequests.java:sendNotLeaderResponses(202)) - e7e7da8c-f939-4fb3-bc52-3a5bf046eb23-PendingRequests: sendNotLeaderResponses
2019-08-29 08:59:58,472 [main] INFO  util.JmxRegister (JmxRegister.java:unregister(73)) - Successfully un-registered JMX Bean with object name Ratis:service=RaftServer,group=group-78E57C937A0A,id=8c7a60c7-f0e0-4151-b0ba-03bf13d5dd84
2019-08-29 08:59:58,472 [ForkJoinPool.commonPool-worker-0] INFO  impl.StateMachineUpdater (StateMachineUpdater.java:stopAndJoin(115)) - StateMachineUpdater:e7e7da8c-f939-4fb3-bc52-3a5bf046eb23:group-28D0C83DCA8E: set stopIndex = 0
2019-08-29 08:59:58,473 [main] INFO  impl.RoleInfo (RoleInfo.java:shutdownLeaderState(104)) - 8c7a60c7-f0e0-4151-b0ba-03bf13d5dd84: shutdown LeaderState
2019-08-29 08:59:58,473 [ForkJoinPool.commonPool-worker-0] INFO  impl.RaftServerImpl (ServerState.java:close(394)) - e7e7da8c-f939-4fb3-bc52-3a5bf046eb23:group-28D0C83DCA8E closes. The last applied log index is 0
2019-08-29 08:59:58,477 [org.apache.ratis.server.impl.LogAppender$AppenderDaemon$$Lambda$473/1125142838@5b28e5c8] WARN  server.GrpcLogAppender (GrpcLogAppender.java:mayWait(143)) - GrpcLogAppender(8c7a60c7-f0e0-4151-b0ba-03bf13d5dd84->e7e7da8c-f939-4fb3-bc52-3a5bf046eb23): Wait interrupted by java.lang.InterruptedException
2019-08-29 08:59:58,477 [e7e7da8c-f939-4fb3-bc52-3a5bf046eb23-SegmentedRaftLogWorker:Storage Directory /workdir/hadoop-ozone/integration-test/target/test-dir/MiniOzoneClusterImpl-23210f21-26b4-4673-833f-61feb255c217/datanode-2/data/ratis/69468dec-2655-4b0f-9b8b-28d0c83dca8e] INFO  segmented.SegmentedRaftLogWorker (SegmentedRaftLogWorker.java:run(313)) - e7e7da8c-f939-4fb3-bc52-3a5bf046eb23-SegmentedRaftLogWorker:Storage Directory /workdir/hadoop-ozone/integration-test/target/test-dir/MiniOzoneClusterImpl-23210f21-26b4-4673-833f-61feb255c217/datanode-2/data/ratis/69468dec-2655-4b0f-9b8b-28d0c83dca8e was interrupted, exiting. There are 0 tasks remaining in the queue.
2019-08-29 08:59:58,477 [main] INFO  impl.PendingRequests (PendingRequests.java:sendNotLeaderResponses(202)) - 8c7a60c7-f0e0-4151-b0ba-03bf13d5dd84-PendingRequests: sendNotLeaderResponses
2019-08-29 08:59:58,477 [org.apache.ratis.server.impl.LogAppender$AppenderDaemon$$Lambda$473/1125142838@247bba1a] WARN  server.GrpcLogAppender (GrpcLogAppender.java:mayWait(143)) - GrpcLogAppender(8c7a60c7-f0e0-4151-b0ba-03bf13d5dd84->ff00a4c4-a8e1-4318-a8ca-04f99219f100): Wait interrupted by java.lang.InterruptedException
2019-08-29 08:59:58,482 [grpc-default-executor-3] INFO  server.GrpcServerProtocolService (GrpcServerProtocolService.java:onCompleted(104)) - e7e7da8c-f939-4fb3-bc52-3a5bf046eb23: appendEntries completed
2019-08-29 08:59:58,482 [main] INFO  impl.StateMachineUpdater (StateMachineUpdater.java:stopAndJoin(115)) - StateMachineUpdater:8c7a60c7-f0e0-4151-b0ba-03bf13d5dd84:group-78E57C937A0A: set stopIndex = 16
2019-08-29 08:59:58,482 [StateMachineUpdater:8c7a60c7-f0e0-4151-b0ba-03bf13d5dd84:group-78E57C937A0A] INFO  ratis.ContainerStateMachine (ContainerStateMachine.java:takeSnapshot(284)) - group-78E57C937A0A: Taking a snapshot at:(t:1, i:14) file /workdir/hadoop-ozone/integration-test/target/test-dir/MiniOzoneClusterImpl-23210f21-26b4-4673-833f-61feb255c217/datanode-3/data/ratis/67cc15bc-57c0-4674-be86-78e57c937a0a/sm/snapshot.1_14
2019-08-29 08:59:58,483 [grpc-default-executor-4] INFO  server.GrpcLogAppender (GrpcLogAppender.java:onCompleted(292)) - 8c7a60c7-f0e0-4151-b0ba-03bf13d5dd84->e7e7da8c-f939-4fb3-bc52-3a5bf046eb23: follower responses appendEntries COMPLETED
2019-08-29 08:59:58,485 [grpc-default-executor-4] INFO  impl.FollowerInfo (FollowerInfo.java:lambda$new$0(50)) - 8c7a60c7-f0e0-4151-b0ba-03bf13d5dd84->e7e7da8c-f939-4fb3-bc52-3a5bf046eb23: nextIndex: updateUnconditionally 17 -> 16
2019-08-29 08:59:58,489 [ForkJoinPool.commonPool-worker-0] INFO  segmented.SegmentedRaftLogWorker (SegmentedRaftLogWorker.java:close(228)) - e7e7da8c-f939-4fb3-bc52-3a5bf046eb23-SegmentedRaftLogWorker:Storage Directory /workdir/hadoop-ozone/integration-test/target/test-dir/MiniOzoneClusterImpl-23210f21-26b4-4673-833f-61feb255c217/datanode-2/data/ratis/69468dec-2655-4b0f-9b8b-28d0c83dca8e close()
2019-08-29 08:59:58,493 [ForkJoinPool.commonPool-worker-0] INFO  impl.RaftServerImpl (RaftServerImpl.java:lambda$shutdown$3(245)) - e7e7da8c-f939-4fb3-bc52-3a5bf046eb23: shutdown group-78E57C937A0A
2019-08-29 08:59:58,493 [ForkJoinPool.commonPool-worker-0] INFO  util.JmxRegister (JmxRegister.java:unregister(73)) - Successfully un-registered JMX Bean with object name Ratis:service=RaftServer,group=group-78E57C937A0A,id=e7e7da8c-f939-4fb3-bc52-3a5bf046eb23
2019-08-29 08:59:58,493 [ForkJoinPool.commonPool-worker-0] INFO  impl.RoleInfo (RoleInfo.java:shutdownFollowerState(121)) - e7e7da8c-f939-4fb3-bc52-3a5bf046eb23: shutdown FollowerState
2019-08-29 08:59:58,494 [ForkJoinPool.commonPool-worker-0] INFO  impl.StateMachineUpdater (StateMachineUpdater.java:stopAndJoin(115)) - StateMachineUpdater:e7e7da8c-f939-4fb3-bc52-3a5bf046eb23:group-78E57C937A0A: set stopIndex = 16
2019-08-29 08:59:58,494 [StateMachineUpdater:e7e7da8c-f939-4fb3-bc52-3a5bf046eb23:group-78E57C937A0A] INFO  ratis.ContainerStateMachine (ContainerStateMachine.java:takeSnapshot(284)) - group-78E57C937A0A: Taking a snapshot at:(t:1, i:16) file /workdir/hadoop-ozone/integration-test/target/test-dir/MiniOzoneClusterImpl-23210f21-26b4-4673-833f-61feb255c217/datanode-2/data/ratis/67cc15bc-57c0-4674-be86-78e57c937a0a/sm/snapshot.1_16
2019-08-29 08:59:58,494 [Thread-328] INFO  impl.FollowerState (FollowerState.java:run(114)) - e7e7da8c-f939-4fb3-bc52-3a5bf046eb23: FollowerState was interrupted: java.lang.InterruptedException: sleep interrupted
2019-08-29 08:59:58,507 [StateMachineUpdater:8c7a60c7-f0e0-4151-b0ba-03bf13d5dd84:group-78E57C937A0A] INFO  ratis.ContainerStateMachine (ContainerStateMachine.java:takeSnapshot(295)) - group-78E57C937A0A: Finished taking a snapshot at:(t:1, i:14) file:/workdir/hadoop-ozone/integration-test/target/test-dir/MiniOzoneClusterImpl-23210f21-26b4-4673-833f-61feb255c217/datanode-3/data/ratis/67cc15bc-57c0-4674-be86-78e57c937a0a/sm/snapshot.1_14 time:24
2019-08-29 08:59:58,507 [StateMachineUpdater:8c7a60c7-f0e0-4151-b0ba-03bf13d5dd84:group-78E57C937A0A] INFO  impl.StateMachineUpdater (StateMachineUpdater.java:takeSnapshot(242)) - StateMachineUpdater:8c7a60c7-f0e0-4151-b0ba-03bf13d5dd84:group-78E57C937A0A: Took a snapshot at index 14
2019-08-29 08:59:58,507 [StateMachineUpdater:8c7a60c7-f0e0-4151-b0ba-03bf13d5dd84:group-78E57C937A0A] INFO  impl.StateMachineUpdater (StateMachineUpdater.java:lambda$new$0(80)) - StateMachineUpdater:8c7a60c7-f0e0-4151-b0ba-03bf13d5dd84:group-78E57C937A0A: snapshotIndex: updateIncreasingly -1 -> 14
2019-08-29 08:59:58,507 [main] INFO  impl.RaftServerImpl (ServerState.java:close(394)) - 8c7a60c7-f0e0-4151-b0ba-03bf13d5dd84:group-78E57C937A0A closes. The last applied log index is 16
2019-08-29 08:59:58,508 [8c7a60c7-f0e0-4151-b0ba-03bf13d5dd84-SegmentedRaftLogWorker:Storage Directory /workdir/hadoop-ozone/integration-test/target/test-dir/MiniOzoneClusterImpl-23210f21-26b4-4673-833f-61feb255c217/datanode-3/data/ratis/67cc15bc-57c0-4674-be86-78e57c937a0a] INFO  segmented.SegmentedRaftLogWorker (SegmentedRaftLogWorker.java:run(313)) - 8c7a60c7-f0e0-4151-b0ba-03bf13d5dd84-SegmentedRaftLogWorker:Storage Directory /workdir/hadoop-ozone/integration-test/target/test-dir/MiniOzoneClusterImpl-23210f21-26b4-4673-833f-61feb255c217/datanode-3/data/ratis/67cc15bc-57c0-4674-be86-78e57c937a0a was interrupted, exiting. There are 0 tasks remaining in the queue.
2019-08-29 08:59:58,508 [StateMachineUpdater:e7e7da8c-f939-4fb3-bc52-3a5bf046eb23:group-78E57C937A0A] INFO  ratis.ContainerStateMachine (ContainerStateMachine.java:takeSnapshot(295)) - group-78E57C937A0A: Finished taking a snapshot at:(t:1, i:16) file:/workdir/hadoop-ozone/integration-test/target/test-dir/MiniOzoneClusterImpl-23210f21-26b4-4673-833f-61feb255c217/datanode-2/data/ratis/67cc15bc-57c0-4674-be86-78e57c937a0a/sm/snapshot.1_16 time:15
2019-08-29 08:59:58,510 [main] INFO  segmented.SegmentedRaftLogWorker (SegmentedRaftLogWorker.java:close(228)) - 8c7a60c7-f0e0-4151-b0ba-03bf13d5dd84-SegmentedRaftLogWorker:Storage Directory /workdir/hadoop-ozone/integration-test/target/test-dir/MiniOzoneClusterImpl-23210f21-26b4-4673-833f-61feb255c217/datanode-3/data/ratis/67cc15bc-57c0-4674-be86-78e57c937a0a close()
2019-08-29 08:59:58,510 [StateMachineUpdater:e7e7da8c-f939-4fb3-bc52-3a5bf046eb23:group-78E57C937A0A] INFO  impl.StateMachineUpdater (StateMachineUpdater.java:takeSnapshot(242)) - StateMachineUpdater:e7e7da8c-f939-4fb3-bc52-3a5bf046eb23:group-78E57C937A0A: Took a snapshot at index 16
2019-08-29 08:59:58,514 [StateMachineUpdater:e7e7da8c-f939-4fb3-bc52-3a5bf046eb23:group-78E57C937A0A] INFO  impl.StateMachineUpdater (StateMachineUpdater.java:lambda$new$0(80)) - StateMachineUpdater:e7e7da8c-f939-4fb3-bc52-3a5bf046eb23:group-78E57C937A0A: snapshotIndex: updateIncreasingly -1 -> 16
2019-08-29 08:59:58,514 [main] INFO  server.GrpcService (GrpcService.java:closeImpl(155)) - 8c7a60c7-f0e0-4151-b0ba-03bf13d5dd84: shutdown server with port 34562 now
2019-08-29 08:59:58,514 [ForkJoinPool.commonPool-worker-0] INFO  impl.RaftServerImpl (ServerState.java:close(394)) - e7e7da8c-f939-4fb3-bc52-3a5bf046eb23:group-78E57C937A0A closes. The last applied log index is 16
2019-08-29 08:59:58,515 [e7e7da8c-f939-4fb3-bc52-3a5bf046eb23-SegmentedRaftLogWorker:Storage Directory /workdir/hadoop-ozone/integration-test/target/test-dir/MiniOzoneClusterImpl-23210f21-26b4-4673-833f-61feb255c217/datanode-2/data/ratis/67cc15bc-57c0-4674-be86-78e57c937a0a] INFO  segmented.SegmentedRaftLogWorker (SegmentedRaftLogWorker.java:run(313)) - e7e7da8c-f939-4fb3-bc52-3a5bf046eb23-SegmentedRaftLogWorker:Storage Directory /workdir/hadoop-ozone/integration-test/target/test-dir/MiniOzoneClusterImpl-23210f21-26b4-4673-833f-61feb255c217/datanode-2/data/ratis/67cc15bc-57c0-4674-be86-78e57c937a0a was interrupted, exiting. There are 0 tasks remaining in the queue.
2019-08-29 08:59:58,517 [ForkJoinPool.commonPool-worker-0] INFO  segmented.SegmentedRaftLogWorker (SegmentedRaftLogWorker.java:close(228)) - e7e7da8c-f939-4fb3-bc52-3a5bf046eb23-SegmentedRaftLogWorker:Storage Directory /workdir/hadoop-ozone/integration-test/target/test-dir/MiniOzoneClusterImpl-23210f21-26b4-4673-833f-61feb255c217/datanode-2/data/ratis/67cc15bc-57c0-4674-be86-78e57c937a0a close()
2019-08-29 08:59:58,517 [main] INFO  server.GrpcService (GrpcService.java:closeImpl(163)) - 8c7a60c7-f0e0-4151-b0ba-03bf13d5dd84: shutdown server with port 34562 successfully
2019-08-29 08:59:58,522 [ForkJoinPool.commonPool-worker-0] INFO  server.GrpcService (GrpcService.java:closeImpl(155)) - e7e7da8c-f939-4fb3-bc52-3a5bf046eb23: shutdown server with port 34945 now
2019-08-29 08:59:58,522 [grpc-default-executor-3] WARN  client.GrpcClientProtocolService (LogUtils.java:warn(134)) - 2-UnorderedRequestStreamObserver2: onError: org.apache.ratis.thirdparty.io.grpc.StatusRuntimeException: CANCELLED: cancelled before receiving half close
2019-08-29 08:59:58,522 [ForkJoinPool.commonPool-worker-0] INFO  server.GrpcService (GrpcService.java:closeImpl(163)) - e7e7da8c-f939-4fb3-bc52-3a5bf046eb23: shutdown server with port 34945 successfully
2019-08-29 08:59:58,525 [refreshUsed-/workdir/hadoop-ozone/integration-test/target/test-dir/MiniOzoneClusterImpl-23210f21-26b4-4673-833f-61feb255c217/datanode-2/data/containers] WARN  fs.CachingGetSpaceUsed (CachingGetSpaceUsed.java:run(183)) - Thread Interrupted waiting to refresh disk information: sleep interrupted
2019-08-29 08:59:58,532 [refreshUsed-/workdir/hadoop-ozone/integration-test/target/test-dir/MiniOzoneClusterImpl-23210f21-26b4-4673-833f-61feb255c217/datanode-3/data/containers] WARN  fs.CachingGetSpaceUsed (CachingGetSpaceUsed.java:run(183)) - Thread Interrupted waiting to refresh disk information: sleep interrupted
2019-08-29 08:59:58,545 [ForkJoinPool.commonPool-worker-0] INFO  utils.BackgroundService (BackgroundService.java:shutdown(148)) - Shutting down service BlockDeletingService
2019-08-29 08:59:58,549 [main] INFO  utils.BackgroundService (BackgroundService.java:shutdown(148)) - Shutting down service BlockDeletingService
2019-08-29 08:59:58,550 [ForkJoinPool.commonPool-worker-0] INFO  statemachine.DatanodeStateMachine (DatanodeStateMachine.java:stopDaemon(395)) - Ozone container server stopped.
2019-08-29 08:59:58,554 [main] INFO  statemachine.DatanodeStateMachine (DatanodeStateMachine.java:stopDaemon(395)) - Ozone container server stopped.
2019-08-29 08:59:58,557 [ForkJoinPool.commonPool-worker-0] INFO  handler.ContextHandler (ContextHandler.java:doStop(910)) - Stopped o.e.j.w.WebAppContext@23f86d8a{/,null,UNAVAILABLE}{/hddsDatanode}
2019-08-29 08:59:58,558 [main] INFO  handler.ContextHandler (ContextHandler.java:doStop(910)) - Stopped o.e.j.w.WebAppContext@4a7fd0c9{/,null,UNAVAILABLE}{/hddsDatanode}
2019-08-29 08:59:58,558 [ForkJoinPool.commonPool-worker-0] INFO  server.AbstractConnector (AbstractConnector.java:doStop(318)) - Stopped ServerConnector@2264ea32{HTTP/1.1,[http/1.1]}{0.0.0.0:0}
2019-08-29 08:59:58,560 [ForkJoinPool.commonPool-worker-0] INFO  handler.ContextHandler (ContextHandler.java:doStop(910)) - Stopped o.e.j.s.ServletContextHandler@45cec376{/static,jar:file:/home/user/.m2/repository/org/apache/hadoop/hadoop-hdds-container-service/0.5.0-SNAPSHOT/hadoop-hdds-container-service-0.5.0-SNAPSHOT.jar!/webapps/static,UNAVAILABLE}
2019-08-29 08:59:58,560 [main] INFO  server.AbstractConnector (AbstractConnector.java:doStop(318)) - Stopped ServerConnector@18578491{HTTP/1.1,[http/1.1]}{0.0.0.0:0}
2019-08-29 08:59:58,561 [ForkJoinPool.commonPool-worker-0] INFO  handler.ContextHandler (ContextHandler.java:doStop(910)) - Stopped o.e.j.s.ServletContextHandler@6e7c351d{/logs,file:///workdir/hadoop-ozone/integration-test/target/log,UNAVAILABLE}
2019-08-29 08:59:58,562 [main] INFO  handler.ContextHandler (ContextHandler.java:doStop(910)) - Stopped o.e.j.s.ServletContextHandler@1c8f6a90{/static,jar:file:/home/user/.m2/repository/org/apache/hadoop/hadoop-hdds-container-service/0.5.0-SNAPSHOT/hadoop-hdds-container-service-0.5.0-SNAPSHOT.jar!/webapps/static,UNAVAILABLE}
2019-08-29 08:59:58,563 [main] INFO  handler.ContextHandler (ContextHandler.java:doStop(910)) - Stopped o.e.j.s.ServletContextHandler@5d497a91{/logs,file:///workdir/hadoop-ozone/integration-test/target/log,UNAVAILABLE}
2019-08-29 08:59:58,975 | INFO  | SCMAudit | user=jenkins1000 | ip=192.168.69.87 | op=SEND_HEARTBEAT {datanodeUUID=6be14348-cf2d-4abb-94f1-e8c77b81db27, command=[]} | ret=SUCCESS |  
2019-08-29 08:59:59,167 [Datanode State Machine Thread - 0] INFO  statemachine.DatanodeStateMachine (DatanodeStateMachine.java:lambda$startDaemon$0(350)) - Ozone container server started.
2019-08-29 08:59:59,171 [Datanode State Machine Thread - 0] INFO  statemachine.DatanodeStateMachine (DatanodeStateMachine.java:lambda$startDaemon$0(350)) - Ozone container server started.
2019-08-29 08:59:59,976 | INFO  | SCMAudit | user=jenkins1000 | ip=192.168.69.87 | op=SEND_HEARTBEAT {datanodeUUID=6be14348-cf2d-4abb-94f1-e8c77b81db27, command=[]} | ret=SUCCESS |  
2019-08-29 09:00:00,976 | INFO  | SCMAudit | user=jenkins1000 | ip=192.168.69.87 | op=SEND_HEARTBEAT {datanodeUUID=6be14348-cf2d-4abb-94f1-e8c77b81db27, command=[]} | ret=SUCCESS |  
2019-08-29 09:00:01,975 | INFO  | SCMAudit | user=jenkins1000 | ip=192.168.69.87 | op=SEND_HEARTBEAT {datanodeUUID=6be14348-cf2d-4abb-94f1-e8c77b81db27, command=[]} | ret=SUCCESS |  
2019-08-29 09:00:02,345 [Thread-435] INFO  impl.FollowerState (FollowerState.java:run(106)) - 6fa28f14-8f40-4547-905f-1fc4e9e7d51e:group-9512E3222F2A changes to CANDIDATE, lastRpcTime:9307, electionTimeout:5087ms
2019-08-29 09:00:02,346 [Thread-435] INFO  impl.RoleInfo (RoleInfo.java:shutdownFollowerState(121)) - 6fa28f14-8f40-4547-905f-1fc4e9e7d51e: shutdown FollowerState
2019-08-29 09:00:02,346 [Thread-435] INFO  impl.RaftServerImpl (RaftServerImpl.java:setRole(171)) - 6fa28f14-8f40-4547-905f-1fc4e9e7d51e:group-9512E3222F2A changes role from FOLLOWER to CANDIDATE at term 4 for changeToCandidate
2019-08-29 09:00:02,346 [Thread-435] INFO  impl.RoleInfo (RoleInfo.java:updateAndGet(143)) - 6fa28f14-8f40-4547-905f-1fc4e9e7d51e: start LeaderElection
2019-08-29 09:00:02,348 [6fa28f14-8f40-4547-905f-1fc4e9e7d51e:group-9512E3222F2A:LeaderElection17] INFO  impl.RaftServerImpl (ServerState.java:setLeader(263)) - 6fa28f14-8f40-4547-905f-1fc4e9e7d51e:group-9512E3222F2A change Leader from 2e835111-926f-4ebf-9fdc-c8ae7690dcd1 to null at term 4 for initElection
2019-08-29 09:00:02,391 [6fa28f14-8f40-4547-905f-1fc4e9e7d51e:group-9512E3222F2A:LeaderElection17] INFO  impl.LeaderElection (LeaderElection.java:askForVotes(181)) - 6fa28f14-8f40-4547-905f-1fc4e9e7d51e:group-9512E3222F2A:LeaderElection17: begin an election at term 5 for 0: [6fa28f14-8f40-4547-905f-1fc4e9e7d51e:192.168.69.87:38879, 2e835111-926f-4ebf-9fdc-c8ae7690dcd1:192.168.69.87:38883, 591368fd-0e23-4e2a-b1d4-68a6dfc1d9a5:192.168.69.87:37589], old=null
2019-08-29 09:00:02,396 [grpc-default-executor-3] INFO  impl.RaftServerImpl (ServerState.java:setLeader(263)) - 591368fd-0e23-4e2a-b1d4-68a6dfc1d9a5:group-9512E3222F2A change Leader from 2e835111-926f-4ebf-9fdc-c8ae7690dcd1 to null at term 5 for updateCurrentTerm
2019-08-29 09:00:02,397 [grpc-default-executor-3] INFO  impl.RaftServerImpl (RaftServerImpl.java:setRole(171)) - 591368fd-0e23-4e2a-b1d4-68a6dfc1d9a5:group-9512E3222F2A changes role from FOLLOWER to FOLLOWER at term 5 for recognizeCandidate:6fa28f14-8f40-4547-905f-1fc4e9e7d51e
2019-08-29 09:00:02,397 [grpc-default-executor-3] INFO  impl.RoleInfo (RoleInfo.java:shutdownFollowerState(121)) - 591368fd-0e23-4e2a-b1d4-68a6dfc1d9a5: shutdown FollowerState
2019-08-29 09:00:02,397 [grpc-default-executor-3] INFO  impl.RoleInfo (RoleInfo.java:updateAndGet(143)) - 591368fd-0e23-4e2a-b1d4-68a6dfc1d9a5: start FollowerState
2019-08-29 09:00:02,397 [Thread-438] INFO  impl.FollowerState (FollowerState.java:run(114)) - 591368fd-0e23-4e2a-b1d4-68a6dfc1d9a5: FollowerState was interrupted: java.lang.InterruptedException: sleep interrupted
2019-08-29 09:00:02,399 [6fa28f14-8f40-4547-905f-1fc4e9e7d51e:group-9512E3222F2A:LeaderElection17] INFO  impl.LeaderElection (LogUtils.java:infoOrTrace(149)) - 6fa28f14-8f40-4547-905f-1fc4e9e7d51e:group-9512E3222F2A:LeaderElection17 got exception when requesting votes: {}
java.util.concurrent.ExecutionException: org.apache.ratis.thirdparty.io.grpc.StatusRuntimeException: UNAVAILABLE: io exception
	at java.util.concurrent.FutureTask.report(FutureTask.java:122)
	at java.util.concurrent.FutureTask.get(FutureTask.java:192)
	at org.apache.ratis.server.impl.LeaderElection.waitForResults(LeaderElection.java:262)
	at org.apache.ratis.server.impl.LeaderElection.askForVotes(LeaderElection.java:200)
	at org.apache.ratis.server.impl.LeaderElection.run(LeaderElection.java:130)
	at java.lang.Thread.run(Thread.java:748)
Caused by: org.apache.ratis.thirdparty.io.grpc.StatusRuntimeException: UNAVAILABLE: io exception
	at org.apache.ratis.thirdparty.io.grpc.stub.ClientCalls.toStatusRuntimeException(ClientCalls.java:233)
	at org.apache.ratis.thirdparty.io.grpc.stub.ClientCalls.getUnchecked(ClientCalls.java:214)
	at org.apache.ratis.thirdparty.io.grpc.stub.ClientCalls.blockingUnaryCall(ClientCalls.java:139)
	at org.apache.ratis.proto.grpc.RaftServerProtocolServiceGrpc$RaftServerProtocolServiceBlockingStub.requestVote(RaftServerProtocolServiceGrpc.java:265)
	at org.apache.ratis.grpc.server.GrpcServerProtocolClient.requestVote(GrpcServerProtocolClient.java:83)
	at org.apache.ratis.grpc.server.GrpcService.requestVote(GrpcService.java:195)
	at org.apache.ratis.server.impl.LeaderElection.lambda$submitRequests$1(LeaderElection.java:237)
	at java.util.concurrent.FutureTask.run(FutureTask.java:266)
	at java.util.concurrent.Executors$RunnableAdapter.call(Executors.java:511)
	at java.util.concurrent.FutureTask.run(FutureTask.java:266)
	at java.util.concurrent.ThreadPoolExecutor.runWorker(ThreadPoolExecutor.java:1149)
	at java.util.concurrent.ThreadPoolExecutor$Worker.run(ThreadPoolExecutor.java:624)
	... 1 more
Caused by: org.apache.ratis.thirdparty.io.netty.channel.AbstractChannel$AnnotatedConnectException: Connection refused: /192.168.69.87:38883
	at sun.nio.ch.SocketChannelImpl.checkConnect(Native Method)
	at sun.nio.ch.SocketChannelImpl.finishConnect(SocketChannelImpl.java:717)
	at org.apache.ratis.thirdparty.io.netty.channel.socket.nio.NioSocketChannel.doFinishConnect(NioSocketChannel.java:327)
	at org.apache.ratis.thirdparty.io.netty.channel.nio.AbstractNioChannel$AbstractNioUnsafe.finishConnect(AbstractNioChannel.java:340)
	at org.apache.ratis.thirdparty.io.netty.channel.nio.NioEventLoop.processSelectedKey(NioEventLoop.java:632)
	at org.apache.ratis.thirdparty.io.netty.channel.nio.NioEventLoop.processSelectedKeysOptimized(NioEventLoop.java:579)
	at org.apache.ratis.thirdparty.io.netty.channel.nio.NioEventLoop.processSelectedKeys(NioEventLoop.java:496)
	at org.apache.ratis.thirdparty.io.netty.channel.nio.NioEventLoop.run(NioEventLoop.java:458)
	at org.apache.ratis.thirdparty.io.netty.util.concurrent.SingleThreadEventExecutor$5.run(SingleThreadEventExecutor.java:897)
	at org.apache.ratis.thirdparty.io.netty.util.concurrent.FastThreadLocalRunnable.run(FastThreadLocalRunnable.java:30)
	... 1 more
Caused by: java.net.ConnectException: Connection refused
	... 11 more
2019-08-29 09:00:02,445 [6fa28f14-8f40-4547-905f-1fc4e9e7d51e:group-9512E3222F2A:LeaderElection17] INFO  impl.LeaderElection (LeaderElection.java:logAndReturn(56)) - 6fa28f14-8f40-4547-905f-1fc4e9e7d51e:group-9512E3222F2A:LeaderElection17: Election PASSED; received 1 response(s) [6fa28f14-8f40-4547-905f-1fc4e9e7d51e<-591368fd-0e23-4e2a-b1d4-68a6dfc1d9a5#0:OK-t5] and 1 exception(s); 6fa28f14-8f40-4547-905f-1fc4e9e7d51e:t5, leader=null, voted=6fa28f14-8f40-4547-905f-1fc4e9e7d51e, raftlog=6fa28f14-8f40-4547-905f-1fc4e9e7d51e-SegmentedRaftLog:OPENED:c4,f4,i4, conf=0: [6fa28f14-8f40-4547-905f-1fc4e9e7d51e:192.168.69.87:38879, 2e835111-926f-4ebf-9fdc-c8ae7690dcd1:192.168.69.87:38883, 591368fd-0e23-4e2a-b1d4-68a6dfc1d9a5:192.168.69.87:37589], old=null
2019-08-29 09:00:02,445 [6fa28f14-8f40-4547-905f-1fc4e9e7d51e:group-9512E3222F2A:LeaderElection17] INFO  impl.LeaderElection (LogUtils.java:infoOrTrace(149)) -   Exception 0: {}
java.util.concurrent.ExecutionException: org.apache.ratis.thirdparty.io.grpc.StatusRuntimeException: UNAVAILABLE: io exception
	at java.util.concurrent.FutureTask.report(FutureTask.java:122)
	at java.util.concurrent.FutureTask.get(FutureTask.java:192)
	at org.apache.ratis.server.impl.LeaderElection.waitForResults(LeaderElection.java:262)
	at org.apache.ratis.server.impl.LeaderElection.askForVotes(LeaderElection.java:200)
	at org.apache.ratis.server.impl.LeaderElection.run(LeaderElection.java:130)
	at java.lang.Thread.run(Thread.java:748)
Caused by: org.apache.ratis.thirdparty.io.grpc.StatusRuntimeException: UNAVAILABLE: io exception
	at org.apache.ratis.thirdparty.io.grpc.stub.ClientCalls.toStatusRuntimeException(ClientCalls.java:233)
	at org.apache.ratis.thirdparty.io.grpc.stub.ClientCalls.getUnchecked(ClientCalls.java:214)
	at org.apache.ratis.thirdparty.io.grpc.stub.ClientCalls.blockingUnaryCall(ClientCalls.java:139)
	at org.apache.ratis.proto.grpc.RaftServerProtocolServiceGrpc$RaftServerProtocolServiceBlockingStub.requestVote(RaftServerProtocolServiceGrpc.java:265)
	at org.apache.ratis.grpc.server.GrpcServerProtocolClient.requestVote(GrpcServerProtocolClient.java:83)
	at org.apache.ratis.grpc.server.GrpcService.requestVote(GrpcService.java:195)
	at org.apache.ratis.server.impl.LeaderElection.lambda$submitRequests$1(LeaderElection.java:237)
	at java.util.concurrent.FutureTask.run(FutureTask.java:266)
	at java.util.concurrent.Executors$RunnableAdapter.call(Executors.java:511)
	at java.util.concurrent.FutureTask.run(FutureTask.java:266)
	at java.util.concurrent.ThreadPoolExecutor.runWorker(ThreadPoolExecutor.java:1149)
	at java.util.concurrent.ThreadPoolExecutor$Worker.run(ThreadPoolExecutor.java:624)
	... 1 more
Caused by: org.apache.ratis.thirdparty.io.netty.channel.AbstractChannel$AnnotatedConnectException: Connection refused: /192.168.69.87:38883
	at sun.nio.ch.SocketChannelImpl.checkConnect(Native Method)
	at sun.nio.ch.SocketChannelImpl.finishConnect(SocketChannelImpl.java:717)
	at org.apache.ratis.thirdparty.io.netty.channel.socket.nio.NioSocketChannel.doFinishConnect(NioSocketChannel.java:327)
	at org.apache.ratis.thirdparty.io.netty.channel.nio.AbstractNioChannel$AbstractNioUnsafe.finishConnect(AbstractNioChannel.java:340)
	at org.apache.ratis.thirdparty.io.netty.channel.nio.NioEventLoop.processSelectedKey(NioEventLoop.java:632)
	at org.apache.ratis.thirdparty.io.netty.channel.nio.NioEventLoop.processSelectedKeysOptimized(NioEventLoop.java:579)
	at org.apache.ratis.thirdparty.io.netty.channel.nio.NioEventLoop.processSelectedKeys(NioEventLoop.java:496)
	at org.apache.ratis.thirdparty.io.netty.channel.nio.NioEventLoop.run(NioEventLoop.java:458)
	at org.apache.ratis.thirdparty.io.netty.util.concurrent.SingleThreadEventExecutor$5.run(SingleThreadEventExecutor.java:897)
	at org.apache.ratis.thirdparty.io.netty.util.concurrent.FastThreadLocalRunnable.run(FastThreadLocalRunnable.java:30)
	... 1 more
Caused by: java.net.ConnectException: Connection refused
	... 11 more
2019-08-29 09:00:02,446 [6fa28f14-8f40-4547-905f-1fc4e9e7d51e:group-9512E3222F2A:LeaderElection17] INFO  impl.RoleInfo (RoleInfo.java:shutdownLeaderElection(134)) - 6fa28f14-8f40-4547-905f-1fc4e9e7d51e: shutdown LeaderElection
2019-08-29 09:00:02,449 [6fa28f14-8f40-4547-905f-1fc4e9e7d51e:group-9512E3222F2A:LeaderElection17] INFO  impl.RaftServerImpl (RaftServerImpl.java:setRole(171)) - 6fa28f14-8f40-4547-905f-1fc4e9e7d51e:group-9512E3222F2A changes role from CANDIDATE to LEADER at term 5 for changeToLeader
2019-08-29 09:00:02,449 [6fa28f14-8f40-4547-905f-1fc4e9e7d51e:group-9512E3222F2A:LeaderElection17] INFO  impl.RaftServerImpl (ServerState.java:setLeader(263)) - 6fa28f14-8f40-4547-905f-1fc4e9e7d51e:group-9512E3222F2A change Leader from null to 6fa28f14-8f40-4547-905f-1fc4e9e7d51e at term 5 for becomeLeader, leader elected after 100ms
2019-08-29 09:00:02,449 [6fa28f14-8f40-4547-905f-1fc4e9e7d51e:group-9512E3222F2A:LeaderElection17] INFO  server.RaftServerConfigKeys (ConfUtils.java:logGet(43)) - raft.server.staging.catchup.gap = 1000 (default)
2019-08-29 09:00:02,449 [6fa28f14-8f40-4547-905f-1fc4e9e7d51e:group-9512E3222F2A:LeaderElection17] INFO  server.RaftServerConfigKeys (ConfUtils.java:logGet(43)) - raft.server.rpc.sleep.time = 25ms (default)
2019-08-29 09:00:02,450 [6fa28f14-8f40-4547-905f-1fc4e9e7d51e:group-9512E3222F2A:LeaderElection17] INFO  server.RaftServerConfigKeys (ConfUtils.java:logGet(43)) - raft.server.write.element-limit = 4096 (default)
2019-08-29 09:00:02,450 [6fa28f14-8f40-4547-905f-1fc4e9e7d51e:group-9512E3222F2A:LeaderElection17] INFO  server.RaftServerConfigKeys (ConfUtils.java:logGet(43)) - raft.server.watch.timeout = 10s (default)
2019-08-29 09:00:02,450 [6fa28f14-8f40-4547-905f-1fc4e9e7d51e:group-9512E3222F2A:LeaderElection17] INFO  server.RaftServerConfigKeys (ConfUtils.java:logGet(43)) - raft.server.watch.timeout.denomination = 1s (default)
2019-08-29 09:00:02,450 [6fa28f14-8f40-4547-905f-1fc4e9e7d51e:group-9512E3222F2A:LeaderElection17] INFO  server.RaftServerConfigKeys (ConfUtils.java:logGet(43)) - raft.server.watch.element-limit = 65536 (default)
2019-08-29 09:00:02,450 [6fa28f14-8f40-4547-905f-1fc4e9e7d51e:group-9512E3222F2A:LeaderElection17] INFO  server.RaftServerConfigKeys (ConfUtils.java:logGet(43)) - raft.server.log.appender.snapshot.chunk.size.max = 16MB (=16777216) (default)
2019-08-29 09:00:02,451 [6fa28f14-8f40-4547-905f-1fc4e9e7d51e:group-9512E3222F2A:LeaderElection17] INFO  server.RaftServerConfigKeys (ConfUtils.java:logGet(43)) - raft.server.log.appender.buffer.byte-limit = 33554432 (custom)
2019-08-29 09:00:02,451 [6fa28f14-8f40-4547-905f-1fc4e9e7d51e:group-9512E3222F2A:LeaderElection17] INFO  server.RaftServerConfigKeys (ConfUtils.java:logGet(43)) - raft.server.log.appender.buffer.element-limit = 1 (custom)
2019-08-29 09:00:02,451 [6fa28f14-8f40-4547-905f-1fc4e9e7d51e:group-9512E3222F2A:LeaderElection17] INFO  grpc.GrpcConfigKeys$Server (ConfUtils.java:logGet(43)) - raft.grpc.server.leader.outstanding.appends.max = 128 (default)
2019-08-29 09:00:02,451 [6fa28f14-8f40-4547-905f-1fc4e9e7d51e:group-9512E3222F2A:LeaderElection17] INFO  server.RaftServerConfigKeys (ConfUtils.java:logGet(43)) - raft.server.rpc.request.timeout = 3000ms (default)
2019-08-29 09:00:02,452 [6fa28f14-8f40-4547-905f-1fc4e9e7d51e:group-9512E3222F2A:LeaderElection17] INFO  server.RaftServerConfigKeys (ConfUtils.java:logGet(43)) - raft.server.log.appender.install.snapshot.enabled = false (custom)
2019-08-29 09:00:02,452 [6fa28f14-8f40-4547-905f-1fc4e9e7d51e:group-9512E3222F2A:LeaderElection17] INFO  server.RaftServerConfigKeys (ConfUtils.java:logGet(43)) - raft.server.log.appender.snapshot.chunk.size.max = 16MB (=16777216) (default)
2019-08-29 09:00:02,452 [6fa28f14-8f40-4547-905f-1fc4e9e7d51e:group-9512E3222F2A:LeaderElection17] INFO  server.RaftServerConfigKeys (ConfUtils.java:logGet(43)) - raft.server.log.appender.buffer.byte-limit = 33554432 (custom)
2019-08-29 09:00:02,452 [6fa28f14-8f40-4547-905f-1fc4e9e7d51e:group-9512E3222F2A:LeaderElection17] INFO  server.RaftServerConfigKeys (ConfUtils.java:logGet(43)) - raft.server.log.appender.buffer.element-limit = 1 (custom)
2019-08-29 09:00:02,453 [6fa28f14-8f40-4547-905f-1fc4e9e7d51e:group-9512E3222F2A:LeaderElection17] INFO  grpc.GrpcConfigKeys$Server (ConfUtils.java:logGet(43)) - raft.grpc.server.leader.outstanding.appends.max = 128 (default)
2019-08-29 09:00:02,453 [6fa28f14-8f40-4547-905f-1fc4e9e7d51e:group-9512E3222F2A:LeaderElection17] INFO  server.RaftServerConfigKeys (ConfUtils.java:logGet(43)) - raft.server.rpc.request.timeout = 3000ms (default)
2019-08-29 09:00:02,453 [6fa28f14-8f40-4547-905f-1fc4e9e7d51e:group-9512E3222F2A:LeaderElection17] INFO  server.RaftServerConfigKeys (ConfUtils.java:logGet(43)) - raft.server.log.appender.install.snapshot.enabled = false (custom)
2019-08-29 09:00:02,453 [6fa28f14-8f40-4547-905f-1fc4e9e7d51e:group-9512E3222F2A:LeaderElection17] INFO  impl.RoleInfo (RoleInfo.java:updateAndGet(143)) - 6fa28f14-8f40-4547-905f-1fc4e9e7d51e: start LeaderState
2019-08-29 09:00:02,454 [6fa28f14-8f40-4547-905f-1fc4e9e7d51e:group-9512E3222F2A:LeaderElection17] INFO  segmented.SegmentedRaftLogWorker (SegmentedRaftLogWorker.java:rollLogSegment(385)) - 6fa28f14-8f40-4547-905f-1fc4e9e7d51e-SegmentedRaftLogWorker:Storage Directory /workdir/hadoop-ozone/integration-test/target/test-dir/MiniOzoneClusterImpl-23210f21-26b4-4673-833f-61feb255c217/datanode-0/data/ratis/89dbf652-46bc-4340-aefe-9512e3222f2a: Rolling segment log-0_4 to index:4
2019-08-29 09:00:02,456 [6fa28f14-8f40-4547-905f-1fc4e9e7d51e-SegmentedRaftLogWorker:Storage Directory /workdir/hadoop-ozone/integration-test/target/test-dir/MiniOzoneClusterImpl-23210f21-26b4-4673-833f-61feb255c217/datanode-0/data/ratis/89dbf652-46bc-4340-aefe-9512e3222f2a] INFO  segmented.SegmentedRaftLogWorker (SegmentedRaftLogWorker.java:execute(526)) - 6fa28f14-8f40-4547-905f-1fc4e9e7d51e-SegmentedRaftLogWorker:Storage Directory /workdir/hadoop-ozone/integration-test/target/test-dir/MiniOzoneClusterImpl-23210f21-26b4-4673-833f-61feb255c217/datanode-0/data/ratis/89dbf652-46bc-4340-aefe-9512e3222f2a: Rolled log segment from /workdir/hadoop-ozone/integration-test/target/test-dir/MiniOzoneClusterImpl-23210f21-26b4-4673-833f-61feb255c217/datanode-0/data/ratis/89dbf652-46bc-4340-aefe-9512e3222f2a/current/log_inprogress_0 to /workdir/hadoop-ozone/integration-test/target/test-dir/MiniOzoneClusterImpl-23210f21-26b4-4673-833f-61feb255c217/datanode-0/data/ratis/89dbf652-46bc-4340-aefe-9512e3222f2a/current/log_0-4
2019-08-29 09:00:02,456 [6fa28f14-8f40-4547-905f-1fc4e9e7d51e:group-9512E3222F2A:LeaderElection17] INFO  impl.RaftServerImpl (ServerState.java:setRaftConf(361)) - 6fa28f14-8f40-4547-905f-1fc4e9e7d51e:group-9512E3222F2A set configuration 5: [6fa28f14-8f40-4547-905f-1fc4e9e7d51e:192.168.69.87:38879, 2e835111-926f-4ebf-9fdc-c8ae7690dcd1:192.168.69.87:38883, 591368fd-0e23-4e2a-b1d4-68a6dfc1d9a5:192.168.69.87:37589], old=null at 5
2019-08-29 09:00:02,458 [grpc-default-executor-3] WARN  server.GrpcLogAppender (LogUtils.java:warn(134)) - 6fa28f14-8f40-4547-905f-1fc4e9e7d51e->2e835111-926f-4ebf-9fdc-c8ae7690dcd1: Failed appendEntries: org.apache.ratis.thirdparty.io.grpc.StatusRuntimeException: UNAVAILABLE: io exception
2019-08-29 09:00:02,486 [grpc-default-executor-3] INFO  impl.FollowerInfo (FollowerInfo.java:lambda$new$0(50)) - 6fa28f14-8f40-4547-905f-1fc4e9e7d51e->2e835111-926f-4ebf-9fdc-c8ae7690dcd1: nextIndex: updateUnconditionally 5 -> 1
2019-08-29 09:00:02,487 [grpc-default-executor-3] INFO  impl.RaftServerImpl (ServerState.java:setLeader(263)) - 591368fd-0e23-4e2a-b1d4-68a6dfc1d9a5:group-9512E3222F2A change Leader from null to 6fa28f14-8f40-4547-905f-1fc4e9e7d51e at term 5 for appendEntries, leader elected after 90ms
2019-08-29 09:00:02,490 [grpc-default-executor-3] INFO  impl.RaftServerImpl (ServerState.java:setRaftConf(361)) - 591368fd-0e23-4e2a-b1d4-68a6dfc1d9a5:group-9512E3222F2A set configuration 5: [6fa28f14-8f40-4547-905f-1fc4e9e7d51e:192.168.69.87:38879, 2e835111-926f-4ebf-9fdc-c8ae7690dcd1:192.168.69.87:38883, 591368fd-0e23-4e2a-b1d4-68a6dfc1d9a5:192.168.69.87:37589], old=null at 5
2019-08-29 09:00:02,490 [grpc-default-executor-3] INFO  segmented.SegmentedRaftLogWorker (SegmentedRaftLogWorker.java:rollLogSegment(385)) - 591368fd-0e23-4e2a-b1d4-68a6dfc1d9a5-SegmentedRaftLogWorker:Storage Directory /workdir/hadoop-ozone/integration-test/target/test-dir/MiniOzoneClusterImpl-23210f21-26b4-4673-833f-61feb255c217/datanode-6/data/ratis/89dbf652-46bc-4340-aefe-9512e3222f2a: Rolling segment log-0_4 to index:4
2019-08-29 09:00:02,491 [591368fd-0e23-4e2a-b1d4-68a6dfc1d9a5-SegmentedRaftLogWorker:Storage Directory /workdir/hadoop-ozone/integration-test/target/test-dir/MiniOzoneClusterImpl-23210f21-26b4-4673-833f-61feb255c217/datanode-6/data/ratis/89dbf652-46bc-4340-aefe-9512e3222f2a] INFO  segmented.SegmentedRaftLogWorker (SegmentedRaftLogWorker.java:execute(526)) - 591368fd-0e23-4e2a-b1d4-68a6dfc1d9a5-SegmentedRaftLogWorker:Storage Directory /workdir/hadoop-ozone/integration-test/target/test-dir/MiniOzoneClusterImpl-23210f21-26b4-4673-833f-61feb255c217/datanode-6/data/ratis/89dbf652-46bc-4340-aefe-9512e3222f2a: Rolled log segment from /workdir/hadoop-ozone/integration-test/target/test-dir/MiniOzoneClusterImpl-23210f21-26b4-4673-833f-61feb255c217/datanode-6/data/ratis/89dbf652-46bc-4340-aefe-9512e3222f2a/current/log_inprogress_0 to /workdir/hadoop-ozone/integration-test/target/test-dir/MiniOzoneClusterImpl-23210f21-26b4-4673-833f-61feb255c217/datanode-6/data/ratis/89dbf652-46bc-4340-aefe-9512e3222f2a/current/log_0-4
2019-08-29 09:00:02,527 [6fa28f14-8f40-4547-905f-1fc4e9e7d51e-SegmentedRaftLogWorker:Storage Directory /workdir/hadoop-ozone/integration-test/target/test-dir/MiniOzoneClusterImpl-23210f21-26b4-4673-833f-61feb255c217/datanode-0/data/ratis/89dbf652-46bc-4340-aefe-9512e3222f2a] INFO  segmented.SegmentedRaftLogWorker (SegmentedRaftLogWorker.java:execute(569)) - 6fa28f14-8f40-4547-905f-1fc4e9e7d51e-SegmentedRaftLogWorker:Storage Directory /workdir/hadoop-ozone/integration-test/target/test-dir/MiniOzoneClusterImpl-23210f21-26b4-4673-833f-61feb255c217/datanode-0/data/ratis/89dbf652-46bc-4340-aefe-9512e3222f2a: created new log segment /workdir/hadoop-ozone/integration-test/target/test-dir/MiniOzoneClusterImpl-23210f21-26b4-4673-833f-61feb255c217/datanode-0/data/ratis/89dbf652-46bc-4340-aefe-9512e3222f2a/current/log_inprogress_5
2019-08-29 09:00:02,561 [591368fd-0e23-4e2a-b1d4-68a6dfc1d9a5-SegmentedRaftLogWorker:Storage Directory /workdir/hadoop-ozone/integration-test/target/test-dir/MiniOzoneClusterImpl-23210f21-26b4-4673-833f-61feb255c217/datanode-6/data/ratis/89dbf652-46bc-4340-aefe-9512e3222f2a] INFO  segmented.SegmentedRaftLogWorker (SegmentedRaftLogWorker.java:execute(569)) - 591368fd-0e23-4e2a-b1d4-68a6dfc1d9a5-SegmentedRaftLogWorker:Storage Directory /workdir/hadoop-ozone/integration-test/target/test-dir/MiniOzoneClusterImpl-23210f21-26b4-4673-833f-61feb255c217/datanode-6/data/ratis/89dbf652-46bc-4340-aefe-9512e3222f2a: created new log segment /workdir/hadoop-ozone/integration-test/target/test-dir/MiniOzoneClusterImpl-23210f21-26b4-4673-833f-61feb255c217/datanode-6/data/ratis/89dbf652-46bc-4340-aefe-9512e3222f2a/current/log_inprogress_5
2019-08-29 09:00:02,612 | INFO  | DNAudit | user=null | ip=null | op=READ_CHUNK {blockData=conID: 2 locID: 102699445880750082 bcsId: 0} | ret=SUCCESS |  
2019-08-29 09:00:02,627 [grpc-default-executor-4] WARN  server.GrpcLogAppender (LogUtils.java:warn(134)) - 6fa28f14-8f40-4547-905f-1fc4e9e7d51e->2e835111-926f-4ebf-9fdc-c8ae7690dcd1: Failed appendEntries: org.apache.ratis.thirdparty.io.grpc.StatusRuntimeException: UNAVAILABLE: io exception
2019-08-29 09:00:02,634 [grpc-default-executor-4] INFO  impl.FollowerInfo (FollowerInfo.java:lambda$new$0(50)) - 6fa28f14-8f40-4547-905f-1fc4e9e7d51e->2e835111-926f-4ebf-9fdc-c8ae7690dcd1: nextIndex: updateUnconditionally 2 -> 1
2019-08-29 09:00:02,976 | INFO  | SCMAudit | user=jenkins1000 | ip=192.168.69.87 | op=SEND_HEARTBEAT {datanodeUUID=6be14348-cf2d-4abb-94f1-e8c77b81db27, command=[]} | ret=SUCCESS |  
2019-08-29 09:00:03,210 [EventQueue-StaleNodeForStaleNodeHandler] INFO  node.StaleNodeHandler (StaleNodeHandler.java:onMessage(58)) - Datanode 591368fd-0e23-4e2a-b1d4-68a6dfc1d9a5{ip: 192.168.69.87, host: pr-hdds-1935-5tjgs-3847141534, networkLocation: /default-rack, certSerialId: null} moved to stale state. Finalizing its pipelines [PipelineID=39f568a1-6865-44c6-99a5-d379bb62f798, PipelineID=89dbf652-46bc-4340-aefe-9512e3222f2a]
2019-08-29 09:00:03,210 [EventQueue-StaleNodeForStaleNodeHandler] INFO  pipeline.SCMPipelineManager (SCMPipelineManager.java:finalizeAndDestroyPipeline(309)) - destroying pipeline:Pipeline[ Id: 39f568a1-6865-44c6-99a5-d379bb62f798, Nodes: 591368fd-0e23-4e2a-b1d4-68a6dfc1d9a5{ip: 192.168.69.87, host: pr-hdds-1935-5tjgs-3847141534, networkLocation: /default-rack, certSerialId: null}, Type:RATIS, Factor:ONE, State:OPEN]
2019-08-29 09:00:03,211 [EventQueue-StaleNodeForStaleNodeHandler] INFO  pipeline.PipelineStateManager (PipelineStateManager.java:finalizePipeline(123)) - Pipeline Pipeline[ Id: 39f568a1-6865-44c6-99a5-d379bb62f798, Nodes: 591368fd-0e23-4e2a-b1d4-68a6dfc1d9a5{ip: 192.168.69.87, host: pr-hdds-1935-5tjgs-3847141534, networkLocation: /default-rack, certSerialId: null}, Type:RATIS, Factor:ONE, State:CLOSED] moved to CLOSED state
2019-08-29 09:00:03,211 [EventQueue-StaleNodeForStaleNodeHandler] INFO  pipeline.SCMPipelineManager (SCMPipelineManager.java:finalizeAndDestroyPipeline(309)) - destroying pipeline:Pipeline[ Id: 89dbf652-46bc-4340-aefe-9512e3222f2a, Nodes: 2e835111-926f-4ebf-9fdc-c8ae7690dcd1{ip: 192.168.69.87, host: pr-hdds-1935-5tjgs-3847141534, networkLocation: /default-rack, certSerialId: null}591368fd-0e23-4e2a-b1d4-68a6dfc1d9a5{ip: 192.168.69.87, host: pr-hdds-1935-5tjgs-3847141534, networkLocation: /default-rack, certSerialId: null}6fa28f14-8f40-4547-905f-1fc4e9e7d51e{ip: 192.168.69.87, host: pr-hdds-1935-5tjgs-3847141534, networkLocation: /default-rack, certSerialId: null}, Type:RATIS, Factor:THREE, State:CLOSED]
2019-08-29 09:00:03,211 [EventQueue-StaleNodeForStaleNodeHandler] INFO  node.StaleNodeHandler (StaleNodeHandler.java:onMessage(58)) - Datanode 6fa28f14-8f40-4547-905f-1fc4e9e7d51e{ip: 192.168.69.87, host: pr-hdds-1935-5tjgs-3847141534, networkLocation: /default-rack, certSerialId: null} moved to stale state. Finalizing its pipelines [PipelineID=89dbf652-46bc-4340-aefe-9512e3222f2a, PipelineID=bf9e481e-72ca-4660-9bcf-fa20004b800a]
2019-08-29 09:00:03,211 [EventQueue-StaleNodeForStaleNodeHandler] INFO  pipeline.SCMPipelineManager (SCMPipelineManager.java:finalizeAndDestroyPipeline(309)) - destroying pipeline:Pipeline[ Id: 89dbf652-46bc-4340-aefe-9512e3222f2a, Nodes: 2e835111-926f-4ebf-9fdc-c8ae7690dcd1{ip: 192.168.69.87, host: pr-hdds-1935-5tjgs-3847141534, networkLocation: /default-rack, certSerialId: null}591368fd-0e23-4e2a-b1d4-68a6dfc1d9a5{ip: 192.168.69.87, host: pr-hdds-1935-5tjgs-3847141534, networkLocation: /default-rack, certSerialId: null}6fa28f14-8f40-4547-905f-1fc4e9e7d51e{ip: 192.168.69.87, host: pr-hdds-1935-5tjgs-3847141534, networkLocation: /default-rack, certSerialId: null}, Type:RATIS, Factor:THREE, State:CLOSED]
2019-08-29 09:00:03,212 [EventQueue-StaleNodeForStaleNodeHandler] INFO  pipeline.SCMPipelineManager (SCMPipelineManager.java:finalizeAndDestroyPipeline(309)) - destroying pipeline:Pipeline[ Id: bf9e481e-72ca-4660-9bcf-fa20004b800a, Nodes: 6fa28f14-8f40-4547-905f-1fc4e9e7d51e{ip: 192.168.69.87, host: pr-hdds-1935-5tjgs-3847141534, networkLocation: /default-rack, certSerialId: null}, Type:RATIS, Factor:ONE, State:OPEN]
2019-08-29 09:00:03,212 [EventQueue-StaleNodeForStaleNodeHandler] INFO  pipeline.PipelineStateManager (PipelineStateManager.java:finalizePipeline(123)) - Pipeline Pipeline[ Id: bf9e481e-72ca-4660-9bcf-fa20004b800a, Nodes: 6fa28f14-8f40-4547-905f-1fc4e9e7d51e{ip: 192.168.69.87, host: pr-hdds-1935-5tjgs-3847141534, networkLocation: /default-rack, certSerialId: null}, Type:RATIS, Factor:ONE, State:CLOSED] moved to CLOSED state
2019-08-29 09:00:03,563 [ForkJoinPool.commonPool-worker-0] INFO  ozoneimpl.OzoneContainer (OzoneContainer.java:stop(215)) - Attempting to stop container services.
2019-08-29 09:00:03,564 [ForkJoinPool.commonPool-worker-0] INFO  impl.RaftServerProxy (RaftServerProxy.java:lambda$close$4(314)) - 6fa28f14-8f40-4547-905f-1fc4e9e7d51e: close
2019-08-29 09:00:03,564 [ForkJoinPool.commonPool-worker-0] INFO  impl.RaftServerImpl (RaftServerImpl.java:lambda$shutdown$3(245)) - 6fa28f14-8f40-4547-905f-1fc4e9e7d51e: shutdown group-9512E3222F2A
2019-08-29 09:00:03,564 [main] INFO  ozoneimpl.OzoneContainer (OzoneContainer.java:stop(215)) - Attempting to stop container services.
2019-08-29 09:00:03,565 [ForkJoinPool.commonPool-worker-0] INFO  util.JmxRegister (JmxRegister.java:unregister(73)) - Successfully un-registered JMX Bean with object name Ratis:service=RaftServer,group=group-9512E3222F2A,id=6fa28f14-8f40-4547-905f-1fc4e9e7d51e
2019-08-29 09:00:03,565 [main] INFO  impl.RaftServerProxy (RaftServerProxy.java:lambda$close$4(314)) - 591368fd-0e23-4e2a-b1d4-68a6dfc1d9a5: close
2019-08-29 09:00:03,565 [ForkJoinPool.commonPool-worker-0] INFO  impl.RoleInfo (RoleInfo.java:shutdownLeaderState(104)) - 6fa28f14-8f40-4547-905f-1fc4e9e7d51e: shutdown LeaderState
2019-08-29 09:00:03,566 [main] INFO  impl.RaftServerImpl (RaftServerImpl.java:lambda$shutdown$3(245)) - 591368fd-0e23-4e2a-b1d4-68a6dfc1d9a5: shutdown group-D379BB62F798
2019-08-29 09:00:03,569 [org.apache.ratis.server.impl.LogAppender$AppenderDaemon$$Lambda$473/1125142838@7e1b09ec] WARN  server.GrpcLogAppender (GrpcLogAppender.java:mayWait(143)) - GrpcLogAppender(6fa28f14-8f40-4547-905f-1fc4e9e7d51e->2e835111-926f-4ebf-9fdc-c8ae7690dcd1): Wait interrupted by java.lang.InterruptedException
2019-08-29 09:00:03,569 [ForkJoinPool.commonPool-worker-0] INFO  impl.PendingRequests (PendingRequests.java:sendNotLeaderResponses(202)) - 6fa28f14-8f40-4547-905f-1fc4e9e7d51e-PendingRequests: sendNotLeaderResponses
2019-08-29 09:00:03,569 [org.apache.ratis.server.impl.LogAppender$AppenderDaemon$$Lambda$473/1125142838@83c371a] WARN  server.GrpcLogAppender (GrpcLogAppender.java:mayWait(143)) - GrpcLogAppender(6fa28f14-8f40-4547-905f-1fc4e9e7d51e->591368fd-0e23-4e2a-b1d4-68a6dfc1d9a5): Wait interrupted by java.lang.InterruptedException
2019-08-29 09:00:03,569 [main] INFO  util.JmxRegister (JmxRegister.java:unregister(73)) - Successfully un-registered JMX Bean with object name Ratis:service=RaftServer,group=group-D379BB62F798,id=591368fd-0e23-4e2a-b1d4-68a6dfc1d9a5
2019-08-29 09:00:03,573 [StateMachineUpdater:6fa28f14-8f40-4547-905f-1fc4e9e7d51e:group-9512E3222F2A] INFO  ratis.ContainerStateMachine (ContainerStateMachine.java:takeSnapshot(284)) - group-9512E3222F2A: Taking a snapshot at:(t:4, i:3) file /workdir/hadoop-ozone/integration-test/target/test-dir/MiniOzoneClusterImpl-23210f21-26b4-4673-833f-61feb255c217/datanode-0/data/ratis/89dbf652-46bc-4340-aefe-9512e3222f2a/sm/snapshot.4_3
2019-08-29 09:00:03,572 [ForkJoinPool.commonPool-worker-0] INFO  impl.StateMachineUpdater (StateMachineUpdater.java:stopAndJoin(115)) - StateMachineUpdater:6fa28f14-8f40-4547-905f-1fc4e9e7d51e:group-9512E3222F2A: set stopIndex = 6
2019-08-29 09:00:03,574 [grpc-default-executor-4] INFO  server.GrpcServerProtocolService (GrpcServerProtocolService.java:onCompleted(104)) - 591368fd-0e23-4e2a-b1d4-68a6dfc1d9a5: appendEntries completed
2019-08-29 09:00:03,574 [main] INFO  impl.RoleInfo (RoleInfo.java:shutdownLeaderState(104)) - 591368fd-0e23-4e2a-b1d4-68a6dfc1d9a5: shutdown LeaderState
2019-08-29 09:00:03,575 [main] INFO  impl.PendingRequests (PendingRequests.java:sendNotLeaderResponses(202)) - 591368fd-0e23-4e2a-b1d4-68a6dfc1d9a5-PendingRequests: sendNotLeaderResponses
2019-08-29 09:00:03,575 [grpc-default-executor-4] INFO  server.GrpcLogAppender (GrpcLogAppender.java:onCompleted(292)) - 6fa28f14-8f40-4547-905f-1fc4e9e7d51e->591368fd-0e23-4e2a-b1d4-68a6dfc1d9a5: follower responses appendEntries COMPLETED
2019-08-29 09:00:03,576 [main] INFO  impl.StateMachineUpdater (StateMachineUpdater.java:stopAndJoin(115)) - StateMachineUpdater:591368fd-0e23-4e2a-b1d4-68a6dfc1d9a5:group-D379BB62F798: set stopIndex = 0
2019-08-29 09:00:03,577 [grpc-default-executor-4] INFO  impl.FollowerInfo (FollowerInfo.java:lambda$new$0(50)) - 6fa28f14-8f40-4547-905f-1fc4e9e7d51e->591368fd-0e23-4e2a-b1d4-68a6dfc1d9a5: nextIndex: updateUnconditionally 7 -> 6
2019-08-29 09:00:03,577 [main] INFO  impl.RaftServerImpl (ServerState.java:close(394)) - 591368fd-0e23-4e2a-b1d4-68a6dfc1d9a5:group-D379BB62F798 closes. The last applied log index is 0
2019-08-29 09:00:03,578 [591368fd-0e23-4e2a-b1d4-68a6dfc1d9a5-SegmentedRaftLogWorker:Storage Directory /workdir/hadoop-ozone/integration-test/target/test-dir/MiniOzoneClusterImpl-23210f21-26b4-4673-833f-61feb255c217/datanode-6/data/ratis/39f568a1-6865-44c6-99a5-d379bb62f798] INFO  segmented.SegmentedRaftLogWorker (SegmentedRaftLogWorker.java:run(313)) - 591368fd-0e23-4e2a-b1d4-68a6dfc1d9a5-SegmentedRaftLogWorker:Storage Directory /workdir/hadoop-ozone/integration-test/target/test-dir/MiniOzoneClusterImpl-23210f21-26b4-4673-833f-61feb255c217/datanode-6/data/ratis/39f568a1-6865-44c6-99a5-d379bb62f798 was interrupted, exiting. There are 0 tasks remaining in the queue.
2019-08-29 09:00:03,579 [main] INFO  segmented.SegmentedRaftLogWorker (SegmentedRaftLogWorker.java:close(228)) - 591368fd-0e23-4e2a-b1d4-68a6dfc1d9a5-SegmentedRaftLogWorker:Storage Directory /workdir/hadoop-ozone/integration-test/target/test-dir/MiniOzoneClusterImpl-23210f21-26b4-4673-833f-61feb255c217/datanode-6/data/ratis/39f568a1-6865-44c6-99a5-d379bb62f798 close()
2019-08-29 09:00:03,581 [main] INFO  impl.RaftServerImpl (RaftServerImpl.java:lambda$shutdown$3(245)) - 591368fd-0e23-4e2a-b1d4-68a6dfc1d9a5: shutdown group-9512E3222F2A
2019-08-29 09:00:03,582 [main] INFO  util.JmxRegister (JmxRegister.java:unregister(73)) - Successfully un-registered JMX Bean with object name Ratis:service=RaftServer,group=group-9512E3222F2A,id=591368fd-0e23-4e2a-b1d4-68a6dfc1d9a5
2019-08-29 09:00:03,582 [main] INFO  impl.RoleInfo (RoleInfo.java:shutdownFollowerState(121)) - 591368fd-0e23-4e2a-b1d4-68a6dfc1d9a5: shutdown FollowerState
2019-08-29 09:00:03,583 [main] INFO  impl.StateMachineUpdater (StateMachineUpdater.java:stopAndJoin(115)) - StateMachineUpdater:591368fd-0e23-4e2a-b1d4-68a6dfc1d9a5:group-9512E3222F2A: set stopIndex = 5
2019-08-29 09:00:03,583 [StateMachineUpdater:591368fd-0e23-4e2a-b1d4-68a6dfc1d9a5:group-9512E3222F2A] INFO  ratis.ContainerStateMachine (ContainerStateMachine.java:takeSnapshot(284)) - group-9512E3222F2A: Taking a snapshot at:(t:4, i:3) file /workdir/hadoop-ozone/integration-test/target/test-dir/MiniOzoneClusterImpl-23210f21-26b4-4673-833f-61feb255c217/datanode-6/data/ratis/89dbf652-46bc-4340-aefe-9512e3222f2a/sm/snapshot.4_3
2019-08-29 09:00:03,583 [Thread-486] INFO  impl.FollowerState (FollowerState.java:run(114)) - 591368fd-0e23-4e2a-b1d4-68a6dfc1d9a5: FollowerState was interrupted: java.lang.InterruptedException: sleep interrupted
2019-08-29 09:00:03,595 [StateMachineUpdater:6fa28f14-8f40-4547-905f-1fc4e9e7d51e:group-9512E3222F2A] INFO  ratis.ContainerStateMachine (ContainerStateMachine.java:takeSnapshot(295)) - group-9512E3222F2A: Finished taking a snapshot at:(t:4, i:3) file:/workdir/hadoop-ozone/integration-test/target/test-dir/MiniOzoneClusterImpl-23210f21-26b4-4673-833f-61feb255c217/datanode-0/data/ratis/89dbf652-46bc-4340-aefe-9512e3222f2a/sm/snapshot.4_3 time:22
2019-08-29 09:00:03,595 [StateMachineUpdater:6fa28f14-8f40-4547-905f-1fc4e9e7d51e:group-9512E3222F2A] INFO  impl.StateMachineUpdater (StateMachineUpdater.java:takeSnapshot(242)) - StateMachineUpdater:6fa28f14-8f40-4547-905f-1fc4e9e7d51e:group-9512E3222F2A: Took a snapshot at index 3
2019-08-29 09:00:03,595 [StateMachineUpdater:6fa28f14-8f40-4547-905f-1fc4e9e7d51e:group-9512E3222F2A] INFO  impl.StateMachineUpdater (StateMachineUpdater.java:lambda$new$0(80)) - StateMachineUpdater:6fa28f14-8f40-4547-905f-1fc4e9e7d51e:group-9512E3222F2A: snapshotIndex: updateIncreasingly -1 -> 3
2019-08-29 09:00:03,595 [ForkJoinPool.commonPool-worker-0] INFO  impl.RaftServerImpl (ServerState.java:close(394)) - 6fa28f14-8f40-4547-905f-1fc4e9e7d51e:group-9512E3222F2A closes. The last applied log index is 6
2019-08-29 09:00:03,596 [6fa28f14-8f40-4547-905f-1fc4e9e7d51e-SegmentedRaftLogWorker:Storage Directory /workdir/hadoop-ozone/integration-test/target/test-dir/MiniOzoneClusterImpl-23210f21-26b4-4673-833f-61feb255c217/datanode-0/data/ratis/89dbf652-46bc-4340-aefe-9512e3222f2a] INFO  segmented.SegmentedRaftLogWorker (SegmentedRaftLogWorker.java:run(313)) - 6fa28f14-8f40-4547-905f-1fc4e9e7d51e-SegmentedRaftLogWorker:Storage Directory /workdir/hadoop-ozone/integration-test/target/test-dir/MiniOzoneClusterImpl-23210f21-26b4-4673-833f-61feb255c217/datanode-0/data/ratis/89dbf652-46bc-4340-aefe-9512e3222f2a was interrupted, exiting. There are 0 tasks remaining in the queue.
2019-08-29 09:00:03,597 [ForkJoinPool.commonPool-worker-0] INFO  segmented.SegmentedRaftLogWorker (SegmentedRaftLogWorker.java:close(228)) - 6fa28f14-8f40-4547-905f-1fc4e9e7d51e-SegmentedRaftLogWorker:Storage Directory /workdir/hadoop-ozone/integration-test/target/test-dir/MiniOzoneClusterImpl-23210f21-26b4-4673-833f-61feb255c217/datanode-0/data/ratis/89dbf652-46bc-4340-aefe-9512e3222f2a close()
2019-08-29 09:00:03,600 [ForkJoinPool.commonPool-worker-0] INFO  impl.RaftServerImpl (RaftServerImpl.java:lambda$shutdown$3(245)) - 6fa28f14-8f40-4547-905f-1fc4e9e7d51e: shutdown group-FA20004B800A
2019-08-29 09:00:03,601 [ForkJoinPool.commonPool-worker-0] INFO  util.JmxRegister (JmxRegister.java:unregister(73)) - Successfully un-registered JMX Bean with object name Ratis:service=RaftServer,group=group-FA20004B800A,id=6fa28f14-8f40-4547-905f-1fc4e9e7d51e
2019-08-29 09:00:03,601 [ForkJoinPool.commonPool-worker-0] INFO  impl.RoleInfo (RoleInfo.java:shutdownLeaderState(104)) - 6fa28f14-8f40-4547-905f-1fc4e9e7d51e: shutdown LeaderState
2019-08-29 09:00:03,601 [ForkJoinPool.commonPool-worker-0] INFO  impl.PendingRequests (PendingRequests.java:sendNotLeaderResponses(202)) - 6fa28f14-8f40-4547-905f-1fc4e9e7d51e-PendingRequests: sendNotLeaderResponses
2019-08-29 09:00:03,602 [ForkJoinPool.commonPool-worker-0] INFO  impl.StateMachineUpdater (StateMachineUpdater.java:stopAndJoin(115)) - StateMachineUpdater:6fa28f14-8f40-4547-905f-1fc4e9e7d51e:group-FA20004B800A: set stopIndex = 0
2019-08-29 09:00:03,602 [ForkJoinPool.commonPool-worker-0] INFO  impl.RaftServerImpl (ServerState.java:close(394)) - 6fa28f14-8f40-4547-905f-1fc4e9e7d51e:group-FA20004B800A closes. The last applied log index is 0
2019-08-29 09:00:03,603 [6fa28f14-8f40-4547-905f-1fc4e9e7d51e-SegmentedRaftLogWorker:Storage Directory /workdir/hadoop-ozone/integration-test/target/test-dir/MiniOzoneClusterImpl-23210f21-26b4-4673-833f-61feb255c217/datanode-0/data/ratis/bf9e481e-72ca-4660-9bcf-fa20004b800a] INFO  segmented.SegmentedRaftLogWorker (SegmentedRaftLogWorker.java:run(313)) - 6fa28f14-8f40-4547-905f-1fc4e9e7d51e-SegmentedRaftLogWorker:Storage Directory /workdir/hadoop-ozone/integration-test/target/test-dir/MiniOzoneClusterImpl-23210f21-26b4-4673-833f-61feb255c217/datanode-0/data/ratis/bf9e481e-72ca-4660-9bcf-fa20004b800a was interrupted, exiting. There are 0 tasks remaining in the queue.
2019-08-29 09:00:03,603 [ForkJoinPool.commonPool-worker-0] INFO  segmented.SegmentedRaftLogWorker (SegmentedRaftLogWorker.java:close(228)) - 6fa28f14-8f40-4547-905f-1fc4e9e7d51e-SegmentedRaftLogWorker:Storage Directory /workdir/hadoop-ozone/integration-test/target/test-dir/MiniOzoneClusterImpl-23210f21-26b4-4673-833f-61feb255c217/datanode-0/data/ratis/bf9e481e-72ca-4660-9bcf-fa20004b800a close()
2019-08-29 09:00:03,604 [ForkJoinPool.commonPool-worker-0] INFO  server.GrpcService (GrpcService.java:closeImpl(155)) - 6fa28f14-8f40-4547-905f-1fc4e9e7d51e: shutdown server with port 38879 now
2019-08-29 09:00:03,605 [ForkJoinPool.commonPool-worker-0] INFO  server.GrpcService (GrpcService.java:closeImpl(163)) - 6fa28f14-8f40-4547-905f-1fc4e9e7d51e: shutdown server with port 38879 successfully
2019-08-29 09:00:03,615 [refreshUsed-/workdir/hadoop-ozone/integration-test/target/test-dir/MiniOzoneClusterImpl-23210f21-26b4-4673-833f-61feb255c217/datanode-0/data/containers] WARN  fs.CachingGetSpaceUsed (CachingGetSpaceUsed.java:run(183)) - Thread Interrupted waiting to refresh disk information: sleep interrupted
2019-08-29 09:00:03,631 [ForkJoinPool.commonPool-worker-0] INFO  utils.BackgroundService (BackgroundService.java:shutdown(148)) - Shutting down service BlockDeletingService
2019-08-29 09:00:03,634 [ForkJoinPool.commonPool-worker-0] INFO  statemachine.DatanodeStateMachine (DatanodeStateMachine.java:stopDaemon(395)) - Ozone container server stopped.
2019-08-29 09:00:03,652 [ForkJoinPool.commonPool-worker-0] INFO  handler.ContextHandler (ContextHandler.java:doStop(910)) - Stopped o.e.j.w.WebAppContext@254f906e{/,null,UNAVAILABLE}{/hddsDatanode}
2019-08-29 09:00:03,653 [ForkJoinPool.commonPool-worker-0] INFO  server.AbstractConnector (AbstractConnector.java:doStop(318)) - Stopped ServerConnector@3d0035d2{HTTP/1.1,[http/1.1]}{0.0.0.0:0}
2019-08-29 09:00:03,654 [ForkJoinPool.commonPool-worker-0] INFO  handler.ContextHandler (ContextHandler.java:doStop(910)) - Stopped o.e.j.s.ServletContextHandler@3d96fa9e{/static,jar:file:/home/user/.m2/repository/org/apache/hadoop/hadoop-hdds-container-service/0.5.0-SNAPSHOT/hadoop-hdds-container-service-0.5.0-SNAPSHOT.jar!/webapps/static,UNAVAILABLE}
2019-08-29 09:00:03,656 [ForkJoinPool.commonPool-worker-0] INFO  handler.ContextHandler (ContextHandler.java:doStop(910)) - Stopped o.e.j.s.ServletContextHandler@74170687{/logs,file:///workdir/hadoop-ozone/integration-test/target/log,UNAVAILABLE}
2019-08-29 09:00:03,760 [StateMachineUpdater:591368fd-0e23-4e2a-b1d4-68a6dfc1d9a5:group-9512E3222F2A] INFO  ratis.ContainerStateMachine (ContainerStateMachine.java:takeSnapshot(295)) - group-9512E3222F2A: Finished taking a snapshot at:(t:4, i:3) file:/workdir/hadoop-ozone/integration-test/target/test-dir/MiniOzoneClusterImpl-23210f21-26b4-4673-833f-61feb255c217/datanode-6/data/ratis/89dbf652-46bc-4340-aefe-9512e3222f2a/sm/snapshot.4_3 time:178
2019-08-29 09:00:03,760 [StateMachineUpdater:591368fd-0e23-4e2a-b1d4-68a6dfc1d9a5:group-9512E3222F2A] INFO  impl.StateMachineUpdater (StateMachineUpdater.java:takeSnapshot(242)) - StateMachineUpdater:591368fd-0e23-4e2a-b1d4-68a6dfc1d9a5:group-9512E3222F2A: Took a snapshot at index 3
2019-08-29 09:00:03,761 [StateMachineUpdater:591368fd-0e23-4e2a-b1d4-68a6dfc1d9a5:group-9512E3222F2A] INFO  impl.StateMachineUpdater (StateMachineUpdater.java:lambda$new$0(80)) - StateMachineUpdater:591368fd-0e23-4e2a-b1d4-68a6dfc1d9a5:group-9512E3222F2A: snapshotIndex: updateIncreasingly -1 -> 3
2019-08-29 09:00:03,761 [main] INFO  impl.RaftServerImpl (ServerState.java:close(394)) - 591368fd-0e23-4e2a-b1d4-68a6dfc1d9a5:group-9512E3222F2A closes. The last applied log index is 5
2019-08-29 09:00:03,762 [591368fd-0e23-4e2a-b1d4-68a6dfc1d9a5-SegmentedRaftLogWorker:Storage Directory /workdir/hadoop-ozone/integration-test/target/test-dir/MiniOzoneClusterImpl-23210f21-26b4-4673-833f-61feb255c217/datanode-6/data/ratis/89dbf652-46bc-4340-aefe-9512e3222f2a] INFO  segmented.SegmentedRaftLogWorker (SegmentedRaftLogWorker.java:run(313)) - 591368fd-0e23-4e2a-b1d4-68a6dfc1d9a5-SegmentedRaftLogWorker:Storage Directory /workdir/hadoop-ozone/integration-test/target/test-dir/MiniOzoneClusterImpl-23210f21-26b4-4673-833f-61feb255c217/datanode-6/data/ratis/89dbf652-46bc-4340-aefe-9512e3222f2a was interrupted, exiting. There are 0 tasks remaining in the queue.
2019-08-29 09:00:03,763 [main] INFO  segmented.SegmentedRaftLogWorker (SegmentedRaftLogWorker.java:close(228)) - 591368fd-0e23-4e2a-b1d4-68a6dfc1d9a5-SegmentedRaftLogWorker:Storage Directory /workdir/hadoop-ozone/integration-test/target/test-dir/MiniOzoneClusterImpl-23210f21-26b4-4673-833f-61feb255c217/datanode-6/data/ratis/89dbf652-46bc-4340-aefe-9512e3222f2a close()
2019-08-29 09:00:03,764 [main] INFO  server.GrpcService (GrpcService.java:closeImpl(155)) - 591368fd-0e23-4e2a-b1d4-68a6dfc1d9a5: shutdown server with port 37589 now
2019-08-29 09:00:03,765 [main] INFO  server.GrpcService (GrpcService.java:closeImpl(163)) - 591368fd-0e23-4e2a-b1d4-68a6dfc1d9a5: shutdown server with port 37589 successfully
2019-08-29 09:00:03,825 [refreshUsed-/workdir/hadoop-ozone/integration-test/target/test-dir/MiniOzoneClusterImpl-23210f21-26b4-4673-833f-61feb255c217/datanode-6/data/containers] WARN  fs.CachingGetSpaceUsed (CachingGetSpaceUsed.java:run(183)) - Thread Interrupted waiting to refresh disk information: sleep interrupted
2019-08-29 09:00:03,844 [main] INFO  utils.BackgroundService (BackgroundService.java:shutdown(148)) - Shutting down service BlockDeletingService
2019-08-29 09:00:03,849 [main] INFO  statemachine.DatanodeStateMachine (DatanodeStateMachine.java:stopDaemon(395)) - Ozone container server stopped.
2019-08-29 09:00:03,850 [main] INFO  handler.ContextHandler (ContextHandler.java:doStop(910)) - Stopped o.e.j.w.WebAppContext@6c101cc1{/,null,UNAVAILABLE}{/hddsDatanode}
2019-08-29 09:00:03,851 [main] INFO  server.AbstractConnector (AbstractConnector.java:doStop(318)) - Stopped ServerConnector@7d0d91a1{HTTP/1.1,[http/1.1]}{0.0.0.0:0}
2019-08-29 09:00:03,852 [main] INFO  handler.ContextHandler (ContextHandler.java:doStop(910)) - Stopped o.e.j.s.ServletContextHandler@22752544{/static,jar:file:/home/user/.m2/repository/org/apache/hadoop/hadoop-hdds-container-service/0.5.0-SNAPSHOT/hadoop-hdds-container-service-0.5.0-SNAPSHOT.jar!/webapps/static,UNAVAILABLE}
2019-08-29 09:00:03,852 [main] INFO  handler.ContextHandler (ContextHandler.java:doStop(910)) - Stopped o.e.j.s.ServletContextHandler@78b612c6{/logs,file:///workdir/hadoop-ozone/integration-test/target/log,UNAVAILABLE}
2019-08-29 09:00:03,974 [Datanode State Machine Thread - 0] INFO  statemachine.DatanodeStateMachine (DatanodeStateMachine.java:lambda$startDaemon$0(350)) - Ozone container server started.
2019-08-29 09:00:08,018 [EventQueue-StaleNodeForStaleNodeHandler] INFO  node.StaleNodeHandler (StaleNodeHandler.java:onMessage(58)) - Datanode 6be14348-cf2d-4abb-94f1-e8c77b81db27{ip: 192.168.69.87, host: pr-hdds-1935-5tjgs-3847141534, networkLocation: /default-rack, certSerialId: null} moved to stale state. Finalizing its pipelines [PipelineID=fd638a81-606f-4675-abc2-5d416124e70d]
2019-08-29 09:00:08,019 [EventQueue-StaleNodeForStaleNodeHandler] INFO  pipeline.SCMPipelineManager (SCMPipelineManager.java:finalizeAndDestroyPipeline(309)) - destroying pipeline:Pipeline[ Id: fd638a81-606f-4675-abc2-5d416124e70d, Nodes: 6be14348-cf2d-4abb-94f1-e8c77b81db27{ip: 192.168.69.87, host: pr-hdds-1935-5tjgs-3847141534, networkLocation: /default-rack, certSerialId: null}, Type:RATIS, Factor:ONE, State:OPEN]
2019-08-29 09:00:08,019 [EventQueue-StaleNodeForStaleNodeHandler] INFO  pipeline.PipelineStateManager (PipelineStateManager.java:finalizePipeline(123)) - Pipeline Pipeline[ Id: fd638a81-606f-4675-abc2-5d416124e70d, Nodes: 6be14348-cf2d-4abb-94f1-e8c77b81db27{ip: 192.168.69.87, host: pr-hdds-1935-5tjgs-3847141534, networkLocation: /default-rack, certSerialId: null}, Type:RATIS, Factor:ONE, State:CLOSED] moved to CLOSED state
2019-08-29 09:00:08,657 [ForkJoinPool.commonPool-worker-0] INFO  ozoneimpl.OzoneContainer (OzoneContainer.java:stop(215)) - Attempting to stop container services.
2019-08-29 09:00:08,658 [ForkJoinPool.commonPool-worker-0] INFO  impl.RaftServerProxy (RaftServerProxy.java:lambda$close$4(314)) - 6be14348-cf2d-4abb-94f1-e8c77b81db27: close
2019-08-29 09:00:08,658 [ForkJoinPool.commonPool-worker-0] INFO  impl.RaftServerImpl (RaftServerImpl.java:lambda$shutdown$3(245)) - 6be14348-cf2d-4abb-94f1-e8c77b81db27: shutdown group-5D416124E70D
2019-08-29 09:00:08,659 [ForkJoinPool.commonPool-worker-0] INFO  util.JmxRegister (JmxRegister.java:unregister(73)) - Successfully un-registered JMX Bean with object name Ratis:service=RaftServer,group=group-5D416124E70D,id=6be14348-cf2d-4abb-94f1-e8c77b81db27
2019-08-29 09:00:08,659 [ForkJoinPool.commonPool-worker-0] INFO  impl.RoleInfo (RoleInfo.java:shutdownLeaderState(104)) - 6be14348-cf2d-4abb-94f1-e8c77b81db27: shutdown LeaderState
2019-08-29 09:00:08,660 [ForkJoinPool.commonPool-worker-0] INFO  impl.PendingRequests (PendingRequests.java:sendNotLeaderResponses(202)) - 6be14348-cf2d-4abb-94f1-e8c77b81db27-PendingRequests: sendNotLeaderResponses
2019-08-29 09:00:08,660 [ForkJoinPool.commonPool-worker-0] INFO  impl.StateMachineUpdater (StateMachineUpdater.java:stopAndJoin(115)) - StateMachineUpdater:6be14348-cf2d-4abb-94f1-e8c77b81db27:group-5D416124E70D: set stopIndex = 0
2019-08-29 09:00:08,660 [ForkJoinPool.commonPool-worker-0] INFO  impl.RaftServerImpl (ServerState.java:close(394)) - 6be14348-cf2d-4abb-94f1-e8c77b81db27:group-5D416124E70D closes. The last applied log index is 0
2019-08-29 09:00:08,661 [6be14348-cf2d-4abb-94f1-e8c77b81db27-SegmentedRaftLogWorker:Storage Directory /workdir/hadoop-ozone/integration-test/target/test-dir/MiniOzoneClusterImpl-23210f21-26b4-4673-833f-61feb255c217/datanode-5/data/ratis/fd638a81-606f-4675-abc2-5d416124e70d] INFO  segmented.SegmentedRaftLogWorker (SegmentedRaftLogWorker.java:run(313)) - 6be14348-cf2d-4abb-94f1-e8c77b81db27-SegmentedRaftLogWorker:Storage Directory /workdir/hadoop-ozone/integration-test/target/test-dir/MiniOzoneClusterImpl-23210f21-26b4-4673-833f-61feb255c217/datanode-5/data/ratis/fd638a81-606f-4675-abc2-5d416124e70d was interrupted, exiting. There are 0 tasks remaining in the queue.
2019-08-29 09:00:08,661 [ForkJoinPool.commonPool-worker-0] INFO  segmented.SegmentedRaftLogWorker (SegmentedRaftLogWorker.java:close(228)) - 6be14348-cf2d-4abb-94f1-e8c77b81db27-SegmentedRaftLogWorker:Storage Directory /workdir/hadoop-ozone/integration-test/target/test-dir/MiniOzoneClusterImpl-23210f21-26b4-4673-833f-61feb255c217/datanode-5/data/ratis/fd638a81-606f-4675-abc2-5d416124e70d close()
2019-08-29 09:00:08,663 [ForkJoinPool.commonPool-worker-0] INFO  server.GrpcService (GrpcService.java:closeImpl(155)) - 6be14348-cf2d-4abb-94f1-e8c77b81db27: shutdown server with port 35157 now
2019-08-29 09:00:08,664 [ForkJoinPool.commonPool-worker-0] INFO  server.GrpcService (GrpcService.java:closeImpl(163)) - 6be14348-cf2d-4abb-94f1-e8c77b81db27: shutdown server with port 35157 successfully
2019-08-29 09:00:08,667 [refreshUsed-/workdir/hadoop-ozone/integration-test/target/test-dir/MiniOzoneClusterImpl-23210f21-26b4-4673-833f-61feb255c217/datanode-5/data/containers] WARN  fs.CachingGetSpaceUsed (CachingGetSpaceUsed.java:run(183)) - Thread Interrupted waiting to refresh disk information: sleep interrupted
2019-08-29 09:00:08,689 [ForkJoinPool.commonPool-worker-0] INFO  utils.BackgroundService (BackgroundService.java:shutdown(148)) - Shutting down service BlockDeletingService
2019-08-29 09:00:08,692 [ForkJoinPool.commonPool-worker-0] INFO  statemachine.DatanodeStateMachine (DatanodeStateMachine.java:stopDaemon(395)) - Ozone container server stopped.
2019-08-29 09:00:08,712 [ForkJoinPool.commonPool-worker-0] INFO  handler.ContextHandler (ContextHandler.java:doStop(910)) - Stopped o.e.j.w.WebAppContext@354e7004{/,null,UNAVAILABLE}{/hddsDatanode}
2019-08-29 09:00:08,713 [ForkJoinPool.commonPool-worker-0] INFO  server.AbstractConnector (AbstractConnector.java:doStop(318)) - Stopped ServerConnector@22ebccb9{HTTP/1.1,[http/1.1]}{0.0.0.0:0}
2019-08-29 09:00:08,715 [ForkJoinPool.commonPool-worker-0] INFO  handler.ContextHandler (ContextHandler.java:doStop(910)) - Stopped o.e.j.s.ServletContextHandler@64aad809{/static,jar:file:/home/user/.m2/repository/org/apache/hadoop/hadoop-hdds-container-service/0.5.0-SNAPSHOT/hadoop-hdds-container-service-0.5.0-SNAPSHOT.jar!/webapps/static,UNAVAILABLE}
2019-08-29 09:00:08,716 [ForkJoinPool.commonPool-worker-0] INFO  handler.ContextHandler (ContextHandler.java:doStop(910)) - Stopped o.e.j.s.ServletContextHandler@7f1ef916{/logs,file:///workdir/hadoop-ozone/integration-test/target/log,UNAVAILABLE}
2019-08-29 09:00:08,717 [main] INFO  ozone.MiniOzoneClusterImpl (MiniOzoneClusterImpl.java:stop(339)) - Stopping the StorageContainerManager
2019-08-29 09:00:08,718 [main] INFO  server.StorageContainerManager (StorageContainerManager.java:stop(797)) - Stopping Replication Manager Service.
2019-08-29 09:00:08,718 [main] INFO  container.ReplicationManager (ReplicationManager.java:stop(203)) - Stopping Replication Monitor Thread.
2019-08-29 09:00:08,718 [main] INFO  server.StorageContainerManager (StorageContainerManager.java:stop(804)) - Stopping Lease Manager of the command watchers
2019-08-29 09:00:08,719 [main] INFO  server.StorageContainerManager (StorageContainerManager.java:stop(811)) - Stopping datanode service RPC server
2019-08-29 09:00:08,719 [main] INFO  server.SCMDatanodeProtocolServer (SCMDatanodeProtocolServer.java:stop(367)) - Stopping the RPC server for DataNodes
2019-08-29 09:00:08,719 [main] INFO  ipc.Server (Server.java:stop(3082)) - Stopping server on 38280
2019-08-29 09:00:08,720 [IPC Server listener on 38280] INFO  ipc.Server (Server.java:run(1185)) - Stopping IPC Server listener on 38280
2019-08-29 09:00:08,721 [IPC Server Responder] INFO  ipc.Server (Server.java:run(1319)) - Stopping IPC Server Responder
2019-08-29 09:00:08,820 [SCM Heartbeat Processing Thread - 0] WARN  node.NodeStateManager (NodeStateManager.java:scheduleNextHealthCheck(646)) - Current Thread is interrupted, shutting down HB processing thread for Node Manager.
2019-08-29 09:00:08,820 [main] INFO  server.StorageContainerManager (StorageContainerManager.java:stop(819)) - Stopping block service RPC server
2019-08-29 09:00:08,821 [main] INFO  server.SCMBlockProtocolServer (SCMBlockProtocolServer.java:stop(155)) - Stopping the RPC server for Block Protocol
2019-08-29 09:00:08,821 [main] INFO  ipc.Server (Server.java:stop(3082)) - Stopping server on 46461
2019-08-29 09:00:08,822 [main] INFO  server.StorageContainerManager (StorageContainerManager.java:stop(826)) - Stopping the StorageContainerLocationProtocol RPC server
2019-08-29 09:00:08,823 [main] INFO  server.SCMClientProtocolServer (SCMClientProtocolServer.java:stop(159)) - Stopping the RPC server for Client Protocol
2019-08-29 09:00:08,823 [IPC Server listener on 46461] INFO  ipc.Server (Server.java:run(1185)) - Stopping IPC Server listener on 46461
2019-08-29 09:00:08,823 [main] INFO  ipc.Server (Server.java:stop(3082)) - Stopping server on 44392
2019-08-29 09:00:08,823 [IPC Server Responder] INFO  ipc.Server (Server.java:run(1319)) - Stopping IPC Server Responder
2019-08-29 09:00:08,825 [IPC Server listener on 44392] INFO  ipc.Server (Server.java:run(1185)) - Stopping IPC Server listener on 44392
2019-08-29 09:00:08,825 [main] INFO  server.StorageContainerManager (StorageContainerManager.java:stop(833)) - Stopping Storage Container Manager HTTP server.
2019-08-29 09:00:08,825 [IPC Server Responder] INFO  ipc.Server (Server.java:run(1319)) - Stopping IPC Server Responder
2019-08-29 09:00:08,826 [main] INFO  handler.ContextHandler (ContextHandler.java:doStop(910)) - Stopped o.e.j.w.WebAppContext@733037{/,null,UNAVAILABLE}{/scm}
2019-08-29 09:00:08,827 [main] INFO  server.AbstractConnector (AbstractConnector.java:doStop(318)) - Stopped ServerConnector@50b8ae8d{HTTP/1.1,[http/1.1]}{0.0.0.0:0}
2019-08-29 09:00:08,827 [main] INFO  handler.ContextHandler (ContextHandler.java:doStop(910)) - Stopped o.e.j.s.ServletContextHandler@26425897{/static,file:///workdir/hadoop-ozone/integration-test/target/test-classes/webapps/static,UNAVAILABLE}
2019-08-29 09:00:08,828 [main] INFO  handler.ContextHandler (ContextHandler.java:doStop(910)) - Stopped o.e.j.s.ServletContextHandler@5c8eee0f{/logs,file:///workdir/hadoop-ozone/integration-test/target/log,UNAVAILABLE}
2019-08-29 09:00:08,829 [main] INFO  server.StorageContainerManager (StorageContainerManager.java:stop(844)) - Stopping Block Manager Service.
2019-08-29 09:00:08,829 [main] INFO  utils.BackgroundService (BackgroundService.java:shutdown(148)) - Shutting down service SCMBlockDeletingService
2019-08-29 09:00:08,830 [main] INFO  utils.BackgroundService (BackgroundService.java:shutdown(148)) - Shutting down service SCMBlockDeletingService
2019-08-29 09:00:08,830 [main] INFO  server.StorageContainerManager (StorageContainerManager.java:stop(866)) - Stopping SCM Event Queue.
2019-08-29 09:00:08,836 [main] INFO  impl.MetricsSystemImpl (MetricsSystemImpl.java:stop(210)) - Stopping XceiverClientMetrics metrics system...
2019-08-29 09:00:08,843 [prometheus] INFO  impl.MetricsSinkAdapter (MetricsSinkAdapter.java:publishMetricsFromQueue(141)) - prometheus thread interrupted.
2019-08-29 09:00:08,843 [main] INFO  impl.MetricsSystemImpl (MetricsSystemImpl.java:stop(216)) - XceiverClientMetrics metrics system stopped.
]]></system-out>
  </testcase>
  <testcase name="testDatanodeFailureWithPreAllocation" classname="org.apache.hadoop.ozone.client.rpc.TestBlockOutputStreamWithFailures" time="228.233"/>
  <testcase name="testDatanodeFailureWithSingleNodeRatis" classname="org.apache.hadoop.ozone.client.rpc.TestBlockOutputStreamWithFailures" time="225.826"/>
  <testcase name="testWatchForCommitWithSingleNodeRatis" classname="org.apache.hadoop.ozone.client.rpc.TestBlockOutputStreamWithFailures" time="34.809"/>
  <testcase name="testWatchForCommitDatanodeFailure" classname="org.apache.hadoop.ozone.client.rpc.TestBlockOutputStreamWithFailures" time="41.046"/>
  <testcase name="testFailureWithPrimeSizedData" classname="org.apache.hadoop.ozone.client.rpc.TestBlockOutputStreamWithFailures" time="38.589">
    <failure message="expected:&lt;2&gt; but was:&lt;3&gt;" type="java.lang.AssertionError"><![CDATA[java.lang.AssertionError: expected:<2> but was:<3>
	at org.junit.Assert.fail(Assert.java:88)
	at org.junit.Assert.failNotEquals(Assert.java:743)
	at org.junit.Assert.assertEquals(Assert.java:118)
	at org.junit.Assert.assertEquals(Assert.java:555)
	at org.junit.Assert.assertEquals(Assert.java:542)
	at org.apache.hadoop.ozone.client.rpc.TestBlockOutputStreamWithFailures.testFailureWithPrimeSizedData(TestBlockOutputStreamWithFailures.java:635)
	at sun.reflect.NativeMethodAccessorImpl.invoke0(Native Method)
	at sun.reflect.NativeMethodAccessorImpl.invoke(NativeMethodAccessorImpl.java:62)
	at sun.reflect.DelegatingMethodAccessorImpl.invoke(DelegatingMethodAccessorImpl.java:43)
	at java.lang.reflect.Method.invoke(Method.java:498)
	at org.junit.runners.model.FrameworkMethod$1.runReflectiveCall(FrameworkMethod.java:47)
	at org.junit.internal.runners.model.ReflectiveCallable.run(ReflectiveCallable.java:12)
	at org.junit.runners.model.FrameworkMethod.invokeExplosively(FrameworkMethod.java:44)
	at org.junit.internal.runners.statements.InvokeMethod.evaluate(InvokeMethod.java:17)
	at org.junit.internal.runners.statements.RunBefores.evaluate(RunBefores.java:26)
	at org.junit.internal.runners.statements.RunAfters.evaluate(RunAfters.java:27)
	at org.junit.runners.ParentRunner.runLeaf(ParentRunner.java:271)
	at org.junit.runners.BlockJUnit4ClassRunner.runChild(BlockJUnit4ClassRunner.java:70)
	at org.junit.runners.BlockJUnit4ClassRunner.runChild(BlockJUnit4ClassRunner.java:50)
	at org.junit.runners.ParentRunner$3.run(ParentRunner.java:238)
	at org.junit.runners.ParentRunner$1.schedule(ParentRunner.java:63)
	at org.junit.runners.ParentRunner.runChildren(ParentRunner.java:236)
	at org.junit.runners.ParentRunner.access$000(ParentRunner.java:53)
	at org.junit.runners.ParentRunner$2.evaluate(ParentRunner.java:229)
	at org.junit.runners.ParentRunner.run(ParentRunner.java:309)
	at org.apache.maven.surefire.junit4.JUnit4Provider.execute(JUnit4Provider.java:365)
	at org.apache.maven.surefire.junit4.JUnit4Provider.executeWithRerun(JUnit4Provider.java:273)
	at org.apache.maven.surefire.junit4.JUnit4Provider.executeTestSet(JUnit4Provider.java:238)
	at org.apache.maven.surefire.junit4.JUnit4Provider.invoke(JUnit4Provider.java:159)
	at org.apache.maven.surefire.booter.ForkedBooter.invokeProviderInSameClassLoader(ForkedBooter.java:384)
	at org.apache.maven.surefire.booter.ForkedBooter.runSuitesInProcess(ForkedBooter.java:345)
	at org.apache.maven.surefire.booter.ForkedBooter.execute(ForkedBooter.java:126)
	at org.apache.maven.surefire.booter.ForkedBooter.main(ForkedBooter.java:418)
]]></failure>
    <system-out><![CDATA[2019-08-29 09:08:58,869 [main] WARN  server.ServerUtils (ServerUtils.java:getScmDbDir(145)) - ozone.scm.db.dirs is not configured. We recommend adding this setting. Falling back to ozone.metadata.dirs instead.
2019-08-29 09:08:58,911 [main] WARN  server.ServerUtils (ServerUtils.java:getScmDbDir(145)) - ozone.scm.db.dirs is not configured. We recommend adding this setting. Falling back to ozone.metadata.dirs instead.
2019-08-29 09:08:58,911 [main] WARN  server.ServerUtils (ServerUtils.java:getScmDbDir(145)) - ozone.scm.db.dirs is not configured. We recommend adding this setting. Falling back to ozone.metadata.dirs instead.
2019-08-29 09:08:58,911 [main] INFO  db.DBStoreBuilder (DBStoreBuilder.java:addTable(110)) - using custom profile for table: deletedBlocks
2019-08-29 09:08:58,912 [main] INFO  db.DBStoreBuilder (DBStoreBuilder.java:processTables(161)) - Using default column profile:DBProfile.DISK for Table:deletedBlocks
2019-08-29 09:08:58,912 [main] INFO  db.DBStoreBuilder (DBStoreBuilder.java:addTable(110)) - using custom profile for table: validCerts
2019-08-29 09:08:58,912 [main] INFO  db.DBStoreBuilder (DBStoreBuilder.java:processTables(161)) - Using default column profile:DBProfile.DISK for Table:validCerts
2019-08-29 09:08:58,912 [main] INFO  db.DBStoreBuilder (DBStoreBuilder.java:addTable(110)) - using custom profile for table: revokedCerts
2019-08-29 09:08:58,912 [main] INFO  db.DBStoreBuilder (DBStoreBuilder.java:processTables(161)) - Using default column profile:DBProfile.DISK for Table:revokedCerts
2019-08-29 09:08:58,912 [main] INFO  db.DBStoreBuilder (DBStoreBuilder.java:addTable(110)) - using custom profile for table: default
2019-08-29 09:08:58,913 [main] INFO  db.DBStoreBuilder (DBStoreBuilder.java:processTables(167)) - Using default column profile:DBProfile.DISK for Table:default
2019-08-29 09:08:58,913 [main] INFO  db.DBStoreBuilder (DBStoreBuilder.java:getDbProfile(198)) - Using default options. DBProfile.DISK
2019-08-29 09:08:59,172 [main] INFO  net.NodeSchemaLoader (NodeSchemaLoader.java:loadSchemaFromFile(125)) - Loading file from sun.misc.CompoundEnumeration@7c0df4ab
2019-08-29 09:08:59,173 [main] INFO  net.NodeSchemaLoader (NodeSchemaLoader.java:loadSchema(171)) - Loading network topology layer schema file
2019-08-29 09:08:59,178 [main] INFO  node.SCMNodeManager (SCMNodeManager.java:<init>(114)) - Entering startup safe mode.
2019-08-29 09:08:59,178 [main] INFO  algorithms.ContainerPlacementPolicyFactory (ContainerPlacementPolicyFactory.java:getPolicy(55)) - Create container placement policy of type org.apache.hadoop.hdds.scm.container.placement.algorithms.SCMContainerPlacementRandom
2019-08-29 09:08:59,179 [main] WARN  server.ServerUtils (ServerUtils.java:getScmDbDir(145)) - ozone.scm.db.dirs is not configured. We recommend adding this setting. Falling back to ozone.metadata.dirs instead.
2019-08-29 09:08:59,320 [main] INFO  pipeline.SCMPipelineManager (SCMPipelineManager.java:initializePipelineState(126)) - No pipeline exists in current db
2019-08-29 09:08:59,321 [main] WARN  server.ServerUtils (ServerUtils.java:getScmDbDir(145)) - ozone.scm.db.dirs is not configured. We recommend adding this setting. Falling back to ozone.metadata.dirs instead.
2019-08-29 09:08:59,449 [main] WARN  events.EventQueue (EventQueue.java:fireEvent(183)) - No event handler registered for event TypedEvent{payloadType=SafeModeStatus, name='SafeModeStatus'}
2019-08-29 09:08:59,450 [main] INFO  ipc.CallQueueManager (CallQueueManager.java:<init>(84)) - Using callQueue: class java.util.concurrent.LinkedBlockingQueue, queueCapacity: 2000, scheduler: class org.apache.hadoop.ipc.DefaultRpcScheduler, ipcBackoff: false.
2019-08-29 09:08:59,451 [Socket Reader #1 for port 46418] INFO  ipc.Server (Server.java:run(1074)) - Starting Socket Reader #1 for port 46418
2019-08-29 09:08:59,452 [main] INFO  ipc.CallQueueManager (CallQueueManager.java:<init>(84)) - Using callQueue: class java.util.concurrent.LinkedBlockingQueue, queueCapacity: 2000, scheduler: class org.apache.hadoop.ipc.DefaultRpcScheduler, ipcBackoff: false.
2019-08-29 09:08:59,453 [Socket Reader #1 for port 40659] INFO  ipc.Server (Server.java:run(1074)) - Starting Socket Reader #1 for port 40659
2019-08-29 09:08:59,454 [main] INFO  ipc.CallQueueManager (CallQueueManager.java:<init>(84)) - Using callQueue: class java.util.concurrent.LinkedBlockingQueue, queueCapacity: 2000, scheduler: class org.apache.hadoop.ipc.DefaultRpcScheduler, ipcBackoff: false.
2019-08-29 09:08:59,455 [Socket Reader #1 for port 45894] INFO  ipc.Server (Server.java:run(1074)) - Starting Socket Reader #1 for port 45894
2019-08-29 09:08:59,457 [main] INFO  hdfs.DFSUtil (DFSUtil.java:httpServerTemplateForNNAndJN(1641)) - Starting Web-server for scm at: http://0.0.0.0:0
2019-08-29 09:08:59,461 [main] INFO  server.AuthenticationFilter (AuthenticationFilter.java:constructSecretProvider(240)) - Unable to initialize FileSignerSecretProvider, falling back to use random secrets.
2019-08-29 09:08:59,461 [main] WARN  http.HttpRequestLog (HttpRequestLog.java:getRequestLog(97)) - Jetty request log can only be enabled using Log4j
2019-08-29 09:08:59,463 [main] INFO  http.HttpServer2 (HttpServer2.java:addGlobalFilter(975)) - Added global filter 'safety' (class=org.apache.hadoop.http.HttpServer2$QuotingInputFilter)
2019-08-29 09:08:59,463 [main] INFO  http.HttpServer2 (HttpServer2.java:addFilter(948)) - Added filter static_user_filter (class=org.apache.hadoop.http.lib.StaticUserWebFilter$StaticUserFilter) to context scm
2019-08-29 09:08:59,464 [main] INFO  http.HttpServer2 (HttpServer2.java:addFilter(958)) - Added filter static_user_filter (class=org.apache.hadoop.http.lib.StaticUserWebFilter$StaticUserFilter) to context logs
2019-08-29 09:08:59,464 [main] INFO  http.HttpServer2 (HttpServer2.java:addFilter(958)) - Added filter static_user_filter (class=org.apache.hadoop.http.lib.StaticUserWebFilter$StaticUserFilter) to context static
2019-08-29 09:08:59,466 [main] INFO  server.StorageContainerManager (StorageContainerManager.java:start(759)) - StorageContainerLocationProtocol RPC server is listening at /0.0.0.0:45894
2019-08-29 09:08:59,468 [main] WARN  impl.MetricsConfig (MetricsConfig.java:loadFirst(134)) - Cannot locate configuration: tried hadoop-metrics2-storagecontainermanager.properties,hadoop-metrics2.properties
2019-08-29 09:08:59,468 [main] INFO  impl.MetricsSystemImpl (MetricsSystemImpl.java:startTimer(374)) - Scheduled Metric snapshot period at 10 second(s).
2019-08-29 09:08:59,469 [main] INFO  impl.MetricsSystemImpl (MetricsSystemImpl.java:start(191)) - StorageContainerManager metrics system started
2019-08-29 09:08:59,506 [main] WARN  impl.MetricsSystemImpl (MetricsSystemImpl.java:register(276)) - Sink prometheus already exists!
2019-08-29 09:08:59,549 [main] INFO  server.SCMClientProtocolServer (SCMClientProtocolServer.java:start(151)) - RPC server for Client  is listening at /0.0.0.0:45894
2019-08-29 09:08:59,549 [IPC Server Responder] INFO  ipc.Server (Server.java:run(1314)) - IPC Server Responder: starting
2019-08-29 09:08:59,549 [IPC Server listener on 45894] INFO  ipc.Server (Server.java:run(1153)) - IPC Server listener on 45894: starting
2019-08-29 09:08:59,553 [main] INFO  server.StorageContainerManager (StorageContainerManager.java:start(769)) - ScmBlockLocationProtocol RPC server is listening at /0.0.0.0:40659
2019-08-29 09:08:59,553 [main] INFO  server.SCMBlockProtocolServer (SCMBlockProtocolServer.java:start(146)) - RPC server for Block Protocol is listening at /0.0.0.0:40659
2019-08-29 09:08:59,553 [IPC Server Responder] INFO  ipc.Server (Server.java:run(1314)) - IPC Server Responder: starting
2019-08-29 09:08:59,553 [IPC Server listener on 40659] INFO  ipc.Server (Server.java:run(1153)) - IPC Server listener on 40659: starting
2019-08-29 09:08:59,556 [main] INFO  server.StorageContainerManager (StorageContainerManager.java:start(773)) - ScmDatanodeProtocl RPC server is listening at /0.0.0.0:46418
2019-08-29 09:08:59,557 [main] INFO  server.SCMDatanodeProtocolServer (SCMDatanodeProtocolServer.java:start(191)) - RPC server for DataNodes is listening at /0.0.0.0:46418
2019-08-29 09:08:59,557 [IPC Server Responder] INFO  ipc.Server (Server.java:run(1314)) - IPC Server Responder: starting
2019-08-29 09:08:59,557 [IPC Server listener on 46418] INFO  ipc.Server (Server.java:run(1153)) - IPC Server listener on 46418: starting
2019-08-29 09:08:59,563 [main] INFO  http.HttpServer2 (HttpServer2.java:bindListener(1191)) - Jetty bound to port 36199
2019-08-29 09:08:59,563 [main] INFO  server.Server (Server.java:doStart(351)) - jetty-9.3.24.v20180605, build timestamp: 2018-06-05T17:11:56Z, git hash: 84205aa28f11a4f31f2a3b86d1bba2cc8ab69827
2019-08-29 09:08:59,565 [main] INFO  handler.ContextHandler (ContextHandler.java:doStart(781)) - Started o.e.j.s.ServletContextHandler@111a7973{/logs,file:///workdir/hadoop-ozone/integration-test/target/log,AVAILABLE}
2019-08-29 09:08:59,565 [main] INFO  handler.ContextHandler (ContextHandler.java:doStart(781)) - Started o.e.j.s.ServletContextHandler@78b0ec3a{/static,file:///workdir/hadoop-ozone/integration-test/target/test-classes/webapps/static,AVAILABLE}
2019-08-29 09:08:59,570 [main] INFO  handler.ContextHandler (ContextHandler.java:doStart(781)) - Started o.e.j.w.WebAppContext@3ffd4b12{/,file:///workdir/hadoop-ozone/integration-test/target/test-classes/webapps/scm/,AVAILABLE}{/scm}
2019-08-29 09:08:59,570 [main] INFO  server.AbstractConnector (AbstractConnector.java:doStart(278)) - Started ServerConnector@424f02b8{HTTP/1.1,[http/1.1]}{0.0.0.0:36199}
2019-08-29 09:08:59,571 [main] INFO  server.Server (Server.java:doStart(419)) - Started @581157ms
2019-08-29 09:08:59,571 [main] WARN  impl.MetricsSystemImpl (MetricsSystemImpl.java:register(276)) - Sink prometheus already exists!
2019-08-29 09:08:59,572 [main] INFO  server.BaseHttpServer (BaseHttpServer.java:updateConnectorAddress(215)) - HTTP server of SCM is listening at http://0.0.0.0:36199
2019-08-29 09:08:59,573 [main] WARN  server.ServerUtils (ServerUtils.java:getDBPath(222)) - ozone.om.db.dirs is not configured. We recommend adding this setting. Falling back to ozone.metadata.dirs instead.
2019-08-29 09:08:59,574 [org.apache.hadoop.util.JvmPauseMonitor$Monitor@3cc3f13e] INFO  util.JvmPauseMonitor (JvmPauseMonitor.java:run(188)) - Starting JVM pause monitor
2019-08-29 09:08:59,593 [main] WARN  server.ServerUtils (ServerUtils.java:getDBPath(222)) - ozone.om.db.dirs is not configured. We recommend adding this setting. Falling back to ozone.metadata.dirs instead.
2019-08-29 09:08:59,593 [main] WARN  server.ServerUtils (ServerUtils.java:getDBPath(222)) - ozone.om.db.dirs is not configured. We recommend adding this setting. Falling back to ozone.metadata.dirs instead.
2019-08-29 09:08:59,593 [main] INFO  om.OzoneManager (OzoneManager.java:setOMNodeDetails(652)) - OM Service ID is not set. Setting it to the default ID: omServiceIdDefault
2019-08-29 09:08:59,593 [main] INFO  om.OzoneManager (OzoneManager.java:setOMNodeDetails(658)) - OM Node ID is not set. Setting it to the OmStorage's OmID: aa13e4ef-c7ce-4e02-a176-f1e090004e71
2019-08-29 09:08:59,594 [main] INFO  om.OzoneManager (OzoneManager.java:loadOMHAConfigs(609)) - Found matching OM address with OMServiceId: null, OMNodeId: null, RPC Address: localhost:0 and Ratis port: 9872
2019-08-29 09:08:59,597 | INFO  | SCMAudit | user=jenkins1000 | ip=192.168.69.87 | op=GET_SCM_INFO null | ret=SUCCESS |  
2019-08-29 09:08:59,599 [main] WARN  server.ServerUtils (ServerUtils.java:getDBPath(222)) - ozone.om.db.dirs is not configured. We recommend adding this setting. Falling back to ozone.metadata.dirs instead.
2019-08-29 09:08:59,599 [main] INFO  db.DBStoreBuilder (DBStoreBuilder.java:addTable(110)) - using custom profile for table: userTable
2019-08-29 09:08:59,599 [main] INFO  db.DBStoreBuilder (DBStoreBuilder.java:processTables(161)) - Using default column profile:DBProfile.DISK for Table:userTable
2019-08-29 09:08:59,599 [main] INFO  db.DBStoreBuilder (DBStoreBuilder.java:addTable(110)) - using custom profile for table: volumeTable
2019-08-29 09:08:59,600 [main] INFO  db.DBStoreBuilder (DBStoreBuilder.java:processTables(161)) - Using default column profile:DBProfile.DISK for Table:volumeTable
2019-08-29 09:08:59,600 [main] INFO  db.DBStoreBuilder (DBStoreBuilder.java:addTable(110)) - using custom profile for table: bucketTable
2019-08-29 09:08:59,600 [main] INFO  db.DBStoreBuilder (DBStoreBuilder.java:processTables(161)) - Using default column profile:DBProfile.DISK for Table:bucketTable
2019-08-29 09:08:59,600 [main] INFO  db.DBStoreBuilder (DBStoreBuilder.java:addTable(110)) - using custom profile for table: keyTable
2019-08-29 09:08:59,600 [main] INFO  db.DBStoreBuilder (DBStoreBuilder.java:processTables(161)) - Using default column profile:DBProfile.DISK for Table:keyTable
2019-08-29 09:08:59,600 [main] INFO  db.DBStoreBuilder (DBStoreBuilder.java:addTable(110)) - using custom profile for table: deletedTable
2019-08-29 09:08:59,601 [main] INFO  db.DBStoreBuilder (DBStoreBuilder.java:processTables(161)) - Using default column profile:DBProfile.DISK for Table:deletedTable
2019-08-29 09:08:59,601 [main] INFO  db.DBStoreBuilder (DBStoreBuilder.java:addTable(110)) - using custom profile for table: openKeyTable
2019-08-29 09:08:59,601 [main] INFO  db.DBStoreBuilder (DBStoreBuilder.java:processTables(161)) - Using default column profile:DBProfile.DISK for Table:openKeyTable
2019-08-29 09:08:59,601 [main] INFO  db.DBStoreBuilder (DBStoreBuilder.java:addTable(110)) - using custom profile for table: s3Table
2019-08-29 09:08:59,601 [main] INFO  db.DBStoreBuilder (DBStoreBuilder.java:processTables(161)) - Using default column profile:DBProfile.DISK for Table:s3Table
2019-08-29 09:08:59,601 [main] INFO  db.DBStoreBuilder (DBStoreBuilder.java:addTable(110)) - using custom profile for table: multipartInfoTable
2019-08-29 09:08:59,601 [main] INFO  db.DBStoreBuilder (DBStoreBuilder.java:processTables(161)) - Using default column profile:DBProfile.DISK for Table:multipartInfoTable
2019-08-29 09:08:59,602 [main] INFO  db.DBStoreBuilder (DBStoreBuilder.java:addTable(110)) - using custom profile for table: dTokenTable
2019-08-29 09:08:59,602 [main] INFO  db.DBStoreBuilder (DBStoreBuilder.java:processTables(161)) - Using default column profile:DBProfile.DISK for Table:dTokenTable
2019-08-29 09:08:59,602 [main] INFO  db.DBStoreBuilder (DBStoreBuilder.java:addTable(110)) - using custom profile for table: s3SecretTable
2019-08-29 09:08:59,602 [main] INFO  db.DBStoreBuilder (DBStoreBuilder.java:processTables(161)) - Using default column profile:DBProfile.DISK for Table:s3SecretTable
2019-08-29 09:08:59,602 [main] INFO  db.DBStoreBuilder (DBStoreBuilder.java:addTable(110)) - using custom profile for table: prefixTable
2019-08-29 09:08:59,602 [main] INFO  db.DBStoreBuilder (DBStoreBuilder.java:processTables(161)) - Using default column profile:DBProfile.DISK for Table:prefixTable
2019-08-29 09:08:59,603 [main] INFO  db.DBStoreBuilder (DBStoreBuilder.java:addTable(110)) - using custom profile for table: default
2019-08-29 09:08:59,603 [main] INFO  db.DBStoreBuilder (DBStoreBuilder.java:processTables(167)) - Using default column profile:DBProfile.DISK for Table:default
2019-08-29 09:08:59,603 [main] INFO  db.DBStoreBuilder (DBStoreBuilder.java:getDbProfile(198)) - Using default options. DBProfile.DISK
2019-08-29 09:09:00,387 [main] INFO  ipc.CallQueueManager (CallQueueManager.java:<init>(84)) - Using callQueue: class java.util.concurrent.LinkedBlockingQueue, queueCapacity: 2000, scheduler: class org.apache.hadoop.ipc.DefaultRpcScheduler, ipcBackoff: false.
2019-08-29 09:09:00,388 [Socket Reader #1 for port 44821] INFO  ipc.Server (Server.java:run(1074)) - Starting Socket Reader #1 for port 44821
2019-08-29 09:09:00,402 [main] INFO  om.OzoneManager (OzoneManager.java:start(1266)) - OzoneManager RPC server is listening at localhost/127.0.0.1:44821
2019-08-29 09:09:00,402 [main] INFO  impl.MetricsSystemImpl (MetricsSystemImpl.java:init(158)) - OzoneManager metrics system started (again)
2019-08-29 09:09:00,403 [IPC Server listener on 44821] INFO  ipc.Server (Server.java:run(1153)) - IPC Server listener on 44821: starting
2019-08-29 09:09:00,403 [IPC Server Responder] INFO  ipc.Server (Server.java:run(1314)) - IPC Server Responder: starting
2019-08-29 09:09:00,407 [main] INFO  hdfs.DFSUtil (DFSUtil.java:httpServerTemplateForNNAndJN(1641)) - Starting Web-server for ozoneManager at: http://0.0.0.0:0
2019-08-29 09:09:00,409 [main] INFO  server.AuthenticationFilter (AuthenticationFilter.java:constructSecretProvider(240)) - Unable to initialize FileSignerSecretProvider, falling back to use random secrets.
2019-08-29 09:09:00,409 [main] WARN  http.HttpRequestLog (HttpRequestLog.java:getRequestLog(97)) - Jetty request log can only be enabled using Log4j
2019-08-29 09:09:00,411 [main] INFO  http.HttpServer2 (HttpServer2.java:addGlobalFilter(975)) - Added global filter 'safety' (class=org.apache.hadoop.http.HttpServer2$QuotingInputFilter)
2019-08-29 09:09:00,411 [main] INFO  http.HttpServer2 (HttpServer2.java:addFilter(948)) - Added filter static_user_filter (class=org.apache.hadoop.http.lib.StaticUserWebFilter$StaticUserFilter) to context ozoneManager
2019-08-29 09:09:00,412 [main] INFO  http.HttpServer2 (HttpServer2.java:addFilter(958)) - Added filter static_user_filter (class=org.apache.hadoop.http.lib.StaticUserWebFilter$StaticUserFilter) to context static
2019-08-29 09:09:00,412 [main] INFO  http.HttpServer2 (HttpServer2.java:addFilter(958)) - Added filter static_user_filter (class=org.apache.hadoop.http.lib.StaticUserWebFilter$StaticUserFilter) to context logs
2019-08-29 09:09:00,412 [main] INFO  http.HttpServer2 (HttpServer2.java:bindListener(1191)) - Jetty bound to port 44749
2019-08-29 09:09:00,412 [main] INFO  server.Server (Server.java:doStart(351)) - jetty-9.3.24.v20180605, build timestamp: 2018-06-05T17:11:56Z, git hash: 84205aa28f11a4f31f2a3b86d1bba2cc8ab69827
2019-08-29 09:09:00,414 [main] INFO  handler.ContextHandler (ContextHandler.java:doStart(781)) - Started o.e.j.s.ServletContextHandler@20ffb8d5{/logs,file:///workdir/hadoop-ozone/integration-test/target/log,AVAILABLE}
2019-08-29 09:09:00,414 [main] INFO  handler.ContextHandler (ContextHandler.java:doStart(781)) - Started o.e.j.s.ServletContextHandler@57e03347{/static,file:///workdir/hadoop-ozone/integration-test/target/test-classes/webapps/static,AVAILABLE}
2019-08-29 09:09:00,418 [main] INFO  handler.ContextHandler (ContextHandler.java:doStart(781)) - Started o.e.j.w.WebAppContext@17176b18{/,file:///workdir/hadoop-ozone/integration-test/target/test-classes/webapps/ozoneManager/,AVAILABLE}{/ozoneManager}
2019-08-29 09:09:00,418 [main] INFO  server.AbstractConnector (AbstractConnector.java:doStart(278)) - Started ServerConnector@4e4395c{HTTP/1.1,[http/1.1]}{0.0.0.0:44749}
2019-08-29 09:09:00,419 [main] INFO  server.Server (Server.java:doStart(419)) - Started @582005ms
2019-08-29 09:09:00,419 [main] WARN  impl.MetricsSystemImpl (MetricsSystemImpl.java:register(276)) - Sink prometheus already exists!
2019-08-29 09:09:00,420 [main] INFO  server.BaseHttpServer (BaseHttpServer.java:updateConnectorAddress(215)) - HTTP server of OZONEMANAGER is listening at http://0.0.0.0:44749
2019-08-29 09:09:00,449 [main] INFO  impl.MetricsSystemImpl (MetricsSystemImpl.java:init(158)) - HddsDatanode metrics system started (again)
2019-08-29 09:09:00,451 [main] INFO  ozone.HddsDatanodeService (HddsDatanodeService.java:start(184)) - HddsDatanodeService host:pr-hdds-1935-5tjgs-3847141534 ip:192.168.69.87
2019-08-29 09:09:00,457 [main] INFO  volume.HddsVolume (HddsVolume.java:<init>(176)) - Creating Volume: /workdir/hadoop-ozone/integration-test/target/test-dir/MiniOzoneClusterImpl-1c352198-1c3a-44ed-b4f2-463a1ec9c860/datanode-0/data/containers/hdds of  storage type : DISK and capacity : 1482555576320
2019-08-29 09:09:00,457 [main] INFO  volume.VolumeSet (VolumeSet.java:initializeVolumeSet(170)) - Added Volume : /workdir/hadoop-ozone/integration-test/target/test-dir/MiniOzoneClusterImpl-1c352198-1c3a-44ed-b4f2-463a1ec9c860/datanode-0/data/containers/hdds to VolumeSet
2019-08-29 09:09:00,458 [main] INFO  volume.ThrottledAsyncChecker (ThrottledAsyncChecker.java:schedule(140)) - Scheduling a check for org.apache.hadoop.ozone.container.common.volume.HddsVolume@60b1ff3b
2019-08-29 09:09:00,459 [main] INFO  volume.HddsVolumeChecker (HddsVolumeChecker.java:checkAllVolumes(203)) - Scheduled health check for volume org.apache.hadoop.ozone.container.common.volume.HddsVolume@60b1ff3b
2019-08-29 09:09:00,475 [main] INFO  impl.RaftServerProxy (ConfUtils.java:logGet(43)) - raft.rpc.type = GRPC (default)
2019-08-29 09:09:00,475 [main] INFO  grpc.GrpcFactory (GrpcFactory.java:checkPooledByteBufAllocatorUseCacheForAllThreads(45)) - PERFORMANCE WARNING: useCacheForAllThreads is true that may cause Netty to create a lot garbage objects and, as a result, trigger GC.
	It is recommended to disable useCacheForAllThreads by setting -Dorg.apache.ratis.thirdparty.io.netty.allocator.useCacheForAllThreads=false in command line.
2019-08-29 09:09:00,475 [main] INFO  grpc.GrpcConfigKeys$Server (ConfUtils.java:logGet(43)) - raft.grpc.server.port = 0 (default)
2019-08-29 09:09:00,475 [main] INFO  server.GrpcService (ConfUtils.java:logGet(43)) - raft.grpc.message.size.max = 33570816 (custom)
2019-08-29 09:09:00,476 [main] INFO  server.RaftServerConfigKeys (ConfUtils.java:logGet(43)) - raft.server.log.appender.buffer.byte-limit = 33554432 (custom)
2019-08-29 09:09:00,476 [main] INFO  server.GrpcService (ConfUtils.java:logGet(43)) - raft.grpc.flow.control.window = 1MB (=1048576) (default)
2019-08-29 09:09:00,476 [main] INFO  server.RaftServerConfigKeys (ConfUtils.java:logGet(43)) - raft.server.rpc.request.timeout = 3000ms (default)
2019-08-29 09:09:00,476 [main] INFO  server.RaftServerConfigKeys (ConfUtils.java:logGet(43)) - raft.server.storage.dir = [/workdir/hadoop-ozone/integration-test/target/test-dir/MiniOzoneClusterImpl-1c352198-1c3a-44ed-b4f2-463a1ec9c860/datanode-0/data/ratis] (custom)
2019-08-29 09:09:00,478 [main] INFO  hdfs.DFSUtil (DFSUtil.java:httpServerTemplateForNNAndJN(1641)) - Starting Web-server for hddsDatanode at: http://0.0.0.0:0
2019-08-29 09:09:00,479 [main] INFO  server.AuthenticationFilter (AuthenticationFilter.java:constructSecretProvider(240)) - Unable to initialize FileSignerSecretProvider, falling back to use random secrets.
2019-08-29 09:09:00,479 [main] WARN  http.HttpRequestLog (HttpRequestLog.java:getRequestLog(97)) - Jetty request log can only be enabled using Log4j
2019-08-29 09:09:00,481 [main] INFO  http.HttpServer2 (HttpServer2.java:addGlobalFilter(975)) - Added global filter 'safety' (class=org.apache.hadoop.http.HttpServer2$QuotingInputFilter)
2019-08-29 09:09:00,481 [main] INFO  http.HttpServer2 (HttpServer2.java:addFilter(948)) - Added filter static_user_filter (class=org.apache.hadoop.http.lib.StaticUserWebFilter$StaticUserFilter) to context hddsDatanode
2019-08-29 09:09:00,481 [main] INFO  http.HttpServer2 (HttpServer2.java:addFilter(958)) - Added filter static_user_filter (class=org.apache.hadoop.http.lib.StaticUserWebFilter$StaticUserFilter) to context logs
2019-08-29 09:09:00,481 [main] INFO  http.HttpServer2 (HttpServer2.java:addFilter(958)) - Added filter static_user_filter (class=org.apache.hadoop.http.lib.StaticUserWebFilter$StaticUserFilter) to context static
2019-08-29 09:09:00,482 [main] INFO  http.HttpServer2 (HttpServer2.java:bindListener(1191)) - Jetty bound to port 36484
2019-08-29 09:09:00,482 [main] INFO  server.Server (Server.java:doStart(351)) - jetty-9.3.24.v20180605, build timestamp: 2018-06-05T17:11:56Z, git hash: 84205aa28f11a4f31f2a3b86d1bba2cc8ab69827
2019-08-29 09:09:00,483 [main] INFO  handler.ContextHandler (ContextHandler.java:doStart(781)) - Started o.e.j.s.ServletContextHandler@2e3f324e{/logs,file:///workdir/hadoop-ozone/integration-test/target/log,AVAILABLE}
2019-08-29 09:09:00,484 [main] INFO  handler.ContextHandler (ContextHandler.java:doStart(781)) - Started o.e.j.s.ServletContextHandler@b56ec6c{/static,jar:file:/home/user/.m2/repository/org/apache/hadoop/hadoop-hdds-container-service/0.5.0-SNAPSHOT/hadoop-hdds-container-service-0.5.0-SNAPSHOT.jar!/webapps/static,AVAILABLE}
2019-08-29 09:09:00,511 [main] INFO  handler.ContextHandler (ContextHandler.java:doStart(781)) - Started o.e.j.w.WebAppContext@100bba26{/,file:///tmp/jetty-0.0.0.0-36484-hddsDatanode-_-any-129854514049095625.dir/webapp/,AVAILABLE}{/hddsDatanode}
2019-08-29 09:09:00,511 [main] INFO  server.AbstractConnector (AbstractConnector.java:doStart(278)) - Started ServerConnector@4ae280da{HTTP/1.1,[http/1.1]}{0.0.0.0:36484}
2019-08-29 09:09:00,512 [main] INFO  server.Server (Server.java:doStart(419)) - Started @582098ms
2019-08-29 09:09:00,513 [main] WARN  impl.MetricsSystemImpl (MetricsSystemImpl.java:register(276)) - Sink prometheus already exists!
2019-08-29 09:09:00,513 [main] INFO  server.BaseHttpServer (BaseHttpServer.java:updateConnectorAddress(215)) - HTTP server of HDDSDATANODE is listening at http://0.0.0.0:36484
2019-08-29 09:09:00,514 [main] INFO  impl.MetricsSystemImpl (MetricsSystemImpl.java:init(158)) - HddsDatanode metrics system started (again)
2019-08-29 09:09:00,516 [org.apache.hadoop.util.JvmPauseMonitor$Monitor@6c6e1180] INFO  util.JvmPauseMonitor (JvmPauseMonitor.java:run(188)) - Starting JVM pause monitor
2019-08-29 09:09:00,516 [main] INFO  ozone.HddsDatanodeService (HddsDatanodeService.java:start(184)) - HddsDatanodeService host:pr-hdds-1935-5tjgs-3847141534 ip:192.168.69.87
2019-08-29 09:09:00,517 [Datanode State Machine Thread - 0] INFO  datanode.InitDatanodeState (InitDatanodeState.java:persistContainerDatanodeDetails(140)) - DatanodeDetails is persisted to /workdir/hadoop-ozone/integration-test/target/test-dir/MiniOzoneClusterImpl-1c352198-1c3a-44ed-b4f2-463a1ec9c860/datanode-0/meta/datanode.id
2019-08-29 09:09:00,521 [main] INFO  volume.HddsVolume (HddsVolume.java:<init>(176)) - Creating Volume: /workdir/hadoop-ozone/integration-test/target/test-dir/MiniOzoneClusterImpl-1c352198-1c3a-44ed-b4f2-463a1ec9c860/datanode-1/data/containers/hdds of  storage type : DISK and capacity : 1482555576320
2019-08-29 09:09:00,522 [main] INFO  volume.VolumeSet (VolumeSet.java:initializeVolumeSet(170)) - Added Volume : /workdir/hadoop-ozone/integration-test/target/test-dir/MiniOzoneClusterImpl-1c352198-1c3a-44ed-b4f2-463a1ec9c860/datanode-1/data/containers/hdds to VolumeSet
2019-08-29 09:09:00,522 [main] INFO  volume.ThrottledAsyncChecker (ThrottledAsyncChecker.java:schedule(140)) - Scheduling a check for org.apache.hadoop.ozone.container.common.volume.HddsVolume@5e67a490
2019-08-29 09:09:00,522 [main] INFO  volume.HddsVolumeChecker (HddsVolumeChecker.java:checkAllVolumes(203)) - Scheduled health check for volume org.apache.hadoop.ozone.container.common.volume.HddsVolume@5e67a490
2019-08-29 09:09:00,538 [main] INFO  impl.RaftServerProxy (ConfUtils.java:logGet(43)) - raft.rpc.type = GRPC (default)
2019-08-29 09:09:00,539 [main] INFO  grpc.GrpcFactory (GrpcFactory.java:checkPooledByteBufAllocatorUseCacheForAllThreads(45)) - PERFORMANCE WARNING: useCacheForAllThreads is true that may cause Netty to create a lot garbage objects and, as a result, trigger GC.
	It is recommended to disable useCacheForAllThreads by setting -Dorg.apache.ratis.thirdparty.io.netty.allocator.useCacheForAllThreads=false in command line.
2019-08-29 09:09:00,539 [main] INFO  grpc.GrpcConfigKeys$Server (ConfUtils.java:logGet(43)) - raft.grpc.server.port = 0 (default)
2019-08-29 09:09:00,539 [main] INFO  server.GrpcService (ConfUtils.java:logGet(43)) - raft.grpc.message.size.max = 33570816 (custom)
2019-08-29 09:09:00,540 [main] INFO  server.RaftServerConfigKeys (ConfUtils.java:logGet(43)) - raft.server.log.appender.buffer.byte-limit = 33554432 (custom)
2019-08-29 09:09:00,540 [main] INFO  server.GrpcService (ConfUtils.java:logGet(43)) - raft.grpc.flow.control.window = 1MB (=1048576) (default)
2019-08-29 09:09:00,540 [main] INFO  server.RaftServerConfigKeys (ConfUtils.java:logGet(43)) - raft.server.rpc.request.timeout = 3000ms (default)
2019-08-29 09:09:00,541 [main] INFO  server.RaftServerConfigKeys (ConfUtils.java:logGet(43)) - raft.server.storage.dir = [/workdir/hadoop-ozone/integration-test/target/test-dir/MiniOzoneClusterImpl-1c352198-1c3a-44ed-b4f2-463a1ec9c860/datanode-1/data/ratis] (custom)
2019-08-29 09:09:00,542 [main] INFO  hdfs.DFSUtil (DFSUtil.java:httpServerTemplateForNNAndJN(1641)) - Starting Web-server for hddsDatanode at: http://0.0.0.0:0
2019-08-29 09:09:00,543 [main] INFO  server.AuthenticationFilter (AuthenticationFilter.java:constructSecretProvider(240)) - Unable to initialize FileSignerSecretProvider, falling back to use random secrets.
2019-08-29 09:09:00,544 [main] WARN  http.HttpRequestLog (HttpRequestLog.java:getRequestLog(97)) - Jetty request log can only be enabled using Log4j
2019-08-29 09:09:00,545 [main] INFO  http.HttpServer2 (HttpServer2.java:addGlobalFilter(975)) - Added global filter 'safety' (class=org.apache.hadoop.http.HttpServer2$QuotingInputFilter)
2019-08-29 09:09:00,546 [main] INFO  http.HttpServer2 (HttpServer2.java:addFilter(948)) - Added filter static_user_filter (class=org.apache.hadoop.http.lib.StaticUserWebFilter$StaticUserFilter) to context hddsDatanode
2019-08-29 09:09:00,546 [main] INFO  http.HttpServer2 (HttpServer2.java:addFilter(958)) - Added filter static_user_filter (class=org.apache.hadoop.http.lib.StaticUserWebFilter$StaticUserFilter) to context logs
2019-08-29 09:09:00,546 [main] INFO  http.HttpServer2 (HttpServer2.java:addFilter(958)) - Added filter static_user_filter (class=org.apache.hadoop.http.lib.StaticUserWebFilter$StaticUserFilter) to context static
2019-08-29 09:09:00,547 [main] INFO  http.HttpServer2 (HttpServer2.java:bindListener(1191)) - Jetty bound to port 34759
2019-08-29 09:09:00,547 [main] INFO  server.Server (Server.java:doStart(351)) - jetty-9.3.24.v20180605, build timestamp: 2018-06-05T17:11:56Z, git hash: 84205aa28f11a4f31f2a3b86d1bba2cc8ab69827
2019-08-29 09:09:00,548 [main] INFO  handler.ContextHandler (ContextHandler.java:doStart(781)) - Started o.e.j.s.ServletContextHandler@69feb4d9{/logs,file:///workdir/hadoop-ozone/integration-test/target/log,AVAILABLE}
2019-08-29 09:09:00,549 [main] INFO  handler.ContextHandler (ContextHandler.java:doStart(781)) - Started o.e.j.s.ServletContextHandler@2bcda694{/static,jar:file:/home/user/.m2/repository/org/apache/hadoop/hadoop-hdds-container-service/0.5.0-SNAPSHOT/hadoop-hdds-container-service-0.5.0-SNAPSHOT.jar!/webapps/static,AVAILABLE}
2019-08-29 09:09:00,576 [main] INFO  handler.ContextHandler (ContextHandler.java:doStart(781)) - Started o.e.j.w.WebAppContext@44dd0d38{/,file:///tmp/jetty-0.0.0.0-34759-hddsDatanode-_-any-2854666369802898818.dir/webapp/,AVAILABLE}{/hddsDatanode}
2019-08-29 09:09:00,576 [main] INFO  server.AbstractConnector (AbstractConnector.java:doStart(278)) - Started ServerConnector@7e94e331{HTTP/1.1,[http/1.1]}{0.0.0.0:34759}
2019-08-29 09:09:00,577 [main] INFO  server.Server (Server.java:doStart(419)) - Started @582163ms
2019-08-29 09:09:00,578 [main] WARN  impl.MetricsSystemImpl (MetricsSystemImpl.java:register(276)) - Sink prometheus already exists!
2019-08-29 09:09:00,578 [main] INFO  server.BaseHttpServer (BaseHttpServer.java:updateConnectorAddress(215)) - HTTP server of HDDSDATANODE is listening at http://0.0.0.0:34759
2019-08-29 09:09:00,579 [main] INFO  impl.MetricsSystemImpl (MetricsSystemImpl.java:init(158)) - HddsDatanode metrics system started (again)
2019-08-29 09:09:00,580 [org.apache.hadoop.util.JvmPauseMonitor$Monitor@365a4a6] INFO  util.JvmPauseMonitor (JvmPauseMonitor.java:run(188)) - Starting JVM pause monitor
2019-08-29 09:09:00,582 [main] INFO  ozone.HddsDatanodeService (HddsDatanodeService.java:start(184)) - HddsDatanodeService host:pr-hdds-1935-5tjgs-3847141534 ip:192.168.69.87
2019-08-29 09:09:00,586 [Datanode State Machine Thread - 0] INFO  datanode.InitDatanodeState (InitDatanodeState.java:persistContainerDatanodeDetails(140)) - DatanodeDetails is persisted to /workdir/hadoop-ozone/integration-test/target/test-dir/MiniOzoneClusterImpl-1c352198-1c3a-44ed-b4f2-463a1ec9c860/datanode-1/meta/datanode.id
2019-08-29 09:09:00,588 [main] INFO  volume.HddsVolume (HddsVolume.java:<init>(176)) - Creating Volume: /workdir/hadoop-ozone/integration-test/target/test-dir/MiniOzoneClusterImpl-1c352198-1c3a-44ed-b4f2-463a1ec9c860/datanode-2/data/containers/hdds of  storage type : DISK and capacity : 1482555576320
2019-08-29 09:09:00,588 [main] INFO  volume.VolumeSet (VolumeSet.java:initializeVolumeSet(170)) - Added Volume : /workdir/hadoop-ozone/integration-test/target/test-dir/MiniOzoneClusterImpl-1c352198-1c3a-44ed-b4f2-463a1ec9c860/datanode-2/data/containers/hdds to VolumeSet
2019-08-29 09:09:00,588 [main] INFO  volume.ThrottledAsyncChecker (ThrottledAsyncChecker.java:schedule(140)) - Scheduling a check for org.apache.hadoop.ozone.container.common.volume.HddsVolume@3cf55e0c
2019-08-29 09:09:00,589 [main] INFO  volume.HddsVolumeChecker (HddsVolumeChecker.java:checkAllVolumes(203)) - Scheduled health check for volume org.apache.hadoop.ozone.container.common.volume.HddsVolume@3cf55e0c
2019-08-29 09:09:00,601 [main] INFO  impl.RaftServerProxy (ConfUtils.java:logGet(43)) - raft.rpc.type = GRPC (default)
2019-08-29 09:09:00,602 [main] INFO  grpc.GrpcFactory (GrpcFactory.java:checkPooledByteBufAllocatorUseCacheForAllThreads(45)) - PERFORMANCE WARNING: useCacheForAllThreads is true that may cause Netty to create a lot garbage objects and, as a result, trigger GC.
	It is recommended to disable useCacheForAllThreads by setting -Dorg.apache.ratis.thirdparty.io.netty.allocator.useCacheForAllThreads=false in command line.
2019-08-29 09:09:00,602 [main] INFO  grpc.GrpcConfigKeys$Server (ConfUtils.java:logGet(43)) - raft.grpc.server.port = 0 (default)
2019-08-29 09:09:00,602 [main] INFO  server.GrpcService (ConfUtils.java:logGet(43)) - raft.grpc.message.size.max = 33570816 (custom)
2019-08-29 09:09:00,602 [main] INFO  server.RaftServerConfigKeys (ConfUtils.java:logGet(43)) - raft.server.log.appender.buffer.byte-limit = 33554432 (custom)
2019-08-29 09:09:00,602 [main] INFO  server.GrpcService (ConfUtils.java:logGet(43)) - raft.grpc.flow.control.window = 1MB (=1048576) (default)
2019-08-29 09:09:00,603 [main] INFO  server.RaftServerConfigKeys (ConfUtils.java:logGet(43)) - raft.server.rpc.request.timeout = 3000ms (default)
2019-08-29 09:09:00,603 [main] INFO  server.RaftServerConfigKeys (ConfUtils.java:logGet(43)) - raft.server.storage.dir = [/workdir/hadoop-ozone/integration-test/target/test-dir/MiniOzoneClusterImpl-1c352198-1c3a-44ed-b4f2-463a1ec9c860/datanode-2/data/ratis] (custom)
2019-08-29 09:09:00,604 [main] INFO  hdfs.DFSUtil (DFSUtil.java:httpServerTemplateForNNAndJN(1641)) - Starting Web-server for hddsDatanode at: http://0.0.0.0:0
2019-08-29 09:09:00,606 [main] INFO  server.AuthenticationFilter (AuthenticationFilter.java:constructSecretProvider(240)) - Unable to initialize FileSignerSecretProvider, falling back to use random secrets.
2019-08-29 09:09:00,606 [main] WARN  http.HttpRequestLog (HttpRequestLog.java:getRequestLog(97)) - Jetty request log can only be enabled using Log4j
2019-08-29 09:09:00,608 [main] INFO  http.HttpServer2 (HttpServer2.java:addGlobalFilter(975)) - Added global filter 'safety' (class=org.apache.hadoop.http.HttpServer2$QuotingInputFilter)
2019-08-29 09:09:00,608 [main] INFO  http.HttpServer2 (HttpServer2.java:addFilter(948)) - Added filter static_user_filter (class=org.apache.hadoop.http.lib.StaticUserWebFilter$StaticUserFilter) to context hddsDatanode
2019-08-29 09:09:00,608 [main] INFO  http.HttpServer2 (HttpServer2.java:addFilter(958)) - Added filter static_user_filter (class=org.apache.hadoop.http.lib.StaticUserWebFilter$StaticUserFilter) to context static
2019-08-29 09:09:00,608 [main] INFO  http.HttpServer2 (HttpServer2.java:addFilter(958)) - Added filter static_user_filter (class=org.apache.hadoop.http.lib.StaticUserWebFilter$StaticUserFilter) to context logs
2019-08-29 09:09:00,609 [main] INFO  http.HttpServer2 (HttpServer2.java:bindListener(1191)) - Jetty bound to port 41963
2019-08-29 09:09:00,609 [main] INFO  server.Server (Server.java:doStart(351)) - jetty-9.3.24.v20180605, build timestamp: 2018-06-05T17:11:56Z, git hash: 84205aa28f11a4f31f2a3b86d1bba2cc8ab69827
2019-08-29 09:09:00,611 [main] INFO  handler.ContextHandler (ContextHandler.java:doStart(781)) - Started o.e.j.s.ServletContextHandler@6fb0261e{/logs,file:///workdir/hadoop-ozone/integration-test/target/log,AVAILABLE}
2019-08-29 09:09:00,611 [main] INFO  handler.ContextHandler (ContextHandler.java:doStart(781)) - Started o.e.j.s.ServletContextHandler@2f4d01b6{/static,jar:file:/home/user/.m2/repository/org/apache/hadoop/hadoop-hdds-container-service/0.5.0-SNAPSHOT/hadoop-hdds-container-service-0.5.0-SNAPSHOT.jar!/webapps/static,AVAILABLE}
2019-08-29 09:09:00,638 [main] INFO  handler.ContextHandler (ContextHandler.java:doStart(781)) - Started o.e.j.w.WebAppContext@166b11e{/,file:///tmp/jetty-0.0.0.0-41963-hddsDatanode-_-any-1826109401303926407.dir/webapp/,AVAILABLE}{/hddsDatanode}
2019-08-29 09:09:00,638 [main] INFO  server.AbstractConnector (AbstractConnector.java:doStart(278)) - Started ServerConnector@5e68be2{HTTP/1.1,[http/1.1]}{0.0.0.0:41963}
2019-08-29 09:09:00,640 [main] INFO  server.Server (Server.java:doStart(419)) - Started @582225ms
2019-08-29 09:09:00,640 [main] WARN  impl.MetricsSystemImpl (MetricsSystemImpl.java:register(276)) - Sink prometheus already exists!
2019-08-29 09:09:00,641 [main] INFO  server.BaseHttpServer (BaseHttpServer.java:updateConnectorAddress(215)) - HTTP server of HDDSDATANODE is listening at http://0.0.0.0:41963
2019-08-29 09:09:00,641 [main] INFO  impl.MetricsSystemImpl (MetricsSystemImpl.java:init(158)) - HddsDatanode metrics system started (again)
2019-08-29 09:09:00,643 [org.apache.hadoop.util.JvmPauseMonitor$Monitor@3f44fc0e] INFO  util.JvmPauseMonitor (JvmPauseMonitor.java:run(188)) - Starting JVM pause monitor
2019-08-29 09:09:00,644 [main] INFO  ozone.HddsDatanodeService (HddsDatanodeService.java:start(184)) - HddsDatanodeService host:pr-hdds-1935-5tjgs-3847141534 ip:192.168.69.87
2019-08-29 09:09:00,645 [Datanode State Machine Thread - 0] INFO  datanode.InitDatanodeState (InitDatanodeState.java:persistContainerDatanodeDetails(140)) - DatanodeDetails is persisted to /workdir/hadoop-ozone/integration-test/target/test-dir/MiniOzoneClusterImpl-1c352198-1c3a-44ed-b4f2-463a1ec9c860/datanode-2/meta/datanode.id
2019-08-29 09:09:00,649 [main] INFO  volume.HddsVolume (HddsVolume.java:<init>(176)) - Creating Volume: /workdir/hadoop-ozone/integration-test/target/test-dir/MiniOzoneClusterImpl-1c352198-1c3a-44ed-b4f2-463a1ec9c860/datanode-3/data/containers/hdds of  storage type : DISK and capacity : 1482555576320
2019-08-29 09:09:00,649 [main] INFO  volume.VolumeSet (VolumeSet.java:initializeVolumeSet(170)) - Added Volume : /workdir/hadoop-ozone/integration-test/target/test-dir/MiniOzoneClusterImpl-1c352198-1c3a-44ed-b4f2-463a1ec9c860/datanode-3/data/containers/hdds to VolumeSet
2019-08-29 09:09:00,649 [main] INFO  volume.ThrottledAsyncChecker (ThrottledAsyncChecker.java:schedule(140)) - Scheduling a check for org.apache.hadoop.ozone.container.common.volume.HddsVolume@5fd8dd66
2019-08-29 09:09:00,650 [main] INFO  volume.HddsVolumeChecker (HddsVolumeChecker.java:checkAllVolumes(203)) - Scheduled health check for volume org.apache.hadoop.ozone.container.common.volume.HddsVolume@5fd8dd66
2019-08-29 09:09:00,663 [main] INFO  impl.RaftServerProxy (ConfUtils.java:logGet(43)) - raft.rpc.type = GRPC (default)
2019-08-29 09:09:00,663 [main] INFO  grpc.GrpcFactory (GrpcFactory.java:checkPooledByteBufAllocatorUseCacheForAllThreads(45)) - PERFORMANCE WARNING: useCacheForAllThreads is true that may cause Netty to create a lot garbage objects and, as a result, trigger GC.
	It is recommended to disable useCacheForAllThreads by setting -Dorg.apache.ratis.thirdparty.io.netty.allocator.useCacheForAllThreads=false in command line.
2019-08-29 09:09:00,663 [main] INFO  grpc.GrpcConfigKeys$Server (ConfUtils.java:logGet(43)) - raft.grpc.server.port = 0 (default)
2019-08-29 09:09:00,664 [main] INFO  server.GrpcService (ConfUtils.java:logGet(43)) - raft.grpc.message.size.max = 33570816 (custom)
2019-08-29 09:09:00,664 [main] INFO  server.RaftServerConfigKeys (ConfUtils.java:logGet(43)) - raft.server.log.appender.buffer.byte-limit = 33554432 (custom)
2019-08-29 09:09:00,664 [main] INFO  server.GrpcService (ConfUtils.java:logGet(43)) - raft.grpc.flow.control.window = 1MB (=1048576) (default)
2019-08-29 09:09:00,664 [main] INFO  server.RaftServerConfigKeys (ConfUtils.java:logGet(43)) - raft.server.rpc.request.timeout = 3000ms (default)
2019-08-29 09:09:00,664 [main] INFO  server.RaftServerConfigKeys (ConfUtils.java:logGet(43)) - raft.server.storage.dir = [/workdir/hadoop-ozone/integration-test/target/test-dir/MiniOzoneClusterImpl-1c352198-1c3a-44ed-b4f2-463a1ec9c860/datanode-3/data/ratis] (custom)
2019-08-29 09:09:00,666 [main] INFO  hdfs.DFSUtil (DFSUtil.java:httpServerTemplateForNNAndJN(1641)) - Starting Web-server for hddsDatanode at: http://0.0.0.0:0
2019-08-29 09:09:00,667 [main] INFO  server.AuthenticationFilter (AuthenticationFilter.java:constructSecretProvider(240)) - Unable to initialize FileSignerSecretProvider, falling back to use random secrets.
2019-08-29 09:09:00,667 [main] WARN  http.HttpRequestLog (HttpRequestLog.java:getRequestLog(97)) - Jetty request log can only be enabled using Log4j
2019-08-29 09:09:00,668 [main] INFO  http.HttpServer2 (HttpServer2.java:addGlobalFilter(975)) - Added global filter 'safety' (class=org.apache.hadoop.http.HttpServer2$QuotingInputFilter)
2019-08-29 09:09:00,669 [main] INFO  http.HttpServer2 (HttpServer2.java:addFilter(948)) - Added filter static_user_filter (class=org.apache.hadoop.http.lib.StaticUserWebFilter$StaticUserFilter) to context hddsDatanode
2019-08-29 09:09:00,669 [main] INFO  http.HttpServer2 (HttpServer2.java:addFilter(958)) - Added filter static_user_filter (class=org.apache.hadoop.http.lib.StaticUserWebFilter$StaticUserFilter) to context logs
2019-08-29 09:09:00,669 [main] INFO  http.HttpServer2 (HttpServer2.java:addFilter(958)) - Added filter static_user_filter (class=org.apache.hadoop.http.lib.StaticUserWebFilter$StaticUserFilter) to context static
2019-08-29 09:09:00,670 [main] INFO  http.HttpServer2 (HttpServer2.java:bindListener(1191)) - Jetty bound to port 40065
2019-08-29 09:09:00,670 [main] INFO  server.Server (Server.java:doStart(351)) - jetty-9.3.24.v20180605, build timestamp: 2018-06-05T17:11:56Z, git hash: 84205aa28f11a4f31f2a3b86d1bba2cc8ab69827
2019-08-29 09:09:00,671 [main] INFO  handler.ContextHandler (ContextHandler.java:doStart(781)) - Started o.e.j.s.ServletContextHandler@48dff674{/logs,file:///workdir/hadoop-ozone/integration-test/target/log,AVAILABLE}
2019-08-29 09:09:00,671 [main] INFO  handler.ContextHandler (ContextHandler.java:doStart(781)) - Started o.e.j.s.ServletContextHandler@2ccc9681{/static,jar:file:/home/user/.m2/repository/org/apache/hadoop/hadoop-hdds-container-service/0.5.0-SNAPSHOT/hadoop-hdds-container-service-0.5.0-SNAPSHOT.jar!/webapps/static,AVAILABLE}
2019-08-29 09:09:00,698 [main] INFO  handler.ContextHandler (ContextHandler.java:doStart(781)) - Started o.e.j.w.WebAppContext@7bede4ea{/,file:///tmp/jetty-0.0.0.0-40065-hddsDatanode-_-any-8221282081638819088.dir/webapp/,AVAILABLE}{/hddsDatanode}
2019-08-29 09:09:00,698 [main] INFO  server.AbstractConnector (AbstractConnector.java:doStart(278)) - Started ServerConnector@713999c2{HTTP/1.1,[http/1.1]}{0.0.0.0:40065}
2019-08-29 09:09:00,700 [main] INFO  server.Server (Server.java:doStart(419)) - Started @582285ms
2019-08-29 09:09:00,700 [main] WARN  impl.MetricsSystemImpl (MetricsSystemImpl.java:register(276)) - Sink prometheus already exists!
2019-08-29 09:09:00,700 [main] INFO  server.BaseHttpServer (BaseHttpServer.java:updateConnectorAddress(215)) - HTTP server of HDDSDATANODE is listening at http://0.0.0.0:40065
2019-08-29 09:09:00,701 [main] INFO  impl.MetricsSystemImpl (MetricsSystemImpl.java:init(158)) - HddsDatanode metrics system started (again)
2019-08-29 09:09:00,704 [main] INFO  ozone.HddsDatanodeService (HddsDatanodeService.java:start(184)) - HddsDatanodeService host:pr-hdds-1935-5tjgs-3847141534 ip:192.168.69.87
2019-08-29 09:09:00,704 [org.apache.hadoop.util.JvmPauseMonitor$Monitor@59c9a0df] INFO  util.JvmPauseMonitor (JvmPauseMonitor.java:run(188)) - Starting JVM pause monitor
2019-08-29 09:09:00,705 [Datanode State Machine Thread - 0] INFO  datanode.InitDatanodeState (InitDatanodeState.java:persistContainerDatanodeDetails(140)) - DatanodeDetails is persisted to /workdir/hadoop-ozone/integration-test/target/test-dir/MiniOzoneClusterImpl-1c352198-1c3a-44ed-b4f2-463a1ec9c860/datanode-3/meta/datanode.id
2019-08-29 09:09:00,713 [main] INFO  volume.HddsVolume (HddsVolume.java:<init>(176)) - Creating Volume: /workdir/hadoop-ozone/integration-test/target/test-dir/MiniOzoneClusterImpl-1c352198-1c3a-44ed-b4f2-463a1ec9c860/datanode-4/data/containers/hdds of  storage type : DISK and capacity : 1482555576320
2019-08-29 09:09:00,713 [main] INFO  volume.VolumeSet (VolumeSet.java:initializeVolumeSet(170)) - Added Volume : /workdir/hadoop-ozone/integration-test/target/test-dir/MiniOzoneClusterImpl-1c352198-1c3a-44ed-b4f2-463a1ec9c860/datanode-4/data/containers/hdds to VolumeSet
2019-08-29 09:09:00,713 [main] INFO  volume.ThrottledAsyncChecker (ThrottledAsyncChecker.java:schedule(140)) - Scheduling a check for org.apache.hadoop.ozone.container.common.volume.HddsVolume@795f6681
2019-08-29 09:09:00,714 [main] INFO  volume.HddsVolumeChecker (HddsVolumeChecker.java:checkAllVolumes(203)) - Scheduled health check for volume org.apache.hadoop.ozone.container.common.volume.HddsVolume@795f6681
2019-08-29 09:09:00,731 [main] INFO  impl.RaftServerProxy (ConfUtils.java:logGet(43)) - raft.rpc.type = GRPC (default)
2019-08-29 09:09:00,731 [main] INFO  grpc.GrpcFactory (GrpcFactory.java:checkPooledByteBufAllocatorUseCacheForAllThreads(45)) - PERFORMANCE WARNING: useCacheForAllThreads is true that may cause Netty to create a lot garbage objects and, as a result, trigger GC.
	It is recommended to disable useCacheForAllThreads by setting -Dorg.apache.ratis.thirdparty.io.netty.allocator.useCacheForAllThreads=false in command line.
2019-08-29 09:09:00,731 [main] INFO  grpc.GrpcConfigKeys$Server (ConfUtils.java:logGet(43)) - raft.grpc.server.port = 0 (default)
2019-08-29 09:09:00,732 [main] INFO  server.GrpcService (ConfUtils.java:logGet(43)) - raft.grpc.message.size.max = 33570816 (custom)
2019-08-29 09:09:00,732 [main] INFO  server.RaftServerConfigKeys (ConfUtils.java:logGet(43)) - raft.server.log.appender.buffer.byte-limit = 33554432 (custom)
2019-08-29 09:09:00,732 [main] INFO  server.GrpcService (ConfUtils.java:logGet(43)) - raft.grpc.flow.control.window = 1MB (=1048576) (default)
2019-08-29 09:09:00,732 [main] INFO  server.RaftServerConfigKeys (ConfUtils.java:logGet(43)) - raft.server.rpc.request.timeout = 3000ms (default)
2019-08-29 09:09:00,733 [main] INFO  server.RaftServerConfigKeys (ConfUtils.java:logGet(43)) - raft.server.storage.dir = [/workdir/hadoop-ozone/integration-test/target/test-dir/MiniOzoneClusterImpl-1c352198-1c3a-44ed-b4f2-463a1ec9c860/datanode-4/data/ratis] (custom)
2019-08-29 09:09:00,734 [main] INFO  hdfs.DFSUtil (DFSUtil.java:httpServerTemplateForNNAndJN(1641)) - Starting Web-server for hddsDatanode at: http://0.0.0.0:0
2019-08-29 09:09:00,736 [main] INFO  server.AuthenticationFilter (AuthenticationFilter.java:constructSecretProvider(240)) - Unable to initialize FileSignerSecretProvider, falling back to use random secrets.
2019-08-29 09:09:00,736 [main] WARN  http.HttpRequestLog (HttpRequestLog.java:getRequestLog(97)) - Jetty request log can only be enabled using Log4j
2019-08-29 09:09:00,737 [main] INFO  http.HttpServer2 (HttpServer2.java:addGlobalFilter(975)) - Added global filter 'safety' (class=org.apache.hadoop.http.HttpServer2$QuotingInputFilter)
2019-08-29 09:09:00,738 [main] INFO  http.HttpServer2 (HttpServer2.java:addFilter(948)) - Added filter static_user_filter (class=org.apache.hadoop.http.lib.StaticUserWebFilter$StaticUserFilter) to context hddsDatanode
2019-08-29 09:09:00,738 [main] INFO  http.HttpServer2 (HttpServer2.java:addFilter(958)) - Added filter static_user_filter (class=org.apache.hadoop.http.lib.StaticUserWebFilter$StaticUserFilter) to context logs
2019-08-29 09:09:00,738 [main] INFO  http.HttpServer2 (HttpServer2.java:addFilter(958)) - Added filter static_user_filter (class=org.apache.hadoop.http.lib.StaticUserWebFilter$StaticUserFilter) to context static
2019-08-29 09:09:00,739 [main] INFO  http.HttpServer2 (HttpServer2.java:bindListener(1191)) - Jetty bound to port 33467
2019-08-29 09:09:00,739 [main] INFO  server.Server (Server.java:doStart(351)) - jetty-9.3.24.v20180605, build timestamp: 2018-06-05T17:11:56Z, git hash: 84205aa28f11a4f31f2a3b86d1bba2cc8ab69827
2019-08-29 09:09:00,740 [main] INFO  handler.ContextHandler (ContextHandler.java:doStart(781)) - Started o.e.j.s.ServletContextHandler@1689527c{/logs,file:///workdir/hadoop-ozone/integration-test/target/log,AVAILABLE}
2019-08-29 09:09:00,741 [main] INFO  handler.ContextHandler (ContextHandler.java:doStart(781)) - Started o.e.j.s.ServletContextHandler@1c7cd434{/static,jar:file:/home/user/.m2/repository/org/apache/hadoop/hadoop-hdds-container-service/0.5.0-SNAPSHOT/hadoop-hdds-container-service-0.5.0-SNAPSHOT.jar!/webapps/static,AVAILABLE}
2019-08-29 09:09:00,768 [main] INFO  handler.ContextHandler (ContextHandler.java:doStart(781)) - Started o.e.j.w.WebAppContext@5d601832{/,file:///tmp/jetty-0.0.0.0-33467-hddsDatanode-_-any-9034170053787317487.dir/webapp/,AVAILABLE}{/hddsDatanode}
2019-08-29 09:09:00,768 [main] INFO  server.AbstractConnector (AbstractConnector.java:doStart(278)) - Started ServerConnector@3ca17943{HTTP/1.1,[http/1.1]}{0.0.0.0:33467}
2019-08-29 09:09:00,769 [main] INFO  server.Server (Server.java:doStart(419)) - Started @582354ms
2019-08-29 09:09:00,769 [main] WARN  impl.MetricsSystemImpl (MetricsSystemImpl.java:register(276)) - Sink prometheus already exists!
2019-08-29 09:09:00,770 [main] INFO  server.BaseHttpServer (BaseHttpServer.java:updateConnectorAddress(215)) - HTTP server of HDDSDATANODE is listening at http://0.0.0.0:33467
2019-08-29 09:09:00,770 [main] INFO  impl.MetricsSystemImpl (MetricsSystemImpl.java:init(158)) - HddsDatanode metrics system started (again)
2019-08-29 09:09:00,773 [org.apache.hadoop.util.JvmPauseMonitor$Monitor@7c98cee2] INFO  util.JvmPauseMonitor (JvmPauseMonitor.java:run(188)) - Starting JVM pause monitor
2019-08-29 09:09:00,773 [main] INFO  ozone.HddsDatanodeService (HddsDatanodeService.java:start(184)) - HddsDatanodeService host:pr-hdds-1935-5tjgs-3847141534 ip:192.168.69.87
2019-08-29 09:09:00,775 [Datanode State Machine Thread - 0] INFO  datanode.InitDatanodeState (InitDatanodeState.java:persistContainerDatanodeDetails(140)) - DatanodeDetails is persisted to /workdir/hadoop-ozone/integration-test/target/test-dir/MiniOzoneClusterImpl-1c352198-1c3a-44ed-b4f2-463a1ec9c860/datanode-4/meta/datanode.id
2019-08-29 09:09:00,779 [main] INFO  volume.HddsVolume (HddsVolume.java:<init>(176)) - Creating Volume: /workdir/hadoop-ozone/integration-test/target/test-dir/MiniOzoneClusterImpl-1c352198-1c3a-44ed-b4f2-463a1ec9c860/datanode-5/data/containers/hdds of  storage type : DISK and capacity : 1482555576320
2019-08-29 09:09:00,779 [main] INFO  volume.VolumeSet (VolumeSet.java:initializeVolumeSet(170)) - Added Volume : /workdir/hadoop-ozone/integration-test/target/test-dir/MiniOzoneClusterImpl-1c352198-1c3a-44ed-b4f2-463a1ec9c860/datanode-5/data/containers/hdds to VolumeSet
2019-08-29 09:09:00,779 [main] INFO  volume.ThrottledAsyncChecker (ThrottledAsyncChecker.java:schedule(140)) - Scheduling a check for org.apache.hadoop.ozone.container.common.volume.HddsVolume@23e2c1ca
2019-08-29 09:09:00,780 [main] INFO  volume.HddsVolumeChecker (HddsVolumeChecker.java:checkAllVolumes(203)) - Scheduled health check for volume org.apache.hadoop.ozone.container.common.volume.HddsVolume@23e2c1ca
2019-08-29 09:09:00,792 [main] INFO  impl.RaftServerProxy (ConfUtils.java:logGet(43)) - raft.rpc.type = GRPC (default)
2019-08-29 09:09:00,792 [main] INFO  grpc.GrpcFactory (GrpcFactory.java:checkPooledByteBufAllocatorUseCacheForAllThreads(45)) - PERFORMANCE WARNING: useCacheForAllThreads is true that may cause Netty to create a lot garbage objects and, as a result, trigger GC.
	It is recommended to disable useCacheForAllThreads by setting -Dorg.apache.ratis.thirdparty.io.netty.allocator.useCacheForAllThreads=false in command line.
2019-08-29 09:09:00,792 [main] INFO  grpc.GrpcConfigKeys$Server (ConfUtils.java:logGet(43)) - raft.grpc.server.port = 0 (default)
2019-08-29 09:09:00,793 [main] INFO  server.GrpcService (ConfUtils.java:logGet(43)) - raft.grpc.message.size.max = 33570816 (custom)
2019-08-29 09:09:00,793 [main] INFO  server.RaftServerConfigKeys (ConfUtils.java:logGet(43)) - raft.server.log.appender.buffer.byte-limit = 33554432 (custom)
2019-08-29 09:09:00,793 [main] INFO  server.GrpcService (ConfUtils.java:logGet(43)) - raft.grpc.flow.control.window = 1MB (=1048576) (default)
2019-08-29 09:09:00,793 [main] INFO  server.RaftServerConfigKeys (ConfUtils.java:logGet(43)) - raft.server.rpc.request.timeout = 3000ms (default)
2019-08-29 09:09:00,794 [main] INFO  server.RaftServerConfigKeys (ConfUtils.java:logGet(43)) - raft.server.storage.dir = [/workdir/hadoop-ozone/integration-test/target/test-dir/MiniOzoneClusterImpl-1c352198-1c3a-44ed-b4f2-463a1ec9c860/datanode-5/data/ratis] (custom)
2019-08-29 09:09:00,795 [main] INFO  hdfs.DFSUtil (DFSUtil.java:httpServerTemplateForNNAndJN(1641)) - Starting Web-server for hddsDatanode at: http://0.0.0.0:0
2019-08-29 09:09:00,796 [main] INFO  server.AuthenticationFilter (AuthenticationFilter.java:constructSecretProvider(240)) - Unable to initialize FileSignerSecretProvider, falling back to use random secrets.
2019-08-29 09:09:00,796 [main] WARN  http.HttpRequestLog (HttpRequestLog.java:getRequestLog(97)) - Jetty request log can only be enabled using Log4j
2019-08-29 09:09:00,797 [main] INFO  http.HttpServer2 (HttpServer2.java:addGlobalFilter(975)) - Added global filter 'safety' (class=org.apache.hadoop.http.HttpServer2$QuotingInputFilter)
2019-08-29 09:09:00,797 [main] INFO  http.HttpServer2 (HttpServer2.java:addFilter(948)) - Added filter static_user_filter (class=org.apache.hadoop.http.lib.StaticUserWebFilter$StaticUserFilter) to context hddsDatanode
2019-08-29 09:09:00,798 [main] INFO  http.HttpServer2 (HttpServer2.java:addFilter(958)) - Added filter static_user_filter (class=org.apache.hadoop.http.lib.StaticUserWebFilter$StaticUserFilter) to context static
2019-08-29 09:09:00,798 [main] INFO  http.HttpServer2 (HttpServer2.java:addFilter(958)) - Added filter static_user_filter (class=org.apache.hadoop.http.lib.StaticUserWebFilter$StaticUserFilter) to context logs
2019-08-29 09:09:00,798 [main] INFO  http.HttpServer2 (HttpServer2.java:bindListener(1191)) - Jetty bound to port 45526
2019-08-29 09:09:00,798 [main] INFO  server.Server (Server.java:doStart(351)) - jetty-9.3.24.v20180605, build timestamp: 2018-06-05T17:11:56Z, git hash: 84205aa28f11a4f31f2a3b86d1bba2cc8ab69827
2019-08-29 09:09:00,800 [main] INFO  handler.ContextHandler (ContextHandler.java:doStart(781)) - Started o.e.j.s.ServletContextHandler@60928a61{/logs,file:///workdir/hadoop-ozone/integration-test/target/log,AVAILABLE}
2019-08-29 09:09:00,800 [main] INFO  handler.ContextHandler (ContextHandler.java:doStart(781)) - Started o.e.j.s.ServletContextHandler@8077c97{/static,jar:file:/home/user/.m2/repository/org/apache/hadoop/hadoop-hdds-container-service/0.5.0-SNAPSHOT/hadoop-hdds-container-service-0.5.0-SNAPSHOT.jar!/webapps/static,AVAILABLE}
2019-08-29 09:09:00,827 [main] INFO  handler.ContextHandler (ContextHandler.java:doStart(781)) - Started o.e.j.w.WebAppContext@1515f782{/,file:///tmp/jetty-0.0.0.0-45526-hddsDatanode-_-any-4467684825249214817.dir/webapp/,AVAILABLE}{/hddsDatanode}
2019-08-29 09:09:00,827 [main] INFO  server.AbstractConnector (AbstractConnector.java:doStart(278)) - Started ServerConnector@7f5ce33e{HTTP/1.1,[http/1.1]}{0.0.0.0:45526}
2019-08-29 09:09:00,829 [main] INFO  server.Server (Server.java:doStart(419)) - Started @582414ms
2019-08-29 09:09:00,829 [main] WARN  impl.MetricsSystemImpl (MetricsSystemImpl.java:register(276)) - Sink prometheus already exists!
2019-08-29 09:09:00,830 [main] INFO  server.BaseHttpServer (BaseHttpServer.java:updateConnectorAddress(215)) - HTTP server of HDDSDATANODE is listening at http://0.0.0.0:45526
2019-08-29 09:09:00,830 [main] INFO  impl.MetricsSystemImpl (MetricsSystemImpl.java:init(158)) - HddsDatanode metrics system started (again)
2019-08-29 09:09:00,833 [org.apache.hadoop.util.JvmPauseMonitor$Monitor@64a2ba46] INFO  util.JvmPauseMonitor (JvmPauseMonitor.java:run(188)) - Starting JVM pause monitor
2019-08-29 09:09:00,833 [main] INFO  ozone.HddsDatanodeService (HddsDatanodeService.java:start(184)) - HddsDatanodeService host:pr-hdds-1935-5tjgs-3847141534 ip:192.168.69.87
2019-08-29 09:09:00,834 [Datanode State Machine Thread - 0] INFO  datanode.InitDatanodeState (InitDatanodeState.java:persistContainerDatanodeDetails(140)) - DatanodeDetails is persisted to /workdir/hadoop-ozone/integration-test/target/test-dir/MiniOzoneClusterImpl-1c352198-1c3a-44ed-b4f2-463a1ec9c860/datanode-5/meta/datanode.id
2019-08-29 09:09:00,839 [main] INFO  volume.HddsVolume (HddsVolume.java:<init>(176)) - Creating Volume: /workdir/hadoop-ozone/integration-test/target/test-dir/MiniOzoneClusterImpl-1c352198-1c3a-44ed-b4f2-463a1ec9c860/datanode-6/data/containers/hdds of  storage type : DISK and capacity : 1482555576320
2019-08-29 09:09:00,840 [main] INFO  volume.VolumeSet (VolumeSet.java:initializeVolumeSet(170)) - Added Volume : /workdir/hadoop-ozone/integration-test/target/test-dir/MiniOzoneClusterImpl-1c352198-1c3a-44ed-b4f2-463a1ec9c860/datanode-6/data/containers/hdds to VolumeSet
2019-08-29 09:09:00,840 [main] INFO  volume.ThrottledAsyncChecker (ThrottledAsyncChecker.java:schedule(140)) - Scheduling a check for org.apache.hadoop.ozone.container.common.volume.HddsVolume@a457c2b
2019-08-29 09:09:00,840 [main] INFO  volume.HddsVolumeChecker (HddsVolumeChecker.java:checkAllVolumes(203)) - Scheduled health check for volume org.apache.hadoop.ozone.container.common.volume.HddsVolume@a457c2b
2019-08-29 09:09:00,853 [main] INFO  impl.RaftServerProxy (ConfUtils.java:logGet(43)) - raft.rpc.type = GRPC (default)
2019-08-29 09:09:00,853 [main] INFO  grpc.GrpcFactory (GrpcFactory.java:checkPooledByteBufAllocatorUseCacheForAllThreads(45)) - PERFORMANCE WARNING: useCacheForAllThreads is true that may cause Netty to create a lot garbage objects and, as a result, trigger GC.
	It is recommended to disable useCacheForAllThreads by setting -Dorg.apache.ratis.thirdparty.io.netty.allocator.useCacheForAllThreads=false in command line.
2019-08-29 09:09:00,853 [main] INFO  grpc.GrpcConfigKeys$Server (ConfUtils.java:logGet(43)) - raft.grpc.server.port = 0 (default)
2019-08-29 09:09:00,853 [main] INFO  server.GrpcService (ConfUtils.java:logGet(43)) - raft.grpc.message.size.max = 33570816 (custom)
2019-08-29 09:09:00,853 [main] INFO  server.RaftServerConfigKeys (ConfUtils.java:logGet(43)) - raft.server.log.appender.buffer.byte-limit = 33554432 (custom)
2019-08-29 09:09:00,853 [main] INFO  server.GrpcService (ConfUtils.java:logGet(43)) - raft.grpc.flow.control.window = 1MB (=1048576) (default)
2019-08-29 09:09:00,854 [main] INFO  server.RaftServerConfigKeys (ConfUtils.java:logGet(43)) - raft.server.rpc.request.timeout = 3000ms (default)
2019-08-29 09:09:00,854 [main] INFO  server.RaftServerConfigKeys (ConfUtils.java:logGet(43)) - raft.server.storage.dir = [/workdir/hadoop-ozone/integration-test/target/test-dir/MiniOzoneClusterImpl-1c352198-1c3a-44ed-b4f2-463a1ec9c860/datanode-6/data/ratis] (custom)
2019-08-29 09:09:00,855 [main] INFO  hdfs.DFSUtil (DFSUtil.java:httpServerTemplateForNNAndJN(1641)) - Starting Web-server for hddsDatanode at: http://0.0.0.0:0
2019-08-29 09:09:00,856 [main] INFO  server.AuthenticationFilter (AuthenticationFilter.java:constructSecretProvider(240)) - Unable to initialize FileSignerSecretProvider, falling back to use random secrets.
2019-08-29 09:09:00,857 [main] WARN  http.HttpRequestLog (HttpRequestLog.java:getRequestLog(97)) - Jetty request log can only be enabled using Log4j
2019-08-29 09:09:00,858 [main] INFO  http.HttpServer2 (HttpServer2.java:addGlobalFilter(975)) - Added global filter 'safety' (class=org.apache.hadoop.http.HttpServer2$QuotingInputFilter)
2019-08-29 09:09:00,859 [main] INFO  http.HttpServer2 (HttpServer2.java:addFilter(948)) - Added filter static_user_filter (class=org.apache.hadoop.http.lib.StaticUserWebFilter$StaticUserFilter) to context hddsDatanode
2019-08-29 09:09:00,859 [main] INFO  http.HttpServer2 (HttpServer2.java:addFilter(958)) - Added filter static_user_filter (class=org.apache.hadoop.http.lib.StaticUserWebFilter$StaticUserFilter) to context static
2019-08-29 09:09:00,859 [main] INFO  http.HttpServer2 (HttpServer2.java:addFilter(958)) - Added filter static_user_filter (class=org.apache.hadoop.http.lib.StaticUserWebFilter$StaticUserFilter) to context logs
2019-08-29 09:09:00,860 [main] INFO  http.HttpServer2 (HttpServer2.java:bindListener(1191)) - Jetty bound to port 42730
2019-08-29 09:09:00,860 [main] INFO  server.Server (Server.java:doStart(351)) - jetty-9.3.24.v20180605, build timestamp: 2018-06-05T17:11:56Z, git hash: 84205aa28f11a4f31f2a3b86d1bba2cc8ab69827
2019-08-29 09:09:00,861 [main] INFO  handler.ContextHandler (ContextHandler.java:doStart(781)) - Started o.e.j.s.ServletContextHandler@4438938e{/logs,file:///workdir/hadoop-ozone/integration-test/target/log,AVAILABLE}
2019-08-29 09:09:00,862 [main] INFO  handler.ContextHandler (ContextHandler.java:doStart(781)) - Started o.e.j.s.ServletContextHandler@1c68d0db{/static,jar:file:/home/user/.m2/repository/org/apache/hadoop/hadoop-hdds-container-service/0.5.0-SNAPSHOT/hadoop-hdds-container-service-0.5.0-SNAPSHOT.jar!/webapps/static,AVAILABLE}
2019-08-29 09:09:00,889 [main] INFO  handler.ContextHandler (ContextHandler.java:doStart(781)) - Started o.e.j.w.WebAppContext@1a717d79{/,file:///tmp/jetty-0.0.0.0-42730-hddsDatanode-_-any-4345029518349061043.dir/webapp/,AVAILABLE}{/hddsDatanode}
2019-08-29 09:09:00,889 [main] INFO  server.AbstractConnector (AbstractConnector.java:doStart(278)) - Started ServerConnector@4cb00fa5{HTTP/1.1,[http/1.1]}{0.0.0.0:42730}
2019-08-29 09:09:00,890 [main] INFO  server.Server (Server.java:doStart(419)) - Started @582476ms
2019-08-29 09:09:00,891 [main] WARN  impl.MetricsSystemImpl (MetricsSystemImpl.java:register(276)) - Sink prometheus already exists!
2019-08-29 09:09:00,892 [main] INFO  server.BaseHttpServer (BaseHttpServer.java:updateConnectorAddress(215)) - HTTP server of HDDSDATANODE is listening at http://0.0.0.0:42730
2019-08-29 09:09:00,892 [main] INFO  ozone.MiniOzoneClusterImpl (MiniOzoneClusterImpl.java:lambda$waitForClusterToBeReady$0(140)) - Waiting for cluster to be ready. Got 0 of 7 DN Heartbeats.
2019-08-29 09:09:00,893 [org.apache.hadoop.util.JvmPauseMonitor$Monitor@1db6915e] INFO  util.JvmPauseMonitor (JvmPauseMonitor.java:run(188)) - Starting JVM pause monitor
2019-08-29 09:09:00,894 [Datanode State Machine Thread - 0] INFO  datanode.InitDatanodeState (InitDatanodeState.java:persistContainerDatanodeDetails(140)) - DatanodeDetails is persisted to /workdir/hadoop-ozone/integration-test/target/test-dir/MiniOzoneClusterImpl-1c352198-1c3a-44ed-b4f2-463a1ec9c860/datanode-6/meta/datanode.id
2019-08-29 09:09:01,892 [main] INFO  ozone.MiniOzoneClusterImpl (MiniOzoneClusterImpl.java:lambda$waitForClusterToBeReady$0(140)) - Waiting for cluster to be ready. Got 0 of 7 DN Heartbeats.
2019-08-29 09:09:02,519 | INFO  | SCMAudit | user=jenkins1000 | ip=192.168.69.87 | op=GET_VERSION null | ret=SUCCESS |  
2019-08-29 09:09:02,541 [Datanode State Machine Thread - 0] INFO  ozoneimpl.OzoneContainer (OzoneContainer.java:start(201)) - Attempting to start container services.
2019-08-29 09:09:02,541 [Datanode State Machine Thread - 0] INFO  ozoneimpl.OzoneContainer (OzoneContainer.java:startContainerScrub(175)) - Background container scrubber has been disabled by hdds.containerscrub.enabled
2019-08-29 09:09:02,542 [Datanode State Machine Thread - 0] INFO  ratis.XceiverServerRatis (XceiverServerRatis.java:start(393)) - Starting XceiverServerRatis 7cbc575c-4b46-452e-9bb8-421b9d270bb5 at port 0
2019-08-29 09:09:02,547 [Datanode State Machine Thread - 0] INFO  impl.RaftServerProxy (RaftServerProxy.java:lambda$start$3(299)) - 7cbc575c-4b46-452e-9bb8-421b9d270bb5: start RPC server
2019-08-29 09:09:02,548 [Datanode State Machine Thread - 0] INFO  server.GrpcService (GrpcService.java:startImpl(149)) - 7cbc575c-4b46-452e-9bb8-421b9d270bb5: GrpcService started, listening on 0.0.0.0/0.0.0.0:37303
2019-08-29 09:09:02,548 [Datanode State Machine Thread - 0] INFO  ratis.XceiverServerRatis (XceiverServerRatis.java:start(403)) - XceiverServerRatis 7cbc575c-4b46-452e-9bb8-421b9d270bb5 is started using port 37303
2019-08-29 09:09:02,549 [Datanode State Machine Thread - 0] INFO  server.XceiverServerGrpc (XceiverServerGrpc.java:start(163)) - XceiverServerGrpc 7cbc575c-4b46-452e-9bb8-421b9d270bb5 is started using port 44374
2019-08-29 09:09:02,580 | INFO  | SCMAudit | user=jenkins1000 | ip=192.168.69.87 | op=GET_VERSION null | ret=SUCCESS |  
2019-08-29 09:09:02,596 [Datanode State Machine Thread - 0] INFO  ozoneimpl.OzoneContainer (OzoneContainer.java:start(201)) - Attempting to start container services.
2019-08-29 09:09:02,597 [Datanode State Machine Thread - 0] INFO  ozoneimpl.OzoneContainer (OzoneContainer.java:startContainerScrub(175)) - Background container scrubber has been disabled by hdds.containerscrub.enabled
2019-08-29 09:09:02,597 [Datanode State Machine Thread - 0] INFO  ratis.XceiverServerRatis (XceiverServerRatis.java:start(393)) - Starting XceiverServerRatis c22f91f7-68fa-46ec-983b-e4afd2d3623d at port 0
2019-08-29 09:09:02,603 [Datanode State Machine Thread - 0] INFO  impl.RaftServerProxy (RaftServerProxy.java:lambda$start$3(299)) - c22f91f7-68fa-46ec-983b-e4afd2d3623d: start RPC server
2019-08-29 09:09:02,603 [Datanode State Machine Thread - 0] INFO  server.GrpcService (GrpcService.java:startImpl(149)) - c22f91f7-68fa-46ec-983b-e4afd2d3623d: GrpcService started, listening on 0.0.0.0/0.0.0.0:37396
2019-08-29 09:09:02,604 [Datanode State Machine Thread - 0] INFO  ratis.XceiverServerRatis (XceiverServerRatis.java:start(403)) - XceiverServerRatis c22f91f7-68fa-46ec-983b-e4afd2d3623d is started using port 37396
2019-08-29 09:09:02,604 [Datanode State Machine Thread - 0] INFO  server.XceiverServerGrpc (XceiverServerGrpc.java:start(163)) - XceiverServerGrpc c22f91f7-68fa-46ec-983b-e4afd2d3623d is started using port 41648
2019-08-29 09:09:02,645 | INFO  | SCMAudit | user=jenkins1000 | ip=192.168.69.87 | op=GET_VERSION null | ret=SUCCESS |  
2019-08-29 09:09:02,669 [Datanode State Machine Thread - 0] INFO  ozoneimpl.OzoneContainer (OzoneContainer.java:start(201)) - Attempting to start container services.
2019-08-29 09:09:02,669 [Datanode State Machine Thread - 0] INFO  ozoneimpl.OzoneContainer (OzoneContainer.java:startContainerScrub(175)) - Background container scrubber has been disabled by hdds.containerscrub.enabled
2019-08-29 09:09:02,669 [Datanode State Machine Thread - 0] INFO  ratis.XceiverServerRatis (XceiverServerRatis.java:start(393)) - Starting XceiverServerRatis 88078711-0cd2-4a5e-bf0e-90a5498792e5 at port 0
2019-08-29 09:09:02,678 [Datanode State Machine Thread - 0] INFO  impl.RaftServerProxy (RaftServerProxy.java:lambda$start$3(299)) - 88078711-0cd2-4a5e-bf0e-90a5498792e5: start RPC server
2019-08-29 09:09:02,679 [Datanode State Machine Thread - 0] INFO  server.GrpcService (GrpcService.java:startImpl(149)) - 88078711-0cd2-4a5e-bf0e-90a5498792e5: GrpcService started, listening on 0.0.0.0/0.0.0.0:39538
2019-08-29 09:09:02,679 [Datanode State Machine Thread - 0] INFO  ratis.XceiverServerRatis (XceiverServerRatis.java:start(403)) - XceiverServerRatis 88078711-0cd2-4a5e-bf0e-90a5498792e5 is started using port 39538
2019-08-29 09:09:02,688 [Datanode State Machine Thread - 0] INFO  server.XceiverServerGrpc (XceiverServerGrpc.java:start(163)) - XceiverServerGrpc 88078711-0cd2-4a5e-bf0e-90a5498792e5 is started using port 45882
2019-08-29 09:09:02,704 | INFO  | SCMAudit | user=jenkins1000 | ip=192.168.69.87 | op=GET_VERSION null | ret=SUCCESS |  
2019-08-29 09:09:02,721 [Datanode State Machine Thread - 0] INFO  ozoneimpl.OzoneContainer (OzoneContainer.java:start(201)) - Attempting to start container services.
2019-08-29 09:09:02,721 [Datanode State Machine Thread - 0] INFO  ozoneimpl.OzoneContainer (OzoneContainer.java:startContainerScrub(175)) - Background container scrubber has been disabled by hdds.containerscrub.enabled
2019-08-29 09:09:02,721 [Datanode State Machine Thread - 0] INFO  ratis.XceiverServerRatis (XceiverServerRatis.java:start(393)) - Starting XceiverServerRatis 23e9bf69-29f9-4f77-ab56-6ec336a98fa3 at port 0
2019-08-29 09:09:02,725 [Datanode State Machine Thread - 0] INFO  impl.RaftServerProxy (RaftServerProxy.java:lambda$start$3(299)) - 23e9bf69-29f9-4f77-ab56-6ec336a98fa3: start RPC server
2019-08-29 09:09:02,726 [Datanode State Machine Thread - 0] INFO  server.GrpcService (GrpcService.java:startImpl(149)) - 23e9bf69-29f9-4f77-ab56-6ec336a98fa3: GrpcService started, listening on 0.0.0.0/0.0.0.0:39841
2019-08-29 09:09:02,726 [Datanode State Machine Thread - 0] INFO  ratis.XceiverServerRatis (XceiverServerRatis.java:start(403)) - XceiverServerRatis 23e9bf69-29f9-4f77-ab56-6ec336a98fa3 is started using port 39841
2019-08-29 09:09:02,727 [Datanode State Machine Thread - 0] INFO  server.XceiverServerGrpc (XceiverServerGrpc.java:start(163)) - XceiverServerGrpc 23e9bf69-29f9-4f77-ab56-6ec336a98fa3 is started using port 45734
2019-08-29 09:09:02,774 | INFO  | SCMAudit | user=jenkins1000 | ip=192.168.69.87 | op=GET_VERSION null | ret=SUCCESS |  
2019-08-29 09:09:02,804 [Datanode State Machine Thread - 0] INFO  ozoneimpl.OzoneContainer (OzoneContainer.java:start(201)) - Attempting to start container services.
2019-08-29 09:09:02,804 [Datanode State Machine Thread - 0] INFO  ozoneimpl.OzoneContainer (OzoneContainer.java:startContainerScrub(175)) - Background container scrubber has been disabled by hdds.containerscrub.enabled
2019-08-29 09:09:02,804 [Datanode State Machine Thread - 0] INFO  ratis.XceiverServerRatis (XceiverServerRatis.java:start(393)) - Starting XceiverServerRatis 511321fd-944d-4aec-af04-300872c24c53 at port 0
2019-08-29 09:09:02,812 [Datanode State Machine Thread - 0] INFO  impl.RaftServerProxy (RaftServerProxy.java:lambda$start$3(299)) - 511321fd-944d-4aec-af04-300872c24c53: start RPC server
2019-08-29 09:09:02,812 [Datanode State Machine Thread - 0] INFO  server.GrpcService (GrpcService.java:startImpl(149)) - 511321fd-944d-4aec-af04-300872c24c53: GrpcService started, listening on 0.0.0.0/0.0.0.0:34888
2019-08-29 09:09:02,812 [Datanode State Machine Thread - 0] INFO  ratis.XceiverServerRatis (XceiverServerRatis.java:start(403)) - XceiverServerRatis 511321fd-944d-4aec-af04-300872c24c53 is started using port 34888
2019-08-29 09:09:02,813 [Datanode State Machine Thread - 0] INFO  server.XceiverServerGrpc (XceiverServerGrpc.java:start(163)) - XceiverServerGrpc 511321fd-944d-4aec-af04-300872c24c53 is started using port 36277
2019-08-29 09:09:02,833 | INFO  | SCMAudit | user=jenkins1000 | ip=192.168.69.87 | op=GET_VERSION null | ret=SUCCESS |  
2019-08-29 09:09:02,863 [Datanode State Machine Thread - 0] INFO  ozoneimpl.OzoneContainer (OzoneContainer.java:start(201)) - Attempting to start container services.
2019-08-29 09:09:02,863 [Datanode State Machine Thread - 0] INFO  ozoneimpl.OzoneContainer (OzoneContainer.java:startContainerScrub(175)) - Background container scrubber has been disabled by hdds.containerscrub.enabled
2019-08-29 09:09:02,863 [Datanode State Machine Thread - 0] INFO  ratis.XceiverServerRatis (XceiverServerRatis.java:start(393)) - Starting XceiverServerRatis fb5607f7-201e-4e71-bf0f-86f0d27d217c at port 0
2019-08-29 09:09:02,869 [Datanode State Machine Thread - 0] INFO  impl.RaftServerProxy (RaftServerProxy.java:lambda$start$3(299)) - fb5607f7-201e-4e71-bf0f-86f0d27d217c: start RPC server
2019-08-29 09:09:02,870 [Datanode State Machine Thread - 0] INFO  server.GrpcService (GrpcService.java:startImpl(149)) - fb5607f7-201e-4e71-bf0f-86f0d27d217c: GrpcService started, listening on 0.0.0.0/0.0.0.0:41583
2019-08-29 09:09:02,870 [Datanode State Machine Thread - 0] INFO  ratis.XceiverServerRatis (XceiverServerRatis.java:start(403)) - XceiverServerRatis fb5607f7-201e-4e71-bf0f-86f0d27d217c is started using port 41583
2019-08-29 09:09:02,873 [Datanode State Machine Thread - 0] INFO  server.XceiverServerGrpc (XceiverServerGrpc.java:start(163)) - XceiverServerGrpc fb5607f7-201e-4e71-bf0f-86f0d27d217c is started using port 40447
2019-08-29 09:09:02,893 [main] INFO  ozone.MiniOzoneClusterImpl (MiniOzoneClusterImpl.java:lambda$waitForClusterToBeReady$0(140)) - Waiting for cluster to be ready. Got 0 of 7 DN Heartbeats.
2019-08-29 09:09:02,893 | INFO  | SCMAudit | user=jenkins1000 | ip=192.168.69.87 | op=GET_VERSION null | ret=SUCCESS |  
2019-08-29 09:09:02,908 [Datanode State Machine Thread - 0] INFO  ozoneimpl.OzoneContainer (OzoneContainer.java:start(201)) - Attempting to start container services.
2019-08-29 09:09:02,908 [Datanode State Machine Thread - 0] INFO  ozoneimpl.OzoneContainer (OzoneContainer.java:startContainerScrub(175)) - Background container scrubber has been disabled by hdds.containerscrub.enabled
2019-08-29 09:09:02,908 [Datanode State Machine Thread - 0] INFO  ratis.XceiverServerRatis (XceiverServerRatis.java:start(393)) - Starting XceiverServerRatis e43a4404-c45a-4334-ab7d-c37c6cf2c676 at port 0
2019-08-29 09:09:02,914 [Datanode State Machine Thread - 0] INFO  impl.RaftServerProxy (RaftServerProxy.java:lambda$start$3(299)) - e43a4404-c45a-4334-ab7d-c37c6cf2c676: start RPC server
2019-08-29 09:09:02,917 [Datanode State Machine Thread - 0] INFO  server.GrpcService (GrpcService.java:startImpl(149)) - e43a4404-c45a-4334-ab7d-c37c6cf2c676: GrpcService started, listening on 0.0.0.0/0.0.0.0:36119
2019-08-29 09:09:02,917 [Datanode State Machine Thread - 0] INFO  ratis.XceiverServerRatis (XceiverServerRatis.java:start(403)) - XceiverServerRatis e43a4404-c45a-4334-ab7d-c37c6cf2c676 is started using port 36119
2019-08-29 09:09:02,917 [Datanode State Machine Thread - 0] INFO  server.XceiverServerGrpc (XceiverServerGrpc.java:start(163)) - XceiverServerGrpc e43a4404-c45a-4334-ab7d-c37c6cf2c676 is started using port 36012
2019-08-29 09:09:03,893 [main] INFO  ozone.MiniOzoneClusterImpl (MiniOzoneClusterImpl.java:lambda$waitForClusterToBeReady$0(140)) - Waiting for cluster to be ready. Got 0 of 7 DN Heartbeats.
2019-08-29 09:09:04,520 [IPC Server handler 6 on 46418] INFO  net.NetworkTopology (NetworkTopologyImpl.java:add(110)) - Added a new node: /default-rack/7cbc575c-4b46-452e-9bb8-421b9d270bb5
2019-08-29 09:09:04,522 [IPC Server handler 6 on 46418] INFO  node.SCMNodeManager (SCMNodeManager.java:register(266)) - Registered Data node : 7cbc575c-4b46-452e-9bb8-421b9d270bb5{ip: 192.168.69.87, host: pr-hdds-1935-5tjgs-3847141534, networkLocation: /default-rack, certSerialId: null}
2019-08-29 09:09:04,523 [EventQueue-NodeRegistrationContainerReportForDataNodeSafeModeRule] INFO  safemode.SCMSafeModeManager (DataNodeSafeModeRule.java:process(71)) - SCM in safe mode. 1 DataNodes registered, 1 required.
2019-08-29 09:09:04,523 | INFO  | SCMAudit | user=jenkins1000 | ip=192.168.69.87 | op=REGISTER {datanodeDetails=7cbc575c-4b46-452e-9bb8-421b9d270bb5{ip: 192.168.69.87, host: pr-hdds-1935-5tjgs-3847141534, networkLocation: /default-rack, certSerialId: null}} | ret=SUCCESS |  
2019-08-29 09:09:04,525 [EventQueue-NodeRegistrationContainerReportForContainerSafeModeRule] INFO  safemode.SCMSafeModeManager (SCMSafeModeManager.java:validateSafeModeExitRules(177)) - ScmSafeModeManager, all rules are successfully validated
2019-08-29 09:09:04,525 [EventQueue-NodeRegistrationContainerReportForContainerSafeModeRule] INFO  safemode.SCMSafeModeManager (SCMSafeModeManager.java:exitSafeMode(193)) - SCM exiting safe mode.
2019-08-29 09:09:04,534 [grpc-default-executor-8] INFO  impl.RaftServerProxy (RaftServerProxy.java:addNew(89)) - 7cbc575c-4b46-452e-9bb8-421b9d270bb5: addNew group-29DB894E6F8B:[7cbc575c-4b46-452e-9bb8-421b9d270bb5:192.168.69.87:37303] returns group-29DB894E6F8B:java.util.concurrent.CompletableFuture@126ca8cc[Not completed]
2019-08-29 09:09:04,536 [pool-499-thread-1] INFO  impl.RaftServerImpl (RaftServerImpl.java:<init>(93)) - 7cbc575c-4b46-452e-9bb8-421b9d270bb5: new RaftServerImpl for group-29DB894E6F8B:[7cbc575c-4b46-452e-9bb8-421b9d270bb5:192.168.69.87:37303] with ContainerStateMachine:uninitialized
2019-08-29 09:09:04,536 [pool-499-thread-1] INFO  server.RaftServerConfigKeys (ConfUtils.java:logGet(43)) - raft.server.rpc.timeout.min = 5s (custom)
2019-08-29 09:09:04,536 [pool-499-thread-1] INFO  server.RaftServerConfigKeys (ConfUtils.java:logGet(43)) - raft.server.rpc.timeout.max = 5200ms (custom)
2019-08-29 09:09:04,537 [pool-499-thread-1] INFO  server.RaftServerConfigKeys (ConfUtils.java:logGet(43)) - raft.server.rpcslowness.timeout = 120s (custom)
2019-08-29 09:09:04,537 [pool-499-thread-1] INFO  server.RaftServerConfigKeys (ConfUtils.java:logGet(43)) - raft.server.sleep.deviation.threshold = 300 (default)
2019-08-29 09:09:04,537 [pool-499-thread-1] INFO  server.RaftServerConfigKeys (ConfUtils.java:logGet(43)) - raft.server.log.appender.install.snapshot.enabled = false (custom)
2019-08-29 09:09:04,537 [pool-499-thread-1] INFO  impl.RaftServerImpl (ServerState.java:<init>(105)) - 7cbc575c-4b46-452e-9bb8-421b9d270bb5:group-29DB894E6F8B ConfigurationManager, init=-1: [7cbc575c-4b46-452e-9bb8-421b9d270bb5:192.168.69.87:37303], old=null, confs=<EMPTY_MAP>
2019-08-29 09:09:04,537 [pool-499-thread-1] INFO  server.RaftServerConfigKeys (ConfUtils.java:logGet(43)) - raft.server.storage.dir = [/workdir/hadoop-ozone/integration-test/target/test-dir/MiniOzoneClusterImpl-1c352198-1c3a-44ed-b4f2-463a1ec9c860/datanode-0/data/ratis] (custom)
2019-08-29 09:09:04,538 [pool-499-thread-1] INFO  storage.RaftStorageDirectory (RaftStorageDirectory.java:analyzeStorage(246)) - The storage directory /workdir/hadoop-ozone/integration-test/target/test-dir/MiniOzoneClusterImpl-1c352198-1c3a-44ed-b4f2-463a1ec9c860/datanode-0/data/ratis/a589c81b-1c41-47f9-9d34-29db894e6f8b does not exist. Creating ...
2019-08-29 09:09:04,567 [pool-499-thread-1] INFO  storage.RaftStorageDirectory (RaftStorageDirectory.java:tryLock(328)) - Lock on /workdir/hadoop-ozone/integration-test/target/test-dir/MiniOzoneClusterImpl-1c352198-1c3a-44ed-b4f2-463a1ec9c860/datanode-0/data/ratis/a589c81b-1c41-47f9-9d34-29db894e6f8b/in_use.lock acquired by nodename 17121@pr-hdds-1935-5tjgs-3847141534
2019-08-29 09:09:04,580 [pool-499-thread-1] INFO  storage.RaftStorage (RaftStorage.java:format(72)) - Storage directory /workdir/hadoop-ozone/integration-test/target/test-dir/MiniOzoneClusterImpl-1c352198-1c3a-44ed-b4f2-463a1ec9c860/datanode-0/data/ratis/a589c81b-1c41-47f9-9d34-29db894e6f8b has been successfully formatted.
2019-08-29 09:09:04,581 [IPC Server handler 2 on 46418] INFO  net.NetworkTopology (NetworkTopologyImpl.java:add(110)) - Added a new node: /default-rack/c22f91f7-68fa-46ec-983b-e4afd2d3623d
2019-08-29 09:09:04,581 [pool-499-thread-1] INFO  ratis.ContainerStateMachine (ContainerStateMachine.java:loadSnapshot(227)) - group-29DB894E6F8B: The snapshot info is null. Setting the last applied indexto:(t:0, i:~)
2019-08-29 09:09:04,581 [IPC Server handler 2 on 46418] INFO  node.SCMNodeManager (SCMNodeManager.java:register(266)) - Registered Data node : c22f91f7-68fa-46ec-983b-e4afd2d3623d{ip: 192.168.69.87, host: pr-hdds-1935-5tjgs-3847141534, networkLocation: /default-rack, certSerialId: null}
2019-08-29 09:09:04,581 [pool-499-thread-1] INFO  server.RaftServerConfigKeys (ConfUtils.java:logGet(43)) - raft.server.leader.election.timeout = 120s (custom)
2019-08-29 09:09:04,582 [pool-499-thread-1] INFO  server.RaftServerConfigKeys (ConfUtils.java:logGet(43)) - raft.server.log.use.memory = false (default)
2019-08-29 09:09:04,582 | INFO  | SCMAudit | user=jenkins1000 | ip=192.168.69.87 | op=REGISTER {datanodeDetails=c22f91f7-68fa-46ec-983b-e4afd2d3623d{ip: 192.168.69.87, host: pr-hdds-1935-5tjgs-3847141534, networkLocation: /default-rack, certSerialId: null}} | ret=SUCCESS |  
2019-08-29 09:09:04,582 [pool-499-thread-1] INFO  server.RaftServerConfigKeys (ConfUtils.java:logGet(43)) - raft.server.log.purge.gap = 1000000 (custom)
2019-08-29 09:09:04,582 [pool-499-thread-1] INFO  server.RaftServerConfigKeys (ConfUtils.java:logGet(43)) - raft.server.log.appender.buffer.byte-limit = 33554432 (custom)
2019-08-29 09:09:04,582 [pool-499-thread-1] INFO  server.RaftServerConfigKeys (ConfUtils.java:logGet(43)) - raft.server.log.segment.size.max = 1048576 (custom)
2019-08-29 09:09:04,582 [pool-499-thread-1] INFO  server.RaftServerConfigKeys (ConfUtils.java:logGet(43)) - raft.server.log.segment.cache.num.max = 2 (custom)
2019-08-29 09:09:04,582 [pool-499-thread-1] INFO  segmented.SegmentedRaftLogWorker (SegmentedRaftLogWorker.java:<init>(172)) - new 7cbc575c-4b46-452e-9bb8-421b9d270bb5-SegmentedRaftLogWorker:Storage Directory /workdir/hadoop-ozone/integration-test/target/test-dir/MiniOzoneClusterImpl-1c352198-1c3a-44ed-b4f2-463a1ec9c860/datanode-0/data/ratis/a589c81b-1c41-47f9-9d34-29db894e6f8b for RaftStorage:Storage Directory /workdir/hadoop-ozone/integration-test/target/test-dir/MiniOzoneClusterImpl-1c352198-1c3a-44ed-b4f2-463a1ec9c860/datanode-0/data/ratis/a589c81b-1c41-47f9-9d34-29db894e6f8b
2019-08-29 09:09:04,582 [pool-499-thread-1] INFO  server.RaftServerConfigKeys (ConfUtils.java:logGet(43)) - raft.server.log.queue.byte-limit = 2147483647 (custom)
2019-08-29 09:09:04,583 [pool-499-thread-1] INFO  server.RaftServerConfigKeys (ConfUtils.java:logGet(43)) - raft.server.log.queue.element-limit = 1024 (custom)
2019-08-29 09:09:04,583 [pool-499-thread-1] INFO  server.RaftServerConfigKeys (ConfUtils.java:logGet(43)) - raft.server.log.segment.size.max = 1048576 (custom)
2019-08-29 09:09:04,583 [pool-499-thread-1] INFO  server.RaftServerConfigKeys (ConfUtils.java:logGet(43)) - raft.server.log.preallocated.size = 16384 (custom)
2019-08-29 09:09:04,583 [pool-499-thread-1] INFO  server.RaftServerConfigKeys (ConfUtils.java:logGet(43)) - raft.server.log.write.buffer.size = 33554432 (custom)
2019-08-29 09:09:04,583 [pool-499-thread-1] INFO  server.RaftServerConfigKeys (ConfUtils.java:logGet(43)) - raft.server.log.force.sync.num = 128 (default)
2019-08-29 09:09:04,583 [pool-499-thread-1] INFO  server.RaftServerConfigKeys (ConfUtils.java:logGet(43)) - raft.server.log.statemachine.data.sync = true (default)
2019-08-29 09:09:04,583 [pool-499-thread-1] INFO  server.RaftServerConfigKeys (ConfUtils.java:logGet(43)) - raft.server.log.statemachine.data.sync.timeout = 10s (default)
2019-08-29 09:09:04,584 [pool-499-thread-1] INFO  server.RaftServerConfigKeys (ConfUtils.java:logGet(43)) - raft.server.log.statemachine.data.sync.timeout.retry = -1 (default)
2019-08-29 09:09:04,584 [pool-499-thread-1] INFO  server.RaftServerConfigKeys (ConfUtils.java:logGet(43)) - raft.server.log.statemachine.data.caching.enabled = true (custom)
2019-08-29 09:09:04,584 [pool-499-thread-1] INFO  segmented.SegmentedRaftLogWorker (SegmentedRaftLogWorker.java:lambda$new$0(132)) - 7cbc575c-4b46-452e-9bb8-421b9d270bb5-SegmentedRaftLogWorker:Storage Directory /workdir/hadoop-ozone/integration-test/target/test-dir/MiniOzoneClusterImpl-1c352198-1c3a-44ed-b4f2-463a1ec9c860/datanode-0/data/ratis/a589c81b-1c41-47f9-9d34-29db894e6f8b: flushIndex: setUnconditionally 0 -> -1
2019-08-29 09:09:04,585 [pool-499-thread-1] INFO  server.RaftServerConfigKeys (ConfUtils.java:logGet(43)) - raft.server.snapshot.auto.trigger.enabled = true (custom)
2019-08-29 09:09:04,585 [pool-499-thread-1] INFO  server.RaftServerConfigKeys (ConfUtils.java:logGet(43)) - raft.server.snapshot.auto.trigger.threshold = 10000 (custom)
2019-08-29 09:09:04,585 [pool-499-thread-1] INFO  server.RaftServerConfigKeys (ConfUtils.java:logGet(43)) - raft.server.retrycache.expirytime = 600000ms (custom)
2019-08-29 09:09:04,585 [pool-499-thread-1] INFO  impl.RaftServerImpl (RaftServerImpl.java:start(180)) - 7cbc575c-4b46-452e-9bb8-421b9d270bb5: start group-29DB894E6F8B
2019-08-29 09:09:04,585 [pool-499-thread-1] INFO  impl.RaftServerImpl (RaftServerImpl.java:setRole(171)) - 7cbc575c-4b46-452e-9bb8-421b9d270bb5:group-29DB894E6F8B changes role from null to FOLLOWER at term 0 for startAsFollower
2019-08-29 09:09:04,585 [pool-499-thread-1] INFO  impl.RoleInfo (RoleInfo.java:updateAndGet(143)) - 7cbc575c-4b46-452e-9bb8-421b9d270bb5: start FollowerState
2019-08-29 09:09:04,586 [pool-499-thread-1] INFO  util.JmxRegister (JmxRegister.java:tryRegister(44)) - Successfully registered JMX Bean with object name Ratis:service=RaftServer,group=group-29DB894E6F8B,id=7cbc575c-4b46-452e-9bb8-421b9d270bb5
2019-08-29 09:09:04,618 [RatisPipelineUtilsThread] INFO  pipeline.PipelineStateManager (PipelineStateManager.java:addPipeline(56)) - Created pipeline Pipeline[ Id: a589c81b-1c41-47f9-9d34-29db894e6f8b, Nodes: 7cbc575c-4b46-452e-9bb8-421b9d270bb5{ip: 192.168.69.87, host: pr-hdds-1935-5tjgs-3847141534, networkLocation: /default-rack, certSerialId: null}, Type:RATIS, Factor:ONE, State:OPEN]
2019-08-29 09:09:04,626 [grpc-default-executor-8] INFO  impl.RaftServerProxy (RaftServerProxy.java:addNew(89)) - c22f91f7-68fa-46ec-983b-e4afd2d3623d: addNew group-9039DB06EBAC:[c22f91f7-68fa-46ec-983b-e4afd2d3623d:192.168.69.87:37396] returns group-9039DB06EBAC:java.util.concurrent.CompletableFuture@402058d7[Not completed]
2019-08-29 09:09:04,627 [pool-509-thread-1] INFO  impl.RaftServerImpl (RaftServerImpl.java:<init>(93)) - c22f91f7-68fa-46ec-983b-e4afd2d3623d: new RaftServerImpl for group-9039DB06EBAC:[c22f91f7-68fa-46ec-983b-e4afd2d3623d:192.168.69.87:37396] with ContainerStateMachine:uninitialized
2019-08-29 09:09:04,627 [pool-509-thread-1] INFO  server.RaftServerConfigKeys (ConfUtils.java:logGet(43)) - raft.server.rpc.timeout.min = 5s (custom)
2019-08-29 09:09:04,628 [pool-509-thread-1] INFO  server.RaftServerConfigKeys (ConfUtils.java:logGet(43)) - raft.server.rpc.timeout.max = 5200ms (custom)
2019-08-29 09:09:04,628 [pool-509-thread-1] INFO  server.RaftServerConfigKeys (ConfUtils.java:logGet(43)) - raft.server.rpcslowness.timeout = 120s (custom)
2019-08-29 09:09:04,628 [pool-509-thread-1] INFO  server.RaftServerConfigKeys (ConfUtils.java:logGet(43)) - raft.server.sleep.deviation.threshold = 300 (default)
2019-08-29 09:09:04,628 [pool-509-thread-1] INFO  server.RaftServerConfigKeys (ConfUtils.java:logGet(43)) - raft.server.log.appender.install.snapshot.enabled = false (custom)
2019-08-29 09:09:04,628 [pool-509-thread-1] INFO  impl.RaftServerImpl (ServerState.java:<init>(105)) - c22f91f7-68fa-46ec-983b-e4afd2d3623d:group-9039DB06EBAC ConfigurationManager, init=-1: [c22f91f7-68fa-46ec-983b-e4afd2d3623d:192.168.69.87:37396], old=null, confs=<EMPTY_MAP>
2019-08-29 09:09:04,628 [pool-509-thread-1] INFO  server.RaftServerConfigKeys (ConfUtils.java:logGet(43)) - raft.server.storage.dir = [/workdir/hadoop-ozone/integration-test/target/test-dir/MiniOzoneClusterImpl-1c352198-1c3a-44ed-b4f2-463a1ec9c860/datanode-1/data/ratis] (custom)
2019-08-29 09:09:04,629 [pool-509-thread-1] INFO  storage.RaftStorageDirectory (RaftStorageDirectory.java:analyzeStorage(246)) - The storage directory /workdir/hadoop-ozone/integration-test/target/test-dir/MiniOzoneClusterImpl-1c352198-1c3a-44ed-b4f2-463a1ec9c860/datanode-1/data/ratis/fb493062-e570-4431-bf87-9039db06ebac does not exist. Creating ...
2019-08-29 09:09:04,644 [IPC Server handler 1 on 46418] INFO  net.NetworkTopology (NetworkTopologyImpl.java:add(110)) - Added a new node: /default-rack/88078711-0cd2-4a5e-bf0e-90a5498792e5
2019-08-29 09:09:04,644 [IPC Server handler 1 on 46418] INFO  node.SCMNodeManager (SCMNodeManager.java:register(266)) - Registered Data node : 88078711-0cd2-4a5e-bf0e-90a5498792e5{ip: 192.168.69.87, host: pr-hdds-1935-5tjgs-3847141534, networkLocation: /default-rack, certSerialId: null}
2019-08-29 09:09:04,645 | INFO  | SCMAudit | user=jenkins1000 | ip=192.168.69.87 | op=REGISTER {datanodeDetails=88078711-0cd2-4a5e-bf0e-90a5498792e5{ip: 192.168.69.87, host: pr-hdds-1935-5tjgs-3847141534, networkLocation: /default-rack, certSerialId: null}} | ret=SUCCESS |  
2019-08-29 09:09:04,656 [pool-509-thread-1] INFO  storage.RaftStorageDirectory (RaftStorageDirectory.java:tryLock(328)) - Lock on /workdir/hadoop-ozone/integration-test/target/test-dir/MiniOzoneClusterImpl-1c352198-1c3a-44ed-b4f2-463a1ec9c860/datanode-1/data/ratis/fb493062-e570-4431-bf87-9039db06ebac/in_use.lock acquired by nodename 17121@pr-hdds-1935-5tjgs-3847141534
2019-08-29 09:09:04,680 [pool-509-thread-1] INFO  storage.RaftStorage (RaftStorage.java:format(72)) - Storage directory /workdir/hadoop-ozone/integration-test/target/test-dir/MiniOzoneClusterImpl-1c352198-1c3a-44ed-b4f2-463a1ec9c860/datanode-1/data/ratis/fb493062-e570-4431-bf87-9039db06ebac has been successfully formatted.
2019-08-29 09:09:04,680 [pool-509-thread-1] INFO  ratis.ContainerStateMachine (ContainerStateMachine.java:loadSnapshot(227)) - group-9039DB06EBAC: The snapshot info is null. Setting the last applied indexto:(t:0, i:~)
2019-08-29 09:09:04,681 [pool-509-thread-1] INFO  server.RaftServerConfigKeys (ConfUtils.java:logGet(43)) - raft.server.leader.election.timeout = 120s (custom)
2019-08-29 09:09:04,681 [pool-509-thread-1] INFO  server.RaftServerConfigKeys (ConfUtils.java:logGet(43)) - raft.server.log.use.memory = false (default)
2019-08-29 09:09:04,681 [pool-509-thread-1] INFO  server.RaftServerConfigKeys (ConfUtils.java:logGet(43)) - raft.server.log.purge.gap = 1000000 (custom)
2019-08-29 09:09:04,681 [pool-509-thread-1] INFO  server.RaftServerConfigKeys (ConfUtils.java:logGet(43)) - raft.server.log.appender.buffer.byte-limit = 33554432 (custom)
2019-08-29 09:09:04,681 [pool-509-thread-1] INFO  server.RaftServerConfigKeys (ConfUtils.java:logGet(43)) - raft.server.log.segment.size.max = 1048576 (custom)
2019-08-29 09:09:04,681 [pool-509-thread-1] INFO  server.RaftServerConfigKeys (ConfUtils.java:logGet(43)) - raft.server.log.segment.cache.num.max = 2 (custom)
2019-08-29 09:09:04,681 [pool-509-thread-1] INFO  segmented.SegmentedRaftLogWorker (SegmentedRaftLogWorker.java:<init>(172)) - new c22f91f7-68fa-46ec-983b-e4afd2d3623d-SegmentedRaftLogWorker:Storage Directory /workdir/hadoop-ozone/integration-test/target/test-dir/MiniOzoneClusterImpl-1c352198-1c3a-44ed-b4f2-463a1ec9c860/datanode-1/data/ratis/fb493062-e570-4431-bf87-9039db06ebac for RaftStorage:Storage Directory /workdir/hadoop-ozone/integration-test/target/test-dir/MiniOzoneClusterImpl-1c352198-1c3a-44ed-b4f2-463a1ec9c860/datanode-1/data/ratis/fb493062-e570-4431-bf87-9039db06ebac
2019-08-29 09:09:04,682 [pool-509-thread-1] INFO  server.RaftServerConfigKeys (ConfUtils.java:logGet(43)) - raft.server.log.queue.byte-limit = 2147483647 (custom)
2019-08-29 09:09:04,682 [pool-509-thread-1] INFO  server.RaftServerConfigKeys (ConfUtils.java:logGet(43)) - raft.server.log.queue.element-limit = 1024 (custom)
2019-08-29 09:09:04,682 [pool-509-thread-1] INFO  server.RaftServerConfigKeys (ConfUtils.java:logGet(43)) - raft.server.log.segment.size.max = 1048576 (custom)
2019-08-29 09:09:04,682 [pool-509-thread-1] INFO  server.RaftServerConfigKeys (ConfUtils.java:logGet(43)) - raft.server.log.preallocated.size = 16384 (custom)
2019-08-29 09:09:04,683 [pool-509-thread-1] INFO  server.RaftServerConfigKeys (ConfUtils.java:logGet(43)) - raft.server.log.write.buffer.size = 33554432 (custom)
2019-08-29 09:09:04,683 [pool-509-thread-1] INFO  server.RaftServerConfigKeys (ConfUtils.java:logGet(43)) - raft.server.log.force.sync.num = 128 (default)
2019-08-29 09:09:04,683 [pool-509-thread-1] INFO  server.RaftServerConfigKeys (ConfUtils.java:logGet(43)) - raft.server.log.statemachine.data.sync = true (default)
2019-08-29 09:09:04,683 [pool-509-thread-1] INFO  server.RaftServerConfigKeys (ConfUtils.java:logGet(43)) - raft.server.log.statemachine.data.sync.timeout = 10s (default)
2019-08-29 09:09:04,683 [pool-509-thread-1] INFO  server.RaftServerConfigKeys (ConfUtils.java:logGet(43)) - raft.server.log.statemachine.data.sync.timeout.retry = -1 (default)
2019-08-29 09:09:04,684 [pool-509-thread-1] INFO  server.RaftServerConfigKeys (ConfUtils.java:logGet(43)) - raft.server.log.statemachine.data.caching.enabled = true (custom)
2019-08-29 09:09:04,684 [pool-509-thread-1] INFO  segmented.SegmentedRaftLogWorker (SegmentedRaftLogWorker.java:lambda$new$0(132)) - c22f91f7-68fa-46ec-983b-e4afd2d3623d-SegmentedRaftLogWorker:Storage Directory /workdir/hadoop-ozone/integration-test/target/test-dir/MiniOzoneClusterImpl-1c352198-1c3a-44ed-b4f2-463a1ec9c860/datanode-1/data/ratis/fb493062-e570-4431-bf87-9039db06ebac: flushIndex: setUnconditionally 0 -> -1
2019-08-29 09:09:04,685 [pool-509-thread-1] INFO  server.RaftServerConfigKeys (ConfUtils.java:logGet(43)) - raft.server.snapshot.auto.trigger.enabled = true (custom)
2019-08-29 09:09:04,685 [pool-509-thread-1] INFO  server.RaftServerConfigKeys (ConfUtils.java:logGet(43)) - raft.server.snapshot.auto.trigger.threshold = 10000 (custom)
2019-08-29 09:09:04,685 [pool-509-thread-1] INFO  server.RaftServerConfigKeys (ConfUtils.java:logGet(43)) - raft.server.retrycache.expirytime = 600000ms (custom)
2019-08-29 09:09:04,685 [pool-509-thread-1] INFO  impl.RaftServerImpl (RaftServerImpl.java:start(180)) - c22f91f7-68fa-46ec-983b-e4afd2d3623d: start group-9039DB06EBAC
2019-08-29 09:09:04,685 [pool-509-thread-1] INFO  impl.RaftServerImpl (RaftServerImpl.java:setRole(171)) - c22f91f7-68fa-46ec-983b-e4afd2d3623d:group-9039DB06EBAC changes role from null to FOLLOWER at term 0 for startAsFollower
2019-08-29 09:09:04,686 [pool-509-thread-1] INFO  impl.RoleInfo (RoleInfo.java:updateAndGet(143)) - c22f91f7-68fa-46ec-983b-e4afd2d3623d: start FollowerState
2019-08-29 09:09:04,686 [pool-509-thread-1] INFO  util.JmxRegister (JmxRegister.java:tryRegister(44)) - Successfully registered JMX Bean with object name Ratis:service=RaftServer,group=group-9039DB06EBAC,id=c22f91f7-68fa-46ec-983b-e4afd2d3623d
2019-08-29 09:09:04,689 [RatisPipelineUtilsThread] INFO  pipeline.PipelineStateManager (PipelineStateManager.java:addPipeline(56)) - Created pipeline Pipeline[ Id: fb493062-e570-4431-bf87-9039db06ebac, Nodes: c22f91f7-68fa-46ec-983b-e4afd2d3623d{ip: 192.168.69.87, host: pr-hdds-1935-5tjgs-3847141534, networkLocation: /default-rack, certSerialId: null}, Type:RATIS, Factor:ONE, State:OPEN]
2019-08-29 09:09:04,696 [grpc-default-executor-8] INFO  impl.RaftServerProxy (RaftServerProxy.java:addNew(89)) - 88078711-0cd2-4a5e-bf0e-90a5498792e5: addNew group-079B7BC8B693:[88078711-0cd2-4a5e-bf0e-90a5498792e5:192.168.69.87:39538] returns group-079B7BC8B693:java.util.concurrent.CompletableFuture@2de0a6c[Not completed]
2019-08-29 09:09:04,697 [pool-519-thread-1] INFO  impl.RaftServerImpl (RaftServerImpl.java:<init>(93)) - 88078711-0cd2-4a5e-bf0e-90a5498792e5: new RaftServerImpl for group-079B7BC8B693:[88078711-0cd2-4a5e-bf0e-90a5498792e5:192.168.69.87:39538] with ContainerStateMachine:uninitialized
2019-08-29 09:09:04,697 [pool-519-thread-1] INFO  server.RaftServerConfigKeys (ConfUtils.java:logGet(43)) - raft.server.rpc.timeout.min = 5s (custom)
2019-08-29 09:09:04,697 [pool-519-thread-1] INFO  server.RaftServerConfigKeys (ConfUtils.java:logGet(43)) - raft.server.rpc.timeout.max = 5200ms (custom)
2019-08-29 09:09:04,698 [pool-519-thread-1] INFO  server.RaftServerConfigKeys (ConfUtils.java:logGet(43)) - raft.server.rpcslowness.timeout = 120s (custom)
2019-08-29 09:09:04,698 [pool-519-thread-1] INFO  server.RaftServerConfigKeys (ConfUtils.java:logGet(43)) - raft.server.sleep.deviation.threshold = 300 (default)
2019-08-29 09:09:04,698 [pool-519-thread-1] INFO  server.RaftServerConfigKeys (ConfUtils.java:logGet(43)) - raft.server.log.appender.install.snapshot.enabled = false (custom)
2019-08-29 09:09:04,698 [pool-519-thread-1] INFO  impl.RaftServerImpl (ServerState.java:<init>(105)) - 88078711-0cd2-4a5e-bf0e-90a5498792e5:group-079B7BC8B693 ConfigurationManager, init=-1: [88078711-0cd2-4a5e-bf0e-90a5498792e5:192.168.69.87:39538], old=null, confs=<EMPTY_MAP>
2019-08-29 09:09:04,698 [pool-519-thread-1] INFO  server.RaftServerConfigKeys (ConfUtils.java:logGet(43)) - raft.server.storage.dir = [/workdir/hadoop-ozone/integration-test/target/test-dir/MiniOzoneClusterImpl-1c352198-1c3a-44ed-b4f2-463a1ec9c860/datanode-2/data/ratis] (custom)
2019-08-29 09:09:04,698 [pool-519-thread-1] INFO  storage.RaftStorageDirectory (RaftStorageDirectory.java:analyzeStorage(246)) - The storage directory /workdir/hadoop-ozone/integration-test/target/test-dir/MiniOzoneClusterImpl-1c352198-1c3a-44ed-b4f2-463a1ec9c860/datanode-2/data/ratis/c82bb13d-9adb-48ea-b3e7-079b7bc8b693 does not exist. Creating ...
2019-08-29 09:09:04,704 [IPC Server handler 4 on 46418] INFO  net.NetworkTopology (NetworkTopologyImpl.java:add(110)) - Added a new node: /default-rack/23e9bf69-29f9-4f77-ab56-6ec336a98fa3
2019-08-29 09:09:04,705 [IPC Server handler 4 on 46418] INFO  node.SCMNodeManager (SCMNodeManager.java:register(266)) - Registered Data node : 23e9bf69-29f9-4f77-ab56-6ec336a98fa3{ip: 192.168.69.87, host: pr-hdds-1935-5tjgs-3847141534, networkLocation: /default-rack, certSerialId: null}
2019-08-29 09:09:04,705 | INFO  | SCMAudit | user=jenkins1000 | ip=192.168.69.87 | op=REGISTER {datanodeDetails=23e9bf69-29f9-4f77-ab56-6ec336a98fa3{ip: 192.168.69.87, host: pr-hdds-1935-5tjgs-3847141534, networkLocation: /default-rack, certSerialId: null}} | ret=SUCCESS |  
2019-08-29 09:09:04,714 [pool-519-thread-1] INFO  storage.RaftStorageDirectory (RaftStorageDirectory.java:tryLock(328)) - Lock on /workdir/hadoop-ozone/integration-test/target/test-dir/MiniOzoneClusterImpl-1c352198-1c3a-44ed-b4f2-463a1ec9c860/datanode-2/data/ratis/c82bb13d-9adb-48ea-b3e7-079b7bc8b693/in_use.lock acquired by nodename 17121@pr-hdds-1935-5tjgs-3847141534
2019-08-29 09:09:04,738 [pool-519-thread-1] INFO  storage.RaftStorage (RaftStorage.java:format(72)) - Storage directory /workdir/hadoop-ozone/integration-test/target/test-dir/MiniOzoneClusterImpl-1c352198-1c3a-44ed-b4f2-463a1ec9c860/datanode-2/data/ratis/c82bb13d-9adb-48ea-b3e7-079b7bc8b693 has been successfully formatted.
2019-08-29 09:09:04,738 [pool-519-thread-1] INFO  ratis.ContainerStateMachine (ContainerStateMachine.java:loadSnapshot(227)) - group-079B7BC8B693: The snapshot info is null. Setting the last applied indexto:(t:0, i:~)
2019-08-29 09:09:04,738 [pool-519-thread-1] INFO  server.RaftServerConfigKeys (ConfUtils.java:logGet(43)) - raft.server.leader.election.timeout = 120s (custom)
2019-08-29 09:09:04,738 [pool-519-thread-1] INFO  server.RaftServerConfigKeys (ConfUtils.java:logGet(43)) - raft.server.log.use.memory = false (default)
2019-08-29 09:09:04,738 [pool-519-thread-1] INFO  server.RaftServerConfigKeys (ConfUtils.java:logGet(43)) - raft.server.log.purge.gap = 1000000 (custom)
2019-08-29 09:09:04,739 [pool-519-thread-1] INFO  server.RaftServerConfigKeys (ConfUtils.java:logGet(43)) - raft.server.log.appender.buffer.byte-limit = 33554432 (custom)
2019-08-29 09:09:04,739 [pool-519-thread-1] INFO  server.RaftServerConfigKeys (ConfUtils.java:logGet(43)) - raft.server.log.segment.size.max = 1048576 (custom)
2019-08-29 09:09:04,739 [pool-519-thread-1] INFO  server.RaftServerConfigKeys (ConfUtils.java:logGet(43)) - raft.server.log.segment.cache.num.max = 2 (custom)
2019-08-29 09:09:04,739 [pool-519-thread-1] INFO  segmented.SegmentedRaftLogWorker (SegmentedRaftLogWorker.java:<init>(172)) - new 88078711-0cd2-4a5e-bf0e-90a5498792e5-SegmentedRaftLogWorker:Storage Directory /workdir/hadoop-ozone/integration-test/target/test-dir/MiniOzoneClusterImpl-1c352198-1c3a-44ed-b4f2-463a1ec9c860/datanode-2/data/ratis/c82bb13d-9adb-48ea-b3e7-079b7bc8b693 for RaftStorage:Storage Directory /workdir/hadoop-ozone/integration-test/target/test-dir/MiniOzoneClusterImpl-1c352198-1c3a-44ed-b4f2-463a1ec9c860/datanode-2/data/ratis/c82bb13d-9adb-48ea-b3e7-079b7bc8b693
2019-08-29 09:09:04,739 [pool-519-thread-1] INFO  server.RaftServerConfigKeys (ConfUtils.java:logGet(43)) - raft.server.log.queue.byte-limit = 2147483647 (custom)
2019-08-29 09:09:04,739 [pool-519-thread-1] INFO  server.RaftServerConfigKeys (ConfUtils.java:logGet(43)) - raft.server.log.queue.element-limit = 1024 (custom)
2019-08-29 09:09:04,740 [pool-519-thread-1] INFO  server.RaftServerConfigKeys (ConfUtils.java:logGet(43)) - raft.server.log.segment.size.max = 1048576 (custom)
2019-08-29 09:09:04,740 [pool-519-thread-1] INFO  server.RaftServerConfigKeys (ConfUtils.java:logGet(43)) - raft.server.log.preallocated.size = 16384 (custom)
2019-08-29 09:09:04,740 [pool-519-thread-1] INFO  server.RaftServerConfigKeys (ConfUtils.java:logGet(43)) - raft.server.log.write.buffer.size = 33554432 (custom)
2019-08-29 09:09:04,740 [pool-519-thread-1] INFO  server.RaftServerConfigKeys (ConfUtils.java:logGet(43)) - raft.server.log.force.sync.num = 128 (default)
2019-08-29 09:09:04,740 [pool-519-thread-1] INFO  server.RaftServerConfigKeys (ConfUtils.java:logGet(43)) - raft.server.log.statemachine.data.sync = true (default)
2019-08-29 09:09:04,740 [pool-519-thread-1] INFO  server.RaftServerConfigKeys (ConfUtils.java:logGet(43)) - raft.server.log.statemachine.data.sync.timeout = 10s (default)
2019-08-29 09:09:04,740 [pool-519-thread-1] INFO  server.RaftServerConfigKeys (ConfUtils.java:logGet(43)) - raft.server.log.statemachine.data.sync.timeout.retry = -1 (default)
2019-08-29 09:09:04,740 [pool-519-thread-1] INFO  server.RaftServerConfigKeys (ConfUtils.java:logGet(43)) - raft.server.log.statemachine.data.caching.enabled = true (custom)
2019-08-29 09:09:04,741 [pool-519-thread-1] INFO  segmented.SegmentedRaftLogWorker (SegmentedRaftLogWorker.java:lambda$new$0(132)) - 88078711-0cd2-4a5e-bf0e-90a5498792e5-SegmentedRaftLogWorker:Storage Directory /workdir/hadoop-ozone/integration-test/target/test-dir/MiniOzoneClusterImpl-1c352198-1c3a-44ed-b4f2-463a1ec9c860/datanode-2/data/ratis/c82bb13d-9adb-48ea-b3e7-079b7bc8b693: flushIndex: setUnconditionally 0 -> -1
2019-08-29 09:09:04,741 [pool-519-thread-1] INFO  server.RaftServerConfigKeys (ConfUtils.java:logGet(43)) - raft.server.snapshot.auto.trigger.enabled = true (custom)
2019-08-29 09:09:04,741 [pool-519-thread-1] INFO  server.RaftServerConfigKeys (ConfUtils.java:logGet(43)) - raft.server.snapshot.auto.trigger.threshold = 10000 (custom)
2019-08-29 09:09:04,741 [pool-519-thread-1] INFO  server.RaftServerConfigKeys (ConfUtils.java:logGet(43)) - raft.server.retrycache.expirytime = 600000ms (custom)
2019-08-29 09:09:04,741 [pool-519-thread-1] INFO  impl.RaftServerImpl (RaftServerImpl.java:start(180)) - 88078711-0cd2-4a5e-bf0e-90a5498792e5: start group-079B7BC8B693
2019-08-29 09:09:04,742 [pool-519-thread-1] INFO  impl.RaftServerImpl (RaftServerImpl.java:setRole(171)) - 88078711-0cd2-4a5e-bf0e-90a5498792e5:group-079B7BC8B693 changes role from null to FOLLOWER at term 0 for startAsFollower
2019-08-29 09:09:04,742 [pool-519-thread-1] INFO  impl.RoleInfo (RoleInfo.java:updateAndGet(143)) - 88078711-0cd2-4a5e-bf0e-90a5498792e5: start FollowerState
2019-08-29 09:09:04,742 [pool-519-thread-1] INFO  util.JmxRegister (JmxRegister.java:tryRegister(44)) - Successfully registered JMX Bean with object name Ratis:service=RaftServer,group=group-079B7BC8B693,id=88078711-0cd2-4a5e-bf0e-90a5498792e5
2019-08-29 09:09:04,744 [RatisPipelineUtilsThread] INFO  pipeline.PipelineStateManager (PipelineStateManager.java:addPipeline(56)) - Created pipeline Pipeline[ Id: c82bb13d-9adb-48ea-b3e7-079b7bc8b693, Nodes: 88078711-0cd2-4a5e-bf0e-90a5498792e5{ip: 192.168.69.87, host: pr-hdds-1935-5tjgs-3847141534, networkLocation: /default-rack, certSerialId: null}, Type:RATIS, Factor:ONE, State:OPEN]
2019-08-29 09:09:04,755 [grpc-default-executor-8] INFO  impl.RaftServerProxy (RaftServerProxy.java:addNew(89)) - 23e9bf69-29f9-4f77-ab56-6ec336a98fa3: addNew group-E329F9E13EA3:[23e9bf69-29f9-4f77-ab56-6ec336a98fa3:192.168.69.87:39841] returns group-E329F9E13EA3:java.util.concurrent.CompletableFuture@6c8992ee[Not completed]
2019-08-29 09:09:04,756 [pool-529-thread-1] INFO  impl.RaftServerImpl (RaftServerImpl.java:<init>(93)) - 23e9bf69-29f9-4f77-ab56-6ec336a98fa3: new RaftServerImpl for group-E329F9E13EA3:[23e9bf69-29f9-4f77-ab56-6ec336a98fa3:192.168.69.87:39841] with ContainerStateMachine:uninitialized
2019-08-29 09:09:04,756 [pool-529-thread-1] INFO  server.RaftServerConfigKeys (ConfUtils.java:logGet(43)) - raft.server.rpc.timeout.min = 5s (custom)
2019-08-29 09:09:04,756 [pool-529-thread-1] INFO  server.RaftServerConfigKeys (ConfUtils.java:logGet(43)) - raft.server.rpc.timeout.max = 5200ms (custom)
2019-08-29 09:09:04,756 [pool-529-thread-1] INFO  server.RaftServerConfigKeys (ConfUtils.java:logGet(43)) - raft.server.rpcslowness.timeout = 120s (custom)
2019-08-29 09:09:04,757 [pool-529-thread-1] INFO  server.RaftServerConfigKeys (ConfUtils.java:logGet(43)) - raft.server.sleep.deviation.threshold = 300 (default)
2019-08-29 09:09:04,757 [pool-529-thread-1] INFO  server.RaftServerConfigKeys (ConfUtils.java:logGet(43)) - raft.server.log.appender.install.snapshot.enabled = false (custom)
2019-08-29 09:09:04,757 [pool-529-thread-1] INFO  impl.RaftServerImpl (ServerState.java:<init>(105)) - 23e9bf69-29f9-4f77-ab56-6ec336a98fa3:group-E329F9E13EA3 ConfigurationManager, init=-1: [23e9bf69-29f9-4f77-ab56-6ec336a98fa3:192.168.69.87:39841], old=null, confs=<EMPTY_MAP>
2019-08-29 09:09:04,757 [pool-529-thread-1] INFO  server.RaftServerConfigKeys (ConfUtils.java:logGet(43)) - raft.server.storage.dir = [/workdir/hadoop-ozone/integration-test/target/test-dir/MiniOzoneClusterImpl-1c352198-1c3a-44ed-b4f2-463a1ec9c860/datanode-3/data/ratis] (custom)
2019-08-29 09:09:04,758 [pool-529-thread-1] INFO  storage.RaftStorageDirectory (RaftStorageDirectory.java:analyzeStorage(246)) - The storage directory /workdir/hadoop-ozone/integration-test/target/test-dir/MiniOzoneClusterImpl-1c352198-1c3a-44ed-b4f2-463a1ec9c860/datanode-3/data/ratis/523f629c-b587-4e22-a01e-e329f9e13ea3 does not exist. Creating ...
2019-08-29 09:09:04,775 [IPC Server handler 3 on 46418] INFO  net.NetworkTopology (NetworkTopologyImpl.java:add(110)) - Added a new node: /default-rack/511321fd-944d-4aec-af04-300872c24c53
2019-08-29 09:09:04,775 [IPC Server handler 3 on 46418] INFO  node.SCMNodeManager (SCMNodeManager.java:register(266)) - Registered Data node : 511321fd-944d-4aec-af04-300872c24c53{ip: 192.168.69.87, host: pr-hdds-1935-5tjgs-3847141534, networkLocation: /default-rack, certSerialId: null}
2019-08-29 09:09:04,775 | INFO  | SCMAudit | user=jenkins1000 | ip=192.168.69.87 | op=REGISTER {datanodeDetails=511321fd-944d-4aec-af04-300872c24c53{ip: 192.168.69.87, host: pr-hdds-1935-5tjgs-3847141534, networkLocation: /default-rack, certSerialId: null}} | ret=SUCCESS |  
2019-08-29 09:09:04,783 [pool-529-thread-1] INFO  storage.RaftStorageDirectory (RaftStorageDirectory.java:tryLock(328)) - Lock on /workdir/hadoop-ozone/integration-test/target/test-dir/MiniOzoneClusterImpl-1c352198-1c3a-44ed-b4f2-463a1ec9c860/datanode-3/data/ratis/523f629c-b587-4e22-a01e-e329f9e13ea3/in_use.lock acquired by nodename 17121@pr-hdds-1935-5tjgs-3847141534
2019-08-29 09:09:04,825 [pool-529-thread-1] INFO  storage.RaftStorage (RaftStorage.java:format(72)) - Storage directory /workdir/hadoop-ozone/integration-test/target/test-dir/MiniOzoneClusterImpl-1c352198-1c3a-44ed-b4f2-463a1ec9c860/datanode-3/data/ratis/523f629c-b587-4e22-a01e-e329f9e13ea3 has been successfully formatted.
2019-08-29 09:09:04,825 [pool-529-thread-1] INFO  ratis.ContainerStateMachine (ContainerStateMachine.java:loadSnapshot(227)) - group-E329F9E13EA3: The snapshot info is null. Setting the last applied indexto:(t:0, i:~)
2019-08-29 09:09:04,825 [pool-529-thread-1] INFO  server.RaftServerConfigKeys (ConfUtils.java:logGet(43)) - raft.server.leader.election.timeout = 120s (custom)
2019-08-29 09:09:04,826 [pool-529-thread-1] INFO  server.RaftServerConfigKeys (ConfUtils.java:logGet(43)) - raft.server.log.use.memory = false (default)
2019-08-29 09:09:04,826 [pool-529-thread-1] INFO  server.RaftServerConfigKeys (ConfUtils.java:logGet(43)) - raft.server.log.purge.gap = 1000000 (custom)
2019-08-29 09:09:04,826 [pool-529-thread-1] INFO  server.RaftServerConfigKeys (ConfUtils.java:logGet(43)) - raft.server.log.appender.buffer.byte-limit = 33554432 (custom)
2019-08-29 09:09:04,826 [pool-529-thread-1] INFO  server.RaftServerConfigKeys (ConfUtils.java:logGet(43)) - raft.server.log.segment.size.max = 1048576 (custom)
2019-08-29 09:09:04,826 [pool-529-thread-1] INFO  server.RaftServerConfigKeys (ConfUtils.java:logGet(43)) - raft.server.log.segment.cache.num.max = 2 (custom)
2019-08-29 09:09:04,826 [pool-529-thread-1] INFO  segmented.SegmentedRaftLogWorker (SegmentedRaftLogWorker.java:<init>(172)) - new 23e9bf69-29f9-4f77-ab56-6ec336a98fa3-SegmentedRaftLogWorker:Storage Directory /workdir/hadoop-ozone/integration-test/target/test-dir/MiniOzoneClusterImpl-1c352198-1c3a-44ed-b4f2-463a1ec9c860/datanode-3/data/ratis/523f629c-b587-4e22-a01e-e329f9e13ea3 for RaftStorage:Storage Directory /workdir/hadoop-ozone/integration-test/target/test-dir/MiniOzoneClusterImpl-1c352198-1c3a-44ed-b4f2-463a1ec9c860/datanode-3/data/ratis/523f629c-b587-4e22-a01e-e329f9e13ea3
2019-08-29 09:09:04,827 [pool-529-thread-1] INFO  server.RaftServerConfigKeys (ConfUtils.java:logGet(43)) - raft.server.log.queue.byte-limit = 2147483647 (custom)
2019-08-29 09:09:04,827 [pool-529-thread-1] INFO  server.RaftServerConfigKeys (ConfUtils.java:logGet(43)) - raft.server.log.queue.element-limit = 1024 (custom)
2019-08-29 09:09:04,827 [pool-529-thread-1] INFO  server.RaftServerConfigKeys (ConfUtils.java:logGet(43)) - raft.server.log.segment.size.max = 1048576 (custom)
2019-08-29 09:09:04,827 [pool-529-thread-1] INFO  server.RaftServerConfigKeys (ConfUtils.java:logGet(43)) - raft.server.log.preallocated.size = 16384 (custom)
2019-08-29 09:09:04,827 [pool-529-thread-1] INFO  server.RaftServerConfigKeys (ConfUtils.java:logGet(43)) - raft.server.log.write.buffer.size = 33554432 (custom)
2019-08-29 09:09:04,827 [pool-529-thread-1] INFO  server.RaftServerConfigKeys (ConfUtils.java:logGet(43)) - raft.server.log.force.sync.num = 128 (default)
2019-08-29 09:09:04,828 [pool-529-thread-1] INFO  server.RaftServerConfigKeys (ConfUtils.java:logGet(43)) - raft.server.log.statemachine.data.sync = true (default)
2019-08-29 09:09:04,828 [pool-529-thread-1] INFO  server.RaftServerConfigKeys (ConfUtils.java:logGet(43)) - raft.server.log.statemachine.data.sync.timeout = 10s (default)
2019-08-29 09:09:04,828 [pool-529-thread-1] INFO  server.RaftServerConfigKeys (ConfUtils.java:logGet(43)) - raft.server.log.statemachine.data.sync.timeout.retry = -1 (default)
2019-08-29 09:09:04,828 [pool-529-thread-1] INFO  server.RaftServerConfigKeys (ConfUtils.java:logGet(43)) - raft.server.log.statemachine.data.caching.enabled = true (custom)
2019-08-29 09:09:04,828 [pool-529-thread-1] INFO  segmented.SegmentedRaftLogWorker (SegmentedRaftLogWorker.java:lambda$new$0(132)) - 23e9bf69-29f9-4f77-ab56-6ec336a98fa3-SegmentedRaftLogWorker:Storage Directory /workdir/hadoop-ozone/integration-test/target/test-dir/MiniOzoneClusterImpl-1c352198-1c3a-44ed-b4f2-463a1ec9c860/datanode-3/data/ratis/523f629c-b587-4e22-a01e-e329f9e13ea3: flushIndex: setUnconditionally 0 -> -1
2019-08-29 09:09:04,829 [pool-529-thread-1] INFO  server.RaftServerConfigKeys (ConfUtils.java:logGet(43)) - raft.server.snapshot.auto.trigger.enabled = true (custom)
2019-08-29 09:09:04,829 [pool-529-thread-1] INFO  server.RaftServerConfigKeys (ConfUtils.java:logGet(43)) - raft.server.snapshot.auto.trigger.threshold = 10000 (custom)
2019-08-29 09:09:04,829 [pool-529-thread-1] INFO  server.RaftServerConfigKeys (ConfUtils.java:logGet(43)) - raft.server.retrycache.expirytime = 600000ms (custom)
2019-08-29 09:09:04,829 [pool-529-thread-1] INFO  impl.RaftServerImpl (RaftServerImpl.java:start(180)) - 23e9bf69-29f9-4f77-ab56-6ec336a98fa3: start group-E329F9E13EA3
2019-08-29 09:09:04,829 [pool-529-thread-1] INFO  impl.RaftServerImpl (RaftServerImpl.java:setRole(171)) - 23e9bf69-29f9-4f77-ab56-6ec336a98fa3:group-E329F9E13EA3 changes role from null to FOLLOWER at term 0 for startAsFollower
2019-08-29 09:09:04,830 [pool-529-thread-1] INFO  impl.RoleInfo (RoleInfo.java:updateAndGet(143)) - 23e9bf69-29f9-4f77-ab56-6ec336a98fa3: start FollowerState
2019-08-29 09:09:04,830 [pool-529-thread-1] INFO  util.JmxRegister (JmxRegister.java:tryRegister(44)) - Successfully registered JMX Bean with object name Ratis:service=RaftServer,group=group-E329F9E13EA3,id=23e9bf69-29f9-4f77-ab56-6ec336a98fa3
2019-08-29 09:09:04,833 [RatisPipelineUtilsThread] INFO  pipeline.PipelineStateManager (PipelineStateManager.java:addPipeline(56)) - Created pipeline Pipeline[ Id: 523f629c-b587-4e22-a01e-e329f9e13ea3, Nodes: 23e9bf69-29f9-4f77-ab56-6ec336a98fa3{ip: 192.168.69.87, host: pr-hdds-1935-5tjgs-3847141534, networkLocation: /default-rack, certSerialId: null}, Type:RATIS, Factor:ONE, State:OPEN]
2019-08-29 09:09:04,834 [IPC Server handler 5 on 46418] INFO  net.NetworkTopology (NetworkTopologyImpl.java:add(110)) - Added a new node: /default-rack/fb5607f7-201e-4e71-bf0f-86f0d27d217c
2019-08-29 09:09:04,834 [IPC Server handler 5 on 46418] INFO  node.SCMNodeManager (SCMNodeManager.java:register(266)) - Registered Data node : fb5607f7-201e-4e71-bf0f-86f0d27d217c{ip: 192.168.69.87, host: pr-hdds-1935-5tjgs-3847141534, networkLocation: /default-rack, certSerialId: null}
2019-08-29 09:09:04,834 | INFO  | SCMAudit | user=jenkins1000 | ip=192.168.69.87 | op=REGISTER {datanodeDetails=fb5607f7-201e-4e71-bf0f-86f0d27d217c{ip: 192.168.69.87, host: pr-hdds-1935-5tjgs-3847141534, networkLocation: /default-rack, certSerialId: null}} | ret=SUCCESS |  
2019-08-29 09:09:04,848 [grpc-default-executor-8] INFO  impl.RaftServerProxy (RaftServerProxy.java:addNew(89)) - 511321fd-944d-4aec-af04-300872c24c53: addNew group-FC09D47DF90E:[511321fd-944d-4aec-af04-300872c24c53:192.168.69.87:34888] returns group-FC09D47DF90E:java.util.concurrent.CompletableFuture@4f587c53[Not completed]
2019-08-29 09:09:04,849 [pool-539-thread-1] INFO  impl.RaftServerImpl (RaftServerImpl.java:<init>(93)) - 511321fd-944d-4aec-af04-300872c24c53: new RaftServerImpl for group-FC09D47DF90E:[511321fd-944d-4aec-af04-300872c24c53:192.168.69.87:34888] with ContainerStateMachine:uninitialized
2019-08-29 09:09:04,849 [pool-539-thread-1] INFO  server.RaftServerConfigKeys (ConfUtils.java:logGet(43)) - raft.server.rpc.timeout.min = 5s (custom)
2019-08-29 09:09:04,849 [pool-539-thread-1] INFO  server.RaftServerConfigKeys (ConfUtils.java:logGet(43)) - raft.server.rpc.timeout.max = 5200ms (custom)
2019-08-29 09:09:04,849 [pool-539-thread-1] INFO  server.RaftServerConfigKeys (ConfUtils.java:logGet(43)) - raft.server.rpcslowness.timeout = 120s (custom)
2019-08-29 09:09:04,849 [pool-539-thread-1] INFO  server.RaftServerConfigKeys (ConfUtils.java:logGet(43)) - raft.server.sleep.deviation.threshold = 300 (default)
2019-08-29 09:09:04,849 [pool-539-thread-1] INFO  server.RaftServerConfigKeys (ConfUtils.java:logGet(43)) - raft.server.log.appender.install.snapshot.enabled = false (custom)
2019-08-29 09:09:04,849 [pool-539-thread-1] INFO  impl.RaftServerImpl (ServerState.java:<init>(105)) - 511321fd-944d-4aec-af04-300872c24c53:group-FC09D47DF90E ConfigurationManager, init=-1: [511321fd-944d-4aec-af04-300872c24c53:192.168.69.87:34888], old=null, confs=<EMPTY_MAP>
2019-08-29 09:09:04,850 [pool-539-thread-1] INFO  server.RaftServerConfigKeys (ConfUtils.java:logGet(43)) - raft.server.storage.dir = [/workdir/hadoop-ozone/integration-test/target/test-dir/MiniOzoneClusterImpl-1c352198-1c3a-44ed-b4f2-463a1ec9c860/datanode-4/data/ratis] (custom)
2019-08-29 09:09:04,850 [pool-539-thread-1] INFO  storage.RaftStorageDirectory (RaftStorageDirectory.java:analyzeStorage(246)) - The storage directory /workdir/hadoop-ozone/integration-test/target/test-dir/MiniOzoneClusterImpl-1c352198-1c3a-44ed-b4f2-463a1ec9c860/datanode-4/data/ratis/522d92fe-e7d6-42e3-b4a7-fc09d47df90e does not exist. Creating ...
2019-08-29 09:09:04,884 [pool-539-thread-1] INFO  storage.RaftStorageDirectory (RaftStorageDirectory.java:tryLock(328)) - Lock on /workdir/hadoop-ozone/integration-test/target/test-dir/MiniOzoneClusterImpl-1c352198-1c3a-44ed-b4f2-463a1ec9c860/datanode-4/data/ratis/522d92fe-e7d6-42e3-b4a7-fc09d47df90e/in_use.lock acquired by nodename 17121@pr-hdds-1935-5tjgs-3847141534
2019-08-29 09:09:04,894 [IPC Server handler 6 on 46418] INFO  net.NetworkTopology (NetworkTopologyImpl.java:add(110)) - Added a new node: /default-rack/e43a4404-c45a-4334-ab7d-c37c6cf2c676
2019-08-29 09:09:04,894 [main] INFO  ozone.MiniOzoneClusterImpl (MiniOzoneClusterImpl.java:lambda$waitForClusterToBeReady$0(140)) - Cluster is ready. Got 7 of 7 DN Heartbeats.
2019-08-29 09:09:04,894 [IPC Server handler 6 on 46418] INFO  node.SCMNodeManager (SCMNodeManager.java:register(266)) - Registered Data node : e43a4404-c45a-4334-ab7d-c37c6cf2c676{ip: 192.168.69.87, host: pr-hdds-1935-5tjgs-3847141534, networkLocation: /default-rack, certSerialId: null}
2019-08-29 09:09:04,895 | INFO  | SCMAudit | user=jenkins1000 | ip=192.168.69.87 | op=REGISTER {datanodeDetails=e43a4404-c45a-4334-ab7d-c37c6cf2c676{ip: 192.168.69.87, host: pr-hdds-1935-5tjgs-3847141534, networkLocation: /default-rack, certSerialId: null}} | ret=SUCCESS |  
2019-08-29 09:09:04,912 [pool-539-thread-1] INFO  storage.RaftStorage (RaftStorage.java:format(72)) - Storage directory /workdir/hadoop-ozone/integration-test/target/test-dir/MiniOzoneClusterImpl-1c352198-1c3a-44ed-b4f2-463a1ec9c860/datanode-4/data/ratis/522d92fe-e7d6-42e3-b4a7-fc09d47df90e has been successfully formatted.
2019-08-29 09:09:04,919 [pool-539-thread-1] INFO  ratis.ContainerStateMachine (ContainerStateMachine.java:loadSnapshot(227)) - group-FC09D47DF90E: The snapshot info is null. Setting the last applied indexto:(t:0, i:~)
2019-08-29 09:09:04,919 [pool-539-thread-1] INFO  server.RaftServerConfigKeys (ConfUtils.java:logGet(43)) - raft.server.leader.election.timeout = 120s (custom)
2019-08-29 09:09:04,919 [pool-539-thread-1] INFO  server.RaftServerConfigKeys (ConfUtils.java:logGet(43)) - raft.server.log.use.memory = false (default)
2019-08-29 09:09:04,919 [pool-539-thread-1] INFO  server.RaftServerConfigKeys (ConfUtils.java:logGet(43)) - raft.server.log.purge.gap = 1000000 (custom)
2019-08-29 09:09:04,919 [pool-539-thread-1] INFO  server.RaftServerConfigKeys (ConfUtils.java:logGet(43)) - raft.server.log.appender.buffer.byte-limit = 33554432 (custom)
2019-08-29 09:09:04,919 [pool-539-thread-1] INFO  server.RaftServerConfigKeys (ConfUtils.java:logGet(43)) - raft.server.log.segment.size.max = 1048576 (custom)
2019-08-29 09:09:04,919 [pool-539-thread-1] INFO  server.RaftServerConfigKeys (ConfUtils.java:logGet(43)) - raft.server.log.segment.cache.num.max = 2 (custom)
2019-08-29 09:09:04,920 [pool-539-thread-1] INFO  segmented.SegmentedRaftLogWorker (SegmentedRaftLogWorker.java:<init>(172)) - new 511321fd-944d-4aec-af04-300872c24c53-SegmentedRaftLogWorker:Storage Directory /workdir/hadoop-ozone/integration-test/target/test-dir/MiniOzoneClusterImpl-1c352198-1c3a-44ed-b4f2-463a1ec9c860/datanode-4/data/ratis/522d92fe-e7d6-42e3-b4a7-fc09d47df90e for RaftStorage:Storage Directory /workdir/hadoop-ozone/integration-test/target/test-dir/MiniOzoneClusterImpl-1c352198-1c3a-44ed-b4f2-463a1ec9c860/datanode-4/data/ratis/522d92fe-e7d6-42e3-b4a7-fc09d47df90e
2019-08-29 09:09:04,920 [pool-539-thread-1] INFO  server.RaftServerConfigKeys (ConfUtils.java:logGet(43)) - raft.server.log.queue.byte-limit = 2147483647 (custom)
2019-08-29 09:09:04,920 [pool-539-thread-1] INFO  server.RaftServerConfigKeys (ConfUtils.java:logGet(43)) - raft.server.log.queue.element-limit = 1024 (custom)
2019-08-29 09:09:04,920 [pool-539-thread-1] INFO  server.RaftServerConfigKeys (ConfUtils.java:logGet(43)) - raft.server.log.segment.size.max = 1048576 (custom)
2019-08-29 09:09:04,920 [pool-539-thread-1] INFO  server.RaftServerConfigKeys (ConfUtils.java:logGet(43)) - raft.server.log.preallocated.size = 16384 (custom)
2019-08-29 09:09:04,920 [pool-539-thread-1] INFO  server.RaftServerConfigKeys (ConfUtils.java:logGet(43)) - raft.server.log.write.buffer.size = 33554432 (custom)
2019-08-29 09:09:04,920 [pool-539-thread-1] INFO  server.RaftServerConfigKeys (ConfUtils.java:logGet(43)) - raft.server.log.force.sync.num = 128 (default)
2019-08-29 09:09:04,920 [pool-539-thread-1] INFO  server.RaftServerConfigKeys (ConfUtils.java:logGet(43)) - raft.server.log.statemachine.data.sync = true (default)
2019-08-29 09:09:04,921 [pool-539-thread-1] INFO  server.RaftServerConfigKeys (ConfUtils.java:logGet(43)) - raft.server.log.statemachine.data.sync.timeout = 10s (default)
2019-08-29 09:09:04,921 [pool-539-thread-1] INFO  server.RaftServerConfigKeys (ConfUtils.java:logGet(43)) - raft.server.log.statemachine.data.sync.timeout.retry = -1 (default)
2019-08-29 09:09:04,921 [pool-539-thread-1] INFO  server.RaftServerConfigKeys (ConfUtils.java:logGet(43)) - raft.server.log.statemachine.data.caching.enabled = true (custom)
2019-08-29 09:09:04,921 [pool-539-thread-1] INFO  segmented.SegmentedRaftLogWorker (SegmentedRaftLogWorker.java:lambda$new$0(132)) - 511321fd-944d-4aec-af04-300872c24c53-SegmentedRaftLogWorker:Storage Directory /workdir/hadoop-ozone/integration-test/target/test-dir/MiniOzoneClusterImpl-1c352198-1c3a-44ed-b4f2-463a1ec9c860/datanode-4/data/ratis/522d92fe-e7d6-42e3-b4a7-fc09d47df90e: flushIndex: setUnconditionally 0 -> -1
2019-08-29 09:09:04,921 [pool-539-thread-1] INFO  server.RaftServerConfigKeys (ConfUtils.java:logGet(43)) - raft.server.snapshot.auto.trigger.enabled = true (custom)
2019-08-29 09:09:04,921 [main] INFO  rpc.RpcClient (RpcClient.java:createVolume(293)) - Creating Volume: testblockoutputstream, with jenkins1000 as owner.
2019-08-29 09:09:04,922 [pool-539-thread-1] INFO  server.RaftServerConfigKeys (ConfUtils.java:logGet(43)) - raft.server.snapshot.auto.trigger.threshold = 10000 (custom)
2019-08-29 09:09:04,922 [pool-539-thread-1] INFO  server.RaftServerConfigKeys (ConfUtils.java:logGet(43)) - raft.server.retrycache.expirytime = 600000ms (custom)
2019-08-29 09:09:04,922 [pool-539-thread-1] INFO  impl.RaftServerImpl (RaftServerImpl.java:start(180)) - 511321fd-944d-4aec-af04-300872c24c53: start group-FC09D47DF90E
2019-08-29 09:09:04,922 [pool-539-thread-1] INFO  impl.RaftServerImpl (RaftServerImpl.java:setRole(171)) - 511321fd-944d-4aec-af04-300872c24c53:group-FC09D47DF90E changes role from null to FOLLOWER at term 0 for startAsFollower
2019-08-29 09:09:04,922 [pool-539-thread-1] INFO  impl.RoleInfo (RoleInfo.java:updateAndGet(143)) - 511321fd-944d-4aec-af04-300872c24c53: start FollowerState
2019-08-29 09:09:04,923 [pool-539-thread-1] INFO  util.JmxRegister (JmxRegister.java:tryRegister(44)) - Successfully registered JMX Bean with object name Ratis:service=RaftServer,group=group-FC09D47DF90E,id=511321fd-944d-4aec-af04-300872c24c53
2019-08-29 09:09:04,925 [RatisPipelineUtilsThread] INFO  pipeline.PipelineStateManager (PipelineStateManager.java:addPipeline(56)) - Created pipeline Pipeline[ Id: 522d92fe-e7d6-42e3-b4a7-fc09d47df90e, Nodes: 511321fd-944d-4aec-af04-300872c24c53{ip: 192.168.69.87, host: pr-hdds-1935-5tjgs-3847141534, networkLocation: /default-rack, certSerialId: null}, Type:RATIS, Factor:ONE, State:OPEN]
2019-08-29 09:09:04,929 [grpc-default-executor-8] INFO  impl.RaftServerProxy (RaftServerProxy.java:addNew(89)) - fb5607f7-201e-4e71-bf0f-86f0d27d217c: addNew group-D58831619217:[fb5607f7-201e-4e71-bf0f-86f0d27d217c:192.168.69.87:41583] returns group-D58831619217:java.util.concurrent.CompletableFuture@2b86adc0[Not completed]
2019-08-29 09:09:04,930 [pool-549-thread-1] INFO  impl.RaftServerImpl (RaftServerImpl.java:<init>(93)) - fb5607f7-201e-4e71-bf0f-86f0d27d217c: new RaftServerImpl for group-D58831619217:[fb5607f7-201e-4e71-bf0f-86f0d27d217c:192.168.69.87:41583] with ContainerStateMachine:uninitialized
2019-08-29 09:09:04,930 [pool-549-thread-1] INFO  server.RaftServerConfigKeys (ConfUtils.java:logGet(43)) - raft.server.rpc.timeout.min = 5s (custom)
2019-08-29 09:09:04,930 [pool-549-thread-1] INFO  server.RaftServerConfigKeys (ConfUtils.java:logGet(43)) - raft.server.rpc.timeout.max = 5200ms (custom)
2019-08-29 09:09:04,930 [pool-549-thread-1] INFO  server.RaftServerConfigKeys (ConfUtils.java:logGet(43)) - raft.server.rpcslowness.timeout = 120s (custom)
2019-08-29 09:09:04,930 [pool-549-thread-1] INFO  server.RaftServerConfigKeys (ConfUtils.java:logGet(43)) - raft.server.sleep.deviation.threshold = 300 (default)
2019-08-29 09:09:04,930 [pool-549-thread-1] INFO  server.RaftServerConfigKeys (ConfUtils.java:logGet(43)) - raft.server.log.appender.install.snapshot.enabled = false (custom)
2019-08-29 09:09:04,931 [pool-549-thread-1] INFO  impl.RaftServerImpl (ServerState.java:<init>(105)) - fb5607f7-201e-4e71-bf0f-86f0d27d217c:group-D58831619217 ConfigurationManager, init=-1: [fb5607f7-201e-4e71-bf0f-86f0d27d217c:192.168.69.87:41583], old=null, confs=<EMPTY_MAP>
2019-08-29 09:09:04,931 [pool-549-thread-1] INFO  server.RaftServerConfigKeys (ConfUtils.java:logGet(43)) - raft.server.storage.dir = [/workdir/hadoop-ozone/integration-test/target/test-dir/MiniOzoneClusterImpl-1c352198-1c3a-44ed-b4f2-463a1ec9c860/datanode-5/data/ratis] (custom)
2019-08-29 09:09:04,931 [pool-549-thread-1] INFO  storage.RaftStorageDirectory (RaftStorageDirectory.java:analyzeStorage(246)) - The storage directory /workdir/hadoop-ozone/integration-test/target/test-dir/MiniOzoneClusterImpl-1c352198-1c3a-44ed-b4f2-463a1ec9c860/datanode-5/data/ratis/d21e80b0-21b2-4297-84d6-d58831619217 does not exist. Creating ...
2019-08-29 09:09:05,002 | INFO  | OMAudit | user=jenkins1000 | ip=127.0.0.1 | op=CREATE_VOLUME {admin=jenkins1000, owner=jenkins1000, volume=testblockoutputstream, creationTime=1567069744923, quotaInBytes=1152921504606846976} | ret=SUCCESS |  
2019-08-29 09:09:05,011 [pool-549-thread-1] INFO  storage.RaftStorageDirectory (RaftStorageDirectory.java:tryLock(328)) - Lock on /workdir/hadoop-ozone/integration-test/target/test-dir/MiniOzoneClusterImpl-1c352198-1c3a-44ed-b4f2-463a1ec9c860/datanode-5/data/ratis/d21e80b0-21b2-4297-84d6-d58831619217/in_use.lock acquired by nodename 17121@pr-hdds-1935-5tjgs-3847141534
2019-08-29 09:09:05,015 | INFO  | OMAudit | user=jenkins1000 | ip=127.0.0.1 | op=READ_VOLUME {volume=testblockoutputstream} | ret=SUCCESS |  
2019-08-29 09:09:05,016 [main] INFO  rpc.RpcClient (RpcClient.java:createBucket(432)) - Creating Bucket: testblockoutputstream/testblockoutputstream, with Versioning false and Storage Type set to DISK and Encryption set to false 
2019-08-29 09:09:05,020 | INFO  | OMAudit | user=jenkins1000 | ip=127.0.0.1 | op=CREATE_BUCKET {volume=testblockoutputstream, bucket=testblockoutputstream, acls=[user:jenkins1000:a[ACCESS], group:default:a[ACCESS]], isVersionEnabled=false, storageType=DISK, creationTime=0} | ret=SUCCESS |  
2019-08-29 09:09:05,022 | INFO  | OMAudit | user=jenkins1000 | ip=127.0.0.1 | op=READ_VOLUME {volume=testblockoutputstream} | ret=SUCCESS |  
2019-08-29 09:09:05,024 | INFO  | OMAudit | user=jenkins1000 | ip=127.0.0.1 | op=READ_BUCKET {volume=testblockoutputstream, bucket=testblockoutputstream} | ret=SUCCESS |  
2019-08-29 09:09:05,036 [pool-549-thread-1] INFO  storage.RaftStorage (RaftStorage.java:format(72)) - Storage directory /workdir/hadoop-ozone/integration-test/target/test-dir/MiniOzoneClusterImpl-1c352198-1c3a-44ed-b4f2-463a1ec9c860/datanode-5/data/ratis/d21e80b0-21b2-4297-84d6-d58831619217 has been successfully formatted.
2019-08-29 09:09:05,036 [pool-549-thread-1] INFO  ratis.ContainerStateMachine (ContainerStateMachine.java:loadSnapshot(227)) - group-D58831619217: The snapshot info is null. Setting the last applied indexto:(t:0, i:~)
2019-08-29 09:09:05,036 [pool-549-thread-1] INFO  server.RaftServerConfigKeys (ConfUtils.java:logGet(43)) - raft.server.leader.election.timeout = 120s (custom)
2019-08-29 09:09:05,036 [pool-549-thread-1] INFO  server.RaftServerConfigKeys (ConfUtils.java:logGet(43)) - raft.server.log.use.memory = false (default)
2019-08-29 09:09:05,037 [pool-549-thread-1] INFO  server.RaftServerConfigKeys (ConfUtils.java:logGet(43)) - raft.server.log.purge.gap = 1000000 (custom)
2019-08-29 09:09:05,037 [pool-549-thread-1] INFO  server.RaftServerConfigKeys (ConfUtils.java:logGet(43)) - raft.server.log.appender.buffer.byte-limit = 33554432 (custom)
2019-08-29 09:09:05,037 [pool-549-thread-1] INFO  server.RaftServerConfigKeys (ConfUtils.java:logGet(43)) - raft.server.log.segment.size.max = 1048576 (custom)
2019-08-29 09:09:05,037 [pool-549-thread-1] INFO  server.RaftServerConfigKeys (ConfUtils.java:logGet(43)) - raft.server.log.segment.cache.num.max = 2 (custom)
2019-08-29 09:09:05,037 [pool-549-thread-1] INFO  segmented.SegmentedRaftLogWorker (SegmentedRaftLogWorker.java:<init>(172)) - new fb5607f7-201e-4e71-bf0f-86f0d27d217c-SegmentedRaftLogWorker:Storage Directory /workdir/hadoop-ozone/integration-test/target/test-dir/MiniOzoneClusterImpl-1c352198-1c3a-44ed-b4f2-463a1ec9c860/datanode-5/data/ratis/d21e80b0-21b2-4297-84d6-d58831619217 for RaftStorage:Storage Directory /workdir/hadoop-ozone/integration-test/target/test-dir/MiniOzoneClusterImpl-1c352198-1c3a-44ed-b4f2-463a1ec9c860/datanode-5/data/ratis/d21e80b0-21b2-4297-84d6-d58831619217
2019-08-29 09:09:05,037 [pool-549-thread-1] INFO  server.RaftServerConfigKeys (ConfUtils.java:logGet(43)) - raft.server.log.queue.byte-limit = 2147483647 (custom)
2019-08-29 09:09:05,038 [pool-549-thread-1] INFO  server.RaftServerConfigKeys (ConfUtils.java:logGet(43)) - raft.server.log.queue.element-limit = 1024 (custom)
2019-08-29 09:09:05,038 [pool-549-thread-1] INFO  server.RaftServerConfigKeys (ConfUtils.java:logGet(43)) - raft.server.log.segment.size.max = 1048576 (custom)
2019-08-29 09:09:05,038 [pool-549-thread-1] INFO  server.RaftServerConfigKeys (ConfUtils.java:logGet(43)) - raft.server.log.preallocated.size = 16384 (custom)
2019-08-29 09:09:05,038 [pool-549-thread-1] INFO  server.RaftServerConfigKeys (ConfUtils.java:logGet(43)) - raft.server.log.write.buffer.size = 33554432 (custom)
2019-08-29 09:09:05,038 [pool-549-thread-1] INFO  server.RaftServerConfigKeys (ConfUtils.java:logGet(43)) - raft.server.log.force.sync.num = 128 (default)
2019-08-29 09:09:05,038 [pool-549-thread-1] INFO  server.RaftServerConfigKeys (ConfUtils.java:logGet(43)) - raft.server.log.statemachine.data.sync = true (default)
2019-08-29 09:09:05,039 [pool-549-thread-1] INFO  server.RaftServerConfigKeys (ConfUtils.java:logGet(43)) - raft.server.log.statemachine.data.sync.timeout = 10s (default)
2019-08-29 09:09:05,039 [pool-549-thread-1] INFO  server.RaftServerConfigKeys (ConfUtils.java:logGet(43)) - raft.server.log.statemachine.data.sync.timeout.retry = -1 (default)
2019-08-29 09:09:05,039 [pool-549-thread-1] INFO  server.RaftServerConfigKeys (ConfUtils.java:logGet(43)) - raft.server.log.statemachine.data.caching.enabled = true (custom)
2019-08-29 09:09:05,039 [pool-549-thread-1] INFO  segmented.SegmentedRaftLogWorker (SegmentedRaftLogWorker.java:lambda$new$0(132)) - fb5607f7-201e-4e71-bf0f-86f0d27d217c-SegmentedRaftLogWorker:Storage Directory /workdir/hadoop-ozone/integration-test/target/test-dir/MiniOzoneClusterImpl-1c352198-1c3a-44ed-b4f2-463a1ec9c860/datanode-5/data/ratis/d21e80b0-21b2-4297-84d6-d58831619217: flushIndex: setUnconditionally 0 -> -1
2019-08-29 09:09:05,040 [pool-549-thread-1] INFO  server.RaftServerConfigKeys (ConfUtils.java:logGet(43)) - raft.server.snapshot.auto.trigger.enabled = true (custom)
2019-08-29 09:09:05,040 [pool-549-thread-1] INFO  server.RaftServerConfigKeys (ConfUtils.java:logGet(43)) - raft.server.snapshot.auto.trigger.threshold = 10000 (custom)
2019-08-29 09:09:05,040 [pool-549-thread-1] INFO  server.RaftServerConfigKeys (ConfUtils.java:logGet(43)) - raft.server.retrycache.expirytime = 600000ms (custom)
2019-08-29 09:09:05,040 [pool-549-thread-1] INFO  impl.RaftServerImpl (RaftServerImpl.java:start(180)) - fb5607f7-201e-4e71-bf0f-86f0d27d217c: start group-D58831619217
2019-08-29 09:09:05,041 [pool-549-thread-1] INFO  impl.RaftServerImpl (RaftServerImpl.java:setRole(171)) - fb5607f7-201e-4e71-bf0f-86f0d27d217c:group-D58831619217 changes role from null to FOLLOWER at term 0 for startAsFollower
2019-08-29 09:09:05,041 [pool-549-thread-1] INFO  impl.RoleInfo (RoleInfo.java:updateAndGet(143)) - fb5607f7-201e-4e71-bf0f-86f0d27d217c: start FollowerState
2019-08-29 09:09:05,041 [pool-549-thread-1] INFO  util.JmxRegister (JmxRegister.java:tryRegister(44)) - Successfully registered JMX Bean with object name Ratis:service=RaftServer,group=group-D58831619217,id=fb5607f7-201e-4e71-bf0f-86f0d27d217c
2019-08-29 09:09:05,044 [RatisPipelineUtilsThread] INFO  pipeline.PipelineStateManager (PipelineStateManager.java:addPipeline(56)) - Created pipeline Pipeline[ Id: d21e80b0-21b2-4297-84d6-d58831619217, Nodes: fb5607f7-201e-4e71-bf0f-86f0d27d217c{ip: 192.168.69.87, host: pr-hdds-1935-5tjgs-3847141534, networkLocation: /default-rack, certSerialId: null}, Type:RATIS, Factor:ONE, State:OPEN]
2019-08-29 09:09:05,051 [grpc-default-executor-8] INFO  impl.RaftServerProxy (RaftServerProxy.java:addNew(89)) - e43a4404-c45a-4334-ab7d-c37c6cf2c676: addNew group-2C7D1085A68A:[e43a4404-c45a-4334-ab7d-c37c6cf2c676:192.168.69.87:36119] returns group-2C7D1085A68A:java.util.concurrent.CompletableFuture@4e0004ec[Not completed]
2019-08-29 09:09:05,052 [pool-559-thread-1] INFO  impl.RaftServerImpl (RaftServerImpl.java:<init>(93)) - e43a4404-c45a-4334-ab7d-c37c6cf2c676: new RaftServerImpl for group-2C7D1085A68A:[e43a4404-c45a-4334-ab7d-c37c6cf2c676:192.168.69.87:36119] with ContainerStateMachine:uninitialized
2019-08-29 09:09:05,052 [pool-559-thread-1] INFO  server.RaftServerConfigKeys (ConfUtils.java:logGet(43)) - raft.server.rpc.timeout.min = 5s (custom)
2019-08-29 09:09:05,052 [pool-559-thread-1] INFO  server.RaftServerConfigKeys (ConfUtils.java:logGet(43)) - raft.server.rpc.timeout.max = 5200ms (custom)
2019-08-29 09:09:05,052 [pool-559-thread-1] INFO  server.RaftServerConfigKeys (ConfUtils.java:logGet(43)) - raft.server.rpcslowness.timeout = 120s (custom)
2019-08-29 09:09:05,052 [pool-559-thread-1] INFO  server.RaftServerConfigKeys (ConfUtils.java:logGet(43)) - raft.server.sleep.deviation.threshold = 300 (default)
2019-08-29 09:09:05,052 [pool-559-thread-1] INFO  server.RaftServerConfigKeys (ConfUtils.java:logGet(43)) - raft.server.log.appender.install.snapshot.enabled = false (custom)
2019-08-29 09:09:05,053 [pool-559-thread-1] INFO  impl.RaftServerImpl (ServerState.java:<init>(105)) - e43a4404-c45a-4334-ab7d-c37c6cf2c676:group-2C7D1085A68A ConfigurationManager, init=-1: [e43a4404-c45a-4334-ab7d-c37c6cf2c676:192.168.69.87:36119], old=null, confs=<EMPTY_MAP>
2019-08-29 09:09:05,053 [pool-559-thread-1] INFO  server.RaftServerConfigKeys (ConfUtils.java:logGet(43)) - raft.server.storage.dir = [/workdir/hadoop-ozone/integration-test/target/test-dir/MiniOzoneClusterImpl-1c352198-1c3a-44ed-b4f2-463a1ec9c860/datanode-6/data/ratis] (custom)
2019-08-29 09:09:05,053 [pool-559-thread-1] INFO  storage.RaftStorageDirectory (RaftStorageDirectory.java:analyzeStorage(246)) - The storage directory /workdir/hadoop-ozone/integration-test/target/test-dir/MiniOzoneClusterImpl-1c352198-1c3a-44ed-b4f2-463a1ec9c860/datanode-6/data/ratis/18abddaf-63e5-4f51-a44d-2c7d1085a68a does not exist. Creating ...
2019-08-29 09:09:05,069 [pool-559-thread-1] INFO  storage.RaftStorageDirectory (RaftStorageDirectory.java:tryLock(328)) - Lock on /workdir/hadoop-ozone/integration-test/target/test-dir/MiniOzoneClusterImpl-1c352198-1c3a-44ed-b4f2-463a1ec9c860/datanode-6/data/ratis/18abddaf-63e5-4f51-a44d-2c7d1085a68a/in_use.lock acquired by nodename 17121@pr-hdds-1935-5tjgs-3847141534
2019-08-29 09:09:05,087 [pool-559-thread-1] INFO  storage.RaftStorage (RaftStorage.java:format(72)) - Storage directory /workdir/hadoop-ozone/integration-test/target/test-dir/MiniOzoneClusterImpl-1c352198-1c3a-44ed-b4f2-463a1ec9c860/datanode-6/data/ratis/18abddaf-63e5-4f51-a44d-2c7d1085a68a has been successfully formatted.
2019-08-29 09:09:05,087 [pool-559-thread-1] INFO  ratis.ContainerStateMachine (ContainerStateMachine.java:loadSnapshot(227)) - group-2C7D1085A68A: The snapshot info is null. Setting the last applied indexto:(t:0, i:~)
2019-08-29 09:09:05,087 [pool-559-thread-1] INFO  server.RaftServerConfigKeys (ConfUtils.java:logGet(43)) - raft.server.leader.election.timeout = 120s (custom)
2019-08-29 09:09:05,087 [pool-559-thread-1] INFO  server.RaftServerConfigKeys (ConfUtils.java:logGet(43)) - raft.server.log.use.memory = false (default)
2019-08-29 09:09:05,087 [pool-559-thread-1] INFO  server.RaftServerConfigKeys (ConfUtils.java:logGet(43)) - raft.server.log.purge.gap = 1000000 (custom)
2019-08-29 09:09:05,087 [pool-559-thread-1] INFO  server.RaftServerConfigKeys (ConfUtils.java:logGet(43)) - raft.server.log.appender.buffer.byte-limit = 33554432 (custom)
2019-08-29 09:09:05,087 [pool-559-thread-1] INFO  server.RaftServerConfigKeys (ConfUtils.java:logGet(43)) - raft.server.log.segment.size.max = 1048576 (custom)
2019-08-29 09:09:05,087 [pool-559-thread-1] INFO  server.RaftServerConfigKeys (ConfUtils.java:logGet(43)) - raft.server.log.segment.cache.num.max = 2 (custom)
2019-08-29 09:09:05,088 [pool-559-thread-1] INFO  segmented.SegmentedRaftLogWorker (SegmentedRaftLogWorker.java:<init>(172)) - new e43a4404-c45a-4334-ab7d-c37c6cf2c676-SegmentedRaftLogWorker:Storage Directory /workdir/hadoop-ozone/integration-test/target/test-dir/MiniOzoneClusterImpl-1c352198-1c3a-44ed-b4f2-463a1ec9c860/datanode-6/data/ratis/18abddaf-63e5-4f51-a44d-2c7d1085a68a for RaftStorage:Storage Directory /workdir/hadoop-ozone/integration-test/target/test-dir/MiniOzoneClusterImpl-1c352198-1c3a-44ed-b4f2-463a1ec9c860/datanode-6/data/ratis/18abddaf-63e5-4f51-a44d-2c7d1085a68a
2019-08-29 09:09:05,088 [pool-559-thread-1] INFO  server.RaftServerConfigKeys (ConfUtils.java:logGet(43)) - raft.server.log.queue.byte-limit = 2147483647 (custom)
2019-08-29 09:09:05,088 [pool-559-thread-1] INFO  server.RaftServerConfigKeys (ConfUtils.java:logGet(43)) - raft.server.log.queue.element-limit = 1024 (custom)
2019-08-29 09:09:05,088 [pool-559-thread-1] INFO  server.RaftServerConfigKeys (ConfUtils.java:logGet(43)) - raft.server.log.segment.size.max = 1048576 (custom)
2019-08-29 09:09:05,088 [pool-559-thread-1] INFO  server.RaftServerConfigKeys (ConfUtils.java:logGet(43)) - raft.server.log.preallocated.size = 16384 (custom)
2019-08-29 09:09:05,088 [pool-559-thread-1] INFO  server.RaftServerConfigKeys (ConfUtils.java:logGet(43)) - raft.server.log.write.buffer.size = 33554432 (custom)
2019-08-29 09:09:05,088 [pool-559-thread-1] INFO  server.RaftServerConfigKeys (ConfUtils.java:logGet(43)) - raft.server.log.force.sync.num = 128 (default)
2019-08-29 09:09:05,088 [pool-559-thread-1] INFO  server.RaftServerConfigKeys (ConfUtils.java:logGet(43)) - raft.server.log.statemachine.data.sync = true (default)
2019-08-29 09:09:05,089 [pool-559-thread-1] INFO  server.RaftServerConfigKeys (ConfUtils.java:logGet(43)) - raft.server.log.statemachine.data.sync.timeout = 10s (default)
2019-08-29 09:09:05,089 [pool-559-thread-1] INFO  server.RaftServerConfigKeys (ConfUtils.java:logGet(43)) - raft.server.log.statemachine.data.sync.timeout.retry = -1 (default)
2019-08-29 09:09:05,089 [pool-559-thread-1] INFO  server.RaftServerConfigKeys (ConfUtils.java:logGet(43)) - raft.server.log.statemachine.data.caching.enabled = true (custom)
2019-08-29 09:09:05,089 [pool-559-thread-1] INFO  segmented.SegmentedRaftLogWorker (SegmentedRaftLogWorker.java:lambda$new$0(132)) - e43a4404-c45a-4334-ab7d-c37c6cf2c676-SegmentedRaftLogWorker:Storage Directory /workdir/hadoop-ozone/integration-test/target/test-dir/MiniOzoneClusterImpl-1c352198-1c3a-44ed-b4f2-463a1ec9c860/datanode-6/data/ratis/18abddaf-63e5-4f51-a44d-2c7d1085a68a: flushIndex: setUnconditionally 0 -> -1
2019-08-29 09:09:05,089 [pool-559-thread-1] INFO  server.RaftServerConfigKeys (ConfUtils.java:logGet(43)) - raft.server.snapshot.auto.trigger.enabled = true (custom)
2019-08-29 09:09:05,089 [pool-559-thread-1] INFO  server.RaftServerConfigKeys (ConfUtils.java:logGet(43)) - raft.server.snapshot.auto.trigger.threshold = 10000 (custom)
2019-08-29 09:09:05,090 [pool-559-thread-1] INFO  server.RaftServerConfigKeys (ConfUtils.java:logGet(43)) - raft.server.retrycache.expirytime = 600000ms (custom)
2019-08-29 09:09:05,090 [pool-559-thread-1] INFO  impl.RaftServerImpl (RaftServerImpl.java:start(180)) - e43a4404-c45a-4334-ab7d-c37c6cf2c676: start group-2C7D1085A68A
2019-08-29 09:09:05,090 [pool-559-thread-1] INFO  impl.RaftServerImpl (RaftServerImpl.java:setRole(171)) - e43a4404-c45a-4334-ab7d-c37c6cf2c676:group-2C7D1085A68A changes role from null to FOLLOWER at term 0 for startAsFollower
2019-08-29 09:09:05,090 [pool-559-thread-1] INFO  impl.RoleInfo (RoleInfo.java:updateAndGet(143)) - e43a4404-c45a-4334-ab7d-c37c6cf2c676: start FollowerState
2019-08-29 09:09:05,090 [pool-559-thread-1] INFO  util.JmxRegister (JmxRegister.java:tryRegister(44)) - Successfully registered JMX Bean with object name Ratis:service=RaftServer,group=group-2C7D1085A68A,id=e43a4404-c45a-4334-ab7d-c37c6cf2c676
2019-08-29 09:09:05,092 [RatisPipelineUtilsThread] INFO  pipeline.PipelineStateManager (PipelineStateManager.java:addPipeline(56)) - Created pipeline Pipeline[ Id: 18abddaf-63e5-4f51-a44d-2c7d1085a68a, Nodes: e43a4404-c45a-4334-ab7d-c37c6cf2c676{ip: 192.168.69.87, host: pr-hdds-1935-5tjgs-3847141534, networkLocation: /default-rack, certSerialId: null}, Type:RATIS, Factor:ONE, State:OPEN]
2019-08-29 09:09:05,111 [grpc-default-executor-4] INFO  impl.RaftServerProxy (RaftServerProxy.java:addNew(89)) - 511321fd-944d-4aec-af04-300872c24c53: addNew group-97FA152D1F9A:[23e9bf69-29f9-4f77-ab56-6ec336a98fa3:192.168.69.87:39841, 511321fd-944d-4aec-af04-300872c24c53:192.168.69.87:34888, fb5607f7-201e-4e71-bf0f-86f0d27d217c:192.168.69.87:41583] returns group-97FA152D1F9A:java.util.concurrent.CompletableFuture@7119551[Not completed]
2019-08-29 09:09:05,111 [grpc-default-executor-7] INFO  impl.RaftServerProxy (RaftServerProxy.java:addNew(89)) - 23e9bf69-29f9-4f77-ab56-6ec336a98fa3: addNew group-97FA152D1F9A:[23e9bf69-29f9-4f77-ab56-6ec336a98fa3:192.168.69.87:39841, 511321fd-944d-4aec-af04-300872c24c53:192.168.69.87:34888, fb5607f7-201e-4e71-bf0f-86f0d27d217c:192.168.69.87:41583] returns group-97FA152D1F9A:java.util.concurrent.CompletableFuture@6899eaf3[Not completed]
2019-08-29 09:09:05,111 [grpc-default-executor-8] INFO  impl.RaftServerProxy (RaftServerProxy.java:addNew(89)) - fb5607f7-201e-4e71-bf0f-86f0d27d217c: addNew group-97FA152D1F9A:[23e9bf69-29f9-4f77-ab56-6ec336a98fa3:192.168.69.87:39841, 511321fd-944d-4aec-af04-300872c24c53:192.168.69.87:34888, fb5607f7-201e-4e71-bf0f-86f0d27d217c:192.168.69.87:41583] returns group-97FA152D1F9A:java.util.concurrent.CompletableFuture@70560c96[Not completed]
2019-08-29 09:09:05,112 [pool-539-thread-1] INFO  impl.RaftServerImpl (RaftServerImpl.java:<init>(93)) - 511321fd-944d-4aec-af04-300872c24c53: new RaftServerImpl for group-97FA152D1F9A:[23e9bf69-29f9-4f77-ab56-6ec336a98fa3:192.168.69.87:39841, 511321fd-944d-4aec-af04-300872c24c53:192.168.69.87:34888, fb5607f7-201e-4e71-bf0f-86f0d27d217c:192.168.69.87:41583] with ContainerStateMachine:uninitialized
2019-08-29 09:09:05,113 [pool-539-thread-1] INFO  server.RaftServerConfigKeys (ConfUtils.java:logGet(43)) - raft.server.rpc.timeout.min = 5s (custom)
2019-08-29 09:09:05,113 [pool-539-thread-1] INFO  server.RaftServerConfigKeys (ConfUtils.java:logGet(43)) - raft.server.rpc.timeout.max = 5200ms (custom)
2019-08-29 09:09:05,113 [pool-539-thread-1] INFO  server.RaftServerConfigKeys (ConfUtils.java:logGet(43)) - raft.server.rpcslowness.timeout = 120s (custom)
2019-08-29 09:09:05,113 [pool-539-thread-1] INFO  server.RaftServerConfigKeys (ConfUtils.java:logGet(43)) - raft.server.sleep.deviation.threshold = 300 (default)
2019-08-29 09:09:05,113 [pool-539-thread-1] INFO  server.RaftServerConfigKeys (ConfUtils.java:logGet(43)) - raft.server.log.appender.install.snapshot.enabled = false (custom)
2019-08-29 09:09:05,113 [pool-539-thread-1] INFO  impl.RaftServerImpl (ServerState.java:<init>(105)) - 511321fd-944d-4aec-af04-300872c24c53:group-97FA152D1F9A ConfigurationManager, init=-1: [23e9bf69-29f9-4f77-ab56-6ec336a98fa3:192.168.69.87:39841, 511321fd-944d-4aec-af04-300872c24c53:192.168.69.87:34888, fb5607f7-201e-4e71-bf0f-86f0d27d217c:192.168.69.87:41583], old=null, confs=<EMPTY_MAP>
2019-08-29 09:09:05,114 [pool-539-thread-1] INFO  server.RaftServerConfigKeys (ConfUtils.java:logGet(43)) - raft.server.storage.dir = [/workdir/hadoop-ozone/integration-test/target/test-dir/MiniOzoneClusterImpl-1c352198-1c3a-44ed-b4f2-463a1ec9c860/datanode-4/data/ratis] (custom)
2019-08-29 09:09:05,114 [pool-529-thread-1] INFO  impl.RaftServerImpl (RaftServerImpl.java:<init>(93)) - 23e9bf69-29f9-4f77-ab56-6ec336a98fa3: new RaftServerImpl for group-97FA152D1F9A:[23e9bf69-29f9-4f77-ab56-6ec336a98fa3:192.168.69.87:39841, 511321fd-944d-4aec-af04-300872c24c53:192.168.69.87:34888, fb5607f7-201e-4e71-bf0f-86f0d27d217c:192.168.69.87:41583] with ContainerStateMachine:uninitialized
2019-08-29 09:09:05,114 [pool-539-thread-1] INFO  storage.RaftStorageDirectory (RaftStorageDirectory.java:analyzeStorage(246)) - The storage directory /workdir/hadoop-ozone/integration-test/target/test-dir/MiniOzoneClusterImpl-1c352198-1c3a-44ed-b4f2-463a1ec9c860/datanode-4/data/ratis/f48ca4fb-cff1-4cf2-9c4e-97fa152d1f9a does not exist. Creating ...
2019-08-29 09:09:05,114 [pool-529-thread-1] INFO  server.RaftServerConfigKeys (ConfUtils.java:logGet(43)) - raft.server.rpc.timeout.min = 5s (custom)
2019-08-29 09:09:05,114 [pool-549-thread-1] INFO  impl.RaftServerImpl (RaftServerImpl.java:<init>(93)) - fb5607f7-201e-4e71-bf0f-86f0d27d217c: new RaftServerImpl for group-97FA152D1F9A:[23e9bf69-29f9-4f77-ab56-6ec336a98fa3:192.168.69.87:39841, 511321fd-944d-4aec-af04-300872c24c53:192.168.69.87:34888, fb5607f7-201e-4e71-bf0f-86f0d27d217c:192.168.69.87:41583] with ContainerStateMachine:uninitialized
2019-08-29 09:09:05,114 [pool-529-thread-1] INFO  server.RaftServerConfigKeys (ConfUtils.java:logGet(43)) - raft.server.rpc.timeout.max = 5200ms (custom)
2019-08-29 09:09:05,114 [pool-549-thread-1] INFO  server.RaftServerConfigKeys (ConfUtils.java:logGet(43)) - raft.server.rpc.timeout.min = 5s (custom)
2019-08-29 09:09:05,115 [pool-529-thread-1] INFO  server.RaftServerConfigKeys (ConfUtils.java:logGet(43)) - raft.server.rpcslowness.timeout = 120s (custom)
2019-08-29 09:09:05,115 [pool-549-thread-1] INFO  server.RaftServerConfigKeys (ConfUtils.java:logGet(43)) - raft.server.rpc.timeout.max = 5200ms (custom)
2019-08-29 09:09:05,115 [pool-529-thread-1] INFO  server.RaftServerConfigKeys (ConfUtils.java:logGet(43)) - raft.server.sleep.deviation.threshold = 300 (default)
2019-08-29 09:09:05,115 [pool-549-thread-1] INFO  server.RaftServerConfigKeys (ConfUtils.java:logGet(43)) - raft.server.rpcslowness.timeout = 120s (custom)
2019-08-29 09:09:05,115 [pool-529-thread-1] INFO  server.RaftServerConfigKeys (ConfUtils.java:logGet(43)) - raft.server.log.appender.install.snapshot.enabled = false (custom)
2019-08-29 09:09:05,115 [pool-549-thread-1] INFO  server.RaftServerConfigKeys (ConfUtils.java:logGet(43)) - raft.server.sleep.deviation.threshold = 300 (default)
2019-08-29 09:09:05,115 [pool-529-thread-1] INFO  impl.RaftServerImpl (ServerState.java:<init>(105)) - 23e9bf69-29f9-4f77-ab56-6ec336a98fa3:group-97FA152D1F9A ConfigurationManager, init=-1: [23e9bf69-29f9-4f77-ab56-6ec336a98fa3:192.168.69.87:39841, 511321fd-944d-4aec-af04-300872c24c53:192.168.69.87:34888, fb5607f7-201e-4e71-bf0f-86f0d27d217c:192.168.69.87:41583], old=null, confs=<EMPTY_MAP>
2019-08-29 09:09:05,115 [pool-549-thread-1] INFO  server.RaftServerConfigKeys (ConfUtils.java:logGet(43)) - raft.server.log.appender.install.snapshot.enabled = false (custom)
2019-08-29 09:09:05,116 [pool-529-thread-1] INFO  server.RaftServerConfigKeys (ConfUtils.java:logGet(43)) - raft.server.storage.dir = [/workdir/hadoop-ozone/integration-test/target/test-dir/MiniOzoneClusterImpl-1c352198-1c3a-44ed-b4f2-463a1ec9c860/datanode-3/data/ratis] (custom)
2019-08-29 09:09:05,116 [pool-549-thread-1] INFO  impl.RaftServerImpl (ServerState.java:<init>(105)) - fb5607f7-201e-4e71-bf0f-86f0d27d217c:group-97FA152D1F9A ConfigurationManager, init=-1: [23e9bf69-29f9-4f77-ab56-6ec336a98fa3:192.168.69.87:39841, 511321fd-944d-4aec-af04-300872c24c53:192.168.69.87:34888, fb5607f7-201e-4e71-bf0f-86f0d27d217c:192.168.69.87:41583], old=null, confs=<EMPTY_MAP>
2019-08-29 09:09:05,116 [pool-549-thread-1] INFO  server.RaftServerConfigKeys (ConfUtils.java:logGet(43)) - raft.server.storage.dir = [/workdir/hadoop-ozone/integration-test/target/test-dir/MiniOzoneClusterImpl-1c352198-1c3a-44ed-b4f2-463a1ec9c860/datanode-5/data/ratis] (custom)
2019-08-29 09:09:05,116 [pool-529-thread-1] INFO  storage.RaftStorageDirectory (RaftStorageDirectory.java:analyzeStorage(246)) - The storage directory /workdir/hadoop-ozone/integration-test/target/test-dir/MiniOzoneClusterImpl-1c352198-1c3a-44ed-b4f2-463a1ec9c860/datanode-3/data/ratis/f48ca4fb-cff1-4cf2-9c4e-97fa152d1f9a does not exist. Creating ...
2019-08-29 09:09:05,116 [pool-549-thread-1] INFO  storage.RaftStorageDirectory (RaftStorageDirectory.java:analyzeStorage(246)) - The storage directory /workdir/hadoop-ozone/integration-test/target/test-dir/MiniOzoneClusterImpl-1c352198-1c3a-44ed-b4f2-463a1ec9c860/datanode-5/data/ratis/f48ca4fb-cff1-4cf2-9c4e-97fa152d1f9a does not exist. Creating ...
2019-08-29 09:09:05,129 [pool-529-thread-1] INFO  storage.RaftStorageDirectory (RaftStorageDirectory.java:tryLock(328)) - Lock on /workdir/hadoop-ozone/integration-test/target/test-dir/MiniOzoneClusterImpl-1c352198-1c3a-44ed-b4f2-463a1ec9c860/datanode-3/data/ratis/f48ca4fb-cff1-4cf2-9c4e-97fa152d1f9a/in_use.lock acquired by nodename 17121@pr-hdds-1935-5tjgs-3847141534
2019-08-29 09:09:05,129 [pool-539-thread-1] INFO  storage.RaftStorageDirectory (RaftStorageDirectory.java:tryLock(328)) - Lock on /workdir/hadoop-ozone/integration-test/target/test-dir/MiniOzoneClusterImpl-1c352198-1c3a-44ed-b4f2-463a1ec9c860/datanode-4/data/ratis/f48ca4fb-cff1-4cf2-9c4e-97fa152d1f9a/in_use.lock acquired by nodename 17121@pr-hdds-1935-5tjgs-3847141534
2019-08-29 09:09:05,129 [pool-549-thread-1] INFO  storage.RaftStorageDirectory (RaftStorageDirectory.java:tryLock(328)) - Lock on /workdir/hadoop-ozone/integration-test/target/test-dir/MiniOzoneClusterImpl-1c352198-1c3a-44ed-b4f2-463a1ec9c860/datanode-5/data/ratis/f48ca4fb-cff1-4cf2-9c4e-97fa152d1f9a/in_use.lock acquired by nodename 17121@pr-hdds-1935-5tjgs-3847141534
2019-08-29 09:09:05,146 [pool-529-thread-1] INFO  storage.RaftStorage (RaftStorage.java:format(72)) - Storage directory /workdir/hadoop-ozone/integration-test/target/test-dir/MiniOzoneClusterImpl-1c352198-1c3a-44ed-b4f2-463a1ec9c860/datanode-3/data/ratis/f48ca4fb-cff1-4cf2-9c4e-97fa152d1f9a has been successfully formatted.
2019-08-29 09:09:05,146 [pool-539-thread-1] INFO  storage.RaftStorage (RaftStorage.java:format(72)) - Storage directory /workdir/hadoop-ozone/integration-test/target/test-dir/MiniOzoneClusterImpl-1c352198-1c3a-44ed-b4f2-463a1ec9c860/datanode-4/data/ratis/f48ca4fb-cff1-4cf2-9c4e-97fa152d1f9a has been successfully formatted.
2019-08-29 09:09:05,146 [pool-549-thread-1] INFO  storage.RaftStorage (RaftStorage.java:format(72)) - Storage directory /workdir/hadoop-ozone/integration-test/target/test-dir/MiniOzoneClusterImpl-1c352198-1c3a-44ed-b4f2-463a1ec9c860/datanode-5/data/ratis/f48ca4fb-cff1-4cf2-9c4e-97fa152d1f9a has been successfully formatted.
2019-08-29 09:09:05,147 [pool-539-thread-1] INFO  ratis.ContainerStateMachine (ContainerStateMachine.java:loadSnapshot(227)) - group-97FA152D1F9A: The snapshot info is null. Setting the last applied indexto:(t:0, i:~)
2019-08-29 09:09:05,147 [pool-529-thread-1] INFO  ratis.ContainerStateMachine (ContainerStateMachine.java:loadSnapshot(227)) - group-97FA152D1F9A: The snapshot info is null. Setting the last applied indexto:(t:0, i:~)
2019-08-29 09:09:05,147 [pool-539-thread-1] INFO  server.RaftServerConfigKeys (ConfUtils.java:logGet(43)) - raft.server.leader.election.timeout = 120s (custom)
2019-08-29 09:09:05,147 [pool-549-thread-1] INFO  ratis.ContainerStateMachine (ContainerStateMachine.java:loadSnapshot(227)) - group-97FA152D1F9A: The snapshot info is null. Setting the last applied indexto:(t:0, i:~)
2019-08-29 09:09:05,147 [pool-539-thread-1] INFO  server.RaftServerConfigKeys (ConfUtils.java:logGet(43)) - raft.server.log.use.memory = false (default)
2019-08-29 09:09:05,147 [pool-529-thread-1] INFO  server.RaftServerConfigKeys (ConfUtils.java:logGet(43)) - raft.server.leader.election.timeout = 120s (custom)
2019-08-29 09:09:05,148 [pool-539-thread-1] INFO  server.RaftServerConfigKeys (ConfUtils.java:logGet(43)) - raft.server.log.purge.gap = 1000000 (custom)
2019-08-29 09:09:05,148 [pool-549-thread-1] INFO  server.RaftServerConfigKeys (ConfUtils.java:logGet(43)) - raft.server.leader.election.timeout = 120s (custom)
2019-08-29 09:09:05,148 [pool-539-thread-1] INFO  server.RaftServerConfigKeys (ConfUtils.java:logGet(43)) - raft.server.log.appender.buffer.byte-limit = 33554432 (custom)
2019-08-29 09:09:05,148 [pool-529-thread-1] INFO  server.RaftServerConfigKeys (ConfUtils.java:logGet(43)) - raft.server.log.use.memory = false (default)
2019-08-29 09:09:05,148 [pool-539-thread-1] INFO  server.RaftServerConfigKeys (ConfUtils.java:logGet(43)) - raft.server.log.segment.size.max = 1048576 (custom)
2019-08-29 09:09:05,148 [pool-549-thread-1] INFO  server.RaftServerConfigKeys (ConfUtils.java:logGet(43)) - raft.server.log.use.memory = false (default)
2019-08-29 09:09:05,149 [pool-539-thread-1] INFO  server.RaftServerConfigKeys (ConfUtils.java:logGet(43)) - raft.server.log.segment.cache.num.max = 2 (custom)
2019-08-29 09:09:05,149 [pool-529-thread-1] INFO  server.RaftServerConfigKeys (ConfUtils.java:logGet(43)) - raft.server.log.purge.gap = 1000000 (custom)
2019-08-29 09:09:05,149 [pool-539-thread-1] INFO  segmented.SegmentedRaftLogWorker (SegmentedRaftLogWorker.java:<init>(172)) - new 511321fd-944d-4aec-af04-300872c24c53-SegmentedRaftLogWorker:Storage Directory /workdir/hadoop-ozone/integration-test/target/test-dir/MiniOzoneClusterImpl-1c352198-1c3a-44ed-b4f2-463a1ec9c860/datanode-4/data/ratis/f48ca4fb-cff1-4cf2-9c4e-97fa152d1f9a for RaftStorage:Storage Directory /workdir/hadoop-ozone/integration-test/target/test-dir/MiniOzoneClusterImpl-1c352198-1c3a-44ed-b4f2-463a1ec9c860/datanode-4/data/ratis/f48ca4fb-cff1-4cf2-9c4e-97fa152d1f9a
2019-08-29 09:09:05,149 [pool-549-thread-1] INFO  server.RaftServerConfigKeys (ConfUtils.java:logGet(43)) - raft.server.log.purge.gap = 1000000 (custom)
2019-08-29 09:09:05,150 [pool-539-thread-1] INFO  server.RaftServerConfigKeys (ConfUtils.java:logGet(43)) - raft.server.log.queue.byte-limit = 2147483647 (custom)
2019-08-29 09:09:05,149 [pool-529-thread-1] INFO  server.RaftServerConfigKeys (ConfUtils.java:logGet(43)) - raft.server.log.appender.buffer.byte-limit = 33554432 (custom)
2019-08-29 09:09:05,150 [pool-539-thread-1] INFO  server.RaftServerConfigKeys (ConfUtils.java:logGet(43)) - raft.server.log.queue.element-limit = 1024 (custom)
2019-08-29 09:09:05,150 [pool-549-thread-1] INFO  server.RaftServerConfigKeys (ConfUtils.java:logGet(43)) - raft.server.log.appender.buffer.byte-limit = 33554432 (custom)
2019-08-29 09:09:05,150 [pool-539-thread-1] INFO  server.RaftServerConfigKeys (ConfUtils.java:logGet(43)) - raft.server.log.segment.size.max = 1048576 (custom)
2019-08-29 09:09:05,150 [pool-529-thread-1] INFO  server.RaftServerConfigKeys (ConfUtils.java:logGet(43)) - raft.server.log.segment.size.max = 1048576 (custom)
2019-08-29 09:09:05,151 [pool-539-thread-1] INFO  server.RaftServerConfigKeys (ConfUtils.java:logGet(43)) - raft.server.log.preallocated.size = 16384 (custom)
2019-08-29 09:09:05,150 [pool-549-thread-1] INFO  server.RaftServerConfigKeys (ConfUtils.java:logGet(43)) - raft.server.log.segment.size.max = 1048576 (custom)
2019-08-29 09:09:05,151 [pool-539-thread-1] INFO  server.RaftServerConfigKeys (ConfUtils.java:logGet(43)) - raft.server.log.write.buffer.size = 33554432 (custom)
2019-08-29 09:09:05,151 [pool-529-thread-1] INFO  server.RaftServerConfigKeys (ConfUtils.java:logGet(43)) - raft.server.log.segment.cache.num.max = 2 (custom)
2019-08-29 09:09:05,151 [pool-539-thread-1] INFO  server.RaftServerConfigKeys (ConfUtils.java:logGet(43)) - raft.server.log.force.sync.num = 128 (default)
2019-08-29 09:09:05,151 [pool-549-thread-1] INFO  server.RaftServerConfigKeys (ConfUtils.java:logGet(43)) - raft.server.log.segment.cache.num.max = 2 (custom)
2019-08-29 09:09:05,151 [pool-539-thread-1] INFO  server.RaftServerConfigKeys (ConfUtils.java:logGet(43)) - raft.server.log.statemachine.data.sync = true (default)
2019-08-29 09:09:05,151 [pool-529-thread-1] INFO  segmented.SegmentedRaftLogWorker (SegmentedRaftLogWorker.java:<init>(172)) - new 23e9bf69-29f9-4f77-ab56-6ec336a98fa3-SegmentedRaftLogWorker:Storage Directory /workdir/hadoop-ozone/integration-test/target/test-dir/MiniOzoneClusterImpl-1c352198-1c3a-44ed-b4f2-463a1ec9c860/datanode-3/data/ratis/f48ca4fb-cff1-4cf2-9c4e-97fa152d1f9a for RaftStorage:Storage Directory /workdir/hadoop-ozone/integration-test/target/test-dir/MiniOzoneClusterImpl-1c352198-1c3a-44ed-b4f2-463a1ec9c860/datanode-3/data/ratis/f48ca4fb-cff1-4cf2-9c4e-97fa152d1f9a
2019-08-29 09:09:05,152 [pool-539-thread-1] INFO  server.RaftServerConfigKeys (ConfUtils.java:logGet(43)) - raft.server.log.statemachine.data.sync.timeout = 10s (default)
2019-08-29 09:09:05,152 [pool-549-thread-1] INFO  segmented.SegmentedRaftLogWorker (SegmentedRaftLogWorker.java:<init>(172)) - new fb5607f7-201e-4e71-bf0f-86f0d27d217c-SegmentedRaftLogWorker:Storage Directory /workdir/hadoop-ozone/integration-test/target/test-dir/MiniOzoneClusterImpl-1c352198-1c3a-44ed-b4f2-463a1ec9c860/datanode-5/data/ratis/f48ca4fb-cff1-4cf2-9c4e-97fa152d1f9a for RaftStorage:Storage Directory /workdir/hadoop-ozone/integration-test/target/test-dir/MiniOzoneClusterImpl-1c352198-1c3a-44ed-b4f2-463a1ec9c860/datanode-5/data/ratis/f48ca4fb-cff1-4cf2-9c4e-97fa152d1f9a
2019-08-29 09:09:05,152 [pool-539-thread-1] INFO  server.RaftServerConfigKeys (ConfUtils.java:logGet(43)) - raft.server.log.statemachine.data.sync.timeout.retry = -1 (default)
2019-08-29 09:09:05,152 [pool-529-thread-1] INFO  server.RaftServerConfigKeys (ConfUtils.java:logGet(43)) - raft.server.log.queue.byte-limit = 2147483647 (custom)
2019-08-29 09:09:05,152 [pool-539-thread-1] INFO  server.RaftServerConfigKeys (ConfUtils.java:logGet(43)) - raft.server.log.statemachine.data.caching.enabled = true (custom)
2019-08-29 09:09:05,152 [pool-549-thread-1] INFO  server.RaftServerConfigKeys (ConfUtils.java:logGet(43)) - raft.server.log.queue.byte-limit = 2147483647 (custom)
2019-08-29 09:09:05,152 [pool-529-thread-1] INFO  server.RaftServerConfigKeys (ConfUtils.java:logGet(43)) - raft.server.log.queue.element-limit = 1024 (custom)
2019-08-29 09:09:05,153 [pool-539-thread-1] INFO  segmented.SegmentedRaftLogWorker (SegmentedRaftLogWorker.java:lambda$new$0(132)) - 511321fd-944d-4aec-af04-300872c24c53-SegmentedRaftLogWorker:Storage Directory /workdir/hadoop-ozone/integration-test/target/test-dir/MiniOzoneClusterImpl-1c352198-1c3a-44ed-b4f2-463a1ec9c860/datanode-4/data/ratis/f48ca4fb-cff1-4cf2-9c4e-97fa152d1f9a: flushIndex: setUnconditionally 0 -> -1
2019-08-29 09:09:05,153 [pool-549-thread-1] INFO  server.RaftServerConfigKeys (ConfUtils.java:logGet(43)) - raft.server.log.queue.element-limit = 1024 (custom)
2019-08-29 09:09:05,153 [pool-529-thread-1] INFO  server.RaftServerConfigKeys (ConfUtils.java:logGet(43)) - raft.server.log.segment.size.max = 1048576 (custom)
2019-08-29 09:09:05,153 [pool-539-thread-1] INFO  server.RaftServerConfigKeys (ConfUtils.java:logGet(43)) - raft.server.snapshot.auto.trigger.enabled = true (custom)
2019-08-29 09:09:05,153 [pool-549-thread-1] INFO  server.RaftServerConfigKeys (ConfUtils.java:logGet(43)) - raft.server.log.segment.size.max = 1048576 (custom)
2019-08-29 09:09:05,153 [pool-539-thread-1] INFO  server.RaftServerConfigKeys (ConfUtils.java:logGet(43)) - raft.server.snapshot.auto.trigger.threshold = 10000 (custom)
2019-08-29 09:09:05,153 [pool-529-thread-1] INFO  server.RaftServerConfigKeys (ConfUtils.java:logGet(43)) - raft.server.log.preallocated.size = 16384 (custom)
2019-08-29 09:09:05,154 [pool-539-thread-1] INFO  server.RaftServerConfigKeys (ConfUtils.java:logGet(43)) - raft.server.retrycache.expirytime = 600000ms (custom)
2019-08-29 09:09:05,154 [pool-549-thread-1] INFO  server.RaftServerConfigKeys (ConfUtils.java:logGet(43)) - raft.server.log.preallocated.size = 16384 (custom)
2019-08-29 09:09:05,154 [pool-529-thread-1] INFO  server.RaftServerConfigKeys (ConfUtils.java:logGet(43)) - raft.server.log.write.buffer.size = 33554432 (custom)
2019-08-29 09:09:05,154 [pool-539-thread-1] INFO  impl.RaftServerImpl (RaftServerImpl.java:start(180)) - 511321fd-944d-4aec-af04-300872c24c53: start group-97FA152D1F9A
2019-08-29 09:09:05,154 [pool-549-thread-1] INFO  server.RaftServerConfigKeys (ConfUtils.java:logGet(43)) - raft.server.log.write.buffer.size = 33554432 (custom)
2019-08-29 09:09:05,154 [pool-539-thread-1] INFO  impl.RaftServerImpl (RaftServerImpl.java:setRole(171)) - 511321fd-944d-4aec-af04-300872c24c53:group-97FA152D1F9A changes role from null to FOLLOWER at term 0 for startAsFollower
2019-08-29 09:09:05,154 [pool-529-thread-1] INFO  server.RaftServerConfigKeys (ConfUtils.java:logGet(43)) - raft.server.log.force.sync.num = 128 (default)
2019-08-29 09:09:05,155 [pool-539-thread-1] INFO  impl.RoleInfo (RoleInfo.java:updateAndGet(143)) - 511321fd-944d-4aec-af04-300872c24c53: start FollowerState
2019-08-29 09:09:05,155 [pool-549-thread-1] INFO  server.RaftServerConfigKeys (ConfUtils.java:logGet(43)) - raft.server.log.force.sync.num = 128 (default)
2019-08-29 09:09:05,155 [pool-529-thread-1] INFO  server.RaftServerConfigKeys (ConfUtils.java:logGet(43)) - raft.server.log.statemachine.data.sync = true (default)
2019-08-29 09:09:05,155 [pool-539-thread-1] INFO  util.JmxRegister (JmxRegister.java:tryRegister(44)) - Successfully registered JMX Bean with object name Ratis:service=RaftServer,group=group-97FA152D1F9A,id=511321fd-944d-4aec-af04-300872c24c53
2019-08-29 09:09:05,155 [pool-549-thread-1] INFO  server.RaftServerConfigKeys (ConfUtils.java:logGet(43)) - raft.server.log.statemachine.data.sync = true (default)
2019-08-29 09:09:05,155 [pool-529-thread-1] INFO  server.RaftServerConfigKeys (ConfUtils.java:logGet(43)) - raft.server.log.statemachine.data.sync.timeout = 10s (default)
2019-08-29 09:09:05,156 [pool-549-thread-1] INFO  server.RaftServerConfigKeys (ConfUtils.java:logGet(43)) - raft.server.log.statemachine.data.sync.timeout = 10s (default)
2019-08-29 09:09:05,156 [pool-529-thread-1] INFO  server.RaftServerConfigKeys (ConfUtils.java:logGet(43)) - raft.server.log.statemachine.data.sync.timeout.retry = -1 (default)
2019-08-29 09:09:05,156 [pool-549-thread-1] INFO  server.RaftServerConfigKeys (ConfUtils.java:logGet(43)) - raft.server.log.statemachine.data.sync.timeout.retry = -1 (default)
2019-08-29 09:09:05,156 [pool-529-thread-1] INFO  server.RaftServerConfigKeys (ConfUtils.java:logGet(43)) - raft.server.log.statemachine.data.caching.enabled = true (custom)
2019-08-29 09:09:05,156 [pool-549-thread-1] INFO  server.RaftServerConfigKeys (ConfUtils.java:logGet(43)) - raft.server.log.statemachine.data.caching.enabled = true (custom)
2019-08-29 09:09:05,156 [pool-549-thread-1] INFO  segmented.SegmentedRaftLogWorker (SegmentedRaftLogWorker.java:lambda$new$0(132)) - fb5607f7-201e-4e71-bf0f-86f0d27d217c-SegmentedRaftLogWorker:Storage Directory /workdir/hadoop-ozone/integration-test/target/test-dir/MiniOzoneClusterImpl-1c352198-1c3a-44ed-b4f2-463a1ec9c860/datanode-5/data/ratis/f48ca4fb-cff1-4cf2-9c4e-97fa152d1f9a: flushIndex: setUnconditionally 0 -> -1
2019-08-29 09:09:05,156 [pool-529-thread-1] INFO  segmented.SegmentedRaftLogWorker (SegmentedRaftLogWorker.java:lambda$new$0(132)) - 23e9bf69-29f9-4f77-ab56-6ec336a98fa3-SegmentedRaftLogWorker:Storage Directory /workdir/hadoop-ozone/integration-test/target/test-dir/MiniOzoneClusterImpl-1c352198-1c3a-44ed-b4f2-463a1ec9c860/datanode-3/data/ratis/f48ca4fb-cff1-4cf2-9c4e-97fa152d1f9a: flushIndex: setUnconditionally 0 -> -1
2019-08-29 09:09:05,157 [pool-549-thread-1] INFO  server.RaftServerConfigKeys (ConfUtils.java:logGet(43)) - raft.server.snapshot.auto.trigger.enabled = true (custom)
2019-08-29 09:09:05,157 [pool-549-thread-1] INFO  server.RaftServerConfigKeys (ConfUtils.java:logGet(43)) - raft.server.snapshot.auto.trigger.threshold = 10000 (custom)
2019-08-29 09:09:05,157 [pool-529-thread-1] INFO  server.RaftServerConfigKeys (ConfUtils.java:logGet(43)) - raft.server.snapshot.auto.trigger.enabled = true (custom)
2019-08-29 09:09:05,157 [pool-549-thread-1] INFO  server.RaftServerConfigKeys (ConfUtils.java:logGet(43)) - raft.server.retrycache.expirytime = 600000ms (custom)
2019-08-29 09:09:05,157 [pool-529-thread-1] INFO  server.RaftServerConfigKeys (ConfUtils.java:logGet(43)) - raft.server.snapshot.auto.trigger.threshold = 10000 (custom)
2019-08-29 09:09:05,157 [pool-549-thread-1] INFO  impl.RaftServerImpl (RaftServerImpl.java:start(180)) - fb5607f7-201e-4e71-bf0f-86f0d27d217c: start group-97FA152D1F9A
2019-08-29 09:09:05,157 [pool-529-thread-1] INFO  server.RaftServerConfigKeys (ConfUtils.java:logGet(43)) - raft.server.retrycache.expirytime = 600000ms (custom)
2019-08-29 09:09:05,157 [pool-549-thread-1] INFO  impl.RaftServerImpl (RaftServerImpl.java:setRole(171)) - fb5607f7-201e-4e71-bf0f-86f0d27d217c:group-97FA152D1F9A changes role from null to FOLLOWER at term 0 for startAsFollower
2019-08-29 09:09:05,158 [pool-529-thread-1] INFO  impl.RaftServerImpl (RaftServerImpl.java:start(180)) - 23e9bf69-29f9-4f77-ab56-6ec336a98fa3: start group-97FA152D1F9A
2019-08-29 09:09:05,158 [pool-549-thread-1] INFO  impl.RoleInfo (RoleInfo.java:updateAndGet(143)) - fb5607f7-201e-4e71-bf0f-86f0d27d217c: start FollowerState
2019-08-29 09:09:05,158 [pool-529-thread-1] INFO  impl.RaftServerImpl (RaftServerImpl.java:setRole(171)) - 23e9bf69-29f9-4f77-ab56-6ec336a98fa3:group-97FA152D1F9A changes role from null to FOLLOWER at term 0 for startAsFollower
2019-08-29 09:09:05,158 [pool-529-thread-1] INFO  impl.RoleInfo (RoleInfo.java:updateAndGet(143)) - 23e9bf69-29f9-4f77-ab56-6ec336a98fa3: start FollowerState
2019-08-29 09:09:05,158 [pool-549-thread-1] INFO  util.JmxRegister (JmxRegister.java:tryRegister(44)) - Successfully registered JMX Bean with object name Ratis:service=RaftServer,group=group-97FA152D1F9A,id=fb5607f7-201e-4e71-bf0f-86f0d27d217c
2019-08-29 09:09:05,159 [pool-529-thread-1] INFO  util.JmxRegister (JmxRegister.java:tryRegister(44)) - Successfully registered JMX Bean with object name Ratis:service=RaftServer,group=group-97FA152D1F9A,id=23e9bf69-29f9-4f77-ab56-6ec336a98fa3
2019-08-29 09:09:05,161 [RatisPipelineUtilsThread] INFO  pipeline.PipelineStateManager (PipelineStateManager.java:addPipeline(56)) - Created pipeline Pipeline[ Id: f48ca4fb-cff1-4cf2-9c4e-97fa152d1f9a, Nodes: fb5607f7-201e-4e71-bf0f-86f0d27d217c{ip: 192.168.69.87, host: pr-hdds-1935-5tjgs-3847141534, networkLocation: /default-rack, certSerialId: null}23e9bf69-29f9-4f77-ab56-6ec336a98fa3{ip: 192.168.69.87, host: pr-hdds-1935-5tjgs-3847141534, networkLocation: /default-rack, certSerialId: null}511321fd-944d-4aec-af04-300872c24c53{ip: 192.168.69.87, host: pr-hdds-1935-5tjgs-3847141534, networkLocation: /default-rack, certSerialId: null}, Type:RATIS, Factor:THREE, State:OPEN]
2019-08-29 09:09:05,175 [grpc-default-executor-7] INFO  impl.RaftServerProxy (RaftServerProxy.java:addNew(89)) - 88078711-0cd2-4a5e-bf0e-90a5498792e5: addNew group-D64D69ED8B91:[88078711-0cd2-4a5e-bf0e-90a5498792e5:192.168.69.87:39538, e43a4404-c45a-4334-ab7d-c37c6cf2c676:192.168.69.87:36119, c22f91f7-68fa-46ec-983b-e4afd2d3623d:192.168.69.87:37396] returns group-D64D69ED8B91:java.util.concurrent.CompletableFuture@36f785fc[Not completed]
2019-08-29 09:09:05,175 [grpc-default-executor-4] INFO  impl.RaftServerProxy (RaftServerProxy.java:addNew(89)) - c22f91f7-68fa-46ec-983b-e4afd2d3623d: addNew group-D64D69ED8B91:[88078711-0cd2-4a5e-bf0e-90a5498792e5:192.168.69.87:39538, e43a4404-c45a-4334-ab7d-c37c6cf2c676:192.168.69.87:36119, c22f91f7-68fa-46ec-983b-e4afd2d3623d:192.168.69.87:37396] returns group-D64D69ED8B91:java.util.concurrent.CompletableFuture@686f6dee[Not completed]
2019-08-29 09:09:05,175 [grpc-default-executor-8] INFO  impl.RaftServerProxy (RaftServerProxy.java:addNew(89)) - e43a4404-c45a-4334-ab7d-c37c6cf2c676: addNew group-D64D69ED8B91:[88078711-0cd2-4a5e-bf0e-90a5498792e5:192.168.69.87:39538, e43a4404-c45a-4334-ab7d-c37c6cf2c676:192.168.69.87:36119, c22f91f7-68fa-46ec-983b-e4afd2d3623d:192.168.69.87:37396] returns group-D64D69ED8B91:java.util.concurrent.CompletableFuture@41839395[Not completed]
2019-08-29 09:09:05,176 [pool-519-thread-1] INFO  impl.RaftServerImpl (RaftServerImpl.java:<init>(93)) - 88078711-0cd2-4a5e-bf0e-90a5498792e5: new RaftServerImpl for group-D64D69ED8B91:[88078711-0cd2-4a5e-bf0e-90a5498792e5:192.168.69.87:39538, e43a4404-c45a-4334-ab7d-c37c6cf2c676:192.168.69.87:36119, c22f91f7-68fa-46ec-983b-e4afd2d3623d:192.168.69.87:37396] with ContainerStateMachine:uninitialized
2019-08-29 09:09:05,176 [pool-519-thread-1] INFO  server.RaftServerConfigKeys (ConfUtils.java:logGet(43)) - raft.server.rpc.timeout.min = 5s (custom)
2019-08-29 09:09:05,176 [pool-519-thread-1] INFO  server.RaftServerConfigKeys (ConfUtils.java:logGet(43)) - raft.server.rpc.timeout.max = 5200ms (custom)
2019-08-29 09:09:05,176 [pool-519-thread-1] INFO  server.RaftServerConfigKeys (ConfUtils.java:logGet(43)) - raft.server.rpcslowness.timeout = 120s (custom)
2019-08-29 09:09:05,177 [pool-519-thread-1] INFO  server.RaftServerConfigKeys (ConfUtils.java:logGet(43)) - raft.server.sleep.deviation.threshold = 300 (default)
2019-08-29 09:09:05,177 [pool-519-thread-1] INFO  server.RaftServerConfigKeys (ConfUtils.java:logGet(43)) - raft.server.log.appender.install.snapshot.enabled = false (custom)
2019-08-29 09:09:05,177 [pool-519-thread-1] INFO  impl.RaftServerImpl (ServerState.java:<init>(105)) - 88078711-0cd2-4a5e-bf0e-90a5498792e5:group-D64D69ED8B91 ConfigurationManager, init=-1: [88078711-0cd2-4a5e-bf0e-90a5498792e5:192.168.69.87:39538, e43a4404-c45a-4334-ab7d-c37c6cf2c676:192.168.69.87:36119, c22f91f7-68fa-46ec-983b-e4afd2d3623d:192.168.69.87:37396], old=null, confs=<EMPTY_MAP>
2019-08-29 09:09:05,177 [pool-519-thread-1] INFO  server.RaftServerConfigKeys (ConfUtils.java:logGet(43)) - raft.server.storage.dir = [/workdir/hadoop-ozone/integration-test/target/test-dir/MiniOzoneClusterImpl-1c352198-1c3a-44ed-b4f2-463a1ec9c860/datanode-2/data/ratis] (custom)
2019-08-29 09:09:05,177 [pool-509-thread-1] INFO  impl.RaftServerImpl (RaftServerImpl.java:<init>(93)) - c22f91f7-68fa-46ec-983b-e4afd2d3623d: new RaftServerImpl for group-D64D69ED8B91:[88078711-0cd2-4a5e-bf0e-90a5498792e5:192.168.69.87:39538, e43a4404-c45a-4334-ab7d-c37c6cf2c676:192.168.69.87:36119, c22f91f7-68fa-46ec-983b-e4afd2d3623d:192.168.69.87:37396] with ContainerStateMachine:uninitialized
2019-08-29 09:09:05,177 [pool-509-thread-1] INFO  server.RaftServerConfigKeys (ConfUtils.java:logGet(43)) - raft.server.rpc.timeout.min = 5s (custom)
2019-08-29 09:09:05,177 [pool-519-thread-1] INFO  storage.RaftStorageDirectory (RaftStorageDirectory.java:analyzeStorage(246)) - The storage directory /workdir/hadoop-ozone/integration-test/target/test-dir/MiniOzoneClusterImpl-1c352198-1c3a-44ed-b4f2-463a1ec9c860/datanode-2/data/ratis/6e0ada60-03b9-4b45-8bf3-d64d69ed8b91 does not exist. Creating ...
2019-08-29 09:09:05,177 [pool-559-thread-1] INFO  impl.RaftServerImpl (RaftServerImpl.java:<init>(93)) - e43a4404-c45a-4334-ab7d-c37c6cf2c676: new RaftServerImpl for group-D64D69ED8B91:[88078711-0cd2-4a5e-bf0e-90a5498792e5:192.168.69.87:39538, e43a4404-c45a-4334-ab7d-c37c6cf2c676:192.168.69.87:36119, c22f91f7-68fa-46ec-983b-e4afd2d3623d:192.168.69.87:37396] with ContainerStateMachine:uninitialized
2019-08-29 09:09:05,177 [pool-509-thread-1] INFO  server.RaftServerConfigKeys (ConfUtils.java:logGet(43)) - raft.server.rpc.timeout.max = 5200ms (custom)
2019-08-29 09:09:05,178 [pool-559-thread-1] INFO  server.RaftServerConfigKeys (ConfUtils.java:logGet(43)) - raft.server.rpc.timeout.min = 5s (custom)
2019-08-29 09:09:05,178 [pool-509-thread-1] INFO  server.RaftServerConfigKeys (ConfUtils.java:logGet(43)) - raft.server.rpcslowness.timeout = 120s (custom)
2019-08-29 09:09:05,178 [pool-559-thread-1] INFO  server.RaftServerConfigKeys (ConfUtils.java:logGet(43)) - raft.server.rpc.timeout.max = 5200ms (custom)
2019-08-29 09:09:05,178 [pool-509-thread-1] INFO  server.RaftServerConfigKeys (ConfUtils.java:logGet(43)) - raft.server.sleep.deviation.threshold = 300 (default)
2019-08-29 09:09:05,178 [pool-559-thread-1] INFO  server.RaftServerConfigKeys (ConfUtils.java:logGet(43)) - raft.server.rpcslowness.timeout = 120s (custom)
2019-08-29 09:09:05,178 [pool-509-thread-1] INFO  server.RaftServerConfigKeys (ConfUtils.java:logGet(43)) - raft.server.log.appender.install.snapshot.enabled = false (custom)
2019-08-29 09:09:05,178 [pool-559-thread-1] INFO  server.RaftServerConfigKeys (ConfUtils.java:logGet(43)) - raft.server.sleep.deviation.threshold = 300 (default)
2019-08-29 09:09:05,179 [pool-509-thread-1] INFO  impl.RaftServerImpl (ServerState.java:<init>(105)) - c22f91f7-68fa-46ec-983b-e4afd2d3623d:group-D64D69ED8B91 ConfigurationManager, init=-1: [88078711-0cd2-4a5e-bf0e-90a5498792e5:192.168.69.87:39538, e43a4404-c45a-4334-ab7d-c37c6cf2c676:192.168.69.87:36119, c22f91f7-68fa-46ec-983b-e4afd2d3623d:192.168.69.87:37396], old=null, confs=<EMPTY_MAP>
2019-08-29 09:09:05,179 [pool-559-thread-1] INFO  server.RaftServerConfigKeys (ConfUtils.java:logGet(43)) - raft.server.log.appender.install.snapshot.enabled = false (custom)
2019-08-29 09:09:05,179 [pool-509-thread-1] INFO  server.RaftServerConfigKeys (ConfUtils.java:logGet(43)) - raft.server.storage.dir = [/workdir/hadoop-ozone/integration-test/target/test-dir/MiniOzoneClusterImpl-1c352198-1c3a-44ed-b4f2-463a1ec9c860/datanode-1/data/ratis] (custom)
2019-08-29 09:09:05,179 [pool-559-thread-1] INFO  impl.RaftServerImpl (ServerState.java:<init>(105)) - e43a4404-c45a-4334-ab7d-c37c6cf2c676:group-D64D69ED8B91 ConfigurationManager, init=-1: [88078711-0cd2-4a5e-bf0e-90a5498792e5:192.168.69.87:39538, e43a4404-c45a-4334-ab7d-c37c6cf2c676:192.168.69.87:36119, c22f91f7-68fa-46ec-983b-e4afd2d3623d:192.168.69.87:37396], old=null, confs=<EMPTY_MAP>
2019-08-29 09:09:05,179 [pool-559-thread-1] INFO  server.RaftServerConfigKeys (ConfUtils.java:logGet(43)) - raft.server.storage.dir = [/workdir/hadoop-ozone/integration-test/target/test-dir/MiniOzoneClusterImpl-1c352198-1c3a-44ed-b4f2-463a1ec9c860/datanode-6/data/ratis] (custom)
2019-08-29 09:09:05,179 [pool-509-thread-1] INFO  storage.RaftStorageDirectory (RaftStorageDirectory.java:analyzeStorage(246)) - The storage directory /workdir/hadoop-ozone/integration-test/target/test-dir/MiniOzoneClusterImpl-1c352198-1c3a-44ed-b4f2-463a1ec9c860/datanode-1/data/ratis/6e0ada60-03b9-4b45-8bf3-d64d69ed8b91 does not exist. Creating ...
2019-08-29 09:09:05,179 [pool-559-thread-1] INFO  storage.RaftStorageDirectory (RaftStorageDirectory.java:analyzeStorage(246)) - The storage directory /workdir/hadoop-ozone/integration-test/target/test-dir/MiniOzoneClusterImpl-1c352198-1c3a-44ed-b4f2-463a1ec9c860/datanode-6/data/ratis/6e0ada60-03b9-4b45-8bf3-d64d69ed8b91 does not exist. Creating ...
2019-08-29 09:09:05,197 [pool-559-thread-1] INFO  storage.RaftStorageDirectory (RaftStorageDirectory.java:tryLock(328)) - Lock on /workdir/hadoop-ozone/integration-test/target/test-dir/MiniOzoneClusterImpl-1c352198-1c3a-44ed-b4f2-463a1ec9c860/datanode-6/data/ratis/6e0ada60-03b9-4b45-8bf3-d64d69ed8b91/in_use.lock acquired by nodename 17121@pr-hdds-1935-5tjgs-3847141534
2019-08-29 09:09:05,197 [pool-509-thread-1] INFO  storage.RaftStorageDirectory (RaftStorageDirectory.java:tryLock(328)) - Lock on /workdir/hadoop-ozone/integration-test/target/test-dir/MiniOzoneClusterImpl-1c352198-1c3a-44ed-b4f2-463a1ec9c860/datanode-1/data/ratis/6e0ada60-03b9-4b45-8bf3-d64d69ed8b91/in_use.lock acquired by nodename 17121@pr-hdds-1935-5tjgs-3847141534
2019-08-29 09:09:05,197 [pool-519-thread-1] INFO  storage.RaftStorageDirectory (RaftStorageDirectory.java:tryLock(328)) - Lock on /workdir/hadoop-ozone/integration-test/target/test-dir/MiniOzoneClusterImpl-1c352198-1c3a-44ed-b4f2-463a1ec9c860/datanode-2/data/ratis/6e0ada60-03b9-4b45-8bf3-d64d69ed8b91/in_use.lock acquired by nodename 17121@pr-hdds-1935-5tjgs-3847141534
2019-08-29 09:09:05,223 [pool-509-thread-1] INFO  storage.RaftStorage (RaftStorage.java:format(72)) - Storage directory /workdir/hadoop-ozone/integration-test/target/test-dir/MiniOzoneClusterImpl-1c352198-1c3a-44ed-b4f2-463a1ec9c860/datanode-1/data/ratis/6e0ada60-03b9-4b45-8bf3-d64d69ed8b91 has been successfully formatted.
2019-08-29 09:09:05,223 [pool-559-thread-1] INFO  storage.RaftStorage (RaftStorage.java:format(72)) - Storage directory /workdir/hadoop-ozone/integration-test/target/test-dir/MiniOzoneClusterImpl-1c352198-1c3a-44ed-b4f2-463a1ec9c860/datanode-6/data/ratis/6e0ada60-03b9-4b45-8bf3-d64d69ed8b91 has been successfully formatted.
2019-08-29 09:09:05,223 [pool-519-thread-1] INFO  storage.RaftStorage (RaftStorage.java:format(72)) - Storage directory /workdir/hadoop-ozone/integration-test/target/test-dir/MiniOzoneClusterImpl-1c352198-1c3a-44ed-b4f2-463a1ec9c860/datanode-2/data/ratis/6e0ada60-03b9-4b45-8bf3-d64d69ed8b91 has been successfully formatted.
2019-08-29 09:09:05,223 [pool-559-thread-1] INFO  ratis.ContainerStateMachine (ContainerStateMachine.java:loadSnapshot(227)) - group-D64D69ED8B91: The snapshot info is null. Setting the last applied indexto:(t:0, i:~)
2019-08-29 09:09:05,223 [pool-509-thread-1] INFO  ratis.ContainerStateMachine (ContainerStateMachine.java:loadSnapshot(227)) - group-D64D69ED8B91: The snapshot info is null. Setting the last applied indexto:(t:0, i:~)
2019-08-29 09:09:05,224 [pool-519-thread-1] INFO  ratis.ContainerStateMachine (ContainerStateMachine.java:loadSnapshot(227)) - group-D64D69ED8B91: The snapshot info is null. Setting the last applied indexto:(t:0, i:~)
2019-08-29 09:09:05,224 [pool-559-thread-1] INFO  server.RaftServerConfigKeys (ConfUtils.java:logGet(43)) - raft.server.leader.election.timeout = 120s (custom)
2019-08-29 09:09:05,224 [pool-519-thread-1] INFO  server.RaftServerConfigKeys (ConfUtils.java:logGet(43)) - raft.server.leader.election.timeout = 120s (custom)
2019-08-29 09:09:05,224 [pool-509-thread-1] INFO  server.RaftServerConfigKeys (ConfUtils.java:logGet(43)) - raft.server.leader.election.timeout = 120s (custom)
2019-08-29 09:09:05,224 [pool-519-thread-1] INFO  server.RaftServerConfigKeys (ConfUtils.java:logGet(43)) - raft.server.log.use.memory = false (default)
2019-08-29 09:09:05,224 [pool-559-thread-1] INFO  server.RaftServerConfigKeys (ConfUtils.java:logGet(43)) - raft.server.log.use.memory = false (default)
2019-08-29 09:09:05,224 [pool-519-thread-1] INFO  server.RaftServerConfigKeys (ConfUtils.java:logGet(43)) - raft.server.log.purge.gap = 1000000 (custom)
2019-08-29 09:09:05,225 [pool-519-thread-1] INFO  server.RaftServerConfigKeys (ConfUtils.java:logGet(43)) - raft.server.log.appender.buffer.byte-limit = 33554432 (custom)
2019-08-29 09:09:05,225 [pool-519-thread-1] INFO  server.RaftServerConfigKeys (ConfUtils.java:logGet(43)) - raft.server.log.segment.size.max = 1048576 (custom)
2019-08-29 09:09:05,224 [pool-509-thread-1] INFO  server.RaftServerConfigKeys (ConfUtils.java:logGet(43)) - raft.server.log.use.memory = false (default)
2019-08-29 09:09:05,225 [pool-519-thread-1] INFO  server.RaftServerConfigKeys (ConfUtils.java:logGet(43)) - raft.server.log.segment.cache.num.max = 2 (custom)
2019-08-29 09:09:05,224 [pool-559-thread-1] INFO  server.RaftServerConfigKeys (ConfUtils.java:logGet(43)) - raft.server.log.purge.gap = 1000000 (custom)
2019-08-29 09:09:05,225 [pool-519-thread-1] INFO  segmented.SegmentedRaftLogWorker (SegmentedRaftLogWorker.java:<init>(172)) - new 88078711-0cd2-4a5e-bf0e-90a5498792e5-SegmentedRaftLogWorker:Storage Directory /workdir/hadoop-ozone/integration-test/target/test-dir/MiniOzoneClusterImpl-1c352198-1c3a-44ed-b4f2-463a1ec9c860/datanode-2/data/ratis/6e0ada60-03b9-4b45-8bf3-d64d69ed8b91 for RaftStorage:Storage Directory /workdir/hadoop-ozone/integration-test/target/test-dir/MiniOzoneClusterImpl-1c352198-1c3a-44ed-b4f2-463a1ec9c860/datanode-2/data/ratis/6e0ada60-03b9-4b45-8bf3-d64d69ed8b91
2019-08-29 09:09:05,225 [pool-509-thread-1] INFO  server.RaftServerConfigKeys (ConfUtils.java:logGet(43)) - raft.server.log.purge.gap = 1000000 (custom)
2019-08-29 09:09:05,225 [pool-519-thread-1] INFO  server.RaftServerConfigKeys (ConfUtils.java:logGet(43)) - raft.server.log.queue.byte-limit = 2147483647 (custom)
2019-08-29 09:09:05,225 [pool-559-thread-1] INFO  server.RaftServerConfigKeys (ConfUtils.java:logGet(43)) - raft.server.log.appender.buffer.byte-limit = 33554432 (custom)
2019-08-29 09:09:05,226 [pool-519-thread-1] INFO  server.RaftServerConfigKeys (ConfUtils.java:logGet(43)) - raft.server.log.queue.element-limit = 1024 (custom)
2019-08-29 09:09:05,225 [pool-509-thread-1] INFO  server.RaftServerConfigKeys (ConfUtils.java:logGet(43)) - raft.server.log.appender.buffer.byte-limit = 33554432 (custom)
2019-08-29 09:09:05,226 [pool-519-thread-1] INFO  server.RaftServerConfigKeys (ConfUtils.java:logGet(43)) - raft.server.log.segment.size.max = 1048576 (custom)
2019-08-29 09:09:05,226 [pool-559-thread-1] INFO  server.RaftServerConfigKeys (ConfUtils.java:logGet(43)) - raft.server.log.segment.size.max = 1048576 (custom)
2019-08-29 09:09:05,226 [pool-519-thread-1] INFO  server.RaftServerConfigKeys (ConfUtils.java:logGet(43)) - raft.server.log.preallocated.size = 16384 (custom)
2019-08-29 09:09:05,226 [pool-509-thread-1] INFO  server.RaftServerConfigKeys (ConfUtils.java:logGet(43)) - raft.server.log.segment.size.max = 1048576 (custom)
2019-08-29 09:09:05,226 [pool-519-thread-1] INFO  server.RaftServerConfigKeys (ConfUtils.java:logGet(43)) - raft.server.log.write.buffer.size = 33554432 (custom)
2019-08-29 09:09:05,226 [pool-559-thread-1] INFO  server.RaftServerConfigKeys (ConfUtils.java:logGet(43)) - raft.server.log.segment.cache.num.max = 2 (custom)
2019-08-29 09:09:05,227 [pool-519-thread-1] INFO  server.RaftServerConfigKeys (ConfUtils.java:logGet(43)) - raft.server.log.force.sync.num = 128 (default)
2019-08-29 09:09:05,226 [pool-509-thread-1] INFO  server.RaftServerConfigKeys (ConfUtils.java:logGet(43)) - raft.server.log.segment.cache.num.max = 2 (custom)
2019-08-29 09:09:05,227 [pool-519-thread-1] INFO  server.RaftServerConfigKeys (ConfUtils.java:logGet(43)) - raft.server.log.statemachine.data.sync = true (default)
2019-08-29 09:09:05,227 [pool-559-thread-1] INFO  segmented.SegmentedRaftLogWorker (SegmentedRaftLogWorker.java:<init>(172)) - new e43a4404-c45a-4334-ab7d-c37c6cf2c676-SegmentedRaftLogWorker:Storage Directory /workdir/hadoop-ozone/integration-test/target/test-dir/MiniOzoneClusterImpl-1c352198-1c3a-44ed-b4f2-463a1ec9c860/datanode-6/data/ratis/6e0ada60-03b9-4b45-8bf3-d64d69ed8b91 for RaftStorage:Storage Directory /workdir/hadoop-ozone/integration-test/target/test-dir/MiniOzoneClusterImpl-1c352198-1c3a-44ed-b4f2-463a1ec9c860/datanode-6/data/ratis/6e0ada60-03b9-4b45-8bf3-d64d69ed8b91
2019-08-29 09:09:05,227 [pool-519-thread-1] INFO  server.RaftServerConfigKeys (ConfUtils.java:logGet(43)) - raft.server.log.statemachine.data.sync.timeout = 10s (default)
2019-08-29 09:09:05,227 [pool-509-thread-1] INFO  segmented.SegmentedRaftLogWorker (SegmentedRaftLogWorker.java:<init>(172)) - new c22f91f7-68fa-46ec-983b-e4afd2d3623d-SegmentedRaftLogWorker:Storage Directory /workdir/hadoop-ozone/integration-test/target/test-dir/MiniOzoneClusterImpl-1c352198-1c3a-44ed-b4f2-463a1ec9c860/datanode-1/data/ratis/6e0ada60-03b9-4b45-8bf3-d64d69ed8b91 for RaftStorage:Storage Directory /workdir/hadoop-ozone/integration-test/target/test-dir/MiniOzoneClusterImpl-1c352198-1c3a-44ed-b4f2-463a1ec9c860/datanode-1/data/ratis/6e0ada60-03b9-4b45-8bf3-d64d69ed8b91
2019-08-29 09:09:05,227 [pool-519-thread-1] INFO  server.RaftServerConfigKeys (ConfUtils.java:logGet(43)) - raft.server.log.statemachine.data.sync.timeout.retry = -1 (default)
2019-08-29 09:09:05,227 [pool-559-thread-1] INFO  server.RaftServerConfigKeys (ConfUtils.java:logGet(43)) - raft.server.log.queue.byte-limit = 2147483647 (custom)
2019-08-29 09:09:05,228 [pool-519-thread-1] INFO  server.RaftServerConfigKeys (ConfUtils.java:logGet(43)) - raft.server.log.statemachine.data.caching.enabled = true (custom)
2019-08-29 09:09:05,227 [pool-509-thread-1] INFO  server.RaftServerConfigKeys (ConfUtils.java:logGet(43)) - raft.server.log.queue.byte-limit = 2147483647 (custom)
2019-08-29 09:09:05,228 [pool-559-thread-1] INFO  server.RaftServerConfigKeys (ConfUtils.java:logGet(43)) - raft.server.log.queue.element-limit = 1024 (custom)
2019-08-29 09:09:05,228 [pool-519-thread-1] INFO  segmented.SegmentedRaftLogWorker (SegmentedRaftLogWorker.java:lambda$new$0(132)) - 88078711-0cd2-4a5e-bf0e-90a5498792e5-SegmentedRaftLogWorker:Storage Directory /workdir/hadoop-ozone/integration-test/target/test-dir/MiniOzoneClusterImpl-1c352198-1c3a-44ed-b4f2-463a1ec9c860/datanode-2/data/ratis/6e0ada60-03b9-4b45-8bf3-d64d69ed8b91: flushIndex: setUnconditionally 0 -> -1
2019-08-29 09:09:05,228 [pool-509-thread-1] INFO  server.RaftServerConfigKeys (ConfUtils.java:logGet(43)) - raft.server.log.queue.element-limit = 1024 (custom)
2019-08-29 09:09:05,228 [pool-559-thread-1] INFO  server.RaftServerConfigKeys (ConfUtils.java:logGet(43)) - raft.server.log.segment.size.max = 1048576 (custom)
2019-08-29 09:09:05,228 [pool-509-thread-1] INFO  server.RaftServerConfigKeys (ConfUtils.java:logGet(43)) - raft.server.log.segment.size.max = 1048576 (custom)
2019-08-29 09:09:05,228 [pool-519-thread-1] INFO  server.RaftServerConfigKeys (ConfUtils.java:logGet(43)) - raft.server.snapshot.auto.trigger.enabled = true (custom)
2019-08-29 09:09:05,229 [pool-519-thread-1] INFO  server.RaftServerConfigKeys (ConfUtils.java:logGet(43)) - raft.server.snapshot.auto.trigger.threshold = 10000 (custom)
2019-08-29 09:09:05,228 [pool-509-thread-1] INFO  server.RaftServerConfigKeys (ConfUtils.java:logGet(43)) - raft.server.log.preallocated.size = 16384 (custom)
2019-08-29 09:09:05,228 [pool-559-thread-1] INFO  server.RaftServerConfigKeys (ConfUtils.java:logGet(43)) - raft.server.log.preallocated.size = 16384 (custom)
2019-08-29 09:09:05,229 [pool-509-thread-1] INFO  server.RaftServerConfigKeys (ConfUtils.java:logGet(43)) - raft.server.log.write.buffer.size = 33554432 (custom)
2019-08-29 09:09:05,229 [pool-519-thread-1] INFO  server.RaftServerConfigKeys (ConfUtils.java:logGet(43)) - raft.server.retrycache.expirytime = 600000ms (custom)
2019-08-29 09:09:05,229 [pool-509-thread-1] INFO  server.RaftServerConfigKeys (ConfUtils.java:logGet(43)) - raft.server.log.force.sync.num = 128 (default)
2019-08-29 09:09:05,229 [pool-519-thread-1] INFO  impl.RaftServerImpl (RaftServerImpl.java:start(180)) - 88078711-0cd2-4a5e-bf0e-90a5498792e5: start group-D64D69ED8B91
2019-08-29 09:09:05,229 [pool-559-thread-1] INFO  server.RaftServerConfigKeys (ConfUtils.java:logGet(43)) - raft.server.log.write.buffer.size = 33554432 (custom)
2019-08-29 09:09:05,229 [pool-519-thread-1] INFO  impl.RaftServerImpl (RaftServerImpl.java:setRole(171)) - 88078711-0cd2-4a5e-bf0e-90a5498792e5:group-D64D69ED8B91 changes role from null to FOLLOWER at term 0 for startAsFollower
2019-08-29 09:09:05,230 [pool-519-thread-1] INFO  impl.RoleInfo (RoleInfo.java:updateAndGet(143)) - 88078711-0cd2-4a5e-bf0e-90a5498792e5: start FollowerState
2019-08-29 09:09:05,229 [pool-509-thread-1] INFO  server.RaftServerConfigKeys (ConfUtils.java:logGet(43)) - raft.server.log.statemachine.data.sync = true (default)
2019-08-29 09:09:05,230 [pool-559-thread-1] INFO  server.RaftServerConfigKeys (ConfUtils.java:logGet(43)) - raft.server.log.force.sync.num = 128 (default)
2019-08-29 09:09:05,230 [pool-509-thread-1] INFO  server.RaftServerConfigKeys (ConfUtils.java:logGet(43)) - raft.server.log.statemachine.data.sync.timeout = 10s (default)
2019-08-29 09:09:05,230 [pool-559-thread-1] INFO  server.RaftServerConfigKeys (ConfUtils.java:logGet(43)) - raft.server.log.statemachine.data.sync = true (default)
2019-08-29 09:09:05,230 [pool-519-thread-1] INFO  util.JmxRegister (JmxRegister.java:tryRegister(44)) - Successfully registered JMX Bean with object name Ratis:service=RaftServer,group=group-D64D69ED8B91,id=88078711-0cd2-4a5e-bf0e-90a5498792e5
2019-08-29 09:09:05,230 [pool-559-thread-1] INFO  server.RaftServerConfigKeys (ConfUtils.java:logGet(43)) - raft.server.log.statemachine.data.sync.timeout = 10s (default)
2019-08-29 09:09:05,230 [pool-509-thread-1] INFO  server.RaftServerConfigKeys (ConfUtils.java:logGet(43)) - raft.server.log.statemachine.data.sync.timeout.retry = -1 (default)
2019-08-29 09:09:05,231 [pool-559-thread-1] INFO  server.RaftServerConfigKeys (ConfUtils.java:logGet(43)) - raft.server.log.statemachine.data.sync.timeout.retry = -1 (default)
2019-08-29 09:09:05,231 [pool-509-thread-1] INFO  server.RaftServerConfigKeys (ConfUtils.java:logGet(43)) - raft.server.log.statemachine.data.caching.enabled = true (custom)
2019-08-29 09:09:05,231 [pool-559-thread-1] INFO  server.RaftServerConfigKeys (ConfUtils.java:logGet(43)) - raft.server.log.statemachine.data.caching.enabled = true (custom)
2019-08-29 09:09:05,231 [pool-509-thread-1] INFO  segmented.SegmentedRaftLogWorker (SegmentedRaftLogWorker.java:lambda$new$0(132)) - c22f91f7-68fa-46ec-983b-e4afd2d3623d-SegmentedRaftLogWorker:Storage Directory /workdir/hadoop-ozone/integration-test/target/test-dir/MiniOzoneClusterImpl-1c352198-1c3a-44ed-b4f2-463a1ec9c860/datanode-1/data/ratis/6e0ada60-03b9-4b45-8bf3-d64d69ed8b91: flushIndex: setUnconditionally 0 -> -1
2019-08-29 09:09:05,231 [pool-559-thread-1] INFO  segmented.SegmentedRaftLogWorker (SegmentedRaftLogWorker.java:lambda$new$0(132)) - e43a4404-c45a-4334-ab7d-c37c6cf2c676-SegmentedRaftLogWorker:Storage Directory /workdir/hadoop-ozone/integration-test/target/test-dir/MiniOzoneClusterImpl-1c352198-1c3a-44ed-b4f2-463a1ec9c860/datanode-6/data/ratis/6e0ada60-03b9-4b45-8bf3-d64d69ed8b91: flushIndex: setUnconditionally 0 -> -1
2019-08-29 09:09:05,231 [pool-509-thread-1] INFO  server.RaftServerConfigKeys (ConfUtils.java:logGet(43)) - raft.server.snapshot.auto.trigger.enabled = true (custom)
2019-08-29 09:09:05,232 [pool-509-thread-1] INFO  server.RaftServerConfigKeys (ConfUtils.java:logGet(43)) - raft.server.snapshot.auto.trigger.threshold = 10000 (custom)
2019-08-29 09:09:05,232 [pool-559-thread-1] INFO  server.RaftServerConfigKeys (ConfUtils.java:logGet(43)) - raft.server.snapshot.auto.trigger.enabled = true (custom)
2019-08-29 09:09:05,232 [pool-509-thread-1] INFO  server.RaftServerConfigKeys (ConfUtils.java:logGet(43)) - raft.server.retrycache.expirytime = 600000ms (custom)
2019-08-29 09:09:05,232 [pool-559-thread-1] INFO  server.RaftServerConfigKeys (ConfUtils.java:logGet(43)) - raft.server.snapshot.auto.trigger.threshold = 10000 (custom)
2019-08-29 09:09:05,232 [pool-509-thread-1] INFO  impl.RaftServerImpl (RaftServerImpl.java:start(180)) - c22f91f7-68fa-46ec-983b-e4afd2d3623d: start group-D64D69ED8B91
2019-08-29 09:09:05,232 [pool-559-thread-1] INFO  server.RaftServerConfigKeys (ConfUtils.java:logGet(43)) - raft.server.retrycache.expirytime = 600000ms (custom)
2019-08-29 09:09:05,232 [pool-509-thread-1] INFO  impl.RaftServerImpl (RaftServerImpl.java:setRole(171)) - c22f91f7-68fa-46ec-983b-e4afd2d3623d:group-D64D69ED8B91 changes role from null to FOLLOWER at term 0 for startAsFollower
2019-08-29 09:09:05,232 [pool-559-thread-1] INFO  impl.RaftServerImpl (RaftServerImpl.java:start(180)) - e43a4404-c45a-4334-ab7d-c37c6cf2c676: start group-D64D69ED8B91
2019-08-29 09:09:05,232 [pool-509-thread-1] INFO  impl.RoleInfo (RoleInfo.java:updateAndGet(143)) - c22f91f7-68fa-46ec-983b-e4afd2d3623d: start FollowerState
2019-08-29 09:09:05,232 [pool-559-thread-1] INFO  impl.RaftServerImpl (RaftServerImpl.java:setRole(171)) - e43a4404-c45a-4334-ab7d-c37c6cf2c676:group-D64D69ED8B91 changes role from null to FOLLOWER at term 0 for startAsFollower
2019-08-29 09:09:05,233 [pool-559-thread-1] INFO  impl.RoleInfo (RoleInfo.java:updateAndGet(143)) - e43a4404-c45a-4334-ab7d-c37c6cf2c676: start FollowerState
2019-08-29 09:09:05,233 [pool-509-thread-1] INFO  util.JmxRegister (JmxRegister.java:tryRegister(44)) - Successfully registered JMX Bean with object name Ratis:service=RaftServer,group=group-D64D69ED8B91,id=c22f91f7-68fa-46ec-983b-e4afd2d3623d
2019-08-29 09:09:05,233 [pool-559-thread-1] INFO  util.JmxRegister (JmxRegister.java:tryRegister(44)) - Successfully registered JMX Bean with object name Ratis:service=RaftServer,group=group-D64D69ED8B91,id=e43a4404-c45a-4334-ab7d-c37c6cf2c676
2019-08-29 09:09:05,235 [RatisPipelineUtilsThread] INFO  pipeline.PipelineStateManager (PipelineStateManager.java:addPipeline(56)) - Created pipeline Pipeline[ Id: 6e0ada60-03b9-4b45-8bf3-d64d69ed8b91, Nodes: 88078711-0cd2-4a5e-bf0e-90a5498792e5{ip: 192.168.69.87, host: pr-hdds-1935-5tjgs-3847141534, networkLocation: /default-rack, certSerialId: null}c22f91f7-68fa-46ec-983b-e4afd2d3623d{ip: 192.168.69.87, host: pr-hdds-1935-5tjgs-3847141534, networkLocation: /default-rack, certSerialId: null}e43a4404-c45a-4334-ab7d-c37c6cf2c676{ip: 192.168.69.87, host: pr-hdds-1935-5tjgs-3847141534, networkLocation: /default-rack, certSerialId: null}, Type:RATIS, Factor:THREE, State:OPEN]
2019-08-29 09:09:05,276 | INFO  | SCMAudit | user=jenkins1000 | ip=192.168.69.87 | op=ALLOCATE_BLOCK {owner=aa13e4ef-c7ce-4e02-a176-f1e090004e71, size=800, type=RATIS, factor=THREE} | ret=SUCCESS |  
2019-08-29 09:09:05,280 | INFO  | OMAudit | user=jenkins1000 | ip=127.0.0.1 | op=ALLOCATE_KEY {volume=testblockoutputstream, bucket=testblockoutputstream, key=11455579-d0bf-4ed4-b65b-b1046531ab74, dataSize=0, replicationType=RATIS, replicationFactor=THREE, keyLocationInfo=null} | ret=SUCCESS |  
2019-08-29 09:09:05,290 [grpc-default-executor-8] INFO  client.GrpcClientProtocolClient (GrpcClientProtocolClient.java:onNext(255)) - client-3C8988D63F63->fb5607f7-201e-4e71-bf0f-86f0d27d217c: receive RaftClientReply:client-3C8988D63F63->fb5607f7-201e-4e71-bf0f-86f0d27d217c@group-97FA152D1F9A, cid=195, FAILED org.apache.ratis.protocol.NotLeaderException: Server fb5607f7-201e-4e71-bf0f-86f0d27d217c is not the leader (null). Request must be sent to leader., logIndex=0, commits[fb5607f7-201e-4e71-bf0f-86f0d27d217c:c-1]
2019-08-29 09:09:06,304 [grpc-default-executor-4] INFO  client.GrpcClientProtocolClient (GrpcClientProtocolClient.java:onNext(255)) - client-3C8988D63F63->23e9bf69-29f9-4f77-ab56-6ec336a98fa3: receive RaftClientReply:client-3C8988D63F63->23e9bf69-29f9-4f77-ab56-6ec336a98fa3@group-97FA152D1F9A, cid=195, FAILED org.apache.ratis.protocol.NotLeaderException: Server 23e9bf69-29f9-4f77-ab56-6ec336a98fa3 is not the leader (null). Request must be sent to leader., logIndex=0, commits[23e9bf69-29f9-4f77-ab56-6ec336a98fa3:c-1]
2019-08-29 09:09:06,516 | INFO  | SCMAudit | user=jenkins1000 | ip=192.168.69.87 | op=SEND_HEARTBEAT {datanodeUUID=7cbc575c-4b46-452e-9bb8-421b9d270bb5, command=[]} | ret=SUCCESS |  
2019-08-29 09:09:06,580 | INFO  | SCMAudit | user=jenkins1000 | ip=192.168.69.87 | op=SEND_HEARTBEAT {datanodeUUID=c22f91f7-68fa-46ec-983b-e4afd2d3623d, command=[]} | ret=SUCCESS |  
2019-08-29 09:09:06,644 | INFO  | SCMAudit | user=jenkins1000 | ip=192.168.69.87 | op=SEND_HEARTBEAT {datanodeUUID=88078711-0cd2-4a5e-bf0e-90a5498792e5, command=[]} | ret=SUCCESS |  
2019-08-29 09:09:06,704 | INFO  | SCMAudit | user=jenkins1000 | ip=192.168.69.87 | op=SEND_HEARTBEAT {datanodeUUID=23e9bf69-29f9-4f77-ab56-6ec336a98fa3, command=[]} | ret=SUCCESS |  
2019-08-29 09:09:06,774 | INFO  | SCMAudit | user=jenkins1000 | ip=192.168.69.87 | op=SEND_HEARTBEAT {datanodeUUID=511321fd-944d-4aec-af04-300872c24c53, command=[]} | ret=SUCCESS |  
2019-08-29 09:09:06,834 | INFO  | SCMAudit | user=jenkins1000 | ip=192.168.69.87 | op=SEND_HEARTBEAT {datanodeUUID=fb5607f7-201e-4e71-bf0f-86f0d27d217c, command=[]} | ret=SUCCESS |  
2019-08-29 09:09:06,893 | INFO  | SCMAudit | user=jenkins1000 | ip=192.168.69.87 | op=SEND_HEARTBEAT {datanodeUUID=e43a4404-c45a-4334-ab7d-c37c6cf2c676, command=[]} | ret=SUCCESS |  
2019-08-29 09:09:07,324 [grpc-default-executor-4] INFO  client.GrpcClientProtocolClient (GrpcClientProtocolClient.java:onNext(255)) - client-3C8988D63F63->fb5607f7-201e-4e71-bf0f-86f0d27d217c: receive RaftClientReply:client-3C8988D63F63->fb5607f7-201e-4e71-bf0f-86f0d27d217c@group-97FA152D1F9A, cid=195, FAILED org.apache.ratis.protocol.NotLeaderException: Server fb5607f7-201e-4e71-bf0f-86f0d27d217c is not the leader (null). Request must be sent to leader., logIndex=0, commits[fb5607f7-201e-4e71-bf0f-86f0d27d217c:c-1]
2019-08-29 09:09:07,516 | INFO  | SCMAudit | user=jenkins1000 | ip=192.168.69.87 | op=SEND_HEARTBEAT {datanodeUUID=7cbc575c-4b46-452e-9bb8-421b9d270bb5, command=[]} | ret=SUCCESS |  
2019-08-29 09:09:07,527 [Thread-3797] INFO  container.ReplicationManager (ReplicationManager.java:start(162)) - Starting Replication Monitor Thread.
2019-08-29 09:09:07,530 [ReplicationMonitor] INFO  container.ReplicationManager (ReplicationManager.java:run(225)) - Replication Monitor Thread took 0 milliseconds for processing 1 containers.
2019-08-29 09:09:07,580 | INFO  | SCMAudit | user=jenkins1000 | ip=192.168.69.87 | op=SEND_HEARTBEAT {datanodeUUID=c22f91f7-68fa-46ec-983b-e4afd2d3623d, command=[]} | ret=SUCCESS |  
2019-08-29 09:09:07,644 | INFO  | SCMAudit | user=jenkins1000 | ip=192.168.69.87 | op=SEND_HEARTBEAT {datanodeUUID=88078711-0cd2-4a5e-bf0e-90a5498792e5, command=[]} | ret=SUCCESS |  
2019-08-29 09:09:07,704 | INFO  | SCMAudit | user=jenkins1000 | ip=192.168.69.87 | op=SEND_HEARTBEAT {datanodeUUID=23e9bf69-29f9-4f77-ab56-6ec336a98fa3, command=[]} | ret=SUCCESS |  
2019-08-29 09:09:07,775 | INFO  | SCMAudit | user=jenkins1000 | ip=192.168.69.87 | op=SEND_HEARTBEAT {datanodeUUID=511321fd-944d-4aec-af04-300872c24c53, command=[]} | ret=SUCCESS |  
2019-08-29 09:09:07,834 | INFO  | SCMAudit | user=jenkins1000 | ip=192.168.69.87 | op=SEND_HEARTBEAT {datanodeUUID=fb5607f7-201e-4e71-bf0f-86f0d27d217c, command=[]} | ret=SUCCESS |  
2019-08-29 09:09:07,893 | INFO  | SCMAudit | user=jenkins1000 | ip=192.168.69.87 | op=SEND_HEARTBEAT {datanodeUUID=e43a4404-c45a-4334-ab7d-c37c6cf2c676, command=[]} | ret=SUCCESS |  
2019-08-29 09:09:08,337 [grpc-default-executor-4] INFO  client.GrpcClientProtocolClient (GrpcClientProtocolClient.java:onNext(255)) - client-3C8988D63F63->511321fd-944d-4aec-af04-300872c24c53: receive RaftClientReply:client-3C8988D63F63->511321fd-944d-4aec-af04-300872c24c53@group-97FA152D1F9A, cid=195, FAILED org.apache.ratis.protocol.NotLeaderException: Server 511321fd-944d-4aec-af04-300872c24c53 is not the leader (null). Request must be sent to leader., logIndex=0, commits[511321fd-944d-4aec-af04-300872c24c53:c-1]
2019-08-29 09:09:08,516 | INFO  | SCMAudit | user=jenkins1000 | ip=192.168.69.87 | op=SEND_HEARTBEAT {datanodeUUID=7cbc575c-4b46-452e-9bb8-421b9d270bb5, command=[]} | ret=SUCCESS |  
2019-08-29 09:09:08,583 | INFO  | SCMAudit | user=jenkins1000 | ip=192.168.69.87 | op=SEND_HEARTBEAT {datanodeUUID=c22f91f7-68fa-46ec-983b-e4afd2d3623d, command=[]} | ret=SUCCESS |  
2019-08-29 09:09:08,644 | INFO  | SCMAudit | user=jenkins1000 | ip=192.168.69.87 | op=SEND_HEARTBEAT {datanodeUUID=88078711-0cd2-4a5e-bf0e-90a5498792e5, command=[]} | ret=SUCCESS |  
2019-08-29 09:09:08,704 | INFO  | SCMAudit | user=jenkins1000 | ip=192.168.69.87 | op=SEND_HEARTBEAT {datanodeUUID=23e9bf69-29f9-4f77-ab56-6ec336a98fa3, command=[]} | ret=SUCCESS |  
2019-08-29 09:09:08,775 | INFO  | SCMAudit | user=jenkins1000 | ip=192.168.69.87 | op=SEND_HEARTBEAT {datanodeUUID=511321fd-944d-4aec-af04-300872c24c53, command=[]} | ret=SUCCESS |  
2019-08-29 09:09:08,834 | INFO  | SCMAudit | user=jenkins1000 | ip=192.168.69.87 | op=SEND_HEARTBEAT {datanodeUUID=fb5607f7-201e-4e71-bf0f-86f0d27d217c, command=[]} | ret=SUCCESS |  
2019-08-29 09:09:08,893 | INFO  | SCMAudit | user=jenkins1000 | ip=192.168.69.87 | op=SEND_HEARTBEAT {datanodeUUID=e43a4404-c45a-4334-ab7d-c37c6cf2c676, command=[]} | ret=SUCCESS |  
2019-08-29 09:09:09,347 [grpc-default-executor-8] INFO  client.GrpcClientProtocolClient (GrpcClientProtocolClient.java:onNext(255)) - client-3C8988D63F63->fb5607f7-201e-4e71-bf0f-86f0d27d217c: receive RaftClientReply:client-3C8988D63F63->fb5607f7-201e-4e71-bf0f-86f0d27d217c@group-97FA152D1F9A, cid=195, FAILED org.apache.ratis.protocol.NotLeaderException: Server fb5607f7-201e-4e71-bf0f-86f0d27d217c is not the leader (null). Request must be sent to leader., logIndex=0, commits[fb5607f7-201e-4e71-bf0f-86f0d27d217c:c-1]
2019-08-29 09:09:09,516 | INFO  | SCMAudit | user=jenkins1000 | ip=192.168.69.87 | op=SEND_HEARTBEAT {datanodeUUID=7cbc575c-4b46-452e-9bb8-421b9d270bb5, command=[]} | ret=SUCCESS |  
2019-08-29 09:09:09,580 | INFO  | SCMAudit | user=jenkins1000 | ip=192.168.69.87 | op=SEND_HEARTBEAT {datanodeUUID=c22f91f7-68fa-46ec-983b-e4afd2d3623d, command=[]} | ret=SUCCESS |  
2019-08-29 09:09:09,644 | INFO  | SCMAudit | user=jenkins1000 | ip=192.168.69.87 | op=SEND_HEARTBEAT {datanodeUUID=88078711-0cd2-4a5e-bf0e-90a5498792e5, command=[]} | ret=SUCCESS |  
2019-08-29 09:09:09,704 | INFO  | SCMAudit | user=jenkins1000 | ip=192.168.69.87 | op=SEND_HEARTBEAT {datanodeUUID=23e9bf69-29f9-4f77-ab56-6ec336a98fa3, command=[]} | ret=SUCCESS |  
2019-08-29 09:09:09,706 [Thread-3802] INFO  impl.FollowerState (FollowerState.java:run(106)) - c22f91f7-68fa-46ec-983b-e4afd2d3623d:group-9039DB06EBAC changes to CANDIDATE, lastRpcTime:5020, electionTimeout:5020ms
2019-08-29 09:09:09,706 [Thread-3802] INFO  impl.RoleInfo (RoleInfo.java:shutdownFollowerState(121)) - c22f91f7-68fa-46ec-983b-e4afd2d3623d: shutdown FollowerState
2019-08-29 09:09:09,706 [Thread-3802] INFO  impl.RaftServerImpl (RaftServerImpl.java:setRole(171)) - c22f91f7-68fa-46ec-983b-e4afd2d3623d:group-9039DB06EBAC changes role from FOLLOWER to CANDIDATE at term 0 for changeToCandidate
2019-08-29 09:09:09,707 [Thread-3802] INFO  impl.RoleInfo (RoleInfo.java:updateAndGet(143)) - c22f91f7-68fa-46ec-983b-e4afd2d3623d: start LeaderElection
2019-08-29 09:09:09,752 [c22f91f7-68fa-46ec-983b-e4afd2d3623d:group-9039DB06EBAC:LeaderElection74] INFO  impl.LeaderElection (LeaderElection.java:askForVotes(181)) - c22f91f7-68fa-46ec-983b-e4afd2d3623d:group-9039DB06EBAC:LeaderElection74: begin an election at term 1 for -1: [c22f91f7-68fa-46ec-983b-e4afd2d3623d:192.168.69.87:37396], old=null
2019-08-29 09:09:09,752 [c22f91f7-68fa-46ec-983b-e4afd2d3623d:group-9039DB06EBAC:LeaderElection74] INFO  impl.RoleInfo (RoleInfo.java:shutdownLeaderElection(134)) - c22f91f7-68fa-46ec-983b-e4afd2d3623d: shutdown LeaderElection
2019-08-29 09:09:09,752 [c22f91f7-68fa-46ec-983b-e4afd2d3623d:group-9039DB06EBAC:LeaderElection74] INFO  impl.RaftServerImpl (RaftServerImpl.java:setRole(171)) - c22f91f7-68fa-46ec-983b-e4afd2d3623d:group-9039DB06EBAC changes role from CANDIDATE to LEADER at term 1 for changeToLeader
2019-08-29 09:09:09,752 [c22f91f7-68fa-46ec-983b-e4afd2d3623d:group-9039DB06EBAC:LeaderElection74] INFO  impl.RaftServerImpl (ServerState.java:setLeader(263)) - c22f91f7-68fa-46ec-983b-e4afd2d3623d:group-9039DB06EBAC change Leader from null to c22f91f7-68fa-46ec-983b-e4afd2d3623d at term 1 for becomeLeader, leader elected after 5071ms
2019-08-29 09:09:09,753 [c22f91f7-68fa-46ec-983b-e4afd2d3623d:group-9039DB06EBAC:LeaderElection74] INFO  server.RaftServerConfigKeys (ConfUtils.java:logGet(43)) - raft.server.staging.catchup.gap = 1000 (default)
2019-08-29 09:09:09,753 [c22f91f7-68fa-46ec-983b-e4afd2d3623d:group-9039DB06EBAC:LeaderElection74] INFO  server.RaftServerConfigKeys (ConfUtils.java:logGet(43)) - raft.server.rpc.sleep.time = 25ms (default)
2019-08-29 09:09:09,753 [c22f91f7-68fa-46ec-983b-e4afd2d3623d:group-9039DB06EBAC:LeaderElection74] INFO  server.RaftServerConfigKeys (ConfUtils.java:logGet(43)) - raft.server.write.element-limit = 4096 (default)
2019-08-29 09:09:09,753 [c22f91f7-68fa-46ec-983b-e4afd2d3623d:group-9039DB06EBAC:LeaderElection74] INFO  server.RaftServerConfigKeys (ConfUtils.java:logGet(43)) - raft.server.watch.timeout = 10s (default)
2019-08-29 09:09:09,753 [c22f91f7-68fa-46ec-983b-e4afd2d3623d:group-9039DB06EBAC:LeaderElection74] INFO  server.RaftServerConfigKeys (ConfUtils.java:logGet(43)) - raft.server.watch.timeout.denomination = 1s (default)
2019-08-29 09:09:09,754 [c22f91f7-68fa-46ec-983b-e4afd2d3623d:group-9039DB06EBAC:LeaderElection74] INFO  server.RaftServerConfigKeys (ConfUtils.java:logGet(43)) - raft.server.watch.element-limit = 65536 (default)
2019-08-29 09:09:09,754 [c22f91f7-68fa-46ec-983b-e4afd2d3623d:group-9039DB06EBAC:LeaderElection74] INFO  impl.RoleInfo (RoleInfo.java:updateAndGet(143)) - c22f91f7-68fa-46ec-983b-e4afd2d3623d: start LeaderState
2019-08-29 09:09:09,754 [c22f91f7-68fa-46ec-983b-e4afd2d3623d:group-9039DB06EBAC:LeaderElection74] INFO  segmented.SegmentedRaftLogWorker (SegmentedRaftLogWorker.java:startLogSegment(380)) - c22f91f7-68fa-46ec-983b-e4afd2d3623d-SegmentedRaftLogWorker:Storage Directory /workdir/hadoop-ozone/integration-test/target/test-dir/MiniOzoneClusterImpl-1c352198-1c3a-44ed-b4f2-463a1ec9c860/datanode-1/data/ratis/fb493062-e570-4431-bf87-9039db06ebac: Starting segment from index:0
2019-08-29 09:09:09,755 [c22f91f7-68fa-46ec-983b-e4afd2d3623d:group-9039DB06EBAC:LeaderElection74] INFO  impl.RaftServerImpl (ServerState.java:setRaftConf(361)) - c22f91f7-68fa-46ec-983b-e4afd2d3623d:group-9039DB06EBAC set configuration 0: [c22f91f7-68fa-46ec-983b-e4afd2d3623d:192.168.69.87:37396], old=null at 0
2019-08-29 09:09:09,757 [Thread-3799] INFO  impl.FollowerState (FollowerState.java:run(106)) - 7cbc575c-4b46-452e-9bb8-421b9d270bb5:group-29DB894E6F8B changes to CANDIDATE, lastRpcTime:5171, electionTimeout:5171ms
2019-08-29 09:09:09,757 [Thread-3799] INFO  impl.RoleInfo (RoleInfo.java:shutdownFollowerState(121)) - 7cbc575c-4b46-452e-9bb8-421b9d270bb5: shutdown FollowerState
2019-08-29 09:09:09,757 [Thread-3799] INFO  impl.RaftServerImpl (RaftServerImpl.java:setRole(171)) - 7cbc575c-4b46-452e-9bb8-421b9d270bb5:group-29DB894E6F8B changes role from FOLLOWER to CANDIDATE at term 0 for changeToCandidate
2019-08-29 09:09:09,757 [Thread-3799] INFO  impl.RoleInfo (RoleInfo.java:updateAndGet(143)) - 7cbc575c-4b46-452e-9bb8-421b9d270bb5: start LeaderElection
2019-08-29 09:09:09,782 [Thread-3805] INFO  impl.FollowerState (FollowerState.java:run(106)) - 88078711-0cd2-4a5e-bf0e-90a5498792e5:group-079B7BC8B693 changes to CANDIDATE, lastRpcTime:5040, electionTimeout:5021ms
2019-08-29 09:09:09,786 [Thread-3805] INFO  impl.RoleInfo (RoleInfo.java:shutdownFollowerState(121)) - 88078711-0cd2-4a5e-bf0e-90a5498792e5: shutdown FollowerState
2019-08-29 09:09:09,786 [Thread-3805] INFO  impl.RaftServerImpl (RaftServerImpl.java:setRole(171)) - 88078711-0cd2-4a5e-bf0e-90a5498792e5:group-079B7BC8B693 changes role from FOLLOWER to CANDIDATE at term 0 for changeToCandidate
2019-08-29 09:09:09,786 [Thread-3805] INFO  impl.RoleInfo (RoleInfo.java:updateAndGet(143)) - 88078711-0cd2-4a5e-bf0e-90a5498792e5: start LeaderElection
2019-08-29 09:09:09,786 | INFO  | SCMAudit | user=jenkins1000 | ip=192.168.69.87 | op=SEND_HEARTBEAT {datanodeUUID=511321fd-944d-4aec-af04-300872c24c53, command=[]} | ret=SUCCESS |  
2019-08-29 09:09:09,824 [c22f91f7-68fa-46ec-983b-e4afd2d3623d-SegmentedRaftLogWorker:Storage Directory /workdir/hadoop-ozone/integration-test/target/test-dir/MiniOzoneClusterImpl-1c352198-1c3a-44ed-b4f2-463a1ec9c860/datanode-1/data/ratis/fb493062-e570-4431-bf87-9039db06ebac] INFO  segmented.SegmentedRaftLogWorker (SegmentedRaftLogWorker.java:execute(569)) - c22f91f7-68fa-46ec-983b-e4afd2d3623d-SegmentedRaftLogWorker:Storage Directory /workdir/hadoop-ozone/integration-test/target/test-dir/MiniOzoneClusterImpl-1c352198-1c3a-44ed-b4f2-463a1ec9c860/datanode-1/data/ratis/fb493062-e570-4431-bf87-9039db06ebac: created new log segment /workdir/hadoop-ozone/integration-test/target/test-dir/MiniOzoneClusterImpl-1c352198-1c3a-44ed-b4f2-463a1ec9c860/datanode-1/data/ratis/fb493062-e570-4431-bf87-9039db06ebac/current/log_inprogress_0
2019-08-29 09:09:09,824 [88078711-0cd2-4a5e-bf0e-90a5498792e5:group-079B7BC8B693:LeaderElection76] INFO  impl.LeaderElection (LeaderElection.java:askForVotes(181)) - 88078711-0cd2-4a5e-bf0e-90a5498792e5:group-079B7BC8B693:LeaderElection76: begin an election at term 1 for -1: [88078711-0cd2-4a5e-bf0e-90a5498792e5:192.168.69.87:39538], old=null
2019-08-29 09:09:09,824 [7cbc575c-4b46-452e-9bb8-421b9d270bb5:group-29DB894E6F8B:LeaderElection75] INFO  impl.LeaderElection (LeaderElection.java:askForVotes(181)) - 7cbc575c-4b46-452e-9bb8-421b9d270bb5:group-29DB894E6F8B:LeaderElection75: begin an election at term 1 for -1: [7cbc575c-4b46-452e-9bb8-421b9d270bb5:192.168.69.87:37303], old=null
2019-08-29 09:09:09,824 [88078711-0cd2-4a5e-bf0e-90a5498792e5:group-079B7BC8B693:LeaderElection76] INFO  impl.RoleInfo (RoleInfo.java:shutdownLeaderElection(134)) - 88078711-0cd2-4a5e-bf0e-90a5498792e5: shutdown LeaderElection
2019-08-29 09:09:09,824 [7cbc575c-4b46-452e-9bb8-421b9d270bb5:group-29DB894E6F8B:LeaderElection75] INFO  impl.RoleInfo (RoleInfo.java:shutdownLeaderElection(134)) - 7cbc575c-4b46-452e-9bb8-421b9d270bb5: shutdown LeaderElection
2019-08-29 09:09:09,824 [88078711-0cd2-4a5e-bf0e-90a5498792e5:group-079B7BC8B693:LeaderElection76] INFO  impl.RaftServerImpl (RaftServerImpl.java:setRole(171)) - 88078711-0cd2-4a5e-bf0e-90a5498792e5:group-079B7BC8B693 changes role from CANDIDATE to LEADER at term 1 for changeToLeader
2019-08-29 09:09:09,824 [7cbc575c-4b46-452e-9bb8-421b9d270bb5:group-29DB894E6F8B:LeaderElection75] INFO  impl.RaftServerImpl (RaftServerImpl.java:setRole(171)) - 7cbc575c-4b46-452e-9bb8-421b9d270bb5:group-29DB894E6F8B changes role from CANDIDATE to LEADER at term 1 for changeToLeader
2019-08-29 09:09:09,825 [88078711-0cd2-4a5e-bf0e-90a5498792e5:group-079B7BC8B693:LeaderElection76] INFO  impl.RaftServerImpl (ServerState.java:setLeader(263)) - 88078711-0cd2-4a5e-bf0e-90a5498792e5:group-079B7BC8B693 change Leader from null to 88078711-0cd2-4a5e-bf0e-90a5498792e5 at term 1 for becomeLeader, leader elected after 5086ms
2019-08-29 09:09:09,825 [7cbc575c-4b46-452e-9bb8-421b9d270bb5:group-29DB894E6F8B:LeaderElection75] INFO  impl.RaftServerImpl (ServerState.java:setLeader(263)) - 7cbc575c-4b46-452e-9bb8-421b9d270bb5:group-29DB894E6F8B change Leader from null to 7cbc575c-4b46-452e-9bb8-421b9d270bb5 at term 1 for becomeLeader, leader elected after 5243ms
2019-08-29 09:09:09,825 [88078711-0cd2-4a5e-bf0e-90a5498792e5:group-079B7BC8B693:LeaderElection76] INFO  server.RaftServerConfigKeys (ConfUtils.java:logGet(43)) - raft.server.staging.catchup.gap = 1000 (default)
2019-08-29 09:09:09,825 [7cbc575c-4b46-452e-9bb8-421b9d270bb5:group-29DB894E6F8B:LeaderElection75] INFO  server.RaftServerConfigKeys (ConfUtils.java:logGet(43)) - raft.server.staging.catchup.gap = 1000 (default)
2019-08-29 09:09:09,825 [88078711-0cd2-4a5e-bf0e-90a5498792e5:group-079B7BC8B693:LeaderElection76] INFO  server.RaftServerConfigKeys (ConfUtils.java:logGet(43)) - raft.server.rpc.sleep.time = 25ms (default)
2019-08-29 09:09:09,825 [7cbc575c-4b46-452e-9bb8-421b9d270bb5:group-29DB894E6F8B:LeaderElection75] INFO  server.RaftServerConfigKeys (ConfUtils.java:logGet(43)) - raft.server.rpc.sleep.time = 25ms (default)
2019-08-29 09:09:09,825 [88078711-0cd2-4a5e-bf0e-90a5498792e5:group-079B7BC8B693:LeaderElection76] INFO  server.RaftServerConfigKeys (ConfUtils.java:logGet(43)) - raft.server.write.element-limit = 4096 (default)
2019-08-29 09:09:09,825 [7cbc575c-4b46-452e-9bb8-421b9d270bb5:group-29DB894E6F8B:LeaderElection75] INFO  server.RaftServerConfigKeys (ConfUtils.java:logGet(43)) - raft.server.write.element-limit = 4096 (default)
2019-08-29 09:09:09,825 [88078711-0cd2-4a5e-bf0e-90a5498792e5:group-079B7BC8B693:LeaderElection76] INFO  server.RaftServerConfigKeys (ConfUtils.java:logGet(43)) - raft.server.watch.timeout = 10s (default)
2019-08-29 09:09:09,825 [7cbc575c-4b46-452e-9bb8-421b9d270bb5:group-29DB894E6F8B:LeaderElection75] INFO  server.RaftServerConfigKeys (ConfUtils.java:logGet(43)) - raft.server.watch.timeout = 10s (default)
2019-08-29 09:09:09,826 [88078711-0cd2-4a5e-bf0e-90a5498792e5:group-079B7BC8B693:LeaderElection76] INFO  server.RaftServerConfigKeys (ConfUtils.java:logGet(43)) - raft.server.watch.timeout.denomination = 1s (default)
2019-08-29 09:09:09,826 [7cbc575c-4b46-452e-9bb8-421b9d270bb5:group-29DB894E6F8B:LeaderElection75] INFO  server.RaftServerConfigKeys (ConfUtils.java:logGet(43)) - raft.server.watch.timeout.denomination = 1s (default)
2019-08-29 09:09:09,826 [88078711-0cd2-4a5e-bf0e-90a5498792e5:group-079B7BC8B693:LeaderElection76] INFO  server.RaftServerConfigKeys (ConfUtils.java:logGet(43)) - raft.server.watch.element-limit = 65536 (default)
2019-08-29 09:09:09,826 [7cbc575c-4b46-452e-9bb8-421b9d270bb5:group-29DB894E6F8B:LeaderElection75] INFO  server.RaftServerConfigKeys (ConfUtils.java:logGet(43)) - raft.server.watch.element-limit = 65536 (default)
2019-08-29 09:09:09,826 [88078711-0cd2-4a5e-bf0e-90a5498792e5:group-079B7BC8B693:LeaderElection76] INFO  impl.RoleInfo (RoleInfo.java:updateAndGet(143)) - 88078711-0cd2-4a5e-bf0e-90a5498792e5: start LeaderState
2019-08-29 09:09:09,826 [7cbc575c-4b46-452e-9bb8-421b9d270bb5:group-29DB894E6F8B:LeaderElection75] INFO  impl.RoleInfo (RoleInfo.java:updateAndGet(143)) - 7cbc575c-4b46-452e-9bb8-421b9d270bb5: start LeaderState
2019-08-29 09:09:09,826 [88078711-0cd2-4a5e-bf0e-90a5498792e5:group-079B7BC8B693:LeaderElection76] INFO  segmented.SegmentedRaftLogWorker (SegmentedRaftLogWorker.java:startLogSegment(380)) - 88078711-0cd2-4a5e-bf0e-90a5498792e5-SegmentedRaftLogWorker:Storage Directory /workdir/hadoop-ozone/integration-test/target/test-dir/MiniOzoneClusterImpl-1c352198-1c3a-44ed-b4f2-463a1ec9c860/datanode-2/data/ratis/c82bb13d-9adb-48ea-b3e7-079b7bc8b693: Starting segment from index:0
2019-08-29 09:09:09,826 [7cbc575c-4b46-452e-9bb8-421b9d270bb5:group-29DB894E6F8B:LeaderElection75] INFO  segmented.SegmentedRaftLogWorker (SegmentedRaftLogWorker.java:startLogSegment(380)) - 7cbc575c-4b46-452e-9bb8-421b9d270bb5-SegmentedRaftLogWorker:Storage Directory /workdir/hadoop-ozone/integration-test/target/test-dir/MiniOzoneClusterImpl-1c352198-1c3a-44ed-b4f2-463a1ec9c860/datanode-0/data/ratis/a589c81b-1c41-47f9-9d34-29db894e6f8b: Starting segment from index:0
2019-08-29 09:09:09,827 [88078711-0cd2-4a5e-bf0e-90a5498792e5:group-079B7BC8B693:LeaderElection76] INFO  impl.RaftServerImpl (ServerState.java:setRaftConf(361)) - 88078711-0cd2-4a5e-bf0e-90a5498792e5:group-079B7BC8B693 set configuration 0: [88078711-0cd2-4a5e-bf0e-90a5498792e5:192.168.69.87:39538], old=null at 0
2019-08-29 09:09:09,827 [7cbc575c-4b46-452e-9bb8-421b9d270bb5:group-29DB894E6F8B:LeaderElection75] INFO  impl.RaftServerImpl (ServerState.java:setRaftConf(361)) - 7cbc575c-4b46-452e-9bb8-421b9d270bb5:group-29DB894E6F8B set configuration 0: [7cbc575c-4b46-452e-9bb8-421b9d270bb5:192.168.69.87:37303], old=null at 0
2019-08-29 09:09:09,834 | INFO  | SCMAudit | user=jenkins1000 | ip=192.168.69.87 | op=SEND_HEARTBEAT {datanodeUUID=fb5607f7-201e-4e71-bf0f-86f0d27d217c, command=[]} | ret=SUCCESS |  
2019-08-29 09:09:09,859 [Thread-3808] INFO  impl.FollowerState (FollowerState.java:run(106)) - 23e9bf69-29f9-4f77-ab56-6ec336a98fa3:group-E329F9E13EA3 changes to CANDIDATE, lastRpcTime:5029, electionTimeout:5029ms
2019-08-29 09:09:09,859 [Thread-3808] INFO  impl.RoleInfo (RoleInfo.java:shutdownFollowerState(121)) - 23e9bf69-29f9-4f77-ab56-6ec336a98fa3: shutdown FollowerState
2019-08-29 09:09:09,859 [Thread-3808] INFO  impl.RaftServerImpl (RaftServerImpl.java:setRole(171)) - 23e9bf69-29f9-4f77-ab56-6ec336a98fa3:group-E329F9E13EA3 changes role from FOLLOWER to CANDIDATE at term 0 for changeToCandidate
2019-08-29 09:09:09,860 [Thread-3808] INFO  impl.RoleInfo (RoleInfo.java:updateAndGet(143)) - 23e9bf69-29f9-4f77-ab56-6ec336a98fa3: start LeaderElection
2019-08-29 09:09:09,893 | INFO  | SCMAudit | user=jenkins1000 | ip=192.168.69.87 | op=SEND_HEARTBEAT {datanodeUUID=e43a4404-c45a-4334-ab7d-c37c6cf2c676, command=[]} | ret=SUCCESS |  
2019-08-29 09:09:09,912 [7cbc575c-4b46-452e-9bb8-421b9d270bb5-SegmentedRaftLogWorker:Storage Directory /workdir/hadoop-ozone/integration-test/target/test-dir/MiniOzoneClusterImpl-1c352198-1c3a-44ed-b4f2-463a1ec9c860/datanode-0/data/ratis/a589c81b-1c41-47f9-9d34-29db894e6f8b] INFO  segmented.SegmentedRaftLogWorker (SegmentedRaftLogWorker.java:execute(569)) - 7cbc575c-4b46-452e-9bb8-421b9d270bb5-SegmentedRaftLogWorker:Storage Directory /workdir/hadoop-ozone/integration-test/target/test-dir/MiniOzoneClusterImpl-1c352198-1c3a-44ed-b4f2-463a1ec9c860/datanode-0/data/ratis/a589c81b-1c41-47f9-9d34-29db894e6f8b: created new log segment /workdir/hadoop-ozone/integration-test/target/test-dir/MiniOzoneClusterImpl-1c352198-1c3a-44ed-b4f2-463a1ec9c860/datanode-0/data/ratis/a589c81b-1c41-47f9-9d34-29db894e6f8b/current/log_inprogress_0
2019-08-29 09:09:09,912 [88078711-0cd2-4a5e-bf0e-90a5498792e5-SegmentedRaftLogWorker:Storage Directory /workdir/hadoop-ozone/integration-test/target/test-dir/MiniOzoneClusterImpl-1c352198-1c3a-44ed-b4f2-463a1ec9c860/datanode-2/data/ratis/c82bb13d-9adb-48ea-b3e7-079b7bc8b693] INFO  segmented.SegmentedRaftLogWorker (SegmentedRaftLogWorker.java:execute(569)) - 88078711-0cd2-4a5e-bf0e-90a5498792e5-SegmentedRaftLogWorker:Storage Directory /workdir/hadoop-ozone/integration-test/target/test-dir/MiniOzoneClusterImpl-1c352198-1c3a-44ed-b4f2-463a1ec9c860/datanode-2/data/ratis/c82bb13d-9adb-48ea-b3e7-079b7bc8b693: created new log segment /workdir/hadoop-ozone/integration-test/target/test-dir/MiniOzoneClusterImpl-1c352198-1c3a-44ed-b4f2-463a1ec9c860/datanode-2/data/ratis/c82bb13d-9adb-48ea-b3e7-079b7bc8b693/current/log_inprogress_0
2019-08-29 09:09:09,931 [23e9bf69-29f9-4f77-ab56-6ec336a98fa3:group-E329F9E13EA3:LeaderElection77] INFO  impl.LeaderElection (LeaderElection.java:askForVotes(181)) - 23e9bf69-29f9-4f77-ab56-6ec336a98fa3:group-E329F9E13EA3:LeaderElection77: begin an election at term 1 for -1: [23e9bf69-29f9-4f77-ab56-6ec336a98fa3:192.168.69.87:39841], old=null
2019-08-29 09:09:09,932 [23e9bf69-29f9-4f77-ab56-6ec336a98fa3:group-E329F9E13EA3:LeaderElection77] INFO  impl.RoleInfo (RoleInfo.java:shutdownLeaderElection(134)) - 23e9bf69-29f9-4f77-ab56-6ec336a98fa3: shutdown LeaderElection
2019-08-29 09:09:09,932 [23e9bf69-29f9-4f77-ab56-6ec336a98fa3:group-E329F9E13EA3:LeaderElection77] INFO  impl.RaftServerImpl (RaftServerImpl.java:setRole(171)) - 23e9bf69-29f9-4f77-ab56-6ec336a98fa3:group-E329F9E13EA3 changes role from CANDIDATE to LEADER at term 1 for changeToLeader
2019-08-29 09:09:09,932 [23e9bf69-29f9-4f77-ab56-6ec336a98fa3:group-E329F9E13EA3:LeaderElection77] INFO  impl.RaftServerImpl (ServerState.java:setLeader(263)) - 23e9bf69-29f9-4f77-ab56-6ec336a98fa3:group-E329F9E13EA3 change Leader from null to 23e9bf69-29f9-4f77-ab56-6ec336a98fa3 at term 1 for becomeLeader, leader elected after 5106ms
2019-08-29 09:09:09,932 [23e9bf69-29f9-4f77-ab56-6ec336a98fa3:group-E329F9E13EA3:LeaderElection77] INFO  server.RaftServerConfigKeys (ConfUtils.java:logGet(43)) - raft.server.staging.catchup.gap = 1000 (default)
2019-08-29 09:09:09,932 [23e9bf69-29f9-4f77-ab56-6ec336a98fa3:group-E329F9E13EA3:LeaderElection77] INFO  server.RaftServerConfigKeys (ConfUtils.java:logGet(43)) - raft.server.rpc.sleep.time = 25ms (default)
2019-08-29 09:09:09,932 [23e9bf69-29f9-4f77-ab56-6ec336a98fa3:group-E329F9E13EA3:LeaderElection77] INFO  server.RaftServerConfigKeys (ConfUtils.java:logGet(43)) - raft.server.write.element-limit = 4096 (default)
2019-08-29 09:09:09,932 [23e9bf69-29f9-4f77-ab56-6ec336a98fa3:group-E329F9E13EA3:LeaderElection77] INFO  server.RaftServerConfigKeys (ConfUtils.java:logGet(43)) - raft.server.watch.timeout = 10s (default)
2019-08-29 09:09:09,932 [23e9bf69-29f9-4f77-ab56-6ec336a98fa3:group-E329F9E13EA3:LeaderElection77] INFO  server.RaftServerConfigKeys (ConfUtils.java:logGet(43)) - raft.server.watch.timeout.denomination = 1s (default)
2019-08-29 09:09:09,932 [23e9bf69-29f9-4f77-ab56-6ec336a98fa3:group-E329F9E13EA3:LeaderElection77] INFO  server.RaftServerConfigKeys (ConfUtils.java:logGet(43)) - raft.server.watch.element-limit = 65536 (default)
2019-08-29 09:09:09,932 [23e9bf69-29f9-4f77-ab56-6ec336a98fa3:group-E329F9E13EA3:LeaderElection77] INFO  impl.RoleInfo (RoleInfo.java:updateAndGet(143)) - 23e9bf69-29f9-4f77-ab56-6ec336a98fa3: start LeaderState
2019-08-29 09:09:09,933 [23e9bf69-29f9-4f77-ab56-6ec336a98fa3:group-E329F9E13EA3:LeaderElection77] INFO  segmented.SegmentedRaftLogWorker (SegmentedRaftLogWorker.java:startLogSegment(380)) - 23e9bf69-29f9-4f77-ab56-6ec336a98fa3-SegmentedRaftLogWorker:Storage Directory /workdir/hadoop-ozone/integration-test/target/test-dir/MiniOzoneClusterImpl-1c352198-1c3a-44ed-b4f2-463a1ec9c860/datanode-3/data/ratis/523f629c-b587-4e22-a01e-e329f9e13ea3: Starting segment from index:0
2019-08-29 09:09:09,933 [23e9bf69-29f9-4f77-ab56-6ec336a98fa3:group-E329F9E13EA3:LeaderElection77] INFO  impl.RaftServerImpl (ServerState.java:setRaftConf(361)) - 23e9bf69-29f9-4f77-ab56-6ec336a98fa3:group-E329F9E13EA3 set configuration 0: [23e9bf69-29f9-4f77-ab56-6ec336a98fa3:192.168.69.87:39841], old=null at 0
2019-08-29 09:09:09,992 [23e9bf69-29f9-4f77-ab56-6ec336a98fa3-SegmentedRaftLogWorker:Storage Directory /workdir/hadoop-ozone/integration-test/target/test-dir/MiniOzoneClusterImpl-1c352198-1c3a-44ed-b4f2-463a1ec9c860/datanode-3/data/ratis/523f629c-b587-4e22-a01e-e329f9e13ea3] INFO  segmented.SegmentedRaftLogWorker (SegmentedRaftLogWorker.java:execute(569)) - 23e9bf69-29f9-4f77-ab56-6ec336a98fa3-SegmentedRaftLogWorker:Storage Directory /workdir/hadoop-ozone/integration-test/target/test-dir/MiniOzoneClusterImpl-1c352198-1c3a-44ed-b4f2-463a1ec9c860/datanode-3/data/ratis/523f629c-b587-4e22-a01e-e329f9e13ea3: created new log segment /workdir/hadoop-ozone/integration-test/target/test-dir/MiniOzoneClusterImpl-1c352198-1c3a-44ed-b4f2-463a1ec9c860/datanode-3/data/ratis/523f629c-b587-4e22-a01e-e329f9e13ea3/current/log_inprogress_0
2019-08-29 09:09:10,056 [Thread-3813] INFO  impl.FollowerState (FollowerState.java:run(106)) - 511321fd-944d-4aec-af04-300872c24c53:group-FC09D47DF90E changes to CANDIDATE, lastRpcTime:5133, electionTimeout:5133ms
2019-08-29 09:09:10,056 [Thread-3813] INFO  impl.RoleInfo (RoleInfo.java:shutdownFollowerState(121)) - 511321fd-944d-4aec-af04-300872c24c53: shutdown FollowerState
2019-08-29 09:09:10,056 [Thread-3813] INFO  impl.RaftServerImpl (RaftServerImpl.java:setRole(171)) - 511321fd-944d-4aec-af04-300872c24c53:group-FC09D47DF90E changes role from FOLLOWER to CANDIDATE at term 0 for changeToCandidate
2019-08-29 09:09:10,056 [Thread-3813] INFO  impl.RoleInfo (RoleInfo.java:updateAndGet(143)) - 511321fd-944d-4aec-af04-300872c24c53: start LeaderElection
2019-08-29 09:09:10,076 [511321fd-944d-4aec-af04-300872c24c53:group-FC09D47DF90E:LeaderElection78] INFO  impl.LeaderElection (LeaderElection.java:askForVotes(181)) - 511321fd-944d-4aec-af04-300872c24c53:group-FC09D47DF90E:LeaderElection78: begin an election at term 1 for -1: [511321fd-944d-4aec-af04-300872c24c53:192.168.69.87:34888], old=null
2019-08-29 09:09:10,076 [511321fd-944d-4aec-af04-300872c24c53:group-FC09D47DF90E:LeaderElection78] INFO  impl.RoleInfo (RoleInfo.java:shutdownLeaderElection(134)) - 511321fd-944d-4aec-af04-300872c24c53: shutdown LeaderElection
2019-08-29 09:09:10,076 [511321fd-944d-4aec-af04-300872c24c53:group-FC09D47DF90E:LeaderElection78] INFO  impl.RaftServerImpl (RaftServerImpl.java:setRole(171)) - 511321fd-944d-4aec-af04-300872c24c53:group-FC09D47DF90E changes role from CANDIDATE to LEADER at term 1 for changeToLeader
2019-08-29 09:09:10,076 [511321fd-944d-4aec-af04-300872c24c53:group-FC09D47DF90E:LeaderElection78] INFO  impl.RaftServerImpl (ServerState.java:setLeader(263)) - 511321fd-944d-4aec-af04-300872c24c53:group-FC09D47DF90E change Leader from null to 511321fd-944d-4aec-af04-300872c24c53 at term 1 for becomeLeader, leader elected after 5157ms
2019-08-29 09:09:10,076 [511321fd-944d-4aec-af04-300872c24c53:group-FC09D47DF90E:LeaderElection78] INFO  server.RaftServerConfigKeys (ConfUtils.java:logGet(43)) - raft.server.staging.catchup.gap = 1000 (default)
2019-08-29 09:09:10,076 [511321fd-944d-4aec-af04-300872c24c53:group-FC09D47DF90E:LeaderElection78] INFO  server.RaftServerConfigKeys (ConfUtils.java:logGet(43)) - raft.server.rpc.sleep.time = 25ms (default)
2019-08-29 09:09:10,076 [511321fd-944d-4aec-af04-300872c24c53:group-FC09D47DF90E:LeaderElection78] INFO  server.RaftServerConfigKeys (ConfUtils.java:logGet(43)) - raft.server.write.element-limit = 4096 (default)
2019-08-29 09:09:10,077 [511321fd-944d-4aec-af04-300872c24c53:group-FC09D47DF90E:LeaderElection78] INFO  server.RaftServerConfigKeys (ConfUtils.java:logGet(43)) - raft.server.watch.timeout = 10s (default)
2019-08-29 09:09:10,077 [511321fd-944d-4aec-af04-300872c24c53:group-FC09D47DF90E:LeaderElection78] INFO  server.RaftServerConfigKeys (ConfUtils.java:logGet(43)) - raft.server.watch.timeout.denomination = 1s (default)
2019-08-29 09:09:10,077 [511321fd-944d-4aec-af04-300872c24c53:group-FC09D47DF90E:LeaderElection78] INFO  server.RaftServerConfigKeys (ConfUtils.java:logGet(43)) - raft.server.watch.element-limit = 65536 (default)
2019-08-29 09:09:10,077 [511321fd-944d-4aec-af04-300872c24c53:group-FC09D47DF90E:LeaderElection78] INFO  impl.RoleInfo (RoleInfo.java:updateAndGet(143)) - 511321fd-944d-4aec-af04-300872c24c53: start LeaderState
2019-08-29 09:09:10,077 [511321fd-944d-4aec-af04-300872c24c53:group-FC09D47DF90E:LeaderElection78] INFO  segmented.SegmentedRaftLogWorker (SegmentedRaftLogWorker.java:startLogSegment(380)) - 511321fd-944d-4aec-af04-300872c24c53-SegmentedRaftLogWorker:Storage Directory /workdir/hadoop-ozone/integration-test/target/test-dir/MiniOzoneClusterImpl-1c352198-1c3a-44ed-b4f2-463a1ec9c860/datanode-4/data/ratis/522d92fe-e7d6-42e3-b4a7-fc09d47df90e: Starting segment from index:0
2019-08-29 09:09:10,078 [511321fd-944d-4aec-af04-300872c24c53:group-FC09D47DF90E:LeaderElection78] INFO  impl.RaftServerImpl (ServerState.java:setRaftConf(361)) - 511321fd-944d-4aec-af04-300872c24c53:group-FC09D47DF90E set configuration 0: [511321fd-944d-4aec-af04-300872c24c53:192.168.69.87:34888], old=null at 0
2019-08-29 09:09:10,096 [Thread-3819] INFO  impl.FollowerState (FollowerState.java:run(106)) - e43a4404-c45a-4334-ab7d-c37c6cf2c676:group-2C7D1085A68A changes to CANDIDATE, lastRpcTime:5006, electionTimeout:5006ms
2019-08-29 09:09:10,096 [Thread-3819] INFO  impl.RoleInfo (RoleInfo.java:shutdownFollowerState(121)) - e43a4404-c45a-4334-ab7d-c37c6cf2c676: shutdown FollowerState
2019-08-29 09:09:10,097 [Thread-3819] INFO  impl.RaftServerImpl (RaftServerImpl.java:setRole(171)) - e43a4404-c45a-4334-ab7d-c37c6cf2c676:group-2C7D1085A68A changes role from FOLLOWER to CANDIDATE at term 0 for changeToCandidate
2019-08-29 09:09:10,097 [Thread-3819] INFO  impl.RoleInfo (RoleInfo.java:updateAndGet(143)) - e43a4404-c45a-4334-ab7d-c37c6cf2c676: start LeaderElection
2019-08-29 09:09:10,129 [511321fd-944d-4aec-af04-300872c24c53-SegmentedRaftLogWorker:Storage Directory /workdir/hadoop-ozone/integration-test/target/test-dir/MiniOzoneClusterImpl-1c352198-1c3a-44ed-b4f2-463a1ec9c860/datanode-4/data/ratis/522d92fe-e7d6-42e3-b4a7-fc09d47df90e] INFO  segmented.SegmentedRaftLogWorker (SegmentedRaftLogWorker.java:execute(569)) - 511321fd-944d-4aec-af04-300872c24c53-SegmentedRaftLogWorker:Storage Directory /workdir/hadoop-ozone/integration-test/target/test-dir/MiniOzoneClusterImpl-1c352198-1c3a-44ed-b4f2-463a1ec9c860/datanode-4/data/ratis/522d92fe-e7d6-42e3-b4a7-fc09d47df90e: created new log segment /workdir/hadoop-ozone/integration-test/target/test-dir/MiniOzoneClusterImpl-1c352198-1c3a-44ed-b4f2-463a1ec9c860/datanode-4/data/ratis/522d92fe-e7d6-42e3-b4a7-fc09d47df90e/current/log_inprogress_0
2019-08-29 09:09:10,129 [e43a4404-c45a-4334-ab7d-c37c6cf2c676:group-2C7D1085A68A:LeaderElection79] INFO  impl.LeaderElection (LeaderElection.java:askForVotes(181)) - e43a4404-c45a-4334-ab7d-c37c6cf2c676:group-2C7D1085A68A:LeaderElection79: begin an election at term 1 for -1: [e43a4404-c45a-4334-ab7d-c37c6cf2c676:192.168.69.87:36119], old=null
2019-08-29 09:09:10,129 [e43a4404-c45a-4334-ab7d-c37c6cf2c676:group-2C7D1085A68A:LeaderElection79] INFO  impl.RoleInfo (RoleInfo.java:shutdownLeaderElection(134)) - e43a4404-c45a-4334-ab7d-c37c6cf2c676: shutdown LeaderElection
2019-08-29 09:09:10,129 [e43a4404-c45a-4334-ab7d-c37c6cf2c676:group-2C7D1085A68A:LeaderElection79] INFO  impl.RaftServerImpl (RaftServerImpl.java:setRole(171)) - e43a4404-c45a-4334-ab7d-c37c6cf2c676:group-2C7D1085A68A changes role from CANDIDATE to LEADER at term 1 for changeToLeader
2019-08-29 09:09:10,129 [e43a4404-c45a-4334-ab7d-c37c6cf2c676:group-2C7D1085A68A:LeaderElection79] INFO  impl.RaftServerImpl (ServerState.java:setLeader(263)) - e43a4404-c45a-4334-ab7d-c37c6cf2c676:group-2C7D1085A68A change Leader from null to e43a4404-c45a-4334-ab7d-c37c6cf2c676 at term 1 for becomeLeader, leader elected after 5042ms
2019-08-29 09:09:10,130 [e43a4404-c45a-4334-ab7d-c37c6cf2c676:group-2C7D1085A68A:LeaderElection79] INFO  server.RaftServerConfigKeys (ConfUtils.java:logGet(43)) - raft.server.staging.catchup.gap = 1000 (default)
2019-08-29 09:09:10,130 [e43a4404-c45a-4334-ab7d-c37c6cf2c676:group-2C7D1085A68A:LeaderElection79] INFO  server.RaftServerConfigKeys (ConfUtils.java:logGet(43)) - raft.server.rpc.sleep.time = 25ms (default)
2019-08-29 09:09:10,130 [e43a4404-c45a-4334-ab7d-c37c6cf2c676:group-2C7D1085A68A:LeaderElection79] INFO  server.RaftServerConfigKeys (ConfUtils.java:logGet(43)) - raft.server.write.element-limit = 4096 (default)
2019-08-29 09:09:10,130 [e43a4404-c45a-4334-ab7d-c37c6cf2c676:group-2C7D1085A68A:LeaderElection79] INFO  server.RaftServerConfigKeys (ConfUtils.java:logGet(43)) - raft.server.watch.timeout = 10s (default)
2019-08-29 09:09:10,130 [e43a4404-c45a-4334-ab7d-c37c6cf2c676:group-2C7D1085A68A:LeaderElection79] INFO  server.RaftServerConfigKeys (ConfUtils.java:logGet(43)) - raft.server.watch.timeout.denomination = 1s (default)
2019-08-29 09:09:10,130 [e43a4404-c45a-4334-ab7d-c37c6cf2c676:group-2C7D1085A68A:LeaderElection79] INFO  server.RaftServerConfigKeys (ConfUtils.java:logGet(43)) - raft.server.watch.element-limit = 65536 (default)
2019-08-29 09:09:10,131 [e43a4404-c45a-4334-ab7d-c37c6cf2c676:group-2C7D1085A68A:LeaderElection79] INFO  impl.RoleInfo (RoleInfo.java:updateAndGet(143)) - e43a4404-c45a-4334-ab7d-c37c6cf2c676: start LeaderState
2019-08-29 09:09:10,131 [e43a4404-c45a-4334-ab7d-c37c6cf2c676:group-2C7D1085A68A:LeaderElection79] INFO  segmented.SegmentedRaftLogWorker (SegmentedRaftLogWorker.java:startLogSegment(380)) - e43a4404-c45a-4334-ab7d-c37c6cf2c676-SegmentedRaftLogWorker:Storage Directory /workdir/hadoop-ozone/integration-test/target/test-dir/MiniOzoneClusterImpl-1c352198-1c3a-44ed-b4f2-463a1ec9c860/datanode-6/data/ratis/18abddaf-63e5-4f51-a44d-2c7d1085a68a: Starting segment from index:0
2019-08-29 09:09:10,131 [e43a4404-c45a-4334-ab7d-c37c6cf2c676:group-2C7D1085A68A:LeaderElection79] INFO  impl.RaftServerImpl (ServerState.java:setRaftConf(361)) - e43a4404-c45a-4334-ab7d-c37c6cf2c676:group-2C7D1085A68A set configuration 0: [e43a4404-c45a-4334-ab7d-c37c6cf2c676:192.168.69.87:36119], old=null at 0
2019-08-29 09:09:10,174 [Thread-3816] INFO  impl.FollowerState (FollowerState.java:run(106)) - fb5607f7-201e-4e71-bf0f-86f0d27d217c:group-D58831619217 changes to CANDIDATE, lastRpcTime:5133, electionTimeout:5133ms
2019-08-29 09:09:10,174 [Thread-3816] INFO  impl.RoleInfo (RoleInfo.java:shutdownFollowerState(121)) - fb5607f7-201e-4e71-bf0f-86f0d27d217c: shutdown FollowerState
2019-08-29 09:09:10,175 [Thread-3816] INFO  impl.RaftServerImpl (RaftServerImpl.java:setRole(171)) - fb5607f7-201e-4e71-bf0f-86f0d27d217c:group-D58831619217 changes role from FOLLOWER to CANDIDATE at term 0 for changeToCandidate
2019-08-29 09:09:10,175 [Thread-3816] INFO  impl.RoleInfo (RoleInfo.java:updateAndGet(143)) - fb5607f7-201e-4e71-bf0f-86f0d27d217c: start LeaderElection
2019-08-29 09:09:10,182 [e43a4404-c45a-4334-ab7d-c37c6cf2c676-SegmentedRaftLogWorker:Storage Directory /workdir/hadoop-ozone/integration-test/target/test-dir/MiniOzoneClusterImpl-1c352198-1c3a-44ed-b4f2-463a1ec9c860/datanode-6/data/ratis/18abddaf-63e5-4f51-a44d-2c7d1085a68a] INFO  segmented.SegmentedRaftLogWorker (SegmentedRaftLogWorker.java:execute(569)) - e43a4404-c45a-4334-ab7d-c37c6cf2c676-SegmentedRaftLogWorker:Storage Directory /workdir/hadoop-ozone/integration-test/target/test-dir/MiniOzoneClusterImpl-1c352198-1c3a-44ed-b4f2-463a1ec9c860/datanode-6/data/ratis/18abddaf-63e5-4f51-a44d-2c7d1085a68a: created new log segment /workdir/hadoop-ozone/integration-test/target/test-dir/MiniOzoneClusterImpl-1c352198-1c3a-44ed-b4f2-463a1ec9c860/datanode-6/data/ratis/18abddaf-63e5-4f51-a44d-2c7d1085a68a/current/log_inprogress_0
2019-08-29 09:09:10,215 [fb5607f7-201e-4e71-bf0f-86f0d27d217c:group-D58831619217:LeaderElection80] INFO  impl.LeaderElection (LeaderElection.java:askForVotes(181)) - fb5607f7-201e-4e71-bf0f-86f0d27d217c:group-D58831619217:LeaderElection80: begin an election at term 1 for -1: [fb5607f7-201e-4e71-bf0f-86f0d27d217c:192.168.69.87:41583], old=null
2019-08-29 09:09:10,215 [fb5607f7-201e-4e71-bf0f-86f0d27d217c:group-D58831619217:LeaderElection80] INFO  impl.RoleInfo (RoleInfo.java:shutdownLeaderElection(134)) - fb5607f7-201e-4e71-bf0f-86f0d27d217c: shutdown LeaderElection
2019-08-29 09:09:10,215 [fb5607f7-201e-4e71-bf0f-86f0d27d217c:group-D58831619217:LeaderElection80] INFO  impl.RaftServerImpl (RaftServerImpl.java:setRole(171)) - fb5607f7-201e-4e71-bf0f-86f0d27d217c:group-D58831619217 changes role from CANDIDATE to LEADER at term 1 for changeToLeader
2019-08-29 09:09:10,216 [fb5607f7-201e-4e71-bf0f-86f0d27d217c:group-D58831619217:LeaderElection80] INFO  impl.RaftServerImpl (ServerState.java:setLeader(263)) - fb5607f7-201e-4e71-bf0f-86f0d27d217c:group-D58831619217 change Leader from null to fb5607f7-201e-4e71-bf0f-86f0d27d217c at term 1 for becomeLeader, leader elected after 5179ms
2019-08-29 09:09:10,216 [fb5607f7-201e-4e71-bf0f-86f0d27d217c:group-D58831619217:LeaderElection80] INFO  server.RaftServerConfigKeys (ConfUtils.java:logGet(43)) - raft.server.staging.catchup.gap = 1000 (default)
2019-08-29 09:09:10,216 [fb5607f7-201e-4e71-bf0f-86f0d27d217c:group-D58831619217:LeaderElection80] INFO  server.RaftServerConfigKeys (ConfUtils.java:logGet(43)) - raft.server.rpc.sleep.time = 25ms (default)
2019-08-29 09:09:10,216 [fb5607f7-201e-4e71-bf0f-86f0d27d217c:group-D58831619217:LeaderElection80] INFO  server.RaftServerConfigKeys (ConfUtils.java:logGet(43)) - raft.server.write.element-limit = 4096 (default)
2019-08-29 09:09:10,216 [fb5607f7-201e-4e71-bf0f-86f0d27d217c:group-D58831619217:LeaderElection80] INFO  server.RaftServerConfigKeys (ConfUtils.java:logGet(43)) - raft.server.watch.timeout = 10s (default)
2019-08-29 09:09:10,216 [fb5607f7-201e-4e71-bf0f-86f0d27d217c:group-D58831619217:LeaderElection80] INFO  server.RaftServerConfigKeys (ConfUtils.java:logGet(43)) - raft.server.watch.timeout.denomination = 1s (default)
2019-08-29 09:09:10,216 [fb5607f7-201e-4e71-bf0f-86f0d27d217c:group-D58831619217:LeaderElection80] INFO  server.RaftServerConfigKeys (ConfUtils.java:logGet(43)) - raft.server.watch.element-limit = 65536 (default)
2019-08-29 09:09:10,217 [fb5607f7-201e-4e71-bf0f-86f0d27d217c:group-D58831619217:LeaderElection80] INFO  impl.RoleInfo (RoleInfo.java:updateAndGet(143)) - fb5607f7-201e-4e71-bf0f-86f0d27d217c: start LeaderState
2019-08-29 09:09:10,217 [fb5607f7-201e-4e71-bf0f-86f0d27d217c:group-D58831619217:LeaderElection80] INFO  segmented.SegmentedRaftLogWorker (SegmentedRaftLogWorker.java:startLogSegment(380)) - fb5607f7-201e-4e71-bf0f-86f0d27d217c-SegmentedRaftLogWorker:Storage Directory /workdir/hadoop-ozone/integration-test/target/test-dir/MiniOzoneClusterImpl-1c352198-1c3a-44ed-b4f2-463a1ec9c860/datanode-5/data/ratis/d21e80b0-21b2-4297-84d6-d58831619217: Starting segment from index:0
2019-08-29 09:09:10,217 [fb5607f7-201e-4e71-bf0f-86f0d27d217c:group-D58831619217:LeaderElection80] INFO  impl.RaftServerImpl (ServerState.java:setRaftConf(361)) - fb5607f7-201e-4e71-bf0f-86f0d27d217c:group-D58831619217 set configuration 0: [fb5607f7-201e-4e71-bf0f-86f0d27d217c:192.168.69.87:41583], old=null at 0
2019-08-29 09:09:10,254 [Thread-3835] INFO  impl.FollowerState (FollowerState.java:run(106)) - c22f91f7-68fa-46ec-983b-e4afd2d3623d:group-D64D69ED8B91 changes to CANDIDATE, lastRpcTime:5021, electionTimeout:5021ms
2019-08-29 09:09:10,254 [Thread-3835] INFO  impl.RoleInfo (RoleInfo.java:shutdownFollowerState(121)) - c22f91f7-68fa-46ec-983b-e4afd2d3623d: shutdown FollowerState
2019-08-29 09:09:10,254 [Thread-3835] INFO  impl.RaftServerImpl (RaftServerImpl.java:setRole(171)) - c22f91f7-68fa-46ec-983b-e4afd2d3623d:group-D64D69ED8B91 changes role from FOLLOWER to CANDIDATE at term 0 for changeToCandidate
2019-08-29 09:09:10,254 [Thread-3822] INFO  impl.FollowerState (FollowerState.java:run(106)) - 511321fd-944d-4aec-af04-300872c24c53:group-97FA152D1F9A changes to CANDIDATE, lastRpcTime:5099, electionTimeout:5099ms
2019-08-29 09:09:10,254 [Thread-3835] INFO  impl.RoleInfo (RoleInfo.java:updateAndGet(143)) - c22f91f7-68fa-46ec-983b-e4afd2d3623d: start LeaderElection
2019-08-29 09:09:10,254 [Thread-3822] INFO  impl.RoleInfo (RoleInfo.java:shutdownFollowerState(121)) - 511321fd-944d-4aec-af04-300872c24c53: shutdown FollowerState
2019-08-29 09:09:10,255 [Thread-3822] INFO  impl.RaftServerImpl (RaftServerImpl.java:setRole(171)) - 511321fd-944d-4aec-af04-300872c24c53:group-97FA152D1F9A changes role from FOLLOWER to CANDIDATE at term 0 for changeToCandidate
2019-08-29 09:09:10,258 [Thread-3822] INFO  impl.RoleInfo (RoleInfo.java:updateAndGet(143)) - 511321fd-944d-4aec-af04-300872c24c53: start LeaderElection
2019-08-29 09:09:10,262 [Thread-3827] INFO  impl.FollowerState (FollowerState.java:run(106)) - 23e9bf69-29f9-4f77-ab56-6ec336a98fa3:group-97FA152D1F9A changes to CANDIDATE, lastRpcTime:5104, electionTimeout:5100ms
2019-08-29 09:09:10,263 [Thread-3827] INFO  impl.RoleInfo (RoleInfo.java:shutdownFollowerState(121)) - 23e9bf69-29f9-4f77-ab56-6ec336a98fa3: shutdown FollowerState
2019-08-29 09:09:10,265 [Thread-3827] INFO  impl.RaftServerImpl (RaftServerImpl.java:setRole(171)) - 23e9bf69-29f9-4f77-ab56-6ec336a98fa3:group-97FA152D1F9A changes role from FOLLOWER to CANDIDATE at term 0 for changeToCandidate
2019-08-29 09:09:10,267 [Thread-3827] INFO  impl.RoleInfo (RoleInfo.java:updateAndGet(143)) - 23e9bf69-29f9-4f77-ab56-6ec336a98fa3: start LeaderElection
2019-08-29 09:09:10,285 [fb5607f7-201e-4e71-bf0f-86f0d27d217c-SegmentedRaftLogWorker:Storage Directory /workdir/hadoop-ozone/integration-test/target/test-dir/MiniOzoneClusterImpl-1c352198-1c3a-44ed-b4f2-463a1ec9c860/datanode-5/data/ratis/d21e80b0-21b2-4297-84d6-d58831619217] INFO  segmented.SegmentedRaftLogWorker (SegmentedRaftLogWorker.java:execute(569)) - fb5607f7-201e-4e71-bf0f-86f0d27d217c-SegmentedRaftLogWorker:Storage Directory /workdir/hadoop-ozone/integration-test/target/test-dir/MiniOzoneClusterImpl-1c352198-1c3a-44ed-b4f2-463a1ec9c860/datanode-5/data/ratis/d21e80b0-21b2-4297-84d6-d58831619217: created new log segment /workdir/hadoop-ozone/integration-test/target/test-dir/MiniOzoneClusterImpl-1c352198-1c3a-44ed-b4f2-463a1ec9c860/datanode-5/data/ratis/d21e80b0-21b2-4297-84d6-d58831619217/current/log_inprogress_0
2019-08-29 09:09:10,285 [c22f91f7-68fa-46ec-983b-e4afd2d3623d:group-D64D69ED8B91:LeaderElection81] INFO  impl.LeaderElection (LeaderElection.java:askForVotes(181)) - c22f91f7-68fa-46ec-983b-e4afd2d3623d:group-D64D69ED8B91:LeaderElection81: begin an election at term 1 for -1: [88078711-0cd2-4a5e-bf0e-90a5498792e5:192.168.69.87:39538, e43a4404-c45a-4334-ab7d-c37c6cf2c676:192.168.69.87:36119, c22f91f7-68fa-46ec-983b-e4afd2d3623d:192.168.69.87:37396], old=null
2019-08-29 09:09:10,285 [23e9bf69-29f9-4f77-ab56-6ec336a98fa3:group-97FA152D1F9A:LeaderElection83] INFO  impl.LeaderElection (LeaderElection.java:askForVotes(181)) - 23e9bf69-29f9-4f77-ab56-6ec336a98fa3:group-97FA152D1F9A:LeaderElection83: begin an election at term 1 for -1: [23e9bf69-29f9-4f77-ab56-6ec336a98fa3:192.168.69.87:39841, 511321fd-944d-4aec-af04-300872c24c53:192.168.69.87:34888, fb5607f7-201e-4e71-bf0f-86f0d27d217c:192.168.69.87:41583], old=null
2019-08-29 09:09:10,285 [511321fd-944d-4aec-af04-300872c24c53:group-97FA152D1F9A:LeaderElection82] INFO  impl.LeaderElection (LeaderElection.java:askForVotes(181)) - 511321fd-944d-4aec-af04-300872c24c53:group-97FA152D1F9A:LeaderElection82: begin an election at term 1 for -1: [23e9bf69-29f9-4f77-ab56-6ec336a98fa3:192.168.69.87:39841, 511321fd-944d-4aec-af04-300872c24c53:192.168.69.87:34888, fb5607f7-201e-4e71-bf0f-86f0d27d217c:192.168.69.87:41583], old=null
2019-08-29 09:09:10,293 [grpc-default-executor-8] INFO  impl.RaftServerImpl (RaftServerImpl.java:setRole(171)) - e43a4404-c45a-4334-ab7d-c37c6cf2c676:group-D64D69ED8B91 changes role from FOLLOWER to FOLLOWER at term 1 for recognizeCandidate:c22f91f7-68fa-46ec-983b-e4afd2d3623d
2019-08-29 09:09:10,293 [grpc-default-executor-8] INFO  impl.RoleInfo (RoleInfo.java:shutdownFollowerState(121)) - e43a4404-c45a-4334-ab7d-c37c6cf2c676: shutdown FollowerState
2019-08-29 09:09:10,293 [grpc-default-executor-8] INFO  impl.RoleInfo (RoleInfo.java:updateAndGet(143)) - e43a4404-c45a-4334-ab7d-c37c6cf2c676: start FollowerState
2019-08-29 09:09:10,293 [Thread-3836] INFO  impl.FollowerState (FollowerState.java:run(114)) - e43a4404-c45a-4334-ab7d-c37c6cf2c676: FollowerState was interrupted: java.lang.InterruptedException: sleep interrupted
2019-08-29 09:09:10,296 [Thread-3826] INFO  impl.FollowerState (FollowerState.java:run(106)) - fb5607f7-201e-4e71-bf0f-86f0d27d217c:group-97FA152D1F9A changes to CANDIDATE, lastRpcTime:5138, electionTimeout:5135ms
2019-08-29 09:09:10,296 [grpc-default-executor-5] INFO  impl.RaftServerImpl (RaftServerImpl.java:setRole(171)) - 88078711-0cd2-4a5e-bf0e-90a5498792e5:group-D64D69ED8B91 changes role from FOLLOWER to FOLLOWER at term 1 for recognizeCandidate:c22f91f7-68fa-46ec-983b-e4afd2d3623d
2019-08-29 09:09:10,298 [Thread-3826] INFO  impl.RoleInfo (RoleInfo.java:shutdownFollowerState(121)) - fb5607f7-201e-4e71-bf0f-86f0d27d217c: shutdown FollowerState
2019-08-29 09:09:10,298 [grpc-default-executor-5] INFO  impl.RoleInfo (RoleInfo.java:shutdownFollowerState(121)) - 88078711-0cd2-4a5e-bf0e-90a5498792e5: shutdown FollowerState
2019-08-29 09:09:10,298 [Thread-3826] INFO  impl.RaftServerImpl (RaftServerImpl.java:setRole(171)) - fb5607f7-201e-4e71-bf0f-86f0d27d217c:group-97FA152D1F9A changes role from FOLLOWER to CANDIDATE at term 0 for changeToCandidate
2019-08-29 09:09:10,298 [grpc-default-executor-5] INFO  impl.RoleInfo (RoleInfo.java:updateAndGet(143)) - 88078711-0cd2-4a5e-bf0e-90a5498792e5: start FollowerState
2019-08-29 09:09:10,298 [Thread-3826] INFO  impl.RoleInfo (RoleInfo.java:updateAndGet(143)) - fb5607f7-201e-4e71-bf0f-86f0d27d217c: start LeaderElection
2019-08-29 09:09:10,298 [Thread-3831] INFO  impl.FollowerState (FollowerState.java:run(114)) - 88078711-0cd2-4a5e-bf0e-90a5498792e5: FollowerState was interrupted: java.lang.InterruptedException: sleep interrupted
2019-08-29 09:09:10,311 [grpc-default-executor-9] INFO  impl.RaftServerImpl (RaftServerImpl.java:setRole(171)) - fb5607f7-201e-4e71-bf0f-86f0d27d217c:group-97FA152D1F9A changes role from CANDIDATE to FOLLOWER at term 1 for recognizeCandidate:23e9bf69-29f9-4f77-ab56-6ec336a98fa3
2019-08-29 09:09:10,311 [grpc-default-executor-9] INFO  impl.RoleInfo (RoleInfo.java:shutdownLeaderElection(134)) - fb5607f7-201e-4e71-bf0f-86f0d27d217c: shutdown LeaderElection
2019-08-29 09:09:10,311 [grpc-default-executor-9] INFO  impl.RoleInfo (RoleInfo.java:updateAndGet(143)) - fb5607f7-201e-4e71-bf0f-86f0d27d217c: start FollowerState
2019-08-29 09:09:10,312 [c22f91f7-68fa-46ec-983b-e4afd2d3623d:group-D64D69ED8B91:LeaderElection81] INFO  impl.LeaderElection (LeaderElection.java:logAndReturn(56)) - c22f91f7-68fa-46ec-983b-e4afd2d3623d:group-D64D69ED8B91:LeaderElection81: Election PASSED; received 1 response(s) [c22f91f7-68fa-46ec-983b-e4afd2d3623d<-e43a4404-c45a-4334-ab7d-c37c6cf2c676#0:OK-t1] and 0 exception(s); c22f91f7-68fa-46ec-983b-e4afd2d3623d:t1, leader=null, voted=c22f91f7-68fa-46ec-983b-e4afd2d3623d, raftlog=c22f91f7-68fa-46ec-983b-e4afd2d3623d-SegmentedRaftLog:OPENED:c-1,f-1,i0, conf=-1: [88078711-0cd2-4a5e-bf0e-90a5498792e5:192.168.69.87:39538, e43a4404-c45a-4334-ab7d-c37c6cf2c676:192.168.69.87:36119, c22f91f7-68fa-46ec-983b-e4afd2d3623d:192.168.69.87:37396], old=null
2019-08-29 09:09:10,312 [c22f91f7-68fa-46ec-983b-e4afd2d3623d:group-D64D69ED8B91:LeaderElection81] INFO  impl.RoleInfo (RoleInfo.java:shutdownLeaderElection(134)) - c22f91f7-68fa-46ec-983b-e4afd2d3623d: shutdown LeaderElection
2019-08-29 09:09:10,312 [c22f91f7-68fa-46ec-983b-e4afd2d3623d:group-D64D69ED8B91:LeaderElection81] INFO  impl.RaftServerImpl (RaftServerImpl.java:setRole(171)) - c22f91f7-68fa-46ec-983b-e4afd2d3623d:group-D64D69ED8B91 changes role from CANDIDATE to LEADER at term 1 for changeToLeader
2019-08-29 09:09:10,312 [c22f91f7-68fa-46ec-983b-e4afd2d3623d:group-D64D69ED8B91:LeaderElection81] INFO  impl.RaftServerImpl (ServerState.java:setLeader(263)) - c22f91f7-68fa-46ec-983b-e4afd2d3623d:group-D64D69ED8B91 change Leader from null to c22f91f7-68fa-46ec-983b-e4afd2d3623d at term 1 for becomeLeader, leader elected after 5088ms
2019-08-29 09:09:10,312 [c22f91f7-68fa-46ec-983b-e4afd2d3623d:group-D64D69ED8B91:LeaderElection81] INFO  server.RaftServerConfigKeys (ConfUtils.java:logGet(43)) - raft.server.staging.catchup.gap = 1000 (default)
2019-08-29 09:09:10,312 [c22f91f7-68fa-46ec-983b-e4afd2d3623d:group-D64D69ED8B91:LeaderElection81] INFO  server.RaftServerConfigKeys (ConfUtils.java:logGet(43)) - raft.server.rpc.sleep.time = 25ms (default)
2019-08-29 09:09:10,312 [c22f91f7-68fa-46ec-983b-e4afd2d3623d:group-D64D69ED8B91:LeaderElection81] INFO  server.RaftServerConfigKeys (ConfUtils.java:logGet(43)) - raft.server.write.element-limit = 4096 (default)
2019-08-29 09:09:10,313 [c22f91f7-68fa-46ec-983b-e4afd2d3623d:group-D64D69ED8B91:LeaderElection81] INFO  server.RaftServerConfigKeys (ConfUtils.java:logGet(43)) - raft.server.watch.timeout = 10s (default)
2019-08-29 09:09:10,313 [c22f91f7-68fa-46ec-983b-e4afd2d3623d:group-D64D69ED8B91:LeaderElection81] INFO  server.RaftServerConfigKeys (ConfUtils.java:logGet(43)) - raft.server.watch.timeout.denomination = 1s (default)
2019-08-29 09:09:10,313 [c22f91f7-68fa-46ec-983b-e4afd2d3623d:group-D64D69ED8B91:LeaderElection81] INFO  server.RaftServerConfigKeys (ConfUtils.java:logGet(43)) - raft.server.watch.element-limit = 65536 (default)
2019-08-29 09:09:10,313 [c22f91f7-68fa-46ec-983b-e4afd2d3623d:group-D64D69ED8B91:LeaderElection81] INFO  server.RaftServerConfigKeys (ConfUtils.java:logGet(43)) - raft.server.log.appender.snapshot.chunk.size.max = 16MB (=16777216) (default)
2019-08-29 09:09:10,313 [c22f91f7-68fa-46ec-983b-e4afd2d3623d:group-D64D69ED8B91:LeaderElection81] INFO  server.RaftServerConfigKeys (ConfUtils.java:logGet(43)) - raft.server.log.appender.buffer.byte-limit = 33554432 (custom)
2019-08-29 09:09:10,313 [c22f91f7-68fa-46ec-983b-e4afd2d3623d:group-D64D69ED8B91:LeaderElection81] INFO  server.RaftServerConfigKeys (ConfUtils.java:logGet(43)) - raft.server.log.appender.buffer.element-limit = 1 (custom)
2019-08-29 09:09:10,313 [c22f91f7-68fa-46ec-983b-e4afd2d3623d:group-D64D69ED8B91:LeaderElection81] INFO  grpc.GrpcConfigKeys$Server (ConfUtils.java:logGet(43)) - raft.grpc.server.leader.outstanding.appends.max = 128 (default)
2019-08-29 09:09:10,313 [c22f91f7-68fa-46ec-983b-e4afd2d3623d:group-D64D69ED8B91:LeaderElection81] INFO  server.RaftServerConfigKeys (ConfUtils.java:logGet(43)) - raft.server.rpc.request.timeout = 3000ms (default)
2019-08-29 09:09:10,314 [c22f91f7-68fa-46ec-983b-e4afd2d3623d:group-D64D69ED8B91:LeaderElection81] INFO  server.RaftServerConfigKeys (ConfUtils.java:logGet(43)) - raft.server.log.appender.install.snapshot.enabled = false (custom)
2019-08-29 09:09:10,314 [c22f91f7-68fa-46ec-983b-e4afd2d3623d:group-D64D69ED8B91:LeaderElection81] INFO  server.RaftServerConfigKeys (ConfUtils.java:logGet(43)) - raft.server.log.appender.snapshot.chunk.size.max = 16MB (=16777216) (default)
2019-08-29 09:09:10,314 [c22f91f7-68fa-46ec-983b-e4afd2d3623d:group-D64D69ED8B91:LeaderElection81] INFO  server.RaftServerConfigKeys (ConfUtils.java:logGet(43)) - raft.server.log.appender.buffer.byte-limit = 33554432 (custom)
2019-08-29 09:09:10,314 [c22f91f7-68fa-46ec-983b-e4afd2d3623d:group-D64D69ED8B91:LeaderElection81] INFO  server.RaftServerConfigKeys (ConfUtils.java:logGet(43)) - raft.server.log.appender.buffer.element-limit = 1 (custom)
2019-08-29 09:09:10,314 [c22f91f7-68fa-46ec-983b-e4afd2d3623d:group-D64D69ED8B91:LeaderElection81] INFO  grpc.GrpcConfigKeys$Server (ConfUtils.java:logGet(43)) - raft.grpc.server.leader.outstanding.appends.max = 128 (default)
2019-08-29 09:09:10,314 [c22f91f7-68fa-46ec-983b-e4afd2d3623d:group-D64D69ED8B91:LeaderElection81] INFO  server.RaftServerConfigKeys (ConfUtils.java:logGet(43)) - raft.server.rpc.request.timeout = 3000ms (default)
2019-08-29 09:09:10,314 [c22f91f7-68fa-46ec-983b-e4afd2d3623d:group-D64D69ED8B91:LeaderElection81] INFO  server.RaftServerConfigKeys (ConfUtils.java:logGet(43)) - raft.server.log.appender.install.snapshot.enabled = false (custom)
2019-08-29 09:09:10,314 [c22f91f7-68fa-46ec-983b-e4afd2d3623d:group-D64D69ED8B91:LeaderElection81] INFO  impl.RoleInfo (RoleInfo.java:updateAndGet(143)) - c22f91f7-68fa-46ec-983b-e4afd2d3623d: start LeaderState
2019-08-29 09:09:10,314 [c22f91f7-68fa-46ec-983b-e4afd2d3623d:group-D64D69ED8B91:LeaderElection81] INFO  segmented.SegmentedRaftLogWorker (SegmentedRaftLogWorker.java:startLogSegment(380)) - c22f91f7-68fa-46ec-983b-e4afd2d3623d-SegmentedRaftLogWorker:Storage Directory /workdir/hadoop-ozone/integration-test/target/test-dir/MiniOzoneClusterImpl-1c352198-1c3a-44ed-b4f2-463a1ec9c860/datanode-1/data/ratis/6e0ada60-03b9-4b45-8bf3-d64d69ed8b91: Starting segment from index:0
2019-08-29 09:09:10,315 [c22f91f7-68fa-46ec-983b-e4afd2d3623d:group-D64D69ED8B91:LeaderElection81] INFO  impl.RaftServerImpl (ServerState.java:setRaftConf(361)) - c22f91f7-68fa-46ec-983b-e4afd2d3623d:group-D64D69ED8B91 set configuration 0: [88078711-0cd2-4a5e-bf0e-90a5498792e5:192.168.69.87:39538, e43a4404-c45a-4334-ab7d-c37c6cf2c676:192.168.69.87:36119, c22f91f7-68fa-46ec-983b-e4afd2d3623d:192.168.69.87:37396], old=null at 0
2019-08-29 09:09:10,353 [grpc-default-executor-4] INFO  impl.RaftServerImpl (ServerState.java:setLeader(263)) - 88078711-0cd2-4a5e-bf0e-90a5498792e5:group-D64D69ED8B91 change Leader from null to c22f91f7-68fa-46ec-983b-e4afd2d3623d at term 1 for appendEntries, leader elected after 5129ms
2019-08-29 09:09:10,354 [grpc-default-executor-8] INFO  impl.RaftServerImpl (ServerState.java:setLeader(263)) - e43a4404-c45a-4334-ab7d-c37c6cf2c676:group-D64D69ED8B91 change Leader from null to c22f91f7-68fa-46ec-983b-e4afd2d3623d at term 1 for appendEntries, leader elected after 5130ms
2019-08-29 09:09:10,353 [grpc-default-executor-7] INFO  impl.RaftServerImpl (RaftServerImpl.java:setRole(171)) - fb5607f7-201e-4e71-bf0f-86f0d27d217c:group-97FA152D1F9A changes role from FOLLOWER to FOLLOWER at term 1 for recognizeCandidate:511321fd-944d-4aec-af04-300872c24c53
2019-08-29 09:09:10,355 [grpc-default-executor-7] INFO  impl.RoleInfo (RoleInfo.java:shutdownFollowerState(121)) - fb5607f7-201e-4e71-bf0f-86f0d27d217c: shutdown FollowerState
2019-08-29 09:09:10,357 [grpc-default-executor-7] INFO  impl.RoleInfo (RoleInfo.java:updateAndGet(143)) - fb5607f7-201e-4e71-bf0f-86f0d27d217c: start FollowerState
2019-08-29 09:09:10,358 [Thread-3882] INFO  impl.FollowerState (FollowerState.java:run(114)) - fb5607f7-201e-4e71-bf0f-86f0d27d217c: FollowerState was interrupted: java.lang.InterruptedException: sleep interrupted
2019-08-29 09:09:10,361 [23e9bf69-29f9-4f77-ab56-6ec336a98fa3:group-97FA152D1F9A:LeaderElection83] INFO  impl.LeaderElection (LeaderElection.java:logAndReturn(56)) - 23e9bf69-29f9-4f77-ab56-6ec336a98fa3:group-97FA152D1F9A:LeaderElection83: Election REJECTED; received 2 response(s) [23e9bf69-29f9-4f77-ab56-6ec336a98fa3<-511321fd-944d-4aec-af04-300872c24c53#0:FAIL-t1, 23e9bf69-29f9-4f77-ab56-6ec336a98fa3<-fb5607f7-201e-4e71-bf0f-86f0d27d217c#0:FAIL-t1] and 0 exception(s); 23e9bf69-29f9-4f77-ab56-6ec336a98fa3:t1, leader=null, voted=23e9bf69-29f9-4f77-ab56-6ec336a98fa3, raftlog=23e9bf69-29f9-4f77-ab56-6ec336a98fa3-SegmentedRaftLog:OPENED:c-1,f-1,i0, conf=-1: [23e9bf69-29f9-4f77-ab56-6ec336a98fa3:192.168.69.87:39841, 511321fd-944d-4aec-af04-300872c24c53:192.168.69.87:34888, fb5607f7-201e-4e71-bf0f-86f0d27d217c:192.168.69.87:41583], old=null
2019-08-29 09:09:10,361 [23e9bf69-29f9-4f77-ab56-6ec336a98fa3:group-97FA152D1F9A:LeaderElection83] INFO  impl.RaftServerImpl (RaftServerImpl.java:setRole(171)) - 23e9bf69-29f9-4f77-ab56-6ec336a98fa3:group-97FA152D1F9A changes role from CANDIDATE to FOLLOWER at term 1 for DISCOVERED_A_NEW_TERM
2019-08-29 09:09:10,362 [23e9bf69-29f9-4f77-ab56-6ec336a98fa3:group-97FA152D1F9A:LeaderElection83] INFO  impl.RoleInfo (RoleInfo.java:shutdownLeaderElection(134)) - 23e9bf69-29f9-4f77-ab56-6ec336a98fa3: shutdown LeaderElection
2019-08-29 09:09:10,362 [23e9bf69-29f9-4f77-ab56-6ec336a98fa3:group-97FA152D1F9A:LeaderElection83] INFO  impl.RoleInfo (RoleInfo.java:updateAndGet(143)) - 23e9bf69-29f9-4f77-ab56-6ec336a98fa3: start FollowerState
2019-08-29 09:09:10,363 [grpc-default-executor-9] INFO  impl.RaftServerImpl (ServerState.java:setRaftConf(361)) - e43a4404-c45a-4334-ab7d-c37c6cf2c676:group-D64D69ED8B91 set configuration 0: [88078711-0cd2-4a5e-bf0e-90a5498792e5:192.168.69.87:39538, e43a4404-c45a-4334-ab7d-c37c6cf2c676:192.168.69.87:36119, c22f91f7-68fa-46ec-983b-e4afd2d3623d:192.168.69.87:37396], old=null at 0
2019-08-29 09:09:10,363 [grpc-default-executor-8] INFO  impl.RaftServerImpl (ServerState.java:setRaftConf(361)) - 88078711-0cd2-4a5e-bf0e-90a5498792e5:group-D64D69ED8B91 set configuration 0: [88078711-0cd2-4a5e-bf0e-90a5498792e5:192.168.69.87:39538, e43a4404-c45a-4334-ab7d-c37c6cf2c676:192.168.69.87:36119, c22f91f7-68fa-46ec-983b-e4afd2d3623d:192.168.69.87:37396], old=null at 0
2019-08-29 09:09:10,363 [grpc-default-executor-9] INFO  segmented.SegmentedRaftLogWorker (SegmentedRaftLogWorker.java:startLogSegment(380)) - e43a4404-c45a-4334-ab7d-c37c6cf2c676-SegmentedRaftLogWorker:Storage Directory /workdir/hadoop-ozone/integration-test/target/test-dir/MiniOzoneClusterImpl-1c352198-1c3a-44ed-b4f2-463a1ec9c860/datanode-6/data/ratis/6e0ada60-03b9-4b45-8bf3-d64d69ed8b91: Starting segment from index:0
2019-08-29 09:09:10,364 [grpc-default-executor-8] INFO  segmented.SegmentedRaftLogWorker (SegmentedRaftLogWorker.java:startLogSegment(380)) - 88078711-0cd2-4a5e-bf0e-90a5498792e5-SegmentedRaftLogWorker:Storage Directory /workdir/hadoop-ozone/integration-test/target/test-dir/MiniOzoneClusterImpl-1c352198-1c3a-44ed-b4f2-463a1ec9c860/datanode-2/data/ratis/6e0ada60-03b9-4b45-8bf3-d64d69ed8b91: Starting segment from index:0
2019-08-29 09:09:10,367 [grpc-default-executor-9] INFO  client.GrpcClientProtocolClient (GrpcClientProtocolClient.java:onNext(255)) - client-3C8988D63F63->23e9bf69-29f9-4f77-ab56-6ec336a98fa3: receive RaftClientReply:client-3C8988D63F63->23e9bf69-29f9-4f77-ab56-6ec336a98fa3@group-97FA152D1F9A, cid=195, FAILED org.apache.ratis.protocol.NotLeaderException: Server 23e9bf69-29f9-4f77-ab56-6ec336a98fa3 is not the leader (null). Request must be sent to leader., logIndex=0, commits[23e9bf69-29f9-4f77-ab56-6ec336a98fa3:c-1]
2019-08-29 09:09:10,400 [c22f91f7-68fa-46ec-983b-e4afd2d3623d-SegmentedRaftLogWorker:Storage Directory /workdir/hadoop-ozone/integration-test/target/test-dir/MiniOzoneClusterImpl-1c352198-1c3a-44ed-b4f2-463a1ec9c860/datanode-1/data/ratis/6e0ada60-03b9-4b45-8bf3-d64d69ed8b91] INFO  segmented.SegmentedRaftLogWorker (SegmentedRaftLogWorker.java:execute(569)) - c22f91f7-68fa-46ec-983b-e4afd2d3623d-SegmentedRaftLogWorker:Storage Directory /workdir/hadoop-ozone/integration-test/target/test-dir/MiniOzoneClusterImpl-1c352198-1c3a-44ed-b4f2-463a1ec9c860/datanode-1/data/ratis/6e0ada60-03b9-4b45-8bf3-d64d69ed8b91: created new log segment /workdir/hadoop-ozone/integration-test/target/test-dir/MiniOzoneClusterImpl-1c352198-1c3a-44ed-b4f2-463a1ec9c860/datanode-1/data/ratis/6e0ada60-03b9-4b45-8bf3-d64d69ed8b91/current/log_inprogress_0
2019-08-29 09:09:10,402 [511321fd-944d-4aec-af04-300872c24c53:group-97FA152D1F9A:LeaderElection82] INFO  impl.LeaderElection (LeaderElection.java:logAndReturn(56)) - 511321fd-944d-4aec-af04-300872c24c53:group-97FA152D1F9A:LeaderElection82: Election PASSED; received 2 response(s) [511321fd-944d-4aec-af04-300872c24c53<-23e9bf69-29f9-4f77-ab56-6ec336a98fa3#0:FAIL-t1, 511321fd-944d-4aec-af04-300872c24c53<-fb5607f7-201e-4e71-bf0f-86f0d27d217c#0:OK-t1] and 0 exception(s); 511321fd-944d-4aec-af04-300872c24c53:t1, leader=null, voted=511321fd-944d-4aec-af04-300872c24c53, raftlog=511321fd-944d-4aec-af04-300872c24c53-SegmentedRaftLog:OPENED:c-1,f-1,i0, conf=-1: [23e9bf69-29f9-4f77-ab56-6ec336a98fa3:192.168.69.87:39841, 511321fd-944d-4aec-af04-300872c24c53:192.168.69.87:34888, fb5607f7-201e-4e71-bf0f-86f0d27d217c:192.168.69.87:41583], old=null
2019-08-29 09:09:10,402 [511321fd-944d-4aec-af04-300872c24c53:group-97FA152D1F9A:LeaderElection82] INFO  impl.RoleInfo (RoleInfo.java:shutdownLeaderElection(134)) - 511321fd-944d-4aec-af04-300872c24c53: shutdown LeaderElection
2019-08-29 09:09:10,403 [511321fd-944d-4aec-af04-300872c24c53:group-97FA152D1F9A:LeaderElection82] INFO  impl.RaftServerImpl (RaftServerImpl.java:setRole(171)) - 511321fd-944d-4aec-af04-300872c24c53:group-97FA152D1F9A changes role from CANDIDATE to LEADER at term 1 for changeToLeader
2019-08-29 09:09:10,403 [511321fd-944d-4aec-af04-300872c24c53:group-97FA152D1F9A:LeaderElection82] INFO  impl.RaftServerImpl (ServerState.java:setLeader(263)) - 511321fd-944d-4aec-af04-300872c24c53:group-97FA152D1F9A change Leader from null to 511321fd-944d-4aec-af04-300872c24c53 at term 1 for becomeLeader, leader elected after 5255ms
2019-08-29 09:09:10,403 [511321fd-944d-4aec-af04-300872c24c53:group-97FA152D1F9A:LeaderElection82] INFO  server.RaftServerConfigKeys (ConfUtils.java:logGet(43)) - raft.server.staging.catchup.gap = 1000 (default)
2019-08-29 09:09:10,403 [511321fd-944d-4aec-af04-300872c24c53:group-97FA152D1F9A:LeaderElection82] INFO  server.RaftServerConfigKeys (ConfUtils.java:logGet(43)) - raft.server.rpc.sleep.time = 25ms (default)
2019-08-29 09:09:10,403 [511321fd-944d-4aec-af04-300872c24c53:group-97FA152D1F9A:LeaderElection82] INFO  server.RaftServerConfigKeys (ConfUtils.java:logGet(43)) - raft.server.write.element-limit = 4096 (default)
2019-08-29 09:09:10,404 [511321fd-944d-4aec-af04-300872c24c53:group-97FA152D1F9A:LeaderElection82] INFO  server.RaftServerConfigKeys (ConfUtils.java:logGet(43)) - raft.server.watch.timeout = 10s (default)
2019-08-29 09:09:10,404 [511321fd-944d-4aec-af04-300872c24c53:group-97FA152D1F9A:LeaderElection82] INFO  server.RaftServerConfigKeys (ConfUtils.java:logGet(43)) - raft.server.watch.timeout.denomination = 1s (default)
2019-08-29 09:09:10,404 [511321fd-944d-4aec-af04-300872c24c53:group-97FA152D1F9A:LeaderElection82] INFO  server.RaftServerConfigKeys (ConfUtils.java:logGet(43)) - raft.server.watch.element-limit = 65536 (default)
2019-08-29 09:09:10,404 [511321fd-944d-4aec-af04-300872c24c53:group-97FA152D1F9A:LeaderElection82] INFO  server.RaftServerConfigKeys (ConfUtils.java:logGet(43)) - raft.server.log.appender.snapshot.chunk.size.max = 16MB (=16777216) (default)
2019-08-29 09:09:10,405 [511321fd-944d-4aec-af04-300872c24c53:group-97FA152D1F9A:LeaderElection82] INFO  server.RaftServerConfigKeys (ConfUtils.java:logGet(43)) - raft.server.log.appender.buffer.byte-limit = 33554432 (custom)
2019-08-29 09:09:10,405 [511321fd-944d-4aec-af04-300872c24c53:group-97FA152D1F9A:LeaderElection82] INFO  server.RaftServerConfigKeys (ConfUtils.java:logGet(43)) - raft.server.log.appender.buffer.element-limit = 1 (custom)
2019-08-29 09:09:10,405 [511321fd-944d-4aec-af04-300872c24c53:group-97FA152D1F9A:LeaderElection82] INFO  grpc.GrpcConfigKeys$Server (ConfUtils.java:logGet(43)) - raft.grpc.server.leader.outstanding.appends.max = 128 (default)
2019-08-29 09:09:10,405 [511321fd-944d-4aec-af04-300872c24c53:group-97FA152D1F9A:LeaderElection82] INFO  server.RaftServerConfigKeys (ConfUtils.java:logGet(43)) - raft.server.rpc.request.timeout = 3000ms (default)
2019-08-29 09:09:10,405 [511321fd-944d-4aec-af04-300872c24c53:group-97FA152D1F9A:LeaderElection82] INFO  server.RaftServerConfigKeys (ConfUtils.java:logGet(43)) - raft.server.log.appender.install.snapshot.enabled = false (custom)
2019-08-29 09:09:10,405 [511321fd-944d-4aec-af04-300872c24c53:group-97FA152D1F9A:LeaderElection82] INFO  server.RaftServerConfigKeys (ConfUtils.java:logGet(43)) - raft.server.log.appender.snapshot.chunk.size.max = 16MB (=16777216) (default)
2019-08-29 09:09:10,406 [511321fd-944d-4aec-af04-300872c24c53:group-97FA152D1F9A:LeaderElection82] INFO  server.RaftServerConfigKeys (ConfUtils.java:logGet(43)) - raft.server.log.appender.buffer.byte-limit = 33554432 (custom)
2019-08-29 09:09:10,406 [511321fd-944d-4aec-af04-300872c24c53:group-97FA152D1F9A:LeaderElection82] INFO  server.RaftServerConfigKeys (ConfUtils.java:logGet(43)) - raft.server.log.appender.buffer.element-limit = 1 (custom)
2019-08-29 09:09:10,406 [511321fd-944d-4aec-af04-300872c24c53:group-97FA152D1F9A:LeaderElection82] INFO  grpc.GrpcConfigKeys$Server (ConfUtils.java:logGet(43)) - raft.grpc.server.leader.outstanding.appends.max = 128 (default)
2019-08-29 09:09:10,406 [511321fd-944d-4aec-af04-300872c24c53:group-97FA152D1F9A:LeaderElection82] INFO  server.RaftServerConfigKeys (ConfUtils.java:logGet(43)) - raft.server.rpc.request.timeout = 3000ms (default)
2019-08-29 09:09:10,406 [511321fd-944d-4aec-af04-300872c24c53:group-97FA152D1F9A:LeaderElection82] INFO  server.RaftServerConfigKeys (ConfUtils.java:logGet(43)) - raft.server.log.appender.install.snapshot.enabled = false (custom)
2019-08-29 09:09:10,406 [511321fd-944d-4aec-af04-300872c24c53:group-97FA152D1F9A:LeaderElection82] INFO  impl.RoleInfo (RoleInfo.java:updateAndGet(143)) - 511321fd-944d-4aec-af04-300872c24c53: start LeaderState
2019-08-29 09:09:10,406 [511321fd-944d-4aec-af04-300872c24c53:group-97FA152D1F9A:LeaderElection82] INFO  segmented.SegmentedRaftLogWorker (SegmentedRaftLogWorker.java:startLogSegment(380)) - 511321fd-944d-4aec-af04-300872c24c53-SegmentedRaftLogWorker:Storage Directory /workdir/hadoop-ozone/integration-test/target/test-dir/MiniOzoneClusterImpl-1c352198-1c3a-44ed-b4f2-463a1ec9c860/datanode-4/data/ratis/f48ca4fb-cff1-4cf2-9c4e-97fa152d1f9a: Starting segment from index:0
2019-08-29 09:09:10,407 [511321fd-944d-4aec-af04-300872c24c53:group-97FA152D1F9A:LeaderElection82] INFO  impl.RaftServerImpl (ServerState.java:setRaftConf(361)) - 511321fd-944d-4aec-af04-300872c24c53:group-97FA152D1F9A set configuration 0: [23e9bf69-29f9-4f77-ab56-6ec336a98fa3:192.168.69.87:39841, 511321fd-944d-4aec-af04-300872c24c53:192.168.69.87:34888, fb5607f7-201e-4e71-bf0f-86f0d27d217c:192.168.69.87:41583], old=null at 0
2019-08-29 09:09:10,409 [grpc-default-executor-9] INFO  impl.RaftServerImpl (ServerState.java:setLeader(263)) - 23e9bf69-29f9-4f77-ab56-6ec336a98fa3:group-97FA152D1F9A change Leader from null to 511321fd-944d-4aec-af04-300872c24c53 at term 1 for appendEntries, leader elected after 5261ms
2019-08-29 09:09:10,412 [grpc-default-executor-9] INFO  impl.RaftServerImpl (ServerState.java:setRaftConf(361)) - 23e9bf69-29f9-4f77-ab56-6ec336a98fa3:group-97FA152D1F9A set configuration 0: [23e9bf69-29f9-4f77-ab56-6ec336a98fa3:192.168.69.87:39841, 511321fd-944d-4aec-af04-300872c24c53:192.168.69.87:34888, fb5607f7-201e-4e71-bf0f-86f0d27d217c:192.168.69.87:41583], old=null at 0
2019-08-29 09:09:10,412 [grpc-default-executor-9] INFO  segmented.SegmentedRaftLogWorker (SegmentedRaftLogWorker.java:startLogSegment(380)) - 23e9bf69-29f9-4f77-ab56-6ec336a98fa3-SegmentedRaftLogWorker:Storage Directory /workdir/hadoop-ozone/integration-test/target/test-dir/MiniOzoneClusterImpl-1c352198-1c3a-44ed-b4f2-463a1ec9c860/datanode-3/data/ratis/f48ca4fb-cff1-4cf2-9c4e-97fa152d1f9a: Starting segment from index:0
2019-08-29 09:09:10,414 [grpc-default-executor-9] INFO  impl.RaftServerImpl (ServerState.java:setLeader(263)) - fb5607f7-201e-4e71-bf0f-86f0d27d217c:group-97FA152D1F9A change Leader from null to 511321fd-944d-4aec-af04-300872c24c53 at term 1 for appendEntries, leader elected after 5266ms
2019-08-29 09:09:10,416 [grpc-default-executor-9] INFO  impl.RaftServerImpl (ServerState.java:setRaftConf(361)) - fb5607f7-201e-4e71-bf0f-86f0d27d217c:group-97FA152D1F9A set configuration 0: [23e9bf69-29f9-4f77-ab56-6ec336a98fa3:192.168.69.87:39841, 511321fd-944d-4aec-af04-300872c24c53:192.168.69.87:34888, fb5607f7-201e-4e71-bf0f-86f0d27d217c:192.168.69.87:41583], old=null at 0
2019-08-29 09:09:10,416 [grpc-default-executor-9] INFO  segmented.SegmentedRaftLogWorker (SegmentedRaftLogWorker.java:startLogSegment(380)) - fb5607f7-201e-4e71-bf0f-86f0d27d217c-SegmentedRaftLogWorker:Storage Directory /workdir/hadoop-ozone/integration-test/target/test-dir/MiniOzoneClusterImpl-1c352198-1c3a-44ed-b4f2-463a1ec9c860/datanode-5/data/ratis/f48ca4fb-cff1-4cf2-9c4e-97fa152d1f9a: Starting segment from index:0
2019-08-29 09:09:10,437 [e43a4404-c45a-4334-ab7d-c37c6cf2c676-SegmentedRaftLogWorker:Storage Directory /workdir/hadoop-ozone/integration-test/target/test-dir/MiniOzoneClusterImpl-1c352198-1c3a-44ed-b4f2-463a1ec9c860/datanode-6/data/ratis/6e0ada60-03b9-4b45-8bf3-d64d69ed8b91] INFO  segmented.SegmentedRaftLogWorker (SegmentedRaftLogWorker.java:execute(569)) - e43a4404-c45a-4334-ab7d-c37c6cf2c676-SegmentedRaftLogWorker:Storage Directory /workdir/hadoop-ozone/integration-test/target/test-dir/MiniOzoneClusterImpl-1c352198-1c3a-44ed-b4f2-463a1ec9c860/datanode-6/data/ratis/6e0ada60-03b9-4b45-8bf3-d64d69ed8b91: created new log segment /workdir/hadoop-ozone/integration-test/target/test-dir/MiniOzoneClusterImpl-1c352198-1c3a-44ed-b4f2-463a1ec9c860/datanode-6/data/ratis/6e0ada60-03b9-4b45-8bf3-d64d69ed8b91/current/log_inprogress_0
2019-08-29 09:09:10,437 [88078711-0cd2-4a5e-bf0e-90a5498792e5-SegmentedRaftLogWorker:Storage Directory /workdir/hadoop-ozone/integration-test/target/test-dir/MiniOzoneClusterImpl-1c352198-1c3a-44ed-b4f2-463a1ec9c860/datanode-2/data/ratis/6e0ada60-03b9-4b45-8bf3-d64d69ed8b91] INFO  segmented.SegmentedRaftLogWorker (SegmentedRaftLogWorker.java:execute(569)) - 88078711-0cd2-4a5e-bf0e-90a5498792e5-SegmentedRaftLogWorker:Storage Directory /workdir/hadoop-ozone/integration-test/target/test-dir/MiniOzoneClusterImpl-1c352198-1c3a-44ed-b4f2-463a1ec9c860/datanode-2/data/ratis/6e0ada60-03b9-4b45-8bf3-d64d69ed8b91: created new log segment /workdir/hadoop-ozone/integration-test/target/test-dir/MiniOzoneClusterImpl-1c352198-1c3a-44ed-b4f2-463a1ec9c860/datanode-2/data/ratis/6e0ada60-03b9-4b45-8bf3-d64d69ed8b91/current/log_inprogress_0
2019-08-29 09:09:10,469 [fb5607f7-201e-4e71-bf0f-86f0d27d217c-SegmentedRaftLogWorker:Storage Directory /workdir/hadoop-ozone/integration-test/target/test-dir/MiniOzoneClusterImpl-1c352198-1c3a-44ed-b4f2-463a1ec9c860/datanode-5/data/ratis/f48ca4fb-cff1-4cf2-9c4e-97fa152d1f9a] INFO  segmented.SegmentedRaftLogWorker (SegmentedRaftLogWorker.java:execute(569)) - fb5607f7-201e-4e71-bf0f-86f0d27d217c-SegmentedRaftLogWorker:Storage Directory /workdir/hadoop-ozone/integration-test/target/test-dir/MiniOzoneClusterImpl-1c352198-1c3a-44ed-b4f2-463a1ec9c860/datanode-5/data/ratis/f48ca4fb-cff1-4cf2-9c4e-97fa152d1f9a: created new log segment /workdir/hadoop-ozone/integration-test/target/test-dir/MiniOzoneClusterImpl-1c352198-1c3a-44ed-b4f2-463a1ec9c860/datanode-5/data/ratis/f48ca4fb-cff1-4cf2-9c4e-97fa152d1f9a/current/log_inprogress_0
2019-08-29 09:09:10,469 [23e9bf69-29f9-4f77-ab56-6ec336a98fa3-SegmentedRaftLogWorker:Storage Directory /workdir/hadoop-ozone/integration-test/target/test-dir/MiniOzoneClusterImpl-1c352198-1c3a-44ed-b4f2-463a1ec9c860/datanode-3/data/ratis/f48ca4fb-cff1-4cf2-9c4e-97fa152d1f9a] INFO  segmented.SegmentedRaftLogWorker (SegmentedRaftLogWorker.java:execute(569)) - 23e9bf69-29f9-4f77-ab56-6ec336a98fa3-SegmentedRaftLogWorker:Storage Directory /workdir/hadoop-ozone/integration-test/target/test-dir/MiniOzoneClusterImpl-1c352198-1c3a-44ed-b4f2-463a1ec9c860/datanode-3/data/ratis/f48ca4fb-cff1-4cf2-9c4e-97fa152d1f9a: created new log segment /workdir/hadoop-ozone/integration-test/target/test-dir/MiniOzoneClusterImpl-1c352198-1c3a-44ed-b4f2-463a1ec9c860/datanode-3/data/ratis/f48ca4fb-cff1-4cf2-9c4e-97fa152d1f9a/current/log_inprogress_0
2019-08-29 09:09:10,469 [511321fd-944d-4aec-af04-300872c24c53-SegmentedRaftLogWorker:Storage Directory /workdir/hadoop-ozone/integration-test/target/test-dir/MiniOzoneClusterImpl-1c352198-1c3a-44ed-b4f2-463a1ec9c860/datanode-4/data/ratis/f48ca4fb-cff1-4cf2-9c4e-97fa152d1f9a] INFO  segmented.SegmentedRaftLogWorker (SegmentedRaftLogWorker.java:execute(569)) - 511321fd-944d-4aec-af04-300872c24c53-SegmentedRaftLogWorker:Storage Directory /workdir/hadoop-ozone/integration-test/target/test-dir/MiniOzoneClusterImpl-1c352198-1c3a-44ed-b4f2-463a1ec9c860/datanode-4/data/ratis/f48ca4fb-cff1-4cf2-9c4e-97fa152d1f9a: created new log segment /workdir/hadoop-ozone/integration-test/target/test-dir/MiniOzoneClusterImpl-1c352198-1c3a-44ed-b4f2-463a1ec9c860/datanode-4/data/ratis/f48ca4fb-cff1-4cf2-9c4e-97fa152d1f9a/current/log_inprogress_0
2019-08-29 09:09:10,517 | INFO  | SCMAudit | user=jenkins1000 | ip=192.168.69.87 | op=SEND_HEARTBEAT {datanodeUUID=7cbc575c-4b46-452e-9bb8-421b9d270bb5, command=[]} | ret=SUCCESS |  
2019-08-29 09:09:10,580 | INFO  | SCMAudit | user=jenkins1000 | ip=192.168.69.87 | op=SEND_HEARTBEAT {datanodeUUID=c22f91f7-68fa-46ec-983b-e4afd2d3623d, command=[]} | ret=SUCCESS |  
2019-08-29 09:09:10,644 | INFO  | SCMAudit | user=jenkins1000 | ip=192.168.69.87 | op=SEND_HEARTBEAT {datanodeUUID=88078711-0cd2-4a5e-bf0e-90a5498792e5, command=[]} | ret=SUCCESS |  
2019-08-29 09:09:10,704 | INFO  | SCMAudit | user=jenkins1000 | ip=192.168.69.87 | op=SEND_HEARTBEAT {datanodeUUID=23e9bf69-29f9-4f77-ab56-6ec336a98fa3, command=[]} | ret=SUCCESS |  
2019-08-29 09:09:10,784 | INFO  | SCMAudit | user=jenkins1000 | ip=192.168.69.87 | op=SEND_HEARTBEAT {datanodeUUID=511321fd-944d-4aec-af04-300872c24c53, command=[]} | ret=SUCCESS |  
2019-08-29 09:09:10,834 | INFO  | SCMAudit | user=jenkins1000 | ip=192.168.69.87 | op=SEND_HEARTBEAT {datanodeUUID=fb5607f7-201e-4e71-bf0f-86f0d27d217c, command=[]} | ret=SUCCESS |  
2019-08-29 09:09:10,893 | INFO  | SCMAudit | user=jenkins1000 | ip=192.168.69.87 | op=SEND_HEARTBEAT {datanodeUUID=e43a4404-c45a-4334-ab7d-c37c6cf2c676, command=[]} | ret=SUCCESS |  
2019-08-29 09:09:11,375 [grpc-default-executor-9] INFO  client.GrpcClientProtocolClient (GrpcClientProtocolClient.java:onNext(255)) - client-3C8988D63F63->fb5607f7-201e-4e71-bf0f-86f0d27d217c: receive RaftClientReply:client-3C8988D63F63->fb5607f7-201e-4e71-bf0f-86f0d27d217c@group-97FA152D1F9A, cid=195, FAILED org.apache.ratis.protocol.NotLeaderException: Server fb5607f7-201e-4e71-bf0f-86f0d27d217c is not the leader (511321fd-944d-4aec-af04-300872c24c53:192.168.69.87:34888). Request must be sent to leader., logIndex=0, commits[fb5607f7-201e-4e71-bf0f-86f0d27d217c:c-1, 23e9bf69-29f9-4f77-ab56-6ec336a98fa3:c-1, 511321fd-944d-4aec-af04-300872c24c53:c-1]
2019-08-29 09:09:11,516 | INFO  | SCMAudit | user=jenkins1000 | ip=192.168.69.87 | op=SEND_HEARTBEAT {datanodeUUID=7cbc575c-4b46-452e-9bb8-421b9d270bb5, command=[]} | ret=SUCCESS |  
2019-08-29 09:09:11,532 | INFO  | DNAudit | user=null | ip=null | op=WRITE_CHUNK {blockData=conID: 1 locID: 102699482826407953 bcsId: 0} | ret=SUCCESS |  
2019-08-29 09:09:11,532 | INFO  | DNAudit | user=null | ip=null | op=WRITE_CHUNK {blockData=conID: 1 locID: 102699482826407953 bcsId: 0} | ret=SUCCESS |  
2019-08-29 09:09:11,532 | INFO  | DNAudit | user=null | ip=null | op=WRITE_CHUNK {blockData=conID: 1 locID: 102699482826407953 bcsId: 0} | ret=SUCCESS |  
2019-08-29 09:09:11,533 | INFO  | SCMAudit | user=jenkins1000 | ip=192.168.69.87 | op=SEND_HEARTBEAT {datanodeUUID=23e9bf69-29f9-4f77-ab56-6ec336a98fa3, command=[]} | ret=SUCCESS |  
2019-08-29 09:09:11,533 | INFO  | SCMAudit | user=jenkins1000 | ip=192.168.69.87 | op=SEND_HEARTBEAT {datanodeUUID=511321fd-944d-4aec-af04-300872c24c53, command=[]} | ret=SUCCESS |  
2019-08-29 09:09:11,533 | INFO  | SCMAudit | user=jenkins1000 | ip=192.168.69.87 | op=SEND_HEARTBEAT {datanodeUUID=fb5607f7-201e-4e71-bf0f-86f0d27d217c, command=[]} | ret=SUCCESS |  
2019-08-29 09:09:11,549 | INFO  | DNAudit | user=null | ip=null | op=WRITE_CHUNK {blockData=conID: 1 locID: 102699482826407953 bcsId: 0} | ret=SUCCESS |  
2019-08-29 09:09:11,554 [grpc-default-executor-7] INFO  client.GrpcClientProtocolClient (GrpcClientProtocolClient.java:onNext(255)) - client-3C8988D63F63->511321fd-944d-4aec-af04-300872c24c53: receive RaftClientReply:client-3C8988D63F63->511321fd-944d-4aec-af04-300872c24c53@group-97FA152D1F9A, cid=195, SUCCESS, logIndex=1, commits[511321fd-944d-4aec-af04-300872c24c53:c1, 23e9bf69-29f9-4f77-ab56-6ec336a98fa3:c0, fb5607f7-201e-4e71-bf0f-86f0d27d217c:c0]
2019-08-29 09:09:11,555 | INFO  | DNAudit | user=null | ip=null | op=WRITE_CHUNK {blockData=conID: 1 locID: 102699482826407953 bcsId: 0} | ret=SUCCESS |  
2019-08-29 09:09:11,564 | INFO  | DNAudit | user=null | ip=null | op=WRITE_CHUNK {blockData=conID: 1 locID: 102699482826407953 bcsId: 0} | ret=SUCCESS |  
2019-08-29 09:09:11,564 | INFO  | DNAudit | user=null | ip=null | op=WRITE_CHUNK {blockData=conID: 1 locID: 102699482826407953 bcsId: 0} | ret=SUCCESS |  
2019-08-29 09:09:11,564 | INFO  | DNAudit | user=null | ip=null | op=WRITE_CHUNK {blockData=conID: 1 locID: 102699482826407953 bcsId: 0} | ret=SUCCESS |  
2019-08-29 09:09:11,564 | INFO  | DNAudit | user=null | ip=null | op=WRITE_CHUNK {blockData=conID: 1 locID: 102699482826407953 bcsId: 0} | ret=SUCCESS |  
2019-08-29 09:09:11,573 | INFO  | DNAudit | user=null | ip=null | op=WRITE_CHUNK {blockData=conID: 1 locID: 102699482826407953 bcsId: 0} | ret=SUCCESS |  
2019-08-29 09:09:11,576 [grpc-default-executor-8] INFO  client.GrpcClientProtocolClient (GrpcClientProtocolClient.java:onNext(255)) - client-3C8988D63F63->511321fd-944d-4aec-af04-300872c24c53: receive RaftClientReply:client-3C8988D63F63->511321fd-944d-4aec-af04-300872c24c53@group-97FA152D1F9A, cid=196, SUCCESS, logIndex=3, commits[511321fd-944d-4aec-af04-300872c24c53:c4, 23e9bf69-29f9-4f77-ab56-6ec336a98fa3:c2, fb5607f7-201e-4e71-bf0f-86f0d27d217c:c2]
2019-08-29 09:09:11,580 | INFO  | SCMAudit | user=jenkins1000 | ip=192.168.69.87 | op=SEND_HEARTBEAT {datanodeUUID=c22f91f7-68fa-46ec-983b-e4afd2d3623d, command=[]} | ret=SUCCESS |  
2019-08-29 09:09:11,580 | INFO  | DNAudit | user=null | ip=null | op=WRITE_CHUNK {blockData=conID: 1 locID: 102699482826407953 bcsId: 0} | ret=SUCCESS |  
2019-08-29 09:09:11,592 | INFO  | DNAudit | user=null | ip=null | op=WRITE_CHUNK {blockData=conID: 1 locID: 102699482826407953 bcsId: 0} | ret=SUCCESS |  
2019-08-29 09:09:11,644 | INFO  | SCMAudit | user=jenkins1000 | ip=192.168.69.87 | op=SEND_HEARTBEAT {datanodeUUID=88078711-0cd2-4a5e-bf0e-90a5498792e5, command=[]} | ret=SUCCESS |  
2019-08-29 09:09:11,710 | INFO  | DNAudit | user=null | ip=null | op=PUT_BLOCK {blockData=[blockId=conID: 1 locID: 102699482826407953 bcsId: 0,size=167]} | ret=SUCCESS |  
2019-08-29 09:09:11,712 [grpc-default-executor-8] INFO  client.GrpcClientProtocolClient (GrpcClientProtocolClient.java:onNext(255)) - client-3C8988D63F63->511321fd-944d-4aec-af04-300872c24c53: receive RaftClientReply:client-3C8988D63F63->511321fd-944d-4aec-af04-300872c24c53@group-97FA152D1F9A, cid=197, SUCCESS, logIndex=4, commits[511321fd-944d-4aec-af04-300872c24c53:c5, 23e9bf69-29f9-4f77-ab56-6ec336a98fa3:c4, fb5607f7-201e-4e71-bf0f-86f0d27d217c:c4]
2019-08-29 09:09:11,717 [EventQueue-CloseContainerForCloseContainerEventHandler] INFO  container.CloseContainerEventHandler (CloseContainerEventHandler.java:onMessage(61)) - Close container Event triggered for container : #1
2019-08-29 09:09:11,718 [EventQueue-CloseContainerForCloseContainerEventHandler] INFO  container.CloseContainerEventHandler (CloseContainerEventHandler.java:onMessage(61)) - Close container Event triggered for container : #1
2019-08-29 09:09:11,718 [EventQueue-CloseContainerForCloseContainerEventHandler] INFO  container.CloseContainerEventHandler (CloseContainerEventHandler.java:onMessage(61)) - Close container Event triggered for container : #1
2019-08-29 09:09:11,780 | INFO  | DNAudit | user=null | ip=null | op=PUT_BLOCK {blockData=[blockId=conID: 1 locID: 102699482826407953 bcsId: 0,size=167]} | ret=SUCCESS |  
2019-08-29 09:09:11,826 | INFO  | DNAudit | user=null | ip=null | op=PUT_BLOCK {blockData=[blockId=conID: 1 locID: 102699482826407953 bcsId: 0,size=167]} | ret=SUCCESS |  
2019-08-29 09:09:11,893 | INFO  | SCMAudit | user=jenkins1000 | ip=192.168.69.87 | op=SEND_HEARTBEAT {datanodeUUID=e43a4404-c45a-4334-ab7d-c37c6cf2c676, command=[]} | ret=SUCCESS |  
2019-08-29 09:09:12,517 | INFO  | SCMAudit | user=jenkins1000 | ip=192.168.69.87 | op=SEND_HEARTBEAT {datanodeUUID=7cbc575c-4b46-452e-9bb8-421b9d270bb5, command=[]} | ret=SUCCESS |  
2019-08-29 09:09:12,532 | INFO  | SCMAudit | user=jenkins1000 | ip=192.168.69.87 | op=SEND_HEARTBEAT {datanodeUUID=511321fd-944d-4aec-af04-300872c24c53, command=[commandType: closeContainerCommand closeContainerCommandProto { containerID: 1 pipelineID { id: "f48ca4fb-cff1-4cf2-9c4e-97fa152d1f9a" } cmdId: 1 force: false } , commandType: closeContainerCommand closeContainerCommandProto { containerID: 1 pipelineID { id: "f48ca4fb-cff1-4cf2-9c4e-97fa152d1f9a" } cmdId: 1 force: false } , commandType: closeContainerCommand closeContainerCommandProto { containerID: 1 pipelineID { id: "f48ca4fb-cff1-4cf2-9c4e-97fa152d1f9a" } cmdId: 1 force: false } ]} | ret=SUCCESS |  
2019-08-29 09:09:12,537 | INFO  | SCMAudit | user=jenkins1000 | ip=192.168.69.87 | op=SEND_HEARTBEAT {datanodeUUID=23e9bf69-29f9-4f77-ab56-6ec336a98fa3, command=[commandType: closeContainerCommand closeContainerCommandProto { containerID: 1 pipelineID { id: "f48ca4fb-cff1-4cf2-9c4e-97fa152d1f9a" } cmdId: 1 force: false } , commandType: closeContainerCommand closeContainerCommandProto { containerID: 1 pipelineID { id: "f48ca4fb-cff1-4cf2-9c4e-97fa152d1f9a" } cmdId: 1 force: false } , commandType: closeContainerCommand closeContainerCommandProto { containerID: 1 pipelineID { id: "f48ca4fb-cff1-4cf2-9c4e-97fa152d1f9a" } cmdId: 1 force: false } ]} | ret=SUCCESS |  
2019-08-29 09:09:12,537 | INFO  | SCMAudit | user=jenkins1000 | ip=192.168.69.87 | op=SEND_HEARTBEAT {datanodeUUID=fb5607f7-201e-4e71-bf0f-86f0d27d217c, command=[commandType: closeContainerCommand closeContainerCommandProto { containerID: 1 pipelineID { id: "f48ca4fb-cff1-4cf2-9c4e-97fa152d1f9a" } cmdId: 1 force: false } , commandType: closeContainerCommand closeContainerCommandProto { containerID: 1 pipelineID { id: "f48ca4fb-cff1-4cf2-9c4e-97fa152d1f9a" } cmdId: 1 force: false } , commandType: closeContainerCommand closeContainerCommandProto { containerID: 1 pipelineID { id: "f48ca4fb-cff1-4cf2-9c4e-97fa152d1f9a" } cmdId: 1 force: false } ]} | ret=SUCCESS |  
2019-08-29 09:09:12,580 | INFO  | SCMAudit | user=jenkins1000 | ip=192.168.69.87 | op=SEND_HEARTBEAT {datanodeUUID=c22f91f7-68fa-46ec-983b-e4afd2d3623d, command=[]} | ret=SUCCESS |  
2019-08-29 09:09:12,644 | INFO  | SCMAudit | user=jenkins1000 | ip=192.168.69.87 | op=SEND_HEARTBEAT {datanodeUUID=88078711-0cd2-4a5e-bf0e-90a5498792e5, command=[]} | ret=SUCCESS |  
2019-08-29 09:09:12,877 | INFO  | SCMAudit | user=jenkins1000 | ip=192.168.69.87 | op=SEND_HEARTBEAT {datanodeUUID=fb5607f7-201e-4e71-bf0f-86f0d27d217c, command=[]} | ret=SUCCESS |  
2019-08-29 09:09:12,893 | INFO  | SCMAudit | user=jenkins1000 | ip=192.168.69.87 | op=SEND_HEARTBEAT {datanodeUUID=e43a4404-c45a-4334-ab7d-c37c6cf2c676, command=[]} | ret=SUCCESS |  
2019-08-29 09:09:13,518 | INFO  | SCMAudit | user=jenkins1000 | ip=192.168.69.87 | op=SEND_HEARTBEAT {datanodeUUID=7cbc575c-4b46-452e-9bb8-421b9d270bb5, command=[]} | ret=SUCCESS |  
2019-08-29 09:09:13,532 | INFO  | SCMAudit | user=jenkins1000 | ip=192.168.69.87 | op=SEND_HEARTBEAT {datanodeUUID=23e9bf69-29f9-4f77-ab56-6ec336a98fa3, command=[]} | ret=SUCCESS |  
2019-08-29 09:09:13,532 | INFO  | SCMAudit | user=jenkins1000 | ip=192.168.69.87 | op=SEND_HEARTBEAT {datanodeUUID=511321fd-944d-4aec-af04-300872c24c53, command=[]} | ret=SUCCESS |  
2019-08-29 09:09:13,580 | INFO  | SCMAudit | user=jenkins1000 | ip=192.168.69.87 | op=SEND_HEARTBEAT {datanodeUUID=c22f91f7-68fa-46ec-983b-e4afd2d3623d, command=[]} | ret=SUCCESS |  
2019-08-29 09:09:13,645 | INFO  | SCMAudit | user=jenkins1000 | ip=192.168.69.87 | op=SEND_HEARTBEAT {datanodeUUID=88078711-0cd2-4a5e-bf0e-90a5498792e5, command=[]} | ret=SUCCESS |  
2019-08-29 09:09:13,675 | INFO  | SCMAudit | user=jenkins1000 | ip=192.168.69.87 | op=SEND_HEARTBEAT {datanodeUUID=23e9bf69-29f9-4f77-ab56-6ec336a98fa3, command=[]} | ret=SUCCESS |  
2019-08-29 09:09:13,675 | INFO  | SCMAudit | user=jenkins1000 | ip=192.168.69.87 | op=SEND_HEARTBEAT {datanodeUUID=511321fd-944d-4aec-af04-300872c24c53, command=[]} | ret=SUCCESS |  
2019-08-29 09:09:13,876 | INFO  | SCMAudit | user=jenkins1000 | ip=192.168.69.87 | op=SEND_HEARTBEAT {datanodeUUID=fb5607f7-201e-4e71-bf0f-86f0d27d217c, command=[]} | ret=SUCCESS |  
2019-08-29 09:09:13,889 [RatisApplyTransactionExecutor 1] INFO  interfaces.Container (KeyValueContainer.java:flushAndSyncDB(382)) - Container 1 is synced with bcsId 4.
2019-08-29 09:09:13,889 [RatisApplyTransactionExecutor 1] INFO  interfaces.Container (KeyValueContainer.java:flushAndSyncDB(382)) - Container 1 is synced with bcsId 4.
2019-08-29 09:09:13,889 [RatisApplyTransactionExecutor 1] INFO  interfaces.Container (KeyValueContainer.java:flushAndSyncDB(382)) - Container 1 is synced with bcsId 4.
2019-08-29 09:09:13,890 [RatisApplyTransactionExecutor 1] INFO  interfaces.Container (KeyValueContainer.java:flushAndSyncDB(382)) - Container 1 is synced with bcsId 4.
2019-08-29 09:09:13,890 [RatisApplyTransactionExecutor 1] INFO  interfaces.Container (KeyValueContainer.java:flushAndSyncDB(382)) - Container 1 is synced with bcsId 4.
2019-08-29 09:09:13,890 [RatisApplyTransactionExecutor 1] INFO  interfaces.Container (KeyValueContainer.java:flushAndSyncDB(382)) - Container 1 is synced with bcsId 4.
2019-08-29 09:09:13,893 | INFO  | SCMAudit | user=jenkins1000 | ip=192.168.69.87 | op=SEND_HEARTBEAT {datanodeUUID=e43a4404-c45a-4334-ab7d-c37c6cf2c676, command=[]} | ret=SUCCESS |  
2019-08-29 09:09:13,916 | INFO  | DNAudit | user=null | ip=null | op=CLOSE_CONTAINER {containerID=1} | ret=SUCCESS |  
2019-08-29 09:09:13,916 | INFO  | DNAudit | user=null | ip=null | op=CLOSE_CONTAINER {containerID=1} | ret=SUCCESS |  
2019-08-29 09:09:13,916 | INFO  | DNAudit | user=null | ip=null | op=CLOSE_CONTAINER {containerID=1} | ret=SUCCESS |  
2019-08-29 09:09:13,916 | INFO  | SCMAudit | user=jenkins1000 | ip=192.168.69.87 | op=SEND_HEARTBEAT {datanodeUUID=511321fd-944d-4aec-af04-300872c24c53, command=[]} | ret=SUCCESS |  
2019-08-29 09:09:13,916 | INFO  | SCMAudit | user=jenkins1000 | ip=192.168.69.87 | op=SEND_HEARTBEAT {datanodeUUID=fb5607f7-201e-4e71-bf0f-86f0d27d217c, command=[]} | ret=SUCCESS |  
2019-08-29 09:09:13,917 | INFO  | SCMAudit | user=jenkins1000 | ip=192.168.69.87 | op=SEND_HEARTBEAT {datanodeUUID=23e9bf69-29f9-4f77-ab56-6ec336a98fa3, command=[]} | ret=SUCCESS |  
2019-08-29 09:09:13,916 [EventQueue-IncrementalContainerReportForIncrementalContainerReportHandler] INFO  container.IncrementalContainerReportHandler (AbstractContainerReportHandler.java:updateContainerState(176)) - Moving container #1 to CLOSED state, datanode 511321fd-944d-4aec-af04-300872c24c53{ip: 192.168.69.87, host: pr-hdds-1935-5tjgs-3847141534, networkLocation: /default-rack, certSerialId: null} reported CLOSED replica.
2019-08-29 09:09:14,222 | ERROR | DNAudit | user=null | ip=null | op=WRITE_CHUNK {blockData=conID: 1 locID: 102699482826407953 bcsId: 4} | ret=FAILURE | org.apache.hadoop.hdds.scm.container.common.helpers.ContainerNotOpenException: Container 1 in CLOSED state
	at org.apache.hadoop.ozone.container.common.impl.HddsDispatcher.validateContainerCommand(HddsDispatcher.java:408)
	at org.apache.hadoop.ozone.container.common.transport.server.ratis.ContainerStateMachine.startTransaction(ContainerStateMachine.java:310) 
2019-08-29 09:09:14,223 | ERROR | DNAudit | user=null | ip=null | op=WRITE_CHUNK {blockData=conID: 1 locID: 102699482826407953 bcsId: 4} | ret=FAILURE | org.apache.hadoop.hdds.scm.container.common.helpers.ContainerNotOpenException: Container 1 in CLOSED state
	at org.apache.hadoop.ozone.container.common.impl.HddsDispatcher.validateContainerCommand(HddsDispatcher.java:408)
	at org.apache.hadoop.ozone.container.common.transport.server.ratis.ContainerStateMachine.startTransaction(ContainerStateMachine.java:310) 
2019-08-29 09:09:14,228 | ERROR | DNAudit | user=null | ip=null | op=PUT_BLOCK {blockData=[blockId=conID: 1 locID: 102699482826407953 bcsId: 0,size=334]} | ret=FAILURE | org.apache.hadoop.hdds.scm.container.common.helpers.ContainerNotOpenException: Container 1 in CLOSED state
	at org.apache.hadoop.ozone.container.common.impl.HddsDispatcher.validateContainerCommand(HddsDispatcher.java:408)
	at org.apache.hadoop.ozone.container.common.transport.server.ratis.ContainerStateMachine.startTransaction(ContainerStateMachine.java:310) 
2019-08-29 09:09:14,231 [grpc-default-executor-8] INFO  client.GrpcClientProtocolClient (GrpcClientProtocolClient.java:onNext(255)) - client-3C8988D63F63->511321fd-944d-4aec-af04-300872c24c53: receive RaftClientReply:client-3C8988D63F63->511321fd-944d-4aec-af04-300872c24c53@group-97FA152D1F9A, cid=198, FAILED org.apache.ratis.protocol.StateMachineException: org.apache.hadoop.hdds.scm.container.common.helpers.ContainerNotOpenException from Server 511321fd-944d-4aec-af04-300872c24c53: Container 1 in CLOSED state, logIndex=0, commits[511321fd-944d-4aec-af04-300872c24c53:c7, 23e9bf69-29f9-4f77-ab56-6ec336a98fa3:c6, fb5607f7-201e-4e71-bf0f-86f0d27d217c:c6]
2019-08-29 09:09:14,235 [grpc-default-executor-8] INFO  client.GrpcClientProtocolClient (GrpcClientProtocolClient.java:onNext(255)) - client-3C8988D63F63->511321fd-944d-4aec-af04-300872c24c53: receive RaftClientReply:client-3C8988D63F63->511321fd-944d-4aec-af04-300872c24c53@group-97FA152D1F9A, cid=199, FAILED org.apache.ratis.protocol.StateMachineException: org.apache.hadoop.hdds.scm.container.common.helpers.ContainerNotOpenException from Server 511321fd-944d-4aec-af04-300872c24c53: Container 1 in CLOSED state, logIndex=0, commits[511321fd-944d-4aec-af04-300872c24c53:c7, 23e9bf69-29f9-4f77-ab56-6ec336a98fa3:c6, fb5607f7-201e-4e71-bf0f-86f0d27d217c:c6]
2019-08-29 09:09:14,236 [grpc-default-executor-8] INFO  client.GrpcClientProtocolClient (GrpcClientProtocolClient.java:onNext(255)) - client-3C8988D63F63->511321fd-944d-4aec-af04-300872c24c53: receive RaftClientReply:client-3C8988D63F63->511321fd-944d-4aec-af04-300872c24c53@group-97FA152D1F9A, cid=200, FAILED org.apache.ratis.protocol.StateMachineException: org.apache.hadoop.hdds.scm.container.common.helpers.ContainerNotOpenException from Server 511321fd-944d-4aec-af04-300872c24c53: Container 1 in CLOSED state, logIndex=0, commits[511321fd-944d-4aec-af04-300872c24c53:c7, 23e9bf69-29f9-4f77-ab56-6ec336a98fa3:c6, fb5607f7-201e-4e71-bf0f-86f0d27d217c:c6]
2019-08-29 09:09:14,245 | INFO  | SCMAudit | user=jenkins1000 | ip=192.168.69.87 | op=ALLOCATE_BLOCK {owner=aa13e4ef-c7ce-4e02-a176-f1e090004e71, size=800, type=RATIS, factor=THREE} | ret=SUCCESS |  
2019-08-29 09:09:14,246 | INFO  | OMAudit | user=jenkins1000 | ip=127.0.0.1 | op=ALLOCATE_BLOCK {volume=testblockoutputstream, bucket=testblockoutputstream, key=11455579-d0bf-4ed4-b65b-b1046531ab74, dataSize=0, replicationType=null, replicationFactor=null, keyLocationInfo=null, clientID=102699482810023952} | ret=SUCCESS |  
2019-08-29 09:09:14,432 | INFO  | DNAudit | user=null | ip=null | op=WRITE_CHUNK {blockData=conID: 2 locID: 102699483414200338 bcsId: 0} | ret=SUCCESS |  
2019-08-29 09:09:14,432 | INFO  | DNAudit | user=null | ip=null | op=WRITE_CHUNK {blockData=conID: 2 locID: 102699483414200338 bcsId: 0} | ret=SUCCESS |  
2019-08-29 09:09:14,432 | INFO  | DNAudit | user=null | ip=null | op=WRITE_CHUNK {blockData=conID: 2 locID: 102699483414200338 bcsId: 0} | ret=SUCCESS |  
2019-08-29 09:09:14,432 | INFO  | DNAudit | user=null | ip=null | op=WRITE_CHUNK {blockData=conID: 2 locID: 102699483414200338 bcsId: 0} | ret=SUCCESS |  
2019-08-29 09:09:14,432 | INFO  | DNAudit | user=null | ip=null | op=WRITE_CHUNK {blockData=conID: 2 locID: 102699483414200338 bcsId: 0} | ret=SUCCESS |  
2019-08-29 09:09:14,432 | INFO  | DNAudit | user=null | ip=null | op=WRITE_CHUNK {blockData=conID: 2 locID: 102699483414200338 bcsId: 0} | ret=SUCCESS |  
2019-08-29 09:09:14,432 | INFO  | SCMAudit | user=jenkins1000 | ip=192.168.69.87 | op=SEND_HEARTBEAT {datanodeUUID=511321fd-944d-4aec-af04-300872c24c53, command=[]} | ret=SUCCESS |  
2019-08-29 09:09:14,432 | INFO  | SCMAudit | user=jenkins1000 | ip=192.168.69.87 | op=SEND_HEARTBEAT {datanodeUUID=23e9bf69-29f9-4f77-ab56-6ec336a98fa3, command=[]} | ret=SUCCESS |  
2019-08-29 09:09:14,432 | INFO  | SCMAudit | user=jenkins1000 | ip=192.168.69.87 | op=SEND_HEARTBEAT {datanodeUUID=fb5607f7-201e-4e71-bf0f-86f0d27d217c, command=[]} | ret=SUCCESS |  
2019-08-29 09:09:14,462 | INFO  | DNAudit | user=null | ip=null | op=WRITE_CHUNK {blockData=conID: 2 locID: 102699483414200338 bcsId: 0} | ret=SUCCESS |  
2019-08-29 09:09:14,466 | INFO  | DNAudit | user=null | ip=null | op=WRITE_CHUNK {blockData=conID: 2 locID: 102699483414200338 bcsId: 0} | ret=SUCCESS |  
2019-08-29 09:09:14,467 [grpc-default-executor-8] INFO  client.GrpcClientProtocolClient (GrpcClientProtocolClient.java:onNext(255)) - client-3C8988D63F63->511321fd-944d-4aec-af04-300872c24c53: receive RaftClientReply:client-3C8988D63F63->511321fd-944d-4aec-af04-300872c24c53@group-97FA152D1F9A, cid=201, SUCCESS, logIndex=8, commits[511321fd-944d-4aec-af04-300872c24c53:c10, 23e9bf69-29f9-4f77-ab56-6ec336a98fa3:c7, fb5607f7-201e-4e71-bf0f-86f0d27d217c:c7]
2019-08-29 09:09:14,468 [grpc-default-executor-8] INFO  client.GrpcClientProtocolClient (GrpcClientProtocolClient.java:onNext(255)) - client-3C8988D63F63->511321fd-944d-4aec-af04-300872c24c53: receive RaftClientReply:client-3C8988D63F63->511321fd-944d-4aec-af04-300872c24c53@group-97FA152D1F9A, cid=202, SUCCESS, logIndex=9, commits[511321fd-944d-4aec-af04-300872c24c53:c10, 23e9bf69-29f9-4f77-ab56-6ec336a98fa3:c7, fb5607f7-201e-4e71-bf0f-86f0d27d217c:c7]
2019-08-29 09:09:14,518 | INFO  | SCMAudit | user=jenkins1000 | ip=192.168.69.87 | op=SEND_HEARTBEAT {datanodeUUID=7cbc575c-4b46-452e-9bb8-421b9d270bb5, command=[]} | ret=SUCCESS |  
2019-08-29 09:09:14,544 | INFO  | DNAudit | user=null | ip=null | op=PUT_BLOCK {blockData=[blockId=conID: 2 locID: 102699483414200338 bcsId: 0,size=167]} | ret=SUCCESS |  
2019-08-29 09:09:14,546 [grpc-default-executor-8] INFO  client.GrpcClientProtocolClient (GrpcClientProtocolClient.java:onNext(255)) - client-3C8988D63F63->511321fd-944d-4aec-af04-300872c24c53: receive RaftClientReply:client-3C8988D63F63->511321fd-944d-4aec-af04-300872c24c53@group-97FA152D1F9A, cid=203, SUCCESS, logIndex=10, commits[511321fd-944d-4aec-af04-300872c24c53:c12, 23e9bf69-29f9-4f77-ab56-6ec336a98fa3:c7, fb5607f7-201e-4e71-bf0f-86f0d27d217c:c7]
2019-08-29 09:09:14,580 | INFO  | SCMAudit | user=jenkins1000 | ip=192.168.69.87 | op=SEND_HEARTBEAT {datanodeUUID=c22f91f7-68fa-46ec-983b-e4afd2d3623d, command=[]} | ret=SUCCESS |  
2019-08-29 09:09:14,645 | INFO  | SCMAudit | user=jenkins1000 | ip=192.168.69.87 | op=SEND_HEARTBEAT {datanodeUUID=88078711-0cd2-4a5e-bf0e-90a5498792e5, command=[]} | ret=SUCCESS |  
2019-08-29 09:09:14,893 | INFO  | SCMAudit | user=jenkins1000 | ip=192.168.69.87 | op=SEND_HEARTBEAT {datanodeUUID=e43a4404-c45a-4334-ab7d-c37c6cf2c676, command=[]} | ret=SUCCESS |  
2019-08-29 09:09:15,432 | INFO  | SCMAudit | user=jenkins1000 | ip=192.168.69.87 | op=SEND_HEARTBEAT {datanodeUUID=fb5607f7-201e-4e71-bf0f-86f0d27d217c, command=[]} | ret=SUCCESS |  
2019-08-29 09:09:15,432 | INFO  | SCMAudit | user=jenkins1000 | ip=192.168.69.87 | op=SEND_HEARTBEAT {datanodeUUID=23e9bf69-29f9-4f77-ab56-6ec336a98fa3, command=[]} | ret=SUCCESS |  
2019-08-29 09:09:15,432 | INFO  | SCMAudit | user=jenkins1000 | ip=192.168.69.87 | op=SEND_HEARTBEAT {datanodeUUID=511321fd-944d-4aec-af04-300872c24c53, command=[]} | ret=SUCCESS |  
2019-08-29 09:09:15,518 | INFO  | SCMAudit | user=jenkins1000 | ip=192.168.69.87 | op=SEND_HEARTBEAT {datanodeUUID=7cbc575c-4b46-452e-9bb8-421b9d270bb5, command=[]} | ret=SUCCESS |  
2019-08-29 09:09:15,547 [main] WARN  scm.XceiverClientRatis (XceiverClientRatis.java:watchForCommit(262)) - 3 way commit failed on pipeline Pipeline[ Id: f48ca4fb-cff1-4cf2-9c4e-97fa152d1f9a, Nodes: fb5607f7-201e-4e71-bf0f-86f0d27d217c{ip: 192.168.69.87, host: pr-hdds-1935-5tjgs-3847141534, networkLocation: /default-rack, certSerialId: null}23e9bf69-29f9-4f77-ab56-6ec336a98fa3{ip: 192.168.69.87, host: pr-hdds-1935-5tjgs-3847141534, networkLocation: /default-rack, certSerialId: null}511321fd-944d-4aec-af04-300872c24c53{ip: 192.168.69.87, host: pr-hdds-1935-5tjgs-3847141534, networkLocation: /default-rack, certSerialId: null}, Type:RATIS, Factor:THREE, State:OPEN]
java.util.concurrent.TimeoutException
	at java.util.concurrent.CompletableFuture.timedGet(CompletableFuture.java:1771)
	at java.util.concurrent.CompletableFuture.get(CompletableFuture.java:1915)
	at org.apache.hadoop.hdds.scm.XceiverClientRatis.watchForCommit(XceiverClientRatis.java:259)
	at org.apache.hadoop.hdds.scm.storage.CommitWatcher.watchForCommit(CommitWatcher.java:194)
	at org.apache.hadoop.hdds.scm.storage.CommitWatcher.watchOnLastIndex(CommitWatcher.java:157)
	at org.apache.hadoop.hdds.scm.storage.BlockOutputStream.watchForCommit(BlockOutputStream.java:347)
	at org.apache.hadoop.hdds.scm.storage.BlockOutputStream.handleFlush(BlockOutputStream.java:479)
	at org.apache.hadoop.hdds.scm.storage.BlockOutputStream.flush(BlockOutputStream.java:428)
	at org.apache.hadoop.ozone.client.io.BlockOutputStreamEntry.flush(BlockOutputStreamEntry.java:136)
	at org.apache.hadoop.ozone.client.io.KeyOutputStream.handleFlushOrClose(KeyOutputStream.java:442)
	at org.apache.hadoop.ozone.client.io.KeyOutputStream.flush(KeyOutputStream.java:396)
	at org.apache.hadoop.ozone.client.io.OzoneOutputStream.flush(OzoneOutputStream.java:54)
	at org.apache.hadoop.ozone.client.rpc.TestBlockOutputStreamWithFailures.testFailureWithPrimeSizedData(TestBlockOutputStreamWithFailures.java:633)
	at sun.reflect.NativeMethodAccessorImpl.invoke0(Native Method)
	at sun.reflect.NativeMethodAccessorImpl.invoke(NativeMethodAccessorImpl.java:62)
	at sun.reflect.DelegatingMethodAccessorImpl.invoke(DelegatingMethodAccessorImpl.java:43)
	at java.lang.reflect.Method.invoke(Method.java:498)
	at org.junit.runners.model.FrameworkMethod$1.runReflectiveCall(FrameworkMethod.java:47)
	at org.junit.internal.runners.model.ReflectiveCallable.run(ReflectiveCallable.java:12)
	at org.junit.runners.model.FrameworkMethod.invokeExplosively(FrameworkMethod.java:44)
	at org.junit.internal.runners.statements.InvokeMethod.evaluate(InvokeMethod.java:17)
	at org.junit.internal.runners.statements.RunBefores.evaluate(RunBefores.java:26)
	at org.junit.internal.runners.statements.RunAfters.evaluate(RunAfters.java:27)
	at org.junit.runners.ParentRunner.runLeaf(ParentRunner.java:271)
	at org.junit.runners.BlockJUnit4ClassRunner.runChild(BlockJUnit4ClassRunner.java:70)
	at org.junit.runners.BlockJUnit4ClassRunner.runChild(BlockJUnit4ClassRunner.java:50)
	at org.junit.runners.ParentRunner$3.run(ParentRunner.java:238)
	at org.junit.runners.ParentRunner$1.schedule(ParentRunner.java:63)
	at org.junit.runners.ParentRunner.runChildren(ParentRunner.java:236)
	at org.junit.runners.ParentRunner.access$000(ParentRunner.java:53)
	at org.junit.runners.ParentRunner$2.evaluate(ParentRunner.java:229)
	at org.junit.runners.ParentRunner.run(ParentRunner.java:309)
	at org.apache.maven.surefire.junit4.JUnit4Provider.execute(JUnit4Provider.java:365)
	at org.apache.maven.surefire.junit4.JUnit4Provider.executeWithRerun(JUnit4Provider.java:273)
	at org.apache.maven.surefire.junit4.JUnit4Provider.executeTestSet(JUnit4Provider.java:238)
	at org.apache.maven.surefire.junit4.JUnit4Provider.invoke(JUnit4Provider.java:159)
	at org.apache.maven.surefire.booter.ForkedBooter.invokeProviderInSameClassLoader(ForkedBooter.java:384)
	at org.apache.maven.surefire.booter.ForkedBooter.runSuitesInProcess(ForkedBooter.java:345)
	at org.apache.maven.surefire.booter.ForkedBooter.execute(ForkedBooter.java:126)
	at org.apache.maven.surefire.booter.ForkedBooter.main(ForkedBooter.java:418)
2019-08-29 09:09:15,581 | INFO  | SCMAudit | user=jenkins1000 | ip=192.168.69.87 | op=SEND_HEARTBEAT {datanodeUUID=c22f91f7-68fa-46ec-983b-e4afd2d3623d, command=[]} | ret=SUCCESS |  
2019-08-29 09:09:15,645 | INFO  | SCMAudit | user=jenkins1000 | ip=192.168.69.87 | op=SEND_HEARTBEAT {datanodeUUID=88078711-0cd2-4a5e-bf0e-90a5498792e5, command=[]} | ret=SUCCESS |  
2019-08-29 09:09:15,893 | INFO  | SCMAudit | user=jenkins1000 | ip=192.168.69.87 | op=SEND_HEARTBEAT {datanodeUUID=e43a4404-c45a-4334-ab7d-c37c6cf2c676, command=[]} | ret=SUCCESS |  
2019-08-29 09:09:16,432 | INFO  | SCMAudit | user=jenkins1000 | ip=192.168.69.87 | op=SEND_HEARTBEAT {datanodeUUID=fb5607f7-201e-4e71-bf0f-86f0d27d217c, command=[]} | ret=SUCCESS |  
2019-08-29 09:09:16,432 | INFO  | SCMAudit | user=jenkins1000 | ip=192.168.69.87 | op=SEND_HEARTBEAT {datanodeUUID=511321fd-944d-4aec-af04-300872c24c53, command=[]} | ret=SUCCESS |  
2019-08-29 09:09:16,432 | INFO  | SCMAudit | user=jenkins1000 | ip=192.168.69.87 | op=SEND_HEARTBEAT {datanodeUUID=23e9bf69-29f9-4f77-ab56-6ec336a98fa3, command=[]} | ret=SUCCESS |  
2019-08-29 09:09:16,518 | INFO  | SCMAudit | user=jenkins1000 | ip=192.168.69.87 | op=SEND_HEARTBEAT {datanodeUUID=7cbc575c-4b46-452e-9bb8-421b9d270bb5, command=[]} | ret=SUCCESS |  
2019-08-29 09:09:16,550 [main] WARN  storage.CommitWatcher (CommitWatcher.java:watchForCommit(203)) - watchForCommit failed for index 10
java.util.concurrent.TimeoutException
	at java.util.concurrent.CompletableFuture.timedGet(CompletableFuture.java:1771)
	at java.util.concurrent.CompletableFuture.get(CompletableFuture.java:1915)
	at org.apache.hadoop.hdds.scm.XceiverClientRatis.watchForCommit(XceiverClientRatis.java:268)
	at org.apache.hadoop.hdds.scm.storage.CommitWatcher.watchForCommit(CommitWatcher.java:194)
	at org.apache.hadoop.hdds.scm.storage.CommitWatcher.watchOnLastIndex(CommitWatcher.java:157)
	at org.apache.hadoop.hdds.scm.storage.BlockOutputStream.watchForCommit(BlockOutputStream.java:347)
	at org.apache.hadoop.hdds.scm.storage.BlockOutputStream.handleFlush(BlockOutputStream.java:479)
	at org.apache.hadoop.hdds.scm.storage.BlockOutputStream.flush(BlockOutputStream.java:428)
	at org.apache.hadoop.ozone.client.io.BlockOutputStreamEntry.flush(BlockOutputStreamEntry.java:136)
	at org.apache.hadoop.ozone.client.io.KeyOutputStream.handleFlushOrClose(KeyOutputStream.java:442)
	at org.apache.hadoop.ozone.client.io.KeyOutputStream.flush(KeyOutputStream.java:396)
	at org.apache.hadoop.ozone.client.io.OzoneOutputStream.flush(OzoneOutputStream.java:54)
	at org.apache.hadoop.ozone.client.rpc.TestBlockOutputStreamWithFailures.testFailureWithPrimeSizedData(TestBlockOutputStreamWithFailures.java:633)
	at sun.reflect.NativeMethodAccessorImpl.invoke0(Native Method)
	at sun.reflect.NativeMethodAccessorImpl.invoke(NativeMethodAccessorImpl.java:62)
	at sun.reflect.DelegatingMethodAccessorImpl.invoke(DelegatingMethodAccessorImpl.java:43)
	at java.lang.reflect.Method.invoke(Method.java:498)
	at org.junit.runners.model.FrameworkMethod$1.runReflectiveCall(FrameworkMethod.java:47)
	at org.junit.internal.runners.model.ReflectiveCallable.run(ReflectiveCallable.java:12)
	at org.junit.runners.model.FrameworkMethod.invokeExplosively(FrameworkMethod.java:44)
	at org.junit.internal.runners.statements.InvokeMethod.evaluate(InvokeMethod.java:17)
	at org.junit.internal.runners.statements.RunBefores.evaluate(RunBefores.java:26)
	at org.junit.internal.runners.statements.RunAfters.evaluate(RunAfters.java:27)
	at org.junit.runners.ParentRunner.runLeaf(ParentRunner.java:271)
	at org.junit.runners.BlockJUnit4ClassRunner.runChild(BlockJUnit4ClassRunner.java:70)
	at org.junit.runners.BlockJUnit4ClassRunner.runChild(BlockJUnit4ClassRunner.java:50)
	at org.junit.runners.ParentRunner$3.run(ParentRunner.java:238)
	at org.junit.runners.ParentRunner$1.schedule(ParentRunner.java:63)
	at org.junit.runners.ParentRunner.runChildren(ParentRunner.java:236)
	at org.junit.runners.ParentRunner.access$000(ParentRunner.java:53)
	at org.junit.runners.ParentRunner$2.evaluate(ParentRunner.java:229)
	at org.junit.runners.ParentRunner.run(ParentRunner.java:309)
	at org.apache.maven.surefire.junit4.JUnit4Provider.execute(JUnit4Provider.java:365)
	at org.apache.maven.surefire.junit4.JUnit4Provider.executeWithRerun(JUnit4Provider.java:273)
	at org.apache.maven.surefire.junit4.JUnit4Provider.executeTestSet(JUnit4Provider.java:238)
	at org.apache.maven.surefire.junit4.JUnit4Provider.invoke(JUnit4Provider.java:159)
	at org.apache.maven.surefire.booter.ForkedBooter.invokeProviderInSameClassLoader(ForkedBooter.java:384)
	at org.apache.maven.surefire.booter.ForkedBooter.runSuitesInProcess(ForkedBooter.java:345)
	at org.apache.maven.surefire.booter.ForkedBooter.execute(ForkedBooter.java:126)
	at org.apache.maven.surefire.booter.ForkedBooter.main(ForkedBooter.java:418)
2019-08-29 09:09:16,551 [main] WARN  io.KeyOutputStream (KeyOutputStream.java:handleException(276)) - Encountered exception java.io.IOException: Unexpected Storage Container Exception: java.io.IOException: Unexpected Storage Container Exception: java.util.concurrent.TimeoutException on the pipeline Pipeline[ Id: f48ca4fb-cff1-4cf2-9c4e-97fa152d1f9a, Nodes: fb5607f7-201e-4e71-bf0f-86f0d27d217c{ip: 192.168.69.87, host: pr-hdds-1935-5tjgs-3847141534, networkLocation: /default-rack, certSerialId: null}23e9bf69-29f9-4f77-ab56-6ec336a98fa3{ip: 192.168.69.87, host: pr-hdds-1935-5tjgs-3847141534, networkLocation: /default-rack, certSerialId: null}511321fd-944d-4aec-af04-300872c24c53{ip: 192.168.69.87, host: pr-hdds-1935-5tjgs-3847141534, networkLocation: /default-rack, certSerialId: null}, Type:RATIS, Factor:THREE, State:OPEN]. The last committed block length is 0, uncommitted data length is 167 retry count 0
2019-08-29 09:09:16,558 | INFO  | SCMAudit | user=jenkins1000 | ip=192.168.69.87 | op=ALLOCATE_BLOCK {owner=aa13e4ef-c7ce-4e02-a176-f1e090004e71, size=800, type=RATIS, factor=THREE} | ret=SUCCESS |  
2019-08-29 09:09:16,559 | INFO  | OMAudit | user=jenkins1000 | ip=127.0.0.1 | op=ALLOCATE_BLOCK {volume=testblockoutputstream, bucket=testblockoutputstream, key=11455579-d0bf-4ed4-b65b-b1046531ab74, dataSize=0, replicationType=null, replicationFactor=null, keyLocationInfo=null, clientID=102699482810023952} | ret=SUCCESS |  
2019-08-29 09:09:16,569 [grpc-default-executor-8] INFO  client.GrpcClientProtocolClient (GrpcClientProtocolClient.java:onNext(255)) - client-2C32C2FD8EDA->88078711-0cd2-4a5e-bf0e-90a5498792e5: receive RaftClientReply:client-2C32C2FD8EDA->88078711-0cd2-4a5e-bf0e-90a5498792e5@group-D64D69ED8B91, cid=206, FAILED org.apache.ratis.protocol.NotLeaderException: Server 88078711-0cd2-4a5e-bf0e-90a5498792e5 is not the leader (c22f91f7-68fa-46ec-983b-e4afd2d3623d:192.168.69.87:37396). Request must be sent to leader., logIndex=0, commits[88078711-0cd2-4a5e-bf0e-90a5498792e5:c0, e43a4404-c45a-4334-ab7d-c37c6cf2c676:c0, c22f91f7-68fa-46ec-983b-e4afd2d3623d:c0]
2019-08-29 09:09:16,580 | INFO  | SCMAudit | user=jenkins1000 | ip=192.168.69.87 | op=SEND_HEARTBEAT {datanodeUUID=c22f91f7-68fa-46ec-983b-e4afd2d3623d, command=[]} | ret=SUCCESS |  
2019-08-29 09:09:16,645 | INFO  | SCMAudit | user=jenkins1000 | ip=192.168.69.87 | op=SEND_HEARTBEAT {datanodeUUID=88078711-0cd2-4a5e-bf0e-90a5498792e5, command=[]} | ret=SUCCESS |  
2019-08-29 09:09:16,829 | INFO  | DNAudit | user=null | ip=null | op=WRITE_CHUNK {blockData=conID: 3 locID: 102699483565785107 bcsId: 0} | ret=SUCCESS |  
2019-08-29 09:09:16,829 | INFO  | SCMAudit | user=jenkins1000 | ip=192.168.69.87 | op=SEND_HEARTBEAT {datanodeUUID=c22f91f7-68fa-46ec-983b-e4afd2d3623d, command=[]} | ret=SUCCESS |  
2019-08-29 09:09:16,830 | INFO  | SCMAudit | user=jenkins1000 | ip=192.168.69.87 | op=SEND_HEARTBEAT {datanodeUUID=e43a4404-c45a-4334-ab7d-c37c6cf2c676, command=[]} | ret=SUCCESS |  
2019-08-29 09:09:16,830 | INFO  | SCMAudit | user=jenkins1000 | ip=192.168.69.87 | op=SEND_HEARTBEAT {datanodeUUID=88078711-0cd2-4a5e-bf0e-90a5498792e5, command=[]} | ret=SUCCESS |  
2019-08-29 09:09:16,830 | INFO  | DNAudit | user=null | ip=null | op=WRITE_CHUNK {blockData=conID: 3 locID: 102699483565785107 bcsId: 0} | ret=SUCCESS |  
2019-08-29 09:09:16,830 | INFO  | DNAudit | user=null | ip=null | op=WRITE_CHUNK {blockData=conID: 3 locID: 102699483565785107 bcsId: 0} | ret=SUCCESS |  
2019-08-29 09:09:16,837 | INFO  | DNAudit | user=null | ip=null | op=WRITE_CHUNK {blockData=conID: 3 locID: 102699483565785107 bcsId: 0} | ret=SUCCESS |  
2019-08-29 09:09:16,840 [grpc-default-executor-8] INFO  client.GrpcClientProtocolClient (GrpcClientProtocolClient.java:onNext(255)) - client-2C32C2FD8EDA->c22f91f7-68fa-46ec-983b-e4afd2d3623d: receive RaftClientReply:client-2C32C2FD8EDA->c22f91f7-68fa-46ec-983b-e4afd2d3623d@group-D64D69ED8B91, cid=206, SUCCESS, logIndex=1, commits[c22f91f7-68fa-46ec-983b-e4afd2d3623d:c1, 88078711-0cd2-4a5e-bf0e-90a5498792e5:c0, e43a4404-c45a-4334-ab7d-c37c6cf2c676:c0]
2019-08-29 09:09:16,844 | INFO  | DNAudit | user=null | ip=null | op=WRITE_CHUNK {blockData=conID: 3 locID: 102699483565785107 bcsId: 0} | ret=SUCCESS |  
2019-08-29 09:09:16,845 | INFO  | DNAudit | user=null | ip=null | op=WRITE_CHUNK {blockData=conID: 3 locID: 102699483565785107 bcsId: 0} | ret=SUCCESS |  
2019-08-29 09:09:16,845 | INFO  | DNAudit | user=null | ip=null | op=WRITE_CHUNK {blockData=conID: 3 locID: 102699483565785107 bcsId: 0} | ret=SUCCESS |  
2019-08-29 09:09:16,851 | INFO  | DNAudit | user=null | ip=null | op=WRITE_CHUNK {blockData=conID: 3 locID: 102699483565785107 bcsId: 0} | ret=SUCCESS |  
2019-08-29 09:09:16,855 | INFO  | DNAudit | user=null | ip=null | op=WRITE_CHUNK {blockData=conID: 3 locID: 102699483565785107 bcsId: 0} | ret=SUCCESS |  
2019-08-29 09:09:16,862 | INFO  | DNAudit | user=null | ip=null | op=WRITE_CHUNK {blockData=conID: 3 locID: 102699483565785107 bcsId: 0} | ret=SUCCESS |  
2019-08-29 09:09:16,866 [grpc-default-executor-7] INFO  client.GrpcClientProtocolClient (GrpcClientProtocolClient.java:onNext(255)) - client-2C32C2FD8EDA->c22f91f7-68fa-46ec-983b-e4afd2d3623d: receive RaftClientReply:client-2C32C2FD8EDA->c22f91f7-68fa-46ec-983b-e4afd2d3623d@group-D64D69ED8B91, cid=207, SUCCESS, logIndex=3, commits[c22f91f7-68fa-46ec-983b-e4afd2d3623d:c4, 88078711-0cd2-4a5e-bf0e-90a5498792e5:c1, e43a4404-c45a-4334-ab7d-c37c6cf2c676:c1]
2019-08-29 09:09:16,866 | INFO  | DNAudit | user=null | ip=null | op=WRITE_CHUNK {blockData=conID: 3 locID: 102699483565785107 bcsId: 0} | ret=SUCCESS |  
2019-08-29 09:09:16,876 | INFO  | DNAudit | user=null | ip=null | op=WRITE_CHUNK {blockData=conID: 3 locID: 102699483565785107 bcsId: 0} | ret=SUCCESS |  
2019-08-29 09:09:16,919 | INFO  | DNAudit | user=null | ip=null | op=PUT_BLOCK {blockData=[blockId=conID: 3 locID: 102699483565785107 bcsId: 0,size=167]} | ret=SUCCESS |  
2019-08-29 09:09:16,921 [grpc-default-executor-7] INFO  client.GrpcClientProtocolClient (GrpcClientProtocolClient.java:onNext(255)) - client-2C32C2FD8EDA->c22f91f7-68fa-46ec-983b-e4afd2d3623d: receive RaftClientReply:client-2C32C2FD8EDA->c22f91f7-68fa-46ec-983b-e4afd2d3623d@group-D64D69ED8B91, cid=208, SUCCESS, logIndex=4, commits[c22f91f7-68fa-46ec-983b-e4afd2d3623d:c5, 88078711-0cd2-4a5e-bf0e-90a5498792e5:c4, e43a4404-c45a-4334-ab7d-c37c6cf2c676:c4]
2019-08-29 09:09:16,925 [main] INFO  ozone.MiniOzoneClusterImpl (MiniOzoneClusterImpl.java:shutdown(307)) - Shutting down the Mini Ozone Cluster
2019-08-29 09:09:16,925 | INFO  | SCMAudit | user=null | ip=null | op=GET_SCM_INFO null | ret=SUCCESS |  
2019-08-29 09:09:16,925 [main] INFO  ozone.MiniOzoneClusterImpl (MiniOzoneClusterImpl.java:stop(322)) - Stopping the Mini Ozone Cluster
2019-08-29 09:09:16,925 [main] INFO  ozone.MiniOzoneClusterImpl (MiniOzoneClusterImpl.java:stop(324)) - Stopping the OzoneManager
2019-08-29 09:09:16,925 [main] INFO  ipc.Server (Server.java:stop(3082)) - Stopping server on 44821
2019-08-29 09:09:16,947 [IPC Server listener on 44821] INFO  ipc.Server (Server.java:run(1185)) - Stopping IPC Server listener on 44821
2019-08-29 09:09:16,947 [main] INFO  ratis.OzoneManagerDoubleBuffer (OzoneManagerDoubleBuffer.java:stop(248)) - Stopping OMDoubleBuffer flush thread
2019-08-29 09:09:16,947 [IPC Server Responder] INFO  ipc.Server (Server.java:run(1319)) - Stopping IPC Server Responder
2019-08-29 09:09:16,950 [OMDoubleBufferFlushThread] INFO  ratis.OzoneManagerDoubleBuffer (OzoneManagerDoubleBuffer.java:flushTransactions(191)) - OMDoubleBuffer flush thread OMDoubleBufferFlushThread is interrupted and will exit. OMDoubleBufferFlushThread
2019-08-29 09:09:16,950 [main] INFO  utils.BackgroundService (BackgroundService.java:shutdown(148)) - Shutting down service KeyDeletingService
2019-08-29 09:09:16,951 [main] INFO  handler.ContextHandler (ContextHandler.java:doStop(910)) - Stopped o.e.j.w.WebAppContext@17176b18{/,null,UNAVAILABLE}{/ozoneManager}
2019-08-29 09:09:16,952 [main] INFO  server.AbstractConnector (AbstractConnector.java:doStop(318)) - Stopped ServerConnector@4e4395c{HTTP/1.1,[http/1.1]}{0.0.0.0:0}
2019-08-29 09:09:16,952 [main] INFO  handler.ContextHandler (ContextHandler.java:doStop(910)) - Stopped o.e.j.s.ServletContextHandler@57e03347{/static,file:///workdir/hadoop-ozone/integration-test/target/test-classes/webapps/static,UNAVAILABLE}
2019-08-29 09:09:16,952 [main] INFO  handler.ContextHandler (ContextHandler.java:doStop(910)) - Stopped o.e.j.s.ServletContextHandler@20ffb8d5{/logs,file:///workdir/hadoop-ozone/integration-test/target/log,UNAVAILABLE}
2019-08-29 09:09:16,964 [main] INFO  ozone.MiniOzoneClusterImpl (MiniOzoneClusterImpl.java:stop(330)) - Shutting the HddsDatanodes
2019-08-29 09:09:16,980 | INFO  | DNAudit | user=null | ip=null | op=WRITE_CHUNK {blockData=conID: 2 locID: 102699483414200338 bcsId: 0} | ret=SUCCESS |  
2019-08-29 09:09:16,983 | INFO  | DNAudit | user=null | ip=null | op=WRITE_CHUNK {blockData=conID: 2 locID: 102699483414200338 bcsId: 0} | ret=SUCCESS |  
2019-08-29 09:09:16,984 [grpc-default-executor-7] INFO  client.GrpcClientProtocolClient (GrpcClientProtocolClient.java:onNext(255)) - client-3C8988D63F63->511321fd-944d-4aec-af04-300872c24c53: receive RaftClientReply:client-3C8988D63F63->511321fd-944d-4aec-af04-300872c24c53@group-97FA152D1F9A, cid=205, SUCCESS, logIndex=0, commits[511321fd-944d-4aec-af04-300872c24c53:c12, 23e9bf69-29f9-4f77-ab56-6ec336a98fa3:c12, fb5607f7-201e-4e71-bf0f-86f0d27d217c:c7]
2019-08-29 09:09:16,990 | INFO  | DNAudit | user=null | ip=null | op=PUT_BLOCK {blockData=[blockId=conID: 3 locID: 102699483565785107 bcsId: 0,size=167]} | ret=SUCCESS |  
2019-08-29 09:09:16,996 | INFO  | DNAudit | user=null | ip=null | op=WRITE_CHUNK {blockData=conID: 2 locID: 102699483414200338 bcsId: 0} | ret=SUCCESS |  
2019-08-29 09:09:16,998 | INFO  | DNAudit | user=null | ip=null | op=WRITE_CHUNK {blockData=conID: 2 locID: 102699483414200338 bcsId: 0} | ret=SUCCESS |  
2019-08-29 09:09:16,999 [grpc-default-executor-7] INFO  client.GrpcClientProtocolClient (GrpcClientProtocolClient.java:onNext(255)) - client-3C8988D63F63->511321fd-944d-4aec-af04-300872c24c53: receive RaftClientReply:client-3C8988D63F63->511321fd-944d-4aec-af04-300872c24c53@group-97FA152D1F9A, cid=204, SUCCESS, logIndex=0, commits[511321fd-944d-4aec-af04-300872c24c53:c12, 23e9bf69-29f9-4f77-ab56-6ec336a98fa3:c12, fb5607f7-201e-4e71-bf0f-86f0d27d217c:c12]
2019-08-29 09:09:17,096 | INFO  | DNAudit | user=null | ip=null | op=PUT_BLOCK {blockData=[blockId=conID: 3 locID: 102699483565785107 bcsId: 0,size=167]} | ret=SUCCESS |  
2019-08-29 09:09:17,268 | INFO  | DNAudit | user=null | ip=null | op=PUT_BLOCK {blockData=[blockId=conID: 2 locID: 102699483414200338 bcsId: 0,size=167]} | ret=SUCCESS |  
2019-08-29 09:09:17,368 | INFO  | DNAudit | user=null | ip=null | op=PUT_BLOCK {blockData=[blockId=conID: 2 locID: 102699483414200338 bcsId: 0,size=167]} | ret=SUCCESS |  
2019-08-29 09:09:17,432 [Datanode State Machine Thread - 0] INFO  statemachine.DatanodeStateMachine (DatanodeStateMachine.java:lambda$startDaemon$0(350)) - Ozone container server started.
2019-08-29 09:09:17,432 | INFO  | SCMAudit | user=jenkins1000 | ip=192.168.69.87 | op=SEND_HEARTBEAT {datanodeUUID=23e9bf69-29f9-4f77-ab56-6ec336a98fa3, command=[]} | ret=SUCCESS |  
2019-08-29 09:09:17,432 | INFO  | SCMAudit | user=jenkins1000 | ip=192.168.69.87 | op=SEND_HEARTBEAT {datanodeUUID=fb5607f7-201e-4e71-bf0f-86f0d27d217c, command=[]} | ret=SUCCESS |  
2019-08-29 09:09:17,518 | INFO  | SCMAudit | user=jenkins1000 | ip=192.168.69.87 | op=SEND_HEARTBEAT {datanodeUUID=7cbc575c-4b46-452e-9bb8-421b9d270bb5, command=[]} | ret=SUCCESS |  
2019-08-29 09:09:17,826 [Datanode State Machine Thread - 0] INFO  statemachine.DatanodeStateMachine (DatanodeStateMachine.java:lambda$startDaemon$0(350)) - Ozone container server started.
2019-08-29 09:09:17,828 | INFO  | SCMAudit | user=jenkins1000 | ip=192.168.69.87 | op=SEND_HEARTBEAT {datanodeUUID=e43a4404-c45a-4334-ab7d-c37c6cf2c676, command=[]} | ret=SUCCESS |  
2019-08-29 09:09:17,830 | INFO  | SCMAudit | user=jenkins1000 | ip=192.168.69.87 | op=SEND_HEARTBEAT {datanodeUUID=88078711-0cd2-4a5e-bf0e-90a5498792e5, command=[]} | ret=SUCCESS |  
2019-08-29 09:09:18,433 | INFO  | SCMAudit | user=jenkins1000 | ip=192.168.69.87 | op=SEND_HEARTBEAT {datanodeUUID=23e9bf69-29f9-4f77-ab56-6ec336a98fa3, command=[]} | ret=SUCCESS |  
2019-08-29 09:09:18,433 | INFO  | SCMAudit | user=jenkins1000 | ip=192.168.69.87 | op=SEND_HEARTBEAT {datanodeUUID=fb5607f7-201e-4e71-bf0f-86f0d27d217c, command=[]} | ret=SUCCESS |  
2019-08-29 09:09:18,518 | INFO  | SCMAudit | user=jenkins1000 | ip=192.168.69.87 | op=SEND_HEARTBEAT {datanodeUUID=7cbc575c-4b46-452e-9bb8-421b9d270bb5, command=[]} | ret=SUCCESS |  
2019-08-29 09:09:18,829 | INFO  | SCMAudit | user=jenkins1000 | ip=192.168.69.87 | op=SEND_HEARTBEAT {datanodeUUID=e43a4404-c45a-4334-ab7d-c37c6cf2c676, command=[]} | ret=SUCCESS |  
2019-08-29 09:09:18,830 | INFO  | SCMAudit | user=jenkins1000 | ip=192.168.69.87 | op=SEND_HEARTBEAT {datanodeUUID=88078711-0cd2-4a5e-bf0e-90a5498792e5, command=[]} | ret=SUCCESS |  
2019-08-29 09:09:19,432 | INFO  | SCMAudit | user=jenkins1000 | ip=192.168.69.87 | op=SEND_HEARTBEAT {datanodeUUID=23e9bf69-29f9-4f77-ab56-6ec336a98fa3, command=[]} | ret=SUCCESS |  
2019-08-29 09:09:19,432 | INFO  | SCMAudit | user=jenkins1000 | ip=192.168.69.87 | op=SEND_HEARTBEAT {datanodeUUID=fb5607f7-201e-4e71-bf0f-86f0d27d217c, command=[]} | ret=SUCCESS |  
2019-08-29 09:09:19,518 | INFO  | SCMAudit | user=jenkins1000 | ip=192.168.69.87 | op=SEND_HEARTBEAT {datanodeUUID=7cbc575c-4b46-452e-9bb8-421b9d270bb5, command=[]} | ret=SUCCESS |  
2019-08-29 09:09:19,829 | INFO  | SCMAudit | user=jenkins1000 | ip=192.168.69.87 | op=SEND_HEARTBEAT {datanodeUUID=e43a4404-c45a-4334-ab7d-c37c6cf2c676, command=[]} | ret=SUCCESS |  
2019-08-29 09:09:19,830 | INFO  | SCMAudit | user=jenkins1000 | ip=192.168.69.87 | op=SEND_HEARTBEAT {datanodeUUID=88078711-0cd2-4a5e-bf0e-90a5498792e5, command=[]} | ret=SUCCESS |  
2019-08-29 09:09:20,432 | INFO  | SCMAudit | user=jenkins1000 | ip=192.168.69.87 | op=SEND_HEARTBEAT {datanodeUUID=fb5607f7-201e-4e71-bf0f-86f0d27d217c, command=[]} | ret=SUCCESS |  
2019-08-29 09:09:20,432 | INFO  | SCMAudit | user=jenkins1000 | ip=192.168.69.87 | op=SEND_HEARTBEAT {datanodeUUID=23e9bf69-29f9-4f77-ab56-6ec336a98fa3, command=[]} | ret=SUCCESS |  
2019-08-29 09:09:20,518 | INFO  | SCMAudit | user=jenkins1000 | ip=192.168.69.87 | op=SEND_HEARTBEAT {datanodeUUID=7cbc575c-4b46-452e-9bb8-421b9d270bb5, command=[]} | ret=SUCCESS |  
2019-08-29 09:09:20,829 | INFO  | SCMAudit | user=jenkins1000 | ip=192.168.69.87 | op=SEND_HEARTBEAT {datanodeUUID=e43a4404-c45a-4334-ab7d-c37c6cf2c676, command=[]} | ret=SUCCESS |  
2019-08-29 09:09:20,830 | INFO  | SCMAudit | user=jenkins1000 | ip=192.168.69.87 | op=SEND_HEARTBEAT {datanodeUUID=88078711-0cd2-4a5e-bf0e-90a5498792e5, command=[]} | ret=SUCCESS |  
2019-08-29 09:09:21,432 | INFO  | SCMAudit | user=jenkins1000 | ip=192.168.69.87 | op=SEND_HEARTBEAT {datanodeUUID=fb5607f7-201e-4e71-bf0f-86f0d27d217c, command=[]} | ret=SUCCESS |  
2019-08-29 09:09:21,432 | INFO  | SCMAudit | user=jenkins1000 | ip=192.168.69.87 | op=SEND_HEARTBEAT {datanodeUUID=23e9bf69-29f9-4f77-ab56-6ec336a98fa3, command=[]} | ret=SUCCESS |  
2019-08-29 09:09:21,518 | INFO  | SCMAudit | user=jenkins1000 | ip=192.168.69.87 | op=SEND_HEARTBEAT {datanodeUUID=7cbc575c-4b46-452e-9bb8-421b9d270bb5, command=[]} | ret=SUCCESS |  
2019-08-29 09:09:21,524 [EventQueue-StaleNodeForStaleNodeHandler] INFO  node.StaleNodeHandler (StaleNodeHandler.java:onMessage(58)) - Datanode 511321fd-944d-4aec-af04-300872c24c53{ip: 192.168.69.87, host: pr-hdds-1935-5tjgs-3847141534, networkLocation: /default-rack, certSerialId: null} moved to stale state. Finalizing its pipelines [PipelineID=f48ca4fb-cff1-4cf2-9c4e-97fa152d1f9a, PipelineID=522d92fe-e7d6-42e3-b4a7-fc09d47df90e]
2019-08-29 09:09:21,524 [EventQueue-StaleNodeForStaleNodeHandler] INFO  pipeline.SCMPipelineManager (SCMPipelineManager.java:finalizeAndDestroyPipeline(309)) - destroying pipeline:Pipeline[ Id: f48ca4fb-cff1-4cf2-9c4e-97fa152d1f9a, Nodes: fb5607f7-201e-4e71-bf0f-86f0d27d217c{ip: 192.168.69.87, host: pr-hdds-1935-5tjgs-3847141534, networkLocation: /default-rack, certSerialId: null}23e9bf69-29f9-4f77-ab56-6ec336a98fa3{ip: 192.168.69.87, host: pr-hdds-1935-5tjgs-3847141534, networkLocation: /default-rack, certSerialId: null}511321fd-944d-4aec-af04-300872c24c53{ip: 192.168.69.87, host: pr-hdds-1935-5tjgs-3847141534, networkLocation: /default-rack, certSerialId: null}, Type:RATIS, Factor:THREE, State:OPEN]
2019-08-29 09:09:21,524 [EventQueue-StaleNodeForStaleNodeHandler] INFO  pipeline.PipelineStateManager (PipelineStateManager.java:finalizePipeline(123)) - Pipeline Pipeline[ Id: f48ca4fb-cff1-4cf2-9c4e-97fa152d1f9a, Nodes: fb5607f7-201e-4e71-bf0f-86f0d27d217c{ip: 192.168.69.87, host: pr-hdds-1935-5tjgs-3847141534, networkLocation: /default-rack, certSerialId: null}23e9bf69-29f9-4f77-ab56-6ec336a98fa3{ip: 192.168.69.87, host: pr-hdds-1935-5tjgs-3847141534, networkLocation: /default-rack, certSerialId: null}511321fd-944d-4aec-af04-300872c24c53{ip: 192.168.69.87, host: pr-hdds-1935-5tjgs-3847141534, networkLocation: /default-rack, certSerialId: null}, Type:RATIS, Factor:THREE, State:CLOSED] moved to CLOSED state
2019-08-29 09:09:21,524 [EventQueue-CloseContainerForCloseContainerEventHandler] INFO  container.CloseContainerEventHandler (CloseContainerEventHandler.java:onMessage(61)) - Close container Event triggered for container : #2
2019-08-29 09:09:21,524 [EventQueue-StaleNodeForStaleNodeHandler] INFO  pipeline.SCMPipelineManager (SCMPipelineManager.java:finalizeAndDestroyPipeline(309)) - destroying pipeline:Pipeline[ Id: 522d92fe-e7d6-42e3-b4a7-fc09d47df90e, Nodes: 511321fd-944d-4aec-af04-300872c24c53{ip: 192.168.69.87, host: pr-hdds-1935-5tjgs-3847141534, networkLocation: /default-rack, certSerialId: null}, Type:RATIS, Factor:ONE, State:OPEN]
2019-08-29 09:09:21,525 [EventQueue-StaleNodeForStaleNodeHandler] INFO  pipeline.PipelineStateManager (PipelineStateManager.java:finalizePipeline(123)) - Pipeline Pipeline[ Id: 522d92fe-e7d6-42e3-b4a7-fc09d47df90e, Nodes: 511321fd-944d-4aec-af04-300872c24c53{ip: 192.168.69.87, host: pr-hdds-1935-5tjgs-3847141534, networkLocation: /default-rack, certSerialId: null}, Type:RATIS, Factor:ONE, State:CLOSED] moved to CLOSED state
2019-08-29 09:09:21,829 | INFO  | SCMAudit | user=jenkins1000 | ip=192.168.69.87 | op=SEND_HEARTBEAT {datanodeUUID=e43a4404-c45a-4334-ab7d-c37c6cf2c676, command=[]} | ret=SUCCESS |  
2019-08-29 09:09:21,831 | INFO  | SCMAudit | user=jenkins1000 | ip=192.168.69.87 | op=SEND_HEARTBEAT {datanodeUUID=88078711-0cd2-4a5e-bf0e-90a5498792e5, command=[]} | ret=SUCCESS |  
2019-08-29 09:09:21,925 [EventQueue-StaleNodeForStaleNodeHandler] INFO  node.StaleNodeHandler (StaleNodeHandler.java:onMessage(58)) - Datanode c22f91f7-68fa-46ec-983b-e4afd2d3623d{ip: 192.168.69.87, host: pr-hdds-1935-5tjgs-3847141534, networkLocation: /default-rack, certSerialId: null} moved to stale state. Finalizing its pipelines [PipelineID=6e0ada60-03b9-4b45-8bf3-d64d69ed8b91, PipelineID=fb493062-e570-4431-bf87-9039db06ebac]
2019-08-29 09:09:21,926 [EventQueue-StaleNodeForStaleNodeHandler] INFO  pipeline.SCMPipelineManager (SCMPipelineManager.java:finalizeAndDestroyPipeline(309)) - destroying pipeline:Pipeline[ Id: 6e0ada60-03b9-4b45-8bf3-d64d69ed8b91, Nodes: 88078711-0cd2-4a5e-bf0e-90a5498792e5{ip: 192.168.69.87, host: pr-hdds-1935-5tjgs-3847141534, networkLocation: /default-rack, certSerialId: null}c22f91f7-68fa-46ec-983b-e4afd2d3623d{ip: 192.168.69.87, host: pr-hdds-1935-5tjgs-3847141534, networkLocation: /default-rack, certSerialId: null}e43a4404-c45a-4334-ab7d-c37c6cf2c676{ip: 192.168.69.87, host: pr-hdds-1935-5tjgs-3847141534, networkLocation: /default-rack, certSerialId: null}, Type:RATIS, Factor:THREE, State:OPEN]
2019-08-29 09:09:21,926 [EventQueue-StaleNodeForStaleNodeHandler] INFO  pipeline.PipelineStateManager (PipelineStateManager.java:finalizePipeline(123)) - Pipeline Pipeline[ Id: 6e0ada60-03b9-4b45-8bf3-d64d69ed8b91, Nodes: 88078711-0cd2-4a5e-bf0e-90a5498792e5{ip: 192.168.69.87, host: pr-hdds-1935-5tjgs-3847141534, networkLocation: /default-rack, certSerialId: null}c22f91f7-68fa-46ec-983b-e4afd2d3623d{ip: 192.168.69.87, host: pr-hdds-1935-5tjgs-3847141534, networkLocation: /default-rack, certSerialId: null}e43a4404-c45a-4334-ab7d-c37c6cf2c676{ip: 192.168.69.87, host: pr-hdds-1935-5tjgs-3847141534, networkLocation: /default-rack, certSerialId: null}, Type:RATIS, Factor:THREE, State:CLOSED] moved to CLOSED state
2019-08-29 09:09:21,926 [EventQueue-CloseContainerForCloseContainerEventHandler] INFO  container.CloseContainerEventHandler (CloseContainerEventHandler.java:onMessage(61)) - Close container Event triggered for container : #3
2019-08-29 09:09:21,926 [EventQueue-StaleNodeForStaleNodeHandler] INFO  pipeline.SCMPipelineManager (SCMPipelineManager.java:finalizeAndDestroyPipeline(309)) - destroying pipeline:Pipeline[ Id: fb493062-e570-4431-bf87-9039db06ebac, Nodes: c22f91f7-68fa-46ec-983b-e4afd2d3623d{ip: 192.168.69.87, host: pr-hdds-1935-5tjgs-3847141534, networkLocation: /default-rack, certSerialId: null}, Type:RATIS, Factor:ONE, State:OPEN]
2019-08-29 09:09:21,926 [EventQueue-StaleNodeForStaleNodeHandler] INFO  pipeline.PipelineStateManager (PipelineStateManager.java:finalizePipeline(123)) - Pipeline Pipeline[ Id: fb493062-e570-4431-bf87-9039db06ebac, Nodes: c22f91f7-68fa-46ec-983b-e4afd2d3623d{ip: 192.168.69.87, host: pr-hdds-1935-5tjgs-3847141534, networkLocation: /default-rack, certSerialId: null}, Type:RATIS, Factor:ONE, State:CLOSED] moved to CLOSED state
2019-08-29 09:09:21,965 [main] INFO  ozoneimpl.OzoneContainer (OzoneContainer.java:stop(215)) - Attempting to stop container services.
2019-08-29 09:09:21,965 [ForkJoinPool.commonPool-worker-0] INFO  ozoneimpl.OzoneContainer (OzoneContainer.java:stop(215)) - Attempting to stop container services.
2019-08-29 09:09:21,965 [main] INFO  impl.RaftServerProxy (RaftServerProxy.java:lambda$close$4(314)) - 511321fd-944d-4aec-af04-300872c24c53: close
2019-08-29 09:09:21,965 [ForkJoinPool.commonPool-worker-0] INFO  impl.RaftServerProxy (RaftServerProxy.java:lambda$close$4(314)) - c22f91f7-68fa-46ec-983b-e4afd2d3623d: close
2019-08-29 09:09:21,966 [main] INFO  impl.RaftServerImpl (RaftServerImpl.java:lambda$shutdown$3(245)) - 511321fd-944d-4aec-af04-300872c24c53: shutdown group-97FA152D1F9A
2019-08-29 09:09:21,966 [ForkJoinPool.commonPool-worker-0] INFO  impl.RaftServerImpl (RaftServerImpl.java:lambda$shutdown$3(245)) - c22f91f7-68fa-46ec-983b-e4afd2d3623d: shutdown group-D64D69ED8B91
2019-08-29 09:09:21,966 [main] INFO  util.JmxRegister (JmxRegister.java:unregister(73)) - Successfully un-registered JMX Bean with object name Ratis:service=RaftServer,group=group-97FA152D1F9A,id=511321fd-944d-4aec-af04-300872c24c53
2019-08-29 09:09:21,966 [ForkJoinPool.commonPool-worker-0] INFO  util.JmxRegister (JmxRegister.java:unregister(73)) - Successfully un-registered JMX Bean with object name Ratis:service=RaftServer,group=group-D64D69ED8B91,id=c22f91f7-68fa-46ec-983b-e4afd2d3623d
2019-08-29 09:09:21,966 [main] INFO  impl.RoleInfo (RoleInfo.java:shutdownLeaderState(104)) - 511321fd-944d-4aec-af04-300872c24c53: shutdown LeaderState
2019-08-29 09:09:21,966 [ForkJoinPool.commonPool-worker-0] INFO  impl.RoleInfo (RoleInfo.java:shutdownLeaderState(104)) - c22f91f7-68fa-46ec-983b-e4afd2d3623d: shutdown LeaderState
2019-08-29 09:09:21,972 [main] INFO  impl.PendingRequests (PendingRequests.java:sendNotLeaderResponses(202)) - 511321fd-944d-4aec-af04-300872c24c53-PendingRequests: sendNotLeaderResponses
2019-08-29 09:09:21,976 [org.apache.ratis.server.impl.LogAppender$AppenderDaemon$$Lambda$473/1125142838@524f0f75] WARN  server.GrpcLogAppender (GrpcLogAppender.java:mayWait(143)) - GrpcLogAppender(c22f91f7-68fa-46ec-983b-e4afd2d3623d->88078711-0cd2-4a5e-bf0e-90a5498792e5): Wait interrupted by java.lang.InterruptedException
2019-08-29 09:09:21,976 [org.apache.ratis.server.impl.LogAppender$AppenderDaemon$$Lambda$473/1125142838@174d9b58] WARN  server.GrpcLogAppender (GrpcLogAppender.java:mayWait(143)) - GrpcLogAppender(c22f91f7-68fa-46ec-983b-e4afd2d3623d->e43a4404-c45a-4334-ab7d-c37c6cf2c676): Wait interrupted by java.lang.InterruptedException
2019-08-29 09:09:21,976 [ForkJoinPool.commonPool-worker-0] INFO  impl.PendingRequests (PendingRequests.java:sendNotLeaderResponses(202)) - c22f91f7-68fa-46ec-983b-e4afd2d3623d-PendingRequests: sendNotLeaderResponses
2019-08-29 09:09:21,974 [org.apache.ratis.server.impl.LogAppender$AppenderDaemon$$Lambda$473/1125142838@2565712f] WARN  server.GrpcLogAppender (GrpcLogAppender.java:mayWait(143)) - GrpcLogAppender(511321fd-944d-4aec-af04-300872c24c53->23e9bf69-29f9-4f77-ab56-6ec336a98fa3): Wait interrupted by java.lang.InterruptedException
2019-08-29 09:09:21,988 [ForkJoinPool.commonPool-worker-0] INFO  impl.StateMachineUpdater (StateMachineUpdater.java:stopAndJoin(115)) - StateMachineUpdater:c22f91f7-68fa-46ec-983b-e4afd2d3623d:group-D64D69ED8B91: set stopIndex = 5
2019-08-29 09:09:21,976 [org.apache.ratis.server.impl.LogAppender$AppenderDaemon$$Lambda$473/1125142838@6067ebe7] WARN  server.GrpcLogAppender (GrpcLogAppender.java:mayWait(143)) - GrpcLogAppender(511321fd-944d-4aec-af04-300872c24c53->fb5607f7-201e-4e71-bf0f-86f0d27d217c): Wait interrupted by java.lang.InterruptedException
2019-08-29 09:09:21,988 [grpc-default-executor-7] INFO  server.GrpcServerProtocolService (GrpcServerProtocolService.java:onCompleted(104)) - 23e9bf69-29f9-4f77-ab56-6ec336a98fa3: appendEntries completed
2019-08-29 09:09:21,988 [grpc-default-executor-4] INFO  server.GrpcServerProtocolService (GrpcServerProtocolService.java:onCompleted(104)) - fb5607f7-201e-4e71-bf0f-86f0d27d217c: appendEntries completed
2019-08-29 09:09:21,988 [grpc-default-executor-9] INFO  server.GrpcServerProtocolService (GrpcServerProtocolService.java:onCompleted(104)) - 88078711-0cd2-4a5e-bf0e-90a5498792e5: appendEntries completed
2019-08-29 09:09:21,989 [grpc-default-executor-10] INFO  server.GrpcLogAppender (GrpcLogAppender.java:onCompleted(292)) - 511321fd-944d-4aec-af04-300872c24c53->fb5607f7-201e-4e71-bf0f-86f0d27d217c: follower responses appendEntries COMPLETED
2019-08-29 09:09:21,988 [StateMachineUpdater:c22f91f7-68fa-46ec-983b-e4afd2d3623d:group-D64D69ED8B91] INFO  ratis.ContainerStateMachine (ContainerStateMachine.java:takeSnapshot(284)) - group-D64D69ED8B91: Taking a snapshot at:(t:1, i:5) file /workdir/hadoop-ozone/integration-test/target/test-dir/MiniOzoneClusterImpl-1c352198-1c3a-44ed-b4f2-463a1ec9c860/datanode-1/data/ratis/6e0ada60-03b9-4b45-8bf3-d64d69ed8b91/sm/snapshot.1_5
2019-08-29 09:09:21,989 [grpc-default-executor-10] INFO  impl.FollowerInfo (FollowerInfo.java:lambda$new$0(50)) - 511321fd-944d-4aec-af04-300872c24c53->fb5607f7-201e-4e71-bf0f-86f0d27d217c: nextIndex: updateUnconditionally 13 -> 12
2019-08-29 09:09:21,988 [grpc-default-executor-8] INFO  server.GrpcServerProtocolService (GrpcServerProtocolService.java:onCompleted(104)) - e43a4404-c45a-4334-ab7d-c37c6cf2c676: appendEntries completed
2019-08-29 09:09:21,981 [StateMachineUpdater:511321fd-944d-4aec-af04-300872c24c53:group-97FA152D1F9A] INFO  ratis.ContainerStateMachine (ContainerStateMachine.java:takeSnapshot(284)) - group-97FA152D1F9A: Taking a snapshot at:(t:1, i:12) file /workdir/hadoop-ozone/integration-test/target/test-dir/MiniOzoneClusterImpl-1c352198-1c3a-44ed-b4f2-463a1ec9c860/datanode-4/data/ratis/f48ca4fb-cff1-4cf2-9c4e-97fa152d1f9a/sm/snapshot.1_12
2019-08-29 09:09:21,981 [main] INFO  impl.StateMachineUpdater (StateMachineUpdater.java:stopAndJoin(115)) - StateMachineUpdater:511321fd-944d-4aec-af04-300872c24c53:group-97FA152D1F9A: set stopIndex = 12
2019-08-29 09:09:21,990 [grpc-default-executor-8] INFO  server.GrpcLogAppender (GrpcLogAppender.java:onCompleted(292)) - c22f91f7-68fa-46ec-983b-e4afd2d3623d->e43a4404-c45a-4334-ab7d-c37c6cf2c676: follower responses appendEntries COMPLETED
2019-08-29 09:09:21,989 [grpc-default-executor-7] INFO  server.GrpcLogAppender (GrpcLogAppender.java:onCompleted(292)) - c22f91f7-68fa-46ec-983b-e4afd2d3623d->88078711-0cd2-4a5e-bf0e-90a5498792e5: follower responses appendEntries COMPLETED
2019-08-29 09:09:21,989 [grpc-default-executor-4] INFO  server.GrpcLogAppender (GrpcLogAppender.java:onCompleted(292)) - 511321fd-944d-4aec-af04-300872c24c53->23e9bf69-29f9-4f77-ab56-6ec336a98fa3: follower responses appendEntries COMPLETED
2019-08-29 09:09:21,990 [grpc-default-executor-7] INFO  impl.FollowerInfo (FollowerInfo.java:lambda$new$0(50)) - c22f91f7-68fa-46ec-983b-e4afd2d3623d->88078711-0cd2-4a5e-bf0e-90a5498792e5: nextIndex: updateUnconditionally 6 -> 5
2019-08-29 09:09:21,990 [grpc-default-executor-8] INFO  impl.FollowerInfo (FollowerInfo.java:lambda$new$0(50)) - c22f91f7-68fa-46ec-983b-e4afd2d3623d->e43a4404-c45a-4334-ab7d-c37c6cf2c676: nextIndex: updateUnconditionally 6 -> 5
2019-08-29 09:09:21,990 [grpc-default-executor-4] INFO  impl.FollowerInfo (FollowerInfo.java:lambda$new$0(50)) - 511321fd-944d-4aec-af04-300872c24c53->23e9bf69-29f9-4f77-ab56-6ec336a98fa3: nextIndex: updateUnconditionally 13 -> 12
2019-08-29 09:09:22,001 [StateMachineUpdater:c22f91f7-68fa-46ec-983b-e4afd2d3623d:group-D64D69ED8B91] INFO  ratis.ContainerStateMachine (ContainerStateMachine.java:takeSnapshot(295)) - group-D64D69ED8B91: Finished taking a snapshot at:(t:1, i:5) file:/workdir/hadoop-ozone/integration-test/target/test-dir/MiniOzoneClusterImpl-1c352198-1c3a-44ed-b4f2-463a1ec9c860/datanode-1/data/ratis/6e0ada60-03b9-4b45-8bf3-d64d69ed8b91/sm/snapshot.1_5 time:14
2019-08-29 09:09:22,002 [StateMachineUpdater:c22f91f7-68fa-46ec-983b-e4afd2d3623d:group-D64D69ED8B91] INFO  impl.StateMachineUpdater (StateMachineUpdater.java:takeSnapshot(242)) - StateMachineUpdater:c22f91f7-68fa-46ec-983b-e4afd2d3623d:group-D64D69ED8B91: Took a snapshot at index 5
2019-08-29 09:09:22,002 [StateMachineUpdater:c22f91f7-68fa-46ec-983b-e4afd2d3623d:group-D64D69ED8B91] INFO  impl.StateMachineUpdater (StateMachineUpdater.java:lambda$new$0(80)) - StateMachineUpdater:c22f91f7-68fa-46ec-983b-e4afd2d3623d:group-D64D69ED8B91: snapshotIndex: updateIncreasingly -1 -> 5
2019-08-29 09:09:22,002 [ForkJoinPool.commonPool-worker-0] INFO  impl.RaftServerImpl (ServerState.java:close(394)) - c22f91f7-68fa-46ec-983b-e4afd2d3623d:group-D64D69ED8B91 closes. The last applied log index is 5
2019-08-29 09:09:22,002 [c22f91f7-68fa-46ec-983b-e4afd2d3623d-SegmentedRaftLogWorker:Storage Directory /workdir/hadoop-ozone/integration-test/target/test-dir/MiniOzoneClusterImpl-1c352198-1c3a-44ed-b4f2-463a1ec9c860/datanode-1/data/ratis/6e0ada60-03b9-4b45-8bf3-d64d69ed8b91] INFO  segmented.SegmentedRaftLogWorker (SegmentedRaftLogWorker.java:run(313)) - c22f91f7-68fa-46ec-983b-e4afd2d3623d-SegmentedRaftLogWorker:Storage Directory /workdir/hadoop-ozone/integration-test/target/test-dir/MiniOzoneClusterImpl-1c352198-1c3a-44ed-b4f2-463a1ec9c860/datanode-1/data/ratis/6e0ada60-03b9-4b45-8bf3-d64d69ed8b91 was interrupted, exiting. There are 0 tasks remaining in the queue.
2019-08-29 09:09:22,015 [ForkJoinPool.commonPool-worker-0] INFO  segmented.SegmentedRaftLogWorker (SegmentedRaftLogWorker.java:close(228)) - c22f91f7-68fa-46ec-983b-e4afd2d3623d-SegmentedRaftLogWorker:Storage Directory /workdir/hadoop-ozone/integration-test/target/test-dir/MiniOzoneClusterImpl-1c352198-1c3a-44ed-b4f2-463a1ec9c860/datanode-1/data/ratis/6e0ada60-03b9-4b45-8bf3-d64d69ed8b91 close()
2019-08-29 09:09:22,021 [StateMachineUpdater:511321fd-944d-4aec-af04-300872c24c53:group-97FA152D1F9A] INFO  ratis.ContainerStateMachine (ContainerStateMachine.java:takeSnapshot(295)) - group-97FA152D1F9A: Finished taking a snapshot at:(t:1, i:12) file:/workdir/hadoop-ozone/integration-test/target/test-dir/MiniOzoneClusterImpl-1c352198-1c3a-44ed-b4f2-463a1ec9c860/datanode-4/data/ratis/f48ca4fb-cff1-4cf2-9c4e-97fa152d1f9a/sm/snapshot.1_12 time:39
2019-08-29 09:09:22,021 [ForkJoinPool.commonPool-worker-0] INFO  impl.RaftServerImpl (RaftServerImpl.java:lambda$shutdown$3(245)) - c22f91f7-68fa-46ec-983b-e4afd2d3623d: shutdown group-9039DB06EBAC
2019-08-29 09:09:22,021 [StateMachineUpdater:511321fd-944d-4aec-af04-300872c24c53:group-97FA152D1F9A] INFO  impl.StateMachineUpdater (StateMachineUpdater.java:takeSnapshot(242)) - StateMachineUpdater:511321fd-944d-4aec-af04-300872c24c53:group-97FA152D1F9A: Took a snapshot at index 12
2019-08-29 09:09:22,022 [ForkJoinPool.commonPool-worker-0] INFO  util.JmxRegister (JmxRegister.java:unregister(73)) - Successfully un-registered JMX Bean with object name Ratis:service=RaftServer,group=group-9039DB06EBAC,id=c22f91f7-68fa-46ec-983b-e4afd2d3623d
2019-08-29 09:09:22,022 [StateMachineUpdater:511321fd-944d-4aec-af04-300872c24c53:group-97FA152D1F9A] INFO  impl.StateMachineUpdater (StateMachineUpdater.java:lambda$new$0(80)) - StateMachineUpdater:511321fd-944d-4aec-af04-300872c24c53:group-97FA152D1F9A: snapshotIndex: updateIncreasingly -1 -> 12
2019-08-29 09:09:22,022 [ForkJoinPool.commonPool-worker-0] INFO  impl.RoleInfo (RoleInfo.java:shutdownLeaderState(104)) - c22f91f7-68fa-46ec-983b-e4afd2d3623d: shutdown LeaderState
2019-08-29 09:09:22,022 [main] INFO  impl.RaftServerImpl (ServerState.java:close(394)) - 511321fd-944d-4aec-af04-300872c24c53:group-97FA152D1F9A closes. The last applied log index is 12
2019-08-29 09:09:22,022 [ForkJoinPool.commonPool-worker-0] INFO  impl.PendingRequests (PendingRequests.java:sendNotLeaderResponses(202)) - c22f91f7-68fa-46ec-983b-e4afd2d3623d-PendingRequests: sendNotLeaderResponses
2019-08-29 09:09:22,023 [511321fd-944d-4aec-af04-300872c24c53-SegmentedRaftLogWorker:Storage Directory /workdir/hadoop-ozone/integration-test/target/test-dir/MiniOzoneClusterImpl-1c352198-1c3a-44ed-b4f2-463a1ec9c860/datanode-4/data/ratis/f48ca4fb-cff1-4cf2-9c4e-97fa152d1f9a] INFO  segmented.SegmentedRaftLogWorker (SegmentedRaftLogWorker.java:run(313)) - 511321fd-944d-4aec-af04-300872c24c53-SegmentedRaftLogWorker:Storage Directory /workdir/hadoop-ozone/integration-test/target/test-dir/MiniOzoneClusterImpl-1c352198-1c3a-44ed-b4f2-463a1ec9c860/datanode-4/data/ratis/f48ca4fb-cff1-4cf2-9c4e-97fa152d1f9a was interrupted, exiting. There are 0 tasks remaining in the queue.
2019-08-29 09:09:22,023 [ForkJoinPool.commonPool-worker-0] INFO  impl.StateMachineUpdater (StateMachineUpdater.java:stopAndJoin(115)) - StateMachineUpdater:c22f91f7-68fa-46ec-983b-e4afd2d3623d:group-9039DB06EBAC: set stopIndex = 0
2019-08-29 09:09:22,026 [ForkJoinPool.commonPool-worker-0] INFO  impl.RaftServerImpl (ServerState.java:close(394)) - c22f91f7-68fa-46ec-983b-e4afd2d3623d:group-9039DB06EBAC closes. The last applied log index is 0
2019-08-29 09:09:22,026 [c22f91f7-68fa-46ec-983b-e4afd2d3623d-SegmentedRaftLogWorker:Storage Directory /workdir/hadoop-ozone/integration-test/target/test-dir/MiniOzoneClusterImpl-1c352198-1c3a-44ed-b4f2-463a1ec9c860/datanode-1/data/ratis/fb493062-e570-4431-bf87-9039db06ebac] INFO  segmented.SegmentedRaftLogWorker (SegmentedRaftLogWorker.java:run(313)) - c22f91f7-68fa-46ec-983b-e4afd2d3623d-SegmentedRaftLogWorker:Storage Directory /workdir/hadoop-ozone/integration-test/target/test-dir/MiniOzoneClusterImpl-1c352198-1c3a-44ed-b4f2-463a1ec9c860/datanode-1/data/ratis/fb493062-e570-4431-bf87-9039db06ebac was interrupted, exiting. There are 0 tasks remaining in the queue.
2019-08-29 09:09:22,033 [main] INFO  segmented.SegmentedRaftLogWorker (SegmentedRaftLogWorker.java:close(228)) - 511321fd-944d-4aec-af04-300872c24c53-SegmentedRaftLogWorker:Storage Directory /workdir/hadoop-ozone/integration-test/target/test-dir/MiniOzoneClusterImpl-1c352198-1c3a-44ed-b4f2-463a1ec9c860/datanode-4/data/ratis/f48ca4fb-cff1-4cf2-9c4e-97fa152d1f9a close()
2019-08-29 09:09:22,033 [ForkJoinPool.commonPool-worker-0] INFO  segmented.SegmentedRaftLogWorker (SegmentedRaftLogWorker.java:close(228)) - c22f91f7-68fa-46ec-983b-e4afd2d3623d-SegmentedRaftLogWorker:Storage Directory /workdir/hadoop-ozone/integration-test/target/test-dir/MiniOzoneClusterImpl-1c352198-1c3a-44ed-b4f2-463a1ec9c860/datanode-1/data/ratis/fb493062-e570-4431-bf87-9039db06ebac close()
2019-08-29 09:09:22,038 [main] INFO  impl.RaftServerImpl (RaftServerImpl.java:lambda$shutdown$3(245)) - 511321fd-944d-4aec-af04-300872c24c53: shutdown group-FC09D47DF90E
2019-08-29 09:09:22,042 [ForkJoinPool.commonPool-worker-0] INFO  server.GrpcService (GrpcService.java:closeImpl(155)) - c22f91f7-68fa-46ec-983b-e4afd2d3623d: shutdown server with port 37396 now
2019-08-29 09:09:22,042 [main] INFO  util.JmxRegister (JmxRegister.java:unregister(73)) - Successfully un-registered JMX Bean with object name Ratis:service=RaftServer,group=group-FC09D47DF90E,id=511321fd-944d-4aec-af04-300872c24c53
2019-08-29 09:09:22,042 [main] INFO  impl.RoleInfo (RoleInfo.java:shutdownLeaderState(104)) - 511321fd-944d-4aec-af04-300872c24c53: shutdown LeaderState
2019-08-29 09:09:22,043 [main] INFO  impl.PendingRequests (PendingRequests.java:sendNotLeaderResponses(202)) - 511321fd-944d-4aec-af04-300872c24c53-PendingRequests: sendNotLeaderResponses
2019-08-29 09:09:22,043 [ForkJoinPool.commonPool-worker-0] INFO  server.GrpcService (GrpcService.java:closeImpl(163)) - c22f91f7-68fa-46ec-983b-e4afd2d3623d: shutdown server with port 37396 successfully
2019-08-29 09:09:22,043 [main] INFO  impl.StateMachineUpdater (StateMachineUpdater.java:stopAndJoin(115)) - StateMachineUpdater:511321fd-944d-4aec-af04-300872c24c53:group-FC09D47DF90E: set stopIndex = 0
2019-08-29 09:09:22,043 [main] INFO  impl.RaftServerImpl (ServerState.java:close(394)) - 511321fd-944d-4aec-af04-300872c24c53:group-FC09D47DF90E closes. The last applied log index is 0
2019-08-29 09:09:22,044 [511321fd-944d-4aec-af04-300872c24c53-SegmentedRaftLogWorker:Storage Directory /workdir/hadoop-ozone/integration-test/target/test-dir/MiniOzoneClusterImpl-1c352198-1c3a-44ed-b4f2-463a1ec9c860/datanode-4/data/ratis/522d92fe-e7d6-42e3-b4a7-fc09d47df90e] INFO  segmented.SegmentedRaftLogWorker (SegmentedRaftLogWorker.java:run(313)) - 511321fd-944d-4aec-af04-300872c24c53-SegmentedRaftLogWorker:Storage Directory /workdir/hadoop-ozone/integration-test/target/test-dir/MiniOzoneClusterImpl-1c352198-1c3a-44ed-b4f2-463a1ec9c860/datanode-4/data/ratis/522d92fe-e7d6-42e3-b4a7-fc09d47df90e was interrupted, exiting. There are 0 tasks remaining in the queue.
2019-08-29 09:09:22,046 [main] INFO  segmented.SegmentedRaftLogWorker (SegmentedRaftLogWorker.java:close(228)) - 511321fd-944d-4aec-af04-300872c24c53-SegmentedRaftLogWorker:Storage Directory /workdir/hadoop-ozone/integration-test/target/test-dir/MiniOzoneClusterImpl-1c352198-1c3a-44ed-b4f2-463a1ec9c860/datanode-4/data/ratis/522d92fe-e7d6-42e3-b4a7-fc09d47df90e close()
2019-08-29 09:09:22,050 [main] INFO  server.GrpcService (GrpcService.java:closeImpl(155)) - 511321fd-944d-4aec-af04-300872c24c53: shutdown server with port 34888 now
2019-08-29 09:09:22,051 [main] INFO  server.GrpcService (GrpcService.java:closeImpl(163)) - 511321fd-944d-4aec-af04-300872c24c53: shutdown server with port 34888 successfully
2019-08-29 09:09:22,052 [refreshUsed-/workdir/hadoop-ozone/integration-test/target/test-dir/MiniOzoneClusterImpl-1c352198-1c3a-44ed-b4f2-463a1ec9c860/datanode-1/data/containers] WARN  fs.CachingGetSpaceUsed (CachingGetSpaceUsed.java:run(183)) - Thread Interrupted waiting to refresh disk information: sleep interrupted
2019-08-29 09:09:22,051 [grpc-default-executor-4] WARN  client.GrpcClientProtocolService (LogUtils.java:warn(134)) - 2-UnorderedRequestStreamObserver2: onError: org.apache.ratis.thirdparty.io.grpc.StatusRuntimeException: CANCELLED: cancelled before receiving half close
2019-08-29 09:09:22,059 [refreshUsed-/workdir/hadoop-ozone/integration-test/target/test-dir/MiniOzoneClusterImpl-1c352198-1c3a-44ed-b4f2-463a1ec9c860/datanode-4/data/containers] WARN  fs.CachingGetSpaceUsed (CachingGetSpaceUsed.java:run(183)) - Thread Interrupted waiting to refresh disk information: sleep interrupted
2019-08-29 09:09:22,069 [ForkJoinPool.commonPool-worker-0] INFO  utils.BackgroundService (BackgroundService.java:shutdown(148)) - Shutting down service BlockDeletingService
2019-08-29 09:09:22,087 [ForkJoinPool.commonPool-worker-0] INFO  statemachine.DatanodeStateMachine (DatanodeStateMachine.java:stopDaemon(395)) - Ozone container server stopped.
2019-08-29 09:09:22,091 [main] INFO  utils.BackgroundService (BackgroundService.java:shutdown(148)) - Shutting down service BlockDeletingService
2019-08-29 09:09:22,094 [ForkJoinPool.commonPool-worker-0] INFO  handler.ContextHandler (ContextHandler.java:doStop(910)) - Stopped o.e.j.w.WebAppContext@44dd0d38{/,null,UNAVAILABLE}{/hddsDatanode}
2019-08-29 09:09:22,097 [main] INFO  statemachine.DatanodeStateMachine (DatanodeStateMachine.java:stopDaemon(395)) - Ozone container server stopped.
2019-08-29 09:09:22,097 [ForkJoinPool.commonPool-worker-0] INFO  server.AbstractConnector (AbstractConnector.java:doStop(318)) - Stopped ServerConnector@7e94e331{HTTP/1.1,[http/1.1]}{0.0.0.0:0}
2019-08-29 09:09:22,099 [ForkJoinPool.commonPool-worker-0] INFO  handler.ContextHandler (ContextHandler.java:doStop(910)) - Stopped o.e.j.s.ServletContextHandler@2bcda694{/static,jar:file:/home/user/.m2/repository/org/apache/hadoop/hadoop-hdds-container-service/0.5.0-SNAPSHOT/hadoop-hdds-container-service-0.5.0-SNAPSHOT.jar!/webapps/static,UNAVAILABLE}
2019-08-29 09:09:22,099 [main] INFO  handler.ContextHandler (ContextHandler.java:doStop(910)) - Stopped o.e.j.w.WebAppContext@5d601832{/,null,UNAVAILABLE}{/hddsDatanode}
2019-08-29 09:09:22,100 [ForkJoinPool.commonPool-worker-0] INFO  handler.ContextHandler (ContextHandler.java:doStop(910)) - Stopped o.e.j.s.ServletContextHandler@69feb4d9{/logs,file:///workdir/hadoop-ozone/integration-test/target/log,UNAVAILABLE}
2019-08-29 09:09:22,100 [main] INFO  server.AbstractConnector (AbstractConnector.java:doStop(318)) - Stopped ServerConnector@3ca17943{HTTP/1.1,[http/1.1]}{0.0.0.0:0}
2019-08-29 09:09:22,101 [main] INFO  handler.ContextHandler (ContextHandler.java:doStop(910)) - Stopped o.e.j.s.ServletContextHandler@1c7cd434{/static,jar:file:/home/user/.m2/repository/org/apache/hadoop/hadoop-hdds-container-service/0.5.0-SNAPSHOT/hadoop-hdds-container-service-0.5.0-SNAPSHOT.jar!/webapps/static,UNAVAILABLE}
2019-08-29 09:09:22,101 [main] INFO  handler.ContextHandler (ContextHandler.java:doStop(910)) - Stopped o.e.j.s.ServletContextHandler@1689527c{/logs,file:///workdir/hadoop-ozone/integration-test/target/log,UNAVAILABLE}
2019-08-29 09:09:22,431 [Datanode State Machine Thread - 0] INFO  statemachine.DatanodeStateMachine (DatanodeStateMachine.java:lambda$startDaemon$0(350)) - Ozone container server started.
2019-08-29 09:09:22,432 | INFO  | SCMAudit | user=jenkins1000 | ip=192.168.69.87 | op=SEND_HEARTBEAT {datanodeUUID=fb5607f7-201e-4e71-bf0f-86f0d27d217c, command=[commandType: closeContainerCommand closeContainerCommandProto { containerID: 2 pipelineID { id: "f48ca4fb-cff1-4cf2-9c4e-97fa152d1f9a" } cmdId: 2 force: false } ]} | ret=SUCCESS |  
2019-08-29 09:09:22,518 | INFO  | SCMAudit | user=jenkins1000 | ip=192.168.69.87 | op=SEND_HEARTBEAT {datanodeUUID=7cbc575c-4b46-452e-9bb8-421b9d270bb5, command=[]} | ret=SUCCESS |  
2019-08-29 09:09:22,829 | INFO  | SCMAudit | user=jenkins1000 | ip=192.168.69.87 | op=SEND_HEARTBEAT {datanodeUUID=e43a4404-c45a-4334-ab7d-c37c6cf2c676, command=[commandType: closeContainerCommand closeContainerCommandProto { containerID: 3 pipelineID { id: "6e0ada60-03b9-4b45-8bf3-d64d69ed8b91" } cmdId: 3 force: false } ]} | ret=SUCCESS |  
2019-08-29 09:09:22,830 [Datanode State Machine Thread - 0] INFO  statemachine.DatanodeStateMachine (DatanodeStateMachine.java:lambda$startDaemon$0(350)) - Ozone container server started.
2019-08-29 09:09:23,432 | INFO  | SCMAudit | user=jenkins1000 | ip=192.168.69.87 | op=SEND_HEARTBEAT {datanodeUUID=fb5607f7-201e-4e71-bf0f-86f0d27d217c, command=[]} | ret=SUCCESS |  
2019-08-29 09:09:23,518 | INFO  | SCMAudit | user=jenkins1000 | ip=192.168.69.87 | op=SEND_HEARTBEAT {datanodeUUID=7cbc575c-4b46-452e-9bb8-421b9d270bb5, command=[]} | ret=SUCCESS |  
2019-08-29 09:09:23,829 | INFO  | SCMAudit | user=jenkins1000 | ip=192.168.69.87 | op=SEND_HEARTBEAT {datanodeUUID=e43a4404-c45a-4334-ab7d-c37c6cf2c676, command=[]} | ret=SUCCESS |  
2019-08-29 09:09:24,432 | INFO  | SCMAudit | user=jenkins1000 | ip=192.168.69.87 | op=SEND_HEARTBEAT {datanodeUUID=fb5607f7-201e-4e71-bf0f-86f0d27d217c, command=[]} | ret=SUCCESS |  
2019-08-29 09:09:24,518 | INFO  | SCMAudit | user=jenkins1000 | ip=192.168.69.87 | op=SEND_HEARTBEAT {datanodeUUID=7cbc575c-4b46-452e-9bb8-421b9d270bb5, command=[]} | ret=SUCCESS |  
2019-08-29 09:09:24,829 | INFO  | SCMAudit | user=jenkins1000 | ip=192.168.69.87 | op=SEND_HEARTBEAT {datanodeUUID=e43a4404-c45a-4334-ab7d-c37c6cf2c676, command=[]} | ret=SUCCESS |  
2019-08-29 09:09:25,042 | INFO  | SCMAudit | user=jenkins1000 | ip=192.168.69.87 | op=SEND_HEARTBEAT {datanodeUUID=fb5607f7-201e-4e71-bf0f-86f0d27d217c, command=[]} | ret=SUCCESS |  
2019-08-29 09:09:25,042 | INFO  | SCMAudit | user=jenkins1000 | ip=192.168.69.87 | op=SEND_HEARTBEAT {datanodeUUID=e43a4404-c45a-4334-ab7d-c37c6cf2c676, command=[]} | ret=SUCCESS |  
2019-08-29 09:09:25,502 [Thread-3892] INFO  impl.FollowerState (FollowerState.java:run(106)) - 23e9bf69-29f9-4f77-ab56-6ec336a98fa3:group-97FA152D1F9A changes to CANDIDATE, lastRpcTime:6020, electionTimeout:5042ms
2019-08-29 09:09:25,502 [Thread-3892] INFO  impl.RoleInfo (RoleInfo.java:shutdownFollowerState(121)) - 23e9bf69-29f9-4f77-ab56-6ec336a98fa3: shutdown FollowerState
2019-08-29 09:09:25,502 [Thread-3892] INFO  impl.RaftServerImpl (RaftServerImpl.java:setRole(171)) - 23e9bf69-29f9-4f77-ab56-6ec336a98fa3:group-97FA152D1F9A changes role from FOLLOWER to CANDIDATE at term 1 for changeToCandidate
2019-08-29 09:09:25,502 [Thread-3892] INFO  impl.RoleInfo (RoleInfo.java:updateAndGet(143)) - 23e9bf69-29f9-4f77-ab56-6ec336a98fa3: start LeaderElection
2019-08-29 09:09:25,505 [23e9bf69-29f9-4f77-ab56-6ec336a98fa3:group-97FA152D1F9A:LeaderElection85] INFO  impl.RaftServerImpl (ServerState.java:setLeader(263)) - 23e9bf69-29f9-4f77-ab56-6ec336a98fa3:group-97FA152D1F9A change Leader from 511321fd-944d-4aec-af04-300872c24c53 to null at term 1 for initElection
2019-08-29 09:09:25,518 | INFO  | SCMAudit | user=jenkins1000 | ip=192.168.69.87 | op=SEND_HEARTBEAT {datanodeUUID=7cbc575c-4b46-452e-9bb8-421b9d270bb5, command=[]} | ret=SUCCESS |  
2019-08-29 09:09:25,602 [23e9bf69-29f9-4f77-ab56-6ec336a98fa3:group-97FA152D1F9A:LeaderElection85] INFO  impl.LeaderElection (LeaderElection.java:askForVotes(181)) - 23e9bf69-29f9-4f77-ab56-6ec336a98fa3:group-97FA152D1F9A:LeaderElection85: begin an election at term 2 for 0: [23e9bf69-29f9-4f77-ab56-6ec336a98fa3:192.168.69.87:39841, 511321fd-944d-4aec-af04-300872c24c53:192.168.69.87:34888, fb5607f7-201e-4e71-bf0f-86f0d27d217c:192.168.69.87:41583], old=null
2019-08-29 09:09:25,606 [23e9bf69-29f9-4f77-ab56-6ec336a98fa3:group-97FA152D1F9A:LeaderElection85] INFO  impl.LeaderElection (LogUtils.java:infoOrTrace(149)) - 23e9bf69-29f9-4f77-ab56-6ec336a98fa3:group-97FA152D1F9A:LeaderElection85 got exception when requesting votes: {}
java.util.concurrent.ExecutionException: org.apache.ratis.thirdparty.io.grpc.StatusRuntimeException: UNAVAILABLE: io exception
	at java.util.concurrent.FutureTask.report(FutureTask.java:122)
	at java.util.concurrent.FutureTask.get(FutureTask.java:192)
	at org.apache.ratis.server.impl.LeaderElection.waitForResults(LeaderElection.java:262)
	at org.apache.ratis.server.impl.LeaderElection.askForVotes(LeaderElection.java:200)
	at org.apache.ratis.server.impl.LeaderElection.run(LeaderElection.java:130)
	at java.lang.Thread.run(Thread.java:748)
Caused by: org.apache.ratis.thirdparty.io.grpc.StatusRuntimeException: UNAVAILABLE: io exception
	at org.apache.ratis.thirdparty.io.grpc.stub.ClientCalls.toStatusRuntimeException(ClientCalls.java:233)
	at org.apache.ratis.thirdparty.io.grpc.stub.ClientCalls.getUnchecked(ClientCalls.java:214)
	at org.apache.ratis.thirdparty.io.grpc.stub.ClientCalls.blockingUnaryCall(ClientCalls.java:139)
	at org.apache.ratis.proto.grpc.RaftServerProtocolServiceGrpc$RaftServerProtocolServiceBlockingStub.requestVote(RaftServerProtocolServiceGrpc.java:265)
	at org.apache.ratis.grpc.server.GrpcServerProtocolClient.requestVote(GrpcServerProtocolClient.java:83)
	at org.apache.ratis.grpc.server.GrpcService.requestVote(GrpcService.java:195)
	at org.apache.ratis.server.impl.LeaderElection.lambda$submitRequests$1(LeaderElection.java:237)
	at java.util.concurrent.FutureTask.run(FutureTask.java:266)
	at java.util.concurrent.Executors$RunnableAdapter.call(Executors.java:511)
	at java.util.concurrent.FutureTask.run(FutureTask.java:266)
	at java.util.concurrent.ThreadPoolExecutor.runWorker(ThreadPoolExecutor.java:1149)
	at java.util.concurrent.ThreadPoolExecutor$Worker.run(ThreadPoolExecutor.java:624)
	... 1 more
Caused by: org.apache.ratis.thirdparty.io.netty.channel.AbstractChannel$AnnotatedConnectException: Connection refused: /192.168.69.87:34888
	at sun.nio.ch.SocketChannelImpl.checkConnect(Native Method)
	at sun.nio.ch.SocketChannelImpl.finishConnect(SocketChannelImpl.java:717)
	at org.apache.ratis.thirdparty.io.netty.channel.socket.nio.NioSocketChannel.doFinishConnect(NioSocketChannel.java:327)
	at org.apache.ratis.thirdparty.io.netty.channel.nio.AbstractNioChannel$AbstractNioUnsafe.finishConnect(AbstractNioChannel.java:340)
	at org.apache.ratis.thirdparty.io.netty.channel.nio.NioEventLoop.processSelectedKey(NioEventLoop.java:632)
	at org.apache.ratis.thirdparty.io.netty.channel.nio.NioEventLoop.processSelectedKeysOptimized(NioEventLoop.java:579)
	at org.apache.ratis.thirdparty.io.netty.channel.nio.NioEventLoop.processSelectedKeys(NioEventLoop.java:496)
	at org.apache.ratis.thirdparty.io.netty.channel.nio.NioEventLoop.run(NioEventLoop.java:458)
	at org.apache.ratis.thirdparty.io.netty.util.concurrent.SingleThreadEventExecutor$5.run(SingleThreadEventExecutor.java:897)
	at org.apache.ratis.thirdparty.io.netty.util.concurrent.FastThreadLocalRunnable.run(FastThreadLocalRunnable.java:30)
	... 1 more
Caused by: java.net.ConnectException: Connection refused
	... 11 more
2019-08-29 09:09:25,608 [grpc-default-executor-4] INFO  impl.RaftServerImpl (ServerState.java:setLeader(263)) - fb5607f7-201e-4e71-bf0f-86f0d27d217c:group-97FA152D1F9A change Leader from 511321fd-944d-4aec-af04-300872c24c53 to null at term 2 for updateCurrentTerm
2019-08-29 09:09:25,608 [grpc-default-executor-4] INFO  impl.RaftServerImpl (RaftServerImpl.java:setRole(171)) - fb5607f7-201e-4e71-bf0f-86f0d27d217c:group-97FA152D1F9A changes role from FOLLOWER to FOLLOWER at term 2 for recognizeCandidate:23e9bf69-29f9-4f77-ab56-6ec336a98fa3
2019-08-29 09:09:25,608 [grpc-default-executor-4] INFO  impl.RoleInfo (RoleInfo.java:shutdownFollowerState(121)) - fb5607f7-201e-4e71-bf0f-86f0d27d217c: shutdown FollowerState
2019-08-29 09:09:25,608 [grpc-default-executor-4] INFO  impl.RoleInfo (RoleInfo.java:updateAndGet(143)) - fb5607f7-201e-4e71-bf0f-86f0d27d217c: start FollowerState
2019-08-29 09:09:25,609 [Thread-3891] INFO  impl.FollowerState (FollowerState.java:run(114)) - fb5607f7-201e-4e71-bf0f-86f0d27d217c: FollowerState was interrupted: java.lang.InterruptedException: sleep interrupted
2019-08-29 09:09:25,620 [23e9bf69-29f9-4f77-ab56-6ec336a98fa3:group-97FA152D1F9A:LeaderElection85] INFO  impl.LeaderElection (LeaderElection.java:logAndReturn(56)) - 23e9bf69-29f9-4f77-ab56-6ec336a98fa3:group-97FA152D1F9A:LeaderElection85: Election PASSED; received 1 response(s) [23e9bf69-29f9-4f77-ab56-6ec336a98fa3<-fb5607f7-201e-4e71-bf0f-86f0d27d217c#0:OK-t2] and 1 exception(s); 23e9bf69-29f9-4f77-ab56-6ec336a98fa3:t2, leader=null, voted=23e9bf69-29f9-4f77-ab56-6ec336a98fa3, raftlog=23e9bf69-29f9-4f77-ab56-6ec336a98fa3-SegmentedRaftLog:OPENED:c12,f12,i12, conf=0: [23e9bf69-29f9-4f77-ab56-6ec336a98fa3:192.168.69.87:39841, 511321fd-944d-4aec-af04-300872c24c53:192.168.69.87:34888, fb5607f7-201e-4e71-bf0f-86f0d27d217c:192.168.69.87:41583], old=null
2019-08-29 09:09:25,620 [23e9bf69-29f9-4f77-ab56-6ec336a98fa3:group-97FA152D1F9A:LeaderElection85] INFO  impl.LeaderElection (LogUtils.java:infoOrTrace(149)) -   Exception 0: {}
java.util.concurrent.ExecutionException: org.apache.ratis.thirdparty.io.grpc.StatusRuntimeException: UNAVAILABLE: io exception
	at java.util.concurrent.FutureTask.report(FutureTask.java:122)
	at java.util.concurrent.FutureTask.get(FutureTask.java:192)
	at org.apache.ratis.server.impl.LeaderElection.waitForResults(LeaderElection.java:262)
	at org.apache.ratis.server.impl.LeaderElection.askForVotes(LeaderElection.java:200)
	at org.apache.ratis.server.impl.LeaderElection.run(LeaderElection.java:130)
	at java.lang.Thread.run(Thread.java:748)
Caused by: org.apache.ratis.thirdparty.io.grpc.StatusRuntimeException: UNAVAILABLE: io exception
	at org.apache.ratis.thirdparty.io.grpc.stub.ClientCalls.toStatusRuntimeException(ClientCalls.java:233)
	at org.apache.ratis.thirdparty.io.grpc.stub.ClientCalls.getUnchecked(ClientCalls.java:214)
	at org.apache.ratis.thirdparty.io.grpc.stub.ClientCalls.blockingUnaryCall(ClientCalls.java:139)
	at org.apache.ratis.proto.grpc.RaftServerProtocolServiceGrpc$RaftServerProtocolServiceBlockingStub.requestVote(RaftServerProtocolServiceGrpc.java:265)
	at org.apache.ratis.grpc.server.GrpcServerProtocolClient.requestVote(GrpcServerProtocolClient.java:83)
	at org.apache.ratis.grpc.server.GrpcService.requestVote(GrpcService.java:195)
	at org.apache.ratis.server.impl.LeaderElection.lambda$submitRequests$1(LeaderElection.java:237)
	at java.util.concurrent.FutureTask.run(FutureTask.java:266)
	at java.util.concurrent.Executors$RunnableAdapter.call(Executors.java:511)
	at java.util.concurrent.FutureTask.run(FutureTask.java:266)
	at java.util.concurrent.ThreadPoolExecutor.runWorker(ThreadPoolExecutor.java:1149)
	at java.util.concurrent.ThreadPoolExecutor$Worker.run(ThreadPoolExecutor.java:624)
	... 1 more
Caused by: org.apache.ratis.thirdparty.io.netty.channel.AbstractChannel$AnnotatedConnectException: Connection refused: /192.168.69.87:34888
	at sun.nio.ch.SocketChannelImpl.checkConnect(Native Method)
	at sun.nio.ch.SocketChannelImpl.finishConnect(SocketChannelImpl.java:717)
	at org.apache.ratis.thirdparty.io.netty.channel.socket.nio.NioSocketChannel.doFinishConnect(NioSocketChannel.java:327)
	at org.apache.ratis.thirdparty.io.netty.channel.nio.AbstractNioChannel$AbstractNioUnsafe.finishConnect(AbstractNioChannel.java:340)
	at org.apache.ratis.thirdparty.io.netty.channel.nio.NioEventLoop.processSelectedKey(NioEventLoop.java:632)
	at org.apache.ratis.thirdparty.io.netty.channel.nio.NioEventLoop.processSelectedKeysOptimized(NioEventLoop.java:579)
	at org.apache.ratis.thirdparty.io.netty.channel.nio.NioEventLoop.processSelectedKeys(NioEventLoop.java:496)
	at org.apache.ratis.thirdparty.io.netty.channel.nio.NioEventLoop.run(NioEventLoop.java:458)
	at org.apache.ratis.thirdparty.io.netty.util.concurrent.SingleThreadEventExecutor$5.run(SingleThreadEventExecutor.java:897)
	at org.apache.ratis.thirdparty.io.netty.util.concurrent.FastThreadLocalRunnable.run(FastThreadLocalRunnable.java:30)
	... 1 more
Caused by: java.net.ConnectException: Connection refused
	... 11 more
2019-08-29 09:09:25,621 [23e9bf69-29f9-4f77-ab56-6ec336a98fa3:group-97FA152D1F9A:LeaderElection85] INFO  impl.RoleInfo (RoleInfo.java:shutdownLeaderElection(134)) - 23e9bf69-29f9-4f77-ab56-6ec336a98fa3: shutdown LeaderElection
2019-08-29 09:09:25,621 [23e9bf69-29f9-4f77-ab56-6ec336a98fa3:group-97FA152D1F9A:LeaderElection85] INFO  impl.RaftServerImpl (RaftServerImpl.java:setRole(171)) - 23e9bf69-29f9-4f77-ab56-6ec336a98fa3:group-97FA152D1F9A changes role from CANDIDATE to LEADER at term 2 for changeToLeader
2019-08-29 09:09:25,621 [23e9bf69-29f9-4f77-ab56-6ec336a98fa3:group-97FA152D1F9A:LeaderElection85] INFO  impl.RaftServerImpl (ServerState.java:setLeader(263)) - 23e9bf69-29f9-4f77-ab56-6ec336a98fa3:group-97FA152D1F9A change Leader from null to 23e9bf69-29f9-4f77-ab56-6ec336a98fa3 at term 2 for becomeLeader, leader elected after 115ms
2019-08-29 09:09:25,621 [23e9bf69-29f9-4f77-ab56-6ec336a98fa3:group-97FA152D1F9A:LeaderElection85] INFO  server.RaftServerConfigKeys (ConfUtils.java:logGet(43)) - raft.server.staging.catchup.gap = 1000 (default)
2019-08-29 09:09:25,621 [23e9bf69-29f9-4f77-ab56-6ec336a98fa3:group-97FA152D1F9A:LeaderElection85] INFO  server.RaftServerConfigKeys (ConfUtils.java:logGet(43)) - raft.server.rpc.sleep.time = 25ms (default)
2019-08-29 09:09:25,621 [23e9bf69-29f9-4f77-ab56-6ec336a98fa3:group-97FA152D1F9A:LeaderElection85] INFO  server.RaftServerConfigKeys (ConfUtils.java:logGet(43)) - raft.server.write.element-limit = 4096 (default)
2019-08-29 09:09:25,621 [23e9bf69-29f9-4f77-ab56-6ec336a98fa3:group-97FA152D1F9A:LeaderElection85] INFO  server.RaftServerConfigKeys (ConfUtils.java:logGet(43)) - raft.server.watch.timeout = 10s (default)
2019-08-29 09:09:25,621 [23e9bf69-29f9-4f77-ab56-6ec336a98fa3:group-97FA152D1F9A:LeaderElection85] INFO  server.RaftServerConfigKeys (ConfUtils.java:logGet(43)) - raft.server.watch.timeout.denomination = 1s (default)
2019-08-29 09:09:25,621 [23e9bf69-29f9-4f77-ab56-6ec336a98fa3:group-97FA152D1F9A:LeaderElection85] INFO  server.RaftServerConfigKeys (ConfUtils.java:logGet(43)) - raft.server.watch.element-limit = 65536 (default)
2019-08-29 09:09:25,622 [23e9bf69-29f9-4f77-ab56-6ec336a98fa3:group-97FA152D1F9A:LeaderElection85] INFO  server.RaftServerConfigKeys (ConfUtils.java:logGet(43)) - raft.server.log.appender.snapshot.chunk.size.max = 16MB (=16777216) (default)
2019-08-29 09:09:25,622 [23e9bf69-29f9-4f77-ab56-6ec336a98fa3:group-97FA152D1F9A:LeaderElection85] INFO  server.RaftServerConfigKeys (ConfUtils.java:logGet(43)) - raft.server.log.appender.buffer.byte-limit = 33554432 (custom)
2019-08-29 09:09:25,622 [23e9bf69-29f9-4f77-ab56-6ec336a98fa3:group-97FA152D1F9A:LeaderElection85] INFO  server.RaftServerConfigKeys (ConfUtils.java:logGet(43)) - raft.server.log.appender.buffer.element-limit = 1 (custom)
2019-08-29 09:09:25,622 [23e9bf69-29f9-4f77-ab56-6ec336a98fa3:group-97FA152D1F9A:LeaderElection85] INFO  grpc.GrpcConfigKeys$Server (ConfUtils.java:logGet(43)) - raft.grpc.server.leader.outstanding.appends.max = 128 (default)
2019-08-29 09:09:25,622 [23e9bf69-29f9-4f77-ab56-6ec336a98fa3:group-97FA152D1F9A:LeaderElection85] INFO  server.RaftServerConfigKeys (ConfUtils.java:logGet(43)) - raft.server.rpc.request.timeout = 3000ms (default)
2019-08-29 09:09:25,622 [23e9bf69-29f9-4f77-ab56-6ec336a98fa3:group-97FA152D1F9A:LeaderElection85] INFO  server.RaftServerConfigKeys (ConfUtils.java:logGet(43)) - raft.server.log.appender.install.snapshot.enabled = false (custom)
2019-08-29 09:09:25,622 [23e9bf69-29f9-4f77-ab56-6ec336a98fa3:group-97FA152D1F9A:LeaderElection85] INFO  server.RaftServerConfigKeys (ConfUtils.java:logGet(43)) - raft.server.log.appender.snapshot.chunk.size.max = 16MB (=16777216) (default)
2019-08-29 09:09:25,622 [23e9bf69-29f9-4f77-ab56-6ec336a98fa3:group-97FA152D1F9A:LeaderElection85] INFO  server.RaftServerConfigKeys (ConfUtils.java:logGet(43)) - raft.server.log.appender.buffer.byte-limit = 33554432 (custom)
2019-08-29 09:09:25,623 [23e9bf69-29f9-4f77-ab56-6ec336a98fa3:group-97FA152D1F9A:LeaderElection85] INFO  server.RaftServerConfigKeys (ConfUtils.java:logGet(43)) - raft.server.log.appender.buffer.element-limit = 1 (custom)
2019-08-29 09:09:25,623 [23e9bf69-29f9-4f77-ab56-6ec336a98fa3:group-97FA152D1F9A:LeaderElection85] INFO  grpc.GrpcConfigKeys$Server (ConfUtils.java:logGet(43)) - raft.grpc.server.leader.outstanding.appends.max = 128 (default)
2019-08-29 09:09:25,623 [23e9bf69-29f9-4f77-ab56-6ec336a98fa3:group-97FA152D1F9A:LeaderElection85] INFO  server.RaftServerConfigKeys (ConfUtils.java:logGet(43)) - raft.server.rpc.request.timeout = 3000ms (default)
2019-08-29 09:09:25,623 [23e9bf69-29f9-4f77-ab56-6ec336a98fa3:group-97FA152D1F9A:LeaderElection85] INFO  server.RaftServerConfigKeys (ConfUtils.java:logGet(43)) - raft.server.log.appender.install.snapshot.enabled = false (custom)
2019-08-29 09:09:25,623 [23e9bf69-29f9-4f77-ab56-6ec336a98fa3:group-97FA152D1F9A:LeaderElection85] INFO  impl.RoleInfo (RoleInfo.java:updateAndGet(143)) - 23e9bf69-29f9-4f77-ab56-6ec336a98fa3: start LeaderState
2019-08-29 09:09:25,623 [23e9bf69-29f9-4f77-ab56-6ec336a98fa3:group-97FA152D1F9A:LeaderElection85] INFO  segmented.SegmentedRaftLogWorker (SegmentedRaftLogWorker.java:rollLogSegment(385)) - 23e9bf69-29f9-4f77-ab56-6ec336a98fa3-SegmentedRaftLogWorker:Storage Directory /workdir/hadoop-ozone/integration-test/target/test-dir/MiniOzoneClusterImpl-1c352198-1c3a-44ed-b4f2-463a1ec9c860/datanode-3/data/ratis/f48ca4fb-cff1-4cf2-9c4e-97fa152d1f9a: Rolling segment log-0_12 to index:12
2019-08-29 09:09:25,624 [23e9bf69-29f9-4f77-ab56-6ec336a98fa3-SegmentedRaftLogWorker:Storage Directory /workdir/hadoop-ozone/integration-test/target/test-dir/MiniOzoneClusterImpl-1c352198-1c3a-44ed-b4f2-463a1ec9c860/datanode-3/data/ratis/f48ca4fb-cff1-4cf2-9c4e-97fa152d1f9a] INFO  segmented.SegmentedRaftLogWorker (SegmentedRaftLogWorker.java:execute(526)) - 23e9bf69-29f9-4f77-ab56-6ec336a98fa3-SegmentedRaftLogWorker:Storage Directory /workdir/hadoop-ozone/integration-test/target/test-dir/MiniOzoneClusterImpl-1c352198-1c3a-44ed-b4f2-463a1ec9c860/datanode-3/data/ratis/f48ca4fb-cff1-4cf2-9c4e-97fa152d1f9a: Rolled log segment from /workdir/hadoop-ozone/integration-test/target/test-dir/MiniOzoneClusterImpl-1c352198-1c3a-44ed-b4f2-463a1ec9c860/datanode-3/data/ratis/f48ca4fb-cff1-4cf2-9c4e-97fa152d1f9a/current/log_inprogress_0 to /workdir/hadoop-ozone/integration-test/target/test-dir/MiniOzoneClusterImpl-1c352198-1c3a-44ed-b4f2-463a1ec9c860/datanode-3/data/ratis/f48ca4fb-cff1-4cf2-9c4e-97fa152d1f9a/current/log_0-12
2019-08-29 09:09:25,624 [23e9bf69-29f9-4f77-ab56-6ec336a98fa3:group-97FA152D1F9A:LeaderElection85] INFO  impl.RaftServerImpl (ServerState.java:setRaftConf(361)) - 23e9bf69-29f9-4f77-ab56-6ec336a98fa3:group-97FA152D1F9A set configuration 13: [23e9bf69-29f9-4f77-ab56-6ec336a98fa3:192.168.69.87:39841, 511321fd-944d-4aec-af04-300872c24c53:192.168.69.87:34888, fb5607f7-201e-4e71-bf0f-86f0d27d217c:192.168.69.87:41583], old=null at 13
2019-08-29 09:09:25,624 [grpc-default-executor-4] WARN  server.GrpcLogAppender (LogUtils.java:warn(134)) - 23e9bf69-29f9-4f77-ab56-6ec336a98fa3->511321fd-944d-4aec-af04-300872c24c53: Failed appendEntries: org.apache.ratis.thirdparty.io.grpc.StatusRuntimeException: UNAVAILABLE: io exception
2019-08-29 09:09:25,624 [grpc-default-executor-4] INFO  impl.FollowerInfo (FollowerInfo.java:lambda$new$0(50)) - 23e9bf69-29f9-4f77-ab56-6ec336a98fa3->511321fd-944d-4aec-af04-300872c24c53: nextIndex: updateUnconditionally 13 -> 1
2019-08-29 09:09:25,659 [grpc-default-executor-7] INFO  impl.RaftServerImpl (ServerState.java:setLeader(263)) - fb5607f7-201e-4e71-bf0f-86f0d27d217c:group-97FA152D1F9A change Leader from null to 23e9bf69-29f9-4f77-ab56-6ec336a98fa3 at term 2 for appendEntries, leader elected after 50ms
2019-08-29 09:09:25,664 [grpc-default-executor-7] INFO  impl.RaftServerImpl (ServerState.java:setRaftConf(361)) - fb5607f7-201e-4e71-bf0f-86f0d27d217c:group-97FA152D1F9A set configuration 13: [23e9bf69-29f9-4f77-ab56-6ec336a98fa3:192.168.69.87:39841, 511321fd-944d-4aec-af04-300872c24c53:192.168.69.87:34888, fb5607f7-201e-4e71-bf0f-86f0d27d217c:192.168.69.87:41583], old=null at 13
2019-08-29 09:09:25,664 [grpc-default-executor-7] INFO  segmented.SegmentedRaftLogWorker (SegmentedRaftLogWorker.java:rollLogSegment(385)) - fb5607f7-201e-4e71-bf0f-86f0d27d217c-SegmentedRaftLogWorker:Storage Directory /workdir/hadoop-ozone/integration-test/target/test-dir/MiniOzoneClusterImpl-1c352198-1c3a-44ed-b4f2-463a1ec9c860/datanode-5/data/ratis/f48ca4fb-cff1-4cf2-9c4e-97fa152d1f9a: Rolling segment log-0_12 to index:12
2019-08-29 09:09:25,669 [fb5607f7-201e-4e71-bf0f-86f0d27d217c-SegmentedRaftLogWorker:Storage Directory /workdir/hadoop-ozone/integration-test/target/test-dir/MiniOzoneClusterImpl-1c352198-1c3a-44ed-b4f2-463a1ec9c860/datanode-5/data/ratis/f48ca4fb-cff1-4cf2-9c4e-97fa152d1f9a] INFO  segmented.SegmentedRaftLogWorker (SegmentedRaftLogWorker.java:execute(526)) - fb5607f7-201e-4e71-bf0f-86f0d27d217c-SegmentedRaftLogWorker:Storage Directory /workdir/hadoop-ozone/integration-test/target/test-dir/MiniOzoneClusterImpl-1c352198-1c3a-44ed-b4f2-463a1ec9c860/datanode-5/data/ratis/f48ca4fb-cff1-4cf2-9c4e-97fa152d1f9a: Rolled log segment from /workdir/hadoop-ozone/integration-test/target/test-dir/MiniOzoneClusterImpl-1c352198-1c3a-44ed-b4f2-463a1ec9c860/datanode-5/data/ratis/f48ca4fb-cff1-4cf2-9c4e-97fa152d1f9a/current/log_inprogress_0 to /workdir/hadoop-ozone/integration-test/target/test-dir/MiniOzoneClusterImpl-1c352198-1c3a-44ed-b4f2-463a1ec9c860/datanode-5/data/ratis/f48ca4fb-cff1-4cf2-9c4e-97fa152d1f9a/current/log_0-12
2019-08-29 09:09:25,726 [23e9bf69-29f9-4f77-ab56-6ec336a98fa3-SegmentedRaftLogWorker:Storage Directory /workdir/hadoop-ozone/integration-test/target/test-dir/MiniOzoneClusterImpl-1c352198-1c3a-44ed-b4f2-463a1ec9c860/datanode-3/data/ratis/f48ca4fb-cff1-4cf2-9c4e-97fa152d1f9a] INFO  segmented.SegmentedRaftLogWorker (SegmentedRaftLogWorker.java:execute(569)) - 23e9bf69-29f9-4f77-ab56-6ec336a98fa3-SegmentedRaftLogWorker:Storage Directory /workdir/hadoop-ozone/integration-test/target/test-dir/MiniOzoneClusterImpl-1c352198-1c3a-44ed-b4f2-463a1ec9c860/datanode-3/data/ratis/f48ca4fb-cff1-4cf2-9c4e-97fa152d1f9a: created new log segment /workdir/hadoop-ozone/integration-test/target/test-dir/MiniOzoneClusterImpl-1c352198-1c3a-44ed-b4f2-463a1ec9c860/datanode-3/data/ratis/f48ca4fb-cff1-4cf2-9c4e-97fa152d1f9a/current/log_inprogress_13
2019-08-29 09:09:25,739 [fb5607f7-201e-4e71-bf0f-86f0d27d217c-SegmentedRaftLogWorker:Storage Directory /workdir/hadoop-ozone/integration-test/target/test-dir/MiniOzoneClusterImpl-1c352198-1c3a-44ed-b4f2-463a1ec9c860/datanode-5/data/ratis/f48ca4fb-cff1-4cf2-9c4e-97fa152d1f9a] INFO  segmented.SegmentedRaftLogWorker (SegmentedRaftLogWorker.java:execute(569)) - fb5607f7-201e-4e71-bf0f-86f0d27d217c-SegmentedRaftLogWorker:Storage Directory /workdir/hadoop-ozone/integration-test/target/test-dir/MiniOzoneClusterImpl-1c352198-1c3a-44ed-b4f2-463a1ec9c860/datanode-5/data/ratis/f48ca4fb-cff1-4cf2-9c4e-97fa152d1f9a: created new log segment /workdir/hadoop-ozone/integration-test/target/test-dir/MiniOzoneClusterImpl-1c352198-1c3a-44ed-b4f2-463a1ec9c860/datanode-5/data/ratis/f48ca4fb-cff1-4cf2-9c4e-97fa152d1f9a/current/log_inprogress_13
2019-08-29 09:09:25,757 | INFO  | DNAudit | user=null | ip=null | op=READ_CHUNK {blockData=conID: 1 locID: 102699482826407953 bcsId: 0} | ret=SUCCESS |  
2019-08-29 09:09:25,761 [grpc-default-executor-8] WARN  server.GrpcLogAppender (LogUtils.java:warn(134)) - 23e9bf69-29f9-4f77-ab56-6ec336a98fa3->511321fd-944d-4aec-af04-300872c24c53: Failed appendEntries: org.apache.ratis.thirdparty.io.grpc.StatusRuntimeException: UNAVAILABLE: io exception
2019-08-29 09:09:25,762 [grpc-default-executor-8] INFO  impl.FollowerInfo (FollowerInfo.java:lambda$new$0(50)) - 23e9bf69-29f9-4f77-ab56-6ec336a98fa3->511321fd-944d-4aec-af04-300872c24c53: nextIndex: updateUnconditionally 2 -> 1
2019-08-29 09:09:25,807 [grpc-default-executor-8] WARN  server.GrpcLogAppender (LogUtils.java:warn(134)) - 23e9bf69-29f9-4f77-ab56-6ec336a98fa3->511321fd-944d-4aec-af04-300872c24c53: Failed appendEntries: org.apache.ratis.thirdparty.io.grpc.StatusRuntimeException: UNAVAILABLE: io exception
2019-08-29 09:09:25,807 [grpc-default-executor-8] INFO  impl.FollowerInfo (FollowerInfo.java:lambda$new$0(50)) - 23e9bf69-29f9-4f77-ab56-6ec336a98fa3->511321fd-944d-4aec-af04-300872c24c53: nextIndex: updateUnconditionally 2 -> 1
2019-08-29 09:09:26,042 | INFO  | SCMAudit | user=jenkins1000 | ip=192.168.69.87 | op=SEND_HEARTBEAT {datanodeUUID=fb5607f7-201e-4e71-bf0f-86f0d27d217c, command=[]} | ret=SUCCESS |  
2019-08-29 09:09:26,042 | INFO  | SCMAudit | user=jenkins1000 | ip=192.168.69.87 | op=SEND_HEARTBEAT {datanodeUUID=e43a4404-c45a-4334-ab7d-c37c6cf2c676, command=[]} | ret=SUCCESS |  
2019-08-29 09:09:26,458 [EventQueue-StaleNodeForStaleNodeHandler] INFO  node.StaleNodeHandler (StaleNodeHandler.java:onMessage(58)) - Datanode 23e9bf69-29f9-4f77-ab56-6ec336a98fa3{ip: 192.168.69.87, host: pr-hdds-1935-5tjgs-3847141534, networkLocation: /default-rack, certSerialId: null} moved to stale state. Finalizing its pipelines [PipelineID=523f629c-b587-4e22-a01e-e329f9e13ea3, PipelineID=f48ca4fb-cff1-4cf2-9c4e-97fa152d1f9a]
2019-08-29 09:09:26,459 [EventQueue-StaleNodeForStaleNodeHandler] INFO  pipeline.SCMPipelineManager (SCMPipelineManager.java:finalizeAndDestroyPipeline(309)) - destroying pipeline:Pipeline[ Id: 523f629c-b587-4e22-a01e-e329f9e13ea3, Nodes: 23e9bf69-29f9-4f77-ab56-6ec336a98fa3{ip: 192.168.69.87, host: pr-hdds-1935-5tjgs-3847141534, networkLocation: /default-rack, certSerialId: null}, Type:RATIS, Factor:ONE, State:OPEN]
2019-08-29 09:09:26,459 [EventQueue-StaleNodeForStaleNodeHandler] INFO  pipeline.PipelineStateManager (PipelineStateManager.java:finalizePipeline(123)) - Pipeline Pipeline[ Id: 523f629c-b587-4e22-a01e-e329f9e13ea3, Nodes: 23e9bf69-29f9-4f77-ab56-6ec336a98fa3{ip: 192.168.69.87, host: pr-hdds-1935-5tjgs-3847141534, networkLocation: /default-rack, certSerialId: null}, Type:RATIS, Factor:ONE, State:CLOSED] moved to CLOSED state
2019-08-29 09:09:26,460 [EventQueue-StaleNodeForStaleNodeHandler] INFO  pipeline.SCMPipelineManager (SCMPipelineManager.java:finalizeAndDestroyPipeline(309)) - destroying pipeline:Pipeline[ Id: f48ca4fb-cff1-4cf2-9c4e-97fa152d1f9a, Nodes: fb5607f7-201e-4e71-bf0f-86f0d27d217c{ip: 192.168.69.87, host: pr-hdds-1935-5tjgs-3847141534, networkLocation: /default-rack, certSerialId: null}23e9bf69-29f9-4f77-ab56-6ec336a98fa3{ip: 192.168.69.87, host: pr-hdds-1935-5tjgs-3847141534, networkLocation: /default-rack, certSerialId: null}511321fd-944d-4aec-af04-300872c24c53{ip: 192.168.69.87, host: pr-hdds-1935-5tjgs-3847141534, networkLocation: /default-rack, certSerialId: null}, Type:RATIS, Factor:THREE, State:CLOSED]
2019-08-29 09:09:26,519 | INFO  | SCMAudit | user=jenkins1000 | ip=192.168.69.87 | op=SEND_HEARTBEAT {datanodeUUID=7cbc575c-4b46-452e-9bb8-421b9d270bb5, command=[]} | ret=SUCCESS |  
2019-08-29 09:09:26,858 [EventQueue-StaleNodeForStaleNodeHandler] INFO  node.StaleNodeHandler (StaleNodeHandler.java:onMessage(58)) - Datanode 88078711-0cd2-4a5e-bf0e-90a5498792e5{ip: 192.168.69.87, host: pr-hdds-1935-5tjgs-3847141534, networkLocation: /default-rack, certSerialId: null} moved to stale state. Finalizing its pipelines [PipelineID=c82bb13d-9adb-48ea-b3e7-079b7bc8b693, PipelineID=6e0ada60-03b9-4b45-8bf3-d64d69ed8b91]
2019-08-29 09:09:26,859 [EventQueue-StaleNodeForStaleNodeHandler] INFO  pipeline.SCMPipelineManager (SCMPipelineManager.java:finalizeAndDestroyPipeline(309)) - destroying pipeline:Pipeline[ Id: c82bb13d-9adb-48ea-b3e7-079b7bc8b693, Nodes: 88078711-0cd2-4a5e-bf0e-90a5498792e5{ip: 192.168.69.87, host: pr-hdds-1935-5tjgs-3847141534, networkLocation: /default-rack, certSerialId: null}, Type:RATIS, Factor:ONE, State:OPEN]
2019-08-29 09:09:26,859 [EventQueue-StaleNodeForStaleNodeHandler] INFO  pipeline.PipelineStateManager (PipelineStateManager.java:finalizePipeline(123)) - Pipeline Pipeline[ Id: c82bb13d-9adb-48ea-b3e7-079b7bc8b693, Nodes: 88078711-0cd2-4a5e-bf0e-90a5498792e5{ip: 192.168.69.87, host: pr-hdds-1935-5tjgs-3847141534, networkLocation: /default-rack, certSerialId: null}, Type:RATIS, Factor:ONE, State:CLOSED] moved to CLOSED state
2019-08-29 09:09:26,859 [EventQueue-StaleNodeForStaleNodeHandler] INFO  pipeline.SCMPipelineManager (SCMPipelineManager.java:finalizeAndDestroyPipeline(309)) - destroying pipeline:Pipeline[ Id: 6e0ada60-03b9-4b45-8bf3-d64d69ed8b91, Nodes: 88078711-0cd2-4a5e-bf0e-90a5498792e5{ip: 192.168.69.87, host: pr-hdds-1935-5tjgs-3847141534, networkLocation: /default-rack, certSerialId: null}c22f91f7-68fa-46ec-983b-e4afd2d3623d{ip: 192.168.69.87, host: pr-hdds-1935-5tjgs-3847141534, networkLocation: /default-rack, certSerialId: null}e43a4404-c45a-4334-ab7d-c37c6cf2c676{ip: 192.168.69.87, host: pr-hdds-1935-5tjgs-3847141534, networkLocation: /default-rack, certSerialId: null}, Type:RATIS, Factor:THREE, State:CLOSED]
2019-08-29 09:09:27,042 | INFO  | SCMAudit | user=jenkins1000 | ip=192.168.69.87 | op=SEND_HEARTBEAT {datanodeUUID=e43a4404-c45a-4334-ab7d-c37c6cf2c676, command=[]} | ret=SUCCESS |  
2019-08-29 09:09:27,042 | INFO  | SCMAudit | user=jenkins1000 | ip=192.168.69.87 | op=SEND_HEARTBEAT {datanodeUUID=fb5607f7-201e-4e71-bf0f-86f0d27d217c, command=[]} | ret=SUCCESS |  
2019-08-29 09:09:27,102 [ForkJoinPool.commonPool-worker-0] INFO  ozoneimpl.OzoneContainer (OzoneContainer.java:stop(215)) - Attempting to stop container services.
2019-08-29 09:09:27,103 [main] INFO  ozoneimpl.OzoneContainer (OzoneContainer.java:stop(215)) - Attempting to stop container services.
2019-08-29 09:09:27,103 [ForkJoinPool.commonPool-worker-0] INFO  impl.RaftServerProxy (RaftServerProxy.java:lambda$close$4(314)) - 88078711-0cd2-4a5e-bf0e-90a5498792e5: close
2019-08-29 09:09:27,104 [main] INFO  impl.RaftServerProxy (RaftServerProxy.java:lambda$close$4(314)) - 23e9bf69-29f9-4f77-ab56-6ec336a98fa3: close
2019-08-29 09:09:27,104 [ForkJoinPool.commonPool-worker-0] INFO  impl.RaftServerImpl (RaftServerImpl.java:lambda$shutdown$3(245)) - 88078711-0cd2-4a5e-bf0e-90a5498792e5: shutdown group-079B7BC8B693
2019-08-29 09:09:27,105 [main] INFO  impl.RaftServerImpl (RaftServerImpl.java:lambda$shutdown$3(245)) - 23e9bf69-29f9-4f77-ab56-6ec336a98fa3: shutdown group-E329F9E13EA3
2019-08-29 09:09:27,105 [ForkJoinPool.commonPool-worker-0] INFO  util.JmxRegister (JmxRegister.java:unregister(73)) - Successfully un-registered JMX Bean with object name Ratis:service=RaftServer,group=group-079B7BC8B693,id=88078711-0cd2-4a5e-bf0e-90a5498792e5
2019-08-29 09:09:27,105 [main] INFO  util.JmxRegister (JmxRegister.java:unregister(73)) - Successfully un-registered JMX Bean with object name Ratis:service=RaftServer,group=group-E329F9E13EA3,id=23e9bf69-29f9-4f77-ab56-6ec336a98fa3
2019-08-29 09:09:27,106 [ForkJoinPool.commonPool-worker-0] INFO  impl.RoleInfo (RoleInfo.java:shutdownLeaderState(104)) - 88078711-0cd2-4a5e-bf0e-90a5498792e5: shutdown LeaderState
2019-08-29 09:09:27,106 [main] INFO  impl.RoleInfo (RoleInfo.java:shutdownLeaderState(104)) - 23e9bf69-29f9-4f77-ab56-6ec336a98fa3: shutdown LeaderState
2019-08-29 09:09:27,107 [ForkJoinPool.commonPool-worker-0] INFO  impl.PendingRequests (PendingRequests.java:sendNotLeaderResponses(202)) - 88078711-0cd2-4a5e-bf0e-90a5498792e5-PendingRequests: sendNotLeaderResponses
2019-08-29 09:09:27,107 [main] INFO  impl.PendingRequests (PendingRequests.java:sendNotLeaderResponses(202)) - 23e9bf69-29f9-4f77-ab56-6ec336a98fa3-PendingRequests: sendNotLeaderResponses
2019-08-29 09:09:27,108 [ForkJoinPool.commonPool-worker-0] INFO  impl.StateMachineUpdater (StateMachineUpdater.java:stopAndJoin(115)) - StateMachineUpdater:88078711-0cd2-4a5e-bf0e-90a5498792e5:group-079B7BC8B693: set stopIndex = 0
2019-08-29 09:09:27,108 [main] INFO  impl.StateMachineUpdater (StateMachineUpdater.java:stopAndJoin(115)) - StateMachineUpdater:23e9bf69-29f9-4f77-ab56-6ec336a98fa3:group-E329F9E13EA3: set stopIndex = 0
2019-08-29 09:09:27,108 [ForkJoinPool.commonPool-worker-0] INFO  impl.RaftServerImpl (ServerState.java:close(394)) - 88078711-0cd2-4a5e-bf0e-90a5498792e5:group-079B7BC8B693 closes. The last applied log index is 0
2019-08-29 09:09:27,109 [main] INFO  impl.RaftServerImpl (ServerState.java:close(394)) - 23e9bf69-29f9-4f77-ab56-6ec336a98fa3:group-E329F9E13EA3 closes. The last applied log index is 0
2019-08-29 09:09:27,109 [88078711-0cd2-4a5e-bf0e-90a5498792e5-SegmentedRaftLogWorker:Storage Directory /workdir/hadoop-ozone/integration-test/target/test-dir/MiniOzoneClusterImpl-1c352198-1c3a-44ed-b4f2-463a1ec9c860/datanode-2/data/ratis/c82bb13d-9adb-48ea-b3e7-079b7bc8b693] INFO  segmented.SegmentedRaftLogWorker (SegmentedRaftLogWorker.java:run(313)) - 88078711-0cd2-4a5e-bf0e-90a5498792e5-SegmentedRaftLogWorker:Storage Directory /workdir/hadoop-ozone/integration-test/target/test-dir/MiniOzoneClusterImpl-1c352198-1c3a-44ed-b4f2-463a1ec9c860/datanode-2/data/ratis/c82bb13d-9adb-48ea-b3e7-079b7bc8b693 was interrupted, exiting. There are 0 tasks remaining in the queue.
2019-08-29 09:09:27,112 [23e9bf69-29f9-4f77-ab56-6ec336a98fa3-SegmentedRaftLogWorker:Storage Directory /workdir/hadoop-ozone/integration-test/target/test-dir/MiniOzoneClusterImpl-1c352198-1c3a-44ed-b4f2-463a1ec9c860/datanode-3/data/ratis/523f629c-b587-4e22-a01e-e329f9e13ea3] INFO  segmented.SegmentedRaftLogWorker (SegmentedRaftLogWorker.java:run(313)) - 23e9bf69-29f9-4f77-ab56-6ec336a98fa3-SegmentedRaftLogWorker:Storage Directory /workdir/hadoop-ozone/integration-test/target/test-dir/MiniOzoneClusterImpl-1c352198-1c3a-44ed-b4f2-463a1ec9c860/datanode-3/data/ratis/523f629c-b587-4e22-a01e-e329f9e13ea3 was interrupted, exiting. There are 0 tasks remaining in the queue.
2019-08-29 09:09:27,121 [ForkJoinPool.commonPool-worker-0] INFO  segmented.SegmentedRaftLogWorker (SegmentedRaftLogWorker.java:close(228)) - 88078711-0cd2-4a5e-bf0e-90a5498792e5-SegmentedRaftLogWorker:Storage Directory /workdir/hadoop-ozone/integration-test/target/test-dir/MiniOzoneClusterImpl-1c352198-1c3a-44ed-b4f2-463a1ec9c860/datanode-2/data/ratis/c82bb13d-9adb-48ea-b3e7-079b7bc8b693 close()
2019-08-29 09:09:27,121 [main] INFO  segmented.SegmentedRaftLogWorker (SegmentedRaftLogWorker.java:close(228)) - 23e9bf69-29f9-4f77-ab56-6ec336a98fa3-SegmentedRaftLogWorker:Storage Directory /workdir/hadoop-ozone/integration-test/target/test-dir/MiniOzoneClusterImpl-1c352198-1c3a-44ed-b4f2-463a1ec9c860/datanode-3/data/ratis/523f629c-b587-4e22-a01e-e329f9e13ea3 close()
2019-08-29 09:09:27,124 [ForkJoinPool.commonPool-worker-0] INFO  impl.RaftServerImpl (RaftServerImpl.java:lambda$shutdown$3(245)) - 88078711-0cd2-4a5e-bf0e-90a5498792e5: shutdown group-D64D69ED8B91
2019-08-29 09:09:27,127 [main] INFO  impl.RaftServerImpl (RaftServerImpl.java:lambda$shutdown$3(245)) - 23e9bf69-29f9-4f77-ab56-6ec336a98fa3: shutdown group-97FA152D1F9A
2019-08-29 09:09:27,127 [ForkJoinPool.commonPool-worker-0] INFO  util.JmxRegister (JmxRegister.java:unregister(73)) - Successfully un-registered JMX Bean with object name Ratis:service=RaftServer,group=group-D64D69ED8B91,id=88078711-0cd2-4a5e-bf0e-90a5498792e5
2019-08-29 09:09:27,128 [main] INFO  util.JmxRegister (JmxRegister.java:unregister(73)) - Successfully un-registered JMX Bean with object name Ratis:service=RaftServer,group=group-97FA152D1F9A,id=23e9bf69-29f9-4f77-ab56-6ec336a98fa3
2019-08-29 09:09:27,128 [ForkJoinPool.commonPool-worker-0] INFO  impl.RoleInfo (RoleInfo.java:shutdownFollowerState(121)) - 88078711-0cd2-4a5e-bf0e-90a5498792e5: shutdown FollowerState
2019-08-29 09:09:27,129 [main] INFO  impl.RoleInfo (RoleInfo.java:shutdownLeaderState(104)) - 23e9bf69-29f9-4f77-ab56-6ec336a98fa3: shutdown LeaderState
2019-08-29 09:09:27,129 [Thread-3879] INFO  impl.FollowerState (FollowerState.java:run(114)) - 88078711-0cd2-4a5e-bf0e-90a5498792e5: FollowerState was interrupted: java.lang.InterruptedException: sleep interrupted
2019-08-29 09:09:27,129 [StateMachineUpdater:88078711-0cd2-4a5e-bf0e-90a5498792e5:group-D64D69ED8B91] INFO  ratis.ContainerStateMachine (ContainerStateMachine.java:takeSnapshot(284)) - group-D64D69ED8B91: Taking a snapshot at:(t:1, i:4) file /workdir/hadoop-ozone/integration-test/target/test-dir/MiniOzoneClusterImpl-1c352198-1c3a-44ed-b4f2-463a1ec9c860/datanode-2/data/ratis/6e0ada60-03b9-4b45-8bf3-d64d69ed8b91/sm/snapshot.1_4
2019-08-29 09:09:27,129 [ForkJoinPool.commonPool-worker-0] INFO  impl.StateMachineUpdater (StateMachineUpdater.java:stopAndJoin(115)) - StateMachineUpdater:88078711-0cd2-4a5e-bf0e-90a5498792e5:group-D64D69ED8B91: set stopIndex = 5
2019-08-29 09:09:27,131 [org.apache.ratis.server.impl.LogAppender$AppenderDaemon$$Lambda$473/1125142838@2caf7930] WARN  server.GrpcLogAppender (GrpcLogAppender.java:mayWait(143)) - GrpcLogAppender(23e9bf69-29f9-4f77-ab56-6ec336a98fa3->511321fd-944d-4aec-af04-300872c24c53): Wait interrupted by java.lang.InterruptedException
2019-08-29 09:09:27,132 [main] INFO  impl.PendingRequests (PendingRequests.java:sendNotLeaderResponses(202)) - 23e9bf69-29f9-4f77-ab56-6ec336a98fa3-PendingRequests: sendNotLeaderResponses
2019-08-29 09:09:27,132 [org.apache.ratis.server.impl.LogAppender$AppenderDaemon$$Lambda$473/1125142838@28258a73] WARN  server.GrpcLogAppender (GrpcLogAppender.java:mayWait(143)) - GrpcLogAppender(23e9bf69-29f9-4f77-ab56-6ec336a98fa3->fb5607f7-201e-4e71-bf0f-86f0d27d217c): Wait interrupted by java.lang.InterruptedException
2019-08-29 09:09:27,132 [main] INFO  impl.StateMachineUpdater (StateMachineUpdater.java:stopAndJoin(115)) - StateMachineUpdater:23e9bf69-29f9-4f77-ab56-6ec336a98fa3:group-97FA152D1F9A: set stopIndex = 14
2019-08-29 09:09:27,132 [StateMachineUpdater:23e9bf69-29f9-4f77-ab56-6ec336a98fa3:group-97FA152D1F9A] INFO  ratis.ContainerStateMachine (ContainerStateMachine.java:takeSnapshot(284)) - group-97FA152D1F9A: Taking a snapshot at:(t:1, i:12) file /workdir/hadoop-ozone/integration-test/target/test-dir/MiniOzoneClusterImpl-1c352198-1c3a-44ed-b4f2-463a1ec9c860/datanode-3/data/ratis/f48ca4fb-cff1-4cf2-9c4e-97fa152d1f9a/sm/snapshot.1_12
2019-08-29 09:09:27,133 [grpc-default-executor-8] INFO  server.GrpcServerProtocolService (GrpcServerProtocolService.java:onCompleted(104)) - fb5607f7-201e-4e71-bf0f-86f0d27d217c: appendEntries completed
2019-08-29 09:09:27,134 [grpc-default-executor-7] INFO  server.GrpcLogAppender (GrpcLogAppender.java:onCompleted(292)) - 23e9bf69-29f9-4f77-ab56-6ec336a98fa3->fb5607f7-201e-4e71-bf0f-86f0d27d217c: follower responses appendEntries COMPLETED
2019-08-29 09:09:27,134 [grpc-default-executor-7] INFO  impl.FollowerInfo (FollowerInfo.java:lambda$new$0(50)) - 23e9bf69-29f9-4f77-ab56-6ec336a98fa3->fb5607f7-201e-4e71-bf0f-86f0d27d217c: nextIndex: updateUnconditionally 15 -> 14
2019-08-29 09:09:27,168 [StateMachineUpdater:23e9bf69-29f9-4f77-ab56-6ec336a98fa3:group-97FA152D1F9A] INFO  ratis.ContainerStateMachine (ContainerStateMachine.java:takeSnapshot(295)) - group-97FA152D1F9A: Finished taking a snapshot at:(t:1, i:12) file:/workdir/hadoop-ozone/integration-test/target/test-dir/MiniOzoneClusterImpl-1c352198-1c3a-44ed-b4f2-463a1ec9c860/datanode-3/data/ratis/f48ca4fb-cff1-4cf2-9c4e-97fa152d1f9a/sm/snapshot.1_12 time:35
2019-08-29 09:09:27,168 [StateMachineUpdater:23e9bf69-29f9-4f77-ab56-6ec336a98fa3:group-97FA152D1F9A] INFO  impl.StateMachineUpdater (StateMachineUpdater.java:takeSnapshot(242)) - StateMachineUpdater:23e9bf69-29f9-4f77-ab56-6ec336a98fa3:group-97FA152D1F9A: Took a snapshot at index 12
2019-08-29 09:09:27,168 [StateMachineUpdater:88078711-0cd2-4a5e-bf0e-90a5498792e5:group-D64D69ED8B91] INFO  ratis.ContainerStateMachine (ContainerStateMachine.java:takeSnapshot(295)) - group-D64D69ED8B91: Finished taking a snapshot at:(t:1, i:4) file:/workdir/hadoop-ozone/integration-test/target/test-dir/MiniOzoneClusterImpl-1c352198-1c3a-44ed-b4f2-463a1ec9c860/datanode-2/data/ratis/6e0ada60-03b9-4b45-8bf3-d64d69ed8b91/sm/snapshot.1_4 time:39
2019-08-29 09:09:27,168 [StateMachineUpdater:23e9bf69-29f9-4f77-ab56-6ec336a98fa3:group-97FA152D1F9A] INFO  impl.StateMachineUpdater (StateMachineUpdater.java:lambda$new$0(80)) - StateMachineUpdater:23e9bf69-29f9-4f77-ab56-6ec336a98fa3:group-97FA152D1F9A: snapshotIndex: updateIncreasingly -1 -> 12
2019-08-29 09:09:27,168 [StateMachineUpdater:88078711-0cd2-4a5e-bf0e-90a5498792e5:group-D64D69ED8B91] INFO  impl.StateMachineUpdater (StateMachineUpdater.java:takeSnapshot(242)) - StateMachineUpdater:88078711-0cd2-4a5e-bf0e-90a5498792e5:group-D64D69ED8B91: Took a snapshot at index 4
2019-08-29 09:09:27,168 [StateMachineUpdater:88078711-0cd2-4a5e-bf0e-90a5498792e5:group-D64D69ED8B91] INFO  impl.StateMachineUpdater (StateMachineUpdater.java:lambda$new$0(80)) - StateMachineUpdater:88078711-0cd2-4a5e-bf0e-90a5498792e5:group-D64D69ED8B91: snapshotIndex: updateIncreasingly -1 -> 4
2019-08-29 09:09:27,168 [main] INFO  impl.RaftServerImpl (ServerState.java:close(394)) - 23e9bf69-29f9-4f77-ab56-6ec336a98fa3:group-97FA152D1F9A closes. The last applied log index is 14
2019-08-29 09:09:27,169 [ForkJoinPool.commonPool-worker-0] INFO  impl.RaftServerImpl (ServerState.java:close(394)) - 88078711-0cd2-4a5e-bf0e-90a5498792e5:group-D64D69ED8B91 closes. The last applied log index is 5
2019-08-29 09:09:27,169 [23e9bf69-29f9-4f77-ab56-6ec336a98fa3-SegmentedRaftLogWorker:Storage Directory /workdir/hadoop-ozone/integration-test/target/test-dir/MiniOzoneClusterImpl-1c352198-1c3a-44ed-b4f2-463a1ec9c860/datanode-3/data/ratis/f48ca4fb-cff1-4cf2-9c4e-97fa152d1f9a] INFO  segmented.SegmentedRaftLogWorker (SegmentedRaftLogWorker.java:run(313)) - 23e9bf69-29f9-4f77-ab56-6ec336a98fa3-SegmentedRaftLogWorker:Storage Directory /workdir/hadoop-ozone/integration-test/target/test-dir/MiniOzoneClusterImpl-1c352198-1c3a-44ed-b4f2-463a1ec9c860/datanode-3/data/ratis/f48ca4fb-cff1-4cf2-9c4e-97fa152d1f9a was interrupted, exiting. There are 0 tasks remaining in the queue.
2019-08-29 09:09:27,170 [88078711-0cd2-4a5e-bf0e-90a5498792e5-SegmentedRaftLogWorker:Storage Directory /workdir/hadoop-ozone/integration-test/target/test-dir/MiniOzoneClusterImpl-1c352198-1c3a-44ed-b4f2-463a1ec9c860/datanode-2/data/ratis/6e0ada60-03b9-4b45-8bf3-d64d69ed8b91] INFO  segmented.SegmentedRaftLogWorker (SegmentedRaftLogWorker.java:run(313)) - 88078711-0cd2-4a5e-bf0e-90a5498792e5-SegmentedRaftLogWorker:Storage Directory /workdir/hadoop-ozone/integration-test/target/test-dir/MiniOzoneClusterImpl-1c352198-1c3a-44ed-b4f2-463a1ec9c860/datanode-2/data/ratis/6e0ada60-03b9-4b45-8bf3-d64d69ed8b91 was interrupted, exiting. There are 0 tasks remaining in the queue.
2019-08-29 09:09:27,172 [main] INFO  segmented.SegmentedRaftLogWorker (SegmentedRaftLogWorker.java:close(228)) - 23e9bf69-29f9-4f77-ab56-6ec336a98fa3-SegmentedRaftLogWorker:Storage Directory /workdir/hadoop-ozone/integration-test/target/test-dir/MiniOzoneClusterImpl-1c352198-1c3a-44ed-b4f2-463a1ec9c860/datanode-3/data/ratis/f48ca4fb-cff1-4cf2-9c4e-97fa152d1f9a close()
2019-08-29 09:09:27,174 [ForkJoinPool.commonPool-worker-0] INFO  segmented.SegmentedRaftLogWorker (SegmentedRaftLogWorker.java:close(228)) - 88078711-0cd2-4a5e-bf0e-90a5498792e5-SegmentedRaftLogWorker:Storage Directory /workdir/hadoop-ozone/integration-test/target/test-dir/MiniOzoneClusterImpl-1c352198-1c3a-44ed-b4f2-463a1ec9c860/datanode-2/data/ratis/6e0ada60-03b9-4b45-8bf3-d64d69ed8b91 close()
2019-08-29 09:09:27,178 [main] INFO  server.GrpcService (GrpcService.java:closeImpl(155)) - 23e9bf69-29f9-4f77-ab56-6ec336a98fa3: shutdown server with port 39841 now
2019-08-29 09:09:27,180 [ForkJoinPool.commonPool-worker-0] INFO  server.GrpcService (GrpcService.java:closeImpl(155)) - 88078711-0cd2-4a5e-bf0e-90a5498792e5: shutdown server with port 39538 now
2019-08-29 09:09:27,180 [main] INFO  server.GrpcService (GrpcService.java:closeImpl(163)) - 23e9bf69-29f9-4f77-ab56-6ec336a98fa3: shutdown server with port 39841 successfully
2019-08-29 09:09:27,180 [ForkJoinPool.commonPool-worker-0] INFO  server.GrpcService (GrpcService.java:closeImpl(163)) - 88078711-0cd2-4a5e-bf0e-90a5498792e5: shutdown server with port 39538 successfully
2019-08-29 09:09:27,184 [refreshUsed-/workdir/hadoop-ozone/integration-test/target/test-dir/MiniOzoneClusterImpl-1c352198-1c3a-44ed-b4f2-463a1ec9c860/datanode-3/data/containers] WARN  fs.CachingGetSpaceUsed (CachingGetSpaceUsed.java:run(183)) - Thread Interrupted waiting to refresh disk information: sleep interrupted
2019-08-29 09:09:27,185 [refreshUsed-/workdir/hadoop-ozone/integration-test/target/test-dir/MiniOzoneClusterImpl-1c352198-1c3a-44ed-b4f2-463a1ec9c860/datanode-2/data/containers] WARN  fs.CachingGetSpaceUsed (CachingGetSpaceUsed.java:run(183)) - Thread Interrupted waiting to refresh disk information: sleep interrupted
2019-08-29 09:09:27,201 [ForkJoinPool.commonPool-worker-0] INFO  utils.BackgroundService (BackgroundService.java:shutdown(148)) - Shutting down service BlockDeletingService
2019-08-29 09:09:27,205 [ForkJoinPool.commonPool-worker-0] INFO  statemachine.DatanodeStateMachine (DatanodeStateMachine.java:stopDaemon(395)) - Ozone container server stopped.
2019-08-29 09:09:27,207 [main] INFO  utils.BackgroundService (BackgroundService.java:shutdown(148)) - Shutting down service BlockDeletingService
2019-08-29 09:09:27,215 [main] INFO  statemachine.DatanodeStateMachine (DatanodeStateMachine.java:stopDaemon(395)) - Ozone container server stopped.
2019-08-29 09:09:27,218 [ForkJoinPool.commonPool-worker-0] INFO  handler.ContextHandler (ContextHandler.java:doStop(910)) - Stopped o.e.j.w.WebAppContext@166b11e{/,null,UNAVAILABLE}{/hddsDatanode}
2019-08-29 09:09:27,218 [main] INFO  handler.ContextHandler (ContextHandler.java:doStop(910)) - Stopped o.e.j.w.WebAppContext@7bede4ea{/,null,UNAVAILABLE}{/hddsDatanode}
2019-08-29 09:09:27,219 [ForkJoinPool.commonPool-worker-0] INFO  server.AbstractConnector (AbstractConnector.java:doStop(318)) - Stopped ServerConnector@5e68be2{HTTP/1.1,[http/1.1]}{0.0.0.0:0}
2019-08-29 09:09:27,220 [main] INFO  server.AbstractConnector (AbstractConnector.java:doStop(318)) - Stopped ServerConnector@713999c2{HTTP/1.1,[http/1.1]}{0.0.0.0:0}
2019-08-29 09:09:27,220 [ForkJoinPool.commonPool-worker-0] INFO  handler.ContextHandler (ContextHandler.java:doStop(910)) - Stopped o.e.j.s.ServletContextHandler@2f4d01b6{/static,jar:file:/home/user/.m2/repository/org/apache/hadoop/hadoop-hdds-container-service/0.5.0-SNAPSHOT/hadoop-hdds-container-service-0.5.0-SNAPSHOT.jar!/webapps/static,UNAVAILABLE}
2019-08-29 09:09:27,220 [main] INFO  handler.ContextHandler (ContextHandler.java:doStop(910)) - Stopped o.e.j.s.ServletContextHandler@2ccc9681{/static,jar:file:/home/user/.m2/repository/org/apache/hadoop/hadoop-hdds-container-service/0.5.0-SNAPSHOT/hadoop-hdds-container-service-0.5.0-SNAPSHOT.jar!/webapps/static,UNAVAILABLE}
2019-08-29 09:09:27,221 [main] INFO  handler.ContextHandler (ContextHandler.java:doStop(910)) - Stopped o.e.j.s.ServletContextHandler@48dff674{/logs,file:///workdir/hadoop-ozone/integration-test/target/log,UNAVAILABLE}
2019-08-29 09:09:27,222 [ForkJoinPool.commonPool-worker-0] INFO  handler.ContextHandler (ContextHandler.java:doStop(910)) - Stopped o.e.j.s.ServletContextHandler@6fb0261e{/logs,file:///workdir/hadoop-ozone/integration-test/target/log,UNAVAILABLE}
2019-08-29 09:09:27,517 [Datanode State Machine Thread - 0] INFO  statemachine.DatanodeStateMachine (DatanodeStateMachine.java:lambda$startDaemon$0(350)) - Ozone container server started.
2019-08-29 09:09:28,041 [Datanode State Machine Thread - 0] INFO  statemachine.DatanodeStateMachine (DatanodeStateMachine.java:lambda$startDaemon$0(350)) - Ozone container server started.
2019-08-29 09:09:28,042 | INFO  | SCMAudit | user=jenkins1000 | ip=192.168.69.87 | op=SEND_HEARTBEAT {datanodeUUID=fb5607f7-201e-4e71-bf0f-86f0d27d217c, command=[]} | ret=SUCCESS |  
2019-08-29 09:09:29,042 | INFO  | SCMAudit | user=jenkins1000 | ip=192.168.69.87 | op=SEND_HEARTBEAT {datanodeUUID=fb5607f7-201e-4e71-bf0f-86f0d27d217c, command=[]} | ret=SUCCESS |  
2019-08-29 09:09:30,042 | INFO  | SCMAudit | user=jenkins1000 | ip=192.168.69.87 | op=SEND_HEARTBEAT {datanodeUUID=fb5607f7-201e-4e71-bf0f-86f0d27d217c, command=[]} | ret=SUCCESS |  
2019-08-29 09:09:30,632 [Thread-3878] INFO  impl.FollowerState (FollowerState.java:run(106)) - e43a4404-c45a-4334-ab7d-c37c6cf2c676:group-D64D69ED8B91 changes to CANDIDATE, lastRpcTime:8756, electionTimeout:5184ms
2019-08-29 09:09:30,633 [Thread-3878] INFO  impl.RoleInfo (RoleInfo.java:shutdownFollowerState(121)) - e43a4404-c45a-4334-ab7d-c37c6cf2c676: shutdown FollowerState
2019-08-29 09:09:30,633 [Thread-3878] INFO  impl.RaftServerImpl (RaftServerImpl.java:setRole(171)) - e43a4404-c45a-4334-ab7d-c37c6cf2c676:group-D64D69ED8B91 changes role from FOLLOWER to CANDIDATE at term 1 for changeToCandidate
2019-08-29 09:09:30,633 [Thread-3878] INFO  impl.RoleInfo (RoleInfo.java:updateAndGet(143)) - e43a4404-c45a-4334-ab7d-c37c6cf2c676: start LeaderElection
2019-08-29 09:09:30,634 [e43a4404-c45a-4334-ab7d-c37c6cf2c676:group-D64D69ED8B91:LeaderElection86] INFO  impl.RaftServerImpl (ServerState.java:setLeader(263)) - e43a4404-c45a-4334-ab7d-c37c6cf2c676:group-D64D69ED8B91 change Leader from c22f91f7-68fa-46ec-983b-e4afd2d3623d to null at term 1 for initElection
2019-08-29 09:09:30,658 [e43a4404-c45a-4334-ab7d-c37c6cf2c676:group-D64D69ED8B91:LeaderElection86] INFO  impl.LeaderElection (LeaderElection.java:askForVotes(181)) - e43a4404-c45a-4334-ab7d-c37c6cf2c676:group-D64D69ED8B91:LeaderElection86: begin an election at term 2 for 0: [88078711-0cd2-4a5e-bf0e-90a5498792e5:192.168.69.87:39538, e43a4404-c45a-4334-ab7d-c37c6cf2c676:192.168.69.87:36119, c22f91f7-68fa-46ec-983b-e4afd2d3623d:192.168.69.87:37396], old=null
2019-08-29 09:09:30,661 [e43a4404-c45a-4334-ab7d-c37c6cf2c676:group-D64D69ED8B91:LeaderElection86] INFO  impl.LeaderElection (LogUtils.java:infoOrTrace(149)) - e43a4404-c45a-4334-ab7d-c37c6cf2c676:group-D64D69ED8B91:LeaderElection86 got exception when requesting votes: {}
java.util.concurrent.ExecutionException: org.apache.ratis.thirdparty.io.grpc.StatusRuntimeException: UNAVAILABLE: io exception
	at java.util.concurrent.FutureTask.report(FutureTask.java:122)
	at java.util.concurrent.FutureTask.get(FutureTask.java:192)
	at org.apache.ratis.server.impl.LeaderElection.waitForResults(LeaderElection.java:262)
	at org.apache.ratis.server.impl.LeaderElection.askForVotes(LeaderElection.java:200)
	at org.apache.ratis.server.impl.LeaderElection.run(LeaderElection.java:130)
	at java.lang.Thread.run(Thread.java:748)
Caused by: org.apache.ratis.thirdparty.io.grpc.StatusRuntimeException: UNAVAILABLE: io exception
	at org.apache.ratis.thirdparty.io.grpc.stub.ClientCalls.toStatusRuntimeException(ClientCalls.java:233)
	at org.apache.ratis.thirdparty.io.grpc.stub.ClientCalls.getUnchecked(ClientCalls.java:214)
	at org.apache.ratis.thirdparty.io.grpc.stub.ClientCalls.blockingUnaryCall(ClientCalls.java:139)
	at org.apache.ratis.proto.grpc.RaftServerProtocolServiceGrpc$RaftServerProtocolServiceBlockingStub.requestVote(RaftServerProtocolServiceGrpc.java:265)
	at org.apache.ratis.grpc.server.GrpcServerProtocolClient.requestVote(GrpcServerProtocolClient.java:83)
	at org.apache.ratis.grpc.server.GrpcService.requestVote(GrpcService.java:195)
	at org.apache.ratis.server.impl.LeaderElection.lambda$submitRequests$1(LeaderElection.java:237)
	at java.util.concurrent.FutureTask.run(FutureTask.java:266)
	at java.util.concurrent.Executors$RunnableAdapter.call(Executors.java:511)
	at java.util.concurrent.FutureTask.run(FutureTask.java:266)
	at java.util.concurrent.ThreadPoolExecutor.runWorker(ThreadPoolExecutor.java:1149)
	at java.util.concurrent.ThreadPoolExecutor$Worker.run(ThreadPoolExecutor.java:624)
	... 1 more
Caused by: org.apache.ratis.thirdparty.io.netty.channel.AbstractChannel$AnnotatedConnectException: Connection refused: /192.168.69.87:37396
	at sun.nio.ch.SocketChannelImpl.checkConnect(Native Method)
	at sun.nio.ch.SocketChannelImpl.finishConnect(SocketChannelImpl.java:717)
	at org.apache.ratis.thirdparty.io.netty.channel.socket.nio.NioSocketChannel.doFinishConnect(NioSocketChannel.java:327)
	at org.apache.ratis.thirdparty.io.netty.channel.nio.AbstractNioChannel$AbstractNioUnsafe.finishConnect(AbstractNioChannel.java:340)
	at org.apache.ratis.thirdparty.io.netty.channel.nio.NioEventLoop.processSelectedKey(NioEventLoop.java:632)
	at org.apache.ratis.thirdparty.io.netty.channel.nio.NioEventLoop.processSelectedKeysOptimized(NioEventLoop.java:579)
	at org.apache.ratis.thirdparty.io.netty.channel.nio.NioEventLoop.processSelectedKeys(NioEventLoop.java:496)
	at org.apache.ratis.thirdparty.io.netty.channel.nio.NioEventLoop.run(NioEventLoop.java:458)
	at org.apache.ratis.thirdparty.io.netty.util.concurrent.SingleThreadEventExecutor$5.run(SingleThreadEventExecutor.java:897)
	at org.apache.ratis.thirdparty.io.netty.util.concurrent.FastThreadLocalRunnable.run(FastThreadLocalRunnable.java:30)
	... 1 more
Caused by: java.net.ConnectException: Connection refused
	... 11 more
2019-08-29 09:09:30,664 [e43a4404-c45a-4334-ab7d-c37c6cf2c676:group-D64D69ED8B91:LeaderElection86] INFO  impl.LeaderElection (LogUtils.java:infoOrTrace(149)) - e43a4404-c45a-4334-ab7d-c37c6cf2c676:group-D64D69ED8B91:LeaderElection86 got exception when requesting votes: {}
java.util.concurrent.ExecutionException: org.apache.ratis.thirdparty.io.grpc.StatusRuntimeException: UNAVAILABLE: io exception
	at java.util.concurrent.FutureTask.report(FutureTask.java:122)
	at java.util.concurrent.FutureTask.get(FutureTask.java:192)
	at org.apache.ratis.server.impl.LeaderElection.waitForResults(LeaderElection.java:262)
	at org.apache.ratis.server.impl.LeaderElection.askForVotes(LeaderElection.java:200)
	at org.apache.ratis.server.impl.LeaderElection.run(LeaderElection.java:130)
	at java.lang.Thread.run(Thread.java:748)
Caused by: org.apache.ratis.thirdparty.io.grpc.StatusRuntimeException: UNAVAILABLE: io exception
	at org.apache.ratis.thirdparty.io.grpc.stub.ClientCalls.toStatusRuntimeException(ClientCalls.java:233)
	at org.apache.ratis.thirdparty.io.grpc.stub.ClientCalls.getUnchecked(ClientCalls.java:214)
	at org.apache.ratis.thirdparty.io.grpc.stub.ClientCalls.blockingUnaryCall(ClientCalls.java:139)
	at org.apache.ratis.proto.grpc.RaftServerProtocolServiceGrpc$RaftServerProtocolServiceBlockingStub.requestVote(RaftServerProtocolServiceGrpc.java:265)
	at org.apache.ratis.grpc.server.GrpcServerProtocolClient.requestVote(GrpcServerProtocolClient.java:83)
	at org.apache.ratis.grpc.server.GrpcService.requestVote(GrpcService.java:195)
	at org.apache.ratis.server.impl.LeaderElection.lambda$submitRequests$1(LeaderElection.java:237)
	at java.util.concurrent.FutureTask.run(FutureTask.java:266)
	at java.util.concurrent.Executors$RunnableAdapter.call(Executors.java:511)
	at java.util.concurrent.FutureTask.run(FutureTask.java:266)
	at java.util.concurrent.ThreadPoolExecutor.runWorker(ThreadPoolExecutor.java:1149)
	at java.util.concurrent.ThreadPoolExecutor$Worker.run(ThreadPoolExecutor.java:624)
	... 1 more
Caused by: org.apache.ratis.thirdparty.io.netty.channel.AbstractChannel$AnnotatedConnectException: Connection refused: /192.168.69.87:39538
	at sun.nio.ch.SocketChannelImpl.checkConnect(Native Method)
	at sun.nio.ch.SocketChannelImpl.finishConnect(SocketChannelImpl.java:717)
	at org.apache.ratis.thirdparty.io.netty.channel.socket.nio.NioSocketChannel.doFinishConnect(NioSocketChannel.java:327)
	at org.apache.ratis.thirdparty.io.netty.channel.nio.AbstractNioChannel$AbstractNioUnsafe.finishConnect(AbstractNioChannel.java:340)
	at org.apache.ratis.thirdparty.io.netty.channel.nio.NioEventLoop.processSelectedKey(NioEventLoop.java:632)
	at org.apache.ratis.thirdparty.io.netty.channel.nio.NioEventLoop.processSelectedKeysOptimized(NioEventLoop.java:579)
	at org.apache.ratis.thirdparty.io.netty.channel.nio.NioEventLoop.processSelectedKeys(NioEventLoop.java:496)
	at org.apache.ratis.thirdparty.io.netty.channel.nio.NioEventLoop.run(NioEventLoop.java:458)
	at org.apache.ratis.thirdparty.io.netty.util.concurrent.SingleThreadEventExecutor$5.run(SingleThreadEventExecutor.java:897)
	at org.apache.ratis.thirdparty.io.netty.util.concurrent.FastThreadLocalRunnable.run(FastThreadLocalRunnable.java:30)
	... 1 more
Caused by: java.net.ConnectException: Connection refused
	... 11 more
2019-08-29 09:09:30,666 [e43a4404-c45a-4334-ab7d-c37c6cf2c676:group-D64D69ED8B91:LeaderElection86] INFO  impl.LeaderElection (LeaderElection.java:logAndReturn(56)) - e43a4404-c45a-4334-ab7d-c37c6cf2c676:group-D64D69ED8B91:LeaderElection86: Election REJECTED; received 0 response(s) [] and 2 exception(s); e43a4404-c45a-4334-ab7d-c37c6cf2c676:t2, leader=null, voted=e43a4404-c45a-4334-ab7d-c37c6cf2c676, raftlog=e43a4404-c45a-4334-ab7d-c37c6cf2c676-SegmentedRaftLog:OPENED:c5,f5,i5, conf=0: [88078711-0cd2-4a5e-bf0e-90a5498792e5:192.168.69.87:39538, e43a4404-c45a-4334-ab7d-c37c6cf2c676:192.168.69.87:36119, c22f91f7-68fa-46ec-983b-e4afd2d3623d:192.168.69.87:37396], old=null
2019-08-29 09:09:30,666 [e43a4404-c45a-4334-ab7d-c37c6cf2c676:group-D64D69ED8B91:LeaderElection86] INFO  impl.LeaderElection (LogUtils.java:infoOrTrace(149)) -   Exception 0: {}
java.util.concurrent.ExecutionException: org.apache.ratis.thirdparty.io.grpc.StatusRuntimeException: UNAVAILABLE: io exception
	at java.util.concurrent.FutureTask.report(FutureTask.java:122)
	at java.util.concurrent.FutureTask.get(FutureTask.java:192)
	at org.apache.ratis.server.impl.LeaderElection.waitForResults(LeaderElection.java:262)
	at org.apache.ratis.server.impl.LeaderElection.askForVotes(LeaderElection.java:200)
	at org.apache.ratis.server.impl.LeaderElection.run(LeaderElection.java:130)
	at java.lang.Thread.run(Thread.java:748)
Caused by: org.apache.ratis.thirdparty.io.grpc.StatusRuntimeException: UNAVAILABLE: io exception
	at org.apache.ratis.thirdparty.io.grpc.stub.ClientCalls.toStatusRuntimeException(ClientCalls.java:233)
	at org.apache.ratis.thirdparty.io.grpc.stub.ClientCalls.getUnchecked(ClientCalls.java:214)
	at org.apache.ratis.thirdparty.io.grpc.stub.ClientCalls.blockingUnaryCall(ClientCalls.java:139)
	at org.apache.ratis.proto.grpc.RaftServerProtocolServiceGrpc$RaftServerProtocolServiceBlockingStub.requestVote(RaftServerProtocolServiceGrpc.java:265)
	at org.apache.ratis.grpc.server.GrpcServerProtocolClient.requestVote(GrpcServerProtocolClient.java:83)
	at org.apache.ratis.grpc.server.GrpcService.requestVote(GrpcService.java:195)
	at org.apache.ratis.server.impl.LeaderElection.lambda$submitRequests$1(LeaderElection.java:237)
	at java.util.concurrent.FutureTask.run(FutureTask.java:266)
	at java.util.concurrent.Executors$RunnableAdapter.call(Executors.java:511)
	at java.util.concurrent.FutureTask.run(FutureTask.java:266)
	at java.util.concurrent.ThreadPoolExecutor.runWorker(ThreadPoolExecutor.java:1149)
	at java.util.concurrent.ThreadPoolExecutor$Worker.run(ThreadPoolExecutor.java:624)
	... 1 more
Caused by: org.apache.ratis.thirdparty.io.netty.channel.AbstractChannel$AnnotatedConnectException: Connection refused: /192.168.69.87:37396
	at sun.nio.ch.SocketChannelImpl.checkConnect(Native Method)
	at sun.nio.ch.SocketChannelImpl.finishConnect(SocketChannelImpl.java:717)
	at org.apache.ratis.thirdparty.io.netty.channel.socket.nio.NioSocketChannel.doFinishConnect(NioSocketChannel.java:327)
	at org.apache.ratis.thirdparty.io.netty.channel.nio.AbstractNioChannel$AbstractNioUnsafe.finishConnect(AbstractNioChannel.java:340)
	at org.apache.ratis.thirdparty.io.netty.channel.nio.NioEventLoop.processSelectedKey(NioEventLoop.java:632)
	at org.apache.ratis.thirdparty.io.netty.channel.nio.NioEventLoop.processSelectedKeysOptimized(NioEventLoop.java:579)
	at org.apache.ratis.thirdparty.io.netty.channel.nio.NioEventLoop.processSelectedKeys(NioEventLoop.java:496)
	at org.apache.ratis.thirdparty.io.netty.channel.nio.NioEventLoop.run(NioEventLoop.java:458)
	at org.apache.ratis.thirdparty.io.netty.util.concurrent.SingleThreadEventExecutor$5.run(SingleThreadEventExecutor.java:897)
	at org.apache.ratis.thirdparty.io.netty.util.concurrent.FastThreadLocalRunnable.run(FastThreadLocalRunnable.java:30)
	... 1 more
Caused by: java.net.ConnectException: Connection refused
	... 11 more
2019-08-29 09:09:30,667 [e43a4404-c45a-4334-ab7d-c37c6cf2c676:group-D64D69ED8B91:LeaderElection86] INFO  impl.LeaderElection (LogUtils.java:infoOrTrace(149)) -   Exception 1: {}
java.util.concurrent.ExecutionException: org.apache.ratis.thirdparty.io.grpc.StatusRuntimeException: UNAVAILABLE: io exception
	at java.util.concurrent.FutureTask.report(FutureTask.java:122)
	at java.util.concurrent.FutureTask.get(FutureTask.java:192)
	at org.apache.ratis.server.impl.LeaderElection.waitForResults(LeaderElection.java:262)
	at org.apache.ratis.server.impl.LeaderElection.askForVotes(LeaderElection.java:200)
	at org.apache.ratis.server.impl.LeaderElection.run(LeaderElection.java:130)
	at java.lang.Thread.run(Thread.java:748)
Caused by: org.apache.ratis.thirdparty.io.grpc.StatusRuntimeException: UNAVAILABLE: io exception
	at org.apache.ratis.thirdparty.io.grpc.stub.ClientCalls.toStatusRuntimeException(ClientCalls.java:233)
	at org.apache.ratis.thirdparty.io.grpc.stub.ClientCalls.getUnchecked(ClientCalls.java:214)
	at org.apache.ratis.thirdparty.io.grpc.stub.ClientCalls.blockingUnaryCall(ClientCalls.java:139)
	at org.apache.ratis.proto.grpc.RaftServerProtocolServiceGrpc$RaftServerProtocolServiceBlockingStub.requestVote(RaftServerProtocolServiceGrpc.java:265)
	at org.apache.ratis.grpc.server.GrpcServerProtocolClient.requestVote(GrpcServerProtocolClient.java:83)
	at org.apache.ratis.grpc.server.GrpcService.requestVote(GrpcService.java:195)
	at org.apache.ratis.server.impl.LeaderElection.lambda$submitRequests$1(LeaderElection.java:237)
	at java.util.concurrent.FutureTask.run(FutureTask.java:266)
	at java.util.concurrent.Executors$RunnableAdapter.call(Executors.java:511)
	at java.util.concurrent.FutureTask.run(FutureTask.java:266)
	at java.util.concurrent.ThreadPoolExecutor.runWorker(ThreadPoolExecutor.java:1149)
	at java.util.concurrent.ThreadPoolExecutor$Worker.run(ThreadPoolExecutor.java:624)
	... 1 more
Caused by: org.apache.ratis.thirdparty.io.netty.channel.AbstractChannel$AnnotatedConnectException: Connection refused: /192.168.69.87:39538
	at sun.nio.ch.SocketChannelImpl.checkConnect(Native Method)
	at sun.nio.ch.SocketChannelImpl.finishConnect(SocketChannelImpl.java:717)
	at org.apache.ratis.thirdparty.io.netty.channel.socket.nio.NioSocketChannel.doFinishConnect(NioSocketChannel.java:327)
	at org.apache.ratis.thirdparty.io.netty.channel.nio.AbstractNioChannel$AbstractNioUnsafe.finishConnect(AbstractNioChannel.java:340)
	at org.apache.ratis.thirdparty.io.netty.channel.nio.NioEventLoop.processSelectedKey(NioEventLoop.java:632)
	at org.apache.ratis.thirdparty.io.netty.channel.nio.NioEventLoop.processSelectedKeysOptimized(NioEventLoop.java:579)
	at org.apache.ratis.thirdparty.io.netty.channel.nio.NioEventLoop.processSelectedKeys(NioEventLoop.java:496)
	at org.apache.ratis.thirdparty.io.netty.channel.nio.NioEventLoop.run(NioEventLoop.java:458)
	at org.apache.ratis.thirdparty.io.netty.util.concurrent.SingleThreadEventExecutor$5.run(SingleThreadEventExecutor.java:897)
	at org.apache.ratis.thirdparty.io.netty.util.concurrent.FastThreadLocalRunnable.run(FastThreadLocalRunnable.java:30)
	... 1 more
Caused by: java.net.ConnectException: Connection refused
	... 11 more
2019-08-29 09:09:30,667 [e43a4404-c45a-4334-ab7d-c37c6cf2c676:group-D64D69ED8B91:LeaderElection86] INFO  impl.RaftServerImpl (RaftServerImpl.java:setRole(171)) - e43a4404-c45a-4334-ab7d-c37c6cf2c676:group-D64D69ED8B91 changes role from CANDIDATE to FOLLOWER at term 2 for DISCOVERED_A_NEW_TERM
2019-08-29 09:09:30,668 [e43a4404-c45a-4334-ab7d-c37c6cf2c676:group-D64D69ED8B91:LeaderElection86] INFO  impl.RoleInfo (RoleInfo.java:shutdownLeaderElection(134)) - e43a4404-c45a-4334-ab7d-c37c6cf2c676: shutdown LeaderElection
2019-08-29 09:09:30,668 [e43a4404-c45a-4334-ab7d-c37c6cf2c676:group-D64D69ED8B91:LeaderElection86] INFO  impl.RoleInfo (RoleInfo.java:updateAndGet(143)) - e43a4404-c45a-4334-ab7d-c37c6cf2c676: start FollowerState
2019-08-29 09:09:31,043 | INFO  | SCMAudit | user=jenkins1000 | ip=192.168.69.87 | op=SEND_HEARTBEAT {datanodeUUID=fb5607f7-201e-4e71-bf0f-86f0d27d217c, command=[]} | ret=SUCCESS |  
2019-08-29 09:09:31,565 [EventQueue-StaleNodeForStaleNodeHandler] INFO  node.StaleNodeHandler (StaleNodeHandler.java:onMessage(58)) - Datanode 7cbc575c-4b46-452e-9bb8-421b9d270bb5{ip: 192.168.69.87, host: pr-hdds-1935-5tjgs-3847141534, networkLocation: /default-rack, certSerialId: null} moved to stale state. Finalizing its pipelines [PipelineID=a589c81b-1c41-47f9-9d34-29db894e6f8b]
2019-08-29 09:09:31,565 [EventQueue-StaleNodeForStaleNodeHandler] INFO  pipeline.SCMPipelineManager (SCMPipelineManager.java:finalizeAndDestroyPipeline(309)) - destroying pipeline:Pipeline[ Id: a589c81b-1c41-47f9-9d34-29db894e6f8b, Nodes: 7cbc575c-4b46-452e-9bb8-421b9d270bb5{ip: 192.168.69.87, host: pr-hdds-1935-5tjgs-3847141534, networkLocation: /default-rack, certSerialId: null}, Type:RATIS, Factor:ONE, State:OPEN]
2019-08-29 09:09:31,565 [EventQueue-StaleNodeForStaleNodeHandler] INFO  pipeline.PipelineStateManager (PipelineStateManager.java:finalizePipeline(123)) - Pipeline Pipeline[ Id: a589c81b-1c41-47f9-9d34-29db894e6f8b, Nodes: 7cbc575c-4b46-452e-9bb8-421b9d270bb5{ip: 192.168.69.87, host: pr-hdds-1935-5tjgs-3847141534, networkLocation: /default-rack, certSerialId: null}, Type:RATIS, Factor:ONE, State:CLOSED] moved to CLOSED state
2019-08-29 09:09:32,044 | INFO  | SCMAudit | user=jenkins1000 | ip=192.168.69.87 | op=SEND_HEARTBEAT {datanodeUUID=fb5607f7-201e-4e71-bf0f-86f0d27d217c, command=[]} | ret=SUCCESS |  
2019-08-29 09:09:32,065 [EventQueue-StaleNodeForStaleNodeHandler] INFO  node.StaleNodeHandler (StaleNodeHandler.java:onMessage(58)) - Datanode e43a4404-c45a-4334-ab7d-c37c6cf2c676{ip: 192.168.69.87, host: pr-hdds-1935-5tjgs-3847141534, networkLocation: /default-rack, certSerialId: null} moved to stale state. Finalizing its pipelines [PipelineID=6e0ada60-03b9-4b45-8bf3-d64d69ed8b91, PipelineID=18abddaf-63e5-4f51-a44d-2c7d1085a68a]
2019-08-29 09:09:32,065 [EventQueue-StaleNodeForStaleNodeHandler] INFO  pipeline.SCMPipelineManager (SCMPipelineManager.java:finalizeAndDestroyPipeline(309)) - destroying pipeline:Pipeline[ Id: 6e0ada60-03b9-4b45-8bf3-d64d69ed8b91, Nodes: 88078711-0cd2-4a5e-bf0e-90a5498792e5{ip: 192.168.69.87, host: pr-hdds-1935-5tjgs-3847141534, networkLocation: /default-rack, certSerialId: null}c22f91f7-68fa-46ec-983b-e4afd2d3623d{ip: 192.168.69.87, host: pr-hdds-1935-5tjgs-3847141534, networkLocation: /default-rack, certSerialId: null}e43a4404-c45a-4334-ab7d-c37c6cf2c676{ip: 192.168.69.87, host: pr-hdds-1935-5tjgs-3847141534, networkLocation: /default-rack, certSerialId: null}, Type:RATIS, Factor:THREE, State:CLOSED]
2019-08-29 09:09:32,066 [EventQueue-StaleNodeForStaleNodeHandler] INFO  pipeline.SCMPipelineManager (SCMPipelineManager.java:finalizeAndDestroyPipeline(309)) - destroying pipeline:Pipeline[ Id: 18abddaf-63e5-4f51-a44d-2c7d1085a68a, Nodes: e43a4404-c45a-4334-ab7d-c37c6cf2c676{ip: 192.168.69.87, host: pr-hdds-1935-5tjgs-3847141534, networkLocation: /default-rack, certSerialId: null}, Type:RATIS, Factor:ONE, State:OPEN]
2019-08-29 09:09:32,066 [EventQueue-StaleNodeForStaleNodeHandler] INFO  pipeline.PipelineStateManager (PipelineStateManager.java:finalizePipeline(123)) - Pipeline Pipeline[ Id: 18abddaf-63e5-4f51-a44d-2c7d1085a68a, Nodes: e43a4404-c45a-4334-ab7d-c37c6cf2c676{ip: 192.168.69.87, host: pr-hdds-1935-5tjgs-3847141534, networkLocation: /default-rack, certSerialId: null}, Type:RATIS, Factor:ONE, State:CLOSED] moved to CLOSED state
2019-08-29 09:09:32,224 [main] INFO  ozoneimpl.OzoneContainer (OzoneContainer.java:stop(215)) - Attempting to stop container services.
2019-08-29 09:09:32,224 [ForkJoinPool.commonPool-worker-0] INFO  ozoneimpl.OzoneContainer (OzoneContainer.java:stop(215)) - Attempting to stop container services.
2019-08-29 09:09:32,225 [main] INFO  impl.RaftServerProxy (RaftServerProxy.java:lambda$close$4(314)) - e43a4404-c45a-4334-ab7d-c37c6cf2c676: close
2019-08-29 09:09:32,225 [ForkJoinPool.commonPool-worker-0] INFO  impl.RaftServerProxy (RaftServerProxy.java:lambda$close$4(314)) - 7cbc575c-4b46-452e-9bb8-421b9d270bb5: close
2019-08-29 09:09:32,225 [main] INFO  impl.RaftServerImpl (RaftServerImpl.java:lambda$shutdown$3(245)) - e43a4404-c45a-4334-ab7d-c37c6cf2c676: shutdown group-D64D69ED8B91
2019-08-29 09:09:32,225 [ForkJoinPool.commonPool-worker-0] INFO  impl.RaftServerImpl (RaftServerImpl.java:lambda$shutdown$3(245)) - 7cbc575c-4b46-452e-9bb8-421b9d270bb5: shutdown group-29DB894E6F8B
2019-08-29 09:09:32,226 [main] INFO  util.JmxRegister (JmxRegister.java:unregister(73)) - Successfully un-registered JMX Bean with object name Ratis:service=RaftServer,group=group-D64D69ED8B91,id=e43a4404-c45a-4334-ab7d-c37c6cf2c676
2019-08-29 09:09:32,226 [ForkJoinPool.commonPool-worker-0] INFO  util.JmxRegister (JmxRegister.java:unregister(73)) - Successfully un-registered JMX Bean with object name Ratis:service=RaftServer,group=group-29DB894E6F8B,id=7cbc575c-4b46-452e-9bb8-421b9d270bb5
2019-08-29 09:09:32,226 [main] INFO  impl.RoleInfo (RoleInfo.java:shutdownFollowerState(121)) - e43a4404-c45a-4334-ab7d-c37c6cf2c676: shutdown FollowerState
2019-08-29 09:09:32,227 [ForkJoinPool.commonPool-worker-0] INFO  impl.RoleInfo (RoleInfo.java:shutdownLeaderState(104)) - 7cbc575c-4b46-452e-9bb8-421b9d270bb5: shutdown LeaderState
2019-08-29 09:09:32,227 [StateMachineUpdater:e43a4404-c45a-4334-ab7d-c37c6cf2c676:group-D64D69ED8B91] INFO  ratis.ContainerStateMachine (ContainerStateMachine.java:takeSnapshot(284)) - group-D64D69ED8B91: Taking a snapshot at:(t:1, i:4) file /workdir/hadoop-ozone/integration-test/target/test-dir/MiniOzoneClusterImpl-1c352198-1c3a-44ed-b4f2-463a1ec9c860/datanode-6/data/ratis/6e0ada60-03b9-4b45-8bf3-d64d69ed8b91/sm/snapshot.1_4
2019-08-29 09:09:32,227 [Thread-4014] INFO  impl.FollowerState (FollowerState.java:run(114)) - e43a4404-c45a-4334-ab7d-c37c6cf2c676: FollowerState was interrupted: java.lang.InterruptedException: sleep interrupted
2019-08-29 09:09:32,227 [main] INFO  impl.StateMachineUpdater (StateMachineUpdater.java:stopAndJoin(115)) - StateMachineUpdater:e43a4404-c45a-4334-ab7d-c37c6cf2c676:group-D64D69ED8B91: set stopIndex = 5
2019-08-29 09:09:32,227 [ForkJoinPool.commonPool-worker-0] INFO  impl.PendingRequests (PendingRequests.java:sendNotLeaderResponses(202)) - 7cbc575c-4b46-452e-9bb8-421b9d270bb5-PendingRequests: sendNotLeaderResponses
2019-08-29 09:09:32,231 [ForkJoinPool.commonPool-worker-0] INFO  impl.StateMachineUpdater (StateMachineUpdater.java:stopAndJoin(115)) - StateMachineUpdater:7cbc575c-4b46-452e-9bb8-421b9d270bb5:group-29DB894E6F8B: set stopIndex = 0
2019-08-29 09:09:32,231 [ForkJoinPool.commonPool-worker-0] INFO  impl.RaftServerImpl (ServerState.java:close(394)) - 7cbc575c-4b46-452e-9bb8-421b9d270bb5:group-29DB894E6F8B closes. The last applied log index is 0
2019-08-29 09:09:32,231 [7cbc575c-4b46-452e-9bb8-421b9d270bb5-SegmentedRaftLogWorker:Storage Directory /workdir/hadoop-ozone/integration-test/target/test-dir/MiniOzoneClusterImpl-1c352198-1c3a-44ed-b4f2-463a1ec9c860/datanode-0/data/ratis/a589c81b-1c41-47f9-9d34-29db894e6f8b] INFO  segmented.SegmentedRaftLogWorker (SegmentedRaftLogWorker.java:run(313)) - 7cbc575c-4b46-452e-9bb8-421b9d270bb5-SegmentedRaftLogWorker:Storage Directory /workdir/hadoop-ozone/integration-test/target/test-dir/MiniOzoneClusterImpl-1c352198-1c3a-44ed-b4f2-463a1ec9c860/datanode-0/data/ratis/a589c81b-1c41-47f9-9d34-29db894e6f8b was interrupted, exiting. There are 0 tasks remaining in the queue.
2019-08-29 09:09:32,232 [ForkJoinPool.commonPool-worker-0] INFO  segmented.SegmentedRaftLogWorker (SegmentedRaftLogWorker.java:close(228)) - 7cbc575c-4b46-452e-9bb8-421b9d270bb5-SegmentedRaftLogWorker:Storage Directory /workdir/hadoop-ozone/integration-test/target/test-dir/MiniOzoneClusterImpl-1c352198-1c3a-44ed-b4f2-463a1ec9c860/datanode-0/data/ratis/a589c81b-1c41-47f9-9d34-29db894e6f8b close()
2019-08-29 09:09:32,233 [ForkJoinPool.commonPool-worker-0] INFO  server.GrpcService (GrpcService.java:closeImpl(155)) - 7cbc575c-4b46-452e-9bb8-421b9d270bb5: shutdown server with port 37303 now
2019-08-29 09:09:32,235 [ForkJoinPool.commonPool-worker-0] INFO  server.GrpcService (GrpcService.java:closeImpl(163)) - 7cbc575c-4b46-452e-9bb8-421b9d270bb5: shutdown server with port 37303 successfully
2019-08-29 09:09:32,245 [refreshUsed-/workdir/hadoop-ozone/integration-test/target/test-dir/MiniOzoneClusterImpl-1c352198-1c3a-44ed-b4f2-463a1ec9c860/datanode-0/data/containers] WARN  fs.CachingGetSpaceUsed (CachingGetSpaceUsed.java:run(183)) - Thread Interrupted waiting to refresh disk information: sleep interrupted
2019-08-29 09:09:32,253 [StateMachineUpdater:e43a4404-c45a-4334-ab7d-c37c6cf2c676:group-D64D69ED8B91] INFO  ratis.ContainerStateMachine (ContainerStateMachine.java:takeSnapshot(295)) - group-D64D69ED8B91: Finished taking a snapshot at:(t:1, i:4) file:/workdir/hadoop-ozone/integration-test/target/test-dir/MiniOzoneClusterImpl-1c352198-1c3a-44ed-b4f2-463a1ec9c860/datanode-6/data/ratis/6e0ada60-03b9-4b45-8bf3-d64d69ed8b91/sm/snapshot.1_4 time:26
2019-08-29 09:09:32,253 [StateMachineUpdater:e43a4404-c45a-4334-ab7d-c37c6cf2c676:group-D64D69ED8B91] INFO  impl.StateMachineUpdater (StateMachineUpdater.java:takeSnapshot(242)) - StateMachineUpdater:e43a4404-c45a-4334-ab7d-c37c6cf2c676:group-D64D69ED8B91: Took a snapshot at index 4
2019-08-29 09:09:32,253 [StateMachineUpdater:e43a4404-c45a-4334-ab7d-c37c6cf2c676:group-D64D69ED8B91] INFO  impl.StateMachineUpdater (StateMachineUpdater.java:lambda$new$0(80)) - StateMachineUpdater:e43a4404-c45a-4334-ab7d-c37c6cf2c676:group-D64D69ED8B91: snapshotIndex: updateIncreasingly -1 -> 4
2019-08-29 09:09:32,254 [main] INFO  impl.RaftServerImpl (ServerState.java:close(394)) - e43a4404-c45a-4334-ab7d-c37c6cf2c676:group-D64D69ED8B91 closes. The last applied log index is 5
2019-08-29 09:09:32,254 [e43a4404-c45a-4334-ab7d-c37c6cf2c676-SegmentedRaftLogWorker:Storage Directory /workdir/hadoop-ozone/integration-test/target/test-dir/MiniOzoneClusterImpl-1c352198-1c3a-44ed-b4f2-463a1ec9c860/datanode-6/data/ratis/6e0ada60-03b9-4b45-8bf3-d64d69ed8b91] INFO  segmented.SegmentedRaftLogWorker (SegmentedRaftLogWorker.java:run(313)) - e43a4404-c45a-4334-ab7d-c37c6cf2c676-SegmentedRaftLogWorker:Storage Directory /workdir/hadoop-ozone/integration-test/target/test-dir/MiniOzoneClusterImpl-1c352198-1c3a-44ed-b4f2-463a1ec9c860/datanode-6/data/ratis/6e0ada60-03b9-4b45-8bf3-d64d69ed8b91 was interrupted, exiting. There are 0 tasks remaining in the queue.
2019-08-29 09:09:32,256 [main] INFO  segmented.SegmentedRaftLogWorker (SegmentedRaftLogWorker.java:close(228)) - e43a4404-c45a-4334-ab7d-c37c6cf2c676-SegmentedRaftLogWorker:Storage Directory /workdir/hadoop-ozone/integration-test/target/test-dir/MiniOzoneClusterImpl-1c352198-1c3a-44ed-b4f2-463a1ec9c860/datanode-6/data/ratis/6e0ada60-03b9-4b45-8bf3-d64d69ed8b91 close()
2019-08-29 09:09:32,257 [main] INFO  impl.RaftServerImpl (RaftServerImpl.java:lambda$shutdown$3(245)) - e43a4404-c45a-4334-ab7d-c37c6cf2c676: shutdown group-2C7D1085A68A
2019-08-29 09:09:32,257 [main] INFO  util.JmxRegister (JmxRegister.java:unregister(73)) - Successfully un-registered JMX Bean with object name Ratis:service=RaftServer,group=group-2C7D1085A68A,id=e43a4404-c45a-4334-ab7d-c37c6cf2c676
2019-08-29 09:09:32,258 [main] INFO  impl.RoleInfo (RoleInfo.java:shutdownLeaderState(104)) - e43a4404-c45a-4334-ab7d-c37c6cf2c676: shutdown LeaderState
2019-08-29 09:09:32,258 [main] INFO  impl.PendingRequests (PendingRequests.java:sendNotLeaderResponses(202)) - e43a4404-c45a-4334-ab7d-c37c6cf2c676-PendingRequests: sendNotLeaderResponses
2019-08-29 09:09:32,258 [main] INFO  impl.StateMachineUpdater (StateMachineUpdater.java:stopAndJoin(115)) - StateMachineUpdater:e43a4404-c45a-4334-ab7d-c37c6cf2c676:group-2C7D1085A68A: set stopIndex = 0
2019-08-29 09:09:32,259 [main] INFO  impl.RaftServerImpl (ServerState.java:close(394)) - e43a4404-c45a-4334-ab7d-c37c6cf2c676:group-2C7D1085A68A closes. The last applied log index is 0
2019-08-29 09:09:32,259 [e43a4404-c45a-4334-ab7d-c37c6cf2c676-SegmentedRaftLogWorker:Storage Directory /workdir/hadoop-ozone/integration-test/target/test-dir/MiniOzoneClusterImpl-1c352198-1c3a-44ed-b4f2-463a1ec9c860/datanode-6/data/ratis/18abddaf-63e5-4f51-a44d-2c7d1085a68a] INFO  segmented.SegmentedRaftLogWorker (SegmentedRaftLogWorker.java:run(313)) - e43a4404-c45a-4334-ab7d-c37c6cf2c676-SegmentedRaftLogWorker:Storage Directory /workdir/hadoop-ozone/integration-test/target/test-dir/MiniOzoneClusterImpl-1c352198-1c3a-44ed-b4f2-463a1ec9c860/datanode-6/data/ratis/18abddaf-63e5-4f51-a44d-2c7d1085a68a was interrupted, exiting. There are 0 tasks remaining in the queue.
2019-08-29 09:09:32,261 [main] INFO  segmented.SegmentedRaftLogWorker (SegmentedRaftLogWorker.java:close(228)) - e43a4404-c45a-4334-ab7d-c37c6cf2c676-SegmentedRaftLogWorker:Storage Directory /workdir/hadoop-ozone/integration-test/target/test-dir/MiniOzoneClusterImpl-1c352198-1c3a-44ed-b4f2-463a1ec9c860/datanode-6/data/ratis/18abddaf-63e5-4f51-a44d-2c7d1085a68a close()
2019-08-29 09:09:32,263 [main] INFO  server.GrpcService (GrpcService.java:closeImpl(155)) - e43a4404-c45a-4334-ab7d-c37c6cf2c676: shutdown server with port 36119 now
2019-08-29 09:09:32,265 [main] INFO  server.GrpcService (GrpcService.java:closeImpl(163)) - e43a4404-c45a-4334-ab7d-c37c6cf2c676: shutdown server with port 36119 successfully
2019-08-29 09:09:32,266 [ForkJoinPool.commonPool-worker-0] INFO  utils.BackgroundService (BackgroundService.java:shutdown(148)) - Shutting down service BlockDeletingService
2019-08-29 09:09:32,269 [refreshUsed-/workdir/hadoop-ozone/integration-test/target/test-dir/MiniOzoneClusterImpl-1c352198-1c3a-44ed-b4f2-463a1ec9c860/datanode-6/data/containers] WARN  fs.CachingGetSpaceUsed (CachingGetSpaceUsed.java:run(183)) - Thread Interrupted waiting to refresh disk information: sleep interrupted
2019-08-29 09:09:32,270 [ForkJoinPool.commonPool-worker-0] INFO  statemachine.DatanodeStateMachine (DatanodeStateMachine.java:stopDaemon(395)) - Ozone container server stopped.
2019-08-29 09:09:32,277 [ForkJoinPool.commonPool-worker-0] INFO  handler.ContextHandler (ContextHandler.java:doStop(910)) - Stopped o.e.j.w.WebAppContext@100bba26{/,null,UNAVAILABLE}{/hddsDatanode}
2019-08-29 09:09:32,279 [ForkJoinPool.commonPool-worker-0] INFO  server.AbstractConnector (AbstractConnector.java:doStop(318)) - Stopped ServerConnector@4ae280da{HTTP/1.1,[http/1.1]}{0.0.0.0:0}
2019-08-29 09:09:32,280 [ForkJoinPool.commonPool-worker-0] INFO  handler.ContextHandler (ContextHandler.java:doStop(910)) - Stopped o.e.j.s.ServletContextHandler@b56ec6c{/static,jar:file:/home/user/.m2/repository/org/apache/hadoop/hadoop-hdds-container-service/0.5.0-SNAPSHOT/hadoop-hdds-container-service-0.5.0-SNAPSHOT.jar!/webapps/static,UNAVAILABLE}
2019-08-29 09:09:32,281 [ForkJoinPool.commonPool-worker-0] INFO  handler.ContextHandler (ContextHandler.java:doStop(910)) - Stopped o.e.j.s.ServletContextHandler@2e3f324e{/logs,file:///workdir/hadoop-ozone/integration-test/target/log,UNAVAILABLE}
2019-08-29 09:09:32,292 [main] INFO  utils.BackgroundService (BackgroundService.java:shutdown(148)) - Shutting down service BlockDeletingService
2019-08-29 09:09:32,300 [main] INFO  statemachine.DatanodeStateMachine (DatanodeStateMachine.java:stopDaemon(395)) - Ozone container server stopped.
2019-08-29 09:09:32,301 [main] INFO  handler.ContextHandler (ContextHandler.java:doStop(910)) - Stopped o.e.j.w.WebAppContext@1a717d79{/,null,UNAVAILABLE}{/hddsDatanode}
2019-08-29 09:09:32,301 [main] INFO  server.AbstractConnector (AbstractConnector.java:doStop(318)) - Stopped ServerConnector@4cb00fa5{HTTP/1.1,[http/1.1]}{0.0.0.0:0}
2019-08-29 09:09:32,302 [main] INFO  handler.ContextHandler (ContextHandler.java:doStop(910)) - Stopped o.e.j.s.ServletContextHandler@1c68d0db{/static,jar:file:/home/user/.m2/repository/org/apache/hadoop/hadoop-hdds-container-service/0.5.0-SNAPSHOT/hadoop-hdds-container-service-0.5.0-SNAPSHOT.jar!/webapps/static,UNAVAILABLE}
2019-08-29 09:09:32,302 [main] INFO  handler.ContextHandler (ContextHandler.java:doStop(910)) - Stopped o.e.j.s.ServletContextHandler@4438938e{/logs,file:///workdir/hadoop-ozone/integration-test/target/log,UNAVAILABLE}
2019-08-29 09:09:33,042 [Datanode State Machine Thread - 0] INFO  statemachine.DatanodeStateMachine (DatanodeStateMachine.java:lambda$startDaemon$0(350)) - Ozone container server started.
2019-08-29 09:09:35,942 [Thread-4002] INFO  impl.FollowerState (FollowerState.java:run(106)) - fb5607f7-201e-4e71-bf0f-86f0d27d217c:group-97FA152D1F9A changes to CANDIDATE, lastRpcTime:10176, electionTimeout:5169ms
2019-08-29 09:09:35,943 [Thread-4002] INFO  impl.RoleInfo (RoleInfo.java:shutdownFollowerState(121)) - fb5607f7-201e-4e71-bf0f-86f0d27d217c: shutdown FollowerState
2019-08-29 09:09:35,943 [Thread-4002] INFO  impl.RaftServerImpl (RaftServerImpl.java:setRole(171)) - fb5607f7-201e-4e71-bf0f-86f0d27d217c:group-97FA152D1F9A changes role from FOLLOWER to CANDIDATE at term 2 for changeToCandidate
2019-08-29 09:09:35,943 [Thread-4002] INFO  impl.RoleInfo (RoleInfo.java:updateAndGet(143)) - fb5607f7-201e-4e71-bf0f-86f0d27d217c: start LeaderElection
2019-08-29 09:09:35,944 [fb5607f7-201e-4e71-bf0f-86f0d27d217c:group-97FA152D1F9A:LeaderElection87] INFO  impl.RaftServerImpl (ServerState.java:setLeader(263)) - fb5607f7-201e-4e71-bf0f-86f0d27d217c:group-97FA152D1F9A change Leader from 23e9bf69-29f9-4f77-ab56-6ec336a98fa3 to null at term 2 for initElection
2019-08-29 09:09:35,961 [fb5607f7-201e-4e71-bf0f-86f0d27d217c:group-97FA152D1F9A:LeaderElection87] INFO  impl.LeaderElection (LeaderElection.java:askForVotes(181)) - fb5607f7-201e-4e71-bf0f-86f0d27d217c:group-97FA152D1F9A:LeaderElection87: begin an election at term 3 for 13: [23e9bf69-29f9-4f77-ab56-6ec336a98fa3:192.168.69.87:39841, 511321fd-944d-4aec-af04-300872c24c53:192.168.69.87:34888, fb5607f7-201e-4e71-bf0f-86f0d27d217c:192.168.69.87:41583], old=null
2019-08-29 09:09:35,964 [fb5607f7-201e-4e71-bf0f-86f0d27d217c:group-97FA152D1F9A:LeaderElection87] INFO  impl.LeaderElection (LogUtils.java:infoOrTrace(149)) - fb5607f7-201e-4e71-bf0f-86f0d27d217c:group-97FA152D1F9A:LeaderElection87 got exception when requesting votes: {}
java.util.concurrent.ExecutionException: org.apache.ratis.thirdparty.io.grpc.StatusRuntimeException: UNAVAILABLE: io exception
	at java.util.concurrent.FutureTask.report(FutureTask.java:122)
	at java.util.concurrent.FutureTask.get(FutureTask.java:192)
	at org.apache.ratis.server.impl.LeaderElection.waitForResults(LeaderElection.java:262)
	at org.apache.ratis.server.impl.LeaderElection.askForVotes(LeaderElection.java:200)
	at org.apache.ratis.server.impl.LeaderElection.run(LeaderElection.java:130)
	at java.lang.Thread.run(Thread.java:748)
Caused by: org.apache.ratis.thirdparty.io.grpc.StatusRuntimeException: UNAVAILABLE: io exception
	at org.apache.ratis.thirdparty.io.grpc.stub.ClientCalls.toStatusRuntimeException(ClientCalls.java:233)
	at org.apache.ratis.thirdparty.io.grpc.stub.ClientCalls.getUnchecked(ClientCalls.java:214)
	at org.apache.ratis.thirdparty.io.grpc.stub.ClientCalls.blockingUnaryCall(ClientCalls.java:139)
	at org.apache.ratis.proto.grpc.RaftServerProtocolServiceGrpc$RaftServerProtocolServiceBlockingStub.requestVote(RaftServerProtocolServiceGrpc.java:265)
	at org.apache.ratis.grpc.server.GrpcServerProtocolClient.requestVote(GrpcServerProtocolClient.java:83)
	at org.apache.ratis.grpc.server.GrpcService.requestVote(GrpcService.java:195)
	at org.apache.ratis.server.impl.LeaderElection.lambda$submitRequests$1(LeaderElection.java:237)
	at java.util.concurrent.FutureTask.run(FutureTask.java:266)
	at java.util.concurrent.Executors$RunnableAdapter.call(Executors.java:511)
	at java.util.concurrent.FutureTask.run(FutureTask.java:266)
	at java.util.concurrent.ThreadPoolExecutor.runWorker(ThreadPoolExecutor.java:1149)
	at java.util.concurrent.ThreadPoolExecutor$Worker.run(ThreadPoolExecutor.java:624)
	... 1 more
Caused by: org.apache.ratis.thirdparty.io.netty.channel.AbstractChannel$AnnotatedConnectException: Connection refused: /192.168.69.87:39841
	at sun.nio.ch.SocketChannelImpl.checkConnect(Native Method)
	at sun.nio.ch.SocketChannelImpl.finishConnect(SocketChannelImpl.java:717)
	at org.apache.ratis.thirdparty.io.netty.channel.socket.nio.NioSocketChannel.doFinishConnect(NioSocketChannel.java:327)
	at org.apache.ratis.thirdparty.io.netty.channel.nio.AbstractNioChannel$AbstractNioUnsafe.finishConnect(AbstractNioChannel.java:340)
	at org.apache.ratis.thirdparty.io.netty.channel.nio.NioEventLoop.processSelectedKey(NioEventLoop.java:632)
	at org.apache.ratis.thirdparty.io.netty.channel.nio.NioEventLoop.processSelectedKeysOptimized(NioEventLoop.java:579)
	at org.apache.ratis.thirdparty.io.netty.channel.nio.NioEventLoop.processSelectedKeys(NioEventLoop.java:496)
	at org.apache.ratis.thirdparty.io.netty.channel.nio.NioEventLoop.run(NioEventLoop.java:458)
	at org.apache.ratis.thirdparty.io.netty.util.concurrent.SingleThreadEventExecutor$5.run(SingleThreadEventExecutor.java:897)
	at org.apache.ratis.thirdparty.io.netty.util.concurrent.FastThreadLocalRunnable.run(FastThreadLocalRunnable.java:30)
	... 1 more
Caused by: java.net.ConnectException: Connection refused
	... 11 more
2019-08-29 09:09:35,966 [fb5607f7-201e-4e71-bf0f-86f0d27d217c:group-97FA152D1F9A:LeaderElection87] INFO  impl.LeaderElection (LogUtils.java:infoOrTrace(149)) - fb5607f7-201e-4e71-bf0f-86f0d27d217c:group-97FA152D1F9A:LeaderElection87 got exception when requesting votes: {}
java.util.concurrent.ExecutionException: org.apache.ratis.thirdparty.io.grpc.StatusRuntimeException: UNAVAILABLE: io exception
	at java.util.concurrent.FutureTask.report(FutureTask.java:122)
	at java.util.concurrent.FutureTask.get(FutureTask.java:192)
	at org.apache.ratis.server.impl.LeaderElection.waitForResults(LeaderElection.java:262)
	at org.apache.ratis.server.impl.LeaderElection.askForVotes(LeaderElection.java:200)
	at org.apache.ratis.server.impl.LeaderElection.run(LeaderElection.java:130)
	at java.lang.Thread.run(Thread.java:748)
Caused by: org.apache.ratis.thirdparty.io.grpc.StatusRuntimeException: UNAVAILABLE: io exception
	at org.apache.ratis.thirdparty.io.grpc.stub.ClientCalls.toStatusRuntimeException(ClientCalls.java:233)
	at org.apache.ratis.thirdparty.io.grpc.stub.ClientCalls.getUnchecked(ClientCalls.java:214)
	at org.apache.ratis.thirdparty.io.grpc.stub.ClientCalls.blockingUnaryCall(ClientCalls.java:139)
	at org.apache.ratis.proto.grpc.RaftServerProtocolServiceGrpc$RaftServerProtocolServiceBlockingStub.requestVote(RaftServerProtocolServiceGrpc.java:265)
	at org.apache.ratis.grpc.server.GrpcServerProtocolClient.requestVote(GrpcServerProtocolClient.java:83)
	at org.apache.ratis.grpc.server.GrpcService.requestVote(GrpcService.java:195)
	at org.apache.ratis.server.impl.LeaderElection.lambda$submitRequests$1(LeaderElection.java:237)
	at java.util.concurrent.FutureTask.run(FutureTask.java:266)
	at java.util.concurrent.Executors$RunnableAdapter.call(Executors.java:511)
	at java.util.concurrent.FutureTask.run(FutureTask.java:266)
	at java.util.concurrent.ThreadPoolExecutor.runWorker(ThreadPoolExecutor.java:1149)
	at java.util.concurrent.ThreadPoolExecutor$Worker.run(ThreadPoolExecutor.java:624)
	... 1 more
Caused by: org.apache.ratis.thirdparty.io.netty.channel.AbstractChannel$AnnotatedConnectException: Connection refused: /192.168.69.87:34888
	at sun.nio.ch.SocketChannelImpl.checkConnect(Native Method)
	at sun.nio.ch.SocketChannelImpl.finishConnect(SocketChannelImpl.java:717)
	at org.apache.ratis.thirdparty.io.netty.channel.socket.nio.NioSocketChannel.doFinishConnect(NioSocketChannel.java:327)
	at org.apache.ratis.thirdparty.io.netty.channel.nio.AbstractNioChannel$AbstractNioUnsafe.finishConnect(AbstractNioChannel.java:340)
	at org.apache.ratis.thirdparty.io.netty.channel.nio.NioEventLoop.processSelectedKey(NioEventLoop.java:632)
	at org.apache.ratis.thirdparty.io.netty.channel.nio.NioEventLoop.processSelectedKeysOptimized(NioEventLoop.java:579)
	at org.apache.ratis.thirdparty.io.netty.channel.nio.NioEventLoop.processSelectedKeys(NioEventLoop.java:496)
	at org.apache.ratis.thirdparty.io.netty.channel.nio.NioEventLoop.run(NioEventLoop.java:458)
	at org.apache.ratis.thirdparty.io.netty.util.concurrent.SingleThreadEventExecutor$5.run(SingleThreadEventExecutor.java:897)
	at org.apache.ratis.thirdparty.io.netty.util.concurrent.FastThreadLocalRunnable.run(FastThreadLocalRunnable.java:30)
	... 1 more
Caused by: java.net.ConnectException: Connection refused
	... 11 more
2019-08-29 09:09:35,967 [fb5607f7-201e-4e71-bf0f-86f0d27d217c:group-97FA152D1F9A:LeaderElection87] INFO  impl.LeaderElection (LeaderElection.java:logAndReturn(56)) - fb5607f7-201e-4e71-bf0f-86f0d27d217c:group-97FA152D1F9A:LeaderElection87: Election REJECTED; received 0 response(s) [] and 2 exception(s); fb5607f7-201e-4e71-bf0f-86f0d27d217c:t3, leader=null, voted=fb5607f7-201e-4e71-bf0f-86f0d27d217c, raftlog=fb5607f7-201e-4e71-bf0f-86f0d27d217c-SegmentedRaftLog:OPENED:c13,f14,i14, conf=13: [23e9bf69-29f9-4f77-ab56-6ec336a98fa3:192.168.69.87:39841, 511321fd-944d-4aec-af04-300872c24c53:192.168.69.87:34888, fb5607f7-201e-4e71-bf0f-86f0d27d217c:192.168.69.87:41583], old=null
2019-08-29 09:09:35,967 [fb5607f7-201e-4e71-bf0f-86f0d27d217c:group-97FA152D1F9A:LeaderElection87] INFO  impl.LeaderElection (LogUtils.java:infoOrTrace(149)) -   Exception 0: {}
java.util.concurrent.ExecutionException: org.apache.ratis.thirdparty.io.grpc.StatusRuntimeException: UNAVAILABLE: io exception
	at java.util.concurrent.FutureTask.report(FutureTask.java:122)
	at java.util.concurrent.FutureTask.get(FutureTask.java:192)
	at org.apache.ratis.server.impl.LeaderElection.waitForResults(LeaderElection.java:262)
	at org.apache.ratis.server.impl.LeaderElection.askForVotes(LeaderElection.java:200)
	at org.apache.ratis.server.impl.LeaderElection.run(LeaderElection.java:130)
	at java.lang.Thread.run(Thread.java:748)
Caused by: org.apache.ratis.thirdparty.io.grpc.StatusRuntimeException: UNAVAILABLE: io exception
	at org.apache.ratis.thirdparty.io.grpc.stub.ClientCalls.toStatusRuntimeException(ClientCalls.java:233)
	at org.apache.ratis.thirdparty.io.grpc.stub.ClientCalls.getUnchecked(ClientCalls.java:214)
	at org.apache.ratis.thirdparty.io.grpc.stub.ClientCalls.blockingUnaryCall(ClientCalls.java:139)
	at org.apache.ratis.proto.grpc.RaftServerProtocolServiceGrpc$RaftServerProtocolServiceBlockingStub.requestVote(RaftServerProtocolServiceGrpc.java:265)
	at org.apache.ratis.grpc.server.GrpcServerProtocolClient.requestVote(GrpcServerProtocolClient.java:83)
	at org.apache.ratis.grpc.server.GrpcService.requestVote(GrpcService.java:195)
	at org.apache.ratis.server.impl.LeaderElection.lambda$submitRequests$1(LeaderElection.java:237)
	at java.util.concurrent.FutureTask.run(FutureTask.java:266)
	at java.util.concurrent.Executors$RunnableAdapter.call(Executors.java:511)
	at java.util.concurrent.FutureTask.run(FutureTask.java:266)
	at java.util.concurrent.ThreadPoolExecutor.runWorker(ThreadPoolExecutor.java:1149)
	at java.util.concurrent.ThreadPoolExecutor$Worker.run(ThreadPoolExecutor.java:624)
	... 1 more
Caused by: org.apache.ratis.thirdparty.io.netty.channel.AbstractChannel$AnnotatedConnectException: Connection refused: /192.168.69.87:39841
	at sun.nio.ch.SocketChannelImpl.checkConnect(Native Method)
	at sun.nio.ch.SocketChannelImpl.finishConnect(SocketChannelImpl.java:717)
	at org.apache.ratis.thirdparty.io.netty.channel.socket.nio.NioSocketChannel.doFinishConnect(NioSocketChannel.java:327)
	at org.apache.ratis.thirdparty.io.netty.channel.nio.AbstractNioChannel$AbstractNioUnsafe.finishConnect(AbstractNioChannel.java:340)
	at org.apache.ratis.thirdparty.io.netty.channel.nio.NioEventLoop.processSelectedKey(NioEventLoop.java:632)
	at org.apache.ratis.thirdparty.io.netty.channel.nio.NioEventLoop.processSelectedKeysOptimized(NioEventLoop.java:579)
	at org.apache.ratis.thirdparty.io.netty.channel.nio.NioEventLoop.processSelectedKeys(NioEventLoop.java:496)
	at org.apache.ratis.thirdparty.io.netty.channel.nio.NioEventLoop.run(NioEventLoop.java:458)
	at org.apache.ratis.thirdparty.io.netty.util.concurrent.SingleThreadEventExecutor$5.run(SingleThreadEventExecutor.java:897)
	at org.apache.ratis.thirdparty.io.netty.util.concurrent.FastThreadLocalRunnable.run(FastThreadLocalRunnable.java:30)
	... 1 more
Caused by: java.net.ConnectException: Connection refused
	... 11 more
2019-08-29 09:09:35,968 [fb5607f7-201e-4e71-bf0f-86f0d27d217c:group-97FA152D1F9A:LeaderElection87] INFO  impl.LeaderElection (LogUtils.java:infoOrTrace(149)) -   Exception 1: {}
java.util.concurrent.ExecutionException: org.apache.ratis.thirdparty.io.grpc.StatusRuntimeException: UNAVAILABLE: io exception
	at java.util.concurrent.FutureTask.report(FutureTask.java:122)
	at java.util.concurrent.FutureTask.get(FutureTask.java:192)
	at org.apache.ratis.server.impl.LeaderElection.waitForResults(LeaderElection.java:262)
	at org.apache.ratis.server.impl.LeaderElection.askForVotes(LeaderElection.java:200)
	at org.apache.ratis.server.impl.LeaderElection.run(LeaderElection.java:130)
	at java.lang.Thread.run(Thread.java:748)
Caused by: org.apache.ratis.thirdparty.io.grpc.StatusRuntimeException: UNAVAILABLE: io exception
	at org.apache.ratis.thirdparty.io.grpc.stub.ClientCalls.toStatusRuntimeException(ClientCalls.java:233)
	at org.apache.ratis.thirdparty.io.grpc.stub.ClientCalls.getUnchecked(ClientCalls.java:214)
	at org.apache.ratis.thirdparty.io.grpc.stub.ClientCalls.blockingUnaryCall(ClientCalls.java:139)
	at org.apache.ratis.proto.grpc.RaftServerProtocolServiceGrpc$RaftServerProtocolServiceBlockingStub.requestVote(RaftServerProtocolServiceGrpc.java:265)
	at org.apache.ratis.grpc.server.GrpcServerProtocolClient.requestVote(GrpcServerProtocolClient.java:83)
	at org.apache.ratis.grpc.server.GrpcService.requestVote(GrpcService.java:195)
	at org.apache.ratis.server.impl.LeaderElection.lambda$submitRequests$1(LeaderElection.java:237)
	at java.util.concurrent.FutureTask.run(FutureTask.java:266)
	at java.util.concurrent.Executors$RunnableAdapter.call(Executors.java:511)
	at java.util.concurrent.FutureTask.run(FutureTask.java:266)
	at java.util.concurrent.ThreadPoolExecutor.runWorker(ThreadPoolExecutor.java:1149)
	at java.util.concurrent.ThreadPoolExecutor$Worker.run(ThreadPoolExecutor.java:624)
	... 1 more
Caused by: org.apache.ratis.thirdparty.io.netty.channel.AbstractChannel$AnnotatedConnectException: Connection refused: /192.168.69.87:34888
	at sun.nio.ch.SocketChannelImpl.checkConnect(Native Method)
	at sun.nio.ch.SocketChannelImpl.finishConnect(SocketChannelImpl.java:717)
	at org.apache.ratis.thirdparty.io.netty.channel.socket.nio.NioSocketChannel.doFinishConnect(NioSocketChannel.java:327)
	at org.apache.ratis.thirdparty.io.netty.channel.nio.AbstractNioChannel$AbstractNioUnsafe.finishConnect(AbstractNioChannel.java:340)
	at org.apache.ratis.thirdparty.io.netty.channel.nio.NioEventLoop.processSelectedKey(NioEventLoop.java:632)
	at org.apache.ratis.thirdparty.io.netty.channel.nio.NioEventLoop.processSelectedKeysOptimized(NioEventLoop.java:579)
	at org.apache.ratis.thirdparty.io.netty.channel.nio.NioEventLoop.processSelectedKeys(NioEventLoop.java:496)
	at org.apache.ratis.thirdparty.io.netty.channel.nio.NioEventLoop.run(NioEventLoop.java:458)
	at org.apache.ratis.thirdparty.io.netty.util.concurrent.SingleThreadEventExecutor$5.run(SingleThreadEventExecutor.java:897)
	at org.apache.ratis.thirdparty.io.netty.util.concurrent.FastThreadLocalRunnable.run(FastThreadLocalRunnable.java:30)
	... 1 more
Caused by: java.net.ConnectException: Connection refused
	... 11 more
2019-08-29 09:09:35,968 [fb5607f7-201e-4e71-bf0f-86f0d27d217c:group-97FA152D1F9A:LeaderElection87] INFO  impl.RaftServerImpl (RaftServerImpl.java:setRole(171)) - fb5607f7-201e-4e71-bf0f-86f0d27d217c:group-97FA152D1F9A changes role from CANDIDATE to FOLLOWER at term 3 for DISCOVERED_A_NEW_TERM
2019-08-29 09:09:35,968 [fb5607f7-201e-4e71-bf0f-86f0d27d217c:group-97FA152D1F9A:LeaderElection87] INFO  impl.RoleInfo (RoleInfo.java:shutdownLeaderElection(134)) - fb5607f7-201e-4e71-bf0f-86f0d27d217c: shutdown LeaderElection
2019-08-29 09:09:35,968 [fb5607f7-201e-4e71-bf0f-86f0d27d217c:group-97FA152D1F9A:LeaderElection87] INFO  impl.RoleInfo (RoleInfo.java:updateAndGet(143)) - fb5607f7-201e-4e71-bf0f-86f0d27d217c: start FollowerState
2019-08-29 09:09:37,072 [EventQueue-StaleNodeForStaleNodeHandler] INFO  node.StaleNodeHandler (StaleNodeHandler.java:onMessage(58)) - Datanode fb5607f7-201e-4e71-bf0f-86f0d27d217c{ip: 192.168.69.87, host: pr-hdds-1935-5tjgs-3847141534, networkLocation: /default-rack, certSerialId: null} moved to stale state. Finalizing its pipelines [PipelineID=d21e80b0-21b2-4297-84d6-d58831619217, PipelineID=f48ca4fb-cff1-4cf2-9c4e-97fa152d1f9a]
2019-08-29 09:09:37,072 [EventQueue-StaleNodeForStaleNodeHandler] INFO  pipeline.SCMPipelineManager (SCMPipelineManager.java:finalizeAndDestroyPipeline(309)) - destroying pipeline:Pipeline[ Id: d21e80b0-21b2-4297-84d6-d58831619217, Nodes: fb5607f7-201e-4e71-bf0f-86f0d27d217c{ip: 192.168.69.87, host: pr-hdds-1935-5tjgs-3847141534, networkLocation: /default-rack, certSerialId: null}, Type:RATIS, Factor:ONE, State:OPEN]
2019-08-29 09:09:37,072 [EventQueue-StaleNodeForStaleNodeHandler] INFO  pipeline.PipelineStateManager (PipelineStateManager.java:finalizePipeline(123)) - Pipeline Pipeline[ Id: d21e80b0-21b2-4297-84d6-d58831619217, Nodes: fb5607f7-201e-4e71-bf0f-86f0d27d217c{ip: 192.168.69.87, host: pr-hdds-1935-5tjgs-3847141534, networkLocation: /default-rack, certSerialId: null}, Type:RATIS, Factor:ONE, State:CLOSED] moved to CLOSED state
2019-08-29 09:09:37,073 [EventQueue-StaleNodeForStaleNodeHandler] INFO  pipeline.SCMPipelineManager (SCMPipelineManager.java:finalizeAndDestroyPipeline(309)) - destroying pipeline:Pipeline[ Id: f48ca4fb-cff1-4cf2-9c4e-97fa152d1f9a, Nodes: fb5607f7-201e-4e71-bf0f-86f0d27d217c{ip: 192.168.69.87, host: pr-hdds-1935-5tjgs-3847141534, networkLocation: /default-rack, certSerialId: null}23e9bf69-29f9-4f77-ab56-6ec336a98fa3{ip: 192.168.69.87, host: pr-hdds-1935-5tjgs-3847141534, networkLocation: /default-rack, certSerialId: null}511321fd-944d-4aec-af04-300872c24c53{ip: 192.168.69.87, host: pr-hdds-1935-5tjgs-3847141534, networkLocation: /default-rack, certSerialId: null}, Type:RATIS, Factor:THREE, State:CLOSED]
2019-08-29 09:09:37,283 [ForkJoinPool.commonPool-worker-0] INFO  ozoneimpl.OzoneContainer (OzoneContainer.java:stop(215)) - Attempting to stop container services.
2019-08-29 09:09:37,284 [ForkJoinPool.commonPool-worker-0] INFO  impl.RaftServerProxy (RaftServerProxy.java:lambda$close$4(314)) - fb5607f7-201e-4e71-bf0f-86f0d27d217c: close
2019-08-29 09:09:37,284 [ForkJoinPool.commonPool-worker-0] INFO  impl.RaftServerImpl (RaftServerImpl.java:lambda$shutdown$3(245)) - fb5607f7-201e-4e71-bf0f-86f0d27d217c: shutdown group-D58831619217
2019-08-29 09:09:37,285 [ForkJoinPool.commonPool-worker-0] INFO  util.JmxRegister (JmxRegister.java:unregister(73)) - Successfully un-registered JMX Bean with object name Ratis:service=RaftServer,group=group-D58831619217,id=fb5607f7-201e-4e71-bf0f-86f0d27d217c
2019-08-29 09:09:37,285 [ForkJoinPool.commonPool-worker-0] INFO  impl.RoleInfo (RoleInfo.java:shutdownLeaderState(104)) - fb5607f7-201e-4e71-bf0f-86f0d27d217c: shutdown LeaderState
2019-08-29 09:09:37,285 [ForkJoinPool.commonPool-worker-0] INFO  impl.PendingRequests (PendingRequests.java:sendNotLeaderResponses(202)) - fb5607f7-201e-4e71-bf0f-86f0d27d217c-PendingRequests: sendNotLeaderResponses
2019-08-29 09:09:37,286 [ForkJoinPool.commonPool-worker-0] INFO  impl.StateMachineUpdater (StateMachineUpdater.java:stopAndJoin(115)) - StateMachineUpdater:fb5607f7-201e-4e71-bf0f-86f0d27d217c:group-D58831619217: set stopIndex = 0
2019-08-29 09:09:37,286 [ForkJoinPool.commonPool-worker-0] INFO  impl.RaftServerImpl (ServerState.java:close(394)) - fb5607f7-201e-4e71-bf0f-86f0d27d217c:group-D58831619217 closes. The last applied log index is 0
2019-08-29 09:09:37,287 [fb5607f7-201e-4e71-bf0f-86f0d27d217c-SegmentedRaftLogWorker:Storage Directory /workdir/hadoop-ozone/integration-test/target/test-dir/MiniOzoneClusterImpl-1c352198-1c3a-44ed-b4f2-463a1ec9c860/datanode-5/data/ratis/d21e80b0-21b2-4297-84d6-d58831619217] INFO  segmented.SegmentedRaftLogWorker (SegmentedRaftLogWorker.java:run(313)) - fb5607f7-201e-4e71-bf0f-86f0d27d217c-SegmentedRaftLogWorker:Storage Directory /workdir/hadoop-ozone/integration-test/target/test-dir/MiniOzoneClusterImpl-1c352198-1c3a-44ed-b4f2-463a1ec9c860/datanode-5/data/ratis/d21e80b0-21b2-4297-84d6-d58831619217 was interrupted, exiting. There are 0 tasks remaining in the queue.
2019-08-29 09:09:37,289 [ForkJoinPool.commonPool-worker-0] INFO  segmented.SegmentedRaftLogWorker (SegmentedRaftLogWorker.java:close(228)) - fb5607f7-201e-4e71-bf0f-86f0d27d217c-SegmentedRaftLogWorker:Storage Directory /workdir/hadoop-ozone/integration-test/target/test-dir/MiniOzoneClusterImpl-1c352198-1c3a-44ed-b4f2-463a1ec9c860/datanode-5/data/ratis/d21e80b0-21b2-4297-84d6-d58831619217 close()
2019-08-29 09:09:37,291 [ForkJoinPool.commonPool-worker-0] INFO  impl.RaftServerImpl (RaftServerImpl.java:lambda$shutdown$3(245)) - fb5607f7-201e-4e71-bf0f-86f0d27d217c: shutdown group-97FA152D1F9A
2019-08-29 09:09:37,291 [ForkJoinPool.commonPool-worker-0] INFO  util.JmxRegister (JmxRegister.java:unregister(73)) - Successfully un-registered JMX Bean with object name Ratis:service=RaftServer,group=group-97FA152D1F9A,id=fb5607f7-201e-4e71-bf0f-86f0d27d217c
2019-08-29 09:09:37,291 [ForkJoinPool.commonPool-worker-0] INFO  impl.RoleInfo (RoleInfo.java:shutdownFollowerState(121)) - fb5607f7-201e-4e71-bf0f-86f0d27d217c: shutdown FollowerState
2019-08-29 09:09:37,292 [ForkJoinPool.commonPool-worker-0] INFO  impl.StateMachineUpdater (StateMachineUpdater.java:stopAndJoin(115)) - StateMachineUpdater:fb5607f7-201e-4e71-bf0f-86f0d27d217c:group-97FA152D1F9A: set stopIndex = 13
2019-08-29 09:09:37,292 [Thread-4018] INFO  impl.FollowerState (FollowerState.java:run(114)) - fb5607f7-201e-4e71-bf0f-86f0d27d217c: FollowerState was interrupted: java.lang.InterruptedException: sleep interrupted
2019-08-29 09:09:37,292 [StateMachineUpdater:fb5607f7-201e-4e71-bf0f-86f0d27d217c:group-97FA152D1F9A] INFO  ratis.ContainerStateMachine (ContainerStateMachine.java:takeSnapshot(284)) - group-97FA152D1F9A: Taking a snapshot at:(t:1, i:12) file /workdir/hadoop-ozone/integration-test/target/test-dir/MiniOzoneClusterImpl-1c352198-1c3a-44ed-b4f2-463a1ec9c860/datanode-5/data/ratis/f48ca4fb-cff1-4cf2-9c4e-97fa152d1f9a/sm/snapshot.1_12
2019-08-29 09:09:37,324 [StateMachineUpdater:fb5607f7-201e-4e71-bf0f-86f0d27d217c:group-97FA152D1F9A] INFO  ratis.ContainerStateMachine (ContainerStateMachine.java:takeSnapshot(295)) - group-97FA152D1F9A: Finished taking a snapshot at:(t:1, i:12) file:/workdir/hadoop-ozone/integration-test/target/test-dir/MiniOzoneClusterImpl-1c352198-1c3a-44ed-b4f2-463a1ec9c860/datanode-5/data/ratis/f48ca4fb-cff1-4cf2-9c4e-97fa152d1f9a/sm/snapshot.1_12 time:33
2019-08-29 09:09:37,325 [StateMachineUpdater:fb5607f7-201e-4e71-bf0f-86f0d27d217c:group-97FA152D1F9A] INFO  impl.StateMachineUpdater (StateMachineUpdater.java:takeSnapshot(242)) - StateMachineUpdater:fb5607f7-201e-4e71-bf0f-86f0d27d217c:group-97FA152D1F9A: Took a snapshot at index 12
2019-08-29 09:09:37,325 [StateMachineUpdater:fb5607f7-201e-4e71-bf0f-86f0d27d217c:group-97FA152D1F9A] INFO  impl.StateMachineUpdater (StateMachineUpdater.java:lambda$new$0(80)) - StateMachineUpdater:fb5607f7-201e-4e71-bf0f-86f0d27d217c:group-97FA152D1F9A: snapshotIndex: updateIncreasingly -1 -> 12
2019-08-29 09:09:37,325 [ForkJoinPool.commonPool-worker-0] INFO  impl.RaftServerImpl (ServerState.java:close(394)) - fb5607f7-201e-4e71-bf0f-86f0d27d217c:group-97FA152D1F9A closes. The last applied log index is 13
2019-08-29 09:09:37,326 [fb5607f7-201e-4e71-bf0f-86f0d27d217c-SegmentedRaftLogWorker:Storage Directory /workdir/hadoop-ozone/integration-test/target/test-dir/MiniOzoneClusterImpl-1c352198-1c3a-44ed-b4f2-463a1ec9c860/datanode-5/data/ratis/f48ca4fb-cff1-4cf2-9c4e-97fa152d1f9a] INFO  segmented.SegmentedRaftLogWorker (SegmentedRaftLogWorker.java:run(313)) - fb5607f7-201e-4e71-bf0f-86f0d27d217c-SegmentedRaftLogWorker:Storage Directory /workdir/hadoop-ozone/integration-test/target/test-dir/MiniOzoneClusterImpl-1c352198-1c3a-44ed-b4f2-463a1ec9c860/datanode-5/data/ratis/f48ca4fb-cff1-4cf2-9c4e-97fa152d1f9a was interrupted, exiting. There are 0 tasks remaining in the queue.
2019-08-29 09:09:37,327 [ForkJoinPool.commonPool-worker-0] INFO  segmented.SegmentedRaftLogWorker (SegmentedRaftLogWorker.java:close(228)) - fb5607f7-201e-4e71-bf0f-86f0d27d217c-SegmentedRaftLogWorker:Storage Directory /workdir/hadoop-ozone/integration-test/target/test-dir/MiniOzoneClusterImpl-1c352198-1c3a-44ed-b4f2-463a1ec9c860/datanode-5/data/ratis/f48ca4fb-cff1-4cf2-9c4e-97fa152d1f9a close()
2019-08-29 09:09:37,329 [ForkJoinPool.commonPool-worker-0] INFO  server.GrpcService (GrpcService.java:closeImpl(155)) - fb5607f7-201e-4e71-bf0f-86f0d27d217c: shutdown server with port 41583 now
2019-08-29 09:09:37,329 [ForkJoinPool.commonPool-worker-0] INFO  server.GrpcService (GrpcService.java:closeImpl(163)) - fb5607f7-201e-4e71-bf0f-86f0d27d217c: shutdown server with port 41583 successfully
2019-08-29 09:09:37,332 [refreshUsed-/workdir/hadoop-ozone/integration-test/target/test-dir/MiniOzoneClusterImpl-1c352198-1c3a-44ed-b4f2-463a1ec9c860/datanode-5/data/containers] WARN  fs.CachingGetSpaceUsed (CachingGetSpaceUsed.java:run(183)) - Thread Interrupted waiting to refresh disk information: sleep interrupted
2019-08-29 09:09:37,352 [ForkJoinPool.commonPool-worker-0] INFO  utils.BackgroundService (BackgroundService.java:shutdown(148)) - Shutting down service BlockDeletingService
2019-08-29 09:09:37,353 [ForkJoinPool.commonPool-worker-0] INFO  statemachine.DatanodeStateMachine (DatanodeStateMachine.java:stopDaemon(395)) - Ozone container server stopped.
2019-08-29 09:09:37,361 [ForkJoinPool.commonPool-worker-0] INFO  handler.ContextHandler (ContextHandler.java:doStop(910)) - Stopped o.e.j.w.WebAppContext@1515f782{/,null,UNAVAILABLE}{/hddsDatanode}
2019-08-29 09:09:37,361 [ForkJoinPool.commonPool-worker-0] INFO  server.AbstractConnector (AbstractConnector.java:doStop(318)) - Stopped ServerConnector@7f5ce33e{HTTP/1.1,[http/1.1]}{0.0.0.0:0}
2019-08-29 09:09:37,363 [ForkJoinPool.commonPool-worker-0] INFO  handler.ContextHandler (ContextHandler.java:doStop(910)) - Stopped o.e.j.s.ServletContextHandler@8077c97{/static,jar:file:/home/user/.m2/repository/org/apache/hadoop/hadoop-hdds-container-service/0.5.0-SNAPSHOT/hadoop-hdds-container-service-0.5.0-SNAPSHOT.jar!/webapps/static,UNAVAILABLE}
2019-08-29 09:09:37,364 [ForkJoinPool.commonPool-worker-0] INFO  handler.ContextHandler (ContextHandler.java:doStop(910)) - Stopped o.e.j.s.ServletContextHandler@60928a61{/logs,file:///workdir/hadoop-ozone/integration-test/target/log,UNAVAILABLE}
2019-08-29 09:09:37,365 [main] INFO  ozone.MiniOzoneClusterImpl (MiniOzoneClusterImpl.java:stop(339)) - Stopping the StorageContainerManager
2019-08-29 09:09:37,365 [main] INFO  server.StorageContainerManager (StorageContainerManager.java:stop(797)) - Stopping Replication Manager Service.
2019-08-29 09:09:37,366 [main] INFO  container.ReplicationManager (ReplicationManager.java:stop(203)) - Stopping Replication Monitor Thread.
2019-08-29 09:09:37,366 [main] INFO  server.StorageContainerManager (StorageContainerManager.java:stop(804)) - Stopping Lease Manager of the command watchers
2019-08-29 09:09:37,366 [main] INFO  server.StorageContainerManager (StorageContainerManager.java:stop(811)) - Stopping datanode service RPC server
2019-08-29 09:09:37,366 [main] INFO  server.SCMDatanodeProtocolServer (SCMDatanodeProtocolServer.java:stop(367)) - Stopping the RPC server for DataNodes
2019-08-29 09:09:37,367 [main] INFO  ipc.Server (Server.java:stop(3082)) - Stopping server on 46418
2019-08-29 09:09:37,368 [IPC Server listener on 46418] INFO  ipc.Server (Server.java:run(1185)) - Stopping IPC Server listener on 46418
2019-08-29 09:09:37,371 [IPC Server Responder] INFO  ipc.Server (Server.java:run(1319)) - Stopping IPC Server Responder
2019-08-29 09:09:37,372 [SCM Heartbeat Processing Thread - 0] WARN  node.NodeStateManager (NodeStateManager.java:scheduleNextHealthCheck(646)) - Current Thread is interrupted, shutting down HB processing thread for Node Manager.
2019-08-29 09:09:37,372 [main] INFO  server.StorageContainerManager (StorageContainerManager.java:stop(819)) - Stopping block service RPC server
2019-08-29 09:09:37,373 [main] INFO  server.SCMBlockProtocolServer (SCMBlockProtocolServer.java:stop(155)) - Stopping the RPC server for Block Protocol
2019-08-29 09:09:37,373 [main] INFO  ipc.Server (Server.java:stop(3082)) - Stopping server on 40659
2019-08-29 09:09:37,378 [main] INFO  server.StorageContainerManager (StorageContainerManager.java:stop(826)) - Stopping the StorageContainerLocationProtocol RPC server
2019-08-29 09:09:37,378 [IPC Server listener on 40659] INFO  ipc.Server (Server.java:run(1185)) - Stopping IPC Server listener on 40659
2019-08-29 09:09:37,378 [main] INFO  server.SCMClientProtocolServer (SCMClientProtocolServer.java:stop(159)) - Stopping the RPC server for Client Protocol
2019-08-29 09:09:37,379 [IPC Server Responder] INFO  ipc.Server (Server.java:run(1319)) - Stopping IPC Server Responder
2019-08-29 09:09:37,380 [main] INFO  ipc.Server (Server.java:stop(3082)) - Stopping server on 45894
2019-08-29 09:09:37,383 [IPC Server listener on 45894] INFO  ipc.Server (Server.java:run(1185)) - Stopping IPC Server listener on 45894
2019-08-29 09:09:37,383 [main] INFO  server.StorageContainerManager (StorageContainerManager.java:stop(833)) - Stopping Storage Container Manager HTTP server.
2019-08-29 09:09:37,383 [IPC Server Responder] INFO  ipc.Server (Server.java:run(1319)) - Stopping IPC Server Responder
2019-08-29 09:09:37,385 [main] INFO  handler.ContextHandler (ContextHandler.java:doStop(910)) - Stopped o.e.j.w.WebAppContext@3ffd4b12{/,null,UNAVAILABLE}{/scm}
2019-08-29 09:09:37,385 [main] INFO  server.AbstractConnector (AbstractConnector.java:doStop(318)) - Stopped ServerConnector@424f02b8{HTTP/1.1,[http/1.1]}{0.0.0.0:0}
2019-08-29 09:09:37,386 [main] INFO  handler.ContextHandler (ContextHandler.java:doStop(910)) - Stopped o.e.j.s.ServletContextHandler@78b0ec3a{/static,file:///workdir/hadoop-ozone/integration-test/target/test-classes/webapps/static,UNAVAILABLE}
2019-08-29 09:09:37,386 [main] INFO  handler.ContextHandler (ContextHandler.java:doStop(910)) - Stopped o.e.j.s.ServletContextHandler@111a7973{/logs,file:///workdir/hadoop-ozone/integration-test/target/log,UNAVAILABLE}
2019-08-29 09:09:37,387 [main] INFO  server.StorageContainerManager (StorageContainerManager.java:stop(844)) - Stopping Block Manager Service.
2019-08-29 09:09:37,388 [main] INFO  utils.BackgroundService (BackgroundService.java:shutdown(148)) - Shutting down service SCMBlockDeletingService
2019-08-29 09:09:37,388 [main] INFO  utils.BackgroundService (BackgroundService.java:shutdown(148)) - Shutting down service SCMBlockDeletingService
2019-08-29 09:09:37,388 [main] INFO  server.StorageContainerManager (StorageContainerManager.java:stop(866)) - Stopping SCM Event Queue.
2019-08-29 09:09:37,393 [main] INFO  impl.MetricsSystemImpl (MetricsSystemImpl.java:stop(210)) - Stopping HddsDatanode metrics system...
2019-08-29 09:09:37,409 [main] INFO  impl.MetricsSystemImpl (MetricsSystemImpl.java:stop(216)) - HddsDatanode metrics system stopped.
]]></system-out>
  </testcase>
  <testcase name="testWatchForCommitWithCloseContainerException" classname="org.apache.hadoop.ozone.client.rpc.TestBlockOutputStreamWithFailures" time="37.256"/>
  <testcase name="testExceptionDuringClose" classname="org.apache.hadoop.ozone.client.rpc.TestBlockOutputStreamWithFailures" time="35.732"/>
</testsuite>