<?xml version="1.0" encoding="UTF-8"?>
<testsuite xmlns:xsi="http://www.w3.org/2001/XMLSchema-instance" xsi:noNamespaceSchemaLocation="https://maven.apache.org/surefire/maven-surefire-plugin/xsd/surefire-test-report.xsd" name="org.apache.hadoop.ozone.client.rpc.TestBlockOutputStreamWithFailures" time="682.325" tests="8" errors="0" skipped="0" failures="1">
  <properties>
    <property name="awt.toolkit" value="sun.awt.X11.XToolkit"/>
    <property name="file.encoding.pkg" value="sun.io"/>
    <property name="java.specification.version" value="1.8"/>
    <property name="sun.cpu.isalist" value=""/>
    <property name="sun.jnu.encoding" value="UTF-8"/>
    <property name="java.class.path" value="/workdir/hadoop-ozone/integration-test/target/test-classes:/workdir/hadoop-ozone/integration-test/target/classes:/home/user/.m2/repository/org/apache/hadoop/hadoop-ozone-common/0.5.0-SNAPSHOT/hadoop-ozone-common-0.5.0-SNAPSHOT.jar:/home/user/.m2/repository/org/apache/commons/commons-compress/1.4.1/commons-compress-1.4.1.jar:/home/user/.m2/repository/org/tukaani/xz/1.0/xz-1.0.jar:/home/user/.m2/repository/org/apache/hadoop/hadoop-common/3.2.0/hadoop-common-3.2.0.jar:/home/user/.m2/repository/org/apache/hadoop/hadoop-hdfs/3.2.0/hadoop-hdfs-3.2.0.jar:/home/user/.m2/repository/org/apache/hadoop/hadoop-hdfs-client/3.2.0/hadoop-hdfs-client-3.2.0.jar:/home/user/.m2/repository/com/fasterxml/jackson/core/jackson-annotations/2.9.5/jackson-annotations-2.9.5.jar:/home/user/.m2/repository/org/apache/hadoop/hadoop-hdds-common/0.5.0-SNAPSHOT/hadoop-hdds-common-0.5.0-SNAPSHOT.jar:/home/user/.m2/repository/javax/annotation/javax.annotation-api/1.2/javax.annotation-api-1.2.jar:/home/user/.m2/repository/org/apache/ratis/ratis-server/0.4.0-2337318-SNAPSHOT/ratis-server-0.4.0-2337318-SNAPSHOT.jar:/home/user/.m2/repository/org/apache/ratis/ratis-thirdparty-misc/0.2.0/ratis-thirdparty-misc-0.2.0.jar:/home/user/.m2/repository/org/apache/ratis/ratis-proto/0.4.0-2337318-SNAPSHOT/ratis-proto-0.4.0-2337318-SNAPSHOT.jar:/home/user/.m2/repository/org/apache/ratis/ratis-common/0.4.0-2337318-SNAPSHOT/ratis-common-0.4.0-2337318-SNAPSHOT.jar:/home/user/.m2/repository/org/apache/ratis/ratis-client/0.4.0-2337318-SNAPSHOT/ratis-client-0.4.0-2337318-SNAPSHOT.jar:/home/user/.m2/repository/org/apache/ratis/ratis-metrics/0.4.0-2337318-SNAPSHOT/ratis-metrics-0.4.0-2337318-SNAPSHOT.jar:/home/user/.m2/repository/org/apache/ratis/ratis-netty/0.4.0-2337318-SNAPSHOT/ratis-netty-0.4.0-2337318-SNAPSHOT.jar:/home/user/.m2/repository/org/apache/ratis/ratis-grpc/0.4.0-2337318-SNAPSHOT/ratis-grpc-0.4.0-2337318-SNAPSHOT.jar:/home/user/.m2/repository/org/rocksdb/rocksdbjni/6.0.1/rocksdbjni-6.0.1.jar:/home/user/.m2/repository/org/apache/logging/log4j/log4j-api/2.11.0/log4j-api-2.11.0.jar:/home/user/.m2/repository/org/apache/logging/log4j/log4j-core/2.11.0/log4j-core-2.11.0.jar:/home/user/.m2/repository/com/lmax/disruptor/3.4.2/disruptor-3.4.2.jar:/home/user/.m2/repository/org/apache/commons/commons-pool2/2.6.0/commons-pool2-2.6.0.jar:/home/user/.m2/repository/org/bouncycastle/bcpkix-jdk15on/1.60/bcpkix-jdk15on-1.60.jar:/home/user/.m2/repository/commons-validator/commons-validator/1.6/commons-validator-1.6.jar:/home/user/.m2/repository/commons-digester/commons-digester/1.8.1/commons-digester-1.8.1.jar:/home/user/.m2/repository/io/jaegertracing/jaeger-client/0.33.1/jaeger-client-0.33.1.jar:/home/user/.m2/repository/io/jaegertracing/jaeger-thrift/0.33.1/jaeger-thrift-0.33.1.jar:/home/user/.m2/repository/org/apache/thrift/libthrift/0.11.0/libthrift-0.11.0.jar:/home/user/.m2/repository/com/squareup/okhttp3/okhttp/3.9.0/okhttp-3.9.0.jar:/home/user/.m2/repository/com/squareup/okio/okio/1.13.0/okio-1.13.0.jar:/home/user/.m2/repository/io/jaegertracing/jaeger-core/0.33.1/jaeger-core-0.33.1.jar:/home/user/.m2/repository/io/jaegertracing/jaeger-tracerresolver/0.33.1/jaeger-tracerresolver-0.33.1.jar:/home/user/.m2/repository/io/opentracing/contrib/opentracing-tracerresolver/0.1.5/opentracing-tracerresolver-0.1.5.jar:/home/user/.m2/repository/io/opentracing/opentracing-util/0.31.0/opentracing-util-0.31.0.jar:/home/user/.m2/repository/io/opentracing/opentracing-api/0.31.0/opentracing-api-0.31.0.jar:/home/user/.m2/repository/io/opentracing/opentracing-noop/0.31.0/opentracing-noop-0.31.0.jar:/home/user/.m2/repository/org/apache/hadoop/hadoop-hdds-server-framework/0.5.0-SNAPSHOT/hadoop-hdds-server-framework-0.5.0-SNAPSHOT.jar:/home/user/.m2/repository/org/apache/hadoop/hadoop-hdds-container-service/0.5.0-SNAPSHOT/hadoop-hdds-container-service-0.5.0-SNAPSHOT.jar:/home/user/.m2/repository/org/apache/hadoop/hadoop-hdds-client/0.5.0-SNAPSHOT/hadoop-hdds-client-0.5.0-SNAPSHOT.jar:/home/user/.m2/repository/org/apache/hadoop/hadoop-hdds-tools/0.5.0-SNAPSHOT/hadoop-hdds-tools-0.5.0-SNAPSHOT.jar:/home/user/.m2/repository/org/apache/hadoop/hadoop-hdds-server-scm/0.5.0-SNAPSHOT/hadoop-hdds-server-scm-0.5.0-SNAPSHOT.jar:/home/user/.m2/repository/org/apache/hadoop/hadoop-hdds-docs/0.5.0-SNAPSHOT/hadoop-hdds-docs-0.5.0-SNAPSHOT.jar:/home/user/.m2/repository/io/dropwizard/metrics/metrics-core/3.2.4/metrics-core-3.2.4.jar:/home/user/.m2/repository/org/hamcrest/hamcrest-all/1.3/hamcrest-all-1.3.jar:/home/user/.m2/repository/org/bouncycastle/bcprov-jdk15on/1.60/bcprov-jdk15on-1.60.jar:/home/user/.m2/repository/info/picocli/picocli/3.9.6/picocli-3.9.6.jar:/home/user/.m2/repository/com/google/protobuf/protobuf-java/2.5.0/protobuf-java-2.5.0.jar:/home/user/.m2/repository/com/google/guava/guava/11.0.2/guava-11.0.2.jar:/home/user/.m2/repository/org/apache/hadoop/hadoop-ozone-ozone-manager/0.5.0-SNAPSHOT/hadoop-ozone-ozone-manager-0.5.0-SNAPSHOT.jar:/home/user/.m2/repository/org/apache/hadoop/hadoop-minikdc/3.2.0/hadoop-minikdc-3.2.0.jar:/home/user/.m2/repository/commons-io/commons-io/2.5/commons-io-2.5.jar:/home/user/.m2/repository/org/apache/kerby/kerb-simplekdc/1.0.1/kerb-simplekdc-1.0.1.jar:/home/user/.m2/repository/org/apache/kerby/kerb-client/1.0.1/kerb-client-1.0.1.jar:/home/user/.m2/repository/org/apache/kerby/kerby-config/1.0.1/kerby-config-1.0.1.jar:/home/user/.m2/repository/org/apache/kerby/kerb-core/1.0.1/kerb-core-1.0.1.jar:/home/user/.m2/repository/org/apache/kerby/kerby-pkix/1.0.1/kerby-pkix-1.0.1.jar:/home/user/.m2/repository/org/apache/kerby/kerby-asn1/1.0.1/kerby-asn1-1.0.1.jar:/home/user/.m2/repository/org/apache/kerby/kerby-util/1.0.1/kerby-util-1.0.1.jar:/home/user/.m2/repository/org/apache/kerby/kerb-common/1.0.1/kerb-common-1.0.1.jar:/home/user/.m2/repository/org/apache/kerby/kerb-crypto/1.0.1/kerb-crypto-1.0.1.jar:/home/user/.m2/repository/org/apache/kerby/kerb-util/1.0.1/kerb-util-1.0.1.jar:/home/user/.m2/repository/org/apache/kerby/token-provider/1.0.1/token-provider-1.0.1.jar:/home/user/.m2/repository/org/apache/kerby/kerb-admin/1.0.1/kerb-admin-1.0.1.jar:/home/user/.m2/repository/org/apache/kerby/kerb-server/1.0.1/kerb-server-1.0.1.jar:/home/user/.m2/repository/org/apache/kerby/kerb-identity/1.0.1/kerb-identity-1.0.1.jar:/home/user/.m2/repository/org/apache/kerby/kerby-xdr/1.0.1/kerby-xdr-1.0.1.jar:/home/user/.m2/repository/org/slf4j/slf4j-log4j12/1.7.25/slf4j-log4j12-1.7.25.jar:/home/user/.m2/repository/org/apache/hadoop/hadoop-ozone-s3gateway/0.5.0-SNAPSHOT/hadoop-ozone-s3gateway-0.5.0-SNAPSHOT.jar:/home/user/.m2/repository/org/jboss/weld/servlet/weld-servlet/2.4.7.Final/weld-servlet-2.4.7.Final.jar:/home/user/.m2/repository/org/glassfish/jersey/containers/jersey-container-servlet-core/2.27/jersey-container-servlet-core-2.27.jar:/home/user/.m2/repository/org/glassfish/hk2/external/javax.inject/2.5.0-b42/javax.inject-2.5.0-b42.jar:/home/user/.m2/repository/org/glassfish/jersey/core/jersey-common/2.27/jersey-common-2.27.jar:/home/user/.m2/repository/org/glassfish/hk2/osgi-resource-locator/1.0.1/osgi-resource-locator-1.0.1.jar:/home/user/.m2/repository/javax/ws/rs/javax.ws.rs-api/2.1/javax.ws.rs-api-2.1.jar:/home/user/.m2/repository/org/glassfish/jersey/ext/cdi/jersey-cdi1x/2.27/jersey-cdi1x-2.27.jar:/home/user/.m2/repository/org/glassfish/jersey/inject/jersey-hk2/2.27/jersey-hk2-2.27.jar:/home/user/.m2/repository/org/glassfish/hk2/hk2-locator/2.5.0-b42/hk2-locator-2.5.0-b42.jar:/home/user/.m2/repository/org/javassist/javassist/3.22.0-CR2/javassist-3.22.0-CR2.jar:/home/user/.m2/repository/org/glassfish/hk2/hk2-api/2.5.0/hk2-api-2.5.0.jar:/home/user/.m2/repository/org/glassfish/hk2/external/jakarta.inject/2.5.0/jakarta.inject-2.5.0.jar:/home/user/.m2/repository/org/glassfish/hk2/hk2-utils/2.5.0/hk2-utils-2.5.0.jar:/home/user/.m2/repository/jakarta/annotation/jakarta.annotation-api/1.3.4/jakarta.annotation-api-1.3.4.jar:/home/user/.m2/repository/org/glassfish/hk2/external/aopalliance-repackaged/2.5.0/aopalliance-repackaged-2.5.0.jar:/home/user/.m2/repository/com/fasterxml/jackson/dataformat/jackson-dataformat-xml/2.9.0/jackson-dataformat-xml-2.9.0.jar:/home/user/.m2/repository/com/fasterxml/jackson/core/jackson-core/2.9.5/jackson-core-2.9.5.jar:/home/user/.m2/repository/com/fasterxml/jackson/module/jackson-module-jaxb-annotations/2.9.5/jackson-module-jaxb-annotations-2.9.5.jar:/home/user/.m2/repository/javax/enterprise/cdi-api/1.2/cdi-api-1.2.jar:/home/user/.m2/repository/javax/el/javax.el-api/3.0.0/javax.el-api-3.0.0.jar:/home/user/.m2/repository/javax/interceptor/javax.interceptor-api/1.2/javax.interceptor-api-1.2.jar:/home/user/.m2/repository/javax/inject/javax.inject/1/javax.inject-1.jar:/home/user/.m2/repository/com/sun/xml/bind/jaxb-impl/2.3.0.1/jaxb-impl-2.3.0.1.jar:/home/user/.m2/repository/com/sun/xml/bind/jaxb-core/2.3.0.1/jaxb-core-2.3.0.1.jar:/home/user/.m2/repository/javax/xml/bind/jaxb-api/2.3.0/jaxb-api-2.3.0.jar:/home/user/.m2/repository/javax/activation/activation/1.1.1/activation-1.1.1.jar:/home/user/.m2/repository/org/apache/hadoop/hadoop-ozone-csi/0.5.0-SNAPSHOT/hadoop-ozone-csi-0.5.0-SNAPSHOT.jar:/home/user/.m2/repository/com/google/protobuf/protobuf-java-util/3.5.1/protobuf-java-util-3.5.1.jar:/home/user/.m2/repository/org/apache/hadoop/hadoop-hdds-config/0.5.0-SNAPSHOT/hadoop-hdds-config-0.5.0-SNAPSHOT.jar:/home/user/.m2/repository/io/grpc/grpc-netty/1.17.1/grpc-netty-1.17.1.jar:/home/user/.m2/repository/io/grpc/grpc-core/1.17.1/grpc-core-1.17.1.jar:/home/user/.m2/repository/io/grpc/grpc-context/1.17.1/grpc-context-1.17.1.jar:/home/user/.m2/repository/com/google/errorprone/error_prone_annotations/2.2.0/error_prone_annotations-2.2.0.jar:/home/user/.m2/repository/org/codehaus/mojo/animal-sniffer-annotations/1.17/animal-sniffer-annotations-1.17.jar:/home/user/.m2/repository/io/opencensus/opencensus-api/0.17.0/opencensus-api-0.17.0.jar:/home/user/.m2/repository/io/opencensus/opencensus-contrib-grpc-metrics/0.17.0/opencensus-contrib-grpc-metrics-0.17.0.jar:/home/user/.m2/repository/io/netty/netty-codec-http2/4.1.30.Final/netty-codec-http2-4.1.30.Final.jar:/home/user/.m2/repository/io/netty/netty-codec-http/4.1.30.Final/netty-codec-http-4.1.30.Final.jar:/home/user/.m2/repository/io/netty/netty-codec/4.1.30.Final/netty-codec-4.1.30.Final.jar:/home/user/.m2/repository/io/netty/netty-handler/4.1.30.Final/netty-handler-4.1.30.Final.jar:/home/user/.m2/repository/io/netty/netty-handler-proxy/4.1.30.Final/netty-handler-proxy-4.1.30.Final.jar:/home/user/.m2/repository/io/netty/netty-codec-socks/4.1.30.Final/netty-codec-socks-4.1.30.Final.jar:/home/user/.m2/repository/io/netty/netty-transport-native-epoll/4.1.30.Final/netty-transport-native-epoll-4.1.30.Final.jar:/home/user/.m2/repository/io/netty/netty-common/4.1.30.Final/netty-common-4.1.30.Final.jar:/home/user/.m2/repository/io/netty/netty-buffer/4.1.30.Final/netty-buffer-4.1.30.Final.jar:/home/user/.m2/repository/io/netty/netty-transport/4.1.30.Final/netty-transport-4.1.30.Final.jar:/home/user/.m2/repository/io/netty/netty-resolver/4.1.30.Final/netty-resolver-4.1.30.Final.jar:/home/user/.m2/repository/io/netty/netty-transport-native-unix-common/4.1.30.Final/netty-transport-native-unix-common-4.1.30.Final.jar:/home/user/.m2/repository/io/grpc/grpc-protobuf/1.17.1/grpc-protobuf-1.17.1.jar:/home/user/.m2/repository/com/google/api/grpc/proto-google-common-protos/1.0.0/proto-google-common-protos-1.0.0.jar:/home/user/.m2/repository/io/grpc/grpc-protobuf-lite/1.17.1/grpc-protobuf-lite-1.17.1.jar:/home/user/.m2/repository/io/grpc/grpc-stub/1.17.1/grpc-stub-1.17.1.jar:/home/user/.m2/repository/org/apache/hadoop/hadoop-ozone-recon/0.5.0-SNAPSHOT/hadoop-ozone-recon-0.5.0-SNAPSHOT.jar:/home/user/.m2/repository/org/apache/hadoop/hadoop-ozone-reconcodegen/0.5.0-SNAPSHOT/hadoop-ozone-reconcodegen-0.5.0-SNAPSHOT.jar:/home/user/.m2/repository/com/google/inject/extensions/guice-multibindings/4.0/guice-multibindings-4.0.jar:/home/user/.m2/repository/com/google/inject/guice/4.0/guice-4.0.jar:/home/user/.m2/repository/aopalliance/aopalliance/1.0/aopalliance-1.0.jar:/home/user/.m2/repository/com/google/inject/extensions/guice-servlet/4.0/guice-servlet-4.0.jar:/home/user/.m2/repository/org/glassfish/jersey/containers/jersey-container-servlet/2.27/jersey-container-servlet-2.27.jar:/home/user/.m2/repository/org/glassfish/hk2/guice-bridge/2.5.0/guice-bridge-2.5.0.jar:/home/user/.m2/repository/org/glassfish/jersey/core/jersey-server/2.27/jersey-server-2.27.jar:/home/user/.m2/repository/org/glassfish/jersey/core/jersey-client/2.27/jersey-client-2.27.jar:/home/user/.m2/repository/org/glassfish/jersey/media/jersey-media-jaxb/2.27/jersey-media-jaxb-2.27.jar:/home/user/.m2/repository/javax/validation/validation-api/1.1.0.Final/validation-api-1.1.0.Final.jar:/home/user/.m2/repository/org/glassfish/jersey/media/jersey-media-json-jackson/2.27/jersey-media-json-jackson-2.27.jar:/home/user/.m2/repository/org/glassfish/jersey/ext/jersey-entity-filtering/2.27/jersey-entity-filtering-2.27.jar:/home/user/.m2/repository/com/google/inject/extensions/guice-assistedinject/4.0/guice-assistedinject-4.0.jar:/home/user/.m2/repository/org/jooq/jooq/3.11.10/jooq-3.11.10.jar:/home/user/.m2/repository/org/jooq/jooq-meta/3.11.10/jooq-meta-3.11.10.jar:/home/user/.m2/repository/org/jooq/jooq-codegen/3.11.10/jooq-codegen-3.11.10.jar:/home/user/.m2/repository/com/jolbox/bonecp/0.8.0.RELEASE/bonecp-0.8.0.RELEASE.jar:/home/user/.m2/repository/org/xerial/sqlite-jdbc/3.25.2/sqlite-jdbc-3.25.2.jar:/home/user/.m2/repository/org/springframework/spring-jdbc/5.1.3.RELEASE/spring-jdbc-5.1.3.RELEASE.jar:/home/user/.m2/repository/org/springframework/spring-beans/5.1.3.RELEASE/spring-beans-5.1.3.RELEASE.jar:/home/user/.m2/repository/org/springframework/spring-core/5.1.3.RELEASE/spring-core-5.1.3.RELEASE.jar:/home/user/.m2/repository/org/springframework/spring-jcl/5.1.3.RELEASE/spring-jcl-5.1.3.RELEASE.jar:/home/user/.m2/repository/org/springframework/spring-tx/5.1.3.RELEASE/spring-tx-5.1.3.RELEASE.jar:/home/user/.m2/repository/org/apache/hadoop/hadoop-ozone-client/0.5.0-SNAPSHOT/hadoop-ozone-client-0.5.0-SNAPSHOT.jar:/home/user/.m2/repository/commons-lang/commons-lang/2.6/commons-lang-2.6.jar:/home/user/.m2/repository/org/apache/hadoop/hadoop-ozone-ozone-manager/0.5.0-SNAPSHOT/hadoop-ozone-ozone-manager-0.5.0-SNAPSHOT-tests.jar:/home/user/.m2/repository/junit/junit/4.11/junit-4.11.jar:/home/user/.m2/repository/org/hamcrest/hamcrest-core/1.3/hamcrest-core-1.3.jar:/home/user/.m2/repository/org/openjdk/jmh/jmh-core/1.19/jmh-core-1.19.jar:/home/user/.m2/repository/net/sf/jopt-simple/jopt-simple/4.6/jopt-simple-4.6.jar:/home/user/.m2/repository/org/apache/commons/commons-math3/3.1.1/commons-math3-3.1.1.jar:/home/user/.m2/repository/org/openjdk/jmh/jmh-generator-annprocess/1.19/jmh-generator-annprocess-1.19.jar:/home/user/.m2/repository/org/mockito/mockito-all/1.8.5/mockito-all-1.8.5.jar:/home/user/.m2/repository/org/apache/hadoop/hadoop-kms/3.2.0/hadoop-kms-3.2.0.jar:/home/user/.m2/repository/org/apache/hadoop/hadoop-auth/3.2.0/hadoop-auth-3.2.0.jar:/home/user/.m2/repository/com/nimbusds/nimbus-jose-jwt/4.41.1/nimbus-jose-jwt-4.41.1.jar:/home/user/.m2/repository/com/github/stephenc/jcip/jcip-annotations/1.0-1/jcip-annotations-1.0-1.jar:/home/user/.m2/repository/net/minidev/json-smart/2.3/json-smart-2.3.jar:/home/user/.m2/repository/net/minidev/accessors-smart/1.2/accessors-smart-1.2.jar:/home/user/.m2/repository/org/ow2/asm/asm/5.0.4/asm-5.0.4.jar:/home/user/.m2/repository/org/apache/curator/curator-framework/2.12.0/curator-framework-2.12.0.jar:/home/user/.m2/repository/com/sun/jersey/jersey-core/1.19/jersey-core-1.19.jar:/home/user/.m2/repository/javax/ws/rs/jsr311-api/1.1.1/jsr311-api-1.1.1.jar:/home/user/.m2/repository/com/sun/jersey/jersey-server/1.19/jersey-server-1.19.jar:/home/user/.m2/repository/javax/servlet/javax.servlet-api/3.1.0/javax.servlet-api-3.1.0.jar:/home/user/.m2/repository/org/eclipse/jetty/jetty-server/9.3.24.v20180605/jetty-server-9.3.24.v20180605.jar:/home/user/.m2/repository/org/eclipse/jetty/jetty-http/9.3.24.v20180605/jetty-http-9.3.24.v20180605.jar:/home/user/.m2/repository/org/eclipse/jetty/jetty-io/9.3.24.v20180605/jetty-io-9.3.24.v20180605.jar:/home/user/.m2/repository/org/eclipse/jetty/jetty-webapp/9.3.24.v20180605/jetty-webapp-9.3.24.v20180605.jar:/home/user/.m2/repository/org/eclipse/jetty/jetty-xml/9.3.24.v20180605/jetty-xml-9.3.24.v20180605.jar:/home/user/.m2/repository/log4j/log4j/1.2.17/log4j-1.2.17.jar:/home/user/.m2/repository/org/slf4j/slf4j-api/1.7.25/slf4j-api-1.7.25.jar:/home/user/.m2/repository/org/slf4j/jul-to-slf4j/1.7.25/jul-to-slf4j-1.7.25.jar:/home/user/.m2/repository/org/eclipse/jetty/jetty-util/9.3.24.v20180605/jetty-util-9.3.24.v20180605.jar:/home/user/.m2/repository/com/fasterxml/jackson/core/jackson-databind/2.9.5/jackson-databind-2.9.5.jar:/home/user/.m2/repository/org/apache/hadoop/hadoop-kms/3.2.0/hadoop-kms-3.2.0-tests.jar:/home/user/.m2/repository/org/apache/hadoop/hadoop-hdds-server-scm/0.5.0-SNAPSHOT/hadoop-hdds-server-scm-0.5.0-SNAPSHOT-tests.jar:/home/user/.m2/repository/org/apache/hadoop/hadoop-hdds-container-service/0.5.0-SNAPSHOT/hadoop-hdds-container-service-0.5.0-SNAPSHOT-tests.jar:/home/user/.m2/repository/org/yaml/snakeyaml/1.16/snakeyaml-1.16.jar:/home/user/.m2/repository/org/apache/hadoop/hadoop-common/3.2.0/hadoop-common-3.2.0-tests.jar:/home/user/.m2/repository/org/apache/hadoop/hadoop-annotations/3.2.0/hadoop-annotations-3.2.0.jar:/usr/lib/jvm/java-1.8-openjdk/jre/../lib/tools.jar:/home/user/.m2/repository/commons-cli/commons-cli/1.2/commons-cli-1.2.jar:/home/user/.m2/repository/org/apache/httpcomponents/httpclient/4.5.2/httpclient-4.5.2.jar:/home/user/.m2/repository/org/apache/httpcomponents/httpcore/4.4.4/httpcore-4.4.4.jar:/home/user/.m2/repository/commons-codec/commons-codec/1.11/commons-codec-1.11.jar:/home/user/.m2/repository/commons-net/commons-net/3.6/commons-net-3.6.jar:/home/user/.m2/repository/commons-collections/commons-collections/3.2.2/commons-collections-3.2.2.jar:/home/user/.m2/repository/org/eclipse/jetty/jetty-servlet/9.3.24.v20180605/jetty-servlet-9.3.24.v20180605.jar:/home/user/.m2/repository/org/eclipse/jetty/jetty-security/9.3.24.v20180605/jetty-security-9.3.24.v20180605.jar:/home/user/.m2/repository/javax/servlet/jsp/jsp-api/2.1/jsp-api-2.1.jar:/home/user/.m2/repository/com/sun/jersey/jersey-servlet/1.19/jersey-servlet-1.19.jar:/home/user/.m2/repository/com/sun/jersey/jersey-json/1.19/jersey-json-1.19.jar:/home/user/.m2/repository/org/codehaus/jettison/jettison/1.1/jettison-1.1.jar:/home/user/.m2/repository/org/codehaus/jackson/jackson-core-asl/1.9.13/jackson-core-asl-1.9.13.jar:/home/user/.m2/repository/org/codehaus/jackson/jackson-mapper-asl/1.9.13/jackson-mapper-asl-1.9.13.jar:/home/user/.m2/repository/org/codehaus/jackson/jackson-jaxrs/1.9.13/jackson-jaxrs-1.9.13.jar:/home/user/.m2/repository/org/codehaus/jackson/jackson-xc/1.9.13/jackson-xc-1.9.13.jar:/home/user/.m2/repository/commons-logging/commons-logging/1.1.3/commons-logging-1.1.3.jar:/home/user/.m2/repository/commons-beanutils/commons-beanutils/1.9.3/commons-beanutils-1.9.3.jar:/home/user/.m2/repository/org/apache/commons/commons-configuration2/2.1.1/commons-configuration2-2.1.1.jar:/home/user/.m2/repository/org/apache/commons/commons-lang3/3.7/commons-lang3-3.7.jar:/home/user/.m2/repository/org/apache/commons/commons-text/1.4/commons-text-1.4.jar:/home/user/.m2/repository/org/apache/avro/avro/1.7.7/avro-1.7.7.jar:/home/user/.m2/repository/com/thoughtworks/paranamer/paranamer/2.3/paranamer-2.3.jar:/home/user/.m2/repository/org/xerial/snappy/snappy-java/1.0.5/snappy-java-1.0.5.jar:/home/user/.m2/repository/com/google/re2j/re2j/1.1/re2j-1.1.jar:/home/user/.m2/repository/com/google/code/gson/gson/2.2.4/gson-2.2.4.jar:/home/user/.m2/repository/com/jcraft/jsch/0.1.54/jsch-0.1.54.jar:/home/user/.m2/repository/org/apache/curator/curator-client/2.12.0/curator-client-2.12.0.jar:/home/user/.m2/repository/org/apache/curator/curator-recipes/2.12.0/curator-recipes-2.12.0.jar:/home/user/.m2/repository/com/google/code/findbugs/jsr305/3.0.0/jsr305-3.0.0.jar:/home/user/.m2/repository/org/apache/htrace/htrace-core4/4.1.0-incubating/htrace-core4-4.1.0-incubating.jar:/home/user/.m2/repository/org/apache/zookeeper/zookeeper/3.4.13/zookeeper-3.4.13.jar:/home/user/.m2/repository/org/apache/yetus/audience-annotations/0.5.0/audience-annotations-0.5.0.jar:/home/user/.m2/repository/org/codehaus/woodstox/stax2-api/3.1.4/stax2-api-3.1.4.jar:/home/user/.m2/repository/com/fasterxml/woodstox/woodstox-core/5.0.3/woodstox-core-5.0.3.jar:/home/user/.m2/repository/dnsjava/dnsjava/2.1.7/dnsjava-2.1.7.jar:/home/user/.m2/repository/org/apache/hadoop/hadoop-hdfs/3.2.0/hadoop-hdfs-3.2.0-tests.jar:/home/user/.m2/repository/org/eclipse/jetty/jetty-util-ajax/9.3.24.v20180605/jetty-util-ajax-9.3.24.v20180605.jar:/home/user/.m2/repository/commons-daemon/commons-daemon/1.0.13/commons-daemon-1.0.13.jar:/home/user/.m2/repository/io/netty/netty/3.10.5.Final/netty-3.10.5.Final.jar:/home/user/.m2/repository/io/netty/netty-all/4.0.52.Final/netty-all-4.0.52.Final.jar:/home/user/.m2/repository/org/fusesource/leveldbjni/leveldbjni-all/1.8/leveldbjni-all-1.8.jar:"/>
    <property name="java.vm.vendor" value="IcedTea"/>
    <property name="sun.arch.data.model" value="64"/>
    <property name="test.build.dir" value="/workdir/hadoop-ozone/integration-test/target/test-dir"/>
    <property name="test.cache.data" value=""/>
    <property name="java.vendor.url" value="https://icedtea.classpath.org"/>
    <property name="user.timezone" value=""/>
    <property name="java.vm.specification.version" value="1.8"/>
    <property name="os.name" value="Linux"/>
    <property name="test.build.data" value="/workdir/hadoop-ozone/integration-test/target/test-dir"/>
    <property name="user.country" value="US"/>
    <property name="sun.java.launcher" value="SUN_STANDARD"/>
    <property name="sun.boot.library.path" value="/usr/lib/jvm/java-1.8-openjdk/jre/lib/amd64"/>
    <property name="sun.java.command" value="/workdir/hadoop-ozone/integration-test/target/surefire/surefirebooter8760100066787192796.jar /workdir/hadoop-ozone/integration-test/target/surefire 2019-09-03T05-11-55_879-jvmRun1 surefire3360607901022258324tmp surefire_164765205516306782913tmp"/>
    <property name="test" value="!TestMiniChaosOzoneCluster"/>
    <property name="surefire.test.class.path" value="/workdir/hadoop-ozone/integration-test/target/test-classes:/workdir/hadoop-ozone/integration-test/target/classes:/home/user/.m2/repository/org/apache/hadoop/hadoop-ozone-common/0.5.0-SNAPSHOT/hadoop-ozone-common-0.5.0-SNAPSHOT.jar:/home/user/.m2/repository/org/apache/commons/commons-compress/1.4.1/commons-compress-1.4.1.jar:/home/user/.m2/repository/org/tukaani/xz/1.0/xz-1.0.jar:/home/user/.m2/repository/org/apache/hadoop/hadoop-common/3.2.0/hadoop-common-3.2.0.jar:/home/user/.m2/repository/org/apache/hadoop/hadoop-hdfs/3.2.0/hadoop-hdfs-3.2.0.jar:/home/user/.m2/repository/org/apache/hadoop/hadoop-hdfs-client/3.2.0/hadoop-hdfs-client-3.2.0.jar:/home/user/.m2/repository/com/fasterxml/jackson/core/jackson-annotations/2.9.5/jackson-annotations-2.9.5.jar:/home/user/.m2/repository/org/apache/hadoop/hadoop-hdds-common/0.5.0-SNAPSHOT/hadoop-hdds-common-0.5.0-SNAPSHOT.jar:/home/user/.m2/repository/javax/annotation/javax.annotation-api/1.2/javax.annotation-api-1.2.jar:/home/user/.m2/repository/org/apache/ratis/ratis-server/0.4.0-2337318-SNAPSHOT/ratis-server-0.4.0-2337318-SNAPSHOT.jar:/home/user/.m2/repository/org/apache/ratis/ratis-thirdparty-misc/0.2.0/ratis-thirdparty-misc-0.2.0.jar:/home/user/.m2/repository/org/apache/ratis/ratis-proto/0.4.0-2337318-SNAPSHOT/ratis-proto-0.4.0-2337318-SNAPSHOT.jar:/home/user/.m2/repository/org/apache/ratis/ratis-common/0.4.0-2337318-SNAPSHOT/ratis-common-0.4.0-2337318-SNAPSHOT.jar:/home/user/.m2/repository/org/apache/ratis/ratis-client/0.4.0-2337318-SNAPSHOT/ratis-client-0.4.0-2337318-SNAPSHOT.jar:/home/user/.m2/repository/org/apache/ratis/ratis-metrics/0.4.0-2337318-SNAPSHOT/ratis-metrics-0.4.0-2337318-SNAPSHOT.jar:/home/user/.m2/repository/org/apache/ratis/ratis-netty/0.4.0-2337318-SNAPSHOT/ratis-netty-0.4.0-2337318-SNAPSHOT.jar:/home/user/.m2/repository/org/apache/ratis/ratis-grpc/0.4.0-2337318-SNAPSHOT/ratis-grpc-0.4.0-2337318-SNAPSHOT.jar:/home/user/.m2/repository/org/rocksdb/rocksdbjni/6.0.1/rocksdbjni-6.0.1.jar:/home/user/.m2/repository/org/apache/logging/log4j/log4j-api/2.11.0/log4j-api-2.11.0.jar:/home/user/.m2/repository/org/apache/logging/log4j/log4j-core/2.11.0/log4j-core-2.11.0.jar:/home/user/.m2/repository/com/lmax/disruptor/3.4.2/disruptor-3.4.2.jar:/home/user/.m2/repository/org/apache/commons/commons-pool2/2.6.0/commons-pool2-2.6.0.jar:/home/user/.m2/repository/org/bouncycastle/bcpkix-jdk15on/1.60/bcpkix-jdk15on-1.60.jar:/home/user/.m2/repository/commons-validator/commons-validator/1.6/commons-validator-1.6.jar:/home/user/.m2/repository/commons-digester/commons-digester/1.8.1/commons-digester-1.8.1.jar:/home/user/.m2/repository/io/jaegertracing/jaeger-client/0.33.1/jaeger-client-0.33.1.jar:/home/user/.m2/repository/io/jaegertracing/jaeger-thrift/0.33.1/jaeger-thrift-0.33.1.jar:/home/user/.m2/repository/org/apache/thrift/libthrift/0.11.0/libthrift-0.11.0.jar:/home/user/.m2/repository/com/squareup/okhttp3/okhttp/3.9.0/okhttp-3.9.0.jar:/home/user/.m2/repository/com/squareup/okio/okio/1.13.0/okio-1.13.0.jar:/home/user/.m2/repository/io/jaegertracing/jaeger-core/0.33.1/jaeger-core-0.33.1.jar:/home/user/.m2/repository/io/jaegertracing/jaeger-tracerresolver/0.33.1/jaeger-tracerresolver-0.33.1.jar:/home/user/.m2/repository/io/opentracing/contrib/opentracing-tracerresolver/0.1.5/opentracing-tracerresolver-0.1.5.jar:/home/user/.m2/repository/io/opentracing/opentracing-util/0.31.0/opentracing-util-0.31.0.jar:/home/user/.m2/repository/io/opentracing/opentracing-api/0.31.0/opentracing-api-0.31.0.jar:/home/user/.m2/repository/io/opentracing/opentracing-noop/0.31.0/opentracing-noop-0.31.0.jar:/home/user/.m2/repository/org/apache/hadoop/hadoop-hdds-server-framework/0.5.0-SNAPSHOT/hadoop-hdds-server-framework-0.5.0-SNAPSHOT.jar:/home/user/.m2/repository/org/apache/hadoop/hadoop-hdds-container-service/0.5.0-SNAPSHOT/hadoop-hdds-container-service-0.5.0-SNAPSHOT.jar:/home/user/.m2/repository/org/apache/hadoop/hadoop-hdds-client/0.5.0-SNAPSHOT/hadoop-hdds-client-0.5.0-SNAPSHOT.jar:/home/user/.m2/repository/org/apache/hadoop/hadoop-hdds-tools/0.5.0-SNAPSHOT/hadoop-hdds-tools-0.5.0-SNAPSHOT.jar:/home/user/.m2/repository/org/apache/hadoop/hadoop-hdds-server-scm/0.5.0-SNAPSHOT/hadoop-hdds-server-scm-0.5.0-SNAPSHOT.jar:/home/user/.m2/repository/org/apache/hadoop/hadoop-hdds-docs/0.5.0-SNAPSHOT/hadoop-hdds-docs-0.5.0-SNAPSHOT.jar:/home/user/.m2/repository/io/dropwizard/metrics/metrics-core/3.2.4/metrics-core-3.2.4.jar:/home/user/.m2/repository/org/hamcrest/hamcrest-all/1.3/hamcrest-all-1.3.jar:/home/user/.m2/repository/org/bouncycastle/bcprov-jdk15on/1.60/bcprov-jdk15on-1.60.jar:/home/user/.m2/repository/info/picocli/picocli/3.9.6/picocli-3.9.6.jar:/home/user/.m2/repository/com/google/protobuf/protobuf-java/2.5.0/protobuf-java-2.5.0.jar:/home/user/.m2/repository/com/google/guava/guava/11.0.2/guava-11.0.2.jar:/home/user/.m2/repository/org/apache/hadoop/hadoop-ozone-ozone-manager/0.5.0-SNAPSHOT/hadoop-ozone-ozone-manager-0.5.0-SNAPSHOT.jar:/home/user/.m2/repository/org/apache/hadoop/hadoop-minikdc/3.2.0/hadoop-minikdc-3.2.0.jar:/home/user/.m2/repository/commons-io/commons-io/2.5/commons-io-2.5.jar:/home/user/.m2/repository/org/apache/kerby/kerb-simplekdc/1.0.1/kerb-simplekdc-1.0.1.jar:/home/user/.m2/repository/org/apache/kerby/kerb-client/1.0.1/kerb-client-1.0.1.jar:/home/user/.m2/repository/org/apache/kerby/kerby-config/1.0.1/kerby-config-1.0.1.jar:/home/user/.m2/repository/org/apache/kerby/kerb-core/1.0.1/kerb-core-1.0.1.jar:/home/user/.m2/repository/org/apache/kerby/kerby-pkix/1.0.1/kerby-pkix-1.0.1.jar:/home/user/.m2/repository/org/apache/kerby/kerby-asn1/1.0.1/kerby-asn1-1.0.1.jar:/home/user/.m2/repository/org/apache/kerby/kerby-util/1.0.1/kerby-util-1.0.1.jar:/home/user/.m2/repository/org/apache/kerby/kerb-common/1.0.1/kerb-common-1.0.1.jar:/home/user/.m2/repository/org/apache/kerby/kerb-crypto/1.0.1/kerb-crypto-1.0.1.jar:/home/user/.m2/repository/org/apache/kerby/kerb-util/1.0.1/kerb-util-1.0.1.jar:/home/user/.m2/repository/org/apache/kerby/token-provider/1.0.1/token-provider-1.0.1.jar:/home/user/.m2/repository/org/apache/kerby/kerb-admin/1.0.1/kerb-admin-1.0.1.jar:/home/user/.m2/repository/org/apache/kerby/kerb-server/1.0.1/kerb-server-1.0.1.jar:/home/user/.m2/repository/org/apache/kerby/kerb-identity/1.0.1/kerb-identity-1.0.1.jar:/home/user/.m2/repository/org/apache/kerby/kerby-xdr/1.0.1/kerby-xdr-1.0.1.jar:/home/user/.m2/repository/org/slf4j/slf4j-log4j12/1.7.25/slf4j-log4j12-1.7.25.jar:/home/user/.m2/repository/org/apache/hadoop/hadoop-ozone-s3gateway/0.5.0-SNAPSHOT/hadoop-ozone-s3gateway-0.5.0-SNAPSHOT.jar:/home/user/.m2/repository/org/jboss/weld/servlet/weld-servlet/2.4.7.Final/weld-servlet-2.4.7.Final.jar:/home/user/.m2/repository/org/glassfish/jersey/containers/jersey-container-servlet-core/2.27/jersey-container-servlet-core-2.27.jar:/home/user/.m2/repository/org/glassfish/hk2/external/javax.inject/2.5.0-b42/javax.inject-2.5.0-b42.jar:/home/user/.m2/repository/org/glassfish/jersey/core/jersey-common/2.27/jersey-common-2.27.jar:/home/user/.m2/repository/org/glassfish/hk2/osgi-resource-locator/1.0.1/osgi-resource-locator-1.0.1.jar:/home/user/.m2/repository/javax/ws/rs/javax.ws.rs-api/2.1/javax.ws.rs-api-2.1.jar:/home/user/.m2/repository/org/glassfish/jersey/ext/cdi/jersey-cdi1x/2.27/jersey-cdi1x-2.27.jar:/home/user/.m2/repository/org/glassfish/jersey/inject/jersey-hk2/2.27/jersey-hk2-2.27.jar:/home/user/.m2/repository/org/glassfish/hk2/hk2-locator/2.5.0-b42/hk2-locator-2.5.0-b42.jar:/home/user/.m2/repository/org/javassist/javassist/3.22.0-CR2/javassist-3.22.0-CR2.jar:/home/user/.m2/repository/org/glassfish/hk2/hk2-api/2.5.0/hk2-api-2.5.0.jar:/home/user/.m2/repository/org/glassfish/hk2/external/jakarta.inject/2.5.0/jakarta.inject-2.5.0.jar:/home/user/.m2/repository/org/glassfish/hk2/hk2-utils/2.5.0/hk2-utils-2.5.0.jar:/home/user/.m2/repository/jakarta/annotation/jakarta.annotation-api/1.3.4/jakarta.annotation-api-1.3.4.jar:/home/user/.m2/repository/org/glassfish/hk2/external/aopalliance-repackaged/2.5.0/aopalliance-repackaged-2.5.0.jar:/home/user/.m2/repository/com/fasterxml/jackson/dataformat/jackson-dataformat-xml/2.9.0/jackson-dataformat-xml-2.9.0.jar:/home/user/.m2/repository/com/fasterxml/jackson/core/jackson-core/2.9.5/jackson-core-2.9.5.jar:/home/user/.m2/repository/com/fasterxml/jackson/module/jackson-module-jaxb-annotations/2.9.5/jackson-module-jaxb-annotations-2.9.5.jar:/home/user/.m2/repository/javax/enterprise/cdi-api/1.2/cdi-api-1.2.jar:/home/user/.m2/repository/javax/el/javax.el-api/3.0.0/javax.el-api-3.0.0.jar:/home/user/.m2/repository/javax/interceptor/javax.interceptor-api/1.2/javax.interceptor-api-1.2.jar:/home/user/.m2/repository/javax/inject/javax.inject/1/javax.inject-1.jar:/home/user/.m2/repository/com/sun/xml/bind/jaxb-impl/2.3.0.1/jaxb-impl-2.3.0.1.jar:/home/user/.m2/repository/com/sun/xml/bind/jaxb-core/2.3.0.1/jaxb-core-2.3.0.1.jar:/home/user/.m2/repository/javax/xml/bind/jaxb-api/2.3.0/jaxb-api-2.3.0.jar:/home/user/.m2/repository/javax/activation/activation/1.1.1/activation-1.1.1.jar:/home/user/.m2/repository/org/apache/hadoop/hadoop-ozone-csi/0.5.0-SNAPSHOT/hadoop-ozone-csi-0.5.0-SNAPSHOT.jar:/home/user/.m2/repository/com/google/protobuf/protobuf-java-util/3.5.1/protobuf-java-util-3.5.1.jar:/home/user/.m2/repository/org/apache/hadoop/hadoop-hdds-config/0.5.0-SNAPSHOT/hadoop-hdds-config-0.5.0-SNAPSHOT.jar:/home/user/.m2/repository/io/grpc/grpc-netty/1.17.1/grpc-netty-1.17.1.jar:/home/user/.m2/repository/io/grpc/grpc-core/1.17.1/grpc-core-1.17.1.jar:/home/user/.m2/repository/io/grpc/grpc-context/1.17.1/grpc-context-1.17.1.jar:/home/user/.m2/repository/com/google/errorprone/error_prone_annotations/2.2.0/error_prone_annotations-2.2.0.jar:/home/user/.m2/repository/org/codehaus/mojo/animal-sniffer-annotations/1.17/animal-sniffer-annotations-1.17.jar:/home/user/.m2/repository/io/opencensus/opencensus-api/0.17.0/opencensus-api-0.17.0.jar:/home/user/.m2/repository/io/opencensus/opencensus-contrib-grpc-metrics/0.17.0/opencensus-contrib-grpc-metrics-0.17.0.jar:/home/user/.m2/repository/io/netty/netty-codec-http2/4.1.30.Final/netty-codec-http2-4.1.30.Final.jar:/home/user/.m2/repository/io/netty/netty-codec-http/4.1.30.Final/netty-codec-http-4.1.30.Final.jar:/home/user/.m2/repository/io/netty/netty-codec/4.1.30.Final/netty-codec-4.1.30.Final.jar:/home/user/.m2/repository/io/netty/netty-handler/4.1.30.Final/netty-handler-4.1.30.Final.jar:/home/user/.m2/repository/io/netty/netty-handler-proxy/4.1.30.Final/netty-handler-proxy-4.1.30.Final.jar:/home/user/.m2/repository/io/netty/netty-codec-socks/4.1.30.Final/netty-codec-socks-4.1.30.Final.jar:/home/user/.m2/repository/io/netty/netty-transport-native-epoll/4.1.30.Final/netty-transport-native-epoll-4.1.30.Final.jar:/home/user/.m2/repository/io/netty/netty-common/4.1.30.Final/netty-common-4.1.30.Final.jar:/home/user/.m2/repository/io/netty/netty-buffer/4.1.30.Final/netty-buffer-4.1.30.Final.jar:/home/user/.m2/repository/io/netty/netty-transport/4.1.30.Final/netty-transport-4.1.30.Final.jar:/home/user/.m2/repository/io/netty/netty-resolver/4.1.30.Final/netty-resolver-4.1.30.Final.jar:/home/user/.m2/repository/io/netty/netty-transport-native-unix-common/4.1.30.Final/netty-transport-native-unix-common-4.1.30.Final.jar:/home/user/.m2/repository/io/grpc/grpc-protobuf/1.17.1/grpc-protobuf-1.17.1.jar:/home/user/.m2/repository/com/google/api/grpc/proto-google-common-protos/1.0.0/proto-google-common-protos-1.0.0.jar:/home/user/.m2/repository/io/grpc/grpc-protobuf-lite/1.17.1/grpc-protobuf-lite-1.17.1.jar:/home/user/.m2/repository/io/grpc/grpc-stub/1.17.1/grpc-stub-1.17.1.jar:/home/user/.m2/repository/org/apache/hadoop/hadoop-ozone-recon/0.5.0-SNAPSHOT/hadoop-ozone-recon-0.5.0-SNAPSHOT.jar:/home/user/.m2/repository/org/apache/hadoop/hadoop-ozone-reconcodegen/0.5.0-SNAPSHOT/hadoop-ozone-reconcodegen-0.5.0-SNAPSHOT.jar:/home/user/.m2/repository/com/google/inject/extensions/guice-multibindings/4.0/guice-multibindings-4.0.jar:/home/user/.m2/repository/com/google/inject/guice/4.0/guice-4.0.jar:/home/user/.m2/repository/aopalliance/aopalliance/1.0/aopalliance-1.0.jar:/home/user/.m2/repository/com/google/inject/extensions/guice-servlet/4.0/guice-servlet-4.0.jar:/home/user/.m2/repository/org/glassfish/jersey/containers/jersey-container-servlet/2.27/jersey-container-servlet-2.27.jar:/home/user/.m2/repository/org/glassfish/hk2/guice-bridge/2.5.0/guice-bridge-2.5.0.jar:/home/user/.m2/repository/org/glassfish/jersey/core/jersey-server/2.27/jersey-server-2.27.jar:/home/user/.m2/repository/org/glassfish/jersey/core/jersey-client/2.27/jersey-client-2.27.jar:/home/user/.m2/repository/org/glassfish/jersey/media/jersey-media-jaxb/2.27/jersey-media-jaxb-2.27.jar:/home/user/.m2/repository/javax/validation/validation-api/1.1.0.Final/validation-api-1.1.0.Final.jar:/home/user/.m2/repository/org/glassfish/jersey/media/jersey-media-json-jackson/2.27/jersey-media-json-jackson-2.27.jar:/home/user/.m2/repository/org/glassfish/jersey/ext/jersey-entity-filtering/2.27/jersey-entity-filtering-2.27.jar:/home/user/.m2/repository/com/google/inject/extensions/guice-assistedinject/4.0/guice-assistedinject-4.0.jar:/home/user/.m2/repository/org/jooq/jooq/3.11.10/jooq-3.11.10.jar:/home/user/.m2/repository/org/jooq/jooq-meta/3.11.10/jooq-meta-3.11.10.jar:/home/user/.m2/repository/org/jooq/jooq-codegen/3.11.10/jooq-codegen-3.11.10.jar:/home/user/.m2/repository/com/jolbox/bonecp/0.8.0.RELEASE/bonecp-0.8.0.RELEASE.jar:/home/user/.m2/repository/org/xerial/sqlite-jdbc/3.25.2/sqlite-jdbc-3.25.2.jar:/home/user/.m2/repository/org/springframework/spring-jdbc/5.1.3.RELEASE/spring-jdbc-5.1.3.RELEASE.jar:/home/user/.m2/repository/org/springframework/spring-beans/5.1.3.RELEASE/spring-beans-5.1.3.RELEASE.jar:/home/user/.m2/repository/org/springframework/spring-core/5.1.3.RELEASE/spring-core-5.1.3.RELEASE.jar:/home/user/.m2/repository/org/springframework/spring-jcl/5.1.3.RELEASE/spring-jcl-5.1.3.RELEASE.jar:/home/user/.m2/repository/org/springframework/spring-tx/5.1.3.RELEASE/spring-tx-5.1.3.RELEASE.jar:/home/user/.m2/repository/org/apache/hadoop/hadoop-ozone-client/0.5.0-SNAPSHOT/hadoop-ozone-client-0.5.0-SNAPSHOT.jar:/home/user/.m2/repository/commons-lang/commons-lang/2.6/commons-lang-2.6.jar:/home/user/.m2/repository/org/apache/hadoop/hadoop-ozone-ozone-manager/0.5.0-SNAPSHOT/hadoop-ozone-ozone-manager-0.5.0-SNAPSHOT-tests.jar:/home/user/.m2/repository/junit/junit/4.11/junit-4.11.jar:/home/user/.m2/repository/org/hamcrest/hamcrest-core/1.3/hamcrest-core-1.3.jar:/home/user/.m2/repository/org/openjdk/jmh/jmh-core/1.19/jmh-core-1.19.jar:/home/user/.m2/repository/net/sf/jopt-simple/jopt-simple/4.6/jopt-simple-4.6.jar:/home/user/.m2/repository/org/apache/commons/commons-math3/3.1.1/commons-math3-3.1.1.jar:/home/user/.m2/repository/org/openjdk/jmh/jmh-generator-annprocess/1.19/jmh-generator-annprocess-1.19.jar:/home/user/.m2/repository/org/mockito/mockito-all/1.8.5/mockito-all-1.8.5.jar:/home/user/.m2/repository/org/apache/hadoop/hadoop-kms/3.2.0/hadoop-kms-3.2.0.jar:/home/user/.m2/repository/org/apache/hadoop/hadoop-auth/3.2.0/hadoop-auth-3.2.0.jar:/home/user/.m2/repository/com/nimbusds/nimbus-jose-jwt/4.41.1/nimbus-jose-jwt-4.41.1.jar:/home/user/.m2/repository/com/github/stephenc/jcip/jcip-annotations/1.0-1/jcip-annotations-1.0-1.jar:/home/user/.m2/repository/net/minidev/json-smart/2.3/json-smart-2.3.jar:/home/user/.m2/repository/net/minidev/accessors-smart/1.2/accessors-smart-1.2.jar:/home/user/.m2/repository/org/ow2/asm/asm/5.0.4/asm-5.0.4.jar:/home/user/.m2/repository/org/apache/curator/curator-framework/2.12.0/curator-framework-2.12.0.jar:/home/user/.m2/repository/com/sun/jersey/jersey-core/1.19/jersey-core-1.19.jar:/home/user/.m2/repository/javax/ws/rs/jsr311-api/1.1.1/jsr311-api-1.1.1.jar:/home/user/.m2/repository/com/sun/jersey/jersey-server/1.19/jersey-server-1.19.jar:/home/user/.m2/repository/javax/servlet/javax.servlet-api/3.1.0/javax.servlet-api-3.1.0.jar:/home/user/.m2/repository/org/eclipse/jetty/jetty-server/9.3.24.v20180605/jetty-server-9.3.24.v20180605.jar:/home/user/.m2/repository/org/eclipse/jetty/jetty-http/9.3.24.v20180605/jetty-http-9.3.24.v20180605.jar:/home/user/.m2/repository/org/eclipse/jetty/jetty-io/9.3.24.v20180605/jetty-io-9.3.24.v20180605.jar:/home/user/.m2/repository/org/eclipse/jetty/jetty-webapp/9.3.24.v20180605/jetty-webapp-9.3.24.v20180605.jar:/home/user/.m2/repository/org/eclipse/jetty/jetty-xml/9.3.24.v20180605/jetty-xml-9.3.24.v20180605.jar:/home/user/.m2/repository/log4j/log4j/1.2.17/log4j-1.2.17.jar:/home/user/.m2/repository/org/slf4j/slf4j-api/1.7.25/slf4j-api-1.7.25.jar:/home/user/.m2/repository/org/slf4j/jul-to-slf4j/1.7.25/jul-to-slf4j-1.7.25.jar:/home/user/.m2/repository/org/eclipse/jetty/jetty-util/9.3.24.v20180605/jetty-util-9.3.24.v20180605.jar:/home/user/.m2/repository/com/fasterxml/jackson/core/jackson-databind/2.9.5/jackson-databind-2.9.5.jar:/home/user/.m2/repository/org/apache/hadoop/hadoop-kms/3.2.0/hadoop-kms-3.2.0-tests.jar:/home/user/.m2/repository/org/apache/hadoop/hadoop-hdds-server-scm/0.5.0-SNAPSHOT/hadoop-hdds-server-scm-0.5.0-SNAPSHOT-tests.jar:/home/user/.m2/repository/org/apache/hadoop/hadoop-hdds-container-service/0.5.0-SNAPSHOT/hadoop-hdds-container-service-0.5.0-SNAPSHOT-tests.jar:/home/user/.m2/repository/org/yaml/snakeyaml/1.16/snakeyaml-1.16.jar:/home/user/.m2/repository/org/apache/hadoop/hadoop-common/3.2.0/hadoop-common-3.2.0-tests.jar:/home/user/.m2/repository/org/apache/hadoop/hadoop-annotations/3.2.0/hadoop-annotations-3.2.0.jar:/usr/lib/jvm/java-1.8-openjdk/jre/../lib/tools.jar:/home/user/.m2/repository/commons-cli/commons-cli/1.2/commons-cli-1.2.jar:/home/user/.m2/repository/org/apache/httpcomponents/httpclient/4.5.2/httpclient-4.5.2.jar:/home/user/.m2/repository/org/apache/httpcomponents/httpcore/4.4.4/httpcore-4.4.4.jar:/home/user/.m2/repository/commons-codec/commons-codec/1.11/commons-codec-1.11.jar:/home/user/.m2/repository/commons-net/commons-net/3.6/commons-net-3.6.jar:/home/user/.m2/repository/commons-collections/commons-collections/3.2.2/commons-collections-3.2.2.jar:/home/user/.m2/repository/org/eclipse/jetty/jetty-servlet/9.3.24.v20180605/jetty-servlet-9.3.24.v20180605.jar:/home/user/.m2/repository/org/eclipse/jetty/jetty-security/9.3.24.v20180605/jetty-security-9.3.24.v20180605.jar:/home/user/.m2/repository/javax/servlet/jsp/jsp-api/2.1/jsp-api-2.1.jar:/home/user/.m2/repository/com/sun/jersey/jersey-servlet/1.19/jersey-servlet-1.19.jar:/home/user/.m2/repository/com/sun/jersey/jersey-json/1.19/jersey-json-1.19.jar:/home/user/.m2/repository/org/codehaus/jettison/jettison/1.1/jettison-1.1.jar:/home/user/.m2/repository/org/codehaus/jackson/jackson-core-asl/1.9.13/jackson-core-asl-1.9.13.jar:/home/user/.m2/repository/org/codehaus/jackson/jackson-mapper-asl/1.9.13/jackson-mapper-asl-1.9.13.jar:/home/user/.m2/repository/org/codehaus/jackson/jackson-jaxrs/1.9.13/jackson-jaxrs-1.9.13.jar:/home/user/.m2/repository/org/codehaus/jackson/jackson-xc/1.9.13/jackson-xc-1.9.13.jar:/home/user/.m2/repository/commons-logging/commons-logging/1.1.3/commons-logging-1.1.3.jar:/home/user/.m2/repository/commons-beanutils/commons-beanutils/1.9.3/commons-beanutils-1.9.3.jar:/home/user/.m2/repository/org/apache/commons/commons-configuration2/2.1.1/commons-configuration2-2.1.1.jar:/home/user/.m2/repository/org/apache/commons/commons-lang3/3.7/commons-lang3-3.7.jar:/home/user/.m2/repository/org/apache/commons/commons-text/1.4/commons-text-1.4.jar:/home/user/.m2/repository/org/apache/avro/avro/1.7.7/avro-1.7.7.jar:/home/user/.m2/repository/com/thoughtworks/paranamer/paranamer/2.3/paranamer-2.3.jar:/home/user/.m2/repository/org/xerial/snappy/snappy-java/1.0.5/snappy-java-1.0.5.jar:/home/user/.m2/repository/com/google/re2j/re2j/1.1/re2j-1.1.jar:/home/user/.m2/repository/com/google/code/gson/gson/2.2.4/gson-2.2.4.jar:/home/user/.m2/repository/com/jcraft/jsch/0.1.54/jsch-0.1.54.jar:/home/user/.m2/repository/org/apache/curator/curator-client/2.12.0/curator-client-2.12.0.jar:/home/user/.m2/repository/org/apache/curator/curator-recipes/2.12.0/curator-recipes-2.12.0.jar:/home/user/.m2/repository/com/google/code/findbugs/jsr305/3.0.0/jsr305-3.0.0.jar:/home/user/.m2/repository/org/apache/htrace/htrace-core4/4.1.0-incubating/htrace-core4-4.1.0-incubating.jar:/home/user/.m2/repository/org/apache/zookeeper/zookeeper/3.4.13/zookeeper-3.4.13.jar:/home/user/.m2/repository/org/apache/yetus/audience-annotations/0.5.0/audience-annotations-0.5.0.jar:/home/user/.m2/repository/org/codehaus/woodstox/stax2-api/3.1.4/stax2-api-3.1.4.jar:/home/user/.m2/repository/com/fasterxml/woodstox/woodstox-core/5.0.3/woodstox-core-5.0.3.jar:/home/user/.m2/repository/dnsjava/dnsjava/2.1.7/dnsjava-2.1.7.jar:/home/user/.m2/repository/org/apache/hadoop/hadoop-hdfs/3.2.0/hadoop-hdfs-3.2.0-tests.jar:/home/user/.m2/repository/org/eclipse/jetty/jetty-util-ajax/9.3.24.v20180605/jetty-util-ajax-9.3.24.v20180605.jar:/home/user/.m2/repository/commons-daemon/commons-daemon/1.0.13/commons-daemon-1.0.13.jar:/home/user/.m2/repository/io/netty/netty/3.10.5.Final/netty-3.10.5.Final.jar:/home/user/.m2/repository/io/netty/netty-all/4.0.52.Final/netty-all-4.0.52.Final.jar:/home/user/.m2/repository/org/fusesource/leveldbjni/leveldbjni-all/1.8/leveldbjni-all-1.8.jar:"/>
    <property name="sun.cpu.endian" value="little"/>
    <property name="user.home" value="/home/user"/>
    <property name="user.language" value="en"/>
    <property name="java.specification.vendor" value="Oracle Corporation"/>
    <property name="java.home" value="/usr/lib/jvm/java-1.8-openjdk/jre"/>
    <property name="java.security.krb5.conf" value="/workdir/hadoop-ozone/integration-test/target/test-classes/krb5.conf"/>
    <property name="basedir" value="/workdir/hadoop-ozone/integration-test"/>
    <property name="file.separator" value="/"/>
    <property name="line.separator" value="&#10;"/>
    <property name="java.vm.specification.vendor" value="Oracle Corporation"/>
    <property name="java.specification.name" value="Java Platform API Specification"/>
    <property name="java.awt.graphicsenv" value="sun.awt.X11GraphicsEnvironment"/>
    <property name="surefire.real.class.path" value="/workdir/hadoop-ozone/integration-test/target/surefire/surefirebooter8760100066787192796.jar"/>
    <property name="hadoop.log.dir" value="/workdir/hadoop-ozone/integration-test/target/log"/>
    <property name="sun.boot.class.path" value="/usr/lib/jvm/java-1.8-openjdk/jre/lib/resources.jar:/usr/lib/jvm/java-1.8-openjdk/jre/lib/rt.jar:/usr/lib/jvm/java-1.8-openjdk/jre/lib/sunrsasign.jar:/usr/lib/jvm/java-1.8-openjdk/jre/lib/jsse.jar:/usr/lib/jvm/java-1.8-openjdk/jre/lib/jce.jar:/usr/lib/jvm/java-1.8-openjdk/jre/lib/charsets.jar:/usr/lib/jvm/java-1.8-openjdk/jre/lib/jfr.jar:/usr/lib/jvm/java-1.8-openjdk/jre/classes"/>
    <property name="sun.management.compiler" value="HotSpot 64-Bit Tiered Compilers"/>
    <property name="java.runtime.version" value="1.8.0_212-b04"/>
    <property name="java.net.preferIPv4Stack" value="true"/>
    <property name="user.name" value="jenkins1000"/>
    <property name="path.separator" value=":"/>
    <property name="java.security.egd" value="file:///dev/urandom"/>
    <property name="os.version" value="3.10.0-957.12.2.el7.x86_64"/>
    <property name="java.endorsed.dirs" value="/usr/lib/jvm/java-1.8-openjdk/jre/lib/endorsed"/>
    <property name="java.runtime.name" value="OpenJDK Runtime Environment"/>
    <property name="file.encoding" value="UTF-8"/>
    <property name="java.vm.name" value="OpenJDK 64-Bit Server VM"/>
    <property name="test.build.webapps" value=""/>
    <property name="localRepository" value="/home/user/.m2/repository"/>
    <property name="java.vendor.url.bug" value="https://icedtea.classpath.org/bugzilla"/>
    <property name="java.io.tmpdir" value="/tmp"/>
    <property name="require.test.libhadoop" value=""/>
    <property name="java.version" value="1.8.0_212"/>
    <property name="user.dir" value="/workdir/hadoop-ozone/integration-test"/>
    <property name="os.arch" value="amd64"/>
    <property name="java.vm.specification.name" value="Java Virtual Machine Specification"/>
    <property name="test.build.classes" value="/workdir/hadoop-ozone/integration-test/target/test-classes"/>
    <property name="java.awt.printerjob" value="sun.print.PSPrinterJob"/>
    <property name="sun.os.patch.level" value="unknown"/>
    <property name="hadoop.tmp.dir" value="/workdir/hadoop-ozone/integration-test/target/tmp"/>
    <property name="java.library.path" value="/usr/lib/jvm/java-1.8-openjdk/jre/lib/amd64/server:/usr/lib/jvm/java-1.8-openjdk/jre/lib/amd64:/usr/lib/jvm/java-1.8-openjdk/jre/../lib/amd64:/workdir/hadoop-ozone/integration-test/target/native/target/usr/local/lib:/workdir/hadoop-ozone/integration-test/../../hadoop-common-project/hadoop-common/target/native/target/usr/local/lib:/usr/java/packages/lib/amd64:/usr/lib64:/lib64:/lib:/usr/lib"/>
    <property name="java.vm.info" value="mixed mode"/>
    <property name="java.vendor" value="IcedTea"/>
    <property name="java.vm.version" value="25.212-b04"/>
    <property name="java.ext.dirs" value="/usr/lib/jvm/java-1.8-openjdk/jre/lib/ext:/usr/java/packages/lib/ext"/>
    <property name="sun.io.unicode.encoding" value="UnicodeLittle"/>
    <property name="java.class.version" value="52.0"/>
  </properties>
  <testcase name="test2DatanodesFailure" classname="org.apache.hadoop.ozone.client.rpc.TestBlockOutputStreamWithFailures" time="43.376"/>
  <testcase name="testDatanodeFailureWithPreAllocation" classname="org.apache.hadoop.ozone.client.rpc.TestBlockOutputStreamWithFailures" time="223.964"/>
  <testcase name="testDatanodeFailureWithSingleNodeRatis" classname="org.apache.hadoop.ozone.client.rpc.TestBlockOutputStreamWithFailures" time="225.495"/>
  <testcase name="testWatchForCommitWithSingleNodeRatis" classname="org.apache.hadoop.ozone.client.rpc.TestBlockOutputStreamWithFailures" time="33.136"/>
  <testcase name="testWatchForCommitDatanodeFailure" classname="org.apache.hadoop.ozone.client.rpc.TestBlockOutputStreamWithFailures" time="53.025">
    <failure message="expected:&lt;2&gt; but was:&lt;3&gt;" type="java.lang.AssertionError"><![CDATA[java.lang.AssertionError: expected:<2> but was:<3>
	at org.junit.Assert.fail(Assert.java:88)
	at org.junit.Assert.failNotEquals(Assert.java:743)
	at org.junit.Assert.assertEquals(Assert.java:118)
	at org.junit.Assert.assertEquals(Assert.java:555)
	at org.junit.Assert.assertEquals(Assert.java:542)
	at org.apache.hadoop.ozone.client.rpc.TestBlockOutputStreamWithFailures.testWatchForCommitDatanodeFailure(TestBlockOutputStreamWithFailures.java:366)
	at sun.reflect.NativeMethodAccessorImpl.invoke0(Native Method)
	at sun.reflect.NativeMethodAccessorImpl.invoke(NativeMethodAccessorImpl.java:62)
	at sun.reflect.DelegatingMethodAccessorImpl.invoke(DelegatingMethodAccessorImpl.java:43)
	at java.lang.reflect.Method.invoke(Method.java:498)
	at org.junit.runners.model.FrameworkMethod$1.runReflectiveCall(FrameworkMethod.java:47)
	at org.junit.internal.runners.model.ReflectiveCallable.run(ReflectiveCallable.java:12)
	at org.junit.runners.model.FrameworkMethod.invokeExplosively(FrameworkMethod.java:44)
	at org.junit.internal.runners.statements.InvokeMethod.evaluate(InvokeMethod.java:17)
	at org.junit.internal.runners.statements.RunBefores.evaluate(RunBefores.java:26)
	at org.junit.internal.runners.statements.RunAfters.evaluate(RunAfters.java:27)
	at org.junit.runners.ParentRunner.runLeaf(ParentRunner.java:271)
	at org.junit.runners.BlockJUnit4ClassRunner.runChild(BlockJUnit4ClassRunner.java:70)
	at org.junit.runners.BlockJUnit4ClassRunner.runChild(BlockJUnit4ClassRunner.java:50)
	at org.junit.runners.ParentRunner$3.run(ParentRunner.java:238)
	at org.junit.runners.ParentRunner$1.schedule(ParentRunner.java:63)
	at org.junit.runners.ParentRunner.runChildren(ParentRunner.java:236)
	at org.junit.runners.ParentRunner.access$000(ParentRunner.java:53)
	at org.junit.runners.ParentRunner$2.evaluate(ParentRunner.java:229)
	at org.junit.runners.ParentRunner.run(ParentRunner.java:309)
	at org.apache.maven.surefire.junit4.JUnit4Provider.execute(JUnit4Provider.java:365)
	at org.apache.maven.surefire.junit4.JUnit4Provider.executeWithRerun(JUnit4Provider.java:273)
	at org.apache.maven.surefire.junit4.JUnit4Provider.executeTestSet(JUnit4Provider.java:238)
	at org.apache.maven.surefire.junit4.JUnit4Provider.invoke(JUnit4Provider.java:159)
	at org.apache.maven.surefire.booter.ForkedBooter.invokeProviderInSameClassLoader(ForkedBooter.java:384)
	at org.apache.maven.surefire.booter.ForkedBooter.runSuitesInProcess(ForkedBooter.java:345)
	at org.apache.maven.surefire.booter.ForkedBooter.execute(ForkedBooter.java:126)
	at org.apache.maven.surefire.booter.ForkedBooter.main(ForkedBooter.java:418)
]]></failure>
    <system-out><![CDATA[2019-09-03 05:32:51,254 [main] WARN  server.ServerUtils (ServerUtils.java:getScmDbDir(145)) - ozone.scm.db.dirs is not configured. We recommend adding this setting. Falling back to ozone.metadata.dirs instead.
2019-09-03 05:32:51,269 [main] WARN  server.ServerUtils (ServerUtils.java:getScmDbDir(145)) - ozone.scm.db.dirs is not configured. We recommend adding this setting. Falling back to ozone.metadata.dirs instead.
2019-09-03 05:32:51,269 [main] WARN  server.ServerUtils (ServerUtils.java:getScmDbDir(145)) - ozone.scm.db.dirs is not configured. We recommend adding this setting. Falling back to ozone.metadata.dirs instead.
2019-09-03 05:32:51,270 [main] INFO  db.DBStoreBuilder (DBStoreBuilder.java:addTable(110)) - using custom profile for table: deletedBlocks
2019-09-03 05:32:51,270 [main] INFO  db.DBStoreBuilder (DBStoreBuilder.java:processTables(161)) - Using default column profile:DBProfile.DISK for Table:deletedBlocks
2019-09-03 05:32:51,270 [main] INFO  db.DBStoreBuilder (DBStoreBuilder.java:addTable(110)) - using custom profile for table: validCerts
2019-09-03 05:32:51,270 [main] INFO  db.DBStoreBuilder (DBStoreBuilder.java:processTables(161)) - Using default column profile:DBProfile.DISK for Table:validCerts
2019-09-03 05:32:51,271 [main] INFO  db.DBStoreBuilder (DBStoreBuilder.java:addTable(110)) - using custom profile for table: revokedCerts
2019-09-03 05:32:51,271 [main] INFO  db.DBStoreBuilder (DBStoreBuilder.java:processTables(161)) - Using default column profile:DBProfile.DISK for Table:revokedCerts
2019-09-03 05:32:51,271 [main] INFO  db.DBStoreBuilder (DBStoreBuilder.java:addTable(110)) - using custom profile for table: default
2019-09-03 05:32:51,271 [main] INFO  db.DBStoreBuilder (DBStoreBuilder.java:processTables(167)) - Using default column profile:DBProfile.DISK for Table:default
2019-09-03 05:32:51,271 [main] INFO  db.DBStoreBuilder (DBStoreBuilder.java:getDbProfile(198)) - Using default options. DBProfile.DISK
2019-09-03 05:32:51,440 [main] INFO  net.NodeSchemaLoader (NodeSchemaLoader.java:loadSchemaFromFile(125)) - Loading file from sun.misc.CompoundEnumeration@240f350a
2019-09-03 05:32:51,440 [main] INFO  net.NodeSchemaLoader (NodeSchemaLoader.java:loadSchema(171)) - Loading network topology layer schema file
2019-09-03 05:32:51,446 [main] INFO  node.SCMNodeManager (SCMNodeManager.java:<init>(114)) - Entering startup safe mode.
2019-09-03 05:32:51,447 [main] INFO  algorithms.ContainerPlacementPolicyFactory (ContainerPlacementPolicyFactory.java:getPolicy(55)) - Create container placement policy of type org.apache.hadoop.hdds.scm.container.placement.algorithms.SCMContainerPlacementRandom
2019-09-03 05:32:51,447 [main] WARN  server.ServerUtils (ServerUtils.java:getScmDbDir(145)) - ozone.scm.db.dirs is not configured. We recommend adding this setting. Falling back to ozone.metadata.dirs instead.
2019-09-03 05:32:51,499 [main] INFO  pipeline.SCMPipelineManager (SCMPipelineManager.java:initializePipelineState(126)) - No pipeline exists in current db
2019-09-03 05:32:51,500 [main] WARN  server.ServerUtils (ServerUtils.java:getScmDbDir(145)) - ozone.scm.db.dirs is not configured. We recommend adding this setting. Falling back to ozone.metadata.dirs instead.
2019-09-03 05:32:51,554 [main] WARN  events.EventQueue (EventQueue.java:fireEvent(183)) - No event handler registered for event TypedEvent{payloadType=SafeModeStatus, name='SafeModeStatus'}
2019-09-03 05:32:51,555 [main] INFO  ipc.CallQueueManager (CallQueueManager.java:<init>(84)) - Using callQueue: class java.util.concurrent.LinkedBlockingQueue, queueCapacity: 2000, scheduler: class org.apache.hadoop.ipc.DefaultRpcScheduler, ipcBackoff: false.
2019-09-03 05:32:51,556 [Socket Reader #1 for port 41717] INFO  ipc.Server (Server.java:run(1074)) - Starting Socket Reader #1 for port 41717
2019-09-03 05:32:51,558 [main] INFO  ipc.CallQueueManager (CallQueueManager.java:<init>(84)) - Using callQueue: class java.util.concurrent.LinkedBlockingQueue, queueCapacity: 2000, scheduler: class org.apache.hadoop.ipc.DefaultRpcScheduler, ipcBackoff: false.
2019-09-03 05:32:51,558 [Socket Reader #1 for port 39466] INFO  ipc.Server (Server.java:run(1074)) - Starting Socket Reader #1 for port 39466
2019-09-03 05:32:51,560 [main] INFO  ipc.CallQueueManager (CallQueueManager.java:<init>(84)) - Using callQueue: class java.util.concurrent.LinkedBlockingQueue, queueCapacity: 2000, scheduler: class org.apache.hadoop.ipc.DefaultRpcScheduler, ipcBackoff: false.
2019-09-03 05:32:51,561 [Socket Reader #1 for port 34317] INFO  ipc.Server (Server.java:run(1074)) - Starting Socket Reader #1 for port 34317
2019-09-03 05:32:51,563 [main] INFO  hdfs.DFSUtil (DFSUtil.java:httpServerTemplateForNNAndJN(1641)) - Starting Web-server for scm at: http://0.0.0.0:0
2019-09-03 05:32:51,565 [main] INFO  server.AuthenticationFilter (AuthenticationFilter.java:constructSecretProvider(240)) - Unable to initialize FileSignerSecretProvider, falling back to use random secrets.
2019-09-03 05:32:51,566 [main] WARN  http.HttpRequestLog (HttpRequestLog.java:getRequestLog(97)) - Jetty request log can only be enabled using Log4j
2019-09-03 05:32:51,568 [main] INFO  http.HttpServer2 (HttpServer2.java:addGlobalFilter(975)) - Added global filter 'safety' (class=org.apache.hadoop.http.HttpServer2$QuotingInputFilter)
2019-09-03 05:32:51,568 [main] INFO  http.HttpServer2 (HttpServer2.java:addFilter(948)) - Added filter static_user_filter (class=org.apache.hadoop.http.lib.StaticUserWebFilter$StaticUserFilter) to context scm
2019-09-03 05:32:51,569 [main] INFO  http.HttpServer2 (HttpServer2.java:addFilter(958)) - Added filter static_user_filter (class=org.apache.hadoop.http.lib.StaticUserWebFilter$StaticUserFilter) to context logs
2019-09-03 05:32:51,569 [main] INFO  http.HttpServer2 (HttpServer2.java:addFilter(958)) - Added filter static_user_filter (class=org.apache.hadoop.http.lib.StaticUserWebFilter$StaticUserFilter) to context static
2019-09-03 05:32:51,571 [main] INFO  server.StorageContainerManager (StorageContainerManager.java:start(759)) - StorageContainerLocationProtocol RPC server is listening at /0.0.0.0:34317
2019-09-03 05:32:51,573 [main] WARN  impl.MetricsConfig (MetricsConfig.java:loadFirst(134)) - Cannot locate configuration: tried hadoop-metrics2-storagecontainermanager.properties,hadoop-metrics2.properties
2019-09-03 05:32:51,575 [main] INFO  impl.MetricsSystemImpl (MetricsSystemImpl.java:startTimer(374)) - Scheduled Metric snapshot period at 10 second(s).
2019-09-03 05:32:51,575 [main] INFO  impl.MetricsSystemImpl (MetricsSystemImpl.java:start(191)) - StorageContainerManager metrics system started
2019-09-03 05:32:51,608 [main] WARN  impl.MetricsSystemImpl (MetricsSystemImpl.java:register(276)) - Sink prometheus already exists!
2019-09-03 05:32:51,640 [main] INFO  server.SCMClientProtocolServer (SCMClientProtocolServer.java:start(151)) - RPC server for Client  is listening at /0.0.0.0:34317
2019-09-03 05:32:51,640 [IPC Server Responder] INFO  ipc.Server (Server.java:run(1314)) - IPC Server Responder: starting
2019-09-03 05:32:51,640 [IPC Server listener on 34317] INFO  ipc.Server (Server.java:run(1153)) - IPC Server listener on 34317: starting
2019-09-03 05:32:51,644 [main] INFO  server.StorageContainerManager (StorageContainerManager.java:start(769)) - ScmBlockLocationProtocol RPC server is listening at /0.0.0.0:39466
2019-09-03 05:32:51,644 [main] INFO  server.SCMBlockProtocolServer (SCMBlockProtocolServer.java:start(146)) - RPC server for Block Protocol is listening at /0.0.0.0:39466
2019-09-03 05:32:51,645 [IPC Server Responder] INFO  ipc.Server (Server.java:run(1314)) - IPC Server Responder: starting
2019-09-03 05:32:51,645 [IPC Server listener on 39466] INFO  ipc.Server (Server.java:run(1153)) - IPC Server listener on 39466: starting
2019-09-03 05:32:51,649 [main] INFO  server.StorageContainerManager (StorageContainerManager.java:start(773)) - ScmDatanodeProtocl RPC server is listening at /0.0.0.0:41717
2019-09-03 05:32:51,649 [main] INFO  server.SCMDatanodeProtocolServer (SCMDatanodeProtocolServer.java:start(191)) - RPC server for DataNodes is listening at /0.0.0.0:41717
2019-09-03 05:32:51,649 [IPC Server Responder] INFO  ipc.Server (Server.java:run(1314)) - IPC Server Responder: starting
2019-09-03 05:32:51,649 [IPC Server listener on 41717] INFO  ipc.Server (Server.java:run(1153)) - IPC Server listener on 41717: starting
2019-09-03 05:32:51,653 [main] INFO  http.HttpServer2 (HttpServer2.java:bindListener(1191)) - Jetty bound to port 43352
2019-09-03 05:32:51,653 [main] INFO  server.Server (Server.java:doStart(351)) - jetty-9.3.24.v20180605, build timestamp: 2018-06-05T17:11:56Z, git hash: 84205aa28f11a4f31f2a3b86d1bba2cc8ab69827
2019-09-03 05:32:51,655 [main] INFO  handler.ContextHandler (ContextHandler.java:doStart(781)) - Started o.e.j.s.ServletContextHandler@2c1d57bc{/logs,file:///workdir/hadoop-ozone/integration-test/target/log,AVAILABLE}
2019-09-03 05:32:51,655 [main] INFO  handler.ContextHandler (ContextHandler.java:doStart(781)) - Started o.e.j.s.ServletContextHandler@3e856100{/static,file:///workdir/hadoop-ozone/integration-test/target/test-classes/webapps/static,AVAILABLE}
2019-09-03 05:32:51,660 [main] INFO  handler.ContextHandler (ContextHandler.java:doStart(781)) - Started o.e.j.w.WebAppContext@299b9851{/,file:///workdir/hadoop-ozone/integration-test/target/test-classes/webapps/scm/,AVAILABLE}{/scm}
2019-09-03 05:32:51,660 [main] INFO  server.AbstractConnector (AbstractConnector.java:doStart(278)) - Started ServerConnector@191a0351{HTTP/1.1,[http/1.1]}{0.0.0.0:43352}
2019-09-03 05:32:51,660 [main] INFO  server.Server (Server.java:doStart(419)) - Started @527027ms
2019-09-03 05:32:51,661 [main] WARN  impl.MetricsSystemImpl (MetricsSystemImpl.java:register(276)) - Sink prometheus already exists!
2019-09-03 05:32:51,662 [main] INFO  server.BaseHttpServer (BaseHttpServer.java:updateConnectorAddress(215)) - HTTP server of SCM is listening at http://0.0.0.0:43352
2019-09-03 05:32:51,663 [main] WARN  server.ServerUtils (ServerUtils.java:getDBPath(222)) - ozone.om.db.dirs is not configured. We recommend adding this setting. Falling back to ozone.metadata.dirs instead.
2019-09-03 05:32:51,663 [org.apache.hadoop.util.JvmPauseMonitor$Monitor@51ba952e] INFO  util.JvmPauseMonitor (JvmPauseMonitor.java:run(188)) - Starting JVM pause monitor
2019-09-03 05:32:51,677 [main] WARN  server.ServerUtils (ServerUtils.java:getDBPath(222)) - ozone.om.db.dirs is not configured. We recommend adding this setting. Falling back to ozone.metadata.dirs instead.
2019-09-03 05:32:51,677 [main] WARN  server.ServerUtils (ServerUtils.java:getDBPath(222)) - ozone.om.db.dirs is not configured. We recommend adding this setting. Falling back to ozone.metadata.dirs instead.
2019-09-03 05:32:51,678 [main] INFO  om.OzoneManager (OzoneManager.java:setOMNodeDetails(649)) - OM Service ID is not set. Setting it to the default ID: omServiceIdDefault
2019-09-03 05:32:51,678 [main] INFO  om.OzoneManager (OzoneManager.java:setOMNodeDetails(655)) - OM Node ID is not set. Setting it to the OmStorage's OmID: bd76c5e9-fd75-4f35-a48b-fc45c6d69890
2019-09-03 05:32:51,678 [main] INFO  om.OzoneManager (OzoneManager.java:loadOMHAConfigs(606)) - Found matching OM address with OMServiceId: null, OMNodeId: null, RPC Address: localhost:0 and Ratis port: 9872
2019-09-03 05:32:51,684 [main] WARN  server.ServerUtils (ServerUtils.java:getDBPath(222)) - ozone.om.db.dirs is not configured. We recommend adding this setting. Falling back to ozone.metadata.dirs instead.
2019-09-03 05:32:51,685 [main] INFO  db.DBStoreBuilder (DBStoreBuilder.java:addTable(110)) - using custom profile for table: userTable
2019-09-03 05:32:51,685 [main] INFO  db.DBStoreBuilder (DBStoreBuilder.java:processTables(161)) - Using default column profile:DBProfile.DISK for Table:userTable
2019-09-03 05:32:51,685 [main] INFO  db.DBStoreBuilder (DBStoreBuilder.java:addTable(110)) - using custom profile for table: volumeTable
2019-09-03 05:32:51,685 [main] INFO  db.DBStoreBuilder (DBStoreBuilder.java:processTables(161)) - Using default column profile:DBProfile.DISK for Table:volumeTable
2019-09-03 05:32:51,685 [main] INFO  db.DBStoreBuilder (DBStoreBuilder.java:addTable(110)) - using custom profile for table: bucketTable
2019-09-03 05:32:51,686 [main] INFO  db.DBStoreBuilder (DBStoreBuilder.java:processTables(161)) - Using default column profile:DBProfile.DISK for Table:bucketTable
2019-09-03 05:32:51,686 [main] INFO  db.DBStoreBuilder (DBStoreBuilder.java:addTable(110)) - using custom profile for table: keyTable
2019-09-03 05:32:51,686 [main] INFO  db.DBStoreBuilder (DBStoreBuilder.java:processTables(161)) - Using default column profile:DBProfile.DISK for Table:keyTable
2019-09-03 05:32:51,686 [main] INFO  db.DBStoreBuilder (DBStoreBuilder.java:addTable(110)) - using custom profile for table: deletedTable
2019-09-03 05:32:51,686 [main] INFO  db.DBStoreBuilder (DBStoreBuilder.java:processTables(161)) - Using default column profile:DBProfile.DISK for Table:deletedTable
2019-09-03 05:32:51,687 [main] INFO  db.DBStoreBuilder (DBStoreBuilder.java:addTable(110)) - using custom profile for table: openKeyTable
2019-09-03 05:32:51,687 [main] INFO  db.DBStoreBuilder (DBStoreBuilder.java:processTables(161)) - Using default column profile:DBProfile.DISK for Table:openKeyTable
2019-09-03 05:32:51,687 [main] INFO  db.DBStoreBuilder (DBStoreBuilder.java:addTable(110)) - using custom profile for table: s3Table
2019-09-03 05:32:51,687 [main] INFO  db.DBStoreBuilder (DBStoreBuilder.java:processTables(161)) - Using default column profile:DBProfile.DISK for Table:s3Table
2019-09-03 05:32:51,687 [main] INFO  db.DBStoreBuilder (DBStoreBuilder.java:addTable(110)) - using custom profile for table: multipartInfoTable
2019-09-03 05:32:51,687 [main] INFO  db.DBStoreBuilder (DBStoreBuilder.java:processTables(161)) - Using default column profile:DBProfile.DISK for Table:multipartInfoTable
2019-09-03 05:32:51,688 [main] INFO  db.DBStoreBuilder (DBStoreBuilder.java:addTable(110)) - using custom profile for table: dTokenTable
2019-09-03 05:32:51,688 [main] INFO  db.DBStoreBuilder (DBStoreBuilder.java:processTables(161)) - Using default column profile:DBProfile.DISK for Table:dTokenTable
2019-09-03 05:32:51,688 [main] INFO  db.DBStoreBuilder (DBStoreBuilder.java:addTable(110)) - using custom profile for table: s3SecretTable
2019-09-03 05:32:51,688 [main] INFO  db.DBStoreBuilder (DBStoreBuilder.java:processTables(161)) - Using default column profile:DBProfile.DISK for Table:s3SecretTable
2019-09-03 05:32:51,688 [main] INFO  db.DBStoreBuilder (DBStoreBuilder.java:addTable(110)) - using custom profile for table: prefixTable
2019-09-03 05:32:51,689 [main] INFO  db.DBStoreBuilder (DBStoreBuilder.java:processTables(161)) - Using default column profile:DBProfile.DISK for Table:prefixTable
2019-09-03 05:32:51,689 [main] INFO  db.DBStoreBuilder (DBStoreBuilder.java:addTable(110)) - using custom profile for table: default
2019-09-03 05:32:51,689 [main] INFO  db.DBStoreBuilder (DBStoreBuilder.java:processTables(167)) - Using default column profile:DBProfile.DISK for Table:default
2019-09-03 05:32:51,689 [main] INFO  db.DBStoreBuilder (DBStoreBuilder.java:getDbProfile(198)) - Using default options. DBProfile.DISK
2019-09-03 05:32:52,068 [main] INFO  ipc.CallQueueManager (CallQueueManager.java:<init>(84)) - Using callQueue: class java.util.concurrent.LinkedBlockingQueue, queueCapacity: 2000, scheduler: class org.apache.hadoop.ipc.DefaultRpcScheduler, ipcBackoff: false.
2019-09-03 05:32:52,069 [Socket Reader #1 for port 37513] INFO  ipc.Server (Server.java:run(1074)) - Starting Socket Reader #1 for port 37513
2019-09-03 05:32:52,080 [main] INFO  om.OzoneManager (OzoneManager.java:start(1240)) - OzoneManager RPC server is listening at localhost/127.0.0.1:37513
2019-09-03 05:32:52,081 [main] INFO  impl.MetricsSystemImpl (MetricsSystemImpl.java:init(158)) - OzoneManager metrics system started (again)
2019-09-03 05:32:52,081 [IPC Server Responder] INFO  ipc.Server (Server.java:run(1314)) - IPC Server Responder: starting
2019-09-03 05:32:52,082 [IPC Server listener on 37513] INFO  ipc.Server (Server.java:run(1153)) - IPC Server listener on 37513: starting
2019-09-03 05:32:52,086 [main] INFO  hdfs.DFSUtil (DFSUtil.java:httpServerTemplateForNNAndJN(1641)) - Starting Web-server for ozoneManager at: http://0.0.0.0:0
2019-09-03 05:32:52,088 [main] INFO  server.AuthenticationFilter (AuthenticationFilter.java:constructSecretProvider(240)) - Unable to initialize FileSignerSecretProvider, falling back to use random secrets.
2019-09-03 05:32:52,088 [main] WARN  http.HttpRequestLog (HttpRequestLog.java:getRequestLog(97)) - Jetty request log can only be enabled using Log4j
2019-09-03 05:32:52,090 [main] INFO  http.HttpServer2 (HttpServer2.java:addGlobalFilter(975)) - Added global filter 'safety' (class=org.apache.hadoop.http.HttpServer2$QuotingInputFilter)
2019-09-03 05:32:52,090 [main] INFO  http.HttpServer2 (HttpServer2.java:addFilter(948)) - Added filter static_user_filter (class=org.apache.hadoop.http.lib.StaticUserWebFilter$StaticUserFilter) to context ozoneManager
2019-09-03 05:32:52,090 [main] INFO  http.HttpServer2 (HttpServer2.java:addFilter(958)) - Added filter static_user_filter (class=org.apache.hadoop.http.lib.StaticUserWebFilter$StaticUserFilter) to context logs
2019-09-03 05:32:52,090 [main] INFO  http.HttpServer2 (HttpServer2.java:addFilter(958)) - Added filter static_user_filter (class=org.apache.hadoop.http.lib.StaticUserWebFilter$StaticUserFilter) to context static
2019-09-03 05:32:52,091 [main] INFO  http.HttpServer2 (HttpServer2.java:bindListener(1191)) - Jetty bound to port 44858
2019-09-03 05:32:52,091 [main] INFO  server.Server (Server.java:doStart(351)) - jetty-9.3.24.v20180605, build timestamp: 2018-06-05T17:11:56Z, git hash: 84205aa28f11a4f31f2a3b86d1bba2cc8ab69827
2019-09-03 05:32:52,093 [main] INFO  handler.ContextHandler (ContextHandler.java:doStart(781)) - Started o.e.j.s.ServletContextHandler@372f0a99{/logs,file:///workdir/hadoop-ozone/integration-test/target/log,AVAILABLE}
2019-09-03 05:32:52,093 [main] INFO  handler.ContextHandler (ContextHandler.java:doStart(781)) - Started o.e.j.s.ServletContextHandler@3e5beab5{/static,file:///workdir/hadoop-ozone/integration-test/target/test-classes/webapps/static,AVAILABLE}
2019-09-03 05:32:52,096 [main] INFO  handler.ContextHandler (ContextHandler.java:doStart(781)) - Started o.e.j.w.WebAppContext@51ac12ac{/,file:///workdir/hadoop-ozone/integration-test/target/test-classes/webapps/ozoneManager/,AVAILABLE}{/ozoneManager}
2019-09-03 05:32:52,097 [main] INFO  server.AbstractConnector (AbstractConnector.java:doStart(278)) - Started ServerConnector@463afa6e{HTTP/1.1,[http/1.1]}{0.0.0.0:44858}
2019-09-03 05:32:52,098 [main] INFO  server.Server (Server.java:doStart(419)) - Started @527465ms
2019-09-03 05:32:52,098 [main] WARN  impl.MetricsSystemImpl (MetricsSystemImpl.java:register(276)) - Sink prometheus already exists!
2019-09-03 05:32:52,098 [main] INFO  server.BaseHttpServer (BaseHttpServer.java:updateConnectorAddress(215)) - HTTP server of OZONEMANAGER is listening at http://0.0.0.0:44858
2019-09-03 05:32:52,110 [main] INFO  impl.MetricsSystemImpl (MetricsSystemImpl.java:init(158)) - HddsDatanode metrics system started (again)
2019-09-03 05:32:52,112 [main] INFO  ozone.HddsDatanodeService (HddsDatanodeService.java:start(184)) - HddsDatanodeService host:trunk-nightly-20190903-kd7j7-2804422064 ip:192.168.36.111
2019-09-03 05:32:52,117 [main] INFO  volume.HddsVolume (HddsVolume.java:<init>(176)) - Creating Volume: /workdir/hadoop-ozone/integration-test/target/test-dir/MiniOzoneClusterImpl-c64d20cb-122d-47af-9bf2-d2da5c3556a3/datanode-0/data/containers/hdds of  storage type : DISK and capacity : 1482555576320
2019-09-03 05:32:52,118 [main] INFO  volume.VolumeSet (VolumeSet.java:initializeVolumeSet(170)) - Added Volume : /workdir/hadoop-ozone/integration-test/target/test-dir/MiniOzoneClusterImpl-c64d20cb-122d-47af-9bf2-d2da5c3556a3/datanode-0/data/containers/hdds to VolumeSet
2019-09-03 05:32:52,118 [main] INFO  volume.ThrottledAsyncChecker (ThrottledAsyncChecker.java:schedule(140)) - Scheduling a check for org.apache.hadoop.ozone.container.common.volume.HddsVolume@50598a1a
2019-09-03 05:32:52,119 [main] INFO  volume.HddsVolumeChecker (HddsVolumeChecker.java:checkAllVolumes(203)) - Scheduled health check for volume org.apache.hadoop.ozone.container.common.volume.HddsVolume@50598a1a
2019-09-03 05:32:52,131 [main] INFO  impl.RaftServerProxy (ConfUtils.java:logGet(43)) - raft.rpc.type = GRPC (default)
2019-09-03 05:32:52,131 [main] INFO  grpc.GrpcFactory (GrpcFactory.java:checkPooledByteBufAllocatorUseCacheForAllThreads(45)) - PERFORMANCE WARNING: useCacheForAllThreads is true that may cause Netty to create a lot garbage objects and, as a result, trigger GC.
	It is recommended to disable useCacheForAllThreads by setting -Dorg.apache.ratis.thirdparty.io.netty.allocator.useCacheForAllThreads=false in command line.
2019-09-03 05:32:52,132 [main] INFO  grpc.GrpcConfigKeys$Server (ConfUtils.java:logGet(43)) - raft.grpc.server.port = 0 (default)
2019-09-03 05:32:52,132 [main] INFO  server.GrpcService (ConfUtils.java:logGet(43)) - raft.grpc.message.size.max = 33570816 (custom)
2019-09-03 05:32:52,132 [main] INFO  server.RaftServerConfigKeys (ConfUtils.java:logGet(43)) - raft.server.log.appender.buffer.byte-limit = 33554432 (custom)
2019-09-03 05:32:52,132 [main] INFO  server.GrpcService (ConfUtils.java:logGet(43)) - raft.grpc.flow.control.window = 1MB (=1048576) (default)
2019-09-03 05:32:52,132 [main] INFO  server.RaftServerConfigKeys (ConfUtils.java:logGet(43)) - raft.server.rpc.request.timeout = 3000ms (default)
2019-09-03 05:32:52,133 [main] INFO  server.RaftServerConfigKeys (ConfUtils.java:logGet(43)) - raft.server.storage.dir = [/workdir/hadoop-ozone/integration-test/target/test-dir/MiniOzoneClusterImpl-c64d20cb-122d-47af-9bf2-d2da5c3556a3/datanode-0/data/ratis] (custom)
2019-09-03 05:32:52,135 [main] INFO  hdfs.DFSUtil (DFSUtil.java:httpServerTemplateForNNAndJN(1641)) - Starting Web-server for hddsDatanode at: http://0.0.0.0:0
2019-09-03 05:32:52,136 [main] INFO  server.AuthenticationFilter (AuthenticationFilter.java:constructSecretProvider(240)) - Unable to initialize FileSignerSecretProvider, falling back to use random secrets.
2019-09-03 05:32:52,136 [main] WARN  http.HttpRequestLog (HttpRequestLog.java:getRequestLog(97)) - Jetty request log can only be enabled using Log4j
2019-09-03 05:32:52,138 [main] INFO  http.HttpServer2 (HttpServer2.java:addGlobalFilter(975)) - Added global filter 'safety' (class=org.apache.hadoop.http.HttpServer2$QuotingInputFilter)
2019-09-03 05:32:52,138 [main] INFO  http.HttpServer2 (HttpServer2.java:addFilter(948)) - Added filter static_user_filter (class=org.apache.hadoop.http.lib.StaticUserWebFilter$StaticUserFilter) to context hddsDatanode
2019-09-03 05:32:52,138 [main] INFO  http.HttpServer2 (HttpServer2.java:addFilter(958)) - Added filter static_user_filter (class=org.apache.hadoop.http.lib.StaticUserWebFilter$StaticUserFilter) to context logs
2019-09-03 05:32:52,138 [main] INFO  http.HttpServer2 (HttpServer2.java:addFilter(958)) - Added filter static_user_filter (class=org.apache.hadoop.http.lib.StaticUserWebFilter$StaticUserFilter) to context static
2019-09-03 05:32:52,139 [main] INFO  http.HttpServer2 (HttpServer2.java:bindListener(1191)) - Jetty bound to port 43877
2019-09-03 05:32:52,139 [main] INFO  server.Server (Server.java:doStart(351)) - jetty-9.3.24.v20180605, build timestamp: 2018-06-05T17:11:56Z, git hash: 84205aa28f11a4f31f2a3b86d1bba2cc8ab69827
2019-09-03 05:32:52,141 [main] INFO  handler.ContextHandler (ContextHandler.java:doStart(781)) - Started o.e.j.s.ServletContextHandler@8b13d91{/logs,file:///workdir/hadoop-ozone/integration-test/target/log,AVAILABLE}
2019-09-03 05:32:52,141 [main] INFO  handler.ContextHandler (ContextHandler.java:doStart(781)) - Started o.e.j.s.ServletContextHandler@2589d787{/static,jar:file:/home/user/.m2/repository/org/apache/hadoop/hadoop-hdds-container-service/0.5.0-SNAPSHOT/hadoop-hdds-container-service-0.5.0-SNAPSHOT.jar!/webapps/static,AVAILABLE}
2019-09-03 05:32:52,169 [main] INFO  handler.ContextHandler (ContextHandler.java:doStart(781)) - Started o.e.j.w.WebAppContext@6cbb7a7d{/,file:///tmp/jetty-0.0.0.0-43877-hddsDatanode-_-any-5571299583469241429.dir/webapp/,AVAILABLE}{/hddsDatanode}
2019-09-03 05:32:52,169 [main] INFO  server.AbstractConnector (AbstractConnector.java:doStart(278)) - Started ServerConnector@cdb3c85{HTTP/1.1,[http/1.1]}{0.0.0.0:43877}
2019-09-03 05:32:52,171 [main] INFO  server.Server (Server.java:doStart(419)) - Started @527538ms
2019-09-03 05:32:52,171 [main] WARN  impl.MetricsSystemImpl (MetricsSystemImpl.java:register(276)) - Sink prometheus already exists!
2019-09-03 05:32:52,173 [main] INFO  server.BaseHttpServer (BaseHttpServer.java:updateConnectorAddress(215)) - HTTP server of HDDSDATANODE is listening at http://0.0.0.0:43877
2019-09-03 05:32:52,173 [main] INFO  impl.MetricsSystemImpl (MetricsSystemImpl.java:init(158)) - HddsDatanode metrics system started (again)
2019-09-03 05:32:52,175 [org.apache.hadoop.util.JvmPauseMonitor$Monitor@58c4e381] INFO  util.JvmPauseMonitor (JvmPauseMonitor.java:run(188)) - Starting JVM pause monitor
2019-09-03 05:32:52,176 [main] INFO  ozone.HddsDatanodeService (HddsDatanodeService.java:start(184)) - HddsDatanodeService host:trunk-nightly-20190903-kd7j7-2804422064 ip:192.168.36.111
2019-09-03 05:32:52,177 [Datanode State Machine Thread - 0] INFO  datanode.InitDatanodeState (InitDatanodeState.java:persistContainerDatanodeDetails(140)) - DatanodeDetails is persisted to /workdir/hadoop-ozone/integration-test/target/test-dir/MiniOzoneClusterImpl-c64d20cb-122d-47af-9bf2-d2da5c3556a3/datanode-0/meta/datanode.id
2019-09-03 05:32:52,182 [main] INFO  volume.HddsVolume (HddsVolume.java:<init>(176)) - Creating Volume: /workdir/hadoop-ozone/integration-test/target/test-dir/MiniOzoneClusterImpl-c64d20cb-122d-47af-9bf2-d2da5c3556a3/datanode-1/data/containers/hdds of  storage type : DISK and capacity : 1482555576320
2019-09-03 05:32:52,182 [main] INFO  volume.VolumeSet (VolumeSet.java:initializeVolumeSet(170)) - Added Volume : /workdir/hadoop-ozone/integration-test/target/test-dir/MiniOzoneClusterImpl-c64d20cb-122d-47af-9bf2-d2da5c3556a3/datanode-1/data/containers/hdds to VolumeSet
2019-09-03 05:32:52,182 [main] INFO  volume.ThrottledAsyncChecker (ThrottledAsyncChecker.java:schedule(140)) - Scheduling a check for org.apache.hadoop.ozone.container.common.volume.HddsVolume@675b18ff
2019-09-03 05:32:52,183 [main] INFO  volume.HddsVolumeChecker (HddsVolumeChecker.java:checkAllVolumes(203)) - Scheduled health check for volume org.apache.hadoop.ozone.container.common.volume.HddsVolume@675b18ff
2019-09-03 05:32:52,196 [main] INFO  impl.RaftServerProxy (ConfUtils.java:logGet(43)) - raft.rpc.type = GRPC (default)
2019-09-03 05:32:52,196 [main] INFO  grpc.GrpcFactory (GrpcFactory.java:checkPooledByteBufAllocatorUseCacheForAllThreads(45)) - PERFORMANCE WARNING: useCacheForAllThreads is true that may cause Netty to create a lot garbage objects and, as a result, trigger GC.
	It is recommended to disable useCacheForAllThreads by setting -Dorg.apache.ratis.thirdparty.io.netty.allocator.useCacheForAllThreads=false in command line.
2019-09-03 05:32:52,196 [main] INFO  grpc.GrpcConfigKeys$Server (ConfUtils.java:logGet(43)) - raft.grpc.server.port = 0 (default)
2019-09-03 05:32:52,197 [main] INFO  server.GrpcService (ConfUtils.java:logGet(43)) - raft.grpc.message.size.max = 33570816 (custom)
2019-09-03 05:32:52,197 [main] INFO  server.RaftServerConfigKeys (ConfUtils.java:logGet(43)) - raft.server.log.appender.buffer.byte-limit = 33554432 (custom)
2019-09-03 05:32:52,197 [main] INFO  server.GrpcService (ConfUtils.java:logGet(43)) - raft.grpc.flow.control.window = 1MB (=1048576) (default)
2019-09-03 05:32:52,197 [main] INFO  server.RaftServerConfigKeys (ConfUtils.java:logGet(43)) - raft.server.rpc.request.timeout = 3000ms (default)
2019-09-03 05:32:52,198 [main] INFO  server.RaftServerConfigKeys (ConfUtils.java:logGet(43)) - raft.server.storage.dir = [/workdir/hadoop-ozone/integration-test/target/test-dir/MiniOzoneClusterImpl-c64d20cb-122d-47af-9bf2-d2da5c3556a3/datanode-1/data/ratis] (custom)
2019-09-03 05:32:52,199 [main] INFO  hdfs.DFSUtil (DFSUtil.java:httpServerTemplateForNNAndJN(1641)) - Starting Web-server for hddsDatanode at: http://0.0.0.0:0
2019-09-03 05:32:52,200 [main] INFO  server.AuthenticationFilter (AuthenticationFilter.java:constructSecretProvider(240)) - Unable to initialize FileSignerSecretProvider, falling back to use random secrets.
2019-09-03 05:32:52,200 [main] WARN  http.HttpRequestLog (HttpRequestLog.java:getRequestLog(97)) - Jetty request log can only be enabled using Log4j
2019-09-03 05:32:52,201 [main] INFO  http.HttpServer2 (HttpServer2.java:addGlobalFilter(975)) - Added global filter 'safety' (class=org.apache.hadoop.http.HttpServer2$QuotingInputFilter)
2019-09-03 05:32:52,202 [main] INFO  http.HttpServer2 (HttpServer2.java:addFilter(948)) - Added filter static_user_filter (class=org.apache.hadoop.http.lib.StaticUserWebFilter$StaticUserFilter) to context hddsDatanode
2019-09-03 05:32:52,202 [main] INFO  http.HttpServer2 (HttpServer2.java:addFilter(958)) - Added filter static_user_filter (class=org.apache.hadoop.http.lib.StaticUserWebFilter$StaticUserFilter) to context logs
2019-09-03 05:32:52,202 [main] INFO  http.HttpServer2 (HttpServer2.java:addFilter(958)) - Added filter static_user_filter (class=org.apache.hadoop.http.lib.StaticUserWebFilter$StaticUserFilter) to context static
2019-09-03 05:32:52,203 [main] INFO  http.HttpServer2 (HttpServer2.java:bindListener(1191)) - Jetty bound to port 43711
2019-09-03 05:32:52,203 [main] INFO  server.Server (Server.java:doStart(351)) - jetty-9.3.24.v20180605, build timestamp: 2018-06-05T17:11:56Z, git hash: 84205aa28f11a4f31f2a3b86d1bba2cc8ab69827
2019-09-03 05:32:52,204 [main] INFO  handler.ContextHandler (ContextHandler.java:doStart(781)) - Started o.e.j.s.ServletContextHandler@3caee3a8{/logs,file:///workdir/hadoop-ozone/integration-test/target/log,AVAILABLE}
2019-09-03 05:32:52,205 [main] INFO  handler.ContextHandler (ContextHandler.java:doStart(781)) - Started o.e.j.s.ServletContextHandler@251c90f{/static,jar:file:/home/user/.m2/repository/org/apache/hadoop/hadoop-hdds-container-service/0.5.0-SNAPSHOT/hadoop-hdds-container-service-0.5.0-SNAPSHOT.jar!/webapps/static,AVAILABLE}
2019-09-03 05:32:52,231 [main] INFO  handler.ContextHandler (ContextHandler.java:doStart(781)) - Started o.e.j.w.WebAppContext@3f6cce7f{/,file:///tmp/jetty-0.0.0.0-43711-hddsDatanode-_-any-4677147265513672436.dir/webapp/,AVAILABLE}{/hddsDatanode}
2019-09-03 05:32:52,232 [main] INFO  server.AbstractConnector (AbstractConnector.java:doStart(278)) - Started ServerConnector@2725ca05{HTTP/1.1,[http/1.1]}{0.0.0.0:43711}
2019-09-03 05:32:52,233 [main] INFO  server.Server (Server.java:doStart(419)) - Started @527600ms
2019-09-03 05:32:52,233 [main] WARN  impl.MetricsSystemImpl (MetricsSystemImpl.java:register(276)) - Sink prometheus already exists!
2019-09-03 05:32:52,234 [main] INFO  server.BaseHttpServer (BaseHttpServer.java:updateConnectorAddress(215)) - HTTP server of HDDSDATANODE is listening at http://0.0.0.0:43711
2019-09-03 05:32:52,234 [main] INFO  impl.MetricsSystemImpl (MetricsSystemImpl.java:init(158)) - HddsDatanode metrics system started (again)
2019-09-03 05:32:52,236 [org.apache.hadoop.util.JvmPauseMonitor$Monitor@40302617] INFO  util.JvmPauseMonitor (JvmPauseMonitor.java:run(188)) - Starting JVM pause monitor
2019-09-03 05:32:52,237 [main] INFO  ozone.HddsDatanodeService (HddsDatanodeService.java:start(184)) - HddsDatanodeService host:trunk-nightly-20190903-kd7j7-2804422064 ip:192.168.36.111
2019-09-03 05:32:52,238 [Datanode State Machine Thread - 0] INFO  datanode.InitDatanodeState (InitDatanodeState.java:persistContainerDatanodeDetails(140)) - DatanodeDetails is persisted to /workdir/hadoop-ozone/integration-test/target/test-dir/MiniOzoneClusterImpl-c64d20cb-122d-47af-9bf2-d2da5c3556a3/datanode-1/meta/datanode.id
2019-09-03 05:32:52,243 [main] INFO  volume.HddsVolume (HddsVolume.java:<init>(176)) - Creating Volume: /workdir/hadoop-ozone/integration-test/target/test-dir/MiniOzoneClusterImpl-c64d20cb-122d-47af-9bf2-d2da5c3556a3/datanode-2/data/containers/hdds of  storage type : DISK and capacity : 1482555576320
2019-09-03 05:32:52,244 [main] INFO  volume.VolumeSet (VolumeSet.java:initializeVolumeSet(170)) - Added Volume : /workdir/hadoop-ozone/integration-test/target/test-dir/MiniOzoneClusterImpl-c64d20cb-122d-47af-9bf2-d2da5c3556a3/datanode-2/data/containers/hdds to VolumeSet
2019-09-03 05:32:52,244 [main] INFO  volume.ThrottledAsyncChecker (ThrottledAsyncChecker.java:schedule(140)) - Scheduling a check for org.apache.hadoop.ozone.container.common.volume.HddsVolume@342ee097
2019-09-03 05:32:52,244 [main] INFO  volume.HddsVolumeChecker (HddsVolumeChecker.java:checkAllVolumes(203)) - Scheduled health check for volume org.apache.hadoop.ozone.container.common.volume.HddsVolume@342ee097
2019-09-03 05:32:52,260 [main] INFO  impl.RaftServerProxy (ConfUtils.java:logGet(43)) - raft.rpc.type = GRPC (default)
2019-09-03 05:32:52,260 [main] INFO  grpc.GrpcFactory (GrpcFactory.java:checkPooledByteBufAllocatorUseCacheForAllThreads(45)) - PERFORMANCE WARNING: useCacheForAllThreads is true that may cause Netty to create a lot garbage objects and, as a result, trigger GC.
	It is recommended to disable useCacheForAllThreads by setting -Dorg.apache.ratis.thirdparty.io.netty.allocator.useCacheForAllThreads=false in command line.
2019-09-03 05:32:52,260 [main] INFO  grpc.GrpcConfigKeys$Server (ConfUtils.java:logGet(43)) - raft.grpc.server.port = 0 (default)
2019-09-03 05:32:52,260 [main] INFO  server.GrpcService (ConfUtils.java:logGet(43)) - raft.grpc.message.size.max = 33570816 (custom)
2019-09-03 05:32:52,260 [main] INFO  server.RaftServerConfigKeys (ConfUtils.java:logGet(43)) - raft.server.log.appender.buffer.byte-limit = 33554432 (custom)
2019-09-03 05:32:52,261 [main] INFO  server.GrpcService (ConfUtils.java:logGet(43)) - raft.grpc.flow.control.window = 1MB (=1048576) (default)
2019-09-03 05:32:52,261 [main] INFO  server.RaftServerConfigKeys (ConfUtils.java:logGet(43)) - raft.server.rpc.request.timeout = 3000ms (default)
2019-09-03 05:32:52,261 [main] INFO  server.RaftServerConfigKeys (ConfUtils.java:logGet(43)) - raft.server.storage.dir = [/workdir/hadoop-ozone/integration-test/target/test-dir/MiniOzoneClusterImpl-c64d20cb-122d-47af-9bf2-d2da5c3556a3/datanode-2/data/ratis] (custom)
2019-09-03 05:32:52,262 [main] INFO  hdfs.DFSUtil (DFSUtil.java:httpServerTemplateForNNAndJN(1641)) - Starting Web-server for hddsDatanode at: http://0.0.0.0:0
2019-09-03 05:32:52,264 [main] INFO  server.AuthenticationFilter (AuthenticationFilter.java:constructSecretProvider(240)) - Unable to initialize FileSignerSecretProvider, falling back to use random secrets.
2019-09-03 05:32:52,264 [main] WARN  http.HttpRequestLog (HttpRequestLog.java:getRequestLog(97)) - Jetty request log can only be enabled using Log4j
2019-09-03 05:32:52,266 [main] INFO  http.HttpServer2 (HttpServer2.java:addGlobalFilter(975)) - Added global filter 'safety' (class=org.apache.hadoop.http.HttpServer2$QuotingInputFilter)
2019-09-03 05:32:52,266 [main] INFO  http.HttpServer2 (HttpServer2.java:addFilter(948)) - Added filter static_user_filter (class=org.apache.hadoop.http.lib.StaticUserWebFilter$StaticUserFilter) to context hddsDatanode
2019-09-03 05:32:52,266 [main] INFO  http.HttpServer2 (HttpServer2.java:addFilter(958)) - Added filter static_user_filter (class=org.apache.hadoop.http.lib.StaticUserWebFilter$StaticUserFilter) to context static
2019-09-03 05:32:52,266 [main] INFO  http.HttpServer2 (HttpServer2.java:addFilter(958)) - Added filter static_user_filter (class=org.apache.hadoop.http.lib.StaticUserWebFilter$StaticUserFilter) to context logs
2019-09-03 05:32:52,267 [main] INFO  http.HttpServer2 (HttpServer2.java:bindListener(1191)) - Jetty bound to port 41240
2019-09-03 05:32:52,267 [main] INFO  server.Server (Server.java:doStart(351)) - jetty-9.3.24.v20180605, build timestamp: 2018-06-05T17:11:56Z, git hash: 84205aa28f11a4f31f2a3b86d1bba2cc8ab69827
2019-09-03 05:32:52,269 [main] INFO  handler.ContextHandler (ContextHandler.java:doStart(781)) - Started o.e.j.s.ServletContextHandler@2bec068b{/logs,file:///workdir/hadoop-ozone/integration-test/target/log,AVAILABLE}
2019-09-03 05:32:52,269 [main] INFO  handler.ContextHandler (ContextHandler.java:doStart(781)) - Started o.e.j.s.ServletContextHandler@55361f03{/static,jar:file:/home/user/.m2/repository/org/apache/hadoop/hadoop-hdds-container-service/0.5.0-SNAPSHOT/hadoop-hdds-container-service-0.5.0-SNAPSHOT.jar!/webapps/static,AVAILABLE}
2019-09-03 05:32:52,302 [main] INFO  handler.ContextHandler (ContextHandler.java:doStart(781)) - Started o.e.j.w.WebAppContext@5ec9eefa{/,file:///tmp/jetty-0.0.0.0-41240-hddsDatanode-_-any-2569107403356698563.dir/webapp/,AVAILABLE}{/hddsDatanode}
2019-09-03 05:32:52,303 [main] INFO  server.AbstractConnector (AbstractConnector.java:doStart(278)) - Started ServerConnector@28b8f98a{HTTP/1.1,[http/1.1]}{0.0.0.0:41240}
2019-09-03 05:32:52,305 [main] INFO  server.Server (Server.java:doStart(419)) - Started @527672ms
2019-09-03 05:32:52,305 [main] WARN  impl.MetricsSystemImpl (MetricsSystemImpl.java:register(276)) - Sink prometheus already exists!
2019-09-03 05:32:52,306 [main] INFO  server.BaseHttpServer (BaseHttpServer.java:updateConnectorAddress(215)) - HTTP server of HDDSDATANODE is listening at http://0.0.0.0:41240
2019-09-03 05:32:52,306 [main] INFO  impl.MetricsSystemImpl (MetricsSystemImpl.java:init(158)) - HddsDatanode metrics system started (again)
2019-09-03 05:32:52,309 [org.apache.hadoop.util.JvmPauseMonitor$Monitor@33a50b4e] INFO  util.JvmPauseMonitor (JvmPauseMonitor.java:run(188)) - Starting JVM pause monitor
2019-09-03 05:32:52,309 [main] INFO  ozone.HddsDatanodeService (HddsDatanodeService.java:start(184)) - HddsDatanodeService host:trunk-nightly-20190903-kd7j7-2804422064 ip:192.168.36.111
2019-09-03 05:32:52,310 [Datanode State Machine Thread - 0] INFO  datanode.InitDatanodeState (InitDatanodeState.java:persistContainerDatanodeDetails(140)) - DatanodeDetails is persisted to /workdir/hadoop-ozone/integration-test/target/test-dir/MiniOzoneClusterImpl-c64d20cb-122d-47af-9bf2-d2da5c3556a3/datanode-2/meta/datanode.id
2019-09-03 05:32:52,315 [main] INFO  volume.HddsVolume (HddsVolume.java:<init>(176)) - Creating Volume: /workdir/hadoop-ozone/integration-test/target/test-dir/MiniOzoneClusterImpl-c64d20cb-122d-47af-9bf2-d2da5c3556a3/datanode-3/data/containers/hdds of  storage type : DISK and capacity : 1482555576320
2019-09-03 05:32:52,315 [main] INFO  volume.VolumeSet (VolumeSet.java:initializeVolumeSet(170)) - Added Volume : /workdir/hadoop-ozone/integration-test/target/test-dir/MiniOzoneClusterImpl-c64d20cb-122d-47af-9bf2-d2da5c3556a3/datanode-3/data/containers/hdds to VolumeSet
2019-09-03 05:32:52,315 [main] INFO  volume.ThrottledAsyncChecker (ThrottledAsyncChecker.java:schedule(140)) - Scheduling a check for org.apache.hadoop.ozone.container.common.volume.HddsVolume@3e14d390
2019-09-03 05:32:52,316 [main] INFO  volume.HddsVolumeChecker (HddsVolumeChecker.java:checkAllVolumes(203)) - Scheduled health check for volume org.apache.hadoop.ozone.container.common.volume.HddsVolume@3e14d390
2019-09-03 05:32:52,330 [main] INFO  impl.RaftServerProxy (ConfUtils.java:logGet(43)) - raft.rpc.type = GRPC (default)
2019-09-03 05:32:52,330 [main] INFO  grpc.GrpcFactory (GrpcFactory.java:checkPooledByteBufAllocatorUseCacheForAllThreads(45)) - PERFORMANCE WARNING: useCacheForAllThreads is true that may cause Netty to create a lot garbage objects and, as a result, trigger GC.
	It is recommended to disable useCacheForAllThreads by setting -Dorg.apache.ratis.thirdparty.io.netty.allocator.useCacheForAllThreads=false in command line.
2019-09-03 05:32:52,330 [main] INFO  grpc.GrpcConfigKeys$Server (ConfUtils.java:logGet(43)) - raft.grpc.server.port = 0 (default)
2019-09-03 05:32:52,330 [main] INFO  server.GrpcService (ConfUtils.java:logGet(43)) - raft.grpc.message.size.max = 33570816 (custom)
2019-09-03 05:32:52,330 [main] INFO  server.RaftServerConfigKeys (ConfUtils.java:logGet(43)) - raft.server.log.appender.buffer.byte-limit = 33554432 (custom)
2019-09-03 05:32:52,331 [main] INFO  server.GrpcService (ConfUtils.java:logGet(43)) - raft.grpc.flow.control.window = 1MB (=1048576) (default)
2019-09-03 05:32:52,331 [main] INFO  server.RaftServerConfigKeys (ConfUtils.java:logGet(43)) - raft.server.rpc.request.timeout = 3000ms (default)
2019-09-03 05:32:52,331 [main] INFO  server.RaftServerConfigKeys (ConfUtils.java:logGet(43)) - raft.server.storage.dir = [/workdir/hadoop-ozone/integration-test/target/test-dir/MiniOzoneClusterImpl-c64d20cb-122d-47af-9bf2-d2da5c3556a3/datanode-3/data/ratis] (custom)
2019-09-03 05:32:52,332 [main] INFO  hdfs.DFSUtil (DFSUtil.java:httpServerTemplateForNNAndJN(1641)) - Starting Web-server for hddsDatanode at: http://0.0.0.0:0
2019-09-03 05:32:52,334 [main] INFO  server.AuthenticationFilter (AuthenticationFilter.java:constructSecretProvider(240)) - Unable to initialize FileSignerSecretProvider, falling back to use random secrets.
2019-09-03 05:32:52,334 [main] WARN  http.HttpRequestLog (HttpRequestLog.java:getRequestLog(97)) - Jetty request log can only be enabled using Log4j
2019-09-03 05:32:52,336 [main] INFO  http.HttpServer2 (HttpServer2.java:addGlobalFilter(975)) - Added global filter 'safety' (class=org.apache.hadoop.http.HttpServer2$QuotingInputFilter)
2019-09-03 05:32:52,336 [main] INFO  http.HttpServer2 (HttpServer2.java:addFilter(948)) - Added filter static_user_filter (class=org.apache.hadoop.http.lib.StaticUserWebFilter$StaticUserFilter) to context hddsDatanode
2019-09-03 05:32:52,336 [main] INFO  http.HttpServer2 (HttpServer2.java:addFilter(958)) - Added filter static_user_filter (class=org.apache.hadoop.http.lib.StaticUserWebFilter$StaticUserFilter) to context static
2019-09-03 05:32:52,337 [main] INFO  http.HttpServer2 (HttpServer2.java:addFilter(958)) - Added filter static_user_filter (class=org.apache.hadoop.http.lib.StaticUserWebFilter$StaticUserFilter) to context logs
2019-09-03 05:32:52,337 [main] INFO  http.HttpServer2 (HttpServer2.java:bindListener(1191)) - Jetty bound to port 35984
2019-09-03 05:32:52,337 [main] INFO  server.Server (Server.java:doStart(351)) - jetty-9.3.24.v20180605, build timestamp: 2018-06-05T17:11:56Z, git hash: 84205aa28f11a4f31f2a3b86d1bba2cc8ab69827
2019-09-03 05:32:52,339 [main] INFO  handler.ContextHandler (ContextHandler.java:doStart(781)) - Started o.e.j.s.ServletContextHandler@75e80a97{/logs,file:///workdir/hadoop-ozone/integration-test/target/log,AVAILABLE}
2019-09-03 05:32:52,340 [main] INFO  handler.ContextHandler (ContextHandler.java:doStart(781)) - Started o.e.j.s.ServletContextHandler@1b8aaeab{/static,jar:file:/home/user/.m2/repository/org/apache/hadoop/hadoop-hdds-container-service/0.5.0-SNAPSHOT/hadoop-hdds-container-service-0.5.0-SNAPSHOT.jar!/webapps/static,AVAILABLE}
2019-09-03 05:32:52,367 [main] INFO  handler.ContextHandler (ContextHandler.java:doStart(781)) - Started o.e.j.w.WebAppContext@3dec3f87{/,file:///tmp/jetty-0.0.0.0-35984-hddsDatanode-_-any-3262139118432915386.dir/webapp/,AVAILABLE}{/hddsDatanode}
2019-09-03 05:32:52,367 [main] INFO  server.AbstractConnector (AbstractConnector.java:doStart(278)) - Started ServerConnector@7a606260{HTTP/1.1,[http/1.1]}{0.0.0.0:35984}
2019-09-03 05:32:52,369 [main] INFO  server.Server (Server.java:doStart(419)) - Started @527736ms
2019-09-03 05:32:52,369 [main] WARN  impl.MetricsSystemImpl (MetricsSystemImpl.java:register(276)) - Sink prometheus already exists!
2019-09-03 05:32:52,370 [main] INFO  server.BaseHttpServer (BaseHttpServer.java:updateConnectorAddress(215)) - HTTP server of HDDSDATANODE is listening at http://0.0.0.0:35984
2019-09-03 05:32:52,370 [main] INFO  impl.MetricsSystemImpl (MetricsSystemImpl.java:init(158)) - HddsDatanode metrics system started (again)
2019-09-03 05:32:52,373 [org.apache.hadoop.util.JvmPauseMonitor$Monitor@1014fc82] INFO  util.JvmPauseMonitor (JvmPauseMonitor.java:run(188)) - Starting JVM pause monitor
2019-09-03 05:32:52,374 [main] INFO  ozone.HddsDatanodeService (HddsDatanodeService.java:start(184)) - HddsDatanodeService host:trunk-nightly-20190903-kd7j7-2804422064 ip:192.168.36.111
2019-09-03 05:32:52,374 [Datanode State Machine Thread - 0] INFO  datanode.InitDatanodeState (InitDatanodeState.java:persistContainerDatanodeDetails(140)) - DatanodeDetails is persisted to /workdir/hadoop-ozone/integration-test/target/test-dir/MiniOzoneClusterImpl-c64d20cb-122d-47af-9bf2-d2da5c3556a3/datanode-3/meta/datanode.id
2019-09-03 05:32:52,380 [main] INFO  volume.HddsVolume (HddsVolume.java:<init>(176)) - Creating Volume: /workdir/hadoop-ozone/integration-test/target/test-dir/MiniOzoneClusterImpl-c64d20cb-122d-47af-9bf2-d2da5c3556a3/datanode-4/data/containers/hdds of  storage type : DISK and capacity : 1482555576320
2019-09-03 05:32:52,380 [main] INFO  volume.VolumeSet (VolumeSet.java:initializeVolumeSet(170)) - Added Volume : /workdir/hadoop-ozone/integration-test/target/test-dir/MiniOzoneClusterImpl-c64d20cb-122d-47af-9bf2-d2da5c3556a3/datanode-4/data/containers/hdds to VolumeSet
2019-09-03 05:32:52,380 [main] INFO  volume.ThrottledAsyncChecker (ThrottledAsyncChecker.java:schedule(140)) - Scheduling a check for org.apache.hadoop.ozone.container.common.volume.HddsVolume@511da44f
2019-09-03 05:32:52,381 [main] INFO  volume.HddsVolumeChecker (HddsVolumeChecker.java:checkAllVolumes(203)) - Scheduled health check for volume org.apache.hadoop.ozone.container.common.volume.HddsVolume@511da44f
2019-09-03 05:32:52,394 [main] INFO  impl.RaftServerProxy (ConfUtils.java:logGet(43)) - raft.rpc.type = GRPC (default)
2019-09-03 05:32:52,394 [main] INFO  grpc.GrpcFactory (GrpcFactory.java:checkPooledByteBufAllocatorUseCacheForAllThreads(45)) - PERFORMANCE WARNING: useCacheForAllThreads is true that may cause Netty to create a lot garbage objects and, as a result, trigger GC.
	It is recommended to disable useCacheForAllThreads by setting -Dorg.apache.ratis.thirdparty.io.netty.allocator.useCacheForAllThreads=false in command line.
2019-09-03 05:32:52,394 [main] INFO  grpc.GrpcConfigKeys$Server (ConfUtils.java:logGet(43)) - raft.grpc.server.port = 0 (default)
2019-09-03 05:32:52,394 [main] INFO  server.GrpcService (ConfUtils.java:logGet(43)) - raft.grpc.message.size.max = 33570816 (custom)
2019-09-03 05:32:52,394 [main] INFO  server.RaftServerConfigKeys (ConfUtils.java:logGet(43)) - raft.server.log.appender.buffer.byte-limit = 33554432 (custom)
2019-09-03 05:32:52,395 [main] INFO  server.GrpcService (ConfUtils.java:logGet(43)) - raft.grpc.flow.control.window = 1MB (=1048576) (default)
2019-09-03 05:32:52,395 [main] INFO  server.RaftServerConfigKeys (ConfUtils.java:logGet(43)) - raft.server.rpc.request.timeout = 3000ms (default)
2019-09-03 05:32:52,395 [main] INFO  server.RaftServerConfigKeys (ConfUtils.java:logGet(43)) - raft.server.storage.dir = [/workdir/hadoop-ozone/integration-test/target/test-dir/MiniOzoneClusterImpl-c64d20cb-122d-47af-9bf2-d2da5c3556a3/datanode-4/data/ratis] (custom)
2019-09-03 05:32:52,396 [main] INFO  hdfs.DFSUtil (DFSUtil.java:httpServerTemplateForNNAndJN(1641)) - Starting Web-server for hddsDatanode at: http://0.0.0.0:0
2019-09-03 05:32:52,397 [main] INFO  server.AuthenticationFilter (AuthenticationFilter.java:constructSecretProvider(240)) - Unable to initialize FileSignerSecretProvider, falling back to use random secrets.
2019-09-03 05:32:52,398 [main] WARN  http.HttpRequestLog (HttpRequestLog.java:getRequestLog(97)) - Jetty request log can only be enabled using Log4j
2019-09-03 05:32:52,399 [main] INFO  http.HttpServer2 (HttpServer2.java:addGlobalFilter(975)) - Added global filter 'safety' (class=org.apache.hadoop.http.HttpServer2$QuotingInputFilter)
2019-09-03 05:32:52,399 [main] INFO  http.HttpServer2 (HttpServer2.java:addFilter(948)) - Added filter static_user_filter (class=org.apache.hadoop.http.lib.StaticUserWebFilter$StaticUserFilter) to context hddsDatanode
2019-09-03 05:32:52,399 [main] INFO  http.HttpServer2 (HttpServer2.java:addFilter(958)) - Added filter static_user_filter (class=org.apache.hadoop.http.lib.StaticUserWebFilter$StaticUserFilter) to context logs
2019-09-03 05:32:52,400 [main] INFO  http.HttpServer2 (HttpServer2.java:addFilter(958)) - Added filter static_user_filter (class=org.apache.hadoop.http.lib.StaticUserWebFilter$StaticUserFilter) to context static
2019-09-03 05:32:52,400 [main] INFO  http.HttpServer2 (HttpServer2.java:bindListener(1191)) - Jetty bound to port 32777
2019-09-03 05:32:52,400 [main] INFO  server.Server (Server.java:doStart(351)) - jetty-9.3.24.v20180605, build timestamp: 2018-06-05T17:11:56Z, git hash: 84205aa28f11a4f31f2a3b86d1bba2cc8ab69827
2019-09-03 05:32:52,402 [main] INFO  handler.ContextHandler (ContextHandler.java:doStart(781)) - Started o.e.j.s.ServletContextHandler@36478bce{/logs,file:///workdir/hadoop-ozone/integration-test/target/log,AVAILABLE}
2019-09-03 05:32:52,402 [main] INFO  handler.ContextHandler (ContextHandler.java:doStart(781)) - Started o.e.j.s.ServletContextHandler@75793f17{/static,jar:file:/home/user/.m2/repository/org/apache/hadoop/hadoop-hdds-container-service/0.5.0-SNAPSHOT/hadoop-hdds-container-service-0.5.0-SNAPSHOT.jar!/webapps/static,AVAILABLE}
2019-09-03 05:32:52,429 [main] INFO  handler.ContextHandler (ContextHandler.java:doStart(781)) - Started o.e.j.w.WebAppContext@430df350{/,file:///tmp/jetty-0.0.0.0-32777-hddsDatanode-_-any-4657301063268056841.dir/webapp/,AVAILABLE}{/hddsDatanode}
2019-09-03 05:32:52,429 [main] INFO  server.AbstractConnector (AbstractConnector.java:doStart(278)) - Started ServerConnector@1373e3ee{HTTP/1.1,[http/1.1]}{0.0.0.0:32777}
2019-09-03 05:32:52,430 [main] INFO  server.Server (Server.java:doStart(419)) - Started @527797ms
2019-09-03 05:32:52,431 [main] WARN  impl.MetricsSystemImpl (MetricsSystemImpl.java:register(276)) - Sink prometheus already exists!
2019-09-03 05:32:52,431 [main] INFO  server.BaseHttpServer (BaseHttpServer.java:updateConnectorAddress(215)) - HTTP server of HDDSDATANODE is listening at http://0.0.0.0:32777
2019-09-03 05:32:52,432 [main] INFO  impl.MetricsSystemImpl (MetricsSystemImpl.java:init(158)) - HddsDatanode metrics system started (again)
2019-09-03 05:32:52,435 [org.apache.hadoop.util.JvmPauseMonitor$Monitor@6ecaae2e] INFO  util.JvmPauseMonitor (JvmPauseMonitor.java:run(188)) - Starting JVM pause monitor
2019-09-03 05:32:52,435 [main] INFO  ozone.HddsDatanodeService (HddsDatanodeService.java:start(184)) - HddsDatanodeService host:trunk-nightly-20190903-kd7j7-2804422064 ip:192.168.36.111
2019-09-03 05:32:52,436 [Datanode State Machine Thread - 0] INFO  datanode.InitDatanodeState (InitDatanodeState.java:persistContainerDatanodeDetails(140)) - DatanodeDetails is persisted to /workdir/hadoop-ozone/integration-test/target/test-dir/MiniOzoneClusterImpl-c64d20cb-122d-47af-9bf2-d2da5c3556a3/datanode-4/meta/datanode.id
2019-09-03 05:32:52,440 [main] INFO  volume.HddsVolume (HddsVolume.java:<init>(176)) - Creating Volume: /workdir/hadoop-ozone/integration-test/target/test-dir/MiniOzoneClusterImpl-c64d20cb-122d-47af-9bf2-d2da5c3556a3/datanode-5/data/containers/hdds of  storage type : DISK and capacity : 1482555576320
2019-09-03 05:32:52,440 [main] INFO  volume.VolumeSet (VolumeSet.java:initializeVolumeSet(170)) - Added Volume : /workdir/hadoop-ozone/integration-test/target/test-dir/MiniOzoneClusterImpl-c64d20cb-122d-47af-9bf2-d2da5c3556a3/datanode-5/data/containers/hdds to VolumeSet
2019-09-03 05:32:52,441 [main] INFO  volume.ThrottledAsyncChecker (ThrottledAsyncChecker.java:schedule(140)) - Scheduling a check for org.apache.hadoop.ozone.container.common.volume.HddsVolume@55296b50
2019-09-03 05:32:52,441 [main] INFO  volume.HddsVolumeChecker (HddsVolumeChecker.java:checkAllVolumes(203)) - Scheduled health check for volume org.apache.hadoop.ozone.container.common.volume.HddsVolume@55296b50
2019-09-03 05:32:52,454 [main] INFO  impl.RaftServerProxy (ConfUtils.java:logGet(43)) - raft.rpc.type = GRPC (default)
2019-09-03 05:32:52,454 [main] INFO  grpc.GrpcFactory (GrpcFactory.java:checkPooledByteBufAllocatorUseCacheForAllThreads(45)) - PERFORMANCE WARNING: useCacheForAllThreads is true that may cause Netty to create a lot garbage objects and, as a result, trigger GC.
	It is recommended to disable useCacheForAllThreads by setting -Dorg.apache.ratis.thirdparty.io.netty.allocator.useCacheForAllThreads=false in command line.
2019-09-03 05:32:52,454 [main] INFO  grpc.GrpcConfigKeys$Server (ConfUtils.java:logGet(43)) - raft.grpc.server.port = 0 (default)
2019-09-03 05:32:52,454 [main] INFO  server.GrpcService (ConfUtils.java:logGet(43)) - raft.grpc.message.size.max = 33570816 (custom)
2019-09-03 05:32:52,454 [main] INFO  server.RaftServerConfigKeys (ConfUtils.java:logGet(43)) - raft.server.log.appender.buffer.byte-limit = 33554432 (custom)
2019-09-03 05:32:52,454 [main] INFO  server.GrpcService (ConfUtils.java:logGet(43)) - raft.grpc.flow.control.window = 1MB (=1048576) (default)
2019-09-03 05:32:52,455 [main] INFO  server.RaftServerConfigKeys (ConfUtils.java:logGet(43)) - raft.server.rpc.request.timeout = 3000ms (default)
2019-09-03 05:32:52,455 [main] INFO  server.RaftServerConfigKeys (ConfUtils.java:logGet(43)) - raft.server.storage.dir = [/workdir/hadoop-ozone/integration-test/target/test-dir/MiniOzoneClusterImpl-c64d20cb-122d-47af-9bf2-d2da5c3556a3/datanode-5/data/ratis] (custom)
2019-09-03 05:32:52,456 [main] INFO  hdfs.DFSUtil (DFSUtil.java:httpServerTemplateForNNAndJN(1641)) - Starting Web-server for hddsDatanode at: http://0.0.0.0:0
2019-09-03 05:32:52,457 [main] INFO  server.AuthenticationFilter (AuthenticationFilter.java:constructSecretProvider(240)) - Unable to initialize FileSignerSecretProvider, falling back to use random secrets.
2019-09-03 05:32:52,457 [main] WARN  http.HttpRequestLog (HttpRequestLog.java:getRequestLog(97)) - Jetty request log can only be enabled using Log4j
2019-09-03 05:32:52,459 [main] INFO  http.HttpServer2 (HttpServer2.java:addGlobalFilter(975)) - Added global filter 'safety' (class=org.apache.hadoop.http.HttpServer2$QuotingInputFilter)
2019-09-03 05:32:52,459 [main] INFO  http.HttpServer2 (HttpServer2.java:addFilter(948)) - Added filter static_user_filter (class=org.apache.hadoop.http.lib.StaticUserWebFilter$StaticUserFilter) to context hddsDatanode
2019-09-03 05:32:52,459 [main] INFO  http.HttpServer2 (HttpServer2.java:addFilter(958)) - Added filter static_user_filter (class=org.apache.hadoop.http.lib.StaticUserWebFilter$StaticUserFilter) to context logs
2019-09-03 05:32:52,459 [main] INFO  http.HttpServer2 (HttpServer2.java:addFilter(958)) - Added filter static_user_filter (class=org.apache.hadoop.http.lib.StaticUserWebFilter$StaticUserFilter) to context static
2019-09-03 05:32:52,460 [main] INFO  http.HttpServer2 (HttpServer2.java:bindListener(1191)) - Jetty bound to port 44751
2019-09-03 05:32:52,460 [main] INFO  server.Server (Server.java:doStart(351)) - jetty-9.3.24.v20180605, build timestamp: 2018-06-05T17:11:56Z, git hash: 84205aa28f11a4f31f2a3b86d1bba2cc8ab69827
2019-09-03 05:32:52,462 [main] INFO  handler.ContextHandler (ContextHandler.java:doStart(781)) - Started o.e.j.s.ServletContextHandler@7f4a1cac{/logs,file:///workdir/hadoop-ozone/integration-test/target/log,AVAILABLE}
2019-09-03 05:32:52,463 [main] INFO  handler.ContextHandler (ContextHandler.java:doStart(781)) - Started o.e.j.s.ServletContextHandler@c568f91{/static,jar:file:/home/user/.m2/repository/org/apache/hadoop/hadoop-hdds-container-service/0.5.0-SNAPSHOT/hadoop-hdds-container-service-0.5.0-SNAPSHOT.jar!/webapps/static,AVAILABLE}
2019-09-03 05:32:52,507 [main] INFO  handler.ContextHandler (ContextHandler.java:doStart(781)) - Started o.e.j.w.WebAppContext@3e53c4ad{/,file:///tmp/jetty-0.0.0.0-44751-hddsDatanode-_-any-6526127961459525332.dir/webapp/,AVAILABLE}{/hddsDatanode}
2019-09-03 05:32:52,508 [main] INFO  server.AbstractConnector (AbstractConnector.java:doStart(278)) - Started ServerConnector@33eb0d4{HTTP/1.1,[http/1.1]}{0.0.0.0:44751}
2019-09-03 05:32:52,509 [main] INFO  server.Server (Server.java:doStart(419)) - Started @527876ms
2019-09-03 05:32:52,510 [main] WARN  impl.MetricsSystemImpl (MetricsSystemImpl.java:register(276)) - Sink prometheus already exists!
2019-09-03 05:32:52,510 [main] INFO  server.BaseHttpServer (BaseHttpServer.java:updateConnectorAddress(215)) - HTTP server of HDDSDATANODE is listening at http://0.0.0.0:44751
2019-09-03 05:32:52,511 [main] INFO  impl.MetricsSystemImpl (MetricsSystemImpl.java:init(158)) - HddsDatanode metrics system started (again)
2019-09-03 05:32:52,516 [org.apache.hadoop.util.JvmPauseMonitor$Monitor@3bf541e5] INFO  util.JvmPauseMonitor (JvmPauseMonitor.java:run(188)) - Starting JVM pause monitor
2019-09-03 05:32:52,516 [main] INFO  ozone.HddsDatanodeService (HddsDatanodeService.java:start(184)) - HddsDatanodeService host:trunk-nightly-20190903-kd7j7-2804422064 ip:192.168.36.111
2019-09-03 05:32:52,517 [Datanode State Machine Thread - 0] INFO  datanode.InitDatanodeState (InitDatanodeState.java:persistContainerDatanodeDetails(140)) - DatanodeDetails is persisted to /workdir/hadoop-ozone/integration-test/target/test-dir/MiniOzoneClusterImpl-c64d20cb-122d-47af-9bf2-d2da5c3556a3/datanode-5/meta/datanode.id
2019-09-03 05:32:52,524 [main] INFO  volume.HddsVolume (HddsVolume.java:<init>(176)) - Creating Volume: /workdir/hadoop-ozone/integration-test/target/test-dir/MiniOzoneClusterImpl-c64d20cb-122d-47af-9bf2-d2da5c3556a3/datanode-6/data/containers/hdds of  storage type : DISK and capacity : 1482555576320
2019-09-03 05:32:52,524 [main] INFO  volume.VolumeSet (VolumeSet.java:initializeVolumeSet(170)) - Added Volume : /workdir/hadoop-ozone/integration-test/target/test-dir/MiniOzoneClusterImpl-c64d20cb-122d-47af-9bf2-d2da5c3556a3/datanode-6/data/containers/hdds to VolumeSet
2019-09-03 05:32:52,525 [main] INFO  volume.ThrottledAsyncChecker (ThrottledAsyncChecker.java:schedule(140)) - Scheduling a check for org.apache.hadoop.ozone.container.common.volume.HddsVolume@49c1e294
2019-09-03 05:32:52,525 [main] INFO  volume.HddsVolumeChecker (HddsVolumeChecker.java:checkAllVolumes(203)) - Scheduled health check for volume org.apache.hadoop.ozone.container.common.volume.HddsVolume@49c1e294
2019-09-03 05:32:52,545 [main] INFO  impl.RaftServerProxy (ConfUtils.java:logGet(43)) - raft.rpc.type = GRPC (default)
2019-09-03 05:32:52,545 [main] INFO  grpc.GrpcFactory (GrpcFactory.java:checkPooledByteBufAllocatorUseCacheForAllThreads(45)) - PERFORMANCE WARNING: useCacheForAllThreads is true that may cause Netty to create a lot garbage objects and, as a result, trigger GC.
	It is recommended to disable useCacheForAllThreads by setting -Dorg.apache.ratis.thirdparty.io.netty.allocator.useCacheForAllThreads=false in command line.
2019-09-03 05:32:52,545 [main] INFO  grpc.GrpcConfigKeys$Server (ConfUtils.java:logGet(43)) - raft.grpc.server.port = 0 (default)
2019-09-03 05:32:52,546 [main] INFO  server.GrpcService (ConfUtils.java:logGet(43)) - raft.grpc.message.size.max = 33570816 (custom)
2019-09-03 05:32:52,546 [main] INFO  server.RaftServerConfigKeys (ConfUtils.java:logGet(43)) - raft.server.log.appender.buffer.byte-limit = 33554432 (custom)
2019-09-03 05:32:52,546 [main] INFO  server.GrpcService (ConfUtils.java:logGet(43)) - raft.grpc.flow.control.window = 1MB (=1048576) (default)
2019-09-03 05:32:52,546 [main] INFO  server.RaftServerConfigKeys (ConfUtils.java:logGet(43)) - raft.server.rpc.request.timeout = 3000ms (default)
2019-09-03 05:32:52,547 [main] INFO  server.RaftServerConfigKeys (ConfUtils.java:logGet(43)) - raft.server.storage.dir = [/workdir/hadoop-ozone/integration-test/target/test-dir/MiniOzoneClusterImpl-c64d20cb-122d-47af-9bf2-d2da5c3556a3/datanode-6/data/ratis] (custom)
2019-09-03 05:32:52,549 [main] INFO  hdfs.DFSUtil (DFSUtil.java:httpServerTemplateForNNAndJN(1641)) - Starting Web-server for hddsDatanode at: http://0.0.0.0:0
2019-09-03 05:32:52,550 [main] INFO  server.AuthenticationFilter (AuthenticationFilter.java:constructSecretProvider(240)) - Unable to initialize FileSignerSecretProvider, falling back to use random secrets.
2019-09-03 05:32:52,551 [main] WARN  http.HttpRequestLog (HttpRequestLog.java:getRequestLog(97)) - Jetty request log can only be enabled using Log4j
2019-09-03 05:32:52,553 [main] INFO  http.HttpServer2 (HttpServer2.java:addGlobalFilter(975)) - Added global filter 'safety' (class=org.apache.hadoop.http.HttpServer2$QuotingInputFilter)
2019-09-03 05:32:52,553 [main] INFO  http.HttpServer2 (HttpServer2.java:addFilter(948)) - Added filter static_user_filter (class=org.apache.hadoop.http.lib.StaticUserWebFilter$StaticUserFilter) to context hddsDatanode
2019-09-03 05:32:52,553 [main] INFO  http.HttpServer2 (HttpServer2.java:addFilter(958)) - Added filter static_user_filter (class=org.apache.hadoop.http.lib.StaticUserWebFilter$StaticUserFilter) to context logs
2019-09-03 05:32:52,554 [main] INFO  http.HttpServer2 (HttpServer2.java:addFilter(958)) - Added filter static_user_filter (class=org.apache.hadoop.http.lib.StaticUserWebFilter$StaticUserFilter) to context static
2019-09-03 05:32:52,554 [main] INFO  http.HttpServer2 (HttpServer2.java:bindListener(1191)) - Jetty bound to port 35309
2019-09-03 05:32:52,555 [main] INFO  server.Server (Server.java:doStart(351)) - jetty-9.3.24.v20180605, build timestamp: 2018-06-05T17:11:56Z, git hash: 84205aa28f11a4f31f2a3b86d1bba2cc8ab69827
2019-09-03 05:32:52,557 [main] INFO  handler.ContextHandler (ContextHandler.java:doStart(781)) - Started o.e.j.s.ServletContextHandler@284990de{/logs,file:///workdir/hadoop-ozone/integration-test/target/log,AVAILABLE}
2019-09-03 05:32:52,557 [main] INFO  handler.ContextHandler (ContextHandler.java:doStart(781)) - Started o.e.j.s.ServletContextHandler@6aea99e7{/static,jar:file:/home/user/.m2/repository/org/apache/hadoop/hadoop-hdds-container-service/0.5.0-SNAPSHOT/hadoop-hdds-container-service-0.5.0-SNAPSHOT.jar!/webapps/static,AVAILABLE}
2019-09-03 05:32:52,593 [main] INFO  handler.ContextHandler (ContextHandler.java:doStart(781)) - Started o.e.j.w.WebAppContext@454bcbbf{/,file:///tmp/jetty-0.0.0.0-35309-hddsDatanode-_-any-6432490974045948487.dir/webapp/,AVAILABLE}{/hddsDatanode}
2019-09-03 05:32:52,594 [main] INFO  server.AbstractConnector (AbstractConnector.java:doStart(278)) - Started ServerConnector@2c9fdb64{HTTP/1.1,[http/1.1]}{0.0.0.0:35309}
2019-09-03 05:32:52,598 [main] INFO  server.Server (Server.java:doStart(419)) - Started @527965ms
2019-09-03 05:32:52,599 [main] WARN  impl.MetricsSystemImpl (MetricsSystemImpl.java:register(276)) - Sink prometheus already exists!
2019-09-03 05:32:52,599 [main] INFO  server.BaseHttpServer (BaseHttpServer.java:updateConnectorAddress(215)) - HTTP server of HDDSDATANODE is listening at http://0.0.0.0:35309
2019-09-03 05:32:52,600 [main] INFO  ozone.MiniOzoneClusterImpl (MiniOzoneClusterImpl.java:lambda$waitForClusterToBeReady$0(140)) - Waiting for cluster to be ready. Got 0 of 7 DN Heartbeats.
2019-09-03 05:32:52,601 [org.apache.hadoop.util.JvmPauseMonitor$Monitor@a4cac83] INFO  util.JvmPauseMonitor (JvmPauseMonitor.java:run(188)) - Starting JVM pause monitor
2019-09-03 05:32:52,602 [Datanode State Machine Thread - 0] INFO  datanode.InitDatanodeState (InitDatanodeState.java:persistContainerDatanodeDetails(140)) - DatanodeDetails is persisted to /workdir/hadoop-ozone/integration-test/target/test-dir/MiniOzoneClusterImpl-c64d20cb-122d-47af-9bf2-d2da5c3556a3/datanode-6/meta/datanode.id
2019-09-03 05:32:53,600 [main] INFO  ozone.MiniOzoneClusterImpl (MiniOzoneClusterImpl.java:lambda$waitForClusterToBeReady$0(140)) - Waiting for cluster to be ready. Got 0 of 7 DN Heartbeats.
2019-09-03 05:32:54,201 [Datanode State Machine Thread - 0] INFO  ozoneimpl.OzoneContainer (OzoneContainer.java:start(201)) - Attempting to start container services.
2019-09-03 05:32:54,202 [Datanode State Machine Thread - 0] INFO  ozoneimpl.OzoneContainer (OzoneContainer.java:startContainerScrub(175)) - Background container scrubber has been disabled by hdds.containerscrub.enabled
2019-09-03 05:32:54,202 [Datanode State Machine Thread - 0] INFO  ratis.XceiverServerRatis (XceiverServerRatis.java:start(393)) - Starting XceiverServerRatis 3e2fd577-5016-4c18-a24a-a8dfce2a89c9 at port 0
2019-09-03 05:32:54,209 [Datanode State Machine Thread - 0] INFO  impl.RaftServerProxy (RaftServerProxy.java:lambda$start$3(299)) - 3e2fd577-5016-4c18-a24a-a8dfce2a89c9: start RPC server
2019-09-03 05:32:54,211 [Datanode State Machine Thread - 0] INFO  server.GrpcService (GrpcService.java:startImpl(149)) - 3e2fd577-5016-4c18-a24a-a8dfce2a89c9: GrpcService started, listening on 0.0.0.0/0.0.0.0:35956
2019-09-03 05:32:54,211 [Datanode State Machine Thread - 0] INFO  ratis.XceiverServerRatis (XceiverServerRatis.java:start(403)) - XceiverServerRatis 3e2fd577-5016-4c18-a24a-a8dfce2a89c9 is started using port 35956
2019-09-03 05:32:54,211 [Datanode State Machine Thread - 0] INFO  server.XceiverServerGrpc (XceiverServerGrpc.java:start(163)) - XceiverServerGrpc 3e2fd577-5016-4c18-a24a-a8dfce2a89c9 is started using port 44410
2019-09-03 05:32:54,252 [Datanode State Machine Thread - 0] INFO  ozoneimpl.OzoneContainer (OzoneContainer.java:start(201)) - Attempting to start container services.
2019-09-03 05:32:54,252 [Datanode State Machine Thread - 0] INFO  ozoneimpl.OzoneContainer (OzoneContainer.java:startContainerScrub(175)) - Background container scrubber has been disabled by hdds.containerscrub.enabled
2019-09-03 05:32:54,253 [Datanode State Machine Thread - 0] INFO  ratis.XceiverServerRatis (XceiverServerRatis.java:start(393)) - Starting XceiverServerRatis 504f24ee-e757-4027-92cd-9b6d310efdfe at port 0
2019-09-03 05:32:54,261 [Datanode State Machine Thread - 0] INFO  impl.RaftServerProxy (RaftServerProxy.java:lambda$start$3(299)) - 504f24ee-e757-4027-92cd-9b6d310efdfe: start RPC server
2019-09-03 05:32:54,262 [Datanode State Machine Thread - 0] INFO  server.GrpcService (GrpcService.java:startImpl(149)) - 504f24ee-e757-4027-92cd-9b6d310efdfe: GrpcService started, listening on 0.0.0.0/0.0.0.0:45241
2019-09-03 05:32:54,262 [Datanode State Machine Thread - 0] INFO  ratis.XceiverServerRatis (XceiverServerRatis.java:start(403)) - XceiverServerRatis 504f24ee-e757-4027-92cd-9b6d310efdfe is started using port 45241
2019-09-03 05:32:54,262 [Datanode State Machine Thread - 0] INFO  server.XceiverServerGrpc (XceiverServerGrpc.java:start(163)) - XceiverServerGrpc 504f24ee-e757-4027-92cd-9b6d310efdfe is started using port 42902
2019-09-03 05:32:54,324 [Datanode State Machine Thread - 0] INFO  ozoneimpl.OzoneContainer (OzoneContainer.java:start(201)) - Attempting to start container services.
2019-09-03 05:32:54,324 [Datanode State Machine Thread - 0] INFO  ozoneimpl.OzoneContainer (OzoneContainer.java:startContainerScrub(175)) - Background container scrubber has been disabled by hdds.containerscrub.enabled
2019-09-03 05:32:54,325 [Datanode State Machine Thread - 0] INFO  ratis.XceiverServerRatis (XceiverServerRatis.java:start(393)) - Starting XceiverServerRatis bdb17887-013a-4087-af28-f0cb81f209cd at port 0
2019-09-03 05:32:54,332 [Datanode State Machine Thread - 0] INFO  impl.RaftServerProxy (RaftServerProxy.java:lambda$start$3(299)) - bdb17887-013a-4087-af28-f0cb81f209cd: start RPC server
2019-09-03 05:32:54,333 [Datanode State Machine Thread - 0] INFO  server.GrpcService (GrpcService.java:startImpl(149)) - bdb17887-013a-4087-af28-f0cb81f209cd: GrpcService started, listening on 0.0.0.0/0.0.0.0:35112
2019-09-03 05:32:54,333 [Datanode State Machine Thread - 0] INFO  ratis.XceiverServerRatis (XceiverServerRatis.java:start(403)) - XceiverServerRatis bdb17887-013a-4087-af28-f0cb81f209cd is started using port 35112
2019-09-03 05:32:54,333 [Datanode State Machine Thread - 0] INFO  server.XceiverServerGrpc (XceiverServerGrpc.java:start(163)) - XceiverServerGrpc bdb17887-013a-4087-af28-f0cb81f209cd is started using port 42589
2019-09-03 05:32:54,388 [Datanode State Machine Thread - 0] INFO  ozoneimpl.OzoneContainer (OzoneContainer.java:start(201)) - Attempting to start container services.
2019-09-03 05:32:54,388 [Datanode State Machine Thread - 0] INFO  ozoneimpl.OzoneContainer (OzoneContainer.java:startContainerScrub(175)) - Background container scrubber has been disabled by hdds.containerscrub.enabled
2019-09-03 05:32:54,388 [Datanode State Machine Thread - 0] INFO  ratis.XceiverServerRatis (XceiverServerRatis.java:start(393)) - Starting XceiverServerRatis 3714cff3-a07e-4f81-85d4-28a9b78918d9 at port 0
2019-09-03 05:32:54,396 [Datanode State Machine Thread - 0] INFO  impl.RaftServerProxy (RaftServerProxy.java:lambda$start$3(299)) - 3714cff3-a07e-4f81-85d4-28a9b78918d9: start RPC server
2019-09-03 05:32:54,399 [Datanode State Machine Thread - 0] INFO  server.GrpcService (GrpcService.java:startImpl(149)) - 3714cff3-a07e-4f81-85d4-28a9b78918d9: GrpcService started, listening on 0.0.0.0/0.0.0.0:36437
2019-09-03 05:32:54,399 [Datanode State Machine Thread - 0] INFO  ratis.XceiverServerRatis (XceiverServerRatis.java:start(403)) - XceiverServerRatis 3714cff3-a07e-4f81-85d4-28a9b78918d9 is started using port 36437
2019-09-03 05:32:54,399 [Datanode State Machine Thread - 0] INFO  server.XceiverServerGrpc (XceiverServerGrpc.java:start(163)) - XceiverServerGrpc 3714cff3-a07e-4f81-85d4-28a9b78918d9 is started using port 36013
2019-09-03 05:32:54,450 [Datanode State Machine Thread - 0] INFO  ozoneimpl.OzoneContainer (OzoneContainer.java:start(201)) - Attempting to start container services.
2019-09-03 05:32:54,450 [Datanode State Machine Thread - 0] INFO  ozoneimpl.OzoneContainer (OzoneContainer.java:startContainerScrub(175)) - Background container scrubber has been disabled by hdds.containerscrub.enabled
2019-09-03 05:32:54,450 [Datanode State Machine Thread - 0] INFO  ratis.XceiverServerRatis (XceiverServerRatis.java:start(393)) - Starting XceiverServerRatis 50dc8b30-d557-42ae-aab0-254bd5a1602a at port 0
2019-09-03 05:32:54,458 [Datanode State Machine Thread - 0] INFO  impl.RaftServerProxy (RaftServerProxy.java:lambda$start$3(299)) - 50dc8b30-d557-42ae-aab0-254bd5a1602a: start RPC server
2019-09-03 05:32:54,458 [Datanode State Machine Thread - 0] INFO  server.GrpcService (GrpcService.java:startImpl(149)) - 50dc8b30-d557-42ae-aab0-254bd5a1602a: GrpcService started, listening on 0.0.0.0/0.0.0.0:41881
2019-09-03 05:32:54,459 [Datanode State Machine Thread - 0] INFO  ratis.XceiverServerRatis (XceiverServerRatis.java:start(403)) - XceiverServerRatis 50dc8b30-d557-42ae-aab0-254bd5a1602a is started using port 41881
2019-09-03 05:32:54,459 [Datanode State Machine Thread - 0] INFO  server.XceiverServerGrpc (XceiverServerGrpc.java:start(163)) - XceiverServerGrpc 50dc8b30-d557-42ae-aab0-254bd5a1602a is started using port 44372
2019-09-03 05:32:54,529 [Datanode State Machine Thread - 0] INFO  ozoneimpl.OzoneContainer (OzoneContainer.java:start(201)) - Attempting to start container services.
2019-09-03 05:32:54,529 [Datanode State Machine Thread - 0] INFO  ozoneimpl.OzoneContainer (OzoneContainer.java:startContainerScrub(175)) - Background container scrubber has been disabled by hdds.containerscrub.enabled
2019-09-03 05:32:54,529 [Datanode State Machine Thread - 0] INFO  ratis.XceiverServerRatis (XceiverServerRatis.java:start(393)) - Starting XceiverServerRatis fb4443fd-5719-4a39-bdba-b2bf0c721de4 at port 0
2019-09-03 05:32:54,537 [Datanode State Machine Thread - 0] INFO  impl.RaftServerProxy (RaftServerProxy.java:lambda$start$3(299)) - fb4443fd-5719-4a39-bdba-b2bf0c721de4: start RPC server
2019-09-03 05:32:54,538 [Datanode State Machine Thread - 0] INFO  server.GrpcService (GrpcService.java:startImpl(149)) - fb4443fd-5719-4a39-bdba-b2bf0c721de4: GrpcService started, listening on 0.0.0.0/0.0.0.0:41139
2019-09-03 05:32:54,538 [Datanode State Machine Thread - 0] INFO  ratis.XceiverServerRatis (XceiverServerRatis.java:start(403)) - XceiverServerRatis fb4443fd-5719-4a39-bdba-b2bf0c721de4 is started using port 41139
2019-09-03 05:32:54,538 [Datanode State Machine Thread - 0] INFO  server.XceiverServerGrpc (XceiverServerGrpc.java:start(163)) - XceiverServerGrpc fb4443fd-5719-4a39-bdba-b2bf0c721de4 is started using port 45609
2019-09-03 05:32:54,601 [main] INFO  ozone.MiniOzoneClusterImpl (MiniOzoneClusterImpl.java:lambda$waitForClusterToBeReady$0(140)) - Waiting for cluster to be ready. Got 0 of 7 DN Heartbeats.
2019-09-03 05:32:54,616 [Datanode State Machine Thread - 0] INFO  ozoneimpl.OzoneContainer (OzoneContainer.java:start(201)) - Attempting to start container services.
2019-09-03 05:32:54,616 [Datanode State Machine Thread - 0] INFO  ozoneimpl.OzoneContainer (OzoneContainer.java:startContainerScrub(175)) - Background container scrubber has been disabled by hdds.containerscrub.enabled
2019-09-03 05:32:54,617 [Datanode State Machine Thread - 0] INFO  ratis.XceiverServerRatis (XceiverServerRatis.java:start(393)) - Starting XceiverServerRatis 0ad13ca6-799a-4fe2-9b6a-50b87be8609f at port 0
2019-09-03 05:32:54,624 [Datanode State Machine Thread - 0] INFO  impl.RaftServerProxy (RaftServerProxy.java:lambda$start$3(299)) - 0ad13ca6-799a-4fe2-9b6a-50b87be8609f: start RPC server
2019-09-03 05:32:54,625 [Datanode State Machine Thread - 0] INFO  server.GrpcService (GrpcService.java:startImpl(149)) - 0ad13ca6-799a-4fe2-9b6a-50b87be8609f: GrpcService started, listening on 0.0.0.0/0.0.0.0:39137
2019-09-03 05:32:54,625 [Datanode State Machine Thread - 0] INFO  ratis.XceiverServerRatis (XceiverServerRatis.java:start(403)) - XceiverServerRatis 0ad13ca6-799a-4fe2-9b6a-50b87be8609f is started using port 39137
2019-09-03 05:32:54,625 [Datanode State Machine Thread - 0] INFO  server.XceiverServerGrpc (XceiverServerGrpc.java:start(163)) - XceiverServerGrpc 0ad13ca6-799a-4fe2-9b6a-50b87be8609f is started using port 44701
2019-09-03 05:32:55,601 [main] INFO  ozone.MiniOzoneClusterImpl (MiniOzoneClusterImpl.java:lambda$waitForClusterToBeReady$0(140)) - Waiting for cluster to be ready. Got 0 of 7 DN Heartbeats.
2019-09-03 05:32:56,181 [IPC Server handler 0 on 41717] INFO  net.NetworkTopology (NetworkTopologyImpl.java:add(110)) - Added a new node: /default-rack/3e2fd577-5016-4c18-a24a-a8dfce2a89c9
2019-09-03 05:32:56,183 [IPC Server handler 0 on 41717] INFO  node.SCMNodeManager (SCMNodeManager.java:register(266)) - Registered Data node : 3e2fd577-5016-4c18-a24a-a8dfce2a89c9{ip: 192.168.36.111, host: trunk-nightly-20190903-kd7j7-2804422064, networkLocation: /default-rack, certSerialId: null}
2019-09-03 05:32:56,185 [EventQueue-NodeRegistrationContainerReportForDataNodeSafeModeRule] INFO  safemode.SCMSafeModeManager (DataNodeSafeModeRule.java:process(71)) - SCM in safe mode. 1 DataNodes registered, 1 required.
2019-09-03 05:32:56,188 [EventQueue-NodeRegistrationContainerReportForDataNodeSafeModeRule] INFO  safemode.SCMSafeModeManager (SCMSafeModeManager.java:validateSafeModeExitRules(177)) - ScmSafeModeManager, all rules are successfully validated
2019-09-03 05:32:56,188 [EventQueue-NodeRegistrationContainerReportForDataNodeSafeModeRule] INFO  safemode.SCMSafeModeManager (SCMSafeModeManager.java:exitSafeMode(193)) - SCM exiting safe mode.
2019-09-03 05:32:56,199 [grpc-default-executor-3] INFO  impl.RaftServerProxy (RaftServerProxy.java:addNew(89)) - 3e2fd577-5016-4c18-a24a-a8dfce2a89c9: addNew group-06BC5CF400A7:[3e2fd577-5016-4c18-a24a-a8dfce2a89c9:192.168.36.111:35956] returns group-06BC5CF400A7:java.util.concurrent.CompletableFuture@15ab9c21[Not completed]
2019-09-03 05:32:56,201 [pool-409-thread-1] INFO  impl.RaftServerImpl (RaftServerImpl.java:<init>(93)) - 3e2fd577-5016-4c18-a24a-a8dfce2a89c9: new RaftServerImpl for group-06BC5CF400A7:[3e2fd577-5016-4c18-a24a-a8dfce2a89c9:192.168.36.111:35956] with ContainerStateMachine:uninitialized
2019-09-03 05:32:56,201 [pool-409-thread-1] INFO  server.RaftServerConfigKeys (ConfUtils.java:logGet(43)) - raft.server.rpc.timeout.min = 5s (custom)
2019-09-03 05:32:56,201 [pool-409-thread-1] INFO  server.RaftServerConfigKeys (ConfUtils.java:logGet(43)) - raft.server.rpc.timeout.max = 5200ms (custom)
2019-09-03 05:32:56,201 [pool-409-thread-1] INFO  server.RaftServerConfigKeys (ConfUtils.java:logGet(43)) - raft.server.rpcslowness.timeout = 120s (custom)
2019-09-03 05:32:56,201 [pool-409-thread-1] INFO  server.RaftServerConfigKeys (ConfUtils.java:logGet(43)) - raft.server.sleep.deviation.threshold = 300 (default)
2019-09-03 05:32:56,201 [pool-409-thread-1] INFO  server.RaftServerConfigKeys (ConfUtils.java:logGet(43)) - raft.server.log.appender.install.snapshot.enabled = false (custom)
2019-09-03 05:32:56,201 [pool-409-thread-1] INFO  impl.RaftServerImpl (ServerState.java:<init>(105)) - 3e2fd577-5016-4c18-a24a-a8dfce2a89c9:group-06BC5CF400A7 ConfigurationManager, init=-1: [3e2fd577-5016-4c18-a24a-a8dfce2a89c9:192.168.36.111:35956], old=null, confs=<EMPTY_MAP>
2019-09-03 05:32:56,202 [pool-409-thread-1] INFO  server.RaftServerConfigKeys (ConfUtils.java:logGet(43)) - raft.server.storage.dir = [/workdir/hadoop-ozone/integration-test/target/test-dir/MiniOzoneClusterImpl-c64d20cb-122d-47af-9bf2-d2da5c3556a3/datanode-0/data/ratis] (custom)
2019-09-03 05:32:56,202 [pool-409-thread-1] INFO  storage.RaftStorageDirectory (RaftStorageDirectory.java:analyzeStorage(246)) - The storage directory /workdir/hadoop-ozone/integration-test/target/test-dir/MiniOzoneClusterImpl-c64d20cb-122d-47af-9bf2-d2da5c3556a3/datanode-0/data/ratis/44e6929f-33c8-4194-a8dd-06bc5cf400a7 does not exist. Creating ...
2019-09-03 05:32:56,215 [pool-409-thread-1] INFO  storage.RaftStorageDirectory (RaftStorageDirectory.java:tryLock(328)) - Lock on /workdir/hadoop-ozone/integration-test/target/test-dir/MiniOzoneClusterImpl-c64d20cb-122d-47af-9bf2-d2da5c3556a3/datanode-0/data/ratis/44e6929f-33c8-4194-a8dd-06bc5cf400a7/in_use.lock acquired by nodename 23236@trunk-nightly-20190903-kd7j7-2804422064
2019-09-03 05:32:56,230 [pool-409-thread-1] INFO  storage.RaftStorage (RaftStorage.java:format(72)) - Storage directory /workdir/hadoop-ozone/integration-test/target/test-dir/MiniOzoneClusterImpl-c64d20cb-122d-47af-9bf2-d2da5c3556a3/datanode-0/data/ratis/44e6929f-33c8-4194-a8dd-06bc5cf400a7 has been successfully formatted.
2019-09-03 05:32:56,231 [pool-409-thread-1] INFO  ratis.ContainerStateMachine (ContainerStateMachine.java:loadSnapshot(227)) - group-06BC5CF400A7: The snapshot info is null. Setting the last applied indexto:(t:0, i:~)
2019-09-03 05:32:56,231 [pool-409-thread-1] INFO  server.RaftServerConfigKeys (ConfUtils.java:logGet(43)) - raft.server.leader.election.timeout = 120s (custom)
2019-09-03 05:32:56,231 [pool-409-thread-1] INFO  server.RaftServerConfigKeys (ConfUtils.java:logGet(43)) - raft.server.log.use.memory = false (default)
2019-09-03 05:32:56,231 [pool-409-thread-1] INFO  server.RaftServerConfigKeys (ConfUtils.java:logGet(43)) - raft.server.log.purge.gap = 1000000 (custom)
2019-09-03 05:32:56,231 [pool-409-thread-1] INFO  server.RaftServerConfigKeys (ConfUtils.java:logGet(43)) - raft.server.log.appender.buffer.byte-limit = 33554432 (custom)
2019-09-03 05:32:56,232 [pool-409-thread-1] INFO  server.RaftServerConfigKeys (ConfUtils.java:logGet(43)) - raft.server.log.segment.size.max = 1048576 (custom)
2019-09-03 05:32:56,232 [pool-409-thread-1] INFO  server.RaftServerConfigKeys (ConfUtils.java:logGet(43)) - raft.server.log.segment.cache.num.max = 2 (custom)
2019-09-03 05:32:56,232 [pool-409-thread-1] INFO  segmented.SegmentedRaftLogWorker (SegmentedRaftLogWorker.java:<init>(172)) - new 3e2fd577-5016-4c18-a24a-a8dfce2a89c9-SegmentedRaftLogWorker:Storage Directory /workdir/hadoop-ozone/integration-test/target/test-dir/MiniOzoneClusterImpl-c64d20cb-122d-47af-9bf2-d2da5c3556a3/datanode-0/data/ratis/44e6929f-33c8-4194-a8dd-06bc5cf400a7 for RaftStorage:Storage Directory /workdir/hadoop-ozone/integration-test/target/test-dir/MiniOzoneClusterImpl-c64d20cb-122d-47af-9bf2-d2da5c3556a3/datanode-0/data/ratis/44e6929f-33c8-4194-a8dd-06bc5cf400a7
2019-09-03 05:32:56,232 [pool-409-thread-1] INFO  server.RaftServerConfigKeys (ConfUtils.java:logGet(43)) - raft.server.log.queue.byte-limit = 2147483647 (custom)
2019-09-03 05:32:56,232 [pool-409-thread-1] INFO  server.RaftServerConfigKeys (ConfUtils.java:logGet(43)) - raft.server.log.queue.element-limit = 1024 (custom)
2019-09-03 05:32:56,233 [pool-409-thread-1] INFO  server.RaftServerConfigKeys (ConfUtils.java:logGet(43)) - raft.server.log.segment.size.max = 1048576 (custom)
2019-09-03 05:32:56,233 [pool-409-thread-1] INFO  server.RaftServerConfigKeys (ConfUtils.java:logGet(43)) - raft.server.log.preallocated.size = 16384 (custom)
2019-09-03 05:32:56,233 [pool-409-thread-1] INFO  server.RaftServerConfigKeys (ConfUtils.java:logGet(43)) - raft.server.log.write.buffer.size = 33554432 (custom)
2019-09-03 05:32:56,233 [pool-409-thread-1] INFO  server.RaftServerConfigKeys (ConfUtils.java:logGet(43)) - raft.server.log.force.sync.num = 128 (default)
2019-09-03 05:32:56,233 [pool-409-thread-1] INFO  server.RaftServerConfigKeys (ConfUtils.java:logGet(43)) - raft.server.log.statemachine.data.sync = true (default)
2019-09-03 05:32:56,233 [pool-409-thread-1] INFO  server.RaftServerConfigKeys (ConfUtils.java:logGet(43)) - raft.server.log.statemachine.data.sync.timeout = 10s (default)
2019-09-03 05:32:56,233 [pool-409-thread-1] INFO  server.RaftServerConfigKeys (ConfUtils.java:logGet(43)) - raft.server.log.statemachine.data.sync.timeout.retry = -1 (default)
2019-09-03 05:32:56,234 [pool-409-thread-1] INFO  server.RaftServerConfigKeys (ConfUtils.java:logGet(43)) - raft.server.log.statemachine.data.caching.enabled = true (custom)
2019-09-03 05:32:56,234 [pool-409-thread-1] INFO  segmented.SegmentedRaftLogWorker (SegmentedRaftLogWorker.java:lambda$new$0(132)) - 3e2fd577-5016-4c18-a24a-a8dfce2a89c9-SegmentedRaftLogWorker:Storage Directory /workdir/hadoop-ozone/integration-test/target/test-dir/MiniOzoneClusterImpl-c64d20cb-122d-47af-9bf2-d2da5c3556a3/datanode-0/data/ratis/44e6929f-33c8-4194-a8dd-06bc5cf400a7: flushIndex: setUnconditionally 0 -> -1
2019-09-03 05:32:56,235 [pool-409-thread-1] INFO  server.RaftServerConfigKeys (ConfUtils.java:logGet(43)) - raft.server.snapshot.auto.trigger.enabled = true (custom)
2019-09-03 05:32:56,235 [pool-409-thread-1] INFO  server.RaftServerConfigKeys (ConfUtils.java:logGet(43)) - raft.server.snapshot.auto.trigger.threshold = 10000 (custom)
2019-09-03 05:32:56,235 [pool-409-thread-1] INFO  server.RaftServerConfigKeys (ConfUtils.java:logGet(43)) - raft.server.retrycache.expirytime = 600000ms (custom)
2019-09-03 05:32:56,235 [pool-409-thread-1] INFO  impl.RaftServerImpl (RaftServerImpl.java:start(180)) - 3e2fd577-5016-4c18-a24a-a8dfce2a89c9: start group-06BC5CF400A7
2019-09-03 05:32:56,235 [pool-409-thread-1] INFO  impl.RaftServerImpl (RaftServerImpl.java:setRole(171)) - 3e2fd577-5016-4c18-a24a-a8dfce2a89c9:group-06BC5CF400A7 changes role from null to FOLLOWER at term 0 for startAsFollower
2019-09-03 05:32:56,235 [pool-409-thread-1] INFO  impl.RoleInfo (RoleInfo.java:updateAndGet(143)) - 3e2fd577-5016-4c18-a24a-a8dfce2a89c9: start FollowerState
2019-09-03 05:32:56,236 [pool-409-thread-1] INFO  util.JmxRegister (JmxRegister.java:tryRegister(44)) - Successfully registered JMX Bean with object name Ratis:service=RaftServer,group=group-06BC5CF400A7,id=3e2fd577-5016-4c18-a24a-a8dfce2a89c9
2019-09-03 05:32:56,241 [IPC Server handler 1 on 41717] INFO  net.NetworkTopology (NetworkTopologyImpl.java:add(110)) - Added a new node: /default-rack/504f24ee-e757-4027-92cd-9b6d310efdfe
2019-09-03 05:32:56,241 [IPC Server handler 1 on 41717] INFO  node.SCMNodeManager (SCMNodeManager.java:register(266)) - Registered Data node : 504f24ee-e757-4027-92cd-9b6d310efdfe{ip: 192.168.36.111, host: trunk-nightly-20190903-kd7j7-2804422064, networkLocation: /default-rack, certSerialId: null}
2019-09-03 05:32:56,242 [RatisPipelineUtilsThread] INFO  pipeline.PipelineStateManager (PipelineStateManager.java:addPipeline(56)) - Created pipeline Pipeline[ Id: 44e6929f-33c8-4194-a8dd-06bc5cf400a7, Nodes: 3e2fd577-5016-4c18-a24a-a8dfce2a89c9{ip: 192.168.36.111, host: trunk-nightly-20190903-kd7j7-2804422064, networkLocation: /default-rack, certSerialId: null}, Type:RATIS, Factor:ONE, State:OPEN]
2019-09-03 05:32:56,252 [grpc-default-executor-3] INFO  impl.RaftServerProxy (RaftServerProxy.java:addNew(89)) - 504f24ee-e757-4027-92cd-9b6d310efdfe: addNew group-13B0AB9A5F77:[504f24ee-e757-4027-92cd-9b6d310efdfe:192.168.36.111:45241] returns group-13B0AB9A5F77:java.util.concurrent.CompletableFuture@b7a87b9[Not completed]
2019-09-03 05:32:56,253 [pool-419-thread-1] INFO  impl.RaftServerImpl (RaftServerImpl.java:<init>(93)) - 504f24ee-e757-4027-92cd-9b6d310efdfe: new RaftServerImpl for group-13B0AB9A5F77:[504f24ee-e757-4027-92cd-9b6d310efdfe:192.168.36.111:45241] with ContainerStateMachine:uninitialized
2019-09-03 05:32:56,253 [pool-419-thread-1] INFO  server.RaftServerConfigKeys (ConfUtils.java:logGet(43)) - raft.server.rpc.timeout.min = 5s (custom)
2019-09-03 05:32:56,253 [pool-419-thread-1] INFO  server.RaftServerConfigKeys (ConfUtils.java:logGet(43)) - raft.server.rpc.timeout.max = 5200ms (custom)
2019-09-03 05:32:56,253 [pool-419-thread-1] INFO  server.RaftServerConfigKeys (ConfUtils.java:logGet(43)) - raft.server.rpcslowness.timeout = 120s (custom)
2019-09-03 05:32:56,254 [pool-419-thread-1] INFO  server.RaftServerConfigKeys (ConfUtils.java:logGet(43)) - raft.server.sleep.deviation.threshold = 300 (default)
2019-09-03 05:32:56,254 [pool-419-thread-1] INFO  server.RaftServerConfigKeys (ConfUtils.java:logGet(43)) - raft.server.log.appender.install.snapshot.enabled = false (custom)
2019-09-03 05:32:56,254 [pool-419-thread-1] INFO  impl.RaftServerImpl (ServerState.java:<init>(105)) - 504f24ee-e757-4027-92cd-9b6d310efdfe:group-13B0AB9A5F77 ConfigurationManager, init=-1: [504f24ee-e757-4027-92cd-9b6d310efdfe:192.168.36.111:45241], old=null, confs=<EMPTY_MAP>
2019-09-03 05:32:56,254 [pool-419-thread-1] INFO  server.RaftServerConfigKeys (ConfUtils.java:logGet(43)) - raft.server.storage.dir = [/workdir/hadoop-ozone/integration-test/target/test-dir/MiniOzoneClusterImpl-c64d20cb-122d-47af-9bf2-d2da5c3556a3/datanode-1/data/ratis] (custom)
2019-09-03 05:32:56,254 [pool-419-thread-1] INFO  storage.RaftStorageDirectory (RaftStorageDirectory.java:analyzeStorage(246)) - The storage directory /workdir/hadoop-ozone/integration-test/target/test-dir/MiniOzoneClusterImpl-c64d20cb-122d-47af-9bf2-d2da5c3556a3/datanode-1/data/ratis/e5c06078-a489-4777-89c3-13b0ab9a5f77 does not exist. Creating ...
2019-09-03 05:32:56,268 [pool-419-thread-1] INFO  storage.RaftStorageDirectory (RaftStorageDirectory.java:tryLock(328)) - Lock on /workdir/hadoop-ozone/integration-test/target/test-dir/MiniOzoneClusterImpl-c64d20cb-122d-47af-9bf2-d2da5c3556a3/datanode-1/data/ratis/e5c06078-a489-4777-89c3-13b0ab9a5f77/in_use.lock acquired by nodename 23236@trunk-nightly-20190903-kd7j7-2804422064
2019-09-03 05:32:56,281 [pool-419-thread-1] INFO  storage.RaftStorage (RaftStorage.java:format(72)) - Storage directory /workdir/hadoop-ozone/integration-test/target/test-dir/MiniOzoneClusterImpl-c64d20cb-122d-47af-9bf2-d2da5c3556a3/datanode-1/data/ratis/e5c06078-a489-4777-89c3-13b0ab9a5f77 has been successfully formatted.
2019-09-03 05:32:56,281 [pool-419-thread-1] INFO  ratis.ContainerStateMachine (ContainerStateMachine.java:loadSnapshot(227)) - group-13B0AB9A5F77: The snapshot info is null. Setting the last applied indexto:(t:0, i:~)
2019-09-03 05:32:56,281 [pool-419-thread-1] INFO  server.RaftServerConfigKeys (ConfUtils.java:logGet(43)) - raft.server.leader.election.timeout = 120s (custom)
2019-09-03 05:32:56,281 [pool-419-thread-1] INFO  server.RaftServerConfigKeys (ConfUtils.java:logGet(43)) - raft.server.log.use.memory = false (default)
2019-09-03 05:32:56,282 [pool-419-thread-1] INFO  server.RaftServerConfigKeys (ConfUtils.java:logGet(43)) - raft.server.log.purge.gap = 1000000 (custom)
2019-09-03 05:32:56,282 [pool-419-thread-1] INFO  server.RaftServerConfigKeys (ConfUtils.java:logGet(43)) - raft.server.log.appender.buffer.byte-limit = 33554432 (custom)
2019-09-03 05:32:56,282 [pool-419-thread-1] INFO  server.RaftServerConfigKeys (ConfUtils.java:logGet(43)) - raft.server.log.segment.size.max = 1048576 (custom)
2019-09-03 05:32:56,282 [pool-419-thread-1] INFO  server.RaftServerConfigKeys (ConfUtils.java:logGet(43)) - raft.server.log.segment.cache.num.max = 2 (custom)
2019-09-03 05:32:56,282 [pool-419-thread-1] INFO  segmented.SegmentedRaftLogWorker (SegmentedRaftLogWorker.java:<init>(172)) - new 504f24ee-e757-4027-92cd-9b6d310efdfe-SegmentedRaftLogWorker:Storage Directory /workdir/hadoop-ozone/integration-test/target/test-dir/MiniOzoneClusterImpl-c64d20cb-122d-47af-9bf2-d2da5c3556a3/datanode-1/data/ratis/e5c06078-a489-4777-89c3-13b0ab9a5f77 for RaftStorage:Storage Directory /workdir/hadoop-ozone/integration-test/target/test-dir/MiniOzoneClusterImpl-c64d20cb-122d-47af-9bf2-d2da5c3556a3/datanode-1/data/ratis/e5c06078-a489-4777-89c3-13b0ab9a5f77
2019-09-03 05:32:56,282 [pool-419-thread-1] INFO  server.RaftServerConfigKeys (ConfUtils.java:logGet(43)) - raft.server.log.queue.byte-limit = 2147483647 (custom)
2019-09-03 05:32:56,282 [pool-419-thread-1] INFO  server.RaftServerConfigKeys (ConfUtils.java:logGet(43)) - raft.server.log.queue.element-limit = 1024 (custom)
2019-09-03 05:32:56,282 [pool-419-thread-1] INFO  server.RaftServerConfigKeys (ConfUtils.java:logGet(43)) - raft.server.log.segment.size.max = 1048576 (custom)
2019-09-03 05:32:56,282 [pool-419-thread-1] INFO  server.RaftServerConfigKeys (ConfUtils.java:logGet(43)) - raft.server.log.preallocated.size = 16384 (custom)
2019-09-03 05:32:56,283 [pool-419-thread-1] INFO  server.RaftServerConfigKeys (ConfUtils.java:logGet(43)) - raft.server.log.write.buffer.size = 33554432 (custom)
2019-09-03 05:32:56,283 [pool-419-thread-1] INFO  server.RaftServerConfigKeys (ConfUtils.java:logGet(43)) - raft.server.log.force.sync.num = 128 (default)
2019-09-03 05:32:56,283 [pool-419-thread-1] INFO  server.RaftServerConfigKeys (ConfUtils.java:logGet(43)) - raft.server.log.statemachine.data.sync = true (default)
2019-09-03 05:32:56,283 [pool-419-thread-1] INFO  server.RaftServerConfigKeys (ConfUtils.java:logGet(43)) - raft.server.log.statemachine.data.sync.timeout = 10s (default)
2019-09-03 05:32:56,283 [pool-419-thread-1] INFO  server.RaftServerConfigKeys (ConfUtils.java:logGet(43)) - raft.server.log.statemachine.data.sync.timeout.retry = -1 (default)
2019-09-03 05:32:56,283 [pool-419-thread-1] INFO  server.RaftServerConfigKeys (ConfUtils.java:logGet(43)) - raft.server.log.statemachine.data.caching.enabled = true (custom)
2019-09-03 05:32:56,283 [pool-419-thread-1] INFO  segmented.SegmentedRaftLogWorker (SegmentedRaftLogWorker.java:lambda$new$0(132)) - 504f24ee-e757-4027-92cd-9b6d310efdfe-SegmentedRaftLogWorker:Storage Directory /workdir/hadoop-ozone/integration-test/target/test-dir/MiniOzoneClusterImpl-c64d20cb-122d-47af-9bf2-d2da5c3556a3/datanode-1/data/ratis/e5c06078-a489-4777-89c3-13b0ab9a5f77: flushIndex: setUnconditionally 0 -> -1
2019-09-03 05:32:56,284 [pool-419-thread-1] INFO  server.RaftServerConfigKeys (ConfUtils.java:logGet(43)) - raft.server.snapshot.auto.trigger.enabled = true (custom)
2019-09-03 05:32:56,284 [pool-419-thread-1] INFO  server.RaftServerConfigKeys (ConfUtils.java:logGet(43)) - raft.server.snapshot.auto.trigger.threshold = 10000 (custom)
2019-09-03 05:32:56,284 [pool-419-thread-1] INFO  server.RaftServerConfigKeys (ConfUtils.java:logGet(43)) - raft.server.retrycache.expirytime = 600000ms (custom)
2019-09-03 05:32:56,284 [pool-419-thread-1] INFO  impl.RaftServerImpl (RaftServerImpl.java:start(180)) - 504f24ee-e757-4027-92cd-9b6d310efdfe: start group-13B0AB9A5F77
2019-09-03 05:32:56,284 [pool-419-thread-1] INFO  impl.RaftServerImpl (RaftServerImpl.java:setRole(171)) - 504f24ee-e757-4027-92cd-9b6d310efdfe:group-13B0AB9A5F77 changes role from null to FOLLOWER at term 0 for startAsFollower
2019-09-03 05:32:56,284 [pool-419-thread-1] INFO  impl.RoleInfo (RoleInfo.java:updateAndGet(143)) - 504f24ee-e757-4027-92cd-9b6d310efdfe: start FollowerState
2019-09-03 05:32:56,285 [pool-419-thread-1] INFO  util.JmxRegister (JmxRegister.java:tryRegister(44)) - Successfully registered JMX Bean with object name Ratis:service=RaftServer,group=group-13B0AB9A5F77,id=504f24ee-e757-4027-92cd-9b6d310efdfe
2019-09-03 05:32:56,289 [RatisPipelineUtilsThread] INFO  pipeline.PipelineStateManager (PipelineStateManager.java:addPipeline(56)) - Created pipeline Pipeline[ Id: e5c06078-a489-4777-89c3-13b0ab9a5f77, Nodes: 504f24ee-e757-4027-92cd-9b6d310efdfe{ip: 192.168.36.111, host: trunk-nightly-20190903-kd7j7-2804422064, networkLocation: /default-rack, certSerialId: null}, Type:RATIS, Factor:ONE, State:OPEN]
2019-09-03 05:32:56,311 [IPC Server handler 3 on 41717] INFO  net.NetworkTopology (NetworkTopologyImpl.java:add(110)) - Added a new node: /default-rack/bdb17887-013a-4087-af28-f0cb81f209cd
2019-09-03 05:32:56,311 [IPC Server handler 3 on 41717] INFO  node.SCMNodeManager (SCMNodeManager.java:register(266)) - Registered Data node : bdb17887-013a-4087-af28-f0cb81f209cd{ip: 192.168.36.111, host: trunk-nightly-20190903-kd7j7-2804422064, networkLocation: /default-rack, certSerialId: null}
2019-09-03 05:32:56,374 [IPC Server handler 2 on 41717] INFO  net.NetworkTopology (NetworkTopologyImpl.java:add(110)) - Added a new node: /default-rack/3714cff3-a07e-4f81-85d4-28a9b78918d9
2019-09-03 05:32:56,374 [IPC Server handler 2 on 41717] INFO  node.SCMNodeManager (SCMNodeManager.java:register(266)) - Registered Data node : 3714cff3-a07e-4f81-85d4-28a9b78918d9{ip: 192.168.36.111, host: trunk-nightly-20190903-kd7j7-2804422064, networkLocation: /default-rack, certSerialId: null}
2019-09-03 05:32:56,436 [IPC Server handler 4 on 41717] INFO  net.NetworkTopology (NetworkTopologyImpl.java:add(110)) - Added a new node: /default-rack/50dc8b30-d557-42ae-aab0-254bd5a1602a
2019-09-03 05:32:56,436 [IPC Server handler 4 on 41717] INFO  node.SCMNodeManager (SCMNodeManager.java:register(266)) - Registered Data node : 50dc8b30-d557-42ae-aab0-254bd5a1602a{ip: 192.168.36.111, host: trunk-nightly-20190903-kd7j7-2804422064, networkLocation: /default-rack, certSerialId: null}
2019-09-03 05:32:56,516 [IPC Server handler 6 on 41717] INFO  net.NetworkTopology (NetworkTopologyImpl.java:add(110)) - Added a new node: /default-rack/fb4443fd-5719-4a39-bdba-b2bf0c721de4
2019-09-03 05:32:56,516 [IPC Server handler 6 on 41717] INFO  node.SCMNodeManager (SCMNodeManager.java:register(266)) - Registered Data node : fb4443fd-5719-4a39-bdba-b2bf0c721de4{ip: 192.168.36.111, host: trunk-nightly-20190903-kd7j7-2804422064, networkLocation: /default-rack, certSerialId: null}
2019-09-03 05:32:56,602 [main] INFO  ozone.MiniOzoneClusterImpl (MiniOzoneClusterImpl.java:lambda$waitForClusterToBeReady$0(140)) - Waiting for cluster to be ready. Got 6 of 7 DN Heartbeats.
2019-09-03 05:32:56,602 [IPC Server handler 7 on 41717] INFO  net.NetworkTopology (NetworkTopologyImpl.java:add(110)) - Added a new node: /default-rack/0ad13ca6-799a-4fe2-9b6a-50b87be8609f
2019-09-03 05:32:56,602 [IPC Server handler 7 on 41717] INFO  node.SCMNodeManager (SCMNodeManager.java:register(266)) - Registered Data node : 0ad13ca6-799a-4fe2-9b6a-50b87be8609f{ip: 192.168.36.111, host: trunk-nightly-20190903-kd7j7-2804422064, networkLocation: /default-rack, certSerialId: null}
2019-09-03 05:32:56,650 [grpc-default-executor-3] INFO  impl.RaftServerProxy (RaftServerProxy.java:addNew(89)) - bdb17887-013a-4087-af28-f0cb81f209cd: addNew group-0BA3E48F3DEE:[bdb17887-013a-4087-af28-f0cb81f209cd:192.168.36.111:35112] returns group-0BA3E48F3DEE:java.util.concurrent.CompletableFuture@615687c2[Not completed]
2019-09-03 05:32:56,652 [pool-429-thread-1] INFO  impl.RaftServerImpl (RaftServerImpl.java:<init>(93)) - bdb17887-013a-4087-af28-f0cb81f209cd: new RaftServerImpl for group-0BA3E48F3DEE:[bdb17887-013a-4087-af28-f0cb81f209cd:192.168.36.111:35112] with ContainerStateMachine:uninitialized
2019-09-03 05:32:56,652 [pool-429-thread-1] INFO  server.RaftServerConfigKeys (ConfUtils.java:logGet(43)) - raft.server.rpc.timeout.min = 5s (custom)
2019-09-03 05:32:56,652 [pool-429-thread-1] INFO  server.RaftServerConfigKeys (ConfUtils.java:logGet(43)) - raft.server.rpc.timeout.max = 5200ms (custom)
2019-09-03 05:32:56,652 [pool-429-thread-1] INFO  server.RaftServerConfigKeys (ConfUtils.java:logGet(43)) - raft.server.rpcslowness.timeout = 120s (custom)
2019-09-03 05:32:56,652 [pool-429-thread-1] INFO  server.RaftServerConfigKeys (ConfUtils.java:logGet(43)) - raft.server.sleep.deviation.threshold = 300 (default)
2019-09-03 05:32:56,652 [pool-429-thread-1] INFO  server.RaftServerConfigKeys (ConfUtils.java:logGet(43)) - raft.server.log.appender.install.snapshot.enabled = false (custom)
2019-09-03 05:32:56,652 [pool-429-thread-1] INFO  impl.RaftServerImpl (ServerState.java:<init>(105)) - bdb17887-013a-4087-af28-f0cb81f209cd:group-0BA3E48F3DEE ConfigurationManager, init=-1: [bdb17887-013a-4087-af28-f0cb81f209cd:192.168.36.111:35112], old=null, confs=<EMPTY_MAP>
2019-09-03 05:32:56,653 [pool-429-thread-1] INFO  server.RaftServerConfigKeys (ConfUtils.java:logGet(43)) - raft.server.storage.dir = [/workdir/hadoop-ozone/integration-test/target/test-dir/MiniOzoneClusterImpl-c64d20cb-122d-47af-9bf2-d2da5c3556a3/datanode-2/data/ratis] (custom)
2019-09-03 05:32:56,653 [pool-429-thread-1] INFO  storage.RaftStorageDirectory (RaftStorageDirectory.java:analyzeStorage(246)) - The storage directory /workdir/hadoop-ozone/integration-test/target/test-dir/MiniOzoneClusterImpl-c64d20cb-122d-47af-9bf2-d2da5c3556a3/datanode-2/data/ratis/e8069c86-2f93-4ac7-be6d-0ba3e48f3dee does not exist. Creating ...
2019-09-03 05:32:56,667 [pool-429-thread-1] INFO  storage.RaftStorageDirectory (RaftStorageDirectory.java:tryLock(328)) - Lock on /workdir/hadoop-ozone/integration-test/target/test-dir/MiniOzoneClusterImpl-c64d20cb-122d-47af-9bf2-d2da5c3556a3/datanode-2/data/ratis/e8069c86-2f93-4ac7-be6d-0ba3e48f3dee/in_use.lock acquired by nodename 23236@trunk-nightly-20190903-kd7j7-2804422064
2019-09-03 05:32:56,680 [pool-429-thread-1] INFO  storage.RaftStorage (RaftStorage.java:format(72)) - Storage directory /workdir/hadoop-ozone/integration-test/target/test-dir/MiniOzoneClusterImpl-c64d20cb-122d-47af-9bf2-d2da5c3556a3/datanode-2/data/ratis/e8069c86-2f93-4ac7-be6d-0ba3e48f3dee has been successfully formatted.
2019-09-03 05:32:56,681 [pool-429-thread-1] INFO  ratis.ContainerStateMachine (ContainerStateMachine.java:loadSnapshot(227)) - group-0BA3E48F3DEE: The snapshot info is null. Setting the last applied indexto:(t:0, i:~)
2019-09-03 05:32:56,681 [pool-429-thread-1] INFO  server.RaftServerConfigKeys (ConfUtils.java:logGet(43)) - raft.server.leader.election.timeout = 120s (custom)
2019-09-03 05:32:56,681 [pool-429-thread-1] INFO  server.RaftServerConfigKeys (ConfUtils.java:logGet(43)) - raft.server.log.use.memory = false (default)
2019-09-03 05:32:56,681 [pool-429-thread-1] INFO  server.RaftServerConfigKeys (ConfUtils.java:logGet(43)) - raft.server.log.purge.gap = 1000000 (custom)
2019-09-03 05:32:56,681 [pool-429-thread-1] INFO  server.RaftServerConfigKeys (ConfUtils.java:logGet(43)) - raft.server.log.appender.buffer.byte-limit = 33554432 (custom)
2019-09-03 05:32:56,681 [pool-429-thread-1] INFO  server.RaftServerConfigKeys (ConfUtils.java:logGet(43)) - raft.server.log.segment.size.max = 1048576 (custom)
2019-09-03 05:32:56,681 [pool-429-thread-1] INFO  server.RaftServerConfigKeys (ConfUtils.java:logGet(43)) - raft.server.log.segment.cache.num.max = 2 (custom)
2019-09-03 05:32:56,682 [pool-429-thread-1] INFO  segmented.SegmentedRaftLogWorker (SegmentedRaftLogWorker.java:<init>(172)) - new bdb17887-013a-4087-af28-f0cb81f209cd-SegmentedRaftLogWorker:Storage Directory /workdir/hadoop-ozone/integration-test/target/test-dir/MiniOzoneClusterImpl-c64d20cb-122d-47af-9bf2-d2da5c3556a3/datanode-2/data/ratis/e8069c86-2f93-4ac7-be6d-0ba3e48f3dee for RaftStorage:Storage Directory /workdir/hadoop-ozone/integration-test/target/test-dir/MiniOzoneClusterImpl-c64d20cb-122d-47af-9bf2-d2da5c3556a3/datanode-2/data/ratis/e8069c86-2f93-4ac7-be6d-0ba3e48f3dee
2019-09-03 05:32:56,682 [pool-429-thread-1] INFO  server.RaftServerConfigKeys (ConfUtils.java:logGet(43)) - raft.server.log.queue.byte-limit = 2147483647 (custom)
2019-09-03 05:32:56,682 [pool-429-thread-1] INFO  server.RaftServerConfigKeys (ConfUtils.java:logGet(43)) - raft.server.log.queue.element-limit = 1024 (custom)
2019-09-03 05:32:56,682 [pool-429-thread-1] INFO  server.RaftServerConfigKeys (ConfUtils.java:logGet(43)) - raft.server.log.segment.size.max = 1048576 (custom)
2019-09-03 05:32:56,682 [pool-429-thread-1] INFO  server.RaftServerConfigKeys (ConfUtils.java:logGet(43)) - raft.server.log.preallocated.size = 16384 (custom)
2019-09-03 05:32:56,683 [pool-429-thread-1] INFO  server.RaftServerConfigKeys (ConfUtils.java:logGet(43)) - raft.server.log.write.buffer.size = 33554432 (custom)
2019-09-03 05:32:56,683 [pool-429-thread-1] INFO  server.RaftServerConfigKeys (ConfUtils.java:logGet(43)) - raft.server.log.force.sync.num = 128 (default)
2019-09-03 05:32:56,683 [pool-429-thread-1] INFO  server.RaftServerConfigKeys (ConfUtils.java:logGet(43)) - raft.server.log.statemachine.data.sync = true (default)
2019-09-03 05:32:56,683 [pool-429-thread-1] INFO  server.RaftServerConfigKeys (ConfUtils.java:logGet(43)) - raft.server.log.statemachine.data.sync.timeout = 10s (default)
2019-09-03 05:32:56,683 [pool-429-thread-1] INFO  server.RaftServerConfigKeys (ConfUtils.java:logGet(43)) - raft.server.log.statemachine.data.sync.timeout.retry = -1 (default)
2019-09-03 05:32:56,683 [pool-429-thread-1] INFO  server.RaftServerConfigKeys (ConfUtils.java:logGet(43)) - raft.server.log.statemachine.data.caching.enabled = true (custom)
2019-09-03 05:32:56,684 [pool-429-thread-1] INFO  segmented.SegmentedRaftLogWorker (SegmentedRaftLogWorker.java:lambda$new$0(132)) - bdb17887-013a-4087-af28-f0cb81f209cd-SegmentedRaftLogWorker:Storage Directory /workdir/hadoop-ozone/integration-test/target/test-dir/MiniOzoneClusterImpl-c64d20cb-122d-47af-9bf2-d2da5c3556a3/datanode-2/data/ratis/e8069c86-2f93-4ac7-be6d-0ba3e48f3dee: flushIndex: setUnconditionally 0 -> -1
2019-09-03 05:32:56,684 [pool-429-thread-1] INFO  server.RaftServerConfigKeys (ConfUtils.java:logGet(43)) - raft.server.snapshot.auto.trigger.enabled = true (custom)
2019-09-03 05:32:56,684 [pool-429-thread-1] INFO  server.RaftServerConfigKeys (ConfUtils.java:logGet(43)) - raft.server.snapshot.auto.trigger.threshold = 10000 (custom)
2019-09-03 05:32:56,685 [pool-429-thread-1] INFO  server.RaftServerConfigKeys (ConfUtils.java:logGet(43)) - raft.server.retrycache.expirytime = 600000ms (custom)
2019-09-03 05:32:56,685 [pool-429-thread-1] INFO  impl.RaftServerImpl (RaftServerImpl.java:start(180)) - bdb17887-013a-4087-af28-f0cb81f209cd: start group-0BA3E48F3DEE
2019-09-03 05:32:56,685 [pool-429-thread-1] INFO  impl.RaftServerImpl (RaftServerImpl.java:setRole(171)) - bdb17887-013a-4087-af28-f0cb81f209cd:group-0BA3E48F3DEE changes role from null to FOLLOWER at term 0 for startAsFollower
2019-09-03 05:32:56,685 [pool-429-thread-1] INFO  impl.RoleInfo (RoleInfo.java:updateAndGet(143)) - bdb17887-013a-4087-af28-f0cb81f209cd: start FollowerState
2019-09-03 05:32:56,685 [pool-429-thread-1] INFO  util.JmxRegister (JmxRegister.java:tryRegister(44)) - Successfully registered JMX Bean with object name Ratis:service=RaftServer,group=group-0BA3E48F3DEE,id=bdb17887-013a-4087-af28-f0cb81f209cd
2019-09-03 05:32:56,691 [RatisPipelineUtilsThread] INFO  pipeline.PipelineStateManager (PipelineStateManager.java:addPipeline(56)) - Created pipeline Pipeline[ Id: e8069c86-2f93-4ac7-be6d-0ba3e48f3dee, Nodes: bdb17887-013a-4087-af28-f0cb81f209cd{ip: 192.168.36.111, host: trunk-nightly-20190903-kd7j7-2804422064, networkLocation: /default-rack, certSerialId: null}, Type:RATIS, Factor:ONE, State:OPEN]
2019-09-03 05:32:56,708 [grpc-default-executor-3] INFO  impl.RaftServerProxy (RaftServerProxy.java:addNew(89)) - 3714cff3-a07e-4f81-85d4-28a9b78918d9: addNew group-F1F09AE7C5CE:[3714cff3-a07e-4f81-85d4-28a9b78918d9:192.168.36.111:36437] returns group-F1F09AE7C5CE:java.util.concurrent.CompletableFuture@1dfd0d14[Not completed]
2019-09-03 05:32:56,710 [pool-439-thread-1] INFO  impl.RaftServerImpl (RaftServerImpl.java:<init>(93)) - 3714cff3-a07e-4f81-85d4-28a9b78918d9: new RaftServerImpl for group-F1F09AE7C5CE:[3714cff3-a07e-4f81-85d4-28a9b78918d9:192.168.36.111:36437] with ContainerStateMachine:uninitialized
2019-09-03 05:32:56,710 [pool-439-thread-1] INFO  server.RaftServerConfigKeys (ConfUtils.java:logGet(43)) - raft.server.rpc.timeout.min = 5s (custom)
2019-09-03 05:32:56,710 [pool-439-thread-1] INFO  server.RaftServerConfigKeys (ConfUtils.java:logGet(43)) - raft.server.rpc.timeout.max = 5200ms (custom)
2019-09-03 05:32:56,710 [pool-439-thread-1] INFO  server.RaftServerConfigKeys (ConfUtils.java:logGet(43)) - raft.server.rpcslowness.timeout = 120s (custom)
2019-09-03 05:32:56,710 [pool-439-thread-1] INFO  server.RaftServerConfigKeys (ConfUtils.java:logGet(43)) - raft.server.sleep.deviation.threshold = 300 (default)
2019-09-03 05:32:56,710 [pool-439-thread-1] INFO  server.RaftServerConfigKeys (ConfUtils.java:logGet(43)) - raft.server.log.appender.install.snapshot.enabled = false (custom)
2019-09-03 05:32:56,710 [pool-439-thread-1] INFO  impl.RaftServerImpl (ServerState.java:<init>(105)) - 3714cff3-a07e-4f81-85d4-28a9b78918d9:group-F1F09AE7C5CE ConfigurationManager, init=-1: [3714cff3-a07e-4f81-85d4-28a9b78918d9:192.168.36.111:36437], old=null, confs=<EMPTY_MAP>
2019-09-03 05:32:56,711 [pool-439-thread-1] INFO  server.RaftServerConfigKeys (ConfUtils.java:logGet(43)) - raft.server.storage.dir = [/workdir/hadoop-ozone/integration-test/target/test-dir/MiniOzoneClusterImpl-c64d20cb-122d-47af-9bf2-d2da5c3556a3/datanode-3/data/ratis] (custom)
2019-09-03 05:32:56,711 [pool-439-thread-1] INFO  storage.RaftStorageDirectory (RaftStorageDirectory.java:analyzeStorage(246)) - The storage directory /workdir/hadoop-ozone/integration-test/target/test-dir/MiniOzoneClusterImpl-c64d20cb-122d-47af-9bf2-d2da5c3556a3/datanode-3/data/ratis/de024cef-4821-4e48-9e47-f1f09ae7c5ce does not exist. Creating ...
2019-09-03 05:32:56,724 [pool-439-thread-1] INFO  storage.RaftStorageDirectory (RaftStorageDirectory.java:tryLock(328)) - Lock on /workdir/hadoop-ozone/integration-test/target/test-dir/MiniOzoneClusterImpl-c64d20cb-122d-47af-9bf2-d2da5c3556a3/datanode-3/data/ratis/de024cef-4821-4e48-9e47-f1f09ae7c5ce/in_use.lock acquired by nodename 23236@trunk-nightly-20190903-kd7j7-2804422064
2019-09-03 05:32:56,743 [pool-439-thread-1] INFO  storage.RaftStorage (RaftStorage.java:format(72)) - Storage directory /workdir/hadoop-ozone/integration-test/target/test-dir/MiniOzoneClusterImpl-c64d20cb-122d-47af-9bf2-d2da5c3556a3/datanode-3/data/ratis/de024cef-4821-4e48-9e47-f1f09ae7c5ce has been successfully formatted.
2019-09-03 05:32:56,744 [pool-439-thread-1] INFO  ratis.ContainerStateMachine (ContainerStateMachine.java:loadSnapshot(227)) - group-F1F09AE7C5CE: The snapshot info is null. Setting the last applied indexto:(t:0, i:~)
2019-09-03 05:32:56,744 [pool-439-thread-1] INFO  server.RaftServerConfigKeys (ConfUtils.java:logGet(43)) - raft.server.leader.election.timeout = 120s (custom)
2019-09-03 05:32:56,744 [pool-439-thread-1] INFO  server.RaftServerConfigKeys (ConfUtils.java:logGet(43)) - raft.server.log.use.memory = false (default)
2019-09-03 05:32:56,744 [pool-439-thread-1] INFO  server.RaftServerConfigKeys (ConfUtils.java:logGet(43)) - raft.server.log.purge.gap = 1000000 (custom)
2019-09-03 05:32:56,744 [pool-439-thread-1] INFO  server.RaftServerConfigKeys (ConfUtils.java:logGet(43)) - raft.server.log.appender.buffer.byte-limit = 33554432 (custom)
2019-09-03 05:32:56,744 [pool-439-thread-1] INFO  server.RaftServerConfigKeys (ConfUtils.java:logGet(43)) - raft.server.log.segment.size.max = 1048576 (custom)
2019-09-03 05:32:56,744 [pool-439-thread-1] INFO  server.RaftServerConfigKeys (ConfUtils.java:logGet(43)) - raft.server.log.segment.cache.num.max = 2 (custom)
2019-09-03 05:32:56,745 [pool-439-thread-1] INFO  segmented.SegmentedRaftLogWorker (SegmentedRaftLogWorker.java:<init>(172)) - new 3714cff3-a07e-4f81-85d4-28a9b78918d9-SegmentedRaftLogWorker:Storage Directory /workdir/hadoop-ozone/integration-test/target/test-dir/MiniOzoneClusterImpl-c64d20cb-122d-47af-9bf2-d2da5c3556a3/datanode-3/data/ratis/de024cef-4821-4e48-9e47-f1f09ae7c5ce for RaftStorage:Storage Directory /workdir/hadoop-ozone/integration-test/target/test-dir/MiniOzoneClusterImpl-c64d20cb-122d-47af-9bf2-d2da5c3556a3/datanode-3/data/ratis/de024cef-4821-4e48-9e47-f1f09ae7c5ce
2019-09-03 05:32:56,745 [pool-439-thread-1] INFO  server.RaftServerConfigKeys (ConfUtils.java:logGet(43)) - raft.server.log.queue.byte-limit = 2147483647 (custom)
2019-09-03 05:32:56,745 [pool-439-thread-1] INFO  server.RaftServerConfigKeys (ConfUtils.java:logGet(43)) - raft.server.log.queue.element-limit = 1024 (custom)
2019-09-03 05:32:56,745 [pool-439-thread-1] INFO  server.RaftServerConfigKeys (ConfUtils.java:logGet(43)) - raft.server.log.segment.size.max = 1048576 (custom)
2019-09-03 05:32:56,745 [pool-439-thread-1] INFO  server.RaftServerConfigKeys (ConfUtils.java:logGet(43)) - raft.server.log.preallocated.size = 16384 (custom)
2019-09-03 05:32:56,746 [pool-439-thread-1] INFO  server.RaftServerConfigKeys (ConfUtils.java:logGet(43)) - raft.server.log.write.buffer.size = 33554432 (custom)
2019-09-03 05:32:56,746 [pool-439-thread-1] INFO  server.RaftServerConfigKeys (ConfUtils.java:logGet(43)) - raft.server.log.force.sync.num = 128 (default)
2019-09-03 05:32:56,746 [pool-439-thread-1] INFO  server.RaftServerConfigKeys (ConfUtils.java:logGet(43)) - raft.server.log.statemachine.data.sync = true (default)
2019-09-03 05:32:56,746 [pool-439-thread-1] INFO  server.RaftServerConfigKeys (ConfUtils.java:logGet(43)) - raft.server.log.statemachine.data.sync.timeout = 10s (default)
2019-09-03 05:32:56,746 [pool-439-thread-1] INFO  server.RaftServerConfigKeys (ConfUtils.java:logGet(43)) - raft.server.log.statemachine.data.sync.timeout.retry = -1 (default)
2019-09-03 05:32:56,746 [pool-439-thread-1] INFO  server.RaftServerConfigKeys (ConfUtils.java:logGet(43)) - raft.server.log.statemachine.data.caching.enabled = true (custom)
2019-09-03 05:32:56,747 [pool-439-thread-1] INFO  segmented.SegmentedRaftLogWorker (SegmentedRaftLogWorker.java:lambda$new$0(132)) - 3714cff3-a07e-4f81-85d4-28a9b78918d9-SegmentedRaftLogWorker:Storage Directory /workdir/hadoop-ozone/integration-test/target/test-dir/MiniOzoneClusterImpl-c64d20cb-122d-47af-9bf2-d2da5c3556a3/datanode-3/data/ratis/de024cef-4821-4e48-9e47-f1f09ae7c5ce: flushIndex: setUnconditionally 0 -> -1
2019-09-03 05:32:56,747 [pool-439-thread-1] INFO  server.RaftServerConfigKeys (ConfUtils.java:logGet(43)) - raft.server.snapshot.auto.trigger.enabled = true (custom)
2019-09-03 05:32:56,747 [pool-439-thread-1] INFO  server.RaftServerConfigKeys (ConfUtils.java:logGet(43)) - raft.server.snapshot.auto.trigger.threshold = 10000 (custom)
2019-09-03 05:32:56,747 [pool-439-thread-1] INFO  server.RaftServerConfigKeys (ConfUtils.java:logGet(43)) - raft.server.retrycache.expirytime = 600000ms (custom)
2019-09-03 05:32:56,748 [pool-439-thread-1] INFO  impl.RaftServerImpl (RaftServerImpl.java:start(180)) - 3714cff3-a07e-4f81-85d4-28a9b78918d9: start group-F1F09AE7C5CE
2019-09-03 05:32:56,748 [pool-439-thread-1] INFO  impl.RaftServerImpl (RaftServerImpl.java:setRole(171)) - 3714cff3-a07e-4f81-85d4-28a9b78918d9:group-F1F09AE7C5CE changes role from null to FOLLOWER at term 0 for startAsFollower
2019-09-03 05:32:56,748 [pool-439-thread-1] INFO  impl.RoleInfo (RoleInfo.java:updateAndGet(143)) - 3714cff3-a07e-4f81-85d4-28a9b78918d9: start FollowerState
2019-09-03 05:32:56,757 [pool-439-thread-1] INFO  util.JmxRegister (JmxRegister.java:tryRegister(44)) - Successfully registered JMX Bean with object name Ratis:service=RaftServer,group=group-F1F09AE7C5CE,id=3714cff3-a07e-4f81-85d4-28a9b78918d9
2019-09-03 05:32:56,769 [RatisPipelineUtilsThread] INFO  pipeline.PipelineStateManager (PipelineStateManager.java:addPipeline(56)) - Created pipeline Pipeline[ Id: de024cef-4821-4e48-9e47-f1f09ae7c5ce, Nodes: 3714cff3-a07e-4f81-85d4-28a9b78918d9{ip: 192.168.36.111, host: trunk-nightly-20190903-kd7j7-2804422064, networkLocation: /default-rack, certSerialId: null}, Type:RATIS, Factor:ONE, State:OPEN]
2019-09-03 05:32:56,778 [grpc-default-executor-3] INFO  impl.RaftServerProxy (RaftServerProxy.java:addNew(89)) - 50dc8b30-d557-42ae-aab0-254bd5a1602a: addNew group-F11D09A68E6F:[50dc8b30-d557-42ae-aab0-254bd5a1602a:192.168.36.111:41881] returns group-F11D09A68E6F:java.util.concurrent.CompletableFuture@538698ea[Not completed]
2019-09-03 05:32:56,779 [pool-449-thread-1] INFO  impl.RaftServerImpl (RaftServerImpl.java:<init>(93)) - 50dc8b30-d557-42ae-aab0-254bd5a1602a: new RaftServerImpl for group-F11D09A68E6F:[50dc8b30-d557-42ae-aab0-254bd5a1602a:192.168.36.111:41881] with ContainerStateMachine:uninitialized
2019-09-03 05:32:56,779 [pool-449-thread-1] INFO  server.RaftServerConfigKeys (ConfUtils.java:logGet(43)) - raft.server.rpc.timeout.min = 5s (custom)
2019-09-03 05:32:56,779 [pool-449-thread-1] INFO  server.RaftServerConfigKeys (ConfUtils.java:logGet(43)) - raft.server.rpc.timeout.max = 5200ms (custom)
2019-09-03 05:32:56,779 [pool-449-thread-1] INFO  server.RaftServerConfigKeys (ConfUtils.java:logGet(43)) - raft.server.rpcslowness.timeout = 120s (custom)
2019-09-03 05:32:56,779 [pool-449-thread-1] INFO  server.RaftServerConfigKeys (ConfUtils.java:logGet(43)) - raft.server.sleep.deviation.threshold = 300 (default)
2019-09-03 05:32:56,779 [pool-449-thread-1] INFO  server.RaftServerConfigKeys (ConfUtils.java:logGet(43)) - raft.server.log.appender.install.snapshot.enabled = false (custom)
2019-09-03 05:32:56,779 [pool-449-thread-1] INFO  impl.RaftServerImpl (ServerState.java:<init>(105)) - 50dc8b30-d557-42ae-aab0-254bd5a1602a:group-F11D09A68E6F ConfigurationManager, init=-1: [50dc8b30-d557-42ae-aab0-254bd5a1602a:192.168.36.111:41881], old=null, confs=<EMPTY_MAP>
2019-09-03 05:32:56,779 [pool-449-thread-1] INFO  server.RaftServerConfigKeys (ConfUtils.java:logGet(43)) - raft.server.storage.dir = [/workdir/hadoop-ozone/integration-test/target/test-dir/MiniOzoneClusterImpl-c64d20cb-122d-47af-9bf2-d2da5c3556a3/datanode-4/data/ratis] (custom)
2019-09-03 05:32:56,780 [pool-449-thread-1] INFO  storage.RaftStorageDirectory (RaftStorageDirectory.java:analyzeStorage(246)) - The storage directory /workdir/hadoop-ozone/integration-test/target/test-dir/MiniOzoneClusterImpl-c64d20cb-122d-47af-9bf2-d2da5c3556a3/datanode-4/data/ratis/2ddf119b-e3bf-4bf6-ae84-f11d09a68e6f does not exist. Creating ...
2019-09-03 05:32:56,793 [pool-449-thread-1] INFO  storage.RaftStorageDirectory (RaftStorageDirectory.java:tryLock(328)) - Lock on /workdir/hadoop-ozone/integration-test/target/test-dir/MiniOzoneClusterImpl-c64d20cb-122d-47af-9bf2-d2da5c3556a3/datanode-4/data/ratis/2ddf119b-e3bf-4bf6-ae84-f11d09a68e6f/in_use.lock acquired by nodename 23236@trunk-nightly-20190903-kd7j7-2804422064
2019-09-03 05:32:56,806 [pool-449-thread-1] INFO  storage.RaftStorage (RaftStorage.java:format(72)) - Storage directory /workdir/hadoop-ozone/integration-test/target/test-dir/MiniOzoneClusterImpl-c64d20cb-122d-47af-9bf2-d2da5c3556a3/datanode-4/data/ratis/2ddf119b-e3bf-4bf6-ae84-f11d09a68e6f has been successfully formatted.
2019-09-03 05:32:56,807 [pool-449-thread-1] INFO  ratis.ContainerStateMachine (ContainerStateMachine.java:loadSnapshot(227)) - group-F11D09A68E6F: The snapshot info is null. Setting the last applied indexto:(t:0, i:~)
2019-09-03 05:32:56,807 [pool-449-thread-1] INFO  server.RaftServerConfigKeys (ConfUtils.java:logGet(43)) - raft.server.leader.election.timeout = 120s (custom)
2019-09-03 05:32:56,807 [pool-449-thread-1] INFO  server.RaftServerConfigKeys (ConfUtils.java:logGet(43)) - raft.server.log.use.memory = false (default)
2019-09-03 05:32:56,807 [pool-449-thread-1] INFO  server.RaftServerConfigKeys (ConfUtils.java:logGet(43)) - raft.server.log.purge.gap = 1000000 (custom)
2019-09-03 05:32:56,807 [pool-449-thread-1] INFO  server.RaftServerConfigKeys (ConfUtils.java:logGet(43)) - raft.server.log.appender.buffer.byte-limit = 33554432 (custom)
2019-09-03 05:32:56,807 [pool-449-thread-1] INFO  server.RaftServerConfigKeys (ConfUtils.java:logGet(43)) - raft.server.log.segment.size.max = 1048576 (custom)
2019-09-03 05:32:56,807 [pool-449-thread-1] INFO  server.RaftServerConfigKeys (ConfUtils.java:logGet(43)) - raft.server.log.segment.cache.num.max = 2 (custom)
2019-09-03 05:32:56,808 [pool-449-thread-1] INFO  segmented.SegmentedRaftLogWorker (SegmentedRaftLogWorker.java:<init>(172)) - new 50dc8b30-d557-42ae-aab0-254bd5a1602a-SegmentedRaftLogWorker:Storage Directory /workdir/hadoop-ozone/integration-test/target/test-dir/MiniOzoneClusterImpl-c64d20cb-122d-47af-9bf2-d2da5c3556a3/datanode-4/data/ratis/2ddf119b-e3bf-4bf6-ae84-f11d09a68e6f for RaftStorage:Storage Directory /workdir/hadoop-ozone/integration-test/target/test-dir/MiniOzoneClusterImpl-c64d20cb-122d-47af-9bf2-d2da5c3556a3/datanode-4/data/ratis/2ddf119b-e3bf-4bf6-ae84-f11d09a68e6f
2019-09-03 05:32:56,808 [pool-449-thread-1] INFO  server.RaftServerConfigKeys (ConfUtils.java:logGet(43)) - raft.server.log.queue.byte-limit = 2147483647 (custom)
2019-09-03 05:32:56,808 [pool-449-thread-1] INFO  server.RaftServerConfigKeys (ConfUtils.java:logGet(43)) - raft.server.log.queue.element-limit = 1024 (custom)
2019-09-03 05:32:56,808 [pool-449-thread-1] INFO  server.RaftServerConfigKeys (ConfUtils.java:logGet(43)) - raft.server.log.segment.size.max = 1048576 (custom)
2019-09-03 05:32:56,808 [pool-449-thread-1] INFO  server.RaftServerConfigKeys (ConfUtils.java:logGet(43)) - raft.server.log.preallocated.size = 16384 (custom)
2019-09-03 05:32:56,808 [pool-449-thread-1] INFO  server.RaftServerConfigKeys (ConfUtils.java:logGet(43)) - raft.server.log.write.buffer.size = 33554432 (custom)
2019-09-03 05:32:56,808 [pool-449-thread-1] INFO  server.RaftServerConfigKeys (ConfUtils.java:logGet(43)) - raft.server.log.force.sync.num = 128 (default)
2019-09-03 05:32:56,809 [pool-449-thread-1] INFO  server.RaftServerConfigKeys (ConfUtils.java:logGet(43)) - raft.server.log.statemachine.data.sync = true (default)
2019-09-03 05:32:56,809 [pool-449-thread-1] INFO  server.RaftServerConfigKeys (ConfUtils.java:logGet(43)) - raft.server.log.statemachine.data.sync.timeout = 10s (default)
2019-09-03 05:32:56,809 [pool-449-thread-1] INFO  server.RaftServerConfigKeys (ConfUtils.java:logGet(43)) - raft.server.log.statemachine.data.sync.timeout.retry = -1 (default)
2019-09-03 05:32:56,809 [pool-449-thread-1] INFO  server.RaftServerConfigKeys (ConfUtils.java:logGet(43)) - raft.server.log.statemachine.data.caching.enabled = true (custom)
2019-09-03 05:32:56,809 [pool-449-thread-1] INFO  segmented.SegmentedRaftLogWorker (SegmentedRaftLogWorker.java:lambda$new$0(132)) - 50dc8b30-d557-42ae-aab0-254bd5a1602a-SegmentedRaftLogWorker:Storage Directory /workdir/hadoop-ozone/integration-test/target/test-dir/MiniOzoneClusterImpl-c64d20cb-122d-47af-9bf2-d2da5c3556a3/datanode-4/data/ratis/2ddf119b-e3bf-4bf6-ae84-f11d09a68e6f: flushIndex: setUnconditionally 0 -> -1
2019-09-03 05:32:56,810 [pool-449-thread-1] INFO  server.RaftServerConfigKeys (ConfUtils.java:logGet(43)) - raft.server.snapshot.auto.trigger.enabled = true (custom)
2019-09-03 05:32:56,810 [pool-449-thread-1] INFO  server.RaftServerConfigKeys (ConfUtils.java:logGet(43)) - raft.server.snapshot.auto.trigger.threshold = 10000 (custom)
2019-09-03 05:32:56,810 [pool-449-thread-1] INFO  server.RaftServerConfigKeys (ConfUtils.java:logGet(43)) - raft.server.retrycache.expirytime = 600000ms (custom)
2019-09-03 05:32:56,810 [pool-449-thread-1] INFO  impl.RaftServerImpl (RaftServerImpl.java:start(180)) - 50dc8b30-d557-42ae-aab0-254bd5a1602a: start group-F11D09A68E6F
2019-09-03 05:32:56,810 [pool-449-thread-1] INFO  impl.RaftServerImpl (RaftServerImpl.java:setRole(171)) - 50dc8b30-d557-42ae-aab0-254bd5a1602a:group-F11D09A68E6F changes role from null to FOLLOWER at term 0 for startAsFollower
2019-09-03 05:32:56,810 [pool-449-thread-1] INFO  impl.RoleInfo (RoleInfo.java:updateAndGet(143)) - 50dc8b30-d557-42ae-aab0-254bd5a1602a: start FollowerState
2019-09-03 05:32:56,811 [pool-449-thread-1] INFO  util.JmxRegister (JmxRegister.java:tryRegister(44)) - Successfully registered JMX Bean with object name Ratis:service=RaftServer,group=group-F11D09A68E6F,id=50dc8b30-d557-42ae-aab0-254bd5a1602a
2019-09-03 05:32:56,815 [RatisPipelineUtilsThread] INFO  pipeline.PipelineStateManager (PipelineStateManager.java:addPipeline(56)) - Created pipeline Pipeline[ Id: 2ddf119b-e3bf-4bf6-ae84-f11d09a68e6f, Nodes: 50dc8b30-d557-42ae-aab0-254bd5a1602a{ip: 192.168.36.111, host: trunk-nightly-20190903-kd7j7-2804422064, networkLocation: /default-rack, certSerialId: null}, Type:RATIS, Factor:ONE, State:OPEN]
2019-09-03 05:32:56,823 [grpc-default-executor-3] INFO  impl.RaftServerProxy (RaftServerProxy.java:addNew(89)) - fb4443fd-5719-4a39-bdba-b2bf0c721de4: addNew group-D714B16F4822:[fb4443fd-5719-4a39-bdba-b2bf0c721de4:192.168.36.111:41139] returns group-D714B16F4822:java.util.concurrent.CompletableFuture@db2c8a2[Not completed]
2019-09-03 05:32:56,824 [pool-459-thread-1] INFO  impl.RaftServerImpl (RaftServerImpl.java:<init>(93)) - fb4443fd-5719-4a39-bdba-b2bf0c721de4: new RaftServerImpl for group-D714B16F4822:[fb4443fd-5719-4a39-bdba-b2bf0c721de4:192.168.36.111:41139] with ContainerStateMachine:uninitialized
2019-09-03 05:32:56,825 [pool-459-thread-1] INFO  server.RaftServerConfigKeys (ConfUtils.java:logGet(43)) - raft.server.rpc.timeout.min = 5s (custom)
2019-09-03 05:32:56,825 [pool-459-thread-1] INFO  server.RaftServerConfigKeys (ConfUtils.java:logGet(43)) - raft.server.rpc.timeout.max = 5200ms (custom)
2019-09-03 05:32:56,825 [pool-459-thread-1] INFO  server.RaftServerConfigKeys (ConfUtils.java:logGet(43)) - raft.server.rpcslowness.timeout = 120s (custom)
2019-09-03 05:32:56,825 [pool-459-thread-1] INFO  server.RaftServerConfigKeys (ConfUtils.java:logGet(43)) - raft.server.sleep.deviation.threshold = 300 (default)
2019-09-03 05:32:56,825 [pool-459-thread-1] INFO  server.RaftServerConfigKeys (ConfUtils.java:logGet(43)) - raft.server.log.appender.install.snapshot.enabled = false (custom)
2019-09-03 05:32:56,825 [pool-459-thread-1] INFO  impl.RaftServerImpl (ServerState.java:<init>(105)) - fb4443fd-5719-4a39-bdba-b2bf0c721de4:group-D714B16F4822 ConfigurationManager, init=-1: [fb4443fd-5719-4a39-bdba-b2bf0c721de4:192.168.36.111:41139], old=null, confs=<EMPTY_MAP>
2019-09-03 05:32:56,825 [pool-459-thread-1] INFO  server.RaftServerConfigKeys (ConfUtils.java:logGet(43)) - raft.server.storage.dir = [/workdir/hadoop-ozone/integration-test/target/test-dir/MiniOzoneClusterImpl-c64d20cb-122d-47af-9bf2-d2da5c3556a3/datanode-5/data/ratis] (custom)
2019-09-03 05:32:56,826 [pool-459-thread-1] INFO  storage.RaftStorageDirectory (RaftStorageDirectory.java:analyzeStorage(246)) - The storage directory /workdir/hadoop-ozone/integration-test/target/test-dir/MiniOzoneClusterImpl-c64d20cb-122d-47af-9bf2-d2da5c3556a3/datanode-5/data/ratis/1add0d25-0d86-4cb5-aaec-d714b16f4822 does not exist. Creating ...
2019-09-03 05:32:56,839 [pool-459-thread-1] INFO  storage.RaftStorageDirectory (RaftStorageDirectory.java:tryLock(328)) - Lock on /workdir/hadoop-ozone/integration-test/target/test-dir/MiniOzoneClusterImpl-c64d20cb-122d-47af-9bf2-d2da5c3556a3/datanode-5/data/ratis/1add0d25-0d86-4cb5-aaec-d714b16f4822/in_use.lock acquired by nodename 23236@trunk-nightly-20190903-kd7j7-2804422064
2019-09-03 05:32:56,852 [pool-459-thread-1] INFO  storage.RaftStorage (RaftStorage.java:format(72)) - Storage directory /workdir/hadoop-ozone/integration-test/target/test-dir/MiniOzoneClusterImpl-c64d20cb-122d-47af-9bf2-d2da5c3556a3/datanode-5/data/ratis/1add0d25-0d86-4cb5-aaec-d714b16f4822 has been successfully formatted.
2019-09-03 05:32:56,852 [pool-459-thread-1] INFO  ratis.ContainerStateMachine (ContainerStateMachine.java:loadSnapshot(227)) - group-D714B16F4822: The snapshot info is null. Setting the last applied indexto:(t:0, i:~)
2019-09-03 05:32:56,852 [pool-459-thread-1] INFO  server.RaftServerConfigKeys (ConfUtils.java:logGet(43)) - raft.server.leader.election.timeout = 120s (custom)
2019-09-03 05:32:56,852 [pool-459-thread-1] INFO  server.RaftServerConfigKeys (ConfUtils.java:logGet(43)) - raft.server.log.use.memory = false (default)
2019-09-03 05:32:56,852 [pool-459-thread-1] INFO  server.RaftServerConfigKeys (ConfUtils.java:logGet(43)) - raft.server.log.purge.gap = 1000000 (custom)
2019-09-03 05:32:56,853 [pool-459-thread-1] INFO  server.RaftServerConfigKeys (ConfUtils.java:logGet(43)) - raft.server.log.appender.buffer.byte-limit = 33554432 (custom)
2019-09-03 05:32:56,853 [pool-459-thread-1] INFO  server.RaftServerConfigKeys (ConfUtils.java:logGet(43)) - raft.server.log.segment.size.max = 1048576 (custom)
2019-09-03 05:32:56,853 [pool-459-thread-1] INFO  server.RaftServerConfigKeys (ConfUtils.java:logGet(43)) - raft.server.log.segment.cache.num.max = 2 (custom)
2019-09-03 05:32:56,853 [pool-459-thread-1] INFO  segmented.SegmentedRaftLogWorker (SegmentedRaftLogWorker.java:<init>(172)) - new fb4443fd-5719-4a39-bdba-b2bf0c721de4-SegmentedRaftLogWorker:Storage Directory /workdir/hadoop-ozone/integration-test/target/test-dir/MiniOzoneClusterImpl-c64d20cb-122d-47af-9bf2-d2da5c3556a3/datanode-5/data/ratis/1add0d25-0d86-4cb5-aaec-d714b16f4822 for RaftStorage:Storage Directory /workdir/hadoop-ozone/integration-test/target/test-dir/MiniOzoneClusterImpl-c64d20cb-122d-47af-9bf2-d2da5c3556a3/datanode-5/data/ratis/1add0d25-0d86-4cb5-aaec-d714b16f4822
2019-09-03 05:32:56,853 [pool-459-thread-1] INFO  server.RaftServerConfigKeys (ConfUtils.java:logGet(43)) - raft.server.log.queue.byte-limit = 2147483647 (custom)
2019-09-03 05:32:56,853 [pool-459-thread-1] INFO  server.RaftServerConfigKeys (ConfUtils.java:logGet(43)) - raft.server.log.queue.element-limit = 1024 (custom)
2019-09-03 05:32:56,854 [pool-459-thread-1] INFO  server.RaftServerConfigKeys (ConfUtils.java:logGet(43)) - raft.server.log.segment.size.max = 1048576 (custom)
2019-09-03 05:32:56,854 [pool-459-thread-1] INFO  server.RaftServerConfigKeys (ConfUtils.java:logGet(43)) - raft.server.log.preallocated.size = 16384 (custom)
2019-09-03 05:32:56,854 [pool-459-thread-1] INFO  server.RaftServerConfigKeys (ConfUtils.java:logGet(43)) - raft.server.log.write.buffer.size = 33554432 (custom)
2019-09-03 05:32:56,854 [pool-459-thread-1] INFO  server.RaftServerConfigKeys (ConfUtils.java:logGet(43)) - raft.server.log.force.sync.num = 128 (default)
2019-09-03 05:32:56,854 [pool-459-thread-1] INFO  server.RaftServerConfigKeys (ConfUtils.java:logGet(43)) - raft.server.log.statemachine.data.sync = true (default)
2019-09-03 05:32:56,854 [pool-459-thread-1] INFO  server.RaftServerConfigKeys (ConfUtils.java:logGet(43)) - raft.server.log.statemachine.data.sync.timeout = 10s (default)
2019-09-03 05:32:56,854 [pool-459-thread-1] INFO  server.RaftServerConfigKeys (ConfUtils.java:logGet(43)) - raft.server.log.statemachine.data.sync.timeout.retry = -1 (default)
2019-09-03 05:32:56,854 [pool-459-thread-1] INFO  server.RaftServerConfigKeys (ConfUtils.java:logGet(43)) - raft.server.log.statemachine.data.caching.enabled = true (custom)
2019-09-03 05:32:56,855 [pool-459-thread-1] INFO  segmented.SegmentedRaftLogWorker (SegmentedRaftLogWorker.java:lambda$new$0(132)) - fb4443fd-5719-4a39-bdba-b2bf0c721de4-SegmentedRaftLogWorker:Storage Directory /workdir/hadoop-ozone/integration-test/target/test-dir/MiniOzoneClusterImpl-c64d20cb-122d-47af-9bf2-d2da5c3556a3/datanode-5/data/ratis/1add0d25-0d86-4cb5-aaec-d714b16f4822: flushIndex: setUnconditionally 0 -> -1
2019-09-03 05:32:56,855 [pool-459-thread-1] INFO  server.RaftServerConfigKeys (ConfUtils.java:logGet(43)) - raft.server.snapshot.auto.trigger.enabled = true (custom)
2019-09-03 05:32:56,855 [pool-459-thread-1] INFO  server.RaftServerConfigKeys (ConfUtils.java:logGet(43)) - raft.server.snapshot.auto.trigger.threshold = 10000 (custom)
2019-09-03 05:32:56,855 [pool-459-thread-1] INFO  server.RaftServerConfigKeys (ConfUtils.java:logGet(43)) - raft.server.retrycache.expirytime = 600000ms (custom)
2019-09-03 05:32:56,856 [pool-459-thread-1] INFO  impl.RaftServerImpl (RaftServerImpl.java:start(180)) - fb4443fd-5719-4a39-bdba-b2bf0c721de4: start group-D714B16F4822
2019-09-03 05:32:56,856 [pool-459-thread-1] INFO  impl.RaftServerImpl (RaftServerImpl.java:setRole(171)) - fb4443fd-5719-4a39-bdba-b2bf0c721de4:group-D714B16F4822 changes role from null to FOLLOWER at term 0 for startAsFollower
2019-09-03 05:32:56,856 [pool-459-thread-1] INFO  impl.RoleInfo (RoleInfo.java:updateAndGet(143)) - fb4443fd-5719-4a39-bdba-b2bf0c721de4: start FollowerState
2019-09-03 05:32:56,856 [pool-459-thread-1] INFO  util.JmxRegister (JmxRegister.java:tryRegister(44)) - Successfully registered JMX Bean with object name Ratis:service=RaftServer,group=group-D714B16F4822,id=fb4443fd-5719-4a39-bdba-b2bf0c721de4
2019-09-03 05:32:56,861 [RatisPipelineUtilsThread] INFO  pipeline.PipelineStateManager (PipelineStateManager.java:addPipeline(56)) - Created pipeline Pipeline[ Id: 1add0d25-0d86-4cb5-aaec-d714b16f4822, Nodes: fb4443fd-5719-4a39-bdba-b2bf0c721de4{ip: 192.168.36.111, host: trunk-nightly-20190903-kd7j7-2804422064, networkLocation: /default-rack, certSerialId: null}, Type:RATIS, Factor:ONE, State:OPEN]
2019-09-03 05:32:56,872 [grpc-default-executor-3] INFO  impl.RaftServerProxy (RaftServerProxy.java:addNew(89)) - 0ad13ca6-799a-4fe2-9b6a-50b87be8609f: addNew group-96E98D57E3B5:[0ad13ca6-799a-4fe2-9b6a-50b87be8609f:192.168.36.111:39137] returns group-96E98D57E3B5:java.util.concurrent.CompletableFuture@238c41b3[Not completed]
2019-09-03 05:32:56,873 [pool-469-thread-1] INFO  impl.RaftServerImpl (RaftServerImpl.java:<init>(93)) - 0ad13ca6-799a-4fe2-9b6a-50b87be8609f: new RaftServerImpl for group-96E98D57E3B5:[0ad13ca6-799a-4fe2-9b6a-50b87be8609f:192.168.36.111:39137] with ContainerStateMachine:uninitialized
2019-09-03 05:32:56,873 [pool-469-thread-1] INFO  server.RaftServerConfigKeys (ConfUtils.java:logGet(43)) - raft.server.rpc.timeout.min = 5s (custom)
2019-09-03 05:32:56,873 [pool-469-thread-1] INFO  server.RaftServerConfigKeys (ConfUtils.java:logGet(43)) - raft.server.rpc.timeout.max = 5200ms (custom)
2019-09-03 05:32:56,874 [pool-469-thread-1] INFO  server.RaftServerConfigKeys (ConfUtils.java:logGet(43)) - raft.server.rpcslowness.timeout = 120s (custom)
2019-09-03 05:32:56,874 [pool-469-thread-1] INFO  server.RaftServerConfigKeys (ConfUtils.java:logGet(43)) - raft.server.sleep.deviation.threshold = 300 (default)
2019-09-03 05:32:56,874 [pool-469-thread-1] INFO  server.RaftServerConfigKeys (ConfUtils.java:logGet(43)) - raft.server.log.appender.install.snapshot.enabled = false (custom)
2019-09-03 05:32:56,874 [pool-469-thread-1] INFO  impl.RaftServerImpl (ServerState.java:<init>(105)) - 0ad13ca6-799a-4fe2-9b6a-50b87be8609f:group-96E98D57E3B5 ConfigurationManager, init=-1: [0ad13ca6-799a-4fe2-9b6a-50b87be8609f:192.168.36.111:39137], old=null, confs=<EMPTY_MAP>
2019-09-03 05:32:56,874 [pool-469-thread-1] INFO  server.RaftServerConfigKeys (ConfUtils.java:logGet(43)) - raft.server.storage.dir = [/workdir/hadoop-ozone/integration-test/target/test-dir/MiniOzoneClusterImpl-c64d20cb-122d-47af-9bf2-d2da5c3556a3/datanode-6/data/ratis] (custom)
2019-09-03 05:32:56,874 [pool-469-thread-1] INFO  storage.RaftStorageDirectory (RaftStorageDirectory.java:analyzeStorage(246)) - The storage directory /workdir/hadoop-ozone/integration-test/target/test-dir/MiniOzoneClusterImpl-c64d20cb-122d-47af-9bf2-d2da5c3556a3/datanode-6/data/ratis/a8492f76-982b-4b4c-a87c-96e98d57e3b5 does not exist. Creating ...
2019-09-03 05:32:56,887 [pool-469-thread-1] INFO  storage.RaftStorageDirectory (RaftStorageDirectory.java:tryLock(328)) - Lock on /workdir/hadoop-ozone/integration-test/target/test-dir/MiniOzoneClusterImpl-c64d20cb-122d-47af-9bf2-d2da5c3556a3/datanode-6/data/ratis/a8492f76-982b-4b4c-a87c-96e98d57e3b5/in_use.lock acquired by nodename 23236@trunk-nightly-20190903-kd7j7-2804422064
2019-09-03 05:32:56,900 [pool-469-thread-1] INFO  storage.RaftStorage (RaftStorage.java:format(72)) - Storage directory /workdir/hadoop-ozone/integration-test/target/test-dir/MiniOzoneClusterImpl-c64d20cb-122d-47af-9bf2-d2da5c3556a3/datanode-6/data/ratis/a8492f76-982b-4b4c-a87c-96e98d57e3b5 has been successfully formatted.
2019-09-03 05:32:56,900 [pool-469-thread-1] INFO  ratis.ContainerStateMachine (ContainerStateMachine.java:loadSnapshot(227)) - group-96E98D57E3B5: The snapshot info is null. Setting the last applied indexto:(t:0, i:~)
2019-09-03 05:32:56,900 [pool-469-thread-1] INFO  server.RaftServerConfigKeys (ConfUtils.java:logGet(43)) - raft.server.leader.election.timeout = 120s (custom)
2019-09-03 05:32:56,900 [pool-469-thread-1] INFO  server.RaftServerConfigKeys (ConfUtils.java:logGet(43)) - raft.server.log.use.memory = false (default)
2019-09-03 05:32:56,900 [pool-469-thread-1] INFO  server.RaftServerConfigKeys (ConfUtils.java:logGet(43)) - raft.server.log.purge.gap = 1000000 (custom)
2019-09-03 05:32:56,900 [pool-469-thread-1] INFO  server.RaftServerConfigKeys (ConfUtils.java:logGet(43)) - raft.server.log.appender.buffer.byte-limit = 33554432 (custom)
2019-09-03 05:32:56,900 [pool-469-thread-1] INFO  server.RaftServerConfigKeys (ConfUtils.java:logGet(43)) - raft.server.log.segment.size.max = 1048576 (custom)
2019-09-03 05:32:56,901 [pool-469-thread-1] INFO  server.RaftServerConfigKeys (ConfUtils.java:logGet(43)) - raft.server.log.segment.cache.num.max = 2 (custom)
2019-09-03 05:32:56,901 [pool-469-thread-1] INFO  segmented.SegmentedRaftLogWorker (SegmentedRaftLogWorker.java:<init>(172)) - new 0ad13ca6-799a-4fe2-9b6a-50b87be8609f-SegmentedRaftLogWorker:Storage Directory /workdir/hadoop-ozone/integration-test/target/test-dir/MiniOzoneClusterImpl-c64d20cb-122d-47af-9bf2-d2da5c3556a3/datanode-6/data/ratis/a8492f76-982b-4b4c-a87c-96e98d57e3b5 for RaftStorage:Storage Directory /workdir/hadoop-ozone/integration-test/target/test-dir/MiniOzoneClusterImpl-c64d20cb-122d-47af-9bf2-d2da5c3556a3/datanode-6/data/ratis/a8492f76-982b-4b4c-a87c-96e98d57e3b5
2019-09-03 05:32:56,901 [pool-469-thread-1] INFO  server.RaftServerConfigKeys (ConfUtils.java:logGet(43)) - raft.server.log.queue.byte-limit = 2147483647 (custom)
2019-09-03 05:32:56,901 [pool-469-thread-1] INFO  server.RaftServerConfigKeys (ConfUtils.java:logGet(43)) - raft.server.log.queue.element-limit = 1024 (custom)
2019-09-03 05:32:56,901 [pool-469-thread-1] INFO  server.RaftServerConfigKeys (ConfUtils.java:logGet(43)) - raft.server.log.segment.size.max = 1048576 (custom)
2019-09-03 05:32:56,901 [pool-469-thread-1] INFO  server.RaftServerConfigKeys (ConfUtils.java:logGet(43)) - raft.server.log.preallocated.size = 16384 (custom)
2019-09-03 05:32:56,901 [pool-469-thread-1] INFO  server.RaftServerConfigKeys (ConfUtils.java:logGet(43)) - raft.server.log.write.buffer.size = 33554432 (custom)
2019-09-03 05:32:56,901 [pool-469-thread-1] INFO  server.RaftServerConfigKeys (ConfUtils.java:logGet(43)) - raft.server.log.force.sync.num = 128 (default)
2019-09-03 05:32:56,901 [pool-469-thread-1] INFO  server.RaftServerConfigKeys (ConfUtils.java:logGet(43)) - raft.server.log.statemachine.data.sync = true (default)
2019-09-03 05:32:56,902 [pool-469-thread-1] INFO  server.RaftServerConfigKeys (ConfUtils.java:logGet(43)) - raft.server.log.statemachine.data.sync.timeout = 10s (default)
2019-09-03 05:32:56,902 [pool-469-thread-1] INFO  server.RaftServerConfigKeys (ConfUtils.java:logGet(43)) - raft.server.log.statemachine.data.sync.timeout.retry = -1 (default)
2019-09-03 05:32:56,902 [pool-469-thread-1] INFO  server.RaftServerConfigKeys (ConfUtils.java:logGet(43)) - raft.server.log.statemachine.data.caching.enabled = true (custom)
2019-09-03 05:32:56,902 [pool-469-thread-1] INFO  segmented.SegmentedRaftLogWorker (SegmentedRaftLogWorker.java:lambda$new$0(132)) - 0ad13ca6-799a-4fe2-9b6a-50b87be8609f-SegmentedRaftLogWorker:Storage Directory /workdir/hadoop-ozone/integration-test/target/test-dir/MiniOzoneClusterImpl-c64d20cb-122d-47af-9bf2-d2da5c3556a3/datanode-6/data/ratis/a8492f76-982b-4b4c-a87c-96e98d57e3b5: flushIndex: setUnconditionally 0 -> -1
2019-09-03 05:32:56,902 [pool-469-thread-1] INFO  server.RaftServerConfigKeys (ConfUtils.java:logGet(43)) - raft.server.snapshot.auto.trigger.enabled = true (custom)
2019-09-03 05:32:56,903 [pool-469-thread-1] INFO  server.RaftServerConfigKeys (ConfUtils.java:logGet(43)) - raft.server.snapshot.auto.trigger.threshold = 10000 (custom)
2019-09-03 05:32:56,903 [pool-469-thread-1] INFO  server.RaftServerConfigKeys (ConfUtils.java:logGet(43)) - raft.server.retrycache.expirytime = 600000ms (custom)
2019-09-03 05:32:56,903 [pool-469-thread-1] INFO  impl.RaftServerImpl (RaftServerImpl.java:start(180)) - 0ad13ca6-799a-4fe2-9b6a-50b87be8609f: start group-96E98D57E3B5
2019-09-03 05:32:56,903 [pool-469-thread-1] INFO  impl.RaftServerImpl (RaftServerImpl.java:setRole(171)) - 0ad13ca6-799a-4fe2-9b6a-50b87be8609f:group-96E98D57E3B5 changes role from null to FOLLOWER at term 0 for startAsFollower
2019-09-03 05:32:56,903 [pool-469-thread-1] INFO  impl.RoleInfo (RoleInfo.java:updateAndGet(143)) - 0ad13ca6-799a-4fe2-9b6a-50b87be8609f: start FollowerState
2019-09-03 05:32:56,903 [pool-469-thread-1] INFO  util.JmxRegister (JmxRegister.java:tryRegister(44)) - Successfully registered JMX Bean with object name Ratis:service=RaftServer,group=group-96E98D57E3B5,id=0ad13ca6-799a-4fe2-9b6a-50b87be8609f
2019-09-03 05:32:56,908 [RatisPipelineUtilsThread] INFO  pipeline.PipelineStateManager (PipelineStateManager.java:addPipeline(56)) - Created pipeline Pipeline[ Id: a8492f76-982b-4b4c-a87c-96e98d57e3b5, Nodes: 0ad13ca6-799a-4fe2-9b6a-50b87be8609f{ip: 192.168.36.111, host: trunk-nightly-20190903-kd7j7-2804422064, networkLocation: /default-rack, certSerialId: null}, Type:RATIS, Factor:ONE, State:OPEN]
2019-09-03 05:32:56,921 [grpc-default-executor-10] INFO  impl.RaftServerProxy (RaftServerProxy.java:addNew(89)) - 504f24ee-e757-4027-92cd-9b6d310efdfe: addNew group-253DF9CF2DCA:[3714cff3-a07e-4f81-85d4-28a9b78918d9:192.168.36.111:36437, 3e2fd577-5016-4c18-a24a-a8dfce2a89c9:192.168.36.111:35956, 504f24ee-e757-4027-92cd-9b6d310efdfe:192.168.36.111:45241] returns group-253DF9CF2DCA:java.util.concurrent.CompletableFuture@413d13e8[Not completed]
2019-09-03 05:32:56,921 [grpc-default-executor-3] INFO  impl.RaftServerProxy (RaftServerProxy.java:addNew(89)) - 3e2fd577-5016-4c18-a24a-a8dfce2a89c9: addNew group-253DF9CF2DCA:[3714cff3-a07e-4f81-85d4-28a9b78918d9:192.168.36.111:36437, 3e2fd577-5016-4c18-a24a-a8dfce2a89c9:192.168.36.111:35956, 504f24ee-e757-4027-92cd-9b6d310efdfe:192.168.36.111:45241] returns group-253DF9CF2DCA:java.util.concurrent.CompletableFuture@703d9862[Not completed]
2019-09-03 05:32:56,924 [grpc-default-executor-10] INFO  impl.RaftServerProxy (RaftServerProxy.java:addNew(89)) - 3714cff3-a07e-4f81-85d4-28a9b78918d9: addNew group-253DF9CF2DCA:[3714cff3-a07e-4f81-85d4-28a9b78918d9:192.168.36.111:36437, 3e2fd577-5016-4c18-a24a-a8dfce2a89c9:192.168.36.111:35956, 504f24ee-e757-4027-92cd-9b6d310efdfe:192.168.36.111:45241] returns group-253DF9CF2DCA:java.util.concurrent.CompletableFuture@70f8c18a[Not completed]
2019-09-03 05:32:56,924 [pool-419-thread-1] INFO  impl.RaftServerImpl (RaftServerImpl.java:<init>(93)) - 504f24ee-e757-4027-92cd-9b6d310efdfe: new RaftServerImpl for group-253DF9CF2DCA:[3714cff3-a07e-4f81-85d4-28a9b78918d9:192.168.36.111:36437, 3e2fd577-5016-4c18-a24a-a8dfce2a89c9:192.168.36.111:35956, 504f24ee-e757-4027-92cd-9b6d310efdfe:192.168.36.111:45241] with ContainerStateMachine:uninitialized
2019-09-03 05:32:56,924 [pool-419-thread-1] INFO  server.RaftServerConfigKeys (ConfUtils.java:logGet(43)) - raft.server.rpc.timeout.min = 5s (custom)
2019-09-03 05:32:56,924 [pool-419-thread-1] INFO  server.RaftServerConfigKeys (ConfUtils.java:logGet(43)) - raft.server.rpc.timeout.max = 5200ms (custom)
2019-09-03 05:32:56,924 [pool-419-thread-1] INFO  server.RaftServerConfigKeys (ConfUtils.java:logGet(43)) - raft.server.rpcslowness.timeout = 120s (custom)
2019-09-03 05:32:56,925 [pool-419-thread-1] INFO  server.RaftServerConfigKeys (ConfUtils.java:logGet(43)) - raft.server.sleep.deviation.threshold = 300 (default)
2019-09-03 05:32:56,925 [pool-419-thread-1] INFO  server.RaftServerConfigKeys (ConfUtils.java:logGet(43)) - raft.server.log.appender.install.snapshot.enabled = false (custom)
2019-09-03 05:32:56,925 [pool-409-thread-1] INFO  impl.RaftServerImpl (RaftServerImpl.java:<init>(93)) - 3e2fd577-5016-4c18-a24a-a8dfce2a89c9: new RaftServerImpl for group-253DF9CF2DCA:[3714cff3-a07e-4f81-85d4-28a9b78918d9:192.168.36.111:36437, 3e2fd577-5016-4c18-a24a-a8dfce2a89c9:192.168.36.111:35956, 504f24ee-e757-4027-92cd-9b6d310efdfe:192.168.36.111:45241] with ContainerStateMachine:uninitialized
2019-09-03 05:32:56,925 [pool-419-thread-1] INFO  impl.RaftServerImpl (ServerState.java:<init>(105)) - 504f24ee-e757-4027-92cd-9b6d310efdfe:group-253DF9CF2DCA ConfigurationManager, init=-1: [3714cff3-a07e-4f81-85d4-28a9b78918d9:192.168.36.111:36437, 3e2fd577-5016-4c18-a24a-a8dfce2a89c9:192.168.36.111:35956, 504f24ee-e757-4027-92cd-9b6d310efdfe:192.168.36.111:45241], old=null, confs=<EMPTY_MAP>
2019-09-03 05:32:56,925 [pool-409-thread-1] INFO  server.RaftServerConfigKeys (ConfUtils.java:logGet(43)) - raft.server.rpc.timeout.min = 5s (custom)
2019-09-03 05:32:56,925 [pool-419-thread-1] INFO  server.RaftServerConfigKeys (ConfUtils.java:logGet(43)) - raft.server.storage.dir = [/workdir/hadoop-ozone/integration-test/target/test-dir/MiniOzoneClusterImpl-c64d20cb-122d-47af-9bf2-d2da5c3556a3/datanode-1/data/ratis] (custom)
2019-09-03 05:32:56,925 [pool-409-thread-1] INFO  server.RaftServerConfigKeys (ConfUtils.java:logGet(43)) - raft.server.rpc.timeout.max = 5200ms (custom)
2019-09-03 05:32:56,925 [pool-439-thread-1] INFO  impl.RaftServerImpl (RaftServerImpl.java:<init>(93)) - 3714cff3-a07e-4f81-85d4-28a9b78918d9: new RaftServerImpl for group-253DF9CF2DCA:[3714cff3-a07e-4f81-85d4-28a9b78918d9:192.168.36.111:36437, 3e2fd577-5016-4c18-a24a-a8dfce2a89c9:192.168.36.111:35956, 504f24ee-e757-4027-92cd-9b6d310efdfe:192.168.36.111:45241] with ContainerStateMachine:uninitialized
2019-09-03 05:32:56,925 [pool-419-thread-1] INFO  storage.RaftStorageDirectory (RaftStorageDirectory.java:analyzeStorage(246)) - The storage directory /workdir/hadoop-ozone/integration-test/target/test-dir/MiniOzoneClusterImpl-c64d20cb-122d-47af-9bf2-d2da5c3556a3/datanode-1/data/ratis/57bec98f-3362-41f4-9e01-253df9cf2dca does not exist. Creating ...
2019-09-03 05:32:56,925 [pool-409-thread-1] INFO  server.RaftServerConfigKeys (ConfUtils.java:logGet(43)) - raft.server.rpcslowness.timeout = 120s (custom)
2019-09-03 05:32:56,925 [pool-439-thread-1] INFO  server.RaftServerConfigKeys (ConfUtils.java:logGet(43)) - raft.server.rpc.timeout.min = 5s (custom)
2019-09-03 05:32:56,926 [pool-409-thread-1] INFO  server.RaftServerConfigKeys (ConfUtils.java:logGet(43)) - raft.server.sleep.deviation.threshold = 300 (default)
2019-09-03 05:32:56,926 [pool-439-thread-1] INFO  server.RaftServerConfigKeys (ConfUtils.java:logGet(43)) - raft.server.rpc.timeout.max = 5200ms (custom)
2019-09-03 05:32:56,926 [pool-409-thread-1] INFO  server.RaftServerConfigKeys (ConfUtils.java:logGet(43)) - raft.server.log.appender.install.snapshot.enabled = false (custom)
2019-09-03 05:32:56,926 [pool-439-thread-1] INFO  server.RaftServerConfigKeys (ConfUtils.java:logGet(43)) - raft.server.rpcslowness.timeout = 120s (custom)
2019-09-03 05:32:56,926 [pool-409-thread-1] INFO  impl.RaftServerImpl (ServerState.java:<init>(105)) - 3e2fd577-5016-4c18-a24a-a8dfce2a89c9:group-253DF9CF2DCA ConfigurationManager, init=-1: [3714cff3-a07e-4f81-85d4-28a9b78918d9:192.168.36.111:36437, 3e2fd577-5016-4c18-a24a-a8dfce2a89c9:192.168.36.111:35956, 504f24ee-e757-4027-92cd-9b6d310efdfe:192.168.36.111:45241], old=null, confs=<EMPTY_MAP>
2019-09-03 05:32:56,926 [pool-439-thread-1] INFO  server.RaftServerConfigKeys (ConfUtils.java:logGet(43)) - raft.server.sleep.deviation.threshold = 300 (default)
2019-09-03 05:32:56,926 [pool-409-thread-1] INFO  server.RaftServerConfigKeys (ConfUtils.java:logGet(43)) - raft.server.storage.dir = [/workdir/hadoop-ozone/integration-test/target/test-dir/MiniOzoneClusterImpl-c64d20cb-122d-47af-9bf2-d2da5c3556a3/datanode-0/data/ratis] (custom)
2019-09-03 05:32:56,926 [pool-439-thread-1] INFO  server.RaftServerConfigKeys (ConfUtils.java:logGet(43)) - raft.server.log.appender.install.snapshot.enabled = false (custom)
2019-09-03 05:32:56,927 [pool-439-thread-1] INFO  impl.RaftServerImpl (ServerState.java:<init>(105)) - 3714cff3-a07e-4f81-85d4-28a9b78918d9:group-253DF9CF2DCA ConfigurationManager, init=-1: [3714cff3-a07e-4f81-85d4-28a9b78918d9:192.168.36.111:36437, 3e2fd577-5016-4c18-a24a-a8dfce2a89c9:192.168.36.111:35956, 504f24ee-e757-4027-92cd-9b6d310efdfe:192.168.36.111:45241], old=null, confs=<EMPTY_MAP>
2019-09-03 05:32:56,927 [pool-409-thread-1] INFO  storage.RaftStorageDirectory (RaftStorageDirectory.java:analyzeStorage(246)) - The storage directory /workdir/hadoop-ozone/integration-test/target/test-dir/MiniOzoneClusterImpl-c64d20cb-122d-47af-9bf2-d2da5c3556a3/datanode-0/data/ratis/57bec98f-3362-41f4-9e01-253df9cf2dca does not exist. Creating ...
2019-09-03 05:32:56,927 [pool-439-thread-1] INFO  server.RaftServerConfigKeys (ConfUtils.java:logGet(43)) - raft.server.storage.dir = [/workdir/hadoop-ozone/integration-test/target/test-dir/MiniOzoneClusterImpl-c64d20cb-122d-47af-9bf2-d2da5c3556a3/datanode-3/data/ratis] (custom)
2019-09-03 05:32:56,927 [pool-439-thread-1] INFO  storage.RaftStorageDirectory (RaftStorageDirectory.java:analyzeStorage(246)) - The storage directory /workdir/hadoop-ozone/integration-test/target/test-dir/MiniOzoneClusterImpl-c64d20cb-122d-47af-9bf2-d2da5c3556a3/datanode-3/data/ratis/57bec98f-3362-41f4-9e01-253df9cf2dca does not exist. Creating ...
2019-09-03 05:32:56,939 [pool-409-thread-1] INFO  storage.RaftStorageDirectory (RaftStorageDirectory.java:tryLock(328)) - Lock on /workdir/hadoop-ozone/integration-test/target/test-dir/MiniOzoneClusterImpl-c64d20cb-122d-47af-9bf2-d2da5c3556a3/datanode-0/data/ratis/57bec98f-3362-41f4-9e01-253df9cf2dca/in_use.lock acquired by nodename 23236@trunk-nightly-20190903-kd7j7-2804422064
2019-09-03 05:32:56,939 [pool-439-thread-1] INFO  storage.RaftStorageDirectory (RaftStorageDirectory.java:tryLock(328)) - Lock on /workdir/hadoop-ozone/integration-test/target/test-dir/MiniOzoneClusterImpl-c64d20cb-122d-47af-9bf2-d2da5c3556a3/datanode-3/data/ratis/57bec98f-3362-41f4-9e01-253df9cf2dca/in_use.lock acquired by nodename 23236@trunk-nightly-20190903-kd7j7-2804422064
2019-09-03 05:32:56,939 [pool-419-thread-1] INFO  storage.RaftStorageDirectory (RaftStorageDirectory.java:tryLock(328)) - Lock on /workdir/hadoop-ozone/integration-test/target/test-dir/MiniOzoneClusterImpl-c64d20cb-122d-47af-9bf2-d2da5c3556a3/datanode-1/data/ratis/57bec98f-3362-41f4-9e01-253df9cf2dca/in_use.lock acquired by nodename 23236@trunk-nightly-20190903-kd7j7-2804422064
2019-09-03 05:32:56,953 [pool-419-thread-1] INFO  storage.RaftStorage (RaftStorage.java:format(72)) - Storage directory /workdir/hadoop-ozone/integration-test/target/test-dir/MiniOzoneClusterImpl-c64d20cb-122d-47af-9bf2-d2da5c3556a3/datanode-1/data/ratis/57bec98f-3362-41f4-9e01-253df9cf2dca has been successfully formatted.
2019-09-03 05:32:56,953 [pool-439-thread-1] INFO  storage.RaftStorage (RaftStorage.java:format(72)) - Storage directory /workdir/hadoop-ozone/integration-test/target/test-dir/MiniOzoneClusterImpl-c64d20cb-122d-47af-9bf2-d2da5c3556a3/datanode-3/data/ratis/57bec98f-3362-41f4-9e01-253df9cf2dca has been successfully formatted.
2019-09-03 05:32:56,953 [pool-409-thread-1] INFO  storage.RaftStorage (RaftStorage.java:format(72)) - Storage directory /workdir/hadoop-ozone/integration-test/target/test-dir/MiniOzoneClusterImpl-c64d20cb-122d-47af-9bf2-d2da5c3556a3/datanode-0/data/ratis/57bec98f-3362-41f4-9e01-253df9cf2dca has been successfully formatted.
2019-09-03 05:32:56,953 [pool-439-thread-1] INFO  ratis.ContainerStateMachine (ContainerStateMachine.java:loadSnapshot(227)) - group-253DF9CF2DCA: The snapshot info is null. Setting the last applied indexto:(t:0, i:~)
2019-09-03 05:32:56,953 [pool-419-thread-1] INFO  ratis.ContainerStateMachine (ContainerStateMachine.java:loadSnapshot(227)) - group-253DF9CF2DCA: The snapshot info is null. Setting the last applied indexto:(t:0, i:~)
2019-09-03 05:32:56,953 [pool-439-thread-1] INFO  server.RaftServerConfigKeys (ConfUtils.java:logGet(43)) - raft.server.leader.election.timeout = 120s (custom)
2019-09-03 05:32:56,953 [pool-409-thread-1] INFO  ratis.ContainerStateMachine (ContainerStateMachine.java:loadSnapshot(227)) - group-253DF9CF2DCA: The snapshot info is null. Setting the last applied indexto:(t:0, i:~)
2019-09-03 05:32:56,954 [pool-439-thread-1] INFO  server.RaftServerConfigKeys (ConfUtils.java:logGet(43)) - raft.server.log.use.memory = false (default)
2019-09-03 05:32:56,954 [pool-419-thread-1] INFO  server.RaftServerConfigKeys (ConfUtils.java:logGet(43)) - raft.server.leader.election.timeout = 120s (custom)
2019-09-03 05:32:56,954 [pool-439-thread-1] INFO  server.RaftServerConfigKeys (ConfUtils.java:logGet(43)) - raft.server.log.purge.gap = 1000000 (custom)
2019-09-03 05:32:56,954 [pool-409-thread-1] INFO  server.RaftServerConfigKeys (ConfUtils.java:logGet(43)) - raft.server.leader.election.timeout = 120s (custom)
2019-09-03 05:32:56,954 [pool-439-thread-1] INFO  server.RaftServerConfigKeys (ConfUtils.java:logGet(43)) - raft.server.log.appender.buffer.byte-limit = 33554432 (custom)
2019-09-03 05:32:56,954 [pool-419-thread-1] INFO  server.RaftServerConfigKeys (ConfUtils.java:logGet(43)) - raft.server.log.use.memory = false (default)
2019-09-03 05:32:56,955 [pool-439-thread-1] INFO  server.RaftServerConfigKeys (ConfUtils.java:logGet(43)) - raft.server.log.segment.size.max = 1048576 (custom)
2019-09-03 05:32:56,954 [pool-409-thread-1] INFO  server.RaftServerConfigKeys (ConfUtils.java:logGet(43)) - raft.server.log.use.memory = false (default)
2019-09-03 05:32:56,955 [pool-439-thread-1] INFO  server.RaftServerConfigKeys (ConfUtils.java:logGet(43)) - raft.server.log.segment.cache.num.max = 2 (custom)
2019-09-03 05:32:56,955 [pool-419-thread-1] INFO  server.RaftServerConfigKeys (ConfUtils.java:logGet(43)) - raft.server.log.purge.gap = 1000000 (custom)
2019-09-03 05:32:56,955 [pool-439-thread-1] INFO  segmented.SegmentedRaftLogWorker (SegmentedRaftLogWorker.java:<init>(172)) - new 3714cff3-a07e-4f81-85d4-28a9b78918d9-SegmentedRaftLogWorker:Storage Directory /workdir/hadoop-ozone/integration-test/target/test-dir/MiniOzoneClusterImpl-c64d20cb-122d-47af-9bf2-d2da5c3556a3/datanode-3/data/ratis/57bec98f-3362-41f4-9e01-253df9cf2dca for RaftStorage:Storage Directory /workdir/hadoop-ozone/integration-test/target/test-dir/MiniOzoneClusterImpl-c64d20cb-122d-47af-9bf2-d2da5c3556a3/datanode-3/data/ratis/57bec98f-3362-41f4-9e01-253df9cf2dca
2019-09-03 05:32:56,955 [pool-409-thread-1] INFO  server.RaftServerConfigKeys (ConfUtils.java:logGet(43)) - raft.server.log.purge.gap = 1000000 (custom)
2019-09-03 05:32:56,955 [pool-439-thread-1] INFO  server.RaftServerConfigKeys (ConfUtils.java:logGet(43)) - raft.server.log.queue.byte-limit = 2147483647 (custom)
2019-09-03 05:32:56,955 [pool-419-thread-1] INFO  server.RaftServerConfigKeys (ConfUtils.java:logGet(43)) - raft.server.log.appender.buffer.byte-limit = 33554432 (custom)
2019-09-03 05:32:56,956 [pool-439-thread-1] INFO  server.RaftServerConfigKeys (ConfUtils.java:logGet(43)) - raft.server.log.queue.element-limit = 1024 (custom)
2019-09-03 05:32:56,956 [pool-409-thread-1] INFO  server.RaftServerConfigKeys (ConfUtils.java:logGet(43)) - raft.server.log.appender.buffer.byte-limit = 33554432 (custom)
2019-09-03 05:32:56,956 [pool-439-thread-1] INFO  server.RaftServerConfigKeys (ConfUtils.java:logGet(43)) - raft.server.log.segment.size.max = 1048576 (custom)
2019-09-03 05:32:56,956 [pool-419-thread-1] INFO  server.RaftServerConfigKeys (ConfUtils.java:logGet(43)) - raft.server.log.segment.size.max = 1048576 (custom)
2019-09-03 05:32:56,956 [pool-439-thread-1] INFO  server.RaftServerConfigKeys (ConfUtils.java:logGet(43)) - raft.server.log.preallocated.size = 16384 (custom)
2019-09-03 05:32:56,956 [pool-409-thread-1] INFO  server.RaftServerConfigKeys (ConfUtils.java:logGet(43)) - raft.server.log.segment.size.max = 1048576 (custom)
2019-09-03 05:32:56,957 [pool-439-thread-1] INFO  server.RaftServerConfigKeys (ConfUtils.java:logGet(43)) - raft.server.log.write.buffer.size = 33554432 (custom)
2019-09-03 05:32:56,957 [pool-439-thread-1] INFO  server.RaftServerConfigKeys (ConfUtils.java:logGet(43)) - raft.server.log.force.sync.num = 128 (default)
2019-09-03 05:32:56,956 [pool-419-thread-1] INFO  server.RaftServerConfigKeys (ConfUtils.java:logGet(43)) - raft.server.log.segment.cache.num.max = 2 (custom)
2019-09-03 05:32:56,957 [pool-439-thread-1] INFO  server.RaftServerConfigKeys (ConfUtils.java:logGet(43)) - raft.server.log.statemachine.data.sync = true (default)
2019-09-03 05:32:56,957 [pool-409-thread-1] INFO  server.RaftServerConfigKeys (ConfUtils.java:logGet(43)) - raft.server.log.segment.cache.num.max = 2 (custom)
2019-09-03 05:32:56,957 [pool-439-thread-1] INFO  server.RaftServerConfigKeys (ConfUtils.java:logGet(43)) - raft.server.log.statemachine.data.sync.timeout = 10s (default)
2019-09-03 05:32:56,957 [pool-419-thread-1] INFO  segmented.SegmentedRaftLogWorker (SegmentedRaftLogWorker.java:<init>(172)) - new 504f24ee-e757-4027-92cd-9b6d310efdfe-SegmentedRaftLogWorker:Storage Directory /workdir/hadoop-ozone/integration-test/target/test-dir/MiniOzoneClusterImpl-c64d20cb-122d-47af-9bf2-d2da5c3556a3/datanode-1/data/ratis/57bec98f-3362-41f4-9e01-253df9cf2dca for RaftStorage:Storage Directory /workdir/hadoop-ozone/integration-test/target/test-dir/MiniOzoneClusterImpl-c64d20cb-122d-47af-9bf2-d2da5c3556a3/datanode-1/data/ratis/57bec98f-3362-41f4-9e01-253df9cf2dca
2019-09-03 05:32:56,958 [pool-439-thread-1] INFO  server.RaftServerConfigKeys (ConfUtils.java:logGet(43)) - raft.server.log.statemachine.data.sync.timeout.retry = -1 (default)
2019-09-03 05:32:56,958 [pool-409-thread-1] INFO  segmented.SegmentedRaftLogWorker (SegmentedRaftLogWorker.java:<init>(172)) - new 3e2fd577-5016-4c18-a24a-a8dfce2a89c9-SegmentedRaftLogWorker:Storage Directory /workdir/hadoop-ozone/integration-test/target/test-dir/MiniOzoneClusterImpl-c64d20cb-122d-47af-9bf2-d2da5c3556a3/datanode-0/data/ratis/57bec98f-3362-41f4-9e01-253df9cf2dca for RaftStorage:Storage Directory /workdir/hadoop-ozone/integration-test/target/test-dir/MiniOzoneClusterImpl-c64d20cb-122d-47af-9bf2-d2da5c3556a3/datanode-0/data/ratis/57bec98f-3362-41f4-9e01-253df9cf2dca
2019-09-03 05:32:56,958 [pool-439-thread-1] INFO  server.RaftServerConfigKeys (ConfUtils.java:logGet(43)) - raft.server.log.statemachine.data.caching.enabled = true (custom)
2019-09-03 05:32:56,958 [pool-419-thread-1] INFO  server.RaftServerConfigKeys (ConfUtils.java:logGet(43)) - raft.server.log.queue.byte-limit = 2147483647 (custom)
2019-09-03 05:32:56,958 [pool-409-thread-1] INFO  server.RaftServerConfigKeys (ConfUtils.java:logGet(43)) - raft.server.log.queue.byte-limit = 2147483647 (custom)
2019-09-03 05:32:56,958 [pool-439-thread-1] INFO  segmented.SegmentedRaftLogWorker (SegmentedRaftLogWorker.java:lambda$new$0(132)) - 3714cff3-a07e-4f81-85d4-28a9b78918d9-SegmentedRaftLogWorker:Storage Directory /workdir/hadoop-ozone/integration-test/target/test-dir/MiniOzoneClusterImpl-c64d20cb-122d-47af-9bf2-d2da5c3556a3/datanode-3/data/ratis/57bec98f-3362-41f4-9e01-253df9cf2dca: flushIndex: setUnconditionally 0 -> -1
2019-09-03 05:32:56,958 [pool-419-thread-1] INFO  server.RaftServerConfigKeys (ConfUtils.java:logGet(43)) - raft.server.log.queue.element-limit = 1024 (custom)
2019-09-03 05:32:56,959 [pool-409-thread-1] INFO  server.RaftServerConfigKeys (ConfUtils.java:logGet(43)) - raft.server.log.queue.element-limit = 1024 (custom)
2019-09-03 05:32:56,959 [pool-439-thread-1] INFO  server.RaftServerConfigKeys (ConfUtils.java:logGet(43)) - raft.server.snapshot.auto.trigger.enabled = true (custom)
2019-09-03 05:32:56,959 [pool-419-thread-1] INFO  server.RaftServerConfigKeys (ConfUtils.java:logGet(43)) - raft.server.log.segment.size.max = 1048576 (custom)
2019-09-03 05:32:56,959 [pool-439-thread-1] INFO  server.RaftServerConfigKeys (ConfUtils.java:logGet(43)) - raft.server.snapshot.auto.trigger.threshold = 10000 (custom)
2019-09-03 05:32:56,959 [pool-409-thread-1] INFO  server.RaftServerConfigKeys (ConfUtils.java:logGet(43)) - raft.server.log.segment.size.max = 1048576 (custom)
2019-09-03 05:32:56,959 [pool-439-thread-1] INFO  server.RaftServerConfigKeys (ConfUtils.java:logGet(43)) - raft.server.retrycache.expirytime = 600000ms (custom)
2019-09-03 05:32:56,959 [pool-419-thread-1] INFO  server.RaftServerConfigKeys (ConfUtils.java:logGet(43)) - raft.server.log.preallocated.size = 16384 (custom)
2019-09-03 05:32:56,960 [pool-439-thread-1] INFO  impl.RaftServerImpl (RaftServerImpl.java:start(180)) - 3714cff3-a07e-4f81-85d4-28a9b78918d9: start group-253DF9CF2DCA
2019-09-03 05:32:56,960 [pool-409-thread-1] INFO  server.RaftServerConfigKeys (ConfUtils.java:logGet(43)) - raft.server.log.preallocated.size = 16384 (custom)
2019-09-03 05:32:56,960 [pool-439-thread-1] INFO  impl.RaftServerImpl (RaftServerImpl.java:setRole(171)) - 3714cff3-a07e-4f81-85d4-28a9b78918d9:group-253DF9CF2DCA changes role from null to FOLLOWER at term 0 for startAsFollower
2019-09-03 05:32:56,960 [pool-419-thread-1] INFO  server.RaftServerConfigKeys (ConfUtils.java:logGet(43)) - raft.server.log.write.buffer.size = 33554432 (custom)
2019-09-03 05:32:56,960 [pool-439-thread-1] INFO  impl.RoleInfo (RoleInfo.java:updateAndGet(143)) - 3714cff3-a07e-4f81-85d4-28a9b78918d9: start FollowerState
2019-09-03 05:32:56,960 [pool-409-thread-1] INFO  server.RaftServerConfigKeys (ConfUtils.java:logGet(43)) - raft.server.log.write.buffer.size = 33554432 (custom)
2019-09-03 05:32:56,960 [pool-419-thread-1] INFO  server.RaftServerConfigKeys (ConfUtils.java:logGet(43)) - raft.server.log.force.sync.num = 128 (default)
2019-09-03 05:32:56,961 [pool-409-thread-1] INFO  server.RaftServerConfigKeys (ConfUtils.java:logGet(43)) - raft.server.log.force.sync.num = 128 (default)
2019-09-03 05:32:56,961 [pool-439-thread-1] INFO  util.JmxRegister (JmxRegister.java:tryRegister(44)) - Successfully registered JMX Bean with object name Ratis:service=RaftServer,group=group-253DF9CF2DCA,id=3714cff3-a07e-4f81-85d4-28a9b78918d9
2019-09-03 05:32:56,961 [pool-419-thread-1] INFO  server.RaftServerConfigKeys (ConfUtils.java:logGet(43)) - raft.server.log.statemachine.data.sync = true (default)
2019-09-03 05:32:56,961 [pool-409-thread-1] INFO  server.RaftServerConfigKeys (ConfUtils.java:logGet(43)) - raft.server.log.statemachine.data.sync = true (default)
2019-09-03 05:32:56,961 [pool-419-thread-1] INFO  server.RaftServerConfigKeys (ConfUtils.java:logGet(43)) - raft.server.log.statemachine.data.sync.timeout = 10s (default)
2019-09-03 05:32:56,961 [pool-409-thread-1] INFO  server.RaftServerConfigKeys (ConfUtils.java:logGet(43)) - raft.server.log.statemachine.data.sync.timeout = 10s (default)
2019-09-03 05:32:56,961 [pool-419-thread-1] INFO  server.RaftServerConfigKeys (ConfUtils.java:logGet(43)) - raft.server.log.statemachine.data.sync.timeout.retry = -1 (default)
2019-09-03 05:32:56,961 [pool-409-thread-1] INFO  server.RaftServerConfigKeys (ConfUtils.java:logGet(43)) - raft.server.log.statemachine.data.sync.timeout.retry = -1 (default)
2019-09-03 05:32:56,962 [pool-419-thread-1] INFO  server.RaftServerConfigKeys (ConfUtils.java:logGet(43)) - raft.server.log.statemachine.data.caching.enabled = true (custom)
2019-09-03 05:32:56,962 [pool-409-thread-1] INFO  server.RaftServerConfigKeys (ConfUtils.java:logGet(43)) - raft.server.log.statemachine.data.caching.enabled = true (custom)
2019-09-03 05:32:56,962 [pool-419-thread-1] INFO  segmented.SegmentedRaftLogWorker (SegmentedRaftLogWorker.java:lambda$new$0(132)) - 504f24ee-e757-4027-92cd-9b6d310efdfe-SegmentedRaftLogWorker:Storage Directory /workdir/hadoop-ozone/integration-test/target/test-dir/MiniOzoneClusterImpl-c64d20cb-122d-47af-9bf2-d2da5c3556a3/datanode-1/data/ratis/57bec98f-3362-41f4-9e01-253df9cf2dca: flushIndex: setUnconditionally 0 -> -1
2019-09-03 05:32:56,964 [pool-409-thread-1] INFO  segmented.SegmentedRaftLogWorker (SegmentedRaftLogWorker.java:lambda$new$0(132)) - 3e2fd577-5016-4c18-a24a-a8dfce2a89c9-SegmentedRaftLogWorker:Storage Directory /workdir/hadoop-ozone/integration-test/target/test-dir/MiniOzoneClusterImpl-c64d20cb-122d-47af-9bf2-d2da5c3556a3/datanode-0/data/ratis/57bec98f-3362-41f4-9e01-253df9cf2dca: flushIndex: setUnconditionally 0 -> -1
2019-09-03 05:32:56,964 [pool-419-thread-1] INFO  server.RaftServerConfigKeys (ConfUtils.java:logGet(43)) - raft.server.snapshot.auto.trigger.enabled = true (custom)
2019-09-03 05:32:56,965 [pool-419-thread-1] INFO  server.RaftServerConfigKeys (ConfUtils.java:logGet(43)) - raft.server.snapshot.auto.trigger.threshold = 10000 (custom)
2019-09-03 05:32:56,965 [pool-409-thread-1] INFO  server.RaftServerConfigKeys (ConfUtils.java:logGet(43)) - raft.server.snapshot.auto.trigger.enabled = true (custom)
2019-09-03 05:32:56,965 [pool-419-thread-1] INFO  server.RaftServerConfigKeys (ConfUtils.java:logGet(43)) - raft.server.retrycache.expirytime = 600000ms (custom)
2019-09-03 05:32:56,965 [pool-409-thread-1] INFO  server.RaftServerConfigKeys (ConfUtils.java:logGet(43)) - raft.server.snapshot.auto.trigger.threshold = 10000 (custom)
2019-09-03 05:32:56,965 [pool-419-thread-1] INFO  impl.RaftServerImpl (RaftServerImpl.java:start(180)) - 504f24ee-e757-4027-92cd-9b6d310efdfe: start group-253DF9CF2DCA
2019-09-03 05:32:56,965 [pool-409-thread-1] INFO  server.RaftServerConfigKeys (ConfUtils.java:logGet(43)) - raft.server.retrycache.expirytime = 600000ms (custom)
2019-09-03 05:32:56,965 [pool-419-thread-1] INFO  impl.RaftServerImpl (RaftServerImpl.java:setRole(171)) - 504f24ee-e757-4027-92cd-9b6d310efdfe:group-253DF9CF2DCA changes role from null to FOLLOWER at term 0 for startAsFollower
2019-09-03 05:32:56,965 [pool-409-thread-1] INFO  impl.RaftServerImpl (RaftServerImpl.java:start(180)) - 3e2fd577-5016-4c18-a24a-a8dfce2a89c9: start group-253DF9CF2DCA
2019-09-03 05:32:56,965 [pool-419-thread-1] INFO  impl.RoleInfo (RoleInfo.java:updateAndGet(143)) - 504f24ee-e757-4027-92cd-9b6d310efdfe: start FollowerState
2019-09-03 05:32:56,966 [pool-409-thread-1] INFO  impl.RaftServerImpl (RaftServerImpl.java:setRole(171)) - 3e2fd577-5016-4c18-a24a-a8dfce2a89c9:group-253DF9CF2DCA changes role from null to FOLLOWER at term 0 for startAsFollower
2019-09-03 05:32:56,966 [pool-409-thread-1] INFO  impl.RoleInfo (RoleInfo.java:updateAndGet(143)) - 3e2fd577-5016-4c18-a24a-a8dfce2a89c9: start FollowerState
2019-09-03 05:32:56,966 [pool-419-thread-1] INFO  util.JmxRegister (JmxRegister.java:tryRegister(44)) - Successfully registered JMX Bean with object name Ratis:service=RaftServer,group=group-253DF9CF2DCA,id=504f24ee-e757-4027-92cd-9b6d310efdfe
2019-09-03 05:32:56,966 [pool-409-thread-1] INFO  util.JmxRegister (JmxRegister.java:tryRegister(44)) - Successfully registered JMX Bean with object name Ratis:service=RaftServer,group=group-253DF9CF2DCA,id=3e2fd577-5016-4c18-a24a-a8dfce2a89c9
2019-09-03 05:32:56,972 [RatisPipelineUtilsThread] INFO  pipeline.PipelineStateManager (PipelineStateManager.java:addPipeline(56)) - Created pipeline Pipeline[ Id: 57bec98f-3362-41f4-9e01-253df9cf2dca, Nodes: 3e2fd577-5016-4c18-a24a-a8dfce2a89c9{ip: 192.168.36.111, host: trunk-nightly-20190903-kd7j7-2804422064, networkLocation: /default-rack, certSerialId: null}504f24ee-e757-4027-92cd-9b6d310efdfe{ip: 192.168.36.111, host: trunk-nightly-20190903-kd7j7-2804422064, networkLocation: /default-rack, certSerialId: null}3714cff3-a07e-4f81-85d4-28a9b78918d9{ip: 192.168.36.111, host: trunk-nightly-20190903-kd7j7-2804422064, networkLocation: /default-rack, certSerialId: null}, Type:RATIS, Factor:THREE, State:OPEN]
2019-09-03 05:32:56,985 [grpc-default-executor-10] INFO  impl.RaftServerProxy (RaftServerProxy.java:addNew(89)) - 50dc8b30-d557-42ae-aab0-254bd5a1602a: addNew group-4E40E472B458:[bdb17887-013a-4087-af28-f0cb81f209cd:192.168.36.111:35112, 50dc8b30-d557-42ae-aab0-254bd5a1602a:192.168.36.111:41881, fb4443fd-5719-4a39-bdba-b2bf0c721de4:192.168.36.111:41139] returns group-4E40E472B458:java.util.concurrent.CompletableFuture@8991c0f[Not completed]
2019-09-03 05:32:56,985 [grpc-default-executor-3] INFO  impl.RaftServerProxy (RaftServerProxy.java:addNew(89)) - fb4443fd-5719-4a39-bdba-b2bf0c721de4: addNew group-4E40E472B458:[bdb17887-013a-4087-af28-f0cb81f209cd:192.168.36.111:35112, 50dc8b30-d557-42ae-aab0-254bd5a1602a:192.168.36.111:41881, fb4443fd-5719-4a39-bdba-b2bf0c721de4:192.168.36.111:41139] returns group-4E40E472B458:java.util.concurrent.CompletableFuture@4e75586c[Not completed]
2019-09-03 05:32:56,985 [grpc-default-executor-8] INFO  impl.RaftServerProxy (RaftServerProxy.java:addNew(89)) - bdb17887-013a-4087-af28-f0cb81f209cd: addNew group-4E40E472B458:[bdb17887-013a-4087-af28-f0cb81f209cd:192.168.36.111:35112, 50dc8b30-d557-42ae-aab0-254bd5a1602a:192.168.36.111:41881, fb4443fd-5719-4a39-bdba-b2bf0c721de4:192.168.36.111:41139] returns group-4E40E472B458:java.util.concurrent.CompletableFuture@37b263a8[Not completed]
2019-09-03 05:32:56,986 [pool-449-thread-1] INFO  impl.RaftServerImpl (RaftServerImpl.java:<init>(93)) - 50dc8b30-d557-42ae-aab0-254bd5a1602a: new RaftServerImpl for group-4E40E472B458:[bdb17887-013a-4087-af28-f0cb81f209cd:192.168.36.111:35112, 50dc8b30-d557-42ae-aab0-254bd5a1602a:192.168.36.111:41881, fb4443fd-5719-4a39-bdba-b2bf0c721de4:192.168.36.111:41139] with ContainerStateMachine:uninitialized
2019-09-03 05:32:56,986 [pool-449-thread-1] INFO  server.RaftServerConfigKeys (ConfUtils.java:logGet(43)) - raft.server.rpc.timeout.min = 5s (custom)
2019-09-03 05:32:56,986 [pool-449-thread-1] INFO  server.RaftServerConfigKeys (ConfUtils.java:logGet(43)) - raft.server.rpc.timeout.max = 5200ms (custom)
2019-09-03 05:32:56,986 [pool-449-thread-1] INFO  server.RaftServerConfigKeys (ConfUtils.java:logGet(43)) - raft.server.rpcslowness.timeout = 120s (custom)
2019-09-03 05:32:56,986 [pool-449-thread-1] INFO  server.RaftServerConfigKeys (ConfUtils.java:logGet(43)) - raft.server.sleep.deviation.threshold = 300 (default)
2019-09-03 05:32:56,986 [pool-449-thread-1] INFO  server.RaftServerConfigKeys (ConfUtils.java:logGet(43)) - raft.server.log.appender.install.snapshot.enabled = false (custom)
2019-09-03 05:32:56,987 [pool-429-thread-1] INFO  impl.RaftServerImpl (RaftServerImpl.java:<init>(93)) - bdb17887-013a-4087-af28-f0cb81f209cd: new RaftServerImpl for group-4E40E472B458:[bdb17887-013a-4087-af28-f0cb81f209cd:192.168.36.111:35112, 50dc8b30-d557-42ae-aab0-254bd5a1602a:192.168.36.111:41881, fb4443fd-5719-4a39-bdba-b2bf0c721de4:192.168.36.111:41139] with ContainerStateMachine:uninitialized
2019-09-03 05:32:56,987 [pool-449-thread-1] INFO  impl.RaftServerImpl (ServerState.java:<init>(105)) - 50dc8b30-d557-42ae-aab0-254bd5a1602a:group-4E40E472B458 ConfigurationManager, init=-1: [bdb17887-013a-4087-af28-f0cb81f209cd:192.168.36.111:35112, 50dc8b30-d557-42ae-aab0-254bd5a1602a:192.168.36.111:41881, fb4443fd-5719-4a39-bdba-b2bf0c721de4:192.168.36.111:41139], old=null, confs=<EMPTY_MAP>
2019-09-03 05:32:56,987 [pool-429-thread-1] INFO  server.RaftServerConfigKeys (ConfUtils.java:logGet(43)) - raft.server.rpc.timeout.min = 5s (custom)
2019-09-03 05:32:56,987 [pool-449-thread-1] INFO  server.RaftServerConfigKeys (ConfUtils.java:logGet(43)) - raft.server.storage.dir = [/workdir/hadoop-ozone/integration-test/target/test-dir/MiniOzoneClusterImpl-c64d20cb-122d-47af-9bf2-d2da5c3556a3/datanode-4/data/ratis] (custom)
2019-09-03 05:32:56,987 [pool-429-thread-1] INFO  server.RaftServerConfigKeys (ConfUtils.java:logGet(43)) - raft.server.rpc.timeout.max = 5200ms (custom)
2019-09-03 05:32:56,987 [pool-459-thread-1] INFO  impl.RaftServerImpl (RaftServerImpl.java:<init>(93)) - fb4443fd-5719-4a39-bdba-b2bf0c721de4: new RaftServerImpl for group-4E40E472B458:[bdb17887-013a-4087-af28-f0cb81f209cd:192.168.36.111:35112, 50dc8b30-d557-42ae-aab0-254bd5a1602a:192.168.36.111:41881, fb4443fd-5719-4a39-bdba-b2bf0c721de4:192.168.36.111:41139] with ContainerStateMachine:uninitialized
2019-09-03 05:32:56,987 [pool-429-thread-1] INFO  server.RaftServerConfigKeys (ConfUtils.java:logGet(43)) - raft.server.rpcslowness.timeout = 120s (custom)
2019-09-03 05:32:56,987 [pool-449-thread-1] INFO  storage.RaftStorageDirectory (RaftStorageDirectory.java:analyzeStorage(246)) - The storage directory /workdir/hadoop-ozone/integration-test/target/test-dir/MiniOzoneClusterImpl-c64d20cb-122d-47af-9bf2-d2da5c3556a3/datanode-4/data/ratis/5462a4e0-72fa-49a7-bd86-4e40e472b458 does not exist. Creating ...
2019-09-03 05:32:56,987 [pool-429-thread-1] INFO  server.RaftServerConfigKeys (ConfUtils.java:logGet(43)) - raft.server.sleep.deviation.threshold = 300 (default)
2019-09-03 05:32:56,988 [pool-429-thread-1] INFO  server.RaftServerConfigKeys (ConfUtils.java:logGet(43)) - raft.server.log.appender.install.snapshot.enabled = false (custom)
2019-09-03 05:32:56,987 [pool-459-thread-1] INFO  server.RaftServerConfigKeys (ConfUtils.java:logGet(43)) - raft.server.rpc.timeout.min = 5s (custom)
2019-09-03 05:32:56,988 [pool-429-thread-1] INFO  impl.RaftServerImpl (ServerState.java:<init>(105)) - bdb17887-013a-4087-af28-f0cb81f209cd:group-4E40E472B458 ConfigurationManager, init=-1: [bdb17887-013a-4087-af28-f0cb81f209cd:192.168.36.111:35112, 50dc8b30-d557-42ae-aab0-254bd5a1602a:192.168.36.111:41881, fb4443fd-5719-4a39-bdba-b2bf0c721de4:192.168.36.111:41139], old=null, confs=<EMPTY_MAP>
2019-09-03 05:32:56,988 [pool-459-thread-1] INFO  server.RaftServerConfigKeys (ConfUtils.java:logGet(43)) - raft.server.rpc.timeout.max = 5200ms (custom)
2019-09-03 05:32:56,988 [pool-429-thread-1] INFO  server.RaftServerConfigKeys (ConfUtils.java:logGet(43)) - raft.server.storage.dir = [/workdir/hadoop-ozone/integration-test/target/test-dir/MiniOzoneClusterImpl-c64d20cb-122d-47af-9bf2-d2da5c3556a3/datanode-2/data/ratis] (custom)
2019-09-03 05:32:56,988 [pool-459-thread-1] INFO  server.RaftServerConfigKeys (ConfUtils.java:logGet(43)) - raft.server.rpcslowness.timeout = 120s (custom)
2019-09-03 05:32:56,988 [pool-459-thread-1] INFO  server.RaftServerConfigKeys (ConfUtils.java:logGet(43)) - raft.server.sleep.deviation.threshold = 300 (default)
2019-09-03 05:32:56,989 [pool-459-thread-1] INFO  server.RaftServerConfigKeys (ConfUtils.java:logGet(43)) - raft.server.log.appender.install.snapshot.enabled = false (custom)
2019-09-03 05:32:56,989 [pool-429-thread-1] INFO  storage.RaftStorageDirectory (RaftStorageDirectory.java:analyzeStorage(246)) - The storage directory /workdir/hadoop-ozone/integration-test/target/test-dir/MiniOzoneClusterImpl-c64d20cb-122d-47af-9bf2-d2da5c3556a3/datanode-2/data/ratis/5462a4e0-72fa-49a7-bd86-4e40e472b458 does not exist. Creating ...
2019-09-03 05:32:56,989 [pool-459-thread-1] INFO  impl.RaftServerImpl (ServerState.java:<init>(105)) - fb4443fd-5719-4a39-bdba-b2bf0c721de4:group-4E40E472B458 ConfigurationManager, init=-1: [bdb17887-013a-4087-af28-f0cb81f209cd:192.168.36.111:35112, 50dc8b30-d557-42ae-aab0-254bd5a1602a:192.168.36.111:41881, fb4443fd-5719-4a39-bdba-b2bf0c721de4:192.168.36.111:41139], old=null, confs=<EMPTY_MAP>
2019-09-03 05:32:56,989 [pool-459-thread-1] INFO  server.RaftServerConfigKeys (ConfUtils.java:logGet(43)) - raft.server.storage.dir = [/workdir/hadoop-ozone/integration-test/target/test-dir/MiniOzoneClusterImpl-c64d20cb-122d-47af-9bf2-d2da5c3556a3/datanode-5/data/ratis] (custom)
2019-09-03 05:32:56,989 [pool-459-thread-1] INFO  storage.RaftStorageDirectory (RaftStorageDirectory.java:analyzeStorage(246)) - The storage directory /workdir/hadoop-ozone/integration-test/target/test-dir/MiniOzoneClusterImpl-c64d20cb-122d-47af-9bf2-d2da5c3556a3/datanode-5/data/ratis/5462a4e0-72fa-49a7-bd86-4e40e472b458 does not exist. Creating ...
2019-09-03 05:32:57,001 [pool-429-thread-1] INFO  storage.RaftStorageDirectory (RaftStorageDirectory.java:tryLock(328)) - Lock on /workdir/hadoop-ozone/integration-test/target/test-dir/MiniOzoneClusterImpl-c64d20cb-122d-47af-9bf2-d2da5c3556a3/datanode-2/data/ratis/5462a4e0-72fa-49a7-bd86-4e40e472b458/in_use.lock acquired by nodename 23236@trunk-nightly-20190903-kd7j7-2804422064
2019-09-03 05:32:57,001 [pool-449-thread-1] INFO  storage.RaftStorageDirectory (RaftStorageDirectory.java:tryLock(328)) - Lock on /workdir/hadoop-ozone/integration-test/target/test-dir/MiniOzoneClusterImpl-c64d20cb-122d-47af-9bf2-d2da5c3556a3/datanode-4/data/ratis/5462a4e0-72fa-49a7-bd86-4e40e472b458/in_use.lock acquired by nodename 23236@trunk-nightly-20190903-kd7j7-2804422064
2019-09-03 05:32:57,001 [pool-459-thread-1] INFO  storage.RaftStorageDirectory (RaftStorageDirectory.java:tryLock(328)) - Lock on /workdir/hadoop-ozone/integration-test/target/test-dir/MiniOzoneClusterImpl-c64d20cb-122d-47af-9bf2-d2da5c3556a3/datanode-5/data/ratis/5462a4e0-72fa-49a7-bd86-4e40e472b458/in_use.lock acquired by nodename 23236@trunk-nightly-20190903-kd7j7-2804422064
2019-09-03 05:32:57,020 [pool-449-thread-1] INFO  storage.RaftStorage (RaftStorage.java:format(72)) - Storage directory /workdir/hadoop-ozone/integration-test/target/test-dir/MiniOzoneClusterImpl-c64d20cb-122d-47af-9bf2-d2da5c3556a3/datanode-4/data/ratis/5462a4e0-72fa-49a7-bd86-4e40e472b458 has been successfully formatted.
2019-09-03 05:32:57,021 [pool-459-thread-1] INFO  storage.RaftStorage (RaftStorage.java:format(72)) - Storage directory /workdir/hadoop-ozone/integration-test/target/test-dir/MiniOzoneClusterImpl-c64d20cb-122d-47af-9bf2-d2da5c3556a3/datanode-5/data/ratis/5462a4e0-72fa-49a7-bd86-4e40e472b458 has been successfully formatted.
2019-09-03 05:32:57,020 [pool-429-thread-1] INFO  storage.RaftStorage (RaftStorage.java:format(72)) - Storage directory /workdir/hadoop-ozone/integration-test/target/test-dir/MiniOzoneClusterImpl-c64d20cb-122d-47af-9bf2-d2da5c3556a3/datanode-2/data/ratis/5462a4e0-72fa-49a7-bd86-4e40e472b458 has been successfully formatted.
2019-09-03 05:32:57,021 [pool-459-thread-1] INFO  ratis.ContainerStateMachine (ContainerStateMachine.java:loadSnapshot(227)) - group-4E40E472B458: The snapshot info is null. Setting the last applied indexto:(t:0, i:~)
2019-09-03 05:32:57,021 [pool-449-thread-1] INFO  ratis.ContainerStateMachine (ContainerStateMachine.java:loadSnapshot(227)) - group-4E40E472B458: The snapshot info is null. Setting the last applied indexto:(t:0, i:~)
2019-09-03 05:32:57,021 [pool-459-thread-1] INFO  server.RaftServerConfigKeys (ConfUtils.java:logGet(43)) - raft.server.leader.election.timeout = 120s (custom)
2019-09-03 05:32:57,021 [pool-429-thread-1] INFO  ratis.ContainerStateMachine (ContainerStateMachine.java:loadSnapshot(227)) - group-4E40E472B458: The snapshot info is null. Setting the last applied indexto:(t:0, i:~)
2019-09-03 05:32:57,021 [pool-459-thread-1] INFO  server.RaftServerConfigKeys (ConfUtils.java:logGet(43)) - raft.server.log.use.memory = false (default)
2019-09-03 05:32:57,021 [pool-449-thread-1] INFO  server.RaftServerConfigKeys (ConfUtils.java:logGet(43)) - raft.server.leader.election.timeout = 120s (custom)
2019-09-03 05:32:57,022 [pool-459-thread-1] INFO  server.RaftServerConfigKeys (ConfUtils.java:logGet(43)) - raft.server.log.purge.gap = 1000000 (custom)
2019-09-03 05:32:57,021 [pool-429-thread-1] INFO  server.RaftServerConfigKeys (ConfUtils.java:logGet(43)) - raft.server.leader.election.timeout = 120s (custom)
2019-09-03 05:32:57,022 [pool-459-thread-1] INFO  server.RaftServerConfigKeys (ConfUtils.java:logGet(43)) - raft.server.log.appender.buffer.byte-limit = 33554432 (custom)
2019-09-03 05:32:57,022 [pool-449-thread-1] INFO  server.RaftServerConfigKeys (ConfUtils.java:logGet(43)) - raft.server.log.use.memory = false (default)
2019-09-03 05:32:57,022 [pool-459-thread-1] INFO  server.RaftServerConfigKeys (ConfUtils.java:logGet(43)) - raft.server.log.segment.size.max = 1048576 (custom)
2019-09-03 05:32:57,022 [pool-429-thread-1] INFO  server.RaftServerConfigKeys (ConfUtils.java:logGet(43)) - raft.server.log.use.memory = false (default)
2019-09-03 05:32:57,022 [pool-459-thread-1] INFO  server.RaftServerConfigKeys (ConfUtils.java:logGet(43)) - raft.server.log.segment.cache.num.max = 2 (custom)
2019-09-03 05:32:57,022 [pool-449-thread-1] INFO  server.RaftServerConfigKeys (ConfUtils.java:logGet(43)) - raft.server.log.purge.gap = 1000000 (custom)
2019-09-03 05:32:57,023 [pool-459-thread-1] INFO  segmented.SegmentedRaftLogWorker (SegmentedRaftLogWorker.java:<init>(172)) - new fb4443fd-5719-4a39-bdba-b2bf0c721de4-SegmentedRaftLogWorker:Storage Directory /workdir/hadoop-ozone/integration-test/target/test-dir/MiniOzoneClusterImpl-c64d20cb-122d-47af-9bf2-d2da5c3556a3/datanode-5/data/ratis/5462a4e0-72fa-49a7-bd86-4e40e472b458 for RaftStorage:Storage Directory /workdir/hadoop-ozone/integration-test/target/test-dir/MiniOzoneClusterImpl-c64d20cb-122d-47af-9bf2-d2da5c3556a3/datanode-5/data/ratis/5462a4e0-72fa-49a7-bd86-4e40e472b458
2019-09-03 05:32:57,023 [pool-429-thread-1] INFO  server.RaftServerConfigKeys (ConfUtils.java:logGet(43)) - raft.server.log.purge.gap = 1000000 (custom)
2019-09-03 05:32:57,023 [pool-459-thread-1] INFO  server.RaftServerConfigKeys (ConfUtils.java:logGet(43)) - raft.server.log.queue.byte-limit = 2147483647 (custom)
2019-09-03 05:32:57,023 [pool-449-thread-1] INFO  server.RaftServerConfigKeys (ConfUtils.java:logGet(43)) - raft.server.log.appender.buffer.byte-limit = 33554432 (custom)
2019-09-03 05:32:57,023 [pool-459-thread-1] INFO  server.RaftServerConfigKeys (ConfUtils.java:logGet(43)) - raft.server.log.queue.element-limit = 1024 (custom)
2019-09-03 05:32:57,023 [pool-429-thread-1] INFO  server.RaftServerConfigKeys (ConfUtils.java:logGet(43)) - raft.server.log.appender.buffer.byte-limit = 33554432 (custom)
2019-09-03 05:32:57,023 [pool-459-thread-1] INFO  server.RaftServerConfigKeys (ConfUtils.java:logGet(43)) - raft.server.log.segment.size.max = 1048576 (custom)
2019-09-03 05:32:57,023 [pool-449-thread-1] INFO  server.RaftServerConfigKeys (ConfUtils.java:logGet(43)) - raft.server.log.segment.size.max = 1048576 (custom)
2019-09-03 05:32:57,024 [pool-459-thread-1] INFO  server.RaftServerConfigKeys (ConfUtils.java:logGet(43)) - raft.server.log.preallocated.size = 16384 (custom)
2019-09-03 05:32:57,024 [pool-429-thread-1] INFO  server.RaftServerConfigKeys (ConfUtils.java:logGet(43)) - raft.server.log.segment.size.max = 1048576 (custom)
2019-09-03 05:32:57,024 [pool-459-thread-1] INFO  server.RaftServerConfigKeys (ConfUtils.java:logGet(43)) - raft.server.log.write.buffer.size = 33554432 (custom)
2019-09-03 05:32:57,024 [pool-449-thread-1] INFO  server.RaftServerConfigKeys (ConfUtils.java:logGet(43)) - raft.server.log.segment.cache.num.max = 2 (custom)
2019-09-03 05:32:57,024 [pool-459-thread-1] INFO  server.RaftServerConfigKeys (ConfUtils.java:logGet(43)) - raft.server.log.force.sync.num = 128 (default)
2019-09-03 05:32:57,024 [pool-429-thread-1] INFO  server.RaftServerConfigKeys (ConfUtils.java:logGet(43)) - raft.server.log.segment.cache.num.max = 2 (custom)
2019-09-03 05:32:57,024 [pool-459-thread-1] INFO  server.RaftServerConfigKeys (ConfUtils.java:logGet(43)) - raft.server.log.statemachine.data.sync = true (default)
2019-09-03 05:32:57,024 [pool-449-thread-1] INFO  segmented.SegmentedRaftLogWorker (SegmentedRaftLogWorker.java:<init>(172)) - new 50dc8b30-d557-42ae-aab0-254bd5a1602a-SegmentedRaftLogWorker:Storage Directory /workdir/hadoop-ozone/integration-test/target/test-dir/MiniOzoneClusterImpl-c64d20cb-122d-47af-9bf2-d2da5c3556a3/datanode-4/data/ratis/5462a4e0-72fa-49a7-bd86-4e40e472b458 for RaftStorage:Storage Directory /workdir/hadoop-ozone/integration-test/target/test-dir/MiniOzoneClusterImpl-c64d20cb-122d-47af-9bf2-d2da5c3556a3/datanode-4/data/ratis/5462a4e0-72fa-49a7-bd86-4e40e472b458
2019-09-03 05:32:57,025 [pool-459-thread-1] INFO  server.RaftServerConfigKeys (ConfUtils.java:logGet(43)) - raft.server.log.statemachine.data.sync.timeout = 10s (default)
2019-09-03 05:32:57,025 [pool-429-thread-1] INFO  segmented.SegmentedRaftLogWorker (SegmentedRaftLogWorker.java:<init>(172)) - new bdb17887-013a-4087-af28-f0cb81f209cd-SegmentedRaftLogWorker:Storage Directory /workdir/hadoop-ozone/integration-test/target/test-dir/MiniOzoneClusterImpl-c64d20cb-122d-47af-9bf2-d2da5c3556a3/datanode-2/data/ratis/5462a4e0-72fa-49a7-bd86-4e40e472b458 for RaftStorage:Storage Directory /workdir/hadoop-ozone/integration-test/target/test-dir/MiniOzoneClusterImpl-c64d20cb-122d-47af-9bf2-d2da5c3556a3/datanode-2/data/ratis/5462a4e0-72fa-49a7-bd86-4e40e472b458
2019-09-03 05:32:57,025 [pool-459-thread-1] INFO  server.RaftServerConfigKeys (ConfUtils.java:logGet(43)) - raft.server.log.statemachine.data.sync.timeout.retry = -1 (default)
2019-09-03 05:32:57,025 [pool-449-thread-1] INFO  server.RaftServerConfigKeys (ConfUtils.java:logGet(43)) - raft.server.log.queue.byte-limit = 2147483647 (custom)
2019-09-03 05:32:57,025 [pool-459-thread-1] INFO  server.RaftServerConfigKeys (ConfUtils.java:logGet(43)) - raft.server.log.statemachine.data.caching.enabled = true (custom)
2019-09-03 05:32:57,025 [pool-449-thread-1] INFO  server.RaftServerConfigKeys (ConfUtils.java:logGet(43)) - raft.server.log.queue.element-limit = 1024 (custom)
2019-09-03 05:32:57,025 [pool-429-thread-1] INFO  server.RaftServerConfigKeys (ConfUtils.java:logGet(43)) - raft.server.log.queue.byte-limit = 2147483647 (custom)
2019-09-03 05:32:57,026 [pool-459-thread-1] INFO  segmented.SegmentedRaftLogWorker (SegmentedRaftLogWorker.java:lambda$new$0(132)) - fb4443fd-5719-4a39-bdba-b2bf0c721de4-SegmentedRaftLogWorker:Storage Directory /workdir/hadoop-ozone/integration-test/target/test-dir/MiniOzoneClusterImpl-c64d20cb-122d-47af-9bf2-d2da5c3556a3/datanode-5/data/ratis/5462a4e0-72fa-49a7-bd86-4e40e472b458: flushIndex: setUnconditionally 0 -> -1
2019-09-03 05:32:57,026 [pool-449-thread-1] INFO  server.RaftServerConfigKeys (ConfUtils.java:logGet(43)) - raft.server.log.segment.size.max = 1048576 (custom)
2019-09-03 05:32:57,026 [pool-429-thread-1] INFO  server.RaftServerConfigKeys (ConfUtils.java:logGet(43)) - raft.server.log.queue.element-limit = 1024 (custom)
2019-09-03 05:32:57,026 [pool-459-thread-1] INFO  server.RaftServerConfigKeys (ConfUtils.java:logGet(43)) - raft.server.snapshot.auto.trigger.enabled = true (custom)
2019-09-03 05:32:57,026 [pool-449-thread-1] INFO  server.RaftServerConfigKeys (ConfUtils.java:logGet(43)) - raft.server.log.preallocated.size = 16384 (custom)
2019-09-03 05:32:57,026 [pool-459-thread-1] INFO  server.RaftServerConfigKeys (ConfUtils.java:logGet(43)) - raft.server.snapshot.auto.trigger.threshold = 10000 (custom)
2019-09-03 05:32:57,026 [pool-429-thread-1] INFO  server.RaftServerConfigKeys (ConfUtils.java:logGet(43)) - raft.server.log.segment.size.max = 1048576 (custom)
2019-09-03 05:32:57,026 [pool-459-thread-1] INFO  server.RaftServerConfigKeys (ConfUtils.java:logGet(43)) - raft.server.retrycache.expirytime = 600000ms (custom)
2019-09-03 05:32:57,026 [pool-449-thread-1] INFO  server.RaftServerConfigKeys (ConfUtils.java:logGet(43)) - raft.server.log.write.buffer.size = 33554432 (custom)
2019-09-03 05:32:57,027 [pool-429-thread-1] INFO  server.RaftServerConfigKeys (ConfUtils.java:logGet(43)) - raft.server.log.preallocated.size = 16384 (custom)
2019-09-03 05:32:57,027 [pool-459-thread-1] INFO  impl.RaftServerImpl (RaftServerImpl.java:start(180)) - fb4443fd-5719-4a39-bdba-b2bf0c721de4: start group-4E40E472B458
2019-09-03 05:32:57,027 [pool-449-thread-1] INFO  server.RaftServerConfigKeys (ConfUtils.java:logGet(43)) - raft.server.log.force.sync.num = 128 (default)
2019-09-03 05:32:57,027 [pool-459-thread-1] INFO  impl.RaftServerImpl (RaftServerImpl.java:setRole(171)) - fb4443fd-5719-4a39-bdba-b2bf0c721de4:group-4E40E472B458 changes role from null to FOLLOWER at term 0 for startAsFollower
2019-09-03 05:32:57,027 [pool-429-thread-1] INFO  server.RaftServerConfigKeys (ConfUtils.java:logGet(43)) - raft.server.log.write.buffer.size = 33554432 (custom)
2019-09-03 05:32:57,027 [pool-459-thread-1] INFO  impl.RoleInfo (RoleInfo.java:updateAndGet(143)) - fb4443fd-5719-4a39-bdba-b2bf0c721de4: start FollowerState
2019-09-03 05:32:57,027 [pool-449-thread-1] INFO  server.RaftServerConfigKeys (ConfUtils.java:logGet(43)) - raft.server.log.statemachine.data.sync = true (default)
2019-09-03 05:32:57,027 [pool-429-thread-1] INFO  server.RaftServerConfigKeys (ConfUtils.java:logGet(43)) - raft.server.log.force.sync.num = 128 (default)
2019-09-03 05:32:57,028 [pool-449-thread-1] INFO  server.RaftServerConfigKeys (ConfUtils.java:logGet(43)) - raft.server.log.statemachine.data.sync.timeout = 10s (default)
2019-09-03 05:32:57,028 [pool-459-thread-1] INFO  util.JmxRegister (JmxRegister.java:tryRegister(44)) - Successfully registered JMX Bean with object name Ratis:service=RaftServer,group=group-4E40E472B458,id=fb4443fd-5719-4a39-bdba-b2bf0c721de4
2019-09-03 05:32:57,028 [pool-449-thread-1] INFO  server.RaftServerConfigKeys (ConfUtils.java:logGet(43)) - raft.server.log.statemachine.data.sync.timeout.retry = -1 (default)
2019-09-03 05:32:57,028 [pool-429-thread-1] INFO  server.RaftServerConfigKeys (ConfUtils.java:logGet(43)) - raft.server.log.statemachine.data.sync = true (default)
2019-09-03 05:32:57,028 [pool-449-thread-1] INFO  server.RaftServerConfigKeys (ConfUtils.java:logGet(43)) - raft.server.log.statemachine.data.caching.enabled = true (custom)
2019-09-03 05:32:57,028 [pool-429-thread-1] INFO  server.RaftServerConfigKeys (ConfUtils.java:logGet(43)) - raft.server.log.statemachine.data.sync.timeout = 10s (default)
2019-09-03 05:32:57,028 [pool-449-thread-1] INFO  segmented.SegmentedRaftLogWorker (SegmentedRaftLogWorker.java:lambda$new$0(132)) - 50dc8b30-d557-42ae-aab0-254bd5a1602a-SegmentedRaftLogWorker:Storage Directory /workdir/hadoop-ozone/integration-test/target/test-dir/MiniOzoneClusterImpl-c64d20cb-122d-47af-9bf2-d2da5c3556a3/datanode-4/data/ratis/5462a4e0-72fa-49a7-bd86-4e40e472b458: flushIndex: setUnconditionally 0 -> -1
2019-09-03 05:32:57,028 [pool-429-thread-1] INFO  server.RaftServerConfigKeys (ConfUtils.java:logGet(43)) - raft.server.log.statemachine.data.sync.timeout.retry = -1 (default)
2019-09-03 05:32:57,029 [pool-449-thread-1] INFO  server.RaftServerConfigKeys (ConfUtils.java:logGet(43)) - raft.server.snapshot.auto.trigger.enabled = true (custom)
2019-09-03 05:32:57,029 [pool-429-thread-1] INFO  server.RaftServerConfigKeys (ConfUtils.java:logGet(43)) - raft.server.log.statemachine.data.caching.enabled = true (custom)
2019-09-03 05:32:57,029 [pool-449-thread-1] INFO  server.RaftServerConfigKeys (ConfUtils.java:logGet(43)) - raft.server.snapshot.auto.trigger.threshold = 10000 (custom)
2019-09-03 05:32:57,029 [pool-449-thread-1] INFO  server.RaftServerConfigKeys (ConfUtils.java:logGet(43)) - raft.server.retrycache.expirytime = 600000ms (custom)
2019-09-03 05:32:57,029 [pool-429-thread-1] INFO  segmented.SegmentedRaftLogWorker (SegmentedRaftLogWorker.java:lambda$new$0(132)) - bdb17887-013a-4087-af28-f0cb81f209cd-SegmentedRaftLogWorker:Storage Directory /workdir/hadoop-ozone/integration-test/target/test-dir/MiniOzoneClusterImpl-c64d20cb-122d-47af-9bf2-d2da5c3556a3/datanode-2/data/ratis/5462a4e0-72fa-49a7-bd86-4e40e472b458: flushIndex: setUnconditionally 0 -> -1
2019-09-03 05:32:57,031 [pool-449-thread-1] INFO  impl.RaftServerImpl (RaftServerImpl.java:start(180)) - 50dc8b30-d557-42ae-aab0-254bd5a1602a: start group-4E40E472B458
2019-09-03 05:32:57,032 [pool-449-thread-1] INFO  impl.RaftServerImpl (RaftServerImpl.java:setRole(171)) - 50dc8b30-d557-42ae-aab0-254bd5a1602a:group-4E40E472B458 changes role from null to FOLLOWER at term 0 for startAsFollower
2019-09-03 05:32:57,032 [pool-429-thread-1] INFO  server.RaftServerConfigKeys (ConfUtils.java:logGet(43)) - raft.server.snapshot.auto.trigger.enabled = true (custom)
2019-09-03 05:32:57,032 [pool-449-thread-1] INFO  impl.RoleInfo (RoleInfo.java:updateAndGet(143)) - 50dc8b30-d557-42ae-aab0-254bd5a1602a: start FollowerState
2019-09-03 05:32:57,032 [pool-429-thread-1] INFO  server.RaftServerConfigKeys (ConfUtils.java:logGet(43)) - raft.server.snapshot.auto.trigger.threshold = 10000 (custom)
2019-09-03 05:32:57,032 [pool-429-thread-1] INFO  server.RaftServerConfigKeys (ConfUtils.java:logGet(43)) - raft.server.retrycache.expirytime = 600000ms (custom)
2019-09-03 05:32:57,032 [pool-449-thread-1] INFO  util.JmxRegister (JmxRegister.java:tryRegister(44)) - Successfully registered JMX Bean with object name Ratis:service=RaftServer,group=group-4E40E472B458,id=50dc8b30-d557-42ae-aab0-254bd5a1602a
2019-09-03 05:32:57,032 [pool-429-thread-1] INFO  impl.RaftServerImpl (RaftServerImpl.java:start(180)) - bdb17887-013a-4087-af28-f0cb81f209cd: start group-4E40E472B458
2019-09-03 05:32:57,032 [pool-429-thread-1] INFO  impl.RaftServerImpl (RaftServerImpl.java:setRole(171)) - bdb17887-013a-4087-af28-f0cb81f209cd:group-4E40E472B458 changes role from null to FOLLOWER at term 0 for startAsFollower
2019-09-03 05:32:57,033 [pool-429-thread-1] INFO  impl.RoleInfo (RoleInfo.java:updateAndGet(143)) - bdb17887-013a-4087-af28-f0cb81f209cd: start FollowerState
2019-09-03 05:32:57,033 [pool-429-thread-1] INFO  util.JmxRegister (JmxRegister.java:tryRegister(44)) - Successfully registered JMX Bean with object name Ratis:service=RaftServer,group=group-4E40E472B458,id=bdb17887-013a-4087-af28-f0cb81f209cd
2019-09-03 05:32:57,039 [RatisPipelineUtilsThread] INFO  pipeline.PipelineStateManager (PipelineStateManager.java:addPipeline(56)) - Created pipeline Pipeline[ Id: 5462a4e0-72fa-49a7-bd86-4e40e472b458, Nodes: 50dc8b30-d557-42ae-aab0-254bd5a1602a{ip: 192.168.36.111, host: trunk-nightly-20190903-kd7j7-2804422064, networkLocation: /default-rack, certSerialId: null}bdb17887-013a-4087-af28-f0cb81f209cd{ip: 192.168.36.111, host: trunk-nightly-20190903-kd7j7-2804422064, networkLocation: /default-rack, certSerialId: null}fb4443fd-5719-4a39-bdba-b2bf0c721de4{ip: 192.168.36.111, host: trunk-nightly-20190903-kd7j7-2804422064, networkLocation: /default-rack, certSerialId: null}, Type:RATIS, Factor:THREE, State:OPEN]
2019-09-03 05:32:57,602 [main] INFO  ozone.MiniOzoneClusterImpl (MiniOzoneClusterImpl.java:lambda$waitForClusterToBeReady$0(140)) - Cluster is ready. Got 7 of 7 DN Heartbeats.
2019-09-03 05:32:57,630 [main] INFO  rpc.RpcClient (RpcClient.java:createVolume(293)) - Creating Volume: testblockoutputstream, with jenkins1000 as owner.
2019-09-03 05:32:57,647 [main] INFO  rpc.RpcClient (RpcClient.java:createBucket(432)) - Creating Bucket: testblockoutputstream/testblockoutputstream, with Versioning false and Storage Type set to DISK and Encryption set to false 
2019-09-03 05:32:57,674 [grpc-default-executor-8] INFO  client.GrpcClientProtocolClient (GrpcClientProtocolClient.java:onNext(255)) - client-3761DE7601FD->50dc8b30-d557-42ae-aab0-254bd5a1602a: receive RaftClientReply:client-3761DE7601FD->50dc8b30-d557-42ae-aab0-254bd5a1602a@group-4E40E472B458, cid=171, FAILED org.apache.ratis.protocol.NotLeaderException: Server 50dc8b30-d557-42ae-aab0-254bd5a1602a is not the leader (null). Request must be sent to leader., logIndex=0, commits[50dc8b30-d557-42ae-aab0-254bd5a1602a:c-1]
2019-09-03 05:32:58,691 [grpc-default-executor-8] INFO  client.GrpcClientProtocolClient (GrpcClientProtocolClient.java:onNext(255)) - client-3761DE7601FD->bdb17887-013a-4087-af28-f0cb81f209cd: receive RaftClientReply:client-3761DE7601FD->bdb17887-013a-4087-af28-f0cb81f209cd@group-4E40E472B458, cid=171, FAILED org.apache.ratis.protocol.NotLeaderException: Server bdb17887-013a-4087-af28-f0cb81f209cd is not the leader (null). Request must be sent to leader., logIndex=0, commits[bdb17887-013a-4087-af28-f0cb81f209cd:c-1]
2019-09-03 05:32:59,189 [Thread-3263] INFO  container.ReplicationManager (ReplicationManager.java:start(162)) - Starting Replication Monitor Thread.
2019-09-03 05:32:59,193 [ReplicationMonitor] INFO  container.ReplicationManager (ReplicationManager.java:run(225)) - Replication Monitor Thread took 0 milliseconds for processing 1 containers.
2019-09-03 05:32:59,704 [grpc-default-executor-3] INFO  client.GrpcClientProtocolClient (GrpcClientProtocolClient.java:onNext(255)) - client-3761DE7601FD->50dc8b30-d557-42ae-aab0-254bd5a1602a: receive RaftClientReply:client-3761DE7601FD->50dc8b30-d557-42ae-aab0-254bd5a1602a@group-4E40E472B458, cid=171, FAILED org.apache.ratis.protocol.NotLeaderException: Server 50dc8b30-d557-42ae-aab0-254bd5a1602a is not the leader (null). Request must be sent to leader., logIndex=0, commits[50dc8b30-d557-42ae-aab0-254bd5a1602a:c-1]
2019-09-03 05:33:00,715 [grpc-default-executor-8] INFO  client.GrpcClientProtocolClient (GrpcClientProtocolClient.java:onNext(255)) - client-3761DE7601FD->bdb17887-013a-4087-af28-f0cb81f209cd: receive RaftClientReply:client-3761DE7601FD->bdb17887-013a-4087-af28-f0cb81f209cd@group-4E40E472B458, cid=171, FAILED org.apache.ratis.protocol.NotLeaderException: Server bdb17887-013a-4087-af28-f0cb81f209cd is not the leader (null). Request must be sent to leader., logIndex=0, commits[bdb17887-013a-4087-af28-f0cb81f209cd:c-1]
2019-09-03 05:33:01,352 [Thread-3268] INFO  impl.FollowerState (FollowerState.java:run(106)) - 504f24ee-e757-4027-92cd-9b6d310efdfe:group-13B0AB9A5F77 changes to CANDIDATE, lastRpcTime:5067, electionTimeout:5067ms
2019-09-03 05:33:01,352 [Thread-3268] INFO  impl.RoleInfo (RoleInfo.java:shutdownFollowerState(121)) - 504f24ee-e757-4027-92cd-9b6d310efdfe: shutdown FollowerState
2019-09-03 05:33:01,352 [Thread-3268] INFO  impl.RaftServerImpl (RaftServerImpl.java:setRole(171)) - 504f24ee-e757-4027-92cd-9b6d310efdfe:group-13B0AB9A5F77 changes role from FOLLOWER to CANDIDATE at term 0 for changeToCandidate
2019-09-03 05:33:01,353 [Thread-3268] INFO  impl.RoleInfo (RoleInfo.java:updateAndGet(143)) - 504f24ee-e757-4027-92cd-9b6d310efdfe: start LeaderElection
2019-09-03 05:33:01,375 [504f24ee-e757-4027-92cd-9b6d310efdfe:group-13B0AB9A5F77:LeaderElection55] INFO  impl.LeaderElection (LeaderElection.java:askForVotes(181)) - 504f24ee-e757-4027-92cd-9b6d310efdfe:group-13B0AB9A5F77:LeaderElection55: begin an election at term 1 for -1: [504f24ee-e757-4027-92cd-9b6d310efdfe:192.168.36.111:45241], old=null
2019-09-03 05:33:01,375 [504f24ee-e757-4027-92cd-9b6d310efdfe:group-13B0AB9A5F77:LeaderElection55] INFO  impl.RoleInfo (RoleInfo.java:shutdownLeaderElection(134)) - 504f24ee-e757-4027-92cd-9b6d310efdfe: shutdown LeaderElection
2019-09-03 05:33:01,375 [504f24ee-e757-4027-92cd-9b6d310efdfe:group-13B0AB9A5F77:LeaderElection55] INFO  impl.RaftServerImpl (RaftServerImpl.java:setRole(171)) - 504f24ee-e757-4027-92cd-9b6d310efdfe:group-13B0AB9A5F77 changes role from CANDIDATE to LEADER at term 1 for changeToLeader
2019-09-03 05:33:01,375 [504f24ee-e757-4027-92cd-9b6d310efdfe:group-13B0AB9A5F77:LeaderElection55] INFO  impl.RaftServerImpl (ServerState.java:setLeader(263)) - 504f24ee-e757-4027-92cd-9b6d310efdfe:group-13B0AB9A5F77 change Leader from null to 504f24ee-e757-4027-92cd-9b6d310efdfe at term 1 for becomeLeader, leader elected after 5093ms
2019-09-03 05:33:01,375 [504f24ee-e757-4027-92cd-9b6d310efdfe:group-13B0AB9A5F77:LeaderElection55] INFO  server.RaftServerConfigKeys (ConfUtils.java:logGet(43)) - raft.server.staging.catchup.gap = 1000 (default)
2019-09-03 05:33:01,376 [504f24ee-e757-4027-92cd-9b6d310efdfe:group-13B0AB9A5F77:LeaderElection55] INFO  server.RaftServerConfigKeys (ConfUtils.java:logGet(43)) - raft.server.rpc.sleep.time = 25ms (default)
2019-09-03 05:33:01,376 [504f24ee-e757-4027-92cd-9b6d310efdfe:group-13B0AB9A5F77:LeaderElection55] INFO  server.RaftServerConfigKeys (ConfUtils.java:logGet(43)) - raft.server.write.element-limit = 4096 (default)
2019-09-03 05:33:01,376 [504f24ee-e757-4027-92cd-9b6d310efdfe:group-13B0AB9A5F77:LeaderElection55] INFO  server.RaftServerConfigKeys (ConfUtils.java:logGet(43)) - raft.server.watch.timeout = 10s (default)
2019-09-03 05:33:01,376 [504f24ee-e757-4027-92cd-9b6d310efdfe:group-13B0AB9A5F77:LeaderElection55] INFO  server.RaftServerConfigKeys (ConfUtils.java:logGet(43)) - raft.server.watch.timeout.denomination = 1s (default)
2019-09-03 05:33:01,376 [504f24ee-e757-4027-92cd-9b6d310efdfe:group-13B0AB9A5F77:LeaderElection55] INFO  server.RaftServerConfigKeys (ConfUtils.java:logGet(43)) - raft.server.watch.element-limit = 65536 (default)
2019-09-03 05:33:01,377 [504f24ee-e757-4027-92cd-9b6d310efdfe:group-13B0AB9A5F77:LeaderElection55] INFO  impl.RoleInfo (RoleInfo.java:updateAndGet(143)) - 504f24ee-e757-4027-92cd-9b6d310efdfe: start LeaderState
2019-09-03 05:33:01,377 [504f24ee-e757-4027-92cd-9b6d310efdfe:group-13B0AB9A5F77:LeaderElection55] INFO  segmented.SegmentedRaftLogWorker (SegmentedRaftLogWorker.java:startLogSegment(380)) - 504f24ee-e757-4027-92cd-9b6d310efdfe-SegmentedRaftLogWorker:Storage Directory /workdir/hadoop-ozone/integration-test/target/test-dir/MiniOzoneClusterImpl-c64d20cb-122d-47af-9bf2-d2da5c3556a3/datanode-1/data/ratis/e5c06078-a489-4777-89c3-13b0ab9a5f77: Starting segment from index:0
2019-09-03 05:33:01,378 [504f24ee-e757-4027-92cd-9b6d310efdfe:group-13B0AB9A5F77:LeaderElection55] INFO  impl.RaftServerImpl (ServerState.java:setRaftConf(361)) - 504f24ee-e757-4027-92cd-9b6d310efdfe:group-13B0AB9A5F77 set configuration 0: [504f24ee-e757-4027-92cd-9b6d310efdfe:192.168.36.111:45241], old=null at 0
2019-09-03 05:33:01,392 [Thread-3265] INFO  impl.FollowerState (FollowerState.java:run(106)) - 3e2fd577-5016-4c18-a24a-a8dfce2a89c9:group-06BC5CF400A7 changes to CANDIDATE, lastRpcTime:5156, electionTimeout:5156ms
2019-09-03 05:33:01,392 [Thread-3265] INFO  impl.RoleInfo (RoleInfo.java:shutdownFollowerState(121)) - 3e2fd577-5016-4c18-a24a-a8dfce2a89c9: shutdown FollowerState
2019-09-03 05:33:01,392 [Thread-3265] INFO  impl.RaftServerImpl (RaftServerImpl.java:setRole(171)) - 3e2fd577-5016-4c18-a24a-a8dfce2a89c9:group-06BC5CF400A7 changes role from FOLLOWER to CANDIDATE at term 0 for changeToCandidate
2019-09-03 05:33:01,393 [Thread-3265] INFO  impl.RoleInfo (RoleInfo.java:updateAndGet(143)) - 3e2fd577-5016-4c18-a24a-a8dfce2a89c9: start LeaderElection
2019-09-03 05:33:01,429 [504f24ee-e757-4027-92cd-9b6d310efdfe-SegmentedRaftLogWorker:Storage Directory /workdir/hadoop-ozone/integration-test/target/test-dir/MiniOzoneClusterImpl-c64d20cb-122d-47af-9bf2-d2da5c3556a3/datanode-1/data/ratis/e5c06078-a489-4777-89c3-13b0ab9a5f77] INFO  segmented.SegmentedRaftLogWorker (SegmentedRaftLogWorker.java:execute(569)) - 504f24ee-e757-4027-92cd-9b6d310efdfe-SegmentedRaftLogWorker:Storage Directory /workdir/hadoop-ozone/integration-test/target/test-dir/MiniOzoneClusterImpl-c64d20cb-122d-47af-9bf2-d2da5c3556a3/datanode-1/data/ratis/e5c06078-a489-4777-89c3-13b0ab9a5f77: created new log segment /workdir/hadoop-ozone/integration-test/target/test-dir/MiniOzoneClusterImpl-c64d20cb-122d-47af-9bf2-d2da5c3556a3/datanode-1/data/ratis/e5c06078-a489-4777-89c3-13b0ab9a5f77/current/log_inprogress_0
2019-09-03 05:33:01,443 [3e2fd577-5016-4c18-a24a-a8dfce2a89c9:group-06BC5CF400A7:LeaderElection56] INFO  impl.LeaderElection (LeaderElection.java:askForVotes(181)) - 3e2fd577-5016-4c18-a24a-a8dfce2a89c9:group-06BC5CF400A7:LeaderElection56: begin an election at term 1 for -1: [3e2fd577-5016-4c18-a24a-a8dfce2a89c9:192.168.36.111:35956], old=null
2019-09-03 05:33:01,443 [3e2fd577-5016-4c18-a24a-a8dfce2a89c9:group-06BC5CF400A7:LeaderElection56] INFO  impl.RoleInfo (RoleInfo.java:shutdownLeaderElection(134)) - 3e2fd577-5016-4c18-a24a-a8dfce2a89c9: shutdown LeaderElection
2019-09-03 05:33:01,443 [3e2fd577-5016-4c18-a24a-a8dfce2a89c9:group-06BC5CF400A7:LeaderElection56] INFO  impl.RaftServerImpl (RaftServerImpl.java:setRole(171)) - 3e2fd577-5016-4c18-a24a-a8dfce2a89c9:group-06BC5CF400A7 changes role from CANDIDATE to LEADER at term 1 for changeToLeader
2019-09-03 05:33:01,443 [3e2fd577-5016-4c18-a24a-a8dfce2a89c9:group-06BC5CF400A7:LeaderElection56] INFO  impl.RaftServerImpl (ServerState.java:setLeader(263)) - 3e2fd577-5016-4c18-a24a-a8dfce2a89c9:group-06BC5CF400A7 change Leader from null to 3e2fd577-5016-4c18-a24a-a8dfce2a89c9 at term 1 for becomeLeader, leader elected after 5212ms
2019-09-03 05:33:01,443 [3e2fd577-5016-4c18-a24a-a8dfce2a89c9:group-06BC5CF400A7:LeaderElection56] INFO  server.RaftServerConfigKeys (ConfUtils.java:logGet(43)) - raft.server.staging.catchup.gap = 1000 (default)
2019-09-03 05:33:01,444 [3e2fd577-5016-4c18-a24a-a8dfce2a89c9:group-06BC5CF400A7:LeaderElection56] INFO  server.RaftServerConfigKeys (ConfUtils.java:logGet(43)) - raft.server.rpc.sleep.time = 25ms (default)
2019-09-03 05:33:01,444 [3e2fd577-5016-4c18-a24a-a8dfce2a89c9:group-06BC5CF400A7:LeaderElection56] INFO  server.RaftServerConfigKeys (ConfUtils.java:logGet(43)) - raft.server.write.element-limit = 4096 (default)
2019-09-03 05:33:01,444 [3e2fd577-5016-4c18-a24a-a8dfce2a89c9:group-06BC5CF400A7:LeaderElection56] INFO  server.RaftServerConfigKeys (ConfUtils.java:logGet(43)) - raft.server.watch.timeout = 10s (default)
2019-09-03 05:33:01,444 [3e2fd577-5016-4c18-a24a-a8dfce2a89c9:group-06BC5CF400A7:LeaderElection56] INFO  server.RaftServerConfigKeys (ConfUtils.java:logGet(43)) - raft.server.watch.timeout.denomination = 1s (default)
2019-09-03 05:33:01,444 [3e2fd577-5016-4c18-a24a-a8dfce2a89c9:group-06BC5CF400A7:LeaderElection56] INFO  server.RaftServerConfigKeys (ConfUtils.java:logGet(43)) - raft.server.watch.element-limit = 65536 (default)
2019-09-03 05:33:01,445 [3e2fd577-5016-4c18-a24a-a8dfce2a89c9:group-06BC5CF400A7:LeaderElection56] INFO  impl.RoleInfo (RoleInfo.java:updateAndGet(143)) - 3e2fd577-5016-4c18-a24a-a8dfce2a89c9: start LeaderState
2019-09-03 05:33:01,445 [3e2fd577-5016-4c18-a24a-a8dfce2a89c9:group-06BC5CF400A7:LeaderElection56] INFO  segmented.SegmentedRaftLogWorker (SegmentedRaftLogWorker.java:startLogSegment(380)) - 3e2fd577-5016-4c18-a24a-a8dfce2a89c9-SegmentedRaftLogWorker:Storage Directory /workdir/hadoop-ozone/integration-test/target/test-dir/MiniOzoneClusterImpl-c64d20cb-122d-47af-9bf2-d2da5c3556a3/datanode-0/data/ratis/44e6929f-33c8-4194-a8dd-06bc5cf400a7: Starting segment from index:0
2019-09-03 05:33:01,445 [3e2fd577-5016-4c18-a24a-a8dfce2a89c9:group-06BC5CF400A7:LeaderElection56] INFO  impl.RaftServerImpl (ServerState.java:setRaftConf(361)) - 3e2fd577-5016-4c18-a24a-a8dfce2a89c9:group-06BC5CF400A7 set configuration 0: [3e2fd577-5016-4c18-a24a-a8dfce2a89c9:192.168.36.111:35956], old=null at 0
2019-09-03 05:33:01,498 [3e2fd577-5016-4c18-a24a-a8dfce2a89c9-SegmentedRaftLogWorker:Storage Directory /workdir/hadoop-ozone/integration-test/target/test-dir/MiniOzoneClusterImpl-c64d20cb-122d-47af-9bf2-d2da5c3556a3/datanode-0/data/ratis/44e6929f-33c8-4194-a8dd-06bc5cf400a7] INFO  segmented.SegmentedRaftLogWorker (SegmentedRaftLogWorker.java:execute(569)) - 3e2fd577-5016-4c18-a24a-a8dfce2a89c9-SegmentedRaftLogWorker:Storage Directory /workdir/hadoop-ozone/integration-test/target/test-dir/MiniOzoneClusterImpl-c64d20cb-122d-47af-9bf2-d2da5c3556a3/datanode-0/data/ratis/44e6929f-33c8-4194-a8dd-06bc5cf400a7: created new log segment /workdir/hadoop-ozone/integration-test/target/test-dir/MiniOzoneClusterImpl-c64d20cb-122d-47af-9bf2-d2da5c3556a3/datanode-0/data/ratis/44e6929f-33c8-4194-a8dd-06bc5cf400a7/current/log_inprogress_0
2019-09-03 05:33:01,728 [Thread-3271] INFO  impl.FollowerState (FollowerState.java:run(106)) - bdb17887-013a-4087-af28-f0cb81f209cd:group-0BA3E48F3DEE changes to CANDIDATE, lastRpcTime:5042, electionTimeout:5040ms
2019-09-03 05:33:01,728 [Thread-3271] INFO  impl.RoleInfo (RoleInfo.java:shutdownFollowerState(121)) - bdb17887-013a-4087-af28-f0cb81f209cd: shutdown FollowerState
2019-09-03 05:33:01,728 [Thread-3271] INFO  impl.RaftServerImpl (RaftServerImpl.java:setRole(171)) - bdb17887-013a-4087-af28-f0cb81f209cd:group-0BA3E48F3DEE changes role from FOLLOWER to CANDIDATE at term 0 for changeToCandidate
2019-09-03 05:33:01,728 [Thread-3271] INFO  impl.RoleInfo (RoleInfo.java:updateAndGet(143)) - bdb17887-013a-4087-af28-f0cb81f209cd: start LeaderElection
2019-09-03 05:33:01,735 [grpc-default-executor-3] INFO  client.GrpcClientProtocolClient (GrpcClientProtocolClient.java:onNext(255)) - client-3761DE7601FD->fb4443fd-5719-4a39-bdba-b2bf0c721de4: receive RaftClientReply:client-3761DE7601FD->fb4443fd-5719-4a39-bdba-b2bf0c721de4@group-4E40E472B458, cid=171, FAILED org.apache.ratis.protocol.NotLeaderException: Server fb4443fd-5719-4a39-bdba-b2bf0c721de4 is not the leader (null). Request must be sent to leader., logIndex=0, commits[fb4443fd-5719-4a39-bdba-b2bf0c721de4:c-1]
2019-09-03 05:33:01,749 [bdb17887-013a-4087-af28-f0cb81f209cd:group-0BA3E48F3DEE:LeaderElection57] INFO  impl.LeaderElection (LeaderElection.java:askForVotes(181)) - bdb17887-013a-4087-af28-f0cb81f209cd:group-0BA3E48F3DEE:LeaderElection57: begin an election at term 1 for -1: [bdb17887-013a-4087-af28-f0cb81f209cd:192.168.36.111:35112], old=null
2019-09-03 05:33:01,749 [bdb17887-013a-4087-af28-f0cb81f209cd:group-0BA3E48F3DEE:LeaderElection57] INFO  impl.RoleInfo (RoleInfo.java:shutdownLeaderElection(134)) - bdb17887-013a-4087-af28-f0cb81f209cd: shutdown LeaderElection
2019-09-03 05:33:01,749 [bdb17887-013a-4087-af28-f0cb81f209cd:group-0BA3E48F3DEE:LeaderElection57] INFO  impl.RaftServerImpl (RaftServerImpl.java:setRole(171)) - bdb17887-013a-4087-af28-f0cb81f209cd:group-0BA3E48F3DEE changes role from CANDIDATE to LEADER at term 1 for changeToLeader
2019-09-03 05:33:01,749 [bdb17887-013a-4087-af28-f0cb81f209cd:group-0BA3E48F3DEE:LeaderElection57] INFO  impl.RaftServerImpl (ServerState.java:setLeader(263)) - bdb17887-013a-4087-af28-f0cb81f209cd:group-0BA3E48F3DEE change Leader from null to bdb17887-013a-4087-af28-f0cb81f209cd at term 1 for becomeLeader, leader elected after 5068ms
2019-09-03 05:33:01,750 [bdb17887-013a-4087-af28-f0cb81f209cd:group-0BA3E48F3DEE:LeaderElection57] INFO  server.RaftServerConfigKeys (ConfUtils.java:logGet(43)) - raft.server.staging.catchup.gap = 1000 (default)
2019-09-03 05:33:01,750 [bdb17887-013a-4087-af28-f0cb81f209cd:group-0BA3E48F3DEE:LeaderElection57] INFO  server.RaftServerConfigKeys (ConfUtils.java:logGet(43)) - raft.server.rpc.sleep.time = 25ms (default)
2019-09-03 05:33:01,750 [bdb17887-013a-4087-af28-f0cb81f209cd:group-0BA3E48F3DEE:LeaderElection57] INFO  server.RaftServerConfigKeys (ConfUtils.java:logGet(43)) - raft.server.write.element-limit = 4096 (default)
2019-09-03 05:33:01,750 [bdb17887-013a-4087-af28-f0cb81f209cd:group-0BA3E48F3DEE:LeaderElection57] INFO  server.RaftServerConfigKeys (ConfUtils.java:logGet(43)) - raft.server.watch.timeout = 10s (default)
2019-09-03 05:33:01,750 [bdb17887-013a-4087-af28-f0cb81f209cd:group-0BA3E48F3DEE:LeaderElection57] INFO  server.RaftServerConfigKeys (ConfUtils.java:logGet(43)) - raft.server.watch.timeout.denomination = 1s (default)
2019-09-03 05:33:01,751 [bdb17887-013a-4087-af28-f0cb81f209cd:group-0BA3E48F3DEE:LeaderElection57] INFO  server.RaftServerConfigKeys (ConfUtils.java:logGet(43)) - raft.server.watch.element-limit = 65536 (default)
2019-09-03 05:33:01,751 [bdb17887-013a-4087-af28-f0cb81f209cd:group-0BA3E48F3DEE:LeaderElection57] INFO  impl.RoleInfo (RoleInfo.java:updateAndGet(143)) - bdb17887-013a-4087-af28-f0cb81f209cd: start LeaderState
2019-09-03 05:33:01,751 [bdb17887-013a-4087-af28-f0cb81f209cd:group-0BA3E48F3DEE:LeaderElection57] INFO  segmented.SegmentedRaftLogWorker (SegmentedRaftLogWorker.java:startLogSegment(380)) - bdb17887-013a-4087-af28-f0cb81f209cd-SegmentedRaftLogWorker:Storage Directory /workdir/hadoop-ozone/integration-test/target/test-dir/MiniOzoneClusterImpl-c64d20cb-122d-47af-9bf2-d2da5c3556a3/datanode-2/data/ratis/e8069c86-2f93-4ac7-be6d-0ba3e48f3dee: Starting segment from index:0
2019-09-03 05:33:01,752 [bdb17887-013a-4087-af28-f0cb81f209cd:group-0BA3E48F3DEE:LeaderElection57] INFO  impl.RaftServerImpl (ServerState.java:setRaftConf(361)) - bdb17887-013a-4087-af28-f0cb81f209cd:group-0BA3E48F3DEE set configuration 0: [bdb17887-013a-4087-af28-f0cb81f209cd:192.168.36.111:35112], old=null at 0
2019-09-03 05:33:01,804 [bdb17887-013a-4087-af28-f0cb81f209cd-SegmentedRaftLogWorker:Storage Directory /workdir/hadoop-ozone/integration-test/target/test-dir/MiniOzoneClusterImpl-c64d20cb-122d-47af-9bf2-d2da5c3556a3/datanode-2/data/ratis/e8069c86-2f93-4ac7-be6d-0ba3e48f3dee] INFO  segmented.SegmentedRaftLogWorker (SegmentedRaftLogWorker.java:execute(569)) - bdb17887-013a-4087-af28-f0cb81f209cd-SegmentedRaftLogWorker:Storage Directory /workdir/hadoop-ozone/integration-test/target/test-dir/MiniOzoneClusterImpl-c64d20cb-122d-47af-9bf2-d2da5c3556a3/datanode-2/data/ratis/e8069c86-2f93-4ac7-be6d-0ba3e48f3dee: created new log segment /workdir/hadoop-ozone/integration-test/target/test-dir/MiniOzoneClusterImpl-c64d20cb-122d-47af-9bf2-d2da5c3556a3/datanode-2/data/ratis/e8069c86-2f93-4ac7-be6d-0ba3e48f3dee/current/log_inprogress_0
2019-09-03 05:33:01,819 [Thread-3277] INFO  impl.FollowerState (FollowerState.java:run(106)) - 50dc8b30-d557-42ae-aab0-254bd5a1602a:group-F11D09A68E6F changes to CANDIDATE, lastRpcTime:5008, electionTimeout:5008ms
2019-09-03 05:33:01,819 [Thread-3277] INFO  impl.RoleInfo (RoleInfo.java:shutdownFollowerState(121)) - 50dc8b30-d557-42ae-aab0-254bd5a1602a: shutdown FollowerState
2019-09-03 05:33:01,819 [Thread-3277] INFO  impl.RaftServerImpl (RaftServerImpl.java:setRole(171)) - 50dc8b30-d557-42ae-aab0-254bd5a1602a:group-F11D09A68E6F changes role from FOLLOWER to CANDIDATE at term 0 for changeToCandidate
2019-09-03 05:33:01,819 [Thread-3277] INFO  impl.RoleInfo (RoleInfo.java:updateAndGet(143)) - 50dc8b30-d557-42ae-aab0-254bd5a1602a: start LeaderElection
2019-09-03 05:33:01,837 [50dc8b30-d557-42ae-aab0-254bd5a1602a:group-F11D09A68E6F:LeaderElection58] INFO  impl.LeaderElection (LeaderElection.java:askForVotes(181)) - 50dc8b30-d557-42ae-aab0-254bd5a1602a:group-F11D09A68E6F:LeaderElection58: begin an election at term 1 for -1: [50dc8b30-d557-42ae-aab0-254bd5a1602a:192.168.36.111:41881], old=null
2019-09-03 05:33:01,837 [50dc8b30-d557-42ae-aab0-254bd5a1602a:group-F11D09A68E6F:LeaderElection58] INFO  impl.RoleInfo (RoleInfo.java:shutdownLeaderElection(134)) - 50dc8b30-d557-42ae-aab0-254bd5a1602a: shutdown LeaderElection
2019-09-03 05:33:01,838 [50dc8b30-d557-42ae-aab0-254bd5a1602a:group-F11D09A68E6F:LeaderElection58] INFO  impl.RaftServerImpl (RaftServerImpl.java:setRole(171)) - 50dc8b30-d557-42ae-aab0-254bd5a1602a:group-F11D09A68E6F changes role from CANDIDATE to LEADER at term 1 for changeToLeader
2019-09-03 05:33:01,838 [50dc8b30-d557-42ae-aab0-254bd5a1602a:group-F11D09A68E6F:LeaderElection58] INFO  impl.RaftServerImpl (ServerState.java:setLeader(263)) - 50dc8b30-d557-42ae-aab0-254bd5a1602a:group-F11D09A68E6F change Leader from null to 50dc8b30-d557-42ae-aab0-254bd5a1602a at term 1 for becomeLeader, leader elected after 5030ms
2019-09-03 05:33:01,838 [50dc8b30-d557-42ae-aab0-254bd5a1602a:group-F11D09A68E6F:LeaderElection58] INFO  server.RaftServerConfigKeys (ConfUtils.java:logGet(43)) - raft.server.staging.catchup.gap = 1000 (default)
2019-09-03 05:33:01,838 [50dc8b30-d557-42ae-aab0-254bd5a1602a:group-F11D09A68E6F:LeaderElection58] INFO  server.RaftServerConfigKeys (ConfUtils.java:logGet(43)) - raft.server.rpc.sleep.time = 25ms (default)
2019-09-03 05:33:01,838 [50dc8b30-d557-42ae-aab0-254bd5a1602a:group-F11D09A68E6F:LeaderElection58] INFO  server.RaftServerConfigKeys (ConfUtils.java:logGet(43)) - raft.server.write.element-limit = 4096 (default)
2019-09-03 05:33:01,838 [50dc8b30-d557-42ae-aab0-254bd5a1602a:group-F11D09A68E6F:LeaderElection58] INFO  server.RaftServerConfigKeys (ConfUtils.java:logGet(43)) - raft.server.watch.timeout = 10s (default)
2019-09-03 05:33:01,838 [50dc8b30-d557-42ae-aab0-254bd5a1602a:group-F11D09A68E6F:LeaderElection58] INFO  server.RaftServerConfigKeys (ConfUtils.java:logGet(43)) - raft.server.watch.timeout.denomination = 1s (default)
2019-09-03 05:33:01,838 [50dc8b30-d557-42ae-aab0-254bd5a1602a:group-F11D09A68E6F:LeaderElection58] INFO  server.RaftServerConfigKeys (ConfUtils.java:logGet(43)) - raft.server.watch.element-limit = 65536 (default)
2019-09-03 05:33:01,839 [50dc8b30-d557-42ae-aab0-254bd5a1602a:group-F11D09A68E6F:LeaderElection58] INFO  impl.RoleInfo (RoleInfo.java:updateAndGet(143)) - 50dc8b30-d557-42ae-aab0-254bd5a1602a: start LeaderState
2019-09-03 05:33:01,839 [50dc8b30-d557-42ae-aab0-254bd5a1602a:group-F11D09A68E6F:LeaderElection58] INFO  segmented.SegmentedRaftLogWorker (SegmentedRaftLogWorker.java:startLogSegment(380)) - 50dc8b30-d557-42ae-aab0-254bd5a1602a-SegmentedRaftLogWorker:Storage Directory /workdir/hadoop-ozone/integration-test/target/test-dir/MiniOzoneClusterImpl-c64d20cb-122d-47af-9bf2-d2da5c3556a3/datanode-4/data/ratis/2ddf119b-e3bf-4bf6-ae84-f11d09a68e6f: Starting segment from index:0
2019-09-03 05:33:01,839 [50dc8b30-d557-42ae-aab0-254bd5a1602a:group-F11D09A68E6F:LeaderElection58] INFO  impl.RaftServerImpl (ServerState.java:setRaftConf(361)) - 50dc8b30-d557-42ae-aab0-254bd5a1602a:group-F11D09A68E6F set configuration 0: [50dc8b30-d557-42ae-aab0-254bd5a1602a:192.168.36.111:41881], old=null at 0
2019-09-03 05:33:01,885 [Thread-3274] INFO  impl.FollowerState (FollowerState.java:run(106)) - 3714cff3-a07e-4f81-85d4-28a9b78918d9:group-F1F09AE7C5CE changes to CANDIDATE, lastRpcTime:5137, electionTimeout:5128ms
2019-09-03 05:33:01,885 [Thread-3274] INFO  impl.RoleInfo (RoleInfo.java:shutdownFollowerState(121)) - 3714cff3-a07e-4f81-85d4-28a9b78918d9: shutdown FollowerState
2019-09-03 05:33:01,886 [Thread-3274] INFO  impl.RaftServerImpl (RaftServerImpl.java:setRole(171)) - 3714cff3-a07e-4f81-85d4-28a9b78918d9:group-F1F09AE7C5CE changes role from FOLLOWER to CANDIDATE at term 0 for changeToCandidate
2019-09-03 05:33:01,886 [Thread-3274] INFO  impl.RoleInfo (RoleInfo.java:updateAndGet(143)) - 3714cff3-a07e-4f81-85d4-28a9b78918d9: start LeaderElection
2019-09-03 05:33:01,891 [50dc8b30-d557-42ae-aab0-254bd5a1602a-SegmentedRaftLogWorker:Storage Directory /workdir/hadoop-ozone/integration-test/target/test-dir/MiniOzoneClusterImpl-c64d20cb-122d-47af-9bf2-d2da5c3556a3/datanode-4/data/ratis/2ddf119b-e3bf-4bf6-ae84-f11d09a68e6f] INFO  segmented.SegmentedRaftLogWorker (SegmentedRaftLogWorker.java:execute(569)) - 50dc8b30-d557-42ae-aab0-254bd5a1602a-SegmentedRaftLogWorker:Storage Directory /workdir/hadoop-ozone/integration-test/target/test-dir/MiniOzoneClusterImpl-c64d20cb-122d-47af-9bf2-d2da5c3556a3/datanode-4/data/ratis/2ddf119b-e3bf-4bf6-ae84-f11d09a68e6f: created new log segment /workdir/hadoop-ozone/integration-test/target/test-dir/MiniOzoneClusterImpl-c64d20cb-122d-47af-9bf2-d2da5c3556a3/datanode-4/data/ratis/2ddf119b-e3bf-4bf6-ae84-f11d09a68e6f/current/log_inprogress_0
2019-09-03 05:33:01,913 [3714cff3-a07e-4f81-85d4-28a9b78918d9:group-F1F09AE7C5CE:LeaderElection59] INFO  impl.LeaderElection (LeaderElection.java:askForVotes(181)) - 3714cff3-a07e-4f81-85d4-28a9b78918d9:group-F1F09AE7C5CE:LeaderElection59: begin an election at term 1 for -1: [3714cff3-a07e-4f81-85d4-28a9b78918d9:192.168.36.111:36437], old=null
2019-09-03 05:33:01,913 [3714cff3-a07e-4f81-85d4-28a9b78918d9:group-F1F09AE7C5CE:LeaderElection59] INFO  impl.RoleInfo (RoleInfo.java:shutdownLeaderElection(134)) - 3714cff3-a07e-4f81-85d4-28a9b78918d9: shutdown LeaderElection
2019-09-03 05:33:01,913 [3714cff3-a07e-4f81-85d4-28a9b78918d9:group-F1F09AE7C5CE:LeaderElection59] INFO  impl.RaftServerImpl (RaftServerImpl.java:setRole(171)) - 3714cff3-a07e-4f81-85d4-28a9b78918d9:group-F1F09AE7C5CE changes role from CANDIDATE to LEADER at term 1 for changeToLeader
2019-09-03 05:33:01,913 [3714cff3-a07e-4f81-85d4-28a9b78918d9:group-F1F09AE7C5CE:LeaderElection59] INFO  impl.RaftServerImpl (ServerState.java:setLeader(263)) - 3714cff3-a07e-4f81-85d4-28a9b78918d9:group-F1F09AE7C5CE change Leader from null to 3714cff3-a07e-4f81-85d4-28a9b78918d9 at term 1 for becomeLeader, leader elected after 5169ms
2019-09-03 05:33:01,914 [3714cff3-a07e-4f81-85d4-28a9b78918d9:group-F1F09AE7C5CE:LeaderElection59] INFO  server.RaftServerConfigKeys (ConfUtils.java:logGet(43)) - raft.server.staging.catchup.gap = 1000 (default)
2019-09-03 05:33:01,914 [3714cff3-a07e-4f81-85d4-28a9b78918d9:group-F1F09AE7C5CE:LeaderElection59] INFO  server.RaftServerConfigKeys (ConfUtils.java:logGet(43)) - raft.server.rpc.sleep.time = 25ms (default)
2019-09-03 05:33:01,914 [3714cff3-a07e-4f81-85d4-28a9b78918d9:group-F1F09AE7C5CE:LeaderElection59] INFO  server.RaftServerConfigKeys (ConfUtils.java:logGet(43)) - raft.server.write.element-limit = 4096 (default)
2019-09-03 05:33:01,914 [3714cff3-a07e-4f81-85d4-28a9b78918d9:group-F1F09AE7C5CE:LeaderElection59] INFO  server.RaftServerConfigKeys (ConfUtils.java:logGet(43)) - raft.server.watch.timeout = 10s (default)
2019-09-03 05:33:01,914 [3714cff3-a07e-4f81-85d4-28a9b78918d9:group-F1F09AE7C5CE:LeaderElection59] INFO  server.RaftServerConfigKeys (ConfUtils.java:logGet(43)) - raft.server.watch.timeout.denomination = 1s (default)
2019-09-03 05:33:01,914 [3714cff3-a07e-4f81-85d4-28a9b78918d9:group-F1F09AE7C5CE:LeaderElection59] INFO  server.RaftServerConfigKeys (ConfUtils.java:logGet(43)) - raft.server.watch.element-limit = 65536 (default)
2019-09-03 05:33:01,915 [3714cff3-a07e-4f81-85d4-28a9b78918d9:group-F1F09AE7C5CE:LeaderElection59] INFO  impl.RoleInfo (RoleInfo.java:updateAndGet(143)) - 3714cff3-a07e-4f81-85d4-28a9b78918d9: start LeaderState
2019-09-03 05:33:01,915 [3714cff3-a07e-4f81-85d4-28a9b78918d9:group-F1F09AE7C5CE:LeaderElection59] INFO  segmented.SegmentedRaftLogWorker (SegmentedRaftLogWorker.java:startLogSegment(380)) - 3714cff3-a07e-4f81-85d4-28a9b78918d9-SegmentedRaftLogWorker:Storage Directory /workdir/hadoop-ozone/integration-test/target/test-dir/MiniOzoneClusterImpl-c64d20cb-122d-47af-9bf2-d2da5c3556a3/datanode-3/data/ratis/de024cef-4821-4e48-9e47-f1f09ae7c5ce: Starting segment from index:0
2019-09-03 05:33:01,915 [3714cff3-a07e-4f81-85d4-28a9b78918d9:group-F1F09AE7C5CE:LeaderElection59] INFO  impl.RaftServerImpl (ServerState.java:setRaftConf(361)) - 3714cff3-a07e-4f81-85d4-28a9b78918d9:group-F1F09AE7C5CE set configuration 0: [3714cff3-a07e-4f81-85d4-28a9b78918d9:192.168.36.111:36437], old=null at 0
2019-09-03 05:33:01,948 [Thread-3280] INFO  impl.FollowerState (FollowerState.java:run(106)) - fb4443fd-5719-4a39-bdba-b2bf0c721de4:group-D714B16F4822 changes to CANDIDATE, lastRpcTime:5092, electionTimeout:5079ms
2019-09-03 05:33:01,948 [Thread-3280] INFO  impl.RoleInfo (RoleInfo.java:shutdownFollowerState(121)) - fb4443fd-5719-4a39-bdba-b2bf0c721de4: shutdown FollowerState
2019-09-03 05:33:01,948 [Thread-3280] INFO  impl.RaftServerImpl (RaftServerImpl.java:setRole(171)) - fb4443fd-5719-4a39-bdba-b2bf0c721de4:group-D714B16F4822 changes role from FOLLOWER to CANDIDATE at term 0 for changeToCandidate
2019-09-03 05:33:01,949 [Thread-3280] INFO  impl.RoleInfo (RoleInfo.java:updateAndGet(143)) - fb4443fd-5719-4a39-bdba-b2bf0c721de4: start LeaderElection
2019-09-03 05:33:01,961 [3714cff3-a07e-4f81-85d4-28a9b78918d9-SegmentedRaftLogWorker:Storage Directory /workdir/hadoop-ozone/integration-test/target/test-dir/MiniOzoneClusterImpl-c64d20cb-122d-47af-9bf2-d2da5c3556a3/datanode-3/data/ratis/de024cef-4821-4e48-9e47-f1f09ae7c5ce] INFO  segmented.SegmentedRaftLogWorker (SegmentedRaftLogWorker.java:execute(569)) - 3714cff3-a07e-4f81-85d4-28a9b78918d9-SegmentedRaftLogWorker:Storage Directory /workdir/hadoop-ozone/integration-test/target/test-dir/MiniOzoneClusterImpl-c64d20cb-122d-47af-9bf2-d2da5c3556a3/datanode-3/data/ratis/de024cef-4821-4e48-9e47-f1f09ae7c5ce: created new log segment /workdir/hadoop-ozone/integration-test/target/test-dir/MiniOzoneClusterImpl-c64d20cb-122d-47af-9bf2-d2da5c3556a3/datanode-3/data/ratis/de024cef-4821-4e48-9e47-f1f09ae7c5ce/current/log_inprogress_0
2019-09-03 05:33:01,962 [fb4443fd-5719-4a39-bdba-b2bf0c721de4:group-D714B16F4822:LeaderElection60] INFO  impl.LeaderElection (LeaderElection.java:askForVotes(181)) - fb4443fd-5719-4a39-bdba-b2bf0c721de4:group-D714B16F4822:LeaderElection60: begin an election at term 1 for -1: [fb4443fd-5719-4a39-bdba-b2bf0c721de4:192.168.36.111:41139], old=null
2019-09-03 05:33:01,962 [fb4443fd-5719-4a39-bdba-b2bf0c721de4:group-D714B16F4822:LeaderElection60] INFO  impl.RoleInfo (RoleInfo.java:shutdownLeaderElection(134)) - fb4443fd-5719-4a39-bdba-b2bf0c721de4: shutdown LeaderElection
2019-09-03 05:33:01,962 [fb4443fd-5719-4a39-bdba-b2bf0c721de4:group-D714B16F4822:LeaderElection60] INFO  impl.RaftServerImpl (RaftServerImpl.java:setRole(171)) - fb4443fd-5719-4a39-bdba-b2bf0c721de4:group-D714B16F4822 changes role from CANDIDATE to LEADER at term 1 for changeToLeader
2019-09-03 05:33:01,962 [fb4443fd-5719-4a39-bdba-b2bf0c721de4:group-D714B16F4822:LeaderElection60] INFO  impl.RaftServerImpl (ServerState.java:setLeader(263)) - fb4443fd-5719-4a39-bdba-b2bf0c721de4:group-D714B16F4822 change Leader from null to fb4443fd-5719-4a39-bdba-b2bf0c721de4 at term 1 for becomeLeader, leader elected after 5109ms
2019-09-03 05:33:01,962 [fb4443fd-5719-4a39-bdba-b2bf0c721de4:group-D714B16F4822:LeaderElection60] INFO  server.RaftServerConfigKeys (ConfUtils.java:logGet(43)) - raft.server.staging.catchup.gap = 1000 (default)
2019-09-03 05:33:01,962 [fb4443fd-5719-4a39-bdba-b2bf0c721de4:group-D714B16F4822:LeaderElection60] INFO  server.RaftServerConfigKeys (ConfUtils.java:logGet(43)) - raft.server.rpc.sleep.time = 25ms (default)
2019-09-03 05:33:01,963 [fb4443fd-5719-4a39-bdba-b2bf0c721de4:group-D714B16F4822:LeaderElection60] INFO  server.RaftServerConfigKeys (ConfUtils.java:logGet(43)) - raft.server.write.element-limit = 4096 (default)
2019-09-03 05:33:01,963 [fb4443fd-5719-4a39-bdba-b2bf0c721de4:group-D714B16F4822:LeaderElection60] INFO  server.RaftServerConfigKeys (ConfUtils.java:logGet(43)) - raft.server.watch.timeout = 10s (default)
2019-09-03 05:33:01,963 [fb4443fd-5719-4a39-bdba-b2bf0c721de4:group-D714B16F4822:LeaderElection60] INFO  server.RaftServerConfigKeys (ConfUtils.java:logGet(43)) - raft.server.watch.timeout.denomination = 1s (default)
2019-09-03 05:33:01,963 [fb4443fd-5719-4a39-bdba-b2bf0c721de4:group-D714B16F4822:LeaderElection60] INFO  server.RaftServerConfigKeys (ConfUtils.java:logGet(43)) - raft.server.watch.element-limit = 65536 (default)
2019-09-03 05:33:01,963 [fb4443fd-5719-4a39-bdba-b2bf0c721de4:group-D714B16F4822:LeaderElection60] INFO  impl.RoleInfo (RoleInfo.java:updateAndGet(143)) - fb4443fd-5719-4a39-bdba-b2bf0c721de4: start LeaderState
2019-09-03 05:33:01,964 [fb4443fd-5719-4a39-bdba-b2bf0c721de4:group-D714B16F4822:LeaderElection60] INFO  segmented.SegmentedRaftLogWorker (SegmentedRaftLogWorker.java:startLogSegment(380)) - fb4443fd-5719-4a39-bdba-b2bf0c721de4-SegmentedRaftLogWorker:Storage Directory /workdir/hadoop-ozone/integration-test/target/test-dir/MiniOzoneClusterImpl-c64d20cb-122d-47af-9bf2-d2da5c3556a3/datanode-5/data/ratis/1add0d25-0d86-4cb5-aaec-d714b16f4822: Starting segment from index:0
2019-09-03 05:33:01,964 [fb4443fd-5719-4a39-bdba-b2bf0c721de4:group-D714B16F4822:LeaderElection60] INFO  impl.RaftServerImpl (ServerState.java:setRaftConf(361)) - fb4443fd-5719-4a39-bdba-b2bf0c721de4:group-D714B16F4822 set configuration 0: [fb4443fd-5719-4a39-bdba-b2bf0c721de4:192.168.36.111:41139], old=null at 0
2019-09-03 05:33:02,027 [fb4443fd-5719-4a39-bdba-b2bf0c721de4-SegmentedRaftLogWorker:Storage Directory /workdir/hadoop-ozone/integration-test/target/test-dir/MiniOzoneClusterImpl-c64d20cb-122d-47af-9bf2-d2da5c3556a3/datanode-5/data/ratis/1add0d25-0d86-4cb5-aaec-d714b16f4822] INFO  segmented.SegmentedRaftLogWorker (SegmentedRaftLogWorker.java:execute(569)) - fb4443fd-5719-4a39-bdba-b2bf0c721de4-SegmentedRaftLogWorker:Storage Directory /workdir/hadoop-ozone/integration-test/target/test-dir/MiniOzoneClusterImpl-c64d20cb-122d-47af-9bf2-d2da5c3556a3/datanode-5/data/ratis/1add0d25-0d86-4cb5-aaec-d714b16f4822: created new log segment /workdir/hadoop-ozone/integration-test/target/test-dir/MiniOzoneClusterImpl-c64d20cb-122d-47af-9bf2-d2da5c3556a3/datanode-5/data/ratis/1add0d25-0d86-4cb5-aaec-d714b16f4822/current/log_inprogress_0
2019-09-03 05:33:02,061 [Thread-3286] INFO  impl.FollowerState (FollowerState.java:run(106)) - 3714cff3-a07e-4f81-85d4-28a9b78918d9:group-253DF9CF2DCA changes to CANDIDATE, lastRpcTime:5100, electionTimeout:5100ms
2019-09-03 05:33:02,061 [Thread-3286] INFO  impl.RoleInfo (RoleInfo.java:shutdownFollowerState(121)) - 3714cff3-a07e-4f81-85d4-28a9b78918d9: shutdown FollowerState
2019-09-03 05:33:02,061 [Thread-3286] INFO  impl.RaftServerImpl (RaftServerImpl.java:setRole(171)) - 3714cff3-a07e-4f81-85d4-28a9b78918d9:group-253DF9CF2DCA changes role from FOLLOWER to CANDIDATE at term 0 for changeToCandidate
2019-09-03 05:33:02,061 [Thread-3286] INFO  impl.RoleInfo (RoleInfo.java:updateAndGet(143)) - 3714cff3-a07e-4f81-85d4-28a9b78918d9: start LeaderElection
2019-09-03 05:33:02,075 [Thread-3290] INFO  impl.FollowerState (FollowerState.java:run(106)) - 504f24ee-e757-4027-92cd-9b6d310efdfe:group-253DF9CF2DCA changes to CANDIDATE, lastRpcTime:5109, electionTimeout:5109ms
2019-09-03 05:33:02,075 [Thread-3290] INFO  impl.RoleInfo (RoleInfo.java:shutdownFollowerState(121)) - 504f24ee-e757-4027-92cd-9b6d310efdfe: shutdown FollowerState
2019-09-03 05:33:02,075 [Thread-3290] INFO  impl.RaftServerImpl (RaftServerImpl.java:setRole(171)) - 504f24ee-e757-4027-92cd-9b6d310efdfe:group-253DF9CF2DCA changes role from FOLLOWER to CANDIDATE at term 0 for changeToCandidate
2019-09-03 05:33:02,075 [Thread-3290] INFO  impl.RoleInfo (RoleInfo.java:updateAndGet(143)) - 504f24ee-e757-4027-92cd-9b6d310efdfe: start LeaderElection
2019-09-03 05:33:02,081 [3714cff3-a07e-4f81-85d4-28a9b78918d9:group-253DF9CF2DCA:LeaderElection61] INFO  impl.LeaderElection (LeaderElection.java:askForVotes(181)) - 3714cff3-a07e-4f81-85d4-28a9b78918d9:group-253DF9CF2DCA:LeaderElection61: begin an election at term 1 for -1: [3714cff3-a07e-4f81-85d4-28a9b78918d9:192.168.36.111:36437, 3e2fd577-5016-4c18-a24a-a8dfce2a89c9:192.168.36.111:35956, 504f24ee-e757-4027-92cd-9b6d310efdfe:192.168.36.111:45241], old=null
2019-09-03 05:33:02,083 [504f24ee-e757-4027-92cd-9b6d310efdfe:group-253DF9CF2DCA:LeaderElection62] INFO  impl.LeaderElection (LeaderElection.java:askForVotes(181)) - 504f24ee-e757-4027-92cd-9b6d310efdfe:group-253DF9CF2DCA:LeaderElection62: begin an election at term 1 for -1: [3714cff3-a07e-4f81-85d4-28a9b78918d9:192.168.36.111:36437, 3e2fd577-5016-4c18-a24a-a8dfce2a89c9:192.168.36.111:35956, 504f24ee-e757-4027-92cd-9b6d310efdfe:192.168.36.111:45241], old=null
2019-09-03 05:33:02,108 [Thread-3283] INFO  impl.FollowerState (FollowerState.java:run(106)) - 0ad13ca6-799a-4fe2-9b6a-50b87be8609f:group-96E98D57E3B5 changes to CANDIDATE, lastRpcTime:5204, electionTimeout:5197ms
2019-09-03 05:33:02,110 [Thread-3283] INFO  impl.RoleInfo (RoleInfo.java:shutdownFollowerState(121)) - 0ad13ca6-799a-4fe2-9b6a-50b87be8609f: shutdown FollowerState
2019-09-03 05:33:02,108 [Thread-3298] INFO  impl.FollowerState (FollowerState.java:run(106)) - 50dc8b30-d557-42ae-aab0-254bd5a1602a:group-4E40E472B458 changes to CANDIDATE, lastRpcTime:5076, electionTimeout:5064ms
2019-09-03 05:33:02,108 [Thread-3291] INFO  impl.FollowerState (FollowerState.java:run(106)) - 3e2fd577-5016-4c18-a24a-a8dfce2a89c9:group-253DF9CF2DCA changes to CANDIDATE, lastRpcTime:5142, electionTimeout:5132ms
2019-09-03 05:33:02,110 [Thread-3298] INFO  impl.RoleInfo (RoleInfo.java:shutdownFollowerState(121)) - 50dc8b30-d557-42ae-aab0-254bd5a1602a: shutdown FollowerState
2019-09-03 05:33:02,111 [Thread-3298] INFO  impl.RaftServerImpl (RaftServerImpl.java:setRole(171)) - 50dc8b30-d557-42ae-aab0-254bd5a1602a:group-4E40E472B458 changes role from FOLLOWER to CANDIDATE at term 0 for changeToCandidate
2019-09-03 05:33:02,110 [Thread-3283] INFO  impl.RaftServerImpl (RaftServerImpl.java:setRole(171)) - 0ad13ca6-799a-4fe2-9b6a-50b87be8609f:group-96E98D57E3B5 changes role from FOLLOWER to CANDIDATE at term 0 for changeToCandidate
2019-09-03 05:33:02,113 [Thread-3298] INFO  impl.RoleInfo (RoleInfo.java:updateAndGet(143)) - 50dc8b30-d557-42ae-aab0-254bd5a1602a: start LeaderElection
2019-09-03 05:33:02,110 [Thread-3291] INFO  impl.RoleInfo (RoleInfo.java:shutdownFollowerState(121)) - 3e2fd577-5016-4c18-a24a-a8dfce2a89c9: shutdown FollowerState
2019-09-03 05:33:02,113 [Thread-3283] INFO  impl.RoleInfo (RoleInfo.java:updateAndGet(143)) - 0ad13ca6-799a-4fe2-9b6a-50b87be8609f: start LeaderElection
2019-09-03 05:33:02,114 [Thread-3291] INFO  impl.RaftServerImpl (RaftServerImpl.java:setRole(171)) - 3e2fd577-5016-4c18-a24a-a8dfce2a89c9:group-253DF9CF2DCA changes role from FOLLOWER to CANDIDATE at term 0 for changeToCandidate
2019-09-03 05:33:02,116 [Thread-3291] INFO  impl.RoleInfo (RoleInfo.java:updateAndGet(143)) - 3e2fd577-5016-4c18-a24a-a8dfce2a89c9: start LeaderElection
2019-09-03 05:33:02,129 [grpc-default-executor-8] INFO  impl.RaftServerImpl (RaftServerImpl.java:setRole(171)) - 3e2fd577-5016-4c18-a24a-a8dfce2a89c9:group-253DF9CF2DCA changes role from CANDIDATE to FOLLOWER at term 1 for recognizeCandidate:504f24ee-e757-4027-92cd-9b6d310efdfe
2019-09-03 05:33:02,131 [grpc-default-executor-8] INFO  impl.RoleInfo (RoleInfo.java:shutdownLeaderElection(134)) - 3e2fd577-5016-4c18-a24a-a8dfce2a89c9: shutdown LeaderElection
2019-09-03 05:33:02,131 [grpc-default-executor-8] INFO  impl.RoleInfo (RoleInfo.java:updateAndGet(143)) - 3e2fd577-5016-4c18-a24a-a8dfce2a89c9: start FollowerState
2019-09-03 05:33:02,140 [Thread-3295] INFO  impl.FollowerState (FollowerState.java:run(106)) - fb4443fd-5719-4a39-bdba-b2bf0c721de4:group-4E40E472B458 changes to CANDIDATE, lastRpcTime:5112, electionTimeout:5112ms
2019-09-03 05:33:02,140 [Thread-3295] INFO  impl.RoleInfo (RoleInfo.java:shutdownFollowerState(121)) - fb4443fd-5719-4a39-bdba-b2bf0c721de4: shutdown FollowerState
2019-09-03 05:33:02,140 [Thread-3295] INFO  impl.RaftServerImpl (RaftServerImpl.java:setRole(171)) - fb4443fd-5719-4a39-bdba-b2bf0c721de4:group-4E40E472B458 changes role from FOLLOWER to CANDIDATE at term 0 for changeToCandidate
2019-09-03 05:33:02,140 [Thread-3295] INFO  impl.RoleInfo (RoleInfo.java:updateAndGet(143)) - fb4443fd-5719-4a39-bdba-b2bf0c721de4: start LeaderElection
2019-09-03 05:33:02,147 [50dc8b30-d557-42ae-aab0-254bd5a1602a:group-4E40E472B458:LeaderElection63] INFO  impl.LeaderElection (LeaderElection.java:askForVotes(181)) - 50dc8b30-d557-42ae-aab0-254bd5a1602a:group-4E40E472B458:LeaderElection63: begin an election at term 1 for -1: [bdb17887-013a-4087-af28-f0cb81f209cd:192.168.36.111:35112, 50dc8b30-d557-42ae-aab0-254bd5a1602a:192.168.36.111:41881, fb4443fd-5719-4a39-bdba-b2bf0c721de4:192.168.36.111:41139], old=null
2019-09-03 05:33:02,147 [0ad13ca6-799a-4fe2-9b6a-50b87be8609f:group-96E98D57E3B5:LeaderElection64] INFO  impl.LeaderElection (LeaderElection.java:askForVotes(181)) - 0ad13ca6-799a-4fe2-9b6a-50b87be8609f:group-96E98D57E3B5:LeaderElection64: begin an election at term 1 for -1: [0ad13ca6-799a-4fe2-9b6a-50b87be8609f:192.168.36.111:39137], old=null
2019-09-03 05:33:02,149 [grpc-default-executor-3] INFO  impl.RaftServerImpl (RaftServerImpl.java:setRole(171)) - 3e2fd577-5016-4c18-a24a-a8dfce2a89c9:group-253DF9CF2DCA changes role from FOLLOWER to FOLLOWER at term 1 for recognizeCandidate:3714cff3-a07e-4f81-85d4-28a9b78918d9
2019-09-03 05:33:02,149 [0ad13ca6-799a-4fe2-9b6a-50b87be8609f:group-96E98D57E3B5:LeaderElection64] INFO  impl.RoleInfo (RoleInfo.java:shutdownLeaderElection(134)) - 0ad13ca6-799a-4fe2-9b6a-50b87be8609f: shutdown LeaderElection
2019-09-03 05:33:02,150 [grpc-default-executor-3] INFO  impl.RoleInfo (RoleInfo.java:shutdownFollowerState(121)) - 3e2fd577-5016-4c18-a24a-a8dfce2a89c9: shutdown FollowerState
2019-09-03 05:33:02,150 [0ad13ca6-799a-4fe2-9b6a-50b87be8609f:group-96E98D57E3B5:LeaderElection64] INFO  impl.RaftServerImpl (RaftServerImpl.java:setRole(171)) - 0ad13ca6-799a-4fe2-9b6a-50b87be8609f:group-96E98D57E3B5 changes role from CANDIDATE to LEADER at term 1 for changeToLeader
2019-09-03 05:33:02,150 [grpc-default-executor-3] INFO  impl.RoleInfo (RoleInfo.java:updateAndGet(143)) - 3e2fd577-5016-4c18-a24a-a8dfce2a89c9: start FollowerState
2019-09-03 05:33:02,150 [504f24ee-e757-4027-92cd-9b6d310efdfe:group-253DF9CF2DCA:LeaderElection62] INFO  impl.LeaderElection (LeaderElection.java:logAndReturn(56)) - 504f24ee-e757-4027-92cd-9b6d310efdfe:group-253DF9CF2DCA:LeaderElection62: Election REJECTED; received 2 response(s) [504f24ee-e757-4027-92cd-9b6d310efdfe<-3714cff3-a07e-4f81-85d4-28a9b78918d9#0:FAIL-t1, 504f24ee-e757-4027-92cd-9b6d310efdfe<-3e2fd577-5016-4c18-a24a-a8dfce2a89c9#0:FAIL-t1] and 0 exception(s); 504f24ee-e757-4027-92cd-9b6d310efdfe:t1, leader=null, voted=504f24ee-e757-4027-92cd-9b6d310efdfe, raftlog=504f24ee-e757-4027-92cd-9b6d310efdfe-SegmentedRaftLog:OPENED:c-1,f-1,i0, conf=-1: [3714cff3-a07e-4f81-85d4-28a9b78918d9:192.168.36.111:36437, 3e2fd577-5016-4c18-a24a-a8dfce2a89c9:192.168.36.111:35956, 504f24ee-e757-4027-92cd-9b6d310efdfe:192.168.36.111:45241], old=null
2019-09-03 05:33:02,150 [0ad13ca6-799a-4fe2-9b6a-50b87be8609f:group-96E98D57E3B5:LeaderElection64] INFO  impl.RaftServerImpl (ServerState.java:setLeader(263)) - 0ad13ca6-799a-4fe2-9b6a-50b87be8609f:group-96E98D57E3B5 change Leader from null to 0ad13ca6-799a-4fe2-9b6a-50b87be8609f at term 1 for becomeLeader, leader elected after 5250ms
2019-09-03 05:33:02,150 [Thread-3342] INFO  impl.FollowerState (FollowerState.java:run(114)) - 3e2fd577-5016-4c18-a24a-a8dfce2a89c9: FollowerState was interrupted: java.lang.InterruptedException: sleep interrupted
2019-09-03 05:33:02,151 [0ad13ca6-799a-4fe2-9b6a-50b87be8609f:group-96E98D57E3B5:LeaderElection64] INFO  server.RaftServerConfigKeys (ConfUtils.java:logGet(43)) - raft.server.staging.catchup.gap = 1000 (default)
2019-09-03 05:33:02,151 [504f24ee-e757-4027-92cd-9b6d310efdfe:group-253DF9CF2DCA:LeaderElection62] INFO  impl.RaftServerImpl (RaftServerImpl.java:setRole(171)) - 504f24ee-e757-4027-92cd-9b6d310efdfe:group-253DF9CF2DCA changes role from CANDIDATE to FOLLOWER at term 1 for DISCOVERED_A_NEW_TERM
2019-09-03 05:33:02,153 [0ad13ca6-799a-4fe2-9b6a-50b87be8609f:group-96E98D57E3B5:LeaderElection64] INFO  server.RaftServerConfigKeys (ConfUtils.java:logGet(43)) - raft.server.rpc.sleep.time = 25ms (default)
2019-09-03 05:33:02,153 [504f24ee-e757-4027-92cd-9b6d310efdfe:group-253DF9CF2DCA:LeaderElection62] INFO  impl.RoleInfo (RoleInfo.java:shutdownLeaderElection(134)) - 504f24ee-e757-4027-92cd-9b6d310efdfe: shutdown LeaderElection
2019-09-03 05:33:02,154 [0ad13ca6-799a-4fe2-9b6a-50b87be8609f:group-96E98D57E3B5:LeaderElection64] INFO  server.RaftServerConfigKeys (ConfUtils.java:logGet(43)) - raft.server.write.element-limit = 4096 (default)
2019-09-03 05:33:02,154 [504f24ee-e757-4027-92cd-9b6d310efdfe:group-253DF9CF2DCA:LeaderElection62] INFO  impl.RoleInfo (RoleInfo.java:updateAndGet(143)) - 504f24ee-e757-4027-92cd-9b6d310efdfe: start FollowerState
2019-09-03 05:33:02,154 [0ad13ca6-799a-4fe2-9b6a-50b87be8609f:group-96E98D57E3B5:LeaderElection64] INFO  server.RaftServerConfigKeys (ConfUtils.java:logGet(43)) - raft.server.watch.timeout = 10s (default)
2019-09-03 05:33:02,154 [0ad13ca6-799a-4fe2-9b6a-50b87be8609f:group-96E98D57E3B5:LeaderElection64] INFO  server.RaftServerConfigKeys (ConfUtils.java:logGet(43)) - raft.server.watch.timeout.denomination = 1s (default)
2019-09-03 05:33:02,154 [0ad13ca6-799a-4fe2-9b6a-50b87be8609f:group-96E98D57E3B5:LeaderElection64] INFO  server.RaftServerConfigKeys (ConfUtils.java:logGet(43)) - raft.server.watch.element-limit = 65536 (default)
2019-09-03 05:33:02,155 [0ad13ca6-799a-4fe2-9b6a-50b87be8609f:group-96E98D57E3B5:LeaderElection64] INFO  impl.RoleInfo (RoleInfo.java:updateAndGet(143)) - 0ad13ca6-799a-4fe2-9b6a-50b87be8609f: start LeaderState
2019-09-03 05:33:02,155 [0ad13ca6-799a-4fe2-9b6a-50b87be8609f:group-96E98D57E3B5:LeaderElection64] INFO  segmented.SegmentedRaftLogWorker (SegmentedRaftLogWorker.java:startLogSegment(380)) - 0ad13ca6-799a-4fe2-9b6a-50b87be8609f-SegmentedRaftLogWorker:Storage Directory /workdir/hadoop-ozone/integration-test/target/test-dir/MiniOzoneClusterImpl-c64d20cb-122d-47af-9bf2-d2da5c3556a3/datanode-6/data/ratis/a8492f76-982b-4b4c-a87c-96e98d57e3b5: Starting segment from index:0
2019-09-03 05:33:02,156 [0ad13ca6-799a-4fe2-9b6a-50b87be8609f:group-96E98D57E3B5:LeaderElection64] INFO  impl.RaftServerImpl (ServerState.java:setRaftConf(361)) - 0ad13ca6-799a-4fe2-9b6a-50b87be8609f:group-96E98D57E3B5 set configuration 0: [0ad13ca6-799a-4fe2-9b6a-50b87be8609f:192.168.36.111:39137], old=null at 0
2019-09-03 05:33:02,196 [Thread-3301] INFO  impl.FollowerState (FollowerState.java:run(106)) - bdb17887-013a-4087-af28-f0cb81f209cd:group-4E40E472B458 changes to CANDIDATE, lastRpcTime:5163, electionTimeout:5127ms
2019-09-03 05:33:02,196 [fb4443fd-5719-4a39-bdba-b2bf0c721de4:group-4E40E472B458:LeaderElection66] INFO  impl.LeaderElection (LeaderElection.java:askForVotes(181)) - fb4443fd-5719-4a39-bdba-b2bf0c721de4:group-4E40E472B458:LeaderElection66: begin an election at term 1 for -1: [bdb17887-013a-4087-af28-f0cb81f209cd:192.168.36.111:35112, 50dc8b30-d557-42ae-aab0-254bd5a1602a:192.168.36.111:41881, fb4443fd-5719-4a39-bdba-b2bf0c721de4:192.168.36.111:41139], old=null
2019-09-03 05:33:02,196 [Thread-3301] INFO  impl.RoleInfo (RoleInfo.java:shutdownFollowerState(121)) - bdb17887-013a-4087-af28-f0cb81f209cd: shutdown FollowerState
2019-09-03 05:33:02,200 [Thread-3301] INFO  impl.RaftServerImpl (RaftServerImpl.java:setRole(171)) - bdb17887-013a-4087-af28-f0cb81f209cd:group-4E40E472B458 changes role from FOLLOWER to CANDIDATE at term 0 for changeToCandidate
2019-09-03 05:33:02,200 [Thread-3301] INFO  impl.RoleInfo (RoleInfo.java:updateAndGet(143)) - bdb17887-013a-4087-af28-f0cb81f209cd: start LeaderElection
2019-09-03 05:33:02,203 [grpc-default-executor-8] INFO  impl.RaftServerImpl (RaftServerImpl.java:setRole(171)) - bdb17887-013a-4087-af28-f0cb81f209cd:group-4E40E472B458 changes role from CANDIDATE to FOLLOWER at term 1 for recognizeCandidate:50dc8b30-d557-42ae-aab0-254bd5a1602a
2019-09-03 05:33:02,204 [grpc-default-executor-8] INFO  impl.RoleInfo (RoleInfo.java:shutdownLeaderElection(134)) - bdb17887-013a-4087-af28-f0cb81f209cd: shutdown LeaderElection
2019-09-03 05:33:02,204 [3714cff3-a07e-4f81-85d4-28a9b78918d9:group-253DF9CF2DCA:LeaderElection61] INFO  impl.LeaderElection (LeaderElection.java:logAndReturn(56)) - 3714cff3-a07e-4f81-85d4-28a9b78918d9:group-253DF9CF2DCA:LeaderElection61: Election PASSED; received 2 response(s) [3714cff3-a07e-4f81-85d4-28a9b78918d9<-3e2fd577-5016-4c18-a24a-a8dfce2a89c9#0:OK-t1, 3714cff3-a07e-4f81-85d4-28a9b78918d9<-504f24ee-e757-4027-92cd-9b6d310efdfe#0:FAIL-t1] and 0 exception(s); 3714cff3-a07e-4f81-85d4-28a9b78918d9:t1, leader=null, voted=3714cff3-a07e-4f81-85d4-28a9b78918d9, raftlog=3714cff3-a07e-4f81-85d4-28a9b78918d9-SegmentedRaftLog:OPENED:c-1,f-1,i0, conf=-1: [3714cff3-a07e-4f81-85d4-28a9b78918d9:192.168.36.111:36437, 3e2fd577-5016-4c18-a24a-a8dfce2a89c9:192.168.36.111:35956, 504f24ee-e757-4027-92cd-9b6d310efdfe:192.168.36.111:45241], old=null
2019-09-03 05:33:02,204 [grpc-default-executor-8] INFO  impl.RoleInfo (RoleInfo.java:updateAndGet(143)) - bdb17887-013a-4087-af28-f0cb81f209cd: start FollowerState
2019-09-03 05:33:02,204 [3714cff3-a07e-4f81-85d4-28a9b78918d9:group-253DF9CF2DCA:LeaderElection61] INFO  impl.RoleInfo (RoleInfo.java:shutdownLeaderElection(134)) - 3714cff3-a07e-4f81-85d4-28a9b78918d9: shutdown LeaderElection
2019-09-03 05:33:02,204 [3714cff3-a07e-4f81-85d4-28a9b78918d9:group-253DF9CF2DCA:LeaderElection61] INFO  impl.RaftServerImpl (RaftServerImpl.java:setRole(171)) - 3714cff3-a07e-4f81-85d4-28a9b78918d9:group-253DF9CF2DCA changes role from CANDIDATE to LEADER at term 1 for changeToLeader
2019-09-03 05:33:02,204 [3714cff3-a07e-4f81-85d4-28a9b78918d9:group-253DF9CF2DCA:LeaderElection61] INFO  impl.RaftServerImpl (ServerState.java:setLeader(263)) - 3714cff3-a07e-4f81-85d4-28a9b78918d9:group-253DF9CF2DCA change Leader from null to 3714cff3-a07e-4f81-85d4-28a9b78918d9 at term 1 for becomeLeader, leader elected after 5250ms
2019-09-03 05:33:02,204 [3714cff3-a07e-4f81-85d4-28a9b78918d9:group-253DF9CF2DCA:LeaderElection61] INFO  server.RaftServerConfigKeys (ConfUtils.java:logGet(43)) - raft.server.staging.catchup.gap = 1000 (default)
2019-09-03 05:33:02,204 [3714cff3-a07e-4f81-85d4-28a9b78918d9:group-253DF9CF2DCA:LeaderElection61] INFO  server.RaftServerConfigKeys (ConfUtils.java:logGet(43)) - raft.server.rpc.sleep.time = 25ms (default)
2019-09-03 05:33:02,205 [3714cff3-a07e-4f81-85d4-28a9b78918d9:group-253DF9CF2DCA:LeaderElection61] INFO  server.RaftServerConfigKeys (ConfUtils.java:logGet(43)) - raft.server.write.element-limit = 4096 (default)
2019-09-03 05:33:02,205 [3714cff3-a07e-4f81-85d4-28a9b78918d9:group-253DF9CF2DCA:LeaderElection61] INFO  server.RaftServerConfigKeys (ConfUtils.java:logGet(43)) - raft.server.watch.timeout = 10s (default)
2019-09-03 05:33:02,205 [3714cff3-a07e-4f81-85d4-28a9b78918d9:group-253DF9CF2DCA:LeaderElection61] INFO  server.RaftServerConfigKeys (ConfUtils.java:logGet(43)) - raft.server.watch.timeout.denomination = 1s (default)
2019-09-03 05:33:02,205 [3714cff3-a07e-4f81-85d4-28a9b78918d9:group-253DF9CF2DCA:LeaderElection61] INFO  server.RaftServerConfigKeys (ConfUtils.java:logGet(43)) - raft.server.watch.element-limit = 65536 (default)
2019-09-03 05:33:02,206 [3714cff3-a07e-4f81-85d4-28a9b78918d9:group-253DF9CF2DCA:LeaderElection61] INFO  server.RaftServerConfigKeys (ConfUtils.java:logGet(43)) - raft.server.log.appender.snapshot.chunk.size.max = 16MB (=16777216) (default)
2019-09-03 05:33:02,206 [3714cff3-a07e-4f81-85d4-28a9b78918d9:group-253DF9CF2DCA:LeaderElection61] INFO  server.RaftServerConfigKeys (ConfUtils.java:logGet(43)) - raft.server.log.appender.buffer.byte-limit = 33554432 (custom)
2019-09-03 05:33:02,206 [3714cff3-a07e-4f81-85d4-28a9b78918d9:group-253DF9CF2DCA:LeaderElection61] INFO  server.RaftServerConfigKeys (ConfUtils.java:logGet(43)) - raft.server.log.appender.buffer.element-limit = 1 (custom)
2019-09-03 05:33:02,208 [3714cff3-a07e-4f81-85d4-28a9b78918d9:group-253DF9CF2DCA:LeaderElection61] INFO  grpc.GrpcConfigKeys$Server (ConfUtils.java:logGet(43)) - raft.grpc.server.leader.outstanding.appends.max = 128 (default)
2019-09-03 05:33:02,211 [grpc-default-executor-3] INFO  impl.RaftServerImpl (RaftServerImpl.java:setRole(171)) - bdb17887-013a-4087-af28-f0cb81f209cd:group-4E40E472B458 changes role from FOLLOWER to FOLLOWER at term 1 for recognizeCandidate:fb4443fd-5719-4a39-bdba-b2bf0c721de4
2019-09-03 05:33:02,211 [3e2fd577-5016-4c18-a24a-a8dfce2a89c9:group-253DF9CF2DCA:LeaderElection65] INFO  impl.LeaderElection (LeaderElection.java:askForVotes(181)) - 3e2fd577-5016-4c18-a24a-a8dfce2a89c9:group-253DF9CF2DCA:LeaderElection65: begin an election at term 2 for -1: [3714cff3-a07e-4f81-85d4-28a9b78918d9:192.168.36.111:36437, 3e2fd577-5016-4c18-a24a-a8dfce2a89c9:192.168.36.111:35956, 504f24ee-e757-4027-92cd-9b6d310efdfe:192.168.36.111:45241], old=null
2019-09-03 05:33:02,209 [0ad13ca6-799a-4fe2-9b6a-50b87be8609f-SegmentedRaftLogWorker:Storage Directory /workdir/hadoop-ozone/integration-test/target/test-dir/MiniOzoneClusterImpl-c64d20cb-122d-47af-9bf2-d2da5c3556a3/datanode-6/data/ratis/a8492f76-982b-4b4c-a87c-96e98d57e3b5] INFO  segmented.SegmentedRaftLogWorker (SegmentedRaftLogWorker.java:execute(569)) - 0ad13ca6-799a-4fe2-9b6a-50b87be8609f-SegmentedRaftLogWorker:Storage Directory /workdir/hadoop-ozone/integration-test/target/test-dir/MiniOzoneClusterImpl-c64d20cb-122d-47af-9bf2-d2da5c3556a3/datanode-6/data/ratis/a8492f76-982b-4b4c-a87c-96e98d57e3b5: created new log segment /workdir/hadoop-ozone/integration-test/target/test-dir/MiniOzoneClusterImpl-c64d20cb-122d-47af-9bf2-d2da5c3556a3/datanode-6/data/ratis/a8492f76-982b-4b4c-a87c-96e98d57e3b5/current/log_inprogress_0
2019-09-03 05:33:02,211 [grpc-default-executor-3] INFO  impl.RoleInfo (RoleInfo.java:shutdownFollowerState(121)) - bdb17887-013a-4087-af28-f0cb81f209cd: shutdown FollowerState
2019-09-03 05:33:02,214 [3e2fd577-5016-4c18-a24a-a8dfce2a89c9:group-253DF9CF2DCA:LeaderElection65] INFO  impl.LeaderElection (LeaderElection.java:logAndReturn(56)) - 3e2fd577-5016-4c18-a24a-a8dfce2a89c9:group-253DF9CF2DCA:LeaderElection65: Election REJECTED; received 0 response(s) [] and 0 exception(s); 3e2fd577-5016-4c18-a24a-a8dfce2a89c9:t2, leader=null, voted=3e2fd577-5016-4c18-a24a-a8dfce2a89c9, raftlog=3e2fd577-5016-4c18-a24a-a8dfce2a89c9-SegmentedRaftLog:OPENED:c-1,f-1,i0, conf=-1: [3714cff3-a07e-4f81-85d4-28a9b78918d9:192.168.36.111:36437, 3e2fd577-5016-4c18-a24a-a8dfce2a89c9:192.168.36.111:35956, 504f24ee-e757-4027-92cd-9b6d310efdfe:192.168.36.111:45241], old=null
2019-09-03 05:33:02,214 [Thread-3352] INFO  impl.FollowerState (FollowerState.java:run(114)) - bdb17887-013a-4087-af28-f0cb81f209cd: FollowerState was interrupted: java.lang.InterruptedException: sleep interrupted
2019-09-03 05:33:02,214 [50dc8b30-d557-42ae-aab0-254bd5a1602a:group-4E40E472B458:LeaderElection63] INFO  impl.LeaderElection (LeaderElection.java:logAndReturn(56)) - 50dc8b30-d557-42ae-aab0-254bd5a1602a:group-4E40E472B458:LeaderElection63: Election REJECTED; received 2 response(s) [50dc8b30-d557-42ae-aab0-254bd5a1602a<-bdb17887-013a-4087-af28-f0cb81f209cd#0:FAIL-t1, 50dc8b30-d557-42ae-aab0-254bd5a1602a<-fb4443fd-5719-4a39-bdba-b2bf0c721de4#0:FAIL-t1] and 0 exception(s); 50dc8b30-d557-42ae-aab0-254bd5a1602a:t1, leader=null, voted=50dc8b30-d557-42ae-aab0-254bd5a1602a, raftlog=50dc8b30-d557-42ae-aab0-254bd5a1602a-SegmentedRaftLog:OPENED:c-1,f-1,i0, conf=-1: [bdb17887-013a-4087-af28-f0cb81f209cd:192.168.36.111:35112, 50dc8b30-d557-42ae-aab0-254bd5a1602a:192.168.36.111:41881, fb4443fd-5719-4a39-bdba-b2bf0c721de4:192.168.36.111:41139], old=null
2019-09-03 05:33:02,211 [3714cff3-a07e-4f81-85d4-28a9b78918d9:group-253DF9CF2DCA:LeaderElection61] INFO  server.RaftServerConfigKeys (ConfUtils.java:logGet(43)) - raft.server.rpc.request.timeout = 3000ms (default)
2019-09-03 05:33:02,216 [50dc8b30-d557-42ae-aab0-254bd5a1602a:group-4E40E472B458:LeaderElection63] INFO  impl.RaftServerImpl (RaftServerImpl.java:setRole(171)) - 50dc8b30-d557-42ae-aab0-254bd5a1602a:group-4E40E472B458 changes role from CANDIDATE to FOLLOWER at term 1 for DISCOVERED_A_NEW_TERM
2019-09-03 05:33:02,216 [50dc8b30-d557-42ae-aab0-254bd5a1602a:group-4E40E472B458:LeaderElection63] INFO  impl.RoleInfo (RoleInfo.java:shutdownLeaderElection(134)) - 50dc8b30-d557-42ae-aab0-254bd5a1602a: shutdown LeaderElection
2019-09-03 05:33:02,214 [grpc-default-executor-3] INFO  impl.RoleInfo (RoleInfo.java:updateAndGet(143)) - bdb17887-013a-4087-af28-f0cb81f209cd: start FollowerState
2019-09-03 05:33:02,216 [50dc8b30-d557-42ae-aab0-254bd5a1602a:group-4E40E472B458:LeaderElection63] INFO  impl.RoleInfo (RoleInfo.java:updateAndGet(143)) - 50dc8b30-d557-42ae-aab0-254bd5a1602a: start FollowerState
2019-09-03 05:33:02,216 [3714cff3-a07e-4f81-85d4-28a9b78918d9:group-253DF9CF2DCA:LeaderElection61] INFO  server.RaftServerConfigKeys (ConfUtils.java:logGet(43)) - raft.server.log.appender.install.snapshot.enabled = false (custom)
2019-09-03 05:33:02,217 [3714cff3-a07e-4f81-85d4-28a9b78918d9:group-253DF9CF2DCA:LeaderElection61] INFO  server.RaftServerConfigKeys (ConfUtils.java:logGet(43)) - raft.server.log.appender.snapshot.chunk.size.max = 16MB (=16777216) (default)
2019-09-03 05:33:02,217 [3714cff3-a07e-4f81-85d4-28a9b78918d9:group-253DF9CF2DCA:LeaderElection61] INFO  server.RaftServerConfigKeys (ConfUtils.java:logGet(43)) - raft.server.log.appender.buffer.byte-limit = 33554432 (custom)
2019-09-03 05:33:02,217 [3714cff3-a07e-4f81-85d4-28a9b78918d9:group-253DF9CF2DCA:LeaderElection61] INFO  server.RaftServerConfigKeys (ConfUtils.java:logGet(43)) - raft.server.log.appender.buffer.element-limit = 1 (custom)
2019-09-03 05:33:02,218 [3714cff3-a07e-4f81-85d4-28a9b78918d9:group-253DF9CF2DCA:LeaderElection61] INFO  grpc.GrpcConfigKeys$Server (ConfUtils.java:logGet(43)) - raft.grpc.server.leader.outstanding.appends.max = 128 (default)
2019-09-03 05:33:02,218 [3714cff3-a07e-4f81-85d4-28a9b78918d9:group-253DF9CF2DCA:LeaderElection61] INFO  server.RaftServerConfigKeys (ConfUtils.java:logGet(43)) - raft.server.rpc.request.timeout = 3000ms (default)
2019-09-03 05:33:02,219 [3714cff3-a07e-4f81-85d4-28a9b78918d9:group-253DF9CF2DCA:LeaderElection61] INFO  server.RaftServerConfigKeys (ConfUtils.java:logGet(43)) - raft.server.log.appender.install.snapshot.enabled = false (custom)
2019-09-03 05:33:02,220 [3714cff3-a07e-4f81-85d4-28a9b78918d9:group-253DF9CF2DCA:LeaderElection61] INFO  impl.RoleInfo (RoleInfo.java:updateAndGet(143)) - 3714cff3-a07e-4f81-85d4-28a9b78918d9: start LeaderState
2019-09-03 05:33:02,225 [grpc-default-executor-8] INFO  impl.RaftServerImpl (RaftServerImpl.java:setRole(171)) - 504f24ee-e757-4027-92cd-9b6d310efdfe:group-253DF9CF2DCA changes role from FOLLOWER to FOLLOWER at term 2 for recognizeCandidate:3e2fd577-5016-4c18-a24a-a8dfce2a89c9
2019-09-03 05:33:02,225 [3714cff3-a07e-4f81-85d4-28a9b78918d9:group-253DF9CF2DCA:LeaderElection61] INFO  segmented.SegmentedRaftLogWorker (SegmentedRaftLogWorker.java:startLogSegment(380)) - 3714cff3-a07e-4f81-85d4-28a9b78918d9-SegmentedRaftLogWorker:Storage Directory /workdir/hadoop-ozone/integration-test/target/test-dir/MiniOzoneClusterImpl-c64d20cb-122d-47af-9bf2-d2da5c3556a3/datanode-3/data/ratis/57bec98f-3362-41f4-9e01-253df9cf2dca: Starting segment from index:0
2019-09-03 05:33:02,225 [grpc-default-executor-8] INFO  impl.RoleInfo (RoleInfo.java:shutdownFollowerState(121)) - 504f24ee-e757-4027-92cd-9b6d310efdfe: shutdown FollowerState
2019-09-03 05:33:02,225 [grpc-default-executor-8] INFO  impl.RoleInfo (RoleInfo.java:updateAndGet(143)) - 504f24ee-e757-4027-92cd-9b6d310efdfe: start FollowerState
2019-09-03 05:33:02,225 [Thread-3348] INFO  impl.FollowerState (FollowerState.java:run(114)) - 504f24ee-e757-4027-92cd-9b6d310efdfe: FollowerState was interrupted: java.lang.InterruptedException: sleep interrupted
2019-09-03 05:33:02,255 [3714cff3-a07e-4f81-85d4-28a9b78918d9:group-253DF9CF2DCA:LeaderElection61] INFO  impl.RaftServerImpl (ServerState.java:setRaftConf(361)) - 3714cff3-a07e-4f81-85d4-28a9b78918d9:group-253DF9CF2DCA set configuration 0: [3714cff3-a07e-4f81-85d4-28a9b78918d9:192.168.36.111:36437, 3e2fd577-5016-4c18-a24a-a8dfce2a89c9:192.168.36.111:35956, 504f24ee-e757-4027-92cd-9b6d310efdfe:192.168.36.111:45241], old=null at 0
2019-09-03 05:33:02,255 [grpc-default-executor-10] INFO  impl.RaftServerImpl (ServerState.java:setLeader(263)) - 3714cff3-a07e-4f81-85d4-28a9b78918d9:group-253DF9CF2DCA change Leader from 3714cff3-a07e-4f81-85d4-28a9b78918d9 to null at term 2 for updateCurrentTerm
2019-09-03 05:33:02,256 [grpc-default-executor-10] INFO  impl.RaftServerImpl (RaftServerImpl.java:setRole(171)) - 3714cff3-a07e-4f81-85d4-28a9b78918d9:group-253DF9CF2DCA changes role from LEADER to FOLLOWER at term 2 for recognizeCandidate:3e2fd577-5016-4c18-a24a-a8dfce2a89c9
2019-09-03 05:33:02,257 [grpc-default-executor-10] INFO  impl.RoleInfo (RoleInfo.java:shutdownLeaderState(104)) - 3714cff3-a07e-4f81-85d4-28a9b78918d9: shutdown LeaderState
2019-09-03 05:33:02,260 [grpc-default-executor-10] INFO  impl.PendingRequests (PendingRequests.java:sendNotLeaderResponses(202)) - 3714cff3-a07e-4f81-85d4-28a9b78918d9-PendingRequests: sendNotLeaderResponses
2019-09-03 05:33:02,261 [org.apache.ratis.server.impl.LogAppender$AppenderDaemon$$Lambda$523/1816514103@5aefac66] WARN  server.GrpcLogAppender (GrpcLogAppender.java:mayWait(143)) - GrpcLogAppender(3714cff3-a07e-4f81-85d4-28a9b78918d9->3e2fd577-5016-4c18-a24a-a8dfce2a89c9): Wait interrupted by java.lang.InterruptedException
2019-09-03 05:33:02,260 [fb4443fd-5719-4a39-bdba-b2bf0c721de4:group-4E40E472B458:LeaderElection66] INFO  impl.LeaderElection (LeaderElection.java:logAndReturn(56)) - fb4443fd-5719-4a39-bdba-b2bf0c721de4:group-4E40E472B458:LeaderElection66: Election PASSED; received 2 response(s) [fb4443fd-5719-4a39-bdba-b2bf0c721de4<-bdb17887-013a-4087-af28-f0cb81f209cd#0:OK-t1, fb4443fd-5719-4a39-bdba-b2bf0c721de4<-50dc8b30-d557-42ae-aab0-254bd5a1602a#0:FAIL-t1] and 0 exception(s); fb4443fd-5719-4a39-bdba-b2bf0c721de4:t1, leader=null, voted=fb4443fd-5719-4a39-bdba-b2bf0c721de4, raftlog=fb4443fd-5719-4a39-bdba-b2bf0c721de4-SegmentedRaftLog:OPENED:c-1,f-1,i0, conf=-1: [bdb17887-013a-4087-af28-f0cb81f209cd:192.168.36.111:35112, 50dc8b30-d557-42ae-aab0-254bd5a1602a:192.168.36.111:41881, fb4443fd-5719-4a39-bdba-b2bf0c721de4:192.168.36.111:41139], old=null
2019-09-03 05:33:02,261 [grpc-default-executor-10] INFO  impl.RoleInfo (RoleInfo.java:updateAndGet(143)) - 3714cff3-a07e-4f81-85d4-28a9b78918d9: start FollowerState
2019-09-03 05:33:02,261 [org.apache.ratis.server.impl.LogAppender$AppenderDaemon$$Lambda$523/1816514103@1fed295f] WARN  server.GrpcLogAppender (GrpcLogAppender.java:mayWait(143)) - GrpcLogAppender(3714cff3-a07e-4f81-85d4-28a9b78918d9->504f24ee-e757-4027-92cd-9b6d310efdfe): Wait interrupted by java.lang.InterruptedException
2019-09-03 05:33:02,261 [fb4443fd-5719-4a39-bdba-b2bf0c721de4:group-4E40E472B458:LeaderElection66] INFO  impl.RoleInfo (RoleInfo.java:shutdownLeaderElection(134)) - fb4443fd-5719-4a39-bdba-b2bf0c721de4: shutdown LeaderElection
2019-09-03 05:33:02,261 [grpc-default-executor-9] INFO  server.GrpcServerProtocolService (GrpcServerProtocolService.java:onCompleted(104)) - 3e2fd577-5016-4c18-a24a-a8dfce2a89c9: appendEntries completed
2019-09-03 05:33:02,261 [fb4443fd-5719-4a39-bdba-b2bf0c721de4:group-4E40E472B458:LeaderElection66] INFO  impl.RaftServerImpl (RaftServerImpl.java:setRole(171)) - fb4443fd-5719-4a39-bdba-b2bf0c721de4:group-4E40E472B458 changes role from CANDIDATE to LEADER at term 1 for changeToLeader
2019-09-03 05:33:02,262 [fb4443fd-5719-4a39-bdba-b2bf0c721de4:group-4E40E472B458:LeaderElection66] INFO  impl.RaftServerImpl (ServerState.java:setLeader(263)) - fb4443fd-5719-4a39-bdba-b2bf0c721de4:group-4E40E472B458 change Leader from null to fb4443fd-5719-4a39-bdba-b2bf0c721de4 at term 1 for becomeLeader, leader elected after 5240ms
2019-09-03 05:33:02,262 [fb4443fd-5719-4a39-bdba-b2bf0c721de4:group-4E40E472B458:LeaderElection66] INFO  server.RaftServerConfigKeys (ConfUtils.java:logGet(43)) - raft.server.staging.catchup.gap = 1000 (default)
2019-09-03 05:33:02,262 [fb4443fd-5719-4a39-bdba-b2bf0c721de4:group-4E40E472B458:LeaderElection66] INFO  server.RaftServerConfigKeys (ConfUtils.java:logGet(43)) - raft.server.rpc.sleep.time = 25ms (default)
2019-09-03 05:33:02,262 [fb4443fd-5719-4a39-bdba-b2bf0c721de4:group-4E40E472B458:LeaderElection66] INFO  server.RaftServerConfigKeys (ConfUtils.java:logGet(43)) - raft.server.write.element-limit = 4096 (default)
2019-09-03 05:33:02,262 [fb4443fd-5719-4a39-bdba-b2bf0c721de4:group-4E40E472B458:LeaderElection66] INFO  server.RaftServerConfigKeys (ConfUtils.java:logGet(43)) - raft.server.watch.timeout = 10s (default)
2019-09-03 05:33:02,262 [fb4443fd-5719-4a39-bdba-b2bf0c721de4:group-4E40E472B458:LeaderElection66] INFO  server.RaftServerConfigKeys (ConfUtils.java:logGet(43)) - raft.server.watch.timeout.denomination = 1s (default)
2019-09-03 05:33:02,262 [fb4443fd-5719-4a39-bdba-b2bf0c721de4:group-4E40E472B458:LeaderElection66] INFO  server.RaftServerConfigKeys (ConfUtils.java:logGet(43)) - raft.server.watch.element-limit = 65536 (default)
2019-09-03 05:33:02,262 [fb4443fd-5719-4a39-bdba-b2bf0c721de4:group-4E40E472B458:LeaderElection66] INFO  server.RaftServerConfigKeys (ConfUtils.java:logGet(43)) - raft.server.log.appender.snapshot.chunk.size.max = 16MB (=16777216) (default)
2019-09-03 05:33:02,263 [fb4443fd-5719-4a39-bdba-b2bf0c721de4:group-4E40E472B458:LeaderElection66] INFO  server.RaftServerConfigKeys (ConfUtils.java:logGet(43)) - raft.server.log.appender.buffer.byte-limit = 33554432 (custom)
2019-09-03 05:33:02,263 [fb4443fd-5719-4a39-bdba-b2bf0c721de4:group-4E40E472B458:LeaderElection66] INFO  server.RaftServerConfigKeys (ConfUtils.java:logGet(43)) - raft.server.log.appender.buffer.element-limit = 1 (custom)
2019-09-03 05:33:02,263 [fb4443fd-5719-4a39-bdba-b2bf0c721de4:group-4E40E472B458:LeaderElection66] INFO  grpc.GrpcConfigKeys$Server (ConfUtils.java:logGet(43)) - raft.grpc.server.leader.outstanding.appends.max = 128 (default)
2019-09-03 05:33:02,263 [fb4443fd-5719-4a39-bdba-b2bf0c721de4:group-4E40E472B458:LeaderElection66] INFO  server.RaftServerConfigKeys (ConfUtils.java:logGet(43)) - raft.server.rpc.request.timeout = 3000ms (default)
2019-09-03 05:33:02,263 [fb4443fd-5719-4a39-bdba-b2bf0c721de4:group-4E40E472B458:LeaderElection66] INFO  server.RaftServerConfigKeys (ConfUtils.java:logGet(43)) - raft.server.log.appender.install.snapshot.enabled = false (custom)
2019-09-03 05:33:02,263 [fb4443fd-5719-4a39-bdba-b2bf0c721de4:group-4E40E472B458:LeaderElection66] INFO  server.RaftServerConfigKeys (ConfUtils.java:logGet(43)) - raft.server.log.appender.snapshot.chunk.size.max = 16MB (=16777216) (default)
2019-09-03 05:33:02,263 [fb4443fd-5719-4a39-bdba-b2bf0c721de4:group-4E40E472B458:LeaderElection66] INFO  server.RaftServerConfigKeys (ConfUtils.java:logGet(43)) - raft.server.log.appender.buffer.byte-limit = 33554432 (custom)
2019-09-03 05:33:02,263 [fb4443fd-5719-4a39-bdba-b2bf0c721de4:group-4E40E472B458:LeaderElection66] INFO  server.RaftServerConfigKeys (ConfUtils.java:logGet(43)) - raft.server.log.appender.buffer.element-limit = 1 (custom)
2019-09-03 05:33:02,264 [fb4443fd-5719-4a39-bdba-b2bf0c721de4:group-4E40E472B458:LeaderElection66] INFO  grpc.GrpcConfigKeys$Server (ConfUtils.java:logGet(43)) - raft.grpc.server.leader.outstanding.appends.max = 128 (default)
2019-09-03 05:33:02,264 [fb4443fd-5719-4a39-bdba-b2bf0c721de4:group-4E40E472B458:LeaderElection66] INFO  server.RaftServerConfigKeys (ConfUtils.java:logGet(43)) - raft.server.rpc.request.timeout = 3000ms (default)
2019-09-03 05:33:02,264 [fb4443fd-5719-4a39-bdba-b2bf0c721de4:group-4E40E472B458:LeaderElection66] INFO  server.RaftServerConfigKeys (ConfUtils.java:logGet(43)) - raft.server.log.appender.install.snapshot.enabled = false (custom)
2019-09-03 05:33:02,264 [fb4443fd-5719-4a39-bdba-b2bf0c721de4:group-4E40E472B458:LeaderElection66] INFO  impl.RoleInfo (RoleInfo.java:updateAndGet(143)) - fb4443fd-5719-4a39-bdba-b2bf0c721de4: start LeaderState
2019-09-03 05:33:02,264 [fb4443fd-5719-4a39-bdba-b2bf0c721de4:group-4E40E472B458:LeaderElection66] INFO  segmented.SegmentedRaftLogWorker (SegmentedRaftLogWorker.java:startLogSegment(380)) - fb4443fd-5719-4a39-bdba-b2bf0c721de4-SegmentedRaftLogWorker:Storage Directory /workdir/hadoop-ozone/integration-test/target/test-dir/MiniOzoneClusterImpl-c64d20cb-122d-47af-9bf2-d2da5c3556a3/datanode-5/data/ratis/5462a4e0-72fa-49a7-bd86-4e40e472b458: Starting segment from index:0
2019-09-03 05:33:02,265 [fb4443fd-5719-4a39-bdba-b2bf0c721de4:group-4E40E472B458:LeaderElection66] INFO  impl.RaftServerImpl (ServerState.java:setRaftConf(361)) - fb4443fd-5719-4a39-bdba-b2bf0c721de4:group-4E40E472B458 set configuration 0: [bdb17887-013a-4087-af28-f0cb81f209cd:192.168.36.111:35112, 50dc8b30-d557-42ae-aab0-254bd5a1602a:192.168.36.111:41881, fb4443fd-5719-4a39-bdba-b2bf0c721de4:192.168.36.111:41139], old=null at 0
2019-09-03 05:33:02,266 [grpc-default-executor-9] INFO  impl.RaftServerImpl (ServerState.java:setLeader(263)) - 50dc8b30-d557-42ae-aab0-254bd5a1602a:group-4E40E472B458 change Leader from null to fb4443fd-5719-4a39-bdba-b2bf0c721de4 at term 1 for appendEntries, leader elected after 5244ms
2019-09-03 05:33:02,268 [grpc-default-executor-9] INFO  impl.RaftServerImpl (ServerState.java:setRaftConf(361)) - 50dc8b30-d557-42ae-aab0-254bd5a1602a:group-4E40E472B458 set configuration 0: [bdb17887-013a-4087-af28-f0cb81f209cd:192.168.36.111:35112, 50dc8b30-d557-42ae-aab0-254bd5a1602a:192.168.36.111:41881, fb4443fd-5719-4a39-bdba-b2bf0c721de4:192.168.36.111:41139], old=null at 0
2019-09-03 05:33:02,268 [bdb17887-013a-4087-af28-f0cb81f209cd:group-4E40E472B458:LeaderElection67] INFO  impl.LeaderElection (LeaderElection.java:askForVotes(181)) - bdb17887-013a-4087-af28-f0cb81f209cd:group-4E40E472B458:LeaderElection67: begin an election at term 2 for -1: [bdb17887-013a-4087-af28-f0cb81f209cd:192.168.36.111:35112, 50dc8b30-d557-42ae-aab0-254bd5a1602a:192.168.36.111:41881, fb4443fd-5719-4a39-bdba-b2bf0c721de4:192.168.36.111:41139], old=null
2019-09-03 05:33:02,268 [3714cff3-a07e-4f81-85d4-28a9b78918d9-SegmentedRaftLogWorker:Storage Directory /workdir/hadoop-ozone/integration-test/target/test-dir/MiniOzoneClusterImpl-c64d20cb-122d-47af-9bf2-d2da5c3556a3/datanode-3/data/ratis/57bec98f-3362-41f4-9e01-253df9cf2dca] INFO  segmented.SegmentedRaftLogWorker (SegmentedRaftLogWorker.java:execute(569)) - 3714cff3-a07e-4f81-85d4-28a9b78918d9-SegmentedRaftLogWorker:Storage Directory /workdir/hadoop-ozone/integration-test/target/test-dir/MiniOzoneClusterImpl-c64d20cb-122d-47af-9bf2-d2da5c3556a3/datanode-3/data/ratis/57bec98f-3362-41f4-9e01-253df9cf2dca: created new log segment /workdir/hadoop-ozone/integration-test/target/test-dir/MiniOzoneClusterImpl-c64d20cb-122d-47af-9bf2-d2da5c3556a3/datanode-3/data/ratis/57bec98f-3362-41f4-9e01-253df9cf2dca/current/log_inprogress_0
2019-09-03 05:33:02,268 [grpc-default-executor-7] INFO  server.GrpcServerProtocolService (GrpcServerProtocolService.java:onCompleted(104)) - 504f24ee-e757-4027-92cd-9b6d310efdfe: appendEntries completed
2019-09-03 05:33:02,268 [grpc-default-executor-9] INFO  segmented.SegmentedRaftLogWorker (SegmentedRaftLogWorker.java:startLogSegment(380)) - 50dc8b30-d557-42ae-aab0-254bd5a1602a-SegmentedRaftLogWorker:Storage Directory /workdir/hadoop-ozone/integration-test/target/test-dir/MiniOzoneClusterImpl-c64d20cb-122d-47af-9bf2-d2da5c3556a3/datanode-4/data/ratis/5462a4e0-72fa-49a7-bd86-4e40e472b458: Starting segment from index:0
2019-09-03 05:33:02,268 [grpc-default-executor-3] INFO  server.GrpcLogAppender (GrpcLogAppender.java:onCompleted(292)) - 3714cff3-a07e-4f81-85d4-28a9b78918d9->3e2fd577-5016-4c18-a24a-a8dfce2a89c9: follower responses appendEntries COMPLETED
2019-09-03 05:33:02,294 [grpc-default-executor-9] INFO  server.GrpcLogAppender (GrpcLogAppender.java:onCompleted(292)) - 3714cff3-a07e-4f81-85d4-28a9b78918d9->504f24ee-e757-4027-92cd-9b6d310efdfe: follower responses appendEntries COMPLETED
2019-09-03 05:33:02,292 [bdb17887-013a-4087-af28-f0cb81f209cd:group-4E40E472B458:LeaderElection67] INFO  impl.LeaderElection (LeaderElection.java:logAndReturn(56)) - bdb17887-013a-4087-af28-f0cb81f209cd:group-4E40E472B458:LeaderElection67: Election REJECTED; received 0 response(s) [] and 0 exception(s); bdb17887-013a-4087-af28-f0cb81f209cd:t2, leader=null, voted=bdb17887-013a-4087-af28-f0cb81f209cd, raftlog=bdb17887-013a-4087-af28-f0cb81f209cd-SegmentedRaftLog:OPENED:c-1,f-1,i0, conf=-1: [bdb17887-013a-4087-af28-f0cb81f209cd:192.168.36.111:35112, 50dc8b30-d557-42ae-aab0-254bd5a1602a:192.168.36.111:41881, fb4443fd-5719-4a39-bdba-b2bf0c721de4:192.168.36.111:41139], old=null
2019-09-03 05:33:02,295 [grpc-default-executor-9] INFO  impl.FollowerInfo (FollowerInfo.java:lambda$new$0(50)) - 3714cff3-a07e-4f81-85d4-28a9b78918d9->504f24ee-e757-4027-92cd-9b6d310efdfe: nextIndex: updateUnconditionally 0 -> 0
2019-09-03 05:33:02,295 [grpc-default-executor-3] INFO  impl.FollowerInfo (FollowerInfo.java:lambda$new$0(50)) - 3714cff3-a07e-4f81-85d4-28a9b78918d9->3e2fd577-5016-4c18-a24a-a8dfce2a89c9: nextIndex: updateUnconditionally 0 -> 0
2019-09-03 05:33:02,296 [Thread-3364] INFO  impl.RaftServerImpl (ServerState.java:setLeader(263)) - fb4443fd-5719-4a39-bdba-b2bf0c721de4:group-4E40E472B458 change Leader from fb4443fd-5719-4a39-bdba-b2bf0c721de4 to null at term 2 for updateCurrentTerm
2019-09-03 05:33:02,296 [Thread-3364] INFO  impl.RaftServerImpl (RaftServerImpl.java:setRole(171)) - fb4443fd-5719-4a39-bdba-b2bf0c721de4:group-4E40E472B458 changes role from LEADER to FOLLOWER at term 2 for stepDown
2019-09-03 05:33:02,296 [Thread-3364] INFO  impl.RoleInfo (RoleInfo.java:shutdownLeaderState(104)) - fb4443fd-5719-4a39-bdba-b2bf0c721de4: shutdown LeaderState
2019-09-03 05:33:02,322 [fb4443fd-5719-4a39-bdba-b2bf0c721de4-SegmentedRaftLogWorker:Storage Directory /workdir/hadoop-ozone/integration-test/target/test-dir/MiniOzoneClusterImpl-c64d20cb-122d-47af-9bf2-d2da5c3556a3/datanode-5/data/ratis/5462a4e0-72fa-49a7-bd86-4e40e472b458] INFO  segmented.SegmentedRaftLogWorker (SegmentedRaftLogWorker.java:execute(569)) - fb4443fd-5719-4a39-bdba-b2bf0c721de4-SegmentedRaftLogWorker:Storage Directory /workdir/hadoop-ozone/integration-test/target/test-dir/MiniOzoneClusterImpl-c64d20cb-122d-47af-9bf2-d2da5c3556a3/datanode-5/data/ratis/5462a4e0-72fa-49a7-bd86-4e40e472b458: created new log segment /workdir/hadoop-ozone/integration-test/target/test-dir/MiniOzoneClusterImpl-c64d20cb-122d-47af-9bf2-d2da5c3556a3/datanode-5/data/ratis/5462a4e0-72fa-49a7-bd86-4e40e472b458/current/log_inprogress_0
2019-09-03 05:33:02,322 [org.apache.ratis.server.impl.LogAppender$AppenderDaemon$$Lambda$523/1816514103@47096bc3] WARN  server.GrpcLogAppender (GrpcLogAppender.java:mayWait(143)) - GrpcLogAppender(fb4443fd-5719-4a39-bdba-b2bf0c721de4->50dc8b30-d557-42ae-aab0-254bd5a1602a): Wait interrupted by java.lang.InterruptedException
2019-09-03 05:33:02,323 [org.apache.ratis.server.impl.LogAppender$AppenderDaemon$$Lambda$523/1816514103@20bf5e6] WARN  server.GrpcLogAppender (GrpcLogAppender.java:mayWait(143)) - GrpcLogAppender(fb4443fd-5719-4a39-bdba-b2bf0c721de4->bdb17887-013a-4087-af28-f0cb81f209cd): Wait interrupted by java.lang.InterruptedException
2019-09-03 05:33:02,322 [Thread-3364] INFO  impl.PendingRequests (PendingRequests.java:sendNotLeaderResponses(202)) - fb4443fd-5719-4a39-bdba-b2bf0c721de4-PendingRequests: sendNotLeaderResponses
2019-09-03 05:33:02,323 [grpc-default-executor-10] INFO  server.GrpcServerProtocolService (GrpcServerProtocolService.java:onCompleted(104)) - bdb17887-013a-4087-af28-f0cb81f209cd: appendEntries completed
2019-09-03 05:33:02,323 [Thread-3364] INFO  impl.RoleInfo (RoleInfo.java:updateAndGet(143)) - fb4443fd-5719-4a39-bdba-b2bf0c721de4: start FollowerState
2019-09-03 05:33:02,324 [grpc-default-executor-3] INFO  server.GrpcServerProtocolService (GrpcServerProtocolService.java:onCompleted(104)) - 50dc8b30-d557-42ae-aab0-254bd5a1602a: appendEntries completed
2019-09-03 05:33:02,329 [grpc-default-executor-9] INFO  impl.RaftServerImpl (ServerState.java:setLeader(263)) - 50dc8b30-d557-42ae-aab0-254bd5a1602a:group-4E40E472B458 change Leader from fb4443fd-5719-4a39-bdba-b2bf0c721de4 to null at term 2 for updateCurrentTerm
2019-09-03 05:33:02,329 [grpc-default-executor-3] INFO  server.GrpcLogAppender (GrpcLogAppender.java:onCompleted(292)) - fb4443fd-5719-4a39-bdba-b2bf0c721de4->bdb17887-013a-4087-af28-f0cb81f209cd: follower responses appendEntries COMPLETED
2019-09-03 05:33:02,331 [grpc-default-executor-7] INFO  server.GrpcLogAppender (GrpcLogAppender.java:onCompleted(292)) - fb4443fd-5719-4a39-bdba-b2bf0c721de4->50dc8b30-d557-42ae-aab0-254bd5a1602a: follower responses appendEntries COMPLETED
2019-09-03 05:33:02,331 [grpc-default-executor-9] INFO  impl.RaftServerImpl (RaftServerImpl.java:setRole(171)) - 50dc8b30-d557-42ae-aab0-254bd5a1602a:group-4E40E472B458 changes role from FOLLOWER to FOLLOWER at term 2 for recognizeCandidate:bdb17887-013a-4087-af28-f0cb81f209cd
2019-09-03 05:33:02,332 [grpc-default-executor-7] INFO  impl.FollowerInfo (FollowerInfo.java:lambda$new$0(50)) - fb4443fd-5719-4a39-bdba-b2bf0c721de4->50dc8b30-d557-42ae-aab0-254bd5a1602a: nextIndex: updateUnconditionally 1 -> 0
2019-09-03 05:33:02,332 [grpc-default-executor-3] INFO  impl.FollowerInfo (FollowerInfo.java:lambda$new$0(50)) - fb4443fd-5719-4a39-bdba-b2bf0c721de4->bdb17887-013a-4087-af28-f0cb81f209cd: nextIndex: updateUnconditionally 0 -> 0
2019-09-03 05:33:02,332 [grpc-default-executor-9] INFO  impl.RoleInfo (RoleInfo.java:shutdownFollowerState(121)) - 50dc8b30-d557-42ae-aab0-254bd5a1602a: shutdown FollowerState
2019-09-03 05:33:02,332 [grpc-default-executor-9] INFO  impl.RoleInfo (RoleInfo.java:updateAndGet(143)) - 50dc8b30-d557-42ae-aab0-254bd5a1602a: start FollowerState
2019-09-03 05:33:02,332 [Thread-3358] INFO  impl.FollowerState (FollowerState.java:run(114)) - 50dc8b30-d557-42ae-aab0-254bd5a1602a: FollowerState was interrupted: java.lang.InterruptedException: sleep interrupted
2019-09-03 05:33:02,335 [50dc8b30-d557-42ae-aab0-254bd5a1602a-SegmentedRaftLogWorker:Storage Directory /workdir/hadoop-ozone/integration-test/target/test-dir/MiniOzoneClusterImpl-c64d20cb-122d-47af-9bf2-d2da5c3556a3/datanode-4/data/ratis/5462a4e0-72fa-49a7-bd86-4e40e472b458] INFO  segmented.SegmentedRaftLogWorker (SegmentedRaftLogWorker.java:execute(569)) - 50dc8b30-d557-42ae-aab0-254bd5a1602a-SegmentedRaftLogWorker:Storage Directory /workdir/hadoop-ozone/integration-test/target/test-dir/MiniOzoneClusterImpl-c64d20cb-122d-47af-9bf2-d2da5c3556a3/datanode-4/data/ratis/5462a4e0-72fa-49a7-bd86-4e40e472b458: created new log segment /workdir/hadoop-ozone/integration-test/target/test-dir/MiniOzoneClusterImpl-c64d20cb-122d-47af-9bf2-d2da5c3556a3/datanode-4/data/ratis/5462a4e0-72fa-49a7-bd86-4e40e472b458/current/log_inprogress_0
2019-09-03 05:33:02,335 [grpc-default-executor-11] INFO  impl.RaftServerImpl (RaftServerImpl.java:setRole(171)) - fb4443fd-5719-4a39-bdba-b2bf0c721de4:group-4E40E472B458 changes role from FOLLOWER to FOLLOWER at term 2 for recognizeCandidate:bdb17887-013a-4087-af28-f0cb81f209cd
2019-09-03 05:33:02,337 [grpc-default-executor-11] INFO  impl.RoleInfo (RoleInfo.java:shutdownFollowerState(121)) - fb4443fd-5719-4a39-bdba-b2bf0c721de4: shutdown FollowerState
2019-09-03 05:33:02,337 [grpc-default-executor-11] INFO  impl.RoleInfo (RoleInfo.java:updateAndGet(143)) - fb4443fd-5719-4a39-bdba-b2bf0c721de4: start FollowerState
2019-09-03 05:33:02,337 [Thread-3372] INFO  impl.FollowerState (FollowerState.java:run(114)) - fb4443fd-5719-4a39-bdba-b2bf0c721de4: FollowerState was interrupted: java.lang.InterruptedException: sleep interrupted
2019-09-03 05:33:02,746 [grpc-default-executor-11] INFO  client.GrpcClientProtocolClient (GrpcClientProtocolClient.java:onNext(255)) - client-3761DE7601FD->bdb17887-013a-4087-af28-f0cb81f209cd: receive RaftClientReply:client-3761DE7601FD->bdb17887-013a-4087-af28-f0cb81f209cd@group-4E40E472B458, cid=171, FAILED org.apache.ratis.protocol.NotLeaderException: Server bdb17887-013a-4087-af28-f0cb81f209cd is not the leader (null). Request must be sent to leader., logIndex=0, commits[bdb17887-013a-4087-af28-f0cb81f209cd:c-1]
2019-09-03 05:33:03,758 [grpc-default-executor-9] INFO  client.GrpcClientProtocolClient (GrpcClientProtocolClient.java:onNext(255)) - client-3761DE7601FD->fb4443fd-5719-4a39-bdba-b2bf0c721de4: receive RaftClientReply:client-3761DE7601FD->fb4443fd-5719-4a39-bdba-b2bf0c721de4@group-4E40E472B458, cid=171, FAILED org.apache.ratis.protocol.NotLeaderException: Server fb4443fd-5719-4a39-bdba-b2bf0c721de4 is not the leader (null). Request must be sent to leader., logIndex=0, commits[fb4443fd-5719-4a39-bdba-b2bf0c721de4:c-1, bdb17887-013a-4087-af28-f0cb81f209cd:c-1, 50dc8b30-d557-42ae-aab0-254bd5a1602a:c-1]
2019-09-03 05:33:04,770 [grpc-default-executor-11] INFO  client.GrpcClientProtocolClient (GrpcClientProtocolClient.java:onNext(255)) - client-3761DE7601FD->50dc8b30-d557-42ae-aab0-254bd5a1602a: receive RaftClientReply:client-3761DE7601FD->50dc8b30-d557-42ae-aab0-254bd5a1602a@group-4E40E472B458, cid=171, FAILED org.apache.ratis.protocol.NotLeaderException: Server 50dc8b30-d557-42ae-aab0-254bd5a1602a is not the leader (null). Request must be sent to leader., logIndex=0, commits[50dc8b30-d557-42ae-aab0-254bd5a1602a:c-1, bdb17887-013a-4087-af28-f0cb81f209cd:c-1, fb4443fd-5719-4a39-bdba-b2bf0c721de4:c-1]
2019-09-03 05:33:05,782 [grpc-default-executor-9] INFO  client.GrpcClientProtocolClient (GrpcClientProtocolClient.java:onNext(255)) - client-3761DE7601FD->fb4443fd-5719-4a39-bdba-b2bf0c721de4: receive RaftClientReply:client-3761DE7601FD->fb4443fd-5719-4a39-bdba-b2bf0c721de4@group-4E40E472B458, cid=171, FAILED org.apache.ratis.protocol.NotLeaderException: Server fb4443fd-5719-4a39-bdba-b2bf0c721de4 is not the leader (null). Request must be sent to leader., logIndex=0, commits[fb4443fd-5719-4a39-bdba-b2bf0c721de4:c-1, bdb17887-013a-4087-af28-f0cb81f209cd:c-1, 50dc8b30-d557-42ae-aab0-254bd5a1602a:c-1]
2019-09-03 05:33:06,797 [grpc-default-executor-9] INFO  client.GrpcClientProtocolClient (GrpcClientProtocolClient.java:onNext(255)) - client-3761DE7601FD->50dc8b30-d557-42ae-aab0-254bd5a1602a: receive RaftClientReply:client-3761DE7601FD->50dc8b30-d557-42ae-aab0-254bd5a1602a@group-4E40E472B458, cid=171, FAILED org.apache.ratis.protocol.NotLeaderException: Server 50dc8b30-d557-42ae-aab0-254bd5a1602a is not the leader (null). Request must be sent to leader., logIndex=0, commits[50dc8b30-d557-42ae-aab0-254bd5a1602a:c-1, bdb17887-013a-4087-af28-f0cb81f209cd:c-1, fb4443fd-5719-4a39-bdba-b2bf0c721de4:c-1]
2019-09-03 05:33:07,265 [Thread-3360] INFO  impl.FollowerState (FollowerState.java:run(106)) - 504f24ee-e757-4027-92cd-9b6d310efdfe:group-253DF9CF2DCA changes to CANDIDATE, lastRpcTime:5039, electionTimeout:5010ms
2019-09-03 05:33:07,265 [Thread-3360] INFO  impl.RoleInfo (RoleInfo.java:shutdownFollowerState(121)) - 504f24ee-e757-4027-92cd-9b6d310efdfe: shutdown FollowerState
2019-09-03 05:33:07,266 [Thread-3360] INFO  impl.RaftServerImpl (RaftServerImpl.java:setRole(171)) - 504f24ee-e757-4027-92cd-9b6d310efdfe:group-253DF9CF2DCA changes role from FOLLOWER to CANDIDATE at term 2 for changeToCandidate
2019-09-03 05:33:07,266 [Thread-3360] INFO  impl.RoleInfo (RoleInfo.java:updateAndGet(143)) - 504f24ee-e757-4027-92cd-9b6d310efdfe: start LeaderElection
2019-09-03 05:33:07,270 [Thread-3346] INFO  impl.FollowerState (FollowerState.java:run(106)) - 3e2fd577-5016-4c18-a24a-a8dfce2a89c9:group-253DF9CF2DCA changes to CANDIDATE, lastRpcTime:5119, electionTimeout:5119ms
2019-09-03 05:33:07,270 [Thread-3346] INFO  impl.RoleInfo (RoleInfo.java:shutdownFollowerState(121)) - 3e2fd577-5016-4c18-a24a-a8dfce2a89c9: shutdown FollowerState
2019-09-03 05:33:07,270 [Thread-3346] INFO  impl.RaftServerImpl (RaftServerImpl.java:setRole(171)) - 3e2fd577-5016-4c18-a24a-a8dfce2a89c9:group-253DF9CF2DCA changes role from FOLLOWER to CANDIDATE at term 2 for changeToCandidate
2019-09-03 05:33:07,270 [Thread-3346] INFO  impl.RoleInfo (RoleInfo.java:updateAndGet(143)) - 3e2fd577-5016-4c18-a24a-a8dfce2a89c9: start LeaderElection
2019-09-03 05:33:07,283 [Thread-3357] INFO  impl.FollowerState (FollowerState.java:run(106)) - bdb17887-013a-4087-af28-f0cb81f209cd:group-4E40E472B458 changes to CANDIDATE, lastRpcTime:5069, electionTimeout:5055ms
2019-09-03 05:33:07,284 [Thread-3357] INFO  impl.RoleInfo (RoleInfo.java:shutdownFollowerState(121)) - bdb17887-013a-4087-af28-f0cb81f209cd: shutdown FollowerState
2019-09-03 05:33:07,284 [Thread-3357] INFO  impl.RaftServerImpl (RaftServerImpl.java:setRole(171)) - bdb17887-013a-4087-af28-f0cb81f209cd:group-4E40E472B458 changes role from FOLLOWER to CANDIDATE at term 2 for changeToCandidate
2019-09-03 05:33:07,284 [Thread-3357] INFO  impl.RoleInfo (RoleInfo.java:updateAndGet(143)) - bdb17887-013a-4087-af28-f0cb81f209cd: start LeaderElection
2019-09-03 05:33:07,297 [504f24ee-e757-4027-92cd-9b6d310efdfe:group-253DF9CF2DCA:LeaderElection68] INFO  impl.LeaderElection (LeaderElection.java:askForVotes(181)) - 504f24ee-e757-4027-92cd-9b6d310efdfe:group-253DF9CF2DCA:LeaderElection68: begin an election at term 3 for -1: [3714cff3-a07e-4f81-85d4-28a9b78918d9:192.168.36.111:36437, 3e2fd577-5016-4c18-a24a-a8dfce2a89c9:192.168.36.111:35956, 504f24ee-e757-4027-92cd-9b6d310efdfe:192.168.36.111:45241], old=null
2019-09-03 05:33:07,297 [bdb17887-013a-4087-af28-f0cb81f209cd:group-4E40E472B458:LeaderElection70] INFO  impl.LeaderElection (LeaderElection.java:askForVotes(181)) - bdb17887-013a-4087-af28-f0cb81f209cd:group-4E40E472B458:LeaderElection70: begin an election at term 3 for -1: [bdb17887-013a-4087-af28-f0cb81f209cd:192.168.36.111:35112, 50dc8b30-d557-42ae-aab0-254bd5a1602a:192.168.36.111:41881, fb4443fd-5719-4a39-bdba-b2bf0c721de4:192.168.36.111:41139], old=null
2019-09-03 05:33:07,297 [3e2fd577-5016-4c18-a24a-a8dfce2a89c9:group-253DF9CF2DCA:LeaderElection69] INFO  impl.LeaderElection (LeaderElection.java:askForVotes(181)) - 3e2fd577-5016-4c18-a24a-a8dfce2a89c9:group-253DF9CF2DCA:LeaderElection69: begin an election at term 3 for -1: [3714cff3-a07e-4f81-85d4-28a9b78918d9:192.168.36.111:36437, 3e2fd577-5016-4c18-a24a-a8dfce2a89c9:192.168.36.111:35956, 504f24ee-e757-4027-92cd-9b6d310efdfe:192.168.36.111:45241], old=null
2019-09-03 05:33:07,305 [grpc-default-executor-3] INFO  impl.RaftServerImpl (RaftServerImpl.java:setRole(171)) - 3714cff3-a07e-4f81-85d4-28a9b78918d9:group-253DF9CF2DCA changes role from FOLLOWER to FOLLOWER at term 3 for recognizeCandidate:3e2fd577-5016-4c18-a24a-a8dfce2a89c9
2019-09-03 05:33:07,305 [grpc-default-executor-11] INFO  impl.RaftServerImpl (RaftServerImpl.java:setRole(171)) - 50dc8b30-d557-42ae-aab0-254bd5a1602a:group-4E40E472B458 changes role from FOLLOWER to FOLLOWER at term 3 for recognizeCandidate:bdb17887-013a-4087-af28-f0cb81f209cd
2019-09-03 05:33:07,305 [grpc-default-executor-3] INFO  impl.RoleInfo (RoleInfo.java:shutdownFollowerState(121)) - 3714cff3-a07e-4f81-85d4-28a9b78918d9: shutdown FollowerState
2019-09-03 05:33:07,307 [grpc-default-executor-11] INFO  impl.RoleInfo (RoleInfo.java:shutdownFollowerState(121)) - 50dc8b30-d557-42ae-aab0-254bd5a1602a: shutdown FollowerState
2019-09-03 05:33:07,308 [grpc-default-executor-3] INFO  impl.RoleInfo (RoleInfo.java:updateAndGet(143)) - 3714cff3-a07e-4f81-85d4-28a9b78918d9: start FollowerState
2019-09-03 05:33:07,308 [Thread-3373] INFO  impl.FollowerState (FollowerState.java:run(114)) - 50dc8b30-d557-42ae-aab0-254bd5a1602a: FollowerState was interrupted: java.lang.InterruptedException: sleep interrupted
2019-09-03 05:33:07,308 [grpc-default-executor-11] INFO  impl.RoleInfo (RoleInfo.java:updateAndGet(143)) - 50dc8b30-d557-42ae-aab0-254bd5a1602a: start FollowerState
2019-09-03 05:33:07,317 [Thread-3363] INFO  impl.FollowerState (FollowerState.java:run(114)) - 3714cff3-a07e-4f81-85d4-28a9b78918d9: FollowerState was interrupted: java.lang.InterruptedException: sleep interrupted
2019-09-03 05:33:07,319 [grpc-default-executor-10] INFO  impl.RaftServerImpl (RaftServerImpl.java:setRole(171)) - fb4443fd-5719-4a39-bdba-b2bf0c721de4:group-4E40E472B458 changes role from FOLLOWER to FOLLOWER at term 3 for recognizeCandidate:bdb17887-013a-4087-af28-f0cb81f209cd
2019-09-03 05:33:07,319 [grpc-default-executor-10] INFO  impl.RoleInfo (RoleInfo.java:shutdownFollowerState(121)) - fb4443fd-5719-4a39-bdba-b2bf0c721de4: shutdown FollowerState
2019-09-03 05:33:07,319 [grpc-default-executor-10] INFO  impl.RoleInfo (RoleInfo.java:updateAndGet(143)) - fb4443fd-5719-4a39-bdba-b2bf0c721de4: start FollowerState
2019-09-03 05:33:07,319 [Thread-3374] INFO  impl.FollowerState (FollowerState.java:run(114)) - fb4443fd-5719-4a39-bdba-b2bf0c721de4: FollowerState was interrupted: java.lang.InterruptedException: sleep interrupted
2019-09-03 05:33:07,331 [grpc-default-executor-9] INFO  impl.RaftServerImpl (RaftServerImpl.java:setRole(171)) - 3714cff3-a07e-4f81-85d4-28a9b78918d9:group-253DF9CF2DCA changes role from FOLLOWER to FOLLOWER at term 3 for recognizeCandidate:504f24ee-e757-4027-92cd-9b6d310efdfe
2019-09-03 05:33:07,332 [grpc-default-executor-9] INFO  impl.RoleInfo (RoleInfo.java:shutdownFollowerState(121)) - 3714cff3-a07e-4f81-85d4-28a9b78918d9: shutdown FollowerState
2019-09-03 05:33:07,332 [grpc-default-executor-9] INFO  impl.RoleInfo (RoleInfo.java:updateAndGet(143)) - 3714cff3-a07e-4f81-85d4-28a9b78918d9: start FollowerState
2019-09-03 05:33:07,332 [Thread-3400] INFO  impl.FollowerState (FollowerState.java:run(114)) - 3714cff3-a07e-4f81-85d4-28a9b78918d9: FollowerState was interrupted: java.lang.InterruptedException: sleep interrupted
2019-09-03 05:33:07,335 [3e2fd577-5016-4c18-a24a-a8dfce2a89c9:group-253DF9CF2DCA:LeaderElection69] INFO  impl.LeaderElection (LeaderElection.java:logAndReturn(56)) - 3e2fd577-5016-4c18-a24a-a8dfce2a89c9:group-253DF9CF2DCA:LeaderElection69: Election REJECTED; received 2 response(s) [3e2fd577-5016-4c18-a24a-a8dfce2a89c9<-3714cff3-a07e-4f81-85d4-28a9b78918d9#0:FAIL-t3, 3e2fd577-5016-4c18-a24a-a8dfce2a89c9<-504f24ee-e757-4027-92cd-9b6d310efdfe#0:FAIL-t3] and 0 exception(s); 3e2fd577-5016-4c18-a24a-a8dfce2a89c9:t3, leader=null, voted=3e2fd577-5016-4c18-a24a-a8dfce2a89c9, raftlog=3e2fd577-5016-4c18-a24a-a8dfce2a89c9-SegmentedRaftLog:OPENED:c-1,f-1,i0, conf=-1: [3714cff3-a07e-4f81-85d4-28a9b78918d9:192.168.36.111:36437, 3e2fd577-5016-4c18-a24a-a8dfce2a89c9:192.168.36.111:35956, 504f24ee-e757-4027-92cd-9b6d310efdfe:192.168.36.111:45241], old=null
2019-09-03 05:33:07,335 [bdb17887-013a-4087-af28-f0cb81f209cd:group-4E40E472B458:LeaderElection70] INFO  impl.LeaderElection (LeaderElection.java:logAndReturn(56)) - bdb17887-013a-4087-af28-f0cb81f209cd:group-4E40E472B458:LeaderElection70: Election REJECTED; received 2 response(s) [bdb17887-013a-4087-af28-f0cb81f209cd<-50dc8b30-d557-42ae-aab0-254bd5a1602a#0:FAIL-t3, bdb17887-013a-4087-af28-f0cb81f209cd<-fb4443fd-5719-4a39-bdba-b2bf0c721de4#0:FAIL-t3] and 0 exception(s); bdb17887-013a-4087-af28-f0cb81f209cd:t3, leader=null, voted=bdb17887-013a-4087-af28-f0cb81f209cd, raftlog=bdb17887-013a-4087-af28-f0cb81f209cd-SegmentedRaftLog:OPENED:c-1,f-1,i0, conf=-1: [bdb17887-013a-4087-af28-f0cb81f209cd:192.168.36.111:35112, 50dc8b30-d557-42ae-aab0-254bd5a1602a:192.168.36.111:41881, fb4443fd-5719-4a39-bdba-b2bf0c721de4:192.168.36.111:41139], old=null
2019-09-03 05:33:07,335 [504f24ee-e757-4027-92cd-9b6d310efdfe:group-253DF9CF2DCA:LeaderElection68] INFO  impl.LeaderElection (LeaderElection.java:logAndReturn(56)) - 504f24ee-e757-4027-92cd-9b6d310efdfe:group-253DF9CF2DCA:LeaderElection68: Election REJECTED; received 2 response(s) [504f24ee-e757-4027-92cd-9b6d310efdfe<-3714cff3-a07e-4f81-85d4-28a9b78918d9#0:FAIL-t3, 504f24ee-e757-4027-92cd-9b6d310efdfe<-3e2fd577-5016-4c18-a24a-a8dfce2a89c9#0:FAIL-t3] and 0 exception(s); 504f24ee-e757-4027-92cd-9b6d310efdfe:t3, leader=null, voted=504f24ee-e757-4027-92cd-9b6d310efdfe, raftlog=504f24ee-e757-4027-92cd-9b6d310efdfe-SegmentedRaftLog:OPENED:c-1,f-1,i0, conf=-1: [3714cff3-a07e-4f81-85d4-28a9b78918d9:192.168.36.111:36437, 3e2fd577-5016-4c18-a24a-a8dfce2a89c9:192.168.36.111:35956, 504f24ee-e757-4027-92cd-9b6d310efdfe:192.168.36.111:45241], old=null
2019-09-03 05:33:07,335 [3e2fd577-5016-4c18-a24a-a8dfce2a89c9:group-253DF9CF2DCA:LeaderElection69] INFO  impl.RaftServerImpl (RaftServerImpl.java:setRole(171)) - 3e2fd577-5016-4c18-a24a-a8dfce2a89c9:group-253DF9CF2DCA changes role from CANDIDATE to FOLLOWER at term 3 for DISCOVERED_A_NEW_TERM
2019-09-03 05:33:07,335 [504f24ee-e757-4027-92cd-9b6d310efdfe:group-253DF9CF2DCA:LeaderElection68] INFO  impl.RaftServerImpl (RaftServerImpl.java:setRole(171)) - 504f24ee-e757-4027-92cd-9b6d310efdfe:group-253DF9CF2DCA changes role from CANDIDATE to FOLLOWER at term 3 for DISCOVERED_A_NEW_TERM
2019-09-03 05:33:07,335 [bdb17887-013a-4087-af28-f0cb81f209cd:group-4E40E472B458:LeaderElection70] INFO  impl.RaftServerImpl (RaftServerImpl.java:setRole(171)) - bdb17887-013a-4087-af28-f0cb81f209cd:group-4E40E472B458 changes role from CANDIDATE to FOLLOWER at term 3 for DISCOVERED_A_NEW_TERM
2019-09-03 05:33:07,335 [504f24ee-e757-4027-92cd-9b6d310efdfe:group-253DF9CF2DCA:LeaderElection68] INFO  impl.RoleInfo (RoleInfo.java:shutdownLeaderElection(134)) - 504f24ee-e757-4027-92cd-9b6d310efdfe: shutdown LeaderElection
2019-09-03 05:33:07,335 [3e2fd577-5016-4c18-a24a-a8dfce2a89c9:group-253DF9CF2DCA:LeaderElection69] INFO  impl.RoleInfo (RoleInfo.java:shutdownLeaderElection(134)) - 3e2fd577-5016-4c18-a24a-a8dfce2a89c9: shutdown LeaderElection
2019-09-03 05:33:07,336 [504f24ee-e757-4027-92cd-9b6d310efdfe:group-253DF9CF2DCA:LeaderElection68] INFO  impl.RoleInfo (RoleInfo.java:updateAndGet(143)) - 504f24ee-e757-4027-92cd-9b6d310efdfe: start FollowerState
2019-09-03 05:33:07,336 [bdb17887-013a-4087-af28-f0cb81f209cd:group-4E40E472B458:LeaderElection70] INFO  impl.RoleInfo (RoleInfo.java:shutdownLeaderElection(134)) - bdb17887-013a-4087-af28-f0cb81f209cd: shutdown LeaderElection
2019-09-03 05:33:07,336 [3e2fd577-5016-4c18-a24a-a8dfce2a89c9:group-253DF9CF2DCA:LeaderElection69] INFO  impl.RoleInfo (RoleInfo.java:updateAndGet(143)) - 3e2fd577-5016-4c18-a24a-a8dfce2a89c9: start FollowerState
2019-09-03 05:33:07,336 [bdb17887-013a-4087-af28-f0cb81f209cd:group-4E40E472B458:LeaderElection70] INFO  impl.RoleInfo (RoleInfo.java:updateAndGet(143)) - bdb17887-013a-4087-af28-f0cb81f209cd: start FollowerState
2019-09-03 05:33:07,812 [grpc-default-executor-9] INFO  client.GrpcClientProtocolClient (GrpcClientProtocolClient.java:onNext(255)) - client-3761DE7601FD->fb4443fd-5719-4a39-bdba-b2bf0c721de4: receive RaftClientReply:client-3761DE7601FD->fb4443fd-5719-4a39-bdba-b2bf0c721de4@group-4E40E472B458, cid=171, FAILED org.apache.ratis.protocol.NotLeaderException: Server fb4443fd-5719-4a39-bdba-b2bf0c721de4 is not the leader (null). Request must be sent to leader., logIndex=0, commits[fb4443fd-5719-4a39-bdba-b2bf0c721de4:c-1, bdb17887-013a-4087-af28-f0cb81f209cd:c-1, 50dc8b30-d557-42ae-aab0-254bd5a1602a:c-1]
2019-09-03 05:33:08,824 [grpc-default-executor-10] INFO  client.GrpcClientProtocolClient (GrpcClientProtocolClient.java:onNext(255)) - client-3761DE7601FD->bdb17887-013a-4087-af28-f0cb81f209cd: receive RaftClientReply:client-3761DE7601FD->bdb17887-013a-4087-af28-f0cb81f209cd@group-4E40E472B458, cid=171, FAILED org.apache.ratis.protocol.NotLeaderException: Server bdb17887-013a-4087-af28-f0cb81f209cd is not the leader (null). Request must be sent to leader., logIndex=0, commits[bdb17887-013a-4087-af28-f0cb81f209cd:c-1]
2019-09-03 05:33:09,837 [grpc-default-executor-9] INFO  client.GrpcClientProtocolClient (GrpcClientProtocolClient.java:onNext(255)) - client-3761DE7601FD->50dc8b30-d557-42ae-aab0-254bd5a1602a: receive RaftClientReply:client-3761DE7601FD->50dc8b30-d557-42ae-aab0-254bd5a1602a@group-4E40E472B458, cid=171, FAILED org.apache.ratis.protocol.NotLeaderException: Server 50dc8b30-d557-42ae-aab0-254bd5a1602a is not the leader (null). Request must be sent to leader., logIndex=0, commits[50dc8b30-d557-42ae-aab0-254bd5a1602a:c-1, bdb17887-013a-4087-af28-f0cb81f209cd:c-1, fb4443fd-5719-4a39-bdba-b2bf0c721de4:c-1]
2019-09-03 05:33:10,849 [grpc-default-executor-9] INFO  client.GrpcClientProtocolClient (GrpcClientProtocolClient.java:onNext(255)) - client-3761DE7601FD->fb4443fd-5719-4a39-bdba-b2bf0c721de4: receive RaftClientReply:client-3761DE7601FD->fb4443fd-5719-4a39-bdba-b2bf0c721de4@group-4E40E472B458, cid=171, FAILED org.apache.ratis.protocol.NotLeaderException: Server fb4443fd-5719-4a39-bdba-b2bf0c721de4 is not the leader (null). Request must be sent to leader., logIndex=0, commits[fb4443fd-5719-4a39-bdba-b2bf0c721de4:c-1, bdb17887-013a-4087-af28-f0cb81f209cd:c-1, 50dc8b30-d557-42ae-aab0-254bd5a1602a:c-1]
2019-09-03 05:33:11,862 [grpc-default-executor-10] INFO  client.GrpcClientProtocolClient (GrpcClientProtocolClient.java:onNext(255)) - client-3761DE7601FD->bdb17887-013a-4087-af28-f0cb81f209cd: receive RaftClientReply:client-3761DE7601FD->bdb17887-013a-4087-af28-f0cb81f209cd@group-4E40E472B458, cid=171, FAILED org.apache.ratis.protocol.NotLeaderException: Server bdb17887-013a-4087-af28-f0cb81f209cd is not the leader (null). Request must be sent to leader., logIndex=0, commits[bdb17887-013a-4087-af28-f0cb81f209cd:c-1]
2019-09-03 05:33:12,406 [Thread-3405] INFO  impl.FollowerState (FollowerState.java:run(106)) - 3e2fd577-5016-4c18-a24a-a8dfce2a89c9:group-253DF9CF2DCA changes to CANDIDATE, lastRpcTime:5069, electionTimeout:5069ms
2019-09-03 05:33:12,406 [Thread-3405] INFO  impl.RoleInfo (RoleInfo.java:shutdownFollowerState(121)) - 3e2fd577-5016-4c18-a24a-a8dfce2a89c9: shutdown FollowerState
2019-09-03 05:33:12,406 [Thread-3405] INFO  impl.RaftServerImpl (RaftServerImpl.java:setRole(171)) - 3e2fd577-5016-4c18-a24a-a8dfce2a89c9:group-253DF9CF2DCA changes role from FOLLOWER to CANDIDATE at term 3 for changeToCandidate
2019-09-03 05:33:12,406 [Thread-3405] INFO  impl.RoleInfo (RoleInfo.java:updateAndGet(143)) - 3e2fd577-5016-4c18-a24a-a8dfce2a89c9: start LeaderElection
2019-09-03 05:33:12,417 [Thread-3401] INFO  impl.FollowerState (FollowerState.java:run(106)) - 50dc8b30-d557-42ae-aab0-254bd5a1602a:group-4E40E472B458 changes to CANDIDATE, lastRpcTime:5109, electionTimeout:5099ms
2019-09-03 05:33:12,417 [Thread-3401] INFO  impl.RoleInfo (RoleInfo.java:shutdownFollowerState(121)) - 50dc8b30-d557-42ae-aab0-254bd5a1602a: shutdown FollowerState
2019-09-03 05:33:12,417 [Thread-3401] INFO  impl.RaftServerImpl (RaftServerImpl.java:setRole(171)) - 50dc8b30-d557-42ae-aab0-254bd5a1602a:group-4E40E472B458 changes role from FOLLOWER to CANDIDATE at term 3 for changeToCandidate
2019-09-03 05:33:12,418 [Thread-3401] INFO  impl.RoleInfo (RoleInfo.java:updateAndGet(143)) - 50dc8b30-d557-42ae-aab0-254bd5a1602a: start LeaderElection
2019-09-03 05:33:12,426 [3e2fd577-5016-4c18-a24a-a8dfce2a89c9:group-253DF9CF2DCA:LeaderElection71] INFO  impl.LeaderElection (LeaderElection.java:askForVotes(181)) - 3e2fd577-5016-4c18-a24a-a8dfce2a89c9:group-253DF9CF2DCA:LeaderElection71: begin an election at term 4 for -1: [3714cff3-a07e-4f81-85d4-28a9b78918d9:192.168.36.111:36437, 3e2fd577-5016-4c18-a24a-a8dfce2a89c9:192.168.36.111:35956, 504f24ee-e757-4027-92cd-9b6d310efdfe:192.168.36.111:45241], old=null
2019-09-03 05:33:12,426 [50dc8b30-d557-42ae-aab0-254bd5a1602a:group-4E40E472B458:LeaderElection72] INFO  impl.LeaderElection (LeaderElection.java:askForVotes(181)) - 50dc8b30-d557-42ae-aab0-254bd5a1602a:group-4E40E472B458:LeaderElection72: begin an election at term 4 for 0: [bdb17887-013a-4087-af28-f0cb81f209cd:192.168.36.111:35112, 50dc8b30-d557-42ae-aab0-254bd5a1602a:192.168.36.111:41881, fb4443fd-5719-4a39-bdba-b2bf0c721de4:192.168.36.111:41139], old=null
2019-09-03 05:33:12,429 [grpc-default-executor-10] INFO  impl.RaftServerImpl (RaftServerImpl.java:setRole(171)) - 3714cff3-a07e-4f81-85d4-28a9b78918d9:group-253DF9CF2DCA changes role from FOLLOWER to FOLLOWER at term 4 for recognizeCandidate:3e2fd577-5016-4c18-a24a-a8dfce2a89c9
2019-09-03 05:33:12,429 [grpc-default-executor-3] INFO  impl.RaftServerImpl (RaftServerImpl.java:setRole(171)) - fb4443fd-5719-4a39-bdba-b2bf0c721de4:group-4E40E472B458 changes role from FOLLOWER to FOLLOWER at term 4 for recognizeCandidate:50dc8b30-d557-42ae-aab0-254bd5a1602a
2019-09-03 05:33:12,429 [grpc-default-executor-9] INFO  impl.RaftServerImpl (RaftServerImpl.java:setRole(171)) - 504f24ee-e757-4027-92cd-9b6d310efdfe:group-253DF9CF2DCA changes role from FOLLOWER to FOLLOWER at term 4 for recognizeCandidate:3e2fd577-5016-4c18-a24a-a8dfce2a89c9
2019-09-03 05:33:12,430 [grpc-default-executor-11] INFO  impl.RaftServerImpl (RaftServerImpl.java:setRole(171)) - bdb17887-013a-4087-af28-f0cb81f209cd:group-4E40E472B458 changes role from FOLLOWER to FOLLOWER at term 4 for recognizeCandidate:50dc8b30-d557-42ae-aab0-254bd5a1602a
2019-09-03 05:33:12,430 [grpc-default-executor-3] INFO  impl.RoleInfo (RoleInfo.java:shutdownFollowerState(121)) - fb4443fd-5719-4a39-bdba-b2bf0c721de4: shutdown FollowerState
2019-09-03 05:33:12,429 [grpc-default-executor-10] INFO  impl.RoleInfo (RoleInfo.java:shutdownFollowerState(121)) - 3714cff3-a07e-4f81-85d4-28a9b78918d9: shutdown FollowerState
2019-09-03 05:33:12,431 [Thread-3402] INFO  impl.FollowerState (FollowerState.java:run(114)) - fb4443fd-5719-4a39-bdba-b2bf0c721de4: FollowerState was interrupted: java.lang.InterruptedException: sleep interrupted
2019-09-03 05:33:12,430 [grpc-default-executor-3] INFO  impl.RoleInfo (RoleInfo.java:updateAndGet(143)) - fb4443fd-5719-4a39-bdba-b2bf0c721de4: start FollowerState
2019-09-03 05:33:12,430 [grpc-default-executor-11] INFO  impl.RoleInfo (RoleInfo.java:shutdownFollowerState(121)) - bdb17887-013a-4087-af28-f0cb81f209cd: shutdown FollowerState
2019-09-03 05:33:12,430 [grpc-default-executor-9] INFO  impl.RoleInfo (RoleInfo.java:shutdownFollowerState(121)) - 504f24ee-e757-4027-92cd-9b6d310efdfe: shutdown FollowerState
2019-09-03 05:33:12,434 [Thread-3406] INFO  impl.FollowerState (FollowerState.java:run(114)) - bdb17887-013a-4087-af28-f0cb81f209cd: FollowerState was interrupted: java.lang.InterruptedException: sleep interrupted
2019-09-03 05:33:12,434 [grpc-default-executor-11] INFO  impl.RoleInfo (RoleInfo.java:updateAndGet(143)) - bdb17887-013a-4087-af28-f0cb81f209cd: start FollowerState
2019-09-03 05:33:12,431 [Thread-3403] INFO  impl.FollowerState (FollowerState.java:run(114)) - 3714cff3-a07e-4f81-85d4-28a9b78918d9: FollowerState was interrupted: java.lang.InterruptedException: sleep interrupted
2019-09-03 05:33:12,431 [grpc-default-executor-10] INFO  impl.RoleInfo (RoleInfo.java:updateAndGet(143)) - 3714cff3-a07e-4f81-85d4-28a9b78918d9: start FollowerState
2019-09-03 05:33:12,434 [Thread-3404] INFO  impl.FollowerState (FollowerState.java:run(114)) - 504f24ee-e757-4027-92cd-9b6d310efdfe: FollowerState was interrupted: java.lang.InterruptedException: sleep interrupted
2019-09-03 05:33:12,434 [grpc-default-executor-9] INFO  impl.RoleInfo (RoleInfo.java:updateAndGet(143)) - 504f24ee-e757-4027-92cd-9b6d310efdfe: start FollowerState
2019-09-03 05:33:12,450 [50dc8b30-d557-42ae-aab0-254bd5a1602a:group-4E40E472B458:LeaderElection72] INFO  impl.LeaderElection (LeaderElection.java:logAndReturn(56)) - 50dc8b30-d557-42ae-aab0-254bd5a1602a:group-4E40E472B458:LeaderElection72: Election PASSED; received 1 response(s) [50dc8b30-d557-42ae-aab0-254bd5a1602a<-bdb17887-013a-4087-af28-f0cb81f209cd#0:OK-t4] and 0 exception(s); 50dc8b30-d557-42ae-aab0-254bd5a1602a:t4, leader=null, voted=50dc8b30-d557-42ae-aab0-254bd5a1602a, raftlog=50dc8b30-d557-42ae-aab0-254bd5a1602a-SegmentedRaftLog:OPENED:c-1,f0,i0, conf=0: [bdb17887-013a-4087-af28-f0cb81f209cd:192.168.36.111:35112, 50dc8b30-d557-42ae-aab0-254bd5a1602a:192.168.36.111:41881, fb4443fd-5719-4a39-bdba-b2bf0c721de4:192.168.36.111:41139], old=null
2019-09-03 05:33:12,451 [50dc8b30-d557-42ae-aab0-254bd5a1602a:group-4E40E472B458:LeaderElection72] INFO  impl.RoleInfo (RoleInfo.java:shutdownLeaderElection(134)) - 50dc8b30-d557-42ae-aab0-254bd5a1602a: shutdown LeaderElection
2019-09-03 05:33:12,453 [50dc8b30-d557-42ae-aab0-254bd5a1602a:group-4E40E472B458:LeaderElection72] INFO  impl.RaftServerImpl (RaftServerImpl.java:setRole(171)) - 50dc8b30-d557-42ae-aab0-254bd5a1602a:group-4E40E472B458 changes role from CANDIDATE to LEADER at term 4 for changeToLeader
2019-09-03 05:33:12,453 [50dc8b30-d557-42ae-aab0-254bd5a1602a:group-4E40E472B458:LeaderElection72] INFO  impl.RaftServerImpl (ServerState.java:setLeader(263)) - 50dc8b30-d557-42ae-aab0-254bd5a1602a:group-4E40E472B458 change Leader from null to 50dc8b30-d557-42ae-aab0-254bd5a1602a at term 4 for becomeLeader, leader elected after 10123ms
2019-09-03 05:33:12,453 [50dc8b30-d557-42ae-aab0-254bd5a1602a:group-4E40E472B458:LeaderElection72] INFO  server.RaftServerConfigKeys (ConfUtils.java:logGet(43)) - raft.server.staging.catchup.gap = 1000 (default)
2019-09-03 05:33:12,453 [3e2fd577-5016-4c18-a24a-a8dfce2a89c9:group-253DF9CF2DCA:LeaderElection71] INFO  impl.LeaderElection (LeaderElection.java:logAndReturn(56)) - 3e2fd577-5016-4c18-a24a-a8dfce2a89c9:group-253DF9CF2DCA:LeaderElection71: Election PASSED; received 2 response(s) [3e2fd577-5016-4c18-a24a-a8dfce2a89c9<-3714cff3-a07e-4f81-85d4-28a9b78918d9#0:FAIL-t4, 3e2fd577-5016-4c18-a24a-a8dfce2a89c9<-504f24ee-e757-4027-92cd-9b6d310efdfe#0:OK-t4] and 0 exception(s); 3e2fd577-5016-4c18-a24a-a8dfce2a89c9:t4, leader=null, voted=3e2fd577-5016-4c18-a24a-a8dfce2a89c9, raftlog=3e2fd577-5016-4c18-a24a-a8dfce2a89c9-SegmentedRaftLog:OPENED:c-1,f-1,i0, conf=-1: [3714cff3-a07e-4f81-85d4-28a9b78918d9:192.168.36.111:36437, 3e2fd577-5016-4c18-a24a-a8dfce2a89c9:192.168.36.111:35956, 504f24ee-e757-4027-92cd-9b6d310efdfe:192.168.36.111:45241], old=null
2019-09-03 05:33:12,453 [50dc8b30-d557-42ae-aab0-254bd5a1602a:group-4E40E472B458:LeaderElection72] INFO  server.RaftServerConfigKeys (ConfUtils.java:logGet(43)) - raft.server.rpc.sleep.time = 25ms (default)
2019-09-03 05:33:12,454 [3e2fd577-5016-4c18-a24a-a8dfce2a89c9:group-253DF9CF2DCA:LeaderElection71] INFO  impl.RoleInfo (RoleInfo.java:shutdownLeaderElection(134)) - 3e2fd577-5016-4c18-a24a-a8dfce2a89c9: shutdown LeaderElection
2019-09-03 05:33:12,454 [50dc8b30-d557-42ae-aab0-254bd5a1602a:group-4E40E472B458:LeaderElection72] INFO  server.RaftServerConfigKeys (ConfUtils.java:logGet(43)) - raft.server.write.element-limit = 4096 (default)
2019-09-03 05:33:12,454 [3e2fd577-5016-4c18-a24a-a8dfce2a89c9:group-253DF9CF2DCA:LeaderElection71] INFO  impl.RaftServerImpl (RaftServerImpl.java:setRole(171)) - 3e2fd577-5016-4c18-a24a-a8dfce2a89c9:group-253DF9CF2DCA changes role from CANDIDATE to LEADER at term 4 for changeToLeader
2019-09-03 05:33:12,454 [50dc8b30-d557-42ae-aab0-254bd5a1602a:group-4E40E472B458:LeaderElection72] INFO  server.RaftServerConfigKeys (ConfUtils.java:logGet(43)) - raft.server.watch.timeout = 10s (default)
2019-09-03 05:33:12,454 [3e2fd577-5016-4c18-a24a-a8dfce2a89c9:group-253DF9CF2DCA:LeaderElection71] INFO  impl.RaftServerImpl (ServerState.java:setLeader(263)) - 3e2fd577-5016-4c18-a24a-a8dfce2a89c9:group-253DF9CF2DCA change Leader from null to 3e2fd577-5016-4c18-a24a-a8dfce2a89c9 at term 4 for becomeLeader, leader elected after 15500ms
2019-09-03 05:33:12,454 [50dc8b30-d557-42ae-aab0-254bd5a1602a:group-4E40E472B458:LeaderElection72] INFO  server.RaftServerConfigKeys (ConfUtils.java:logGet(43)) - raft.server.watch.timeout.denomination = 1s (default)
2019-09-03 05:33:12,455 [3e2fd577-5016-4c18-a24a-a8dfce2a89c9:group-253DF9CF2DCA:LeaderElection71] INFO  server.RaftServerConfigKeys (ConfUtils.java:logGet(43)) - raft.server.staging.catchup.gap = 1000 (default)
2019-09-03 05:33:12,455 [50dc8b30-d557-42ae-aab0-254bd5a1602a:group-4E40E472B458:LeaderElection72] INFO  server.RaftServerConfigKeys (ConfUtils.java:logGet(43)) - raft.server.watch.element-limit = 65536 (default)
2019-09-03 05:33:12,455 [3e2fd577-5016-4c18-a24a-a8dfce2a89c9:group-253DF9CF2DCA:LeaderElection71] INFO  server.RaftServerConfigKeys (ConfUtils.java:logGet(43)) - raft.server.rpc.sleep.time = 25ms (default)
2019-09-03 05:33:12,455 [3e2fd577-5016-4c18-a24a-a8dfce2a89c9:group-253DF9CF2DCA:LeaderElection71] INFO  server.RaftServerConfigKeys (ConfUtils.java:logGet(43)) - raft.server.write.element-limit = 4096 (default)
2019-09-03 05:33:12,455 [50dc8b30-d557-42ae-aab0-254bd5a1602a:group-4E40E472B458:LeaderElection72] INFO  server.RaftServerConfigKeys (ConfUtils.java:logGet(43)) - raft.server.log.appender.snapshot.chunk.size.max = 16MB (=16777216) (default)
2019-09-03 05:33:12,456 [3e2fd577-5016-4c18-a24a-a8dfce2a89c9:group-253DF9CF2DCA:LeaderElection71] INFO  server.RaftServerConfigKeys (ConfUtils.java:logGet(43)) - raft.server.watch.timeout = 10s (default)
2019-09-03 05:33:12,456 [50dc8b30-d557-42ae-aab0-254bd5a1602a:group-4E40E472B458:LeaderElection72] INFO  server.RaftServerConfigKeys (ConfUtils.java:logGet(43)) - raft.server.log.appender.buffer.byte-limit = 33554432 (custom)
2019-09-03 05:33:12,456 [3e2fd577-5016-4c18-a24a-a8dfce2a89c9:group-253DF9CF2DCA:LeaderElection71] INFO  server.RaftServerConfigKeys (ConfUtils.java:logGet(43)) - raft.server.watch.timeout.denomination = 1s (default)
2019-09-03 05:33:12,456 [50dc8b30-d557-42ae-aab0-254bd5a1602a:group-4E40E472B458:LeaderElection72] INFO  server.RaftServerConfigKeys (ConfUtils.java:logGet(43)) - raft.server.log.appender.buffer.element-limit = 1 (custom)
2019-09-03 05:33:12,456 [3e2fd577-5016-4c18-a24a-a8dfce2a89c9:group-253DF9CF2DCA:LeaderElection71] INFO  server.RaftServerConfigKeys (ConfUtils.java:logGet(43)) - raft.server.watch.element-limit = 65536 (default)
2019-09-03 05:33:12,457 [50dc8b30-d557-42ae-aab0-254bd5a1602a:group-4E40E472B458:LeaderElection72] INFO  grpc.GrpcConfigKeys$Server (ConfUtils.java:logGet(43)) - raft.grpc.server.leader.outstanding.appends.max = 128 (default)
2019-09-03 05:33:12,457 [3e2fd577-5016-4c18-a24a-a8dfce2a89c9:group-253DF9CF2DCA:LeaderElection71] INFO  server.RaftServerConfigKeys (ConfUtils.java:logGet(43)) - raft.server.log.appender.snapshot.chunk.size.max = 16MB (=16777216) (default)
2019-09-03 05:33:12,457 [50dc8b30-d557-42ae-aab0-254bd5a1602a:group-4E40E472B458:LeaderElection72] INFO  server.RaftServerConfigKeys (ConfUtils.java:logGet(43)) - raft.server.rpc.request.timeout = 3000ms (default)
2019-09-03 05:33:12,457 [3e2fd577-5016-4c18-a24a-a8dfce2a89c9:group-253DF9CF2DCA:LeaderElection71] INFO  server.RaftServerConfigKeys (ConfUtils.java:logGet(43)) - raft.server.log.appender.buffer.byte-limit = 33554432 (custom)
2019-09-03 05:33:12,458 [50dc8b30-d557-42ae-aab0-254bd5a1602a:group-4E40E472B458:LeaderElection72] INFO  server.RaftServerConfigKeys (ConfUtils.java:logGet(43)) - raft.server.log.appender.install.snapshot.enabled = false (custom)
2019-09-03 05:33:12,458 [3e2fd577-5016-4c18-a24a-a8dfce2a89c9:group-253DF9CF2DCA:LeaderElection71] INFO  server.RaftServerConfigKeys (ConfUtils.java:logGet(43)) - raft.server.log.appender.buffer.element-limit = 1 (custom)
2019-09-03 05:33:12,458 [50dc8b30-d557-42ae-aab0-254bd5a1602a:group-4E40E472B458:LeaderElection72] INFO  server.RaftServerConfigKeys (ConfUtils.java:logGet(43)) - raft.server.log.appender.snapshot.chunk.size.max = 16MB (=16777216) (default)
2019-09-03 05:33:12,458 [3e2fd577-5016-4c18-a24a-a8dfce2a89c9:group-253DF9CF2DCA:LeaderElection71] INFO  grpc.GrpcConfigKeys$Server (ConfUtils.java:logGet(43)) - raft.grpc.server.leader.outstanding.appends.max = 128 (default)
2019-09-03 05:33:12,459 [50dc8b30-d557-42ae-aab0-254bd5a1602a:group-4E40E472B458:LeaderElection72] INFO  server.RaftServerConfigKeys (ConfUtils.java:logGet(43)) - raft.server.log.appender.buffer.byte-limit = 33554432 (custom)
2019-09-03 05:33:12,459 [3e2fd577-5016-4c18-a24a-a8dfce2a89c9:group-253DF9CF2DCA:LeaderElection71] INFO  server.RaftServerConfigKeys (ConfUtils.java:logGet(43)) - raft.server.rpc.request.timeout = 3000ms (default)
2019-09-03 05:33:12,459 [50dc8b30-d557-42ae-aab0-254bd5a1602a:group-4E40E472B458:LeaderElection72] INFO  server.RaftServerConfigKeys (ConfUtils.java:logGet(43)) - raft.server.log.appender.buffer.element-limit = 1 (custom)
2019-09-03 05:33:12,459 [3e2fd577-5016-4c18-a24a-a8dfce2a89c9:group-253DF9CF2DCA:LeaderElection71] INFO  server.RaftServerConfigKeys (ConfUtils.java:logGet(43)) - raft.server.log.appender.install.snapshot.enabled = false (custom)
2019-09-03 05:33:12,459 [50dc8b30-d557-42ae-aab0-254bd5a1602a:group-4E40E472B458:LeaderElection72] INFO  grpc.GrpcConfigKeys$Server (ConfUtils.java:logGet(43)) - raft.grpc.server.leader.outstanding.appends.max = 128 (default)
2019-09-03 05:33:12,460 [3e2fd577-5016-4c18-a24a-a8dfce2a89c9:group-253DF9CF2DCA:LeaderElection71] INFO  server.RaftServerConfigKeys (ConfUtils.java:logGet(43)) - raft.server.log.appender.snapshot.chunk.size.max = 16MB (=16777216) (default)
2019-09-03 05:33:12,460 [50dc8b30-d557-42ae-aab0-254bd5a1602a:group-4E40E472B458:LeaderElection72] INFO  server.RaftServerConfigKeys (ConfUtils.java:logGet(43)) - raft.server.rpc.request.timeout = 3000ms (default)
2019-09-03 05:33:12,460 [3e2fd577-5016-4c18-a24a-a8dfce2a89c9:group-253DF9CF2DCA:LeaderElection71] INFO  server.RaftServerConfigKeys (ConfUtils.java:logGet(43)) - raft.server.log.appender.buffer.byte-limit = 33554432 (custom)
2019-09-03 05:33:12,460 [50dc8b30-d557-42ae-aab0-254bd5a1602a:group-4E40E472B458:LeaderElection72] INFO  server.RaftServerConfigKeys (ConfUtils.java:logGet(43)) - raft.server.log.appender.install.snapshot.enabled = false (custom)
2019-09-03 05:33:12,460 [3e2fd577-5016-4c18-a24a-a8dfce2a89c9:group-253DF9CF2DCA:LeaderElection71] INFO  server.RaftServerConfigKeys (ConfUtils.java:logGet(43)) - raft.server.log.appender.buffer.element-limit = 1 (custom)
2019-09-03 05:33:12,461 [50dc8b30-d557-42ae-aab0-254bd5a1602a:group-4E40E472B458:LeaderElection72] INFO  impl.RoleInfo (RoleInfo.java:updateAndGet(143)) - 50dc8b30-d557-42ae-aab0-254bd5a1602a: start LeaderState
2019-09-03 05:33:12,461 [3e2fd577-5016-4c18-a24a-a8dfce2a89c9:group-253DF9CF2DCA:LeaderElection71] INFO  grpc.GrpcConfigKeys$Server (ConfUtils.java:logGet(43)) - raft.grpc.server.leader.outstanding.appends.max = 128 (default)
2019-09-03 05:33:12,461 [3e2fd577-5016-4c18-a24a-a8dfce2a89c9:group-253DF9CF2DCA:LeaderElection71] INFO  server.RaftServerConfigKeys (ConfUtils.java:logGet(43)) - raft.server.rpc.request.timeout = 3000ms (default)
2019-09-03 05:33:12,462 [3e2fd577-5016-4c18-a24a-a8dfce2a89c9:group-253DF9CF2DCA:LeaderElection71] INFO  server.RaftServerConfigKeys (ConfUtils.java:logGet(43)) - raft.server.log.appender.install.snapshot.enabled = false (custom)
2019-09-03 05:33:12,462 [50dc8b30-d557-42ae-aab0-254bd5a1602a:group-4E40E472B458:LeaderElection72] INFO  segmented.SegmentedRaftLogWorker (SegmentedRaftLogWorker.java:rollLogSegment(385)) - 50dc8b30-d557-42ae-aab0-254bd5a1602a-SegmentedRaftLogWorker:Storage Directory /workdir/hadoop-ozone/integration-test/target/test-dir/MiniOzoneClusterImpl-c64d20cb-122d-47af-9bf2-d2da5c3556a3/datanode-4/data/ratis/5462a4e0-72fa-49a7-bd86-4e40e472b458: Rolling segment log-0_0 to index:0
2019-09-03 05:33:12,462 [3e2fd577-5016-4c18-a24a-a8dfce2a89c9:group-253DF9CF2DCA:LeaderElection71] INFO  impl.RoleInfo (RoleInfo.java:updateAndGet(143)) - 3e2fd577-5016-4c18-a24a-a8dfce2a89c9: start LeaderState
2019-09-03 05:33:12,463 [3e2fd577-5016-4c18-a24a-a8dfce2a89c9:group-253DF9CF2DCA:LeaderElection71] INFO  segmented.SegmentedRaftLogWorker (SegmentedRaftLogWorker.java:startLogSegment(380)) - 3e2fd577-5016-4c18-a24a-a8dfce2a89c9-SegmentedRaftLogWorker:Storage Directory /workdir/hadoop-ozone/integration-test/target/test-dir/MiniOzoneClusterImpl-c64d20cb-122d-47af-9bf2-d2da5c3556a3/datanode-0/data/ratis/57bec98f-3362-41f4-9e01-253df9cf2dca: Starting segment from index:0
2019-09-03 05:33:12,464 [3e2fd577-5016-4c18-a24a-a8dfce2a89c9:group-253DF9CF2DCA:LeaderElection71] INFO  impl.RaftServerImpl (ServerState.java:setRaftConf(361)) - 3e2fd577-5016-4c18-a24a-a8dfce2a89c9:group-253DF9CF2DCA set configuration 0: [3714cff3-a07e-4f81-85d4-28a9b78918d9:192.168.36.111:36437, 3e2fd577-5016-4c18-a24a-a8dfce2a89c9:192.168.36.111:35956, 504f24ee-e757-4027-92cd-9b6d310efdfe:192.168.36.111:45241], old=null at 0
2019-09-03 05:33:12,505 [50dc8b30-d557-42ae-aab0-254bd5a1602a:group-4E40E472B458:LeaderElection72] INFO  impl.RaftServerImpl (ServerState.java:setRaftConf(361)) - 50dc8b30-d557-42ae-aab0-254bd5a1602a:group-4E40E472B458 set configuration 1: [bdb17887-013a-4087-af28-f0cb81f209cd:192.168.36.111:35112, 50dc8b30-d557-42ae-aab0-254bd5a1602a:192.168.36.111:41881, fb4443fd-5719-4a39-bdba-b2bf0c721de4:192.168.36.111:41139], old=null at 1
2019-09-03 05:33:12,506 [50dc8b30-d557-42ae-aab0-254bd5a1602a-SegmentedRaftLogWorker:Storage Directory /workdir/hadoop-ozone/integration-test/target/test-dir/MiniOzoneClusterImpl-c64d20cb-122d-47af-9bf2-d2da5c3556a3/datanode-4/data/ratis/5462a4e0-72fa-49a7-bd86-4e40e472b458] INFO  segmented.SegmentedRaftLogWorker (SegmentedRaftLogWorker.java:execute(526)) - 50dc8b30-d557-42ae-aab0-254bd5a1602a-SegmentedRaftLogWorker:Storage Directory /workdir/hadoop-ozone/integration-test/target/test-dir/MiniOzoneClusterImpl-c64d20cb-122d-47af-9bf2-d2da5c3556a3/datanode-4/data/ratis/5462a4e0-72fa-49a7-bd86-4e40e472b458: Rolled log segment from /workdir/hadoop-ozone/integration-test/target/test-dir/MiniOzoneClusterImpl-c64d20cb-122d-47af-9bf2-d2da5c3556a3/datanode-4/data/ratis/5462a4e0-72fa-49a7-bd86-4e40e472b458/current/log_inprogress_0 to /workdir/hadoop-ozone/integration-test/target/test-dir/MiniOzoneClusterImpl-c64d20cb-122d-47af-9bf2-d2da5c3556a3/datanode-4/data/ratis/5462a4e0-72fa-49a7-bd86-4e40e472b458/current/log_0-0
2019-09-03 05:33:12,507 [grpc-default-executor-10] INFO  impl.RaftServerImpl (ServerState.java:setLeader(263)) - 504f24ee-e757-4027-92cd-9b6d310efdfe:group-253DF9CF2DCA change Leader from null to 3e2fd577-5016-4c18-a24a-a8dfce2a89c9 at term 4 for appendEntries, leader elected after 15553ms
2019-09-03 05:33:12,507 [grpc-default-executor-9] INFO  impl.RaftServerImpl (ServerState.java:setLeader(263)) - fb4443fd-5719-4a39-bdba-b2bf0c721de4:group-4E40E472B458 change Leader from null to 50dc8b30-d557-42ae-aab0-254bd5a1602a at term 4 for appendEntries, leader elected after 10211ms
2019-09-03 05:33:12,507 [grpc-default-executor-3] INFO  impl.RaftServerImpl (ServerState.java:setLeader(263)) - bdb17887-013a-4087-af28-f0cb81f209cd:group-4E40E472B458 change Leader from null to 50dc8b30-d557-42ae-aab0-254bd5a1602a at term 4 for appendEntries, leader elected after 15486ms
2019-09-03 05:33:12,508 [grpc-default-executor-11] INFO  impl.RaftServerImpl (ServerState.java:setLeader(263)) - 3714cff3-a07e-4f81-85d4-28a9b78918d9:group-253DF9CF2DCA change Leader from null to 3e2fd577-5016-4c18-a24a-a8dfce2a89c9 at term 4 for appendEntries, leader elected after 10252ms
2019-09-03 05:33:12,508 [grpc-default-executor-3] INFO  impl.RaftServerImpl (RaftServerImpl.java:checkInconsistentAppendEntries(999)) - bdb17887-013a-4087-af28-f0cb81f209cd: Failed appendEntries as previous log entry ((t:1, i:0)) is not found
2019-09-03 05:33:12,509 [grpc-default-executor-3] INFO  impl.RaftServerImpl (RaftServerImpl.java:checkInconsistentAppendEntries(972)) - bdb17887-013a-4087-af28-f0cb81f209cd: inconsistency entries. Reply:50dc8b30-d557-42ae-aab0-254bd5a1602a<-bdb17887-013a-4087-af28-f0cb81f209cd#0:FAIL,INCONSISTENCY,nextIndex:0,term:4,followerCommit:-1
2019-09-03 05:33:12,510 [grpc-default-executor-9] INFO  impl.RaftServerImpl (ServerState.java:setRaftConf(361)) - 504f24ee-e757-4027-92cd-9b6d310efdfe:group-253DF9CF2DCA set configuration 0: [3714cff3-a07e-4f81-85d4-28a9b78918d9:192.168.36.111:36437, 3e2fd577-5016-4c18-a24a-a8dfce2a89c9:192.168.36.111:35956, 504f24ee-e757-4027-92cd-9b6d310efdfe:192.168.36.111:45241], old=null at 0
2019-09-03 05:33:12,510 [grpc-default-executor-3] INFO  impl.RaftServerImpl (ServerState.java:setRaftConf(361)) - fb4443fd-5719-4a39-bdba-b2bf0c721de4:group-4E40E472B458 set configuration 1: [bdb17887-013a-4087-af28-f0cb81f209cd:192.168.36.111:35112, 50dc8b30-d557-42ae-aab0-254bd5a1602a:192.168.36.111:41881, fb4443fd-5719-4a39-bdba-b2bf0c721de4:192.168.36.111:41139], old=null at 1
2019-09-03 05:33:12,510 [grpc-default-executor-9] INFO  segmented.SegmentedRaftLogWorker (SegmentedRaftLogWorker.java:startLogSegment(380)) - 504f24ee-e757-4027-92cd-9b6d310efdfe-SegmentedRaftLogWorker:Storage Directory /workdir/hadoop-ozone/integration-test/target/test-dir/MiniOzoneClusterImpl-c64d20cb-122d-47af-9bf2-d2da5c3556a3/datanode-1/data/ratis/57bec98f-3362-41f4-9e01-253df9cf2dca: Starting segment from index:0
2019-09-03 05:33:12,511 [grpc-default-executor-3] INFO  segmented.SegmentedRaftLogWorker (SegmentedRaftLogWorker.java:rollLogSegment(385)) - fb4443fd-5719-4a39-bdba-b2bf0c721de4-SegmentedRaftLogWorker:Storage Directory /workdir/hadoop-ozone/integration-test/target/test-dir/MiniOzoneClusterImpl-c64d20cb-122d-47af-9bf2-d2da5c3556a3/datanode-5/data/ratis/5462a4e0-72fa-49a7-bd86-4e40e472b458: Rolling segment log-0_0 to index:0
2019-09-03 05:33:12,511 [grpc-default-executor-11] INFO  impl.FollowerInfo (FollowerInfo.java:lambda$new$0(50)) - 50dc8b30-d557-42ae-aab0-254bd5a1602a->bdb17887-013a-4087-af28-f0cb81f209cd: nextIndex: updateUnconditionally 1 -> 0
2019-09-03 05:33:12,511 [grpc-default-executor-10] INFO  impl.RaftServerImpl (ServerState.java:setRaftConf(361)) - 3714cff3-a07e-4f81-85d4-28a9b78918d9:group-253DF9CF2DCA set configuration 0: [3714cff3-a07e-4f81-85d4-28a9b78918d9:192.168.36.111:36437, 3e2fd577-5016-4c18-a24a-a8dfce2a89c9:192.168.36.111:35956, 504f24ee-e757-4027-92cd-9b6d310efdfe:192.168.36.111:45241], old=null at 0
2019-09-03 05:33:12,512 [fb4443fd-5719-4a39-bdba-b2bf0c721de4-SegmentedRaftLogWorker:Storage Directory /workdir/hadoop-ozone/integration-test/target/test-dir/MiniOzoneClusterImpl-c64d20cb-122d-47af-9bf2-d2da5c3556a3/datanode-5/data/ratis/5462a4e0-72fa-49a7-bd86-4e40e472b458] INFO  segmented.SegmentedRaftLogWorker (SegmentedRaftLogWorker.java:execute(526)) - fb4443fd-5719-4a39-bdba-b2bf0c721de4-SegmentedRaftLogWorker:Storage Directory /workdir/hadoop-ozone/integration-test/target/test-dir/MiniOzoneClusterImpl-c64d20cb-122d-47af-9bf2-d2da5c3556a3/datanode-5/data/ratis/5462a4e0-72fa-49a7-bd86-4e40e472b458: Rolled log segment from /workdir/hadoop-ozone/integration-test/target/test-dir/MiniOzoneClusterImpl-c64d20cb-122d-47af-9bf2-d2da5c3556a3/datanode-5/data/ratis/5462a4e0-72fa-49a7-bd86-4e40e472b458/current/log_inprogress_0 to /workdir/hadoop-ozone/integration-test/target/test-dir/MiniOzoneClusterImpl-c64d20cb-122d-47af-9bf2-d2da5c3556a3/datanode-5/data/ratis/5462a4e0-72fa-49a7-bd86-4e40e472b458/current/log_0-0
2019-09-03 05:33:12,512 [grpc-default-executor-11] INFO  impl.RaftServerImpl (ServerState.java:setRaftConf(361)) - bdb17887-013a-4087-af28-f0cb81f209cd:group-4E40E472B458 set configuration 0: [bdb17887-013a-4087-af28-f0cb81f209cd:192.168.36.111:35112, 50dc8b30-d557-42ae-aab0-254bd5a1602a:192.168.36.111:41881, fb4443fd-5719-4a39-bdba-b2bf0c721de4:192.168.36.111:41139], old=null at 0
2019-09-03 05:33:12,512 [grpc-default-executor-11] INFO  segmented.SegmentedRaftLogWorker (SegmentedRaftLogWorker.java:startLogSegment(380)) - bdb17887-013a-4087-af28-f0cb81f209cd-SegmentedRaftLogWorker:Storage Directory /workdir/hadoop-ozone/integration-test/target/test-dir/MiniOzoneClusterImpl-c64d20cb-122d-47af-9bf2-d2da5c3556a3/datanode-2/data/ratis/5462a4e0-72fa-49a7-bd86-4e40e472b458: Starting segment from index:0
2019-09-03 05:33:12,513 [grpc-default-executor-11] INFO  impl.RaftServerImpl (ServerState.java:setRaftConf(361)) - bdb17887-013a-4087-af28-f0cb81f209cd:group-4E40E472B458 set configuration 1: [bdb17887-013a-4087-af28-f0cb81f209cd:192.168.36.111:35112, 50dc8b30-d557-42ae-aab0-254bd5a1602a:192.168.36.111:41881, fb4443fd-5719-4a39-bdba-b2bf0c721de4:192.168.36.111:41139], old=null at 1
2019-09-03 05:33:12,513 [grpc-default-executor-11] INFO  segmented.SegmentedRaftLogWorker (SegmentedRaftLogWorker.java:rollLogSegment(385)) - bdb17887-013a-4087-af28-f0cb81f209cd-SegmentedRaftLogWorker:Storage Directory /workdir/hadoop-ozone/integration-test/target/test-dir/MiniOzoneClusterImpl-c64d20cb-122d-47af-9bf2-d2da5c3556a3/datanode-2/data/ratis/5462a4e0-72fa-49a7-bd86-4e40e472b458: Rolling segment log-0_0 to index:0
2019-09-03 05:33:12,515 [grpc-default-executor-10] INFO  segmented.SegmentedRaftLogWorker (SegmentedRaftLogWorker.java:truncate(396)) - 3714cff3-a07e-4f81-85d4-28a9b78918d9-SegmentedRaftLogWorker:Storage Directory /workdir/hadoop-ozone/integration-test/target/test-dir/MiniOzoneClusterImpl-c64d20cb-122d-47af-9bf2-d2da5c3556a3/datanode-3/data/ratis/57bec98f-3362-41f4-9e01-253df9cf2dca: Truncating segments toTruncate: null
  toDelete: [(0, 0) isOpen? true, length=0, newEndIndex=-1], start index 0
2019-09-03 05:33:12,516 [grpc-default-executor-10] INFO  segmented.SegmentedRaftLogWorker (SegmentedRaftLogWorker.java:startLogSegment(380)) - 3714cff3-a07e-4f81-85d4-28a9b78918d9-SegmentedRaftLogWorker:Storage Directory /workdir/hadoop-ozone/integration-test/target/test-dir/MiniOzoneClusterImpl-c64d20cb-122d-47af-9bf2-d2da5c3556a3/datanode-3/data/ratis/57bec98f-3362-41f4-9e01-253df9cf2dca: Starting segment from index:0
2019-09-03 05:33:12,517 [3e2fd577-5016-4c18-a24a-a8dfce2a89c9-SegmentedRaftLogWorker:Storage Directory /workdir/hadoop-ozone/integration-test/target/test-dir/MiniOzoneClusterImpl-c64d20cb-122d-47af-9bf2-d2da5c3556a3/datanode-0/data/ratis/57bec98f-3362-41f4-9e01-253df9cf2dca] INFO  segmented.SegmentedRaftLogWorker (SegmentedRaftLogWorker.java:execute(569)) - 3e2fd577-5016-4c18-a24a-a8dfce2a89c9-SegmentedRaftLogWorker:Storage Directory /workdir/hadoop-ozone/integration-test/target/test-dir/MiniOzoneClusterImpl-c64d20cb-122d-47af-9bf2-d2da5c3556a3/datanode-0/data/ratis/57bec98f-3362-41f4-9e01-253df9cf2dca: created new log segment /workdir/hadoop-ozone/integration-test/target/test-dir/MiniOzoneClusterImpl-c64d20cb-122d-47af-9bf2-d2da5c3556a3/datanode-0/data/ratis/57bec98f-3362-41f4-9e01-253df9cf2dca/current/log_inprogress_0
2019-09-03 05:33:12,517 [3714cff3-a07e-4f81-85d4-28a9b78918d9-SegmentedRaftLogWorker:Storage Directory /workdir/hadoop-ozone/integration-test/target/test-dir/MiniOzoneClusterImpl-c64d20cb-122d-47af-9bf2-d2da5c3556a3/datanode-3/data/ratis/57bec98f-3362-41f4-9e01-253df9cf2dca] INFO  segmented.SegmentedRaftLogWorker (SegmentedRaftLogWorker.java:execute(633)) - 3714cff3-a07e-4f81-85d4-28a9b78918d9-SegmentedRaftLogWorker:Storage Directory /workdir/hadoop-ozone/integration-test/target/test-dir/MiniOzoneClusterImpl-c64d20cb-122d-47af-9bf2-d2da5c3556a3/datanode-3/data/ratis/57bec98f-3362-41f4-9e01-253df9cf2dca: Deleted log file /workdir/hadoop-ozone/integration-test/target/test-dir/MiniOzoneClusterImpl-c64d20cb-122d-47af-9bf2-d2da5c3556a3/datanode-3/data/ratis/57bec98f-3362-41f4-9e01-253df9cf2dca/current/log_inprogress_0
2019-09-03 05:33:12,518 [3714cff3-a07e-4f81-85d4-28a9b78918d9-SegmentedRaftLogWorker:Storage Directory /workdir/hadoop-ozone/integration-test/target/test-dir/MiniOzoneClusterImpl-c64d20cb-122d-47af-9bf2-d2da5c3556a3/datanode-3/data/ratis/57bec98f-3362-41f4-9e01-253df9cf2dca] INFO  segmented.SegmentedRaftLogWorker (SegmentedRaftLogWorker.java:lambda$new$0(132)) - 3714cff3-a07e-4f81-85d4-28a9b78918d9-SegmentedRaftLogWorker:Storage Directory /workdir/hadoop-ozone/integration-test/target/test-dir/MiniOzoneClusterImpl-c64d20cb-122d-47af-9bf2-d2da5c3556a3/datanode-3/data/ratis/57bec98f-3362-41f4-9e01-253df9cf2dca: flushIndex: setUnconditionally 0 -> -1
2019-09-03 05:33:12,558 [50dc8b30-d557-42ae-aab0-254bd5a1602a-SegmentedRaftLogWorker:Storage Directory /workdir/hadoop-ozone/integration-test/target/test-dir/MiniOzoneClusterImpl-c64d20cb-122d-47af-9bf2-d2da5c3556a3/datanode-4/data/ratis/5462a4e0-72fa-49a7-bd86-4e40e472b458] INFO  segmented.SegmentedRaftLogWorker (SegmentedRaftLogWorker.java:execute(569)) - 50dc8b30-d557-42ae-aab0-254bd5a1602a-SegmentedRaftLogWorker:Storage Directory /workdir/hadoop-ozone/integration-test/target/test-dir/MiniOzoneClusterImpl-c64d20cb-122d-47af-9bf2-d2da5c3556a3/datanode-4/data/ratis/5462a4e0-72fa-49a7-bd86-4e40e472b458: created new log segment /workdir/hadoop-ozone/integration-test/target/test-dir/MiniOzoneClusterImpl-c64d20cb-122d-47af-9bf2-d2da5c3556a3/datanode-4/data/ratis/5462a4e0-72fa-49a7-bd86-4e40e472b458/current/log_inprogress_1
2019-09-03 05:33:12,558 [fb4443fd-5719-4a39-bdba-b2bf0c721de4-SegmentedRaftLogWorker:Storage Directory /workdir/hadoop-ozone/integration-test/target/test-dir/MiniOzoneClusterImpl-c64d20cb-122d-47af-9bf2-d2da5c3556a3/datanode-5/data/ratis/5462a4e0-72fa-49a7-bd86-4e40e472b458] INFO  segmented.SegmentedRaftLogWorker (SegmentedRaftLogWorker.java:execute(569)) - fb4443fd-5719-4a39-bdba-b2bf0c721de4-SegmentedRaftLogWorker:Storage Directory /workdir/hadoop-ozone/integration-test/target/test-dir/MiniOzoneClusterImpl-c64d20cb-122d-47af-9bf2-d2da5c3556a3/datanode-5/data/ratis/5462a4e0-72fa-49a7-bd86-4e40e472b458: created new log segment /workdir/hadoop-ozone/integration-test/target/test-dir/MiniOzoneClusterImpl-c64d20cb-122d-47af-9bf2-d2da5c3556a3/datanode-5/data/ratis/5462a4e0-72fa-49a7-bd86-4e40e472b458/current/log_inprogress_1
2019-09-03 05:33:12,558 [504f24ee-e757-4027-92cd-9b6d310efdfe-SegmentedRaftLogWorker:Storage Directory /workdir/hadoop-ozone/integration-test/target/test-dir/MiniOzoneClusterImpl-c64d20cb-122d-47af-9bf2-d2da5c3556a3/datanode-1/data/ratis/57bec98f-3362-41f4-9e01-253df9cf2dca] INFO  segmented.SegmentedRaftLogWorker (SegmentedRaftLogWorker.java:execute(569)) - 504f24ee-e757-4027-92cd-9b6d310efdfe-SegmentedRaftLogWorker:Storage Directory /workdir/hadoop-ozone/integration-test/target/test-dir/MiniOzoneClusterImpl-c64d20cb-122d-47af-9bf2-d2da5c3556a3/datanode-1/data/ratis/57bec98f-3362-41f4-9e01-253df9cf2dca: created new log segment /workdir/hadoop-ozone/integration-test/target/test-dir/MiniOzoneClusterImpl-c64d20cb-122d-47af-9bf2-d2da5c3556a3/datanode-1/data/ratis/57bec98f-3362-41f4-9e01-253df9cf2dca/current/log_inprogress_0
2019-09-03 05:33:12,575 [bdb17887-013a-4087-af28-f0cb81f209cd-SegmentedRaftLogWorker:Storage Directory /workdir/hadoop-ozone/integration-test/target/test-dir/MiniOzoneClusterImpl-c64d20cb-122d-47af-9bf2-d2da5c3556a3/datanode-2/data/ratis/5462a4e0-72fa-49a7-bd86-4e40e472b458] INFO  segmented.SegmentedRaftLogWorker (SegmentedRaftLogWorker.java:execute(569)) - bdb17887-013a-4087-af28-f0cb81f209cd-SegmentedRaftLogWorker:Storage Directory /workdir/hadoop-ozone/integration-test/target/test-dir/MiniOzoneClusterImpl-c64d20cb-122d-47af-9bf2-d2da5c3556a3/datanode-2/data/ratis/5462a4e0-72fa-49a7-bd86-4e40e472b458: created new log segment /workdir/hadoop-ozone/integration-test/target/test-dir/MiniOzoneClusterImpl-c64d20cb-122d-47af-9bf2-d2da5c3556a3/datanode-2/data/ratis/5462a4e0-72fa-49a7-bd86-4e40e472b458/current/log_inprogress_0
2019-09-03 05:33:12,575 [3714cff3-a07e-4f81-85d4-28a9b78918d9-SegmentedRaftLogWorker:Storage Directory /workdir/hadoop-ozone/integration-test/target/test-dir/MiniOzoneClusterImpl-c64d20cb-122d-47af-9bf2-d2da5c3556a3/datanode-3/data/ratis/57bec98f-3362-41f4-9e01-253df9cf2dca] INFO  segmented.SegmentedRaftLogWorker (SegmentedRaftLogWorker.java:execute(569)) - 3714cff3-a07e-4f81-85d4-28a9b78918d9-SegmentedRaftLogWorker:Storage Directory /workdir/hadoop-ozone/integration-test/target/test-dir/MiniOzoneClusterImpl-c64d20cb-122d-47af-9bf2-d2da5c3556a3/datanode-3/data/ratis/57bec98f-3362-41f4-9e01-253df9cf2dca: created new log segment /workdir/hadoop-ozone/integration-test/target/test-dir/MiniOzoneClusterImpl-c64d20cb-122d-47af-9bf2-d2da5c3556a3/datanode-3/data/ratis/57bec98f-3362-41f4-9e01-253df9cf2dca/current/log_inprogress_0
2019-09-03 05:33:12,577 [bdb17887-013a-4087-af28-f0cb81f209cd-SegmentedRaftLogWorker:Storage Directory /workdir/hadoop-ozone/integration-test/target/test-dir/MiniOzoneClusterImpl-c64d20cb-122d-47af-9bf2-d2da5c3556a3/datanode-2/data/ratis/5462a4e0-72fa-49a7-bd86-4e40e472b458] INFO  segmented.SegmentedRaftLogWorker (SegmentedRaftLogWorker.java:execute(526)) - bdb17887-013a-4087-af28-f0cb81f209cd-SegmentedRaftLogWorker:Storage Directory /workdir/hadoop-ozone/integration-test/target/test-dir/MiniOzoneClusterImpl-c64d20cb-122d-47af-9bf2-d2da5c3556a3/datanode-2/data/ratis/5462a4e0-72fa-49a7-bd86-4e40e472b458: Rolled log segment from /workdir/hadoop-ozone/integration-test/target/test-dir/MiniOzoneClusterImpl-c64d20cb-122d-47af-9bf2-d2da5c3556a3/datanode-2/data/ratis/5462a4e0-72fa-49a7-bd86-4e40e472b458/current/log_inprogress_0 to /workdir/hadoop-ozone/integration-test/target/test-dir/MiniOzoneClusterImpl-c64d20cb-122d-47af-9bf2-d2da5c3556a3/datanode-2/data/ratis/5462a4e0-72fa-49a7-bd86-4e40e472b458/current/log_0-0
2019-09-03 05:33:12,610 [bdb17887-013a-4087-af28-f0cb81f209cd-SegmentedRaftLogWorker:Storage Directory /workdir/hadoop-ozone/integration-test/target/test-dir/MiniOzoneClusterImpl-c64d20cb-122d-47af-9bf2-d2da5c3556a3/datanode-2/data/ratis/5462a4e0-72fa-49a7-bd86-4e40e472b458] INFO  segmented.SegmentedRaftLogWorker (SegmentedRaftLogWorker.java:execute(569)) - bdb17887-013a-4087-af28-f0cb81f209cd-SegmentedRaftLogWorker:Storage Directory /workdir/hadoop-ozone/integration-test/target/test-dir/MiniOzoneClusterImpl-c64d20cb-122d-47af-9bf2-d2da5c3556a3/datanode-2/data/ratis/5462a4e0-72fa-49a7-bd86-4e40e472b458: created new log segment /workdir/hadoop-ozone/integration-test/target/test-dir/MiniOzoneClusterImpl-c64d20cb-122d-47af-9bf2-d2da5c3556a3/datanode-2/data/ratis/5462a4e0-72fa-49a7-bd86-4e40e472b458/current/log_inprogress_1
2019-09-03 05:33:13,019 [grpc-default-executor-10] INFO  client.GrpcClientProtocolClient (GrpcClientProtocolClient.java:onNext(255)) - client-3761DE7601FD->50dc8b30-d557-42ae-aab0-254bd5a1602a: receive RaftClientReply:client-3761DE7601FD->50dc8b30-d557-42ae-aab0-254bd5a1602a@group-4E40E472B458, cid=171, SUCCESS, logIndex=3, commits[50dc8b30-d557-42ae-aab0-254bd5a1602a:c3, bdb17887-013a-4087-af28-f0cb81f209cd:c2, fb4443fd-5719-4a39-bdba-b2bf0c721de4:c2]
2019-09-03 05:33:13,043 [grpc-default-executor-3] INFO  client.GrpcClientProtocolClient (GrpcClientProtocolClient.java:onNext(255)) - client-3761DE7601FD->50dc8b30-d557-42ae-aab0-254bd5a1602a: receive RaftClientReply:client-3761DE7601FD->50dc8b30-d557-42ae-aab0-254bd5a1602a@group-4E40E472B458, cid=172, SUCCESS, logIndex=5, commits[50dc8b30-d557-42ae-aab0-254bd5a1602a:c7, bdb17887-013a-4087-af28-f0cb81f209cd:c3, fb4443fd-5719-4a39-bdba-b2bf0c721de4:c3]
2019-09-03 05:33:13,077 [grpc-default-executor-10] INFO  client.GrpcClientProtocolClient (GrpcClientProtocolClient.java:onNext(255)) - client-3761DE7601FD->50dc8b30-d557-42ae-aab0-254bd5a1602a: receive RaftClientReply:client-3761DE7601FD->50dc8b30-d557-42ae-aab0-254bd5a1602a@group-4E40E472B458, cid=173, SUCCESS, logIndex=6, commits[50dc8b30-d557-42ae-aab0-254bd5a1602a:c14, bdb17887-013a-4087-af28-f0cb81f209cd:c9, fb4443fd-5719-4a39-bdba-b2bf0c721de4:c9]
2019-09-03 05:33:13,082 [grpc-default-executor-10] INFO  client.GrpcClientProtocolClient (GrpcClientProtocolClient.java:onNext(255)) - client-3761DE7601FD->50dc8b30-d557-42ae-aab0-254bd5a1602a: receive RaftClientReply:client-3761DE7601FD->50dc8b30-d557-42ae-aab0-254bd5a1602a@group-4E40E472B458, cid=174, SUCCESS, logIndex=7, commits[50dc8b30-d557-42ae-aab0-254bd5a1602a:c14, bdb17887-013a-4087-af28-f0cb81f209cd:c9, fb4443fd-5719-4a39-bdba-b2bf0c721de4:c9]
2019-09-03 05:33:13,082 [grpc-default-executor-10] INFO  client.GrpcClientProtocolClient (GrpcClientProtocolClient.java:onNext(255)) - client-3761DE7601FD->50dc8b30-d557-42ae-aab0-254bd5a1602a: receive RaftClientReply:client-3761DE7601FD->50dc8b30-d557-42ae-aab0-254bd5a1602a@group-4E40E472B458, cid=175, SUCCESS, logIndex=8, commits[50dc8b30-d557-42ae-aab0-254bd5a1602a:c14, bdb17887-013a-4087-af28-f0cb81f209cd:c9, fb4443fd-5719-4a39-bdba-b2bf0c721de4:c9]
2019-09-03 05:33:13,155 [grpc-default-executor-10] INFO  client.GrpcClientProtocolClient (GrpcClientProtocolClient.java:onNext(255)) - client-3761DE7601FD->50dc8b30-d557-42ae-aab0-254bd5a1602a: receive RaftClientReply:client-3761DE7601FD->50dc8b30-d557-42ae-aab0-254bd5a1602a@group-4E40E472B458, cid=176, SUCCESS, logIndex=9, commits[50dc8b30-d557-42ae-aab0-254bd5a1602a:c14, bdb17887-013a-4087-af28-f0cb81f209cd:c9, fb4443fd-5719-4a39-bdba-b2bf0c721de4:c9]
2019-09-03 05:33:13,180 [grpc-default-executor-11] INFO  client.GrpcClientProtocolClient (GrpcClientProtocolClient.java:onNext(255)) - client-3761DE7601FD->50dc8b30-d557-42ae-aab0-254bd5a1602a: receive RaftClientReply:client-3761DE7601FD->50dc8b30-d557-42ae-aab0-254bd5a1602a@group-4E40E472B458, cid=177, SUCCESS, logIndex=15, commits[50dc8b30-d557-42ae-aab0-254bd5a1602a:c16, bdb17887-013a-4087-af28-f0cb81f209cd:c14, fb4443fd-5719-4a39-bdba-b2bf0c721de4:c14]
2019-09-03 05:33:13,182 [grpc-default-executor-11] INFO  client.GrpcClientProtocolClient (GrpcClientProtocolClient.java:onNext(255)) - client-3761DE7601FD->50dc8b30-d557-42ae-aab0-254bd5a1602a: receive RaftClientReply:client-3761DE7601FD->50dc8b30-d557-42ae-aab0-254bd5a1602a@group-4E40E472B458, cid=178, SUCCESS, logIndex=16, commits[50dc8b30-d557-42ae-aab0-254bd5a1602a:c16, bdb17887-013a-4087-af28-f0cb81f209cd:c14, fb4443fd-5719-4a39-bdba-b2bf0c721de4:c14]
2019-09-03 05:33:13,193 [grpc-default-executor-10] INFO  client.GrpcClientProtocolClient (GrpcClientProtocolClient.java:onNext(255)) - client-3761DE7601FD->50dc8b30-d557-42ae-aab0-254bd5a1602a: receive RaftClientReply:client-3761DE7601FD->50dc8b30-d557-42ae-aab0-254bd5a1602a@group-4E40E472B458, cid=179, SUCCESS, logIndex=0, commits[50dc8b30-d557-42ae-aab0-254bd5a1602a:c18, bdb17887-013a-4087-af28-f0cb81f209cd:c16, fb4443fd-5719-4a39-bdba-b2bf0c721de4:c16]
2019-09-03 05:33:14,006 [Datanode State Machine Thread - 0] INFO  statemachine.DatanodeStateMachine (DatanodeStateMachine.java:lambda$startDaemon$0(350)) - Ozone container server started.
2019-09-03 05:33:18,050 [EventQueue-StaleNodeForStaleNodeHandler] INFO  node.StaleNodeHandler (StaleNodeHandler.java:onMessage(58)) - Datanode 50dc8b30-d557-42ae-aab0-254bd5a1602a{ip: 192.168.36.111, host: trunk-nightly-20190903-kd7j7-2804422064, networkLocation: /default-rack, certSerialId: null} moved to stale state. Finalizing its pipelines [PipelineID=5462a4e0-72fa-49a7-bd86-4e40e472b458, PipelineID=2ddf119b-e3bf-4bf6-ae84-f11d09a68e6f]
2019-09-03 05:33:18,051 [EventQueue-StaleNodeForStaleNodeHandler] INFO  pipeline.SCMPipelineManager (SCMPipelineManager.java:finalizeAndDestroyPipeline(309)) - destroying pipeline:Pipeline[ Id: 5462a4e0-72fa-49a7-bd86-4e40e472b458, Nodes: 50dc8b30-d557-42ae-aab0-254bd5a1602a{ip: 192.168.36.111, host: trunk-nightly-20190903-kd7j7-2804422064, networkLocation: /default-rack, certSerialId: null}bdb17887-013a-4087-af28-f0cb81f209cd{ip: 192.168.36.111, host: trunk-nightly-20190903-kd7j7-2804422064, networkLocation: /default-rack, certSerialId: null}fb4443fd-5719-4a39-bdba-b2bf0c721de4{ip: 192.168.36.111, host: trunk-nightly-20190903-kd7j7-2804422064, networkLocation: /default-rack, certSerialId: null}, Type:RATIS, Factor:THREE, State:OPEN]
2019-09-03 05:33:18,051 [EventQueue-StaleNodeForStaleNodeHandler] INFO  pipeline.PipelineStateManager (PipelineStateManager.java:finalizePipeline(123)) - Pipeline Pipeline[ Id: 5462a4e0-72fa-49a7-bd86-4e40e472b458, Nodes: 50dc8b30-d557-42ae-aab0-254bd5a1602a{ip: 192.168.36.111, host: trunk-nightly-20190903-kd7j7-2804422064, networkLocation: /default-rack, certSerialId: null}bdb17887-013a-4087-af28-f0cb81f209cd{ip: 192.168.36.111, host: trunk-nightly-20190903-kd7j7-2804422064, networkLocation: /default-rack, certSerialId: null}fb4443fd-5719-4a39-bdba-b2bf0c721de4{ip: 192.168.36.111, host: trunk-nightly-20190903-kd7j7-2804422064, networkLocation: /default-rack, certSerialId: null}, Type:RATIS, Factor:THREE, State:CLOSED] moved to CLOSED state
2019-09-03 05:33:18,051 [EventQueue-CloseContainerForCloseContainerEventHandler] INFO  container.CloseContainerEventHandler (CloseContainerEventHandler.java:onMessage(61)) - Close container Event triggered for container : #1
2019-09-03 05:33:18,051 [EventQueue-StaleNodeForStaleNodeHandler] INFO  pipeline.SCMPipelineManager (SCMPipelineManager.java:finalizeAndDestroyPipeline(309)) - destroying pipeline:Pipeline[ Id: 2ddf119b-e3bf-4bf6-ae84-f11d09a68e6f, Nodes: 50dc8b30-d557-42ae-aab0-254bd5a1602a{ip: 192.168.36.111, host: trunk-nightly-20190903-kd7j7-2804422064, networkLocation: /default-rack, certSerialId: null}, Type:RATIS, Factor:ONE, State:OPEN]
2019-09-03 05:33:18,052 [EventQueue-StaleNodeForStaleNodeHandler] INFO  pipeline.PipelineStateManager (PipelineStateManager.java:finalizePipeline(123)) - Pipeline Pipeline[ Id: 2ddf119b-e3bf-4bf6-ae84-f11d09a68e6f, Nodes: 50dc8b30-d557-42ae-aab0-254bd5a1602a{ip: 192.168.36.111, host: trunk-nightly-20190903-kd7j7-2804422064, networkLocation: /default-rack, certSerialId: null}, Type:RATIS, Factor:ONE, State:CLOSED] moved to CLOSED state
2019-09-03 05:33:18,195 [main] INFO  ozoneimpl.OzoneContainer (OzoneContainer.java:stop(215)) - Attempting to stop container services.
2019-09-03 05:33:18,196 [main] INFO  impl.RaftServerProxy (RaftServerProxy.java:lambda$close$4(314)) - 50dc8b30-d557-42ae-aab0-254bd5a1602a: close
2019-09-03 05:33:18,197 [main] INFO  impl.RaftServerImpl (RaftServerImpl.java:lambda$shutdown$3(245)) - 50dc8b30-d557-42ae-aab0-254bd5a1602a: shutdown group-4E40E472B458
2019-09-03 05:33:18,197 [ForkJoinPool.commonPool-worker-0] INFO  impl.RaftServerImpl (RaftServerImpl.java:lambda$shutdown$3(245)) - 50dc8b30-d557-42ae-aab0-254bd5a1602a: shutdown group-F11D09A68E6F
2019-09-03 05:33:18,197 [main] INFO  util.JmxRegister (JmxRegister.java:unregister(73)) - Successfully un-registered JMX Bean with object name Ratis:service=RaftServer,group=group-4E40E472B458,id=50dc8b30-d557-42ae-aab0-254bd5a1602a
2019-09-03 05:33:18,198 [main] INFO  impl.RoleInfo (RoleInfo.java:shutdownLeaderState(104)) - 50dc8b30-d557-42ae-aab0-254bd5a1602a: shutdown LeaderState
2019-09-03 05:33:18,197 [ForkJoinPool.commonPool-worker-0] INFO  util.JmxRegister (JmxRegister.java:unregister(73)) - Successfully un-registered JMX Bean with object name Ratis:service=RaftServer,group=group-F11D09A68E6F,id=50dc8b30-d557-42ae-aab0-254bd5a1602a
2019-09-03 05:33:18,203 [org.apache.ratis.server.impl.LogAppender$AppenderDaemon$$Lambda$523/1816514103@69e0392e] WARN  server.GrpcLogAppender (GrpcLogAppender.java:mayWait(143)) - GrpcLogAppender(50dc8b30-d557-42ae-aab0-254bd5a1602a->bdb17887-013a-4087-af28-f0cb81f209cd): Wait interrupted by java.lang.InterruptedException
2019-09-03 05:33:18,203 [org.apache.ratis.server.impl.LogAppender$AppenderDaemon$$Lambda$523/1816514103@2ce2aa76] WARN  server.GrpcLogAppender (GrpcLogAppender.java:mayWait(143)) - GrpcLogAppender(50dc8b30-d557-42ae-aab0-254bd5a1602a->fb4443fd-5719-4a39-bdba-b2bf0c721de4): Wait interrupted by java.lang.InterruptedException
2019-09-03 05:33:18,203 [main] INFO  impl.PendingRequests (PendingRequests.java:sendNotLeaderResponses(202)) - 50dc8b30-d557-42ae-aab0-254bd5a1602a-PendingRequests: sendNotLeaderResponses
2019-09-03 05:33:18,204 [grpc-default-executor-10] INFO  server.GrpcServerProtocolService (GrpcServerProtocolService.java:onCompleted(104)) - fb4443fd-5719-4a39-bdba-b2bf0c721de4: appendEntries completed
2019-09-03 05:33:18,204 [grpc-default-executor-11] INFO  server.GrpcServerProtocolService (GrpcServerProtocolService.java:onCompleted(104)) - bdb17887-013a-4087-af28-f0cb81f209cd: appendEntries completed
2019-09-03 05:33:18,203 [ForkJoinPool.commonPool-worker-0] INFO  impl.RoleInfo (RoleInfo.java:shutdownLeaderState(104)) - 50dc8b30-d557-42ae-aab0-254bd5a1602a: shutdown LeaderState
2019-09-03 05:33:18,207 [grpc-default-executor-10] INFO  server.GrpcLogAppender (GrpcLogAppender.java:onCompleted(292)) - 50dc8b30-d557-42ae-aab0-254bd5a1602a->bdb17887-013a-4087-af28-f0cb81f209cd: follower responses appendEntries COMPLETED
2019-09-03 05:33:18,207 [grpc-default-executor-3] INFO  server.GrpcLogAppender (GrpcLogAppender.java:onCompleted(292)) - 50dc8b30-d557-42ae-aab0-254bd5a1602a->fb4443fd-5719-4a39-bdba-b2bf0c721de4: follower responses appendEntries COMPLETED
2019-09-03 05:33:18,207 [StateMachineUpdater:50dc8b30-d557-42ae-aab0-254bd5a1602a:group-4E40E472B458] INFO  ratis.ContainerStateMachine (ContainerStateMachine.java:takeSnapshot(284)) - group-4E40E472B458: Taking a snapshot at:(t:4, i:16) file /workdir/hadoop-ozone/integration-test/target/test-dir/MiniOzoneClusterImpl-c64d20cb-122d-47af-9bf2-d2da5c3556a3/datanode-4/data/ratis/5462a4e0-72fa-49a7-bd86-4e40e472b458/sm/snapshot.4_16
2019-09-03 05:33:18,207 [main] INFO  impl.StateMachineUpdater (StateMachineUpdater.java:stopAndJoin(115)) - StateMachineUpdater:50dc8b30-d557-42ae-aab0-254bd5a1602a:group-4E40E472B458: set stopIndex = 18
2019-09-03 05:33:18,208 [grpc-default-executor-3] INFO  impl.FollowerInfo (FollowerInfo.java:lambda$new$0(50)) - 50dc8b30-d557-42ae-aab0-254bd5a1602a->fb4443fd-5719-4a39-bdba-b2bf0c721de4: nextIndex: updateUnconditionally 19 -> 18
2019-09-03 05:33:18,207 [grpc-default-executor-10] INFO  impl.FollowerInfo (FollowerInfo.java:lambda$new$0(50)) - 50dc8b30-d557-42ae-aab0-254bd5a1602a->bdb17887-013a-4087-af28-f0cb81f209cd: nextIndex: updateUnconditionally 19 -> 18
2019-09-03 05:33:18,207 [ForkJoinPool.commonPool-worker-0] INFO  impl.PendingRequests (PendingRequests.java:sendNotLeaderResponses(202)) - 50dc8b30-d557-42ae-aab0-254bd5a1602a-PendingRequests: sendNotLeaderResponses
2019-09-03 05:33:18,209 [ForkJoinPool.commonPool-worker-0] INFO  impl.StateMachineUpdater (StateMachineUpdater.java:stopAndJoin(115)) - StateMachineUpdater:50dc8b30-d557-42ae-aab0-254bd5a1602a:group-F11D09A68E6F: set stopIndex = 0
2019-09-03 05:33:18,209 [ForkJoinPool.commonPool-worker-0] INFO  impl.RaftServerImpl (ServerState.java:close(394)) - 50dc8b30-d557-42ae-aab0-254bd5a1602a:group-F11D09A68E6F closes. The last applied log index is 0
2019-09-03 05:33:18,209 [50dc8b30-d557-42ae-aab0-254bd5a1602a-SegmentedRaftLogWorker:Storage Directory /workdir/hadoop-ozone/integration-test/target/test-dir/MiniOzoneClusterImpl-c64d20cb-122d-47af-9bf2-d2da5c3556a3/datanode-4/data/ratis/2ddf119b-e3bf-4bf6-ae84-f11d09a68e6f] INFO  segmented.SegmentedRaftLogWorker (SegmentedRaftLogWorker.java:run(313)) - 50dc8b30-d557-42ae-aab0-254bd5a1602a-SegmentedRaftLogWorker:Storage Directory /workdir/hadoop-ozone/integration-test/target/test-dir/MiniOzoneClusterImpl-c64d20cb-122d-47af-9bf2-d2da5c3556a3/datanode-4/data/ratis/2ddf119b-e3bf-4bf6-ae84-f11d09a68e6f was interrupted, exiting. There are 0 tasks remaining in the queue.
2019-09-03 05:33:18,214 [ForkJoinPool.commonPool-worker-0] INFO  segmented.SegmentedRaftLogWorker (SegmentedRaftLogWorker.java:close(228)) - 50dc8b30-d557-42ae-aab0-254bd5a1602a-SegmentedRaftLogWorker:Storage Directory /workdir/hadoop-ozone/integration-test/target/test-dir/MiniOzoneClusterImpl-c64d20cb-122d-47af-9bf2-d2da5c3556a3/datanode-4/data/ratis/2ddf119b-e3bf-4bf6-ae84-f11d09a68e6f close()
2019-09-03 05:33:18,230 [StateMachineUpdater:50dc8b30-d557-42ae-aab0-254bd5a1602a:group-4E40E472B458] INFO  ratis.ContainerStateMachine (ContainerStateMachine.java:takeSnapshot(295)) - group-4E40E472B458: Finished taking a snapshot at:(t:4, i:16) file:/workdir/hadoop-ozone/integration-test/target/test-dir/MiniOzoneClusterImpl-c64d20cb-122d-47af-9bf2-d2da5c3556a3/datanode-4/data/ratis/5462a4e0-72fa-49a7-bd86-4e40e472b458/sm/snapshot.4_16 time:23
2019-09-03 05:33:18,230 [StateMachineUpdater:50dc8b30-d557-42ae-aab0-254bd5a1602a:group-4E40E472B458] INFO  impl.StateMachineUpdater (StateMachineUpdater.java:takeSnapshot(242)) - StateMachineUpdater:50dc8b30-d557-42ae-aab0-254bd5a1602a:group-4E40E472B458: Took a snapshot at index 16
2019-09-03 05:33:18,230 [StateMachineUpdater:50dc8b30-d557-42ae-aab0-254bd5a1602a:group-4E40E472B458] INFO  impl.StateMachineUpdater (StateMachineUpdater.java:lambda$new$0(80)) - StateMachineUpdater:50dc8b30-d557-42ae-aab0-254bd5a1602a:group-4E40E472B458: snapshotIndex: updateIncreasingly -1 -> 16
2019-09-03 05:33:18,231 [main] INFO  impl.RaftServerImpl (ServerState.java:close(394)) - 50dc8b30-d557-42ae-aab0-254bd5a1602a:group-4E40E472B458 closes. The last applied log index is 18
2019-09-03 05:33:18,231 [50dc8b30-d557-42ae-aab0-254bd5a1602a-SegmentedRaftLogWorker:Storage Directory /workdir/hadoop-ozone/integration-test/target/test-dir/MiniOzoneClusterImpl-c64d20cb-122d-47af-9bf2-d2da5c3556a3/datanode-4/data/ratis/5462a4e0-72fa-49a7-bd86-4e40e472b458] INFO  segmented.SegmentedRaftLogWorker (SegmentedRaftLogWorker.java:run(313)) - 50dc8b30-d557-42ae-aab0-254bd5a1602a-SegmentedRaftLogWorker:Storage Directory /workdir/hadoop-ozone/integration-test/target/test-dir/MiniOzoneClusterImpl-c64d20cb-122d-47af-9bf2-d2da5c3556a3/datanode-4/data/ratis/5462a4e0-72fa-49a7-bd86-4e40e472b458 was interrupted, exiting. There are 0 tasks remaining in the queue.
2019-09-03 05:33:18,231 [main] INFO  segmented.SegmentedRaftLogWorker (SegmentedRaftLogWorker.java:close(228)) - 50dc8b30-d557-42ae-aab0-254bd5a1602a-SegmentedRaftLogWorker:Storage Directory /workdir/hadoop-ozone/integration-test/target/test-dir/MiniOzoneClusterImpl-c64d20cb-122d-47af-9bf2-d2da5c3556a3/datanode-4/data/ratis/5462a4e0-72fa-49a7-bd86-4e40e472b458 close()
2019-09-03 05:33:18,234 [main] INFO  server.GrpcService (GrpcService.java:closeImpl(155)) - 50dc8b30-d557-42ae-aab0-254bd5a1602a: shutdown server with port 41881 now
2019-09-03 05:33:18,235 [grpc-default-executor-3] WARN  client.GrpcClientProtocolService (LogUtils.java:warn(134)) - 6-UnorderedRequestStreamObserver6: onError: org.apache.ratis.thirdparty.io.grpc.StatusRuntimeException: CANCELLED: cancelled before receiving half close
2019-09-03 05:33:18,235 [main] INFO  server.GrpcService (GrpcService.java:closeImpl(163)) - 50dc8b30-d557-42ae-aab0-254bd5a1602a: shutdown server with port 41881 successfully
2019-09-03 05:33:18,238 [refreshUsed-/workdir/hadoop-ozone/integration-test/target/test-dir/MiniOzoneClusterImpl-c64d20cb-122d-47af-9bf2-d2da5c3556a3/datanode-4/data/containers] WARN  fs.CachingGetSpaceUsed (CachingGetSpaceUsed.java:run(183)) - Thread Interrupted waiting to refresh disk information: sleep interrupted
2019-09-03 05:33:18,253 [main] INFO  utils.BackgroundService (BackgroundService.java:shutdown(148)) - Shutting down service BlockDeletingService
2019-09-03 05:33:18,260 [main] INFO  statemachine.DatanodeStateMachine (DatanodeStateMachine.java:stopDaemon(395)) - Ozone container server stopped.
2019-09-03 05:33:18,262 [main] INFO  handler.ContextHandler (ContextHandler.java:doStop(910)) - Stopped o.e.j.w.WebAppContext@430df350{/,null,UNAVAILABLE}{/hddsDatanode}
2019-09-03 05:33:18,263 [main] INFO  server.AbstractConnector (AbstractConnector.java:doStop(318)) - Stopped ServerConnector@1373e3ee{HTTP/1.1,[http/1.1]}{0.0.0.0:0}
2019-09-03 05:33:18,263 [main] INFO  handler.ContextHandler (ContextHandler.java:doStop(910)) - Stopped o.e.j.s.ServletContextHandler@75793f17{/static,jar:file:/home/user/.m2/repository/org/apache/hadoop/hadoop-hdds-container-service/0.5.0-SNAPSHOT/hadoop-hdds-container-service-0.5.0-SNAPSHOT.jar!/webapps/static,UNAVAILABLE}
2019-09-03 05:33:18,263 [main] INFO  handler.ContextHandler (ContextHandler.java:doStop(910)) - Stopped o.e.j.s.ServletContextHandler@36478bce{/logs,file:///workdir/hadoop-ozone/integration-test/target/log,UNAVAILABLE}
2019-09-03 05:33:20,289 [grpc-default-executor-3] INFO  client.GrpcClientProtocolClient (GrpcClientProtocolClient.java:onNext(255)) - client-3761DE7601FD->fb4443fd-5719-4a39-bdba-b2bf0c721de4: receive RaftClientReply:client-3761DE7601FD->fb4443fd-5719-4a39-bdba-b2bf0c721de4@group-4E40E472B458, cid=180, FAILED org.apache.ratis.protocol.NotLeaderException: Server fb4443fd-5719-4a39-bdba-b2bf0c721de4 is not the leader (50dc8b30-d557-42ae-aab0-254bd5a1602a:192.168.36.111:41881). Request must be sent to leader., logIndex=0, commits[fb4443fd-5719-4a39-bdba-b2bf0c721de4:c18, bdb17887-013a-4087-af28-f0cb81f209cd:c18, 50dc8b30-d557-42ae-aab0-254bd5a1602a:c18]
2019-09-03 05:33:21,301 [grpc-default-executor-11] INFO  client.GrpcClientProtocolClient (GrpcClientProtocolClient.java:onNext(255)) - client-3761DE7601FD->bdb17887-013a-4087-af28-f0cb81f209cd: receive RaftClientReply:client-3761DE7601FD->bdb17887-013a-4087-af28-f0cb81f209cd@group-4E40E472B458, cid=180, FAILED org.apache.ratis.protocol.NotLeaderException: Server bdb17887-013a-4087-af28-f0cb81f209cd is not the leader (50dc8b30-d557-42ae-aab0-254bd5a1602a:192.168.36.111:41881). Request must be sent to leader., logIndex=0, commits[bdb17887-013a-4087-af28-f0cb81f209cd:c18, 50dc8b30-d557-42ae-aab0-254bd5a1602a:c18, fb4443fd-5719-4a39-bdba-b2bf0c721de4:c18]
2019-09-03 05:33:22,317 [grpc-default-executor-3] INFO  client.GrpcClientProtocolClient (GrpcClientProtocolClient.java:onNext(255)) - client-3761DE7601FD->fb4443fd-5719-4a39-bdba-b2bf0c721de4: receive RaftClientReply:client-3761DE7601FD->fb4443fd-5719-4a39-bdba-b2bf0c721de4@group-4E40E472B458, cid=180, FAILED org.apache.ratis.protocol.NotLeaderException: Server fb4443fd-5719-4a39-bdba-b2bf0c721de4 is not the leader (50dc8b30-d557-42ae-aab0-254bd5a1602a:192.168.36.111:41881). Request must be sent to leader., logIndex=0, commits[fb4443fd-5719-4a39-bdba-b2bf0c721de4:c18, bdb17887-013a-4087-af28-f0cb81f209cd:c18, 50dc8b30-d557-42ae-aab0-254bd5a1602a:c18]
2019-09-03 05:33:23,343 [grpc-default-executor-10] INFO  client.GrpcClientProtocolClient (GrpcClientProtocolClient.java:onNext(255)) - client-3761DE7601FD->fb4443fd-5719-4a39-bdba-b2bf0c721de4: receive RaftClientReply:client-3761DE7601FD->fb4443fd-5719-4a39-bdba-b2bf0c721de4@group-4E40E472B458, cid=180, FAILED org.apache.ratis.protocol.NotLeaderException: Server fb4443fd-5719-4a39-bdba-b2bf0c721de4 is not the leader (50dc8b30-d557-42ae-aab0-254bd5a1602a:192.168.36.111:41881). Request must be sent to leader., logIndex=0, commits[fb4443fd-5719-4a39-bdba-b2bf0c721de4:c18, bdb17887-013a-4087-af28-f0cb81f209cd:c18, 50dc8b30-d557-42ae-aab0-254bd5a1602a:c18]
2019-09-03 05:33:24,366 [grpc-default-executor-11] INFO  client.GrpcClientProtocolClient (GrpcClientProtocolClient.java:onNext(255)) - client-3761DE7601FD->fb4443fd-5719-4a39-bdba-b2bf0c721de4: receive RaftClientReply:client-3761DE7601FD->fb4443fd-5719-4a39-bdba-b2bf0c721de4@group-4E40E472B458, cid=180, FAILED org.apache.ratis.protocol.NotLeaderException: Server fb4443fd-5719-4a39-bdba-b2bf0c721de4 is not the leader (50dc8b30-d557-42ae-aab0-254bd5a1602a:192.168.36.111:41881). Request must be sent to leader., logIndex=0, commits[fb4443fd-5719-4a39-bdba-b2bf0c721de4:c18, bdb17887-013a-4087-af28-f0cb81f209cd:c18, 50dc8b30-d557-42ae-aab0-254bd5a1602a:c18]
2019-09-03 05:33:25,381 [grpc-default-executor-10] INFO  client.GrpcClientProtocolClient (GrpcClientProtocolClient.java:onNext(255)) - client-3761DE7601FD->bdb17887-013a-4087-af28-f0cb81f209cd: receive RaftClientReply:client-3761DE7601FD->bdb17887-013a-4087-af28-f0cb81f209cd@group-4E40E472B458, cid=180, FAILED org.apache.ratis.protocol.NotLeaderException: Server bdb17887-013a-4087-af28-f0cb81f209cd is not the leader (50dc8b30-d557-42ae-aab0-254bd5a1602a:192.168.36.111:41881). Request must be sent to leader., logIndex=0, commits[bdb17887-013a-4087-af28-f0cb81f209cd:c18, 50dc8b30-d557-42ae-aab0-254bd5a1602a:c18, fb4443fd-5719-4a39-bdba-b2bf0c721de4:c18]
2019-09-03 05:33:26,397 [grpc-default-executor-3] INFO  client.GrpcClientProtocolClient (GrpcClientProtocolClient.java:onNext(255)) - client-3761DE7601FD->bdb17887-013a-4087-af28-f0cb81f209cd: receive RaftClientReply:client-3761DE7601FD->bdb17887-013a-4087-af28-f0cb81f209cd@group-4E40E472B458, cid=180, FAILED org.apache.ratis.protocol.NotLeaderException: Server bdb17887-013a-4087-af28-f0cb81f209cd is not the leader (50dc8b30-d557-42ae-aab0-254bd5a1602a:192.168.36.111:41881). Request must be sent to leader., logIndex=0, commits[bdb17887-013a-4087-af28-f0cb81f209cd:c18, 50dc8b30-d557-42ae-aab0-254bd5a1602a:c18, fb4443fd-5719-4a39-bdba-b2bf0c721de4:c18]
2019-09-03 05:33:27,410 [grpc-default-executor-11] INFO  client.GrpcClientProtocolClient (GrpcClientProtocolClient.java:onNext(255)) - client-3761DE7601FD->fb4443fd-5719-4a39-bdba-b2bf0c721de4: receive RaftClientReply:client-3761DE7601FD->fb4443fd-5719-4a39-bdba-b2bf0c721de4@group-4E40E472B458, cid=180, FAILED org.apache.ratis.protocol.NotLeaderException: Server fb4443fd-5719-4a39-bdba-b2bf0c721de4 is not the leader (50dc8b30-d557-42ae-aab0-254bd5a1602a:192.168.36.111:41881). Request must be sent to leader., logIndex=0, commits[fb4443fd-5719-4a39-bdba-b2bf0c721de4:c18, bdb17887-013a-4087-af28-f0cb81f209cd:c18, 50dc8b30-d557-42ae-aab0-254bd5a1602a:c18]
2019-09-03 05:33:27,646 [Thread-3428] INFO  impl.FollowerState (FollowerState.java:run(106)) - fb4443fd-5719-4a39-bdba-b2bf0c721de4:group-4E40E472B458 changes to CANDIDATE, lastRpcTime:9451, electionTimeout:5022ms
2019-09-03 05:33:27,646 [Thread-3428] INFO  impl.RoleInfo (RoleInfo.java:shutdownFollowerState(121)) - fb4443fd-5719-4a39-bdba-b2bf0c721de4: shutdown FollowerState
2019-09-03 05:33:27,647 [Thread-3428] INFO  impl.RaftServerImpl (RaftServerImpl.java:setRole(171)) - fb4443fd-5719-4a39-bdba-b2bf0c721de4:group-4E40E472B458 changes role from FOLLOWER to CANDIDATE at term 4 for changeToCandidate
2019-09-03 05:33:27,647 [Thread-3428] INFO  impl.RoleInfo (RoleInfo.java:updateAndGet(143)) - fb4443fd-5719-4a39-bdba-b2bf0c721de4: start LeaderElection
2019-09-03 05:33:27,650 [fb4443fd-5719-4a39-bdba-b2bf0c721de4:group-4E40E472B458:LeaderElection73] INFO  impl.RaftServerImpl (ServerState.java:setLeader(263)) - fb4443fd-5719-4a39-bdba-b2bf0c721de4:group-4E40E472B458 change Leader from 50dc8b30-d557-42ae-aab0-254bd5a1602a to null at term 4 for initElection
2019-09-03 05:33:27,656 [fb4443fd-5719-4a39-bdba-b2bf0c721de4:group-4E40E472B458:LeaderElection73] INFO  impl.LeaderElection (LeaderElection.java:askForVotes(181)) - fb4443fd-5719-4a39-bdba-b2bf0c721de4:group-4E40E472B458:LeaderElection73: begin an election at term 5 for 1: [bdb17887-013a-4087-af28-f0cb81f209cd:192.168.36.111:35112, 50dc8b30-d557-42ae-aab0-254bd5a1602a:192.168.36.111:41881, fb4443fd-5719-4a39-bdba-b2bf0c721de4:192.168.36.111:41139], old=null
2019-09-03 05:33:27,659 [fb4443fd-5719-4a39-bdba-b2bf0c721de4:group-4E40E472B458:LeaderElection73] INFO  impl.LeaderElection (LogUtils.java:infoOrTrace(149)) - fb4443fd-5719-4a39-bdba-b2bf0c721de4:group-4E40E472B458:LeaderElection73 got exception when requesting votes: {}
java.util.concurrent.ExecutionException: org.apache.ratis.thirdparty.io.grpc.StatusRuntimeException: UNAVAILABLE: io exception
	at java.util.concurrent.FutureTask.report(FutureTask.java:122)
	at java.util.concurrent.FutureTask.get(FutureTask.java:192)
	at org.apache.ratis.server.impl.LeaderElection.waitForResults(LeaderElection.java:262)
	at org.apache.ratis.server.impl.LeaderElection.askForVotes(LeaderElection.java:200)
	at org.apache.ratis.server.impl.LeaderElection.run(LeaderElection.java:130)
	at java.lang.Thread.run(Thread.java:748)
Caused by: org.apache.ratis.thirdparty.io.grpc.StatusRuntimeException: UNAVAILABLE: io exception
	at org.apache.ratis.thirdparty.io.grpc.stub.ClientCalls.toStatusRuntimeException(ClientCalls.java:233)
	at org.apache.ratis.thirdparty.io.grpc.stub.ClientCalls.getUnchecked(ClientCalls.java:214)
	at org.apache.ratis.thirdparty.io.grpc.stub.ClientCalls.blockingUnaryCall(ClientCalls.java:139)
	at org.apache.ratis.proto.grpc.RaftServerProtocolServiceGrpc$RaftServerProtocolServiceBlockingStub.requestVote(RaftServerProtocolServiceGrpc.java:265)
	at org.apache.ratis.grpc.server.GrpcServerProtocolClient.requestVote(GrpcServerProtocolClient.java:83)
	at org.apache.ratis.grpc.server.GrpcService.requestVote(GrpcService.java:195)
	at org.apache.ratis.server.impl.LeaderElection.lambda$submitRequests$1(LeaderElection.java:237)
	at java.util.concurrent.FutureTask.run(FutureTask.java:266)
	at java.util.concurrent.Executors$RunnableAdapter.call(Executors.java:511)
	at java.util.concurrent.FutureTask.run(FutureTask.java:266)
	at java.util.concurrent.ThreadPoolExecutor.runWorker(ThreadPoolExecutor.java:1149)
	at java.util.concurrent.ThreadPoolExecutor$Worker.run(ThreadPoolExecutor.java:624)
	... 1 more
Caused by: org.apache.ratis.thirdparty.io.netty.channel.AbstractChannel$AnnotatedConnectException: Connection refused: /192.168.36.111:41881
	at sun.nio.ch.SocketChannelImpl.checkConnect(Native Method)
	at sun.nio.ch.SocketChannelImpl.finishConnect(SocketChannelImpl.java:717)
	at org.apache.ratis.thirdparty.io.netty.channel.socket.nio.NioSocketChannel.doFinishConnect(NioSocketChannel.java:327)
	at org.apache.ratis.thirdparty.io.netty.channel.nio.AbstractNioChannel$AbstractNioUnsafe.finishConnect(AbstractNioChannel.java:340)
	at org.apache.ratis.thirdparty.io.netty.channel.nio.NioEventLoop.processSelectedKey(NioEventLoop.java:632)
	at org.apache.ratis.thirdparty.io.netty.channel.nio.NioEventLoop.processSelectedKeysOptimized(NioEventLoop.java:579)
	at org.apache.ratis.thirdparty.io.netty.channel.nio.NioEventLoop.processSelectedKeys(NioEventLoop.java:496)
	at org.apache.ratis.thirdparty.io.netty.channel.nio.NioEventLoop.run(NioEventLoop.java:458)
	at org.apache.ratis.thirdparty.io.netty.util.concurrent.SingleThreadEventExecutor$5.run(SingleThreadEventExecutor.java:897)
	at org.apache.ratis.thirdparty.io.netty.util.concurrent.FastThreadLocalRunnable.run(FastThreadLocalRunnable.java:30)
	... 1 more
Caused by: java.net.ConnectException: Connection refused
	... 11 more
2019-09-03 05:33:27,663 [grpc-default-executor-3] INFO  impl.RaftServerImpl (ServerState.java:setLeader(263)) - bdb17887-013a-4087-af28-f0cb81f209cd:group-4E40E472B458 change Leader from 50dc8b30-d557-42ae-aab0-254bd5a1602a to null at term 5 for updateCurrentTerm
2019-09-03 05:33:27,663 [grpc-default-executor-3] INFO  impl.RaftServerImpl (RaftServerImpl.java:setRole(171)) - bdb17887-013a-4087-af28-f0cb81f209cd:group-4E40E472B458 changes role from FOLLOWER to FOLLOWER at term 5 for recognizeCandidate:fb4443fd-5719-4a39-bdba-b2bf0c721de4
2019-09-03 05:33:27,663 [grpc-default-executor-3] INFO  impl.RoleInfo (RoleInfo.java:shutdownFollowerState(121)) - bdb17887-013a-4087-af28-f0cb81f209cd: shutdown FollowerState
2019-09-03 05:33:27,663 [grpc-default-executor-3] INFO  impl.RoleInfo (RoleInfo.java:updateAndGet(143)) - bdb17887-013a-4087-af28-f0cb81f209cd: start FollowerState
2019-09-03 05:33:27,663 [Thread-3430] INFO  impl.FollowerState (FollowerState.java:run(114)) - bdb17887-013a-4087-af28-f0cb81f209cd: FollowerState was interrupted: java.lang.InterruptedException: sleep interrupted
2019-09-03 05:33:27,668 [fb4443fd-5719-4a39-bdba-b2bf0c721de4:group-4E40E472B458:LeaderElection73] INFO  impl.LeaderElection (LeaderElection.java:logAndReturn(56)) - fb4443fd-5719-4a39-bdba-b2bf0c721de4:group-4E40E472B458:LeaderElection73: Election PASSED; received 1 response(s) [fb4443fd-5719-4a39-bdba-b2bf0c721de4<-bdb17887-013a-4087-af28-f0cb81f209cd#0:OK-t5] and 1 exception(s); fb4443fd-5719-4a39-bdba-b2bf0c721de4:t5, leader=null, voted=fb4443fd-5719-4a39-bdba-b2bf0c721de4, raftlog=fb4443fd-5719-4a39-bdba-b2bf0c721de4-SegmentedRaftLog:OPENED:c18,f18,i18, conf=1: [bdb17887-013a-4087-af28-f0cb81f209cd:192.168.36.111:35112, 50dc8b30-d557-42ae-aab0-254bd5a1602a:192.168.36.111:41881, fb4443fd-5719-4a39-bdba-b2bf0c721de4:192.168.36.111:41139], old=null
2019-09-03 05:33:27,669 [fb4443fd-5719-4a39-bdba-b2bf0c721de4:group-4E40E472B458:LeaderElection73] INFO  impl.LeaderElection (LogUtils.java:infoOrTrace(149)) -   Exception 0: {}
java.util.concurrent.ExecutionException: org.apache.ratis.thirdparty.io.grpc.StatusRuntimeException: UNAVAILABLE: io exception
	at java.util.concurrent.FutureTask.report(FutureTask.java:122)
	at java.util.concurrent.FutureTask.get(FutureTask.java:192)
	at org.apache.ratis.server.impl.LeaderElection.waitForResults(LeaderElection.java:262)
	at org.apache.ratis.server.impl.LeaderElection.askForVotes(LeaderElection.java:200)
	at org.apache.ratis.server.impl.LeaderElection.run(LeaderElection.java:130)
	at java.lang.Thread.run(Thread.java:748)
Caused by: org.apache.ratis.thirdparty.io.grpc.StatusRuntimeException: UNAVAILABLE: io exception
	at org.apache.ratis.thirdparty.io.grpc.stub.ClientCalls.toStatusRuntimeException(ClientCalls.java:233)
	at org.apache.ratis.thirdparty.io.grpc.stub.ClientCalls.getUnchecked(ClientCalls.java:214)
	at org.apache.ratis.thirdparty.io.grpc.stub.ClientCalls.blockingUnaryCall(ClientCalls.java:139)
	at org.apache.ratis.proto.grpc.RaftServerProtocolServiceGrpc$RaftServerProtocolServiceBlockingStub.requestVote(RaftServerProtocolServiceGrpc.java:265)
	at org.apache.ratis.grpc.server.GrpcServerProtocolClient.requestVote(GrpcServerProtocolClient.java:83)
	at org.apache.ratis.grpc.server.GrpcService.requestVote(GrpcService.java:195)
	at org.apache.ratis.server.impl.LeaderElection.lambda$submitRequests$1(LeaderElection.java:237)
	at java.util.concurrent.FutureTask.run(FutureTask.java:266)
	at java.util.concurrent.Executors$RunnableAdapter.call(Executors.java:511)
	at java.util.concurrent.FutureTask.run(FutureTask.java:266)
	at java.util.concurrent.ThreadPoolExecutor.runWorker(ThreadPoolExecutor.java:1149)
	at java.util.concurrent.ThreadPoolExecutor$Worker.run(ThreadPoolExecutor.java:624)
	... 1 more
Caused by: org.apache.ratis.thirdparty.io.netty.channel.AbstractChannel$AnnotatedConnectException: Connection refused: /192.168.36.111:41881
	at sun.nio.ch.SocketChannelImpl.checkConnect(Native Method)
	at sun.nio.ch.SocketChannelImpl.finishConnect(SocketChannelImpl.java:717)
	at org.apache.ratis.thirdparty.io.netty.channel.socket.nio.NioSocketChannel.doFinishConnect(NioSocketChannel.java:327)
	at org.apache.ratis.thirdparty.io.netty.channel.nio.AbstractNioChannel$AbstractNioUnsafe.finishConnect(AbstractNioChannel.java:340)
	at org.apache.ratis.thirdparty.io.netty.channel.nio.NioEventLoop.processSelectedKey(NioEventLoop.java:632)
	at org.apache.ratis.thirdparty.io.netty.channel.nio.NioEventLoop.processSelectedKeysOptimized(NioEventLoop.java:579)
	at org.apache.ratis.thirdparty.io.netty.channel.nio.NioEventLoop.processSelectedKeys(NioEventLoop.java:496)
	at org.apache.ratis.thirdparty.io.netty.channel.nio.NioEventLoop.run(NioEventLoop.java:458)
	at org.apache.ratis.thirdparty.io.netty.util.concurrent.SingleThreadEventExecutor$5.run(SingleThreadEventExecutor.java:897)
	at org.apache.ratis.thirdparty.io.netty.util.concurrent.FastThreadLocalRunnable.run(FastThreadLocalRunnable.java:30)
	... 1 more
Caused by: java.net.ConnectException: Connection refused
	... 11 more
2019-09-03 05:33:27,669 [fb4443fd-5719-4a39-bdba-b2bf0c721de4:group-4E40E472B458:LeaderElection73] INFO  impl.RoleInfo (RoleInfo.java:shutdownLeaderElection(134)) - fb4443fd-5719-4a39-bdba-b2bf0c721de4: shutdown LeaderElection
2019-09-03 05:33:27,669 [fb4443fd-5719-4a39-bdba-b2bf0c721de4:group-4E40E472B458:LeaderElection73] INFO  impl.RaftServerImpl (RaftServerImpl.java:setRole(171)) - fb4443fd-5719-4a39-bdba-b2bf0c721de4:group-4E40E472B458 changes role from CANDIDATE to LEADER at term 5 for changeToLeader
2019-09-03 05:33:27,669 [fb4443fd-5719-4a39-bdba-b2bf0c721de4:group-4E40E472B458:LeaderElection73] INFO  impl.RaftServerImpl (ServerState.java:setLeader(263)) - fb4443fd-5719-4a39-bdba-b2bf0c721de4:group-4E40E472B458 change Leader from null to fb4443fd-5719-4a39-bdba-b2bf0c721de4 at term 5 for becomeLeader, leader elected after 19ms
2019-09-03 05:33:27,670 [fb4443fd-5719-4a39-bdba-b2bf0c721de4:group-4E40E472B458:LeaderElection73] INFO  server.RaftServerConfigKeys (ConfUtils.java:logGet(43)) - raft.server.staging.catchup.gap = 1000 (default)
2019-09-03 05:33:27,670 [fb4443fd-5719-4a39-bdba-b2bf0c721de4:group-4E40E472B458:LeaderElection73] INFO  server.RaftServerConfigKeys (ConfUtils.java:logGet(43)) - raft.server.rpc.sleep.time = 25ms (default)
2019-09-03 05:33:27,670 [fb4443fd-5719-4a39-bdba-b2bf0c721de4:group-4E40E472B458:LeaderElection73] INFO  server.RaftServerConfigKeys (ConfUtils.java:logGet(43)) - raft.server.write.element-limit = 4096 (default)
2019-09-03 05:33:27,670 [fb4443fd-5719-4a39-bdba-b2bf0c721de4:group-4E40E472B458:LeaderElection73] INFO  server.RaftServerConfigKeys (ConfUtils.java:logGet(43)) - raft.server.watch.timeout = 10s (default)
2019-09-03 05:33:27,670 [fb4443fd-5719-4a39-bdba-b2bf0c721de4:group-4E40E472B458:LeaderElection73] INFO  server.RaftServerConfigKeys (ConfUtils.java:logGet(43)) - raft.server.watch.timeout.denomination = 1s (default)
2019-09-03 05:33:27,671 [fb4443fd-5719-4a39-bdba-b2bf0c721de4:group-4E40E472B458:LeaderElection73] INFO  server.RaftServerConfigKeys (ConfUtils.java:logGet(43)) - raft.server.watch.element-limit = 65536 (default)
2019-09-03 05:33:27,671 [fb4443fd-5719-4a39-bdba-b2bf0c721de4:group-4E40E472B458:LeaderElection73] INFO  server.RaftServerConfigKeys (ConfUtils.java:logGet(43)) - raft.server.log.appender.snapshot.chunk.size.max = 16MB (=16777216) (default)
2019-09-03 05:33:27,671 [fb4443fd-5719-4a39-bdba-b2bf0c721de4:group-4E40E472B458:LeaderElection73] INFO  server.RaftServerConfigKeys (ConfUtils.java:logGet(43)) - raft.server.log.appender.buffer.byte-limit = 33554432 (custom)
2019-09-03 05:33:27,671 [fb4443fd-5719-4a39-bdba-b2bf0c721de4:group-4E40E472B458:LeaderElection73] INFO  server.RaftServerConfigKeys (ConfUtils.java:logGet(43)) - raft.server.log.appender.buffer.element-limit = 1 (custom)
2019-09-03 05:33:27,672 [fb4443fd-5719-4a39-bdba-b2bf0c721de4:group-4E40E472B458:LeaderElection73] INFO  grpc.GrpcConfigKeys$Server (ConfUtils.java:logGet(43)) - raft.grpc.server.leader.outstanding.appends.max = 128 (default)
2019-09-03 05:33:27,672 [fb4443fd-5719-4a39-bdba-b2bf0c721de4:group-4E40E472B458:LeaderElection73] INFO  server.RaftServerConfigKeys (ConfUtils.java:logGet(43)) - raft.server.rpc.request.timeout = 3000ms (default)
2019-09-03 05:33:27,672 [fb4443fd-5719-4a39-bdba-b2bf0c721de4:group-4E40E472B458:LeaderElection73] INFO  server.RaftServerConfigKeys (ConfUtils.java:logGet(43)) - raft.server.log.appender.install.snapshot.enabled = false (custom)
2019-09-03 05:33:27,672 [fb4443fd-5719-4a39-bdba-b2bf0c721de4:group-4E40E472B458:LeaderElection73] INFO  server.RaftServerConfigKeys (ConfUtils.java:logGet(43)) - raft.server.log.appender.snapshot.chunk.size.max = 16MB (=16777216) (default)
2019-09-03 05:33:27,672 [fb4443fd-5719-4a39-bdba-b2bf0c721de4:group-4E40E472B458:LeaderElection73] INFO  server.RaftServerConfigKeys (ConfUtils.java:logGet(43)) - raft.server.log.appender.buffer.byte-limit = 33554432 (custom)
2019-09-03 05:33:27,673 [fb4443fd-5719-4a39-bdba-b2bf0c721de4:group-4E40E472B458:LeaderElection73] INFO  server.RaftServerConfigKeys (ConfUtils.java:logGet(43)) - raft.server.log.appender.buffer.element-limit = 1 (custom)
2019-09-03 05:33:27,673 [fb4443fd-5719-4a39-bdba-b2bf0c721de4:group-4E40E472B458:LeaderElection73] INFO  grpc.GrpcConfigKeys$Server (ConfUtils.java:logGet(43)) - raft.grpc.server.leader.outstanding.appends.max = 128 (default)
2019-09-03 05:33:27,673 [fb4443fd-5719-4a39-bdba-b2bf0c721de4:group-4E40E472B458:LeaderElection73] INFO  server.RaftServerConfigKeys (ConfUtils.java:logGet(43)) - raft.server.rpc.request.timeout = 3000ms (default)
2019-09-03 05:33:27,673 [fb4443fd-5719-4a39-bdba-b2bf0c721de4:group-4E40E472B458:LeaderElection73] INFO  server.RaftServerConfigKeys (ConfUtils.java:logGet(43)) - raft.server.log.appender.install.snapshot.enabled = false (custom)
2019-09-03 05:33:27,674 [fb4443fd-5719-4a39-bdba-b2bf0c721de4:group-4E40E472B458:LeaderElection73] INFO  impl.RoleInfo (RoleInfo.java:updateAndGet(143)) - fb4443fd-5719-4a39-bdba-b2bf0c721de4: start LeaderState
2019-09-03 05:33:27,674 [fb4443fd-5719-4a39-bdba-b2bf0c721de4:group-4E40E472B458:LeaderElection73] INFO  segmented.SegmentedRaftLogWorker (SegmentedRaftLogWorker.java:rollLogSegment(385)) - fb4443fd-5719-4a39-bdba-b2bf0c721de4-SegmentedRaftLogWorker:Storage Directory /workdir/hadoop-ozone/integration-test/target/test-dir/MiniOzoneClusterImpl-c64d20cb-122d-47af-9bf2-d2da5c3556a3/datanode-5/data/ratis/5462a4e0-72fa-49a7-bd86-4e40e472b458: Rolling segment log-1_18 to index:18
2019-09-03 05:33:27,675 [fb4443fd-5719-4a39-bdba-b2bf0c721de4-SegmentedRaftLogWorker:Storage Directory /workdir/hadoop-ozone/integration-test/target/test-dir/MiniOzoneClusterImpl-c64d20cb-122d-47af-9bf2-d2da5c3556a3/datanode-5/data/ratis/5462a4e0-72fa-49a7-bd86-4e40e472b458] INFO  segmented.SegmentedRaftLogWorker (SegmentedRaftLogWorker.java:execute(526)) - fb4443fd-5719-4a39-bdba-b2bf0c721de4-SegmentedRaftLogWorker:Storage Directory /workdir/hadoop-ozone/integration-test/target/test-dir/MiniOzoneClusterImpl-c64d20cb-122d-47af-9bf2-d2da5c3556a3/datanode-5/data/ratis/5462a4e0-72fa-49a7-bd86-4e40e472b458: Rolled log segment from /workdir/hadoop-ozone/integration-test/target/test-dir/MiniOzoneClusterImpl-c64d20cb-122d-47af-9bf2-d2da5c3556a3/datanode-5/data/ratis/5462a4e0-72fa-49a7-bd86-4e40e472b458/current/log_inprogress_1 to /workdir/hadoop-ozone/integration-test/target/test-dir/MiniOzoneClusterImpl-c64d20cb-122d-47af-9bf2-d2da5c3556a3/datanode-5/data/ratis/5462a4e0-72fa-49a7-bd86-4e40e472b458/current/log_1-18
2019-09-03 05:33:27,675 [fb4443fd-5719-4a39-bdba-b2bf0c721de4:group-4E40E472B458:LeaderElection73] INFO  impl.RaftServerImpl (ServerState.java:setRaftConf(361)) - fb4443fd-5719-4a39-bdba-b2bf0c721de4:group-4E40E472B458 set configuration 19: [bdb17887-013a-4087-af28-f0cb81f209cd:192.168.36.111:35112, 50dc8b30-d557-42ae-aab0-254bd5a1602a:192.168.36.111:41881, fb4443fd-5719-4a39-bdba-b2bf0c721de4:192.168.36.111:41139], old=null at 19
2019-09-03 05:33:27,675 [grpc-default-executor-3] WARN  server.GrpcLogAppender (LogUtils.java:warn(134)) - fb4443fd-5719-4a39-bdba-b2bf0c721de4->50dc8b30-d557-42ae-aab0-254bd5a1602a: Failed appendEntries: org.apache.ratis.thirdparty.io.grpc.StatusRuntimeException: UNAVAILABLE: io exception
2019-09-03 05:33:27,675 [grpc-default-executor-3] INFO  impl.FollowerInfo (FollowerInfo.java:lambda$new$0(50)) - fb4443fd-5719-4a39-bdba-b2bf0c721de4->50dc8b30-d557-42ae-aab0-254bd5a1602a: nextIndex: updateUnconditionally 19 -> 1
2019-09-03 05:33:27,676 [grpc-default-executor-11] INFO  impl.RaftServerImpl (ServerState.java:setLeader(263)) - bdb17887-013a-4087-af28-f0cb81f209cd:group-4E40E472B458 change Leader from null to fb4443fd-5719-4a39-bdba-b2bf0c721de4 at term 5 for appendEntries, leader elected after 13ms
2019-09-03 05:33:27,677 [grpc-default-executor-11] INFO  impl.RaftServerImpl (ServerState.java:setRaftConf(361)) - bdb17887-013a-4087-af28-f0cb81f209cd:group-4E40E472B458 set configuration 19: [bdb17887-013a-4087-af28-f0cb81f209cd:192.168.36.111:35112, 50dc8b30-d557-42ae-aab0-254bd5a1602a:192.168.36.111:41881, fb4443fd-5719-4a39-bdba-b2bf0c721de4:192.168.36.111:41139], old=null at 19
2019-09-03 05:33:27,677 [grpc-default-executor-11] INFO  segmented.SegmentedRaftLogWorker (SegmentedRaftLogWorker.java:rollLogSegment(385)) - bdb17887-013a-4087-af28-f0cb81f209cd-SegmentedRaftLogWorker:Storage Directory /workdir/hadoop-ozone/integration-test/target/test-dir/MiniOzoneClusterImpl-c64d20cb-122d-47af-9bf2-d2da5c3556a3/datanode-2/data/ratis/5462a4e0-72fa-49a7-bd86-4e40e472b458: Rolling segment log-1_18 to index:18
2019-09-03 05:33:27,678 [bdb17887-013a-4087-af28-f0cb81f209cd-SegmentedRaftLogWorker:Storage Directory /workdir/hadoop-ozone/integration-test/target/test-dir/MiniOzoneClusterImpl-c64d20cb-122d-47af-9bf2-d2da5c3556a3/datanode-2/data/ratis/5462a4e0-72fa-49a7-bd86-4e40e472b458] INFO  segmented.SegmentedRaftLogWorker (SegmentedRaftLogWorker.java:execute(526)) - bdb17887-013a-4087-af28-f0cb81f209cd-SegmentedRaftLogWorker:Storage Directory /workdir/hadoop-ozone/integration-test/target/test-dir/MiniOzoneClusterImpl-c64d20cb-122d-47af-9bf2-d2da5c3556a3/datanode-2/data/ratis/5462a4e0-72fa-49a7-bd86-4e40e472b458: Rolled log segment from /workdir/hadoop-ozone/integration-test/target/test-dir/MiniOzoneClusterImpl-c64d20cb-122d-47af-9bf2-d2da5c3556a3/datanode-2/data/ratis/5462a4e0-72fa-49a7-bd86-4e40e472b458/current/log_inprogress_1 to /workdir/hadoop-ozone/integration-test/target/test-dir/MiniOzoneClusterImpl-c64d20cb-122d-47af-9bf2-d2da5c3556a3/datanode-2/data/ratis/5462a4e0-72fa-49a7-bd86-4e40e472b458/current/log_1-18
2019-09-03 05:33:27,707 [fb4443fd-5719-4a39-bdba-b2bf0c721de4-SegmentedRaftLogWorker:Storage Directory /workdir/hadoop-ozone/integration-test/target/test-dir/MiniOzoneClusterImpl-c64d20cb-122d-47af-9bf2-d2da5c3556a3/datanode-5/data/ratis/5462a4e0-72fa-49a7-bd86-4e40e472b458] INFO  segmented.SegmentedRaftLogWorker (SegmentedRaftLogWorker.java:execute(569)) - fb4443fd-5719-4a39-bdba-b2bf0c721de4-SegmentedRaftLogWorker:Storage Directory /workdir/hadoop-ozone/integration-test/target/test-dir/MiniOzoneClusterImpl-c64d20cb-122d-47af-9bf2-d2da5c3556a3/datanode-5/data/ratis/5462a4e0-72fa-49a7-bd86-4e40e472b458: created new log segment /workdir/hadoop-ozone/integration-test/target/test-dir/MiniOzoneClusterImpl-c64d20cb-122d-47af-9bf2-d2da5c3556a3/datanode-5/data/ratis/5462a4e0-72fa-49a7-bd86-4e40e472b458/current/log_inprogress_19
2019-09-03 05:33:27,708 [bdb17887-013a-4087-af28-f0cb81f209cd-SegmentedRaftLogWorker:Storage Directory /workdir/hadoop-ozone/integration-test/target/test-dir/MiniOzoneClusterImpl-c64d20cb-122d-47af-9bf2-d2da5c3556a3/datanode-2/data/ratis/5462a4e0-72fa-49a7-bd86-4e40e472b458] INFO  segmented.SegmentedRaftLogWorker (SegmentedRaftLogWorker.java:execute(569)) - bdb17887-013a-4087-af28-f0cb81f209cd-SegmentedRaftLogWorker:Storage Directory /workdir/hadoop-ozone/integration-test/target/test-dir/MiniOzoneClusterImpl-c64d20cb-122d-47af-9bf2-d2da5c3556a3/datanode-2/data/ratis/5462a4e0-72fa-49a7-bd86-4e40e472b458: created new log segment /workdir/hadoop-ozone/integration-test/target/test-dir/MiniOzoneClusterImpl-c64d20cb-122d-47af-9bf2-d2da5c3556a3/datanode-2/data/ratis/5462a4e0-72fa-49a7-bd86-4e40e472b458/current/log_inprogress_19
2019-09-03 05:33:27,715 [grpc-default-executor-3] WARN  server.GrpcLogAppender (LogUtils.java:warn(134)) - fb4443fd-5719-4a39-bdba-b2bf0c721de4->50dc8b30-d557-42ae-aab0-254bd5a1602a: Failed appendEntries: org.apache.ratis.thirdparty.io.grpc.StatusRuntimeException: UNAVAILABLE: io exception
2019-09-03 05:33:27,715 [grpc-default-executor-3] INFO  impl.FollowerInfo (FollowerInfo.java:lambda$new$0(50)) - fb4443fd-5719-4a39-bdba-b2bf0c721de4->50dc8b30-d557-42ae-aab0-254bd5a1602a: nextIndex: updateUnconditionally 2 -> 1
2019-09-03 05:33:27,719 [grpc-default-executor-10] WARN  server.GrpcLogAppender (LogUtils.java:warn(134)) - fb4443fd-5719-4a39-bdba-b2bf0c721de4->50dc8b30-d557-42ae-aab0-254bd5a1602a: Failed appendEntries: org.apache.ratis.thirdparty.io.grpc.StatusRuntimeException: UNAVAILABLE: io exception
2019-09-03 05:33:27,720 [grpc-default-executor-10] INFO  impl.FollowerInfo (FollowerInfo.java:lambda$new$0(50)) - fb4443fd-5719-4a39-bdba-b2bf0c721de4->50dc8b30-d557-42ae-aab0-254bd5a1602a: nextIndex: updateUnconditionally 2 -> 1
2019-09-03 05:33:28,421 [grpc-default-executor-10] INFO  client.GrpcClientProtocolClient (GrpcClientProtocolClient.java:onNext(255)) - client-3761DE7601FD->bdb17887-013a-4087-af28-f0cb81f209cd: receive RaftClientReply:client-3761DE7601FD->bdb17887-013a-4087-af28-f0cb81f209cd@group-4E40E472B458, cid=180, FAILED org.apache.ratis.protocol.NotLeaderException: Server bdb17887-013a-4087-af28-f0cb81f209cd is not the leader (fb4443fd-5719-4a39-bdba-b2bf0c721de4:192.168.36.111:41139). Request must be sent to leader., logIndex=0, commits[bdb17887-013a-4087-af28-f0cb81f209cd:c19, 50dc8b30-d557-42ae-aab0-254bd5a1602a:c18, fb4443fd-5719-4a39-bdba-b2bf0c721de4:c19]
05:33:28.427 [grpc-default-executor-3] ERROR DNAudit - user=null | ip=null | op=WRITE_CHUNK {blockData=conID: 1 locID: 102726944532594702 bcsId: 16} | ret=FAILURE
org.apache.hadoop.hdds.scm.container.common.helpers.ContainerNotOpenException: Container 1 in CLOSING state
	at org.apache.hadoop.ozone.container.common.impl.HddsDispatcher.validateContainerCommand(HddsDispatcher.java:408) ~[hadoop-hdds-container-service-0.5.0-SNAPSHOT.jar:?]
	at org.apache.hadoop.ozone.container.common.transport.server.ratis.ContainerStateMachine.startTransaction(ContainerStateMachine.java:310) ~[hadoop-hdds-container-service-0.5.0-SNAPSHOT.jar:?]
	at org.apache.ratis.server.impl.RaftServerImpl.submitClientRequestAsync(RaftServerImpl.java:566) ~[ratis-server-0.4.0-2337318-SNAPSHOT.jar:0.4.0-2337318-SNAPSHOT]
	at org.apache.ratis.server.impl.RaftServerProxy.lambda$submitClientRequestAsync$7(RaftServerProxy.java:333) ~[ratis-server-0.4.0-2337318-SNAPSHOT.jar:0.4.0-2337318-SNAPSHOT]
	at org.apache.ratis.server.impl.RaftServerProxy.lambda$null$5(RaftServerProxy.java:328) ~[ratis-server-0.4.0-2337318-SNAPSHOT.jar:0.4.0-2337318-SNAPSHOT]
	at org.apache.ratis.util.JavaUtils.callAsUnchecked(JavaUtils.java:109) ~[ratis-common-0.4.0-2337318-SNAPSHOT.jar:0.4.0-2337318-SNAPSHOT]
	at org.apache.ratis.server.impl.RaftServerProxy.lambda$submitRequest$6(RaftServerProxy.java:328) ~[ratis-server-0.4.0-2337318-SNAPSHOT.jar:0.4.0-2337318-SNAPSHOT]
	at java.util.concurrent.CompletableFuture.uniComposeStage(CompletableFuture.java:981) ~[?:1.8.0_212]
	at java.util.concurrent.CompletableFuture.thenCompose(CompletableFuture.java:2124) ~[?:1.8.0_212]
	at org.apache.ratis.server.impl.RaftServerProxy.submitRequest(RaftServerProxy.java:327) ~[ratis-server-0.4.0-2337318-SNAPSHOT.jar:0.4.0-2337318-SNAPSHOT]
	at org.apache.ratis.server.impl.RaftServerProxy.submitClientRequestAsync(RaftServerProxy.java:333) ~[ratis-server-0.4.0-2337318-SNAPSHOT.jar:0.4.0-2337318-SNAPSHOT]
	at org.apache.ratis.grpc.client.GrpcClientProtocolService$RequestStreamObserver.processClientRequest(GrpcClientProtocolService.java:220) ~[ratis-grpc-0.4.0-2337318-SNAPSHOT.jar:0.4.0-2337318-SNAPSHOT]
	at org.apache.ratis.grpc.client.GrpcClientProtocolService$OrderedRequestStreamObserver.processClientRequest(GrpcClientProtocolService.java:326) ~[ratis-grpc-0.4.0-2337318-SNAPSHOT.jar:0.4.0-2337318-SNAPSHOT]
	at org.apache.ratis.util.SlidingWindow$Server.processRequestsFromHead(SlidingWindow.java:429) [ratis-common-0.4.0-2337318-SNAPSHOT.jar:0.4.0-2337318-SNAPSHOT]
	at org.apache.ratis.util.SlidingWindow$Server.receivedRequest(SlidingWindow.java:421) [ratis-common-0.4.0-2337318-SNAPSHOT.jar:0.4.0-2337318-SNAPSHOT]
	at org.apache.ratis.grpc.client.GrpcClientProtocolService$OrderedRequestStreamObserver.processClientRequest(GrpcClientProtocolService.java:345) [ratis-grpc-0.4.0-2337318-SNAPSHOT.jar:0.4.0-2337318-SNAPSHOT]
	at org.apache.ratis.grpc.client.GrpcClientProtocolService$RequestStreamObserver.onNext(GrpcClientProtocolService.java:240) [ratis-grpc-0.4.0-2337318-SNAPSHOT.jar:0.4.0-2337318-SNAPSHOT]
	at org.apache.ratis.grpc.client.GrpcClientProtocolService$RequestStreamObserver.onNext(GrpcClientProtocolService.java:168) [ratis-grpc-0.4.0-2337318-SNAPSHOT.jar:0.4.0-2337318-SNAPSHOT]
	at org.apache.ratis.thirdparty.io.grpc.stub.ServerCalls$StreamingServerCallHandler$StreamingServerCallListener.onMessage(ServerCalls.java:248) [ratis-thirdparty-misc-0.2.0.jar:0.2.0]
	at org.apache.ratis.thirdparty.io.grpc.internal.ServerCallImpl$ServerStreamListenerImpl.messagesAvailable(ServerCallImpl.java:263) [ratis-thirdparty-misc-0.2.0.jar:0.2.0]
	at org.apache.ratis.thirdparty.io.grpc.internal.ServerImpl$JumpToApplicationThreadServerStreamListener$1MessagesAvailable.runInContext(ServerImpl.java:686) [ratis-thirdparty-misc-0.2.0.jar:0.2.0]
	at org.apache.ratis.thirdparty.io.grpc.internal.ContextRunnable.run(ContextRunnable.java:37) [ratis-thirdparty-misc-0.2.0.jar:0.2.0]
	at org.apache.ratis.thirdparty.io.grpc.internal.SerializingExecutor.run(SerializingExecutor.java:123) [ratis-thirdparty-misc-0.2.0.jar:0.2.0]
	at java.util.concurrent.ThreadPoolExecutor.runWorker(ThreadPoolExecutor.java:1149) [?:1.8.0_212]
	at java.util.concurrent.ThreadPoolExecutor$Worker.run(ThreadPoolExecutor.java:624) [?:1.8.0_212]
	at java.lang.Thread.run(Thread.java:748) [?:1.8.0_212]
2019-09-03 05:33:28,438 [grpc-default-executor-3] INFO  client.GrpcClientProtocolClient (GrpcClientProtocolClient.java:onNext(255)) - client-3761DE7601FD->fb4443fd-5719-4a39-bdba-b2bf0c721de4: receive RaftClientReply:client-3761DE7601FD->fb4443fd-5719-4a39-bdba-b2bf0c721de4@group-4E40E472B458, cid=180, FAILED org.apache.ratis.protocol.StateMachineException: org.apache.hadoop.hdds.scm.container.common.helpers.ContainerNotOpenException from Server fb4443fd-5719-4a39-bdba-b2bf0c721de4: Container 1 in CLOSING state, logIndex=0, commits[fb4443fd-5719-4a39-bdba-b2bf0c721de4:c20, bdb17887-013a-4087-af28-f0cb81f209cd:c19, 50dc8b30-d557-42ae-aab0-254bd5a1602a:c18]
05:33:28.439 [grpc-default-executor-11] ERROR DNAudit - user=null | ip=null | op=WRITE_CHUNK {blockData=conID: 1 locID: 102726944532594702 bcsId: 16} | ret=FAILURE
org.apache.hadoop.hdds.scm.container.common.helpers.ContainerNotOpenException: Container 1 in CLOSING state
	at org.apache.hadoop.ozone.container.common.impl.HddsDispatcher.validateContainerCommand(HddsDispatcher.java:408) ~[hadoop-hdds-container-service-0.5.0-SNAPSHOT.jar:?]
	at org.apache.hadoop.ozone.container.common.transport.server.ratis.ContainerStateMachine.startTransaction(ContainerStateMachine.java:310) ~[hadoop-hdds-container-service-0.5.0-SNAPSHOT.jar:?]
	at org.apache.ratis.server.impl.RaftServerImpl.submitClientRequestAsync(RaftServerImpl.java:566) ~[ratis-server-0.4.0-2337318-SNAPSHOT.jar:0.4.0-2337318-SNAPSHOT]
	at org.apache.ratis.server.impl.RaftServerProxy.lambda$submitClientRequestAsync$7(RaftServerProxy.java:333) ~[ratis-server-0.4.0-2337318-SNAPSHOT.jar:0.4.0-2337318-SNAPSHOT]
	at org.apache.ratis.server.impl.RaftServerProxy.lambda$null$5(RaftServerProxy.java:328) ~[ratis-server-0.4.0-2337318-SNAPSHOT.jar:0.4.0-2337318-SNAPSHOT]
	at org.apache.ratis.util.JavaUtils.callAsUnchecked(JavaUtils.java:109) ~[ratis-common-0.4.0-2337318-SNAPSHOT.jar:0.4.0-2337318-SNAPSHOT]
	at org.apache.ratis.server.impl.RaftServerProxy.lambda$submitRequest$6(RaftServerProxy.java:328) ~[ratis-server-0.4.0-2337318-SNAPSHOT.jar:0.4.0-2337318-SNAPSHOT]
	at java.util.concurrent.CompletableFuture.uniComposeStage(CompletableFuture.java:981) ~[?:1.8.0_212]
	at java.util.concurrent.CompletableFuture.thenCompose(CompletableFuture.java:2124) ~[?:1.8.0_212]
	at org.apache.ratis.server.impl.RaftServerProxy.submitRequest(RaftServerProxy.java:327) ~[ratis-server-0.4.0-2337318-SNAPSHOT.jar:0.4.0-2337318-SNAPSHOT]
	at org.apache.ratis.server.impl.RaftServerProxy.submitClientRequestAsync(RaftServerProxy.java:333) ~[ratis-server-0.4.0-2337318-SNAPSHOT.jar:0.4.0-2337318-SNAPSHOT]
	at org.apache.ratis.grpc.client.GrpcClientProtocolService$RequestStreamObserver.processClientRequest(GrpcClientProtocolService.java:220) ~[ratis-grpc-0.4.0-2337318-SNAPSHOT.jar:0.4.0-2337318-SNAPSHOT]
	at org.apache.ratis.grpc.client.GrpcClientProtocolService$OrderedRequestStreamObserver.processClientRequest(GrpcClientProtocolService.java:326) ~[ratis-grpc-0.4.0-2337318-SNAPSHOT.jar:0.4.0-2337318-SNAPSHOT]
	at org.apache.ratis.util.SlidingWindow$Server.processRequestsFromHead(SlidingWindow.java:429) [ratis-common-0.4.0-2337318-SNAPSHOT.jar:0.4.0-2337318-SNAPSHOT]
	at org.apache.ratis.util.SlidingWindow$Server.receivedRequest(SlidingWindow.java:421) [ratis-common-0.4.0-2337318-SNAPSHOT.jar:0.4.0-2337318-SNAPSHOT]
	at org.apache.ratis.grpc.client.GrpcClientProtocolService$OrderedRequestStreamObserver.processClientRequest(GrpcClientProtocolService.java:345) [ratis-grpc-0.4.0-2337318-SNAPSHOT.jar:0.4.0-2337318-SNAPSHOT]
	at org.apache.ratis.grpc.client.GrpcClientProtocolService$RequestStreamObserver.onNext(GrpcClientProtocolService.java:240) [ratis-grpc-0.4.0-2337318-SNAPSHOT.jar:0.4.0-2337318-SNAPSHOT]
	at org.apache.ratis.grpc.client.GrpcClientProtocolService$RequestStreamObserver.onNext(GrpcClientProtocolService.java:168) [ratis-grpc-0.4.0-2337318-SNAPSHOT.jar:0.4.0-2337318-SNAPSHOT]
	at org.apache.ratis.thirdparty.io.grpc.stub.ServerCalls$StreamingServerCallHandler$StreamingServerCallListener.onMessage(ServerCalls.java:248) [ratis-thirdparty-misc-0.2.0.jar:0.2.0]
	at org.apache.ratis.thirdparty.io.grpc.internal.ServerCallImpl$ServerStreamListenerImpl.messagesAvailable(ServerCallImpl.java:263) [ratis-thirdparty-misc-0.2.0.jar:0.2.0]
	at org.apache.ratis.thirdparty.io.grpc.internal.ServerImpl$JumpToApplicationThreadServerStreamListener$1MessagesAvailable.runInContext(ServerImpl.java:686) [ratis-thirdparty-misc-0.2.0.jar:0.2.0]
	at org.apache.ratis.thirdparty.io.grpc.internal.ContextRunnable.run(ContextRunnable.java:37) [ratis-thirdparty-misc-0.2.0.jar:0.2.0]
	at org.apache.ratis.thirdparty.io.grpc.internal.SerializingExecutor.run(SerializingExecutor.java:123) [ratis-thirdparty-misc-0.2.0.jar:0.2.0]
	at java.util.concurrent.ThreadPoolExecutor.runWorker(ThreadPoolExecutor.java:1149) [?:1.8.0_212]
	at java.util.concurrent.ThreadPoolExecutor$Worker.run(ThreadPoolExecutor.java:624) [?:1.8.0_212]
	at java.lang.Thread.run(Thread.java:748) [?:1.8.0_212]
05:33:28.448 [grpc-default-executor-11] ERROR DNAudit - user=null | ip=null | op=PUT_BLOCK {blockData=[blockId=conID: 1 locID: 102726944532594702 bcsId: 0,size=650]} | ret=FAILURE
org.apache.hadoop.hdds.scm.container.common.helpers.ContainerNotOpenException: Container 1 in CLOSING state
	at org.apache.hadoop.ozone.container.common.impl.HddsDispatcher.validateContainerCommand(HddsDispatcher.java:408) ~[hadoop-hdds-container-service-0.5.0-SNAPSHOT.jar:?]
	at org.apache.hadoop.ozone.container.common.transport.server.ratis.ContainerStateMachine.startTransaction(ContainerStateMachine.java:310) ~[hadoop-hdds-container-service-0.5.0-SNAPSHOT.jar:?]
	at org.apache.ratis.server.impl.RaftServerImpl.submitClientRequestAsync(RaftServerImpl.java:566) ~[ratis-server-0.4.0-2337318-SNAPSHOT.jar:0.4.0-2337318-SNAPSHOT]
	at org.apache.ratis.server.impl.RaftServerProxy.lambda$submitClientRequestAsync$7(RaftServerProxy.java:333) ~[ratis-server-0.4.0-2337318-SNAPSHOT.jar:0.4.0-2337318-SNAPSHOT]
	at org.apache.ratis.server.impl.RaftServerProxy.lambda$null$5(RaftServerProxy.java:328) ~[ratis-server-0.4.0-2337318-SNAPSHOT.jar:0.4.0-2337318-SNAPSHOT]
	at org.apache.ratis.util.JavaUtils.callAsUnchecked(JavaUtils.java:109) ~[ratis-common-0.4.0-2337318-SNAPSHOT.jar:0.4.0-2337318-SNAPSHOT]
	at org.apache.ratis.server.impl.RaftServerProxy.lambda$submitRequest$6(RaftServerProxy.java:328) ~[ratis-server-0.4.0-2337318-SNAPSHOT.jar:0.4.0-2337318-SNAPSHOT]
	at java.util.concurrent.CompletableFuture.uniComposeStage(CompletableFuture.java:981) ~[?:1.8.0_212]
	at java.util.concurrent.CompletableFuture.thenCompose(CompletableFuture.java:2124) ~[?:1.8.0_212]
	at org.apache.ratis.server.impl.RaftServerProxy.submitRequest(RaftServerProxy.java:327) ~[ratis-server-0.4.0-2337318-SNAPSHOT.jar:0.4.0-2337318-SNAPSHOT]
	at org.apache.ratis.server.impl.RaftServerProxy.submitClientRequestAsync(RaftServerProxy.java:333) ~[ratis-server-0.4.0-2337318-SNAPSHOT.jar:0.4.0-2337318-SNAPSHOT]
	at org.apache.ratis.grpc.client.GrpcClientProtocolService$RequestStreamObserver.processClientRequest(GrpcClientProtocolService.java:220) ~[ratis-grpc-0.4.0-2337318-SNAPSHOT.jar:0.4.0-2337318-SNAPSHOT]
	at org.apache.ratis.grpc.client.GrpcClientProtocolService$OrderedRequestStreamObserver.processClientRequest(GrpcClientProtocolService.java:326) ~[ratis-grpc-0.4.0-2337318-SNAPSHOT.jar:0.4.0-2337318-SNAPSHOT]
	at org.apache.ratis.util.SlidingWindow$Server.processRequestsFromHead(SlidingWindow.java:429) [ratis-common-0.4.0-2337318-SNAPSHOT.jar:0.4.0-2337318-SNAPSHOT]
	at org.apache.ratis.util.SlidingWindow$Server.receivedRequest(SlidingWindow.java:421) [ratis-common-0.4.0-2337318-SNAPSHOT.jar:0.4.0-2337318-SNAPSHOT]
	at org.apache.ratis.grpc.client.GrpcClientProtocolService$OrderedRequestStreamObserver.processClientRequest(GrpcClientProtocolService.java:345) [ratis-grpc-0.4.0-2337318-SNAPSHOT.jar:0.4.0-2337318-SNAPSHOT]
	at org.apache.ratis.grpc.client.GrpcClientProtocolService$RequestStreamObserver.onNext(GrpcClientProtocolService.java:240) [ratis-grpc-0.4.0-2337318-SNAPSHOT.jar:0.4.0-2337318-SNAPSHOT]
	at org.apache.ratis.grpc.client.GrpcClientProtocolService$RequestStreamObserver.onNext(GrpcClientProtocolService.java:168) [ratis-grpc-0.4.0-2337318-SNAPSHOT.jar:0.4.0-2337318-SNAPSHOT]
	at org.apache.ratis.thirdparty.io.grpc.stub.ServerCalls$StreamingServerCallHandler$StreamingServerCallListener.onMessage(ServerCalls.java:248) [ratis-thirdparty-misc-0.2.0.jar:0.2.0]
	at org.apache.ratis.thirdparty.io.grpc.internal.ServerCallImpl$ServerStreamListenerImpl.messagesAvailable(ServerCallImpl.java:263) [ratis-thirdparty-misc-0.2.0.jar:0.2.0]
	at org.apache.ratis.thirdparty.io.grpc.internal.ServerImpl$JumpToApplicationThreadServerStreamListener$1MessagesAvailable.runInContext(ServerImpl.java:686) [ratis-thirdparty-misc-0.2.0.jar:0.2.0]
	at org.apache.ratis.thirdparty.io.grpc.internal.ContextRunnable.run(ContextRunnable.java:37) [ratis-thirdparty-misc-0.2.0.jar:0.2.0]
	at org.apache.ratis.thirdparty.io.grpc.internal.SerializingExecutor.run(SerializingExecutor.java:123) [ratis-thirdparty-misc-0.2.0.jar:0.2.0]
	at java.util.concurrent.ThreadPoolExecutor.runWorker(ThreadPoolExecutor.java:1149) [?:1.8.0_212]
	at java.util.concurrent.ThreadPoolExecutor$Worker.run(ThreadPoolExecutor.java:624) [?:1.8.0_212]
	at java.lang.Thread.run(Thread.java:748) [?:1.8.0_212]
2019-09-03 05:33:28,448 [grpc-default-executor-3] INFO  client.GrpcClientProtocolClient (GrpcClientProtocolClient.java:onNext(255)) - client-3761DE7601FD->fb4443fd-5719-4a39-bdba-b2bf0c721de4: receive RaftClientReply:client-3761DE7601FD->fb4443fd-5719-4a39-bdba-b2bf0c721de4@group-4E40E472B458, cid=181, FAILED org.apache.ratis.protocol.StateMachineException: org.apache.hadoop.hdds.scm.container.common.helpers.ContainerNotOpenException from Server fb4443fd-5719-4a39-bdba-b2bf0c721de4: Container 1 in CLOSING state, logIndex=0, commits[fb4443fd-5719-4a39-bdba-b2bf0c721de4:c20, bdb17887-013a-4087-af28-f0cb81f209cd:c19, 50dc8b30-d557-42ae-aab0-254bd5a1602a:c18]
05:33:28.449 [grpc-default-executor-11] ERROR DNAudit - user=null | ip=null | op=WRITE_CHUNK {blockData=conID: 1 locID: 102726944532594702 bcsId: 16} | ret=FAILURE
org.apache.hadoop.hdds.scm.container.common.helpers.ContainerNotOpenException: Container 1 in CLOSING state
	at org.apache.hadoop.ozone.container.common.impl.HddsDispatcher.validateContainerCommand(HddsDispatcher.java:408) ~[hadoop-hdds-container-service-0.5.0-SNAPSHOT.jar:?]
	at org.apache.hadoop.ozone.container.common.transport.server.ratis.ContainerStateMachine.startTransaction(ContainerStateMachine.java:310) ~[hadoop-hdds-container-service-0.5.0-SNAPSHOT.jar:?]
	at org.apache.ratis.server.impl.RaftServerImpl.submitClientRequestAsync(RaftServerImpl.java:566) ~[ratis-server-0.4.0-2337318-SNAPSHOT.jar:0.4.0-2337318-SNAPSHOT]
	at org.apache.ratis.server.impl.RaftServerProxy.lambda$submitClientRequestAsync$7(RaftServerProxy.java:333) ~[ratis-server-0.4.0-2337318-SNAPSHOT.jar:0.4.0-2337318-SNAPSHOT]
	at org.apache.ratis.server.impl.RaftServerProxy.lambda$null$5(RaftServerProxy.java:328) ~[ratis-server-0.4.0-2337318-SNAPSHOT.jar:0.4.0-2337318-SNAPSHOT]
	at org.apache.ratis.util.JavaUtils.callAsUnchecked(JavaUtils.java:109) ~[ratis-common-0.4.0-2337318-SNAPSHOT.jar:0.4.0-2337318-SNAPSHOT]
	at org.apache.ratis.server.impl.RaftServerProxy.lambda$submitRequest$6(RaftServerProxy.java:328) ~[ratis-server-0.4.0-2337318-SNAPSHOT.jar:0.4.0-2337318-SNAPSHOT]
	at java.util.concurrent.CompletableFuture.uniComposeStage(CompletableFuture.java:981) ~[?:1.8.0_212]
	at java.util.concurrent.CompletableFuture.thenCompose(CompletableFuture.java:2124) ~[?:1.8.0_212]
	at org.apache.ratis.server.impl.RaftServerProxy.submitRequest(RaftServerProxy.java:327) ~[ratis-server-0.4.0-2337318-SNAPSHOT.jar:0.4.0-2337318-SNAPSHOT]
	at org.apache.ratis.server.impl.RaftServerProxy.submitClientRequestAsync(RaftServerProxy.java:333) ~[ratis-server-0.4.0-2337318-SNAPSHOT.jar:0.4.0-2337318-SNAPSHOT]
	at org.apache.ratis.grpc.client.GrpcClientProtocolService$RequestStreamObserver.processClientRequest(GrpcClientProtocolService.java:220) ~[ratis-grpc-0.4.0-2337318-SNAPSHOT.jar:0.4.0-2337318-SNAPSHOT]
	at org.apache.ratis.grpc.client.GrpcClientProtocolService$OrderedRequestStreamObserver.processClientRequest(GrpcClientProtocolService.java:326) ~[ratis-grpc-0.4.0-2337318-SNAPSHOT.jar:0.4.0-2337318-SNAPSHOT]
	at org.apache.ratis.util.SlidingWindow$Server.processRequestsFromHead(SlidingWindow.java:429) [ratis-common-0.4.0-2337318-SNAPSHOT.jar:0.4.0-2337318-SNAPSHOT]
	at org.apache.ratis.util.SlidingWindow$Server.receivedRequest(SlidingWindow.java:421) [ratis-common-0.4.0-2337318-SNAPSHOT.jar:0.4.0-2337318-SNAPSHOT]
	at org.apache.ratis.grpc.client.GrpcClientProtocolService$OrderedRequestStreamObserver.processClientRequest(GrpcClientProtocolService.java:345) [ratis-grpc-0.4.0-2337318-SNAPSHOT.jar:0.4.0-2337318-SNAPSHOT]
	at org.apache.ratis.grpc.client.GrpcClientProtocolService$RequestStreamObserver.onNext(GrpcClientProtocolService.java:240) [ratis-grpc-0.4.0-2337318-SNAPSHOT.jar:0.4.0-2337318-SNAPSHOT]
	at org.apache.ratis.grpc.client.GrpcClientProtocolService$RequestStreamObserver.onNext(GrpcClientProtocolService.java:168) [ratis-grpc-0.4.0-2337318-SNAPSHOT.jar:0.4.0-2337318-SNAPSHOT]
	at org.apache.ratis.thirdparty.io.grpc.stub.ServerCalls$StreamingServerCallHandler$StreamingServerCallListener.onMessage(ServerCalls.java:248) [ratis-thirdparty-misc-0.2.0.jar:0.2.0]
	at org.apache.ratis.thirdparty.io.grpc.internal.ServerCallImpl$ServerStreamListenerImpl.messagesAvailable(ServerCallImpl.java:263) [ratis-thirdparty-misc-0.2.0.jar:0.2.0]
	at org.apache.ratis.thirdparty.io.grpc.internal.ServerImpl$JumpToApplicationThreadServerStreamListener$1MessagesAvailable.runInContext(ServerImpl.java:686) [ratis-thirdparty-misc-0.2.0.jar:0.2.0]
	at org.apache.ratis.thirdparty.io.grpc.internal.ContextRunnable.run(ContextRunnable.java:37) [ratis-thirdparty-misc-0.2.0.jar:0.2.0]
	at org.apache.ratis.thirdparty.io.grpc.internal.SerializingExecutor.run(SerializingExecutor.java:123) [ratis-thirdparty-misc-0.2.0.jar:0.2.0]
	at java.util.concurrent.ThreadPoolExecutor.runWorker(ThreadPoolExecutor.java:1149) [?:1.8.0_212]
	at java.util.concurrent.ThreadPoolExecutor$Worker.run(ThreadPoolExecutor.java:624) [?:1.8.0_212]
	at java.lang.Thread.run(Thread.java:748) [?:1.8.0_212]
2019-09-03 05:33:28,459 [grpc-default-executor-3] INFO  client.GrpcClientProtocolClient (GrpcClientProtocolClient.java:onNext(255)) - client-3761DE7601FD->fb4443fd-5719-4a39-bdba-b2bf0c721de4: receive RaftClientReply:client-3761DE7601FD->fb4443fd-5719-4a39-bdba-b2bf0c721de4@group-4E40E472B458, cid=182, FAILED org.apache.ratis.protocol.StateMachineException: org.apache.hadoop.hdds.scm.container.common.helpers.ContainerNotOpenException from Server fb4443fd-5719-4a39-bdba-b2bf0c721de4: Container 1 in CLOSING state, logIndex=0, commits[fb4443fd-5719-4a39-bdba-b2bf0c721de4:c20, bdb17887-013a-4087-af28-f0cb81f209cd:c19, 50dc8b30-d557-42ae-aab0-254bd5a1602a:c18]
05:33:28.459 [grpc-default-executor-11] ERROR DNAudit - user=null | ip=null | op=WRITE_CHUNK {blockData=conID: 1 locID: 102726944532594702 bcsId: 16} | ret=FAILURE
org.apache.hadoop.hdds.scm.container.common.helpers.ContainerNotOpenException: Container 1 in CLOSING state
	at org.apache.hadoop.ozone.container.common.impl.HddsDispatcher.validateContainerCommand(HddsDispatcher.java:408) ~[hadoop-hdds-container-service-0.5.0-SNAPSHOT.jar:?]
	at org.apache.hadoop.ozone.container.common.transport.server.ratis.ContainerStateMachine.startTransaction(ContainerStateMachine.java:310) ~[hadoop-hdds-container-service-0.5.0-SNAPSHOT.jar:?]
	at org.apache.ratis.server.impl.RaftServerImpl.submitClientRequestAsync(RaftServerImpl.java:566) ~[ratis-server-0.4.0-2337318-SNAPSHOT.jar:0.4.0-2337318-SNAPSHOT]
	at org.apache.ratis.server.impl.RaftServerProxy.lambda$submitClientRequestAsync$7(RaftServerProxy.java:333) ~[ratis-server-0.4.0-2337318-SNAPSHOT.jar:0.4.0-2337318-SNAPSHOT]
	at org.apache.ratis.server.impl.RaftServerProxy.lambda$null$5(RaftServerProxy.java:328) ~[ratis-server-0.4.0-2337318-SNAPSHOT.jar:0.4.0-2337318-SNAPSHOT]
	at org.apache.ratis.util.JavaUtils.callAsUnchecked(JavaUtils.java:109) ~[ratis-common-0.4.0-2337318-SNAPSHOT.jar:0.4.0-2337318-SNAPSHOT]
	at org.apache.ratis.server.impl.RaftServerProxy.lambda$submitRequest$6(RaftServerProxy.java:328) ~[ratis-server-0.4.0-2337318-SNAPSHOT.jar:0.4.0-2337318-SNAPSHOT]
	at java.util.concurrent.CompletableFuture.uniComposeStage(CompletableFuture.java:981) ~[?:1.8.0_212]
	at java.util.concurrent.CompletableFuture.thenCompose(CompletableFuture.java:2124) ~[?:1.8.0_212]
	at org.apache.ratis.server.impl.RaftServerProxy.submitRequest(RaftServerProxy.java:327) ~[ratis-server-0.4.0-2337318-SNAPSHOT.jar:0.4.0-2337318-SNAPSHOT]
	at org.apache.ratis.server.impl.RaftServerProxy.submitClientRequestAsync(RaftServerProxy.java:333) ~[ratis-server-0.4.0-2337318-SNAPSHOT.jar:0.4.0-2337318-SNAPSHOT]
	at org.apache.ratis.grpc.client.GrpcClientProtocolService$RequestStreamObserver.processClientRequest(GrpcClientProtocolService.java:220) ~[ratis-grpc-0.4.0-2337318-SNAPSHOT.jar:0.4.0-2337318-SNAPSHOT]
	at org.apache.ratis.grpc.client.GrpcClientProtocolService$OrderedRequestStreamObserver.processClientRequest(GrpcClientProtocolService.java:326) ~[ratis-grpc-0.4.0-2337318-SNAPSHOT.jar:0.4.0-2337318-SNAPSHOT]
	at org.apache.ratis.util.SlidingWindow$Server.processRequestsFromHead(SlidingWindow.java:429) [ratis-common-0.4.0-2337318-SNAPSHOT.jar:0.4.0-2337318-SNAPSHOT]
	at org.apache.ratis.util.SlidingWindow$Server.receivedRequest(SlidingWindow.java:421) [ratis-common-0.4.0-2337318-SNAPSHOT.jar:0.4.0-2337318-SNAPSHOT]
	at org.apache.ratis.grpc.client.GrpcClientProtocolService$OrderedRequestStreamObserver.processClientRequest(GrpcClientProtocolService.java:345) [ratis-grpc-0.4.0-2337318-SNAPSHOT.jar:0.4.0-2337318-SNAPSHOT]
	at org.apache.ratis.grpc.client.GrpcClientProtocolService$RequestStreamObserver.onNext(GrpcClientProtocolService.java:240) [ratis-grpc-0.4.0-2337318-SNAPSHOT.jar:0.4.0-2337318-SNAPSHOT]
	at org.apache.ratis.grpc.client.GrpcClientProtocolService$RequestStreamObserver.onNext(GrpcClientProtocolService.java:168) [ratis-grpc-0.4.0-2337318-SNAPSHOT.jar:0.4.0-2337318-SNAPSHOT]
	at org.apache.ratis.thirdparty.io.grpc.stub.ServerCalls$StreamingServerCallHandler$StreamingServerCallListener.onMessage(ServerCalls.java:248) [ratis-thirdparty-misc-0.2.0.jar:0.2.0]
	at org.apache.ratis.thirdparty.io.grpc.internal.ServerCallImpl$ServerStreamListenerImpl.messagesAvailable(ServerCallImpl.java:263) [ratis-thirdparty-misc-0.2.0.jar:0.2.0]
	at org.apache.ratis.thirdparty.io.grpc.internal.ServerImpl$JumpToApplicationThreadServerStreamListener$1MessagesAvailable.runInContext(ServerImpl.java:686) [ratis-thirdparty-misc-0.2.0.jar:0.2.0]
	at org.apache.ratis.thirdparty.io.grpc.internal.ContextRunnable.run(ContextRunnable.java:37) [ratis-thirdparty-misc-0.2.0.jar:0.2.0]
	at org.apache.ratis.thirdparty.io.grpc.internal.SerializingExecutor.run(SerializingExecutor.java:123) [ratis-thirdparty-misc-0.2.0.jar:0.2.0]
	at java.util.concurrent.ThreadPoolExecutor.runWorker(ThreadPoolExecutor.java:1149) [?:1.8.0_212]
	at java.util.concurrent.ThreadPoolExecutor$Worker.run(ThreadPoolExecutor.java:624) [?:1.8.0_212]
	at java.lang.Thread.run(Thread.java:748) [?:1.8.0_212]
2019-09-03 05:33:28,466 [grpc-default-executor-3] INFO  client.GrpcClientProtocolClient (GrpcClientProtocolClient.java:onNext(255)) - client-3761DE7601FD->fb4443fd-5719-4a39-bdba-b2bf0c721de4: receive RaftClientReply:client-3761DE7601FD->fb4443fd-5719-4a39-bdba-b2bf0c721de4@group-4E40E472B458, cid=183, FAILED org.apache.ratis.protocol.StateMachineException: org.apache.hadoop.hdds.scm.container.common.helpers.ContainerNotOpenException from Server fb4443fd-5719-4a39-bdba-b2bf0c721de4: Container 1 in CLOSING state, logIndex=0, commits[fb4443fd-5719-4a39-bdba-b2bf0c721de4:c20, bdb17887-013a-4087-af28-f0cb81f209cd:c19, 50dc8b30-d557-42ae-aab0-254bd5a1602a:c18]
05:33:28.468 [grpc-default-executor-11] ERROR DNAudit - user=null | ip=null | op=PUT_BLOCK {blockData=[blockId=conID: 1 locID: 102726944532594702 bcsId: 0,size=800]} | ret=FAILURE
org.apache.hadoop.hdds.scm.container.common.helpers.ContainerNotOpenException: Container 1 in CLOSING state
	at org.apache.hadoop.ozone.container.common.impl.HddsDispatcher.validateContainerCommand(HddsDispatcher.java:408) ~[hadoop-hdds-container-service-0.5.0-SNAPSHOT.jar:?]
	at org.apache.hadoop.ozone.container.common.transport.server.ratis.ContainerStateMachine.startTransaction(ContainerStateMachine.java:310) ~[hadoop-hdds-container-service-0.5.0-SNAPSHOT.jar:?]
	at org.apache.ratis.server.impl.RaftServerImpl.submitClientRequestAsync(RaftServerImpl.java:566) ~[ratis-server-0.4.0-2337318-SNAPSHOT.jar:0.4.0-2337318-SNAPSHOT]
	at org.apache.ratis.server.impl.RaftServerProxy.lambda$submitClientRequestAsync$7(RaftServerProxy.java:333) ~[ratis-server-0.4.0-2337318-SNAPSHOT.jar:0.4.0-2337318-SNAPSHOT]
	at org.apache.ratis.server.impl.RaftServerProxy.lambda$null$5(RaftServerProxy.java:328) ~[ratis-server-0.4.0-2337318-SNAPSHOT.jar:0.4.0-2337318-SNAPSHOT]
	at org.apache.ratis.util.JavaUtils.callAsUnchecked(JavaUtils.java:109) ~[ratis-common-0.4.0-2337318-SNAPSHOT.jar:0.4.0-2337318-SNAPSHOT]
	at org.apache.ratis.server.impl.RaftServerProxy.lambda$submitRequest$6(RaftServerProxy.java:328) ~[ratis-server-0.4.0-2337318-SNAPSHOT.jar:0.4.0-2337318-SNAPSHOT]
	at java.util.concurrent.CompletableFuture.uniComposeStage(CompletableFuture.java:981) ~[?:1.8.0_212]
	at java.util.concurrent.CompletableFuture.thenCompose(CompletableFuture.java:2124) ~[?:1.8.0_212]
	at org.apache.ratis.server.impl.RaftServerProxy.submitRequest(RaftServerProxy.java:327) ~[ratis-server-0.4.0-2337318-SNAPSHOT.jar:0.4.0-2337318-SNAPSHOT]
	at org.apache.ratis.server.impl.RaftServerProxy.submitClientRequestAsync(RaftServerProxy.java:333) ~[ratis-server-0.4.0-2337318-SNAPSHOT.jar:0.4.0-2337318-SNAPSHOT]
	at org.apache.ratis.grpc.client.GrpcClientProtocolService$RequestStreamObserver.processClientRequest(GrpcClientProtocolService.java:220) ~[ratis-grpc-0.4.0-2337318-SNAPSHOT.jar:0.4.0-2337318-SNAPSHOT]
	at org.apache.ratis.grpc.client.GrpcClientProtocolService$OrderedRequestStreamObserver.processClientRequest(GrpcClientProtocolService.java:326) ~[ratis-grpc-0.4.0-2337318-SNAPSHOT.jar:0.4.0-2337318-SNAPSHOT]
	at org.apache.ratis.util.SlidingWindow$Server.processRequestsFromHead(SlidingWindow.java:429) [ratis-common-0.4.0-2337318-SNAPSHOT.jar:0.4.0-2337318-SNAPSHOT]
	at org.apache.ratis.util.SlidingWindow$Server.receivedRequest(SlidingWindow.java:421) [ratis-common-0.4.0-2337318-SNAPSHOT.jar:0.4.0-2337318-SNAPSHOT]
	at org.apache.ratis.grpc.client.GrpcClientProtocolService$OrderedRequestStreamObserver.processClientRequest(GrpcClientProtocolService.java:345) [ratis-grpc-0.4.0-2337318-SNAPSHOT.jar:0.4.0-2337318-SNAPSHOT]
	at org.apache.ratis.grpc.client.GrpcClientProtocolService$RequestStreamObserver.onNext(GrpcClientProtocolService.java:240) [ratis-grpc-0.4.0-2337318-SNAPSHOT.jar:0.4.0-2337318-SNAPSHOT]
	at org.apache.ratis.grpc.client.GrpcClientProtocolService$RequestStreamObserver.onNext(GrpcClientProtocolService.java:168) [ratis-grpc-0.4.0-2337318-SNAPSHOT.jar:0.4.0-2337318-SNAPSHOT]
	at org.apache.ratis.thirdparty.io.grpc.stub.ServerCalls$StreamingServerCallHandler$StreamingServerCallListener.onMessage(ServerCalls.java:248) [ratis-thirdparty-misc-0.2.0.jar:0.2.0]
	at org.apache.ratis.thirdparty.io.grpc.internal.ServerCallImpl$ServerStreamListenerImpl.messagesAvailable(ServerCallImpl.java:263) [ratis-thirdparty-misc-0.2.0.jar:0.2.0]
	at org.apache.ratis.thirdparty.io.grpc.internal.ServerImpl$JumpToApplicationThreadServerStreamListener$1MessagesAvailable.runInContext(ServerImpl.java:686) [ratis-thirdparty-misc-0.2.0.jar:0.2.0]
	at org.apache.ratis.thirdparty.io.grpc.internal.ContextRunnable.run(ContextRunnable.java:37) [ratis-thirdparty-misc-0.2.0.jar:0.2.0]
	at org.apache.ratis.thirdparty.io.grpc.internal.SerializingExecutor.run(SerializingExecutor.java:123) [ratis-thirdparty-misc-0.2.0.jar:0.2.0]
	at java.util.concurrent.ThreadPoolExecutor.runWorker(ThreadPoolExecutor.java:1149) [?:1.8.0_212]
	at java.util.concurrent.ThreadPoolExecutor$Worker.run(ThreadPoolExecutor.java:624) [?:1.8.0_212]
	at java.lang.Thread.run(Thread.java:748) [?:1.8.0_212]
2019-09-03 05:33:28,469 [grpc-default-executor-3] INFO  client.GrpcClientProtocolClient (GrpcClientProtocolClient.java:onNext(255)) - client-3761DE7601FD->fb4443fd-5719-4a39-bdba-b2bf0c721de4: receive RaftClientReply:client-3761DE7601FD->fb4443fd-5719-4a39-bdba-b2bf0c721de4@group-4E40E472B458, cid=184, FAILED org.apache.ratis.protocol.StateMachineException: org.apache.hadoop.hdds.scm.container.common.helpers.ContainerNotOpenException from Server fb4443fd-5719-4a39-bdba-b2bf0c721de4: Container 1 in CLOSING state, logIndex=0, commits[fb4443fd-5719-4a39-bdba-b2bf0c721de4:c20, bdb17887-013a-4087-af28-f0cb81f209cd:c19, 50dc8b30-d557-42ae-aab0-254bd5a1602a:c18]
2019-09-03 05:33:28,485 [grpc-default-executor-3] INFO  client.GrpcClientProtocolClient (GrpcClientProtocolClient.java:onNext(255)) - client-3761DE7601FD->fb4443fd-5719-4a39-bdba-b2bf0c721de4: receive RaftClientReply:client-3761DE7601FD->fb4443fd-5719-4a39-bdba-b2bf0c721de4@group-4E40E472B458, cid=185, FAILED org.apache.ratis.protocol.StateMachineException: org.apache.hadoop.hdds.scm.container.common.helpers.ContainerNotOpenException from Server fb4443fd-5719-4a39-bdba-b2bf0c721de4: Container 1 in CLOSING state, logIndex=0, commits[fb4443fd-5719-4a39-bdba-b2bf0c721de4:c20, bdb17887-013a-4087-af28-f0cb81f209cd:c19, 50dc8b30-d557-42ae-aab0-254bd5a1602a:c18]
2019-09-03 05:33:28,643 [grpc-default-executor-3] INFO  client.GrpcClientProtocolClient (GrpcClientProtocolClient.java:onNext(255)) - client-55A920E34657->3e2fd577-5016-4c18-a24a-a8dfce2a89c9: receive RaftClientReply:client-55A920E34657->3e2fd577-5016-4c18-a24a-a8dfce2a89c9@group-253DF9CF2DCA, cid=186, SUCCESS, logIndex=1, commits[3e2fd577-5016-4c18-a24a-a8dfce2a89c9:c1, 3714cff3-a07e-4f81-85d4-28a9b78918d9:c0, 504f24ee-e757-4027-92cd-9b6d310efdfe:c0]
2019-09-03 05:33:28,668 [grpc-default-executor-11] INFO  client.GrpcClientProtocolClient (GrpcClientProtocolClient.java:onNext(255)) - client-55A920E34657->3e2fd577-5016-4c18-a24a-a8dfce2a89c9: receive RaftClientReply:client-55A920E34657->3e2fd577-5016-4c18-a24a-a8dfce2a89c9@group-253DF9CF2DCA, cid=187, SUCCESS, logIndex=3, commits[3e2fd577-5016-4c18-a24a-a8dfce2a89c9:c5, 3714cff3-a07e-4f81-85d4-28a9b78918d9:c1, 504f24ee-e757-4027-92cd-9b6d310efdfe:c1]
2019-09-03 05:33:28,717 [grpc-default-executor-11] INFO  client.GrpcClientProtocolClient (GrpcClientProtocolClient.java:onNext(255)) - client-55A920E34657->3e2fd577-5016-4c18-a24a-a8dfce2a89c9: receive RaftClientReply:client-55A920E34657->3e2fd577-5016-4c18-a24a-a8dfce2a89c9@group-253DF9CF2DCA, cid=188, SUCCESS, logIndex=4, commits[3e2fd577-5016-4c18-a24a-a8dfce2a89c9:c11, 3714cff3-a07e-4f81-85d4-28a9b78918d9:c7, 504f24ee-e757-4027-92cd-9b6d310efdfe:c7]
2019-09-03 05:33:28,720 [grpc-default-executor-11] INFO  client.GrpcClientProtocolClient (GrpcClientProtocolClient.java:onNext(255)) - client-55A920E34657->3e2fd577-5016-4c18-a24a-a8dfce2a89c9: receive RaftClientReply:client-55A920E34657->3e2fd577-5016-4c18-a24a-a8dfce2a89c9@group-253DF9CF2DCA, cid=189, SUCCESS, logIndex=5, commits[3e2fd577-5016-4c18-a24a-a8dfce2a89c9:c11, 3714cff3-a07e-4f81-85d4-28a9b78918d9:c7, 504f24ee-e757-4027-92cd-9b6d310efdfe:c7]
2019-09-03 05:33:28,721 [grpc-default-executor-11] INFO  client.GrpcClientProtocolClient (GrpcClientProtocolClient.java:onNext(255)) - client-55A920E34657->3e2fd577-5016-4c18-a24a-a8dfce2a89c9: receive RaftClientReply:client-55A920E34657->3e2fd577-5016-4c18-a24a-a8dfce2a89c9@group-253DF9CF2DCA, cid=190, SUCCESS, logIndex=6, commits[3e2fd577-5016-4c18-a24a-a8dfce2a89c9:c11, 3714cff3-a07e-4f81-85d4-28a9b78918d9:c7, 504f24ee-e757-4027-92cd-9b6d310efdfe:c7]
2019-09-03 05:33:28,801 [grpc-default-executor-11] INFO  client.GrpcClientProtocolClient (GrpcClientProtocolClient.java:onNext(255)) - client-55A920E34657->3e2fd577-5016-4c18-a24a-a8dfce2a89c9: receive RaftClientReply:client-55A920E34657->3e2fd577-5016-4c18-a24a-a8dfce2a89c9@group-253DF9CF2DCA, cid=191, SUCCESS, logIndex=7, commits[3e2fd577-5016-4c18-a24a-a8dfce2a89c9:c11, 3714cff3-a07e-4f81-85d4-28a9b78918d9:c7, 504f24ee-e757-4027-92cd-9b6d310efdfe:c7]
2019-09-03 05:33:28,821 [grpc-default-executor-3] INFO  client.GrpcClientProtocolClient (GrpcClientProtocolClient.java:onNext(255)) - client-55A920E34657->3e2fd577-5016-4c18-a24a-a8dfce2a89c9: receive RaftClientReply:client-55A920E34657->3e2fd577-5016-4c18-a24a-a8dfce2a89c9@group-253DF9CF2DCA, cid=192, SUCCESS, logIndex=12, commits[3e2fd577-5016-4c18-a24a-a8dfce2a89c9:c13, 3714cff3-a07e-4f81-85d4-28a9b78918d9:c11, 504f24ee-e757-4027-92cd-9b6d310efdfe:c11]
2019-09-03 05:33:28,822 [grpc-default-executor-3] INFO  client.GrpcClientProtocolClient (GrpcClientProtocolClient.java:onNext(255)) - client-55A920E34657->3e2fd577-5016-4c18-a24a-a8dfce2a89c9: receive RaftClientReply:client-55A920E34657->3e2fd577-5016-4c18-a24a-a8dfce2a89c9@group-253DF9CF2DCA, cid=193, SUCCESS, logIndex=13, commits[3e2fd577-5016-4c18-a24a-a8dfce2a89c9:c13, 3714cff3-a07e-4f81-85d4-28a9b78918d9:c11, 504f24ee-e757-4027-92cd-9b6d310efdfe:c11]
2019-09-03 05:33:28,843 [grpc-default-executor-3] INFO  client.GrpcClientProtocolClient (GrpcClientProtocolClient.java:onNext(255)) - client-55A920E34657->3e2fd577-5016-4c18-a24a-a8dfce2a89c9: receive RaftClientReply:client-55A920E34657->3e2fd577-5016-4c18-a24a-a8dfce2a89c9@group-253DF9CF2DCA, cid=194, SUCCESS, logIndex=0, commits[3e2fd577-5016-4c18-a24a-a8dfce2a89c9:c15, 3714cff3-a07e-4f81-85d4-28a9b78918d9:c13, 504f24ee-e757-4027-92cd-9b6d310efdfe:c13]
2019-09-03 05:33:28,844 [main] INFO  ozone.MiniOzoneClusterImpl (MiniOzoneClusterImpl.java:shutdown(307)) - Shutting down the Mini Ozone Cluster
2019-09-03 05:33:28,844 [main] INFO  ozone.MiniOzoneClusterImpl (MiniOzoneClusterImpl.java:stop(322)) - Stopping the Mini Ozone Cluster
2019-09-03 05:33:28,844 [main] INFO  ozone.MiniOzoneClusterImpl (MiniOzoneClusterImpl.java:stop(324)) - Stopping the OzoneManager
2019-09-03 05:33:28,845 [main] INFO  ipc.Server (Server.java:stop(3082)) - Stopping server on 37513
2019-09-03 05:33:28,860 [IPC Server listener on 37513] INFO  ipc.Server (Server.java:run(1185)) - Stopping IPC Server listener on 37513
2019-09-03 05:33:28,860 [main] INFO  ratis.OzoneManagerDoubleBuffer (OzoneManagerDoubleBuffer.java:stop(248)) - Stopping OMDoubleBuffer flush thread
2019-09-03 05:33:28,864 [IPC Server Responder] INFO  ipc.Server (Server.java:run(1319)) - Stopping IPC Server Responder
2019-09-03 05:33:28,872 [OMDoubleBufferFlushThread] INFO  ratis.OzoneManagerDoubleBuffer (OzoneManagerDoubleBuffer.java:flushTransactions(191)) - OMDoubleBuffer flush thread OMDoubleBufferFlushThread is interrupted and will exit. OMDoubleBufferFlushThread
2019-09-03 05:33:28,886 [main] INFO  utils.BackgroundService (BackgroundService.java:shutdown(148)) - Shutting down service KeyDeletingService
2019-09-03 05:33:28,888 [main] INFO  handler.ContextHandler (ContextHandler.java:doStop(910)) - Stopped o.e.j.w.WebAppContext@51ac12ac{/,null,UNAVAILABLE}{/ozoneManager}
2019-09-03 05:33:28,889 [main] INFO  server.AbstractConnector (AbstractConnector.java:doStop(318)) - Stopped ServerConnector@463afa6e{HTTP/1.1,[http/1.1]}{0.0.0.0:0}
2019-09-03 05:33:28,889 [main] INFO  handler.ContextHandler (ContextHandler.java:doStop(910)) - Stopped o.e.j.s.ServletContextHandler@3e5beab5{/static,file:///workdir/hadoop-ozone/integration-test/target/test-classes/webapps/static,UNAVAILABLE}
2019-09-03 05:33:28,889 [main] INFO  handler.ContextHandler (ContextHandler.java:doStop(910)) - Stopped o.e.j.s.ServletContextHandler@372f0a99{/logs,file:///workdir/hadoop-ozone/integration-test/target/log,UNAVAILABLE}
2019-09-03 05:33:28,892 [main] INFO  ozone.MiniOzoneClusterImpl (MiniOzoneClusterImpl.java:stop(330)) - Shutting the HddsDatanodes
2019-09-03 05:33:29,626 [Datanode State Machine Thread - 0] INFO  statemachine.DatanodeStateMachine (DatanodeStateMachine.java:lambda$startDaemon$0(350)) - Ozone container server started.
2019-09-03 05:33:29,626 [Datanode State Machine Thread - 0] INFO  statemachine.DatanodeStateMachine (DatanodeStateMachine.java:lambda$startDaemon$0(350)) - Ozone container server started.
2019-09-03 05:33:30,221 [grpc-default-executor-10] WARN  server.GrpcLogAppender (LogUtils.java:warn(134)) - fb4443fd-5719-4a39-bdba-b2bf0c721de4->50dc8b30-d557-42ae-aab0-254bd5a1602a: Failed appendEntries: org.apache.ratis.thirdparty.io.grpc.StatusRuntimeException: UNAVAILABLE: io exception
2019-09-03 05:33:30,222 [grpc-default-executor-10] INFO  impl.FollowerInfo (FollowerInfo.java:lambda$new$0(50)) - fb4443fd-5719-4a39-bdba-b2bf0c721de4->50dc8b30-d557-42ae-aab0-254bd5a1602a: nextIndex: updateUnconditionally 1 -> 0
2019-09-03 05:33:32,722 [grpc-default-executor-11] WARN  server.GrpcLogAppender (LogUtils.java:warn(134)) - fb4443fd-5719-4a39-bdba-b2bf0c721de4->50dc8b30-d557-42ae-aab0-254bd5a1602a: Failed appendEntries: org.apache.ratis.thirdparty.io.grpc.StatusRuntimeException: UNAVAILABLE: io exception
2019-09-03 05:33:32,723 [grpc-default-executor-11] INFO  impl.FollowerInfo (FollowerInfo.java:lambda$new$0(50)) - fb4443fd-5719-4a39-bdba-b2bf0c721de4->50dc8b30-d557-42ae-aab0-254bd5a1602a: nextIndex: updateUnconditionally 0 -> 0
2019-09-03 05:33:33,674 [EventQueue-StaleNodeForStaleNodeHandler] INFO  node.StaleNodeHandler (StaleNodeHandler.java:onMessage(58)) - Datanode 504f24ee-e757-4027-92cd-9b6d310efdfe{ip: 192.168.36.111, host: trunk-nightly-20190903-kd7j7-2804422064, networkLocation: /default-rack, certSerialId: null} moved to stale state. Finalizing its pipelines [PipelineID=e5c06078-a489-4777-89c3-13b0ab9a5f77, PipelineID=57bec98f-3362-41f4-9e01-253df9cf2dca]
2019-09-03 05:33:33,674 [EventQueue-StaleNodeForStaleNodeHandler] INFO  pipeline.SCMPipelineManager (SCMPipelineManager.java:finalizeAndDestroyPipeline(309)) - destroying pipeline:Pipeline[ Id: e5c06078-a489-4777-89c3-13b0ab9a5f77, Nodes: 504f24ee-e757-4027-92cd-9b6d310efdfe{ip: 192.168.36.111, host: trunk-nightly-20190903-kd7j7-2804422064, networkLocation: /default-rack, certSerialId: null}, Type:RATIS, Factor:ONE, State:OPEN]
2019-09-03 05:33:33,674 [EventQueue-StaleNodeForStaleNodeHandler] INFO  pipeline.PipelineStateManager (PipelineStateManager.java:finalizePipeline(123)) - Pipeline Pipeline[ Id: e5c06078-a489-4777-89c3-13b0ab9a5f77, Nodes: 504f24ee-e757-4027-92cd-9b6d310efdfe{ip: 192.168.36.111, host: trunk-nightly-20190903-kd7j7-2804422064, networkLocation: /default-rack, certSerialId: null}, Type:RATIS, Factor:ONE, State:CLOSED] moved to CLOSED state
2019-09-03 05:33:33,675 [EventQueue-StaleNodeForStaleNodeHandler] INFO  pipeline.SCMPipelineManager (SCMPipelineManager.java:finalizeAndDestroyPipeline(309)) - destroying pipeline:Pipeline[ Id: 57bec98f-3362-41f4-9e01-253df9cf2dca, Nodes: 3e2fd577-5016-4c18-a24a-a8dfce2a89c9{ip: 192.168.36.111, host: trunk-nightly-20190903-kd7j7-2804422064, networkLocation: /default-rack, certSerialId: null}504f24ee-e757-4027-92cd-9b6d310efdfe{ip: 192.168.36.111, host: trunk-nightly-20190903-kd7j7-2804422064, networkLocation: /default-rack, certSerialId: null}3714cff3-a07e-4f81-85d4-28a9b78918d9{ip: 192.168.36.111, host: trunk-nightly-20190903-kd7j7-2804422064, networkLocation: /default-rack, certSerialId: null}, Type:RATIS, Factor:THREE, State:OPEN]
2019-09-03 05:33:33,675 [EventQueue-StaleNodeForStaleNodeHandler] INFO  pipeline.PipelineStateManager (PipelineStateManager.java:finalizePipeline(123)) - Pipeline Pipeline[ Id: 57bec98f-3362-41f4-9e01-253df9cf2dca, Nodes: 3e2fd577-5016-4c18-a24a-a8dfce2a89c9{ip: 192.168.36.111, host: trunk-nightly-20190903-kd7j7-2804422064, networkLocation: /default-rack, certSerialId: null}504f24ee-e757-4027-92cd-9b6d310efdfe{ip: 192.168.36.111, host: trunk-nightly-20190903-kd7j7-2804422064, networkLocation: /default-rack, certSerialId: null}3714cff3-a07e-4f81-85d4-28a9b78918d9{ip: 192.168.36.111, host: trunk-nightly-20190903-kd7j7-2804422064, networkLocation: /default-rack, certSerialId: null}, Type:RATIS, Factor:THREE, State:CLOSED] moved to CLOSED state
2019-09-03 05:33:33,675 [EventQueue-StaleNodeForStaleNodeHandler] INFO  node.StaleNodeHandler (StaleNodeHandler.java:onMessage(58)) - Datanode 3714cff3-a07e-4f81-85d4-28a9b78918d9{ip: 192.168.36.111, host: trunk-nightly-20190903-kd7j7-2804422064, networkLocation: /default-rack, certSerialId: null} moved to stale state. Finalizing its pipelines [PipelineID=de024cef-4821-4e48-9e47-f1f09ae7c5ce, PipelineID=57bec98f-3362-41f4-9e01-253df9cf2dca]
2019-09-03 05:33:33,675 [EventQueue-CloseContainerForCloseContainerEventHandler] INFO  container.CloseContainerEventHandler (CloseContainerEventHandler.java:onMessage(61)) - Close container Event triggered for container : #2
2019-09-03 05:33:33,675 [EventQueue-StaleNodeForStaleNodeHandler] INFO  pipeline.SCMPipelineManager (SCMPipelineManager.java:finalizeAndDestroyPipeline(309)) - destroying pipeline:Pipeline[ Id: de024cef-4821-4e48-9e47-f1f09ae7c5ce, Nodes: 3714cff3-a07e-4f81-85d4-28a9b78918d9{ip: 192.168.36.111, host: trunk-nightly-20190903-kd7j7-2804422064, networkLocation: /default-rack, certSerialId: null}, Type:RATIS, Factor:ONE, State:OPEN]
2019-09-03 05:33:33,676 [EventQueue-StaleNodeForStaleNodeHandler] INFO  pipeline.PipelineStateManager (PipelineStateManager.java:finalizePipeline(123)) - Pipeline Pipeline[ Id: de024cef-4821-4e48-9e47-f1f09ae7c5ce, Nodes: 3714cff3-a07e-4f81-85d4-28a9b78918d9{ip: 192.168.36.111, host: trunk-nightly-20190903-kd7j7-2804422064, networkLocation: /default-rack, certSerialId: null}, Type:RATIS, Factor:ONE, State:CLOSED] moved to CLOSED state
2019-09-03 05:33:33,676 [EventQueue-StaleNodeForStaleNodeHandler] INFO  pipeline.SCMPipelineManager (SCMPipelineManager.java:finalizeAndDestroyPipeline(309)) - destroying pipeline:Pipeline[ Id: 57bec98f-3362-41f4-9e01-253df9cf2dca, Nodes: 3e2fd577-5016-4c18-a24a-a8dfce2a89c9{ip: 192.168.36.111, host: trunk-nightly-20190903-kd7j7-2804422064, networkLocation: /default-rack, certSerialId: null}504f24ee-e757-4027-92cd-9b6d310efdfe{ip: 192.168.36.111, host: trunk-nightly-20190903-kd7j7-2804422064, networkLocation: /default-rack, certSerialId: null}3714cff3-a07e-4f81-85d4-28a9b78918d9{ip: 192.168.36.111, host: trunk-nightly-20190903-kd7j7-2804422064, networkLocation: /default-rack, certSerialId: null}, Type:RATIS, Factor:THREE, State:CLOSED]
2019-09-03 05:33:33,893 [ForkJoinPool.commonPool-worker-1] INFO  ozoneimpl.OzoneContainer (OzoneContainer.java:stop(215)) - Attempting to stop container services.
2019-09-03 05:33:33,893 [main] INFO  ozoneimpl.OzoneContainer (OzoneContainer.java:stop(215)) - Attempting to stop container services.
2019-09-03 05:33:33,894 [ForkJoinPool.commonPool-worker-1] INFO  impl.RaftServerProxy (RaftServerProxy.java:lambda$close$4(314)) - 504f24ee-e757-4027-92cd-9b6d310efdfe: close
2019-09-03 05:33:33,894 [main] INFO  impl.RaftServerProxy (RaftServerProxy.java:lambda$close$4(314)) - 3714cff3-a07e-4f81-85d4-28a9b78918d9: close
2019-09-03 05:33:33,894 [ForkJoinPool.commonPool-worker-1] INFO  impl.RaftServerImpl (RaftServerImpl.java:lambda$shutdown$3(245)) - 504f24ee-e757-4027-92cd-9b6d310efdfe: shutdown group-13B0AB9A5F77
2019-09-03 05:33:33,895 [main] INFO  impl.RaftServerImpl (RaftServerImpl.java:lambda$shutdown$3(245)) - 3714cff3-a07e-4f81-85d4-28a9b78918d9: shutdown group-F1F09AE7C5CE
2019-09-03 05:33:33,898 [ForkJoinPool.commonPool-worker-1] INFO  util.JmxRegister (JmxRegister.java:unregister(73)) - Successfully un-registered JMX Bean with object name Ratis:service=RaftServer,group=group-13B0AB9A5F77,id=504f24ee-e757-4027-92cd-9b6d310efdfe
2019-09-03 05:33:33,899 [main] INFO  util.JmxRegister (JmxRegister.java:unregister(73)) - Successfully un-registered JMX Bean with object name Ratis:service=RaftServer,group=group-F1F09AE7C5CE,id=3714cff3-a07e-4f81-85d4-28a9b78918d9
2019-09-03 05:33:33,899 [ForkJoinPool.commonPool-worker-1] INFO  impl.RoleInfo (RoleInfo.java:shutdownLeaderState(104)) - 504f24ee-e757-4027-92cd-9b6d310efdfe: shutdown LeaderState
2019-09-03 05:33:33,899 [main] INFO  impl.RoleInfo (RoleInfo.java:shutdownLeaderState(104)) - 3714cff3-a07e-4f81-85d4-28a9b78918d9: shutdown LeaderState
2019-09-03 05:33:33,900 [ForkJoinPool.commonPool-worker-1] INFO  impl.PendingRequests (PendingRequests.java:sendNotLeaderResponses(202)) - 504f24ee-e757-4027-92cd-9b6d310efdfe-PendingRequests: sendNotLeaderResponses
2019-09-03 05:33:33,900 [main] INFO  impl.PendingRequests (PendingRequests.java:sendNotLeaderResponses(202)) - 3714cff3-a07e-4f81-85d4-28a9b78918d9-PendingRequests: sendNotLeaderResponses
2019-09-03 05:33:33,901 [ForkJoinPool.commonPool-worker-1] INFO  impl.StateMachineUpdater (StateMachineUpdater.java:stopAndJoin(115)) - StateMachineUpdater:504f24ee-e757-4027-92cd-9b6d310efdfe:group-13B0AB9A5F77: set stopIndex = 0
2019-09-03 05:33:33,901 [main] INFO  impl.StateMachineUpdater (StateMachineUpdater.java:stopAndJoin(115)) - StateMachineUpdater:3714cff3-a07e-4f81-85d4-28a9b78918d9:group-F1F09AE7C5CE: set stopIndex = 0
2019-09-03 05:33:33,901 [ForkJoinPool.commonPool-worker-1] INFO  impl.RaftServerImpl (ServerState.java:close(394)) - 504f24ee-e757-4027-92cd-9b6d310efdfe:group-13B0AB9A5F77 closes. The last applied log index is 0
2019-09-03 05:33:33,902 [main] INFO  impl.RaftServerImpl (ServerState.java:close(394)) - 3714cff3-a07e-4f81-85d4-28a9b78918d9:group-F1F09AE7C5CE closes. The last applied log index is 0
2019-09-03 05:33:33,902 [504f24ee-e757-4027-92cd-9b6d310efdfe-SegmentedRaftLogWorker:Storage Directory /workdir/hadoop-ozone/integration-test/target/test-dir/MiniOzoneClusterImpl-c64d20cb-122d-47af-9bf2-d2da5c3556a3/datanode-1/data/ratis/e5c06078-a489-4777-89c3-13b0ab9a5f77] INFO  segmented.SegmentedRaftLogWorker (SegmentedRaftLogWorker.java:run(313)) - 504f24ee-e757-4027-92cd-9b6d310efdfe-SegmentedRaftLogWorker:Storage Directory /workdir/hadoop-ozone/integration-test/target/test-dir/MiniOzoneClusterImpl-c64d20cb-122d-47af-9bf2-d2da5c3556a3/datanode-1/data/ratis/e5c06078-a489-4777-89c3-13b0ab9a5f77 was interrupted, exiting. There are 0 tasks remaining in the queue.
2019-09-03 05:33:33,902 [3714cff3-a07e-4f81-85d4-28a9b78918d9-SegmentedRaftLogWorker:Storage Directory /workdir/hadoop-ozone/integration-test/target/test-dir/MiniOzoneClusterImpl-c64d20cb-122d-47af-9bf2-d2da5c3556a3/datanode-3/data/ratis/de024cef-4821-4e48-9e47-f1f09ae7c5ce] INFO  segmented.SegmentedRaftLogWorker (SegmentedRaftLogWorker.java:run(313)) - 3714cff3-a07e-4f81-85d4-28a9b78918d9-SegmentedRaftLogWorker:Storage Directory /workdir/hadoop-ozone/integration-test/target/test-dir/MiniOzoneClusterImpl-c64d20cb-122d-47af-9bf2-d2da5c3556a3/datanode-3/data/ratis/de024cef-4821-4e48-9e47-f1f09ae7c5ce was interrupted, exiting. There are 0 tasks remaining in the queue.
2019-09-03 05:33:33,903 [ForkJoinPool.commonPool-worker-1] INFO  segmented.SegmentedRaftLogWorker (SegmentedRaftLogWorker.java:close(228)) - 504f24ee-e757-4027-92cd-9b6d310efdfe-SegmentedRaftLogWorker:Storage Directory /workdir/hadoop-ozone/integration-test/target/test-dir/MiniOzoneClusterImpl-c64d20cb-122d-47af-9bf2-d2da5c3556a3/datanode-1/data/ratis/e5c06078-a489-4777-89c3-13b0ab9a5f77 close()
2019-09-03 05:33:33,903 [main] INFO  segmented.SegmentedRaftLogWorker (SegmentedRaftLogWorker.java:close(228)) - 3714cff3-a07e-4f81-85d4-28a9b78918d9-SegmentedRaftLogWorker:Storage Directory /workdir/hadoop-ozone/integration-test/target/test-dir/MiniOzoneClusterImpl-c64d20cb-122d-47af-9bf2-d2da5c3556a3/datanode-3/data/ratis/de024cef-4821-4e48-9e47-f1f09ae7c5ce close()
2019-09-03 05:33:33,905 [ForkJoinPool.commonPool-worker-1] INFO  impl.RaftServerImpl (RaftServerImpl.java:lambda$shutdown$3(245)) - 504f24ee-e757-4027-92cd-9b6d310efdfe: shutdown group-253DF9CF2DCA
2019-09-03 05:33:33,907 [main] INFO  impl.RaftServerImpl (RaftServerImpl.java:lambda$shutdown$3(245)) - 3714cff3-a07e-4f81-85d4-28a9b78918d9: shutdown group-253DF9CF2DCA
2019-09-03 05:33:33,908 [ForkJoinPool.commonPool-worker-1] INFO  util.JmxRegister (JmxRegister.java:unregister(73)) - Successfully un-registered JMX Bean with object name Ratis:service=RaftServer,group=group-253DF9CF2DCA,id=504f24ee-e757-4027-92cd-9b6d310efdfe
2019-09-03 05:33:33,908 [main] INFO  util.JmxRegister (JmxRegister.java:unregister(73)) - Successfully un-registered JMX Bean with object name Ratis:service=RaftServer,group=group-253DF9CF2DCA,id=3714cff3-a07e-4f81-85d4-28a9b78918d9
2019-09-03 05:33:33,908 [ForkJoinPool.commonPool-worker-1] INFO  impl.RoleInfo (RoleInfo.java:shutdownFollowerState(121)) - 504f24ee-e757-4027-92cd-9b6d310efdfe: shutdown FollowerState
2019-09-03 05:33:33,909 [main] INFO  impl.RoleInfo (RoleInfo.java:shutdownFollowerState(121)) - 3714cff3-a07e-4f81-85d4-28a9b78918d9: shutdown FollowerState
2019-09-03 05:33:33,909 [StateMachineUpdater:504f24ee-e757-4027-92cd-9b6d310efdfe:group-253DF9CF2DCA] INFO  ratis.ContainerStateMachine (ContainerStateMachine.java:takeSnapshot(284)) - group-253DF9CF2DCA: Taking a snapshot at:(t:4, i:13) file /workdir/hadoop-ozone/integration-test/target/test-dir/MiniOzoneClusterImpl-c64d20cb-122d-47af-9bf2-d2da5c3556a3/datanode-1/data/ratis/57bec98f-3362-41f4-9e01-253df9cf2dca/sm/snapshot.4_13
2019-09-03 05:33:33,910 [StateMachineUpdater:3714cff3-a07e-4f81-85d4-28a9b78918d9:group-253DF9CF2DCA] INFO  ratis.ContainerStateMachine (ContainerStateMachine.java:takeSnapshot(284)) - group-253DF9CF2DCA: Taking a snapshot at:(t:4, i:13) file /workdir/hadoop-ozone/integration-test/target/test-dir/MiniOzoneClusterImpl-c64d20cb-122d-47af-9bf2-d2da5c3556a3/datanode-3/data/ratis/57bec98f-3362-41f4-9e01-253df9cf2dca/sm/snapshot.4_13
2019-09-03 05:33:33,909 [Thread-3431] INFO  impl.FollowerState (FollowerState.java:run(114)) - 504f24ee-e757-4027-92cd-9b6d310efdfe: FollowerState was interrupted: java.lang.InterruptedException: sleep interrupted
2019-09-03 05:33:33,909 [ForkJoinPool.commonPool-worker-1] INFO  impl.StateMachineUpdater (StateMachineUpdater.java:stopAndJoin(115)) - StateMachineUpdater:504f24ee-e757-4027-92cd-9b6d310efdfe:group-253DF9CF2DCA: set stopIndex = 15
2019-09-03 05:33:33,909 [Thread-3429] INFO  impl.FollowerState (FollowerState.java:run(114)) - 3714cff3-a07e-4f81-85d4-28a9b78918d9: FollowerState was interrupted: java.lang.InterruptedException: sleep interrupted
2019-09-03 05:33:33,909 [main] INFO  impl.StateMachineUpdater (StateMachineUpdater.java:stopAndJoin(115)) - StateMachineUpdater:3714cff3-a07e-4f81-85d4-28a9b78918d9:group-253DF9CF2DCA: set stopIndex = 15
2019-09-03 05:33:33,930 [StateMachineUpdater:3714cff3-a07e-4f81-85d4-28a9b78918d9:group-253DF9CF2DCA] INFO  ratis.ContainerStateMachine (ContainerStateMachine.java:takeSnapshot(295)) - group-253DF9CF2DCA: Finished taking a snapshot at:(t:4, i:13) file:/workdir/hadoop-ozone/integration-test/target/test-dir/MiniOzoneClusterImpl-c64d20cb-122d-47af-9bf2-d2da5c3556a3/datanode-3/data/ratis/57bec98f-3362-41f4-9e01-253df9cf2dca/sm/snapshot.4_13 time:20
2019-09-03 05:33:33,930 [StateMachineUpdater:504f24ee-e757-4027-92cd-9b6d310efdfe:group-253DF9CF2DCA] INFO  ratis.ContainerStateMachine (ContainerStateMachine.java:takeSnapshot(295)) - group-253DF9CF2DCA: Finished taking a snapshot at:(t:4, i:13) file:/workdir/hadoop-ozone/integration-test/target/test-dir/MiniOzoneClusterImpl-c64d20cb-122d-47af-9bf2-d2da5c3556a3/datanode-1/data/ratis/57bec98f-3362-41f4-9e01-253df9cf2dca/sm/snapshot.4_13 time:21
2019-09-03 05:33:33,930 [StateMachineUpdater:3714cff3-a07e-4f81-85d4-28a9b78918d9:group-253DF9CF2DCA] INFO  impl.StateMachineUpdater (StateMachineUpdater.java:takeSnapshot(242)) - StateMachineUpdater:3714cff3-a07e-4f81-85d4-28a9b78918d9:group-253DF9CF2DCA: Took a snapshot at index 13
2019-09-03 05:33:33,930 [StateMachineUpdater:504f24ee-e757-4027-92cd-9b6d310efdfe:group-253DF9CF2DCA] INFO  impl.StateMachineUpdater (StateMachineUpdater.java:takeSnapshot(242)) - StateMachineUpdater:504f24ee-e757-4027-92cd-9b6d310efdfe:group-253DF9CF2DCA: Took a snapshot at index 13
2019-09-03 05:33:33,930 [StateMachineUpdater:3714cff3-a07e-4f81-85d4-28a9b78918d9:group-253DF9CF2DCA] INFO  impl.StateMachineUpdater (StateMachineUpdater.java:lambda$new$0(80)) - StateMachineUpdater:3714cff3-a07e-4f81-85d4-28a9b78918d9:group-253DF9CF2DCA: snapshotIndex: updateIncreasingly -1 -> 13
2019-09-03 05:33:33,930 [StateMachineUpdater:504f24ee-e757-4027-92cd-9b6d310efdfe:group-253DF9CF2DCA] INFO  impl.StateMachineUpdater (StateMachineUpdater.java:lambda$new$0(80)) - StateMachineUpdater:504f24ee-e757-4027-92cd-9b6d310efdfe:group-253DF9CF2DCA: snapshotIndex: updateIncreasingly -1 -> 13
2019-09-03 05:33:33,931 [main] INFO  impl.RaftServerImpl (ServerState.java:close(394)) - 3714cff3-a07e-4f81-85d4-28a9b78918d9:group-253DF9CF2DCA closes. The last applied log index is 15
2019-09-03 05:33:33,931 [ForkJoinPool.commonPool-worker-1] INFO  impl.RaftServerImpl (ServerState.java:close(394)) - 504f24ee-e757-4027-92cd-9b6d310efdfe:group-253DF9CF2DCA closes. The last applied log index is 15
2019-09-03 05:33:33,931 [3714cff3-a07e-4f81-85d4-28a9b78918d9-SegmentedRaftLogWorker:Storage Directory /workdir/hadoop-ozone/integration-test/target/test-dir/MiniOzoneClusterImpl-c64d20cb-122d-47af-9bf2-d2da5c3556a3/datanode-3/data/ratis/57bec98f-3362-41f4-9e01-253df9cf2dca] INFO  segmented.SegmentedRaftLogWorker (SegmentedRaftLogWorker.java:run(313)) - 3714cff3-a07e-4f81-85d4-28a9b78918d9-SegmentedRaftLogWorker:Storage Directory /workdir/hadoop-ozone/integration-test/target/test-dir/MiniOzoneClusterImpl-c64d20cb-122d-47af-9bf2-d2da5c3556a3/datanode-3/data/ratis/57bec98f-3362-41f4-9e01-253df9cf2dca was interrupted, exiting. There are 0 tasks remaining in the queue.
2019-09-03 05:33:33,932 [504f24ee-e757-4027-92cd-9b6d310efdfe-SegmentedRaftLogWorker:Storage Directory /workdir/hadoop-ozone/integration-test/target/test-dir/MiniOzoneClusterImpl-c64d20cb-122d-47af-9bf2-d2da5c3556a3/datanode-1/data/ratis/57bec98f-3362-41f4-9e01-253df9cf2dca] INFO  segmented.SegmentedRaftLogWorker (SegmentedRaftLogWorker.java:run(313)) - 504f24ee-e757-4027-92cd-9b6d310efdfe-SegmentedRaftLogWorker:Storage Directory /workdir/hadoop-ozone/integration-test/target/test-dir/MiniOzoneClusterImpl-c64d20cb-122d-47af-9bf2-d2da5c3556a3/datanode-1/data/ratis/57bec98f-3362-41f4-9e01-253df9cf2dca was interrupted, exiting. There are 0 tasks remaining in the queue.
2019-09-03 05:33:33,934 [main] INFO  segmented.SegmentedRaftLogWorker (SegmentedRaftLogWorker.java:close(228)) - 3714cff3-a07e-4f81-85d4-28a9b78918d9-SegmentedRaftLogWorker:Storage Directory /workdir/hadoop-ozone/integration-test/target/test-dir/MiniOzoneClusterImpl-c64d20cb-122d-47af-9bf2-d2da5c3556a3/datanode-3/data/ratis/57bec98f-3362-41f4-9e01-253df9cf2dca close()
2019-09-03 05:33:33,936 [ForkJoinPool.commonPool-worker-1] INFO  segmented.SegmentedRaftLogWorker (SegmentedRaftLogWorker.java:close(228)) - 504f24ee-e757-4027-92cd-9b6d310efdfe-SegmentedRaftLogWorker:Storage Directory /workdir/hadoop-ozone/integration-test/target/test-dir/MiniOzoneClusterImpl-c64d20cb-122d-47af-9bf2-d2da5c3556a3/datanode-1/data/ratis/57bec98f-3362-41f4-9e01-253df9cf2dca close()
2019-09-03 05:33:33,938 [main] INFO  server.GrpcService (GrpcService.java:closeImpl(155)) - 3714cff3-a07e-4f81-85d4-28a9b78918d9: shutdown server with port 36437 now
2019-09-03 05:33:33,940 [ForkJoinPool.commonPool-worker-1] INFO  server.GrpcService (GrpcService.java:closeImpl(155)) - 504f24ee-e757-4027-92cd-9b6d310efdfe: shutdown server with port 45241 now
2019-09-03 05:33:33,941 [grpc-default-executor-11] WARN  server.GrpcServerProtocolService (LogUtils.java:warn(134)) - 3714cff3-a07e-4f81-85d4-28a9b78918d9: appendEntries onError: org.apache.ratis.thirdparty.io.grpc.StatusRuntimeException: CANCELLED: cancelled before receiving half close
2019-09-03 05:33:33,941 [main] INFO  server.GrpcService (GrpcService.java:closeImpl(163)) - 3714cff3-a07e-4f81-85d4-28a9b78918d9: shutdown server with port 36437 successfully
2019-09-03 05:33:33,941 [grpc-default-executor-10] WARN  server.GrpcServerProtocolService (LogUtils.java:warn(134)) - 504f24ee-e757-4027-92cd-9b6d310efdfe: appendEntries onError: org.apache.ratis.thirdparty.io.grpc.StatusRuntimeException: CANCELLED: cancelled before receiving half close
2019-09-03 05:33:33,942 [grpc-default-executor-3] WARN  server.GrpcLogAppender (LogUtils.java:warn(134)) - 3e2fd577-5016-4c18-a24a-a8dfce2a89c9->504f24ee-e757-4027-92cd-9b6d310efdfe: Failed appendEntries: org.apache.ratis.thirdparty.io.grpc.StatusRuntimeException: CANCELLED: HTTP/2 error code: CANCEL
Received Rst Stream
2019-09-03 05:33:33,941 [ForkJoinPool.commonPool-worker-1] INFO  server.GrpcService (GrpcService.java:closeImpl(163)) - 504f24ee-e757-4027-92cd-9b6d310efdfe: shutdown server with port 45241 successfully
2019-09-03 05:33:33,941 [grpc-default-executor-9] WARN  server.GrpcLogAppender (LogUtils.java:warn(134)) - 3e2fd577-5016-4c18-a24a-a8dfce2a89c9->3714cff3-a07e-4f81-85d4-28a9b78918d9: Failed appendEntries: org.apache.ratis.thirdparty.io.grpc.StatusRuntimeException: CANCELLED: HTTP/2 error code: CANCEL
Received Rst Stream
2019-09-03 05:33:33,942 [grpc-default-executor-3] INFO  impl.FollowerInfo (FollowerInfo.java:lambda$new$0(50)) - 3e2fd577-5016-4c18-a24a-a8dfce2a89c9->504f24ee-e757-4027-92cd-9b6d310efdfe: nextIndex: updateUnconditionally 16 -> 15
2019-09-03 05:33:33,943 [grpc-default-executor-9] INFO  impl.FollowerInfo (FollowerInfo.java:lambda$new$0(50)) - 3e2fd577-5016-4c18-a24a-a8dfce2a89c9->3714cff3-a07e-4f81-85d4-28a9b78918d9: nextIndex: updateUnconditionally 16 -> 15
2019-09-03 05:33:33,945 [refreshUsed-/workdir/hadoop-ozone/integration-test/target/test-dir/MiniOzoneClusterImpl-c64d20cb-122d-47af-9bf2-d2da5c3556a3/datanode-3/data/containers] WARN  fs.CachingGetSpaceUsed (CachingGetSpaceUsed.java:run(183)) - Thread Interrupted waiting to refresh disk information: sleep interrupted
2019-09-03 05:33:33,945 [refreshUsed-/workdir/hadoop-ozone/integration-test/target/test-dir/MiniOzoneClusterImpl-c64d20cb-122d-47af-9bf2-d2da5c3556a3/datanode-1/data/containers] WARN  fs.CachingGetSpaceUsed (CachingGetSpaceUsed.java:run(183)) - Thread Interrupted waiting to refresh disk information: sleep interrupted
2019-09-03 05:33:33,967 [ForkJoinPool.commonPool-worker-1] INFO  utils.BackgroundService (BackgroundService.java:shutdown(148)) - Shutting down service BlockDeletingService
2019-09-03 05:33:33,971 [ForkJoinPool.commonPool-worker-1] INFO  statemachine.DatanodeStateMachine (DatanodeStateMachine.java:stopDaemon(395)) - Ozone container server stopped.
2019-09-03 05:33:33,977 [ForkJoinPool.commonPool-worker-1] INFO  handler.ContextHandler (ContextHandler.java:doStop(910)) - Stopped o.e.j.w.WebAppContext@3f6cce7f{/,null,UNAVAILABLE}{/hddsDatanode}
2019-09-03 05:33:33,977 [main] INFO  utils.BackgroundService (BackgroundService.java:shutdown(148)) - Shutting down service BlockDeletingService
2019-09-03 05:33:33,979 [ForkJoinPool.commonPool-worker-1] INFO  server.AbstractConnector (AbstractConnector.java:doStop(318)) - Stopped ServerConnector@2725ca05{HTTP/1.1,[http/1.1]}{0.0.0.0:0}
2019-09-03 05:33:33,983 [main] INFO  statemachine.DatanodeStateMachine (DatanodeStateMachine.java:stopDaemon(395)) - Ozone container server stopped.
2019-09-03 05:33:33,984 [ForkJoinPool.commonPool-worker-1] INFO  handler.ContextHandler (ContextHandler.java:doStop(910)) - Stopped o.e.j.s.ServletContextHandler@251c90f{/static,jar:file:/home/user/.m2/repository/org/apache/hadoop/hadoop-hdds-container-service/0.5.0-SNAPSHOT/hadoop-hdds-container-service-0.5.0-SNAPSHOT.jar!/webapps/static,UNAVAILABLE}
2019-09-03 05:33:33,986 [ForkJoinPool.commonPool-worker-1] INFO  handler.ContextHandler (ContextHandler.java:doStop(910)) - Stopped o.e.j.s.ServletContextHandler@3caee3a8{/logs,file:///workdir/hadoop-ozone/integration-test/target/log,UNAVAILABLE}
2019-09-03 05:33:33,986 [main] INFO  handler.ContextHandler (ContextHandler.java:doStop(910)) - Stopped o.e.j.w.WebAppContext@3dec3f87{/,null,UNAVAILABLE}{/hddsDatanode}
2019-09-03 05:33:33,988 [main] INFO  server.AbstractConnector (AbstractConnector.java:doStop(318)) - Stopped ServerConnector@7a606260{HTTP/1.1,[http/1.1]}{0.0.0.0:0}
2019-09-03 05:33:33,988 [main] INFO  handler.ContextHandler (ContextHandler.java:doStop(910)) - Stopped o.e.j.s.ServletContextHandler@1b8aaeab{/static,jar:file:/home/user/.m2/repository/org/apache/hadoop/hadoop-hdds-container-service/0.5.0-SNAPSHOT/hadoop-hdds-container-service-0.5.0-SNAPSHOT.jar!/webapps/static,UNAVAILABLE}
2019-09-03 05:33:33,989 [main] INFO  handler.ContextHandler (ContextHandler.java:doStop(910)) - Stopped o.e.j.s.ServletContextHandler@75e80a97{/logs,file:///workdir/hadoop-ozone/integration-test/target/log,UNAVAILABLE}
2019-09-03 05:33:34,024 [Datanode State Machine Thread - 0] INFO  statemachine.DatanodeStateMachine (DatanodeStateMachine.java:lambda$startDaemon$0(350)) - Ozone container server started.
2019-09-03 05:33:34,604 [Datanode State Machine Thread - 0] INFO  statemachine.DatanodeStateMachine (DatanodeStateMachine.java:lambda$startDaemon$0(350)) - Ozone container server started.
2019-09-03 05:33:35,223 [grpc-default-executor-9] WARN  server.GrpcLogAppender (LogUtils.java:warn(134)) - fb4443fd-5719-4a39-bdba-b2bf0c721de4->50dc8b30-d557-42ae-aab0-254bd5a1602a: Failed appendEntries: org.apache.ratis.thirdparty.io.grpc.StatusRuntimeException: UNAVAILABLE: io exception
2019-09-03 05:33:35,223 [grpc-default-executor-9] INFO  impl.FollowerInfo (FollowerInfo.java:lambda$new$0(50)) - fb4443fd-5719-4a39-bdba-b2bf0c721de4->50dc8b30-d557-42ae-aab0-254bd5a1602a: nextIndex: updateUnconditionally 0 -> 0
2019-09-03 05:33:35,645 [grpc-default-executor-9] WARN  server.GrpcLogAppender (LogUtils.java:warn(134)) - 3e2fd577-5016-4c18-a24a-a8dfce2a89c9->3714cff3-a07e-4f81-85d4-28a9b78918d9: Failed appendEntries: org.apache.ratis.thirdparty.io.grpc.StatusRuntimeException: UNAVAILABLE: io exception
2019-09-03 05:33:35,645 [grpc-default-executor-10] WARN  server.GrpcLogAppender (LogUtils.java:warn(134)) - 3e2fd577-5016-4c18-a24a-a8dfce2a89c9->504f24ee-e757-4027-92cd-9b6d310efdfe: Failed appendEntries: org.apache.ratis.thirdparty.io.grpc.StatusRuntimeException: UNAVAILABLE: io exception
2019-09-03 05:33:35,646 [grpc-default-executor-9] INFO  impl.FollowerInfo (FollowerInfo.java:lambda$new$0(50)) - 3e2fd577-5016-4c18-a24a-a8dfce2a89c9->3714cff3-a07e-4f81-85d4-28a9b78918d9: nextIndex: updateUnconditionally 16 -> 15
2019-09-03 05:33:35,646 [grpc-default-executor-10] INFO  impl.FollowerInfo (FollowerInfo.java:lambda$new$0(50)) - 3e2fd577-5016-4c18-a24a-a8dfce2a89c9->504f24ee-e757-4027-92cd-9b6d310efdfe: nextIndex: updateUnconditionally 16 -> 15
2019-09-03 05:33:37,723 [grpc-default-executor-11] WARN  server.GrpcLogAppender (LogUtils.java:warn(134)) - fb4443fd-5719-4a39-bdba-b2bf0c721de4->50dc8b30-d557-42ae-aab0-254bd5a1602a: Failed appendEntries: org.apache.ratis.thirdparty.io.grpc.StatusRuntimeException: UNAVAILABLE: io exception
2019-09-03 05:33:37,724 [grpc-default-executor-11] INFO  impl.FollowerInfo (FollowerInfo.java:lambda$new$0(50)) - fb4443fd-5719-4a39-bdba-b2bf0c721de4->50dc8b30-d557-42ae-aab0-254bd5a1602a: nextIndex: updateUnconditionally 0 -> 0
2019-09-03 05:33:38,080 [EventQueue-StaleNodeForStaleNodeHandler] INFO  node.StaleNodeHandler (StaleNodeHandler.java:onMessage(58)) - Datanode bdb17887-013a-4087-af28-f0cb81f209cd{ip: 192.168.36.111, host: trunk-nightly-20190903-kd7j7-2804422064, networkLocation: /default-rack, certSerialId: null} moved to stale state. Finalizing its pipelines [PipelineID=5462a4e0-72fa-49a7-bd86-4e40e472b458, PipelineID=e8069c86-2f93-4ac7-be6d-0ba3e48f3dee]
2019-09-03 05:33:38,081 [EventQueue-StaleNodeForStaleNodeHandler] INFO  pipeline.SCMPipelineManager (SCMPipelineManager.java:finalizeAndDestroyPipeline(309)) - destroying pipeline:Pipeline[ Id: 5462a4e0-72fa-49a7-bd86-4e40e472b458, Nodes: 50dc8b30-d557-42ae-aab0-254bd5a1602a{ip: 192.168.36.111, host: trunk-nightly-20190903-kd7j7-2804422064, networkLocation: /default-rack, certSerialId: null}bdb17887-013a-4087-af28-f0cb81f209cd{ip: 192.168.36.111, host: trunk-nightly-20190903-kd7j7-2804422064, networkLocation: /default-rack, certSerialId: null}fb4443fd-5719-4a39-bdba-b2bf0c721de4{ip: 192.168.36.111, host: trunk-nightly-20190903-kd7j7-2804422064, networkLocation: /default-rack, certSerialId: null}, Type:RATIS, Factor:THREE, State:CLOSED]
2019-09-03 05:33:38,081 [EventQueue-StaleNodeForStaleNodeHandler] INFO  pipeline.SCMPipelineManager (SCMPipelineManager.java:finalizeAndDestroyPipeline(309)) - destroying pipeline:Pipeline[ Id: e8069c86-2f93-4ac7-be6d-0ba3e48f3dee, Nodes: bdb17887-013a-4087-af28-f0cb81f209cd{ip: 192.168.36.111, host: trunk-nightly-20190903-kd7j7-2804422064, networkLocation: /default-rack, certSerialId: null}, Type:RATIS, Factor:ONE, State:OPEN]
2019-09-03 05:33:38,081 [EventQueue-StaleNodeForStaleNodeHandler] INFO  pipeline.PipelineStateManager (PipelineStateManager.java:finalizePipeline(123)) - Pipeline Pipeline[ Id: e8069c86-2f93-4ac7-be6d-0ba3e48f3dee, Nodes: bdb17887-013a-4087-af28-f0cb81f209cd{ip: 192.168.36.111, host: trunk-nightly-20190903-kd7j7-2804422064, networkLocation: /default-rack, certSerialId: null}, Type:RATIS, Factor:ONE, State:CLOSED] moved to CLOSED state
2019-09-03 05:33:38,146 [grpc-default-executor-9] WARN  server.GrpcLogAppender (LogUtils.java:warn(134)) - 3e2fd577-5016-4c18-a24a-a8dfce2a89c9->3714cff3-a07e-4f81-85d4-28a9b78918d9: Failed appendEntries: org.apache.ratis.thirdparty.io.grpc.StatusRuntimeException: UNAVAILABLE: io exception
2019-09-03 05:33:38,146 [grpc-default-executor-7] WARN  server.GrpcLogAppender (LogUtils.java:warn(134)) - 3e2fd577-5016-4c18-a24a-a8dfce2a89c9->504f24ee-e757-4027-92cd-9b6d310efdfe: Failed appendEntries: org.apache.ratis.thirdparty.io.grpc.StatusRuntimeException: UNAVAILABLE: io exception
2019-09-03 05:33:38,147 [grpc-default-executor-9] INFO  impl.FollowerInfo (FollowerInfo.java:lambda$new$0(50)) - 3e2fd577-5016-4c18-a24a-a8dfce2a89c9->3714cff3-a07e-4f81-85d4-28a9b78918d9: nextIndex: updateUnconditionally 15 -> 14
2019-09-03 05:33:38,147 [grpc-default-executor-7] INFO  impl.FollowerInfo (FollowerInfo.java:lambda$new$0(50)) - 3e2fd577-5016-4c18-a24a-a8dfce2a89c9->504f24ee-e757-4027-92cd-9b6d310efdfe: nextIndex: updateUnconditionally 15 -> 14
2019-09-03 05:33:38,681 [EventQueue-StaleNodeForStaleNodeHandler] INFO  node.StaleNodeHandler (StaleNodeHandler.java:onMessage(58)) - Datanode 0ad13ca6-799a-4fe2-9b6a-50b87be8609f{ip: 192.168.36.111, host: trunk-nightly-20190903-kd7j7-2804422064, networkLocation: /default-rack, certSerialId: null} moved to stale state. Finalizing its pipelines [PipelineID=a8492f76-982b-4b4c-a87c-96e98d57e3b5]
2019-09-03 05:33:38,682 [EventQueue-StaleNodeForStaleNodeHandler] INFO  pipeline.SCMPipelineManager (SCMPipelineManager.java:finalizeAndDestroyPipeline(309)) - destroying pipeline:Pipeline[ Id: a8492f76-982b-4b4c-a87c-96e98d57e3b5, Nodes: 0ad13ca6-799a-4fe2-9b6a-50b87be8609f{ip: 192.168.36.111, host: trunk-nightly-20190903-kd7j7-2804422064, networkLocation: /default-rack, certSerialId: null}, Type:RATIS, Factor:ONE, State:OPEN]
2019-09-03 05:33:38,682 [EventQueue-StaleNodeForStaleNodeHandler] INFO  pipeline.PipelineStateManager (PipelineStateManager.java:finalizePipeline(123)) - Pipeline Pipeline[ Id: a8492f76-982b-4b4c-a87c-96e98d57e3b5, Nodes: 0ad13ca6-799a-4fe2-9b6a-50b87be8609f{ip: 192.168.36.111, host: trunk-nightly-20190903-kd7j7-2804422064, networkLocation: /default-rack, certSerialId: null}, Type:RATIS, Factor:ONE, State:CLOSED] moved to CLOSED state
2019-09-03 05:33:38,988 [ForkJoinPool.commonPool-worker-1] INFO  ozoneimpl.OzoneContainer (OzoneContainer.java:stop(215)) - Attempting to stop container services.
2019-09-03 05:33:38,989 [ForkJoinPool.commonPool-worker-1] INFO  impl.RaftServerProxy (RaftServerProxy.java:lambda$close$4(314)) - bdb17887-013a-4087-af28-f0cb81f209cd: close
2019-09-03 05:33:38,990 [ForkJoinPool.commonPool-worker-1] INFO  impl.RaftServerImpl (RaftServerImpl.java:lambda$shutdown$3(245)) - bdb17887-013a-4087-af28-f0cb81f209cd: shutdown group-4E40E472B458
2019-09-03 05:33:38,990 [ForkJoinPool.commonPool-worker-1] INFO  util.JmxRegister (JmxRegister.java:unregister(73)) - Successfully un-registered JMX Bean with object name Ratis:service=RaftServer,group=group-4E40E472B458,id=bdb17887-013a-4087-af28-f0cb81f209cd
2019-09-03 05:33:38,990 [ForkJoinPool.commonPool-worker-1] INFO  impl.RoleInfo (RoleInfo.java:shutdownFollowerState(121)) - bdb17887-013a-4087-af28-f0cb81f209cd: shutdown FollowerState
2019-09-03 05:33:38,990 [ForkJoinPool.commonPool-worker-1] INFO  impl.StateMachineUpdater (StateMachineUpdater.java:stopAndJoin(115)) - StateMachineUpdater:bdb17887-013a-4087-af28-f0cb81f209cd:group-4E40E472B458: set stopIndex = 20
2019-09-03 05:33:38,991 [StateMachineUpdater:bdb17887-013a-4087-af28-f0cb81f209cd:group-4E40E472B458] INFO  ratis.ContainerStateMachine (ContainerStateMachine.java:takeSnapshot(284)) - group-4E40E472B458: Taking a snapshot at:(t:4, i:16) file /workdir/hadoop-ozone/integration-test/target/test-dir/MiniOzoneClusterImpl-c64d20cb-122d-47af-9bf2-d2da5c3556a3/datanode-2/data/ratis/5462a4e0-72fa-49a7-bd86-4e40e472b458/sm/snapshot.4_16
2019-09-03 05:33:38,990 [Thread-3562] INFO  impl.FollowerState (FollowerState.java:run(114)) - bdb17887-013a-4087-af28-f0cb81f209cd: FollowerState was interrupted: java.lang.InterruptedException: sleep interrupted
2019-09-03 05:33:38,991 [main] INFO  ozoneimpl.OzoneContainer (OzoneContainer.java:stop(215)) - Attempting to stop container services.
2019-09-03 05:33:38,994 [main] INFO  impl.RaftServerProxy (RaftServerProxy.java:lambda$close$4(314)) - 0ad13ca6-799a-4fe2-9b6a-50b87be8609f: close
2019-09-03 05:33:38,994 [main] INFO  impl.RaftServerImpl (RaftServerImpl.java:lambda$shutdown$3(245)) - 0ad13ca6-799a-4fe2-9b6a-50b87be8609f: shutdown group-96E98D57E3B5
2019-09-03 05:33:38,994 [main] INFO  util.JmxRegister (JmxRegister.java:unregister(73)) - Successfully un-registered JMX Bean with object name Ratis:service=RaftServer,group=group-96E98D57E3B5,id=0ad13ca6-799a-4fe2-9b6a-50b87be8609f
2019-09-03 05:33:38,995 [main] INFO  impl.RoleInfo (RoleInfo.java:shutdownLeaderState(104)) - 0ad13ca6-799a-4fe2-9b6a-50b87be8609f: shutdown LeaderState
2019-09-03 05:33:38,995 [main] INFO  impl.PendingRequests (PendingRequests.java:sendNotLeaderResponses(202)) - 0ad13ca6-799a-4fe2-9b6a-50b87be8609f-PendingRequests: sendNotLeaderResponses
2019-09-03 05:33:38,995 [main] INFO  impl.StateMachineUpdater (StateMachineUpdater.java:stopAndJoin(115)) - StateMachineUpdater:0ad13ca6-799a-4fe2-9b6a-50b87be8609f:group-96E98D57E3B5: set stopIndex = 0
2019-09-03 05:33:38,996 [main] INFO  impl.RaftServerImpl (ServerState.java:close(394)) - 0ad13ca6-799a-4fe2-9b6a-50b87be8609f:group-96E98D57E3B5 closes. The last applied log index is 0
2019-09-03 05:33:38,996 [0ad13ca6-799a-4fe2-9b6a-50b87be8609f-SegmentedRaftLogWorker:Storage Directory /workdir/hadoop-ozone/integration-test/target/test-dir/MiniOzoneClusterImpl-c64d20cb-122d-47af-9bf2-d2da5c3556a3/datanode-6/data/ratis/a8492f76-982b-4b4c-a87c-96e98d57e3b5] INFO  segmented.SegmentedRaftLogWorker (SegmentedRaftLogWorker.java:run(313)) - 0ad13ca6-799a-4fe2-9b6a-50b87be8609f-SegmentedRaftLogWorker:Storage Directory /workdir/hadoop-ozone/integration-test/target/test-dir/MiniOzoneClusterImpl-c64d20cb-122d-47af-9bf2-d2da5c3556a3/datanode-6/data/ratis/a8492f76-982b-4b4c-a87c-96e98d57e3b5 was interrupted, exiting. There are 0 tasks remaining in the queue.
2019-09-03 05:33:38,996 [main] INFO  segmented.SegmentedRaftLogWorker (SegmentedRaftLogWorker.java:close(228)) - 0ad13ca6-799a-4fe2-9b6a-50b87be8609f-SegmentedRaftLogWorker:Storage Directory /workdir/hadoop-ozone/integration-test/target/test-dir/MiniOzoneClusterImpl-c64d20cb-122d-47af-9bf2-d2da5c3556a3/datanode-6/data/ratis/a8492f76-982b-4b4c-a87c-96e98d57e3b5 close()
2019-09-03 05:33:38,999 [main] INFO  server.GrpcService (GrpcService.java:closeImpl(155)) - 0ad13ca6-799a-4fe2-9b6a-50b87be8609f: shutdown server with port 39137 now
2019-09-03 05:33:39,001 [main] INFO  server.GrpcService (GrpcService.java:closeImpl(163)) - 0ad13ca6-799a-4fe2-9b6a-50b87be8609f: shutdown server with port 39137 successfully
2019-09-03 05:33:39,003 [refreshUsed-/workdir/hadoop-ozone/integration-test/target/test-dir/MiniOzoneClusterImpl-c64d20cb-122d-47af-9bf2-d2da5c3556a3/datanode-6/data/containers] WARN  fs.CachingGetSpaceUsed (CachingGetSpaceUsed.java:run(183)) - Thread Interrupted waiting to refresh disk information: sleep interrupted
2019-09-03 05:33:39,007 [StateMachineUpdater:bdb17887-013a-4087-af28-f0cb81f209cd:group-4E40E472B458] INFO  ratis.ContainerStateMachine (ContainerStateMachine.java:takeSnapshot(295)) - group-4E40E472B458: Finished taking a snapshot at:(t:4, i:16) file:/workdir/hadoop-ozone/integration-test/target/test-dir/MiniOzoneClusterImpl-c64d20cb-122d-47af-9bf2-d2da5c3556a3/datanode-2/data/ratis/5462a4e0-72fa-49a7-bd86-4e40e472b458/sm/snapshot.4_16 time:16
2019-09-03 05:33:39,007 [StateMachineUpdater:bdb17887-013a-4087-af28-f0cb81f209cd:group-4E40E472B458] INFO  impl.StateMachineUpdater (StateMachineUpdater.java:takeSnapshot(242)) - StateMachineUpdater:bdb17887-013a-4087-af28-f0cb81f209cd:group-4E40E472B458: Took a snapshot at index 16
2019-09-03 05:33:39,007 [StateMachineUpdater:bdb17887-013a-4087-af28-f0cb81f209cd:group-4E40E472B458] INFO  impl.StateMachineUpdater (StateMachineUpdater.java:lambda$new$0(80)) - StateMachineUpdater:bdb17887-013a-4087-af28-f0cb81f209cd:group-4E40E472B458: snapshotIndex: updateIncreasingly -1 -> 16
2019-09-03 05:33:39,007 [ForkJoinPool.commonPool-worker-1] INFO  impl.RaftServerImpl (ServerState.java:close(394)) - bdb17887-013a-4087-af28-f0cb81f209cd:group-4E40E472B458 closes. The last applied log index is 20
2019-09-03 05:33:39,008 [bdb17887-013a-4087-af28-f0cb81f209cd-SegmentedRaftLogWorker:Storage Directory /workdir/hadoop-ozone/integration-test/target/test-dir/MiniOzoneClusterImpl-c64d20cb-122d-47af-9bf2-d2da5c3556a3/datanode-2/data/ratis/5462a4e0-72fa-49a7-bd86-4e40e472b458] INFO  segmented.SegmentedRaftLogWorker (SegmentedRaftLogWorker.java:run(313)) - bdb17887-013a-4087-af28-f0cb81f209cd-SegmentedRaftLogWorker:Storage Directory /workdir/hadoop-ozone/integration-test/target/test-dir/MiniOzoneClusterImpl-c64d20cb-122d-47af-9bf2-d2da5c3556a3/datanode-2/data/ratis/5462a4e0-72fa-49a7-bd86-4e40e472b458 was interrupted, exiting. There are 0 tasks remaining in the queue.
2019-09-03 05:33:39,010 [ForkJoinPool.commonPool-worker-1] INFO  segmented.SegmentedRaftLogWorker (SegmentedRaftLogWorker.java:close(228)) - bdb17887-013a-4087-af28-f0cb81f209cd-SegmentedRaftLogWorker:Storage Directory /workdir/hadoop-ozone/integration-test/target/test-dir/MiniOzoneClusterImpl-c64d20cb-122d-47af-9bf2-d2da5c3556a3/datanode-2/data/ratis/5462a4e0-72fa-49a7-bd86-4e40e472b458 close()
2019-09-03 05:33:39,011 [ForkJoinPool.commonPool-worker-1] INFO  impl.RaftServerImpl (RaftServerImpl.java:lambda$shutdown$3(245)) - bdb17887-013a-4087-af28-f0cb81f209cd: shutdown group-0BA3E48F3DEE
2019-09-03 05:33:39,012 [ForkJoinPool.commonPool-worker-1] INFO  util.JmxRegister (JmxRegister.java:unregister(73)) - Successfully un-registered JMX Bean with object name Ratis:service=RaftServer,group=group-0BA3E48F3DEE,id=bdb17887-013a-4087-af28-f0cb81f209cd
2019-09-03 05:33:39,012 [ForkJoinPool.commonPool-worker-1] INFO  impl.RoleInfo (RoleInfo.java:shutdownLeaderState(104)) - bdb17887-013a-4087-af28-f0cb81f209cd: shutdown LeaderState
2019-09-03 05:33:39,012 [ForkJoinPool.commonPool-worker-1] INFO  impl.PendingRequests (PendingRequests.java:sendNotLeaderResponses(202)) - bdb17887-013a-4087-af28-f0cb81f209cd-PendingRequests: sendNotLeaderResponses
2019-09-03 05:33:39,013 [ForkJoinPool.commonPool-worker-1] INFO  impl.StateMachineUpdater (StateMachineUpdater.java:stopAndJoin(115)) - StateMachineUpdater:bdb17887-013a-4087-af28-f0cb81f209cd:group-0BA3E48F3DEE: set stopIndex = 0
2019-09-03 05:33:39,013 [ForkJoinPool.commonPool-worker-1] INFO  impl.RaftServerImpl (ServerState.java:close(394)) - bdb17887-013a-4087-af28-f0cb81f209cd:group-0BA3E48F3DEE closes. The last applied log index is 0
2019-09-03 05:33:39,013 [bdb17887-013a-4087-af28-f0cb81f209cd-SegmentedRaftLogWorker:Storage Directory /workdir/hadoop-ozone/integration-test/target/test-dir/MiniOzoneClusterImpl-c64d20cb-122d-47af-9bf2-d2da5c3556a3/datanode-2/data/ratis/e8069c86-2f93-4ac7-be6d-0ba3e48f3dee] INFO  segmented.SegmentedRaftLogWorker (SegmentedRaftLogWorker.java:run(313)) - bdb17887-013a-4087-af28-f0cb81f209cd-SegmentedRaftLogWorker:Storage Directory /workdir/hadoop-ozone/integration-test/target/test-dir/MiniOzoneClusterImpl-c64d20cb-122d-47af-9bf2-d2da5c3556a3/datanode-2/data/ratis/e8069c86-2f93-4ac7-be6d-0ba3e48f3dee was interrupted, exiting. There are 0 tasks remaining in the queue.
2019-09-03 05:33:39,013 [ForkJoinPool.commonPool-worker-1] INFO  segmented.SegmentedRaftLogWorker (SegmentedRaftLogWorker.java:close(228)) - bdb17887-013a-4087-af28-f0cb81f209cd-SegmentedRaftLogWorker:Storage Directory /workdir/hadoop-ozone/integration-test/target/test-dir/MiniOzoneClusterImpl-c64d20cb-122d-47af-9bf2-d2da5c3556a3/datanode-2/data/ratis/e8069c86-2f93-4ac7-be6d-0ba3e48f3dee close()
2019-09-03 05:33:39,015 [ForkJoinPool.commonPool-worker-1] INFO  server.GrpcService (GrpcService.java:closeImpl(155)) - bdb17887-013a-4087-af28-f0cb81f209cd: shutdown server with port 35112 now
2019-09-03 05:33:39,016 [grpc-default-executor-9] WARN  server.GrpcServerProtocolService (LogUtils.java:warn(134)) - bdb17887-013a-4087-af28-f0cb81f209cd: appendEntries onError: org.apache.ratis.thirdparty.io.grpc.StatusRuntimeException: CANCELLED: cancelled before receiving half close
2019-09-03 05:33:39,016 [ForkJoinPool.commonPool-worker-1] INFO  server.GrpcService (GrpcService.java:closeImpl(163)) - bdb17887-013a-4087-af28-f0cb81f209cd: shutdown server with port 35112 successfully
2019-09-03 05:33:39,016 [grpc-default-executor-11] WARN  server.GrpcLogAppender (LogUtils.java:warn(134)) - fb4443fd-5719-4a39-bdba-b2bf0c721de4->bdb17887-013a-4087-af28-f0cb81f209cd: Failed appendEntries: org.apache.ratis.thirdparty.io.grpc.StatusRuntimeException: CANCELLED: HTTP/2 error code: CANCEL
Received Rst Stream
2019-09-03 05:33:39,017 [grpc-default-executor-11] INFO  impl.FollowerInfo (FollowerInfo.java:lambda$new$0(50)) - fb4443fd-5719-4a39-bdba-b2bf0c721de4->bdb17887-013a-4087-af28-f0cb81f209cd: nextIndex: updateUnconditionally 21 -> 20
2019-09-03 05:33:39,018 [refreshUsed-/workdir/hadoop-ozone/integration-test/target/test-dir/MiniOzoneClusterImpl-c64d20cb-122d-47af-9bf2-d2da5c3556a3/datanode-2/data/containers] WARN  fs.CachingGetSpaceUsed (CachingGetSpaceUsed.java:run(183)) - Thread Interrupted waiting to refresh disk information: sleep interrupted
2019-09-03 05:33:39,032 [main] INFO  utils.BackgroundService (BackgroundService.java:shutdown(148)) - Shutting down service BlockDeletingService
2019-09-03 05:33:39,037 [main] INFO  statemachine.DatanodeStateMachine (DatanodeStateMachine.java:stopDaemon(395)) - Ozone container server stopped.
2019-09-03 05:33:39,039 [main] INFO  handler.ContextHandler (ContextHandler.java:doStop(910)) - Stopped o.e.j.w.WebAppContext@454bcbbf{/,null,UNAVAILABLE}{/hddsDatanode}
2019-09-03 05:33:39,041 [main] INFO  server.AbstractConnector (AbstractConnector.java:doStop(318)) - Stopped ServerConnector@2c9fdb64{HTTP/1.1,[http/1.1]}{0.0.0.0:0}
2019-09-03 05:33:39,042 [main] INFO  handler.ContextHandler (ContextHandler.java:doStop(910)) - Stopped o.e.j.s.ServletContextHandler@6aea99e7{/static,jar:file:/home/user/.m2/repository/org/apache/hadoop/hadoop-hdds-container-service/0.5.0-SNAPSHOT/hadoop-hdds-container-service-0.5.0-SNAPSHOT.jar!/webapps/static,UNAVAILABLE}
2019-09-03 05:33:39,042 [main] INFO  handler.ContextHandler (ContextHandler.java:doStop(910)) - Stopped o.e.j.s.ServletContextHandler@284990de{/logs,file:///workdir/hadoop-ozone/integration-test/target/log,UNAVAILABLE}
2019-09-03 05:33:39,046 [ForkJoinPool.commonPool-worker-1] INFO  utils.BackgroundService (BackgroundService.java:shutdown(148)) - Shutting down service BlockDeletingService
2019-09-03 05:33:39,050 [ForkJoinPool.commonPool-worker-1] INFO  statemachine.DatanodeStateMachine (DatanodeStateMachine.java:stopDaemon(395)) - Ozone container server stopped.
2019-09-03 05:33:39,055 [ForkJoinPool.commonPool-worker-1] INFO  handler.ContextHandler (ContextHandler.java:doStop(910)) - Stopped o.e.j.w.WebAppContext@5ec9eefa{/,null,UNAVAILABLE}{/hddsDatanode}
2019-09-03 05:33:39,055 [ForkJoinPool.commonPool-worker-1] INFO  server.AbstractConnector (AbstractConnector.java:doStop(318)) - Stopped ServerConnector@28b8f98a{HTTP/1.1,[http/1.1]}{0.0.0.0:0}
2019-09-03 05:33:39,057 [ForkJoinPool.commonPool-worker-1] INFO  handler.ContextHandler (ContextHandler.java:doStop(910)) - Stopped o.e.j.s.ServletContextHandler@55361f03{/static,jar:file:/home/user/.m2/repository/org/apache/hadoop/hadoop-hdds-container-service/0.5.0-SNAPSHOT/hadoop-hdds-container-service-0.5.0-SNAPSHOT.jar!/webapps/static,UNAVAILABLE}
2019-09-03 05:33:39,058 [ForkJoinPool.commonPool-worker-1] INFO  handler.ContextHandler (ContextHandler.java:doStop(910)) - Stopped o.e.j.s.ServletContextHandler@2bec068b{/logs,file:///workdir/hadoop-ozone/integration-test/target/log,UNAVAILABLE}
2019-09-03 05:33:39,644 [Datanode State Machine Thread - 0] INFO  statemachine.DatanodeStateMachine (DatanodeStateMachine.java:lambda$startDaemon$0(350)) - Ozone container server started.
2019-09-03 05:33:40,023 [Datanode State Machine Thread - 0] INFO  statemachine.DatanodeStateMachine (DatanodeStateMachine.java:lambda$startDaemon$0(350)) - Ozone container server started.
2019-09-03 05:33:40,224 [grpc-default-executor-7] WARN  server.GrpcLogAppender (LogUtils.java:warn(134)) - fb4443fd-5719-4a39-bdba-b2bf0c721de4->50dc8b30-d557-42ae-aab0-254bd5a1602a: Failed appendEntries: org.apache.ratis.thirdparty.io.grpc.StatusRuntimeException: UNAVAILABLE: io exception
2019-09-03 05:33:40,225 [grpc-default-executor-7] INFO  impl.FollowerInfo (FollowerInfo.java:lambda$new$0(50)) - fb4443fd-5719-4a39-bdba-b2bf0c721de4->50dc8b30-d557-42ae-aab0-254bd5a1602a: nextIndex: updateUnconditionally 0 -> 0
2019-09-03 05:33:40,229 [grpc-default-executor-11] WARN  server.GrpcLogAppender (LogUtils.java:warn(134)) - fb4443fd-5719-4a39-bdba-b2bf0c721de4->bdb17887-013a-4087-af28-f0cb81f209cd: Failed appendEntries: org.apache.ratis.thirdparty.io.grpc.StatusRuntimeException: UNAVAILABLE: io exception
2019-09-03 05:33:40,229 [grpc-default-executor-11] INFO  impl.FollowerInfo (FollowerInfo.java:lambda$new$0(50)) - fb4443fd-5719-4a39-bdba-b2bf0c721de4->bdb17887-013a-4087-af28-f0cb81f209cd: nextIndex: updateUnconditionally 20 -> 19
2019-09-03 05:33:40,647 [grpc-default-executor-11] WARN  server.GrpcLogAppender (LogUtils.java:warn(134)) - 3e2fd577-5016-4c18-a24a-a8dfce2a89c9->504f24ee-e757-4027-92cd-9b6d310efdfe: Failed appendEntries: org.apache.ratis.thirdparty.io.grpc.StatusRuntimeException: UNAVAILABLE: io exception
2019-09-03 05:33:40,647 [grpc-default-executor-10] WARN  server.GrpcLogAppender (LogUtils.java:warn(134)) - 3e2fd577-5016-4c18-a24a-a8dfce2a89c9->3714cff3-a07e-4f81-85d4-28a9b78918d9: Failed appendEntries: org.apache.ratis.thirdparty.io.grpc.StatusRuntimeException: UNAVAILABLE: io exception
2019-09-03 05:33:40,647 [grpc-default-executor-11] INFO  impl.FollowerInfo (FollowerInfo.java:lambda$new$0(50)) - 3e2fd577-5016-4c18-a24a-a8dfce2a89c9->504f24ee-e757-4027-92cd-9b6d310efdfe: nextIndex: updateUnconditionally 14 -> 13
2019-09-03 05:33:40,647 [grpc-default-executor-10] INFO  impl.FollowerInfo (FollowerInfo.java:lambda$new$0(50)) - 3e2fd577-5016-4c18-a24a-a8dfce2a89c9->3714cff3-a07e-4f81-85d4-28a9b78918d9: nextIndex: updateUnconditionally 14 -> 13
2019-09-03 05:33:42,725 [grpc-default-executor-10] WARN  server.GrpcLogAppender (LogUtils.java:warn(134)) - fb4443fd-5719-4a39-bdba-b2bf0c721de4->50dc8b30-d557-42ae-aab0-254bd5a1602a: Failed appendEntries: org.apache.ratis.thirdparty.io.grpc.StatusRuntimeException: UNAVAILABLE: io exception
2019-09-03 05:33:42,725 [grpc-default-executor-10] INFO  impl.FollowerInfo (FollowerInfo.java:lambda$new$0(50)) - fb4443fd-5719-4a39-bdba-b2bf0c721de4->50dc8b30-d557-42ae-aab0-254bd5a1602a: nextIndex: updateUnconditionally 0 -> 0
2019-09-03 05:33:42,729 [grpc-default-executor-9] WARN  server.GrpcLogAppender (LogUtils.java:warn(134)) - fb4443fd-5719-4a39-bdba-b2bf0c721de4->bdb17887-013a-4087-af28-f0cb81f209cd: Failed appendEntries: org.apache.ratis.thirdparty.io.grpc.StatusRuntimeException: UNAVAILABLE: io exception
2019-09-03 05:33:42,730 [grpc-default-executor-9] INFO  impl.FollowerInfo (FollowerInfo.java:lambda$new$0(50)) - fb4443fd-5719-4a39-bdba-b2bf0c721de4->bdb17887-013a-4087-af28-f0cb81f209cd: nextIndex: updateUnconditionally 19 -> 18
2019-09-03 05:33:43,147 [grpc-default-executor-10] WARN  server.GrpcLogAppender (LogUtils.java:warn(134)) - 3e2fd577-5016-4c18-a24a-a8dfce2a89c9->504f24ee-e757-4027-92cd-9b6d310efdfe: Failed appendEntries: org.apache.ratis.thirdparty.io.grpc.StatusRuntimeException: UNAVAILABLE: io exception
2019-09-03 05:33:43,147 [grpc-default-executor-3] WARN  server.GrpcLogAppender (LogUtils.java:warn(134)) - 3e2fd577-5016-4c18-a24a-a8dfce2a89c9->3714cff3-a07e-4f81-85d4-28a9b78918d9: Failed appendEntries: org.apache.ratis.thirdparty.io.grpc.StatusRuntimeException: UNAVAILABLE: io exception
2019-09-03 05:33:43,148 [grpc-default-executor-10] INFO  impl.FollowerInfo (FollowerInfo.java:lambda$new$0(50)) - 3e2fd577-5016-4c18-a24a-a8dfce2a89c9->504f24ee-e757-4027-92cd-9b6d310efdfe: nextIndex: updateUnconditionally 13 -> 12
2019-09-03 05:33:43,148 [grpc-default-executor-3] INFO  impl.FollowerInfo (FollowerInfo.java:lambda$new$0(50)) - 3e2fd577-5016-4c18-a24a-a8dfce2a89c9->3714cff3-a07e-4f81-85d4-28a9b78918d9: nextIndex: updateUnconditionally 13 -> 12
2019-09-03 05:33:43,688 [EventQueue-StaleNodeForStaleNodeHandler] INFO  node.StaleNodeHandler (StaleNodeHandler.java:onMessage(58)) - Datanode 3e2fd577-5016-4c18-a24a-a8dfce2a89c9{ip: 192.168.36.111, host: trunk-nightly-20190903-kd7j7-2804422064, networkLocation: /default-rack, certSerialId: null} moved to stale state. Finalizing its pipelines [PipelineID=44e6929f-33c8-4194-a8dd-06bc5cf400a7, PipelineID=57bec98f-3362-41f4-9e01-253df9cf2dca]
2019-09-03 05:33:43,689 [EventQueue-StaleNodeForStaleNodeHandler] INFO  pipeline.SCMPipelineManager (SCMPipelineManager.java:finalizeAndDestroyPipeline(309)) - destroying pipeline:Pipeline[ Id: 44e6929f-33c8-4194-a8dd-06bc5cf400a7, Nodes: 3e2fd577-5016-4c18-a24a-a8dfce2a89c9{ip: 192.168.36.111, host: trunk-nightly-20190903-kd7j7-2804422064, networkLocation: /default-rack, certSerialId: null}, Type:RATIS, Factor:ONE, State:OPEN]
2019-09-03 05:33:43,689 [EventQueue-StaleNodeForStaleNodeHandler] INFO  pipeline.PipelineStateManager (PipelineStateManager.java:finalizePipeline(123)) - Pipeline Pipeline[ Id: 44e6929f-33c8-4194-a8dd-06bc5cf400a7, Nodes: 3e2fd577-5016-4c18-a24a-a8dfce2a89c9{ip: 192.168.36.111, host: trunk-nightly-20190903-kd7j7-2804422064, networkLocation: /default-rack, certSerialId: null}, Type:RATIS, Factor:ONE, State:CLOSED] moved to CLOSED state
2019-09-03 05:33:43,689 [EventQueue-StaleNodeForStaleNodeHandler] INFO  pipeline.SCMPipelineManager (SCMPipelineManager.java:finalizeAndDestroyPipeline(309)) - destroying pipeline:Pipeline[ Id: 57bec98f-3362-41f4-9e01-253df9cf2dca, Nodes: 3e2fd577-5016-4c18-a24a-a8dfce2a89c9{ip: 192.168.36.111, host: trunk-nightly-20190903-kd7j7-2804422064, networkLocation: /default-rack, certSerialId: null}504f24ee-e757-4027-92cd-9b6d310efdfe{ip: 192.168.36.111, host: trunk-nightly-20190903-kd7j7-2804422064, networkLocation: /default-rack, certSerialId: null}3714cff3-a07e-4f81-85d4-28a9b78918d9{ip: 192.168.36.111, host: trunk-nightly-20190903-kd7j7-2804422064, networkLocation: /default-rack, certSerialId: null}, Type:RATIS, Factor:THREE, State:CLOSED]
2019-09-03 05:33:44,044 [main] INFO  ozoneimpl.OzoneContainer (OzoneContainer.java:stop(215)) - Attempting to stop container services.
2019-09-03 05:33:44,045 [main] INFO  impl.RaftServerProxy (RaftServerProxy.java:lambda$close$4(314)) - fb4443fd-5719-4a39-bdba-b2bf0c721de4: close
2019-09-03 05:33:44,046 [main] INFO  impl.RaftServerImpl (RaftServerImpl.java:lambda$shutdown$3(245)) - fb4443fd-5719-4a39-bdba-b2bf0c721de4: shutdown group-4E40E472B458
2019-09-03 05:33:44,046 [main] INFO  util.JmxRegister (JmxRegister.java:unregister(73)) - Successfully un-registered JMX Bean with object name Ratis:service=RaftServer,group=group-4E40E472B458,id=fb4443fd-5719-4a39-bdba-b2bf0c721de4
2019-09-03 05:33:44,047 [main] INFO  impl.RoleInfo (RoleInfo.java:shutdownLeaderState(104)) - fb4443fd-5719-4a39-bdba-b2bf0c721de4: shutdown LeaderState
2019-09-03 05:33:44,050 [org.apache.ratis.server.impl.LogAppender$AppenderDaemon$$Lambda$523/1816514103@4d806b73] WARN  server.GrpcLogAppender (GrpcLogAppender.java:mayWait(143)) - GrpcLogAppender(fb4443fd-5719-4a39-bdba-b2bf0c721de4->bdb17887-013a-4087-af28-f0cb81f209cd): Wait interrupted by java.lang.InterruptedException
2019-09-03 05:33:44,050 [main] INFO  impl.PendingRequests (PendingRequests.java:sendNotLeaderResponses(202)) - fb4443fd-5719-4a39-bdba-b2bf0c721de4-PendingRequests: sendNotLeaderResponses
2019-09-03 05:33:44,050 [org.apache.ratis.server.impl.LogAppender$AppenderDaemon$$Lambda$523/1816514103@781997f5] WARN  server.GrpcLogAppender (GrpcLogAppender.java:mayWait(143)) - GrpcLogAppender(fb4443fd-5719-4a39-bdba-b2bf0c721de4->50dc8b30-d557-42ae-aab0-254bd5a1602a): Wait interrupted by java.lang.InterruptedException
2019-09-03 05:33:44,051 [main] INFO  impl.StateMachineUpdater (StateMachineUpdater.java:stopAndJoin(115)) - StateMachineUpdater:fb4443fd-5719-4a39-bdba-b2bf0c721de4:group-4E40E472B458: set stopIndex = 20
2019-09-03 05:33:44,051 [StateMachineUpdater:fb4443fd-5719-4a39-bdba-b2bf0c721de4:group-4E40E472B458] INFO  ratis.ContainerStateMachine (ContainerStateMachine.java:takeSnapshot(284)) - group-4E40E472B458: Taking a snapshot at:(t:4, i:16) file /workdir/hadoop-ozone/integration-test/target/test-dir/MiniOzoneClusterImpl-c64d20cb-122d-47af-9bf2-d2da5c3556a3/datanode-5/data/ratis/5462a4e0-72fa-49a7-bd86-4e40e472b458/sm/snapshot.4_16
2019-09-03 05:33:44,060 [ForkJoinPool.commonPool-worker-1] INFO  ozoneimpl.OzoneContainer (OzoneContainer.java:stop(215)) - Attempting to stop container services.
2019-09-03 05:33:44,060 [Command processor thread] ERROR commandhandler.CloseContainerCommandHandler (CloseContainerCommandHandler.java:handle(124)) - Can't close container #2
java.io.IOException
	at org.apache.hadoop.ozone.container.common.transport.server.ratis.XceiverServerRatis.submitRequest(XceiverServerRatis.java:484)
	at org.apache.hadoop.ozone.container.common.statemachine.commandhandler.CloseContainerCommandHandler.handle(CloseContainerCommandHandler.java:109)
	at org.apache.hadoop.ozone.container.common.statemachine.commandhandler.CommandDispatcher.handle(CommandDispatcher.java:99)
	at org.apache.hadoop.ozone.container.common.statemachine.DatanodeStateMachine.lambda$initCommandHandlerThread$1(DatanodeStateMachine.java:432)
	at java.lang.Thread.run(Thread.java:748)
Caused by: java.lang.InterruptedException
	at java.util.concurrent.CompletableFuture.reportGet(CompletableFuture.java:347)
	at java.util.concurrent.CompletableFuture.get(CompletableFuture.java:1895)
	at org.apache.hadoop.ozone.container.common.transport.server.ratis.XceiverServerRatis.submitRequest(XceiverServerRatis.java:482)
	... 4 more
2019-09-03 05:33:44,061 [ForkJoinPool.commonPool-worker-1] INFO  impl.RaftServerProxy (RaftServerProxy.java:lambda$close$4(314)) - 3e2fd577-5016-4c18-a24a-a8dfce2a89c9: close
2019-09-03 05:33:44,062 [ForkJoinPool.commonPool-worker-1] INFO  impl.RaftServerImpl (RaftServerImpl.java:lambda$shutdown$3(245)) - 3e2fd577-5016-4c18-a24a-a8dfce2a89c9: shutdown group-06BC5CF400A7
2019-09-03 05:33:44,062 [ForkJoinPool.commonPool-worker-1] INFO  util.JmxRegister (JmxRegister.java:unregister(73)) - Successfully un-registered JMX Bean with object name Ratis:service=RaftServer,group=group-06BC5CF400A7,id=3e2fd577-5016-4c18-a24a-a8dfce2a89c9
2019-09-03 05:33:44,062 [ForkJoinPool.commonPool-worker-1] INFO  impl.RoleInfo (RoleInfo.java:shutdownLeaderState(104)) - 3e2fd577-5016-4c18-a24a-a8dfce2a89c9: shutdown LeaderState
2019-09-03 05:33:44,063 [ForkJoinPool.commonPool-worker-1] INFO  impl.PendingRequests (PendingRequests.java:sendNotLeaderResponses(202)) - 3e2fd577-5016-4c18-a24a-a8dfce2a89c9-PendingRequests: sendNotLeaderResponses
2019-09-03 05:33:44,063 [ForkJoinPool.commonPool-worker-1] INFO  impl.StateMachineUpdater (StateMachineUpdater.java:stopAndJoin(115)) - StateMachineUpdater:3e2fd577-5016-4c18-a24a-a8dfce2a89c9:group-06BC5CF400A7: set stopIndex = 0
2019-09-03 05:33:44,063 [ForkJoinPool.commonPool-worker-1] INFO  impl.RaftServerImpl (ServerState.java:close(394)) - 3e2fd577-5016-4c18-a24a-a8dfce2a89c9:group-06BC5CF400A7 closes. The last applied log index is 0
2019-09-03 05:33:44,064 [3e2fd577-5016-4c18-a24a-a8dfce2a89c9-SegmentedRaftLogWorker:Storage Directory /workdir/hadoop-ozone/integration-test/target/test-dir/MiniOzoneClusterImpl-c64d20cb-122d-47af-9bf2-d2da5c3556a3/datanode-0/data/ratis/44e6929f-33c8-4194-a8dd-06bc5cf400a7] INFO  segmented.SegmentedRaftLogWorker (SegmentedRaftLogWorker.java:run(313)) - 3e2fd577-5016-4c18-a24a-a8dfce2a89c9-SegmentedRaftLogWorker:Storage Directory /workdir/hadoop-ozone/integration-test/target/test-dir/MiniOzoneClusterImpl-c64d20cb-122d-47af-9bf2-d2da5c3556a3/datanode-0/data/ratis/44e6929f-33c8-4194-a8dd-06bc5cf400a7 was interrupted, exiting. There are 0 tasks remaining in the queue.
2019-09-03 05:33:44,064 [ForkJoinPool.commonPool-worker-1] INFO  segmented.SegmentedRaftLogWorker (SegmentedRaftLogWorker.java:close(228)) - 3e2fd577-5016-4c18-a24a-a8dfce2a89c9-SegmentedRaftLogWorker:Storage Directory /workdir/hadoop-ozone/integration-test/target/test-dir/MiniOzoneClusterImpl-c64d20cb-122d-47af-9bf2-d2da5c3556a3/datanode-0/data/ratis/44e6929f-33c8-4194-a8dd-06bc5cf400a7 close()
2019-09-03 05:33:44,064 [StateMachineUpdater:fb4443fd-5719-4a39-bdba-b2bf0c721de4:group-4E40E472B458] INFO  ratis.ContainerStateMachine (ContainerStateMachine.java:takeSnapshot(295)) - group-4E40E472B458: Finished taking a snapshot at:(t:4, i:16) file:/workdir/hadoop-ozone/integration-test/target/test-dir/MiniOzoneClusterImpl-c64d20cb-122d-47af-9bf2-d2da5c3556a3/datanode-5/data/ratis/5462a4e0-72fa-49a7-bd86-4e40e472b458/sm/snapshot.4_16 time:14
2019-09-03 05:33:44,066 [StateMachineUpdater:fb4443fd-5719-4a39-bdba-b2bf0c721de4:group-4E40E472B458] INFO  impl.StateMachineUpdater (StateMachineUpdater.java:takeSnapshot(242)) - StateMachineUpdater:fb4443fd-5719-4a39-bdba-b2bf0c721de4:group-4E40E472B458: Took a snapshot at index 16
2019-09-03 05:33:44,066 [ForkJoinPool.commonPool-worker-1] INFO  impl.RaftServerImpl (RaftServerImpl.java:lambda$shutdown$3(245)) - 3e2fd577-5016-4c18-a24a-a8dfce2a89c9: shutdown group-253DF9CF2DCA
2019-09-03 05:33:44,066 [StateMachineUpdater:fb4443fd-5719-4a39-bdba-b2bf0c721de4:group-4E40E472B458] INFO  impl.StateMachineUpdater (StateMachineUpdater.java:lambda$new$0(80)) - StateMachineUpdater:fb4443fd-5719-4a39-bdba-b2bf0c721de4:group-4E40E472B458: snapshotIndex: updateIncreasingly -1 -> 16
2019-09-03 05:33:44,066 [ForkJoinPool.commonPool-worker-1] INFO  util.JmxRegister (JmxRegister.java:unregister(73)) - Successfully un-registered JMX Bean with object name Ratis:service=RaftServer,group=group-253DF9CF2DCA,id=3e2fd577-5016-4c18-a24a-a8dfce2a89c9
2019-09-03 05:33:44,067 [ForkJoinPool.commonPool-worker-1] INFO  impl.RoleInfo (RoleInfo.java:shutdownLeaderState(104)) - 3e2fd577-5016-4c18-a24a-a8dfce2a89c9: shutdown LeaderState
2019-09-03 05:33:44,066 [main] INFO  impl.RaftServerImpl (ServerState.java:close(394)) - fb4443fd-5719-4a39-bdba-b2bf0c721de4:group-4E40E472B458 closes. The last applied log index is 20
2019-09-03 05:33:44,069 [org.apache.ratis.server.impl.LogAppender$AppenderDaemon$$Lambda$523/1816514103@3e8d95e1] WARN  server.GrpcLogAppender (GrpcLogAppender.java:mayWait(143)) - GrpcLogAppender(3e2fd577-5016-4c18-a24a-a8dfce2a89c9->504f24ee-e757-4027-92cd-9b6d310efdfe): Wait interrupted by java.lang.InterruptedException
2019-09-03 05:33:44,069 [ForkJoinPool.commonPool-worker-1] INFO  impl.PendingRequests (PendingRequests.java:sendNotLeaderResponses(202)) - 3e2fd577-5016-4c18-a24a-a8dfce2a89c9-PendingRequests: sendNotLeaderResponses
2019-09-03 05:33:44,069 [org.apache.ratis.server.impl.LogAppender$AppenderDaemon$$Lambda$523/1816514103@7b8f14f4] WARN  server.GrpcLogAppender (GrpcLogAppender.java:mayWait(143)) - GrpcLogAppender(3e2fd577-5016-4c18-a24a-a8dfce2a89c9->3714cff3-a07e-4f81-85d4-28a9b78918d9): Wait interrupted by java.lang.InterruptedException
2019-09-03 05:33:44,069 [fb4443fd-5719-4a39-bdba-b2bf0c721de4-SegmentedRaftLogWorker:Storage Directory /workdir/hadoop-ozone/integration-test/target/test-dir/MiniOzoneClusterImpl-c64d20cb-122d-47af-9bf2-d2da5c3556a3/datanode-5/data/ratis/5462a4e0-72fa-49a7-bd86-4e40e472b458] INFO  segmented.SegmentedRaftLogWorker (SegmentedRaftLogWorker.java:run(313)) - fb4443fd-5719-4a39-bdba-b2bf0c721de4-SegmentedRaftLogWorker:Storage Directory /workdir/hadoop-ozone/integration-test/target/test-dir/MiniOzoneClusterImpl-c64d20cb-122d-47af-9bf2-d2da5c3556a3/datanode-5/data/ratis/5462a4e0-72fa-49a7-bd86-4e40e472b458 was interrupted, exiting. There are 0 tasks remaining in the queue.
2019-09-03 05:33:44,072 [ForkJoinPool.commonPool-worker-1] INFO  impl.StateMachineUpdater (StateMachineUpdater.java:stopAndJoin(115)) - StateMachineUpdater:3e2fd577-5016-4c18-a24a-a8dfce2a89c9:group-253DF9CF2DCA: set stopIndex = 15
2019-09-03 05:33:44,073 [main] INFO  segmented.SegmentedRaftLogWorker (SegmentedRaftLogWorker.java:close(228)) - fb4443fd-5719-4a39-bdba-b2bf0c721de4-SegmentedRaftLogWorker:Storage Directory /workdir/hadoop-ozone/integration-test/target/test-dir/MiniOzoneClusterImpl-c64d20cb-122d-47af-9bf2-d2da5c3556a3/datanode-5/data/ratis/5462a4e0-72fa-49a7-bd86-4e40e472b458 close()
2019-09-03 05:33:44,072 [StateMachineUpdater:3e2fd577-5016-4c18-a24a-a8dfce2a89c9:group-253DF9CF2DCA] INFO  ratis.ContainerStateMachine (ContainerStateMachine.java:takeSnapshot(284)) - group-253DF9CF2DCA: Taking a snapshot at:(t:4, i:13) file /workdir/hadoop-ozone/integration-test/target/test-dir/MiniOzoneClusterImpl-c64d20cb-122d-47af-9bf2-d2da5c3556a3/datanode-0/data/ratis/57bec98f-3362-41f4-9e01-253df9cf2dca/sm/snapshot.4_13
2019-09-03 05:33:44,075 [main] INFO  impl.RaftServerImpl (RaftServerImpl.java:lambda$shutdown$3(245)) - fb4443fd-5719-4a39-bdba-b2bf0c721de4: shutdown group-D714B16F4822
2019-09-03 05:33:44,076 [main] INFO  util.JmxRegister (JmxRegister.java:unregister(73)) - Successfully un-registered JMX Bean with object name Ratis:service=RaftServer,group=group-D714B16F4822,id=fb4443fd-5719-4a39-bdba-b2bf0c721de4
2019-09-03 05:33:44,076 [main] INFO  impl.RoleInfo (RoleInfo.java:shutdownLeaderState(104)) - fb4443fd-5719-4a39-bdba-b2bf0c721de4: shutdown LeaderState
2019-09-03 05:33:44,077 [main] INFO  impl.PendingRequests (PendingRequests.java:sendNotLeaderResponses(202)) - fb4443fd-5719-4a39-bdba-b2bf0c721de4-PendingRequests: sendNotLeaderResponses
2019-09-03 05:33:44,077 [main] INFO  impl.StateMachineUpdater (StateMachineUpdater.java:stopAndJoin(115)) - StateMachineUpdater:fb4443fd-5719-4a39-bdba-b2bf0c721de4:group-D714B16F4822: set stopIndex = 0
2019-09-03 05:33:44,078 [main] INFO  impl.RaftServerImpl (ServerState.java:close(394)) - fb4443fd-5719-4a39-bdba-b2bf0c721de4:group-D714B16F4822 closes. The last applied log index is 0
2019-09-03 05:33:44,078 [fb4443fd-5719-4a39-bdba-b2bf0c721de4-SegmentedRaftLogWorker:Storage Directory /workdir/hadoop-ozone/integration-test/target/test-dir/MiniOzoneClusterImpl-c64d20cb-122d-47af-9bf2-d2da5c3556a3/datanode-5/data/ratis/1add0d25-0d86-4cb5-aaec-d714b16f4822] INFO  segmented.SegmentedRaftLogWorker (SegmentedRaftLogWorker.java:run(313)) - fb4443fd-5719-4a39-bdba-b2bf0c721de4-SegmentedRaftLogWorker:Storage Directory /workdir/hadoop-ozone/integration-test/target/test-dir/MiniOzoneClusterImpl-c64d20cb-122d-47af-9bf2-d2da5c3556a3/datanode-5/data/ratis/1add0d25-0d86-4cb5-aaec-d714b16f4822 was interrupted, exiting. There are 0 tasks remaining in the queue.
2019-09-03 05:33:44,078 [main] INFO  segmented.SegmentedRaftLogWorker (SegmentedRaftLogWorker.java:close(228)) - fb4443fd-5719-4a39-bdba-b2bf0c721de4-SegmentedRaftLogWorker:Storage Directory /workdir/hadoop-ozone/integration-test/target/test-dir/MiniOzoneClusterImpl-c64d20cb-122d-47af-9bf2-d2da5c3556a3/datanode-5/data/ratis/1add0d25-0d86-4cb5-aaec-d714b16f4822 close()
2019-09-03 05:33:44,080 [main] INFO  server.GrpcService (GrpcService.java:closeImpl(155)) - fb4443fd-5719-4a39-bdba-b2bf0c721de4: shutdown server with port 41139 now
2019-09-03 05:33:44,081 [main] INFO  server.GrpcService (GrpcService.java:closeImpl(163)) - fb4443fd-5719-4a39-bdba-b2bf0c721de4: shutdown server with port 41139 successfully
2019-09-03 05:33:44,087 [refreshUsed-/workdir/hadoop-ozone/integration-test/target/test-dir/MiniOzoneClusterImpl-c64d20cb-122d-47af-9bf2-d2da5c3556a3/datanode-5/data/containers] WARN  fs.CachingGetSpaceUsed (CachingGetSpaceUsed.java:run(183)) - Thread Interrupted waiting to refresh disk information: sleep interrupted
2019-09-03 05:33:44,088 [StateMachineUpdater:3e2fd577-5016-4c18-a24a-a8dfce2a89c9:group-253DF9CF2DCA] INFO  ratis.ContainerStateMachine (ContainerStateMachine.java:takeSnapshot(295)) - group-253DF9CF2DCA: Finished taking a snapshot at:(t:4, i:13) file:/workdir/hadoop-ozone/integration-test/target/test-dir/MiniOzoneClusterImpl-c64d20cb-122d-47af-9bf2-d2da5c3556a3/datanode-0/data/ratis/57bec98f-3362-41f4-9e01-253df9cf2dca/sm/snapshot.4_13 time:16
2019-09-03 05:33:44,088 [StateMachineUpdater:3e2fd577-5016-4c18-a24a-a8dfce2a89c9:group-253DF9CF2DCA] INFO  impl.StateMachineUpdater (StateMachineUpdater.java:takeSnapshot(242)) - StateMachineUpdater:3e2fd577-5016-4c18-a24a-a8dfce2a89c9:group-253DF9CF2DCA: Took a snapshot at index 13
2019-09-03 05:33:44,088 [StateMachineUpdater:3e2fd577-5016-4c18-a24a-a8dfce2a89c9:group-253DF9CF2DCA] INFO  impl.StateMachineUpdater (StateMachineUpdater.java:lambda$new$0(80)) - StateMachineUpdater:3e2fd577-5016-4c18-a24a-a8dfce2a89c9:group-253DF9CF2DCA: snapshotIndex: updateIncreasingly -1 -> 13
2019-09-03 05:33:44,089 [EventQueue-StaleNodeForStaleNodeHandler] INFO  node.StaleNodeHandler (StaleNodeHandler.java:onMessage(58)) - Datanode fb4443fd-5719-4a39-bdba-b2bf0c721de4{ip: 192.168.36.111, host: trunk-nightly-20190903-kd7j7-2804422064, networkLocation: /default-rack, certSerialId: null} moved to stale state. Finalizing its pipelines [PipelineID=5462a4e0-72fa-49a7-bd86-4e40e472b458, PipelineID=1add0d25-0d86-4cb5-aaec-d714b16f4822]
2019-09-03 05:33:44,089 [ForkJoinPool.commonPool-worker-1] INFO  impl.RaftServerImpl (ServerState.java:close(394)) - 3e2fd577-5016-4c18-a24a-a8dfce2a89c9:group-253DF9CF2DCA closes. The last applied log index is 15
2019-09-03 05:33:44,089 [EventQueue-StaleNodeForStaleNodeHandler] INFO  pipeline.SCMPipelineManager (SCMPipelineManager.java:finalizeAndDestroyPipeline(309)) - destroying pipeline:Pipeline[ Id: 5462a4e0-72fa-49a7-bd86-4e40e472b458, Nodes: 50dc8b30-d557-42ae-aab0-254bd5a1602a{ip: 192.168.36.111, host: trunk-nightly-20190903-kd7j7-2804422064, networkLocation: /default-rack, certSerialId: null}bdb17887-013a-4087-af28-f0cb81f209cd{ip: 192.168.36.111, host: trunk-nightly-20190903-kd7j7-2804422064, networkLocation: /default-rack, certSerialId: null}fb4443fd-5719-4a39-bdba-b2bf0c721de4{ip: 192.168.36.111, host: trunk-nightly-20190903-kd7j7-2804422064, networkLocation: /default-rack, certSerialId: null}, Type:RATIS, Factor:THREE, State:CLOSED]
2019-09-03 05:33:44,089 [3e2fd577-5016-4c18-a24a-a8dfce2a89c9-SegmentedRaftLogWorker:Storage Directory /workdir/hadoop-ozone/integration-test/target/test-dir/MiniOzoneClusterImpl-c64d20cb-122d-47af-9bf2-d2da5c3556a3/datanode-0/data/ratis/57bec98f-3362-41f4-9e01-253df9cf2dca] INFO  segmented.SegmentedRaftLogWorker (SegmentedRaftLogWorker.java:run(313)) - 3e2fd577-5016-4c18-a24a-a8dfce2a89c9-SegmentedRaftLogWorker:Storage Directory /workdir/hadoop-ozone/integration-test/target/test-dir/MiniOzoneClusterImpl-c64d20cb-122d-47af-9bf2-d2da5c3556a3/datanode-0/data/ratis/57bec98f-3362-41f4-9e01-253df9cf2dca was interrupted, exiting. There are 0 tasks remaining in the queue.
2019-09-03 05:33:44,089 [EventQueue-StaleNodeForStaleNodeHandler] INFO  pipeline.SCMPipelineManager (SCMPipelineManager.java:finalizeAndDestroyPipeline(309)) - destroying pipeline:Pipeline[ Id: 1add0d25-0d86-4cb5-aaec-d714b16f4822, Nodes: fb4443fd-5719-4a39-bdba-b2bf0c721de4{ip: 192.168.36.111, host: trunk-nightly-20190903-kd7j7-2804422064, networkLocation: /default-rack, certSerialId: null}, Type:RATIS, Factor:ONE, State:OPEN]
2019-09-03 05:33:44,091 [ForkJoinPool.commonPool-worker-1] INFO  segmented.SegmentedRaftLogWorker (SegmentedRaftLogWorker.java:close(228)) - 3e2fd577-5016-4c18-a24a-a8dfce2a89c9-SegmentedRaftLogWorker:Storage Directory /workdir/hadoop-ozone/integration-test/target/test-dir/MiniOzoneClusterImpl-c64d20cb-122d-47af-9bf2-d2da5c3556a3/datanode-0/data/ratis/57bec98f-3362-41f4-9e01-253df9cf2dca close()
2019-09-03 05:33:44,091 [EventQueue-StaleNodeForStaleNodeHandler] INFO  pipeline.PipelineStateManager (PipelineStateManager.java:finalizePipeline(123)) - Pipeline Pipeline[ Id: 1add0d25-0d86-4cb5-aaec-d714b16f4822, Nodes: fb4443fd-5719-4a39-bdba-b2bf0c721de4{ip: 192.168.36.111, host: trunk-nightly-20190903-kd7j7-2804422064, networkLocation: /default-rack, certSerialId: null}, Type:RATIS, Factor:ONE, State:CLOSED] moved to CLOSED state
2019-09-03 05:33:44,092 [ForkJoinPool.commonPool-worker-1] INFO  server.GrpcService (GrpcService.java:closeImpl(155)) - 3e2fd577-5016-4c18-a24a-a8dfce2a89c9: shutdown server with port 35956 now
2019-09-03 05:33:44,093 [grpc-default-executor-10] WARN  client.GrpcClientProtocolService (LogUtils.java:warn(134)) - 1-UnorderedRequestStreamObserver1: onError: org.apache.ratis.thirdparty.io.grpc.StatusRuntimeException: CANCELLED: cancelled before receiving half close
2019-09-03 05:33:44,095 [ForkJoinPool.commonPool-worker-1] INFO  server.GrpcService (GrpcService.java:closeImpl(163)) - 3e2fd577-5016-4c18-a24a-a8dfce2a89c9: shutdown server with port 35956 successfully
2019-09-03 05:33:44,096 [refreshUsed-/workdir/hadoop-ozone/integration-test/target/test-dir/MiniOzoneClusterImpl-c64d20cb-122d-47af-9bf2-d2da5c3556a3/datanode-0/data/containers] WARN  fs.CachingGetSpaceUsed (CachingGetSpaceUsed.java:run(183)) - Thread Interrupted waiting to refresh disk information: sleep interrupted
2019-09-03 05:33:44,107 [main] INFO  utils.BackgroundService (BackgroundService.java:shutdown(148)) - Shutting down service BlockDeletingService
2019-09-03 05:33:44,111 [main] INFO  statemachine.DatanodeStateMachine (DatanodeStateMachine.java:stopDaemon(395)) - Ozone container server stopped.
2019-09-03 05:33:44,112 [main] INFO  handler.ContextHandler (ContextHandler.java:doStop(910)) - Stopped o.e.j.w.WebAppContext@3e53c4ad{/,null,UNAVAILABLE}{/hddsDatanode}
2019-09-03 05:33:44,113 [main] INFO  server.AbstractConnector (AbstractConnector.java:doStop(318)) - Stopped ServerConnector@33eb0d4{HTTP/1.1,[http/1.1]}{0.0.0.0:0}
2019-09-03 05:33:44,113 [main] INFO  handler.ContextHandler (ContextHandler.java:doStop(910)) - Stopped o.e.j.s.ServletContextHandler@c568f91{/static,jar:file:/home/user/.m2/repository/org/apache/hadoop/hadoop-hdds-container-service/0.5.0-SNAPSHOT/hadoop-hdds-container-service-0.5.0-SNAPSHOT.jar!/webapps/static,UNAVAILABLE}
2019-09-03 05:33:44,114 [main] INFO  handler.ContextHandler (ContextHandler.java:doStop(910)) - Stopped o.e.j.s.ServletContextHandler@7f4a1cac{/logs,file:///workdir/hadoop-ozone/integration-test/target/log,UNAVAILABLE}
2019-09-03 05:33:44,116 [ForkJoinPool.commonPool-worker-1] INFO  utils.BackgroundService (BackgroundService.java:shutdown(148)) - Shutting down service BlockDeletingService
2019-09-03 05:33:44,119 [ForkJoinPool.commonPool-worker-1] INFO  statemachine.DatanodeStateMachine (DatanodeStateMachine.java:stopDaemon(395)) - Ozone container server stopped.
2019-09-03 05:33:44,122 [ForkJoinPool.commonPool-worker-1] INFO  handler.ContextHandler (ContextHandler.java:doStop(910)) - Stopped o.e.j.w.WebAppContext@6cbb7a7d{/,null,UNAVAILABLE}{/hddsDatanode}
2019-09-03 05:33:44,123 [ForkJoinPool.commonPool-worker-1] INFO  server.AbstractConnector (AbstractConnector.java:doStop(318)) - Stopped ServerConnector@cdb3c85{HTTP/1.1,[http/1.1]}{0.0.0.0:0}
2019-09-03 05:33:44,124 [ForkJoinPool.commonPool-worker-1] INFO  handler.ContextHandler (ContextHandler.java:doStop(910)) - Stopped o.e.j.s.ServletContextHandler@2589d787{/static,jar:file:/home/user/.m2/repository/org/apache/hadoop/hadoop-hdds-container-service/0.5.0-SNAPSHOT/hadoop-hdds-container-service-0.5.0-SNAPSHOT.jar!/webapps/static,UNAVAILABLE}
2019-09-03 05:33:44,125 [ForkJoinPool.commonPool-worker-1] INFO  handler.ContextHandler (ContextHandler.java:doStop(910)) - Stopped o.e.j.s.ServletContextHandler@8b13d91{/logs,file:///workdir/hadoop-ozone/integration-test/target/log,UNAVAILABLE}
2019-09-03 05:33:44,126 [main] INFO  ozone.MiniOzoneClusterImpl (MiniOzoneClusterImpl.java:stop(339)) - Stopping the StorageContainerManager
2019-09-03 05:33:44,126 [main] INFO  server.StorageContainerManager (StorageContainerManager.java:stop(797)) - Stopping Replication Manager Service.
2019-09-03 05:33:44,126 [main] INFO  container.ReplicationManager (ReplicationManager.java:stop(203)) - Stopping Replication Monitor Thread.
2019-09-03 05:33:44,126 [main] INFO  server.StorageContainerManager (StorageContainerManager.java:stop(804)) - Stopping Lease Manager of the command watchers
2019-09-03 05:33:44,126 [main] INFO  server.StorageContainerManager (StorageContainerManager.java:stop(811)) - Stopping datanode service RPC server
2019-09-03 05:33:44,126 [main] INFO  server.SCMDatanodeProtocolServer (SCMDatanodeProtocolServer.java:stop(367)) - Stopping the RPC server for DataNodes
2019-09-03 05:33:44,127 [main] INFO  ipc.Server (Server.java:stop(3082)) - Stopping server on 41717
2019-09-03 05:33:44,128 [IPC Server listener on 41717] INFO  ipc.Server (Server.java:run(1185)) - Stopping IPC Server listener on 41717
2019-09-03 05:33:44,130 [IPC Server Responder] INFO  ipc.Server (Server.java:run(1319)) - Stopping IPC Server Responder
2019-09-03 05:33:44,189 [SCM Heartbeat Processing Thread - 0] WARN  node.NodeStateManager (NodeStateManager.java:scheduleNextHealthCheck(646)) - Current Thread is interrupted, shutting down HB processing thread for Node Manager.
2019-09-03 05:33:44,189 [main] INFO  server.StorageContainerManager (StorageContainerManager.java:stop(819)) - Stopping block service RPC server
2019-09-03 05:33:44,189 [main] INFO  server.SCMBlockProtocolServer (SCMBlockProtocolServer.java:stop(155)) - Stopping the RPC server for Block Protocol
2019-09-03 05:33:44,190 [main] INFO  ipc.Server (Server.java:stop(3082)) - Stopping server on 39466
2019-09-03 05:33:44,191 [IPC Server listener on 39466] INFO  ipc.Server (Server.java:run(1185)) - Stopping IPC Server listener on 39466
2019-09-03 05:33:44,192 [main] INFO  server.StorageContainerManager (StorageContainerManager.java:stop(826)) - Stopping the StorageContainerLocationProtocol RPC server
2019-09-03 05:33:44,193 [IPC Server Responder] INFO  ipc.Server (Server.java:run(1319)) - Stopping IPC Server Responder
2019-09-03 05:33:44,193 [main] INFO  server.SCMClientProtocolServer (SCMClientProtocolServer.java:stop(159)) - Stopping the RPC server for Client Protocol
2019-09-03 05:33:44,193 [main] INFO  ipc.Server (Server.java:stop(3082)) - Stopping server on 34317
2019-09-03 05:33:44,196 [main] INFO  server.StorageContainerManager (StorageContainerManager.java:stop(833)) - Stopping Storage Container Manager HTTP server.
2019-09-03 05:33:44,196 [IPC Server Responder] INFO  ipc.Server (Server.java:run(1319)) - Stopping IPC Server Responder
2019-09-03 05:33:44,196 [IPC Server listener on 34317] INFO  ipc.Server (Server.java:run(1185)) - Stopping IPC Server listener on 34317
2019-09-03 05:33:44,198 [main] INFO  handler.ContextHandler (ContextHandler.java:doStop(910)) - Stopped o.e.j.w.WebAppContext@299b9851{/,null,UNAVAILABLE}{/scm}
2019-09-03 05:33:44,199 [main] INFO  server.AbstractConnector (AbstractConnector.java:doStop(318)) - Stopped ServerConnector@191a0351{HTTP/1.1,[http/1.1]}{0.0.0.0:0}
2019-09-03 05:33:44,199 [main] INFO  handler.ContextHandler (ContextHandler.java:doStop(910)) - Stopped o.e.j.s.ServletContextHandler@3e856100{/static,file:///workdir/hadoop-ozone/integration-test/target/test-classes/webapps/static,UNAVAILABLE}
2019-09-03 05:33:44,200 [main] INFO  handler.ContextHandler (ContextHandler.java:doStop(910)) - Stopped o.e.j.s.ServletContextHandler@2c1d57bc{/logs,file:///workdir/hadoop-ozone/integration-test/target/log,UNAVAILABLE}
2019-09-03 05:33:44,201 [main] INFO  server.StorageContainerManager (StorageContainerManager.java:stop(844)) - Stopping Block Manager Service.
2019-09-03 05:33:44,201 [main] INFO  utils.BackgroundService (BackgroundService.java:shutdown(148)) - Shutting down service SCMBlockDeletingService
2019-09-03 05:33:44,202 [main] INFO  utils.BackgroundService (BackgroundService.java:shutdown(148)) - Shutting down service SCMBlockDeletingService
2019-09-03 05:33:44,202 [main] INFO  server.StorageContainerManager (StorageContainerManager.java:stop(866)) - Stopping SCM Event Queue.
2019-09-03 05:33:44,206 [main] INFO  impl.MetricsSystemImpl (MetricsSystemImpl.java:stop(210)) - Stopping HddsDatanode metrics system...
2019-09-03 05:33:44,216 [main] INFO  impl.MetricsSystemImpl (MetricsSystemImpl.java:stop(216)) - HddsDatanode metrics system stopped.
]]></system-out>
  </testcase>
  <testcase name="testFailureWithPrimeSizedData" classname="org.apache.hadoop.ozone.client.rpc.TestBlockOutputStreamWithFailures" time="34.753"/>
  <testcase name="testWatchForCommitWithCloseContainerException" classname="org.apache.hadoop.ozone.client.rpc.TestBlockOutputStreamWithFailures" time="34.841"/>
  <testcase name="testExceptionDuringClose" classname="org.apache.hadoop.ozone.client.rpc.TestBlockOutputStreamWithFailures" time="33.456"/>
</testsuite>